<?xml version="1.0" encoding="UTF-8"?>
<testsuite name="com.dotcms.rendering.velocity.viewtools.content.util.ContentUtilsTest" tests="89" skipped="0" failures="0" errors="0" timestamp="2023-07-13T16:35:04" hostname="fv-az262-63" time="402.703">
  <properties/>
  <testcase name="whenTheTimeMachineDateIsNullAndPublishDateInFutureShouldNotReturnAnything" classname="com.dotcms.rendering.velocity.viewtools.content.util.ContentUtilsTest" time="3.466"/>
  <testcase name="test_find_multilingual_contentlet_getContentletSuccessfully" classname="com.dotcms.rendering.velocity.viewtools.content.util.ContentUtilsTest" time="1.628"/>
  <testcase name="whenTheTimeMachineDateAndPublishDateAreTomorrowShouldReturnOneContent" classname="com.dotcms.rendering.velocity.viewtools.content.util.ContentUtilsTest" time="2.651"/>
  <testcase name="testPullRelated[0: com.dotcms.rendering.velocity.viewtools.content.util.ContentUtilsTest$TestCase@624f74ca]" classname="com.dotcms.rendering.velocity.viewtools.content.util.ContentUtilsTest" time="4.488"/>
  <testcase name="testPullRelated[1: com.dotcms.rendering.velocity.viewtools.content.util.ContentUtilsTest$TestCase@1e29f00c]" classname="com.dotcms.rendering.velocity.viewtools.content.util.ContentUtilsTest" time="3.958"/>
  <testcase name="testPullRelated[2: com.dotcms.rendering.velocity.viewtools.content.util.ContentUtilsTest$TestCase@1346c5da]" classname="com.dotcms.rendering.velocity.viewtools.content.util.ContentUtilsTest" time="4.276"/>
  <testcase name="testPullRelated[3: com.dotcms.rendering.velocity.viewtools.content.util.ContentUtilsTest$TestCase@7e2a27c2]" classname="com.dotcms.rendering.velocity.viewtools.content.util.ContentUtilsTest" time="4.878"/>
  <testcase name="testPullRelated[4: com.dotcms.rendering.velocity.viewtools.content.util.ContentUtilsTest$TestCase@675ae5e9]" classname="com.dotcms.rendering.velocity.viewtools.content.util.ContentUtilsTest" time="3.115"/>
  <testcase name="testPullRelated[5: com.dotcms.rendering.velocity.viewtools.content.util.ContentUtilsTest$TestCase@3622c09e]" classname="com.dotcms.rendering.velocity.viewtools.content.util.ContentUtilsTest" time="3.837"/>
  <testcase name="testPullRelated[6: com.dotcms.rendering.velocity.viewtools.content.util.ContentUtilsTest$TestCase@13efbb95]" classname="com.dotcms.rendering.velocity.viewtools.content.util.ContentUtilsTest" time="3.233"/>
  <testcase name="testPullRelated[7: com.dotcms.rendering.velocity.viewtools.content.util.ContentUtilsTest$TestCase@3cd48a1d]" classname="com.dotcms.rendering.velocity.viewtools.content.util.ContentUtilsTest" time="3.065"/>
  <testcase name="testPullRelated[8: com.dotcms.rendering.velocity.viewtools.content.util.ContentUtilsTest$TestCase@c9145c3]" classname="com.dotcms.rendering.velocity.viewtools.content.util.ContentUtilsTest" time="3.868"/>
  <testcase name="testPullRelated[9: com.dotcms.rendering.velocity.viewtools.content.util.ContentUtilsTest$TestCase@2c9742ff]" classname="com.dotcms.rendering.velocity.viewtools.content.util.ContentUtilsTest" time="4.158"/>
  <testcase name="testPullRelated[10: com.dotcms.rendering.velocity.viewtools.content.util.ContentUtilsTest$TestCase@424a77eb]" classname="com.dotcms.rendering.velocity.viewtools.content.util.ContentUtilsTest" time="4.12"/>
  <testcase name="testPullRelated[11: com.dotcms.rendering.velocity.viewtools.content.util.ContentUtilsTest$TestCase@5ad699dd]" classname="com.dotcms.rendering.velocity.viewtools.content.util.ContentUtilsTest" time="4.228"/>
  <testcase name="testPullRelated[12: com.dotcms.rendering.velocity.viewtools.content.util.ContentUtilsTest$TestCase@5c6f7019]" classname="com.dotcms.rendering.velocity.viewtools.content.util.ContentUtilsTest" time="3.936"/>
  <testcase name="testPullRelated[13: com.dotcms.rendering.velocity.viewtools.content.util.ContentUtilsTest$TestCase@4af941d1]" classname="com.dotcms.rendering.velocity.viewtools.content.util.ContentUtilsTest" time="3.954"/>
  <testcase name="testPullRelated[14: com.dotcms.rendering.velocity.viewtools.content.util.ContentUtilsTest$TestCase@5b1d924a]" classname="com.dotcms.rendering.velocity.viewtools.content.util.ContentUtilsTest" time="3.441"/>
  <testcase name="testPullRelated[15: com.dotcms.rendering.velocity.viewtools.content.util.ContentUtilsTest$TestCase@35ebf085]" classname="com.dotcms.rendering.velocity.viewtools.content.util.ContentUtilsTest" time="4.075"/>
  <testcase name="testPullRelated[16: com.dotcms.rendering.velocity.viewtools.content.util.ContentUtilsTest$TestCase@1223b199]" classname="com.dotcms.rendering.velocity.viewtools.content.util.ContentUtilsTest" time="4.883"/>
  <testcase name="testPullRelated[17: com.dotcms.rendering.velocity.viewtools.content.util.ContentUtilsTest$TestCase@12549dc5]" classname="com.dotcms.rendering.velocity.viewtools.content.util.ContentUtilsTest" time="3.932"/>
  <testcase name="testPullRelated[18: com.dotcms.rendering.velocity.viewtools.content.util.ContentUtilsTest$TestCase@256cd207]" classname="com.dotcms.rendering.velocity.viewtools.content.util.ContentUtilsTest" time="4.036"/>
  <testcase name="testPullRelated[19: com.dotcms.rendering.velocity.viewtools.content.util.ContentUtilsTest$TestCase@4fe971f7]" classname="com.dotcms.rendering.velocity.viewtools.content.util.ContentUtilsTest" time="3.945"/>
  <testcase name="testPullRelated[20: com.dotcms.rendering.velocity.viewtools.content.util.ContentUtilsTest$TestCase@40c9aeea]" classname="com.dotcms.rendering.velocity.viewtools.content.util.ContentUtilsTest" time="4.185"/>
  <testcase name="testPullRelated[21: com.dotcms.rendering.velocity.viewtools.content.util.ContentUtilsTest$TestCase@76c5b983]" classname="com.dotcms.rendering.velocity.viewtools.content.util.ContentUtilsTest" time="2.919"/>
  <testcase name="testPullRelated[22: com.dotcms.rendering.velocity.viewtools.content.util.ContentUtilsTest$TestCase@35faa1b6]" classname="com.dotcms.rendering.velocity.viewtools.content.util.ContentUtilsTest" time="4.361"/>
  <testcase name="testPullRelated[23: com.dotcms.rendering.velocity.viewtools.content.util.ContentUtilsTest$TestCase@31981837]" classname="com.dotcms.rendering.velocity.viewtools.content.util.ContentUtilsTest" time="4.162"/>
  <testcase name="testPullRelated[24: com.dotcms.rendering.velocity.viewtools.content.util.ContentUtilsTest$TestCase@3cab4e10]" classname="com.dotcms.rendering.velocity.viewtools.content.util.ContentUtilsTest" time="3.76"/>
  <testcase name="testPullRelated[25: com.dotcms.rendering.velocity.viewtools.content.util.ContentUtilsTest$TestCase@67f9e1a7]" classname="com.dotcms.rendering.velocity.viewtools.content.util.ContentUtilsTest" time="4.23"/>
  <testcase name="testPullRelated[26: com.dotcms.rendering.velocity.viewtools.content.util.ContentUtilsTest$TestCase@76e0bff]" classname="com.dotcms.rendering.velocity.viewtools.content.util.ContentUtilsTest" time="3.03"/>
  <testcase name="testPullRelated[27: com.dotcms.rendering.velocity.viewtools.content.util.ContentUtilsTest$TestCase@7646f285]" classname="com.dotcms.rendering.velocity.viewtools.content.util.ContentUtilsTest" time="4.226"/>
  <testcase name="testPullRelated[28: com.dotcms.rendering.velocity.viewtools.content.util.ContentUtilsTest$TestCase@10fbe993]" classname="com.dotcms.rendering.velocity.viewtools.content.util.ContentUtilsTest" time="4.138"/>
  <testcase name="testPullRelated[29: com.dotcms.rendering.velocity.viewtools.content.util.ContentUtilsTest$TestCase@38a7c6f2]" classname="com.dotcms.rendering.velocity.viewtools.content.util.ContentUtilsTest" time="3.779"/>
  <testcase name="testPullRelated[30: com.dotcms.rendering.velocity.viewtools.content.util.ContentUtilsTest$TestCase@4fe113ea]" classname="com.dotcms.rendering.velocity.viewtools.content.util.ContentUtilsTest" time="3.42"/>
  <testcase name="testPullRelated[31: com.dotcms.rendering.velocity.viewtools.content.util.ContentUtilsTest$TestCase@e720249]" classname="com.dotcms.rendering.velocity.viewtools.content.util.ContentUtilsTest" time="2.907"/>
  <testcase name="testPullRelated[32: com.dotcms.rendering.velocity.viewtools.content.util.ContentUtilsTest$TestCase@410ad565]" classname="com.dotcms.rendering.velocity.viewtools.content.util.ContentUtilsTest" time="3.917"/>
  <testcase name="testPullRelated[33: com.dotcms.rendering.velocity.viewtools.content.util.ContentUtilsTest$TestCase@471c1be0]" classname="com.dotcms.rendering.velocity.viewtools.content.util.ContentUtilsTest" time="4.002"/>
  <testcase name="testPullRelated[34: com.dotcms.rendering.velocity.viewtools.content.util.ContentUtilsTest$TestCase@a53eaa]" classname="com.dotcms.rendering.velocity.viewtools.content.util.ContentUtilsTest" time="4.188"/>
  <testcase name="testPullRelated[35: com.dotcms.rendering.velocity.viewtools.content.util.ContentUtilsTest$TestCase@1edb14bd]" classname="com.dotcms.rendering.velocity.viewtools.content.util.ContentUtilsTest" time="3.151"/>
  <testcase name="testPullRelated[36: com.dotcms.rendering.velocity.viewtools.content.util.ContentUtilsTest$TestCase@96d4bfe]" classname="com.dotcms.rendering.velocity.viewtools.content.util.ContentUtilsTest" time="6.189"/>
  <testcase name="testPullRelated[37: com.dotcms.rendering.velocity.viewtools.content.util.ContentUtilsTest$TestCase@2e899228]" classname="com.dotcms.rendering.velocity.viewtools.content.util.ContentUtilsTest" time="5.843"/>
  <testcase name="testPullRelated[38: com.dotcms.rendering.velocity.viewtools.content.util.ContentUtilsTest$TestCase@7f0a93d]" classname="com.dotcms.rendering.velocity.viewtools.content.util.ContentUtilsTest" time="6.605"/>
  <testcase name="testPullRelated[39: com.dotcms.rendering.velocity.viewtools.content.util.ContentUtilsTest$TestCase@41482b82]" classname="com.dotcms.rendering.velocity.viewtools.content.util.ContentUtilsTest" time="5.216"/>
  <testcase name="testPullRelated[40: com.dotcms.rendering.velocity.viewtools.content.util.ContentUtilsTest$TestCase@2219baee]" classname="com.dotcms.rendering.velocity.viewtools.content.util.ContentUtilsTest" time="5.839"/>
  <testcase name="testPullRelated[41: com.dotcms.rendering.velocity.viewtools.content.util.ContentUtilsTest$TestCase@40636457]" classname="com.dotcms.rendering.velocity.viewtools.content.util.ContentUtilsTest" time="6.152"/>
  <testcase name="testPullRelated[42: com.dotcms.rendering.velocity.viewtools.content.util.ContentUtilsTest$TestCase@42588427]" classname="com.dotcms.rendering.velocity.viewtools.content.util.ContentUtilsTest" time="6.307"/>
  <testcase name="testPullRelated[43: com.dotcms.rendering.velocity.viewtools.content.util.ContentUtilsTest$TestCase@42cca3d5]" classname="com.dotcms.rendering.velocity.viewtools.content.util.ContentUtilsTest" time="5.067"/>
  <testcase name="testPullRelated[44: com.dotcms.rendering.velocity.viewtools.content.util.ContentUtilsTest$TestCase@2d6dbfa8]" classname="com.dotcms.rendering.velocity.viewtools.content.util.ContentUtilsTest" time="5.984"/>
  <testcase name="testPullRelated[45: com.dotcms.rendering.velocity.viewtools.content.util.ContentUtilsTest$TestCase@76f7378e]" classname="com.dotcms.rendering.velocity.viewtools.content.util.ContentUtilsTest" time="6.024"/>
  <testcase name="testPullRelated[46: com.dotcms.rendering.velocity.viewtools.content.util.ContentUtilsTest$TestCase@7008fccb]" classname="com.dotcms.rendering.velocity.viewtools.content.util.ContentUtilsTest" time="5.54"/>
  <testcase name="testPullRelated[47: com.dotcms.rendering.velocity.viewtools.content.util.ContentUtilsTest$TestCase@577d3b14]" classname="com.dotcms.rendering.velocity.viewtools.content.util.ContentUtilsTest" time="6.797"/>
  <testcase name="testPullRelated[48: com.dotcms.rendering.velocity.viewtools.content.util.ContentUtilsTest$TestCase@172d5eac]" classname="com.dotcms.rendering.velocity.viewtools.content.util.ContentUtilsTest" time="6.327"/>
  <testcase name="testPullRelated[49: com.dotcms.rendering.velocity.viewtools.content.util.ContentUtilsTest$TestCase@58a94080]" classname="com.dotcms.rendering.velocity.viewtools.content.util.ContentUtilsTest" time="5.826"/>
  <testcase name="testPullRelated[50: com.dotcms.rendering.velocity.viewtools.content.util.ContentUtilsTest$TestCase@6ff001fa]" classname="com.dotcms.rendering.velocity.viewtools.content.util.ContentUtilsTest" time="6.425"/>
  <testcase name="testPullRelated[51: com.dotcms.rendering.velocity.viewtools.content.util.ContentUtilsTest$TestCase@51eb228b]" classname="com.dotcms.rendering.velocity.viewtools.content.util.ContentUtilsTest" time="5.949"/>
  <testcase name="testPullRelated[52: com.dotcms.rendering.velocity.viewtools.content.util.ContentUtilsTest$TestCase@2ccece24]" classname="com.dotcms.rendering.velocity.viewtools.content.util.ContentUtilsTest" time="6.233"/>
  <testcase name="testPullRelated[53: com.dotcms.rendering.velocity.viewtools.content.util.ContentUtilsTest$TestCase@3e71367d]" classname="com.dotcms.rendering.velocity.viewtools.content.util.ContentUtilsTest" time="4.829"/>
  <testcase name="testPullRelated[54: com.dotcms.rendering.velocity.viewtools.content.util.ContentUtilsTest$TestCase@51e10f98]" classname="com.dotcms.rendering.velocity.viewtools.content.util.ContentUtilsTest" time="6.301"/>
  <testcase name="testPullRelated[55: com.dotcms.rendering.velocity.viewtools.content.util.ContentUtilsTest$TestCase@59169055]" classname="com.dotcms.rendering.velocity.viewtools.content.util.ContentUtilsTest" time="6.205"/>
  <testcase name="testPullRelated[56: com.dotcms.rendering.velocity.viewtools.content.util.ContentUtilsTest$TestCase@373dabd]" classname="com.dotcms.rendering.velocity.viewtools.content.util.ContentUtilsTest" time="5.932"/>
  <testcase name="testPullRelated[57: com.dotcms.rendering.velocity.viewtools.content.util.ContentUtilsTest$TestCase@3486c670]" classname="com.dotcms.rendering.velocity.viewtools.content.util.ContentUtilsTest" time="6.005"/>
  <testcase name="testPullRelated[58: com.dotcms.rendering.velocity.viewtools.content.util.ContentUtilsTest$TestCase@6dc292b7]" classname="com.dotcms.rendering.velocity.viewtools.content.util.ContentUtilsTest" time="6.395"/>
  <testcase name="testPullRelated[59: com.dotcms.rendering.velocity.viewtools.content.util.ContentUtilsTest$TestCase@3b2362]" classname="com.dotcms.rendering.velocity.viewtools.content.util.ContentUtilsTest" time="6.071"/>
  <testcase name="testPullRelated[60: com.dotcms.rendering.velocity.viewtools.content.util.ContentUtilsTest$TestCase@1d00a7ea]" classname="com.dotcms.rendering.velocity.viewtools.content.util.ContentUtilsTest" time="5.883"/>
  <testcase name="testPullRelated[61: com.dotcms.rendering.velocity.viewtools.content.util.ContentUtilsTest$TestCase@1fb7577c]" classname="com.dotcms.rendering.velocity.viewtools.content.util.ContentUtilsTest" time="6.17"/>
  <testcase name="testPullRelated[62: com.dotcms.rendering.velocity.viewtools.content.util.ContentUtilsTest$TestCase@66192917]" classname="com.dotcms.rendering.velocity.viewtools.content.util.ContentUtilsTest" time="6.224"/>
  <testcase name="testPullRelated[63: com.dotcms.rendering.velocity.viewtools.content.util.ContentUtilsTest$TestCase@3f602685]" classname="com.dotcms.rendering.velocity.viewtools.content.util.ContentUtilsTest" time="5.998"/>
  <testcase name="testPullRelated[64: com.dotcms.rendering.velocity.viewtools.content.util.ContentUtilsTest$TestCase@2747f974]" classname="com.dotcms.rendering.velocity.viewtools.content.util.ContentUtilsTest" time="6.198"/>
  <testcase name="testPullRelated[65: com.dotcms.rendering.velocity.viewtools.content.util.ContentUtilsTest$TestCase@2ee5657]" classname="com.dotcms.rendering.velocity.viewtools.content.util.ContentUtilsTest" time="6.064"/>
  <testcase name="testPullRelated[66: com.dotcms.rendering.velocity.viewtools.content.util.ContentUtilsTest$TestCase@2d90968c]" classname="com.dotcms.rendering.velocity.viewtools.content.util.ContentUtilsTest" time="6.132"/>
  <testcase name="testPullRelated[67: com.dotcms.rendering.velocity.viewtools.content.util.ContentUtilsTest$TestCase@137ac9b5]" classname="com.dotcms.rendering.velocity.viewtools.content.util.ContentUtilsTest" time="6.146"/>
  <testcase name="testPullRelated[68: com.dotcms.rendering.velocity.viewtools.content.util.ContentUtilsTest$TestCase@b6e0ef7]" classname="com.dotcms.rendering.velocity.viewtools.content.util.ContentUtilsTest" time="5.187"/>
  <testcase name="testPullRelated[69: com.dotcms.rendering.velocity.viewtools.content.util.ContentUtilsTest$TestCase@7b42bd23]" classname="com.dotcms.rendering.velocity.viewtools.content.util.ContentUtilsTest" time="5.028"/>
  <testcase name="testPullRelated[70: com.dotcms.rendering.velocity.viewtools.content.util.ContentUtilsTest$TestCase@52cf6031]" classname="com.dotcms.rendering.velocity.viewtools.content.util.ContentUtilsTest" time="5.215"/>
  <testcase name="testPullRelated[71: com.dotcms.rendering.velocity.viewtools.content.util.ContentUtilsTest$TestCase@17bd2cbc]" classname="com.dotcms.rendering.velocity.viewtools.content.util.ContentUtilsTest" time="4.981"/>
  <testcase name="whenPublishAndExpireDatesAreInTheFutureAndTimeMachineIsAfterBoth" classname="com.dotcms.rendering.velocity.viewtools.content.util.ContentUtilsTest" time="3.491"/>
  <testcase name="testPullRelatedForLegacyRelationship[0: com.dotcms.rendering.velocity.viewtools.content.util.ContentUtilsTest$LegacyTestCase@6cdf910a]" classname="com.dotcms.rendering.velocity.viewtools.content.util.ContentUtilsTest" time="3.218"/>
  <testcase name="testPullRelatedForLegacyRelationship[1: com.dotcms.rendering.velocity.viewtools.content.util.ContentUtilsTest$LegacyTestCase@21a8217]" classname="com.dotcms.rendering.velocity.viewtools.content.util.ContentUtilsTest" time="4.177"/>
  <testcase name="whenTheTimeMachineDateIsAfterTomorrowAndExpireDateIsTomorrowShouldNotReturnContent" classname="com.dotcms.rendering.velocity.viewtools.content.util.ContentUtilsTest" time="3.435"/>
  <testcase name="testPullLiveRelatedWhenLatestVersionIsWorking" classname="com.dotcms.rendering.velocity.viewtools.content.util.ContentUtilsTest" time="4.278"/>
  <testcase name="test_add_relationships_on_parent_children_related_contents" classname="com.dotcms.rendering.velocity.viewtools.content.util.ContentUtilsTest" time="1.663"/>
  <testcase name="testSortPullRelated[0: com.dotcms.rendering.velocity.viewtools.content.util.ContentUtilsTest$SortTestCase@2b7db48d]" classname="com.dotcms.rendering.velocity.viewtools.content.util.ContentUtilsTest" time="2.061"/>
  <testcase name="testSortPullRelated[1: com.dotcms.rendering.velocity.viewtools.content.util.ContentUtilsTest$SortTestCase@55dba592]" classname="com.dotcms.rendering.velocity.viewtools.content.util.ContentUtilsTest" time="2.047"/>
  <testcase name="testSortPullRelated[2: com.dotcms.rendering.velocity.viewtools.content.util.ContentUtilsTest$SortTestCase@459c39e2]" classname="com.dotcms.rendering.velocity.viewtools.content.util.ContentUtilsTest" time="2.139"/>
  <testcase name="testSortPullRelated[3: com.dotcms.rendering.velocity.viewtools.content.util.ContentUtilsTest$SortTestCase@13c0017c]" classname="com.dotcms.rendering.velocity.viewtools.content.util.ContentUtilsTest" time="3.39"/>
  <testcase name="testSortPullRelated[4: com.dotcms.rendering.velocity.viewtools.content.util.ContentUtilsTest$SortTestCase@55df0655]" classname="com.dotcms.rendering.velocity.viewtools.content.util.ContentUtilsTest" time="3.112"/>
  <testcase name="testSortPullRelated[5: com.dotcms.rendering.velocity.viewtools.content.util.ContentUtilsTest$SortTestCase@5da0de49]" classname="com.dotcms.rendering.velocity.viewtools.content.util.ContentUtilsTest" time="3.346"/>
  <testcase name="whenTheTimeMachineDateIsAfterTomorrowAndExpireDateIsInFutureShouldReturnContent" classname="com.dotcms.rendering.velocity.viewtools.content.util.ContentUtilsTest" time="3.417"/>
  <testcase name="testPullRelatedFieldShouldRespectDefaultOrder" classname="com.dotcms.rendering.velocity.viewtools.content.util.ContentUtilsTest" time="2.093"/>
  <system-out><![CDATA[]]></system-out>
  <system-err><![CDATA[]]></system-err>
</testsuite>
