<?xml version="1.0" encoding="UTF-8"?>
<testsuite name="com.dotmarketing.business.DeterministicIdentifierAPITest" tests="16" skipped="0" failures="0" errors="0" timestamp="2023-06-28T17:47:57" hostname="fv-az612-299" time="0.788">
  <properties/>
  <testcase name="Test_Category_Path_Seed_And_Id" classname="com.dotmarketing.business.DeterministicIdentifierAPITest" time="0.02"/>
  <testcase name="Test_Language_Deterministic_Id[0: LanguageTestCase{expectedSeed='Language:es:US', expectedHash=4913155, langCode='es', countryCode='US', country='United States'}]" classname="com.dotmarketing.business.DeterministicIdentifierAPITest" time="0.001"/>
  <testcase name="Test_Language_Deterministic_Id[1: LanguageTestCase{expectedSeed='Language:ep:', expectedHash=5292269, langCode='ep', countryCode='', country=''}]" classname="com.dotmarketing.business.DeterministicIdentifierAPITest" time="0.001"/>
  <testcase name="Test_Language_Deterministic_Id[2: LanguageTestCase{expectedSeed='Language:sg:SAG', expectedHash=4713118, langCode='sg', countryCode='SAG', country=''}]" classname="com.dotmarketing.business.DeterministicIdentifierAPITest" time="0.0"/>
  <testcase name="Test_Language_Deterministic_Id[3: LanguageTestCase{expectedSeed='Language:en:NZ', expectedHash=5382528, langCode='en', countryCode='NZ', country='New Zealand'}]" classname="com.dotmarketing.business.DeterministicIdentifierAPITest" time="0.0"/>
  <testcase name="Test_Category_None_Persisted_Category_Should_Return_Deterministic_Id" classname="com.dotmarketing.business.DeterministicIdentifierAPITest" time="0.001"/>
  <testcase name="Test_Asset_Generate_Deterministic_Id_Best_Effort[0: TestCase{versionable=my.host1687974094723.com, parent=System Host, expectedName='my.host1687974094723.com', expectedType='Host'}]" classname="com.dotmarketing.business.DeterministicIdentifierAPITest" time="0.002"/>
  <testcase name="Test_Asset_Generate_Deterministic_Id_Best_Effort[1: TestCase{versionable=com.dotmarketing.portlets.contentlet.model.Contentlet@50e8a758[map={modDate=2023-06-28 17:41:35.534, fileName=file13383565774972359676.txt, title=file13383565774972359676.txt, inode=75af69ab-1081-47ae-97d1-78cb7c5d9036, __IS_NEW_CONTENT__=true, disabledWYSIWYG=[], host=e3ba328d-0382-4591-966b-e5e985729992, stInode=33888b6f-7a8e-4069-b1b6-5c1aa9d0a48d, owner=system, identifier=a18bd962-2fd7-49fe-926e-dc2a170fd0ad, nullProperties=[wfExpireDate, wfPublishDate, wfActionAssign, wfActionId, wfActionComments, filterKey, whereToSend, wfNeverExpire, _path_to_move, timezoneId, iWantTo, wfPublishTime, wfExpireTime], languageId=1, fileAsset=/home/runner/work/core/custom/assets/7/5/75af69ab-1081-47ae-97d1-78cb7c5d9036/fileAsset/file13383565774972359676.txt, folder=fd1f5302-6d46-4a50-a2da-473c24ff211c, __disable_workflow__=true, sortOrder=0, modUser=system},lowIndexPriority=false,variantId=DEFAULT], parent=com.dotmarketing.portlets.folders.model.Folder@78ea33fb[identifier=fd1f5302-6d46-4a50-a2da-473c24ff211c,name=testName1687974095528,sortOrder=0,showOnMenu=false,hostId=e3ba328d-0382-4591-966b-e5e985729992,type=folder,title=testTitle1687974095528,filesMasks=,defaultFileType=33888b6f-7a8e-4069-b1b6-5c1aa9d0a48d,modDate=2023-06-28 17:41:35.53,owner=&lt;null&gt;,iDate=2023-06-28 17:41:35.53,inode=fd1f5302-6d46-4a50-a2da-473c24ff211c,path=/testName1687974095528/], expectedName='file13383565774972359676.txt', expectedType='FileAsset'}]" classname="com.dotmarketing.business.DeterministicIdentifierAPITest" time="0.003"/>
  <testcase name="Test_Asset_Generate_Deterministic_Id_Best_Effort[2: TestCase{versionable=com.dotmarketing.portlets.templates.model.Template@a9ee46aa, parent=my.host1687974094723.com, expectedName='testTitle1687974095647', expectedType='Template'}]" classname="com.dotmarketing.business.DeterministicIdentifierAPITest" time="0.002"/>
  <testcase name="Test_Asset_Generate_Deterministic_Id_Best_Effort[3: TestCase{versionable=com.dotmarketing.portlets.htmlpageasset.model.HTMLPageAsset@68af8792[map={template=a4858dc5-a85c-4576-9a6c-91e284fecacf, owner=system, identifier=deb88240-fea3-4b18-83b2-d21bf72811ec, nullProperties=[wfExpireDate, wfPublishDate, wfActionAssign, wfActionId, wfActionComments, filterKey, whereToSend, wfNeverExpire, _path_to_move, timezoneId, iWantTo, wfPublishTime, wfExpireTime], modDate=2023-06-28 17:41:35.661, cachettl=0, _is_test_mode=true, languageId=1, title=test-page-title-1687974095656, httpsreq=, url=test-page-url-1687974095656, showOnMenu=, inode=1e8f7ce5-466a-439b-a7d5-61d2f6524c2b, folder=fd1f5302-6d46-4a50-a2da-473c24ff211c, disabledWYSIWYG=[], sortOrder=1, modUser=system, host=e3ba328d-0382-4591-966b-e5e985729992, stInode=c541abb1-69b3-4bc5-8430-5e09e5239cc8, friendlyName=test-page-friendly-name-1687974095656},lowIndexPriority=false,variantId=DEFAULT], parent=com.dotmarketing.portlets.folders.model.Folder@78ea33fb[identifier=fd1f5302-6d46-4a50-a2da-473c24ff211c,name=testName1687974095528,sortOrder=0,showOnMenu=false,hostId=e3ba328d-0382-4591-966b-e5e985729992,type=folder,title=testTitle1687974095528,filesMasks=,defaultFileType=33888b6f-7a8e-4069-b1b6-5c1aa9d0a48d,modDate=2023-06-28 17:41:35.53,owner=&lt;null&gt;,iDate=2023-06-28 17:41:35.53,inode=fd1f5302-6d46-4a50-a2da-473c24ff211c,path=/testName1687974095528/], expectedName='test-page-url-1687974095656', expectedType='htmlpageasset'}]" classname="com.dotmarketing.business.DeterministicIdentifierAPITest" time="0.002"/>
  <testcase name="Test_Asset_Generate_Deterministic_Id_Best_Effort[4: TestCase{versionable=com.dotmarketing.portlets.contentlet.model.Contentlet@d2a40a3[map={fileAsset2=/home/runner/work/core/custom/assets/e/f/ef80d45f-eb3c-4256-8473-b16703f06eae/fileAsset2/test_binary1687974096516.png, modDate=2023-06-28 17:41:36.52, fileAsset1=/home/runner/work/core/custom/assets/e/f/ef80d45f-eb3c-4256-8473-b16703f06eae/fileAsset1/test_binary1687974096516.jpg, title=blah, inode=ef80d45f-eb3c-4256-8473-b16703f06eae, __IS_NEW_CONTENT__=true, disabledWYSIWYG=[], host=48190c8c-42c4-46af-8d1a-0cd5db894797, stInode=cee6957c-6f4b-4846-9f0b-f03ba6444c54, owner=system, identifier=dd318492-8577-44a3-9a94-f674e49cc35e, nullProperties=[], languageId=1, image1=21b88629-1d0b-40f4-a8c2-95dc1d311266, folder=SYSTEM_FOLDER, __disable_workflow__=true, sortOrder=0, modUser=system},lowIndexPriority=false,variantId=DEFAULT], parent=demo.dotcms.com, expectedName='test_binary1687974096516.jpg:test_binary1687974096516.png', expectedType='MultipleBinaries1687974095867'}]" classname="com.dotmarketing.business.DeterministicIdentifierAPITest" time="0.003"/>
  <testcase name="Test_Asset_Generate_Deterministic_Id_Best_Effort[5: TestCase{versionable=name77a1362ed9 : keyTag77a1362ed9, parent=my.host1687974094723.com, expectedName='keyTag77a1362ed9', expectedType='persona'}]" classname="com.dotmarketing.business.DeterministicIdentifierAPITest" time="0.004"/>
  <testcase name="Test_Similar_Content_Type_Wont_Clash" classname="com.dotmarketing.business.DeterministicIdentifierAPITest" time="0.388"/>
  <testcase name="Test_Generate_Folder_Identifier" classname="com.dotmarketing.business.DeterministicIdentifierAPITest" time="0.351"/>
  <testcase name="Test_Generate_Content_Type_Identifier[0: ContentTypeTestCase{contentType=KeyValueContentType{name=Language Variable, id=f4d7c1b8-2c88-4071-abf1-a5328977b07d, description=Default Content Type for Language Variables, defaultType=false, fixed=true, iDate=Thu Aug 31 16:38:49 UTC 2017, system=true, versionable=true, variable=Languagevariable, modDate=Wed Jun 28 16:39:52 UTC 2023, host=SYSTEM_HOST, siteName=systemHost, icon=language, sortOrder=0, folder=SYSTEM_FOLDER, folderPath=/, markedForDeletion=true, multilingualable=false}, expectedName='Languagevariable', expectedType='KeyValue'}]" classname="com.dotmarketing.business.DeterministicIdentifierAPITest" time="0.004"/>
  <testcase name="Test_Generate_Content_Type_Identifier[1: ContentTypeTestCase{contentType=SimpleContentType{name=testName1687974096844, id=335094a5-e86f-4273-bd48-0bf5ef757a66, description=testDescription1687974096844, defaultType=false, fixed=false, iDate=Wed Jun 28 17:41:36 UTC 2023, system=false, versionable=true, multilingualable=false, variable=testVarname1687974096844, owner=system, modDate=Wed Jun 28 17:41:37 UTC 2023, host=48190c8c-42c4-46af-8d1a-0cd5db894797, siteName=demo.dotcms.com, icon=event_note, sortOrder=0, folder=SYSTEM_FOLDER, folderPath=/, requiredFields=[], markedForDeletion=false}, expectedName='testVarname1687974096844', expectedType='CONTENT'}]" classname="com.dotmarketing.business.DeterministicIdentifierAPITest" time="0.003"/>
  <system-out><![CDATA[]]></system-out>
  <system-err><![CDATA[]]></system-err>
</testsuite>
