<?xml version="1.0" encoding="UTF-8"?>
<testsuite name="com.dotcms.rest.elasticsearch.ESContentResourcePortletTest" tests="8" skipped="0" failures="0" errors="0" timestamp="2023-07-06T21:28:17" hostname="fv-az1234-650" time="7.143">
  <properties/>
  <testcase name="test_search_includeGrandChildCategory_success" classname="com.dotcms.rest.elasticsearch.ESContentResourcePortletTest" time="1.406"/>
  <testcase name="testSearch[0: com.dotcms.rest.elasticsearch.ESContentResourcePortletTest$TestCase@74f7ca5e]" classname="com.dotcms.rest.elasticsearch.ESContentResourcePortletTest" time="0.977"/>
  <testcase name="testSearch[1: com.dotcms.rest.elasticsearch.ESContentResourcePortletTest$TestCase@27789b17]" classname="com.dotcms.rest.elasticsearch.ESContentResourcePortletTest" time="0.26"/>
  <testcase name="testSearch[2: com.dotcms.rest.elasticsearch.ESContentResourcePortletTest$TestCase@4622a541]" classname="com.dotcms.rest.elasticsearch.ESContentResourcePortletTest" time="1.019"/>
  <testcase name="testSearch[3: com.dotcms.rest.elasticsearch.ESContentResourcePortletTest$TestCase@1f291e49]" classname="com.dotcms.rest.elasticsearch.ESContentResourcePortletTest" time="1.244"/>
  <testcase name="testSearch[4: com.dotcms.rest.elasticsearch.ESContentResourcePortletTest$TestCase@55c682c8]" classname="com.dotcms.rest.elasticsearch.ESContentResourcePortletTest" time="0.231"/>
  <testcase name="testSearch[5: com.dotcms.rest.elasticsearch.ESContentResourcePortletTest$TestCase@36850b44]" classname="com.dotcms.rest.elasticsearch.ESContentResourcePortletTest" time="1.046"/>
  <testcase name="testSearch[6: com.dotcms.rest.elasticsearch.ESContentResourcePortletTest$TestCase@65deb878]" classname="com.dotcms.rest.elasticsearch.ESContentResourcePortletTest" time="0.958"/>
  <system-out><![CDATA[]]></system-out>
  <system-err><![CDATA[]]></system-err>
</testsuite>
