<?xml version="1.0" encoding="UTF-8"?>
<testsuite name="com.dotmarketing.image.focalpoint.FocalPointAPITest" tests="5" skipped="0" failures="0" errors="0" timestamp="2023-06-28T04:13:32" hostname="fv-az255-852" time="1.797">
  <properties/>
  <testcase name="Test_Parsing_a_Focal_Point_From_String" classname="com.dotmarketing.image.focalpoint.FocalPointAPITest" time="0.006"/>
  <testcase name="Test_Write_Focal_Point_From_Temp_Asset_Id" classname="com.dotmarketing.image.focalpoint.FocalPointAPITest" time="0.75"/>
  <testcase name="Test_Reading_and_Writing_From_FocalPoint_For_Given_Conentlet" classname="com.dotmarketing.image.focalpoint.FocalPointAPITest" time="1.023"/>
  <testcase name="Test_Reading_a_Focal_Point_From_Params" classname="com.dotmarketing.image.focalpoint.FocalPointAPITest" time="0.002"/>
  <testcase name="Test_When_No_Focal_Point" classname="com.dotmarketing.image.focalpoint.FocalPointAPITest" time="0.015"/>
  <system-out><![CDATA[]]></system-out>
  <system-err><![CDATA[]]></system-err>
</testsuite>
