<?xml version="1.0" encoding="UTF-8"?>
<testsuite name="com.dotcms.util.pagination.ContentTypesPaginatorTest" tests="10" skipped="0" failures="0" errors="0" timestamp="2023-06-30T21:41:04" hostname="fv-az162-235" time="0.99">
  <properties/>
  <testcase name="getPaginatedAllowedContentTypesOrderedByName" classname="com.dotcms.util.pagination.ContentTypesPaginatorTest" time="0.068"/>
  <testcase name="test_getItems_WhenFilterEqualsToBaseType_ReturnsAllRelatedContentTypes" classname="com.dotcms.util.pagination.ContentTypesPaginatorTest" time="0.022"/>
  <testcase name="getAllAllowedContentTypesOrderedByName" classname="com.dotcms.util.pagination.ContentTypesPaginatorTest" time="0.043"/>
  <testcase name="test_getItems_WhenFilterContainsContentTypeName_ReturnsTheContentTypeThatMatches[0: com.dotcms.util.pagination.ContentTypesPaginatorTest$TestCase@1c8ed2f8]" classname="com.dotcms.util.pagination.ContentTypesPaginatorTest" time="0.185"/>
  <testcase name="test_getItems_WhenFilterContainsContentTypeName_ReturnsTheContentTypeThatMatches[1: com.dotcms.util.pagination.ContentTypesPaginatorTest$TestCase@98f1d9]" classname="com.dotcms.util.pagination.ContentTypesPaginatorTest" time="0.163"/>
  <testcase name="whenTheIndicesAreDeactivateShouldReturnNAInEntries" classname="com.dotcms.util.pagination.ContentTypesPaginatorTest" time="0.375"/>
  <testcase name="test_getItems_WhenFilterEqualsToBaseType_ReturnsAllChildrenContentTypes" classname="com.dotcms.util.pagination.ContentTypesPaginatorTest" time="0.029"/>
  <testcase name="getFilteredPaginatedAllowedContentTypesOrderedByName" classname="com.dotcms.util.pagination.ContentTypesPaginatorTest" time="0.028"/>
  <testcase name="getFilteredAllowedContentTypesOrderedByName" classname="com.dotcms.util.pagination.ContentTypesPaginatorTest" time="0.02"/>
  <testcase name="test_getItems_WhenNoFilter_ReturnsAllContentTypes" classname="com.dotcms.util.pagination.ContentTypesPaginatorTest" time="0.054"/>
  <system-out><![CDATA[]]></system-out>
  <system-err><![CDATA[]]></system-err>
</testsuite>
