<?xml version="1.0" encoding="UTF-8"?>
<testsuite name="com.dotmarketing.business.DeterministicIdentifierAPITest" tests="16" skipped="0" failures="0" errors="0" timestamp="2023-06-28T15:23:43" hostname="fv-az189-858" time="0.708">
  <properties/>
  <testcase name="Test_Category_Path_Seed_And_Id" classname="com.dotmarketing.business.DeterministicIdentifierAPITest" time="0.021"/>
  <testcase name="Test_Language_Deterministic_Id[0: LanguageTestCase{expectedSeed='Language:es:US', expectedHash=4913155, langCode='es', countryCode='US', country='United States'}]" classname="com.dotmarketing.business.DeterministicIdentifierAPITest" time="0.001"/>
  <testcase name="Test_Language_Deterministic_Id[1: LanguageTestCase{expectedSeed='Language:ep:', expectedHash=5292269, langCode='ep', countryCode='', country=''}]" classname="com.dotmarketing.business.DeterministicIdentifierAPITest" time="0.001"/>
  <testcase name="Test_Language_Deterministic_Id[2: LanguageTestCase{expectedSeed='Language:sg:SAG', expectedHash=4713118, langCode='sg', countryCode='SAG', country=''}]" classname="com.dotmarketing.business.DeterministicIdentifierAPITest" time="0.001"/>
  <testcase name="Test_Language_Deterministic_Id[3: LanguageTestCase{expectedSeed='Language:en:NZ', expectedHash=5382528, langCode='en', countryCode='NZ', country='New Zealand'}]" classname="com.dotmarketing.business.DeterministicIdentifierAPITest" time="0.001"/>
  <testcase name="Test_Category_None_Persisted_Category_Should_Return_Deterministic_Id" classname="com.dotmarketing.business.DeterministicIdentifierAPITest" time="0.001"/>
  <testcase name="Test_Asset_Generate_Deterministic_Id_Best_Effort[0: TestCase{versionable=my.host1687965451728.com, parent=System Host, expectedName='my.host1687965451728.com', expectedType='Host'}]" classname="com.dotmarketing.business.DeterministicIdentifierAPITest" time="0.003"/>
  <testcase name="Test_Asset_Generate_Deterministic_Id_Best_Effort[1: TestCase{versionable=com.dotmarketing.portlets.contentlet.model.Contentlet@479cdc1[map={modDate=2023-06-28 15:17:32.56, fileName=file9104181911020551665.txt, title=file9104181911020551665.txt, inode=0b6f5487-7e18-4863-b4f2-068a305ec91f, __IS_NEW_CONTENT__=true, disabledWYSIWYG=[], host=1ab05c27-7c60-474d-a3bd-b3bde6cf6e83, stInode=33888b6f-7a8e-4069-b1b6-5c1aa9d0a48d, owner=system, identifier=463fa2fa-5811-4359-8cd8-408a99d3eb3f, nullProperties=[wfExpireDate, wfPublishDate, wfActionAssign, wfActionId, wfActionComments, filterKey, whereToSend, wfNeverExpire, _path_to_move, timezoneId, iWantTo, wfPublishTime, wfExpireTime], languageId=1, fileAsset=/home/runner/work/core/custom/assets/0/b/0b6f5487-7e18-4863-b4f2-068a305ec91f/fileAsset/file9104181911020551665.txt, folder=8d3f0aed-347c-467a-83fa-9736dea884b1, __disable_workflow__=true, sortOrder=0, modUser=system},lowIndexPriority=false,variantId=DEFAULT], parent=com.dotmarketing.portlets.folders.model.Folder@681e65ee[identifier=8d3f0aed-347c-467a-83fa-9736dea884b1,name=testName1687965452554,sortOrder=0,showOnMenu=false,hostId=1ab05c27-7c60-474d-a3bd-b3bde6cf6e83,type=folder,title=testTitle1687965452554,filesMasks=,defaultFileType=33888b6f-7a8e-4069-b1b6-5c1aa9d0a48d,modDate=2023-06-28 15:17:32.556,owner=&lt;null&gt;,iDate=2023-06-28 15:17:32.556,inode=8d3f0aed-347c-467a-83fa-9736dea884b1,path=/testName1687965452554/], expectedName='file9104181911020551665.txt', expectedType='FileAsset'}]" classname="com.dotmarketing.business.DeterministicIdentifierAPITest" time="0.002"/>
  <testcase name="Test_Asset_Generate_Deterministic_Id_Best_Effort[2: TestCase{versionable=com.dotmarketing.portlets.templates.model.Template@d794559c, parent=my.host1687965451728.com, expectedName='testTitle1687965452641', expectedType='Template'}]" classname="com.dotmarketing.business.DeterministicIdentifierAPITest" time="0.001"/>
  <testcase name="Test_Asset_Generate_Deterministic_Id_Best_Effort[3: TestCase{versionable=com.dotmarketing.portlets.htmlpageasset.model.HTMLPageAsset@8986430[map={template=5bdd6e49-8e07-416c-bd08-8c60ba4e9b8b, owner=system, identifier=3b9e67f7-5294-4f6a-9d11-ae94f50b3d2c, nullProperties=[wfExpireDate, wfPublishDate, wfActionAssign, wfActionId, wfActionComments, filterKey, whereToSend, wfNeverExpire, _path_to_move, timezoneId, iWantTo, wfPublishTime, wfExpireTime], modDate=2023-06-28 15:17:32.653, cachettl=0, _is_test_mode=true, languageId=1, title=test-page-title-1687965452650, httpsreq=, url=test-page-url-1687965452650, showOnMenu=, inode=9329b5dd-f987-4c12-bae5-d7016d8bcc7a, folder=8d3f0aed-347c-467a-83fa-9736dea884b1, disabledWYSIWYG=[], sortOrder=1, modUser=system, host=1ab05c27-7c60-474d-a3bd-b3bde6cf6e83, stInode=c541abb1-69b3-4bc5-8430-5e09e5239cc8, friendlyName=test-page-friendly-name-1687965452650},lowIndexPriority=false,variantId=DEFAULT], parent=com.dotmarketing.portlets.folders.model.Folder@681e65ee[identifier=8d3f0aed-347c-467a-83fa-9736dea884b1,name=testName1687965452554,sortOrder=0,showOnMenu=false,hostId=1ab05c27-7c60-474d-a3bd-b3bde6cf6e83,type=folder,title=testTitle1687965452554,filesMasks=,defaultFileType=33888b6f-7a8e-4069-b1b6-5c1aa9d0a48d,modDate=2023-06-28 15:17:32.556,owner=&lt;null&gt;,iDate=2023-06-28 15:17:32.556,inode=8d3f0aed-347c-467a-83fa-9736dea884b1,path=/testName1687965452554/], expectedName='test-page-url-1687965452650', expectedType='htmlpageasset'}]" classname="com.dotmarketing.business.DeterministicIdentifierAPITest" time="0.002"/>
  <testcase name="Test_Asset_Generate_Deterministic_Id_Best_Effort[4: TestCase{versionable=com.dotmarketing.portlets.contentlet.model.Contentlet@79461c8e[map={fileAsset2=/home/runner/work/core/custom/assets/1/6/164e9567-90b0-4780-a8ab-d773390c4a53/fileAsset2/test_binary1687965453547.png, modDate=2023-06-28 15:17:33.551, fileAsset1=/home/runner/work/core/custom/assets/1/6/164e9567-90b0-4780-a8ab-d773390c4a53/fileAsset1/test_binary1687965453547.jpg, title=blah, inode=164e9567-90b0-4780-a8ab-d773390c4a53, __IS_NEW_CONTENT__=true, disabledWYSIWYG=[], host=48190c8c-42c4-46af-8d1a-0cd5db894797, stInode=201c352e-acaa-4625-96fc-b50d36206d5e, owner=system, identifier=d21396b9-d9c4-492b-b723-0315e8a33625, nullProperties=[], languageId=1, image1=6045f30a-d13f-4bd6-8f4e-deb31a03a72e, folder=SYSTEM_FOLDER, __disable_workflow__=true, sortOrder=0, modUser=system},lowIndexPriority=false,variantId=DEFAULT], parent=demo.dotcms.com, expectedName='test_binary1687965453547.jpg:test_binary1687965453547.png', expectedType='MultipleBinaries1687965452779'}]" classname="com.dotmarketing.business.DeterministicIdentifierAPITest" time="0.002"/>
  <testcase name="Test_Asset_Generate_Deterministic_Id_Best_Effort[5: TestCase{versionable=namea36a59eb0d : keyTaga36a59eb0d, parent=my.host1687965451728.com, expectedName='keyTaga36a59eb0d', expectedType='persona'}]" classname="com.dotmarketing.business.DeterministicIdentifierAPITest" time="0.002"/>
  <testcase name="Test_Similar_Content_Type_Wont_Clash" classname="com.dotmarketing.business.DeterministicIdentifierAPITest" time="0.386"/>
  <testcase name="Test_Generate_Folder_Identifier" classname="com.dotmarketing.business.DeterministicIdentifierAPITest" time="0.269"/>
  <testcase name="Test_Generate_Content_Type_Identifier[0: ContentTypeTestCase{contentType=KeyValueContentType{name=Language Variable, id=f4d7c1b8-2c88-4071-abf1-a5328977b07d, description=Default Content Type for Language Variables, defaultType=false, fixed=true, iDate=Thu Aug 31 16:38:49 UTC 2017, system=true, versionable=true, variable=Languagevariable, modDate=Wed Jun 28 14:15:13 UTC 2023, host=SYSTEM_HOST, siteName=systemHost, icon=language, sortOrder=0, folder=SYSTEM_FOLDER, folderPath=/, markedForDeletion=true, multilingualable=false}, expectedName='Languagevariable', expectedType='KeyValue'}]" classname="com.dotmarketing.business.DeterministicIdentifierAPITest" time="0.005"/>
  <testcase name="Test_Generate_Content_Type_Identifier[1: ContentTypeTestCase{contentType=SimpleContentType{name=testName1687965454089, id=6f6bdce3-3245-446e-b205-d5159045d79e, description=testDescription1687965454089, defaultType=false, fixed=false, iDate=Wed Jun 28 15:17:34 UTC 2023, system=false, versionable=true, multilingualable=false, variable=testVarname1687965454089, owner=system, modDate=Wed Jun 28 15:17:34 UTC 2023, host=48190c8c-42c4-46af-8d1a-0cd5db894797, siteName=demo.dotcms.com, icon=event_note, sortOrder=0, folder=SYSTEM_FOLDER, folderPath=/, requiredFields=[], markedForDeletion=false}, expectedName='testVarname1687965454089', expectedType='CONTENT'}]" classname="com.dotmarketing.business.DeterministicIdentifierAPITest" time="0.005"/>
  <system-out><![CDATA[]]></system-out>
  <system-err><![CDATA[]]></system-err>
</testsuite>
