<?xml version="1.0" encoding="UTF-8"?>
<testsuite name="com.dotmarketing.portlets.structure.model.ContentletRelationshipsTest" tests="7" skipped="0" failures="0" errors="0" timestamp="2023-06-23T17:22:18" hostname="fv-az1098-397" time="7.359">
  <properties/>
  <testcase name="testDoesAllowOnlyOne[0: com.dotmarketing.portlets.structure.model.ContentletRelationshipsTest$CardinalityTestCase@758a19de]" classname="com.dotmarketing.portlets.structure.model.ContentletRelationshipsTest" time="0.485"/>
  <testcase name="testDoesAllowOnlyOne[1: com.dotmarketing.portlets.structure.model.ContentletRelationshipsTest$CardinalityTestCase@79ac7cfe]" classname="com.dotmarketing.portlets.structure.model.ContentletRelationshipsTest" time="0.403"/>
  <testcase name="testDoesAllowOnlyOne[2: com.dotmarketing.portlets.structure.model.ContentletRelationshipsTest$CardinalityTestCase@107a90d4]" classname="com.dotmarketing.portlets.structure.model.ContentletRelationshipsTest" time="0.416"/>
  <testcase name="testGetRelationshipRecords[0: com.dotmarketing.portlets.structure.model.ContentletRelationshipsTest$TestCase@797f4cc2]" classname="com.dotmarketing.portlets.structure.model.ContentletRelationshipsTest" time="1.846"/>
  <testcase name="testGetRelationshipRecords[1: com.dotmarketing.portlets.structure.model.ContentletRelationshipsTest$TestCase@5c9eeeda]" classname="com.dotmarketing.portlets.structure.model.ContentletRelationshipsTest" time="0.818"/>
  <testcase name="testGetRelationshipRecords[2: com.dotmarketing.portlets.structure.model.ContentletRelationshipsTest$TestCase@46cf323b]" classname="com.dotmarketing.portlets.structure.model.ContentletRelationshipsTest" time="1.7"/>
  <testcase name="testGetRelationshipRecords[3: com.dotmarketing.portlets.structure.model.ContentletRelationshipsTest$TestCase@2f7e606]" classname="com.dotmarketing.portlets.structure.model.ContentletRelationshipsTest" time="1.691"/>
  <system-out><![CDATA[]]></system-out>
  <system-err><![CDATA[]]></system-err>
</testsuite>
