<?xml version="1.0" encoding="UTF-8"?>
<testsuite name="com.dotcms.rendering.velocity.viewtools.ContainerWebAPIIntegrationTest" tests="11" skipped="0" failures="0" errors="0" timestamp="2023-07-21T06:11:58" hostname="fv-az456-820" time="20.893">
  <properties/>
  <testcase name="testDoesUserHasPermissionToAddForm_GivenUserWithPermission_ShouldReturnTrue" classname="com.dotcms.rendering.velocity.viewtools.ContainerWebAPIIntegrationTest" time="1.892"/>
  <testcase name="testGetBaseContentTypeUserHasPermissionToAdd_GivenUserWithWidgetPermission_ShouldReturnWidgetString" classname="com.dotcms.rendering.velocity.viewtools.ContainerWebAPIIntegrationTest" time="1.952"/>
  <testcase name="testDoesUserHasPermissionToAddForm_GivenUserWithoutPermission_ShouldReturnFalse" classname="com.dotcms.rendering.velocity.viewtools.ContainerWebAPIIntegrationTest" time="0.843"/>
  <testcase name="testGetBaseContentTypeUserHasPermissionToAdd_GivenUserWithWidgetFormPermission_ShouldReturnWidgetFormString" classname="com.dotcms.rendering.velocity.viewtools.ContainerWebAPIIntegrationTest" time="1.922"/>
  <testcase name="testGetBaseContentTypeUserHasPermissionToAdd_GivenUserWithFormPermission_ShouldReturnFormString" classname="com.dotcms.rendering.velocity.viewtools.ContainerWebAPIIntegrationTest" time="1.938"/>
  <testcase name="whenPageUseAdvanceTemplate" classname="com.dotcms.rendering.velocity.viewtools.ContainerWebAPIIntegrationTest" time="3.354"/>
  <testcase name="testGetBaseContentTypeUserHasPermissionToAdd_GivenUserWithWidgetFormContentPermission_ShouldReturnWidgetFormContentString" classname="com.dotcms.rendering.velocity.viewtools.ContainerWebAPIIntegrationTest" time="1.917"/>
  <testcase name="testDoesUserHasPermissionToAddWidget_GivenUserWithoutPermission_ShouldReturnFalse" classname="com.dotcms.rendering.velocity.viewtools.ContainerWebAPIIntegrationTest" time="0.868"/>
  <testcase name="testDoesUserHasPermissionToAddWidget_GivenUserWithPermission_ShouldReturnTrue" classname="com.dotcms.rendering.velocity.viewtools.ContainerWebAPIIntegrationTest" time="1.892"/>
  <testcase name="whenPageUseNotAdvanceTemplate" classname="com.dotcms.rendering.velocity.viewtools.ContainerWebAPIIntegrationTest" time="3.437"/>
  <testcase name="testGetBaseContentTypeUserHasPermissionToAdd_GivenUserWithoutPermission_ShouldReturnEmptyString" classname="com.dotcms.rendering.velocity.viewtools.ContainerWebAPIIntegrationTest" time="0.876"/>
  <system-out><![CDATA[]]></system-out>
  <system-err><![CDATA[]]></system-err>
</testsuite>
