<?xml version="1.0" encoding="UTF-8"?>
<testsuite name="com.dotcms.rest.api.v1.apps.SiteViewPaginatorIntegrationTest" tests="1" skipped="0" failures="0" errors="0" timestamp="2023-06-23T20:15:04" hostname="fv-az256-466" time="3.603">
  <properties/>
  <testcase name="Site_Paginator_Accuracy_Test" classname="com.dotcms.rest.api.v1.apps.SiteViewPaginatorIntegrationTest" time="3.603"/>
  <system-out><![CDATA[]]></system-out>
  <system-err><![CDATA[]]></system-err>
</testsuite>
