<?xml version="1.0" encoding="UTF-8"?>
<testsuite name="com.dotcms.rest.api.v1.vtl.VTLResourceIntegrationTest" tests="6" skipped="0" failures="0" errors="0" timestamp="2023-06-30T17:02:53" hostname="fv-az674-164" time="9.203">
  <properties/>
  <testcase name="testGet[0: com.dotcms.rest.api.v1.vtl.VTLResourceTestCase@a0ed15f]" classname="com.dotcms.rest.api.v1.vtl.VTLResourceIntegrationTest" time="1.233"/>
  <testcase name="testGet[1: com.dotcms.rest.api.v1.vtl.VTLResourceTestCase@633297f]" classname="com.dotcms.rest.api.v1.vtl.VTLResourceIntegrationTest" time="1.901"/>
  <testcase name="testGet[2: com.dotcms.rest.api.v1.vtl.VTLResourceTestCase@3655cba]" classname="com.dotcms.rest.api.v1.vtl.VTLResourceIntegrationTest" time="1.088"/>
  <testcase name="testGet[3: com.dotcms.rest.api.v1.vtl.VTLResourceTestCase@7baf0e35]" classname="com.dotcms.rest.api.v1.vtl.VTLResourceIntegrationTest" time="1.009"/>
  <testcase name="testGet[4: com.dotcms.rest.api.v1.vtl.VTLResourceTestCase@757bc36]" classname="com.dotcms.rest.api.v1.vtl.VTLResourceIntegrationTest" time="1.929"/>
  <testcase name="testGet[5: com.dotcms.rest.api.v1.vtl.VTLResourceTestCase@18300572]" classname="com.dotcms.rest.api.v1.vtl.VTLResourceIntegrationTest" time="2.043"/>
  <system-out><![CDATA[]]></system-out>
  <system-err><![CDATA[]]></system-err>
</testsuite>
