<?xml version="1.0" encoding="UTF-8"?>
<testsuite name="com.dotcms.rest.TagResourceIntegrationTest" tests="4" skipped="0" failures="0" errors="0" timestamp="2023-06-23T19:05:14" hostname="fv-az256-466" time="0.405">
  <properties/>
  <testcase name="testList[0: com.dotcms.rest.TagResourceTestCase@76786748]" classname="com.dotcms.rest.TagResourceIntegrationTest" time="0.312"/>
  <testcase name="testList[1: com.dotcms.rest.TagResourceTestCase@5a2c59c]" classname="com.dotcms.rest.TagResourceIntegrationTest" time="0.03"/>
  <testcase name="testList[2: com.dotcms.rest.TagResourceTestCase@40dbdb4a]" classname="com.dotcms.rest.TagResourceIntegrationTest" time="0.028"/>
  <testcase name="testList[3: com.dotcms.rest.TagResourceTestCase@7801393d]" classname="com.dotcms.rest.TagResourceIntegrationTest" time="0.035"/>
  <system-out><![CDATA[]]></system-out>
  <system-err><![CDATA[Jun 23, 2023 7:05:14 PM com.dotcms.repackage.org.hibernate.validator.internal.util.Version <clinit>
INFO: HV000001: Hibernate Validator 4.3.2.Final
]]></system-err>
</testsuite>
