<?xml version="1.0" encoding="UTF-8"?>
<testsuite name="com.dotmarketing.business.DeterministicIdentifierAPITest" tests="16" skipped="0" failures="0" errors="0" timestamp="2023-06-29T21:17:13" hostname="fv-az189-858" time="1.474">
  <properties/>
  <testcase name="Test_Category_Path_Seed_And_Id" classname="com.dotmarketing.business.DeterministicIdentifierAPITest" time="0.025"/>
  <testcase name="Test_Language_Deterministic_Id[0: LanguageTestCase{expectedSeed='Language:es:US', expectedHash=4913155, langCode='es', countryCode='US', country='United States'}]" classname="com.dotmarketing.business.DeterministicIdentifierAPITest" time="0.001"/>
  <testcase name="Test_Language_Deterministic_Id[1: LanguageTestCase{expectedSeed='Language:ep:', expectedHash=5292269, langCode='ep', countryCode='', country=''}]" classname="com.dotmarketing.business.DeterministicIdentifierAPITest" time="0.001"/>
  <testcase name="Test_Language_Deterministic_Id[2: LanguageTestCase{expectedSeed='Language:sg:SAG', expectedHash=4713118, langCode='sg', countryCode='SAG', country=''}]" classname="com.dotmarketing.business.DeterministicIdentifierAPITest" time="0.001"/>
  <testcase name="Test_Language_Deterministic_Id[3: LanguageTestCase{expectedSeed='Language:en:NZ', expectedHash=5382528, langCode='en', countryCode='NZ', country='New Zealand'}]" classname="com.dotmarketing.business.DeterministicIdentifierAPITest" time="0.002"/>
  <testcase name="Test_Category_None_Persisted_Category_Should_Return_Deterministic_Id" classname="com.dotmarketing.business.DeterministicIdentifierAPITest" time="0.001"/>
  <testcase name="Test_Asset_Generate_Deterministic_Id_Best_Effort[0: TestCase{versionable=my.host1688073051027.com, parent=System Host, expectedName='my.host1688073051027.com', expectedType='Host'}]" classname="com.dotmarketing.business.DeterministicIdentifierAPITest" time="0.003"/>
  <testcase name="Test_Asset_Generate_Deterministic_Id_Best_Effort[1: TestCase{versionable=com.dotmarketing.portlets.contentlet.model.Contentlet@b84484e[map={modDate=2023-06-29 21:10:51.81, fileName=file9411368472376271380.txt, title=file9411368472376271380.txt, inode=6d18c496-8530-42f6-9e07-ca955afb016a, __IS_NEW_CONTENT__=true, disabledWYSIWYG=[], host=2d9dc9a1-9010-4b14-9db6-722be667437a, stInode=33888b6f-7a8e-4069-b1b6-5c1aa9d0a48d, owner=system, identifier=53414537-b26f-4a4c-91d9-f8f8153774b7, nullProperties=[wfExpireDate, wfPublishDate, wfActionAssign, wfActionId, wfActionComments, filterKey, whereToSend, wfNeverExpire, _path_to_move, timezoneId, iWantTo, wfPublishTime, wfExpireTime], languageId=1, fileAsset=/home/runner/work/core/custom/assets/6/d/6d18c496-8530-42f6-9e07-ca955afb016a/fileAsset/file9411368472376271380.txt, folder=09ac0afc-976a-409b-bd40-58ff5fbed029, __disable_workflow__=true, sortOrder=0, modUser=system},lowIndexPriority=false,variantId=DEFAULT], parent=com.dotmarketing.portlets.folders.model.Folder@6b38734e[identifier=09ac0afc-976a-409b-bd40-58ff5fbed029,name=testName1688073051802,sortOrder=0,showOnMenu=false,hostId=2d9dc9a1-9010-4b14-9db6-722be667437a,type=folder,title=testTitle1688073051802,filesMasks=,defaultFileType=33888b6f-7a8e-4069-b1b6-5c1aa9d0a48d,modDate=2023-06-29 21:10:51.805,owner=&lt;null&gt;,iDate=2023-06-29 21:10:51.805,inode=09ac0afc-976a-409b-bd40-58ff5fbed029,path=/testName1688073051802/], expectedName='file9411368472376271380.txt', expectedType='FileAsset'}]" classname="com.dotmarketing.business.DeterministicIdentifierAPITest" time="0.004"/>
  <testcase name="Test_Asset_Generate_Deterministic_Id_Best_Effort[2: TestCase{versionable=com.dotmarketing.portlets.templates.model.Template@90bd4b89, parent=my.host1688073051027.com, expectedName='testTitle1688073051948', expectedType='Template'}]" classname="com.dotmarketing.business.DeterministicIdentifierAPITest" time="0.005"/>
  <testcase name="Test_Asset_Generate_Deterministic_Id_Best_Effort[3: TestCase{versionable=com.dotmarketing.portlets.htmlpageasset.model.HTMLPageAsset@5bfc42c8[map={template=dc8c11ae-a7ad-4b84-9f0e-1afca8462eaf, owner=system, identifier=c0f4266d-d72c-4512-809a-022e54a6864d, nullProperties=[wfExpireDate, wfPublishDate, wfActionAssign, wfActionId, wfActionComments, filterKey, whereToSend, wfNeverExpire, _path_to_move, timezoneId, iWantTo, wfPublishTime, wfExpireTime], modDate=2023-06-29 21:10:51.978, cachettl=0, _is_test_mode=true, languageId=1, title=test-page-title-1688073051968, httpsreq=, url=test-page-url-1688073051968, showOnMenu=, inode=ae1abc74-909c-4526-812a-72af173723b9, folder=09ac0afc-976a-409b-bd40-58ff5fbed029, disabledWYSIWYG=[], sortOrder=1, modUser=system, host=2d9dc9a1-9010-4b14-9db6-722be667437a, stInode=c541abb1-69b3-4bc5-8430-5e09e5239cc8, friendlyName=test-page-friendly-name-1688073051968},lowIndexPriority=false,variantId=DEFAULT], parent=com.dotmarketing.portlets.folders.model.Folder@6b38734e[identifier=09ac0afc-976a-409b-bd40-58ff5fbed029,name=testName1688073051802,sortOrder=0,showOnMenu=false,hostId=2d9dc9a1-9010-4b14-9db6-722be667437a,type=folder,title=testTitle1688073051802,filesMasks=,defaultFileType=33888b6f-7a8e-4069-b1b6-5c1aa9d0a48d,modDate=2023-06-29 21:10:51.805,owner=&lt;null&gt;,iDate=2023-06-29 21:10:51.805,inode=09ac0afc-976a-409b-bd40-58ff5fbed029,path=/testName1688073051802/], expectedName='test-page-url-1688073051968', expectedType='htmlpageasset'}]" classname="com.dotmarketing.business.DeterministicIdentifierAPITest" time="0.003"/>
  <testcase name="Test_Asset_Generate_Deterministic_Id_Best_Effort[4: TestCase{versionable=com.dotmarketing.portlets.contentlet.model.Contentlet@340c538d[map={fileAsset2=/home/runner/work/core/custom/assets/7/a/7aea0065-f8bc-4279-8cf7-100f4cae48d7/fileAsset2/test_binary1688073053790.png, modDate=2023-06-29 21:10:53.795, fileAsset1=/home/runner/work/core/custom/assets/7/a/7aea0065-f8bc-4279-8cf7-100f4cae48d7/fileAsset1/test_binary1688073053790.jpg, title=blah, inode=7aea0065-f8bc-4279-8cf7-100f4cae48d7, __IS_NEW_CONTENT__=true, disabledWYSIWYG=[], host=48190c8c-42c4-46af-8d1a-0cd5db894797, stInode=37cfd20b-685b-42c4-a5f2-68dbb9242b7a, owner=system, identifier=e93b14fe-8070-4acf-b1e5-d7427248d177, nullProperties=[], languageId=1, image1=a18d966e-7bd3-415e-b81c-a26ef7f1f185, folder=SYSTEM_FOLDER, __disable_workflow__=true, sortOrder=0, modUser=system},lowIndexPriority=false,variantId=DEFAULT], parent=demo.dotcms.com, expectedName='test_binary1688073053790.jpg:test_binary1688073053790.png', expectedType='MultipleBinaries1688073052167'}]" classname="com.dotmarketing.business.DeterministicIdentifierAPITest" time="0.003"/>
  <testcase name="Test_Asset_Generate_Deterministic_Id_Best_Effort[5: TestCase{versionable=namedd17f2d552 : keyTagdd17f2d552, parent=my.host1688073051027.com, expectedName='keyTagdd17f2d552', expectedType='persona'}]" classname="com.dotmarketing.business.DeterministicIdentifierAPITest" time="0.003"/>
  <testcase name="Test_Similar_Content_Type_Wont_Clash" classname="com.dotmarketing.business.DeterministicIdentifierAPITest" time="0.438"/>
  <testcase name="Test_Generate_Folder_Identifier" classname="com.dotmarketing.business.DeterministicIdentifierAPITest" time="0.965"/>
  <testcase name="Test_Generate_Content_Type_Identifier[0: ContentTypeTestCase{contentType=KeyValueContentType{name=Language Variable, id=f4d7c1b8-2c88-4071-abf1-a5328977b07d, description=Default Content Type for Language Variables, defaultType=false, fixed=true, iDate=Thu Aug 31 16:38:49 UTC 2017, system=true, versionable=true, variable=Languagevariable, modDate=Thu Jun 29 20:06:04 UTC 2023, host=SYSTEM_HOST, siteName=systemHost, icon=language, sortOrder=0, folder=SYSTEM_FOLDER, folderPath=/, markedForDeletion=true, multilingualable=false}, expectedName='Languagevariable', expectedType='KeyValue'}]" classname="com.dotmarketing.business.DeterministicIdentifierAPITest" time="0.006"/>
  <testcase name="Test_Generate_Content_Type_Identifier[1: ContentTypeTestCase{contentType=SimpleContentType{name=testName1688073054242, id=5b54571e-1d97-4dcc-82cc-3d95a018bd9e, description=testDescription1688073054242, defaultType=false, fixed=false, iDate=Thu Jun 29 21:10:54 UTC 2023, system=false, versionable=true, multilingualable=false, variable=testVarname1688073054242, owner=system, modDate=Thu Jun 29 21:10:55 UTC 2023, host=48190c8c-42c4-46af-8d1a-0cd5db894797, siteName=demo.dotcms.com, icon=event_note, sortOrder=0, folder=SYSTEM_FOLDER, folderPath=/, requiredFields=[], markedForDeletion=false}, expectedName='testVarname1688073054242', expectedType='CONTENT'}]" classname="com.dotmarketing.business.DeterministicIdentifierAPITest" time="0.01"/>
  <system-out><![CDATA[]]></system-out>
  <system-err><![CDATA[]]></system-err>
</testsuite>
