<?xml version="1.0" encoding="UTF-8"?>
<testsuite name="com.dotcms.experiments.business.RootIndexRegexUrlPatterStrategyIntegrationTest" tests="6" skipped="0" failures="0" errors="0" timestamp="2023-07-24T16:28:22" hostname="fv-az571-935" time="12.303">
  <properties/>
  <testcase name="realRootIndexPage" classname="com.dotcms.experiments.business.RootIndexRegexUrlPatterStrategyIntegrationTest" time="2.257"/>
  <testcase name="httpsRealRootIndexPageNotLocalhost" classname="com.dotcms.experiments.business.RootIndexRegexUrlPatterStrategyIntegrationTest" time="1.796"/>
  <testcase name="indexPageButNotRootIndexPage" classname="com.dotcms.experiments.business.RootIndexRegexUrlPatterStrategyIntegrationTest" time="2.054"/>
  <testcase name="realRootIndexPageNotLocalHost" classname="com.dotcms.experiments.business.RootIndexRegexUrlPatterStrategyIntegrationTest" time="2.143"/>
  <testcase name="notIndexPage" classname="com.dotcms.experiments.business.RootIndexRegexUrlPatterStrategyIntegrationTest" time="2.137"/>
  <testcase name="httpsRealRootIndexPage" classname="com.dotcms.experiments.business.RootIndexRegexUrlPatterStrategyIntegrationTest" time="1.916"/>
  <system-out><![CDATA[]]></system-out>
  <system-err><![CDATA[]]></system-err>
</testsuite>
