<?xml version="1.0" encoding="UTF-8"?>
<testsuite name="com.dotmarketing.portlets.contentlet.business.HostFactoryImplTest" tests="2" skipped="0" failures="0" errors="0" timestamp="2023-07-21T15:08:47" hostname="fv-az453-320" time="23.541">
  <properties/>
  <testcase name="test_search_shouldReturnExactMatchesFirst" classname="com.dotmarketing.portlets.contentlet.business.HostFactoryImplTest" time="21.625"/>
  <testcase name="test_findLiveAndStopped_shouldOnlyRetunLiveAndStoppedSites" classname="com.dotmarketing.portlets.contentlet.business.HostFactoryImplTest" time="1.916"/>
  <system-out><![CDATA[]]></system-out>
  <system-err><![CDATA[]]></system-err>
</testsuite>
