<?xml version="1.0" encoding="UTF-8"?>
<testsuite name="com.dotmarketing.servlets.ajax.AjaxDirectorServletIntegrationTest" tests="2" skipped="0" failures="0" errors="0" timestamp="2023-06-30T14:55:33" hostname="fv-az589-574" time="2.171">
  <properties/>
  <testcase name="testService[0: com.dotmarketing.servlets.ajax.AjaxDirectorServletTestCase@f9826b0]" classname="com.dotmarketing.servlets.ajax.AjaxDirectorServletIntegrationTest" time="0.763"/>
  <testcase name="testService[1: com.dotmarketing.servlets.ajax.AjaxDirectorServletTestCase@c57411]" classname="com.dotmarketing.servlets.ajax.AjaxDirectorServletIntegrationTest" time="1.408"/>
  <system-out><![CDATA[]]></system-out>
  <system-err><![CDATA[]]></system-err>
</testsuite>
