<?xml version="1.0" encoding="UTF-8"?>
<testsuite name="com.dotcms.rest.api.v1.vtl.VTLResourceIntegrationTest" tests="6" skipped="0" failures="0" errors="0" timestamp="2023-06-28T14:37:04" hostname="fv-az189-858" time="12.191">
  <properties/>
  <testcase name="testGet[0: com.dotcms.rest.api.v1.vtl.VTLResourceTestCase@61029d98]" classname="com.dotcms.rest.api.v1.vtl.VTLResourceIntegrationTest" time="2.285"/>
  <testcase name="testGet[1: com.dotcms.rest.api.v1.vtl.VTLResourceTestCase@42589f80]" classname="com.dotcms.rest.api.v1.vtl.VTLResourceIntegrationTest" time="1.771"/>
  <testcase name="testGet[2: com.dotcms.rest.api.v1.vtl.VTLResourceTestCase@219e7126]" classname="com.dotcms.rest.api.v1.vtl.VTLResourceIntegrationTest" time="2.124"/>
  <testcase name="testGet[3: com.dotcms.rest.api.v1.vtl.VTLResourceTestCase@559d1ace]" classname="com.dotcms.rest.api.v1.vtl.VTLResourceIntegrationTest" time="2.078"/>
  <testcase name="testGet[4: com.dotcms.rest.api.v1.vtl.VTLResourceTestCase@2006b3b8]" classname="com.dotcms.rest.api.v1.vtl.VTLResourceIntegrationTest" time="1.888"/>
  <testcase name="testGet[5: com.dotcms.rest.api.v1.vtl.VTLResourceTestCase@26a49ca7]" classname="com.dotcms.rest.api.v1.vtl.VTLResourceIntegrationTest" time="2.045"/>
  <system-out><![CDATA[]]></system-out>
  <system-err><![CDATA[]]></system-err>
</testsuite>
