<?xml version="1.0" encoding="UTF-8"?>
<testsuite name="com.dotmarketing.portlets.structure.model.ContentletRelationshipsTest" tests="7" skipped="0" failures="0" errors="0" timestamp="2023-06-28T16:35:32" hostname="fv-az395-584" time="10.28">
  <properties/>
  <testcase name="testDoesAllowOnlyOne[0: com.dotmarketing.portlets.structure.model.ContentletRelationshipsTest$CardinalityTestCase@559d298c]" classname="com.dotmarketing.portlets.structure.model.ContentletRelationshipsTest" time="0.548"/>
  <testcase name="testDoesAllowOnlyOne[1: com.dotmarketing.portlets.structure.model.ContentletRelationshipsTest$CardinalityTestCase@408ac4e8]" classname="com.dotmarketing.portlets.structure.model.ContentletRelationshipsTest" time="0.58"/>
  <testcase name="testDoesAllowOnlyOne[2: com.dotmarketing.portlets.structure.model.ContentletRelationshipsTest$CardinalityTestCase@372b50c9]" classname="com.dotmarketing.portlets.structure.model.ContentletRelationshipsTest" time="0.599"/>
  <testcase name="testGetRelationshipRecords[0: com.dotmarketing.portlets.structure.model.ContentletRelationshipsTest$TestCase@6ea90585]" classname="com.dotmarketing.portlets.structure.model.ContentletRelationshipsTest" time="2.317"/>
  <testcase name="testGetRelationshipRecords[1: com.dotmarketing.portlets.structure.model.ContentletRelationshipsTest$TestCase@52449095]" classname="com.dotmarketing.portlets.structure.model.ContentletRelationshipsTest" time="2.19"/>
  <testcase name="testGetRelationshipRecords[2: com.dotmarketing.portlets.structure.model.ContentletRelationshipsTest$TestCase@447fb3b1]" classname="com.dotmarketing.portlets.structure.model.ContentletRelationshipsTest" time="2.081"/>
  <testcase name="testGetRelationshipRecords[3: com.dotmarketing.portlets.structure.model.ContentletRelationshipsTest$TestCase@29bf1eef]" classname="com.dotmarketing.portlets.structure.model.ContentletRelationshipsTest" time="1.964"/>
  <system-out><![CDATA[]]></system-out>
  <system-err><![CDATA[]]></system-err>
</testsuite>
