<?xml version="1.0" encoding="UTF-8"?>
<testsuite name="com.dotcms.rest.api.v1.vtl.VTLResourceIntegrationTest" tests="6" skipped="0" failures="0" errors="0" timestamp="2023-06-26T15:10:53" hostname="fv-az180-822" time="11.965">
  <properties/>
  <testcase name="testGet[0: com.dotcms.rest.api.v1.vtl.VTLResourceTestCase@1aa75d3f]" classname="com.dotcms.rest.api.v1.vtl.VTLResourceIntegrationTest" time="2.11"/>
  <testcase name="testGet[1: com.dotcms.rest.api.v1.vtl.VTLResourceTestCase@3b4d02a0]" classname="com.dotcms.rest.api.v1.vtl.VTLResourceIntegrationTest" time="2.115"/>
  <testcase name="testGet[2: com.dotcms.rest.api.v1.vtl.VTLResourceTestCase@2ea04273]" classname="com.dotcms.rest.api.v1.vtl.VTLResourceIntegrationTest" time="1.794"/>
  <testcase name="testGet[3: com.dotcms.rest.api.v1.vtl.VTLResourceTestCase@37cdeb07]" classname="com.dotcms.rest.api.v1.vtl.VTLResourceIntegrationTest" time="2.05"/>
  <testcase name="testGet[4: com.dotcms.rest.api.v1.vtl.VTLResourceTestCase@17231664]" classname="com.dotcms.rest.api.v1.vtl.VTLResourceIntegrationTest" time="2.069"/>
  <testcase name="testGet[5: com.dotcms.rest.api.v1.vtl.VTLResourceTestCase@44a84e22]" classname="com.dotcms.rest.api.v1.vtl.VTLResourceIntegrationTest" time="1.827"/>
  <system-out><![CDATA[]]></system-out>
  <system-err><![CDATA[]]></system-err>
</testsuite>
