<?xml version="1.0" encoding="UTF-8"?>
<testsuite name="com.dotcms.publishing.PublisherAPITest" tests="10" skipped="0" failures="0" errors="0" timestamp="2023-06-22T18:11:19" hostname="fv-az419-343" time="7.034">
  <properties/>
  <testcase name="test_getFiltersByRole_CMSAdmin_returnAllFilters" classname="com.dotcms.publishing.PublisherAPITest" time="0.708"/>
  <testcase name="test_getFiltersByRole_nonCMSAdmin_RoleHierarchy" classname="com.dotcms.publishing.PublisherAPITest" time="2.868"/>
  <testcase name="test_getFiltersByRole_nonCMSAdmin_userId" classname="com.dotcms.publishing.PublisherAPITest" time="0.729"/>
  <testcase name="test_getFilterDescriptorByKey_emptyKey_returnDefaultFilter" classname="com.dotcms.publishing.PublisherAPITest" time="0.0"/>
  <testcase name="test_addFilter_success" classname="com.dotcms.publishing.PublisherAPITest" time="0.045"/>
  <testcase name="test_createPublisherFilter_withAllFilters" classname="com.dotcms.publishing.PublisherAPITest" time="0.313"/>
  <testcase name="test_getFilterDescriptorByKey_success" classname="com.dotcms.publishing.PublisherAPITest" time="0.0"/>
  <testcase name="test_createPublisherFilter_withSomeFilters" classname="com.dotcms.publishing.PublisherAPITest" time="0.003"/>
  <testcase name="test_publish_fail_retry" classname="com.dotcms.publishing.PublisherAPITest" time="2.364"/>
  <testcase name="test_getFilterDescriptorByKey_filterKeyDoesNotExist_returnDefaultFilter" classname="com.dotcms.publishing.PublisherAPITest" time="0.001"/>
  <system-out><![CDATA[

]]></system-out>
  <system-err><![CDATA[]]></system-err>
</testsuite>
