<?xml version="1.0" encoding="UTF-8"?>
<testsuite name="com.dotmarketing.business.DeterministicIdentifierAPITest" tests="16" skipped="0" failures="0" errors="0" timestamp="2023-06-28T18:13:16" hostname="fv-az365-455" time="0.975">
  <properties/>
  <testcase name="Test_Category_Path_Seed_And_Id" classname="com.dotmarketing.business.DeterministicIdentifierAPITest" time="0.024"/>
  <testcase name="Test_Language_Deterministic_Id[0: LanguageTestCase{expectedSeed='Language:es:US', expectedHash=4913155, langCode='es', countryCode='US', country='United States'}]" classname="com.dotmarketing.business.DeterministicIdentifierAPITest" time="0.001"/>
  <testcase name="Test_Language_Deterministic_Id[1: LanguageTestCase{expectedSeed='Language:ep:', expectedHash=5292269, langCode='ep', countryCode='', country=''}]" classname="com.dotmarketing.business.DeterministicIdentifierAPITest" time="0.001"/>
  <testcase name="Test_Language_Deterministic_Id[2: LanguageTestCase{expectedSeed='Language:sg:SAG', expectedHash=4713118, langCode='sg', countryCode='SAG', country=''}]" classname="com.dotmarketing.business.DeterministicIdentifierAPITest" time="0.001"/>
  <testcase name="Test_Language_Deterministic_Id[3: LanguageTestCase{expectedSeed='Language:en:NZ', expectedHash=5382528, langCode='en', countryCode='NZ', country='New Zealand'}]" classname="com.dotmarketing.business.DeterministicIdentifierAPITest" time="0.001"/>
  <testcase name="Test_Category_None_Persisted_Category_Should_Return_Deterministic_Id" classname="com.dotmarketing.business.DeterministicIdentifierAPITest" time="0.001"/>
  <testcase name="Test_Asset_Generate_Deterministic_Id_Best_Effort[0: TestCase{versionable=my.host1687975614167.com, parent=System Host, expectedName='my.host1687975614167.com', expectedType='Host'}]" classname="com.dotmarketing.business.DeterministicIdentifierAPITest" time="0.003"/>
  <testcase name="Test_Asset_Generate_Deterministic_Id_Best_Effort[1: TestCase{versionable=com.dotmarketing.portlets.contentlet.model.Contentlet@c20397f[map={modDate=2023-06-28 18:06:54.96, fileName=file17323451415684225480.txt, title=file17323451415684225480.txt, inode=d9e29faa-0a5c-46f4-bc6e-2171c4574f5b, __IS_NEW_CONTENT__=true, disabledWYSIWYG=[], host=7e77b8a6-cce1-4388-832e-ea98cd071169, stInode=33888b6f-7a8e-4069-b1b6-5c1aa9d0a48d, owner=system, identifier=14b5ca89-8eb2-45bd-83cf-dc08c02a05e1, nullProperties=[wfExpireDate, wfPublishDate, wfActionAssign, wfActionId, wfActionComments, filterKey, whereToSend, wfNeverExpire, _path_to_move, timezoneId, iWantTo, wfPublishTime, wfExpireTime], languageId=1, fileAsset=/home/runner/work/core/custom/assets/d/9/d9e29faa-0a5c-46f4-bc6e-2171c4574f5b/fileAsset/file17323451415684225480.txt, folder=f38deb7d-13b1-4ad4-981c-c3d2c221108b, __disable_workflow__=true, sortOrder=0, modUser=system},lowIndexPriority=false,variantId=DEFAULT], parent=com.dotmarketing.portlets.folders.model.Folder@5eb76bbc[identifier=f38deb7d-13b1-4ad4-981c-c3d2c221108b,name=testName1687975614952,sortOrder=0,showOnMenu=false,hostId=7e77b8a6-cce1-4388-832e-ea98cd071169,type=folder,title=testTitle1687975614952,filesMasks=,defaultFileType=33888b6f-7a8e-4069-b1b6-5c1aa9d0a48d,modDate=2023-06-28 18:06:54.955,owner=&lt;null&gt;,iDate=2023-06-28 18:06:54.955,inode=f38deb7d-13b1-4ad4-981c-c3d2c221108b,path=/testName1687975614952/], expectedName='file17323451415684225480.txt', expectedType='FileAsset'}]" classname="com.dotmarketing.business.DeterministicIdentifierAPITest" time="0.003"/>
  <testcase name="Test_Asset_Generate_Deterministic_Id_Best_Effort[2: TestCase{versionable=com.dotmarketing.portlets.templates.model.Template@ebd38526, parent=my.host1687975614167.com, expectedName='testTitle1687975615077', expectedType='Template'}]" classname="com.dotmarketing.business.DeterministicIdentifierAPITest" time="0.002"/>
  <testcase name="Test_Asset_Generate_Deterministic_Id_Best_Effort[3: TestCase{versionable=com.dotmarketing.portlets.htmlpageasset.model.HTMLPageAsset@2b8bbcce[map={template=b39888d1-b045-4d80-8a19-f504065c6fd9, owner=system, identifier=ed954583-1c7b-4d40-b2c8-7e21830d43d4, nullProperties=[wfExpireDate, wfPublishDate, wfActionAssign, wfActionId, wfActionComments, filterKey, whereToSend, wfNeverExpire, _path_to_move, timezoneId, iWantTo, wfPublishTime, wfExpireTime], modDate=2023-06-28 18:06:55.096, cachettl=0, _is_test_mode=true, languageId=1, title=test-page-title-1687975615091, httpsreq=, url=test-page-url-1687975615091, showOnMenu=, inode=4617180b-82f4-4ead-a8ef-03f61f7692f3, folder=f38deb7d-13b1-4ad4-981c-c3d2c221108b, disabledWYSIWYG=[], sortOrder=1, modUser=system, host=7e77b8a6-cce1-4388-832e-ea98cd071169, stInode=c541abb1-69b3-4bc5-8430-5e09e5239cc8, friendlyName=test-page-friendly-name-1687975615091},lowIndexPriority=false,variantId=DEFAULT], parent=com.dotmarketing.portlets.folders.model.Folder@5eb76bbc[identifier=f38deb7d-13b1-4ad4-981c-c3d2c221108b,name=testName1687975614952,sortOrder=0,showOnMenu=false,hostId=7e77b8a6-cce1-4388-832e-ea98cd071169,type=folder,title=testTitle1687975614952,filesMasks=,defaultFileType=33888b6f-7a8e-4069-b1b6-5c1aa9d0a48d,modDate=2023-06-28 18:06:54.955,owner=&lt;null&gt;,iDate=2023-06-28 18:06:54.955,inode=f38deb7d-13b1-4ad4-981c-c3d2c221108b,path=/testName1687975614952/], expectedName='test-page-url-1687975615091', expectedType='htmlpageasset'}]" classname="com.dotmarketing.business.DeterministicIdentifierAPITest" time="0.002"/>
  <testcase name="Test_Asset_Generate_Deterministic_Id_Best_Effort[4: TestCase{versionable=com.dotmarketing.portlets.contentlet.model.Contentlet@49580ab2[map={fileAsset2=/home/runner/work/core/custom/assets/b/c/bc0ffc01-3e34-4687-a81e-b44baaa5397e/fileAsset2/test_binary1687975615932.png, modDate=2023-06-28 18:06:55.938, fileAsset1=/home/runner/work/core/custom/assets/b/c/bc0ffc01-3e34-4687-a81e-b44baaa5397e/fileAsset1/test_binary1687975615932.jpg, title=blah, inode=bc0ffc01-3e34-4687-a81e-b44baaa5397e, __IS_NEW_CONTENT__=true, disabledWYSIWYG=[], host=48190c8c-42c4-46af-8d1a-0cd5db894797, stInode=0c483ac8-04ed-4bbe-a315-6cb5f05b8e69, owner=system, identifier=567f7097-3aaf-4653-ad45-60a63a43c34e, nullProperties=[], languageId=1, image1=c8159d0b-6d90-41db-99e6-65695ffbef57, folder=SYSTEM_FOLDER, __disable_workflow__=true, sortOrder=0, modUser=system},lowIndexPriority=false,variantId=DEFAULT], parent=demo.dotcms.com, expectedName='test_binary1687975615932.jpg:test_binary1687975615932.png', expectedType='MultipleBinaries1687975615265'}]" classname="com.dotmarketing.business.DeterministicIdentifierAPITest" time="0.003"/>
  <testcase name="Test_Asset_Generate_Deterministic_Id_Best_Effort[5: TestCase{versionable=name1b0cd52cbc : keyTag1b0cd52cbc, parent=my.host1687975614167.com, expectedName='keyTag1b0cd52cbc', expectedType='persona'}]" classname="com.dotmarketing.business.DeterministicIdentifierAPITest" time="0.002"/>
  <testcase name="Test_Similar_Content_Type_Wont_Clash" classname="com.dotmarketing.business.DeterministicIdentifierAPITest" time="0.515"/>
  <testcase name="Test_Generate_Folder_Identifier" classname="com.dotmarketing.business.DeterministicIdentifierAPITest" time="0.38"/>
  <testcase name="Test_Generate_Content_Type_Identifier[0: ContentTypeTestCase{contentType=KeyValueContentType{name=Language Variable, id=f4d7c1b8-2c88-4071-abf1-a5328977b07d, description=Default Content Type for Language Variables, defaultType=false, fixed=true, iDate=Thu Aug 31 16:38:49 UTC 2017, system=true, versionable=true, variable=Languagevariable, modDate=Wed Jun 28 17:02:45 UTC 2023, host=SYSTEM_HOST, siteName=systemHost, icon=language, sortOrder=0, folder=SYSTEM_FOLDER, folderPath=/, markedForDeletion=true, multilingualable=false}, expectedName='Languagevariable', expectedType='KeyValue'}]" classname="com.dotmarketing.business.DeterministicIdentifierAPITest" time="0.024"/>
  <testcase name="Test_Generate_Content_Type_Identifier[1: ContentTypeTestCase{contentType=SimpleContentType{name=testName1687975616350, id=6e3c5b63-70f4-48ea-aa81-8a3d69120901, description=testDescription1687975616350, defaultType=false, fixed=false, iDate=Wed Jun 28 18:06:56 UTC 2023, system=false, versionable=true, multilingualable=false, variable=testVarname1687975616350, owner=system, modDate=Wed Jun 28 18:06:57 UTC 2023, host=48190c8c-42c4-46af-8d1a-0cd5db894797, siteName=demo.dotcms.com, icon=event_note, sortOrder=0, folder=SYSTEM_FOLDER, folderPath=/, requiredFields=[], markedForDeletion=false}, expectedName='testVarname1687975616350', expectedType='CONTENT'}]" classname="com.dotmarketing.business.DeterministicIdentifierAPITest" time="0.009"/>
  <system-out><![CDATA[]]></system-out>
  <system-err><![CDATA[]]></system-err>
</testsuite>
