<?xml version="1.0" encoding="UTF-8"?>
<testsuite name="com.dotcms.rendering.velocity.viewtools.content.util.ContentUtilsTest" tests="89" skipped="0" failures="0" errors="0" timestamp="2023-06-30T23:40:41" hostname="fv-az613-350" time="398.808">
  <properties/>
  <testcase name="whenTheTimeMachineDateIsNullAndPublishDateInFutureShouldNotReturnAnything" classname="com.dotcms.rendering.velocity.viewtools.content.util.ContentUtilsTest" time="3.144"/>
  <testcase name="test_find_multilingual_contentlet_getContentletSuccessfully" classname="com.dotcms.rendering.velocity.viewtools.content.util.ContentUtilsTest" time="2.032"/>
  <testcase name="whenTheTimeMachineDateAndPublishDateAreTomorrowShouldReturnOneContent" classname="com.dotcms.rendering.velocity.viewtools.content.util.ContentUtilsTest" time="3.164"/>
  <testcase name="testPullRelated[0: com.dotcms.rendering.velocity.viewtools.content.util.ContentUtilsTest$TestCase@b7daacc]" classname="com.dotcms.rendering.velocity.viewtools.content.util.ContentUtilsTest" time="3.527"/>
  <testcase name="testPullRelated[1: com.dotcms.rendering.velocity.viewtools.content.util.ContentUtilsTest$TestCase@292f7534]" classname="com.dotcms.rendering.velocity.viewtools.content.util.ContentUtilsTest" time="4.128"/>
  <testcase name="testPullRelated[2: com.dotcms.rendering.velocity.viewtools.content.util.ContentUtilsTest$TestCase@e8da2b9]" classname="com.dotcms.rendering.velocity.viewtools.content.util.ContentUtilsTest" time="4.264"/>
  <testcase name="testPullRelated[3: com.dotcms.rendering.velocity.viewtools.content.util.ContentUtilsTest$TestCase@714b8aa5]" classname="com.dotcms.rendering.velocity.viewtools.content.util.ContentUtilsTest" time="3.814"/>
  <testcase name="testPullRelated[4: com.dotcms.rendering.velocity.viewtools.content.util.ContentUtilsTest$TestCase@1786658a]" classname="com.dotcms.rendering.velocity.viewtools.content.util.ContentUtilsTest" time="3.804"/>
  <testcase name="testPullRelated[5: com.dotcms.rendering.velocity.viewtools.content.util.ContentUtilsTest$TestCase@45d2249b]" classname="com.dotcms.rendering.velocity.viewtools.content.util.ContentUtilsTest" time="3.275"/>
  <testcase name="testPullRelated[6: com.dotcms.rendering.velocity.viewtools.content.util.ContentUtilsTest$TestCase@2629def2]" classname="com.dotcms.rendering.velocity.viewtools.content.util.ContentUtilsTest" time="3.139"/>
  <testcase name="testPullRelated[7: com.dotcms.rendering.velocity.viewtools.content.util.ContentUtilsTest$TestCase@b1a6630]" classname="com.dotcms.rendering.velocity.viewtools.content.util.ContentUtilsTest" time="2.974"/>
  <testcase name="testPullRelated[8: com.dotcms.rendering.velocity.viewtools.content.util.ContentUtilsTest$TestCase@2f14f8ec]" classname="com.dotcms.rendering.velocity.viewtools.content.util.ContentUtilsTest" time="3.903"/>
  <testcase name="testPullRelated[9: com.dotcms.rendering.velocity.viewtools.content.util.ContentUtilsTest$TestCase@7b36e769]" classname="com.dotcms.rendering.velocity.viewtools.content.util.ContentUtilsTest" time="4.063"/>
  <testcase name="testPullRelated[10: com.dotcms.rendering.velocity.viewtools.content.util.ContentUtilsTest$TestCase@138078b3]" classname="com.dotcms.rendering.velocity.viewtools.content.util.ContentUtilsTest" time="4.173"/>
  <testcase name="testPullRelated[11: com.dotcms.rendering.velocity.viewtools.content.util.ContentUtilsTest$TestCase@4b73b715]" classname="com.dotcms.rendering.velocity.viewtools.content.util.ContentUtilsTest" time="4.07"/>
  <testcase name="testPullRelated[12: com.dotcms.rendering.velocity.viewtools.content.util.ContentUtilsTest$TestCase@43a8e50f]" classname="com.dotcms.rendering.velocity.viewtools.content.util.ContentUtilsTest" time="3.948"/>
  <testcase name="testPullRelated[13: com.dotcms.rendering.velocity.viewtools.content.util.ContentUtilsTest$TestCase@f695fbc]" classname="com.dotcms.rendering.velocity.viewtools.content.util.ContentUtilsTest" time="4.031"/>
  <testcase name="testPullRelated[14: com.dotcms.rendering.velocity.viewtools.content.util.ContentUtilsTest$TestCase@1f3cfb02]" classname="com.dotcms.rendering.velocity.viewtools.content.util.ContentUtilsTest" time="3.967"/>
  <testcase name="testPullRelated[15: com.dotcms.rendering.velocity.viewtools.content.util.ContentUtilsTest$TestCase@49a12cef]" classname="com.dotcms.rendering.velocity.viewtools.content.util.ContentUtilsTest" time="4.18"/>
  <testcase name="testPullRelated[16: com.dotcms.rendering.velocity.viewtools.content.util.ContentUtilsTest$TestCase@4da53849]" classname="com.dotcms.rendering.velocity.viewtools.content.util.ContentUtilsTest" time="4.086"/>
  <testcase name="testPullRelated[17: com.dotcms.rendering.velocity.viewtools.content.util.ContentUtilsTest$TestCase@8740afe]" classname="com.dotcms.rendering.velocity.viewtools.content.util.ContentUtilsTest" time="4.018"/>
  <testcase name="testPullRelated[18: com.dotcms.rendering.velocity.viewtools.content.util.ContentUtilsTest$TestCase@70681419]" classname="com.dotcms.rendering.velocity.viewtools.content.util.ContentUtilsTest" time="3.184"/>
  <testcase name="testPullRelated[19: com.dotcms.rendering.velocity.viewtools.content.util.ContentUtilsTest$TestCase@30ee88af]" classname="com.dotcms.rendering.velocity.viewtools.content.util.ContentUtilsTest" time="3.857"/>
  <testcase name="testPullRelated[20: com.dotcms.rendering.velocity.viewtools.content.util.ContentUtilsTest$TestCase@546d998b]" classname="com.dotcms.rendering.velocity.viewtools.content.util.ContentUtilsTest" time="4.128"/>
  <testcase name="testPullRelated[21: com.dotcms.rendering.velocity.viewtools.content.util.ContentUtilsTest$TestCase@7c665a02]" classname="com.dotcms.rendering.velocity.viewtools.content.util.ContentUtilsTest" time="4.026"/>
  <testcase name="testPullRelated[22: com.dotcms.rendering.velocity.viewtools.content.util.ContentUtilsTest$TestCase@4c9e514b]" classname="com.dotcms.rendering.velocity.viewtools.content.util.ContentUtilsTest" time="4.032"/>
  <testcase name="testPullRelated[23: com.dotcms.rendering.velocity.viewtools.content.util.ContentUtilsTest$TestCase@8711387]" classname="com.dotcms.rendering.velocity.viewtools.content.util.ContentUtilsTest" time="4.131"/>
  <testcase name="testPullRelated[24: com.dotcms.rendering.velocity.viewtools.content.util.ContentUtilsTest$TestCase@306862c3]" classname="com.dotcms.rendering.velocity.viewtools.content.util.ContentUtilsTest" time="3.897"/>
  <testcase name="testPullRelated[25: com.dotcms.rendering.velocity.viewtools.content.util.ContentUtilsTest$TestCase@7e109886]" classname="com.dotcms.rendering.velocity.viewtools.content.util.ContentUtilsTest" time="4.178"/>
  <testcase name="testPullRelated[26: com.dotcms.rendering.velocity.viewtools.content.util.ContentUtilsTest$TestCase@403a9a06]" classname="com.dotcms.rendering.velocity.viewtools.content.util.ContentUtilsTest" time="3.957"/>
  <testcase name="testPullRelated[27: com.dotcms.rendering.velocity.viewtools.content.util.ContentUtilsTest$TestCase@40d744ad]" classname="com.dotcms.rendering.velocity.viewtools.content.util.ContentUtilsTest" time="4.131"/>
  <testcase name="testPullRelated[28: com.dotcms.rendering.velocity.viewtools.content.util.ContentUtilsTest$TestCase@33da580e]" classname="com.dotcms.rendering.velocity.viewtools.content.util.ContentUtilsTest" time="3.957"/>
  <testcase name="testPullRelated[29: com.dotcms.rendering.velocity.viewtools.content.util.ContentUtilsTest$TestCase@4974325b]" classname="com.dotcms.rendering.velocity.viewtools.content.util.ContentUtilsTest" time="4.155"/>
  <testcase name="testPullRelated[30: com.dotcms.rendering.velocity.viewtools.content.util.ContentUtilsTest$TestCase@5d8a6bd9]" classname="com.dotcms.rendering.velocity.viewtools.content.util.ContentUtilsTest" time="3.172"/>
  <testcase name="testPullRelated[31: com.dotcms.rendering.velocity.viewtools.content.util.ContentUtilsTest$TestCase@2702aee9]" classname="com.dotcms.rendering.velocity.viewtools.content.util.ContentUtilsTest" time="3.98"/>
  <testcase name="testPullRelated[32: com.dotcms.rendering.velocity.viewtools.content.util.ContentUtilsTest$TestCase@4679882f]" classname="com.dotcms.rendering.velocity.viewtools.content.util.ContentUtilsTest" time="3.996"/>
  <testcase name="testPullRelated[33: com.dotcms.rendering.velocity.viewtools.content.util.ContentUtilsTest$TestCase@2ef79c51]" classname="com.dotcms.rendering.velocity.viewtools.content.util.ContentUtilsTest" time="3.962"/>
  <testcase name="testPullRelated[34: com.dotcms.rendering.velocity.viewtools.content.util.ContentUtilsTest$TestCase@20adfef5]" classname="com.dotcms.rendering.velocity.viewtools.content.util.ContentUtilsTest" time="3.246"/>
  <testcase name="testPullRelated[35: com.dotcms.rendering.velocity.viewtools.content.util.ContentUtilsTest$TestCase@126a69ef]" classname="com.dotcms.rendering.velocity.viewtools.content.util.ContentUtilsTest" time="3.058"/>
  <testcase name="testPullRelated[36: com.dotcms.rendering.velocity.viewtools.content.util.ContentUtilsTest$TestCase@1858b37d]" classname="com.dotcms.rendering.velocity.viewtools.content.util.ContentUtilsTest" time="6.269"/>
  <testcase name="testPullRelated[37: com.dotcms.rendering.velocity.viewtools.content.util.ContentUtilsTest$TestCase@a5fa133]" classname="com.dotcms.rendering.velocity.viewtools.content.util.ContentUtilsTest" time="4.858"/>
  <testcase name="testPullRelated[38: com.dotcms.rendering.velocity.viewtools.content.util.ContentUtilsTest$TestCase@454abcdb]" classname="com.dotcms.rendering.velocity.viewtools.content.util.ContentUtilsTest" time="6.23"/>
  <testcase name="testPullRelated[39: com.dotcms.rendering.velocity.viewtools.content.util.ContentUtilsTest$TestCase@4ae908c]" classname="com.dotcms.rendering.velocity.viewtools.content.util.ContentUtilsTest" time="6.186"/>
  <testcase name="testPullRelated[40: com.dotcms.rendering.velocity.viewtools.content.util.ContentUtilsTest$TestCase@5930083f]" classname="com.dotcms.rendering.velocity.viewtools.content.util.ContentUtilsTest" time="6.14"/>
  <testcase name="testPullRelated[41: com.dotcms.rendering.velocity.viewtools.content.util.ContentUtilsTest$TestCase@2e116c13]" classname="com.dotcms.rendering.velocity.viewtools.content.util.ContentUtilsTest" time="5.884"/>
  <testcase name="testPullRelated[42: com.dotcms.rendering.velocity.viewtools.content.util.ContentUtilsTest$TestCase@3e2da16e]" classname="com.dotcms.rendering.velocity.viewtools.content.util.ContentUtilsTest" time="5.429"/>
  <testcase name="testPullRelated[43: com.dotcms.rendering.velocity.viewtools.content.util.ContentUtilsTest$TestCase@4e776cd7]" classname="com.dotcms.rendering.velocity.viewtools.content.util.ContentUtilsTest" time="5.026"/>
  <testcase name="testPullRelated[44: com.dotcms.rendering.velocity.viewtools.content.util.ContentUtilsTest$TestCase@17dff4d6]" classname="com.dotcms.rendering.velocity.viewtools.content.util.ContentUtilsTest" time="5.932"/>
  <testcase name="testPullRelated[45: com.dotcms.rendering.velocity.viewtools.content.util.ContentUtilsTest$TestCase@320b73ca]" classname="com.dotcms.rendering.velocity.viewtools.content.util.ContentUtilsTest" time="6.066"/>
  <testcase name="testPullRelated[46: com.dotcms.rendering.velocity.viewtools.content.util.ContentUtilsTest$TestCase@61fe9234]" classname="com.dotcms.rendering.velocity.viewtools.content.util.ContentUtilsTest" time="6.409"/>
  <testcase name="testPullRelated[47: com.dotcms.rendering.velocity.viewtools.content.util.ContentUtilsTest$TestCase@149a5b08]" classname="com.dotcms.rendering.velocity.viewtools.content.util.ContentUtilsTest" time="4.923"/>
  <testcase name="testPullRelated[48: com.dotcms.rendering.velocity.viewtools.content.util.ContentUtilsTest$TestCase@7c0b6409]" classname="com.dotcms.rendering.velocity.viewtools.content.util.ContentUtilsTest" time="6.137"/>
  <testcase name="testPullRelated[49: com.dotcms.rendering.velocity.viewtools.content.util.ContentUtilsTest$TestCase@1577cd61]" classname="com.dotcms.rendering.velocity.viewtools.content.util.ContentUtilsTest" time="5.872"/>
  <testcase name="testPullRelated[50: com.dotcms.rendering.velocity.viewtools.content.util.ContentUtilsTest$TestCase@8d92c9]" classname="com.dotcms.rendering.velocity.viewtools.content.util.ContentUtilsTest" time="5.251"/>
  <testcase name="testPullRelated[51: com.dotcms.rendering.velocity.viewtools.content.util.ContentUtilsTest$TestCase@4609dbcb]" classname="com.dotcms.rendering.velocity.viewtools.content.util.ContentUtilsTest" time="6.098"/>
  <testcase name="testPullRelated[52: com.dotcms.rendering.velocity.viewtools.content.util.ContentUtilsTest$TestCase@6185d42f]" classname="com.dotcms.rendering.velocity.viewtools.content.util.ContentUtilsTest" time="6.203"/>
  <testcase name="testPullRelated[53: com.dotcms.rendering.velocity.viewtools.content.util.ContentUtilsTest$TestCase@4a3211bb]" classname="com.dotcms.rendering.velocity.viewtools.content.util.ContentUtilsTest" time="4.927"/>
  <testcase name="testPullRelated[54: com.dotcms.rendering.velocity.viewtools.content.util.ContentUtilsTest$TestCase@26c5d9ee]" classname="com.dotcms.rendering.velocity.viewtools.content.util.ContentUtilsTest" time="6.329"/>
  <testcase name="testPullRelated[55: com.dotcms.rendering.velocity.viewtools.content.util.ContentUtilsTest$TestCase@2e1a997e]" classname="com.dotcms.rendering.velocity.viewtools.content.util.ContentUtilsTest" time="5.961"/>
  <testcase name="testPullRelated[56: com.dotcms.rendering.velocity.viewtools.content.util.ContentUtilsTest$TestCase@61f1043e]" classname="com.dotcms.rendering.velocity.viewtools.content.util.ContentUtilsTest" time="4.917"/>
  <testcase name="testPullRelated[57: com.dotcms.rendering.velocity.viewtools.content.util.ContentUtilsTest$TestCase@3b947e72]" classname="com.dotcms.rendering.velocity.viewtools.content.util.ContentUtilsTest" time="5.106"/>
  <testcase name="testPullRelated[58: com.dotcms.rendering.velocity.viewtools.content.util.ContentUtilsTest$TestCase@3316ca47]" classname="com.dotcms.rendering.velocity.viewtools.content.util.ContentUtilsTest" time="6.38"/>
  <testcase name="testPullRelated[59: com.dotcms.rendering.velocity.viewtools.content.util.ContentUtilsTest$TestCase@49bd7432]" classname="com.dotcms.rendering.velocity.viewtools.content.util.ContentUtilsTest" time="6.103"/>
  <testcase name="testPullRelated[60: com.dotcms.rendering.velocity.viewtools.content.util.ContentUtilsTest$TestCase@208459cf]" classname="com.dotcms.rendering.velocity.viewtools.content.util.ContentUtilsTest" time="6.044"/>
  <testcase name="testPullRelated[61: com.dotcms.rendering.velocity.viewtools.content.util.ContentUtilsTest$TestCase@38fbc443]" classname="com.dotcms.rendering.velocity.viewtools.content.util.ContentUtilsTest" time="6.08"/>
  <testcase name="testPullRelated[62: com.dotcms.rendering.velocity.viewtools.content.util.ContentUtilsTest$TestCase@3d3a65e9]" classname="com.dotcms.rendering.velocity.viewtools.content.util.ContentUtilsTest" time="6.2"/>
  <testcase name="testPullRelated[63: com.dotcms.rendering.velocity.viewtools.content.util.ContentUtilsTest$TestCase@1f849a98]" classname="com.dotcms.rendering.velocity.viewtools.content.util.ContentUtilsTest" time="6.047"/>
  <testcase name="testPullRelated[64: com.dotcms.rendering.velocity.viewtools.content.util.ContentUtilsTest$TestCase@1d4ce286]" classname="com.dotcms.rendering.velocity.viewtools.content.util.ContentUtilsTest" time="6.119"/>
  <testcase name="testPullRelated[65: com.dotcms.rendering.velocity.viewtools.content.util.ContentUtilsTest$TestCase@7bf3e4b0]" classname="com.dotcms.rendering.velocity.viewtools.content.util.ContentUtilsTest" time="5.967"/>
  <testcase name="testPullRelated[66: com.dotcms.rendering.velocity.viewtools.content.util.ContentUtilsTest$TestCase@1508d30a]" classname="com.dotcms.rendering.velocity.viewtools.content.util.ContentUtilsTest" time="6.228"/>
  <testcase name="testPullRelated[67: com.dotcms.rendering.velocity.viewtools.content.util.ContentUtilsTest$TestCase@2ee3cb69]" classname="com.dotcms.rendering.velocity.viewtools.content.util.ContentUtilsTest" time="6.133"/>
  <testcase name="testPullRelated[68: com.dotcms.rendering.velocity.viewtools.content.util.ContentUtilsTest$TestCase@54c144e1]" classname="com.dotcms.rendering.velocity.viewtools.content.util.ContentUtilsTest" time="6.043"/>
  <testcase name="testPullRelated[69: com.dotcms.rendering.velocity.viewtools.content.util.ContentUtilsTest$TestCase@30f3fcad]" classname="com.dotcms.rendering.velocity.viewtools.content.util.ContentUtilsTest" time="5.932"/>
  <testcase name="testPullRelated[70: com.dotcms.rendering.velocity.viewtools.content.util.ContentUtilsTest$TestCase@63b0f93a]" classname="com.dotcms.rendering.velocity.viewtools.content.util.ContentUtilsTest" time="6.366"/>
  <testcase name="testPullRelated[71: com.dotcms.rendering.velocity.viewtools.content.util.ContentUtilsTest$TestCase@5338cea6]" classname="com.dotcms.rendering.velocity.viewtools.content.util.ContentUtilsTest" time="6.078"/>
  <testcase name="whenPublishAndExpireDatesAreInTheFutureAndTimeMachineIsAfterBoth" classname="com.dotcms.rendering.velocity.viewtools.content.util.ContentUtilsTest" time="3.195"/>
  <testcase name="testPullRelatedForLegacyRelationship[0: com.dotcms.rendering.velocity.viewtools.content.util.ContentUtilsTest$LegacyTestCase@d806e6c]" classname="com.dotcms.rendering.velocity.viewtools.content.util.ContentUtilsTest" time="4.27"/>
  <testcase name="testPullRelatedForLegacyRelationship[1: com.dotcms.rendering.velocity.viewtools.content.util.ContentUtilsTest$LegacyTestCase@22b9ede5]" classname="com.dotcms.rendering.velocity.viewtools.content.util.ContentUtilsTest" time="3.207"/>
  <testcase name="whenTheTimeMachineDateIsAfterTomorrowAndExpireDateIsTomorrowShouldNotReturnContent" classname="com.dotcms.rendering.velocity.viewtools.content.util.ContentUtilsTest" time="3.232"/>
  <testcase name="testPullLiveRelatedWhenLatestVersionIsWorking" classname="com.dotcms.rendering.velocity.viewtools.content.util.ContentUtilsTest" time="4.698"/>
  <testcase name="test_add_relationships_on_parent_children_related_contents" classname="com.dotcms.rendering.velocity.viewtools.content.util.ContentUtilsTest" time="1.554"/>
  <testcase name="testSortPullRelated[0: com.dotcms.rendering.velocity.viewtools.content.util.ContentUtilsTest$SortTestCase@4624b9a1]" classname="com.dotcms.rendering.velocity.viewtools.content.util.ContentUtilsTest" time="1.62"/>
  <testcase name="testSortPullRelated[1: com.dotcms.rendering.velocity.viewtools.content.util.ContentUtilsTest$SortTestCase@53fc123d]" classname="com.dotcms.rendering.velocity.viewtools.content.util.ContentUtilsTest" time="2.963"/>
  <testcase name="testSortPullRelated[2: com.dotcms.rendering.velocity.viewtools.content.util.ContentUtilsTest$SortTestCase@5d01e520]" classname="com.dotcms.rendering.velocity.viewtools.content.util.ContentUtilsTest" time="1.892"/>
  <testcase name="testSortPullRelated[3: com.dotcms.rendering.velocity.viewtools.content.util.ContentUtilsTest$SortTestCase@303afda0]" classname="com.dotcms.rendering.velocity.viewtools.content.util.ContentUtilsTest" time="1.963"/>
  <testcase name="testSortPullRelated[4: com.dotcms.rendering.velocity.viewtools.content.util.ContentUtilsTest$SortTestCase@5330b3b7]" classname="com.dotcms.rendering.velocity.viewtools.content.util.ContentUtilsTest" time="2.745"/>
  <testcase name="testSortPullRelated[5: com.dotcms.rendering.velocity.viewtools.content.util.ContentUtilsTest$SortTestCase@60ee2e16]" classname="com.dotcms.rendering.velocity.viewtools.content.util.ContentUtilsTest" time="2.951"/>
  <testcase name="whenTheTimeMachineDateIsAfterTomorrowAndExpireDateIsInFutureShouldReturnContent" classname="com.dotcms.rendering.velocity.viewtools.content.util.ContentUtilsTest" time="3.31"/>
  <testcase name="testPullRelatedFieldShouldRespectDefaultOrder" classname="com.dotcms.rendering.velocity.viewtools.content.util.ContentUtilsTest" time="2.583"/>
  <system-out><![CDATA[]]></system-out>
  <system-err><![CDATA[]]></system-err>
</testsuite>
