<?xml version="1.0" encoding="UTF-8"?>
<testsuite name="com.dotcms.rest.api.v1.vtl.VTLResourceIntegrationTest" tests="6" skipped="0" failures="0" errors="0" timestamp="2023-06-26T20:05:26" hostname="fv-az351-37" time="12.304">
  <properties/>
  <testcase name="testGet[0: com.dotcms.rest.api.v1.vtl.VTLResourceTestCase@2ea04273]" classname="com.dotcms.rest.api.v1.vtl.VTLResourceIntegrationTest" time="2.379"/>
  <testcase name="testGet[1: com.dotcms.rest.api.v1.vtl.VTLResourceTestCase@37cdeb07]" classname="com.dotcms.rest.api.v1.vtl.VTLResourceIntegrationTest" time="1.936"/>
  <testcase name="testGet[2: com.dotcms.rest.api.v1.vtl.VTLResourceTestCase@17231664]" classname="com.dotcms.rest.api.v1.vtl.VTLResourceIntegrationTest" time="2.02"/>
  <testcase name="testGet[3: com.dotcms.rest.api.v1.vtl.VTLResourceTestCase@44a84e22]" classname="com.dotcms.rest.api.v1.vtl.VTLResourceIntegrationTest" time="2.14"/>
  <testcase name="testGet[4: com.dotcms.rest.api.v1.vtl.VTLResourceTestCase@68b73f1e]" classname="com.dotcms.rest.api.v1.vtl.VTLResourceIntegrationTest" time="1.847"/>
  <testcase name="testGet[5: com.dotcms.rest.api.v1.vtl.VTLResourceTestCase@30fa74dc]" classname="com.dotcms.rest.api.v1.vtl.VTLResourceIntegrationTest" time="1.982"/>
  <system-out><![CDATA[]]></system-out>
  <system-err><![CDATA[]]></system-err>
</testsuite>
