<?xml version="1.0" encoding="UTF-8"?>
<testsuite name="com.dotcms.security.multipart.BoundedBufferedReaderTest" tests="1" skipped="0" failures="0" errors="0" timestamp="2023-07-11T00:04:32" hostname="fv-az621-762" time="0.004">
  <properties/>
  <testcase name="Test_Parse_happy_path" classname="com.dotcms.security.multipart.BoundedBufferedReaderTest" time="0.004"/>
  <system-out><![CDATA[]]></system-out>
  <system-err><![CDATA[]]></system-err>
</testsuite>
