<?xml version="1.0" encoding="UTF-8"?>
<testsuite name="com.dotcms.variant.VariantFactoryTest" tests="14" skipped="0" failures="0" errors="0" timestamp="2023-06-28T23:52:23" hostname="fv-az642-275" time="1.027">
  <properties/>
  <testcase name="delete" classname="com.dotcms.variant.VariantFactoryTest" time="1.007"/>
  <testcase name="updateDeletedField" classname="com.dotcms.variant.VariantFactoryTest" time="0.002"/>
  <testcase name="update" classname="com.dotcms.variant.VariantFactoryTest" time="0.003"/>
  <testcase name="save" classname="com.dotcms.variant.VariantFactoryTest" time="0.001"/>
  <testcase name="getByNameCache" classname="com.dotcms.variant.VariantFactoryTest" time="0.002"/>
  <testcase name="getByName" classname="com.dotcms.variant.VariantFactoryTest" time="0.001"/>
  <testcase name="saveDuplicatedNamed" classname="com.dotcms.variant.VariantFactoryTest" time="0.002"/>
  <testcase name="getArchived" classname="com.dotcms.variant.VariantFactoryTest" time="0.002"/>
  <testcase name="getByCache" classname="com.dotcms.variant.VariantFactoryTest" time="0.001"/>
  <testcase name="saveNotValidNameVariant" classname="com.dotcms.variant.VariantFactoryTest" time="0.0"/>
  <testcase name="saveCalculateRepeatID" classname="com.dotcms.variant.VariantFactoryTest" time="0.002"/>
  <testcase name="deleteNotExists" classname="com.dotcms.variant.VariantFactoryTest" time="0.0"/>
  <testcase name="getNotExistsByName" classname="com.dotcms.variant.VariantFactoryTest" time="0.001"/>
  <testcase name="updateDuplicatedNamed" classname="com.dotcms.variant.VariantFactoryTest" time="0.002"/>
  <system-out><![CDATA[]]></system-out>
  <system-err><![CDATA[]]></system-err>
</testsuite>
