<?xml version="1.0" encoding="UTF-8"?>
<testsuite name="com.dotcms.rest.elasticsearch.ESContentResourcePortletTest" tests="8" skipped="0" failures="0" errors="0" timestamp="2023-06-30T20:36:13" hostname="fv-az1025-316" time="7.833">
  <properties/>
  <testcase name="test_search_includeGrandChildCategory_success" classname="com.dotcms.rest.elasticsearch.ESContentResourcePortletTest" time="1.383"/>
  <testcase name="testSearch[0: com.dotcms.rest.elasticsearch.ESContentResourcePortletTest$TestCase@766de17d]" classname="com.dotcms.rest.elasticsearch.ESContentResourcePortletTest" time="0.918"/>
  <testcase name="testSearch[1: com.dotcms.rest.elasticsearch.ESContentResourcePortletTest$TestCase@6bd5e3a1]" classname="com.dotcms.rest.elasticsearch.ESContentResourcePortletTest" time="1.251"/>
  <testcase name="testSearch[2: com.dotcms.rest.elasticsearch.ESContentResourcePortletTest$TestCase@7523c5df]" classname="com.dotcms.rest.elasticsearch.ESContentResourcePortletTest" time="0.904"/>
  <testcase name="testSearch[3: com.dotcms.rest.elasticsearch.ESContentResourcePortletTest$TestCase@2a0a43c2]" classname="com.dotcms.rest.elasticsearch.ESContentResourcePortletTest" time="0.248"/>
  <testcase name="testSearch[4: com.dotcms.rest.elasticsearch.ESContentResourcePortletTest$TestCase@33f529f7]" classname="com.dotcms.rest.elasticsearch.ESContentResourcePortletTest" time="1.283"/>
  <testcase name="testSearch[5: com.dotcms.rest.elasticsearch.ESContentResourcePortletTest$TestCase@77f91cc3]" classname="com.dotcms.rest.elasticsearch.ESContentResourcePortletTest" time="0.941"/>
  <testcase name="testSearch[6: com.dotcms.rest.elasticsearch.ESContentResourcePortletTest$TestCase@1c1f22de]" classname="com.dotcms.rest.elasticsearch.ESContentResourcePortletTest" time="0.905"/>
  <system-out><![CDATA[]]></system-out>
  <system-err><![CDATA[]]></system-err>
</testsuite>
