<?xml version="1.0" encoding="UTF-8"?>
<testsuite name="com.dotmarketing.portlets.contentlet.util.ContentletUtilTest" tests="5" skipped="0" failures="0" errors="0" timestamp="2023-07-18T18:27:42" hostname="fv-az351-382" time="7.399">
  <properties/>
  <testcase name="validateContentPrintableMapMethodReturnProperCategories[0: categoryNames]" classname="com.dotmarketing.portlets.contentlet.util.ContentletUtilTest" time="1.524"/>
  <testcase name="validateContentPrintableMapMethodReturnProperCategories[1: allCategoriesInfo]" classname="com.dotmarketing.portlets.contentlet.util.ContentletUtilTest" time="1.518"/>
  <testcase name="test_getContentPrintableMap_WhenContentTypeIsHTMLPage_PathIsAddedToTheMap" classname="com.dotmarketing.portlets.contentlet.util.ContentletUtilTest" time="1.962"/>
  <testcase name="test_getContentPrintableMap_WhenContentTypeIsNeitherFileAssetNorPage_PathIsNotAddedToTheMap" classname="com.dotmarketing.portlets.contentlet.util.ContentletUtilTest" time="1.156"/>
  <testcase name="test_getContentPrintableMap_WhenContentTypeIsFileAsset_PathIsAddedToTheMap" classname="com.dotmarketing.portlets.contentlet.util.ContentletUtilTest" time="1.238"/>
  <system-out><![CDATA[]]></system-out>
  <system-err><![CDATA[]]></system-err>
</testsuite>
