<?xml version="1.0" encoding="UTF-8"?>
<testsuite name="com.dotcms.rest.api.v1.vtl.VTLResourceIntegrationTest" tests="6" skipped="0" failures="0" errors="0" timestamp="2023-07-18T16:55:44" hostname="fv-az1234-907" time="12.125">
  <properties/>
  <testcase name="testGet[0: com.dotcms.rest.api.v1.vtl.VTLResourceTestCase@5977705a]" classname="com.dotcms.rest.api.v1.vtl.VTLResourceIntegrationTest" time="2.137"/>
  <testcase name="testGet[1: com.dotcms.rest.api.v1.vtl.VTLResourceTestCase@f8d86a8]" classname="com.dotcms.rest.api.v1.vtl.VTLResourceIntegrationTest" time="1.996"/>
  <testcase name="testGet[2: com.dotcms.rest.api.v1.vtl.VTLResourceTestCase@5b61a365]" classname="com.dotcms.rest.api.v1.vtl.VTLResourceIntegrationTest" time="2.138"/>
  <testcase name="testGet[3: com.dotcms.rest.api.v1.vtl.VTLResourceTestCase@3d8ca5e9]" classname="com.dotcms.rest.api.v1.vtl.VTLResourceIntegrationTest" time="1.878"/>
  <testcase name="testGet[4: com.dotcms.rest.api.v1.vtl.VTLResourceTestCase@5f1be7a2]" classname="com.dotcms.rest.api.v1.vtl.VTLResourceIntegrationTest" time="1.977"/>
  <testcase name="testGet[5: com.dotcms.rest.api.v1.vtl.VTLResourceTestCase@3cc0822f]" classname="com.dotcms.rest.api.v1.vtl.VTLResourceIntegrationTest" time="1.998"/>
  <system-out><![CDATA[]]></system-out>
  <system-err><![CDATA[]]></system-err>
</testsuite>
