<?xml version="1.0" encoding="UTF-8"?>
<testsuite name="com.dotmarketing.business.DeterministicIdentifierAPITest" tests="16" skipped="0" failures="0" errors="0" timestamp="2023-07-18T19:13:33" hostname="fv-az803-421" time="1.293">
  <properties/>
  <testcase name="Test_Category_Path_Seed_And_Id" classname="com.dotmarketing.business.DeterministicIdentifierAPITest" time="0.032"/>
  <testcase name="Test_Language_Deterministic_Id[0: LanguageTestCase{expectedSeed='Language:es:US', expectedHash=4913155, langCode='es', countryCode='US', country='United States'}]" classname="com.dotmarketing.business.DeterministicIdentifierAPITest" time="0.002"/>
  <testcase name="Test_Language_Deterministic_Id[1: LanguageTestCase{expectedSeed='Language:ep:', expectedHash=5292269, langCode='ep', countryCode='', country=''}]" classname="com.dotmarketing.business.DeterministicIdentifierAPITest" time="0.001"/>
  <testcase name="Test_Language_Deterministic_Id[2: LanguageTestCase{expectedSeed='Language:sg:SAG', expectedHash=4713118, langCode='sg', countryCode='SAG', country=''}]" classname="com.dotmarketing.business.DeterministicIdentifierAPITest" time="0.001"/>
  <testcase name="Test_Language_Deterministic_Id[3: LanguageTestCase{expectedSeed='Language:en:NZ', expectedHash=5382528, langCode='en', countryCode='NZ', country='New Zealand'}]" classname="com.dotmarketing.business.DeterministicIdentifierAPITest" time="0.001"/>
  <testcase name="Test_Category_None_Persisted_Category_Should_Return_Deterministic_Id" classname="com.dotmarketing.business.DeterministicIdentifierAPITest" time="0.001"/>
  <testcase name="Test_Asset_Generate_Deterministic_Id_Best_Effort[0: TestCase{versionable=my.host1689707154901.com, parent=System Host, expectedName='my.host1689707154901.com', expectedType='Host'}]" classname="com.dotmarketing.business.DeterministicIdentifierAPITest" time="0.004"/>
  <testcase name="Test_Asset_Generate_Deterministic_Id_Best_Effort[1: TestCase{versionable=com.dotmarketing.portlets.contentlet.model.Contentlet@577dafc3[map={modDate=2023-07-18 19:05:55.331, fileName=file18429588338126058524.txt, title=file18429588338126058524.txt, inode=2a89675c-8d76-47b6-8f4b-dd8486953313, __IS_NEW_CONTENT__=true, disabledWYSIWYG=[], host=e7d2761f-e21a-45cb-b8d6-880823bb4570, stInode=33888b6f-7a8e-4069-b1b6-5c1aa9d0a48d, owner=system, identifier=8a8d44ef-a131-4e1a-8418-91ec74af8147, nullProperties=[wfExpireDate, wfPublishDate, wfActionAssign, wfActionId, wfActionComments, filterKey, whereToSend, wfNeverExpire, _path_to_move, timezoneId, iWantTo, wfPublishTime, wfExpireTime], languageId=1, fileAsset=/home/runner/work/core/custom/assets/2/a/2a89675c-8d76-47b6-8f4b-dd8486953313/fileAsset/file18429588338126058524.txt, folder=998c1186-84c2-4864-8bbb-50cbf21cc9ee, __disable_workflow__=true, sortOrder=0, modUser=system},lowIndexPriority=false,variantId=DEFAULT], parent=com.dotmarketing.portlets.folders.model.Folder@6d7a7406[identifier=998c1186-84c2-4864-8bbb-50cbf21cc9ee,name=testName1689707155311,sortOrder=0,showOnMenu=false,hostId=e7d2761f-e21a-45cb-b8d6-880823bb4570,type=folder,title=testTitle1689707155311,filesMasks=,defaultFileType=33888b6f-7a8e-4069-b1b6-5c1aa9d0a48d,modDate=2023-07-18 19:05:55.322,owner=&lt;null&gt;,iDate=2023-07-18 19:05:55.322,inode=998c1186-84c2-4864-8bbb-50cbf21cc9ee,path=/testName1689707155311/], expectedName='file18429588338126058524.txt', expectedType='FileAsset'}]" classname="com.dotmarketing.business.DeterministicIdentifierAPITest" time="0.004"/>
  <testcase name="Test_Asset_Generate_Deterministic_Id_Best_Effort[2: TestCase{versionable=com.dotmarketing.portlets.templates.model.Template@dfb8e897, parent=my.host1689707154901.com, expectedName='testTitle1689707155494', expectedType='Template'}]" classname="com.dotmarketing.business.DeterministicIdentifierAPITest" time="0.003"/>
  <testcase name="Test_Asset_Generate_Deterministic_Id_Best_Effort[3: TestCase{versionable=com.dotmarketing.portlets.htmlpageasset.model.HTMLPageAsset@753f9218[map={template=6933b2d5-4dec-4eaf-8b11-a45709723ce6, owner=system, identifier=562350b4-c60c-4d60-967c-af3a8cc82978, nullProperties=[wfExpireDate, wfPublishDate, wfActionAssign, wfActionId, wfActionComments, filterKey, whereToSend, wfNeverExpire, _path_to_move, timezoneId, iWantTo, wfPublishTime, wfExpireTime], modDate=2023-07-18 19:05:55.526, cachettl=0, _is_test_mode=true, languageId=1, title=test-page-title-1689707155518, httpsreq=, url=test-page-url-1689707155518, showOnMenu=, inode=19a50f48-a3d7-4f91-9fbc-1f2bdbcb73f6, folder=998c1186-84c2-4864-8bbb-50cbf21cc9ee, disabledWYSIWYG=[], sortOrder=1, modUser=system, host=e7d2761f-e21a-45cb-b8d6-880823bb4570, stInode=c541abb1-69b3-4bc5-8430-5e09e5239cc8, friendlyName=test-page-friendly-name-1689707155518},lowIndexPriority=false,variantId=DEFAULT], parent=com.dotmarketing.portlets.folders.model.Folder@6d7a7406[identifier=998c1186-84c2-4864-8bbb-50cbf21cc9ee,name=testName1689707155311,sortOrder=0,showOnMenu=false,hostId=e7d2761f-e21a-45cb-b8d6-880823bb4570,type=folder,title=testTitle1689707155311,filesMasks=,defaultFileType=33888b6f-7a8e-4069-b1b6-5c1aa9d0a48d,modDate=2023-07-18 19:05:55.322,owner=&lt;null&gt;,iDate=2023-07-18 19:05:55.322,inode=998c1186-84c2-4864-8bbb-50cbf21cc9ee,path=/testName1689707155311/], expectedName='test-page-url-1689707155518', expectedType='htmlpageasset'}]" classname="com.dotmarketing.business.DeterministicIdentifierAPITest" time="0.005"/>
  <testcase name="Test_Asset_Generate_Deterministic_Id_Best_Effort[4: TestCase{versionable=com.dotmarketing.portlets.contentlet.model.Contentlet@4c5e4575[map={fileAsset2=/home/runner/work/core/custom/assets/8/9/89a6b5cf-3f78-49bf-a91d-4069a7bbfd91/fileAsset2/test_binary1689707157345.png, modDate=2023-07-18 19:05:57.352, fileAsset1=/home/runner/work/core/custom/assets/8/9/89a6b5cf-3f78-49bf-a91d-4069a7bbfd91/fileAsset1/test_binary1689707157345.jpg, title=blah, inode=89a6b5cf-3f78-49bf-a91d-4069a7bbfd91, __IS_NEW_CONTENT__=true, disabledWYSIWYG=[], host=48190c8c-42c4-46af-8d1a-0cd5db894797, stInode=c2e3fb48-615e-4e7d-a437-64b72e656efc, owner=system, identifier=7fe18046-fb4c-466d-af4a-f3d384c32b89, nullProperties=[], languageId=1, image1=1623916c-4831-4734-bc9a-cd606ea5b0f0, folder=SYSTEM_FOLDER, __disable_workflow__=true, sortOrder=0, modUser=system},lowIndexPriority=false,variantId=DEFAULT], parent=demo.dotcms.com, expectedName='test_binary1689707157345.jpg:test_binary1689707157345.png', expectedType='MultipleBinaries1689707155746'}]" classname="com.dotmarketing.business.DeterministicIdentifierAPITest" time="0.008"/>
  <testcase name="Test_Asset_Generate_Deterministic_Id_Best_Effort[5: TestCase{versionable=name62c348dd0a : keyTag62c348dd0a, parent=my.host1689707154901.com, expectedName='keyTag62c348dd0a', expectedType='persona'}]" classname="com.dotmarketing.business.DeterministicIdentifierAPITest" time="0.003"/>
  <testcase name="Test_Similar_Content_Type_Wont_Clash" classname="com.dotmarketing.business.DeterministicIdentifierAPITest" time="0.794"/>
  <testcase name="Test_Generate_Folder_Identifier" classname="com.dotmarketing.business.DeterministicIdentifierAPITest" time="0.382"/>
  <testcase name="Test_Generate_Content_Type_Identifier[0: ContentTypeTestCase{contentType=KeyValueContentType{name=Language Variable, id=f4d7c1b8-2c88-4071-abf1-a5328977b07d, description=Default Content Type for Language Variables, defaultType=false, fixed=true, iDate=Thu Aug 31 16:38:49 UTC 2017, system=true, versionable=true, variable=Languagevariable, modDate=Tue Jul 18 17:47:25 UTC 2023, host=SYSTEM_HOST, siteName=systemHost, icon=language, sortOrder=0, folder=SYSTEM_FOLDER, folderPath=/, markedForDeletion=true, multilingualable=false}, expectedName='Languagevariable', expectedType='KeyValue'}]" classname="com.dotmarketing.business.DeterministicIdentifierAPITest" time="0.033"/>
  <testcase name="Test_Generate_Content_Type_Identifier[1: ContentTypeTestCase{contentType=SimpleContentType{name=testName1689707157854, id=2fbf4570-d426-4f36-8f48-eab8f8ca472b, description=testDescription1689707157854, defaultType=false, fixed=false, iDate=Tue Jul 18 19:05:57 UTC 2023, system=false, versionable=true, multilingualable=false, variable=testVarname1689707157854, owner=system, modDate=Tue Jul 18 19:05:58 UTC 2023, host=48190c8c-42c4-46af-8d1a-0cd5db894797, siteName=demo.dotcms.com, icon=event_note, sortOrder=0, folder=SYSTEM_FOLDER, folderPath=/, requiredFields=[], markedForDeletion=false}, expectedName='testVarname1689707157854', expectedType='CONTENT'}]" classname="com.dotmarketing.business.DeterministicIdentifierAPITest" time="0.008"/>
  <system-out><![CDATA[]]></system-out>
  <system-err><![CDATA[]]></system-err>
</testsuite>
