<?xml version="1.0" encoding="UTF-8"?>
<testsuite name="com.dotcms.rendering.velocity.VelocityUtilTest" tests="5" skipped="0" failures="0" errors="0" timestamp="2023-07-20T21:10:57" hostname="fv-az809-149" time="2.212">
  <properties/>
  <testcase name="test01DefaultVelocityPath" classname="com.dotcms.rendering.velocity.VelocityUtilTest" time="0.001"/>
  <testcase name="test02CustomVelocityPath" classname="com.dotcms.rendering.velocity.VelocityUtilTest" time="0.003"/>
  <testcase name="test_getPageCacheKey_returnNull" classname="com.dotcms.rendering.velocity.VelocityUtilTest" time="2.186"/>
  <testcase name="test_servlet_context_is_not_available_in_velocity" classname="com.dotcms.rendering.velocity.VelocityUtilTest" time="0.015"/>
  <testcase name="test_unable_to_modify_userid_in_velocity_session" classname="com.dotcms.rendering.velocity.VelocityUtilTest" time="0.005"/>
  <system-out><![CDATA[]]></system-out>
  <system-err><![CDATA[]]></system-err>
</testsuite>
