<?xml version="1.0" encoding="UTF-8"?>
<testsuite name="com.dotmarketing.portlets.structure.model.ContentletRelationshipsTest" tests="7" skipped="0" failures="0" errors="0" timestamp="2023-07-10T23:25:26" hostname="fv-az620-40" time="9.918">
  <properties/>
  <testcase name="testDoesAllowOnlyOne[0: com.dotmarketing.portlets.structure.model.ContentletRelationshipsTest$CardinalityTestCase@4dcb6d3b]" classname="com.dotmarketing.portlets.structure.model.ContentletRelationshipsTest" time="0.566"/>
  <testcase name="testDoesAllowOnlyOne[1: com.dotmarketing.portlets.structure.model.ContentletRelationshipsTest$CardinalityTestCase@4065b8b8]" classname="com.dotmarketing.portlets.structure.model.ContentletRelationshipsTest" time="0.623"/>
  <testcase name="testDoesAllowOnlyOne[2: com.dotmarketing.portlets.structure.model.ContentletRelationshipsTest$CardinalityTestCase@3a7e578e]" classname="com.dotmarketing.portlets.structure.model.ContentletRelationshipsTest" time="0.528"/>
  <testcase name="testGetRelationshipRecords[0: com.dotmarketing.portlets.structure.model.ContentletRelationshipsTest$TestCase@6af4d8df]" classname="com.dotmarketing.portlets.structure.model.ContentletRelationshipsTest" time="2.165"/>
  <testcase name="testGetRelationshipRecords[1: com.dotmarketing.portlets.structure.model.ContentletRelationshipsTest$TestCase@7cc0c20f]" classname="com.dotmarketing.portlets.structure.model.ContentletRelationshipsTest" time="2.135"/>
  <testcase name="testGetRelationshipRecords[2: com.dotmarketing.portlets.structure.model.ContentletRelationshipsTest$TestCase@118d0557]" classname="com.dotmarketing.portlets.structure.model.ContentletRelationshipsTest" time="1.984"/>
  <testcase name="testGetRelationshipRecords[3: com.dotmarketing.portlets.structure.model.ContentletRelationshipsTest$TestCase@5987e2cf]" classname="com.dotmarketing.portlets.structure.model.ContentletRelationshipsTest" time="1.916"/>
  <system-out><![CDATA[]]></system-out>
  <system-err><![CDATA[]]></system-err>
</testsuite>
