<?xml version="1.0" encoding="UTF-8"?>
<testsuite name="com.dotmarketing.portlets.contentlet.model.ContentletIntegrationTest" tests="15" skipped="0" failures="0" errors="0" timestamp="2023-07-18T16:50:58" hostname="fv-az491-599" time="63.767">
  <properties/>
  <testcase name="testSetRelatedForOneSidedRelationship[0: com.dotmarketing.portlets.contentlet.model.ContentletIntegrationTest$SetRelatedTestCase@2b511bcf]" classname="com.dotmarketing.portlets.contentlet.model.ContentletIntegrationTest" time="4.572"/>
  <testcase name="testSetRelatedForOneSidedRelationship[1: com.dotmarketing.portlets.contentlet.model.ContentletIntegrationTest$SetRelatedTestCase@4adecbfa]" classname="com.dotmarketing.portlets.contentlet.model.ContentletIntegrationTest" time="4.0"/>
  <testcase name="testSetRelatedForOneSidedRelationship[2: com.dotmarketing.portlets.contentlet.model.ContentletIntegrationTest$SetRelatedTestCase@7b2dca]" classname="com.dotmarketing.portlets.contentlet.model.ContentletIntegrationTest" time="3.992"/>
  <testcase name="testSetRelatedForOneSidedRelationship[3: com.dotmarketing.portlets.contentlet.model.ContentletIntegrationTest$SetRelatedTestCase@5e6f7c0a]" classname="com.dotmarketing.portlets.contentlet.model.ContentletIntegrationTest" time="4.123"/>
  <testcase name="testSetRelatedForOneSidedRelationship[4: com.dotmarketing.portlets.contentlet.model.ContentletIntegrationTest$SetRelatedTestCase@7dc39b6b]" classname="com.dotmarketing.portlets.contentlet.model.ContentletIntegrationTest" time="1.423"/>
  <testcase name="testGetRelatedForOneSidedRelationshipWhenLimitedUserShouldReturnEmptyList" classname="com.dotmarketing.portlets.contentlet.model.ContentletIntegrationTest" time="2.774"/>
  <testcase name="testSetRelatedForSelfRelationship[0: com.dotmarketing.portlets.contentlet.model.ContentletIntegrationTest$SetRelatedTestCase@2b511bcf]" classname="com.dotmarketing.portlets.contentlet.model.ContentletIntegrationTest" time="9.592"/>
  <testcase name="testSetRelatedForSelfRelationship[1: com.dotmarketing.portlets.contentlet.model.ContentletIntegrationTest$SetRelatedTestCase@4adecbfa]" classname="com.dotmarketing.portlets.contentlet.model.ContentletIntegrationTest" time="8.994"/>
  <testcase name="testSetRelatedForSelfRelationship[2: com.dotmarketing.portlets.contentlet.model.ContentletIntegrationTest$SetRelatedTestCase@7b2dca]" classname="com.dotmarketing.portlets.contentlet.model.ContentletIntegrationTest" time="9.006"/>
  <testcase name="testSetRelatedForSelfRelationship[3: com.dotmarketing.portlets.contentlet.model.ContentletIntegrationTest$SetRelatedTestCase@5e6f7c0a]" classname="com.dotmarketing.portlets.contentlet.model.ContentletIntegrationTest" time="8.182"/>
  <testcase name="testSetRelatedForSelfRelationship[4: com.dotmarketing.portlets.contentlet.model.ContentletIntegrationTest$SetRelatedTestCase@7dc39b6b]" classname="com.dotmarketing.portlets.contentlet.model.ContentletIntegrationTest" time="1.576"/>
  <testcase name="testGetRelatedForOneSidedRelationship" classname="com.dotmarketing.portlets.contentlet.model.ContentletIntegrationTest" time="1.717"/>
  <testcase name="testGetRelatedWhenNoRelatedContentShouldReturnEmptyList" classname="com.dotmarketing.portlets.contentlet.model.ContentletIntegrationTest" time="1.497"/>
  <testcase name="testGetContentTypeAlwaysReturnsTheLatestCachedVersion" classname="com.dotmarketing.portlets.contentlet.model.ContentletIntegrationTest" time="1.167"/>
  <testcase name="testGetRelatedWhenInvalidVarFieldShouldThrowAnException" classname="com.dotmarketing.portlets.contentlet.model.ContentletIntegrationTest" time="1.151"/>
  <system-out><![CDATA[]]></system-out>
  <system-err><![CDATA[]]></system-err>
</testsuite>
