<?xml version="1.0" encoding="UTF-8"?>
<testsuite name="com.dotmarketing.portlets.containers.business.ContainerAPITest" tests="16" skipped="0" failures="0" errors="0" timestamp="2023-06-28T23:26:49" hostname="fv-az955-446" time="3.277">
  <properties/>
  <testcase name="deletingSystemContainer" classname="com.dotmarketing.portlets.containers.business.ContainerAPITest" time="0.006"/>
  <testcase name="delete" classname="com.dotmarketing.portlets.containers.business.ContainerAPITest" time="0.341"/>
  <testcase name="copyingSystemContainer" classname="com.dotmarketing.portlets.containers.business.ContainerAPITest" time="0.001"/>
  <testcase name="compareCountDeletedContainer" classname="com.dotmarketing.portlets.containers.business.ContainerAPITest" time="0.082"/>
  <testcase name="testCopy" classname="com.dotmarketing.portlets.containers.business.ContainerAPITest" time="0.932"/>
  <testcase name="gettingParentHostFromSystemContainer" classname="com.dotmarketing.portlets.containers.business.ContainerAPITest" time="0.0"/>
  <testcase name="savingSystemContainer" classname="com.dotmarketing.portlets.containers.business.ContainerAPITest" time="0.001"/>
  <testcase name="findContainerUsedBySpecificContentType" classname="com.dotmarketing.portlets.containers.business.ContainerAPITest" time="0.135"/>
  <testcase name="save" classname="com.dotmarketing.portlets.containers.business.ContainerAPITest" time="0.014"/>
  <testcase name="testFindContainersUnder" classname="com.dotmarketing.portlets.containers.business.ContainerAPITest" time="0.02"/>
  <testcase name="testFindContainersWithParent" classname="com.dotmarketing.portlets.containers.business.ContainerAPITest" time="1.348"/>
  <testcase name="testFindAllContainers" classname="com.dotmarketing.portlets.containers.business.ContainerAPITest" time="0.314"/>
  <testcase name="saveWithExistingIds" classname="com.dotmarketing.portlets.containers.business.ContainerAPITest" time="0.018"/>
  <testcase name="findContainersWithoutSystemContainer" classname="com.dotmarketing.portlets.containers.business.ContainerAPITest" time="0.023"/>
  <testcase name="findContainersWithSystemContainer" classname="com.dotmarketing.portlets.containers.business.ContainerAPITest" time="0.02"/>
  <testcase name="testFindContainers" classname="com.dotmarketing.portlets.containers.business.ContainerAPITest" time="0.018"/>
  <system-out><![CDATA[]]></system-out>
  <system-err><![CDATA[]]></system-err>
</testsuite>
