<?xml version="1.0" encoding="UTF-8"?>
<testsuite name="com.dotmarketing.portlets.structure.model.ContentletRelationshipsTest" tests="7" skipped="0" failures="0" errors="0" timestamp="2023-06-28T17:22:54" hostname="fv-az612-299" time="7.362">
  <properties/>
  <testcase name="testDoesAllowOnlyOne[0: com.dotmarketing.portlets.structure.model.ContentletRelationshipsTest$CardinalityTestCase@4ff70f9e]" classname="com.dotmarketing.portlets.structure.model.ContentletRelationshipsTest" time="0.411"/>
  <testcase name="testDoesAllowOnlyOne[1: com.dotmarketing.portlets.structure.model.ContentletRelationshipsTest$CardinalityTestCase@ff5c78c]" classname="com.dotmarketing.portlets.structure.model.ContentletRelationshipsTest" time="0.412"/>
  <testcase name="testDoesAllowOnlyOne[2: com.dotmarketing.portlets.structure.model.ContentletRelationshipsTest$CardinalityTestCase@1da6c6b]" classname="com.dotmarketing.portlets.structure.model.ContentletRelationshipsTest" time="0.42"/>
  <testcase name="testGetRelationshipRecords[0: com.dotmarketing.portlets.structure.model.ContentletRelationshipsTest$TestCase@67ba64ec]" classname="com.dotmarketing.portlets.structure.model.ContentletRelationshipsTest" time="1.824"/>
  <testcase name="testGetRelationshipRecords[1: com.dotmarketing.portlets.structure.model.ContentletRelationshipsTest$TestCase@10c60c7a]" classname="com.dotmarketing.portlets.structure.model.ContentletRelationshipsTest" time="1.862"/>
  <testcase name="testGetRelationshipRecords[2: com.dotmarketing.portlets.structure.model.ContentletRelationshipsTest$TestCase@31ae6049]" classname="com.dotmarketing.portlets.structure.model.ContentletRelationshipsTest" time="1.72"/>
  <testcase name="testGetRelationshipRecords[3: com.dotmarketing.portlets.structure.model.ContentletRelationshipsTest$TestCase@6345fb23]" classname="com.dotmarketing.portlets.structure.model.ContentletRelationshipsTest" time="0.713"/>
  <system-out><![CDATA[]]></system-out>
  <system-err><![CDATA[]]></system-err>
</testsuite>
