<?xml version="1.0" encoding="UTF-8"?>
<testsuite name="com.dotcms.publishing.BundlerUtilTest" tests="1" skipped="0" failures="0" errors="0" timestamp="2023-07-03T18:11:20" hostname="fv-az444-624" time="0.005">
  <properties/>
  <testcase name="test_jsonToObject_when_typeReference" classname="com.dotcms.publishing.BundlerUtilTest" time="0.005"/>
  <system-out><![CDATA[]]></system-out>
  <system-err><![CDATA[]]></system-err>
</testsuite>
