<?xml version="1.0" encoding="UTF-8"?>
<testsuite name="com.dotmarketing.portlets.workflows.business.WorkflowAPITest" tests="49" skipped="0" failures="0" errors="0" timestamp="2023-06-30T23:25:03" hostname="fv-az586-632" time="51.418">
  <properties/>
  <testcase name="mapSystemActionToWorkflowActionForWorkflowScheme_Null_SystemAction_Test" classname="com.dotmarketing.portlets.workflows.business.WorkflowAPITest" time="0.0"/>
  <testcase name="mapSystemActionToWorkflowActionForWorkflowScheme_Null_Workflow_Scheme_Test" classname="com.dotmarketing.portlets.workflows.business.WorkflowAPITest" time="0.002"/>
  <testcase name="findAvailableActions" classname="com.dotmarketing.portlets.workflows.business.WorkflowAPITest" time="1.494"/>
  <testcase name="deleteWorkflowHistoryOldVersions" classname="com.dotmarketing.portlets.workflows.business.WorkflowAPITest" time="1.112"/>
  <testcase name="onLanguageDeletedEvent_Test" classname="com.dotmarketing.portlets.workflows.business.WorkflowAPITest" time="1.155"/>
  <testcase name="Create_Contentlet_Assign_Task_With_Null_Status_Then_Checkin_Then_Verify_Auto_Assign_is_Called_And_New_Task_Is_Set_Contentlet" classname="com.dotmarketing.portlets.workflows.business.WorkflowAPITest" time="1.191"/>
  <testcase name="saveSchemesForStruct" classname="com.dotmarketing.portlets.workflows.business.WorkflowAPITest" time="0.029"/>
  <testcase name="find_Task_By_Contentlet_Then_Find_Version_Info" classname="com.dotmarketing.portlets.workflows.business.WorkflowAPITest" time="1.358"/>
  <testcase name="fireWorkflowAction_checkPropertiesAreCopied_successfully" classname="com.dotmarketing.portlets.workflows.business.WorkflowAPITest" time="1.035"/>
  <testcase name="hasArchiveActionlet_False_Test" classname="com.dotmarketing.portlets.workflows.business.WorkflowAPITest" time="0.003"/>
  <testcase name="findTaskByContentlet" classname="com.dotmarketing.portlets.workflows.business.WorkflowAPITest" time="1.366"/>
  <testcase name="deleteScheme" classname="com.dotmarketing.portlets.workflows.business.WorkflowAPITest" time="6.083"/>
  <testcase name="validatingDocumentManagementWorkflow" classname="com.dotmarketing.portlets.workflows.business.WorkflowAPITest" time="3.707"/>
  <testcase name="mapSystemActionToWorkflowActionForContentType_Null_WFAction_Test" classname="com.dotmarketing.portlets.workflows.business.WorkflowAPITest" time="0.0"/>
  <testcase name="findStepsByContentlet" classname="com.dotmarketing.portlets.workflows.business.WorkflowAPITest" time="1.524"/>
  <testcase name="mapSystemActionToWorkflowActionForWorkflowScheme_InvalidScheme_Test" classname="com.dotmarketing.portlets.workflows.business.WorkflowAPITest" time="0.004"/>
  <testcase name="findFirstStepExistingTest" classname="com.dotmarketing.portlets.workflows.business.WorkflowAPITest" time="0.004"/>
  <testcase name="findStepsByContentlet_validateIfStepsResultsAreOnCache" classname="com.dotmarketing.portlets.workflows.business.WorkflowAPITest" time="1.053"/>
  <testcase name="findAction" classname="com.dotmarketing.portlets.workflows.business.WorkflowAPITest" time="1.186"/>
  <testcase name="findActions" classname="com.dotmarketing.portlets.workflows.business.WorkflowAPITest" time="0.014"/>
  <testcase name="hasArchiveActionlet_True_Test" classname="com.dotmarketing.portlets.workflows.business.WorkflowAPITest" time="0.004"/>
  <testcase name="saveWorkflowTask" classname="com.dotmarketing.portlets.workflows.business.WorkflowAPITest" time="1.089"/>
  <testcase name="findFirstStepNonExistingTest" classname="com.dotmarketing.portlets.workflows.business.WorkflowAPITest" time="0.002"/>
  <testcase name="copy_system_workflow_success" classname="com.dotmarketing.portlets.workflows.business.WorkflowAPITest" time="0.349"/>
  <testcase name="mapSystemActionToWorkflowActionForContentType_Null_SystemAction_Test" classname="com.dotmarketing.portlets.workflows.business.WorkflowAPITest" time="0.001"/>
  <testcase name="findFirstStepForActionExistingTest" classname="com.dotmarketing.portlets.workflows.business.WorkflowAPITest" time="0.005"/>
  <testcase name="delete_action_and_dependencies_Test" classname="com.dotmarketing.portlets.workflows.business.WorkflowAPITest" time="0.278"/>
  <testcase name="send_permission_with_limited_user_Test" classname="com.dotmarketing.portlets.workflows.business.WorkflowAPITest" time="2.027"/>
  <testcase name="mapSystemActionToWorkflowActionForContentType_Test" classname="com.dotmarketing.portlets.workflows.business.WorkflowAPITest" time="0.048"/>
  <testcase name="issue5197" classname="com.dotmarketing.portlets.workflows.business.WorkflowAPITest" time="1.848"/>
  <testcase name="hasPublishActionlet_False_Test" classname="com.dotmarketing.portlets.workflows.business.WorkflowAPITest" time="0.003"/>
  <testcase name="mapSystemActionToWorkflowActionForContentType_InvalidHost_ContentType_Test" classname="com.dotmarketing.portlets.workflows.business.WorkflowAPITest" time="0.002"/>
  <testcase name="findAvailableActions_working_version_get_empty_actions" classname="com.dotmarketing.portlets.workflows.business.WorkflowAPITest" time="1.834"/>
  <testcase name="hasSaveActionlet_True_Test" classname="com.dotmarketing.portlets.workflows.business.WorkflowAPITest" time="0.003"/>
  <testcase name="test_create_workflow_with_two_move_actionlets_test_findActions" classname="com.dotmarketing.portlets.workflows.business.WorkflowAPITest" time="0.063"/>
  <testcase name="mapSystemActionToWorkflowActionForWorkflowScheme_Test" classname="com.dotmarketing.portlets.workflows.business.WorkflowAPITest" time="2.611"/>
  <testcase name="validatingNoObligatorieContentTypeWorkflow" classname="com.dotmarketing.portlets.workflows.business.WorkflowAPITest" time="0.345"/>
  <testcase name="findSchemesForContenttype_validateIfSchemesResultsAreOnCache" classname="com.dotmarketing.portlets.workflows.business.WorkflowAPITest" time="1.426"/>
  <testcase name="saveScheme_keepExistingContentWorkflowTaskStatus_IfWorkflowSchemeRemainsAssociated" classname="com.dotmarketing.portlets.workflows.business.WorkflowAPITest" time="1.695"/>
  <testcase name="findFirstStepForActionNonExistingTest" classname="com.dotmarketing.portlets.workflows.business.WorkflowAPITest" time="0.003"/>
  <testcase name="mapSystemActionToWorkflowActionForContentType_Null_ContentType_Test" classname="com.dotmarketing.portlets.workflows.business.WorkflowAPITest" time="0.007"/>
  <testcase name="hasPublishActionlet_True_Test" classname="com.dotmarketing.portlets.workflows.business.WorkflowAPITest" time="0.002"/>
  <testcase name="mapSystemActionToWorkflowActionForWorkflowScheme_Null_WFAction_Test" classname="com.dotmarketing.portlets.workflows.business.WorkflowAPITest" time="0.001"/>
  <testcase name="findActionsRestrictedByPermission" classname="com.dotmarketing.portlets.workflows.business.WorkflowAPITest" time="0.17"/>
  <testcase name="findActionRespectingPermissions" classname="com.dotmarketing.portlets.workflows.business.WorkflowAPITest" time="1.222"/>
  <testcase name="findActionMappedBySystemActionContentlet_Test" classname="com.dotmarketing.portlets.workflows.business.WorkflowAPITest" time="1.693"/>
  <testcase name="hasSaveActionlet_False_Test" classname="com.dotmarketing.portlets.workflows.business.WorkflowAPITest" time="0.003"/>
  <testcase name="testPushIndexUpdate" classname="com.dotmarketing.portlets.workflows.business.WorkflowAPITest" time="11.711"/>
  <testcase name="archive_success_whenWorkflowIsArchived" classname="com.dotmarketing.portlets.workflows.business.WorkflowAPITest" time="0.635"/>
  <system-out><![CDATA[



]]></system-out>
  <system-err><![CDATA[]]></system-err>
</testsuite>
