<?xml version="1.0" encoding="UTF-8"?>
<testsuite name="com.dotcms.rest.elasticsearch.ESContentResourcePortletTest" tests="8" skipped="0" failures="0" errors="0" timestamp="2023-07-19T21:29:06" hostname="fv-az561-507" time="8.342">
  <properties/>
  <testcase name="test_search_includeGrandChildCategory_success" classname="com.dotcms.rest.elasticsearch.ESContentResourcePortletTest" time="1.637"/>
  <testcase name="testSearch[0: com.dotcms.rest.elasticsearch.ESContentResourcePortletTest$TestCase@dd60069]" classname="com.dotcms.rest.elasticsearch.ESContentResourcePortletTest" time="1.115"/>
  <testcase name="testSearch[1: com.dotcms.rest.elasticsearch.ESContentResourcePortletTest$TestCase@109f86b0]" classname="com.dotcms.rest.elasticsearch.ESContentResourcePortletTest" time="0.416"/>
  <testcase name="testSearch[2: com.dotcms.rest.elasticsearch.ESContentResourcePortletTest$TestCase@2ae9a4ad]" classname="com.dotcms.rest.elasticsearch.ESContentResourcePortletTest" time="1.183"/>
  <testcase name="testSearch[3: com.dotcms.rest.elasticsearch.ESContentResourcePortletTest$TestCase@1c72504c]" classname="com.dotcms.rest.elasticsearch.ESContentResourcePortletTest" time="0.376"/>
  <testcase name="testSearch[4: com.dotcms.rest.elasticsearch.ESContentResourcePortletTest$TestCase@219adee3]" classname="com.dotcms.rest.elasticsearch.ESContentResourcePortletTest" time="1.406"/>
  <testcase name="testSearch[5: com.dotcms.rest.elasticsearch.ESContentResourcePortletTest$TestCase@4d5c6666]" classname="com.dotcms.rest.elasticsearch.ESContentResourcePortletTest" time="1.098"/>
  <testcase name="testSearch[6: com.dotcms.rest.elasticsearch.ESContentResourcePortletTest$TestCase@2a777fac]" classname="com.dotcms.rest.elasticsearch.ESContentResourcePortletTest" time="1.11"/>
  <system-out><![CDATA[]]></system-out>
  <system-err><![CDATA[]]></system-err>
</testsuite>
