<?xml version="1.0" encoding="UTF-8"?>
<testsuite name="com.dotcms.rest.api.v1.vtl.VTLResourceIntegrationTest" tests="6" skipped="0" failures="0" errors="0" timestamp="2023-07-11T22:12:11" hostname="fv-az436-467" time="12.217">
  <properties/>
  <testcase name="testGet[0: com.dotcms.rest.api.v1.vtl.VTLResourceTestCase@5f45a258]" classname="com.dotcms.rest.api.v1.vtl.VTLResourceIntegrationTest" time="2.193"/>
  <testcase name="testGet[1: com.dotcms.rest.api.v1.vtl.VTLResourceTestCase@231365e4]" classname="com.dotcms.rest.api.v1.vtl.VTLResourceIntegrationTest" time="1.87"/>
  <testcase name="testGet[2: com.dotcms.rest.api.v1.vtl.VTLResourceTestCase@777aa7ba]" classname="com.dotcms.rest.api.v1.vtl.VTLResourceIntegrationTest" time="2.077"/>
  <testcase name="testGet[3: com.dotcms.rest.api.v1.vtl.VTLResourceTestCase@2e4288fb]" classname="com.dotcms.rest.api.v1.vtl.VTLResourceIntegrationTest" time="2.039"/>
  <testcase name="testGet[4: com.dotcms.rest.api.v1.vtl.VTLResourceTestCase@5c67a809]" classname="com.dotcms.rest.api.v1.vtl.VTLResourceIntegrationTest" time="1.967"/>
  <testcase name="testGet[5: com.dotcms.rest.api.v1.vtl.VTLResourceTestCase@6463ca24]" classname="com.dotcms.rest.api.v1.vtl.VTLResourceIntegrationTest" time="2.071"/>
  <system-out><![CDATA[]]></system-out>
  <system-err><![CDATA[]]></system-err>
</testsuite>
