<?xml version="1.0" encoding="UTF-8"?>
<testsuite name="com.dotmarketing.business.LayoutAPITest" tests="9" skipped="0" failures="0" errors="0" timestamp="2023-06-28T15:15:36" hostname="fv-az452-705" time="3.423">
  <properties/>
  <testcase name="test_SaveLayout_WhenCreateNewLayout_Success" classname="com.dotmarketing.business.LayoutAPITest" time="1.011"/>
  <testcase name="test_doesUserHaveAccessToPortlet" classname="com.dotmarketing.business.LayoutAPITest" time="0.001"/>
  <testcase name="test_resolveLayout" classname="com.dotmarketing.business.LayoutAPITest" time="0.023"/>
  <testcase name="test_addLayoutForUser_UserNull" classname="com.dotmarketing.business.LayoutAPITest" time="0.005"/>
  <testcase name="test_SaveLayout_WhenCreateAndUpdateNewLayout_Success" classname="com.dotmarketing.business.LayoutAPITest" time="0.009"/>
  <testcase name="test_findGettingStartedLayout_Success" classname="com.dotmarketing.business.LayoutAPITest" time="0.004"/>
  <testcase name="test_addLayoutForUser_LayoutNull" classname="com.dotmarketing.business.LayoutAPITest" time="0.768"/>
  <testcase name="test_addLayoutForUser_reAddSameLayout_Success" classname="com.dotmarketing.business.LayoutAPITest" time="0.802"/>
  <testcase name="test_addLayoutForUser_Success" classname="com.dotmarketing.business.LayoutAPITest" time="0.798"/>
  <system-out><![CDATA[]]></system-out>
  <system-err><![CDATA[]]></system-err>
</testsuite>
