<?xml version="1.0" encoding="UTF-8"?>
<testsuite name="com.dotmarketing.business.DeterministicIdentifierAPITest" tests="16" skipped="0" failures="0" errors="0" timestamp="2023-07-04T17:36:58" hostname="fv-az162-235" time="1.571">
  <properties/>
  <testcase name="Test_Category_Path_Seed_And_Id" classname="com.dotmarketing.business.DeterministicIdentifierAPITest" time="0.023"/>
  <testcase name="Test_Language_Deterministic_Id[0: LanguageTestCase{expectedSeed='Language:es:US', expectedHash=4913155, langCode='es', countryCode='US', country='United States'}]" classname="com.dotmarketing.business.DeterministicIdentifierAPITest" time="0.001"/>
  <testcase name="Test_Language_Deterministic_Id[1: LanguageTestCase{expectedSeed='Language:ep:', expectedHash=5292269, langCode='ep', countryCode='', country=''}]" classname="com.dotmarketing.business.DeterministicIdentifierAPITest" time="0.0"/>
  <testcase name="Test_Language_Deterministic_Id[2: LanguageTestCase{expectedSeed='Language:sg:SAG', expectedHash=4713118, langCode='sg', countryCode='SAG', country=''}]" classname="com.dotmarketing.business.DeterministicIdentifierAPITest" time="0.001"/>
  <testcase name="Test_Language_Deterministic_Id[3: LanguageTestCase{expectedSeed='Language:en:NZ', expectedHash=5382528, langCode='en', countryCode='NZ', country='New Zealand'}]" classname="com.dotmarketing.business.DeterministicIdentifierAPITest" time="0.001"/>
  <testcase name="Test_Category_None_Persisted_Category_Should_Return_Deterministic_Id" classname="com.dotmarketing.business.DeterministicIdentifierAPITest" time="0.001"/>
  <testcase name="Test_Asset_Generate_Deterministic_Id_Best_Effort[0: TestCase{versionable=my.host1688491834512.com, parent=System Host, expectedName='my.host1688491834512.com', expectedType='Host'}]" classname="com.dotmarketing.business.DeterministicIdentifierAPITest" time="0.004"/>
  <testcase name="Test_Asset_Generate_Deterministic_Id_Best_Effort[1: TestCase{versionable=com.dotmarketing.portlets.contentlet.model.Contentlet@6eb4d56f[map={modDate=2023-07-04 17:30:35.347, fileName=file2069315001820063231.txt, title=file2069315001820063231.txt, inode=b3ead534-cdbf-4680-986d-6cd694d54b18, __IS_NEW_CONTENT__=true, disabledWYSIWYG=[], host=53db593e-df3c-420e-8c51-91db66c1275a, stInode=33888b6f-7a8e-4069-b1b6-5c1aa9d0a48d, owner=system, identifier=cdab0a1b-5bf0-4aa7-8933-a87beb66c668, nullProperties=[wfExpireDate, wfPublishDate, wfActionAssign, wfActionId, wfActionComments, filterKey, whereToSend, wfNeverExpire, _path_to_move, timezoneId, iWantTo, wfPublishTime, wfExpireTime], languageId=1, fileAsset=/home/runner/work/core/custom/assets/b/3/b3ead534-cdbf-4680-986d-6cd694d54b18/fileAsset/file2069315001820063231.txt, folder=5fe82147-7a74-4cc2-8c9d-97caa7c0a231, __disable_workflow__=true, sortOrder=0, modUser=system},lowIndexPriority=false,variantId=DEFAULT], parent=com.dotmarketing.portlets.folders.model.Folder@49863687[identifier=5fe82147-7a74-4cc2-8c9d-97caa7c0a231,name=testName1688491835337,sortOrder=0,showOnMenu=false,hostId=53db593e-df3c-420e-8c51-91db66c1275a,type=folder,title=testTitle1688491835337,filesMasks=,defaultFileType=33888b6f-7a8e-4069-b1b6-5c1aa9d0a48d,modDate=2023-07-04 17:30:35.341,owner=&lt;null&gt;,iDate=2023-07-04 17:30:35.341,inode=5fe82147-7a74-4cc2-8c9d-97caa7c0a231,path=/testName1688491835337/], expectedName='file2069315001820063231.txt', expectedType='FileAsset'}]" classname="com.dotmarketing.business.DeterministicIdentifierAPITest" time="0.003"/>
  <testcase name="Test_Asset_Generate_Deterministic_Id_Best_Effort[2: TestCase{versionable=com.dotmarketing.portlets.templates.model.Template@afc562a2, parent=my.host1688491834512.com, expectedName='testTitle1688491835477', expectedType='Template'}]" classname="com.dotmarketing.business.DeterministicIdentifierAPITest" time="0.003"/>
  <testcase name="Test_Asset_Generate_Deterministic_Id_Best_Effort[3: TestCase{versionable=com.dotmarketing.portlets.htmlpageasset.model.HTMLPageAsset@4721b236[map={template=09b1fe80-6c83-49e5-a54e-798e22f368a2, owner=system, identifier=1b86bfd0-4ef9-4dad-b141-79a48222171e, nullProperties=[wfExpireDate, wfPublishDate, wfActionAssign, wfActionId, wfActionComments, filterKey, whereToSend, wfNeverExpire, _path_to_move, timezoneId, iWantTo, wfPublishTime, wfExpireTime], modDate=2023-07-04 17:30:35.494, cachettl=0, _is_test_mode=true, languageId=1, title=test-page-title-1688491835490, httpsreq=, url=test-page-url-1688491835490, showOnMenu=, inode=1b17691b-3e2f-460d-a8ba-8160fd814c0f, folder=5fe82147-7a74-4cc2-8c9d-97caa7c0a231, disabledWYSIWYG=[], sortOrder=1, modUser=system, host=53db593e-df3c-420e-8c51-91db66c1275a, stInode=c541abb1-69b3-4bc5-8430-5e09e5239cc8, friendlyName=test-page-friendly-name-1688491835490},lowIndexPriority=false,variantId=DEFAULT], parent=com.dotmarketing.portlets.folders.model.Folder@49863687[identifier=5fe82147-7a74-4cc2-8c9d-97caa7c0a231,name=testName1688491835337,sortOrder=0,showOnMenu=false,hostId=53db593e-df3c-420e-8c51-91db66c1275a,type=folder,title=testTitle1688491835337,filesMasks=,defaultFileType=33888b6f-7a8e-4069-b1b6-5c1aa9d0a48d,modDate=2023-07-04 17:30:35.341,owner=&lt;null&gt;,iDate=2023-07-04 17:30:35.341,inode=5fe82147-7a74-4cc2-8c9d-97caa7c0a231,path=/testName1688491835337/], expectedName='test-page-url-1688491835490', expectedType='htmlpageasset'}]" classname="com.dotmarketing.business.DeterministicIdentifierAPITest" time="0.002"/>
  <testcase name="Test_Asset_Generate_Deterministic_Id_Best_Effort[4: TestCase{versionable=com.dotmarketing.portlets.contentlet.model.Contentlet@508365dd[map={fileAsset2=/home/runner/work/core/custom/assets/e/3/e33feb98-0fe8-4677-a7cf-1fe0d35919d4/fileAsset2/test_binary1688491837300.png, modDate=2023-07-04 17:30:37.311, fileAsset1=/home/runner/work/core/custom/assets/e/3/e33feb98-0fe8-4677-a7cf-1fe0d35919d4/fileAsset1/test_binary1688491837300.jpg, title=blah, inode=e33feb98-0fe8-4677-a7cf-1fe0d35919d4, __IS_NEW_CONTENT__=true, disabledWYSIWYG=[], host=48190c8c-42c4-46af-8d1a-0cd5db894797, stInode=3010353a-8ef8-42b5-84da-f7ef41bcc93d, owner=system, identifier=8137fa73-740b-4000-b9c2-5909aac5f3ed, nullProperties=[], languageId=1, image1=92b0aab5-466e-497c-bbef-21e93b09e851, folder=SYSTEM_FOLDER, __disable_workflow__=true, sortOrder=0, modUser=system},lowIndexPriority=false,variantId=DEFAULT], parent=demo.dotcms.com, expectedName='test_binary1688491837300.jpg:test_binary1688491837300.png', expectedType='MultipleBinaries1688491835706'}]" classname="com.dotmarketing.business.DeterministicIdentifierAPITest" time="0.003"/>
  <testcase name="Test_Asset_Generate_Deterministic_Id_Best_Effort[5: TestCase{versionable=name7a91b922df : keyTag7a91b922df, parent=my.host1688491834512.com, expectedName='keyTag7a91b922df', expectedType='persona'}]" classname="com.dotmarketing.business.DeterministicIdentifierAPITest" time="0.002"/>
  <testcase name="Test_Similar_Content_Type_Wont_Clash" classname="com.dotmarketing.business.DeterministicIdentifierAPITest" time="0.393"/>
  <testcase name="Test_Generate_Folder_Identifier" classname="com.dotmarketing.business.DeterministicIdentifierAPITest" time="1.119"/>
  <testcase name="Test_Generate_Content_Type_Identifier[0: ContentTypeTestCase{contentType=KeyValueContentType{name=Language Variable, id=f4d7c1b8-2c88-4071-abf1-a5328977b07d, description=Default Content Type for Language Variables, defaultType=false, fixed=true, iDate=Thu Aug 31 16:38:49 UTC 2017, system=true, versionable=true, variable=Languagevariable, modDate=Tue Jul 04 16:27:33 UTC 2023, host=SYSTEM_HOST, siteName=systemHost, icon=language, sortOrder=0, folder=SYSTEM_FOLDER, folderPath=/, markedForDeletion=true, multilingualable=false}, expectedName='Languagevariable', expectedType='KeyValue'}]" classname="com.dotmarketing.business.DeterministicIdentifierAPITest" time="0.005"/>
  <testcase name="Test_Generate_Content_Type_Identifier[1: ContentTypeTestCase{contentType=SimpleContentType{name=testName1688491837750, id=0b138b3d-42a4-459e-bfa9-e86b2e6336a9, description=testDescription1688491837750, defaultType=false, fixed=false, iDate=Tue Jul 04 17:30:37 UTC 2023, system=false, versionable=true, multilingualable=false, variable=testVarname1688491837750, owner=system, modDate=Tue Jul 04 17:30:38 UTC 2023, host=48190c8c-42c4-46af-8d1a-0cd5db894797, siteName=demo.dotcms.com, icon=event_note, sortOrder=0, folder=SYSTEM_FOLDER, folderPath=/, requiredFields=[], markedForDeletion=false}, expectedName='testVarname1688491837750', expectedType='CONTENT'}]" classname="com.dotmarketing.business.DeterministicIdentifierAPITest" time="0.005"/>
  <system-out><![CDATA[]]></system-out>
  <system-err><![CDATA[]]></system-err>
</testsuite>
