<?xml version="1.0" encoding="UTF-8"?>
<testsuite name="com.dotcms.rest.elasticsearch.ESContentResourcePortletTest" tests="8" skipped="0" failures="0" errors="0" timestamp="2023-07-05T17:28:33" hostname="fv-az487-835" time="9.145">
  <properties/>
  <testcase name="test_search_includeGrandChildCategory_success" classname="com.dotcms.rest.elasticsearch.ESContentResourcePortletTest" time="1.859"/>
  <testcase name="testSearch[0: com.dotcms.rest.elasticsearch.ESContentResourcePortletTest$TestCase@57d9b76d]" classname="com.dotcms.rest.elasticsearch.ESContentResourcePortletTest" time="1.085"/>
  <testcase name="testSearch[1: com.dotcms.rest.elasticsearch.ESContentResourcePortletTest$TestCase@1b31e03e]" classname="com.dotcms.rest.elasticsearch.ESContentResourcePortletTest" time="0.341"/>
  <testcase name="testSearch[2: com.dotcms.rest.elasticsearch.ESContentResourcePortletTest$TestCase@29b4ae38]" classname="com.dotcms.rest.elasticsearch.ESContentResourcePortletTest" time="1.042"/>
  <testcase name="testSearch[3: com.dotcms.rest.elasticsearch.ESContentResourcePortletTest$TestCase@1fc70688]" classname="com.dotcms.rest.elasticsearch.ESContentResourcePortletTest" time="1.398"/>
  <testcase name="testSearch[4: com.dotcms.rest.elasticsearch.ESContentResourcePortletTest$TestCase@53fb8c2]" classname="com.dotcms.rest.elasticsearch.ESContentResourcePortletTest" time="1.359"/>
  <testcase name="testSearch[5: com.dotcms.rest.elasticsearch.ESContentResourcePortletTest$TestCase@119b884b]" classname="com.dotcms.rest.elasticsearch.ESContentResourcePortletTest" time="1.019"/>
  <testcase name="testSearch[6: com.dotcms.rest.elasticsearch.ESContentResourcePortletTest$TestCase@1d52212e]" classname="com.dotcms.rest.elasticsearch.ESContentResourcePortletTest" time="1.04"/>
  <system-out><![CDATA[]]></system-out>
  <system-err><![CDATA[]]></system-err>
</testsuite>
