<?xml version="1.0" encoding="UTF-8"?>
<testsuite name="com.dotmarketing.business.DeterministicIdentifierAPITest" tests="16" skipped="0" failures="0" errors="0" timestamp="2023-07-03T18:09:14" hostname="fv-az444-624" time="1.492">
  <properties/>
  <testcase name="Test_Category_Path_Seed_And_Id" classname="com.dotmarketing.business.DeterministicIdentifierAPITest" time="0.026"/>
  <testcase name="Test_Language_Deterministic_Id[0: LanguageTestCase{expectedSeed='Language:es:US', expectedHash=4913155, langCode='es', countryCode='US', country='United States'}]" classname="com.dotmarketing.business.DeterministicIdentifierAPITest" time="0.001"/>
  <testcase name="Test_Language_Deterministic_Id[1: LanguageTestCase{expectedSeed='Language:ep:', expectedHash=5292269, langCode='ep', countryCode='', country=''}]" classname="com.dotmarketing.business.DeterministicIdentifierAPITest" time="0.001"/>
  <testcase name="Test_Language_Deterministic_Id[2: LanguageTestCase{expectedSeed='Language:sg:SAG', expectedHash=4713118, langCode='sg', countryCode='SAG', country=''}]" classname="com.dotmarketing.business.DeterministicIdentifierAPITest" time="0.001"/>
  <testcase name="Test_Language_Deterministic_Id[3: LanguageTestCase{expectedSeed='Language:en:NZ', expectedHash=5382528, langCode='en', countryCode='NZ', country='New Zealand'}]" classname="com.dotmarketing.business.DeterministicIdentifierAPITest" time="0.001"/>
  <testcase name="Test_Category_None_Persisted_Category_Should_Return_Deterministic_Id" classname="com.dotmarketing.business.DeterministicIdentifierAPITest" time="0.001"/>
  <testcase name="Test_Asset_Generate_Deterministic_Id_Best_Effort[0: TestCase{versionable=my.host1688407370438.com, parent=System Host, expectedName='my.host1688407370438.com', expectedType='Host'}]" classname="com.dotmarketing.business.DeterministicIdentifierAPITest" time="0.003"/>
  <testcase name="Test_Asset_Generate_Deterministic_Id_Best_Effort[1: TestCase{versionable=com.dotmarketing.portlets.contentlet.model.Contentlet@3197a91a[map={modDate=2023-07-03 18:02:51.168, fileName=file4686926468579907090.txt, title=file4686926468579907090.txt, inode=1228a085-a044-4220-8874-93aa827107b3, __IS_NEW_CONTENT__=true, disabledWYSIWYG=[], host=e3228899-adb8-4b98-89e1-6a9b4c35244e, stInode=33888b6f-7a8e-4069-b1b6-5c1aa9d0a48d, owner=system, identifier=1b314887-767a-4c0b-91e3-423dbb95af53, nullProperties=[wfExpireDate, wfPublishDate, wfActionAssign, wfActionId, wfActionComments, filterKey, whereToSend, wfNeverExpire, _path_to_move, timezoneId, iWantTo, wfPublishTime, wfExpireTime], languageId=1, fileAsset=/home/runner/work/core/custom/assets/1/2/1228a085-a044-4220-8874-93aa827107b3/fileAsset/file4686926468579907090.txt, folder=685232a9-ec04-487c-9e40-fbfeaa993a2e, __disable_workflow__=true, sortOrder=0, modUser=system},lowIndexPriority=false,variantId=DEFAULT], parent=com.dotmarketing.portlets.folders.model.Folder@1fe800d5[identifier=685232a9-ec04-487c-9e40-fbfeaa993a2e,name=testName1688407371160,sortOrder=0,showOnMenu=false,hostId=e3228899-adb8-4b98-89e1-6a9b4c35244e,type=folder,title=testTitle1688407371160,filesMasks=,defaultFileType=33888b6f-7a8e-4069-b1b6-5c1aa9d0a48d,modDate=2023-07-03 18:02:51.163,owner=&lt;null&gt;,iDate=2023-07-03 18:02:51.163,inode=685232a9-ec04-487c-9e40-fbfeaa993a2e,path=/testName1688407371160/], expectedName='file4686926468579907090.txt', expectedType='FileAsset'}]" classname="com.dotmarketing.business.DeterministicIdentifierAPITest" time="0.003"/>
  <testcase name="Test_Asset_Generate_Deterministic_Id_Best_Effort[2: TestCase{versionable=com.dotmarketing.portlets.templates.model.Template@a9fceca, parent=my.host1688407370438.com, expectedName='testTitle1688407371265', expectedType='Template'}]" classname="com.dotmarketing.business.DeterministicIdentifierAPITest" time="0.003"/>
  <testcase name="Test_Asset_Generate_Deterministic_Id_Best_Effort[3: TestCase{versionable=com.dotmarketing.portlets.htmlpageasset.model.HTMLPageAsset@6381d39e[map={template=82de775c-8f5a-4182-b390-e2d39881d341, owner=system, identifier=af4809c4-ba4a-4b5a-82ce-e85a87d40f2c, nullProperties=[wfExpireDate, wfPublishDate, wfActionAssign, wfActionId, wfActionComments, filterKey, whereToSend, wfNeverExpire, _path_to_move, timezoneId, iWantTo, wfPublishTime, wfExpireTime], modDate=2023-07-03 18:02:51.28, cachettl=0, _is_test_mode=true, languageId=1, title=test-page-title-1688407371276, httpsreq=, url=test-page-url-1688407371276, showOnMenu=, inode=35fb0178-c6ea-4e7e-8a47-d2ad060c4593, folder=685232a9-ec04-487c-9e40-fbfeaa993a2e, disabledWYSIWYG=[], sortOrder=1, modUser=system, host=e3228899-adb8-4b98-89e1-6a9b4c35244e, stInode=c541abb1-69b3-4bc5-8430-5e09e5239cc8, friendlyName=test-page-friendly-name-1688407371276},lowIndexPriority=false,variantId=DEFAULT], parent=com.dotmarketing.portlets.folders.model.Folder@1fe800d5[identifier=685232a9-ec04-487c-9e40-fbfeaa993a2e,name=testName1688407371160,sortOrder=0,showOnMenu=false,hostId=e3228899-adb8-4b98-89e1-6a9b4c35244e,type=folder,title=testTitle1688407371160,filesMasks=,defaultFileType=33888b6f-7a8e-4069-b1b6-5c1aa9d0a48d,modDate=2023-07-03 18:02:51.163,owner=&lt;null&gt;,iDate=2023-07-03 18:02:51.163,inode=685232a9-ec04-487c-9e40-fbfeaa993a2e,path=/testName1688407371160/], expectedName='test-page-url-1688407371276', expectedType='htmlpageasset'}]" classname="com.dotmarketing.business.DeterministicIdentifierAPITest" time="0.002"/>
  <testcase name="Test_Asset_Generate_Deterministic_Id_Best_Effort[4: TestCase{versionable=com.dotmarketing.portlets.contentlet.model.Contentlet@74943085[map={fileAsset2=/home/runner/work/core/custom/assets/b/b/bb83cefb-cb2e-438b-8890-e3f270a19393/fileAsset2/test_binary1688407372168.png, modDate=2023-07-03 18:02:52.173, fileAsset1=/home/runner/work/core/custom/assets/b/b/bb83cefb-cb2e-438b-8890-e3f270a19393/fileAsset1/test_binary1688407372168.jpg, title=blah, inode=bb83cefb-cb2e-438b-8890-e3f270a19393, __IS_NEW_CONTENT__=true, disabledWYSIWYG=[], host=48190c8c-42c4-46af-8d1a-0cd5db894797, stInode=c0854745-9ecd-4509-9f91-733f045672a6, owner=system, identifier=aa4ec661-3a23-4b85-ad28-ce485b66ab55, nullProperties=[], languageId=1, image1=f6089afa-a6bc-4b9b-b1f6-85f573e11b83, folder=SYSTEM_FOLDER, __disable_workflow__=true, sortOrder=0, modUser=system},lowIndexPriority=false,variantId=DEFAULT], parent=demo.dotcms.com, expectedName='test_binary1688407372168.jpg:test_binary1688407372168.png', expectedType='MultipleBinaries1688407371480'}]" classname="com.dotmarketing.business.DeterministicIdentifierAPITest" time="0.003"/>
  <testcase name="Test_Asset_Generate_Deterministic_Id_Best_Effort[5: TestCase{versionable=nameade5cbe48d : keyTagade5cbe48d, parent=my.host1688407370438.com, expectedName='keyTagade5cbe48d', expectedType='persona'}]" classname="com.dotmarketing.business.DeterministicIdentifierAPITest" time="0.003"/>
  <testcase name="Test_Similar_Content_Type_Wont_Clash" classname="com.dotmarketing.business.DeterministicIdentifierAPITest" time="0.442"/>
  <testcase name="Test_Generate_Folder_Identifier" classname="com.dotmarketing.business.DeterministicIdentifierAPITest" time="0.978"/>
  <testcase name="Test_Generate_Content_Type_Identifier[0: ContentTypeTestCase{contentType=KeyValueContentType{name=Language Variable, id=f4d7c1b8-2c88-4071-abf1-a5328977b07d, description=Default Content Type for Language Variables, defaultType=false, fixed=true, iDate=Thu Aug 31 16:38:49 UTC 2017, system=true, versionable=true, variable=Languagevariable, modDate=Mon Jul 03 16:55:19 UTC 2023, host=SYSTEM_HOST, siteName=systemHost, icon=language, sortOrder=0, folder=SYSTEM_FOLDER, folderPath=/, markedForDeletion=true, multilingualable=false}, expectedName='Languagevariable', expectedType='KeyValue'}]" classname="com.dotmarketing.business.DeterministicIdentifierAPITest" time="0.012"/>
  <testcase name="Test_Generate_Content_Type_Identifier[1: ContentTypeTestCase{contentType=SimpleContentType{name=testName1688407372655, id=4191dfe4-c054-4457-b3d6-e4122b14cddb, description=testDescription1688407372655, defaultType=false, fixed=false, iDate=Mon Jul 03 18:02:52 UTC 2023, system=false, versionable=true, multilingualable=false, variable=testVarname1688407372655, owner=system, modDate=Mon Jul 03 18:02:53 UTC 2023, host=48190c8c-42c4-46af-8d1a-0cd5db894797, siteName=demo.dotcms.com, icon=event_note, sortOrder=0, folder=SYSTEM_FOLDER, folderPath=/, requiredFields=[], markedForDeletion=false}, expectedName='testVarname1688407372655', expectedType='CONTENT'}]" classname="com.dotmarketing.business.DeterministicIdentifierAPITest" time="0.01"/>
  <system-out><![CDATA[]]></system-out>
  <system-err><![CDATA[]]></system-err>
</testsuite>
