<?xml version="1.0" encoding="UTF-8"?>
<testsuite name="com.dotmarketing.business.VersionableAPITest" tests="17" skipped="0" failures="0" errors="0" timestamp="2023-07-17T16:36:12" hostname="fv-az338-287" time="18.754">
  <properties/>
  <testcase name="testFindLiveVersionContentlet" classname="com.dotmarketing.business.VersionableAPITest" time="1.201"/>
  <testcase name="testFindWorkingVersionHTMLPage" classname="com.dotmarketing.business.VersionableAPITest" time="1.821"/>
  <testcase name="testFindLiveVersionTemplate" classname="com.dotmarketing.business.VersionableAPITest" time="0.031"/>
  <testcase name="testSetLockedHost" classname="com.dotmarketing.business.VersionableAPITest" time="0.982"/>
  <testcase name="getAllByVariants" classname="com.dotmarketing.business.VersionableAPITest" time="1.277"/>
  <testcase name="testIsLiveHost" classname="com.dotmarketing.business.VersionableAPITest" time="0.795"/>
  <testcase name="testFindLiveVersionContainer" classname="com.dotmarketing.business.VersionableAPITest" time="0.095"/>
  <testcase name="testFindPreviousVersion" classname="com.dotmarketing.business.VersionableAPITest" time="0.62"/>
  <testcase name="testIsWorkingHost" classname="com.dotmarketing.business.VersionableAPITest" time="0.33"/>
  <testcase name="setWorkingWithAnotherVariant" classname="com.dotmarketing.business.VersionableAPITest" time="2.169"/>
  <testcase name="testFindLiveVersionHTMLPage" classname="com.dotmarketing.business.VersionableAPITest" time="2.887"/>
  <testcase name="testFindWorkingVersionContainer" classname="com.dotmarketing.business.VersionableAPITest" time="0.082"/>
  <testcase name="getEmptyVariant" classname="com.dotmarketing.business.VersionableAPITest" time="0.002"/>
  <testcase name="getAllByVariantsLIVE" classname="com.dotmarketing.business.VersionableAPITest" time="3.966"/>
  <testcase name="setWorkingWithDefaultVariant" classname="com.dotmarketing.business.VersionableAPITest" time="1.153"/>
  <testcase name="testFindWorkingVersionTemplate" classname="com.dotmarketing.business.VersionableAPITest" time="0.046"/>
  <testcase name="testFindWorkingVersionContentlet" classname="com.dotmarketing.business.VersionableAPITest" time="1.288"/>
  <system-out><![CDATA[]]></system-out>
  <system-err><![CDATA[]]></system-err>
</testsuite>
