<?xml version="1.0" encoding="UTF-8"?>
<testsuite name="com.dotmarketing.business.IdentifierAPITest" tests="1" skipped="0" failures="0" errors="0" timestamp="2023-07-13T18:52:54" hostname="fv-az178-328" time="0.005">
  <properties/>
  <testcase name="testing404" classname="com.dotmarketing.business.IdentifierAPITest" time="0.005"/>
  <system-out><![CDATA[]]></system-out>
  <system-err><![CDATA[]]></system-err>
</testsuite>
