<?xml version="1.0" encoding="UTF-8"?>
<testsuite name="com.dotcms.translate.GoogleTranslationServiceIntegrationTest" tests="3" skipped="0" failures="0" errors="0" timestamp="2023-07-19T22:12:59" hostname="fv-az561-507" time="6.301">
  <properties/>
  <testcase name="test_setServiceParameters_SecretExistAtHost_returnAPIKey" classname="com.dotcms.translate.GoogleTranslationServiceIntegrationTest" time="2.137"/>
  <testcase name="test_setServiceParameters_APIKeySetPropertyFile_returnAPIKey" classname="com.dotcms.translate.GoogleTranslationServiceIntegrationTest" time="1.972"/>
  <testcase name="test_setServiceParameters_SecretExistAtSystemHost_returnAPIKey" classname="com.dotcms.translate.GoogleTranslationServiceIntegrationTest" time="2.191"/>
  <system-out><![CDATA[]]></system-out>
  <system-err><![CDATA[]]></system-err>
</testsuite>
