<?xml version="1.0" encoding="UTF-8"?>
<testsuite name="com.dotcms.rest.elasticsearch.ESContentResourcePortletTest" tests="8" skipped="0" failures="0" errors="0" timestamp="2023-06-28T17:29:35" hostname="fv-az365-455" time="7.575">
  <properties/>
  <testcase name="test_search_includeGrandChildCategory_success" classname="com.dotcms.rest.elasticsearch.ESContentResourcePortletTest" time="1.339"/>
  <testcase name="testSearch[0: com.dotcms.rest.elasticsearch.ESContentResourcePortletTest$TestCase@5db41387]" classname="com.dotcms.rest.elasticsearch.ESContentResourcePortletTest" time="0.859"/>
  <testcase name="testSearch[1: com.dotcms.rest.elasticsearch.ESContentResourcePortletTest$TestCase@196669fe]" classname="com.dotcms.rest.elasticsearch.ESContentResourcePortletTest" time="0.308"/>
  <testcase name="testSearch[2: com.dotcms.rest.elasticsearch.ESContentResourcePortletTest$TestCase@103a56]" classname="com.dotcms.rest.elasticsearch.ESContentResourcePortletTest" time="0.898"/>
  <testcase name="testSearch[3: com.dotcms.rest.elasticsearch.ESContentResourcePortletTest$TestCase@6e047870]" classname="com.dotcms.rest.elasticsearch.ESContentResourcePortletTest" time="1.258"/>
  <testcase name="testSearch[4: com.dotcms.rest.elasticsearch.ESContentResourcePortletTest$TestCase@13d1661c]" classname="com.dotcms.rest.elasticsearch.ESContentResourcePortletTest" time="1.218"/>
  <testcase name="testSearch[5: com.dotcms.rest.elasticsearch.ESContentResourcePortletTest$TestCase@39d2d401]" classname="com.dotcms.rest.elasticsearch.ESContentResourcePortletTest" time="0.858"/>
  <testcase name="testSearch[6: com.dotcms.rest.elasticsearch.ESContentResourcePortletTest$TestCase@38919be7]" classname="com.dotcms.rest.elasticsearch.ESContentResourcePortletTest" time="0.836"/>
  <system-out><![CDATA[]]></system-out>
  <system-err><![CDATA[]]></system-err>
</testsuite>
