<?xml version="1.0" encoding="UTF-8"?>
<testsuite name="com.dotmarketing.business.PermissionAPITest" tests="28" skipped="0" failures="0" errors="0" timestamp="2023-06-23T18:56:24" hostname="fv-az561-920" time="32.097">
  <properties/>
  <testcase name="testGetUsersDeleted" classname="com.dotmarketing.business.PermissionAPITest" time="0.756"/>
  <testcase name="test_doesUserHavePermissions_checkSameAssetIdThatPermissionsWereGiven_returnTrue" classname="com.dotmarketing.business.PermissionAPITest" time="0.827"/>
  <testcase name="Test_Inherited_Permissions" classname="com.dotmarketing.business.PermissionAPITest" time="4.949"/>
  <testcase name="permissionIndividually" classname="com.dotmarketing.business.PermissionAPITest" time="0.0"/>
  <testcase name="removePermissions" classname="com.dotmarketing.business.PermissionAPITest" time="2.09"/>
  <testcase name="doesUserHavePermission_another_lang" classname="com.dotmarketing.business.PermissionAPITest" time="1.801"/>
  <testcase name="testGetUsersCountWithoutFilter" classname="com.dotmarketing.business.PermissionAPITest" time="0.024"/>
  <testcase name="testGetUsersWithoutFilter" classname="com.dotmarketing.business.PermissionAPITest" time="0.017"/>
  <testcase name="Test_Remove_All_Permissions_Then_Verify_Cache_Is_Null" classname="com.dotmarketing.business.PermissionAPITest" time="0.274"/>
  <testcase name="doesUserHavePermission" classname="com.dotmarketing.business.PermissionAPITest" time="1.053"/>
  <testcase name="testGetUsersCountWithFilter" classname="com.dotmarketing.business.PermissionAPITest" time="0.026"/>
  <testcase name="doesRoleHavePermission" classname="com.dotmarketing.business.PermissionAPITest" time="1.055"/>
  <testcase name="save" classname="com.dotmarketing.business.PermissionAPITest" time="0.065"/>
  <testcase name="issue1073" classname="com.dotmarketing.business.PermissionAPITest" time="0.119"/>
  <testcase name="testGetUsersCountDeleted" classname="com.dotmarketing.business.PermissionAPITest" time="0.019"/>
  <testcase name="getPermissions" classname="com.dotmarketing.business.PermissionAPITest" time="0.047"/>
  <testcase name="testAnonymousUserCannotReadNonLiveContent" classname="com.dotmarketing.business.PermissionAPITest" time="5.61"/>
  <testcase name="testPermissionIndividuallyByRole" classname="com.dotmarketing.business.PermissionAPITest" time="2.823"/>
  <testcase name="issue560" classname="com.dotmarketing.business.PermissionAPITest" time="2.353"/>
  <testcase name="issue781" classname="com.dotmarketing.business.PermissionAPITest" time="1.666"/>
  <testcase name="issue847" classname="com.dotmarketing.business.PermissionAPITest" time="1.293"/>
  <testcase name="issue886" classname="com.dotmarketing.business.PermissionAPITest" time="2.639"/>
  <testcase name="getUsersWithPermission" classname="com.dotmarketing.business.PermissionAPITest" time="0.047"/>
  <testcase name="test_doesUserHavePermissions_checkDiffAssetIdThatPermissionsWereGiven_returnFalse" classname="com.dotmarketing.business.PermissionAPITest" time="0.723"/>
  <testcase name="test_templateLayout_parentPermissionableIsHost" classname="com.dotmarketing.business.PermissionAPITest" time="1.662"/>
  <testcase name="testGetUsersWithFilter" classname="com.dotmarketing.business.PermissionAPITest" time="0.022"/>
  <testcase name="copyPermissions" classname="com.dotmarketing.business.PermissionAPITest" time="0.094"/>
  <testcase name="getRolesWithPermission" classname="com.dotmarketing.business.PermissionAPITest" time="0.037"/>
  <system-out><![CDATA[]]></system-out>
  <system-err><![CDATA[]]></system-err>
</testsuite>
