<?xml version="1.0" encoding="UTF-8"?>
<testsuite name="com.dotmarketing.servlets.ajax.AjaxDirectorServletIntegrationTest" tests="2" skipped="0" failures="0" errors="0" timestamp="2023-06-28T19:16:21" hostname="fv-az440-364" time="4.321">
  <properties/>
  <testcase name="testService[0: com.dotmarketing.servlets.ajax.AjaxDirectorServletTestCase@6a8baa8d]" classname="com.dotmarketing.servlets.ajax.AjaxDirectorServletIntegrationTest" time="2.216"/>
  <testcase name="testService[1: com.dotmarketing.servlets.ajax.AjaxDirectorServletTestCase@64cd7bf3]" classname="com.dotmarketing.servlets.ajax.AjaxDirectorServletIntegrationTest" time="2.105"/>
  <system-out><![CDATA[]]></system-out>
  <system-err><![CDATA[]]></system-err>
</testsuite>
