<?xml version="1.0" encoding="UTF-8"?>
<testsuite name="com.dotmarketing.portlets.workflows.business.WorkflowAPIMultiLanguageTest" tests="1" skipped="0" failures="0" errors="0" timestamp="2023-07-14T02:36:07" hostname="fv-az268-867" time="1.456">
  <properties/>
  <testcase name="runMultipleLanguageWorkflowTest" classname="com.dotmarketing.portlets.workflows.business.WorkflowAPIMultiLanguageTest" time="1.456"/>
  <system-out><![CDATA[]]></system-out>
  <system-err><![CDATA[]]></system-err>
</testsuite>
