<?xml version="1.0" encoding="UTF-8"?>
<testsuite name="com.dotcms.rest.elasticsearch.ESContentResourcePortletTest" tests="8" skipped="0" failures="0" errors="0" timestamp="2023-06-28T00:52:14" hostname="fv-az612-160" time="7.709">
  <properties/>
  <testcase name="test_search_includeGrandChildCategory_success" classname="com.dotcms.rest.elasticsearch.ESContentResourcePortletTest" time="1.359"/>
  <testcase name="testSearch[0: com.dotcms.rest.elasticsearch.ESContentResourcePortletTest$TestCase@4cfe9807]" classname="com.dotcms.rest.elasticsearch.ESContentResourcePortletTest" time="0.881"/>
  <testcase name="testSearch[1: com.dotcms.rest.elasticsearch.ESContentResourcePortletTest$TestCase@1ec53c6b]" classname="com.dotcms.rest.elasticsearch.ESContentResourcePortletTest" time="1.299"/>
  <testcase name="testSearch[2: com.dotcms.rest.elasticsearch.ESContentResourcePortletTest$TestCase@774e81fa]" classname="com.dotcms.rest.elasticsearch.ESContentResourcePortletTest" time="0.862"/>
  <testcase name="testSearch[3: com.dotcms.rest.elasticsearch.ESContentResourcePortletTest$TestCase@460fbcb7]" classname="com.dotcms.rest.elasticsearch.ESContentResourcePortletTest" time="0.277"/>
  <testcase name="testSearch[4: com.dotcms.rest.elasticsearch.ESContentResourcePortletTest$TestCase@7e093ad1]" classname="com.dotcms.rest.elasticsearch.ESContentResourcePortletTest" time="1.298"/>
  <testcase name="testSearch[5: com.dotcms.rest.elasticsearch.ESContentResourcePortletTest$TestCase@4998671f]" classname="com.dotcms.rest.elasticsearch.ESContentResourcePortletTest" time="0.867"/>
  <testcase name="testSearch[6: com.dotcms.rest.elasticsearch.ESContentResourcePortletTest$TestCase@4ada7e87]" classname="com.dotcms.rest.elasticsearch.ESContentResourcePortletTest" time="0.866"/>
  <system-out><![CDATA[]]></system-out>
  <system-err><![CDATA[]]></system-err>
</testsuite>
