<?xml version="1.0" encoding="UTF-8"?>
<testsuite name="com.dotmarketing.portlets.workflows.business.WorkflowAPIMultiLanguageTest" tests="1" skipped="0" failures="0" errors="0" timestamp="2023-06-23T19:10:58" hostname="fv-az248-890" time="1.291">
  <properties/>
  <testcase name="runMultipleLanguageWorkflowTest" classname="com.dotmarketing.portlets.workflows.business.WorkflowAPIMultiLanguageTest" time="1.291"/>
  <system-out><![CDATA[]]></system-out>
  <system-err><![CDATA[]]></system-err>
</testsuite>
