<?xml version="1.0" encoding="UTF-8"?>
<testsuite name="com.dotmarketing.startup.runonce.Task220512UpdateNoHTMLRegexValueTest" tests="1" skipped="0" failures="0" errors="0" timestamp="2023-06-28T17:09:38" hostname="fv-az395-584" time="0.125">
  <properties/>
  <testcase name="testExecuteUpgrade" classname="com.dotmarketing.startup.runonce.Task220512UpdateNoHTMLRegexValueTest" time="0.125"/>
  <system-out><![CDATA[]]></system-out>
  <system-err><![CDATA[]]></system-err>
</testsuite>
