<?xml version="1.0" encoding="UTF-8"?>
<testsuite name="com.dotmarketing.startup.runonce.Task05350AddDotSaltClusterColumnTest" tests="1" skipped="0" failures="0" errors="0" timestamp="2023-07-19T17:13:06" hostname="fv-az400-396" time="0.029">
  <properties/>
  <testcase name="Test_UpgradeTask_Success" classname="com.dotmarketing.startup.runonce.Task05350AddDotSaltClusterColumnTest" time="0.029"/>
  <system-out><![CDATA[]]></system-out>
  <system-err><![CDATA[]]></system-err>
</testsuite>
