<?xml version="1.0" encoding="UTF-8"?>
<testsuite name="com.dotcms.rendering.velocity.viewtools.DotTemplateToolTest" tests="6" skipped="0" failures="0" errors="0" timestamp="2023-07-18T22:57:10" hostname="fv-az247-820" time="4.141">
  <properties/>
  <testcase name="whenHostNameHasComma" classname="com.dotcms.rendering.velocity.viewtools.DotTemplateToolTest" time="0.012"/>
  <testcase name="whenGetMaxUUIDToDrawedTemplate" classname="com.dotcms.rendering.velocity.viewtools.DotTemplateToolTest" time="0.066"/>
  <testcase name="whenGetMaxUUIDToAdvancedTemplate" classname="com.dotcms.rendering.velocity.viewtools.DotTemplateToolTest" time="0.042"/>
  <testcase name="themeNull" classname="com.dotcms.rendering.velocity.viewtools.DotTemplateToolTest" time="0.927"/>
  <testcase name="theme" classname="com.dotcms.rendering.velocity.viewtools.DotTemplateToolTest" time="2.016"/>
  <testcase name="themeDoesNotExists" classname="com.dotcms.rendering.velocity.viewtools.DotTemplateToolTest" time="1.076"/>
  <system-out><![CDATA[
]]></system-out>
  <system-err><![CDATA[]]></system-err>
</testsuite>
