<?xml version="1.0" encoding="UTF-8"?>
<testsuite name="com.dotmarketing.servlets.ajax.AjaxDirectorServletIntegrationTest" tests="2" skipped="0" failures="0" errors="0" timestamp="2023-07-18T22:03:13" hostname="fv-az749-132" time="3.074">
  <properties/>
  <testcase name="testService[0: com.dotmarketing.servlets.ajax.AjaxDirectorServletTestCase@24b16930]" classname="com.dotmarketing.servlets.ajax.AjaxDirectorServletIntegrationTest" time="1.524"/>
  <testcase name="testService[1: com.dotmarketing.servlets.ajax.AjaxDirectorServletTestCase@f21e332]" classname="com.dotmarketing.servlets.ajax.AjaxDirectorServletIntegrationTest" time="1.55"/>
  <system-out><![CDATA[]]></system-out>
  <system-err><![CDATA[]]></system-err>
</testsuite>
