<?xml version="1.0" encoding="UTF-8"?>
<testsuite name="com.dotcms.rest.elasticsearch.ESContentResourcePortletTest" tests="8" skipped="0" failures="0" errors="0" timestamp="2023-07-19T23:37:15" hostname="fv-az713-951" time="8.769">
  <properties/>
  <testcase name="test_search_includeGrandChildCategory_success" classname="com.dotcms.rest.elasticsearch.ESContentResourcePortletTest" time="1.389"/>
  <testcase name="testSearch[0: com.dotcms.rest.elasticsearch.ESContentResourcePortletTest$TestCase@73462eb4]" classname="com.dotcms.rest.elasticsearch.ESContentResourcePortletTest" time="0.945"/>
  <testcase name="testSearch[1: com.dotcms.rest.elasticsearch.ESContentResourcePortletTest$TestCase@2cd3114c]" classname="com.dotcms.rest.elasticsearch.ESContentResourcePortletTest" time="1.235"/>
  <testcase name="testSearch[2: com.dotcms.rest.elasticsearch.ESContentResourcePortletTest$TestCase@20ef6ea]" classname="com.dotcms.rest.elasticsearch.ESContentResourcePortletTest" time="0.934"/>
  <testcase name="testSearch[3: com.dotcms.rest.elasticsearch.ESContentResourcePortletTest$TestCase@1babaad9]" classname="com.dotcms.rest.elasticsearch.ESContentResourcePortletTest" time="1.214"/>
  <testcase name="testSearch[4: com.dotcms.rest.elasticsearch.ESContentResourcePortletTest$TestCase@595a0496]" classname="com.dotcms.rest.elasticsearch.ESContentResourcePortletTest" time="1.201"/>
  <testcase name="testSearch[5: com.dotcms.rest.elasticsearch.ESContentResourcePortletTest$TestCase@6db72780]" classname="com.dotcms.rest.elasticsearch.ESContentResourcePortletTest" time="0.937"/>
  <testcase name="testSearch[6: com.dotcms.rest.elasticsearch.ESContentResourcePortletTest$TestCase@18fb257a]" classname="com.dotcms.rest.elasticsearch.ESContentResourcePortletTest" time="0.914"/>
  <system-out><![CDATA[]]></system-out>
  <system-err><![CDATA[]]></system-err>
</testsuite>
