<?xml version="1.0" encoding="UTF-8"?>
<testsuite name="com.dotmarketing.portlets.structure.model.ContentletRelationshipsTest" tests="7" skipped="0" failures="0" errors="0" timestamp="2023-07-08T05:26:36" hostname="fv-az436-467" time="11.468">
  <properties/>
  <testcase name="testDoesAllowOnlyOne[0: com.dotmarketing.portlets.structure.model.ContentletRelationshipsTest$CardinalityTestCase@2ed433e4]" classname="com.dotmarketing.portlets.structure.model.ContentletRelationshipsTest" time="0.793"/>
  <testcase name="testDoesAllowOnlyOne[1: com.dotmarketing.portlets.structure.model.ContentletRelationshipsTest$CardinalityTestCase@2b5bf9b1]" classname="com.dotmarketing.portlets.structure.model.ContentletRelationshipsTest" time="0.562"/>
  <testcase name="testDoesAllowOnlyOne[2: com.dotmarketing.portlets.structure.model.ContentletRelationshipsTest$CardinalityTestCase@730086b7]" classname="com.dotmarketing.portlets.structure.model.ContentletRelationshipsTest" time="0.66"/>
  <testcase name="testGetRelationshipRecords[0: com.dotmarketing.portlets.structure.model.ContentletRelationshipsTest$TestCase@7c8fffb7]" classname="com.dotmarketing.portlets.structure.model.ContentletRelationshipsTest" time="2.317"/>
  <testcase name="testGetRelationshipRecords[1: com.dotmarketing.portlets.structure.model.ContentletRelationshipsTest$TestCase@73cbb8d1]" classname="com.dotmarketing.portlets.structure.model.ContentletRelationshipsTest" time="2.476"/>
  <testcase name="testGetRelationshipRecords[2: com.dotmarketing.portlets.structure.model.ContentletRelationshipsTest$TestCase@7a94168]" classname="com.dotmarketing.portlets.structure.model.ContentletRelationshipsTest" time="2.343"/>
  <testcase name="testGetRelationshipRecords[3: com.dotmarketing.portlets.structure.model.ContentletRelationshipsTest$TestCase@70eb4a14]" classname="com.dotmarketing.portlets.structure.model.ContentletRelationshipsTest" time="2.315"/>
  <system-out><![CDATA[]]></system-out>
  <system-err><![CDATA[]]></system-err>
</testsuite>
