<?xml version="1.0" encoding="UTF-8"?>
<testsuite name="com.dotmarketing.portlets.containers.business.FileAssetContainerUtilTest" tests="10" skipped="0" failures="0" errors="0" timestamp="2023-06-27T16:25:16" hostname="fv-az560-754" time="11.265">
  <properties/>
  <testcase name="test_fromAssets_default_layout" classname="com.dotmarketing.portlets.containers.business.FileAssetContainerUtilTest" time="0.69"/>
  <testcase name="test_getHost_ramdom_default_expected" classname="com.dotmarketing.portlets.containers.business.FileAssetContainerUtilTest" time="0.008"/>
  <testcase name="test_getPathFromFullPath_right_host_on_full_path" classname="com.dotmarketing.portlets.containers.business.FileAssetContainerUtilTest" time="0.0"/>
  <testcase name="test_getHost_null_default_expected" classname="com.dotmarketing.portlets.containers.business.FileAssetContainerUtilTest" time="0.001"/>
  <testcase name="test_fromAssets_File_Physical_Deleted" classname="com.dotmarketing.portlets.containers.business.FileAssetContainerUtilTest" time="0.596"/>
  <testcase name="test_getHost_blank_default_expected" classname="com.dotmarketing.portlets.containers.business.FileAssetContainerUtilTest" time="0.004"/>
  <testcase name="testGetFullPathMethod" classname="com.dotmarketing.portlets.containers.business.FileAssetContainerUtilTest" time="8.019"/>
  <testcase name="test_getPathFromFullPath_any_host_on_relative_path" classname="com.dotmarketing.portlets.containers.business.FileAssetContainerUtilTest" time="0.0"/>
  <testcase name="test_getHost_demo_default_demo" classname="com.dotmarketing.portlets.containers.business.FileAssetContainerUtilTest" time="1.939"/>
  <testcase name="test_getPathFromFullPath_wrong_host_on_full_path" classname="com.dotmarketing.portlets.containers.business.FileAssetContainerUtilTest" time="0.005"/>
  <system-out><![CDATA[]]></system-out>
  <system-err><![CDATA[]]></system-err>
</testsuite>
