<?xml version="1.0" encoding="UTF-8"?>
<testsuite name="com.dotcms.rest.elasticsearch.ESContentResourcePortletTest" tests="8" skipped="0" failures="0" errors="0" timestamp="2023-06-28T00:33:52" hostname="fv-az175-688" time="8.733">
  <properties/>
  <testcase name="test_search_includeGrandChildCategory_success" classname="com.dotcms.rest.elasticsearch.ESContentResourcePortletTest" time="1.527"/>
  <testcase name="testSearch[0: com.dotcms.rest.elasticsearch.ESContentResourcePortletTest$TestCase@5f0e9306]" classname="com.dotcms.rest.elasticsearch.ESContentResourcePortletTest" time="1.12"/>
  <testcase name="testSearch[1: com.dotcms.rest.elasticsearch.ESContentResourcePortletTest$TestCase@78c0ac5f]" classname="com.dotcms.rest.elasticsearch.ESContentResourcePortletTest" time="1.322"/>
  <testcase name="testSearch[2: com.dotcms.rest.elasticsearch.ESContentResourcePortletTest$TestCase@4e6ba5f5]" classname="com.dotcms.rest.elasticsearch.ESContentResourcePortletTest" time="1.034"/>
  <testcase name="testSearch[3: com.dotcms.rest.elasticsearch.ESContentResourcePortletTest$TestCase@4bc15c1e]" classname="com.dotcms.rest.elasticsearch.ESContentResourcePortletTest" time="1.3"/>
  <testcase name="testSearch[4: com.dotcms.rest.elasticsearch.ESContentResourcePortletTest$TestCase@607c60c3]" classname="com.dotcms.rest.elasticsearch.ESContentResourcePortletTest" time="0.361"/>
  <testcase name="testSearch[5: com.dotcms.rest.elasticsearch.ESContentResourcePortletTest$TestCase@1da39ac7]" classname="com.dotcms.rest.elasticsearch.ESContentResourcePortletTest" time="1.041"/>
  <testcase name="testSearch[6: com.dotcms.rest.elasticsearch.ESContentResourcePortletTest$TestCase@ef4d08b]" classname="com.dotcms.rest.elasticsearch.ESContentResourcePortletTest" time="1.027"/>
  <system-out><![CDATA[]]></system-out>
  <system-err><![CDATA[]]></system-err>
</testsuite>
