<?xml version="1.0" encoding="UTF-8"?>
<testsuite name="com.dotcms.rendering.velocity.viewtools.LanguageWebAPITest" tests="10" skipped="0" failures="0" errors="0" timestamp="2023-07-05T17:16:20" hostname="fv-az487-835" time="0.101">
  <properties/>
  <testcase name="testLanguageWithoutCountryFallbackFalse_returnTESTEXAMPLENOCOUNTRY" classname="com.dotcms.rendering.velocity.viewtools.LanguageWebAPITest" time="0.011"/>
  <testcase name="testNotExistingLanguageFallbackTrue_returnTESTEXAMPLEDEFAULT" classname="com.dotcms.rendering.velocity.viewtools.LanguageWebAPITest" time="0.008"/>
  <testcase name="testNotExistingLanguageFallbackFalse_returnTESTEXAMPLEDEFA" classname="com.dotcms.rendering.velocity.viewtools.LanguageWebAPITest" time="0.005"/>
  <testcase name="testLanguageWithoutCountryFallbackTrue_returnTESTEXAMPLENOCOUNTRY" classname="com.dotcms.rendering.velocity.viewtools.LanguageWebAPITest" time="0.005"/>
  <testcase name="testDefaultContentToDefaultLanguage3" classname="com.dotcms.rendering.velocity.viewtools.LanguageWebAPITest" time="0.005"/>
  <testcase name="testDefaultContentToDefaultLanguage4" classname="com.dotcms.rendering.velocity.viewtools.LanguageWebAPITest" time="0.021"/>
  <testcase name="testLanguageWithCountryFallbackTrue_returnTESTEXAMPLECOUNTRY" classname="com.dotcms.rendering.velocity.viewtools.LanguageWebAPITest" time="0.012"/>
  <testcase name="testLanguageWithCountryFallbackFalsePassingNoCountryId_returnTESTEXAMPLECOUNTRY" classname="com.dotcms.rendering.velocity.viewtools.LanguageWebAPITest" time="0.019"/>
  <testcase name="testLanguageWithCountryFallbackTruePassingNoCountryId_returnTESTEXAMPLECOUNTRY" classname="com.dotcms.rendering.velocity.viewtools.LanguageWebAPITest" time="0.008"/>
  <testcase name="testLanguageWithCountryFallbackFalse_returnTESTEXAMPLECOUNTRY" classname="com.dotcms.rendering.velocity.viewtools.LanguageWebAPITest" time="0.003"/>
  <system-out><![CDATA[]]></system-out>
  <system-err><![CDATA[]]></system-err>
</testsuite>
