<?xml version="1.0" encoding="UTF-8"?>
<testsuite name="com.dotcms.enterprise.publishing.remote.handler.ContentWorkflowHandlerTest" tests="1" skipped="0" failures="0" errors="0" timestamp="2023-06-30T22:38:22" hostname="fv-az629-494" time="0.105">
  <properties/>
  <testcase name="Test_Handle_Push_Content_File_With_No_Step_On_It" classname="com.dotcms.enterprise.publishing.remote.handler.ContentWorkflowHandlerTest" time="0.105"/>
  <system-out><![CDATA[]]></system-out>
  <system-err><![CDATA[]]></system-err>
</testsuite>
