<?xml version="1.0" encoding="UTF-8"?>
<testsuite name="com.dotcms.publisher.business.PublishQueueElementTransformerTest" tests="1" skipped="0" failures="0" errors="0" timestamp="2023-07-14T21:03:39" hostname="fv-az358-465" time="1.157">
  <properties/>
  <testcase name="getDetailedAssets" classname="com.dotcms.publisher.business.PublishQueueElementTransformerTest" time="1.157"/>
  <system-out><![CDATA[]]></system-out>
  <system-err><![CDATA[]]></system-err>
</testsuite>
