<?xml version="1.0" encoding="UTF-8"?>
<testsuite name="com.dotmarketing.portlets.structure.model.ContentletRelationshipsTest" tests="7" skipped="0" failures="0" errors="0" timestamp="2023-06-26T17:02:37" hostname="fv-az585-827" time="7.984">
  <properties/>
  <testcase name="testDoesAllowOnlyOne[0: com.dotmarketing.portlets.structure.model.ContentletRelationshipsTest$CardinalityTestCase@656df2a1]" classname="com.dotmarketing.portlets.structure.model.ContentletRelationshipsTest" time="0.503"/>
  <testcase name="testDoesAllowOnlyOne[1: com.dotmarketing.portlets.structure.model.ContentletRelationshipsTest$CardinalityTestCase@2df5ea7c]" classname="com.dotmarketing.portlets.structure.model.ContentletRelationshipsTest" time="0.464"/>
  <testcase name="testDoesAllowOnlyOne[2: com.dotmarketing.portlets.structure.model.ContentletRelationshipsTest$CardinalityTestCase@48ca513c]" classname="com.dotmarketing.portlets.structure.model.ContentletRelationshipsTest" time="0.438"/>
  <testcase name="testGetRelationshipRecords[0: com.dotmarketing.portlets.structure.model.ContentletRelationshipsTest$TestCase@4c87463e]" classname="com.dotmarketing.portlets.structure.model.ContentletRelationshipsTest" time="1.96"/>
  <testcase name="testGetRelationshipRecords[1: com.dotmarketing.portlets.structure.model.ContentletRelationshipsTest$TestCase@46755df5]" classname="com.dotmarketing.portlets.structure.model.ContentletRelationshipsTest" time="1.999"/>
  <testcase name="testGetRelationshipRecords[2: com.dotmarketing.portlets.structure.model.ContentletRelationshipsTest$TestCase@4451e94d]" classname="com.dotmarketing.portlets.structure.model.ContentletRelationshipsTest" time="1.817"/>
  <testcase name="testGetRelationshipRecords[3: com.dotmarketing.portlets.structure.model.ContentletRelationshipsTest$TestCase@5e08134a]" classname="com.dotmarketing.portlets.structure.model.ContentletRelationshipsTest" time="0.802"/>
  <system-out><![CDATA[]]></system-out>
  <system-err><![CDATA[]]></system-err>
</testsuite>
