<?xml version="1.0" encoding="UTF-8"?>
<testsuite name="com.dotcms.publishing.PublisherAPIImplTest" tests="24" skipped="0" failures="0" errors="0" timestamp="2023-07-18T18:41:48" hostname="fv-az206-458" time="3.988">
  <properties/>
  <testcase name="AddAllCategoryIntoBundle" classname="com.dotcms.publishing.PublisherAPIImplTest" time="0.172"/>
  <testcase name="testFilterDescriptors" classname="com.dotcms.publishing.PublisherAPIImplTest" time="0.072"/>
  <testcase name="sendPushPublishBundle[0: com.dotcms.publishing.PublisherAPIImplTest$TestAsset@531615b4]" classname="com.dotcms.publishing.PublisherAPIImplTest" time="1.248"/>
  <testcase name="sendPushPublishBundle[1: com.dotcms.publishing.PublisherAPIImplTest$TestAsset@6e1c5174]" classname="com.dotcms.publishing.PublisherAPIImplTest" time="0.176"/>
  <testcase name="sendPushPublishBundle[2: com.dotcms.publishing.PublisherAPIImplTest$TestAsset@4574e552]" classname="com.dotcms.publishing.PublisherAPIImplTest" time="0.173"/>
  <testcase name="sendPushPublishBundle[3: com.dotcms.publishing.PublisherAPIImplTest$TestAsset@b098db7]" classname="com.dotcms.publishing.PublisherAPIImplTest" time="0.306"/>
  <testcase name="sendPushPublishBundle[4: com.dotcms.publishing.PublisherAPIImplTest$TestAsset@68d182d7]" classname="com.dotcms.publishing.PublisherAPIImplTest" time="0.236"/>
  <testcase name="sendPushPublishBundle[5: com.dotcms.publishing.PublisherAPIImplTest$TestAsset@644ae948]" classname="com.dotcms.publishing.PublisherAPIImplTest" time="0.158"/>
  <testcase name="sendPushPublishBundle[6: com.dotcms.publishing.PublisherAPIImplTest$TestAsset@6f6cee6]" classname="com.dotcms.publishing.PublisherAPIImplTest" time="0.125"/>
  <testcase name="sendPushPublishBundle[7: com.dotcms.publishing.PublisherAPIImplTest$TestAsset@41d58fba]" classname="com.dotcms.publishing.PublisherAPIImplTest" time="0.141"/>
  <testcase name="sendPushPublishBundle[8: com.dotcms.publishing.PublisherAPIImplTest$TestAsset@25f66a6d]" classname="com.dotcms.publishing.PublisherAPIImplTest" time="0.114"/>
  <testcase name="sendPushPublishBundle[9: com.dotcms.publishing.PublisherAPIImplTest$TestAsset@16c5c732]" classname="com.dotcms.publishing.PublisherAPIImplTest" time="0.153"/>
  <testcase name="sendPushPublishBundle[10: com.dotcms.publishing.PublisherAPIImplTest$TestAsset@2674baf2]" classname="com.dotcms.publishing.PublisherAPIImplTest" time="0.052"/>
  <testcase name="generateBundle[0: com.dotcms.publishing.PublisherAPIImplTest$TestAsset@531615b4]" classname="com.dotcms.publishing.PublisherAPIImplTest" time="0.086"/>
  <testcase name="generateBundle[1: com.dotcms.publishing.PublisherAPIImplTest$TestAsset@6e1c5174]" classname="com.dotcms.publishing.PublisherAPIImplTest" time="0.089"/>
  <testcase name="generateBundle[2: com.dotcms.publishing.PublisherAPIImplTest$TestAsset@4574e552]" classname="com.dotcms.publishing.PublisherAPIImplTest" time="0.078"/>
  <testcase name="generateBundle[3: com.dotcms.publishing.PublisherAPIImplTest$TestAsset@b098db7]" classname="com.dotcms.publishing.PublisherAPIImplTest" time="0.161"/>
  <testcase name="generateBundle[4: com.dotcms.publishing.PublisherAPIImplTest$TestAsset@68d182d7]" classname="com.dotcms.publishing.PublisherAPIImplTest" time="0.121"/>
  <testcase name="generateBundle[5: com.dotcms.publishing.PublisherAPIImplTest$TestAsset@644ae948]" classname="com.dotcms.publishing.PublisherAPIImplTest" time="0.067"/>
  <testcase name="generateBundle[6: com.dotcms.publishing.PublisherAPIImplTest$TestAsset@6f6cee6]" classname="com.dotcms.publishing.PublisherAPIImplTest" time="0.057"/>
  <testcase name="generateBundle[7: com.dotcms.publishing.PublisherAPIImplTest$TestAsset@41d58fba]" classname="com.dotcms.publishing.PublisherAPIImplTest" time="0.053"/>
  <testcase name="generateBundle[8: com.dotcms.publishing.PublisherAPIImplTest$TestAsset@25f66a6d]" classname="com.dotcms.publishing.PublisherAPIImplTest" time="0.036"/>
  <testcase name="generateBundle[9: com.dotcms.publishing.PublisherAPIImplTest$TestAsset@16c5c732]" classname="com.dotcms.publishing.PublisherAPIImplTest" time="0.094"/>
  <testcase name="generateBundle[10: com.dotcms.publishing.PublisherAPIImplTest$TestAsset@2674baf2]" classname="com.dotcms.publishing.PublisherAPIImplTest" time="0.014"/>
  <system-out><![CDATA[









































































































































































]]></system-out>
  <system-err><![CDATA[]]></system-err>
</testsuite>
