<?xml version="1.0" encoding="UTF-8"?>
<testsuite name="com.dotcms.rest.elasticsearch.ESContentResourcePortletTest" tests="8" skipped="0" failures="0" errors="0" timestamp="2023-07-10T18:51:16" hostname="fv-az471-786" time="10.425">
  <properties/>
  <testcase name="test_search_includeGrandChildCategory_success" classname="com.dotcms.rest.elasticsearch.ESContentResourcePortletTest" time="2.685"/>
  <testcase name="testSearch[0: com.dotcms.rest.elasticsearch.ESContentResourcePortletTest$TestCase@1b858dfa]" classname="com.dotcms.rest.elasticsearch.ESContentResourcePortletTest" time="1.181"/>
  <testcase name="testSearch[1: com.dotcms.rest.elasticsearch.ESContentResourcePortletTest$TestCase@22cce444]" classname="com.dotcms.rest.elasticsearch.ESContentResourcePortletTest" time="1.323"/>
  <testcase name="testSearch[2: com.dotcms.rest.elasticsearch.ESContentResourcePortletTest$TestCase@2a4806c2]" classname="com.dotcms.rest.elasticsearch.ESContentResourcePortletTest" time="1.139"/>
  <testcase name="testSearch[3: com.dotcms.rest.elasticsearch.ESContentResourcePortletTest$TestCase@4bfab8e7]" classname="com.dotcms.rest.elasticsearch.ESContentResourcePortletTest" time="1.346"/>
  <testcase name="testSearch[4: com.dotcms.rest.elasticsearch.ESContentResourcePortletTest$TestCase@7ca7063f]" classname="com.dotcms.rest.elasticsearch.ESContentResourcePortletTest" time="0.407"/>
  <testcase name="testSearch[5: com.dotcms.rest.elasticsearch.ESContentResourcePortletTest$TestCase@398c332b]" classname="com.dotcms.rest.elasticsearch.ESContentResourcePortletTest" time="1.12"/>
  <testcase name="testSearch[6: com.dotcms.rest.elasticsearch.ESContentResourcePortletTest$TestCase@53985cce]" classname="com.dotcms.rest.elasticsearch.ESContentResourcePortletTest" time="1.223"/>
  <system-out><![CDATA[]]></system-out>
  <system-err><![CDATA[]]></system-err>
</testsuite>
