<?xml version="1.0" encoding="UTF-8"?>
<testsuite name="com.dotcms.rendering.velocity.viewtools.content.util.ContentUtilsTest" tests="89" skipped="0" failures="0" errors="0" timestamp="2023-06-27T18:30:23" hostname="fv-az359-674" time="397.537">
  <properties/>
  <testcase name="whenTheTimeMachineDateIsNullAndPublishDateInFutureShouldNotReturnAnything" classname="com.dotcms.rendering.velocity.viewtools.content.util.ContentUtilsTest" time="2.897"/>
  <testcase name="test_find_multilingual_contentlet_getContentletSuccessfully" classname="com.dotcms.rendering.velocity.viewtools.content.util.ContentUtilsTest" time="2.188"/>
  <testcase name="whenTheTimeMachineDateAndPublishDateAreTomorrowShouldReturnOneContent" classname="com.dotcms.rendering.velocity.viewtools.content.util.ContentUtilsTest" time="2.921"/>
  <testcase name="testPullRelated[0: com.dotcms.rendering.velocity.viewtools.content.util.ContentUtilsTest$TestCase@593ae4c6]" classname="com.dotcms.rendering.velocity.viewtools.content.util.ContentUtilsTest" time="3.589"/>
  <testcase name="testPullRelated[1: com.dotcms.rendering.velocity.viewtools.content.util.ContentUtilsTest$TestCase@12d4d4b6]" classname="com.dotcms.rendering.velocity.viewtools.content.util.ContentUtilsTest" time="4.09"/>
  <testcase name="testPullRelated[2: com.dotcms.rendering.velocity.viewtools.content.util.ContentUtilsTest$TestCase@31aa4a66]" classname="com.dotcms.rendering.velocity.viewtools.content.util.ContentUtilsTest" time="3.193"/>
  <testcase name="testPullRelated[3: com.dotcms.rendering.velocity.viewtools.content.util.ContentUtilsTest$TestCase@37066ebd]" classname="com.dotcms.rendering.velocity.viewtools.content.util.ContentUtilsTest" time="3.125"/>
  <testcase name="testPullRelated[4: com.dotcms.rendering.velocity.viewtools.content.util.ContentUtilsTest$TestCase@3994a04f]" classname="com.dotcms.rendering.velocity.viewtools.content.util.ContentUtilsTest" time="2.938"/>
  <testcase name="testPullRelated[5: com.dotcms.rendering.velocity.viewtools.content.util.ContentUtilsTest$TestCase@d51a2af]" classname="com.dotcms.rendering.velocity.viewtools.content.util.ContentUtilsTest" time="3.841"/>
  <testcase name="testPullRelated[6: com.dotcms.rendering.velocity.viewtools.content.util.ContentUtilsTest$TestCase@6ecb2019]" classname="com.dotcms.rendering.velocity.viewtools.content.util.ContentUtilsTest" time="3.22"/>
  <testcase name="testPullRelated[7: com.dotcms.rendering.velocity.viewtools.content.util.ContentUtilsTest$TestCase@6abcd8fb]" classname="com.dotcms.rendering.velocity.viewtools.content.util.ContentUtilsTest" time="3.039"/>
  <testcase name="testPullRelated[8: com.dotcms.rendering.velocity.viewtools.content.util.ContentUtilsTest$TestCase@76369b3b]" classname="com.dotcms.rendering.velocity.viewtools.content.util.ContentUtilsTest" time="3.057"/>
  <testcase name="testPullRelated[9: com.dotcms.rendering.velocity.viewtools.content.util.ContentUtilsTest$TestCase@76f20b88]" classname="com.dotcms.rendering.velocity.viewtools.content.util.ContentUtilsTest" time="3.917"/>
  <testcase name="testPullRelated[10: com.dotcms.rendering.velocity.viewtools.content.util.ContentUtilsTest$TestCase@410e36a7]" classname="com.dotcms.rendering.velocity.viewtools.content.util.ContentUtilsTest" time="4.13"/>
  <testcase name="testPullRelated[11: com.dotcms.rendering.velocity.viewtools.content.util.ContentUtilsTest$TestCase@4df9557d]" classname="com.dotcms.rendering.velocity.viewtools.content.util.ContentUtilsTest" time="4.293"/>
  <testcase name="testPullRelated[12: com.dotcms.rendering.velocity.viewtools.content.util.ContentUtilsTest$TestCase@fd4f0ba]" classname="com.dotcms.rendering.velocity.viewtools.content.util.ContentUtilsTest" time="3.791"/>
  <testcase name="testPullRelated[13: com.dotcms.rendering.velocity.viewtools.content.util.ContentUtilsTest$TestCase@691c0483]" classname="com.dotcms.rendering.velocity.viewtools.content.util.ContentUtilsTest" time="3.993"/>
  <testcase name="testPullRelated[14: com.dotcms.rendering.velocity.viewtools.content.util.ContentUtilsTest$TestCase@5917ac09]" classname="com.dotcms.rendering.velocity.viewtools.content.util.ContentUtilsTest" time="4.003"/>
  <testcase name="testPullRelated[15: com.dotcms.rendering.velocity.viewtools.content.util.ContentUtilsTest$TestCase@5ec248eb]" classname="com.dotcms.rendering.velocity.viewtools.content.util.ContentUtilsTest" time="4.137"/>
  <testcase name="testPullRelated[16: com.dotcms.rendering.velocity.viewtools.content.util.ContentUtilsTest$TestCase@76bb22a9]" classname="com.dotcms.rendering.velocity.viewtools.content.util.ContentUtilsTest" time="3.937"/>
  <testcase name="testPullRelated[17: com.dotcms.rendering.velocity.viewtools.content.util.ContentUtilsTest$TestCase@7f8a18e1]" classname="com.dotcms.rendering.velocity.viewtools.content.util.ContentUtilsTest" time="4.127"/>
  <testcase name="testPullRelated[18: com.dotcms.rendering.velocity.viewtools.content.util.ContentUtilsTest$TestCase@1b1994fd]" classname="com.dotcms.rendering.velocity.viewtools.content.util.ContentUtilsTest" time="4.021"/>
  <testcase name="testPullRelated[19: com.dotcms.rendering.velocity.viewtools.content.util.ContentUtilsTest$TestCase@57500265]" classname="com.dotcms.rendering.velocity.viewtools.content.util.ContentUtilsTest" time="4.083"/>
  <testcase name="testPullRelated[20: com.dotcms.rendering.velocity.viewtools.content.util.ContentUtilsTest$TestCase@78d1dc4c]" classname="com.dotcms.rendering.velocity.viewtools.content.util.ContentUtilsTest" time="4.044"/>
  <testcase name="testPullRelated[21: com.dotcms.rendering.velocity.viewtools.content.util.ContentUtilsTest$TestCase@57339ea7]" classname="com.dotcms.rendering.velocity.viewtools.content.util.ContentUtilsTest" time="3.912"/>
  <testcase name="testPullRelated[22: com.dotcms.rendering.velocity.viewtools.content.util.ContentUtilsTest$TestCase@5a56c0]" classname="com.dotcms.rendering.velocity.viewtools.content.util.ContentUtilsTest" time="4.149"/>
  <testcase name="testPullRelated[23: com.dotcms.rendering.velocity.viewtools.content.util.ContentUtilsTest$TestCase@574e2f84]" classname="com.dotcms.rendering.velocity.viewtools.content.util.ContentUtilsTest" time="4.041"/>
  <testcase name="testPullRelated[24: com.dotcms.rendering.velocity.viewtools.content.util.ContentUtilsTest$TestCase@210bba9d]" classname="com.dotcms.rendering.velocity.viewtools.content.util.ContentUtilsTest" time="4.045"/>
  <testcase name="testPullRelated[25: com.dotcms.rendering.velocity.viewtools.content.util.ContentUtilsTest$TestCase@6a06cebd]" classname="com.dotcms.rendering.velocity.viewtools.content.util.ContentUtilsTest" time="3.834"/>
  <testcase name="testPullRelated[26: com.dotcms.rendering.velocity.viewtools.content.util.ContentUtilsTest$TestCase@38b8796b]" classname="com.dotcms.rendering.velocity.viewtools.content.util.ContentUtilsTest" time="3.285"/>
  <testcase name="testPullRelated[27: com.dotcms.rendering.velocity.viewtools.content.util.ContentUtilsTest$TestCase@1e2c43f7]" classname="com.dotcms.rendering.velocity.viewtools.content.util.ContentUtilsTest" time="3.91"/>
  <testcase name="testPullRelated[28: com.dotcms.rendering.velocity.viewtools.content.util.ContentUtilsTest$TestCase@620fddfd]" classname="com.dotcms.rendering.velocity.viewtools.content.util.ContentUtilsTest" time="4.067"/>
  <testcase name="testPullRelated[29: com.dotcms.rendering.velocity.viewtools.content.util.ContentUtilsTest$TestCase@3e208427]" classname="com.dotcms.rendering.velocity.viewtools.content.util.ContentUtilsTest" time="4.071"/>
  <testcase name="testPullRelated[30: com.dotcms.rendering.velocity.viewtools.content.util.ContentUtilsTest$TestCase@45a8d1a9]" classname="com.dotcms.rendering.velocity.viewtools.content.util.ContentUtilsTest" time="4.142"/>
  <testcase name="testPullRelated[31: com.dotcms.rendering.velocity.viewtools.content.util.ContentUtilsTest$TestCase@39670110]" classname="com.dotcms.rendering.velocity.viewtools.content.util.ContentUtilsTest" time="4.038"/>
  <testcase name="testPullRelated[32: com.dotcms.rendering.velocity.viewtools.content.util.ContentUtilsTest$TestCase@259bd3f4]" classname="com.dotcms.rendering.velocity.viewtools.content.util.ContentUtilsTest" time="3.95"/>
  <testcase name="testPullRelated[33: com.dotcms.rendering.velocity.viewtools.content.util.ContentUtilsTest$TestCase@1fa06adc]" classname="com.dotcms.rendering.velocity.viewtools.content.util.ContentUtilsTest" time="3.941"/>
  <testcase name="testPullRelated[34: com.dotcms.rendering.velocity.viewtools.content.util.ContentUtilsTest$TestCase@1c06d518]" classname="com.dotcms.rendering.velocity.viewtools.content.util.ContentUtilsTest" time="4.029"/>
  <testcase name="testPullRelated[35: com.dotcms.rendering.velocity.viewtools.content.util.ContentUtilsTest$TestCase@1d682809]" classname="com.dotcms.rendering.velocity.viewtools.content.util.ContentUtilsTest" time="4.26"/>
  <testcase name="testPullRelated[36: com.dotcms.rendering.velocity.viewtools.content.util.ContentUtilsTest$TestCase@66974c23]" classname="com.dotcms.rendering.velocity.viewtools.content.util.ContentUtilsTest" time="6.0"/>
  <testcase name="testPullRelated[37: com.dotcms.rendering.velocity.viewtools.content.util.ContentUtilsTest$TestCase@7a7d3ca7]" classname="com.dotcms.rendering.velocity.viewtools.content.util.ContentUtilsTest" time="6.016"/>
  <testcase name="testPullRelated[38: com.dotcms.rendering.velocity.viewtools.content.util.ContentUtilsTest$TestCase@507988e5]" classname="com.dotcms.rendering.velocity.viewtools.content.util.ContentUtilsTest" time="6.572"/>
  <testcase name="testPullRelated[39: com.dotcms.rendering.velocity.viewtools.content.util.ContentUtilsTest$TestCase@c8dda83]" classname="com.dotcms.rendering.velocity.viewtools.content.util.ContentUtilsTest" time="4.795"/>
  <testcase name="testPullRelated[40: com.dotcms.rendering.velocity.viewtools.content.util.ContentUtilsTest$TestCase@50a77965]" classname="com.dotcms.rendering.velocity.viewtools.content.util.ContentUtilsTest" time="6.162"/>
  <testcase name="testPullRelated[41: com.dotcms.rendering.velocity.viewtools.content.util.ContentUtilsTest$TestCase@43acffd2]" classname="com.dotcms.rendering.velocity.viewtools.content.util.ContentUtilsTest" time="5.76"/>
  <testcase name="testPullRelated[42: com.dotcms.rendering.velocity.viewtools.content.util.ContentUtilsTest$TestCase@5f8e69e2]" classname="com.dotcms.rendering.velocity.viewtools.content.util.ContentUtilsTest" time="6.312"/>
  <testcase name="testPullRelated[43: com.dotcms.rendering.velocity.viewtools.content.util.ContentUtilsTest$TestCase@3db5f952]" classname="com.dotcms.rendering.velocity.viewtools.content.util.ContentUtilsTest" time="6.173"/>
  <testcase name="testPullRelated[44: com.dotcms.rendering.velocity.viewtools.content.util.ContentUtilsTest$TestCase@5632c3d0]" classname="com.dotcms.rendering.velocity.viewtools.content.util.ContentUtilsTest" time="5.946"/>
  <testcase name="testPullRelated[45: com.dotcms.rendering.velocity.viewtools.content.util.ContentUtilsTest$TestCase@7244e4ab]" classname="com.dotcms.rendering.velocity.viewtools.content.util.ContentUtilsTest" time="5.842"/>
  <testcase name="testPullRelated[46: com.dotcms.rendering.velocity.viewtools.content.util.ContentUtilsTest$TestCase@5ea94278]" classname="com.dotcms.rendering.velocity.viewtools.content.util.ContentUtilsTest" time="6.292"/>
  <testcase name="testPullRelated[47: com.dotcms.rendering.velocity.viewtools.content.util.ContentUtilsTest$TestCase@4c444f96]" classname="com.dotcms.rendering.velocity.viewtools.content.util.ContentUtilsTest" time="5.297"/>
  <testcase name="testPullRelated[48: com.dotcms.rendering.velocity.viewtools.content.util.ContentUtilsTest$TestCase@c28298d]" classname="com.dotcms.rendering.velocity.viewtools.content.util.ContentUtilsTest" time="5.812"/>
  <testcase name="testPullRelated[49: com.dotcms.rendering.velocity.viewtools.content.util.ContentUtilsTest$TestCase@599cf51f]" classname="com.dotcms.rendering.velocity.viewtools.content.util.ContentUtilsTest" time="6.055"/>
  <testcase name="testPullRelated[50: com.dotcms.rendering.velocity.viewtools.content.util.ContentUtilsTest$TestCase@4db2d6d6]" classname="com.dotcms.rendering.velocity.viewtools.content.util.ContentUtilsTest" time="5.186"/>
  <testcase name="testPullRelated[51: com.dotcms.rendering.velocity.viewtools.content.util.ContentUtilsTest$TestCase@23e41809]" classname="com.dotcms.rendering.velocity.viewtools.content.util.ContentUtilsTest" time="5.905"/>
  <testcase name="testPullRelated[52: com.dotcms.rendering.velocity.viewtools.content.util.ContentUtilsTest$TestCase@6ecd39b9]" classname="com.dotcms.rendering.velocity.viewtools.content.util.ContentUtilsTest" time="6.141"/>
  <testcase name="testPullRelated[53: com.dotcms.rendering.velocity.viewtools.content.util.ContentUtilsTest$TestCase@50c70d72]" classname="com.dotcms.rendering.velocity.viewtools.content.util.ContentUtilsTest" time="5.993"/>
  <testcase name="testPullRelated[54: com.dotcms.rendering.velocity.viewtools.content.util.ContentUtilsTest$TestCase@b1865da]" classname="com.dotcms.rendering.velocity.viewtools.content.util.ContentUtilsTest" time="5.22"/>
  <testcase name="testPullRelated[55: com.dotcms.rendering.velocity.viewtools.content.util.ContentUtilsTest$TestCase@83f00e0]" classname="com.dotcms.rendering.velocity.viewtools.content.util.ContentUtilsTest" time="6.074"/>
  <testcase name="testPullRelated[56: com.dotcms.rendering.velocity.viewtools.content.util.ContentUtilsTest$TestCase@f38e0af]" classname="com.dotcms.rendering.velocity.viewtools.content.util.ContentUtilsTest" time="6.127"/>
  <testcase name="testPullRelated[57: com.dotcms.rendering.velocity.viewtools.content.util.ContentUtilsTest$TestCase@67fcc0a7]" classname="com.dotcms.rendering.velocity.viewtools.content.util.ContentUtilsTest" time="5.819"/>
  <testcase name="testPullRelated[58: com.dotcms.rendering.velocity.viewtools.content.util.ContentUtilsTest$TestCase@2f825f37]" classname="com.dotcms.rendering.velocity.viewtools.content.util.ContentUtilsTest" time="6.423"/>
  <testcase name="testPullRelated[59: com.dotcms.rendering.velocity.viewtools.content.util.ContentUtilsTest$TestCase@5fca7227]" classname="com.dotcms.rendering.velocity.viewtools.content.util.ContentUtilsTest" time="6.059"/>
  <testcase name="testPullRelated[60: com.dotcms.rendering.velocity.viewtools.content.util.ContentUtilsTest$TestCase@17bfcce9]" classname="com.dotcms.rendering.velocity.viewtools.content.util.ContentUtilsTest" time="6.007"/>
  <testcase name="testPullRelated[61: com.dotcms.rendering.velocity.viewtools.content.util.ContentUtilsTest$TestCase@1647df41]" classname="com.dotcms.rendering.velocity.viewtools.content.util.ContentUtilsTest" time="5.987"/>
  <testcase name="testPullRelated[62: com.dotcms.rendering.velocity.viewtools.content.util.ContentUtilsTest$TestCase@2b815159]" classname="com.dotcms.rendering.velocity.viewtools.content.util.ContentUtilsTest" time="6.268"/>
  <testcase name="testPullRelated[63: com.dotcms.rendering.velocity.viewtools.content.util.ContentUtilsTest$TestCase@27564544]" classname="com.dotcms.rendering.velocity.viewtools.content.util.ContentUtilsTest" time="5.978"/>
  <testcase name="testPullRelated[64: com.dotcms.rendering.velocity.viewtools.content.util.ContentUtilsTest$TestCase@4ee70dc3]" classname="com.dotcms.rendering.velocity.viewtools.content.util.ContentUtilsTest" time="6.039"/>
  <testcase name="testPullRelated[65: com.dotcms.rendering.velocity.viewtools.content.util.ContentUtilsTest$TestCase@66f27e89]" classname="com.dotcms.rendering.velocity.viewtools.content.util.ContentUtilsTest" time="5.964"/>
  <testcase name="testPullRelated[66: com.dotcms.rendering.velocity.viewtools.content.util.ContentUtilsTest$TestCase@47d8e097]" classname="com.dotcms.rendering.velocity.viewtools.content.util.ContentUtilsTest" time="6.185"/>
  <testcase name="testPullRelated[67: com.dotcms.rendering.velocity.viewtools.content.util.ContentUtilsTest$TestCase@52b1f14d]" classname="com.dotcms.rendering.velocity.viewtools.content.util.ContentUtilsTest" time="5.224"/>
  <testcase name="testPullRelated[68: com.dotcms.rendering.velocity.viewtools.content.util.ContentUtilsTest$TestCase@24ce67cd]" classname="com.dotcms.rendering.velocity.viewtools.content.util.ContentUtilsTest" time="5.856"/>
  <testcase name="testPullRelated[69: com.dotcms.rendering.velocity.viewtools.content.util.ContentUtilsTest$TestCase@513d43eb]" classname="com.dotcms.rendering.velocity.viewtools.content.util.ContentUtilsTest" time="6.029"/>
  <testcase name="testPullRelated[70: com.dotcms.rendering.velocity.viewtools.content.util.ContentUtilsTest$TestCase@5161cd03]" classname="com.dotcms.rendering.velocity.viewtools.content.util.ContentUtilsTest" time="5.187"/>
  <testcase name="testPullRelated[71: com.dotcms.rendering.velocity.viewtools.content.util.ContentUtilsTest$TestCase@c8775fb]" classname="com.dotcms.rendering.velocity.viewtools.content.util.ContentUtilsTest" time="6.084"/>
  <testcase name="whenPublishAndExpireDatesAreInTheFutureAndTimeMachineIsAfterBoth" classname="com.dotcms.rendering.velocity.viewtools.content.util.ContentUtilsTest" time="2.991"/>
  <testcase name="testPullRelatedForLegacyRelationship[0: com.dotcms.rendering.velocity.viewtools.content.util.ContentUtilsTest$LegacyTestCase@5ba08ba9]" classname="com.dotcms.rendering.velocity.viewtools.content.util.ContentUtilsTest" time="3.835"/>
  <testcase name="testPullRelatedForLegacyRelationship[1: com.dotcms.rendering.velocity.viewtools.content.util.ContentUtilsTest$LegacyTestCase@6039a92d]" classname="com.dotcms.rendering.velocity.viewtools.content.util.ContentUtilsTest" time="3.984"/>
  <testcase name="whenTheTimeMachineDateIsAfterTomorrowAndExpireDateIsTomorrowShouldNotReturnContent" classname="com.dotcms.rendering.velocity.viewtools.content.util.ContentUtilsTest" time="3.009"/>
  <testcase name="testPullLiveRelatedWhenLatestVersionIsWorking" classname="com.dotcms.rendering.velocity.viewtools.content.util.ContentUtilsTest" time="3.749"/>
  <testcase name="test_add_relationships_on_parent_children_related_contents" classname="com.dotcms.rendering.velocity.viewtools.content.util.ContentUtilsTest" time="1.471"/>
  <testcase name="testSortPullRelated[0: com.dotcms.rendering.velocity.viewtools.content.util.ContentUtilsTest$SortTestCase@3fef79fc]" classname="com.dotcms.rendering.velocity.viewtools.content.util.ContentUtilsTest" time="2.684"/>
  <testcase name="testSortPullRelated[1: com.dotcms.rendering.velocity.viewtools.content.util.ContentUtilsTest$SortTestCase@8f0eb57]" classname="com.dotcms.rendering.velocity.viewtools.content.util.ContentUtilsTest" time="1.719"/>
  <testcase name="testSortPullRelated[2: com.dotcms.rendering.velocity.viewtools.content.util.ContentUtilsTest$SortTestCase@57d2c423]" classname="com.dotcms.rendering.velocity.viewtools.content.util.ContentUtilsTest" time="2.607"/>
  <testcase name="testSortPullRelated[3: com.dotcms.rendering.velocity.viewtools.content.util.ContentUtilsTest$SortTestCase@7a0f7f35]" classname="com.dotcms.rendering.velocity.viewtools.content.util.ContentUtilsTest" time="2.729"/>
  <testcase name="testSortPullRelated[4: com.dotcms.rendering.velocity.viewtools.content.util.ContentUtilsTest$SortTestCase@3eebd911]" classname="com.dotcms.rendering.velocity.viewtools.content.util.ContentUtilsTest" time="1.711"/>
  <testcase name="testSortPullRelated[5: com.dotcms.rendering.velocity.viewtools.content.util.ContentUtilsTest$SortTestCase@314e27c8]" classname="com.dotcms.rendering.velocity.viewtools.content.util.ContentUtilsTest" time="2.746"/>
  <testcase name="whenTheTimeMachineDateIsAfterTomorrowAndExpireDateIsInFutureShouldReturnContent" classname="com.dotcms.rendering.velocity.viewtools.content.util.ContentUtilsTest" time="2.986"/>
  <testcase name="testPullRelatedFieldShouldRespectDefaultOrder" classname="com.dotcms.rendering.velocity.viewtools.content.util.ContentUtilsTest" time="2.276"/>
  <system-out><![CDATA[]]></system-out>
  <system-err><![CDATA[]]></system-err>
</testsuite>
