<?xml version="1.0" encoding="UTF-8"?>
<testsuite name="com.dotcms.rest.TagResourceIntegrationTest" tests="4" skipped="0" failures="0" errors="0" timestamp="2023-06-29T23:54:31" hostname="fv-az442-763" time="0.332">
  <properties/>
  <testcase name="testList[0: com.dotcms.rest.TagResourceTestCase@67dcb3dd]" classname="com.dotcms.rest.TagResourceIntegrationTest" time="0.265"/>
  <testcase name="testList[1: com.dotcms.rest.TagResourceTestCase@29f0611b]" classname="com.dotcms.rest.TagResourceIntegrationTest" time="0.023"/>
  <testcase name="testList[2: com.dotcms.rest.TagResourceTestCase@4f586d2]" classname="com.dotcms.rest.TagResourceIntegrationTest" time="0.021"/>
  <testcase name="testList[3: com.dotcms.rest.TagResourceTestCase@6f73d3b8]" classname="com.dotcms.rest.TagResourceIntegrationTest" time="0.022"/>
  <system-out><![CDATA[]]></system-out>
  <system-err><![CDATA[Jun 29, 2023 11:54:31 PM com.dotcms.repackage.org.hibernate.validator.internal.util.Version <clinit>
INFO: HV000001: Hibernate Validator 4.3.2.Final
]]></system-err>
</testsuite>
