<?xml version="1.0" encoding="UTF-8"?>
<testsuite name="com.dotmarketing.portlets.structure.model.ContentletRelationshipsTest" tests="7" skipped="0" failures="0" errors="0" timestamp="2023-07-07T19:49:03" hostname="fv-az622-57" time="9.929">
  <properties/>
  <testcase name="testDoesAllowOnlyOne[0: com.dotmarketing.portlets.structure.model.ContentletRelationshipsTest$CardinalityTestCase@d1ec3ca]" classname="com.dotmarketing.portlets.structure.model.ContentletRelationshipsTest" time="0.556"/>
  <testcase name="testDoesAllowOnlyOne[1: com.dotmarketing.portlets.structure.model.ContentletRelationshipsTest$CardinalityTestCase@2e035d2b]" classname="com.dotmarketing.portlets.structure.model.ContentletRelationshipsTest" time="0.563"/>
  <testcase name="testDoesAllowOnlyOne[2: com.dotmarketing.portlets.structure.model.ContentletRelationshipsTest$CardinalityTestCase@7c5f2cce]" classname="com.dotmarketing.portlets.structure.model.ContentletRelationshipsTest" time="0.566"/>
  <testcase name="testGetRelationshipRecords[0: com.dotmarketing.portlets.structure.model.ContentletRelationshipsTest$TestCase@72fc08c5]" classname="com.dotmarketing.portlets.structure.model.ContentletRelationshipsTest" time="2.152"/>
  <testcase name="testGetRelationshipRecords[1: com.dotmarketing.portlets.structure.model.ContentletRelationshipsTest$TestCase@90785c3]" classname="com.dotmarketing.portlets.structure.model.ContentletRelationshipsTest" time="2.124"/>
  <testcase name="testGetRelationshipRecords[2: com.dotmarketing.portlets.structure.model.ContentletRelationshipsTest$TestCase@3d596bcd]" classname="com.dotmarketing.portlets.structure.model.ContentletRelationshipsTest" time="2.026"/>
  <testcase name="testGetRelationshipRecords[3: com.dotmarketing.portlets.structure.model.ContentletRelationshipsTest$TestCase@386519f4]" classname="com.dotmarketing.portlets.structure.model.ContentletRelationshipsTest" time="1.941"/>
  <system-out><![CDATA[]]></system-out>
  <system-err><![CDATA[]]></system-err>
</testsuite>
