<?xml version="1.0" encoding="UTF-8"?>
<testsuite name="com.dotcms.rest.api.v1.taillog.TailLogResourceTest" tests="1" skipped="0" failures="0" errors="0" timestamp="2023-07-17T22:05:47" hostname="fv-az799-554" time="30.045">
  <properties/>
  <testcase name="testTailLogResource" classname="com.dotcms.rest.api.v1.taillog.TailLogResourceTest" time="30.045"/>
  <system-out><![CDATA[]]></system-out>
  <system-err><![CDATA[]]></system-err>
</testsuite>
