<?xml version="1.0" encoding="UTF-8"?>
<testsuite name="com.dotcms.rest.elasticsearch.ESContentResourcePortletTest" tests="8" skipped="0" failures="0" errors="0" timestamp="2023-06-22T01:03:28" hostname="fv-az484-488" time="7.558">
  <properties/>
  <testcase name="test_search_includeGrandChildCategory_success" classname="com.dotcms.rest.elasticsearch.ESContentResourcePortletTest" time="1.322"/>
  <testcase name="testSearch[0: com.dotcms.rest.elasticsearch.ESContentResourcePortletTest$TestCase@30ec0285]" classname="com.dotcms.rest.elasticsearch.ESContentResourcePortletTest" time="0.863"/>
  <testcase name="testSearch[1: com.dotcms.rest.elasticsearch.ESContentResourcePortletTest$TestCase@58527779]" classname="com.dotcms.rest.elasticsearch.ESContentResourcePortletTest" time="1.259"/>
  <testcase name="testSearch[2: com.dotcms.rest.elasticsearch.ESContentResourcePortletTest$TestCase@60cc4bc4]" classname="com.dotcms.rest.elasticsearch.ESContentResourcePortletTest" time="0.87"/>
  <testcase name="testSearch[3: com.dotcms.rest.elasticsearch.ESContentResourcePortletTest$TestCase@25b2685c]" classname="com.dotcms.rest.elasticsearch.ESContentResourcePortletTest" time="0.346"/>
  <testcase name="testSearch[4: com.dotcms.rest.elasticsearch.ESContentResourcePortletTest$TestCase@759aae45]" classname="com.dotcms.rest.elasticsearch.ESContentResourcePortletTest" time="1.244"/>
  <testcase name="testSearch[5: com.dotcms.rest.elasticsearch.ESContentResourcePortletTest$TestCase@3e38f630]" classname="com.dotcms.rest.elasticsearch.ESContentResourcePortletTest" time="0.837"/>
  <testcase name="testSearch[6: com.dotcms.rest.elasticsearch.ESContentResourcePortletTest$TestCase@3ca80858]" classname="com.dotcms.rest.elasticsearch.ESContentResourcePortletTest" time="0.817"/>
  <system-out><![CDATA[]]></system-out>
  <system-err><![CDATA[]]></system-err>
</testsuite>
