<?xml version="1.0" encoding="UTF-8"?>
<testsuite name="com.dotcms.rendering.velocity.servlet.VelocityServletIntegrationTest" tests="9" skipped="0" failures="0" errors="0" timestamp="2023-06-27T18:20:42" hostname="fv-az450-696" time="28.453">
  <properties/>
  <testcase name="backendUserRefererEmpty" classname="com.dotcms.rendering.velocity.servlet.VelocityServletIntegrationTest" time="1.13"/>
  <testcase name="backendUserRefererNotDotAdmin" classname="com.dotcms.rendering.velocity.servlet.VelocityServletIntegrationTest" time="0.883"/>
  <testcase name="whenRequestURLMapAndVanityURLTogether" classname="com.dotcms.rendering.velocity.servlet.VelocityServletIntegrationTest" time="9.175"/>
  <testcase name="testingTimeMachine" classname="com.dotcms.rendering.velocity.servlet.VelocityServletIntegrationTest" time="3.057"/>
  <testcase name="backendUserDisabledNavigateModeSet" classname="com.dotcms.rendering.velocity.servlet.VelocityServletIntegrationTest" time="0.924"/>
  <testcase name="backendUserRefererDotAdmin" classname="com.dotcms.rendering.velocity.servlet.VelocityServletIntegrationTest" time="1.037"/>
  <testcase name="whenRequestVanityURL" classname="com.dotcms.rendering.velocity.servlet.VelocityServletIntegrationTest" time="6.147"/>
  <testcase name="whenRequestURLMap" classname="com.dotcms.rendering.velocity.servlet.VelocityServletIntegrationTest" time="5.045"/>
  <testcase name="Test_Frontend_Login_Overrides_BackendLogin_When_Page_Requested" classname="com.dotcms.rendering.velocity.servlet.VelocityServletIntegrationTest" time="1.055"/>
  <system-out><![CDATA[]]></system-out>
  <system-err><![CDATA[]]></system-err>
</testsuite>
