<?xml version="1.0" encoding="UTF-8"?>
<testsuite name="com.dotcms.rest.api.v1.vtl.VTLResourceIntegrationTest" tests="6" skipped="0" failures="0" errors="0" timestamp="2023-06-28T20:25:45" hostname="fv-az578-184" time="12.353">
  <properties/>
  <testcase name="testGet[0: com.dotcms.rest.api.v1.vtl.VTLResourceTestCase@4aae8535]" classname="com.dotcms.rest.api.v1.vtl.VTLResourceIntegrationTest" time="2.437"/>
  <testcase name="testGet[1: com.dotcms.rest.api.v1.vtl.VTLResourceTestCase@4987c8aa]" classname="com.dotcms.rest.api.v1.vtl.VTLResourceIntegrationTest" time="1.93"/>
  <testcase name="testGet[2: com.dotcms.rest.api.v1.vtl.VTLResourceTestCase@2a5eb06b]" classname="com.dotcms.rest.api.v1.vtl.VTLResourceIntegrationTest" time="2.088"/>
  <testcase name="testGet[3: com.dotcms.rest.api.v1.vtl.VTLResourceTestCase@2bef2b9f]" classname="com.dotcms.rest.api.v1.vtl.VTLResourceIntegrationTest" time="1.968"/>
  <testcase name="testGet[4: com.dotcms.rest.api.v1.vtl.VTLResourceTestCase@155684fa]" classname="com.dotcms.rest.api.v1.vtl.VTLResourceIntegrationTest" time="1.995"/>
  <testcase name="testGet[5: com.dotcms.rest.api.v1.vtl.VTLResourceTestCase@6263dc62]" classname="com.dotcms.rest.api.v1.vtl.VTLResourceIntegrationTest" time="1.935"/>
  <system-out><![CDATA[]]></system-out>
  <system-err><![CDATA[]]></system-err>
</testsuite>
