<?xml version="1.0" encoding="UTF-8"?>
<testsuite name="com.dotmarketing.startup.runalways.Task00050LoadAppsSecretsTest" tests="4" skipped="0" failures="0" errors="0" timestamp="2023-07-21T16:36:21" hostname="fv-az453-320" time="5.477">
  <properties/>
  <testcase name="Test_UpgradeTask_Expect_Failure_Due_To_Invalid_Descriptor" classname="com.dotmarketing.startup.runalways.Task00050LoadAppsSecretsTest" time="1.741"/>
  <testcase name="Test_UpgradeTask_Expect_Failure_Due_To_Invalid_Site" classname="com.dotmarketing.startup.runalways.Task00050LoadAppsSecretsTest" time="3.055"/>
  <testcase name="Test_UpgradeTask_Should_Not_Run_When_No_DefaultPassword_isSet" classname="com.dotmarketing.startup.runalways.Task00050LoadAppsSecretsTest" time="0.014"/>
  <testcase name="Test_UpgradeTask" classname="com.dotmarketing.startup.runalways.Task00050LoadAppsSecretsTest" time="0.667"/>
  <system-out><![CDATA[]]></system-out>
  <system-err><![CDATA[]]></system-err>
</testsuite>
