<?xml version="1.0" encoding="UTF-8"?>
<testsuite name="com.dotcms.rest.TagResourceIntegrationTest" tests="4" skipped="0" failures="0" errors="0" timestamp="2023-07-07T19:54:11" hostname="fv-az244-222" time="0.263">
  <properties/>
  <testcase name="testList[0: com.dotcms.rest.TagResourceTestCase@35c47e1a]" classname="com.dotcms.rest.TagResourceIntegrationTest" time="0.219"/>
  <testcase name="testList[1: com.dotcms.rest.TagResourceTestCase@1d3dea8f]" classname="com.dotcms.rest.TagResourceIntegrationTest" time="0.016"/>
  <testcase name="testList[2: com.dotcms.rest.TagResourceTestCase@7be3733e]" classname="com.dotcms.rest.TagResourceIntegrationTest" time="0.013"/>
  <testcase name="testList[3: com.dotcms.rest.TagResourceTestCase@976a47a]" classname="com.dotcms.rest.TagResourceIntegrationTest" time="0.015"/>
  <system-out><![CDATA[]]></system-out>
  <system-err><![CDATA[Jul 07, 2023 7:54:11 PM com.dotcms.repackage.org.hibernate.validator.internal.util.Version <clinit>
INFO: HV000001: Hibernate Validator 4.3.2.Final
]]></system-err>
</testsuite>
