<?xml version="1.0" encoding="UTF-8"?>
<testsuite name="com.dotmarketing.business.VersionableAPITest" tests="17" skipped="0" failures="0" errors="0" timestamp="2023-07-13T23:14:03" hostname="fv-az717-983" time="19.48">
  <properties/>
  <testcase name="testFindLiveVersionContentlet" classname="com.dotmarketing.business.VersionableAPITest" time="1.171"/>
  <testcase name="testFindWorkingVersionHTMLPage" classname="com.dotmarketing.business.VersionableAPITest" time="1.767"/>
  <testcase name="testFindLiveVersionTemplate" classname="com.dotmarketing.business.VersionableAPITest" time="0.027"/>
  <testcase name="testSetLockedHost" classname="com.dotmarketing.business.VersionableAPITest" time="0.981"/>
  <testcase name="getAllByVariants" classname="com.dotmarketing.business.VersionableAPITest" time="1.247"/>
  <testcase name="testIsLiveHost" classname="com.dotmarketing.business.VersionableAPITest" time="0.784"/>
  <testcase name="testFindLiveVersionContainer" classname="com.dotmarketing.business.VersionableAPITest" time="0.096"/>
  <testcase name="testFindPreviousVersion" classname="com.dotmarketing.business.VersionableAPITest" time="1.465"/>
  <testcase name="testIsWorkingHost" classname="com.dotmarketing.business.VersionableAPITest" time="0.459"/>
  <testcase name="setWorkingWithAnotherVariant" classname="com.dotmarketing.business.VersionableAPITest" time="2.107"/>
  <testcase name="testFindLiveVersionHTMLPage" classname="com.dotmarketing.business.VersionableAPITest" time="3.036"/>
  <testcase name="testFindWorkingVersionContainer" classname="com.dotmarketing.business.VersionableAPITest" time="0.083"/>
  <testcase name="getEmptyVariant" classname="com.dotmarketing.business.VersionableAPITest" time="0.004"/>
  <testcase name="getAllByVariantsLIVE" classname="com.dotmarketing.business.VersionableAPITest" time="3.916"/>
  <testcase name="setWorkingWithDefaultVariant" classname="com.dotmarketing.business.VersionableAPITest" time="1.123"/>
  <testcase name="testFindWorkingVersionTemplate" classname="com.dotmarketing.business.VersionableAPITest" time="0.03"/>
  <testcase name="testFindWorkingVersionContentlet" classname="com.dotmarketing.business.VersionableAPITest" time="1.181"/>
  <system-out><![CDATA[]]></system-out>
  <system-err><![CDATA[]]></system-err>
</testsuite>
