<?xml version="1.0" encoding="UTF-8"?>
<testsuite name="com.dotcms.rest.TagResourceIntegrationTest" tests="4" skipped="0" failures="0" errors="0" timestamp="2023-07-05T22:50:20" hostname="fv-az614-79" time="0.285">
  <properties/>
  <testcase name="testList[0: com.dotcms.rest.TagResourceTestCase@2fc7d1ab]" classname="com.dotcms.rest.TagResourceIntegrationTest" time="0.22"/>
  <testcase name="testList[1: com.dotcms.rest.TagResourceTestCase@45b05d33]" classname="com.dotcms.rest.TagResourceIntegrationTest" time="0.023"/>
  <testcase name="testList[2: com.dotcms.rest.TagResourceTestCase@3756b05]" classname="com.dotcms.rest.TagResourceIntegrationTest" time="0.019"/>
  <testcase name="testList[3: com.dotcms.rest.TagResourceTestCase@26b9e5c6]" classname="com.dotcms.rest.TagResourceIntegrationTest" time="0.022"/>
  <system-out><![CDATA[]]></system-out>
  <system-err><![CDATA[Jul 05, 2023 10:50:20 PM com.dotcms.repackage.org.hibernate.validator.internal.util.Version <clinit>
INFO: HV000001: Hibernate Validator 4.3.2.Final
]]></system-err>
</testsuite>
