<?xml version="1.0" encoding="UTF-8"?>
<testsuite name="com.dotcms.rest.api.v1.vtl.VTLResourceIntegrationTest" tests="6" skipped="0" failures="0" errors="0" timestamp="2023-06-27T15:20:58" hostname="fv-az574-602" time="12.303">
  <properties/>
  <testcase name="testGet[0: com.dotcms.rest.api.v1.vtl.VTLResourceTestCase@7a8788f3]" classname="com.dotcms.rest.api.v1.vtl.VTLResourceIntegrationTest" time="2.15"/>
  <testcase name="testGet[1: com.dotcms.rest.api.v1.vtl.VTLResourceTestCase@2e7cd4b4]" classname="com.dotcms.rest.api.v1.vtl.VTLResourceIntegrationTest" time="2.2"/>
  <testcase name="testGet[2: com.dotcms.rest.api.v1.vtl.VTLResourceTestCase@6821a4a7]" classname="com.dotcms.rest.api.v1.vtl.VTLResourceIntegrationTest" time="2.223"/>
  <testcase name="testGet[3: com.dotcms.rest.api.v1.vtl.VTLResourceTestCase@452f7897]" classname="com.dotcms.rest.api.v1.vtl.VTLResourceIntegrationTest" time="1.843"/>
  <testcase name="testGet[4: com.dotcms.rest.api.v1.vtl.VTLResourceTestCase@3a9a0d1]" classname="com.dotcms.rest.api.v1.vtl.VTLResourceIntegrationTest" time="1.845"/>
  <testcase name="testGet[5: com.dotcms.rest.api.v1.vtl.VTLResourceTestCase@4b380d64]" classname="com.dotcms.rest.api.v1.vtl.VTLResourceIntegrationTest" time="2.041"/>
  <system-out><![CDATA[]]></system-out>
  <system-err><![CDATA[]]></system-err>
</testsuite>
