<?xml version="1.0" encoding="UTF-8"?>
<testsuite name="com.dotcms.rest.elasticsearch.ESContentResourcePortletTest" tests="8" skipped="0" failures="0" errors="0" timestamp="2023-07-14T20:11:53" hostname="fv-az1244-305" time="7.703">
  <properties/>
  <testcase name="test_search_includeGrandChildCategory_success" classname="com.dotcms.rest.elasticsearch.ESContentResourcePortletTest" time="1.362"/>
  <testcase name="testSearch[0: com.dotcms.rest.elasticsearch.ESContentResourcePortletTest$TestCase@29863a27]" classname="com.dotcms.rest.elasticsearch.ESContentResourcePortletTest" time="0.912"/>
  <testcase name="testSearch[1: com.dotcms.rest.elasticsearch.ESContentResourcePortletTest$TestCase@6013aeed]" classname="com.dotcms.rest.elasticsearch.ESContentResourcePortletTest" time="0.251"/>
  <testcase name="testSearch[2: com.dotcms.rest.elasticsearch.ESContentResourcePortletTest$TestCase@124459bd]" classname="com.dotcms.rest.elasticsearch.ESContentResourcePortletTest" time="0.916"/>
  <testcase name="testSearch[3: com.dotcms.rest.elasticsearch.ESContentResourcePortletTest$TestCase@10a525b3]" classname="com.dotcms.rest.elasticsearch.ESContentResourcePortletTest" time="1.254"/>
  <testcase name="testSearch[4: com.dotcms.rest.elasticsearch.ESContentResourcePortletTest$TestCase@8ea6282]" classname="com.dotcms.rest.elasticsearch.ESContentResourcePortletTest" time="1.243"/>
  <testcase name="testSearch[5: com.dotcms.rest.elasticsearch.ESContentResourcePortletTest$TestCase@7573d1b4]" classname="com.dotcms.rest.elasticsearch.ESContentResourcePortletTest" time="0.897"/>
  <testcase name="testSearch[6: com.dotcms.rest.elasticsearch.ESContentResourcePortletTest$TestCase@45cae716]" classname="com.dotcms.rest.elasticsearch.ESContentResourcePortletTest" time="0.867"/>
  <system-out><![CDATA[]]></system-out>
  <system-err><![CDATA[]]></system-err>
</testsuite>
