<?xml version="1.0" encoding="UTF-8"?>
<testsuite name="com.dotmarketing.portlets.rules.conditionlet.ConditionletOSGIFTest" tests="1" skipped="1" failures="0" errors="0" timestamp="2023-07-03T16:21:03" hostname="fv-az349-999" time="0.0">
  <properties/>
  <testcase name="registerRuleConditionlet_validConditionlet_success" classname="com.dotmarketing.portlets.rules.conditionlet.ConditionletOSGIFTest" time="0.0">
    <skipped/>
  </testcase>
  <system-out><![CDATA[]]></system-out>
  <system-err><![CDATA[]]></system-err>
</testsuite>
