<?xml version="1.0" encoding="UTF-8"?>
<testsuite name="com.dotmarketing.startup.runonce.Task05165CreateContentTypeWorkflowActionMappingTableTest" tests="1" skipped="0" failures="0" errors="0" timestamp="2023-06-28T01:19:20" hostname="fv-az612-160" time="0.029">
  <properties/>
  <testcase name="testExecuteUpgrade" classname="com.dotmarketing.startup.runonce.Task05165CreateContentTypeWorkflowActionMappingTableTest" time="0.029"/>
  <system-out><![CDATA[]]></system-out>
  <system-err><![CDATA[]]></system-err>
</testsuite>
