<?xml version="1.0" encoding="UTF-8"?>
<testsuite name="com.dotcms.security.apps.SecretsStoreKeyStoreImplTest" tests="11" skipped="0" failures="0" errors="0" timestamp="2023-07-17T17:19:04" hostname="fv-az797-388" time="0.392">
  <properties/>
  <testcase name="Test_Encryption" classname="com.dotcms.security.apps.SecretsStoreKeyStoreImplTest" time="0.029"/>
  <testcase name="Test_Empty_Value" classname="com.dotcms.security.apps.SecretsStoreKeyStoreImplTest" time="0.011"/>
  <testcase name="Test_Storing_A_Long_Key_Name" classname="com.dotcms.security.apps.SecretsStoreKeyStoreImplTest" time="0.045"/>
  <testcase name="Test_404_Cache" classname="com.dotcms.security.apps.SecretsStoreKeyStoreImplTest" time="0.03"/>
  <testcase name="Test_Storing_A_Value_Key_Name_Override" classname="com.dotcms.security.apps.SecretsStoreKeyStoreImplTest" time="0.053"/>
  <testcase name="Test_Storing_a_Value" classname="com.dotcms.security.apps.SecretsStoreKeyStoreImplTest" time="0.024"/>
  <testcase name="Test_Secrets_Singleton" classname="com.dotcms.security.apps.SecretsStoreKeyStoreImplTest" time="0.0"/>
  <testcase name="Test_Recovery_On_Load_Failure" classname="com.dotcms.security.apps.SecretsStoreKeyStoreImplTest" time="0.054"/>
  <testcase name="Test_Storing_A_Long_Value" classname="com.dotcms.security.apps.SecretsStoreKeyStoreImplTest" time="0.032"/>
  <testcase name="Test_Value_List" classname="com.dotcms.security.apps.SecretsStoreKeyStoreImplTest" time="0.073"/>
  <testcase name="Test_Deleting_A_Value" classname="com.dotcms.security.apps.SecretsStoreKeyStoreImplTest" time="0.039"/>
  <system-out><![CDATA[]]></system-out>
  <system-err><![CDATA[]]></system-err>
</testsuite>
