<?xml version="1.0" encoding="UTF-8"?>
<testsuite name="com.dotmarketing.business.DeterministicIdentifierAPITest" tests="16" skipped="0" failures="0" errors="0" timestamp="2023-07-17T16:58:45" hostname="fv-az309-326" time="1.325">
  <properties/>
  <testcase name="Test_Category_Path_Seed_And_Id" classname="com.dotmarketing.business.DeterministicIdentifierAPITest" time="0.025"/>
  <testcase name="Test_Language_Deterministic_Id[0: LanguageTestCase{expectedSeed='Language:es:US', expectedHash=4913155, langCode='es', countryCode='US', country='United States'}]" classname="com.dotmarketing.business.DeterministicIdentifierAPITest" time="0.002"/>
  <testcase name="Test_Language_Deterministic_Id[1: LanguageTestCase{expectedSeed='Language:ep:', expectedHash=5292269, langCode='ep', countryCode='', country=''}]" classname="com.dotmarketing.business.DeterministicIdentifierAPITest" time="0.001"/>
  <testcase name="Test_Language_Deterministic_Id[2: LanguageTestCase{expectedSeed='Language:sg:SAG', expectedHash=4713118, langCode='sg', countryCode='SAG', country=''}]" classname="com.dotmarketing.business.DeterministicIdentifierAPITest" time="0.001"/>
  <testcase name="Test_Language_Deterministic_Id[3: LanguageTestCase{expectedSeed='Language:en:NZ', expectedHash=5382528, langCode='en', countryCode='NZ', country='New Zealand'}]" classname="com.dotmarketing.business.DeterministicIdentifierAPITest" time="0.002"/>
  <testcase name="Test_Category_None_Persisted_Category_Should_Return_Deterministic_Id" classname="com.dotmarketing.business.DeterministicIdentifierAPITest" time="0.001"/>
  <testcase name="Test_Asset_Generate_Deterministic_Id_Best_Effort[0: TestCase{versionable=my.host1689612742810.com, parent=System Host, expectedName='my.host1689612742810.com', expectedType='Host'}]" classname="com.dotmarketing.business.DeterministicIdentifierAPITest" time="0.004"/>
  <testcase name="Test_Asset_Generate_Deterministic_Id_Best_Effort[1: TestCase{versionable=com.dotmarketing.portlets.contentlet.model.Contentlet@9dd21b6[map={modDate=2023-07-17 16:52:23.62, fileName=file11465775043204374571.txt, title=file11465775043204374571.txt, inode=5cbcfadd-9485-48f1-a0d9-5c59573c4d2d, __IS_NEW_CONTENT__=true, disabledWYSIWYG=[], host=cef86666-b680-4f8c-8d6a-a664f43edcf2, stInode=33888b6f-7a8e-4069-b1b6-5c1aa9d0a48d, owner=system, identifier=a04cc2d6-96f9-4cf7-a543-f3ff12146103, nullProperties=[wfExpireDate, wfPublishDate, wfActionAssign, wfActionId, wfActionComments, filterKey, whereToSend, wfNeverExpire, _path_to_move, timezoneId, iWantTo, wfPublishTime, wfExpireTime], languageId=1, fileAsset=/home/runner/work/core/custom/assets/5/c/5cbcfadd-9485-48f1-a0d9-5c59573c4d2d/fileAsset/file11465775043204374571.txt, folder=0f888487-3351-4e32-b9ff-871f8a2d2b02, __disable_workflow__=true, sortOrder=0, modUser=system},lowIndexPriority=false,variantId=DEFAULT], parent=com.dotmarketing.portlets.folders.model.Folder@c84f711[identifier=0f888487-3351-4e32-b9ff-871f8a2d2b02,name=testName1689612743614,sortOrder=0,showOnMenu=false,hostId=cef86666-b680-4f8c-8d6a-a664f43edcf2,type=folder,title=testTitle1689612743614,filesMasks=,defaultFileType=33888b6f-7a8e-4069-b1b6-5c1aa9d0a48d,modDate=2023-07-17 16:52:23.616,owner=&lt;null&gt;,iDate=2023-07-17 16:52:23.616,inode=0f888487-3351-4e32-b9ff-871f8a2d2b02,path=/testName1689612743614/], expectedName='file11465775043204374571.txt', expectedType='FileAsset'}]" classname="com.dotmarketing.business.DeterministicIdentifierAPITest" time="0.004"/>
  <testcase name="Test_Asset_Generate_Deterministic_Id_Best_Effort[2: TestCase{versionable=com.dotmarketing.portlets.templates.model.Template@f4bee8a6, parent=my.host1689612742810.com, expectedName='testTitle1689612743708', expectedType='Template'}]" classname="com.dotmarketing.business.DeterministicIdentifierAPITest" time="0.002"/>
  <testcase name="Test_Asset_Generate_Deterministic_Id_Best_Effort[3: TestCase{versionable=com.dotmarketing.portlets.htmlpageasset.model.HTMLPageAsset@6e3b059d[map={template=df85f9cf-cd8a-4f47-a41a-17323e3e58a5, owner=system, identifier=bb7552ed-eb30-4397-bad0-46fdd18a8dd4, nullProperties=[wfExpireDate, wfPublishDate, wfActionAssign, wfActionId, wfActionComments, filterKey, whereToSend, wfNeverExpire, _path_to_move, timezoneId, iWantTo, wfPublishTime, wfExpireTime], modDate=2023-07-17 16:52:23.723, cachettl=0, _is_test_mode=true, languageId=1, title=test-page-title-1689612743719, httpsreq=, url=test-page-url-1689612743719, showOnMenu=, inode=3cb5074a-692a-44f7-8398-528c538adea3, folder=0f888487-3351-4e32-b9ff-871f8a2d2b02, disabledWYSIWYG=[], sortOrder=1, modUser=system, host=cef86666-b680-4f8c-8d6a-a664f43edcf2, stInode=c541abb1-69b3-4bc5-8430-5e09e5239cc8, friendlyName=test-page-friendly-name-1689612743719},lowIndexPriority=false,variantId=DEFAULT], parent=com.dotmarketing.portlets.folders.model.Folder@c84f711[identifier=0f888487-3351-4e32-b9ff-871f8a2d2b02,name=testName1689612743614,sortOrder=0,showOnMenu=false,hostId=cef86666-b680-4f8c-8d6a-a664f43edcf2,type=folder,title=testTitle1689612743614,filesMasks=,defaultFileType=33888b6f-7a8e-4069-b1b6-5c1aa9d0a48d,modDate=2023-07-17 16:52:23.616,owner=&lt;null&gt;,iDate=2023-07-17 16:52:23.616,inode=0f888487-3351-4e32-b9ff-871f8a2d2b02,path=/testName1689612743614/], expectedName='test-page-url-1689612743719', expectedType='htmlpageasset'}]" classname="com.dotmarketing.business.DeterministicIdentifierAPITest" time="0.003"/>
  <testcase name="Test_Asset_Generate_Deterministic_Id_Best_Effort[4: TestCase{versionable=com.dotmarketing.portlets.contentlet.model.Contentlet@2b039d5e[map={fileAsset2=/home/runner/work/core/custom/assets/9/d/9d66d23f-9c8f-430e-99cf-78bf4ea6b9e1/fileAsset2/test_binary1689612744599.png, modDate=2023-07-17 16:52:24.603, fileAsset1=/home/runner/work/core/custom/assets/9/d/9d66d23f-9c8f-430e-99cf-78bf4ea6b9e1/fileAsset1/test_binary1689612744599.jpg, title=blah, inode=9d66d23f-9c8f-430e-99cf-78bf4ea6b9e1, __IS_NEW_CONTENT__=true, disabledWYSIWYG=[], host=48190c8c-42c4-46af-8d1a-0cd5db894797, stInode=6dbb377a-bce4-40ca-be02-567e8ea1c7d1, owner=system, identifier=1ae6cc76-9c45-4f6a-84d1-15092158ac32, nullProperties=[], languageId=1, image1=6d80a4b4-feb8-4e1a-937f-562ba45d2e69, folder=SYSTEM_FOLDER, __disable_workflow__=true, sortOrder=0, modUser=system},lowIndexPriority=false,variantId=DEFAULT], parent=demo.dotcms.com, expectedName='test_binary1689612744599.jpg:test_binary1689612744599.png', expectedType='MultipleBinaries1689612743938'}]" classname="com.dotmarketing.business.DeterministicIdentifierAPITest" time="0.003"/>
  <testcase name="Test_Asset_Generate_Deterministic_Id_Best_Effort[5: TestCase{versionable=name01e5ad74ce : keyTag01e5ad74ce, parent=my.host1689612742810.com, expectedName='keyTag01e5ad74ce', expectedType='persona'}]" classname="com.dotmarketing.business.DeterministicIdentifierAPITest" time="0.002"/>
  <testcase name="Test_Similar_Content_Type_Wont_Clash" classname="com.dotmarketing.business.DeterministicIdentifierAPITest" time="0.437"/>
  <testcase name="Test_Generate_Folder_Identifier" classname="com.dotmarketing.business.DeterministicIdentifierAPITest" time="0.81"/>
  <testcase name="Test_Generate_Content_Type_Identifier[0: ContentTypeTestCase{contentType=KeyValueContentType{name=Language Variable, id=f4d7c1b8-2c88-4071-abf1-a5328977b07d, description=Default Content Type for Language Variables, defaultType=false, fixed=true, iDate=Thu Aug 31 16:38:49 UTC 2017, system=true, versionable=true, variable=Languagevariable, modDate=Mon Jul 17 15:48:33 UTC 2023, host=SYSTEM_HOST, siteName=systemHost, icon=language, sortOrder=0, folder=SYSTEM_FOLDER, folderPath=/, markedForDeletion=true, multilingualable=false}, expectedName='Languagevariable', expectedType='KeyValue'}]" classname="com.dotmarketing.business.DeterministicIdentifierAPITest" time="0.02"/>
  <testcase name="Test_Generate_Content_Type_Identifier[1: ContentTypeTestCase{contentType=SimpleContentType{name=testName1689612745072, id=3c2e87d6-53c3-4602-936b-a9b331428b80, description=testDescription1689612745072, defaultType=false, fixed=false, iDate=Mon Jul 17 16:52:25 UTC 2023, system=false, versionable=true, multilingualable=false, variable=testVarname1689612745072, owner=system, modDate=Mon Jul 17 16:52:25 UTC 2023, host=48190c8c-42c4-46af-8d1a-0cd5db894797, siteName=demo.dotcms.com, icon=event_note, sortOrder=0, folder=SYSTEM_FOLDER, folderPath=/, requiredFields=[], markedForDeletion=false}, expectedName='testVarname1689612745072', expectedType='CONTENT'}]" classname="com.dotmarketing.business.DeterministicIdentifierAPITest" time="0.005"/>
  <system-out><![CDATA[]]></system-out>
  <system-err><![CDATA[]]></system-err>
</testsuite>
