<?xml version="1.0" encoding="UTF-8"?>
<testsuite name="com.dotcms.rendering.velocity.viewtools.content.util.ContentUtilsTest" tests="89" skipped="0" failures="0" errors="0" timestamp="2023-06-23T22:53:33" hostname="fv-az444-739" time="401.492">
  <properties/>
  <testcase name="whenTheTimeMachineDateIsNullAndPublishDateInFutureShouldNotReturnAnything" classname="com.dotcms.rendering.velocity.viewtools.content.util.ContentUtilsTest" time="3.396"/>
  <testcase name="test_find_multilingual_contentlet_getContentletSuccessfully" classname="com.dotcms.rendering.velocity.viewtools.content.util.ContentUtilsTest" time="1.694"/>
  <testcase name="whenTheTimeMachineDateAndPublishDateAreTomorrowShouldReturnOneContent" classname="com.dotcms.rendering.velocity.viewtools.content.util.ContentUtilsTest" time="3.487"/>
  <testcase name="testPullRelated[0: com.dotcms.rendering.velocity.viewtools.content.util.ContentUtilsTest$TestCase@5853ccd2]" classname="com.dotcms.rendering.velocity.viewtools.content.util.ContentUtilsTest" time="4.284"/>
  <testcase name="testPullRelated[1: com.dotcms.rendering.velocity.viewtools.content.util.ContentUtilsTest$TestCase@38dc2010]" classname="com.dotcms.rendering.velocity.viewtools.content.util.ContentUtilsTest" time="3.983"/>
  <testcase name="testPullRelated[2: com.dotcms.rendering.velocity.viewtools.content.util.ContentUtilsTest$TestCase@1035e304]" classname="com.dotcms.rendering.velocity.viewtools.content.util.ContentUtilsTest" time="4.223"/>
  <testcase name="testPullRelated[3: com.dotcms.rendering.velocity.viewtools.content.util.ContentUtilsTest$TestCase@1bbbfa4d]" classname="com.dotcms.rendering.velocity.viewtools.content.util.ContentUtilsTest" time="3.753"/>
  <testcase name="testPullRelated[4: com.dotcms.rendering.velocity.viewtools.content.util.ContentUtilsTest$TestCase@5dc880b4]" classname="com.dotcms.rendering.velocity.viewtools.content.util.ContentUtilsTest" time="4.178"/>
  <testcase name="testPullRelated[5: com.dotcms.rendering.velocity.viewtools.content.util.ContentUtilsTest$TestCase@4cde7bd]" classname="com.dotcms.rendering.velocity.viewtools.content.util.ContentUtilsTest" time="3.939"/>
  <testcase name="testPullRelated[6: com.dotcms.rendering.velocity.viewtools.content.util.ContentUtilsTest$TestCase@3b5f09e3]" classname="com.dotcms.rendering.velocity.viewtools.content.util.ContentUtilsTest" time="4.426"/>
  <testcase name="testPullRelated[7: com.dotcms.rendering.velocity.viewtools.content.util.ContentUtilsTest$TestCase@7f72e557]" classname="com.dotcms.rendering.velocity.viewtools.content.util.ContentUtilsTest" time="3.774"/>
  <testcase name="testPullRelated[8: com.dotcms.rendering.velocity.viewtools.content.util.ContentUtilsTest$TestCase@6626172d]" classname="com.dotcms.rendering.velocity.viewtools.content.util.ContentUtilsTest" time="4.056"/>
  <testcase name="testPullRelated[9: com.dotcms.rendering.velocity.viewtools.content.util.ContentUtilsTest$TestCase@dbde45b]" classname="com.dotcms.rendering.velocity.viewtools.content.util.ContentUtilsTest" time="4.051"/>
  <testcase name="testPullRelated[10: com.dotcms.rendering.velocity.viewtools.content.util.ContentUtilsTest$TestCase@4eeee41e]" classname="com.dotcms.rendering.velocity.viewtools.content.util.ContentUtilsTest" time="4.073"/>
  <testcase name="testPullRelated[11: com.dotcms.rendering.velocity.viewtools.content.util.ContentUtilsTest$TestCase@26dee8c9]" classname="com.dotcms.rendering.velocity.viewtools.content.util.ContentUtilsTest" time="4.156"/>
  <testcase name="testPullRelated[12: com.dotcms.rendering.velocity.viewtools.content.util.ContentUtilsTest$TestCase@70170c40]" classname="com.dotcms.rendering.velocity.viewtools.content.util.ContentUtilsTest" time="2.898"/>
  <testcase name="testPullRelated[13: com.dotcms.rendering.velocity.viewtools.content.util.ContentUtilsTest$TestCase@126aa125]" classname="com.dotcms.rendering.velocity.viewtools.content.util.ContentUtilsTest" time="2.971"/>
  <testcase name="testPullRelated[14: com.dotcms.rendering.velocity.viewtools.content.util.ContentUtilsTest$TestCase@2b9d6962]" classname="com.dotcms.rendering.velocity.viewtools.content.util.ContentUtilsTest" time="3.952"/>
  <testcase name="testPullRelated[15: com.dotcms.rendering.velocity.viewtools.content.util.ContentUtilsTest$TestCase@7ad44478]" classname="com.dotcms.rendering.velocity.viewtools.content.util.ContentUtilsTest" time="4.241"/>
  <testcase name="testPullRelated[16: com.dotcms.rendering.velocity.viewtools.content.util.ContentUtilsTest$TestCase@3269326e]" classname="com.dotcms.rendering.velocity.viewtools.content.util.ContentUtilsTest" time="2.97"/>
  <testcase name="testPullRelated[17: com.dotcms.rendering.velocity.viewtools.content.util.ContentUtilsTest$TestCase@75cdce8f]" classname="com.dotcms.rendering.velocity.viewtools.content.util.ContentUtilsTest" time="4.154"/>
  <testcase name="testPullRelated[18: com.dotcms.rendering.velocity.viewtools.content.util.ContentUtilsTest$TestCase@355b6f2d]" classname="com.dotcms.rendering.velocity.viewtools.content.util.ContentUtilsTest" time="2.957"/>
  <testcase name="testPullRelated[19: com.dotcms.rendering.velocity.viewtools.content.util.ContentUtilsTest$TestCase@6d741a7a]" classname="com.dotcms.rendering.velocity.viewtools.content.util.ContentUtilsTest" time="4.293"/>
  <testcase name="testPullRelated[20: com.dotcms.rendering.velocity.viewtools.content.util.ContentUtilsTest$TestCase@1675bff8]" classname="com.dotcms.rendering.velocity.viewtools.content.util.ContentUtilsTest" time="3.802"/>
  <testcase name="testPullRelated[21: com.dotcms.rendering.velocity.viewtools.content.util.ContentUtilsTest$TestCase@dd7b20f]" classname="com.dotcms.rendering.velocity.viewtools.content.util.ContentUtilsTest" time="3.954"/>
  <testcase name="testPullRelated[22: com.dotcms.rendering.velocity.viewtools.content.util.ContentUtilsTest$TestCase@631b969f]" classname="com.dotcms.rendering.velocity.viewtools.content.util.ContentUtilsTest" time="4.242"/>
  <testcase name="testPullRelated[23: com.dotcms.rendering.velocity.viewtools.content.util.ContentUtilsTest$TestCase@2ef1e74c]" classname="com.dotcms.rendering.velocity.viewtools.content.util.ContentUtilsTest" time="4.182"/>
  <testcase name="testPullRelated[24: com.dotcms.rendering.velocity.viewtools.content.util.ContentUtilsTest$TestCase@15c00715]" classname="com.dotcms.rendering.velocity.viewtools.content.util.ContentUtilsTest" time="4.028"/>
  <testcase name="testPullRelated[25: com.dotcms.rendering.velocity.viewtools.content.util.ContentUtilsTest$TestCase@25378868]" classname="com.dotcms.rendering.velocity.viewtools.content.util.ContentUtilsTest" time="3.86"/>
  <testcase name="testPullRelated[26: com.dotcms.rendering.velocity.viewtools.content.util.ContentUtilsTest$TestCase@1aa75d3f]" classname="com.dotcms.rendering.velocity.viewtools.content.util.ContentUtilsTest" time="4.222"/>
  <testcase name="testPullRelated[27: com.dotcms.rendering.velocity.viewtools.content.util.ContentUtilsTest$TestCase@3b4d02a0]" classname="com.dotcms.rendering.velocity.viewtools.content.util.ContentUtilsTest" time="4.336"/>
  <testcase name="testPullRelated[28: com.dotcms.rendering.velocity.viewtools.content.util.ContentUtilsTest$TestCase@2ea04273]" classname="com.dotcms.rendering.velocity.viewtools.content.util.ContentUtilsTest" time="3.902"/>
  <testcase name="testPullRelated[29: com.dotcms.rendering.velocity.viewtools.content.util.ContentUtilsTest$TestCase@37cdeb07]" classname="com.dotcms.rendering.velocity.viewtools.content.util.ContentUtilsTest" time="3.814"/>
  <testcase name="testPullRelated[30: com.dotcms.rendering.velocity.viewtools.content.util.ContentUtilsTest$TestCase@17231664]" classname="com.dotcms.rendering.velocity.viewtools.content.util.ContentUtilsTest" time="4.134"/>
  <testcase name="testPullRelated[31: com.dotcms.rendering.velocity.viewtools.content.util.ContentUtilsTest$TestCase@44a84e22]" classname="com.dotcms.rendering.velocity.viewtools.content.util.ContentUtilsTest" time="3.126"/>
  <testcase name="testPullRelated[32: com.dotcms.rendering.velocity.viewtools.content.util.ContentUtilsTest$TestCase@68b73f1e]" classname="com.dotcms.rendering.velocity.viewtools.content.util.ContentUtilsTest" time="4.113"/>
  <testcase name="testPullRelated[33: com.dotcms.rendering.velocity.viewtools.content.util.ContentUtilsTest$TestCase@30fa74dc]" classname="com.dotcms.rendering.velocity.viewtools.content.util.ContentUtilsTest" time="3.009"/>
  <testcase name="testPullRelated[34: com.dotcms.rendering.velocity.viewtools.content.util.ContentUtilsTest$TestCase@3f65c491]" classname="com.dotcms.rendering.velocity.viewtools.content.util.ContentUtilsTest" time="4.169"/>
  <testcase name="testPullRelated[35: com.dotcms.rendering.velocity.viewtools.content.util.ContentUtilsTest$TestCase@393a5401]" classname="com.dotcms.rendering.velocity.viewtools.content.util.ContentUtilsTest" time="3.049"/>
  <testcase name="testPullRelated[36: com.dotcms.rendering.velocity.viewtools.content.util.ContentUtilsTest$TestCase@68a4d3f7]" classname="com.dotcms.rendering.velocity.viewtools.content.util.ContentUtilsTest" time="5.053"/>
  <testcase name="testPullRelated[37: com.dotcms.rendering.velocity.viewtools.content.util.ContentUtilsTest$TestCase@b9b06ab]" classname="com.dotcms.rendering.velocity.viewtools.content.util.ContentUtilsTest" time="5.885"/>
  <testcase name="testPullRelated[38: com.dotcms.rendering.velocity.viewtools.content.util.ContentUtilsTest$TestCase@1a4b1a05]" classname="com.dotcms.rendering.velocity.viewtools.content.util.ContentUtilsTest" time="6.375"/>
  <testcase name="testPullRelated[39: com.dotcms.rendering.velocity.viewtools.content.util.ContentUtilsTest$TestCase@713adf11]" classname="com.dotcms.rendering.velocity.viewtools.content.util.ContentUtilsTest" time="6.069"/>
  <testcase name="testPullRelated[40: com.dotcms.rendering.velocity.viewtools.content.util.ContentUtilsTest$TestCase@3fcf91aa]" classname="com.dotcms.rendering.velocity.viewtools.content.util.ContentUtilsTest" time="6.217"/>
  <testcase name="testPullRelated[41: com.dotcms.rendering.velocity.viewtools.content.util.ContentUtilsTest$TestCase@6c3266a6]" classname="com.dotcms.rendering.velocity.viewtools.content.util.ContentUtilsTest" time="5.685"/>
  <testcase name="testPullRelated[42: com.dotcms.rendering.velocity.viewtools.content.util.ContentUtilsTest$TestCase@2eebc217]" classname="com.dotcms.rendering.velocity.viewtools.content.util.ContentUtilsTest" time="6.477"/>
  <testcase name="testPullRelated[43: com.dotcms.rendering.velocity.viewtools.content.util.ContentUtilsTest$TestCase@90e528c]" classname="com.dotcms.rendering.velocity.viewtools.content.util.ContentUtilsTest" time="6.074"/>
  <testcase name="testPullRelated[44: com.dotcms.rendering.velocity.viewtools.content.util.ContentUtilsTest$TestCase@4a0fd0c6]" classname="com.dotcms.rendering.velocity.viewtools.content.util.ContentUtilsTest" time="5.943"/>
  <testcase name="testPullRelated[45: com.dotcms.rendering.velocity.viewtools.content.util.ContentUtilsTest$TestCase@35f78877]" classname="com.dotcms.rendering.velocity.viewtools.content.util.ContentUtilsTest" time="6.051"/>
  <testcase name="testPullRelated[46: com.dotcms.rendering.velocity.viewtools.content.util.ContentUtilsTest$TestCase@457c1fa4]" classname="com.dotcms.rendering.velocity.viewtools.content.util.ContentUtilsTest" time="6.25"/>
  <testcase name="testPullRelated[47: com.dotcms.rendering.velocity.viewtools.content.util.ContentUtilsTest$TestCase@3e9dafb5]" classname="com.dotcms.rendering.velocity.viewtools.content.util.ContentUtilsTest" time="5.951"/>
  <testcase name="testPullRelated[48: com.dotcms.rendering.velocity.viewtools.content.util.ContentUtilsTest$TestCase@a20d140]" classname="com.dotcms.rendering.velocity.viewtools.content.util.ContentUtilsTest" time="6.207"/>
  <testcase name="testPullRelated[49: com.dotcms.rendering.velocity.viewtools.content.util.ContentUtilsTest$TestCase@39d4443]" classname="com.dotcms.rendering.velocity.viewtools.content.util.ContentUtilsTest" time="5.993"/>
  <testcase name="testPullRelated[50: com.dotcms.rendering.velocity.viewtools.content.util.ContentUtilsTest$TestCase@2639eaab]" classname="com.dotcms.rendering.velocity.viewtools.content.util.ContentUtilsTest" time="6.128"/>
  <testcase name="testPullRelated[51: com.dotcms.rendering.velocity.viewtools.content.util.ContentUtilsTest$TestCase@758a19de]" classname="com.dotcms.rendering.velocity.viewtools.content.util.ContentUtilsTest" time="6.315"/>
  <testcase name="testPullRelated[52: com.dotcms.rendering.velocity.viewtools.content.util.ContentUtilsTest$TestCase@79ac7cfe]" classname="com.dotcms.rendering.velocity.viewtools.content.util.ContentUtilsTest" time="4.937"/>
  <testcase name="testPullRelated[53: com.dotcms.rendering.velocity.viewtools.content.util.ContentUtilsTest$TestCase@107a90d4]" classname="com.dotcms.rendering.velocity.viewtools.content.util.ContentUtilsTest" time="6.02"/>
  <testcase name="testPullRelated[54: com.dotcms.rendering.velocity.viewtools.content.util.ContentUtilsTest$TestCase@797f4cc2]" classname="com.dotcms.rendering.velocity.viewtools.content.util.ContentUtilsTest" time="5.24"/>
  <testcase name="testPullRelated[55: com.dotcms.rendering.velocity.viewtools.content.util.ContentUtilsTest$TestCase@5c9eeeda]" classname="com.dotcms.rendering.velocity.viewtools.content.util.ContentUtilsTest" time="6.041"/>
  <testcase name="testPullRelated[56: com.dotcms.rendering.velocity.viewtools.content.util.ContentUtilsTest$TestCase@46cf323b]" classname="com.dotcms.rendering.velocity.viewtools.content.util.ContentUtilsTest" time="5.058"/>
  <testcase name="testPullRelated[57: com.dotcms.rendering.velocity.viewtools.content.util.ContentUtilsTest$TestCase@2f7e606]" classname="com.dotcms.rendering.velocity.viewtools.content.util.ContentUtilsTest" time="6.13"/>
  <testcase name="testPullRelated[58: com.dotcms.rendering.velocity.viewtools.content.util.ContentUtilsTest$TestCase@16da3c6]" classname="com.dotcms.rendering.velocity.viewtools.content.util.ContentUtilsTest" time="6.177"/>
  <testcase name="testPullRelated[59: com.dotcms.rendering.velocity.viewtools.content.util.ContentUtilsTest$TestCase@2aae650f]" classname="com.dotcms.rendering.velocity.viewtools.content.util.ContentUtilsTest" time="6.328"/>
  <testcase name="testPullRelated[60: com.dotcms.rendering.velocity.viewtools.content.util.ContentUtilsTest$TestCase@154fc48b]" classname="com.dotcms.rendering.velocity.viewtools.content.util.ContentUtilsTest" time="5.882"/>
  <testcase name="testPullRelated[61: com.dotcms.rendering.velocity.viewtools.content.util.ContentUtilsTest$TestCase@2835d7f2]" classname="com.dotcms.rendering.velocity.viewtools.content.util.ContentUtilsTest" time="5.991"/>
  <testcase name="testPullRelated[62: com.dotcms.rendering.velocity.viewtools.content.util.ContentUtilsTest$TestCase@44aa22a1]" classname="com.dotcms.rendering.velocity.viewtools.content.util.ContentUtilsTest" time="6.211"/>
  <testcase name="testPullRelated[63: com.dotcms.rendering.velocity.viewtools.content.util.ContentUtilsTest$TestCase@1df5b126]" classname="com.dotcms.rendering.velocity.viewtools.content.util.ContentUtilsTest" time="6.087"/>
  <testcase name="testPullRelated[64: com.dotcms.rendering.velocity.viewtools.content.util.ContentUtilsTest$TestCase@76f5558f]" classname="com.dotcms.rendering.velocity.viewtools.content.util.ContentUtilsTest" time="6.208"/>
  <testcase name="testPullRelated[65: com.dotcms.rendering.velocity.viewtools.content.util.ContentUtilsTest$TestCase@707986e4]" classname="com.dotcms.rendering.velocity.viewtools.content.util.ContentUtilsTest" time="5.759"/>
  <testcase name="testPullRelated[66: com.dotcms.rendering.velocity.viewtools.content.util.ContentUtilsTest$TestCase@65d30d60]" classname="com.dotcms.rendering.velocity.viewtools.content.util.ContentUtilsTest" time="6.34"/>
  <testcase name="testPullRelated[67: com.dotcms.rendering.velocity.viewtools.content.util.ContentUtilsTest$TestCase@559fec7d]" classname="com.dotcms.rendering.velocity.viewtools.content.util.ContentUtilsTest" time="5.104"/>
  <testcase name="testPullRelated[68: com.dotcms.rendering.velocity.viewtools.content.util.ContentUtilsTest$TestCase@99a826c]" classname="com.dotcms.rendering.velocity.viewtools.content.util.ContentUtilsTest" time="5.886"/>
  <testcase name="testPullRelated[69: com.dotcms.rendering.velocity.viewtools.content.util.ContentUtilsTest$TestCase@35e87b1d]" classname="com.dotcms.rendering.velocity.viewtools.content.util.ContentUtilsTest" time="6.181"/>
  <testcase name="testPullRelated[70: com.dotcms.rendering.velocity.viewtools.content.util.ContentUtilsTest$TestCase@482dd8cd]" classname="com.dotcms.rendering.velocity.viewtools.content.util.ContentUtilsTest" time="5.137"/>
  <testcase name="testPullRelated[71: com.dotcms.rendering.velocity.viewtools.content.util.ContentUtilsTest$TestCase@62fb39b1]" classname="com.dotcms.rendering.velocity.viewtools.content.util.ContentUtilsTest" time="5.087"/>
  <testcase name="whenPublishAndExpireDatesAreInTheFutureAndTimeMachineIsAfterBoth" classname="com.dotcms.rendering.velocity.viewtools.content.util.ContentUtilsTest" time="2.465"/>
  <testcase name="testPullRelatedForLegacyRelationship[0: com.dotcms.rendering.velocity.viewtools.content.util.ContentUtilsTest$LegacyTestCase@3f2f4e60]" classname="com.dotcms.rendering.velocity.viewtools.content.util.ContentUtilsTest" time="4.432"/>
  <testcase name="testPullRelatedForLegacyRelationship[1: com.dotcms.rendering.velocity.viewtools.content.util.ContentUtilsTest$LegacyTestCase@49e9fa0b]" classname="com.dotcms.rendering.velocity.viewtools.content.util.ContentUtilsTest" time="4.119"/>
  <testcase name="whenTheTimeMachineDateIsAfterTomorrowAndExpireDateIsTomorrowShouldNotReturnContent" classname="com.dotcms.rendering.velocity.viewtools.content.util.ContentUtilsTest" time="3.362"/>
  <testcase name="testPullLiveRelatedWhenLatestVersionIsWorking" classname="com.dotcms.rendering.velocity.viewtools.content.util.ContentUtilsTest" time="4.213"/>
  <testcase name="test_add_relationships_on_parent_children_related_contents" classname="com.dotcms.rendering.velocity.viewtools.content.util.ContentUtilsTest" time="1.564"/>
  <testcase name="testSortPullRelated[0: com.dotcms.rendering.velocity.viewtools.content.util.ContentUtilsTest$SortTestCase@6fa4a84b]" classname="com.dotcms.rendering.velocity.viewtools.content.util.ContentUtilsTest" time="2.696"/>
  <testcase name="testSortPullRelated[1: com.dotcms.rendering.velocity.viewtools.content.util.ContentUtilsTest$SortTestCase@54a932bf]" classname="com.dotcms.rendering.velocity.viewtools.content.util.ContentUtilsTest" time="2.701"/>
  <testcase name="testSortPullRelated[2: com.dotcms.rendering.velocity.viewtools.content.util.ContentUtilsTest$SortTestCase@11303a04]" classname="com.dotcms.rendering.velocity.viewtools.content.util.ContentUtilsTest" time="3.0"/>
  <testcase name="testSortPullRelated[3: com.dotcms.rendering.velocity.viewtools.content.util.ContentUtilsTest$SortTestCase@170fa38b]" classname="com.dotcms.rendering.velocity.viewtools.content.util.ContentUtilsTest" time="1.913"/>
  <testcase name="testSortPullRelated[4: com.dotcms.rendering.velocity.viewtools.content.util.ContentUtilsTest$SortTestCase@5d23b7d1]" classname="com.dotcms.rendering.velocity.viewtools.content.util.ContentUtilsTest" time="2.875"/>
  <testcase name="testSortPullRelated[5: com.dotcms.rendering.velocity.viewtools.content.util.ContentUtilsTest$SortTestCase@40825a00]" classname="com.dotcms.rendering.velocity.viewtools.content.util.ContentUtilsTest" time="2.964"/>
  <testcase name="whenTheTimeMachineDateIsAfterTomorrowAndExpireDateIsInFutureShouldReturnContent" classname="com.dotcms.rendering.velocity.viewtools.content.util.ContentUtilsTest" time="3.377"/>
  <testcase name="testPullRelatedFieldShouldRespectDefaultOrder" classname="com.dotcms.rendering.velocity.viewtools.content.util.ContentUtilsTest" time="1.477"/>
  <system-out><![CDATA[]]></system-out>
  <system-err><![CDATA[]]></system-err>
</testsuite>
