<?xml version="1.0" encoding="UTF-8"?>
<testsuite name="com.dotmarketing.business.DeterministicIdentifierAPITest" tests="16" skipped="0" failures="0" errors="0" timestamp="2023-07-20T04:35:17" hostname="fv-az592-428" time="0.765">
  <properties/>
  <testcase name="Test_Category_Path_Seed_And_Id" classname="com.dotmarketing.business.DeterministicIdentifierAPITest" time="0.02"/>
  <testcase name="Test_Language_Deterministic_Id[0: LanguageTestCase{expectedSeed='Language:es:US', expectedHash=4913155, langCode='es', countryCode='US', country='United States'}]" classname="com.dotmarketing.business.DeterministicIdentifierAPITest" time="0.001"/>
  <testcase name="Test_Language_Deterministic_Id[1: LanguageTestCase{expectedSeed='Language:ep:', expectedHash=5292269, langCode='ep', countryCode='', country=''}]" classname="com.dotmarketing.business.DeterministicIdentifierAPITest" time="0.001"/>
  <testcase name="Test_Language_Deterministic_Id[2: LanguageTestCase{expectedSeed='Language:sg:SAG', expectedHash=4713118, langCode='sg', countryCode='SAG', country=''}]" classname="com.dotmarketing.business.DeterministicIdentifierAPITest" time="0.001"/>
  <testcase name="Test_Language_Deterministic_Id[3: LanguageTestCase{expectedSeed='Language:en:NZ', expectedHash=5382528, langCode='en', countryCode='NZ', country='New Zealand'}]" classname="com.dotmarketing.business.DeterministicIdentifierAPITest" time="0.001"/>
  <testcase name="Test_Category_None_Persisted_Category_Should_Return_Deterministic_Id" classname="com.dotmarketing.business.DeterministicIdentifierAPITest" time="0.001"/>
  <testcase name="Test_Asset_Generate_Deterministic_Id_Best_Effort[0: TestCase{versionable=my.host1689827332295.com, parent=System Host, expectedName='my.host1689827332295.com', expectedType='Host'}]" classname="com.dotmarketing.business.DeterministicIdentifierAPITest" time="0.004"/>
  <testcase name="Test_Asset_Generate_Deterministic_Id_Best_Effort[1: TestCase{versionable=com.dotmarketing.portlets.contentlet.model.Contentlet@6b3aba8c[map={modDate=2023-07-20 04:28:53.041, fileName=file4073527640469055264.txt, title=file4073527640469055264.txt, inode=7790109d-8d5e-4d1a-9f32-738b8a41b11a, __IS_NEW_CONTENT__=true, disabledWYSIWYG=[], host=038ee930-8706-4c23-8bd6-fb5fb005517e, stInode=33888b6f-7a8e-4069-b1b6-5c1aa9d0a48d, owner=system, identifier=15dc2213-949f-40b9-b1f1-d9c3272ea521, nullProperties=[wfExpireDate, wfPublishDate, wfActionAssign, wfActionId, wfActionComments, filterKey, whereToSend, wfNeverExpire, _path_to_move, timezoneId, iWantTo, wfPublishTime, wfExpireTime], languageId=1, fileAsset=/home/runner/work/core/custom/assets/7/7/7790109d-8d5e-4d1a-9f32-738b8a41b11a/fileAsset/file4073527640469055264.txt, folder=99f1c954-26ae-42a8-910b-99681829459d, __disable_workflow__=true, sortOrder=0, modUser=system},lowIndexPriority=false,variantId=DEFAULT], parent=com.dotmarketing.portlets.folders.model.Folder@334bee7c[identifier=99f1c954-26ae-42a8-910b-99681829459d,name=testName1689827333035,sortOrder=0,showOnMenu=false,hostId=038ee930-8706-4c23-8bd6-fb5fb005517e,type=folder,title=testTitle1689827333035,filesMasks=,defaultFileType=33888b6f-7a8e-4069-b1b6-5c1aa9d0a48d,modDate=2023-07-20 04:28:53.037,owner=&lt;null&gt;,iDate=2023-07-20 04:28:53.037,inode=99f1c954-26ae-42a8-910b-99681829459d,path=/testName1689827333035/], expectedName='file4073527640469055264.txt', expectedType='FileAsset'}]" classname="com.dotmarketing.business.DeterministicIdentifierAPITest" time="0.003"/>
  <testcase name="Test_Asset_Generate_Deterministic_Id_Best_Effort[2: TestCase{versionable=com.dotmarketing.portlets.templates.model.Template@a65dada, parent=my.host1689827332295.com, expectedName='testTitle1689827333128', expectedType='Template'}]" classname="com.dotmarketing.business.DeterministicIdentifierAPITest" time="0.002"/>
  <testcase name="Test_Asset_Generate_Deterministic_Id_Best_Effort[3: TestCase{versionable=com.dotmarketing.portlets.htmlpageasset.model.HTMLPageAsset@4b6f4b00[map={template=61b9a0ee-1b0e-45ed-b1e1-6b2eb13e3ea4, owner=system, identifier=1bfc17e4-1afa-4264-a31d-bc83b3e69e1c, nullProperties=[wfExpireDate, wfPublishDate, wfActionAssign, wfActionId, wfActionComments, filterKey, whereToSend, wfNeverExpire, _path_to_move, timezoneId, iWantTo, wfPublishTime, wfExpireTime], modDate=2023-07-20 04:28:53.15, cachettl=0, _is_test_mode=true, languageId=1, title=test-page-title-1689827333138, httpsreq=, url=test-page-url-1689827333138, showOnMenu=, inode=814ef5fb-f044-4e0d-bdab-377595c46f2c, folder=99f1c954-26ae-42a8-910b-99681829459d, disabledWYSIWYG=[], sortOrder=1, modUser=system, host=038ee930-8706-4c23-8bd6-fb5fb005517e, stInode=c541abb1-69b3-4bc5-8430-5e09e5239cc8, friendlyName=test-page-friendly-name-1689827333138},lowIndexPriority=false,variantId=DEFAULT], parent=com.dotmarketing.portlets.folders.model.Folder@334bee7c[identifier=99f1c954-26ae-42a8-910b-99681829459d,name=testName1689827333035,sortOrder=0,showOnMenu=false,hostId=038ee930-8706-4c23-8bd6-fb5fb005517e,type=folder,title=testTitle1689827333035,filesMasks=,defaultFileType=33888b6f-7a8e-4069-b1b6-5c1aa9d0a48d,modDate=2023-07-20 04:28:53.037,owner=&lt;null&gt;,iDate=2023-07-20 04:28:53.037,inode=99f1c954-26ae-42a8-910b-99681829459d,path=/testName1689827333035/], expectedName='test-page-url-1689827333138', expectedType='htmlpageasset'}]" classname="com.dotmarketing.business.DeterministicIdentifierAPITest" time="0.003"/>
  <testcase name="Test_Asset_Generate_Deterministic_Id_Best_Effort[4: TestCase{versionable=com.dotmarketing.portlets.contentlet.model.Contentlet@7e5d8795[map={fileAsset2=/home/runner/work/core/custom/assets/f/d/fdaebd73-fa76-424a-b1bb-bacc540ddb9b/fileAsset2/test_binary1689827334014.png, modDate=2023-07-20 04:28:54.018, fileAsset1=/home/runner/work/core/custom/assets/f/d/fdaebd73-fa76-424a-b1bb-bacc540ddb9b/fileAsset1/test_binary1689827334013.jpg, title=blah, inode=fdaebd73-fa76-424a-b1bb-bacc540ddb9b, __IS_NEW_CONTENT__=true, disabledWYSIWYG=[], host=48190c8c-42c4-46af-8d1a-0cd5db894797, stInode=6a0b1f64-b51b-4b4b-9925-46b5a8e5c931, owner=system, identifier=8a864202-479d-40d5-af7e-40d593e2f364, nullProperties=[], languageId=1, image1=194fc5ef-1192-47bf-9220-bea48552eed3, folder=SYSTEM_FOLDER, __disable_workflow__=true, sortOrder=0, modUser=system},lowIndexPriority=false,variantId=DEFAULT], parent=demo.dotcms.com, expectedName='test_binary1689827334013.jpg:test_binary1689827334014.png', expectedType='MultipleBinaries1689827333385'}]" classname="com.dotmarketing.business.DeterministicIdentifierAPITest" time="0.003"/>
  <testcase name="Test_Asset_Generate_Deterministic_Id_Best_Effort[5: TestCase{versionable=name0767d39f25 : keyTag0767d39f25, parent=my.host1689827332295.com, expectedName='keyTag0767d39f25', expectedType='persona'}]" classname="com.dotmarketing.business.DeterministicIdentifierAPITest" time="0.002"/>
  <testcase name="Test_Similar_Content_Type_Wont_Clash" classname="com.dotmarketing.business.DeterministicIdentifierAPITest" time="0.45"/>
  <testcase name="Test_Generate_Folder_Identifier" classname="com.dotmarketing.business.DeterministicIdentifierAPITest" time="0.255"/>
  <testcase name="Test_Generate_Content_Type_Identifier[0: ContentTypeTestCase{contentType=KeyValueContentType{name=Language Variable, id=f4d7c1b8-2c88-4071-abf1-a5328977b07d, description=Default Content Type for Language Variables, defaultType=false, fixed=true, iDate=Thu Aug 31 16:38:49 UTC 2017, system=true, versionable=true, variable=Languagevariable, modDate=Thu Jul 20 03:27:07 UTC 2023, host=SYSTEM_HOST, siteName=systemHost, icon=language, sortOrder=0, folder=SYSTEM_FOLDER, folderPath=/, markedForDeletion=true, multilingualable=false}, expectedName='Languagevariable', expectedType='KeyValue'}]" classname="com.dotmarketing.business.DeterministicIdentifierAPITest" time="0.007"/>
  <testcase name="Test_Generate_Content_Type_Identifier[1: ContentTypeTestCase{contentType=SimpleContentType{name=testName1689827334389, id=04e2ed06-c07b-441c-86e6-65eacd7a14b4, description=testDescription1689827334389, defaultType=false, fixed=false, iDate=Thu Jul 20 04:28:54 UTC 2023, system=false, versionable=true, multilingualable=false, variable=testVarname1689827334389, owner=system, modDate=Thu Jul 20 04:28:55 UTC 2023, host=48190c8c-42c4-46af-8d1a-0cd5db894797, siteName=demo.dotcms.com, icon=event_note, sortOrder=0, folder=SYSTEM_FOLDER, folderPath=/, requiredFields=[], markedForDeletion=false}, expectedName='testVarname1689827334389', expectedType='CONTENT'}]" classname="com.dotmarketing.business.DeterministicIdentifierAPITest" time="0.006"/>
  <system-out><![CDATA[]]></system-out>
  <system-err><![CDATA[]]></system-err>
</testsuite>
