<?xml version="1.0" encoding="UTF-8"?>
<testsuite name="com.dotcms.rendering.velocity.viewtools.content.util.ContentUtilsTest" tests="89" skipped="0" failures="0" errors="0" timestamp="2023-07-17T22:03:44" hostname="fv-az407-374" time="407.688">
  <properties/>
  <testcase name="whenTheTimeMachineDateIsNullAndPublishDateInFutureShouldNotReturnAnything" classname="com.dotcms.rendering.velocity.viewtools.content.util.ContentUtilsTest" time="2.212"/>
  <testcase name="test_find_multilingual_contentlet_getContentletSuccessfully" classname="com.dotcms.rendering.velocity.viewtools.content.util.ContentUtilsTest" time="1.879"/>
  <testcase name="whenTheTimeMachineDateAndPublishDateAreTomorrowShouldReturnOneContent" classname="com.dotcms.rendering.velocity.viewtools.content.util.ContentUtilsTest" time="3.197"/>
  <testcase name="testPullRelated[0: com.dotcms.rendering.velocity.viewtools.content.util.ContentUtilsTest$TestCase@6011a665]" classname="com.dotcms.rendering.velocity.viewtools.content.util.ContentUtilsTest" time="3.346"/>
  <testcase name="testPullRelated[1: com.dotcms.rendering.velocity.viewtools.content.util.ContentUtilsTest$TestCase@6303e84a]" classname="com.dotcms.rendering.velocity.viewtools.content.util.ContentUtilsTest" time="4.095"/>
  <testcase name="testPullRelated[2: com.dotcms.rendering.velocity.viewtools.content.util.ContentUtilsTest$TestCase@6bb22058]" classname="com.dotcms.rendering.velocity.viewtools.content.util.ContentUtilsTest" time="4.362"/>
  <testcase name="testPullRelated[3: com.dotcms.rendering.velocity.viewtools.content.util.ContentUtilsTest$TestCase@617b758c]" classname="com.dotcms.rendering.velocity.viewtools.content.util.ContentUtilsTest" time="2.95"/>
  <testcase name="testPullRelated[4: com.dotcms.rendering.velocity.viewtools.content.util.ContentUtilsTest$TestCase@cb4c548]" classname="com.dotcms.rendering.velocity.viewtools.content.util.ContentUtilsTest" time="4.115"/>
  <testcase name="testPullRelated[5: com.dotcms.rendering.velocity.viewtools.content.util.ContentUtilsTest$TestCase@70893d2c]" classname="com.dotcms.rendering.velocity.viewtools.content.util.ContentUtilsTest" time="3.821"/>
  <testcase name="testPullRelated[6: com.dotcms.rendering.velocity.viewtools.content.util.ContentUtilsTest$TestCase@a436385]" classname="com.dotcms.rendering.velocity.viewtools.content.util.ContentUtilsTest" time="4.221"/>
  <testcase name="testPullRelated[7: com.dotcms.rendering.velocity.viewtools.content.util.ContentUtilsTest$TestCase@30aea054]" classname="com.dotcms.rendering.velocity.viewtools.content.util.ContentUtilsTest" time="4.05"/>
  <testcase name="testPullRelated[8: com.dotcms.rendering.velocity.viewtools.content.util.ContentUtilsTest$TestCase@1a9abd8c]" classname="com.dotcms.rendering.velocity.viewtools.content.util.ContentUtilsTest" time="3.98"/>
  <testcase name="testPullRelated[9: com.dotcms.rendering.velocity.viewtools.content.util.ContentUtilsTest$TestCase@23c393ae]" classname="com.dotcms.rendering.velocity.viewtools.content.util.ContentUtilsTest" time="3.893"/>
  <testcase name="testPullRelated[10: com.dotcms.rendering.velocity.viewtools.content.util.ContentUtilsTest$TestCase@328d9318]" classname="com.dotcms.rendering.velocity.viewtools.content.util.ContentUtilsTest" time="4.349"/>
  <testcase name="testPullRelated[11: com.dotcms.rendering.velocity.viewtools.content.util.ContentUtilsTest$TestCase@7764291d]" classname="com.dotcms.rendering.velocity.viewtools.content.util.ContentUtilsTest" time="3.916"/>
  <testcase name="testPullRelated[12: com.dotcms.rendering.velocity.viewtools.content.util.ContentUtilsTest$TestCase@385d9ca0]" classname="com.dotcms.rendering.velocity.viewtools.content.util.ContentUtilsTest" time="3.927"/>
  <testcase name="testPullRelated[13: com.dotcms.rendering.velocity.viewtools.content.util.ContentUtilsTest$TestCase@7bc36e6]" classname="com.dotcms.rendering.velocity.viewtools.content.util.ContentUtilsTest" time="4.121"/>
  <testcase name="testPullRelated[14: com.dotcms.rendering.velocity.viewtools.content.util.ContentUtilsTest$TestCase@5977705a]" classname="com.dotcms.rendering.velocity.viewtools.content.util.ContentUtilsTest" time="4.02"/>
  <testcase name="testPullRelated[15: com.dotcms.rendering.velocity.viewtools.content.util.ContentUtilsTest$TestCase@f8d86a8]" classname="com.dotcms.rendering.velocity.viewtools.content.util.ContentUtilsTest" time="4.186"/>
  <testcase name="testPullRelated[16: com.dotcms.rendering.velocity.viewtools.content.util.ContentUtilsTest$TestCase@5b61a365]" classname="com.dotcms.rendering.velocity.viewtools.content.util.ContentUtilsTest" time="3.811"/>
  <testcase name="testPullRelated[17: com.dotcms.rendering.velocity.viewtools.content.util.ContentUtilsTest$TestCase@3d8ca5e9]" classname="com.dotcms.rendering.velocity.viewtools.content.util.ContentUtilsTest" time="4.18"/>
  <testcase name="testPullRelated[18: com.dotcms.rendering.velocity.viewtools.content.util.ContentUtilsTest$TestCase@5f1be7a2]" classname="com.dotcms.rendering.velocity.viewtools.content.util.ContentUtilsTest" time="4.05"/>
  <testcase name="testPullRelated[19: com.dotcms.rendering.velocity.viewtools.content.util.ContentUtilsTest$TestCase@3cc0822f]" classname="com.dotcms.rendering.velocity.viewtools.content.util.ContentUtilsTest" time="4.226"/>
  <testcase name="testPullRelated[20: com.dotcms.rendering.velocity.viewtools.content.util.ContentUtilsTest$TestCase@6aec6459]" classname="com.dotcms.rendering.velocity.viewtools.content.util.ContentUtilsTest" time="3.911"/>
  <testcase name="testPullRelated[21: com.dotcms.rendering.velocity.viewtools.content.util.ContentUtilsTest$TestCase@32973700]" classname="com.dotcms.rendering.velocity.viewtools.content.util.ContentUtilsTest" time="4.03"/>
  <testcase name="testPullRelated[22: com.dotcms.rendering.velocity.viewtools.content.util.ContentUtilsTest$TestCase@32b1e007]" classname="com.dotcms.rendering.velocity.viewtools.content.util.ContentUtilsTest" time="4.174"/>
  <testcase name="testPullRelated[23: com.dotcms.rendering.velocity.viewtools.content.util.ContentUtilsTest$TestCase@ad8cd84]" classname="com.dotcms.rendering.velocity.viewtools.content.util.ContentUtilsTest" time="4.016"/>
  <testcase name="testPullRelated[24: com.dotcms.rendering.velocity.viewtools.content.util.ContentUtilsTest$TestCase@39fbe2a]" classname="com.dotcms.rendering.velocity.viewtools.content.util.ContentUtilsTest" time="3.985"/>
  <testcase name="testPullRelated[25: com.dotcms.rendering.velocity.viewtools.content.util.ContentUtilsTest$TestCase@83ba66e]" classname="com.dotcms.rendering.velocity.viewtools.content.util.ContentUtilsTest" time="3.911"/>
  <testcase name="testPullRelated[26: com.dotcms.rendering.velocity.viewtools.content.util.ContentUtilsTest$TestCase@3537deb6]" classname="com.dotcms.rendering.velocity.viewtools.content.util.ContentUtilsTest" time="4.24"/>
  <testcase name="testPullRelated[27: com.dotcms.rendering.velocity.viewtools.content.util.ContentUtilsTest$TestCase@79cf8179]" classname="com.dotcms.rendering.velocity.viewtools.content.util.ContentUtilsTest" time="3.918"/>
  <testcase name="testPullRelated[28: com.dotcms.rendering.velocity.viewtools.content.util.ContentUtilsTest$TestCase@75f0e84]" classname="com.dotcms.rendering.velocity.viewtools.content.util.ContentUtilsTest" time="4.147"/>
  <testcase name="testPullRelated[29: com.dotcms.rendering.velocity.viewtools.content.util.ContentUtilsTest$TestCase@5202c0d7]" classname="com.dotcms.rendering.velocity.viewtools.content.util.ContentUtilsTest" time="4.009"/>
  <testcase name="testPullRelated[30: com.dotcms.rendering.velocity.viewtools.content.util.ContentUtilsTest$TestCase@594b764f]" classname="com.dotcms.rendering.velocity.viewtools.content.util.ContentUtilsTest" time="4.197"/>
  <testcase name="testPullRelated[31: com.dotcms.rendering.velocity.viewtools.content.util.ContentUtilsTest$TestCase@5c8af056]" classname="com.dotcms.rendering.velocity.viewtools.content.util.ContentUtilsTest" time="4.105"/>
  <testcase name="testPullRelated[32: com.dotcms.rendering.velocity.viewtools.content.util.ContentUtilsTest$TestCase@23defe6d]" classname="com.dotcms.rendering.velocity.viewtools.content.util.ContentUtilsTest" time="3.845"/>
  <testcase name="testPullRelated[33: com.dotcms.rendering.velocity.viewtools.content.util.ContentUtilsTest$TestCase@671e86b9]" classname="com.dotcms.rendering.velocity.viewtools.content.util.ContentUtilsTest" time="4.177"/>
  <testcase name="testPullRelated[34: com.dotcms.rendering.velocity.viewtools.content.util.ContentUtilsTest$TestCase@65e56d1b]" classname="com.dotcms.rendering.velocity.viewtools.content.util.ContentUtilsTest" time="4.081"/>
  <testcase name="testPullRelated[35: com.dotcms.rendering.velocity.viewtools.content.util.ContentUtilsTest$TestCase@6ee639b1]" classname="com.dotcms.rendering.velocity.viewtools.content.util.ContentUtilsTest" time="3.965"/>
  <testcase name="testPullRelated[36: com.dotcms.rendering.velocity.viewtools.content.util.ContentUtilsTest$TestCase@3a1f9f96]" classname="com.dotcms.rendering.velocity.viewtools.content.util.ContentUtilsTest" time="5.259"/>
  <testcase name="testPullRelated[37: com.dotcms.rendering.velocity.viewtools.content.util.ContentUtilsTest$TestCase@2927fd22]" classname="com.dotcms.rendering.velocity.viewtools.content.util.ContentUtilsTest" time="5.956"/>
  <testcase name="testPullRelated[38: com.dotcms.rendering.velocity.viewtools.content.util.ContentUtilsTest$TestCase@6764c0a8]" classname="com.dotcms.rendering.velocity.viewtools.content.util.ContentUtilsTest" time="6.5"/>
  <testcase name="testPullRelated[39: com.dotcms.rendering.velocity.viewtools.content.util.ContentUtilsTest$TestCase@38904644]" classname="com.dotcms.rendering.velocity.viewtools.content.util.ContentUtilsTest" time="4.722"/>
  <testcase name="testPullRelated[40: com.dotcms.rendering.velocity.viewtools.content.util.ContentUtilsTest$TestCase@7eb58def]" classname="com.dotcms.rendering.velocity.viewtools.content.util.ContentUtilsTest" time="6.002"/>
  <testcase name="testPullRelated[41: com.dotcms.rendering.velocity.viewtools.content.util.ContentUtilsTest$TestCase@686db1f6]" classname="com.dotcms.rendering.velocity.viewtools.content.util.ContentUtilsTest" time="6.229"/>
  <testcase name="testPullRelated[42: com.dotcms.rendering.velocity.viewtools.content.util.ContentUtilsTest$TestCase@29cd4dd3]" classname="com.dotcms.rendering.velocity.viewtools.content.util.ContentUtilsTest" time="6.181"/>
  <testcase name="testPullRelated[43: com.dotcms.rendering.velocity.viewtools.content.util.ContentUtilsTest$TestCase@13d58cc8]" classname="com.dotcms.rendering.velocity.viewtools.content.util.ContentUtilsTest" time="6.056"/>
  <testcase name="testPullRelated[44: com.dotcms.rendering.velocity.viewtools.content.util.ContentUtilsTest$TestCase@415db1a8]" classname="com.dotcms.rendering.velocity.viewtools.content.util.ContentUtilsTest" time="6.557"/>
  <testcase name="testPullRelated[45: com.dotcms.rendering.velocity.viewtools.content.util.ContentUtilsTest$TestCase@443a4a74]" classname="com.dotcms.rendering.velocity.viewtools.content.util.ContentUtilsTest" time="5.589"/>
  <testcase name="testPullRelated[46: com.dotcms.rendering.velocity.viewtools.content.util.ContentUtilsTest$TestCase@7da34f5]" classname="com.dotcms.rendering.velocity.viewtools.content.util.ContentUtilsTest" time="6.136"/>
  <testcase name="testPullRelated[47: com.dotcms.rendering.velocity.viewtools.content.util.ContentUtilsTest$TestCase@38564b0a]" classname="com.dotcms.rendering.velocity.viewtools.content.util.ContentUtilsTest" time="5.327"/>
  <testcase name="testPullRelated[48: com.dotcms.rendering.velocity.viewtools.content.util.ContentUtilsTest$TestCase@14aa6d59]" classname="com.dotcms.rendering.velocity.viewtools.content.util.ContentUtilsTest" time="5.699"/>
  <testcase name="testPullRelated[49: com.dotcms.rendering.velocity.viewtools.content.util.ContentUtilsTest$TestCase@255ec52]" classname="com.dotcms.rendering.velocity.viewtools.content.util.ContentUtilsTest" time="6.03"/>
  <testcase name="testPullRelated[50: com.dotcms.rendering.velocity.viewtools.content.util.ContentUtilsTest$TestCase@54fe1d71]" classname="com.dotcms.rendering.velocity.viewtools.content.util.ContentUtilsTest" time="6.316"/>
  <testcase name="testPullRelated[51: com.dotcms.rendering.velocity.viewtools.content.util.ContentUtilsTest$TestCase@5e7a02ff]" classname="com.dotcms.rendering.velocity.viewtools.content.util.ContentUtilsTest" time="5.983"/>
  <testcase name="testPullRelated[52: com.dotcms.rendering.velocity.viewtools.content.util.ContentUtilsTest$TestCase@19fd7ccc]" classname="com.dotcms.rendering.velocity.viewtools.content.util.ContentUtilsTest" time="6.133"/>
  <testcase name="testPullRelated[53: com.dotcms.rendering.velocity.viewtools.content.util.ContentUtilsTest$TestCase@34e724dd]" classname="com.dotcms.rendering.velocity.viewtools.content.util.ContentUtilsTest" time="6.065"/>
  <testcase name="testPullRelated[54: com.dotcms.rendering.velocity.viewtools.content.util.ContentUtilsTest$TestCase@1056b2a5]" classname="com.dotcms.rendering.velocity.viewtools.content.util.ContentUtilsTest" time="6.492"/>
  <testcase name="testPullRelated[55: com.dotcms.rendering.velocity.viewtools.content.util.ContentUtilsTest$TestCase@1e3527aa]" classname="com.dotcms.rendering.velocity.viewtools.content.util.ContentUtilsTest" time="5.751"/>
  <testcase name="testPullRelated[56: com.dotcms.rendering.velocity.viewtools.content.util.ContentUtilsTest$TestCase@6c5c23bc]" classname="com.dotcms.rendering.velocity.viewtools.content.util.ContentUtilsTest" time="6.296"/>
  <testcase name="testPullRelated[57: com.dotcms.rendering.velocity.viewtools.content.util.ContentUtilsTest$TestCase@61102326]" classname="com.dotcms.rendering.velocity.viewtools.content.util.ContentUtilsTest" time="5.921"/>
  <testcase name="testPullRelated[58: com.dotcms.rendering.velocity.viewtools.content.util.ContentUtilsTest$TestCase@4476663b]" classname="com.dotcms.rendering.velocity.viewtools.content.util.ContentUtilsTest" time="6.126"/>
  <testcase name="testPullRelated[59: com.dotcms.rendering.velocity.viewtools.content.util.ContentUtilsTest$TestCase@73c91168]" classname="com.dotcms.rendering.velocity.viewtools.content.util.ContentUtilsTest" time="6.287"/>
  <testcase name="testPullRelated[60: com.dotcms.rendering.velocity.viewtools.content.util.ContentUtilsTest$TestCase@7e058d6e]" classname="com.dotcms.rendering.velocity.viewtools.content.util.ContentUtilsTest" time="5.144"/>
  <testcase name="testPullRelated[61: com.dotcms.rendering.velocity.viewtools.content.util.ContentUtilsTest$TestCase@1e6c989b]" classname="com.dotcms.rendering.velocity.viewtools.content.util.ContentUtilsTest" time="5.692"/>
  <testcase name="testPullRelated[62: com.dotcms.rendering.velocity.viewtools.content.util.ContentUtilsTest$TestCase@69dc62d3]" classname="com.dotcms.rendering.velocity.viewtools.content.util.ContentUtilsTest" time="6.523"/>
  <testcase name="testPullRelated[63: com.dotcms.rendering.velocity.viewtools.content.util.ContentUtilsTest$TestCase@52256cd1]" classname="com.dotcms.rendering.velocity.viewtools.content.util.ContentUtilsTest" time="6.075"/>
  <testcase name="testPullRelated[64: com.dotcms.rendering.velocity.viewtools.content.util.ContentUtilsTest$TestCase@19f506]" classname="com.dotcms.rendering.velocity.viewtools.content.util.ContentUtilsTest" time="6.014"/>
  <testcase name="testPullRelated[65: com.dotcms.rendering.velocity.viewtools.content.util.ContentUtilsTest$TestCase@7acb1dde]" classname="com.dotcms.rendering.velocity.viewtools.content.util.ContentUtilsTest" time="5.856"/>
  <testcase name="testPullRelated[66: com.dotcms.rendering.velocity.viewtools.content.util.ContentUtilsTest$TestCase@700b22ae]" classname="com.dotcms.rendering.velocity.viewtools.content.util.ContentUtilsTest" time="6.493"/>
  <testcase name="testPullRelated[67: com.dotcms.rendering.velocity.viewtools.content.util.ContentUtilsTest$TestCase@9318b9a]" classname="com.dotcms.rendering.velocity.viewtools.content.util.ContentUtilsTest" time="6.117"/>
  <testcase name="testPullRelated[68: com.dotcms.rendering.velocity.viewtools.content.util.ContentUtilsTest$TestCase@464ffe7f]" classname="com.dotcms.rendering.velocity.viewtools.content.util.ContentUtilsTest" time="5.89"/>
  <testcase name="testPullRelated[69: com.dotcms.rendering.velocity.viewtools.content.util.ContentUtilsTest$TestCase@64482e85]" classname="com.dotcms.rendering.velocity.viewtools.content.util.ContentUtilsTest" time="6.153"/>
  <testcase name="testPullRelated[70: com.dotcms.rendering.velocity.viewtools.content.util.ContentUtilsTest$TestCase@4d7f7ef0]" classname="com.dotcms.rendering.velocity.viewtools.content.util.ContentUtilsTest" time="6.052"/>
  <testcase name="testPullRelated[71: com.dotcms.rendering.velocity.viewtools.content.util.ContentUtilsTest$TestCase@4897519e]" classname="com.dotcms.rendering.velocity.viewtools.content.util.ContentUtilsTest" time="6.053"/>
  <testcase name="whenPublishAndExpireDatesAreInTheFutureAndTimeMachineIsAfterBoth" classname="com.dotcms.rendering.velocity.viewtools.content.util.ContentUtilsTest" time="3.248"/>
  <testcase name="testPullRelatedForLegacyRelationship[0: com.dotcms.rendering.velocity.viewtools.content.util.ContentUtilsTest$LegacyTestCase@7192e2f5]" classname="com.dotcms.rendering.velocity.viewtools.content.util.ContentUtilsTest" time="3.483"/>
  <testcase name="testPullRelatedForLegacyRelationship[1: com.dotcms.rendering.velocity.viewtools.content.util.ContentUtilsTest$LegacyTestCase@540bc644]" classname="com.dotcms.rendering.velocity.viewtools.content.util.ContentUtilsTest" time="4.305"/>
  <testcase name="whenTheTimeMachineDateIsAfterTomorrowAndExpireDateIsTomorrowShouldNotReturnContent" classname="com.dotcms.rendering.velocity.viewtools.content.util.ContentUtilsTest" time="3.355"/>
  <testcase name="testPullLiveRelatedWhenLatestVersionIsWorking" classname="com.dotcms.rendering.velocity.viewtools.content.util.ContentUtilsTest" time="4.192"/>
  <testcase name="test_add_relationships_on_parent_children_related_contents" classname="com.dotcms.rendering.velocity.viewtools.content.util.ContentUtilsTest" time="1.56"/>
  <testcase name="testSortPullRelated[0: com.dotcms.rendering.velocity.viewtools.content.util.ContentUtilsTest$SortTestCase@62b5bacb]" classname="com.dotcms.rendering.velocity.viewtools.content.util.ContentUtilsTest" time="1.743"/>
  <testcase name="testSortPullRelated[1: com.dotcms.rendering.velocity.viewtools.content.util.ContentUtilsTest$SortTestCase@105c0ca2]" classname="com.dotcms.rendering.velocity.viewtools.content.util.ContentUtilsTest" time="2.073"/>
  <testcase name="testSortPullRelated[2: com.dotcms.rendering.velocity.viewtools.content.util.ContentUtilsTest$SortTestCase@76bfd116]" classname="com.dotcms.rendering.velocity.viewtools.content.util.ContentUtilsTest" time="2.823"/>
  <testcase name="testSortPullRelated[3: com.dotcms.rendering.velocity.viewtools.content.util.ContentUtilsTest$SortTestCase@7c8c1063]" classname="com.dotcms.rendering.velocity.viewtools.content.util.ContentUtilsTest" time="2.853"/>
  <testcase name="testSortPullRelated[4: com.dotcms.rendering.velocity.viewtools.content.util.ContentUtilsTest$SortTestCase@33208edb]" classname="com.dotcms.rendering.velocity.viewtools.content.util.ContentUtilsTest" time="1.914"/>
  <testcase name="testSortPullRelated[5: com.dotcms.rendering.velocity.viewtools.content.util.ContentUtilsTest$SortTestCase@4369ad01]" classname="com.dotcms.rendering.velocity.viewtools.content.util.ContentUtilsTest" time="2.993"/>
  <testcase name="whenTheTimeMachineDateIsAfterTomorrowAndExpireDateIsInFutureShouldReturnContent" classname="com.dotcms.rendering.velocity.viewtools.content.util.ContentUtilsTest" time="3.279"/>
  <testcase name="testPullRelatedFieldShouldRespectDefaultOrder" classname="com.dotcms.rendering.velocity.viewtools.content.util.ContentUtilsTest" time="2.57"/>
  <system-out><![CDATA[]]></system-out>
  <system-err><![CDATA[]]></system-err>
</testsuite>
