<?xml version="1.0" encoding="UTF-8"?>
<testsuite name="com.dotcms.rest.elasticsearch.ESContentResourcePortletTest" tests="8" skipped="0" failures="0" errors="0" timestamp="2023-06-28T16:56:21" hostname="fv-az585-827" time="8.749">
  <properties/>
  <testcase name="test_search_includeGrandChildCategory_success" classname="com.dotcms.rest.elasticsearch.ESContentResourcePortletTest" time="1.581"/>
  <testcase name="testSearch[0: com.dotcms.rest.elasticsearch.ESContentResourcePortletTest$TestCase@7d804305]" classname="com.dotcms.rest.elasticsearch.ESContentResourcePortletTest" time="1.024"/>
  <testcase name="testSearch[1: com.dotcms.rest.elasticsearch.ESContentResourcePortletTest$TestCase@415f704]" classname="com.dotcms.rest.elasticsearch.ESContentResourcePortletTest" time="1.338"/>
  <testcase name="testSearch[2: com.dotcms.rest.elasticsearch.ESContentResourcePortletTest$TestCase@65448985]" classname="com.dotcms.rest.elasticsearch.ESContentResourcePortletTest" time="1.027"/>
  <testcase name="testSearch[3: com.dotcms.rest.elasticsearch.ESContentResourcePortletTest$TestCase@1338fd79]" classname="com.dotcms.rest.elasticsearch.ESContentResourcePortletTest" time="1.337"/>
  <testcase name="testSearch[4: com.dotcms.rest.elasticsearch.ESContentResourcePortletTest$TestCase@6c5f0c70]" classname="com.dotcms.rest.elasticsearch.ESContentResourcePortletTest" time="0.352"/>
  <testcase name="testSearch[5: com.dotcms.rest.elasticsearch.ESContentResourcePortletTest$TestCase@47596b28]" classname="com.dotcms.rest.elasticsearch.ESContentResourcePortletTest" time="1.08"/>
  <testcase name="testSearch[6: com.dotcms.rest.elasticsearch.ESContentResourcePortletTest$TestCase@690cae7]" classname="com.dotcms.rest.elasticsearch.ESContentResourcePortletTest" time="1.009"/>
  <system-out><![CDATA[]]></system-out>
  <system-err><![CDATA[]]></system-err>
</testsuite>
