<?xml version="1.0" encoding="UTF-8"?>
<testsuite name="com.dotcms.util.pagination.ContentTypesPaginatorTest" tests="10" skipped="0" failures="0" errors="0" timestamp="2023-06-28T21:17:35" hostname="fv-az573-741" time="1.1">
  <properties/>
  <testcase name="getPaginatedAllowedContentTypesOrderedByName" classname="com.dotcms.util.pagination.ContentTypesPaginatorTest" time="0.072"/>
  <testcase name="test_getItems_WhenFilterEqualsToBaseType_ReturnsAllRelatedContentTypes" classname="com.dotcms.util.pagination.ContentTypesPaginatorTest" time="0.039"/>
  <testcase name="getAllAllowedContentTypesOrderedByName" classname="com.dotcms.util.pagination.ContentTypesPaginatorTest" time="0.067"/>
  <testcase name="test_getItems_WhenFilterContainsContentTypeName_ReturnsTheContentTypeThatMatches[0: com.dotcms.util.pagination.ContentTypesPaginatorTest$TestCase@339a0be4]" classname="com.dotcms.util.pagination.ContentTypesPaginatorTest" time="0.199"/>
  <testcase name="test_getItems_WhenFilterContainsContentTypeName_ReturnsTheContentTypeThatMatches[1: com.dotcms.util.pagination.ContentTypesPaginatorTest$TestCase@1ceb6ac9]" classname="com.dotcms.util.pagination.ContentTypesPaginatorTest" time="0.161"/>
  <testcase name="whenTheIndicesAreDeactivateShouldReturnNAInEntries" classname="com.dotcms.util.pagination.ContentTypesPaginatorTest" time="0.456"/>
  <testcase name="test_getItems_WhenFilterEqualsToBaseType_ReturnsAllChildrenContentTypes" classname="com.dotcms.util.pagination.ContentTypesPaginatorTest" time="0.015"/>
  <testcase name="getFilteredPaginatedAllowedContentTypesOrderedByName" classname="com.dotcms.util.pagination.ContentTypesPaginatorTest" time="0.024"/>
  <testcase name="getFilteredAllowedContentTypesOrderedByName" classname="com.dotcms.util.pagination.ContentTypesPaginatorTest" time="0.02"/>
  <testcase name="test_getItems_WhenNoFilter_ReturnsAllContentTypes" classname="com.dotcms.util.pagination.ContentTypesPaginatorTest" time="0.044"/>
  <system-out><![CDATA[]]></system-out>
  <system-err><![CDATA[]]></system-err>
</testsuite>
