<?xml version="1.0" encoding="UTF-8"?>
<testsuite name="com.dotmarketing.portlets.structure.model.ContentletRelationshipsTest" tests="7" skipped="0" failures="0" errors="0" timestamp="2023-07-21T18:15:20" hostname="fv-az454-899" time="10.418">
  <properties/>
  <testcase name="testDoesAllowOnlyOne[0: com.dotmarketing.portlets.structure.model.ContentletRelationshipsTest$CardinalityTestCase@502cc73a]" classname="com.dotmarketing.portlets.structure.model.ContentletRelationshipsTest" time="0.681"/>
  <testcase name="testDoesAllowOnlyOne[1: com.dotmarketing.portlets.structure.model.ContentletRelationshipsTest$CardinalityTestCase@51c5092c]" classname="com.dotmarketing.portlets.structure.model.ContentletRelationshipsTest" time="0.701"/>
  <testcase name="testDoesAllowOnlyOne[2: com.dotmarketing.portlets.structure.model.ContentletRelationshipsTest$CardinalityTestCase@63298df]" classname="com.dotmarketing.portlets.structure.model.ContentletRelationshipsTest" time="0.718"/>
  <testcase name="testGetRelationshipRecords[0: com.dotmarketing.portlets.structure.model.ContentletRelationshipsTest$TestCase@42f13a24]" classname="com.dotmarketing.portlets.structure.model.ContentletRelationshipsTest" time="2.496"/>
  <testcase name="testGetRelationshipRecords[1: com.dotmarketing.portlets.structure.model.ContentletRelationshipsTest$TestCase@74d23057]" classname="com.dotmarketing.portlets.structure.model.ContentletRelationshipsTest" time="2.402"/>
  <testcase name="testGetRelationshipRecords[2: com.dotmarketing.portlets.structure.model.ContentletRelationshipsTest$TestCase@da7db88]" classname="com.dotmarketing.portlets.structure.model.ContentletRelationshipsTest" time="2.22"/>
  <testcase name="testGetRelationshipRecords[3: com.dotmarketing.portlets.structure.model.ContentletRelationshipsTest$TestCase@1f415e83]" classname="com.dotmarketing.portlets.structure.model.ContentletRelationshipsTest" time="1.199"/>
  <system-out><![CDATA[]]></system-out>
  <system-err><![CDATA[]]></system-err>
</testsuite>
