<?xml version="1.0" encoding="UTF-8"?>
<testsuite name="com.dotcms.rest.api.v1.vtl.VTLResourceIntegrationTest" tests="6" skipped="0" failures="0" errors="0" timestamp="2023-06-28T03:40:45" hostname="fv-az255-852" time="11.355">
  <properties/>
  <testcase name="testGet[0: com.dotcms.rest.api.v1.vtl.VTLResourceTestCase@2cce6451]" classname="com.dotcms.rest.api.v1.vtl.VTLResourceIntegrationTest" time="2.447"/>
  <testcase name="testGet[1: com.dotcms.rest.api.v1.vtl.VTLResourceTestCase@510c3959]" classname="com.dotcms.rest.api.v1.vtl.VTLResourceIntegrationTest" time="1.901"/>
  <testcase name="testGet[2: com.dotcms.rest.api.v1.vtl.VTLResourceTestCase@5226863b]" classname="com.dotcms.rest.api.v1.vtl.VTLResourceIntegrationTest" time="2.124"/>
  <testcase name="testGet[3: com.dotcms.rest.api.v1.vtl.VTLResourceTestCase@2bae18cf]" classname="com.dotcms.rest.api.v1.vtl.VTLResourceIntegrationTest" time="0.979"/>
  <testcase name="testGet[4: com.dotcms.rest.api.v1.vtl.VTLResourceTestCase@749d0d07]" classname="com.dotcms.rest.api.v1.vtl.VTLResourceIntegrationTest" time="1.948"/>
  <testcase name="testGet[5: com.dotcms.rest.api.v1.vtl.VTLResourceTestCase@446b343c]" classname="com.dotcms.rest.api.v1.vtl.VTLResourceIntegrationTest" time="1.955"/>
  <system-out><![CDATA[]]></system-out>
  <system-err><![CDATA[]]></system-err>
</testsuite>
