<?xml version="1.0" encoding="UTF-8"?>
<testsuite name="com.dotcms.notification.business.NotificationAPITest" tests="5" skipped="0" failures="0" errors="0" timestamp="2023-07-12T19:16:08" hostname="fv-az1241-832" time="6.402">
  <properties/>
  <testcase name="testNewNotificationsCount" classname="com.dotcms.notification.business.NotificationAPITest" time="0.012"/>
  <testcase name="testGetPaginatedNotifications" classname="com.dotcms.notification.business.NotificationAPITest" time="0.018"/>
  <testcase name="testSaveDeleteNotification" classname="com.dotcms.notification.business.NotificationAPITest" time="0.006"/>
  <testcase name="testSaveNotificationsForUsers" classname="com.dotcms.notification.business.NotificationAPITest" time="1.785"/>
  <testcase name="generateNotificationForRole" classname="com.dotcms.notification.business.NotificationAPITest" time="4.58"/>
  <system-out><![CDATA[]]></system-out>
  <system-err><![CDATA[]]></system-err>
</testsuite>
