<?xml version="1.0" encoding="UTF-8"?>
<testsuite name="com.dotcms.contenttype.test.ContentResourceTest" tests="52" skipped="0" failures="0" errors="0" timestamp="2023-06-26T20:23:00" hostname="fv-az1241-672" time="162.498">
  <properties/>
  <testcase name="testGetContentShouldReturnIconDetails" classname="com.dotcms.contenttype.test.ContentResourceTest" time="1.771"/>
  <testcase name="Test_Save_Action_Set_Words_To_Required_NumericField_Issue_15340" classname="com.dotcms.contenttype.test.ContentResourceTest" time="1.094"/>
  <testcase name="test_getContent_includeGrandChildCategory_success" classname="com.dotcms.contenttype.test.ContentResourceTest" time="1.658"/>
  <testcase name="testGetContentWithRelatedParameter[0: com.dotcms.contenttype.test.ContentResourceTest$PullRelatedTestCase@6fc10f7f]" classname="com.dotcms.contenttype.test.ContentResourceTest" time="3.454"/>
  <testcase name="testGetContentWithRelatedParameter[1: com.dotcms.contenttype.test.ContentResourceTest$PullRelatedTestCase@5c05e58e]" classname="com.dotcms.contenttype.test.ContentResourceTest" time="4.357"/>
  <testcase name="testGetContentWithRelatedParameter[2: com.dotcms.contenttype.test.ContentResourceTest$PullRelatedTestCase@10aaa2c0]" classname="com.dotcms.contenttype.test.ContentResourceTest" time="3.459"/>
  <testcase name="testGetContentWithRelatedParameter[3: com.dotcms.contenttype.test.ContentResourceTest$PullRelatedTestCase@11a538f4]" classname="com.dotcms.contenttype.test.ContentResourceTest" time="4.502"/>
  <testcase name="testGetContentWithRelatedParameter[4: com.dotcms.contenttype.test.ContentResourceTest$PullRelatedTestCase@76786748]" classname="com.dotcms.contenttype.test.ContentResourceTest" time="3.308"/>
  <testcase name="test_getContent_SelfRelatedWith3LevelsOfDepth_shouldReturnRelationships" classname="com.dotcms.contenttype.test.ContentResourceTest" time="1.6"/>
  <testcase name="Test_Save_Action_Send_Fields_SubSet_Issue_15340" classname="com.dotcms.contenttype.test.ContentResourceTest" time="3.241"/>
  <testcase name="test_getContent_shouldReturnRelationships[0: com.dotcms.contenttype.test.ContentResourceTest$TestCase@5a2c59c]" classname="com.dotcms.contenttype.test.ContentResourceTest" time="2.307"/>
  <testcase name="test_getContent_shouldReturnRelationships[1: com.dotcms.contenttype.test.ContentResourceTest$TestCase@40dbdb4a]" classname="com.dotcms.contenttype.test.ContentResourceTest" time="3.416"/>
  <testcase name="test_getContent_shouldReturnRelationships[2: com.dotcms.contenttype.test.ContentResourceTest$TestCase@7801393d]" classname="com.dotcms.contenttype.test.ContentResourceTest" time="3.363"/>
  <testcase name="test_getContent_shouldReturnRelationships[3: com.dotcms.contenttype.test.ContentResourceTest$TestCase@4d765352]" classname="com.dotcms.contenttype.test.ContentResourceTest" time="3.668"/>
  <testcase name="test_getContent_shouldReturnRelationships[4: com.dotcms.contenttype.test.ContentResourceTest$TestCase@5eebf145]" classname="com.dotcms.contenttype.test.ContentResourceTest" time="3.653"/>
  <testcase name="test_getContent_shouldReturnRelationships[5: com.dotcms.contenttype.test.ContentResourceTest$TestCase@40f47059]" classname="com.dotcms.contenttype.test.ContentResourceTest" time="3.391"/>
  <testcase name="test_getContent_shouldReturnRelationships[6: com.dotcms.contenttype.test.ContentResourceTest$TestCase@314d61ab]" classname="com.dotcms.contenttype.test.ContentResourceTest" time="3.298"/>
  <testcase name="test_getContent_shouldReturnRelationships[7: com.dotcms.contenttype.test.ContentResourceTest$TestCase@4e5e4813]" classname="com.dotcms.contenttype.test.ContentResourceTest" time="3.316"/>
  <testcase name="test_getContent_shouldReturnRelationships[8: com.dotcms.contenttype.test.ContentResourceTest$TestCase@4f3ee944]" classname="com.dotcms.contenttype.test.ContentResourceTest" time="2.361"/>
  <testcase name="test_getContent_shouldReturnRelationships[9: com.dotcms.contenttype.test.ContentResourceTest$TestCase@2cab3e42]" classname="com.dotcms.contenttype.test.ContentResourceTest" time="3.412"/>
  <testcase name="test_getContent_shouldReturnRelationships[10: com.dotcms.contenttype.test.ContentResourceTest$TestCase@76b14245]" classname="com.dotcms.contenttype.test.ContentResourceTest" time="3.291"/>
  <testcase name="test_getContent_shouldReturnRelationships[11: com.dotcms.contenttype.test.ContentResourceTest$TestCase@4a938250]" classname="com.dotcms.contenttype.test.ContentResourceTest" time="3.17"/>
  <testcase name="test_getContent_shouldReturnRelationships[12: com.dotcms.contenttype.test.ContentResourceTest$TestCase@72df368f]" classname="com.dotcms.contenttype.test.ContentResourceTest" time="3.199"/>
  <testcase name="test_getContent_shouldReturnRelationships[13: com.dotcms.contenttype.test.ContentResourceTest$TestCase@7f34fb8]" classname="com.dotcms.contenttype.test.ContentResourceTest" time="3.2"/>
  <testcase name="test_getContent_shouldReturnRelationships[14: com.dotcms.contenttype.test.ContentResourceTest$TestCase@7bac8669]" classname="com.dotcms.contenttype.test.ContentResourceTest" time="3.149"/>
  <testcase name="test_getContent_shouldReturnRelationships[15: com.dotcms.contenttype.test.ContentResourceTest$TestCase@2dfb1a4e]" classname="com.dotcms.contenttype.test.ContentResourceTest" time="4.307"/>
  <testcase name="test_getContent_shouldReturnRelationships[16: com.dotcms.contenttype.test.ContentResourceTest$TestCase@261b3a30]" classname="com.dotcms.contenttype.test.ContentResourceTest" time="4.474"/>
  <testcase name="test_getContent_shouldReturnRelationships[17: com.dotcms.contenttype.test.ContentResourceTest$TestCase@3b082fc4]" classname="com.dotcms.contenttype.test.ContentResourceTest" time="3.485"/>
  <testcase name="test_getContent_shouldReturnRelationships[18: com.dotcms.contenttype.test.ContentResourceTest$TestCase@24087902]" classname="com.dotcms.contenttype.test.ContentResourceTest" time="3.499"/>
  <testcase name="test_getContent_shouldReturnRelationships[19: com.dotcms.contenttype.test.ContentResourceTest$TestCase@51d42ea7]" classname="com.dotcms.contenttype.test.ContentResourceTest" time="3.666"/>
  <testcase name="test_getContent_shouldReturnRelationships[20: com.dotcms.contenttype.test.ContentResourceTest$TestCase@2e615417]" classname="com.dotcms.contenttype.test.ContentResourceTest" time="3.732"/>
  <testcase name="test_getContent_shouldReturnRelationships[21: com.dotcms.contenttype.test.ContentResourceTest$TestCase@546d2810]" classname="com.dotcms.contenttype.test.ContentResourceTest" time="3.79"/>
  <testcase name="test_getContent_shouldReturnRelationships[22: com.dotcms.contenttype.test.ContentResourceTest$TestCase@334a8bf6]" classname="com.dotcms.contenttype.test.ContentResourceTest" time="3.534"/>
  <testcase name="test_getContent_shouldReturnRelationships[23: com.dotcms.contenttype.test.ContentResourceTest$TestCase@431b2a2e]" classname="com.dotcms.contenttype.test.ContentResourceTest" time="3.949"/>
  <testcase name="test_getContent_shouldReturnRelationships[24: com.dotcms.contenttype.test.ContentResourceTest$TestCase@67fe0fb6]" classname="com.dotcms.contenttype.test.ContentResourceTest" time="2.813"/>
  <testcase name="test_getContent_shouldReturnRelationships[25: com.dotcms.contenttype.test.ContentResourceTest$TestCase@5aee86f1]" classname="com.dotcms.contenttype.test.ContentResourceTest" time="3.842"/>
  <testcase name="test_getContent_shouldReturnRelationships[26: com.dotcms.contenttype.test.ContentResourceTest$TestCase@3d1ca361]" classname="com.dotcms.contenttype.test.ContentResourceTest" time="2.82"/>
  <testcase name="test_getContent_shouldReturnRelationships[27: com.dotcms.contenttype.test.ContentResourceTest$TestCase@27cca4b6]" classname="com.dotcms.contenttype.test.ContentResourceTest" time="3.57"/>
  <testcase name="test_getContent_shouldReturnRelationships[28: com.dotcms.contenttype.test.ContentResourceTest$TestCase@30d89c46]" classname="com.dotcms.contenttype.test.ContentResourceTest" time="3.669"/>
  <testcase name="test_getContent_shouldReturnRelationships[29: com.dotcms.contenttype.test.ContentResourceTest$TestCase@1e2f5da2]" classname="com.dotcms.contenttype.test.ContentResourceTest" time="3.358"/>
  <testcase name="test_getContent_shouldReturnRelationships[30: com.dotcms.contenttype.test.ContentResourceTest$TestCase@4670e2ad]" classname="com.dotcms.contenttype.test.ContentResourceTest" time="3.668"/>
  <testcase name="test_getContent_shouldReturnRelationships[31: com.dotcms.contenttype.test.ContentResourceTest$TestCase@4db07c1]" classname="com.dotcms.contenttype.test.ContentResourceTest" time="3.384"/>
  <testcase name="test_getContent_shouldReturnRelationships[32: com.dotcms.contenttype.test.ContentResourceTest$TestCase@709581b0]" classname="com.dotcms.contenttype.test.ContentResourceTest" time="4.811"/>
  <testcase name="test_getContent_shouldReturnRelationships[33: com.dotcms.contenttype.test.ContentResourceTest$TestCase@14b3104d]" classname="com.dotcms.contenttype.test.ContentResourceTest" time="4.783"/>
  <testcase name="testSinglePOST_InvalidParamsShouldReturn400[0: ({\n    &quot;stInode&quot; : &quot;InvalidValue&quot;,\n    &quot;numeric&quot; : &quot;0&quot;,\n    &quot;image&quot; : &quot;whatever&quot;\n}, Bad Request)]" classname="com.dotcms.contenttype.test.ContentResourceTest" time="1.002"/>
  <testcase name="testSinglePOST_InvalidParamsShouldReturn400[1: ({\n    &quot;numeric&quot; : &quot;0&quot;,\n    &quot;image&quot; : &quot;whatever&quot;\n}, Bad Request)]" classname="com.dotcms.contenttype.test.ContentResourceTest" time="0.968"/>
  <testcase name="Test_Save_Action_Set_Null_To_Required_NumericField_Issue_15340" classname="com.dotcms.contenttype.test.ContentResourceTest" time="1.068"/>
  <testcase name="Test_Save_Action_Remove_Image_Then_Verify_Fields_Were_Cleared_Issue_15340" classname="com.dotcms.contenttype.test.ContentResourceTest" time="3.293"/>
  <testcase name="test_getContentWithMultipleSelfRelated_shouldReturnRelationships[0: com.dotcms.contenttype.test.ContentResourceTest$PullSelfRelatedTestCase@92e1d80]" classname="com.dotcms.contenttype.test.ContentResourceTest" time="1.972"/>
  <testcase name="test_getContentWithMultipleSelfRelated_shouldReturnRelationships[1: com.dotcms.contenttype.test.ContentResourceTest$PullSelfRelatedTestCase@55ea8514]" classname="com.dotcms.contenttype.test.ContentResourceTest" time="1.983"/>
  <testcase name="testGetContentWithAllCategoriesInfo[0: json]" classname="com.dotcms.contenttype.test.ContentResourceTest" time="1.681"/>
  <testcase name="testGetContentWithAllCategoriesInfo[1: xml]" classname="com.dotcms.contenttype.test.ContentResourceTest" time="2.736"/>
  <system-out><![CDATA[











]]></system-out>
  <system-err><![CDATA[]]></system-err>
</testsuite>
