<?xml version="1.0" encoding="UTF-8"?>
<testsuite name="com.dotmarketing.util.contentlet.pagination.PaginatedContentletsIntegrationTest" tests="5" skipped="0" failures="0" errors="0" timestamp="2023-07-14T19:21:53" hostname="fv-az617-846" time="10.368">
  <properties/>
  <testcase name="remove" classname="com.dotmarketing.util.contentlet.pagination.PaginatedContentletsIntegrationTest" time="2.285"/>
  <testcase name="getContentletWithNone" classname="com.dotmarketing.util.contentlet.pagination.PaginatedContentletsIntegrationTest" time="1.976"/>
  <testcase name="getContentletWithoutReallyPagination" classname="com.dotmarketing.util.contentlet.pagination.PaginatedContentletsIntegrationTest" time="2.087"/>
  <testcase name="getContentletWithReallyPagination" classname="com.dotmarketing.util.contentlet.pagination.PaginatedContentletsIntegrationTest" time="2.024"/>
  <testcase name="getContentletWithReallyPaginationAndMock" classname="com.dotmarketing.util.contentlet.pagination.PaginatedContentletsIntegrationTest" time="1.996"/>
  <system-out><![CDATA[]]></system-out>
  <system-err><![CDATA[]]></system-err>
</testsuite>
