<?xml version="1.0" encoding="UTF-8"?>
<testsuite name="com.dotcms.rest.api.v1.vtl.VTLResourceIntegrationTest" tests="6" skipped="0" failures="0" errors="0" timestamp="2023-06-23T23:04:08" hostname="fv-az1259-189" time="12.314">
  <properties/>
  <testcase name="testGet[0: com.dotcms.rest.api.v1.vtl.VTLResourceTestCase@260e6156]" classname="com.dotcms.rest.api.v1.vtl.VTLResourceIntegrationTest" time="2.511"/>
  <testcase name="testGet[1: com.dotcms.rest.api.v1.vtl.VTLResourceTestCase@6b12e25a]" classname="com.dotcms.rest.api.v1.vtl.VTLResourceIntegrationTest" time="1.827"/>
  <testcase name="testGet[2: com.dotcms.rest.api.v1.vtl.VTLResourceTestCase@79114aa8]" classname="com.dotcms.rest.api.v1.vtl.VTLResourceIntegrationTest" time="2.056"/>
  <testcase name="testGet[3: com.dotcms.rest.api.v1.vtl.VTLResourceTestCase@7c648d9a]" classname="com.dotcms.rest.api.v1.vtl.VTLResourceIntegrationTest" time="2.027"/>
  <testcase name="testGet[4: com.dotcms.rest.api.v1.vtl.VTLResourceTestCase@29355791]" classname="com.dotcms.rest.api.v1.vtl.VTLResourceIntegrationTest" time="1.882"/>
  <testcase name="testGet[5: com.dotcms.rest.api.v1.vtl.VTLResourceTestCase@55c960df]" classname="com.dotcms.rest.api.v1.vtl.VTLResourceIntegrationTest" time="2.011"/>
  <system-out><![CDATA[]]></system-out>
  <system-err><![CDATA[]]></system-err>
</testsuite>
