<?xml version="1.0" encoding="UTF-8"?>
<testsuite name="com.dotmarketing.portlets.structure.model.ContentletRelationshipsTest" tests="7" skipped="0" failures="0" errors="0" timestamp="2023-06-29T20:24:38" hostname="fv-az254-767" time="9.674">
  <properties/>
  <testcase name="testDoesAllowOnlyOne[0: com.dotmarketing.portlets.structure.model.ContentletRelationshipsTest$CardinalityTestCase@5fda1623]" classname="com.dotmarketing.portlets.structure.model.ContentletRelationshipsTest" time="0.503"/>
  <testcase name="testDoesAllowOnlyOne[1: com.dotmarketing.portlets.structure.model.ContentletRelationshipsTest$CardinalityTestCase@7377c751]" classname="com.dotmarketing.portlets.structure.model.ContentletRelationshipsTest" time="0.561"/>
  <testcase name="testDoesAllowOnlyOne[2: com.dotmarketing.portlets.structure.model.ContentletRelationshipsTest$CardinalityTestCase@5a301ef7]" classname="com.dotmarketing.portlets.structure.model.ContentletRelationshipsTest" time="0.516"/>
  <testcase name="testGetRelationshipRecords[0: com.dotmarketing.portlets.structure.model.ContentletRelationshipsTest$TestCase@427be9c3]" classname="com.dotmarketing.portlets.structure.model.ContentletRelationshipsTest" time="2.169"/>
  <testcase name="testGetRelationshipRecords[1: com.dotmarketing.portlets.structure.model.ContentletRelationshipsTest$TestCase@4d1f94a1]" classname="com.dotmarketing.portlets.structure.model.ContentletRelationshipsTest" time="2.081"/>
  <testcase name="testGetRelationshipRecords[2: com.dotmarketing.portlets.structure.model.ContentletRelationshipsTest$TestCase@1f8f1c]" classname="com.dotmarketing.portlets.structure.model.ContentletRelationshipsTest" time="1.944"/>
  <testcase name="testGetRelationshipRecords[3: com.dotmarketing.portlets.structure.model.ContentletRelationshipsTest$TestCase@5a02fe4e]" classname="com.dotmarketing.portlets.structure.model.ContentletRelationshipsTest" time="1.898"/>
  <system-out><![CDATA[]]></system-out>
  <system-err><![CDATA[]]></system-err>
</testsuite>
