<?xml version="1.0" encoding="UTF-8"?>
<testsuite name="com.dotcms.contenttype.business.ContentTypeDestroyAPIImplTest" tests="5" skipped="0" failures="0" errors="0" timestamp="2023-07-20T08:36:58" hostname="fv-az313-957" time="116.594">
  <properties/>
  <testcase name="Destroy_General_Test" classname="com.dotcms.contenttype.business.ContentTypeDestroyAPIImplTest" time="13.366"/>
  <testcase name="Test_Destroy_Persona_Like_Content_Type" classname="com.dotcms.contenttype.business.ContentTypeDestroyAPIImplTest" time="1.871"/>
  <testcase name="Test_Relocate_Contentlets" classname="com.dotcms.contenttype.business.ContentTypeDestroyAPIImplTest" time="88.318"/>
  <testcase name="Test_Destroy_With_Categories" classname="com.dotcms.contenttype.business.ContentTypeDestroyAPIImplTest" time="2.707"/>
  <testcase name="testNextBatch" classname="com.dotcms.contenttype.business.ContentTypeDestroyAPIImplTest" time="10.332"/>
  <system-out><![CDATA[]]></system-out>
  <system-err><![CDATA[]]></system-err>
</testsuite>
