<?xml version="1.0" encoding="UTF-8"?>
<testsuite name="com.dotcms.rendering.velocity.VelocityUtilTest" tests="5" skipped="0" failures="0" errors="0" timestamp="2023-07-19T18:41:58" hostname="fv-az842-421" time="2.056">
  <properties/>
  <testcase name="test01DefaultVelocityPath" classname="com.dotcms.rendering.velocity.VelocityUtilTest" time="0.001"/>
  <testcase name="test02CustomVelocityPath" classname="com.dotcms.rendering.velocity.VelocityUtilTest" time="0.001"/>
  <testcase name="test_getPageCacheKey_returnNull" classname="com.dotcms.rendering.velocity.VelocityUtilTest" time="2.034"/>
  <testcase name="test_servlet_context_is_not_available_in_velocity" classname="com.dotcms.rendering.velocity.VelocityUtilTest" time="0.015"/>
  <testcase name="test_unable_to_modify_userid_in_velocity_session" classname="com.dotcms.rendering.velocity.VelocityUtilTest" time="0.004"/>
  <system-out><![CDATA[]]></system-out>
  <system-err><![CDATA[]]></system-err>
</testsuite>
