<?xml version="1.0" encoding="UTF-8"?>
<testsuite name="com.dotmarketing.startup.StartupTasksExecutorDataTest" tests="2" skipped="0" failures="0" errors="0" timestamp="2023-06-26T16:48:59" hostname="fv-az955-152" time="0.012">
  <properties/>
  <testcase name="testStartupTasksExecutorExecuteDataUpgrades" classname="com.dotmarketing.startup.StartupTasksExecutorDataTest" time="0.008"/>
  <testcase name="testStartupTasksExecutorGetDataVersionTable" classname="com.dotmarketing.startup.StartupTasksExecutorDataTest" time="0.003"/>
  <system-out><![CDATA[]]></system-out>
  <system-err><![CDATA[]]></system-err>
</testsuite>
