<?xml version="1.0" encoding="UTF-8"?>
<testsuite name="com.dotcms.rest.elasticsearch.ESContentResourcePortletTest" tests="8" skipped="0" failures="0" errors="0" timestamp="2023-07-19T16:34:02" hostname="fv-az400-396" time="9.994">
  <properties/>
  <testcase name="test_search_includeGrandChildCategory_success" classname="com.dotcms.rest.elasticsearch.ESContentResourcePortletTest" time="1.886"/>
  <testcase name="testSearch[0: com.dotcms.rest.elasticsearch.ESContentResourcePortletTest$TestCase@566e7b96]" classname="com.dotcms.rest.elasticsearch.ESContentResourcePortletTest" time="1.205"/>
  <testcase name="testSearch[1: com.dotcms.rest.elasticsearch.ESContentResourcePortletTest$TestCase@696098bd]" classname="com.dotcms.rest.elasticsearch.ESContentResourcePortletTest" time="0.419"/>
  <testcase name="testSearch[2: com.dotcms.rest.elasticsearch.ESContentResourcePortletTest$TestCase@4427f23a]" classname="com.dotcms.rest.elasticsearch.ESContentResourcePortletTest" time="1.384"/>
  <testcase name="testSearch[3: com.dotcms.rest.elasticsearch.ESContentResourcePortletTest$TestCase@1daf2df1]" classname="com.dotcms.rest.elasticsearch.ESContentResourcePortletTest" time="1.364"/>
  <testcase name="testSearch[4: com.dotcms.rest.elasticsearch.ESContentResourcePortletTest$TestCase@38b85719]" classname="com.dotcms.rest.elasticsearch.ESContentResourcePortletTest" time="1.359"/>
  <testcase name="testSearch[5: com.dotcms.rest.elasticsearch.ESContentResourcePortletTest$TestCase@55f095c3]" classname="com.dotcms.rest.elasticsearch.ESContentResourcePortletTest" time="1.216"/>
  <testcase name="testSearch[6: com.dotcms.rest.elasticsearch.ESContentResourcePortletTest$TestCase@2ebd0b65]" classname="com.dotcms.rest.elasticsearch.ESContentResourcePortletTest" time="1.16"/>
  <system-out><![CDATA[]]></system-out>
  <system-err><![CDATA[]]></system-err>
</testsuite>
