<?xml version="1.0" encoding="UTF-8"?>
<testsuite name="com.dotcms.publisher.endpoint.business.PublishingEndPointFactoryImplTest" tests="6" skipped="0" failures="0" errors="0" timestamp="2023-07-21T22:30:43" hostname="fv-az398-443" time="0.034">
  <properties/>
  <testcase name="shouldReturnTrueWhenMachineNamesAreTheSame" classname="com.dotcms.publisher.endpoint.business.PublishingEndPointFactoryImplTest" time="0.0"/>
  <testcase name="shouldReturnFalseWhenMachineNamesAreDifferent" classname="com.dotcms.publisher.endpoint.business.PublishingEndPointFactoryImplTest" time="0.013"/>
  <testcase name="shouldReturnTrueWhenIPAddressAndHostnameReferToSameMachine" classname="com.dotcms.publisher.endpoint.business.PublishingEndPointFactoryImplTest" time="0.019"/>
  <testcase name="shouldReturnTrueWhenIPAddressesAreTheSame" classname="com.dotcms.publisher.endpoint.business.PublishingEndPointFactoryImplTest" time="0.0"/>
  <testcase name="shouldReturnFalseWhenIPAddressesAreDifferent" classname="com.dotcms.publisher.endpoint.business.PublishingEndPointFactoryImplTest" time="0.0"/>
  <testcase name="shouldReturnFalseWhenIPAddressAndHostnameReferToDifferentMachines" classname="com.dotcms.publisher.endpoint.business.PublishingEndPointFactoryImplTest" time="0.001"/>
  <system-out><![CDATA[]]></system-out>
  <system-err><![CDATA[]]></system-err>
</testsuite>
