<?xml version="1.0" encoding="UTF-8"?>
<testsuite name="com.dotcms.rest.api.v1.vtl.VTLResourceIntegrationTest" tests="6" skipped="0" failures="0" errors="0" timestamp="2023-06-23T18:48:14" hostname="fv-az507-453" time="13.026">
  <properties/>
  <testcase name="testGet[0: com.dotcms.rest.api.v1.vtl.VTLResourceTestCase@2094f8e4]" classname="com.dotcms.rest.api.v1.vtl.VTLResourceIntegrationTest" time="2.008"/>
  <testcase name="testGet[1: com.dotcms.rest.api.v1.vtl.VTLResourceTestCase@7c51c9f6]" classname="com.dotcms.rest.api.v1.vtl.VTLResourceIntegrationTest" time="1.919"/>
  <testcase name="testGet[2: com.dotcms.rest.api.v1.vtl.VTLResourceTestCase@2784661d]" classname="com.dotcms.rest.api.v1.vtl.VTLResourceIntegrationTest" time="2.395"/>
  <testcase name="testGet[3: com.dotcms.rest.api.v1.vtl.VTLResourceTestCase@7863fc09]" classname="com.dotcms.rest.api.v1.vtl.VTLResourceIntegrationTest" time="2.611"/>
  <testcase name="testGet[4: com.dotcms.rest.api.v1.vtl.VTLResourceTestCase@7f377839]" classname="com.dotcms.rest.api.v1.vtl.VTLResourceIntegrationTest" time="2.083"/>
  <testcase name="testGet[5: com.dotcms.rest.api.v1.vtl.VTLResourceTestCase@ddb1050]" classname="com.dotcms.rest.api.v1.vtl.VTLResourceIntegrationTest" time="2.008"/>
  <system-out><![CDATA[]]></system-out>
  <system-err><![CDATA[]]></system-err>
</testsuite>
