<?xml version="1.0" encoding="UTF-8"?>
<testsuite name="com.dotmarketing.startup.runonce.Task04375UpdateCategoryKeyTest" tests="1" skipped="0" failures="0" errors="0" timestamp="2023-07-19T18:56:43" hostname="fv-az615-953" time="0.015">
  <properties/>
  <testcase name="testExecuteUpgrade_updateEmptyCategoryKey_Success" classname="com.dotmarketing.startup.runonce.Task04375UpdateCategoryKeyTest" time="0.015"/>
  <system-out><![CDATA[]]></system-out>
  <system-err><![CDATA[]]></system-err>
</testsuite>
