<?xml version="1.0" encoding="UTF-8"?>
<testsuite name="com.dotmarketing.portlets.workflows.business.WorkflowFactoryTest" tests="1" skipped="0" failures="0" errors="0" timestamp="2023-07-17T21:13:30" hostname="fv-az561-617" time="0.008">
  <properties/>
  <testcase name="force_workflow_scheme_delete_without_license_delete_success_Test" classname="com.dotmarketing.portlets.workflows.business.WorkflowFactoryTest" time="0.008"/>
  <system-out><![CDATA[]]></system-out>
  <system-err><![CDATA[]]></system-err>
</testsuite>
