<?xml version="1.0" encoding="UTF-8"?>
<testsuite name="com.dotmarketing.business.web.UserWebAPIImplTest" tests="5" skipped="0" failures="0" errors="0" timestamp="2023-06-23T23:05:30" hostname="fv-az407-493" time="0.023">
  <properties/>
  <testcase name="test_isLoggedToFrontend" classname="com.dotmarketing.business.web.UserWebAPIImplTest" time="0.004"/>
  <testcase name="test_getUser" classname="com.dotmarketing.business.web.UserWebAPIImplTest" time="0.005"/>
  <testcase name="test_getLoggedInFrontendUser" classname="com.dotmarketing.business.web.UserWebAPIImplTest" time="0.007"/>
  <testcase name="test_getLoggedInUser" classname="com.dotmarketing.business.web.UserWebAPIImplTest" time="0.003"/>
  <testcase name="test_isLoggedToBackend" classname="com.dotmarketing.business.web.UserWebAPIImplTest" time="0.003"/>
  <system-out><![CDATA[]]></system-out>
  <system-err><![CDATA[]]></system-err>
</testsuite>
