<?xml version="1.0" encoding="UTF-8"?>
<testsuite name="com.dotcms.visitor.filter.characteristics.VisitorCharacterTest" tests="7" skipped="0" failures="0" errors="0" timestamp="2023-06-30T14:03:30" hostname="fv-az589-574" time="0.053">
  <properties/>
  <testcase name="testConstructor[0: com.dotcms.visitor.filter.characteristics.VisitorCharacterTest$TestCase@5abf154c]" classname="com.dotcms.visitor.filter.characteristics.VisitorCharacterTest" time="0.024"/>
  <testcase name="testConstructor[1: com.dotcms.visitor.filter.characteristics.VisitorCharacterTest$TestCase@5c9edafb]" classname="com.dotcms.visitor.filter.characteristics.VisitorCharacterTest" time="0.005"/>
  <testcase name="testConstructor[2: com.dotcms.visitor.filter.characteristics.VisitorCharacterTest$TestCase@74f6779e]" classname="com.dotcms.visitor.filter.characteristics.VisitorCharacterTest" time="0.003"/>
  <testcase name="testConstructor[3: com.dotcms.visitor.filter.characteristics.VisitorCharacterTest$TestCase@68600b84]" classname="com.dotcms.visitor.filter.characteristics.VisitorCharacterTest" time="0.007"/>
  <testcase name="testConstructor[4: com.dotcms.visitor.filter.characteristics.VisitorCharacterTest$TestCase@4a5766b1]" classname="com.dotcms.visitor.filter.characteristics.VisitorCharacterTest" time="0.004"/>
  <testcase name="testConstructor[5: com.dotcms.visitor.filter.characteristics.VisitorCharacterTest$TestCase@60342402]" classname="com.dotcms.visitor.filter.characteristics.VisitorCharacterTest" time="0.004"/>
  <testcase name="testConstructor[6: com.dotcms.visitor.filter.characteristics.VisitorCharacterTest$TestCase@27b9e51d]" classname="com.dotcms.visitor.filter.characteristics.VisitorCharacterTest" time="0.006"/>
  <system-out><![CDATA[]]></system-out>
  <system-err><![CDATA[]]></system-err>
</testsuite>
