<?xml version="1.0" encoding="UTF-8"?>
<testsuite name="com.dotcms.enterprise.publishing.remote.bundler.HostBundlerTest" tests="3" skipped="0" failures="0" errors="0" timestamp="2023-06-28T21:16:04" hostname="fv-az577-630" time="0.063">
  <properties/>
  <testcase name="addHostInBundle[0: com.dotcms.enterprise.publishing.remote.bundler.HostBundlerTest$TestCase@3a4315e4]" classname="com.dotcms.enterprise.publishing.remote.bundler.HostBundlerTest" time="0.02"/>
  <testcase name="addHostInBundle[1: com.dotcms.enterprise.publishing.remote.bundler.HostBundlerTest$TestCase@33d13cae]" classname="com.dotcms.enterprise.publishing.remote.bundler.HostBundlerTest" time="0.017"/>
  <testcase name="addHostInBundle[2: com.dotcms.enterprise.publishing.remote.bundler.HostBundlerTest$TestCase@4da2eafb]" classname="com.dotcms.enterprise.publishing.remote.bundler.HostBundlerTest" time="0.025"/>
  <system-out><![CDATA[]]></system-out>
  <system-err><![CDATA[]]></system-err>
</testsuite>
