<?xml version="1.0" encoding="UTF-8"?>
<testsuite name="com.dotmarketing.servlets.ajax.AjaxDirectorServletIntegrationTest" tests="2" skipped="0" failures="0" errors="0" timestamp="2023-07-18T06:45:19" hostname="fv-az1235-995" time="2.432">
  <properties/>
  <testcase name="testService[0: com.dotmarketing.servlets.ajax.AjaxDirectorServletTestCase@7e5fa882]" classname="com.dotmarketing.servlets.ajax.AjaxDirectorServletIntegrationTest" time="1.503"/>
  <testcase name="testService[1: com.dotmarketing.servlets.ajax.AjaxDirectorServletTestCase@725f0bc5]" classname="com.dotmarketing.servlets.ajax.AjaxDirectorServletIntegrationTest" time="0.929"/>
  <system-out><![CDATA[]]></system-out>
  <system-err><![CDATA[]]></system-err>
</testsuite>
