<?xml version="1.0" encoding="UTF-8"?>
<testsuite name="com.dotmarketing.startup.runonce.Task230522AddHashIndicesToWorkflowTablesTest" tests="1" skipped="0" failures="0" errors="0" timestamp="2023-07-08T01:37:51" hostname="fv-az166-981" time="0.035">
  <properties/>
  <testcase name="executeTaskUpgrade" classname="com.dotmarketing.startup.runonce.Task230522AddHashIndicesToWorkflowTablesTest" time="0.035"/>
  <system-out><![CDATA[]]></system-out>
  <system-err><![CDATA[]]></system-err>
</testsuite>
