<?xml version="1.0" encoding="UTF-8"?>
<testsuite name="com.dotcms.rest.api.v1.vtl.VTLResourceIntegrationTest" tests="6" skipped="0" failures="0" errors="0" timestamp="2023-06-26T19:12:15" hostname="fv-az1114-884" time="11.142">
  <properties/>
  <testcase name="testGet[0: com.dotcms.rest.api.v1.vtl.VTLResourceTestCase@6fa4a84b]" classname="com.dotcms.rest.api.v1.vtl.VTLResourceIntegrationTest" time="2.042"/>
  <testcase name="testGet[1: com.dotcms.rest.api.v1.vtl.VTLResourceTestCase@54a932bf]" classname="com.dotcms.rest.api.v1.vtl.VTLResourceIntegrationTest" time="2.037"/>
  <testcase name="testGet[2: com.dotcms.rest.api.v1.vtl.VTLResourceTestCase@11303a04]" classname="com.dotcms.rest.api.v1.vtl.VTLResourceIntegrationTest" time="1.083"/>
  <testcase name="testGet[3: com.dotcms.rest.api.v1.vtl.VTLResourceTestCase@170fa38b]" classname="com.dotcms.rest.api.v1.vtl.VTLResourceIntegrationTest" time="1.928"/>
  <testcase name="testGet[4: com.dotcms.rest.api.v1.vtl.VTLResourceTestCase@5d23b7d1]" classname="com.dotcms.rest.api.v1.vtl.VTLResourceIntegrationTest" time="2.091"/>
  <testcase name="testGet[5: com.dotcms.rest.api.v1.vtl.VTLResourceTestCase@40825a00]" classname="com.dotcms.rest.api.v1.vtl.VTLResourceIntegrationTest" time="1.961"/>
  <system-out><![CDATA[]]></system-out>
  <system-err><![CDATA[]]></system-err>
</testsuite>
