<?xml version="1.0" encoding="UTF-8"?>
<testsuite name="com.dotmarketing.servlets.ajax.AjaxDirectorServletIntegrationTest" tests="2" skipped="0" failures="0" errors="0" timestamp="2023-06-23T19:36:39" hostname="fv-az162-375" time="1.06">
  <properties/>
  <testcase name="testService[0: com.dotmarketing.servlets.ajax.AjaxDirectorServletTestCase@72df368f]" classname="com.dotmarketing.servlets.ajax.AjaxDirectorServletIntegrationTest" time="0.736"/>
  <testcase name="testService[1: com.dotmarketing.servlets.ajax.AjaxDirectorServletTestCase@7f34fb8]" classname="com.dotmarketing.servlets.ajax.AjaxDirectorServletIntegrationTest" time="0.324"/>
  <system-out><![CDATA[]]></system-out>
  <system-err><![CDATA[]]></system-err>
</testsuite>
