<?xml version="1.0" encoding="UTF-8"?>
<testsuite name="com.dotmarketing.business.DeterministicIdentifierAPITest" tests="16" skipped="0" failures="0" errors="0" timestamp="2023-07-20T22:33:15" hostname="fv-az574-670" time="1.459">
  <properties/>
  <testcase name="Test_Category_Path_Seed_And_Id" classname="com.dotmarketing.business.DeterministicIdentifierAPITest" time="0.047"/>
  <testcase name="Test_Language_Deterministic_Id[0: LanguageTestCase{expectedSeed='Language:es:US', expectedHash=4913155, langCode='es', countryCode='US', country='United States'}]" classname="com.dotmarketing.business.DeterministicIdentifierAPITest" time="0.002"/>
  <testcase name="Test_Language_Deterministic_Id[1: LanguageTestCase{expectedSeed='Language:ep:', expectedHash=5292269, langCode='ep', countryCode='', country=''}]" classname="com.dotmarketing.business.DeterministicIdentifierAPITest" time="0.002"/>
  <testcase name="Test_Language_Deterministic_Id[2: LanguageTestCase{expectedSeed='Language:sg:SAG', expectedHash=4713118, langCode='sg', countryCode='SAG', country=''}]" classname="com.dotmarketing.business.DeterministicIdentifierAPITest" time="0.002"/>
  <testcase name="Test_Language_Deterministic_Id[3: LanguageTestCase{expectedSeed='Language:en:NZ', expectedHash=5382528, langCode='en', countryCode='NZ', country='New Zealand'}]" classname="com.dotmarketing.business.DeterministicIdentifierAPITest" time="0.001"/>
  <testcase name="Test_Category_None_Persisted_Category_Should_Return_Deterministic_Id" classname="com.dotmarketing.business.DeterministicIdentifierAPITest" time="0.002"/>
  <testcase name="Test_Asset_Generate_Deterministic_Id_Best_Effort[0: TestCase{versionable=my.host1689891927783.com, parent=System Host, expectedName='my.host1689891927783.com', expectedType='Host'}]" classname="com.dotmarketing.business.DeterministicIdentifierAPITest" time="0.005"/>
  <testcase name="Test_Asset_Generate_Deterministic_Id_Best_Effort[1: TestCase{versionable=com.dotmarketing.portlets.contentlet.model.Contentlet@6e857095[map={modDate=2023-07-20 22:25:28.202, fileName=file17995522034477455665.txt, title=file17995522034477455665.txt, inode=f9000017-1661-4610-9d69-f4be4aa93556, __IS_NEW_CONTENT__=true, disabledWYSIWYG=[], host=cd3b6acd-d2c4-4189-a04d-6e34d5d8c8d0, stInode=33888b6f-7a8e-4069-b1b6-5c1aa9d0a48d, owner=system, identifier=5756bc9e-53a4-45b7-8d91-c58861415510, nullProperties=[wfExpireDate, wfPublishDate, wfActionAssign, wfActionId, wfActionComments, filterKey, whereToSend, wfNeverExpire, _path_to_move, timezoneId, iWantTo, wfPublishTime, wfExpireTime], languageId=1, fileAsset=/home/runner/work/core/custom/assets/f/9/f9000017-1661-4610-9d69-f4be4aa93556/fileAsset/file17995522034477455665.txt, folder=8f7cac05-7d25-4e31-b77f-7908b08a86e5, __disable_workflow__=true, sortOrder=0, modUser=system},lowIndexPriority=false,variantId=DEFAULT], parent=com.dotmarketing.portlets.folders.model.Folder@253d039a[identifier=8f7cac05-7d25-4e31-b77f-7908b08a86e5,name=testName1689891928188,sortOrder=0,showOnMenu=false,hostId=cd3b6acd-d2c4-4189-a04d-6e34d5d8c8d0,type=folder,title=testTitle1689891928188,filesMasks=,defaultFileType=33888b6f-7a8e-4069-b1b6-5c1aa9d0a48d,modDate=2023-07-20 22:25:28.194,owner=&lt;null&gt;,iDate=2023-07-20 22:25:28.194,inode=8f7cac05-7d25-4e31-b77f-7908b08a86e5,path=/testName1689891928188/], expectedName='file17995522034477455665.txt', expectedType='FileAsset'}]" classname="com.dotmarketing.business.DeterministicIdentifierAPITest" time="0.004"/>
  <testcase name="Test_Asset_Generate_Deterministic_Id_Best_Effort[2: TestCase{versionable=com.dotmarketing.portlets.templates.model.Template@34789c7c, parent=my.host1689891927783.com, expectedName='testTitle1689891928336', expectedType='Template'}]" classname="com.dotmarketing.business.DeterministicIdentifierAPITest" time="0.003"/>
  <testcase name="Test_Asset_Generate_Deterministic_Id_Best_Effort[3: TestCase{versionable=com.dotmarketing.portlets.htmlpageasset.model.HTMLPageAsset@21c736c6[map={template=829f389c-cf5a-4bf4-8946-3e858a434cc0, owner=system, identifier=633153cd-cf6e-4cae-acc1-b4d2c5e9fa28, nullProperties=[wfExpireDate, wfPublishDate, wfActionAssign, wfActionId, wfActionComments, filterKey, whereToSend, wfNeverExpire, _path_to_move, timezoneId, iWantTo, wfPublishTime, wfExpireTime], modDate=2023-07-20 22:25:28.366, cachettl=0, _is_test_mode=true, languageId=1, title=test-page-title-1689891928360, httpsreq=, url=test-page-url-1689891928360, showOnMenu=, inode=dc491449-c16c-4342-87bb-8316ddf2d2d0, folder=8f7cac05-7d25-4e31-b77f-7908b08a86e5, disabledWYSIWYG=[], sortOrder=1, modUser=system, host=cd3b6acd-d2c4-4189-a04d-6e34d5d8c8d0, stInode=c541abb1-69b3-4bc5-8430-5e09e5239cc8, friendlyName=test-page-friendly-name-1689891928360},lowIndexPriority=false,variantId=DEFAULT], parent=com.dotmarketing.portlets.folders.model.Folder@253d039a[identifier=8f7cac05-7d25-4e31-b77f-7908b08a86e5,name=testName1689891928188,sortOrder=0,showOnMenu=false,hostId=cd3b6acd-d2c4-4189-a04d-6e34d5d8c8d0,type=folder,title=testTitle1689891928188,filesMasks=,defaultFileType=33888b6f-7a8e-4069-b1b6-5c1aa9d0a48d,modDate=2023-07-20 22:25:28.194,owner=&lt;null&gt;,iDate=2023-07-20 22:25:28.194,inode=8f7cac05-7d25-4e31-b77f-7908b08a86e5,path=/testName1689891928188/], expectedName='test-page-url-1689891928360', expectedType='htmlpageasset'}]" classname="com.dotmarketing.business.DeterministicIdentifierAPITest" time="0.009"/>
  <testcase name="Test_Asset_Generate_Deterministic_Id_Best_Effort[4: TestCase{versionable=com.dotmarketing.portlets.contentlet.model.Contentlet@503b6c7a[map={fileAsset2=/home/runner/work/core/custom/assets/a/9/a9ebbb15-e243-460f-84d7-a9990d757e78/fileAsset2/test_binary1689891930206.png, modDate=2023-07-20 22:25:30.214, fileAsset1=/home/runner/work/core/custom/assets/a/9/a9ebbb15-e243-460f-84d7-a9990d757e78/fileAsset1/test_binary1689891930206.jpg, title=blah, inode=a9ebbb15-e243-460f-84d7-a9990d757e78, __IS_NEW_CONTENT__=true, disabledWYSIWYG=[], host=48190c8c-42c4-46af-8d1a-0cd5db894797, stInode=f390b3ed-6e98-42c1-81bf-8ef76dfa6dd5, owner=system, identifier=008f7dff-4748-46ec-852a-d2c9b14b5f2f, nullProperties=[], languageId=1, image1=aaed9664-560f-4089-96cc-d62b7b8a969a, folder=SYSTEM_FOLDER, __disable_workflow__=true, sortOrder=0, modUser=system},lowIndexPriority=false,variantId=DEFAULT], parent=demo.dotcms.com, expectedName='test_binary1689891930206.jpg:test_binary1689891930206.png', expectedType='MultipleBinaries1689891928739'}]" classname="com.dotmarketing.business.DeterministicIdentifierAPITest" time="0.004"/>
  <testcase name="Test_Asset_Generate_Deterministic_Id_Best_Effort[5: TestCase{versionable=namec05cd2701e : keyTagc05cd2701e, parent=my.host1689891927783.com, expectedName='keyTagc05cd2701e', expectedType='persona'}]" classname="com.dotmarketing.business.DeterministicIdentifierAPITest" time="0.003"/>
  <testcase name="Test_Similar_Content_Type_Wont_Clash" classname="com.dotmarketing.business.DeterministicIdentifierAPITest" time="0.684"/>
  <testcase name="Test_Generate_Folder_Identifier" classname="com.dotmarketing.business.DeterministicIdentifierAPITest" time="0.667"/>
  <testcase name="Test_Generate_Content_Type_Identifier[0: ContentTypeTestCase{contentType=KeyValueContentType{name=Language Variable, id=f4d7c1b8-2c88-4071-abf1-a5328977b07d, description=Default Content Type for Language Variables, defaultType=false, fixed=true, iDate=Thu Aug 31 16:38:49 UTC 2017, system=true, versionable=true, variable=Languagevariable, modDate=Thu Jul 20 21:05:11 UTC 2023, host=SYSTEM_HOST, siteName=systemHost, icon=language, sortOrder=0, folder=SYSTEM_FOLDER, folderPath=/, markedForDeletion=true, multilingualable=false}, expectedName='Languagevariable', expectedType='KeyValue'}]" classname="com.dotmarketing.business.DeterministicIdentifierAPITest" time="0.009"/>
  <testcase name="Test_Generate_Content_Type_Identifier[1: ContentTypeTestCase{contentType=SimpleContentType{name=testName1689891930704, id=5f6bc2a3-3b48-4880-9fd1-ab9d5fad40e4, description=testDescription1689891930704, defaultType=false, fixed=false, iDate=Thu Jul 20 22:25:30 UTC 2023, system=false, versionable=true, multilingualable=false, variable=testVarname1689891930704, owner=system, modDate=Thu Jul 20 22:25:31 UTC 2023, host=48190c8c-42c4-46af-8d1a-0cd5db894797, siteName=demo.dotcms.com, icon=event_note, sortOrder=0, folder=SYSTEM_FOLDER, folderPath=/, requiredFields=[], markedForDeletion=false}, expectedName='testVarname1689891930704', expectedType='CONTENT'}]" classname="com.dotmarketing.business.DeterministicIdentifierAPITest" time="0.007"/>
  <system-out><![CDATA[]]></system-out>
  <system-err><![CDATA[]]></system-err>
</testsuite>
