<?xml version="1.0" encoding="UTF-8"?>
<testsuite name="com.dotmarketing.portlets.structure.model.ContentletRelationshipsTest" tests="7" skipped="0" failures="0" errors="0" timestamp="2023-06-29T22:30:32" hostname="fv-az180-30" time="8.579">
  <properties/>
  <testcase name="testDoesAllowOnlyOne[0: com.dotmarketing.portlets.structure.model.ContentletRelationshipsTest$CardinalityTestCase@3cb0c4b0]" classname="com.dotmarketing.portlets.structure.model.ContentletRelationshipsTest" time="0.468"/>
  <testcase name="testDoesAllowOnlyOne[1: com.dotmarketing.portlets.structure.model.ContentletRelationshipsTest$CardinalityTestCase@51663309]" classname="com.dotmarketing.portlets.structure.model.ContentletRelationshipsTest" time="0.417"/>
  <testcase name="testDoesAllowOnlyOne[2: com.dotmarketing.portlets.structure.model.ContentletRelationshipsTest$CardinalityTestCase@3432cf19]" classname="com.dotmarketing.portlets.structure.model.ContentletRelationshipsTest" time="0.438"/>
  <testcase name="testGetRelationshipRecords[0: com.dotmarketing.portlets.structure.model.ContentletRelationshipsTest$TestCase@2f31d34f]" classname="com.dotmarketing.portlets.structure.model.ContentletRelationshipsTest" time="1.893"/>
  <testcase name="testGetRelationshipRecords[1: com.dotmarketing.portlets.structure.model.ContentletRelationshipsTest$TestCase@151e075d]" classname="com.dotmarketing.portlets.structure.model.ContentletRelationshipsTest" time="1.853"/>
  <testcase name="testGetRelationshipRecords[2: com.dotmarketing.portlets.structure.model.ContentletRelationshipsTest$TestCase@7500908c]" classname="com.dotmarketing.portlets.structure.model.ContentletRelationshipsTest" time="1.772"/>
  <testcase name="testGetRelationshipRecords[3: com.dotmarketing.portlets.structure.model.ContentletRelationshipsTest$TestCase@57e8d332]" classname="com.dotmarketing.portlets.structure.model.ContentletRelationshipsTest" time="1.737"/>
  <system-out><![CDATA[]]></system-out>
  <system-err><![CDATA[]]></system-err>
</testsuite>
