<?xml version="1.0" encoding="UTF-8"?>
<testsuite name="com.dotcms.rendering.velocity.viewtools.content.ContentMapTest" tests="3" skipped="0" failures="0" errors="0" timestamp="2023-07-11T02:49:57" hostname="fv-az437-589" time="10.237">
  <properties/>
  <testcase name="testGet_Field_Variable" classname="com.dotcms.rendering.velocity.viewtools.content.ContentMapTest" time="0.902"/>
  <testcase name="testGetRelationshipFieldFromContentMapWithMultilingualRelatedContent" classname="com.dotcms.rendering.velocity.viewtools.content.ContentMapTest" time="5.115"/>
  <testcase name="testGet_showCategories_AsAnonUser" classname="com.dotcms.rendering.velocity.viewtools.content.ContentMapTest" time="4.219"/>
  <system-out><![CDATA[]]></system-out>
  <system-err><![CDATA[]]></system-err>
</testsuite>
