<?xml version="1.0" encoding="UTF-8"?>
<testsuite name="com.dotmarketing.business.DeterministicIdentifierAPITest" tests="16" skipped="0" failures="0" errors="0" timestamp="2023-07-05T22:09:42" hostname="fv-az402-966" time="1.37">
  <properties/>
  <testcase name="Test_Category_Path_Seed_And_Id" classname="com.dotmarketing.business.DeterministicIdentifierAPITest" time="0.027"/>
  <testcase name="Test_Language_Deterministic_Id[0: LanguageTestCase{expectedSeed='Language:es:US', expectedHash=4913155, langCode='es', countryCode='US', country='United States'}]" classname="com.dotmarketing.business.DeterministicIdentifierAPITest" time="0.001"/>
  <testcase name="Test_Language_Deterministic_Id[1: LanguageTestCase{expectedSeed='Language:ep:', expectedHash=5292269, langCode='ep', countryCode='', country=''}]" classname="com.dotmarketing.business.DeterministicIdentifierAPITest" time="0.001"/>
  <testcase name="Test_Language_Deterministic_Id[2: LanguageTestCase{expectedSeed='Language:sg:SAG', expectedHash=4713118, langCode='sg', countryCode='SAG', country=''}]" classname="com.dotmarketing.business.DeterministicIdentifierAPITest" time="0.001"/>
  <testcase name="Test_Language_Deterministic_Id[3: LanguageTestCase{expectedSeed='Language:en:NZ', expectedHash=5382528, langCode='en', countryCode='NZ', country='New Zealand'}]" classname="com.dotmarketing.business.DeterministicIdentifierAPITest" time="0.001"/>
  <testcase name="Test_Category_None_Persisted_Category_Should_Return_Deterministic_Id" classname="com.dotmarketing.business.DeterministicIdentifierAPITest" time="0.002"/>
  <testcase name="Test_Asset_Generate_Deterministic_Id_Best_Effort[0: TestCase{versionable=my.host1688594592560.com, parent=System Host, expectedName='my.host1688594592560.com', expectedType='Host'}]" classname="com.dotmarketing.business.DeterministicIdentifierAPITest" time="0.003"/>
  <testcase name="Test_Asset_Generate_Deterministic_Id_Best_Effort[1: TestCase{versionable=com.dotmarketing.portlets.contentlet.model.Contentlet@1788273d[map={modDate=2023-07-05 22:03:13.347, fileName=file16851785471952496642.txt, title=file16851785471952496642.txt, inode=d918c9bd-9b72-472f-93e3-f34811072fa5, __IS_NEW_CONTENT__=true, disabledWYSIWYG=[], host=68a647eb-328f-4068-bada-2b53793ccd51, stInode=33888b6f-7a8e-4069-b1b6-5c1aa9d0a48d, owner=system, identifier=906f7c53-836f-40b0-ad55-f5049b0511dd, nullProperties=[wfExpireDate, wfPublishDate, wfActionAssign, wfActionId, wfActionComments, filterKey, whereToSend, wfNeverExpire, _path_to_move, timezoneId, iWantTo, wfPublishTime, wfExpireTime], languageId=1, fileAsset=/home/runner/work/core/custom/assets/d/9/d918c9bd-9b72-472f-93e3-f34811072fa5/fileAsset/file16851785471952496642.txt, folder=c6301120-88e0-4dc0-81ef-5ecbef2df112, __disable_workflow__=true, sortOrder=0, modUser=system},lowIndexPriority=false,variantId=DEFAULT], parent=com.dotmarketing.portlets.folders.model.Folder@23b6fbe6[identifier=c6301120-88e0-4dc0-81ef-5ecbef2df112,name=testName1688594593340,sortOrder=0,showOnMenu=false,hostId=68a647eb-328f-4068-bada-2b53793ccd51,type=folder,title=testTitle1688594593340,filesMasks=,defaultFileType=33888b6f-7a8e-4069-b1b6-5c1aa9d0a48d,modDate=2023-07-05 22:03:13.343,owner=&lt;null&gt;,iDate=2023-07-05 22:03:13.343,inode=c6301120-88e0-4dc0-81ef-5ecbef2df112,path=/testName1688594593340/], expectedName='file16851785471952496642.txt', expectedType='FileAsset'}]" classname="com.dotmarketing.business.DeterministicIdentifierAPITest" time="0.004"/>
  <testcase name="Test_Asset_Generate_Deterministic_Id_Best_Effort[2: TestCase{versionable=com.dotmarketing.portlets.templates.model.Template@5d421f50, parent=my.host1688594592560.com, expectedName='testTitle1688594593449', expectedType='Template'}]" classname="com.dotmarketing.business.DeterministicIdentifierAPITest" time="0.002"/>
  <testcase name="Test_Asset_Generate_Deterministic_Id_Best_Effort[3: TestCase{versionable=com.dotmarketing.portlets.htmlpageasset.model.HTMLPageAsset@2862e1da[map={template=5166b174-86f4-4121-b70b-3d3d806cf3ac, owner=system, identifier=bcc865d9-f515-457d-9459-6c183fe43471, nullProperties=[wfExpireDate, wfPublishDate, wfActionAssign, wfActionId, wfActionComments, filterKey, whereToSend, wfNeverExpire, _path_to_move, timezoneId, iWantTo, wfPublishTime, wfExpireTime], modDate=2023-07-05 22:03:13.473, cachettl=0, _is_test_mode=true, languageId=1, title=test-page-title-1688594593463, httpsreq=, url=test-page-url-1688594593463, showOnMenu=, inode=1a27a346-1a1f-4621-8d78-f32b97216e46, folder=c6301120-88e0-4dc0-81ef-5ecbef2df112, disabledWYSIWYG=[], sortOrder=1, modUser=system, host=68a647eb-328f-4068-bada-2b53793ccd51, stInode=c541abb1-69b3-4bc5-8430-5e09e5239cc8, friendlyName=test-page-friendly-name-1688594593463},lowIndexPriority=false,variantId=DEFAULT], parent=com.dotmarketing.portlets.folders.model.Folder@23b6fbe6[identifier=c6301120-88e0-4dc0-81ef-5ecbef2df112,name=testName1688594593340,sortOrder=0,showOnMenu=false,hostId=68a647eb-328f-4068-bada-2b53793ccd51,type=folder,title=testTitle1688594593340,filesMasks=,defaultFileType=33888b6f-7a8e-4069-b1b6-5c1aa9d0a48d,modDate=2023-07-05 22:03:13.343,owner=&lt;null&gt;,iDate=2023-07-05 22:03:13.343,inode=c6301120-88e0-4dc0-81ef-5ecbef2df112,path=/testName1688594593340/], expectedName='test-page-url-1688594593463', expectedType='htmlpageasset'}]" classname="com.dotmarketing.business.DeterministicIdentifierAPITest" time="0.003"/>
  <testcase name="Test_Asset_Generate_Deterministic_Id_Best_Effort[4: TestCase{versionable=com.dotmarketing.portlets.contentlet.model.Contentlet@e277e08[map={fileAsset2=/home/runner/work/core/custom/assets/a/0/a043c2b0-fef8-4ab1-9579-c154983afc35/fileAsset2/test_binary1688594595323.png, modDate=2023-07-05 22:03:15.328, fileAsset1=/home/runner/work/core/custom/assets/a/0/a043c2b0-fef8-4ab1-9579-c154983afc35/fileAsset1/test_binary1688594595323.jpg, title=blah, inode=a043c2b0-fef8-4ab1-9579-c154983afc35, __IS_NEW_CONTENT__=true, disabledWYSIWYG=[], host=48190c8c-42c4-46af-8d1a-0cd5db894797, stInode=4fb848ce-520b-4f82-95e1-17f3ef1bf9f4, owner=system, identifier=bde147bc-4318-42bc-a5c1-427d3268bcf1, nullProperties=[], languageId=1, image1=9bc1f338-e92b-4ae9-9458-d3734b583b66, folder=SYSTEM_FOLDER, __disable_workflow__=true, sortOrder=0, modUser=system},lowIndexPriority=false,variantId=DEFAULT], parent=demo.dotcms.com, expectedName='test_binary1688594595323.jpg:test_binary1688594595323.png', expectedType='MultipleBinaries1688594593675'}]" classname="com.dotmarketing.business.DeterministicIdentifierAPITest" time="0.003"/>
  <testcase name="Test_Asset_Generate_Deterministic_Id_Best_Effort[5: TestCase{versionable=namea396169434 : keyTaga396169434, parent=my.host1688594592560.com, expectedName='keyTaga396169434', expectedType='persona'}]" classname="com.dotmarketing.business.DeterministicIdentifierAPITest" time="0.003"/>
  <testcase name="Test_Similar_Content_Type_Wont_Clash" classname="com.dotmarketing.business.DeterministicIdentifierAPITest" time="0.523"/>
  <testcase name="Test_Generate_Folder_Identifier" classname="com.dotmarketing.business.DeterministicIdentifierAPITest" time="0.786"/>
  <testcase name="Test_Generate_Content_Type_Identifier[0: ContentTypeTestCase{contentType=KeyValueContentType{name=Language Variable, id=f4d7c1b8-2c88-4071-abf1-a5328977b07d, description=Default Content Type for Language Variables, defaultType=false, fixed=true, iDate=Thu Aug 31 16:38:49 UTC 2017, system=true, versionable=true, variable=Languagevariable, modDate=Wed Jul 05 20:52:12 UTC 2023, host=SYSTEM_HOST, siteName=systemHost, icon=language, sortOrder=0, folder=SYSTEM_FOLDER, folderPath=/, markedForDeletion=true, multilingualable=false}, expectedName='Languagevariable', expectedType='KeyValue'}]" classname="com.dotmarketing.business.DeterministicIdentifierAPITest" time="0.004"/>
  <testcase name="Test_Generate_Content_Type_Identifier[1: ContentTypeTestCase{contentType=SimpleContentType{name=testName1688594595775, id=6c84f3de-6623-46fb-b41a-cc70b9fc27c0, description=testDescription1688594595775, defaultType=false, fixed=false, iDate=Wed Jul 05 22:03:15 UTC 2023, system=false, versionable=true, multilingualable=false, variable=testVarname1688594595775, owner=system, modDate=Wed Jul 05 22:03:16 UTC 2023, host=48190c8c-42c4-46af-8d1a-0cd5db894797, siteName=demo.dotcms.com, icon=event_note, sortOrder=0, folder=SYSTEM_FOLDER, folderPath=/, requiredFields=[], markedForDeletion=false}, expectedName='testVarname1688594595775', expectedType='CONTENT'}]" classname="com.dotmarketing.business.DeterministicIdentifierAPITest" time="0.004"/>
  <system-out><![CDATA[]]></system-out>
  <system-err><![CDATA[]]></system-err>
</testsuite>
