<?xml version="1.0" encoding="UTF-8"?>
<testsuite name="com.dotcms.dotpubsub.RedisPubSubImplTest" tests="2" skipped="0" failures="0" errors="0" timestamp="2023-07-10T21:46:30" hostname="fv-az950-407" time="0.015">
  <properties/>
  <testcase name="test_adding_removing_topics" classname="com.dotcms.dotpubsub.RedisPubSubImplTest" time="0.01"/>
  <testcase name="test_publisher" classname="com.dotcms.dotpubsub.RedisPubSubImplTest" time="0.005"/>
  <system-out><![CDATA[]]></system-out>
  <system-err><![CDATA[]]></system-err>
</testsuite>
