<?xml version="1.0" encoding="UTF-8"?>
<testsuite name="com.dotcms.rest.TagResourceIntegrationTest" tests="4" skipped="0" failures="0" errors="0" timestamp="2023-07-19T18:14:03" hostname="fv-az615-953" time="0.376">
  <properties/>
  <testcase name="testList[0: com.dotcms.rest.TagResourceTestCase@1f8c7f64]" classname="com.dotcms.rest.TagResourceIntegrationTest" time="0.289"/>
  <testcase name="testList[1: com.dotcms.rest.TagResourceTestCase@78b360a]" classname="com.dotcms.rest.TagResourceIntegrationTest" time="0.034"/>
  <testcase name="testList[2: com.dotcms.rest.TagResourceTestCase@175fbbda]" classname="com.dotcms.rest.TagResourceIntegrationTest" time="0.023"/>
  <testcase name="testList[3: com.dotcms.rest.TagResourceTestCase@26b1b930]" classname="com.dotcms.rest.TagResourceIntegrationTest" time="0.028"/>
  <system-out><![CDATA[]]></system-out>
  <system-err><![CDATA[Jul 19, 2023 6:14:03 PM com.dotcms.repackage.org.hibernate.validator.internal.util.Version <clinit>
INFO: HV000001: Hibernate Validator 4.3.2.Final
]]></system-err>
</testsuite>
