<?xml version="1.0" encoding="UTF-8"?>
<testsuite name="com.dotcms.rest.IntegrityResourceIntegrationTest" tests="2" skipped="0" failures="0" errors="0" timestamp="2023-06-30T22:11:59" hostname="fv-az280-303" time="0.058">
  <properties/>
  <testcase name="fixConflictsShouldReturnLicenseException" classname="com.dotcms.rest.IntegrityResourceIntegrationTest" time="0.051"/>
  <testcase name="generateShouldReturnLicenseException" classname="com.dotcms.rest.IntegrityResourceIntegrationTest" time="0.007"/>
  <system-out><![CDATA[]]></system-out>
  <system-err><![CDATA[]]></system-err>
</testsuite>
