<?xml version="1.0" encoding="UTF-8"?>
<testsuite name="com.dotmarketing.portlets.rules.conditionlet.VisitedUrlConditionletTest" tests="9" skipped="0" failures="0" errors="0" timestamp="2023-07-13T20:58:01" hostname="fv-az673-76" time="0.075">
  <properties/>
  <testcase name="testWrongRegexComparison" classname="com.dotmarketing.portlets.rules.conditionlet.VisitedUrlConditionletTest" time="0.017"/>
  <testcase name="testIsComparison" classname="com.dotmarketing.portlets.rules.conditionlet.VisitedUrlConditionletTest" time="0.004"/>
  <testcase name="testStartWithComparison" classname="com.dotmarketing.portlets.rules.conditionlet.VisitedUrlConditionletTest" time="0.011"/>
  <testcase name="testIsNotComparison" classname="com.dotmarketing.portlets.rules.conditionlet.VisitedUrlConditionletTest" time="0.004"/>
  <testcase name="testContainsComparison" classname="com.dotmarketing.portlets.rules.conditionlet.VisitedUrlConditionletTest" time="0.005"/>
  <testcase name="testEndsWithComparison" classname="com.dotmarketing.portlets.rules.conditionlet.VisitedUrlConditionletTest" time="0.011"/>
  <testcase name="testRegexComparison" classname="com.dotmarketing.portlets.rules.conditionlet.VisitedUrlConditionletTest" time="0.013"/>
  <testcase name="testWrongIsNotComparison" classname="com.dotmarketing.portlets.rules.conditionlet.VisitedUrlConditionletTest" time="0.004"/>
  <testcase name="testVisitedUrlConditionletConfiguration" classname="com.dotmarketing.portlets.rules.conditionlet.VisitedUrlConditionletTest" time="0.001"/>
  <system-out><![CDATA[]]></system-out>
  <system-err><![CDATA[]]></system-err>
</testsuite>
