<?xml version="1.0" encoding="UTF-8"?>
<testsuite name="com.dotcms.ema.EMAWebInterceptorTest" tests="4" skipped="0" failures="0" errors="0" timestamp="2023-06-27T20:29:14" hostname="fv-az412-684" time="4.215">
  <properties/>
  <testcase name="test_EMAInterceptor_intercept_SecretExistsAtHost_ReturnResult_Query_String" classname="com.dotcms.ema.EMAWebInterceptorTest" time="1.131"/>
  <testcase name="test_EMAInterceptor_intercept_SecretDoesNotExist_ReturnNext" classname="com.dotcms.ema.EMAWebInterceptorTest" time="0.976"/>
  <testcase name="test_EMAInterceptor_intercept_SecretExistsAtSystemHost_ReturnResult" classname="com.dotcms.ema.EMAWebInterceptorTest" time="1.106"/>
  <testcase name="test_EMAInterceptor_intercept_SecretExistAtHost_ReturnResult" classname="com.dotcms.ema.EMAWebInterceptorTest" time="1.002"/>
  <system-out><![CDATA[]]></system-out>
  <system-err><![CDATA[]]></system-err>
</testsuite>
