<?xml version="1.0" encoding="UTF-8"?>
<testsuite name="com.dotmarketing.business.DeterministicIdentifierAPITest" tests="16" skipped="0" failures="0" errors="0" timestamp="2023-07-17T16:56:15" hostname="fv-az493-152" time="1.602">
  <properties/>
  <testcase name="Test_Category_Path_Seed_And_Id" classname="com.dotmarketing.business.DeterministicIdentifierAPITest" time="0.019"/>
  <testcase name="Test_Language_Deterministic_Id[0: LanguageTestCase{expectedSeed='Language:es:US', expectedHash=4913155, langCode='es', countryCode='US', country='United States'}]" classname="com.dotmarketing.business.DeterministicIdentifierAPITest" time="0.001"/>
  <testcase name="Test_Language_Deterministic_Id[1: LanguageTestCase{expectedSeed='Language:ep:', expectedHash=5292269, langCode='ep', countryCode='', country=''}]" classname="com.dotmarketing.business.DeterministicIdentifierAPITest" time="0.001"/>
  <testcase name="Test_Language_Deterministic_Id[2: LanguageTestCase{expectedSeed='Language:sg:SAG', expectedHash=4713118, langCode='sg', countryCode='SAG', country=''}]" classname="com.dotmarketing.business.DeterministicIdentifierAPITest" time="0.001"/>
  <testcase name="Test_Language_Deterministic_Id[3: LanguageTestCase{expectedSeed='Language:en:NZ', expectedHash=5382528, langCode='en', countryCode='NZ', country='New Zealand'}]" classname="com.dotmarketing.business.DeterministicIdentifierAPITest" time="0.001"/>
  <testcase name="Test_Category_None_Persisted_Category_Should_Return_Deterministic_Id" classname="com.dotmarketing.business.DeterministicIdentifierAPITest" time="0.001"/>
  <testcase name="Test_Asset_Generate_Deterministic_Id_Best_Effort[0: TestCase{versionable=my.host1689612593780.com, parent=System Host, expectedName='my.host1689612593780.com', expectedType='Host'}]" classname="com.dotmarketing.business.DeterministicIdentifierAPITest" time="0.003"/>
  <testcase name="Test_Asset_Generate_Deterministic_Id_Best_Effort[1: TestCase{versionable=com.dotmarketing.portlets.contentlet.model.Contentlet@4a08bee7[map={modDate=2023-07-17 16:49:54.555, fileName=file11169727547580548857.txt, title=file11169727547580548857.txt, inode=a64f98fc-dfb6-42d2-a3b8-90aebce8f742, __IS_NEW_CONTENT__=true, disabledWYSIWYG=[], host=a8569e48-6d3f-43d9-bb58-8e5f26480edf, stInode=33888b6f-7a8e-4069-b1b6-5c1aa9d0a48d, owner=system, identifier=de01a11b-e6e7-4b57-a4fa-e0292900cb56, nullProperties=[wfExpireDate, wfPublishDate, wfActionAssign, wfActionId, wfActionComments, filterKey, whereToSend, wfNeverExpire, _path_to_move, timezoneId, iWantTo, wfPublishTime, wfExpireTime], languageId=1, fileAsset=/home/runner/work/core/custom/assets/a/6/a64f98fc-dfb6-42d2-a3b8-90aebce8f742/fileAsset/file11169727547580548857.txt, folder=ef7db6e9-27e3-4058-8356-0a2f4985fde3, __disable_workflow__=true, sortOrder=0, modUser=system},lowIndexPriority=false,variantId=DEFAULT], parent=com.dotmarketing.portlets.folders.model.Folder@65c9cc8a[identifier=ef7db6e9-27e3-4058-8356-0a2f4985fde3,name=testName1689612594550,sortOrder=0,showOnMenu=false,hostId=a8569e48-6d3f-43d9-bb58-8e5f26480edf,type=folder,title=testTitle1689612594550,filesMasks=,defaultFileType=33888b6f-7a8e-4069-b1b6-5c1aa9d0a48d,modDate=2023-07-17 16:49:54.552,owner=&lt;null&gt;,iDate=2023-07-17 16:49:54.552,inode=ef7db6e9-27e3-4058-8356-0a2f4985fde3,path=/testName1689612594550/], expectedName='file11169727547580548857.txt', expectedType='FileAsset'}]" classname="com.dotmarketing.business.DeterministicIdentifierAPITest" time="0.002"/>
  <testcase name="Test_Asset_Generate_Deterministic_Id_Best_Effort[2: TestCase{versionable=com.dotmarketing.portlets.templates.model.Template@d38d59e0, parent=my.host1689612593780.com, expectedName='testTitle1689612594634', expectedType='Template'}]" classname="com.dotmarketing.business.DeterministicIdentifierAPITest" time="0.001"/>
  <testcase name="Test_Asset_Generate_Deterministic_Id_Best_Effort[3: TestCase{versionable=com.dotmarketing.portlets.htmlpageasset.model.HTMLPageAsset@4db178a6[map={template=434d6643-078f-48e5-af28-02f108add54a, owner=system, identifier=4f9515df-8ec0-43b4-8dce-f670eed6a666, nullProperties=[wfExpireDate, wfPublishDate, wfActionAssign, wfActionId, wfActionComments, filterKey, whereToSend, wfNeverExpire, _path_to_move, timezoneId, iWantTo, wfPublishTime, wfExpireTime], modDate=2023-07-17 16:49:54.647, cachettl=0, _is_test_mode=true, languageId=1, title=test-page-title-1689612594643, httpsreq=, url=test-page-url-1689612594643, showOnMenu=, inode=a3338828-8c61-430b-9bee-e6d91864b625, folder=ef7db6e9-27e3-4058-8356-0a2f4985fde3, disabledWYSIWYG=[], sortOrder=1, modUser=system, host=a8569e48-6d3f-43d9-bb58-8e5f26480edf, stInode=c541abb1-69b3-4bc5-8430-5e09e5239cc8, friendlyName=test-page-friendly-name-1689612594643},lowIndexPriority=false,variantId=DEFAULT], parent=com.dotmarketing.portlets.folders.model.Folder@65c9cc8a[identifier=ef7db6e9-27e3-4058-8356-0a2f4985fde3,name=testName1689612594550,sortOrder=0,showOnMenu=false,hostId=a8569e48-6d3f-43d9-bb58-8e5f26480edf,type=folder,title=testTitle1689612594550,filesMasks=,defaultFileType=33888b6f-7a8e-4069-b1b6-5c1aa9d0a48d,modDate=2023-07-17 16:49:54.552,owner=&lt;null&gt;,iDate=2023-07-17 16:49:54.552,inode=ef7db6e9-27e3-4058-8356-0a2f4985fde3,path=/testName1689612594550/], expectedName='test-page-url-1689612594643', expectedType='htmlpageasset'}]" classname="com.dotmarketing.business.DeterministicIdentifierAPITest" time="0.002"/>
  <testcase name="Test_Asset_Generate_Deterministic_Id_Best_Effort[4: TestCase{versionable=com.dotmarketing.portlets.contentlet.model.Contentlet@59da92c9[map={fileAsset2=/home/runner/work/core/custom/assets/d/c/dc29b705-4d7c-4787-8b00-d8a1be2b99a4/fileAsset2/test_binary1689612595532.png, modDate=2023-07-17 16:49:55.537, fileAsset1=/home/runner/work/core/custom/assets/d/c/dc29b705-4d7c-4787-8b00-d8a1be2b99a4/fileAsset1/test_binary1689612595532.jpg, title=blah, inode=dc29b705-4d7c-4787-8b00-d8a1be2b99a4, __IS_NEW_CONTENT__=true, disabledWYSIWYG=[], host=48190c8c-42c4-46af-8d1a-0cd5db894797, stInode=a3b767bc-19e2-4024-b570-596d1c4183a4, owner=system, identifier=5ebcb7ed-0859-4f67-96bb-80a4e1e77ae1, nullProperties=[], languageId=1, image1=e0a49037-bb26-4699-a95e-8ced8b7d5a09, folder=SYSTEM_FOLDER, __disable_workflow__=true, sortOrder=0, modUser=system},lowIndexPriority=false,variantId=DEFAULT], parent=demo.dotcms.com, expectedName='test_binary1689612595532.jpg:test_binary1689612595532.png', expectedType='MultipleBinaries1689612594778'}]" classname="com.dotmarketing.business.DeterministicIdentifierAPITest" time="0.002"/>
  <testcase name="Test_Asset_Generate_Deterministic_Id_Best_Effort[5: TestCase{versionable=name4f9aba9b8a : keyTag4f9aba9b8a, parent=my.host1689612593780.com, expectedName='keyTag4f9aba9b8a', expectedType='persona'}]" classname="com.dotmarketing.business.DeterministicIdentifierAPITest" time="0.003"/>
  <testcase name="Test_Similar_Content_Type_Wont_Clash" classname="com.dotmarketing.business.DeterministicIdentifierAPITest" time="0.424"/>
  <testcase name="Test_Generate_Folder_Identifier" classname="com.dotmarketing.business.DeterministicIdentifierAPITest" time="1.123"/>
  <testcase name="Test_Generate_Content_Type_Identifier[0: ContentTypeTestCase{contentType=KeyValueContentType{name=Language Variable, id=f4d7c1b8-2c88-4071-abf1-a5328977b07d, description=Default Content Type for Language Variables, defaultType=false, fixed=true, iDate=Thu Aug 31 16:38:49 UTC 2017, system=true, versionable=true, variable=Languagevariable, modDate=Mon Jul 17 15:48:12 UTC 2023, host=SYSTEM_HOST, siteName=systemHost, icon=language, sortOrder=0, folder=SYSTEM_FOLDER, folderPath=/, markedForDeletion=true, multilingualable=false}, expectedName='Languagevariable', expectedType='KeyValue'}]" classname="com.dotmarketing.business.DeterministicIdentifierAPITest" time="0.01"/>
  <testcase name="Test_Generate_Content_Type_Identifier[1: ContentTypeTestCase{contentType=SimpleContentType{name=testName1689612596023, id=ee4434bf-efb6-4d4c-9b9f-8e809b5a20c8, description=testDescription1689612596023, defaultType=false, fixed=false, iDate=Mon Jul 17 16:49:56 UTC 2023, system=false, versionable=true, multilingualable=false, variable=testVarname1689612596023, owner=system, modDate=Mon Jul 17 16:49:56 UTC 2023, host=48190c8c-42c4-46af-8d1a-0cd5db894797, siteName=demo.dotcms.com, icon=event_note, sortOrder=0, folder=SYSTEM_FOLDER, folderPath=/, requiredFields=[], markedForDeletion=false}, expectedName='testVarname1689612596023', expectedType='CONTENT'}]" classname="com.dotmarketing.business.DeterministicIdentifierAPITest" time="0.004"/>
  <system-out><![CDATA[]]></system-out>
  <system-err><![CDATA[]]></system-err>
</testsuite>
