<?xml version="1.0" encoding="UTF-8"?>
<testsuite name="com.dotmarketing.portlets.contentlet.business.ContentletFactoryTest" tests="5" skipped="0" failures="0" errors="0" timestamp="2023-07-17T17:34:25" hostname="fv-az244-731" time="3.341">
  <properties/>
  <testcase name="Create_Contentlets_Then_Count" classname="com.dotmarketing.portlets.contentlet.business.ContentletFactoryTest" time="0.219"/>
  <testcase name="findAllCurrentOffsetLimit" classname="com.dotmarketing.portlets.contentlet.business.ContentletFactoryTest" time="1.794"/>
  <testcase name="find" classname="com.dotmarketing.portlets.contentlet.business.ContentletFactoryTest" time="0.003"/>
  <testcase name="Create_Contentlet_Then_find_Expect_Cache_Hit_Then_Remove_Expect_404" classname="com.dotmarketing.portlets.contentlet.business.ContentletFactoryTest" time="1.324"/>
  <testcase name="findAllCurrent" classname="com.dotmarketing.portlets.contentlet.business.ContentletFactoryTest" time="0.001"/>
  <system-out><![CDATA[]]></system-out>
  <system-err><![CDATA[]]></system-err>
</testsuite>
