<?xml version="1.0" encoding="UTF-8"?>
<testsuite name="com.dotcms.rest.api.v1.vtl.VTLResourceIntegrationTest" tests="6" skipped="0" failures="0" errors="0" timestamp="2023-07-17T17:35:39" hostname="fv-az168-813" time="10.192">
  <properties/>
  <testcase name="testGet[0: com.dotcms.rest.api.v1.vtl.VTLResourceTestCase@31f01430]" classname="com.dotcms.rest.api.v1.vtl.VTLResourceIntegrationTest" time="1.214"/>
  <testcase name="testGet[1: com.dotcms.rest.api.v1.vtl.VTLResourceTestCase@35ba035a]" classname="com.dotcms.rest.api.v1.vtl.VTLResourceIntegrationTest" time="1.913"/>
  <testcase name="testGet[2: com.dotcms.rest.api.v1.vtl.VTLResourceTestCase@708bcc88]" classname="com.dotcms.rest.api.v1.vtl.VTLResourceIntegrationTest" time="2.35"/>
  <testcase name="testGet[3: com.dotcms.rest.api.v1.vtl.VTLResourceTestCase@7dedc7d7]" classname="com.dotcms.rest.api.v1.vtl.VTLResourceIntegrationTest" time="0.782"/>
  <testcase name="testGet[4: com.dotcms.rest.api.v1.vtl.VTLResourceTestCase@4c0d0dce]" classname="com.dotcms.rest.api.v1.vtl.VTLResourceIntegrationTest" time="1.948"/>
  <testcase name="testGet[5: com.dotcms.rest.api.v1.vtl.VTLResourceTestCase@294867c6]" classname="com.dotcms.rest.api.v1.vtl.VTLResourceIntegrationTest" time="1.984"/>
  <system-out><![CDATA[]]></system-out>
  <system-err><![CDATA[]]></system-err>
</testsuite>
