<?xml version="1.0" encoding="UTF-8"?>
<testsuite name="com.dotmarketing.portlets.structure.model.ContentletRelationshipsTest" tests="7" skipped="0" failures="0" errors="0" timestamp="2023-07-11T03:24:06" hostname="fv-az1256-472" time="7.565">
  <properties/>
  <testcase name="testDoesAllowOnlyOne[0: com.dotmarketing.portlets.structure.model.ContentletRelationshipsTest$CardinalityTestCase@141ca323]" classname="com.dotmarketing.portlets.structure.model.ContentletRelationshipsTest" time="0.415"/>
  <testcase name="testDoesAllowOnlyOne[1: com.dotmarketing.portlets.structure.model.ContentletRelationshipsTest$CardinalityTestCase@57c76308]" classname="com.dotmarketing.portlets.structure.model.ContentletRelationshipsTest" time="0.403"/>
  <testcase name="testDoesAllowOnlyOne[2: com.dotmarketing.portlets.structure.model.ContentletRelationshipsTest$CardinalityTestCase@554d3a32]" classname="com.dotmarketing.portlets.structure.model.ContentletRelationshipsTest" time="0.439"/>
  <testcase name="testGetRelationshipRecords[0: com.dotmarketing.portlets.structure.model.ContentletRelationshipsTest$TestCase@5beb3ec4]" classname="com.dotmarketing.portlets.structure.model.ContentletRelationshipsTest" time="0.872"/>
  <testcase name="testGetRelationshipRecords[1: com.dotmarketing.portlets.structure.model.ContentletRelationshipsTest$TestCase@2a1f9b21]" classname="com.dotmarketing.portlets.structure.model.ContentletRelationshipsTest" time="1.956"/>
  <testcase name="testGetRelationshipRecords[2: com.dotmarketing.portlets.structure.model.ContentletRelationshipsTest$TestCase@462c6249]" classname="com.dotmarketing.portlets.structure.model.ContentletRelationshipsTest" time="1.734"/>
  <testcase name="testGetRelationshipRecords[3: com.dotmarketing.portlets.structure.model.ContentletRelationshipsTest$TestCase@7a0c4c14]" classname="com.dotmarketing.portlets.structure.model.ContentletRelationshipsTest" time="1.745"/>
  <system-out><![CDATA[]]></system-out>
  <system-err><![CDATA[]]></system-err>
</testsuite>
