<?xml version="1.0" encoding="UTF-8"?>
<testsuite name="com.dotcms.integritycheckers.ContentPageIntegrityCheckerTest" tests="2" skipped="0" failures="0" errors="0" timestamp="2023-07-20T21:06:26" hostname="fv-az174-151" time="4.741">
  <properties/>
  <testcase name="TestFixConflictGeneratesContentletAsJson" classname="com.dotcms.integritycheckers.ContentPageIntegrityCheckerTest" time="3.275"/>
  <testcase name="test_executeFix_identifierColumnsNotNull" classname="com.dotcms.integritycheckers.ContentPageIntegrityCheckerTest" time="1.466"/>
  <system-out><![CDATA[]]></system-out>
  <system-err><![CDATA[]]></system-err>
</testsuite>
