<?xml version="1.0" encoding="UTF-8"?>
<testsuite name="com.dotmarketing.portlets.languagesmanager.business.LanguageAPITest" tests="11" skipped="0" failures="0" errors="0" timestamp="2023-07-13T18:32:49" hostname="fv-az178-328" time="109.363">
  <properties/>
  <testcase name="getStringKey_KeyExistsPropertiesFileAndAsAContent_returnsLanguageVariableContent" classname="com.dotmarketing.portlets.languagesmanager.business.LanguageAPITest" time="1.539"/>
  <testcase name="test_saveLanguage_InvalidLanguage_ShouldThrowException[0: &lt;null&gt;]" classname="com.dotmarketing.portlets.languagesmanager.business.LanguageAPITest" time="0.001"/>
  <testcase name="test_saveLanguage_InvalidLanguage_ShouldThrowException[1: ]" classname="com.dotmarketing.portlets.languagesmanager.business.LanguageAPITest" time="0.001"/>
  <testcase name="test_saveLanguage_InvalidLanguage_ShouldThrowException[2: it]" classname="com.dotmarketing.portlets.languagesmanager.business.LanguageAPITest" time="0.0"/>
  <testcase name="test_saveLanguage_InvalidLanguage_ShouldThrowException[3: -it]" classname="com.dotmarketing.portlets.languagesmanager.business.LanguageAPITest" time="0.001"/>
  <testcase name="getStringsAsMap_returnMap" classname="com.dotmarketing.portlets.languagesmanager.business.LanguageAPITest" time="1.282"/>
  <testcase name="languageCache" classname="com.dotmarketing.portlets.languagesmanager.business.LanguageAPITest" time="0.02"/>
  <testcase name="getStringKey_returnLanguageVariableContent" classname="com.dotmarketing.portlets.languagesmanager.business.LanguageAPITest" time="0.315"/>
  <testcase name="test_deleteLanguage_WithExistingContent_ShouldFail" classname="com.dotmarketing.portlets.languagesmanager.business.LanguageAPITest" time="1.161"/>
  <testcase name="Create_Content_Under_Default_Lang_Make_New_Default_Language_And_Test_Assets_Lang_Transfer" classname="com.dotmarketing.portlets.languagesmanager.business.LanguageAPITest" time="104.931"/>
  <testcase name="getStringKey_returnKey" classname="com.dotmarketing.portlets.languagesmanager.business.LanguageAPITest" time="0.11"/>
  <system-out><![CDATA[]]></system-out>
  <system-err><![CDATA[]]></system-err>
</testsuite>
