<?xml version="1.0" encoding="UTF-8"?>
<testsuite name="com.dotmarketing.portlets.folders.business.FolderFactoryImplTest" tests="3" skipped="0" failures="0" errors="0" timestamp="2023-06-29T17:50:35" hostname="fv-az615-773" time="0.98">
  <properties/>
  <testcase name="testFindFolderByPathUsingRootFolder" classname="com.dotmarketing.portlets.folders.business.FolderFactoryImplTest" time="0.003"/>
  <testcase name="testFindFolderByPathUsingSystemFolderParentPath" classname="com.dotmarketing.portlets.folders.business.FolderFactoryImplTest" time="0.001"/>
  <testcase name="testFindFolderByPathUsingNonRootFolder" classname="com.dotmarketing.portlets.folders.business.FolderFactoryImplTest" time="0.975"/>
  <system-out><![CDATA[]]></system-out>
  <system-err><![CDATA[]]></system-err>
</testsuite>
