<?xml version="1.0" encoding="UTF-8"?>
<testsuite name="com.dotmarketing.servlets.ajax.AjaxDirectorServletIntegrationTest" tests="2" skipped="0" failures="0" errors="0" timestamp="2023-07-17T17:13:08" hostname="fv-az797-388" time="1.815">
  <properties/>
  <testcase name="testService[0: com.dotmarketing.servlets.ajax.AjaxDirectorServletTestCase@2504e14c]" classname="com.dotmarketing.servlets.ajax.AjaxDirectorServletIntegrationTest" time="0.996"/>
  <testcase name="testService[1: com.dotmarketing.servlets.ajax.AjaxDirectorServletTestCase@6316975]" classname="com.dotmarketing.servlets.ajax.AjaxDirectorServletIntegrationTest" time="0.819"/>
  <system-out><![CDATA[]]></system-out>
  <system-err><![CDATA[]]></system-err>
</testsuite>
