<?xml version="1.0" encoding="UTF-8"?>
<testsuite name="com.dotmarketing.servlets.ajax.AjaxDirectorServletIntegrationTest" tests="2" skipped="0" failures="0" errors="0" timestamp="2023-07-19T19:30:14" hostname="fv-az842-421" time="3.216">
  <properties/>
  <testcase name="testService[0: com.dotmarketing.servlets.ajax.AjaxDirectorServletTestCase@2701412a]" classname="com.dotmarketing.servlets.ajax.AjaxDirectorServletIntegrationTest" time="1.533"/>
  <testcase name="testService[1: com.dotmarketing.servlets.ajax.AjaxDirectorServletTestCase@109ff21e]" classname="com.dotmarketing.servlets.ajax.AjaxDirectorServletIntegrationTest" time="1.683"/>
  <system-out><![CDATA[]]></system-out>
  <system-err><![CDATA[]]></system-err>
</testsuite>
