<?xml version="1.0" encoding="UTF-8"?>
<testsuite name="com.dotcms.contenttype.business.ContentTypeDestroyAPIImplTest" tests="5" skipped="0" failures="0" errors="0" timestamp="2023-06-21T18:54:11" hostname="fv-az454-705" time="126.634">
  <properties/>
  <testcase name="Destroy_General_Test" classname="com.dotcms.contenttype.business.ContentTypeDestroyAPIImplTest" time="18.03"/>
  <testcase name="Test_Destroy_Persona_Like_Content_Type" classname="com.dotcms.contenttype.business.ContentTypeDestroyAPIImplTest" time="3.58"/>
  <testcase name="Test_Relocate_Contentlets" classname="com.dotcms.contenttype.business.ContentTypeDestroyAPIImplTest" time="91.928"/>
  <testcase name="Test_Destroy_With_Categories" classname="com.dotcms.contenttype.business.ContentTypeDestroyAPIImplTest" time="2.145"/>
  <testcase name="testNextBatch" classname="com.dotcms.contenttype.business.ContentTypeDestroyAPIImplTest" time="10.95"/>
  <system-out><![CDATA[]]></system-out>
  <system-err><![CDATA[Jun 21, 2023 6:55:11 PM com.hazelcast.nio.tcp.TcpIpConnection
INFO: [172.18.0.1]:5701 [dev] [3.12.13] Connection[id=1, /127.0.0.1:5701->/127.0.0.1:46556, qualifier=null, endpoint=null, alive=false, type=NONE] closed. Reason: Connection closed by the other side
Jun 21, 2023 6:55:12 PM com.hazelcast.core.LifecycleService
INFO: [172.18.0.1]:5701 [dev] [3.12.13] [172.18.0.1]:5701 is SHUTTING_DOWN
Jun 21, 2023 6:55:12 PM com.hazelcast.instance.Node
INFO: [172.18.0.1]:5701 [dev] [3.12.13] Shutting down connection manager...
Jun 21, 2023 6:55:12 PM com.hazelcast.instance.Node
INFO: [172.18.0.1]:5701 [dev] [3.12.13] Shutting down node engine...
Jun 21, 2023 6:55:12 PM com.hazelcast.instance.NodeExtension
INFO: [172.18.0.1]:5701 [dev] [3.12.13] Destroying node NodeExtension.
Jun 21, 2023 6:55:12 PM com.hazelcast.instance.Node
INFO: [172.18.0.1]:5701 [dev] [3.12.13] Hazelcast Shutdown is completed in 46 ms.
Jun 21, 2023 6:55:12 PM com.hazelcast.core.LifecycleService
INFO: [172.18.0.1]:5701 [dev] [3.12.13] [172.18.0.1]:5701 is SHUTDOWN
Jun 21, 2023 6:55:12 PM com.hazelcast.config.AbstractXmlConfigHelper
WARNING: Name of the hazelcast schema location is incorrect, using default
Jun 21, 2023 6:55:12 PM com.hazelcast.instance.AddressPicker
INFO: [LOCAL] [dev] [3.12.13] Prefer IPv4 stack is true, prefer IPv6 addresses is false
Jun 21, 2023 6:55:12 PM com.hazelcast.instance.AddressPicker
INFO: [LOCAL] [dev] [3.12.13] Picked [172.18.0.1]:5701, using socket ServerSocket[addr=/0:0:0:0:0:0:0:0,localport=5701], bind any local is true
Jun 21, 2023 6:55:12 PM com.hazelcast.system
INFO: [172.18.0.1]:5701 [dev] [3.12.13] Hazelcast 3.12.13 (20220825 - 40e63ea) starting at [172.18.0.1]:5701
Jun 21, 2023 6:55:12 PM com.hazelcast.system
INFO: [172.18.0.1]:5701 [dev] [3.12.13] Copyright (c) 2008-2020, Hazelcast, Inc. All Rights Reserved.
Jun 21, 2023 6:55:12 PM com.hazelcast.spi.impl.operationservice.impl.BackpressureRegulator
INFO: [172.18.0.1]:5701 [dev] [3.12.13] Backpressure is disabled
Jun 21, 2023 6:55:12 PM com.hazelcast.spi.impl.operationexecutor.impl.OperationExecutorImpl
INFO: [172.18.0.1]:5701 [dev] [3.12.13] Starting 2 partition threads and 3 generic threads (1 dedicated for priority tasks)
Jun 21, 2023 6:55:12 PM com.hazelcast.internal.diagnostics.Diagnostics
INFO: [172.18.0.1]:5701 [dev] [3.12.13] Diagnostics disabled. To enable add -Dhazelcast.diagnostics.enabled=true to the JVM arguments.
Jun 21, 2023 6:55:12 PM com.hazelcast.core.LifecycleService
INFO: [172.18.0.1]:5701 [dev] [3.12.13] [172.18.0.1]:5701 is STARTING
Jun 21, 2023 6:55:12 PM com.hazelcast.instance.Node
WARNING: [172.18.0.1]:5701 [dev] [3.12.13] No join method is enabled! Starting standalone.
Jun 21, 2023 6:55:12 PM com.hazelcast.core.LifecycleService
INFO: [172.18.0.1]:5701 [dev] [3.12.13] [172.18.0.1]:5701 is STARTED
]]></system-err>
</testsuite>
