<?xml version="1.0" encoding="UTF-8"?>
<testsuite name="com.dotcms.integritycheckers.HostIntegrityCheckerTest" tests="7" skipped="0" failures="0" errors="0" timestamp="2023-07-18T20:42:06" hostname="fv-az344-517" time="3.945">
  <properties/>
  <testcase name="test_getIntegrityType" classname="com.dotcms.integritycheckers.HostIntegrityCheckerTest" time="0.001"/>
  <testcase name="test_generateIntegrityResults[0: true]" classname="com.dotcms.integritycheckers.HostIntegrityCheckerTest" time="0.672"/>
  <testcase name="test_generateIntegrityResults[1: false]" classname="com.dotcms.integritycheckers.HostIntegrityCheckerTest" time="0.787"/>
  <testcase name="test_executeFix[0: true]" classname="com.dotcms.integritycheckers.HostIntegrityCheckerTest" time="0.764"/>
  <testcase name="test_executeFix[1: false]" classname="com.dotcms.integritycheckers.HostIntegrityCheckerTest" time="0.726"/>
  <testcase name="test_generateCSVFile" classname="com.dotcms.integritycheckers.HostIntegrityCheckerTest" time="0.119"/>
  <testcase name="test_executeFix_identifierColumnsNotNull" classname="com.dotcms.integritycheckers.HostIntegrityCheckerTest" time="0.874"/>
  <system-out><![CDATA[]]></system-out>
  <system-err><![CDATA[]]></system-err>
</testsuite>
