<?xml version="1.0" encoding="UTF-8"?>
<testsuite name="com.dotcms.contenttype.test.ContentResourceTest" tests="52" skipped="0" failures="0" errors="0" timestamp="2023-06-30T23:36:11" hostname="fv-az613-350" time="137.256">
  <properties/>
  <testcase name="testGetContentShouldReturnIconDetails" classname="com.dotcms.contenttype.test.ContentResourceTest" time="1.501"/>
  <testcase name="Test_Save_Action_Set_Words_To_Required_NumericField_Issue_15340" classname="com.dotcms.contenttype.test.ContentResourceTest" time="0.805"/>
  <testcase name="test_getContent_includeGrandChildCategory_success" classname="com.dotcms.contenttype.test.ContentResourceTest" time="1.238"/>
  <testcase name="testGetContentWithRelatedParameter[0: com.dotcms.contenttype.test.ContentResourceTest$PullRelatedTestCase@6102cf5e]" classname="com.dotcms.contenttype.test.ContentResourceTest" time="3.606"/>
  <testcase name="testGetContentWithRelatedParameter[1: com.dotcms.contenttype.test.ContentResourceTest$PullRelatedTestCase@61218451]" classname="com.dotcms.contenttype.test.ContentResourceTest" time="3.656"/>
  <testcase name="testGetContentWithRelatedParameter[2: com.dotcms.contenttype.test.ContentResourceTest$PullRelatedTestCase@293384cd]" classname="com.dotcms.contenttype.test.ContentResourceTest" time="3.655"/>
  <testcase name="testGetContentWithRelatedParameter[3: com.dotcms.contenttype.test.ContentResourceTest$PullRelatedTestCase@13847e63]" classname="com.dotcms.contenttype.test.ContentResourceTest" time="3.49"/>
  <testcase name="testGetContentWithRelatedParameter[4: com.dotcms.contenttype.test.ContentResourceTest$PullRelatedTestCase@648b2b72]" classname="com.dotcms.contenttype.test.ContentResourceTest" time="3.554"/>
  <testcase name="test_getContent_SelfRelatedWith3LevelsOfDepth_shouldReturnRelationships" classname="com.dotcms.contenttype.test.ContentResourceTest" time="1.233"/>
  <testcase name="Test_Save_Action_Send_Fields_SubSet_Issue_15340" classname="com.dotcms.contenttype.test.ContentResourceTest" time="2.72"/>
  <testcase name="test_getContent_shouldReturnRelationships[0: com.dotcms.contenttype.test.ContentResourceTest$TestCase@9e538be]" classname="com.dotcms.contenttype.test.ContentResourceTest" time="2.632"/>
  <testcase name="test_getContent_shouldReturnRelationships[1: com.dotcms.contenttype.test.ContentResourceTest$TestCase@3c45d0a3]" classname="com.dotcms.contenttype.test.ContentResourceTest" time="2.776"/>
  <testcase name="test_getContent_shouldReturnRelationships[2: com.dotcms.contenttype.test.ContentResourceTest$TestCase@c82c62e]" classname="com.dotcms.contenttype.test.ContentResourceTest" time="2.809"/>
  <testcase name="test_getContent_shouldReturnRelationships[3: com.dotcms.contenttype.test.ContentResourceTest$TestCase@31efbc77]" classname="com.dotcms.contenttype.test.ContentResourceTest" time="2.849"/>
  <testcase name="test_getContent_shouldReturnRelationships[4: com.dotcms.contenttype.test.ContentResourceTest$TestCase@116f523c]" classname="com.dotcms.contenttype.test.ContentResourceTest" time="3.101"/>
  <testcase name="test_getContent_shouldReturnRelationships[5: com.dotcms.contenttype.test.ContentResourceTest$TestCase@3bd487a]" classname="com.dotcms.contenttype.test.ContentResourceTest" time="2.721"/>
  <testcase name="test_getContent_shouldReturnRelationships[6: com.dotcms.contenttype.test.ContentResourceTest$TestCase@19945d95]" classname="com.dotcms.contenttype.test.ContentResourceTest" time="2.913"/>
  <testcase name="test_getContent_shouldReturnRelationships[7: com.dotcms.contenttype.test.ContentResourceTest$TestCase@55d456d4]" classname="com.dotcms.contenttype.test.ContentResourceTest" time="2.75"/>
  <testcase name="test_getContent_shouldReturnRelationships[8: com.dotcms.contenttype.test.ContentResourceTest$TestCase@3ec110e0]" classname="com.dotcms.contenttype.test.ContentResourceTest" time="2.97"/>
  <testcase name="test_getContent_shouldReturnRelationships[9: com.dotcms.contenttype.test.ContentResourceTest$TestCase@575661da]" classname="com.dotcms.contenttype.test.ContentResourceTest" time="2.818"/>
  <testcase name="test_getContent_shouldReturnRelationships[10: com.dotcms.contenttype.test.ContentResourceTest$TestCase@6c95f650]" classname="com.dotcms.contenttype.test.ContentResourceTest" time="2.845"/>
  <testcase name="test_getContent_shouldReturnRelationships[11: com.dotcms.contenttype.test.ContentResourceTest$TestCase@1b006fe0]" classname="com.dotcms.contenttype.test.ContentResourceTest" time="2.605"/>
  <testcase name="test_getContent_shouldReturnRelationships[12: com.dotcms.contenttype.test.ContentResourceTest$TestCase@2df02a70]" classname="com.dotcms.contenttype.test.ContentResourceTest" time="2.818"/>
  <testcase name="test_getContent_shouldReturnRelationships[13: com.dotcms.contenttype.test.ContentResourceTest$TestCase@49ccc6a5]" classname="com.dotcms.contenttype.test.ContentResourceTest" time="2.766"/>
  <testcase name="test_getContent_shouldReturnRelationships[14: com.dotcms.contenttype.test.ContentResourceTest$TestCase@a289eba]" classname="com.dotcms.contenttype.test.ContentResourceTest" time="2.775"/>
  <testcase name="test_getContent_shouldReturnRelationships[15: com.dotcms.contenttype.test.ContentResourceTest$TestCase@12cf9f70]" classname="com.dotcms.contenttype.test.ContentResourceTest" time="2.766"/>
  <testcase name="test_getContent_shouldReturnRelationships[16: com.dotcms.contenttype.test.ContentResourceTest$TestCase@3ec094f3]" classname="com.dotcms.contenttype.test.ContentResourceTest" time="3.626"/>
  <testcase name="test_getContent_shouldReturnRelationships[17: com.dotcms.contenttype.test.ContentResourceTest$TestCase@11169460]" classname="com.dotcms.contenttype.test.ContentResourceTest" time="3.046"/>
  <testcase name="test_getContent_shouldReturnRelationships[18: com.dotcms.contenttype.test.ContentResourceTest$TestCase@5f0515b6]" classname="com.dotcms.contenttype.test.ContentResourceTest" time="1.928"/>
  <testcase name="test_getContent_shouldReturnRelationships[19: com.dotcms.contenttype.test.ContentResourceTest$TestCase@315f3539]" classname="com.dotcms.contenttype.test.ContentResourceTest" time="2.146"/>
  <testcase name="test_getContent_shouldReturnRelationships[20: com.dotcms.contenttype.test.ContentResourceTest$TestCase@b8258ed]" classname="com.dotcms.contenttype.test.ContentResourceTest" time="2.271"/>
  <testcase name="test_getContent_shouldReturnRelationships[21: com.dotcms.contenttype.test.ContentResourceTest$TestCase@2e126869]" classname="com.dotcms.contenttype.test.ContentResourceTest" time="3.232"/>
  <testcase name="test_getContent_shouldReturnRelationships[22: com.dotcms.contenttype.test.ContentResourceTest$TestCase@59cd70b8]" classname="com.dotcms.contenttype.test.ContentResourceTest" time="3.019"/>
  <testcase name="test_getContent_shouldReturnRelationships[23: com.dotcms.contenttype.test.ContentResourceTest$TestCase@11f36045]" classname="com.dotcms.contenttype.test.ContentResourceTest" time="3.06"/>
  <testcase name="test_getContent_shouldReturnRelationships[24: com.dotcms.contenttype.test.ContentResourceTest$TestCase@82f17a6]" classname="com.dotcms.contenttype.test.ContentResourceTest" time="3.113"/>
  <testcase name="test_getContent_shouldReturnRelationships[25: com.dotcms.contenttype.test.ContentResourceTest$TestCase@354377ea]" classname="com.dotcms.contenttype.test.ContentResourceTest" time="3.27"/>
  <testcase name="test_getContent_shouldReturnRelationships[26: com.dotcms.contenttype.test.ContentResourceTest$TestCase@7b9994a]" classname="com.dotcms.contenttype.test.ContentResourceTest" time="3.199"/>
  <testcase name="test_getContent_shouldReturnRelationships[27: com.dotcms.contenttype.test.ContentResourceTest$TestCase@dc220b0]" classname="com.dotcms.contenttype.test.ContentResourceTest" time="2.978"/>
  <testcase name="test_getContent_shouldReturnRelationships[28: com.dotcms.contenttype.test.ContentResourceTest$TestCase@7da08489]" classname="com.dotcms.contenttype.test.ContentResourceTest" time="2.887"/>
  <testcase name="test_getContent_shouldReturnRelationships[29: com.dotcms.contenttype.test.ContentResourceTest$TestCase@53f250f0]" classname="com.dotcms.contenttype.test.ContentResourceTest" time="2.804"/>
  <testcase name="test_getContent_shouldReturnRelationships[30: com.dotcms.contenttype.test.ContentResourceTest$TestCase@184af00d]" classname="com.dotcms.contenttype.test.ContentResourceTest" time="2.868"/>
  <testcase name="test_getContent_shouldReturnRelationships[31: com.dotcms.contenttype.test.ContentResourceTest$TestCase@4119414]" classname="com.dotcms.contenttype.test.ContentResourceTest" time="1.88"/>
  <testcase name="test_getContent_shouldReturnRelationships[32: com.dotcms.contenttype.test.ContentResourceTest$TestCase@7decccd3]" classname="com.dotcms.contenttype.test.ContentResourceTest" time="3.802"/>
  <testcase name="test_getContent_shouldReturnRelationships[33: com.dotcms.contenttype.test.ContentResourceTest$TestCase@3cd8764e]" classname="com.dotcms.contenttype.test.ContentResourceTest" time="3.771"/>
  <testcase name="testSinglePOST_InvalidParamsShouldReturn400[0: ({\n    &quot;stInode&quot; : &quot;InvalidValue&quot;,\n    &quot;numeric&quot; : &quot;0&quot;,\n    &quot;image&quot; : &quot;whatever&quot;\n}, Bad Request)]" classname="com.dotcms.contenttype.test.ContentResourceTest" time="0.81"/>
  <testcase name="testSinglePOST_InvalidParamsShouldReturn400[1: ({\n    &quot;numeric&quot; : &quot;0&quot;,\n    &quot;image&quot; : &quot;whatever&quot;\n}, Bad Request)]" classname="com.dotcms.contenttype.test.ContentResourceTest" time="0.792"/>
  <testcase name="Test_Save_Action_Set_Null_To_Required_NumericField_Issue_15340" classname="com.dotcms.contenttype.test.ContentResourceTest" time="0.814"/>
  <testcase name="Test_Save_Action_Remove_Image_Then_Verify_Fields_Were_Cleared_Issue_15340" classname="com.dotcms.contenttype.test.ContentResourceTest" time="3.633"/>
  <testcase name="test_getContentWithMultipleSelfRelated_shouldReturnRelationships[0: com.dotcms.contenttype.test.ContentResourceTest$PullSelfRelatedTestCase@7be4a80b]" classname="com.dotcms.contenttype.test.ContentResourceTest" time="1.546"/>
  <testcase name="test_getContentWithMultipleSelfRelated_shouldReturnRelationships[1: com.dotcms.contenttype.test.ContentResourceTest$PullSelfRelatedTestCase@60f569f0]" classname="com.dotcms.contenttype.test.ContentResourceTest" time="1.568"/>
  <testcase name="testGetContentWithAllCategoriesInfo[0: json]" classname="com.dotcms.contenttype.test.ContentResourceTest" time="2.395"/>
  <testcase name="testGetContentWithAllCategoriesInfo[1: xml]" classname="com.dotcms.contenttype.test.ContentResourceTest" time="2.42"/>
  <system-out><![CDATA[











]]></system-out>
  <system-err><![CDATA[]]></system-err>
</testsuite>
