<?xml version="1.0" encoding="UTF-8"?>
<testsuite name="com.dotmarketing.servlets.ajax.AjaxDirectorServletIntegrationTest" tests="2" skipped="0" failures="0" errors="0" timestamp="2023-07-05T21:47:41" hostname="fv-az402-966" time="3.015">
  <properties/>
  <testcase name="testService[0: com.dotmarketing.servlets.ajax.AjaxDirectorServletTestCase@5f93372f]" classname="com.dotmarketing.servlets.ajax.AjaxDirectorServletIntegrationTest" time="1.746"/>
  <testcase name="testService[1: com.dotmarketing.servlets.ajax.AjaxDirectorServletTestCase@20563ed9]" classname="com.dotmarketing.servlets.ajax.AjaxDirectorServletIntegrationTest" time="1.269"/>
  <system-out><![CDATA[]]></system-out>
  <system-err><![CDATA[]]></system-err>
</testsuite>
