<?xml version="1.0" encoding="UTF-8"?>
<testsuite name="com.dotmarketing.startup.runonce.Task201014UpdateColumnsValuesInIdentifierTableTest" tests="1" skipped="0" failures="0" errors="0" timestamp="2023-07-13T21:26:34" hostname="fv-az673-76" time="0.87">
  <properties/>
  <testcase name="test_upgradeTask_success" classname="com.dotmarketing.startup.runonce.Task201014UpdateColumnsValuesInIdentifierTableTest" time="0.87"/>
  <system-out><![CDATA[]]></system-out>
  <system-err><![CDATA[]]></system-err>
</testsuite>
