<?xml version="1.0" encoding="UTF-8"?>
<testsuite name="com.dotmarketing.portlets.structure.model.ContentletRelationshipsTest" tests="7" skipped="0" failures="0" errors="0" timestamp="2023-07-14T21:59:50" hostname="fv-az358-465" time="9.718">
  <properties/>
  <testcase name="testDoesAllowOnlyOne[0: com.dotmarketing.portlets.structure.model.ContentletRelationshipsTest$CardinalityTestCase@5ee33fed]" classname="com.dotmarketing.portlets.structure.model.ContentletRelationshipsTest" time="0.537"/>
  <testcase name="testDoesAllowOnlyOne[1: com.dotmarketing.portlets.structure.model.ContentletRelationshipsTest$CardinalityTestCase@53c9491f]" classname="com.dotmarketing.portlets.structure.model.ContentletRelationshipsTest" time="0.554"/>
  <testcase name="testDoesAllowOnlyOne[2: com.dotmarketing.portlets.structure.model.ContentletRelationshipsTest$CardinalityTestCase@2960ea6f]" classname="com.dotmarketing.portlets.structure.model.ContentletRelationshipsTest" time="0.495"/>
  <testcase name="testGetRelationshipRecords[0: com.dotmarketing.portlets.structure.model.ContentletRelationshipsTest$TestCase@61e22dc8]" classname="com.dotmarketing.portlets.structure.model.ContentletRelationshipsTest" time="2.091"/>
  <testcase name="testGetRelationshipRecords[1: com.dotmarketing.portlets.structure.model.ContentletRelationshipsTest$TestCase@26b97a4e]" classname="com.dotmarketing.portlets.structure.model.ContentletRelationshipsTest" time="2.032"/>
  <testcase name="testGetRelationshipRecords[2: com.dotmarketing.portlets.structure.model.ContentletRelationshipsTest$TestCase@3f215e37]" classname="com.dotmarketing.portlets.structure.model.ContentletRelationshipsTest" time="2.037"/>
  <testcase name="testGetRelationshipRecords[3: com.dotmarketing.portlets.structure.model.ContentletRelationshipsTest$TestCase@11bce82e]" classname="com.dotmarketing.portlets.structure.model.ContentletRelationshipsTest" time="1.97"/>
  <system-out><![CDATA[]]></system-out>
  <system-err><![CDATA[]]></system-err>
</testsuite>
