<?xml version="1.0" encoding="UTF-8"?>
<testsuite name="com.dotmarketing.startup.runonce.Task220928AddLookbackWindowColumnToExperimentTest" tests="1" skipped="0" failures="0" errors="0" timestamp="2023-07-18T19:16:47" hostname="fv-az803-421" time="0.021">
  <properties/>
  <testcase name="testExecuteUpgrade" classname="com.dotmarketing.startup.runonce.Task220928AddLookbackWindowColumnToExperimentTest" time="0.021"/>
  <system-out><![CDATA[]]></system-out>
  <system-err><![CDATA[]]></system-err>
</testsuite>
