<?xml version="1.0" encoding="UTF-8"?>
<testsuite name="com.dotcms.rest.elasticsearch.ESContentResourcePortletTest" tests="8" skipped="0" failures="0" errors="0" timestamp="2023-07-04T01:32:49" hostname="fv-az613-350" time="7.645">
  <properties/>
  <testcase name="test_search_includeGrandChildCategory_success" classname="com.dotcms.rest.elasticsearch.ESContentResourcePortletTest" time="1.357"/>
  <testcase name="testSearch[0: com.dotcms.rest.elasticsearch.ESContentResourcePortletTest$TestCase@19145554]" classname="com.dotcms.rest.elasticsearch.ESContentResourcePortletTest" time="0.89"/>
  <testcase name="testSearch[1: com.dotcms.rest.elasticsearch.ESContentResourcePortletTest$TestCase@2d7329af]" classname="com.dotcms.rest.elasticsearch.ESContentResourcePortletTest" time="1.268"/>
  <testcase name="testSearch[2: com.dotcms.rest.elasticsearch.ESContentResourcePortletTest$TestCase@4bdc8ba2]" classname="com.dotcms.rest.elasticsearch.ESContentResourcePortletTest" time="0.889"/>
  <testcase name="testSearch[3: com.dotcms.rest.elasticsearch.ESContentResourcePortletTest$TestCase@119241d6]" classname="com.dotcms.rest.elasticsearch.ESContentResourcePortletTest" time="0.255"/>
  <testcase name="testSearch[4: com.dotcms.rest.elasticsearch.ESContentResourcePortletTest$TestCase@2a971845]" classname="com.dotcms.rest.elasticsearch.ESContentResourcePortletTest" time="1.247"/>
  <testcase name="testSearch[5: com.dotcms.rest.elasticsearch.ESContentResourcePortletTest$TestCase@1e9d72e9]" classname="com.dotcms.rest.elasticsearch.ESContentResourcePortletTest" time="0.885"/>
  <testcase name="testSearch[6: com.dotcms.rest.elasticsearch.ESContentResourcePortletTest$TestCase@31b36b03]" classname="com.dotcms.rest.elasticsearch.ESContentResourcePortletTest" time="0.854"/>
  <system-out><![CDATA[]]></system-out>
  <system-err><![CDATA[]]></system-err>
</testsuite>
