<?xml version="1.0" encoding="UTF-8"?>
<testsuite name="com.dotcms.rest.api.v1.vtl.VTLResourceIntegrationTest" tests="6" skipped="0" failures="0" errors="0" timestamp="2023-07-03T17:24:08" hostname="fv-az313-710" time="12.072">
  <properties/>
  <testcase name="testGet[0: com.dotcms.rest.api.v1.vtl.VTLResourceTestCase@20b23b4a]" classname="com.dotcms.rest.api.v1.vtl.VTLResourceIntegrationTest" time="2.265"/>
  <testcase name="testGet[1: com.dotcms.rest.api.v1.vtl.VTLResourceTestCase@37713b85]" classname="com.dotcms.rest.api.v1.vtl.VTLResourceIntegrationTest" time="1.884"/>
  <testcase name="testGet[2: com.dotcms.rest.api.v1.vtl.VTLResourceTestCase@2867874b]" classname="com.dotcms.rest.api.v1.vtl.VTLResourceIntegrationTest" time="2.06"/>
  <testcase name="testGet[3: com.dotcms.rest.api.v1.vtl.VTLResourceTestCase@3dadd5b5]" classname="com.dotcms.rest.api.v1.vtl.VTLResourceIntegrationTest" time="2.065"/>
  <testcase name="testGet[4: com.dotcms.rest.api.v1.vtl.VTLResourceTestCase@c74c121]" classname="com.dotcms.rest.api.v1.vtl.VTLResourceIntegrationTest" time="1.828"/>
  <testcase name="testGet[5: com.dotcms.rest.api.v1.vtl.VTLResourceTestCase@32677e39]" classname="com.dotcms.rest.api.v1.vtl.VTLResourceIntegrationTest" time="1.969"/>
  <system-out><![CDATA[]]></system-out>
  <system-err><![CDATA[]]></system-err>
</testsuite>
