<?xml version="1.0" encoding="UTF-8"?>
<testsuite name="com.dotmarketing.portlets.structure.model.ContentletRelationshipsTest" tests="7" skipped="0" failures="0" errors="0" timestamp="2023-07-13T19:13:28" hostname="fv-az254-636" time="9.775">
  <properties/>
  <testcase name="testDoesAllowOnlyOne[0: com.dotmarketing.portlets.structure.model.ContentletRelationshipsTest$CardinalityTestCase@4bebabcf]" classname="com.dotmarketing.portlets.structure.model.ContentletRelationshipsTest" time="0.553"/>
  <testcase name="testDoesAllowOnlyOne[1: com.dotmarketing.portlets.structure.model.ContentletRelationshipsTest$CardinalityTestCase@4f803fd9]" classname="com.dotmarketing.portlets.structure.model.ContentletRelationshipsTest" time="0.508"/>
  <testcase name="testDoesAllowOnlyOne[2: com.dotmarketing.portlets.structure.model.ContentletRelationshipsTest$CardinalityTestCase@18c5647d]" classname="com.dotmarketing.portlets.structure.model.ContentletRelationshipsTest" time="0.517"/>
  <testcase name="testGetRelationshipRecords[0: com.dotmarketing.portlets.structure.model.ContentletRelationshipsTest$TestCase@1b3b22a7]" classname="com.dotmarketing.portlets.structure.model.ContentletRelationshipsTest" time="2.188"/>
  <testcase name="testGetRelationshipRecords[1: com.dotmarketing.portlets.structure.model.ContentletRelationshipsTest$TestCase@d9847dc]" classname="com.dotmarketing.portlets.structure.model.ContentletRelationshipsTest" time="2.088"/>
  <testcase name="testGetRelationshipRecords[2: com.dotmarketing.portlets.structure.model.ContentletRelationshipsTest$TestCase@43a8cf41]" classname="com.dotmarketing.portlets.structure.model.ContentletRelationshipsTest" time="1.973"/>
  <testcase name="testGetRelationshipRecords[3: com.dotmarketing.portlets.structure.model.ContentletRelationshipsTest$TestCase@707dadc5]" classname="com.dotmarketing.portlets.structure.model.ContentletRelationshipsTest" time="1.946"/>
  <system-out><![CDATA[]]></system-out>
  <system-err><![CDATA[]]></system-err>
</testsuite>
