<?xml version="1.0" encoding="UTF-8"?>
<testsuite name="com.dotcms.enterprise.publishing.staticpublishing.LanguageFolderTest" tests="5" skipped="0" failures="0" errors="0" timestamp="2023-07-18T01:26:07" hostname="fv-az877-612" time="0.003">
  <properties/>
  <testcase name="testCompareTo[0: com.dotcms.enterprise.publishing.staticpublishing.LanguageFolderTest$TestCase@684bd637]" classname="com.dotcms.enterprise.publishing.staticpublishing.LanguageFolderTest" time="0.001"/>
  <testcase name="testCompareTo[1: com.dotcms.enterprise.publishing.staticpublishing.LanguageFolderTest$TestCase@585ed134]" classname="com.dotcms.enterprise.publishing.staticpublishing.LanguageFolderTest" time="0.0"/>
  <testcase name="testCompareTo[2: com.dotcms.enterprise.publishing.staticpublishing.LanguageFolderTest$TestCase@3f0e0ec8]" classname="com.dotcms.enterprise.publishing.staticpublishing.LanguageFolderTest" time="0.001"/>
  <testcase name="testCompareTo[3: com.dotcms.enterprise.publishing.staticpublishing.LanguageFolderTest$TestCase@7e16e5e7]" classname="com.dotcms.enterprise.publishing.staticpublishing.LanguageFolderTest" time="0.001"/>
  <testcase name="testCompareTo[4: com.dotcms.enterprise.publishing.staticpublishing.LanguageFolderTest$TestCase@48da6e7c]" classname="com.dotcms.enterprise.publishing.staticpublishing.LanguageFolderTest" time="0.0"/>
  <system-out><![CDATA[]]></system-out>
  <system-err><![CDATA[]]></system-err>
</testsuite>
