<?xml version="1.0" encoding="UTF-8"?>
<testsuite name="com.dotcms.contenttype.test.ContentResourceTest" tests="52" skipped="0" failures="0" errors="0" timestamp="2023-06-29T01:47:29" hostname="fv-az445-202" time="129.43">
  <properties/>
  <testcase name="testGetContentShouldReturnIconDetails" classname="com.dotcms.contenttype.test.ContentResourceTest" time="1.512"/>
  <testcase name="Test_Save_Action_Set_Words_To_Required_NumericField_Issue_15340" classname="com.dotcms.contenttype.test.ContentResourceTest" time="0.901"/>
  <testcase name="test_getContent_includeGrandChildCategory_success" classname="com.dotcms.contenttype.test.ContentResourceTest" time="1.25"/>
  <testcase name="testGetContentWithRelatedParameter[0: com.dotcms.contenttype.test.ContentResourceTest$PullRelatedTestCase@4aa60a98]" classname="com.dotcms.contenttype.test.ContentResourceTest" time="3.418"/>
  <testcase name="testGetContentWithRelatedParameter[1: com.dotcms.contenttype.test.ContentResourceTest$PullRelatedTestCase@1d46ddb3]" classname="com.dotcms.contenttype.test.ContentResourceTest" time="3.479"/>
  <testcase name="testGetContentWithRelatedParameter[2: com.dotcms.contenttype.test.ContentResourceTest$PullRelatedTestCase@6e0962ab]" classname="com.dotcms.contenttype.test.ContentResourceTest" time="3.493"/>
  <testcase name="testGetContentWithRelatedParameter[3: com.dotcms.contenttype.test.ContentResourceTest$PullRelatedTestCase@52d67c79]" classname="com.dotcms.contenttype.test.ContentResourceTest" time="3.336"/>
  <testcase name="testGetContentWithRelatedParameter[4: com.dotcms.contenttype.test.ContentResourceTest$PullRelatedTestCase@285e4e71]" classname="com.dotcms.contenttype.test.ContentResourceTest" time="3.515"/>
  <testcase name="test_getContent_SelfRelatedWith3LevelsOfDepth_shouldReturnRelationships" classname="com.dotcms.contenttype.test.ContentResourceTest" time="1.232"/>
  <testcase name="Test_Save_Action_Send_Fields_SubSet_Issue_15340" classname="com.dotcms.contenttype.test.ContentResourceTest" time="2.845"/>
  <testcase name="test_getContent_shouldReturnRelationships[0: com.dotcms.contenttype.test.ContentResourceTest$TestCase@35ea58c]" classname="com.dotcms.contenttype.test.ContentResourceTest" time="2.606"/>
  <testcase name="test_getContent_shouldReturnRelationships[1: com.dotcms.contenttype.test.ContentResourceTest$TestCase@26e79376]" classname="com.dotcms.contenttype.test.ContentResourceTest" time="2.555"/>
  <testcase name="test_getContent_shouldReturnRelationships[2: com.dotcms.contenttype.test.ContentResourceTest$TestCase@47331667]" classname="com.dotcms.contenttype.test.ContentResourceTest" time="2.569"/>
  <testcase name="test_getContent_shouldReturnRelationships[3: com.dotcms.contenttype.test.ContentResourceTest$TestCase@1dc4e536]" classname="com.dotcms.contenttype.test.ContentResourceTest" time="2.575"/>
  <testcase name="test_getContent_shouldReturnRelationships[4: com.dotcms.contenttype.test.ContentResourceTest$TestCase@6bc051c7]" classname="com.dotcms.contenttype.test.ContentResourceTest" time="2.655"/>
  <testcase name="test_getContent_shouldReturnRelationships[5: com.dotcms.contenttype.test.ContentResourceTest$TestCase@71a603ea]" classname="com.dotcms.contenttype.test.ContentResourceTest" time="2.472"/>
  <testcase name="test_getContent_shouldReturnRelationships[6: com.dotcms.contenttype.test.ContentResourceTest$TestCase@2e79a397]" classname="com.dotcms.contenttype.test.ContentResourceTest" time="2.568"/>
  <testcase name="test_getContent_shouldReturnRelationships[7: com.dotcms.contenttype.test.ContentResourceTest$TestCase@14ae1e3b]" classname="com.dotcms.contenttype.test.ContentResourceTest" time="2.575"/>
  <testcase name="test_getContent_shouldReturnRelationships[8: com.dotcms.contenttype.test.ContentResourceTest$TestCase@7d893b00]" classname="com.dotcms.contenttype.test.ContentResourceTest" time="2.716"/>
  <testcase name="test_getContent_shouldReturnRelationships[9: com.dotcms.contenttype.test.ContentResourceTest$TestCase@3c71de08]" classname="com.dotcms.contenttype.test.ContentResourceTest" time="2.713"/>
  <testcase name="test_getContent_shouldReturnRelationships[10: com.dotcms.contenttype.test.ContentResourceTest$TestCase@5ff7a70a]" classname="com.dotcms.contenttype.test.ContentResourceTest" time="2.573"/>
  <testcase name="test_getContent_shouldReturnRelationships[11: com.dotcms.contenttype.test.ContentResourceTest$TestCase@3bcc2509]" classname="com.dotcms.contenttype.test.ContentResourceTest" time="2.499"/>
  <testcase name="test_getContent_shouldReturnRelationships[12: com.dotcms.contenttype.test.ContentResourceTest$TestCase@fa9584b]" classname="com.dotcms.contenttype.test.ContentResourceTest" time="2.467"/>
  <testcase name="test_getContent_shouldReturnRelationships[13: com.dotcms.contenttype.test.ContentResourceTest$TestCase@3d9a5628]" classname="com.dotcms.contenttype.test.ContentResourceTest" time="2.449"/>
  <testcase name="test_getContent_shouldReturnRelationships[14: com.dotcms.contenttype.test.ContentResourceTest$TestCase@5f376966]" classname="com.dotcms.contenttype.test.ContentResourceTest" time="2.469"/>
  <testcase name="test_getContent_shouldReturnRelationships[15: com.dotcms.contenttype.test.ContentResourceTest$TestCase@509ebe4]" classname="com.dotcms.contenttype.test.ContentResourceTest" time="3.472"/>
  <testcase name="test_getContent_shouldReturnRelationships[16: com.dotcms.contenttype.test.ContentResourceTest$TestCase@40a7900e]" classname="com.dotcms.contenttype.test.ContentResourceTest" time="3.594"/>
  <testcase name="test_getContent_shouldReturnRelationships[17: com.dotcms.contenttype.test.ContentResourceTest$TestCase@2f63a524]" classname="com.dotcms.contenttype.test.ContentResourceTest" time="2.804"/>
  <testcase name="test_getContent_shouldReturnRelationships[18: com.dotcms.contenttype.test.ContentResourceTest$TestCase@4bfb95f7]" classname="com.dotcms.contenttype.test.ContentResourceTest" time="2.842"/>
  <testcase name="test_getContent_shouldReturnRelationships[19: com.dotcms.contenttype.test.ContentResourceTest$TestCase@16701a7]" classname="com.dotcms.contenttype.test.ContentResourceTest" time="2.797"/>
  <testcase name="test_getContent_shouldReturnRelationships[20: com.dotcms.contenttype.test.ContentResourceTest$TestCase@7d3cd665]" classname="com.dotcms.contenttype.test.ContentResourceTest" time="3.077"/>
  <testcase name="test_getContent_shouldReturnRelationships[21: com.dotcms.contenttype.test.ContentResourceTest$TestCase@4fc40663]" classname="com.dotcms.contenttype.test.ContentResourceTest" time="2.806"/>
  <testcase name="test_getContent_shouldReturnRelationships[22: com.dotcms.contenttype.test.ContentResourceTest$TestCase@58077641]" classname="com.dotcms.contenttype.test.ContentResourceTest" time="2.752"/>
  <testcase name="test_getContent_shouldReturnRelationships[23: com.dotcms.contenttype.test.ContentResourceTest$TestCase@61d43edf]" classname="com.dotcms.contenttype.test.ContentResourceTest" time="1.732"/>
  <testcase name="test_getContent_shouldReturnRelationships[24: com.dotcms.contenttype.test.ContentResourceTest$TestCase@7a40437e]" classname="com.dotcms.contenttype.test.ContentResourceTest" time="2.897"/>
  <testcase name="test_getContent_shouldReturnRelationships[25: com.dotcms.contenttype.test.ContentResourceTest$TestCase@15d8a54b]" classname="com.dotcms.contenttype.test.ContentResourceTest" time="1.906"/>
  <testcase name="test_getContent_shouldReturnRelationships[26: com.dotcms.contenttype.test.ContentResourceTest$TestCase@768e6ccf]" classname="com.dotcms.contenttype.test.ContentResourceTest" time="2.807"/>
  <testcase name="test_getContent_shouldReturnRelationships[27: com.dotcms.contenttype.test.ContentResourceTest$TestCase@366c9607]" classname="com.dotcms.contenttype.test.ContentResourceTest" time="2.551"/>
  <testcase name="test_getContent_shouldReturnRelationships[28: com.dotcms.contenttype.test.ContentResourceTest$TestCase@4e4f7807]" classname="com.dotcms.contenttype.test.ContentResourceTest" time="2.658"/>
  <testcase name="test_getContent_shouldReturnRelationships[29: com.dotcms.contenttype.test.ContentResourceTest$TestCase@1e6d7e78]" classname="com.dotcms.contenttype.test.ContentResourceTest" time="2.634"/>
  <testcase name="test_getContent_shouldReturnRelationships[30: com.dotcms.contenttype.test.ContentResourceTest$TestCase@1b00916e]" classname="com.dotcms.contenttype.test.ContentResourceTest" time="2.581"/>
  <testcase name="test_getContent_shouldReturnRelationships[31: com.dotcms.contenttype.test.ContentResourceTest$TestCase@498ee0a7]" classname="com.dotcms.contenttype.test.ContentResourceTest" time="2.569"/>
  <testcase name="test_getContent_shouldReturnRelationships[32: com.dotcms.contenttype.test.ContentResourceTest$TestCase@7c3426d1]" classname="com.dotcms.contenttype.test.ContentResourceTest" time="3.603"/>
  <testcase name="test_getContent_shouldReturnRelationships[33: com.dotcms.contenttype.test.ContentResourceTest$TestCase@95f0991]" classname="com.dotcms.contenttype.test.ContentResourceTest" time="3.574"/>
  <testcase name="testSinglePOST_InvalidParamsShouldReturn400[0: ({\n    &quot;stInode&quot; : &quot;InvalidValue&quot;,\n    &quot;numeric&quot; : &quot;0&quot;,\n    &quot;image&quot; : &quot;whatever&quot;\n}, Bad Request)]" classname="com.dotcms.contenttype.test.ContentResourceTest" time="0.877"/>
  <testcase name="testSinglePOST_InvalidParamsShouldReturn400[1: ({\n    &quot;numeric&quot; : &quot;0&quot;,\n    &quot;image&quot; : &quot;whatever&quot;\n}, Bad Request)]" classname="com.dotcms.contenttype.test.ContentResourceTest" time="0.856"/>
  <testcase name="Test_Save_Action_Set_Null_To_Required_NumericField_Issue_15340" classname="com.dotcms.contenttype.test.ContentResourceTest" time="0.895"/>
  <testcase name="Test_Save_Action_Remove_Image_Then_Verify_Fields_Were_Cleared_Issue_15340" classname="com.dotcms.contenttype.test.ContentResourceTest" time="2.73"/>
  <testcase name="test_getContentWithMultipleSelfRelated_shouldReturnRelationships[0: com.dotcms.contenttype.test.ContentResourceTest$PullSelfRelatedTestCase@287e3393]" classname="com.dotcms.contenttype.test.ContentResourceTest" time="1.519"/>
  <testcase name="test_getContentWithMultipleSelfRelated_shouldReturnRelationships[1: com.dotcms.contenttype.test.ContentResourceTest$PullSelfRelatedTestCase@75a18ae3]" classname="com.dotcms.contenttype.test.ContentResourceTest" time="1.673"/>
  <testcase name="testGetContentWithAllCategoriesInfo[0: json]" classname="com.dotcms.contenttype.test.ContentResourceTest" time="1.375"/>
  <testcase name="testGetContentWithAllCategoriesInfo[1: xml]" classname="com.dotcms.contenttype.test.ContentResourceTest" time="2.399"/>
  <system-out><![CDATA[











]]></system-out>
  <system-err><![CDATA[]]></system-err>
</testsuite>
