<?xml version="1.0" encoding="UTF-8"?>
<testsuite name="com.dotcms.rendering.velocity.viewtools.WorkflowToolTest" tests="2" skipped="0" failures="0" errors="0" timestamp="2023-07-03T17:33:25" hostname="fv-az564-656" time="2.832">
  <properties/>
  <testcase name="testFire[0: com.dotcms.rendering.velocity.viewtools.WorkflowToolFireTestCase@46f8f2e5]" classname="com.dotcms.rendering.velocity.viewtools.WorkflowToolTest" time="1.486"/>
  <testcase name="testFire[1: com.dotcms.rendering.velocity.viewtools.WorkflowToolFireTestCase@6dd2bd72]" classname="com.dotcms.rendering.velocity.viewtools.WorkflowToolTest" time="1.345"/>
  <system-out><![CDATA[]]></system-out>
  <system-err><![CDATA[]]></system-err>
</testsuite>
