<?xml version="1.0" encoding="UTF-8"?>
<testsuite name="com.dotcms.rest.elasticsearch.ESContentResourcePortletTest" tests="8" skipped="0" failures="0" errors="0" timestamp="2023-06-29T21:38:37" hostname="fv-az216-434" time="8.8">
  <properties/>
  <testcase name="test_search_includeGrandChildCategory_success" classname="com.dotcms.rest.elasticsearch.ESContentResourcePortletTest" time="1.489"/>
  <testcase name="testSearch[0: com.dotcms.rest.elasticsearch.ESContentResourcePortletTest$TestCase@69cfab65]" classname="com.dotcms.rest.elasticsearch.ESContentResourcePortletTest" time="1.053"/>
  <testcase name="testSearch[1: com.dotcms.rest.elasticsearch.ESContentResourcePortletTest$TestCase@40e3fce2]" classname="com.dotcms.rest.elasticsearch.ESContentResourcePortletTest" time="1.396"/>
  <testcase name="testSearch[2: com.dotcms.rest.elasticsearch.ESContentResourcePortletTest$TestCase@1cb22915]" classname="com.dotcms.rest.elasticsearch.ESContentResourcePortletTest" time="1.031"/>
  <testcase name="testSearch[3: com.dotcms.rest.elasticsearch.ESContentResourcePortletTest$TestCase@288567ca]" classname="com.dotcms.rest.elasticsearch.ESContentResourcePortletTest" time="1.285"/>
  <testcase name="testSearch[4: com.dotcms.rest.elasticsearch.ESContentResourcePortletTest$TestCase@3c85753c]" classname="com.dotcms.rest.elasticsearch.ESContentResourcePortletTest" time="0.39"/>
  <testcase name="testSearch[5: com.dotcms.rest.elasticsearch.ESContentResourcePortletTest$TestCase@63de8aa2]" classname="com.dotcms.rest.elasticsearch.ESContentResourcePortletTest" time="1.121"/>
  <testcase name="testSearch[6: com.dotcms.rest.elasticsearch.ESContentResourcePortletTest$TestCase@6ea9ed4d]" classname="com.dotcms.rest.elasticsearch.ESContentResourcePortletTest" time="1.033"/>
  <system-out><![CDATA[]]></system-out>
  <system-err><![CDATA[]]></system-err>
</testsuite>
