<?xml version="1.0" encoding="UTF-8"?>
<testsuite name="com.dotcms.rest.api.v1.vtl.VTLResourceIntegrationTest" tests="6" skipped="0" failures="0" errors="0" timestamp="2023-06-26T16:52:30" hostname="fv-az341-169" time="10.908">
  <properties/>
  <testcase name="testGet[0: com.dotcms.rest.api.v1.vtl.VTLResourceTestCase@36555ae9]" classname="com.dotcms.rest.api.v1.vtl.VTLResourceIntegrationTest" time="2.087"/>
  <testcase name="testGet[1: com.dotcms.rest.api.v1.vtl.VTLResourceTestCase@2b5a56eb]" classname="com.dotcms.rest.api.v1.vtl.VTLResourceIntegrationTest" time="1.74"/>
  <testcase name="testGet[2: com.dotcms.rest.api.v1.vtl.VTLResourceTestCase@1b545174]" classname="com.dotcms.rest.api.v1.vtl.VTLResourceIntegrationTest" time="2.182"/>
  <testcase name="testGet[3: com.dotcms.rest.api.v1.vtl.VTLResourceTestCase@492506f8]" classname="com.dotcms.rest.api.v1.vtl.VTLResourceIntegrationTest" time="2.044"/>
  <testcase name="testGet[4: com.dotcms.rest.api.v1.vtl.VTLResourceTestCase@55bb8f27]" classname="com.dotcms.rest.api.v1.vtl.VTLResourceIntegrationTest" time="0.874"/>
  <testcase name="testGet[5: com.dotcms.rest.api.v1.vtl.VTLResourceTestCase@2caf7675]" classname="com.dotcms.rest.api.v1.vtl.VTLResourceIntegrationTest" time="1.981"/>
  <system-out><![CDATA[]]></system-out>
  <system-err><![CDATA[]]></system-err>
</testsuite>
