<?xml version="1.0" encoding="UTF-8"?>
<testsuite name="com.dotcms.rest.api.v1.vtl.VTLResourceIntegrationTest" tests="6" skipped="0" failures="0" errors="0" timestamp="2023-07-13T22:10:59" hostname="fv-az362-624" time="9.983">
  <properties/>
  <testcase name="testGet[0: com.dotcms.rest.api.v1.vtl.VTLResourceTestCase@57f98ac5]" classname="com.dotcms.rest.api.v1.vtl.VTLResourceIntegrationTest" time="2.235"/>
  <testcase name="testGet[1: com.dotcms.rest.api.v1.vtl.VTLResourceTestCase@7214535d]" classname="com.dotcms.rest.api.v1.vtl.VTLResourceIntegrationTest" time="0.903"/>
  <testcase name="testGet[2: com.dotcms.rest.api.v1.vtl.VTLResourceTestCase@432f43bf]" classname="com.dotcms.rest.api.v1.vtl.VTLResourceIntegrationTest" time="1.876"/>
  <testcase name="testGet[3: com.dotcms.rest.api.v1.vtl.VTLResourceTestCase@3e5c0ea8]" classname="com.dotcms.rest.api.v1.vtl.VTLResourceIntegrationTest" time="1.166"/>
  <testcase name="testGet[4: com.dotcms.rest.api.v1.vtl.VTLResourceTestCase@25681404]" classname="com.dotcms.rest.api.v1.vtl.VTLResourceIntegrationTest" time="1.855"/>
  <testcase name="testGet[5: com.dotcms.rest.api.v1.vtl.VTLResourceTestCase@75b6254f]" classname="com.dotcms.rest.api.v1.vtl.VTLResourceIntegrationTest" time="1.948"/>
  <system-out><![CDATA[]]></system-out>
  <system-err><![CDATA[]]></system-err>
</testsuite>
