<?xml version="1.0" encoding="UTF-8"?>
<testsuite name="com.dotmarketing.business.VersionableFactoryImplTest" tests="10" skipped="0" failures="0" errors="0" timestamp="2023-07-12T19:11:44" hostname="fv-az358-82" time="11.902">
  <properties/>
  <testcase name="findContentletVersionInfo" classname="com.dotmarketing.business.VersionableFactoryImplTest" time="1.063"/>
  <testcase name="createContentletVersionInfoWithNotDefaultVariant" classname="com.dotmarketing.business.VersionableFactoryImplTest" time="1.063"/>
  <testcase name="findContentletVersionInfoInDBWithVariant" classname="com.dotmarketing.business.VersionableFactoryImplTest" time="1.065"/>
  <testcase name="findContentletVersionInfoInDB" classname="com.dotmarketing.business.VersionableFactoryImplTest" time="1.083"/>
  <testcase name="findAllContentletVersionInfoWithVariant" classname="com.dotmarketing.business.VersionableFactoryImplTest" time="1.117"/>
  <testcase name="findContentletByIdentifierAnyLanguageAndVariant" classname="com.dotmarketing.business.VersionableFactoryImplTest" time="2.216"/>
  <testcase name="findContentletVersionInfoWithVariant" classname="com.dotmarketing.business.VersionableFactoryImplTest" time="1.063"/>
  <testcase name="findContentletVersionInfoCacheWithVariant" classname="com.dotmarketing.business.VersionableFactoryImplTest" time="1.071"/>
  <testcase name="findContentletVersionInfoCache" classname="com.dotmarketing.business.VersionableFactoryImplTest" time="1.091"/>
  <testcase name="createContentletVersionInfoWithDefaultVariant" classname="com.dotmarketing.business.VersionableFactoryImplTest" time="1.07"/>
  <system-out><![CDATA[]]></system-out>
  <system-err><![CDATA[]]></system-err>
</testsuite>
