<?xml version="1.0" encoding="UTF-8"?>
<testsuite name="com.dotcms.rendering.velocity.viewtools.content.util.ContentUtilsTest" tests="89" skipped="0" failures="1" errors="0" timestamp="2023-06-28T00:21:39" hostname="fv-az614-690" time="398.056">
  <properties/>
  <testcase name="whenTheTimeMachineDateIsNullAndPublishDateInFutureShouldNotReturnAnything" classname="com.dotcms.rendering.velocity.viewtools.content.util.ContentUtilsTest" time="3.009"/>
  <testcase name="test_find_multilingual_contentlet_getContentletSuccessfully" classname="com.dotcms.rendering.velocity.viewtools.content.util.ContentUtilsTest" time="2.065">
    <failure message="java.lang.NullPointerException" type="java.lang.NullPointerException">java.lang.NullPointerException
	at com.dotcms.rendering.velocity.viewtools.content.util.ContentUtils.find(ContentUtils.java:157)
	at com.dotcms.rendering.velocity.viewtools.content.util.ContentUtils.find(ContentUtils.java:83)
	at com.dotcms.rendering.velocity.viewtools.content.util.ContentUtilsTest.test_find_multilingual_contentlet_getContentletSuccessfully(ContentUtilsTest.java:997)
	at java.base/jdk.internal.reflect.NativeMethodAccessorImpl.invoke0(Native Method)
	at java.base/jdk.internal.reflect.NativeMethodAccessorImpl.invoke(NativeMethodAccessorImpl.java:62)
	at java.base/jdk.internal.reflect.DelegatingMethodAccessorImpl.invoke(DelegatingMethodAccessorImpl.java:43)
	at java.base/java.lang.reflect.Method.invoke(Method.java:566)
	at org.junit.runners.model.FrameworkMethod$1.runReflectiveCall(FrameworkMethod.java:59)
	at org.junit.internal.runners.model.ReflectiveCallable.run(ReflectiveCallable.java:12)
	at org.junit.runners.model.FrameworkMethod.invokeExplosively(FrameworkMethod.java:56)
	at org.junit.internal.runners.statements.InvokeMethod.evaluate(InvokeMethod.java:17)
	at org.junit.runners.ParentRunner$3.evaluate(ParentRunner.java:306)
	at org.junit.rules.TestWatcher$1.evaluate(TestWatcher.java:61)
	at org.junit.rules.RunRules.evaluate(RunRules.java:20)
	at org.junit.runners.ParentRunner.runLeaf(ParentRunner.java:366)
	at com.dotcms.junit.CustomDataProviderRunner.runChild(CustomDataProviderRunner.java:41)
	at com.dotcms.junit.CustomDataProviderRunner.runChild(CustomDataProviderRunner.java:26)
	at org.junit.runners.ParentRunner$4.run(ParentRunner.java:331)
	at org.junit.runners.ParentRunner$1.schedule(ParentRunner.java:79)
	at org.junit.runners.ParentRunner.runChildren(ParentRunner.java:329)
	at org.junit.runners.ParentRunner.access$100(ParentRunner.java:66)
	at org.junit.runners.ParentRunner$2.evaluate(ParentRunner.java:293)
	at org.junit.internal.runners.statements.RunBefores.evaluate(RunBefores.java:26)
	at org.junit.runners.ParentRunner$3.evaluate(ParentRunner.java:306)
	at org.junit.runners.ParentRunner.run(ParentRunner.java:413)
	at com.dotcms.junit.MainBaseSuite$DotRunner.run(MainBaseSuite.java:71)
	at org.junit.runners.Suite.runChild(Suite.java:128)
	at org.junit.runners.Suite.runChild(Suite.java:27)
	at org.junit.runners.ParentRunner$4.run(ParentRunner.java:331)
	at org.junit.runners.ParentRunner$1.schedule(ParentRunner.java:79)
	at org.junit.runners.ParentRunner.runChildren(ParentRunner.java:329)
	at org.junit.runners.ParentRunner.access$100(ParentRunner.java:66)
	at org.junit.runners.ParentRunner$2.evaluate(ParentRunner.java:293)
	at org.junit.runners.ParentRunner$3.evaluate(ParentRunner.java:306)
	at org.junit.runners.ParentRunner.run(ParentRunner.java:413)
	at org.gradle.api.internal.tasks.testing.junit.JUnitTestClassExecutor.runTestClass(JUnitTestClassExecutor.java:110)
	at org.gradle.api.internal.tasks.testing.junit.JUnitTestClassExecutor.execute(JUnitTestClassExecutor.java:58)
	at org.gradle.api.internal.tasks.testing.junit.JUnitTestClassExecutor.execute(JUnitTestClassExecutor.java:38)
	at org.gradle.api.internal.tasks.testing.junit.AbstractJUnitTestClassProcessor.processTestClass(AbstractJUnitTestClassProcessor.java:62)
	at org.gradle.api.internal.tasks.testing.SuiteTestClassProcessor.processTestClass(SuiteTestClassProcessor.java:51)
	at java.base/jdk.internal.reflect.NativeMethodAccessorImpl.invoke0(Native Method)
	at java.base/jdk.internal.reflect.NativeMethodAccessorImpl.invoke(NativeMethodAccessorImpl.java:62)
	at java.base/jdk.internal.reflect.DelegatingMethodAccessorImpl.invoke(DelegatingMethodAccessorImpl.java:43)
	at java.base/java.lang.reflect.Method.invoke(Method.java:566)
	at org.gradle.internal.dispatch.ReflectionDispatch.dispatch(ReflectionDispatch.java:36)
	at org.gradle.internal.dispatch.ReflectionDispatch.dispatch(ReflectionDispatch.java:24)
	at org.gradle.internal.dispatch.ContextClassLoaderDispatch.dispatch(ContextClassLoaderDispatch.java:33)
	at org.gradle.internal.dispatch.ProxyDispatchAdapter$DispatchingInvocationHandler.invoke(ProxyDispatchAdapter.java:94)
	at com.sun.proxy.$Proxy5.processTestClass(Unknown Source)
	at org.gradle.api.internal.tasks.testing.worker.TestWorker$2.run(TestWorker.java:176)
	at org.gradle.api.internal.tasks.testing.worker.TestWorker.executeAndMaintainThreadName(TestWorker.java:129)
	at org.gradle.api.internal.tasks.testing.worker.TestWorker.execute(TestWorker.java:100)
	at org.gradle.api.internal.tasks.testing.worker.TestWorker.execute(TestWorker.java:60)
	at org.gradle.process.internal.worker.child.ActionExecutionWorker.execute(ActionExecutionWorker.java:56)
	at org.gradle.process.internal.worker.child.SystemApplicationClassLoaderWorker.call(SystemApplicationClassLoaderWorker.java:133)
	at org.gradle.process.internal.worker.child.SystemApplicationClassLoaderWorker.call(SystemApplicationClassLoaderWorker.java:71)
	at worker.org.gradle.process.internal.worker.GradleWorkerMain.run(GradleWorkerMain.java:69)
	at worker.org.gradle.process.internal.worker.GradleWorkerMain.main(GradleWorkerMain.java:74)
</failure>
  </testcase>
  <testcase name="whenTheTimeMachineDateAndPublishDateAreTomorrowShouldReturnOneContent" classname="com.dotcms.rendering.velocity.viewtools.content.util.ContentUtilsTest" time="3.116"/>
  <testcase name="testPullRelated[0: com.dotcms.rendering.velocity.viewtools.content.util.ContentUtilsTest$TestCase@10f19ee9]" classname="com.dotcms.rendering.velocity.viewtools.content.util.ContentUtilsTest" time="3.549"/>
  <testcase name="testPullRelated[1: com.dotcms.rendering.velocity.viewtools.content.util.ContentUtilsTest$TestCase@6e3da791]" classname="com.dotcms.rendering.velocity.viewtools.content.util.ContentUtilsTest" time="3.932"/>
  <testcase name="testPullRelated[2: com.dotcms.rendering.velocity.viewtools.content.util.ContentUtilsTest$TestCase@ad0e032]" classname="com.dotcms.rendering.velocity.viewtools.content.util.ContentUtilsTest" time="4.044"/>
  <testcase name="testPullRelated[3: com.dotcms.rendering.velocity.viewtools.content.util.ContentUtilsTest$TestCase@6838eda1]" classname="com.dotcms.rendering.velocity.viewtools.content.util.ContentUtilsTest" time="4.181"/>
  <testcase name="testPullRelated[4: com.dotcms.rendering.velocity.viewtools.content.util.ContentUtilsTest$TestCase@74223099]" classname="com.dotcms.rendering.velocity.viewtools.content.util.ContentUtilsTest" time="3.045"/>
  <testcase name="testPullRelated[5: com.dotcms.rendering.velocity.viewtools.content.util.ContentUtilsTest$TestCase@772010a3]" classname="com.dotcms.rendering.velocity.viewtools.content.util.ContentUtilsTest" time="3.946"/>
  <testcase name="testPullRelated[6: com.dotcms.rendering.velocity.viewtools.content.util.ContentUtilsTest$TestCase@7afcbf05]" classname="com.dotcms.rendering.velocity.viewtools.content.util.ContentUtilsTest" time="3.07"/>
  <testcase name="testPullRelated[7: com.dotcms.rendering.velocity.viewtools.content.util.ContentUtilsTest$TestCase@5506001e]" classname="com.dotcms.rendering.velocity.viewtools.content.util.ContentUtilsTest" time="3.142"/>
  <testcase name="testPullRelated[8: com.dotcms.rendering.velocity.viewtools.content.util.ContentUtilsTest$TestCase@30c544df]" classname="com.dotcms.rendering.velocity.viewtools.content.util.ContentUtilsTest" time="3.833"/>
  <testcase name="testPullRelated[9: com.dotcms.rendering.velocity.viewtools.content.util.ContentUtilsTest$TestCase@4717ff6c]" classname="com.dotcms.rendering.velocity.viewtools.content.util.ContentUtilsTest" time="4.131"/>
  <testcase name="testPullRelated[10: com.dotcms.rendering.velocity.viewtools.content.util.ContentUtilsTest$TestCase@588c741c]" classname="com.dotcms.rendering.velocity.viewtools.content.util.ContentUtilsTest" time="3.117"/>
  <testcase name="testPullRelated[11: com.dotcms.rendering.velocity.viewtools.content.util.ContentUtilsTest$TestCase@3d6f89e3]" classname="com.dotcms.rendering.velocity.viewtools.content.util.ContentUtilsTest" time="3.946"/>
  <testcase name="testPullRelated[12: com.dotcms.rendering.velocity.viewtools.content.util.ContentUtilsTest$TestCase@2716c12d]" classname="com.dotcms.rendering.velocity.viewtools.content.util.ContentUtilsTest" time="4.09"/>
  <testcase name="testPullRelated[13: com.dotcms.rendering.velocity.viewtools.content.util.ContentUtilsTest$TestCase@5f82b63c]" classname="com.dotcms.rendering.velocity.viewtools.content.util.ContentUtilsTest" time="3.915"/>
  <testcase name="testPullRelated[14: com.dotcms.rendering.velocity.viewtools.content.util.ContentUtilsTest$TestCase@64950544]" classname="com.dotcms.rendering.velocity.viewtools.content.util.ContentUtilsTest" time="4.421"/>
  <testcase name="testPullRelated[15: com.dotcms.rendering.velocity.viewtools.content.util.ContentUtilsTest$TestCase@2574b8a4]" classname="com.dotcms.rendering.velocity.viewtools.content.util.ContentUtilsTest" time="3.772"/>
  <testcase name="testPullRelated[16: com.dotcms.rendering.velocity.viewtools.content.util.ContentUtilsTest$TestCase@34fa1a8e]" classname="com.dotcms.rendering.velocity.viewtools.content.util.ContentUtilsTest" time="3.999"/>
  <testcase name="testPullRelated[17: com.dotcms.rendering.velocity.viewtools.content.util.ContentUtilsTest$TestCase@7e83797b]" classname="com.dotcms.rendering.velocity.viewtools.content.util.ContentUtilsTest" time="3.92"/>
  <testcase name="testPullRelated[18: com.dotcms.rendering.velocity.viewtools.content.util.ContentUtilsTest$TestCase@32f0ecca]" classname="com.dotcms.rendering.velocity.viewtools.content.util.ContentUtilsTest" time="4.267"/>
  <testcase name="testPullRelated[19: com.dotcms.rendering.velocity.viewtools.content.util.ContentUtilsTest$TestCase@3241d3a8]" classname="com.dotcms.rendering.velocity.viewtools.content.util.ContentUtilsTest" time="4.014"/>
  <testcase name="testPullRelated[20: com.dotcms.rendering.velocity.viewtools.content.util.ContentUtilsTest$TestCase@568b8104]" classname="com.dotcms.rendering.velocity.viewtools.content.util.ContentUtilsTest" time="3.951"/>
  <testcase name="testPullRelated[21: com.dotcms.rendering.velocity.viewtools.content.util.ContentUtilsTest$TestCase@33a6620f]" classname="com.dotcms.rendering.velocity.viewtools.content.util.ContentUtilsTest" time="3.97"/>
  <testcase name="testPullRelated[22: com.dotcms.rendering.velocity.viewtools.content.util.ContentUtilsTest$TestCase@6054e0d]" classname="com.dotcms.rendering.velocity.viewtools.content.util.ContentUtilsTest" time="4.059"/>
  <testcase name="testPullRelated[23: com.dotcms.rendering.velocity.viewtools.content.util.ContentUtilsTest$TestCase@3a6501f6]" classname="com.dotcms.rendering.velocity.viewtools.content.util.ContentUtilsTest" time="4.048"/>
  <testcase name="testPullRelated[24: com.dotcms.rendering.velocity.viewtools.content.util.ContentUtilsTest$TestCase@30ec341f]" classname="com.dotcms.rendering.velocity.viewtools.content.util.ContentUtilsTest" time="4.075"/>
  <testcase name="testPullRelated[25: com.dotcms.rendering.velocity.viewtools.content.util.ContentUtilsTest$TestCase@305a8e17]" classname="com.dotcms.rendering.velocity.viewtools.content.util.ContentUtilsTest" time="4.01"/>
  <testcase name="testPullRelated[26: com.dotcms.rendering.velocity.viewtools.content.util.ContentUtilsTest$TestCase@1c03cb37]" classname="com.dotcms.rendering.velocity.viewtools.content.util.ContentUtilsTest" time="4.077"/>
  <testcase name="testPullRelated[27: com.dotcms.rendering.velocity.viewtools.content.util.ContentUtilsTest$TestCase@efb03f0]" classname="com.dotcms.rendering.velocity.viewtools.content.util.ContentUtilsTest" time="4.107"/>
  <testcase name="testPullRelated[28: com.dotcms.rendering.velocity.viewtools.content.util.ContentUtilsTest$TestCase@5f6682fc]" classname="com.dotcms.rendering.velocity.viewtools.content.util.ContentUtilsTest" time="3.864"/>
  <testcase name="testPullRelated[29: com.dotcms.rendering.velocity.viewtools.content.util.ContentUtilsTest$TestCase@3b288531]" classname="com.dotcms.rendering.velocity.viewtools.content.util.ContentUtilsTest" time="3.015"/>
  <testcase name="testPullRelated[30: com.dotcms.rendering.velocity.viewtools.content.util.ContentUtilsTest$TestCase@39f0bb10]" classname="com.dotcms.rendering.velocity.viewtools.content.util.ContentUtilsTest" time="4.296"/>
  <testcase name="testPullRelated[31: com.dotcms.rendering.velocity.viewtools.content.util.ContentUtilsTest$TestCase@6fc2db5d]" classname="com.dotcms.rendering.velocity.viewtools.content.util.ContentUtilsTest" time="3.958"/>
  <testcase name="testPullRelated[32: com.dotcms.rendering.velocity.viewtools.content.util.ContentUtilsTest$TestCase@458d53b]" classname="com.dotcms.rendering.velocity.viewtools.content.util.ContentUtilsTest" time="4.051"/>
  <testcase name="testPullRelated[33: com.dotcms.rendering.velocity.viewtools.content.util.ContentUtilsTest$TestCase@7ba6d98c]" classname="com.dotcms.rendering.velocity.viewtools.content.util.ContentUtilsTest" time="3.941"/>
  <testcase name="testPullRelated[34: com.dotcms.rendering.velocity.viewtools.content.util.ContentUtilsTest$TestCase@4732d5d3]" classname="com.dotcms.rendering.velocity.viewtools.content.util.ContentUtilsTest" time="4.216"/>
  <testcase name="testPullRelated[35: com.dotcms.rendering.velocity.viewtools.content.util.ContentUtilsTest$TestCase@3ed3f65b]" classname="com.dotcms.rendering.velocity.viewtools.content.util.ContentUtilsTest" time="3.944"/>
  <testcase name="testPullRelated[36: com.dotcms.rendering.velocity.viewtools.content.util.ContentUtilsTest$TestCase@7ce01db7]" classname="com.dotcms.rendering.velocity.viewtools.content.util.ContentUtilsTest" time="6.29"/>
  <testcase name="testPullRelated[37: com.dotcms.rendering.velocity.viewtools.content.util.ContentUtilsTest$TestCase@3147c11e]" classname="com.dotcms.rendering.velocity.viewtools.content.util.ContentUtilsTest" time="5.928"/>
  <testcase name="testPullRelated[38: com.dotcms.rendering.velocity.viewtools.content.util.ContentUtilsTest$TestCase@600a06a8]" classname="com.dotcms.rendering.velocity.viewtools.content.util.ContentUtilsTest" time="6.133"/>
  <testcase name="testPullRelated[39: com.dotcms.rendering.velocity.viewtools.content.util.ContentUtilsTest$TestCase@414a45dc]" classname="com.dotcms.rendering.velocity.viewtools.content.util.ContentUtilsTest" time="5.159"/>
  <testcase name="testPullRelated[40: com.dotcms.rendering.velocity.viewtools.content.util.ContentUtilsTest$TestCase@3d3be5e7]" classname="com.dotcms.rendering.velocity.viewtools.content.util.ContentUtilsTest" time="6.046"/>
  <testcase name="testPullRelated[41: com.dotcms.rendering.velocity.viewtools.content.util.ContentUtilsTest$TestCase@32fb9c6f]" classname="com.dotcms.rendering.velocity.viewtools.content.util.ContentUtilsTest" time="5.83"/>
  <testcase name="testPullRelated[42: com.dotcms.rendering.velocity.viewtools.content.util.ContentUtilsTest$TestCase@2f4f3de]" classname="com.dotcms.rendering.velocity.viewtools.content.util.ContentUtilsTest" time="6.398"/>
  <testcase name="testPullRelated[43: com.dotcms.rendering.velocity.viewtools.content.util.ContentUtilsTest$TestCase@118322f9]" classname="com.dotcms.rendering.velocity.viewtools.content.util.ContentUtilsTest" time="4.985"/>
  <testcase name="testPullRelated[44: com.dotcms.rendering.velocity.viewtools.content.util.ContentUtilsTest$TestCase@7375f9f3]" classname="com.dotcms.rendering.velocity.viewtools.content.util.ContentUtilsTest" time="5.902"/>
  <testcase name="testPullRelated[45: com.dotcms.rendering.velocity.viewtools.content.util.ContentUtilsTest$TestCase@1d030b16]" classname="com.dotcms.rendering.velocity.viewtools.content.util.ContentUtilsTest" time="6.206"/>
  <testcase name="testPullRelated[46: com.dotcms.rendering.velocity.viewtools.content.util.ContentUtilsTest$TestCase@384c616b]" classname="com.dotcms.rendering.velocity.viewtools.content.util.ContentUtilsTest" time="6.163"/>
  <testcase name="testPullRelated[47: com.dotcms.rendering.velocity.viewtools.content.util.ContentUtilsTest$TestCase@30501871]" classname="com.dotcms.rendering.velocity.viewtools.content.util.ContentUtilsTest" time="6.233"/>
  <testcase name="testPullRelated[48: com.dotcms.rendering.velocity.viewtools.content.util.ContentUtilsTest$TestCase@6c36d5e9]" classname="com.dotcms.rendering.velocity.viewtools.content.util.ContentUtilsTest" time="4.843"/>
  <testcase name="testPullRelated[49: com.dotcms.rendering.velocity.viewtools.content.util.ContentUtilsTest$TestCase@696838c2]" classname="com.dotcms.rendering.velocity.viewtools.content.util.ContentUtilsTest" time="5.036"/>
  <testcase name="testPullRelated[50: com.dotcms.rendering.velocity.viewtools.content.util.ContentUtilsTest$TestCase@32744bbd]" classname="com.dotcms.rendering.velocity.viewtools.content.util.ContentUtilsTest" time="5.143"/>
  <testcase name="testPullRelated[51: com.dotcms.rendering.velocity.viewtools.content.util.ContentUtilsTest$TestCase@2d74e12]" classname="com.dotcms.rendering.velocity.viewtools.content.util.ContentUtilsTest" time="5.884"/>
  <testcase name="testPullRelated[52: com.dotcms.rendering.velocity.viewtools.content.util.ContentUtilsTest$TestCase@58944a3c]" classname="com.dotcms.rendering.velocity.viewtools.content.util.ContentUtilsTest" time="6.316"/>
  <testcase name="testPullRelated[53: com.dotcms.rendering.velocity.viewtools.content.util.ContentUtilsTest$TestCase@7012d7c4]" classname="com.dotcms.rendering.velocity.viewtools.content.util.ContentUtilsTest" time="5.899"/>
  <testcase name="testPullRelated[54: com.dotcms.rendering.velocity.viewtools.content.util.ContentUtilsTest$TestCase@60ab43d8]" classname="com.dotcms.rendering.velocity.viewtools.content.util.ContentUtilsTest" time="6.188"/>
  <testcase name="testPullRelated[55: com.dotcms.rendering.velocity.viewtools.content.util.ContentUtilsTest$TestCase@58b43601]" classname="com.dotcms.rendering.velocity.viewtools.content.util.ContentUtilsTest" time="6.224"/>
  <testcase name="testPullRelated[56: com.dotcms.rendering.velocity.viewtools.content.util.ContentUtilsTest$TestCase@220b4281]" classname="com.dotcms.rendering.velocity.viewtools.content.util.ContentUtilsTest" time="5.972"/>
  <testcase name="testPullRelated[57: com.dotcms.rendering.velocity.viewtools.content.util.ContentUtilsTest$TestCase@44c10df3]" classname="com.dotcms.rendering.velocity.viewtools.content.util.ContentUtilsTest" time="5.92"/>
  <testcase name="testPullRelated[58: com.dotcms.rendering.velocity.viewtools.content.util.ContentUtilsTest$TestCase@7e4e2330]" classname="com.dotcms.rendering.velocity.viewtools.content.util.ContentUtilsTest" time="6.353"/>
  <testcase name="testPullRelated[59: com.dotcms.rendering.velocity.viewtools.content.util.ContentUtilsTest$TestCase@73306c6]" classname="com.dotcms.rendering.velocity.viewtools.content.util.ContentUtilsTest" time="5.937"/>
  <testcase name="testPullRelated[60: com.dotcms.rendering.velocity.viewtools.content.util.ContentUtilsTest$TestCase@7fd443eb]" classname="com.dotcms.rendering.velocity.viewtools.content.util.ContentUtilsTest" time="6.077"/>
  <testcase name="testPullRelated[61: com.dotcms.rendering.velocity.viewtools.content.util.ContentUtilsTest$TestCase@33b67777]" classname="com.dotcms.rendering.velocity.viewtools.content.util.ContentUtilsTest" time="6.101"/>
  <testcase name="testPullRelated[62: com.dotcms.rendering.velocity.viewtools.content.util.ContentUtilsTest$TestCase@3c6e9592]" classname="com.dotcms.rendering.velocity.viewtools.content.util.ContentUtilsTest" time="6.144"/>
  <testcase name="testPullRelated[63: com.dotcms.rendering.velocity.viewtools.content.util.ContentUtilsTest$TestCase@2374a1ef]" classname="com.dotcms.rendering.velocity.viewtools.content.util.ContentUtilsTest" time="5.995"/>
  <testcase name="testPullRelated[64: com.dotcms.rendering.velocity.viewtools.content.util.ContentUtilsTest$TestCase@7e627571]" classname="com.dotcms.rendering.velocity.viewtools.content.util.ContentUtilsTest" time="6.064"/>
  <testcase name="testPullRelated[65: com.dotcms.rendering.velocity.viewtools.content.util.ContentUtilsTest$TestCase@7e6fa805]" classname="com.dotcms.rendering.velocity.viewtools.content.util.ContentUtilsTest" time="6.003"/>
  <testcase name="testPullRelated[66: com.dotcms.rendering.velocity.viewtools.content.util.ContentUtilsTest$TestCase@36e5705f]" classname="com.dotcms.rendering.velocity.viewtools.content.util.ContentUtilsTest" time="6.178"/>
  <testcase name="testPullRelated[67: com.dotcms.rendering.velocity.viewtools.content.util.ContentUtilsTest$TestCase@3018c4b5]" classname="com.dotcms.rendering.velocity.viewtools.content.util.ContentUtilsTest" time="6.061"/>
  <testcase name="testPullRelated[68: com.dotcms.rendering.velocity.viewtools.content.util.ContentUtilsTest$TestCase@5d3cf63a]" classname="com.dotcms.rendering.velocity.viewtools.content.util.ContentUtilsTest" time="5.98"/>
  <testcase name="testPullRelated[69: com.dotcms.rendering.velocity.viewtools.content.util.ContentUtilsTest$TestCase@5e904218]" classname="com.dotcms.rendering.velocity.viewtools.content.util.ContentUtilsTest" time="6.062"/>
  <testcase name="testPullRelated[70: com.dotcms.rendering.velocity.viewtools.content.util.ContentUtilsTest$TestCase@436aa61d]" classname="com.dotcms.rendering.velocity.viewtools.content.util.ContentUtilsTest" time="5.137"/>
  <testcase name="testPullRelated[71: com.dotcms.rendering.velocity.viewtools.content.util.ContentUtilsTest$TestCase@35a1efa9]" classname="com.dotcms.rendering.velocity.viewtools.content.util.ContentUtilsTest" time="5.185"/>
  <testcase name="whenPublishAndExpireDatesAreInTheFutureAndTimeMachineIsAfterBoth" classname="com.dotcms.rendering.velocity.viewtools.content.util.ContentUtilsTest" time="3.163"/>
  <testcase name="testPullRelatedForLegacyRelationship[0: com.dotcms.rendering.velocity.viewtools.content.util.ContentUtilsTest$LegacyTestCase@f164201]" classname="com.dotcms.rendering.velocity.viewtools.content.util.ContentUtilsTest" time="4.632"/>
  <testcase name="testPullRelatedForLegacyRelationship[1: com.dotcms.rendering.velocity.viewtools.content.util.ContentUtilsTest$LegacyTestCase@534a4179]" classname="com.dotcms.rendering.velocity.viewtools.content.util.ContentUtilsTest" time="4.11"/>
  <testcase name="whenTheTimeMachineDateIsAfterTomorrowAndExpireDateIsTomorrowShouldNotReturnContent" classname="com.dotcms.rendering.velocity.viewtools.content.util.ContentUtilsTest" time="3.062"/>
  <testcase name="testPullLiveRelatedWhenLatestVersionIsWorking" classname="com.dotcms.rendering.velocity.viewtools.content.util.ContentUtilsTest" time="2.701"/>
  <testcase name="test_add_relationships_on_parent_children_related_contents" classname="com.dotcms.rendering.velocity.viewtools.content.util.ContentUtilsTest" time="1.574"/>
  <testcase name="testSortPullRelated[0: com.dotcms.rendering.velocity.viewtools.content.util.ContentUtilsTest$SortTestCase@45864f43]" classname="com.dotcms.rendering.velocity.viewtools.content.util.ContentUtilsTest" time="1.505"/>
  <testcase name="testSortPullRelated[1: com.dotcms.rendering.velocity.viewtools.content.util.ContentUtilsTest$SortTestCase@7f603cfd]" classname="com.dotcms.rendering.velocity.viewtools.content.util.ContentUtilsTest" time="2.773"/>
  <testcase name="testSortPullRelated[2: com.dotcms.rendering.velocity.viewtools.content.util.ContentUtilsTest$SortTestCase@42db7f5a]" classname="com.dotcms.rendering.velocity.viewtools.content.util.ContentUtilsTest" time="2.701"/>
  <testcase name="testSortPullRelated[3: com.dotcms.rendering.velocity.viewtools.content.util.ContentUtilsTest$SortTestCase@431baff1]" classname="com.dotcms.rendering.velocity.viewtools.content.util.ContentUtilsTest" time="1.61"/>
  <testcase name="testSortPullRelated[4: com.dotcms.rendering.velocity.viewtools.content.util.ContentUtilsTest$SortTestCase@34900c86]" classname="com.dotcms.rendering.velocity.viewtools.content.util.ContentUtilsTest" time="2.712"/>
  <testcase name="testSortPullRelated[5: com.dotcms.rendering.velocity.viewtools.content.util.ContentUtilsTest$SortTestCase@4a69593d]" classname="com.dotcms.rendering.velocity.viewtools.content.util.ContentUtilsTest" time="2.716"/>
  <testcase name="whenTheTimeMachineDateIsAfterTomorrowAndExpireDateIsInFutureShouldReturnContent" classname="com.dotcms.rendering.velocity.viewtools.content.util.ContentUtilsTest" time="3.189"/>
  <testcase name="testPullRelatedFieldShouldRespectDefaultOrder" classname="com.dotcms.rendering.velocity.viewtools.content.util.ContentUtilsTest" time="1.526"/>
  <system-out><![CDATA[]]></system-out>
  <system-err><![CDATA[]]></system-err>
</testsuite>
