<?xml version="1.0" encoding="UTF-8"?>
<testsuite name="com.dotcms.util.ImportUtilTest" tests="39" skipped="1" failures="0" errors="0" timestamp="2023-06-27T20:15:51" hostname="fv-az936-789" time="49.711">
  <properties/>
  <testcase name="importFile_success_when_lineContainsRelationships[0: com.dotcms.util.ImportUtilTest$RelationshipTestCase@10f24138]" classname="com.dotcms.util.ImportUtilTest" time="3.123"/>
  <testcase name="importFile_success_when_lineContainsRelationships[1: com.dotcms.util.ImportUtilTest$RelationshipTestCase@490423c7]" classname="com.dotcms.util.ImportUtilTest" time="2.563"/>
  <testcase name="importFile_success_when_lineContainsRelationships[2: com.dotcms.util.ImportUtilTest$RelationshipTestCase@3b77ad14]" classname="com.dotcms.util.ImportUtilTest" time="2.915"/>
  <testcase name="importFile_success_when_lineContainsRelationships[3: com.dotcms.util.ImportUtilTest$RelationshipTestCase@67f57073]" classname="com.dotcms.util.ImportUtilTest" time="2.729"/>
  <testcase name="importFile_success_when_twoLinesHaveSameUniqueKeysButDifferentLanguage[0: UniqueTitle]" classname="com.dotcms.util.ImportUtilTest" time="0.203"/>
  <testcase name="importFile_success_when_twoLinesHaveSameUniqueKeysButDifferentLanguage[1: A+ Student]" classname="com.dotcms.util.ImportUtilTest" time="0.219"/>
  <testcase name="importFile_success_when_twoLinesHaveSameUniqueKeysButDifferentLanguage[2: aaa-bbb-ccc]" classname="com.dotcms.util.ImportUtilTest" time="0.201"/>
  <testcase name="importFile_success_when_twoLinesHaveSameUniqueKeysButDifferentLanguage[3: valid - field]" classname="com.dotcms.util.ImportUtilTest" time="0.244"/>
  <testcase name="importFile_success_when_twoLinesHaveSameUniqueKeysButDifferentLanguage[4: with &quot; quotes]" classname="com.dotcms.util.ImportUtilTest" time="0.225"/>
  <testcase name="importFile_success_when_twoLinesHaveSameUniqueKeysButDifferentLanguage[5: with special characters + [ ] { } * ( ) : &amp;&amp; ! | ^ ~ ?]" classname="com.dotcms.util.ImportUtilTest" time="0.202"/>
  <testcase name="importFile_success_when_twoLinesHaveSameUniqueKeysButDifferentLanguage[6: CASEINSENSITIVE]" classname="com.dotcms.util.ImportUtilTest" time="0.201"/>
  <testcase name="importFile_success_when_twoLinesHaveSameUniqueKeysButDifferentLanguage[7: with chinese characters 好 心 面]" classname="com.dotcms.util.ImportUtilTest" time="0.243"/>
  <testcase name="importFile_success_when_twoLinesHaveDifferentUniqueNumberKeys" classname="com.dotcms.util.ImportUtilTest" time="0.271"/>
  <testcase name="importFile_success_when_lineContainsBothSidedSelfRelationship" classname="com.dotcms.util.ImportUtilTest" time="1.936"/>
  <testcase name="importFile_updateRelatedContentWithTheSameIdentifier_doesNotThrowException" classname="com.dotcms.util.ImportUtilTest" time="2.774"/>
  <testcase name="importFile_success_when_importLinesWithShortActionId" classname="com.dotcms.util.ImportUtilTest" time="1.399"/>
  <testcase name="importFile_updateRelatedContentWithEmptyColumn_shouldWipeOutRelatedContentList" classname="com.dotcms.util.ImportUtilTest" time="2.531"/>
  <testcase name="importFileWithwfActionIdAndPartialPermissionsOnActionId_success_when_importLinesWithActionsId_ExceptoOneWithCheckinMethod" classname="com.dotcms.util.ImportUtilTest" time="1.029"/>
  <testcase name="importFile_fails_when_twoLinesHaveSameUniqueKeys[0: UniqueTitle]" classname="com.dotcms.util.ImportUtilTest" time="0.277"/>
  <testcase name="importFile_fails_when_twoLinesHaveSameUniqueKeys[1: A+ Student]" classname="com.dotcms.util.ImportUtilTest" time="0.236"/>
  <testcase name="importFile_fails_when_twoLinesHaveSameUniqueKeys[2: aaa-bbb-ccc]" classname="com.dotcms.util.ImportUtilTest" time="0.243"/>
  <testcase name="importFile_fails_when_twoLinesHaveSameUniqueKeys[3: valid - field]" classname="com.dotcms.util.ImportUtilTest" time="0.234"/>
  <testcase name="importFile_fails_when_twoLinesHaveSameUniqueKeys[4: with &quot; quotes]" classname="com.dotcms.util.ImportUtilTest" time="0.221"/>
  <testcase name="importFile_fails_when_twoLinesHaveSameUniqueKeys[5: with special characters + [ ] { } * ( ) : &amp;&amp; ! | ^ ~ ?]" classname="com.dotcms.util.ImportUtilTest" time="0.219"/>
  <testcase name="importFile_fails_when_twoLinesHaveSameUniqueKeys[6: CASEINSENSITIVE]" classname="com.dotcms.util.ImportUtilTest" time="0.246"/>
  <testcase name="importFile_fails_when_twoLinesHaveSameUniqueKeys[7: with chinese characters 好 心 面]" classname="com.dotcms.util.ImportUtilTest" time="0.236"/>
  <testcase name="importFile_success_when_lineContainsLegacySelfRelatedContent" classname="com.dotcms.util.ImportUtilTest" time="3.108"/>
  <testcase name="importFileWithoutwfActionIdOrWithoutPermissionsOnActionId_success_when_importLinesWithCheckinMethod" classname="com.dotcms.util.ImportUtilTest" time="1.227"/>
  <testcase name="importFile_importBinaryFieldUsingURL_success" classname="com.dotcms.util.ImportUtilTest" time="2.129"/>
  <testcase name="importFile_importContentWithOptionalBinaryField_success" classname="com.dotcms.util.ImportUtilTest" time="1.57"/>
  <testcase name="importFile_fails_when_twoLinesHaveSameUniqueNumberKeys" classname="com.dotcms.util.ImportUtilTest" time="0.22"/>
  <testcase name="importFileWithwfActionIdAndPartialPermissionsOnActionId_success_when_importLinesWithPartialCheckinMethod" classname="com.dotcms.util.ImportUtilTest" time="2.029"/>
  <testcase name="importFile_success_when_importLinesUpdateExistingContent" classname="com.dotcms.util.ImportUtilTest" time="5.539"/>
  <testcase name="importFile_success_when_lineContainsOneSidedSelfRelationship" classname="com.dotcms.util.ImportUtilTest" time="1.377"/>
  <testcase name="importLine_shouldRetainCategoriesIfHeaderNotSent" classname="com.dotcms.util.ImportUtilTest" time="3.955"/>
  <testcase name="importFile_importBinaryFieldUsingURL_failed_URLsareNotValid" classname="com.dotcms.util.ImportUtilTest" time="0.58"/>
  <testcase name="importFile_updateRelatedContentWithoutRelationshipFieldColumn_shouldKeepRelatedContentList" classname="com.dotcms.util.ImportUtilTest" time="2.666"/>
  <testcase name="importFile_success_when_twoLinesHaveDifferentUniqueKeys" classname="com.dotcms.util.ImportUtilTest" time="0.374"/>
  <testcase name="importFile" classname="com.dotcms.util.ImportUtilTest" time="0.0">
    <skipped/>
  </testcase>
  <system-out><![CDATA[]]></system-out>
  <system-err><![CDATA[]]></system-err>
</testsuite>
