<?xml version="1.0" encoding="UTF-8"?>
<testsuite name="com.dotcms.rest.api.v1.temp.TempFileResourceTest" tests="20" skipped="0" failures="0" errors="0" timestamp="2023-07-13T23:41:43" hostname="fv-az408-305" time="1.295">
  <properties/>
  <testcase name="testGetTempFile_fileIsNotReturned_fingerprintIsDifferent[0: com.dotcms.rest.api.v1.temp.TempFileResourceTest$testCaseChangeFingerPrint@20c53a90]" classname="com.dotcms.rest.api.v1.temp.TempFileResourceTest" time="0.024"/>
  <testcase name="testGetTempFile_fileIsNotReturned_fingerprintIsDifferent[1: com.dotcms.rest.api.v1.temp.TempFileResourceTest$testCaseChangeFingerPrint@45dd7564]" classname="com.dotcms.rest.api.v1.temp.TempFileResourceTest" time="0.011"/>
  <testcase name="testGetTempFile_fileIsNotReturned_fingerprintIsDifferent[2: com.dotcms.rest.api.v1.temp.TempFileResourceTest$testCaseChangeFingerPrint@779062b5]" classname="com.dotcms.rest.api.v1.temp.TempFileResourceTest" time="0.005"/>
  <testcase name="testGetTempFile_fileIsNotReturned_fingerprintIsDifferent[3: com.dotcms.rest.api.v1.temp.TempFileResourceTest$testCaseChangeFingerPrint@34098299]" classname="com.dotcms.rest.api.v1.temp.TempFileResourceTest" time="0.004"/>
  <testcase name="testGetTempFile_fileIsNotReturned_fingerprintIsDifferent[4: com.dotcms.rest.api.v1.temp.TempFileResourceTest$testCaseChangeFingerPrint@3d113f32]" classname="com.dotcms.rest.api.v1.temp.TempFileResourceTest" time="0.006"/>
  <testcase name="testGetTempFile_fileIsNotReturned_fingerprintIsDifferent[5: com.dotcms.rest.api.v1.temp.TempFileResourceTest$testCaseChangeFingerPrint@13c90ba1]" classname="com.dotcms.rest.api.v1.temp.TempFileResourceTest" time="0.008"/>
  <testcase name="test_tempResourceapi_test_anonymous_access" classname="com.dotcms.rest.api.v1.temp.TempFileResourceTest" time="0.003"/>
  <testcase name="test_tempResourceAPI_who_can_use_via_userID" classname="com.dotcms.rest.api.v1.temp.TempFileResourceTest" time="0.005"/>
  <testcase name="test_temp_resource_multifile_upload" classname="com.dotcms.rest.api.v1.temp.TempFileResourceTest" time="0.013"/>
  <testcase name="test_tempResourceapi_max_age" classname="com.dotcms.rest.api.v1.temp.TempFileResourceTest" time="0.006"/>
  <testcase name="test_tempResourceapi_test_user_max_filesize" classname="com.dotcms.rest.api.v1.temp.TempFileResourceTest" time="0.002"/>
  <testcase name="temp_resource_makes_it_into_checked_in_content" classname="com.dotcms.rest.api.v1.temp.TempFileResourceTest" time="0.898"/>
  <testcase name="test_TempResource_uploadFileByURL_URLDoesNotExists_returnBadRequest" classname="com.dotcms.rest.api.v1.temp.TempFileResourceTest" time="0.134"/>
  <testcase name="test_tempResourceapi_test_max_filesize" classname="com.dotcms.rest.api.v1.temp.TempFileResourceTest" time="0.012"/>
  <testcase name="test_TempResourceAPI_TempResourceEnabledProperty" classname="com.dotcms.rest.api.v1.temp.TempFileResourceTest" time="0.002"/>
  <testcase name="test_get_max_allowed_filesize_for_users" classname="com.dotcms.rest.api.v1.temp.TempFileResourceTest" time="0.011"/>
  <testcase name="test_TempResource_uploadFileByURL_UrlNotSent_BadRequest" classname="com.dotcms.rest.api.v1.temp.TempFileResourceTest" time="0.002"/>
  <testcase name="test_temp_resource_upload" classname="com.dotcms.rest.api.v1.temp.TempFileResourceTest" time="0.005"/>
  <testcase name="test_tempResourceapi_test_anonymous_max_filesize" classname="com.dotcms.rest.api.v1.temp.TempFileResourceTest" time="0.004"/>
  <testcase name="test_TempResource_uploadFileByURL_success" classname="com.dotcms.rest.api.v1.temp.TempFileResourceTest" time="0.135"/>
  <system-out><![CDATA[]]></system-out>
  <system-err><![CDATA[]]></system-err>
</testsuite>
