<?xml version="1.0" encoding="UTF-8"?>
<testsuite name="com.dotmarketing.servlets.ajax.AjaxDirectorServletIntegrationTest" tests="2" skipped="0" failures="0" errors="0" timestamp="2023-06-22T14:46:35" hostname="fv-az361-657" time="0.745">
  <properties/>
  <testcase name="testService[0: com.dotmarketing.servlets.ajax.AjaxDirectorServletTestCase@712aa52e]" classname="com.dotmarketing.servlets.ajax.AjaxDirectorServletIntegrationTest" time="0.458"/>
  <testcase name="testService[1: com.dotmarketing.servlets.ajax.AjaxDirectorServletTestCase@3905d98d]" classname="com.dotmarketing.servlets.ajax.AjaxDirectorServletIntegrationTest" time="0.287"/>
  <system-out><![CDATA[]]></system-out>
  <system-err><![CDATA[]]></system-err>
</testsuite>
