<?xml version="1.0" encoding="UTF-8"?>
<testsuite name="com.dotmarketing.portlets.structure.model.ContentletRelationshipsTest" tests="7" skipped="0" failures="0" errors="0" timestamp="2023-07-19T23:55:14" hostname="fv-az713-951" time="8.413">
  <properties/>
  <testcase name="testDoesAllowOnlyOne[0: com.dotmarketing.portlets.structure.model.ContentletRelationshipsTest$CardinalityTestCase@7d35b445]" classname="com.dotmarketing.portlets.structure.model.ContentletRelationshipsTest" time="0.515"/>
  <testcase name="testDoesAllowOnlyOne[1: com.dotmarketing.portlets.structure.model.ContentletRelationshipsTest$CardinalityTestCase@7e36f6c6]" classname="com.dotmarketing.portlets.structure.model.ContentletRelationshipsTest" time="0.494"/>
  <testcase name="testDoesAllowOnlyOne[2: com.dotmarketing.portlets.structure.model.ContentletRelationshipsTest$CardinalityTestCase@99be83b]" classname="com.dotmarketing.portlets.structure.model.ContentletRelationshipsTest" time="0.479"/>
  <testcase name="testGetRelationshipRecords[0: com.dotmarketing.portlets.structure.model.ContentletRelationshipsTest$TestCase@1f2d3cf5]" classname="com.dotmarketing.portlets.structure.model.ContentletRelationshipsTest" time="2.108"/>
  <testcase name="testGetRelationshipRecords[1: com.dotmarketing.portlets.structure.model.ContentletRelationshipsTest$TestCase@4fea34c9]" classname="com.dotmarketing.portlets.structure.model.ContentletRelationshipsTest" time="2.001"/>
  <testcase name="testGetRelationshipRecords[2: com.dotmarketing.portlets.structure.model.ContentletRelationshipsTest$TestCase@6a37b34]" classname="com.dotmarketing.portlets.structure.model.ContentletRelationshipsTest" time="0.904"/>
  <testcase name="testGetRelationshipRecords[3: com.dotmarketing.portlets.structure.model.ContentletRelationshipsTest$TestCase@502f81eb]" classname="com.dotmarketing.portlets.structure.model.ContentletRelationshipsTest" time="1.911"/>
  <system-out><![CDATA[]]></system-out>
  <system-err><![CDATA[]]></system-err>
</testsuite>
