<?xml version="1.0" encoding="UTF-8"?>
<testsuite name="com.dotmarketing.tag.business.TagAPITest" tests="27" skipped="0" failures="0" errors="0" timestamp="2023-06-23T19:22:32" hostname="fv-az507-453" time="34.116">
  <properties/>
  <testcase name="removeTagRelationAndTagWhenPossible" classname="com.dotmarketing.tag.business.TagAPITest" time="3.922"/>
  <testcase name="updateTag" classname="com.dotmarketing.tag.business.TagAPITest" time="0.008"/>
  <testcase name="editTag" classname="com.dotmarketing.tag.business.TagAPITest" time="0.005"/>
  <testcase name="validateTagCache" classname="com.dotmarketing.tag.business.TagAPITest" time="3.548"/>
  <testcase name="addTagInode" classname="com.dotmarketing.tag.business.TagAPITest" time="3.795"/>
  <testcase name="getTagsByInode" classname="com.dotmarketing.tag.business.TagAPITest" time="3.7"/>
  <testcase name="addTag" classname="com.dotmarketing.tag.business.TagAPITest" time="0.006"/>
  <testcase name="updateTagReferences" classname="com.dotmarketing.tag.business.TagAPITest" time="2.663"/>
  <testcase name="getTagInodesByInode" classname="com.dotmarketing.tag.business.TagAPITest" time="3.679"/>
  <testcase name="getTagInodesByTagId" classname="com.dotmarketing.tag.business.TagAPITest" time="3.725"/>
  <testcase name="getTagsForUserByUserId" classname="com.dotmarketing.tag.business.TagAPITest" time="0.007"/>
  <testcase name="getTagsInText" classname="com.dotmarketing.tag.business.TagAPITest" time="0.01"/>
  <testcase name="validatePersonaTags" classname="com.dotmarketing.tag.business.TagAPITest" time="1.583"/>
  <testcase name="deleteTag" classname="com.dotmarketing.tag.business.TagAPITest" time="0.01"/>
  <testcase name="getTagAndCreate" classname="com.dotmarketing.tag.business.TagAPITest" time="0.004"/>
  <testcase name="getFilteredTags" classname="com.dotmarketing.tag.business.TagAPITest" time="0.002"/>
  <testcase name="getAllTags" classname="com.dotmarketing.tag.business.TagAPITest" time="0.015"/>
  <testcase name="getTagByTagId" classname="com.dotmarketing.tag.business.TagAPITest" time="0.001"/>
  <testcase name="getTagsForUserByUserInode" classname="com.dotmarketing.tag.business.TagAPITest" time="0.006"/>
  <testcase name="testGetTagsByHostId_returnAllTagsOfAHost" classname="com.dotmarketing.tag.business.TagAPITest" time="0.002"/>
  <testcase name="getTagByNameAndHost" classname="com.dotmarketing.tag.business.TagAPITest" time="0.003"/>
  <testcase name="getTagByName" classname="com.dotmarketing.tag.business.TagAPITest" time="0.02"/>
  <testcase name="getTagInode" classname="com.dotmarketing.tag.business.TagAPITest" time="3.763"/>
  <testcase name="deleteTagInode" classname="com.dotmarketing.tag.business.TagAPITest" time="3.621"/>
  <testcase name="getSuggestedTag" classname="com.dotmarketing.tag.business.TagAPITest" time="0.002"/>
  <testcase name="saveTag" classname="com.dotmarketing.tag.business.TagAPITest" time="0.006"/>
  <testcase name="getTagsInText_givenTagWithPersonaSuffix_shouldNotCreateDup" classname="com.dotmarketing.tag.business.TagAPITest" time="0.003"/>
  <system-out><![CDATA[]]></system-out>
  <system-err><![CDATA[]]></system-err>
</testsuite>
