<?xml version="1.0" encoding="UTF-8"?>
<testsuite name="com.dotmarketing.portlets.structure.model.ContentletRelationshipsTest" tests="7" skipped="0" failures="0" errors="0" timestamp="2023-07-20T20:31:59" hostname="fv-az174-151" time="7.678">
  <properties/>
  <testcase name="testDoesAllowOnlyOne[0: com.dotmarketing.portlets.structure.model.ContentletRelationshipsTest$CardinalityTestCase@10dca7ba]" classname="com.dotmarketing.portlets.structure.model.ContentletRelationshipsTest" time="0.428"/>
  <testcase name="testDoesAllowOnlyOne[1: com.dotmarketing.portlets.structure.model.ContentletRelationshipsTest$CardinalityTestCase@3787d483]" classname="com.dotmarketing.portlets.structure.model.ContentletRelationshipsTest" time="0.439"/>
  <testcase name="testDoesAllowOnlyOne[2: com.dotmarketing.portlets.structure.model.ContentletRelationshipsTest$CardinalityTestCase@cbf115c]" classname="com.dotmarketing.portlets.structure.model.ContentletRelationshipsTest" time="0.418"/>
  <testcase name="testGetRelationshipRecords[0: com.dotmarketing.portlets.structure.model.ContentletRelationshipsTest$TestCase@737a2029]" classname="com.dotmarketing.portlets.structure.model.ContentletRelationshipsTest" time="2.057"/>
  <testcase name="testGetRelationshipRecords[1: com.dotmarketing.portlets.structure.model.ContentletRelationshipsTest$TestCase@66ea88b]" classname="com.dotmarketing.portlets.structure.model.ContentletRelationshipsTest" time="0.858"/>
  <testcase name="testGetRelationshipRecords[2: com.dotmarketing.portlets.structure.model.ContentletRelationshipsTest$TestCase@fc44709]" classname="com.dotmarketing.portlets.structure.model.ContentletRelationshipsTest" time="1.719"/>
  <testcase name="testGetRelationshipRecords[3: com.dotmarketing.portlets.structure.model.ContentletRelationshipsTest$TestCase@7b85925c]" classname="com.dotmarketing.portlets.structure.model.ContentletRelationshipsTest" time="1.758"/>
  <system-out><![CDATA[]]></system-out>
  <system-err><![CDATA[]]></system-err>
</testsuite>
