<?xml version="1.0" encoding="UTF-8"?>
<testsuite name="com.dotcms.rest.api.v1.vtl.VTLResourceIntegrationTest" tests="6" skipped="0" failures="0" errors="0" timestamp="2023-06-30T21:27:34" hostname="fv-az280-303" time="12.13">
  <properties/>
  <testcase name="testGet[0: com.dotcms.rest.api.v1.vtl.VTLResourceTestCase@2a6e3274]" classname="com.dotcms.rest.api.v1.vtl.VTLResourceIntegrationTest" time="2.273"/>
  <testcase name="testGet[1: com.dotcms.rest.api.v1.vtl.VTLResourceTestCase@27e74bc8]" classname="com.dotcms.rest.api.v1.vtl.VTLResourceIntegrationTest" time="1.832"/>
  <testcase name="testGet[2: com.dotcms.rest.api.v1.vtl.VTLResourceTestCase@4c127662]" classname="com.dotcms.rest.api.v1.vtl.VTLResourceIntegrationTest" time="2.06"/>
  <testcase name="testGet[3: com.dotcms.rest.api.v1.vtl.VTLResourceTestCase@5179bb62]" classname="com.dotcms.rest.api.v1.vtl.VTLResourceIntegrationTest" time="2.184"/>
  <testcase name="testGet[4: com.dotcms.rest.api.v1.vtl.VTLResourceTestCase@adfceab]" classname="com.dotcms.rest.api.v1.vtl.VTLResourceIntegrationTest" time="1.771"/>
  <testcase name="testGet[5: com.dotcms.rest.api.v1.vtl.VTLResourceTestCase@177b6d33]" classname="com.dotcms.rest.api.v1.vtl.VTLResourceIntegrationTest" time="2.01"/>
  <system-out><![CDATA[]]></system-out>
  <system-err><![CDATA[]]></system-err>
</testsuite>
