<?xml version="1.0" encoding="UTF-8"?>
<testsuite name="com.dotmarketing.portlets.structure.model.ContentletRelationshipsTest" tests="7" skipped="0" failures="0" errors="0" timestamp="2023-07-01T02:13:56" hostname="fv-az616-461" time="7.7">
  <properties/>
  <testcase name="testDoesAllowOnlyOne[0: com.dotmarketing.portlets.structure.model.ContentletRelationshipsTest$CardinalityTestCase@489099d9]" classname="com.dotmarketing.portlets.structure.model.ContentletRelationshipsTest" time="0.441"/>
  <testcase name="testDoesAllowOnlyOne[1: com.dotmarketing.portlets.structure.model.ContentletRelationshipsTest$CardinalityTestCase@6a63ad04]" classname="com.dotmarketing.portlets.structure.model.ContentletRelationshipsTest" time="0.563"/>
  <testcase name="testDoesAllowOnlyOne[2: com.dotmarketing.portlets.structure.model.ContentletRelationshipsTest$CardinalityTestCase@3619765f]" classname="com.dotmarketing.portlets.structure.model.ContentletRelationshipsTest" time="0.393"/>
  <testcase name="testGetRelationshipRecords[0: com.dotmarketing.portlets.structure.model.ContentletRelationshipsTest$TestCase@62758359]" classname="com.dotmarketing.portlets.structure.model.ContentletRelationshipsTest" time="1.942"/>
  <testcase name="testGetRelationshipRecords[1: com.dotmarketing.portlets.structure.model.ContentletRelationshipsTest$TestCase@2ee7909f]" classname="com.dotmarketing.portlets.structure.model.ContentletRelationshipsTest" time="0.889"/>
  <testcase name="testGetRelationshipRecords[2: com.dotmarketing.portlets.structure.model.ContentletRelationshipsTest$TestCase@591b13ca]" classname="com.dotmarketing.portlets.structure.model.ContentletRelationshipsTest" time="1.764"/>
  <testcase name="testGetRelationshipRecords[3: com.dotmarketing.portlets.structure.model.ContentletRelationshipsTest$TestCase@244d2d38]" classname="com.dotmarketing.portlets.structure.model.ContentletRelationshipsTest" time="1.707"/>
  <system-out><![CDATA[]]></system-out>
  <system-err><![CDATA[]]></system-err>
</testsuite>
