<?xml version="1.0" encoding="UTF-8"?>
<testsuite name="com.dotcms.rest.elasticsearch.ESContentResourcePortletTest" tests="8" skipped="0" failures="0" errors="0" timestamp="2023-07-19T16:18:40" hostname="fv-az621-121" time="9.957">
  <properties/>
  <testcase name="test_search_includeGrandChildCategory_success" classname="com.dotcms.rest.elasticsearch.ESContentResourcePortletTest" time="2.469"/>
  <testcase name="testSearch[0: com.dotcms.rest.elasticsearch.ESContentResourcePortletTest$TestCase@1db6c0ad]" classname="com.dotcms.rest.elasticsearch.ESContentResourcePortletTest" time="1.102"/>
  <testcase name="testSearch[1: com.dotcms.rest.elasticsearch.ESContentResourcePortletTest$TestCase@6222cadc]" classname="com.dotcms.rest.elasticsearch.ESContentResourcePortletTest" time="1.354"/>
  <testcase name="testSearch[2: com.dotcms.rest.elasticsearch.ESContentResourcePortletTest$TestCase@284b6fdb]" classname="com.dotcms.rest.elasticsearch.ESContentResourcePortletTest" time="1.116"/>
  <testcase name="testSearch[3: com.dotcms.rest.elasticsearch.ESContentResourcePortletTest$TestCase@4c790160]" classname="com.dotcms.rest.elasticsearch.ESContentResourcePortletTest" time="0.333"/>
  <testcase name="testSearch[4: com.dotcms.rest.elasticsearch.ESContentResourcePortletTest$TestCase@67e103ea]" classname="com.dotcms.rest.elasticsearch.ESContentResourcePortletTest" time="1.375"/>
  <testcase name="testSearch[5: com.dotcms.rest.elasticsearch.ESContentResourcePortletTest$TestCase@13e141e0]" classname="com.dotcms.rest.elasticsearch.ESContentResourcePortletTest" time="1.028"/>
  <testcase name="testSearch[6: com.dotcms.rest.elasticsearch.ESContentResourcePortletTest$TestCase@60a7d1f0]" classname="com.dotcms.rest.elasticsearch.ESContentResourcePortletTest" time="1.179"/>
  <system-out><![CDATA[]]></system-out>
  <system-err><![CDATA[]]></system-err>
</testsuite>
