<?xml version="1.0" encoding="UTF-8"?>
<testsuite name="com.dotcms.rendering.velocity.viewtools.content.util.ContentUtilsTest" tests="89" skipped="0" failures="0" errors="0" timestamp="2023-06-29T17:22:43" hostname="fv-az166-287" time="435.336">
  <properties/>
  <testcase name="whenTheTimeMachineDateIsNullAndPublishDateInFutureShouldNotReturnAnything" classname="com.dotcms.rendering.velocity.viewtools.content.util.ContentUtilsTest" time="3.805"/>
  <testcase name="test_find_multilingual_contentlet_getContentletSuccessfully" classname="com.dotcms.rendering.velocity.viewtools.content.util.ContentUtilsTest" time="2.336"/>
  <testcase name="whenTheTimeMachineDateAndPublishDateAreTomorrowShouldReturnOneContent" classname="com.dotcms.rendering.velocity.viewtools.content.util.ContentUtilsTest" time="3.795"/>
  <testcase name="testPullRelated[0: com.dotcms.rendering.velocity.viewtools.content.util.ContentUtilsTest$TestCase@6bb2f643]" classname="com.dotcms.rendering.velocity.viewtools.content.util.ContentUtilsTest" time="4.095"/>
  <testcase name="testPullRelated[1: com.dotcms.rendering.velocity.viewtools.content.util.ContentUtilsTest$TestCase@561a2b29]" classname="com.dotcms.rendering.velocity.viewtools.content.util.ContentUtilsTest" time="4.103"/>
  <testcase name="testPullRelated[2: com.dotcms.rendering.velocity.viewtools.content.util.ContentUtilsTest$TestCase@119a66b1]" classname="com.dotcms.rendering.velocity.viewtools.content.util.ContentUtilsTest" time="4.132"/>
  <testcase name="testPullRelated[3: com.dotcms.rendering.velocity.viewtools.content.util.ContentUtilsTest$TestCase@5a71ada6]" classname="com.dotcms.rendering.velocity.viewtools.content.util.ContentUtilsTest" time="4.378"/>
  <testcase name="testPullRelated[4: com.dotcms.rendering.velocity.viewtools.content.util.ContentUtilsTest$TestCase@268d5845]" classname="com.dotcms.rendering.velocity.viewtools.content.util.ContentUtilsTest" time="4.724"/>
  <testcase name="testPullRelated[5: com.dotcms.rendering.velocity.viewtools.content.util.ContentUtilsTest$TestCase@21c97cde]" classname="com.dotcms.rendering.velocity.viewtools.content.util.ContentUtilsTest" time="4.247"/>
  <testcase name="testPullRelated[6: com.dotcms.rendering.velocity.viewtools.content.util.ContentUtilsTest$TestCase@63a439b8]" classname="com.dotcms.rendering.velocity.viewtools.content.util.ContentUtilsTest" time="3.211"/>
  <testcase name="testPullRelated[7: com.dotcms.rendering.velocity.viewtools.content.util.ContentUtilsTest$TestCase@34efa4f7]" classname="com.dotcms.rendering.velocity.viewtools.content.util.ContentUtilsTest" time="5.035"/>
  <testcase name="testPullRelated[8: com.dotcms.rendering.velocity.viewtools.content.util.ContentUtilsTest$TestCase@78ec8d5f]" classname="com.dotcms.rendering.velocity.viewtools.content.util.ContentUtilsTest" time="2.749"/>
  <testcase name="testPullRelated[9: com.dotcms.rendering.velocity.viewtools.content.util.ContentUtilsTest$TestCase@12a93110]" classname="com.dotcms.rendering.velocity.viewtools.content.util.ContentUtilsTest" time="4.211"/>
  <testcase name="testPullRelated[10: com.dotcms.rendering.velocity.viewtools.content.util.ContentUtilsTest$TestCase@5002b304]" classname="com.dotcms.rendering.velocity.viewtools.content.util.ContentUtilsTest" time="4.124"/>
  <testcase name="testPullRelated[11: com.dotcms.rendering.velocity.viewtools.content.util.ContentUtilsTest$TestCase@19036def]" classname="com.dotcms.rendering.velocity.viewtools.content.util.ContentUtilsTest" time="4.246"/>
  <testcase name="testPullRelated[12: com.dotcms.rendering.velocity.viewtools.content.util.ContentUtilsTest$TestCase@5198de5]" classname="com.dotcms.rendering.velocity.viewtools.content.util.ContentUtilsTest" time="5.031"/>
  <testcase name="testPullRelated[13: com.dotcms.rendering.velocity.viewtools.content.util.ContentUtilsTest$TestCase@5ee31de7]" classname="com.dotcms.rendering.velocity.viewtools.content.util.ContentUtilsTest" time="3.82"/>
  <testcase name="testPullRelated[14: com.dotcms.rendering.velocity.viewtools.content.util.ContentUtilsTest$TestCase@1b3c0fac]" classname="com.dotcms.rendering.velocity.viewtools.content.util.ContentUtilsTest" time="3.095"/>
  <testcase name="testPullRelated[15: com.dotcms.rendering.velocity.viewtools.content.util.ContentUtilsTest$TestCase@19d26531]" classname="com.dotcms.rendering.velocity.viewtools.content.util.ContentUtilsTest" time="3.14"/>
  <testcase name="testPullRelated[16: com.dotcms.rendering.velocity.viewtools.content.util.ContentUtilsTest$TestCase@506db54b]" classname="com.dotcms.rendering.velocity.viewtools.content.util.ContentUtilsTest" time="3.994"/>
  <testcase name="testPullRelated[17: com.dotcms.rendering.velocity.viewtools.content.util.ContentUtilsTest$TestCase@16a78684]" classname="com.dotcms.rendering.velocity.viewtools.content.util.ContentUtilsTest" time="3.913"/>
  <testcase name="testPullRelated[18: com.dotcms.rendering.velocity.viewtools.content.util.ContentUtilsTest$TestCase@6d9daa93]" classname="com.dotcms.rendering.velocity.viewtools.content.util.ContentUtilsTest" time="4.403"/>
  <testcase name="testPullRelated[19: com.dotcms.rendering.velocity.viewtools.content.util.ContentUtilsTest$TestCase@67ecb1fc]" classname="com.dotcms.rendering.velocity.viewtools.content.util.ContentUtilsTest" time="4.054"/>
  <testcase name="testPullRelated[20: com.dotcms.rendering.velocity.viewtools.content.util.ContentUtilsTest$TestCase@5a9687a7]" classname="com.dotcms.rendering.velocity.viewtools.content.util.ContentUtilsTest" time="3.96"/>
  <testcase name="testPullRelated[21: com.dotcms.rendering.velocity.viewtools.content.util.ContentUtilsTest$TestCase@702fb9d7]" classname="com.dotcms.rendering.velocity.viewtools.content.util.ContentUtilsTest" time="4.023"/>
  <testcase name="testPullRelated[22: com.dotcms.rendering.velocity.viewtools.content.util.ContentUtilsTest$TestCase@70664c73]" classname="com.dotcms.rendering.velocity.viewtools.content.util.ContentUtilsTest" time="3.304"/>
  <testcase name="testPullRelated[23: com.dotcms.rendering.velocity.viewtools.content.util.ContentUtilsTest$TestCase@728760d2]" classname="com.dotcms.rendering.velocity.viewtools.content.util.ContentUtilsTest" time="4.89"/>
  <testcase name="testPullRelated[24: com.dotcms.rendering.velocity.viewtools.content.util.ContentUtilsTest$TestCase@1cc27a9a]" classname="com.dotcms.rendering.velocity.viewtools.content.util.ContentUtilsTest" time="4.159"/>
  <testcase name="testPullRelated[25: com.dotcms.rendering.velocity.viewtools.content.util.ContentUtilsTest$TestCase@112e89d4]" classname="com.dotcms.rendering.velocity.viewtools.content.util.ContentUtilsTest" time="3.826"/>
  <testcase name="testPullRelated[26: com.dotcms.rendering.velocity.viewtools.content.util.ContentUtilsTest$TestCase@53e94a56]" classname="com.dotcms.rendering.velocity.viewtools.content.util.ContentUtilsTest" time="4.284"/>
  <testcase name="testPullRelated[27: com.dotcms.rendering.velocity.viewtools.content.util.ContentUtilsTest$TestCase@1a213109]" classname="com.dotcms.rendering.velocity.viewtools.content.util.ContentUtilsTest" time="3.88"/>
  <testcase name="testPullRelated[28: com.dotcms.rendering.velocity.viewtools.content.util.ContentUtilsTest$TestCase@15b88e7d]" classname="com.dotcms.rendering.velocity.viewtools.content.util.ContentUtilsTest" time="4.274"/>
  <testcase name="testPullRelated[29: com.dotcms.rendering.velocity.viewtools.content.util.ContentUtilsTest$TestCase@703dd537]" classname="com.dotcms.rendering.velocity.viewtools.content.util.ContentUtilsTest" time="3.906"/>
  <testcase name="testPullRelated[30: com.dotcms.rendering.velocity.viewtools.content.util.ContentUtilsTest$TestCase@699f9a9c]" classname="com.dotcms.rendering.velocity.viewtools.content.util.ContentUtilsTest" time="4.471"/>
  <testcase name="testPullRelated[31: com.dotcms.rendering.velocity.viewtools.content.util.ContentUtilsTest$TestCase@7a2547df]" classname="com.dotcms.rendering.velocity.viewtools.content.util.ContentUtilsTest" time="2.694"/>
  <testcase name="testPullRelated[32: com.dotcms.rendering.velocity.viewtools.content.util.ContentUtilsTest$TestCase@2bbfe580]" classname="com.dotcms.rendering.velocity.viewtools.content.util.ContentUtilsTest" time="4.254"/>
  <testcase name="testPullRelated[33: com.dotcms.rendering.velocity.viewtools.content.util.ContentUtilsTest$TestCase@35b519ad]" classname="com.dotcms.rendering.velocity.viewtools.content.util.ContentUtilsTest" time="2.872"/>
  <testcase name="testPullRelated[34: com.dotcms.rendering.velocity.viewtools.content.util.ContentUtilsTest$TestCase@206b3efd]" classname="com.dotcms.rendering.velocity.viewtools.content.util.ContentUtilsTest" time="4.487"/>
  <testcase name="testPullRelated[35: com.dotcms.rendering.velocity.viewtools.content.util.ContentUtilsTest$TestCase@70209e90]" classname="com.dotcms.rendering.velocity.viewtools.content.util.ContentUtilsTest" time="4.074"/>
  <testcase name="testPullRelated[36: com.dotcms.rendering.velocity.viewtools.content.util.ContentUtilsTest$TestCase@2467e6f1]" classname="com.dotcms.rendering.velocity.viewtools.content.util.ContentUtilsTest" time="5.386"/>
  <testcase name="testPullRelated[37: com.dotcms.rendering.velocity.viewtools.content.util.ContentUtilsTest$TestCase@3902fba1]" classname="com.dotcms.rendering.velocity.viewtools.content.util.ContentUtilsTest" time="6.867"/>
  <testcase name="testPullRelated[38: com.dotcms.rendering.velocity.viewtools.content.util.ContentUtilsTest$TestCase@40e7a6aa]" classname="com.dotcms.rendering.velocity.viewtools.content.util.ContentUtilsTest" time="6.449"/>
  <testcase name="testPullRelated[39: com.dotcms.rendering.velocity.viewtools.content.util.ContentUtilsTest$TestCase@34477438]" classname="com.dotcms.rendering.velocity.viewtools.content.util.ContentUtilsTest" time="5.997"/>
  <testcase name="testPullRelated[40: com.dotcms.rendering.velocity.viewtools.content.util.ContentUtilsTest$TestCase@2f8c5c2f]" classname="com.dotcms.rendering.velocity.viewtools.content.util.ContentUtilsTest" time="6.153"/>
  <testcase name="testPullRelated[41: com.dotcms.rendering.velocity.viewtools.content.util.ContentUtilsTest$TestCase@1fd758c]" classname="com.dotcms.rendering.velocity.viewtools.content.util.ContentUtilsTest" time="6.928"/>
  <testcase name="testPullRelated[42: com.dotcms.rendering.velocity.viewtools.content.util.ContentUtilsTest$TestCase@7cd241ef]" classname="com.dotcms.rendering.velocity.viewtools.content.util.ContentUtilsTest" time="5.684"/>
  <testcase name="testPullRelated[43: com.dotcms.rendering.velocity.viewtools.content.util.ContentUtilsTest$TestCase@73bb1cf9]" classname="com.dotcms.rendering.velocity.viewtools.content.util.ContentUtilsTest" time="6.923"/>
  <testcase name="testPullRelated[44: com.dotcms.rendering.velocity.viewtools.content.util.ContentUtilsTest$TestCase@3e9b4b85]" classname="com.dotcms.rendering.velocity.viewtools.content.util.ContentUtilsTest" time="7.095"/>
  <testcase name="testPullRelated[45: com.dotcms.rendering.velocity.viewtools.content.util.ContentUtilsTest$TestCase@54a018cf]" classname="com.dotcms.rendering.velocity.viewtools.content.util.ContentUtilsTest" time="7.405"/>
  <testcase name="testPullRelated[46: com.dotcms.rendering.velocity.viewtools.content.util.ContentUtilsTest$TestCase@3a93e68d]" classname="com.dotcms.rendering.velocity.viewtools.content.util.ContentUtilsTest" time="7.019"/>
  <testcase name="testPullRelated[47: com.dotcms.rendering.velocity.viewtools.content.util.ContentUtilsTest$TestCase@11e469f2]" classname="com.dotcms.rendering.velocity.viewtools.content.util.ContentUtilsTest" time="7.103"/>
  <testcase name="testPullRelated[48: com.dotcms.rendering.velocity.viewtools.content.util.ContentUtilsTest$TestCase@7547cf28]" classname="com.dotcms.rendering.velocity.viewtools.content.util.ContentUtilsTest" time="5.957"/>
  <testcase name="testPullRelated[49: com.dotcms.rendering.velocity.viewtools.content.util.ContentUtilsTest$TestCase@21f5c72f]" classname="com.dotcms.rendering.velocity.viewtools.content.util.ContentUtilsTest" time="5.962"/>
  <testcase name="testPullRelated[50: com.dotcms.rendering.velocity.viewtools.content.util.ContentUtilsTest$TestCase@4f7fa12]" classname="com.dotcms.rendering.velocity.viewtools.content.util.ContentUtilsTest" time="6.124"/>
  <testcase name="testPullRelated[51: com.dotcms.rendering.velocity.viewtools.content.util.ContentUtilsTest$TestCase@366ea887]" classname="com.dotcms.rendering.velocity.viewtools.content.util.ContentUtilsTest" time="6.41"/>
  <testcase name="testPullRelated[52: com.dotcms.rendering.velocity.viewtools.content.util.ContentUtilsTest$TestCase@7d1b1fed]" classname="com.dotcms.rendering.velocity.viewtools.content.util.ContentUtilsTest" time="5.983"/>
  <testcase name="testPullRelated[53: com.dotcms.rendering.velocity.viewtools.content.util.ContentUtilsTest$TestCase@72d863de]" classname="com.dotcms.rendering.velocity.viewtools.content.util.ContentUtilsTest" time="6.004"/>
  <testcase name="testPullRelated[54: com.dotcms.rendering.velocity.viewtools.content.util.ContentUtilsTest$TestCase@494420fd]" classname="com.dotcms.rendering.velocity.viewtools.content.util.ContentUtilsTest" time="6.357"/>
  <testcase name="testPullRelated[55: com.dotcms.rendering.velocity.viewtools.content.util.ContentUtilsTest$TestCase@a2d83c2]" classname="com.dotcms.rendering.velocity.viewtools.content.util.ContentUtilsTest" time="7.311"/>
  <testcase name="testPullRelated[56: com.dotcms.rendering.velocity.viewtools.content.util.ContentUtilsTest$TestCase@2f6c011d]" classname="com.dotcms.rendering.velocity.viewtools.content.util.ContentUtilsTest" time="6.801"/>
  <testcase name="testPullRelated[57: com.dotcms.rendering.velocity.viewtools.content.util.ContentUtilsTest$TestCase@1e1b51bd]" classname="com.dotcms.rendering.velocity.viewtools.content.util.ContentUtilsTest" time="6.34"/>
  <testcase name="testPullRelated[58: com.dotcms.rendering.velocity.viewtools.content.util.ContentUtilsTest$TestCase@76b0c94b]" classname="com.dotcms.rendering.velocity.viewtools.content.util.ContentUtilsTest" time="7.103"/>
  <testcase name="testPullRelated[59: com.dotcms.rendering.velocity.viewtools.content.util.ContentUtilsTest$TestCase@106567cc]" classname="com.dotcms.rendering.velocity.viewtools.content.util.ContentUtilsTest" time="6.221"/>
  <testcase name="testPullRelated[60: com.dotcms.rendering.velocity.viewtools.content.util.ContentUtilsTest$TestCase@5f4ef834]" classname="com.dotcms.rendering.velocity.viewtools.content.util.ContentUtilsTest" time="6.059"/>
  <testcase name="testPullRelated[61: com.dotcms.rendering.velocity.viewtools.content.util.ContentUtilsTest$TestCase@1b9cccd9]" classname="com.dotcms.rendering.velocity.viewtools.content.util.ContentUtilsTest" time="7.04"/>
  <testcase name="testPullRelated[62: com.dotcms.rendering.velocity.viewtools.content.util.ContentUtilsTest$TestCase@6b96b470]" classname="com.dotcms.rendering.velocity.viewtools.content.util.ContentUtilsTest" time="6.546"/>
  <testcase name="testPullRelated[63: com.dotcms.rendering.velocity.viewtools.content.util.ContentUtilsTest$TestCase@5076e5c9]" classname="com.dotcms.rendering.velocity.viewtools.content.util.ContentUtilsTest" time="7.062"/>
  <testcase name="testPullRelated[64: com.dotcms.rendering.velocity.viewtools.content.util.ContentUtilsTest$TestCase@785128ab]" classname="com.dotcms.rendering.velocity.viewtools.content.util.ContentUtilsTest" time="6.886"/>
  <testcase name="testPullRelated[65: com.dotcms.rendering.velocity.viewtools.content.util.ContentUtilsTest$TestCase@5d6d97c]" classname="com.dotcms.rendering.velocity.viewtools.content.util.ContentUtilsTest" time="6.325"/>
  <testcase name="testPullRelated[66: com.dotcms.rendering.velocity.viewtools.content.util.ContentUtilsTest$TestCase@5b3dd882]" classname="com.dotcms.rendering.velocity.viewtools.content.util.ContentUtilsTest" time="7.141"/>
  <testcase name="testPullRelated[67: com.dotcms.rendering.velocity.viewtools.content.util.ContentUtilsTest$TestCase@3c023681]" classname="com.dotcms.rendering.velocity.viewtools.content.util.ContentUtilsTest" time="6.095"/>
  <testcase name="testPullRelated[68: com.dotcms.rendering.velocity.viewtools.content.util.ContentUtilsTest$TestCase@4de745da]" classname="com.dotcms.rendering.velocity.viewtools.content.util.ContentUtilsTest" time="5.981"/>
  <testcase name="testPullRelated[69: com.dotcms.rendering.velocity.viewtools.content.util.ContentUtilsTest$TestCase@7e496823]" classname="com.dotcms.rendering.velocity.viewtools.content.util.ContentUtilsTest" time="5.341"/>
  <testcase name="testPullRelated[70: com.dotcms.rendering.velocity.viewtools.content.util.ContentUtilsTest$TestCase@4b8546a0]" classname="com.dotcms.rendering.velocity.viewtools.content.util.ContentUtilsTest" time="6.332"/>
  <testcase name="testPullRelated[71: com.dotcms.rendering.velocity.viewtools.content.util.ContentUtilsTest$TestCase@669ed76f]" classname="com.dotcms.rendering.velocity.viewtools.content.util.ContentUtilsTest" time="6.806"/>
  <testcase name="whenPublishAndExpireDatesAreInTheFutureAndTimeMachineIsAfterBoth" classname="com.dotcms.rendering.velocity.viewtools.content.util.ContentUtilsTest" time="3.924"/>
  <testcase name="testPullRelatedForLegacyRelationship[0: com.dotcms.rendering.velocity.viewtools.content.util.ContentUtilsTest$LegacyTestCase@112087f3]" classname="com.dotcms.rendering.velocity.viewtools.content.util.ContentUtilsTest" time="3.826"/>
  <testcase name="testPullRelatedForLegacyRelationship[1: com.dotcms.rendering.velocity.viewtools.content.util.ContentUtilsTest$LegacyTestCase@249dfd84]" classname="com.dotcms.rendering.velocity.viewtools.content.util.ContentUtilsTest" time="3.492"/>
  <testcase name="whenTheTimeMachineDateIsAfterTomorrowAndExpireDateIsTomorrowShouldNotReturnContent" classname="com.dotcms.rendering.velocity.viewtools.content.util.ContentUtilsTest" time="3.86"/>
  <testcase name="testPullLiveRelatedWhenLatestVersionIsWorking" classname="com.dotcms.rendering.velocity.viewtools.content.util.ContentUtilsTest" time="4.595"/>
  <testcase name="test_add_relationships_on_parent_children_related_contents" classname="com.dotcms.rendering.velocity.viewtools.content.util.ContentUtilsTest" time="1.687"/>
  <testcase name="testSortPullRelated[0: com.dotcms.rendering.velocity.viewtools.content.util.ContentUtilsTest$SortTestCase@45cc1ff1]" classname="com.dotcms.rendering.velocity.viewtools.content.util.ContentUtilsTest" time="3.257"/>
  <testcase name="testSortPullRelated[1: com.dotcms.rendering.velocity.viewtools.content.util.ContentUtilsTest$SortTestCase@55799d88]" classname="com.dotcms.rendering.velocity.viewtools.content.util.ContentUtilsTest" time="3.326"/>
  <testcase name="testSortPullRelated[2: com.dotcms.rendering.velocity.viewtools.content.util.ContentUtilsTest$SortTestCase@407387cb]" classname="com.dotcms.rendering.velocity.viewtools.content.util.ContentUtilsTest" time="3.613"/>
  <testcase name="testSortPullRelated[3: com.dotcms.rendering.velocity.viewtools.content.util.ContentUtilsTest$SortTestCase@b49339c]" classname="com.dotcms.rendering.velocity.viewtools.content.util.ContentUtilsTest" time="3.494"/>
  <testcase name="testSortPullRelated[4: com.dotcms.rendering.velocity.viewtools.content.util.ContentUtilsTest$SortTestCase@2e5f8693]" classname="com.dotcms.rendering.velocity.viewtools.content.util.ContentUtilsTest" time="2.722"/>
  <testcase name="testSortPullRelated[5: com.dotcms.rendering.velocity.viewtools.content.util.ContentUtilsTest$SortTestCase@37d3db0d]" classname="com.dotcms.rendering.velocity.viewtools.content.util.ContentUtilsTest" time="3.446"/>
  <testcase name="whenTheTimeMachineDateIsAfterTomorrowAndExpireDateIsInFutureShouldReturnContent" classname="com.dotcms.rendering.velocity.viewtools.content.util.ContentUtilsTest" time="3.799"/>
  <testcase name="testPullRelatedFieldShouldRespectDefaultOrder" classname="com.dotcms.rendering.velocity.viewtools.content.util.ContentUtilsTest" time="3.088"/>
  <system-out><![CDATA[]]></system-out>
  <system-err><![CDATA[]]></system-err>
</testsuite>
