<?xml version="1.0" encoding="UTF-8"?>
<testsuite name="com.dotmarketing.portlets.structure.transform.ContentletRelationshipsTransformerTest" tests="2" skipped="0" failures="0" errors="0" timestamp="2023-07-18T22:33:43" hostname="fv-az247-820" time="3.307">
  <properties/>
  <testcase name="testHasParentFalse_BothSidesRelationship_selfRelatedContentType" classname="com.dotmarketing.portlets.structure.transform.ContentletRelationshipsTransformerTest" time="1.38"/>
  <testcase name="testHasParentTrue_OneSideRelationship_selfRelatedContentType" classname="com.dotmarketing.portlets.structure.transform.ContentletRelationshipsTransformerTest" time="1.927"/>
  <system-out><![CDATA[]]></system-out>
  <system-err><![CDATA[]]></system-err>
</testsuite>
