<?xml version="1.0" encoding="UTF-8"?>
<testsuite name="com.dotcms.publishing.manifest.ManifestReaderFactoryTest" tests="1" skipped="0" failures="0" errors="0" timestamp="2023-07-18T21:08:34" hostname="fv-az553-913" time="0.197">
  <properties/>
  <testcase name="createCSVManifestReader" classname="com.dotcms.publishing.manifest.ManifestReaderFactoryTest" time="0.197"/>
  <system-out><![CDATA[
]]></system-out>
  <system-err><![CDATA[]]></system-err>
</testsuite>
