<?xml version="1.0" encoding="UTF-8"?>
<testsuite name="com.dotcms.rest.api.v1.vtl.VTLResourceIntegrationTest" tests="6" skipped="0" failures="0" errors="0" timestamp="2023-06-28T17:18:11" hostname="fv-az283-467" time="14.138">
  <properties/>
  <testcase name="testGet[0: com.dotcms.rest.api.v1.vtl.VTLResourceTestCase@5f22b1c7]" classname="com.dotcms.rest.api.v1.vtl.VTLResourceIntegrationTest" time="2.268"/>
  <testcase name="testGet[1: com.dotcms.rest.api.v1.vtl.VTLResourceTestCase@513fcfdb]" classname="com.dotcms.rest.api.v1.vtl.VTLResourceIntegrationTest" time="2.678"/>
  <testcase name="testGet[2: com.dotcms.rest.api.v1.vtl.VTLResourceTestCase@69f171dc]" classname="com.dotcms.rest.api.v1.vtl.VTLResourceIntegrationTest" time="2.149"/>
  <testcase name="testGet[3: com.dotcms.rest.api.v1.vtl.VTLResourceTestCase@3574f12c]" classname="com.dotcms.rest.api.v1.vtl.VTLResourceIntegrationTest" time="2.194"/>
  <testcase name="testGet[4: com.dotcms.rest.api.v1.vtl.VTLResourceTestCase@7f12d2cc]" classname="com.dotcms.rest.api.v1.vtl.VTLResourceIntegrationTest" time="2.669"/>
  <testcase name="testGet[5: com.dotcms.rest.api.v1.vtl.VTLResourceTestCase@50fc9be2]" classname="com.dotcms.rest.api.v1.vtl.VTLResourceIntegrationTest" time="2.18"/>
  <system-out><![CDATA[]]></system-out>
  <system-err><![CDATA[]]></system-err>
</testsuite>
