<?xml version="1.0" encoding="UTF-8"?>
<testsuite name="com.dotcms.rendering.velocity.viewtools.LanguageWebAPITest" tests="10" skipped="0" failures="0" errors="0" timestamp="2023-06-27T23:23:10" hostname="fv-az168-423" time="1.084">
  <properties/>
  <testcase name="testLanguageWithoutCountryFallbackFalse_returnTESTEXAMPLENOCOUNTRY" classname="com.dotcms.rendering.velocity.viewtools.LanguageWebAPITest" time="1.012"/>
  <testcase name="testNotExistingLanguageFallbackTrue_returnTESTEXAMPLEDEFAULT" classname="com.dotcms.rendering.velocity.viewtools.LanguageWebAPITest" time="0.009"/>
  <testcase name="testNotExistingLanguageFallbackFalse_returnTESTEXAMPLEDEFA" classname="com.dotcms.rendering.velocity.viewtools.LanguageWebAPITest" time="0.004"/>
  <testcase name="testLanguageWithoutCountryFallbackTrue_returnTESTEXAMPLENOCOUNTRY" classname="com.dotcms.rendering.velocity.viewtools.LanguageWebAPITest" time="0.006"/>
  <testcase name="testDefaultContentToDefaultLanguage3" classname="com.dotcms.rendering.velocity.viewtools.LanguageWebAPITest" time="0.012"/>
  <testcase name="testDefaultContentToDefaultLanguage4" classname="com.dotcms.rendering.velocity.viewtools.LanguageWebAPITest" time="0.015"/>
  <testcase name="testLanguageWithCountryFallbackTrue_returnTESTEXAMPLECOUNTRY" classname="com.dotcms.rendering.velocity.viewtools.LanguageWebAPITest" time="0.014"/>
  <testcase name="testLanguageWithCountryFallbackFalsePassingNoCountryId_returnTESTEXAMPLECOUNTRY" classname="com.dotcms.rendering.velocity.viewtools.LanguageWebAPITest" time="0.005"/>
  <testcase name="testLanguageWithCountryFallbackTruePassingNoCountryId_returnTESTEXAMPLECOUNTRY" classname="com.dotcms.rendering.velocity.viewtools.LanguageWebAPITest" time="0.003"/>
  <testcase name="testLanguageWithCountryFallbackFalse_returnTESTEXAMPLECOUNTRY" classname="com.dotcms.rendering.velocity.viewtools.LanguageWebAPITest" time="0.002"/>
  <system-out><![CDATA[]]></system-out>
  <system-err><![CDATA[]]></system-err>
</testsuite>
