<?xml version="1.0" encoding="UTF-8"?>
<testsuite name="com.dotmarketing.servlets.ajax.AjaxDirectorServletIntegrationTest" tests="2" skipped="0" failures="0" errors="0" timestamp="2023-07-17T16:52:25" hostname="fv-az673-315" time="2.44">
  <properties/>
  <testcase name="testService[0: com.dotmarketing.servlets.ajax.AjaxDirectorServletTestCase@4bb55851]" classname="com.dotmarketing.servlets.ajax.AjaxDirectorServletIntegrationTest" time="0.764"/>
  <testcase name="testService[1: com.dotmarketing.servlets.ajax.AjaxDirectorServletTestCase@57c8da5a]" classname="com.dotmarketing.servlets.ajax.AjaxDirectorServletIntegrationTest" time="1.676"/>
  <system-out><![CDATA[]]></system-out>
  <system-err><![CDATA[]]></system-err>
</testsuite>
