<?xml version="1.0" encoding="UTF-8"?>
<testsuite name="com.dotcms.storage.StoragePersistenceAPITest" tests="18" skipped="0" failures="0" errors="0" timestamp="2023-06-26T17:10:47" hostname="fv-az370-611" time="1.581">
  <properties/>
  <testcase name="Test_Get_Provider_By_StorageType" classname="com.dotcms.storage.StoragePersistenceAPITest" time="0.004"/>
  <testcase name="Test_Replace_Entry[0: TestCase{storageType=FILE_SYSTEM, groupName='YgFGPfE91r', path='any-path', file=testFile16091170638130612547.bin}]" classname="com.dotcms.storage.StoragePersistenceAPITest" time="0.002"/>
  <testcase name="Test_Replace_Entry[1: TestCase{storageType=DB, groupName='YgFGPfE91r', path='any-path', file=testFile16091170638130612547.bin}]" classname="com.dotcms.storage.StoragePersistenceAPITest" time="0.049"/>
  <testcase name="Test_Pull_File_Different_Casing[0: TestCase{storageType=FILE_SYSTEM, groupName='YgFGPfE91r', path='any-path', file=testFile16091170638130612547.bin}]" classname="com.dotcms.storage.StoragePersistenceAPITest" time="0.001"/>
  <testcase name="Test_Pull_File_Different_Casing[1: TestCase{storageType=DB, groupName='YgFGPfE91r', path='any-path', file=testFile16091170638130612547.bin}]" classname="com.dotcms.storage.StoragePersistenceAPITest" time="0.009"/>
  <testcase name="Test_Get_Default_Provider" classname="com.dotcms.storage.StoragePersistenceAPITest" time="0.003"/>
  <testcase name="Test_Attempt_Push_Same_Binary_Twice[0: TestCase{storageType=FILE_SYSTEM, groupName='wavNANLZ5w', path='imageFilePath', file=test_image2.png}]" classname="com.dotcms.storage.StoragePersistenceAPITest" time="0.001"/>
  <testcase name="Test_Attempt_Push_Same_Binary_Twice[1: TestCase{storageType=DB, groupName='wavNANLZ5w', path='imageFilePath', file=test_image2.png}]" classname="com.dotcms.storage.StoragePersistenceAPITest" time="0.011"/>
  <testcase name="Test_Delete_Object_Version[0: TestCase{storageType=FILE_SYSTEM, groupName='0kJd1Foot8', path='fixed-large-file-path', file=testFile15524718615136074145.bin}]" classname="com.dotcms.storage.StoragePersistenceAPITest" time="0.044"/>
  <testcase name="Test_Delete_Object_Version[1: TestCase{storageType=DB, groupName='0kJd1Foot8', path='fixed-large-file-path', file=testFile15524718615136074145.bin}]" classname="com.dotcms.storage.StoragePersistenceAPITest" time="1.171"/>
  <testcase name="Test_Storage_Push_File_Then_Recover_Then_Remove_Group[0: TestCase{storageType=FILE_SYSTEM, groupName='fixed-group-name', path='textFilePath', file=test.txt}]" classname="com.dotcms.storage.StoragePersistenceAPITest" time="0.005"/>
  <testcase name="Test_Storage_Push_File_Then_Recover_Then_Remove_Group[1: TestCase{storageType=FILE_SYSTEM, groupName='fixed-group-name', path='imageFilePath', file=test_image1.jpg}]" classname="com.dotcms.storage.StoragePersistenceAPITest" time="0.001"/>
  <testcase name="Test_Storage_Push_File_Then_Recover_Then_Remove_Group[2: TestCase{storageType=DB, groupName='fixed-group-name', path='textFilePath', file=test.txt}]" classname="com.dotcms.storage.StoragePersistenceAPITest" time="0.012"/>
  <testcase name="Test_Storage_Push_File_Then_Recover_Then_Remove_Group[3: TestCase{storageType=DB, groupName='fixed-group-name', path='imageFilePath', file=test_image1.jpg}]" classname="com.dotcms.storage.StoragePersistenceAPITest" time="0.113"/>
  <testcase name="Test_Attempt_Create_Dupe_Group[0: TestCase{storageType=FILE_SYSTEM, groupName='tL91B9Lxlz', path='null', file=n/a}]" classname="com.dotcms.storage.StoragePersistenceAPITest" time="0.0"/>
  <testcase name="Test_Attempt_Create_Dupe_Group[1: TestCase{storageType=DB, groupName='tL91B9Lxlz', path='null', file=n/a}]" classname="com.dotcms.storage.StoragePersistenceAPITest" time="0.003"/>
  <testcase name="Test_Push_Large_File[0: TestCase{storageType=FILE_SYSTEM, groupName='0kJd1Foot8', path='fixed-large-file-path', file=testFile15524718615136074145.bin}]" classname="com.dotcms.storage.StoragePersistenceAPITest" time="0.035"/>
  <testcase name="Test_Push_Large_File[1: TestCase{storageType=DB, groupName='0kJd1Foot8', path='fixed-large-file-path', file=testFile15524718615136074145.bin}]" classname="com.dotcms.storage.StoragePersistenceAPITest" time="0.109"/>
  <system-out><![CDATA[]]></system-out>
  <system-err><![CDATA[]]></system-err>
</testsuite>
