<?xml version="1.0" encoding="UTF-8"?>
<testsuite name="com.dotmarketing.business.DeterministicIdentifierAPITest" tests="16" skipped="0" failures="0" errors="0" timestamp="2023-07-06T20:51:55" hostname="fv-az1234-650" time="1.092">
  <properties/>
  <testcase name="Test_Category_Path_Seed_And_Id" classname="com.dotmarketing.business.DeterministicIdentifierAPITest" time="0.027"/>
  <testcase name="Test_Language_Deterministic_Id[0: LanguageTestCase{expectedSeed='Language:es:US', expectedHash=4913155, langCode='es', countryCode='US', country='United States'}]" classname="com.dotmarketing.business.DeterministicIdentifierAPITest" time="0.001"/>
  <testcase name="Test_Language_Deterministic_Id[1: LanguageTestCase{expectedSeed='Language:ep:', expectedHash=5292269, langCode='ep', countryCode='', country=''}]" classname="com.dotmarketing.business.DeterministicIdentifierAPITest" time="0.001"/>
  <testcase name="Test_Language_Deterministic_Id[2: LanguageTestCase{expectedSeed='Language:sg:SAG', expectedHash=4713118, langCode='sg', countryCode='SAG', country=''}]" classname="com.dotmarketing.business.DeterministicIdentifierAPITest" time="0.001"/>
  <testcase name="Test_Language_Deterministic_Id[3: LanguageTestCase{expectedSeed='Language:en:NZ', expectedHash=5382528, langCode='en', countryCode='NZ', country='New Zealand'}]" classname="com.dotmarketing.business.DeterministicIdentifierAPITest" time="0.001"/>
  <testcase name="Test_Category_None_Persisted_Category_Should_Return_Deterministic_Id" classname="com.dotmarketing.business.DeterministicIdentifierAPITest" time="0.001"/>
  <testcase name="Test_Asset_Generate_Deterministic_Id_Best_Effort[0: TestCase{versionable=my.host1688676288270.com, parent=System Host, expectedName='my.host1688676288270.com', expectedType='Host'}]" classname="com.dotmarketing.business.DeterministicIdentifierAPITest" time="0.003"/>
  <testcase name="Test_Asset_Generate_Deterministic_Id_Best_Effort[1: TestCase{versionable=com.dotmarketing.portlets.contentlet.model.Contentlet@66f04892[map={modDate=2023-07-06 20:44:48.889, fileName=file5595494895688861350.txt, title=file5595494895688861350.txt, inode=02b26390-2f9b-45f5-b803-a798d3657dc3, __IS_NEW_CONTENT__=true, disabledWYSIWYG=[], host=2299da14-835d-4637-99b1-8d98b04ebe24, stInode=33888b6f-7a8e-4069-b1b6-5c1aa9d0a48d, owner=system, identifier=d26e3902-cd9a-4e17-aee6-650b7ef4f745, nullProperties=[wfExpireDate, wfPublishDate, wfActionAssign, wfActionId, wfActionComments, filterKey, whereToSend, wfNeverExpire, _path_to_move, timezoneId, iWantTo, wfPublishTime, wfExpireTime], languageId=1, fileAsset=/home/runner/work/core/custom/assets/0/2/02b26390-2f9b-45f5-b803-a798d3657dc3/fileAsset/file5595494895688861350.txt, folder=6a3c991a-e333-47aa-beb8-a717a0ef9528, __disable_workflow__=true, sortOrder=0, modUser=system},lowIndexPriority=false,variantId=DEFAULT], parent=com.dotmarketing.portlets.folders.model.Folder@555e4546[identifier=6a3c991a-e333-47aa-beb8-a717a0ef9528,name=testName1688676288880,sortOrder=0,showOnMenu=false,hostId=2299da14-835d-4637-99b1-8d98b04ebe24,type=folder,title=testTitle1688676288880,filesMasks=,defaultFileType=33888b6f-7a8e-4069-b1b6-5c1aa9d0a48d,modDate=2023-07-06 20:44:48.884,owner=&lt;null&gt;,iDate=2023-07-06 20:44:48.884,inode=6a3c991a-e333-47aa-beb8-a717a0ef9528,path=/testName1688676288880/], expectedName='file5595494895688861350.txt', expectedType='FileAsset'}]" classname="com.dotmarketing.business.DeterministicIdentifierAPITest" time="0.004"/>
  <testcase name="Test_Asset_Generate_Deterministic_Id_Best_Effort[2: TestCase{versionable=com.dotmarketing.portlets.templates.model.Template@9cbe64da, parent=my.host1688676288270.com, expectedName='testTitle1688676289005', expectedType='Template'}]" classname="com.dotmarketing.business.DeterministicIdentifierAPITest" time="0.002"/>
  <testcase name="Test_Asset_Generate_Deterministic_Id_Best_Effort[3: TestCase{versionable=com.dotmarketing.portlets.htmlpageasset.model.HTMLPageAsset@3c773f36[map={template=f35d1eed-94c5-4e66-99dd-88021531ce78, owner=system, identifier=651c8829-f7f6-400a-9b00-4ff2b8938ef7, nullProperties=[wfExpireDate, wfPublishDate, wfActionAssign, wfActionId, wfActionComments, filterKey, whereToSend, wfNeverExpire, _path_to_move, timezoneId, iWantTo, wfPublishTime, wfExpireTime], modDate=2023-07-06 20:44:49.037, cachettl=0, _is_test_mode=true, languageId=1, title=test-page-title-1688676289030, httpsreq=, url=test-page-url-1688676289030, showOnMenu=, inode=5954f896-d619-48f7-a408-95638fd3002a, folder=6a3c991a-e333-47aa-beb8-a717a0ef9528, disabledWYSIWYG=[], sortOrder=1, modUser=system, host=2299da14-835d-4637-99b1-8d98b04ebe24, stInode=c541abb1-69b3-4bc5-8430-5e09e5239cc8, friendlyName=test-page-friendly-name-1688676289030},lowIndexPriority=false,variantId=DEFAULT], parent=com.dotmarketing.portlets.folders.model.Folder@555e4546[identifier=6a3c991a-e333-47aa-beb8-a717a0ef9528,name=testName1688676288880,sortOrder=0,showOnMenu=false,hostId=2299da14-835d-4637-99b1-8d98b04ebe24,type=folder,title=testTitle1688676288880,filesMasks=,defaultFileType=33888b6f-7a8e-4069-b1b6-5c1aa9d0a48d,modDate=2023-07-06 20:44:48.884,owner=&lt;null&gt;,iDate=2023-07-06 20:44:48.884,inode=6a3c991a-e333-47aa-beb8-a717a0ef9528,path=/testName1688676288880/], expectedName='test-page-url-1688676289030', expectedType='htmlpageasset'}]" classname="com.dotmarketing.business.DeterministicIdentifierAPITest" time="0.006"/>
  <testcase name="Test_Asset_Generate_Deterministic_Id_Best_Effort[4: TestCase{versionable=com.dotmarketing.portlets.contentlet.model.Contentlet@266df9ed[map={fileAsset2=/home/runner/work/core/custom/assets/5/c/5c6881a9-0c80-4411-8d97-d3ef40e17f45/fileAsset2/test_binary1688676290838.png, modDate=2023-07-06 20:44:50.844, fileAsset1=/home/runner/work/core/custom/assets/5/c/5c6881a9-0c80-4411-8d97-d3ef40e17f45/fileAsset1/test_binary1688676290838.jpg, title=blah, inode=5c6881a9-0c80-4411-8d97-d3ef40e17f45, __IS_NEW_CONTENT__=true, disabledWYSIWYG=[], host=48190c8c-42c4-46af-8d1a-0cd5db894797, stInode=a9233756-ce39-4690-ada8-cf5f4c848fc7, owner=system, identifier=2b910f95-4de1-4d09-b2b0-a39497e22051, nullProperties=[], languageId=1, image1=15af1b3b-d920-4d67-9136-b3b37ba1f0f8, folder=SYSTEM_FOLDER, __disable_workflow__=true, sortOrder=0, modUser=system},lowIndexPriority=false,variantId=DEFAULT], parent=demo.dotcms.com, expectedName='test_binary1688676290838.jpg:test_binary1688676290838.png', expectedType='MultipleBinaries1688676289212'}]" classname="com.dotmarketing.business.DeterministicIdentifierAPITest" time="0.004"/>
  <testcase name="Test_Asset_Generate_Deterministic_Id_Best_Effort[5: TestCase{versionable=name66f53d776e : keyTag66f53d776e, parent=my.host1688676288270.com, expectedName='keyTag66f53d776e', expectedType='persona'}]" classname="com.dotmarketing.business.DeterministicIdentifierAPITest" time="0.002"/>
  <testcase name="Test_Similar_Content_Type_Wont_Clash" classname="com.dotmarketing.business.DeterministicIdentifierAPITest" time="0.509"/>
  <testcase name="Test_Generate_Folder_Identifier" classname="com.dotmarketing.business.DeterministicIdentifierAPITest" time="0.513"/>
  <testcase name="Test_Generate_Content_Type_Identifier[0: ContentTypeTestCase{contentType=KeyValueContentType{name=Language Variable, id=f4d7c1b8-2c88-4071-abf1-a5328977b07d, description=Default Content Type for Language Variables, defaultType=false, fixed=true, iDate=Thu Aug 31 16:38:49 UTC 2017, system=true, versionable=true, variable=Languagevariable, modDate=Thu Jul 06 19:32:23 UTC 2023, host=SYSTEM_HOST, siteName=systemHost, icon=language, sortOrder=0, folder=SYSTEM_FOLDER, folderPath=/, markedForDeletion=true, multilingualable=false}, expectedName='Languagevariable', expectedType='KeyValue'}]" classname="com.dotmarketing.business.DeterministicIdentifierAPITest" time="0.008"/>
  <testcase name="Test_Generate_Content_Type_Identifier[1: ContentTypeTestCase{contentType=SimpleContentType{name=testName1688676291294, id=5701ae2f-0024-497e-bdf4-f8598b46b38f, description=testDescription1688676291294, defaultType=false, fixed=false, iDate=Thu Jul 06 20:44:51 UTC 2023, system=false, versionable=true, multilingualable=false, variable=testVarname1688676291294, owner=system, modDate=Thu Jul 06 20:44:52 UTC 2023, host=48190c8c-42c4-46af-8d1a-0cd5db894797, siteName=demo.dotcms.com, icon=event_note, sortOrder=0, folder=SYSTEM_FOLDER, folderPath=/, requiredFields=[], markedForDeletion=false}, expectedName='testVarname1688676291294', expectedType='CONTENT'}]" classname="com.dotmarketing.business.DeterministicIdentifierAPITest" time="0.007"/>
  <system-out><![CDATA[]]></system-out>
  <system-err><![CDATA[]]></system-err>
</testsuite>
