<?xml version="1.0" encoding="UTF-8"?>
<testsuite name="com.dotcms.rest.api.v1.pushpublish.PushPublishFilterResourceTest" tests="5" skipped="0" failures="0" errors="0" timestamp="2023-06-26T17:55:23" hostname="fv-az1242-413" time="3.206">
  <properties/>
  <testcase name="testFilterDescriptorOrderedBySortValue" classname="com.dotcms.rest.api.v1.pushpublish.PushPublishFilterResourceTest" time="0.798"/>
  <testcase name="testFilterDescriptorOrderedAlphabetically" classname="com.dotcms.rest.api.v1.pushpublish.PushPublishFilterResourceTest" time="0.798"/>
  <testcase name="test_getFilter_withUser_success_returnFilter" classname="com.dotcms.rest.api.v1.pushpublish.PushPublishFilterResourceTest" time="0.813"/>
  <testcase name="test_getFilter_noUser_return401" classname="com.dotcms.rest.api.v1.pushpublish.PushPublishFilterResourceTest" time="0.002"/>
  <testcase name="testFilterDescriptorOrderedBySortOrderAndAlphabetically" classname="com.dotcms.rest.api.v1.pushpublish.PushPublishFilterResourceTest" time="0.795"/>
  <system-out><![CDATA[]]></system-out>
  <system-err><![CDATA[]]></system-err>
</testsuite>
