<?xml version="1.0" encoding="UTF-8"?>
<testsuite name="com.dotcms.csspreproc.CSSPreProcessServletTest" tests="3" skipped="0" failures="0" errors="0" timestamp="2023-07-21T18:47:20" hostname="fv-az454-899" time="1.192">
  <properties/>
  <testcase name="testCompileScssFileWithImport" classname="com.dotcms.csspreproc.CSSPreProcessServletTest" time="1.148"/>
  <testcase name="testCompileValidScssFile" classname="com.dotcms.csspreproc.CSSPreProcessServletTest" time="0.021"/>
  <testcase name="testCompileInvalidScssFile" classname="com.dotcms.csspreproc.CSSPreProcessServletTest" time="0.023"/>
  <system-out><![CDATA[]]></system-out>
  <system-err><![CDATA[]]></system-err>
</testsuite>
