<?xml version="1.0" encoding="UTF-8"?>
<testsuite name="com.dotcms.rest.api.v1.vtl.VTLResourceIntegrationTest" tests="6" skipped="0" failures="0" errors="0" timestamp="2023-07-03T17:41:19" hostname="fv-az564-656" time="11.028">
  <properties/>
  <testcase name="testGet[0: com.dotcms.rest.api.v1.vtl.VTLResourceTestCase@6f6c6711]" classname="com.dotcms.rest.api.v1.vtl.VTLResourceIntegrationTest" time="2.208"/>
  <testcase name="testGet[1: com.dotcms.rest.api.v1.vtl.VTLResourceTestCase@5262bfd2]" classname="com.dotcms.rest.api.v1.vtl.VTLResourceIntegrationTest" time="0.848"/>
  <testcase name="testGet[2: com.dotcms.rest.api.v1.vtl.VTLResourceTestCase@23226fdc]" classname="com.dotcms.rest.api.v1.vtl.VTLResourceIntegrationTest" time="2.136"/>
  <testcase name="testGet[3: com.dotcms.rest.api.v1.vtl.VTLResourceTestCase@494ad735]" classname="com.dotcms.rest.api.v1.vtl.VTLResourceIntegrationTest" time="2.062"/>
  <testcase name="testGet[4: com.dotcms.rest.api.v1.vtl.VTLResourceTestCase@451275e2]" classname="com.dotcms.rest.api.v1.vtl.VTLResourceIntegrationTest" time="1.852"/>
  <testcase name="testGet[5: com.dotcms.rest.api.v1.vtl.VTLResourceTestCase@2c9debd]" classname="com.dotcms.rest.api.v1.vtl.VTLResourceIntegrationTest" time="1.921"/>
  <system-out><![CDATA[]]></system-out>
  <system-err><![CDATA[]]></system-err>
</testsuite>
