<?xml version="1.0" encoding="UTF-8"?>
<testsuite name="com.dotmarketing.servlets.ajax.AjaxDirectorServletIntegrationTest" tests="2" skipped="0" failures="0" errors="0" timestamp="2023-07-19T16:44:08" hostname="fv-az621-121" time="4.125">
  <properties/>
  <testcase name="testService[0: com.dotmarketing.servlets.ajax.AjaxDirectorServletTestCase@1fe33935]" classname="com.dotmarketing.servlets.ajax.AjaxDirectorServletIntegrationTest" time="1.677"/>
  <testcase name="testService[1: com.dotmarketing.servlets.ajax.AjaxDirectorServletTestCase@67654c25]" classname="com.dotmarketing.servlets.ajax.AjaxDirectorServletIntegrationTest" time="2.447"/>
  <system-out><![CDATA[]]></system-out>
  <system-err><![CDATA[]]></system-err>
</testsuite>
