<?xml version="1.0" encoding="UTF-8"?>
<testsuite name="com.dotmarketing.portlets.structure.model.ContentletRelationshipsTest" tests="7" skipped="0" failures="0" errors="0" timestamp="2023-07-07T20:31:42" hostname="fv-az422-848" time="7.849">
  <properties/>
  <testcase name="testDoesAllowOnlyOne[0: com.dotmarketing.portlets.structure.model.ContentletRelationshipsTest$CardinalityTestCase@553da988]" classname="com.dotmarketing.portlets.structure.model.ContentletRelationshipsTest" time="0.454"/>
  <testcase name="testDoesAllowOnlyOne[1: com.dotmarketing.portlets.structure.model.ContentletRelationshipsTest$CardinalityTestCase@b1b535e]" classname="com.dotmarketing.portlets.structure.model.ContentletRelationshipsTest" time="0.452"/>
  <testcase name="testDoesAllowOnlyOne[2: com.dotmarketing.portlets.structure.model.ContentletRelationshipsTest$CardinalityTestCase@493b4b4]" classname="com.dotmarketing.portlets.structure.model.ContentletRelationshipsTest" time="0.466"/>
  <testcase name="testGetRelationshipRecords[0: com.dotmarketing.portlets.structure.model.ContentletRelationshipsTest$TestCase@7eaf5128]" classname="com.dotmarketing.portlets.structure.model.ContentletRelationshipsTest" time="0.964"/>
  <testcase name="testGetRelationshipRecords[1: com.dotmarketing.portlets.structure.model.ContentletRelationshipsTest$TestCase@46e6d69c]" classname="com.dotmarketing.portlets.structure.model.ContentletRelationshipsTest" time="1.897"/>
  <testcase name="testGetRelationshipRecords[2: com.dotmarketing.portlets.structure.model.ContentletRelationshipsTest$TestCase@1736ecbd]" classname="com.dotmarketing.portlets.structure.model.ContentletRelationshipsTest" time="1.807"/>
  <testcase name="testGetRelationshipRecords[3: com.dotmarketing.portlets.structure.model.ContentletRelationshipsTest$TestCase@e19dcfb]" classname="com.dotmarketing.portlets.structure.model.ContentletRelationshipsTest" time="1.808"/>
  <system-out><![CDATA[]]></system-out>
  <system-err><![CDATA[]]></system-err>
</testsuite>
