<?xml version="1.0" encoding="UTF-8"?>
<testsuite name="com.dotmarketing.startup.runonce.Task210805DropUserProxyTableTest" tests="1" skipped="0" failures="0" errors="0" timestamp="2023-07-19T17:30:16" hostname="fv-az400-396" time="0.01">
  <properties/>
  <testcase name="testUpgradeTask" classname="com.dotmarketing.startup.runonce.Task210805DropUserProxyTableTest" time="0.01"/>
  <system-out><![CDATA[]]></system-out>
  <system-err><![CDATA[]]></system-err>
</testsuite>
