<?xml version="1.0" encoding="UTF-8"?>
<testsuite name="com.dotcms.rest.api.v1.vtl.VTLResourceIntegrationTest" tests="6" skipped="0" failures="0" errors="0" timestamp="2023-06-28T20:19:57" hostname="fv-az577-630" time="14.915">
  <properties/>
  <testcase name="testGet[0: com.dotcms.rest.api.v1.vtl.VTLResourceTestCase@62e12ff1]" classname="com.dotcms.rest.api.v1.vtl.VTLResourceIntegrationTest" time="2.157"/>
  <testcase name="testGet[1: com.dotcms.rest.api.v1.vtl.VTLResourceTestCase@63b2b0]" classname="com.dotcms.rest.api.v1.vtl.VTLResourceIntegrationTest" time="2.882"/>
  <testcase name="testGet[2: com.dotcms.rest.api.v1.vtl.VTLResourceTestCase@2a6e3274]" classname="com.dotcms.rest.api.v1.vtl.VTLResourceIntegrationTest" time="2.081"/>
  <testcase name="testGet[3: com.dotcms.rest.api.v1.vtl.VTLResourceTestCase@27e74bc8]" classname="com.dotcms.rest.api.v1.vtl.VTLResourceIntegrationTest" time="3.079"/>
  <testcase name="testGet[4: com.dotcms.rest.api.v1.vtl.VTLResourceTestCase@4c127662]" classname="com.dotcms.rest.api.v1.vtl.VTLResourceIntegrationTest" time="2.654"/>
  <testcase name="testGet[5: com.dotcms.rest.api.v1.vtl.VTLResourceTestCase@5179bb62]" classname="com.dotcms.rest.api.v1.vtl.VTLResourceIntegrationTest" time="2.062"/>
  <system-out><![CDATA[]]></system-out>
  <system-err><![CDATA[]]></system-err>
</testsuite>
