<?xml version="1.0" encoding="UTF-8"?>
<testsuite name="com.dotcms.contenttype.test.ContentTypeResourceTest" tests="10" skipped="0" failures="0" errors="0" timestamp="2023-06-26T18:58:22" hostname="fv-az404-370" time="18.697">
  <properties/>
  <testcase name="testJson[0: file-asset.json]" classname="com.dotcms.contenttype.test.ContentTypeResourceTest" time="2.939"/>
  <testcase name="testJson[1: content-type-array-insert.json]" classname="com.dotcms.contenttype.test.ContentTypeResourceTest" time="3.075"/>
  <testcase name="testJson[2: persona-type-object.json]" classname="com.dotcms.contenttype.test.ContentTypeResourceTest" time="2.522"/>
  <testcase name="testJson[3: content-type-object.json]" classname="com.dotcms.contenttype.test.ContentTypeResourceTest" time="0.829"/>
  <testcase name="testJson[4: page-content-type.json]" classname="com.dotcms.contenttype.test.ContentTypeResourceTest" time="4.212"/>
  <testcase name="testJson[5: empty-widget.json]" classname="com.dotcms.contenttype.test.ContentTypeResourceTest" time="1.943"/>
  <testcase name="testJson[6: widget-type-object.json]" classname="com.dotcms.contenttype.test.ContentTypeResourceTest" time="1.718"/>
  <testcase name="testJson[7: content-type-object-insert.json]" classname="com.dotcms.contenttype.test.ContentTypeResourceTest" time="1.456"/>
  <testcase name="test_setHostAndFolderAsIdentifer_with_null" classname="com.dotcms.contenttype.test.ContentTypeResourceTest" time="0.001"/>
  <testcase name="test_setHostAndFolderAsIdentifer_with_System_Host" classname="com.dotcms.contenttype.test.ContentTypeResourceTest" time="0.002"/>
  <system-out><![CDATA[]]></system-out>
  <system-err><![CDATA[]]></system-err>
</testsuite>
