<?xml version="1.0" encoding="UTF-8"?>
<testsuite name="com.dotmarketing.portlets.structure.model.ContentletRelationshipsTest" tests="7" skipped="0" failures="0" errors="0" timestamp="2023-06-23T19:36:42" hostname="fv-az256-466" time="11.977">
  <properties/>
  <testcase name="testDoesAllowOnlyOne[0: com.dotmarketing.portlets.structure.model.ContentletRelationshipsTest$CardinalityTestCase@586f44c2]" classname="com.dotmarketing.portlets.structure.model.ContentletRelationshipsTest" time="0.776"/>
  <testcase name="testDoesAllowOnlyOne[1: com.dotmarketing.portlets.structure.model.ContentletRelationshipsTest$CardinalityTestCase@710f2e08]" classname="com.dotmarketing.portlets.structure.model.ContentletRelationshipsTest" time="0.725"/>
  <testcase name="testDoesAllowOnlyOne[2: com.dotmarketing.portlets.structure.model.ContentletRelationshipsTest$CardinalityTestCase@4413e13b]" classname="com.dotmarketing.portlets.structure.model.ContentletRelationshipsTest" time="0.721"/>
  <testcase name="testGetRelationshipRecords[0: com.dotmarketing.portlets.structure.model.ContentletRelationshipsTest$TestCase@3d42d6e1]" classname="com.dotmarketing.portlets.structure.model.ContentletRelationshipsTest" time="2.56"/>
  <testcase name="testGetRelationshipRecords[1: com.dotmarketing.portlets.structure.model.ContentletRelationshipsTest$TestCase@1f29dcdf]" classname="com.dotmarketing.portlets.structure.model.ContentletRelationshipsTest" time="2.525"/>
  <testcase name="testGetRelationshipRecords[2: com.dotmarketing.portlets.structure.model.ContentletRelationshipsTest$TestCase@17dede5c]" classname="com.dotmarketing.portlets.structure.model.ContentletRelationshipsTest" time="2.317"/>
  <testcase name="testGetRelationshipRecords[3: com.dotmarketing.portlets.structure.model.ContentletRelationshipsTest$TestCase@4c1fffa5]" classname="com.dotmarketing.portlets.structure.model.ContentletRelationshipsTest" time="2.352"/>
  <system-out><![CDATA[]]></system-out>
  <system-err><![CDATA[]]></system-err>
</testsuite>
