<?xml version="1.0" encoding="UTF-8"?>
<testsuite name="com.dotcms.publisher.util.DependencyModDateUtilTest" tests="48" skipped="0" failures="0" errors="0" timestamp="2023-07-17T23:22:24" hostname="fv-az442-90" time="95.974">
  <properties/>
  <testcase name="excludeByModDateContentNotPushBefore: ForcePush: com.dotcms.publisher.util.DependencyModDateUtilTest$TestCase@25f66a6d" classname="com.dotcms.publisher.util.DependencyModDateUtilTest" time="1.686"/>
  <testcase name="excludeByModDateContentNotPushBefore: ForcePush: com.dotcms.publisher.util.DependencyModDateUtilTest$TestCase@16c5c732" classname="com.dotcms.publisher.util.DependencyModDateUtilTest" time="1.995"/>
  <testcase name="excludeByModDateContentNotPushBefore: ForcePush: com.dotcms.publisher.util.DependencyModDateUtilTest$TestCase@2674baf2" classname="com.dotcms.publisher.util.DependencyModDateUtilTest" time="2.0"/>
  <testcase name="excludeByModDateContentNotPushBefore: ForcePush: com.dotcms.publisher.util.DependencyModDateUtilTest$TestCase@4bb149d9" classname="com.dotcms.publisher.util.DependencyModDateUtilTest" time="2.223"/>
  <testcase name="excludeByModDateContentNotPushBefore: ForcePush: com.dotcms.publisher.util.DependencyModDateUtilTest$TestCase@5d82e7c0" classname="com.dotcms.publisher.util.DependencyModDateUtilTest" time="1.851"/>
  <testcase name="excludeByModDateContentNotPushBefore: ForcePush: com.dotcms.publisher.util.DependencyModDateUtilTest$TestCase@65465715" classname="com.dotcms.publisher.util.DependencyModDateUtilTest" time="2.048"/>
  <testcase name="excludeByModDateContentNotPushBefore: ForcePush: com.dotcms.publisher.util.DependencyModDateUtilTest$TestCase@6666c265" classname="com.dotcms.publisher.util.DependencyModDateUtilTest" time="1.999"/>
  <testcase name="excludeByModDateContentNotPushBefore: ForcePush: com.dotcms.publisher.util.DependencyModDateUtilTest$TestCase@2758b0f1" classname="com.dotcms.publisher.util.DependencyModDateUtilTest" time="2.023"/>
  <testcase name="excludeByModDateContentNotPushBefore: ForcePush: com.dotcms.publisher.util.DependencyModDateUtilTest$TestCase@6d2eff3d" classname="com.dotcms.publisher.util.DependencyModDateUtilTest" time="2.048"/>
  <testcase name="excludeByModDateContentNotPushBefore: ForcePush: com.dotcms.publisher.util.DependencyModDateUtilTest$TestCase@3a07f372" classname="com.dotcms.publisher.util.DependencyModDateUtilTest" time="2.013"/>
  <testcase name="excludeByModDateContentNotPushBefore: ForcePush: com.dotcms.publisher.util.DependencyModDateUtilTest$TestCase@6a227bbd" classname="com.dotcms.publisher.util.DependencyModDateUtilTest" time="2.019"/>
  <testcase name="excludeByModDateContentNotPushBefore: ForcePush: com.dotcms.publisher.util.DependencyModDateUtilTest$TestCase@89f8130" classname="com.dotcms.publisher.util.DependencyModDateUtilTest" time="2.039"/>
  <testcase name="excludeByModDateContentWithPushAssetAfterModDate: ForcePush: com.dotcms.publisher.util.DependencyModDateUtilTest$TestCase@25f66a6d" classname="com.dotcms.publisher.util.DependencyModDateUtilTest" time="2.065"/>
  <testcase name="excludeByModDateContentWithPushAssetAfterModDate: ForcePush: com.dotcms.publisher.util.DependencyModDateUtilTest$TestCase@16c5c732" classname="com.dotcms.publisher.util.DependencyModDateUtilTest" time="1.992"/>
  <testcase name="excludeByModDateContentWithPushAssetAfterModDate: ForcePush: com.dotcms.publisher.util.DependencyModDateUtilTest$TestCase@2674baf2" classname="com.dotcms.publisher.util.DependencyModDateUtilTest" time="2.103"/>
  <testcase name="excludeByModDateContentWithPushAssetAfterModDate: ForcePush: com.dotcms.publisher.util.DependencyModDateUtilTest$TestCase@4bb149d9" classname="com.dotcms.publisher.util.DependencyModDateUtilTest" time="1.96"/>
  <testcase name="excludeByModDateContentWithPushAssetAfterModDate: ForcePush: com.dotcms.publisher.util.DependencyModDateUtilTest$TestCase@5d82e7c0" classname="com.dotcms.publisher.util.DependencyModDateUtilTest" time="2.029"/>
  <testcase name="excludeByModDateContentWithPushAssetAfterModDate: ForcePush: com.dotcms.publisher.util.DependencyModDateUtilTest$TestCase@65465715" classname="com.dotcms.publisher.util.DependencyModDateUtilTest" time="2.071"/>
  <testcase name="excludeByModDateContentWithPushAssetAfterModDate: ForcePush: com.dotcms.publisher.util.DependencyModDateUtilTest$TestCase@6666c265" classname="com.dotcms.publisher.util.DependencyModDateUtilTest" time="1.021"/>
  <testcase name="excludeByModDateContentWithPushAssetAfterModDate: ForcePush: com.dotcms.publisher.util.DependencyModDateUtilTest$TestCase@2758b0f1" classname="com.dotcms.publisher.util.DependencyModDateUtilTest" time="2.056"/>
  <testcase name="excludeByModDateContentWithPushAssetAfterModDate: ForcePush: com.dotcms.publisher.util.DependencyModDateUtilTest$TestCase@6d2eff3d" classname="com.dotcms.publisher.util.DependencyModDateUtilTest" time="2.011"/>
  <testcase name="excludeByModDateContentWithPushAssetAfterModDate: ForcePush: com.dotcms.publisher.util.DependencyModDateUtilTest$TestCase@3a07f372" classname="com.dotcms.publisher.util.DependencyModDateUtilTest" time="2.012"/>
  <testcase name="excludeByModDateContentWithPushAssetAfterModDate: ForcePush: com.dotcms.publisher.util.DependencyModDateUtilTest$TestCase@6a227bbd" classname="com.dotcms.publisher.util.DependencyModDateUtilTest" time="1.995"/>
  <testcase name="excludeByModDateContentWithPushAssetAfterModDate: ForcePush: com.dotcms.publisher.util.DependencyModDateUtilTest$TestCase@89f8130" classname="com.dotcms.publisher.util.DependencyModDateUtilTest" time="2.035"/>
  <testcase name="excludeByModDateContentWithPushAssetBeforeModDate: ForcePush: com.dotcms.publisher.util.DependencyModDateUtilTest$TestCase@25f66a6d" classname="com.dotcms.publisher.util.DependencyModDateUtilTest" time="2.021"/>
  <testcase name="excludeByModDateContentWithPushAssetBeforeModDate: ForcePush: com.dotcms.publisher.util.DependencyModDateUtilTest$TestCase@16c5c732" classname="com.dotcms.publisher.util.DependencyModDateUtilTest" time="2.038"/>
  <testcase name="excludeByModDateContentWithPushAssetBeforeModDate: ForcePush: com.dotcms.publisher.util.DependencyModDateUtilTest$TestCase@2674baf2" classname="com.dotcms.publisher.util.DependencyModDateUtilTest" time="2.04"/>
  <testcase name="excludeByModDateContentWithPushAssetBeforeModDate: ForcePush: com.dotcms.publisher.util.DependencyModDateUtilTest$TestCase@4bb149d9" classname="com.dotcms.publisher.util.DependencyModDateUtilTest" time="1.996"/>
  <testcase name="excludeByModDateContentWithPushAssetBeforeModDate: ForcePush: com.dotcms.publisher.util.DependencyModDateUtilTest$TestCase@5d82e7c0" classname="com.dotcms.publisher.util.DependencyModDateUtilTest" time="2.051"/>
  <testcase name="excludeByModDateContentWithPushAssetBeforeModDate: ForcePush: com.dotcms.publisher.util.DependencyModDateUtilTest$TestCase@65465715" classname="com.dotcms.publisher.util.DependencyModDateUtilTest" time="2.016"/>
  <testcase name="excludeByModDateContentWithPushAssetBeforeModDate: ForcePush: com.dotcms.publisher.util.DependencyModDateUtilTest$TestCase@6666c265" classname="com.dotcms.publisher.util.DependencyModDateUtilTest" time="2.051"/>
  <testcase name="excludeByModDateContentWithPushAssetBeforeModDate: ForcePush: com.dotcms.publisher.util.DependencyModDateUtilTest$TestCase@2758b0f1" classname="com.dotcms.publisher.util.DependencyModDateUtilTest" time="2.0"/>
  <testcase name="excludeByModDateContentWithPushAssetBeforeModDate: ForcePush: com.dotcms.publisher.util.DependencyModDateUtilTest$TestCase@6d2eff3d" classname="com.dotcms.publisher.util.DependencyModDateUtilTest" time="2.03"/>
  <testcase name="excludeByModDateContentWithPushAssetBeforeModDate: ForcePush: com.dotcms.publisher.util.DependencyModDateUtilTest$TestCase@3a07f372" classname="com.dotcms.publisher.util.DependencyModDateUtilTest" time="2.022"/>
  <testcase name="excludeByModDateContentWithPushAssetBeforeModDate: ForcePush: com.dotcms.publisher.util.DependencyModDateUtilTest$TestCase@6a227bbd" classname="com.dotcms.publisher.util.DependencyModDateUtilTest" time="2.035"/>
  <testcase name="excludeByModDateContentWithPushAssetBeforeModDate: ForcePush: com.dotcms.publisher.util.DependencyModDateUtilTest$TestCase@89f8130" classname="com.dotcms.publisher.util.DependencyModDateUtilTest" time="2.078"/>
  <testcase name="excludeByModDateContentWithTwoEnvironment: ForcePush: com.dotcms.publisher.util.DependencyModDateUtilTest$TestCase@25f66a6d" classname="com.dotcms.publisher.util.DependencyModDateUtilTest" time="1.988"/>
  <testcase name="excludeByModDateContentWithTwoEnvironment: ForcePush: com.dotcms.publisher.util.DependencyModDateUtilTest$TestCase@16c5c732" classname="com.dotcms.publisher.util.DependencyModDateUtilTest" time="2.034"/>
  <testcase name="excludeByModDateContentWithTwoEnvironment: ForcePush: com.dotcms.publisher.util.DependencyModDateUtilTest$TestCase@2674baf2" classname="com.dotcms.publisher.util.DependencyModDateUtilTest" time="2.021"/>
  <testcase name="excludeByModDateContentWithTwoEnvironment: ForcePush: com.dotcms.publisher.util.DependencyModDateUtilTest$TestCase@4bb149d9" classname="com.dotcms.publisher.util.DependencyModDateUtilTest" time="2.053"/>
  <testcase name="excludeByModDateContentWithTwoEnvironment: ForcePush: com.dotcms.publisher.util.DependencyModDateUtilTest$TestCase@5d82e7c0" classname="com.dotcms.publisher.util.DependencyModDateUtilTest" time="1.991"/>
  <testcase name="excludeByModDateContentWithTwoEnvironment: ForcePush: com.dotcms.publisher.util.DependencyModDateUtilTest$TestCase@65465715" classname="com.dotcms.publisher.util.DependencyModDateUtilTest" time="2.047"/>
  <testcase name="excludeByModDateContentWithTwoEnvironment: ForcePush: com.dotcms.publisher.util.DependencyModDateUtilTest$TestCase@6666c265" classname="com.dotcms.publisher.util.DependencyModDateUtilTest" time="2.059"/>
  <testcase name="excludeByModDateContentWithTwoEnvironment: ForcePush: com.dotcms.publisher.util.DependencyModDateUtilTest$TestCase@2758b0f1" classname="com.dotcms.publisher.util.DependencyModDateUtilTest" time="2.006"/>
  <testcase name="excludeByModDateContentWithTwoEnvironment: ForcePush: com.dotcms.publisher.util.DependencyModDateUtilTest$TestCase@6d2eff3d" classname="com.dotcms.publisher.util.DependencyModDateUtilTest" time="2.03"/>
  <testcase name="excludeByModDateContentWithTwoEnvironment: ForcePush: com.dotcms.publisher.util.DependencyModDateUtilTest$TestCase@3a07f372" classname="com.dotcms.publisher.util.DependencyModDateUtilTest" time="2.005"/>
  <testcase name="excludeByModDateContentWithTwoEnvironment: ForcePush: com.dotcms.publisher.util.DependencyModDateUtilTest$TestCase@6a227bbd" classname="com.dotcms.publisher.util.DependencyModDateUtilTest" time="2.066"/>
  <testcase name="excludeByModDateContentWithTwoEnvironment: ForcePush: com.dotcms.publisher.util.DependencyModDateUtilTest$TestCase@89f8130" classname="com.dotcms.publisher.util.DependencyModDateUtilTest" time="1.996"/>
  <system-out><![CDATA[]]></system-out>
  <system-err><![CDATA[]]></system-err>
</testsuite>
