<?xml version="1.0" encoding="UTF-8"?>
<testsuite name="org.apache.velocity.tools.view.tools.CookieToolTest" tests="2" skipped="0" failures="0" errors="0" timestamp="2023-07-17T23:08:01" hostname="fv-az407-374" time="0.008">
  <properties/>
  <testcase name="test_add_cookie_max_timesuccess" classname="org.apache.velocity.tools.view.tools.CookieToolTest" time="0.005"/>
  <testcase name="test_add_cookie_success" classname="org.apache.velocity.tools.view.tools.CookieToolTest" time="0.003"/>
  <system-out><![CDATA[]]></system-out>
  <system-err><![CDATA[]]></system-err>
</testsuite>
