<?xml version="1.0" encoding="UTF-8"?>
<testsuite name="com.dotcms.business.LocalTransactionAndCloseDBIfOpenedFactoryTest" tests="5" skipped="5" failures="0" errors="0" timestamp="2023-06-29T19:18:25" hostname="fv-az408-23" time="0.0">
  <properties/>
  <testcase name="testSingleSelectUpdateTransaction" classname="com.dotcms.business.LocalTransactionAndCloseDBIfOpenedFactoryTest" time="0.0">
    <skipped/>
  </testcase>
  <testcase name="testSelectUpdateTransaction" classname="com.dotcms.business.LocalTransactionAndCloseDBIfOpenedFactoryTest" time="0.0">
    <skipped/>
  </testcase>
  <testcase name="testUpdateSelectTransaction" classname="com.dotcms.business.LocalTransactionAndCloseDBIfOpenedFactoryTest" time="0.0">
    <skipped/>
  </testcase>
  <testcase name="testUpdateExternalTransactionSuccess_Even_If_Current_Transaction_Fails" classname="com.dotcms.business.LocalTransactionAndCloseDBIfOpenedFactoryTest" time="0.0">
    <skipped/>
  </testcase>
  <testcase name="testSingleSelectTransaction" classname="com.dotcms.business.LocalTransactionAndCloseDBIfOpenedFactoryTest" time="0.0">
    <skipped/>
  </testcase>
  <system-out><![CDATA[]]></system-out>
  <system-err><![CDATA[]]></system-err>
</testsuite>
