<?xml version="1.0" encoding="UTF-8"?>
<testsuite name="com.dotcms.publishing.manifest.CSVManifestBuilderTest" tests="34" skipped="0" failures="0" errors="0" timestamp="2023-07-14T21:36:27" hostname="fv-az551-988" time="0.11">
  <properties/>
  <testcase name="exclude[0: com.dotcms.publishing.manifest.CSVManifestBuilderTest$TestCase@3cda1fe8]" classname="com.dotcms.publishing.manifest.CSVManifestBuilderTest" time="0.002"/>
  <testcase name="exclude[1: com.dotcms.publishing.manifest.CSVManifestBuilderTest$TestCase@6001b4ee]" classname="com.dotcms.publishing.manifest.CSVManifestBuilderTest" time="0.001"/>
  <testcase name="exclude[2: com.dotcms.publishing.manifest.CSVManifestBuilderTest$TestCase@9eb982c]" classname="com.dotcms.publishing.manifest.CSVManifestBuilderTest" time="0.001"/>
  <testcase name="exclude[3: com.dotcms.publishing.manifest.CSVManifestBuilderTest$TestCase@126a7bd5]" classname="com.dotcms.publishing.manifest.CSVManifestBuilderTest" time="0.001"/>
  <testcase name="exclude[4: com.dotcms.publishing.manifest.CSVManifestBuilderTest$TestCase@7ea3132f]" classname="com.dotcms.publishing.manifest.CSVManifestBuilderTest" time="0.001"/>
  <testcase name="exclude[5: com.dotcms.publishing.manifest.CSVManifestBuilderTest$TestCase@13e87ed1]" classname="com.dotcms.publishing.manifest.CSVManifestBuilderTest" time="0.002"/>
  <testcase name="exclude[6: com.dotcms.publishing.manifest.CSVManifestBuilderTest$TestCase@4617be78]" classname="com.dotcms.publishing.manifest.CSVManifestBuilderTest" time="0.001"/>
  <testcase name="exclude[7: com.dotcms.publishing.manifest.CSVManifestBuilderTest$TestCase@762d1bc]" classname="com.dotcms.publishing.manifest.CSVManifestBuilderTest" time="0.001"/>
  <testcase name="exclude[8: com.dotcms.publishing.manifest.CSVManifestBuilderTest$TestCase@613e9014]" classname="com.dotcms.publishing.manifest.CSVManifestBuilderTest" time="0.001"/>
  <testcase name="exclude[9: com.dotcms.publishing.manifest.CSVManifestBuilderTest$TestCase@31f06414]" classname="com.dotcms.publishing.manifest.CSVManifestBuilderTest" time="0.001"/>
  <testcase name="exclude[10: com.dotcms.publishing.manifest.CSVManifestBuilderTest$TestCase@4aeff82c]" classname="com.dotcms.publishing.manifest.CSVManifestBuilderTest" time="0.001"/>
  <testcase name="exclude[11: com.dotcms.publishing.manifest.CSVManifestBuilderTest$TestCase@5b913ffc]" classname="com.dotcms.publishing.manifest.CSVManifestBuilderTest" time="0.001"/>
  <testcase name="exclude[12: com.dotcms.publishing.manifest.CSVManifestBuilderTest$TestCase@4e3abaaa]" classname="com.dotcms.publishing.manifest.CSVManifestBuilderTest" time="0.0"/>
  <testcase name="exclude[13: com.dotcms.publishing.manifest.CSVManifestBuilderTest$TestCase@7c58a7bd]" classname="com.dotcms.publishing.manifest.CSVManifestBuilderTest" time="0.001"/>
  <testcase name="exclude[14: com.dotcms.publishing.manifest.CSVManifestBuilderTest$TestCase@49c30e82]" classname="com.dotcms.publishing.manifest.CSVManifestBuilderTest" time="0.001"/>
  <testcase name="emptyManifestFile" classname="com.dotcms.publishing.manifest.CSVManifestBuilderTest" time="0.001"/>
  <testcase name="addHeader" classname="com.dotcms.publishing.manifest.CSVManifestBuilderTest" time="0.031"/>
  <testcase name="callAddHeaderAfterInclude" classname="com.dotcms.publishing.manifest.CSVManifestBuilderTest" time="0.016"/>
  <testcase name="include[0: com.dotcms.publishing.manifest.CSVManifestBuilderTest$TestCase@3cda1fe8]" classname="com.dotcms.publishing.manifest.CSVManifestBuilderTest" time="0.004"/>
  <testcase name="include[1: com.dotcms.publishing.manifest.CSVManifestBuilderTest$TestCase@6001b4ee]" classname="com.dotcms.publishing.manifest.CSVManifestBuilderTest" time="0.001"/>
  <testcase name="include[2: com.dotcms.publishing.manifest.CSVManifestBuilderTest$TestCase@9eb982c]" classname="com.dotcms.publishing.manifest.CSVManifestBuilderTest" time="0.001"/>
  <testcase name="include[3: com.dotcms.publishing.manifest.CSVManifestBuilderTest$TestCase@126a7bd5]" classname="com.dotcms.publishing.manifest.CSVManifestBuilderTest" time="0.001"/>
  <testcase name="include[4: com.dotcms.publishing.manifest.CSVManifestBuilderTest$TestCase@7ea3132f]" classname="com.dotcms.publishing.manifest.CSVManifestBuilderTest" time="0.001"/>
  <testcase name="include[5: com.dotcms.publishing.manifest.CSVManifestBuilderTest$TestCase@13e87ed1]" classname="com.dotcms.publishing.manifest.CSVManifestBuilderTest" time="0.001"/>
  <testcase name="include[6: com.dotcms.publishing.manifest.CSVManifestBuilderTest$TestCase@4617be78]" classname="com.dotcms.publishing.manifest.CSVManifestBuilderTest" time="0.001"/>
  <testcase name="include[7: com.dotcms.publishing.manifest.CSVManifestBuilderTest$TestCase@762d1bc]" classname="com.dotcms.publishing.manifest.CSVManifestBuilderTest" time="0.001"/>
  <testcase name="include[8: com.dotcms.publishing.manifest.CSVManifestBuilderTest$TestCase@613e9014]" classname="com.dotcms.publishing.manifest.CSVManifestBuilderTest" time="0.001"/>
  <testcase name="include[9: com.dotcms.publishing.manifest.CSVManifestBuilderTest$TestCase@31f06414]" classname="com.dotcms.publishing.manifest.CSVManifestBuilderTest" time="0.001"/>
  <testcase name="include[10: com.dotcms.publishing.manifest.CSVManifestBuilderTest$TestCase@4aeff82c]" classname="com.dotcms.publishing.manifest.CSVManifestBuilderTest" time="0.001"/>
  <testcase name="include[11: com.dotcms.publishing.manifest.CSVManifestBuilderTest$TestCase@5b913ffc]" classname="com.dotcms.publishing.manifest.CSVManifestBuilderTest" time="0.001"/>
  <testcase name="include[12: com.dotcms.publishing.manifest.CSVManifestBuilderTest$TestCase@4e3abaaa]" classname="com.dotcms.publishing.manifest.CSVManifestBuilderTest" time="0.001"/>
  <testcase name="include[13: com.dotcms.publishing.manifest.CSVManifestBuilderTest$TestCase@7c58a7bd]" classname="com.dotcms.publishing.manifest.CSVManifestBuilderTest" time="0.002"/>
  <testcase name="include[14: com.dotcms.publishing.manifest.CSVManifestBuilderTest$TestCase@49c30e82]" classname="com.dotcms.publishing.manifest.CSVManifestBuilderTest" time="0.001"/>
  <testcase name="callAddHeaderAfterExclude" classname="com.dotcms.publishing.manifest.CSVManifestBuilderTest" time="0.017"/>
  <system-out><![CDATA[]]></system-out>
  <system-err><![CDATA[]]></system-err>
</testsuite>
