<?xml version="1.0" encoding="UTF-8"?>
<testsuite name="com.dotmarketing.portlets.structure.model.ContentletRelationshipsTest" tests="7" skipped="0" failures="0" errors="0" timestamp="2023-07-17T19:14:53" hostname="fv-az563-445" time="9.051">
  <properties/>
  <testcase name="testDoesAllowOnlyOne[0: com.dotmarketing.portlets.structure.model.ContentletRelationshipsTest$CardinalityTestCase@22bd31d7]" classname="com.dotmarketing.portlets.structure.model.ContentletRelationshipsTest" time="0.463"/>
  <testcase name="testDoesAllowOnlyOne[1: com.dotmarketing.portlets.structure.model.ContentletRelationshipsTest$CardinalityTestCase@7cea5846]" classname="com.dotmarketing.portlets.structure.model.ContentletRelationshipsTest" time="0.478"/>
  <testcase name="testDoesAllowOnlyOne[2: com.dotmarketing.portlets.structure.model.ContentletRelationshipsTest$CardinalityTestCase@2554b6f3]" classname="com.dotmarketing.portlets.structure.model.ContentletRelationshipsTest" time="0.485"/>
  <testcase name="testGetRelationshipRecords[0: com.dotmarketing.portlets.structure.model.ContentletRelationshipsTest$TestCase@710e2a3]" classname="com.dotmarketing.portlets.structure.model.ContentletRelationshipsTest" time="2.073"/>
  <testcase name="testGetRelationshipRecords[1: com.dotmarketing.portlets.structure.model.ContentletRelationshipsTest$TestCase@4ce8481f]" classname="com.dotmarketing.portlets.structure.model.ContentletRelationshipsTest" time="1.923"/>
  <testcase name="testGetRelationshipRecords[2: com.dotmarketing.portlets.structure.model.ContentletRelationshipsTest$TestCase@62ee01ac]" classname="com.dotmarketing.portlets.structure.model.ContentletRelationshipsTest" time="1.807"/>
  <testcase name="testGetRelationshipRecords[3: com.dotmarketing.portlets.structure.model.ContentletRelationshipsTest$TestCase@620dc02c]" classname="com.dotmarketing.portlets.structure.model.ContentletRelationshipsTest" time="1.821"/>
  <system-out><![CDATA[]]></system-out>
  <system-err><![CDATA[]]></system-err>
</testsuite>
