<?xml version="1.0" encoding="UTF-8"?>
<testsuite name="com.dotcms.experiments.business.ExperimentAPIImpIntegrationTest" tests="47" skipped="0" failures="0" errors="0" timestamp="2023-07-14T23:16:40" hostname="fv-az1107-746" time="91.208">
  <properties/>
  <testcase name="pageReachDirectRefererMultiDays" classname="com.dotcms.experiments.business.ExperimentAPIImpIntegrationTest" time="1.944"/>
  <testcase name="test_calcBayesian_BOverA_BounceRate" classname="com.dotcms.experiments.business.ExperimentAPIImpIntegrationTest" time="1.224"/>
  <testcase name="pageReachAfterExperimentPageButNotDirectReferer" classname="com.dotcms.experiments.business.ExperimentAPIImpIntegrationTest" time="1.311"/>
  <testcase name="noBounceRateWithIndex[0: /index]" classname="com.dotcms.experiments.business.ExperimentAPIImpIntegrationTest" time="2.179"/>
  <testcase name="noBounceRateWithIndex[1: /INDEX]" classname="com.dotcms.experiments.business.ExperimentAPIImpIntegrationTest" time="1.896"/>
  <testcase name="noBounceRateWithIndex[2: /IndEX]" classname="com.dotcms.experiments.business.ExperimentAPIImpIntegrationTest" time="1.736"/>
  <testcase name="noBounceRateWithIndex[3: &lt;empty string&gt;]" classname="com.dotcms.experiments.business.ExperimentAPIImpIntegrationTest" time="1.01"/>
  <testcase name="noBounceRateWithIndex[4: /]" classname="com.dotcms.experiments.business.ExperimentAPIImpIntegrationTest" time="1.15"/>
  <testcase name="noBounceRateWithIndex[5: /?variantName=dotexperiment-fcaef4575a-variant-1&amp;redirect=true]" classname="com.dotcms.experiments.business.ExperimentAPIImpIntegrationTest" time="1.206"/>
  <testcase name="multiDaysEvent" classname="com.dotcms.experiments.business.ExperimentAPIImpIntegrationTest" time="2.137"/>
  <testcase name="pageReachNotDirectReferer" classname="com.dotcms.experiments.business.ExperimentAPIImpIntegrationTest" time="1.979"/>
  <testcase name="resultWithPagination" classname="com.dotcms.experiments.business.ExperimentAPIImpIntegrationTest" time="2.389"/>
  <testcase name="createRunningIdWhenExperimentIsTurnToRunning" classname="com.dotcms.experiments.business.ExperimentAPIImpIntegrationTest" time="1.787"/>
  <testcase name="test_calcBayesian_ABC" classname="com.dotcms.experiments.business.ExperimentAPIImpIntegrationTest" time="1.754"/>
  <testcase name="bounceRate" classname="com.dotcms.experiments.business.ExperimentAPIImpIntegrationTest" time="2.935"/>
  <testcase name="tryToGetResultFromExperimentNotSaved" classname="com.dotcms.experiments.business.ExperimentAPIImpIntegrationTest" time="1.482"/>
  <testcase name="testSaveExperiment_shouldNotValidateSchedule" classname="com.dotcms.experiments.business.ExperimentAPIImpIntegrationTest" time="2.456"/>
  <testcase name="testADeleteOriginalVariant_shouldFail" classname="com.dotcms.experiments.business.ExperimentAPIImpIntegrationTest" time="1.478"/>
  <testcase name="createRunningIdWithStartScheduled" classname="com.dotcms.experiments.business.ExperimentAPIImpIntegrationTest" time="2.091"/>
  <testcase name="testAddMoreThanOneOriginalVariant_shouldFail" classname="com.dotcms.experiments.business.ExperimentAPIImpIntegrationTest" time="1.959"/>
  <testcase name="pageNotReachButExperimentPageWasView" classname="com.dotcms.experiments.business.ExperimentAPIImpIntegrationTest" time="1.812"/>
  <testcase name="addUrlConditionToReachPageGoal" classname="com.dotcms.experiments.business.ExperimentAPIImpIntegrationTest" time="0.469"/>
  <testcase name="restartExperimentMustGenerateTwoRunningIds" classname="com.dotcms.experiments.business.ExperimentAPIImpIntegrationTest" time="1.854"/>
  <testcase name="resultWithPaginationWhenTheLastPageIsNotComplte" classname="com.dotcms.experiments.business.ExperimentAPIImpIntegrationTest" time="1.969"/>
  <testcase name="pageReachDirectReferer" classname="com.dotcms.experiments.business.ExperimentAPIImpIntegrationTest" time="1.815"/>
  <testcase name="notBounceRateSession" classname="com.dotcms.experiments.business.ExperimentAPIImpIntegrationTest" time="1.93"/>
  <testcase name="test_calcBayesian_AOverB_ended" classname="com.dotcms.experiments.business.ExperimentAPIImpIntegrationTest" time="0.848"/>
  <testcase name="testStartExperiment_shouldPublishContent" classname="com.dotcms.experiments.business.ExperimentAPIImpIntegrationTest" time="3.07"/>
  <testcase name="resultWithUrlMap" classname="com.dotcms.experiments.business.ExperimentAPIImpIntegrationTest" time="2.148"/>
  <testcase name="getEvents" classname="com.dotcms.experiments.business.ExperimentAPIImpIntegrationTest" time="1.932"/>
  <testcase name="tryToGetResultFromExperimentNotStarted" classname="com.dotcms.experiments.business.ExperimentAPIImpIntegrationTest" time="1.637"/>
  <testcase name="getSplitTrafficInsideExperimentResults" classname="com.dotcms.experiments.business.ExperimentAPIImpIntegrationTest" time="1.249"/>
  <testcase name="addUrlConditionToBounceRateCondition" classname="com.dotcms.experiments.business.ExperimentAPIImpIntegrationTest" time="1.919"/>
  <testcase name="pageReachButExperimentPageWasNotView" classname="com.dotcms.experiments.business.ExperimentAPIImpIntegrationTest" time="2.367"/>
  <testcase name="renderUrlMapPageWithExperiment" classname="com.dotcms.experiments.business.ExperimentAPIImpIntegrationTest" time="2.634"/>
  <testcase name="restartExperimentUsingTheStartScheduled" classname="com.dotcms.experiments.business.ExperimentAPIImpIntegrationTest" time="1.942"/>
  <testcase name="test_calcBayesian_AOverB" classname="com.dotcms.experiments.business.ExperimentAPIImpIntegrationTest" time="1.756"/>
  <testcase name="test_calcBayesian_BOverA" classname="com.dotcms.experiments.business.ExperimentAPIImpIntegrationTest" time="2.008"/>
  <testcase name="test_getResults_missingAnalyticsApp" classname="com.dotcms.experiments.business.ExperimentAPIImpIntegrationTest" time="1.509"/>
  <testcase name="notBounceRate" classname="com.dotcms.experiments.business.ExperimentAPIImpIntegrationTest" time="2.566"/>
  <testcase name="bounceRateWithIndex[0: /index]" classname="com.dotcms.experiments.business.ExperimentAPIImpIntegrationTest" time="1.798"/>
  <testcase name="bounceRateWithIndex[1: /INDEX]" classname="com.dotcms.experiments.business.ExperimentAPIImpIntegrationTest" time="1.986"/>
  <testcase name="bounceRateWithIndex[2: /IndEX]" classname="com.dotcms.experiments.business.ExperimentAPIImpIntegrationTest" time="2.079"/>
  <testcase name="bounceRateWithIndex[3: &lt;empty string&gt;]" classname="com.dotcms.experiments.business.ExperimentAPIImpIntegrationTest" time="2.049"/>
  <testcase name="bounceRateWithIndex[4: /]" classname="com.dotcms.experiments.business.ExperimentAPIImpIntegrationTest" time="2.032"/>
  <testcase name="bounceRateWithIndex[5: /?variantName=dotexperiment-fcaef4575a-variant-1&amp;redirect=true]" classname="com.dotcms.experiments.business.ExperimentAPIImpIntegrationTest" time="2.09"/>
  <testcase name="getRunningExperiment" classname="com.dotcms.experiments.business.ExperimentAPIImpIntegrationTest" time="5.608"/>
  <system-out><![CDATA[]]></system-out>
  <system-err><![CDATA[]]></system-err>
</testsuite>
