<?xml version="1.0" encoding="UTF-8"?>
<testsuite name="com.dotcms.publishing.PublisherAPIImplTest" tests="24" skipped="0" failures="0" errors="0" timestamp="2023-07-13T16:08:35" hostname="fv-az262-63" time="5.138">
  <properties/>
  <testcase name="AddAllCategoryIntoBundle" classname="com.dotcms.publishing.PublisherAPIImplTest" time="0.201"/>
  <testcase name="testFilterDescriptors" classname="com.dotcms.publishing.PublisherAPIImplTest" time="0.084"/>
  <testcase name="sendPushPublishBundle[0: com.dotcms.publishing.PublisherAPIImplTest$TestAsset@59ccdc91]" classname="com.dotcms.publishing.PublisherAPIImplTest" time="1.532"/>
  <testcase name="sendPushPublishBundle[1: com.dotcms.publishing.PublisherAPIImplTest$TestAsset@540273cd]" classname="com.dotcms.publishing.PublisherAPIImplTest" time="0.296"/>
  <testcase name="sendPushPublishBundle[2: com.dotcms.publishing.PublisherAPIImplTest$TestAsset@51a34bed]" classname="com.dotcms.publishing.PublisherAPIImplTest" time="0.263"/>
  <testcase name="sendPushPublishBundle[3: com.dotcms.publishing.PublisherAPIImplTest$TestAsset@724a3d3d]" classname="com.dotcms.publishing.PublisherAPIImplTest" time="0.421"/>
  <testcase name="sendPushPublishBundle[4: com.dotcms.publishing.PublisherAPIImplTest$TestAsset@4ddd4fb1]" classname="com.dotcms.publishing.PublisherAPIImplTest" time="0.291"/>
  <testcase name="sendPushPublishBundle[5: com.dotcms.publishing.PublisherAPIImplTest$TestAsset@a06d1dc]" classname="com.dotcms.publishing.PublisherAPIImplTest" time="0.186"/>
  <testcase name="sendPushPublishBundle[6: com.dotcms.publishing.PublisherAPIImplTest$TestAsset@41b11f52]" classname="com.dotcms.publishing.PublisherAPIImplTest" time="0.182"/>
  <testcase name="sendPushPublishBundle[7: com.dotcms.publishing.PublisherAPIImplTest$TestAsset@6231718c]" classname="com.dotcms.publishing.PublisherAPIImplTest" time="0.18"/>
  <testcase name="sendPushPublishBundle[8: com.dotcms.publishing.PublisherAPIImplTest$TestAsset@45b60abc]" classname="com.dotcms.publishing.PublisherAPIImplTest" time="0.141"/>
  <testcase name="sendPushPublishBundle[9: com.dotcms.publishing.PublisherAPIImplTest$TestAsset@7982abe7]" classname="com.dotcms.publishing.PublisherAPIImplTest" time="0.179"/>
  <testcase name="sendPushPublishBundle[10: com.dotcms.publishing.PublisherAPIImplTest$TestAsset@3080600a]" classname="com.dotcms.publishing.PublisherAPIImplTest" time="0.062"/>
  <testcase name="generateBundle[0: com.dotcms.publishing.PublisherAPIImplTest$TestAsset@59ccdc91]" classname="com.dotcms.publishing.PublisherAPIImplTest" time="0.106"/>
  <testcase name="generateBundle[1: com.dotcms.publishing.PublisherAPIImplTest$TestAsset@540273cd]" classname="com.dotcms.publishing.PublisherAPIImplTest" time="0.091"/>
  <testcase name="generateBundle[2: com.dotcms.publishing.PublisherAPIImplTest$TestAsset@51a34bed]" classname="com.dotcms.publishing.PublisherAPIImplTest" time="0.098"/>
  <testcase name="generateBundle[3: com.dotcms.publishing.PublisherAPIImplTest$TestAsset@724a3d3d]" classname="com.dotcms.publishing.PublisherAPIImplTest" time="0.169"/>
  <testcase name="generateBundle[4: com.dotcms.publishing.PublisherAPIImplTest$TestAsset@4ddd4fb1]" classname="com.dotcms.publishing.PublisherAPIImplTest" time="0.16"/>
  <testcase name="generateBundle[5: com.dotcms.publishing.PublisherAPIImplTest$TestAsset@a06d1dc]" classname="com.dotcms.publishing.PublisherAPIImplTest" time="0.098"/>
  <testcase name="generateBundle[6: com.dotcms.publishing.PublisherAPIImplTest$TestAsset@41b11f52]" classname="com.dotcms.publishing.PublisherAPIImplTest" time="0.098"/>
  <testcase name="generateBundle[7: com.dotcms.publishing.PublisherAPIImplTest$TestAsset@6231718c]" classname="com.dotcms.publishing.PublisherAPIImplTest" time="0.094"/>
  <testcase name="generateBundle[8: com.dotcms.publishing.PublisherAPIImplTest$TestAsset@45b60abc]" classname="com.dotcms.publishing.PublisherAPIImplTest" time="0.057"/>
  <testcase name="generateBundle[9: com.dotcms.publishing.PublisherAPIImplTest$TestAsset@7982abe7]" classname="com.dotcms.publishing.PublisherAPIImplTest" time="0.124"/>
  <testcase name="generateBundle[10: com.dotcms.publishing.PublisherAPIImplTest$TestAsset@3080600a]" classname="com.dotcms.publishing.PublisherAPIImplTest" time="0.017"/>
  <system-out><![CDATA[









































































































































































]]></system-out>
  <system-err><![CDATA[]]></system-err>
</testsuite>
