<?xml version="1.0" encoding="UTF-8"?>
<testsuite name="com.dotcms.content.elasticsearch.business.ElasticsearchUtilTest" tests="23" skipped="0" failures="0" errors="0" timestamp="2023-06-26T17:13:59" hostname="fv-az585-827" time="2.561">
  <properties/>
  <testcase name="whenTheIndexDoesNotExistsShouldThrowException" classname="com.dotcms.content.elasticsearch.business.ElasticsearchUtilTest" time="0.002"/>
  <testcase name="shouldSetWorkingAndLiveIndexToReadOnly[0: index.blocks.read_only]" classname="com.dotcms.content.elasticsearch.business.ElasticsearchUtilTest" time="0.277"/>
  <testcase name="shouldSetWorkingAndLiveIndexToReadOnly[1: index.blocks.read_only_allow_delete]" classname="com.dotcms.content.elasticsearch.business.ElasticsearchUtilTest" time="0.309"/>
  <testcase name="whenIntervalUpdateIsSetInMinutes" classname="com.dotcms.content.elasticsearch.business.ElasticsearchUtilTest" time="0.052"/>
  <testcase name="shouldReturnTrueWhenLiveIndexIsReadOnly[0: index.blocks.read_only]" classname="com.dotcms.content.elasticsearch.business.ElasticsearchUtilTest" time="0.199"/>
  <testcase name="shouldReturnTrueWhenLiveIndexIsReadOnly[1: index.blocks.read_only_allow_delete]" classname="com.dotcms.content.elasticsearch.business.ElasticsearchUtilTest" time="0.176"/>
  <testcase name="shouldReturnTrueIfTheCurrentIndicesAreReadOnly[0: index.blocks.read_only]" classname="com.dotcms.content.elasticsearch.business.ElasticsearchUtilTest" time="0.115"/>
  <testcase name="shouldReturnTrueIfTheCurrentIndicesAreReadOnly[1: index.blocks.read_only_allow_delete]" classname="com.dotcms.content.elasticsearch.business.ElasticsearchUtilTest" time="0.118"/>
  <testcase name="whenIntervalUpdateIsSetInSeconds" classname="com.dotcms.content.elasticsearch.business.ElasticsearchUtilTest" time="0.055"/>
  <testcase name="whenIntervalUpdateIsSetInDefaultValue" classname="com.dotcms.content.elasticsearch.business.ElasticsearchUtilTest" time="0.028"/>
  <testcase name="shouldReturnFalseIfTheCurrentIndicesAreNotReadOnly[0: index.blocks.read_only]" classname="com.dotcms.content.elasticsearch.business.ElasticsearchUtilTest" time="0.128"/>
  <testcase name="shouldReturnFalseIfTheCurrentIndicesAreNotReadOnly[1: index.blocks.read_only_allow_delete]" classname="com.dotcms.content.elasticsearch.business.ElasticsearchUtilTest" time="0.097"/>
  <testcase name="shouldReturnFalseWhenTheClusterIsInReadOnlyMode[0: cluster.blocks.read_only]" classname="com.dotcms.content.elasticsearch.business.ElasticsearchUtilTest" time="0.059"/>
  <testcase name="shouldReturnFalseWhenTheClusterIsInReadOnlyMode[1: cluster.blocks.read_only_allow_delete]" classname="com.dotcms.content.elasticsearch.business.ElasticsearchUtilTest" time="0.055"/>
  <testcase name="setClusterReadOnlyModeToFalse[0: cluster.blocks.read_only]" classname="com.dotcms.content.elasticsearch.business.ElasticsearchUtilTest" time="0.071"/>
  <testcase name="setClusterReadOnlyModeToFalse[1: cluster.blocks.read_only_allow_delete]" classname="com.dotcms.content.elasticsearch.business.ElasticsearchUtilTest" time="0.053"/>
  <testcase name="shouldPutReadonlyInFalse[0: index.blocks.read_only]" classname="com.dotcms.content.elasticsearch.business.ElasticsearchUtilTest" time="0.165"/>
  <testcase name="shouldPutReadonlyInFalse[1: index.blocks.read_only_allow_delete]" classname="com.dotcms.content.elasticsearch.business.ElasticsearchUtilTest" time="0.164"/>
  <testcase name="shouldReturnFalseWhenTheClusterIsNotInReadOnlyMode[0: cluster.blocks.read_only]" classname="com.dotcms.content.elasticsearch.business.ElasticsearchUtilTest" time="0.008"/>
  <testcase name="shouldReturnFalseWhenTheClusterIsNotInReadOnlyMode[1: cluster.blocks.read_only_allow_delete]" classname="com.dotcms.content.elasticsearch.business.ElasticsearchUtilTest" time="0.009"/>
  <testcase name="shouldTryPutReadonlyInTrueAndTheIndexDoesNotExists" classname="com.dotcms.content.elasticsearch.business.ElasticsearchUtilTest" time="0.002"/>
  <testcase name="shouldReturnTrueWhenWorkingIndexIsReadOnly[0: index.blocks.read_only]" classname="com.dotcms.content.elasticsearch.business.ElasticsearchUtilTest" time="0.21"/>
  <testcase name="shouldReturnTrueWhenWorkingIndexIsReadOnly[1: index.blocks.read_only_allow_delete]" classname="com.dotcms.content.elasticsearch.business.ElasticsearchUtilTest" time="0.199"/>
  <system-out><![CDATA[]]></system-out>
  <system-err><![CDATA[]]></system-err>
</testsuite>
