<?xml version="1.0" encoding="UTF-8"?>
<testsuite name="com.dotmarketing.business.DeterministicIdentifierAPITest" tests="16" skipped="0" failures="0" errors="0" timestamp="2023-07-20T20:20:47" hostname="fv-az408-124" time="1.202">
  <properties/>
  <testcase name="Test_Category_Path_Seed_And_Id" classname="com.dotmarketing.business.DeterministicIdentifierAPITest" time="0.028"/>
  <testcase name="Test_Language_Deterministic_Id[0: LanguageTestCase{expectedSeed='Language:es:US', expectedHash=4913155, langCode='es', countryCode='US', country='United States'}]" classname="com.dotmarketing.business.DeterministicIdentifierAPITest" time="0.001"/>
  <testcase name="Test_Language_Deterministic_Id[1: LanguageTestCase{expectedSeed='Language:ep:', expectedHash=5292269, langCode='ep', countryCode='', country=''}]" classname="com.dotmarketing.business.DeterministicIdentifierAPITest" time="0.001"/>
  <testcase name="Test_Language_Deterministic_Id[2: LanguageTestCase{expectedSeed='Language:sg:SAG', expectedHash=4713118, langCode='sg', countryCode='SAG', country=''}]" classname="com.dotmarketing.business.DeterministicIdentifierAPITest" time="0.001"/>
  <testcase name="Test_Language_Deterministic_Id[3: LanguageTestCase{expectedSeed='Language:en:NZ', expectedHash=5382528, langCode='en', countryCode='NZ', country='New Zealand'}]" classname="com.dotmarketing.business.DeterministicIdentifierAPITest" time="0.001"/>
  <testcase name="Test_Category_None_Persisted_Category_Should_Return_Deterministic_Id" classname="com.dotmarketing.business.DeterministicIdentifierAPITest" time="0.002"/>
  <testcase name="Test_Asset_Generate_Deterministic_Id_Best_Effort[0: TestCase{versionable=my.host1689884065754.com, parent=System Host, expectedName='my.host1689884065754.com', expectedType='Host'}]" classname="com.dotmarketing.business.DeterministicIdentifierAPITest" time="0.003"/>
  <testcase name="Test_Asset_Generate_Deterministic_Id_Best_Effort[1: TestCase{versionable=com.dotmarketing.portlets.contentlet.model.Contentlet@441d7bb5[map={modDate=2023-07-20 20:14:26.618, fileName=file7264420857418880111.txt, title=file7264420857418880111.txt, inode=6c5d9220-6b59-463d-b30d-e960f86a7251, __IS_NEW_CONTENT__=true, disabledWYSIWYG=[], host=d25ea46a-37f1-4ced-9f98-ffad15d3e4e5, stInode=33888b6f-7a8e-4069-b1b6-5c1aa9d0a48d, owner=system, identifier=d7e414e8-428e-4421-a97d-cc95fb73c317, nullProperties=[wfExpireDate, wfPublishDate, wfActionAssign, wfActionId, wfActionComments, filterKey, whereToSend, wfNeverExpire, _path_to_move, timezoneId, iWantTo, wfPublishTime, wfExpireTime], languageId=1, fileAsset=/home/runner/work/core/custom/assets/6/c/6c5d9220-6b59-463d-b30d-e960f86a7251/fileAsset/file7264420857418880111.txt, folder=ef292b94-15a2-4102-a1df-6c9353d9d7cb, __disable_workflow__=true, sortOrder=0, modUser=system},lowIndexPriority=false,variantId=DEFAULT], parent=com.dotmarketing.portlets.folders.model.Folder@1ede2556[identifier=ef292b94-15a2-4102-a1df-6c9353d9d7cb,name=testName1689884066608,sortOrder=0,showOnMenu=false,hostId=d25ea46a-37f1-4ced-9f98-ffad15d3e4e5,type=folder,title=testTitle1689884066608,filesMasks=,defaultFileType=33888b6f-7a8e-4069-b1b6-5c1aa9d0a48d,modDate=2023-07-20 20:14:26.613,owner=&lt;null&gt;,iDate=2023-07-20 20:14:26.613,inode=ef292b94-15a2-4102-a1df-6c9353d9d7cb,path=/testName1689884066608/], expectedName='file7264420857418880111.txt', expectedType='FileAsset'}]" classname="com.dotmarketing.business.DeterministicIdentifierAPITest" time="0.003"/>
  <testcase name="Test_Asset_Generate_Deterministic_Id_Best_Effort[2: TestCase{versionable=com.dotmarketing.portlets.templates.model.Template@5ad260a5, parent=my.host1689884065754.com, expectedName='testTitle1689884066718', expectedType='Template'}]" classname="com.dotmarketing.business.DeterministicIdentifierAPITest" time="0.002"/>
  <testcase name="Test_Asset_Generate_Deterministic_Id_Best_Effort[3: TestCase{versionable=com.dotmarketing.portlets.htmlpageasset.model.HTMLPageAsset@73a37020[map={template=93224c30-0748-4d5f-8346-e293218bea08, owner=system, identifier=f0fae7e7-0d3c-497b-bc99-aea5a3eebef0, nullProperties=[wfExpireDate, wfPublishDate, wfActionAssign, wfActionId, wfActionComments, filterKey, whereToSend, wfNeverExpire, _path_to_move, timezoneId, iWantTo, wfPublishTime, wfExpireTime], modDate=2023-07-20 20:14:26.733, cachettl=0, _is_test_mode=true, languageId=1, title=test-page-title-1689884066729, httpsreq=, url=test-page-url-1689884066729, showOnMenu=, inode=5f085fc4-e8d9-48bd-9185-309113b27716, folder=ef292b94-15a2-4102-a1df-6c9353d9d7cb, disabledWYSIWYG=[], sortOrder=1, modUser=system, host=d25ea46a-37f1-4ced-9f98-ffad15d3e4e5, stInode=c541abb1-69b3-4bc5-8430-5e09e5239cc8, friendlyName=test-page-friendly-name-1689884066729},lowIndexPriority=false,variantId=DEFAULT], parent=com.dotmarketing.portlets.folders.model.Folder@1ede2556[identifier=ef292b94-15a2-4102-a1df-6c9353d9d7cb,name=testName1689884066608,sortOrder=0,showOnMenu=false,hostId=d25ea46a-37f1-4ced-9f98-ffad15d3e4e5,type=folder,title=testTitle1689884066608,filesMasks=,defaultFileType=33888b6f-7a8e-4069-b1b6-5c1aa9d0a48d,modDate=2023-07-20 20:14:26.613,owner=&lt;null&gt;,iDate=2023-07-20 20:14:26.613,inode=ef292b94-15a2-4102-a1df-6c9353d9d7cb,path=/testName1689884066608/], expectedName='test-page-url-1689884066729', expectedType='htmlpageasset'}]" classname="com.dotmarketing.business.DeterministicIdentifierAPITest" time="0.003"/>
  <testcase name="Test_Asset_Generate_Deterministic_Id_Best_Effort[4: TestCase{versionable=com.dotmarketing.portlets.contentlet.model.Contentlet@28f3ff64[map={fileAsset2=/home/runner/work/core/custom/assets/2/7/27afe2b5-0111-472d-9a6f-58725255876c/fileAsset2/test_binary1689884067563.png, modDate=2023-07-20 20:14:27.568, fileAsset1=/home/runner/work/core/custom/assets/2/7/27afe2b5-0111-472d-9a6f-58725255876c/fileAsset1/test_binary1689884067563.jpg, title=blah, inode=27afe2b5-0111-472d-9a6f-58725255876c, __IS_NEW_CONTENT__=true, disabledWYSIWYG=[], host=48190c8c-42c4-46af-8d1a-0cd5db894797, stInode=d9b16c80-68b6-4d0c-a54e-0fca395a21f2, owner=system, identifier=cbb7fe21-ec22-439e-85c5-df418c6f0448, nullProperties=[], languageId=1, image1=bb630b6a-35aa-4653-9630-cdaa3ea9cb12, folder=SYSTEM_FOLDER, __disable_workflow__=true, sortOrder=0, modUser=system},lowIndexPriority=false,variantId=DEFAULT], parent=demo.dotcms.com, expectedName='test_binary1689884067563.jpg:test_binary1689884067563.png', expectedType='MultipleBinaries1689884066905'}]" classname="com.dotmarketing.business.DeterministicIdentifierAPITest" time="0.004"/>
  <testcase name="Test_Asset_Generate_Deterministic_Id_Best_Effort[5: TestCase{versionable=name64fe342140 : keyTag64fe342140, parent=my.host1689884065754.com, expectedName='keyTag64fe342140', expectedType='persona'}]" classname="com.dotmarketing.business.DeterministicIdentifierAPITest" time="0.003"/>
  <testcase name="Test_Similar_Content_Type_Wont_Clash" classname="com.dotmarketing.business.DeterministicIdentifierAPITest" time="0.398"/>
  <testcase name="Test_Generate_Folder_Identifier" classname="com.dotmarketing.business.DeterministicIdentifierAPITest" time="0.737"/>
  <testcase name="Test_Generate_Content_Type_Identifier[0: ContentTypeTestCase{contentType=KeyValueContentType{name=Language Variable, id=f4d7c1b8-2c88-4071-abf1-a5328977b07d, description=Default Content Type for Language Variables, defaultType=false, fixed=true, iDate=Thu Aug 31 16:38:49 UTC 2017, system=true, versionable=true, variable=Languagevariable, modDate=Thu Jul 20 19:09:12 UTC 2023, host=SYSTEM_HOST, siteName=systemHost, icon=language, sortOrder=0, folder=SYSTEM_FOLDER, folderPath=/, markedForDeletion=true, multilingualable=false}, expectedName='Languagevariable', expectedType='KeyValue'}]" classname="com.dotmarketing.business.DeterministicIdentifierAPITest" time="0.006"/>
  <testcase name="Test_Generate_Content_Type_Identifier[1: ContentTypeTestCase{contentType=SimpleContentType{name=testName1689884068015, id=f5dc9184-cd94-49fd-b764-a5a4348f504d, description=testDescription1689884068015, defaultType=false, fixed=false, iDate=Thu Jul 20 20:14:28 UTC 2023, system=false, versionable=true, multilingualable=false, variable=testVarname1689884068015, owner=system, modDate=Thu Jul 20 20:14:28 UTC 2023, host=48190c8c-42c4-46af-8d1a-0cd5db894797, siteName=demo.dotcms.com, icon=event_note, sortOrder=0, folder=SYSTEM_FOLDER, folderPath=/, requiredFields=[], markedForDeletion=false}, expectedName='testVarname1689884068015', expectedType='CONTENT'}]" classname="com.dotmarketing.business.DeterministicIdentifierAPITest" time="0.005"/>
  <system-out><![CDATA[]]></system-out>
  <system-err><![CDATA[]]></system-err>
</testsuite>
