<?xml version="1.0" encoding="UTF-8"?>
<testsuite name="com.dotcms.mock.request.CachedParameterDecoratorTest" tests="1" skipped="0" failures="0" errors="0" timestamp="2023-06-28T19:56:40" hostname="fv-az851-777" time="0.005">
  <properties/>
  <testcase name="testDecorate" classname="com.dotcms.mock.request.CachedParameterDecoratorTest" time="0.005"/>
  <system-out><![CDATA[]]></system-out>
  <system-err><![CDATA[]]></system-err>
</testsuite>
