<?xml version="1.0" encoding="UTF-8"?>
<testsuite name="com.dotcms.rest.api.v1.system.ConfigurationHelperTest" tests="3" skipped="0" failures="0" errors="0" timestamp="2023-07-19T19:55:10" hostname="fv-az842-421" time="0.008">
  <properties/>
  <testcase name="Test_Parse_Well_Formed_Mail" classname="com.dotcms.rest.api.v1.system.ConfigurationHelperTest" time="0.002"/>
  <testcase name="Test_Parse_Bad_eMail_Mail" classname="com.dotcms.rest.api.v1.system.ConfigurationHelperTest" time="0.004"/>
  <testcase name="Test_Parse_Well_Formed_Mail_And_Sender" classname="com.dotcms.rest.api.v1.system.ConfigurationHelperTest" time="0.002"/>
  <system-out><![CDATA[]]></system-out>
  <system-err><![CDATA[]]></system-err>
</testsuite>
