<?xml version="1.0" encoding="UTF-8"?>
<testsuite name="com.dotmarketing.servlets.ajax.AjaxDirectorServletIntegrationTest" tests="2" skipped="0" failures="0" errors="0" timestamp="2023-07-13T20:47:24" hostname="fv-az305-739" time="2.821">
  <properties/>
  <testcase name="testService[0: com.dotmarketing.servlets.ajax.AjaxDirectorServletTestCase@1f2a557e]" classname="com.dotmarketing.servlets.ajax.AjaxDirectorServletIntegrationTest" time="1.606"/>
  <testcase name="testService[1: com.dotmarketing.servlets.ajax.AjaxDirectorServletTestCase@f95c8f2]" classname="com.dotmarketing.servlets.ajax.AjaxDirectorServletIntegrationTest" time="1.214"/>
  <system-out><![CDATA[]]></system-out>
  <system-err><![CDATA[]]></system-err>
</testsuite>
