<?xml version="1.0" encoding="UTF-8"?>
<testsuite name="com.dotcms.publisher.business.PublisherAPIImplTest" tests="7" skipped="0" failures="0" errors="0" timestamp="2023-06-26T16:09:29" hostname="fv-az422-943" time="9.326">
  <properties/>
  <testcase name="test_deleteElementFromPublishQueueTable_OneAsset" classname="com.dotcms.publisher.business.PublisherAPIImplTest" time="1.725"/>
  <testcase name="test_deleteElementFromPublishQueueTable_TwoAssets" classname="com.dotcms.publisher.business.PublisherAPIImplTest" time="2.084"/>
  <testcase name="test_deleteElementsFromPublishQueueTable_TwoAssets" classname="com.dotcms.publisher.business.PublisherAPIImplTest" time="2.106"/>
  <testcase name="test_getQueueBundleIdsToProcess_ShouldExcludeFailedIntegrityStatus[0: BUNDLE_SENT_SUCCESSFULLY]" classname="com.dotcms.publisher.business.PublisherAPIImplTest" time="0.106"/>
  <testcase name="test_getQueueBundleIdsToProcess_ShouldExcludeFailedIntegrityStatus[1: PUBLISHING_BUNDLE]" classname="com.dotcms.publisher.business.PublisherAPIImplTest" time="1.119"/>
  <testcase name="test_getQueueBundleIdsToProcess_ShouldExcludeFailedIntegrityStatus[2: WAITING_FOR_PUBLISHING]" classname="com.dotcms.publisher.business.PublisherAPIImplTest" time="1.081"/>
  <testcase name="test_getQueueBundleIdsToProcess_ShouldExcludeFailedIntegrityStatus[3: FAILED_INTEGRITY_CHECK]" classname="com.dotcms.publisher.business.PublisherAPIImplTest" time="1.105"/>
  <system-out><![CDATA[]]></system-out>
  <system-err><![CDATA[]]></system-err>
</testsuite>
