<?xml version="1.0" encoding="UTF-8"?>
<testsuite name="com.dotmarketing.business.DeterministicIdentifierAPITest" tests="16" skipped="0" failures="0" errors="0" timestamp="2023-07-13T23:07:13" hostname="fv-az267-171" time="1.512">
  <properties/>
  <testcase name="Test_Category_Path_Seed_And_Id" classname="com.dotmarketing.business.DeterministicIdentifierAPITest" time="0.027"/>
  <testcase name="Test_Language_Deterministic_Id[0: LanguageTestCase{expectedSeed='Language:es:US', expectedHash=4913155, langCode='es', countryCode='US', country='United States'}]" classname="com.dotmarketing.business.DeterministicIdentifierAPITest" time="0.001"/>
  <testcase name="Test_Language_Deterministic_Id[1: LanguageTestCase{expectedSeed='Language:ep:', expectedHash=5292269, langCode='ep', countryCode='', country=''}]" classname="com.dotmarketing.business.DeterministicIdentifierAPITest" time="0.001"/>
  <testcase name="Test_Language_Deterministic_Id[2: LanguageTestCase{expectedSeed='Language:sg:SAG', expectedHash=4713118, langCode='sg', countryCode='SAG', country=''}]" classname="com.dotmarketing.business.DeterministicIdentifierAPITest" time="0.001"/>
  <testcase name="Test_Language_Deterministic_Id[3: LanguageTestCase{expectedSeed='Language:en:NZ', expectedHash=5382528, langCode='en', countryCode='NZ', country='New Zealand'}]" classname="com.dotmarketing.business.DeterministicIdentifierAPITest" time="0.0"/>
  <testcase name="Test_Category_None_Persisted_Category_Should_Return_Deterministic_Id" classname="com.dotmarketing.business.DeterministicIdentifierAPITest" time="0.001"/>
  <testcase name="Test_Asset_Generate_Deterministic_Id_Best_Effort[0: TestCase{versionable=my.host1689289205397.com, parent=System Host, expectedName='my.host1689289205397.com', expectedType='Host'}]" classname="com.dotmarketing.business.DeterministicIdentifierAPITest" time="0.003"/>
  <testcase name="Test_Asset_Generate_Deterministic_Id_Best_Effort[1: TestCase{versionable=com.dotmarketing.portlets.contentlet.model.Contentlet@5153c57a[map={modDate=2023-07-13 23:00:05.983, fileName=file7973928498460030852.txt, title=file7973928498460030852.txt, inode=43919976-e47e-4dce-a33d-e278579012d4, __IS_NEW_CONTENT__=true, disabledWYSIWYG=[], host=daa91779-305c-4d4c-b85b-9b61c8adfd5e, stInode=33888b6f-7a8e-4069-b1b6-5c1aa9d0a48d, owner=system, identifier=7a0eb60b-7589-48c3-beaa-4c54c0606c65, nullProperties=[wfExpireDate, wfPublishDate, wfActionAssign, wfActionId, wfActionComments, filterKey, whereToSend, wfNeverExpire, _path_to_move, timezoneId, iWantTo, wfPublishTime, wfExpireTime], languageId=1, fileAsset=/home/runner/work/core/custom/assets/4/3/43919976-e47e-4dce-a33d-e278579012d4/fileAsset/file7973928498460030852.txt, folder=e7fcc34b-d13f-4afa-93a7-f7d6df040aeb, __disable_workflow__=true, sortOrder=0, modUser=system},lowIndexPriority=false,variantId=DEFAULT], parent=com.dotmarketing.portlets.folders.model.Folder@173b7966[identifier=e7fcc34b-d13f-4afa-93a7-f7d6df040aeb,name=testName1689289205976,sortOrder=0,showOnMenu=false,hostId=daa91779-305c-4d4c-b85b-9b61c8adfd5e,type=folder,title=testTitle1689289205976,filesMasks=,defaultFileType=33888b6f-7a8e-4069-b1b6-5c1aa9d0a48d,modDate=2023-07-13 23:00:05.979,owner=&lt;null&gt;,iDate=2023-07-13 23:00:05.979,inode=e7fcc34b-d13f-4afa-93a7-f7d6df040aeb,path=/testName1689289205976/], expectedName='file7973928498460030852.txt', expectedType='FileAsset'}]" classname="com.dotmarketing.business.DeterministicIdentifierAPITest" time="0.003"/>
  <testcase name="Test_Asset_Generate_Deterministic_Id_Best_Effort[2: TestCase{versionable=com.dotmarketing.portlets.templates.model.Template@a37cc45, parent=my.host1689289205397.com, expectedName='testTitle1689289206125', expectedType='Template'}]" classname="com.dotmarketing.business.DeterministicIdentifierAPITest" time="0.002"/>
  <testcase name="Test_Asset_Generate_Deterministic_Id_Best_Effort[3: TestCase{versionable=com.dotmarketing.portlets.htmlpageasset.model.HTMLPageAsset@55b2b89e[map={template=60beda55-79aa-4e37-87d0-350040532867, owner=system, identifier=f70ea86f-5c06-4adf-875e-b57e492574ba, nullProperties=[wfExpireDate, wfPublishDate, wfActionAssign, wfActionId, wfActionComments, filterKey, whereToSend, wfNeverExpire, _path_to_move, timezoneId, iWantTo, wfPublishTime, wfExpireTime], modDate=2023-07-13 23:00:06.143, cachettl=0, _is_test_mode=true, languageId=1, title=test-page-title-1689289206138, httpsreq=, url=test-page-url-1689289206138, showOnMenu=, inode=9d79a3d4-e051-4c1a-a3f5-4a54d1cebf48, folder=e7fcc34b-d13f-4afa-93a7-f7d6df040aeb, disabledWYSIWYG=[], sortOrder=1, modUser=system, host=daa91779-305c-4d4c-b85b-9b61c8adfd5e, stInode=c541abb1-69b3-4bc5-8430-5e09e5239cc8, friendlyName=test-page-friendly-name-1689289206138},lowIndexPriority=false,variantId=DEFAULT], parent=com.dotmarketing.portlets.folders.model.Folder@173b7966[identifier=e7fcc34b-d13f-4afa-93a7-f7d6df040aeb,name=testName1689289205976,sortOrder=0,showOnMenu=false,hostId=daa91779-305c-4d4c-b85b-9b61c8adfd5e,type=folder,title=testTitle1689289205976,filesMasks=,defaultFileType=33888b6f-7a8e-4069-b1b6-5c1aa9d0a48d,modDate=2023-07-13 23:00:05.979,owner=&lt;null&gt;,iDate=2023-07-13 23:00:05.979,inode=e7fcc34b-d13f-4afa-93a7-f7d6df040aeb,path=/testName1689289205976/], expectedName='test-page-url-1689289206138', expectedType='htmlpageasset'}]" classname="com.dotmarketing.business.DeterministicIdentifierAPITest" time="0.004"/>
  <testcase name="Test_Asset_Generate_Deterministic_Id_Best_Effort[4: TestCase{versionable=com.dotmarketing.portlets.contentlet.model.Contentlet@5787480d[map={fileAsset2=/home/runner/work/core/custom/assets/9/c/9c857686-dfb5-47ae-bbc7-b71c9f776292/fileAsset2/test_binary1689289208014.png, modDate=2023-07-13 23:00:08.02, fileAsset1=/home/runner/work/core/custom/assets/9/c/9c857686-dfb5-47ae-bbc7-b71c9f776292/fileAsset1/test_binary1689289208014.jpg, title=blah, inode=9c857686-dfb5-47ae-bbc7-b71c9f776292, __IS_NEW_CONTENT__=true, disabledWYSIWYG=[], host=48190c8c-42c4-46af-8d1a-0cd5db894797, stInode=95ece1e5-6be8-49cb-aeb5-c3e3932b0b07, owner=system, identifier=c6d729f4-f7e5-4b37-9db3-4620befe466b, nullProperties=[], languageId=1, image1=8152e8f7-e6fe-41f0-be40-2382a53a4f17, folder=SYSTEM_FOLDER, __disable_workflow__=true, sortOrder=0, modUser=system},lowIndexPriority=false,variantId=DEFAULT], parent=demo.dotcms.com, expectedName='test_binary1689289208014.jpg:test_binary1689289208014.png', expectedType='MultipleBinaries1689289206346'}]" classname="com.dotmarketing.business.DeterministicIdentifierAPITest" time="0.005"/>
  <testcase name="Test_Asset_Generate_Deterministic_Id_Best_Effort[5: TestCase{versionable=namea711b39ade : keyTaga711b39ade, parent=my.host1689289205397.com, expectedName='keyTaga711b39ade', expectedType='persona'}]" classname="com.dotmarketing.business.DeterministicIdentifierAPITest" time="0.003"/>
  <testcase name="Test_Similar_Content_Type_Wont_Clash" classname="com.dotmarketing.business.DeterministicIdentifierAPITest" time="0.523"/>
  <testcase name="Test_Generate_Folder_Identifier" classname="com.dotmarketing.business.DeterministicIdentifierAPITest" time="0.925"/>
  <testcase name="Test_Generate_Content_Type_Identifier[0: ContentTypeTestCase{contentType=KeyValueContentType{name=Language Variable, id=f4d7c1b8-2c88-4071-abf1-a5328977b07d, description=Default Content Type for Language Variables, defaultType=false, fixed=true, iDate=Thu Aug 31 16:38:49 UTC 2017, system=true, versionable=true, variable=Languagevariable, modDate=Thu Jul 13 21:49:06 UTC 2023, host=SYSTEM_HOST, siteName=systemHost, icon=language, sortOrder=0, folder=SYSTEM_FOLDER, folderPath=/, markedForDeletion=true, multilingualable=false}, expectedName='Languagevariable', expectedType='KeyValue'}]" classname="com.dotmarketing.business.DeterministicIdentifierAPITest" time="0.005"/>
  <testcase name="Test_Generate_Content_Type_Identifier[1: ContentTypeTestCase{contentType=SimpleContentType{name=testName1689289208570, id=4571b17d-9dd4-44e0-a85e-a019d6e611b8, description=testDescription1689289208570, defaultType=false, fixed=false, iDate=Thu Jul 13 23:00:08 UTC 2023, system=false, versionable=true, multilingualable=false, variable=testVarname1689289208570, owner=system, modDate=Thu Jul 13 23:00:09 UTC 2023, host=48190c8c-42c4-46af-8d1a-0cd5db894797, siteName=demo.dotcms.com, icon=event_note, sortOrder=0, folder=SYSTEM_FOLDER, folderPath=/, requiredFields=[], markedForDeletion=false}, expectedName='testVarname1689289208570', expectedType='CONTENT'}]" classname="com.dotmarketing.business.DeterministicIdentifierAPITest" time="0.004"/>
  <system-out><![CDATA[]]></system-out>
  <system-err><![CDATA[]]></system-err>
</testsuite>
