<?xml version="1.0" encoding="UTF-8"?>
<testsuite name="com.dotcms.rest.api.v1.vtl.VTLResourceIntegrationTest" tests="6" skipped="0" failures="0" errors="0" timestamp="2023-06-30T21:25:15" hostname="fv-az1226-633" time="10.178">
  <properties/>
  <testcase name="testGet[0: com.dotcms.rest.api.v1.vtl.VTLResourceTestCase@697b89b]" classname="com.dotcms.rest.api.v1.vtl.VTLResourceIntegrationTest" time="1.281"/>
  <testcase name="testGet[1: com.dotcms.rest.api.v1.vtl.VTLResourceTestCase@315f4c22]" classname="com.dotcms.rest.api.v1.vtl.VTLResourceIntegrationTest" time="1.763"/>
  <testcase name="testGet[2: com.dotcms.rest.api.v1.vtl.VTLResourceTestCase@398df242]" classname="com.dotcms.rest.api.v1.vtl.VTLResourceIntegrationTest" time="2.113"/>
  <testcase name="testGet[3: com.dotcms.rest.api.v1.vtl.VTLResourceTestCase@3cfc5772]" classname="com.dotcms.rest.api.v1.vtl.VTLResourceIntegrationTest" time="1.085"/>
  <testcase name="testGet[4: com.dotcms.rest.api.v1.vtl.VTLResourceTestCase@7146316]" classname="com.dotcms.rest.api.v1.vtl.VTLResourceIntegrationTest" time="1.814"/>
  <testcase name="testGet[5: com.dotcms.rest.api.v1.vtl.VTLResourceTestCase@4c61118a]" classname="com.dotcms.rest.api.v1.vtl.VTLResourceIntegrationTest" time="2.122"/>
  <system-out><![CDATA[]]></system-out>
  <system-err><![CDATA[]]></system-err>
</testsuite>
