<?xml version="1.0" encoding="UTF-8"?>
<testsuite name="com.dotcms.rest.elasticsearch.ESContentResourcePortletTest" tests="8" skipped="0" failures="0" errors="0" timestamp="2023-06-23T19:15:21" hostname="fv-az162-375" time="8.551">
  <properties/>
  <testcase name="test_search_includeGrandChildCategory_success" classname="com.dotcms.rest.elasticsearch.ESContentResourcePortletTest" time="1.34"/>
  <testcase name="testSearch[0: com.dotcms.rest.elasticsearch.ESContentResourcePortletTest$TestCase@29d194af]" classname="com.dotcms.rest.elasticsearch.ESContentResourcePortletTest" time="0.897"/>
  <testcase name="testSearch[1: com.dotcms.rest.elasticsearch.ESContentResourcePortletTest$TestCase@1c70061f]" classname="com.dotcms.rest.elasticsearch.ESContentResourcePortletTest" time="1.205"/>
  <testcase name="testSearch[2: com.dotcms.rest.elasticsearch.ESContentResourcePortletTest$TestCase@63fa9470]" classname="com.dotcms.rest.elasticsearch.ESContentResourcePortletTest" time="0.901"/>
  <testcase name="testSearch[3: com.dotcms.rest.elasticsearch.ESContentResourcePortletTest$TestCase@1ac81033]" classname="com.dotcms.rest.elasticsearch.ESContentResourcePortletTest" time="1.193"/>
  <testcase name="testSearch[4: com.dotcms.rest.elasticsearch.ESContentResourcePortletTest$TestCase@3f198b29]" classname="com.dotcms.rest.elasticsearch.ESContentResourcePortletTest" time="1.219"/>
  <testcase name="testSearch[5: com.dotcms.rest.elasticsearch.ESContentResourcePortletTest$TestCase@23c5222b]" classname="com.dotcms.rest.elasticsearch.ESContentResourcePortletTest" time="0.879"/>
  <testcase name="testSearch[6: com.dotcms.rest.elasticsearch.ESContentResourcePortletTest$TestCase@142b6b37]" classname="com.dotcms.rest.elasticsearch.ESContentResourcePortletTest" time="0.916"/>
  <system-out><![CDATA[]]></system-out>
  <system-err><![CDATA[]]></system-err>
</testsuite>
