<?xml version="1.0" encoding="UTF-8"?>
<testsuite name="com.dotcms.rest.elasticsearch.ESContentResourcePortletTest" tests="8" skipped="0" failures="0" errors="0" timestamp="2023-07-04T01:58:16" hostname="fv-az951-870" time="11.149">
  <properties/>
  <testcase name="test_search_includeGrandChildCategory_success" classname="com.dotcms.rest.elasticsearch.ESContentResourcePortletTest" time="2.808"/>
  <testcase name="testSearch[0: com.dotcms.rest.elasticsearch.ESContentResourcePortletTest$TestCase@6c666863]" classname="com.dotcms.rest.elasticsearch.ESContentResourcePortletTest" time="1.329"/>
  <testcase name="testSearch[1: com.dotcms.rest.elasticsearch.ESContentResourcePortletTest$TestCase@64a7a4f7]" classname="com.dotcms.rest.elasticsearch.ESContentResourcePortletTest" time="1.411"/>
  <testcase name="testSearch[2: com.dotcms.rest.elasticsearch.ESContentResourcePortletTest$TestCase@493214ee]" classname="com.dotcms.rest.elasticsearch.ESContentResourcePortletTest" time="1.338"/>
  <testcase name="testSearch[3: com.dotcms.rest.elasticsearch.ESContentResourcePortletTest$TestCase@6cb1534d]" classname="com.dotcms.rest.elasticsearch.ESContentResourcePortletTest" time="0.361"/>
  <testcase name="testSearch[4: com.dotcms.rest.elasticsearch.ESContentResourcePortletTest$TestCase@334b1bc8]" classname="com.dotcms.rest.elasticsearch.ESContentResourcePortletTest" time="1.434"/>
  <testcase name="testSearch[5: com.dotcms.rest.elasticsearch.ESContentResourcePortletTest$TestCase@6a92814a]" classname="com.dotcms.rest.elasticsearch.ESContentResourcePortletTest" time="1.163"/>
  <testcase name="testSearch[6: com.dotcms.rest.elasticsearch.ESContentResourcePortletTest$TestCase@335e7d92]" classname="com.dotcms.rest.elasticsearch.ESContentResourcePortletTest" time="1.303"/>
  <system-out><![CDATA[]]></system-out>
  <system-err><![CDATA[]]></system-err>
</testsuite>
