<?xml version="1.0" encoding="UTF-8"?>
<testsuite name="com.dotcms.contenttype.test.ContentTypeResourceTest" tests="10" skipped="0" failures="0" errors="0" timestamp="2023-07-03T17:07:30" hostname="fv-az313-710" time="17.533">
  <properties/>
  <testcase name="testJson[0: widget-type-object.json]" classname="com.dotcms.contenttype.test.ContentTypeResourceTest" time="2.322"/>
  <testcase name="testJson[1: empty-widget.json]" classname="com.dotcms.contenttype.test.ContentTypeResourceTest" time="1.856"/>
  <testcase name="testJson[2: content-type-object.json]" classname="com.dotcms.contenttype.test.ContentTypeResourceTest" time="1.387"/>
  <testcase name="testJson[3: persona-type-object.json]" classname="com.dotcms.contenttype.test.ContentTypeResourceTest" time="2.379"/>
  <testcase name="testJson[4: content-type-array-insert.json]" classname="com.dotcms.contenttype.test.ContentTypeResourceTest" time="2.395"/>
  <testcase name="testJson[5: file-asset.json]" classname="com.dotcms.contenttype.test.ContentTypeResourceTest" time="1.724"/>
  <testcase name="testJson[6: page-content-type.json]" classname="com.dotcms.contenttype.test.ContentTypeResourceTest" time="4.062"/>
  <testcase name="testJson[7: content-type-object-insert.json]" classname="com.dotcms.contenttype.test.ContentTypeResourceTest" time="1.404"/>
  <testcase name="test_setHostAndFolderAsIdentifer_with_null" classname="com.dotcms.contenttype.test.ContentTypeResourceTest" time="0.001"/>
  <testcase name="test_setHostAndFolderAsIdentifer_with_System_Host" classname="com.dotcms.contenttype.test.ContentTypeResourceTest" time="0.002"/>
  <system-out><![CDATA[]]></system-out>
  <system-err><![CDATA[]]></system-err>
</testsuite>
