<?xml version="1.0" encoding="UTF-8"?>
<testsuite name="com.dotcms.rest.TagResourceIntegrationTest" tests="4" skipped="0" failures="0" errors="0" timestamp="2023-07-11T22:09:23" hostname="fv-az436-467" time="0.355">
  <properties/>
  <testcase name="testList[0: com.dotcms.rest.TagResourceTestCase@76c976f]" classname="com.dotcms.rest.TagResourceIntegrationTest" time="0.276"/>
  <testcase name="testList[1: com.dotcms.rest.TagResourceTestCase@16308fa5]" classname="com.dotcms.rest.TagResourceIntegrationTest" time="0.03"/>
  <testcase name="testList[2: com.dotcms.rest.TagResourceTestCase@1261f788]" classname="com.dotcms.rest.TagResourceIntegrationTest" time="0.024"/>
  <testcase name="testList[3: com.dotcms.rest.TagResourceTestCase@526f6473]" classname="com.dotcms.rest.TagResourceIntegrationTest" time="0.025"/>
  <system-out><![CDATA[]]></system-out>
  <system-err><![CDATA[Jul 11, 2023 10:09:23 PM com.dotcms.repackage.org.hibernate.validator.internal.util.Version <clinit>
INFO: HV000001: Hibernate Validator 4.3.2.Final
]]></system-err>
</testsuite>
