<?xml version="1.0" encoding="UTF-8"?>
<testsuite name="com.dotcms.publishing.manifest.ManifestReaderFactoryTest" tests="1" skipped="0" failures="0" errors="0" timestamp="2023-06-30T18:06:12" hostname="fv-az455-211" time="0.152">
  <properties/>
  <testcase name="createCSVManifestReader" classname="com.dotcms.publishing.manifest.ManifestReaderFactoryTest" time="0.152"/>
  <system-out><![CDATA[
]]></system-out>
  <system-err><![CDATA[]]></system-err>
</testsuite>
