<?xml version="1.0" encoding="UTF-8"?>
<testsuite name="com.dotcms.rest.TagResourceIntegrationTest" tests="4" skipped="0" failures="0" errors="0" timestamp="2023-07-06T19:54:20" hostname="fv-az1234-650" time="0.35">
  <properties/>
  <testcase name="testList[0: com.dotcms.rest.TagResourceTestCase@2a5b1e89]" classname="com.dotcms.rest.TagResourceIntegrationTest" time="0.283"/>
  <testcase name="testList[1: com.dotcms.rest.TagResourceTestCase@ba6cff6]" classname="com.dotcms.rest.TagResourceIntegrationTest" time="0.025"/>
  <testcase name="testList[2: com.dotcms.rest.TagResourceTestCase@4eef1db1]" classname="com.dotcms.rest.TagResourceIntegrationTest" time="0.02"/>
  <testcase name="testList[3: com.dotcms.rest.TagResourceTestCase@1f3c7d29]" classname="com.dotcms.rest.TagResourceIntegrationTest" time="0.021"/>
  <system-out><![CDATA[]]></system-out>
  <system-err><![CDATA[Jul 06, 2023 7:54:20 PM com.dotcms.repackage.org.hibernate.validator.internal.util.Version <clinit>
INFO: HV000001: Hibernate Validator 4.3.2.Final
]]></system-err>
</testsuite>
