<?xml version="1.0" encoding="UTF-8"?>
<testsuite name="com.dotcms.rest.elasticsearch.ESContentResourcePortletTest" tests="8" skipped="0" failures="0" errors="0" timestamp="2023-06-26T17:10:28" hostname="fv-az1226-245" time="8.508">
  <properties/>
  <testcase name="test_search_includeGrandChildCategory_success" classname="com.dotcms.rest.elasticsearch.ESContentResourcePortletTest" time="1.32"/>
  <testcase name="testSearch[0: com.dotcms.rest.elasticsearch.ESContentResourcePortletTest$TestCase@4d8ad9e8]" classname="com.dotcms.rest.elasticsearch.ESContentResourcePortletTest" time="0.853"/>
  <testcase name="testSearch[1: com.dotcms.rest.elasticsearch.ESContentResourcePortletTest$TestCase@56ba3285]" classname="com.dotcms.rest.elasticsearch.ESContentResourcePortletTest" time="1.279"/>
  <testcase name="testSearch[2: com.dotcms.rest.elasticsearch.ESContentResourcePortletTest$TestCase@2047a425]" classname="com.dotcms.rest.elasticsearch.ESContentResourcePortletTest" time="0.838"/>
  <testcase name="testSearch[3: com.dotcms.rest.elasticsearch.ESContentResourcePortletTest$TestCase@647cd295]" classname="com.dotcms.rest.elasticsearch.ESContentResourcePortletTest" time="1.252"/>
  <testcase name="testSearch[4: com.dotcms.rest.elasticsearch.ESContentResourcePortletTest$TestCase@7f22026b]" classname="com.dotcms.rest.elasticsearch.ESContentResourcePortletTest" time="1.245"/>
  <testcase name="testSearch[5: com.dotcms.rest.elasticsearch.ESContentResourcePortletTest$TestCase@780b3910]" classname="com.dotcms.rest.elasticsearch.ESContentResourcePortletTest" time="0.863"/>
  <testcase name="testSearch[6: com.dotcms.rest.elasticsearch.ESContentResourcePortletTest$TestCase@6570dcb8]" classname="com.dotcms.rest.elasticsearch.ESContentResourcePortletTest" time="0.857"/>
  <system-out><![CDATA[]]></system-out>
  <system-err><![CDATA[]]></system-err>
</testsuite>
