<?xml version="1.0" encoding="UTF-8"?>
<testsuite name="com.dotcms.auth.providers.jwt.JsonWebTokenUtilsIntegrationTest" tests="4" skipped="0" failures="0" errors="0" timestamp="2023-07-14T23:24:20" hostname="fv-az1107-746" time="1.017">
  <properties/>
  <testcase name="get_user_in_token_modified" classname="com.dotcms.auth.providers.jwt.JsonWebTokenUtilsIntegrationTest" time="1.011"/>
  <testcase name="get_user_in_token" classname="com.dotcms.auth.providers.jwt.JsonWebTokenUtilsIntegrationTest" time="0.004"/>
  <testcase name="testWellFormedToken" classname="com.dotcms.auth.providers.jwt.JsonWebTokenUtilsIntegrationTest" time="0.002"/>
  <testcase name="testParseMalformedToken" classname="com.dotcms.auth.providers.jwt.JsonWebTokenUtilsIntegrationTest" time="0.0"/>
  <system-out><![CDATA[

]]></system-out>
  <system-err><![CDATA[]]></system-err>
</testsuite>
