<?xml version="1.0" encoding="UTF-8"?>
<testsuite name="com.dotmarketing.portlets.contentlet.business.ContentletCheckInTest" tests="11" skipped="0" failures="0" errors="0" timestamp="2023-06-30T01:29:40" hostname="fv-az343-533" time="20.88">
  <properties/>
  <testcase name="test_checkinContentlet_RelationshipToItself_throwsDotContentletValidationException" classname="com.dotmarketing.portlets.contentlet.business.ContentletCheckInTest" time="2.226"/>
  <testcase name="test_checkinContentlet_RelationshipManyToManyCardinality_Success" classname="com.dotmarketing.portlets.contentlet.business.ContentletCheckInTest" time="2.386"/>
  <testcase name="test_checkinContentlet_relationshipOneToOneCardinality_fails_whenRelatedChildBelongsToAnotherRelationship" classname="com.dotmarketing.portlets.contentlet.business.ContentletCheckInTest" time="2.258"/>
  <testcase name="publish_content_anonymously" classname="com.dotmarketing.portlets.contentlet.business.ContentletCheckInTest" time="1.312"/>
  <testcase name="test_checkinContentlet_RelationshipOneToManyCardinality_Success" classname="com.dotmarketing.portlets.contentlet.business.ContentletCheckInTest" time="1.985"/>
  <testcase name="test_checkinContentlet_relationshipOneToOneCardinality_fails_whenRelatedParentBelongsToAnotherRelationship" classname="com.dotmarketing.portlets.contentlet.business.ContentletCheckInTest" time="2.199"/>
  <testcase name="test_checkinContentlet_RelationshipOneToManyCardinality_throwsDotContentletValidationException" classname="com.dotmarketing.portlets.contentlet.business.ContentletCheckInTest" time="2.852"/>
  <testcase name="test_checkinContentlet_RelationshipOneToOneCardinality_Success" classname="com.dotmarketing.portlets.contentlet.business.ContentletCheckInTest" time="1.702"/>
  <testcase name="test_checkinContentlet_relationshipOneToOneCardinality_fails_whenRelatingMoreThanOneContentlet" classname="com.dotmarketing.portlets.contentlet.business.ContentletCheckInTest" time="2.099"/>
  <testcase name="checkin_content_anonymously" classname="com.dotmarketing.portlets.contentlet.business.ContentletCheckInTest" time="0.107"/>
  <testcase name="checkinInvalidFileContent" classname="com.dotmarketing.portlets.contentlet.business.ContentletCheckInTest" time="1.751"/>
  <system-out><![CDATA[]]></system-out>
  <system-err><![CDATA[]]></system-err>
</testsuite>
