<?xml version="1.0" encoding="UTF-8"?>
<testsuite name="com.dotcms.rest.api.v1.container.ContainerResourceIntegrationTest" tests="3" skipped="0" failures="0" errors="0" timestamp="2023-06-28T09:06:13" hostname="fv-az554-967" time="0.075">
  <properties/>
  <testcase name="test_renderFormIntoContainer_WhenContainerIDThrowDataSecurityException" classname="com.dotcms.rest.api.v1.container.ContainerResourceIntegrationTest" time="0.028"/>
  <testcase name="test_renderFormIntoContainer" classname="com.dotcms.rest.api.v1.container.ContainerResourceIntegrationTest" time="0.044"/>
  <testcase name="test_renderFormIntoContainer_WhenContentMergeThrowDotParserException" classname="com.dotcms.rest.api.v1.container.ContainerResourceIntegrationTest" time="0.003"/>
  <system-out><![CDATA[]]></system-out>
  <system-err><![CDATA[]]></system-err>
</testsuite>
