<?xml version="1.0" encoding="UTF-8"?>
<testsuite name="com.dotmarketing.portlets.structure.model.ContentletRelationshipsTest" tests="7" skipped="0" failures="0" errors="0" timestamp="2023-06-24T00:49:51" hostname="fv-az309-60" time="8.782">
  <properties/>
  <testcase name="testDoesAllowOnlyOne[0: com.dotmarketing.portlets.structure.model.ContentletRelationshipsTest$CardinalityTestCase@7f2caf35]" classname="com.dotmarketing.portlets.structure.model.ContentletRelationshipsTest" time="0.483"/>
  <testcase name="testDoesAllowOnlyOne[1: com.dotmarketing.portlets.structure.model.ContentletRelationshipsTest$CardinalityTestCase@4dca49a1]" classname="com.dotmarketing.portlets.structure.model.ContentletRelationshipsTest" time="0.423"/>
  <testcase name="testDoesAllowOnlyOne[2: com.dotmarketing.portlets.structure.model.ContentletRelationshipsTest$CardinalityTestCase@5926d614]" classname="com.dotmarketing.portlets.structure.model.ContentletRelationshipsTest" time="0.452"/>
  <testcase name="testGetRelationshipRecords[0: com.dotmarketing.portlets.structure.model.ContentletRelationshipsTest$TestCase@5792f270]" classname="com.dotmarketing.portlets.structure.model.ContentletRelationshipsTest" time="1.896"/>
  <testcase name="testGetRelationshipRecords[1: com.dotmarketing.portlets.structure.model.ContentletRelationshipsTest$TestCase@4d5dbab0]" classname="com.dotmarketing.portlets.structure.model.ContentletRelationshipsTest" time="1.968"/>
  <testcase name="testGetRelationshipRecords[2: com.dotmarketing.portlets.structure.model.ContentletRelationshipsTest$TestCase@524575fb]" classname="com.dotmarketing.portlets.structure.model.ContentletRelationshipsTest" time="1.78"/>
  <testcase name="testGetRelationshipRecords[3: com.dotmarketing.portlets.structure.model.ContentletRelationshipsTest$TestCase@3dbc8fd1]" classname="com.dotmarketing.portlets.structure.model.ContentletRelationshipsTest" time="1.778"/>
  <system-out><![CDATA[]]></system-out>
  <system-err><![CDATA[]]></system-err>
</testsuite>
