<?xml version="1.0" encoding="UTF-8"?>
<testsuite name="com.dotcms.content.elasticsearch.business.IndiciesFactoryTest" tests="2" skipped="0" failures="0" errors="0" timestamp="2023-07-14T14:26:21" hostname="fv-az627-249" time="0.016">
  <properties/>
  <testcase name="test_index_pointing_when_previously_null" classname="com.dotcms.content.elasticsearch.business.IndiciesFactoryTest" time="0.004"/>
  <testcase name="test_index_repointing_when_previously_set" classname="com.dotcms.content.elasticsearch.business.IndiciesFactoryTest" time="0.012"/>
  <system-out><![CDATA[]]></system-out>
  <system-err><![CDATA[]]></system-err>
</testsuite>
