<?xml version="1.0" encoding="UTF-8"?>
<testsuite name="com.dotcms.contenttype.model.field.layout.FieldLayoutTest" tests="24" skipped="0" failures="0" errors="0" timestamp="2023-06-26T15:40:31" hostname="fv-az936-789" time="0.386">
  <properties/>
  <testcase name="shouldFixSortOrder" classname="com.dotcms.contenttype.model.field.layout.FieldLayoutTest" time="0.073"/>
  <testcase name="shouldReturnNullContentTypeInternationalizationWhenItIsNotSet" classname="com.dotcms.contenttype.model.field.layout.FieldLayoutTest" time="0.001"/>
  <testcase name="shouldFixLayoutValidationExceptionWhenHasColumnWithoutRow" classname="com.dotcms.contenttype.model.field.layout.FieldLayoutTest" time="0.005"/>
  <testcase name="shouldFixLayoutValidationExceptionWhenHasTabFieldWithoutRows" classname="com.dotcms.contenttype.model.field.layout.FieldLayoutTest" time="0.006"/>
  <testcase name="shouldCreateFieldLayoutAndNotThrowException" classname="com.dotcms.contenttype.model.field.layout.FieldLayoutTest" time="0.138"/>
  <testcase name="shouldAddNewFieldAndThrowException" classname="com.dotcms.contenttype.model.field.layout.FieldLayoutTest" time="0.011"/>
  <testcase name="shouldThrowFieldLayoutValidationExceptionWhenHasColumnWithoutRow" classname="com.dotcms.contenttype.model.field.layout.FieldLayoutTest" time="0.002"/>
  <testcase name="shouldRemoveFieldsAndNotThrowException" classname="com.dotcms.contenttype.model.field.layout.FieldLayoutTest" time="0.01"/>
  <testcase name="shouldreturnContentTypeInternationalizationWhenItIsSet" classname="com.dotcms.contenttype.model.field.layout.FieldLayoutTest" time="0.011"/>
  <testcase name="shouldMoveFieldAndThrowException" classname="com.dotcms.contenttype.model.field.layout.FieldLayoutTest" time="0.003"/>
  <testcase name="shouldCreateFieldLayout" classname="com.dotcms.contenttype.model.field.layout.FieldLayoutTest" time="0.001"/>
  <testcase name="shouldFixLayoutValidationExceptionWhenHasFieldsWithoutRows" classname="com.dotcms.contenttype.model.field.layout.FieldLayoutTest" time="0.006"/>
  <testcase name="shouldThrowWhenSortOrderIsNorRight" classname="com.dotcms.contenttype.model.field.layout.FieldLayoutTest" time="0.058"/>
  <testcase name="shouldMoveFieldBackward" classname="com.dotcms.contenttype.model.field.layout.FieldLayoutTest" time="0.012"/>
  <testcase name="shouldAddNewField" classname="com.dotcms.contenttype.model.field.layout.FieldLayoutTest" time="0.011"/>
  <testcase name="shouldCreateFieldLayoutWithTabDivider" classname="com.dotcms.contenttype.model.field.layout.FieldLayoutTest" time="0.003"/>
  <testcase name="shouldThrowFieldLayoutValidationExceptionWhenHasFieldsWithoutRows" classname="com.dotcms.contenttype.model.field.layout.FieldLayoutTest" time="0.002"/>
  <testcase name="shouldCreateFieldLayoutWhenHasMoreThanOneTabDividerInRow" classname="com.dotcms.contenttype.model.field.layout.FieldLayoutTest" time="0.002"/>
  <testcase name="shouldMoveFieldForward" classname="com.dotcms.contenttype.model.field.layout.FieldLayoutTest" time="0.009"/>
  <testcase name="shouldThrowFieldLayoutValidationExceptionWhenHasRowsWithoutColumn" classname="com.dotcms.contenttype.model.field.layout.FieldLayoutTest" time="0.002"/>
  <testcase name="shouldRemoveFieldsAndThrowException" classname="com.dotcms.contenttype.model.field.layout.FieldLayoutTest" time="0.005"/>
  <testcase name="shouldThrowFieldLayoutValidationExceptionWhenHasTabFieldWithoutRows" classname="com.dotcms.contenttype.model.field.layout.FieldLayoutTest" time="0.002"/>
  <testcase name="shouldThrowFieldLayoutValidationExceptionWhenHasRowWithoutColumn" classname="com.dotcms.contenttype.model.field.layout.FieldLayoutTest" time="0.002"/>
  <testcase name="shouldFixLayoutWhenHasRowWithoutColumn" classname="com.dotcms.contenttype.model.field.layout.FieldLayoutTest" time="0.005"/>
  <system-out><![CDATA[]]></system-out>
  <system-err><![CDATA[]]></system-err>
</testsuite>
