<?xml version="1.0" encoding="UTF-8"?>
<testsuite name="com.dotcms.rest.api.v1.vtl.VTLResourceIntegrationTest" tests="6" skipped="0" failures="0" errors="0" timestamp="2023-07-11T23:38:00" hostname="fv-az646-156" time="12.086">
  <properties/>
  <testcase name="testGet[0: com.dotcms.rest.api.v1.vtl.VTLResourceTestCase@4205c488]" classname="com.dotcms.rest.api.v1.vtl.VTLResourceIntegrationTest" time="2.11"/>
  <testcase name="testGet[1: com.dotcms.rest.api.v1.vtl.VTLResourceTestCase@5caf4f75]" classname="com.dotcms.rest.api.v1.vtl.VTLResourceIntegrationTest" time="2.124"/>
  <testcase name="testGet[2: com.dotcms.rest.api.v1.vtl.VTLResourceTestCase@530d52fe]" classname="com.dotcms.rest.api.v1.vtl.VTLResourceIntegrationTest" time="2.029"/>
  <testcase name="testGet[3: com.dotcms.rest.api.v1.vtl.VTLResourceTestCase@456767bb]" classname="com.dotcms.rest.api.v1.vtl.VTLResourceIntegrationTest" time="1.871"/>
  <testcase name="testGet[4: com.dotcms.rest.api.v1.vtl.VTLResourceTestCase@292aca1b]" classname="com.dotcms.rest.api.v1.vtl.VTLResourceIntegrationTest" time="2.003"/>
  <testcase name="testGet[5: com.dotcms.rest.api.v1.vtl.VTLResourceTestCase@f58fcac]" classname="com.dotcms.rest.api.v1.vtl.VTLResourceIntegrationTest" time="1.949"/>
  <system-out><![CDATA[]]></system-out>
  <system-err><![CDATA[]]></system-err>
</testsuite>
