<?xml version="1.0" encoding="UTF-8"?>
<testsuite name="com.dotmarketing.portlets.structure.model.ContentletRelationshipsTest" tests="7" skipped="0" failures="0" errors="0" timestamp="2023-06-23T18:08:04" hostname="fv-az646-389" time="10.481">
  <properties/>
  <testcase name="testDoesAllowOnlyOne[0: com.dotmarketing.portlets.structure.model.ContentletRelationshipsTest$CardinalityTestCase@757b733b]" classname="com.dotmarketing.portlets.structure.model.ContentletRelationshipsTest" time="0.72"/>
  <testcase name="testDoesAllowOnlyOne[1: com.dotmarketing.portlets.structure.model.ContentletRelationshipsTest$CardinalityTestCase@258287bf]" classname="com.dotmarketing.portlets.structure.model.ContentletRelationshipsTest" time="0.564"/>
  <testcase name="testDoesAllowOnlyOne[2: com.dotmarketing.portlets.structure.model.ContentletRelationshipsTest$CardinalityTestCase@14cab2df]" classname="com.dotmarketing.portlets.structure.model.ContentletRelationshipsTest" time="0.561"/>
  <testcase name="testGetRelationshipRecords[0: com.dotmarketing.portlets.structure.model.ContentletRelationshipsTest$TestCase@1104b7b3]" classname="com.dotmarketing.portlets.structure.model.ContentletRelationshipsTest" time="2.318"/>
  <testcase name="testGetRelationshipRecords[1: com.dotmarketing.portlets.structure.model.ContentletRelationshipsTest$TestCase@3f48fc03]" classname="com.dotmarketing.portlets.structure.model.ContentletRelationshipsTest" time="2.207"/>
  <testcase name="testGetRelationshipRecords[2: com.dotmarketing.portlets.structure.model.ContentletRelationshipsTest$TestCase@ec62b2a]" classname="com.dotmarketing.portlets.structure.model.ContentletRelationshipsTest" time="2.036"/>
  <testcase name="testGetRelationshipRecords[3: com.dotmarketing.portlets.structure.model.ContentletRelationshipsTest$TestCase@4fdb2c67]" classname="com.dotmarketing.portlets.structure.model.ContentletRelationshipsTest" time="2.073"/>
  <system-out><![CDATA[]]></system-out>
  <system-err><![CDATA[]]></system-err>
</testsuite>
