<?xml version="1.0" encoding="UTF-8"?>
<testsuite name="com.dotmarketing.portlets.structure.model.ContentletRelationshipsTest" tests="7" skipped="0" failures="0" errors="0" timestamp="2023-07-13T17:16:00" hostname="fv-az262-63" time="11.195">
  <properties/>
  <testcase name="testDoesAllowOnlyOne[0: com.dotmarketing.portlets.structure.model.ContentletRelationshipsTest$CardinalityTestCase@37a07d13]" classname="com.dotmarketing.portlets.structure.model.ContentletRelationshipsTest" time="0.639"/>
  <testcase name="testDoesAllowOnlyOne[1: com.dotmarketing.portlets.structure.model.ContentletRelationshipsTest$CardinalityTestCase@3c9729b1]" classname="com.dotmarketing.portlets.structure.model.ContentletRelationshipsTest" time="0.623"/>
  <testcase name="testDoesAllowOnlyOne[2: com.dotmarketing.portlets.structure.model.ContentletRelationshipsTest$CardinalityTestCase@53e24fb7]" classname="com.dotmarketing.portlets.structure.model.ContentletRelationshipsTest" time="0.618"/>
  <testcase name="testGetRelationshipRecords[0: com.dotmarketing.portlets.structure.model.ContentletRelationshipsTest$TestCase@59560037]" classname="com.dotmarketing.portlets.structure.model.ContentletRelationshipsTest" time="2.455"/>
  <testcase name="testGetRelationshipRecords[1: com.dotmarketing.portlets.structure.model.ContentletRelationshipsTest$TestCase@6d2aa6eb]" classname="com.dotmarketing.portlets.structure.model.ContentletRelationshipsTest" time="2.522"/>
  <testcase name="testGetRelationshipRecords[2: com.dotmarketing.portlets.structure.model.ContentletRelationshipsTest$TestCase@6875d05e]" classname="com.dotmarketing.portlets.structure.model.ContentletRelationshipsTest" time="2.21"/>
  <testcase name="testGetRelationshipRecords[3: com.dotmarketing.portlets.structure.model.ContentletRelationshipsTest$TestCase@29aba510]" classname="com.dotmarketing.portlets.structure.model.ContentletRelationshipsTest" time="2.127"/>
  <system-out><![CDATA[]]></system-out>
  <system-err><![CDATA[]]></system-err>
</testsuite>
