<?xml version="1.0" encoding="UTF-8"?>
<testsuite name="com.dotcms.rest.TagResourceIntegrationTest" tests="4" skipped="0" failures="0" errors="0" timestamp="2023-07-20T21:29:53" hostname="fv-az574-670" time="0.414">
  <properties/>
  <testcase name="testList[0: com.dotcms.rest.TagResourceTestCase@7bd2582f]" classname="com.dotcms.rest.TagResourceIntegrationTest" time="0.329"/>
  <testcase name="testList[1: com.dotcms.rest.TagResourceTestCase@484ed1f9]" classname="com.dotcms.rest.TagResourceIntegrationTest" time="0.033"/>
  <testcase name="testList[2: com.dotcms.rest.TagResourceTestCase@57d2dbfa]" classname="com.dotcms.rest.TagResourceIntegrationTest" time="0.024"/>
  <testcase name="testList[3: com.dotcms.rest.TagResourceTestCase@774dcf79]" classname="com.dotcms.rest.TagResourceIntegrationTest" time="0.028"/>
  <system-out><![CDATA[]]></system-out>
  <system-err><![CDATA[Jul 20, 2023 9:29:54 PM com.dotcms.repackage.org.hibernate.validator.internal.util.Version <clinit>
INFO: HV000001: Hibernate Validator 4.3.2.Final
]]></system-err>
</testsuite>
