<?xml version="1.0" encoding="UTF-8"?>
<testsuite name="com.dotmarketing.business.DeterministicIdentifierAPITest" tests="16" skipped="0" failures="0" errors="0" timestamp="2023-07-10T15:48:09" hostname="fv-az309-162" time="0.818">
  <properties/>
  <testcase name="Test_Category_Path_Seed_And_Id" classname="com.dotmarketing.business.DeterministicIdentifierAPITest" time="0.021"/>
  <testcase name="Test_Language_Deterministic_Id[0: LanguageTestCase{expectedSeed='Language:es:US', expectedHash=4913155, langCode='es', countryCode='US', country='United States'}]" classname="com.dotmarketing.business.DeterministicIdentifierAPITest" time="0.001"/>
  <testcase name="Test_Language_Deterministic_Id[1: LanguageTestCase{expectedSeed='Language:ep:', expectedHash=5292269, langCode='ep', countryCode='', country=''}]" classname="com.dotmarketing.business.DeterministicIdentifierAPITest" time="0.001"/>
  <testcase name="Test_Language_Deterministic_Id[2: LanguageTestCase{expectedSeed='Language:sg:SAG', expectedHash=4713118, langCode='sg', countryCode='SAG', country=''}]" classname="com.dotmarketing.business.DeterministicIdentifierAPITest" time="0.001"/>
  <testcase name="Test_Language_Deterministic_Id[3: LanguageTestCase{expectedSeed='Language:en:NZ', expectedHash=5382528, langCode='en', countryCode='NZ', country='New Zealand'}]" classname="com.dotmarketing.business.DeterministicIdentifierAPITest" time="0.0"/>
  <testcase name="Test_Category_None_Persisted_Category_Should_Return_Deterministic_Id" classname="com.dotmarketing.business.DeterministicIdentifierAPITest" time="0.001"/>
  <testcase name="Test_Asset_Generate_Deterministic_Id_Best_Effort[0: TestCase{versionable=my.host1689003697947.com, parent=System Host, expectedName='my.host1689003697947.com', expectedType='Host'}]" classname="com.dotmarketing.business.DeterministicIdentifierAPITest" time="0.002"/>
  <testcase name="Test_Asset_Generate_Deterministic_Id_Best_Effort[1: TestCase{versionable=com.dotmarketing.portlets.contentlet.model.Contentlet@1766d64b[map={modDate=2023-07-10 15:41:38.633, fileName=file10662051129911689986.txt, title=file10662051129911689986.txt, inode=67120e83-0288-42b6-8ef9-a88d80cf9f6d, __IS_NEW_CONTENT__=true, disabledWYSIWYG=[], host=161084d4-5eb0-46bf-bb7b-9d3d3aad3bed, stInode=33888b6f-7a8e-4069-b1b6-5c1aa9d0a48d, owner=system, identifier=ac0f5e88-d298-4ed1-bb16-90341ac670ac, nullProperties=[wfExpireDate, wfPublishDate, wfActionAssign, wfActionId, wfActionComments, filterKey, whereToSend, wfNeverExpire, _path_to_move, timezoneId, iWantTo, wfPublishTime, wfExpireTime], languageId=1, fileAsset=/home/runner/work/core/custom/assets/6/7/67120e83-0288-42b6-8ef9-a88d80cf9f6d/fileAsset/file10662051129911689986.txt, folder=3a641d6e-4446-4c98-8f84-161f08d17ab3, __disable_workflow__=true, sortOrder=0, modUser=system},lowIndexPriority=false,variantId=DEFAULT], parent=com.dotmarketing.portlets.folders.model.Folder@657d23ed[identifier=3a641d6e-4446-4c98-8f84-161f08d17ab3,name=testName1689003698626,sortOrder=0,showOnMenu=false,hostId=161084d4-5eb0-46bf-bb7b-9d3d3aad3bed,type=folder,title=testTitle1689003698626,filesMasks=,defaultFileType=33888b6f-7a8e-4069-b1b6-5c1aa9d0a48d,modDate=2023-07-10 15:41:38.629,owner=&lt;null&gt;,iDate=2023-07-10 15:41:38.629,inode=3a641d6e-4446-4c98-8f84-161f08d17ab3,path=/testName1689003698626/], expectedName='file10662051129911689986.txt', expectedType='FileAsset'}]" classname="com.dotmarketing.business.DeterministicIdentifierAPITest" time="0.002"/>
  <testcase name="Test_Asset_Generate_Deterministic_Id_Best_Effort[2: TestCase{versionable=com.dotmarketing.portlets.templates.model.Template@d9fc2703, parent=my.host1689003697947.com, expectedName='testTitle1689003698724', expectedType='Template'}]" classname="com.dotmarketing.business.DeterministicIdentifierAPITest" time="0.002"/>
  <testcase name="Test_Asset_Generate_Deterministic_Id_Best_Effort[3: TestCase{versionable=com.dotmarketing.portlets.htmlpageasset.model.HTMLPageAsset@65ca372c[map={template=835220c8-8560-46d8-866c-6cdd51ec9da2, owner=system, identifier=0aaaaefe-7a86-48c9-9ae3-28ec58b5744d, nullProperties=[wfExpireDate, wfPublishDate, wfActionAssign, wfActionId, wfActionComments, filterKey, whereToSend, wfNeverExpire, _path_to_move, timezoneId, iWantTo, wfPublishTime, wfExpireTime], modDate=2023-07-10 15:41:38.74, cachettl=0, _is_test_mode=true, languageId=1, title=test-page-title-1689003698737, httpsreq=, url=test-page-url-1689003698737, showOnMenu=, inode=81c27c1c-ea0e-4bc3-a1c6-6fbd22ed256e, folder=3a641d6e-4446-4c98-8f84-161f08d17ab3, disabledWYSIWYG=[], sortOrder=1, modUser=system, host=161084d4-5eb0-46bf-bb7b-9d3d3aad3bed, stInode=c541abb1-69b3-4bc5-8430-5e09e5239cc8, friendlyName=test-page-friendly-name-1689003698737},lowIndexPriority=false,variantId=DEFAULT], parent=com.dotmarketing.portlets.folders.model.Folder@657d23ed[identifier=3a641d6e-4446-4c98-8f84-161f08d17ab3,name=testName1689003698626,sortOrder=0,showOnMenu=false,hostId=161084d4-5eb0-46bf-bb7b-9d3d3aad3bed,type=folder,title=testTitle1689003698626,filesMasks=,defaultFileType=33888b6f-7a8e-4069-b1b6-5c1aa9d0a48d,modDate=2023-07-10 15:41:38.629,owner=&lt;null&gt;,iDate=2023-07-10 15:41:38.629,inode=3a641d6e-4446-4c98-8f84-161f08d17ab3,path=/testName1689003698626/], expectedName='test-page-url-1689003698737', expectedType='htmlpageasset'}]" classname="com.dotmarketing.business.DeterministicIdentifierAPITest" time="0.002"/>
  <testcase name="Test_Asset_Generate_Deterministic_Id_Best_Effort[4: TestCase{versionable=com.dotmarketing.portlets.contentlet.model.Contentlet@47aab035[map={fileAsset2=/home/runner/work/core/custom/assets/5/1/5162cf45-464e-4576-8f5a-bd60de32999f/fileAsset2/test_binary1689003699612.png, modDate=2023-07-10 15:41:39.616, fileAsset1=/home/runner/work/core/custom/assets/5/1/5162cf45-464e-4576-8f5a-bd60de32999f/fileAsset1/test_binary1689003699612.jpg, title=blah, inode=5162cf45-464e-4576-8f5a-bd60de32999f, __IS_NEW_CONTENT__=true, disabledWYSIWYG=[], host=48190c8c-42c4-46af-8d1a-0cd5db894797, stInode=a8038bd8-5565-45cd-b143-6612d259552c, owner=system, identifier=9d6ff524-d5c8-444f-ab0d-1d2be41d75e6, nullProperties=[], languageId=1, image1=f8ee40c4-7d32-42ad-83b9-ac32a4dbf0cc, folder=SYSTEM_FOLDER, __disable_workflow__=true, sortOrder=0, modUser=system},lowIndexPriority=false,variantId=DEFAULT], parent=demo.dotcms.com, expectedName='test_binary1689003699612.jpg:test_binary1689003699612.png', expectedType='MultipleBinaries1689003698871'}]" classname="com.dotmarketing.business.DeterministicIdentifierAPITest" time="0.003"/>
  <testcase name="Test_Asset_Generate_Deterministic_Id_Best_Effort[5: TestCase{versionable=name765f58a85c : keyTag765f58a85c, parent=my.host1689003697947.com, expectedName='keyTag765f58a85c', expectedType='persona'}]" classname="com.dotmarketing.business.DeterministicIdentifierAPITest" time="0.002"/>
  <testcase name="Test_Similar_Content_Type_Wont_Clash" classname="com.dotmarketing.business.DeterministicIdentifierAPITest" time="0.406"/>
  <testcase name="Test_Generate_Folder_Identifier" classname="com.dotmarketing.business.DeterministicIdentifierAPITest" time="0.363"/>
  <testcase name="Test_Generate_Content_Type_Identifier[0: ContentTypeTestCase{contentType=KeyValueContentType{name=Language Variable, id=f4d7c1b8-2c88-4071-abf1-a5328977b07d, description=Default Content Type for Language Variables, defaultType=false, fixed=true, iDate=Thu Aug 31 16:38:49 UTC 2017, system=true, versionable=true, variable=Languagevariable, modDate=Mon Jul 10 14:38:35 UTC 2023, host=SYSTEM_HOST, siteName=systemHost, icon=language, sortOrder=0, folder=SYSTEM_FOLDER, folderPath=/, markedForDeletion=true, multilingualable=false}, expectedName='Languagevariable', expectedType='KeyValue'}]" classname="com.dotmarketing.business.DeterministicIdentifierAPITest" time="0.005"/>
  <testcase name="Test_Generate_Content_Type_Identifier[1: ContentTypeTestCase{contentType=SimpleContentType{name=testName1689003700039, id=2f862426-6cb4-4f37-a050-8f408e95e873, description=testDescription1689003700039, defaultType=false, fixed=false, iDate=Mon Jul 10 15:41:40 UTC 2023, system=false, versionable=true, multilingualable=false, variable=testVarname1689003700039, owner=system, modDate=Mon Jul 10 15:41:41 UTC 2023, host=48190c8c-42c4-46af-8d1a-0cd5db894797, siteName=demo.dotcms.com, icon=event_note, sortOrder=0, folder=SYSTEM_FOLDER, folderPath=/, requiredFields=[], markedForDeletion=false}, expectedName='testVarname1689003700039', expectedType='CONTENT'}]" classname="com.dotmarketing.business.DeterministicIdentifierAPITest" time="0.005"/>
  <system-out><![CDATA[]]></system-out>
  <system-err><![CDATA[]]></system-err>
</testsuite>
