<?xml version="1.0" encoding="UTF-8"?>
<testsuite name="com.dotmarketing.business.DeterministicIdentifierAPITest" tests="16" skipped="0" failures="0" errors="0" timestamp="2023-07-10T17:11:18" hostname="fv-az450-691" time="1.179">
  <properties/>
  <testcase name="Test_Category_Path_Seed_And_Id" classname="com.dotmarketing.business.DeterministicIdentifierAPITest" time="0.025"/>
  <testcase name="Test_Language_Deterministic_Id[0: LanguageTestCase{expectedSeed='Language:es:US', expectedHash=4913155, langCode='es', countryCode='US', country='United States'}]" classname="com.dotmarketing.business.DeterministicIdentifierAPITest" time="0.001"/>
  <testcase name="Test_Language_Deterministic_Id[1: LanguageTestCase{expectedSeed='Language:ep:', expectedHash=5292269, langCode='ep', countryCode='', country=''}]" classname="com.dotmarketing.business.DeterministicIdentifierAPITest" time="0.001"/>
  <testcase name="Test_Language_Deterministic_Id[2: LanguageTestCase{expectedSeed='Language:sg:SAG', expectedHash=4713118, langCode='sg', countryCode='SAG', country=''}]" classname="com.dotmarketing.business.DeterministicIdentifierAPITest" time="0.001"/>
  <testcase name="Test_Language_Deterministic_Id[3: LanguageTestCase{expectedSeed='Language:en:NZ', expectedHash=5382528, langCode='en', countryCode='NZ', country='New Zealand'}]" classname="com.dotmarketing.business.DeterministicIdentifierAPITest" time="0.001"/>
  <testcase name="Test_Category_None_Persisted_Category_Should_Return_Deterministic_Id" classname="com.dotmarketing.business.DeterministicIdentifierAPITest" time="0.001"/>
  <testcase name="Test_Asset_Generate_Deterministic_Id_Best_Effort[0: TestCase{versionable=my.host1689008700081.com, parent=System Host, expectedName='my.host1689008700081.com', expectedType='Host'}]" classname="com.dotmarketing.business.DeterministicIdentifierAPITest" time="0.003"/>
  <testcase name="Test_Asset_Generate_Deterministic_Id_Best_Effort[1: TestCase{versionable=com.dotmarketing.portlets.contentlet.model.Contentlet@1266fb4c[map={modDate=2023-07-10 17:05:00.86, fileName=file3544203073346419379.txt, title=file3544203073346419379.txt, inode=b3e0cbbd-23e6-4ff9-b046-660f57edfd15, __IS_NEW_CONTENT__=true, disabledWYSIWYG=[], host=88886d05-8177-4324-b310-ac8e64741fe9, stInode=33888b6f-7a8e-4069-b1b6-5c1aa9d0a48d, owner=system, identifier=79f4cd14-1ac9-4474-8e1d-3a6561cba750, nullProperties=[wfExpireDate, wfPublishDate, wfActionAssign, wfActionId, wfActionComments, filterKey, whereToSend, wfNeverExpire, _path_to_move, timezoneId, iWantTo, wfPublishTime, wfExpireTime], languageId=1, fileAsset=/home/runner/work/core/custom/assets/b/3/b3e0cbbd-23e6-4ff9-b046-660f57edfd15/fileAsset/file3544203073346419379.txt, folder=1774bb1b-906e-4824-ada9-daa015434a40, __disable_workflow__=true, sortOrder=0, modUser=system},lowIndexPriority=false,variantId=DEFAULT], parent=com.dotmarketing.portlets.folders.model.Folder@67cc7cf1[identifier=1774bb1b-906e-4824-ada9-daa015434a40,name=testName1689008700854,sortOrder=0,showOnMenu=false,hostId=88886d05-8177-4324-b310-ac8e64741fe9,type=folder,title=testTitle1689008700854,filesMasks=,defaultFileType=33888b6f-7a8e-4069-b1b6-5c1aa9d0a48d,modDate=2023-07-10 17:05:00.856,owner=&lt;null&gt;,iDate=2023-07-10 17:05:00.856,inode=1774bb1b-906e-4824-ada9-daa015434a40,path=/testName1689008700854/], expectedName='file3544203073346419379.txt', expectedType='FileAsset'}]" classname="com.dotmarketing.business.DeterministicIdentifierAPITest" time="0.004"/>
  <testcase name="Test_Asset_Generate_Deterministic_Id_Best_Effort[2: TestCase{versionable=com.dotmarketing.portlets.templates.model.Template@20bbf4ef, parent=my.host1689008700081.com, expectedName='testTitle1689008700951', expectedType='Template'}]" classname="com.dotmarketing.business.DeterministicIdentifierAPITest" time="0.002"/>
  <testcase name="Test_Asset_Generate_Deterministic_Id_Best_Effort[3: TestCase{versionable=com.dotmarketing.portlets.htmlpageasset.model.HTMLPageAsset@6e372098[map={template=9a232b31-844f-41de-a081-13069e63a0a7, owner=system, identifier=7889b7e9-ba37-4e3c-814e-2dea4a228c0b, nullProperties=[wfExpireDate, wfPublishDate, wfActionAssign, wfActionId, wfActionComments, filterKey, whereToSend, wfNeverExpire, _path_to_move, timezoneId, iWantTo, wfPublishTime, wfExpireTime], modDate=2023-07-10 17:05:00.968, cachettl=0, _is_test_mode=true, languageId=1, title=test-page-title-1689008700963, httpsreq=, url=test-page-url-1689008700963, showOnMenu=, inode=804ae731-4adc-4982-895d-27a3cc4b98ec, folder=1774bb1b-906e-4824-ada9-daa015434a40, disabledWYSIWYG=[], sortOrder=1, modUser=system, host=88886d05-8177-4324-b310-ac8e64741fe9, stInode=c541abb1-69b3-4bc5-8430-5e09e5239cc8, friendlyName=test-page-friendly-name-1689008700963},lowIndexPriority=false,variantId=DEFAULT], parent=com.dotmarketing.portlets.folders.model.Folder@67cc7cf1[identifier=1774bb1b-906e-4824-ada9-daa015434a40,name=testName1689008700854,sortOrder=0,showOnMenu=false,hostId=88886d05-8177-4324-b310-ac8e64741fe9,type=folder,title=testTitle1689008700854,filesMasks=,defaultFileType=33888b6f-7a8e-4069-b1b6-5c1aa9d0a48d,modDate=2023-07-10 17:05:00.856,owner=&lt;null&gt;,iDate=2023-07-10 17:05:00.856,inode=1774bb1b-906e-4824-ada9-daa015434a40,path=/testName1689008700854/], expectedName='test-page-url-1689008700963', expectedType='htmlpageasset'}]" classname="com.dotmarketing.business.DeterministicIdentifierAPITest" time="0.003"/>
  <testcase name="Test_Asset_Generate_Deterministic_Id_Best_Effort[4: TestCase{versionable=com.dotmarketing.portlets.contentlet.model.Contentlet@6ac177d3[map={fileAsset2=/home/runner/work/core/custom/assets/a/7/a72d40c6-7644-4cb0-840b-573bad95964f/fileAsset2/test_binary1689008702825.png, modDate=2023-07-10 17:05:02.83, fileAsset1=/home/runner/work/core/custom/assets/a/7/a72d40c6-7644-4cb0-840b-573bad95964f/fileAsset1/test_binary1689008702825.jpg, title=blah, inode=a72d40c6-7644-4cb0-840b-573bad95964f, __IS_NEW_CONTENT__=true, disabledWYSIWYG=[], host=48190c8c-42c4-46af-8d1a-0cd5db894797, stInode=63639859-02c4-46fa-9062-7bf966b657b3, owner=system, identifier=c49e28c4-68ab-46c2-827b-5d2a07fd993f, nullProperties=[], languageId=1, image1=d24cbe70-8125-4303-b871-b4d0344d37b7, folder=SYSTEM_FOLDER, __disable_workflow__=true, sortOrder=0, modUser=system},lowIndexPriority=false,variantId=DEFAULT], parent=demo.dotcms.com, expectedName='test_binary1689008702825.jpg:test_binary1689008702825.png', expectedType='MultipleBinaries1689008701206'}]" classname="com.dotmarketing.business.DeterministicIdentifierAPITest" time="0.003"/>
  <testcase name="Test_Asset_Generate_Deterministic_Id_Best_Effort[5: TestCase{versionable=nameea535add4c : keyTagea535add4c, parent=my.host1689008700081.com, expectedName='keyTagea535add4c', expectedType='persona'}]" classname="com.dotmarketing.business.DeterministicIdentifierAPITest" time="0.002"/>
  <testcase name="Test_Similar_Content_Type_Wont_Clash" classname="com.dotmarketing.business.DeterministicIdentifierAPITest" time="0.435"/>
  <testcase name="Test_Generate_Folder_Identifier" classname="com.dotmarketing.business.DeterministicIdentifierAPITest" time="0.682"/>
  <testcase name="Test_Generate_Content_Type_Identifier[0: ContentTypeTestCase{contentType=KeyValueContentType{name=Language Variable, id=f4d7c1b8-2c88-4071-abf1-a5328977b07d, description=Default Content Type for Language Variables, defaultType=false, fixed=true, iDate=Thu Aug 31 16:38:49 UTC 2017, system=true, versionable=true, variable=Languagevariable, modDate=Mon Jul 10 16:00:47 UTC 2023, host=SYSTEM_HOST, siteName=systemHost, icon=language, sortOrder=0, folder=SYSTEM_FOLDER, folderPath=/, markedForDeletion=true, multilingualable=false}, expectedName='Languagevariable', expectedType='KeyValue'}]" classname="com.dotmarketing.business.DeterministicIdentifierAPITest" time="0.005"/>
  <testcase name="Test_Generate_Content_Type_Identifier[1: ContentTypeTestCase{contentType=SimpleContentType{name=testName1689008703304, id=c75435b5-2ad3-4ca5-8a4a-a79f86e2fc70, description=testDescription1689008703304, defaultType=false, fixed=false, iDate=Mon Jul 10 17:05:03 UTC 2023, system=false, versionable=true, multilingualable=false, variable=testVarname1689008703304, owner=system, modDate=Mon Jul 10 17:05:04 UTC 2023, host=48190c8c-42c4-46af-8d1a-0cd5db894797, siteName=demo.dotcms.com, icon=event_note, sortOrder=0, folder=SYSTEM_FOLDER, folderPath=/, requiredFields=[], markedForDeletion=false}, expectedName='testVarname1689008703304', expectedType='CONTENT'}]" classname="com.dotmarketing.business.DeterministicIdentifierAPITest" time="0.004"/>
  <system-out><![CDATA[]]></system-out>
  <system-err><![CDATA[]]></system-err>
</testsuite>
