<?xml version="1.0" encoding="UTF-8"?>
<testsuite name="com.dotmarketing.servlets.ajax.AjaxDirectorServletIntegrationTest" tests="2" skipped="0" failures="0" errors="0" timestamp="2023-07-07T18:12:02" hostname="fv-az442-489" time="2.831">
  <properties/>
  <testcase name="testService[0: com.dotmarketing.servlets.ajax.AjaxDirectorServletTestCase@db7a550]" classname="com.dotmarketing.servlets.ajax.AjaxDirectorServletIntegrationTest" time="1.123"/>
  <testcase name="testService[1: com.dotmarketing.servlets.ajax.AjaxDirectorServletTestCase@14a1eb56]" classname="com.dotmarketing.servlets.ajax.AjaxDirectorServletIntegrationTest" time="1.708"/>
  <system-out><![CDATA[]]></system-out>
  <system-err><![CDATA[]]></system-err>
</testsuite>
