<?xml version="1.0" encoding="UTF-8"?>
<testsuite name="com.dotmarketing.portlets.structure.model.ContentletRelationshipsTest" tests="7" skipped="0" failures="0" errors="0" timestamp="2023-07-03T17:43:00" hostname="fv-az444-624" time="7.128">
  <properties/>
  <testcase name="testDoesAllowOnlyOne[0: com.dotmarketing.portlets.structure.model.ContentletRelationshipsTest$CardinalityTestCase@11d08dd9]" classname="com.dotmarketing.portlets.structure.model.ContentletRelationshipsTest" time="0.43"/>
  <testcase name="testDoesAllowOnlyOne[1: com.dotmarketing.portlets.structure.model.ContentletRelationshipsTest$CardinalityTestCase@5b2ffce3]" classname="com.dotmarketing.portlets.structure.model.ContentletRelationshipsTest" time="0.494"/>
  <testcase name="testDoesAllowOnlyOne[2: com.dotmarketing.portlets.structure.model.ContentletRelationshipsTest$CardinalityTestCase@5ee6d55d]" classname="com.dotmarketing.portlets.structure.model.ContentletRelationshipsTest" time="0.497"/>
  <testcase name="testGetRelationshipRecords[0: com.dotmarketing.portlets.structure.model.ContentletRelationshipsTest$TestCase@30fcd0d1]" classname="com.dotmarketing.portlets.structure.model.ContentletRelationshipsTest" time="0.914"/>
  <testcase name="testGetRelationshipRecords[1: com.dotmarketing.portlets.structure.model.ContentletRelationshipsTest$TestCase@25d72d52]" classname="com.dotmarketing.portlets.structure.model.ContentletRelationshipsTest" time="1.093"/>
  <testcase name="testGetRelationshipRecords[2: com.dotmarketing.portlets.structure.model.ContentletRelationshipsTest$TestCase@13b15ef]" classname="com.dotmarketing.portlets.structure.model.ContentletRelationshipsTest" time="1.858"/>
  <testcase name="testGetRelationshipRecords[3: com.dotmarketing.portlets.structure.model.ContentletRelationshipsTest$TestCase@699f74a8]" classname="com.dotmarketing.portlets.structure.model.ContentletRelationshipsTest" time="1.839"/>
  <system-out><![CDATA[]]></system-out>
  <system-err><![CDATA[]]></system-err>
</testsuite>
