<?xml version="1.0" encoding="UTF-8"?>
<testsuite name="com.dotcms.rendering.velocity.viewtools.ContainerWebAPIIntegrationTest" tests="11" skipped="0" failures="0" errors="0" timestamp="2023-06-30T15:40:36" hostname="fv-az362-636" time="17.018">
  <properties/>
  <testcase name="testDoesUserHasPermissionToAddForm_GivenUserWithPermission_ShouldReturnTrue" classname="com.dotcms.rendering.velocity.viewtools.ContainerWebAPIIntegrationTest" time="1.855"/>
  <testcase name="testGetBaseContentTypeUserHasPermissionToAdd_GivenUserWithWidgetPermission_ShouldReturnWidgetString" classname="com.dotcms.rendering.velocity.viewtools.ContainerWebAPIIntegrationTest" time="0.902"/>
  <testcase name="testDoesUserHasPermissionToAddForm_GivenUserWithoutPermission_ShouldReturnFalse" classname="com.dotcms.rendering.velocity.viewtools.ContainerWebAPIIntegrationTest" time="0.853"/>
  <testcase name="testGetBaseContentTypeUserHasPermissionToAdd_GivenUserWithWidgetFormPermission_ShouldReturnWidgetFormString" classname="com.dotcms.rendering.velocity.viewtools.ContainerWebAPIIntegrationTest" time="1.857"/>
  <testcase name="testGetBaseContentTypeUserHasPermissionToAdd_GivenUserWithFormPermission_ShouldReturnFormString" classname="com.dotcms.rendering.velocity.viewtools.ContainerWebAPIIntegrationTest" time="1.848"/>
  <testcase name="whenPageUseAdvanceTemplate" classname="com.dotcms.rendering.velocity.viewtools.ContainerWebAPIIntegrationTest" time="2.801"/>
  <testcase name="testGetBaseContentTypeUserHasPermissionToAdd_GivenUserWithWidgetFormContentPermission_ShouldReturnWidgetFormContentString" classname="com.dotcms.rendering.velocity.viewtools.ContainerWebAPIIntegrationTest" time="1.866"/>
  <testcase name="testDoesUserHasPermissionToAddWidget_GivenUserWithoutPermission_ShouldReturnFalse" classname="com.dotcms.rendering.velocity.viewtools.ContainerWebAPIIntegrationTest" time="0.84"/>
  <testcase name="testDoesUserHasPermissionToAddWidget_GivenUserWithPermission_ShouldReturnTrue" classname="com.dotcms.rendering.velocity.viewtools.ContainerWebAPIIntegrationTest" time="1.83"/>
  <testcase name="whenPageUseNotAdvanceTemplate" classname="com.dotcms.rendering.velocity.viewtools.ContainerWebAPIIntegrationTest" time="1.52"/>
  <testcase name="testGetBaseContentTypeUserHasPermissionToAdd_GivenUserWithoutPermission_ShouldReturnEmptyString" classname="com.dotcms.rendering.velocity.viewtools.ContainerWebAPIIntegrationTest" time="0.845"/>
  <system-out><![CDATA[]]></system-out>
  <system-err><![CDATA[]]></system-err>
</testsuite>
