<?xml version="1.0" encoding="UTF-8"?>
<testsuite name="com.dotcms.rest.elasticsearch.ESContentResourcePortletTest" tests="8" skipped="0" failures="0" errors="0" timestamp="2023-07-14T20:28:46" hostname="fv-az555-578" time="8.807">
  <properties/>
  <testcase name="test_search_includeGrandChildCategory_success" classname="com.dotcms.rest.elasticsearch.ESContentResourcePortletTest" time="1.578"/>
  <testcase name="testSearch[0: com.dotcms.rest.elasticsearch.ESContentResourcePortletTest$TestCase@7d4949ac]" classname="com.dotcms.rest.elasticsearch.ESContentResourcePortletTest" time="1.117"/>
  <testcase name="testSearch[1: com.dotcms.rest.elasticsearch.ESContentResourcePortletTest$TestCase@68c021fa]" classname="com.dotcms.rest.elasticsearch.ESContentResourcePortletTest" time="1.329"/>
  <testcase name="testSearch[2: com.dotcms.rest.elasticsearch.ESContentResourcePortletTest$TestCase@29a6e96f]" classname="com.dotcms.rest.elasticsearch.ESContentResourcePortletTest" time="1.055"/>
  <testcase name="testSearch[3: com.dotcms.rest.elasticsearch.ESContentResourcePortletTest$TestCase@3f15a993]" classname="com.dotcms.rest.elasticsearch.ESContentResourcePortletTest" time="0.299"/>
  <testcase name="testSearch[4: com.dotcms.rest.elasticsearch.ESContentResourcePortletTest$TestCase@8a693f4]" classname="com.dotcms.rest.elasticsearch.ESContentResourcePortletTest" time="1.347"/>
  <testcase name="testSearch[5: com.dotcms.rest.elasticsearch.ESContentResourcePortletTest$TestCase@6180aceb]" classname="com.dotcms.rest.elasticsearch.ESContentResourcePortletTest" time="1.04"/>
  <testcase name="testSearch[6: com.dotcms.rest.elasticsearch.ESContentResourcePortletTest$TestCase@7f73cc25]" classname="com.dotcms.rest.elasticsearch.ESContentResourcePortletTest" time="1.042"/>
  <system-out><![CDATA[]]></system-out>
  <system-err><![CDATA[]]></system-err>
</testsuite>
