<?xml version="1.0" encoding="UTF-8"?>
<testsuite name="com.dotcms.contenttype.test.FieldFactoryImplTest" tests="21" skipped="0" failures="0" errors="0" timestamp="2023-07-18T21:45:59" hostname="fv-az247-820" time="40.869">
  <properties/>
  <testcase name="testBadBoolDBColumn" classname="com.dotcms.contenttype.test.FieldFactoryImplTest" time="0.03"/>
  <testcase name="testBadIntDBColumn" classname="com.dotcms.contenttype.test.FieldFactoryImplTest" time="0.03"/>
  <testcase name="testBadLegacyDBColumn" classname="com.dotcms.contenttype.test.FieldFactoryImplTest" time="0.032"/>
  <testcase name="testBinaryFieldDataType" classname="com.dotcms.contenttype.test.FieldFactoryImplTest" time="0.038"/>
  <testcase name="testDataTypeLimit" classname="com.dotcms.contenttype.test.FieldFactoryImplTest" time="26.993"/>
  <testcase name="testDeletingFields" classname="com.dotcms.contenttype.test.FieldFactoryImplTest" time="2.66"/>
  <testcase name="testEquals" classname="com.dotcms.contenttype.test.FieldFactoryImplTest" time="1.105"/>
  <testcase name="testFieldImplClasses" classname="com.dotcms.contenttype.test.FieldFactoryImplTest" time="0.002"/>
  <testcase name="testFieldVariables" classname="com.dotcms.contenttype.test.FieldFactoryImplTest" time="4.93"/>
  <testcase name="testFindByTypeMethods" classname="com.dotcms.contenttype.test.FieldFactoryImplTest" time="0.031"/>
  <testcase name="testLegacyFieldBuilder" classname="com.dotcms.contenttype.test.FieldFactoryImplTest" time="0.023"/>
  <testcase name="testReorderField" classname="com.dotcms.contenttype.test.FieldFactoryImplTest" time="0.069"/>
  <testcase name="testSaveAndFindReturnSameObject" classname="com.dotcms.contenttype.test.FieldFactoryImplTest" time="0.05"/>
  <testcase name="testSelectByContentTypeIdFieldRelationTypeInDb" classname="com.dotcms.contenttype.test.FieldFactoryImplTest" time="1.577"/>
  <testcase name="testSelectByContentTypeInDb" classname="com.dotcms.contenttype.test.FieldFactoryImplTest" time="1.527"/>
  <testcase name="testSelectByContentTypeVarInDb" classname="com.dotcms.contenttype.test.FieldFactoryImplTest" time="1.51"/>
  <testcase name="testSuggestVelocityVar" classname="com.dotcms.contenttype.test.FieldFactoryImplTest" time="0.083"/>
  <testcase name="testTextDBColumn" classname="com.dotcms.contenttype.test.FieldFactoryImplTest" time="0.051"/>
  <testcase name="testTextFloatColumn" classname="com.dotcms.contenttype.test.FieldFactoryImplTest" time="0.059"/>
  <testcase name="testTextIntColumn" classname="com.dotcms.contenttype.test.FieldFactoryImplTest" time="0.056"/>
  <testcase name="testUTF8SuggestVariable" classname="com.dotcms.contenttype.test.FieldFactoryImplTest" time="0.003"/>
  <system-out><![CDATA[]]></system-out>
  <system-err><![CDATA[]]></system-err>
</testsuite>
