<?xml version="1.0" encoding="UTF-8"?>
<testsuite name="com.dotmarketing.portlets.structure.model.ContentletRelationshipsTest" tests="7" skipped="0" failures="0" errors="0" timestamp="2023-06-28T19:10:56" hostname="fv-az440-364" time="10.186">
  <properties/>
  <testcase name="testDoesAllowOnlyOne[0: com.dotmarketing.portlets.structure.model.ContentletRelationshipsTest$CardinalityTestCase@16ce4f8c]" classname="com.dotmarketing.portlets.structure.model.ContentletRelationshipsTest" time="0.627"/>
  <testcase name="testDoesAllowOnlyOne[1: com.dotmarketing.portlets.structure.model.ContentletRelationshipsTest$CardinalityTestCase@edb3841]" classname="com.dotmarketing.portlets.structure.model.ContentletRelationshipsTest" time="0.567"/>
  <testcase name="testDoesAllowOnlyOne[2: com.dotmarketing.portlets.structure.model.ContentletRelationshipsTest$CardinalityTestCase@602b4355]" classname="com.dotmarketing.portlets.structure.model.ContentletRelationshipsTest" time="0.528"/>
  <testcase name="testGetRelationshipRecords[0: com.dotmarketing.portlets.structure.model.ContentletRelationshipsTest$TestCase@465b8bea]" classname="com.dotmarketing.portlets.structure.model.ContentletRelationshipsTest" time="2.157"/>
  <testcase name="testGetRelationshipRecords[1: com.dotmarketing.portlets.structure.model.ContentletRelationshipsTest$TestCase@228d1e82]" classname="com.dotmarketing.portlets.structure.model.ContentletRelationshipsTest" time="2.204"/>
  <testcase name="testGetRelationshipRecords[2: com.dotmarketing.portlets.structure.model.ContentletRelationshipsTest$TestCase@75c333a2]" classname="com.dotmarketing.portlets.structure.model.ContentletRelationshipsTest" time="2.06"/>
  <testcase name="testGetRelationshipRecords[3: com.dotmarketing.portlets.structure.model.ContentletRelationshipsTest$TestCase@4fc8e7a4]" classname="com.dotmarketing.portlets.structure.model.ContentletRelationshipsTest" time="2.039"/>
  <system-out><![CDATA[]]></system-out>
  <system-err><![CDATA[]]></system-err>
</testsuite>
