<?xml version="1.0" encoding="UTF-8"?>
<testsuite name="com.dotmarketing.servlets.ajax.AjaxDirectorServletIntegrationTest" tests="2" skipped="0" failures="0" errors="0" timestamp="2023-06-28T04:09:30" hostname="fv-az255-852" time="1.479">
  <properties/>
  <testcase name="testService[0: com.dotmarketing.servlets.ajax.AjaxDirectorServletTestCase@6870e5ee]" classname="com.dotmarketing.servlets.ajax.AjaxDirectorServletIntegrationTest" time="0.88"/>
  <testcase name="testService[1: com.dotmarketing.servlets.ajax.AjaxDirectorServletTestCase@27164009]" classname="com.dotmarketing.servlets.ajax.AjaxDirectorServletIntegrationTest" time="0.599"/>
  <system-out><![CDATA[]]></system-out>
  <system-err><![CDATA[]]></system-err>
</testsuite>
