<?xml version="1.0" encoding="UTF-8"?>
<testsuite name="com.dotmarketing.startup.runonce.Task210901UpdateDateTimezonesTest" tests="3" skipped="0" failures="0" errors="0" timestamp="2023-06-27T21:22:37" hostname="fv-az166-290" time="3.149">
  <properties/>
  <testcase name="test_timezone_offset" classname="com.dotmarketing.startup.runonce.Task210901UpdateDateTimezonesTest" time="0.003"/>
  <testcase name="test" classname="com.dotmarketing.startup.runonce.Task210901UpdateDateTimezonesTest" time="3.143"/>
  <testcase name="test_timezones_have_been_added" classname="com.dotmarketing.startup.runonce.Task210901UpdateDateTimezonesTest" time="0.003"/>
  <system-out><![CDATA[]]></system-out>
  <system-err><![CDATA[]]></system-err>
</testsuite>
