<?xml version="1.0" encoding="UTF-8"?>
<testsuite name="com.liferay.portal.ejb.UserLocalManagerTest" tests="4" skipped="0" failures="0" errors="0" timestamp="2023-07-14T14:46:22" hostname="fv-az364-103" time="3.548">
  <properties/>
  <testcase name="testInvalidFirstName" classname="com.liferay.portal.ejb.UserLocalManagerTest" time="0.969"/>
  <testcase name="testValidName" classname="com.liferay.portal.ejb.UserLocalManagerTest" time="0.857"/>
  <testcase name="test_user_id_is_UUID" classname="com.liferay.portal.ejb.UserLocalManagerTest" time="0.851"/>
  <testcase name="testInvalidLastName" classname="com.liferay.portal.ejb.UserLocalManagerTest" time="0.858"/>
  <system-out><![CDATA[]]></system-out>
  <system-err><![CDATA[]]></system-err>
</testsuite>
