<?xml version="1.0" encoding="UTF-8"?>
<testsuite name="com.dotmarketing.portlets.structure.model.ContentletRelationshipsTest" tests="7" skipped="0" failures="0" errors="0" timestamp="2023-07-20T18:03:30" hostname="fv-az574-670" time="10.611">
  <properties/>
  <testcase name="testDoesAllowOnlyOne[0: com.dotmarketing.portlets.structure.model.ContentletRelationshipsTest$CardinalityTestCase@14cff3dc]" classname="com.dotmarketing.portlets.structure.model.ContentletRelationshipsTest" time="0.659"/>
  <testcase name="testDoesAllowOnlyOne[1: com.dotmarketing.portlets.structure.model.ContentletRelationshipsTest$CardinalityTestCase@62110cfc]" classname="com.dotmarketing.portlets.structure.model.ContentletRelationshipsTest" time="0.501"/>
  <testcase name="testDoesAllowOnlyOne[2: com.dotmarketing.portlets.structure.model.ContentletRelationshipsTest$CardinalityTestCase@176c53bc]" classname="com.dotmarketing.portlets.structure.model.ContentletRelationshipsTest" time="0.621"/>
  <testcase name="testGetRelationshipRecords[0: com.dotmarketing.portlets.structure.model.ContentletRelationshipsTest$TestCase@7f1461d6]" classname="com.dotmarketing.portlets.structure.model.ContentletRelationshipsTest" time="2.168"/>
  <testcase name="testGetRelationshipRecords[1: com.dotmarketing.portlets.structure.model.ContentletRelationshipsTest$TestCase@142e2cfb]" classname="com.dotmarketing.portlets.structure.model.ContentletRelationshipsTest" time="2.325"/>
  <testcase name="testGetRelationshipRecords[2: com.dotmarketing.portlets.structure.model.ContentletRelationshipsTest$TestCase@7eb2b46e]" classname="com.dotmarketing.portlets.structure.model.ContentletRelationshipsTest" time="2.205"/>
  <testcase name="testGetRelationshipRecords[3: com.dotmarketing.portlets.structure.model.ContentletRelationshipsTest$TestCase@b36e9b7]" classname="com.dotmarketing.portlets.structure.model.ContentletRelationshipsTest" time="2.129"/>
  <system-out><![CDATA[]]></system-out>
  <system-err><![CDATA[]]></system-err>
</testsuite>
