<?xml version="1.0" encoding="UTF-8"?>
<testsuite name="com.dotmarketing.startup.runonce.Task220928AddLookbackWindowColumnToExperimentTest" tests="1" skipped="0" failures="0" errors="0" timestamp="2023-07-19T19:59:12" hostname="fv-az842-421" time="0.036">
  <properties/>
  <testcase name="testExecuteUpgrade" classname="com.dotmarketing.startup.runonce.Task220928AddLookbackWindowColumnToExperimentTest" time="0.036"/>
  <system-out><![CDATA[]]></system-out>
  <system-err><![CDATA[]]></system-err>
</testsuite>
