<?xml version="1.0" encoding="UTF-8"?>
<testsuite name="com.dotcms.rest.TagResourceIntegrationTest" tests="4" skipped="0" failures="0" errors="0" timestamp="2023-07-19T03:22:40" hostname="fv-az365-508" time="0.347">
  <properties/>
  <testcase name="testList[0: com.dotcms.rest.TagResourceTestCase@4c9e514b]" classname="com.dotcms.rest.TagResourceIntegrationTest" time="0.276"/>
  <testcase name="testList[1: com.dotcms.rest.TagResourceTestCase@8711387]" classname="com.dotcms.rest.TagResourceIntegrationTest" time="0.023"/>
  <testcase name="testList[2: com.dotcms.rest.TagResourceTestCase@306862c3]" classname="com.dotcms.rest.TagResourceIntegrationTest" time="0.021"/>
  <testcase name="testList[3: com.dotcms.rest.TagResourceTestCase@7e109886]" classname="com.dotcms.rest.TagResourceIntegrationTest" time="0.026"/>
  <system-out><![CDATA[]]></system-out>
  <system-err><![CDATA[Jul 19, 2023 3:22:41 AM com.dotcms.repackage.org.hibernate.validator.internal.util.Version <clinit>
INFO: HV000001: Hibernate Validator 4.3.2.Final
]]></system-err>
</testsuite>
