<?xml version="1.0" encoding="UTF-8"?>
<testsuite name="com.dotcms.util.content.json.PopulateContentletAsJSONUtilTest" tests="3" skipped="0" failures="0" errors="0" timestamp="2023-07-14T15:47:48" hostname="fv-az627-249" time="91.729">
  <properties/>
  <testcase name="Test_populate_everything" classname="com.dotcms.util.content.json.PopulateContentletAsJSONUtilTest" time="48.022"/>
  <testcase name="Test_populate_All_excluding_host" classname="com.dotcms.util.content.json.PopulateContentletAsJSONUtilTest" time="12.012"/>
  <testcase name="Test_populate_host" classname="com.dotcms.util.content.json.PopulateContentletAsJSONUtilTest" time="31.695"/>
  <system-out><![CDATA[]]></system-out>
  <system-err><![CDATA[]]></system-err>
</testsuite>
