<?xml version="1.0" encoding="UTF-8"?>
<testsuite name="com.dotcms.rest.TagResourceIntegrationTest" tests="4" skipped="0" failures="0" errors="0" timestamp="2023-06-29T18:41:35" hostname="fv-az453-135" time="0.326">
  <properties/>
  <testcase name="testList[0: com.dotcms.rest.TagResourceTestCase@6ac0d39b]" classname="com.dotcms.rest.TagResourceIntegrationTest" time="0.255"/>
  <testcase name="testList[1: com.dotcms.rest.TagResourceTestCase@7bf51e4e]" classname="com.dotcms.rest.TagResourceIntegrationTest" time="0.026"/>
  <testcase name="testList[2: com.dotcms.rest.TagResourceTestCase@69ac7a98]" classname="com.dotcms.rest.TagResourceIntegrationTest" time="0.021"/>
  <testcase name="testList[3: com.dotcms.rest.TagResourceTestCase@1ba90697]" classname="com.dotcms.rest.TagResourceIntegrationTest" time="0.024"/>
  <system-out><![CDATA[]]></system-out>
  <system-err><![CDATA[Jun 29, 2023 6:41:35 PM com.dotcms.repackage.org.hibernate.validator.internal.util.Version <clinit>
INFO: HV000001: Hibernate Validator 4.3.2.Final
]]></system-err>
</testsuite>
