<?xml version="1.0" encoding="UTF-8"?>
<testsuite name="com.dotmarketing.business.DeterministicIdentifierAPITest" tests="16" skipped="0" failures="0" errors="0" timestamp="2023-06-28T20:12:44" hostname="fv-az851-777" time="0.773">
  <properties/>
  <testcase name="Test_Category_Path_Seed_And_Id" classname="com.dotmarketing.business.DeterministicIdentifierAPITest" time="0.023"/>
  <testcase name="Test_Language_Deterministic_Id[0: LanguageTestCase{expectedSeed='Language:es:US', expectedHash=4913155, langCode='es', countryCode='US', country='United States'}]" classname="com.dotmarketing.business.DeterministicIdentifierAPITest" time="0.001"/>
  <testcase name="Test_Language_Deterministic_Id[1: LanguageTestCase{expectedSeed='Language:ep:', expectedHash=5292269, langCode='ep', countryCode='', country=''}]" classname="com.dotmarketing.business.DeterministicIdentifierAPITest" time="0.001"/>
  <testcase name="Test_Language_Deterministic_Id[2: LanguageTestCase{expectedSeed='Language:sg:SAG', expectedHash=4713118, langCode='sg', countryCode='SAG', country=''}]" classname="com.dotmarketing.business.DeterministicIdentifierAPITest" time="0.001"/>
  <testcase name="Test_Language_Deterministic_Id[3: LanguageTestCase{expectedSeed='Language:en:NZ', expectedHash=5382528, langCode='en', countryCode='NZ', country='New Zealand'}]" classname="com.dotmarketing.business.DeterministicIdentifierAPITest" time="0.0"/>
  <testcase name="Test_Category_None_Persisted_Category_Should_Return_Deterministic_Id" classname="com.dotmarketing.business.DeterministicIdentifierAPITest" time="0.002"/>
  <testcase name="Test_Asset_Generate_Deterministic_Id_Best_Effort[0: TestCase{versionable=my.host1687982785546.com, parent=System Host, expectedName='my.host1687982785546.com', expectedType='Host'}]" classname="com.dotmarketing.business.DeterministicIdentifierAPITest" time="0.003"/>
  <testcase name="Test_Asset_Generate_Deterministic_Id_Best_Effort[1: TestCase{versionable=com.dotmarketing.portlets.contentlet.model.Contentlet@46a01be5[map={modDate=2023-06-28 20:06:26.39, fileName=file18204537467661291549.txt, title=file18204537467661291549.txt, inode=fd73d2f8-7b42-4ddd-804e-a84cde0d0896, __IS_NEW_CONTENT__=true, disabledWYSIWYG=[], host=8983e680-a3eb-4c4f-9ca1-3fc60a2533b7, stInode=33888b6f-7a8e-4069-b1b6-5c1aa9d0a48d, owner=system, identifier=9c422c62-1c15-4067-9534-58a18459e565, nullProperties=[wfExpireDate, wfPublishDate, wfActionAssign, wfActionId, wfActionComments, filterKey, whereToSend, wfNeverExpire, _path_to_move, timezoneId, iWantTo, wfPublishTime, wfExpireTime], languageId=1, fileAsset=/home/runner/work/core/custom/assets/f/d/fd73d2f8-7b42-4ddd-804e-a84cde0d0896/fileAsset/file18204537467661291549.txt, folder=49347a43-e077-45d6-89f5-ebf7135c905a, __disable_workflow__=true, sortOrder=0, modUser=system},lowIndexPriority=false,variantId=DEFAULT], parent=com.dotmarketing.portlets.folders.model.Folder@40a131fd[identifier=49347a43-e077-45d6-89f5-ebf7135c905a,name=testName1687982786385,sortOrder=0,showOnMenu=false,hostId=8983e680-a3eb-4c4f-9ca1-3fc60a2533b7,type=folder,title=testTitle1687982786385,filesMasks=,defaultFileType=33888b6f-7a8e-4069-b1b6-5c1aa9d0a48d,modDate=2023-06-28 20:06:26.387,owner=&lt;null&gt;,iDate=2023-06-28 20:06:26.387,inode=49347a43-e077-45d6-89f5-ebf7135c905a,path=/testName1687982786385/], expectedName='file18204537467661291549.txt', expectedType='FileAsset'}]" classname="com.dotmarketing.business.DeterministicIdentifierAPITest" time="0.003"/>
  <testcase name="Test_Asset_Generate_Deterministic_Id_Best_Effort[2: TestCase{versionable=com.dotmarketing.portlets.templates.model.Template@cbf4fab, parent=my.host1687982785546.com, expectedName='testTitle1687982786467', expectedType='Template'}]" classname="com.dotmarketing.business.DeterministicIdentifierAPITest" time="0.001"/>
  <testcase name="Test_Asset_Generate_Deterministic_Id_Best_Effort[3: TestCase{versionable=com.dotmarketing.portlets.htmlpageasset.model.HTMLPageAsset@22b7a53[map={template=34b461b5-9f26-47fb-8831-b02ace49a5bb, owner=system, identifier=9e7196d0-c804-42e1-8445-8d03c53ed3d2, nullProperties=[wfExpireDate, wfPublishDate, wfActionAssign, wfActionId, wfActionComments, filterKey, whereToSend, wfNeverExpire, _path_to_move, timezoneId, iWantTo, wfPublishTime, wfExpireTime], modDate=2023-06-28 20:06:26.479, cachettl=0, _is_test_mode=true, languageId=1, title=test-page-title-1687982786475, httpsreq=, url=test-page-url-1687982786475, showOnMenu=, inode=18b0c06d-3126-4fed-9b9a-06c8ddd5c8df, folder=49347a43-e077-45d6-89f5-ebf7135c905a, disabledWYSIWYG=[], sortOrder=1, modUser=system, host=8983e680-a3eb-4c4f-9ca1-3fc60a2533b7, stInode=c541abb1-69b3-4bc5-8430-5e09e5239cc8, friendlyName=test-page-friendly-name-1687982786475},lowIndexPriority=false,variantId=DEFAULT], parent=com.dotmarketing.portlets.folders.model.Folder@40a131fd[identifier=49347a43-e077-45d6-89f5-ebf7135c905a,name=testName1687982786385,sortOrder=0,showOnMenu=false,hostId=8983e680-a3eb-4c4f-9ca1-3fc60a2533b7,type=folder,title=testTitle1687982786385,filesMasks=,defaultFileType=33888b6f-7a8e-4069-b1b6-5c1aa9d0a48d,modDate=2023-06-28 20:06:26.387,owner=&lt;null&gt;,iDate=2023-06-28 20:06:26.387,inode=49347a43-e077-45d6-89f5-ebf7135c905a,path=/testName1687982786385/], expectedName='test-page-url-1687982786475', expectedType='htmlpageasset'}]" classname="com.dotmarketing.business.DeterministicIdentifierAPITest" time="0.002"/>
  <testcase name="Test_Asset_Generate_Deterministic_Id_Best_Effort[4: TestCase{versionable=com.dotmarketing.portlets.contentlet.model.Contentlet@2523ba78[map={fileAsset2=/home/runner/work/core/custom/assets/b/d/bde9d00e-4048-4f5f-88eb-97326298843f/fileAsset2/test_binary1687982787377.png, modDate=2023-06-28 20:06:27.381, fileAsset1=/home/runner/work/core/custom/assets/b/d/bde9d00e-4048-4f5f-88eb-97326298843f/fileAsset1/test_binary1687982787377.jpg, title=blah, inode=bde9d00e-4048-4f5f-88eb-97326298843f, __IS_NEW_CONTENT__=true, disabledWYSIWYG=[], host=48190c8c-42c4-46af-8d1a-0cd5db894797, stInode=eccebf91-6b12-4ae8-9772-2d02a45af87d, owner=system, identifier=1b19ec3b-2a29-48e4-b5fa-37d544da61ae, nullProperties=[], languageId=1, image1=598ea01a-5846-4b90-b698-12eca4a429ca, folder=SYSTEM_FOLDER, __disable_workflow__=true, sortOrder=0, modUser=system},lowIndexPriority=false,variantId=DEFAULT], parent=demo.dotcms.com, expectedName='test_binary1687982787377.jpg:test_binary1687982787377.png', expectedType='MultipleBinaries1687982786600'}]" classname="com.dotmarketing.business.DeterministicIdentifierAPITest" time="0.003"/>
  <testcase name="Test_Asset_Generate_Deterministic_Id_Best_Effort[5: TestCase{versionable=named49249de4e : keyTagd49249de4e, parent=my.host1687982785546.com, expectedName='keyTagd49249de4e', expectedType='persona'}]" classname="com.dotmarketing.business.DeterministicIdentifierAPITest" time="0.002"/>
  <testcase name="Test_Similar_Content_Type_Wont_Clash" classname="com.dotmarketing.business.DeterministicIdentifierAPITest" time="0.381"/>
  <testcase name="Test_Generate_Folder_Identifier" classname="com.dotmarketing.business.DeterministicIdentifierAPITest" time="0.34"/>
  <testcase name="Test_Generate_Content_Type_Identifier[0: ContentTypeTestCase{contentType=KeyValueContentType{name=Language Variable, id=f4d7c1b8-2c88-4071-abf1-a5328977b07d, description=Default Content Type for Language Variables, defaultType=false, fixed=true, iDate=Thu Aug 31 16:38:49 UTC 2017, system=true, versionable=true, variable=Languagevariable, modDate=Wed Jun 28 19:04:58 UTC 2023, host=SYSTEM_HOST, siteName=systemHost, icon=language, sortOrder=0, folder=SYSTEM_FOLDER, folderPath=/, markedForDeletion=true, multilingualable=false}, expectedName='Languagevariable', expectedType='KeyValue'}]" classname="com.dotmarketing.business.DeterministicIdentifierAPITest" time="0.004"/>
  <testcase name="Test_Generate_Content_Type_Identifier[1: ContentTypeTestCase{contentType=SimpleContentType{name=testName1687982787694, id=ec476ed9-7a9b-498b-b03e-0baed1d0e11f, description=testDescription1687982787694, defaultType=false, fixed=false, iDate=Wed Jun 28 20:06:27 UTC 2023, system=false, versionable=true, multilingualable=false, variable=testVarname1687982787694, owner=system, modDate=Wed Jun 28 20:06:28 UTC 2023, host=48190c8c-42c4-46af-8d1a-0cd5db894797, siteName=demo.dotcms.com, icon=event_note, sortOrder=0, folder=SYSTEM_FOLDER, folderPath=/, requiredFields=[], markedForDeletion=false}, expectedName='testVarname1687982787694', expectedType='CONTENT'}]" classname="com.dotmarketing.business.DeterministicIdentifierAPITest" time="0.004"/>
  <system-out><![CDATA[]]></system-out>
  <system-err><![CDATA[]]></system-err>
</testsuite>
