<?xml version="1.0" encoding="UTF-8"?>
<testsuite name="com.dotmarketing.startup.runonce.Task230328AddMarkedForDeletionColumnTest" tests="1" skipped="0" failures="0" errors="0" timestamp="2023-06-26T20:08:13" hostname="fv-az1114-884" time="0.011">
  <properties/>
  <testcase name="TestUpgradeTask" classname="com.dotmarketing.startup.runonce.Task230328AddMarkedForDeletionColumnTest" time="0.011"/>
  <system-out><![CDATA[]]></system-out>
  <system-err><![CDATA[]]></system-err>
</testsuite>
