<?xml version="1.0" encoding="UTF-8"?>
<testsuite name="com.dotcms.rest.api.v1.vtl.VTLResourceIntegrationTest" tests="6" skipped="0" failures="0" errors="0" timestamp="2023-06-29T21:33:47" hostname="fv-az216-434" time="12.317">
  <properties/>
  <testcase name="testGet[0: com.dotcms.rest.api.v1.vtl.VTLResourceTestCase@455b3d83]" classname="com.dotcms.rest.api.v1.vtl.VTLResourceIntegrationTest" time="1.374"/>
  <testcase name="testGet[1: com.dotcms.rest.api.v1.vtl.VTLResourceTestCase@1e7c4676]" classname="com.dotcms.rest.api.v1.vtl.VTLResourceIntegrationTest" time="2.7"/>
  <testcase name="testGet[2: com.dotcms.rest.api.v1.vtl.VTLResourceTestCase@b112823]" classname="com.dotcms.rest.api.v1.vtl.VTLResourceIntegrationTest" time="2.219"/>
  <testcase name="testGet[3: com.dotcms.rest.api.v1.vtl.VTLResourceTestCase@6c856310]" classname="com.dotcms.rest.api.v1.vtl.VTLResourceIntegrationTest" time="1.899"/>
  <testcase name="testGet[4: com.dotcms.rest.api.v1.vtl.VTLResourceTestCase@702eec26]" classname="com.dotcms.rest.api.v1.vtl.VTLResourceIntegrationTest" time="1.864"/>
  <testcase name="testGet[5: com.dotcms.rest.api.v1.vtl.VTLResourceTestCase@c9d4ba3]" classname="com.dotcms.rest.api.v1.vtl.VTLResourceIntegrationTest" time="2.26"/>
  <system-out><![CDATA[]]></system-out>
  <system-err><![CDATA[]]></system-err>
</testsuite>
