<?xml version="1.0" encoding="UTF-8"?>
<testsuite name="com.dotcms.rest.elasticsearch.ESContentResourcePortletTest" tests="8" skipped="0" failures="0" errors="0" timestamp="2023-06-30T20:58:57" hostname="fv-az389-28" time="8.751">
  <properties/>
  <testcase name="test_search_includeGrandChildCategory_success" classname="com.dotcms.rest.elasticsearch.ESContentResourcePortletTest" time="1.365"/>
  <testcase name="testSearch[0: com.dotcms.rest.elasticsearch.ESContentResourcePortletTest$TestCase@29eb0707]" classname="com.dotcms.rest.elasticsearch.ESContentResourcePortletTest" time="0.92"/>
  <testcase name="testSearch[1: com.dotcms.rest.elasticsearch.ESContentResourcePortletTest$TestCase@6c2f5875]" classname="com.dotcms.rest.elasticsearch.ESContentResourcePortletTest" time="1.277"/>
  <testcase name="testSearch[2: com.dotcms.rest.elasticsearch.ESContentResourcePortletTest$TestCase@1c44568f]" classname="com.dotcms.rest.elasticsearch.ESContentResourcePortletTest" time="0.945"/>
  <testcase name="testSearch[3: com.dotcms.rest.elasticsearch.ESContentResourcePortletTest$TestCase@6451318f]" classname="com.dotcms.rest.elasticsearch.ESContentResourcePortletTest" time="1.221"/>
  <testcase name="testSearch[4: com.dotcms.rest.elasticsearch.ESContentResourcePortletTest$TestCase@15f3d13d]" classname="com.dotcms.rest.elasticsearch.ESContentResourcePortletTest" time="1.196"/>
  <testcase name="testSearch[5: com.dotcms.rest.elasticsearch.ESContentResourcePortletTest$TestCase@389cf06]" classname="com.dotcms.rest.elasticsearch.ESContentResourcePortletTest" time="0.926"/>
  <testcase name="testSearch[6: com.dotcms.rest.elasticsearch.ESContentResourcePortletTest$TestCase@3d4701d6]" classname="com.dotcms.rest.elasticsearch.ESContentResourcePortletTest" time="0.9"/>
  <system-out><![CDATA[]]></system-out>
  <system-err><![CDATA[]]></system-err>
</testsuite>
