<?xml version="1.0" encoding="UTF-8"?>
<testsuite name="com.dotmarketing.business.PermissionBitFactoryImplTest" tests="1" skipped="0" failures="0" errors="0" timestamp="2023-07-21T16:43:48" hostname="fv-az453-320" time="3.166">
  <properties/>
  <testcase name="assignPermissions" classname="com.dotmarketing.business.PermissionBitFactoryImplTest" time="3.166"/>
  <system-out><![CDATA[]]></system-out>
  <system-err><![CDATA[]]></system-err>
</testsuite>
