<?xml version="1.0" encoding="UTF-8"?>
<testsuite name="com.dotcms.rest.TagResourceIntegrationTest" tests="4" skipped="0" failures="0" errors="0" timestamp="2023-07-21T17:46:27" hostname="fv-az454-899" time="0.352">
  <properties/>
  <testcase name="testList[0: com.dotcms.rest.TagResourceTestCase@4aca90f2]" classname="com.dotcms.rest.TagResourceIntegrationTest" time="0.272"/>
  <testcase name="testList[1: com.dotcms.rest.TagResourceTestCase@7e519d67]" classname="com.dotcms.rest.TagResourceIntegrationTest" time="0.027"/>
  <testcase name="testList[2: com.dotcms.rest.TagResourceTestCase@5141a7c9]" classname="com.dotcms.rest.TagResourceIntegrationTest" time="0.022"/>
  <testcase name="testList[3: com.dotcms.rest.TagResourceTestCase@fc2c94c]" classname="com.dotcms.rest.TagResourceIntegrationTest" time="0.029"/>
  <system-out><![CDATA[]]></system-out>
  <system-err><![CDATA[Jul 21, 2023 5:46:27 PM com.dotcms.repackage.org.hibernate.validator.internal.util.Version <clinit>
INFO: HV000001: Hibernate Validator 4.3.2.Final
]]></system-err>
</testsuite>
