<?xml version="1.0" encoding="UTF-8"?>
<testsuite name="com.dotmarketing.portlets.structure.model.ContentletRelationshipsTest" tests="7" skipped="0" failures="0" errors="0" timestamp="2023-07-12T20:15:48" hostname="fv-az449-127" time="10.94">
  <properties/>
  <testcase name="testDoesAllowOnlyOne[0: com.dotmarketing.portlets.structure.model.ContentletRelationshipsTest$CardinalityTestCase@2afecf36]" classname="com.dotmarketing.portlets.structure.model.ContentletRelationshipsTest" time="0.629"/>
  <testcase name="testDoesAllowOnlyOne[1: com.dotmarketing.portlets.structure.model.ContentletRelationshipsTest$CardinalityTestCase@404c35a3]" classname="com.dotmarketing.portlets.structure.model.ContentletRelationshipsTest" time="0.636"/>
  <testcase name="testDoesAllowOnlyOne[2: com.dotmarketing.portlets.structure.model.ContentletRelationshipsTest$CardinalityTestCase@2913edb1]" classname="com.dotmarketing.portlets.structure.model.ContentletRelationshipsTest" time="0.665"/>
  <testcase name="testGetRelationshipRecords[0: com.dotmarketing.portlets.structure.model.ContentletRelationshipsTest$TestCase@523de704]" classname="com.dotmarketing.portlets.structure.model.ContentletRelationshipsTest" time="2.35"/>
  <testcase name="testGetRelationshipRecords[1: com.dotmarketing.portlets.structure.model.ContentletRelationshipsTest$TestCase@ee6050a]" classname="com.dotmarketing.portlets.structure.model.ContentletRelationshipsTest" time="2.351"/>
  <testcase name="testGetRelationshipRecords[2: com.dotmarketing.portlets.structure.model.ContentletRelationshipsTest$TestCase@2fa6d858]" classname="com.dotmarketing.portlets.structure.model.ContentletRelationshipsTest" time="2.135"/>
  <testcase name="testGetRelationshipRecords[3: com.dotmarketing.portlets.structure.model.ContentletRelationshipsTest$TestCase@19eec678]" classname="com.dotmarketing.portlets.structure.model.ContentletRelationshipsTest" time="2.171"/>
  <system-out><![CDATA[]]></system-out>
  <system-err><![CDATA[]]></system-err>
</testsuite>
