<?xml version="1.0" encoding="UTF-8"?>
<testsuite name="com.dotmarketing.portlets.workflows.actionlet.PushNowActionletTest" tests="3" skipped="0" failures="0" errors="0" timestamp="2023-07-11T03:41:10" hostname="fv-az437-589" time="4.595">
  <properties/>
  <testcase name="test_PushNowActionlet_With_Push_Remove_Param" classname="com.dotmarketing.portlets.workflows.actionlet.PushNowActionletTest" time="2.095"/>
  <testcase name="test_PushNowActionlet_getParameters_getFilters" classname="com.dotmarketing.portlets.workflows.actionlet.PushNowActionletTest" time="0.01"/>
  <testcase name="test_PushNowActionlet_BundleUsesFilterKeySet" classname="com.dotmarketing.portlets.workflows.actionlet.PushNowActionletTest" time="2.489"/>
  <system-out><![CDATA[]]></system-out>
  <system-err><![CDATA[]]></system-err>
</testsuite>
