<?xml version="1.0" encoding="UTF-8"?>
<testsuite name="com.dotcms.publishing.PublisherAPIImplTest" tests="24" skipped="0" failures="0" errors="0" timestamp="2023-07-07T18:37:20" hostname="fv-az622-57" time="5.535">
  <properties/>
  <testcase name="AddAllCategoryIntoBundle" classname="com.dotcms.publishing.PublisherAPIImplTest" time="0.22"/>
  <testcase name="testFilterDescriptors" classname="com.dotcms.publishing.PublisherAPIImplTest" time="0.127"/>
  <testcase name="sendPushPublishBundle[0: com.dotcms.publishing.PublisherAPIImplTest$TestAsset@2debcbf1]" classname="com.dotcms.publishing.PublisherAPIImplTest" time="1.6"/>
  <testcase name="sendPushPublishBundle[1: com.dotcms.publishing.PublisherAPIImplTest$TestAsset@1a3f2659]" classname="com.dotcms.publishing.PublisherAPIImplTest" time="0.259"/>
  <testcase name="sendPushPublishBundle[2: com.dotcms.publishing.PublisherAPIImplTest$TestAsset@b1fb435]" classname="com.dotcms.publishing.PublisherAPIImplTest" time="0.231"/>
  <testcase name="sendPushPublishBundle[3: com.dotcms.publishing.PublisherAPIImplTest$TestAsset@41df239f]" classname="com.dotcms.publishing.PublisherAPIImplTest" time="0.396"/>
  <testcase name="sendPushPublishBundle[4: com.dotcms.publishing.PublisherAPIImplTest$TestAsset@3298cc16]" classname="com.dotcms.publishing.PublisherAPIImplTest" time="0.359"/>
  <testcase name="sendPushPublishBundle[5: com.dotcms.publishing.PublisherAPIImplTest$TestAsset@51f629f2]" classname="com.dotcms.publishing.PublisherAPIImplTest" time="0.204"/>
  <testcase name="sendPushPublishBundle[6: com.dotcms.publishing.PublisherAPIImplTest$TestAsset@27be81e5]" classname="com.dotcms.publishing.PublisherAPIImplTest" time="0.192"/>
  <testcase name="sendPushPublishBundle[7: com.dotcms.publishing.PublisherAPIImplTest$TestAsset@1f458d56]" classname="com.dotcms.publishing.PublisherAPIImplTest" time="0.174"/>
  <testcase name="sendPushPublishBundle[8: com.dotcms.publishing.PublisherAPIImplTest$TestAsset@6b491ad4]" classname="com.dotcms.publishing.PublisherAPIImplTest" time="0.151"/>
  <testcase name="sendPushPublishBundle[9: com.dotcms.publishing.PublisherAPIImplTest$TestAsset@b1017f6]" classname="com.dotcms.publishing.PublisherAPIImplTest" time="0.249"/>
  <testcase name="sendPushPublishBundle[10: com.dotcms.publishing.PublisherAPIImplTest$TestAsset@58f21ed8]" classname="com.dotcms.publishing.PublisherAPIImplTest" time="0.098"/>
  <testcase name="generateBundle[0: com.dotcms.publishing.PublisherAPIImplTest$TestAsset@2debcbf1]" classname="com.dotcms.publishing.PublisherAPIImplTest" time="0.142"/>
  <testcase name="generateBundle[1: com.dotcms.publishing.PublisherAPIImplTest$TestAsset@1a3f2659]" classname="com.dotcms.publishing.PublisherAPIImplTest" time="0.133"/>
  <testcase name="generateBundle[2: com.dotcms.publishing.PublisherAPIImplTest$TestAsset@b1fb435]" classname="com.dotcms.publishing.PublisherAPIImplTest" time="0.107"/>
  <testcase name="generateBundle[3: com.dotcms.publishing.PublisherAPIImplTest$TestAsset@41df239f]" classname="com.dotcms.publishing.PublisherAPIImplTest" time="0.198"/>
  <testcase name="generateBundle[4: com.dotcms.publishing.PublisherAPIImplTest$TestAsset@3298cc16]" classname="com.dotcms.publishing.PublisherAPIImplTest" time="0.173"/>
  <testcase name="generateBundle[5: com.dotcms.publishing.PublisherAPIImplTest$TestAsset@51f629f2]" classname="com.dotcms.publishing.PublisherAPIImplTest" time="0.102"/>
  <testcase name="generateBundle[6: com.dotcms.publishing.PublisherAPIImplTest$TestAsset@27be81e5]" classname="com.dotcms.publishing.PublisherAPIImplTest" time="0.101"/>
  <testcase name="generateBundle[7: com.dotcms.publishing.PublisherAPIImplTest$TestAsset@1f458d56]" classname="com.dotcms.publishing.PublisherAPIImplTest" time="0.095"/>
  <testcase name="generateBundle[8: com.dotcms.publishing.PublisherAPIImplTest$TestAsset@6b491ad4]" classname="com.dotcms.publishing.PublisherAPIImplTest" time="0.056"/>
  <testcase name="generateBundle[9: com.dotcms.publishing.PublisherAPIImplTest$TestAsset@b1017f6]" classname="com.dotcms.publishing.PublisherAPIImplTest" time="0.134"/>
  <testcase name="generateBundle[10: com.dotcms.publishing.PublisherAPIImplTest$TestAsset@58f21ed8]" classname="com.dotcms.publishing.PublisherAPIImplTest" time="0.02"/>
  <system-out><![CDATA[









































































































































































]]></system-out>
  <system-err><![CDATA[]]></system-err>
</testsuite>
