<?xml version="1.0" encoding="UTF-8"?>
<testsuite name="com.dotcms.rest.elasticsearch.ESContentResourcePortletTest" tests="8" skipped="0" failures="0" errors="0" timestamp="2023-06-28T04:02:18" hostname="fv-az592-477" time="8.512">
  <properties/>
  <testcase name="test_search_includeGrandChildCategory_success" classname="com.dotcms.rest.elasticsearch.ESContentResourcePortletTest" time="1.335"/>
  <testcase name="testSearch[0: com.dotcms.rest.elasticsearch.ESContentResourcePortletTest$TestCase@2e64205d]" classname="com.dotcms.rest.elasticsearch.ESContentResourcePortletTest" time="0.855"/>
  <testcase name="testSearch[1: com.dotcms.rest.elasticsearch.ESContentResourcePortletTest$TestCase@750efec8]" classname="com.dotcms.rest.elasticsearch.ESContentResourcePortletTest" time="1.257"/>
  <testcase name="testSearch[2: com.dotcms.rest.elasticsearch.ESContentResourcePortletTest$TestCase@1701fc23]" classname="com.dotcms.rest.elasticsearch.ESContentResourcePortletTest" time="0.877"/>
  <testcase name="testSearch[3: com.dotcms.rest.elasticsearch.ESContentResourcePortletTest$TestCase@6f092b32]" classname="com.dotcms.rest.elasticsearch.ESContentResourcePortletTest" time="1.231"/>
  <testcase name="testSearch[4: com.dotcms.rest.elasticsearch.ESContentResourcePortletTest$TestCase@60e08846]" classname="com.dotcms.rest.elasticsearch.ESContentResourcePortletTest" time="1.245"/>
  <testcase name="testSearch[5: com.dotcms.rest.elasticsearch.ESContentResourcePortletTest$TestCase@629ad22c]" classname="com.dotcms.rest.elasticsearch.ESContentResourcePortletTest" time="0.84"/>
  <testcase name="testSearch[6: com.dotcms.rest.elasticsearch.ESContentResourcePortletTest$TestCase@7ae2dab8]" classname="com.dotcms.rest.elasticsearch.ESContentResourcePortletTest" time="0.869"/>
  <system-out><![CDATA[]]></system-out>
  <system-err><![CDATA[]]></system-err>
</testsuite>
