<?xml version="1.0" encoding="UTF-8"?>
<testsuite name="com.dotcms.contenttype.test.ContentResourceTest" tests="52" skipped="0" failures="0" errors="0" timestamp="2023-07-11T23:22:53" hostname="fv-az461-329" time="132.994">
  <properties/>
  <testcase name="testGetContentShouldReturnIconDetails" classname="com.dotcms.contenttype.test.ContentResourceTest" time="1.536"/>
  <testcase name="Test_Save_Action_Set_Words_To_Required_NumericField_Issue_15340" classname="com.dotcms.contenttype.test.ContentResourceTest" time="0.885"/>
  <testcase name="test_getContent_includeGrandChildCategory_success" classname="com.dotcms.contenttype.test.ContentResourceTest" time="1.279"/>
  <testcase name="testGetContentWithRelatedParameter[0: com.dotcms.contenttype.test.ContentResourceTest$PullRelatedTestCase@bf08aee]" classname="com.dotcms.contenttype.test.ContentResourceTest" time="3.526"/>
  <testcase name="testGetContentWithRelatedParameter[1: com.dotcms.contenttype.test.ContentResourceTest$PullRelatedTestCase@52deef3a]" classname="com.dotcms.contenttype.test.ContentResourceTest" time="3.424"/>
  <testcase name="testGetContentWithRelatedParameter[2: com.dotcms.contenttype.test.ContentResourceTest$PullRelatedTestCase@3b318d58]" classname="com.dotcms.contenttype.test.ContentResourceTest" time="3.635"/>
  <testcase name="testGetContentWithRelatedParameter[3: com.dotcms.contenttype.test.ContentResourceTest$PullRelatedTestCase@25f1e07e]" classname="com.dotcms.contenttype.test.ContentResourceTest" time="2.52"/>
  <testcase name="testGetContentWithRelatedParameter[4: com.dotcms.contenttype.test.ContentResourceTest$PullRelatedTestCase@2a59a9d4]" classname="com.dotcms.contenttype.test.ContentResourceTest" time="3.643"/>
  <testcase name="test_getContent_SelfRelatedWith3LevelsOfDepth_shouldReturnRelationships" classname="com.dotcms.contenttype.test.ContentResourceTest" time="1.3"/>
  <testcase name="Test_Save_Action_Send_Fields_SubSet_Issue_15340" classname="com.dotcms.contenttype.test.ContentResourceTest" time="2.878"/>
  <testcase name="test_getContent_shouldReturnRelationships[0: com.dotcms.contenttype.test.ContentResourceTest$TestCase@fdb249a]" classname="com.dotcms.contenttype.test.ContentResourceTest" time="2.677"/>
  <testcase name="test_getContent_shouldReturnRelationships[1: com.dotcms.contenttype.test.ContentResourceTest$TestCase@38b72374]" classname="com.dotcms.contenttype.test.ContentResourceTest" time="1.711"/>
  <testcase name="test_getContent_shouldReturnRelationships[2: com.dotcms.contenttype.test.ContentResourceTest$TestCase@126fd60c]" classname="com.dotcms.contenttype.test.ContentResourceTest" time="2.649"/>
  <testcase name="test_getContent_shouldReturnRelationships[3: com.dotcms.contenttype.test.ContentResourceTest$TestCase@751fda9c]" classname="com.dotcms.contenttype.test.ContentResourceTest" time="2.68"/>
  <testcase name="test_getContent_shouldReturnRelationships[4: com.dotcms.contenttype.test.ContentResourceTest$TestCase@23b6cf51]" classname="com.dotcms.contenttype.test.ContentResourceTest" time="1.825"/>
  <testcase name="test_getContent_shouldReturnRelationships[5: com.dotcms.contenttype.test.ContentResourceTest$TestCase@221bf4d0]" classname="com.dotcms.contenttype.test.ContentResourceTest" time="2.602"/>
  <testcase name="test_getContent_shouldReturnRelationships[6: com.dotcms.contenttype.test.ContentResourceTest$TestCase@4e288929]" classname="com.dotcms.contenttype.test.ContentResourceTest" time="2.759"/>
  <testcase name="test_getContent_shouldReturnRelationships[7: com.dotcms.contenttype.test.ContentResourceTest$TestCase@45e8714a]" classname="com.dotcms.contenttype.test.ContentResourceTest" time="2.757"/>
  <testcase name="test_getContent_shouldReturnRelationships[8: com.dotcms.contenttype.test.ContentResourceTest$TestCase@5031f2e1]" classname="com.dotcms.contenttype.test.ContentResourceTest" time="2.718"/>
  <testcase name="test_getContent_shouldReturnRelationships[9: com.dotcms.contenttype.test.ContentResourceTest$TestCase@2df13143]" classname="com.dotcms.contenttype.test.ContentResourceTest" time="2.812"/>
  <testcase name="test_getContent_shouldReturnRelationships[10: com.dotcms.contenttype.test.ContentResourceTest$TestCase@279a9415]" classname="com.dotcms.contenttype.test.ContentResourceTest" time="2.658"/>
  <testcase name="test_getContent_shouldReturnRelationships[11: com.dotcms.contenttype.test.ContentResourceTest$TestCase@21fed38d]" classname="com.dotcms.contenttype.test.ContentResourceTest" time="2.806"/>
  <testcase name="test_getContent_shouldReturnRelationships[12: com.dotcms.contenttype.test.ContentResourceTest$TestCase@7e878ba9]" classname="com.dotcms.contenttype.test.ContentResourceTest" time="2.659"/>
  <testcase name="test_getContent_shouldReturnRelationships[13: com.dotcms.contenttype.test.ContentResourceTest$TestCase@5a58c613]" classname="com.dotcms.contenttype.test.ContentResourceTest" time="2.54"/>
  <testcase name="test_getContent_shouldReturnRelationships[14: com.dotcms.contenttype.test.ContentResourceTest$TestCase@2991cb71]" classname="com.dotcms.contenttype.test.ContentResourceTest" time="2.481"/>
  <testcase name="test_getContent_shouldReturnRelationships[15: com.dotcms.contenttype.test.ContentResourceTest$TestCase@7e240775]" classname="com.dotcms.contenttype.test.ContentResourceTest" time="3.559"/>
  <testcase name="test_getContent_shouldReturnRelationships[16: com.dotcms.contenttype.test.ContentResourceTest$TestCase@3c3c11db]" classname="com.dotcms.contenttype.test.ContentResourceTest" time="3.569"/>
  <testcase name="test_getContent_shouldReturnRelationships[17: com.dotcms.contenttype.test.ContentResourceTest$TestCase@20c83011]" classname="com.dotcms.contenttype.test.ContentResourceTest" time="2.724"/>
  <testcase name="test_getContent_shouldReturnRelationships[18: com.dotcms.contenttype.test.ContentResourceTest$TestCase@725bd3a]" classname="com.dotcms.contenttype.test.ContentResourceTest" time="2.971"/>
  <testcase name="test_getContent_shouldReturnRelationships[19: com.dotcms.contenttype.test.ContentResourceTest$TestCase@59640d04]" classname="com.dotcms.contenttype.test.ContentResourceTest" time="1.722"/>
  <testcase name="test_getContent_shouldReturnRelationships[20: com.dotcms.contenttype.test.ContentResourceTest$TestCase@58a7d3a]" classname="com.dotcms.contenttype.test.ContentResourceTest" time="2.928"/>
  <testcase name="test_getContent_shouldReturnRelationships[21: com.dotcms.contenttype.test.ContentResourceTest$TestCase@64a38d22]" classname="com.dotcms.contenttype.test.ContentResourceTest" time="3.034"/>
  <testcase name="test_getContent_shouldReturnRelationships[22: com.dotcms.contenttype.test.ContentResourceTest$TestCase@4e4520e1]" classname="com.dotcms.contenttype.test.ContentResourceTest" time="2.655"/>
  <testcase name="test_getContent_shouldReturnRelationships[23: com.dotcms.contenttype.test.ContentResourceTest$TestCase@37300800]" classname="com.dotcms.contenttype.test.ContentResourceTest" time="2.876"/>
  <testcase name="test_getContent_shouldReturnRelationships[24: com.dotcms.contenttype.test.ContentResourceTest$TestCase@6105c071]" classname="com.dotcms.contenttype.test.ContentResourceTest" time="2.696"/>
  <testcase name="test_getContent_shouldReturnRelationships[25: com.dotcms.contenttype.test.ContentResourceTest$TestCase@19b79bee]" classname="com.dotcms.contenttype.test.ContentResourceTest" time="3.157"/>
  <testcase name="test_getContent_shouldReturnRelationships[26: com.dotcms.contenttype.test.ContentResourceTest$TestCase@7e92f211]" classname="com.dotcms.contenttype.test.ContentResourceTest" time="2.858"/>
  <testcase name="test_getContent_shouldReturnRelationships[27: com.dotcms.contenttype.test.ContentResourceTest$TestCase@495585cb]" classname="com.dotcms.contenttype.test.ContentResourceTest" time="2.668"/>
  <testcase name="test_getContent_shouldReturnRelationships[28: com.dotcms.contenttype.test.ContentResourceTest$TestCase@61cd2d8]" classname="com.dotcms.contenttype.test.ContentResourceTest" time="2.632"/>
  <testcase name="test_getContent_shouldReturnRelationships[29: com.dotcms.contenttype.test.ContentResourceTest$TestCase@23d1411e]" classname="com.dotcms.contenttype.test.ContentResourceTest" time="2.647"/>
  <testcase name="test_getContent_shouldReturnRelationships[30: com.dotcms.contenttype.test.ContentResourceTest$TestCase@4a3a3d0f]" classname="com.dotcms.contenttype.test.ContentResourceTest" time="2.616"/>
  <testcase name="test_getContent_shouldReturnRelationships[31: com.dotcms.contenttype.test.ContentResourceTest$TestCase@2f24825e]" classname="com.dotcms.contenttype.test.ContentResourceTest" time="2.754"/>
  <testcase name="test_getContent_shouldReturnRelationships[32: com.dotcms.contenttype.test.ContentResourceTest$TestCase@4fce0f70]" classname="com.dotcms.contenttype.test.ContentResourceTest" time="3.753"/>
  <testcase name="test_getContent_shouldReturnRelationships[33: com.dotcms.contenttype.test.ContentResourceTest$TestCase@66be7e26]" classname="com.dotcms.contenttype.test.ContentResourceTest" time="3.653"/>
  <testcase name="testSinglePOST_InvalidParamsShouldReturn400[0: ({\n    &quot;stInode&quot; : &quot;InvalidValue&quot;,\n    &quot;numeric&quot; : &quot;0&quot;,\n    &quot;image&quot; : &quot;whatever&quot;\n}, Bad Request)]" classname="com.dotcms.contenttype.test.ContentResourceTest" time="0.874"/>
  <testcase name="testSinglePOST_InvalidParamsShouldReturn400[1: ({\n    &quot;numeric&quot; : &quot;0&quot;,\n    &quot;image&quot; : &quot;whatever&quot;\n}, Bad Request)]" classname="com.dotcms.contenttype.test.ContentResourceTest" time="0.858"/>
  <testcase name="Test_Save_Action_Set_Null_To_Required_NumericField_Issue_15340" classname="com.dotcms.contenttype.test.ContentResourceTest" time="0.931"/>
  <testcase name="Test_Save_Action_Remove_Image_Then_Verify_Fields_Were_Cleared_Issue_15340" classname="com.dotcms.contenttype.test.ContentResourceTest" time="3.823"/>
  <testcase name="test_getContentWithMultipleSelfRelated_shouldReturnRelationships[0: com.dotcms.contenttype.test.ContentResourceTest$PullSelfRelatedTestCase@76caae39]" classname="com.dotcms.contenttype.test.ContentResourceTest" time="1.594"/>
  <testcase name="test_getContentWithMultipleSelfRelated_shouldReturnRelationships[1: com.dotcms.contenttype.test.ContentResourceTest$PullSelfRelatedTestCase@49c08a1f]" classname="com.dotcms.contenttype.test.ContentResourceTest" time="1.553"/>
  <testcase name="testGetContentWithAllCategoriesInfo[0: json]" classname="com.dotcms.contenttype.test.ContentResourceTest" time="2.47"/>
  <testcase name="testGetContentWithAllCategoriesInfo[1: xml]" classname="com.dotcms.contenttype.test.ContentResourceTest" time="2.454"/>
  <system-out><![CDATA[











]]></system-out>
  <system-err><![CDATA[]]></system-err>
</testsuite>
