<?xml version="1.0" encoding="UTF-8"?>
<testsuite name="com.dotcms.rest.TagResourceIntegrationTest" tests="4" skipped="0" failures="0" errors="0" timestamp="2023-07-01T01:47:27" hostname="fv-az616-461" time="0.243">
  <properties/>
  <testcase name="testList[0: com.dotcms.rest.TagResourceTestCase@628793d1]" classname="com.dotcms.rest.TagResourceIntegrationTest" time="0.188"/>
  <testcase name="testList[1: com.dotcms.rest.TagResourceTestCase@5decfd05]" classname="com.dotcms.rest.TagResourceIntegrationTest" time="0.021"/>
  <testcase name="testList[2: com.dotcms.rest.TagResourceTestCase@603bc393]" classname="com.dotcms.rest.TagResourceIntegrationTest" time="0.015"/>
  <testcase name="testList[3: com.dotcms.rest.TagResourceTestCase@70db895e]" classname="com.dotcms.rest.TagResourceIntegrationTest" time="0.018"/>
  <system-out><![CDATA[]]></system-out>
  <system-err><![CDATA[Jul 01, 2023 1:47:27 AM com.dotcms.repackage.org.hibernate.validator.internal.util.Version <clinit>
INFO: HV000001: Hibernate Validator 4.3.2.Final
]]></system-err>
</testsuite>
