<?xml version="1.0" encoding="UTF-8"?>
<testsuite name="com.dotcms.util.RelationshipUtilTest" tests="3" skipped="0" failures="0" errors="0" timestamp="2023-06-29T05:03:04" hostname="fv-az590-241" time="3.521">
  <properties/>
  <testcase name="testFilterContentletWithIdentifierAndLuceneQuery" classname="com.dotcms.util.RelationshipUtilTest" time="1.786"/>
  <testcase name="testFilterContentletWithIdentifier" classname="com.dotcms.util.RelationshipUtilTest" time="1.725"/>
  <testcase name="testFilterContentletWithLuceneQuery" classname="com.dotcms.util.RelationshipUtilTest" time="0.01"/>
  <system-out><![CDATA[]]></system-out>
  <system-err><![CDATA[]]></system-err>
</testsuite>
