<?xml version="1.0" encoding="UTF-8"?>
<testsuite name="com.dotcms.rest.api.v1.apps.view.AppsInterpolationTest" tests="1" skipped="0" failures="0" errors="0" timestamp="2023-06-26T19:57:23" hostname="fv-az1114-884" time="0.008">
  <properties/>
  <testcase name="Test_Interpolation" classname="com.dotcms.rest.api.v1.apps.view.AppsInterpolationTest" time="0.008"/>
  <system-out><![CDATA[]]></system-out>
  <system-err><![CDATA[]]></system-err>
</testsuite>
