<?xml version="1.0" encoding="UTF-8"?>
<testsuite name="com.dotmarketing.servlets.ajax.AjaxDirectorServletIntegrationTest" tests="2" skipped="0" failures="0" errors="0" timestamp="2023-07-18T01:04:00" hostname="fv-az877-612" time="2.451">
  <properties/>
  <testcase name="testService[0: com.dotmarketing.servlets.ajax.AjaxDirectorServletTestCase@63a05d0f]" classname="com.dotmarketing.servlets.ajax.AjaxDirectorServletIntegrationTest" time="1.184"/>
  <testcase name="testService[1: com.dotmarketing.servlets.ajax.AjaxDirectorServletTestCase@4bbb269f]" classname="com.dotmarketing.servlets.ajax.AjaxDirectorServletIntegrationTest" time="1.267"/>
  <system-out><![CDATA[]]></system-out>
  <system-err><![CDATA[]]></system-err>
</testsuite>
