<?xml version="1.0" encoding="UTF-8"?>
<testsuite name="com.dotcms.content.elasticsearch.business.ESIndexSpeedTest" tests="2" skipped="0" failures="0" errors="0" timestamp="2023-07-14T14:51:05" hostname="fv-az364-103" time="5.853">
  <properties/>
  <testcase name="callIndexSearch10k" classname="com.dotcms.content.elasticsearch.business.ESIndexSpeedTest" time="3.056"/>
  <testcase name="callCount10k" classname="com.dotcms.content.elasticsearch.business.ESIndexSpeedTest" time="2.797"/>
  <system-out><![CDATA[]]></system-out>
  <system-err><![CDATA[]]></system-err>
</testsuite>
