<?xml version="1.0" encoding="UTF-8"?>
<testsuite name="com.dotmarketing.portlets.structure.model.ContentletRelationshipsTest" tests="7" skipped="0" failures="0" errors="0" timestamp="2023-06-27T20:08:39" hostname="fv-az412-684" time="9.607">
  <properties/>
  <testcase name="testDoesAllowOnlyOne[0: com.dotmarketing.portlets.structure.model.ContentletRelationshipsTest$CardinalityTestCase@1517f130]" classname="com.dotmarketing.portlets.structure.model.ContentletRelationshipsTest" time="0.525"/>
  <testcase name="testDoesAllowOnlyOne[1: com.dotmarketing.portlets.structure.model.ContentletRelationshipsTest$CardinalityTestCase@3d3b0831]" classname="com.dotmarketing.portlets.structure.model.ContentletRelationshipsTest" time="0.607"/>
  <testcase name="testDoesAllowOnlyOne[2: com.dotmarketing.portlets.structure.model.ContentletRelationshipsTest$CardinalityTestCase@7858708e]" classname="com.dotmarketing.portlets.structure.model.ContentletRelationshipsTest" time="0.553"/>
  <testcase name="testGetRelationshipRecords[0: com.dotmarketing.portlets.structure.model.ContentletRelationshipsTest$TestCase@397b1778]" classname="com.dotmarketing.portlets.structure.model.ContentletRelationshipsTest" time="2.145"/>
  <testcase name="testGetRelationshipRecords[1: com.dotmarketing.portlets.structure.model.ContentletRelationshipsTest$TestCase@134fef16]" classname="com.dotmarketing.portlets.structure.model.ContentletRelationshipsTest" time="2.008"/>
  <testcase name="testGetRelationshipRecords[2: com.dotmarketing.portlets.structure.model.ContentletRelationshipsTest$TestCase@765017ce]" classname="com.dotmarketing.portlets.structure.model.ContentletRelationshipsTest" time="1.889"/>
  <testcase name="testGetRelationshipRecords[3: com.dotmarketing.portlets.structure.model.ContentletRelationshipsTest$TestCase@4db7c58a]" classname="com.dotmarketing.portlets.structure.model.ContentletRelationshipsTest" time="1.878"/>
  <system-out><![CDATA[]]></system-out>
  <system-err><![CDATA[]]></system-err>
</testsuite>
