<?xml version="1.0" encoding="UTF-8"?>
<testsuite name="com.dotcms.rest.TagResourceIntegrationTest" tests="4" skipped="0" failures="0" errors="0" timestamp="2023-07-10T22:57:21" hostname="fv-az620-40" time="0.334">
  <properties/>
  <testcase name="testList[0: com.dotcms.rest.TagResourceTestCase@30f3fcad]" classname="com.dotcms.rest.TagResourceIntegrationTest" time="0.255"/>
  <testcase name="testList[1: com.dotcms.rest.TagResourceTestCase@63b0f93a]" classname="com.dotcms.rest.TagResourceIntegrationTest" time="0.027"/>
  <testcase name="testList[2: com.dotcms.rest.TagResourceTestCase@5338cea6]" classname="com.dotcms.rest.TagResourceIntegrationTest" time="0.023"/>
  <testcase name="testList[3: com.dotcms.rest.TagResourceTestCase@d806e6c]" classname="com.dotcms.rest.TagResourceIntegrationTest" time="0.026"/>
  <system-out><![CDATA[]]></system-out>
  <system-err><![CDATA[Jul 10, 2023 10:57:21 PM com.dotcms.repackage.org.hibernate.validator.internal.util.Version <clinit>
INFO: HV000001: Hibernate Validator 4.3.2.Final
]]></system-err>
</testsuite>
