<?xml version="1.0" encoding="UTF-8"?>
<testsuite name="com.dotmarketing.portlets.structure.model.ContentletRelationshipsTest" tests="7" skipped="0" failures="0" errors="0" timestamp="2023-07-07T19:25:30" hostname="fv-az507-246" time="8.642">
  <properties/>
  <testcase name="testDoesAllowOnlyOne[0: com.dotmarketing.portlets.structure.model.ContentletRelationshipsTest$CardinalityTestCase@b1b535e]" classname="com.dotmarketing.portlets.structure.model.ContentletRelationshipsTest" time="0.417"/>
  <testcase name="testDoesAllowOnlyOne[1: com.dotmarketing.portlets.structure.model.ContentletRelationshipsTest$CardinalityTestCase@493b4b4]" classname="com.dotmarketing.portlets.structure.model.ContentletRelationshipsTest" time="0.429"/>
  <testcase name="testDoesAllowOnlyOne[2: com.dotmarketing.portlets.structure.model.ContentletRelationshipsTest$CardinalityTestCase@7eaf5128]" classname="com.dotmarketing.portlets.structure.model.ContentletRelationshipsTest" time="0.472"/>
  <testcase name="testGetRelationshipRecords[0: com.dotmarketing.portlets.structure.model.ContentletRelationshipsTest$TestCase@46e6d69c]" classname="com.dotmarketing.portlets.structure.model.ContentletRelationshipsTest" time="1.897"/>
  <testcase name="testGetRelationshipRecords[1: com.dotmarketing.portlets.structure.model.ContentletRelationshipsTest$TestCase@1736ecbd]" classname="com.dotmarketing.portlets.structure.model.ContentletRelationshipsTest" time="1.87"/>
  <testcase name="testGetRelationshipRecords[2: com.dotmarketing.portlets.structure.model.ContentletRelationshipsTest$TestCase@e19dcfb]" classname="com.dotmarketing.portlets.structure.model.ContentletRelationshipsTest" time="1.801"/>
  <testcase name="testGetRelationshipRecords[3: com.dotmarketing.portlets.structure.model.ContentletRelationshipsTest$TestCase@abbfa01]" classname="com.dotmarketing.portlets.structure.model.ContentletRelationshipsTest" time="1.755"/>
  <system-out><![CDATA[]]></system-out>
  <system-err><![CDATA[]]></system-err>
</testsuite>
