<?xml version="1.0" encoding="UTF-8"?>
<testsuite name="com.dotmarketing.servlets.ajax.AjaxDirectorServletIntegrationTest" tests="2" skipped="0" failures="0" errors="0" timestamp="2023-06-23T20:59:39" hostname="fv-az583-526" time="2.35">
  <properties/>
  <testcase name="testService[0: com.dotmarketing.servlets.ajax.AjaxDirectorServletTestCase@48ef176d]" classname="com.dotmarketing.servlets.ajax.AjaxDirectorServletIntegrationTest" time="1.16"/>
  <testcase name="testService[1: com.dotmarketing.servlets.ajax.AjaxDirectorServletTestCase@36382896]" classname="com.dotmarketing.servlets.ajax.AjaxDirectorServletIntegrationTest" time="1.19"/>
  <system-out><![CDATA[]]></system-out>
  <system-err><![CDATA[]]></system-err>
</testsuite>
