<?xml version="1.0" encoding="UTF-8"?>
<testsuite name="com.dotcms.contenttype.model.field.layout.FieldUtilTest" tests="2" skipped="0" failures="0" errors="0" timestamp="2023-06-23T17:28:01" hostname="fv-az646-389" time="1.647">
  <properties/>
  <testcase name="testSetFieldInternationalizationWithAnonymousUser" classname="com.dotcms.contenttype.model.field.layout.FieldUtilTest" time="0.369"/>
  <testcase name="testSetFieldInternationalization" classname="com.dotcms.contenttype.model.field.layout.FieldUtilTest" time="1.277"/>
  <system-out><![CDATA[]]></system-out>
  <system-err><![CDATA[]]></system-err>
</testsuite>
