<?xml version="1.0" encoding="UTF-8"?>
<testsuite name="com.dotmarketing.servlets.ajax.AjaxDirectorServletIntegrationTest" tests="2" skipped="0" failures="0" errors="0" timestamp="2023-07-10T23:29:10" hostname="fv-az339-476" time="3.073">
  <properties/>
  <testcase name="testService[0: com.dotmarketing.servlets.ajax.AjaxDirectorServletTestCase@27ec5db]" classname="com.dotmarketing.servlets.ajax.AjaxDirectorServletIntegrationTest" time="1.798"/>
  <testcase name="testService[1: com.dotmarketing.servlets.ajax.AjaxDirectorServletTestCase@29f98782]" classname="com.dotmarketing.servlets.ajax.AjaxDirectorServletIntegrationTest" time="1.275"/>
  <system-out><![CDATA[]]></system-out>
  <system-err><![CDATA[]]></system-err>
</testsuite>
