<?xml version="1.0" encoding="UTF-8"?>
<testsuite name="com.dotmarketing.startup.StartupTasksExecutorTest" tests="3" skipped="0" failures="0" errors="0" timestamp="2023-07-20T18:41:13" hostname="fv-az799-201" time="0.013">
  <properties/>
  <testcase name="testGetTaskId[0: com.dotmarketing.startup.StartupTasksExecutorTest$TestCase@5d61ed0c]" classname="com.dotmarketing.startup.StartupTasksExecutorTest" time="0.012"/>
  <testcase name="testGetTaskId[1: com.dotmarketing.startup.StartupTasksExecutorTest$TestCase@2706bcbd]" classname="com.dotmarketing.startup.StartupTasksExecutorTest" time="0.0"/>
  <testcase name="testGetTaskId[2: com.dotmarketing.startup.StartupTasksExecutorTest$TestCase@b123c9f]" classname="com.dotmarketing.startup.StartupTasksExecutorTest" time="0.001"/>
  <system-out><![CDATA[]]></system-out>
  <system-err><![CDATA[]]></system-err>
</testsuite>
