<?xml version="1.0" encoding="UTF-8"?>
<testsuite name="com.dotcms.graphql.business.GraphqlAPITest" tests="49" skipped="0" failures="0" errors="0" timestamp="2023-07-11T21:15:03" hostname="fv-az552-460" time="28.081">
  <properties/>
  <testcase name="testGetSchema_FieldOperations[0: &lt;null&gt;]" classname="com.dotcms.graphql.business.GraphqlAPITest" time="2.301"/>
  <testcase name="testGetSchema_FieldOperations[1: &lt;null&gt;]" classname="com.dotcms.graphql.business.GraphqlAPITest" time="0.385"/>
  <testcase name="testGetSchema_FieldOperations[2: &lt;null&gt;]" classname="com.dotcms.graphql.business.GraphqlAPITest" time="0.305"/>
  <testcase name="testGetSchema_FieldOperations[3: &lt;null&gt;]" classname="com.dotcms.graphql.business.GraphqlAPITest" time="0.272"/>
  <testcase name="testGetSchema_FieldOperations[4: &lt;null&gt;]" classname="com.dotcms.graphql.business.GraphqlAPITest" time="0.495"/>
  <testcase name="testGetSchema_FieldOperations[5: &lt;null&gt;]" classname="com.dotcms.graphql.business.GraphqlAPITest" time="0.276"/>
  <testcase name="testGetSchema_FieldOperations[6: &lt;null&gt;]" classname="com.dotcms.graphql.business.GraphqlAPITest" time="0.26"/>
  <testcase name="testGetSchema_FieldOperations[7: &lt;null&gt;]" classname="com.dotcms.graphql.business.GraphqlAPITest" time="0.431"/>
  <testcase name="testGetSchema_FieldOperations[8: &lt;null&gt;]" classname="com.dotcms.graphql.business.GraphqlAPITest" time="0.292"/>
  <testcase name="testGetSchema_FieldOperations[9: &lt;null&gt;]" classname="com.dotcms.graphql.business.GraphqlAPITest" time="0.465"/>
  <testcase name="testGetSchema_FieldOperations[10: &lt;null&gt;]" classname="com.dotcms.graphql.business.GraphqlAPITest" time="0.268"/>
  <testcase name="testGetSchema_FieldOperations[11: &lt;null&gt;]" classname="com.dotcms.graphql.business.GraphqlAPITest" time="0.235"/>
  <testcase name="testGetSchema_FieldOperations[12: &lt;null&gt;]" classname="com.dotcms.graphql.business.GraphqlAPITest" time="0.289"/>
  <testcase name="testGetSchema_FieldOperations[13: &lt;null&gt;]" classname="com.dotcms.graphql.business.GraphqlAPITest" time="0.386"/>
  <testcase name="testGetSchema_FieldOperations[14: &lt;null&gt;]" classname="com.dotcms.graphql.business.GraphqlAPITest" time="0.234"/>
  <testcase name="testGetSchema_FieldOperations[15: &lt;null&gt;]" classname="com.dotcms.graphql.business.GraphqlAPITest" time="0.256"/>
  <testcase name="testGetSchema_FieldOperations[16: &lt;null&gt;]" classname="com.dotcms.graphql.business.GraphqlAPITest" time="0.283"/>
  <testcase name="testGetSchema_FieldOperations[17: &lt;null&gt;]" classname="com.dotcms.graphql.business.GraphqlAPITest" time="0.218"/>
  <testcase name="testGetSchema_FieldOperations[18: &lt;null&gt;]" classname="com.dotcms.graphql.business.GraphqlAPITest" time="0.229"/>
  <testcase name="testGetSchema_GivenEmptyCache_SchemaShouldGenerate" classname="com.dotcms.graphql.business.GraphqlAPITest" time="0.162"/>
  <testcase name="testGetSchema_GivenFailuresInRelationshipField_SchemaShouldStillGenerate" classname="com.dotcms.graphql.business.GraphqlAPITest" time="1.925"/>
  <testcase name="testGetSchema_GivenFilledCache_SchemaShouldNotGenerate" classname="com.dotcms.graphql.business.GraphqlAPITest" time="0.151"/>
  <testcase name="testGetSchema_GivenNoEELicense_EnterpriseBaseTypeCollectionsShouldNOTBeAvailableInSchema[0: FORM]" classname="com.dotcms.graphql.business.GraphqlAPITest" time="0.269"/>
  <testcase name="testGetSchema_GivenNoEELicense_EnterpriseBaseTypeCollectionsShouldNOTBeAvailableInSchema[1: PERSONA]" classname="com.dotcms.graphql.business.GraphqlAPITest" time="0.261"/>
  <testcase name="testGetSchema_BothSidedRelationshipFields[0: ONE_TO_MANY]" classname="com.dotcms.graphql.business.GraphqlAPITest" time="0.483"/>
  <testcase name="testGetSchema_BothSidedRelationshipFields[1: MANY_TO_MANY]" classname="com.dotcms.graphql.business.GraphqlAPITest" time="0.492"/>
  <testcase name="testGetSchema_BothSidedRelationshipFields[2: ONE_TO_ONE]" classname="com.dotcms.graphql.business.GraphqlAPITest" time="0.42"/>
  <testcase name="testGetSchema_BothSidedRelationshipFields[3: MANY_TO_ONE]" classname="com.dotcms.graphql.business.GraphqlAPITest" time="0.482"/>
  <testcase name="testGetSchema_GivenEELicense_EnterpriseBaseTypeCollectionsShouldBeAvailableInSchema[0: FORM]" classname="com.dotcms.graphql.business.GraphqlAPITest" time="0.197"/>
  <testcase name="testGetSchema_GivenEELicense_EnterpriseBaseTypeCollectionsShouldBeAvailableInSchema[1: PERSONA]" classname="com.dotcms.graphql.business.GraphqlAPITest" time="0.241"/>
  <testcase name="testGetSchema_ContentTypeOperations: Given Content BaseType, Should Create Type" classname="com.dotcms.graphql.business.GraphqlAPITest" time="0.269"/>
  <testcase name="testGetSchema_ContentTypeOperations: Given Widget BaseType, Should Create Type" classname="com.dotcms.graphql.business.GraphqlAPITest" time="0.433"/>
  <testcase name="testGetSchema_ContentTypeOperations: Given FORM BaseType, Should Create Type" classname="com.dotcms.graphql.business.GraphqlAPITest" time="0.254"/>
  <testcase name="testGetSchema_ContentTypeOperations: Given FILEASSET BaseType, Should Create Type" classname="com.dotcms.graphql.business.GraphqlAPITest" time="0.409"/>
  <testcase name="testGetSchema_ContentTypeOperations: Given HTMLPAGE BaseType, Should Create Type" classname="com.dotcms.graphql.business.GraphqlAPITest" time="1.025"/>
  <testcase name="testGetSchema_ContentTypeOperations: Given PERSONA BaseType, Should Create Type" classname="com.dotcms.graphql.business.GraphqlAPITest" time="0.553"/>
  <testcase name="testGetSchema_ContentTypeOperations: Given VANITY_URL BaseType, Should Create Type" classname="com.dotcms.graphql.business.GraphqlAPITest" time="0.687"/>
  <testcase name="testGetSchema_ContentTypeOperations: Given KEY_VALUE BaseType, Should Create Type" classname="com.dotcms.graphql.business.GraphqlAPITest" time="0.556"/>
  <testcase name="testGetSchema_ContentTypeOperations: Given existing CONTENT BaseType, Should Delete Type" classname="com.dotcms.graphql.business.GraphqlAPITest" time="0.263"/>
  <testcase name="testGetSchema_ContentTypeOperations: Given existing WIDGET BaseType, Should Delete Type" classname="com.dotcms.graphql.business.GraphqlAPITest" time="0.691"/>
  <testcase name="testGetSchema_ContentTypeOperations: Given existing FORM BaseType, Should Delete Type" classname="com.dotcms.graphql.business.GraphqlAPITest" time="0.316"/>
  <testcase name="testGetSchema_ContentTypeOperations: Given existing FILEASSET BaseType, Should Delete Type" classname="com.dotcms.graphql.business.GraphqlAPITest" time="0.545"/>
  <testcase name="testGetSchema_ContentTypeOperations: Given existing HTMLPAGE BaseType, Should Delete Type" classname="com.dotcms.graphql.business.GraphqlAPITest" time="1.672"/>
  <testcase name="testGetSchema_ContentTypeOperations: Given existing PERSONA BaseType, Should Delete Type" classname="com.dotcms.graphql.business.GraphqlAPITest" time="0.939"/>
  <testcase name="testGetSchema_ContentTypeOperations: Given existing VANITY_URL BaseType, Should Delete Type" classname="com.dotcms.graphql.business.GraphqlAPITest" time="1.108"/>
  <testcase name="testGetSchema_ContentTypeOperations: Given existing KEY_VALUE BaseType, Should Delete Type" classname="com.dotcms.graphql.business.GraphqlAPITest" time="0.625"/>
  <testcase name="testGetSchema_GivenNoEELicense_EnterpriseTypesShouldNotBeAvailableInSchema" classname="com.dotcms.graphql.business.GraphqlAPITest" time="2.24"/>
  <testcase name="testGetSchema_WhenFieldDeleted_ShouldNotBeAvailableInSchema" classname="com.dotcms.graphql.business.GraphqlAPITest" time="1.513"/>
  <testcase name="testAvailableGraphQLFieldsOnImageAndFileFields" classname="com.dotcms.graphql.business.GraphqlAPITest" time="1.006"/>
  <system-out><![CDATA[]]></system-out>
  <system-err><![CDATA[]]></system-err>
</testsuite>
