<?xml version="1.0" encoding="UTF-8"?>
<testsuite name="com.dotcms.enterprise.publishing.remote.bundler.HostBundlerTest" tests="3" skipped="0" failures="0" errors="0" timestamp="2023-07-17T20:34:13" hostname="fv-az305-30" time="0.053">
  <properties/>
  <testcase name="addHostInBundle[0: com.dotcms.enterprise.publishing.remote.bundler.HostBundlerTest$TestCase@77505803]" classname="com.dotcms.enterprise.publishing.remote.bundler.HostBundlerTest" time="0.015"/>
  <testcase name="addHostInBundle[1: com.dotcms.enterprise.publishing.remote.bundler.HostBundlerTest$TestCase@57088cb4]" classname="com.dotcms.enterprise.publishing.remote.bundler.HostBundlerTest" time="0.016"/>
  <testcase name="addHostInBundle[2: com.dotcms.enterprise.publishing.remote.bundler.HostBundlerTest$TestCase@3b2e594d]" classname="com.dotcms.enterprise.publishing.remote.bundler.HostBundlerTest" time="0.022"/>
  <system-out><![CDATA[]]></system-out>
  <system-err><![CDATA[]]></system-err>
</testsuite>
