<?xml version="1.0" encoding="UTF-8"?>
<testsuite name="com.dotcms.rest.TagResourceIntegrationTest" tests="4" skipped="0" failures="0" errors="0" timestamp="2023-07-12T19:49:06" hostname="fv-az1241-832" time="0.357">
  <properties/>
  <testcase name="testList[0: com.dotcms.rest.TagResourceTestCase@5b7948a9]" classname="com.dotcms.rest.TagResourceIntegrationTest" time="0.281"/>
  <testcase name="testList[1: com.dotcms.rest.TagResourceTestCase@757cc40b]" classname="com.dotcms.rest.TagResourceIntegrationTest" time="0.026"/>
  <testcase name="testList[2: com.dotcms.rest.TagResourceTestCase@a010c7a]" classname="com.dotcms.rest.TagResourceIntegrationTest" time="0.02"/>
  <testcase name="testList[3: com.dotcms.rest.TagResourceTestCase@ede05cd]" classname="com.dotcms.rest.TagResourceIntegrationTest" time="0.029"/>
  <system-out><![CDATA[]]></system-out>
  <system-err><![CDATA[Jul 12, 2023 7:49:06 PM com.dotcms.repackage.org.hibernate.validator.internal.util.Version <clinit>
INFO: HV000001: Hibernate Validator 4.3.2.Final
]]></system-err>
</testsuite>
