<?xml version="1.0" encoding="UTF-8"?>
<testsuite name="com.dotmarketing.business.DeterministicIdentifierAPITest" tests="16" skipped="0" failures="0" errors="0" timestamp="2023-07-21T16:41:40" hostname="fv-az453-320" time="1.692">
  <properties/>
  <testcase name="Test_Category_Path_Seed_And_Id" classname="com.dotmarketing.business.DeterministicIdentifierAPITest" time="0.034"/>
  <testcase name="Test_Language_Deterministic_Id[0: LanguageTestCase{expectedSeed='Language:es:US', expectedHash=4913155, langCode='es', countryCode='US', country='United States'}]" classname="com.dotmarketing.business.DeterministicIdentifierAPITest" time="0.003"/>
  <testcase name="Test_Language_Deterministic_Id[1: LanguageTestCase{expectedSeed='Language:ep:', expectedHash=5292269, langCode='ep', countryCode='', country=''}]" classname="com.dotmarketing.business.DeterministicIdentifierAPITest" time="0.002"/>
  <testcase name="Test_Language_Deterministic_Id[2: LanguageTestCase{expectedSeed='Language:sg:SAG', expectedHash=4713118, langCode='sg', countryCode='SAG', country=''}]" classname="com.dotmarketing.business.DeterministicIdentifierAPITest" time="0.001"/>
  <testcase name="Test_Language_Deterministic_Id[3: LanguageTestCase{expectedSeed='Language:en:NZ', expectedHash=5382528, langCode='en', countryCode='NZ', country='New Zealand'}]" classname="com.dotmarketing.business.DeterministicIdentifierAPITest" time="0.002"/>
  <testcase name="Test_Category_None_Persisted_Category_Should_Return_Deterministic_Id" classname="com.dotmarketing.business.DeterministicIdentifierAPITest" time="0.003"/>
  <testcase name="Test_Asset_Generate_Deterministic_Id_Best_Effort[0: TestCase{versionable=my.host1689957253839.com, parent=System Host, expectedName='my.host1689957253839.com', expectedType='Host'}]" classname="com.dotmarketing.business.DeterministicIdentifierAPITest" time="0.005"/>
  <testcase name="Test_Asset_Generate_Deterministic_Id_Best_Effort[1: TestCase{versionable=com.dotmarketing.portlets.contentlet.model.Contentlet@62d32d98[map={modDate=2023-07-21 16:34:14.27, fileName=file3303208986415702626.txt, title=file3303208986415702626.txt, inode=4fa8adef-7f66-4ac0-87f2-b3caf68829a7, __IS_NEW_CONTENT__=true, disabledWYSIWYG=[], host=e0da9f98-e7e2-4185-b358-0d8297715029, stInode=33888b6f-7a8e-4069-b1b6-5c1aa9d0a48d, owner=system, identifier=cb988b1a-c94b-454b-bbce-f21eef042db2, nullProperties=[wfExpireDate, wfPublishDate, wfActionAssign, wfActionId, wfActionComments, filterKey, whereToSend, wfNeverExpire, _path_to_move, timezoneId, iWantTo, wfPublishTime, wfExpireTime], languageId=1, fileAsset=/home/runner/work/core/custom/assets/4/f/4fa8adef-7f66-4ac0-87f2-b3caf68829a7/fileAsset/file3303208986415702626.txt, folder=6635d6c3-8d92-4e62-9d14-126f95128f1a, __disable_workflow__=true, sortOrder=0, modUser=system},lowIndexPriority=false,variantId=DEFAULT], parent=com.dotmarketing.portlets.folders.model.Folder@7a248b71[identifier=6635d6c3-8d92-4e62-9d14-126f95128f1a,name=testName1689957254259,sortOrder=0,showOnMenu=false,hostId=e0da9f98-e7e2-4185-b358-0d8297715029,type=folder,title=testTitle1689957254259,filesMasks=,defaultFileType=33888b6f-7a8e-4069-b1b6-5c1aa9d0a48d,modDate=2023-07-21 16:34:14.263,owner=&lt;null&gt;,iDate=2023-07-21 16:34:14.263,inode=6635d6c3-8d92-4e62-9d14-126f95128f1a,path=/testName1689957254259/], expectedName='file3303208986415702626.txt', expectedType='FileAsset'}]" classname="com.dotmarketing.business.DeterministicIdentifierAPITest" time="0.005"/>
  <testcase name="Test_Asset_Generate_Deterministic_Id_Best_Effort[2: TestCase{versionable=com.dotmarketing.portlets.templates.model.Template@83d495ae, parent=my.host1689957253839.com, expectedName='testTitle1689957254410', expectedType='Template'}]" classname="com.dotmarketing.business.DeterministicIdentifierAPITest" time="0.003"/>
  <testcase name="Test_Asset_Generate_Deterministic_Id_Best_Effort[3: TestCase{versionable=com.dotmarketing.portlets.htmlpageasset.model.HTMLPageAsset@699ddeb2[map={template=7dd224e7-fa66-4d18-9fc6-9c990817a973, owner=system, identifier=fefe3923-cedc-48c3-96de-426d7e108a03, nullProperties=[wfExpireDate, wfPublishDate, wfActionAssign, wfActionId, wfActionComments, filterKey, whereToSend, wfNeverExpire, _path_to_move, timezoneId, iWantTo, wfPublishTime, wfExpireTime], modDate=2023-07-21 16:34:14.432, cachettl=0, _is_test_mode=true, languageId=1, title=test-page-title-1689957254426, httpsreq=, url=test-page-url-1689957254426, showOnMenu=, inode=c64737d4-f489-4586-86cd-c3f790067281, folder=6635d6c3-8d92-4e62-9d14-126f95128f1a, disabledWYSIWYG=[], sortOrder=1, modUser=system, host=e0da9f98-e7e2-4185-b358-0d8297715029, stInode=c541abb1-69b3-4bc5-8430-5e09e5239cc8, friendlyName=test-page-friendly-name-1689957254426},lowIndexPriority=false,variantId=DEFAULT], parent=com.dotmarketing.portlets.folders.model.Folder@7a248b71[identifier=6635d6c3-8d92-4e62-9d14-126f95128f1a,name=testName1689957254259,sortOrder=0,showOnMenu=false,hostId=e0da9f98-e7e2-4185-b358-0d8297715029,type=folder,title=testTitle1689957254259,filesMasks=,defaultFileType=33888b6f-7a8e-4069-b1b6-5c1aa9d0a48d,modDate=2023-07-21 16:34:14.263,owner=&lt;null&gt;,iDate=2023-07-21 16:34:14.263,inode=6635d6c3-8d92-4e62-9d14-126f95128f1a,path=/testName1689957254259/], expectedName='test-page-url-1689957254426', expectedType='htmlpageasset'}]" classname="com.dotmarketing.business.DeterministicIdentifierAPITest" time="0.004"/>
  <testcase name="Test_Asset_Generate_Deterministic_Id_Best_Effort[4: TestCase{versionable=com.dotmarketing.portlets.contentlet.model.Contentlet@2bc92f9[map={fileAsset2=/home/runner/work/core/custom/assets/c/5/c5e7327b-d0e6-4916-85a6-c5e8f5e3ed57/fileAsset2/test_binary1689957256243.png, modDate=2023-07-21 16:34:16.251, fileAsset1=/home/runner/work/core/custom/assets/c/5/c5e7327b-d0e6-4916-85a6-c5e8f5e3ed57/fileAsset1/test_binary1689957256243.jpg, title=blah, inode=c5e7327b-d0e6-4916-85a6-c5e8f5e3ed57, __IS_NEW_CONTENT__=true, disabledWYSIWYG=[], host=48190c8c-42c4-46af-8d1a-0cd5db894797, stInode=5ccea58b-6806-46ad-9603-550d4d0445d1, owner=system, identifier=5af20729-425f-4def-a19a-709a834c4ff7, nullProperties=[], languageId=1, image1=c28935ba-76a2-4a4d-8a42-21e64d091873, folder=SYSTEM_FOLDER, __disable_workflow__=true, sortOrder=0, modUser=system},lowIndexPriority=false,variantId=DEFAULT], parent=demo.dotcms.com, expectedName='test_binary1689957256243.jpg:test_binary1689957256243.png', expectedType='MultipleBinaries1689957254682'}]" classname="com.dotmarketing.business.DeterministicIdentifierAPITest" time="0.005"/>
  <testcase name="Test_Asset_Generate_Deterministic_Id_Best_Effort[5: TestCase{versionable=name9dff3ea66e : keyTag9dff3ea66e, parent=my.host1689957253839.com, expectedName='keyTag9dff3ea66e', expectedType='persona'}]" classname="com.dotmarketing.business.DeterministicIdentifierAPITest" time="0.005"/>
  <testcase name="Test_Similar_Content_Type_Wont_Clash" classname="com.dotmarketing.business.DeterministicIdentifierAPITest" time="0.629"/>
  <testcase name="Test_Generate_Folder_Identifier" classname="com.dotmarketing.business.DeterministicIdentifierAPITest" time="0.962"/>
  <testcase name="Test_Generate_Content_Type_Identifier[0: ContentTypeTestCase{contentType=KeyValueContentType{name=Language Variable, id=f4d7c1b8-2c88-4071-abf1-a5328977b07d, description=Default Content Type for Language Variables, defaultType=false, fixed=true, iDate=Thu Aug 31 16:38:49 UTC 2017, system=true, versionable=true, variable=Languagevariable, modDate=Fri Jul 21 15:15:29 UTC 2023, host=SYSTEM_HOST, siteName=systemHost, icon=language, sortOrder=0, folder=SYSTEM_FOLDER, folderPath=/, markedForDeletion=true, multilingualable=false}, expectedName='Languagevariable', expectedType='KeyValue'}]" classname="com.dotmarketing.business.DeterministicIdentifierAPITest" time="0.012"/>
  <testcase name="Test_Generate_Content_Type_Identifier[1: ContentTypeTestCase{contentType=SimpleContentType{name=testName1689957256737, id=e6cd74fc-2884-46f9-9d1f-271d7a8542d9, description=testDescription1689957256737, defaultType=false, fixed=false, iDate=Fri Jul 21 16:34:16 UTC 2023, system=false, versionable=true, multilingualable=false, variable=testVarname1689957256737, owner=system, modDate=Fri Jul 21 16:34:17 UTC 2023, host=48190c8c-42c4-46af-8d1a-0cd5db894797, siteName=demo.dotcms.com, icon=event_note, sortOrder=0, folder=SYSTEM_FOLDER, folderPath=/, requiredFields=[], markedForDeletion=false}, expectedName='testVarname1689957256737', expectedType='CONTENT'}]" classname="com.dotmarketing.business.DeterministicIdentifierAPITest" time="0.013"/>
  <system-out><![CDATA[]]></system-out>
  <system-err><![CDATA[]]></system-err>
</testsuite>
