<?xml version="1.0" encoding="UTF-8"?>
<testsuite name="com.dotmarketing.portlets.workflows.actionlet.VelocityScriptActionletTest" tests="1" skipped="0" failures="0" errors="0" timestamp="2023-06-28T00:35:08" hostname="fv-az573-179" time="1.163">
  <properties/>
  <testcase name="Test_Velocity_Script_Actionlet_Expect_Success" classname="com.dotmarketing.portlets.workflows.actionlet.VelocityScriptActionletTest" time="1.163"/>
  <system-out><![CDATA[]]></system-out>
  <system-err><![CDATA[]]></system-err>
</testsuite>
