<?xml version="1.0" encoding="UTF-8"?>
<testsuite name="com.dotmarketing.startup.runonce.Task220330ChangeVanityURLSiteFieldTypeTest" tests="2" skipped="0" failures="0" errors="0" timestamp="2023-07-04T17:38:52" hostname="fv-az162-235" time="4.041">
  <properties/>
  <testcase name="test_upgradeTask_success" classname="com.dotmarketing.startup.runonce.Task220330ChangeVanityURLSiteFieldTypeTest" time="4.035"/>
  <testcase name="runTUTwice" classname="com.dotmarketing.startup.runonce.Task220330ChangeVanityURLSiteFieldTypeTest" time="0.006"/>
  <system-out><![CDATA[]]></system-out>
  <system-err><![CDATA[]]></system-err>
</testsuite>
