<?xml version="1.0" encoding="UTF-8"?>
<testsuite name="com.dotcms.publisher.util.DependencyManagerTest" tests="6" skipped="0" failures="0" errors="0" timestamp="2023-06-28T17:53:28" hostname="fv-az842-670" time="18.572">
  <properties/>
  <testcase name="test_Sending_Page_as_dependencies_with_PUSH_PUBLISHING_PUSH_ALL_FOLDER_PAGES" classname="com.dotcms.publisher.util.DependencyManagerTest" time="3.639"/>
  <testcase name="test_dependencyManager_shouldIncludeSelfRelationships" classname="com.dotcms.publisher.util.DependencyManagerTest" time="4.016"/>
  <testcase name="test_Page_with_FileTemplateDesign_as_Dependencies" classname="com.dotcms.publisher.util.DependencyManagerTest" time="2.474"/>
  <testcase name="test_Page_with_FileContainer_as_Dependencies" classname="com.dotcms.publisher.util.DependencyManagerTest" time="1.79"/>
  <testcase name="test_Page_with_FileTemplateAdvanced_as_Dependencies" classname="com.dotcms.publisher.util.DependencyManagerTest" time="2.42"/>
  <testcase name="test_dependencyManager_shouldIncludeRelationships" classname="com.dotcms.publisher.util.DependencyManagerTest" time="4.232"/>
  <system-out><![CDATA[]]></system-out>
  <system-err><![CDATA[]]></system-err>
</testsuite>
