<?xml version="1.0" encoding="UTF-8"?>
<testsuite name="com.dotcms.rest.api.v1.vtl.VTLResourceIntegrationTest" tests="6" skipped="0" failures="0" errors="0" timestamp="2023-06-30T23:07:06" hostname="fv-az586-632" time="12.351">
  <properties/>
  <testcase name="testGet[0: com.dotcms.rest.api.v1.vtl.VTLResourceTestCase@21b1db60]" classname="com.dotcms.rest.api.v1.vtl.VTLResourceIntegrationTest" time="2.412"/>
  <testcase name="testGet[1: com.dotcms.rest.api.v1.vtl.VTLResourceTestCase@74defc25]" classname="com.dotcms.rest.api.v1.vtl.VTLResourceIntegrationTest" time="2.872"/>
  <testcase name="testGet[2: com.dotcms.rest.api.v1.vtl.VTLResourceTestCase@3898ea36]" classname="com.dotcms.rest.api.v1.vtl.VTLResourceIntegrationTest" time="2.138"/>
  <testcase name="testGet[3: com.dotcms.rest.api.v1.vtl.VTLResourceTestCase@50a51cb5]" classname="com.dotcms.rest.api.v1.vtl.VTLResourceIntegrationTest" time="2.146"/>
  <testcase name="testGet[4: com.dotcms.rest.api.v1.vtl.VTLResourceTestCase@7f60a71a]" classname="com.dotcms.rest.api.v1.vtl.VTLResourceIntegrationTest" time="0.728"/>
  <testcase name="testGet[5: com.dotcms.rest.api.v1.vtl.VTLResourceTestCase@7c5c5307]" classname="com.dotcms.rest.api.v1.vtl.VTLResourceIntegrationTest" time="2.052"/>
  <system-out><![CDATA[]]></system-out>
  <system-err><![CDATA[]]></system-err>
</testsuite>
