<?xml version="1.0" encoding="UTF-8"?>
<testsuite name="com.dotcms.enterprise.publishing.remote.bundler.ContainerBundlerTest" tests="4" skipped="0" failures="0" errors="0" timestamp="2023-07-01T00:04:20" hostname="fv-az449-126" time="0.028">
  <properties/>
  <testcase name="addContainerInBundle[0: com.dotcms.enterprise.publishing.remote.bundler.ContainerBundlerTest$TestCase@706dd6e6]" classname="com.dotcms.enterprise.publishing.remote.bundler.ContainerBundlerTest" time="0.014"/>
  <testcase name="addContainerInBundle[1: com.dotcms.enterprise.publishing.remote.bundler.ContainerBundlerTest$TestCase@44e62892]" classname="com.dotcms.enterprise.publishing.remote.bundler.ContainerBundlerTest" time="0.006"/>
  <testcase name="addContainerInBundle[2: com.dotcms.enterprise.publishing.remote.bundler.ContainerBundlerTest$TestCase@6dcaccfe]" classname="com.dotcms.enterprise.publishing.remote.bundler.ContainerBundlerTest" time="0.004"/>
  <testcase name="addContainerInBundle[3: com.dotcms.enterprise.publishing.remote.bundler.ContainerBundlerTest$TestCase@20af6f82]" classname="com.dotcms.enterprise.publishing.remote.bundler.ContainerBundlerTest" time="0.004"/>
  <system-out><![CDATA[]]></system-out>
  <system-err><![CDATA[]]></system-err>
</testsuite>
