<?xml version="1.0" encoding="UTF-8"?>
<testsuite name="com.dotmarketing.portlets.structure.model.ContentletRelationshipsTest" tests="7" skipped="0" failures="0" errors="0" timestamp="2023-07-04T02:22:39" hostname="fv-az951-870" time="11.947">
  <properties/>
  <testcase name="testDoesAllowOnlyOne[0: com.dotmarketing.portlets.structure.model.ContentletRelationshipsTest$CardinalityTestCase@73506990]" classname="com.dotmarketing.portlets.structure.model.ContentletRelationshipsTest" time="0.987"/>
  <testcase name="testDoesAllowOnlyOne[1: com.dotmarketing.portlets.structure.model.ContentletRelationshipsTest$CardinalityTestCase@33f33cbb]" classname="com.dotmarketing.portlets.structure.model.ContentletRelationshipsTest" time="0.74"/>
  <testcase name="testDoesAllowOnlyOne[2: com.dotmarketing.portlets.structure.model.ContentletRelationshipsTest$CardinalityTestCase@1b65d2ed]" classname="com.dotmarketing.portlets.structure.model.ContentletRelationshipsTest" time="0.822"/>
  <testcase name="testGetRelationshipRecords[0: com.dotmarketing.portlets.structure.model.ContentletRelationshipsTest$TestCase@2ac0c28d]" classname="com.dotmarketing.portlets.structure.model.ContentletRelationshipsTest" time="2.738"/>
  <testcase name="testGetRelationshipRecords[1: com.dotmarketing.portlets.structure.model.ContentletRelationshipsTest$TestCase@5aac22ac]" classname="com.dotmarketing.portlets.structure.model.ContentletRelationshipsTest" time="1.647"/>
  <testcase name="testGetRelationshipRecords[2: com.dotmarketing.portlets.structure.model.ContentletRelationshipsTest$TestCase@7090cba6]" classname="com.dotmarketing.portlets.structure.model.ContentletRelationshipsTest" time="2.626"/>
  <testcase name="testGetRelationshipRecords[3: com.dotmarketing.portlets.structure.model.ContentletRelationshipsTest$TestCase@45d79de3]" classname="com.dotmarketing.portlets.structure.model.ContentletRelationshipsTest" time="2.386"/>
  <system-out><![CDATA[]]></system-out>
  <system-err><![CDATA[]]></system-err>
</testsuite>
