<?xml version="1.0" encoding="UTF-8"?>
<testsuite name="com.dotcms.business.SystemAPITest" tests="5" skipped="0" failures="0" errors="0" timestamp="2023-07-11T07:27:23" hostname="fv-az1234-201" time="0.036">
  <properties/>
  <testcase name="test_find_all" classname="com.dotcms.business.SystemAPITest" time="0.021"/>
  <testcase name="test_update_non_existing_key" classname="com.dotcms.business.SystemAPITest" time="0.002"/>
  <testcase name="test_double_insert" classname="com.dotcms.business.SystemAPITest" time="0.003"/>
  <testcase name="test_crud_success" classname="com.dotcms.business.SystemAPITest" time="0.006"/>
  <testcase name="test_delete_non_existing_key" classname="com.dotcms.business.SystemAPITest" time="0.004"/>
  <system-out><![CDATA[]]></system-out>
  <system-err><![CDATA[]]></system-err>
</testsuite>
