<?xml version="1.0" encoding="UTF-8"?>
<testsuite name="com.dotcms.publishing.PublisherAPIImplTest" tests="24" skipped="0" failures="0" errors="0" timestamp="2023-06-26T15:47:45" hostname="fv-az370-611" time="4.576">
  <properties/>
  <testcase name="AddAllCategoryIntoBundle" classname="com.dotcms.publishing.PublisherAPIImplTest" time="0.188"/>
  <testcase name="testFilterDescriptors" classname="com.dotcms.publishing.PublisherAPIImplTest" time="0.096"/>
  <testcase name="sendPushPublishBundle[0: com.dotcms.publishing.PublisherAPIImplTest$TestAsset@10bece46]" classname="com.dotcms.publishing.PublisherAPIImplTest" time="1.364"/>
  <testcase name="sendPushPublishBundle[1: com.dotcms.publishing.PublisherAPIImplTest$TestAsset@72f1713a]" classname="com.dotcms.publishing.PublisherAPIImplTest" time="0.282"/>
  <testcase name="sendPushPublishBundle[2: com.dotcms.publishing.PublisherAPIImplTest$TestAsset@76bd9e39]" classname="com.dotcms.publishing.PublisherAPIImplTest" time="0.21"/>
  <testcase name="sendPushPublishBundle[3: com.dotcms.publishing.PublisherAPIImplTest$TestAsset@6f2dc88d]" classname="com.dotcms.publishing.PublisherAPIImplTest" time="0.324"/>
  <testcase name="sendPushPublishBundle[4: com.dotcms.publishing.PublisherAPIImplTest$TestAsset@987e7d0]" classname="com.dotcms.publishing.PublisherAPIImplTest" time="0.247"/>
  <testcase name="sendPushPublishBundle[5: com.dotcms.publishing.PublisherAPIImplTest$TestAsset@70862f7b]" classname="com.dotcms.publishing.PublisherAPIImplTest" time="0.147"/>
  <testcase name="sendPushPublishBundle[6: com.dotcms.publishing.PublisherAPIImplTest$TestAsset@6a502b04]" classname="com.dotcms.publishing.PublisherAPIImplTest" time="0.157"/>
  <testcase name="sendPushPublishBundle[7: com.dotcms.publishing.PublisherAPIImplTest$TestAsset@6bb8ef63]" classname="com.dotcms.publishing.PublisherAPIImplTest" time="0.149"/>
  <testcase name="sendPushPublishBundle[8: com.dotcms.publishing.PublisherAPIImplTest$TestAsset@5db72ca3]" classname="com.dotcms.publishing.PublisherAPIImplTest" time="0.135"/>
  <testcase name="sendPushPublishBundle[9: com.dotcms.publishing.PublisherAPIImplTest$TestAsset@1c8b2d99]" classname="com.dotcms.publishing.PublisherAPIImplTest" time="0.154"/>
  <testcase name="sendPushPublishBundle[10: com.dotcms.publishing.PublisherAPIImplTest$TestAsset@77683d07]" classname="com.dotcms.publishing.PublisherAPIImplTest" time="0.055"/>
  <testcase name="generateBundle[0: com.dotcms.publishing.PublisherAPIImplTest$TestAsset@10bece46]" classname="com.dotcms.publishing.PublisherAPIImplTest" time="0.097"/>
  <testcase name="generateBundle[1: com.dotcms.publishing.PublisherAPIImplTest$TestAsset@72f1713a]" classname="com.dotcms.publishing.PublisherAPIImplTest" time="0.084"/>
  <testcase name="generateBundle[2: com.dotcms.publishing.PublisherAPIImplTest$TestAsset@76bd9e39]" classname="com.dotcms.publishing.PublisherAPIImplTest" time="0.072"/>
  <testcase name="generateBundle[3: com.dotcms.publishing.PublisherAPIImplTest$TestAsset@6f2dc88d]" classname="com.dotcms.publishing.PublisherAPIImplTest" time="0.154"/>
  <testcase name="generateBundle[4: com.dotcms.publishing.PublisherAPIImplTest$TestAsset@987e7d0]" classname="com.dotcms.publishing.PublisherAPIImplTest" time="0.172"/>
  <testcase name="generateBundle[5: com.dotcms.publishing.PublisherAPIImplTest$TestAsset@70862f7b]" classname="com.dotcms.publishing.PublisherAPIImplTest" time="0.079"/>
  <testcase name="generateBundle[6: com.dotcms.publishing.PublisherAPIImplTest$TestAsset@6a502b04]" classname="com.dotcms.publishing.PublisherAPIImplTest" time="0.072"/>
  <testcase name="generateBundle[7: com.dotcms.publishing.PublisherAPIImplTest$TestAsset@6bb8ef63]" classname="com.dotcms.publishing.PublisherAPIImplTest" time="0.095"/>
  <testcase name="generateBundle[8: com.dotcms.publishing.PublisherAPIImplTest$TestAsset@5db72ca3]" classname="com.dotcms.publishing.PublisherAPIImplTest" time="0.053"/>
  <testcase name="generateBundle[9: com.dotcms.publishing.PublisherAPIImplTest$TestAsset@1c8b2d99]" classname="com.dotcms.publishing.PublisherAPIImplTest" time="0.161"/>
  <testcase name="generateBundle[10: com.dotcms.publishing.PublisherAPIImplTest$TestAsset@77683d07]" classname="com.dotcms.publishing.PublisherAPIImplTest" time="0.017"/>
  <system-out><![CDATA[









































































































































































]]></system-out>
  <system-err><![CDATA[]]></system-err>
</testsuite>
