<?xml version="1.0" encoding="UTF-8"?>
<testsuite name="com.dotcms.content.business.json.ContentletJsonAPITest" tests="9" skipped="0" failures="0" errors="0" timestamp="2023-06-23T16:49:48" hostname="fv-az162-375" time="18.186">
  <properties/>
  <testcase name="Simple_Json_Serialize_Test" classname="com.dotcms.content.business.json.ContentletJsonAPITest" time="3.06"/>
  <testcase name="Test_Category_And_Tags_Are_Not_Serialized" classname="com.dotcms.content.business.json.ContentletJsonAPITest" time="2.022"/>
  <testcase name="Create_Content_Then_Find_It_Then_Create_Json_Content_Then_Recover_And_Compare" classname="com.dotcms.content.business.json.ContentletJsonAPITest" time="3.159"/>
  <testcase name="Test_Remove_System_Fields_From_v1_Version_Conversion" classname="com.dotcms.content.business.json.ContentletJsonAPITest" time="0.003"/>
  <testcase name="Simple_Serializer_Test" classname="com.dotcms.content.business.json.ContentletJsonAPITest" time="2.878"/>
  <testcase name="Initialize_Fields_With_Default_Value_Test" classname="com.dotcms.content.business.json.ContentletJsonAPITest" time="3.066"/>
  <testcase name="TestCustomMetadataDeserializer" classname="com.dotcms.content.business.json.ContentletJsonAPITest" time="0.002"/>
  <testcase name="testSerializeContent" classname="com.dotcms.content.business.json.ContentletJsonAPITest" time="1.108"/>
  <testcase name="Test_Hydration_Test" classname="com.dotcms.content.business.json.ContentletJsonAPITest" time="2.887"/>
  <system-out><![CDATA[
]]></system-out>
  <system-err><![CDATA[]]></system-err>
</testsuite>
