<?xml version="1.0" encoding="UTF-8"?>
<testsuite name="com.dotmarketing.servlets.ajax.AjaxDirectorServletIntegrationTest" tests="2" skipped="0" failures="0" errors="0" timestamp="2023-06-28T00:58:59" hostname="fv-az175-688" time="1.487">
  <properties/>
  <testcase name="testService[0: com.dotmarketing.servlets.ajax.AjaxDirectorServletTestCase@648d9880]" classname="com.dotmarketing.servlets.ajax.AjaxDirectorServletIntegrationTest" time="1.018"/>
  <testcase name="testService[1: com.dotmarketing.servlets.ajax.AjaxDirectorServletTestCase@6b58cc09]" classname="com.dotmarketing.servlets.ajax.AjaxDirectorServletIntegrationTest" time="0.469"/>
  <system-out><![CDATA[]]></system-out>
  <system-err><![CDATA[]]></system-err>
</testsuite>
