<?xml version="1.0" encoding="UTF-8"?>
<testsuite name="com.dotmarketing.servlets.ajax.AjaxDirectorServletIntegrationTest" tests="2" skipped="0" failures="0" errors="0" timestamp="2023-07-12T20:23:31" hostname="fv-az1241-832" time="2.752">
  <properties/>
  <testcase name="testService[0: com.dotmarketing.servlets.ajax.AjaxDirectorServletTestCase@43f2892d]" classname="com.dotmarketing.servlets.ajax.AjaxDirectorServletIntegrationTest" time="1.087"/>
  <testcase name="testService[1: com.dotmarketing.servlets.ajax.AjaxDirectorServletTestCase@17f3061a]" classname="com.dotmarketing.servlets.ajax.AjaxDirectorServletIntegrationTest" time="1.665"/>
  <system-out><![CDATA[]]></system-out>
  <system-err><![CDATA[]]></system-err>
</testsuite>
