<?xml version="1.0" encoding="UTF-8"?>
<testsuite name="com.dotcms.rest.TagResourceIntegrationTest" tests="4" skipped="0" failures="0" errors="0" timestamp="2023-06-23T21:45:45" hostname="fv-az397-542" time="0.357">
  <properties/>
  <testcase name="testList[0: com.dotcms.rest.TagResourceTestCase@7f179968]" classname="com.dotcms.rest.TagResourceIntegrationTest" time="0.26"/>
  <testcase name="testList[1: com.dotcms.rest.TagResourceTestCase@5e7ddbea]" classname="com.dotcms.rest.TagResourceIntegrationTest" time="0.039"/>
  <testcase name="testList[2: com.dotcms.rest.TagResourceTestCase@1cbdcc9d]" classname="com.dotcms.rest.TagResourceIntegrationTest" time="0.024"/>
  <testcase name="testList[3: com.dotcms.rest.TagResourceTestCase@7f4bc9cd]" classname="com.dotcms.rest.TagResourceIntegrationTest" time="0.033"/>
  <system-out><![CDATA[]]></system-out>
  <system-err><![CDATA[Jun 23, 2023 9:45:45 PM com.dotcms.repackage.org.hibernate.validator.internal.util.Version <clinit>
INFO: HV000001: Hibernate Validator 4.3.2.Final
]]></system-err>
</testsuite>
