<?xml version="1.0" encoding="UTF-8"?>
<testsuite name="com.dotmarketing.business.DeterministicIdentifierAPITest" tests="16" skipped="0" failures="0" errors="0" timestamp="2023-07-11T18:36:57" hostname="fv-az246-187" time="0.749">
  <properties/>
  <testcase name="Test_Category_Path_Seed_And_Id" classname="com.dotmarketing.business.DeterministicIdentifierAPITest" time="0.023"/>
  <testcase name="Test_Language_Deterministic_Id[0: LanguageTestCase{expectedSeed='Language:es:US', expectedHash=4913155, langCode='es', countryCode='US', country='United States'}]" classname="com.dotmarketing.business.DeterministicIdentifierAPITest" time="0.001"/>
  <testcase name="Test_Language_Deterministic_Id[1: LanguageTestCase{expectedSeed='Language:ep:', expectedHash=5292269, langCode='ep', countryCode='', country=''}]" classname="com.dotmarketing.business.DeterministicIdentifierAPITest" time="0.0"/>
  <testcase name="Test_Language_Deterministic_Id[2: LanguageTestCase{expectedSeed='Language:sg:SAG', expectedHash=4713118, langCode='sg', countryCode='SAG', country=''}]" classname="com.dotmarketing.business.DeterministicIdentifierAPITest" time="0.001"/>
  <testcase name="Test_Language_Deterministic_Id[3: LanguageTestCase{expectedSeed='Language:en:NZ', expectedHash=5382528, langCode='en', countryCode='NZ', country='New Zealand'}]" classname="com.dotmarketing.business.DeterministicIdentifierAPITest" time="0.001"/>
  <testcase name="Test_Category_None_Persisted_Category_Should_Return_Deterministic_Id" classname="com.dotmarketing.business.DeterministicIdentifierAPITest" time="0.001"/>
  <testcase name="Test_Asset_Generate_Deterministic_Id_Best_Effort[0: TestCase{versionable=my.host1689100235582.com, parent=System Host, expectedName='my.host1689100235582.com', expectedType='Host'}]" classname="com.dotmarketing.business.DeterministicIdentifierAPITest" time="0.003"/>
  <testcase name="Test_Asset_Generate_Deterministic_Id_Best_Effort[1: TestCase{versionable=com.dotmarketing.portlets.contentlet.model.Contentlet@f804639[map={modDate=2023-07-11 18:30:36.337, fileName=file15192879735609657408.txt, title=file15192879735609657408.txt, inode=fc346a42-3f84-4ded-aa3f-e51f446872dd, __IS_NEW_CONTENT__=true, disabledWYSIWYG=[], host=2f28e2b4-9f2b-4039-81c0-ee64d5d5f6e7, stInode=33888b6f-7a8e-4069-b1b6-5c1aa9d0a48d, owner=system, identifier=9be8cc1f-5b0c-46a8-9ad4-1ada1261c265, nullProperties=[wfExpireDate, wfPublishDate, wfActionAssign, wfActionId, wfActionComments, filterKey, whereToSend, wfNeverExpire, _path_to_move, timezoneId, iWantTo, wfPublishTime, wfExpireTime], languageId=1, fileAsset=/home/runner/work/core/custom/assets/f/c/fc346a42-3f84-4ded-aa3f-e51f446872dd/fileAsset/file15192879735609657408.txt, folder=99ca8b2c-2c51-4550-977f-726b734617f0, __disable_workflow__=true, sortOrder=0, modUser=system},lowIndexPriority=false,variantId=DEFAULT], parent=com.dotmarketing.portlets.folders.model.Folder@736d7ba0[identifier=99ca8b2c-2c51-4550-977f-726b734617f0,name=testName1689100236330,sortOrder=0,showOnMenu=false,hostId=2f28e2b4-9f2b-4039-81c0-ee64d5d5f6e7,type=folder,title=testTitle1689100236330,filesMasks=,defaultFileType=33888b6f-7a8e-4069-b1b6-5c1aa9d0a48d,modDate=2023-07-11 18:30:36.332,owner=&lt;null&gt;,iDate=2023-07-11 18:30:36.332,inode=99ca8b2c-2c51-4550-977f-726b734617f0,path=/testName1689100236330/], expectedName='file15192879735609657408.txt', expectedType='FileAsset'}]" classname="com.dotmarketing.business.DeterministicIdentifierAPITest" time="0.002"/>
  <testcase name="Test_Asset_Generate_Deterministic_Id_Best_Effort[2: TestCase{versionable=com.dotmarketing.portlets.templates.model.Template@4ca16822, parent=my.host1689100235582.com, expectedName='testTitle1689100236445', expectedType='Template'}]" classname="com.dotmarketing.business.DeterministicIdentifierAPITest" time="0.002"/>
  <testcase name="Test_Asset_Generate_Deterministic_Id_Best_Effort[3: TestCase{versionable=com.dotmarketing.portlets.htmlpageasset.model.HTMLPageAsset@64921cc0[map={template=1f52cf16-5be6-4558-aa57-eb3fc699aee5, owner=system, identifier=6d276f03-ce76-46bc-9bc5-2ef10e0409fc, nullProperties=[wfExpireDate, wfPublishDate, wfActionAssign, wfActionId, wfActionComments, filterKey, whereToSend, wfNeverExpire, _path_to_move, timezoneId, iWantTo, wfPublishTime, wfExpireTime], modDate=2023-07-11 18:30:36.462, cachettl=0, _is_test_mode=true, languageId=1, title=test-page-title-1689100236459, httpsreq=, url=test-page-url-1689100236459, showOnMenu=, inode=1a05df01-5293-47dd-8fa7-c0e3b91c94e4, folder=99ca8b2c-2c51-4550-977f-726b734617f0, disabledWYSIWYG=[], sortOrder=1, modUser=system, host=2f28e2b4-9f2b-4039-81c0-ee64d5d5f6e7, stInode=c541abb1-69b3-4bc5-8430-5e09e5239cc8, friendlyName=test-page-friendly-name-1689100236459},lowIndexPriority=false,variantId=DEFAULT], parent=com.dotmarketing.portlets.folders.model.Folder@736d7ba0[identifier=99ca8b2c-2c51-4550-977f-726b734617f0,name=testName1689100236330,sortOrder=0,showOnMenu=false,hostId=2f28e2b4-9f2b-4039-81c0-ee64d5d5f6e7,type=folder,title=testTitle1689100236330,filesMasks=,defaultFileType=33888b6f-7a8e-4069-b1b6-5c1aa9d0a48d,modDate=2023-07-11 18:30:36.332,owner=&lt;null&gt;,iDate=2023-07-11 18:30:36.332,inode=99ca8b2c-2c51-4550-977f-726b734617f0,path=/testName1689100236330/], expectedName='test-page-url-1689100236459', expectedType='htmlpageasset'}]" classname="com.dotmarketing.business.DeterministicIdentifierAPITest" time="0.002"/>
  <testcase name="Test_Asset_Generate_Deterministic_Id_Best_Effort[4: TestCase{versionable=com.dotmarketing.portlets.contentlet.model.Contentlet@230569d0[map={fileAsset2=/home/runner/work/core/custom/assets/5/2/52e00e2c-6bcc-4492-9738-d5cfc0b01fe8/fileAsset2/test_binary1689100237329.png, modDate=2023-07-11 18:30:37.339, fileAsset1=/home/runner/work/core/custom/assets/5/2/52e00e2c-6bcc-4492-9738-d5cfc0b01fe8/fileAsset1/test_binary1689100237329.jpg, title=blah, inode=52e00e2c-6bcc-4492-9738-d5cfc0b01fe8, __IS_NEW_CONTENT__=true, disabledWYSIWYG=[], host=48190c8c-42c4-46af-8d1a-0cd5db894797, stInode=830e743a-a366-4aa7-a087-f05e0df22de3, owner=system, identifier=99bf081a-6f21-4f94-96fc-a570a6e5001d, nullProperties=[], languageId=1, image1=3b2d4dbd-01b5-4ee3-8a84-fb717a17c895, folder=SYSTEM_FOLDER, __disable_workflow__=true, sortOrder=0, modUser=system},lowIndexPriority=false,variantId=DEFAULT], parent=demo.dotcms.com, expectedName='test_binary1689100237329.jpg:test_binary1689100237329.png', expectedType='MultipleBinaries1689100236636'}]" classname="com.dotmarketing.business.DeterministicIdentifierAPITest" time="0.002"/>
  <testcase name="Test_Asset_Generate_Deterministic_Id_Best_Effort[5: TestCase{versionable=name2ae85e715a : keyTag2ae85e715a, parent=my.host1689100235582.com, expectedName='keyTag2ae85e715a', expectedType='persona'}]" classname="com.dotmarketing.business.DeterministicIdentifierAPITest" time="0.004"/>
  <testcase name="Test_Similar_Content_Type_Wont_Clash" classname="com.dotmarketing.business.DeterministicIdentifierAPITest" time="0.447"/>
  <testcase name="Test_Generate_Folder_Identifier" classname="com.dotmarketing.business.DeterministicIdentifierAPITest" time="0.246"/>
  <testcase name="Test_Generate_Content_Type_Identifier[0: ContentTypeTestCase{contentType=KeyValueContentType{name=Language Variable, id=f4d7c1b8-2c88-4071-abf1-a5328977b07d, description=Default Content Type for Language Variables, defaultType=false, fixed=true, iDate=Thu Aug 31 16:38:49 UTC 2017, system=true, versionable=true, variable=Languagevariable, modDate=Tue Jul 11 17:24:24 UTC 2023, host=SYSTEM_HOST, siteName=systemHost, icon=language, sortOrder=0, folder=SYSTEM_FOLDER, folderPath=/, markedForDeletion=true, multilingualable=false}, expectedName='Languagevariable', expectedType='KeyValue'}]" classname="com.dotmarketing.business.DeterministicIdentifierAPITest" time="0.008"/>
  <testcase name="Test_Generate_Content_Type_Identifier[1: ContentTypeTestCase{contentType=SimpleContentType{name=testName1689100237684, id=7b984bc4-a486-437d-816d-19cc18f273d8, description=testDescription1689100237684, defaultType=false, fixed=false, iDate=Tue Jul 11 18:30:37 UTC 2023, system=false, versionable=true, multilingualable=false, variable=testVarname1689100237684, owner=system, modDate=Tue Jul 11 18:30:39 UTC 2023, host=48190c8c-42c4-46af-8d1a-0cd5db894797, siteName=demo.dotcms.com, icon=event_note, sortOrder=0, folder=SYSTEM_FOLDER, folderPath=/, requiredFields=[], markedForDeletion=false}, expectedName='testVarname1689100237684', expectedType='CONTENT'}]" classname="com.dotmarketing.business.DeterministicIdentifierAPITest" time="0.004"/>
  <system-out><![CDATA[]]></system-out>
  <system-err><![CDATA[]]></system-err>
</testsuite>
