<?xml version="1.0" encoding="UTF-8"?>
<testsuite name="com.dotmarketing.portlets.structure.model.ContentletRelationshipsTest" tests="7" skipped="0" failures="0" errors="0" timestamp="2023-06-29T18:06:44" hostname="fv-az166-287" time="11.681">
  <properties/>
  <testcase name="testDoesAllowOnlyOne[0: com.dotmarketing.portlets.structure.model.ContentletRelationshipsTest$CardinalityTestCase@1ede6591]" classname="com.dotmarketing.portlets.structure.model.ContentletRelationshipsTest" time="0.712"/>
  <testcase name="testDoesAllowOnlyOne[1: com.dotmarketing.portlets.structure.model.ContentletRelationshipsTest$CardinalityTestCase@44a5e13d]" classname="com.dotmarketing.portlets.structure.model.ContentletRelationshipsTest" time="0.714"/>
  <testcase name="testDoesAllowOnlyOne[2: com.dotmarketing.portlets.structure.model.ContentletRelationshipsTest$CardinalityTestCase@55b8b97f]" classname="com.dotmarketing.portlets.structure.model.ContentletRelationshipsTest" time="0.707"/>
  <testcase name="testGetRelationshipRecords[0: com.dotmarketing.portlets.structure.model.ContentletRelationshipsTest$TestCase@47cfb358]" classname="com.dotmarketing.portlets.structure.model.ContentletRelationshipsTest" time="2.656"/>
  <testcase name="testGetRelationshipRecords[1: com.dotmarketing.portlets.structure.model.ContentletRelationshipsTest$TestCase@2a50b4dd]" classname="com.dotmarketing.portlets.structure.model.ContentletRelationshipsTest" time="2.374"/>
  <testcase name="testGetRelationshipRecords[2: com.dotmarketing.portlets.structure.model.ContentletRelationshipsTest$TestCase@419704a3]" classname="com.dotmarketing.portlets.structure.model.ContentletRelationshipsTest" time="2.287"/>
  <testcase name="testGetRelationshipRecords[3: com.dotmarketing.portlets.structure.model.ContentletRelationshipsTest$TestCase@51f42eaf]" classname="com.dotmarketing.portlets.structure.model.ContentletRelationshipsTest" time="2.227"/>
  <system-out><![CDATA[]]></system-out>
  <system-err><![CDATA[]]></system-err>
</testsuite>
