<?xml version="1.0" encoding="UTF-8"?>
<testsuite name="com.dotcms.rendering.velocity.viewtools.content.StoryBlockMapTest" tests="7" skipped="0" failures="0" errors="0" timestamp="2023-07-05T23:42:13" hostname="fv-az614-79" time="0.465">
  <properties/>
  <testcase name="test_overridden_render_to_html" classname="com.dotcms.rendering.velocity.viewtools.content.StoryBlockMapTest" time="0.416"/>
  <testcase name="test_default_render_to_html" classname="com.dotcms.rendering.velocity.viewtools.content.StoryBlockMapTest" time="0.036"/>
  <testcase name="test_default_olist_render_to_html" classname="com.dotcms.rendering.velocity.viewtools.content.StoryBlockMapTest" time="0.003"/>
  <testcase name="test_default_contentlet_render_to_html" classname="com.dotcms.rendering.velocity.viewtools.content.StoryBlockMapTest" time="0.003"/>
  <testcase name="test_empty_json_to_html" classname="com.dotcms.rendering.velocity.viewtools.content.StoryBlockMapTest" time="0.001"/>
  <testcase name="test_default_ulist_render_to_html" classname="com.dotcms.rendering.velocity.viewtools.content.StoryBlockMapTest" time="0.003"/>
  <testcase name="test_default_paragraph_render_to_html" classname="com.dotcms.rendering.velocity.viewtools.content.StoryBlockMapTest" time="0.002"/>
  <system-out><![CDATA[]]></system-out>
  <system-err><![CDATA[]]></system-err>
</testsuite>
