<?xml version="1.0" encoding="UTF-8"?>
<testsuite name="com.dotmarketing.servlets.ajax.AjaxDirectorServletIntegrationTest" tests="2" skipped="0" failures="0" errors="0" timestamp="2023-07-21T06:35:15" hostname="fv-az484-380" time="2.216">
  <properties/>
  <testcase name="testService[0: com.dotmarketing.servlets.ajax.AjaxDirectorServletTestCase@55b3c1e4]" classname="com.dotmarketing.servlets.ajax.AjaxDirectorServletIntegrationTest" time="1.197"/>
  <testcase name="testService[1: com.dotmarketing.servlets.ajax.AjaxDirectorServletTestCase@6d8ea1b3]" classname="com.dotmarketing.servlets.ajax.AjaxDirectorServletIntegrationTest" time="1.019"/>
  <system-out><![CDATA[]]></system-out>
  <system-err><![CDATA[]]></system-err>
</testsuite>
