<?xml version="1.0" encoding="UTF-8"?>
<testsuite name="com.dotcms.rest.elasticsearch.ESContentResourcePortletTest" tests="8" skipped="0" failures="0" errors="0" timestamp="2023-07-06T21:09:36" hostname="fv-az440-292" time="8.165">
  <properties/>
  <testcase name="test_search_includeGrandChildCategory_success" classname="com.dotcms.rest.elasticsearch.ESContentResourcePortletTest" time="1.426"/>
  <testcase name="testSearch[0: com.dotcms.rest.elasticsearch.ESContentResourcePortletTest$TestCase@130e6923]" classname="com.dotcms.rest.elasticsearch.ESContentResourcePortletTest" time="1.003"/>
  <testcase name="testSearch[1: com.dotcms.rest.elasticsearch.ESContentResourcePortletTest$TestCase@6f2e29ca]" classname="com.dotcms.rest.elasticsearch.ESContentResourcePortletTest" time="1.309"/>
  <testcase name="testSearch[2: com.dotcms.rest.elasticsearch.ESContentResourcePortletTest$TestCase@3a0f8404]" classname="com.dotcms.rest.elasticsearch.ESContentResourcePortletTest" time="0.944"/>
  <testcase name="testSearch[3: com.dotcms.rest.elasticsearch.ESContentResourcePortletTest$TestCase@2e4608bb]" classname="com.dotcms.rest.elasticsearch.ESContentResourcePortletTest" time="0.321"/>
  <testcase name="testSearch[4: com.dotcms.rest.elasticsearch.ESContentResourcePortletTest$TestCase@4e612b21]" classname="com.dotcms.rest.elasticsearch.ESContentResourcePortletTest" time="1.291"/>
  <testcase name="testSearch[5: com.dotcms.rest.elasticsearch.ESContentResourcePortletTest$TestCase@509f2b5e]" classname="com.dotcms.rest.elasticsearch.ESContentResourcePortletTest" time="0.939"/>
  <testcase name="testSearch[6: com.dotcms.rest.elasticsearch.ESContentResourcePortletTest$TestCase@16f6aaed]" classname="com.dotcms.rest.elasticsearch.ESContentResourcePortletTest" time="0.932"/>
  <system-out><![CDATA[]]></system-out>
  <system-err><![CDATA[]]></system-err>
</testsuite>
