<?xml version="1.0" encoding="UTF-8"?>
<testsuite name="com.dotmarketing.business.DeterministicIdentifierAPITest" tests="16" skipped="0" failures="0" errors="0" timestamp="2023-06-22T19:44:34" hostname="fv-az419-343" time="1.318">
  <properties/>
  <testcase name="Test_Category_Path_Seed_And_Id" classname="com.dotmarketing.business.DeterministicIdentifierAPITest" time="0.039"/>
  <testcase name="Test_Language_Deterministic_Id[0: LanguageTestCase{expectedSeed='Language:es:US', expectedHash=4913155, langCode='es', countryCode='US', country='United States'}]" classname="com.dotmarketing.business.DeterministicIdentifierAPITest" time="0.001"/>
  <testcase name="Test_Language_Deterministic_Id[1: LanguageTestCase{expectedSeed='Language:ep:', expectedHash=5292269, langCode='ep', countryCode='', country=''}]" classname="com.dotmarketing.business.DeterministicIdentifierAPITest" time="0.002"/>
  <testcase name="Test_Language_Deterministic_Id[2: LanguageTestCase{expectedSeed='Language:sg:SAG', expectedHash=4713118, langCode='sg', countryCode='SAG', country=''}]" classname="com.dotmarketing.business.DeterministicIdentifierAPITest" time="0.001"/>
  <testcase name="Test_Language_Deterministic_Id[3: LanguageTestCase{expectedSeed='Language:en:NZ', expectedHash=5382528, langCode='en', countryCode='NZ', country='New Zealand'}]" classname="com.dotmarketing.business.DeterministicIdentifierAPITest" time="0.001"/>
  <testcase name="Test_Category_None_Persisted_Category_Should_Return_Deterministic_Id" classname="com.dotmarketing.business.DeterministicIdentifierAPITest" time="0.002"/>
  <testcase name="Test_Asset_Generate_Deterministic_Id_Best_Effort[0: TestCase{versionable=my.host1687456776834.com, parent=System Host, expectedName='my.host1687456776834.com', expectedType='Host'}]" classname="com.dotmarketing.business.DeterministicIdentifierAPITest" time="0.006"/>
  <testcase name="Test_Asset_Generate_Deterministic_Id_Best_Effort[1: TestCase{versionable=com.dotmarketing.portlets.contentlet.model.Contentlet@64ee69eb[map={modDate=2023-06-22 17:59:37.785, fileName=file11822143586829693617.txt, title=file11822143586829693617.txt, inode=d2ec43be-dc45-483d-9e2f-047b556ddd6c, __IS_NEW_CONTENT__=true, disabledWYSIWYG=[], host=20b21887-70d4-4207-8388-eb3acc4274bd, stInode=33888b6f-7a8e-4069-b1b6-5c1aa9d0a48d, owner=system, identifier=841500c2-aa1e-447b-bc89-2db8637d33d8, nullProperties=[wfExpireDate, wfPublishDate, wfActionAssign, wfActionId, wfActionComments, filterKey, whereToSend, wfNeverExpire, _path_to_move, timezoneId, iWantTo, wfPublishTime, wfExpireTime], languageId=1, fileAsset=/home/runner/work/core/custom/assets/d/2/d2ec43be-dc45-483d-9e2f-047b556ddd6c/fileAsset/file11822143586829693617.txt, folder=35e05fb9-b413-4a8b-a51f-2644b0da5958, __disable_workflow__=true, sortOrder=0, modUser=system},lowIndexPriority=false,variantId=DEFAULT], parent=com.dotmarketing.portlets.folders.model.Folder@381bf684[identifier=35e05fb9-b413-4a8b-a51f-2644b0da5958,name=testName1687456777775,sortOrder=0,showOnMenu=false,hostId=20b21887-70d4-4207-8388-eb3acc4274bd,type=folder,title=testTitle1687456777775,filesMasks=,defaultFileType=33888b6f-7a8e-4069-b1b6-5c1aa9d0a48d,modDate=2023-06-22 17:59:37.779,owner=&lt;null&gt;,iDate=2023-06-22 17:59:37.779,inode=35e05fb9-b413-4a8b-a51f-2644b0da5958,path=/testName1687456777775/], expectedName='file11822143586829693617.txt', expectedType='FileAsset'}]" classname="com.dotmarketing.business.DeterministicIdentifierAPITest" time="0.006"/>
  <testcase name="Test_Asset_Generate_Deterministic_Id_Best_Effort[2: TestCase{versionable=com.dotmarketing.portlets.templates.model.Template@87d19d9a, parent=my.host1687456776834.com, expectedName='testTitle1687456777888', expectedType='Template'}]" classname="com.dotmarketing.business.DeterministicIdentifierAPITest" time="0.003"/>
  <testcase name="Test_Asset_Generate_Deterministic_Id_Best_Effort[3: TestCase{versionable=com.dotmarketing.portlets.htmlpageasset.model.HTMLPageAsset@706ead55[map={template=014131bd-6493-432d-ae94-29611d803917, owner=system, identifier=2c244583-23ee-4ee1-a30f-99e092b5eb29, nullProperties=[wfExpireDate, wfPublishDate, wfActionAssign, wfActionId, wfActionComments, filterKey, whereToSend, wfNeverExpire, _path_to_move, timezoneId, iWantTo, wfPublishTime, wfExpireTime], modDate=2023-06-22 17:59:37.929, cachettl=0, _is_test_mode=true, languageId=1, title=test-page-title-1687456777917, httpsreq=, url=test-page-url-1687456777917, showOnMenu=, inode=db810701-dd45-4abf-b24d-061e50c87899, folder=35e05fb9-b413-4a8b-a51f-2644b0da5958, disabledWYSIWYG=[], sortOrder=1, modUser=system, host=20b21887-70d4-4207-8388-eb3acc4274bd, stInode=c541abb1-69b3-4bc5-8430-5e09e5239cc8, friendlyName=test-page-friendly-name-1687456777917},lowIndexPriority=false,variantId=DEFAULT], parent=com.dotmarketing.portlets.folders.model.Folder@381bf684[identifier=35e05fb9-b413-4a8b-a51f-2644b0da5958,name=testName1687456777775,sortOrder=0,showOnMenu=false,hostId=20b21887-70d4-4207-8388-eb3acc4274bd,type=folder,title=testTitle1687456777775,filesMasks=,defaultFileType=33888b6f-7a8e-4069-b1b6-5c1aa9d0a48d,modDate=2023-06-22 17:59:37.779,owner=&lt;null&gt;,iDate=2023-06-22 17:59:37.779,inode=35e05fb9-b413-4a8b-a51f-2644b0da5958,path=/testName1687456777775/], expectedName='test-page-url-1687456777917', expectedType='htmlpageasset'}]" classname="com.dotmarketing.business.DeterministicIdentifierAPITest" time="0.004"/>
  <testcase name="Test_Asset_Generate_Deterministic_Id_Best_Effort[4: TestCase{versionable=com.dotmarketing.portlets.contentlet.model.Contentlet@1b6d4381[map={fileAsset2=/home/runner/work/core/custom/assets/6/0/608a211f-3ac8-413c-a132-7d7d1bfe3c5e/fileAsset2/test_binary1687456778755.png, modDate=2023-06-22 17:59:38.763, fileAsset1=/home/runner/work/core/custom/assets/6/0/608a211f-3ac8-413c-a132-7d7d1bfe3c5e/fileAsset1/test_binary1687456778754.jpg, title=blah, inode=608a211f-3ac8-413c-a132-7d7d1bfe3c5e, __IS_NEW_CONTENT__=true, disabledWYSIWYG=[], host=8a7d5e23-da1e-420a-b4f0-471e7da8ea2d, stInode=67d09900-b9b3-4edc-911e-009ffbe9fe52, owner=system, identifier=6aadb849-0721-41ff-8bf5-c45c58422398, nullProperties=[], languageId=1, image1=8a981713-e641-48a9-a9b7-6775d5d63c72, folder=SYSTEM_FOLDER, __disable_workflow__=true, sortOrder=0, modUser=system},lowIndexPriority=false,variantId=DEFAULT], parent=default, expectedName='test_binary1687456778754.jpg:test_binary1687456778755.png', expectedType='MultipleBinaries1687456778177'}]" classname="com.dotmarketing.business.DeterministicIdentifierAPITest" time="0.015"/>
  <testcase name="Test_Asset_Generate_Deterministic_Id_Best_Effort[5: TestCase{versionable=name8d41ecd037 : keyTag8d41ecd037, parent=my.host1687456776834.com, expectedName='keyTag8d41ecd037', expectedType='persona'}]" classname="com.dotmarketing.business.DeterministicIdentifierAPITest" time="0.009"/>
  <testcase name="Test_Similar_Content_Type_Wont_Clash" classname="com.dotmarketing.business.DeterministicIdentifierAPITest" time="0.672"/>
  <testcase name="Test_Generate_Folder_Identifier" classname="com.dotmarketing.business.DeterministicIdentifierAPITest" time="0.538"/>
  <testcase name="Test_Generate_Content_Type_Identifier[0: ContentTypeTestCase{contentType=KeyValueContentType{name=Language Variable, id=f4d7c1b8-2c88-4071-abf1-a5328977b07d, description=Default Content Type for Language Variables, defaultType=false, fixed=true, iDate=Thu Aug 31 16:38:49 UTC 2017, system=true, versionable=true, variable=Languagevariable, modDate=Thu Jun 22 17:56:05 UTC 2023, host=SYSTEM_HOST, siteName=systemHost, icon=language, sortOrder=0, folder=SYSTEM_FOLDER, folderPath=/, markedForDeletion=false, multilingualable=false}, expectedName='Languagevariable', expectedType='KeyValue'}]" classname="com.dotmarketing.business.DeterministicIdentifierAPITest" time="0.012"/>
  <testcase name="Test_Generate_Content_Type_Identifier[1: ContentTypeTestCase{contentType=SimpleContentType{name=testName1687456779173, id=aecf676b-7a65-40be-95d3-79416a4fdf61, description=testDescription1687456779173, defaultType=false, fixed=false, iDate=Thu Jun 22 17:59:39 UTC 2023, system=false, versionable=true, multilingualable=false, variable=testVarname1687456779173, owner=system, modDate=Thu Jun 22 17:59:39 UTC 2023, host=8a7d5e23-da1e-420a-b4f0-471e7da8ea2d, siteName=default, icon=event_note, sortOrder=0, folder=SYSTEM_FOLDER, folderPath=/, requiredFields=[], markedForDeletion=false}, expectedName='testVarname1687456779173', expectedType='CONTENT'}]" classname="com.dotmarketing.business.DeterministicIdentifierAPITest" time="0.006"/>
  <system-out><![CDATA[]]></system-out>
  <system-err><![CDATA[]]></system-err>
</testsuite>
