<?xml version="1.0" encoding="UTF-8"?>
<testsuite name="com.dotcms.contenttype.model.field.layout.FieldLayoutTest" tests="24" skipped="0" failures="0" errors="0" timestamp="2023-07-06T21:07:52" hostname="fv-az1234-650" time="0.273">
  <properties/>
  <testcase name="shouldFixSortOrder" classname="com.dotcms.contenttype.model.field.layout.FieldLayoutTest" time="0.049"/>
  <testcase name="shouldReturnNullContentTypeInternationalizationWhenItIsNotSet" classname="com.dotcms.contenttype.model.field.layout.FieldLayoutTest" time="0.001"/>
  <testcase name="shouldFixLayoutValidationExceptionWhenHasColumnWithoutRow" classname="com.dotcms.contenttype.model.field.layout.FieldLayoutTest" time="0.011"/>
  <testcase name="shouldFixLayoutValidationExceptionWhenHasTabFieldWithoutRows" classname="com.dotcms.contenttype.model.field.layout.FieldLayoutTest" time="0.003"/>
  <testcase name="shouldCreateFieldLayoutAndNotThrowException" classname="com.dotcms.contenttype.model.field.layout.FieldLayoutTest" time="0.103"/>
  <testcase name="shouldAddNewFieldAndThrowException" classname="com.dotcms.contenttype.model.field.layout.FieldLayoutTest" time="0.007"/>
  <testcase name="shouldThrowFieldLayoutValidationExceptionWhenHasColumnWithoutRow" classname="com.dotcms.contenttype.model.field.layout.FieldLayoutTest" time="0.001"/>
  <testcase name="shouldRemoveFieldsAndNotThrowException" classname="com.dotcms.contenttype.model.field.layout.FieldLayoutTest" time="0.006"/>
  <testcase name="shouldreturnContentTypeInternationalizationWhenItIsSet" classname="com.dotcms.contenttype.model.field.layout.FieldLayoutTest" time="0.008"/>
  <testcase name="shouldMoveFieldAndThrowException" classname="com.dotcms.contenttype.model.field.layout.FieldLayoutTest" time="0.002"/>
  <testcase name="shouldCreateFieldLayout" classname="com.dotcms.contenttype.model.field.layout.FieldLayoutTest" time="0.001"/>
  <testcase name="shouldFixLayoutValidationExceptionWhenHasFieldsWithoutRows" classname="com.dotcms.contenttype.model.field.layout.FieldLayoutTest" time="0.004"/>
  <testcase name="shouldThrowWhenSortOrderIsNorRight" classname="com.dotcms.contenttype.model.field.layout.FieldLayoutTest" time="0.038"/>
  <testcase name="shouldMoveFieldBackward" classname="com.dotcms.contenttype.model.field.layout.FieldLayoutTest" time="0.008"/>
  <testcase name="shouldAddNewField" classname="com.dotcms.contenttype.model.field.layout.FieldLayoutTest" time="0.006"/>
  <testcase name="shouldCreateFieldLayoutWithTabDivider" classname="com.dotcms.contenttype.model.field.layout.FieldLayoutTest" time="0.001"/>
  <testcase name="shouldThrowFieldLayoutValidationExceptionWhenHasFieldsWithoutRows" classname="com.dotcms.contenttype.model.field.layout.FieldLayoutTest" time="0.001"/>
  <testcase name="shouldCreateFieldLayoutWhenHasMoreThanOneTabDividerInRow" classname="com.dotcms.contenttype.model.field.layout.FieldLayoutTest" time="0.001"/>
  <testcase name="shouldMoveFieldForward" classname="com.dotcms.contenttype.model.field.layout.FieldLayoutTest" time="0.006"/>
  <testcase name="shouldThrowFieldLayoutValidationExceptionWhenHasRowsWithoutColumn" classname="com.dotcms.contenttype.model.field.layout.FieldLayoutTest" time="0.001"/>
  <testcase name="shouldRemoveFieldsAndThrowException" classname="com.dotcms.contenttype.model.field.layout.FieldLayoutTest" time="0.003"/>
  <testcase name="shouldThrowFieldLayoutValidationExceptionWhenHasTabFieldWithoutRows" classname="com.dotcms.contenttype.model.field.layout.FieldLayoutTest" time="0.002"/>
  <testcase name="shouldThrowFieldLayoutValidationExceptionWhenHasRowWithoutColumn" classname="com.dotcms.contenttype.model.field.layout.FieldLayoutTest" time="0.001"/>
  <testcase name="shouldFixLayoutWhenHasRowWithoutColumn" classname="com.dotcms.contenttype.model.field.layout.FieldLayoutTest" time="0.002"/>
  <system-out><![CDATA[]]></system-out>
  <system-err><![CDATA[]]></system-err>
</testsuite>
