<?xml version="1.0" encoding="UTF-8"?>
<testsuite name="com.dotcms.rendering.velocity.viewtools.WorkflowToolTest" tests="2" skipped="0" failures="0" errors="0" timestamp="2023-07-13T18:15:09" hostname="fv-az178-328" time="61.931">
  <properties/>
  <testcase name="testFire[0: com.dotcms.rendering.velocity.viewtools.WorkflowToolFireTestCase@2e2928b4]" classname="com.dotcms.rendering.velocity.viewtools.WorkflowToolTest" time="1.497"/>
  <testcase name="testFire[1: com.dotcms.rendering.velocity.viewtools.WorkflowToolFireTestCase@f56b93]" classname="com.dotcms.rendering.velocity.viewtools.WorkflowToolTest" time="60.434"/>
  <system-out><![CDATA[]]></system-out>
  <system-err><![CDATA[]]></system-err>
</testsuite>
