<?xml version="1.0" encoding="UTF-8"?>
<testsuite name="com.dotcms.rest.api.v1.vtl.VTLResourceIntegrationTest" tests="6" skipped="0" failures="0" errors="0" timestamp="2023-07-06T22:52:35" hostname="fv-az791-68" time="11.157">
  <properties/>
  <testcase name="testGet[0: com.dotcms.rest.api.v1.vtl.VTLResourceTestCase@7c773f6c]" classname="com.dotcms.rest.api.v1.vtl.VTLResourceIntegrationTest" time="2.186"/>
  <testcase name="testGet[1: com.dotcms.rest.api.v1.vtl.VTLResourceTestCase@29df0bbe]" classname="com.dotcms.rest.api.v1.vtl.VTLResourceIntegrationTest" time="2.051"/>
  <testcase name="testGet[2: com.dotcms.rest.api.v1.vtl.VTLResourceTestCase@2a5b1e89]" classname="com.dotcms.rest.api.v1.vtl.VTLResourceIntegrationTest" time="1.051"/>
  <testcase name="testGet[3: com.dotcms.rest.api.v1.vtl.VTLResourceTestCase@ba6cff6]" classname="com.dotcms.rest.api.v1.vtl.VTLResourceIntegrationTest" time="1.897"/>
  <testcase name="testGet[4: com.dotcms.rest.api.v1.vtl.VTLResourceTestCase@4eef1db1]" classname="com.dotcms.rest.api.v1.vtl.VTLResourceIntegrationTest" time="2.058"/>
  <testcase name="testGet[5: com.dotcms.rest.api.v1.vtl.VTLResourceTestCase@1f3c7d29]" classname="com.dotcms.rest.api.v1.vtl.VTLResourceIntegrationTest" time="1.914"/>
  <system-out><![CDATA[]]></system-out>
  <system-err><![CDATA[]]></system-err>
</testsuite>
