<?xml version="1.0" encoding="UTF-8"?>
<testsuite name="com.dotmarketing.servlets.ajax.AjaxDirectorServletIntegrationTest" tests="2" skipped="0" failures="0" errors="0" timestamp="2023-07-07T16:14:03" hostname="fv-az795-156" time="2.116">
  <properties/>
  <testcase name="testService[0: com.dotmarketing.servlets.ajax.AjaxDirectorServletTestCase@66aa4803]" classname="com.dotmarketing.servlets.ajax.AjaxDirectorServletIntegrationTest" time="1.422"/>
  <testcase name="testService[1: com.dotmarketing.servlets.ajax.AjaxDirectorServletTestCase@63258362]" classname="com.dotmarketing.servlets.ajax.AjaxDirectorServletIntegrationTest" time="0.694"/>
  <system-out><![CDATA[]]></system-out>
  <system-err><![CDATA[]]></system-err>
</testsuite>
