<?xml version="1.0" encoding="UTF-8"?>
<testsuite name="com.liferay.util.LocaleUtilTest" tests="2" skipped="0" failures="0" errors="0" timestamp="2023-07-19T19:28:44" hostname="fv-az407-374" time="0.092">
  <properties/>
  <testcase name="testFromLanguageId" classname="com.liferay.util.LocaleUtilTest" time="0.003"/>
  <testcase name="testGetLocale" classname="com.liferay.util.LocaleUtilTest" time="0.088"/>
  <system-out><![CDATA[]]></system-out>
  <system-err><![CDATA[]]></system-err>
</testsuite>
