<?xml version="1.0" encoding="UTF-8"?>
<testsuite name="com.dotmarketing.portlets.contentlet.model.IntegrationResourceLinkTest" tests="4" skipped="0" failures="0" errors="0" timestamp="2023-07-13T17:29:35" hostname="fv-az262-63" time="4.705">
  <properties/>
  <testcase name="test_newContentlet_withoutBinary_expectEmptyLink" classname="com.dotmarketing.portlets.contentlet.model.IntegrationResourceLinkTest" time="0.482"/>
  <testcase name="test_vtl_ResourceLink_WithLimitedUser_Expect_Downloadable_No_Port_Number" classname="com.dotmarketing.portlets.contentlet.model.IntegrationResourceLinkTest" time="0.933"/>
  <testcase name="test_contentletWithoutInode_expectEmptyLink" classname="com.dotmarketing.portlets.contentlet.model.IntegrationResourceLinkTest" time="2.47"/>
  <testcase name="test_Text_ResourceLink_Expect_Downloadable_No_Port_Number_Dot_Asset" classname="com.dotmarketing.portlets.contentlet.model.IntegrationResourceLinkTest" time="0.82"/>
  <system-out><![CDATA[]]></system-out>
  <system-err><![CDATA[]]></system-err>
</testsuite>
