<?xml version="1.0" encoding="UTF-8"?>
<testsuite name="com.dotcms.rest.elasticsearch.ESContentResourcePortletTest" tests="8" skipped="0" failures="0" errors="0" timestamp="2023-07-13T16:47:02" hostname="fv-az216-569" time="8.522">
  <properties/>
  <testcase name="test_search_includeGrandChildCategory_success" classname="com.dotcms.rest.elasticsearch.ESContentResourcePortletTest" time="1.846"/>
  <testcase name="testSearch[0: com.dotcms.rest.elasticsearch.ESContentResourcePortletTest$TestCase@64c5b4a]" classname="com.dotcms.rest.elasticsearch.ESContentResourcePortletTest" time="1.139"/>
  <testcase name="testSearch[1: com.dotcms.rest.elasticsearch.ESContentResourcePortletTest$TestCase@3ac03c29]" classname="com.dotcms.rest.elasticsearch.ESContentResourcePortletTest" time="0.35"/>
  <testcase name="testSearch[2: com.dotcms.rest.elasticsearch.ESContentResourcePortletTest$TestCase@397f0a3d]" classname="com.dotcms.rest.elasticsearch.ESContentResourcePortletTest" time="1.156"/>
  <testcase name="testSearch[3: com.dotcms.rest.elasticsearch.ESContentResourcePortletTest$TestCase@3f79cc45]" classname="com.dotcms.rest.elasticsearch.ESContentResourcePortletTest" time="0.331"/>
  <testcase name="testSearch[4: com.dotcms.rest.elasticsearch.ESContentResourcePortletTest$TestCase@5b8b46eb]" classname="com.dotcms.rest.elasticsearch.ESContentResourcePortletTest" time="1.406"/>
  <testcase name="testSearch[5: com.dotcms.rest.elasticsearch.ESContentResourcePortletTest$TestCase@609108c7]" classname="com.dotcms.rest.elasticsearch.ESContentResourcePortletTest" time="1.103"/>
  <testcase name="testSearch[6: com.dotcms.rest.elasticsearch.ESContentResourcePortletTest$TestCase@21fed80a]" classname="com.dotcms.rest.elasticsearch.ESContentResourcePortletTest" time="1.19"/>
  <system-out><![CDATA[]]></system-out>
  <system-err><![CDATA[]]></system-err>
</testsuite>
