<?xml version="1.0" encoding="UTF-8"?>
<testsuite name="com.dotmarketing.business.DeterministicIdentifierAPITest" tests="16" skipped="0" failures="0" errors="0" timestamp="2023-07-05T18:21:25" hostname="fv-az487-835" time="1.998">
  <properties/>
  <testcase name="Test_Category_Path_Seed_And_Id" classname="com.dotmarketing.business.DeterministicIdentifierAPITest" time="0.033"/>
  <testcase name="Test_Language_Deterministic_Id[0: LanguageTestCase{expectedSeed='Language:es:US', expectedHash=4913155, langCode='es', countryCode='US', country='United States'}]" classname="com.dotmarketing.business.DeterministicIdentifierAPITest" time="0.002"/>
  <testcase name="Test_Language_Deterministic_Id[1: LanguageTestCase{expectedSeed='Language:ep:', expectedHash=5292269, langCode='ep', countryCode='', country=''}]" classname="com.dotmarketing.business.DeterministicIdentifierAPITest" time="0.001"/>
  <testcase name="Test_Language_Deterministic_Id[2: LanguageTestCase{expectedSeed='Language:sg:SAG', expectedHash=4713118, langCode='sg', countryCode='SAG', country=''}]" classname="com.dotmarketing.business.DeterministicIdentifierAPITest" time="0.002"/>
  <testcase name="Test_Language_Deterministic_Id[3: LanguageTestCase{expectedSeed='Language:en:NZ', expectedHash=5382528, langCode='en', countryCode='NZ', country='New Zealand'}]" classname="com.dotmarketing.business.DeterministicIdentifierAPITest" time="0.001"/>
  <testcase name="Test_Category_None_Persisted_Category_Should_Return_Deterministic_Id" classname="com.dotmarketing.business.DeterministicIdentifierAPITest" time="0.002"/>
  <testcase name="Test_Asset_Generate_Deterministic_Id_Best_Effort[0: TestCase{versionable=my.host1688580843924.com, parent=System Host, expectedName='my.host1688580843924.com', expectedType='Host'}]" classname="com.dotmarketing.business.DeterministicIdentifierAPITest" time="0.004"/>
  <testcase name="Test_Asset_Generate_Deterministic_Id_Best_Effort[1: TestCase{versionable=com.dotmarketing.portlets.contentlet.model.Contentlet@4b3b2bfd[map={modDate=2023-07-05 18:14:04.375, fileName=file1813059825996508226.txt, title=file1813059825996508226.txt, inode=9f566be6-2f61-487c-9048-b2a0c7c85ae7, __IS_NEW_CONTENT__=true, disabledWYSIWYG=[], host=a6e8c2df-4b86-490a-99ac-d03f9ed1995c, stInode=33888b6f-7a8e-4069-b1b6-5c1aa9d0a48d, owner=system, identifier=d2896875-a571-4801-b88d-25156f86928f, nullProperties=[wfExpireDate, wfPublishDate, wfActionAssign, wfActionId, wfActionComments, filterKey, whereToSend, wfNeverExpire, _path_to_move, timezoneId, iWantTo, wfPublishTime, wfExpireTime], languageId=1, fileAsset=/home/runner/work/core/custom/assets/9/f/9f566be6-2f61-487c-9048-b2a0c7c85ae7/fileAsset/file1813059825996508226.txt, folder=8aa54f22-fb68-47a1-9125-b3339051cfd5, __disable_workflow__=true, sortOrder=0, modUser=system},lowIndexPriority=false,variantId=DEFAULT], parent=com.dotmarketing.portlets.folders.model.Folder@7864555[identifier=8aa54f22-fb68-47a1-9125-b3339051cfd5,name=testName1688580844364,sortOrder=0,showOnMenu=false,hostId=a6e8c2df-4b86-490a-99ac-d03f9ed1995c,type=folder,title=testTitle1688580844364,filesMasks=,defaultFileType=33888b6f-7a8e-4069-b1b6-5c1aa9d0a48d,modDate=2023-07-05 18:14:04.368,owner=&lt;null&gt;,iDate=2023-07-05 18:14:04.368,inode=8aa54f22-fb68-47a1-9125-b3339051cfd5,path=/testName1688580844364/], expectedName='file1813059825996508226.txt', expectedType='FileAsset'}]" classname="com.dotmarketing.business.DeterministicIdentifierAPITest" time="0.004"/>
  <testcase name="Test_Asset_Generate_Deterministic_Id_Best_Effort[2: TestCase{versionable=com.dotmarketing.portlets.templates.model.Template@d86c018f, parent=my.host1688580843924.com, expectedName='testTitle1688580844500', expectedType='Template'}]" classname="com.dotmarketing.business.DeterministicIdentifierAPITest" time="0.004"/>
  <testcase name="Test_Asset_Generate_Deterministic_Id_Best_Effort[3: TestCase{versionable=com.dotmarketing.portlets.htmlpageasset.model.HTMLPageAsset@68ddde94[map={template=f721a2f5-1a77-4260-a36b-c8d909ab0b14, owner=system, identifier=2f7873dd-051f-4d94-bd45-c25e39e4e168, nullProperties=[wfExpireDate, wfPublishDate, wfActionAssign, wfActionId, wfActionComments, filterKey, whereToSend, wfNeverExpire, _path_to_move, timezoneId, iWantTo, wfPublishTime, wfExpireTime], modDate=2023-07-05 18:14:04.523, cachettl=0, _is_test_mode=true, languageId=1, title=test-page-title-1688580844518, httpsreq=, url=test-page-url-1688580844518, showOnMenu=, inode=a1fdb580-e27a-4291-9eac-badf95c875ab, folder=8aa54f22-fb68-47a1-9125-b3339051cfd5, disabledWYSIWYG=[], sortOrder=1, modUser=system, host=a6e8c2df-4b86-490a-99ac-d03f9ed1995c, stInode=c541abb1-69b3-4bc5-8430-5e09e5239cc8, friendlyName=test-page-friendly-name-1688580844518},lowIndexPriority=false,variantId=DEFAULT], parent=com.dotmarketing.portlets.folders.model.Folder@7864555[identifier=8aa54f22-fb68-47a1-9125-b3339051cfd5,name=testName1688580844364,sortOrder=0,showOnMenu=false,hostId=a6e8c2df-4b86-490a-99ac-d03f9ed1995c,type=folder,title=testTitle1688580844364,filesMasks=,defaultFileType=33888b6f-7a8e-4069-b1b6-5c1aa9d0a48d,modDate=2023-07-05 18:14:04.368,owner=&lt;null&gt;,iDate=2023-07-05 18:14:04.368,inode=8aa54f22-fb68-47a1-9125-b3339051cfd5,path=/testName1688580844364/], expectedName='test-page-url-1688580844518', expectedType='htmlpageasset'}]" classname="com.dotmarketing.business.DeterministicIdentifierAPITest" time="0.003"/>
  <testcase name="Test_Asset_Generate_Deterministic_Id_Best_Effort[4: TestCase{versionable=com.dotmarketing.portlets.contentlet.model.Contentlet@10e6b996[map={fileAsset2=/home/runner/work/core/custom/assets/b/7/b7adfa87-4e8f-4040-87ba-5687ffb4471f/fileAsset2/test_binary1688580846413.png, modDate=2023-07-05 18:14:06.419, fileAsset1=/home/runner/work/core/custom/assets/b/7/b7adfa87-4e8f-4040-87ba-5687ffb4471f/fileAsset1/test_binary1688580846412.jpg, title=blah, inode=b7adfa87-4e8f-4040-87ba-5687ffb4471f, __IS_NEW_CONTENT__=true, disabledWYSIWYG=[], host=48190c8c-42c4-46af-8d1a-0cd5db894797, stInode=16e19292-ca5c-4eae-971f-130a9bacba1e, owner=system, identifier=afe63923-6454-4a6e-b195-44d44f68f708, nullProperties=[], languageId=1, image1=baf065f4-e025-4074-a3f7-0e018a2d90a4, folder=SYSTEM_FOLDER, __disable_workflow__=true, sortOrder=0, modUser=system},lowIndexPriority=false,variantId=DEFAULT], parent=demo.dotcms.com, expectedName='test_binary1688580846412.jpg:test_binary1688580846413.png', expectedType='MultipleBinaries1688580844718'}]" classname="com.dotmarketing.business.DeterministicIdentifierAPITest" time="0.004"/>
  <testcase name="Test_Asset_Generate_Deterministic_Id_Best_Effort[5: TestCase{versionable=namefcc2833dc0 : keyTagfcc2833dc0, parent=my.host1688580843924.com, expectedName='keyTagfcc2833dc0', expectedType='persona'}]" classname="com.dotmarketing.business.DeterministicIdentifierAPITest" time="0.004"/>
  <testcase name="Test_Similar_Content_Type_Wont_Clash" classname="com.dotmarketing.business.DeterministicIdentifierAPITest" time="0.637"/>
  <testcase name="Test_Generate_Folder_Identifier" classname="com.dotmarketing.business.DeterministicIdentifierAPITest" time="1.274"/>
  <testcase name="Test_Generate_Content_Type_Identifier[0: ContentTypeTestCase{contentType=KeyValueContentType{name=Language Variable, id=f4d7c1b8-2c88-4071-abf1-a5328977b07d, description=Default Content Type for Language Variables, defaultType=false, fixed=true, iDate=Thu Aug 31 16:38:49 UTC 2017, system=true, versionable=true, variable=Languagevariable, modDate=Wed Jul 05 16:58:12 UTC 2023, host=SYSTEM_HOST, siteName=systemHost, icon=language, sortOrder=0, folder=SYSTEM_FOLDER, folderPath=/, markedForDeletion=true, multilingualable=false}, expectedName='Languagevariable', expectedType='KeyValue'}]" classname="com.dotmarketing.business.DeterministicIdentifierAPITest" time="0.01"/>
  <testcase name="Test_Generate_Content_Type_Identifier[1: ContentTypeTestCase{contentType=SimpleContentType{name=testName1688580846979, id=e4432966-deff-49ca-9dde-449467acee1a, description=testDescription1688580846979, defaultType=false, fixed=false, iDate=Wed Jul 05 18:14:06 UTC 2023, system=false, versionable=true, multilingualable=false, variable=testVarname1688580846979, owner=system, modDate=Wed Jul 05 18:14:08 UTC 2023, host=48190c8c-42c4-46af-8d1a-0cd5db894797, siteName=demo.dotcms.com, icon=event_note, sortOrder=0, folder=SYSTEM_FOLDER, folderPath=/, requiredFields=[], markedForDeletion=false}, expectedName='testVarname1688580846979', expectedType='CONTENT'}]" classname="com.dotmarketing.business.DeterministicIdentifierAPITest" time="0.01"/>
  <system-out><![CDATA[]]></system-out>
  <system-err><![CDATA[]]></system-err>
</testsuite>
