<?xml version="1.0" encoding="UTF-8"?>
<testsuite name="com.dotcms.rest.TagResourceIntegrationTest" tests="4" skipped="0" failures="0" errors="0" timestamp="2023-06-27T15:45:54" hostname="fv-az343-524" time="0.362">
  <properties/>
  <testcase name="testList[0: com.dotcms.rest.TagResourceTestCase@3e618a9d]" classname="com.dotcms.rest.TagResourceIntegrationTest" time="0.275"/>
  <testcase name="testList[1: com.dotcms.rest.TagResourceTestCase@4a529ae0]" classname="com.dotcms.rest.TagResourceIntegrationTest" time="0.031"/>
  <testcase name="testList[2: com.dotcms.rest.TagResourceTestCase@652ddd8c]" classname="com.dotcms.rest.TagResourceIntegrationTest" time="0.025"/>
  <testcase name="testList[3: com.dotcms.rest.TagResourceTestCase@2d1039cf]" classname="com.dotcms.rest.TagResourceIntegrationTest" time="0.03"/>
  <system-out><![CDATA[]]></system-out>
  <system-err><![CDATA[Jun 27, 2023 3:45:54 PM com.dotcms.repackage.org.hibernate.validator.internal.util.Version <clinit>
INFO: HV000001: Hibernate Validator 4.3.2.Final
]]></system-err>
</testsuite>
