<?xml version="1.0" encoding="UTF-8"?>
<testsuite name="com.dotmarketing.portlets.contentlet.transform.ContentletTransformerTest" tests="23" skipped="0" failures="0" errors="0" timestamp="2023-06-26T19:30:53" hostname="fv-az1114-884" time="13.317">
  <properties/>
  <testcase name="Test_DotAsset_FileAsset_Pushed_Back_into_Transformer" classname="com.dotmarketing.portlets.contentlet.transform.ContentletTransformerTest" time="1.273"/>
  <testcase name="Test_Hydrate_Contentlet_WithUrl" classname="com.dotmarketing.portlets.contentlet.transform.ContentletTransformerTest" time="0.858"/>
  <testcase name="Transformer_Backwards_Compatibility_Test[0: CompatibilityTestCase{baseContentType=ANY}]" classname="com.dotmarketing.portlets.contentlet.transform.ContentletTransformerTest" time="0.0"/>
  <testcase name="Transformer_Backwards_Compatibility_Test[1: CompatibilityTestCase{baseContentType=CONTENT}]" classname="com.dotmarketing.portlets.contentlet.transform.ContentletTransformerTest" time="0.337"/>
  <testcase name="Transformer_Backwards_Compatibility_Test[2: CompatibilityTestCase{baseContentType=WIDGET}]" classname="com.dotmarketing.portlets.contentlet.transform.ContentletTransformerTest" time="0.086"/>
  <testcase name="Transformer_Backwards_Compatibility_Test[3: CompatibilityTestCase{baseContentType=FORM}]" classname="com.dotmarketing.portlets.contentlet.transform.ContentletTransformerTest" time="0.0"/>
  <testcase name="Transformer_Backwards_Compatibility_Test[4: CompatibilityTestCase{baseContentType=FILEASSET}]" classname="com.dotmarketing.portlets.contentlet.transform.ContentletTransformerTest" time="0.132"/>
  <testcase name="Transformer_Backwards_Compatibility_Test[5: CompatibilityTestCase{baseContentType=HTMLPAGE}]" classname="com.dotmarketing.portlets.contentlet.transform.ContentletTransformerTest" time="0.13"/>
  <testcase name="Transformer_Backwards_Compatibility_Test[6: CompatibilityTestCase{baseContentType=PERSONA}]" classname="com.dotmarketing.portlets.contentlet.transform.ContentletTransformerTest" time="0.001"/>
  <testcase name="Transformer_Backwards_Compatibility_Test[7: CompatibilityTestCase{baseContentType=VANITY_URL}]" classname="com.dotmarketing.portlets.contentlet.transform.ContentletTransformerTest" time="0.0"/>
  <testcase name="Transformer_Backwards_Compatibility_Test[8: CompatibilityTestCase{baseContentType=KEY_VALUE}]" classname="com.dotmarketing.portlets.contentlet.transform.ContentletTransformerTest" time="0.001"/>
  <testcase name="Test_Contentlet_To_Map_View_For_FileAsset" classname="com.dotmarketing.portlets.contentlet.transform.ContentletTransformerTest" time="0.24"/>
  <testcase name="Test_Constant_fields_are_in_map" classname="com.dotmarketing.portlets.contentlet.transform.ContentletTransformerTest" time="1.775"/>
  <testcase name="Transformer_Simple_Test" classname="com.dotmarketing.portlets.contentlet.transform.ContentletTransformerTest" time="0.064"/>
  <testcase name="Transformer_content_Resource_Date_Formats_Test" classname="com.dotmarketing.portlets.contentlet.transform.ContentletTransformerTest" time="3.945"/>
  <testcase name="Test_Serialize_Contentlet_Then_Recover_Then_Transform[0: com.dotmarketing.portlets.contentlet.transform.ContentletTransformerTest$SerializationTestCase@7f2f19ca]" classname="com.dotmarketing.portlets.contentlet.transform.ContentletTransformerTest" time="0.012"/>
  <testcase name="Test_Serialize_Contentlet_Then_Recover_Then_Transform[1: com.dotmarketing.portlets.contentlet.transform.ContentletTransformerTest$SerializationTestCase@28168a55]" classname="com.dotmarketing.portlets.contentlet.transform.ContentletTransformerTest" time="0.009"/>
  <testcase name="Test_Serialize_Contentlet_Then_Recover_Then_Transform[2: com.dotmarketing.portlets.contentlet.transform.ContentletTransformerTest$SerializationTestCase@24a7e195]" classname="com.dotmarketing.portlets.contentlet.transform.ContentletTransformerTest" time="0.013"/>
  <testcase name="Test_Serialize_Contentlet_Then_Recover_Then_Transform[3: com.dotmarketing.portlets.contentlet.transform.ContentletTransformerTest$SerializationTestCase@563407f0]" classname="com.dotmarketing.portlets.contentlet.transform.ContentletTransformerTest" time="0.006"/>
  <testcase name="Test_Serialize_Contentlet_Then_Recover_Then_Transform[4: com.dotmarketing.portlets.contentlet.transform.ContentletTransformerTest$SerializationTestCase@5152a5b5]" classname="com.dotmarketing.portlets.contentlet.transform.ContentletTransformerTest" time="0.006"/>
  <testcase name="Test_Hydrate_Contentlet_Without_Url_And_AssetName_Does_Not_Exist" classname="com.dotmarketing.portlets.contentlet.transform.ContentletTransformerTest" time="0.877"/>
  <testcase name="Test_Hydrate_Contentlet_Without_Url" classname="com.dotmarketing.portlets.contentlet.transform.ContentletTransformerTest" time="0.87"/>
  <testcase name="Test_Null_Value_On_Category" classname="com.dotmarketing.portlets.contentlet.transform.ContentletTransformerTest" time="2.681"/>
  <system-out><![CDATA[]]></system-out>
  <system-err><![CDATA[]]></system-err>
</testsuite>
