<?xml version="1.0" encoding="UTF-8"?>
<testsuite name="com.dotcms.rest.TagResourceIntegrationTest" tests="4" skipped="0" failures="0" errors="0" timestamp="2023-07-03T21:20:52" hostname="fv-az351-989" time="0.343">
  <properties/>
  <testcase name="testList[0: com.dotcms.rest.TagResourceTestCase@2ff62150]" classname="com.dotcms.rest.TagResourceIntegrationTest" time="0.255"/>
  <testcase name="testList[1: com.dotcms.rest.TagResourceTestCase@5394e854]" classname="com.dotcms.rest.TagResourceIntegrationTest" time="0.028"/>
  <testcase name="testList[2: com.dotcms.rest.TagResourceTestCase@109abf9e]" classname="com.dotcms.rest.TagResourceIntegrationTest" time="0.031"/>
  <testcase name="testList[3: com.dotcms.rest.TagResourceTestCase@1d665ad0]" classname="com.dotcms.rest.TagResourceIntegrationTest" time="0.028"/>
  <system-out><![CDATA[]]></system-out>
  <system-err><![CDATA[Jul 03, 2023 9:20:52 PM com.dotcms.repackage.org.hibernate.validator.internal.util.Version <clinit>
INFO: HV000001: Hibernate Validator 4.3.2.Final
]]></system-err>
</testsuite>
