<?xml version="1.0" encoding="UTF-8"?>
<testsuite name="com.dotmarketing.business.DeterministicIdentifierAPITest" tests="16" skipped="0" failures="0" errors="0" timestamp="2023-06-26T20:02:13" hostname="fv-az404-370" time="0.74">
  <properties/>
  <testcase name="Test_Category_Path_Seed_And_Id" classname="com.dotmarketing.business.DeterministicIdentifierAPITest" time="0.02"/>
  <testcase name="Test_Language_Deterministic_Id[0: LanguageTestCase{expectedSeed='Language:es:US', expectedHash=4913155, langCode='es', countryCode='US', country='United States'}]" classname="com.dotmarketing.business.DeterministicIdentifierAPITest" time="0.001"/>
  <testcase name="Test_Language_Deterministic_Id[1: LanguageTestCase{expectedSeed='Language:ep:', expectedHash=5292269, langCode='ep', countryCode='', country=''}]" classname="com.dotmarketing.business.DeterministicIdentifierAPITest" time="0.001"/>
  <testcase name="Test_Language_Deterministic_Id[2: LanguageTestCase{expectedSeed='Language:sg:SAG', expectedHash=4713118, langCode='sg', countryCode='SAG', country=''}]" classname="com.dotmarketing.business.DeterministicIdentifierAPITest" time="0.001"/>
  <testcase name="Test_Language_Deterministic_Id[3: LanguageTestCase{expectedSeed='Language:en:NZ', expectedHash=5382528, langCode='en', countryCode='NZ', country='New Zealand'}]" classname="com.dotmarketing.business.DeterministicIdentifierAPITest" time="0.001"/>
  <testcase name="Test_Category_None_Persisted_Category_Should_Return_Deterministic_Id" classname="com.dotmarketing.business.DeterministicIdentifierAPITest" time="0.001"/>
  <testcase name="Test_Asset_Generate_Deterministic_Id_Best_Effort[0: TestCase{versionable=my.host1687804219245.com, parent=System Host, expectedName='my.host1687804219245.com', expectedType='Host'}]" classname="com.dotmarketing.business.DeterministicIdentifierAPITest" time="0.003"/>
  <testcase name="Test_Asset_Generate_Deterministic_Id_Best_Effort[1: TestCase{versionable=com.dotmarketing.portlets.contentlet.model.Contentlet@79bb5023[map={modDate=2023-06-26 18:30:20.363, fileName=file4286612051088124906.txt, title=file4286612051088124906.txt, inode=b2133fc1-7c1e-41e2-84d4-145baae11c90, __IS_NEW_CONTENT__=true, disabledWYSIWYG=[], host=41520a56-e444-4f45-95e4-a90c2b5e4c6a, stInode=33888b6f-7a8e-4069-b1b6-5c1aa9d0a48d, owner=system, identifier=20df68b2-9066-43f6-85a4-a576070351db, nullProperties=[wfExpireDate, wfPublishDate, wfActionAssign, wfActionId, wfActionComments, filterKey, whereToSend, wfNeverExpire, _path_to_move, timezoneId, iWantTo, wfPublishTime, wfExpireTime], languageId=1, fileAsset=/home/runner/work/core/custom/assets/b/2/b2133fc1-7c1e-41e2-84d4-145baae11c90/fileAsset/file4286612051088124906.txt, folder=d3ba8576-d339-4b6f-b38a-03939153be28, __disable_workflow__=true, sortOrder=0, modUser=system},lowIndexPriority=false,variantId=DEFAULT], parent=com.dotmarketing.portlets.folders.model.Folder@6835307d[identifier=d3ba8576-d339-4b6f-b38a-03939153be28,name=testName1687804220355,sortOrder=0,showOnMenu=false,hostId=41520a56-e444-4f45-95e4-a90c2b5e4c6a,type=folder,title=testTitle1687804220355,filesMasks=,defaultFileType=33888b6f-7a8e-4069-b1b6-5c1aa9d0a48d,modDate=2023-06-26 18:30:20.359,owner=&lt;null&gt;,iDate=2023-06-26 18:30:20.359,inode=d3ba8576-d339-4b6f-b38a-03939153be28,path=/testName1687804220355/], expectedName='file4286612051088124906.txt', expectedType='FileAsset'}]" classname="com.dotmarketing.business.DeterministicIdentifierAPITest" time="0.003"/>
  <testcase name="Test_Asset_Generate_Deterministic_Id_Best_Effort[2: TestCase{versionable=com.dotmarketing.portlets.templates.model.Template@94f6aff9, parent=my.host1687804219245.com, expectedName='testTitle1687804220436', expectedType='Template'}]" classname="com.dotmarketing.business.DeterministicIdentifierAPITest" time="0.002"/>
  <testcase name="Test_Asset_Generate_Deterministic_Id_Best_Effort[3: TestCase{versionable=com.dotmarketing.portlets.htmlpageasset.model.HTMLPageAsset@739fa34e[map={template=c14fbde0-45e9-40fb-809a-15345ba0caf9, owner=system, identifier=b5db55d2-baaa-49b6-bb1e-9857dae61488, nullProperties=[wfExpireDate, wfPublishDate, wfActionAssign, wfActionId, wfActionComments, filterKey, whereToSend, wfNeverExpire, _path_to_move, timezoneId, iWantTo, wfPublishTime, wfExpireTime], modDate=2023-06-26 18:30:20.464, cachettl=0, _is_test_mode=true, languageId=1, title=test-page-title-1687804220451, httpsreq=, url=test-page-url-1687804220451, showOnMenu=, inode=ecc6c751-c134-4365-aeac-f971c0a91c77, folder=d3ba8576-d339-4b6f-b38a-03939153be28, disabledWYSIWYG=[], sortOrder=1, modUser=system, host=41520a56-e444-4f45-95e4-a90c2b5e4c6a, stInode=c541abb1-69b3-4bc5-8430-5e09e5239cc8, friendlyName=test-page-friendly-name-1687804220451},lowIndexPriority=false,variantId=DEFAULT], parent=com.dotmarketing.portlets.folders.model.Folder@6835307d[identifier=d3ba8576-d339-4b6f-b38a-03939153be28,name=testName1687804220355,sortOrder=0,showOnMenu=false,hostId=41520a56-e444-4f45-95e4-a90c2b5e4c6a,type=folder,title=testTitle1687804220355,filesMasks=,defaultFileType=33888b6f-7a8e-4069-b1b6-5c1aa9d0a48d,modDate=2023-06-26 18:30:20.359,owner=&lt;null&gt;,iDate=2023-06-26 18:30:20.359,inode=d3ba8576-d339-4b6f-b38a-03939153be28,path=/testName1687804220355/], expectedName='test-page-url-1687804220451', expectedType='htmlpageasset'}]" classname="com.dotmarketing.business.DeterministicIdentifierAPITest" time="0.002"/>
  <testcase name="Test_Asset_Generate_Deterministic_Id_Best_Effort[4: TestCase{versionable=com.dotmarketing.portlets.contentlet.model.Contentlet@12a9f71a[map={fileAsset2=/home/runner/work/core/custom/assets/e/8/e8d963bb-449c-4c25-8b66-f7df0e9d1980/fileAsset2/test_binary1687804221330.png, modDate=2023-06-26 18:30:21.337, fileAsset1=/home/runner/work/core/custom/assets/e/8/e8d963bb-449c-4c25-8b66-f7df0e9d1980/fileAsset1/test_binary1687804221330.jpg, title=blah, inode=e8d963bb-449c-4c25-8b66-f7df0e9d1980, __IS_NEW_CONTENT__=true, disabledWYSIWYG=[], host=8a7d5e23-da1e-420a-b4f0-471e7da8ea2d, stInode=2ba6e46b-afa9-47db-bd4c-3c98d73942c1, owner=system, identifier=5b7ef514-4070-40a2-9ad9-ecb2dbdc2a55, nullProperties=[], languageId=1, image1=68c555bb-cbf7-4a83-9338-e751d250d629, folder=SYSTEM_FOLDER, __disable_workflow__=true, sortOrder=0, modUser=system},lowIndexPriority=false,variantId=DEFAULT], parent=default, expectedName='test_binary1687804221330.jpg:test_binary1687804221330.png', expectedType='MultipleBinaries1687804220650'}]" classname="com.dotmarketing.business.DeterministicIdentifierAPITest" time="0.006"/>
  <testcase name="Test_Asset_Generate_Deterministic_Id_Best_Effort[5: TestCase{versionable=namef10a5b744f : keyTagf10a5b744f, parent=my.host1687804219245.com, expectedName='keyTagf10a5b744f', expectedType='persona'}]" classname="com.dotmarketing.business.DeterministicIdentifierAPITest" time="0.005"/>
  <testcase name="Test_Similar_Content_Type_Wont_Clash" classname="com.dotmarketing.business.DeterministicIdentifierAPITest" time="0.425"/>
  <testcase name="Test_Generate_Folder_Identifier" classname="com.dotmarketing.business.DeterministicIdentifierAPITest" time="0.257"/>
  <testcase name="Test_Generate_Content_Type_Identifier[0: ContentTypeTestCase{contentType=KeyValueContentType{name=Language Variable, id=f4d7c1b8-2c88-4071-abf1-a5328977b07d, description=Default Content Type for Language Variables, defaultType=false, fixed=true, iDate=Thu Aug 31 16:38:49 UTC 2017, system=true, versionable=true, variable=Languagevariable, modDate=Mon Jun 26 18:27:00 UTC 2023, host=SYSTEM_HOST, siteName=systemHost, icon=language, sortOrder=0, folder=SYSTEM_FOLDER, folderPath=/, markedForDeletion=false, multilingualable=false}, expectedName='Languagevariable', expectedType='KeyValue'}]" classname="com.dotmarketing.business.DeterministicIdentifierAPITest" time="0.005"/>
  <testcase name="Test_Generate_Content_Type_Identifier[1: ContentTypeTestCase{contentType=SimpleContentType{name=testName1687804221619, id=3836c25b-7cab-4eab-8c53-eaa49d53dd55, description=testDescription1687804221619, defaultType=false, fixed=false, iDate=Mon Jun 26 18:30:21 UTC 2023, system=false, versionable=true, multilingualable=false, variable=testVarname1687804221619, owner=system, modDate=Mon Jun 26 18:30:22 UTC 2023, host=8a7d5e23-da1e-420a-b4f0-471e7da8ea2d, siteName=default, icon=event_note, sortOrder=0, folder=SYSTEM_FOLDER, folderPath=/, requiredFields=[], markedForDeletion=false}, expectedName='testVarname1687804221619', expectedType='CONTENT'}]" classname="com.dotmarketing.business.DeterministicIdentifierAPITest" time="0.004"/>
  <system-out><![CDATA[]]></system-out>
  <system-err><![CDATA[]]></system-err>
</testsuite>
