<?xml version="1.0" encoding="UTF-8"?>
<testsuite name="com.dotcms.rest.api.v1.vtl.VTLResourceIntegrationTest" tests="6" skipped="0" failures="0" errors="0" timestamp="2023-06-26T16:12:49" hostname="fv-az455-440" time="12.146">
  <properties/>
  <testcase name="testGet[0: com.dotcms.rest.api.v1.vtl.VTLResourceTestCase@669b0632]" classname="com.dotcms.rest.api.v1.vtl.VTLResourceIntegrationTest" time="2.287"/>
  <testcase name="testGet[1: com.dotcms.rest.api.v1.vtl.VTLResourceTestCase@7f246a66]" classname="com.dotcms.rest.api.v1.vtl.VTLResourceIntegrationTest" time="1.975"/>
  <testcase name="testGet[2: com.dotcms.rest.api.v1.vtl.VTLResourceTestCase@4b5453d4]" classname="com.dotcms.rest.api.v1.vtl.VTLResourceIntegrationTest" time="1.922"/>
  <testcase name="testGet[3: com.dotcms.rest.api.v1.vtl.VTLResourceTestCase@5b0d1f6c]" classname="com.dotcms.rest.api.v1.vtl.VTLResourceIntegrationTest" time="1.988"/>
  <testcase name="testGet[4: com.dotcms.rest.api.v1.vtl.VTLResourceTestCase@651938a9]" classname="com.dotcms.rest.api.v1.vtl.VTLResourceIntegrationTest" time="1.879"/>
  <testcase name="testGet[5: com.dotcms.rest.api.v1.vtl.VTLResourceTestCase@39321936]" classname="com.dotcms.rest.api.v1.vtl.VTLResourceIntegrationTest" time="2.094"/>
  <system-out><![CDATA[]]></system-out>
  <system-err><![CDATA[]]></system-err>
</testsuite>
