<?xml version="1.0" encoding="UTF-8"?>
<testsuite name="com.dotcms.rest.elasticsearch.ESContentResourcePortletTest" tests="8" skipped="0" failures="0" errors="0" timestamp="2023-07-07T21:49:46" hostname="fv-az563-341" time="8.915">
  <properties/>
  <testcase name="test_search_includeGrandChildCategory_success" classname="com.dotcms.rest.elasticsearch.ESContentResourcePortletTest" time="1.622"/>
  <testcase name="testSearch[0: com.dotcms.rest.elasticsearch.ESContentResourcePortletTest$TestCase@6f6582a1]" classname="com.dotcms.rest.elasticsearch.ESContentResourcePortletTest" time="1.091"/>
  <testcase name="testSearch[1: com.dotcms.rest.elasticsearch.ESContentResourcePortletTest$TestCase@31226eb7]" classname="com.dotcms.rest.elasticsearch.ESContentResourcePortletTest" time="0.315"/>
  <testcase name="testSearch[2: com.dotcms.rest.elasticsearch.ESContentResourcePortletTest$TestCase@e5dd4cd]" classname="com.dotcms.rest.elasticsearch.ESContentResourcePortletTest" time="1.174"/>
  <testcase name="testSearch[3: com.dotcms.rest.elasticsearch.ESContentResourcePortletTest$TestCase@1ce73d8c]" classname="com.dotcms.rest.elasticsearch.ESContentResourcePortletTest" time="1.279"/>
  <testcase name="testSearch[4: com.dotcms.rest.elasticsearch.ESContentResourcePortletTest$TestCase@5fd4d43b]" classname="com.dotcms.rest.elasticsearch.ESContentResourcePortletTest" time="1.319"/>
  <testcase name="testSearch[5: com.dotcms.rest.elasticsearch.ESContentResourcePortletTest$TestCase@7d214ea0]" classname="com.dotcms.rest.elasticsearch.ESContentResourcePortletTest" time="1.067"/>
  <testcase name="testSearch[6: com.dotcms.rest.elasticsearch.ESContentResourcePortletTest$TestCase@1d3a0675]" classname="com.dotcms.rest.elasticsearch.ESContentResourcePortletTest" time="1.042"/>
  <system-out><![CDATA[]]></system-out>
  <system-err><![CDATA[]]></system-err>
</testsuite>
