<?xml version="1.0" encoding="UTF-8"?>
<testsuite name="com.dotmarketing.business.DeterministicIdentifierAPITest" tests="16" skipped="0" failures="0" errors="0" timestamp="2023-07-20T18:33:02" hostname="fv-az574-670" time="1.753">
  <properties/>
  <testcase name="Test_Category_Path_Seed_And_Id" classname="com.dotmarketing.business.DeterministicIdentifierAPITest" time="0.032"/>
  <testcase name="Test_Language_Deterministic_Id[0: LanguageTestCase{expectedSeed='Language:es:US', expectedHash=4913155, langCode='es', countryCode='US', country='United States'}]" classname="com.dotmarketing.business.DeterministicIdentifierAPITest" time="0.001"/>
  <testcase name="Test_Language_Deterministic_Id[1: LanguageTestCase{expectedSeed='Language:ep:', expectedHash=5292269, langCode='ep', countryCode='', country=''}]" classname="com.dotmarketing.business.DeterministicIdentifierAPITest" time="0.001"/>
  <testcase name="Test_Language_Deterministic_Id[2: LanguageTestCase{expectedSeed='Language:sg:SAG', expectedHash=4713118, langCode='sg', countryCode='SAG', country=''}]" classname="com.dotmarketing.business.DeterministicIdentifierAPITest" time="0.002"/>
  <testcase name="Test_Language_Deterministic_Id[3: LanguageTestCase{expectedSeed='Language:en:NZ', expectedHash=5382528, langCode='en', countryCode='NZ', country='New Zealand'}]" classname="com.dotmarketing.business.DeterministicIdentifierAPITest" time="0.002"/>
  <testcase name="Test_Category_None_Persisted_Category_Should_Return_Deterministic_Id" classname="com.dotmarketing.business.DeterministicIdentifierAPITest" time="0.002"/>
  <testcase name="Test_Asset_Generate_Deterministic_Id_Best_Effort[0: TestCase{versionable=my.host1689877560117.com, parent=System Host, expectedName='my.host1689877560117.com', expectedType='Host'}]" classname="com.dotmarketing.business.DeterministicIdentifierAPITest" time="0.005"/>
  <testcase name="Test_Asset_Generate_Deterministic_Id_Best_Effort[1: TestCase{versionable=com.dotmarketing.portlets.contentlet.model.Contentlet@4649da37[map={modDate=2023-07-20 18:26:00.718, fileName=file3825139053123888754.txt, title=file3825139053123888754.txt, inode=4edc3e86-67cd-43f5-ae1e-930145317a83, __IS_NEW_CONTENT__=true, disabledWYSIWYG=[], host=efa2fd54-9efe-4cd7-bbb0-460773dd2fe4, stInode=33888b6f-7a8e-4069-b1b6-5c1aa9d0a48d, owner=system, identifier=61552839-8ca4-4c43-92d4-21dced9f5f6a, nullProperties=[wfExpireDate, wfPublishDate, wfActionAssign, wfActionId, wfActionComments, filterKey, whereToSend, wfNeverExpire, _path_to_move, timezoneId, iWantTo, wfPublishTime, wfExpireTime], languageId=1, fileAsset=/home/runner/work/core/custom/assets/4/e/4edc3e86-67cd-43f5-ae1e-930145317a83/fileAsset/file3825139053123888754.txt, folder=45d84503-f340-4066-bcac-40ffabd8a062, __disable_workflow__=true, sortOrder=0, modUser=system},lowIndexPriority=false,variantId=DEFAULT], parent=com.dotmarketing.portlets.folders.model.Folder@5c042fa8[identifier=45d84503-f340-4066-bcac-40ffabd8a062,name=testName1689877560710,sortOrder=0,showOnMenu=false,hostId=efa2fd54-9efe-4cd7-bbb0-460773dd2fe4,type=folder,title=testTitle1689877560710,filesMasks=,defaultFileType=33888b6f-7a8e-4069-b1b6-5c1aa9d0a48d,modDate=2023-07-20 18:26:00.713,owner=&lt;null&gt;,iDate=2023-07-20 18:26:00.713,inode=45d84503-f340-4066-bcac-40ffabd8a062,path=/testName1689877560710/], expectedName='file3825139053123888754.txt', expectedType='FileAsset'}]" classname="com.dotmarketing.business.DeterministicIdentifierAPITest" time="0.004"/>
  <testcase name="Test_Asset_Generate_Deterministic_Id_Best_Effort[2: TestCase{versionable=com.dotmarketing.portlets.templates.model.Template@67982d07, parent=my.host1689877560117.com, expectedName='testTitle1689877560835', expectedType='Template'}]" classname="com.dotmarketing.business.DeterministicIdentifierAPITest" time="0.004"/>
  <testcase name="Test_Asset_Generate_Deterministic_Id_Best_Effort[3: TestCase{versionable=com.dotmarketing.portlets.htmlpageasset.model.HTMLPageAsset@6943e80f[map={template=7ce8377c-0026-49d3-9eb0-5ca253e144da, owner=system, identifier=d969fd27-459b-4ce1-9dae-2e23407b81e4, nullProperties=[wfExpireDate, wfPublishDate, wfActionAssign, wfActionId, wfActionComments, filterKey, whereToSend, wfNeverExpire, _path_to_move, timezoneId, iWantTo, wfPublishTime, wfExpireTime], modDate=2023-07-20 18:26:00.854, cachettl=0, _is_test_mode=true, languageId=1, title=test-page-title-1689877560849, httpsreq=, url=test-page-url-1689877560849, showOnMenu=, inode=9e256c6a-f8d0-4d29-9ba1-512e76f4c3f6, folder=45d84503-f340-4066-bcac-40ffabd8a062, disabledWYSIWYG=[], sortOrder=1, modUser=system, host=efa2fd54-9efe-4cd7-bbb0-460773dd2fe4, stInode=c541abb1-69b3-4bc5-8430-5e09e5239cc8, friendlyName=test-page-friendly-name-1689877560849},lowIndexPriority=false,variantId=DEFAULT], parent=com.dotmarketing.portlets.folders.model.Folder@5c042fa8[identifier=45d84503-f340-4066-bcac-40ffabd8a062,name=testName1689877560710,sortOrder=0,showOnMenu=false,hostId=efa2fd54-9efe-4cd7-bbb0-460773dd2fe4,type=folder,title=testTitle1689877560710,filesMasks=,defaultFileType=33888b6f-7a8e-4069-b1b6-5c1aa9d0a48d,modDate=2023-07-20 18:26:00.713,owner=&lt;null&gt;,iDate=2023-07-20 18:26:00.713,inode=45d84503-f340-4066-bcac-40ffabd8a062,path=/testName1689877560710/], expectedName='test-page-url-1689877560849', expectedType='htmlpageasset'}]" classname="com.dotmarketing.business.DeterministicIdentifierAPITest" time="0.004"/>
  <testcase name="Test_Asset_Generate_Deterministic_Id_Best_Effort[4: TestCase{versionable=com.dotmarketing.portlets.contentlet.model.Contentlet@65e15a2b[map={fileAsset2=/home/runner/work/core/custom/assets/6/7/671a2417-6126-42e5-8a37-86cc7d1dcb4c/fileAsset2/test_binary1689877562755.png, modDate=2023-07-20 18:26:02.761, fileAsset1=/home/runner/work/core/custom/assets/6/7/671a2417-6126-42e5-8a37-86cc7d1dcb4c/fileAsset1/test_binary1689877562754.jpg, title=blah, inode=671a2417-6126-42e5-8a37-86cc7d1dcb4c, __IS_NEW_CONTENT__=true, disabledWYSIWYG=[], host=48190c8c-42c4-46af-8d1a-0cd5db894797, stInode=def5d417-5b73-4b90-b1a4-8181b0a25894, owner=system, identifier=daa923c2-7c4b-4e25-9893-f345e6af1c1e, nullProperties=[], languageId=1, image1=fc449528-6e84-4054-bd28-36be1727bbe4, folder=SYSTEM_FOLDER, __disable_workflow__=true, sortOrder=0, modUser=system},lowIndexPriority=false,variantId=DEFAULT], parent=demo.dotcms.com, expectedName='test_binary1689877562754.jpg:test_binary1689877562755.png', expectedType='MultipleBinaries1689877561184'}]" classname="com.dotmarketing.business.DeterministicIdentifierAPITest" time="0.004"/>
  <testcase name="Test_Asset_Generate_Deterministic_Id_Best_Effort[5: TestCase{versionable=namef20701ef21 : keyTagf20701ef21, parent=my.host1689877560117.com, expectedName='keyTagf20701ef21', expectedType='persona'}]" classname="com.dotmarketing.business.DeterministicIdentifierAPITest" time="0.004"/>
  <testcase name="Test_Similar_Content_Type_Wont_Clash" classname="com.dotmarketing.business.DeterministicIdentifierAPITest" time="0.734"/>
  <testcase name="Test_Generate_Folder_Identifier" classname="com.dotmarketing.business.DeterministicIdentifierAPITest" time="0.931"/>
  <testcase name="Test_Generate_Content_Type_Identifier[0: ContentTypeTestCase{contentType=KeyValueContentType{name=Language Variable, id=f4d7c1b8-2c88-4071-abf1-a5328977b07d, description=Default Content Type for Language Variables, defaultType=false, fixed=true, iDate=Thu Aug 31 16:38:49 UTC 2017, system=true, versionable=true, variable=Languagevariable, modDate=Thu Jul 20 17:08:24 UTC 2023, host=SYSTEM_HOST, siteName=systemHost, icon=language, sortOrder=0, folder=SYSTEM_FOLDER, folderPath=/, markedForDeletion=true, multilingualable=false}, expectedName='Languagevariable', expectedType='KeyValue'}]" classname="com.dotmarketing.business.DeterministicIdentifierAPITest" time="0.008"/>
  <testcase name="Test_Generate_Content_Type_Identifier[1: ContentTypeTestCase{contentType=SimpleContentType{name=testName1689877563194, id=6da222ee-1f52-4dee-85b4-89a00ae06f36, description=testDescription1689877563194, defaultType=false, fixed=false, iDate=Thu Jul 20 18:26:03 UTC 2023, system=false, versionable=true, multilingualable=false, variable=testVarname1689877563194, owner=system, modDate=Thu Jul 20 18:26:04 UTC 2023, host=48190c8c-42c4-46af-8d1a-0cd5db894797, siteName=demo.dotcms.com, icon=event_note, sortOrder=0, folder=SYSTEM_FOLDER, folderPath=/, requiredFields=[], markedForDeletion=false}, expectedName='testVarname1689877563194', expectedType='CONTENT'}]" classname="com.dotmarketing.business.DeterministicIdentifierAPITest" time="0.008"/>
  <system-out><![CDATA[]]></system-out>
  <system-err><![CDATA[]]></system-err>
</testsuite>
