<?xml version="1.0" encoding="UTF-8"?>
<testsuite name="com.dotcms.rest.api.v1.vtl.VTLResourceIntegrationTest" tests="6" skipped="0" failures="0" errors="0" timestamp="2023-07-08T00:37:15" hostname="fv-az166-981" time="12.02">
  <properties/>
  <testcase name="testGet[0: com.dotcms.rest.api.v1.vtl.VTLResourceTestCase@c82c62e]" classname="com.dotcms.rest.api.v1.vtl.VTLResourceIntegrationTest" time="2.137"/>
  <testcase name="testGet[1: com.dotcms.rest.api.v1.vtl.VTLResourceTestCase@31efbc77]" classname="com.dotcms.rest.api.v1.vtl.VTLResourceIntegrationTest" time="1.963"/>
  <testcase name="testGet[2: com.dotcms.rest.api.v1.vtl.VTLResourceTestCase@116f523c]" classname="com.dotcms.rest.api.v1.vtl.VTLResourceIntegrationTest" time="2.031"/>
  <testcase name="testGet[3: com.dotcms.rest.api.v1.vtl.VTLResourceTestCase@3bd487a]" classname="com.dotcms.rest.api.v1.vtl.VTLResourceIntegrationTest" time="1.98"/>
  <testcase name="testGet[4: com.dotcms.rest.api.v1.vtl.VTLResourceTestCase@19945d95]" classname="com.dotcms.rest.api.v1.vtl.VTLResourceIntegrationTest" time="2.026"/>
  <testcase name="testGet[5: com.dotcms.rest.api.v1.vtl.VTLResourceTestCase@55d456d4]" classname="com.dotcms.rest.api.v1.vtl.VTLResourceIntegrationTest" time="1.883"/>
  <system-out><![CDATA[]]></system-out>
  <system-err><![CDATA[]]></system-err>
</testsuite>
