<?xml version="1.0" encoding="UTF-8"?>
<testsuite name="com.dotmarketing.portlets.structure.model.ContentletRelationshipsTest" tests="7" skipped="0" failures="0" errors="0" timestamp="2023-07-12T20:13:44" hostname="fv-az621-917" time="10.773">
  <properties/>
  <testcase name="testDoesAllowOnlyOne[0: com.dotmarketing.portlets.structure.model.ContentletRelationshipsTest$CardinalityTestCase@38de2e61]" classname="com.dotmarketing.portlets.structure.model.ContentletRelationshipsTest" time="0.612"/>
  <testcase name="testDoesAllowOnlyOne[1: com.dotmarketing.portlets.structure.model.ContentletRelationshipsTest$CardinalityTestCase@2da15edf]" classname="com.dotmarketing.portlets.structure.model.ContentletRelationshipsTest" time="0.678"/>
  <testcase name="testDoesAllowOnlyOne[2: com.dotmarketing.portlets.structure.model.ContentletRelationshipsTest$CardinalityTestCase@2b46623b]" classname="com.dotmarketing.portlets.structure.model.ContentletRelationshipsTest" time="0.696"/>
  <testcase name="testGetRelationshipRecords[0: com.dotmarketing.portlets.structure.model.ContentletRelationshipsTest$TestCase@61a6bbd7]" classname="com.dotmarketing.portlets.structure.model.ContentletRelationshipsTest" time="2.255"/>
  <testcase name="testGetRelationshipRecords[1: com.dotmarketing.portlets.structure.model.ContentletRelationshipsTest$TestCase@28422ca4]" classname="com.dotmarketing.portlets.structure.model.ContentletRelationshipsTest" time="2.36"/>
  <testcase name="testGetRelationshipRecords[2: com.dotmarketing.portlets.structure.model.ContentletRelationshipsTest$TestCase@f32c8d5]" classname="com.dotmarketing.portlets.structure.model.ContentletRelationshipsTest" time="2.031"/>
  <testcase name="testGetRelationshipRecords[3: com.dotmarketing.portlets.structure.model.ContentletRelationshipsTest$TestCase@17fd34b2]" classname="com.dotmarketing.portlets.structure.model.ContentletRelationshipsTest" time="2.14"/>
  <system-out><![CDATA[]]></system-out>
  <system-err><![CDATA[]]></system-err>
</testsuite>
