<?xml version="1.0" encoding="UTF-8"?>
<testsuite name="com.dotcms.rest.api.v1.vtl.VTLResourceIntegrationTest" tests="6" skipped="0" failures="0" errors="0" timestamp="2023-06-28T00:15:37" hostname="fv-az573-179" time="11.223">
  <properties/>
  <testcase name="testGet[0: com.dotcms.rest.api.v1.vtl.VTLResourceTestCase@4848105a]" classname="com.dotcms.rest.api.v1.vtl.VTLResourceIntegrationTest" time="2.189"/>
  <testcase name="testGet[1: com.dotcms.rest.api.v1.vtl.VTLResourceTestCase@76bca12c]" classname="com.dotcms.rest.api.v1.vtl.VTLResourceIntegrationTest" time="1.068"/>
  <testcase name="testGet[2: com.dotcms.rest.api.v1.vtl.VTLResourceTestCase@4ee9a672]" classname="com.dotcms.rest.api.v1.vtl.VTLResourceIntegrationTest" time="1.959"/>
  <testcase name="testGet[3: com.dotcms.rest.api.v1.vtl.VTLResourceTestCase@f2f1b26]" classname="com.dotcms.rest.api.v1.vtl.VTLResourceIntegrationTest" time="1.996"/>
  <testcase name="testGet[4: com.dotcms.rest.api.v1.vtl.VTLResourceTestCase@76d1059]" classname="com.dotcms.rest.api.v1.vtl.VTLResourceIntegrationTest" time="2.186"/>
  <testcase name="testGet[5: com.dotcms.rest.api.v1.vtl.VTLResourceTestCase@14cb7459]" classname="com.dotcms.rest.api.v1.vtl.VTLResourceIntegrationTest" time="1.824"/>
  <system-out><![CDATA[]]></system-out>
  <system-err><![CDATA[]]></system-err>
</testsuite>
