<?xml version="1.0" encoding="UTF-8"?>
<testsuite name="com.dotcms.auth.providers.saml.v1.DotSamlResourceTest" tests="1" skipped="0" failures="0" errors="0" timestamp="2023-07-07T16:16:27" hostname="fv-az363-219" time="0.044">
  <properties/>
  <testcase name="testMetadata" classname="com.dotcms.auth.providers.saml.v1.DotSamlResourceTest" time="0.044"/>
  <system-out><![CDATA[]]></system-out>
  <system-err><![CDATA[]]></system-err>
</testsuite>
