<?xml version="1.0" encoding="UTF-8"?>
<testsuite name="com.dotcms.util.ImportUtilTest" tests="39" skipped="1" failures="0" errors="0" timestamp="2023-07-06T17:22:04" hostname="fv-az749-409" time="40.146">
  <properties/>
  <testcase name="importFile_success_when_lineContainsRelationships[0: com.dotcms.util.ImportUtilTest$RelationshipTestCase@53053d7a]" classname="com.dotcms.util.ImportUtilTest" time="2.194"/>
  <testcase name="importFile_success_when_lineContainsRelationships[1: com.dotcms.util.ImportUtilTest$RelationshipTestCase@120ab7d2]" classname="com.dotcms.util.ImportUtilTest" time="1.896"/>
  <testcase name="importFile_success_when_lineContainsRelationships[2: com.dotcms.util.ImportUtilTest$RelationshipTestCase@7b243977]" classname="com.dotcms.util.ImportUtilTest" time="2.002"/>
  <testcase name="importFile_success_when_lineContainsRelationships[3: com.dotcms.util.ImportUtilTest$RelationshipTestCase@6c7a3047]" classname="com.dotcms.util.ImportUtilTest" time="2.017"/>
  <testcase name="importFile_success_when_twoLinesHaveSameUniqueKeysButDifferentLanguage[0: UniqueTitle]" classname="com.dotcms.util.ImportUtilTest" time="0.133"/>
  <testcase name="importFile_success_when_twoLinesHaveSameUniqueKeysButDifferentLanguage[1: A+ Student]" classname="com.dotcms.util.ImportUtilTest" time="0.139"/>
  <testcase name="importFile_success_when_twoLinesHaveSameUniqueKeysButDifferentLanguage[2: aaa-bbb-ccc]" classname="com.dotcms.util.ImportUtilTest" time="0.145"/>
  <testcase name="importFile_success_when_twoLinesHaveSameUniqueKeysButDifferentLanguage[3: valid - field]" classname="com.dotcms.util.ImportUtilTest" time="0.137"/>
  <testcase name="importFile_success_when_twoLinesHaveSameUniqueKeysButDifferentLanguage[4: with &quot; quotes]" classname="com.dotcms.util.ImportUtilTest" time="0.14"/>
  <testcase name="importFile_success_when_twoLinesHaveSameUniqueKeysButDifferentLanguage[5: with special characters + [ ] { } * ( ) : &amp;&amp; ! | ^ ~ ?]" classname="com.dotcms.util.ImportUtilTest" time="0.156"/>
  <testcase name="importFile_success_when_twoLinesHaveSameUniqueKeysButDifferentLanguage[6: CASEINSENSITIVE]" classname="com.dotcms.util.ImportUtilTest" time="0.13"/>
  <testcase name="importFile_success_when_twoLinesHaveSameUniqueKeysButDifferentLanguage[7: with chinese characters 好 心 面]" classname="com.dotcms.util.ImportUtilTest" time="0.174"/>
  <testcase name="importFile_success_when_twoLinesHaveDifferentUniqueNumberKeys" classname="com.dotcms.util.ImportUtilTest" time="0.18"/>
  <testcase name="importFile_success_when_lineContainsBothSidedSelfRelationship" classname="com.dotcms.util.ImportUtilTest" time="1.459"/>
  <testcase name="importFile_updateRelatedContentWithTheSameIdentifier_doesNotThrowException" classname="com.dotcms.util.ImportUtilTest" time="2.405"/>
  <testcase name="importFile_success_when_importLinesWithShortActionId" classname="com.dotcms.util.ImportUtilTest" time="1.749"/>
  <testcase name="importFile_updateRelatedContentWithEmptyColumn_shouldWipeOutRelatedContentList" classname="com.dotcms.util.ImportUtilTest" time="1.982"/>
  <testcase name="importFileWithwfActionIdAndPartialPermissionsOnActionId_success_when_importLinesWithActionsId_ExceptoOneWithCheckinMethod" classname="com.dotcms.util.ImportUtilTest" time="1.899"/>
  <testcase name="importFile_fails_when_twoLinesHaveSameUniqueKeys[0: UniqueTitle]" classname="com.dotcms.util.ImportUtilTest" time="0.157"/>
  <testcase name="importFile_fails_when_twoLinesHaveSameUniqueKeys[1: A+ Student]" classname="com.dotcms.util.ImportUtilTest" time="0.204"/>
  <testcase name="importFile_fails_when_twoLinesHaveSameUniqueKeys[2: aaa-bbb-ccc]" classname="com.dotcms.util.ImportUtilTest" time="0.178"/>
  <testcase name="importFile_fails_when_twoLinesHaveSameUniqueKeys[3: valid - field]" classname="com.dotcms.util.ImportUtilTest" time="0.143"/>
  <testcase name="importFile_fails_when_twoLinesHaveSameUniqueKeys[4: with &quot; quotes]" classname="com.dotcms.util.ImportUtilTest" time="0.146"/>
  <testcase name="importFile_fails_when_twoLinesHaveSameUniqueKeys[5: with special characters + [ ] { } * ( ) : &amp;&amp; ! | ^ ~ ?]" classname="com.dotcms.util.ImportUtilTest" time="0.15"/>
  <testcase name="importFile_fails_when_twoLinesHaveSameUniqueKeys[6: CASEINSENSITIVE]" classname="com.dotcms.util.ImportUtilTest" time="0.142"/>
  <testcase name="importFile_fails_when_twoLinesHaveSameUniqueKeys[7: with chinese characters 好 心 面]" classname="com.dotcms.util.ImportUtilTest" time="0.149"/>
  <testcase name="importFile_success_when_lineContainsLegacySelfRelatedContent" classname="com.dotcms.util.ImportUtilTest" time="2.225"/>
  <testcase name="importFileWithoutwfActionIdOrWithoutPermissionsOnActionId_success_when_importLinesWithCheckinMethod" classname="com.dotcms.util.ImportUtilTest" time="2.002"/>
  <testcase name="importFile_importBinaryFieldUsingURL_success" classname="com.dotcms.util.ImportUtilTest" time="1.877"/>
  <testcase name="importFile_importContentWithOptionalBinaryField_success" classname="com.dotcms.util.ImportUtilTest" time="1.38"/>
  <testcase name="importFile_fails_when_twoLinesHaveSameUniqueNumberKeys" classname="com.dotcms.util.ImportUtilTest" time="0.148"/>
  <testcase name="importFileWithwfActionIdAndPartialPermissionsOnActionId_success_when_importLinesWithPartialCheckinMethod" classname="com.dotcms.util.ImportUtilTest" time="1.691"/>
  <testcase name="importFile_success_when_importLinesUpdateExistingContent" classname="com.dotcms.util.ImportUtilTest" time="4.974"/>
  <testcase name="importFile_success_when_lineContainsOneSidedSelfRelationship" classname="com.dotcms.util.ImportUtilTest" time="1.918"/>
  <testcase name="importLine_shouldRetainCategoriesIfHeaderNotSent" classname="com.dotcms.util.ImportUtilTest" time="1.871"/>
  <testcase name="importFile_importBinaryFieldUsingURL_failed_URLsareNotValid" classname="com.dotcms.util.ImportUtilTest" time="0.474"/>
  <testcase name="importFile_updateRelatedContentWithoutRelationshipFieldColumn_shouldKeepRelatedContentList" classname="com.dotcms.util.ImportUtilTest" time="1.048"/>
  <testcase name="importFile_success_when_twoLinesHaveDifferentUniqueKeys" classname="com.dotcms.util.ImportUtilTest" time="0.312"/>
  <testcase name="importFile" classname="com.dotcms.util.ImportUtilTest" time="0.0">
    <skipped/>
  </testcase>
  <system-out><![CDATA[]]></system-out>
  <system-err><![CDATA[]]></system-err>
</testsuite>
