<?xml version="1.0" encoding="UTF-8"?>
<testsuite name="com.dotmarketing.servlets.ajax.AjaxDirectorServletIntegrationTest" tests="2" skipped="0" failures="0" errors="0" timestamp="2023-06-21T18:24:16" hostname="fv-az454-705" time="2.593">
  <properties/>
  <testcase name="testService[0: com.dotmarketing.servlets.ajax.AjaxDirectorServletTestCase@4309077]" classname="com.dotmarketing.servlets.ajax.AjaxDirectorServletIntegrationTest" time="1.278"/>
  <testcase name="testService[1: com.dotmarketing.servlets.ajax.AjaxDirectorServletTestCase@89ae036]" classname="com.dotmarketing.servlets.ajax.AjaxDirectorServletIntegrationTest" time="1.314"/>
  <system-out><![CDATA[]]></system-out>
  <system-err><![CDATA[]]></system-err>
</testsuite>
