<?xml version="1.0" encoding="UTF-8"?>
<testsuite name="com.dotmarketing.startup.runonce.Task201013AddNewColumnsToIdentifierTableTest" tests="1" skipped="0" failures="0" errors="0" timestamp="2023-07-14T01:59:49" hostname="fv-az493-156" time="0.017">
  <properties/>
  <testcase name="test_upgradeTask_success" classname="com.dotmarketing.startup.runonce.Task201013AddNewColumnsToIdentifierTableTest" time="0.017"/>
  <system-out><![CDATA[]]></system-out>
  <system-err><![CDATA[]]></system-err>
</testsuite>
