<?xml version="1.0" encoding="UTF-8"?>
<testsuite name="com.dotcms.enterprise.publishing.staticpublishing.StaticPublisherIntegrationTest" tests="64" skipped="0" failures="0" errors="0" timestamp="2023-07-21T05:34:47" hostname="fv-az456-820" time="36.045">
  <properties/>
  <testcase name="createStaticBundle[0: com.dotcms.enterprise.publishing.staticpublishing.StaticPublisherIntegrationTestHelper$TestCase@41f40e8d]" classname="com.dotcms.enterprise.publishing.staticpublishing.StaticPublisherIntegrationTest" time="0.568"/>
  <testcase name="createStaticBundle[1: com.dotcms.enterprise.publishing.staticpublishing.StaticPublisherIntegrationTestHelper$TestCase@7afa2a45]" classname="com.dotcms.enterprise.publishing.staticpublishing.StaticPublisherIntegrationTest" time="0.136"/>
  <testcase name="createStaticBundle[2: com.dotcms.enterprise.publishing.staticpublishing.StaticPublisherIntegrationTestHelper$TestCase@421423e7]" classname="com.dotcms.enterprise.publishing.staticpublishing.StaticPublisherIntegrationTest" time="1.168"/>
  <testcase name="createStaticBundle[3: com.dotcms.enterprise.publishing.staticpublishing.StaticPublisherIntegrationTestHelper$TestCase@4dab2deb]" classname="com.dotcms.enterprise.publishing.staticpublishing.StaticPublisherIntegrationTest" time="0.983"/>
  <testcase name="createStaticBundle[4: com.dotcms.enterprise.publishing.staticpublishing.StaticPublisherIntegrationTestHelper$TestCase@2c4ac2b5]" classname="com.dotcms.enterprise.publishing.staticpublishing.StaticPublisherIntegrationTest" time="1.116"/>
  <testcase name="createStaticBundle[5: com.dotcms.enterprise.publishing.staticpublishing.StaticPublisherIntegrationTestHelper$TestCase@7c96d7b]" classname="com.dotcms.enterprise.publishing.staticpublishing.StaticPublisherIntegrationTest" time="1.489"/>
  <testcase name="createStaticBundle[6: com.dotcms.enterprise.publishing.staticpublishing.StaticPublisherIntegrationTestHelper$TestCase@64217d7e]" classname="com.dotcms.enterprise.publishing.staticpublishing.StaticPublisherIntegrationTest" time="1.287"/>
  <testcase name="createStaticBundle[7: com.dotcms.enterprise.publishing.staticpublishing.StaticPublisherIntegrationTestHelper$TestCase@70f1d064]" classname="com.dotcms.enterprise.publishing.staticpublishing.StaticPublisherIntegrationTest" time="0.875"/>
  <testcase name="createStaticBundle[8: com.dotcms.enterprise.publishing.staticpublishing.StaticPublisherIntegrationTestHelper$TestCase@ad4fba5]" classname="com.dotcms.enterprise.publishing.staticpublishing.StaticPublisherIntegrationTest" time="0.865"/>
  <testcase name="createStaticBundle[9: com.dotcms.enterprise.publishing.staticpublishing.StaticPublisherIntegrationTestHelper$TestCase@463afd31]" classname="com.dotcms.enterprise.publishing.staticpublishing.StaticPublisherIntegrationTest" time="0.818"/>
  <testcase name="createStaticBundle[10: com.dotcms.enterprise.publishing.staticpublishing.StaticPublisherIntegrationTestHelper$TestCase@291fa205]" classname="com.dotcms.enterprise.publishing.staticpublishing.StaticPublisherIntegrationTest" time="0.988"/>
  <testcase name="createStaticBundle[11: com.dotcms.enterprise.publishing.staticpublishing.StaticPublisherIntegrationTestHelper$TestCase@571325b2]" classname="com.dotcms.enterprise.publishing.staticpublishing.StaticPublisherIntegrationTest" time="0.034"/>
  <testcase name="createStaticBundle[12: com.dotcms.enterprise.publishing.staticpublishing.StaticPublisherIntegrationTestHelper$TestCase@7a37f526]" classname="com.dotcms.enterprise.publishing.staticpublishing.StaticPublisherIntegrationTest" time="0.754"/>
  <testcase name="createStaticBundle[13: com.dotcms.enterprise.publishing.staticpublishing.StaticPublisherIntegrationTestHelper$TestCase@6bf55c24]" classname="com.dotcms.enterprise.publishing.staticpublishing.StaticPublisherIntegrationTest" time="0.875"/>
  <testcase name="createStaticBundle[14: com.dotcms.enterprise.publishing.staticpublishing.StaticPublisherIntegrationTestHelper$TestCase@3f2ed4d5]" classname="com.dotcms.enterprise.publishing.staticpublishing.StaticPublisherIntegrationTest" time="1.016"/>
  <testcase name="createStaticBundle[15: com.dotcms.enterprise.publishing.staticpublishing.StaticPublisherIntegrationTestHelper$TestCase@71de4837]" classname="com.dotcms.enterprise.publishing.staticpublishing.StaticPublisherIntegrationTest" time="0.848"/>
  <testcase name="createStaticBundle[16: com.dotcms.enterprise.publishing.staticpublishing.StaticPublisherIntegrationTestHelper$TestCase@34851def]" classname="com.dotcms.enterprise.publishing.staticpublishing.StaticPublisherIntegrationTest" time="0.83"/>
  <testcase name="createStaticBundle[17: com.dotcms.enterprise.publishing.staticpublishing.StaticPublisherIntegrationTestHelper$TestCase@421423e7]" classname="com.dotcms.enterprise.publishing.staticpublishing.StaticPublisherIntegrationTest" time="0.756"/>
  <testcase name="createStaticBundle[18: com.dotcms.enterprise.publishing.staticpublishing.StaticPublisherIntegrationTestHelper$TestCase@4dab2deb]" classname="com.dotcms.enterprise.publishing.staticpublishing.StaticPublisherIntegrationTest" time="0.641"/>
  <testcase name="createStaticBundle[19: com.dotcms.enterprise.publishing.staticpublishing.StaticPublisherIntegrationTestHelper$TestCase@2c4ac2b5]" classname="com.dotcms.enterprise.publishing.staticpublishing.StaticPublisherIntegrationTest" time="0.191"/>
  <testcase name="createStaticBundle[20: com.dotcms.enterprise.publishing.staticpublishing.StaticPublisherIntegrationTestHelper$TestCase@7c96d7b]" classname="com.dotcms.enterprise.publishing.staticpublishing.StaticPublisherIntegrationTest" time="0.182"/>
  <testcase name="createStaticBundle[21: com.dotcms.enterprise.publishing.staticpublishing.StaticPublisherIntegrationTestHelper$TestCase@64217d7e]" classname="com.dotcms.enterprise.publishing.staticpublishing.StaticPublisherIntegrationTest" time="0.156"/>
  <testcase name="createStaticBundle[22: com.dotcms.enterprise.publishing.staticpublishing.StaticPublisherIntegrationTestHelper$TestCase@70f1d064]" classname="com.dotcms.enterprise.publishing.staticpublishing.StaticPublisherIntegrationTest" time="0.278"/>
  <testcase name="createStaticBundle[23: com.dotcms.enterprise.publishing.staticpublishing.StaticPublisherIntegrationTestHelper$TestCase@ad4fba5]" classname="com.dotcms.enterprise.publishing.staticpublishing.StaticPublisherIntegrationTest" time="0.64"/>
  <testcase name="createStaticBundle[24: com.dotcms.enterprise.publishing.staticpublishing.StaticPublisherIntegrationTestHelper$TestCase@463afd31]" classname="com.dotcms.enterprise.publishing.staticpublishing.StaticPublisherIntegrationTest" time="0.76"/>
  <testcase name="createStaticBundle[25: com.dotcms.enterprise.publishing.staticpublishing.StaticPublisherIntegrationTestHelper$TestCase@291fa205]" classname="com.dotcms.enterprise.publishing.staticpublishing.StaticPublisherIntegrationTest" time="0.85"/>
  <testcase name="createStaticBundle[26: com.dotcms.enterprise.publishing.staticpublishing.StaticPublisherIntegrationTestHelper$TestCase@571325b2]" classname="com.dotcms.enterprise.publishing.staticpublishing.StaticPublisherIntegrationTest" time="0.043"/>
  <testcase name="createStaticBundle[27: com.dotcms.enterprise.publishing.staticpublishing.StaticPublisherIntegrationTestHelper$TestCase@7a37f526]" classname="com.dotcms.enterprise.publishing.staticpublishing.StaticPublisherIntegrationTest" time="0.689"/>
  <testcase name="createStaticBundle[28: com.dotcms.enterprise.publishing.staticpublishing.StaticPublisherIntegrationTestHelper$TestCase@6bf55c24]" classname="com.dotcms.enterprise.publishing.staticpublishing.StaticPublisherIntegrationTest" time="0.699"/>
  <testcase name="createStaticBundle[29: com.dotcms.enterprise.publishing.staticpublishing.StaticPublisherIntegrationTestHelper$TestCase@3f2ed4d5]" classname="com.dotcms.enterprise.publishing.staticpublishing.StaticPublisherIntegrationTest" time="0.731"/>
  <testcase name="createStaticBundle[30: com.dotcms.enterprise.publishing.staticpublishing.StaticPublisherIntegrationTestHelper$TestCase@71de4837]" classname="com.dotcms.enterprise.publishing.staticpublishing.StaticPublisherIntegrationTest" time="0.776"/>
  <testcase name="createStaticBundle[31: com.dotcms.enterprise.publishing.staticpublishing.StaticPublisherIntegrationTestHelper$TestCase@34851def]" classname="com.dotcms.enterprise.publishing.staticpublishing.StaticPublisherIntegrationTest" time="0.689"/>
  <testcase name="createStaticBundleWithUnPublishOperation[0: com.dotcms.enterprise.publishing.staticpublishing.StaticPublisherIntegrationTestHelper$TestCase@41f40e8d]" classname="com.dotcms.enterprise.publishing.staticpublishing.StaticPublisherIntegrationTest" time="0.043"/>
  <testcase name="createStaticBundleWithUnPublishOperation[1: com.dotcms.enterprise.publishing.staticpublishing.StaticPublisherIntegrationTestHelper$TestCase@7afa2a45]" classname="com.dotcms.enterprise.publishing.staticpublishing.StaticPublisherIntegrationTest" time="0.039"/>
  <testcase name="createStaticBundleWithUnPublishOperation[2: com.dotcms.enterprise.publishing.staticpublishing.StaticPublisherIntegrationTestHelper$TestCase@421423e7]" classname="com.dotcms.enterprise.publishing.staticpublishing.StaticPublisherIntegrationTest" time="0.657"/>
  <testcase name="createStaticBundleWithUnPublishOperation[3: com.dotcms.enterprise.publishing.staticpublishing.StaticPublisherIntegrationTestHelper$TestCase@4dab2deb]" classname="com.dotcms.enterprise.publishing.staticpublishing.StaticPublisherIntegrationTest" time="0.512"/>
  <testcase name="createStaticBundleWithUnPublishOperation[4: com.dotcms.enterprise.publishing.staticpublishing.StaticPublisherIntegrationTestHelper$TestCase@2c4ac2b5]" classname="com.dotcms.enterprise.publishing.staticpublishing.StaticPublisherIntegrationTest" time="0.331"/>
  <testcase name="createStaticBundleWithUnPublishOperation[5: com.dotcms.enterprise.publishing.staticpublishing.StaticPublisherIntegrationTestHelper$TestCase@7c96d7b]" classname="com.dotcms.enterprise.publishing.staticpublishing.StaticPublisherIntegrationTest" time="0.277"/>
  <testcase name="createStaticBundleWithUnPublishOperation[6: com.dotcms.enterprise.publishing.staticpublishing.StaticPublisherIntegrationTestHelper$TestCase@64217d7e]" classname="com.dotcms.enterprise.publishing.staticpublishing.StaticPublisherIntegrationTest" time="0.239"/>
  <testcase name="createStaticBundleWithUnPublishOperation[7: com.dotcms.enterprise.publishing.staticpublishing.StaticPublisherIntegrationTestHelper$TestCase@70f1d064]" classname="com.dotcms.enterprise.publishing.staticpublishing.StaticPublisherIntegrationTest" time="0.241"/>
  <testcase name="createStaticBundleWithUnPublishOperation[8: com.dotcms.enterprise.publishing.staticpublishing.StaticPublisherIntegrationTestHelper$TestCase@ad4fba5]" classname="com.dotcms.enterprise.publishing.staticpublishing.StaticPublisherIntegrationTest" time="0.519"/>
  <testcase name="createStaticBundleWithUnPublishOperation[9: com.dotcms.enterprise.publishing.staticpublishing.StaticPublisherIntegrationTestHelper$TestCase@463afd31]" classname="com.dotcms.enterprise.publishing.staticpublishing.StaticPublisherIntegrationTest" time="0.587"/>
  <testcase name="createStaticBundleWithUnPublishOperation[10: com.dotcms.enterprise.publishing.staticpublishing.StaticPublisherIntegrationTestHelper$TestCase@291fa205]" classname="com.dotcms.enterprise.publishing.staticpublishing.StaticPublisherIntegrationTest" time="0.552"/>
  <testcase name="createStaticBundleWithUnPublishOperation[11: com.dotcms.enterprise.publishing.staticpublishing.StaticPublisherIntegrationTestHelper$TestCase@571325b2]" classname="com.dotcms.enterprise.publishing.staticpublishing.StaticPublisherIntegrationTest" time="0.018"/>
  <testcase name="createStaticBundleWithUnPublishOperation[12: com.dotcms.enterprise.publishing.staticpublishing.StaticPublisherIntegrationTestHelper$TestCase@7a37f526]" classname="com.dotcms.enterprise.publishing.staticpublishing.StaticPublisherIntegrationTest" time="0.589"/>
  <testcase name="createStaticBundleWithUnPublishOperation[13: com.dotcms.enterprise.publishing.staticpublishing.StaticPublisherIntegrationTestHelper$TestCase@6bf55c24]" classname="com.dotcms.enterprise.publishing.staticpublishing.StaticPublisherIntegrationTest" time="0.641"/>
  <testcase name="createStaticBundleWithUnPublishOperation[14: com.dotcms.enterprise.publishing.staticpublishing.StaticPublisherIntegrationTestHelper$TestCase@3f2ed4d5]" classname="com.dotcms.enterprise.publishing.staticpublishing.StaticPublisherIntegrationTest" time="0.619"/>
  <testcase name="createStaticBundleWithUnPublishOperation[15: com.dotcms.enterprise.publishing.staticpublishing.StaticPublisherIntegrationTestHelper$TestCase@71de4837]" classname="com.dotcms.enterprise.publishing.staticpublishing.StaticPublisherIntegrationTest" time="0.523"/>
  <testcase name="createStaticBundleWithUnPublishOperation[16: com.dotcms.enterprise.publishing.staticpublishing.StaticPublisherIntegrationTestHelper$TestCase@34851def]" classname="com.dotcms.enterprise.publishing.staticpublishing.StaticPublisherIntegrationTest" time="0.538"/>
  <testcase name="createStaticBundleWithUnPublishOperation[17: com.dotcms.enterprise.publishing.staticpublishing.StaticPublisherIntegrationTestHelper$TestCase@421423e7]" classname="com.dotcms.enterprise.publishing.staticpublishing.StaticPublisherIntegrationTest" time="0.614"/>
  <testcase name="createStaticBundleWithUnPublishOperation[18: com.dotcms.enterprise.publishing.staticpublishing.StaticPublisherIntegrationTestHelper$TestCase@4dab2deb]" classname="com.dotcms.enterprise.publishing.staticpublishing.StaticPublisherIntegrationTest" time="0.554"/>
  <testcase name="createStaticBundleWithUnPublishOperation[19: com.dotcms.enterprise.publishing.staticpublishing.StaticPublisherIntegrationTestHelper$TestCase@2c4ac2b5]" classname="com.dotcms.enterprise.publishing.staticpublishing.StaticPublisherIntegrationTest" time="0.309"/>
  <testcase name="createStaticBundleWithUnPublishOperation[20: com.dotcms.enterprise.publishing.staticpublishing.StaticPublisherIntegrationTestHelper$TestCase@7c96d7b]" classname="com.dotcms.enterprise.publishing.staticpublishing.StaticPublisherIntegrationTest" time="0.227"/>
  <testcase name="createStaticBundleWithUnPublishOperation[21: com.dotcms.enterprise.publishing.staticpublishing.StaticPublisherIntegrationTestHelper$TestCase@64217d7e]" classname="com.dotcms.enterprise.publishing.staticpublishing.StaticPublisherIntegrationTest" time="0.207"/>
  <testcase name="createStaticBundleWithUnPublishOperation[22: com.dotcms.enterprise.publishing.staticpublishing.StaticPublisherIntegrationTestHelper$TestCase@70f1d064]" classname="com.dotcms.enterprise.publishing.staticpublishing.StaticPublisherIntegrationTest" time="0.222"/>
  <testcase name="createStaticBundleWithUnPublishOperation[23: com.dotcms.enterprise.publishing.staticpublishing.StaticPublisherIntegrationTestHelper$TestCase@ad4fba5]" classname="com.dotcms.enterprise.publishing.staticpublishing.StaticPublisherIntegrationTest" time="0.443"/>
  <testcase name="createStaticBundleWithUnPublishOperation[24: com.dotcms.enterprise.publishing.staticpublishing.StaticPublisherIntegrationTestHelper$TestCase@463afd31]" classname="com.dotcms.enterprise.publishing.staticpublishing.StaticPublisherIntegrationTest" time="0.612"/>
  <testcase name="createStaticBundleWithUnPublishOperation[25: com.dotcms.enterprise.publishing.staticpublishing.StaticPublisherIntegrationTestHelper$TestCase@291fa205]" classname="com.dotcms.enterprise.publishing.staticpublishing.StaticPublisherIntegrationTest" time="0.516"/>
  <testcase name="createStaticBundleWithUnPublishOperation[26: com.dotcms.enterprise.publishing.staticpublishing.StaticPublisherIntegrationTestHelper$TestCase@571325b2]" classname="com.dotcms.enterprise.publishing.staticpublishing.StaticPublisherIntegrationTest" time="0.019"/>
  <testcase name="createStaticBundleWithUnPublishOperation[27: com.dotcms.enterprise.publishing.staticpublishing.StaticPublisherIntegrationTestHelper$TestCase@7a37f526]" classname="com.dotcms.enterprise.publishing.staticpublishing.StaticPublisherIntegrationTest" time="0.504"/>
  <testcase name="createStaticBundleWithUnPublishOperation[28: com.dotcms.enterprise.publishing.staticpublishing.StaticPublisherIntegrationTestHelper$TestCase@6bf55c24]" classname="com.dotcms.enterprise.publishing.staticpublishing.StaticPublisherIntegrationTest" time="0.515"/>
  <testcase name="createStaticBundleWithUnPublishOperation[29: com.dotcms.enterprise.publishing.staticpublishing.StaticPublisherIntegrationTestHelper$TestCase@3f2ed4d5]" classname="com.dotcms.enterprise.publishing.staticpublishing.StaticPublisherIntegrationTest" time="0.525"/>
  <testcase name="createStaticBundleWithUnPublishOperation[30: com.dotcms.enterprise.publishing.staticpublishing.StaticPublisherIntegrationTestHelper$TestCase@71de4837]" classname="com.dotcms.enterprise.publishing.staticpublishing.StaticPublisherIntegrationTest" time="0.551"/>
  <testcase name="createStaticBundleWithUnPublishOperation[31: com.dotcms.enterprise.publishing.staticpublishing.StaticPublisherIntegrationTestHelper$TestCase@34851def]" classname="com.dotcms.enterprise.publishing.staticpublishing.StaticPublisherIntegrationTest" time="0.52"/>
  <system-out><![CDATA[































































]]></system-out>
  <system-err><![CDATA[]]></system-err>
</testsuite>
