<?xml version="1.0" encoding="UTF-8"?>
<testsuite name="com.dotmarketing.business.DeterministicIdentifierAPITest" tests="16" skipped="0" failures="0" errors="0" timestamp="2023-06-30T05:56:34" hostname="fv-az210-575" time="1.204">
  <properties/>
  <testcase name="Test_Category_Path_Seed_And_Id" classname="com.dotmarketing.business.DeterministicIdentifierAPITest" time="0.021"/>
  <testcase name="Test_Language_Deterministic_Id[0: LanguageTestCase{expectedSeed='Language:es:US', expectedHash=4913155, langCode='es', countryCode='US', country='United States'}]" classname="com.dotmarketing.business.DeterministicIdentifierAPITest" time="0.001"/>
  <testcase name="Test_Language_Deterministic_Id[1: LanguageTestCase{expectedSeed='Language:ep:', expectedHash=5292269, langCode='ep', countryCode='', country=''}]" classname="com.dotmarketing.business.DeterministicIdentifierAPITest" time="0.001"/>
  <testcase name="Test_Language_Deterministic_Id[2: LanguageTestCase{expectedSeed='Language:sg:SAG', expectedHash=4713118, langCode='sg', countryCode='SAG', country=''}]" classname="com.dotmarketing.business.DeterministicIdentifierAPITest" time="0.001"/>
  <testcase name="Test_Language_Deterministic_Id[3: LanguageTestCase{expectedSeed='Language:en:NZ', expectedHash=5382528, langCode='en', countryCode='NZ', country='New Zealand'}]" classname="com.dotmarketing.business.DeterministicIdentifierAPITest" time="0.0"/>
  <testcase name="Test_Category_None_Persisted_Category_Should_Return_Deterministic_Id" classname="com.dotmarketing.business.DeterministicIdentifierAPITest" time="0.001"/>
  <testcase name="Test_Asset_Generate_Deterministic_Id_Best_Effort[0: TestCase{versionable=my.host1688104211751.com, parent=System Host, expectedName='my.host1688104211751.com', expectedType='Host'}]" classname="com.dotmarketing.business.DeterministicIdentifierAPITest" time="0.003"/>
  <testcase name="Test_Asset_Generate_Deterministic_Id_Best_Effort[1: TestCase{versionable=com.dotmarketing.portlets.contentlet.model.Contentlet@30a75998[map={modDate=2023-06-30 05:50:12.463, fileName=file2989312452030038555.txt, title=file2989312452030038555.txt, inode=e50bc4e7-a861-4de9-bb2a-012d5c4df107, __IS_NEW_CONTENT__=true, disabledWYSIWYG=[], host=2239e267-176b-41f4-b8be-98297d0e89f6, stInode=33888b6f-7a8e-4069-b1b6-5c1aa9d0a48d, owner=system, identifier=4cf86432-4b2e-465f-8300-c1177f2ac712, nullProperties=[wfExpireDate, wfPublishDate, wfActionAssign, wfActionId, wfActionComments, filterKey, whereToSend, wfNeverExpire, _path_to_move, timezoneId, iWantTo, wfPublishTime, wfExpireTime], languageId=1, fileAsset=/home/runner/work/core/custom/assets/e/5/e50bc4e7-a861-4de9-bb2a-012d5c4df107/fileAsset/file2989312452030038555.txt, folder=630d2d07-80b9-42c6-8ee2-1c01a08d5de9, __disable_workflow__=true, sortOrder=0, modUser=system},lowIndexPriority=false,variantId=DEFAULT], parent=com.dotmarketing.portlets.folders.model.Folder@16d807bc[identifier=630d2d07-80b9-42c6-8ee2-1c01a08d5de9,name=testName1688104212458,sortOrder=0,showOnMenu=false,hostId=2239e267-176b-41f4-b8be-98297d0e89f6,type=folder,title=testTitle1688104212458,filesMasks=,defaultFileType=33888b6f-7a8e-4069-b1b6-5c1aa9d0a48d,modDate=2023-06-30 05:50:12.46,owner=&lt;null&gt;,iDate=2023-06-30 05:50:12.46,inode=630d2d07-80b9-42c6-8ee2-1c01a08d5de9,path=/testName1688104212458/], expectedName='file2989312452030038555.txt', expectedType='FileAsset'}]" classname="com.dotmarketing.business.DeterministicIdentifierAPITest" time="0.003"/>
  <testcase name="Test_Asset_Generate_Deterministic_Id_Best_Effort[2: TestCase{versionable=com.dotmarketing.portlets.templates.model.Template@61fe5c02, parent=my.host1688104211751.com, expectedName='testTitle1688104212545', expectedType='Template'}]" classname="com.dotmarketing.business.DeterministicIdentifierAPITest" time="0.001"/>
  <testcase name="Test_Asset_Generate_Deterministic_Id_Best_Effort[3: TestCase{versionable=com.dotmarketing.portlets.htmlpageasset.model.HTMLPageAsset@7af69083[map={template=bd7ba779-5148-4f43-b5ae-31991592aded, owner=system, identifier=d751fe06-3301-4b5f-857d-a9c0d6323bf5, nullProperties=[wfExpireDate, wfPublishDate, wfActionAssign, wfActionId, wfActionComments, filterKey, whereToSend, wfNeverExpire, _path_to_move, timezoneId, iWantTo, wfPublishTime, wfExpireTime], modDate=2023-06-30 05:50:12.564, cachettl=0, _is_test_mode=true, languageId=1, title=test-page-title-1688104212559, httpsreq=, url=test-page-url-1688104212559, showOnMenu=, inode=25bd4c0f-209f-4d81-9980-6f136956cc03, folder=630d2d07-80b9-42c6-8ee2-1c01a08d5de9, disabledWYSIWYG=[], sortOrder=1, modUser=system, host=2239e267-176b-41f4-b8be-98297d0e89f6, stInode=c541abb1-69b3-4bc5-8430-5e09e5239cc8, friendlyName=test-page-friendly-name-1688104212559},lowIndexPriority=false,variantId=DEFAULT], parent=com.dotmarketing.portlets.folders.model.Folder@16d807bc[identifier=630d2d07-80b9-42c6-8ee2-1c01a08d5de9,name=testName1688104212458,sortOrder=0,showOnMenu=false,hostId=2239e267-176b-41f4-b8be-98297d0e89f6,type=folder,title=testTitle1688104212458,filesMasks=,defaultFileType=33888b6f-7a8e-4069-b1b6-5c1aa9d0a48d,modDate=2023-06-30 05:50:12.46,owner=&lt;null&gt;,iDate=2023-06-30 05:50:12.46,inode=630d2d07-80b9-42c6-8ee2-1c01a08d5de9,path=/testName1688104212458/], expectedName='test-page-url-1688104212559', expectedType='htmlpageasset'}]" classname="com.dotmarketing.business.DeterministicIdentifierAPITest" time="0.002"/>
  <testcase name="Test_Asset_Generate_Deterministic_Id_Best_Effort[4: TestCase{versionable=com.dotmarketing.portlets.contentlet.model.Contentlet@6f3ed5dc[map={fileAsset2=/home/runner/work/core/custom/assets/f/5/f5bc00d0-c140-4f59-ac29-8d645e08f60c/fileAsset2/test_binary1688104213449.png, modDate=2023-06-30 05:50:13.453, fileAsset1=/home/runner/work/core/custom/assets/f/5/f5bc00d0-c140-4f59-ac29-8d645e08f60c/fileAsset1/test_binary1688104213449.jpg, title=blah, inode=f5bc00d0-c140-4f59-ac29-8d645e08f60c, __IS_NEW_CONTENT__=true, disabledWYSIWYG=[], host=48190c8c-42c4-46af-8d1a-0cd5db894797, stInode=71c6aa47-0f69-4f8f-a0fb-bf2f6de18c83, owner=system, identifier=745e3d64-f8a7-47f0-a53a-ce517fcc3e55, nullProperties=[], languageId=1, image1=a759ed34-b7db-46f9-a521-29e0ea495b05, folder=SYSTEM_FOLDER, __disable_workflow__=true, sortOrder=0, modUser=system},lowIndexPriority=false,variantId=DEFAULT], parent=demo.dotcms.com, expectedName='test_binary1688104213449.jpg:test_binary1688104213449.png', expectedType='MultipleBinaries1688104212706'}]" classname="com.dotmarketing.business.DeterministicIdentifierAPITest" time="0.002"/>
  <testcase name="Test_Asset_Generate_Deterministic_Id_Best_Effort[5: TestCase{versionable=name2fa8263b9c : keyTag2fa8263b9c, parent=my.host1688104211751.com, expectedName='keyTag2fa8263b9c', expectedType='persona'}]" classname="com.dotmarketing.business.DeterministicIdentifierAPITest" time="0.002"/>
  <testcase name="Test_Similar_Content_Type_Wont_Clash" classname="com.dotmarketing.business.DeterministicIdentifierAPITest" time="0.386"/>
  <testcase name="Test_Generate_Folder_Identifier" classname="com.dotmarketing.business.DeterministicIdentifierAPITest" time="0.769"/>
  <testcase name="Test_Generate_Content_Type_Identifier[0: ContentTypeTestCase{contentType=KeyValueContentType{name=Language Variable, id=f4d7c1b8-2c88-4071-abf1-a5328977b07d, description=Default Content Type for Language Variables, defaultType=false, fixed=true, iDate=Thu Aug 31 16:38:49 UTC 2017, system=true, versionable=true, variable=Languagevariable, modDate=Fri Jun 30 04:46:12 UTC 2023, host=SYSTEM_HOST, siteName=systemHost, icon=language, sortOrder=0, folder=SYSTEM_FOLDER, folderPath=/, markedForDeletion=true, multilingualable=false}, expectedName='Languagevariable', expectedType='KeyValue'}]" classname="com.dotmarketing.business.DeterministicIdentifierAPITest" time="0.003"/>
  <testcase name="Test_Generate_Content_Type_Identifier[1: ContentTypeTestCase{contentType=SimpleContentType{name=testName1688104213884, id=0355db53-4f82-4ac2-b249-f39cf42409a7, description=testDescription1688104213884, defaultType=false, fixed=false, iDate=Fri Jun 30 05:50:13 UTC 2023, system=false, versionable=true, multilingualable=false, variable=testVarname1688104213884, owner=system, modDate=Fri Jun 30 05:50:14 UTC 2023, host=48190c8c-42c4-46af-8d1a-0cd5db894797, siteName=demo.dotcms.com, icon=event_note, sortOrder=0, folder=SYSTEM_FOLDER, folderPath=/, requiredFields=[], markedForDeletion=false}, expectedName='testVarname1688104213884', expectedType='CONTENT'}]" classname="com.dotmarketing.business.DeterministicIdentifierAPITest" time="0.004"/>
  <system-out><![CDATA[]]></system-out>
  <system-err><![CDATA[]]></system-err>
</testsuite>
