<?xml version="1.0" encoding="UTF-8"?>
<testsuite name="com.dotcms.graphql.DotGraphQLHttpServletTest" tests="4" skipped="0" failures="0" errors="0" timestamp="2023-07-10T22:57:15" hostname="fv-az620-40" time="0.105">
  <properties/>
  <testcase name="testing_OPTIONSRequestToGraphQLServer_returnResponseWithExpectedHeaders" classname="com.dotcms.graphql.DotGraphQLHttpServletTest" time="0.073"/>
  <testcase name="testing_GETRequestToGraphQLServer_returnResponseWithExpectedHeaders" classname="com.dotcms.graphql.DotGraphQLHttpServletTest" time="0.02"/>
  <testcase name="testing_cors_headers" classname="com.dotcms.graphql.DotGraphQLHttpServletTest" time="0.001"/>
  <testcase name="testing_POSTRequestToGraphQLServer_returnResponseWithExpectedHeaders" classname="com.dotcms.graphql.DotGraphQLHttpServletTest" time="0.01"/>
  <system-out><![CDATA[]]></system-out>
  <system-err><![CDATA[]]></system-err>
</testsuite>
