<?xml version="1.0" encoding="UTF-8"?>
<testsuite name="com.dotmarketing.portlets.structure.model.ContentletRelationshipsTest" tests="7" skipped="0" failures="0" errors="0" timestamp="2023-07-11T18:09:19" hostname="fv-az246-187" time="8.512">
  <properties/>
  <testcase name="testDoesAllowOnlyOne[0: com.dotmarketing.portlets.structure.model.ContentletRelationshipsTest$CardinalityTestCase@da31098]" classname="com.dotmarketing.portlets.structure.model.ContentletRelationshipsTest" time="0.57"/>
  <testcase name="testDoesAllowOnlyOne[1: com.dotmarketing.portlets.structure.model.ContentletRelationshipsTest$CardinalityTestCase@85849a4]" classname="com.dotmarketing.portlets.structure.model.ContentletRelationshipsTest" time="0.505"/>
  <testcase name="testDoesAllowOnlyOne[2: com.dotmarketing.portlets.structure.model.ContentletRelationshipsTest$CardinalityTestCase@be0fc4]" classname="com.dotmarketing.portlets.structure.model.ContentletRelationshipsTest" time="0.53"/>
  <testcase name="testGetRelationshipRecords[0: com.dotmarketing.portlets.structure.model.ContentletRelationshipsTest$TestCase@42321599]" classname="com.dotmarketing.portlets.structure.model.ContentletRelationshipsTest" time="1.123"/>
  <testcase name="testGetRelationshipRecords[1: com.dotmarketing.portlets.structure.model.ContentletRelationshipsTest$TestCase@5700fa97]" classname="com.dotmarketing.portlets.structure.model.ContentletRelationshipsTest" time="2.102"/>
  <testcase name="testGetRelationshipRecords[2: com.dotmarketing.portlets.structure.model.ContentletRelationshipsTest$TestCase@1d5f9cba]" classname="com.dotmarketing.portlets.structure.model.ContentletRelationshipsTest" time="1.812"/>
  <testcase name="testGetRelationshipRecords[3: com.dotmarketing.portlets.structure.model.ContentletRelationshipsTest$TestCase@6d6f60fa]" classname="com.dotmarketing.portlets.structure.model.ContentletRelationshipsTest" time="1.869"/>
  <system-out><![CDATA[]]></system-out>
  <system-err><![CDATA[]]></system-err>
</testsuite>
