<?xml version="1.0" encoding="UTF-8"?>
<testsuite name="com.dotcms.rest.api.v1.vtl.VTLResourceIntegrationTest" tests="6" skipped="0" failures="0" errors="0" timestamp="2023-07-18T23:36:56" hostname="fv-az408-147" time="11.358">
  <properties/>
  <testcase name="testGet[0: com.dotcms.rest.api.v1.vtl.VTLResourceTestCase@1860eb89]" classname="com.dotcms.rest.api.v1.vtl.VTLResourceIntegrationTest" time="2.609"/>
  <testcase name="testGet[1: com.dotcms.rest.api.v1.vtl.VTLResourceTestCase@54fb1abb]" classname="com.dotcms.rest.api.v1.vtl.VTLResourceIntegrationTest" time="1.78"/>
  <testcase name="testGet[2: com.dotcms.rest.api.v1.vtl.VTLResourceTestCase@662329bc]" classname="com.dotcms.rest.api.v1.vtl.VTLResourceIntegrationTest" time="1.085"/>
  <testcase name="testGet[3: com.dotcms.rest.api.v1.vtl.VTLResourceTestCase@4006d5b6]" classname="com.dotcms.rest.api.v1.vtl.VTLResourceIntegrationTest" time="2.055"/>
  <testcase name="testGet[4: com.dotcms.rest.api.v1.vtl.VTLResourceTestCase@5f25429c]" classname="com.dotcms.rest.api.v1.vtl.VTLResourceIntegrationTest" time="1.876"/>
  <testcase name="testGet[5: com.dotcms.rest.api.v1.vtl.VTLResourceTestCase@5387a501]" classname="com.dotcms.rest.api.v1.vtl.VTLResourceIntegrationTest" time="1.953"/>
  <system-out><![CDATA[]]></system-out>
  <system-err><![CDATA[]]></system-err>
</testsuite>
