<?xml version="1.0" encoding="UTF-8"?>
<testsuite name="com.dotmarketing.startup.StartupTasksExecutorTest" tests="3" skipped="0" failures="0" errors="0" timestamp="2023-06-29T21:10:17" hostname="fv-az221-564" time="0.011">
  <properties/>
  <testcase name="testGetTaskId[0: com.dotmarketing.startup.StartupTasksExecutorTest$TestCase@744b93e6]" classname="com.dotmarketing.startup.StartupTasksExecutorTest" time="0.01"/>
  <testcase name="testGetTaskId[1: com.dotmarketing.startup.StartupTasksExecutorTest$TestCase@48d388a9]" classname="com.dotmarketing.startup.StartupTasksExecutorTest" time="0.0"/>
  <testcase name="testGetTaskId[2: com.dotmarketing.startup.StartupTasksExecutorTest$TestCase@454c6e8c]" classname="com.dotmarketing.startup.StartupTasksExecutorTest" time="0.001"/>
  <system-out><![CDATA[]]></system-out>
  <system-err><![CDATA[]]></system-err>
</testsuite>
