<?xml version="1.0" encoding="UTF-8"?>
<testsuite name="com.dotmarketing.startup.runonce.Task201013AddNewColumnsToIdentifierTableTest" tests="1" skipped="0" failures="0" errors="0" timestamp="2023-06-30T21:38:05" hostname="fv-az389-28" time="0.016">
  <properties/>
  <testcase name="test_upgradeTask_success" classname="com.dotmarketing.startup.runonce.Task201013AddNewColumnsToIdentifierTableTest" time="0.016"/>
  <system-out><![CDATA[]]></system-out>
  <system-err><![CDATA[]]></system-err>
</testsuite>
