<?xml version="1.0" encoding="UTF-8"?>
<testsuite name="com.dotmarketing.portlets.templates.business.TemplateAPITest" tests="44" skipped="0" failures="0" errors="0" timestamp="2023-07-13T23:31:14" hostname="fv-az298-223" time="37.65">
  <properties/>
  <testcase name="saveDraftTemplate_inodeNotExists_success" classname="com.dotmarketing.portlets.templates.business.TemplateAPITest" time="0.667"/>
  <testcase name="publishTemplate_expects_live_true" classname="com.dotmarketing.portlets.templates.business.TemplateAPITest" time="0.017"/>
  <testcase name="getContainersUUIDFromDrawTemplateBodyTest" classname="com.dotmarketing.portlets.templates.business.TemplateAPITest" time="0.001"/>
  <testcase name="findPagesByTemplate" classname="com.dotmarketing.portlets.templates.business.TemplateAPITest" time="1.965"/>
  <testcase name="testFindTemplatesUserCanUse_IncludeUniqueFilter_ShouldListOnlyOneResult" classname="com.dotmarketing.portlets.templates.business.TemplateAPITest" time="0.039"/>
  <testcase name="delete" classname="com.dotmarketing.portlets.templates.business.TemplateAPITest" time="0.043"/>
  <testcase name="test_find_inode_not_exist_return_Null" classname="com.dotmarketing.portlets.templates.business.TemplateAPITest" time="0.001"/>
  <testcase name="getContainersUUIDFromDrawTemplateBodyDoubleCommasTest" classname="com.dotmarketing.portlets.templates.business.TemplateAPITest" time="0.0"/>
  <testcase name="justOnePageVersion" classname="com.dotmarketing.portlets.templates.business.TemplateAPITest" time="2.093"/>
  <testcase name="severalPageVersionLang" classname="com.dotmarketing.portlets.templates.business.TemplateAPITest" time="3.009"/>
  <testcase name="testFindWorkingTemplateNoNPE" classname="com.dotmarketing.portlets.templates.business.TemplateAPITest" time="0.001"/>
  <testcase name="test_saveTemplate_limitedUser_success" classname="com.dotmarketing.portlets.templates.business.TemplateAPITest" time="2.935"/>
  <testcase name="test_findAllVersions_IdentifierNotBelongToTemplate_returnEmptyList" classname="com.dotmarketing.portlets.templates.business.TemplateAPITest" time="0.011"/>
  <testcase name="testFindTemplatesNoLayout" classname="com.dotmarketing.portlets.templates.business.TemplateAPITest" time="0.103"/>
  <testcase name="unpublishTemplate_expects_live_false" classname="com.dotmarketing.portlets.templates.business.TemplateAPITest" time="0.015"/>
  <testcase name="testFindTemplatesAssignedTo" classname="com.dotmarketing.portlets.templates.business.TemplateAPITest" time="0.024"/>
  <testcase name="test_find_success" classname="com.dotmarketing.portlets.templates.business.TemplateAPITest" time="0.02"/>
  <testcase name="archiveTemplate_expects_archive_true" classname="com.dotmarketing.portlets.templates.business.TemplateAPITest" time="0.01"/>
  <testcase name="testFindTemplates" classname="com.dotmarketing.portlets.templates.business.TemplateAPITest" time="0.02"/>
  <testcase name="archiveTemplate_expects_unarchive_true" classname="com.dotmarketing.portlets.templates.business.TemplateAPITest" time="0.013"/>
  <testcase name="test_newTemplate_checkIfSavesOwnerAndCreateDateOnIdentifier" classname="com.dotmarketing.portlets.templates.business.TemplateAPITest" time="0.014"/>
  <testcase name="getContainersUUIDFromDrawTemplateBodyTestNullInput" classname="com.dotmarketing.portlets.templates.business.TemplateAPITest" time="0.0"/>
  <testcase name="getTemplateByFolder_fileTemplate_success" classname="com.dotmarketing.portlets.templates.business.TemplateAPITest" time="2.16"/>
  <testcase name="findLiveTemplate" classname="com.dotmarketing.portlets.templates.business.TemplateAPITest" time="0.023"/>
  <testcase name="test_getContainersInTemplate_success" classname="com.dotmarketing.portlets.templates.business.TemplateAPITest" time="1.892"/>
  <testcase name="test_findAllVersions_success" classname="com.dotmarketing.portlets.templates.business.TemplateAPITest" time="0.026"/>
  <testcase name="testFindWorkingTemplateByName" classname="com.dotmarketing.portlets.templates.business.TemplateAPITest" time="1.023"/>
  <testcase name="test_saveTemplate_limitedUser_noEnoughPermissions_fail" classname="com.dotmarketing.portlets.templates.business.TemplateAPITest" time="1.793"/>
  <testcase name="copyTemplate" classname="com.dotmarketing.portlets.templates.business.TemplateAPITest" time="0.079"/>
  <testcase name="saveDraftTemplate_lastUpdatedUserIsNotTheSame_success" classname="com.dotmarketing.portlets.templates.business.TemplateAPITest" time="2.936"/>
  <testcase name="setThemeNameNull" classname="com.dotmarketing.portlets.templates.business.TemplateAPITest" time="0.011"/>
  <testcase name="severalPageVersionVariant" classname="com.dotmarketing.portlets.templates.business.TemplateAPITest" time="2.908"/>
  <testcase name="test_saveTemplate_editExistingTemplate" classname="com.dotmarketing.portlets.templates.business.TemplateAPITest" time="1.793"/>
  <testcase name="test_saveTemplate_newTemplate" classname="com.dotmarketing.portlets.templates.business.TemplateAPITest" time="0.391"/>
  <testcase name="severalPages" classname="com.dotmarketing.portlets.templates.business.TemplateAPITest" time="1.532"/>
  <testcase name="testFindLiveTemplateNoNPE" classname="com.dotmarketing.portlets.templates.business.TemplateAPITest" time="0.001"/>
  <testcase name="setThemeName" classname="com.dotmarketing.portlets.templates.business.TemplateAPITest" time="1.511"/>
  <testcase name="saveDraftTemplate_success" classname="com.dotmarketing.portlets.templates.business.TemplateAPITest" time="1.096"/>
  <testcase name="getTemplateHost_fileTemplate_success" classname="com.dotmarketing.portlets.templates.business.TemplateAPITest" time="2.415"/>
  <testcase name="findWorkingTemplate_fileTemplate_success" classname="com.dotmarketing.portlets.templates.business.TemplateAPITest" time="1.941"/>
  <testcase name="saveDraftTemplate_identifierNotExists_success" classname="com.dotmarketing.portlets.templates.business.TemplateAPITest" time="0.762"/>
  <testcase name="findLiveTemplate_fileTemplate_success" classname="com.dotmarketing.portlets.templates.business.TemplateAPITest" time="2.33"/>
  <testcase name="setThemeNameDoesNotExists" classname="com.dotmarketing.portlets.templates.business.TemplateAPITest" time="0.016"/>
  <testcase name="getContainersUUIDFromDrawTemplateBodyLegacyTest" classname="com.dotmarketing.portlets.templates.business.TemplateAPITest" time="0.001"/>
  <system-out><![CDATA[]]></system-out>
  <system-err><![CDATA[]]></system-err>
</testsuite>
