<?xml version="1.0" encoding="UTF-8"?>
<testsuite name="com.dotmarketing.quartz.job.BinaryCleanupJobTest" tests="2" skipped="0" failures="0" errors="0" timestamp="2023-06-26T16:24:38" hostname="fv-az955-152" time="0.176">
  <properties/>
  <testcase name="test_job_deletes_tmp_assets" classname="com.dotmarketing.quartz.job.BinaryCleanupJobTest" time="0.013"/>
  <testcase name="test_job_deletes_bundles" classname="com.dotmarketing.quartz.job.BinaryCleanupJobTest" time="0.163"/>
  <system-out><![CDATA[]]></system-out>
  <system-err><![CDATA[]]></system-err>
</testsuite>
