<?xml version="1.0" encoding="UTF-8"?>
<testsuite name="com.dotcms.rest.elasticsearch.ESContentResourcePortletTest" tests="8" skipped="0" failures="0" errors="0" timestamp="2023-07-19T18:22:18" hostname="fv-az615-953" time="11.189">
  <properties/>
  <testcase name="test_search_includeGrandChildCategory_success" classname="com.dotcms.rest.elasticsearch.ESContentResourcePortletTest" time="2.309"/>
  <testcase name="testSearch[0: com.dotcms.rest.elasticsearch.ESContentResourcePortletTest$TestCase@55233620]" classname="com.dotcms.rest.elasticsearch.ESContentResourcePortletTest" time="1.219"/>
  <testcase name="testSearch[1: com.dotcms.rest.elasticsearch.ESContentResourcePortletTest$TestCase@5ffaff3a]" classname="com.dotcms.rest.elasticsearch.ESContentResourcePortletTest" time="1.369"/>
  <testcase name="testSearch[2: com.dotcms.rest.elasticsearch.ESContentResourcePortletTest$TestCase@1c0be8a6]" classname="com.dotcms.rest.elasticsearch.ESContentResourcePortletTest" time="1.196"/>
  <testcase name="testSearch[3: com.dotcms.rest.elasticsearch.ESContentResourcePortletTest$TestCase@5814cf17]" classname="com.dotcms.rest.elasticsearch.ESContentResourcePortletTest" time="1.384"/>
  <testcase name="testSearch[4: com.dotcms.rest.elasticsearch.ESContentResourcePortletTest$TestCase@14ca6003]" classname="com.dotcms.rest.elasticsearch.ESContentResourcePortletTest" time="1.433"/>
  <testcase name="testSearch[5: com.dotcms.rest.elasticsearch.ESContentResourcePortletTest$TestCase@1cc14e8f]" classname="com.dotcms.rest.elasticsearch.ESContentResourcePortletTest" time="1.11"/>
  <testcase name="testSearch[6: com.dotcms.rest.elasticsearch.ESContentResourcePortletTest$TestCase@5f4cdb69]" classname="com.dotcms.rest.elasticsearch.ESContentResourcePortletTest" time="1.169"/>
  <system-out><![CDATA[]]></system-out>
  <system-err><![CDATA[]]></system-err>
</testsuite>
