<?xml version="1.0" encoding="UTF-8"?>
<testsuite name="com.dotmarketing.portlets.structure.model.ContentletRelationshipsTest" tests="7" skipped="0" failures="0" errors="0" timestamp="2023-07-11T03:24:06" hostname="fv-az407-783" time="7.274">
  <properties/>
  <testcase name="testDoesAllowOnlyOne[0: com.dotmarketing.portlets.structure.model.ContentletRelationshipsTest$CardinalityTestCase@3fab8ea8]" classname="com.dotmarketing.portlets.structure.model.ContentletRelationshipsTest" time="0.409"/>
  <testcase name="testDoesAllowOnlyOne[1: com.dotmarketing.portlets.structure.model.ContentletRelationshipsTest$CardinalityTestCase@1eb19874]" classname="com.dotmarketing.portlets.structure.model.ContentletRelationshipsTest" time="0.391"/>
  <testcase name="testDoesAllowOnlyOne[2: com.dotmarketing.portlets.structure.model.ContentletRelationshipsTest$CardinalityTestCase@65f4a845]" classname="com.dotmarketing.portlets.structure.model.ContentletRelationshipsTest" time="0.39"/>
  <testcase name="testGetRelationshipRecords[0: com.dotmarketing.portlets.structure.model.ContentletRelationshipsTest$TestCase@b7654f3]" classname="com.dotmarketing.portlets.structure.model.ContentletRelationshipsTest" time="1.811"/>
  <testcase name="testGetRelationshipRecords[1: com.dotmarketing.portlets.structure.model.ContentletRelationshipsTest$TestCase@68cb55fb]" classname="com.dotmarketing.portlets.structure.model.ContentletRelationshipsTest" time="1.787"/>
  <testcase name="testGetRelationshipRecords[2: com.dotmarketing.portlets.structure.model.ContentletRelationshipsTest$TestCase@7aab02ae]" classname="com.dotmarketing.portlets.structure.model.ContentletRelationshipsTest" time="0.715"/>
  <testcase name="testGetRelationshipRecords[3: com.dotmarketing.portlets.structure.model.ContentletRelationshipsTest$TestCase@3add2b3e]" classname="com.dotmarketing.portlets.structure.model.ContentletRelationshipsTest" time="1.77"/>
  <system-out><![CDATA[]]></system-out>
  <system-err><![CDATA[]]></system-err>
</testsuite>
