<?xml version="1.0" encoding="UTF-8"?>
<testsuite name="com.dotmarketing.business.portal.PortletAPIImplTest" tests="12" skipped="0" failures="0" errors="0" timestamp="2023-06-30T17:29:46" hostname="fv-az674-164" time="1.354">
  <properties/>
  <testcase name="test_delete_portlet" classname="com.dotmarketing.business.portal.PortletAPIImplTest" time="0.273"/>
  <testcase name="test_createCustomPortlet[0: com.dotmarketing.business.portal.PortletAPIImplTest$testCaseCreateCustomPortlet@7b115aeb]" classname="com.dotmarketing.business.portal.PortletAPIImplTest" time="0.157"/>
  <testcase name="test_createCustomPortlet[1: com.dotmarketing.business.portal.PortletAPIImplTest$testCaseCreateCustomPortlet@4ec17d7d]" classname="com.dotmarketing.business.portal.PortletAPIImplTest" time="0.174"/>
  <testcase name="test_createCustomPortlet[2: com.dotmarketing.business.portal.PortletAPIImplTest$testCaseCreateCustomPortlet@32310f27]" classname="com.dotmarketing.business.portal.PortletAPIImplTest" time="0.184"/>
  <testcase name="test_createCustomPortlet[3: com.dotmarketing.business.portal.PortletAPIImplTest$testCaseCreateCustomPortlet@68018139]" classname="com.dotmarketing.business.portal.PortletAPIImplTest" time="0.179"/>
  <testcase name="test_createCustomPortlet[4: com.dotmarketing.business.portal.PortletAPIImplTest$testCaseCreateCustomPortlet@19b658d0]" classname="com.dotmarketing.business.portal.PortletAPIImplTest" time="0.0"/>
  <testcase name="test_createCustomPortlet[5: com.dotmarketing.business.portal.PortletAPIImplTest$testCaseCreateCustomPortlet@5cd9f40e]" classname="com.dotmarketing.business.portal.PortletAPIImplTest" time="0.011"/>
  <testcase name="test_createCustomPortlet[6: com.dotmarketing.business.portal.PortletAPIImplTest$testCaseCreateCustomPortlet@66ab9085]" classname="com.dotmarketing.business.portal.PortletAPIImplTest" time="0.01"/>
  <testcase name="test_createCustomPortlet[7: com.dotmarketing.business.portal.PortletAPIImplTest$testCaseCreateCustomPortlet@247cd20]" classname="com.dotmarketing.business.portal.PortletAPIImplTest" time="0.01"/>
  <testcase name="test_createCustomPortlet[8: com.dotmarketing.business.portal.PortletAPIImplTest$testCaseCreateCustomPortlet@291c6560]" classname="com.dotmarketing.business.portal.PortletAPIImplTest" time="0.011"/>
  <testcase name="test_findPortlet" classname="com.dotmarketing.business.portal.PortletAPIImplTest" time="0.176"/>
  <testcase name="test_findAllPortlets" classname="com.dotmarketing.business.portal.PortletAPIImplTest" time="0.165"/>
  <system-out><![CDATA[]]></system-out>
  <system-err><![CDATA[]]></system-err>
</testsuite>
