<?xml version="1.0" encoding="UTF-8"?>
<testsuite name="com.dotcms.rest.api.v1.vtl.VTLResourceIntegrationTest" tests="6" skipped="0" failures="0" errors="0" timestamp="2023-07-11T03:02:35" hostname="fv-az1256-472" time="12.145">
  <properties/>
  <testcase name="testGet[0: com.dotcms.rest.api.v1.vtl.VTLResourceTestCase@75208b4]" classname="com.dotcms.rest.api.v1.vtl.VTLResourceIntegrationTest" time="2.183"/>
  <testcase name="testGet[1: com.dotcms.rest.api.v1.vtl.VTLResourceTestCase@18cf32c5]" classname="com.dotcms.rest.api.v1.vtl.VTLResourceIntegrationTest" time="1.942"/>
  <testcase name="testGet[2: com.dotcms.rest.api.v1.vtl.VTLResourceTestCase@3c660fdc]" classname="com.dotcms.rest.api.v1.vtl.VTLResourceIntegrationTest" time="2.256"/>
  <testcase name="testGet[3: com.dotcms.rest.api.v1.vtl.VTLResourceTestCase@1d6fb0de]" classname="com.dotcms.rest.api.v1.vtl.VTLResourceIntegrationTest" time="1.881"/>
  <testcase name="testGet[4: com.dotcms.rest.api.v1.vtl.VTLResourceTestCase@a6f1c6f]" classname="com.dotcms.rest.api.v1.vtl.VTLResourceIntegrationTest" time="1.834"/>
  <testcase name="testGet[5: com.dotcms.rest.api.v1.vtl.VTLResourceTestCase@6b574efd]" classname="com.dotcms.rest.api.v1.vtl.VTLResourceIntegrationTest" time="2.049"/>
  <system-out><![CDATA[]]></system-out>
  <system-err><![CDATA[]]></system-err>
</testsuite>
