<?xml version="1.0" encoding="UTF-8"?>
<testsuite name="com.dotcms.enterprise.publishing.remote.bundler.HostBundlerTest" tests="3" skipped="0" failures="0" errors="0" timestamp="2023-06-29T17:54:45" hostname="fv-az615-773" time="0.062">
  <properties/>
  <testcase name="addHostInBundle[0: com.dotcms.enterprise.publishing.remote.bundler.HostBundlerTest$TestCase@68b2016f]" classname="com.dotcms.enterprise.publishing.remote.bundler.HostBundlerTest" time="0.022"/>
  <testcase name="addHostInBundle[1: com.dotcms.enterprise.publishing.remote.bundler.HostBundlerTest$TestCase@528a3000]" classname="com.dotcms.enterprise.publishing.remote.bundler.HostBundlerTest" time="0.016"/>
  <testcase name="addHostInBundle[2: com.dotcms.enterprise.publishing.remote.bundler.HostBundlerTest$TestCase@554ac4eb]" classname="com.dotcms.enterprise.publishing.remote.bundler.HostBundlerTest" time="0.023"/>
  <system-out><![CDATA[]]></system-out>
  <system-err><![CDATA[]]></system-err>
</testsuite>
