<?xml version="1.0" encoding="UTF-8"?>
<testsuite name="com.dotmarketing.portlets.structure.factories.StructureFactoryTest" tests="31" skipped="2" failures="0" errors="0" timestamp="2023-07-06T22:07:06" hostname="fv-az987-876" time="12.571">
  <properties/>
  <testcase name="getStructuresWithLimit" classname="com.dotmarketing.portlets.structure.factories.StructureFactoryTest" time="0.015"/>
  <testcase name="getImagesFieldsList" classname="com.dotmarketing.portlets.structure.factories.StructureFactoryTest" time="0.006"/>
  <testcase name="getNoSystemStructuresWithReadPermissions" classname="com.dotmarketing.portlets.structure.factories.StructureFactoryTest" time="1.513"/>
  <testcase name="getStructuresAllParameters" classname="com.dotmarketing.portlets.structure.factories.StructureFactoryTest" time="0.015"/>
  <testcase name="getTotalImages" classname="com.dotmarketing.portlets.structure.factories.StructureFactoryTest" time="0.001"/>
  <testcase name="getStructuresByUser" classname="com.dotmarketing.portlets.structure.factories.StructureFactoryTest" time="0.62"/>
  <testcase name="getTotalWYSIWYG" classname="com.dotmarketing.portlets.structure.factories.StructureFactoryTest" time="0.001"/>
  <testcase name="disableDefault" classname="com.dotmarketing.portlets.structure.factories.StructureFactoryTest" time="0.001"/>
  <testcase name="getStructuresWithWritePermissions" classname="com.dotmarketing.portlets.structure.factories.StructureFactoryTest" time="0.043"/>
  <testcase name="getTotalDates" classname="com.dotmarketing.portlets.structure.factories.StructureFactoryTest" time="0.001"/>
  <testcase name="getTotalFiles" classname="com.dotmarketing.portlets.structure.factories.StructureFactoryTest" time="0.001"/>
  <testcase name="getStructureByInode" classname="com.dotmarketing.portlets.structure.factories.StructureFactoryTest" time="0.001"/>
  <testcase name="getTagsFields" classname="com.dotmarketing.portlets.structure.factories.StructureFactoryTest" time="0.001"/>
  <testcase name="getTotalTextAreas" classname="com.dotmarketing.portlets.structure.factories.StructureFactoryTest" time="0.001"/>
  <testcase name="findStructureURLMapPatterns" classname="com.dotmarketing.portlets.structure.factories.StructureFactoryTest" time="8.049"/>
  <testcase name="getAllStructuresNames" classname="com.dotmarketing.portlets.structure.factories.StructureFactoryTest" time="0.936"/>
  <testcase name="getAllVelocityVariablesNames" classname="com.dotmarketing.portlets.structure.factories.StructureFactoryTest" time="0.622"/>
  <testcase name="getStructuresWithOrderAndLimit" classname="com.dotmarketing.portlets.structure.factories.StructureFactoryTest" time="0.006"/>
  <testcase name="getStructureByType" classname="com.dotmarketing.portlets.structure.factories.StructureFactoryTest" time="0.002"/>
  <testcase name="getStructures" classname="com.dotmarketing.portlets.structure.factories.StructureFactoryTest" time="0.494"/>
  <testcase name="getStructuresWithReadPermissions" classname="com.dotmarketing.portlets.structure.factories.StructureFactoryTest" time="0.058"/>
  <testcase name="getStructuresByWFScheme" classname="com.dotmarketing.portlets.structure.factories.StructureFactoryTest" time="0.0">
    <skipped/>
  </testcase>
  <testcase name="structures" classname="com.dotmarketing.portlets.structure.factories.StructureFactoryTest" time="0.156"/>
  <testcase name="createDefaultStructure" classname="com.dotmarketing.portlets.structure.factories.StructureFactoryTest" time="0.0">
    <skipped/>
  </testcase>
  <testcase name="getDefaultStructure" classname="com.dotmarketing.portlets.structure.factories.StructureFactoryTest" time="0.002"/>
  <testcase name="getStructureByVelocityVarName" classname="com.dotmarketing.portlets.structure.factories.StructureFactoryTest" time="0.001"/>
  <testcase name="getTotals" classname="com.dotmarketing.portlets.structure.factories.StructureFactoryTest" time="0.001"/>
  <testcase name="getStructuresCount" classname="com.dotmarketing.portlets.structure.factories.StructureFactoryTest" time="0.003"/>
  <testcase name="findStructuresUserCanUse" classname="com.dotmarketing.portlets.structure.factories.StructureFactoryTest" time="0.005"/>
  <testcase name="getStructuresWithOrderLimitAndDirection" classname="com.dotmarketing.portlets.structure.factories.StructureFactoryTest" time="0.008"/>
  <testcase name="getFilesFieldsList" classname="com.dotmarketing.portlets.structure.factories.StructureFactoryTest" time="0.001"/>
  <system-out><![CDATA[]]></system-out>
  <system-err><![CDATA[]]></system-err>
</testsuite>
