<?xml version="1.0" encoding="UTF-8"?>
<testsuite name="com.dotmarketing.startup.runonce.Task210321RemoveOldMetadataFilesTest" tests="1" skipped="0" failures="0" errors="0" timestamp="2023-07-13T19:41:53" hostname="fv-az254-636" time="0.635">
  <properties/>
  <testcase name="Test_Upgrade_Task" classname="com.dotmarketing.startup.runonce.Task210321RemoveOldMetadataFilesTest" time="0.635"/>
  <system-out><![CDATA[]]></system-out>
  <system-err><![CDATA[]]></system-err>
</testsuite>
