<?xml version="1.0" encoding="UTF-8"?>
<testsuite name="com.dotcms.rest.TagResourceIntegrationTest" tests="4" skipped="0" failures="0" errors="0" timestamp="2023-06-30T17:04:20" hostname="fv-az455-211" time="0.394">
  <properties/>
  <testcase name="testList[0: com.dotcms.rest.TagResourceTestCase@6c90e6d3]" classname="com.dotcms.rest.TagResourceIntegrationTest" time="0.318"/>
  <testcase name="testList[1: com.dotcms.rest.TagResourceTestCase@2dbade1b]" classname="com.dotcms.rest.TagResourceIntegrationTest" time="0.028"/>
  <testcase name="testList[2: com.dotcms.rest.TagResourceTestCase@666986e4]" classname="com.dotcms.rest.TagResourceIntegrationTest" time="0.021"/>
  <testcase name="testList[3: com.dotcms.rest.TagResourceTestCase@204b3735]" classname="com.dotcms.rest.TagResourceIntegrationTest" time="0.025"/>
  <system-out><![CDATA[]]></system-out>
  <system-err><![CDATA[Jun 30, 2023 5:04:20 PM com.dotcms.repackage.org.hibernate.validator.internal.util.Version <clinit>
INFO: HV000001: Hibernate Validator 4.3.2.Final
]]></system-err>
</testsuite>
