<?xml version="1.0" encoding="UTF-8"?>
<testsuite name="com.dotcms.keyvalue.business.KeyValueAPITest" tests="9" skipped="0" failures="0" errors="0" timestamp="2023-07-03T17:10:59" hostname="fv-az564-656" time="12.33">
  <properties/>
  <testcase name="keyValueLanguageContentTypeCache" classname="com.dotcms.keyvalue.business.KeyValueAPITest" time="1.512"/>
  <testcase name="keyValueLanguageCache" classname="com.dotcms.keyvalue.business.KeyValueAPITest" time="1.412"/>
  <testcase name="keyValueContentTypeCache" classname="com.dotcms.keyvalue.business.KeyValueAPITest" time="1.282"/>
  <testcase name="keyValueCache" classname="com.dotcms.keyvalue.business.KeyValueAPITest" time="0.432"/>
  <testcase name="updateKeyValueContent" classname="com.dotcms.keyvalue.business.KeyValueAPITest" time="1.707"/>
  <testcase name="getKeyValueList" classname="com.dotcms.keyvalue.business.KeyValueAPITest" time="1.71"/>
  <testcase name="saveKeyValueContentWithUnique" classname="com.dotcms.keyvalue.business.KeyValueAPITest" time="1.305"/>
  <testcase name="test_get_savesKeyWithWhitespaceInEnglishAndSpanish_success" classname="com.dotcms.keyvalue.business.KeyValueAPITest" time="1.519"/>
  <testcase name="savesKeyValueContentWithVersionInEnglishAndSpanish" classname="com.dotcms.keyvalue.business.KeyValueAPITest" time="1.449"/>
  <system-out><![CDATA[
]]></system-out>
  <system-err><![CDATA[]]></system-err>
</testsuite>
