<?xml version="1.0" encoding="UTF-8"?>
<testsuite name="com.dotcms.rendering.velocity.servlet.VelocityServletIntegrationTest" tests="9" skipped="0" failures="0" errors="0" timestamp="2023-06-23T23:37:15" hostname="fv-az1259-189" time="31.429">
  <properties/>
  <testcase name="backendUserRefererEmpty" classname="com.dotcms.rendering.velocity.servlet.VelocityServletIntegrationTest" time="1.11"/>
  <testcase name="backendUserRefererNotDotAdmin" classname="com.dotcms.rendering.velocity.servlet.VelocityServletIntegrationTest" time="0.893"/>
  <testcase name="whenRequestURLMapAndVanityURLTogether" classname="com.dotcms.rendering.velocity.servlet.VelocityServletIntegrationTest" time="11.36"/>
  <testcase name="testingTimeMachine" classname="com.dotcms.rendering.velocity.servlet.VelocityServletIntegrationTest" time="2.854"/>
  <testcase name="backendUserDisabledNavigateModeSet" classname="com.dotcms.rendering.velocity.servlet.VelocityServletIntegrationTest" time="0.987"/>
  <testcase name="backendUserRefererDotAdmin" classname="com.dotcms.rendering.velocity.servlet.VelocityServletIntegrationTest" time="1.014"/>
  <testcase name="whenRequestVanityURL" classname="com.dotcms.rendering.velocity.servlet.VelocityServletIntegrationTest" time="7.069"/>
  <testcase name="whenRequestURLMap" classname="com.dotcms.rendering.velocity.servlet.VelocityServletIntegrationTest" time="5.146"/>
  <testcase name="Test_Frontend_Login_Overrides_BackendLogin_When_Page_Requested" classname="com.dotcms.rendering.velocity.servlet.VelocityServletIntegrationTest" time="0.994"/>
  <system-out><![CDATA[]]></system-out>
  <system-err><![CDATA[]]></system-err>
</testsuite>
