<?xml version="1.0" encoding="UTF-8"?>
<testsuite name="com.dotcms.rest.api.v1.asset.WebAssetHelperIntegrationTest" tests="11" skipped="0" failures="0" errors="0" timestamp="2023-07-08T06:06:32" hostname="fv-az436-467" time="6.096">
  <properties/>
  <testcase name="TestUploadFile" classname="com.dotcms.rest.api.v1.asset.WebAssetHelperIntegrationTest" time="1.431"/>
  <testcase name="TestUploadEmptyFile" classname="com.dotcms.rest.api.v1.asset.WebAssetHelperIntegrationTest" time="1.208"/>
  <testcase name="TestGetFolderInfo" classname="com.dotcms.rest.api.v1.asset.WebAssetHelperIntegrationTest" time="0.041"/>
  <testcase name="Test_Delete_File_Then_Delete_Folder" classname="com.dotcms.rest.api.v1.asset.WebAssetHelperIntegrationTest" time="0.456"/>
  <testcase name="Test_Parse_Language" classname="com.dotcms.rest.api.v1.asset.WebAssetHelperIntegrationTest" time="0.025"/>
  <testcase name="Test_Retrieve_All_Versions" classname="com.dotcms.rest.api.v1.asset.WebAssetHelperIntegrationTest" time="1.556"/>
  <testcase name="TestDownloadFile" classname="com.dotcms.rest.api.v1.asset.WebAssetHelperIntegrationTest" time="0.029"/>
  <testcase name="Test_Archive_File" classname="com.dotcms.rest.api.v1.asset.WebAssetHelperIntegrationTest" time="1.319"/>
  <testcase name="TestDownloadFileInvalidLanguage" classname="com.dotcms.rest.api.v1.asset.WebAssetHelperIntegrationTest" time="0.003"/>
  <testcase name="TestDownloadFileDifferentLang" classname="com.dotcms.rest.api.v1.asset.WebAssetHelperIntegrationTest" time="0.025"/>
  <testcase name="TestGetNonExistingFolderInfo" classname="com.dotcms.rest.api.v1.asset.WebAssetHelperIntegrationTest" time="0.002"/>
  <system-out><![CDATA[
]]></system-out>
  <system-err><![CDATA[]]></system-err>
</testsuite>
