<?xml version="1.0" encoding="UTF-8"?>
<testsuite name="com.dotmarketing.business.DeterministicIdentifierAPITest" tests="16" skipped="0" failures="0" errors="0" timestamp="2023-06-26T16:41:22" hostname="fv-az364-36" time="0.948">
  <properties/>
  <testcase name="Test_Category_Path_Seed_And_Id" classname="com.dotmarketing.business.DeterministicIdentifierAPITest" time="0.027"/>
  <testcase name="Test_Language_Deterministic_Id[0: LanguageTestCase{expectedSeed='Language:es:US', expectedHash=4913155, langCode='es', countryCode='US', country='United States'}]" classname="com.dotmarketing.business.DeterministicIdentifierAPITest" time="0.001"/>
  <testcase name="Test_Language_Deterministic_Id[1: LanguageTestCase{expectedSeed='Language:ep:', expectedHash=5292269, langCode='ep', countryCode='', country=''}]" classname="com.dotmarketing.business.DeterministicIdentifierAPITest" time="0.001"/>
  <testcase name="Test_Language_Deterministic_Id[2: LanguageTestCase{expectedSeed='Language:sg:SAG', expectedHash=4713118, langCode='sg', countryCode='SAG', country=''}]" classname="com.dotmarketing.business.DeterministicIdentifierAPITest" time="0.001"/>
  <testcase name="Test_Language_Deterministic_Id[3: LanguageTestCase{expectedSeed='Language:en:NZ', expectedHash=5382528, langCode='en', countryCode='NZ', country='New Zealand'}]" classname="com.dotmarketing.business.DeterministicIdentifierAPITest" time="0.0"/>
  <testcase name="Test_Category_None_Persisted_Category_Should_Return_Deterministic_Id" classname="com.dotmarketing.business.DeterministicIdentifierAPITest" time="0.001"/>
  <testcase name="Test_Asset_Generate_Deterministic_Id_Best_Effort[0: TestCase{versionable=my.host1687792205034.com, parent=System Host, expectedName='my.host1687792205034.com', expectedType='Host'}]" classname="com.dotmarketing.business.DeterministicIdentifierAPITest" time="0.003"/>
  <testcase name="Test_Asset_Generate_Deterministic_Id_Best_Effort[1: TestCase{versionable=com.dotmarketing.portlets.contentlet.model.Contentlet@621f07b1[map={modDate=2023-06-26 15:10:06.131, fileName=file11665916004835622345.txt, title=file11665916004835622345.txt, inode=50fada2d-5684-4013-9f5f-1a378009084d, __IS_NEW_CONTENT__=true, disabledWYSIWYG=[], host=13ce33ea-a3e1-4efe-94f9-f558a81e93d7, stInode=33888b6f-7a8e-4069-b1b6-5c1aa9d0a48d, owner=system, identifier=be1ee517-b4e2-4d70-8785-0b988b6ea70e, nullProperties=[wfExpireDate, wfPublishDate, wfActionAssign, wfActionId, wfActionComments, filterKey, whereToSend, wfNeverExpire, _path_to_move, timezoneId, iWantTo, wfPublishTime, wfExpireTime], languageId=1, fileAsset=/home/runner/work/core/custom/assets/5/0/50fada2d-5684-4013-9f5f-1a378009084d/fileAsset/file11665916004835622345.txt, folder=af67145d-7f5e-48da-b319-09e0b313b611, __disable_workflow__=true, sortOrder=0, modUser=system},lowIndexPriority=false,variantId=DEFAULT], parent=com.dotmarketing.portlets.folders.model.Folder@28a629e5[identifier=af67145d-7f5e-48da-b319-09e0b313b611,name=testName1687792206116,sortOrder=0,showOnMenu=false,hostId=13ce33ea-a3e1-4efe-94f9-f558a81e93d7,type=folder,title=testTitle1687792206116,filesMasks=,defaultFileType=33888b6f-7a8e-4069-b1b6-5c1aa9d0a48d,modDate=2023-06-26 15:10:06.122,owner=&lt;null&gt;,iDate=2023-06-26 15:10:06.122,inode=af67145d-7f5e-48da-b319-09e0b313b611,path=/testName1687792206116/], expectedName='file11665916004835622345.txt', expectedType='FileAsset'}]" classname="com.dotmarketing.business.DeterministicIdentifierAPITest" time="0.004"/>
  <testcase name="Test_Asset_Generate_Deterministic_Id_Best_Effort[2: TestCase{versionable=com.dotmarketing.portlets.templates.model.Template@5bbeca58, parent=my.host1687792205034.com, expectedName='testTitle1687792206197', expectedType='Template'}]" classname="com.dotmarketing.business.DeterministicIdentifierAPITest" time="0.003"/>
  <testcase name="Test_Asset_Generate_Deterministic_Id_Best_Effort[3: TestCase{versionable=com.dotmarketing.portlets.htmlpageasset.model.HTMLPageAsset@159d600e[map={template=b5c4e8d1-40c1-457c-aa59-1f76ad3743cd, owner=system, identifier=5b9cede8-0946-44de-b8ac-3353857dc231, nullProperties=[wfExpireDate, wfPublishDate, wfActionAssign, wfActionId, wfActionComments, filterKey, whereToSend, wfNeverExpire, _path_to_move, timezoneId, iWantTo, wfPublishTime, wfExpireTime], modDate=2023-06-26 15:10:06.213, cachettl=0, _is_test_mode=true, languageId=1, title=test-page-title-1687792206209, httpsreq=, url=test-page-url-1687792206209, showOnMenu=, inode=c11276ed-d8e6-481b-9a2f-0b18089cbd34, folder=af67145d-7f5e-48da-b319-09e0b313b611, disabledWYSIWYG=[], sortOrder=1, modUser=system, host=13ce33ea-a3e1-4efe-94f9-f558a81e93d7, stInode=c541abb1-69b3-4bc5-8430-5e09e5239cc8, friendlyName=test-page-friendly-name-1687792206209},lowIndexPriority=false,variantId=DEFAULT], parent=com.dotmarketing.portlets.folders.model.Folder@28a629e5[identifier=af67145d-7f5e-48da-b319-09e0b313b611,name=testName1687792206116,sortOrder=0,showOnMenu=false,hostId=13ce33ea-a3e1-4efe-94f9-f558a81e93d7,type=folder,title=testTitle1687792206116,filesMasks=,defaultFileType=33888b6f-7a8e-4069-b1b6-5c1aa9d0a48d,modDate=2023-06-26 15:10:06.122,owner=&lt;null&gt;,iDate=2023-06-26 15:10:06.122,inode=af67145d-7f5e-48da-b319-09e0b313b611,path=/testName1687792206116/], expectedName='test-page-url-1687792206209', expectedType='htmlpageasset'}]" classname="com.dotmarketing.business.DeterministicIdentifierAPITest" time="0.003"/>
  <testcase name="Test_Asset_Generate_Deterministic_Id_Best_Effort[4: TestCase{versionable=com.dotmarketing.portlets.contentlet.model.Contentlet@1fee906c[map={fileAsset2=/home/runner/work/core/custom/assets/6/a/6a9e24ca-7dd7-465d-afde-3877ad039319/fileAsset2/test_binary1687792207120.png, modDate=2023-06-26 15:10:07.129, fileAsset1=/home/runner/work/core/custom/assets/6/a/6a9e24ca-7dd7-465d-afde-3877ad039319/fileAsset1/test_binary1687792207120.jpg, title=blah, inode=6a9e24ca-7dd7-465d-afde-3877ad039319, __IS_NEW_CONTENT__=true, disabledWYSIWYG=[], host=8a7d5e23-da1e-420a-b4f0-471e7da8ea2d, stInode=d5987769-045e-4b33-a883-7d28fa14827e, owner=system, identifier=e7cbafcf-ccd0-4394-b582-a6a6edf0deb7, nullProperties=[], languageId=1, image1=54ef5a8e-276e-4564-8de1-2a15da5ffdaa, folder=SYSTEM_FOLDER, __disable_workflow__=true, sortOrder=0, modUser=system},lowIndexPriority=false,variantId=DEFAULT], parent=default, expectedName='test_binary1687792207120.jpg:test_binary1687792207120.png', expectedType='MultipleBinaries1687792206333'}]" classname="com.dotmarketing.business.DeterministicIdentifierAPITest" time="0.008"/>
  <testcase name="Test_Asset_Generate_Deterministic_Id_Best_Effort[5: TestCase{versionable=name6bac52ee13 : keyTag6bac52ee13, parent=my.host1687792205034.com, expectedName='keyTag6bac52ee13', expectedType='persona'}]" classname="com.dotmarketing.business.DeterministicIdentifierAPITest" time="0.006"/>
  <testcase name="Test_Similar_Content_Type_Wont_Clash" classname="com.dotmarketing.business.DeterministicIdentifierAPITest" time="0.459"/>
  <testcase name="Test_Generate_Folder_Identifier" classname="com.dotmarketing.business.DeterministicIdentifierAPITest" time="0.405"/>
  <testcase name="Test_Generate_Content_Type_Identifier[0: ContentTypeTestCase{contentType=KeyValueContentType{name=Language Variable, id=f4d7c1b8-2c88-4071-abf1-a5328977b07d, description=Default Content Type for Language Variables, defaultType=false, fixed=true, iDate=Thu Aug 31 16:38:49 UTC 2017, system=true, versionable=true, variable=Languagevariable, modDate=Mon Jun 26 15:06:44 UTC 2023, host=SYSTEM_HOST, siteName=systemHost, icon=language, sortOrder=0, folder=SYSTEM_FOLDER, folderPath=/, markedForDeletion=false, multilingualable=false}, expectedName='Languagevariable', expectedType='KeyValue'}]" classname="com.dotmarketing.business.DeterministicIdentifierAPITest" time="0.014"/>
  <testcase name="Test_Generate_Content_Type_Identifier[1: ContentTypeTestCase{contentType=SimpleContentType{name=testName1687792207443, id=8ab41e4a-5276-4e6d-986e-856196e89ce4, description=testDescription1687792207443, defaultType=false, fixed=false, iDate=Mon Jun 26 15:10:07 UTC 2023, system=false, versionable=true, multilingualable=false, variable=testVarname1687792207443, owner=system, modDate=Mon Jun 26 15:10:08 UTC 2023, host=8a7d5e23-da1e-420a-b4f0-471e7da8ea2d, siteName=default, icon=event_note, sortOrder=0, folder=SYSTEM_FOLDER, folderPath=/, requiredFields=[], markedForDeletion=false}, expectedName='testVarname1687792207443', expectedType='CONTENT'}]" classname="com.dotmarketing.business.DeterministicIdentifierAPITest" time="0.006"/>
  <system-out><![CDATA[]]></system-out>
  <system-err><![CDATA[]]></system-err>
</testsuite>
