<?xml version="1.0" encoding="UTF-8"?>
<testsuite name="com.dotcms.enterprise.publishing.remote.bundler.HostBundlerTest" tests="3" skipped="0" failures="0" errors="0" timestamp="2023-07-03T22:39:18" hostname="fv-az344-336" time="0.052">
  <properties/>
  <testcase name="addHostInBundle[0: com.dotcms.enterprise.publishing.remote.bundler.HostBundlerTest$TestCase@f999b98]" classname="com.dotcms.enterprise.publishing.remote.bundler.HostBundlerTest" time="0.017"/>
  <testcase name="addHostInBundle[1: com.dotcms.enterprise.publishing.remote.bundler.HostBundlerTest$TestCase@5ae1977b]" classname="com.dotcms.enterprise.publishing.remote.bundler.HostBundlerTest" time="0.014"/>
  <testcase name="addHostInBundle[2: com.dotcms.enterprise.publishing.remote.bundler.HostBundlerTest$TestCase@18b9b887]" classname="com.dotcms.enterprise.publishing.remote.bundler.HostBundlerTest" time="0.021"/>
  <system-out><![CDATA[]]></system-out>
  <system-err><![CDATA[]]></system-err>
</testsuite>
