<?xml version="1.0" encoding="UTF-8"?>
<testsuite name="com.dotcms.rendering.velocity.viewtools.content.util.ContentUtilsTest" tests="89" skipped="0" failures="0" errors="0" timestamp="2023-06-26T18:37:22" hostname="fv-az341-169" time="398.18">
  <properties/>
  <testcase name="whenTheTimeMachineDateIsNullAndPublishDateInFutureShouldNotReturnAnything" classname="com.dotcms.rendering.velocity.viewtools.content.util.ContentUtilsTest" time="3.675"/>
  <testcase name="test_find_multilingual_contentlet_getContentletSuccessfully" classname="com.dotcms.rendering.velocity.viewtools.content.util.ContentUtilsTest" time="2.363"/>
  <testcase name="whenTheTimeMachineDateAndPublishDateAreTomorrowShouldReturnOneContent" classname="com.dotcms.rendering.velocity.viewtools.content.util.ContentUtilsTest" time="3.672"/>
  <testcase name="testPullRelated[0: com.dotcms.rendering.velocity.viewtools.content.util.ContentUtilsTest$TestCase@61290d6e]" classname="com.dotcms.rendering.velocity.viewtools.content.util.ContentUtilsTest" time="4.133"/>
  <testcase name="testPullRelated[1: com.dotcms.rendering.velocity.viewtools.content.util.ContentUtilsTest$TestCase@5eaede13]" classname="com.dotcms.rendering.velocity.viewtools.content.util.ContentUtilsTest" time="4.207"/>
  <testcase name="testPullRelated[2: com.dotcms.rendering.velocity.viewtools.content.util.ContentUtilsTest$TestCase@5f63fc3c]" classname="com.dotcms.rendering.velocity.viewtools.content.util.ContentUtilsTest" time="4.199"/>
  <testcase name="testPullRelated[3: com.dotcms.rendering.velocity.viewtools.content.util.ContentUtilsTest$TestCase@7d99950f]" classname="com.dotcms.rendering.velocity.viewtools.content.util.ContentUtilsTest" time="4.007"/>
  <testcase name="testPullRelated[4: com.dotcms.rendering.velocity.viewtools.content.util.ContentUtilsTest$TestCase@54f2a5af]" classname="com.dotcms.rendering.velocity.viewtools.content.util.ContentUtilsTest" time="3.784"/>
  <testcase name="testPullRelated[5: com.dotcms.rendering.velocity.viewtools.content.util.ContentUtilsTest$TestCase@7c84b764]" classname="com.dotcms.rendering.velocity.viewtools.content.util.ContentUtilsTest" time="4.21"/>
  <testcase name="testPullRelated[6: com.dotcms.rendering.velocity.viewtools.content.util.ContentUtilsTest$TestCase@3c4626d4]" classname="com.dotcms.rendering.velocity.viewtools.content.util.ContentUtilsTest" time="4.316"/>
  <testcase name="testPullRelated[7: com.dotcms.rendering.velocity.viewtools.content.util.ContentUtilsTest$TestCase@dc6fdbe]" classname="com.dotcms.rendering.velocity.viewtools.content.util.ContentUtilsTest" time="4.146"/>
  <testcase name="testPullRelated[8: com.dotcms.rendering.velocity.viewtools.content.util.ContentUtilsTest$TestCase@4cd8ee74]" classname="com.dotcms.rendering.velocity.viewtools.content.util.ContentUtilsTest" time="2.803"/>
  <testcase name="testPullRelated[9: com.dotcms.rendering.velocity.viewtools.content.util.ContentUtilsTest$TestCase@15be4f1c]" classname="com.dotcms.rendering.velocity.viewtools.content.util.ContentUtilsTest" time="3.974"/>
  <testcase name="testPullRelated[10: com.dotcms.rendering.velocity.viewtools.content.util.ContentUtilsTest$TestCase@18c3bbf9]" classname="com.dotcms.rendering.velocity.viewtools.content.util.ContentUtilsTest" time="3.142"/>
  <testcase name="testPullRelated[11: com.dotcms.rendering.velocity.viewtools.content.util.ContentUtilsTest$TestCase@22529e52]" classname="com.dotcms.rendering.velocity.viewtools.content.util.ContentUtilsTest" time="4.353"/>
  <testcase name="testPullRelated[12: com.dotcms.rendering.velocity.viewtools.content.util.ContentUtilsTest$TestCase@29726f22]" classname="com.dotcms.rendering.velocity.viewtools.content.util.ContentUtilsTest" time="2.774"/>
  <testcase name="testPullRelated[13: com.dotcms.rendering.velocity.viewtools.content.util.ContentUtilsTest$TestCase@4e5303bf]" classname="com.dotcms.rendering.velocity.viewtools.content.util.ContentUtilsTest" time="3.104"/>
  <testcase name="testPullRelated[14: com.dotcms.rendering.velocity.viewtools.content.util.ContentUtilsTest$TestCase@4b4a75ff]" classname="com.dotcms.rendering.velocity.viewtools.content.util.ContentUtilsTest" time="3.079"/>
  <testcase name="testPullRelated[15: com.dotcms.rendering.velocity.viewtools.content.util.ContentUtilsTest$TestCase@7ddcc2ca]" classname="com.dotcms.rendering.velocity.viewtools.content.util.ContentUtilsTest" time="3.041"/>
  <testcase name="testPullRelated[16: com.dotcms.rendering.velocity.viewtools.content.util.ContentUtilsTest$TestCase@476da92c]" classname="com.dotcms.rendering.velocity.viewtools.content.util.ContentUtilsTest" time="4.135"/>
  <testcase name="testPullRelated[17: com.dotcms.rendering.velocity.viewtools.content.util.ContentUtilsTest$TestCase@11751485]" classname="com.dotcms.rendering.velocity.viewtools.content.util.ContentUtilsTest" time="2.95"/>
  <testcase name="testPullRelated[18: com.dotcms.rendering.velocity.viewtools.content.util.ContentUtilsTest$TestCase@9087ed9]" classname="com.dotcms.rendering.velocity.viewtools.content.util.ContentUtilsTest" time="4.22"/>
  <testcase name="testPullRelated[19: com.dotcms.rendering.velocity.viewtools.content.util.ContentUtilsTest$TestCase@12d937a0]" classname="com.dotcms.rendering.velocity.viewtools.content.util.ContentUtilsTest" time="2.933"/>
  <testcase name="testPullRelated[20: com.dotcms.rendering.velocity.viewtools.content.util.ContentUtilsTest$TestCase@38d7c81e]" classname="com.dotcms.rendering.velocity.viewtools.content.util.ContentUtilsTest" time="4.182"/>
  <testcase name="testPullRelated[21: com.dotcms.rendering.velocity.viewtools.content.util.ContentUtilsTest$TestCase@1bf32bd]" classname="com.dotcms.rendering.velocity.viewtools.content.util.ContentUtilsTest" time="3.837"/>
  <testcase name="testPullRelated[22: com.dotcms.rendering.velocity.viewtools.content.util.ContentUtilsTest$TestCase@4b8b7ae5]" classname="com.dotcms.rendering.velocity.viewtools.content.util.ContentUtilsTest" time="4.389"/>
  <testcase name="testPullRelated[23: com.dotcms.rendering.velocity.viewtools.content.util.ContentUtilsTest$TestCase@10b43003]" classname="com.dotcms.rendering.velocity.viewtools.content.util.ContentUtilsTest" time="2.953"/>
  <testcase name="testPullRelated[24: com.dotcms.rendering.velocity.viewtools.content.util.ContentUtilsTest$TestCase@16258d33]" classname="com.dotcms.rendering.velocity.viewtools.content.util.ContentUtilsTest" time="4.114"/>
  <testcase name="testPullRelated[25: com.dotcms.rendering.velocity.viewtools.content.util.ContentUtilsTest$TestCase@6ef76f90]" classname="com.dotcms.rendering.velocity.viewtools.content.util.ContentUtilsTest" time="2.951"/>
  <testcase name="testPullRelated[26: com.dotcms.rendering.velocity.viewtools.content.util.ContentUtilsTest$TestCase@7e3b6cf9]" classname="com.dotcms.rendering.velocity.viewtools.content.util.ContentUtilsTest" time="3.121"/>
  <testcase name="testPullRelated[27: com.dotcms.rendering.velocity.viewtools.content.util.ContentUtilsTest$TestCase@4f3e6f15]" classname="com.dotcms.rendering.velocity.viewtools.content.util.ContentUtilsTest" time="3.883"/>
  <testcase name="testPullRelated[28: com.dotcms.rendering.velocity.viewtools.content.util.ContentUtilsTest$TestCase@75c82fd4]" classname="com.dotcms.rendering.velocity.viewtools.content.util.ContentUtilsTest" time="4.12"/>
  <testcase name="testPullRelated[29: com.dotcms.rendering.velocity.viewtools.content.util.ContentUtilsTest$TestCase@20964512]" classname="com.dotcms.rendering.velocity.viewtools.content.util.ContentUtilsTest" time="3.892"/>
  <testcase name="testPullRelated[30: com.dotcms.rendering.velocity.viewtools.content.util.ContentUtilsTest$TestCase@5efa95d]" classname="com.dotcms.rendering.velocity.viewtools.content.util.ContentUtilsTest" time="4.462"/>
  <testcase name="testPullRelated[31: com.dotcms.rendering.velocity.viewtools.content.util.ContentUtilsTest$TestCase@39953832]" classname="com.dotcms.rendering.velocity.viewtools.content.util.ContentUtilsTest" time="3.862"/>
  <testcase name="testPullRelated[32: com.dotcms.rendering.velocity.viewtools.content.util.ContentUtilsTest$TestCase@d17165b]" classname="com.dotcms.rendering.velocity.viewtools.content.util.ContentUtilsTest" time="4.044"/>
  <testcase name="testPullRelated[33: com.dotcms.rendering.velocity.viewtools.content.util.ContentUtilsTest$TestCase@1fbb6c3e]" classname="com.dotcms.rendering.velocity.viewtools.content.util.ContentUtilsTest" time="4.059"/>
  <testcase name="testPullRelated[34: com.dotcms.rendering.velocity.viewtools.content.util.ContentUtilsTest$TestCase@67e69bd5]" classname="com.dotcms.rendering.velocity.viewtools.content.util.ContentUtilsTest" time="3.992"/>
  <testcase name="testPullRelated[35: com.dotcms.rendering.velocity.viewtools.content.util.ContentUtilsTest$TestCase@77a26bb3]" classname="com.dotcms.rendering.velocity.viewtools.content.util.ContentUtilsTest" time="3.285"/>
  <testcase name="testPullRelated[36: com.dotcms.rendering.velocity.viewtools.content.util.ContentUtilsTest$TestCase@42320ed2]" classname="com.dotcms.rendering.velocity.viewtools.content.util.ContentUtilsTest" time="5.203"/>
  <testcase name="testPullRelated[37: com.dotcms.rendering.velocity.viewtools.content.util.ContentUtilsTest$TestCase@6ac4036]" classname="com.dotcms.rendering.velocity.viewtools.content.util.ContentUtilsTest" time="5.903"/>
  <testcase name="testPullRelated[38: com.dotcms.rendering.velocity.viewtools.content.util.ContentUtilsTest$TestCase@55c74b05]" classname="com.dotcms.rendering.velocity.viewtools.content.util.ContentUtilsTest" time="6.544"/>
  <testcase name="testPullRelated[39: com.dotcms.rendering.velocity.viewtools.content.util.ContentUtilsTest$TestCase@315c4dfd]" classname="com.dotcms.rendering.velocity.viewtools.content.util.ContentUtilsTest" time="4.757"/>
  <testcase name="testPullRelated[40: com.dotcms.rendering.velocity.viewtools.content.util.ContentUtilsTest$TestCase@63ca919a]" classname="com.dotcms.rendering.velocity.viewtools.content.util.ContentUtilsTest" time="6.203"/>
  <testcase name="testPullRelated[41: com.dotcms.rendering.velocity.viewtools.content.util.ContentUtilsTest$TestCase@703d025]" classname="com.dotcms.rendering.velocity.viewtools.content.util.ContentUtilsTest" time="6.01"/>
  <testcase name="testPullRelated[42: com.dotcms.rendering.velocity.viewtools.content.util.ContentUtilsTest$TestCase@68f33ca3]" classname="com.dotcms.rendering.velocity.viewtools.content.util.ContentUtilsTest" time="6.395"/>
  <testcase name="testPullRelated[43: com.dotcms.rendering.velocity.viewtools.content.util.ContentUtilsTest$TestCase@3b13b7e5]" classname="com.dotcms.rendering.velocity.viewtools.content.util.ContentUtilsTest" time="5.92"/>
  <testcase name="testPullRelated[44: com.dotcms.rendering.velocity.viewtools.content.util.ContentUtilsTest$TestCase@ce2b75c]" classname="com.dotcms.rendering.velocity.viewtools.content.util.ContentUtilsTest" time="6.217"/>
  <testcase name="testPullRelated[45: com.dotcms.rendering.velocity.viewtools.content.util.ContentUtilsTest$TestCase@15f9dc1d]" classname="com.dotcms.rendering.velocity.viewtools.content.util.ContentUtilsTest" time="5.877"/>
  <testcase name="testPullRelated[46: com.dotcms.rendering.velocity.viewtools.content.util.ContentUtilsTest$TestCase@649eec25]" classname="com.dotcms.rendering.velocity.viewtools.content.util.ContentUtilsTest" time="6.306"/>
  <testcase name="testPullRelated[47: com.dotcms.rendering.velocity.viewtools.content.util.ContentUtilsTest$TestCase@4294d3cc]" classname="com.dotcms.rendering.velocity.viewtools.content.util.ContentUtilsTest" time="6.278"/>
  <testcase name="testPullRelated[48: com.dotcms.rendering.velocity.viewtools.content.util.ContentUtilsTest$TestCase@5b55c495]" classname="com.dotcms.rendering.velocity.viewtools.content.util.ContentUtilsTest" time="5.855"/>
  <testcase name="testPullRelated[49: com.dotcms.rendering.velocity.viewtools.content.util.ContentUtilsTest$TestCase@97e2d6]" classname="com.dotcms.rendering.velocity.viewtools.content.util.ContentUtilsTest" time="5.048"/>
  <testcase name="testPullRelated[50: com.dotcms.rendering.velocity.viewtools.content.util.ContentUtilsTest$TestCase@13fbc925]" classname="com.dotcms.rendering.velocity.viewtools.content.util.ContentUtilsTest" time="5.178"/>
  <testcase name="testPullRelated[51: com.dotcms.rendering.velocity.viewtools.content.util.ContentUtilsTest$TestCase@77957225]" classname="com.dotcms.rendering.velocity.viewtools.content.util.ContentUtilsTest" time="6.266"/>
  <testcase name="testPullRelated[52: com.dotcms.rendering.velocity.viewtools.content.util.ContentUtilsTest$TestCase@211612e]" classname="com.dotcms.rendering.velocity.viewtools.content.util.ContentUtilsTest" time="5.034"/>
  <testcase name="testPullRelated[53: com.dotcms.rendering.velocity.viewtools.content.util.ContentUtilsTest$TestCase@3dafa2e8]" classname="com.dotcms.rendering.velocity.viewtools.content.util.ContentUtilsTest" time="4.947"/>
  <testcase name="testPullRelated[54: com.dotcms.rendering.velocity.viewtools.content.util.ContentUtilsTest$TestCase@70d0e699]" classname="com.dotcms.rendering.velocity.viewtools.content.util.ContentUtilsTest" time="6.364"/>
  <testcase name="testPullRelated[55: com.dotcms.rendering.velocity.viewtools.content.util.ContentUtilsTest$TestCase@2c08b6fc]" classname="com.dotcms.rendering.velocity.viewtools.content.util.ContentUtilsTest" time="5.957"/>
  <testcase name="testPullRelated[56: com.dotcms.rendering.velocity.viewtools.content.util.ContentUtilsTest$TestCase@2519aa42]" classname="com.dotcms.rendering.velocity.viewtools.content.util.ContentUtilsTest" time="6.148"/>
  <testcase name="testPullRelated[57: com.dotcms.rendering.velocity.viewtools.content.util.ContentUtilsTest$TestCase@6561e4eb]" classname="com.dotcms.rendering.velocity.viewtools.content.util.ContentUtilsTest" time="6.171"/>
  <testcase name="testPullRelated[58: com.dotcms.rendering.velocity.viewtools.content.util.ContentUtilsTest$TestCase@127222f0]" classname="com.dotcms.rendering.velocity.viewtools.content.util.ContentUtilsTest" time="6.337"/>
  <testcase name="testPullRelated[59: com.dotcms.rendering.velocity.viewtools.content.util.ContentUtilsTest$TestCase@7b24d914]" classname="com.dotcms.rendering.velocity.viewtools.content.util.ContentUtilsTest" time="5.839"/>
  <testcase name="testPullRelated[60: com.dotcms.rendering.velocity.viewtools.content.util.ContentUtilsTest$TestCase@13072788]" classname="com.dotcms.rendering.velocity.viewtools.content.util.ContentUtilsTest" time="5.172"/>
  <testcase name="testPullRelated[61: com.dotcms.rendering.velocity.viewtools.content.util.ContentUtilsTest$TestCase@792bdfbf]" classname="com.dotcms.rendering.velocity.viewtools.content.util.ContentUtilsTest" time="6.228"/>
  <testcase name="testPullRelated[62: com.dotcms.rendering.velocity.viewtools.content.util.ContentUtilsTest$TestCase@7a4d17c8]" classname="com.dotcms.rendering.velocity.viewtools.content.util.ContentUtilsTest" time="6.076"/>
  <testcase name="testPullRelated[63: com.dotcms.rendering.velocity.viewtools.content.util.ContentUtilsTest$TestCase@27fc8dec]" classname="com.dotcms.rendering.velocity.viewtools.content.util.ContentUtilsTest" time="4.958"/>
  <testcase name="testPullRelated[64: com.dotcms.rendering.velocity.viewtools.content.util.ContentUtilsTest$TestCase@dedd5fc]" classname="com.dotcms.rendering.velocity.viewtools.content.util.ContentUtilsTest" time="5.154"/>
  <testcase name="testPullRelated[65: com.dotcms.rendering.velocity.viewtools.content.util.ContentUtilsTest$TestCase@2a1c25d9]" classname="com.dotcms.rendering.velocity.viewtools.content.util.ContentUtilsTest" time="4.975"/>
  <testcase name="testPullRelated[66: com.dotcms.rendering.velocity.viewtools.content.util.ContentUtilsTest$TestCase@38fd8405]" classname="com.dotcms.rendering.velocity.viewtools.content.util.ContentUtilsTest" time="5.176"/>
  <testcase name="testPullRelated[67: com.dotcms.rendering.velocity.viewtools.content.util.ContentUtilsTest$TestCase@7badfd1b]" classname="com.dotcms.rendering.velocity.viewtools.content.util.ContentUtilsTest" time="6.316"/>
  <testcase name="testPullRelated[68: com.dotcms.rendering.velocity.viewtools.content.util.ContentUtilsTest$TestCase@188c95a7]" classname="com.dotcms.rendering.velocity.viewtools.content.util.ContentUtilsTest" time="6.239"/>
  <testcase name="testPullRelated[69: com.dotcms.rendering.velocity.viewtools.content.util.ContentUtilsTest$TestCase@53755982]" classname="com.dotcms.rendering.velocity.viewtools.content.util.ContentUtilsTest" time="5.733"/>
  <testcase name="testPullRelated[70: com.dotcms.rendering.velocity.viewtools.content.util.ContentUtilsTest$TestCase@77c2245]" classname="com.dotcms.rendering.velocity.viewtools.content.util.ContentUtilsTest" time="6.224"/>
  <testcase name="testPullRelated[71: com.dotcms.rendering.velocity.viewtools.content.util.ContentUtilsTest$TestCase@13ad5294]" classname="com.dotcms.rendering.velocity.viewtools.content.util.ContentUtilsTest" time="5.297"/>
  <testcase name="whenPublishAndExpireDatesAreInTheFutureAndTimeMachineIsAfterBoth" classname="com.dotcms.rendering.velocity.viewtools.content.util.ContentUtilsTest" time="3.58"/>
  <testcase name="testPullRelatedForLegacyRelationship[0: com.dotcms.rendering.velocity.viewtools.content.util.ContentUtilsTest$LegacyTestCase@6f70dceb]" classname="com.dotcms.rendering.velocity.viewtools.content.util.ContentUtilsTest" time="3.854"/>
  <testcase name="testPullRelatedForLegacyRelationship[1: com.dotcms.rendering.velocity.viewtools.content.util.ContentUtilsTest$LegacyTestCase@163031ce]" classname="com.dotcms.rendering.velocity.viewtools.content.util.ContentUtilsTest" time="4.073"/>
  <testcase name="whenTheTimeMachineDateIsAfterTomorrowAndExpireDateIsTomorrowShouldNotReturnContent" classname="com.dotcms.rendering.velocity.viewtools.content.util.ContentUtilsTest" time="3.619"/>
  <testcase name="testPullLiveRelatedWhenLatestVersionIsWorking" classname="com.dotcms.rendering.velocity.viewtools.content.util.ContentUtilsTest" time="4.273"/>
  <testcase name="test_add_relationships_on_parent_children_related_contents" classname="com.dotcms.rendering.velocity.viewtools.content.util.ContentUtilsTest" time="1.64"/>
  <testcase name="testSortPullRelated[0: com.dotcms.rendering.velocity.viewtools.content.util.ContentUtilsTest$SortTestCase@70385747]" classname="com.dotcms.rendering.velocity.viewtools.content.util.ContentUtilsTest" time="3.014"/>
  <testcase name="testSortPullRelated[1: com.dotcms.rendering.velocity.viewtools.content.util.ContentUtilsTest$SortTestCase@9789226]" classname="com.dotcms.rendering.velocity.viewtools.content.util.ContentUtilsTest" time="3.287"/>
  <testcase name="testSortPullRelated[2: com.dotcms.rendering.velocity.viewtools.content.util.ContentUtilsTest$SortTestCase@60868066]" classname="com.dotcms.rendering.velocity.viewtools.content.util.ContentUtilsTest" time="3.005"/>
  <testcase name="testSortPullRelated[3: com.dotcms.rendering.velocity.viewtools.content.util.ContentUtilsTest$SortTestCase@77af73f9]" classname="com.dotcms.rendering.velocity.viewtools.content.util.ContentUtilsTest" time="2.155"/>
  <testcase name="testSortPullRelated[4: com.dotcms.rendering.velocity.viewtools.content.util.ContentUtilsTest$SortTestCase@459f8024]" classname="com.dotcms.rendering.velocity.viewtools.content.util.ContentUtilsTest" time="2.986"/>
  <testcase name="testSortPullRelated[5: com.dotcms.rendering.velocity.viewtools.content.util.ContentUtilsTest$SortTestCase@8bbc313]" classname="com.dotcms.rendering.velocity.viewtools.content.util.ContentUtilsTest" time="3.482"/>
  <testcase name="whenTheTimeMachineDateIsAfterTomorrowAndExpireDateIsInFutureShouldReturnContent" classname="com.dotcms.rendering.velocity.viewtools.content.util.ContentUtilsTest" time="3.772"/>
  <testcase name="testPullRelatedFieldShouldRespectDefaultOrder" classname="com.dotcms.rendering.velocity.viewtools.content.util.ContentUtilsTest" time="2.758"/>
  <system-out><![CDATA[]]></system-out>
  <system-err><![CDATA[]]></system-err>
</testsuite>
