<?xml version="1.0" encoding="UTF-8"?>
<testsuite name="com.dotcms.rest.api.v1.vtl.VTLResourceIntegrationTest" tests="6" skipped="0" failures="0" errors="0" timestamp="2023-06-26T18:50:49" hostname="fv-az934-274" time="11.164">
  <properties/>
  <testcase name="testGet[0: com.dotcms.rest.api.v1.vtl.VTLResourceTestCase@71c54c08]" classname="com.dotcms.rest.api.v1.vtl.VTLResourceIntegrationTest" time="1.255"/>
  <testcase name="testGet[1: com.dotcms.rest.api.v1.vtl.VTLResourceTestCase@8a63094]" classname="com.dotcms.rest.api.v1.vtl.VTLResourceIntegrationTest" time="1.078"/>
  <testcase name="testGet[2: com.dotcms.rest.api.v1.vtl.VTLResourceTestCase@4d6a7674]" classname="com.dotcms.rest.api.v1.vtl.VTLResourceIntegrationTest" time="2.902"/>
  <testcase name="testGet[3: com.dotcms.rest.api.v1.vtl.VTLResourceTestCase@7148cdf5]" classname="com.dotcms.rest.api.v1.vtl.VTLResourceIntegrationTest" time="1.952"/>
  <testcase name="testGet[4: com.dotcms.rest.api.v1.vtl.VTLResourceTestCase@2a366ad8]" classname="com.dotcms.rest.api.v1.vtl.VTLResourceIntegrationTest" time="1.917"/>
  <testcase name="testGet[5: com.dotcms.rest.api.v1.vtl.VTLResourceTestCase@13adcd9a]" classname="com.dotcms.rest.api.v1.vtl.VTLResourceIntegrationTest" time="2.055"/>
  <system-out><![CDATA[]]></system-out>
  <system-err><![CDATA[]]></system-err>
</testsuite>
