<?xml version="1.0" encoding="UTF-8"?>
<testsuite name="com.dotcms.publishing.PublisherAPIImplTest" tests="24" skipped="0" failures="0" errors="0" timestamp="2023-07-07T17:50:27" hostname="fv-az1131-394" time="6.249">
  <properties/>
  <testcase name="AddAllCategoryIntoBundle" classname="com.dotcms.publishing.PublisherAPIImplTest" time="0.266"/>
  <testcase name="testFilterDescriptors" classname="com.dotcms.publishing.PublisherAPIImplTest" time="0.131"/>
  <testcase name="sendPushPublishBundle[0: com.dotcms.publishing.PublisherAPIImplTest$TestAsset@7c084e6a]" classname="com.dotcms.publishing.PublisherAPIImplTest" time="1.804"/>
  <testcase name="sendPushPublishBundle[1: com.dotcms.publishing.PublisherAPIImplTest$TestAsset@642fccce]" classname="com.dotcms.publishing.PublisherAPIImplTest" time="0.313"/>
  <testcase name="sendPushPublishBundle[2: com.dotcms.publishing.PublisherAPIImplTest$TestAsset@37e897cd]" classname="com.dotcms.publishing.PublisherAPIImplTest" time="0.241"/>
  <testcase name="sendPushPublishBundle[3: com.dotcms.publishing.PublisherAPIImplTest$TestAsset@1d50fcca]" classname="com.dotcms.publishing.PublisherAPIImplTest" time="0.45"/>
  <testcase name="sendPushPublishBundle[4: com.dotcms.publishing.PublisherAPIImplTest$TestAsset@23959a14]" classname="com.dotcms.publishing.PublisherAPIImplTest" time="0.346"/>
  <testcase name="sendPushPublishBundle[5: com.dotcms.publishing.PublisherAPIImplTest$TestAsset@39c67b14]" classname="com.dotcms.publishing.PublisherAPIImplTest" time="0.226"/>
  <testcase name="sendPushPublishBundle[6: com.dotcms.publishing.PublisherAPIImplTest$TestAsset@4ae3c51e]" classname="com.dotcms.publishing.PublisherAPIImplTest" time="0.216"/>
  <testcase name="sendPushPublishBundle[7: com.dotcms.publishing.PublisherAPIImplTest$TestAsset@50cfc624]" classname="com.dotcms.publishing.PublisherAPIImplTest" time="0.215"/>
  <testcase name="sendPushPublishBundle[8: com.dotcms.publishing.PublisherAPIImplTest$TestAsset@5f85b313]" classname="com.dotcms.publishing.PublisherAPIImplTest" time="0.165"/>
  <testcase name="sendPushPublishBundle[9: com.dotcms.publishing.PublisherAPIImplTest$TestAsset@55117d2c]" classname="com.dotcms.publishing.PublisherAPIImplTest" time="0.311"/>
  <testcase name="sendPushPublishBundle[10: com.dotcms.publishing.PublisherAPIImplTest$TestAsset@10e99a5]" classname="com.dotcms.publishing.PublisherAPIImplTest" time="0.12"/>
  <testcase name="generateBundle[0: com.dotcms.publishing.PublisherAPIImplTest$TestAsset@7c084e6a]" classname="com.dotcms.publishing.PublisherAPIImplTest" time="0.149"/>
  <testcase name="generateBundle[1: com.dotcms.publishing.PublisherAPIImplTest$TestAsset@642fccce]" classname="com.dotcms.publishing.PublisherAPIImplTest" time="0.119"/>
  <testcase name="generateBundle[2: com.dotcms.publishing.PublisherAPIImplTest$TestAsset@37e897cd]" classname="com.dotcms.publishing.PublisherAPIImplTest" time="0.13"/>
  <testcase name="generateBundle[3: com.dotcms.publishing.PublisherAPIImplTest$TestAsset@1d50fcca]" classname="com.dotcms.publishing.PublisherAPIImplTest" time="0.221"/>
  <testcase name="generateBundle[4: com.dotcms.publishing.PublisherAPIImplTest$TestAsset@23959a14]" classname="com.dotcms.publishing.PublisherAPIImplTest" time="0.229"/>
  <testcase name="generateBundle[5: com.dotcms.publishing.PublisherAPIImplTest$TestAsset@39c67b14]" classname="com.dotcms.publishing.PublisherAPIImplTest" time="0.122"/>
  <testcase name="generateBundle[6: com.dotcms.publishing.PublisherAPIImplTest$TestAsset@4ae3c51e]" classname="com.dotcms.publishing.PublisherAPIImplTest" time="0.119"/>
  <testcase name="generateBundle[7: com.dotcms.publishing.PublisherAPIImplTest$TestAsset@50cfc624]" classname="com.dotcms.publishing.PublisherAPIImplTest" time="0.116"/>
  <testcase name="generateBundle[8: com.dotcms.publishing.PublisherAPIImplTest$TestAsset@5f85b313]" classname="com.dotcms.publishing.PublisherAPIImplTest" time="0.062"/>
  <testcase name="generateBundle[9: com.dotcms.publishing.PublisherAPIImplTest$TestAsset@55117d2c]" classname="com.dotcms.publishing.PublisherAPIImplTest" time="0.133"/>
  <testcase name="generateBundle[10: com.dotcms.publishing.PublisherAPIImplTest$TestAsset@10e99a5]" classname="com.dotcms.publishing.PublisherAPIImplTest" time="0.032"/>
  <system-out><![CDATA[









































































































































































]]></system-out>
  <system-err><![CDATA[]]></system-err>
</testsuite>
