<?xml version="1.0" encoding="UTF-8"?>
<testsuite name="com.dotcms.enterprise.publishing.remote.bundler.ContentBundlerTest" tests="1" skipped="0" failures="0" errors="0" timestamp="2023-06-29T19:21:46" hostname="fv-az572-127" time="0.824">
  <properties/>
  <testcase name="processContentWithTwoVersions" classname="com.dotcms.enterprise.publishing.remote.bundler.ContentBundlerTest" time="0.824"/>
  <system-out><![CDATA[]]></system-out>
  <system-err><![CDATA[]]></system-err>
</testsuite>
