<?xml version="1.0" encoding="UTF-8"?>
<testsuite name="com.dotcms.rest.elasticsearch.ESContentResourcePortletTest" tests="8" skipped="0" failures="0" errors="0" timestamp="2023-06-26T19:53:38" hostname="fv-az1128-296" time="7.82">
  <properties/>
  <testcase name="test_search_includeGrandChildCategory_success" classname="com.dotcms.rest.elasticsearch.ESContentResourcePortletTest" time="1.378"/>
  <testcase name="testSearch[0: com.dotcms.rest.elasticsearch.ESContentResourcePortletTest$TestCase@103e83e6]" classname="com.dotcms.rest.elasticsearch.ESContentResourcePortletTest" time="0.957"/>
  <testcase name="testSearch[1: com.dotcms.rest.elasticsearch.ESContentResourcePortletTest$TestCase@7c54edcd]" classname="com.dotcms.rest.elasticsearch.ESContentResourcePortletTest" time="1.215"/>
  <testcase name="testSearch[2: com.dotcms.rest.elasticsearch.ESContentResourcePortletTest$TestCase@3c1beeb2]" classname="com.dotcms.rest.elasticsearch.ESContentResourcePortletTest" time="0.942"/>
  <testcase name="testSearch[3: com.dotcms.rest.elasticsearch.ESContentResourcePortletTest$TestCase@60cc62fc]" classname="com.dotcms.rest.elasticsearch.ESContentResourcePortletTest" time="1.222"/>
  <testcase name="testSearch[4: com.dotcms.rest.elasticsearch.ESContentResourcePortletTest$TestCase@409ecb0]" classname="com.dotcms.rest.elasticsearch.ESContentResourcePortletTest" time="0.237"/>
  <testcase name="testSearch[5: com.dotcms.rest.elasticsearch.ESContentResourcePortletTest$TestCase@5fe85379]" classname="com.dotcms.rest.elasticsearch.ESContentResourcePortletTest" time="0.969"/>
  <testcase name="testSearch[6: com.dotcms.rest.elasticsearch.ESContentResourcePortletTest$TestCase@3c655848]" classname="com.dotcms.rest.elasticsearch.ESContentResourcePortletTest" time="0.9"/>
  <system-out><![CDATA[]]></system-out>
  <system-err><![CDATA[]]></system-err>
</testsuite>
