<?xml version="1.0" encoding="UTF-8"?>
<testsuite name="com.dotcms.contenttype.test.ContentResourceTest" tests="52" skipped="0" failures="0" errors="0" timestamp="2023-07-21T03:20:49" hostname="fv-az256-498" time="152.131">
  <properties/>
  <testcase name="testGetContentShouldReturnIconDetails" classname="com.dotcms.contenttype.test.ContentResourceTest" time="1.705"/>
  <testcase name="Test_Save_Action_Set_Words_To_Required_NumericField_Issue_15340" classname="com.dotcms.contenttype.test.ContentResourceTest" time="0.954"/>
  <testcase name="test_getContent_includeGrandChildCategory_success" classname="com.dotcms.contenttype.test.ContentResourceTest" time="1.433"/>
  <testcase name="testGetContentWithRelatedParameter[0: com.dotcms.contenttype.test.ContentResourceTest$PullRelatedTestCase@7a4c70bf]" classname="com.dotcms.contenttype.test.ContentResourceTest" time="4.158"/>
  <testcase name="testGetContentWithRelatedParameter[1: com.dotcms.contenttype.test.ContentResourceTest$PullRelatedTestCase@25c1da4d]" classname="com.dotcms.contenttype.test.ContentResourceTest" time="3.97"/>
  <testcase name="testGetContentWithRelatedParameter[2: com.dotcms.contenttype.test.ContentResourceTest$PullRelatedTestCase@218f937]" classname="com.dotcms.contenttype.test.ContentResourceTest" time="4.262"/>
  <testcase name="testGetContentWithRelatedParameter[3: com.dotcms.contenttype.test.ContentResourceTest$PullRelatedTestCase@19b1477a]" classname="com.dotcms.contenttype.test.ContentResourceTest" time="3.929"/>
  <testcase name="testGetContentWithRelatedParameter[4: com.dotcms.contenttype.test.ContentResourceTest$PullRelatedTestCase@e1157b]" classname="com.dotcms.contenttype.test.ContentResourceTest" time="4.158"/>
  <testcase name="test_getContent_SelfRelatedWith3LevelsOfDepth_shouldReturnRelationships" classname="com.dotcms.contenttype.test.ContentResourceTest" time="1.526"/>
  <testcase name="Test_Save_Action_Send_Fields_SubSet_Issue_15340" classname="com.dotcms.contenttype.test.ContentResourceTest" time="3.15"/>
  <testcase name="test_getContent_shouldReturnRelationships[0: com.dotcms.contenttype.test.ContentResourceTest$TestCase@2bd9b498]" classname="com.dotcms.contenttype.test.ContentResourceTest" time="3.262"/>
  <testcase name="test_getContent_shouldReturnRelationships[1: com.dotcms.contenttype.test.ContentResourceTest$TestCase@6e4d2195]" classname="com.dotcms.contenttype.test.ContentResourceTest" time="3.244"/>
  <testcase name="test_getContent_shouldReturnRelationships[2: com.dotcms.contenttype.test.ContentResourceTest$TestCase@7dd431b1]" classname="com.dotcms.contenttype.test.ContentResourceTest" time="3.101"/>
  <testcase name="test_getContent_shouldReturnRelationships[3: com.dotcms.contenttype.test.ContentResourceTest$TestCase@7596b9bd]" classname="com.dotcms.contenttype.test.ContentResourceTest" time="3.424"/>
  <testcase name="test_getContent_shouldReturnRelationships[4: com.dotcms.contenttype.test.ContentResourceTest$TestCase@130dbee3]" classname="com.dotcms.contenttype.test.ContentResourceTest" time="3.137"/>
  <testcase name="test_getContent_shouldReturnRelationships[5: com.dotcms.contenttype.test.ContentResourceTest$TestCase@144b649e]" classname="com.dotcms.contenttype.test.ContentResourceTest" time="3.083"/>
  <testcase name="test_getContent_shouldReturnRelationships[6: com.dotcms.contenttype.test.ContentResourceTest$TestCase@48ce961f]" classname="com.dotcms.contenttype.test.ContentResourceTest" time="3.071"/>
  <testcase name="test_getContent_shouldReturnRelationships[7: com.dotcms.contenttype.test.ContentResourceTest$TestCase@85595ea]" classname="com.dotcms.contenttype.test.ContentResourceTest" time="3.138"/>
  <testcase name="test_getContent_shouldReturnRelationships[8: com.dotcms.contenttype.test.ContentResourceTest$TestCase@7651d8a5]" classname="com.dotcms.contenttype.test.ContentResourceTest" time="3.378"/>
  <testcase name="test_getContent_shouldReturnRelationships[9: com.dotcms.contenttype.test.ContentResourceTest$TestCase@39f12d65]" classname="com.dotcms.contenttype.test.ContentResourceTest" time="2.313"/>
  <testcase name="test_getContent_shouldReturnRelationships[10: com.dotcms.contenttype.test.ContentResourceTest$TestCase@5b32a2a]" classname="com.dotcms.contenttype.test.ContentResourceTest" time="3.131"/>
  <testcase name="test_getContent_shouldReturnRelationships[11: com.dotcms.contenttype.test.ContentResourceTest$TestCase@216d05b3]" classname="com.dotcms.contenttype.test.ContentResourceTest" time="2.899"/>
  <testcase name="test_getContent_shouldReturnRelationships[12: com.dotcms.contenttype.test.ContentResourceTest$TestCase@590175cb]" classname="com.dotcms.contenttype.test.ContentResourceTest" time="3.14"/>
  <testcase name="test_getContent_shouldReturnRelationships[13: com.dotcms.contenttype.test.ContentResourceTest$TestCase@69abe18b]" classname="com.dotcms.contenttype.test.ContentResourceTest" time="2.933"/>
  <testcase name="test_getContent_shouldReturnRelationships[14: com.dotcms.contenttype.test.ContentResourceTest$TestCase@755574ee]" classname="com.dotcms.contenttype.test.ContentResourceTest" time="2.915"/>
  <testcase name="test_getContent_shouldReturnRelationships[15: com.dotcms.contenttype.test.ContentResourceTest$TestCase@3cdca76a]" classname="com.dotcms.contenttype.test.ContentResourceTest" time="4.099"/>
  <testcase name="test_getContent_shouldReturnRelationships[16: com.dotcms.contenttype.test.ContentResourceTest$TestCase@6e213217]" classname="com.dotcms.contenttype.test.ContentResourceTest" time="4.194"/>
  <testcase name="test_getContent_shouldReturnRelationships[17: com.dotcms.contenttype.test.ContentResourceTest$TestCase@58b031e1]" classname="com.dotcms.contenttype.test.ContentResourceTest" time="3.258"/>
  <testcase name="test_getContent_shouldReturnRelationships[18: com.dotcms.contenttype.test.ContentResourceTest$TestCase@69cdc1d]" classname="com.dotcms.contenttype.test.ContentResourceTest" time="2.475"/>
  <testcase name="test_getContent_shouldReturnRelationships[19: com.dotcms.contenttype.test.ContentResourceTest$TestCase@5f22cc53]" classname="com.dotcms.contenttype.test.ContentResourceTest" time="3.372"/>
  <testcase name="test_getContent_shouldReturnRelationships[20: com.dotcms.contenttype.test.ContentResourceTest$TestCase@3874fc2a]" classname="com.dotcms.contenttype.test.ContentResourceTest" time="3.508"/>
  <testcase name="test_getContent_shouldReturnRelationships[21: com.dotcms.contenttype.test.ContentResourceTest$TestCase@6112edfc]" classname="com.dotcms.contenttype.test.ContentResourceTest" time="2.395"/>
  <testcase name="test_getContent_shouldReturnRelationships[22: com.dotcms.contenttype.test.ContentResourceTest$TestCase@18eb9f7]" classname="com.dotcms.contenttype.test.ContentResourceTest" time="3.288"/>
  <testcase name="test_getContent_shouldReturnRelationships[23: com.dotcms.contenttype.test.ContentResourceTest$TestCase@4887adc1]" classname="com.dotcms.contenttype.test.ContentResourceTest" time="2.297"/>
  <testcase name="test_getContent_shouldReturnRelationships[24: com.dotcms.contenttype.test.ContentResourceTest$TestCase@570d9d57]" classname="com.dotcms.contenttype.test.ContentResourceTest" time="3.231"/>
  <testcase name="test_getContent_shouldReturnRelationships[25: com.dotcms.contenttype.test.ContentResourceTest$TestCase@2106e747]" classname="com.dotcms.contenttype.test.ContentResourceTest" time="2.507"/>
  <testcase name="test_getContent_shouldReturnRelationships[26: com.dotcms.contenttype.test.ContentResourceTest$TestCase@5533a391]" classname="com.dotcms.contenttype.test.ContentResourceTest" time="3.495"/>
  <testcase name="test_getContent_shouldReturnRelationships[27: com.dotcms.contenttype.test.ContentResourceTest$TestCase@20afe553]" classname="com.dotcms.contenttype.test.ContentResourceTest" time="3.379"/>
  <testcase name="test_getContent_shouldReturnRelationships[28: com.dotcms.contenttype.test.ContentResourceTest$TestCase@1b732334]" classname="com.dotcms.contenttype.test.ContentResourceTest" time="3.369"/>
  <testcase name="test_getContent_shouldReturnRelationships[29: com.dotcms.contenttype.test.ContentResourceTest$TestCase@d59c3c2]" classname="com.dotcms.contenttype.test.ContentResourceTest" time="2.153"/>
  <testcase name="test_getContent_shouldReturnRelationships[30: com.dotcms.contenttype.test.ContentResourceTest$TestCase@45bec6d3]" classname="com.dotcms.contenttype.test.ContentResourceTest" time="3.123"/>
  <testcase name="test_getContent_shouldReturnRelationships[31: com.dotcms.contenttype.test.ContentResourceTest$TestCase@1a64264a]" classname="com.dotcms.contenttype.test.ContentResourceTest" time="3.224"/>
  <testcase name="test_getContent_shouldReturnRelationships[32: com.dotcms.contenttype.test.ContentResourceTest$TestCase@188cdcb1]" classname="com.dotcms.contenttype.test.ContentResourceTest" time="4.231"/>
  <testcase name="test_getContent_shouldReturnRelationships[33: com.dotcms.contenttype.test.ContentResourceTest$TestCase@5b084bb1]" classname="com.dotcms.contenttype.test.ContentResourceTest" time="4.247"/>
  <testcase name="testSinglePOST_InvalidParamsShouldReturn400[0: ({\n    &quot;stInode&quot; : &quot;InvalidValue&quot;,\n    &quot;numeric&quot; : &quot;0&quot;,\n    &quot;image&quot; : &quot;whatever&quot;\n}, Bad Request)]" classname="com.dotcms.contenttype.test.ContentResourceTest" time="0.915"/>
  <testcase name="testSinglePOST_InvalidParamsShouldReturn400[1: ({\n    &quot;numeric&quot; : &quot;0&quot;,\n    &quot;image&quot; : &quot;whatever&quot;\n}, Bad Request)]" classname="com.dotcms.contenttype.test.ContentResourceTest" time="0.882"/>
  <testcase name="Test_Save_Action_Set_Null_To_Required_NumericField_Issue_15340" classname="com.dotcms.contenttype.test.ContentResourceTest" time="0.923"/>
  <testcase name="Test_Save_Action_Remove_Image_Then_Verify_Fields_Were_Cleared_Issue_15340" classname="com.dotcms.contenttype.test.ContentResourceTest" time="2.959"/>
  <testcase name="test_getContentWithMultipleSelfRelated_shouldReturnRelationships[0: com.dotcms.contenttype.test.ContentResourceTest$PullSelfRelatedTestCase@535ebb77]" classname="com.dotcms.contenttype.test.ContentResourceTest" time="1.88"/>
  <testcase name="test_getContentWithMultipleSelfRelated_shouldReturnRelationships[1: com.dotcms.contenttype.test.ContentResourceTest$PullSelfRelatedTestCase@2d498cf9]" classname="com.dotcms.contenttype.test.ContentResourceTest" time="1.856"/>
  <testcase name="testGetContentWithAllCategoriesInfo[0: json]" classname="com.dotcms.contenttype.test.ContentResourceTest" time="2.778"/>
  <testcase name="testGetContentWithAllCategoriesInfo[1: xml]" classname="com.dotcms.contenttype.test.ContentResourceTest" time="2.672"/>
  <system-out><![CDATA[











]]></system-out>
  <system-err><![CDATA[]]></system-err>
</testsuite>
