<?xml version="1.0" encoding="UTF-8"?>
<testsuite name="com.dotcms.rest.api.v1.vtl.VTLResourceIntegrationTest" tests="6" skipped="0" failures="0" errors="0" timestamp="2023-06-28T18:44:07" hostname="fv-az440-364" time="13.122">
  <properties/>
  <testcase name="testGet[0: com.dotcms.rest.api.v1.vtl.VTLResourceTestCase@7ae19374]" classname="com.dotcms.rest.api.v1.vtl.VTLResourceIntegrationTest" time="2.362"/>
  <testcase name="testGet[1: com.dotcms.rest.api.v1.vtl.VTLResourceTestCase@48e7d016]" classname="com.dotcms.rest.api.v1.vtl.VTLResourceIntegrationTest" time="1.856"/>
  <testcase name="testGet[2: com.dotcms.rest.api.v1.vtl.VTLResourceTestCase@44af2c2b]" classname="com.dotcms.rest.api.v1.vtl.VTLResourceIntegrationTest" time="1.955"/>
  <testcase name="testGet[3: com.dotcms.rest.api.v1.vtl.VTLResourceTestCase@29f6ee56]" classname="com.dotcms.rest.api.v1.vtl.VTLResourceIntegrationTest" time="2.336"/>
  <testcase name="testGet[4: com.dotcms.rest.api.v1.vtl.VTLResourceTestCase@5ffab22f]" classname="com.dotcms.rest.api.v1.vtl.VTLResourceIntegrationTest" time="2.673"/>
  <testcase name="testGet[5: com.dotcms.rest.api.v1.vtl.VTLResourceTestCase@296baea6]" classname="com.dotcms.rest.api.v1.vtl.VTLResourceIntegrationTest" time="1.938"/>
  <system-out><![CDATA[]]></system-out>
  <system-err><![CDATA[]]></system-err>
</testsuite>
