<?xml version="1.0" encoding="UTF-8"?>
<testsuite name="com.dotcms.rest.api.v1.vtl.VTLResourceIntegrationTest" tests="6" skipped="0" failures="0" errors="0" timestamp="2023-06-23T00:30:57" hostname="fv-az395-584" time="11.005">
  <properties/>
  <testcase name="testGet[0: com.dotcms.rest.api.v1.vtl.VTLResourceTestCase@4f9c8694]" classname="com.dotcms.rest.api.v1.vtl.VTLResourceIntegrationTest" time="1.245"/>
  <testcase name="testGet[1: com.dotcms.rest.api.v1.vtl.VTLResourceTestCase@79d42f7f]" classname="com.dotcms.rest.api.v1.vtl.VTLResourceIntegrationTest" time="1.813"/>
  <testcase name="testGet[2: com.dotcms.rest.api.v1.vtl.VTLResourceTestCase@4914ad74]" classname="com.dotcms.rest.api.v1.vtl.VTLResourceIntegrationTest" time="2.06"/>
  <testcase name="testGet[3: com.dotcms.rest.api.v1.vtl.VTLResourceTestCase@2bfcaa25]" classname="com.dotcms.rest.api.v1.vtl.VTLResourceIntegrationTest" time="2.007"/>
  <testcase name="testGet[4: com.dotcms.rest.api.v1.vtl.VTLResourceTestCase@7f21e8]" classname="com.dotcms.rest.api.v1.vtl.VTLResourceIntegrationTest" time="1.888"/>
  <testcase name="testGet[5: com.dotcms.rest.api.v1.vtl.VTLResourceTestCase@5808594f]" classname="com.dotcms.rest.api.v1.vtl.VTLResourceIntegrationTest" time="1.99"/>
  <system-out><![CDATA[]]></system-out>
  <system-err><![CDATA[]]></system-err>
</testsuite>
