<?xml version="1.0" encoding="UTF-8"?>
<testsuite name="com.dotcms.security.ContentSecurityPolicyUtilTest" tests="7" skipped="0" failures="0" errors="0" timestamp="2023-06-30T18:59:46" hostname="fv-az247-376" time="0.009">
  <properties/>
  <testcase name="calculateContentSecurityPolicyWithStyleBlocks" classname="com.dotcms.security.ContentSecurityPolicyUtilTest" time="0.004"/>
  <testcase name="calculateContentSecurityPolicyWithSciptBlocks" classname="com.dotcms.security.ContentSecurityPolicyUtilTest" time="0.001"/>
  <testcase name="noCalculateContentSecurityPolicyWHenPageModeIsDifferentThanLIVE" classname="com.dotcms.security.ContentSecurityPolicyUtilTest" time="0.001"/>
  <testcase name="calculateContentSecurityPolicyWithNoStyleBlocks" classname="com.dotcms.security.ContentSecurityPolicyUtilTest" time="0.001"/>
  <testcase name="calculateContentSecurityPolicyWithMoreThanOneStyleBlocks" classname="com.dotcms.security.ContentSecurityPolicyUtilTest" time="0.0"/>
  <testcase name="calculateContentSecurityPolicyWithNoSciptBlocks" classname="com.dotcms.security.ContentSecurityPolicyUtilTest" time="0.0"/>
  <testcase name="calculateContentSecurityPolicyWithMoreThanOneSciptBlocks" classname="com.dotcms.security.ContentSecurityPolicyUtilTest" time="0.001"/>
  <system-out><![CDATA[]]></system-out>
  <system-err><![CDATA[]]></system-err>
</testsuite>
