<?xml version="1.0" encoding="UTF-8"?>
<testsuite name="com.dotcms.rest.elasticsearch.ESContentResourcePortletTest" tests="8" skipped="0" failures="0" errors="0" timestamp="2023-07-20T17:39:42" hostname="fv-az574-670" time="10.269">
  <properties/>
  <testcase name="test_search_includeGrandChildCategory_success" classname="com.dotcms.rest.elasticsearch.ESContentResourcePortletTest" time="2.525"/>
  <testcase name="testSearch[0: com.dotcms.rest.elasticsearch.ESContentResourcePortletTest$TestCase@782c3032]" classname="com.dotcms.rest.elasticsearch.ESContentResourcePortletTest" time="1.146"/>
  <testcase name="testSearch[1: com.dotcms.rest.elasticsearch.ESContentResourcePortletTest$TestCase@4ea67649]" classname="com.dotcms.rest.elasticsearch.ESContentResourcePortletTest" time="1.436"/>
  <testcase name="testSearch[2: com.dotcms.rest.elasticsearch.ESContentResourcePortletTest$TestCase@42aff052]" classname="com.dotcms.rest.elasticsearch.ESContentResourcePortletTest" time="1.134"/>
  <testcase name="testSearch[3: com.dotcms.rest.elasticsearch.ESContentResourcePortletTest$TestCase@15837812]" classname="com.dotcms.rest.elasticsearch.ESContentResourcePortletTest" time="1.36"/>
  <testcase name="testSearch[4: com.dotcms.rest.elasticsearch.ESContentResourcePortletTest$TestCase@cb76730]" classname="com.dotcms.rest.elasticsearch.ESContentResourcePortletTest" time="0.376"/>
  <testcase name="testSearch[5: com.dotcms.rest.elasticsearch.ESContentResourcePortletTest$TestCase@71de4cd1]" classname="com.dotcms.rest.elasticsearch.ESContentResourcePortletTest" time="1.138"/>
  <testcase name="testSearch[6: com.dotcms.rest.elasticsearch.ESContentResourcePortletTest$TestCase@4c4e0fd8]" classname="com.dotcms.rest.elasticsearch.ESContentResourcePortletTest" time="1.153"/>
  <system-out><![CDATA[]]></system-out>
  <system-err><![CDATA[]]></system-err>
</testsuite>
