<?xml version="1.0" encoding="UTF-8"?>
<testsuite name="com.dotmarketing.portlets.rules.conditionlet.NumberOfTimesPreviouslyVisitedConditionletTest" tests="5" skipped="0" failures="0" errors="0" timestamp="2023-07-03T22:09:17" hostname="fv-az344-336" time="0.019">
  <properties/>
  <testcase name="testEvaluateLessOrEqualThan" classname="com.dotmarketing.portlets.rules.conditionlet.NumberOfTimesPreviouslyVisitedConditionletTest" time="0.011"/>
  <testcase name="testEvaluateEquals" classname="com.dotmarketing.portlets.rules.conditionlet.NumberOfTimesPreviouslyVisitedConditionletTest" time="0.001"/>
  <testcase name="testEvaluateLessThan" classname="com.dotmarketing.portlets.rules.conditionlet.NumberOfTimesPreviouslyVisitedConditionletTest" time="0.002"/>
  <testcase name="testEvaluateGreaterOrEqualThan" classname="com.dotmarketing.portlets.rules.conditionlet.NumberOfTimesPreviouslyVisitedConditionletTest" time="0.001"/>
  <testcase name="testEvaluateGreaterThan" classname="com.dotmarketing.portlets.rules.conditionlet.NumberOfTimesPreviouslyVisitedConditionletTest" time="0.004"/>
  <system-out><![CDATA[]]></system-out>
  <system-err><![CDATA[]]></system-err>
</testsuite>
