<?xml version="1.0" encoding="UTF-8"?>
<testsuite name="com.dotmarketing.portlets.structure.model.ContentletRelationshipsTest" tests="7" skipped="0" failures="0" errors="0" timestamp="2023-06-29T20:51:01" hostname="fv-az189-858" time="8.622">
  <properties/>
  <testcase name="testDoesAllowOnlyOne[0: com.dotmarketing.portlets.structure.model.ContentletRelationshipsTest$CardinalityTestCase@3a46b149]" classname="com.dotmarketing.portlets.structure.model.ContentletRelationshipsTest" time="0.544"/>
  <testcase name="testDoesAllowOnlyOne[1: com.dotmarketing.portlets.structure.model.ContentletRelationshipsTest$CardinalityTestCase@612cbdc3]" classname="com.dotmarketing.portlets.structure.model.ContentletRelationshipsTest" time="0.513"/>
  <testcase name="testDoesAllowOnlyOne[2: com.dotmarketing.portlets.structure.model.ContentletRelationshipsTest$CardinalityTestCase@2b1a8750]" classname="com.dotmarketing.portlets.structure.model.ContentletRelationshipsTest" time="0.538"/>
  <testcase name="testGetRelationshipRecords[0: com.dotmarketing.portlets.structure.model.ContentletRelationshipsTest$TestCase@4c060812]" classname="com.dotmarketing.portlets.structure.model.ContentletRelationshipsTest" time="2.113"/>
  <testcase name="testGetRelationshipRecords[1: com.dotmarketing.portlets.structure.model.ContentletRelationshipsTest$TestCase@43c52422]" classname="com.dotmarketing.portlets.structure.model.ContentletRelationshipsTest" time="2.089"/>
  <testcase name="testGetRelationshipRecords[2: com.dotmarketing.portlets.structure.model.ContentletRelationshipsTest$TestCase@47035b3c]" classname="com.dotmarketing.portlets.structure.model.ContentletRelationshipsTest" time="1.916"/>
  <testcase name="testGetRelationshipRecords[3: com.dotmarketing.portlets.structure.model.ContentletRelationshipsTest$TestCase@38dc648b]" classname="com.dotmarketing.portlets.structure.model.ContentletRelationshipsTest" time="0.908"/>
  <system-out><![CDATA[]]></system-out>
  <system-err><![CDATA[]]></system-err>
</testsuite>
