<?xml version="1.0" encoding="UTF-8"?>
<testsuite name="com.dotcms.variant.VariantAPITest" tests="31" skipped="0" failures="0" errors="0" timestamp="2023-07-04T02:59:37" hostname="fv-az951-870" time="32.491">
  <properties/>
  <testcase name="archiveNotExists" classname="com.dotcms.variant.VariantAPITest" time="0.001"/>
  <testcase name="promoteWithOutLiveDefaultVersion" classname="com.dotcms.variant.VariantAPITest" time="2.402"/>
  <testcase name="promoteWithoutVariantVersion" classname="com.dotcms.variant.VariantAPITest" time="1.885"/>
  <testcase name="pageWithNoVersion" classname="com.dotcms.variant.VariantAPITest" time="4.38"/>
  <testcase name="testUpdateDefaultVariant_shouldFail" classname="com.dotcms.variant.VariantAPITest" time="0.002"/>
  <testcase name="delete" classname="com.dotcms.variant.VariantAPITest" time="0.019"/>
  <testcase name="deleteNotArchived" classname="com.dotcms.variant.VariantAPITest" time="0.005"/>
  <testcase name="update" classname="com.dotcms.variant.VariantAPITest" time="0.012"/>
  <testcase name="archive" classname="com.dotcms.variant.VariantAPITest" time="0.005"/>
  <testcase name="promoteNonExistingVariant" classname="com.dotcms.variant.VariantAPITest" time="0.002"/>
  <testcase name="updateArchivedField" classname="com.dotcms.variant.VariantAPITest" time="0.007"/>
  <testcase name="saveArchive" classname="com.dotcms.variant.VariantAPITest" time="0.001"/>
  <testcase name="get" classname="com.dotcms.variant.VariantAPITest" time="0.003"/>
  <testcase name="save" classname="com.dotcms.variant.VariantAPITest" time="0.002"/>
  <testcase name="getByName" classname="com.dotcms.variant.VariantAPITest" time="0.002"/>
  <testcase name="getByNameNotExists" classname="com.dotcms.variant.VariantAPITest" time="0.007"/>
  <testcase name="promoteWorkingVersion" classname="com.dotcms.variant.VariantAPITest" time="2.04"/>
  <testcase name="promotePage" classname="com.dotcms.variant.VariantAPITest" time="6.008"/>
  <testcase name="promoteArchivedVariant" classname="com.dotcms.variant.VariantAPITest" time="1.632"/>
  <testcase name="promoteAlreadyPromoteVariant" classname="com.dotcms.variant.VariantAPITest" time="0.009"/>
  <testcase name="getByNameWithNull" classname="com.dotcms.variant.VariantAPITest" time="0.002"/>
  <testcase name="getNotExists" classname="com.dotcms.variant.VariantAPITest" time="0.001"/>
  <testcase name="promoteWorkingLiveVersion" classname="com.dotcms.variant.VariantAPITest" time="3.894"/>
  <testcase name="getWithNull" classname="com.dotcms.variant.VariantAPITest" time="0.001"/>
  <testcase name="promoteContentletWithSeveralLanguages" classname="com.dotcms.variant.VariantAPITest" time="3.165"/>
  <testcase name="testDeleteDefaultVariant_shouldFail" classname="com.dotcms.variant.VariantAPITest" time="0.002"/>
  <testcase name="promoteWithTwoVersion" classname="com.dotcms.variant.VariantAPITest" time="5.093"/>
  <testcase name="promoteWithoutDefaultVersion" classname="com.dotcms.variant.VariantAPITest" time="1.899"/>
  <testcase name="deleteNotExists" classname="com.dotcms.variant.VariantAPITest" time="0.002"/>
  <testcase name="promoteDefaultVariant" classname="com.dotcms.variant.VariantAPITest" time="0.001"/>
  <testcase name="updateNotExists" classname="com.dotcms.variant.VariantAPITest" time="0.002"/>
  <system-out><![CDATA[]]></system-out>
  <system-err><![CDATA[]]></system-err>
</testsuite>
