<?xml version="1.0" encoding="UTF-8"?>
<testsuite name="com.dotcms.auth.providers.saml.v1.SAMLHelperTest" tests="9" skipped="0" failures="0" errors="0" timestamp="2023-07-14T21:34:42" hostname="fv-az551-988" time="7.003">
  <properties/>
  <testcase name="test_getRoleKeySubstitution_processReplacement_doing_null_substitution" classname="com.dotcms.auth.providers.saml.v1.SAMLHelperTest" time="0.004"/>
  <testcase name="test_createNewUser_non_Attrs" classname="com.dotcms.auth.providers.saml.v1.SAMLHelperTest" time="0.865"/>
  <testcase name="testLoginUser" classname="com.dotcms.auth.providers.saml.v1.SAMLHelperTest" time="0.863"/>
  <testcase name="test_hash_user_id" classname="com.dotcms.auth.providers.saml.v1.SAMLHelperTest" time="0.001"/>
  <testcase name="testResolveUser_byEmailAddress" classname="com.dotcms.auth.providers.saml.v1.SAMLHelperTest" time="0.878"/>
  <testcase name="testResolveUserEmailRepeated" classname="com.dotcms.auth.providers.saml.v1.SAMLHelperTest" time="1.765"/>
  <testcase name="test_getRoleKeySubstitution_processReplacement_doing_substitution" classname="com.dotcms.auth.providers.saml.v1.SAMLHelperTest" time="0.001"/>
  <testcase name="testResolveUser" classname="com.dotcms.auth.providers.saml.v1.SAMLHelperTest" time="1.771"/>
  <testcase name="test_createNewUser_known_Attrs" classname="com.dotcms.auth.providers.saml.v1.SAMLHelperTest" time="0.854"/>
  <system-out><![CDATA[]]></system-out>
  <system-err><![CDATA[]]></system-err>
</testsuite>
