<?xml version="1.0" encoding="UTF-8"?>
<testsuite name="com.dotcms.rest.api.v1.vtl.VTLResourceIntegrationTest" tests="6" skipped="0" failures="0" errors="0" timestamp="2023-07-18T00:03:38" hostname="fv-az162-832" time="10.363">
  <properties/>
  <testcase name="testGet[0: com.dotcms.rest.api.v1.vtl.VTLResourceTestCase@16734eea]" classname="com.dotcms.rest.api.v1.vtl.VTLResourceIntegrationTest" time="2.539"/>
  <testcase name="testGet[1: com.dotcms.rest.api.v1.vtl.VTLResourceTestCase@50280682]" classname="com.dotcms.rest.api.v1.vtl.VTLResourceIntegrationTest" time="0.955"/>
  <testcase name="testGet[2: com.dotcms.rest.api.v1.vtl.VTLResourceTestCase@6186df83]" classname="com.dotcms.rest.api.v1.vtl.VTLResourceIntegrationTest" time="1.856"/>
  <testcase name="testGet[3: com.dotcms.rest.api.v1.vtl.VTLResourceTestCase@65f5eba2]" classname="com.dotcms.rest.api.v1.vtl.VTLResourceIntegrationTest" time="1.158"/>
  <testcase name="testGet[4: com.dotcms.rest.api.v1.vtl.VTLResourceTestCase@69fdfde8]" classname="com.dotcms.rest.api.v1.vtl.VTLResourceIntegrationTest" time="1.971"/>
  <testcase name="testGet[5: com.dotcms.rest.api.v1.vtl.VTLResourceTestCase@79f1fa43]" classname="com.dotcms.rest.api.v1.vtl.VTLResourceIntegrationTest" time="1.883"/>
  <system-out><![CDATA[]]></system-out>
  <system-err><![CDATA[]]></system-err>
</testsuite>
