<?xml version="1.0" encoding="UTF-8"?>
<testsuite name="com.dotmarketing.startup.runonce.Task201102UpdateColumnSitelicTableTest" tests="1" skipped="0" failures="0" errors="0" timestamp="2023-07-14T20:57:02" hostname="fv-az251-985" time="0.015">
  <properties/>
  <testcase name="Test_Upgrade_Task" classname="com.dotmarketing.startup.runonce.Task201102UpdateColumnSitelicTableTest" time="0.015"/>
  <system-out><![CDATA[]]></system-out>
  <system-err><![CDATA[]]></system-err>
</testsuite>
