<?xml version="1.0" encoding="UTF-8"?>
<testsuite name="com.dotmarketing.business.DeterministicIdentifierAPITest" tests="16" skipped="0" failures="0" errors="0" timestamp="2023-06-26T19:45:02" hostname="fv-az934-274" time="1.975">
  <properties/>
  <testcase name="Test_Category_Path_Seed_And_Id" classname="com.dotmarketing.business.DeterministicIdentifierAPITest" time="0.04"/>
  <testcase name="Test_Language_Deterministic_Id[0: LanguageTestCase{expectedSeed='Language:es:US', expectedHash=4913155, langCode='es', countryCode='US', country='United States'}]" classname="com.dotmarketing.business.DeterministicIdentifierAPITest" time="0.002"/>
  <testcase name="Test_Language_Deterministic_Id[1: LanguageTestCase{expectedSeed='Language:ep:', expectedHash=5292269, langCode='ep', countryCode='', country=''}]" classname="com.dotmarketing.business.DeterministicIdentifierAPITest" time="0.002"/>
  <testcase name="Test_Language_Deterministic_Id[2: LanguageTestCase{expectedSeed='Language:sg:SAG', expectedHash=4713118, langCode='sg', countryCode='SAG', country=''}]" classname="com.dotmarketing.business.DeterministicIdentifierAPITest" time="0.002"/>
  <testcase name="Test_Language_Deterministic_Id[3: LanguageTestCase{expectedSeed='Language:en:NZ', expectedHash=5382528, langCode='en', countryCode='NZ', country='New Zealand'}]" classname="com.dotmarketing.business.DeterministicIdentifierAPITest" time="0.002"/>
  <testcase name="Test_Category_None_Persisted_Category_Should_Return_Deterministic_Id" classname="com.dotmarketing.business.DeterministicIdentifierAPITest" time="0.002"/>
  <testcase name="Test_Asset_Generate_Deterministic_Id_Best_Effort[0: TestCase{versionable=my.host1687808287147.com, parent=System Host, expectedName='my.host1687808287147.com', expectedType='Host'}]" classname="com.dotmarketing.business.DeterministicIdentifierAPITest" time="0.004"/>
  <testcase name="Test_Asset_Generate_Deterministic_Id_Best_Effort[1: TestCase{versionable=com.dotmarketing.portlets.contentlet.model.Contentlet@595f8fee[map={modDate=2023-06-26 19:38:07.72, fileName=file7032859269109213196.txt, title=file7032859269109213196.txt, inode=74678b53-97a5-432d-bbe4-ad383673d1b3, __IS_NEW_CONTENT__=true, disabledWYSIWYG=[], host=cc5e32f9-6ea4-4294-b19e-82da9347fb5a, stInode=33888b6f-7a8e-4069-b1b6-5c1aa9d0a48d, owner=system, identifier=d1324165-c1d0-4f97-a04b-cb08cb54e580, nullProperties=[wfExpireDate, wfPublishDate, wfActionAssign, wfActionId, wfActionComments, filterKey, whereToSend, wfNeverExpire, _path_to_move, timezoneId, iWantTo, wfPublishTime, wfExpireTime], languageId=1, fileAsset=/home/runner/work/core/custom/assets/7/4/74678b53-97a5-432d-bbe4-ad383673d1b3/fileAsset/file7032859269109213196.txt, folder=4929e59c-58e9-44cb-9b70-fcb0bb9b15f9, __disable_workflow__=true, sortOrder=0, modUser=system},lowIndexPriority=false,variantId=DEFAULT], parent=com.dotmarketing.portlets.folders.model.Folder@46deb7d2[identifier=4929e59c-58e9-44cb-9b70-fcb0bb9b15f9,name=testName1687808287710,sortOrder=0,showOnMenu=false,hostId=cc5e32f9-6ea4-4294-b19e-82da9347fb5a,type=folder,title=testTitle1687808287710,filesMasks=,defaultFileType=33888b6f-7a8e-4069-b1b6-5c1aa9d0a48d,modDate=2023-06-26 19:38:07.713,owner=&lt;null&gt;,iDate=2023-06-26 19:38:07.713,inode=4929e59c-58e9-44cb-9b70-fcb0bb9b15f9,path=/testName1687808287710/], expectedName='file7032859269109213196.txt', expectedType='FileAsset'}]" classname="com.dotmarketing.business.DeterministicIdentifierAPITest" time="0.005"/>
  <testcase name="Test_Asset_Generate_Deterministic_Id_Best_Effort[2: TestCase{versionable=com.dotmarketing.portlets.templates.model.Template@f2c903ee, parent=my.host1687808287147.com, expectedName='testTitle1687808287823', expectedType='Template'}]" classname="com.dotmarketing.business.DeterministicIdentifierAPITest" time="0.004"/>
  <testcase name="Test_Asset_Generate_Deterministic_Id_Best_Effort[3: TestCase{versionable=com.dotmarketing.portlets.htmlpageasset.model.HTMLPageAsset@3646b5e2[map={template=42fb5ece-a994-44ec-838b-9073ce283974, owner=system, identifier=5f4feebf-aa25-460e-8d64-5c6272c18763, nullProperties=[wfExpireDate, wfPublishDate, wfActionAssign, wfActionId, wfActionComments, filterKey, whereToSend, wfNeverExpire, _path_to_move, timezoneId, iWantTo, wfPublishTime, wfExpireTime], modDate=2023-06-26 19:38:07.846, cachettl=0, _is_test_mode=true, languageId=1, title=test-page-title-1687808287840, httpsreq=, url=test-page-url-1687808287840, showOnMenu=, inode=10e18d30-37ec-42c7-8675-f6503ce5faa0, folder=4929e59c-58e9-44cb-9b70-fcb0bb9b15f9, disabledWYSIWYG=[], sortOrder=1, modUser=system, host=cc5e32f9-6ea4-4294-b19e-82da9347fb5a, stInode=c541abb1-69b3-4bc5-8430-5e09e5239cc8, friendlyName=test-page-friendly-name-1687808287840},lowIndexPriority=false,variantId=DEFAULT], parent=com.dotmarketing.portlets.folders.model.Folder@46deb7d2[identifier=4929e59c-58e9-44cb-9b70-fcb0bb9b15f9,name=testName1687808287710,sortOrder=0,showOnMenu=false,hostId=cc5e32f9-6ea4-4294-b19e-82da9347fb5a,type=folder,title=testTitle1687808287710,filesMasks=,defaultFileType=33888b6f-7a8e-4069-b1b6-5c1aa9d0a48d,modDate=2023-06-26 19:38:07.713,owner=&lt;null&gt;,iDate=2023-06-26 19:38:07.713,inode=4929e59c-58e9-44cb-9b70-fcb0bb9b15f9,path=/testName1687808287710/], expectedName='test-page-url-1687808287840', expectedType='htmlpageasset'}]" classname="com.dotmarketing.business.DeterministicIdentifierAPITest" time="0.004"/>
  <testcase name="Test_Asset_Generate_Deterministic_Id_Best_Effort[4: TestCase{versionable=com.dotmarketing.portlets.contentlet.model.Contentlet@b45aadc[map={fileAsset2=/home/runner/work/core/custom/assets/a/5/a5e1235f-292f-4694-9c66-f1e99416e2a0/fileAsset2/test_binary1687808289720.png, modDate=2023-06-26 19:38:09.727, fileAsset1=/home/runner/work/core/custom/assets/a/5/a5e1235f-292f-4694-9c66-f1e99416e2a0/fileAsset1/test_binary1687808289720.jpg, title=blah, inode=a5e1235f-292f-4694-9c66-f1e99416e2a0, __IS_NEW_CONTENT__=true, disabledWYSIWYG=[], host=48190c8c-42c4-46af-8d1a-0cd5db894797, stInode=833379bb-e651-4a40-a24f-c5e75017a212, owner=system, identifier=56c083d4-6640-4cce-81a8-2b66cdecd7cf, nullProperties=[], languageId=1, image1=779e95be-2ff0-4383-b813-7151adb2ec71, folder=SYSTEM_FOLDER, __disable_workflow__=true, sortOrder=0, modUser=system},lowIndexPriority=false,variantId=DEFAULT], parent=demo.dotcms.com, expectedName='test_binary1687808289720.jpg:test_binary1687808289720.png', expectedType='MultipleBinaries1687808288055'}]" classname="com.dotmarketing.business.DeterministicIdentifierAPITest" time="0.005"/>
  <testcase name="Test_Asset_Generate_Deterministic_Id_Best_Effort[5: TestCase{versionable=name2d1a8811f3 : keyTag2d1a8811f3, parent=my.host1687808287147.com, expectedName='keyTag2d1a8811f3', expectedType='persona'}]" classname="com.dotmarketing.business.DeterministicIdentifierAPITest" time="0.005"/>
  <testcase name="Test_Similar_Content_Type_Wont_Clash" classname="com.dotmarketing.business.DeterministicIdentifierAPITest" time="0.745"/>
  <testcase name="Test_Generate_Folder_Identifier" classname="com.dotmarketing.business.DeterministicIdentifierAPITest" time="1.137"/>
  <testcase name="Test_Generate_Content_Type_Identifier[0: ContentTypeTestCase{contentType=KeyValueContentType{name=Language Variable, id=f4d7c1b8-2c88-4071-abf1-a5328977b07d, description=Default Content Type for Language Variables, defaultType=false, fixed=true, iDate=Thu Aug 31 16:38:49 UTC 2017, system=true, versionable=true, variable=Languagevariable, modDate=Mon Jun 26 18:26:00 UTC 2023, host=SYSTEM_HOST, siteName=systemHost, icon=language, sortOrder=0, folder=SYSTEM_FOLDER, folderPath=/, markedForDeletion=true, multilingualable=false}, expectedName='Languagevariable', expectedType='KeyValue'}]" classname="com.dotmarketing.business.DeterministicIdentifierAPITest" time="0.006"/>
  <testcase name="Test_Generate_Content_Type_Identifier[1: ContentTypeTestCase{contentType=SimpleContentType{name=testName1687808290182, id=0978b324-1f17-4587-8d2e-b730a4471072, description=testDescription1687808290182, defaultType=false, fixed=false, iDate=Mon Jun 26 19:38:10 UTC 2023, system=false, versionable=true, multilingualable=false, variable=testVarname1687808290182, owner=system, modDate=Mon Jun 26 19:38:11 UTC 2023, host=48190c8c-42c4-46af-8d1a-0cd5db894797, siteName=demo.dotcms.com, icon=event_note, sortOrder=0, folder=SYSTEM_FOLDER, folderPath=/, requiredFields=[], markedForDeletion=false}, expectedName='testVarname1687808290182', expectedType='CONTENT'}]" classname="com.dotmarketing.business.DeterministicIdentifierAPITest" time="0.005"/>
  <system-out><![CDATA[]]></system-out>
  <system-err><![CDATA[]]></system-err>
</testsuite>
