<?xml version="1.0" encoding="UTF-8"?>
<testsuite name="com.dotmarketing.portlets.structure.model.ContentletRelationshipsTest" tests="7" skipped="0" failures="0" errors="0" timestamp="2023-06-26T17:43:46" hostname="fv-az1242-413" time="8.462">
  <properties/>
  <testcase name="testDoesAllowOnlyOne[0: com.dotmarketing.portlets.structure.model.ContentletRelationshipsTest$CardinalityTestCase@ec62b2a]" classname="com.dotmarketing.portlets.structure.model.ContentletRelationshipsTest" time="0.436"/>
  <testcase name="testDoesAllowOnlyOne[1: com.dotmarketing.portlets.structure.model.ContentletRelationshipsTest$CardinalityTestCase@4fdb2c67]" classname="com.dotmarketing.portlets.structure.model.ContentletRelationshipsTest" time="0.42"/>
  <testcase name="testDoesAllowOnlyOne[2: com.dotmarketing.portlets.structure.model.ContentletRelationshipsTest$CardinalityTestCase@7b56a300]" classname="com.dotmarketing.portlets.structure.model.ContentletRelationshipsTest" time="0.408"/>
  <testcase name="testGetRelationshipRecords[0: com.dotmarketing.portlets.structure.model.ContentletRelationshipsTest$TestCase@306f08d]" classname="com.dotmarketing.portlets.structure.model.ContentletRelationshipsTest" time="1.855"/>
  <testcase name="testGetRelationshipRecords[1: com.dotmarketing.portlets.structure.model.ContentletRelationshipsTest$TestCase@3c2614bc]" classname="com.dotmarketing.portlets.structure.model.ContentletRelationshipsTest" time="1.879"/>
  <testcase name="testGetRelationshipRecords[2: com.dotmarketing.portlets.structure.model.ContentletRelationshipsTest$TestCase@2a88af4b]" classname="com.dotmarketing.portlets.structure.model.ContentletRelationshipsTest" time="1.711"/>
  <testcase name="testGetRelationshipRecords[3: com.dotmarketing.portlets.structure.model.ContentletRelationshipsTest$TestCase@648857b9]" classname="com.dotmarketing.portlets.structure.model.ContentletRelationshipsTest" time="1.753"/>
  <system-out><![CDATA[]]></system-out>
  <system-err><![CDATA[]]></system-err>
</testsuite>
