<?xml version="1.0" encoding="UTF-8"?>
<testsuite name="com.dotcms.rest.TagResourceIntegrationTest" tests="4" skipped="0" failures="0" errors="0" timestamp="2023-06-30T15:50:20" hostname="fv-az173-860" time="0.303">
  <properties/>
  <testcase name="testList[0: com.dotcms.rest.TagResourceTestCase@8a22aff]" classname="com.dotcms.rest.TagResourceIntegrationTest" time="0.232"/>
  <testcase name="testList[1: com.dotcms.rest.TagResourceTestCase@c7949d4]" classname="com.dotcms.rest.TagResourceIntegrationTest" time="0.02"/>
  <testcase name="testList[2: com.dotcms.rest.TagResourceTestCase@221fe15f]" classname="com.dotcms.rest.TagResourceIntegrationTest" time="0.031"/>
  <testcase name="testList[3: com.dotcms.rest.TagResourceTestCase@1e4df228]" classname="com.dotcms.rest.TagResourceIntegrationTest" time="0.019"/>
  <system-out><![CDATA[]]></system-out>
  <system-err><![CDATA[Jun 30, 2023 3:50:20 PM com.dotcms.repackage.org.hibernate.validator.internal.util.Version <clinit>
INFO: HV000001: Hibernate Validator 4.3.2.Final
]]></system-err>
</testsuite>
