<?xml version="1.0" encoding="UTF-8"?>
<testsuite name="com.dotmarketing.business.DeterministicIdentifierAPITest" tests="16" skipped="0" failures="0" errors="0" timestamp="2023-06-22T01:45:58" hostname="fv-az484-488" time="1.463">
  <properties/>
  <testcase name="Test_Category_Path_Seed_And_Id" classname="com.dotmarketing.business.DeterministicIdentifierAPITest" time="0.027"/>
  <testcase name="Test_Language_Deterministic_Id[0: LanguageTestCase{expectedSeed='Language:es:US', expectedHash=4913155, langCode='es', countryCode='US', country='United States'}]" classname="com.dotmarketing.business.DeterministicIdentifierAPITest" time="0.001"/>
  <testcase name="Test_Language_Deterministic_Id[1: LanguageTestCase{expectedSeed='Language:ep:', expectedHash=5292269, langCode='ep', countryCode='', country=''}]" classname="com.dotmarketing.business.DeterministicIdentifierAPITest" time="0.002"/>
  <testcase name="Test_Language_Deterministic_Id[2: LanguageTestCase{expectedSeed='Language:sg:SAG', expectedHash=4713118, langCode='sg', countryCode='SAG', country=''}]" classname="com.dotmarketing.business.DeterministicIdentifierAPITest" time="0.001"/>
  <testcase name="Test_Language_Deterministic_Id[3: LanguageTestCase{expectedSeed='Language:en:NZ', expectedHash=5382528, langCode='en', countryCode='NZ', country='New Zealand'}]" classname="com.dotmarketing.business.DeterministicIdentifierAPITest" time="0.001"/>
  <testcase name="Test_Category_None_Persisted_Category_Should_Return_Deterministic_Id" classname="com.dotmarketing.business.DeterministicIdentifierAPITest" time="0.001"/>
  <testcase name="Test_Asset_Generate_Deterministic_Id_Best_Effort[0: TestCase{versionable=my.host1687392804900.com, parent=System Host, expectedName='my.host1687392804900.com', expectedType='Host'}]" classname="com.dotmarketing.business.DeterministicIdentifierAPITest" time="0.004"/>
  <testcase name="Test_Asset_Generate_Deterministic_Id_Best_Effort[1: TestCase{versionable=com.dotmarketing.portlets.contentlet.model.Contentlet@36e0318c[map={modDate=2023-06-22 00:13:25.993, fileName=file17732798575708743732.txt, title=file17732798575708743732.txt, inode=4277dfb6-d868-4239-8ce5-4e6b6cbc6209, __IS_NEW_CONTENT__=true, disabledWYSIWYG=[], host=3abc841b-3248-4266-9dbc-9814f654bc91, stInode=33888b6f-7a8e-4069-b1b6-5c1aa9d0a48d, owner=system, identifier=532a4357-7c7f-416e-b4e2-67c2b2480ee7, nullProperties=[wfExpireDate, wfPublishDate, wfActionAssign, wfActionId, wfActionComments, filterKey, whereToSend, wfNeverExpire, _path_to_move, timezoneId, iWantTo, wfPublishTime, wfExpireTime], languageId=1, fileAsset=/home/runner/work/core/custom/assets/4/2/4277dfb6-d868-4239-8ce5-4e6b6cbc6209/fileAsset/file17732798575708743732.txt, folder=affa4b77-6195-452d-8eaf-0d30334d0e8d, __disable_workflow__=true, sortOrder=0, modUser=system},lowIndexPriority=false,variantId=DEFAULT], parent=com.dotmarketing.portlets.folders.model.Folder@1e0a7eb3[identifier=affa4b77-6195-452d-8eaf-0d30334d0e8d,name=testName1687392805984,sortOrder=0,showOnMenu=false,hostId=3abc841b-3248-4266-9dbc-9814f654bc91,type=folder,title=testTitle1687392805984,filesMasks=,defaultFileType=33888b6f-7a8e-4069-b1b6-5c1aa9d0a48d,modDate=2023-06-22 00:13:25.988,owner=&lt;null&gt;,iDate=2023-06-22 00:13:25.988,inode=affa4b77-6195-452d-8eaf-0d30334d0e8d,path=/testName1687392805984/], expectedName='file17732798575708743732.txt', expectedType='FileAsset'}]" classname="com.dotmarketing.business.DeterministicIdentifierAPITest" time="0.004"/>
  <testcase name="Test_Asset_Generate_Deterministic_Id_Best_Effort[2: TestCase{versionable=com.dotmarketing.portlets.templates.model.Template@2d568a84, parent=my.host1687392804900.com, expectedName='testTitle1687392806125', expectedType='Template'}]" classname="com.dotmarketing.business.DeterministicIdentifierAPITest" time="0.002"/>
  <testcase name="Test_Asset_Generate_Deterministic_Id_Best_Effort[3: TestCase{versionable=com.dotmarketing.portlets.htmlpageasset.model.HTMLPageAsset@6b3dc85[map={template=d155cd28-1c49-4d2a-b804-3e6db4bc4361, owner=system, identifier=7ee38590-b790-4d2e-b863-36e03559125e, nullProperties=[wfExpireDate, wfPublishDate, wfActionAssign, wfActionId, wfActionComments, filterKey, whereToSend, wfNeverExpire, _path_to_move, timezoneId, iWantTo, wfPublishTime, wfExpireTime], modDate=2023-06-22 00:13:26.141, cachettl=0, _is_test_mode=true, languageId=1, title=test-page-title-1687392806136, httpsreq=, url=test-page-url-1687392806136, showOnMenu=, inode=c1116912-5629-4fea-a2d4-e007a5ed1781, folder=affa4b77-6195-452d-8eaf-0d30334d0e8d, disabledWYSIWYG=[], sortOrder=1, modUser=system, host=3abc841b-3248-4266-9dbc-9814f654bc91, stInode=c541abb1-69b3-4bc5-8430-5e09e5239cc8, friendlyName=test-page-friendly-name-1687392806136},lowIndexPriority=false,variantId=DEFAULT], parent=com.dotmarketing.portlets.folders.model.Folder@1e0a7eb3[identifier=affa4b77-6195-452d-8eaf-0d30334d0e8d,name=testName1687392805984,sortOrder=0,showOnMenu=false,hostId=3abc841b-3248-4266-9dbc-9814f654bc91,type=folder,title=testTitle1687392805984,filesMasks=,defaultFileType=33888b6f-7a8e-4069-b1b6-5c1aa9d0a48d,modDate=2023-06-22 00:13:25.988,owner=&lt;null&gt;,iDate=2023-06-22 00:13:25.988,inode=affa4b77-6195-452d-8eaf-0d30334d0e8d,path=/testName1687392805984/], expectedName='test-page-url-1687392806136', expectedType='htmlpageasset'}]" classname="com.dotmarketing.business.DeterministicIdentifierAPITest" time="0.002"/>
  <testcase name="Test_Asset_Generate_Deterministic_Id_Best_Effort[4: TestCase{versionable=com.dotmarketing.portlets.contentlet.model.Contentlet@57fe7d84[map={fileAsset2=/home/runner/work/core/custom/assets/9/a/9ac4d641-e30e-4a66-bdb2-5e8ebc3641a6/fileAsset2/test_binary1687392806957.png, modDate=2023-06-22 00:13:26.966, fileAsset1=/home/runner/work/core/custom/assets/9/a/9ac4d641-e30e-4a66-bdb2-5e8ebc3641a6/fileAsset1/test_binary1687392806956.jpg, title=blah, inode=9ac4d641-e30e-4a66-bdb2-5e8ebc3641a6, __IS_NEW_CONTENT__=true, disabledWYSIWYG=[], host=8a7d5e23-da1e-420a-b4f0-471e7da8ea2d, stInode=115defdf-44fe-4886-9c27-755dde1d5606, owner=system, identifier=803e5d59-7f6b-4875-99a6-97a02d124d7c, nullProperties=[], languageId=1, image1=724a24b1-ff6b-4cea-8ee1-aa44ef6d36ec, folder=SYSTEM_FOLDER, __disable_workflow__=true, sortOrder=0, modUser=system},lowIndexPriority=false,variantId=DEFAULT], parent=default, expectedName='test_binary1687392806956.jpg:test_binary1687392806957.png', expectedType='MultipleBinaries1687392806231'}]" classname="com.dotmarketing.business.DeterministicIdentifierAPITest" time="0.007"/>
  <testcase name="Test_Asset_Generate_Deterministic_Id_Best_Effort[5: TestCase{versionable=name3ecb3c3b4b : keyTag3ecb3c3b4b, parent=my.host1687392804900.com, expectedName='keyTag3ecb3c3b4b', expectedType='persona'}]" classname="com.dotmarketing.business.DeterministicIdentifierAPITest" time="0.006"/>
  <testcase name="Test_Similar_Content_Type_Wont_Clash" classname="com.dotmarketing.business.DeterministicIdentifierAPITest" time="0.592"/>
  <testcase name="Test_Generate_Folder_Identifier" classname="com.dotmarketing.business.DeterministicIdentifierAPITest" time="0.798"/>
  <testcase name="Test_Generate_Content_Type_Identifier[0: ContentTypeTestCase{contentType=KeyValueContentType{name=Language Variable, id=f4d7c1b8-2c88-4071-abf1-a5328977b07d, description=Default Content Type for Language Variables, defaultType=false, fixed=true, iDate=Thu Aug 31 16:38:49 UTC 2017, system=true, versionable=true, variable=Languagevariable, modDate=Thu Jun 22 00:10:08 UTC 2023, host=SYSTEM_HOST, siteName=systemHost, icon=language, sortOrder=0, folder=SYSTEM_FOLDER, folderPath=/, markedForDeletion=false, multilingualable=false}, expectedName='Languagevariable', expectedType='KeyValue'}]" classname="com.dotmarketing.business.DeterministicIdentifierAPITest" time="0.007"/>
  <testcase name="Test_Generate_Content_Type_Identifier[1: ContentTypeTestCase{contentType=SimpleContentType{name=testName1687392807252, id=bd160703-b5a3-4bed-a6ac-55e5334a195b, description=testDescription1687392807252, defaultType=false, fixed=false, iDate=Thu Jun 22 00:13:27 UTC 2023, system=false, versionable=true, multilingualable=false, variable=testVarname1687392807252, owner=system, modDate=Thu Jun 22 00:13:27 UTC 2023, host=8a7d5e23-da1e-420a-b4f0-471e7da8ea2d, siteName=default, icon=event_note, sortOrder=0, folder=SYSTEM_FOLDER, folderPath=/, requiredFields=[], markedForDeletion=false}, expectedName='testVarname1687392807252', expectedType='CONTENT'}]" classname="com.dotmarketing.business.DeterministicIdentifierAPITest" time="0.004"/>
  <system-out><![CDATA[]]></system-out>
  <system-err><![CDATA[]]></system-err>
</testsuite>
