<?xml version="1.0" encoding="UTF-8"?>
<testsuite name="com.dotmarketing.portlets.rules.conditionlet.NumberOfTimesPreviouslyVisitedConditionletTest" tests="5" skipped="0" failures="0" errors="0" timestamp="2023-06-23T19:29:58" hostname="fv-az256-466" time="0.022">
  <properties/>
  <testcase name="testEvaluateLessOrEqualThan" classname="com.dotmarketing.portlets.rules.conditionlet.NumberOfTimesPreviouslyVisitedConditionletTest" time="0.013"/>
  <testcase name="testEvaluateEquals" classname="com.dotmarketing.portlets.rules.conditionlet.NumberOfTimesPreviouslyVisitedConditionletTest" time="0.002"/>
  <testcase name="testEvaluateLessThan" classname="com.dotmarketing.portlets.rules.conditionlet.NumberOfTimesPreviouslyVisitedConditionletTest" time="0.002"/>
  <testcase name="testEvaluateGreaterOrEqualThan" classname="com.dotmarketing.portlets.rules.conditionlet.NumberOfTimesPreviouslyVisitedConditionletTest" time="0.002"/>
  <testcase name="testEvaluateGreaterThan" classname="com.dotmarketing.portlets.rules.conditionlet.NumberOfTimesPreviouslyVisitedConditionletTest" time="0.002"/>
  <system-out><![CDATA[]]></system-out>
  <system-err><![CDATA[]]></system-err>
</testsuite>
