<?xml version="1.0" encoding="UTF-8"?>
<testsuite name="com.dotcms.security.apps.AppsCacheImplTest" tests="3" skipped="0" failures="0" errors="0" timestamp="2023-07-17T17:34:06" hostname="fv-az404-376" time="0.032">
  <properties/>
  <testcase name="Test_put_Secret_Then_Verify_Get_From_Cache" classname="com.dotcms.security.apps.AppsCacheImplTest" time="0.005"/>
  <testcase name="Test_Get_Secret_From_Cache_With_Supplier" classname="com.dotcms.security.apps.AppsCacheImplTest" time="0.011"/>
  <testcase name="Test_Get_Descriptors_From_Cache_With_Supplier" classname="com.dotcms.security.apps.AppsCacheImplTest" time="0.015"/>
  <system-out><![CDATA[]]></system-out>
  <system-err><![CDATA[]]></system-err>
</testsuite>
