<?xml version="1.0" encoding="UTF-8"?>
<testsuite name="com.dotcms.rest.api.v1.theme.ThemeResourceIntegrationTest" tests="12" skipped="0" failures="0" errors="0" timestamp="2023-06-27T19:55:33" hostname="fv-az1246-735" time="26.409">
  <properties/>
  <testcase name="test_FindThemById_Success" classname="com.dotcms.rest.api.v1.theme.ThemeResourceIntegrationTest" time="2.485"/>
  <testcase name="test_FindThemes_WhenHostIdIsSent_ReturnsItsThemes" classname="com.dotcms.rest.api.v1.theme.ThemeResourceIntegrationTest" time="2.044"/>
  <testcase name="test_FindThemes_WhenHostIdIsSentAndPerPageEqualsOne_ReturnsOneTheme" classname="com.dotcms.rest.api.v1.theme.ThemeResourceIntegrationTest" time="3.056"/>
  <testcase name="test_FindThemes_WhenInvalidHostId_ReturnsDoesNotExistException" classname="com.dotcms.rest.api.v1.theme.ThemeResourceIntegrationTest" time="0.795"/>
  <testcase name="test_FindThemById_IdNotExists_returnDoesNotExistException" classname="com.dotcms.rest.api.v1.theme.ThemeResourceIntegrationTest" time="0.782"/>
  <testcase name="test_FindThemeByIdWithArchivedThemePNG_MustNotReturnThemeThumbnail" classname="com.dotcms.rest.api.v1.theme.ThemeResourceIntegrationTest" time="2.7"/>
  <testcase name="test_FindThemeByIdWithPublishedThemePNG_ReturnsThemeThumbnail" classname="com.dotcms.rest.api.v1.theme.ThemeResourceIntegrationTest" time="3.208"/>
  <testcase name="test_FindThemeByIdWithUnpublishedThemePNG_MustNotReturnThemeThumbnail" classname="com.dotcms.rest.api.v1.theme.ThemeResourceIntegrationTest" time="2.821"/>
  <testcase name="test_FindThemes_WhenHostIdAndSearchParamsAreSent_ReturnsItsThemes" classname="com.dotcms.rest.api.v1.theme.ThemeResourceIntegrationTest" time="4.677"/>
  <testcase name="test_FindThemes_WhenHostIdIsSystemTheme_ReturnsSystemTheme" classname="com.dotcms.rest.api.v1.theme.ThemeResourceIntegrationTest" time="0.783"/>
  <testcase name="test_FindThemes_LimitedUserWithoutPermissions_PaginationException" classname="com.dotcms.rest.api.v1.theme.ThemeResourceIntegrationTest" time="2.268"/>
  <testcase name="test_FindThemes_WhenHostIdIsNotSent_ReturnsBadRequest" classname="com.dotcms.rest.api.v1.theme.ThemeResourceIntegrationTest" time="0.789"/>
  <system-out><![CDATA[]]></system-out>
  <system-err><![CDATA[]]></system-err>
</testsuite>
