<?xml version="1.0" encoding="UTF-8"?>
<testsuite name="com.dotmarketing.startup.runonce.Task211012AddCompanyDefaultLanguageTest" tests="3" skipped="0" failures="0" errors="0" timestamp="2023-07-21T19:29:32" hostname="fv-az449-560" time="0.032">
  <properties/>
  <testcase name="Test_UpgradeTask_None_Existing_Language_Property" classname="com.dotmarketing.startup.runonce.Task211012AddCompanyDefaultLanguageTest" time="0.012"/>
  <testcase name="Test_UpgradeTask_Success" classname="com.dotmarketing.startup.runonce.Task211012AddCompanyDefaultLanguageTest" time="0.007"/>
  <testcase name="Test_UpgradeTask_Added_New_Language_Success" classname="com.dotmarketing.startup.runonce.Task211012AddCompanyDefaultLanguageTest" time="0.011"/>
  <system-out><![CDATA[]]></system-out>
  <system-err><![CDATA[]]></system-err>
</testsuite>
