<?xml version="1.0" encoding="UTF-8"?>
<testsuite name="com.dotcms.rest.api.v1.folder.FolderResourceTest" tests="10" skipped="0" failures="0" errors="0" timestamp="2023-06-30T19:19:11" hostname="fv-az612-580" time="21.055">
  <properties/>
  <testcase name="test_loadFolderAndSubFoldersByPath_UserNoPermissionsOverSubFolder_returnFoldersWithUserPermissions" classname="com.dotcms.rest.api.v1.folder.FolderResourceTest" time="4.757"/>
  <testcase name="test_loadFolderAndSubFoldersByPath_Admin_InvalidHostId_return400" classname="com.dotcms.rest.api.v1.folder.FolderResourceTest" time="1.86"/>
  <testcase name="test_loadFolderAndSubFoldersByPath_UserNoPermissionsOverFolder_return403" classname="com.dotcms.rest.api.v1.folder.FolderResourceTest" time="3.196"/>
  <testcase name="test_createFolders_siteNameNotExists_return400" classname="com.dotcms.rest.api.v1.folder.FolderResourceTest" time="0.803"/>
  <testcase name="test_createFolders_UserNoPermissions_return403" classname="com.dotcms.rest.api.v1.folder.FolderResourceTest" time="1.286"/>
  <testcase name="test_loadFolderAndSubFoldersByPath_Admin_success" classname="com.dotcms.rest.api.v1.folder.FolderResourceTest" time="1.798"/>
  <testcase name="test_createFolders_restrictedFolderName_return400" classname="com.dotcms.rest.api.v1.folder.FolderResourceTest" time="1.205"/>
  <testcase name="test_loadFolderAndSubFoldersByPath_UserNoPermissionsOverHost_return403" classname="com.dotcms.rest.api.v1.folder.FolderResourceTest" time="2.618"/>
  <testcase name="test_loadFolderAndSubFoldersByPath_Admin_InvalidPath_return400" classname="com.dotcms.rest.api.v1.folder.FolderResourceTest" time="2.235"/>
  <testcase name="test_createFolders_success" classname="com.dotcms.rest.api.v1.folder.FolderResourceTest" time="1.297"/>
  <system-out><![CDATA[]]></system-out>
  <system-err><![CDATA[]]></system-err>
</testsuite>
