<?xml version="1.0" encoding="UTF-8"?>
<testsuite name="com.dotcms.translate.GoogleTranslationServiceIntegrationTest" tests="3" skipped="0" failures="0" errors="0" timestamp="2023-06-28T00:15:40" hostname="fv-az168-423" time="6.188">
  <properties/>
  <testcase name="test_setServiceParameters_SecretExistAtHost_returnAPIKey" classname="com.dotcms.translate.GoogleTranslationServiceIntegrationTest" time="2.159"/>
  <testcase name="test_setServiceParameters_APIKeySetPropertyFile_returnAPIKey" classname="com.dotcms.translate.GoogleTranslationServiceIntegrationTest" time="1.991"/>
  <testcase name="test_setServiceParameters_SecretExistAtSystemHost_returnAPIKey" classname="com.dotcms.translate.GoogleTranslationServiceIntegrationTest" time="2.038"/>
  <system-out><![CDATA[]]></system-out>
  <system-err><![CDATA[]]></system-err>
</testsuite>
