<?xml version="1.0" encoding="UTF-8"?>
<testsuite name="com.dotcms.rest.elasticsearch.ESContentResourcePortletTest" tests="8" skipped="0" failures="0" errors="0" timestamp="2023-07-08T05:04:34" hostname="fv-az436-467" time="10.15">
  <properties/>
  <testcase name="test_search_includeGrandChildCategory_success" classname="com.dotcms.rest.elasticsearch.ESContentResourcePortletTest" time="2.439"/>
  <testcase name="testSearch[0: com.dotcms.rest.elasticsearch.ESContentResourcePortletTest$TestCase@17a66761]" classname="com.dotcms.rest.elasticsearch.ESContentResourcePortletTest" time="1.085"/>
  <testcase name="testSearch[1: com.dotcms.rest.elasticsearch.ESContentResourcePortletTest$TestCase@77f4b5d6]" classname="com.dotcms.rest.elasticsearch.ESContentResourcePortletTest" time="1.469"/>
  <testcase name="testSearch[2: com.dotcms.rest.elasticsearch.ESContentResourcePortletTest$TestCase@2fce4755]" classname="com.dotcms.rest.elasticsearch.ESContentResourcePortletTest" time="1.153"/>
  <testcase name="testSearch[3: com.dotcms.rest.elasticsearch.ESContentResourcePortletTest$TestCase@66adbc01]" classname="com.dotcms.rest.elasticsearch.ESContentResourcePortletTest" time="0.524"/>
  <testcase name="testSearch[4: com.dotcms.rest.elasticsearch.ESContentResourcePortletTest$TestCase@429452da]" classname="com.dotcms.rest.elasticsearch.ESContentResourcePortletTest" time="1.376"/>
  <testcase name="testSearch[5: com.dotcms.rest.elasticsearch.ESContentResourcePortletTest$TestCase@109c055b]" classname="com.dotcms.rest.elasticsearch.ESContentResourcePortletTest" time="1.064"/>
  <testcase name="testSearch[6: com.dotcms.rest.elasticsearch.ESContentResourcePortletTest$TestCase@4d351cf2]" classname="com.dotcms.rest.elasticsearch.ESContentResourcePortletTest" time="1.036"/>
  <system-out><![CDATA[]]></system-out>
  <system-err><![CDATA[]]></system-err>
</testsuite>
