<?xml version="1.0" encoding="UTF-8"?>
<testsuite name="com.dotcms.rest.api.v1.vtl.VTLResourceIntegrationTest" tests="6" skipped="0" failures="0" errors="0" timestamp="2023-06-30T16:42:37" hostname="fv-az452-220" time="11.174">
  <properties/>
  <testcase name="testGet[0: com.dotcms.rest.api.v1.vtl.VTLResourceTestCase@6a669d5e]" classname="com.dotcms.rest.api.v1.vtl.VTLResourceIntegrationTest" time="2.163"/>
  <testcase name="testGet[1: com.dotcms.rest.api.v1.vtl.VTLResourceTestCase@6a9a8a1d]" classname="com.dotcms.rest.api.v1.vtl.VTLResourceIntegrationTest" time="1.917"/>
  <testcase name="testGet[2: com.dotcms.rest.api.v1.vtl.VTLResourceTestCase@480e1c7d]" classname="com.dotcms.rest.api.v1.vtl.VTLResourceIntegrationTest" time="2.078"/>
  <testcase name="testGet[3: com.dotcms.rest.api.v1.vtl.VTLResourceTestCase@169ae3ba]" classname="com.dotcms.rest.api.v1.vtl.VTLResourceIntegrationTest" time="1.973"/>
  <testcase name="testGet[4: com.dotcms.rest.api.v1.vtl.VTLResourceTestCase@4848105a]" classname="com.dotcms.rest.api.v1.vtl.VTLResourceIntegrationTest" time="1.083"/>
  <testcase name="testGet[5: com.dotcms.rest.api.v1.vtl.VTLResourceTestCase@76bca12c]" classname="com.dotcms.rest.api.v1.vtl.VTLResourceIntegrationTest" time="1.96"/>
  <system-out><![CDATA[]]></system-out>
  <system-err><![CDATA[]]></system-err>
</testsuite>
