<?xml version="1.0" encoding="UTF-8"?>
<testsuite name="com.dotmarketing.portlets.rules.conditionlet.NumberOfTimesPreviouslyVisitedConditionletTest" tests="5" skipped="0" failures="0" errors="0" timestamp="2023-07-20T21:54:27" hostname="fv-az574-670" time="0.015">
  <properties/>
  <testcase name="testEvaluateLessOrEqualThan" classname="com.dotmarketing.portlets.rules.conditionlet.NumberOfTimesPreviouslyVisitedConditionletTest" time="0.008"/>
  <testcase name="testEvaluateEquals" classname="com.dotmarketing.portlets.rules.conditionlet.NumberOfTimesPreviouslyVisitedConditionletTest" time="0.003"/>
  <testcase name="testEvaluateLessThan" classname="com.dotmarketing.portlets.rules.conditionlet.NumberOfTimesPreviouslyVisitedConditionletTest" time="0.001"/>
  <testcase name="testEvaluateGreaterOrEqualThan" classname="com.dotmarketing.portlets.rules.conditionlet.NumberOfTimesPreviouslyVisitedConditionletTest" time="0.002"/>
  <testcase name="testEvaluateGreaterThan" classname="com.dotmarketing.portlets.rules.conditionlet.NumberOfTimesPreviouslyVisitedConditionletTest" time="0.001"/>
  <system-out><![CDATA[]]></system-out>
  <system-err><![CDATA[]]></system-err>
</testsuite>
