<?xml version="1.0" encoding="UTF-8"?>
<testsuite name="com.dotcms.rendering.velocity.VelocityMacroCacheTest" tests="3" skipped="0" failures="0" errors="0" timestamp="2023-06-28T22:33:25" hostname="fv-az446-868" time="0.294">
  <properties/>
  <testcase name="test010MacroCaches" classname="com.dotcms.rendering.velocity.VelocityMacroCacheTest" time="0.002"/>
  <testcase name="test020MacroSurvivesVelocityDump" classname="com.dotcms.rendering.velocity.VelocityMacroCacheTest" time="0.006"/>
  <testcase name="test030MacroDoesNotSurviveTotalDump" classname="com.dotcms.rendering.velocity.VelocityMacroCacheTest" time="0.285"/>
  <system-out><![CDATA[]]></system-out>
  <system-err><![CDATA[]]></system-err>
</testsuite>
