<?xml version="1.0" encoding="UTF-8"?>
<testsuite name="com.dotmarketing.portlets.workflows.actionlet.SaveContentActionletTest" tests="9" skipped="0" failures="0" errors="0" timestamp="2023-07-20T20:26:34" hostname="fv-az174-151" time="2.425">
  <properties/>
  <testcase name="test_Publish_With_Save_Contentlet[0: com.dotmarketing.portlets.workflows.actionlet.SaveContentActionletTest$TestCase@52c603dd]" classname="com.dotmarketing.portlets.workflows.actionlet.SaveContentActionletTest" time="1.167"/>
  <testcase name="test_Publish_With_Save_Contentlet[1: com.dotmarketing.portlets.workflows.actionlet.SaveContentActionletTest$TestCase@772de052]" classname="com.dotmarketing.portlets.workflows.actionlet.SaveContentActionletTest" time="1.169"/>
  <testcase name="test_Publish_With_Save_Contentlet[2: com.dotmarketing.portlets.workflows.actionlet.SaveContentActionletTest$TestCase@4a103a5c]" classname="com.dotmarketing.portlets.workflows.actionlet.SaveContentActionletTest" time="0.015"/>
  <testcase name="test_Publish_With_Save_Contentlet[3: com.dotmarketing.portlets.workflows.actionlet.SaveContentActionletTest$TestCase@66e81ab3]" classname="com.dotmarketing.portlets.workflows.actionlet.SaveContentActionletTest" time="0.011"/>
  <testcase name="test_Publish_With_Save_Contentlet[4: com.dotmarketing.portlets.workflows.actionlet.SaveContentActionletTest$TestCase@4d22558]" classname="com.dotmarketing.portlets.workflows.actionlet.SaveContentActionletTest" time="0.012"/>
  <testcase name="test_Publish_With_Save_Contentlet[5: com.dotmarketing.portlets.workflows.actionlet.SaveContentActionletTest$TestCase@1c656ae0]" classname="com.dotmarketing.portlets.workflows.actionlet.SaveContentActionletTest" time="0.011"/>
  <testcase name="test_Publish_With_Save_Contentlet[6: com.dotmarketing.portlets.workflows.actionlet.SaveContentActionletTest$TestCase@576c71ea]" classname="com.dotmarketing.portlets.workflows.actionlet.SaveContentActionletTest" time="0.017"/>
  <testcase name="test_Publish_With_Save_Contentlet[7: com.dotmarketing.portlets.workflows.actionlet.SaveContentActionletTest$TestCase@7177d436]" classname="com.dotmarketing.portlets.workflows.actionlet.SaveContentActionletTest" time="0.011"/>
  <testcase name="test_Publish_With_Save_Contentlet[8: com.dotmarketing.portlets.workflows.actionlet.SaveContentActionletTest$TestCase@649ad7a5]" classname="com.dotmarketing.portlets.workflows.actionlet.SaveContentActionletTest" time="0.011"/>
  <system-out><![CDATA[]]></system-out>
  <system-err><![CDATA[]]></system-err>
</testsuite>
