<?xml version="1.0" encoding="UTF-8"?>
<testsuite name="com.dotmarketing.business.DeterministicIdentifierAPITest" tests="16" skipped="0" failures="0" errors="0" timestamp="2023-06-26T17:54:54" hostname="fv-az1226-245" time="1.263">
  <properties/>
  <testcase name="Test_Category_Path_Seed_And_Id" classname="com.dotmarketing.business.DeterministicIdentifierAPITest" time="0.026"/>
  <testcase name="Test_Language_Deterministic_Id[0: LanguageTestCase{expectedSeed='Language:es:US', expectedHash=4913155, langCode='es', countryCode='US', country='United States'}]" classname="com.dotmarketing.business.DeterministicIdentifierAPITest" time="0.001"/>
  <testcase name="Test_Language_Deterministic_Id[1: LanguageTestCase{expectedSeed='Language:ep:', expectedHash=5292269, langCode='ep', countryCode='', country=''}]" classname="com.dotmarketing.business.DeterministicIdentifierAPITest" time="0.001"/>
  <testcase name="Test_Language_Deterministic_Id[2: LanguageTestCase{expectedSeed='Language:sg:SAG', expectedHash=4713118, langCode='sg', countryCode='SAG', country=''}]" classname="com.dotmarketing.business.DeterministicIdentifierAPITest" time="0.001"/>
  <testcase name="Test_Language_Deterministic_Id[3: LanguageTestCase{expectedSeed='Language:en:NZ', expectedHash=5382528, langCode='en', countryCode='NZ', country='New Zealand'}]" classname="com.dotmarketing.business.DeterministicIdentifierAPITest" time="0.001"/>
  <testcase name="Test_Category_None_Persisted_Category_Should_Return_Deterministic_Id" classname="com.dotmarketing.business.DeterministicIdentifierAPITest" time="0.001"/>
  <testcase name="Test_Asset_Generate_Deterministic_Id_Best_Effort[0: TestCase{versionable=my.host1687796420810.com, parent=System Host, expectedName='my.host1687796420810.com', expectedType='Host'}]" classname="com.dotmarketing.business.DeterministicIdentifierAPITest" time="0.004"/>
  <testcase name="Test_Asset_Generate_Deterministic_Id_Best_Effort[1: TestCase{versionable=com.dotmarketing.portlets.contentlet.model.Contentlet@897dccc[map={modDate=2023-06-26 16:20:21.93, fileName=file14432658751897797605.txt, title=file14432658751897797605.txt, inode=0c930236-9dd1-47c1-8ef7-17c350cf5839, __IS_NEW_CONTENT__=true, disabledWYSIWYG=[], host=9185fbcf-c205-459f-a470-9715ee7bce39, stInode=33888b6f-7a8e-4069-b1b6-5c1aa9d0a48d, owner=system, identifier=373e2eb0-4610-4c2a-b0f6-824aba3dcdca, nullProperties=[wfExpireDate, wfPublishDate, wfActionAssign, wfActionId, wfActionComments, filterKey, whereToSend, wfNeverExpire, _path_to_move, timezoneId, iWantTo, wfPublishTime, wfExpireTime], languageId=1, fileAsset=/home/runner/work/core/custom/assets/0/c/0c930236-9dd1-47c1-8ef7-17c350cf5839/fileAsset/file14432658751897797605.txt, folder=a2f2d025-1842-4d59-9b66-ad1d310efd13, __disable_workflow__=true, sortOrder=0, modUser=system},lowIndexPriority=false,variantId=DEFAULT], parent=com.dotmarketing.portlets.folders.model.Folder@19d9c616[identifier=a2f2d025-1842-4d59-9b66-ad1d310efd13,name=testName1687796421922,sortOrder=0,showOnMenu=false,hostId=9185fbcf-c205-459f-a470-9715ee7bce39,type=folder,title=testTitle1687796421922,filesMasks=,defaultFileType=33888b6f-7a8e-4069-b1b6-5c1aa9d0a48d,modDate=2023-06-26 16:20:21.926,owner=&lt;null&gt;,iDate=2023-06-26 16:20:21.926,inode=a2f2d025-1842-4d59-9b66-ad1d310efd13,path=/testName1687796421922/], expectedName='file14432658751897797605.txt', expectedType='FileAsset'}]" classname="com.dotmarketing.business.DeterministicIdentifierAPITest" time="0.003"/>
  <testcase name="Test_Asset_Generate_Deterministic_Id_Best_Effort[2: TestCase{versionable=com.dotmarketing.portlets.templates.model.Template@aac2f2c4, parent=my.host1687796420810.com, expectedName='testTitle1687796422000', expectedType='Template'}]" classname="com.dotmarketing.business.DeterministicIdentifierAPITest" time="0.002"/>
  <testcase name="Test_Asset_Generate_Deterministic_Id_Best_Effort[3: TestCase{versionable=com.dotmarketing.portlets.htmlpageasset.model.HTMLPageAsset@5a3189c7[map={template=94c51c16-cf0d-437b-9fe5-7d172d4fa871, owner=system, identifier=624a168f-88d2-43a4-aa42-8b2b7995fb44, nullProperties=[wfExpireDate, wfPublishDate, wfActionAssign, wfActionId, wfActionComments, filterKey, whereToSend, wfNeverExpire, _path_to_move, timezoneId, iWantTo, wfPublishTime, wfExpireTime], modDate=2023-06-26 16:20:22.014, cachettl=0, _is_test_mode=true, languageId=1, title=test-page-title-1687796422010, httpsreq=, url=test-page-url-1687796422010, showOnMenu=, inode=3764c91e-0013-4121-b7c1-d3816baa1dff, folder=a2f2d025-1842-4d59-9b66-ad1d310efd13, disabledWYSIWYG=[], sortOrder=1, modUser=system, host=9185fbcf-c205-459f-a470-9715ee7bce39, stInode=c541abb1-69b3-4bc5-8430-5e09e5239cc8, friendlyName=test-page-friendly-name-1687796422010},lowIndexPriority=false,variantId=DEFAULT], parent=com.dotmarketing.portlets.folders.model.Folder@19d9c616[identifier=a2f2d025-1842-4d59-9b66-ad1d310efd13,name=testName1687796421922,sortOrder=0,showOnMenu=false,hostId=9185fbcf-c205-459f-a470-9715ee7bce39,type=folder,title=testTitle1687796421922,filesMasks=,defaultFileType=33888b6f-7a8e-4069-b1b6-5c1aa9d0a48d,modDate=2023-06-26 16:20:21.926,owner=&lt;null&gt;,iDate=2023-06-26 16:20:21.926,inode=a2f2d025-1842-4d59-9b66-ad1d310efd13,path=/testName1687796421922/], expectedName='test-page-url-1687796422010', expectedType='htmlpageasset'}]" classname="com.dotmarketing.business.DeterministicIdentifierAPITest" time="0.003"/>
  <testcase name="Test_Asset_Generate_Deterministic_Id_Best_Effort[4: TestCase{versionable=com.dotmarketing.portlets.contentlet.model.Contentlet@5ead79b7[map={fileAsset2=/home/runner/work/core/custom/assets/6/6/666ddc60-6930-4b19-9d6c-4c939a69306e/fileAsset2/test_binary1687796422904.png, modDate=2023-06-26 16:20:22.91, fileAsset1=/home/runner/work/core/custom/assets/6/6/666ddc60-6930-4b19-9d6c-4c939a69306e/fileAsset1/test_binary1687796422903.jpg, title=blah, inode=666ddc60-6930-4b19-9d6c-4c939a69306e, __IS_NEW_CONTENT__=true, disabledWYSIWYG=[], host=8a7d5e23-da1e-420a-b4f0-471e7da8ea2d, stInode=ca409e82-da01-4e83-81eb-8199f984ce35, owner=system, identifier=f2946f84-1d95-48d0-a4af-e56d3e0e91a0, nullProperties=[], languageId=1, image1=f4113caf-e014-4c81-92d1-2bcd4ca8b4e8, folder=SYSTEM_FOLDER, __disable_workflow__=true, sortOrder=0, modUser=system},lowIndexPriority=false,variantId=DEFAULT], parent=default, expectedName='test_binary1687796422903.jpg:test_binary1687796422904.png', expectedType='MultipleBinaries1687796422133'}]" classname="com.dotmarketing.business.DeterministicIdentifierAPITest" time="0.006"/>
  <testcase name="Test_Asset_Generate_Deterministic_Id_Best_Effort[5: TestCase{versionable=namef8626ed566 : keyTagf8626ed566, parent=my.host1687796420810.com, expectedName='keyTagf8626ed566', expectedType='persona'}]" classname="com.dotmarketing.business.DeterministicIdentifierAPITest" time="0.006"/>
  <testcase name="Test_Similar_Content_Type_Wont_Clash" classname="com.dotmarketing.business.DeterministicIdentifierAPITest" time="0.431"/>
  <testcase name="Test_Generate_Folder_Identifier" classname="com.dotmarketing.business.DeterministicIdentifierAPITest" time="0.759"/>
  <testcase name="Test_Generate_Content_Type_Identifier[0: ContentTypeTestCase{contentType=KeyValueContentType{name=Language Variable, id=f4d7c1b8-2c88-4071-abf1-a5328977b07d, description=Default Content Type for Language Variables, defaultType=false, fixed=true, iDate=Thu Aug 31 16:38:49 UTC 2017, system=true, versionable=true, variable=Languagevariable, modDate=Mon Jun 26 16:17:02 UTC 2023, host=SYSTEM_HOST, siteName=systemHost, icon=language, sortOrder=0, folder=SYSTEM_FOLDER, folderPath=/, markedForDeletion=false, multilingualable=false}, expectedName='Languagevariable', expectedType='KeyValue'}]" classname="com.dotmarketing.business.DeterministicIdentifierAPITest" time="0.01"/>
  <testcase name="Test_Generate_Content_Type_Identifier[1: ContentTypeTestCase{contentType=SimpleContentType{name=testName1687796423262, id=9fbe2f70-d3fd-45e1-897e-a7573306a073, description=testDescription1687796423262, defaultType=false, fixed=false, iDate=Mon Jun 26 16:20:23 UTC 2023, system=false, versionable=true, multilingualable=false, variable=testVarname1687796423262, owner=system, modDate=Mon Jun 26 16:20:23 UTC 2023, host=8a7d5e23-da1e-420a-b4f0-471e7da8ea2d, siteName=default, icon=event_note, sortOrder=0, folder=SYSTEM_FOLDER, folderPath=/, requiredFields=[], markedForDeletion=false}, expectedName='testVarname1687796423262', expectedType='CONTENT'}]" classname="com.dotmarketing.business.DeterministicIdentifierAPITest" time="0.006"/>
  <system-out><![CDATA[]]></system-out>
  <system-err><![CDATA[]]></system-err>
</testsuite>
