<?xml version="1.0" encoding="UTF-8"?>
<testsuite name="com.dotcms.variant.VariantAPITest" tests="31" skipped="0" failures="0" errors="0" timestamp="2023-06-30T18:08:20" hostname="fv-az455-211" time="24.679">
  <properties/>
  <testcase name="archiveNotExists" classname="com.dotcms.variant.VariantAPITest" time="0.001"/>
  <testcase name="promoteWithOutLiveDefaultVersion" classname="com.dotcms.variant.VariantAPITest" time="2.136"/>
  <testcase name="promoteWithoutVariantVersion" classname="com.dotcms.variant.VariantAPITest" time="2.05"/>
  <testcase name="pageWithNoVersion" classname="com.dotcms.variant.VariantAPITest" time="3.291"/>
  <testcase name="testUpdateDefaultVariant_shouldFail" classname="com.dotcms.variant.VariantAPITest" time="0.001"/>
  <testcase name="delete" classname="com.dotcms.variant.VariantAPITest" time="0.005"/>
  <testcase name="deleteNotArchived" classname="com.dotcms.variant.VariantAPITest" time="0.003"/>
  <testcase name="update" classname="com.dotcms.variant.VariantAPITest" time="0.004"/>
  <testcase name="archive" classname="com.dotcms.variant.VariantAPITest" time="0.004"/>
  <testcase name="promoteNonExistingVariant" classname="com.dotcms.variant.VariantAPITest" time="0.002"/>
  <testcase name="updateArchivedField" classname="com.dotcms.variant.VariantAPITest" time="0.003"/>
  <testcase name="saveArchive" classname="com.dotcms.variant.VariantAPITest" time="0.001"/>
  <testcase name="get" classname="com.dotcms.variant.VariantAPITest" time="0.002"/>
  <testcase name="save" classname="com.dotcms.variant.VariantAPITest" time="0.003"/>
  <testcase name="getByName" classname="com.dotcms.variant.VariantAPITest" time="0.003"/>
  <testcase name="getByNameNotExists" classname="com.dotcms.variant.VariantAPITest" time="0.0"/>
  <testcase name="promoteWorkingVersion" classname="com.dotcms.variant.VariantAPITest" time="1.89"/>
  <testcase name="promotePage" classname="com.dotcms.variant.VariantAPITest" time="4.06"/>
  <testcase name="promoteArchivedVariant" classname="com.dotcms.variant.VariantAPITest" time="1.52"/>
  <testcase name="promoteAlreadyPromoteVariant" classname="com.dotcms.variant.VariantAPITest" time="0.007"/>
  <testcase name="getByNameWithNull" classname="com.dotcms.variant.VariantAPITest" time="0.001"/>
  <testcase name="getNotExists" classname="com.dotcms.variant.VariantAPITest" time="0.0"/>
  <testcase name="promoteWorkingLiveVersion" classname="com.dotcms.variant.VariantAPITest" time="3.09"/>
  <testcase name="getWithNull" classname="com.dotcms.variant.VariantAPITest" time="0.002"/>
  <testcase name="promoteContentletWithSeveralLanguages" classname="com.dotcms.variant.VariantAPITest" time="1.734"/>
  <testcase name="testDeleteDefaultVariant_shouldFail" classname="com.dotcms.variant.VariantAPITest" time="0.001"/>
  <testcase name="promoteWithTwoVersion" classname="com.dotcms.variant.VariantAPITest" time="3.373"/>
  <testcase name="promoteWithoutDefaultVersion" classname="com.dotcms.variant.VariantAPITest" time="1.485"/>
  <testcase name="deleteNotExists" classname="com.dotcms.variant.VariantAPITest" time="0.001"/>
  <testcase name="promoteDefaultVariant" classname="com.dotcms.variant.VariantAPITest" time="0.001"/>
  <testcase name="updateNotExists" classname="com.dotcms.variant.VariantAPITest" time="0.001"/>
  <system-out><![CDATA[]]></system-out>
  <system-err><![CDATA[]]></system-err>
</testsuite>
