<?xml version="1.0" encoding="UTF-8"?>
<testsuite name="com.dotmarketing.business.DeterministicIdentifierAPITest" tests="16" skipped="0" failures="0" errors="0" timestamp="2023-07-06T22:10:53" hostname="fv-az1234-650" time="0.897">
  <properties/>
  <testcase name="Test_Category_Path_Seed_And_Id" classname="com.dotmarketing.business.DeterministicIdentifierAPITest" time="0.018"/>
  <testcase name="Test_Language_Deterministic_Id[0: LanguageTestCase{expectedSeed='Language:es:US', expectedHash=4913155, langCode='es', countryCode='US', country='United States'}]" classname="com.dotmarketing.business.DeterministicIdentifierAPITest" time="0.0"/>
  <testcase name="Test_Language_Deterministic_Id[1: LanguageTestCase{expectedSeed='Language:ep:', expectedHash=5292269, langCode='ep', countryCode='', country=''}]" classname="com.dotmarketing.business.DeterministicIdentifierAPITest" time="0.0"/>
  <testcase name="Test_Language_Deterministic_Id[2: LanguageTestCase{expectedSeed='Language:sg:SAG', expectedHash=4713118, langCode='sg', countryCode='SAG', country=''}]" classname="com.dotmarketing.business.DeterministicIdentifierAPITest" time="0.001"/>
  <testcase name="Test_Language_Deterministic_Id[3: LanguageTestCase{expectedSeed='Language:en:NZ', expectedHash=5382528, langCode='en', countryCode='NZ', country='New Zealand'}]" classname="com.dotmarketing.business.DeterministicIdentifierAPITest" time="0.001"/>
  <testcase name="Test_Category_None_Persisted_Category_Should_Return_Deterministic_Id" classname="com.dotmarketing.business.DeterministicIdentifierAPITest" time="0.001"/>
  <testcase name="Test_Asset_Generate_Deterministic_Id_Best_Effort[0: TestCase{versionable=my.host1688681063311.com, parent=System Host, expectedName='my.host1688681063311.com', expectedType='Host'}]" classname="com.dotmarketing.business.DeterministicIdentifierAPITest" time="0.003"/>
  <testcase name="Test_Asset_Generate_Deterministic_Id_Best_Effort[1: TestCase{versionable=com.dotmarketing.portlets.contentlet.model.Contentlet@6650c4c2[map={modDate=2023-07-06 22:04:24.015, fileName=file12052149967862016097.txt, title=file12052149967862016097.txt, inode=8d3144c6-50df-4603-bfc9-e8b0eb88913c, __IS_NEW_CONTENT__=true, disabledWYSIWYG=[], host=a551c244-3c0a-42c7-988a-f8c2f8033e99, stInode=33888b6f-7a8e-4069-b1b6-5c1aa9d0a48d, owner=system, identifier=89f0f43f-7d21-4b48-966f-960b8fd57bbc, nullProperties=[wfExpireDate, wfPublishDate, wfActionAssign, wfActionId, wfActionComments, filterKey, whereToSend, wfNeverExpire, _path_to_move, timezoneId, iWantTo, wfPublishTime, wfExpireTime], languageId=1, fileAsset=/home/runner/work/core/custom/assets/8/d/8d3144c6-50df-4603-bfc9-e8b0eb88913c/fileAsset/file12052149967862016097.txt, folder=19fee215-954c-4710-a73c-ee556e096fd1, __disable_workflow__=true, sortOrder=0, modUser=system},lowIndexPriority=false,variantId=DEFAULT], parent=com.dotmarketing.portlets.folders.model.Folder@9efc1e1[identifier=19fee215-954c-4710-a73c-ee556e096fd1,name=testName1688681064009,sortOrder=0,showOnMenu=false,hostId=a551c244-3c0a-42c7-988a-f8c2f8033e99,type=folder,title=testTitle1688681064009,filesMasks=,defaultFileType=33888b6f-7a8e-4069-b1b6-5c1aa9d0a48d,modDate=2023-07-06 22:04:24.011,owner=&lt;null&gt;,iDate=2023-07-06 22:04:24.011,inode=19fee215-954c-4710-a73c-ee556e096fd1,path=/testName1688681064009/], expectedName='file12052149967862016097.txt', expectedType='FileAsset'}]" classname="com.dotmarketing.business.DeterministicIdentifierAPITest" time="0.002"/>
  <testcase name="Test_Asset_Generate_Deterministic_Id_Best_Effort[2: TestCase{versionable=com.dotmarketing.portlets.templates.model.Template@abeedeb, parent=my.host1688681063311.com, expectedName='testTitle1688681064126', expectedType='Template'}]" classname="com.dotmarketing.business.DeterministicIdentifierAPITest" time="0.002"/>
  <testcase name="Test_Asset_Generate_Deterministic_Id_Best_Effort[3: TestCase{versionable=com.dotmarketing.portlets.htmlpageasset.model.HTMLPageAsset@95ec2ca[map={template=f1b80920-1b3f-4803-813d-066b415ee200, owner=system, identifier=a76b4693-b494-4f85-9a67-b7ffca4ae5a3, nullProperties=[wfExpireDate, wfPublishDate, wfActionAssign, wfActionId, wfActionComments, filterKey, whereToSend, wfNeverExpire, _path_to_move, timezoneId, iWantTo, wfPublishTime, wfExpireTime], modDate=2023-07-06 22:04:24.142, cachettl=0, _is_test_mode=true, languageId=1, title=test-page-title-1688681064138, httpsreq=, url=test-page-url-1688681064138, showOnMenu=, inode=ca420620-3184-4bc6-940f-9f87ffbe689e, folder=19fee215-954c-4710-a73c-ee556e096fd1, disabledWYSIWYG=[], sortOrder=1, modUser=system, host=a551c244-3c0a-42c7-988a-f8c2f8033e99, stInode=c541abb1-69b3-4bc5-8430-5e09e5239cc8, friendlyName=test-page-friendly-name-1688681064138},lowIndexPriority=false,variantId=DEFAULT], parent=com.dotmarketing.portlets.folders.model.Folder@9efc1e1[identifier=19fee215-954c-4710-a73c-ee556e096fd1,name=testName1688681064009,sortOrder=0,showOnMenu=false,hostId=a551c244-3c0a-42c7-988a-f8c2f8033e99,type=folder,title=testTitle1688681064009,filesMasks=,defaultFileType=33888b6f-7a8e-4069-b1b6-5c1aa9d0a48d,modDate=2023-07-06 22:04:24.011,owner=&lt;null&gt;,iDate=2023-07-06 22:04:24.011,inode=19fee215-954c-4710-a73c-ee556e096fd1,path=/testName1688681064009/], expectedName='test-page-url-1688681064138', expectedType='htmlpageasset'}]" classname="com.dotmarketing.business.DeterministicIdentifierAPITest" time="0.002"/>
  <testcase name="Test_Asset_Generate_Deterministic_Id_Best_Effort[4: TestCase{versionable=com.dotmarketing.portlets.contentlet.model.Contentlet@2e16866f[map={fileAsset2=/home/runner/work/core/custom/assets/e/5/e5dd648f-6e50-4091-ac2e-9c0dda572d47/fileAsset2/test_binary1688681064979.png, modDate=2023-07-06 22:04:24.983, fileAsset1=/home/runner/work/core/custom/assets/e/5/e5dd648f-6e50-4091-ac2e-9c0dda572d47/fileAsset1/test_binary1688681064979.jpg, title=blah, inode=e5dd648f-6e50-4091-ac2e-9c0dda572d47, __IS_NEW_CONTENT__=true, disabledWYSIWYG=[], host=48190c8c-42c4-46af-8d1a-0cd5db894797, stInode=20b3b792-367f-4927-943e-0212bdbd3138, owner=system, identifier=e28c2b17-7518-45c2-8d6c-edbb70033a82, nullProperties=[], languageId=1, image1=372c27d1-4224-4d18-b346-9e0f3d5cec08, folder=SYSTEM_FOLDER, __disable_workflow__=true, sortOrder=0, modUser=system},lowIndexPriority=false,variantId=DEFAULT], parent=demo.dotcms.com, expectedName='test_binary1688681064979.jpg:test_binary1688681064979.png', expectedType='MultipleBinaries1688681064324'}]" classname="com.dotmarketing.business.DeterministicIdentifierAPITest" time="0.004"/>
  <testcase name="Test_Asset_Generate_Deterministic_Id_Best_Effort[5: TestCase{versionable=name114f2aa739 : keyTag114f2aa739, parent=my.host1688681063311.com, expectedName='keyTag114f2aa739', expectedType='persona'}]" classname="com.dotmarketing.business.DeterministicIdentifierAPITest" time="0.002"/>
  <testcase name="Test_Similar_Content_Type_Wont_Clash" classname="com.dotmarketing.business.DeterministicIdentifierAPITest" time="0.447"/>
  <testcase name="Test_Generate_Folder_Identifier" classname="com.dotmarketing.business.DeterministicIdentifierAPITest" time="0.404"/>
  <testcase name="Test_Generate_Content_Type_Identifier[0: ContentTypeTestCase{contentType=KeyValueContentType{name=Language Variable, id=f4d7c1b8-2c88-4071-abf1-a5328977b07d, description=Default Content Type for Language Variables, defaultType=false, fixed=true, iDate=Thu Aug 31 16:38:49 UTC 2017, system=true, versionable=true, variable=Languagevariable, modDate=Thu Jul 06 21:01:38 UTC 2023, host=SYSTEM_HOST, siteName=systemHost, icon=language, sortOrder=0, folder=SYSTEM_FOLDER, folderPath=/, markedForDeletion=true, multilingualable=false}, expectedName='Languagevariable', expectedType='KeyValue'}]" classname="com.dotmarketing.business.DeterministicIdentifierAPITest" time="0.003"/>
  <testcase name="Test_Generate_Content_Type_Identifier[1: ContentTypeTestCase{contentType=SimpleContentType{name=testName1688681065372, id=c1fcdb69-69ea-4a9e-92ba-abb625f1fe3c, description=testDescription1688681065372, defaultType=false, fixed=false, iDate=Thu Jul 06 22:04:25 UTC 2023, system=false, versionable=true, multilingualable=false, variable=testVarname1688681065372, owner=system, modDate=Thu Jul 06 22:04:26 UTC 2023, host=48190c8c-42c4-46af-8d1a-0cd5db894797, siteName=demo.dotcms.com, icon=event_note, sortOrder=0, folder=SYSTEM_FOLDER, folderPath=/, requiredFields=[], markedForDeletion=false}, expectedName='testVarname1688681065372', expectedType='CONTENT'}]" classname="com.dotmarketing.business.DeterministicIdentifierAPITest" time="0.004"/>
  <system-out><![CDATA[]]></system-out>
  <system-err><![CDATA[]]></system-err>
</testsuite>
