<?xml version="1.0" encoding="UTF-8"?>
<testsuite name="com.dotmarketing.business.DeterministicIdentifierAPITest" tests="16" skipped="0" failures="0" errors="0" timestamp="2023-07-11T22:26:22" hostname="fv-az552-460" time="0.946">
  <properties/>
  <testcase name="Test_Category_Path_Seed_And_Id" classname="com.dotmarketing.business.DeterministicIdentifierAPITest" time="0.019"/>
  <testcase name="Test_Language_Deterministic_Id[0: LanguageTestCase{expectedSeed='Language:es:US', expectedHash=4913155, langCode='es', countryCode='US', country='United States'}]" classname="com.dotmarketing.business.DeterministicIdentifierAPITest" time="0.001"/>
  <testcase name="Test_Language_Deterministic_Id[1: LanguageTestCase{expectedSeed='Language:ep:', expectedHash=5292269, langCode='ep', countryCode='', country=''}]" classname="com.dotmarketing.business.DeterministicIdentifierAPITest" time="0.001"/>
  <testcase name="Test_Language_Deterministic_Id[2: LanguageTestCase{expectedSeed='Language:sg:SAG', expectedHash=4713118, langCode='sg', countryCode='SAG', country=''}]" classname="com.dotmarketing.business.DeterministicIdentifierAPITest" time="0.0"/>
  <testcase name="Test_Language_Deterministic_Id[3: LanguageTestCase{expectedSeed='Language:en:NZ', expectedHash=5382528, langCode='en', countryCode='NZ', country='New Zealand'}]" classname="com.dotmarketing.business.DeterministicIdentifierAPITest" time="0.0"/>
  <testcase name="Test_Category_None_Persisted_Category_Should_Return_Deterministic_Id" classname="com.dotmarketing.business.DeterministicIdentifierAPITest" time="0.001"/>
  <testcase name="Test_Asset_Generate_Deterministic_Id_Best_Effort[0: TestCase{versionable=my.host1689113995628.com, parent=System Host, expectedName='my.host1689113995628.com', expectedType='Host'}]" classname="com.dotmarketing.business.DeterministicIdentifierAPITest" time="0.002"/>
  <testcase name="Test_Asset_Generate_Deterministic_Id_Best_Effort[1: TestCase{versionable=com.dotmarketing.portlets.contentlet.model.Contentlet@59bcdc77[map={modDate=2023-07-11 22:19:56.309, fileName=file10942298280080869857.txt, title=file10942298280080869857.txt, inode=fa542ad0-8f39-4d1c-aa58-c831d1aa9b49, __IS_NEW_CONTENT__=true, disabledWYSIWYG=[], host=7a6fb9a3-d2d1-4611-be11-ced5e3d580bb, stInode=33888b6f-7a8e-4069-b1b6-5c1aa9d0a48d, owner=system, identifier=9d039925-fb9b-4696-bdf9-734732eb59a1, nullProperties=[wfExpireDate, wfPublishDate, wfActionAssign, wfActionId, wfActionComments, filterKey, whereToSend, wfNeverExpire, _path_to_move, timezoneId, iWantTo, wfPublishTime, wfExpireTime], languageId=1, fileAsset=/home/runner/work/core/custom/assets/f/a/fa542ad0-8f39-4d1c-aa58-c831d1aa9b49/fileAsset/file10942298280080869857.txt, folder=c7507605-151b-4dc3-aee8-60a998745b59, __disable_workflow__=true, sortOrder=0, modUser=system},lowIndexPriority=false,variantId=DEFAULT], parent=com.dotmarketing.portlets.folders.model.Folder@4195af0b[identifier=c7507605-151b-4dc3-aee8-60a998745b59,name=testName1689113996302,sortOrder=0,showOnMenu=false,hostId=7a6fb9a3-d2d1-4611-be11-ced5e3d580bb,type=folder,title=testTitle1689113996302,filesMasks=,defaultFileType=33888b6f-7a8e-4069-b1b6-5c1aa9d0a48d,modDate=2023-07-11 22:19:56.305,owner=&lt;null&gt;,iDate=2023-07-11 22:19:56.305,inode=c7507605-151b-4dc3-aee8-60a998745b59,path=/testName1689113996302/], expectedName='file10942298280080869857.txt', expectedType='FileAsset'}]" classname="com.dotmarketing.business.DeterministicIdentifierAPITest" time="0.003"/>
  <testcase name="Test_Asset_Generate_Deterministic_Id_Best_Effort[2: TestCase{versionable=com.dotmarketing.portlets.templates.model.Template@e5f3763, parent=my.host1689113995628.com, expectedName='testTitle1689113996391', expectedType='Template'}]" classname="com.dotmarketing.business.DeterministicIdentifierAPITest" time="0.002"/>
  <testcase name="Test_Asset_Generate_Deterministic_Id_Best_Effort[3: TestCase{versionable=com.dotmarketing.portlets.htmlpageasset.model.HTMLPageAsset@3cf0d620[map={template=1ed629c9-9042-4b13-b8df-3b091f548d29, owner=system, identifier=797a8842-e35a-4544-b505-f37b8630348d, nullProperties=[wfExpireDate, wfPublishDate, wfActionAssign, wfActionId, wfActionComments, filterKey, whereToSend, wfNeverExpire, _path_to_move, timezoneId, iWantTo, wfPublishTime, wfExpireTime], modDate=2023-07-11 22:19:56.407, cachettl=0, _is_test_mode=true, languageId=1, title=test-page-title-1689113996403, httpsreq=, url=test-page-url-1689113996403, showOnMenu=, inode=c9683e66-ca8f-431d-bdc0-ceaa951c2349, folder=c7507605-151b-4dc3-aee8-60a998745b59, disabledWYSIWYG=[], sortOrder=1, modUser=system, host=7a6fb9a3-d2d1-4611-be11-ced5e3d580bb, stInode=c541abb1-69b3-4bc5-8430-5e09e5239cc8, friendlyName=test-page-friendly-name-1689113996403},lowIndexPriority=false,variantId=DEFAULT], parent=com.dotmarketing.portlets.folders.model.Folder@4195af0b[identifier=c7507605-151b-4dc3-aee8-60a998745b59,name=testName1689113996302,sortOrder=0,showOnMenu=false,hostId=7a6fb9a3-d2d1-4611-be11-ced5e3d580bb,type=folder,title=testTitle1689113996302,filesMasks=,defaultFileType=33888b6f-7a8e-4069-b1b6-5c1aa9d0a48d,modDate=2023-07-11 22:19:56.305,owner=&lt;null&gt;,iDate=2023-07-11 22:19:56.305,inode=c7507605-151b-4dc3-aee8-60a998745b59,path=/testName1689113996302/], expectedName='test-page-url-1689113996403', expectedType='htmlpageasset'}]" classname="com.dotmarketing.business.DeterministicIdentifierAPITest" time="0.002"/>
  <testcase name="Test_Asset_Generate_Deterministic_Id_Best_Effort[4: TestCase{versionable=com.dotmarketing.portlets.contentlet.model.Contentlet@2e82706c[map={fileAsset2=/home/runner/work/core/custom/assets/e/f/ef8c013a-4460-4163-a5f8-b3fb5c206cf4/fileAsset2/test_binary1689113997293.png, modDate=2023-07-11 22:19:57.296, fileAsset1=/home/runner/work/core/custom/assets/e/f/ef8c013a-4460-4163-a5f8-b3fb5c206cf4/fileAsset1/test_binary1689113997292.jpg, title=blah, inode=ef8c013a-4460-4163-a5f8-b3fb5c206cf4, __IS_NEW_CONTENT__=true, disabledWYSIWYG=[], host=48190c8c-42c4-46af-8d1a-0cd5db894797, stInode=fd43a2ea-2d60-4a6f-9834-39bd2983c0a8, owner=system, identifier=595fd243-e9e9-443f-b43f-8f972efcb527, nullProperties=[], languageId=1, image1=c3e1e370-0bb5-4deb-a330-f8d7f5e29696, folder=SYSTEM_FOLDER, __disable_workflow__=true, sortOrder=0, modUser=system},lowIndexPriority=false,variantId=DEFAULT], parent=demo.dotcms.com, expectedName='test_binary1689113997292.jpg:test_binary1689113997293.png', expectedType='MultipleBinaries1689113996571'}]" classname="com.dotmarketing.business.DeterministicIdentifierAPITest" time="0.002"/>
  <testcase name="Test_Asset_Generate_Deterministic_Id_Best_Effort[5: TestCase{versionable=name154cd2b143 : keyTag154cd2b143, parent=my.host1689113995628.com, expectedName='keyTag154cd2b143', expectedType='persona'}]" classname="com.dotmarketing.business.DeterministicIdentifierAPITest" time="0.002"/>
  <testcase name="Test_Similar_Content_Type_Wont_Clash" classname="com.dotmarketing.business.DeterministicIdentifierAPITest" time="0.347"/>
  <testcase name="Test_Generate_Folder_Identifier" classname="com.dotmarketing.business.DeterministicIdentifierAPITest" time="0.545"/>
  <testcase name="Test_Generate_Content_Type_Identifier[0: ContentTypeTestCase{contentType=KeyValueContentType{name=Language Variable, id=f4d7c1b8-2c88-4071-abf1-a5328977b07d, description=Default Content Type for Language Variables, defaultType=false, fixed=true, iDate=Thu Aug 31 16:38:49 UTC 2017, system=true, versionable=true, variable=Languagevariable, modDate=Tue Jul 11 21:18:51 UTC 2023, host=SYSTEM_HOST, siteName=systemHost, icon=language, sortOrder=0, folder=SYSTEM_FOLDER, folderPath=/, markedForDeletion=true, multilingualable=false}, expectedName='Languagevariable', expectedType='KeyValue'}]" classname="com.dotmarketing.business.DeterministicIdentifierAPITest" time="0.009"/>
  <testcase name="Test_Generate_Content_Type_Identifier[1: ContentTypeTestCase{contentType=SimpleContentType{name=testName1689113997729, id=204b27d9-a56e-4afc-bbf3-b02b9db534ae, description=testDescription1689113997729, defaultType=false, fixed=false, iDate=Tue Jul 11 22:19:57 UTC 2023, system=false, versionable=true, multilingualable=false, variable=testVarname1689113997729, owner=system, modDate=Tue Jul 11 22:19:58 UTC 2023, host=48190c8c-42c4-46af-8d1a-0cd5db894797, siteName=demo.dotcms.com, icon=event_note, sortOrder=0, folder=SYSTEM_FOLDER, folderPath=/, requiredFields=[], markedForDeletion=false}, expectedName='testVarname1689113997729', expectedType='CONTENT'}]" classname="com.dotmarketing.business.DeterministicIdentifierAPITest" time="0.005"/>
  <system-out><![CDATA[]]></system-out>
  <system-err><![CDATA[]]></system-err>
</testsuite>
