<?xml version="1.0" encoding="UTF-8"?>
<testsuite name="com.dotcms.publisher.receiver.BundlePublisherTest" tests="1" skipped="0" failures="0" errors="0" timestamp="2023-07-11T18:17:09" hostname="fv-az351-324" time="0.007">
  <properties/>
  <testcase name="trigger_events" classname="com.dotcms.publisher.receiver.BundlePublisherTest" time="0.007"/>
  <system-out><![CDATA[]]></system-out>
  <system-err><![CDATA[]]></system-err>
</testsuite>
