<?xml version="1.0" encoding="UTF-8"?>
<testsuite name="com.dotcms.publishing.PublisherAPIImplTest" tests="24" skipped="0" failures="0" errors="0" timestamp="2023-07-17T15:44:05" hostname="fv-az257-583" time="5.358">
  <properties/>
  <testcase name="AddAllCategoryIntoBundle" classname="com.dotcms.publishing.PublisherAPIImplTest" time="0.336"/>
  <testcase name="testFilterDescriptors" classname="com.dotcms.publishing.PublisherAPIImplTest" time="0.161"/>
  <testcase name="sendPushPublishBundle[0: com.dotcms.publishing.PublisherAPIImplTest$TestAsset@584a4e5e]" classname="com.dotcms.publishing.PublisherAPIImplTest" time="1.592"/>
  <testcase name="sendPushPublishBundle[1: com.dotcms.publishing.PublisherAPIImplTest$TestAsset@795aa565]" classname="com.dotcms.publishing.PublisherAPIImplTest" time="0.254"/>
  <testcase name="sendPushPublishBundle[2: com.dotcms.publishing.PublisherAPIImplTest$TestAsset@28c10412]" classname="com.dotcms.publishing.PublisherAPIImplTest" time="0.251"/>
  <testcase name="sendPushPublishBundle[3: com.dotcms.publishing.PublisherAPIImplTest$TestAsset@6d37c696]" classname="com.dotcms.publishing.PublisherAPIImplTest" time="0.389"/>
  <testcase name="sendPushPublishBundle[4: com.dotcms.publishing.PublisherAPIImplTest$TestAsset@67855dd0]" classname="com.dotcms.publishing.PublisherAPIImplTest" time="0.408"/>
  <testcase name="sendPushPublishBundle[5: com.dotcms.publishing.PublisherAPIImplTest$TestAsset@4bd8adc8]" classname="com.dotcms.publishing.PublisherAPIImplTest" time="0.133"/>
  <testcase name="sendPushPublishBundle[6: com.dotcms.publishing.PublisherAPIImplTest$TestAsset@6b19d135]" classname="com.dotcms.publishing.PublisherAPIImplTest" time="0.127"/>
  <testcase name="sendPushPublishBundle[7: com.dotcms.publishing.PublisherAPIImplTest$TestAsset@3849a9b6]" classname="com.dotcms.publishing.PublisherAPIImplTest" time="0.107"/>
  <testcase name="sendPushPublishBundle[8: com.dotcms.publishing.PublisherAPIImplTest$TestAsset@756f18b2]" classname="com.dotcms.publishing.PublisherAPIImplTest" time="0.095"/>
  <testcase name="sendPushPublishBundle[9: com.dotcms.publishing.PublisherAPIImplTest$TestAsset@7b574d3a]" classname="com.dotcms.publishing.PublisherAPIImplTest" time="0.162"/>
  <testcase name="sendPushPublishBundle[10: com.dotcms.publishing.PublisherAPIImplTest$TestAsset@5e62bb1c]" classname="com.dotcms.publishing.PublisherAPIImplTest" time="0.082"/>
  <testcase name="generateBundle[0: com.dotcms.publishing.PublisherAPIImplTest$TestAsset@584a4e5e]" classname="com.dotcms.publishing.PublisherAPIImplTest" time="0.099"/>
  <testcase name="generateBundle[1: com.dotcms.publishing.PublisherAPIImplTest$TestAsset@795aa565]" classname="com.dotcms.publishing.PublisherAPIImplTest" time="0.099"/>
  <testcase name="generateBundle[2: com.dotcms.publishing.PublisherAPIImplTest$TestAsset@28c10412]" classname="com.dotcms.publishing.PublisherAPIImplTest" time="0.103"/>
  <testcase name="generateBundle[3: com.dotcms.publishing.PublisherAPIImplTest$TestAsset@6d37c696]" classname="com.dotcms.publishing.PublisherAPIImplTest" time="0.213"/>
  <testcase name="generateBundle[4: com.dotcms.publishing.PublisherAPIImplTest$TestAsset@67855dd0]" classname="com.dotcms.publishing.PublisherAPIImplTest" time="0.286"/>
  <testcase name="generateBundle[5: com.dotcms.publishing.PublisherAPIImplTest$TestAsset@4bd8adc8]" classname="com.dotcms.publishing.PublisherAPIImplTest" time="0.123"/>
  <testcase name="generateBundle[6: com.dotcms.publishing.PublisherAPIImplTest$TestAsset@6b19d135]" classname="com.dotcms.publishing.PublisherAPIImplTest" time="0.099"/>
  <testcase name="generateBundle[7: com.dotcms.publishing.PublisherAPIImplTest$TestAsset@3849a9b6]" classname="com.dotcms.publishing.PublisherAPIImplTest" time="0.073"/>
  <testcase name="generateBundle[8: com.dotcms.publishing.PublisherAPIImplTest$TestAsset@756f18b2]" classname="com.dotcms.publishing.PublisherAPIImplTest" time="0.046"/>
  <testcase name="generateBundle[9: com.dotcms.publishing.PublisherAPIImplTest$TestAsset@7b574d3a]" classname="com.dotcms.publishing.PublisherAPIImplTest" time="0.097"/>
  <testcase name="generateBundle[10: com.dotcms.publishing.PublisherAPIImplTest$TestAsset@5e62bb1c]" classname="com.dotcms.publishing.PublisherAPIImplTest" time="0.015"/>
  <system-out><![CDATA[









































































































































































]]></system-out>
  <system-err><![CDATA[]]></system-err>
</testsuite>
