<?xml version="1.0" encoding="UTF-8"?>
<testsuite name="com.dotmarketing.portlets.structure.model.ContentletRelationshipsTest" tests="7" skipped="0" failures="0" errors="0" timestamp="2023-06-27T17:16:10" hostname="fv-az206-664" time="9.2">
  <properties/>
  <testcase name="testDoesAllowOnlyOne[0: com.dotmarketing.portlets.structure.model.ContentletRelationshipsTest$CardinalityTestCase@1eda5b2a]" classname="com.dotmarketing.portlets.structure.model.ContentletRelationshipsTest" time="0.543"/>
  <testcase name="testDoesAllowOnlyOne[1: com.dotmarketing.portlets.structure.model.ContentletRelationshipsTest$CardinalityTestCase@1c73976]" classname="com.dotmarketing.portlets.structure.model.ContentletRelationshipsTest" time="0.5"/>
  <testcase name="testDoesAllowOnlyOne[2: com.dotmarketing.portlets.structure.model.ContentletRelationshipsTest$CardinalityTestCase@21845f63]" classname="com.dotmarketing.portlets.structure.model.ContentletRelationshipsTest" time="0.491"/>
  <testcase name="testGetRelationshipRecords[0: com.dotmarketing.portlets.structure.model.ContentletRelationshipsTest$TestCase@60e7b0df]" classname="com.dotmarketing.portlets.structure.model.ContentletRelationshipsTest" time="1.99"/>
  <testcase name="testGetRelationshipRecords[1: com.dotmarketing.portlets.structure.model.ContentletRelationshipsTest$TestCase@2c28a4e2]" classname="com.dotmarketing.portlets.structure.model.ContentletRelationshipsTest" time="1.981"/>
  <testcase name="testGetRelationshipRecords[2: com.dotmarketing.portlets.structure.model.ContentletRelationshipsTest$TestCase@141c2498]" classname="com.dotmarketing.portlets.structure.model.ContentletRelationshipsTest" time="1.841"/>
  <testcase name="testGetRelationshipRecords[3: com.dotmarketing.portlets.structure.model.ContentletRelationshipsTest$TestCase@17e01e3f]" classname="com.dotmarketing.portlets.structure.model.ContentletRelationshipsTest" time="1.85"/>
  <system-out><![CDATA[]]></system-out>
  <system-err><![CDATA[]]></system-err>
</testsuite>
