<?xml version="1.0" encoding="UTF-8"?>
<testsuite name="com.dotcms.rest.api.v1.container.ContainerResourceIntegrationTest" tests="3" skipped="0" failures="0" errors="0" timestamp="2023-06-27T15:48:16" hostname="fv-az343-524" time="0.06">
  <properties/>
  <testcase name="test_renderFormIntoContainer_WhenContainerIDThrowDataSecurityException" classname="com.dotcms.rest.api.v1.container.ContainerResourceIntegrationTest" time="0.015"/>
  <testcase name="test_renderFormIntoContainer" classname="com.dotcms.rest.api.v1.container.ContainerResourceIntegrationTest" time="0.037"/>
  <testcase name="test_renderFormIntoContainer_WhenContentMergeThrowDotParserException" classname="com.dotcms.rest.api.v1.container.ContainerResourceIntegrationTest" time="0.007"/>
  <system-out><![CDATA[]]></system-out>
  <system-err><![CDATA[]]></system-err>
</testsuite>
