<?xml version="1.0" encoding="UTF-8"?>
<testsuite name="com.dotcms.rest.api.v1.vtl.VTLResourceIntegrationTest" tests="6" skipped="0" failures="0" errors="0" timestamp="2023-07-05T17:23:36" hostname="fv-az487-835" time="12.114">
  <properties/>
  <testcase name="testGet[0: com.dotcms.rest.api.v1.vtl.VTLResourceTestCase@2fd630fe]" classname="com.dotcms.rest.api.v1.vtl.VTLResourceIntegrationTest" time="2.126"/>
  <testcase name="testGet[1: com.dotcms.rest.api.v1.vtl.VTLResourceTestCase@533efa89]" classname="com.dotcms.rest.api.v1.vtl.VTLResourceIntegrationTest" time="1.971"/>
  <testcase name="testGet[2: com.dotcms.rest.api.v1.vtl.VTLResourceTestCase@35668ff7]" classname="com.dotcms.rest.api.v1.vtl.VTLResourceIntegrationTest" time="2.161"/>
  <testcase name="testGet[3: com.dotcms.rest.api.v1.vtl.VTLResourceTestCase@6c4e7c55]" classname="com.dotcms.rest.api.v1.vtl.VTLResourceIntegrationTest" time="1.814"/>
  <testcase name="testGet[4: com.dotcms.rest.api.v1.vtl.VTLResourceTestCase@7281e0e2]" classname="com.dotcms.rest.api.v1.vtl.VTLResourceIntegrationTest" time="2.013"/>
  <testcase name="testGet[5: com.dotcms.rest.api.v1.vtl.VTLResourceTestCase@564fa689]" classname="com.dotcms.rest.api.v1.vtl.VTLResourceIntegrationTest" time="2.029"/>
  <system-out><![CDATA[]]></system-out>
  <system-err><![CDATA[]]></system-err>
</testsuite>
