<?xml version="1.0" encoding="UTF-8"?>
<testsuite name="com.dotmarketing.business.UserAPITest" tests="33" skipped="0" failures="0" errors="0" timestamp="2023-06-23T23:37:36" hostname="fv-az254-300" time="45.811">
  <properties/>
  <testcase name="testGetCountUsersByNameOrEmailDeleted" classname="com.dotmarketing.business.UserAPITest" time="0.893"/>
  <testcase name="testGetUsersIdsByCreationDateDeleted" classname="com.dotmarketing.business.UserAPITest" time="0.89"/>
  <testcase name="test_getUserIdByIcqId_icqIdDoesNotBelongToAnyUser_returnEmptyOptional" classname="com.dotmarketing.business.UserAPITest" time="0.002"/>
  <testcase name="Test_User_Returns_No_Gravatar_When_No_Email_Is_Available_And_OtherWise" classname="com.dotmarketing.business.UserAPITest" time="0.902"/>
  <testcase name="testGetUsersByNameDeleted" classname="com.dotmarketing.business.UserAPITest" time="0.881"/>
  <testcase name="test_getUserRole_success" classname="com.dotmarketing.business.UserAPITest" time="0.899"/>
  <testcase name="delete" classname="com.dotmarketing.business.UserAPITest" time="5.225"/>
  <testcase name="testFindAllUsers" classname="com.dotmarketing.business.UserAPITest" time="0.995"/>
  <testcase name="deleteAnonymous" classname="com.dotmarketing.business.UserAPITest" time="0.001"/>
  <testcase name="test_getUserRole_null" classname="com.dotmarketing.business.UserAPITest" time="0.014"/>
  <testcase name="testGetCountUsersByName" classname="com.dotmarketing.business.UserAPITest" time="0.907"/>
  <testcase name="testGetUsersByNameOrEmail" classname="com.dotmarketing.business.UserAPITest" time="0.874"/>
  <testcase name="testGetUsersByNameOrEmailOrUserIDWithFilter" classname="com.dotmarketing.business.UserAPITest" time="0.889"/>
  <testcase name="testUserApiGetCount" classname="com.dotmarketing.business.UserAPITest" time="18.067"/>
  <testcase name="test_getUserIdByIcqId_icqIdEmpty_throwDotInvalidTokenException" classname="com.dotmarketing.business.UserAPITest" time="0.0"/>
  <testcase name="test_loadByUserByEmail_selfUser" classname="com.dotmarketing.business.UserAPITest" time="0.924"/>
  <testcase name="testGetCountUsersByNameOrEmail" classname="com.dotmarketing.business.UserAPITest" time="0.902"/>
  <testcase name="testGetUnDeletedUsers" classname="com.dotmarketing.business.UserAPITest" time="0.913"/>
  <testcase name="testFrontendAndBackendUser" classname="com.dotmarketing.business.UserAPITest" time="2.675"/>
  <testcase name="test_updateUser_withAdditionalInfo" classname="com.dotmarketing.business.UserAPITest" time="0.883"/>
  <testcase name="test_save_selfUser" classname="com.dotmarketing.business.UserAPITest" time="0.889"/>
  <testcase name="testGetCountUsersByNameOrEmailOrUserIDDeleted" classname="com.dotmarketing.business.UserAPITest" time="0.866"/>
  <testcase name="testGetUsersByNameOrEmailOrUserID" classname="com.dotmarketing.business.UserAPITest" time="0.071"/>
  <testcase name="test_loadByUserById_selfUser" classname="com.dotmarketing.business.UserAPITest" time="0.897"/>
  <testcase name="testGetUsersByName" classname="com.dotmarketing.business.UserAPITest" time="0.899"/>
  <testcase name="test_getUserIdByIcqId_success" classname="com.dotmarketing.business.UserAPITest" time="0.909"/>
  <testcase name="testGetUsersByNameOrEmailOrUserIDDeleted" classname="com.dotmarketing.business.UserAPITest" time="0.915"/>
  <testcase name="testGetUsersByNameOrEmailDeleted" classname="com.dotmarketing.business.UserAPITest" time="0.857"/>
  <testcase name="test_saveNewUser_withAdditionalInfo" classname="com.dotmarketing.business.UserAPITest" time="0.866"/>
  <testcase name="testUserApiFilterUsersByNameAndRole" classname="com.dotmarketing.business.UserAPITest" time="0.005"/>
  <testcase name="test_getUserIdByIcqId_icqIdNull_throwDotInvalidTokenException" classname="com.dotmarketing.business.UserAPITest" time="0.0"/>
  <testcase name="testGetCountUsersByNameOrEmailOrUserID" classname="com.dotmarketing.business.UserAPITest" time="0.895"/>
  <testcase name="testGetUsersIdsByCreationDate" classname="com.dotmarketing.business.UserAPITest" time="0.002"/>
  <system-out><![CDATA[]]></system-out>
  <system-err><![CDATA[]]></system-err>
</testsuite>
