<?xml version="1.0" encoding="UTF-8"?>
<testsuite name="com.dotcms.saml.IdentityProviderConfigurationFactoryTest" tests="1" skipped="0" failures="0" errors="0" timestamp="2023-06-26T21:32:22" hostname="fv-az1241-672" time="0.056">
  <properties/>
  <testcase name="test_UnrecoverableKeyException" classname="com.dotcms.saml.IdentityProviderConfigurationFactoryTest" time="0.056"/>
  <system-out><![CDATA[]]></system-out>
  <system-err><![CDATA[]]></system-err>
</testsuite>
