<?xml version="1.0" encoding="UTF-8"?>
<testsuite name="com.dotcms.enterprise.publishing.remote.bundler.ContainerBundlerTest" tests="4" skipped="0" failures="0" errors="0" timestamp="2023-06-26T17:44:07" hostname="fv-az341-169" time="0.043">
  <properties/>
  <testcase name="addContainerInBundle[0: com.dotcms.enterprise.publishing.remote.bundler.ContainerBundlerTest$TestCase@39882b8d]" classname="com.dotcms.enterprise.publishing.remote.bundler.ContainerBundlerTest" time="0.017"/>
  <testcase name="addContainerInBundle[1: com.dotcms.enterprise.publishing.remote.bundler.ContainerBundlerTest$TestCase@54626260]" classname="com.dotcms.enterprise.publishing.remote.bundler.ContainerBundlerTest" time="0.008"/>
  <testcase name="addContainerInBundle[2: com.dotcms.enterprise.publishing.remote.bundler.ContainerBundlerTest$TestCase@390f6453]" classname="com.dotcms.enterprise.publishing.remote.bundler.ContainerBundlerTest" time="0.009"/>
  <testcase name="addContainerInBundle[3: com.dotcms.enterprise.publishing.remote.bundler.ContainerBundlerTest$TestCase@3321bd31]" classname="com.dotcms.enterprise.publishing.remote.bundler.ContainerBundlerTest" time="0.007"/>
  <system-out><![CDATA[]]></system-out>
  <system-err><![CDATA[]]></system-err>
</testsuite>
