<?xml version="1.0" encoding="UTF-8"?>
<testsuite name="com.dotmarketing.business.VersionableFactoryImplTest" tests="10" skipped="0" failures="0" errors="0" timestamp="2023-07-18T07:11:13" hostname="fv-az1235-995" time="11.711">
  <properties/>
  <testcase name="findContentletVersionInfo" classname="com.dotmarketing.business.VersionableFactoryImplTest" time="1.081"/>
  <testcase name="createContentletVersionInfoWithNotDefaultVariant" classname="com.dotmarketing.business.VersionableFactoryImplTest" time="1.083"/>
  <testcase name="findContentletVersionInfoInDBWithVariant" classname="com.dotmarketing.business.VersionableFactoryImplTest" time="1.071"/>
  <testcase name="findContentletVersionInfoInDB" classname="com.dotmarketing.business.VersionableFactoryImplTest" time="1.087"/>
  <testcase name="findAllContentletVersionInfoWithVariant" classname="com.dotmarketing.business.VersionableFactoryImplTest" time="1.135"/>
  <testcase name="findContentletByIdentifierAnyLanguageAndVariant" classname="com.dotmarketing.business.VersionableFactoryImplTest" time="1.914"/>
  <testcase name="findContentletVersionInfoWithVariant" classname="com.dotmarketing.business.VersionableFactoryImplTest" time="1.084"/>
  <testcase name="findContentletVersionInfoCacheWithVariant" classname="com.dotmarketing.business.VersionableFactoryImplTest" time="1.107"/>
  <testcase name="findContentletVersionInfoCache" classname="com.dotmarketing.business.VersionableFactoryImplTest" time="1.07"/>
  <testcase name="createContentletVersionInfoWithDefaultVariant" classname="com.dotmarketing.business.VersionableFactoryImplTest" time="1.078"/>
  <system-out><![CDATA[]]></system-out>
  <system-err><![CDATA[]]></system-err>
</testsuite>
