<?xml version="1.0" encoding="UTF-8"?>
<testsuite name="com.dotmarketing.cms.urlmap.URLMapAPIImplTest" tests="18" skipped="1" failures="0" errors="0" timestamp="2023-06-26T21:57:27" hostname="fv-az401-312" time="68.196">
  <properties/>
  <testcase name="isUrlPatternWithoutUrlMap" classname="com.dotmarketing.cms.urlmap.URLMapAPIImplTest" time="1.868"/>
  <testcase name="shouldReturnInPREVIEW_MODEWhenContentExistsInFuture" classname="com.dotmarketing.cms.urlmap.URLMapAPIImplTest" time="4.638"/>
  <testcase name="processURLMapWithoutUrlMap" classname="com.dotmarketing.cms.urlmap.URLMapAPIImplTest" time="0.0">
    <skipped/>
  </testcase>
  <testcase name="shouldReturnNullWhenTheContentNotExists" classname="com.dotmarketing.cms.urlmap.URLMapAPIImplTest" time="4.621"/>
  <testcase name="shouldReturnContentletWhenTheContentExists" classname="com.dotmarketing.cms.urlmap.URLMapAPIImplTest" time="4.05"/>
  <testcase name="shouldReturnURLInfoWhenContentExistsInFutureButTimeMachineIsSet" classname="com.dotmarketing.cms.urlmap.URLMapAPIImplTest" time="4.151"/>
  <testcase name="test_multiple_content_types_using_same_pattern" classname="com.dotmarketing.cms.urlmap.URLMapAPIImplTest" time="6.694"/>
  <testcase name="test_url_map_pattern_at_root_with_slash_in_url_title" classname="com.dotmarketing.cms.urlmap.URLMapAPIImplTest" time="4.458"/>
  <testcase name="shouldReturnContentletWhenTheContentExistsAndUseAFloatField" classname="com.dotmarketing.cms.urlmap.URLMapAPIImplTest" time="2.264"/>
  <testcase name="shouldReturnContentletWhenTheContentExistsAndUseAIntegerFIeld" classname="com.dotmarketing.cms.urlmap.URLMapAPIImplTest" time="1.993"/>
  <testcase name="test_url_map_pattern_at_root" classname="com.dotmarketing.cms.urlmap.URLMapAPIImplTest" time="4.884"/>
  <testcase name="test_url_map_pattern_with_slash_in_url_title_complex_rul_map_pattern" classname="com.dotmarketing.cms.urlmap.URLMapAPIImplTest" time="4.796"/>
  <testcase name="processURLMapMethodShouldNotFailWithInvalidFields" classname="com.dotmarketing.cms.urlmap.URLMapAPIImplTest" time="2.449"/>
  <testcase name="shouldReturnNullWhenThePageUriIsNotDetailPage" classname="com.dotmarketing.cms.urlmap.URLMapAPIImplTest" time="2.104"/>
  <testcase name="shouldReturnEmptyOptionalWhenContentExistsInFuture" classname="com.dotmarketing.cms.urlmap.URLMapAPIImplTest" time="4.909"/>
  <testcase name="test_url_map_pattern_with_slash_in_url_title" classname="com.dotmarketing.cms.urlmap.URLMapAPIImplTest" time="4.688"/>
  <testcase name="shouldNotMatchUrlStaringWithAPI" classname="com.dotmarketing.cms.urlmap.URLMapAPIImplTest" time="4.942"/>
  <testcase name="shouldThrowDotSecurityExceptionWhenUserDontHavePermission" classname="com.dotmarketing.cms.urlmap.URLMapAPIImplTest" time="4.687"/>
  <system-out><![CDATA[]]></system-out>
  <system-err><![CDATA[]]></system-err>
</testsuite>
