<?xml version="1.0" encoding="UTF-8"?>
<testsuite name="com.dotcms.util.pagination.ContentTypesPaginatorTest" tests="10" skipped="0" failures="0" errors="0" timestamp="2023-07-06T20:29:05" hostname="fv-az440-292" time="1.448">
  <properties/>
  <testcase name="getPaginatedAllowedContentTypesOrderedByName" classname="com.dotcms.util.pagination.ContentTypesPaginatorTest" time="0.126"/>
  <testcase name="test_getItems_WhenFilterEqualsToBaseType_ReturnsAllRelatedContentTypes" classname="com.dotcms.util.pagination.ContentTypesPaginatorTest" time="0.029"/>
  <testcase name="getAllAllowedContentTypesOrderedByName" classname="com.dotcms.util.pagination.ContentTypesPaginatorTest" time="0.062"/>
  <testcase name="test_getItems_WhenFilterContainsContentTypeName_ReturnsTheContentTypeThatMatches[0: com.dotcms.util.pagination.ContentTypesPaginatorTest$TestCase@260c9357]" classname="com.dotcms.util.pagination.ContentTypesPaginatorTest" time="0.299"/>
  <testcase name="test_getItems_WhenFilterContainsContentTypeName_ReturnsTheContentTypeThatMatches[1: com.dotcms.util.pagination.ContentTypesPaginatorTest$TestCase@5ccb2afe]" classname="com.dotcms.util.pagination.ContentTypesPaginatorTest" time="0.187"/>
  <testcase name="whenTheIndicesAreDeactivateShouldReturnNAInEntries" classname="com.dotcms.util.pagination.ContentTypesPaginatorTest" time="0.566"/>
  <testcase name="test_getItems_WhenFilterEqualsToBaseType_ReturnsAllChildrenContentTypes" classname="com.dotcms.util.pagination.ContentTypesPaginatorTest" time="0.022"/>
  <testcase name="getFilteredPaginatedAllowedContentTypesOrderedByName" classname="com.dotcms.util.pagination.ContentTypesPaginatorTest" time="0.023"/>
  <testcase name="getFilteredAllowedContentTypesOrderedByName" classname="com.dotcms.util.pagination.ContentTypesPaginatorTest" time="0.028"/>
  <testcase name="test_getItems_WhenNoFilter_ReturnsAllContentTypes" classname="com.dotcms.util.pagination.ContentTypesPaginatorTest" time="0.095"/>
  <system-out><![CDATA[]]></system-out>
  <system-err><![CDATA[]]></system-err>
</testsuite>
