<?xml version="1.0" encoding="UTF-8"?>
<testsuite name="com.dotmarketing.business.DeterministicIdentifierAPITest" tests="16" skipped="0" failures="0" errors="0" timestamp="2023-07-13T23:04:36" hostname="fv-az362-624" time="1.54">
  <properties/>
  <testcase name="Test_Category_Path_Seed_And_Id" classname="com.dotmarketing.business.DeterministicIdentifierAPITest" time="0.029"/>
  <testcase name="Test_Language_Deterministic_Id[0: LanguageTestCase{expectedSeed='Language:es:US', expectedHash=4913155, langCode='es', countryCode='US', country='United States'}]" classname="com.dotmarketing.business.DeterministicIdentifierAPITest" time="0.002"/>
  <testcase name="Test_Language_Deterministic_Id[1: LanguageTestCase{expectedSeed='Language:ep:', expectedHash=5292269, langCode='ep', countryCode='', country=''}]" classname="com.dotmarketing.business.DeterministicIdentifierAPITest" time="0.001"/>
  <testcase name="Test_Language_Deterministic_Id[2: LanguageTestCase{expectedSeed='Language:sg:SAG', expectedHash=4713118, langCode='sg', countryCode='SAG', country=''}]" classname="com.dotmarketing.business.DeterministicIdentifierAPITest" time="0.001"/>
  <testcase name="Test_Language_Deterministic_Id[3: LanguageTestCase{expectedSeed='Language:en:NZ', expectedHash=5382528, langCode='en', countryCode='NZ', country='New Zealand'}]" classname="com.dotmarketing.business.DeterministicIdentifierAPITest" time="0.001"/>
  <testcase name="Test_Category_None_Persisted_Category_Should_Return_Deterministic_Id" classname="com.dotmarketing.business.DeterministicIdentifierAPITest" time="0.001"/>
  <testcase name="Test_Asset_Generate_Deterministic_Id_Best_Effort[0: TestCase{versionable=my.host1689289050822.com, parent=System Host, expectedName='my.host1689289050822.com', expectedType='Host'}]" classname="com.dotmarketing.business.DeterministicIdentifierAPITest" time="0.004"/>
  <testcase name="Test_Asset_Generate_Deterministic_Id_Best_Effort[1: TestCase{versionable=com.dotmarketing.portlets.contentlet.model.Contentlet@50e69a15[map={modDate=2023-07-13 22:57:31.333, fileName=file3650225243882772007.txt, title=file3650225243882772007.txt, inode=51166f90-3a4e-4330-a925-85cd07530511, __IS_NEW_CONTENT__=true, disabledWYSIWYG=[], host=31ae1fa6-c6b3-4b74-a7ed-ca13f2c8893c, stInode=33888b6f-7a8e-4069-b1b6-5c1aa9d0a48d, owner=system, identifier=d9d82640-2743-48bc-8304-a1e1e4064197, nullProperties=[wfExpireDate, wfPublishDate, wfActionAssign, wfActionId, wfActionComments, filterKey, whereToSend, wfNeverExpire, _path_to_move, timezoneId, iWantTo, wfPublishTime, wfExpireTime], languageId=1, fileAsset=/home/runner/work/core/custom/assets/5/1/51166f90-3a4e-4330-a925-85cd07530511/fileAsset/file3650225243882772007.txt, folder=affa54bc-94ca-4ac6-85a2-c57df5a0dd70, __disable_workflow__=true, sortOrder=0, modUser=system},lowIndexPriority=false,variantId=DEFAULT], parent=com.dotmarketing.portlets.folders.model.Folder@4397caae[identifier=affa54bc-94ca-4ac6-85a2-c57df5a0dd70,name=testName1689289051322,sortOrder=0,showOnMenu=false,hostId=31ae1fa6-c6b3-4b74-a7ed-ca13f2c8893c,type=folder,title=testTitle1689289051322,filesMasks=,defaultFileType=33888b6f-7a8e-4069-b1b6-5c1aa9d0a48d,modDate=2023-07-13 22:57:31.325,owner=&lt;null&gt;,iDate=2023-07-13 22:57:31.325,inode=affa54bc-94ca-4ac6-85a2-c57df5a0dd70,path=/testName1689289051322/], expectedName='file3650225243882772007.txt', expectedType='FileAsset'}]" classname="com.dotmarketing.business.DeterministicIdentifierAPITest" time="0.004"/>
  <testcase name="Test_Asset_Generate_Deterministic_Id_Best_Effort[2: TestCase{versionable=com.dotmarketing.portlets.templates.model.Template@97b593a6, parent=my.host1689289050822.com, expectedName='testTitle1689289051456', expectedType='Template'}]" classname="com.dotmarketing.business.DeterministicIdentifierAPITest" time="0.002"/>
  <testcase name="Test_Asset_Generate_Deterministic_Id_Best_Effort[3: TestCase{versionable=com.dotmarketing.portlets.htmlpageasset.model.HTMLPageAsset@329a979b[map={template=b5d6b264-4daa-4d09-9fc6-d2ff58f17757, owner=system, identifier=19718eb4-0990-4587-9f9e-e95579a49535, nullProperties=[wfExpireDate, wfPublishDate, wfActionAssign, wfActionId, wfActionComments, filterKey, whereToSend, wfNeverExpire, _path_to_move, timezoneId, iWantTo, wfPublishTime, wfExpireTime], modDate=2023-07-13 22:57:31.484, cachettl=0, _is_test_mode=true, languageId=1, title=test-page-title-1689289051477, httpsreq=, url=test-page-url-1689289051477, showOnMenu=, inode=0bc63187-6856-4408-a948-be9c8528dfe5, folder=affa54bc-94ca-4ac6-85a2-c57df5a0dd70, disabledWYSIWYG=[], sortOrder=1, modUser=system, host=31ae1fa6-c6b3-4b74-a7ed-ca13f2c8893c, stInode=c541abb1-69b3-4bc5-8430-5e09e5239cc8, friendlyName=test-page-friendly-name-1689289051477},lowIndexPriority=false,variantId=DEFAULT], parent=com.dotmarketing.portlets.folders.model.Folder@4397caae[identifier=affa54bc-94ca-4ac6-85a2-c57df5a0dd70,name=testName1689289051322,sortOrder=0,showOnMenu=false,hostId=31ae1fa6-c6b3-4b74-a7ed-ca13f2c8893c,type=folder,title=testTitle1689289051322,filesMasks=,defaultFileType=33888b6f-7a8e-4069-b1b6-5c1aa9d0a48d,modDate=2023-07-13 22:57:31.325,owner=&lt;null&gt;,iDate=2023-07-13 22:57:31.325,inode=affa54bc-94ca-4ac6-85a2-c57df5a0dd70,path=/testName1689289051322/], expectedName='test-page-url-1689289051477', expectedType='htmlpageasset'}]" classname="com.dotmarketing.business.DeterministicIdentifierAPITest" time="0.003"/>
  <testcase name="Test_Asset_Generate_Deterministic_Id_Best_Effort[4: TestCase{versionable=com.dotmarketing.portlets.contentlet.model.Contentlet@721bdafd[map={fileAsset2=/home/runner/work/core/custom/assets/e/3/e318b638-a7e7-4df1-b5b1-3b98800e191a/fileAsset2/test_binary1689289053376.png, modDate=2023-07-13 22:57:33.381, fileAsset1=/home/runner/work/core/custom/assets/e/3/e318b638-a7e7-4df1-b5b1-3b98800e191a/fileAsset1/test_binary1689289053376.jpg, title=blah, inode=e318b638-a7e7-4df1-b5b1-3b98800e191a, __IS_NEW_CONTENT__=true, disabledWYSIWYG=[], host=48190c8c-42c4-46af-8d1a-0cd5db894797, stInode=49fbb625-d4de-4fb9-b066-d1b29ffc59b7, owner=system, identifier=0a169ce0-5f9a-43e3-9277-23d82aea7722, nullProperties=[], languageId=1, image1=93a0a8ad-0989-4126-9bb4-20044a41cf09, folder=SYSTEM_FOLDER, __disable_workflow__=true, sortOrder=0, modUser=system},lowIndexPriority=false,variantId=DEFAULT], parent=demo.dotcms.com, expectedName='test_binary1689289053376.jpg:test_binary1689289053376.png', expectedType='MultipleBinaries1689289051759'}]" classname="com.dotmarketing.business.DeterministicIdentifierAPITest" time="0.005"/>
  <testcase name="Test_Asset_Generate_Deterministic_Id_Best_Effort[5: TestCase{versionable=name8dbb41a8be : keyTag8dbb41a8be, parent=my.host1689289050822.com, expectedName='keyTag8dbb41a8be', expectedType='persona'}]" classname="com.dotmarketing.business.DeterministicIdentifierAPITest" time="0.003"/>
  <testcase name="Test_Similar_Content_Type_Wont_Clash" classname="com.dotmarketing.business.DeterministicIdentifierAPITest" time="0.577"/>
  <testcase name="Test_Generate_Folder_Identifier" classname="com.dotmarketing.business.DeterministicIdentifierAPITest" time="0.889"/>
  <testcase name="Test_Generate_Content_Type_Identifier[0: ContentTypeTestCase{contentType=KeyValueContentType{name=Language Variable, id=f4d7c1b8-2c88-4071-abf1-a5328977b07d, description=Default Content Type for Language Variables, defaultType=false, fixed=true, iDate=Thu Aug 31 16:38:49 UTC 2017, system=true, versionable=true, variable=Languagevariable, modDate=Thu Jul 13 21:46:39 UTC 2023, host=SYSTEM_HOST, siteName=systemHost, icon=language, sortOrder=0, folder=SYSTEM_FOLDER, folderPath=/, markedForDeletion=true, multilingualable=false}, expectedName='Languagevariable', expectedType='KeyValue'}]" classname="com.dotmarketing.business.DeterministicIdentifierAPITest" time="0.005"/>
  <testcase name="Test_Generate_Content_Type_Identifier[1: ContentTypeTestCase{contentType=SimpleContentType{name=testName1689289053826, id=dd83fc02-54c5-45d5-873e-21b76e24d677, description=testDescription1689289053826, defaultType=false, fixed=false, iDate=Thu Jul 13 22:57:33 UTC 2023, system=false, versionable=true, multilingualable=false, variable=testVarname1689289053826, owner=system, modDate=Thu Jul 13 22:57:34 UTC 2023, host=48190c8c-42c4-46af-8d1a-0cd5db894797, siteName=demo.dotcms.com, icon=event_note, sortOrder=0, folder=SYSTEM_FOLDER, folderPath=/, requiredFields=[], markedForDeletion=false}, expectedName='testVarname1689289053826', expectedType='CONTENT'}]" classname="com.dotmarketing.business.DeterministicIdentifierAPITest" time="0.006"/>
  <system-out><![CDATA[]]></system-out>
  <system-err><![CDATA[]]></system-err>
</testsuite>
