<?xml version="1.0" encoding="UTF-8"?>
<testsuite name="com.dotcms.saml.SamlConfigurationServiceTest" tests="1" skipped="0" failures="0" errors="0" timestamp="2023-06-28T09:41:31" hostname="fv-az554-967" time="0.0">
  <properties/>
  <testcase name="test_getConfigAsString" classname="com.dotcms.saml.SamlConfigurationServiceTest" time="0.0"/>
  <system-out><![CDATA[]]></system-out>
  <system-err><![CDATA[]]></system-err>
</testsuite>
