<?xml version="1.0" encoding="UTF-8"?>
<testsuite name="com.dotcms.enterprise.publishing.remote.bundler.WorkflowBundlerTest" tests="1" skipped="0" failures="0" errors="0" timestamp="2023-07-17T17:00:23" hostname="fv-az338-287" time="0.012">
  <properties/>
  <testcase name="addWorkflowInBundle[0: com.dotcms.enterprise.publishing.remote.bundler.WorkflowBundlerTest$TestCase@55130699]" classname="com.dotcms.enterprise.publishing.remote.bundler.WorkflowBundlerTest" time="0.012"/>
  <system-out><![CDATA[]]></system-out>
  <system-err><![CDATA[]]></system-err>
</testsuite>
