<?xml version="1.0" encoding="UTF-8"?>
<testsuite name="com.dotcms.MainSuite" tests="1" skipped="0" failures="1" errors="0" timestamp="2023-06-23T22:38:37" hostname="fv-az256-466" time="0.01">
  <properties/>
  <testcase name="initializationError" classname="com.dotcms.MainSuite" time="0.01">
    <failure message="org.junit.runners.model.InvalidTestClassError: Invalid test class 'com.dotmarketing.startup.runonce.Task230522AddHashIndicesToWorkflowTables':&#10;  1. No runnable methods" type="org.junit.runners.model.InvalidTestClassError">org.junit.runners.model.InvalidTestClassError: Invalid test class 'com.dotmarketing.startup.runonce.Task230522AddHashIndicesToWorkflowTables':
  1. No runnable methods
	at org.junit.runners.ParentRunner.validate(ParentRunner.java:525)
	at org.junit.runners.ParentRunner.&lt;init&gt;(ParentRunner.java:92)
	at org.junit.runners.BlockJUnit4ClassRunner.&lt;init&gt;(BlockJUnit4ClassRunner.java:74)
	at com.tngtech.java.junit.dataprovider.DataProviderRunner.&lt;init&gt;(DataProviderRunner.java:79)
	at com.dotcms.junit.CustomDataProviderRunner.&lt;init&gt;(CustomDataProviderRunner.java:17)
	at com.dotcms.junit.MainBaseSuite.getRunners(MainBaseSuite.java:38)
	at com.dotcms.junit.MainBaseSuite.&lt;init&gt;(MainBaseSuite.java:17)
	at java.base/jdk.internal.reflect.NativeConstructorAccessorImpl.newInstance0(Native Method)
	at java.base/jdk.internal.reflect.NativeConstructorAccessorImpl.newInstance(NativeConstructorAccessorImpl.java:62)
	at java.base/jdk.internal.reflect.DelegatingConstructorAccessorImpl.newInstance(DelegatingConstructorAccessorImpl.java:45)
	at java.base/java.lang.reflect.Constructor.newInstance(Constructor.java:490)
	at org.junit.internal.builders.AnnotatedBuilder.buildRunner(AnnotatedBuilder.java:107)
	at org.junit.internal.builders.AnnotatedBuilder.runnerForClass(AnnotatedBuilder.java:86)
	at org.junit.runners.model.RunnerBuilder.safeRunnerForClass(RunnerBuilder.java:70)
	at org.junit.internal.builders.AllDefaultPossibilitiesBuilder.runnerForClass(AllDefaultPossibilitiesBuilder.java:37)
	at org.junit.runners.model.RunnerBuilder.safeRunnerForClass(RunnerBuilder.java:70)
	at org.junit.internal.requests.ClassRequest.createRunner(ClassRequest.java:28)
	at org.junit.internal.requests.MemoizingRequest.getRunner(MemoizingRequest.java:19)
	at org.gradle.api.internal.tasks.testing.junit.JUnitTestClassExecutor.runTestClass(JUnitTestClassExecutor.java:78)
	at org.gradle.api.internal.tasks.testing.junit.JUnitTestClassExecutor.execute(JUnitTestClassExecutor.java:58)
	at org.gradle.api.internal.tasks.testing.junit.JUnitTestClassExecutor.execute(JUnitTestClassExecutor.java:38)
	at org.gradle.api.internal.tasks.testing.junit.AbstractJUnitTestClassProcessor.processTestClass(AbstractJUnitTestClassProcessor.java:62)
	at org.gradle.api.internal.tasks.testing.SuiteTestClassProcessor.processTestClass(SuiteTestClassProcessor.java:51)
	at java.base/jdk.internal.reflect.NativeMethodAccessorImpl.invoke0(Native Method)
	at java.base/jdk.internal.reflect.NativeMethodAccessorImpl.invoke(NativeMethodAccessorImpl.java:62)
	at java.base/jdk.internal.reflect.DelegatingMethodAccessorImpl.invoke(DelegatingMethodAccessorImpl.java:43)
	at java.base/java.lang.reflect.Method.invoke(Method.java:566)
	at org.gradle.internal.dispatch.ReflectionDispatch.dispatch(ReflectionDispatch.java:36)
	at org.gradle.internal.dispatch.ReflectionDispatch.dispatch(ReflectionDispatch.java:24)
	at org.gradle.internal.dispatch.ContextClassLoaderDispatch.dispatch(ContextClassLoaderDispatch.java:33)
	at org.gradle.internal.dispatch.ProxyDispatchAdapter$DispatchingInvocationHandler.invoke(ProxyDispatchAdapter.java:94)
	at com.sun.proxy.$Proxy5.processTestClass(Unknown Source)
	at org.gradle.api.internal.tasks.testing.worker.TestWorker$2.run(TestWorker.java:176)
	at org.gradle.api.internal.tasks.testing.worker.TestWorker.executeAndMaintainThreadName(TestWorker.java:129)
	at org.gradle.api.internal.tasks.testing.worker.TestWorker.execute(TestWorker.java:100)
	at org.gradle.api.internal.tasks.testing.worker.TestWorker.execute(TestWorker.java:60)
	at org.gradle.process.internal.worker.child.ActionExecutionWorker.execute(ActionExecutionWorker.java:56)
	at org.gradle.process.internal.worker.child.SystemApplicationClassLoaderWorker.call(SystemApplicationClassLoaderWorker.java:133)
	at org.gradle.process.internal.worker.child.SystemApplicationClassLoaderWorker.call(SystemApplicationClassLoaderWorker.java:71)
	at worker.org.gradle.process.internal.worker.GradleWorkerMain.run(GradleWorkerMain.java:69)
	at worker.org.gradle.process.internal.worker.GradleWorkerMain.main(GradleWorkerMain.java:74)
</failure>
  </testcase>
  <system-out><![CDATA[]]></system-out>
  <system-err><![CDATA[Jun 23, 2023 10:34:45 PM com.hazelcast.config.AbstractXmlConfigHelper
WARNING: Name of the hazelcast schema location is incorrect, using default
Jun 23, 2023 10:34:46 PM com.hazelcast.instance.HazelcastInstanceFactory
WARNING: Hazelcast is starting in a Java modular environment (Java 9 and newer) but without proper access to required Java packages. Use additional Java arguments to provide Hazelcast access to Java internal API. The internal API access is used to get the best performance results. Arguments to be used:
 --add-modules java.se --add-exports java.base/jdk.internal.ref=ALL-UNNAMED --add-opens java.base/java.lang=ALL-UNNAMED --add-opens java.base/java.nio=ALL-UNNAMED --add-opens java.base/sun.nio.ch=ALL-UNNAMED --add-opens java.management/sun.management=ALL-UNNAMED --add-opens jdk.management/com.sun.management.internal=ALL-UNNAMED
Jun 23, 2023 10:34:46 PM com.hazelcast.instance.AddressPicker
INFO: [LOCAL] [dev] [3.12.13] Prefer IPv4 stack is true, prefer IPv6 addresses is false
Jun 23, 2023 10:34:46 PM com.hazelcast.instance.AddressPicker
INFO: [LOCAL] [dev] [3.12.13] Picked [172.18.0.1]:5701, using socket ServerSocket[addr=/0:0:0:0:0:0:0:0,localport=5701], bind any local is true
Jun 23, 2023 10:34:46 PM com.hazelcast.system
INFO: [172.18.0.1]:5701 [dev] [3.12.13] Hazelcast 3.12.13 (20220825 - 40e63ea) starting at [172.18.0.1]:5701
Jun 23, 2023 10:34:46 PM com.hazelcast.system
INFO: [172.18.0.1]:5701 [dev] [3.12.13] Copyright (c) 2008-2020, Hazelcast, Inc. All Rights Reserved.
Jun 23, 2023 10:34:46 PM com.hazelcast.spi.impl.operationservice.impl.BackpressureRegulator
INFO: [172.18.0.1]:5701 [dev] [3.12.13] Backpressure is disabled
Jun 23, 2023 10:34:48 PM com.hazelcast.spi.impl.operationexecutor.impl.OperationExecutorImpl
INFO: [172.18.0.1]:5701 [dev] [3.12.13] Starting 2 partition threads and 3 generic threads (1 dedicated for priority tasks)
Jun 23, 2023 10:34:48 PM com.hazelcast.internal.diagnostics.Diagnostics
INFO: [172.18.0.1]:5701 [dev] [3.12.13] Diagnostics disabled. To enable add -Dhazelcast.diagnostics.enabled=true to the JVM arguments.
Jun 23, 2023 10:34:48 PM com.hazelcast.core.LifecycleService
INFO: [172.18.0.1]:5701 [dev] [3.12.13] [172.18.0.1]:5701 is STARTING
Jun 23, 2023 10:34:48 PM com.hazelcast.instance.Node
WARNING: [172.18.0.1]:5701 [dev] [3.12.13] No join method is enabled! Starting standalone.
Jun 23, 2023 10:34:49 PM com.hazelcast.core.LifecycleService
INFO: [172.18.0.1]:5701 [dev] [3.12.13] [172.18.0.1]:5701 is STARTED
]]></system-err>
</testsuite>
