<?xml version="1.0" encoding="UTF-8"?>
<testsuite name="com.dotmarketing.portlets.structure.model.ContentletRelationshipsTest" tests="7" skipped="0" failures="0" errors="0" timestamp="2023-06-27T16:23:01" hostname="fv-az354-410" time="8.581">
  <properties/>
  <testcase name="testDoesAllowOnlyOne[0: com.dotmarketing.portlets.structure.model.ContentletRelationshipsTest$CardinalityTestCase@3a8d8093]" classname="com.dotmarketing.portlets.structure.model.ContentletRelationshipsTest" time="0.432"/>
  <testcase name="testDoesAllowOnlyOne[1: com.dotmarketing.portlets.structure.model.ContentletRelationshipsTest$CardinalityTestCase@270a413b]" classname="com.dotmarketing.portlets.structure.model.ContentletRelationshipsTest" time="0.401"/>
  <testcase name="testDoesAllowOnlyOne[2: com.dotmarketing.portlets.structure.model.ContentletRelationshipsTest$CardinalityTestCase@132ea492]" classname="com.dotmarketing.portlets.structure.model.ContentletRelationshipsTest" time="0.43"/>
  <testcase name="testGetRelationshipRecords[0: com.dotmarketing.portlets.structure.model.ContentletRelationshipsTest$TestCase@5de6ac9d]" classname="com.dotmarketing.portlets.structure.model.ContentletRelationshipsTest" time="1.884"/>
  <testcase name="testGetRelationshipRecords[1: com.dotmarketing.portlets.structure.model.ContentletRelationshipsTest$TestCase@bb936aa]" classname="com.dotmarketing.portlets.structure.model.ContentletRelationshipsTest" time="1.925"/>
  <testcase name="testGetRelationshipRecords[2: com.dotmarketing.portlets.structure.model.ContentletRelationshipsTest$TestCase@7ecfbd7f]" classname="com.dotmarketing.portlets.structure.model.ContentletRelationshipsTest" time="1.746"/>
  <testcase name="testGetRelationshipRecords[3: com.dotmarketing.portlets.structure.model.ContentletRelationshipsTest$TestCase@18239c00]" classname="com.dotmarketing.portlets.structure.model.ContentletRelationshipsTest" time="1.759"/>
  <system-out><![CDATA[]]></system-out>
  <system-err><![CDATA[]]></system-err>
</testsuite>
