<?xml version="1.0" encoding="UTF-8"?>
<testsuite name="com.dotmarketing.portlets.folders.business.FolderFactoryImplTest" tests="3" skipped="0" failures="0" errors="0" timestamp="2023-07-11T03:43:51" hostname="fv-az1256-472" time="1.049">
  <properties/>
  <testcase name="testFindFolderByPathUsingRootFolder" classname="com.dotmarketing.portlets.folders.business.FolderFactoryImplTest" time="0.001"/>
  <testcase name="testFindFolderByPathUsingSystemFolderParentPath" classname="com.dotmarketing.portlets.folders.business.FolderFactoryImplTest" time="0.001"/>
  <testcase name="testFindFolderByPathUsingNonRootFolder" classname="com.dotmarketing.portlets.folders.business.FolderFactoryImplTest" time="1.047"/>
  <system-out><![CDATA[]]></system-out>
  <system-err><![CDATA[]]></system-err>
</testsuite>
