<?xml version="1.0" encoding="UTF-8"?>
<testsuite name="com.dotmarketing.portlets.contentlet.business.HostFactoryImplTest" tests="2" skipped="0" failures="0" errors="0" timestamp="2023-07-20T19:24:17" hostname="fv-az1232-188" time="23.594">
  <properties/>
  <testcase name="test_search_shouldReturnExactMatchesFirst" classname="com.dotmarketing.portlets.contentlet.business.HostFactoryImplTest" time="21.675"/>
  <testcase name="test_findLiveAndStopped_shouldOnlyRetunLiveAndStoppedSites" classname="com.dotmarketing.portlets.contentlet.business.HostFactoryImplTest" time="1.919"/>
  <system-out><![CDATA[]]></system-out>
  <system-err><![CDATA[]]></system-err>
</testsuite>
