<?xml version="1.0" encoding="UTF-8"?>
<testsuite name="com.dotcms.contenttype.test.ContentResourceTest" tests="52" skipped="0" failures="0" errors="0" timestamp="2023-07-11T21:21:42" hostname="fv-az552-460" time="125.837">
  <properties/>
  <testcase name="testGetContentShouldReturnIconDetails" classname="com.dotcms.contenttype.test.ContentResourceTest" time="1.514"/>
  <testcase name="Test_Save_Action_Set_Words_To_Required_NumericField_Issue_15340" classname="com.dotcms.contenttype.test.ContentResourceTest" time="0.899"/>
  <testcase name="test_getContent_includeGrandChildCategory_success" classname="com.dotcms.contenttype.test.ContentResourceTest" time="1.321"/>
  <testcase name="testGetContentWithRelatedParameter[0: com.dotcms.contenttype.test.ContentResourceTest$PullRelatedTestCase@488c14d]" classname="com.dotcms.contenttype.test.ContentResourceTest" time="3.589"/>
  <testcase name="testGetContentWithRelatedParameter[1: com.dotcms.contenttype.test.ContentResourceTest$PullRelatedTestCase@7e635747]" classname="com.dotcms.contenttype.test.ContentResourceTest" time="3.43"/>
  <testcase name="testGetContentWithRelatedParameter[2: com.dotcms.contenttype.test.ContentResourceTest$PullRelatedTestCase@262f907]" classname="com.dotcms.contenttype.test.ContentResourceTest" time="3.539"/>
  <testcase name="testGetContentWithRelatedParameter[3: com.dotcms.contenttype.test.ContentResourceTest$PullRelatedTestCase@50188c5]" classname="com.dotcms.contenttype.test.ContentResourceTest" time="3.357"/>
  <testcase name="testGetContentWithRelatedParameter[4: com.dotcms.contenttype.test.ContentResourceTest$PullRelatedTestCase@47c1a381]" classname="com.dotcms.contenttype.test.ContentResourceTest" time="3.353"/>
  <testcase name="test_getContent_SelfRelatedWith3LevelsOfDepth_shouldReturnRelationships" classname="com.dotcms.contenttype.test.ContentResourceTest" time="1.251"/>
  <testcase name="Test_Save_Action_Send_Fields_SubSet_Issue_15340" classname="com.dotcms.contenttype.test.ContentResourceTest" time="2.845"/>
  <testcase name="test_getContent_shouldReturnRelationships[0: com.dotcms.contenttype.test.ContentResourceTest$TestCase@23fc1d51]" classname="com.dotcms.contenttype.test.ContentResourceTest" time="1.598"/>
  <testcase name="test_getContent_shouldReturnRelationships[1: com.dotcms.contenttype.test.ContentResourceTest$TestCase@364362e8]" classname="com.dotcms.contenttype.test.ContentResourceTest" time="2.569"/>
  <testcase name="test_getContent_shouldReturnRelationships[2: com.dotcms.contenttype.test.ContentResourceTest$TestCase@3f0d9345]" classname="com.dotcms.contenttype.test.ContentResourceTest" time="1.55"/>
  <testcase name="test_getContent_shouldReturnRelationships[3: com.dotcms.contenttype.test.ContentResourceTest$TestCase@759af28e]" classname="com.dotcms.contenttype.test.ContentResourceTest" time="2.498"/>
  <testcase name="test_getContent_shouldReturnRelationships[4: com.dotcms.contenttype.test.ContentResourceTest$TestCase@36cf6ff9]" classname="com.dotcms.contenttype.test.ContentResourceTest" time="1.754"/>
  <testcase name="test_getContent_shouldReturnRelationships[5: com.dotcms.contenttype.test.ContentResourceTest$TestCase@1b360fea]" classname="com.dotcms.contenttype.test.ContentResourceTest" time="2.53"/>
  <testcase name="test_getContent_shouldReturnRelationships[6: com.dotcms.contenttype.test.ContentResourceTest$TestCase@48722072]" classname="com.dotcms.contenttype.test.ContentResourceTest" time="2.537"/>
  <testcase name="test_getContent_shouldReturnRelationships[7: com.dotcms.contenttype.test.ContentResourceTest$TestCase@6a5eb570]" classname="com.dotcms.contenttype.test.ContentResourceTest" time="2.515"/>
  <testcase name="test_getContent_shouldReturnRelationships[8: com.dotcms.contenttype.test.ContentResourceTest$TestCase@2723bf65]" classname="com.dotcms.contenttype.test.ContentResourceTest" time="2.679"/>
  <testcase name="test_getContent_shouldReturnRelationships[9: com.dotcms.contenttype.test.ContentResourceTest$TestCase@cc1ad34]" classname="com.dotcms.contenttype.test.ContentResourceTest" time="1.894"/>
  <testcase name="test_getContent_shouldReturnRelationships[10: com.dotcms.contenttype.test.ContentResourceTest$TestCase@55e97d6e]" classname="com.dotcms.contenttype.test.ContentResourceTest" time="2.664"/>
  <testcase name="test_getContent_shouldReturnRelationships[11: com.dotcms.contenttype.test.ContentResourceTest$TestCase@4a03a796]" classname="com.dotcms.contenttype.test.ContentResourceTest" time="2.572"/>
  <testcase name="test_getContent_shouldReturnRelationships[12: com.dotcms.contenttype.test.ContentResourceTest$TestCase@70e1f124]" classname="com.dotcms.contenttype.test.ContentResourceTest" time="2.414"/>
  <testcase name="test_getContent_shouldReturnRelationships[13: com.dotcms.contenttype.test.ContentResourceTest$TestCase@71c84a01]" classname="com.dotcms.contenttype.test.ContentResourceTest" time="2.401"/>
  <testcase name="test_getContent_shouldReturnRelationships[14: com.dotcms.contenttype.test.ContentResourceTest$TestCase@6f544b5b]" classname="com.dotcms.contenttype.test.ContentResourceTest" time="2.4"/>
  <testcase name="test_getContent_shouldReturnRelationships[15: com.dotcms.contenttype.test.ContentResourceTest$TestCase@38bc7e30]" classname="com.dotcms.contenttype.test.ContentResourceTest" time="3.597"/>
  <testcase name="test_getContent_shouldReturnRelationships[16: com.dotcms.contenttype.test.ContentResourceTest$TestCase@472bc0d2]" classname="com.dotcms.contenttype.test.ContentResourceTest" time="3.493"/>
  <testcase name="test_getContent_shouldReturnRelationships[17: com.dotcms.contenttype.test.ContentResourceTest$TestCase@74800274]" classname="com.dotcms.contenttype.test.ContentResourceTest" time="2.631"/>
  <testcase name="test_getContent_shouldReturnRelationships[18: com.dotcms.contenttype.test.ContentResourceTest$TestCase@39c3812c]" classname="com.dotcms.contenttype.test.ContentResourceTest" time="2.621"/>
  <testcase name="test_getContent_shouldReturnRelationships[19: com.dotcms.contenttype.test.ContentResourceTest$TestCase@625525da]" classname="com.dotcms.contenttype.test.ContentResourceTest" time="2.628"/>
  <testcase name="test_getContent_shouldReturnRelationships[20: com.dotcms.contenttype.test.ContentResourceTest$TestCase@7be15412]" classname="com.dotcms.contenttype.test.ContentResourceTest" time="2.102"/>
  <testcase name="test_getContent_shouldReturnRelationships[21: com.dotcms.contenttype.test.ContentResourceTest$TestCase@f867ab8]" classname="com.dotcms.contenttype.test.ContentResourceTest" time="2.947"/>
  <testcase name="test_getContent_shouldReturnRelationships[22: com.dotcms.contenttype.test.ContentResourceTest$TestCase@2ae95085]" classname="com.dotcms.contenttype.test.ContentResourceTest" time="2.537"/>
  <testcase name="test_getContent_shouldReturnRelationships[23: com.dotcms.contenttype.test.ContentResourceTest$TestCase@6159cbf7]" classname="com.dotcms.contenttype.test.ContentResourceTest" time="2.634"/>
  <testcase name="test_getContent_shouldReturnRelationships[24: com.dotcms.contenttype.test.ContentResourceTest$TestCase@10e9420a]" classname="com.dotcms.contenttype.test.ContentResourceTest" time="2.735"/>
  <testcase name="test_getContent_shouldReturnRelationships[25: com.dotcms.contenttype.test.ContentResourceTest$TestCase@2c86b915]" classname="com.dotcms.contenttype.test.ContentResourceTest" time="2.858"/>
  <testcase name="test_getContent_shouldReturnRelationships[26: com.dotcms.contenttype.test.ContentResourceTest$TestCase@4c0bb978]" classname="com.dotcms.contenttype.test.ContentResourceTest" time="1.833"/>
  <testcase name="test_getContent_shouldReturnRelationships[27: com.dotcms.contenttype.test.ContentResourceTest$TestCase@63a2c57d]" classname="com.dotcms.contenttype.test.ContentResourceTest" time="2.609"/>
  <testcase name="test_getContent_shouldReturnRelationships[28: com.dotcms.contenttype.test.ContentResourceTest$TestCase@39813211]" classname="com.dotcms.contenttype.test.ContentResourceTest" time="2.519"/>
  <testcase name="test_getContent_shouldReturnRelationships[29: com.dotcms.contenttype.test.ContentResourceTest$TestCase@20566a25]" classname="com.dotcms.contenttype.test.ContentResourceTest" time="2.528"/>
  <testcase name="test_getContent_shouldReturnRelationships[30: com.dotcms.contenttype.test.ContentResourceTest$TestCase@3187c72e]" classname="com.dotcms.contenttype.test.ContentResourceTest" time="2.585"/>
  <testcase name="test_getContent_shouldReturnRelationships[31: com.dotcms.contenttype.test.ContentResourceTest$TestCase@44fb754e]" classname="com.dotcms.contenttype.test.ContentResourceTest" time="2.672"/>
  <testcase name="test_getContent_shouldReturnRelationships[32: com.dotcms.contenttype.test.ContentResourceTest$TestCase@74dad67a]" classname="com.dotcms.contenttype.test.ContentResourceTest" time="3.54"/>
  <testcase name="test_getContent_shouldReturnRelationships[33: com.dotcms.contenttype.test.ContentResourceTest$TestCase@67ce9d86]" classname="com.dotcms.contenttype.test.ContentResourceTest" time="3.564"/>
  <testcase name="testSinglePOST_InvalidParamsShouldReturn400[0: ({\n    &quot;stInode&quot; : &quot;InvalidValue&quot;,\n    &quot;numeric&quot; : &quot;0&quot;,\n    &quot;image&quot; : &quot;whatever&quot;\n}, Bad Request)]" classname="com.dotcms.contenttype.test.ContentResourceTest" time="0.896"/>
  <testcase name="testSinglePOST_InvalidParamsShouldReturn400[1: ({\n    &quot;numeric&quot; : &quot;0&quot;,\n    &quot;image&quot; : &quot;whatever&quot;\n}, Bad Request)]" classname="com.dotcms.contenttype.test.ContentResourceTest" time="0.879"/>
  <testcase name="Test_Save_Action_Set_Null_To_Required_NumericField_Issue_15340" classname="com.dotcms.contenttype.test.ContentResourceTest" time="0.906"/>
  <testcase name="Test_Save_Action_Remove_Image_Then_Verify_Fields_Were_Cleared_Issue_15340" classname="com.dotcms.contenttype.test.ContentResourceTest" time="3.9"/>
  <testcase name="test_getContentWithMultipleSelfRelated_shouldReturnRelationships[0: com.dotcms.contenttype.test.ContentResourceTest$PullSelfRelatedTestCase@7731d1b2]" classname="com.dotcms.contenttype.test.ContentResourceTest" time="1.564"/>
  <testcase name="test_getContentWithMultipleSelfRelated_shouldReturnRelationships[1: com.dotcms.contenttype.test.ContentResourceTest$PullSelfRelatedTestCase@55fab028]" classname="com.dotcms.contenttype.test.ContentResourceTest" time="1.567"/>
  <testcase name="testGetContentWithAllCategoriesInfo[0: json]" classname="com.dotcms.contenttype.test.ContentResourceTest" time="1.392"/>
  <testcase name="testGetContentWithAllCategoriesInfo[1: xml]" classname="com.dotcms.contenttype.test.ContentResourceTest" time="2.418"/>
  <system-out><![CDATA[











]]></system-out>
  <system-err><![CDATA[]]></system-err>
</testsuite>
