<?xml version="1.0" encoding="UTF-8"?>
<testsuite name="com.dotmarketing.business.DeterministicIdentifierAPITest" tests="16" skipped="0" failures="0" errors="0" timestamp="2023-06-30T18:58:39" hostname="fv-az247-376" time="0.745">
  <properties/>
  <testcase name="Test_Category_Path_Seed_And_Id" classname="com.dotmarketing.business.DeterministicIdentifierAPITest" time="0.025"/>
  <testcase name="Test_Language_Deterministic_Id[0: LanguageTestCase{expectedSeed='Language:es:US', expectedHash=4913155, langCode='es', countryCode='US', country='United States'}]" classname="com.dotmarketing.business.DeterministicIdentifierAPITest" time="0.003"/>
  <testcase name="Test_Language_Deterministic_Id[1: LanguageTestCase{expectedSeed='Language:ep:', expectedHash=5292269, langCode='ep', countryCode='', country=''}]" classname="com.dotmarketing.business.DeterministicIdentifierAPITest" time="0.001"/>
  <testcase name="Test_Language_Deterministic_Id[2: LanguageTestCase{expectedSeed='Language:sg:SAG', expectedHash=4713118, langCode='sg', countryCode='SAG', country=''}]" classname="com.dotmarketing.business.DeterministicIdentifierAPITest" time="0.001"/>
  <testcase name="Test_Language_Deterministic_Id[3: LanguageTestCase{expectedSeed='Language:en:NZ', expectedHash=5382528, langCode='en', countryCode='NZ', country='New Zealand'}]" classname="com.dotmarketing.business.DeterministicIdentifierAPITest" time="0.001"/>
  <testcase name="Test_Category_None_Persisted_Category_Should_Return_Deterministic_Id" classname="com.dotmarketing.business.DeterministicIdentifierAPITest" time="0.002"/>
  <testcase name="Test_Asset_Generate_Deterministic_Id_Best_Effort[0: TestCase{versionable=my.host1688151151926.com, parent=System Host, expectedName='my.host1688151151926.com', expectedType='Host'}]" classname="com.dotmarketing.business.DeterministicIdentifierAPITest" time="0.005"/>
  <testcase name="Test_Asset_Generate_Deterministic_Id_Best_Effort[1: TestCase{versionable=com.dotmarketing.portlets.contentlet.model.Contentlet@63b10397[map={modDate=2023-06-30 18:52:32.752, fileName=file8930393875560372898.txt, title=file8930393875560372898.txt, inode=16749f36-6122-4067-865d-05da2a2431a3, __IS_NEW_CONTENT__=true, disabledWYSIWYG=[], host=dbef3be9-5445-4db7-9628-5a5e6cb9c1a0, stInode=33888b6f-7a8e-4069-b1b6-5c1aa9d0a48d, owner=system, identifier=d0ee2e07-8e2c-4b82-8697-011d7c67a24a, nullProperties=[wfExpireDate, wfPublishDate, wfActionAssign, wfActionId, wfActionComments, filterKey, whereToSend, wfNeverExpire, _path_to_move, timezoneId, iWantTo, wfPublishTime, wfExpireTime], languageId=1, fileAsset=/home/runner/work/core/custom/assets/1/6/16749f36-6122-4067-865d-05da2a2431a3/fileAsset/file8930393875560372898.txt, folder=f32c1cb7-f85e-41f5-9a9a-b2c84555bd89, __disable_workflow__=true, sortOrder=0, modUser=system},lowIndexPriority=false,variantId=DEFAULT], parent=com.dotmarketing.portlets.folders.model.Folder@66e0147a[identifier=f32c1cb7-f85e-41f5-9a9a-b2c84555bd89,name=testName1688151152743,sortOrder=0,showOnMenu=false,hostId=dbef3be9-5445-4db7-9628-5a5e6cb9c1a0,type=folder,title=testTitle1688151152743,filesMasks=,defaultFileType=33888b6f-7a8e-4069-b1b6-5c1aa9d0a48d,modDate=2023-06-30 18:52:32.747,owner=&lt;null&gt;,iDate=2023-06-30 18:52:32.747,inode=f32c1cb7-f85e-41f5-9a9a-b2c84555bd89,path=/testName1688151152743/], expectedName='file8930393875560372898.txt', expectedType='FileAsset'}]" classname="com.dotmarketing.business.DeterministicIdentifierAPITest" time="0.003"/>
  <testcase name="Test_Asset_Generate_Deterministic_Id_Best_Effort[2: TestCase{versionable=com.dotmarketing.portlets.templates.model.Template@332a817e, parent=my.host1688151151926.com, expectedName='testTitle1688151152843', expectedType='Template'}]" classname="com.dotmarketing.business.DeterministicIdentifierAPITest" time="0.002"/>
  <testcase name="Test_Asset_Generate_Deterministic_Id_Best_Effort[3: TestCase{versionable=com.dotmarketing.portlets.htmlpageasset.model.HTMLPageAsset@2031cd40[map={template=56b73bad-d16f-4049-af4b-9b8958569b89, owner=system, identifier=e9a30a1d-0325-4254-bc0d-4ea2f81650bb, nullProperties=[wfExpireDate, wfPublishDate, wfActionAssign, wfActionId, wfActionComments, filterKey, whereToSend, wfNeverExpire, _path_to_move, timezoneId, iWantTo, wfPublishTime, wfExpireTime], modDate=2023-06-30 18:52:32.862, cachettl=0, _is_test_mode=true, languageId=1, title=test-page-title-1688151152857, httpsreq=, url=test-page-url-1688151152857, showOnMenu=, inode=1512aed7-704b-4dd7-983f-301364861786, folder=f32c1cb7-f85e-41f5-9a9a-b2c84555bd89, disabledWYSIWYG=[], sortOrder=1, modUser=system, host=dbef3be9-5445-4db7-9628-5a5e6cb9c1a0, stInode=c541abb1-69b3-4bc5-8430-5e09e5239cc8, friendlyName=test-page-friendly-name-1688151152857},lowIndexPriority=false,variantId=DEFAULT], parent=com.dotmarketing.portlets.folders.model.Folder@66e0147a[identifier=f32c1cb7-f85e-41f5-9a9a-b2c84555bd89,name=testName1688151152743,sortOrder=0,showOnMenu=false,hostId=dbef3be9-5445-4db7-9628-5a5e6cb9c1a0,type=folder,title=testTitle1688151152743,filesMasks=,defaultFileType=33888b6f-7a8e-4069-b1b6-5c1aa9d0a48d,modDate=2023-06-30 18:52:32.747,owner=&lt;null&gt;,iDate=2023-06-30 18:52:32.747,inode=f32c1cb7-f85e-41f5-9a9a-b2c84555bd89,path=/testName1688151152743/], expectedName='test-page-url-1688151152857', expectedType='htmlpageasset'}]" classname="com.dotmarketing.business.DeterministicIdentifierAPITest" time="0.002"/>
  <testcase name="Test_Asset_Generate_Deterministic_Id_Best_Effort[4: TestCase{versionable=com.dotmarketing.portlets.contentlet.model.Contentlet@5f223153[map={fileAsset2=/home/runner/work/core/custom/assets/2/e/2ea83ca0-5070-49f0-bb46-636a928c2536/fileAsset2/test_binary1688151153723.png, modDate=2023-06-30 18:52:33.727, fileAsset1=/home/runner/work/core/custom/assets/2/e/2ea83ca0-5070-49f0-bb46-636a928c2536/fileAsset1/test_binary1688151153723.jpg, title=blah, inode=2ea83ca0-5070-49f0-bb46-636a928c2536, __IS_NEW_CONTENT__=true, disabledWYSIWYG=[], host=48190c8c-42c4-46af-8d1a-0cd5db894797, stInode=5cfd13b3-c2ac-4f17-910b-6f38b4d860e0, owner=system, identifier=f64ad8fc-9090-47a9-a337-65f32bd44c4f, nullProperties=[], languageId=1, image1=e832c816-a5ff-4f09-971d-95aa691ac44a, folder=SYSTEM_FOLDER, __disable_workflow__=true, sortOrder=0, modUser=system},lowIndexPriority=false,variantId=DEFAULT], parent=demo.dotcms.com, expectedName='test_binary1688151153723.jpg:test_binary1688151153723.png', expectedType='MultipleBinaries1688151153146'}]" classname="com.dotmarketing.business.DeterministicIdentifierAPITest" time="0.004"/>
  <testcase name="Test_Asset_Generate_Deterministic_Id_Best_Effort[5: TestCase{versionable=nameb7c5d2cc0c : keyTagb7c5d2cc0c, parent=my.host1688151151926.com, expectedName='keyTagb7c5d2cc0c', expectedType='persona'}]" classname="com.dotmarketing.business.DeterministicIdentifierAPITest" time="0.002"/>
  <testcase name="Test_Similar_Content_Type_Wont_Clash" classname="com.dotmarketing.business.DeterministicIdentifierAPITest" time="0.416"/>
  <testcase name="Test_Generate_Folder_Identifier" classname="com.dotmarketing.business.DeterministicIdentifierAPITest" time="0.267"/>
  <testcase name="Test_Generate_Content_Type_Identifier[0: ContentTypeTestCase{contentType=KeyValueContentType{name=Language Variable, id=f4d7c1b8-2c88-4071-abf1-a5328977b07d, description=Default Content Type for Language Variables, defaultType=false, fixed=true, iDate=Thu Aug 31 16:38:49 UTC 2017, system=true, versionable=true, variable=Languagevariable, modDate=Fri Jun 30 17:50:21 UTC 2023, host=SYSTEM_HOST, siteName=systemHost, icon=language, sortOrder=0, folder=SYSTEM_FOLDER, folderPath=/, markedForDeletion=true, multilingualable=false}, expectedName='Languagevariable', expectedType='KeyValue'}]" classname="com.dotmarketing.business.DeterministicIdentifierAPITest" time="0.004"/>
  <testcase name="Test_Generate_Content_Type_Identifier[1: ContentTypeTestCase{contentType=SimpleContentType{name=testName1688151154037, id=52fd1a7a-da83-491e-a84c-c40416033d55, description=testDescription1688151154037, defaultType=false, fixed=false, iDate=Fri Jun 30 18:52:34 UTC 2023, system=false, versionable=true, multilingualable=false, variable=testVarname1688151154037, owner=system, modDate=Fri Jun 30 18:52:35 UTC 2023, host=48190c8c-42c4-46af-8d1a-0cd5db894797, siteName=demo.dotcms.com, icon=event_note, sortOrder=0, folder=SYSTEM_FOLDER, folderPath=/, requiredFields=[], markedForDeletion=false}, expectedName='testVarname1688151154037', expectedType='CONTENT'}]" classname="com.dotmarketing.business.DeterministicIdentifierAPITest" time="0.004"/>
  <system-out><![CDATA[]]></system-out>
  <system-err><![CDATA[]]></system-err>
</testsuite>
