<?xml version="1.0" encoding="UTF-8"?>
<testsuite name="com.dotmarketing.util.ResourceCollectorUtilTest" tests="3" skipped="0" failures="0" errors="0" timestamp="2023-07-14T16:22:16" hostname="fv-az364-103" time="0.019">
  <properties/>
  <testcase name="test_getPackages_bundle_version_range" classname="com.dotmarketing.util.ResourceCollectorUtilTest" time="0.011"/>
  <testcase name="test_getPackages_bundle" classname="com.dotmarketing.util.ResourceCollectorUtilTest" time="0.006"/>
  <testcase name="test_getPackages_fragment" classname="com.dotmarketing.util.ResourceCollectorUtilTest" time="0.001"/>
  <system-out><![CDATA[]]></system-out>
  <system-err><![CDATA[]]></system-err>
</testsuite>
