<?xml version="1.0" encoding="UTF-8"?>
<testsuite name="com.dotmarketing.startup.runonce.Task210901UpdateDateTimezonesTest" tests="3" skipped="0" failures="0" errors="0" timestamp="2023-07-07T18:08:02" hostname="fv-az617-548" time="3.199">
  <properties/>
  <testcase name="test_timezone_offset" classname="com.dotmarketing.startup.runonce.Task210901UpdateDateTimezonesTest" time="0.002"/>
  <testcase name="test" classname="com.dotmarketing.startup.runonce.Task210901UpdateDateTimezonesTest" time="3.195"/>
  <testcase name="test_timezones_have_been_added" classname="com.dotmarketing.startup.runonce.Task210901UpdateDateTimezonesTest" time="0.002"/>
  <system-out><![CDATA[]]></system-out>
  <system-err><![CDATA[]]></system-err>
</testsuite>
