<?xml version="1.0" encoding="UTF-8"?>
<testsuite name="com.dotcms.contenttype.model.field.layout.FieldLayoutRowSerializerTest" tests="2" skipped="0" failures="0" errors="0" timestamp="2023-06-30T15:50:06" hostname="fv-az173-860" time="0.078">
  <properties/>
  <testcase name="testSerialize" classname="com.dotcms.contenttype.model.field.layout.FieldLayoutRowSerializerTest" time="0.005"/>
  <testcase name="testSerializeWhenPassContentTypeInternationalization" classname="com.dotcms.contenttype.model.field.layout.FieldLayoutRowSerializerTest" time="0.073"/>
  <system-out><![CDATA[]]></system-out>
  <system-err><![CDATA[]]></system-err>
</testsuite>
