<?xml version="1.0" encoding="UTF-8"?>
<testsuite name="com.dotmarketing.portlets.folders.model.FolderTest" tests="2" skipped="0" failures="0" errors="0" timestamp="2023-06-30T18:29:57" hostname="fv-az210-575" time="0.012">
  <properties/>
  <testcase name="test_folder_host_method" classname="com.dotmarketing.portlets.folders.model.FolderTest" time="0.008"/>
  <testcase name="test_folder_isSystemFolder" classname="com.dotmarketing.portlets.folders.model.FolderTest" time="0.004"/>
  <system-out><![CDATA[]]></system-out>
  <system-err><![CDATA[]]></system-err>
</testsuite>
