<?xml version="1.0" encoding="UTF-8"?>
<testsuite name="com.dotcms.rendering.velocity.viewtools.content.util.ContentUtilsTest" tests="89" skipped="0" failures="0" errors="0" timestamp="2023-07-07T19:04:07" hostname="fv-az622-57" time="417.668">
  <properties/>
  <testcase name="whenTheTimeMachineDateIsNullAndPublishDateInFutureShouldNotReturnAnything" classname="com.dotcms.rendering.velocity.viewtools.content.util.ContentUtilsTest" time="3.416"/>
  <testcase name="test_find_multilingual_contentlet_getContentletSuccessfully" classname="com.dotcms.rendering.velocity.viewtools.content.util.ContentUtilsTest" time="1.621"/>
  <testcase name="whenTheTimeMachineDateAndPublishDateAreTomorrowShouldReturnOneContent" classname="com.dotcms.rendering.velocity.viewtools.content.util.ContentUtilsTest" time="3.437"/>
  <testcase name="testPullRelated[0: com.dotcms.rendering.velocity.viewtools.content.util.ContentUtilsTest$TestCase@12769ad9]" classname="com.dotcms.rendering.velocity.viewtools.content.util.ContentUtilsTest" time="3.492"/>
  <testcase name="testPullRelated[1: com.dotcms.rendering.velocity.viewtools.content.util.ContentUtilsTest$TestCase@5676df7d]" classname="com.dotcms.rendering.velocity.viewtools.content.util.ContentUtilsTest" time="3.938"/>
  <testcase name="testPullRelated[2: com.dotcms.rendering.velocity.viewtools.content.util.ContentUtilsTest$TestCase@52c28970]" classname="com.dotcms.rendering.velocity.viewtools.content.util.ContentUtilsTest" time="3.28"/>
  <testcase name="testPullRelated[3: com.dotcms.rendering.velocity.viewtools.content.util.ContentUtilsTest$TestCase@70cbd32]" classname="com.dotcms.rendering.velocity.viewtools.content.util.ContentUtilsTest" time="3.942"/>
  <testcase name="testPullRelated[4: com.dotcms.rendering.velocity.viewtools.content.util.ContentUtilsTest$TestCase@210a4f58]" classname="com.dotcms.rendering.velocity.viewtools.content.util.ContentUtilsTest" time="4.32"/>
  <testcase name="testPullRelated[5: com.dotcms.rendering.velocity.viewtools.content.util.ContentUtilsTest$TestCase@41e7e133]" classname="com.dotcms.rendering.velocity.viewtools.content.util.ContentUtilsTest" time="4.774"/>
  <testcase name="testPullRelated[6: com.dotcms.rendering.velocity.viewtools.content.util.ContentUtilsTest$TestCase@7a87976]" classname="com.dotcms.rendering.velocity.viewtools.content.util.ContentUtilsTest" time="3.39"/>
  <testcase name="testPullRelated[7: com.dotcms.rendering.velocity.viewtools.content.util.ContentUtilsTest$TestCase@652fb19c]" classname="com.dotcms.rendering.velocity.viewtools.content.util.ContentUtilsTest" time="3.971"/>
  <testcase name="testPullRelated[8: com.dotcms.rendering.velocity.viewtools.content.util.ContentUtilsTest$TestCase@16ac42ee]" classname="com.dotcms.rendering.velocity.viewtools.content.util.ContentUtilsTest" time="3.167"/>
  <testcase name="testPullRelated[9: com.dotcms.rendering.velocity.viewtools.content.util.ContentUtilsTest$TestCase@68bcc771]" classname="com.dotcms.rendering.velocity.viewtools.content.util.ContentUtilsTest" time="3.86"/>
  <testcase name="testPullRelated[10: com.dotcms.rendering.velocity.viewtools.content.util.ContentUtilsTest$TestCase@2c9b60d9]" classname="com.dotcms.rendering.velocity.viewtools.content.util.ContentUtilsTest" time="4.173"/>
  <testcase name="testPullRelated[11: com.dotcms.rendering.velocity.viewtools.content.util.ContentUtilsTest$TestCase@34209787]" classname="com.dotcms.rendering.velocity.viewtools.content.util.ContentUtilsTest" time="4.019"/>
  <testcase name="testPullRelated[12: com.dotcms.rendering.velocity.viewtools.content.util.ContentUtilsTest$TestCase@406f18df]" classname="com.dotcms.rendering.velocity.viewtools.content.util.ContentUtilsTest" time="4.182"/>
  <testcase name="testPullRelated[13: com.dotcms.rendering.velocity.viewtools.content.util.ContentUtilsTest$TestCase@4e66c8ec]" classname="com.dotcms.rendering.velocity.viewtools.content.util.ContentUtilsTest" time="4.027"/>
  <testcase name="testPullRelated[14: com.dotcms.rendering.velocity.viewtools.content.util.ContentUtilsTest$TestCase@390cf451]" classname="com.dotcms.rendering.velocity.viewtools.content.util.ContentUtilsTest" time="4.042"/>
  <testcase name="testPullRelated[15: com.dotcms.rendering.velocity.viewtools.content.util.ContentUtilsTest$TestCase@9a0d058]" classname="com.dotcms.rendering.velocity.viewtools.content.util.ContentUtilsTest" time="4.006"/>
  <testcase name="testPullRelated[16: com.dotcms.rendering.velocity.viewtools.content.util.ContentUtilsTest$TestCase@31b18853]" classname="com.dotcms.rendering.velocity.viewtools.content.util.ContentUtilsTest" time="2.772"/>
  <testcase name="testPullRelated[17: com.dotcms.rendering.velocity.viewtools.content.util.ContentUtilsTest$TestCase@49e80721]" classname="com.dotcms.rendering.velocity.viewtools.content.util.ContentUtilsTest" time="4.294"/>
  <testcase name="testPullRelated[18: com.dotcms.rendering.velocity.viewtools.content.util.ContentUtilsTest$TestCase@1798dc31]" classname="com.dotcms.rendering.velocity.viewtools.content.util.ContentUtilsTest" time="4.352"/>
  <testcase name="testPullRelated[19: com.dotcms.rendering.velocity.viewtools.content.util.ContentUtilsTest$TestCase@1835fc8a]" classname="com.dotcms.rendering.velocity.viewtools.content.util.ContentUtilsTest" time="3.967"/>
  <testcase name="testPullRelated[20: com.dotcms.rendering.velocity.viewtools.content.util.ContentUtilsTest$TestCase@257b1ccf]" classname="com.dotcms.rendering.velocity.viewtools.content.util.ContentUtilsTest" time="3.975"/>
  <testcase name="testPullRelated[21: com.dotcms.rendering.velocity.viewtools.content.util.ContentUtilsTest$TestCase@2ca3d64e]" classname="com.dotcms.rendering.velocity.viewtools.content.util.ContentUtilsTest" time="4.129"/>
  <testcase name="testPullRelated[22: com.dotcms.rendering.velocity.viewtools.content.util.ContentUtilsTest$TestCase@7d8beebf]" classname="com.dotcms.rendering.velocity.viewtools.content.util.ContentUtilsTest" time="4.182"/>
  <testcase name="testPullRelated[23: com.dotcms.rendering.velocity.viewtools.content.util.ContentUtilsTest$TestCase@4aed8c28]" classname="com.dotcms.rendering.velocity.viewtools.content.util.ContentUtilsTest" time="4.183"/>
  <testcase name="testPullRelated[24: com.dotcms.rendering.velocity.viewtools.content.util.ContentUtilsTest$TestCase@370d7cde]" classname="com.dotcms.rendering.velocity.viewtools.content.util.ContentUtilsTest" time="2.776"/>
  <testcase name="testPullRelated[25: com.dotcms.rendering.velocity.viewtools.content.util.ContentUtilsTest$TestCase@5aecdd7]" classname="com.dotcms.rendering.velocity.viewtools.content.util.ContentUtilsTest" time="4.275"/>
  <testcase name="testPullRelated[26: com.dotcms.rendering.velocity.viewtools.content.util.ContentUtilsTest$TestCase@27f235cb]" classname="com.dotcms.rendering.velocity.viewtools.content.util.ContentUtilsTest" time="2.995"/>
  <testcase name="testPullRelated[27: com.dotcms.rendering.velocity.viewtools.content.util.ContentUtilsTest$TestCase@15871d1]" classname="com.dotcms.rendering.velocity.viewtools.content.util.ContentUtilsTest" time="4.189"/>
  <testcase name="testPullRelated[28: com.dotcms.rendering.velocity.viewtools.content.util.ContentUtilsTest$TestCase@5def16a8]" classname="com.dotcms.rendering.velocity.viewtools.content.util.ContentUtilsTest" time="3.713"/>
  <testcase name="testPullRelated[29: com.dotcms.rendering.velocity.viewtools.content.util.ContentUtilsTest$TestCase@2edca8b7]" classname="com.dotcms.rendering.velocity.viewtools.content.util.ContentUtilsTest" time="4.297"/>
  <testcase name="testPullRelated[30: com.dotcms.rendering.velocity.viewtools.content.util.ContentUtilsTest$TestCase@18368cca]" classname="com.dotcms.rendering.velocity.viewtools.content.util.ContentUtilsTest" time="3.091"/>
  <testcase name="testPullRelated[31: com.dotcms.rendering.velocity.viewtools.content.util.ContentUtilsTest$TestCase@5a22a0e4]" classname="com.dotcms.rendering.velocity.viewtools.content.util.ContentUtilsTest" time="4.358"/>
  <testcase name="testPullRelated[32: com.dotcms.rendering.velocity.viewtools.content.util.ContentUtilsTest$TestCase@7f5db75e]" classname="com.dotcms.rendering.velocity.viewtools.content.util.ContentUtilsTest" time="3.664"/>
  <testcase name="testPullRelated[33: com.dotcms.rendering.velocity.viewtools.content.util.ContentUtilsTest$TestCase@348f2112]" classname="com.dotcms.rendering.velocity.viewtools.content.util.ContentUtilsTest" time="4.505"/>
  <testcase name="testPullRelated[34: com.dotcms.rendering.velocity.viewtools.content.util.ContentUtilsTest$TestCase@1873bb95]" classname="com.dotcms.rendering.velocity.viewtools.content.util.ContentUtilsTest" time="3.97"/>
  <testcase name="testPullRelated[35: com.dotcms.rendering.velocity.viewtools.content.util.ContentUtilsTest$TestCase@57991dff]" classname="com.dotcms.rendering.velocity.viewtools.content.util.ContentUtilsTest" time="4.55"/>
  <testcase name="testPullRelated[36: com.dotcms.rendering.velocity.viewtools.content.util.ContentUtilsTest$TestCase@456ca715]" classname="com.dotcms.rendering.velocity.viewtools.content.util.ContentUtilsTest" time="6.818"/>
  <testcase name="testPullRelated[37: com.dotcms.rendering.velocity.viewtools.content.util.ContentUtilsTest$TestCase@826891b]" classname="com.dotcms.rendering.velocity.viewtools.content.util.ContentUtilsTest" time="5.815"/>
  <testcase name="testPullRelated[38: com.dotcms.rendering.velocity.viewtools.content.util.ContentUtilsTest$TestCase@d0c3499]" classname="com.dotcms.rendering.velocity.viewtools.content.util.ContentUtilsTest" time="6.618"/>
  <testcase name="testPullRelated[39: com.dotcms.rendering.velocity.viewtools.content.util.ContentUtilsTest$TestCase@1265b622]" classname="com.dotcms.rendering.velocity.viewtools.content.util.ContentUtilsTest" time="6.106"/>
  <testcase name="testPullRelated[40: com.dotcms.rendering.velocity.viewtools.content.util.ContentUtilsTest$TestCase@3291ff74]" classname="com.dotcms.rendering.velocity.viewtools.content.util.ContentUtilsTest" time="5.858"/>
  <testcase name="testPullRelated[41: com.dotcms.rendering.velocity.viewtools.content.util.ContentUtilsTest$TestCase@ec3c66c]" classname="com.dotcms.rendering.velocity.viewtools.content.util.ContentUtilsTest" time="5.884"/>
  <testcase name="testPullRelated[42: com.dotcms.rendering.velocity.viewtools.content.util.ContentUtilsTest$TestCase@628793d1]" classname="com.dotcms.rendering.velocity.viewtools.content.util.ContentUtilsTest" time="6.838"/>
  <testcase name="testPullRelated[43: com.dotcms.rendering.velocity.viewtools.content.util.ContentUtilsTest$TestCase@5decfd05]" classname="com.dotcms.rendering.velocity.viewtools.content.util.ContentUtilsTest" time="6.092"/>
  <testcase name="testPullRelated[44: com.dotcms.rendering.velocity.viewtools.content.util.ContentUtilsTest$TestCase@603bc393]" classname="com.dotcms.rendering.velocity.viewtools.content.util.ContentUtilsTest" time="7.058"/>
  <testcase name="testPullRelated[45: com.dotcms.rendering.velocity.viewtools.content.util.ContentUtilsTest$TestCase@70db895e]" classname="com.dotcms.rendering.velocity.viewtools.content.util.ContentUtilsTest" time="7.068"/>
  <testcase name="testPullRelated[46: com.dotcms.rendering.velocity.viewtools.content.util.ContentUtilsTest$TestCase@2e1c958f]" classname="com.dotcms.rendering.velocity.viewtools.content.util.ContentUtilsTest" time="6.52"/>
  <testcase name="testPullRelated[47: com.dotcms.rendering.velocity.viewtools.content.util.ContentUtilsTest$TestCase@1422419c]" classname="com.dotcms.rendering.velocity.viewtools.content.util.ContentUtilsTest" time="7.068"/>
  <testcase name="testPullRelated[48: com.dotcms.rendering.velocity.viewtools.content.util.ContentUtilsTest$TestCase@2a3b3fd0]" classname="com.dotcms.rendering.velocity.viewtools.content.util.ContentUtilsTest" time="6.727"/>
  <testcase name="testPullRelated[49: com.dotcms.rendering.velocity.viewtools.content.util.ContentUtilsTest$TestCase@686d2b0]" classname="com.dotcms.rendering.velocity.viewtools.content.util.ContentUtilsTest" time="6.101"/>
  <testcase name="testPullRelated[50: com.dotcms.rendering.velocity.viewtools.content.util.ContentUtilsTest$TestCase@4cfc8f02]" classname="com.dotcms.rendering.velocity.viewtools.content.util.ContentUtilsTest" time="5.181"/>
  <testcase name="testPullRelated[51: com.dotcms.rendering.velocity.viewtools.content.util.ContentUtilsTest$TestCase@4ad419a0]" classname="com.dotcms.rendering.velocity.viewtools.content.util.ContentUtilsTest" time="5.168"/>
  <testcase name="testPullRelated[52: com.dotcms.rendering.velocity.viewtools.content.util.ContentUtilsTest$TestCase@39e27a95]" classname="com.dotcms.rendering.velocity.viewtools.content.util.ContentUtilsTest" time="5.135"/>
  <testcase name="testPullRelated[53: com.dotcms.rendering.velocity.viewtools.content.util.ContentUtilsTest$TestCase@9c13c4b]" classname="com.dotcms.rendering.velocity.viewtools.content.util.ContentUtilsTest" time="6.28"/>
  <testcase name="testPullRelated[54: com.dotcms.rendering.velocity.viewtools.content.util.ContentUtilsTest$TestCase@216d26ee]" classname="com.dotcms.rendering.velocity.viewtools.content.util.ContentUtilsTest" time="6.839"/>
  <testcase name="testPullRelated[55: com.dotcms.rendering.velocity.viewtools.content.util.ContentUtilsTest$TestCase@4b1e227a]" classname="com.dotcms.rendering.velocity.viewtools.content.util.ContentUtilsTest" time="5.168"/>
  <testcase name="testPullRelated[56: com.dotcms.rendering.velocity.viewtools.content.util.ContentUtilsTest$TestCase@6102cf5e]" classname="com.dotcms.rendering.velocity.viewtools.content.util.ContentUtilsTest" time="6.43"/>
  <testcase name="testPullRelated[57: com.dotcms.rendering.velocity.viewtools.content.util.ContentUtilsTest$TestCase@61218451]" classname="com.dotcms.rendering.velocity.viewtools.content.util.ContentUtilsTest" time="5.78"/>
  <testcase name="testPullRelated[58: com.dotcms.rendering.velocity.viewtools.content.util.ContentUtilsTest$TestCase@293384cd]" classname="com.dotcms.rendering.velocity.viewtools.content.util.ContentUtilsTest" time="5.108"/>
  <testcase name="testPullRelated[59: com.dotcms.rendering.velocity.viewtools.content.util.ContentUtilsTest$TestCase@13847e63]" classname="com.dotcms.rendering.velocity.viewtools.content.util.ContentUtilsTest" time="6.371"/>
  <testcase name="testPullRelated[60: com.dotcms.rendering.velocity.viewtools.content.util.ContentUtilsTest$TestCase@648b2b72]" classname="com.dotcms.rendering.velocity.viewtools.content.util.ContentUtilsTest" time="5.166"/>
  <testcase name="testPullRelated[61: com.dotcms.rendering.velocity.viewtools.content.util.ContentUtilsTest$TestCase@9e538be]" classname="com.dotcms.rendering.velocity.viewtools.content.util.ContentUtilsTest" time="5.783"/>
  <testcase name="testPullRelated[62: com.dotcms.rendering.velocity.viewtools.content.util.ContentUtilsTest$TestCase@3c45d0a3]" classname="com.dotcms.rendering.velocity.viewtools.content.util.ContentUtilsTest" time="5.504"/>
  <testcase name="testPullRelated[63: com.dotcms.rendering.velocity.viewtools.content.util.ContentUtilsTest$TestCase@c82c62e]" classname="com.dotcms.rendering.velocity.viewtools.content.util.ContentUtilsTest" time="6.509"/>
  <testcase name="testPullRelated[64: com.dotcms.rendering.velocity.viewtools.content.util.ContentUtilsTest$TestCase@31efbc77]" classname="com.dotcms.rendering.velocity.viewtools.content.util.ContentUtilsTest" time="6.597"/>
  <testcase name="testPullRelated[65: com.dotcms.rendering.velocity.viewtools.content.util.ContentUtilsTest$TestCase@116f523c]" classname="com.dotcms.rendering.velocity.viewtools.content.util.ContentUtilsTest" time="5.335"/>
  <testcase name="testPullRelated[66: com.dotcms.rendering.velocity.viewtools.content.util.ContentUtilsTest$TestCase@3bd487a]" classname="com.dotcms.rendering.velocity.viewtools.content.util.ContentUtilsTest" time="6.155"/>
  <testcase name="testPullRelated[67: com.dotcms.rendering.velocity.viewtools.content.util.ContentUtilsTest$TestCase@19945d95]" classname="com.dotcms.rendering.velocity.viewtools.content.util.ContentUtilsTest" time="6.07"/>
  <testcase name="testPullRelated[68: com.dotcms.rendering.velocity.viewtools.content.util.ContentUtilsTest$TestCase@55d456d4]" classname="com.dotcms.rendering.velocity.viewtools.content.util.ContentUtilsTest" time="6.996"/>
  <testcase name="testPullRelated[69: com.dotcms.rendering.velocity.viewtools.content.util.ContentUtilsTest$TestCase@3ec110e0]" classname="com.dotcms.rendering.velocity.viewtools.content.util.ContentUtilsTest" time="5.247"/>
  <testcase name="testPullRelated[70: com.dotcms.rendering.velocity.viewtools.content.util.ContentUtilsTest$TestCase@575661da]" classname="com.dotcms.rendering.velocity.viewtools.content.util.ContentUtilsTest" time="7.425"/>
  <testcase name="testPullRelated[71: com.dotcms.rendering.velocity.viewtools.content.util.ContentUtilsTest$TestCase@6c95f650]" classname="com.dotcms.rendering.velocity.viewtools.content.util.ContentUtilsTest" time="5.685"/>
  <testcase name="whenPublishAndExpireDatesAreInTheFutureAndTimeMachineIsAfterBoth" classname="com.dotcms.rendering.velocity.viewtools.content.util.ContentUtilsTest" time="3.868"/>
  <testcase name="testPullRelatedForLegacyRelationship[0: com.dotcms.rendering.velocity.viewtools.content.util.ContentUtilsTest$LegacyTestCase@1b006fe0]" classname="com.dotcms.rendering.velocity.viewtools.content.util.ContentUtilsTest" time="5.123"/>
  <testcase name="testPullRelatedForLegacyRelationship[1: com.dotcms.rendering.velocity.viewtools.content.util.ContentUtilsTest$LegacyTestCase@2df02a70]" classname="com.dotcms.rendering.velocity.viewtools.content.util.ContentUtilsTest" time="4.251"/>
  <testcase name="whenTheTimeMachineDateIsAfterTomorrowAndExpireDateIsTomorrowShouldNotReturnContent" classname="com.dotcms.rendering.velocity.viewtools.content.util.ContentUtilsTest" time="4.055"/>
  <testcase name="testPullLiveRelatedWhenLatestVersionIsWorking" classname="com.dotcms.rendering.velocity.viewtools.content.util.ContentUtilsTest" time="4.626"/>
  <testcase name="test_add_relationships_on_parent_children_related_contents" classname="com.dotcms.rendering.velocity.viewtools.content.util.ContentUtilsTest" time="1.716"/>
  <testcase name="testSortPullRelated[0: com.dotcms.rendering.velocity.viewtools.content.util.ContentUtilsTest$SortTestCase@49ccc6a5]" classname="com.dotcms.rendering.velocity.viewtools.content.util.ContentUtilsTest" time="2.496"/>
  <testcase name="testSortPullRelated[1: com.dotcms.rendering.velocity.viewtools.content.util.ContentUtilsTest$SortTestCase@a289eba]" classname="com.dotcms.rendering.velocity.viewtools.content.util.ContentUtilsTest" time="3.102"/>
  <testcase name="testSortPullRelated[2: com.dotcms.rendering.velocity.viewtools.content.util.ContentUtilsTest$SortTestCase@12cf9f70]" classname="com.dotcms.rendering.velocity.viewtools.content.util.ContentUtilsTest" time="3.359"/>
  <testcase name="testSortPullRelated[3: com.dotcms.rendering.velocity.viewtools.content.util.ContentUtilsTest$SortTestCase@3ec094f3]" classname="com.dotcms.rendering.velocity.viewtools.content.util.ContentUtilsTest" time="3.489"/>
  <testcase name="testSortPullRelated[4: com.dotcms.rendering.velocity.viewtools.content.util.ContentUtilsTest$SortTestCase@11169460]" classname="com.dotcms.rendering.velocity.viewtools.content.util.ContentUtilsTest" time="2.159"/>
  <testcase name="testSortPullRelated[5: com.dotcms.rendering.velocity.viewtools.content.util.ContentUtilsTest$SortTestCase@5f0515b6]" classname="com.dotcms.rendering.velocity.viewtools.content.util.ContentUtilsTest" time="3.192"/>
  <testcase name="whenTheTimeMachineDateIsAfterTomorrowAndExpireDateIsInFutureShouldReturnContent" classname="com.dotcms.rendering.velocity.viewtools.content.util.ContentUtilsTest" time="3.663"/>
  <testcase name="testPullRelatedFieldShouldRespectDefaultOrder" classname="com.dotcms.rendering.velocity.viewtools.content.util.ContentUtilsTest" time="2.769"/>
  <system-out><![CDATA[]]></system-out>
  <system-err><![CDATA[]]></system-err>
</testsuite>
