<?xml version="1.0" encoding="UTF-8"?>
<testsuite name="com.dotcms.publishing.PublisherAPIImplTest" tests="24" skipped="0" failures="0" errors="0" timestamp="2023-06-28T02:48:09" hostname="fv-az256-253" time="5.908">
  <properties/>
  <testcase name="AddAllCategoryIntoBundle" classname="com.dotcms.publishing.PublisherAPIImplTest" time="0.214"/>
  <testcase name="testFilterDescriptors" classname="com.dotcms.publishing.PublisherAPIImplTest" time="0.134"/>
  <testcase name="sendPushPublishBundle[0: com.dotcms.publishing.PublisherAPIImplTest$TestAsset@7467a377]" classname="com.dotcms.publishing.PublisherAPIImplTest" time="1.736"/>
  <testcase name="sendPushPublishBundle[1: com.dotcms.publishing.PublisherAPIImplTest$TestAsset@b940831]" classname="com.dotcms.publishing.PublisherAPIImplTest" time="0.296"/>
  <testcase name="sendPushPublishBundle[2: com.dotcms.publishing.PublisherAPIImplTest$TestAsset@76803b0c]" classname="com.dotcms.publishing.PublisherAPIImplTest" time="0.265"/>
  <testcase name="sendPushPublishBundle[3: com.dotcms.publishing.PublisherAPIImplTest$TestAsset@46abb179]" classname="com.dotcms.publishing.PublisherAPIImplTest" time="0.409"/>
  <testcase name="sendPushPublishBundle[4: com.dotcms.publishing.PublisherAPIImplTest$TestAsset@f1edec0]" classname="com.dotcms.publishing.PublisherAPIImplTest" time="0.35"/>
  <testcase name="sendPushPublishBundle[5: com.dotcms.publishing.PublisherAPIImplTest$TestAsset@24e09a92]" classname="com.dotcms.publishing.PublisherAPIImplTest" time="0.218"/>
  <testcase name="sendPushPublishBundle[6: com.dotcms.publishing.PublisherAPIImplTest$TestAsset@53cf8d59]" classname="com.dotcms.publishing.PublisherAPIImplTest" time="0.169"/>
  <testcase name="sendPushPublishBundle[7: com.dotcms.publishing.PublisherAPIImplTest$TestAsset@48f4ce20]" classname="com.dotcms.publishing.PublisherAPIImplTest" time="0.187"/>
  <testcase name="sendPushPublishBundle[8: com.dotcms.publishing.PublisherAPIImplTest$TestAsset@3165e120]" classname="com.dotcms.publishing.PublisherAPIImplTest" time="0.187"/>
  <testcase name="sendPushPublishBundle[9: com.dotcms.publishing.PublisherAPIImplTest$TestAsset@11f1c994]" classname="com.dotcms.publishing.PublisherAPIImplTest" time="0.237"/>
  <testcase name="sendPushPublishBundle[10: com.dotcms.publishing.PublisherAPIImplTest$TestAsset@3efb2bb6]" classname="com.dotcms.publishing.PublisherAPIImplTest" time="0.091"/>
  <testcase name="generateBundle[0: com.dotcms.publishing.PublisherAPIImplTest$TestAsset@7467a377]" classname="com.dotcms.publishing.PublisherAPIImplTest" time="0.142"/>
  <testcase name="generateBundle[1: com.dotcms.publishing.PublisherAPIImplTest$TestAsset@b940831]" classname="com.dotcms.publishing.PublisherAPIImplTest" time="0.123"/>
  <testcase name="generateBundle[2: com.dotcms.publishing.PublisherAPIImplTest$TestAsset@76803b0c]" classname="com.dotcms.publishing.PublisherAPIImplTest" time="0.12"/>
  <testcase name="generateBundle[3: com.dotcms.publishing.PublisherAPIImplTest$TestAsset@46abb179]" classname="com.dotcms.publishing.PublisherAPIImplTest" time="0.21"/>
  <testcase name="generateBundle[4: com.dotcms.publishing.PublisherAPIImplTest$TestAsset@f1edec0]" classname="com.dotcms.publishing.PublisherAPIImplTest" time="0.187"/>
  <testcase name="generateBundle[5: com.dotcms.publishing.PublisherAPIImplTest$TestAsset@24e09a92]" classname="com.dotcms.publishing.PublisherAPIImplTest" time="0.169"/>
  <testcase name="generateBundle[6: com.dotcms.publishing.PublisherAPIImplTest$TestAsset@53cf8d59]" classname="com.dotcms.publishing.PublisherAPIImplTest" time="0.113"/>
  <testcase name="generateBundle[7: com.dotcms.publishing.PublisherAPIImplTest$TestAsset@48f4ce20]" classname="com.dotcms.publishing.PublisherAPIImplTest" time="0.098"/>
  <testcase name="generateBundle[8: com.dotcms.publishing.PublisherAPIImplTest$TestAsset@3165e120]" classname="com.dotcms.publishing.PublisherAPIImplTest" time="0.076"/>
  <testcase name="generateBundle[9: com.dotcms.publishing.PublisherAPIImplTest$TestAsset@11f1c994]" classname="com.dotcms.publishing.PublisherAPIImplTest" time="0.129"/>
  <testcase name="generateBundle[10: com.dotcms.publishing.PublisherAPIImplTest$TestAsset@3efb2bb6]" classname="com.dotcms.publishing.PublisherAPIImplTest" time="0.026"/>
  <system-out><![CDATA[









































































































































































]]></system-out>
  <system-err><![CDATA[]]></system-err>
</testsuite>
