<?xml version="1.0" encoding="UTF-8"?>
<testsuite name="com.dotmarketing.portlets.structure.model.ContentletRelationshipsTest" tests="7" skipped="0" failures="0" errors="0" timestamp="2023-07-17T21:32:12" hostname="fv-az799-554" time="9.587">
  <properties/>
  <testcase name="testDoesAllowOnlyOne[0: com.dotmarketing.portlets.structure.model.ContentletRelationshipsTest$CardinalityTestCase@743e4fc4]" classname="com.dotmarketing.portlets.structure.model.ContentletRelationshipsTest" time="0.615"/>
  <testcase name="testDoesAllowOnlyOne[1: com.dotmarketing.portlets.structure.model.ContentletRelationshipsTest$CardinalityTestCase@71feba12]" classname="com.dotmarketing.portlets.structure.model.ContentletRelationshipsTest" time="0.537"/>
  <testcase name="testDoesAllowOnlyOne[2: com.dotmarketing.portlets.structure.model.ContentletRelationshipsTest$CardinalityTestCase@42962a02]" classname="com.dotmarketing.portlets.structure.model.ContentletRelationshipsTest" time="0.609"/>
  <testcase name="testGetRelationshipRecords[0: com.dotmarketing.portlets.structure.model.ContentletRelationshipsTest$TestCase@4ca44c]" classname="com.dotmarketing.portlets.structure.model.ContentletRelationshipsTest" time="1.55"/>
  <testcase name="testGetRelationshipRecords[1: com.dotmarketing.portlets.structure.model.ContentletRelationshipsTest$TestCase@68a9bee]" classname="com.dotmarketing.portlets.structure.model.ContentletRelationshipsTest" time="2.157"/>
  <testcase name="testGetRelationshipRecords[2: com.dotmarketing.portlets.structure.model.ContentletRelationshipsTest$TestCase@2a09f07]" classname="com.dotmarketing.portlets.structure.model.ContentletRelationshipsTest" time="2.019"/>
  <testcase name="testGetRelationshipRecords[3: com.dotmarketing.portlets.structure.model.ContentletRelationshipsTest$TestCase@7195636b]" classname="com.dotmarketing.portlets.structure.model.ContentletRelationshipsTest" time="2.097"/>
  <system-out><![CDATA[]]></system-out>
  <system-err><![CDATA[]]></system-err>
</testsuite>
