<?xml version="1.0" encoding="UTF-8"?>
<testsuite name="com.dotcms.enterprise.publishing.remote.bundler.HostBundlerTest" tests="3" skipped="0" failures="0" errors="0" timestamp="2023-07-07T20:58:09" hostname="fv-az422-848" time="0.056">
  <properties/>
  <testcase name="addHostInBundle[0: com.dotcms.enterprise.publishing.remote.bundler.HostBundlerTest$TestCase@2129765a]" classname="com.dotcms.enterprise.publishing.remote.bundler.HostBundlerTest" time="0.019"/>
  <testcase name="addHostInBundle[1: com.dotcms.enterprise.publishing.remote.bundler.HostBundlerTest$TestCase@770c643f]" classname="com.dotcms.enterprise.publishing.remote.bundler.HostBundlerTest" time="0.014"/>
  <testcase name="addHostInBundle[2: com.dotcms.enterprise.publishing.remote.bundler.HostBundlerTest$TestCase@49500d59]" classname="com.dotcms.enterprise.publishing.remote.bundler.HostBundlerTest" time="0.023"/>
  <system-out><![CDATA[]]></system-out>
  <system-err><![CDATA[]]></system-err>
</testsuite>
