<?xml version="1.0" encoding="UTF-8"?>
<testsuite name="com.dotmarketing.portlets.structure.model.ContentletRelationshipsTest" tests="7" skipped="0" failures="0" errors="0" timestamp="2023-06-28T17:15:47" hostname="fv-az790-106" time="8.465">
  <properties/>
  <testcase name="testDoesAllowOnlyOne[0: com.dotmarketing.portlets.structure.model.ContentletRelationshipsTest$CardinalityTestCase@4f9eebd8]" classname="com.dotmarketing.portlets.structure.model.ContentletRelationshipsTest" time="0.438"/>
  <testcase name="testDoesAllowOnlyOne[1: com.dotmarketing.portlets.structure.model.ContentletRelationshipsTest$CardinalityTestCase@630bcf5b]" classname="com.dotmarketing.portlets.structure.model.ContentletRelationshipsTest" time="0.426"/>
  <testcase name="testDoesAllowOnlyOne[2: com.dotmarketing.portlets.structure.model.ContentletRelationshipsTest$CardinalityTestCase@654a7e46]" classname="com.dotmarketing.portlets.structure.model.ContentletRelationshipsTest" time="0.421"/>
  <testcase name="testGetRelationshipRecords[0: com.dotmarketing.portlets.structure.model.ContentletRelationshipsTest$TestCase@36dfdf74]" classname="com.dotmarketing.portlets.structure.model.ContentletRelationshipsTest" time="1.87"/>
  <testcase name="testGetRelationshipRecords[1: com.dotmarketing.portlets.structure.model.ContentletRelationshipsTest$TestCase@ea7325c]" classname="com.dotmarketing.portlets.structure.model.ContentletRelationshipsTest" time="1.859"/>
  <testcase name="testGetRelationshipRecords[2: com.dotmarketing.portlets.structure.model.ContentletRelationshipsTest$TestCase@33eb45c4]" classname="com.dotmarketing.portlets.structure.model.ContentletRelationshipsTest" time="1.707"/>
  <testcase name="testGetRelationshipRecords[3: com.dotmarketing.portlets.structure.model.ContentletRelationshipsTest$TestCase@5e5a5b1]" classname="com.dotmarketing.portlets.structure.model.ContentletRelationshipsTest" time="1.743"/>
  <system-out><![CDATA[]]></system-out>
  <system-err><![CDATA[]]></system-err>
</testsuite>
