<?xml version="1.0" encoding="UTF-8"?>
<testsuite name="com.dotmarketing.portlets.structure.model.ContentletRelationshipsTest" tests="7" skipped="0" failures="0" errors="0" timestamp="2023-06-23T22:12:59" hostname="fv-az397-542" time="9.686">
  <properties/>
  <testcase name="testDoesAllowOnlyOne[0: com.dotmarketing.portlets.structure.model.ContentletRelationshipsTest$CardinalityTestCase@73c1f3ef]" classname="com.dotmarketing.portlets.structure.model.ContentletRelationshipsTest" time="0.567"/>
  <testcase name="testDoesAllowOnlyOne[1: com.dotmarketing.portlets.structure.model.ContentletRelationshipsTest$CardinalityTestCase@69bf1190]" classname="com.dotmarketing.portlets.structure.model.ContentletRelationshipsTest" time="0.549"/>
  <testcase name="testDoesAllowOnlyOne[2: com.dotmarketing.portlets.structure.model.ContentletRelationshipsTest$CardinalityTestCase@15dd7c5f]" classname="com.dotmarketing.portlets.structure.model.ContentletRelationshipsTest" time="0.487"/>
  <testcase name="testGetRelationshipRecords[0: com.dotmarketing.portlets.structure.model.ContentletRelationshipsTest$TestCase@32a839f1]" classname="com.dotmarketing.portlets.structure.model.ContentletRelationshipsTest" time="2.133"/>
  <testcase name="testGetRelationshipRecords[1: com.dotmarketing.portlets.structure.model.ContentletRelationshipsTest$TestCase@4e8aeac0]" classname="com.dotmarketing.portlets.structure.model.ContentletRelationshipsTest" time="2.081"/>
  <testcase name="testGetRelationshipRecords[2: com.dotmarketing.portlets.structure.model.ContentletRelationshipsTest$TestCase@5fa84110]" classname="com.dotmarketing.portlets.structure.model.ContentletRelationshipsTest" time="1.918"/>
  <testcase name="testGetRelationshipRecords[3: com.dotmarketing.portlets.structure.model.ContentletRelationshipsTest$TestCase@2169f13e]" classname="com.dotmarketing.portlets.structure.model.ContentletRelationshipsTest" time="1.951"/>
  <system-out><![CDATA[]]></system-out>
  <system-err><![CDATA[]]></system-err>
</testsuite>
