<?xml version="1.0" encoding="UTF-8"?>
<testsuite name="com.dotmarketing.servlets.ajax.AjaxDirectorServletIntegrationTest" tests="2" skipped="0" failures="0" errors="0" timestamp="2023-07-12T00:17:27" hostname="fv-az251-15" time="2.366">
  <properties/>
  <testcase name="testService[0: com.dotmarketing.servlets.ajax.AjaxDirectorServletTestCase@3d4c6464]" classname="com.dotmarketing.servlets.ajax.AjaxDirectorServletIntegrationTest" time="1.212"/>
  <testcase name="testService[1: com.dotmarketing.servlets.ajax.AjaxDirectorServletTestCase@55643a8f]" classname="com.dotmarketing.servlets.ajax.AjaxDirectorServletIntegrationTest" time="1.154"/>
  <system-out><![CDATA[]]></system-out>
  <system-err><![CDATA[]]></system-err>
</testsuite>
