<?xml version="1.0" encoding="UTF-8"?>
<testsuite name="com.dotmarketing.business.DeterministicIdentifierAPITest" tests="16" skipped="0" failures="0" errors="0" timestamp="2023-07-19T17:09:00" hostname="fv-az621-121" time="1.089">
  <properties/>
  <testcase name="Test_Category_Path_Seed_And_Id" classname="com.dotmarketing.business.DeterministicIdentifierAPITest" time="0.032"/>
  <testcase name="Test_Language_Deterministic_Id[0: LanguageTestCase{expectedSeed='Language:es:US', expectedHash=4913155, langCode='es', countryCode='US', country='United States'}]" classname="com.dotmarketing.business.DeterministicIdentifierAPITest" time="0.001"/>
  <testcase name="Test_Language_Deterministic_Id[1: LanguageTestCase{expectedSeed='Language:ep:', expectedHash=5292269, langCode='ep', countryCode='', country=''}]" classname="com.dotmarketing.business.DeterministicIdentifierAPITest" time="0.001"/>
  <testcase name="Test_Language_Deterministic_Id[2: LanguageTestCase{expectedSeed='Language:sg:SAG', expectedHash=4713118, langCode='sg', countryCode='SAG', country=''}]" classname="com.dotmarketing.business.DeterministicIdentifierAPITest" time="0.001"/>
  <testcase name="Test_Language_Deterministic_Id[3: LanguageTestCase{expectedSeed='Language:en:NZ', expectedHash=5382528, langCode='en', countryCode='NZ', country='New Zealand'}]" classname="com.dotmarketing.business.DeterministicIdentifierAPITest" time="0.002"/>
  <testcase name="Test_Category_None_Persisted_Category_Should_Return_Deterministic_Id" classname="com.dotmarketing.business.DeterministicIdentifierAPITest" time="0.001"/>
  <testcase name="Test_Asset_Generate_Deterministic_Id_Best_Effort[0: TestCase{versionable=my.host1689786120564.com, parent=System Host, expectedName='my.host1689786120564.com', expectedType='Host'}]" classname="com.dotmarketing.business.DeterministicIdentifierAPITest" time="0.003"/>
  <testcase name="Test_Asset_Generate_Deterministic_Id_Best_Effort[1: TestCase{versionable=com.dotmarketing.portlets.contentlet.model.Contentlet@6ee711b3[map={modDate=2023-07-19 17:02:01.056, fileName=file10627719207894436741.txt, title=file10627719207894436741.txt, inode=5ebfc69b-ffc5-443b-86ed-a226ac3fb820, __IS_NEW_CONTENT__=true, disabledWYSIWYG=[], host=7d67252c-0cc8-499d-9ad3-b241a9cec774, stInode=33888b6f-7a8e-4069-b1b6-5c1aa9d0a48d, owner=system, identifier=5b712f99-ae62-4d8a-99c5-f0b88918b7b4, nullProperties=[wfExpireDate, wfPublishDate, wfActionAssign, wfActionId, wfActionComments, filterKey, whereToSend, wfNeverExpire, _path_to_move, timezoneId, iWantTo, wfPublishTime, wfExpireTime], languageId=1, fileAsset=/home/runner/work/core/custom/assets/5/e/5ebfc69b-ffc5-443b-86ed-a226ac3fb820/fileAsset/file10627719207894436741.txt, folder=9d132b80-82f7-4b95-8d76-6a7ed05ce3df, __disable_workflow__=true, sortOrder=0, modUser=system},lowIndexPriority=false,variantId=DEFAULT], parent=com.dotmarketing.portlets.folders.model.Folder@2763fed4[identifier=9d132b80-82f7-4b95-8d76-6a7ed05ce3df,name=testName1689786121046,sortOrder=0,showOnMenu=false,hostId=7d67252c-0cc8-499d-9ad3-b241a9cec774,type=folder,title=testTitle1689786121046,filesMasks=,defaultFileType=33888b6f-7a8e-4069-b1b6-5c1aa9d0a48d,modDate=2023-07-19 17:02:01.05,owner=&lt;null&gt;,iDate=2023-07-19 17:02:01.05,inode=9d132b80-82f7-4b95-8d76-6a7ed05ce3df,path=/testName1689786121046/], expectedName='file10627719207894436741.txt', expectedType='FileAsset'}]" classname="com.dotmarketing.business.DeterministicIdentifierAPITest" time="0.004"/>
  <testcase name="Test_Asset_Generate_Deterministic_Id_Best_Effort[2: TestCase{versionable=com.dotmarketing.portlets.templates.model.Template@a0adc1f1, parent=my.host1689786120564.com, expectedName='testTitle1689786121198', expectedType='Template'}]" classname="com.dotmarketing.business.DeterministicIdentifierAPITest" time="0.003"/>
  <testcase name="Test_Asset_Generate_Deterministic_Id_Best_Effort[3: TestCase{versionable=com.dotmarketing.portlets.htmlpageasset.model.HTMLPageAsset@6711cb0a[map={template=2376273e-1ad3-4af4-8adb-fd4c8d1a86ef, owner=system, identifier=7fc76485-e592-4961-956c-3dd853af716d, nullProperties=[wfExpireDate, wfPublishDate, wfActionAssign, wfActionId, wfActionComments, filterKey, whereToSend, wfNeverExpire, _path_to_move, timezoneId, iWantTo, wfPublishTime, wfExpireTime], modDate=2023-07-19 17:02:01.221, cachettl=0, _is_test_mode=true, languageId=1, title=test-page-title-1689786121215, httpsreq=, url=test-page-url-1689786121215, showOnMenu=, inode=7e4591b0-e0d3-43c7-9bba-023b565aa729, folder=9d132b80-82f7-4b95-8d76-6a7ed05ce3df, disabledWYSIWYG=[], sortOrder=1, modUser=system, host=7d67252c-0cc8-499d-9ad3-b241a9cec774, stInode=c541abb1-69b3-4bc5-8430-5e09e5239cc8, friendlyName=test-page-friendly-name-1689786121215},lowIndexPriority=false,variantId=DEFAULT], parent=com.dotmarketing.portlets.folders.model.Folder@2763fed4[identifier=9d132b80-82f7-4b95-8d76-6a7ed05ce3df,name=testName1689786121046,sortOrder=0,showOnMenu=false,hostId=7d67252c-0cc8-499d-9ad3-b241a9cec774,type=folder,title=testTitle1689786121046,filesMasks=,defaultFileType=33888b6f-7a8e-4069-b1b6-5c1aa9d0a48d,modDate=2023-07-19 17:02:01.05,owner=&lt;null&gt;,iDate=2023-07-19 17:02:01.05,inode=9d132b80-82f7-4b95-8d76-6a7ed05ce3df,path=/testName1689786121046/], expectedName='test-page-url-1689786121215', expectedType='htmlpageasset'}]" classname="com.dotmarketing.business.DeterministicIdentifierAPITest" time="0.004"/>
  <testcase name="Test_Asset_Generate_Deterministic_Id_Best_Effort[4: TestCase{versionable=com.dotmarketing.portlets.contentlet.model.Contentlet@77664f7a[map={fileAsset2=/home/runner/work/core/custom/assets/e/3/e371fca1-7409-4d0b-8e44-da15eac9a38f/fileAsset2/test_binary1689786123056.png, modDate=2023-07-19 17:02:03.076, fileAsset1=/home/runner/work/core/custom/assets/e/3/e371fca1-7409-4d0b-8e44-da15eac9a38f/fileAsset1/test_binary1689786123056.jpg, title=blah, inode=e371fca1-7409-4d0b-8e44-da15eac9a38f, __IS_NEW_CONTENT__=true, disabledWYSIWYG=[], host=48190c8c-42c4-46af-8d1a-0cd5db894797, stInode=e35b9b23-b7f9-41c8-b0fa-7e134b5abc3f, owner=system, identifier=0f3bd060-3be6-4e7f-b515-d7213f731188, nullProperties=[], languageId=1, image1=816cb304-86f6-490e-b76a-19e653ef916e, folder=SYSTEM_FOLDER, __disable_workflow__=true, sortOrder=0, modUser=system},lowIndexPriority=false,variantId=DEFAULT], parent=demo.dotcms.com, expectedName='test_binary1689786123056.jpg:test_binary1689786123056.png', expectedType='MultipleBinaries1689786121409'}]" classname="com.dotmarketing.business.DeterministicIdentifierAPITest" time="0.004"/>
  <testcase name="Test_Asset_Generate_Deterministic_Id_Best_Effort[5: TestCase{versionable=name58dbd63562 : keyTag58dbd63562, parent=my.host1689786120564.com, expectedName='keyTag58dbd63562', expectedType='persona'}]" classname="com.dotmarketing.business.DeterministicIdentifierAPITest" time="0.004"/>
  <testcase name="Test_Similar_Content_Type_Wont_Clash" classname="com.dotmarketing.business.DeterministicIdentifierAPITest" time="0.555"/>
  <testcase name="Test_Generate_Folder_Identifier" classname="com.dotmarketing.business.DeterministicIdentifierAPITest" time="0.452"/>
  <testcase name="Test_Generate_Content_Type_Identifier[0: ContentTypeTestCase{contentType=KeyValueContentType{name=Language Variable, id=f4d7c1b8-2c88-4071-abf1-a5328977b07d, description=Default Content Type for Language Variables, defaultType=false, fixed=true, iDate=Thu Aug 31 16:38:49 UTC 2017, system=true, versionable=true, variable=Languagevariable, modDate=Wed Jul 19 15:48:50 UTC 2023, host=SYSTEM_HOST, siteName=systemHost, icon=language, sortOrder=0, folder=SYSTEM_FOLDER, folderPath=/, markedForDeletion=true, multilingualable=false}, expectedName='Languagevariable', expectedType='KeyValue'}]" classname="com.dotmarketing.business.DeterministicIdentifierAPITest" time="0.009"/>
  <testcase name="Test_Generate_Content_Type_Identifier[1: ContentTypeTestCase{contentType=SimpleContentType{name=testName1689786123519, id=5041c5cb-7b3b-4eeb-9465-fdb2b9aac2a0, description=testDescription1689786123519, defaultType=false, fixed=false, iDate=Wed Jul 19 17:02:03 UTC 2023, system=false, versionable=true, multilingualable=false, variable=testVarname1689786123519, owner=system, modDate=Wed Jul 19 17:02:04 UTC 2023, host=48190c8c-42c4-46af-8d1a-0cd5db894797, siteName=demo.dotcms.com, icon=event_note, sortOrder=0, folder=SYSTEM_FOLDER, folderPath=/, requiredFields=[], markedForDeletion=false}, expectedName='testVarname1689786123519', expectedType='CONTENT'}]" classname="com.dotmarketing.business.DeterministicIdentifierAPITest" time="0.007"/>
  <system-out><![CDATA[]]></system-out>
  <system-err><![CDATA[]]></system-err>
</testsuite>
