<?xml version="1.0" encoding="UTF-8"?>
<testsuite name="com.dotmarketing.servlets.ajax.AjaxDirectorServletIntegrationTest" tests="2" skipped="0" failures="0" errors="0" timestamp="2023-06-28T09:33:02" hostname="fv-az554-967" time="1.26">
  <properties/>
  <testcase name="testService[0: com.dotmarketing.servlets.ajax.AjaxDirectorServletTestCase@34e202c0]" classname="com.dotmarketing.servlets.ajax.AjaxDirectorServletIntegrationTest" time="0.686"/>
  <testcase name="testService[1: com.dotmarketing.servlets.ajax.AjaxDirectorServletTestCase@16eb8759]" classname="com.dotmarketing.servlets.ajax.AjaxDirectorServletIntegrationTest" time="0.574"/>
  <system-out><![CDATA[]]></system-out>
  <system-err><![CDATA[]]></system-err>
</testsuite>
