<?xml version="1.0" encoding="UTF-8"?>
<testsuite name="com.dotcms.contenttype.test.ContentTypeResourceTest" tests="10" skipped="0" failures="0" errors="0" timestamp="2023-06-22T00:42:32" hostname="fv-az484-488" time="17.598">
  <properties/>
  <testcase name="testJson[0: content-type-object.json]" classname="com.dotcms.contenttype.test.ContentTypeResourceTest" time="1.732"/>
  <testcase name="testJson[1: page-content-type.json]" classname="com.dotcms.contenttype.test.ContentTypeResourceTest" time="4.272"/>
  <testcase name="testJson[2: widget-type-object.json]" classname="com.dotcms.contenttype.test.ContentTypeResourceTest" time="1.666"/>
  <testcase name="testJson[3: content-type-array-insert.json]" classname="com.dotcms.contenttype.test.ContentTypeResourceTest" time="2.464"/>
  <testcase name="testJson[4: persona-type-object.json]" classname="com.dotcms.contenttype.test.ContentTypeResourceTest" time="2.464"/>
  <testcase name="testJson[5: content-type-object-insert.json]" classname="com.dotcms.contenttype.test.ContentTypeResourceTest" time="1.398"/>
  <testcase name="testJson[6: empty-widget.json]" classname="com.dotcms.contenttype.test.ContentTypeResourceTest" time="1.892"/>
  <testcase name="testJson[7: file-asset.json]" classname="com.dotcms.contenttype.test.ContentTypeResourceTest" time="1.705"/>
  <testcase name="test_setHostAndFolderAsIdentifer_with_null" classname="com.dotcms.contenttype.test.ContentTypeResourceTest" time="0.0"/>
  <testcase name="test_setHostAndFolderAsIdentifer_with_System_Host" classname="com.dotcms.contenttype.test.ContentTypeResourceTest" time="0.003"/>
  <system-out><![CDATA[]]></system-out>
  <system-err><![CDATA[]]></system-err>
</testsuite>
