<?xml version="1.0" encoding="UTF-8"?>
<testsuite name="com.dotmarketing.servlets.ajax.AjaxDirectorServletIntegrationTest" tests="2" skipped="0" failures="0" errors="0" timestamp="2023-06-28T20:55:04" hostname="fv-az578-184" time="1.599">
  <properties/>
  <testcase name="testService[0: com.dotmarketing.servlets.ajax.AjaxDirectorServletTestCase@4ec70929]" classname="com.dotmarketing.servlets.ajax.AjaxDirectorServletIntegrationTest" time="0.956"/>
  <testcase name="testService[1: com.dotmarketing.servlets.ajax.AjaxDirectorServletTestCase@13a51600]" classname="com.dotmarketing.servlets.ajax.AjaxDirectorServletIntegrationTest" time="0.642"/>
  <system-out><![CDATA[]]></system-out>
  <system-err><![CDATA[]]></system-err>
</testsuite>
