<?xml version="1.0" encoding="UTF-8"?>
<testsuite name="com.dotcms.contenttype.test.ContentResourceTest" tests="52" skipped="0" failures="0" errors="0" timestamp="2023-07-19T19:44:56" hostname="fv-az407-374" time="134.645">
  <properties/>
  <testcase name="testGetContentShouldReturnIconDetails" classname="com.dotcms.contenttype.test.ContentResourceTest" time="1.659"/>
  <testcase name="Test_Save_Action_Set_Words_To_Required_NumericField_Issue_15340" classname="com.dotcms.contenttype.test.ContentResourceTest" time="0.891"/>
  <testcase name="test_getContent_includeGrandChildCategory_success" classname="com.dotcms.contenttype.test.ContentResourceTest" time="1.406"/>
  <testcase name="testGetContentWithRelatedParameter[0: com.dotcms.contenttype.test.ContentResourceTest$PullRelatedTestCase@8344ca3]" classname="com.dotcms.contenttype.test.ContentResourceTest" time="3.984"/>
  <testcase name="testGetContentWithRelatedParameter[1: com.dotcms.contenttype.test.ContentResourceTest$PullRelatedTestCase@4e4a0130]" classname="com.dotcms.contenttype.test.ContentResourceTest" time="3.681"/>
  <testcase name="testGetContentWithRelatedParameter[2: com.dotcms.contenttype.test.ContentResourceTest$PullRelatedTestCase@37f8e3bc]" classname="com.dotcms.contenttype.test.ContentResourceTest" time="3.825"/>
  <testcase name="testGetContentWithRelatedParameter[3: com.dotcms.contenttype.test.ContentResourceTest$PullRelatedTestCase@e928c4]" classname="com.dotcms.contenttype.test.ContentResourceTest" time="3.467"/>
  <testcase name="testGetContentWithRelatedParameter[4: com.dotcms.contenttype.test.ContentResourceTest$PullRelatedTestCase@2a122d2e]" classname="com.dotcms.contenttype.test.ContentResourceTest" time="3.719"/>
  <testcase name="test_getContent_SelfRelatedWith3LevelsOfDepth_shouldReturnRelationships" classname="com.dotcms.contenttype.test.ContentResourceTest" time="1.241"/>
  <testcase name="Test_Save_Action_Send_Fields_SubSet_Issue_15340" classname="com.dotcms.contenttype.test.ContentResourceTest" time="2.8"/>
  <testcase name="test_getContent_shouldReturnRelationships[0: com.dotcms.contenttype.test.ContentResourceTest$TestCase@34cffadd]" classname="com.dotcms.contenttype.test.ContentResourceTest" time="2.527"/>
  <testcase name="test_getContent_shouldReturnRelationships[1: com.dotcms.contenttype.test.ContentResourceTest$TestCase@445a1afb]" classname="com.dotcms.contenttype.test.ContentResourceTest" time="2.658"/>
  <testcase name="test_getContent_shouldReturnRelationships[2: com.dotcms.contenttype.test.ContentResourceTest$TestCase@dbcb5bc]" classname="com.dotcms.contenttype.test.ContentResourceTest" time="2.684"/>
  <testcase name="test_getContent_shouldReturnRelationships[3: com.dotcms.contenttype.test.ContentResourceTest$TestCase@36fc9278]" classname="com.dotcms.contenttype.test.ContentResourceTest" time="1.764"/>
  <testcase name="test_getContent_shouldReturnRelationships[4: com.dotcms.contenttype.test.ContentResourceTest$TestCase@7dae9f68]" classname="com.dotcms.contenttype.test.ContentResourceTest" time="2.73"/>
  <testcase name="test_getContent_shouldReturnRelationships[5: com.dotcms.contenttype.test.ContentResourceTest$TestCase@69b7dfe4]" classname="com.dotcms.contenttype.test.ContentResourceTest" time="2.53"/>
  <testcase name="test_getContent_shouldReturnRelationships[6: com.dotcms.contenttype.test.ContentResourceTest$TestCase@14e863b]" classname="com.dotcms.contenttype.test.ContentResourceTest" time="2.667"/>
  <testcase name="test_getContent_shouldReturnRelationships[7: com.dotcms.contenttype.test.ContentResourceTest$TestCase@53f3bb38]" classname="com.dotcms.contenttype.test.ContentResourceTest" time="2.544"/>
  <testcase name="test_getContent_shouldReturnRelationships[8: com.dotcms.contenttype.test.ContentResourceTest$TestCase@5aaf2bf1]" classname="com.dotcms.contenttype.test.ContentResourceTest" time="2.674"/>
  <testcase name="test_getContent_shouldReturnRelationships[9: com.dotcms.contenttype.test.ContentResourceTest$TestCase@db087bf]" classname="com.dotcms.contenttype.test.ContentResourceTest" time="3.004"/>
  <testcase name="test_getContent_shouldReturnRelationships[10: com.dotcms.contenttype.test.ContentResourceTest$TestCase@78bab76c]" classname="com.dotcms.contenttype.test.ContentResourceTest" time="2.649"/>
  <testcase name="test_getContent_shouldReturnRelationships[11: com.dotcms.contenttype.test.ContentResourceTest$TestCase@36def938]" classname="com.dotcms.contenttype.test.ContentResourceTest" time="2.517"/>
  <testcase name="test_getContent_shouldReturnRelationships[12: com.dotcms.contenttype.test.ContentResourceTest$TestCase@158dbcb1]" classname="com.dotcms.contenttype.test.ContentResourceTest" time="2.48"/>
  <testcase name="test_getContent_shouldReturnRelationships[13: com.dotcms.contenttype.test.ContentResourceTest$TestCase@1c094cc0]" classname="com.dotcms.contenttype.test.ContentResourceTest" time="2.456"/>
  <testcase name="test_getContent_shouldReturnRelationships[14: com.dotcms.contenttype.test.ContentResourceTest$TestCase@312599fa]" classname="com.dotcms.contenttype.test.ContentResourceTest" time="2.472"/>
  <testcase name="test_getContent_shouldReturnRelationships[15: com.dotcms.contenttype.test.ContentResourceTest$TestCase@7073b1df]" classname="com.dotcms.contenttype.test.ContentResourceTest" time="3.384"/>
  <testcase name="test_getContent_shouldReturnRelationships[16: com.dotcms.contenttype.test.ContentResourceTest$TestCase@863e354]" classname="com.dotcms.contenttype.test.ContentResourceTest" time="3.524"/>
  <testcase name="test_getContent_shouldReturnRelationships[17: com.dotcms.contenttype.test.ContentResourceTest$TestCase@5e5ac1d4]" classname="com.dotcms.contenttype.test.ContentResourceTest" time="2.898"/>
  <testcase name="test_getContent_shouldReturnRelationships[18: com.dotcms.contenttype.test.ContentResourceTest$TestCase@43ad69ac]" classname="com.dotcms.contenttype.test.ContentResourceTest" time="2.904"/>
  <testcase name="test_getContent_shouldReturnRelationships[19: com.dotcms.contenttype.test.ContentResourceTest$TestCase@2ebdd54f]" classname="com.dotcms.contenttype.test.ContentResourceTest" time="2.886"/>
  <testcase name="test_getContent_shouldReturnRelationships[20: com.dotcms.contenttype.test.ContentResourceTest$TestCase@39d3fa8f]" classname="com.dotcms.contenttype.test.ContentResourceTest" time="2.982"/>
  <testcase name="test_getContent_shouldReturnRelationships[21: com.dotcms.contenttype.test.ContentResourceTest$TestCase@310fd800]" classname="com.dotcms.contenttype.test.ContentResourceTest" time="1.809"/>
  <testcase name="test_getContent_shouldReturnRelationships[22: com.dotcms.contenttype.test.ContentResourceTest$TestCase@19c73784]" classname="com.dotcms.contenttype.test.ContentResourceTest" time="2.718"/>
  <testcase name="test_getContent_shouldReturnRelationships[23: com.dotcms.contenttype.test.ContentResourceTest$TestCase@59908e5e]" classname="com.dotcms.contenttype.test.ContentResourceTest" time="2.855"/>
  <testcase name="test_getContent_shouldReturnRelationships[24: com.dotcms.contenttype.test.ContentResourceTest$TestCase@7fb10061]" classname="com.dotcms.contenttype.test.ContentResourceTest" time="3.111"/>
  <testcase name="test_getContent_shouldReturnRelationships[25: com.dotcms.contenttype.test.ContentResourceTest$TestCase@3031184f]" classname="com.dotcms.contenttype.test.ContentResourceTest" time="2.538"/>
  <testcase name="test_getContent_shouldReturnRelationships[26: com.dotcms.contenttype.test.ContentResourceTest$TestCase@106a72da]" classname="com.dotcms.contenttype.test.ContentResourceTest" time="2.971"/>
  <testcase name="test_getContent_shouldReturnRelationships[27: com.dotcms.contenttype.test.ContentResourceTest$TestCase@4d55ecf7]" classname="com.dotcms.contenttype.test.ContentResourceTest" time="2.886"/>
  <testcase name="test_getContent_shouldReturnRelationships[28: com.dotcms.contenttype.test.ContentResourceTest$TestCase@3a104f34]" classname="com.dotcms.contenttype.test.ContentResourceTest" time="2.835"/>
  <testcase name="test_getContent_shouldReturnRelationships[29: com.dotcms.contenttype.test.ContentResourceTest$TestCase@25bdb59]" classname="com.dotcms.contenttype.test.ContentResourceTest" time="2.874"/>
  <testcase name="test_getContent_shouldReturnRelationships[30: com.dotcms.contenttype.test.ContentResourceTest$TestCase@41e4956a]" classname="com.dotcms.contenttype.test.ContentResourceTest" time="2.802"/>
  <testcase name="test_getContent_shouldReturnRelationships[31: com.dotcms.contenttype.test.ContentResourceTest$TestCase@23b4ebf5]" classname="com.dotcms.contenttype.test.ContentResourceTest" time="2.839"/>
  <testcase name="test_getContent_shouldReturnRelationships[32: com.dotcms.contenttype.test.ContentResourceTest$TestCase@1b657958]" classname="com.dotcms.contenttype.test.ContentResourceTest" time="3.75"/>
  <testcase name="test_getContent_shouldReturnRelationships[33: com.dotcms.contenttype.test.ContentResourceTest$TestCase@47b8e87e]" classname="com.dotcms.contenttype.test.ContentResourceTest" time="2.676"/>
  <testcase name="testSinglePOST_InvalidParamsShouldReturn400[0: ({\n    &quot;stInode&quot; : &quot;InvalidValue&quot;,\n    &quot;numeric&quot; : &quot;0&quot;,\n    &quot;image&quot; : &quot;whatever&quot;\n}, Bad Request)]" classname="com.dotcms.contenttype.test.ContentResourceTest" time="0.874"/>
  <testcase name="testSinglePOST_InvalidParamsShouldReturn400[1: ({\n    &quot;numeric&quot; : &quot;0&quot;,\n    &quot;image&quot; : &quot;whatever&quot;\n}, Bad Request)]" classname="com.dotcms.contenttype.test.ContentResourceTest" time="0.859"/>
  <testcase name="Test_Save_Action_Set_Null_To_Required_NumericField_Issue_15340" classname="com.dotcms.contenttype.test.ContentResourceTest" time="0.875"/>
  <testcase name="Test_Save_Action_Remove_Image_Then_Verify_Fields_Were_Cleared_Issue_15340" classname="com.dotcms.contenttype.test.ContentResourceTest" time="3.783"/>
  <testcase name="test_getContentWithMultipleSelfRelated_shouldReturnRelationships[0: com.dotcms.contenttype.test.ContentResourceTest$PullSelfRelatedTestCase@26fdd6d2]" classname="com.dotcms.contenttype.test.ContentResourceTest" time="1.609"/>
  <testcase name="test_getContentWithMultipleSelfRelated_shouldReturnRelationships[1: com.dotcms.contenttype.test.ContentResourceTest$PullSelfRelatedTestCase@1662d4ec]" classname="com.dotcms.contenttype.test.ContentResourceTest" time="1.595"/>
  <testcase name="testGetContentWithAllCategoriesInfo[0: json]" classname="com.dotcms.contenttype.test.ContentResourceTest" time="2.382"/>
  <testcase name="testGetContentWithAllCategoriesInfo[1: xml]" classname="com.dotcms.contenttype.test.ContentResourceTest" time="2.392"/>
  <system-out><![CDATA[











]]></system-out>
  <system-err><![CDATA[]]></system-err>
</testsuite>
