<?xml version="1.0" encoding="UTF-8"?>
<testsuite name="com.dotmarketing.business.DeterministicIdentifierAPITest" tests="16" skipped="0" failures="0" errors="0" timestamp="2023-06-22T17:21:31" hostname="fv-az1098-397" time="1.22">
  <properties/>
  <testcase name="Test_Category_Path_Seed_And_Id" classname="com.dotmarketing.business.DeterministicIdentifierAPITest" time="0.022"/>
  <testcase name="Test_Language_Deterministic_Id[0: LanguageTestCase{expectedSeed='Language:es:US', expectedHash=4913155, langCode='es', countryCode='US', country='United States'}]" classname="com.dotmarketing.business.DeterministicIdentifierAPITest" time="0.001"/>
  <testcase name="Test_Language_Deterministic_Id[1: LanguageTestCase{expectedSeed='Language:ep:', expectedHash=5292269, langCode='ep', countryCode='', country=''}]" classname="com.dotmarketing.business.DeterministicIdentifierAPITest" time="0.001"/>
  <testcase name="Test_Language_Deterministic_Id[2: LanguageTestCase{expectedSeed='Language:sg:SAG', expectedHash=4713118, langCode='sg', countryCode='SAG', country=''}]" classname="com.dotmarketing.business.DeterministicIdentifierAPITest" time="0.001"/>
  <testcase name="Test_Language_Deterministic_Id[3: LanguageTestCase{expectedSeed='Language:en:NZ', expectedHash=5382528, langCode='en', countryCode='NZ', country='New Zealand'}]" classname="com.dotmarketing.business.DeterministicIdentifierAPITest" time="0.001"/>
  <testcase name="Test_Category_None_Persisted_Category_Should_Return_Deterministic_Id" classname="com.dotmarketing.business.DeterministicIdentifierAPITest" time="0.001"/>
  <testcase name="Test_Asset_Generate_Deterministic_Id_Best_Effort[0: TestCase{versionable=my.host1687448794157.com, parent=System Host, expectedName='my.host1687448794157.com', expectedType='Host'}]" classname="com.dotmarketing.business.DeterministicIdentifierAPITest" time="0.003"/>
  <testcase name="Test_Asset_Generate_Deterministic_Id_Best_Effort[1: TestCase{versionable=com.dotmarketing.portlets.contentlet.model.Contentlet@27669bf1[map={modDate=2023-06-22 15:46:35.193, fileName=file17090314246943403151.txt, title=file17090314246943403151.txt, inode=606fd03b-8f3d-4e83-958e-d08fd12d7e8b, __IS_NEW_CONTENT__=true, disabledWYSIWYG=[], host=1a448d76-b8a2-4b73-b7e7-488877d9f13e, stInode=33888b6f-7a8e-4069-b1b6-5c1aa9d0a48d, owner=system, identifier=749701e2-e026-4b8d-a7c9-8311e62075cc, nullProperties=[wfExpireDate, wfPublishDate, wfActionAssign, wfActionId, wfActionComments, filterKey, whereToSend, wfNeverExpire, _path_to_move, timezoneId, iWantTo, wfPublishTime, wfExpireTime], languageId=1, fileAsset=/home/runner/work/core/custom/assets/6/0/606fd03b-8f3d-4e83-958e-d08fd12d7e8b/fileAsset/file17090314246943403151.txt, folder=4ee6a3d9-b820-406b-9f4e-ff7442d2efc8, __disable_workflow__=true, sortOrder=0, modUser=system},lowIndexPriority=false,variantId=DEFAULT], parent=com.dotmarketing.portlets.folders.model.Folder@486e00c0[identifier=4ee6a3d9-b820-406b-9f4e-ff7442d2efc8,name=testName1687448795178,sortOrder=0,showOnMenu=false,hostId=1a448d76-b8a2-4b73-b7e7-488877d9f13e,type=folder,title=testTitle1687448795178,filesMasks=,defaultFileType=33888b6f-7a8e-4069-b1b6-5c1aa9d0a48d,modDate=2023-06-22 15:46:35.186,owner=&lt;null&gt;,iDate=2023-06-22 15:46:35.186,inode=4ee6a3d9-b820-406b-9f4e-ff7442d2efc8,path=/testName1687448795178/], expectedName='file17090314246943403151.txt', expectedType='FileAsset'}]" classname="com.dotmarketing.business.DeterministicIdentifierAPITest" time="0.003"/>
  <testcase name="Test_Asset_Generate_Deterministic_Id_Best_Effort[2: TestCase{versionable=com.dotmarketing.portlets.templates.model.Template@7cff6661, parent=my.host1687448794157.com, expectedName='testTitle1687448795290', expectedType='Template'}]" classname="com.dotmarketing.business.DeterministicIdentifierAPITest" time="0.002"/>
  <testcase name="Test_Asset_Generate_Deterministic_Id_Best_Effort[3: TestCase{versionable=com.dotmarketing.portlets.htmlpageasset.model.HTMLPageAsset@70a55a38[map={template=6be96670-b81f-45aa-b3ed-3c0847f21228, owner=system, identifier=e45146dd-3993-464f-924b-fdc63f4d1b95, nullProperties=[wfExpireDate, wfPublishDate, wfActionAssign, wfActionId, wfActionComments, filterKey, whereToSend, wfNeverExpire, _path_to_move, timezoneId, iWantTo, wfPublishTime, wfExpireTime], modDate=2023-06-22 15:46:35.322, cachettl=0, _is_test_mode=true, languageId=1, title=test-page-title-1687448795307, httpsreq=, url=test-page-url-1687448795307, showOnMenu=, inode=0294b777-efee-49e3-8c61-c4d010bd9d3a, folder=4ee6a3d9-b820-406b-9f4e-ff7442d2efc8, disabledWYSIWYG=[], sortOrder=1, modUser=system, host=1a448d76-b8a2-4b73-b7e7-488877d9f13e, stInode=c541abb1-69b3-4bc5-8430-5e09e5239cc8, friendlyName=test-page-friendly-name-1687448795307},lowIndexPriority=false,variantId=DEFAULT], parent=com.dotmarketing.portlets.folders.model.Folder@486e00c0[identifier=4ee6a3d9-b820-406b-9f4e-ff7442d2efc8,name=testName1687448795178,sortOrder=0,showOnMenu=false,hostId=1a448d76-b8a2-4b73-b7e7-488877d9f13e,type=folder,title=testTitle1687448795178,filesMasks=,defaultFileType=33888b6f-7a8e-4069-b1b6-5c1aa9d0a48d,modDate=2023-06-22 15:46:35.186,owner=&lt;null&gt;,iDate=2023-06-22 15:46:35.186,inode=4ee6a3d9-b820-406b-9f4e-ff7442d2efc8,path=/testName1687448795178/], expectedName='test-page-url-1687448795307', expectedType='htmlpageasset'}]" classname="com.dotmarketing.business.DeterministicIdentifierAPITest" time="0.003"/>
  <testcase name="Test_Asset_Generate_Deterministic_Id_Best_Effort[4: TestCase{versionable=com.dotmarketing.portlets.contentlet.model.Contentlet@278e773a[map={fileAsset2=/home/runner/work/core/custom/assets/2/c/2c8a641c-e7fd-4bd9-b3a1-37788976dfe4/fileAsset2/test_binary1687448796133.png, modDate=2023-06-22 15:46:36.14, fileAsset1=/home/runner/work/core/custom/assets/2/c/2c8a641c-e7fd-4bd9-b3a1-37788976dfe4/fileAsset1/test_binary1687448796132.jpg, title=blah, inode=2c8a641c-e7fd-4bd9-b3a1-37788976dfe4, __IS_NEW_CONTENT__=true, disabledWYSIWYG=[], host=8a7d5e23-da1e-420a-b4f0-471e7da8ea2d, stInode=92531c02-b1ed-45ae-96f8-6cda7155d63b, owner=system, identifier=8d7605f5-2035-4edc-be36-435afc797aa3, nullProperties=[], languageId=1, image1=ab4e35f1-1b6a-4510-8227-a33c26dfa4e1, folder=SYSTEM_FOLDER, __disable_workflow__=true, sortOrder=0, modUser=system},lowIndexPriority=false,variantId=DEFAULT], parent=default, expectedName='test_binary1687448796132.jpg:test_binary1687448796133.png', expectedType='MultipleBinaries1687448795575'}]" classname="com.dotmarketing.business.DeterministicIdentifierAPITest" time="0.008"/>
  <testcase name="Test_Asset_Generate_Deterministic_Id_Best_Effort[5: TestCase{versionable=namee22e14f21a : keyTage22e14f21a, parent=my.host1687448794157.com, expectedName='keyTage22e14f21a', expectedType='persona'}]" classname="com.dotmarketing.business.DeterministicIdentifierAPITest" time="0.006"/>
  <testcase name="Test_Similar_Content_Type_Wont_Clash" classname="com.dotmarketing.business.DeterministicIdentifierAPITest" time="0.516"/>
  <testcase name="Test_Generate_Folder_Identifier" classname="com.dotmarketing.business.DeterministicIdentifierAPITest" time="0.634"/>
  <testcase name="Test_Generate_Content_Type_Identifier[0: ContentTypeTestCase{contentType=KeyValueContentType{name=Language Variable, id=f4d7c1b8-2c88-4071-abf1-a5328977b07d, description=Default Content Type for Language Variables, defaultType=false, fixed=true, iDate=Thu Aug 31 16:38:49 UTC 2017, system=true, versionable=true, variable=Languagevariable, modDate=Thu Jun 22 15:43:04 UTC 2023, host=SYSTEM_HOST, siteName=systemHost, icon=language, sortOrder=0, folder=SYSTEM_FOLDER, folderPath=/, markedForDeletion=false, multilingualable=false}, expectedName='Languagevariable', expectedType='KeyValue'}]" classname="com.dotmarketing.business.DeterministicIdentifierAPITest" time="0.009"/>
  <testcase name="Test_Generate_Content_Type_Identifier[1: ContentTypeTestCase{contentType=SimpleContentType{name=testName1687448796504, id=02a1e243-9fc3-4f83-bb3c-625015a05c3a, description=testDescription1687448796504, defaultType=false, fixed=false, iDate=Thu Jun 22 15:46:36 UTC 2023, system=false, versionable=true, multilingualable=false, variable=testVarname1687448796504, owner=system, modDate=Thu Jun 22 15:46:37 UTC 2023, host=8a7d5e23-da1e-420a-b4f0-471e7da8ea2d, siteName=default, icon=event_note, sortOrder=0, folder=SYSTEM_FOLDER, folderPath=/, requiredFields=[], markedForDeletion=false}, expectedName='testVarname1687448796504', expectedType='CONTENT'}]" classname="com.dotmarketing.business.DeterministicIdentifierAPITest" time="0.004"/>
  <system-out><![CDATA[]]></system-out>
  <system-err><![CDATA[]]></system-err>
</testsuite>
