<?xml version="1.0" encoding="UTF-8"?>
<testsuite name="com.dotmarketing.startup.runonce.Task210218MigrateUserProxyTableTest" tests="1" skipped="0" failures="0" errors="0" timestamp="2023-07-18T21:16:40" hostname="fv-az887-517" time="1.479">
  <properties/>
  <testcase name="testUpgradeTask" classname="com.dotmarketing.startup.runonce.Task210218MigrateUserProxyTableTest" time="1.479"/>
  <system-out><![CDATA[]]></system-out>
  <system-err><![CDATA[]]></system-err>
</testsuite>
