<?xml version="1.0" encoding="UTF-8"?>
<testsuite name="com.dotmarketing.portlets.structure.model.ContentletRelationshipsTest" tests="7" skipped="0" failures="0" errors="0" timestamp="2023-07-18T19:06:00" hostname="fv-az455-56" time="12.182">
  <properties/>
  <testcase name="testDoesAllowOnlyOne[0: com.dotmarketing.portlets.structure.model.ContentletRelationshipsTest$CardinalityTestCase@6c184aa0]" classname="com.dotmarketing.portlets.structure.model.ContentletRelationshipsTest" time="0.756"/>
  <testcase name="testDoesAllowOnlyOne[1: com.dotmarketing.portlets.structure.model.ContentletRelationshipsTest$CardinalityTestCase@3dc3e34d]" classname="com.dotmarketing.portlets.structure.model.ContentletRelationshipsTest" time="0.77"/>
  <testcase name="testDoesAllowOnlyOne[2: com.dotmarketing.portlets.structure.model.ContentletRelationshipsTest$CardinalityTestCase@714f7cbd]" classname="com.dotmarketing.portlets.structure.model.ContentletRelationshipsTest" time="0.777"/>
  <testcase name="testGetRelationshipRecords[0: com.dotmarketing.portlets.structure.model.ContentletRelationshipsTest$TestCase@43fb1730]" classname="com.dotmarketing.portlets.structure.model.ContentletRelationshipsTest" time="2.767"/>
  <testcase name="testGetRelationshipRecords[1: com.dotmarketing.portlets.structure.model.ContentletRelationshipsTest$TestCase@6d1808a5]" classname="com.dotmarketing.portlets.structure.model.ContentletRelationshipsTest" time="2.458"/>
  <testcase name="testGetRelationshipRecords[2: com.dotmarketing.portlets.structure.model.ContentletRelationshipsTest$TestCase@4fe357c0]" classname="com.dotmarketing.portlets.structure.model.ContentletRelationshipsTest" time="2.295"/>
  <testcase name="testGetRelationshipRecords[3: com.dotmarketing.portlets.structure.model.ContentletRelationshipsTest$TestCase@45c36015]" classname="com.dotmarketing.portlets.structure.model.ContentletRelationshipsTest" time="2.357"/>
  <system-out><![CDATA[]]></system-out>
  <system-err><![CDATA[]]></system-err>
</testsuite>
