<?xml version="1.0" encoding="UTF-8"?>
<testsuite name="com.dotcms.publishing.PublisherAPIImplTest" tests="24" skipped="0" failures="0" errors="0" timestamp="2023-07-18T05:37:24" hostname="fv-az1235-995" time="4.76">
  <properties/>
  <testcase name="AddAllCategoryIntoBundle" classname="com.dotcms.publishing.PublisherAPIImplTest" time="0.196"/>
  <testcase name="testFilterDescriptors" classname="com.dotcms.publishing.PublisherAPIImplTest" time="0.081"/>
  <testcase name="sendPushPublishBundle[0: com.dotcms.publishing.PublisherAPIImplTest$TestAsset@1861685c]" classname="com.dotcms.publishing.PublisherAPIImplTest" time="1.622"/>
  <testcase name="sendPushPublishBundle[1: com.dotcms.publishing.PublisherAPIImplTest$TestAsset@6a557134]" classname="com.dotcms.publishing.PublisherAPIImplTest" time="0.221"/>
  <testcase name="sendPushPublishBundle[2: com.dotcms.publishing.PublisherAPIImplTest$TestAsset@30ea7a72]" classname="com.dotcms.publishing.PublisherAPIImplTest" time="0.147"/>
  <testcase name="sendPushPublishBundle[3: com.dotcms.publishing.PublisherAPIImplTest$TestAsset@4779ab9b]" classname="com.dotcms.publishing.PublisherAPIImplTest" time="0.324"/>
  <testcase name="sendPushPublishBundle[4: com.dotcms.publishing.PublisherAPIImplTest$TestAsset@544908a0]" classname="com.dotcms.publishing.PublisherAPIImplTest" time="0.301"/>
  <testcase name="sendPushPublishBundle[5: com.dotcms.publishing.PublisherAPIImplTest$TestAsset@15540fcc]" classname="com.dotcms.publishing.PublisherAPIImplTest" time="0.149"/>
  <testcase name="sendPushPublishBundle[6: com.dotcms.publishing.PublisherAPIImplTest$TestAsset@760ecefe]" classname="com.dotcms.publishing.PublisherAPIImplTest" time="0.123"/>
  <testcase name="sendPushPublishBundle[7: com.dotcms.publishing.PublisherAPIImplTest$TestAsset@7ca186d7]" classname="com.dotcms.publishing.PublisherAPIImplTest" time="0.112"/>
  <testcase name="sendPushPublishBundle[8: com.dotcms.publishing.PublisherAPIImplTest$TestAsset@60b18deb]" classname="com.dotcms.publishing.PublisherAPIImplTest" time="0.117"/>
  <testcase name="sendPushPublishBundle[9: com.dotcms.publishing.PublisherAPIImplTest$TestAsset@55aec45e]" classname="com.dotcms.publishing.PublisherAPIImplTest" time="0.189"/>
  <testcase name="sendPushPublishBundle[10: com.dotcms.publishing.PublisherAPIImplTest$TestAsset@5557892b]" classname="com.dotcms.publishing.PublisherAPIImplTest" time="0.085"/>
  <testcase name="generateBundle[0: com.dotcms.publishing.PublisherAPIImplTest$TestAsset@1861685c]" classname="com.dotcms.publishing.PublisherAPIImplTest" time="0.115"/>
  <testcase name="generateBundle[1: com.dotcms.publishing.PublisherAPIImplTest$TestAsset@6a557134]" classname="com.dotcms.publishing.PublisherAPIImplTest" time="0.088"/>
  <testcase name="generateBundle[2: com.dotcms.publishing.PublisherAPIImplTest$TestAsset@30ea7a72]" classname="com.dotcms.publishing.PublisherAPIImplTest" time="0.091"/>
  <testcase name="generateBundle[3: com.dotcms.publishing.PublisherAPIImplTest$TestAsset@4779ab9b]" classname="com.dotcms.publishing.PublisherAPIImplTest" time="0.198"/>
  <testcase name="generateBundle[4: com.dotcms.publishing.PublisherAPIImplTest$TestAsset@544908a0]" classname="com.dotcms.publishing.PublisherAPIImplTest" time="0.147"/>
  <testcase name="generateBundle[5: com.dotcms.publishing.PublisherAPIImplTest$TestAsset@15540fcc]" classname="com.dotcms.publishing.PublisherAPIImplTest" time="0.087"/>
  <testcase name="generateBundle[6: com.dotcms.publishing.PublisherAPIImplTest$TestAsset@760ecefe]" classname="com.dotcms.publishing.PublisherAPIImplTest" time="0.107"/>
  <testcase name="generateBundle[7: com.dotcms.publishing.PublisherAPIImplTest$TestAsset@7ca186d7]" classname="com.dotcms.publishing.PublisherAPIImplTest" time="0.071"/>
  <testcase name="generateBundle[8: com.dotcms.publishing.PublisherAPIImplTest$TestAsset@60b18deb]" classname="com.dotcms.publishing.PublisherAPIImplTest" time="0.064"/>
  <testcase name="generateBundle[9: com.dotcms.publishing.PublisherAPIImplTest$TestAsset@55aec45e]" classname="com.dotcms.publishing.PublisherAPIImplTest" time="0.1"/>
  <testcase name="generateBundle[10: com.dotcms.publishing.PublisherAPIImplTest$TestAsset@5557892b]" classname="com.dotcms.publishing.PublisherAPIImplTest" time="0.015"/>
  <system-out><![CDATA[









































































































































































]]></system-out>
  <system-err><![CDATA[]]></system-err>
</testsuite>
