<?xml version="1.0" encoding="UTF-8"?>
<testsuite name="com.dotmarketing.business.helper.PermissionHelperTest" tests="24" skipped="0" failures="0" errors="0" timestamp="2023-07-19T19:15:54" hostname="fv-az615-953" time="7.562">
  <properties/>
  <testcase name="test_getPermissionsByPermissionType_with_system_user_should_succeed[0: com.dotmarketing.business.helper.PermissionHelperTest$TestCase@cae5ad2]" classname="com.dotmarketing.business.helper.PermissionHelperTest" time="0.02"/>
  <testcase name="test_getPermissionsByPermissionType_with_system_user_should_succeed[1: com.dotmarketing.business.helper.PermissionHelperTest$TestCase@77dd4b0d]" classname="com.dotmarketing.business.helper.PermissionHelperTest" time="0.001"/>
  <testcase name="test_getPermissionsByPermissionType_with_system_user_should_succeed[2: com.dotmarketing.business.helper.PermissionHelperTest$TestCase@b486384]" classname="com.dotmarketing.business.helper.PermissionHelperTest" time="0.002"/>
  <testcase name="test_getPermissionsByPermissionType_with_system_user_should_succeed[3: com.dotmarketing.business.helper.PermissionHelperTest$TestCase@58a7e6ae]" classname="com.dotmarketing.business.helper.PermissionHelperTest" time="0.001"/>
  <testcase name="test_getPermissionsByPermissionType_with_system_user_should_succeed[4: com.dotmarketing.business.helper.PermissionHelperTest$TestCase@26a15fa2]" classname="com.dotmarketing.business.helper.PermissionHelperTest" time="0.001"/>
  <testcase name="test_getPermissionsByPermissionType_with_system_user_should_succeed[5: com.dotmarketing.business.helper.PermissionHelperTest$TestCase@3bb9fd58]" classname="com.dotmarketing.business.helper.PermissionHelperTest" time="0.001"/>
  <testcase name="test_getPermissionsByPermissionType_with_system_user_should_succeed[6: com.dotmarketing.business.helper.PermissionHelperTest$TestCase@73a5fde8]" classname="com.dotmarketing.business.helper.PermissionHelperTest" time="0.001"/>
  <testcase name="test_getPermissionsByPermissionType_with_system_user_should_succeed[7: com.dotmarketing.business.helper.PermissionHelperTest$TestCase@1450e7a4]" classname="com.dotmarketing.business.helper.PermissionHelperTest" time="0.001"/>
  <testcase name="test_getPermissionsByPermissionType_with_limited_user_should_succeed[0: com.dotmarketing.business.helper.PermissionHelperTest$TestCase@cae5ad2]" classname="com.dotmarketing.business.helper.PermissionHelperTest" time="0.974"/>
  <testcase name="test_getPermissionsByPermissionType_with_limited_user_should_succeed[1: com.dotmarketing.business.helper.PermissionHelperTest$TestCase@77dd4b0d]" classname="com.dotmarketing.business.helper.PermissionHelperTest" time="0.938"/>
  <testcase name="test_getPermissionsByPermissionType_with_limited_user_should_succeed[2: com.dotmarketing.business.helper.PermissionHelperTest$TestCase@b486384]" classname="com.dotmarketing.business.helper.PermissionHelperTest" time="0.931"/>
  <testcase name="test_getPermissionsByPermissionType_with_limited_user_should_succeed[3: com.dotmarketing.business.helper.PermissionHelperTest$TestCase@58a7e6ae]" classname="com.dotmarketing.business.helper.PermissionHelperTest" time="0.943"/>
  <testcase name="test_getPermissionsByPermissionType_with_limited_user_should_succeed[4: com.dotmarketing.business.helper.PermissionHelperTest$TestCase@26a15fa2]" classname="com.dotmarketing.business.helper.PermissionHelperTest" time="0.971"/>
  <testcase name="test_getPermissionsByPermissionType_with_limited_user_should_succeed[5: com.dotmarketing.business.helper.PermissionHelperTest$TestCase@3bb9fd58]" classname="com.dotmarketing.business.helper.PermissionHelperTest" time="0.923"/>
  <testcase name="test_getPermissionsByPermissionType_with_limited_user_should_succeed[6: com.dotmarketing.business.helper.PermissionHelperTest$TestCase@73a5fde8]" classname="com.dotmarketing.business.helper.PermissionHelperTest" time="0.923"/>
  <testcase name="test_getPermissionsByPermissionType_with_limited_user_should_succeed[7: com.dotmarketing.business.helper.PermissionHelperTest$TestCase@1450e7a4]" classname="com.dotmarketing.business.helper.PermissionHelperTest" time="0.919"/>
  <testcase name="test_getPermissionsByPermissionType_with_invalid_user_should_fail[0: com.dotmarketing.business.helper.PermissionHelperTest$TestCase@cae5ad2]" classname="com.dotmarketing.business.helper.PermissionHelperTest" time="0.0"/>
  <testcase name="test_getPermissionsByPermissionType_with_invalid_user_should_fail[1: com.dotmarketing.business.helper.PermissionHelperTest$TestCase@77dd4b0d]" classname="com.dotmarketing.business.helper.PermissionHelperTest" time="0.0"/>
  <testcase name="test_getPermissionsByPermissionType_with_invalid_user_should_fail[2: com.dotmarketing.business.helper.PermissionHelperTest$TestCase@b486384]" classname="com.dotmarketing.business.helper.PermissionHelperTest" time="0.001"/>
  <testcase name="test_getPermissionsByPermissionType_with_invalid_user_should_fail[3: com.dotmarketing.business.helper.PermissionHelperTest$TestCase@58a7e6ae]" classname="com.dotmarketing.business.helper.PermissionHelperTest" time="0.001"/>
  <testcase name="test_getPermissionsByPermissionType_with_invalid_user_should_fail[4: com.dotmarketing.business.helper.PermissionHelperTest$TestCase@26a15fa2]" classname="com.dotmarketing.business.helper.PermissionHelperTest" time="0.0"/>
  <testcase name="test_getPermissionsByPermissionType_with_invalid_user_should_fail[5: com.dotmarketing.business.helper.PermissionHelperTest$TestCase@3bb9fd58]" classname="com.dotmarketing.business.helper.PermissionHelperTest" time="0.0"/>
  <testcase name="test_getPermissionsByPermissionType_with_invalid_user_should_fail[6: com.dotmarketing.business.helper.PermissionHelperTest$TestCase@73a5fde8]" classname="com.dotmarketing.business.helper.PermissionHelperTest" time="0.001"/>
  <testcase name="test_getPermissionsByPermissionType_with_invalid_user_should_fail[7: com.dotmarketing.business.helper.PermissionHelperTest$TestCase@1450e7a4]" classname="com.dotmarketing.business.helper.PermissionHelperTest" time="0.001"/>
  <system-out><![CDATA[]]></system-out>
  <system-err><![CDATA[]]></system-err>
</testsuite>
