<?xml version="1.0" encoding="UTF-8"?>
<testsuite name="com.dotcms.rest.elasticsearch.ESContentResourcePortletTest" tests="8" skipped="0" failures="0" errors="0" timestamp="2023-07-10T15:05:03" hostname="fv-az309-162" time="8.009">
  <properties/>
  <testcase name="test_search_includeGrandChildCategory_success" classname="com.dotcms.rest.elasticsearch.ESContentResourcePortletTest" time="1.389"/>
  <testcase name="testSearch[0: com.dotcms.rest.elasticsearch.ESContentResourcePortletTest$TestCase@4c362239]" classname="com.dotcms.rest.elasticsearch.ESContentResourcePortletTest" time="0.99"/>
  <testcase name="testSearch[1: com.dotcms.rest.elasticsearch.ESContentResourcePortletTest$TestCase@54d84640]" classname="com.dotcms.rest.elasticsearch.ESContentResourcePortletTest" time="1.297"/>
  <testcase name="testSearch[2: com.dotcms.rest.elasticsearch.ESContentResourcePortletTest$TestCase@77d3c753]" classname="com.dotcms.rest.elasticsearch.ESContentResourcePortletTest" time="0.929"/>
  <testcase name="testSearch[3: com.dotcms.rest.elasticsearch.ESContentResourcePortletTest$TestCase@39d7bc71]" classname="com.dotcms.rest.elasticsearch.ESContentResourcePortletTest" time="0.263"/>
  <testcase name="testSearch[4: com.dotcms.rest.elasticsearch.ESContentResourcePortletTest$TestCase@440d7698]" classname="com.dotcms.rest.elasticsearch.ESContentResourcePortletTest" time="1.231"/>
  <testcase name="testSearch[5: com.dotcms.rest.elasticsearch.ESContentResourcePortletTest$TestCase@5271c21f]" classname="com.dotcms.rest.elasticsearch.ESContentResourcePortletTest" time="0.979"/>
  <testcase name="testSearch[6: com.dotcms.rest.elasticsearch.ESContentResourcePortletTest$TestCase@3bf17e5d]" classname="com.dotcms.rest.elasticsearch.ESContentResourcePortletTest" time="0.928"/>
  <system-out><![CDATA[]]></system-out>
  <system-err><![CDATA[]]></system-err>
</testsuite>
