<?xml version="1.0" encoding="UTF-8"?>
<testsuite name="com.dotmarketing.quartz.job.BinaryCleanupJobTest" tests="2" skipped="0" failures="0" errors="0" timestamp="2023-07-06T21:53:34" hostname="fv-az1234-650" time="0.069">
  <properties/>
  <testcase name="test_job_deletes_tmp_assets" classname="com.dotmarketing.quartz.job.BinaryCleanupJobTest" time="0.01"/>
  <testcase name="test_job_deletes_bundles" classname="com.dotmarketing.quartz.job.BinaryCleanupJobTest" time="0.059"/>
  <system-out><![CDATA[]]></system-out>
  <system-err><![CDATA[]]></system-err>
</testsuite>
