<?xml version="1.0" encoding="UTF-8"?>
<testsuite name="com.dotmarketing.portlets.workflows.actionlet.SaveContentActionletTest" tests="9" skipped="0" failures="0" errors="0" timestamp="2023-06-26T20:25:43" hostname="fv-az351-37" time="1.503">
  <properties/>
  <testcase name="test_Publish_With_Save_Contentlet[0: com.dotmarketing.portlets.workflows.actionlet.SaveContentActionletTest$TestCase@54a932bf]" classname="com.dotmarketing.portlets.workflows.actionlet.SaveContentActionletTest" time="1.157"/>
  <testcase name="test_Publish_With_Save_Contentlet[1: com.dotmarketing.portlets.workflows.actionlet.SaveContentActionletTest$TestCase@11303a04]" classname="com.dotmarketing.portlets.workflows.actionlet.SaveContentActionletTest" time="0.226"/>
  <testcase name="test_Publish_With_Save_Contentlet[2: com.dotmarketing.portlets.workflows.actionlet.SaveContentActionletTest$TestCase@170fa38b]" classname="com.dotmarketing.portlets.workflows.actionlet.SaveContentActionletTest" time="0.022"/>
  <testcase name="test_Publish_With_Save_Contentlet[3: com.dotmarketing.portlets.workflows.actionlet.SaveContentActionletTest$TestCase@5d23b7d1]" classname="com.dotmarketing.portlets.workflows.actionlet.SaveContentActionletTest" time="0.011"/>
  <testcase name="test_Publish_With_Save_Contentlet[4: com.dotmarketing.portlets.workflows.actionlet.SaveContentActionletTest$TestCase@40825a00]" classname="com.dotmarketing.portlets.workflows.actionlet.SaveContentActionletTest" time="0.015"/>
  <testcase name="test_Publish_With_Save_Contentlet[5: com.dotmarketing.portlets.workflows.actionlet.SaveContentActionletTest$TestCase@50f2a80e]" classname="com.dotmarketing.portlets.workflows.actionlet.SaveContentActionletTest" time="0.022"/>
  <testcase name="test_Publish_With_Save_Contentlet[6: com.dotmarketing.portlets.workflows.actionlet.SaveContentActionletTest$TestCase@3a8b5a60]" classname="com.dotmarketing.portlets.workflows.actionlet.SaveContentActionletTest" time="0.023"/>
  <testcase name="test_Publish_With_Save_Contentlet[7: com.dotmarketing.portlets.workflows.actionlet.SaveContentActionletTest$TestCase@7ad6efdf]" classname="com.dotmarketing.portlets.workflows.actionlet.SaveContentActionletTest" time="0.016"/>
  <testcase name="test_Publish_With_Save_Contentlet[8: com.dotmarketing.portlets.workflows.actionlet.SaveContentActionletTest$TestCase@28d6e8df]" classname="com.dotmarketing.portlets.workflows.actionlet.SaveContentActionletTest" time="0.01"/>
  <system-out><![CDATA[]]></system-out>
  <system-err><![CDATA[]]></system-err>
</testsuite>
