<?xml version="1.0" encoding="UTF-8"?>
<testsuite name="com.dotmarketing.portlets.structure.model.ContentletRelationshipsTest" tests="7" skipped="0" failures="0" errors="0" timestamp="2023-07-17T17:57:37" hostname="fv-az168-813" time="10.203">
  <properties/>
  <testcase name="testDoesAllowOnlyOne[0: com.dotmarketing.portlets.structure.model.ContentletRelationshipsTest$CardinalityTestCase@1d804f9a]" classname="com.dotmarketing.portlets.structure.model.ContentletRelationshipsTest" time="0.599"/>
  <testcase name="testDoesAllowOnlyOne[1: com.dotmarketing.portlets.structure.model.ContentletRelationshipsTest$CardinalityTestCase@5da47e06]" classname="com.dotmarketing.portlets.structure.model.ContentletRelationshipsTest" time="0.925"/>
  <testcase name="testDoesAllowOnlyOne[2: com.dotmarketing.portlets.structure.model.ContentletRelationshipsTest$CardinalityTestCase@7c0ff09e]" classname="com.dotmarketing.portlets.structure.model.ContentletRelationshipsTest" time="0.543"/>
  <testcase name="testGetRelationshipRecords[0: com.dotmarketing.portlets.structure.model.ContentletRelationshipsTest$TestCase@67818a63]" classname="com.dotmarketing.portlets.structure.model.ContentletRelationshipsTest" time="2.076"/>
  <testcase name="testGetRelationshipRecords[1: com.dotmarketing.portlets.structure.model.ContentletRelationshipsTest$TestCase@7862f596]" classname="com.dotmarketing.portlets.structure.model.ContentletRelationshipsTest" time="2.051"/>
  <testcase name="testGetRelationshipRecords[2: com.dotmarketing.portlets.structure.model.ContentletRelationshipsTest$TestCase@6c8f0d2]" classname="com.dotmarketing.portlets.structure.model.ContentletRelationshipsTest" time="2.002"/>
  <testcase name="testGetRelationshipRecords[3: com.dotmarketing.portlets.structure.model.ContentletRelationshipsTest$TestCase@5407b95]" classname="com.dotmarketing.portlets.structure.model.ContentletRelationshipsTest" time="2.007"/>
  <system-out><![CDATA[]]></system-out>
  <system-err><![CDATA[]]></system-err>
</testsuite>
