<?xml version="1.0" encoding="UTF-8"?>
<testsuite name="com.dotmarketing.servlets.ajax.AjaxDirectorServletIntegrationTest" tests="2" skipped="0" failures="0" errors="0" timestamp="2023-07-12T18:48:08" hostname="fv-az358-82" time="1.126">
  <properties/>
  <testcase name="testService[0: com.dotmarketing.servlets.ajax.AjaxDirectorServletTestCase@13ad9443]" classname="com.dotmarketing.servlets.ajax.AjaxDirectorServletIntegrationTest" time="0.616"/>
  <testcase name="testService[1: com.dotmarketing.servlets.ajax.AjaxDirectorServletTestCase@180eb842]" classname="com.dotmarketing.servlets.ajax.AjaxDirectorServletIntegrationTest" time="0.51"/>
  <system-out><![CDATA[]]></system-out>
  <system-err><![CDATA[]]></system-err>
</testsuite>
