<?xml version="1.0" encoding="UTF-8"?>
<testsuite name="com.dotcms.rest.elasticsearch.ESContentResourcePortletTest" tests="8" skipped="0" failures="0" errors="0" timestamp="2023-07-11T03:06:53" hostname="fv-az407-783" time="7.707">
  <properties/>
  <testcase name="test_search_includeGrandChildCategory_success" classname="com.dotcms.rest.elasticsearch.ESContentResourcePortletTest" time="1.36"/>
  <testcase name="testSearch[0: com.dotcms.rest.elasticsearch.ESContentResourcePortletTest$TestCase@74619f4e]" classname="com.dotcms.rest.elasticsearch.ESContentResourcePortletTest" time="0.903"/>
  <testcase name="testSearch[1: com.dotcms.rest.elasticsearch.ESContentResourcePortletTest$TestCase@4eee9a91]" classname="com.dotcms.rest.elasticsearch.ESContentResourcePortletTest" time="1.221"/>
  <testcase name="testSearch[2: com.dotcms.rest.elasticsearch.ESContentResourcePortletTest$TestCase@5db82155]" classname="com.dotcms.rest.elasticsearch.ESContentResourcePortletTest" time="0.925"/>
  <testcase name="testSearch[3: com.dotcms.rest.elasticsearch.ESContentResourcePortletTest$TestCase@372ae027]" classname="com.dotcms.rest.elasticsearch.ESContentResourcePortletTest" time="0.224"/>
  <testcase name="testSearch[4: com.dotcms.rest.elasticsearch.ESContentResourcePortletTest$TestCase@4fc98263]" classname="com.dotcms.rest.elasticsearch.ESContentResourcePortletTest" time="1.218"/>
  <testcase name="testSearch[5: com.dotcms.rest.elasticsearch.ESContentResourcePortletTest$TestCase@75c9b319]" classname="com.dotcms.rest.elasticsearch.ESContentResourcePortletTest" time="0.929"/>
  <testcase name="testSearch[6: com.dotcms.rest.elasticsearch.ESContentResourcePortletTest$TestCase@69e7967c]" classname="com.dotcms.rest.elasticsearch.ESContentResourcePortletTest" time="0.927"/>
  <system-out><![CDATA[]]></system-out>
  <system-err><![CDATA[]]></system-err>
</testsuite>
