<?xml version="1.0" encoding="UTF-8"?>
<testsuite name="com.dotmarketing.startup.runonce.Task210805DropUserProxyTableTest" tests="1" skipped="0" failures="0" errors="0" timestamp="2023-07-18T21:08:27" hostname="fv-az553-913" time="0.011">
  <properties/>
  <testcase name="testUpgradeTask" classname="com.dotmarketing.startup.runonce.Task210805DropUserProxyTableTest" time="0.011"/>
  <system-out><![CDATA[]]></system-out>
  <system-err><![CDATA[]]></system-err>
</testsuite>
