<?xml version="1.0" encoding="UTF-8"?>
<testsuite name="com.dotcms.rest.api.v1.vtl.VTLResourceIntegrationTest" tests="6" skipped="0" failures="0" errors="0" timestamp="2023-06-28T21:53:13" hostname="fv-az573-741" time="12.416">
  <properties/>
  <testcase name="testGet[0: com.dotcms.rest.api.v1.vtl.VTLResourceTestCase@3bf22ff4]" classname="com.dotcms.rest.api.v1.vtl.VTLResourceIntegrationTest" time="1.451"/>
  <testcase name="testGet[1: com.dotcms.rest.api.v1.vtl.VTLResourceTestCase@5f6f62f6]" classname="com.dotcms.rest.api.v1.vtl.VTLResourceIntegrationTest" time="2.035"/>
  <testcase name="testGet[2: com.dotcms.rest.api.v1.vtl.VTLResourceTestCase@1f9367ef]" classname="com.dotcms.rest.api.v1.vtl.VTLResourceIntegrationTest" time="2.361"/>
  <testcase name="testGet[3: com.dotcms.rest.api.v1.vtl.VTLResourceTestCase@24cef227]" classname="com.dotcms.rest.api.v1.vtl.VTLResourceIntegrationTest" time="2.626"/>
  <testcase name="testGet[4: com.dotcms.rest.api.v1.vtl.VTLResourceTestCase@e69e4c5]" classname="com.dotcms.rest.api.v1.vtl.VTLResourceIntegrationTest" time="1.974"/>
  <testcase name="testGet[5: com.dotcms.rest.api.v1.vtl.VTLResourceTestCase@2a355f2c]" classname="com.dotcms.rest.api.v1.vtl.VTLResourceIntegrationTest" time="1.969"/>
  <system-out><![CDATA[]]></system-out>
  <system-err><![CDATA[]]></system-err>
</testsuite>
