<?xml version="1.0" encoding="UTF-8"?>
<testsuite name="com.dotmarketing.portlets.workflows.business.WorkflowAPIMultiLanguageTest" tests="1" skipped="0" failures="0" errors="0" timestamp="2023-06-23T17:16:21" hostname="fv-az1098-397" time="1.264">
  <properties/>
  <testcase name="runMultipleLanguageWorkflowTest" classname="com.dotmarketing.portlets.workflows.business.WorkflowAPIMultiLanguageTest" time="1.264"/>
  <system-out><![CDATA[]]></system-out>
  <system-err><![CDATA[]]></system-err>
</testsuite>
