<?xml version="1.0" encoding="UTF-8"?>
<testsuite name="com.dotcms.contenttype.model.field.layout.FieldLayoutRowSerializerTest" tests="2" skipped="0" failures="0" errors="0" timestamp="2023-07-08T04:41:35" hostname="fv-az436-467" time="0.119">
  <properties/>
  <testcase name="testSerialize" classname="com.dotcms.contenttype.model.field.layout.FieldLayoutRowSerializerTest" time="0.008"/>
  <testcase name="testSerializeWhenPassContentTypeInternationalization" classname="com.dotcms.contenttype.model.field.layout.FieldLayoutRowSerializerTest" time="0.11"/>
  <system-out><![CDATA[]]></system-out>
  <system-err><![CDATA[]]></system-err>
</testsuite>
