<?xml version="1.0" encoding="UTF-8"?>
<testsuite name="com.dotmarketing.portlets.links.factories.LinkFactoryTest" tests="1" skipped="0" failures="0" errors="0" timestamp="2023-06-23T18:04:47" hostname="fv-az578-351" time="1.559">
  <properties/>
  <testcase name="testGetLinkChildrenByCondition" classname="com.dotmarketing.portlets.links.factories.LinkFactoryTest" time="1.559"/>
  <system-out><![CDATA[]]></system-out>
  <system-err><![CDATA[]]></system-err>
</testsuite>
