<?xml version="1.0" encoding="UTF-8"?>
<testsuite name="com.dotmarketing.common.db.DotDatabaseMetaDataTest" tests="8" skipped="0" failures="0" errors="0" timestamp="2023-06-30T15:39:40" hostname="fv-az451-778" time="0.05">
  <properties/>
  <testcase name="getColumnNames" classname="com.dotmarketing.common.db.DotDatabaseMetaDataTest" time="0.007"/>
  <testcase name="tableNotExistsTest" classname="com.dotmarketing.common.db.DotDatabaseMetaDataTest" time="0.002"/>
  <testcase name="getForeignKeysTest" classname="com.dotmarketing.common.db.DotDatabaseMetaDataTest" time="0.013"/>
  <testcase name="tableExistsTest" classname="com.dotmarketing.common.db.DotDatabaseMetaDataTest" time="0.002"/>
  <testcase name="getPrimaryKeyFields" classname="com.dotmarketing.common.db.DotDatabaseMetaDataTest" time="0.002"/>
  <testcase name="getModifiedColumnLength" classname="com.dotmarketing.common.db.DotDatabaseMetaDataTest" time="0.008"/>
  <testcase name="findForeignKeysTest" classname="com.dotmarketing.common.db.DotDatabaseMetaDataTest" time="0.012"/>
  <testcase name="getContentletVersionInfoPrimaryKeyFields" classname="com.dotmarketing.common.db.DotDatabaseMetaDataTest" time="0.002"/>
  <system-out><![CDATA[



]]></system-out>
  <system-err><![CDATA[]]></system-err>
</testsuite>
