<?xml version="1.0" encoding="UTF-8"?>
<testsuite name="com.dotmarketing.portlets.structure.model.ContentletRelationshipsTest" tests="7" skipped="0" failures="0" errors="0" timestamp="2023-06-30T23:40:19" hostname="fv-az449-126" time="8.634">
  <properties/>
  <testcase name="testDoesAllowOnlyOne[0: com.dotmarketing.portlets.structure.model.ContentletRelationshipsTest$CardinalityTestCase@1b1d2066]" classname="com.dotmarketing.portlets.structure.model.ContentletRelationshipsTest" time="0.57"/>
  <testcase name="testDoesAllowOnlyOne[1: com.dotmarketing.portlets.structure.model.ContentletRelationshipsTest$CardinalityTestCase@4451edbe]" classname="com.dotmarketing.portlets.structure.model.ContentletRelationshipsTest" time="0.441"/>
  <testcase name="testDoesAllowOnlyOne[2: com.dotmarketing.portlets.structure.model.ContentletRelationshipsTest$CardinalityTestCase@7d168a3e]" classname="com.dotmarketing.portlets.structure.model.ContentletRelationshipsTest" time="0.422"/>
  <testcase name="testGetRelationshipRecords[0: com.dotmarketing.portlets.structure.model.ContentletRelationshipsTest$TestCase@6d3a0d85]" classname="com.dotmarketing.portlets.structure.model.ContentletRelationshipsTest" time="1.854"/>
  <testcase name="testGetRelationshipRecords[1: com.dotmarketing.portlets.structure.model.ContentletRelationshipsTest$TestCase@1f560e54]" classname="com.dotmarketing.portlets.structure.model.ContentletRelationshipsTest" time="1.894"/>
  <testcase name="testGetRelationshipRecords[2: com.dotmarketing.portlets.structure.model.ContentletRelationshipsTest$TestCase@54212c1d]" classname="com.dotmarketing.portlets.structure.model.ContentletRelationshipsTest" time="1.684"/>
  <testcase name="testGetRelationshipRecords[3: com.dotmarketing.portlets.structure.model.ContentletRelationshipsTest$TestCase@1d2f1bdd]" classname="com.dotmarketing.portlets.structure.model.ContentletRelationshipsTest" time="1.768"/>
  <system-out><![CDATA[]]></system-out>
  <system-err><![CDATA[]]></system-err>
</testsuite>
