<?xml version="1.0" encoding="UTF-8"?>
<testsuite name="com.dotcms.rest.TagResourceIntegrationTest" tests="4" skipped="0" failures="0" errors="0" timestamp="2023-07-15T00:22:37" hostname="fv-az617-846" time="0.24">
  <properties/>
  <testcase name="testList[0: com.dotcms.rest.TagResourceTestCase@954b30f]" classname="com.dotcms.rest.TagResourceIntegrationTest" time="0.187"/>
  <testcase name="testList[1: com.dotcms.rest.TagResourceTestCase@59dc96b3]" classname="com.dotcms.rest.TagResourceIntegrationTest" time="0.018"/>
  <testcase name="testList[2: com.dotcms.rest.TagResourceTestCase@5b956d5d]" classname="com.dotcms.rest.TagResourceIntegrationTest" time="0.016"/>
  <testcase name="testList[3: com.dotcms.rest.TagResourceTestCase@32653876]" classname="com.dotcms.rest.TagResourceIntegrationTest" time="0.018"/>
  <system-out><![CDATA[]]></system-out>
  <system-err><![CDATA[Jul 15, 2023 12:22:38 AM com.dotcms.repackage.org.hibernate.validator.internal.util.Version <clinit>
INFO: HV000001: Hibernate Validator 4.3.2.Final
]]></system-err>
</testsuite>
