<?xml version="1.0" encoding="UTF-8"?>
<testsuite name="com.dotcms.rest.api.v1.pushpublish.PushPublishFilterResourceTest" tests="5" skipped="0" failures="0" errors="0" timestamp="2023-06-28T21:01:45" hostname="fv-az577-630" time="3.516">
  <properties/>
  <testcase name="testFilterDescriptorOrderedBySortValue" classname="com.dotcms.rest.api.v1.pushpublish.PushPublishFilterResourceTest" time="0.892"/>
  <testcase name="testFilterDescriptorOrderedAlphabetically" classname="com.dotcms.rest.api.v1.pushpublish.PushPublishFilterResourceTest" time="0.876"/>
  <testcase name="test_getFilter_withUser_success_returnFilter" classname="com.dotcms.rest.api.v1.pushpublish.PushPublishFilterResourceTest" time="0.875"/>
  <testcase name="test_getFilter_noUser_return401" classname="com.dotcms.rest.api.v1.pushpublish.PushPublishFilterResourceTest" time="0.002"/>
  <testcase name="testFilterDescriptorOrderedBySortOrderAndAlphabetically" classname="com.dotcms.rest.api.v1.pushpublish.PushPublishFilterResourceTest" time="0.87"/>
  <system-out><![CDATA[]]></system-out>
  <system-err><![CDATA[]]></system-err>
</testsuite>
