<?xml version="1.0" encoding="UTF-8"?>
<testsuite name="com.dotcms.rest.api.v1.menu.MenuResourceTest" tests="1" skipped="0" failures="0" errors="0" timestamp="2023-06-27T20:45:21" hostname="fv-az1246-735" time="1.323">
  <properties/>
  <testcase name="test_get_translation" classname="com.dotcms.rest.api.v1.menu.MenuResourceTest" time="1.323"/>
  <system-out><![CDATA[]]></system-out>
  <system-err><![CDATA[]]></system-err>
</testsuite>
