<?xml version="1.0" encoding="UTF-8"?>
<testsuite name="com.dotmarketing.business.IdentifierAPITest" tests="1" skipped="0" failures="0" errors="0" timestamp="2023-06-27T20:11:55" hostname="fv-az412-684" time="0.006">
  <properties/>
  <testcase name="testing404" classname="com.dotmarketing.business.IdentifierAPITest" time="0.006"/>
  <system-out><![CDATA[]]></system-out>
  <system-err><![CDATA[]]></system-err>
</testsuite>
