<?xml version="1.0" encoding="UTF-8"?>
<testsuite name="com.dotmarketing.startup.runonce.Task230713IncreaseDisabledWysiwygColumnSizeTest" tests="1" skipped="0" failures="0" errors="0" timestamp="2023-07-18T17:51:54" hostname="fv-az1234-907" time="0.011">
  <properties/>
  <testcase name="executeTaskUpgrade" classname="com.dotmarketing.startup.runonce.Task230713IncreaseDisabledWysiwygColumnSizeTest" time="0.011"/>
  <system-out><![CDATA[]]></system-out>
  <system-err><![CDATA[]]></system-err>
</testsuite>
