<?xml version="1.0" encoding="UTF-8"?>
<testsuite name="com.dotcms.enterprise.publishing.remote.bundler.LinkBundlerTest" tests="2" skipped="0" failures="0" errors="0" timestamp="2023-06-21T18:47:13" hostname="fv-az454-705" time="0.016">
  <properties/>
  <testcase name="addLinkInBundle[0: com.dotcms.enterprise.publishing.remote.bundler.LinkBundlerTest$TestCase@8ba179d]" classname="com.dotcms.enterprise.publishing.remote.bundler.LinkBundlerTest" time="0.009"/>
  <testcase name="addLinkInBundle[1: com.dotcms.enterprise.publishing.remote.bundler.LinkBundlerTest$TestCase@26fa804f]" classname="com.dotcms.enterprise.publishing.remote.bundler.LinkBundlerTest" time="0.007"/>
  <system-out><![CDATA[]]></system-out>
  <system-err><![CDATA[]]></system-err>
</testsuite>
