<?xml version="1.0" encoding="UTF-8"?>
<testsuite name="com.dotcms.rest.elasticsearch.ESContentResourcePortletTest" tests="8" skipped="0" failures="0" errors="0" timestamp="2023-06-30T18:47:12" hostname="fv-az612-580" time="8.895">
  <properties/>
  <testcase name="test_search_includeGrandChildCategory_success" classname="com.dotcms.rest.elasticsearch.ESContentResourcePortletTest" time="1.405"/>
  <testcase name="testSearch[0: com.dotcms.rest.elasticsearch.ESContentResourcePortletTest$TestCase@ecd6f20]" classname="com.dotcms.rest.elasticsearch.ESContentResourcePortletTest" time="0.947"/>
  <testcase name="testSearch[1: com.dotcms.rest.elasticsearch.ESContentResourcePortletTest$TestCase@2e96098a]" classname="com.dotcms.rest.elasticsearch.ESContentResourcePortletTest" time="1.279"/>
  <testcase name="testSearch[2: com.dotcms.rest.elasticsearch.ESContentResourcePortletTest$TestCase@795170c2]" classname="com.dotcms.rest.elasticsearch.ESContentResourcePortletTest" time="0.94"/>
  <testcase name="testSearch[3: com.dotcms.rest.elasticsearch.ESContentResourcePortletTest$TestCase@7af0d48]" classname="com.dotcms.rest.elasticsearch.ESContentResourcePortletTest" time="1.252"/>
  <testcase name="testSearch[4: com.dotcms.rest.elasticsearch.ESContentResourcePortletTest$TestCase@62fec6f2]" classname="com.dotcms.rest.elasticsearch.ESContentResourcePortletTest" time="1.227"/>
  <testcase name="testSearch[5: com.dotcms.rest.elasticsearch.ESContentResourcePortletTest$TestCase@7cba497e]" classname="com.dotcms.rest.elasticsearch.ESContentResourcePortletTest" time="0.937"/>
  <testcase name="testSearch[6: com.dotcms.rest.elasticsearch.ESContentResourcePortletTest$TestCase@e1fe14b]" classname="com.dotcms.rest.elasticsearch.ESContentResourcePortletTest" time="0.908"/>
  <system-out><![CDATA[]]></system-out>
  <system-err><![CDATA[]]></system-err>
</testsuite>
