<?xml version="1.0" encoding="UTF-8"?>
<testsuite name="com.dotcms.rendering.velocity.viewtools.DotTemplateToolTest" tests="6" skipped="0" failures="0" errors="0" timestamp="2023-06-30T18:40:47" hostname="fv-az210-575" time="4.098">
  <properties/>
  <testcase name="whenHostNameHasComma" classname="com.dotcms.rendering.velocity.viewtools.DotTemplateToolTest" time="0.013"/>
  <testcase name="whenGetMaxUUIDToDrawedTemplate" classname="com.dotcms.rendering.velocity.viewtools.DotTemplateToolTest" time="0.054"/>
  <testcase name="whenGetMaxUUIDToAdvancedTemplate" classname="com.dotcms.rendering.velocity.viewtools.DotTemplateToolTest" time="0.022"/>
  <testcase name="themeNull" classname="com.dotcms.rendering.velocity.viewtools.DotTemplateToolTest" time="0.974"/>
  <testcase name="theme" classname="com.dotcms.rendering.velocity.viewtools.DotTemplateToolTest" time="1.97"/>
  <testcase name="themeDoesNotExists" classname="com.dotcms.rendering.velocity.viewtools.DotTemplateToolTest" time="1.065"/>
  <system-out><![CDATA[
]]></system-out>
  <system-err><![CDATA[]]></system-err>
</testsuite>
