<?xml version="1.0" encoding="UTF-8"?>
<testsuite name="com.dotcms.browser.BrowserAPITest" tests="10" skipped="0" failures="0" errors="0" timestamp="2023-07-18T00:30:42" hostname="fv-az877-612" time="31.072">
  <properties/>
  <testcase name="testGetFolderContentWithValidIdentifier" classname="com.dotcms.browser.BrowserAPITest" time="1.038"/>
  <testcase name="getAssetNameColumn_providedBaseQuery_shouldGenerateCorrectSQLForDB" classname="com.dotcms.browser.BrowserAPITest" time="0.0"/>
  <testcase name="getFolderContent_searchAssetWithNoTitleUsingFileName_Expect_Results" classname="com.dotcms.browser.BrowserAPITest" time="1.18"/>
  <testcase name="getFolderContent_searchDotAssetWithFilter_shouldReturnNotNull" classname="com.dotcms.browser.BrowserAPITest" time="0.028"/>
  <testcase name="test_GetFolderContent_mimetype_pagination" classname="com.dotcms.browser.BrowserAPITest" time="10.513"/>
  <testcase name="testGetFolderContentWithInvalidIdentifier" classname="com.dotcms.browser.BrowserAPITest" time="0.003"/>
  <testcase name="test_GetFolderContent_pagination" classname="com.dotcms.browser.BrowserAPITest" time="12.258"/>
  <testcase name="Test_GetFolderContent_Multiple_Langs" classname="com.dotcms.browser.BrowserAPITest" time="4.982"/>
  <testcase name="testingDifferentBrowserAPIResults" classname="com.dotcms.browser.BrowserAPITest" time="0.164"/>
  <testcase name="test_getFolderContent_folderOrderedByName" classname="com.dotcms.browser.BrowserAPITest" time="0.905"/>
  <system-out><![CDATA[




































]]></system-out>
  <system-err><![CDATA[]]></system-err>
</testsuite>
