<?xml version="1.0" encoding="UTF-8"?>
<testsuite name="com.dotmarketing.portlets.folders.business.FolderAPITest" tests="91" skipped="0" failures="0" errors="0" timestamp="2023-07-19T21:47:13" hostname="fv-az561-507" time="73.806">
  <properties/>
  <testcase name="testGetLinks" classname="com.dotmarketing.portlets.folders.business.FolderAPITest" time="3.15"/>
  <testcase name="testSave_BlacklistedName_NotAtRootLevel_ShouldSucceed[0: META-INF]" classname="com.dotmarketing.portlets.folders.business.FolderAPITest" time="0.015"/>
  <testcase name="testSave_BlacklistedName_NotAtRootLevel_ShouldSucceed[1: assets]" classname="com.dotmarketing.portlets.folders.business.FolderAPITest" time="0.013"/>
  <testcase name="testSave_BlacklistedName_NotAtRootLevel_ShouldSucceed[2: custom_elements]" classname="com.dotmarketing.portlets.folders.business.FolderAPITest" time="0.012"/>
  <testcase name="testSave_BlacklistedName_NotAtRootLevel_ShouldSucceed[3: email_backups]" classname="com.dotmarketing.portlets.folders.business.FolderAPITest" time="0.011"/>
  <testcase name="testSave_BlacklistedName_NotAtRootLevel_ShouldSucceed[4: dotcms]" classname="com.dotmarketing.portlets.folders.business.FolderAPITest" time="0.011"/>
  <testcase name="testSave_BlacklistedName_NotAtRootLevel_ShouldSucceed[5: dotAdmin]" classname="com.dotmarketing.portlets.folders.business.FolderAPITest" time="0.012"/>
  <testcase name="testSave_BlacklistedName_NotAtRootLevel_ShouldSucceed[6: html]" classname="com.dotmarketing.portlets.folders.business.FolderAPITest" time="0.01"/>
  <testcase name="testSave_BlacklistedName_NotAtRootLevel_ShouldSucceed[7: DOTSASS]" classname="com.dotmarketing.portlets.folders.business.FolderAPITest" time="0.011"/>
  <testcase name="testSave_BlacklistedName_NotAtRootLevel_ShouldSucceed[8: DOTLESS]" classname="com.dotmarketing.portlets.folders.business.FolderAPITest" time="0.01"/>
  <testcase name="testSave_BlacklistedName_NotAtRootLevel_ShouldSucceed[9: WEB-INF]" classname="com.dotmarketing.portlets.folders.business.FolderAPITest" time="0.011"/>
  <testcase name="testSave_BlacklistedName_NotAtRootLevel_ShouldSucceed[10: portal]" classname="com.dotmarketing.portlets.folders.business.FolderAPITest" time="0.011"/>
  <testcase name="test_findFolderByPath_Admin_PathisNull_returnNullFolder" classname="com.dotmarketing.portlets.folders.business.FolderAPITest" time="0.001"/>
  <testcase name="delete" classname="com.dotmarketing.portlets.folders.business.FolderAPITest" time="2.946"/>
  <testcase name="testFindSubFoldersByParent_parentIsFolder" classname="com.dotmarketing.portlets.folders.business.FolderAPITest" time="0.813"/>
  <testcase name="testFindSubFoldersByHost" classname="com.dotmarketing.portlets.folders.business.FolderAPITest" time="1.022"/>
  <testcase name="test_findFolderByPath_UserNoPermissionsOverFolder_returnDotSecurityException" classname="com.dotmarketing.portlets.folders.business.FolderAPITest" time="2.883"/>
  <testcase name="testFindFoldersByHost" classname="com.dotmarketing.portlets.folders.business.FolderAPITest" time="1.081"/>
  <testcase name="testRename_BlacklistedName_NotAtRootLevel_ShouldSucceed[0: META-INF]" classname="com.dotmarketing.portlets.folders.business.FolderAPITest" time="0.022"/>
  <testcase name="testRename_BlacklistedName_NotAtRootLevel_ShouldSucceed[1: assets]" classname="com.dotmarketing.portlets.folders.business.FolderAPITest" time="0.012"/>
  <testcase name="testRename_BlacklistedName_NotAtRootLevel_ShouldSucceed[2: custom_elements]" classname="com.dotmarketing.portlets.folders.business.FolderAPITest" time="0.013"/>
  <testcase name="testRename_BlacklistedName_NotAtRootLevel_ShouldSucceed[3: email_backups]" classname="com.dotmarketing.portlets.folders.business.FolderAPITest" time="0.012"/>
  <testcase name="testRename_BlacklistedName_NotAtRootLevel_ShouldSucceed[4: dotcms]" classname="com.dotmarketing.portlets.folders.business.FolderAPITest" time="0.012"/>
  <testcase name="testRename_BlacklistedName_NotAtRootLevel_ShouldSucceed[5: dotAdmin]" classname="com.dotmarketing.portlets.folders.business.FolderAPITest" time="0.011"/>
  <testcase name="testRename_BlacklistedName_NotAtRootLevel_ShouldSucceed[6: html]" classname="com.dotmarketing.portlets.folders.business.FolderAPITest" time="0.011"/>
  <testcase name="testRename_BlacklistedName_NotAtRootLevel_ShouldSucceed[7: DOTSASS]" classname="com.dotmarketing.portlets.folders.business.FolderAPITest" time="0.011"/>
  <testcase name="testRename_BlacklistedName_NotAtRootLevel_ShouldSucceed[8: DOTLESS]" classname="com.dotmarketing.portlets.folders.business.FolderAPITest" time="0.022"/>
  <testcase name="testRename_BlacklistedName_NotAtRootLevel_ShouldSucceed[9: WEB-INF]" classname="com.dotmarketing.portlets.folders.business.FolderAPITest" time="0.02"/>
  <testcase name="testRename_BlacklistedName_NotAtRootLevel_ShouldSucceed[10: portal]" classname="com.dotmarketing.portlets.folders.business.FolderAPITest" time="0.016"/>
  <testcase name="move_to_existing_destination" classname="com.dotmarketing.portlets.folders.business.FolderAPITest" time="5.143"/>
  <testcase name="deleteFolderWithContentTypeInIt" classname="com.dotmarketing.portlets.folders.business.FolderAPITest" time="0.101"/>
  <testcase name="testCreateFolders_AtRootLevel_BlacklistedName_ShouldFail[0: META-INF]" classname="com.dotmarketing.portlets.folders.business.FolderAPITest" time="0.006"/>
  <testcase name="testCreateFolders_AtRootLevel_BlacklistedName_ShouldFail[1: assets]" classname="com.dotmarketing.portlets.folders.business.FolderAPITest" time="0.004"/>
  <testcase name="testCreateFolders_AtRootLevel_BlacklistedName_ShouldFail[2: custom_elements]" classname="com.dotmarketing.portlets.folders.business.FolderAPITest" time="0.004"/>
  <testcase name="testCreateFolders_AtRootLevel_BlacklistedName_ShouldFail[3: email_backups]" classname="com.dotmarketing.portlets.folders.business.FolderAPITest" time="0.005"/>
  <testcase name="testCreateFolders_AtRootLevel_BlacklistedName_ShouldFail[4: dotcms]" classname="com.dotmarketing.portlets.folders.business.FolderAPITest" time="0.005"/>
  <testcase name="testCreateFolders_AtRootLevel_BlacklistedName_ShouldFail[5: dotAdmin]" classname="com.dotmarketing.portlets.folders.business.FolderAPITest" time="0.004"/>
  <testcase name="testCreateFolders_AtRootLevel_BlacklistedName_ShouldFail[6: html]" classname="com.dotmarketing.portlets.folders.business.FolderAPITest" time="0.005"/>
  <testcase name="testCreateFolders_AtRootLevel_BlacklistedName_ShouldFail[7: DOTSASS]" classname="com.dotmarketing.portlets.folders.business.FolderAPITest" time="0.004"/>
  <testcase name="testCreateFolders_AtRootLevel_BlacklistedName_ShouldFail[8: DOTLESS]" classname="com.dotmarketing.portlets.folders.business.FolderAPITest" time="0.004"/>
  <testcase name="testCreateFolders_AtRootLevel_BlacklistedName_ShouldFail[9: WEB-INF]" classname="com.dotmarketing.portlets.folders.business.FolderAPITest" time="0.004"/>
  <testcase name="testCreateFolders_AtRootLevel_BlacklistedName_ShouldFail[10: portal]" classname="com.dotmarketing.portlets.folders.business.FolderAPITest" time="0.004"/>
  <testcase name="testFindThemes" classname="com.dotmarketing.portlets.folders.business.FolderAPITest" time="0.012"/>
  <testcase name="createFolderWithoutAndWithoutTitle" classname="com.dotmarketing.portlets.folders.business.FolderAPITest" time="0.045"/>
  <testcase name="testSave_BlacklistedName_ShouldFail[0: META-INF]" classname="com.dotmarketing.portlets.folders.business.FolderAPITest" time="0.013"/>
  <testcase name="testSave_BlacklistedName_ShouldFail[1: assets]" classname="com.dotmarketing.portlets.folders.business.FolderAPITest" time="0.007"/>
  <testcase name="testSave_BlacklistedName_ShouldFail[2: custom_elements]" classname="com.dotmarketing.portlets.folders.business.FolderAPITest" time="0.007"/>
  <testcase name="testSave_BlacklistedName_ShouldFail[3: email_backups]" classname="com.dotmarketing.portlets.folders.business.FolderAPITest" time="0.008"/>
  <testcase name="testSave_BlacklistedName_ShouldFail[4: dotcms]" classname="com.dotmarketing.portlets.folders.business.FolderAPITest" time="0.008"/>
  <testcase name="testSave_BlacklistedName_ShouldFail[5: dotAdmin]" classname="com.dotmarketing.portlets.folders.business.FolderAPITest" time="0.008"/>
  <testcase name="testSave_BlacklistedName_ShouldFail[6: html]" classname="com.dotmarketing.portlets.folders.business.FolderAPITest" time="0.007"/>
  <testcase name="testSave_BlacklistedName_ShouldFail[7: DOTSASS]" classname="com.dotmarketing.portlets.folders.business.FolderAPITest" time="0.008"/>
  <testcase name="testSave_BlacklistedName_ShouldFail[8: DOTLESS]" classname="com.dotmarketing.portlets.folders.business.FolderAPITest" time="0.008"/>
  <testcase name="testSave_BlacklistedName_ShouldFail[9: WEB-INF]" classname="com.dotmarketing.portlets.folders.business.FolderAPITest" time="0.008"/>
  <testcase name="testSave_BlacklistedName_ShouldFail[10: portal]" classname="com.dotmarketing.portlets.folders.business.FolderAPITest" time="0.008"/>
  <testcase name="test_copyFolder_contentWithLiveAndWorkingVersionsAndMultilingual" classname="com.dotmarketing.portlets.folders.business.FolderAPITest" time="10.851"/>
  <testcase name="renameFolder" classname="com.dotmarketing.portlets.folders.business.FolderAPITest" time="0.28"/>
  <testcase name="test_findFolderByPath_UserWithPermissionsOverFolderAndHost_success" classname="com.dotmarketing.portlets.folders.business.FolderAPITest" time="2.57"/>
  <testcase name="testCopyToHost_BlacklistedName_ShouldFail[0: META-INF]" classname="com.dotmarketing.portlets.folders.business.FolderAPITest" time="1.154"/>
  <testcase name="testCopyToHost_BlacklistedName_ShouldFail[1: assets]" classname="com.dotmarketing.portlets.folders.business.FolderAPITest" time="1.054"/>
  <testcase name="testCopyToHost_BlacklistedName_ShouldFail[2: custom_elements]" classname="com.dotmarketing.portlets.folders.business.FolderAPITest" time="1.003"/>
  <testcase name="testCopyToHost_BlacklistedName_ShouldFail[3: email_backups]" classname="com.dotmarketing.portlets.folders.business.FolderAPITest" time="1.017"/>
  <testcase name="testCopyToHost_BlacklistedName_ShouldFail[4: dotcms]" classname="com.dotmarketing.portlets.folders.business.FolderAPITest" time="1.036"/>
  <testcase name="testCopyToHost_BlacklistedName_ShouldFail[5: dotAdmin]" classname="com.dotmarketing.portlets.folders.business.FolderAPITest" time="1.003"/>
  <testcase name="testCopyToHost_BlacklistedName_ShouldFail[6: html]" classname="com.dotmarketing.portlets.folders.business.FolderAPITest" time="1.036"/>
  <testcase name="testCopyToHost_BlacklistedName_ShouldFail[7: DOTSASS]" classname="com.dotmarketing.portlets.folders.business.FolderAPITest" time="1.018"/>
  <testcase name="testCopyToHost_BlacklistedName_ShouldFail[8: DOTLESS]" classname="com.dotmarketing.portlets.folders.business.FolderAPITest" time="1.03"/>
  <testcase name="testCopyToHost_BlacklistedName_ShouldFail[9: WEB-INF]" classname="com.dotmarketing.portlets.folders.business.FolderAPITest" time="1.04"/>
  <testcase name="testCopyToHost_BlacklistedName_ShouldFail[10: portal]" classname="com.dotmarketing.portlets.folders.business.FolderAPITest" time="1.01"/>
  <testcase name="testFindSubFolders" classname="com.dotmarketing.portlets.folders.business.FolderAPITest" time="0.067"/>
  <testcase name="copy" classname="com.dotmarketing.portlets.folders.business.FolderAPITest" time="15.549"/>
  <testcase name="move" classname="com.dotmarketing.portlets.folders.business.FolderAPITest" time="6.005"/>
  <testcase name="test_findFolderByPath_Admin_success" classname="com.dotmarketing.portlets.folders.business.FolderAPITest" time="0.746"/>
  <testcase name="testCopyFolderDoesNotDuplicateContent" classname="com.dotmarketing.portlets.folders.business.FolderAPITest" time="3.275"/>
  <testcase name="test_findFolderByPath_UserNoPermissionsOverHost_returnDotSecurityException" classname="com.dotmarketing.portlets.folders.business.FolderAPITest" time="1.658"/>
  <testcase name="testFindSubFoldersTitleSort" classname="com.dotmarketing.portlets.folders.business.FolderAPITest" time="0.067"/>
  <testcase name="test_findFolderByPath_Admin_HostisNull_returnNullFolder" classname="com.dotmarketing.portlets.folders.business.FolderAPITest" time="0.001"/>
  <testcase name="testExists" classname="com.dotmarketing.portlets.folders.business.FolderAPITest" time="1.062"/>
  <testcase name="testRename_BlacklistedName_ShouldFail[0: META-INF]" classname="com.dotmarketing.portlets.folders.business.FolderAPITest" time="0.026"/>
  <testcase name="testRename_BlacklistedName_ShouldFail[1: assets]" classname="com.dotmarketing.portlets.folders.business.FolderAPITest" time="0.015"/>
  <testcase name="testRename_BlacklistedName_ShouldFail[2: custom_elements]" classname="com.dotmarketing.portlets.folders.business.FolderAPITest" time="0.015"/>
  <testcase name="testRename_BlacklistedName_ShouldFail[3: email_backups]" classname="com.dotmarketing.portlets.folders.business.FolderAPITest" time="0.013"/>
  <testcase name="testRename_BlacklistedName_ShouldFail[4: dotcms]" classname="com.dotmarketing.portlets.folders.business.FolderAPITest" time="0.013"/>
  <testcase name="testRename_BlacklistedName_ShouldFail[5: dotAdmin]" classname="com.dotmarketing.portlets.folders.business.FolderAPITest" time="0.014"/>
  <testcase name="testRename_BlacklistedName_ShouldFail[6: html]" classname="com.dotmarketing.portlets.folders.business.FolderAPITest" time="0.014"/>
  <testcase name="testRename_BlacklistedName_ShouldFail[7: DOTSASS]" classname="com.dotmarketing.portlets.folders.business.FolderAPITest" time="0.02"/>
  <testcase name="testRename_BlacklistedName_ShouldFail[8: DOTLESS]" classname="com.dotmarketing.portlets.folders.business.FolderAPITest" time="0.027"/>
  <testcase name="testRename_BlacklistedName_ShouldFail[9: WEB-INF]" classname="com.dotmarketing.portlets.folders.business.FolderAPITest" time="0.014"/>
  <testcase name="testRename_BlacklistedName_ShouldFail[10: portal]" classname="com.dotmarketing.portlets.folders.business.FolderAPITest" time="0.01"/>
  <testcase name="testFindSubFoldersByParent_parentIsHost" classname="com.dotmarketing.portlets.folders.business.FolderAPITest" time="0.961"/>
  <testcase name="test_folders_inherit_the_filetypes_of_their_parents" classname="com.dotmarketing.portlets.folders.business.FolderAPITest" time="1.481"/>
  <system-out><![CDATA[]]></system-out>
  <system-err><![CDATA[]]></system-err>
</testsuite>
