<?xml version="1.0" encoding="UTF-8"?>
<testsuite name="com.dotmarketing.startup.StartupTasksExecutorTest" tests="3" skipped="0" failures="0" errors="0" timestamp="2023-07-20T18:28:56" hostname="fv-az574-670" time="0.016">
  <properties/>
  <testcase name="testGetTaskId[0: com.dotmarketing.startup.StartupTasksExecutorTest$TestCase@13ee4f63]" classname="com.dotmarketing.startup.StartupTasksExecutorTest" time="0.015"/>
  <testcase name="testGetTaskId[1: com.dotmarketing.startup.StartupTasksExecutorTest$TestCase@7a55655]" classname="com.dotmarketing.startup.StartupTasksExecutorTest" time="0.001"/>
  <testcase name="testGetTaskId[2: com.dotmarketing.startup.StartupTasksExecutorTest$TestCase@6cef9e78]" classname="com.dotmarketing.startup.StartupTasksExecutorTest" time="0.0"/>
  <system-out><![CDATA[]]></system-out>
  <system-err><![CDATA[]]></system-err>
</testsuite>
