<?xml version="1.0" encoding="UTF-8"?>
<testsuite name="com.dotmarketing.portlets.structure.model.ContentletRelationshipsTest" tests="7" skipped="0" failures="0" errors="0" timestamp="2023-06-22T14:42:18" hostname="fv-az361-657" time="8.21">
  <properties/>
  <testcase name="testDoesAllowOnlyOne[0: com.dotmarketing.portlets.structure.model.ContentletRelationshipsTest$CardinalityTestCase@3eaf6014]" classname="com.dotmarketing.portlets.structure.model.ContentletRelationshipsTest" time="0.377"/>
  <testcase name="testDoesAllowOnlyOne[1: com.dotmarketing.portlets.structure.model.ContentletRelationshipsTest$CardinalityTestCase@5a071d49]" classname="com.dotmarketing.portlets.structure.model.ContentletRelationshipsTest" time="0.403"/>
  <testcase name="testDoesAllowOnlyOne[2: com.dotmarketing.portlets.structure.model.ContentletRelationshipsTest$CardinalityTestCase@608df309]" classname="com.dotmarketing.portlets.structure.model.ContentletRelationshipsTest" time="0.38"/>
  <testcase name="testGetRelationshipRecords[0: com.dotmarketing.portlets.structure.model.ContentletRelationshipsTest$TestCase@670635ea]" classname="com.dotmarketing.portlets.structure.model.ContentletRelationshipsTest" time="1.887"/>
  <testcase name="testGetRelationshipRecords[1: com.dotmarketing.portlets.structure.model.ContentletRelationshipsTest$TestCase@22ec56de]" classname="com.dotmarketing.portlets.structure.model.ContentletRelationshipsTest" time="1.791"/>
  <testcase name="testGetRelationshipRecords[2: com.dotmarketing.portlets.structure.model.ContentletRelationshipsTest$TestCase@40e3ea9f]" classname="com.dotmarketing.portlets.structure.model.ContentletRelationshipsTest" time="1.701"/>
  <testcase name="testGetRelationshipRecords[3: com.dotmarketing.portlets.structure.model.ContentletRelationshipsTest$TestCase@4f795c31]" classname="com.dotmarketing.portlets.structure.model.ContentletRelationshipsTest" time="1.67"/>
  <system-out><![CDATA[]]></system-out>
  <system-err><![CDATA[]]></system-err>
</testsuite>
