<?xml version="1.0" encoding="UTF-8"?>
<testsuite name="com.dotcms.rest.api.v1.vtl.VTLResourceIntegrationTest" tests="6" skipped="0" failures="0" errors="0" timestamp="2023-06-26T19:14:59" hostname="fv-az404-370" time="11.089">
  <properties/>
  <testcase name="testGet[0: com.dotcms.rest.api.v1.vtl.VTLResourceTestCase@ebbcfec]" classname="com.dotcms.rest.api.v1.vtl.VTLResourceIntegrationTest" time="2.147"/>
  <testcase name="testGet[1: com.dotcms.rest.api.v1.vtl.VTLResourceTestCase@7bb55164]" classname="com.dotcms.rest.api.v1.vtl.VTLResourceIntegrationTest" time="1.864"/>
  <testcase name="testGet[2: com.dotcms.rest.api.v1.vtl.VTLResourceTestCase@3dc82fce]" classname="com.dotcms.rest.api.v1.vtl.VTLResourceIntegrationTest" time="1.239"/>
  <testcase name="testGet[3: com.dotcms.rest.api.v1.vtl.VTLResourceTestCase@12341725]" classname="com.dotcms.rest.api.v1.vtl.VTLResourceIntegrationTest" time="1.832"/>
  <testcase name="testGet[4: com.dotcms.rest.api.v1.vtl.VTLResourceTestCase@42a07e20]" classname="com.dotcms.rest.api.v1.vtl.VTLResourceIntegrationTest" time="1.967"/>
  <testcase name="testGet[5: com.dotcms.rest.api.v1.vtl.VTLResourceTestCase@13cf3961]" classname="com.dotcms.rest.api.v1.vtl.VTLResourceIntegrationTest" time="2.04"/>
  <system-out><![CDATA[]]></system-out>
  <system-err><![CDATA[]]></system-err>
</testsuite>
