<?xml version="1.0" encoding="UTF-8"?>
<testsuite name="com.dotcms.rest.api.v1.vtl.VTLResourceIntegrationTest" tests="6" skipped="0" failures="0" errors="0" timestamp="2023-07-07T19:56:40" hostname="fv-az244-222" time="8.266">
  <properties/>
  <testcase name="testGet[0: com.dotcms.rest.api.v1.vtl.VTLResourceTestCase@f82f7d4]" classname="com.dotcms.rest.api.v1.vtl.VTLResourceIntegrationTest" time="1.237"/>
  <testcase name="testGet[1: com.dotcms.rest.api.v1.vtl.VTLResourceTestCase@482725c]" classname="com.dotcms.rest.api.v1.vtl.VTLResourceIntegrationTest" time="0.94"/>
  <testcase name="testGet[2: com.dotcms.rest.api.v1.vtl.VTLResourceTestCase@2365db5e]" classname="com.dotcms.rest.api.v1.vtl.VTLResourceIntegrationTest" time="1.032"/>
  <testcase name="testGet[3: com.dotcms.rest.api.v1.vtl.VTLResourceTestCase@1ac27136]" classname="com.dotcms.rest.api.v1.vtl.VTLResourceIntegrationTest" time="1.017"/>
  <testcase name="testGet[4: com.dotcms.rest.api.v1.vtl.VTLResourceTestCase@2e619ed]" classname="com.dotcms.rest.api.v1.vtl.VTLResourceIntegrationTest" time="1.87"/>
  <testcase name="testGet[5: com.dotcms.rest.api.v1.vtl.VTLResourceTestCase@15e19b7f]" classname="com.dotcms.rest.api.v1.vtl.VTLResourceIntegrationTest" time="2.169"/>
  <system-out><![CDATA[]]></system-out>
  <system-err><![CDATA[]]></system-err>
</testsuite>
