<?xml version="1.0" encoding="UTF-8"?>
<testsuite name="com.dotcms.contenttype.test.ContentResourceTest" tests="52" skipped="0" failures="0" errors="0" timestamp="2023-07-11T00:37:01" hostname="fv-az336-51" time="178.493">
  <properties/>
  <testcase name="testGetContentShouldReturnIconDetails" classname="com.dotcms.contenttype.test.ContentResourceTest" time="1.942"/>
  <testcase name="Test_Save_Action_Set_Words_To_Required_NumericField_Issue_15340" classname="com.dotcms.contenttype.test.ContentResourceTest" time="1.06"/>
  <testcase name="test_getContent_includeGrandChildCategory_success" classname="com.dotcms.contenttype.test.ContentResourceTest" time="1.59"/>
  <testcase name="testGetContentWithRelatedParameter[0: com.dotcms.contenttype.test.ContentResourceTest$PullRelatedTestCase@2ad8ab3c]" classname="com.dotcms.contenttype.test.ContentResourceTest" time="4.775"/>
  <testcase name="testGetContentWithRelatedParameter[1: com.dotcms.contenttype.test.ContentResourceTest$PullRelatedTestCase@5918a0a5]" classname="com.dotcms.contenttype.test.ContentResourceTest" time="4.661"/>
  <testcase name="testGetContentWithRelatedParameter[2: com.dotcms.contenttype.test.ContentResourceTest$PullRelatedTestCase@2f3a47f3]" classname="com.dotcms.contenttype.test.ContentResourceTest" time="4.483"/>
  <testcase name="testGetContentWithRelatedParameter[3: com.dotcms.contenttype.test.ContentResourceTest$PullRelatedTestCase@6924c4eb]" classname="com.dotcms.contenttype.test.ContentResourceTest" time="4.379"/>
  <testcase name="testGetContentWithRelatedParameter[4: com.dotcms.contenttype.test.ContentResourceTest$PullRelatedTestCase@6ca13b8]" classname="com.dotcms.contenttype.test.ContentResourceTest" time="4.453"/>
  <testcase name="test_getContent_SelfRelatedWith3LevelsOfDepth_shouldReturnRelationships" classname="com.dotcms.contenttype.test.ContentResourceTest" time="1.701"/>
  <testcase name="Test_Save_Action_Send_Fields_SubSet_Issue_15340" classname="com.dotcms.contenttype.test.ContentResourceTest" time="3.217"/>
  <testcase name="test_getContent_shouldReturnRelationships[0: com.dotcms.contenttype.test.ContentResourceTest$TestCase@1acb964c]" classname="com.dotcms.contenttype.test.ContentResourceTest" time="3.569"/>
  <testcase name="test_getContent_shouldReturnRelationships[1: com.dotcms.contenttype.test.ContentResourceTest$TestCase@67335f39]" classname="com.dotcms.contenttype.test.ContentResourceTest" time="3.51"/>
  <testcase name="test_getContent_shouldReturnRelationships[2: com.dotcms.contenttype.test.ContentResourceTest$TestCase@28ffcca8]" classname="com.dotcms.contenttype.test.ContentResourceTest" time="3.584"/>
  <testcase name="test_getContent_shouldReturnRelationships[3: com.dotcms.contenttype.test.ContentResourceTest$TestCase@7e7e5ddc]" classname="com.dotcms.contenttype.test.ContentResourceTest" time="3.706"/>
  <testcase name="test_getContent_shouldReturnRelationships[4: com.dotcms.contenttype.test.ContentResourceTest$TestCase@38c1dda9]" classname="com.dotcms.contenttype.test.ContentResourceTest" time="3.783"/>
  <testcase name="test_getContent_shouldReturnRelationships[5: com.dotcms.contenttype.test.ContentResourceTest$TestCase@45f6971f]" classname="com.dotcms.contenttype.test.ContentResourceTest" time="3.695"/>
  <testcase name="test_getContent_shouldReturnRelationships[6: com.dotcms.contenttype.test.ContentResourceTest$TestCase@133a8985]" classname="com.dotcms.contenttype.test.ContentResourceTest" time="3.536"/>
  <testcase name="test_getContent_shouldReturnRelationships[7: com.dotcms.contenttype.test.ContentResourceTest$TestCase@1f26a683]" classname="com.dotcms.contenttype.test.ContentResourceTest" time="3.876"/>
  <testcase name="test_getContent_shouldReturnRelationships[8: com.dotcms.contenttype.test.ContentResourceTest$TestCase@29bc0c5b]" classname="com.dotcms.contenttype.test.ContentResourceTest" time="2.811"/>
  <testcase name="test_getContent_shouldReturnRelationships[9: com.dotcms.contenttype.test.ContentResourceTest$TestCase@5803281c]" classname="com.dotcms.contenttype.test.ContentResourceTest" time="4.167"/>
  <testcase name="test_getContent_shouldReturnRelationships[10: com.dotcms.contenttype.test.ContentResourceTest$TestCase@1fb2e438]" classname="com.dotcms.contenttype.test.ContentResourceTest" time="3.759"/>
  <testcase name="test_getContent_shouldReturnRelationships[11: com.dotcms.contenttype.test.ContentResourceTest$TestCase@350a4bf3]" classname="com.dotcms.contenttype.test.ContentResourceTest" time="3.731"/>
  <testcase name="test_getContent_shouldReturnRelationships[12: com.dotcms.contenttype.test.ContentResourceTest$TestCase@7c1d57dd]" classname="com.dotcms.contenttype.test.ContentResourceTest" time="3.695"/>
  <testcase name="test_getContent_shouldReturnRelationships[13: com.dotcms.contenttype.test.ContentResourceTest$TestCase@3d9fd38a]" classname="com.dotcms.contenttype.test.ContentResourceTest" time="3.391"/>
  <testcase name="test_getContent_shouldReturnRelationships[14: com.dotcms.contenttype.test.ContentResourceTest$TestCase@35847325]" classname="com.dotcms.contenttype.test.ContentResourceTest" time="2.436"/>
  <testcase name="test_getContent_shouldReturnRelationships[15: com.dotcms.contenttype.test.ContentResourceTest$TestCase@5236f3b5]" classname="com.dotcms.contenttype.test.ContentResourceTest" time="4.752"/>
  <testcase name="test_getContent_shouldReturnRelationships[16: com.dotcms.contenttype.test.ContentResourceTest$TestCase@4403f591]" classname="com.dotcms.contenttype.test.ContentResourceTest" time="4.81"/>
  <testcase name="test_getContent_shouldReturnRelationships[17: com.dotcms.contenttype.test.ContentResourceTest$TestCase@7437d18]" classname="com.dotcms.contenttype.test.ContentResourceTest" time="3.815"/>
  <testcase name="test_getContent_shouldReturnRelationships[18: com.dotcms.contenttype.test.ContentResourceTest$TestCase@11483b8e]" classname="com.dotcms.contenttype.test.ContentResourceTest" time="4.08"/>
  <testcase name="test_getContent_shouldReturnRelationships[19: com.dotcms.contenttype.test.ContentResourceTest$TestCase@7486c949]" classname="com.dotcms.contenttype.test.ContentResourceTest" time="3.691"/>
  <testcase name="test_getContent_shouldReturnRelationships[20: com.dotcms.contenttype.test.ContentResourceTest$TestCase@2f721535]" classname="com.dotcms.contenttype.test.ContentResourceTest" time="4.088"/>
  <testcase name="test_getContent_shouldReturnRelationships[21: com.dotcms.contenttype.test.ContentResourceTest$TestCase@33c5067e]" classname="com.dotcms.contenttype.test.ContentResourceTest" time="3.015"/>
  <testcase name="test_getContent_shouldReturnRelationships[22: com.dotcms.contenttype.test.ContentResourceTest$TestCase@6301dfc3]" classname="com.dotcms.contenttype.test.ContentResourceTest" time="3.746"/>
  <testcase name="test_getContent_shouldReturnRelationships[23: com.dotcms.contenttype.test.ContentResourceTest$TestCase@218f9e6b]" classname="com.dotcms.contenttype.test.ContentResourceTest" time="3.815"/>
  <testcase name="test_getContent_shouldReturnRelationships[24: com.dotcms.contenttype.test.ContentResourceTest$TestCase@1eebfcd2]" classname="com.dotcms.contenttype.test.ContentResourceTest" time="3.935"/>
  <testcase name="test_getContent_shouldReturnRelationships[25: com.dotcms.contenttype.test.ContentResourceTest$TestCase@506ef87]" classname="com.dotcms.contenttype.test.ContentResourceTest" time="4.164"/>
  <testcase name="test_getContent_shouldReturnRelationships[26: com.dotcms.contenttype.test.ContentResourceTest$TestCase@6894c723]" classname="com.dotcms.contenttype.test.ContentResourceTest" time="3.903"/>
  <testcase name="test_getContent_shouldReturnRelationships[27: com.dotcms.contenttype.test.ContentResourceTest$TestCase@35b5609c]" classname="com.dotcms.contenttype.test.ContentResourceTest" time="3.894"/>
  <testcase name="test_getContent_shouldReturnRelationships[28: com.dotcms.contenttype.test.ContentResourceTest$TestCase@74791794]" classname="com.dotcms.contenttype.test.ContentResourceTest" time="3.754"/>
  <testcase name="test_getContent_shouldReturnRelationships[29: com.dotcms.contenttype.test.ContentResourceTest$TestCase@46b1b44b]" classname="com.dotcms.contenttype.test.ContentResourceTest" time="3.648"/>
  <testcase name="test_getContent_shouldReturnRelationships[30: com.dotcms.contenttype.test.ContentResourceTest$TestCase@852de61]" classname="com.dotcms.contenttype.test.ContentResourceTest" time="3.706"/>
  <testcase name="test_getContent_shouldReturnRelationships[31: com.dotcms.contenttype.test.ContentResourceTest$TestCase@16fdfe77]" classname="com.dotcms.contenttype.test.ContentResourceTest" time="3.671"/>
  <testcase name="test_getContent_shouldReturnRelationships[32: com.dotcms.contenttype.test.ContentResourceTest$TestCase@2a849e8b]" classname="com.dotcms.contenttype.test.ContentResourceTest" time="3.95"/>
  <testcase name="test_getContent_shouldReturnRelationships[33: com.dotcms.contenttype.test.ContentResourceTest$TestCase@61dc647c]" classname="com.dotcms.contenttype.test.ContentResourceTest" time="4.858"/>
  <testcase name="testSinglePOST_InvalidParamsShouldReturn400[0: ({\n    &quot;stInode&quot; : &quot;InvalidValue&quot;,\n    &quot;numeric&quot; : &quot;0&quot;,\n    &quot;image&quot; : &quot;whatever&quot;\n}, Bad Request)]" classname="com.dotcms.contenttype.test.ContentResourceTest" time="1.051"/>
  <testcase name="testSinglePOST_InvalidParamsShouldReturn400[1: ({\n    &quot;numeric&quot; : &quot;0&quot;,\n    &quot;image&quot; : &quot;whatever&quot;\n}, Bad Request)]" classname="com.dotcms.contenttype.test.ContentResourceTest" time="1.033"/>
  <testcase name="Test_Save_Action_Set_Null_To_Required_NumericField_Issue_15340" classname="com.dotcms.contenttype.test.ContentResourceTest" time="1.083"/>
  <testcase name="Test_Save_Action_Remove_Image_Then_Verify_Fields_Were_Cleared_Issue_15340" classname="com.dotcms.contenttype.test.ContentResourceTest" time="4.408"/>
  <testcase name="test_getContentWithMultipleSelfRelated_shouldReturnRelationships[0: com.dotcms.contenttype.test.ContentResourceTest$PullSelfRelatedTestCase@614582d]" classname="com.dotcms.contenttype.test.ContentResourceTest" time="2.194"/>
  <testcase name="test_getContentWithMultipleSelfRelated_shouldReturnRelationships[1: com.dotcms.contenttype.test.ContentResourceTest$PullSelfRelatedTestCase@86aeea2]" classname="com.dotcms.contenttype.test.ContentResourceTest" time="2.102"/>
  <testcase name="testGetContentWithAllCategoriesInfo[0: json]" classname="com.dotcms.contenttype.test.ContentResourceTest" time="2.888"/>
  <testcase name="testGetContentWithAllCategoriesInfo[1: xml]" classname="com.dotcms.contenttype.test.ContentResourceTest" time="2.925"/>
  <system-out><![CDATA[











]]></system-out>
  <system-err><![CDATA[]]></system-err>
</testsuite>
