<?xml version="1.0" encoding="UTF-8"?>
<testsuite name="com.dotcms.rest.api.v1.vtl.VTLResourceIntegrationTest" tests="6" skipped="0" failures="0" errors="0" timestamp="2023-06-26T17:06:34" hostname="fv-az1226-245" time="11.272">
  <properties/>
  <testcase name="testGet[0: com.dotcms.rest.api.v1.vtl.VTLResourceTestCase@22fea218]" classname="com.dotcms.rest.api.v1.vtl.VTLResourceIntegrationTest" time="1.514"/>
  <testcase name="testGet[1: com.dotcms.rest.api.v1.vtl.VTLResourceTestCase@2e1db91]" classname="com.dotcms.rest.api.v1.vtl.VTLResourceIntegrationTest" time="1.917"/>
  <testcase name="testGet[2: com.dotcms.rest.api.v1.vtl.VTLResourceTestCase@267a8362]" classname="com.dotcms.rest.api.v1.vtl.VTLResourceIntegrationTest" time="2.018"/>
  <testcase name="testGet[3: com.dotcms.rest.api.v1.vtl.VTLResourceTestCase@7f2f19ca]" classname="com.dotcms.rest.api.v1.vtl.VTLResourceIntegrationTest" time="1.979"/>
  <testcase name="testGet[4: com.dotcms.rest.api.v1.vtl.VTLResourceTestCase@28168a55]" classname="com.dotcms.rest.api.v1.vtl.VTLResourceIntegrationTest" time="1.96"/>
  <testcase name="testGet[5: com.dotcms.rest.api.v1.vtl.VTLResourceTestCase@24a7e195]" classname="com.dotcms.rest.api.v1.vtl.VTLResourceIntegrationTest" time="1.883"/>
  <system-out><![CDATA[]]></system-out>
  <system-err><![CDATA[]]></system-err>
</testsuite>
