<?xml version="1.0" encoding="UTF-8"?>
<testsuite name="com.dotmarketing.portlets.cmsmaintenance.factories.CMSMaintenanceFactoryTest" tests="1" skipped="0" failures="0" errors="0" timestamp="2023-06-28T16:50:14" hostname="fv-az395-584" time="17.579">
  <properties/>
  <testcase name="Test_deleteOldAssetVersions_success" classname="com.dotmarketing.portlets.cmsmaintenance.factories.CMSMaintenanceFactoryTest" time="17.579"/>
  <system-out><![CDATA[]]></system-out>
  <system-err><![CDATA[]]></system-err>
</testsuite>
