<?xml version="1.0" encoding="UTF-8"?>
<testsuite name="com.dotcms.enterprise.publishing.remote.bundler.TemplateBundlerTest" tests="4" skipped="0" failures="0" errors="0" timestamp="2023-06-27T21:51:42" hostname="fv-az338-385" time="0.022">
  <properties/>
  <testcase name="addTemplateInBundle[0: com.dotcms.enterprise.publishing.remote.bundler.TemplateBundlerTest$TestCase@1c2f5dc6]" classname="com.dotcms.enterprise.publishing.remote.bundler.TemplateBundlerTest" time="0.007"/>
  <testcase name="addTemplateInBundle[1: com.dotcms.enterprise.publishing.remote.bundler.TemplateBundlerTest$TestCase@4e63d216]" classname="com.dotcms.enterprise.publishing.remote.bundler.TemplateBundlerTest" time="0.005"/>
  <testcase name="addTemplateInBundle[2: com.dotcms.enterprise.publishing.remote.bundler.TemplateBundlerTest$TestCase@23e028ac]" classname="com.dotcms.enterprise.publishing.remote.bundler.TemplateBundlerTest" time="0.004"/>
  <testcase name="addTemplateInBundle[3: com.dotcms.enterprise.publishing.remote.bundler.TemplateBundlerTest$TestCase@7e2abb79]" classname="com.dotcms.enterprise.publishing.remote.bundler.TemplateBundlerTest" time="0.006"/>
  <system-out><![CDATA[]]></system-out>
  <system-err><![CDATA[]]></system-err>
</testsuite>
