<?xml version="1.0" encoding="UTF-8"?>
<testsuite name="com.dotcms.bayesian.BayesianAPIImplIT" tests="8" skipped="0" failures="0" errors="0" timestamp="2023-07-08T06:01:52" hostname="fv-az436-467" time="0.153">
  <properties/>
  <testcase name="test_doBayesian_ABC" classname="com.dotcms.bayesian.BayesianAPIImplIT" time="0.082"/>
  <testcase name="test_doBayesian_AB" classname="com.dotcms.bayesian.BayesianAPIImplIT" time="0.066"/>
  <testcase name="test_calculateABTesting_invalidTestFailures" classname="com.dotcms.bayesian.BayesianAPIImplIT" time="0.001"/>
  <testcase name="test_calculateABTesting_invalidControlSuccesses" classname="com.dotcms.bayesian.BayesianAPIImplIT" time="0.0"/>
  <testcase name="test_calculateABTesting_invalidPriorBeta" classname="com.dotcms.bayesian.BayesianAPIImplIT" time="0.001"/>
  <testcase name="test_calculateABTesting_invalidTestSuccesses" classname="com.dotcms.bayesian.BayesianAPIImplIT" time="0.001"/>
  <testcase name="test_calculateABTesting_invalidControlFailures" classname="com.dotcms.bayesian.BayesianAPIImplIT" time="0.0"/>
  <testcase name="test_calculateABTesting_invalidPriorAlpha" classname="com.dotcms.bayesian.BayesianAPIImplIT" time="0.001"/>
  <system-out><![CDATA[]]></system-out>
  <system-err><![CDATA[]]></system-err>
</testsuite>
