<?xml version="1.0" encoding="UTF-8"?>
<testsuite name="com.dotcms.rendering.velocity.viewtools.content.util.ContentUtilsTest" tests="89" skipped="0" failures="0" errors="0" timestamp="2023-06-29T05:29:40" hostname="fv-az590-241" time="461.236">
  <properties/>
  <testcase name="whenTheTimeMachineDateIsNullAndPublishDateInFutureShouldNotReturnAnything" classname="com.dotcms.rendering.velocity.viewtools.content.util.ContentUtilsTest" time="4.316"/>
  <testcase name="test_find_multilingual_contentlet_getContentletSuccessfully" classname="com.dotcms.rendering.velocity.viewtools.content.util.ContentUtilsTest" time="0.735"/>
  <testcase name="whenTheTimeMachineDateAndPublishDateAreTomorrowShouldReturnOneContent" classname="com.dotcms.rendering.velocity.viewtools.content.util.ContentUtilsTest" time="4.157"/>
  <testcase name="testPullRelated[0: com.dotcms.rendering.velocity.viewtools.content.util.ContentUtilsTest$TestCase@4e74e0e4]" classname="com.dotcms.rendering.velocity.viewtools.content.util.ContentUtilsTest" time="4.117"/>
  <testcase name="testPullRelated[1: com.dotcms.rendering.velocity.viewtools.content.util.ContentUtilsTest$TestCase@1fb528af]" classname="com.dotcms.rendering.velocity.viewtools.content.util.ContentUtilsTest" time="4.857"/>
  <testcase name="testPullRelated[2: com.dotcms.rendering.velocity.viewtools.content.util.ContentUtilsTest$TestCase@49352baa]" classname="com.dotcms.rendering.velocity.viewtools.content.util.ContentUtilsTest" time="3.444"/>
  <testcase name="testPullRelated[3: com.dotcms.rendering.velocity.viewtools.content.util.ContentUtilsTest$TestCase@58b154c3]" classname="com.dotcms.rendering.velocity.viewtools.content.util.ContentUtilsTest" time="3.972"/>
  <testcase name="testPullRelated[4: com.dotcms.rendering.velocity.viewtools.content.util.ContentUtilsTest$TestCase@312bfcf1]" classname="com.dotcms.rendering.velocity.viewtools.content.util.ContentUtilsTest" time="4.804"/>
  <testcase name="testPullRelated[5: com.dotcms.rendering.velocity.viewtools.content.util.ContentUtilsTest$TestCase@76d5a2b]" classname="com.dotcms.rendering.velocity.viewtools.content.util.ContentUtilsTest" time="4.114"/>
  <testcase name="testPullRelated[6: com.dotcms.rendering.velocity.viewtools.content.util.ContentUtilsTest$TestCase@67e55917]" classname="com.dotcms.rendering.velocity.viewtools.content.util.ContentUtilsTest" time="3.536"/>
  <testcase name="testPullRelated[7: com.dotcms.rendering.velocity.viewtools.content.util.ContentUtilsTest$TestCase@35a00e64]" classname="com.dotcms.rendering.velocity.viewtools.content.util.ContentUtilsTest" time="4.951"/>
  <testcase name="testPullRelated[8: com.dotcms.rendering.velocity.viewtools.content.util.ContentUtilsTest$TestCase@5b02b055]" classname="com.dotcms.rendering.velocity.viewtools.content.util.ContentUtilsTest" time="4.841"/>
  <testcase name="testPullRelated[9: com.dotcms.rendering.velocity.viewtools.content.util.ContentUtilsTest$TestCase@3653051c]" classname="com.dotcms.rendering.velocity.viewtools.content.util.ContentUtilsTest" time="3.24"/>
  <testcase name="testPullRelated[10: com.dotcms.rendering.velocity.viewtools.content.util.ContentUtilsTest$TestCase@7b33df20]" classname="com.dotcms.rendering.velocity.viewtools.content.util.ContentUtilsTest" time="5.336"/>
  <testcase name="testPullRelated[11: com.dotcms.rendering.velocity.viewtools.content.util.ContentUtilsTest$TestCase@4ed53d0c]" classname="com.dotcms.rendering.velocity.viewtools.content.util.ContentUtilsTest" time="5.067"/>
  <testcase name="testPullRelated[12: com.dotcms.rendering.velocity.viewtools.content.util.ContentUtilsTest$TestCase@1bbc9b]" classname="com.dotcms.rendering.velocity.viewtools.content.util.ContentUtilsTest" time="5.01"/>
  <testcase name="testPullRelated[13: com.dotcms.rendering.velocity.viewtools.content.util.ContentUtilsTest$TestCase@2e4e3261]" classname="com.dotcms.rendering.velocity.viewtools.content.util.ContentUtilsTest" time="4.937"/>
  <testcase name="testPullRelated[14: com.dotcms.rendering.velocity.viewtools.content.util.ContentUtilsTest$TestCase@4be13257]" classname="com.dotcms.rendering.velocity.viewtools.content.util.ContentUtilsTest" time="4.372"/>
  <testcase name="testPullRelated[15: com.dotcms.rendering.velocity.viewtools.content.util.ContentUtilsTest$TestCase@2cbb4b7a]" classname="com.dotcms.rendering.velocity.viewtools.content.util.ContentUtilsTest" time="4.023"/>
  <testcase name="testPullRelated[16: com.dotcms.rendering.velocity.viewtools.content.util.ContentUtilsTest$TestCase@7119c512]" classname="com.dotcms.rendering.velocity.viewtools.content.util.ContentUtilsTest" time="4.985"/>
  <testcase name="testPullRelated[17: com.dotcms.rendering.velocity.viewtools.content.util.ContentUtilsTest$TestCase@2e1b3c6a]" classname="com.dotcms.rendering.velocity.viewtools.content.util.ContentUtilsTest" time="4.879"/>
  <testcase name="testPullRelated[18: com.dotcms.rendering.velocity.viewtools.content.util.ContentUtilsTest$TestCase@6caac074]" classname="com.dotcms.rendering.velocity.viewtools.content.util.ContentUtilsTest" time="4.504"/>
  <testcase name="testPullRelated[19: com.dotcms.rendering.velocity.viewtools.content.util.ContentUtilsTest$TestCase@1a3ca600]" classname="com.dotcms.rendering.velocity.viewtools.content.util.ContentUtilsTest" time="4.972"/>
  <testcase name="testPullRelated[20: com.dotcms.rendering.velocity.viewtools.content.util.ContentUtilsTest$TestCase@2532d100]" classname="com.dotcms.rendering.velocity.viewtools.content.util.ContentUtilsTest" time="5.111"/>
  <testcase name="testPullRelated[21: com.dotcms.rendering.velocity.viewtools.content.util.ContentUtilsTest$TestCase@523d51a0]" classname="com.dotcms.rendering.velocity.viewtools.content.util.ContentUtilsTest" time="3.755"/>
  <testcase name="testPullRelated[22: com.dotcms.rendering.velocity.viewtools.content.util.ContentUtilsTest$TestCase@682e92f3]" classname="com.dotcms.rendering.velocity.viewtools.content.util.ContentUtilsTest" time="4.647"/>
  <testcase name="testPullRelated[23: com.dotcms.rendering.velocity.viewtools.content.util.ContentUtilsTest$TestCase@175d2550]" classname="com.dotcms.rendering.velocity.viewtools.content.util.ContentUtilsTest" time="3.956"/>
  <testcase name="testPullRelated[24: com.dotcms.rendering.velocity.viewtools.content.util.ContentUtilsTest$TestCase@24d45c6a]" classname="com.dotcms.rendering.velocity.viewtools.content.util.ContentUtilsTest" time="5.067"/>
  <testcase name="testPullRelated[25: com.dotcms.rendering.velocity.viewtools.content.util.ContentUtilsTest$TestCase@1cdca901]" classname="com.dotcms.rendering.velocity.viewtools.content.util.ContentUtilsTest" time="4.907"/>
  <testcase name="testPullRelated[26: com.dotcms.rendering.velocity.viewtools.content.util.ContentUtilsTest$TestCase@f91963]" classname="com.dotcms.rendering.velocity.viewtools.content.util.ContentUtilsTest" time="4.283"/>
  <testcase name="testPullRelated[27: com.dotcms.rendering.velocity.viewtools.content.util.ContentUtilsTest$TestCase@7ef0db89]" classname="com.dotcms.rendering.velocity.viewtools.content.util.ContentUtilsTest" time="5.009"/>
  <testcase name="testPullRelated[28: com.dotcms.rendering.velocity.viewtools.content.util.ContentUtilsTest$TestCase@78c1ff31]" classname="com.dotcms.rendering.velocity.viewtools.content.util.ContentUtilsTest" time="4.981"/>
  <testcase name="testPullRelated[29: com.dotcms.rendering.velocity.viewtools.content.util.ContentUtilsTest$TestCase@1acd589]" classname="com.dotcms.rendering.velocity.viewtools.content.util.ContentUtilsTest" time="4.981"/>
  <testcase name="testPullRelated[30: com.dotcms.rendering.velocity.viewtools.content.util.ContentUtilsTest$TestCase@49d6e6de]" classname="com.dotcms.rendering.velocity.viewtools.content.util.ContentUtilsTest" time="4.454"/>
  <testcase name="testPullRelated[31: com.dotcms.rendering.velocity.viewtools.content.util.ContentUtilsTest$TestCase@318250fe]" classname="com.dotcms.rendering.velocity.viewtools.content.util.ContentUtilsTest" time="4.899"/>
  <testcase name="testPullRelated[32: com.dotcms.rendering.velocity.viewtools.content.util.ContentUtilsTest$TestCase@464d1988]" classname="com.dotcms.rendering.velocity.viewtools.content.util.ContentUtilsTest" time="5.111"/>
  <testcase name="testPullRelated[33: com.dotcms.rendering.velocity.viewtools.content.util.ContentUtilsTest$TestCase@212a9c55]" classname="com.dotcms.rendering.velocity.viewtools.content.util.ContentUtilsTest" time="3.934"/>
  <testcase name="testPullRelated[34: com.dotcms.rendering.velocity.viewtools.content.util.ContentUtilsTest$TestCase@5f347eb8]" classname="com.dotcms.rendering.velocity.viewtools.content.util.ContentUtilsTest" time="4.398"/>
  <testcase name="testPullRelated[35: com.dotcms.rendering.velocity.viewtools.content.util.ContentUtilsTest$TestCase@7c12d000]" classname="com.dotcms.rendering.velocity.viewtools.content.util.ContentUtilsTest" time="4.642"/>
  <testcase name="testPullRelated[36: com.dotcms.rendering.velocity.viewtools.content.util.ContentUtilsTest$TestCase@523d0753]" classname="com.dotcms.rendering.velocity.viewtools.content.util.ContentUtilsTest" time="5.717"/>
  <testcase name="testPullRelated[37: com.dotcms.rendering.velocity.viewtools.content.util.ContentUtilsTest$TestCase@2700e175]" classname="com.dotcms.rendering.velocity.viewtools.content.util.ContentUtilsTest" time="6.821"/>
  <testcase name="testPullRelated[38: com.dotcms.rendering.velocity.viewtools.content.util.ContentUtilsTest$TestCase@5b3d9a93]" classname="com.dotcms.rendering.velocity.viewtools.content.util.ContentUtilsTest" time="5.579"/>
  <testcase name="testPullRelated[39: com.dotcms.rendering.velocity.viewtools.content.util.ContentUtilsTest$TestCase@3145c324]" classname="com.dotcms.rendering.velocity.viewtools.content.util.ContentUtilsTest" time="7.005"/>
  <testcase name="testPullRelated[40: com.dotcms.rendering.velocity.viewtools.content.util.ContentUtilsTest$TestCase@b785dc0]" classname="com.dotcms.rendering.velocity.viewtools.content.util.ContentUtilsTest" time="7.378"/>
  <testcase name="testPullRelated[41: com.dotcms.rendering.velocity.viewtools.content.util.ContentUtilsTest$TestCase@2b531e93]" classname="com.dotcms.rendering.velocity.viewtools.content.util.ContentUtilsTest" time="6.691"/>
  <testcase name="testPullRelated[42: com.dotcms.rendering.velocity.viewtools.content.util.ContentUtilsTest$TestCase@1c8df068]" classname="com.dotcms.rendering.velocity.viewtools.content.util.ContentUtilsTest" time="6.546"/>
  <testcase name="testPullRelated[43: com.dotcms.rendering.velocity.viewtools.content.util.ContentUtilsTest$TestCase@3ce4c3e]" classname="com.dotcms.rendering.velocity.viewtools.content.util.ContentUtilsTest" time="7.123"/>
  <testcase name="testPullRelated[44: com.dotcms.rendering.velocity.viewtools.content.util.ContentUtilsTest$TestCase@4a9187da]" classname="com.dotcms.rendering.velocity.viewtools.content.util.ContentUtilsTest" time="6.363"/>
  <testcase name="testPullRelated[45: com.dotcms.rendering.velocity.viewtools.content.util.ContentUtilsTest$TestCase@7985bf9d]" classname="com.dotcms.rendering.velocity.viewtools.content.util.ContentUtilsTest" time="6.414"/>
  <testcase name="testPullRelated[46: com.dotcms.rendering.velocity.viewtools.content.util.ContentUtilsTest$TestCase@af80e75]" classname="com.dotcms.rendering.velocity.viewtools.content.util.ContentUtilsTest" time="5.779"/>
  <testcase name="testPullRelated[47: com.dotcms.rendering.velocity.viewtools.content.util.ContentUtilsTest$TestCase@7b261ca8]" classname="com.dotcms.rendering.velocity.viewtools.content.util.ContentUtilsTest" time="7.057"/>
  <testcase name="testPullRelated[48: com.dotcms.rendering.velocity.viewtools.content.util.ContentUtilsTest$TestCase@3dcfeb41]" classname="com.dotcms.rendering.velocity.viewtools.content.util.ContentUtilsTest" time="5.647"/>
  <testcase name="testPullRelated[49: com.dotcms.rendering.velocity.viewtools.content.util.ContentUtilsTest$TestCase@69e2c232]" classname="com.dotcms.rendering.velocity.viewtools.content.util.ContentUtilsTest" time="7.299"/>
  <testcase name="testPullRelated[50: com.dotcms.rendering.velocity.viewtools.content.util.ContentUtilsTest$TestCase@23a3e2dd]" classname="com.dotcms.rendering.velocity.viewtools.content.util.ContentUtilsTest" time="7.222"/>
  <testcase name="testPullRelated[51: com.dotcms.rendering.velocity.viewtools.content.util.ContentUtilsTest$TestCase@682b695d]" classname="com.dotcms.rendering.velocity.viewtools.content.util.ContentUtilsTest" time="7.15"/>
  <testcase name="testPullRelated[52: com.dotcms.rendering.velocity.viewtools.content.util.ContentUtilsTest$TestCase@2afc02fa]" classname="com.dotcms.rendering.velocity.viewtools.content.util.ContentUtilsTest" time="5.924"/>
  <testcase name="testPullRelated[53: com.dotcms.rendering.velocity.viewtools.content.util.ContentUtilsTest$TestCase@5570b6c5]" classname="com.dotcms.rendering.velocity.viewtools.content.util.ContentUtilsTest" time="6.32"/>
  <testcase name="testPullRelated[54: com.dotcms.rendering.velocity.viewtools.content.util.ContentUtilsTest$TestCase@697913bc]" classname="com.dotcms.rendering.velocity.viewtools.content.util.ContentUtilsTest" time="7.183"/>
  <testcase name="testPullRelated[55: com.dotcms.rendering.velocity.viewtools.content.util.ContentUtilsTest$TestCase@5aabfe4f]" classname="com.dotcms.rendering.velocity.viewtools.content.util.ContentUtilsTest" time="7.048"/>
  <testcase name="testPullRelated[56: com.dotcms.rendering.velocity.viewtools.content.util.ContentUtilsTest$TestCase@100adc32]" classname="com.dotcms.rendering.velocity.viewtools.content.util.ContentUtilsTest" time="7.501"/>
  <testcase name="testPullRelated[57: com.dotcms.rendering.velocity.viewtools.content.util.ContentUtilsTest$TestCase@409c9668]" classname="com.dotcms.rendering.velocity.viewtools.content.util.ContentUtilsTest" time="6.706"/>
  <testcase name="testPullRelated[58: com.dotcms.rendering.velocity.viewtools.content.util.ContentUtilsTest$TestCase@61d99934]" classname="com.dotcms.rendering.velocity.viewtools.content.util.ContentUtilsTest" time="5.383"/>
  <testcase name="testPullRelated[59: com.dotcms.rendering.velocity.viewtools.content.util.ContentUtilsTest$TestCase@64054ac6]" classname="com.dotcms.rendering.velocity.viewtools.content.util.ContentUtilsTest" time="5.983"/>
  <testcase name="testPullRelated[60: com.dotcms.rendering.velocity.viewtools.content.util.ContentUtilsTest$TestCase@2228f138]" classname="com.dotcms.rendering.velocity.viewtools.content.util.ContentUtilsTest" time="6.513"/>
  <testcase name="testPullRelated[61: com.dotcms.rendering.velocity.viewtools.content.util.ContentUtilsTest$TestCase@6230cc3]" classname="com.dotcms.rendering.velocity.viewtools.content.util.ContentUtilsTest" time="5.756"/>
  <testcase name="testPullRelated[62: com.dotcms.rendering.velocity.viewtools.content.util.ContentUtilsTest$TestCase@2b9e250a]" classname="com.dotcms.rendering.velocity.viewtools.content.util.ContentUtilsTest" time="6.126"/>
  <testcase name="testPullRelated[63: com.dotcms.rendering.velocity.viewtools.content.util.ContentUtilsTest$TestCase@650319c5]" classname="com.dotcms.rendering.velocity.viewtools.content.util.ContentUtilsTest" time="7.679"/>
  <testcase name="testPullRelated[64: com.dotcms.rendering.velocity.viewtools.content.util.ContentUtilsTest$TestCase@c7856c]" classname="com.dotcms.rendering.velocity.viewtools.content.util.ContentUtilsTest" time="6.985"/>
  <testcase name="testPullRelated[65: com.dotcms.rendering.velocity.viewtools.content.util.ContentUtilsTest$TestCase@1e9cd4a3]" classname="com.dotcms.rendering.velocity.viewtools.content.util.ContentUtilsTest" time="7.094"/>
  <testcase name="testPullRelated[66: com.dotcms.rendering.velocity.viewtools.content.util.ContentUtilsTest$TestCase@4470140f]" classname="com.dotcms.rendering.velocity.viewtools.content.util.ContentUtilsTest" time="6.974"/>
  <testcase name="testPullRelated[67: com.dotcms.rendering.velocity.viewtools.content.util.ContentUtilsTest$TestCase@39c0e075]" classname="com.dotcms.rendering.velocity.viewtools.content.util.ContentUtilsTest" time="6.339"/>
  <testcase name="testPullRelated[68: com.dotcms.rendering.velocity.viewtools.content.util.ContentUtilsTest$TestCase@510eec4]" classname="com.dotcms.rendering.velocity.viewtools.content.util.ContentUtilsTest" time="6.139"/>
  <testcase name="testPullRelated[69: com.dotcms.rendering.velocity.viewtools.content.util.ContentUtilsTest$TestCase@7dd11b09]" classname="com.dotcms.rendering.velocity.viewtools.content.util.ContentUtilsTest" time="6.802"/>
  <testcase name="testPullRelated[70: com.dotcms.rendering.velocity.viewtools.content.util.ContentUtilsTest$TestCase@39c5b8d0]" classname="com.dotcms.rendering.velocity.viewtools.content.util.ContentUtilsTest" time="6.677"/>
  <testcase name="testPullRelated[71: com.dotcms.rendering.velocity.viewtools.content.util.ContentUtilsTest$TestCase@73834d5]" classname="com.dotcms.rendering.velocity.viewtools.content.util.ContentUtilsTest" time="6.969"/>
  <testcase name="whenPublishAndExpireDatesAreInTheFutureAndTimeMachineIsAfterBoth" classname="com.dotcms.rendering.velocity.viewtools.content.util.ContentUtilsTest" time="4.249"/>
  <testcase name="testPullRelatedForLegacyRelationship[0: com.dotcms.rendering.velocity.viewtools.content.util.ContentUtilsTest$LegacyTestCase@5dc9c38]" classname="com.dotcms.rendering.velocity.viewtools.content.util.ContentUtilsTest" time="4.298"/>
  <testcase name="testPullRelatedForLegacyRelationship[1: com.dotcms.rendering.velocity.viewtools.content.util.ContentUtilsTest$LegacyTestCase@70a0d6d9]" classname="com.dotcms.rendering.velocity.viewtools.content.util.ContentUtilsTest" time="4.183"/>
  <testcase name="whenTheTimeMachineDateIsAfterTomorrowAndExpireDateIsTomorrowShouldNotReturnContent" classname="com.dotcms.rendering.velocity.viewtools.content.util.ContentUtilsTest" time="4.367"/>
  <testcase name="testPullLiveRelatedWhenLatestVersionIsWorking" classname="com.dotcms.rendering.velocity.viewtools.content.util.ContentUtilsTest" time="4.833"/>
  <testcase name="test_add_relationships_on_parent_children_related_contents" classname="com.dotcms.rendering.velocity.viewtools.content.util.ContentUtilsTest" time="1.828"/>
  <testcase name="testSortPullRelated[0: com.dotcms.rendering.velocity.viewtools.content.util.ContentUtilsTest$SortTestCase@64b7f325]" classname="com.dotcms.rendering.velocity.viewtools.content.util.ContentUtilsTest" time="3.434"/>
  <testcase name="testSortPullRelated[1: com.dotcms.rendering.velocity.viewtools.content.util.ContentUtilsTest$SortTestCase@22efedfa]" classname="com.dotcms.rendering.velocity.viewtools.content.util.ContentUtilsTest" time="3.015"/>
  <testcase name="testSortPullRelated[2: com.dotcms.rendering.velocity.viewtools.content.util.ContentUtilsTest$SortTestCase@43b388c3]" classname="com.dotcms.rendering.velocity.viewtools.content.util.ContentUtilsTest" time="2.983"/>
  <testcase name="testSortPullRelated[3: com.dotcms.rendering.velocity.viewtools.content.util.ContentUtilsTest$SortTestCase@35538872]" classname="com.dotcms.rendering.velocity.viewtools.content.util.ContentUtilsTest" time="2.941"/>
  <testcase name="testSortPullRelated[4: com.dotcms.rendering.velocity.viewtools.content.util.ContentUtilsTest$SortTestCase@6e266b26]" classname="com.dotcms.rendering.velocity.viewtools.content.util.ContentUtilsTest" time="3.122"/>
  <testcase name="testSortPullRelated[5: com.dotcms.rendering.velocity.viewtools.content.util.ContentUtilsTest$SortTestCase@33fbcb25]" classname="com.dotcms.rendering.velocity.viewtools.content.util.ContentUtilsTest" time="3.066"/>
  <testcase name="whenTheTimeMachineDateIsAfterTomorrowAndExpireDateIsInFutureShouldReturnContent" classname="com.dotcms.rendering.velocity.viewtools.content.util.ContentUtilsTest" time="4.353"/>
  <testcase name="testPullRelatedFieldShouldRespectDefaultOrder" classname="com.dotcms.rendering.velocity.viewtools.content.util.ContentUtilsTest" time="3.365"/>
  <system-out><![CDATA[]]></system-out>
  <system-err><![CDATA[]]></system-err>
</testsuite>
