<?xml version="1.0" encoding="UTF-8"?>
<testsuite name="com.dotmarketing.startup.runonce.Task220606UpdatePushNowActionletNameTest" tests="1" skipped="0" failures="0" errors="0" timestamp="2023-06-23T18:39:21" hostname="fv-az578-351" time="0.006">
  <properties/>
  <testcase name="Test_Execute_Upgrade" classname="com.dotmarketing.startup.runonce.Task220606UpdatePushNowActionletNameTest" time="0.006"/>
  <system-out><![CDATA[]]></system-out>
  <system-err><![CDATA[]]></system-err>
</testsuite>
