<?xml version="1.0" encoding="UTF-8"?>
<testsuite name="com.dotmarketing.business.RoleAPITest" tests="6" skipped="0" failures="0" errors="0" timestamp="2023-06-27T20:58:08" hostname="fv-az166-290" time="2.359">
  <properties/>
  <testcase name="test_equals_role_on_noRole__false_expected" classname="com.dotmarketing.business.RoleAPITest" time="0.001"/>
  <testcase name="test_equals_role_on_null__false_expected" classname="com.dotmarketing.business.RoleAPITest" time="0.001"/>
  <testcase name="test_equals_role__true_expected" classname="com.dotmarketing.business.RoleAPITest" time="0.001"/>
  <testcase name="test_isParentRole" classname="com.dotmarketing.business.RoleAPITest" time="0.078"/>
  <testcase name="testIsSiblingRole" classname="com.dotmarketing.business.RoleAPITest" time="0.077"/>
  <testcase name="loadRolesForUser" classname="com.dotmarketing.business.RoleAPITest" time="2.2"/>
  <system-out><![CDATA[]]></system-out>
  <system-err><![CDATA[]]></system-err>
</testsuite>
