<?xml version="1.0" encoding="UTF-8"?>
<testsuite name="com.dotcms.rest.elasticsearch.ESContentResourcePortletTest" tests="8" skipped="0" failures="0" errors="0" timestamp="2023-07-11T23:43:01" hostname="fv-az646-156" time="9.902">
  <properties/>
  <testcase name="test_search_includeGrandChildCategory_success" classname="com.dotcms.rest.elasticsearch.ESContentResourcePortletTest" time="1.679"/>
  <testcase name="testSearch[0: com.dotcms.rest.elasticsearch.ESContentResourcePortletTest$TestCase@46775259]" classname="com.dotcms.rest.elasticsearch.ESContentResourcePortletTest" time="1.123"/>
  <testcase name="testSearch[1: com.dotcms.rest.elasticsearch.ESContentResourcePortletTest$TestCase@276e15d0]" classname="com.dotcms.rest.elasticsearch.ESContentResourcePortletTest" time="1.303"/>
  <testcase name="testSearch[2: com.dotcms.rest.elasticsearch.ESContentResourcePortletTest$TestCase@271effe9]" classname="com.dotcms.rest.elasticsearch.ESContentResourcePortletTest" time="1.155"/>
  <testcase name="testSearch[3: com.dotcms.rest.elasticsearch.ESContentResourcePortletTest$TestCase@2c9e9c2c]" classname="com.dotcms.rest.elasticsearch.ESContentResourcePortletTest" time="1.275"/>
  <testcase name="testSearch[4: com.dotcms.rest.elasticsearch.ESContentResourcePortletTest$TestCase@5087f67c]" classname="com.dotcms.rest.elasticsearch.ESContentResourcePortletTest" time="1.336"/>
  <testcase name="testSearch[5: com.dotcms.rest.elasticsearch.ESContentResourcePortletTest$TestCase@710a929]" classname="com.dotcms.rest.elasticsearch.ESContentResourcePortletTest" time="1.012"/>
  <testcase name="testSearch[6: com.dotcms.rest.elasticsearch.ESContentResourcePortletTest$TestCase@57a1ff95]" classname="com.dotcms.rest.elasticsearch.ESContentResourcePortletTest" time="1.019"/>
  <system-out><![CDATA[]]></system-out>
  <system-err><![CDATA[]]></system-err>
</testsuite>
