<?xml version="1.0" encoding="UTF-8"?>
<testsuite name="com.dotmarketing.portlets.workflows.actionlet.SaveContentActionletTest" tests="9" skipped="0" failures="0" errors="0" timestamp="2023-06-28T19:04:32" hostname="fv-az440-364" time="1.695">
  <properties/>
  <testcase name="test_Publish_With_Save_Contentlet[0: com.dotmarketing.portlets.workflows.actionlet.SaveContentActionletTest$TestCase@6184af97]" classname="com.dotmarketing.portlets.workflows.actionlet.SaveContentActionletTest" time="1.253"/>
  <testcase name="test_Publish_With_Save_Contentlet[1: com.dotmarketing.portlets.workflows.actionlet.SaveContentActionletTest$TestCase@7a7369d6]" classname="com.dotmarketing.portlets.workflows.actionlet.SaveContentActionletTest" time="0.305"/>
  <testcase name="test_Publish_With_Save_Contentlet[2: com.dotmarketing.portlets.workflows.actionlet.SaveContentActionletTest$TestCase@4351ea7e]" classname="com.dotmarketing.portlets.workflows.actionlet.SaveContentActionletTest" time="0.018"/>
  <testcase name="test_Publish_With_Save_Contentlet[3: com.dotmarketing.portlets.workflows.actionlet.SaveContentActionletTest$TestCase@dd7e01f]" classname="com.dotmarketing.portlets.workflows.actionlet.SaveContentActionletTest" time="0.019"/>
  <testcase name="test_Publish_With_Save_Contentlet[4: com.dotmarketing.portlets.workflows.actionlet.SaveContentActionletTest$TestCase@496b0e25]" classname="com.dotmarketing.portlets.workflows.actionlet.SaveContentActionletTest" time="0.017"/>
  <testcase name="test_Publish_With_Save_Contentlet[5: com.dotmarketing.portlets.workflows.actionlet.SaveContentActionletTest$TestCase@28b7e307]" classname="com.dotmarketing.portlets.workflows.actionlet.SaveContentActionletTest" time="0.018"/>
  <testcase name="test_Publish_With_Save_Contentlet[6: com.dotmarketing.portlets.workflows.actionlet.SaveContentActionletTest$TestCase@64f9ee75]" classname="com.dotmarketing.portlets.workflows.actionlet.SaveContentActionletTest" time="0.021"/>
  <testcase name="test_Publish_With_Save_Contentlet[7: com.dotmarketing.portlets.workflows.actionlet.SaveContentActionletTest$TestCase@569c3ded]" classname="com.dotmarketing.portlets.workflows.actionlet.SaveContentActionletTest" time="0.017"/>
  <testcase name="test_Publish_With_Save_Contentlet[8: com.dotmarketing.portlets.workflows.actionlet.SaveContentActionletTest$TestCase@47970b3d]" classname="com.dotmarketing.portlets.workflows.actionlet.SaveContentActionletTest" time="0.022"/>
  <system-out><![CDATA[]]></system-out>
  <system-err><![CDATA[]]></system-err>
</testsuite>
