<?xml version="1.0" encoding="UTF-8"?>
<testsuite name="com.dotmarketing.quartz.job.BinaryCleanupJobTest" tests="2" skipped="0" failures="0" errors="0" timestamp="2023-07-04T02:33:35" hostname="fv-az951-870" time="0.435">
  <properties/>
  <testcase name="test_job_deletes_tmp_assets" classname="com.dotmarketing.quartz.job.BinaryCleanupJobTest" time="0.024"/>
  <testcase name="test_job_deletes_bundles" classname="com.dotmarketing.quartz.job.BinaryCleanupJobTest" time="0.41"/>
  <system-out><![CDATA[]]></system-out>
  <system-err><![CDATA[]]></system-err>
</testsuite>
