<?xml version="1.0" encoding="UTF-8"?>
<testsuite name="com.dotcms.storage.StoragePersistenceAPITest" tests="18" skipped="0" failures="0" errors="0" timestamp="2023-07-14T03:05:16" hostname="fv-az268-867" time="2.008">
  <properties/>
  <testcase name="Test_Get_Provider_By_StorageType" classname="com.dotcms.storage.StoragePersistenceAPITest" time="0.003"/>
  <testcase name="Test_Replace_Entry[0: TestCase{storageType=FILE_SYSTEM, groupName='gUyPh19xRJ', path='any-path', file=testFile6113887518464443346.bin}]" classname="com.dotcms.storage.StoragePersistenceAPITest" time="0.002"/>
  <testcase name="Test_Replace_Entry[1: TestCase{storageType=DB, groupName='gUyPh19xRJ', path='any-path', file=testFile6113887518464443346.bin}]" classname="com.dotcms.storage.StoragePersistenceAPITest" time="0.052"/>
  <testcase name="Test_Pull_File_Different_Casing[0: TestCase{storageType=FILE_SYSTEM, groupName='gUyPh19xRJ', path='any-path', file=testFile6113887518464443346.bin}]" classname="com.dotcms.storage.StoragePersistenceAPITest" time="0.002"/>
  <testcase name="Test_Pull_File_Different_Casing[1: TestCase{storageType=DB, groupName='gUyPh19xRJ', path='any-path', file=testFile6113887518464443346.bin}]" classname="com.dotcms.storage.StoragePersistenceAPITest" time="0.008"/>
  <testcase name="Test_Get_Default_Provider" classname="com.dotcms.storage.StoragePersistenceAPITest" time="0.001"/>
  <testcase name="Test_Attempt_Push_Same_Binary_Twice[0: TestCase{storageType=FILE_SYSTEM, groupName='8j19uZlDgs', path='imageFilePath', file=test_image2.png}]" classname="com.dotcms.storage.StoragePersistenceAPITest" time="0.002"/>
  <testcase name="Test_Attempt_Push_Same_Binary_Twice[1: TestCase{storageType=DB, groupName='8j19uZlDgs', path='imageFilePath', file=test_image2.png}]" classname="com.dotcms.storage.StoragePersistenceAPITest" time="0.015"/>
  <testcase name="Test_Delete_Object_Version[0: TestCase{storageType=FILE_SYSTEM, groupName='6O39QntM61', path='fixed-large-file-path', file=testFile9614088474994599427.bin}]" classname="com.dotcms.storage.StoragePersistenceAPITest" time="0.037"/>
  <testcase name="Test_Delete_Object_Version[1: TestCase{storageType=DB, groupName='6O39QntM61', path='fixed-large-file-path', file=testFile9614088474994599427.bin}]" classname="com.dotcms.storage.StoragePersistenceAPITest" time="1.589"/>
  <testcase name="Test_Storage_Push_File_Then_Recover_Then_Remove_Group[0: TestCase{storageType=FILE_SYSTEM, groupName='fixed-group-name', path='textFilePath', file=test.txt}]" classname="com.dotcms.storage.StoragePersistenceAPITest" time="0.007"/>
  <testcase name="Test_Storage_Push_File_Then_Recover_Then_Remove_Group[1: TestCase{storageType=FILE_SYSTEM, groupName='fixed-group-name', path='imageFilePath', file=test_image1.jpg}]" classname="com.dotcms.storage.StoragePersistenceAPITest" time="0.001"/>
  <testcase name="Test_Storage_Push_File_Then_Recover_Then_Remove_Group[2: TestCase{storageType=DB, groupName='fixed-group-name', path='textFilePath', file=test.txt}]" classname="com.dotcms.storage.StoragePersistenceAPITest" time="0.013"/>
  <testcase name="Test_Storage_Push_File_Then_Recover_Then_Remove_Group[3: TestCase{storageType=DB, groupName='fixed-group-name', path='imageFilePath', file=test_image1.jpg}]" classname="com.dotcms.storage.StoragePersistenceAPITest" time="0.131"/>
  <testcase name="Test_Attempt_Create_Dupe_Group[0: TestCase{storageType=FILE_SYSTEM, groupName='Kzs5bMuZAf', path='null', file=n/a}]" classname="com.dotcms.storage.StoragePersistenceAPITest" time="0.001"/>
  <testcase name="Test_Attempt_Create_Dupe_Group[1: TestCase{storageType=DB, groupName='Kzs5bMuZAf', path='null', file=n/a}]" classname="com.dotcms.storage.StoragePersistenceAPITest" time="0.003"/>
  <testcase name="Test_Push_Large_File[0: TestCase{storageType=FILE_SYSTEM, groupName='6O39QntM61', path='fixed-large-file-path', file=testFile9614088474994599427.bin}]" classname="com.dotcms.storage.StoragePersistenceAPITest" time="0.031"/>
  <testcase name="Test_Push_Large_File[1: TestCase{storageType=DB, groupName='6O39QntM61', path='fixed-large-file-path', file=testFile9614088474994599427.bin}]" classname="com.dotcms.storage.StoragePersistenceAPITest" time="0.107"/>
  <system-out><![CDATA[]]></system-out>
  <system-err><![CDATA[]]></system-err>
</testsuite>
