<?xml version="1.0" encoding="UTF-8"?>
<testsuite name="com.dotmarketing.servlets.ajax.AjaxDirectorServletIntegrationTest" tests="2" skipped="0" failures="0" errors="0" timestamp="2023-07-03T21:55:01" hostname="fv-az351-989" time="1.412">
  <properties/>
  <testcase name="testService[0: com.dotmarketing.servlets.ajax.AjaxDirectorServletTestCase@57c3e053]" classname="com.dotmarketing.servlets.ajax.AjaxDirectorServletIntegrationTest" time="0.952"/>
  <testcase name="testService[1: com.dotmarketing.servlets.ajax.AjaxDirectorServletTestCase@282e06a6]" classname="com.dotmarketing.servlets.ajax.AjaxDirectorServletIntegrationTest" time="0.46"/>
  <system-out><![CDATA[]]></system-out>
  <system-err><![CDATA[]]></system-err>
</testsuite>
