<?xml version="1.0" encoding="UTF-8"?>
<testsuite name="com.dotcms.rest.api.v1.vtl.VTLResourceIntegrationTest" tests="6" skipped="0" failures="0" errors="0" timestamp="2023-06-28T14:53:05" hostname="fv-az1135-364" time="10.408">
  <properties/>
  <testcase name="testGet[0: com.dotcms.rest.api.v1.vtl.VTLResourceTestCase@fb24b47]" classname="com.dotcms.rest.api.v1.vtl.VTLResourceIntegrationTest" time="2.437"/>
  <testcase name="testGet[1: com.dotcms.rest.api.v1.vtl.VTLResourceTestCase@25194db7]" classname="com.dotcms.rest.api.v1.vtl.VTLResourceIntegrationTest" time="1.866"/>
  <testcase name="testGet[2: com.dotcms.rest.api.v1.vtl.VTLResourceTestCase@56e66f84]" classname="com.dotcms.rest.api.v1.vtl.VTLResourceIntegrationTest" time="2.19"/>
  <testcase name="testGet[3: com.dotcms.rest.api.v1.vtl.VTLResourceTestCase@672b9a75]" classname="com.dotcms.rest.api.v1.vtl.VTLResourceIntegrationTest" time="0.91"/>
  <testcase name="testGet[4: com.dotcms.rest.api.v1.vtl.VTLResourceTestCase@7a5e0da4]" classname="com.dotcms.rest.api.v1.vtl.VTLResourceIntegrationTest" time="1.982"/>
  <testcase name="testGet[5: com.dotcms.rest.api.v1.vtl.VTLResourceTestCase@154593ad]" classname="com.dotcms.rest.api.v1.vtl.VTLResourceIntegrationTest" time="1.023"/>
  <system-out><![CDATA[]]></system-out>
  <system-err><![CDATA[]]></system-err>
</testsuite>
