<?xml version="1.0" encoding="UTF-8"?>
<testsuite name="com.dotcms.rest.api.v1.vtl.VTLResourceIntegrationTest" tests="6" skipped="0" failures="0" errors="0" timestamp="2023-07-11T00:59:39" hostname="fv-az336-51" time="15.228">
  <properties/>
  <testcase name="testGet[0: com.dotcms.rest.api.v1.vtl.VTLResourceTestCase@2df13143]" classname="com.dotcms.rest.api.v1.vtl.VTLResourceIntegrationTest" time="2.135"/>
  <testcase name="testGet[1: com.dotcms.rest.api.v1.vtl.VTLResourceTestCase@279a9415]" classname="com.dotcms.rest.api.v1.vtl.VTLResourceIntegrationTest" time="3.156"/>
  <testcase name="testGet[2: com.dotcms.rest.api.v1.vtl.VTLResourceTestCase@21fed38d]" classname="com.dotcms.rest.api.v1.vtl.VTLResourceIntegrationTest" time="3.005"/>
  <testcase name="testGet[3: com.dotcms.rest.api.v1.vtl.VTLResourceTestCase@7e878ba9]" classname="com.dotcms.rest.api.v1.vtl.VTLResourceIntegrationTest" time="2.734"/>
  <testcase name="testGet[4: com.dotcms.rest.api.v1.vtl.VTLResourceTestCase@5a58c613]" classname="com.dotcms.rest.api.v1.vtl.VTLResourceIntegrationTest" time="2.019"/>
  <testcase name="testGet[5: com.dotcms.rest.api.v1.vtl.VTLResourceTestCase@2991cb71]" classname="com.dotcms.rest.api.v1.vtl.VTLResourceIntegrationTest" time="2.179"/>
  <system-out><![CDATA[]]></system-out>
  <system-err><![CDATA[]]></system-err>
</testsuite>
