<?xml version="1.0" encoding="UTF-8"?>
<testsuite name="com.dotcms.enterprise.priv.ESSearchProxyTest" tests="3" skipped="0" failures="0" errors="0" timestamp="2023-06-29T23:20:58" hostname="fv-az442-763" time="3.673">
  <properties/>
  <testcase name="test_esSearch_WithoutLicense_Success" classname="com.dotcms.enterprise.priv.ESSearchProxyTest" time="0.1"/>
  <testcase name="test_esSearch_WithLicense_Success" classname="com.dotcms.enterprise.priv.ESSearchProxyTest" time="0.013"/>
  <testcase name="test_esSearch_WithDates_Success" classname="com.dotcms.enterprise.priv.ESSearchProxyTest" time="3.558"/>
  <system-out><![CDATA[]]></system-out>
  <system-err><![CDATA[]]></system-err>
</testsuite>
