<?xml version="1.0" encoding="UTF-8"?>
<testsuite name="com.dotcms.experiments.business.IndexRegexUrlPatterStrategyIntegrationTest" tests="5" skipped="0" failures="0" errors="0" timestamp="2023-07-18T17:37:40" hostname="fv-az370-360" time="8.157">
  <properties/>
  <testcase name="httpsRealRootIndexPageNotLocalhost" classname="com.dotcms.experiments.business.IndexRegexUrlPatterStrategyIntegrationTest" time="1.939"/>
  <testcase name="notIndexPage" classname="com.dotcms.experiments.business.IndexRegexUrlPatterStrategyIntegrationTest" time="2.064"/>
  <testcase name="realIndexPage" classname="com.dotcms.experiments.business.IndexRegexUrlPatterStrategyIntegrationTest" time="1.096"/>
  <testcase name="httpsRealRootIndexPage" classname="com.dotcms.experiments.business.IndexRegexUrlPatterStrategyIntegrationTest" time="1.897"/>
  <testcase name="realIndexPageNotLocalhost" classname="com.dotcms.experiments.business.IndexRegexUrlPatterStrategyIntegrationTest" time="1.161"/>
  <system-out><![CDATA[]]></system-out>
  <system-err><![CDATA[]]></system-err>
</testsuite>
