<?xml version="1.0" encoding="UTF-8"?>
<testsuite name="com.dotmarketing.portlets.contentlet.business.web.ContentletWebAPIImplIntegrationTest" tests="8" skipped="0" failures="0" errors="0" timestamp="2023-07-11T02:24:52" hostname="fv-az407-783" time="18.936">
  <properties/>
  <testcase name="whenOldNameIsSubstring" classname="com.dotmarketing.portlets.contentlet.business.web.ContentletWebAPIImplIntegrationTest" time="3.671"/>
  <testcase name="whenHostNameChangeShouldUpdateContainerPath" classname="com.dotmarketing.portlets.contentlet.business.web.ContentletWebAPIImplIntegrationTest" time="2.998"/>
  <testcase name="whenHostNameNotChange" classname="com.dotmarketing.portlets.contentlet.business.web.ContentletWebAPIImplIntegrationTest" time="2.892"/>
  <testcase name="whenHostNameChangeShouldUpdatePageTemplatePath" classname="com.dotmarketing.portlets.contentlet.business.web.ContentletWebAPIImplIntegrationTest" time="1.697"/>
  <testcase name="whenHostNameChangeWithLegacyTemplateLayout" classname="com.dotmarketing.portlets.contentlet.business.web.ContentletWebAPIImplIntegrationTest" time="3.439"/>
  <testcase name="whenNewNameIsSubstring" classname="com.dotmarketing.portlets.contentlet.business.web.ContentletWebAPIImplIntegrationTest" time="3.012"/>
  <testcase name="testSavePersonaWithLicenseShouldPass" classname="com.dotmarketing.portlets.contentlet.business.web.ContentletWebAPIImplIntegrationTest" time="1.129"/>
  <testcase name="testSavePersonaWithoutLicenseShouldFail" classname="com.dotmarketing.portlets.contentlet.business.web.ContentletWebAPIImplIntegrationTest" time="0.097"/>
  <system-out><![CDATA[]]></system-out>
  <system-err><![CDATA[]]></system-err>
</testsuite>
