<?xml version="1.0" encoding="UTF-8"?>
<testsuite name="com.dotmarketing.business.DeterministicIdentifierAPITest" tests="16" skipped="0" failures="0" errors="0" timestamp="2023-06-26T20:00:58" hostname="fv-az1114-884" time="1.423">
  <properties/>
  <testcase name="Test_Category_Path_Seed_And_Id" classname="com.dotmarketing.business.DeterministicIdentifierAPITest" time="0.025"/>
  <testcase name="Test_Language_Deterministic_Id[0: LanguageTestCase{expectedSeed='Language:es:US', expectedHash=4913155, langCode='es', countryCode='US', country='United States'}]" classname="com.dotmarketing.business.DeterministicIdentifierAPITest" time="0.001"/>
  <testcase name="Test_Language_Deterministic_Id[1: LanguageTestCase{expectedSeed='Language:ep:', expectedHash=5292269, langCode='ep', countryCode='', country=''}]" classname="com.dotmarketing.business.DeterministicIdentifierAPITest" time="0.001"/>
  <testcase name="Test_Language_Deterministic_Id[2: LanguageTestCase{expectedSeed='Language:sg:SAG', expectedHash=4713118, langCode='sg', countryCode='SAG', country=''}]" classname="com.dotmarketing.business.DeterministicIdentifierAPITest" time="0.001"/>
  <testcase name="Test_Language_Deterministic_Id[3: LanguageTestCase{expectedSeed='Language:en:NZ', expectedHash=5382528, langCode='en', countryCode='NZ', country='New Zealand'}]" classname="com.dotmarketing.business.DeterministicIdentifierAPITest" time="0.001"/>
  <testcase name="Test_Category_None_Persisted_Category_Should_Return_Deterministic_Id" classname="com.dotmarketing.business.DeterministicIdentifierAPITest" time="0.001"/>
  <testcase name="Test_Asset_Generate_Deterministic_Id_Best_Effort[0: TestCase{versionable=my.host1687804061408.com, parent=System Host, expectedName='my.host1687804061408.com', expectedType='Host'}]" classname="com.dotmarketing.business.DeterministicIdentifierAPITest" time="0.005"/>
  <testcase name="Test_Asset_Generate_Deterministic_Id_Best_Effort[1: TestCase{versionable=com.dotmarketing.portlets.contentlet.model.Contentlet@d7989d4[map={modDate=2023-06-26 18:27:42.406, fileName=file1647021627331356164.txt, title=file1647021627331356164.txt, inode=4a8295df-1542-4b01-99ad-6736cd7584b4, __IS_NEW_CONTENT__=true, disabledWYSIWYG=[], host=77c49415-e1eb-40e9-91dc-578820b52455, stInode=33888b6f-7a8e-4069-b1b6-5c1aa9d0a48d, owner=system, identifier=786b24a3-82e7-42a3-9308-a8307135d353, nullProperties=[wfExpireDate, wfPublishDate, wfActionAssign, wfActionId, wfActionComments, filterKey, whereToSend, wfNeverExpire, _path_to_move, timezoneId, iWantTo, wfPublishTime, wfExpireTime], languageId=1, fileAsset=/home/runner/work/core/custom/assets/4/a/4a8295df-1542-4b01-99ad-6736cd7584b4/fileAsset/file1647021627331356164.txt, folder=c7923642-8f14-410e-837a-fa1341bd0564, __disable_workflow__=true, sortOrder=0, modUser=system},lowIndexPriority=false,variantId=DEFAULT], parent=com.dotmarketing.portlets.folders.model.Folder@34cbcd03[identifier=c7923642-8f14-410e-837a-fa1341bd0564,name=testName1687804062396,sortOrder=0,showOnMenu=false,hostId=77c49415-e1eb-40e9-91dc-578820b52455,type=folder,title=testTitle1687804062396,filesMasks=,defaultFileType=33888b6f-7a8e-4069-b1b6-5c1aa9d0a48d,modDate=2023-06-26 18:27:42.399,owner=&lt;null&gt;,iDate=2023-06-26 18:27:42.399,inode=c7923642-8f14-410e-837a-fa1341bd0564,path=/testName1687804062396/], expectedName='file1647021627331356164.txt', expectedType='FileAsset'}]" classname="com.dotmarketing.business.DeterministicIdentifierAPITest" time="0.003"/>
  <testcase name="Test_Asset_Generate_Deterministic_Id_Best_Effort[2: TestCase{versionable=com.dotmarketing.portlets.templates.model.Template@c5b7805d, parent=my.host1687804061408.com, expectedName='testTitle1687804062482', expectedType='Template'}]" classname="com.dotmarketing.business.DeterministicIdentifierAPITest" time="0.002"/>
  <testcase name="Test_Asset_Generate_Deterministic_Id_Best_Effort[3: TestCase{versionable=com.dotmarketing.portlets.htmlpageasset.model.HTMLPageAsset@3ee008b5[map={template=0512d3f7-7941-4592-8332-0a5f062bb346, owner=system, identifier=993a5871-99b3-4637-8779-7a2c70c88b66, nullProperties=[wfExpireDate, wfPublishDate, wfActionAssign, wfActionId, wfActionComments, filterKey, whereToSend, wfNeverExpire, _path_to_move, timezoneId, iWantTo, wfPublishTime, wfExpireTime], modDate=2023-06-26 18:27:42.496, cachettl=0, _is_test_mode=true, languageId=1, title=test-page-title-1687804062493, httpsreq=, url=test-page-url-1687804062493, showOnMenu=, inode=fafb14ef-0aea-4bf0-9af5-010689ab4e04, folder=c7923642-8f14-410e-837a-fa1341bd0564, disabledWYSIWYG=[], sortOrder=1, modUser=system, host=77c49415-e1eb-40e9-91dc-578820b52455, stInode=c541abb1-69b3-4bc5-8430-5e09e5239cc8, friendlyName=test-page-friendly-name-1687804062493},lowIndexPriority=false,variantId=DEFAULT], parent=com.dotmarketing.portlets.folders.model.Folder@34cbcd03[identifier=c7923642-8f14-410e-837a-fa1341bd0564,name=testName1687804062396,sortOrder=0,showOnMenu=false,hostId=77c49415-e1eb-40e9-91dc-578820b52455,type=folder,title=testTitle1687804062396,filesMasks=,defaultFileType=33888b6f-7a8e-4069-b1b6-5c1aa9d0a48d,modDate=2023-06-26 18:27:42.399,owner=&lt;null&gt;,iDate=2023-06-26 18:27:42.399,inode=c7923642-8f14-410e-837a-fa1341bd0564,path=/testName1687804062396/], expectedName='test-page-url-1687804062493', expectedType='htmlpageasset'}]" classname="com.dotmarketing.business.DeterministicIdentifierAPITest" time="0.002"/>
  <testcase name="Test_Asset_Generate_Deterministic_Id_Best_Effort[4: TestCase{versionable=com.dotmarketing.portlets.contentlet.model.Contentlet@40e93799[map={fileAsset2=/home/runner/work/core/custom/assets/1/9/1912a97c-a0ff-42f8-93e1-0c99aaf29628/fileAsset2/test_binary1687804063374.png, modDate=2023-06-26 18:27:43.379, fileAsset1=/home/runner/work/core/custom/assets/1/9/1912a97c-a0ff-42f8-93e1-0c99aaf29628/fileAsset1/test_binary1687804063373.jpg, title=blah, inode=1912a97c-a0ff-42f8-93e1-0c99aaf29628, __IS_NEW_CONTENT__=true, disabledWYSIWYG=[], host=8a7d5e23-da1e-420a-b4f0-471e7da8ea2d, stInode=766a303a-2af2-4b2e-94e1-67ef5e006eb6, owner=system, identifier=c2ef0aec-22e8-403f-9759-578cbd44bcc8, nullProperties=[], languageId=1, image1=c1dcaca0-d913-4322-a127-1e8793699852, folder=SYSTEM_FOLDER, __disable_workflow__=true, sortOrder=0, modUser=system},lowIndexPriority=false,variantId=DEFAULT], parent=default, expectedName='test_binary1687804063373.jpg:test_binary1687804063374.png', expectedType='MultipleBinaries1687804062609'}]" classname="com.dotmarketing.business.DeterministicIdentifierAPITest" time="0.007"/>
  <testcase name="Test_Asset_Generate_Deterministic_Id_Best_Effort[5: TestCase{versionable=name63cbe7b780 : keyTag63cbe7b780, parent=my.host1687804061408.com, expectedName='keyTag63cbe7b780', expectedType='persona'}]" classname="com.dotmarketing.business.DeterministicIdentifierAPITest" time="0.005"/>
  <testcase name="Test_Similar_Content_Type_Wont_Clash" classname="com.dotmarketing.business.DeterministicIdentifierAPITest" time="0.404"/>
  <testcase name="Test_Generate_Folder_Identifier" classname="com.dotmarketing.business.DeterministicIdentifierAPITest" time="0.947"/>
  <testcase name="Test_Generate_Content_Type_Identifier[0: ContentTypeTestCase{contentType=KeyValueContentType{name=Language Variable, id=f4d7c1b8-2c88-4071-abf1-a5328977b07d, description=Default Content Type for Language Variables, defaultType=false, fixed=true, iDate=Thu Aug 31 16:38:49 UTC 2017, system=true, versionable=true, variable=Languagevariable, modDate=Mon Jun 26 18:24:23 UTC 2023, host=SYSTEM_HOST, siteName=systemHost, icon=language, sortOrder=0, folder=SYSTEM_FOLDER, folderPath=/, markedForDeletion=false, multilingualable=false}, expectedName='Languagevariable', expectedType='KeyValue'}]" classname="com.dotmarketing.business.DeterministicIdentifierAPITest" time="0.006"/>
  <testcase name="Test_Generate_Content_Type_Identifier[1: ContentTypeTestCase{contentType=SimpleContentType{name=testName1687804063644, id=ba62afe7-1425-4646-b8cc-9f87814c0216, description=testDescription1687804063644, defaultType=false, fixed=false, iDate=Mon Jun 26 18:27:43 UTC 2023, system=false, versionable=true, multilingualable=false, variable=testVarname1687804063644, owner=system, modDate=Mon Jun 26 18:27:44 UTC 2023, host=8a7d5e23-da1e-420a-b4f0-471e7da8ea2d, siteName=default, icon=event_note, sortOrder=0, folder=SYSTEM_FOLDER, folderPath=/, requiredFields=[], markedForDeletion=false}, expectedName='testVarname1687804063644', expectedType='CONTENT'}]" classname="com.dotmarketing.business.DeterministicIdentifierAPITest" time="0.005"/>
  <system-out><![CDATA[]]></system-out>
  <system-err><![CDATA[]]></system-err>
</testsuite>
