<?xml version="1.0" encoding="UTF-8"?>
<testsuite name="com.dotmarketing.factories.WebAssetFactoryTest" tests="3" skipped="0" failures="0" errors="0" timestamp="2023-07-10T15:29:32" hostname="fv-az309-162" time="0.485">
  <properties/>
  <testcase name="testGetAssetsWorkingBy_CMS_ANON" classname="com.dotmarketing.factories.WebAssetFactoryTest" time="0.442"/>
  <testcase name="testGetAssetsWorkingBy_A_Shlub" classname="com.dotmarketing.factories.WebAssetFactoryTest" time="0.028"/>
  <testcase name="testGetAssetsWorkingBytheSystemUser" classname="com.dotmarketing.factories.WebAssetFactoryTest" time="0.013"/>
  <system-out><![CDATA[]]></system-out>
  <system-err><![CDATA[]]></system-err>
</testsuite>
