<?xml version="1.0" encoding="UTF-8"?>
<testsuite name="com.dotmarketing.business.DeterministicIdentifierAPITest" tests="16" skipped="0" failures="0" errors="0" timestamp="2023-06-28T17:56:27" hostname="fv-az842-670" time="1.515">
  <properties/>
  <testcase name="Test_Category_Path_Seed_And_Id" classname="com.dotmarketing.business.DeterministicIdentifierAPITest" time="0.031"/>
  <testcase name="Test_Language_Deterministic_Id[0: LanguageTestCase{expectedSeed='Language:es:US', expectedHash=4913155, langCode='es', countryCode='US', country='United States'}]" classname="com.dotmarketing.business.DeterministicIdentifierAPITest" time="0.002"/>
  <testcase name="Test_Language_Deterministic_Id[1: LanguageTestCase{expectedSeed='Language:ep:', expectedHash=5292269, langCode='ep', countryCode='', country=''}]" classname="com.dotmarketing.business.DeterministicIdentifierAPITest" time="0.001"/>
  <testcase name="Test_Language_Deterministic_Id[2: LanguageTestCase{expectedSeed='Language:sg:SAG', expectedHash=4713118, langCode='sg', countryCode='SAG', country=''}]" classname="com.dotmarketing.business.DeterministicIdentifierAPITest" time="0.001"/>
  <testcase name="Test_Language_Deterministic_Id[3: LanguageTestCase{expectedSeed='Language:en:NZ', expectedHash=5382528, langCode='en', countryCode='NZ', country='New Zealand'}]" classname="com.dotmarketing.business.DeterministicIdentifierAPITest" time="0.001"/>
  <testcase name="Test_Category_None_Persisted_Category_Should_Return_Deterministic_Id" classname="com.dotmarketing.business.DeterministicIdentifierAPITest" time="0.002"/>
  <testcase name="Test_Asset_Generate_Deterministic_Id_Best_Effort[0: TestCase{versionable=my.host1687974556781.com, parent=System Host, expectedName='my.host1687974556781.com', expectedType='Host'}]" classname="com.dotmarketing.business.DeterministicIdentifierAPITest" time="0.004"/>
  <testcase name="Test_Asset_Generate_Deterministic_Id_Best_Effort[1: TestCase{versionable=com.dotmarketing.portlets.contentlet.model.Contentlet@381821a9[map={modDate=2023-06-28 17:49:17.289, fileName=file4176879186622650730.txt, title=file4176879186622650730.txt, inode=4405e140-29ef-4e98-8c6d-593cbfac4c7f, __IS_NEW_CONTENT__=true, disabledWYSIWYG=[], host=ee24a69d-95f9-4f8c-8f11-a15691e7679d, stInode=33888b6f-7a8e-4069-b1b6-5c1aa9d0a48d, owner=system, identifier=bee3097a-db67-4eab-90ee-7b7b0a0b824d, nullProperties=[wfExpireDate, wfPublishDate, wfActionAssign, wfActionId, wfActionComments, filterKey, whereToSend, wfNeverExpire, _path_to_move, timezoneId, iWantTo, wfPublishTime, wfExpireTime], languageId=1, fileAsset=/home/runner/work/core/custom/assets/4/4/4405e140-29ef-4e98-8c6d-593cbfac4c7f/fileAsset/file4176879186622650730.txt, folder=7b55d2a1-5eaa-4d60-af3b-f243fd739cf3, __disable_workflow__=true, sortOrder=0, modUser=system},lowIndexPriority=false,variantId=DEFAULT], parent=com.dotmarketing.portlets.folders.model.Folder@58606e9f[identifier=7b55d2a1-5eaa-4d60-af3b-f243fd739cf3,name=testName1687974557279,sortOrder=0,showOnMenu=false,hostId=ee24a69d-95f9-4f8c-8f11-a15691e7679d,type=folder,title=testTitle1687974557279,filesMasks=,defaultFileType=33888b6f-7a8e-4069-b1b6-5c1aa9d0a48d,modDate=2023-06-28 17:49:17.283,owner=&lt;null&gt;,iDate=2023-06-28 17:49:17.283,inode=7b55d2a1-5eaa-4d60-af3b-f243fd739cf3,path=/testName1687974557279/], expectedName='file4176879186622650730.txt', expectedType='FileAsset'}]" classname="com.dotmarketing.business.DeterministicIdentifierAPITest" time="0.005"/>
  <testcase name="Test_Asset_Generate_Deterministic_Id_Best_Effort[2: TestCase{versionable=com.dotmarketing.portlets.templates.model.Template@2ec354a2, parent=my.host1687974556781.com, expectedName='testTitle1687974557447', expectedType='Template'}]" classname="com.dotmarketing.business.DeterministicIdentifierAPITest" time="0.004"/>
  <testcase name="Test_Asset_Generate_Deterministic_Id_Best_Effort[3: TestCase{versionable=com.dotmarketing.portlets.htmlpageasset.model.HTMLPageAsset@16279e30[map={template=8ebf7169-a41c-4a64-abee-95cb3920e77a, owner=system, identifier=3dc9325a-a865-428e-b1ab-e0272cc33e7e, nullProperties=[wfExpireDate, wfPublishDate, wfActionAssign, wfActionId, wfActionComments, filterKey, whereToSend, wfNeverExpire, _path_to_move, timezoneId, iWantTo, wfPublishTime, wfExpireTime], modDate=2023-06-28 17:49:17.485, cachettl=0, _is_test_mode=true, languageId=1, title=test-page-title-1687974557480, httpsreq=, url=test-page-url-1687974557480, showOnMenu=, inode=42f17ce8-e6a5-488a-81b8-a494dccd2a11, folder=7b55d2a1-5eaa-4d60-af3b-f243fd739cf3, disabledWYSIWYG=[], sortOrder=1, modUser=system, host=ee24a69d-95f9-4f8c-8f11-a15691e7679d, stInode=c541abb1-69b3-4bc5-8430-5e09e5239cc8, friendlyName=test-page-friendly-name-1687974557480},lowIndexPriority=false,variantId=DEFAULT], parent=com.dotmarketing.portlets.folders.model.Folder@58606e9f[identifier=7b55d2a1-5eaa-4d60-af3b-f243fd739cf3,name=testName1687974557279,sortOrder=0,showOnMenu=false,hostId=ee24a69d-95f9-4f8c-8f11-a15691e7679d,type=folder,title=testTitle1687974557279,filesMasks=,defaultFileType=33888b6f-7a8e-4069-b1b6-5c1aa9d0a48d,modDate=2023-06-28 17:49:17.283,owner=&lt;null&gt;,iDate=2023-06-28 17:49:17.283,inode=7b55d2a1-5eaa-4d60-af3b-f243fd739cf3,path=/testName1687974557279/], expectedName='test-page-url-1687974557480', expectedType='htmlpageasset'}]" classname="com.dotmarketing.business.DeterministicIdentifierAPITest" time="0.004"/>
  <testcase name="Test_Asset_Generate_Deterministic_Id_Best_Effort[4: TestCase{versionable=com.dotmarketing.portlets.contentlet.model.Contentlet@1086dbe[map={fileAsset2=/home/runner/work/core/custom/assets/e/c/ecc42664-7ab0-4873-aac4-60ea3d23fd74/fileAsset2/test_binary1687974559330.png, modDate=2023-06-28 17:49:19.337, fileAsset1=/home/runner/work/core/custom/assets/e/c/ecc42664-7ab0-4873-aac4-60ea3d23fd74/fileAsset1/test_binary1687974559330.jpg, title=blah, inode=ecc42664-7ab0-4873-aac4-60ea3d23fd74, __IS_NEW_CONTENT__=true, disabledWYSIWYG=[], host=48190c8c-42c4-46af-8d1a-0cd5db894797, stInode=1e66cac4-ff0f-40e4-8273-090074eb39a1, owner=system, identifier=5232b5a6-bec5-4d62-9d00-ddf975ef0267, nullProperties=[], languageId=1, image1=d3671ff6-d838-46c4-b910-76755cf9b9b4, folder=SYSTEM_FOLDER, __disable_workflow__=true, sortOrder=0, modUser=system},lowIndexPriority=false,variantId=DEFAULT], parent=demo.dotcms.com, expectedName='test_binary1687974559330.jpg:test_binary1687974559330.png', expectedType='MultipleBinaries1687974557695'}]" classname="com.dotmarketing.business.DeterministicIdentifierAPITest" time="0.005"/>
  <testcase name="Test_Asset_Generate_Deterministic_Id_Best_Effort[5: TestCase{versionable=name64472ee7ae : keyTag64472ee7ae, parent=my.host1687974556781.com, expectedName='keyTag64472ee7ae', expectedType='persona'}]" classname="com.dotmarketing.business.DeterministicIdentifierAPITest" time="0.004"/>
  <testcase name="Test_Similar_Content_Type_Wont_Clash" classname="com.dotmarketing.business.DeterministicIdentifierAPITest" time="0.734"/>
  <testcase name="Test_Generate_Folder_Identifier" classname="com.dotmarketing.business.DeterministicIdentifierAPITest" time="0.684"/>
  <testcase name="Test_Generate_Content_Type_Identifier[0: ContentTypeTestCase{contentType=KeyValueContentType{name=Language Variable, id=f4d7c1b8-2c88-4071-abf1-a5328977b07d, description=Default Content Type for Language Variables, defaultType=false, fixed=true, iDate=Thu Aug 31 16:38:49 UTC 2017, system=true, versionable=true, variable=Languagevariable, modDate=Wed Jun 28 16:36:05 UTC 2023, host=SYSTEM_HOST, siteName=systemHost, icon=language, sortOrder=0, folder=SYSTEM_FOLDER, folderPath=/, markedForDeletion=true, multilingualable=false}, expectedName='Languagevariable', expectedType='KeyValue'}]" classname="com.dotmarketing.business.DeterministicIdentifierAPITest" time="0.02"/>
  <testcase name="Test_Generate_Content_Type_Identifier[1: ContentTypeTestCase{contentType=SimpleContentType{name=testName1687974559806, id=80967d58-f035-4268-81ab-b5db5721630e, description=testDescription1687974559806, defaultType=false, fixed=false, iDate=Wed Jun 28 17:49:19 UTC 2023, system=false, versionable=true, multilingualable=false, variable=testVarname1687974559806, owner=system, modDate=Wed Jun 28 17:49:21 UTC 2023, host=48190c8c-42c4-46af-8d1a-0cd5db894797, siteName=demo.dotcms.com, icon=event_note, sortOrder=0, folder=SYSTEM_FOLDER, folderPath=/, requiredFields=[], markedForDeletion=false}, expectedName='testVarname1687974559806', expectedType='CONTENT'}]" classname="com.dotmarketing.business.DeterministicIdentifierAPITest" time="0.007"/>
  <system-out><![CDATA[]]></system-out>
  <system-err><![CDATA[]]></system-err>
</testsuite>
