<?xml version="1.0" encoding="UTF-8"?>
<testsuite name="com.dotmarketing.portlets.structure.model.ContentletRelationshipsTest" tests="7" skipped="0" failures="0" errors="0" timestamp="2023-06-30T16:14:04" hostname="fv-az470-104" time="10.533">
  <properties/>
  <testcase name="testDoesAllowOnlyOne[0: com.dotmarketing.portlets.structure.model.ContentletRelationshipsTest$CardinalityTestCase@75c9428c]" classname="com.dotmarketing.portlets.structure.model.ContentletRelationshipsTest" time="0.741"/>
  <testcase name="testDoesAllowOnlyOne[1: com.dotmarketing.portlets.structure.model.ContentletRelationshipsTest$CardinalityTestCase@77cb314e]" classname="com.dotmarketing.portlets.structure.model.ContentletRelationshipsTest" time="0.662"/>
  <testcase name="testDoesAllowOnlyOne[2: com.dotmarketing.portlets.structure.model.ContentletRelationshipsTest$CardinalityTestCase@66f0fa0a]" classname="com.dotmarketing.portlets.structure.model.ContentletRelationshipsTest" time="0.726"/>
  <testcase name="testGetRelationshipRecords[0: com.dotmarketing.portlets.structure.model.ContentletRelationshipsTest$TestCase@22b6f7af]" classname="com.dotmarketing.portlets.structure.model.ContentletRelationshipsTest" time="2.477"/>
  <testcase name="testGetRelationshipRecords[1: com.dotmarketing.portlets.structure.model.ContentletRelationshipsTest$TestCase@1d540c57]" classname="com.dotmarketing.portlets.structure.model.ContentletRelationshipsTest" time="2.416"/>
  <testcase name="testGetRelationshipRecords[2: com.dotmarketing.portlets.structure.model.ContentletRelationshipsTest$TestCase@333b0ff2]" classname="com.dotmarketing.portlets.structure.model.ContentletRelationshipsTest" time="1.282"/>
  <testcase name="testGetRelationshipRecords[3: com.dotmarketing.portlets.structure.model.ContentletRelationshipsTest$TestCase@52fa8335]" classname="com.dotmarketing.portlets.structure.model.ContentletRelationshipsTest" time="2.224"/>
  <system-out><![CDATA[]]></system-out>
  <system-err><![CDATA[]]></system-err>
</testsuite>
