<?xml version="1.0" encoding="UTF-8"?>
<testsuite name="com.dotcms.rest.api.v1.vtl.VTLResourceIntegrationTest" tests="6" skipped="0" failures="0" errors="0" timestamp="2023-07-06T17:55:44" hostname="fv-az749-409" time="12.204">
  <properties/>
  <testcase name="testGet[0: com.dotcms.rest.api.v1.vtl.VTLResourceTestCase@72a00647]" classname="com.dotcms.rest.api.v1.vtl.VTLResourceIntegrationTest" time="2.328"/>
  <testcase name="testGet[1: com.dotcms.rest.api.v1.vtl.VTLResourceTestCase@30f22e9c]" classname="com.dotcms.rest.api.v1.vtl.VTLResourceIntegrationTest" time="1.76"/>
  <testcase name="testGet[2: com.dotcms.rest.api.v1.vtl.VTLResourceTestCase@38eae5c5]" classname="com.dotcms.rest.api.v1.vtl.VTLResourceIntegrationTest" time="2.088"/>
  <testcase name="testGet[3: com.dotcms.rest.api.v1.vtl.VTLResourceTestCase@612246dd]" classname="com.dotcms.rest.api.v1.vtl.VTLResourceIntegrationTest" time="1.989"/>
  <testcase name="testGet[4: com.dotcms.rest.api.v1.vtl.VTLResourceTestCase@1342f680]" classname="com.dotcms.rest.api.v1.vtl.VTLResourceIntegrationTest" time="1.968"/>
  <testcase name="testGet[5: com.dotcms.rest.api.v1.vtl.VTLResourceTestCase@32e5bcba]" classname="com.dotcms.rest.api.v1.vtl.VTLResourceIntegrationTest" time="2.07"/>
  <system-out><![CDATA[]]></system-out>
  <system-err><![CDATA[]]></system-err>
</testsuite>
