<?xml version="1.0" encoding="UTF-8"?>
<testsuite name="com.dotmarketing.startup.runonce.Task05210CreateDefaultDotAssetTest" tests="1" skipped="0" failures="0" errors="0" timestamp="2023-07-11T15:36:16" hostname="fv-az399-769" time="1.217">
  <properties/>
  <testcase name="Test_Upgrade_Task" classname="com.dotmarketing.startup.runonce.Task05210CreateDefaultDotAssetTest" time="1.217"/>
  <system-out><![CDATA[]]></system-out>
  <system-err><![CDATA[]]></system-err>
</testsuite>
