<?xml version="1.0" encoding="UTF-8"?>
<testsuite name="com.dotmarketing.business.DeterministicIdentifierAPITest" tests="16" skipped="0" failures="0" errors="0" timestamp="2023-07-13T19:18:32" hostname="fv-az178-328" time="1.404">
  <properties/>
  <testcase name="Test_Category_Path_Seed_And_Id" classname="com.dotmarketing.business.DeterministicIdentifierAPITest" time="0.026"/>
  <testcase name="Test_Language_Deterministic_Id[0: LanguageTestCase{expectedSeed='Language:es:US', expectedHash=4913155, langCode='es', countryCode='US', country='United States'}]" classname="com.dotmarketing.business.DeterministicIdentifierAPITest" time="0.001"/>
  <testcase name="Test_Language_Deterministic_Id[1: LanguageTestCase{expectedSeed='Language:ep:', expectedHash=5292269, langCode='ep', countryCode='', country=''}]" classname="com.dotmarketing.business.DeterministicIdentifierAPITest" time="0.001"/>
  <testcase name="Test_Language_Deterministic_Id[2: LanguageTestCase{expectedSeed='Language:sg:SAG', expectedHash=4713118, langCode='sg', countryCode='SAG', country=''}]" classname="com.dotmarketing.business.DeterministicIdentifierAPITest" time="0.002"/>
  <testcase name="Test_Language_Deterministic_Id[3: LanguageTestCase{expectedSeed='Language:en:NZ', expectedHash=5382528, langCode='en', countryCode='NZ', country='New Zealand'}]" classname="com.dotmarketing.business.DeterministicIdentifierAPITest" time="0.001"/>
  <testcase name="Test_Category_None_Persisted_Category_Should_Return_Deterministic_Id" classname="com.dotmarketing.business.DeterministicIdentifierAPITest" time="0.003"/>
  <testcase name="Test_Asset_Generate_Deterministic_Id_Best_Effort[0: TestCase{versionable=my.host1689275487715.com, parent=System Host, expectedName='my.host1689275487715.com', expectedType='Host'}]" classname="com.dotmarketing.business.DeterministicIdentifierAPITest" time="0.004"/>
  <testcase name="Test_Asset_Generate_Deterministic_Id_Best_Effort[1: TestCase{versionable=com.dotmarketing.portlets.contentlet.model.Contentlet@4f36bb40[map={modDate=2023-07-13 19:11:28.143, fileName=file371962407529849041.txt, title=file371962407529849041.txt, inode=24855dfa-7d48-442c-858e-0c63e54b4a38, __IS_NEW_CONTENT__=true, disabledWYSIWYG=[], host=8265d19a-a3ff-4c2e-ba1a-fd88cc2a442b, stInode=33888b6f-7a8e-4069-b1b6-5c1aa9d0a48d, owner=system, identifier=0f956ac1-a402-4e94-869a-356b773abfb3, nullProperties=[wfExpireDate, wfPublishDate, wfActionAssign, wfActionId, wfActionComments, filterKey, whereToSend, wfNeverExpire, _path_to_move, timezoneId, iWantTo, wfPublishTime, wfExpireTime], languageId=1, fileAsset=/home/runner/work/core/custom/assets/2/4/24855dfa-7d48-442c-858e-0c63e54b4a38/fileAsset/file371962407529849041.txt, folder=180407a2-dfdb-4cda-9d79-07990d36ae6a, __disable_workflow__=true, sortOrder=0, modUser=system},lowIndexPriority=false,variantId=DEFAULT], parent=com.dotmarketing.portlets.folders.model.Folder@63b5d613[identifier=180407a2-dfdb-4cda-9d79-07990d36ae6a,name=testName1689275488135,sortOrder=0,showOnMenu=false,hostId=8265d19a-a3ff-4c2e-ba1a-fd88cc2a442b,type=folder,title=testTitle1689275488135,filesMasks=,defaultFileType=33888b6f-7a8e-4069-b1b6-5c1aa9d0a48d,modDate=2023-07-13 19:11:28.139,owner=&lt;null&gt;,iDate=2023-07-13 19:11:28.139,inode=180407a2-dfdb-4cda-9d79-07990d36ae6a,path=/testName1689275488135/], expectedName='file371962407529849041.txt', expectedType='FileAsset'}]" classname="com.dotmarketing.business.DeterministicIdentifierAPITest" time="0.004"/>
  <testcase name="Test_Asset_Generate_Deterministic_Id_Best_Effort[2: TestCase{versionable=com.dotmarketing.portlets.templates.model.Template@8a4673fa, parent=my.host1689275487715.com, expectedName='testTitle1689275488264', expectedType='Template'}]" classname="com.dotmarketing.business.DeterministicIdentifierAPITest" time="0.003"/>
  <testcase name="Test_Asset_Generate_Deterministic_Id_Best_Effort[3: TestCase{versionable=com.dotmarketing.portlets.htmlpageasset.model.HTMLPageAsset@6147c7df[map={template=04c9a9c8-5784-4a2b-a863-73469053ed3f, owner=system, identifier=030d8302-95d5-4819-bc9a-02ec667a0fb4, nullProperties=[wfExpireDate, wfPublishDate, wfActionAssign, wfActionId, wfActionComments, filterKey, whereToSend, wfNeverExpire, _path_to_move, timezoneId, iWantTo, wfPublishTime, wfExpireTime], modDate=2023-07-13 19:11:28.28, cachettl=0, _is_test_mode=true, languageId=1, title=test-page-title-1689275488275, httpsreq=, url=test-page-url-1689275488275, showOnMenu=, inode=36b6a544-87a0-48b8-91a0-1e1fbdbf0848, folder=180407a2-dfdb-4cda-9d79-07990d36ae6a, disabledWYSIWYG=[], sortOrder=1, modUser=system, host=8265d19a-a3ff-4c2e-ba1a-fd88cc2a442b, stInode=c541abb1-69b3-4bc5-8430-5e09e5239cc8, friendlyName=test-page-friendly-name-1689275488275},lowIndexPriority=false,variantId=DEFAULT], parent=com.dotmarketing.portlets.folders.model.Folder@63b5d613[identifier=180407a2-dfdb-4cda-9d79-07990d36ae6a,name=testName1689275488135,sortOrder=0,showOnMenu=false,hostId=8265d19a-a3ff-4c2e-ba1a-fd88cc2a442b,type=folder,title=testTitle1689275488135,filesMasks=,defaultFileType=33888b6f-7a8e-4069-b1b6-5c1aa9d0a48d,modDate=2023-07-13 19:11:28.139,owner=&lt;null&gt;,iDate=2023-07-13 19:11:28.139,inode=180407a2-dfdb-4cda-9d79-07990d36ae6a,path=/testName1689275488135/], expectedName='test-page-url-1689275488275', expectedType='htmlpageasset'}]" classname="com.dotmarketing.business.DeterministicIdentifierAPITest" time="0.004"/>
  <testcase name="Test_Asset_Generate_Deterministic_Id_Best_Effort[4: TestCase{versionable=com.dotmarketing.portlets.contentlet.model.Contentlet@1e1b3f0[map={fileAsset2=/home/runner/work/core/custom/assets/1/5/1551d6eb-e4f1-4fd9-9fa8-4898f915549f/fileAsset2/test_binary1689275490185.png, modDate=2023-07-13 19:11:30.215, fileAsset1=/home/runner/work/core/custom/assets/1/5/1551d6eb-e4f1-4fd9-9fa8-4898f915549f/fileAsset1/test_binary1689275490185.jpg, title=blah, inode=1551d6eb-e4f1-4fd9-9fa8-4898f915549f, __IS_NEW_CONTENT__=true, disabledWYSIWYG=[], host=48190c8c-42c4-46af-8d1a-0cd5db894797, stInode=9f0d7977-3433-45a9-8d6e-84f74fa97fe5, owner=system, identifier=8b157efd-bedd-421c-9513-22719cd8e6ea, nullProperties=[], languageId=1, image1=46ae76c8-b5f2-41a2-a6e3-6cb14ae44826, folder=SYSTEM_FOLDER, __disable_workflow__=true, sortOrder=0, modUser=system},lowIndexPriority=false,variantId=DEFAULT], parent=demo.dotcms.com, expectedName='test_binary1689275490185.jpg:test_binary1689275490185.png', expectedType='MultipleBinaries1689275488485'}]" classname="com.dotmarketing.business.DeterministicIdentifierAPITest" time="0.004"/>
  <testcase name="Test_Asset_Generate_Deterministic_Id_Best_Effort[5: TestCase{versionable=namec4e80432b7 : keyTagc4e80432b7, parent=my.host1689275487715.com, expectedName='keyTagc4e80432b7', expectedType='persona'}]" classname="com.dotmarketing.business.DeterministicIdentifierAPITest" time="0.003"/>
  <testcase name="Test_Similar_Content_Type_Wont_Clash" classname="com.dotmarketing.business.DeterministicIdentifierAPITest" time="0.542"/>
  <testcase name="Test_Generate_Folder_Identifier" classname="com.dotmarketing.business.DeterministicIdentifierAPITest" time="0.786"/>
  <testcase name="Test_Generate_Content_Type_Identifier[0: ContentTypeTestCase{contentType=KeyValueContentType{name=Language Variable, id=f4d7c1b8-2c88-4071-abf1-a5328977b07d, description=Default Content Type for Language Variables, defaultType=false, fixed=true, iDate=Thu Aug 31 16:38:49 UTC 2017, system=true, versionable=true, variable=Languagevariable, modDate=Thu Jul 13 17:58:34 UTC 2023, host=SYSTEM_HOST, siteName=systemHost, icon=language, sortOrder=0, folder=SYSTEM_FOLDER, folderPath=/, markedForDeletion=true, multilingualable=false}, expectedName='Languagevariable', expectedType='KeyValue'}]" classname="com.dotmarketing.business.DeterministicIdentifierAPITest" time="0.006"/>
  <testcase name="Test_Generate_Content_Type_Identifier[1: ContentTypeTestCase{contentType=SimpleContentType{name=testName1689275490763, id=6d4575bc-cd30-45ca-9d95-3436c6a0174c, description=testDescription1689275490763, defaultType=false, fixed=false, iDate=Thu Jul 13 19:11:30 UTC 2023, system=false, versionable=true, multilingualable=false, variable=testVarname1689275490763, owner=system, modDate=Thu Jul 13 19:11:31 UTC 2023, host=48190c8c-42c4-46af-8d1a-0cd5db894797, siteName=demo.dotcms.com, icon=event_note, sortOrder=0, folder=SYSTEM_FOLDER, folderPath=/, requiredFields=[], markedForDeletion=false}, expectedName='testVarname1689275490763', expectedType='CONTENT'}]" classname="com.dotmarketing.business.DeterministicIdentifierAPITest" time="0.006"/>
  <system-out><![CDATA[]]></system-out>
  <system-err><![CDATA[]]></system-err>
</testsuite>
