<?xml version="1.0" encoding="UTF-8"?>
<testsuite name="com.dotcms.rest.api.v1.vtl.VTLResourceIntegrationTest" tests="6" skipped="0" failures="0" errors="0" timestamp="2023-07-11T23:42:00" hostname="fv-az461-329" time="12.046">
  <properties/>
  <testcase name="testGet[0: com.dotcms.rest.api.v1.vtl.VTLResourceTestCase@6ac839c8]" classname="com.dotcms.rest.api.v1.vtl.VTLResourceIntegrationTest" time="2.118"/>
  <testcase name="testGet[1: com.dotcms.rest.api.v1.vtl.VTLResourceTestCase@585aa5bc]" classname="com.dotcms.rest.api.v1.vtl.VTLResourceIntegrationTest" time="2.002"/>
  <testcase name="testGet[2: com.dotcms.rest.api.v1.vtl.VTLResourceTestCase@5523f4fc]" classname="com.dotcms.rest.api.v1.vtl.VTLResourceIntegrationTest" time="1.923"/>
  <testcase name="testGet[3: com.dotcms.rest.api.v1.vtl.VTLResourceTestCase@f2df525]" classname="com.dotcms.rest.api.v1.vtl.VTLResourceIntegrationTest" time="2.086"/>
  <testcase name="testGet[4: com.dotcms.rest.api.v1.vtl.VTLResourceTestCase@24809b71]" classname="com.dotcms.rest.api.v1.vtl.VTLResourceIntegrationTest" time="2.035"/>
  <testcase name="testGet[5: com.dotcms.rest.api.v1.vtl.VTLResourceTestCase@297aad18]" classname="com.dotcms.rest.api.v1.vtl.VTLResourceIntegrationTest" time="1.882"/>
  <system-out><![CDATA[]]></system-out>
  <system-err><![CDATA[]]></system-err>
</testsuite>
