<?xml version="1.0" encoding="UTF-8"?>
<testsuite name="com.dotmarketing.servlets.ajax.AjaxDirectorServletIntegrationTest" tests="2" skipped="0" failures="0" errors="0" timestamp="2023-07-14T20:38:43" hostname="fv-az251-985" time="1.909">
  <properties/>
  <testcase name="testService[0: com.dotmarketing.servlets.ajax.AjaxDirectorServletTestCase@67e8e8dd]" classname="com.dotmarketing.servlets.ajax.AjaxDirectorServletIntegrationTest" time="0.811"/>
  <testcase name="testService[1: com.dotmarketing.servlets.ajax.AjaxDirectorServletTestCase@612531a1]" classname="com.dotmarketing.servlets.ajax.AjaxDirectorServletIntegrationTest" time="1.098"/>
  <system-out><![CDATA[]]></system-out>
  <system-err><![CDATA[]]></system-err>
</testsuite>
