<?xml version="1.0" encoding="UTF-8"?>
<testsuite name="com.dotmarketing.servlets.ajax.AjaxDirectorServletIntegrationTest" tests="2" skipped="0" failures="0" errors="0" timestamp="2023-06-28T01:02:03" hostname="fv-az614-690" time="2.572">
  <properties/>
  <testcase name="testService[0: com.dotmarketing.servlets.ajax.AjaxDirectorServletTestCase@4d4348c1]" classname="com.dotmarketing.servlets.ajax.AjaxDirectorServletIntegrationTest" time="1.559"/>
  <testcase name="testService[1: com.dotmarketing.servlets.ajax.AjaxDirectorServletTestCase@5530ef02]" classname="com.dotmarketing.servlets.ajax.AjaxDirectorServletIntegrationTest" time="1.013"/>
  <system-out><![CDATA[]]></system-out>
  <system-err><![CDATA[]]></system-err>
</testsuite>
