<?xml version="1.0" encoding="UTF-8"?>
<testsuite name="com.dotmarketing.portlets.workflows.model.WorkflowSearcherTest" tests="1" skipped="0" failures="0" errors="0" timestamp="2023-06-29T06:08:34" hostname="fv-az590-241" time="0.015">
  <properties/>
  <testcase name="issue4134" classname="com.dotmarketing.portlets.workflows.model.WorkflowSearcherTest" time="0.015"/>
  <system-out><![CDATA[]]></system-out>
  <system-err><![CDATA[]]></system-err>
</testsuite>
