<?xml version="1.0" encoding="UTF-8"?>
<testsuite name="com.dotmarketing.startup.runonce.Task220215MigrateDataFromInodeToFolderTest" tests="1" skipped="0" failures="0" errors="0" timestamp="2023-07-18T00:30:52" hostname="fv-az362-624" time="0.068">
  <properties/>
  <testcase name="test_upgradeTask_success" classname="com.dotmarketing.startup.runonce.Task220215MigrateDataFromInodeToFolderTest" time="0.068"/>
  <system-out><![CDATA[]]></system-out>
  <system-err><![CDATA[]]></system-err>
</testsuite>
