<?xml version="1.0" encoding="UTF-8"?>
<testsuite name="com.dotcms.contenttype.business.ContentTypeInitializerTest" tests="2" skipped="0" failures="0" errors="0" timestamp="2023-06-30T22:21:12" hostname="fv-az455-320" time="3.192">
  <properties/>
  <testcase name="test_system_field" classname="com.dotcms.contenttype.business.ContentTypeInitializerTest" time="3.158"/>
  <testcase name="test_content_type_init" classname="com.dotcms.contenttype.business.ContentTypeInitializerTest" time="0.034"/>
  <system-out><![CDATA[]]></system-out>
  <system-err><![CDATA[]]></system-err>
</testsuite>
