<?xml version="1.0" encoding="UTF-8"?>
<testsuite name="com.dotcms.rest.api.v1.vtl.VTLResourceIntegrationTest" tests="6" skipped="0" failures="0" errors="0" timestamp="2023-07-20T03:48:57" hostname="fv-az592-428" time="12.082">
  <properties/>
  <testcase name="testGet[0: com.dotcms.rest.api.v1.vtl.VTLResourceTestCase@2d498cf9]" classname="com.dotcms.rest.api.v1.vtl.VTLResourceIntegrationTest" time="2.27"/>
  <testcase name="testGet[1: com.dotcms.rest.api.v1.vtl.VTLResourceTestCase@34851f22]" classname="com.dotcms.rest.api.v1.vtl.VTLResourceIntegrationTest" time="2.003"/>
  <testcase name="testGet[2: com.dotcms.rest.api.v1.vtl.VTLResourceTestCase@4070e681]" classname="com.dotcms.rest.api.v1.vtl.VTLResourceIntegrationTest" time="1.814"/>
  <testcase name="testGet[3: com.dotcms.rest.api.v1.vtl.VTLResourceTestCase@665378fb]" classname="com.dotcms.rest.api.v1.vtl.VTLResourceIntegrationTest" time="2.094"/>
  <testcase name="testGet[4: com.dotcms.rest.api.v1.vtl.VTLResourceTestCase@71c1e8c]" classname="com.dotcms.rest.api.v1.vtl.VTLResourceIntegrationTest" time="1.957"/>
  <testcase name="testGet[5: com.dotcms.rest.api.v1.vtl.VTLResourceTestCase@1bfc6d42]" classname="com.dotcms.rest.api.v1.vtl.VTLResourceIntegrationTest" time="1.944"/>
  <system-out><![CDATA[]]></system-out>
  <system-err><![CDATA[]]></system-err>
</testsuite>
