<?xml version="1.0" encoding="UTF-8"?>
<testsuite name="com.dotcms.publishing.PublisherAPIImplTest" tests="24" skipped="0" failures="0" errors="0" timestamp="2023-06-30T14:46:52" hostname="fv-az409-496" time="5.516">
  <properties/>
  <testcase name="AddAllCategoryIntoBundle" classname="com.dotcms.publishing.PublisherAPIImplTest" time="0.204"/>
  <testcase name="testFilterDescriptors" classname="com.dotcms.publishing.PublisherAPIImplTest" time="0.196"/>
  <testcase name="sendPushPublishBundle[0: com.dotcms.publishing.PublisherAPIImplTest$TestAsset@11f1c994]" classname="com.dotcms.publishing.PublisherAPIImplTest" time="1.746"/>
  <testcase name="sendPushPublishBundle[1: com.dotcms.publishing.PublisherAPIImplTest$TestAsset@3efb2bb6]" classname="com.dotcms.publishing.PublisherAPIImplTest" time="0.203"/>
  <testcase name="sendPushPublishBundle[2: com.dotcms.publishing.PublisherAPIImplTest$TestAsset@50107787]" classname="com.dotcms.publishing.PublisherAPIImplTest" time="0.189"/>
  <testcase name="sendPushPublishBundle[3: com.dotcms.publishing.PublisherAPIImplTest$TestAsset@4ee2e044]" classname="com.dotcms.publishing.PublisherAPIImplTest" time="0.296"/>
  <testcase name="sendPushPublishBundle[4: com.dotcms.publishing.PublisherAPIImplTest$TestAsset@51c03d65]" classname="com.dotcms.publishing.PublisherAPIImplTest" time="0.338"/>
  <testcase name="sendPushPublishBundle[5: com.dotcms.publishing.PublisherAPIImplTest$TestAsset@36011a70]" classname="com.dotcms.publishing.PublisherAPIImplTest" time="0.305"/>
  <testcase name="sendPushPublishBundle[6: com.dotcms.publishing.PublisherAPIImplTest$TestAsset@65feef78]" classname="com.dotcms.publishing.PublisherAPIImplTest" time="0.193"/>
  <testcase name="sendPushPublishBundle[7: com.dotcms.publishing.PublisherAPIImplTest$TestAsset@3c47d343]" classname="com.dotcms.publishing.PublisherAPIImplTest" time="0.138"/>
  <testcase name="sendPushPublishBundle[8: com.dotcms.publishing.PublisherAPIImplTest$TestAsset@6cbcfabb]" classname="com.dotcms.publishing.PublisherAPIImplTest" time="0.091"/>
  <testcase name="sendPushPublishBundle[9: com.dotcms.publishing.PublisherAPIImplTest$TestAsset@52d0bfc6]" classname="com.dotcms.publishing.PublisherAPIImplTest" time="0.178"/>
  <testcase name="sendPushPublishBundle[10: com.dotcms.publishing.PublisherAPIImplTest$TestAsset@40470fcb]" classname="com.dotcms.publishing.PublisherAPIImplTest" time="0.094"/>
  <testcase name="generateBundle[0: com.dotcms.publishing.PublisherAPIImplTest$TestAsset@11f1c994]" classname="com.dotcms.publishing.PublisherAPIImplTest" time="0.098"/>
  <testcase name="generateBundle[1: com.dotcms.publishing.PublisherAPIImplTest$TestAsset@3efb2bb6]" classname="com.dotcms.publishing.PublisherAPIImplTest" time="0.155"/>
  <testcase name="generateBundle[2: com.dotcms.publishing.PublisherAPIImplTest$TestAsset@50107787]" classname="com.dotcms.publishing.PublisherAPIImplTest" time="0.125"/>
  <testcase name="generateBundle[3: com.dotcms.publishing.PublisherAPIImplTest$TestAsset@4ee2e044]" classname="com.dotcms.publishing.PublisherAPIImplTest" time="0.216"/>
  <testcase name="generateBundle[4: com.dotcms.publishing.PublisherAPIImplTest$TestAsset@51c03d65]" classname="com.dotcms.publishing.PublisherAPIImplTest" time="0.242"/>
  <testcase name="generateBundle[5: com.dotcms.publishing.PublisherAPIImplTest$TestAsset@36011a70]" classname="com.dotcms.publishing.PublisherAPIImplTest" time="0.149"/>
  <testcase name="generateBundle[6: com.dotcms.publishing.PublisherAPIImplTest$TestAsset@65feef78]" classname="com.dotcms.publishing.PublisherAPIImplTest" time="0.121"/>
  <testcase name="generateBundle[7: com.dotcms.publishing.PublisherAPIImplTest$TestAsset@3c47d343]" classname="com.dotcms.publishing.PublisherAPIImplTest" time="0.076"/>
  <testcase name="generateBundle[8: com.dotcms.publishing.PublisherAPIImplTest$TestAsset@6cbcfabb]" classname="com.dotcms.publishing.PublisherAPIImplTest" time="0.043"/>
  <testcase name="generateBundle[9: com.dotcms.publishing.PublisherAPIImplTest$TestAsset@52d0bfc6]" classname="com.dotcms.publishing.PublisherAPIImplTest" time="0.098"/>
  <testcase name="generateBundle[10: com.dotcms.publishing.PublisherAPIImplTest$TestAsset@40470fcb]" classname="com.dotcms.publishing.PublisherAPIImplTest" time="0.016"/>
  <system-out><![CDATA[









































































































































































]]></system-out>
  <system-err><![CDATA[]]></system-err>
</testsuite>
