<?xml version="1.0" encoding="UTF-8"?>
<testsuite name="com.dotcms.rest.api.v1.vtl.VTLResourceIntegrationTest" tests="6" skipped="0" failures="0" errors="0" timestamp="2023-06-28T17:01:29" hostname="fv-az842-670" time="14.317">
  <properties/>
  <testcase name="testGet[0: com.dotcms.rest.api.v1.vtl.VTLResourceTestCase@50dcf760]" classname="com.dotcms.rest.api.v1.vtl.VTLResourceIntegrationTest" time="2.148"/>
  <testcase name="testGet[1: com.dotcms.rest.api.v1.vtl.VTLResourceTestCase@1c5931dc]" classname="com.dotcms.rest.api.v1.vtl.VTLResourceIntegrationTest" time="2.39"/>
  <testcase name="testGet[2: com.dotcms.rest.api.v1.vtl.VTLResourceTestCase@4bb97ced]" classname="com.dotcms.rest.api.v1.vtl.VTLResourceIntegrationTest" time="2.982"/>
  <testcase name="testGet[3: com.dotcms.rest.api.v1.vtl.VTLResourceTestCase@6b7550f1]" classname="com.dotcms.rest.api.v1.vtl.VTLResourceIntegrationTest" time="2.727"/>
  <testcase name="testGet[4: com.dotcms.rest.api.v1.vtl.VTLResourceTestCase@5ca5dd08]" classname="com.dotcms.rest.api.v1.vtl.VTLResourceIntegrationTest" time="1.952"/>
  <testcase name="testGet[5: com.dotcms.rest.api.v1.vtl.VTLResourceTestCase@927d091]" classname="com.dotcms.rest.api.v1.vtl.VTLResourceIntegrationTest" time="2.117"/>
  <system-out><![CDATA[]]></system-out>
  <system-err><![CDATA[]]></system-err>
</testsuite>
