<?xml version="1.0" encoding="UTF-8"?>
<testsuite name="com.dotmarketing.servlets.ajax.AjaxDirectorServletIntegrationTest" tests="2" skipped="0" failures="0" errors="0" timestamp="2023-06-27T16:20:05" hostname="fv-az343-524" time="2.359">
  <properties/>
  <testcase name="testService[0: com.dotmarketing.servlets.ajax.AjaxDirectorServletTestCase@15de084e]" classname="com.dotmarketing.servlets.ajax.AjaxDirectorServletIntegrationTest" time="1.149"/>
  <testcase name="testService[1: com.dotmarketing.servlets.ajax.AjaxDirectorServletTestCase@f616806]" classname="com.dotmarketing.servlets.ajax.AjaxDirectorServletIntegrationTest" time="1.209"/>
  <system-out><![CDATA[]]></system-out>
  <system-err><![CDATA[]]></system-err>
</testsuite>
