<?xml version="1.0" encoding="UTF-8"?>
<testsuite name="com.dotcms.contenttype.test.ContentResourceTest" tests="52" skipped="0" failures="0" errors="0" timestamp="2023-07-13T20:07:26" hostname="fv-az417-935" time="133.585">
  <properties/>
  <testcase name="testGetContentShouldReturnIconDetails" classname="com.dotcms.contenttype.test.ContentResourceTest" time="1.425"/>
  <testcase name="Test_Save_Action_Set_Words_To_Required_NumericField_Issue_15340" classname="com.dotcms.contenttype.test.ContentResourceTest" time="0.886"/>
  <testcase name="test_getContent_includeGrandChildCategory_success" classname="com.dotcms.contenttype.test.ContentResourceTest" time="1.244"/>
  <testcase name="testGetContentWithRelatedParameter[0: com.dotcms.contenttype.test.ContentResourceTest$PullRelatedTestCase@13ac17a0]" classname="com.dotcms.contenttype.test.ContentResourceTest" time="3.425"/>
  <testcase name="testGetContentWithRelatedParameter[1: com.dotcms.contenttype.test.ContentResourceTest$PullRelatedTestCase@4fee4904]" classname="com.dotcms.contenttype.test.ContentResourceTest" time="3.587"/>
  <testcase name="testGetContentWithRelatedParameter[2: com.dotcms.contenttype.test.ContentResourceTest$PullRelatedTestCase@43d17460]" classname="com.dotcms.contenttype.test.ContentResourceTest" time="3.398"/>
  <testcase name="testGetContentWithRelatedParameter[3: com.dotcms.contenttype.test.ContentResourceTest$PullRelatedTestCase@5ee399ec]" classname="com.dotcms.contenttype.test.ContentResourceTest" time="3.394"/>
  <testcase name="testGetContentWithRelatedParameter[4: com.dotcms.contenttype.test.ContentResourceTest$PullRelatedTestCase@2d018487]" classname="com.dotcms.contenttype.test.ContentResourceTest" time="3.311"/>
  <testcase name="test_getContent_SelfRelatedWith3LevelsOfDepth_shouldReturnRelationships" classname="com.dotcms.contenttype.test.ContentResourceTest" time="1.348"/>
  <testcase name="Test_Save_Action_Send_Fields_SubSet_Issue_15340" classname="com.dotcms.contenttype.test.ContentResourceTest" time="2.833"/>
  <testcase name="test_getContent_shouldReturnRelationships[0: com.dotcms.contenttype.test.ContentResourceTest$TestCase@101a4e4a]" classname="com.dotcms.contenttype.test.ContentResourceTest" time="2.591"/>
  <testcase name="test_getContent_shouldReturnRelationships[1: com.dotcms.contenttype.test.ContentResourceTest$TestCase@58205a5d]" classname="com.dotcms.contenttype.test.ContentResourceTest" time="2.696"/>
  <testcase name="test_getContent_shouldReturnRelationships[2: com.dotcms.contenttype.test.ContentResourceTest$TestCase@1ace944c]" classname="com.dotcms.contenttype.test.ContentResourceTest" time="2.622"/>
  <testcase name="test_getContent_shouldReturnRelationships[3: com.dotcms.contenttype.test.ContentResourceTest$TestCase@3bca0e2e]" classname="com.dotcms.contenttype.test.ContentResourceTest" time="2.66"/>
  <testcase name="test_getContent_shouldReturnRelationships[4: com.dotcms.contenttype.test.ContentResourceTest$TestCase@79e07f03]" classname="com.dotcms.contenttype.test.ContentResourceTest" time="2.957"/>
  <testcase name="test_getContent_shouldReturnRelationships[5: com.dotcms.contenttype.test.ContentResourceTest$TestCase@23c830d0]" classname="com.dotcms.contenttype.test.ContentResourceTest" time="2.461"/>
  <testcase name="test_getContent_shouldReturnRelationships[6: com.dotcms.contenttype.test.ContentResourceTest$TestCase@4dcabc11]" classname="com.dotcms.contenttype.test.ContentResourceTest" time="2.713"/>
  <testcase name="test_getContent_shouldReturnRelationships[7: com.dotcms.contenttype.test.ContentResourceTest$TestCase@261a60f8]" classname="com.dotcms.contenttype.test.ContentResourceTest" time="2.629"/>
  <testcase name="test_getContent_shouldReturnRelationships[8: com.dotcms.contenttype.test.ContentResourceTest$TestCase@5c780b5f]" classname="com.dotcms.contenttype.test.ContentResourceTest" time="2.658"/>
  <testcase name="test_getContent_shouldReturnRelationships[9: com.dotcms.contenttype.test.ContentResourceTest$TestCase@3ed4eeb0]" classname="com.dotcms.contenttype.test.ContentResourceTest" time="2.66"/>
  <testcase name="test_getContent_shouldReturnRelationships[10: com.dotcms.contenttype.test.ContentResourceTest$TestCase@2666f74f]" classname="com.dotcms.contenttype.test.ContentResourceTest" time="2.523"/>
  <testcase name="test_getContent_shouldReturnRelationships[11: com.dotcms.contenttype.test.ContentResourceTest$TestCase@530e5edb]" classname="com.dotcms.contenttype.test.ContentResourceTest" time="2.452"/>
  <testcase name="test_getContent_shouldReturnRelationships[12: com.dotcms.contenttype.test.ContentResourceTest$TestCase@4f309516]" classname="com.dotcms.contenttype.test.ContentResourceTest" time="2.558"/>
  <testcase name="test_getContent_shouldReturnRelationships[13: com.dotcms.contenttype.test.ContentResourceTest$TestCase@5608432e]" classname="com.dotcms.contenttype.test.ContentResourceTest" time="2.631"/>
  <testcase name="test_getContent_shouldReturnRelationships[14: com.dotcms.contenttype.test.ContentResourceTest$TestCase@47451a2f]" classname="com.dotcms.contenttype.test.ContentResourceTest" time="2.551"/>
  <testcase name="test_getContent_shouldReturnRelationships[15: com.dotcms.contenttype.test.ContentResourceTest$TestCase@661c7c9a]" classname="com.dotcms.contenttype.test.ContentResourceTest" time="3.683"/>
  <testcase name="test_getContent_shouldReturnRelationships[16: com.dotcms.contenttype.test.ContentResourceTest$TestCase@2dcfcd6a]" classname="com.dotcms.contenttype.test.ContentResourceTest" time="3.558"/>
  <testcase name="test_getContent_shouldReturnRelationships[17: com.dotcms.contenttype.test.ContentResourceTest$TestCase@39caeace]" classname="com.dotcms.contenttype.test.ContentResourceTest" time="2.818"/>
  <testcase name="test_getContent_shouldReturnRelationships[18: com.dotcms.contenttype.test.ContentResourceTest$TestCase@56b11bba]" classname="com.dotcms.contenttype.test.ContentResourceTest" time="2.839"/>
  <testcase name="test_getContent_shouldReturnRelationships[19: com.dotcms.contenttype.test.ContentResourceTest$TestCase@53cc555a]" classname="com.dotcms.contenttype.test.ContentResourceTest" time="2.813"/>
  <testcase name="test_getContent_shouldReturnRelationships[20: com.dotcms.contenttype.test.ContentResourceTest$TestCase@3b66d4]" classname="com.dotcms.contenttype.test.ContentResourceTest" time="3.001"/>
  <testcase name="test_getContent_shouldReturnRelationships[21: com.dotcms.contenttype.test.ContentResourceTest$TestCase@6ec96087]" classname="com.dotcms.contenttype.test.ContentResourceTest" time="2.975"/>
  <testcase name="test_getContent_shouldReturnRelationships[22: com.dotcms.contenttype.test.ContentResourceTest$TestCase@30fbca2f]" classname="com.dotcms.contenttype.test.ContentResourceTest" time="2.598"/>
  <testcase name="test_getContent_shouldReturnRelationships[23: com.dotcms.contenttype.test.ContentResourceTest$TestCase@1ac2fef]" classname="com.dotcms.contenttype.test.ContentResourceTest" time="1.734"/>
  <testcase name="test_getContent_shouldReturnRelationships[24: com.dotcms.contenttype.test.ContentResourceTest$TestCase@5a7ae4c8]" classname="com.dotcms.contenttype.test.ContentResourceTest" time="2.855"/>
  <testcase name="test_getContent_shouldReturnRelationships[25: com.dotcms.contenttype.test.ContentResourceTest$TestCase@7f926a58]" classname="com.dotcms.contenttype.test.ContentResourceTest" time="3.012"/>
  <testcase name="test_getContent_shouldReturnRelationships[26: com.dotcms.contenttype.test.ContentResourceTest$TestCase@11d66d37]" classname="com.dotcms.contenttype.test.ContentResourceTest" time="2.826"/>
  <testcase name="test_getContent_shouldReturnRelationships[27: com.dotcms.contenttype.test.ContentResourceTest$TestCase@7165ebb5]" classname="com.dotcms.contenttype.test.ContentResourceTest" time="2.715"/>
  <testcase name="test_getContent_shouldReturnRelationships[28: com.dotcms.contenttype.test.ContentResourceTest$TestCase@7c341df5]" classname="com.dotcms.contenttype.test.ContentResourceTest" time="2.772"/>
  <testcase name="test_getContent_shouldReturnRelationships[29: com.dotcms.contenttype.test.ContentResourceTest$TestCase@10987881]" classname="com.dotcms.contenttype.test.ContentResourceTest" time="2.617"/>
  <testcase name="test_getContent_shouldReturnRelationships[30: com.dotcms.contenttype.test.ContentResourceTest$TestCase@32851070]" classname="com.dotcms.contenttype.test.ContentResourceTest" time="2.602"/>
  <testcase name="test_getContent_shouldReturnRelationships[31: com.dotcms.contenttype.test.ContentResourceTest$TestCase@6ce37dd6]" classname="com.dotcms.contenttype.test.ContentResourceTest" time="2.581"/>
  <testcase name="test_getContent_shouldReturnRelationships[32: com.dotcms.contenttype.test.ContentResourceTest$TestCase@30e40e0a]" classname="com.dotcms.contenttype.test.ContentResourceTest" time="3.602"/>
  <testcase name="test_getContent_shouldReturnRelationships[33: com.dotcms.contenttype.test.ContentResourceTest$TestCase@636b24e7]" classname="com.dotcms.contenttype.test.ContentResourceTest" time="3.489"/>
  <testcase name="testSinglePOST_InvalidParamsShouldReturn400[0: ({\n    &quot;stInode&quot; : &quot;InvalidValue&quot;,\n    &quot;numeric&quot; : &quot;0&quot;,\n    &quot;image&quot; : &quot;whatever&quot;\n}, Bad Request)]" classname="com.dotcms.contenttype.test.ContentResourceTest" time="0.883"/>
  <testcase name="testSinglePOST_InvalidParamsShouldReturn400[1: ({\n    &quot;numeric&quot; : &quot;0&quot;,\n    &quot;image&quot; : &quot;whatever&quot;\n}, Bad Request)]" classname="com.dotcms.contenttype.test.ContentResourceTest" time="0.852"/>
  <testcase name="Test_Save_Action_Set_Null_To_Required_NumericField_Issue_15340" classname="com.dotcms.contenttype.test.ContentResourceTest" time="0.871"/>
  <testcase name="Test_Save_Action_Remove_Image_Then_Verify_Fields_Were_Cleared_Issue_15340" classname="com.dotcms.contenttype.test.ContentResourceTest" time="3.746"/>
  <testcase name="test_getContentWithMultipleSelfRelated_shouldReturnRelationships[0: com.dotcms.contenttype.test.ContentResourceTest$PullSelfRelatedTestCase@e0d614f]" classname="com.dotcms.contenttype.test.ContentResourceTest" time="1.564"/>
  <testcase name="test_getContentWithMultipleSelfRelated_shouldReturnRelationships[1: com.dotcms.contenttype.test.ContentResourceTest$PullSelfRelatedTestCase@1e89bada]" classname="com.dotcms.contenttype.test.ContentResourceTest" time="1.608"/>
  <testcase name="testGetContentWithAllCategoriesInfo[0: json]" classname="com.dotcms.contenttype.test.ContentResourceTest" time="2.343"/>
  <testcase name="testGetContentWithAllCategoriesInfo[1: xml]" classname="com.dotcms.contenttype.test.ContentResourceTest" time="2.408"/>
  <system-out><![CDATA[











]]></system-out>
  <system-err><![CDATA[]]></system-err>
</testsuite>
