<?xml version="1.0" encoding="UTF-8"?>
<testsuite name="com.dotcms.rest.api.v1.vtl.VTLResourceIntegrationTest" tests="6" skipped="0" failures="0" errors="0" timestamp="2023-06-23T23:16:29" hostname="fv-az805-638" time="11.475">
  <properties/>
  <testcase name="testGet[0: com.dotcms.rest.api.v1.vtl.VTLResourceTestCase@e236e88]" classname="com.dotcms.rest.api.v1.vtl.VTLResourceIntegrationTest" time="2.524"/>
  <testcase name="testGet[1: com.dotcms.rest.api.v1.vtl.VTLResourceTestCase@3bbcad3]" classname="com.dotcms.rest.api.v1.vtl.VTLResourceIntegrationTest" time="1.831"/>
  <testcase name="testGet[2: com.dotcms.rest.api.v1.vtl.VTLResourceTestCase@64e36740]" classname="com.dotcms.rest.api.v1.vtl.VTLResourceIntegrationTest" time="2.239"/>
  <testcase name="testGet[3: com.dotcms.rest.api.v1.vtl.VTLResourceTestCase@300c5ef7]" classname="com.dotcms.rest.api.v1.vtl.VTLResourceIntegrationTest" time="0.934"/>
  <testcase name="testGet[4: com.dotcms.rest.api.v1.vtl.VTLResourceTestCase@254e2150]" classname="com.dotcms.rest.api.v1.vtl.VTLResourceIntegrationTest" time="1.826"/>
  <testcase name="testGet[5: com.dotcms.rest.api.v1.vtl.VTLResourceTestCase@787e9a78]" classname="com.dotcms.rest.api.v1.vtl.VTLResourceIntegrationTest" time="2.121"/>
  <system-out><![CDATA[]]></system-out>
  <system-err><![CDATA[]]></system-err>
</testsuite>
