<?xml version="1.0" encoding="UTF-8"?>
<testsuite name="com.dotcms.enterprise.publishing.remote.handler.ContentHandlerTest" tests="1" skipped="0" failures="0" errors="0" timestamp="2023-06-29T18:37:13" hostname="fv-az166-287" time="0.021">
  <properties/>
  <testcase name="Test_XStream_Deserializer" classname="com.dotcms.enterprise.publishing.remote.handler.ContentHandlerTest" time="0.021"/>
  <system-out><![CDATA[]]></system-out>
  <system-err><![CDATA[]]></system-err>
</testsuite>
