<?xml version="1.0" encoding="UTF-8"?>
<testsuite name="com.dotcms.rest.elasticsearch.ESContentResourcePortletTest" tests="8" skipped="0" failures="0" errors="0" timestamp="2023-06-29T22:13:07" hostname="fv-az180-30" time="7.982">
  <properties/>
  <testcase name="test_search_includeGrandChildCategory_success" classname="com.dotcms.rest.elasticsearch.ESContentResourcePortletTest" time="1.423"/>
  <testcase name="testSearch[0: com.dotcms.rest.elasticsearch.ESContentResourcePortletTest$TestCase@1f2970a1]" classname="com.dotcms.rest.elasticsearch.ESContentResourcePortletTest" time="0.998"/>
  <testcase name="testSearch[1: com.dotcms.rest.elasticsearch.ESContentResourcePortletTest$TestCase@2610dff2]" classname="com.dotcms.rest.elasticsearch.ESContentResourcePortletTest" time="1.217"/>
  <testcase name="testSearch[2: com.dotcms.rest.elasticsearch.ESContentResourcePortletTest$TestCase@23455295]" classname="com.dotcms.rest.elasticsearch.ESContentResourcePortletTest" time="0.969"/>
  <testcase name="testSearch[3: com.dotcms.rest.elasticsearch.ESContentResourcePortletTest$TestCase@244502f4]" classname="com.dotcms.rest.elasticsearch.ESContentResourcePortletTest" time="0.265"/>
  <testcase name="testSearch[4: com.dotcms.rest.elasticsearch.ESContentResourcePortletTest$TestCase@703dc2a5]" classname="com.dotcms.rest.elasticsearch.ESContentResourcePortletTest" time="1.236"/>
  <testcase name="testSearch[5: com.dotcms.rest.elasticsearch.ESContentResourcePortletTest$TestCase@50f26c1f]" classname="com.dotcms.rest.elasticsearch.ESContentResourcePortletTest" time="0.946"/>
  <testcase name="testSearch[6: com.dotcms.rest.elasticsearch.ESContentResourcePortletTest$TestCase@592a4d6e]" classname="com.dotcms.rest.elasticsearch.ESContentResourcePortletTest" time="0.927"/>
  <system-out><![CDATA[]]></system-out>
  <system-err><![CDATA[]]></system-err>
</testsuite>
