<?xml version="1.0" encoding="UTF-8"?>
<testsuite name="com.dotmarketing.portlets.structure.model.ContentletRelationshipsTest" tests="7" skipped="0" failures="0" errors="0" timestamp="2023-06-28T01:10:15" hostname="fv-az612-160" time="8.732">
  <properties/>
  <testcase name="testDoesAllowOnlyOne[0: com.dotmarketing.portlets.structure.model.ContentletRelationshipsTest$CardinalityTestCase@52471118]" classname="com.dotmarketing.portlets.structure.model.ContentletRelationshipsTest" time="0.433"/>
  <testcase name="testDoesAllowOnlyOne[1: com.dotmarketing.portlets.structure.model.ContentletRelationshipsTest$CardinalityTestCase@2a2d79b7]" classname="com.dotmarketing.portlets.structure.model.ContentletRelationshipsTest" time="0.426"/>
  <testcase name="testDoesAllowOnlyOne[2: com.dotmarketing.portlets.structure.model.ContentletRelationshipsTest$CardinalityTestCase@6fbec453]" classname="com.dotmarketing.portlets.structure.model.ContentletRelationshipsTest" time="0.433"/>
  <testcase name="testGetRelationshipRecords[0: com.dotmarketing.portlets.structure.model.ContentletRelationshipsTest$TestCase@25d50059]" classname="com.dotmarketing.portlets.structure.model.ContentletRelationshipsTest" time="1.958"/>
  <testcase name="testGetRelationshipRecords[1: com.dotmarketing.portlets.structure.model.ContentletRelationshipsTest$TestCase@4f700a2a]" classname="com.dotmarketing.portlets.structure.model.ContentletRelationshipsTest" time="1.92"/>
  <testcase name="testGetRelationshipRecords[2: com.dotmarketing.portlets.structure.model.ContentletRelationshipsTest$TestCase@e5132b2]" classname="com.dotmarketing.portlets.structure.model.ContentletRelationshipsTest" time="1.784"/>
  <testcase name="testGetRelationshipRecords[3: com.dotmarketing.portlets.structure.model.ContentletRelationshipsTest$TestCase@17d4f377]" classname="com.dotmarketing.portlets.structure.model.ContentletRelationshipsTest" time="1.777"/>
  <system-out><![CDATA[]]></system-out>
  <system-err><![CDATA[]]></system-err>
</testsuite>
