<?xml version="1.0" encoding="UTF-8"?>
<testsuite name="com.dotmarketing.business.DeterministicIdentifierAPITest" tests="16" skipped="0" failures="0" errors="0" timestamp="2023-07-08T05:26:23" hostname="fv-az337-298" time="1.267">
  <properties/>
  <testcase name="Test_Category_Path_Seed_And_Id" classname="com.dotmarketing.business.DeterministicIdentifierAPITest" time="0.034"/>
  <testcase name="Test_Language_Deterministic_Id[0: LanguageTestCase{expectedSeed='Language:es:US', expectedHash=4913155, langCode='es', countryCode='US', country='United States'}]" classname="com.dotmarketing.business.DeterministicIdentifierAPITest" time="0.002"/>
  <testcase name="Test_Language_Deterministic_Id[1: LanguageTestCase{expectedSeed='Language:ep:', expectedHash=5292269, langCode='ep', countryCode='', country=''}]" classname="com.dotmarketing.business.DeterministicIdentifierAPITest" time="0.001"/>
  <testcase name="Test_Language_Deterministic_Id[2: LanguageTestCase{expectedSeed='Language:sg:SAG', expectedHash=4713118, langCode='sg', countryCode='SAG', country=''}]" classname="com.dotmarketing.business.DeterministicIdentifierAPITest" time="0.002"/>
  <testcase name="Test_Language_Deterministic_Id[3: LanguageTestCase{expectedSeed='Language:en:NZ', expectedHash=5382528, langCode='en', countryCode='NZ', country='New Zealand'}]" classname="com.dotmarketing.business.DeterministicIdentifierAPITest" time="0.002"/>
  <testcase name="Test_Category_None_Persisted_Category_Should_Return_Deterministic_Id" classname="com.dotmarketing.business.DeterministicIdentifierAPITest" time="0.002"/>
  <testcase name="Test_Asset_Generate_Deterministic_Id_Best_Effort[0: TestCase{versionable=my.host1688793558438.com, parent=System Host, expectedName='my.host1688793558438.com', expectedType='Host'}]" classname="com.dotmarketing.business.DeterministicIdentifierAPITest" time="0.006"/>
  <testcase name="Test_Asset_Generate_Deterministic_Id_Best_Effort[1: TestCase{versionable=com.dotmarketing.portlets.contentlet.model.Contentlet@54d96b0a[map={modDate=2023-07-08 05:19:18.926, fileName=file14990566933996675469.txt, title=file14990566933996675469.txt, inode=156a0dc2-2356-4f43-8c0a-cd8ab118537a, __IS_NEW_CONTENT__=true, disabledWYSIWYG=[], host=d4224ffd-386a-49fa-b657-3c33863c0500, stInode=33888b6f-7a8e-4069-b1b6-5c1aa9d0a48d, owner=system, identifier=9608f718-1c10-4eae-a125-1c6db5508336, nullProperties=[wfExpireDate, wfPublishDate, wfActionAssign, wfActionId, wfActionComments, filterKey, whereToSend, wfNeverExpire, _path_to_move, timezoneId, iWantTo, wfPublishTime, wfExpireTime], languageId=1, fileAsset=/home/runner/work/core/custom/assets/1/5/156a0dc2-2356-4f43-8c0a-cd8ab118537a/fileAsset/file14990566933996675469.txt, folder=982c63ee-c982-476d-acd9-229d5c305ae2, __disable_workflow__=true, sortOrder=0, modUser=system},lowIndexPriority=false,variantId=DEFAULT], parent=com.dotmarketing.portlets.folders.model.Folder@67b5dc47[identifier=982c63ee-c982-476d-acd9-229d5c305ae2,name=testName1688793558916,sortOrder=0,showOnMenu=false,hostId=d4224ffd-386a-49fa-b657-3c33863c0500,type=folder,title=testTitle1688793558916,filesMasks=,defaultFileType=33888b6f-7a8e-4069-b1b6-5c1aa9d0a48d,modDate=2023-07-08 05:19:18.92,owner=&lt;null&gt;,iDate=2023-07-08 05:19:18.92,inode=982c63ee-c982-476d-acd9-229d5c305ae2,path=/testName1688793558916/], expectedName='file14990566933996675469.txt', expectedType='FileAsset'}]" classname="com.dotmarketing.business.DeterministicIdentifierAPITest" time="0.005"/>
  <testcase name="Test_Asset_Generate_Deterministic_Id_Best_Effort[2: TestCase{versionable=com.dotmarketing.portlets.templates.model.Template@36ca1a5b, parent=my.host1688793558438.com, expectedName='testTitle1688793559055', expectedType='Template'}]" classname="com.dotmarketing.business.DeterministicIdentifierAPITest" time="0.004"/>
  <testcase name="Test_Asset_Generate_Deterministic_Id_Best_Effort[3: TestCase{versionable=com.dotmarketing.portlets.htmlpageasset.model.HTMLPageAsset@786b8eae[map={template=084c57ad-6f6e-4e3f-973e-13c65e987301, owner=system, identifier=bfda1b79-cbf5-4972-a5a5-94b8760423bf, nullProperties=[wfExpireDate, wfPublishDate, wfActionAssign, wfActionId, wfActionComments, filterKey, whereToSend, wfNeverExpire, _path_to_move, timezoneId, iWantTo, wfPublishTime, wfExpireTime], modDate=2023-07-08 05:19:19.081, cachettl=0, _is_test_mode=true, languageId=1, title=test-page-title-1688793559076, httpsreq=, url=test-page-url-1688793559076, showOnMenu=, inode=ec6c9876-70d5-4e96-99a9-855f8a5c1362, folder=982c63ee-c982-476d-acd9-229d5c305ae2, disabledWYSIWYG=[], sortOrder=1, modUser=system, host=d4224ffd-386a-49fa-b657-3c33863c0500, stInode=c541abb1-69b3-4bc5-8430-5e09e5239cc8, friendlyName=test-page-friendly-name-1688793559076},lowIndexPriority=false,variantId=DEFAULT], parent=com.dotmarketing.portlets.folders.model.Folder@67b5dc47[identifier=982c63ee-c982-476d-acd9-229d5c305ae2,name=testName1688793558916,sortOrder=0,showOnMenu=false,hostId=d4224ffd-386a-49fa-b657-3c33863c0500,type=folder,title=testTitle1688793558916,filesMasks=,defaultFileType=33888b6f-7a8e-4069-b1b6-5c1aa9d0a48d,modDate=2023-07-08 05:19:18.92,owner=&lt;null&gt;,iDate=2023-07-08 05:19:18.92,inode=982c63ee-c982-476d-acd9-229d5c305ae2,path=/testName1688793558916/], expectedName='test-page-url-1688793559076', expectedType='htmlpageasset'}]" classname="com.dotmarketing.business.DeterministicIdentifierAPITest" time="0.004"/>
  <testcase name="Test_Asset_Generate_Deterministic_Id_Best_Effort[4: TestCase{versionable=com.dotmarketing.portlets.contentlet.model.Contentlet@31f336c1[map={fileAsset2=/home/runner/work/core/custom/assets/9/d/9d639efe-b835-40dd-b54a-0e0754333e2b/fileAsset2/test_binary1688793560972.png, modDate=2023-07-08 05:19:20.98, fileAsset1=/home/runner/work/core/custom/assets/9/d/9d639efe-b835-40dd-b54a-0e0754333e2b/fileAsset1/test_binary1688793560972.jpg, title=blah, inode=9d639efe-b835-40dd-b54a-0e0754333e2b, __IS_NEW_CONTENT__=true, disabledWYSIWYG=[], host=48190c8c-42c4-46af-8d1a-0cd5db894797, stInode=4519e52f-d36f-4ec3-b9a4-4a78359d8470, owner=system, identifier=b4623425-5116-4723-a12d-4441a1702beb, nullProperties=[], languageId=1, image1=fb1a4773-520d-4142-92a8-06454a9a6657, folder=SYSTEM_FOLDER, __disable_workflow__=true, sortOrder=0, modUser=system},lowIndexPriority=false,variantId=DEFAULT], parent=demo.dotcms.com, expectedName='test_binary1688793560972.jpg:test_binary1688793560972.png', expectedType='MultipleBinaries1688793559269'}]" classname="com.dotmarketing.business.DeterministicIdentifierAPITest" time="0.005"/>
  <testcase name="Test_Asset_Generate_Deterministic_Id_Best_Effort[5: TestCase{versionable=name799bfb853a : keyTag799bfb853a, parent=my.host1688793558438.com, expectedName='keyTag799bfb853a', expectedType='persona'}]" classname="com.dotmarketing.business.DeterministicIdentifierAPITest" time="0.004"/>
  <testcase name="Test_Similar_Content_Type_Wont_Clash" classname="com.dotmarketing.business.DeterministicIdentifierAPITest" time="0.593"/>
  <testcase name="Test_Generate_Folder_Identifier" classname="com.dotmarketing.business.DeterministicIdentifierAPITest" time="0.578"/>
  <testcase name="Test_Generate_Content_Type_Identifier[0: ContentTypeTestCase{contentType=KeyValueContentType{name=Language Variable, id=f4d7c1b8-2c88-4071-abf1-a5328977b07d, description=Default Content Type for Language Variables, defaultType=false, fixed=true, iDate=Thu Aug 31 16:38:49 UTC 2017, system=true, versionable=true, variable=Languagevariable, modDate=Sat Jul 08 04:04:43 UTC 2023, host=SYSTEM_HOST, siteName=systemHost, icon=language, sortOrder=0, folder=SYSTEM_FOLDER, folderPath=/, markedForDeletion=true, multilingualable=false}, expectedName='Languagevariable', expectedType='KeyValue'}]" classname="com.dotmarketing.business.DeterministicIdentifierAPITest" time="0.011"/>
  <testcase name="Test_Generate_Content_Type_Identifier[1: ContentTypeTestCase{contentType=SimpleContentType{name=testName1688793561496, id=076148e9-07fc-45fd-aacf-81d7452f5883, description=testDescription1688793561496, defaultType=false, fixed=false, iDate=Sat Jul 08 05:19:21 UTC 2023, system=false, versionable=true, multilingualable=false, variable=testVarname1688793561496, owner=system, modDate=Sat Jul 08 05:19:22 UTC 2023, host=48190c8c-42c4-46af-8d1a-0cd5db894797, siteName=demo.dotcms.com, icon=event_note, sortOrder=0, folder=SYSTEM_FOLDER, folderPath=/, requiredFields=[], markedForDeletion=false}, expectedName='testVarname1688793561496', expectedType='CONTENT'}]" classname="com.dotmarketing.business.DeterministicIdentifierAPITest" time="0.007"/>
  <system-out><![CDATA[]]></system-out>
  <system-err><![CDATA[]]></system-err>
</testsuite>
