<?xml version="1.0" encoding="UTF-8"?>
<testsuite name="com.dotcms.rest.elasticsearch.ESContentResourcePortletTest" tests="8" skipped="0" failures="0" errors="0" timestamp="2023-06-28T14:57:13" hostname="fv-az1135-364" time="7.71">
  <properties/>
  <testcase name="test_search_includeGrandChildCategory_success" classname="com.dotcms.rest.elasticsearch.ESContentResourcePortletTest" time="1.341"/>
  <testcase name="testSearch[0: com.dotcms.rest.elasticsearch.ESContentResourcePortletTest$TestCase@32d27edc]" classname="com.dotcms.rest.elasticsearch.ESContentResourcePortletTest" time="0.89"/>
  <testcase name="testSearch[1: com.dotcms.rest.elasticsearch.ESContentResourcePortletTest$TestCase@13359062]" classname="com.dotcms.rest.elasticsearch.ESContentResourcePortletTest" time="1.278"/>
  <testcase name="testSearch[2: com.dotcms.rest.elasticsearch.ESContentResourcePortletTest$TestCase@7a837a27]" classname="com.dotcms.rest.elasticsearch.ESContentResourcePortletTest" time="0.872"/>
  <testcase name="testSearch[3: com.dotcms.rest.elasticsearch.ESContentResourcePortletTest$TestCase@7158d684]" classname="com.dotcms.rest.elasticsearch.ESContentResourcePortletTest" time="1.261"/>
  <testcase name="testSearch[4: com.dotcms.rest.elasticsearch.ESContentResourcePortletTest$TestCase@505d62ed]" classname="com.dotcms.rest.elasticsearch.ESContentResourcePortletTest" time="0.239"/>
  <testcase name="testSearch[5: com.dotcms.rest.elasticsearch.ESContentResourcePortletTest$TestCase@6fd45e04]" classname="com.dotcms.rest.elasticsearch.ESContentResourcePortletTest" time="0.977"/>
  <testcase name="testSearch[6: com.dotcms.rest.elasticsearch.ESContentResourcePortletTest$TestCase@e67439b]" classname="com.dotcms.rest.elasticsearch.ESContentResourcePortletTest" time="0.85"/>
  <system-out><![CDATA[]]></system-out>
  <system-err><![CDATA[]]></system-err>
</testsuite>
