<?xml version="1.0" encoding="UTF-8"?>
<testsuite name="com.dotcms.languagevariable.business.LanguageVariableAPITest" tests="6" skipped="0" failures="0" errors="0" timestamp="2023-07-21T16:11:58" hostname="fv-az1233-524" time="9.731">
  <properties/>
  <testcase name="saveLanguageVariableContent" classname="com.dotcms.languagevariable.business.LanguageVariableAPITest" time="1.573"/>
  <testcase name="getLanguageVariableUsingFallbackLanguage" classname="com.dotcms.languagevariable.business.LanguageVariableAPITest" time="1.402"/>
  <testcase name="getLanguageVariableUsingDefaultContentToDefaultLanguage" classname="com.dotcms.languagevariable.business.LanguageVariableAPITest" time="1.435"/>
  <testcase name="getLanguageVariableWorkingVersion" classname="com.dotcms.languagevariable.business.LanguageVariableAPITest" time="2.521"/>
  <testcase name="getLanguageVariableLiveVersion" classname="com.dotcms.languagevariable.business.LanguageVariableAPITest" time="1.391"/>
  <testcase name="getLanguageVariable" classname="com.dotcms.languagevariable.business.LanguageVariableAPITest" time="1.406"/>
  <system-out><![CDATA[]]></system-out>
  <system-err><![CDATA[]]></system-err>
</testsuite>
