<?xml version="1.0" encoding="UTF-8"?>
<testsuite name="com.dotmarketing.startup.runonce.Task210527DropReviewFieldsFromContentletTableTest" tests="1" skipped="0" failures="0" errors="0" timestamp="2023-07-04T02:56:56" hostname="fv-az951-870" time="0.06">
  <properties/>
  <testcase name="testExecuteUpgrade" classname="com.dotmarketing.startup.runonce.Task210527DropReviewFieldsFromContentletTableTest" time="0.06"/>
  <system-out><![CDATA[]]></system-out>
  <system-err><![CDATA[]]></system-err>
</testsuite>
