<?xml version="1.0" encoding="UTF-8"?>
<testsuite name="com.dotcms.filters.interceptor.jwt.JsonWebTokenInterceptorIntegrationTest" tests="3" skipped="0" failures="0" errors="0" timestamp="2023-06-27T23:35:06" hostname="fv-az573-179" time="0.12">
  <properties/>
  <testcase name="interceptWithAccessTokenUserModifiedTest" classname="com.dotcms.filters.interceptor.jwt.JsonWebTokenInterceptorIntegrationTest" time="0.102"/>
  <testcase name="interceptWithAccessTokenTest" classname="com.dotcms.filters.interceptor.jwt.JsonWebTokenInterceptorIntegrationTest" time="0.009"/>
  <testcase name="interceptWithAccessTokenNonValidTest" classname="com.dotcms.filters.interceptor.jwt.JsonWebTokenInterceptorIntegrationTest" time="0.008"/>
  <system-out><![CDATA[



]]></system-out>
  <system-err><![CDATA[]]></system-err>
</testsuite>
