<?xml version="1.0" encoding="UTF-8"?>
<testsuite name="com.dotmarketing.portlets.templates.business.TemplateFactoryImplTest" tests="7" skipped="0" failures="0" errors="0" timestamp="2023-07-03T16:36:02" hostname="fv-az349-999" time="7.111">
  <properties/>
  <testcase name="testFindWorkingTemplateByName_SQL_INJECTIION" classname="com.dotmarketing.portlets.templates.business.TemplateFactoryImplTest" time="0.009"/>
  <testcase name="test_findTemplates_fileTemplate_success" classname="com.dotmarketing.portlets.templates.business.TemplateFactoryImplTest" time="2.292"/>
  <testcase name="test_getTemplateByFolder_propertiesVtlDoesNotExist_returnNotFoundInDbException" classname="com.dotmarketing.portlets.templates.business.TemplateFactoryImplTest" time="0.729"/>
  <testcase name="test_findTemplates_usingHostId_hostWithNoTemplates_returnEmptyList" classname="com.dotmarketing.portlets.templates.business.TemplateFactoryImplTest" time="1.011"/>
  <testcase name="test_getTemplateByFolder_success" classname="com.dotmarketing.portlets.templates.business.TemplateFactoryImplTest" time="2.603"/>
  <testcase name="test_find_templates_by_name_uses_parameterized_queries" classname="com.dotmarketing.portlets.templates.business.TemplateFactoryImplTest" time="0.029"/>
  <testcase name="test_getTemplateByFolder_folderDoesNotLiveUnderApplicationTemplates_returnNotFoundInDbException" classname="com.dotmarketing.portlets.templates.business.TemplateFactoryImplTest" time="0.438"/>
  <system-out><![CDATA[]]></system-out>
  <system-err><![CDATA[]]></system-err>
</testsuite>
