<?xml version="1.0" encoding="UTF-8"?>
<testsuite name="com.dotcms.rest.api.v1.vtl.VTLResourceIntegrationTest" tests="6" skipped="0" failures="0" errors="0" timestamp="2023-07-17T21:06:10" hostname="fv-az799-554" time="15.237">
  <properties/>
  <testcase name="testGet[0: com.dotcms.rest.api.v1.vtl.VTLResourceTestCase@68848cae]" classname="com.dotcms.rest.api.v1.vtl.VTLResourceIntegrationTest" time="2.253"/>
  <testcase name="testGet[1: com.dotcms.rest.api.v1.vtl.VTLResourceTestCase@651d8ff5]" classname="com.dotcms.rest.api.v1.vtl.VTLResourceIntegrationTest" time="2.715"/>
  <testcase name="testGet[2: com.dotcms.rest.api.v1.vtl.VTLResourceTestCase@1a5c3845]" classname="com.dotcms.rest.api.v1.vtl.VTLResourceIntegrationTest" time="2.524"/>
  <testcase name="testGet[3: com.dotcms.rest.api.v1.vtl.VTLResourceTestCase@71d135d8]" classname="com.dotcms.rest.api.v1.vtl.VTLResourceIntegrationTest" time="2.85"/>
  <testcase name="testGet[4: com.dotcms.rest.api.v1.vtl.VTLResourceTestCase@3d7c26b0]" classname="com.dotcms.rest.api.v1.vtl.VTLResourceIntegrationTest" time="2.72"/>
  <testcase name="testGet[5: com.dotcms.rest.api.v1.vtl.VTLResourceTestCase@341764cd]" classname="com.dotcms.rest.api.v1.vtl.VTLResourceIntegrationTest" time="2.174"/>
  <system-out><![CDATA[]]></system-out>
  <system-err><![CDATA[]]></system-err>
</testsuite>
