<?xml version="1.0" encoding="UTF-8"?>
<testsuite name="com.dotmarketing.business.DeterministicIdentifierAPITest" tests="16" skipped="0" failures="0" errors="0" timestamp="2023-06-23T23:52:02" hostname="fv-az1259-189" time="1.446">
  <properties/>
  <testcase name="Test_Category_Path_Seed_And_Id" classname="com.dotmarketing.business.DeterministicIdentifierAPITest" time="0.023"/>
  <testcase name="Test_Language_Deterministic_Id[0: LanguageTestCase{expectedSeed='Language:es:US', expectedHash=4913155, langCode='es', countryCode='US', country='United States'}]" classname="com.dotmarketing.business.DeterministicIdentifierAPITest" time="0.001"/>
  <testcase name="Test_Language_Deterministic_Id[1: LanguageTestCase{expectedSeed='Language:ep:', expectedHash=5292269, langCode='ep', countryCode='', country=''}]" classname="com.dotmarketing.business.DeterministicIdentifierAPITest" time="0.001"/>
  <testcase name="Test_Language_Deterministic_Id[2: LanguageTestCase{expectedSeed='Language:sg:SAG', expectedHash=4713118, langCode='sg', countryCode='SAG', country=''}]" classname="com.dotmarketing.business.DeterministicIdentifierAPITest" time="0.001"/>
  <testcase name="Test_Language_Deterministic_Id[3: LanguageTestCase{expectedSeed='Language:en:NZ', expectedHash=5382528, langCode='en', countryCode='NZ', country='New Zealand'}]" classname="com.dotmarketing.business.DeterministicIdentifierAPITest" time="0.001"/>
  <testcase name="Test_Category_None_Persisted_Category_Should_Return_Deterministic_Id" classname="com.dotmarketing.business.DeterministicIdentifierAPITest" time="0.001"/>
  <testcase name="Test_Asset_Generate_Deterministic_Id_Best_Effort[0: TestCase{versionable=my.host1687558629288.com, parent=System Host, expectedName='my.host1687558629288.com', expectedType='Host'}]" classname="com.dotmarketing.business.DeterministicIdentifierAPITest" time="0.003"/>
  <testcase name="Test_Asset_Generate_Deterministic_Id_Best_Effort[1: TestCase{versionable=com.dotmarketing.portlets.contentlet.model.Contentlet@539f3fb6[map={modDate=2023-06-23 22:17:10.404, fileName=file10130281611752315574.txt, title=file10130281611752315574.txt, inode=dfd9af29-316b-4164-959f-48dbffc42938, __IS_NEW_CONTENT__=true, disabledWYSIWYG=[], host=a73f6990-79ab-409f-8f23-541333ef0126, stInode=33888b6f-7a8e-4069-b1b6-5c1aa9d0a48d, owner=system, identifier=2e44fa7f-9bda-444d-8cd4-68a1ccf7cfb7, nullProperties=[wfExpireDate, wfPublishDate, wfActionAssign, wfActionId, wfActionComments, filterKey, whereToSend, wfNeverExpire, _path_to_move, timezoneId, iWantTo, wfPublishTime, wfExpireTime], languageId=1, fileAsset=/home/runner/work/core/custom/assets/d/f/dfd9af29-316b-4164-959f-48dbffc42938/fileAsset/file10130281611752315574.txt, folder=dfcb59c8-98aa-4125-ad8f-95d9360f3cba, __disable_workflow__=true, sortOrder=0, modUser=system},lowIndexPriority=false,variantId=DEFAULT], parent=com.dotmarketing.portlets.folders.model.Folder@1b532aa8[identifier=dfcb59c8-98aa-4125-ad8f-95d9360f3cba,name=testName1687558630394,sortOrder=0,showOnMenu=false,hostId=a73f6990-79ab-409f-8f23-541333ef0126,type=folder,title=testTitle1687558630394,filesMasks=,defaultFileType=33888b6f-7a8e-4069-b1b6-5c1aa9d0a48d,modDate=2023-06-23 22:17:10.4,owner=&lt;null&gt;,iDate=2023-06-23 22:17:10.4,inode=dfcb59c8-98aa-4125-ad8f-95d9360f3cba,path=/testName1687558630394/], expectedName='file10130281611752315574.txt', expectedType='FileAsset'}]" classname="com.dotmarketing.business.DeterministicIdentifierAPITest" time="0.003"/>
  <testcase name="Test_Asset_Generate_Deterministic_Id_Best_Effort[2: TestCase{versionable=com.dotmarketing.portlets.templates.model.Template@91ce872e, parent=my.host1687558629288.com, expectedName='testTitle1687558630629', expectedType='Template'}]" classname="com.dotmarketing.business.DeterministicIdentifierAPITest" time="0.002"/>
  <testcase name="Test_Asset_Generate_Deterministic_Id_Best_Effort[3: TestCase{versionable=com.dotmarketing.portlets.htmlpageasset.model.HTMLPageAsset@1c9bb715[map={template=928754d9-8661-48df-ae9f-3cbbe61557fc, owner=system, identifier=8f503834-8789-42c6-936c-3cdc22077d14, nullProperties=[wfExpireDate, wfPublishDate, wfActionAssign, wfActionId, wfActionComments, filterKey, whereToSend, wfNeverExpire, _path_to_move, timezoneId, iWantTo, wfPublishTime, wfExpireTime], modDate=2023-06-23 22:17:10.648, cachettl=0, _is_test_mode=true, languageId=1, title=test-page-title-1687558630642, httpsreq=, url=test-page-url-1687558630642, showOnMenu=, inode=6bbb3518-552c-415d-be71-15cb76800a86, folder=dfcb59c8-98aa-4125-ad8f-95d9360f3cba, disabledWYSIWYG=[], sortOrder=1, modUser=system, host=a73f6990-79ab-409f-8f23-541333ef0126, stInode=c541abb1-69b3-4bc5-8430-5e09e5239cc8, friendlyName=test-page-friendly-name-1687558630642},lowIndexPriority=false,variantId=DEFAULT], parent=com.dotmarketing.portlets.folders.model.Folder@1b532aa8[identifier=dfcb59c8-98aa-4125-ad8f-95d9360f3cba,name=testName1687558630394,sortOrder=0,showOnMenu=false,hostId=a73f6990-79ab-409f-8f23-541333ef0126,type=folder,title=testTitle1687558630394,filesMasks=,defaultFileType=33888b6f-7a8e-4069-b1b6-5c1aa9d0a48d,modDate=2023-06-23 22:17:10.4,owner=&lt;null&gt;,iDate=2023-06-23 22:17:10.4,inode=dfcb59c8-98aa-4125-ad8f-95d9360f3cba,path=/testName1687558630394/], expectedName='test-page-url-1687558630642', expectedType='htmlpageasset'}]" classname="com.dotmarketing.business.DeterministicIdentifierAPITest" time="0.002"/>
  <testcase name="Test_Asset_Generate_Deterministic_Id_Best_Effort[4: TestCase{versionable=com.dotmarketing.portlets.contentlet.model.Contentlet@4f26cd57[map={fileAsset2=/home/runner/work/core/custom/assets/9/5/95f49c6b-c0ed-458b-a0e3-cfabdc6296d1/fileAsset2/test_binary1687558631373.png, modDate=2023-06-23 22:17:11.378, fileAsset1=/home/runner/work/core/custom/assets/9/5/95f49c6b-c0ed-458b-a0e3-cfabdc6296d1/fileAsset1/test_binary1687558631372.jpg, title=blah, inode=95f49c6b-c0ed-458b-a0e3-cfabdc6296d1, __IS_NEW_CONTENT__=true, disabledWYSIWYG=[], host=8a7d5e23-da1e-420a-b4f0-471e7da8ea2d, stInode=c029de50-4101-4c21-a711-a94587d5e05a, owner=system, identifier=24376d9f-beab-4187-8e3e-3db9dbb24122, nullProperties=[], languageId=1, image1=9a32a5b1-2434-4abd-89fc-148df51909b5, folder=SYSTEM_FOLDER, __disable_workflow__=true, sortOrder=0, modUser=system},lowIndexPriority=false,variantId=DEFAULT], parent=default, expectedName='test_binary1687558631372.jpg:test_binary1687558631373.png', expectedType='MultipleBinaries1687558630755'}]" classname="com.dotmarketing.business.DeterministicIdentifierAPITest" time="0.007"/>
  <testcase name="Test_Asset_Generate_Deterministic_Id_Best_Effort[5: TestCase{versionable=namefed9d28b3a : keyTagfed9d28b3a, parent=my.host1687558629288.com, expectedName='keyTagfed9d28b3a', expectedType='persona'}]" classname="com.dotmarketing.business.DeterministicIdentifierAPITest" time="0.006"/>
  <testcase name="Test_Similar_Content_Type_Wont_Clash" classname="com.dotmarketing.business.DeterministicIdentifierAPITest" time="0.474"/>
  <testcase name="Test_Generate_Folder_Identifier" classname="com.dotmarketing.business.DeterministicIdentifierAPITest" time="0.905"/>
  <testcase name="Test_Generate_Content_Type_Identifier[0: ContentTypeTestCase{contentType=KeyValueContentType{name=Language Variable, id=f4d7c1b8-2c88-4071-abf1-a5328977b07d, description=Default Content Type for Language Variables, defaultType=false, fixed=true, iDate=Thu Aug 31 16:38:49 UTC 2017, system=true, versionable=true, variable=Languagevariable, modDate=Fri Jun 23 22:13:55 UTC 2023, host=SYSTEM_HOST, siteName=systemHost, icon=language, sortOrder=0, folder=SYSTEM_FOLDER, folderPath=/, markedForDeletion=false, multilingualable=false}, expectedName='Languagevariable', expectedType='KeyValue'}]" classname="com.dotmarketing.business.DeterministicIdentifierAPITest" time="0.007"/>
  <testcase name="Test_Generate_Content_Type_Identifier[1: ContentTypeTestCase{contentType=SimpleContentType{name=testName1687558631687, id=54ea83e5-ae3c-4875-af67-f2d7f410de72, description=testDescription1687558631687, defaultType=false, fixed=false, iDate=Fri Jun 23 22:17:11 UTC 2023, system=false, versionable=true, multilingualable=false, variable=testVarname1687558631687, owner=system, modDate=Fri Jun 23 22:17:12 UTC 2023, host=8a7d5e23-da1e-420a-b4f0-471e7da8ea2d, siteName=default, icon=event_note, sortOrder=0, folder=SYSTEM_FOLDER, folderPath=/, requiredFields=[], markedForDeletion=false}, expectedName='testVarname1687558631687', expectedType='CONTENT'}]" classname="com.dotmarketing.business.DeterministicIdentifierAPITest" time="0.005"/>
  <system-out><![CDATA[]]></system-out>
  <system-err><![CDATA[]]></system-err>
</testsuite>
