<?xml version="1.0" encoding="UTF-8"?>
<testsuite name="com.dotcms.rendering.velocity.viewtools.ContainerWebAPIIntegrationTest" tests="11" skipped="0" failures="0" errors="0" timestamp="2023-06-23T20:27:33" hostname="fv-az583-526" time="17.256">
  <properties/>
  <testcase name="testDoesUserHasPermissionToAddForm_GivenUserWithPermission_ShouldReturnTrue" classname="com.dotcms.rendering.velocity.viewtools.ContainerWebAPIIntegrationTest" time="1.823"/>
  <testcase name="testGetBaseContentTypeUserHasPermissionToAdd_GivenUserWithWidgetPermission_ShouldReturnWidgetString" classname="com.dotcms.rendering.velocity.viewtools.ContainerWebAPIIntegrationTest" time="1.821"/>
  <testcase name="testDoesUserHasPermissionToAddForm_GivenUserWithoutPermission_ShouldReturnFalse" classname="com.dotcms.rendering.velocity.viewtools.ContainerWebAPIIntegrationTest" time="0.783"/>
  <testcase name="testGetBaseContentTypeUserHasPermissionToAdd_GivenUserWithWidgetFormPermission_ShouldReturnWidgetFormString" classname="com.dotcms.rendering.velocity.viewtools.ContainerWebAPIIntegrationTest" time="1.802"/>
  <testcase name="testGetBaseContentTypeUserHasPermissionToAdd_GivenUserWithFormPermission_ShouldReturnFormString" classname="com.dotcms.rendering.velocity.viewtools.ContainerWebAPIIntegrationTest" time="1.797"/>
  <testcase name="whenPageUseAdvanceTemplate" classname="com.dotcms.rendering.velocity.viewtools.ContainerWebAPIIntegrationTest" time="1.467"/>
  <testcase name="testGetBaseContentTypeUserHasPermissionToAdd_GivenUserWithWidgetFormContentPermission_ShouldReturnWidgetFormContentString" classname="com.dotcms.rendering.velocity.viewtools.ContainerWebAPIIntegrationTest" time="1.804"/>
  <testcase name="testDoesUserHasPermissionToAddWidget_GivenUserWithoutPermission_ShouldReturnFalse" classname="com.dotcms.rendering.velocity.viewtools.ContainerWebAPIIntegrationTest" time="0.793"/>
  <testcase name="testDoesUserHasPermissionToAddWidget_GivenUserWithPermission_ShouldReturnTrue" classname="com.dotcms.rendering.velocity.viewtools.ContainerWebAPIIntegrationTest" time="1.831"/>
  <testcase name="whenPageUseNotAdvanceTemplate" classname="com.dotcms.rendering.velocity.viewtools.ContainerWebAPIIntegrationTest" time="2.529"/>
  <testcase name="testGetBaseContentTypeUserHasPermissionToAdd_GivenUserWithoutPermission_ShouldReturnEmptyString" classname="com.dotcms.rendering.velocity.viewtools.ContainerWebAPIIntegrationTest" time="0.805"/>
  <system-out><![CDATA[]]></system-out>
  <system-err><![CDATA[]]></system-err>
</testsuite>
