<?xml version="1.0" encoding="UTF-8"?>
<testsuite name="com.dotcms.analytics.metrics.QueryParameterValuesTransformerTest" tests="1" skipped="0" failures="0" errors="0" timestamp="2023-07-19T15:34:49" hostname="fv-az218-51" time="0.011">
  <properties/>
  <testcase name="transformQueryParamsValues" classname="com.dotcms.analytics.metrics.QueryParameterValuesTransformerTest" time="0.011"/>
  <system-out><![CDATA[]]></system-out>
  <system-err><![CDATA[]]></system-err>
</testsuite>
