<?xml version="1.0" encoding="UTF-8"?>
<testsuite name="com.dotcms.enterprise.publishing.remote.CategoryBundlerHandlerTest" tests="5" skipped="0" failures="0" errors="0" timestamp="2023-07-05T20:39:37" hostname="fv-az402-966" time="0.432">
  <properties/>
  <testcase name="testBundlerAndHandler_success_sameInodeBlankKey" classname="com.dotcms.enterprise.publishing.remote.CategoryBundlerHandlerTest" time="0.254"/>
  <testcase name="testBundlerAndHandler_success_sameInodeSameKey" classname="com.dotcms.enterprise.publishing.remote.CategoryBundlerHandlerTest" time="0.032"/>
  <testcase name="testBundlerAndHandler_success_sameInodeDifferentKey" classname="com.dotcms.enterprise.publishing.remote.CategoryBundlerHandlerTest" time="0.047"/>
  <testcase name="testBundlerAndHandler_success_SameKey_SameInodeOnReceiver" classname="com.dotcms.enterprise.publishing.remote.CategoryBundlerHandlerTest" time="0.041"/>
  <testcase name="testBundlerAndHandler_success_newCategories" classname="com.dotcms.enterprise.publishing.remote.CategoryBundlerHandlerTest" time="0.056"/>
  <system-out><![CDATA[]]></system-out>
  <system-err><![CDATA[]]></system-err>
</testsuite>
