<?xml version="1.0" encoding="UTF-8"?>
<testsuite name="com.dotmarketing.portlets.structure.model.ContentletRelationshipsTest" tests="7" skipped="0" failures="0" errors="0" timestamp="2023-06-27T16:14:36" hostname="fv-az343-524" time="9.246">
  <properties/>
  <testcase name="testDoesAllowOnlyOne[0: com.dotmarketing.portlets.structure.model.ContentletRelationshipsTest$CardinalityTestCase@dda8028]" classname="com.dotmarketing.portlets.structure.model.ContentletRelationshipsTest" time="0.567"/>
  <testcase name="testDoesAllowOnlyOne[1: com.dotmarketing.portlets.structure.model.ContentletRelationshipsTest$CardinalityTestCase@19525f29]" classname="com.dotmarketing.portlets.structure.model.ContentletRelationshipsTest" time="0.652"/>
  <testcase name="testDoesAllowOnlyOne[2: com.dotmarketing.portlets.structure.model.ContentletRelationshipsTest$CardinalityTestCase@4f0b3792]" classname="com.dotmarketing.portlets.structure.model.ContentletRelationshipsTest" time="0.545"/>
  <testcase name="testGetRelationshipRecords[0: com.dotmarketing.portlets.structure.model.ContentletRelationshipsTest$TestCase@495cd747]" classname="com.dotmarketing.portlets.structure.model.ContentletRelationshipsTest" time="1.29"/>
  <testcase name="testGetRelationshipRecords[1: com.dotmarketing.portlets.structure.model.ContentletRelationshipsTest$TestCase@10dec584]" classname="com.dotmarketing.portlets.structure.model.ContentletRelationshipsTest" time="2.143"/>
  <testcase name="testGetRelationshipRecords[2: com.dotmarketing.portlets.structure.model.ContentletRelationshipsTest$TestCase@1bfe7ba1]" classname="com.dotmarketing.portlets.structure.model.ContentletRelationshipsTest" time="2.018"/>
  <testcase name="testGetRelationshipRecords[3: com.dotmarketing.portlets.structure.model.ContentletRelationshipsTest$TestCase@ddf78eb]" classname="com.dotmarketing.portlets.structure.model.ContentletRelationshipsTest" time="2.004"/>
  <system-out><![CDATA[]]></system-out>
  <system-err><![CDATA[]]></system-err>
</testsuite>
