<?xml version="1.0" encoding="UTF-8"?>
<testsuite name="com.dotmarketing.startup.runonce.Task230707CreateSystemTableTest" tests="1" skipped="0" failures="0" errors="0" timestamp="2023-07-15T00:56:30" hostname="fv-az1107-746" time="0.006">
  <properties/>
  <testcase name="executeTaskUpgrade" classname="com.dotmarketing.startup.runonce.Task230707CreateSystemTableTest" time="0.006"/>
  <system-out><![CDATA[]]></system-out>
  <system-err><![CDATA[]]></system-err>
</testsuite>
