<?xml version="1.0" encoding="UTF-8"?>
<testsuite name="com.dotcms.rendering.velocity.viewtools.LanguageWebAPITest" tests="10" skipped="0" failures="0" errors="0" timestamp="2023-06-26T20:37:04" hostname="fv-az1241-672" time="1.066">
  <properties/>
  <testcase name="testLanguageWithoutCountryFallbackFalse_returnTESTEXAMPLENOCOUNTRY" classname="com.dotcms.rendering.velocity.viewtools.LanguageWebAPITest" time="1.011"/>
  <testcase name="testNotExistingLanguageFallbackTrue_returnTESTEXAMPLEDEFAULT" classname="com.dotcms.rendering.velocity.viewtools.LanguageWebAPITest" time="0.009"/>
  <testcase name="testNotExistingLanguageFallbackFalse_returnTESTEXAMPLEDEFA" classname="com.dotcms.rendering.velocity.viewtools.LanguageWebAPITest" time="0.004"/>
  <testcase name="testLanguageWithoutCountryFallbackTrue_returnTESTEXAMPLENOCOUNTRY" classname="com.dotcms.rendering.velocity.viewtools.LanguageWebAPITest" time="0.008"/>
  <testcase name="testDefaultContentToDefaultLanguage3" classname="com.dotcms.rendering.velocity.viewtools.LanguageWebAPITest" time="0.004"/>
  <testcase name="testDefaultContentToDefaultLanguage4" classname="com.dotcms.rendering.velocity.viewtools.LanguageWebAPITest" time="0.009"/>
  <testcase name="testLanguageWithCountryFallbackTrue_returnTESTEXAMPLECOUNTRY" classname="com.dotcms.rendering.velocity.viewtools.LanguageWebAPITest" time="0.007"/>
  <testcase name="testLanguageWithCountryFallbackFalsePassingNoCountryId_returnTESTEXAMPLECOUNTRY" classname="com.dotcms.rendering.velocity.viewtools.LanguageWebAPITest" time="0.003"/>
  <testcase name="testLanguageWithCountryFallbackTruePassingNoCountryId_returnTESTEXAMPLECOUNTRY" classname="com.dotcms.rendering.velocity.viewtools.LanguageWebAPITest" time="0.003"/>
  <testcase name="testLanguageWithCountryFallbackFalse_returnTESTEXAMPLECOUNTRY" classname="com.dotcms.rendering.velocity.viewtools.LanguageWebAPITest" time="0.004"/>
  <system-out><![CDATA[]]></system-out>
  <system-err><![CDATA[]]></system-err>
</testsuite>
