<?xml version="1.0" encoding="UTF-8"?>
<testsuite name="com.dotcms.publisher.business.PublisherTest" tests="4" skipped="0" failures="0" errors="0" timestamp="2023-07-11T21:34:33" hostname="fv-az436-467" time="14.706">
  <properties/>
  <testcase name="testPushArchivedAndMultiLanguageContent" classname="com.dotcms.publisher.business.PublisherTest" time="6.578"/>
  <testcase name="testPushContentWithUniqueField" classname="com.dotcms.publisher.business.PublisherTest" time="2.977"/>
  <testcase name="dontAutoPublishContentWithoutPublishDate" classname="com.dotcms.publisher.business.PublisherTest" time="1.382"/>
  <testcase name="test_Create_folderpage_Push_page_Remove_folderpush_Create_page_Push_page_SameBundle_shouldbe_created" classname="com.dotcms.publisher.business.PublisherTest" time="3.769"/>
  <system-out><![CDATA[


]]></system-out>
  <system-err><![CDATA[]]></system-err>
</testsuite>
