<?xml version="1.0" encoding="UTF-8"?>
<testsuite name="com.dotmarketing.startup.runonce.Task05380ChangeContainerPathToAbsoluteTest" tests="13" skipped="0" failures="0" errors="0" timestamp="2023-07-14T15:38:17" hostname="fv-az627-249" time="41.428">
  <properties/>
  <testcase name="whenTemplateLayoutHasAbsolutePathShouldKeepThePathWithoutChange" classname="com.dotmarketing.startup.runonce.Task05380ChangeContainerPathToAbsoluteTest" time="2.685"/>
  <testcase name="whenTemplateLayoutHasRelativePathShouldTurnIntoAAbsolutePath" classname="com.dotmarketing.startup.runonce.Task05380ChangeContainerPathToAbsoluteTest" time="3.075"/>
  <testcase name="whenLegacyTemplateLayoutHasIDContainer" classname="com.dotmarketing.startup.runonce.Task05380ChangeContainerPathToAbsoluteTest" time="2.048"/>
  <testcase name="whenTemplateLayoutHasRelativePathButBodyIsNullShouldTurnIntoAAbsolutePath" classname="com.dotmarketing.startup.runonce.Task05380ChangeContainerPathToAbsoluteTest" time="3.029"/>
  <testcase name="whenHaveMoreThanOneTemplate" classname="com.dotmarketing.startup.runonce.Task05380ChangeContainerPathToAbsoluteTest" time="3.071"/>
  <testcase name="whenLegacyTemplateLayoutHasRelativePathShouldTurnIntoAbsolutePath" classname="com.dotmarketing.startup.runonce.Task05380ChangeContainerPathToAbsoluteTest" time="3.044"/>
  <testcase name="whenTemplateLayoutHasNotFileCOntainer" classname="com.dotmarketing.startup.runonce.Task05380ChangeContainerPathToAbsoluteTest" time="3.068"/>
  <testcase name="whenTemplateLayoutHasRelativePathAndSideBar" classname="com.dotmarketing.startup.runonce.Task05380ChangeContainerPathToAbsoluteTest" time="3.049"/>
  <testcase name="whenSiteChangeNameBeforeRunUT" classname="com.dotmarketing.startup.runonce.Task05380ChangeContainerPathToAbsoluteTest" time="4.12"/>
  <testcase name="whenLegacyTemplateLayoutHasAbsolutePathToAnotherSite" classname="com.dotmarketing.startup.runonce.Task05380ChangeContainerPathToAbsoluteTest" time="4.05"/>
  <testcase name="whenTemplateAdvancedHasRelativePath" classname="com.dotmarketing.startup.runonce.Task05380ChangeContainerPathToAbsoluteTest" time="3.066"/>
  <testcase name="whenTemplateLayoutHasAbsolutePathToAnotherSite" classname="com.dotmarketing.startup.runonce.Task05380ChangeContainerPathToAbsoluteTest" time="4.069"/>
  <testcase name="whenLegacyTemplateLayoutHasAbsolutePath" classname="com.dotmarketing.startup.runonce.Task05380ChangeContainerPathToAbsoluteTest" time="3.053"/>
  <system-out><![CDATA[]]></system-out>
  <system-err><![CDATA[]]></system-err>
</testsuite>
