<?xml version="1.0" encoding="UTF-8"?>
<testsuite name="com.dotmarketing.startup.runonce.Task05070AndTask05080Test" tests="1" skipped="0" failures="0" errors="0" timestamp="2023-07-20T05:38:48" hostname="fv-az450-410" time="0.035">
  <properties/>
  <testcase name="testExecuteUpgrade" classname="com.dotmarketing.startup.runonce.Task05070AndTask05080Test" time="0.035"/>
  <system-out><![CDATA[]]></system-out>
  <system-err><![CDATA[]]></system-err>
</testsuite>
