<?xml version="1.0" encoding="UTF-8"?>
<testsuite name="com.dotmarketing.startup.runonce.Task04375UpdateColorsTest" tests="1" skipped="0" failures="0" errors="0" timestamp="2023-07-11T21:18:20" hostname="fv-az206-849" time="0.004">
  <properties/>
  <testcase name="testExecuteUpgrade_newColors_Success" classname="com.dotmarketing.startup.runonce.Task04375UpdateColorsTest" time="0.004"/>
  <system-out><![CDATA[]]></system-out>
  <system-err><![CDATA[]]></system-err>
</testsuite>
