<?xml version="1.0" encoding="UTF-8"?>
<testsuite name="com.dotcms.integritycheckers.ContentFileAssetIntegrityCheckerTest" tests="1" skipped="0" failures="0" errors="0" timestamp="2023-06-26T20:08:27" hostname="fv-az1114-884" time="3.087">
  <properties/>
  <testcase name="TestFixConflictGeneratesContentletAsJson" classname="com.dotcms.integritycheckers.ContentFileAssetIntegrityCheckerTest" time="3.087"/>
  <system-out><![CDATA[]]></system-out>
  <system-err><![CDATA[]]></system-err>
</testsuite>
