<?xml version="1.0" encoding="UTF-8"?>
<testsuite name="com.dotmarketing.common.db.ParamsSetterTest" tests="1" skipped="0" failures="0" errors="0" timestamp="2023-07-14T20:39:51" hostname="fv-az251-985" time="1.11">
  <properties/>
  <testcase name="setParamsTest" classname="com.dotmarketing.common.db.ParamsSetterTest" time="1.11"/>
  <system-out><![CDATA[]]></system-out>
  <system-err><![CDATA[]]></system-err>
</testsuite>
