<?xml version="1.0" encoding="UTF-8"?>
<testsuite name="com.dotmarketing.portlets.structure.model.ContentletRelationshipsTest" tests="7" skipped="0" failures="0" errors="0" timestamp="2023-06-30T22:37:04" hostname="fv-az162-235" time="9.216">
  <properties/>
  <testcase name="testDoesAllowOnlyOne[0: com.dotmarketing.portlets.structure.model.ContentletRelationshipsTest$CardinalityTestCase@87e6aa9]" classname="com.dotmarketing.portlets.structure.model.ContentletRelationshipsTest" time="0.576"/>
  <testcase name="testDoesAllowOnlyOne[1: com.dotmarketing.portlets.structure.model.ContentletRelationshipsTest$CardinalityTestCase@37807918]" classname="com.dotmarketing.portlets.structure.model.ContentletRelationshipsTest" time="0.425"/>
  <testcase name="testDoesAllowOnlyOne[2: com.dotmarketing.portlets.structure.model.ContentletRelationshipsTest$CardinalityTestCase@fad81af]" classname="com.dotmarketing.portlets.structure.model.ContentletRelationshipsTest" time="0.509"/>
  <testcase name="testGetRelationshipRecords[0: com.dotmarketing.portlets.structure.model.ContentletRelationshipsTest$TestCase@544cb635]" classname="com.dotmarketing.portlets.structure.model.ContentletRelationshipsTest" time="1.91"/>
  <testcase name="testGetRelationshipRecords[1: com.dotmarketing.portlets.structure.model.ContentletRelationshipsTest$TestCase@2f9ca537]" classname="com.dotmarketing.portlets.structure.model.ContentletRelationshipsTest" time="1.987"/>
  <testcase name="testGetRelationshipRecords[2: com.dotmarketing.portlets.structure.model.ContentletRelationshipsTest$TestCase@1b605165]" classname="com.dotmarketing.portlets.structure.model.ContentletRelationshipsTest" time="1.956"/>
  <testcase name="testGetRelationshipRecords[3: com.dotmarketing.portlets.structure.model.ContentletRelationshipsTest$TestCase@78231b5f]" classname="com.dotmarketing.portlets.structure.model.ContentletRelationshipsTest" time="1.845"/>
  <system-out><![CDATA[]]></system-out>
  <system-err><![CDATA[]]></system-err>
</testsuite>
