<?xml version="1.0" encoding="UTF-8"?>
<testsuite name="com.dotcms.enterprise.publishing.remote.bundler.HostBundlerTest" tests="3" skipped="0" failures="0" errors="0" timestamp="2023-07-04T02:55:33" hostname="fv-az951-870" time="0.1">
  <properties/>
  <testcase name="addHostInBundle[0: com.dotcms.enterprise.publishing.remote.bundler.HostBundlerTest$TestCase@7f9344c2]" classname="com.dotcms.enterprise.publishing.remote.bundler.HostBundlerTest" time="0.03"/>
  <testcase name="addHostInBundle[1: com.dotcms.enterprise.publishing.remote.bundler.HostBundlerTest$TestCase@6bbe8d06]" classname="com.dotcms.enterprise.publishing.remote.bundler.HostBundlerTest" time="0.025"/>
  <testcase name="addHostInBundle[2: com.dotcms.enterprise.publishing.remote.bundler.HostBundlerTest$TestCase@3e68c33]" classname="com.dotcms.enterprise.publishing.remote.bundler.HostBundlerTest" time="0.045"/>
  <system-out><![CDATA[]]></system-out>
  <system-err><![CDATA[]]></system-err>
</testsuite>
