<?xml version="1.0" encoding="UTF-8"?>
<testsuite name="com.dotmarketing.startup.runonce.Task210719CleanUpTitleFieldTest" tests="1" skipped="0" failures="0" errors="0" timestamp="2023-07-03T22:40:45" hostname="fv-az344-336" time="0.009">
  <properties/>
  <testcase name="testExecuteUpgrade" classname="com.dotmarketing.startup.runonce.Task210719CleanUpTitleFieldTest" time="0.009"/>
  <system-out><![CDATA[]]></system-out>
  <system-err><![CDATA[]]></system-err>
</testsuite>
