<?xml version="1.0" encoding="UTF-8"?>
<testsuite name="com.dotmarketing.portlets.structure.model.ContentletRelationshipsTest" tests="7" skipped="0" failures="0" errors="0" timestamp="2023-07-19T21:50:48" hostname="fv-az561-507" time="11.619">
  <properties/>
  <testcase name="testDoesAllowOnlyOne[0: com.dotmarketing.portlets.structure.model.ContentletRelationshipsTest$CardinalityTestCase@270cab53]" classname="com.dotmarketing.portlets.structure.model.ContentletRelationshipsTest" time="0.795"/>
  <testcase name="testDoesAllowOnlyOne[1: com.dotmarketing.portlets.structure.model.ContentletRelationshipsTest$CardinalityTestCase@54f7f309]" classname="com.dotmarketing.portlets.structure.model.ContentletRelationshipsTest" time="0.857"/>
  <testcase name="testDoesAllowOnlyOne[2: com.dotmarketing.portlets.structure.model.ContentletRelationshipsTest$CardinalityTestCase@2fcddf1]" classname="com.dotmarketing.portlets.structure.model.ContentletRelationshipsTest" time="0.632"/>
  <testcase name="testGetRelationshipRecords[0: com.dotmarketing.portlets.structure.model.ContentletRelationshipsTest$TestCase@7fdf5364]" classname="com.dotmarketing.portlets.structure.model.ContentletRelationshipsTest" time="2.413"/>
  <testcase name="testGetRelationshipRecords[1: com.dotmarketing.portlets.structure.model.ContentletRelationshipsTest$TestCase@3dcb39ff]" classname="com.dotmarketing.portlets.structure.model.ContentletRelationshipsTest" time="2.342"/>
  <testcase name="testGetRelationshipRecords[2: com.dotmarketing.portlets.structure.model.ContentletRelationshipsTest$TestCase@564feaf4]" classname="com.dotmarketing.portlets.structure.model.ContentletRelationshipsTest" time="2.241"/>
  <testcase name="testGetRelationshipRecords[3: com.dotmarketing.portlets.structure.model.ContentletRelationshipsTest$TestCase@3238b699]" classname="com.dotmarketing.portlets.structure.model.ContentletRelationshipsTest" time="2.338"/>
  <system-out><![CDATA[]]></system-out>
  <system-err><![CDATA[]]></system-err>
</testsuite>
