<?xml version="1.0" encoding="UTF-8"?>
<testsuite name="com.dotmarketing.startup.runonce.Task05370AddAppsPortletToLayoutTest" tests="1" skipped="0" failures="0" errors="0" timestamp="2023-07-17T19:29:06" hostname="fv-az451-216" time="0.008">
  <properties/>
  <testcase name="test_upgradeTask_success" classname="com.dotmarketing.startup.runonce.Task05370AddAppsPortletToLayoutTest" time="0.008"/>
  <system-out><![CDATA[]]></system-out>
  <system-err><![CDATA[]]></system-err>
</testsuite>
