<?xml version="1.0" encoding="UTF-8"?>
<testsuite name="com.dotcms.rest.TagResourceIntegrationTest" tests="4" skipped="0" failures="0" errors="0" timestamp="2023-06-30T01:14:13" hostname="fv-az343-533" time="0.337">
  <properties/>
  <testcase name="testList[0: com.dotcms.rest.TagResourceTestCase@7c61c1e6]" classname="com.dotcms.rest.TagResourceIntegrationTest" time="0.259"/>
  <testcase name="testList[1: com.dotcms.rest.TagResourceTestCase@36a2784f]" classname="com.dotcms.rest.TagResourceIntegrationTest" time="0.028"/>
  <testcase name="testList[2: com.dotcms.rest.TagResourceTestCase@261e3a88]" classname="com.dotcms.rest.TagResourceIntegrationTest" time="0.021"/>
  <testcase name="testList[3: com.dotcms.rest.TagResourceTestCase@787f36fd]" classname="com.dotcms.rest.TagResourceIntegrationTest" time="0.026"/>
  <system-out><![CDATA[]]></system-out>
  <system-err><![CDATA[Jun 30, 2023 1:14:13 AM com.dotcms.repackage.org.hibernate.validator.internal.util.Version <clinit>
INFO: HV000001: Hibernate Validator 4.3.2.Final
]]></system-err>
</testsuite>
