<?xml version="1.0" encoding="UTF-8"?>
<testsuite name="com.dotcms.rest.elasticsearch.ESContentResourcePortletTest" tests="8" skipped="0" failures="0" errors="0" timestamp="2023-06-27T21:08:07" hostname="fv-az338-385" time="8.632">
  <properties/>
  <testcase name="test_search_includeGrandChildCategory_success" classname="com.dotcms.rest.elasticsearch.ESContentResourcePortletTest" time="1.354"/>
  <testcase name="testSearch[0: com.dotcms.rest.elasticsearch.ESContentResourcePortletTest$TestCase@6e035418]" classname="com.dotcms.rest.elasticsearch.ESContentResourcePortletTest" time="0.861"/>
  <testcase name="testSearch[1: com.dotcms.rest.elasticsearch.ESContentResourcePortletTest$TestCase@2744ccd9]" classname="com.dotcms.rest.elasticsearch.ESContentResourcePortletTest" time="1.248"/>
  <testcase name="testSearch[2: com.dotcms.rest.elasticsearch.ESContentResourcePortletTest$TestCase@56b226f4]" classname="com.dotcms.rest.elasticsearch.ESContentResourcePortletTest" time="0.859"/>
  <testcase name="testSearch[3: com.dotcms.rest.elasticsearch.ESContentResourcePortletTest$TestCase@2a307584]" classname="com.dotcms.rest.elasticsearch.ESContentResourcePortletTest" time="1.255"/>
  <testcase name="testSearch[4: com.dotcms.rest.elasticsearch.ESContentResourcePortletTest$TestCase@5ee7474e]" classname="com.dotcms.rest.elasticsearch.ESContentResourcePortletTest" time="1.321"/>
  <testcase name="testSearch[5: com.dotcms.rest.elasticsearch.ESContentResourcePortletTest$TestCase@5fc46a4f]" classname="com.dotcms.rest.elasticsearch.ESContentResourcePortletTest" time="0.878"/>
  <testcase name="testSearch[6: com.dotcms.rest.elasticsearch.ESContentResourcePortletTest$TestCase@180662c5]" classname="com.dotcms.rest.elasticsearch.ESContentResourcePortletTest" time="0.855"/>
  <system-out><![CDATA[]]></system-out>
  <system-err><![CDATA[]]></system-err>
</testsuite>
