<?xml version="1.0" encoding="UTF-8"?>
<testsuite name="com.dotmarketing.startup.runonce.Task220330ChangeVanityURLSiteFieldTypeTest" tests="2" skipped="0" failures="0" errors="0" timestamp="2023-07-18T20:11:12" hostname="fv-az206-458" time="4.073">
  <properties/>
  <testcase name="test_upgradeTask_success" classname="com.dotmarketing.startup.runonce.Task220330ChangeVanityURLSiteFieldTypeTest" time="4.066"/>
  <testcase name="runTUTwice" classname="com.dotmarketing.startup.runonce.Task220330ChangeVanityURLSiteFieldTypeTest" time="0.007"/>
  <system-out><![CDATA[]]></system-out>
  <system-err><![CDATA[]]></system-err>
</testsuite>
