<?xml version="1.0" encoding="UTF-8"?>
<testsuite name="com.dotmarketing.servlets.ajax.AjaxDirectorServletIntegrationTest" tests="2" skipped="0" failures="0" errors="0" timestamp="2023-07-17T21:26:57" hostname="fv-az561-617" time="3.991">
  <properties/>
  <testcase name="testService[0: com.dotmarketing.servlets.ajax.AjaxDirectorServletTestCase@1d4d8f3a]" classname="com.dotmarketing.servlets.ajax.AjaxDirectorServletIntegrationTest" time="1.609"/>
  <testcase name="testService[1: com.dotmarketing.servlets.ajax.AjaxDirectorServletTestCase@1d1ff38c]" classname="com.dotmarketing.servlets.ajax.AjaxDirectorServletIntegrationTest" time="2.382"/>
  <system-out><![CDATA[]]></system-out>
  <system-err><![CDATA[]]></system-err>
</testsuite>
