<?xml version="1.0" encoding="UTF-8"?>
<testsuite name="com.dotmarketing.business.DeterministicIdentifierAPITest" tests="16" skipped="0" failures="0" errors="0" timestamp="2023-06-28T17:41:45" hostname="fv-az790-106" time="0.746">
  <properties/>
  <testcase name="Test_Category_Path_Seed_And_Id" classname="com.dotmarketing.business.DeterministicIdentifierAPITest" time="0.021"/>
  <testcase name="Test_Language_Deterministic_Id[0: LanguageTestCase{expectedSeed='Language:es:US', expectedHash=4913155, langCode='es', countryCode='US', country='United States'}]" classname="com.dotmarketing.business.DeterministicIdentifierAPITest" time="0.001"/>
  <testcase name="Test_Language_Deterministic_Id[1: LanguageTestCase{expectedSeed='Language:ep:', expectedHash=5292269, langCode='ep', countryCode='', country=''}]" classname="com.dotmarketing.business.DeterministicIdentifierAPITest" time="0.001"/>
  <testcase name="Test_Language_Deterministic_Id[2: LanguageTestCase{expectedSeed='Language:sg:SAG', expectedHash=4713118, langCode='sg', countryCode='SAG', country=''}]" classname="com.dotmarketing.business.DeterministicIdentifierAPITest" time="0.001"/>
  <testcase name="Test_Language_Deterministic_Id[3: LanguageTestCase{expectedSeed='Language:en:NZ', expectedHash=5382528, langCode='en', countryCode='NZ', country='New Zealand'}]" classname="com.dotmarketing.business.DeterministicIdentifierAPITest" time="0.001"/>
  <testcase name="Test_Category_None_Persisted_Category_Should_Return_Deterministic_Id" classname="com.dotmarketing.business.DeterministicIdentifierAPITest" time="0.002"/>
  <testcase name="Test_Asset_Generate_Deterministic_Id_Best_Effort[0: TestCase{versionable=my.host1687973724550.com, parent=System Host, expectedName='my.host1687973724550.com', expectedType='Host'}]" classname="com.dotmarketing.business.DeterministicIdentifierAPITest" time="0.003"/>
  <testcase name="Test_Asset_Generate_Deterministic_Id_Best_Effort[1: TestCase{versionable=com.dotmarketing.portlets.contentlet.model.Contentlet@5471186a[map={modDate=2023-06-28 17:35:25.26, fileName=file8355832564017867689.txt, title=file8355832564017867689.txt, inode=c45d558b-5e22-4f6d-90c4-7cda545d7f41, __IS_NEW_CONTENT__=true, disabledWYSIWYG=[], host=4a53b2ff-b585-47eb-89fa-a0300adc3963, stInode=33888b6f-7a8e-4069-b1b6-5c1aa9d0a48d, owner=system, identifier=2bdbe36a-3195-401d-85ed-8cdab67ab03f, nullProperties=[wfExpireDate, wfPublishDate, wfActionAssign, wfActionId, wfActionComments, filterKey, whereToSend, wfNeverExpire, _path_to_move, timezoneId, iWantTo, wfPublishTime, wfExpireTime], languageId=1, fileAsset=/home/runner/work/core/custom/assets/c/4/c45d558b-5e22-4f6d-90c4-7cda545d7f41/fileAsset/file8355832564017867689.txt, folder=169fb404-5795-4bea-a580-cd3d690b3c03, __disable_workflow__=true, sortOrder=0, modUser=system},lowIndexPriority=false,variantId=DEFAULT], parent=com.dotmarketing.portlets.folders.model.Folder@73e9fd5b[identifier=169fb404-5795-4bea-a580-cd3d690b3c03,name=testName1687973725254,sortOrder=0,showOnMenu=false,hostId=4a53b2ff-b585-47eb-89fa-a0300adc3963,type=folder,title=testTitle1687973725254,filesMasks=,defaultFileType=33888b6f-7a8e-4069-b1b6-5c1aa9d0a48d,modDate=2023-06-28 17:35:25.257,owner=&lt;null&gt;,iDate=2023-06-28 17:35:25.257,inode=169fb404-5795-4bea-a580-cd3d690b3c03,path=/testName1687973725254/], expectedName='file8355832564017867689.txt', expectedType='FileAsset'}]" classname="com.dotmarketing.business.DeterministicIdentifierAPITest" time="0.003"/>
  <testcase name="Test_Asset_Generate_Deterministic_Id_Best_Effort[2: TestCase{versionable=com.dotmarketing.portlets.templates.model.Template@4ca2f9d1, parent=my.host1687973724550.com, expectedName='testTitle1687973725343', expectedType='Template'}]" classname="com.dotmarketing.business.DeterministicIdentifierAPITest" time="0.002"/>
  <testcase name="Test_Asset_Generate_Deterministic_Id_Best_Effort[3: TestCase{versionable=com.dotmarketing.portlets.htmlpageasset.model.HTMLPageAsset@7a6a33f4[map={template=1fa384de-2b81-44b3-833e-7aa1f75fc247, owner=system, identifier=a0a3ccf7-c764-4a35-b0d8-ffd44f60fadc, nullProperties=[wfExpireDate, wfPublishDate, wfActionAssign, wfActionId, wfActionComments, filterKey, whereToSend, wfNeverExpire, _path_to_move, timezoneId, iWantTo, wfPublishTime, wfExpireTime], modDate=2023-06-28 17:35:25.355, cachettl=0, _is_test_mode=true, languageId=1, title=test-page-title-1687973725352, httpsreq=, url=test-page-url-1687973725352, showOnMenu=, inode=f5dbebfa-1283-4cfa-bf00-f9de1ac69b7a, folder=169fb404-5795-4bea-a580-cd3d690b3c03, disabledWYSIWYG=[], sortOrder=1, modUser=system, host=4a53b2ff-b585-47eb-89fa-a0300adc3963, stInode=c541abb1-69b3-4bc5-8430-5e09e5239cc8, friendlyName=test-page-friendly-name-1687973725352},lowIndexPriority=false,variantId=DEFAULT], parent=com.dotmarketing.portlets.folders.model.Folder@73e9fd5b[identifier=169fb404-5795-4bea-a580-cd3d690b3c03,name=testName1687973725254,sortOrder=0,showOnMenu=false,hostId=4a53b2ff-b585-47eb-89fa-a0300adc3963,type=folder,title=testTitle1687973725254,filesMasks=,defaultFileType=33888b6f-7a8e-4069-b1b6-5c1aa9d0a48d,modDate=2023-06-28 17:35:25.257,owner=&lt;null&gt;,iDate=2023-06-28 17:35:25.257,inode=169fb404-5795-4bea-a580-cd3d690b3c03,path=/testName1687973725254/], expectedName='test-page-url-1687973725352', expectedType='htmlpageasset'}]" classname="com.dotmarketing.business.DeterministicIdentifierAPITest" time="0.002"/>
  <testcase name="Test_Asset_Generate_Deterministic_Id_Best_Effort[4: TestCase{versionable=com.dotmarketing.portlets.contentlet.model.Contentlet@38e66364[map={fileAsset2=/home/runner/work/core/custom/assets/c/b/cba47162-2e11-4a3f-b4e4-ca13d0492d1a/fileAsset2/test_binary1687973726242.png, modDate=2023-06-28 17:35:26.247, fileAsset1=/home/runner/work/core/custom/assets/c/b/cba47162-2e11-4a3f-b4e4-ca13d0492d1a/fileAsset1/test_binary1687973726242.jpg, title=blah, inode=cba47162-2e11-4a3f-b4e4-ca13d0492d1a, __IS_NEW_CONTENT__=true, disabledWYSIWYG=[], host=48190c8c-42c4-46af-8d1a-0cd5db894797, stInode=3845b450-7aee-4a47-9afc-424d261dca1b, owner=system, identifier=eb8d5e46-fe94-4a21-9231-8f2ed556463f, nullProperties=[], languageId=1, image1=ec41aa81-abb1-4bae-80b4-4e1766f49186, folder=SYSTEM_FOLDER, __disable_workflow__=true, sortOrder=0, modUser=system},lowIndexPriority=false,variantId=DEFAULT], parent=demo.dotcms.com, expectedName='test_binary1687973726242.jpg:test_binary1687973726242.png', expectedType='MultipleBinaries1687973725498'}]" classname="com.dotmarketing.business.DeterministicIdentifierAPITest" time="0.003"/>
  <testcase name="Test_Asset_Generate_Deterministic_Id_Best_Effort[5: TestCase{versionable=namebbd59a2973 : keyTagbbd59a2973, parent=my.host1687973724550.com, expectedName='keyTagbbd59a2973', expectedType='persona'}]" classname="com.dotmarketing.business.DeterministicIdentifierAPITest" time="0.003"/>
  <testcase name="Test_Similar_Content_Type_Wont_Clash" classname="com.dotmarketing.business.DeterministicIdentifierAPITest" time="0.417"/>
  <testcase name="Test_Generate_Folder_Identifier" classname="com.dotmarketing.business.DeterministicIdentifierAPITest" time="0.277"/>
  <testcase name="Test_Generate_Content_Type_Identifier[0: ContentTypeTestCase{contentType=KeyValueContentType{name=Language Variable, id=f4d7c1b8-2c88-4071-abf1-a5328977b07d, description=Default Content Type for Language Variables, defaultType=false, fixed=true, iDate=Thu Aug 31 16:38:49 UTC 2017, system=true, versionable=true, variable=Languagevariable, modDate=Wed Jun 28 16:29:21 UTC 2023, host=SYSTEM_HOST, siteName=systemHost, icon=language, sortOrder=0, folder=SYSTEM_FOLDER, folderPath=/, markedForDeletion=true, multilingualable=false}, expectedName='Languagevariable', expectedType='KeyValue'}]" classname="com.dotmarketing.business.DeterministicIdentifierAPITest" time="0.003"/>
  <testcase name="Test_Generate_Content_Type_Identifier[1: ContentTypeTestCase{contentType=SimpleContentType{name=testName1687973726624, id=ade39894-55b2-444c-aa94-df6d6aebd747, description=testDescription1687973726624, defaultType=false, fixed=false, iDate=Wed Jun 28 17:35:26 UTC 2023, system=false, versionable=true, multilingualable=false, variable=testVarname1687973726624, owner=system, modDate=Wed Jun 28 17:35:27 UTC 2023, host=48190c8c-42c4-46af-8d1a-0cd5db894797, siteName=demo.dotcms.com, icon=event_note, sortOrder=0, folder=SYSTEM_FOLDER, folderPath=/, requiredFields=[], markedForDeletion=false}, expectedName='testVarname1687973726624', expectedType='CONTENT'}]" classname="com.dotmarketing.business.DeterministicIdentifierAPITest" time="0.003"/>
  <system-out><![CDATA[]]></system-out>
  <system-err><![CDATA[]]></system-err>
</testsuite>
