<?xml version="1.0" encoding="UTF-8"?>
<testsuite name="com.dotcms.rest.api.v1.vtl.VTLResourceIntegrationTest" tests="6" skipped="0" failures="0" errors="0" timestamp="2023-06-29T20:28:41" hostname="fv-az189-858" time="12.382">
  <properties/>
  <testcase name="testGet[0: com.dotcms.rest.api.v1.vtl.VTLResourceTestCase@6254a2c3]" classname="com.dotcms.rest.api.v1.vtl.VTLResourceIntegrationTest" time="2.502"/>
  <testcase name="testGet[1: com.dotcms.rest.api.v1.vtl.VTLResourceTestCase@7655036b]" classname="com.dotcms.rest.api.v1.vtl.VTLResourceIntegrationTest" time="1.864"/>
  <testcase name="testGet[2: com.dotcms.rest.api.v1.vtl.VTLResourceTestCase@3ba847f4]" classname="com.dotcms.rest.api.v1.vtl.VTLResourceIntegrationTest" time="2.099"/>
  <testcase name="testGet[3: com.dotcms.rest.api.v1.vtl.VTLResourceTestCase@4bf187ef]" classname="com.dotcms.rest.api.v1.vtl.VTLResourceIntegrationTest" time="1.978"/>
  <testcase name="testGet[4: com.dotcms.rest.api.v1.vtl.VTLResourceTestCase@cf476e8]" classname="com.dotcms.rest.api.v1.vtl.VTLResourceIntegrationTest" time="1.975"/>
  <testcase name="testGet[5: com.dotcms.rest.api.v1.vtl.VTLResourceTestCase@52646246]" classname="com.dotcms.rest.api.v1.vtl.VTLResourceIntegrationTest" time="1.964"/>
  <system-out><![CDATA[]]></system-out>
  <system-err><![CDATA[]]></system-err>
</testsuite>
