<?xml version="1.0" encoding="UTF-8"?>
<testsuite name="com.dotcms.enterprise.publishing.bundler.URLMapBundlerTest" tests="2" skipped="0" failures="0" errors="0" timestamp="2023-07-13T23:06:27" hostname="fv-az362-624" time="8.077">
  <properties/>
  <testcase name="urlMapWithInclude" classname="com.dotcms.enterprise.publishing.bundler.URLMapBundlerTest" time="4.134"/>
  <testcase name="urlMapWithIncludeAndBlankSpace" classname="com.dotcms.enterprise.publishing.bundler.URLMapBundlerTest" time="3.943"/>
  <system-out><![CDATA[]]></system-out>
  <system-err><![CDATA[]]></system-err>
</testsuite>
