<?xml version="1.0" encoding="UTF-8"?>
<testsuite name="com.dotcms.rest.api.v3.contenttype.FieldResourceTest" tests="25" skipped="0" failures="0" errors="0" timestamp="2023-07-18T20:32:02" hostname="fv-az887-517" time="23.086">
  <properties/>
  <testcase name="shouldDeleteFieldsAndFixMaxColumnsPerRowRules" classname="com.dotcms.rest.api.v3.contenttype.FieldResourceTest" time="1.198"/>
  <testcase name="shouldUpdateFieldsInLegacyContentType" classname="com.dotcms.rest.api.v3.contenttype.FieldResourceTest" time="0.824"/>
  <testcase name="shouldUpdateFieldAndIgnoreSortOrderEvenWhenItSent" classname="com.dotcms.rest.api.v3.contenttype.FieldResourceTest" time="0.785"/>
  <testcase name="shouldMoveAndFixLegacyLayout" classname="com.dotcms.rest.api.v3.contenttype.FieldResourceTest" time="1.51"/>
  <testcase name="shouldFixLayout" classname="com.dotcms.rest.api.v3.contenttype.FieldResourceTest" time="0.735"/>
  <testcase name="shouldThrowExceptionWhenMoveFieldWithMaxColumnsRule" classname="com.dotcms.rest.api.v3.contenttype.FieldResourceTest" time="0.941"/>
  <testcase name="shouldThrowExceptionWhenContentTypeDoesNotExists" classname="com.dotcms.rest.api.v3.contenttype.FieldResourceTest" time="0.719"/>
  <testcase name="shouldRemoveEmptyRows" classname="com.dotcms.rest.api.v3.contenttype.FieldResourceTest" time="0.783"/>
  <testcase name="shouldThrowExceptionAndNotDeleteAny" classname="com.dotcms.rest.api.v3.contenttype.FieldResourceTest" time="0.765"/>
  <testcase name="shouldUpdateField" classname="com.dotcms.rest.api.v3.contenttype.FieldResourceTest" time="0.774"/>
  <testcase name="shouldThrowExceptionWhenDeleteFieldWithMaxColumnsRule" classname="com.dotcms.rest.api.v3.contenttype.FieldResourceTest" time="0.962"/>
  <testcase name="shouldDeleteFieldsInContentTypesWithWrongLayout" classname="com.dotcms.rest.api.v3.contenttype.FieldResourceTest" time="0.836"/>
  <testcase name="shouldUpdateFieldAndIgnoreSortOrderEvenWhenItIsSentWhenContentTypeHasWrongLayout" classname="com.dotcms.rest.api.v3.contenttype.FieldResourceTest" time="0.831"/>
  <testcase name="shouldUpdateFieldAndIgnoreSortOrder" classname="com.dotcms.rest.api.v3.contenttype.FieldResourceTest" time="0.773"/>
  <testcase name="shouldCreateFieldWithMoveEndPoint" classname="com.dotcms.rest.api.v3.contenttype.FieldResourceTest" time="0.852"/>
  <testcase name="shouldUpdateFieldAndIgnoreSortOrderWhenContentTypeHasWrongLayout" classname="com.dotcms.rest.api.v3.contenttype.FieldResourceTest" time="0.806"/>
  <testcase name="shouldDeleteFields" classname="com.dotcms.rest.api.v3.contenttype.FieldResourceTest" time="0.894"/>
  <testcase name="shouldThrowErrorWhenContentTypeDoesNotExists" classname="com.dotcms.rest.api.v3.contenttype.FieldResourceTest" time="0.716"/>
  <testcase name="shouldFixMaxColumnsPerRowRules" classname="com.dotcms.rest.api.v3.contenttype.FieldResourceTest" time="0.953"/>
  <testcase name="shouldMoveFields" classname="com.dotcms.rest.api.v3.contenttype.FieldResourceTest" time="0.812"/>
  <testcase name="shouldThrowErrorWhenFieldDoesNotExists" classname="com.dotcms.rest.api.v3.contenttype.FieldResourceTest" time="0.771"/>
  <testcase name="shouldCreateFieldAndRelationshipWithMoveEndPoint" classname="com.dotcms.rest.api.v3.contenttype.FieldResourceTest" time="1.206"/>
  <testcase name="shouldMoveAndFixMaxColumnsInRowRules" classname="com.dotcms.rest.api.v3.contenttype.FieldResourceTest" time="1.992"/>
  <testcase name="shouldCreateTabDividerWithMoveEndPoint" classname="com.dotcms.rest.api.v3.contenttype.FieldResourceTest" time="0.883"/>
  <testcase name="shouldGetAllContentTypesFields" classname="com.dotcms.rest.api.v3.contenttype.FieldResourceTest" time="0.761"/>
  <system-out><![CDATA[]]></system-out>
  <system-err><![CDATA[]]></system-err>
</testsuite>
