<?xml version="1.0" encoding="UTF-8"?>
<testsuite name="com.dotcms.rest.elasticsearch.ESContentResourcePortletTest" tests="8" skipped="0" failures="0" errors="0" timestamp="2023-06-22T14:21:26" hostname="fv-az361-657" time="7.647">
  <properties/>
  <testcase name="test_search_includeGrandChildCategory_success" classname="com.dotcms.rest.elasticsearch.ESContentResourcePortletTest" time="1.348"/>
  <testcase name="testSearch[0: com.dotcms.rest.elasticsearch.ESContentResourcePortletTest$TestCase@116245ba]" classname="com.dotcms.rest.elasticsearch.ESContentResourcePortletTest" time="0.962"/>
  <testcase name="testSearch[1: com.dotcms.rest.elasticsearch.ESContentResourcePortletTest$TestCase@52199201]" classname="com.dotcms.rest.elasticsearch.ESContentResourcePortletTest" time="0.196"/>
  <testcase name="testSearch[2: com.dotcms.rest.elasticsearch.ESContentResourcePortletTest$TestCase@3c3581e6]" classname="com.dotcms.rest.elasticsearch.ESContentResourcePortletTest" time="0.935"/>
  <testcase name="testSearch[3: com.dotcms.rest.elasticsearch.ESContentResourcePortletTest$TestCase@4b90b856]" classname="com.dotcms.rest.elasticsearch.ESContentResourcePortletTest" time="1.191"/>
  <testcase name="testSearch[4: com.dotcms.rest.elasticsearch.ESContentResourcePortletTest$TestCase@48dc6b0b]" classname="com.dotcms.rest.elasticsearch.ESContentResourcePortletTest" time="1.206"/>
  <testcase name="testSearch[5: com.dotcms.rest.elasticsearch.ESContentResourcePortletTest$TestCase@56cb718b]" classname="com.dotcms.rest.elasticsearch.ESContentResourcePortletTest" time="0.889"/>
  <testcase name="testSearch[6: com.dotcms.rest.elasticsearch.ESContentResourcePortletTest$TestCase@46e1e005]" classname="com.dotcms.rest.elasticsearch.ESContentResourcePortletTest" time="0.919"/>
  <system-out><![CDATA[]]></system-out>
  <system-err><![CDATA[]]></system-err>
</testsuite>
