<?xml version="1.0" encoding="UTF-8"?>
<testsuite name="com.dotcms.rest.api.v1.page.PageResourceTest" tests="18" skipped="0" failures="0" errors="0" timestamp="2023-06-23T23:37:25" hostname="fv-az407-493" time="57.503">
  <properties/>
  <testcase name="testRenderWithContent" classname="com.dotcms.rest.api.v1.page.PageResourceTest" time="2.832"/>
  <testcase name="test_addContent_invalid_content_type" classname="com.dotcms.rest.api.v1.page.PageResourceTest" time="4.227"/>
  <testcase name="shouldReturn404ForPageWithURLPatternWithNotLIVEContentInLiveMode" classname="com.dotcms.rest.api.v1.page.PageResourceTest" time="1.282"/>
  <testcase name="shouldReturnPageByURLPattern" classname="com.dotcms.rest.api.v1.page.PageResourceTest" time="2.205"/>
  <testcase name="testRenderPersonalizationVersion" classname="com.dotcms.rest.api.v1.page.PageResourceTest" time="3.245"/>
  <testcase name="shouldResponseWith" classname="com.dotcms.rest.api.v1.page.PageResourceTest" time="10.876"/>
  <testcase name="testGetPersonalizedPersonasOnPage" classname="com.dotcms.rest.api.v1.page.PageResourceTest" time="2.956"/>
  <testcase name="getPersonasForLimitedUser" classname="com.dotcms.rest.api.v1.page.PageResourceTest" time="4.371"/>
  <testcase name="testPathParamWithHost" classname="com.dotcms.rest.api.v1.page.PageResourceTest" time="2.002"/>
  <testcase name="shouldReturnLIVE" classname="com.dotcms.rest.api.v1.page.PageResourceTest" time="4.258"/>
  <testcase name="testPathParam" classname="com.dotcms.rest.api.v1.page.PageResourceTest" time="1.865"/>
  <testcase name="shouldKeepTheAParserContainerContentAfterLayoutSaved" classname="com.dotcms.rest.api.v1.page.PageResourceTest" time="2.905"/>
  <testcase name="testOnNumberOfPagesDataAttribute_render" classname="com.dotcms.rest.api.v1.page.PageResourceTest" time="3.331"/>
  <testcase name="testShouldRenderContainers" classname="com.dotcms.rest.api.v1.page.PageResourceTest" time="2.273"/>
  <testcase name="shouldReturn404ForPageWithURLPatternWithNotLIVEContentInAdminMode" classname="com.dotcms.rest.api.v1.page.PageResourceTest" time="1.495"/>
  <testcase name="testNumberContentWithNotDrawTemplate" classname="com.dotcms.rest.api.v1.page.PageResourceTest" time="2.829"/>
  <testcase name="testRender" classname="com.dotcms.rest.api.v1.page.PageResourceTest" time="1.693"/>
  <testcase name="testRenderNotPersonalizationVersion" classname="com.dotcms.rest.api.v1.page.PageResourceTest" time="2.858"/>
  <system-out><![CDATA[
]]></system-out>
  <system-err><![CDATA[]]></system-err>
</testsuite>
