<?xml version="1.0" encoding="UTF-8"?>
<testsuite name="com.dotcms.enterprise.publishing.remote.bundler.ContentTypeBundlerTest" tests="5" skipped="0" failures="0" errors="0" timestamp="2023-07-14T16:20:38" hostname="fv-az364-103" time="0.039">
  <properties/>
  <testcase name="addContentTypeInBundle[0: com.dotcms.enterprise.publishing.remote.bundler.ContentTypeBundlerTest$TestCase@f5f0eb7]" classname="com.dotcms.enterprise.publishing.remote.bundler.ContentTypeBundlerTest" time="0.009"/>
  <testcase name="addContentTypeInBundle[1: com.dotcms.enterprise.publishing.remote.bundler.ContentTypeBundlerTest$TestCase@3de31be6]" classname="com.dotcms.enterprise.publishing.remote.bundler.ContentTypeBundlerTest" time="0.007"/>
  <testcase name="addContentTypeInBundle[2: com.dotcms.enterprise.publishing.remote.bundler.ContentTypeBundlerTest$TestCase@1695506]" classname="com.dotcms.enterprise.publishing.remote.bundler.ContentTypeBundlerTest" time="0.006"/>
  <testcase name="addContentTypeInBundle[3: com.dotcms.enterprise.publishing.remote.bundler.ContentTypeBundlerTest$TestCase@2f3014af]" classname="com.dotcms.enterprise.publishing.remote.bundler.ContentTypeBundlerTest" time="0.009"/>
  <testcase name="addContentTypeInBundle[4: com.dotcms.enterprise.publishing.remote.bundler.ContentTypeBundlerTest$TestCase@586d9d48]" classname="com.dotcms.enterprise.publishing.remote.bundler.ContentTypeBundlerTest" time="0.008"/>
  <system-out><![CDATA[]]></system-out>
  <system-err><![CDATA[]]></system-err>
</testsuite>
