<?xml version="1.0" encoding="UTF-8"?>
<testsuite name="com.dotmarketing.servlets.ajax.AjaxDirectorServletIntegrationTest" tests="2" skipped="0" failures="0" errors="0" timestamp="2023-06-30T16:19:35" hostname="fv-az470-104" time="1.997">
  <properties/>
  <testcase name="testService[0: com.dotmarketing.servlets.ajax.AjaxDirectorServletTestCase@47eefaaa]" classname="com.dotmarketing.servlets.ajax.AjaxDirectorServletIntegrationTest" time="1.316"/>
  <testcase name="testService[1: com.dotmarketing.servlets.ajax.AjaxDirectorServletTestCase@1ef0d73b]" classname="com.dotmarketing.servlets.ajax.AjaxDirectorServletIntegrationTest" time="0.681"/>
  <system-out><![CDATA[]]></system-out>
  <system-err><![CDATA[]]></system-err>
</testsuite>
