<?xml version="1.0" encoding="UTF-8"?>
<testsuite name="com.dotcms.rest.api.v1.vtl.VTLResourceIntegrationTest" tests="6" skipped="0" failures="0" errors="0" timestamp="2023-07-14T20:41:52" hostname="fv-az551-988" time="9.042">
  <properties/>
  <testcase name="testGet[0: com.dotcms.rest.api.v1.vtl.VTLResourceTestCase@5bd833c7]" classname="com.dotcms.rest.api.v1.vtl.VTLResourceIntegrationTest" time="2.207"/>
  <testcase name="testGet[1: com.dotcms.rest.api.v1.vtl.VTLResourceTestCase@7e8950e3]" classname="com.dotcms.rest.api.v1.vtl.VTLResourceIntegrationTest" time="0.969"/>
  <testcase name="testGet[2: com.dotcms.rest.api.v1.vtl.VTLResourceTestCase@58adbcf0]" classname="com.dotcms.rest.api.v1.vtl.VTLResourceIntegrationTest" time="1.024"/>
  <testcase name="testGet[3: com.dotcms.rest.api.v1.vtl.VTLResourceTestCase@60b1a6b0]" classname="com.dotcms.rest.api.v1.vtl.VTLResourceIntegrationTest" time="1.9"/>
  <testcase name="testGet[4: com.dotcms.rest.api.v1.vtl.VTLResourceTestCase@7a6df76a]" classname="com.dotcms.rest.api.v1.vtl.VTLResourceIntegrationTest" time="1.091"/>
  <testcase name="testGet[5: com.dotcms.rest.api.v1.vtl.VTLResourceTestCase@4e57be8c]" classname="com.dotcms.rest.api.v1.vtl.VTLResourceIntegrationTest" time="1.85"/>
  <system-out><![CDATA[]]></system-out>
  <system-err><![CDATA[]]></system-err>
</testsuite>
