<?xml version="1.0" encoding="UTF-8"?>
<testsuite name="com.dotcms.rest.api.v1.vtl.VTLResourceIntegrationTest" tests="6" skipped="0" failures="0" errors="0" timestamp="2023-06-23T23:07:47" hostname="fv-az254-300" time="13.177">
  <properties/>
  <testcase name="testGet[0: com.dotcms.rest.api.v1.vtl.VTLResourceTestCase@92e1d80]" classname="com.dotcms.rest.api.v1.vtl.VTLResourceIntegrationTest" time="2.351"/>
  <testcase name="testGet[1: com.dotcms.rest.api.v1.vtl.VTLResourceTestCase@55ea8514]" classname="com.dotcms.rest.api.v1.vtl.VTLResourceIntegrationTest" time="2.801"/>
  <testcase name="testGet[2: com.dotcms.rest.api.v1.vtl.VTLResourceTestCase@5957c69c]" classname="com.dotcms.rest.api.v1.vtl.VTLResourceIntegrationTest" time="2.093"/>
  <testcase name="testGet[3: com.dotcms.rest.api.v1.vtl.VTLResourceTestCase@33c5b857]" classname="com.dotcms.rest.api.v1.vtl.VTLResourceIntegrationTest" time="2.092"/>
  <testcase name="testGet[4: com.dotcms.rest.api.v1.vtl.VTLResourceTestCase@4a7e61b2]" classname="com.dotcms.rest.api.v1.vtl.VTLResourceIntegrationTest" time="1.813"/>
  <testcase name="testGet[5: com.dotcms.rest.api.v1.vtl.VTLResourceTestCase@4bbd8fcc]" classname="com.dotcms.rest.api.v1.vtl.VTLResourceIntegrationTest" time="2.026"/>
  <system-out><![CDATA[]]></system-out>
  <system-err><![CDATA[]]></system-err>
</testsuite>
