<?xml version="1.0" encoding="UTF-8"?>
<testsuite name="com.dotmarketing.servlets.ajax.AjaxDirectorServletIntegrationTest" tests="2" skipped="0" failures="0" errors="0" timestamp="2023-07-03T16:31:04" hostname="fv-az349-999" time="3.22">
  <properties/>
  <testcase name="testService[0: com.dotmarketing.servlets.ajax.AjaxDirectorServletTestCase@59f9d3db]" classname="com.dotmarketing.servlets.ajax.AjaxDirectorServletIntegrationTest" time="1.214"/>
  <testcase name="testService[1: com.dotmarketing.servlets.ajax.AjaxDirectorServletTestCase@63d51ec1]" classname="com.dotmarketing.servlets.ajax.AjaxDirectorServletIntegrationTest" time="2.006"/>
  <system-out><![CDATA[]]></system-out>
  <system-err><![CDATA[]]></system-err>
</testsuite>
