<?xml version="1.0" encoding="UTF-8"?>
<testsuite name="com.dotcms.util.pagination.ContainerPaginatorTest" tests="1" skipped="0" failures="0" errors="0" timestamp="2023-07-01T03:54:05" hostname="fv-az842-282" time="0.169">
  <properties/>
  <testcase name="getPaginatedContainers" classname="com.dotcms.util.pagination.ContainerPaginatorTest" time="0.169"/>
  <system-out><![CDATA[]]></system-out>
  <system-err><![CDATA[]]></system-err>
</testsuite>
