<?xml version="1.0" encoding="UTF-8"?>
<testsuite name="com.dotmarketing.startup.runonce.Task05200WorkflowTaskUniqueKeyTest" tests="3" skipped="0" failures="0" errors="0" timestamp="2023-07-14T19:01:58" hostname="fv-az617-846" time="4.559">
  <properties/>
  <testcase name="Test_Upgrade_Task_When_Duped_WorkflowTasks_Exists" classname="com.dotmarketing.startup.runonce.Task05200WorkflowTaskUniqueKeyTest" time="1.529"/>
  <testcase name="Test_Upgrade_Task_When_Duped_With_Null_Languages_WorkflowTasks_Exists" classname="com.dotmarketing.startup.runonce.Task05200WorkflowTaskUniqueKeyTest" time="3.02"/>
  <testcase name="Test_Upgrade_Task" classname="com.dotmarketing.startup.runonce.Task05200WorkflowTaskUniqueKeyTest" time="0.01"/>
  <system-out><![CDATA[]]></system-out>
  <system-err><![CDATA[]]></system-err>
</testsuite>
