<?xml version="1.0" encoding="UTF-8"?>
<testsuite name="com.dotmarketing.business.DeterministicIdentifierAPITest" tests="16" skipped="0" failures="0" errors="0" timestamp="2023-07-14T03:09:39" hostname="fv-az268-867" time="1.244">
  <properties/>
  <testcase name="Test_Category_Path_Seed_And_Id" classname="com.dotmarketing.business.DeterministicIdentifierAPITest" time="0.036"/>
  <testcase name="Test_Language_Deterministic_Id[0: LanguageTestCase{expectedSeed='Language:es:US', expectedHash=4913155, langCode='es', countryCode='US', country='United States'}]" classname="com.dotmarketing.business.DeterministicIdentifierAPITest" time="0.002"/>
  <testcase name="Test_Language_Deterministic_Id[1: LanguageTestCase{expectedSeed='Language:ep:', expectedHash=5292269, langCode='ep', countryCode='', country=''}]" classname="com.dotmarketing.business.DeterministicIdentifierAPITest" time="0.001"/>
  <testcase name="Test_Language_Deterministic_Id[2: LanguageTestCase{expectedSeed='Language:sg:SAG', expectedHash=4713118, langCode='sg', countryCode='SAG', country=''}]" classname="com.dotmarketing.business.DeterministicIdentifierAPITest" time="0.002"/>
  <testcase name="Test_Language_Deterministic_Id[3: LanguageTestCase{expectedSeed='Language:en:NZ', expectedHash=5382528, langCode='en', countryCode='NZ', country='New Zealand'}]" classname="com.dotmarketing.business.DeterministicIdentifierAPITest" time="0.001"/>
  <testcase name="Test_Category_None_Persisted_Category_Should_Return_Deterministic_Id" classname="com.dotmarketing.business.DeterministicIdentifierAPITest" time="0.002"/>
  <testcase name="Test_Asset_Generate_Deterministic_Id_Best_Effort[0: TestCase{versionable=my.host1689303790146.com, parent=System Host, expectedName='my.host1689303790146.com', expectedType='Host'}]" classname="com.dotmarketing.business.DeterministicIdentifierAPITest" time="0.004"/>
  <testcase name="Test_Asset_Generate_Deterministic_Id_Best_Effort[1: TestCase{versionable=com.dotmarketing.portlets.contentlet.model.Contentlet@309837d[map={modDate=2023-07-14 03:03:11.116, fileName=file7811470721163944241.txt, title=file7811470721163944241.txt, inode=9d9ab979-f8b8-45b9-81fc-71e7c23af29b, __IS_NEW_CONTENT__=true, disabledWYSIWYG=[], host=8bca582b-f6b3-418c-9b25-a58cfb6dbac7, stInode=33888b6f-7a8e-4069-b1b6-5c1aa9d0a48d, owner=system, identifier=d5612582-275e-47db-a008-517f3cddfcf5, nullProperties=[wfExpireDate, wfPublishDate, wfActionAssign, wfActionId, wfActionComments, filterKey, whereToSend, wfNeverExpire, _path_to_move, timezoneId, iWantTo, wfPublishTime, wfExpireTime], languageId=1, fileAsset=/home/runner/work/core/custom/assets/9/d/9d9ab979-f8b8-45b9-81fc-71e7c23af29b/fileAsset/file7811470721163944241.txt, folder=bca81c7f-68f1-4eff-9832-84541e756961, __disable_workflow__=true, sortOrder=0, modUser=system},lowIndexPriority=false,variantId=DEFAULT], parent=com.dotmarketing.portlets.folders.model.Folder@71b2cc0b[identifier=bca81c7f-68f1-4eff-9832-84541e756961,name=testName1689303791107,sortOrder=0,showOnMenu=false,hostId=8bca582b-f6b3-418c-9b25-a58cfb6dbac7,type=folder,title=testTitle1689303791107,filesMasks=,defaultFileType=33888b6f-7a8e-4069-b1b6-5c1aa9d0a48d,modDate=2023-07-14 03:03:11.111,owner=&lt;null&gt;,iDate=2023-07-14 03:03:11.111,inode=bca81c7f-68f1-4eff-9832-84541e756961,path=/testName1689303791107/], expectedName='file7811470721163944241.txt', expectedType='FileAsset'}]" classname="com.dotmarketing.business.DeterministicIdentifierAPITest" time="0.004"/>
  <testcase name="Test_Asset_Generate_Deterministic_Id_Best_Effort[2: TestCase{versionable=com.dotmarketing.portlets.templates.model.Template@72fc56b7, parent=my.host1689303790146.com, expectedName='testTitle1689303791321', expectedType='Template'}]" classname="com.dotmarketing.business.DeterministicIdentifierAPITest" time="0.003"/>
  <testcase name="Test_Asset_Generate_Deterministic_Id_Best_Effort[3: TestCase{versionable=com.dotmarketing.portlets.htmlpageasset.model.HTMLPageAsset@372dc818[map={template=ffdd8541-9063-4aa8-bc37-90e86a6f8143, owner=system, identifier=db26ba2e-c0af-479d-bec2-b9d6915427b2, nullProperties=[wfExpireDate, wfPublishDate, wfActionAssign, wfActionId, wfActionComments, filterKey, whereToSend, wfNeverExpire, _path_to_move, timezoneId, iWantTo, wfPublishTime, wfExpireTime], modDate=2023-07-14 03:03:11.341, cachettl=0, _is_test_mode=true, languageId=1, title=test-page-title-1689303791336, httpsreq=, url=test-page-url-1689303791336, showOnMenu=, inode=d0f58e23-660d-4c99-90cd-5f4601dc5a81, folder=bca81c7f-68f1-4eff-9832-84541e756961, disabledWYSIWYG=[], sortOrder=1, modUser=system, host=8bca582b-f6b3-418c-9b25-a58cfb6dbac7, stInode=c541abb1-69b3-4bc5-8430-5e09e5239cc8, friendlyName=test-page-friendly-name-1689303791336},lowIndexPriority=false,variantId=DEFAULT], parent=com.dotmarketing.portlets.folders.model.Folder@71b2cc0b[identifier=bca81c7f-68f1-4eff-9832-84541e756961,name=testName1689303791107,sortOrder=0,showOnMenu=false,hostId=8bca582b-f6b3-418c-9b25-a58cfb6dbac7,type=folder,title=testTitle1689303791107,filesMasks=,defaultFileType=33888b6f-7a8e-4069-b1b6-5c1aa9d0a48d,modDate=2023-07-14 03:03:11.111,owner=&lt;null&gt;,iDate=2023-07-14 03:03:11.111,inode=bca81c7f-68f1-4eff-9832-84541e756961,path=/testName1689303791107/], expectedName='test-page-url-1689303791336', expectedType='htmlpageasset'}]" classname="com.dotmarketing.business.DeterministicIdentifierAPITest" time="0.004"/>
  <testcase name="Test_Asset_Generate_Deterministic_Id_Best_Effort[4: TestCase{versionable=com.dotmarketing.portlets.contentlet.model.Contentlet@28d1344b[map={fileAsset2=/home/runner/work/core/custom/assets/8/7/8779092f-9c1e-4692-a02b-1b51694c79d3/fileAsset2/test_binary1689303793055.png, modDate=2023-07-14 03:03:13.061, fileAsset1=/home/runner/work/core/custom/assets/8/7/8779092f-9c1e-4692-a02b-1b51694c79d3/fileAsset1/test_binary1689303793055.jpg, title=blah, inode=8779092f-9c1e-4692-a02b-1b51694c79d3, __IS_NEW_CONTENT__=true, disabledWYSIWYG=[], host=48190c8c-42c4-46af-8d1a-0cd5db894797, stInode=0c5c6a8d-46cc-451f-944c-909372b9987b, owner=system, identifier=3465cbd7-6087-44c8-9787-92146fe05f6a, nullProperties=[], languageId=1, image1=f9f557cb-b0e7-4849-856a-370b2ea96958, folder=SYSTEM_FOLDER, __disable_workflow__=true, sortOrder=0, modUser=system},lowIndexPriority=false,variantId=DEFAULT], parent=demo.dotcms.com, expectedName='test_binary1689303793055.jpg:test_binary1689303793055.png', expectedType='MultipleBinaries1689303791562'}]" classname="com.dotmarketing.business.DeterministicIdentifierAPITest" time="0.004"/>
  <testcase name="Test_Asset_Generate_Deterministic_Id_Best_Effort[5: TestCase{versionable=name8b3cf39b0f : keyTag8b3cf39b0f, parent=my.host1689303790146.com, expectedName='keyTag8b3cf39b0f', expectedType='persona'}]" classname="com.dotmarketing.business.DeterministicIdentifierAPITest" time="0.004"/>
  <testcase name="Test_Similar_Content_Type_Wont_Clash" classname="com.dotmarketing.business.DeterministicIdentifierAPITest" time="0.569"/>
  <testcase name="Test_Generate_Folder_Identifier" classname="com.dotmarketing.business.DeterministicIdentifierAPITest" time="0.595"/>
  <testcase name="Test_Generate_Content_Type_Identifier[0: ContentTypeTestCase{contentType=KeyValueContentType{name=Language Variable, id=f4d7c1b8-2c88-4071-abf1-a5328977b07d, description=Default Content Type for Language Variables, defaultType=false, fixed=true, iDate=Thu Aug 31 16:38:49 UTC 2017, system=true, versionable=true, variable=Languagevariable, modDate=Fri Jul 14 01:55:16 UTC 2023, host=SYSTEM_HOST, siteName=systemHost, icon=language, sortOrder=0, folder=SYSTEM_FOLDER, folderPath=/, markedForDeletion=true, multilingualable=false}, expectedName='Languagevariable', expectedType='KeyValue'}]" classname="com.dotmarketing.business.DeterministicIdentifierAPITest" time="0.006"/>
  <testcase name="Test_Generate_Content_Type_Identifier[1: ContentTypeTestCase{contentType=SimpleContentType{name=testName1689303793447, id=025f10ee-6425-4a06-ada7-b10a3faea5a9, description=testDescription1689303793447, defaultType=false, fixed=false, iDate=Fri Jul 14 03:03:13 UTC 2023, system=false, versionable=true, multilingualable=false, variable=testVarname1689303793447, owner=system, modDate=Fri Jul 14 03:03:14 UTC 2023, host=48190c8c-42c4-46af-8d1a-0cd5db894797, siteName=demo.dotcms.com, icon=event_note, sortOrder=0, folder=SYSTEM_FOLDER, folderPath=/, requiredFields=[], markedForDeletion=false}, expectedName='testVarname1689303793447', expectedType='CONTENT'}]" classname="com.dotmarketing.business.DeterministicIdentifierAPITest" time="0.005"/>
  <system-out><![CDATA[]]></system-out>
  <system-err><![CDATA[]]></system-err>
</testsuite>
