<?xml version="1.0" encoding="UTF-8"?>
<testsuite name="com.liferay.portal.ejb.UserUtilTest" tests="26" skipped="0" failures="0" errors="0" timestamp="2023-06-30T00:32:30" hostname="fv-az343-533" time="27.563">
  <properties/>
  <testcase name="testCountByC_PMarkDeleted" classname="com.liferay.portal.ejb.UserUtilTest" time="1.05"/>
  <testcase name="testRemoveByCompanyId" classname="com.liferay.portal.ejb.UserUtilTest" time="0.946"/>
  <testcase name="testCountByC_P" classname="com.liferay.portal.ejb.UserUtilTest" time="0.995"/>
  <testcase name="testCountByC_U" classname="com.liferay.portal.ejb.UserUtilTest" time="0.98"/>
  <testcase name="testFindByC_UMarkDeleted" classname="com.liferay.portal.ejb.UserUtilTest" time="0.982"/>
  <testcase name="testCountByC_UMarkDeleted" classname="com.liferay.portal.ejb.UserUtilTest" time="1.016"/>
  <testcase name="testFindAll" classname="com.liferay.portal.ejb.UserUtilTest" time="1.058"/>
  <testcase name="testFindByC_EAMarkDeleted" classname="com.liferay.portal.ejb.UserUtilTest" time="0.966"/>
  <testcase name="testFindByC_EA" classname="com.liferay.portal.ejb.UserUtilTest" time="0.991"/>
  <testcase name="testRemoveByC_P" classname="com.liferay.portal.ejb.UserUtilTest" time="0.948"/>
  <testcase name="testRemoveByC_U" classname="com.liferay.portal.ejb.UserUtilTest" time="0.919"/>
  <testcase name="testRemoveByC_EAMarkDeleted" classname="com.liferay.portal.ejb.UserUtilTest" time="0.965"/>
  <testcase name="testFindByCompanyId" classname="com.liferay.portal.ejb.UserUtilTest" time="0.992"/>
  <testcase name="testRemoveByC_EA" classname="com.liferay.portal.ejb.UserUtilTest" time="0.949"/>
  <testcase name="testRemoveByCompanyIdMarkDeleted" classname="com.liferay.portal.ejb.UserUtilTest" time="0.973"/>
  <testcase name="testCountByCompanyId" classname="com.liferay.portal.ejb.UserUtilTest" time="0.003"/>
  <testcase name="testCountByC_EA" classname="com.liferay.portal.ejb.UserUtilTest" time="0.986"/>
  <testcase name="testFindByC_P_PrevAndNext" classname="com.liferay.portal.ejb.UserUtilTest" time="3.93"/>
  <testcase name="testFindByC_P" classname="com.liferay.portal.ejb.UserUtilTest" time="1.03"/>
  <testcase name="testFindByC_U" classname="com.liferay.portal.ejb.UserUtilTest" time="0.978"/>
  <testcase name="testFindByC_PWithLimit" classname="com.liferay.portal.ejb.UserUtilTest" time="1.014"/>
  <testcase name="testRemoveByC_PMarkDeleted" classname="com.liferay.portal.ejb.UserUtilTest" time="0.987"/>
  <testcase name="testCountByC_EAMarkDeleted" classname="com.liferay.portal.ejb.UserUtilTest" time="0.975"/>
  <testcase name="testRemoveByC_UMarkDeleted" classname="com.liferay.portal.ejb.UserUtilTest" time="0.962"/>
  <testcase name="testFindByC_PMarkDeleted" classname="com.liferay.portal.ejb.UserUtilTest" time="0.995"/>
  <testcase name="testFindByCompanyIdWithLimit" classname="com.liferay.portal.ejb.UserUtilTest" time="0.966"/>
  <system-out><![CDATA[]]></system-out>
  <system-err><![CDATA[]]></system-err>
</testsuite>
