<?xml version="1.0" encoding="UTF-8"?>
<testsuite name="com.dotmarketing.portlets.structure.model.ContentletRelationshipsTest" tests="7" skipped="0" failures="0" errors="0" timestamp="2023-07-13T18:49:31" hostname="fv-az178-328" time="10.875">
  <properties/>
  <testcase name="testDoesAllowOnlyOne[0: com.dotmarketing.portlets.structure.model.ContentletRelationshipsTest$CardinalityTestCase@45c80f43]" classname="com.dotmarketing.portlets.structure.model.ContentletRelationshipsTest" time="0.593"/>
  <testcase name="testDoesAllowOnlyOne[1: com.dotmarketing.portlets.structure.model.ContentletRelationshipsTest$CardinalityTestCase@3177c03e]" classname="com.dotmarketing.portlets.structure.model.ContentletRelationshipsTest" time="0.618"/>
  <testcase name="testDoesAllowOnlyOne[2: com.dotmarketing.portlets.structure.model.ContentletRelationshipsTest$CardinalityTestCase@1f9375c3]" classname="com.dotmarketing.portlets.structure.model.ContentletRelationshipsTest" time="0.649"/>
  <testcase name="testGetRelationshipRecords[0: com.dotmarketing.portlets.structure.model.ContentletRelationshipsTest$TestCase@76901eb7]" classname="com.dotmarketing.portlets.structure.model.ContentletRelationshipsTest" time="2.255"/>
  <testcase name="testGetRelationshipRecords[1: com.dotmarketing.portlets.structure.model.ContentletRelationshipsTest$TestCase@73a7b531]" classname="com.dotmarketing.portlets.structure.model.ContentletRelationshipsTest" time="2.323"/>
  <testcase name="testGetRelationshipRecords[2: com.dotmarketing.portlets.structure.model.ContentletRelationshipsTest$TestCase@7c5eed4b]" classname="com.dotmarketing.portlets.structure.model.ContentletRelationshipsTest" time="2.335"/>
  <testcase name="testGetRelationshipRecords[3: com.dotmarketing.portlets.structure.model.ContentletRelationshipsTest$TestCase@78e7b26e]" classname="com.dotmarketing.portlets.structure.model.ContentletRelationshipsTest" time="2.099"/>
  <system-out><![CDATA[]]></system-out>
  <system-err><![CDATA[]]></system-err>
</testsuite>
