<?xml version="1.0" encoding="UTF-8"?>
<testsuite name="com.dotcms.content.elasticsearch.business.ESIndexAPITest" tests="10" skipped="0" failures="0" errors="0" timestamp="2023-07-05T23:39:53" hostname="fv-az614-79" time="28.813">
  <properties/>
  <testcase name="testGetClusterStatsWhenStatsTypeIsLongShouldPass" classname="com.dotcms.content.elasticsearch.business.ESIndexAPITest" time="0.076"/>
  <testcase name="test_allowed_cluster_names_in_indexes" classname="com.dotcms.content.elasticsearch.business.ESIndexAPITest" time="0.001"/>
  <testcase name="test_createIndex_newIndexShouldHaveProperReplicasSetting" classname="com.dotcms.content.elasticsearch.business.ESIndexAPITest" time="0.078"/>
  <testcase name="testGetIndicesStatsWhenStatsTypeIsIntegerShouldPass" classname="com.dotcms.content.elasticsearch.business.ESIndexAPITest" time="0.003"/>
  <testcase name="testGetClusterStatsWhenStatsTypeIsIntegerShouldPass" classname="com.dotcms.content.elasticsearch.business.ESIndexAPITest" time="0.001"/>
  <testcase name="testDeleteOldIndices[0: 2]" classname="com.dotcms.content.elasticsearch.business.ESIndexAPITest" time="7.342"/>
  <testcase name="testDeleteOldIndices[1: 0]" classname="com.dotcms.content.elasticsearch.business.ESIndexAPITest" time="7.13"/>
  <testcase name="testDeleteOldIndices[2: 5]" classname="com.dotcms.content.elasticsearch.business.ESIndexAPITest" time="7.133"/>
  <testcase name="testDeleteOldIndices[3: 50]" classname="com.dotcms.content.elasticsearch.business.ESIndexAPITest" time="7.046"/>
  <testcase name="testGetIndicesStatsWhenStatsTypeIsLongShouldPass" classname="com.dotcms.content.elasticsearch.business.ESIndexAPITest" time="0.001"/>
  <system-out><![CDATA[]]></system-out>
  <system-err><![CDATA[]]></system-err>
</testsuite>
