<?xml version="1.0" encoding="UTF-8"?>
<testsuite name="com.dotmarketing.business.DeterministicIdentifierAPITest" tests="16" skipped="0" failures="0" errors="0" timestamp="2023-06-29T19:01:19" hostname="fv-az417-420" time="0.638">
  <properties/>
  <testcase name="Test_Category_Path_Seed_And_Id" classname="com.dotmarketing.business.DeterministicIdentifierAPITest" time="0.022"/>
  <testcase name="Test_Language_Deterministic_Id[0: LanguageTestCase{expectedSeed='Language:es:US', expectedHash=4913155, langCode='es', countryCode='US', country='United States'}]" classname="com.dotmarketing.business.DeterministicIdentifierAPITest" time="0.001"/>
  <testcase name="Test_Language_Deterministic_Id[1: LanguageTestCase{expectedSeed='Language:ep:', expectedHash=5292269, langCode='ep', countryCode='', country=''}]" classname="com.dotmarketing.business.DeterministicIdentifierAPITest" time="0.0"/>
  <testcase name="Test_Language_Deterministic_Id[2: LanguageTestCase{expectedSeed='Language:sg:SAG', expectedHash=4713118, langCode='sg', countryCode='SAG', country=''}]" classname="com.dotmarketing.business.DeterministicIdentifierAPITest" time="0.001"/>
  <testcase name="Test_Language_Deterministic_Id[3: LanguageTestCase{expectedSeed='Language:en:NZ', expectedHash=5382528, langCode='en', countryCode='NZ', country='New Zealand'}]" classname="com.dotmarketing.business.DeterministicIdentifierAPITest" time="0.001"/>
  <testcase name="Test_Category_None_Persisted_Category_Should_Return_Deterministic_Id" classname="com.dotmarketing.business.DeterministicIdentifierAPITest" time="0.001"/>
  <testcase name="Test_Asset_Generate_Deterministic_Id_Best_Effort[0: TestCase{versionable=my.host1688064901554.com, parent=System Host, expectedName='my.host1688064901554.com', expectedType='Host'}]" classname="com.dotmarketing.business.DeterministicIdentifierAPITest" time="0.003"/>
  <testcase name="Test_Asset_Generate_Deterministic_Id_Best_Effort[1: TestCase{versionable=com.dotmarketing.portlets.contentlet.model.Contentlet@4af79027[map={modDate=2023-06-29 18:55:02.342, fileName=file15509367130230716576.txt, title=file15509367130230716576.txt, inode=2d846f95-85fc-405b-8933-28ada9b540cf, __IS_NEW_CONTENT__=true, disabledWYSIWYG=[], host=5da34c8e-141e-458d-a633-1da0ffb017b5, stInode=33888b6f-7a8e-4069-b1b6-5c1aa9d0a48d, owner=system, identifier=d6662117-7f9f-445e-9cb7-2b8a3a39c0a2, nullProperties=[wfExpireDate, wfPublishDate, wfActionAssign, wfActionId, wfActionComments, filterKey, whereToSend, wfNeverExpire, _path_to_move, timezoneId, iWantTo, wfPublishTime, wfExpireTime], languageId=1, fileAsset=/home/runner/work/core/custom/assets/2/d/2d846f95-85fc-405b-8933-28ada9b540cf/fileAsset/file15509367130230716576.txt, folder=de2a103b-98e4-4585-a4d7-8e55b93fb1ad, __disable_workflow__=true, sortOrder=0, modUser=system},lowIndexPriority=false,variantId=DEFAULT], parent=com.dotmarketing.portlets.folders.model.Folder@7132566a[identifier=de2a103b-98e4-4585-a4d7-8e55b93fb1ad,name=testName1688064902336,sortOrder=0,showOnMenu=false,hostId=5da34c8e-141e-458d-a633-1da0ffb017b5,type=folder,title=testTitle1688064902336,filesMasks=,defaultFileType=33888b6f-7a8e-4069-b1b6-5c1aa9d0a48d,modDate=2023-06-29 18:55:02.338,owner=&lt;null&gt;,iDate=2023-06-29 18:55:02.338,inode=de2a103b-98e4-4585-a4d7-8e55b93fb1ad,path=/testName1688064902336/], expectedName='file15509367130230716576.txt', expectedType='FileAsset'}]" classname="com.dotmarketing.business.DeterministicIdentifierAPITest" time="0.003"/>
  <testcase name="Test_Asset_Generate_Deterministic_Id_Best_Effort[2: TestCase{versionable=com.dotmarketing.portlets.templates.model.Template@e371d0e, parent=my.host1688064901554.com, expectedName='testTitle1688064902426', expectedType='Template'}]" classname="com.dotmarketing.business.DeterministicIdentifierAPITest" time="0.002"/>
  <testcase name="Test_Asset_Generate_Deterministic_Id_Best_Effort[3: TestCase{versionable=com.dotmarketing.portlets.htmlpageasset.model.HTMLPageAsset@6ce782d4[map={template=16401c95-efbe-4a94-a143-cc8e3f0fa97d, owner=system, identifier=fdc20d0e-73e7-4ce1-bd78-cd0a3125efc4, nullProperties=[wfExpireDate, wfPublishDate, wfActionAssign, wfActionId, wfActionComments, filterKey, whereToSend, wfNeverExpire, _path_to_move, timezoneId, iWantTo, wfPublishTime, wfExpireTime], modDate=2023-06-29 18:55:02.441, cachettl=0, _is_test_mode=true, languageId=1, title=test-page-title-1688064902437, httpsreq=, url=test-page-url-1688064902437, showOnMenu=, inode=4b5ca8b3-fa83-44c2-9e85-4a04ce8334e6, folder=de2a103b-98e4-4585-a4d7-8e55b93fb1ad, disabledWYSIWYG=[], sortOrder=1, modUser=system, host=5da34c8e-141e-458d-a633-1da0ffb017b5, stInode=c541abb1-69b3-4bc5-8430-5e09e5239cc8, friendlyName=test-page-friendly-name-1688064902437},lowIndexPriority=false,variantId=DEFAULT], parent=com.dotmarketing.portlets.folders.model.Folder@7132566a[identifier=de2a103b-98e4-4585-a4d7-8e55b93fb1ad,name=testName1688064902336,sortOrder=0,showOnMenu=false,hostId=5da34c8e-141e-458d-a633-1da0ffb017b5,type=folder,title=testTitle1688064902336,filesMasks=,defaultFileType=33888b6f-7a8e-4069-b1b6-5c1aa9d0a48d,modDate=2023-06-29 18:55:02.338,owner=&lt;null&gt;,iDate=2023-06-29 18:55:02.338,inode=de2a103b-98e4-4585-a4d7-8e55b93fb1ad,path=/testName1688064902336/], expectedName='test-page-url-1688064902437', expectedType='htmlpageasset'}]" classname="com.dotmarketing.business.DeterministicIdentifierAPITest" time="0.002"/>
  <testcase name="Test_Asset_Generate_Deterministic_Id_Best_Effort[4: TestCase{versionable=com.dotmarketing.portlets.contentlet.model.Contentlet@5adb40[map={fileAsset2=/home/runner/work/core/custom/assets/8/f/8f44ec8c-ca3a-4dc7-8a2b-29fb09c3f17d/fileAsset2/test_binary1688064903317.png, modDate=2023-06-29 18:55:03.321, fileAsset1=/home/runner/work/core/custom/assets/8/f/8f44ec8c-ca3a-4dc7-8a2b-29fb09c3f17d/fileAsset1/test_binary1688064903317.jpg, title=blah, inode=8f44ec8c-ca3a-4dc7-8a2b-29fb09c3f17d, __IS_NEW_CONTENT__=true, disabledWYSIWYG=[], host=48190c8c-42c4-46af-8d1a-0cd5db894797, stInode=3dda439f-173c-4d64-a664-25bc2eab1e64, owner=system, identifier=b41d0db8-202b-4b6e-add8-75b199096f03, nullProperties=[], languageId=1, image1=c6d82a33-5f8b-4c26-bff9-e7a686ed8bcb, folder=SYSTEM_FOLDER, __disable_workflow__=true, sortOrder=0, modUser=system},lowIndexPriority=false,variantId=DEFAULT], parent=demo.dotcms.com, expectedName='test_binary1688064903317.jpg:test_binary1688064903317.png', expectedType='MultipleBinaries1688064902664'}]" classname="com.dotmarketing.business.DeterministicIdentifierAPITest" time="0.002"/>
  <testcase name="Test_Asset_Generate_Deterministic_Id_Best_Effort[5: TestCase{versionable=nameff8e2ea598 : keyTagff8e2ea598, parent=my.host1688064901554.com, expectedName='keyTagff8e2ea598', expectedType='persona'}]" classname="com.dotmarketing.business.DeterministicIdentifierAPITest" time="0.002"/>
  <testcase name="Test_Similar_Content_Type_Wont_Clash" classname="com.dotmarketing.business.DeterministicIdentifierAPITest" time="0.408"/>
  <testcase name="Test_Generate_Folder_Identifier" classname="com.dotmarketing.business.DeterministicIdentifierAPITest" time="0.181"/>
  <testcase name="Test_Generate_Content_Type_Identifier[0: ContentTypeTestCase{contentType=KeyValueContentType{name=Language Variable, id=f4d7c1b8-2c88-4071-abf1-a5328977b07d, description=Default Content Type for Language Variables, defaultType=false, fixed=true, iDate=Thu Aug 31 16:38:49 UTC 2017, system=true, versionable=true, variable=Languagevariable, modDate=Thu Jun 29 17:53:03 UTC 2023, host=SYSTEM_HOST, siteName=systemHost, icon=language, sortOrder=0, folder=SYSTEM_FOLDER, folderPath=/, markedForDeletion=true, multilingualable=false}, expectedName='Languagevariable', expectedType='KeyValue'}]" classname="com.dotmarketing.business.DeterministicIdentifierAPITest" time="0.004"/>
  <testcase name="Test_Generate_Content_Type_Identifier[1: ContentTypeTestCase{contentType=SimpleContentType{name=testName1688064903638, id=fa9b2ea6-746d-483a-9c03-d02ad64e7d78, description=testDescription1688064903638, defaultType=false, fixed=false, iDate=Thu Jun 29 18:55:03 UTC 2023, system=false, versionable=true, multilingualable=false, variable=testVarname1688064903638, owner=system, modDate=Thu Jun 29 18:55:04 UTC 2023, host=48190c8c-42c4-46af-8d1a-0cd5db894797, siteName=demo.dotcms.com, icon=event_note, sortOrder=0, folder=SYSTEM_FOLDER, folderPath=/, requiredFields=[], markedForDeletion=false}, expectedName='testVarname1688064903638', expectedType='CONTENT'}]" classname="com.dotmarketing.business.DeterministicIdentifierAPITest" time="0.004"/>
  <system-out><![CDATA[]]></system-out>
  <system-err><![CDATA[]]></system-err>
</testsuite>
