<?xml version="1.0" encoding="UTF-8"?>
<testsuite name="com.dotcms.rest.api.v1.vtl.VTLResourceIntegrationTest" tests="6" skipped="0" failures="0" errors="0" timestamp="2023-07-05T16:17:48" hostname="fv-az951-870" time="13.462">
  <properties/>
  <testcase name="testGet[0: com.dotcms.rest.api.v1.vtl.VTLResourceTestCase@73c8316f]" classname="com.dotcms.rest.api.v1.vtl.VTLResourceIntegrationTest" time="2.442"/>
  <testcase name="testGet[1: com.dotcms.rest.api.v1.vtl.VTLResourceTestCase@40851f0d]" classname="com.dotcms.rest.api.v1.vtl.VTLResourceIntegrationTest" time="2.062"/>
  <testcase name="testGet[2: com.dotcms.rest.api.v1.vtl.VTLResourceTestCase@70bdf383]" classname="com.dotcms.rest.api.v1.vtl.VTLResourceIntegrationTest" time="2.372"/>
  <testcase name="testGet[3: com.dotcms.rest.api.v1.vtl.VTLResourceTestCase@19028b52]" classname="com.dotcms.rest.api.v1.vtl.VTLResourceIntegrationTest" time="2.519"/>
  <testcase name="testGet[4: com.dotcms.rest.api.v1.vtl.VTLResourceTestCase@2b739254]" classname="com.dotcms.rest.api.v1.vtl.VTLResourceIntegrationTest" time="2.079"/>
  <testcase name="testGet[5: com.dotcms.rest.api.v1.vtl.VTLResourceTestCase@43e68d40]" classname="com.dotcms.rest.api.v1.vtl.VTLResourceIntegrationTest" time="1.987"/>
  <system-out><![CDATA[]]></system-out>
  <system-err><![CDATA[]]></system-err>
</testsuite>
