<?xml version="1.0" encoding="UTF-8"?>
<testsuite name="com.dotcms.rest.TagResourceIntegrationTest" tests="4" skipped="0" failures="0" errors="0" timestamp="2023-07-17T17:21:56" hostname="fv-az244-731" time="0.318">
  <properties/>
  <testcase name="testList[0: com.dotcms.rest.TagResourceTestCase@6a0975e5]" classname="com.dotcms.rest.TagResourceIntegrationTest" time="0.25"/>
  <testcase name="testList[1: com.dotcms.rest.TagResourceTestCase@1d1094f1]" classname="com.dotcms.rest.TagResourceIntegrationTest" time="0.021"/>
  <testcase name="testList[2: com.dotcms.rest.TagResourceTestCase@1466497e]" classname="com.dotcms.rest.TagResourceIntegrationTest" time="0.019"/>
  <testcase name="testList[3: com.dotcms.rest.TagResourceTestCase@127a6d57]" classname="com.dotcms.rest.TagResourceIntegrationTest" time="0.026"/>
  <system-out><![CDATA[]]></system-out>
  <system-err><![CDATA[Jul 17, 2023 5:21:56 PM com.dotcms.repackage.org.hibernate.validator.internal.util.Version <clinit>
INFO: HV000001: Hibernate Validator 4.3.2.Final
]]></system-err>
</testsuite>
