<?xml version="1.0" encoding="UTF-8"?>
<testsuite name="com.dotmarketing.business.DeterministicIdentifierAPITest" tests="16" skipped="0" failures="0" errors="0" timestamp="2023-07-12T16:05:22" hostname="fv-az411-825" time="1.144">
  <properties/>
  <testcase name="Test_Category_Path_Seed_And_Id" classname="com.dotmarketing.business.DeterministicIdentifierAPITest" time="0.028"/>
  <testcase name="Test_Language_Deterministic_Id[0: LanguageTestCase{expectedSeed='Language:es:US', expectedHash=4913155, langCode='es', countryCode='US', country='United States'}]" classname="com.dotmarketing.business.DeterministicIdentifierAPITest" time="0.001"/>
  <testcase name="Test_Language_Deterministic_Id[1: LanguageTestCase{expectedSeed='Language:ep:', expectedHash=5292269, langCode='ep', countryCode='', country=''}]" classname="com.dotmarketing.business.DeterministicIdentifierAPITest" time="0.001"/>
  <testcase name="Test_Language_Deterministic_Id[2: LanguageTestCase{expectedSeed='Language:sg:SAG', expectedHash=4713118, langCode='sg', countryCode='SAG', country=''}]" classname="com.dotmarketing.business.DeterministicIdentifierAPITest" time="0.001"/>
  <testcase name="Test_Language_Deterministic_Id[3: LanguageTestCase{expectedSeed='Language:en:NZ', expectedHash=5382528, langCode='en', countryCode='NZ', country='New Zealand'}]" classname="com.dotmarketing.business.DeterministicIdentifierAPITest" time="0.001"/>
  <testcase name="Test_Category_None_Persisted_Category_Should_Return_Deterministic_Id" classname="com.dotmarketing.business.DeterministicIdentifierAPITest" time="0.001"/>
  <testcase name="Test_Asset_Generate_Deterministic_Id_Best_Effort[0: TestCase{versionable=my.host1689177505431.com, parent=System Host, expectedName='my.host1689177505431.com', expectedType='Host'}]" classname="com.dotmarketing.business.DeterministicIdentifierAPITest" time="0.003"/>
  <testcase name="Test_Asset_Generate_Deterministic_Id_Best_Effort[1: TestCase{versionable=com.dotmarketing.portlets.contentlet.model.Contentlet@4e8890e[map={modDate=2023-07-12 15:58:26.082, fileName=file13733805024169318511.txt, title=file13733805024169318511.txt, inode=5406f892-9af2-4306-ae03-f24afa80b1f9, __IS_NEW_CONTENT__=true, disabledWYSIWYG=[], host=2882a940-008e-480f-adb3-867b3808ce0d, stInode=33888b6f-7a8e-4069-b1b6-5c1aa9d0a48d, owner=system, identifier=abb2a78a-ffd9-4af7-9ea3-02e5aac330b5, nullProperties=[wfExpireDate, wfPublishDate, wfActionAssign, wfActionId, wfActionComments, filterKey, whereToSend, wfNeverExpire, _path_to_move, timezoneId, iWantTo, wfPublishTime, wfExpireTime], languageId=1, fileAsset=/home/runner/work/core/custom/assets/5/4/5406f892-9af2-4306-ae03-f24afa80b1f9/fileAsset/file13733805024169318511.txt, folder=9d4f25db-0a7e-4e33-a382-b7b06fa2de58, __disable_workflow__=true, sortOrder=0, modUser=system},lowIndexPriority=false,variantId=DEFAULT], parent=com.dotmarketing.portlets.folders.model.Folder@7b00f9c1[identifier=9d4f25db-0a7e-4e33-a382-b7b06fa2de58,name=testName1689177506075,sortOrder=0,showOnMenu=false,hostId=2882a940-008e-480f-adb3-867b3808ce0d,type=folder,title=testTitle1689177506075,filesMasks=,defaultFileType=33888b6f-7a8e-4069-b1b6-5c1aa9d0a48d,modDate=2023-07-12 15:58:26.078,owner=&lt;null&gt;,iDate=2023-07-12 15:58:26.078,inode=9d4f25db-0a7e-4e33-a382-b7b06fa2de58,path=/testName1689177506075/], expectedName='file13733805024169318511.txt', expectedType='FileAsset'}]" classname="com.dotmarketing.business.DeterministicIdentifierAPITest" time="0.004"/>
  <testcase name="Test_Asset_Generate_Deterministic_Id_Best_Effort[2: TestCase{versionable=com.dotmarketing.portlets.templates.model.Template@a0e9d16d, parent=my.host1689177505431.com, expectedName='testTitle1689177506182', expectedType='Template'}]" classname="com.dotmarketing.business.DeterministicIdentifierAPITest" time="0.002"/>
  <testcase name="Test_Asset_Generate_Deterministic_Id_Best_Effort[3: TestCase{versionable=com.dotmarketing.portlets.htmlpageasset.model.HTMLPageAsset@6e4de8ab[map={template=a2cd8c71-831b-4571-a146-9013a42917ee, owner=system, identifier=79e1646e-71e2-4dfb-82ac-5e49a1965880, nullProperties=[wfExpireDate, wfPublishDate, wfActionAssign, wfActionId, wfActionComments, filterKey, whereToSend, wfNeverExpire, _path_to_move, timezoneId, iWantTo, wfPublishTime, wfExpireTime], modDate=2023-07-12 15:58:26.197, cachettl=0, _is_test_mode=true, languageId=1, title=test-page-title-1689177506193, httpsreq=, url=test-page-url-1689177506193, showOnMenu=, inode=c75f9f38-d8d9-44ad-b87d-fbee308fcae9, folder=9d4f25db-0a7e-4e33-a382-b7b06fa2de58, disabledWYSIWYG=[], sortOrder=1, modUser=system, host=2882a940-008e-480f-adb3-867b3808ce0d, stInode=c541abb1-69b3-4bc5-8430-5e09e5239cc8, friendlyName=test-page-friendly-name-1689177506193},lowIndexPriority=false,variantId=DEFAULT], parent=com.dotmarketing.portlets.folders.model.Folder@7b00f9c1[identifier=9d4f25db-0a7e-4e33-a382-b7b06fa2de58,name=testName1689177506075,sortOrder=0,showOnMenu=false,hostId=2882a940-008e-480f-adb3-867b3808ce0d,type=folder,title=testTitle1689177506075,filesMasks=,defaultFileType=33888b6f-7a8e-4069-b1b6-5c1aa9d0a48d,modDate=2023-07-12 15:58:26.078,owner=&lt;null&gt;,iDate=2023-07-12 15:58:26.078,inode=9d4f25db-0a7e-4e33-a382-b7b06fa2de58,path=/testName1689177506075/], expectedName='test-page-url-1689177506193', expectedType='htmlpageasset'}]" classname="com.dotmarketing.business.DeterministicIdentifierAPITest" time="0.002"/>
  <testcase name="Test_Asset_Generate_Deterministic_Id_Best_Effort[4: TestCase{versionable=com.dotmarketing.portlets.contentlet.model.Contentlet@3fd52468[map={fileAsset2=/home/runner/work/core/custom/assets/d/9/d9a6ee2f-afea-4559-a7bc-24172c0ca10c/fileAsset2/test_binary1689177508087.png, modDate=2023-07-12 15:58:28.092, fileAsset1=/home/runner/work/core/custom/assets/d/9/d9a6ee2f-afea-4559-a7bc-24172c0ca10c/fileAsset1/test_binary1689177508087.jpg, title=blah, inode=d9a6ee2f-afea-4559-a7bc-24172c0ca10c, __IS_NEW_CONTENT__=true, disabledWYSIWYG=[], host=48190c8c-42c4-46af-8d1a-0cd5db894797, stInode=13af2685-413d-459b-ad14-13d60b4ef750, owner=system, identifier=b23dc53c-ce30-4377-8b76-aae4b03c70f6, nullProperties=[], languageId=1, image1=479d13c6-23b1-42da-a552-05b856c55e7f, folder=SYSTEM_FOLDER, __disable_workflow__=true, sortOrder=0, modUser=system},lowIndexPriority=false,variantId=DEFAULT], parent=demo.dotcms.com, expectedName='test_binary1689177508087.jpg:test_binary1689177508087.png', expectedType='MultipleBinaries1689177506421'}]" classname="com.dotmarketing.business.DeterministicIdentifierAPITest" time="0.003"/>
  <testcase name="Test_Asset_Generate_Deterministic_Id_Best_Effort[5: TestCase{versionable=namea99535295b : keyTaga99535295b, parent=my.host1689177505431.com, expectedName='keyTaga99535295b', expectedType='persona'}]" classname="com.dotmarketing.business.DeterministicIdentifierAPITest" time="0.003"/>
  <testcase name="Test_Similar_Content_Type_Wont_Clash" classname="com.dotmarketing.business.DeterministicIdentifierAPITest" time="0.504"/>
  <testcase name="Test_Generate_Folder_Identifier" classname="com.dotmarketing.business.DeterministicIdentifierAPITest" time="0.565"/>
  <testcase name="Test_Generate_Content_Type_Identifier[0: ContentTypeTestCase{contentType=KeyValueContentType{name=Language Variable, id=f4d7c1b8-2c88-4071-abf1-a5328977b07d, description=Default Content Type for Language Variables, defaultType=false, fixed=true, iDate=Thu Aug 31 16:38:49 UTC 2017, system=true, versionable=true, variable=Languagevariable, modDate=Wed Jul 12 14:46:28 UTC 2023, host=SYSTEM_HOST, siteName=systemHost, icon=language, sortOrder=0, folder=SYSTEM_FOLDER, folderPath=/, markedForDeletion=true, multilingualable=false}, expectedName='Languagevariable', expectedType='KeyValue'}]" classname="com.dotmarketing.business.DeterministicIdentifierAPITest" time="0.01"/>
  <testcase name="Test_Generate_Content_Type_Identifier[1: ContentTypeTestCase{contentType=SimpleContentType{name=testName1689177508506, id=54b8c359-8ae8-491c-9c5b-c716640cba27, description=testDescription1689177508506, defaultType=false, fixed=false, iDate=Wed Jul 12 15:58:28 UTC 2023, system=false, versionable=true, multilingualable=false, variable=testVarname1689177508506, owner=system, modDate=Wed Jul 12 15:58:29 UTC 2023, host=48190c8c-42c4-46af-8d1a-0cd5db894797, siteName=demo.dotcms.com, icon=event_note, sortOrder=0, folder=SYSTEM_FOLDER, folderPath=/, requiredFields=[], markedForDeletion=false}, expectedName='testVarname1689177508506', expectedType='CONTENT'}]" classname="com.dotmarketing.business.DeterministicIdentifierAPITest" time="0.01"/>
  <system-out><![CDATA[]]></system-out>
  <system-err><![CDATA[]]></system-err>
</testsuite>
