<?xml version="1.0" encoding="UTF-8"?>
<testsuite name="com.dotmarketing.portlets.fileassets.business.FileAssetFactoryIntegrationTest" tests="5" skipped="0" failures="0" errors="0" timestamp="2023-06-28T00:07:53" hostname="fv-az168-423" time="13.492">
  <properties/>
  <testcase name="shouldReturnOneFile" classname="com.dotmarketing.portlets.fileassets.business.FileAssetFactoryIntegrationTest" time="2.481"/>
  <testcase name="shouldReturnEmptyList" classname="com.dotmarketing.portlets.fileassets.business.FileAssetFactoryIntegrationTest" time="1.771"/>
  <testcase name="shouldReturnTwoFiles" classname="com.dotmarketing.portlets.fileassets.business.FileAssetFactoryIntegrationTest" time="2.929"/>
  <testcase name="whenUserNotHavePermissionOverParentFolder" classname="com.dotmarketing.portlets.fileassets.business.FileAssetFactoryIntegrationTest" time="1.167"/>
  <testcase name="shouldWorkWithAnonymous" classname="com.dotmarketing.portlets.fileassets.business.FileAssetFactoryIntegrationTest" time="5.144"/>
  <system-out><![CDATA[]]></system-out>
  <system-err><![CDATA[]]></system-err>
</testsuite>
