<?xml version="1.0" encoding="UTF-8"?>
<testsuite name="com.dotcms.enterprise.publishing.remote.bundler.RuleBundlerTest" tests="2" skipped="0" failures="0" errors="0" timestamp="2023-06-28T17:09:20" hostname="fv-az255-362" time="0.05">
  <properties/>
  <testcase name="addRuleInBundle[0: com.dotcms.enterprise.publishing.remote.bundler.RuleBundlerTest$TestCase@7de4a8de]" classname="com.dotcms.enterprise.publishing.remote.bundler.RuleBundlerTest" time="0.015"/>
  <testcase name="addRuleInBundle[1: com.dotcms.enterprise.publishing.remote.bundler.RuleBundlerTest$TestCase@5f83b53]" classname="com.dotcms.enterprise.publishing.remote.bundler.RuleBundlerTest" time="0.034"/>
  <system-out><![CDATA[]]></system-out>
  <system-err><![CDATA[]]></system-err>
</testsuite>
