<?xml version="1.0" encoding="UTF-8"?>
<testsuite name="com.dotmarketing.portlets.structure.model.ContentletRelationshipsTest" tests="7" skipped="0" failures="0" errors="0" timestamp="2023-06-26T19:37:10" hostname="fv-az1114-884" time="7.352">
  <properties/>
  <testcase name="testDoesAllowOnlyOne[0: com.dotmarketing.portlets.structure.model.ContentletRelationshipsTest$CardinalityTestCase@1695e7d]" classname="com.dotmarketing.portlets.structure.model.ContentletRelationshipsTest" time="0.397"/>
  <testcase name="testDoesAllowOnlyOne[1: com.dotmarketing.portlets.structure.model.ContentletRelationshipsTest$CardinalityTestCase@3cdd13b7]" classname="com.dotmarketing.portlets.structure.model.ContentletRelationshipsTest" time="0.384"/>
  <testcase name="testDoesAllowOnlyOne[2: com.dotmarketing.portlets.structure.model.ContentletRelationshipsTest$CardinalityTestCase@cdd3727]" classname="com.dotmarketing.portlets.structure.model.ContentletRelationshipsTest" time="0.393"/>
  <testcase name="testGetRelationshipRecords[0: com.dotmarketing.portlets.structure.model.ContentletRelationshipsTest$TestCase@6df73028]" classname="com.dotmarketing.portlets.structure.model.ContentletRelationshipsTest" time="1.981"/>
  <testcase name="testGetRelationshipRecords[1: com.dotmarketing.portlets.structure.model.ContentletRelationshipsTest$TestCase@26a6115d]" classname="com.dotmarketing.portlets.structure.model.ContentletRelationshipsTest" time="0.8"/>
  <testcase name="testGetRelationshipRecords[2: com.dotmarketing.portlets.structure.model.ContentletRelationshipsTest$TestCase@72b2ee95]" classname="com.dotmarketing.portlets.structure.model.ContentletRelationshipsTest" time="1.708"/>
  <testcase name="testGetRelationshipRecords[3: com.dotmarketing.portlets.structure.model.ContentletRelationshipsTest$TestCase@17339beb]" classname="com.dotmarketing.portlets.structure.model.ContentletRelationshipsTest" time="1.688"/>
  <system-out><![CDATA[]]></system-out>
  <system-err><![CDATA[]]></system-err>
</testsuite>
