<?xml version="1.0" encoding="UTF-8"?>
<testsuite name="com.dotmarketing.portlets.structure.model.ContentletRelationshipsTest" tests="7" skipped="0" failures="0" errors="0" timestamp="2023-06-28T17:43:31" hostname="fv-az283-467" time="9.519">
  <properties/>
  <testcase name="testDoesAllowOnlyOne[0: com.dotmarketing.portlets.structure.model.ContentletRelationshipsTest$CardinalityTestCase@542fc64b]" classname="com.dotmarketing.portlets.structure.model.ContentletRelationshipsTest" time="0.555"/>
  <testcase name="testDoesAllowOnlyOne[1: com.dotmarketing.portlets.structure.model.ContentletRelationshipsTest$CardinalityTestCase@3b1f16b5]" classname="com.dotmarketing.portlets.structure.model.ContentletRelationshipsTest" time="0.493"/>
  <testcase name="testDoesAllowOnlyOne[2: com.dotmarketing.portlets.structure.model.ContentletRelationshipsTest$CardinalityTestCase@2e1c1fd7]" classname="com.dotmarketing.portlets.structure.model.ContentletRelationshipsTest" time="0.562"/>
  <testcase name="testGetRelationshipRecords[0: com.dotmarketing.portlets.structure.model.ContentletRelationshipsTest$TestCase@473c0cbb]" classname="com.dotmarketing.portlets.structure.model.ContentletRelationshipsTest" time="2.123"/>
  <testcase name="testGetRelationshipRecords[1: com.dotmarketing.portlets.structure.model.ContentletRelationshipsTest$TestCase@6d8b8789]" classname="com.dotmarketing.portlets.structure.model.ContentletRelationshipsTest" time="2.016"/>
  <testcase name="testGetRelationshipRecords[2: com.dotmarketing.portlets.structure.model.ContentletRelationshipsTest$TestCase@2e628e33]" classname="com.dotmarketing.portlets.structure.model.ContentletRelationshipsTest" time="1.905"/>
  <testcase name="testGetRelationshipRecords[3: com.dotmarketing.portlets.structure.model.ContentletRelationshipsTest$TestCase@60cede8f]" classname="com.dotmarketing.portlets.structure.model.ContentletRelationshipsTest" time="1.864"/>
  <system-out><![CDATA[]]></system-out>
  <system-err><![CDATA[]]></system-err>
</testsuite>
