<?xml version="1.0" encoding="UTF-8"?>
<testsuite name="com.dotcms.rest.TagResourceIntegrationTest" tests="4" skipped="0" failures="0" errors="0" timestamp="2023-06-28T03:30:17" hostname="fv-az256-253" time="0.34">
  <properties/>
  <testcase name="testList[0: com.dotcms.rest.TagResourceTestCase@4a060312]" classname="com.dotcms.rest.TagResourceIntegrationTest" time="0.26"/>
  <testcase name="testList[1: com.dotcms.rest.TagResourceTestCase@66f485dc]" classname="com.dotcms.rest.TagResourceIntegrationTest" time="0.029"/>
  <testcase name="testList[2: com.dotcms.rest.TagResourceTestCase@421bb97b]" classname="com.dotcms.rest.TagResourceIntegrationTest" time="0.023"/>
  <testcase name="testList[3: com.dotcms.rest.TagResourceTestCase@60cd7215]" classname="com.dotcms.rest.TagResourceIntegrationTest" time="0.026"/>
  <system-out><![CDATA[]]></system-out>
  <system-err><![CDATA[Jun 28, 2023 3:30:17 AM com.dotcms.repackage.org.hibernate.validator.internal.util.Version <clinit>
INFO: HV000001: Hibernate Validator 4.3.2.Final
]]></system-err>
</testsuite>
