<?xml version="1.0" encoding="UTF-8"?>
<testsuite name="com.dotmarketing.startup.runalways.Task00001LoadSchemaIntegrationTest" tests="1" skipped="1" failures="0" errors="0" timestamp="2023-06-23T18:19:26" hostname="fv-az578-351" time="0.001">
  <properties/>
  <testcase name="testLoadScheme" classname="com.dotmarketing.startup.runalways.Task00001LoadSchemaIntegrationTest" time="0.001">
    <skipped/>
  </testcase>
  <system-out><![CDATA[]]></system-out>
  <system-err><![CDATA[]]></system-err>
</testsuite>
