<?xml version="1.0" encoding="UTF-8"?>
<testsuite name="com.dotmarketing.business.DeterministicIdentifierAPITest" tests="16" skipped="0" failures="0" errors="0" timestamp="2023-07-12T20:42:06" hostname="fv-az621-917" time="1.69">
  <properties/>
  <testcase name="Test_Category_Path_Seed_And_Id" classname="com.dotmarketing.business.DeterministicIdentifierAPITest" time="0.034"/>
  <testcase name="Test_Language_Deterministic_Id[0: LanguageTestCase{expectedSeed='Language:es:US', expectedHash=4913155, langCode='es', countryCode='US', country='United States'}]" classname="com.dotmarketing.business.DeterministicIdentifierAPITest" time="0.002"/>
  <testcase name="Test_Language_Deterministic_Id[1: LanguageTestCase{expectedSeed='Language:ep:', expectedHash=5292269, langCode='ep', countryCode='', country=''}]" classname="com.dotmarketing.business.DeterministicIdentifierAPITest" time="0.001"/>
  <testcase name="Test_Language_Deterministic_Id[2: LanguageTestCase{expectedSeed='Language:sg:SAG', expectedHash=4713118, langCode='sg', countryCode='SAG', country=''}]" classname="com.dotmarketing.business.DeterministicIdentifierAPITest" time="0.001"/>
  <testcase name="Test_Language_Deterministic_Id[3: LanguageTestCase{expectedSeed='Language:en:NZ', expectedHash=5382528, langCode='en', countryCode='NZ', country='New Zealand'}]" classname="com.dotmarketing.business.DeterministicIdentifierAPITest" time="0.001"/>
  <testcase name="Test_Category_None_Persisted_Category_Should_Return_Deterministic_Id" classname="com.dotmarketing.business.DeterministicIdentifierAPITest" time="0.001"/>
  <testcase name="Test_Asset_Generate_Deterministic_Id_Best_Effort[0: TestCase{versionable=my.host1689194111630.com, parent=System Host, expectedName='my.host1689194111630.com', expectedType='Host'}]" classname="com.dotmarketing.business.DeterministicIdentifierAPITest" time="0.007"/>
  <testcase name="Test_Asset_Generate_Deterministic_Id_Best_Effort[1: TestCase{versionable=com.dotmarketing.portlets.contentlet.model.Contentlet@2b67214b[map={modDate=2023-07-12 20:35:12.24, fileName=file17830849636608493432.txt, title=file17830849636608493432.txt, inode=e8fca16b-8c54-4ef0-9d8f-53f10b97bca6, __IS_NEW_CONTENT__=true, disabledWYSIWYG=[], host=20070a8e-c527-4233-bb6d-e98a83a7e349, stInode=33888b6f-7a8e-4069-b1b6-5c1aa9d0a48d, owner=system, identifier=bb2f7071-782f-47e3-ad05-c9b381e8ea6f, nullProperties=[wfExpireDate, wfPublishDate, wfActionAssign, wfActionId, wfActionComments, filterKey, whereToSend, wfNeverExpire, _path_to_move, timezoneId, iWantTo, wfPublishTime, wfExpireTime], languageId=1, fileAsset=/home/runner/work/core/custom/assets/e/8/e8fca16b-8c54-4ef0-9d8f-53f10b97bca6/fileAsset/file17830849636608493432.txt, folder=5afa2112-a6f3-4ba1-90f4-b767af5c78ff, __disable_workflow__=true, sortOrder=0, modUser=system},lowIndexPriority=false,variantId=DEFAULT], parent=com.dotmarketing.portlets.folders.model.Folder@795e0da9[identifier=5afa2112-a6f3-4ba1-90f4-b767af5c78ff,name=testName1689194112231,sortOrder=0,showOnMenu=false,hostId=20070a8e-c527-4233-bb6d-e98a83a7e349,type=folder,title=testTitle1689194112231,filesMasks=,defaultFileType=33888b6f-7a8e-4069-b1b6-5c1aa9d0a48d,modDate=2023-07-12 20:35:12.235,owner=&lt;null&gt;,iDate=2023-07-12 20:35:12.235,inode=5afa2112-a6f3-4ba1-90f4-b767af5c78ff,path=/testName1689194112231/], expectedName='file17830849636608493432.txt', expectedType='FileAsset'}]" classname="com.dotmarketing.business.DeterministicIdentifierAPITest" time="0.005"/>
  <testcase name="Test_Asset_Generate_Deterministic_Id_Best_Effort[2: TestCase{versionable=com.dotmarketing.portlets.templates.model.Template@8a1d1624, parent=my.host1689194111630.com, expectedName='testTitle1689194112340', expectedType='Template'}]" classname="com.dotmarketing.business.DeterministicIdentifierAPITest" time="0.002"/>
  <testcase name="Test_Asset_Generate_Deterministic_Id_Best_Effort[3: TestCase{versionable=com.dotmarketing.portlets.htmlpageasset.model.HTMLPageAsset@6fa5cb5[map={template=bd45c376-21fe-45e5-8af1-d30a0876b1c9, owner=system, identifier=76504549-9d2c-4e31-ace8-f7f18d8d5f26, nullProperties=[wfExpireDate, wfPublishDate, wfActionAssign, wfActionId, wfActionComments, filterKey, whereToSend, wfNeverExpire, _path_to_move, timezoneId, iWantTo, wfPublishTime, wfExpireTime], modDate=2023-07-12 20:35:12.356, cachettl=0, _is_test_mode=true, languageId=1, title=test-page-title-1689194112351, httpsreq=, url=test-page-url-1689194112351, showOnMenu=, inode=cf35b8db-dd99-42dd-86b1-14d5cecef161, folder=5afa2112-a6f3-4ba1-90f4-b767af5c78ff, disabledWYSIWYG=[], sortOrder=1, modUser=system, host=20070a8e-c527-4233-bb6d-e98a83a7e349, stInode=c541abb1-69b3-4bc5-8430-5e09e5239cc8, friendlyName=test-page-friendly-name-1689194112351},lowIndexPriority=false,variantId=DEFAULT], parent=com.dotmarketing.portlets.folders.model.Folder@795e0da9[identifier=5afa2112-a6f3-4ba1-90f4-b767af5c78ff,name=testName1689194112231,sortOrder=0,showOnMenu=false,hostId=20070a8e-c527-4233-bb6d-e98a83a7e349,type=folder,title=testTitle1689194112231,filesMasks=,defaultFileType=33888b6f-7a8e-4069-b1b6-5c1aa9d0a48d,modDate=2023-07-12 20:35:12.235,owner=&lt;null&gt;,iDate=2023-07-12 20:35:12.235,inode=5afa2112-a6f3-4ba1-90f4-b767af5c78ff,path=/testName1689194112231/], expectedName='test-page-url-1689194112351', expectedType='htmlpageasset'}]" classname="com.dotmarketing.business.DeterministicIdentifierAPITest" time="0.003"/>
  <testcase name="Test_Asset_Generate_Deterministic_Id_Best_Effort[4: TestCase{versionable=com.dotmarketing.portlets.contentlet.model.Contentlet@40b2d223[map={fileAsset2=/home/runner/work/core/custom/assets/5/c/5cc1f8f1-458e-40cd-990b-f75412caff4c/fileAsset2/test_binary1689194114209.png, modDate=2023-07-12 20:35:14.215, fileAsset1=/home/runner/work/core/custom/assets/5/c/5cc1f8f1-458e-40cd-990b-f75412caff4c/fileAsset1/test_binary1689194114209.jpg, title=blah, inode=5cc1f8f1-458e-40cd-990b-f75412caff4c, __IS_NEW_CONTENT__=true, disabledWYSIWYG=[], host=48190c8c-42c4-46af-8d1a-0cd5db894797, stInode=55a0f3b9-72d8-489c-95a9-79326258f83b, owner=system, identifier=90ad5023-ee10-41c1-b6aa-43b19ceb0f1a, nullProperties=[], languageId=1, image1=48fa1215-1f15-4d7c-b736-c1ed70a7a65c, folder=SYSTEM_FOLDER, __disable_workflow__=true, sortOrder=0, modUser=system},lowIndexPriority=false,variantId=DEFAULT], parent=demo.dotcms.com, expectedName='test_binary1689194114209.jpg:test_binary1689194114209.png', expectedType='MultipleBinaries1689194112541'}]" classname="com.dotmarketing.business.DeterministicIdentifierAPITest" time="0.005"/>
  <testcase name="Test_Asset_Generate_Deterministic_Id_Best_Effort[5: TestCase{versionable=name03345f3ad4 : keyTag03345f3ad4, parent=my.host1689194111630.com, expectedName='keyTag03345f3ad4', expectedType='persona'}]" classname="com.dotmarketing.business.DeterministicIdentifierAPITest" time="0.003"/>
  <testcase name="Test_Similar_Content_Type_Wont_Clash" classname="com.dotmarketing.business.DeterministicIdentifierAPITest" time="0.559"/>
  <testcase name="Test_Generate_Folder_Identifier" classname="com.dotmarketing.business.DeterministicIdentifierAPITest" time="1.041"/>
  <testcase name="Test_Generate_Content_Type_Identifier[0: ContentTypeTestCase{contentType=KeyValueContentType{name=Language Variable, id=f4d7c1b8-2c88-4071-abf1-a5328977b07d, description=Default Content Type for Language Variables, defaultType=false, fixed=true, iDate=Thu Aug 31 16:38:49 UTC 2017, system=true, versionable=true, variable=Languagevariable, modDate=Wed Jul 12 19:25:08 UTC 2023, host=SYSTEM_HOST, siteName=systemHost, icon=language, sortOrder=0, folder=SYSTEM_FOLDER, folderPath=/, markedForDeletion=true, multilingualable=false}, expectedName='Languagevariable', expectedType='KeyValue'}]" classname="com.dotmarketing.business.DeterministicIdentifierAPITest" time="0.006"/>
  <testcase name="Test_Generate_Content_Type_Identifier[1: ContentTypeTestCase{contentType=SimpleContentType{name=testName1689194114713, id=2b9753a8-23b1-4778-9f21-06002ccbe5d1, description=testDescription1689194114713, defaultType=false, fixed=false, iDate=Wed Jul 12 20:35:14 UTC 2023, system=false, versionable=true, multilingualable=false, variable=testVarname1689194114713, owner=system, modDate=Wed Jul 12 20:35:15 UTC 2023, host=48190c8c-42c4-46af-8d1a-0cd5db894797, siteName=demo.dotcms.com, icon=event_note, sortOrder=0, folder=SYSTEM_FOLDER, folderPath=/, requiredFields=[], markedForDeletion=false}, expectedName='testVarname1689194114713', expectedType='CONTENT'}]" classname="com.dotmarketing.business.DeterministicIdentifierAPITest" time="0.014"/>
  <system-out><![CDATA[]]></system-out>
  <system-err><![CDATA[]]></system-err>
</testsuite>
