<?xml version="1.0" encoding="UTF-8"?>
<testsuite name="com.dotcms.rest.TagResourceIntegrationTest" tests="4" skipped="0" failures="0" errors="0" timestamp="2023-07-14T02:17:10" hostname="fv-az268-867" time="0.345">
  <properties/>
  <testcase name="testList[0: com.dotcms.rest.TagResourceTestCase@69b9c847]" classname="com.dotcms.rest.TagResourceIntegrationTest" time="0.282"/>
  <testcase name="testList[1: com.dotcms.rest.TagResourceTestCase@9182cba]" classname="com.dotcms.rest.TagResourceIntegrationTest" time="0.022"/>
  <testcase name="testList[2: com.dotcms.rest.TagResourceTestCase@423dae]" classname="com.dotcms.rest.TagResourceIntegrationTest" time="0.019"/>
  <testcase name="testList[3: com.dotcms.rest.TagResourceTestCase@2de6002e]" classname="com.dotcms.rest.TagResourceIntegrationTest" time="0.02"/>
  <system-out><![CDATA[]]></system-out>
  <system-err><![CDATA[Jul 14, 2023 2:17:10 AM com.dotcms.repackage.org.hibernate.validator.internal.util.Version <clinit>
INFO: HV000001: Hibernate Validator 4.3.2.Final
]]></system-err>
</testsuite>
