<?xml version="1.0" encoding="UTF-8"?>
<testsuite name="com.dotcms.enterprise.publishing.remote.bundler.WorkflowBundlerTest" tests="1" skipped="0" failures="0" errors="0" timestamp="2023-06-27T16:47:46" hostname="fv-az354-410" time="0.012">
  <properties/>
  <testcase name="addWorkflowInBundle[0: com.dotcms.enterprise.publishing.remote.bundler.WorkflowBundlerTest$TestCase@5eb2aa14]" classname="com.dotcms.enterprise.publishing.remote.bundler.WorkflowBundlerTest" time="0.012"/>
  <system-out><![CDATA[]]></system-out>
  <system-err><![CDATA[]]></system-err>
</testsuite>
