<?xml version="1.0" encoding="UTF-8"?>
<testsuite name="com.dotcms.contenttype.test.ContentTypeFactoryImplTest" tests="24" skipped="0" failures="0" errors="0" timestamp="2023-06-30T21:53:09" hostname="fv-az162-235" time="115.182">
  <properties/>
  <testcase name="findUrlMappedByPageIdWithoutContentType" classname="com.dotcms.contenttype.test.ContentTypeFactoryImplTest" time="2.089"/>
  <testcase name="testSerialization" classname="com.dotcms.contenttype.test.ContentTypeFactoryImplTest" time="0.007"/>
  <testcase name="test_UpdateContentType_SetSortOrder" classname="com.dotcms.contenttype.test.ContentTypeFactoryImplTest" time="0.254"/>
  <testcase name="testFindAll" classname="com.dotcms.contenttype.test.ContentTypeFactoryImplTest" time="0.049"/>
  <testcase name="testDefaultType" classname="com.dotcms.contenttype.test.ContentTypeFactoryImplTest" time="0.001"/>
  <testcase name="findUrlMappedByPageId" classname="com.dotcms.contenttype.test.ContentTypeFactoryImplTest" time="1.64"/>
  <testcase name="testAddingContentTypes" classname="com.dotcms.contenttype.test.ContentTypeFactoryImplTest" time="12.934"/>
  <testcase name="test_UpdateContentType_SetIcon" classname="com.dotcms.contenttype.test.ContentTypeFactoryImplTest" time="0.238"/>
  <testcase name="searchCount" classname="com.dotcms.contenttype.test.ContentTypeFactoryImplTest" time="0.005"/>
  <testcase name="testFindMethodEquals" classname="com.dotcms.contenttype.test.ContentTypeFactoryImplTest" time="0.578"/>
  <testcase name="suggestVelocityVar" classname="com.dotcms.contenttype.test.ContentTypeFactoryImplTest" time="1.462"/>
  <testcase name="testAddingUpdatingDeleteing" classname="com.dotcms.contenttype.test.ContentTypeFactoryImplTest" time="93.123"/>
  <testcase name="testUpdatingContentTypes" classname="com.dotcms.contenttype.test.ContentTypeFactoryImplTest" time="0.004"/>
  <testcase name="testFieldsMethod" classname="com.dotcms.contenttype.test.ContentTypeFactoryImplTest" time="0.001"/>
  <testcase name="test_UpdateContentType_SetIconAndSortOrder" classname="com.dotcms.contenttype.test.ContentTypeFactoryImplTest" time="0.284"/>
  <testcase name="test_AddingContentType_SetIconAndSortOrder" classname="com.dotcms.contenttype.test.ContentTypeFactoryImplTest" time="0.266"/>
  <testcase name="Test_Mark_ContentTypeForDeletion" classname="com.dotcms.contenttype.test.ContentTypeFactoryImplTest" time="0.043"/>
  <testcase name="testDifferentContentTypes" classname="com.dotcms.contenttype.test.ContentTypeFactoryImplTest" time="0.783"/>
  <testcase name="testFindUrlMapped" classname="com.dotcms.contenttype.test.ContentTypeFactoryImplTest" time="0.002"/>
  <testcase name="test_AddingContentType_SetIcon" classname="com.dotcms.contenttype.test.ContentTypeFactoryImplTest" time="0.282"/>
  <testcase name="testSearch" classname="com.dotcms.contenttype.test.ContentTypeFactoryImplTest" time="0.573"/>
  <testcase name="testAddingContentType_withFieldVariables" classname="com.dotcms.contenttype.test.ContentTypeFactoryImplTest" time="0.278"/>
  <testcase name="findUrlMappedByPageIdWithNull" classname="com.dotcms.contenttype.test.ContentTypeFactoryImplTest" time="0.002"/>
  <testcase name="test_AddingContentType_SetSortOrder" classname="com.dotcms.contenttype.test.ContentTypeFactoryImplTest" time="0.283"/>
  <system-out><![CDATA[]]></system-out>
  <system-err><![CDATA[]]></system-err>
</testsuite>
