<?xml version="1.0" encoding="UTF-8"?>
<testsuite name="com.dotmarketing.servlets.ajax.AjaxDirectorServletIntegrationTest" tests="2" skipped="0" failures="0" errors="0" timestamp="2023-07-21T19:05:08" hostname="fv-az449-560" time="2.341">
  <properties/>
  <testcase name="testService[0: com.dotmarketing.servlets.ajax.AjaxDirectorServletTestCase@61c03c44]" classname="com.dotmarketing.servlets.ajax.AjaxDirectorServletIntegrationTest" time="0.642"/>
  <testcase name="testService[1: com.dotmarketing.servlets.ajax.AjaxDirectorServletTestCase@6fca3db3]" classname="com.dotmarketing.servlets.ajax.AjaxDirectorServletIntegrationTest" time="1.698"/>
  <system-out><![CDATA[]]></system-out>
  <system-err><![CDATA[]]></system-err>
</testsuite>
