<?xml version="1.0" encoding="UTF-8"?>
<testsuite name="com.dotcms.contenttype.test.ContentResourceTest" tests="52" skipped="0" failures="0" errors="0" timestamp="2023-07-18T16:24:38" hostname="fv-az370-360" time="130.519">
  <properties/>
  <testcase name="testGetContentShouldReturnIconDetails" classname="com.dotcms.contenttype.test.ContentResourceTest" time="1.442"/>
  <testcase name="Test_Save_Action_Set_Words_To_Required_NumericField_Issue_15340" classname="com.dotcms.contenttype.test.ContentResourceTest" time="0.886"/>
  <testcase name="test_getContent_includeGrandChildCategory_success" classname="com.dotcms.contenttype.test.ContentResourceTest" time="1.253"/>
  <testcase name="testGetContentWithRelatedParameter[0: com.dotcms.contenttype.test.ContentResourceTest$PullRelatedTestCase@50d42773]" classname="com.dotcms.contenttype.test.ContentResourceTest" time="3.534"/>
  <testcase name="testGetContentWithRelatedParameter[1: com.dotcms.contenttype.test.ContentResourceTest$PullRelatedTestCase@68406c59]" classname="com.dotcms.contenttype.test.ContentResourceTest" time="3.402"/>
  <testcase name="testGetContentWithRelatedParameter[2: com.dotcms.contenttype.test.ContentResourceTest$PullRelatedTestCase@36575c65]" classname="com.dotcms.contenttype.test.ContentResourceTest" time="3.45"/>
  <testcase name="testGetContentWithRelatedParameter[3: com.dotcms.contenttype.test.ContentResourceTest$PullRelatedTestCase@40d6e945]" classname="com.dotcms.contenttype.test.ContentResourceTest" time="3.351"/>
  <testcase name="testGetContentWithRelatedParameter[4: com.dotcms.contenttype.test.ContentResourceTest$PullRelatedTestCase@31c8a193]" classname="com.dotcms.contenttype.test.ContentResourceTest" time="3.46"/>
  <testcase name="test_getContent_SelfRelatedWith3LevelsOfDepth_shouldReturnRelationships" classname="com.dotcms.contenttype.test.ContentResourceTest" time="1.255"/>
  <testcase name="Test_Save_Action_Send_Fields_SubSet_Issue_15340" classname="com.dotcms.contenttype.test.ContentResourceTest" time="2.851"/>
  <testcase name="test_getContent_shouldReturnRelationships[0: com.dotcms.contenttype.test.ContentResourceTest$TestCase@5a012157]" classname="com.dotcms.contenttype.test.ContentResourceTest" time="1.489"/>
  <testcase name="test_getContent_shouldReturnRelationships[1: com.dotcms.contenttype.test.ContentResourceTest$TestCase@5639fa06]" classname="com.dotcms.contenttype.test.ContentResourceTest" time="2.698"/>
  <testcase name="test_getContent_shouldReturnRelationships[2: com.dotcms.contenttype.test.ContentResourceTest$TestCase@21d2ad45]" classname="com.dotcms.contenttype.test.ContentResourceTest" time="2.666"/>
  <testcase name="test_getContent_shouldReturnRelationships[3: com.dotcms.contenttype.test.ContentResourceTest$TestCase@556254d5]" classname="com.dotcms.contenttype.test.ContentResourceTest" time="2.663"/>
  <testcase name="test_getContent_shouldReturnRelationships[4: com.dotcms.contenttype.test.ContentResourceTest$TestCase@6baccb7]" classname="com.dotcms.contenttype.test.ContentResourceTest" time="2.86"/>
  <testcase name="test_getContent_shouldReturnRelationships[5: com.dotcms.contenttype.test.ContentResourceTest$TestCase@1fcaffac]" classname="com.dotcms.contenttype.test.ContentResourceTest" time="2.597"/>
  <testcase name="test_getContent_shouldReturnRelationships[6: com.dotcms.contenttype.test.ContentResourceTest$TestCase@2bc6c195]" classname="com.dotcms.contenttype.test.ContentResourceTest" time="2.636"/>
  <testcase name="test_getContent_shouldReturnRelationships[7: com.dotcms.contenttype.test.ContentResourceTest$TestCase@6c45ecc4]" classname="com.dotcms.contenttype.test.ContentResourceTest" time="2.616"/>
  <testcase name="test_getContent_shouldReturnRelationships[8: com.dotcms.contenttype.test.ContentResourceTest$TestCase@3cca5a8f]" classname="com.dotcms.contenttype.test.ContentResourceTest" time="2.723"/>
  <testcase name="test_getContent_shouldReturnRelationships[9: com.dotcms.contenttype.test.ContentResourceTest$TestCase@74b5e525]" classname="com.dotcms.contenttype.test.ContentResourceTest" time="2.827"/>
  <testcase name="test_getContent_shouldReturnRelationships[10: com.dotcms.contenttype.test.ContentResourceTest$TestCase@69e2584f]" classname="com.dotcms.contenttype.test.ContentResourceTest" time="2.444"/>
  <testcase name="test_getContent_shouldReturnRelationships[11: com.dotcms.contenttype.test.ContentResourceTest$TestCase@2a02ba7b]" classname="com.dotcms.contenttype.test.ContentResourceTest" time="2.499"/>
  <testcase name="test_getContent_shouldReturnRelationships[12: com.dotcms.contenttype.test.ContentResourceTest$TestCase@44f29396]" classname="com.dotcms.contenttype.test.ContentResourceTest" time="2.441"/>
  <testcase name="test_getContent_shouldReturnRelationships[13: com.dotcms.contenttype.test.ContentResourceTest$TestCase@1f35cae0]" classname="com.dotcms.contenttype.test.ContentResourceTest" time="2.454"/>
  <testcase name="test_getContent_shouldReturnRelationships[14: com.dotcms.contenttype.test.ContentResourceTest$TestCase@646ec969]" classname="com.dotcms.contenttype.test.ContentResourceTest" time="2.408"/>
  <testcase name="test_getContent_shouldReturnRelationships[15: com.dotcms.contenttype.test.ContentResourceTest$TestCase@5b0076fd]" classname="com.dotcms.contenttype.test.ContentResourceTest" time="3.651"/>
  <testcase name="test_getContent_shouldReturnRelationships[16: com.dotcms.contenttype.test.ContentResourceTest$TestCase@bbe2028]" classname="com.dotcms.contenttype.test.ContentResourceTest" time="3.623"/>
  <testcase name="test_getContent_shouldReturnRelationships[17: com.dotcms.contenttype.test.ContentResourceTest$TestCase@3a6d8975]" classname="com.dotcms.contenttype.test.ContentResourceTest" time="2.88"/>
  <testcase name="test_getContent_shouldReturnRelationships[18: com.dotcms.contenttype.test.ContentResourceTest$TestCase@285a3ad0]" classname="com.dotcms.contenttype.test.ContentResourceTest" time="2.76"/>
  <testcase name="test_getContent_shouldReturnRelationships[19: com.dotcms.contenttype.test.ContentResourceTest$TestCase@703506b8]" classname="com.dotcms.contenttype.test.ContentResourceTest" time="2.799"/>
  <testcase name="test_getContent_shouldReturnRelationships[20: com.dotcms.contenttype.test.ContentResourceTest$TestCase@a70d7f6]" classname="com.dotcms.contenttype.test.ContentResourceTest" time="2.888"/>
  <testcase name="test_getContent_shouldReturnRelationships[21: com.dotcms.contenttype.test.ContentResourceTest$TestCase@5c80c1ec]" classname="com.dotcms.contenttype.test.ContentResourceTest" time="3.003"/>
  <testcase name="test_getContent_shouldReturnRelationships[22: com.dotcms.contenttype.test.ContentResourceTest$TestCase@2575fc16]" classname="com.dotcms.contenttype.test.ContentResourceTest" time="2.635"/>
  <testcase name="test_getContent_shouldReturnRelationships[23: com.dotcms.contenttype.test.ContentResourceTest$TestCase@7dad3ec6]" classname="com.dotcms.contenttype.test.ContentResourceTest" time="2.836"/>
  <testcase name="test_getContent_shouldReturnRelationships[24: com.dotcms.contenttype.test.ContentResourceTest$TestCase@716e89e2]" classname="com.dotcms.contenttype.test.ContentResourceTest" time="2.744"/>
  <testcase name="test_getContent_shouldReturnRelationships[25: com.dotcms.contenttype.test.ContentResourceTest$TestCase@2bbbb982]" classname="com.dotcms.contenttype.test.ContentResourceTest" time="2.873"/>
  <testcase name="test_getContent_shouldReturnRelationships[26: com.dotcms.contenttype.test.ContentResourceTest$TestCase@21a475af]" classname="com.dotcms.contenttype.test.ContentResourceTest" time="1.956"/>
  <testcase name="test_getContent_shouldReturnRelationships[27: com.dotcms.contenttype.test.ContentResourceTest$TestCase@356b2453]" classname="com.dotcms.contenttype.test.ContentResourceTest" time="2.684"/>
  <testcase name="test_getContent_shouldReturnRelationships[28: com.dotcms.contenttype.test.ContentResourceTest$TestCase@30cf8a85]" classname="com.dotcms.contenttype.test.ContentResourceTest" time="1.81"/>
  <testcase name="test_getContent_shouldReturnRelationships[29: com.dotcms.contenttype.test.ContentResourceTest$TestCase@46ce52b7]" classname="com.dotcms.contenttype.test.ContentResourceTest" time="2.695"/>
  <testcase name="test_getContent_shouldReturnRelationships[30: com.dotcms.contenttype.test.ContentResourceTest$TestCase@44c55ecc]" classname="com.dotcms.contenttype.test.ContentResourceTest" time="2.627"/>
  <testcase name="test_getContent_shouldReturnRelationships[31: com.dotcms.contenttype.test.ContentResourceTest$TestCase@2860a3bb]" classname="com.dotcms.contenttype.test.ContentResourceTest" time="2.668"/>
  <testcase name="test_getContent_shouldReturnRelationships[32: com.dotcms.contenttype.test.ContentResourceTest$TestCase@64b78f90]" classname="com.dotcms.contenttype.test.ContentResourceTest" time="3.643"/>
  <testcase name="test_getContent_shouldReturnRelationships[33: com.dotcms.contenttype.test.ContentResourceTest$TestCase@50d8225b]" classname="com.dotcms.contenttype.test.ContentResourceTest" time="3.586"/>
  <testcase name="testSinglePOST_InvalidParamsShouldReturn400[0: ({\n    &quot;stInode&quot; : &quot;InvalidValue&quot;,\n    &quot;numeric&quot; : &quot;0&quot;,\n    &quot;image&quot; : &quot;whatever&quot;\n}, Bad Request)]" classname="com.dotcms.contenttype.test.ContentResourceTest" time="0.874"/>
  <testcase name="testSinglePOST_InvalidParamsShouldReturn400[1: ({\n    &quot;numeric&quot; : &quot;0&quot;,\n    &quot;image&quot; : &quot;whatever&quot;\n}, Bad Request)]" classname="com.dotcms.contenttype.test.ContentResourceTest" time="0.855"/>
  <testcase name="Test_Save_Action_Set_Null_To_Required_NumericField_Issue_15340" classname="com.dotcms.contenttype.test.ContentResourceTest" time="0.871"/>
  <testcase name="Test_Save_Action_Remove_Image_Then_Verify_Fields_Were_Cleared_Issue_15340" classname="com.dotcms.contenttype.test.ContentResourceTest" time="3.764"/>
  <testcase name="test_getContentWithMultipleSelfRelated_shouldReturnRelationships[0: com.dotcms.contenttype.test.ContentResourceTest$PullSelfRelatedTestCase@135524a2]" classname="com.dotcms.contenttype.test.ContentResourceTest" time="1.584"/>
  <testcase name="test_getContentWithMultipleSelfRelated_shouldReturnRelationships[1: com.dotcms.contenttype.test.ContentResourceTest$PullSelfRelatedTestCase@4bc6e257]" classname="com.dotcms.contenttype.test.ContentResourceTest" time="1.54"/>
  <testcase name="testGetContentWithAllCategoriesInfo[0: json]" classname="com.dotcms.contenttype.test.ContentResourceTest" time="1.385"/>
  <testcase name="testGetContentWithAllCategoriesInfo[1: xml]" classname="com.dotcms.contenttype.test.ContentResourceTest" time="2.378"/>
  <system-out><![CDATA[











]]></system-out>
  <system-err><![CDATA[]]></system-err>
</testsuite>
