<?xml version="1.0" encoding="UTF-8"?>
<testsuite name="com.dotcms.rest.api.v1.vtl.VTLResourceIntegrationTest" tests="6" skipped="0" failures="0" errors="0" timestamp="2023-07-06T21:05:07" hostname="fv-az440-292" time="11.314">
  <properties/>
  <testcase name="testGet[0: com.dotcms.rest.api.v1.vtl.VTLResourceTestCase@4a2074e]" classname="com.dotcms.rest.api.v1.vtl.VTLResourceIntegrationTest" time="2.46"/>
  <testcase name="testGet[1: com.dotcms.rest.api.v1.vtl.VTLResourceTestCase@4bfc67d7]" classname="com.dotcms.rest.api.v1.vtl.VTLResourceIntegrationTest" time="0.715"/>
  <testcase name="testGet[2: com.dotcms.rest.api.v1.vtl.VTLResourceTestCase@5407c695]" classname="com.dotcms.rest.api.v1.vtl.VTLResourceIntegrationTest" time="2.316"/>
  <testcase name="testGet[3: com.dotcms.rest.api.v1.vtl.VTLResourceTestCase@59b5b844]" classname="com.dotcms.rest.api.v1.vtl.VTLResourceIntegrationTest" time="2.03"/>
  <testcase name="testGet[4: com.dotcms.rest.api.v1.vtl.VTLResourceTestCase@4d394c4b]" classname="com.dotcms.rest.api.v1.vtl.VTLResourceIntegrationTest" time="1.699"/>
  <testcase name="testGet[5: com.dotcms.rest.api.v1.vtl.VTLResourceTestCase@655348e4]" classname="com.dotcms.rest.api.v1.vtl.VTLResourceIntegrationTest" time="2.093"/>
  <system-out><![CDATA[]]></system-out>
  <system-err><![CDATA[]]></system-err>
</testsuite>
