<?xml version="1.0" encoding="UTF-8"?>
<testsuite name="com.dotmarketing.servlets.ajax.AjaxDirectorServletIntegrationTest" tests="2" skipped="0" failures="0" errors="0" timestamp="2023-06-22T19:21:46" hostname="fv-az419-343" time="5.855">
  <properties/>
  <testcase name="testService[0: com.dotmarketing.servlets.ajax.AjaxDirectorServletTestCase@6396d277]" classname="com.dotmarketing.servlets.ajax.AjaxDirectorServletIntegrationTest" time="2.851"/>
  <testcase name="testService[1: com.dotmarketing.servlets.ajax.AjaxDirectorServletTestCase@5d06271d]" classname="com.dotmarketing.servlets.ajax.AjaxDirectorServletIntegrationTest" time="3.003"/>
  <system-out><![CDATA[]]></system-out>
  <system-err><![CDATA[]]></system-err>
</testsuite>
