<?xml version="1.0" encoding="UTF-8"?>
<testsuite name="com.dotmarketing.portlets.structure.model.ContentletRelationshipsTest" tests="7" skipped="0" failures="0" errors="0" timestamp="2023-07-03T21:49:47" hostname="fv-az351-989" time="10.14">
  <properties/>
  <testcase name="testDoesAllowOnlyOne[0: com.dotmarketing.portlets.structure.model.ContentletRelationshipsTest$CardinalityTestCase@a7a8de2]" classname="com.dotmarketing.portlets.structure.model.ContentletRelationshipsTest" time="0.587"/>
  <testcase name="testDoesAllowOnlyOne[1: com.dotmarketing.portlets.structure.model.ContentletRelationshipsTest$CardinalityTestCase@36ff7ba6]" classname="com.dotmarketing.portlets.structure.model.ContentletRelationshipsTest" time="0.524"/>
  <testcase name="testDoesAllowOnlyOne[2: com.dotmarketing.portlets.structure.model.ContentletRelationshipsTest$CardinalityTestCase@78e6cf4d]" classname="com.dotmarketing.portlets.structure.model.ContentletRelationshipsTest" time="0.618"/>
  <testcase name="testGetRelationshipRecords[0: com.dotmarketing.portlets.structure.model.ContentletRelationshipsTest$TestCase@41b3a877]" classname="com.dotmarketing.portlets.structure.model.ContentletRelationshipsTest" time="2.191"/>
  <testcase name="testGetRelationshipRecords[1: com.dotmarketing.portlets.structure.model.ContentletRelationshipsTest$TestCase@1f78383e]" classname="com.dotmarketing.portlets.structure.model.ContentletRelationshipsTest" time="2.186"/>
  <testcase name="testGetRelationshipRecords[2: com.dotmarketing.portlets.structure.model.ContentletRelationshipsTest$TestCase@5217523c]" classname="com.dotmarketing.portlets.structure.model.ContentletRelationshipsTest" time="2.022"/>
  <testcase name="testGetRelationshipRecords[3: com.dotmarketing.portlets.structure.model.ContentletRelationshipsTest$TestCase@1cc56394]" classname="com.dotmarketing.portlets.structure.model.ContentletRelationshipsTest" time="2.012"/>
  <system-out><![CDATA[]]></system-out>
  <system-err><![CDATA[]]></system-err>
</testsuite>
