<?xml version="1.0" encoding="UTF-8"?>
<testsuite name="com.dotcms.rest.api.v1.vtl.VTLResourceIntegrationTest" tests="6" skipped="0" failures="0" errors="0" timestamp="2023-06-30T20:21:03" hostname="fv-az338-938" time="12.46">
  <properties/>
  <testcase name="testGet[0: com.dotcms.rest.api.v1.vtl.VTLResourceTestCase@726ad3c9]" classname="com.dotcms.rest.api.v1.vtl.VTLResourceIntegrationTest" time="2.643"/>
  <testcase name="testGet[1: com.dotcms.rest.api.v1.vtl.VTLResourceTestCase@1b97df9c]" classname="com.dotcms.rest.api.v1.vtl.VTLResourceIntegrationTest" time="1.706"/>
  <testcase name="testGet[2: com.dotcms.rest.api.v1.vtl.VTLResourceTestCase@4154b221]" classname="com.dotcms.rest.api.v1.vtl.VTLResourceIntegrationTest" time="2.16"/>
  <testcase name="testGet[3: com.dotcms.rest.api.v1.vtl.VTLResourceTestCase@fd432c]" classname="com.dotcms.rest.api.v1.vtl.VTLResourceIntegrationTest" time="2.042"/>
  <testcase name="testGet[4: com.dotcms.rest.api.v1.vtl.VTLResourceTestCase@24ad3c61]" classname="com.dotcms.rest.api.v1.vtl.VTLResourceIntegrationTest" time="1.863"/>
  <testcase name="testGet[5: com.dotcms.rest.api.v1.vtl.VTLResourceTestCase@1e36c57]" classname="com.dotcms.rest.api.v1.vtl.VTLResourceIntegrationTest" time="2.046"/>
  <system-out><![CDATA[]]></system-out>
  <system-err><![CDATA[]]></system-err>
</testsuite>
