<?xml version="1.0" encoding="UTF-8"?>
<testsuite name="com.dotmarketing.osgi.GenericBundleActivatorTest" tests="6" skipped="1" failures="0" errors="0" timestamp="2023-06-28T01:09:01" hostname="fv-az573-179" time="0.437">
  <properties/>
  <testcase name="test_osgi_inits_properly" classname="com.dotmarketing.osgi.GenericBundleActivatorTest" time="0.001"/>
  <testcase name="test_dotsaml_inits_properly" classname="com.dotmarketing.osgi.GenericBundleActivatorTest" time="0.0">
    <skipped/>
  </testcase>
  <testcase name="test_class_overloading" classname="com.dotmarketing.osgi.GenericBundleActivatorTest" time="0.378"/>
  <testcase name="test_class_injection" classname="com.dotmarketing.osgi.GenericBundleActivatorTest" time="0.054"/>
  <testcase name="test_tika_inits_properly" classname="com.dotmarketing.osgi.GenericBundleActivatorTest" time="0.001"/>
  <testcase name="test_framework_inits_properly" classname="com.dotmarketing.osgi.GenericBundleActivatorTest" time="0.0"/>
  <system-out><![CDATA[]]></system-out>
  <system-err><![CDATA[]]></system-err>
</testsuite>
