<?xml version="1.0" encoding="UTF-8"?>
<testsuite name="com.dotcms.enterprise.publishing.remote.bundler.ContainerBundlerTest" tests="4" skipped="0" failures="0" errors="0" timestamp="2023-06-23T20:06:41" hostname="fv-az256-466" time="0.055">
  <properties/>
  <testcase name="addContainerInBundle[0: com.dotcms.enterprise.publishing.remote.bundler.ContainerBundlerTest$TestCase@5b8ad665]" classname="com.dotcms.enterprise.publishing.remote.bundler.ContainerBundlerTest" time="0.021"/>
  <testcase name="addContainerInBundle[1: com.dotcms.enterprise.publishing.remote.bundler.ContainerBundlerTest$TestCase@602b4905]" classname="com.dotcms.enterprise.publishing.remote.bundler.ContainerBundlerTest" time="0.011"/>
  <testcase name="addContainerInBundle[2: com.dotcms.enterprise.publishing.remote.bundler.ContainerBundlerTest$TestCase@2ae656c]" classname="com.dotcms.enterprise.publishing.remote.bundler.ContainerBundlerTest" time="0.012"/>
  <testcase name="addContainerInBundle[3: com.dotcms.enterprise.publishing.remote.bundler.ContainerBundlerTest$TestCase@4b9bb947]" classname="com.dotcms.enterprise.publishing.remote.bundler.ContainerBundlerTest" time="0.011"/>
  <system-out><![CDATA[]]></system-out>
  <system-err><![CDATA[]]></system-err>
</testsuite>
