<?xml version="1.0" encoding="UTF-8"?>
<testsuite name="com.dotcms.rest.TagResourceIntegrationTest" tests="4" skipped="0" failures="0" errors="0" timestamp="2023-07-01T02:48:54" hostname="fv-az842-282" time="0.379">
  <properties/>
  <testcase name="testList[0: com.dotcms.rest.TagResourceTestCase@40a633b8]" classname="com.dotcms.rest.TagResourceIntegrationTest" time="0.294"/>
  <testcase name="testList[1: com.dotcms.rest.TagResourceTestCase@27bf5892]" classname="com.dotcms.rest.TagResourceIntegrationTest" time="0.029"/>
  <testcase name="testList[2: com.dotcms.rest.TagResourceTestCase@77ef87ed]" classname="com.dotcms.rest.TagResourceIntegrationTest" time="0.023"/>
  <testcase name="testList[3: com.dotcms.rest.TagResourceTestCase@63317e9e]" classname="com.dotcms.rest.TagResourceIntegrationTest" time="0.031"/>
  <system-out><![CDATA[]]></system-out>
  <system-err><![CDATA[Jul 01, 2023 2:48:54 AM com.dotcms.repackage.org.hibernate.validator.internal.util.Version <clinit>
INFO: HV000001: Hibernate Validator 4.3.2.Final
]]></system-err>
</testsuite>
