<?xml version="1.0" encoding="UTF-8"?>
<testsuite name="com.dotmarketing.business.DeterministicIdentifierAPITest" tests="16" skipped="0" failures="0" errors="0" timestamp="2023-06-26T19:46:36" hostname="fv-az341-169" time="1.379">
  <properties/>
  <testcase name="Test_Category_Path_Seed_And_Id" classname="com.dotmarketing.business.DeterministicIdentifierAPITest" time="0.025"/>
  <testcase name="Test_Language_Deterministic_Id[0: LanguageTestCase{expectedSeed='Language:es:US', expectedHash=4913155, langCode='es', countryCode='US', country='United States'}]" classname="com.dotmarketing.business.DeterministicIdentifierAPITest" time="0.001"/>
  <testcase name="Test_Language_Deterministic_Id[1: LanguageTestCase{expectedSeed='Language:ep:', expectedHash=5292269, langCode='ep', countryCode='', country=''}]" classname="com.dotmarketing.business.DeterministicIdentifierAPITest" time="0.0"/>
  <testcase name="Test_Language_Deterministic_Id[2: LanguageTestCase{expectedSeed='Language:sg:SAG', expectedHash=4713118, langCode='sg', countryCode='SAG', country=''}]" classname="com.dotmarketing.business.DeterministicIdentifierAPITest" time="0.0"/>
  <testcase name="Test_Language_Deterministic_Id[3: LanguageTestCase{expectedSeed='Language:en:NZ', expectedHash=5382528, langCode='en', countryCode='NZ', country='New Zealand'}]" classname="com.dotmarketing.business.DeterministicIdentifierAPITest" time="0.001"/>
  <testcase name="Test_Category_None_Persisted_Category_Should_Return_Deterministic_Id" classname="com.dotmarketing.business.DeterministicIdentifierAPITest" time="0.002"/>
  <testcase name="Test_Asset_Generate_Deterministic_Id_Best_Effort[0: TestCase{versionable=my.host1687808371534.com, parent=System Host, expectedName='my.host1687808371534.com', expectedType='Host'}]" classname="com.dotmarketing.business.DeterministicIdentifierAPITest" time="0.003"/>
  <testcase name="Test_Asset_Generate_Deterministic_Id_Best_Effort[1: TestCase{versionable=com.dotmarketing.portlets.contentlet.model.Contentlet@656a2718[map={modDate=2023-06-26 19:39:32.155, fileName=file11779812185542303629.txt, title=file11779812185542303629.txt, inode=8ca6f380-ab2b-4442-895c-3c1756da0638, __IS_NEW_CONTENT__=true, disabledWYSIWYG=[], host=c02e72b1-92fb-42be-b9b4-63b4684399cd, stInode=33888b6f-7a8e-4069-b1b6-5c1aa9d0a48d, owner=system, identifier=385ad508-8e73-479c-8ba1-6785adeb99d8, nullProperties=[wfExpireDate, wfPublishDate, wfActionAssign, wfActionId, wfActionComments, filterKey, whereToSend, wfNeverExpire, _path_to_move, timezoneId, iWantTo, wfPublishTime, wfExpireTime], languageId=1, fileAsset=/home/runner/work/core/custom/assets/8/c/8ca6f380-ab2b-4442-895c-3c1756da0638/fileAsset/file11779812185542303629.txt, folder=9a79b44b-74be-4389-ad39-c1afb60f6769, __disable_workflow__=true, sortOrder=0, modUser=system},lowIndexPriority=false,variantId=DEFAULT], parent=com.dotmarketing.portlets.folders.model.Folder@3f7d2aca[identifier=9a79b44b-74be-4389-ad39-c1afb60f6769,name=testName1687808372147,sortOrder=0,showOnMenu=false,hostId=c02e72b1-92fb-42be-b9b4-63b4684399cd,type=folder,title=testTitle1687808372147,filesMasks=,defaultFileType=33888b6f-7a8e-4069-b1b6-5c1aa9d0a48d,modDate=2023-06-26 19:39:32.15,owner=&lt;null&gt;,iDate=2023-06-26 19:39:32.15,inode=9a79b44b-74be-4389-ad39-c1afb60f6769,path=/testName1687808372147/], expectedName='file11779812185542303629.txt', expectedType='FileAsset'}]" classname="com.dotmarketing.business.DeterministicIdentifierAPITest" time="0.003"/>
  <testcase name="Test_Asset_Generate_Deterministic_Id_Best_Effort[2: TestCase{versionable=com.dotmarketing.portlets.templates.model.Template@a31e3ff7, parent=my.host1687808371534.com, expectedName='testTitle1687808372257', expectedType='Template'}]" classname="com.dotmarketing.business.DeterministicIdentifierAPITest" time="0.002"/>
  <testcase name="Test_Asset_Generate_Deterministic_Id_Best_Effort[3: TestCase{versionable=com.dotmarketing.portlets.htmlpageasset.model.HTMLPageAsset@32b5682b[map={template=874e5492-ead4-43dd-9fe3-4647e41a04ed, owner=system, identifier=000c8f1b-a560-470b-a904-a700521ea46a, nullProperties=[wfExpireDate, wfPublishDate, wfActionAssign, wfActionId, wfActionComments, filterKey, whereToSend, wfNeverExpire, _path_to_move, timezoneId, iWantTo, wfPublishTime, wfExpireTime], modDate=2023-06-26 19:39:32.281, cachettl=0, _is_test_mode=true, languageId=1, title=test-page-title-1687808372276, httpsreq=, url=test-page-url-1687808372276, showOnMenu=, inode=79198c07-3930-49e4-a92b-1fe8746bb5e4, folder=9a79b44b-74be-4389-ad39-c1afb60f6769, disabledWYSIWYG=[], sortOrder=1, modUser=system, host=c02e72b1-92fb-42be-b9b4-63b4684399cd, stInode=c541abb1-69b3-4bc5-8430-5e09e5239cc8, friendlyName=test-page-friendly-name-1687808372276},lowIndexPriority=false,variantId=DEFAULT], parent=com.dotmarketing.portlets.folders.model.Folder@3f7d2aca[identifier=9a79b44b-74be-4389-ad39-c1afb60f6769,name=testName1687808372147,sortOrder=0,showOnMenu=false,hostId=c02e72b1-92fb-42be-b9b4-63b4684399cd,type=folder,title=testTitle1687808372147,filesMasks=,defaultFileType=33888b6f-7a8e-4069-b1b6-5c1aa9d0a48d,modDate=2023-06-26 19:39:32.15,owner=&lt;null&gt;,iDate=2023-06-26 19:39:32.15,inode=9a79b44b-74be-4389-ad39-c1afb60f6769,path=/testName1687808372147/], expectedName='test-page-url-1687808372276', expectedType='htmlpageasset'}]" classname="com.dotmarketing.business.DeterministicIdentifierAPITest" time="0.002"/>
  <testcase name="Test_Asset_Generate_Deterministic_Id_Best_Effort[4: TestCase{versionable=com.dotmarketing.portlets.contentlet.model.Contentlet@59b1def[map={fileAsset2=/home/runner/work/core/custom/assets/1/e/1e7355c5-1297-4505-8359-e225b3e25824/fileAsset2/test_binary1687808373131.png, modDate=2023-06-26 19:39:33.137, fileAsset1=/home/runner/work/core/custom/assets/1/e/1e7355c5-1297-4505-8359-e225b3e25824/fileAsset1/test_binary1687808373131.jpg, title=blah, inode=1e7355c5-1297-4505-8359-e225b3e25824, __IS_NEW_CONTENT__=true, disabledWYSIWYG=[], host=48190c8c-42c4-46af-8d1a-0cd5db894797, stInode=f5c0eacf-4a64-413b-be39-40479f333238, owner=system, identifier=c71f18c8-4610-44e1-89c7-f2ad72a6578c, nullProperties=[], languageId=1, image1=0b90d6a1-1e73-4a90-8b25-277d959d7ef0, folder=SYSTEM_FOLDER, __disable_workflow__=true, sortOrder=0, modUser=system},lowIndexPriority=false,variantId=DEFAULT], parent=demo.dotcms.com, expectedName='test_binary1687808373131.jpg:test_binary1687808373131.png', expectedType='MultipleBinaries1687808372474'}]" classname="com.dotmarketing.business.DeterministicIdentifierAPITest" time="0.003"/>
  <testcase name="Test_Asset_Generate_Deterministic_Id_Best_Effort[5: TestCase{versionable=name0ed75993b2 : keyTag0ed75993b2, parent=my.host1687808371534.com, expectedName='keyTag0ed75993b2', expectedType='persona'}]" classname="com.dotmarketing.business.DeterministicIdentifierAPITest" time="0.003"/>
  <testcase name="Test_Similar_Content_Type_Wont_Clash" classname="com.dotmarketing.business.DeterministicIdentifierAPITest" time="0.549"/>
  <testcase name="Test_Generate_Folder_Identifier" classname="com.dotmarketing.business.DeterministicIdentifierAPITest" time="0.769"/>
  <testcase name="Test_Generate_Content_Type_Identifier[0: ContentTypeTestCase{contentType=KeyValueContentType{name=Language Variable, id=f4d7c1b8-2c88-4071-abf1-a5328977b07d, description=Default Content Type for Language Variables, defaultType=false, fixed=true, iDate=Thu Aug 31 16:38:49 UTC 2017, system=true, versionable=true, variable=Languagevariable, modDate=Mon Jun 26 18:28:27 UTC 2023, host=SYSTEM_HOST, siteName=systemHost, icon=language, sortOrder=0, folder=SYSTEM_FOLDER, folderPath=/, markedForDeletion=true, multilingualable=false}, expectedName='Languagevariable', expectedType='KeyValue'}]" classname="com.dotmarketing.business.DeterministicIdentifierAPITest" time="0.005"/>
  <testcase name="Test_Generate_Content_Type_Identifier[1: ContentTypeTestCase{contentType=SimpleContentType{name=testName1687808373586, id=22f57d6d-e511-4c58-8049-dc43649f3c13, description=testDescription1687808373586, defaultType=false, fixed=false, iDate=Mon Jun 26 19:39:33 UTC 2023, system=false, versionable=true, multilingualable=false, variable=testVarname1687808373586, owner=system, modDate=Mon Jun 26 19:39:34 UTC 2023, host=48190c8c-42c4-46af-8d1a-0cd5db894797, siteName=demo.dotcms.com, icon=event_note, sortOrder=0, folder=SYSTEM_FOLDER, folderPath=/, requiredFields=[], markedForDeletion=false}, expectedName='testVarname1687808373586', expectedType='CONTENT'}]" classname="com.dotmarketing.business.DeterministicIdentifierAPITest" time="0.005"/>
  <system-out><![CDATA[]]></system-out>
  <system-err><![CDATA[]]></system-err>
</testsuite>
