<?xml version="1.0" encoding="UTF-8"?>
<testsuite name="com.dotcms.rendering.velocity.servlet.VelocityServletIntegrationTest" tests="9" skipped="0" failures="0" errors="0" timestamp="2023-07-03T17:57:53" hostname="fv-az313-710" time="28.26">
  <properties/>
  <testcase name="backendUserRefererEmpty" classname="com.dotcms.rendering.velocity.servlet.VelocityServletIntegrationTest" time="1.024"/>
  <testcase name="backendUserRefererNotDotAdmin" classname="com.dotcms.rendering.velocity.servlet.VelocityServletIntegrationTest" time="0.891"/>
  <testcase name="whenRequestURLMapAndVanityURLTogether" classname="com.dotcms.rendering.velocity.servlet.VelocityServletIntegrationTest" time="9.15"/>
  <testcase name="testingTimeMachine" classname="com.dotcms.rendering.velocity.servlet.VelocityServletIntegrationTest" time="3.083"/>
  <testcase name="backendUserDisabledNavigateModeSet" classname="com.dotcms.rendering.velocity.servlet.VelocityServletIntegrationTest" time="0.962"/>
  <testcase name="backendUserRefererDotAdmin" classname="com.dotcms.rendering.velocity.servlet.VelocityServletIntegrationTest" time="1.018"/>
  <testcase name="whenRequestVanityURL" classname="com.dotcms.rendering.velocity.servlet.VelocityServletIntegrationTest" time="6.358"/>
  <testcase name="whenRequestURLMap" classname="com.dotcms.rendering.velocity.servlet.VelocityServletIntegrationTest" time="4.767"/>
  <testcase name="Test_Frontend_Login_Overrides_BackendLogin_When_Page_Requested" classname="com.dotcms.rendering.velocity.servlet.VelocityServletIntegrationTest" time="1.006"/>
  <system-out><![CDATA[]]></system-out>
  <system-err><![CDATA[]]></system-err>
</testsuite>
