<?xml version="1.0" encoding="UTF-8"?>
<testsuite name="com.dotcms.rest.TagResourceIntegrationTest" tests="4" skipped="0" failures="0" errors="0" timestamp="2023-07-13T22:10:29" hostname="fv-az267-171" time="0.307">
  <properties/>
  <testcase name="testList[0: com.dotcms.rest.TagResourceTestCase@728befd5]" classname="com.dotcms.rest.TagResourceIntegrationTest" time="0.243"/>
  <testcase name="testList[1: com.dotcms.rest.TagResourceTestCase@54f03913]" classname="com.dotcms.rest.TagResourceIntegrationTest" time="0.023"/>
  <testcase name="testList[2: com.dotcms.rest.TagResourceTestCase@3bc23ca4]" classname="com.dotcms.rest.TagResourceIntegrationTest" time="0.019"/>
  <testcase name="testList[3: com.dotcms.rest.TagResourceTestCase@6e9dd975]" classname="com.dotcms.rest.TagResourceIntegrationTest" time="0.021"/>
  <system-out><![CDATA[]]></system-out>
  <system-err><![CDATA[Jul 13, 2023 10:10:30 PM com.dotcms.repackage.org.hibernate.validator.internal.util.Version <clinit>
INFO: HV000001: Hibernate Validator 4.3.2.Final
]]></system-err>
</testsuite>
