<?xml version="1.0" encoding="UTF-8"?>
<testsuite name="com.dotmarketing.startup.runonce.Task220829CreateExperimentsTableTest" tests="1" skipped="0" failures="0" errors="0" timestamp="2023-06-23T19:45:01" hostname="fv-az507-453" time="0.028">
  <properties/>
  <testcase name="testExecuteUpgrade" classname="com.dotmarketing.startup.runonce.Task220829CreateExperimentsTableTest" time="0.028"/>
  <system-out><![CDATA[]]></system-out>
  <system-err><![CDATA[]]></system-err>
</testsuite>
