<?xml version="1.0" encoding="UTF-8"?>
<testsuite name="com.dotmarketing.business.RoleAPITest" tests="6" skipped="0" failures="0" errors="0" timestamp="2023-07-03T17:45:16" hostname="fv-az218-411" time="2.616">
  <properties/>
  <testcase name="test_equals_role_on_noRole__false_expected" classname="com.dotmarketing.business.RoleAPITest" time="0.001"/>
  <testcase name="test_equals_role_on_null__false_expected" classname="com.dotmarketing.business.RoleAPITest" time="0.001"/>
  <testcase name="test_equals_role__true_expected" classname="com.dotmarketing.business.RoleAPITest" time="0.0"/>
  <testcase name="test_isParentRole" classname="com.dotmarketing.business.RoleAPITest" time="0.094"/>
  <testcase name="testIsSiblingRole" classname="com.dotmarketing.business.RoleAPITest" time="0.089"/>
  <testcase name="loadRolesForUser" classname="com.dotmarketing.business.RoleAPITest" time="2.43"/>
  <system-out><![CDATA[]]></system-out>
  <system-err><![CDATA[]]></system-err>
</testsuite>
