<?xml version="1.0" encoding="UTF-8"?>
<testsuite name="com.dotmarketing.portlets.linkchecker.business.LinkCheckerAPITest" tests="1" skipped="0" failures="0" errors="0" timestamp="2023-06-28T20:30:47" hostname="fv-az577-630" time="124.047">
  <properties/>
  <testcase name="findInvalidLinks" classname="com.dotmarketing.portlets.linkchecker.business.LinkCheckerAPITest" time="124.047"/>
  <system-out><![CDATA[



]]></system-out>
  <system-err><![CDATA[]]></system-err>
</testsuite>
