<?xml version="1.0" encoding="UTF-8"?>
<testsuite name="com.dotcms.rest.TagResourceIntegrationTest" tests="4" skipped="0" failures="0" errors="0" timestamp="2023-07-13T20:35:36" hostname="fv-az673-76" time="0.299">
  <properties/>
  <testcase name="testList[0: com.dotcms.rest.TagResourceTestCase@5549f718]" classname="com.dotcms.rest.TagResourceIntegrationTest" time="0.242"/>
  <testcase name="testList[1: com.dotcms.rest.TagResourceTestCase@5d93d94f]" classname="com.dotcms.rest.TagResourceIntegrationTest" time="0.021"/>
  <testcase name="testList[2: com.dotcms.rest.TagResourceTestCase@782f71fc]" classname="com.dotcms.rest.TagResourceIntegrationTest" time="0.016"/>
  <testcase name="testList[3: com.dotcms.rest.TagResourceTestCase@25c7c70]" classname="com.dotcms.rest.TagResourceIntegrationTest" time="0.018"/>
  <system-out><![CDATA[]]></system-out>
  <system-err><![CDATA[Jul 13, 2023 8:35:36 PM com.dotcms.repackage.org.hibernate.validator.internal.util.Version <clinit>
INFO: HV000001: Hibernate Validator 4.3.2.Final
]]></system-err>
</testsuite>
