<?xml version="1.0" encoding="UTF-8"?>
<testsuite name="com.dotmarketing.portlets.structure.model.ContentletRelationshipsTest" tests="7" skipped="0" failures="0" errors="0" timestamp="2023-07-11T22:01:17" hostname="fv-az552-460" time="8.189">
  <properties/>
  <testcase name="testDoesAllowOnlyOne[0: com.dotmarketing.portlets.structure.model.ContentletRelationshipsTest$CardinalityTestCase@70bab276]" classname="com.dotmarketing.portlets.structure.model.ContentletRelationshipsTest" time="0.43"/>
  <testcase name="testDoesAllowOnlyOne[1: com.dotmarketing.portlets.structure.model.ContentletRelationshipsTest$CardinalityTestCase@121f79c8]" classname="com.dotmarketing.portlets.structure.model.ContentletRelationshipsTest" time="0.385"/>
  <testcase name="testDoesAllowOnlyOne[2: com.dotmarketing.portlets.structure.model.ContentletRelationshipsTest$CardinalityTestCase@6c42a5b3]" classname="com.dotmarketing.portlets.structure.model.ContentletRelationshipsTest" time="0.388"/>
  <testcase name="testGetRelationshipRecords[0: com.dotmarketing.portlets.structure.model.ContentletRelationshipsTest$TestCase@3cf2b534]" classname="com.dotmarketing.portlets.structure.model.ContentletRelationshipsTest" time="1.835"/>
  <testcase name="testGetRelationshipRecords[1: com.dotmarketing.portlets.structure.model.ContentletRelationshipsTest$TestCase@19fe89de]" classname="com.dotmarketing.portlets.structure.model.ContentletRelationshipsTest" time="1.79"/>
  <testcase name="testGetRelationshipRecords[2: com.dotmarketing.portlets.structure.model.ContentletRelationshipsTest$TestCase@70c67210]" classname="com.dotmarketing.portlets.structure.model.ContentletRelationshipsTest" time="1.69"/>
  <testcase name="testGetRelationshipRecords[3: com.dotmarketing.portlets.structure.model.ContentletRelationshipsTest$TestCase@9d02e86]" classname="com.dotmarketing.portlets.structure.model.ContentletRelationshipsTest" time="1.671"/>
  <system-out><![CDATA[]]></system-out>
  <system-err><![CDATA[]]></system-err>
</testsuite>
