<?xml version="1.0" encoding="UTF-8"?>
<testsuite name="com.dotcms.rest.elasticsearch.ESContentResourcePortletTest" tests="8" skipped="0" failures="0" errors="0" timestamp="2023-06-26T16:57:12" hostname="fv-az341-169" time="9.742">
  <properties/>
  <testcase name="test_search_includeGrandChildCategory_success" classname="com.dotcms.rest.elasticsearch.ESContentResourcePortletTest" time="1.606"/>
  <testcase name="testSearch[0: com.dotcms.rest.elasticsearch.ESContentResourcePortletTest$TestCase@7df1e0f5]" classname="com.dotcms.rest.elasticsearch.ESContentResourcePortletTest" time="1.063"/>
  <testcase name="testSearch[1: com.dotcms.rest.elasticsearch.ESContentResourcePortletTest$TestCase@2aba2de0]" classname="com.dotcms.rest.elasticsearch.ESContentResourcePortletTest" time="1.274"/>
  <testcase name="testSearch[2: com.dotcms.rest.elasticsearch.ESContentResourcePortletTest$TestCase@75477fa7]" classname="com.dotcms.rest.elasticsearch.ESContentResourcePortletTest" time="1.069"/>
  <testcase name="testSearch[3: com.dotcms.rest.elasticsearch.ESContentResourcePortletTest$TestCase@55020f66]" classname="com.dotcms.rest.elasticsearch.ESContentResourcePortletTest" time="1.252"/>
  <testcase name="testSearch[4: com.dotcms.rest.elasticsearch.ESContentResourcePortletTest$TestCase@2706bb7b]" classname="com.dotcms.rest.elasticsearch.ESContentResourcePortletTest" time="1.31"/>
  <testcase name="testSearch[5: com.dotcms.rest.elasticsearch.ESContentResourcePortletTest$TestCase@5c285756]" classname="com.dotcms.rest.elasticsearch.ESContentResourcePortletTest" time="1.024"/>
  <testcase name="testSearch[6: com.dotcms.rest.elasticsearch.ESContentResourcePortletTest$TestCase@125ca133]" classname="com.dotcms.rest.elasticsearch.ESContentResourcePortletTest" time="1.143"/>
  <system-out><![CDATA[]]></system-out>
  <system-err><![CDATA[]]></system-err>
</testsuite>
