<?xml version="1.0" encoding="UTF-8"?>
<testsuite name="com.dotmarketing.business.helper.PermissionHelperTest" tests="24" skipped="0" failures="0" errors="0" timestamp="2023-07-17T18:22:50" hostname="fv-az168-813" time="6.38">
  <properties/>
  <testcase name="test_getPermissionsByPermissionType_with_system_user_should_succeed[0: com.dotmarketing.business.helper.PermissionHelperTest$TestCase@1c7027f]" classname="com.dotmarketing.business.helper.PermissionHelperTest" time="0.013"/>
  <testcase name="test_getPermissionsByPermissionType_with_system_user_should_succeed[1: com.dotmarketing.business.helper.PermissionHelperTest$TestCase@33380dff]" classname="com.dotmarketing.business.helper.PermissionHelperTest" time="0.0"/>
  <testcase name="test_getPermissionsByPermissionType_with_system_user_should_succeed[2: com.dotmarketing.business.helper.PermissionHelperTest$TestCase@405dc78b]" classname="com.dotmarketing.business.helper.PermissionHelperTest" time="0.001"/>
  <testcase name="test_getPermissionsByPermissionType_with_system_user_should_succeed[3: com.dotmarketing.business.helper.PermissionHelperTest$TestCase@4dd82bb5]" classname="com.dotmarketing.business.helper.PermissionHelperTest" time="0.001"/>
  <testcase name="test_getPermissionsByPermissionType_with_system_user_should_succeed[4: com.dotmarketing.business.helper.PermissionHelperTest$TestCase@74b50c8b]" classname="com.dotmarketing.business.helper.PermissionHelperTest" time="0.0"/>
  <testcase name="test_getPermissionsByPermissionType_with_system_user_should_succeed[5: com.dotmarketing.business.helper.PermissionHelperTest$TestCase@791b017]" classname="com.dotmarketing.business.helper.PermissionHelperTest" time="0.001"/>
  <testcase name="test_getPermissionsByPermissionType_with_system_user_should_succeed[6: com.dotmarketing.business.helper.PermissionHelperTest$TestCase@295e5ef1]" classname="com.dotmarketing.business.helper.PermissionHelperTest" time="0.0"/>
  <testcase name="test_getPermissionsByPermissionType_with_system_user_should_succeed[7: com.dotmarketing.business.helper.PermissionHelperTest$TestCase@25575dec]" classname="com.dotmarketing.business.helper.PermissionHelperTest" time="0.0"/>
  <testcase name="test_getPermissionsByPermissionType_with_limited_user_should_succeed[0: com.dotmarketing.business.helper.PermissionHelperTest$TestCase@1c7027f]" classname="com.dotmarketing.business.helper.PermissionHelperTest" time="0.805"/>
  <testcase name="test_getPermissionsByPermissionType_with_limited_user_should_succeed[1: com.dotmarketing.business.helper.PermissionHelperTest$TestCase@33380dff]" classname="com.dotmarketing.business.helper.PermissionHelperTest" time="0.794"/>
  <testcase name="test_getPermissionsByPermissionType_with_limited_user_should_succeed[2: com.dotmarketing.business.helper.PermissionHelperTest$TestCase@405dc78b]" classname="com.dotmarketing.business.helper.PermissionHelperTest" time="0.791"/>
  <testcase name="test_getPermissionsByPermissionType_with_limited_user_should_succeed[3: com.dotmarketing.business.helper.PermissionHelperTest$TestCase@4dd82bb5]" classname="com.dotmarketing.business.helper.PermissionHelperTest" time="0.79"/>
  <testcase name="test_getPermissionsByPermissionType_with_limited_user_should_succeed[4: com.dotmarketing.business.helper.PermissionHelperTest$TestCase@74b50c8b]" classname="com.dotmarketing.business.helper.PermissionHelperTest" time="0.819"/>
  <testcase name="test_getPermissionsByPermissionType_with_limited_user_should_succeed[5: com.dotmarketing.business.helper.PermissionHelperTest$TestCase@791b017]" classname="com.dotmarketing.business.helper.PermissionHelperTest" time="0.782"/>
  <testcase name="test_getPermissionsByPermissionType_with_limited_user_should_succeed[6: com.dotmarketing.business.helper.PermissionHelperTest$TestCase@295e5ef1]" classname="com.dotmarketing.business.helper.PermissionHelperTest" time="0.792"/>
  <testcase name="test_getPermissionsByPermissionType_with_limited_user_should_succeed[7: com.dotmarketing.business.helper.PermissionHelperTest$TestCase@25575dec]" classname="com.dotmarketing.business.helper.PermissionHelperTest" time="0.786"/>
  <testcase name="test_getPermissionsByPermissionType_with_invalid_user_should_fail[0: com.dotmarketing.business.helper.PermissionHelperTest$TestCase@1c7027f]" classname="com.dotmarketing.business.helper.PermissionHelperTest" time="0.0"/>
  <testcase name="test_getPermissionsByPermissionType_with_invalid_user_should_fail[1: com.dotmarketing.business.helper.PermissionHelperTest$TestCase@33380dff]" classname="com.dotmarketing.business.helper.PermissionHelperTest" time="0.001"/>
  <testcase name="test_getPermissionsByPermissionType_with_invalid_user_should_fail[2: com.dotmarketing.business.helper.PermissionHelperTest$TestCase@405dc78b]" classname="com.dotmarketing.business.helper.PermissionHelperTest" time="0.0"/>
  <testcase name="test_getPermissionsByPermissionType_with_invalid_user_should_fail[3: com.dotmarketing.business.helper.PermissionHelperTest$TestCase@4dd82bb5]" classname="com.dotmarketing.business.helper.PermissionHelperTest" time="0.001"/>
  <testcase name="test_getPermissionsByPermissionType_with_invalid_user_should_fail[4: com.dotmarketing.business.helper.PermissionHelperTest$TestCase@74b50c8b]" classname="com.dotmarketing.business.helper.PermissionHelperTest" time="0.0"/>
  <testcase name="test_getPermissionsByPermissionType_with_invalid_user_should_fail[5: com.dotmarketing.business.helper.PermissionHelperTest$TestCase@791b017]" classname="com.dotmarketing.business.helper.PermissionHelperTest" time="0.0"/>
  <testcase name="test_getPermissionsByPermissionType_with_invalid_user_should_fail[6: com.dotmarketing.business.helper.PermissionHelperTest$TestCase@295e5ef1]" classname="com.dotmarketing.business.helper.PermissionHelperTest" time="0.001"/>
  <testcase name="test_getPermissionsByPermissionType_with_invalid_user_should_fail[7: com.dotmarketing.business.helper.PermissionHelperTest$TestCase@25575dec]" classname="com.dotmarketing.business.helper.PermissionHelperTest" time="0.0"/>
  <system-out><![CDATA[]]></system-out>
  <system-err><![CDATA[]]></system-err>
</testsuite>
