<?xml version="1.0" encoding="UTF-8"?>
<testsuite name="com.dotcms.contenttype.test.ContentTypeResourceTest" tests="10" skipped="0" failures="0" errors="0" timestamp="2023-06-28T17:08:23" hostname="fv-az365-455" time="18.394">
  <properties/>
  <testcase name="testJson[0: widget-type-object.json]" classname="com.dotcms.contenttype.test.ContentTypeResourceTest" time="2.691"/>
  <testcase name="testJson[1: empty-widget.json]" classname="com.dotcms.contenttype.test.ContentTypeResourceTest" time="1.871"/>
  <testcase name="testJson[2: content-type-object.json]" classname="com.dotcms.contenttype.test.ContentTypeResourceTest" time="1.379"/>
  <testcase name="testJson[3: persona-type-object.json]" classname="com.dotcms.contenttype.test.ContentTypeResourceTest" time="2.484"/>
  <testcase name="testJson[4: content-type-array-insert.json]" classname="com.dotcms.contenttype.test.ContentTypeResourceTest" time="2.467"/>
  <testcase name="testJson[5: file-asset.json]" classname="com.dotcms.contenttype.test.ContentTypeResourceTest" time="1.757"/>
  <testcase name="testJson[6: page-content-type.json]" classname="com.dotcms.contenttype.test.ContentTypeResourceTest" time="4.33"/>
  <testcase name="testJson[7: content-type-object-insert.json]" classname="com.dotcms.contenttype.test.ContentTypeResourceTest" time="1.407"/>
  <testcase name="test_setHostAndFolderAsIdentifer_with_null" classname="com.dotcms.contenttype.test.ContentTypeResourceTest" time="0.001"/>
  <testcase name="test_setHostAndFolderAsIdentifer_with_System_Host" classname="com.dotcms.contenttype.test.ContentTypeResourceTest" time="0.005"/>
  <system-out><![CDATA[]]></system-out>
  <system-err><![CDATA[]]></system-err>
</testsuite>
