<?xml version="1.0" encoding="UTF-8"?>
<testsuite name="com.dotmarketing.portlets.structure.model.ContentletRelationshipsTest" tests="7" skipped="0" failures="0" errors="0" timestamp="2023-07-17T17:07:26" hostname="fv-az797-388" time="11.835">
  <properties/>
  <testcase name="testDoesAllowOnlyOne[0: com.dotmarketing.portlets.structure.model.ContentletRelationshipsTest$CardinalityTestCase@5722b7a3]" classname="com.dotmarketing.portlets.structure.model.ContentletRelationshipsTest" time="0.836"/>
  <testcase name="testDoesAllowOnlyOne[1: com.dotmarketing.portlets.structure.model.ContentletRelationshipsTest$CardinalityTestCase@25a0025b]" classname="com.dotmarketing.portlets.structure.model.ContentletRelationshipsTest" time="0.744"/>
  <testcase name="testDoesAllowOnlyOne[2: com.dotmarketing.portlets.structure.model.ContentletRelationshipsTest$CardinalityTestCase@1e477108]" classname="com.dotmarketing.portlets.structure.model.ContentletRelationshipsTest" time="0.731"/>
  <testcase name="testGetRelationshipRecords[0: com.dotmarketing.portlets.structure.model.ContentletRelationshipsTest$TestCase@2616eab0]" classname="com.dotmarketing.portlets.structure.model.ContentletRelationshipsTest" time="2.586"/>
  <testcase name="testGetRelationshipRecords[1: com.dotmarketing.portlets.structure.model.ContentletRelationshipsTest$TestCase@64cbce7e]" classname="com.dotmarketing.portlets.structure.model.ContentletRelationshipsTest" time="2.481"/>
  <testcase name="testGetRelationshipRecords[2: com.dotmarketing.portlets.structure.model.ContentletRelationshipsTest$TestCase@41dcba66]" classname="com.dotmarketing.portlets.structure.model.ContentletRelationshipsTest" time="2.184"/>
  <testcase name="testGetRelationshipRecords[3: com.dotmarketing.portlets.structure.model.ContentletRelationshipsTest$TestCase@64364c64]" classname="com.dotmarketing.portlets.structure.model.ContentletRelationshipsTest" time="2.271"/>
  <system-out><![CDATA[]]></system-out>
  <system-err><![CDATA[]]></system-err>
</testsuite>
