<?xml version="1.0" encoding="UTF-8"?>
<testsuite name="com.dotcms.publishing.PublisherAPIImplTest" tests="24" skipped="0" failures="0" errors="0" timestamp="2023-07-13T21:29:35" hostname="fv-az362-624" time="4.881">
  <properties/>
  <testcase name="AddAllCategoryIntoBundle" classname="com.dotcms.publishing.PublisherAPIImplTest" time="0.185"/>
  <testcase name="testFilterDescriptors" classname="com.dotcms.publishing.PublisherAPIImplTest" time="0.104"/>
  <testcase name="sendPushPublishBundle[0: com.dotcms.publishing.PublisherAPIImplTest$TestAsset@7a8f6470]" classname="com.dotcms.publishing.PublisherAPIImplTest" time="1.435"/>
  <testcase name="sendPushPublishBundle[1: com.dotcms.publishing.PublisherAPIImplTest$TestAsset@7e378f15]" classname="com.dotcms.publishing.PublisherAPIImplTest" time="0.201"/>
  <testcase name="sendPushPublishBundle[2: com.dotcms.publishing.PublisherAPIImplTest$TestAsset@354ba5ff]" classname="com.dotcms.publishing.PublisherAPIImplTest" time="0.212"/>
  <testcase name="sendPushPublishBundle[3: com.dotcms.publishing.PublisherAPIImplTest$TestAsset@3427f8cc]" classname="com.dotcms.publishing.PublisherAPIImplTest" time="0.364"/>
  <testcase name="sendPushPublishBundle[4: com.dotcms.publishing.PublisherAPIImplTest$TestAsset@350ab6dc]" classname="com.dotcms.publishing.PublisherAPIImplTest" time="0.283"/>
  <testcase name="sendPushPublishBundle[5: com.dotcms.publishing.PublisherAPIImplTest$TestAsset@7707c84f]" classname="com.dotcms.publishing.PublisherAPIImplTest" time="0.161"/>
  <testcase name="sendPushPublishBundle[6: com.dotcms.publishing.PublisherAPIImplTest$TestAsset@1f8bef0d]" classname="com.dotcms.publishing.PublisherAPIImplTest" time="0.137"/>
  <testcase name="sendPushPublishBundle[7: com.dotcms.publishing.PublisherAPIImplTest$TestAsset@146195a8]" classname="com.dotcms.publishing.PublisherAPIImplTest" time="0.129"/>
  <testcase name="sendPushPublishBundle[8: com.dotcms.publishing.PublisherAPIImplTest$TestAsset@743d7dae]" classname="com.dotcms.publishing.PublisherAPIImplTest" time="0.162"/>
  <testcase name="sendPushPublishBundle[9: com.dotcms.publishing.PublisherAPIImplTest$TestAsset@3db196d6]" classname="com.dotcms.publishing.PublisherAPIImplTest" time="0.229"/>
  <testcase name="sendPushPublishBundle[10: com.dotcms.publishing.PublisherAPIImplTest$TestAsset@7d02e5ea]" classname="com.dotcms.publishing.PublisherAPIImplTest" time="0.081"/>
  <testcase name="generateBundle[0: com.dotcms.publishing.PublisherAPIImplTest$TestAsset@7a8f6470]" classname="com.dotcms.publishing.PublisherAPIImplTest" time="0.112"/>
  <testcase name="generateBundle[1: com.dotcms.publishing.PublisherAPIImplTest$TestAsset@7e378f15]" classname="com.dotcms.publishing.PublisherAPIImplTest" time="0.116"/>
  <testcase name="generateBundle[2: com.dotcms.publishing.PublisherAPIImplTest$TestAsset@354ba5ff]" classname="com.dotcms.publishing.PublisherAPIImplTest" time="0.114"/>
  <testcase name="generateBundle[3: com.dotcms.publishing.PublisherAPIImplTest$TestAsset@3427f8cc]" classname="com.dotcms.publishing.PublisherAPIImplTest" time="0.191"/>
  <testcase name="generateBundle[4: com.dotcms.publishing.PublisherAPIImplTest$TestAsset@350ab6dc]" classname="com.dotcms.publishing.PublisherAPIImplTest" time="0.198"/>
  <testcase name="generateBundle[5: com.dotcms.publishing.PublisherAPIImplTest$TestAsset@7707c84f]" classname="com.dotcms.publishing.PublisherAPIImplTest" time="0.09"/>
  <testcase name="generateBundle[6: com.dotcms.publishing.PublisherAPIImplTest$TestAsset@1f8bef0d]" classname="com.dotcms.publishing.PublisherAPIImplTest" time="0.072"/>
  <testcase name="generateBundle[7: com.dotcms.publishing.PublisherAPIImplTest$TestAsset@146195a8]" classname="com.dotcms.publishing.PublisherAPIImplTest" time="0.095"/>
  <testcase name="generateBundle[8: com.dotcms.publishing.PublisherAPIImplTest$TestAsset@743d7dae]" classname="com.dotcms.publishing.PublisherAPIImplTest" time="0.049"/>
  <testcase name="generateBundle[9: com.dotcms.publishing.PublisherAPIImplTest$TestAsset@3db196d6]" classname="com.dotcms.publishing.PublisherAPIImplTest" time="0.131"/>
  <testcase name="generateBundle[10: com.dotcms.publishing.PublisherAPIImplTest$TestAsset@7d02e5ea]" classname="com.dotcms.publishing.PublisherAPIImplTest" time="0.022"/>
  <system-out><![CDATA[









































































































































































]]></system-out>
  <system-err><![CDATA[]]></system-err>
</testsuite>
