<?xml version="1.0" encoding="UTF-8"?>
<testsuite name="com.dotcms.rest.TagResourceIntegrationTest" tests="4" skipped="0" failures="0" errors="0" timestamp="2023-06-28T00:33:45" hostname="fv-az614-690" time="0.274">
  <properties/>
  <testcase name="testList[0: com.dotcms.rest.TagResourceTestCase@2e9df99a]" classname="com.dotcms.rest.TagResourceIntegrationTest" time="0.212"/>
  <testcase name="testList[1: com.dotcms.rest.TagResourceTestCase@7d1179a4]" classname="com.dotcms.rest.TagResourceIntegrationTest" time="0.019"/>
  <testcase name="testList[2: com.dotcms.rest.TagResourceTestCase@3c9ff50f]" classname="com.dotcms.rest.TagResourceIntegrationTest" time="0.017"/>
  <testcase name="testList[3: com.dotcms.rest.TagResourceTestCase@3c53118f]" classname="com.dotcms.rest.TagResourceIntegrationTest" time="0.025"/>
  <system-out><![CDATA[]]></system-out>
  <system-err><![CDATA[Jun 28, 2023 12:33:45 AM com.dotcms.repackage.org.hibernate.validator.internal.util.Version <clinit>
INFO: HV000001: Hibernate Validator 4.3.2.Final
]]></system-err>
</testsuite>
