<?xml version="1.0" encoding="UTF-8"?>
<testsuite name="com.dotcms.rest.api.v1.vtl.VTLResourceIntegrationTest" tests="6" skipped="0" failures="0" errors="0" timestamp="2023-07-12T19:49:51" hostname="fv-az449-127" time="13.206">
  <properties/>
  <testcase name="testGet[0: com.dotcms.rest.api.v1.vtl.VTLResourceTestCase@3879487f]" classname="com.dotcms.rest.api.v1.vtl.VTLResourceIntegrationTest" time="2.368"/>
  <testcase name="testGet[1: com.dotcms.rest.api.v1.vtl.VTLResourceTestCase@f5bb9cd]" classname="com.dotcms.rest.api.v1.vtl.VTLResourceIntegrationTest" time="2.763"/>
  <testcase name="testGet[2: com.dotcms.rest.api.v1.vtl.VTLResourceTestCase@516cb983]" classname="com.dotcms.rest.api.v1.vtl.VTLResourceIntegrationTest" time="2.083"/>
  <testcase name="testGet[3: com.dotcms.rest.api.v1.vtl.VTLResourceTestCase@69ffbf55]" classname="com.dotcms.rest.api.v1.vtl.VTLResourceIntegrationTest" time="2.163"/>
  <testcase name="testGet[4: com.dotcms.rest.api.v1.vtl.VTLResourceTestCase@1bb738a5]" classname="com.dotcms.rest.api.v1.vtl.VTLResourceIntegrationTest" time="1.864"/>
  <testcase name="testGet[5: com.dotcms.rest.api.v1.vtl.VTLResourceTestCase@49707fcf]" classname="com.dotcms.rest.api.v1.vtl.VTLResourceIntegrationTest" time="1.965"/>
  <system-out><![CDATA[]]></system-out>
  <system-err><![CDATA[]]></system-err>
</testsuite>
