<?xml version="1.0" encoding="UTF-8"?>
<testsuite name="com.dotcms.content.elasticsearch.business.ESSiteSearchAPITest" tests="3" skipped="0" failures="0" errors="0" timestamp="2023-06-30T16:29:43" hostname="fv-az455-211" time="28.723">
  <properties/>
  <testcase name="testCreateSiteSearchIndexAndMakeItDefault" classname="com.dotcms.content.elasticsearch.business.ESSiteSearchAPITest" time="0.235"/>
  <testcase name="testFullReindexKeepsDefaultSiteSearchIndex" classname="com.dotcms.content.elasticsearch.business.ESSiteSearchAPITest" time="14.384"/>
  <testcase name="testReindexAbortKeepsDefaultSiteSearchIndex" classname="com.dotcms.content.elasticsearch.business.ESSiteSearchAPITest" time="14.103"/>
  <system-out><![CDATA[]]></system-out>
  <system-err><![CDATA[]]></system-err>
</testsuite>
