<?xml version="1.0" encoding="UTF-8"?>
<testsuite name="com.dotmarketing.servlets.ajax.AjaxDirectorServletIntegrationTest" tests="2" skipped="0" failures="0" errors="0" timestamp="2023-07-11T15:31:18" hostname="fv-az399-769" time="2.814">
  <properties/>
  <testcase name="testService[0: com.dotmarketing.servlets.ajax.AjaxDirectorServletTestCase@25b79bb8]" classname="com.dotmarketing.servlets.ajax.AjaxDirectorServletIntegrationTest" time="1.661"/>
  <testcase name="testService[1: com.dotmarketing.servlets.ajax.AjaxDirectorServletTestCase@62f968c0]" classname="com.dotmarketing.servlets.ajax.AjaxDirectorServletIntegrationTest" time="1.153"/>
  <system-out><![CDATA[]]></system-out>
  <system-err><![CDATA[]]></system-err>
</testsuite>
