<?xml version="1.0" encoding="UTF-8"?>
<testsuite name="com.dotmarketing.portlets.contentlet.model.ContentletDependenciesTest" tests="1" skipped="0" failures="0" errors="0" timestamp="2023-07-13T19:25:33" hostname="fv-az590-649" time="0.002">
  <properties/>
  <testcase name="test_copy_contentlet_dependencies" classname="com.dotmarketing.portlets.contentlet.model.ContentletDependenciesTest" time="0.002"/>
  <system-out><![CDATA[]]></system-out>
  <system-err><![CDATA[]]></system-err>
</testsuite>
