<?xml version="1.0" encoding="UTF-8"?>
<testsuite name="com.dotcms.rest.elasticsearch.ESContentResourcePortletTest" tests="8" skipped="0" failures="0" errors="0" timestamp="2023-07-10T22:34:02" hostname="fv-az487-466" time="8.519">
  <properties/>
  <testcase name="test_search_includeGrandChildCategory_success" classname="com.dotcms.rest.elasticsearch.ESContentResourcePortletTest" time="1.693"/>
  <testcase name="testSearch[0: com.dotcms.rest.elasticsearch.ESContentResourcePortletTest$TestCase@621a1b56]" classname="com.dotcms.rest.elasticsearch.ESContentResourcePortletTest" time="1.107"/>
  <testcase name="testSearch[1: com.dotcms.rest.elasticsearch.ESContentResourcePortletTest$TestCase@6deaa4b3]" classname="com.dotcms.rest.elasticsearch.ESContentResourcePortletTest" time="0.562"/>
  <testcase name="testSearch[2: com.dotcms.rest.elasticsearch.ESContentResourcePortletTest$TestCase@4f74ee17]" classname="com.dotcms.rest.elasticsearch.ESContentResourcePortletTest" time="1.125"/>
  <testcase name="testSearch[3: com.dotcms.rest.elasticsearch.ESContentResourcePortletTest$TestCase@b03ed5d]" classname="com.dotcms.rest.elasticsearch.ESContentResourcePortletTest" time="0.392"/>
  <testcase name="testSearch[4: com.dotcms.rest.elasticsearch.ESContentResourcePortletTest$TestCase@39f197c0]" classname="com.dotcms.rest.elasticsearch.ESContentResourcePortletTest" time="1.413"/>
  <testcase name="testSearch[5: com.dotcms.rest.elasticsearch.ESContentResourcePortletTest$TestCase@1067371]" classname="com.dotcms.rest.elasticsearch.ESContentResourcePortletTest" time="1.152"/>
  <testcase name="testSearch[6: com.dotcms.rest.elasticsearch.ESContentResourcePortletTest$TestCase@69ea3110]" classname="com.dotcms.rest.elasticsearch.ESContentResourcePortletTest" time="1.074"/>
  <system-out><![CDATA[]]></system-out>
  <system-err><![CDATA[]]></system-err>
</testsuite>
