<?xml version="1.0" encoding="UTF-8"?>
<testsuite name="com.dotmarketing.portlets.structure.model.ContentletRelationshipsTest" tests="7" skipped="0" failures="0" errors="0" timestamp="2023-06-30T21:16:32" hostname="fv-az389-28" time="7.514">
  <properties/>
  <testcase name="testDoesAllowOnlyOne[0: com.dotmarketing.portlets.structure.model.ContentletRelationshipsTest$CardinalityTestCase@3dc20a48]" classname="com.dotmarketing.portlets.structure.model.ContentletRelationshipsTest" time="0.503"/>
  <testcase name="testDoesAllowOnlyOne[1: com.dotmarketing.portlets.structure.model.ContentletRelationshipsTest$CardinalityTestCase@1e703023]" classname="com.dotmarketing.portlets.structure.model.ContentletRelationshipsTest" time="0.413"/>
  <testcase name="testDoesAllowOnlyOne[2: com.dotmarketing.portlets.structure.model.ContentletRelationshipsTest$CardinalityTestCase@3293c31d]" classname="com.dotmarketing.portlets.structure.model.ContentletRelationshipsTest" time="0.433"/>
  <testcase name="testGetRelationshipRecords[0: com.dotmarketing.portlets.structure.model.ContentletRelationshipsTest$TestCase@1132429f]" classname="com.dotmarketing.portlets.structure.model.ContentletRelationshipsTest" time="0.873"/>
  <testcase name="testGetRelationshipRecords[1: com.dotmarketing.portlets.structure.model.ContentletRelationshipsTest$TestCase@3c0f8abb]" classname="com.dotmarketing.portlets.structure.model.ContentletRelationshipsTest" time="1.831"/>
  <testcase name="testGetRelationshipRecords[2: com.dotmarketing.portlets.structure.model.ContentletRelationshipsTest$TestCase@23e15431]" classname="com.dotmarketing.portlets.structure.model.ContentletRelationshipsTest" time="1.787"/>
  <testcase name="testGetRelationshipRecords[3: com.dotmarketing.portlets.structure.model.ContentletRelationshipsTest$TestCase@fc6f07b]" classname="com.dotmarketing.portlets.structure.model.ContentletRelationshipsTest" time="1.673"/>
  <system-out><![CDATA[]]></system-out>
  <system-err><![CDATA[]]></system-err>
</testsuite>
