<?xml version="1.0" encoding="UTF-8"?>
<testsuite name="com.dotmarketing.servlets.ajax.AjaxDirectorServletIntegrationTest" tests="2" skipped="0" failures="0" errors="0" timestamp="2023-06-30T00:18:37" hostname="fv-az986-883" time="1.079">
  <properties/>
  <testcase name="testService[0: com.dotmarketing.servlets.ajax.AjaxDirectorServletTestCase@6269a212]" classname="com.dotmarketing.servlets.ajax.AjaxDirectorServletIntegrationTest" time="0.632"/>
  <testcase name="testService[1: com.dotmarketing.servlets.ajax.AjaxDirectorServletTestCase@1cd18c93]" classname="com.dotmarketing.servlets.ajax.AjaxDirectorServletIntegrationTest" time="0.447"/>
  <system-out><![CDATA[]]></system-out>
  <system-err><![CDATA[]]></system-err>
</testsuite>
