<?xml version="1.0" encoding="UTF-8"?>
<testsuite name="com.dotcms.rest.api.v1.template.TemplateResourceTest" tests="32" skipped="0" failures="0" errors="0" timestamp="2023-06-29T21:28:05" hostname="fv-az445-513" time="60.224">
  <properties/>
  <testcase name="test_deleteTemplate_pageStillReferencingTemplate_failedToDelete" classname="com.dotcms.rest.api.v1.template.TemplateResourceTest" time="3.714"/>
  <testcase name="test_deleteTemplates_OneTemplateIdDoesNotExist_OneTemplateIdExists" classname="com.dotcms.rest.api.v1.template.TemplateResourceTest" time="1.753"/>
  <testcase name="test_archiveTemplate_templateIsWorking_success" classname="com.dotcms.rest.api.v1.template.TemplateResourceTest" time="1.294"/>
  <testcase name="test_publishTemplate_LimitedUserWithoutPublishPermissions_failedToPublish" classname="com.dotcms.rest.api.v1.template.TemplateResourceTest" time="1.761"/>
  <testcase name="test_unarchiveTemplate_templateIsLive_failedToUnArchived" classname="com.dotcms.rest.api.v1.template.TemplateResourceTest" time="1.343"/>
  <testcase name="test_unpublishTemplate_OneTemplateIdDoesNotExist_OneTemplateIdExists" classname="com.dotcms.rest.api.v1.template.TemplateResourceTest" time="0.973"/>
  <testcase name="test_publishTemplate_success" classname="com.dotcms.rest.api.v1.template.TemplateResourceTest" time="1.013"/>
  <testcase name="test_unarchiveTemplate_LimitedUserWithoutEditPermissions_failedToUnarchive" classname="com.dotcms.rest.api.v1.template.TemplateResourceTest" time="2.512"/>
  <testcase name="test_archiveTemplate_LimitedUserWithoutEditPermissions_failedToArchived" classname="com.dotcms.rest.api.v1.template.TemplateResourceTest" time="2.234"/>
  <testcase name="test_unpublishTemplate_templateIsArchived_failedToUnpublish" classname="com.dotcms.rest.api.v1.template.TemplateResourceTest" time="2.074"/>
  <testcase name="test_deleteTemplate_templateIsArchived_success" classname="com.dotcms.rest.api.v1.template.TemplateResourceTest" time="1.987"/>
  <testcase name="test_unpublishTemplate_success" classname="com.dotcms.rest.api.v1.template.TemplateResourceTest" time="1.3"/>
  <testcase name="test_unpublishTemplate_LimitedUserWithoutEditPermissions_failedToPublish" classname="com.dotcms.rest.api.v1.template.TemplateResourceTest" time="1.778"/>
  <testcase name="test_listTemplate_filterByHost_usingCurrentHost" classname="com.dotcms.rest.api.v1.template.TemplateResourceTest" time="2.33"/>
  <testcase name="test_unpublishTemplate_templateIsAlreadyUnpublished_success" classname="com.dotcms.rest.api.v1.template.TemplateResourceTest" time="1.7"/>
  <testcase name="test_unarchiveTemplate_templateIsWorking_failedToUnarchive" classname="com.dotcms.rest.api.v1.template.TemplateResourceTest" time="1.298"/>
  <testcase name="test_copyTemplate_success" classname="com.dotcms.rest.api.v1.template.TemplateResourceTest" time="1.1"/>
  <testcase name="test_copyTemplate_IdDoesNotBelongToAnyTemplate_failedToCopy" classname="com.dotcms.rest.api.v1.template.TemplateResourceTest" time="0.742"/>
  <testcase name="test_listTemplate_filterByHost" classname="com.dotcms.rest.api.v1.template.TemplateResourceTest" time="2.276"/>
  <testcase name="test_archiveTemplate_templateIsAlreadyArchived_success" classname="com.dotcms.rest.api.v1.template.TemplateResourceTest" time="1.714"/>
  <testcase name="test_archiveTemplates_OneTemplateIdDoesNotExist_OneTemplateIdExists" classname="com.dotcms.rest.api.v1.template.TemplateResourceTest" time="1.347"/>
  <testcase name="test_listTemplate_limitedUserNoREADPermissionsOverOneTemplate" classname="com.dotcms.rest.api.v1.template.TemplateResourceTest" time="3.181"/>
  <testcase name="test_deleteTemplate_LimitedUserWithoutEditPermissions_failedToDelete" classname="com.dotcms.rest.api.v1.template.TemplateResourceTest" time="3.278"/>
  <testcase name="test_publishTemplate_OneTemplateIdDoesNotExist_OneTemplateIdExists" classname="com.dotcms.rest.api.v1.template.TemplateResourceTest" time="1.555"/>
  <testcase name="test_unarchiveTemplates_OneTemplateIdDoesNotExist_OneTemplateIdExists" classname="com.dotcms.rest.api.v1.template.TemplateResourceTest" time="1.743"/>
  <testcase name="test_publishTemplate_templateIsAlreadyPublished_success" classname="com.dotcms.rest.api.v1.template.TemplateResourceTest" time="2.103"/>
  <testcase name="test_copyTemplate_LimitedUserWithoutReadPermissions_failedToCopy" classname="com.dotcms.rest.api.v1.template.TemplateResourceTest" time="1.972"/>
  <testcase name="legacyUUIDTemplate" classname="com.dotcms.rest.api.v1.template.TemplateResourceTest" time="4.039"/>
  <testcase name="test_archiveTemplate_templateIsLive_failedToArchive" classname="com.dotcms.rest.api.v1.template.TemplateResourceTest" time="1.385"/>
  <testcase name="test_publishTemplate_templateIsArchived_failedToPublish" classname="com.dotcms.rest.api.v1.template.TemplateResourceTest" time="1.707"/>
  <testcase name="test_deleteTemplate_templateIsLive_failedToDelete" classname="com.dotcms.rest.api.v1.template.TemplateResourceTest" time="1.3"/>
  <testcase name="test_unarchiveTemplate_templateIsArchived_success" classname="com.dotcms.rest.api.v1.template.TemplateResourceTest" time="1.716"/>
  <system-out><![CDATA[
]]></system-out>
  <system-err><![CDATA[]]></system-err>
</testsuite>
