<?xml version="1.0" encoding="UTF-8"?>
<testsuite name="com.dotmarketing.servlets.ajax.AjaxDirectorServletIntegrationTest" tests="2" skipped="0" failures="0" errors="0" timestamp="2023-07-01T00:22:11" hostname="fv-az613-350" time="3.088">
  <properties/>
  <testcase name="testService[0: com.dotmarketing.servlets.ajax.AjaxDirectorServletTestCase@22585f3a]" classname="com.dotmarketing.servlets.ajax.AjaxDirectorServletIntegrationTest" time="1.797"/>
  <testcase name="testService[1: com.dotmarketing.servlets.ajax.AjaxDirectorServletTestCase@4dbf4c57]" classname="com.dotmarketing.servlets.ajax.AjaxDirectorServletIntegrationTest" time="1.29"/>
  <system-out><![CDATA[]]></system-out>
  <system-err><![CDATA[]]></system-err>
</testsuite>
