<?xml version="1.0" encoding="UTF-8"?>
<testsuite name="com.dotcms.rendering.velocity.viewtools.XsltToolTest" tests="1" skipped="0" failures="0" errors="0" timestamp="2023-06-26T19:14:17" hostname="fv-az1128-296" time="3.229">
  <properties/>
  <testcase name="TestTransform" classname="com.dotcms.rendering.velocity.viewtools.XsltToolTest" time="3.229"/>
  <system-out><![CDATA[]]></system-out>
  <system-err><![CDATA[]]></system-err>
</testsuite>
