<?xml version="1.0" encoding="UTF-8"?>
<testsuite name="com.dotmarketing.startup.runonce.Task230110MakeSomeSystemFieldsRemovableByBaseTypeTest" tests="1" skipped="0" failures="0" errors="0" timestamp="2023-07-13T17:49:18" hostname="fv-az262-63" time="0.074">
  <properties/>
  <testcase name="testExecuteUpgrade" classname="com.dotmarketing.startup.runonce.Task230110MakeSomeSystemFieldsRemovableByBaseTypeTest" time="0.074"/>
  <system-out><![CDATA[]]></system-out>
  <system-err><![CDATA[]]></system-err>
</testsuite>
