<?xml version="1.0" encoding="UTF-8"?>
<testsuite name="com.dotcms.util.marshal.MarshalUtilsIntegrationTest" tests="1" skipped="0" failures="0" errors="0" timestamp="2023-06-22T23:51:03" hostname="fv-az395-584" time="0.034">
  <properties/>
  <testcase name="marshalSystemEvent" classname="com.dotcms.util.marshal.MarshalUtilsIntegrationTest" time="0.034"/>
  <system-out><![CDATA[


]]></system-out>
  <system-err><![CDATA[]]></system-err>
</testsuite>
