<?xml version="1.0" encoding="UTF-8"?>
<testsuite name="com.dotcms.publisher.util.DependencyManagerTest" tests="6" skipped="0" failures="0" errors="0" timestamp="2023-07-11T00:59:54" hostname="fv-az176-516" time="15.329">
  <properties/>
  <testcase name="test_Sending_Page_as_dependencies_with_PUSH_PUBLISHING_PUSH_ALL_FOLDER_PAGES" classname="com.dotcms.publisher.util.DependencyManagerTest" time="3.858"/>
  <testcase name="test_dependencyManager_shouldIncludeSelfRelationships" classname="com.dotcms.publisher.util.DependencyManagerTest" time="4.173"/>
  <testcase name="test_Page_with_FileTemplateDesign_as_Dependencies" classname="com.dotcms.publisher.util.DependencyManagerTest" time="1.244"/>
  <testcase name="test_Page_with_FileContainer_as_Dependencies" classname="com.dotcms.publisher.util.DependencyManagerTest" time="0.978"/>
  <testcase name="test_Page_with_FileTemplateAdvanced_as_Dependencies" classname="com.dotcms.publisher.util.DependencyManagerTest" time="1.074"/>
  <testcase name="test_dependencyManager_shouldIncludeRelationships" classname="com.dotcms.publisher.util.DependencyManagerTest" time="4.0"/>
  <system-out><![CDATA[]]></system-out>
  <system-err><![CDATA[]]></system-err>
</testsuite>
