<?xml version="1.0" encoding="UTF-8"?>
<testsuite name="com.dotcms.rest.api.v1.vtl.VTLResourceIntegrationTest" tests="6" skipped="0" failures="0" errors="0" timestamp="2023-06-23T17:59:23" hostname="fv-az592-477" time="11.363">
  <properties/>
  <testcase name="testGet[0: com.dotcms.rest.api.v1.vtl.VTLResourceTestCase@394a6a01]" classname="com.dotcms.rest.api.v1.vtl.VTLResourceIntegrationTest" time="2.696"/>
  <testcase name="testGet[1: com.dotcms.rest.api.v1.vtl.VTLResourceTestCase@d2d7297]" classname="com.dotcms.rest.api.v1.vtl.VTLResourceIntegrationTest" time="1.536"/>
  <testcase name="testGet[2: com.dotcms.rest.api.v1.vtl.VTLResourceTestCase@1e3b2bb7]" classname="com.dotcms.rest.api.v1.vtl.VTLResourceIntegrationTest" time="1.135"/>
  <testcase name="testGet[3: com.dotcms.rest.api.v1.vtl.VTLResourceTestCase@1a250d4]" classname="com.dotcms.rest.api.v1.vtl.VTLResourceIntegrationTest" time="2.145"/>
  <testcase name="testGet[4: com.dotcms.rest.api.v1.vtl.VTLResourceTestCase@6bd22883]" classname="com.dotcms.rest.api.v1.vtl.VTLResourceIntegrationTest" time="1.765"/>
  <testcase name="testGet[5: com.dotcms.rest.api.v1.vtl.VTLResourceTestCase@d0d56a4]" classname="com.dotcms.rest.api.v1.vtl.VTLResourceIntegrationTest" time="2.086"/>
  <system-out><![CDATA[]]></system-out>
  <system-err><![CDATA[]]></system-err>
</testsuite>
