<?xml version="1.0" encoding="UTF-8"?>
<testsuite name="com.dotcms.rest.TagResourceIntegrationTest" tests="4" skipped="0" failures="0" errors="0" timestamp="2023-07-13T22:46:37" hostname="fv-az717-983" time="0.297">
  <properties/>
  <testcase name="testList[0: com.dotcms.rest.TagResourceTestCase@3f2e6458]" classname="com.dotcms.rest.TagResourceIntegrationTest" time="0.234"/>
  <testcase name="testList[1: com.dotcms.rest.TagResourceTestCase@3f3826da]" classname="com.dotcms.rest.TagResourceIntegrationTest" time="0.022"/>
  <testcase name="testList[2: com.dotcms.rest.TagResourceTestCase@2b1ebeef]" classname="com.dotcms.rest.TagResourceIntegrationTest" time="0.018"/>
  <testcase name="testList[3: com.dotcms.rest.TagResourceTestCase@52367d23]" classname="com.dotcms.rest.TagResourceIntegrationTest" time="0.022"/>
  <system-out><![CDATA[]]></system-out>
  <system-err><![CDATA[Jul 13, 2023 10:46:37 PM com.dotcms.repackage.org.hibernate.validator.internal.util.Version <clinit>
INFO: HV000001: Hibernate Validator 4.3.2.Final
]]></system-err>
</testsuite>
