<?xml version="1.0" encoding="UTF-8"?>
<testsuite name="com.dotmarketing.startup.runonce.Task220606UpdatePushNowActionletNameTest" tests="1" skipped="0" failures="0" errors="0" timestamp="2023-06-27T21:24:30" hostname="fv-az166-290" time="0.01">
  <properties/>
  <testcase name="Test_Execute_Upgrade" classname="com.dotmarketing.startup.runonce.Task220606UpdatePushNowActionletNameTest" time="0.01"/>
  <system-out><![CDATA[]]></system-out>
  <system-err><![CDATA[]]></system-err>
</testsuite>
