<?xml version="1.0" encoding="UTF-8"?>
<testsuite name="com.dotcms.integritycheckers.IntegrityUtilTest" tests="7" skipped="0" failures="0" errors="0" timestamp="2023-07-13T22:59:14" hostname="fv-az166-219" time="8.176">
  <properties/>
  <testcase name="folderWithConflicts[0: true]" classname="com.dotcms.integritycheckers.IntegrityUtilTest" time="0.781"/>
  <testcase name="folderWithConflicts[1: false]" classname="com.dotcms.integritycheckers.IntegrityUtilTest" time="1.02"/>
  <testcase name="contentTypeWithConflicts" classname="com.dotcms.integritycheckers.IntegrityUtilTest" time="0.064"/>
  <testcase name="contentFileWithConflicts" classname="com.dotcms.integritycheckers.IntegrityUtilTest" time="2.077"/>
  <testcase name="hostFileWithConflicts" classname="com.dotcms.integritycheckers.IntegrityUtilTest" time="1.997"/>
  <testcase name="roleFileWithConflicts" classname="com.dotcms.integritycheckers.IntegrityUtilTest" time="0.067"/>
  <testcase name="pageFileWithConflicts" classname="com.dotcms.integritycheckers.IntegrityUtilTest" time="2.17"/>
  <system-out><![CDATA[]]></system-out>
  <system-err><![CDATA[]]></system-err>
</testsuite>
