<?xml version="1.0" encoding="UTF-8"?>
<testsuite name="com.dotcms.publishing.PublisherAPIImplTest" tests="24" skipped="0" failures="0" errors="0" timestamp="2023-07-13T18:04:47" hostname="fv-az254-636" time="5.863">
  <properties/>
  <testcase name="AddAllCategoryIntoBundle" classname="com.dotcms.publishing.PublisherAPIImplTest" time="0.238"/>
  <testcase name="testFilterDescriptors" classname="com.dotcms.publishing.PublisherAPIImplTest" time="0.126"/>
  <testcase name="sendPushPublishBundle[0: com.dotcms.publishing.PublisherAPIImplTest$TestAsset@1e2f29dd]" classname="com.dotcms.publishing.PublisherAPIImplTest" time="1.641"/>
  <testcase name="sendPushPublishBundle[1: com.dotcms.publishing.PublisherAPIImplTest$TestAsset@33bdd72a]" classname="com.dotcms.publishing.PublisherAPIImplTest" time="0.256"/>
  <testcase name="sendPushPublishBundle[2: com.dotcms.publishing.PublisherAPIImplTest$TestAsset@5cd2e379]" classname="com.dotcms.publishing.PublisherAPIImplTest" time="0.222"/>
  <testcase name="sendPushPublishBundle[3: com.dotcms.publishing.PublisherAPIImplTest$TestAsset@64e6589]" classname="com.dotcms.publishing.PublisherAPIImplTest" time="0.45"/>
  <testcase name="sendPushPublishBundle[4: com.dotcms.publishing.PublisherAPIImplTest$TestAsset@61c8d55c]" classname="com.dotcms.publishing.PublisherAPIImplTest" time="0.345"/>
  <testcase name="sendPushPublishBundle[5: com.dotcms.publishing.PublisherAPIImplTest$TestAsset@3c915ac8]" classname="com.dotcms.publishing.PublisherAPIImplTest" time="0.234"/>
  <testcase name="sendPushPublishBundle[6: com.dotcms.publishing.PublisherAPIImplTest$TestAsset@7713bf08]" classname="com.dotcms.publishing.PublisherAPIImplTest" time="0.191"/>
  <testcase name="sendPushPublishBundle[7: com.dotcms.publishing.PublisherAPIImplTest$TestAsset@284fe4e]" classname="com.dotcms.publishing.PublisherAPIImplTest" time="0.166"/>
  <testcase name="sendPushPublishBundle[8: com.dotcms.publishing.PublisherAPIImplTest$TestAsset@25c1b977]" classname="com.dotcms.publishing.PublisherAPIImplTest" time="0.134"/>
  <testcase name="sendPushPublishBundle[9: com.dotcms.publishing.PublisherAPIImplTest$TestAsset@1330f01d]" classname="com.dotcms.publishing.PublisherAPIImplTest" time="0.266"/>
  <testcase name="sendPushPublishBundle[10: com.dotcms.publishing.PublisherAPIImplTest$TestAsset@7931e68c]" classname="com.dotcms.publishing.PublisherAPIImplTest" time="0.122"/>
  <testcase name="generateBundle[0: com.dotcms.publishing.PublisherAPIImplTest$TestAsset@1e2f29dd]" classname="com.dotcms.publishing.PublisherAPIImplTest" time="0.14"/>
  <testcase name="generateBundle[1: com.dotcms.publishing.PublisherAPIImplTest$TestAsset@33bdd72a]" classname="com.dotcms.publishing.PublisherAPIImplTest" time="0.131"/>
  <testcase name="generateBundle[2: com.dotcms.publishing.PublisherAPIImplTest$TestAsset@5cd2e379]" classname="com.dotcms.publishing.PublisherAPIImplTest" time="0.226"/>
  <testcase name="generateBundle[3: com.dotcms.publishing.PublisherAPIImplTest$TestAsset@64e6589]" classname="com.dotcms.publishing.PublisherAPIImplTest" time="0.205"/>
  <testcase name="generateBundle[4: com.dotcms.publishing.PublisherAPIImplTest$TestAsset@61c8d55c]" classname="com.dotcms.publishing.PublisherAPIImplTest" time="0.188"/>
  <testcase name="generateBundle[5: com.dotcms.publishing.PublisherAPIImplTest$TestAsset@3c915ac8]" classname="com.dotcms.publishing.PublisherAPIImplTest" time="0.124"/>
  <testcase name="generateBundle[6: com.dotcms.publishing.PublisherAPIImplTest$TestAsset@7713bf08]" classname="com.dotcms.publishing.PublisherAPIImplTest" time="0.107"/>
  <testcase name="generateBundle[7: com.dotcms.publishing.PublisherAPIImplTest$TestAsset@284fe4e]" classname="com.dotcms.publishing.PublisherAPIImplTest" time="0.102"/>
  <testcase name="generateBundle[8: com.dotcms.publishing.PublisherAPIImplTest$TestAsset@25c1b977]" classname="com.dotcms.publishing.PublisherAPIImplTest" time="0.075"/>
  <testcase name="generateBundle[9: com.dotcms.publishing.PublisherAPIImplTest$TestAsset@1330f01d]" classname="com.dotcms.publishing.PublisherAPIImplTest" time="0.142"/>
  <testcase name="generateBundle[10: com.dotcms.publishing.PublisherAPIImplTest$TestAsset@7931e68c]" classname="com.dotcms.publishing.PublisherAPIImplTest" time="0.018"/>
  <system-out><![CDATA[









































































































































































]]></system-out>
  <system-err><![CDATA[]]></system-err>
</testsuite>
