<?xml version="1.0" encoding="UTF-8"?>
<testsuite name="com.dotmarketing.business.DeterministicIdentifierAPITest" tests="16" skipped="0" failures="0" errors="0" timestamp="2023-07-18T23:03:15" hostname="fv-az247-820" time="1.348">
  <properties/>
  <testcase name="Test_Category_Path_Seed_And_Id" classname="com.dotmarketing.business.DeterministicIdentifierAPITest" time="0.027"/>
  <testcase name="Test_Language_Deterministic_Id[0: LanguageTestCase{expectedSeed='Language:es:US', expectedHash=4913155, langCode='es', countryCode='US', country='United States'}]" classname="com.dotmarketing.business.DeterministicIdentifierAPITest" time="0.001"/>
  <testcase name="Test_Language_Deterministic_Id[1: LanguageTestCase{expectedSeed='Language:ep:', expectedHash=5292269, langCode='ep', countryCode='', country=''}]" classname="com.dotmarketing.business.DeterministicIdentifierAPITest" time="0.002"/>
  <testcase name="Test_Language_Deterministic_Id[2: LanguageTestCase{expectedSeed='Language:sg:SAG', expectedHash=4713118, langCode='sg', countryCode='SAG', country=''}]" classname="com.dotmarketing.business.DeterministicIdentifierAPITest" time="0.001"/>
  <testcase name="Test_Language_Deterministic_Id[3: LanguageTestCase{expectedSeed='Language:en:NZ', expectedHash=5382528, langCode='en', countryCode='NZ', country='New Zealand'}]" classname="com.dotmarketing.business.DeterministicIdentifierAPITest" time="0.002"/>
  <testcase name="Test_Category_None_Persisted_Category_Should_Return_Deterministic_Id" classname="com.dotmarketing.business.DeterministicIdentifierAPITest" time="0.002"/>
  <testcase name="Test_Asset_Generate_Deterministic_Id_Best_Effort[0: TestCase{versionable=my.host1689720970100.com, parent=System Host, expectedName='my.host1689720970100.com', expectedType='Host'}]" classname="com.dotmarketing.business.DeterministicIdentifierAPITest" time="0.004"/>
  <testcase name="Test_Asset_Generate_Deterministic_Id_Best_Effort[1: TestCase{versionable=com.dotmarketing.portlets.contentlet.model.Contentlet@2e3ed387[map={modDate=2023-07-18 22:56:10.661, fileName=file12373694066471471409.txt, title=file12373694066471471409.txt, inode=e02b1087-c627-477a-a0e9-b40164c33aa3, __IS_NEW_CONTENT__=true, disabledWYSIWYG=[], host=095add4b-080c-4d88-9823-495c4b5a9c6a, stInode=33888b6f-7a8e-4069-b1b6-5c1aa9d0a48d, owner=system, identifier=704d0434-911c-42b8-a076-eb0636ab9ed4, nullProperties=[wfExpireDate, wfPublishDate, wfActionAssign, wfActionId, wfActionComments, filterKey, whereToSend, wfNeverExpire, _path_to_move, timezoneId, iWantTo, wfPublishTime, wfExpireTime], languageId=1, fileAsset=/home/runner/work/core/custom/assets/e/0/e02b1087-c627-477a-a0e9-b40164c33aa3/fileAsset/file12373694066471471409.txt, folder=b6323feb-3552-4c44-8698-bacc8f57e8de, __disable_workflow__=true, sortOrder=0, modUser=system},lowIndexPriority=false,variantId=DEFAULT], parent=com.dotmarketing.portlets.folders.model.Folder@50388f31[identifier=b6323feb-3552-4c44-8698-bacc8f57e8de,name=testName1689720970651,sortOrder=0,showOnMenu=false,hostId=095add4b-080c-4d88-9823-495c4b5a9c6a,type=folder,title=testTitle1689720970651,filesMasks=,defaultFileType=33888b6f-7a8e-4069-b1b6-5c1aa9d0a48d,modDate=2023-07-18 22:56:10.655,owner=&lt;null&gt;,iDate=2023-07-18 22:56:10.655,inode=b6323feb-3552-4c44-8698-bacc8f57e8de,path=/testName1689720970651/], expectedName='file12373694066471471409.txt', expectedType='FileAsset'}]" classname="com.dotmarketing.business.DeterministicIdentifierAPITest" time="0.004"/>
  <testcase name="Test_Asset_Generate_Deterministic_Id_Best_Effort[2: TestCase{versionable=com.dotmarketing.portlets.templates.model.Template@94d0bf2b, parent=my.host1689720970100.com, expectedName='testTitle1689720970806', expectedType='Template'}]" classname="com.dotmarketing.business.DeterministicIdentifierAPITest" time="0.003"/>
  <testcase name="Test_Asset_Generate_Deterministic_Id_Best_Effort[3: TestCase{versionable=com.dotmarketing.portlets.htmlpageasset.model.HTMLPageAsset@5f6af6ee[map={template=d9bd9fb8-7444-4abf-8b57-a344a046a263, owner=system, identifier=a68ec79a-8d24-41f0-ad49-5e52a4052d0b, nullProperties=[wfExpireDate, wfPublishDate, wfActionAssign, wfActionId, wfActionComments, filterKey, whereToSend, wfNeverExpire, _path_to_move, timezoneId, iWantTo, wfPublishTime, wfExpireTime], modDate=2023-07-18 22:56:10.824, cachettl=0, _is_test_mode=true, languageId=1, title=test-page-title-1689720970819, httpsreq=, url=test-page-url-1689720970819, showOnMenu=, inode=b8b7742d-abf6-494b-aaf4-4353011f605b, folder=b6323feb-3552-4c44-8698-bacc8f57e8de, disabledWYSIWYG=[], sortOrder=1, modUser=system, host=095add4b-080c-4d88-9823-495c4b5a9c6a, stInode=c541abb1-69b3-4bc5-8430-5e09e5239cc8, friendlyName=test-page-friendly-name-1689720970819},lowIndexPriority=false,variantId=DEFAULT], parent=com.dotmarketing.portlets.folders.model.Folder@50388f31[identifier=b6323feb-3552-4c44-8698-bacc8f57e8de,name=testName1689720970651,sortOrder=0,showOnMenu=false,hostId=095add4b-080c-4d88-9823-495c4b5a9c6a,type=folder,title=testTitle1689720970651,filesMasks=,defaultFileType=33888b6f-7a8e-4069-b1b6-5c1aa9d0a48d,modDate=2023-07-18 22:56:10.655,owner=&lt;null&gt;,iDate=2023-07-18 22:56:10.655,inode=b6323feb-3552-4c44-8698-bacc8f57e8de,path=/testName1689720970651/], expectedName='test-page-url-1689720970819', expectedType='htmlpageasset'}]" classname="com.dotmarketing.business.DeterministicIdentifierAPITest" time="0.003"/>
  <testcase name="Test_Asset_Generate_Deterministic_Id_Best_Effort[4: TestCase{versionable=com.dotmarketing.portlets.contentlet.model.Contentlet@14da5526[map={fileAsset2=/home/runner/work/core/custom/assets/8/9/89844102-0aac-4b51-8e75-7b140f4c6f61/fileAsset2/test_binary1689720972703.png, modDate=2023-07-18 22:56:12.709, fileAsset1=/home/runner/work/core/custom/assets/8/9/89844102-0aac-4b51-8e75-7b140f4c6f61/fileAsset1/test_binary1689720972703.jpg, title=blah, inode=89844102-0aac-4b51-8e75-7b140f4c6f61, __IS_NEW_CONTENT__=true, disabledWYSIWYG=[], host=48190c8c-42c4-46af-8d1a-0cd5db894797, stInode=17d60ca5-df9d-469a-9b63-54ee6dc30e3b, owner=system, identifier=9d79d1b7-b109-48c4-9e4b-1e8c2e30c066, nullProperties=[], languageId=1, image1=fb839551-4ae7-4ea9-8ead-25886069ba20, folder=SYSTEM_FOLDER, __disable_workflow__=true, sortOrder=0, modUser=system},lowIndexPriority=false,variantId=DEFAULT], parent=demo.dotcms.com, expectedName='test_binary1689720972703.jpg:test_binary1689720972703.png', expectedType='MultipleBinaries1689720971027'}]" classname="com.dotmarketing.business.DeterministicIdentifierAPITest" time="0.004"/>
  <testcase name="Test_Asset_Generate_Deterministic_Id_Best_Effort[5: TestCase{versionable=name6976a13774 : keyTag6976a13774, parent=my.host1689720970100.com, expectedName='keyTag6976a13774', expectedType='persona'}]" classname="com.dotmarketing.business.DeterministicIdentifierAPITest" time="0.003"/>
  <testcase name="Test_Similar_Content_Type_Wont_Clash" classname="com.dotmarketing.business.DeterministicIdentifierAPITest" time="0.589"/>
  <testcase name="Test_Generate_Folder_Identifier" classname="com.dotmarketing.business.DeterministicIdentifierAPITest" time="0.683"/>
  <testcase name="Test_Generate_Content_Type_Identifier[0: ContentTypeTestCase{contentType=KeyValueContentType{name=Language Variable, id=f4d7c1b8-2c88-4071-abf1-a5328977b07d, description=Default Content Type for Language Variables, defaultType=false, fixed=true, iDate=Thu Aug 31 16:38:49 UTC 2017, system=true, versionable=true, variable=Languagevariable, modDate=Tue Jul 18 21:42:55 UTC 2023, host=SYSTEM_HOST, siteName=systemHost, icon=language, sortOrder=0, folder=SYSTEM_FOLDER, folderPath=/, markedForDeletion=true, multilingualable=false}, expectedName='Languagevariable', expectedType='KeyValue'}]" classname="com.dotmarketing.business.DeterministicIdentifierAPITest" time="0.007"/>
  <testcase name="Test_Generate_Content_Type_Identifier[1: ContentTypeTestCase{contentType=SimpleContentType{name=testName1689720973169, id=42678fce-e614-4636-8631-5eac84983e19, description=testDescription1689720973169, defaultType=false, fixed=false, iDate=Tue Jul 18 22:56:13 UTC 2023, system=false, versionable=true, multilingualable=false, variable=testVarname1689720973169, owner=system, modDate=Tue Jul 18 22:56:14 UTC 2023, host=48190c8c-42c4-46af-8d1a-0cd5db894797, siteName=demo.dotcms.com, icon=event_note, sortOrder=0, folder=SYSTEM_FOLDER, folderPath=/, requiredFields=[], markedForDeletion=false}, expectedName='testVarname1689720973169', expectedType='CONTENT'}]" classname="com.dotmarketing.business.DeterministicIdentifierAPITest" time="0.007"/>
  <system-out><![CDATA[]]></system-out>
  <system-err><![CDATA[]]></system-err>
</testsuite>
