<?xml version="1.0" encoding="UTF-8"?>
<testsuite name="com.dotmarketing.portlets.linkchecker.business.LinkCheckerAPITest" tests="1" skipped="0" failures="0" errors="0" timestamp="2023-07-20T07:54:18" hostname="fv-az313-957" time="3.85">
  <properties/>
  <testcase name="findInvalidLinks" classname="com.dotmarketing.portlets.linkchecker.business.LinkCheckerAPITest" time="3.85"/>
  <system-out><![CDATA[



]]></system-out>
  <system-err><![CDATA[]]></system-err>
</testsuite>
