<?xml version="1.0" encoding="UTF-8"?>
<testsuite name="com.dotcms.rest.elasticsearch.ESContentResourcePortletTest" tests="8" skipped="0" failures="0" errors="0" timestamp="2023-06-27T18:55:55" hostname="fv-az451-154" time="8.491">
  <properties/>
  <testcase name="test_search_includeGrandChildCategory_success" classname="com.dotcms.rest.elasticsearch.ESContentResourcePortletTest" time="1.294"/>
  <testcase name="testSearch[0: com.dotcms.rest.elasticsearch.ESContentResourcePortletTest$TestCase@5f580747]" classname="com.dotcms.rest.elasticsearch.ESContentResourcePortletTest" time="0.846"/>
  <testcase name="testSearch[1: com.dotcms.rest.elasticsearch.ESContentResourcePortletTest$TestCase@27cbb051]" classname="com.dotcms.rest.elasticsearch.ESContentResourcePortletTest" time="1.271"/>
  <testcase name="testSearch[2: com.dotcms.rest.elasticsearch.ESContentResourcePortletTest$TestCase@7f257dc4]" classname="com.dotcms.rest.elasticsearch.ESContentResourcePortletTest" time="0.914"/>
  <testcase name="testSearch[3: com.dotcms.rest.elasticsearch.ESContentResourcePortletTest$TestCase@5f83e3d]" classname="com.dotcms.rest.elasticsearch.ESContentResourcePortletTest" time="1.243"/>
  <testcase name="testSearch[4: com.dotcms.rest.elasticsearch.ESContentResourcePortletTest$TestCase@1a0563fa]" classname="com.dotcms.rest.elasticsearch.ESContentResourcePortletTest" time="1.263"/>
  <testcase name="testSearch[5: com.dotcms.rest.elasticsearch.ESContentResourcePortletTest$TestCase@60b601d3]" classname="com.dotcms.rest.elasticsearch.ESContentResourcePortletTest" time="0.839"/>
  <testcase name="testSearch[6: com.dotcms.rest.elasticsearch.ESContentResourcePortletTest$TestCase@34a99b5c]" classname="com.dotcms.rest.elasticsearch.ESContentResourcePortletTest" time="0.82"/>
  <system-out><![CDATA[]]></system-out>
  <system-err><![CDATA[]]></system-err>
</testsuite>
