<?xml version="1.0" encoding="UTF-8"?>
<testsuite name="com.dotcms.variant.business.VariantCacheTest" tests="6" skipped="0" failures="0" errors="0" timestamp="2023-06-30T02:20:41" hostname="fv-az343-533" time="0.013">
  <properties/>
  <testcase name="remove" classname="com.dotcms.variant.business.VariantCacheTest" time="0.004"/>
  <testcase name="putVariantByName" classname="com.dotcms.variant.business.VariantCacheTest" time="0.002"/>
  <testcase name="getVariantByNameNotExists" classname="com.dotcms.variant.business.VariantCacheTest" time="0.001"/>
  <testcase name="clear" classname="com.dotcms.variant.business.VariantCacheTest" time="0.003"/>
  <testcase name="getVariantByNameWithNull" classname="com.dotcms.variant.business.VariantCacheTest" time="0.001"/>
  <testcase name="getVariantByName" classname="com.dotcms.variant.business.VariantCacheTest" time="0.002"/>
  <system-out><![CDATA[]]></system-out>
  <system-err><![CDATA[]]></system-err>
</testsuite>
