<?xml version="1.0" encoding="UTF-8"?>
<testsuite name="com.dotcms.security.multipart.SecureFileValidatorTest" tests="3" skipped="0" failures="0" errors="0" timestamp="2023-07-15T00:12:50" hostname="fv-az343-544" time="0.005">
  <properties/>
  <testcase name="Test_Validate_Illegal_Path_ext" classname="com.dotcms.security.multipart.SecureFileValidatorTest" time="0.003"/>
  <testcase name="Test_Validate_happy_path" classname="com.dotcms.security.multipart.SecureFileValidatorTest" time="0.001"/>
  <testcase name="Test_Validate_Illegal_File_ext" classname="com.dotcms.security.multipart.SecureFileValidatorTest" time="0.001"/>
  <system-out><![CDATA[]]></system-out>
  <system-err><![CDATA[]]></system-err>
</testsuite>
