<?xml version="1.0" encoding="UTF-8"?>
<testsuite name="com.dotmarketing.util.contentlet.pagination.PaginatedContentletsIntegrationTest" tests="5" skipped="0" failures="0" errors="0" timestamp="2023-07-06T22:37:11" hostname="fv-az987-876" time="10.218">
  <properties/>
  <testcase name="remove" classname="com.dotmarketing.util.contentlet.pagination.PaginatedContentletsIntegrationTest" time="2.076"/>
  <testcase name="getContentletWithNone" classname="com.dotmarketing.util.contentlet.pagination.PaginatedContentletsIntegrationTest" time="1.954"/>
  <testcase name="getContentletWithoutReallyPagination" classname="com.dotmarketing.util.contentlet.pagination.PaginatedContentletsIntegrationTest" time="2.015"/>
  <testcase name="getContentletWithReallyPagination" classname="com.dotmarketing.util.contentlet.pagination.PaginatedContentletsIntegrationTest" time="2.067"/>
  <testcase name="getContentletWithReallyPaginationAndMock" classname="com.dotmarketing.util.contentlet.pagination.PaginatedContentletsIntegrationTest" time="2.106"/>
  <system-out><![CDATA[]]></system-out>
  <system-err><![CDATA[]]></system-err>
</testsuite>
