<?xml version="1.0" encoding="UTF-8"?>
<testsuite name="com.dotcms.rendering.velocity.viewtools.content.ContentToolTest" tests="18" skipped="0" failures="0" errors="0" timestamp="2023-06-24T02:36:41" hostname="fv-az1128-296" time="55.891">
  <properties/>
  <testcase name="whenTheTimeMachineDateIsNullAndPublishDateInFutureShouldNotReturnAnything" classname="com.dotcms.rendering.velocity.viewtools.content.ContentToolTest" time="3.06"/>
  <testcase name="whenTheTimeMachineDateAndPublishDateAreTomorrowShouldReturnOneContent" classname="com.dotcms.rendering.velocity.viewtools.content.ContentToolTest" time="3.071"/>
  <testcase name="testPullRelated_MultiLangContent" classname="com.dotcms.rendering.velocity.viewtools.content.ContentToolTest" time="9.154"/>
  <testcase name="testPullRelated" classname="com.dotcms.rendering.velocity.viewtools.content.ContentToolTest" time="7.078"/>
  <testcase name="whenPublishAndExpireDatesAreInTheFutureAndTimeMachineIsAfterBoth" classname="com.dotcms.rendering.velocity.viewtools.content.ContentToolTest" time="3.068"/>
  <testcase name="testPullRelatedField_whenInvalidFieldIsSent_throwsAnException" classname="com.dotcms.rendering.velocity.viewtools.content.ContentToolTest" time="0.335"/>
  <testcase name="whenTheTimeMachineDateIsAfterTomorrowAndExpireDateIsTomorrowShouldNotReturnContent" classname="com.dotcms.rendering.velocity.viewtools.content.ContentToolTest" time="3.141"/>
  <testcase name="testPullRelatedContent_whenRelationshipFieldExists[0: com.dotcms.rendering.velocity.viewtools.content.ContentToolTest$TestCase@7db31feb]" classname="com.dotcms.rendering.velocity.viewtools.content.ContentToolTest" time="0.614"/>
  <testcase name="testPullRelatedContent_whenRelationshipFieldExists[1: com.dotcms.rendering.velocity.viewtools.content.ContentToolTest$TestCase@12ac9abb]" classname="com.dotcms.rendering.velocity.viewtools.content.ContentToolTest" time="0.714"/>
  <testcase name="testPullRelatedContent_whenRelationshipFieldExists[2: com.dotcms.rendering.velocity.viewtools.content.ContentToolTest$TestCase@2771b45b]" classname="com.dotcms.rendering.velocity.viewtools.content.ContentToolTest" time="0.682"/>
  <testcase name="testPullRelatedContent_whenRelationshipFieldExists[3: com.dotcms.rendering.velocity.viewtools.content.ContentToolTest$TestCase@38dbe767]" classname="com.dotcms.rendering.velocity.viewtools.content.ContentToolTest" time="0.628"/>
  <testcase name="testPullRelatedContent_whenRelationshipFieldExists[4: com.dotcms.rendering.velocity.viewtools.content.ContentToolTest$TestCase@5d72ebd0]" classname="com.dotcms.rendering.velocity.viewtools.content.ContentToolTest" time="0.658"/>
  <testcase name="testPullRelatedContent_whenRelationshipFieldExists[5: com.dotcms.rendering.velocity.viewtools.content.ContentToolTest$TestCase@2bfdcb87]" classname="com.dotcms.rendering.velocity.viewtools.content.ContentToolTest" time="0.667"/>
  <testcase name="testPullRelatedField_success" classname="com.dotcms.rendering.velocity.viewtools.content.ContentToolTest" time="4.636"/>
  <testcase name="testPullRelatedParentContentTypeInLiveMode" classname="com.dotcms.rendering.velocity.viewtools.content.ContentToolTest" time="6.212"/>
  <testcase name="testPullMultiLanguage" classname="com.dotcms.rendering.velocity.viewtools.content.ContentToolTest" time="3.173"/>
  <testcase name="whenTheTimeMachineDateIsAfterTomorrowAndExpireDateIsInFutureShouldReturnContent" classname="com.dotcms.rendering.velocity.viewtools.content.ContentToolTest" time="3.093"/>
  <testcase name="testPullRelatedParentContentType" classname="com.dotcms.rendering.velocity.viewtools.content.ContentToolTest" time="5.905"/>
  <system-out><![CDATA[]]></system-out>
  <system-err><![CDATA[]]></system-err>
</testsuite>
