<?xml version="1.0" encoding="UTF-8"?>
<testsuite name="com.dotmarketing.quartz.job.CleanUpFieldReferencesJobTest" tests="4" skipped="0" failures="0" errors="0" timestamp="2023-07-18T22:08:10" hostname="fv-az749-132" time="5.204">
  <properties/>
  <testcase name="testCleanUpFieldJob[0: TestCase{name='checkboxFieldVarName', fieldValue=CA, values='Canada|CA\r\nMexico|MX\r\nUSA|US', fieldType=class com.dotcms.contenttype.model.field.CheckboxField, isJsonFields=false}]" classname="com.dotmarketing.quartz.job.CleanUpFieldReferencesJobTest" time="1.291"/>
  <testcase name="testCleanUpFieldJob[1: TestCase{name='dateTimeFieldVarName', fieldValue=Mon Jul 17 21:38:59 UTC 2023, values='null', fieldType=class com.dotcms.contenttype.model.field.DateTimeField, isJsonFields=false}]" classname="com.dotmarketing.quartz.job.CleanUpFieldReferencesJobTest" time="1.242"/>
  <testcase name="testCleanUpFieldJob[2: TestCase{name='checkboxFieldVarName', fieldValue=CA, values='Canada|CA\r\nMexico|MX\r\nUSA|US', fieldType=class com.dotcms.contenttype.model.field.CheckboxField, isJsonFields=true}]" classname="com.dotmarketing.quartz.job.CleanUpFieldReferencesJobTest" time="1.421"/>
  <testcase name="testCleanUpFieldJob[3: TestCase{name='dateTimeFieldVarName', fieldValue=null, values='null', fieldType=class com.dotcms.contenttype.model.field.DateTimeField, isJsonFields=true}]" classname="com.dotmarketing.quartz.job.CleanUpFieldReferencesJobTest" time="1.25"/>
  <system-out><![CDATA[]]></system-out>
  <system-err><![CDATA[]]></system-err>
</testsuite>
