<?xml version="1.0" encoding="UTF-8"?>
<testsuite name="com.dotmarketing.portlets.structure.model.ContentletRelationshipsTest" tests="7" skipped="0" failures="0" errors="0" timestamp="2023-06-29T18:36:15" hostname="fv-az417-420" time="8.48">
  <properties/>
  <testcase name="testDoesAllowOnlyOne[0: com.dotmarketing.portlets.structure.model.ContentletRelationshipsTest$CardinalityTestCase@5360dc1c]" classname="com.dotmarketing.portlets.structure.model.ContentletRelationshipsTest" time="0.401"/>
  <testcase name="testDoesAllowOnlyOne[1: com.dotmarketing.portlets.structure.model.ContentletRelationshipsTest$CardinalityTestCase@3677df49]" classname="com.dotmarketing.portlets.structure.model.ContentletRelationshipsTest" time="0.435"/>
  <testcase name="testDoesAllowOnlyOne[2: com.dotmarketing.portlets.structure.model.ContentletRelationshipsTest$CardinalityTestCase@627e3acb]" classname="com.dotmarketing.portlets.structure.model.ContentletRelationshipsTest" time="0.385"/>
  <testcase name="testGetRelationshipRecords[0: com.dotmarketing.portlets.structure.model.ContentletRelationshipsTest$TestCase@1eb8f3a1]" classname="com.dotmarketing.portlets.structure.model.ContentletRelationshipsTest" time="2.031"/>
  <testcase name="testGetRelationshipRecords[1: com.dotmarketing.portlets.structure.model.ContentletRelationshipsTest$TestCase@4b6d5c56]" classname="com.dotmarketing.portlets.structure.model.ContentletRelationshipsTest" time="1.815"/>
  <testcase name="testGetRelationshipRecords[2: com.dotmarketing.portlets.structure.model.ContentletRelationshipsTest$TestCase@43685fe5]" classname="com.dotmarketing.portlets.structure.model.ContentletRelationshipsTest" time="1.692"/>
  <testcase name="testGetRelationshipRecords[3: com.dotmarketing.portlets.structure.model.ContentletRelationshipsTest$TestCase@50539d21]" classname="com.dotmarketing.portlets.structure.model.ContentletRelationshipsTest" time="1.72"/>
  <system-out><![CDATA[]]></system-out>
  <system-err><![CDATA[]]></system-err>
</testsuite>
