<?xml version="1.0" encoding="UTF-8"?>
<testsuite name="com.dotcms.content.elasticsearch.business.ESIndexSpeedTest" tests="2" skipped="0" failures="0" errors="0" timestamp="2023-06-30T20:59:48" hostname="fv-az455-320" time="4.407">
  <properties/>
  <testcase name="callIndexSearch10k" classname="com.dotcms.content.elasticsearch.business.ESIndexSpeedTest" time="2.318"/>
  <testcase name="callCount10k" classname="com.dotcms.content.elasticsearch.business.ESIndexSpeedTest" time="2.089"/>
  <system-out><![CDATA[]]></system-out>
  <system-err><![CDATA[]]></system-err>
</testsuite>
