<?xml version="1.0" encoding="UTF-8"?>
<testsuite name="com.dotmarketing.startup.runonce.Task220825MakeSomeSystemFieldsRemovableTest" tests="1" skipped="0" failures="0" errors="0" timestamp="2023-07-10T17:14:02" hostname="fv-az450-691" time="0.031">
  <properties/>
  <testcase name="testExecuteUpgrade" classname="com.dotmarketing.startup.runonce.Task220825MakeSomeSystemFieldsRemovableTest" time="0.031"/>
  <system-out><![CDATA[]]></system-out>
  <system-err><![CDATA[]]></system-err>
</testsuite>
