<?xml version="1.0" encoding="UTF-8"?>
<testsuite name="com.dotcms.rest.api.v1.vtl.VTLResourceIntegrationTest" tests="6" skipped="0" failures="0" errors="0" timestamp="2023-07-07T17:20:32" hostname="fv-az617-548" time="12.148">
  <properties/>
  <testcase name="testGet[0: com.dotcms.rest.api.v1.vtl.VTLResourceTestCase@5262bfd2]" classname="com.dotcms.rest.api.v1.vtl.VTLResourceIntegrationTest" time="2.278"/>
  <testcase name="testGet[1: com.dotcms.rest.api.v1.vtl.VTLResourceTestCase@23226fdc]" classname="com.dotcms.rest.api.v1.vtl.VTLResourceIntegrationTest" time="1.782"/>
  <testcase name="testGet[2: com.dotcms.rest.api.v1.vtl.VTLResourceTestCase@494ad735]" classname="com.dotcms.rest.api.v1.vtl.VTLResourceIntegrationTest" time="2.135"/>
  <testcase name="testGet[3: com.dotcms.rest.api.v1.vtl.VTLResourceTestCase@451275e2]" classname="com.dotcms.rest.api.v1.vtl.VTLResourceIntegrationTest" time="2.051"/>
  <testcase name="testGet[4: com.dotcms.rest.api.v1.vtl.VTLResourceTestCase@2c9debd]" classname="com.dotcms.rest.api.v1.vtl.VTLResourceIntegrationTest" time="1.831"/>
  <testcase name="testGet[5: com.dotcms.rest.api.v1.vtl.VTLResourceTestCase@32a51db7]" classname="com.dotcms.rest.api.v1.vtl.VTLResourceIntegrationTest" time="2.071"/>
  <system-out><![CDATA[]]></system-out>
  <system-err><![CDATA[]]></system-err>
</testsuite>
