<?xml version="1.0" encoding="UTF-8"?>
<testsuite name="com.dotcms.publishing.PublisherAPIImplTest" tests="24" skipped="0" failures="0" errors="0" timestamp="2023-07-18T17:30:44" hostname="fv-az803-421" time="6.516">
  <properties/>
  <testcase name="AddAllCategoryIntoBundle" classname="com.dotcms.publishing.PublisherAPIImplTest" time="0.318"/>
  <testcase name="testFilterDescriptors" classname="com.dotcms.publishing.PublisherAPIImplTest" time="0.177"/>
  <testcase name="sendPushPublishBundle[0: com.dotcms.publishing.PublisherAPIImplTest$TestAsset@7795f264]" classname="com.dotcms.publishing.PublisherAPIImplTest" time="1.737"/>
  <testcase name="sendPushPublishBundle[1: com.dotcms.publishing.PublisherAPIImplTest$TestAsset@664fe277]" classname="com.dotcms.publishing.PublisherAPIImplTest" time="0.326"/>
  <testcase name="sendPushPublishBundle[2: com.dotcms.publishing.PublisherAPIImplTest$TestAsset@4229eab]" classname="com.dotcms.publishing.PublisherAPIImplTest" time="0.356"/>
  <testcase name="sendPushPublishBundle[3: com.dotcms.publishing.PublisherAPIImplTest$TestAsset@30e4c803]" classname="com.dotcms.publishing.PublisherAPIImplTest" time="0.615"/>
  <testcase name="sendPushPublishBundle[4: com.dotcms.publishing.PublisherAPIImplTest$TestAsset@68ba0aa9]" classname="com.dotcms.publishing.PublisherAPIImplTest" time="0.27"/>
  <testcase name="sendPushPublishBundle[5: com.dotcms.publishing.PublisherAPIImplTest$TestAsset@717f1193]" classname="com.dotcms.publishing.PublisherAPIImplTest" time="0.194"/>
  <testcase name="sendPushPublishBundle[6: com.dotcms.publishing.PublisherAPIImplTest$TestAsset@61b80ed1]" classname="com.dotcms.publishing.PublisherAPIImplTest" time="0.219"/>
  <testcase name="sendPushPublishBundle[7: com.dotcms.publishing.PublisherAPIImplTest$TestAsset@778a7635]" classname="com.dotcms.publishing.PublisherAPIImplTest" time="0.242"/>
  <testcase name="sendPushPublishBundle[8: com.dotcms.publishing.PublisherAPIImplTest$TestAsset@4f5dc52f]" classname="com.dotcms.publishing.PublisherAPIImplTest" time="0.288"/>
  <testcase name="sendPushPublishBundle[9: com.dotcms.publishing.PublisherAPIImplTest$TestAsset@4627a6de]" classname="com.dotcms.publishing.PublisherAPIImplTest" time="0.309"/>
  <testcase name="sendPushPublishBundle[10: com.dotcms.publishing.PublisherAPIImplTest$TestAsset@6748e64d]" classname="com.dotcms.publishing.PublisherAPIImplTest" time="0.102"/>
  <testcase name="generateBundle[0: com.dotcms.publishing.PublisherAPIImplTest$TestAsset@7795f264]" classname="com.dotcms.publishing.PublisherAPIImplTest" time="0.118"/>
  <testcase name="generateBundle[1: com.dotcms.publishing.PublisherAPIImplTest$TestAsset@664fe277]" classname="com.dotcms.publishing.PublisherAPIImplTest" time="0.1"/>
  <testcase name="generateBundle[2: com.dotcms.publishing.PublisherAPIImplTest$TestAsset@4229eab]" classname="com.dotcms.publishing.PublisherAPIImplTest" time="0.088"/>
  <testcase name="generateBundle[3: com.dotcms.publishing.PublisherAPIImplTest$TestAsset@30e4c803]" classname="com.dotcms.publishing.PublisherAPIImplTest" time="0.171"/>
  <testcase name="generateBundle[4: com.dotcms.publishing.PublisherAPIImplTest$TestAsset@68ba0aa9]" classname="com.dotcms.publishing.PublisherAPIImplTest" time="0.209"/>
  <testcase name="generateBundle[5: com.dotcms.publishing.PublisherAPIImplTest$TestAsset@717f1193]" classname="com.dotcms.publishing.PublisherAPIImplTest" time="0.152"/>
  <testcase name="generateBundle[6: com.dotcms.publishing.PublisherAPIImplTest$TestAsset@61b80ed1]" classname="com.dotcms.publishing.PublisherAPIImplTest" time="0.141"/>
  <testcase name="generateBundle[7: com.dotcms.publishing.PublisherAPIImplTest$TestAsset@778a7635]" classname="com.dotcms.publishing.PublisherAPIImplTest" time="0.155"/>
  <testcase name="generateBundle[8: com.dotcms.publishing.PublisherAPIImplTest$TestAsset@4f5dc52f]" classname="com.dotcms.publishing.PublisherAPIImplTest" time="0.045"/>
  <testcase name="generateBundle[9: com.dotcms.publishing.PublisherAPIImplTest$TestAsset@4627a6de]" classname="com.dotcms.publishing.PublisherAPIImplTest" time="0.146"/>
  <testcase name="generateBundle[10: com.dotcms.publishing.PublisherAPIImplTest$TestAsset@6748e64d]" classname="com.dotcms.publishing.PublisherAPIImplTest" time="0.029"/>
  <system-out><![CDATA[









































































































































































]]></system-out>
  <system-err><![CDATA[]]></system-err>
</testsuite>
