<?xml version="1.0" encoding="UTF-8"?>
<testsuite name="com.dotcms.rest.api.v1.container.ContainerResourceIntegrationTest" tests="3" skipped="0" failures="0" errors="0" timestamp="2023-07-18T18:18:06" hostname="fv-az351-382" time="0.036">
  <properties/>
  <testcase name="test_renderFormIntoContainer_WhenContainerIDThrowDataSecurityException" classname="com.dotcms.rest.api.v1.container.ContainerResourceIntegrationTest" time="0.007"/>
  <testcase name="test_renderFormIntoContainer" classname="com.dotcms.rest.api.v1.container.ContainerResourceIntegrationTest" time="0.025"/>
  <testcase name="test_renderFormIntoContainer_WhenContentMergeThrowDotParserException" classname="com.dotcms.rest.api.v1.container.ContainerResourceIntegrationTest" time="0.004"/>
  <system-out><![CDATA[]]></system-out>
  <system-err><![CDATA[]]></system-err>
</testsuite>
