<?xml version="1.0" encoding="UTF-8"?>
<testsuite name="com.dotcms.content.elasticsearch.business.ESIndexAPITest" tests="10" skipped="0" failures="0" errors="0" timestamp="2023-06-30T21:26:50" hostname="fv-az248-258" time="28.625">
  <properties/>
  <testcase name="testGetClusterStatsWhenStatsTypeIsLongShouldPass" classname="com.dotcms.content.elasticsearch.business.ESIndexAPITest" time="0.071"/>
  <testcase name="test_allowed_cluster_names_in_indexes" classname="com.dotcms.content.elasticsearch.business.ESIndexAPITest" time="0.001"/>
  <testcase name="test_createIndex_newIndexShouldHaveProperReplicasSetting" classname="com.dotcms.content.elasticsearch.business.ESIndexAPITest" time="0.075"/>
  <testcase name="testGetIndicesStatsWhenStatsTypeIsIntegerShouldPass" classname="com.dotcms.content.elasticsearch.business.ESIndexAPITest" time="0.003"/>
  <testcase name="testGetClusterStatsWhenStatsTypeIsIntegerShouldPass" classname="com.dotcms.content.elasticsearch.business.ESIndexAPITest" time="0.0"/>
  <testcase name="testDeleteOldIndices[0: 2]" classname="com.dotcms.content.elasticsearch.business.ESIndexAPITest" time="7.318"/>
  <testcase name="testDeleteOldIndices[1: 0]" classname="com.dotcms.content.elasticsearch.business.ESIndexAPITest" time="7.061"/>
  <testcase name="testDeleteOldIndices[2: 5]" classname="com.dotcms.content.elasticsearch.business.ESIndexAPITest" time="7.085"/>
  <testcase name="testDeleteOldIndices[3: 50]" classname="com.dotcms.content.elasticsearch.business.ESIndexAPITest" time="7.01"/>
  <testcase name="testGetIndicesStatsWhenStatsTypeIsLongShouldPass" classname="com.dotcms.content.elasticsearch.business.ESIndexAPITest" time="0.001"/>
  <system-out><![CDATA[]]></system-out>
  <system-err><![CDATA[]]></system-err>
</testsuite>
