<?xml version="1.0" encoding="UTF-8"?>
<testsuite name="com.dotcms.enterprise.publishing.remote.handler.ContentWorkflowHandlerTest" tests="1" skipped="0" failures="0" errors="0" timestamp="2023-06-23T19:57:50" hostname="fv-az162-375" time="0.082">
  <properties/>
  <testcase name="Test_Handle_Push_Content_File_With_No_Step_On_It" classname="com.dotcms.enterprise.publishing.remote.handler.ContentWorkflowHandlerTest" time="0.082"/>
  <system-out><![CDATA[]]></system-out>
  <system-err><![CDATA[]]></system-err>
</testsuite>
