<?xml version="1.0" encoding="UTF-8"?>
<testsuite name="com.dotcms.rest.api.v1.vtl.VTLResourceIntegrationTest" tests="6" skipped="0" failures="0" errors="0" timestamp="2023-07-17T20:51:03" hostname="fv-az1032-957" time="12.133">
  <properties/>
  <testcase name="testGet[0: com.dotcms.rest.api.v1.vtl.VTLResourceTestCase@3537deb6]" classname="com.dotcms.rest.api.v1.vtl.VTLResourceIntegrationTest" time="2.329"/>
  <testcase name="testGet[1: com.dotcms.rest.api.v1.vtl.VTLResourceTestCase@79cf8179]" classname="com.dotcms.rest.api.v1.vtl.VTLResourceIntegrationTest" time="1.742"/>
  <testcase name="testGet[2: com.dotcms.rest.api.v1.vtl.VTLResourceTestCase@75f0e84]" classname="com.dotcms.rest.api.v1.vtl.VTLResourceIntegrationTest" time="2.099"/>
  <testcase name="testGet[3: com.dotcms.rest.api.v1.vtl.VTLResourceTestCase@5202c0d7]" classname="com.dotcms.rest.api.v1.vtl.VTLResourceIntegrationTest" time="2.015"/>
  <testcase name="testGet[4: com.dotcms.rest.api.v1.vtl.VTLResourceTestCase@594b764f]" classname="com.dotcms.rest.api.v1.vtl.VTLResourceIntegrationTest" time="1.908"/>
  <testcase name="testGet[5: com.dotcms.rest.api.v1.vtl.VTLResourceTestCase@5c8af056]" classname="com.dotcms.rest.api.v1.vtl.VTLResourceIntegrationTest" time="2.039"/>
  <system-out><![CDATA[]]></system-out>
  <system-err><![CDATA[]]></system-err>
</testsuite>
