<?xml version="1.0" encoding="UTF-8"?>
<testsuite name="com.dotcms.rendering.velocity.viewtools.MessageToolTest" tests="1" skipped="0" failures="0" errors="0" timestamp="2023-06-23T20:09:13" hostname="fv-az256-466" time="0.003">
  <properties/>
  <testcase name="test_message_tool" classname="com.dotcms.rendering.velocity.viewtools.MessageToolTest" time="0.003"/>
  <system-out><![CDATA[]]></system-out>
  <system-err><![CDATA[]]></system-err>
</testsuite>
