<?xml version="1.0" encoding="UTF-8"?>
<testsuite name="com.dotcms.rest.elasticsearch.ESContentResourcePortletTest" tests="8" skipped="0" failures="0" errors="0" timestamp="2023-06-30T22:43:06" hostname="fv-az262-663" time="9.692">
  <properties/>
  <testcase name="test_search_includeGrandChildCategory_success" classname="com.dotcms.rest.elasticsearch.ESContentResourcePortletTest" time="1.58"/>
  <testcase name="testSearch[0: com.dotcms.rest.elasticsearch.ESContentResourcePortletTest$TestCase@40fdfe09]" classname="com.dotcms.rest.elasticsearch.ESContentResourcePortletTest" time="1.041"/>
  <testcase name="testSearch[1: com.dotcms.rest.elasticsearch.ESContentResourcePortletTest$TestCase@6f08bc8b]" classname="com.dotcms.rest.elasticsearch.ESContentResourcePortletTest" time="1.37"/>
  <testcase name="testSearch[2: com.dotcms.rest.elasticsearch.ESContentResourcePortletTest$TestCase@6aa2e2ff]" classname="com.dotcms.rest.elasticsearch.ESContentResourcePortletTest" time="1.049"/>
  <testcase name="testSearch[3: com.dotcms.rest.elasticsearch.ESContentResourcePortletTest$TestCase@59c10a1b]" classname="com.dotcms.rest.elasticsearch.ESContentResourcePortletTest" time="1.328"/>
  <testcase name="testSearch[4: com.dotcms.rest.elasticsearch.ESContentResourcePortletTest$TestCase@7663aa9c]" classname="com.dotcms.rest.elasticsearch.ESContentResourcePortletTest" time="1.282"/>
  <testcase name="testSearch[5: com.dotcms.rest.elasticsearch.ESContentResourcePortletTest$TestCase@5ca5ac3f]" classname="com.dotcms.rest.elasticsearch.ESContentResourcePortletTest" time="1.006"/>
  <testcase name="testSearch[6: com.dotcms.rest.elasticsearch.ESContentResourcePortletTest$TestCase@216d084e]" classname="com.dotcms.rest.elasticsearch.ESContentResourcePortletTest" time="1.028"/>
  <system-out><![CDATA[]]></system-out>
  <system-err><![CDATA[]]></system-err>
</testsuite>
