<?xml version="1.0" encoding="UTF-8"?>
<testsuite name="com.dotcms.rest.api.v1.vtl.VTLResourceIntegrationTest" tests="6" skipped="0" failures="0" errors="0" timestamp="2023-06-30T20:06:59" hostname="fv-az442-763" time="12.121">
  <properties/>
  <testcase name="testGet[0: com.dotcms.rest.api.v1.vtl.VTLResourceTestCase@70618962]" classname="com.dotcms.rest.api.v1.vtl.VTLResourceIntegrationTest" time="2.133"/>
  <testcase name="testGet[1: com.dotcms.rest.api.v1.vtl.VTLResourceTestCase@5da6f597]" classname="com.dotcms.rest.api.v1.vtl.VTLResourceIntegrationTest" time="1.941"/>
  <testcase name="testGet[2: com.dotcms.rest.api.v1.vtl.VTLResourceTestCase@4b77b52]" classname="com.dotcms.rest.api.v1.vtl.VTLResourceIntegrationTest" time="2.072"/>
  <testcase name="testGet[3: com.dotcms.rest.api.v1.vtl.VTLResourceTestCase@37ff76a4]" classname="com.dotcms.rest.api.v1.vtl.VTLResourceIntegrationTest" time="1.957"/>
  <testcase name="testGet[4: com.dotcms.rest.api.v1.vtl.VTLResourceTestCase@4ba9d3a0]" classname="com.dotcms.rest.api.v1.vtl.VTLResourceIntegrationTest" time="1.945"/>
  <testcase name="testGet[5: com.dotcms.rest.api.v1.vtl.VTLResourceTestCase@21c98d0f]" classname="com.dotcms.rest.api.v1.vtl.VTLResourceIntegrationTest" time="2.071"/>
  <system-out><![CDATA[]]></system-out>
  <system-err><![CDATA[]]></system-err>
</testsuite>
