<?xml version="1.0" encoding="UTF-8"?>
<testsuite name="com.dotmarketing.startup.runalways.Task00001LoadSchemaIntegrationTest" tests="1" skipped="1" failures="0" errors="0" timestamp="2023-07-08T05:53:57" hostname="fv-az351-324" time="0.0">
  <properties/>
  <testcase name="testLoadScheme" classname="com.dotmarketing.startup.runalways.Task00001LoadSchemaIntegrationTest" time="0.0">
    <skipped/>
  </testcase>
  <system-out><![CDATA[]]></system-out>
  <system-err><![CDATA[]]></system-err>
</testsuite>
