<?xml version="1.0" encoding="UTF-8"?>
<testsuite name="org.apache.felix.framework.OSGIUtilTest" tests="4" skipped="0" failures="0" errors="0" timestamp="2023-07-14T20:39:04" hostname="fv-az1244-305" time="10.905">
  <properties/>
  <testcase name="test03CustomFelixDeployPath" classname="org.apache.felix.framework.OSGIUtilTest" time="4.384"/>
  <testcase name="test04CustomFelixUndeployPath" classname="org.apache.felix.framework.OSGIUtilTest" time="4.305"/>
  <testcase name="test_check_get_exported_packages_normalized" classname="org.apache.felix.framework.OSGIUtilTest" time="0.008"/>
  <testcase name="test_validate_felix_custom_base_dir" classname="org.apache.felix.framework.OSGIUtilTest" time="2.208"/>
  <system-out><![CDATA[













































































































































































































































































]]></system-out>
  <system-err><![CDATA[]]></system-err>
</testsuite>
