<?xml version="1.0" encoding="UTF-8"?>
<testsuite name="com.dotcms.rest.api.v1.vtl.VTLResourceIntegrationTest" tests="6" skipped="0" failures="0" errors="0" timestamp="2023-07-03T21:23:39" hostname="fv-az351-989" time="13.366">
  <properties/>
  <testcase name="testGet[0: com.dotcms.rest.api.v1.vtl.VTLResourceTestCase@5b65cf57]" classname="com.dotcms.rest.api.v1.vtl.VTLResourceIntegrationTest" time="1.349"/>
  <testcase name="testGet[1: com.dotcms.rest.api.v1.vtl.VTLResourceTestCase@79bfb0c1]" classname="com.dotcms.rest.api.v1.vtl.VTLResourceIntegrationTest" time="2.824"/>
  <testcase name="testGet[2: com.dotcms.rest.api.v1.vtl.VTLResourceTestCase@e0638dc]" classname="com.dotcms.rest.api.v1.vtl.VTLResourceIntegrationTest" time="2.292"/>
  <testcase name="testGet[3: com.dotcms.rest.api.v1.vtl.VTLResourceTestCase@dcfb98e]" classname="com.dotcms.rest.api.v1.vtl.VTLResourceIntegrationTest" time="2.907"/>
  <testcase name="testGet[4: com.dotcms.rest.api.v1.vtl.VTLResourceTestCase@7825c017]" classname="com.dotcms.rest.api.v1.vtl.VTLResourceIntegrationTest" time="1.855"/>
  <testcase name="testGet[5: com.dotcms.rest.api.v1.vtl.VTLResourceTestCase@7c984e6a]" classname="com.dotcms.rest.api.v1.vtl.VTLResourceIntegrationTest" time="2.139"/>
  <system-out><![CDATA[]]></system-out>
  <system-err><![CDATA[]]></system-err>
</testsuite>
