<?xml version="1.0" encoding="UTF-8"?>
<testsuite name="com.dotcms.rest.api.v1.vtl.VTLResourceIntegrationTest" tests="6" skipped="0" failures="0" errors="0" timestamp="2023-06-28T03:58:07" hostname="fv-az592-477" time="12.433">
  <properties/>
  <testcase name="testGet[0: com.dotcms.rest.api.v1.vtl.VTLResourceTestCase@1ec5f2cf]" classname="com.dotcms.rest.api.v1.vtl.VTLResourceIntegrationTest" time="2.573"/>
  <testcase name="testGet[1: com.dotcms.rest.api.v1.vtl.VTLResourceTestCase@1083bd1a]" classname="com.dotcms.rest.api.v1.vtl.VTLResourceIntegrationTest" time="1.815"/>
  <testcase name="testGet[2: com.dotcms.rest.api.v1.vtl.VTLResourceTestCase@26a1de97]" classname="com.dotcms.rest.api.v1.vtl.VTLResourceIntegrationTest" time="2.357"/>
  <testcase name="testGet[3: com.dotcms.rest.api.v1.vtl.VTLResourceTestCase@4b9623bb]" classname="com.dotcms.rest.api.v1.vtl.VTLResourceIntegrationTest" time="1.7"/>
  <testcase name="testGet[4: com.dotcms.rest.api.v1.vtl.VTLResourceTestCase@7af4f38c]" classname="com.dotcms.rest.api.v1.vtl.VTLResourceIntegrationTest" time="1.941"/>
  <testcase name="testGet[5: com.dotcms.rest.api.v1.vtl.VTLResourceTestCase@7792faa5]" classname="com.dotcms.rest.api.v1.vtl.VTLResourceIntegrationTest" time="2.047"/>
  <system-out><![CDATA[]]></system-out>
  <system-err><![CDATA[]]></system-err>
</testsuite>
