<?xml version="1.0" encoding="UTF-8"?>
<testsuite name="com.dotcms.translate.GoogleTranslationServiceIntegrationTest" tests="3" skipped="0" failures="0" errors="0" timestamp="2023-06-30T16:38:36" hostname="fv-az173-860" time="6.197">
  <properties/>
  <testcase name="test_setServiceParameters_SecretExistAtHost_returnAPIKey" classname="com.dotcms.translate.GoogleTranslationServiceIntegrationTest" time="2.104"/>
  <testcase name="test_setServiceParameters_APIKeySetPropertyFile_returnAPIKey" classname="com.dotcms.translate.GoogleTranslationServiceIntegrationTest" time="2.062"/>
  <testcase name="test_setServiceParameters_SecretExistAtSystemHost_returnAPIKey" classname="com.dotcms.translate.GoogleTranslationServiceIntegrationTest" time="2.031"/>
  <system-out><![CDATA[]]></system-out>
  <system-err><![CDATA[]]></system-err>
</testsuite>
