<?xml version="1.0" encoding="UTF-8"?>
<testsuite name="com.dotmarketing.portlets.structure.model.ContentletRelationshipsTest" tests="7" skipped="0" failures="0" errors="0" timestamp="2023-07-05T23:15:02" hostname="fv-az614-79" time="8.852">
  <properties/>
  <testcase name="testDoesAllowOnlyOne[0: com.dotmarketing.portlets.structure.model.ContentletRelationshipsTest$CardinalityTestCase@3dbe65a7]" classname="com.dotmarketing.portlets.structure.model.ContentletRelationshipsTest" time="0.673"/>
  <testcase name="testDoesAllowOnlyOne[1: com.dotmarketing.portlets.structure.model.ContentletRelationshipsTest$CardinalityTestCase@5f262685]" classname="com.dotmarketing.portlets.structure.model.ContentletRelationshipsTest" time="0.524"/>
  <testcase name="testDoesAllowOnlyOne[2: com.dotmarketing.portlets.structure.model.ContentletRelationshipsTest$CardinalityTestCase@61aa44d7]" classname="com.dotmarketing.portlets.structure.model.ContentletRelationshipsTest" time="0.527"/>
  <testcase name="testGetRelationshipRecords[0: com.dotmarketing.portlets.structure.model.ContentletRelationshipsTest$TestCase@30f2d9be]" classname="com.dotmarketing.portlets.structure.model.ContentletRelationshipsTest" time="2.244"/>
  <testcase name="testGetRelationshipRecords[1: com.dotmarketing.portlets.structure.model.ContentletRelationshipsTest$TestCase@7eaf115a]" classname="com.dotmarketing.portlets.structure.model.ContentletRelationshipsTest" time="2.061"/>
  <testcase name="testGetRelationshipRecords[2: com.dotmarketing.portlets.structure.model.ContentletRelationshipsTest$TestCase@10531204]" classname="com.dotmarketing.portlets.structure.model.ContentletRelationshipsTest" time="1.945"/>
  <testcase name="testGetRelationshipRecords[3: com.dotmarketing.portlets.structure.model.ContentletRelationshipsTest$TestCase@23ec6025]" classname="com.dotmarketing.portlets.structure.model.ContentletRelationshipsTest" time="0.878"/>
  <system-out><![CDATA[]]></system-out>
  <system-err><![CDATA[]]></system-err>
</testsuite>
