<?xml version="1.0" encoding="UTF-8"?>
<testsuite name="com.dotcms.contenttype.test.ContentResourceTest" tests="52" skipped="0" failures="0" errors="0" timestamp="2023-07-17T16:17:52" hostname="fv-az797-388" time="174.838">
  <properties/>
  <testcase name="testGetContentShouldReturnIconDetails" classname="com.dotcms.contenttype.test.ContentResourceTest" time="1.791"/>
  <testcase name="Test_Save_Action_Set_Words_To_Required_NumericField_Issue_15340" classname="com.dotcms.contenttype.test.ContentResourceTest" time="1.11"/>
  <testcase name="test_getContent_includeGrandChildCategory_success" classname="com.dotcms.contenttype.test.ContentResourceTest" time="1.586"/>
  <testcase name="testGetContentWithRelatedParameter[0: com.dotcms.contenttype.test.ContentResourceTest$PullRelatedTestCase@53317486]" classname="com.dotcms.contenttype.test.ContentResourceTest" time="4.705"/>
  <testcase name="testGetContentWithRelatedParameter[1: com.dotcms.contenttype.test.ContentResourceTest$PullRelatedTestCase@4e4be9be]" classname="com.dotcms.contenttype.test.ContentResourceTest" time="4.691"/>
  <testcase name="testGetContentWithRelatedParameter[2: com.dotcms.contenttype.test.ContentResourceTest$PullRelatedTestCase@14da8d64]" classname="com.dotcms.contenttype.test.ContentResourceTest" time="4.863"/>
  <testcase name="testGetContentWithRelatedParameter[3: com.dotcms.contenttype.test.ContentResourceTest$PullRelatedTestCase@2a9acff5]" classname="com.dotcms.contenttype.test.ContentResourceTest" time="4.551"/>
  <testcase name="testGetContentWithRelatedParameter[4: com.dotcms.contenttype.test.ContentResourceTest$PullRelatedTestCase@72d71b64]" classname="com.dotcms.contenttype.test.ContentResourceTest" time="4.585"/>
  <testcase name="test_getContent_SelfRelatedWith3LevelsOfDepth_shouldReturnRelationships" classname="com.dotcms.contenttype.test.ContentResourceTest" time="1.67"/>
  <testcase name="Test_Save_Action_Send_Fields_SubSet_Issue_15340" classname="com.dotcms.contenttype.test.ContentResourceTest" time="3.235"/>
  <testcase name="test_getContent_shouldReturnRelationships[0: com.dotcms.contenttype.test.ContentResourceTest$TestCase@63401a99]" classname="com.dotcms.contenttype.test.ContentResourceTest" time="3.396"/>
  <testcase name="test_getContent_shouldReturnRelationships[1: com.dotcms.contenttype.test.ContentResourceTest$TestCase@23310a38]" classname="com.dotcms.contenttype.test.ContentResourceTest" time="3.419"/>
  <testcase name="test_getContent_shouldReturnRelationships[2: com.dotcms.contenttype.test.ContentResourceTest$TestCase@5f289ccc]" classname="com.dotcms.contenttype.test.ContentResourceTest" time="3.456"/>
  <testcase name="test_getContent_shouldReturnRelationships[3: com.dotcms.contenttype.test.ContentResourceTest$TestCase@156ea076]" classname="com.dotcms.contenttype.test.ContentResourceTest" time="3.569"/>
  <testcase name="test_getContent_shouldReturnRelationships[4: com.dotcms.contenttype.test.ContentResourceTest$TestCase@7699e490]" classname="com.dotcms.contenttype.test.ContentResourceTest" time="4.098"/>
  <testcase name="test_getContent_shouldReturnRelationships[5: com.dotcms.contenttype.test.ContentResourceTest$TestCase@5dd240b1]" classname="com.dotcms.contenttype.test.ContentResourceTest" time="3.693"/>
  <testcase name="test_getContent_shouldReturnRelationships[6: com.dotcms.contenttype.test.ContentResourceTest$TestCase@4607793b]" classname="com.dotcms.contenttype.test.ContentResourceTest" time="3.802"/>
  <testcase name="test_getContent_shouldReturnRelationships[7: com.dotcms.contenttype.test.ContentResourceTest$TestCase@260a0c9d]" classname="com.dotcms.contenttype.test.ContentResourceTest" time="3.785"/>
  <testcase name="test_getContent_shouldReturnRelationships[8: com.dotcms.contenttype.test.ContentResourceTest$TestCase@1f0ed1a8]" classname="com.dotcms.contenttype.test.ContentResourceTest" time="3.711"/>
  <testcase name="test_getContent_shouldReturnRelationships[9: com.dotcms.contenttype.test.ContentResourceTest$TestCase@5016dd30]" classname="com.dotcms.contenttype.test.ContentResourceTest" time="3.05"/>
  <testcase name="test_getContent_shouldReturnRelationships[10: com.dotcms.contenttype.test.ContentResourceTest$TestCase@2da5b8a8]" classname="com.dotcms.contenttype.test.ContentResourceTest" time="3.35"/>
  <testcase name="test_getContent_shouldReturnRelationships[11: com.dotcms.contenttype.test.ContentResourceTest$TestCase@5bbd3765]" classname="com.dotcms.contenttype.test.ContentResourceTest" time="3.397"/>
  <testcase name="test_getContent_shouldReturnRelationships[12: com.dotcms.contenttype.test.ContentResourceTest$TestCase@32d72e2b]" classname="com.dotcms.contenttype.test.ContentResourceTest" time="3.353"/>
  <testcase name="test_getContent_shouldReturnRelationships[13: com.dotcms.contenttype.test.ContentResourceTest$TestCase@54ce9a1c]" classname="com.dotcms.contenttype.test.ContentResourceTest" time="2.675"/>
  <testcase name="test_getContent_shouldReturnRelationships[14: com.dotcms.contenttype.test.ContentResourceTest$TestCase@54ae08d5]" classname="com.dotcms.contenttype.test.ContentResourceTest" time="3.575"/>
  <testcase name="test_getContent_shouldReturnRelationships[15: com.dotcms.contenttype.test.ContentResourceTest$TestCase@661a1b3a]" classname="com.dotcms.contenttype.test.ContentResourceTest" time="4.895"/>
  <testcase name="test_getContent_shouldReturnRelationships[16: com.dotcms.contenttype.test.ContentResourceTest$TestCase@6db7d7a4]" classname="com.dotcms.contenttype.test.ContentResourceTest" time="4.664"/>
  <testcase name="test_getContent_shouldReturnRelationships[17: com.dotcms.contenttype.test.ContentResourceTest$TestCase@4d89ae74]" classname="com.dotcms.contenttype.test.ContentResourceTest" time="3.679"/>
  <testcase name="test_getContent_shouldReturnRelationships[18: com.dotcms.contenttype.test.ContentResourceTest$TestCase@6945ffb0]" classname="com.dotcms.contenttype.test.ContentResourceTest" time="3.92"/>
  <testcase name="test_getContent_shouldReturnRelationships[19: com.dotcms.contenttype.test.ContentResourceTest$TestCase@5fb0ea69]" classname="com.dotcms.contenttype.test.ContentResourceTest" time="3.877"/>
  <testcase name="test_getContent_shouldReturnRelationships[20: com.dotcms.contenttype.test.ContentResourceTest$TestCase@ce90ccc]" classname="com.dotcms.contenttype.test.ContentResourceTest" time="4.11"/>
  <testcase name="test_getContent_shouldReturnRelationships[21: com.dotcms.contenttype.test.ContentResourceTest$TestCase@c93e92b]" classname="com.dotcms.contenttype.test.ContentResourceTest" time="4.133"/>
  <testcase name="test_getContent_shouldReturnRelationships[22: com.dotcms.contenttype.test.ContentResourceTest$TestCase@4aed2f76]" classname="com.dotcms.contenttype.test.ContentResourceTest" time="3.83"/>
  <testcase name="test_getContent_shouldReturnRelationships[23: com.dotcms.contenttype.test.ContentResourceTest$TestCase@125677e0]" classname="com.dotcms.contenttype.test.ContentResourceTest" time="3.929"/>
  <testcase name="test_getContent_shouldReturnRelationships[24: com.dotcms.contenttype.test.ContentResourceTest$TestCase@561d860a]" classname="com.dotcms.contenttype.test.ContentResourceTest" time="2.776"/>
  <testcase name="test_getContent_shouldReturnRelationships[25: com.dotcms.contenttype.test.ContentResourceTest$TestCase@4554e753]" classname="com.dotcms.contenttype.test.ContentResourceTest" time="3.867"/>
  <testcase name="test_getContent_shouldReturnRelationships[26: com.dotcms.contenttype.test.ContentResourceTest$TestCase@6661f610]" classname="com.dotcms.contenttype.test.ContentResourceTest" time="4.055"/>
  <testcase name="test_getContent_shouldReturnRelationships[27: com.dotcms.contenttype.test.ContentResourceTest$TestCase@47a9644b]" classname="com.dotcms.contenttype.test.ContentResourceTest" time="3.611"/>
  <testcase name="test_getContent_shouldReturnRelationships[28: com.dotcms.contenttype.test.ContentResourceTest$TestCase@7d3e9762]" classname="com.dotcms.contenttype.test.ContentResourceTest" time="3.678"/>
  <testcase name="test_getContent_shouldReturnRelationships[29: com.dotcms.contenttype.test.ContentResourceTest$TestCase@1f3299e9]" classname="com.dotcms.contenttype.test.ContentResourceTest" time="2.498"/>
  <testcase name="test_getContent_shouldReturnRelationships[30: com.dotcms.contenttype.test.ContentResourceTest$TestCase@768a2d69]" classname="com.dotcms.contenttype.test.ContentResourceTest" time="3.708"/>
  <testcase name="test_getContent_shouldReturnRelationships[31: com.dotcms.contenttype.test.ContentResourceTest$TestCase@7a0d84cf]" classname="com.dotcms.contenttype.test.ContentResourceTest" time="3.622"/>
  <testcase name="test_getContent_shouldReturnRelationships[32: com.dotcms.contenttype.test.ContentResourceTest$TestCase@7381996b]" classname="com.dotcms.contenttype.test.ContentResourceTest" time="4.656"/>
  <testcase name="test_getContent_shouldReturnRelationships[33: com.dotcms.contenttype.test.ContentResourceTest$TestCase@7877ab23]" classname="com.dotcms.contenttype.test.ContentResourceTest" time="3.795"/>
  <testcase name="testSinglePOST_InvalidParamsShouldReturn400[0: ({\n    &quot;stInode&quot; : &quot;InvalidValue&quot;,\n    &quot;numeric&quot; : &quot;0&quot;,\n    &quot;image&quot; : &quot;whatever&quot;\n}, Bad Request)]" classname="com.dotcms.contenttype.test.ContentResourceTest" time="1.057"/>
  <testcase name="testSinglePOST_InvalidParamsShouldReturn400[1: ({\n    &quot;numeric&quot; : &quot;0&quot;,\n    &quot;image&quot; : &quot;whatever&quot;\n}, Bad Request)]" classname="com.dotcms.contenttype.test.ContentResourceTest" time="1.041"/>
  <testcase name="Test_Save_Action_Set_Null_To_Required_NumericField_Issue_15340" classname="com.dotcms.contenttype.test.ContentResourceTest" time="1.053"/>
  <testcase name="Test_Save_Action_Remove_Image_Then_Verify_Fields_Were_Cleared_Issue_15340" classname="com.dotcms.contenttype.test.ContentResourceTest" time="3.469"/>
  <testcase name="test_getContentWithMultipleSelfRelated_shouldReturnRelationships[0: com.dotcms.contenttype.test.ContentResourceTest$PullSelfRelatedTestCase@498cecf4]" classname="com.dotcms.contenttype.test.ContentResourceTest" time="2.106"/>
  <testcase name="test_getContentWithMultipleSelfRelated_shouldReturnRelationships[1: com.dotcms.contenttype.test.ContentResourceTest$PullSelfRelatedTestCase@36397e6f]" classname="com.dotcms.contenttype.test.ContentResourceTest" time="2.147"/>
  <testcase name="testGetContentWithAllCategoriesInfo[0: json]" classname="com.dotcms.contenttype.test.ContentResourceTest" time="2.774"/>
  <testcase name="testGetContentWithAllCategoriesInfo[1: xml]" classname="com.dotcms.contenttype.test.ContentResourceTest" time="2.755"/>
  <system-out><![CDATA[











]]></system-out>
  <system-err><![CDATA[]]></system-err>
</testsuite>
