<?xml version="1.0" encoding="UTF-8"?>
<testsuite name="com.dotmarketing.portlets.structure.model.ContentletRelationshipsTest" tests="7" skipped="0" failures="0" errors="0" timestamp="2023-06-30T21:00:24" hostname="fv-az248-258" time="8.515">
  <properties/>
  <testcase name="testDoesAllowOnlyOne[0: com.dotmarketing.portlets.structure.model.ContentletRelationshipsTest$CardinalityTestCase@18a5795d]" classname="com.dotmarketing.portlets.structure.model.ContentletRelationshipsTest" time="0.437"/>
  <testcase name="testDoesAllowOnlyOne[1: com.dotmarketing.portlets.structure.model.ContentletRelationshipsTest$CardinalityTestCase@7be8aafd]" classname="com.dotmarketing.portlets.structure.model.ContentletRelationshipsTest" time="0.418"/>
  <testcase name="testDoesAllowOnlyOne[2: com.dotmarketing.portlets.structure.model.ContentletRelationshipsTest$CardinalityTestCase@29c528c0]" classname="com.dotmarketing.portlets.structure.model.ContentletRelationshipsTest" time="0.392"/>
  <testcase name="testGetRelationshipRecords[0: com.dotmarketing.portlets.structure.model.ContentletRelationshipsTest$TestCase@3af41fa5]" classname="com.dotmarketing.portlets.structure.model.ContentletRelationshipsTest" time="1.904"/>
  <testcase name="testGetRelationshipRecords[1: com.dotmarketing.portlets.structure.model.ContentletRelationshipsTest$TestCase@928e637]" classname="com.dotmarketing.portlets.structure.model.ContentletRelationshipsTest" time="1.859"/>
  <testcase name="testGetRelationshipRecords[2: com.dotmarketing.portlets.structure.model.ContentletRelationshipsTest$TestCase@37a90aad]" classname="com.dotmarketing.portlets.structure.model.ContentletRelationshipsTest" time="1.75"/>
  <testcase name="testGetRelationshipRecords[3: com.dotmarketing.portlets.structure.model.ContentletRelationshipsTest$TestCase@37aab7b0]" classname="com.dotmarketing.portlets.structure.model.ContentletRelationshipsTest" time="1.755"/>
  <system-out><![CDATA[]]></system-out>
  <system-err><![CDATA[]]></system-err>
</testsuite>
