<?xml version="1.0" encoding="UTF-8"?>
<testsuite name="com.dotcms.contenttype.test.ContentResourceTest" tests="52" skipped="0" failures="0" errors="0" timestamp="2023-06-28T18:38:43" hostname="fv-az398-53" time="128.316">
  <properties/>
  <testcase name="testGetContentShouldReturnIconDetails" classname="com.dotcms.contenttype.test.ContentResourceTest" time="1.444"/>
  <testcase name="Test_Save_Action_Set_Words_To_Required_NumericField_Issue_15340" classname="com.dotcms.contenttype.test.ContentResourceTest" time="0.886"/>
  <testcase name="test_getContent_includeGrandChildCategory_success" classname="com.dotcms.contenttype.test.ContentResourceTest" time="1.249"/>
  <testcase name="testGetContentWithRelatedParameter[0: com.dotcms.contenttype.test.ContentResourceTest$PullRelatedTestCase@3f27b813]" classname="com.dotcms.contenttype.test.ContentResourceTest" time="3.492"/>
  <testcase name="testGetContentWithRelatedParameter[1: com.dotcms.contenttype.test.ContentResourceTest$PullRelatedTestCase@7f94ff2b]" classname="com.dotcms.contenttype.test.ContentResourceTest" time="3.53"/>
  <testcase name="testGetContentWithRelatedParameter[2: com.dotcms.contenttype.test.ContentResourceTest$PullRelatedTestCase@143fe3fa]" classname="com.dotcms.contenttype.test.ContentResourceTest" time="3.401"/>
  <testcase name="testGetContentWithRelatedParameter[3: com.dotcms.contenttype.test.ContentResourceTest$PullRelatedTestCase@b09f347]" classname="com.dotcms.contenttype.test.ContentResourceTest" time="3.501"/>
  <testcase name="testGetContentWithRelatedParameter[4: com.dotcms.contenttype.test.ContentResourceTest$PullRelatedTestCase@96c3515]" classname="com.dotcms.contenttype.test.ContentResourceTest" time="3.385"/>
  <testcase name="test_getContent_SelfRelatedWith3LevelsOfDepth_shouldReturnRelationships" classname="com.dotcms.contenttype.test.ContentResourceTest" time="1.285"/>
  <testcase name="Test_Save_Action_Send_Fields_SubSet_Issue_15340" classname="com.dotcms.contenttype.test.ContentResourceTest" time="2.832"/>
  <testcase name="test_getContent_shouldReturnRelationships[0: com.dotcms.contenttype.test.ContentResourceTest$TestCase@51d9eeb4]" classname="com.dotcms.contenttype.test.ContentResourceTest" time="2.635"/>
  <testcase name="test_getContent_shouldReturnRelationships[1: com.dotcms.contenttype.test.ContentResourceTest$TestCase@3a92f746]" classname="com.dotcms.contenttype.test.ContentResourceTest" time="2.562"/>
  <testcase name="test_getContent_shouldReturnRelationships[2: com.dotcms.contenttype.test.ContentResourceTest$TestCase@7e45a898]" classname="com.dotcms.contenttype.test.ContentResourceTest" time="2.587"/>
  <testcase name="test_getContent_shouldReturnRelationships[3: com.dotcms.contenttype.test.ContentResourceTest$TestCase@1669fed8]" classname="com.dotcms.contenttype.test.ContentResourceTest" time="1.702"/>
  <testcase name="test_getContent_shouldReturnRelationships[4: com.dotcms.contenttype.test.ContentResourceTest$TestCase@85b0eef]" classname="com.dotcms.contenttype.test.ContentResourceTest" time="2.676"/>
  <testcase name="test_getContent_shouldReturnRelationships[5: com.dotcms.contenttype.test.ContentResourceTest$TestCase@25dee065]" classname="com.dotcms.contenttype.test.ContentResourceTest" time="2.425"/>
  <testcase name="test_getContent_shouldReturnRelationships[6: com.dotcms.contenttype.test.ContentResourceTest$TestCase@768c9d2e]" classname="com.dotcms.contenttype.test.ContentResourceTest" time="1.515"/>
  <testcase name="test_getContent_shouldReturnRelationships[7: com.dotcms.contenttype.test.ContentResourceTest$TestCase@2fca2219]" classname="com.dotcms.contenttype.test.ContentResourceTest" time="2.804"/>
  <testcase name="test_getContent_shouldReturnRelationships[8: com.dotcms.contenttype.test.ContentResourceTest$TestCase@7f367d79]" classname="com.dotcms.contenttype.test.ContentResourceTest" time="1.871"/>
  <testcase name="test_getContent_shouldReturnRelationships[9: com.dotcms.contenttype.test.ContentResourceTest$TestCase@2db97732]" classname="com.dotcms.contenttype.test.ContentResourceTest" time="2.835"/>
  <testcase name="test_getContent_shouldReturnRelationships[10: com.dotcms.contenttype.test.ContentResourceTest$TestCase@3f4eea46]" classname="com.dotcms.contenttype.test.ContentResourceTest" time="1.753"/>
  <testcase name="test_getContent_shouldReturnRelationships[11: com.dotcms.contenttype.test.ContentResourceTest$TestCase@41eadd5c]" classname="com.dotcms.contenttype.test.ContentResourceTest" time="2.653"/>
  <testcase name="test_getContent_shouldReturnRelationships[12: com.dotcms.contenttype.test.ContentResourceTest$TestCase@d7bbdad]" classname="com.dotcms.contenttype.test.ContentResourceTest" time="2.56"/>
  <testcase name="test_getContent_shouldReturnRelationships[13: com.dotcms.contenttype.test.ContentResourceTest$TestCase@6b1d5bd7]" classname="com.dotcms.contenttype.test.ContentResourceTest" time="2.636"/>
  <testcase name="test_getContent_shouldReturnRelationships[14: com.dotcms.contenttype.test.ContentResourceTest$TestCase@23499028]" classname="com.dotcms.contenttype.test.ContentResourceTest" time="2.601"/>
  <testcase name="test_getContent_shouldReturnRelationships[15: com.dotcms.contenttype.test.ContentResourceTest$TestCase@345ea920]" classname="com.dotcms.contenttype.test.ContentResourceTest" time="3.441"/>
  <testcase name="test_getContent_shouldReturnRelationships[16: com.dotcms.contenttype.test.ContentResourceTest$TestCase@6418ecd3]" classname="com.dotcms.contenttype.test.ContentResourceTest" time="3.558"/>
  <testcase name="test_getContent_shouldReturnRelationships[17: com.dotcms.contenttype.test.ContentResourceTest$TestCase@655ad064]" classname="com.dotcms.contenttype.test.ContentResourceTest" time="2.863"/>
  <testcase name="test_getContent_shouldReturnRelationships[18: com.dotcms.contenttype.test.ContentResourceTest$TestCase@afdc437]" classname="com.dotcms.contenttype.test.ContentResourceTest" time="3.016"/>
  <testcase name="test_getContent_shouldReturnRelationships[19: com.dotcms.contenttype.test.ContentResourceTest$TestCase@4b2b7be1]" classname="com.dotcms.contenttype.test.ContentResourceTest" time="2.864"/>
  <testcase name="test_getContent_shouldReturnRelationships[20: com.dotcms.contenttype.test.ContentResourceTest$TestCase@68766823]" classname="com.dotcms.contenttype.test.ContentResourceTest" time="2.919"/>
  <testcase name="test_getContent_shouldReturnRelationships[21: com.dotcms.contenttype.test.ContentResourceTest$TestCase@5b1c5cb9]" classname="com.dotcms.contenttype.test.ContentResourceTest" time="2.28"/>
  <testcase name="test_getContent_shouldReturnRelationships[22: com.dotcms.contenttype.test.ContentResourceTest$TestCase@3f24f791]" classname="com.dotcms.contenttype.test.ContentResourceTest" time="2.736"/>
  <testcase name="test_getContent_shouldReturnRelationships[23: com.dotcms.contenttype.test.ContentResourceTest$TestCase@2f4067e7]" classname="com.dotcms.contenttype.test.ContentResourceTest" time="2.72"/>
  <testcase name="test_getContent_shouldReturnRelationships[24: com.dotcms.contenttype.test.ContentResourceTest$TestCase@742c255c]" classname="com.dotcms.contenttype.test.ContentResourceTest" time="2.847"/>
  <testcase name="test_getContent_shouldReturnRelationships[25: com.dotcms.contenttype.test.ContentResourceTest$TestCase@4d6c46f4]" classname="com.dotcms.contenttype.test.ContentResourceTest" time="2.012"/>
  <testcase name="test_getContent_shouldReturnRelationships[26: com.dotcms.contenttype.test.ContentResourceTest$TestCase@556cb8b7]" classname="com.dotcms.contenttype.test.ContentResourceTest" time="1.969"/>
  <testcase name="test_getContent_shouldReturnRelationships[27: com.dotcms.contenttype.test.ContentResourceTest$TestCase@793f92a2]" classname="com.dotcms.contenttype.test.ContentResourceTest" time="2.764"/>
  <testcase name="test_getContent_shouldReturnRelationships[28: com.dotcms.contenttype.test.ContentResourceTest$TestCase@6c2c5e1c]" classname="com.dotcms.contenttype.test.ContentResourceTest" time="2.546"/>
  <testcase name="test_getContent_shouldReturnRelationships[29: com.dotcms.contenttype.test.ContentResourceTest$TestCase@43d8ee8b]" classname="com.dotcms.contenttype.test.ContentResourceTest" time="2.759"/>
  <testcase name="test_getContent_shouldReturnRelationships[30: com.dotcms.contenttype.test.ContentResourceTest$TestCase@73415f47]" classname="com.dotcms.contenttype.test.ContentResourceTest" time="1.738"/>
  <testcase name="test_getContent_shouldReturnRelationships[31: com.dotcms.contenttype.test.ContentResourceTest$TestCase@766e690f]" classname="com.dotcms.contenttype.test.ContentResourceTest" time="2.751"/>
  <testcase name="test_getContent_shouldReturnRelationships[32: com.dotcms.contenttype.test.ContentResourceTest$TestCase@78bc0560]" classname="com.dotcms.contenttype.test.ContentResourceTest" time="3.727"/>
  <testcase name="test_getContent_shouldReturnRelationships[33: com.dotcms.contenttype.test.ContentResourceTest$TestCase@7c14104a]" classname="com.dotcms.contenttype.test.ContentResourceTest" time="3.573"/>
  <testcase name="testSinglePOST_InvalidParamsShouldReturn400[0: ({\n    &quot;stInode&quot; : &quot;InvalidValue&quot;,\n    &quot;numeric&quot; : &quot;0&quot;,\n    &quot;image&quot; : &quot;whatever&quot;\n}, Bad Request)]" classname="com.dotcms.contenttype.test.ContentResourceTest" time="0.89"/>
  <testcase name="testSinglePOST_InvalidParamsShouldReturn400[1: ({\n    &quot;numeric&quot; : &quot;0&quot;,\n    &quot;image&quot; : &quot;whatever&quot;\n}, Bad Request)]" classname="com.dotcms.contenttype.test.ContentResourceTest" time="0.864"/>
  <testcase name="Test_Save_Action_Set_Null_To_Required_NumericField_Issue_15340" classname="com.dotcms.contenttype.test.ContentResourceTest" time="0.894"/>
  <testcase name="Test_Save_Action_Remove_Image_Then_Verify_Fields_Were_Cleared_Issue_15340" classname="com.dotcms.contenttype.test.ContentResourceTest" time="3.753"/>
  <testcase name="test_getContentWithMultipleSelfRelated_shouldReturnRelationships[0: com.dotcms.contenttype.test.ContentResourceTest$PullSelfRelatedTestCase@75e45c]" classname="com.dotcms.contenttype.test.ContentResourceTest" time="1.582"/>
  <testcase name="test_getContentWithMultipleSelfRelated_shouldReturnRelationships[1: com.dotcms.contenttype.test.ContentResourceTest$PullSelfRelatedTestCase@187a6637]" classname="com.dotcms.contenttype.test.ContentResourceTest" time="1.682"/>
  <testcase name="testGetContentWithAllCategoriesInfo[0: json]" classname="com.dotcms.contenttype.test.ContentResourceTest" time="2.364"/>
  <testcase name="testGetContentWithAllCategoriesInfo[1: xml]" classname="com.dotcms.contenttype.test.ContentResourceTest" time="2.381"/>
  <system-out><![CDATA[











]]></system-out>
  <system-err><![CDATA[]]></system-err>
</testsuite>
