<?xml version="1.0" encoding="UTF-8"?>
<testsuite name="com.dotmarketing.business.DeterministicIdentifierAPITest" tests="16" skipped="0" failures="0" errors="0" timestamp="2023-06-23T18:37:20" hostname="fv-az578-351" time="1.874">
  <properties/>
  <testcase name="Test_Category_Path_Seed_And_Id" classname="com.dotmarketing.business.DeterministicIdentifierAPITest" time="0.026"/>
  <testcase name="Test_Language_Deterministic_Id[0: LanguageTestCase{expectedSeed='Language:es:US', expectedHash=4913155, langCode='es', countryCode='US', country='United States'}]" classname="com.dotmarketing.business.DeterministicIdentifierAPITest" time="0.001"/>
  <testcase name="Test_Language_Deterministic_Id[1: LanguageTestCase{expectedSeed='Language:ep:', expectedHash=5292269, langCode='ep', countryCode='', country=''}]" classname="com.dotmarketing.business.DeterministicIdentifierAPITest" time="0.001"/>
  <testcase name="Test_Language_Deterministic_Id[2: LanguageTestCase{expectedSeed='Language:sg:SAG', expectedHash=4713118, langCode='sg', countryCode='SAG', country=''}]" classname="com.dotmarketing.business.DeterministicIdentifierAPITest" time="0.001"/>
  <testcase name="Test_Language_Deterministic_Id[3: LanguageTestCase{expectedSeed='Language:en:NZ', expectedHash=5382528, langCode='en', countryCode='NZ', country='New Zealand'}]" classname="com.dotmarketing.business.DeterministicIdentifierAPITest" time="0.001"/>
  <testcase name="Test_Category_None_Persisted_Category_Should_Return_Deterministic_Id" classname="com.dotmarketing.business.DeterministicIdentifierAPITest" time="0.002"/>
  <testcase name="Test_Asset_Generate_Deterministic_Id_Best_Effort[0: TestCase{versionable=my.host1687539408047.com, parent=System Host, expectedName='my.host1687539408047.com', expectedType='Host'}]" classname="com.dotmarketing.business.DeterministicIdentifierAPITest" time="0.004"/>
  <testcase name="Test_Asset_Generate_Deterministic_Id_Best_Effort[1: TestCase{versionable=com.dotmarketing.portlets.contentlet.model.Contentlet@2be32fa[map={modDate=2023-06-23 16:56:49.027, fileName=file10642317159526406636.txt, title=file10642317159526406636.txt, inode=ed773288-6040-4e78-822f-874165b3e38a, __IS_NEW_CONTENT__=true, disabledWYSIWYG=[], host=216143fb-f5c5-4539-8d3f-bf234d119087, stInode=33888b6f-7a8e-4069-b1b6-5c1aa9d0a48d, owner=system, identifier=c472f4db-29cb-457b-8012-8190c40f70e8, nullProperties=[wfExpireDate, wfPublishDate, wfActionAssign, wfActionId, wfActionComments, filterKey, whereToSend, wfNeverExpire, _path_to_move, timezoneId, iWantTo, wfPublishTime, wfExpireTime], languageId=1, fileAsset=/home/runner/work/core/custom/assets/e/d/ed773288-6040-4e78-822f-874165b3e38a/fileAsset/file10642317159526406636.txt, folder=7ce5dc1c-017d-401c-8de4-473420e803fe, __disable_workflow__=true, sortOrder=0, modUser=system},lowIndexPriority=false,variantId=DEFAULT], parent=com.dotmarketing.portlets.folders.model.Folder@2f8b0523[identifier=7ce5dc1c-017d-401c-8de4-473420e803fe,name=testName1687539409019,sortOrder=0,showOnMenu=false,hostId=216143fb-f5c5-4539-8d3f-bf234d119087,type=folder,title=testTitle1687539409019,filesMasks=,defaultFileType=33888b6f-7a8e-4069-b1b6-5c1aa9d0a48d,modDate=2023-06-23 16:56:49.022,owner=&lt;null&gt;,iDate=2023-06-23 16:56:49.022,inode=7ce5dc1c-017d-401c-8de4-473420e803fe,path=/testName1687539409019/], expectedName='file10642317159526406636.txt', expectedType='FileAsset'}]" classname="com.dotmarketing.business.DeterministicIdentifierAPITest" time="0.003"/>
  <testcase name="Test_Asset_Generate_Deterministic_Id_Best_Effort[2: TestCase{versionable=com.dotmarketing.portlets.templates.model.Template@2fc98f12, parent=my.host1687539408047.com, expectedName='testTitle1687539409135', expectedType='Template'}]" classname="com.dotmarketing.business.DeterministicIdentifierAPITest" time="0.002"/>
  <testcase name="Test_Asset_Generate_Deterministic_Id_Best_Effort[3: TestCase{versionable=com.dotmarketing.portlets.htmlpageasset.model.HTMLPageAsset@3a7c74b0[map={template=96c12fef-b363-4e45-92c6-7196f51ed6d8, owner=system, identifier=0b32d62e-b305-4f3b-8bf1-f1e705bc4814, nullProperties=[wfExpireDate, wfPublishDate, wfActionAssign, wfActionId, wfActionComments, filterKey, whereToSend, wfNeverExpire, _path_to_move, timezoneId, iWantTo, wfPublishTime, wfExpireTime], modDate=2023-06-23 16:56:49.154, cachettl=0, _is_test_mode=true, languageId=1, title=test-page-title-1687539409149, httpsreq=, url=test-page-url-1687539409149, showOnMenu=, inode=62d9b4b5-7a95-48d1-b385-59136fa091d7, folder=7ce5dc1c-017d-401c-8de4-473420e803fe, disabledWYSIWYG=[], sortOrder=1, modUser=system, host=216143fb-f5c5-4539-8d3f-bf234d119087, stInode=c541abb1-69b3-4bc5-8430-5e09e5239cc8, friendlyName=test-page-friendly-name-1687539409149},lowIndexPriority=false,variantId=DEFAULT], parent=com.dotmarketing.portlets.folders.model.Folder@2f8b0523[identifier=7ce5dc1c-017d-401c-8de4-473420e803fe,name=testName1687539409019,sortOrder=0,showOnMenu=false,hostId=216143fb-f5c5-4539-8d3f-bf234d119087,type=folder,title=testTitle1687539409019,filesMasks=,defaultFileType=33888b6f-7a8e-4069-b1b6-5c1aa9d0a48d,modDate=2023-06-23 16:56:49.022,owner=&lt;null&gt;,iDate=2023-06-23 16:56:49.022,inode=7ce5dc1c-017d-401c-8de4-473420e803fe,path=/testName1687539409019/], expectedName='test-page-url-1687539409149', expectedType='htmlpageasset'}]" classname="com.dotmarketing.business.DeterministicIdentifierAPITest" time="0.003"/>
  <testcase name="Test_Asset_Generate_Deterministic_Id_Best_Effort[4: TestCase{versionable=com.dotmarketing.portlets.contentlet.model.Contentlet@51fac944[map={fileAsset2=/home/runner/work/core/custom/assets/2/d/2df7ce45-4101-4d44-949b-bc748b5f6310/fileAsset2/test_binary1687539409935.png, modDate=2023-06-23 16:56:49.94, fileAsset1=/home/runner/work/core/custom/assets/2/d/2df7ce45-4101-4d44-949b-bc748b5f6310/fileAsset1/test_binary1687539409934.jpg, title=blah, inode=2df7ce45-4101-4d44-949b-bc748b5f6310, __IS_NEW_CONTENT__=true, disabledWYSIWYG=[], host=8a7d5e23-da1e-420a-b4f0-471e7da8ea2d, stInode=a6b6191e-460f-47b4-9dc9-0fed59d2c948, owner=system, identifier=343f8335-4bfd-4281-bead-255e04cb455f, nullProperties=[], languageId=1, image1=61a4c818-de0e-4736-a230-239516d53e94, folder=SYSTEM_FOLDER, __disable_workflow__=true, sortOrder=0, modUser=system},lowIndexPriority=false,variantId=DEFAULT], parent=default, expectedName='test_binary1687539409934.jpg:test_binary1687539409935.png', expectedType='MultipleBinaries1687539409262'}]" classname="com.dotmarketing.business.DeterministicIdentifierAPITest" time="0.007"/>
  <testcase name="Test_Asset_Generate_Deterministic_Id_Best_Effort[5: TestCase{versionable=name7780b9fc5b : keyTag7780b9fc5b, parent=my.host1687539408047.com, expectedName='keyTag7780b9fc5b', expectedType='persona'}]" classname="com.dotmarketing.business.DeterministicIdentifierAPITest" time="0.007"/>
  <testcase name="Test_Similar_Content_Type_Wont_Clash" classname="com.dotmarketing.business.DeterministicIdentifierAPITest" time="0.744"/>
  <testcase name="Test_Generate_Folder_Identifier" classname="com.dotmarketing.business.DeterministicIdentifierAPITest" time="1.053"/>
  <testcase name="Test_Generate_Content_Type_Identifier[0: ContentTypeTestCase{contentType=KeyValueContentType{name=Language Variable, id=f4d7c1b8-2c88-4071-abf1-a5328977b07d, description=Default Content Type for Language Variables, defaultType=false, fixed=true, iDate=Thu Aug 31 16:38:49 UTC 2017, system=true, versionable=true, variable=Languagevariable, modDate=Fri Jun 23 16:53:17 UTC 2023, host=SYSTEM_HOST, siteName=systemHost, icon=language, sortOrder=0, folder=SYSTEM_FOLDER, folderPath=/, markedForDeletion=false, multilingualable=false}, expectedName='Languagevariable', expectedType='KeyValue'}]" classname="com.dotmarketing.business.DeterministicIdentifierAPITest" time="0.009"/>
  <testcase name="Test_Generate_Content_Type_Identifier[1: ContentTypeTestCase{contentType=SimpleContentType{name=testName1687539410327, id=1bda367d-b89b-42aa-b222-ff48f867c289, description=testDescription1687539410327, defaultType=false, fixed=false, iDate=Fri Jun 23 16:56:50 UTC 2023, system=false, versionable=true, multilingualable=false, variable=testVarname1687539410327, owner=system, modDate=Fri Jun 23 16:56:50 UTC 2023, host=8a7d5e23-da1e-420a-b4f0-471e7da8ea2d, siteName=default, icon=event_note, sortOrder=0, folder=SYSTEM_FOLDER, folderPath=/, requiredFields=[], markedForDeletion=false}, expectedName='testVarname1687539410327', expectedType='CONTENT'}]" classname="com.dotmarketing.business.DeterministicIdentifierAPITest" time="0.004"/>
  <system-out><![CDATA[]]></system-out>
  <system-err><![CDATA[]]></system-err>
</testsuite>
