<?xml version="1.0" encoding="UTF-8"?>
<testsuite name="com.dotmarketing.portlets.workflows.model.SystemActionWorkflowActionMappingTest" tests="3" skipped="0" failures="0" errors="0" timestamp="2023-06-29T21:02:48" hostname="fv-az576-571" time="0.092">
  <properties/>
  <testcase name="test_serialize_deserialize_wrapper_jackson" classname="com.dotmarketing.portlets.workflows.model.SystemActionWorkflowActionMappingTest" time="0.054"/>
  <testcase name="test_serialize_deserialize_wrapper_xstream" classname="com.dotmarketing.portlets.workflows.model.SystemActionWorkflowActionMappingTest" time="0.02"/>
  <testcase name="test_serialize_deserialize_xstream" classname="com.dotmarketing.portlets.workflows.model.SystemActionWorkflowActionMappingTest" time="0.018"/>
  <system-out><![CDATA[]]></system-out>
  <system-err><![CDATA[]]></system-err>
</testsuite>
