<?xml version="1.0" encoding="UTF-8"?>
<testsuite name="com.dotmarketing.portlets.structure.model.ContentletRelationshipsTest" tests="7" skipped="0" failures="0" errors="0" timestamp="2023-07-14T23:01:50" hostname="fv-az613-925" time="7.771">
  <properties/>
  <testcase name="testDoesAllowOnlyOne[0: com.dotmarketing.portlets.structure.model.ContentletRelationshipsTest$CardinalityTestCase@d3dd2fb]" classname="com.dotmarketing.portlets.structure.model.ContentletRelationshipsTest" time="0.54"/>
  <testcase name="testDoesAllowOnlyOne[1: com.dotmarketing.portlets.structure.model.ContentletRelationshipsTest$CardinalityTestCase@7f9c7f3d]" classname="com.dotmarketing.portlets.structure.model.ContentletRelationshipsTest" time="0.536"/>
  <testcase name="testDoesAllowOnlyOne[2: com.dotmarketing.portlets.structure.model.ContentletRelationshipsTest$CardinalityTestCase@5425a191]" classname="com.dotmarketing.portlets.structure.model.ContentletRelationshipsTest" time="0.575"/>
  <testcase name="testGetRelationshipRecords[0: com.dotmarketing.portlets.structure.model.ContentletRelationshipsTest$TestCase@182ade1c]" classname="com.dotmarketing.portlets.structure.model.ContentletRelationshipsTest" time="2.108"/>
  <testcase name="testGetRelationshipRecords[1: com.dotmarketing.portlets.structure.model.ContentletRelationshipsTest$TestCase@7be37de8]" classname="com.dotmarketing.portlets.structure.model.ContentletRelationshipsTest" time="1.102"/>
  <testcase name="testGetRelationshipRecords[2: com.dotmarketing.portlets.structure.model.ContentletRelationshipsTest$TestCase@671a803e]" classname="com.dotmarketing.portlets.structure.model.ContentletRelationshipsTest" time="0.963"/>
  <testcase name="testGetRelationshipRecords[3: com.dotmarketing.portlets.structure.model.ContentletRelationshipsTest$TestCase@1e4a9c65]" classname="com.dotmarketing.portlets.structure.model.ContentletRelationshipsTest" time="1.94"/>
  <system-out><![CDATA[]]></system-out>
  <system-err><![CDATA[]]></system-err>
</testsuite>
