<?xml version="1.0" encoding="UTF-8"?>
<testsuite name="com.dotmarketing.portlets.structure.model.ContentletRelationshipsTest" tests="7" skipped="0" failures="0" errors="0" timestamp="2023-07-06T23:41:03" hostname="fv-az450-882" time="8.417">
  <properties/>
  <testcase name="testDoesAllowOnlyOne[0: com.dotmarketing.portlets.structure.model.ContentletRelationshipsTest$CardinalityTestCase@31c25f4e]" classname="com.dotmarketing.portlets.structure.model.ContentletRelationshipsTest" time="0.533"/>
  <testcase name="testDoesAllowOnlyOne[1: com.dotmarketing.portlets.structure.model.ContentletRelationshipsTest$CardinalityTestCase@222a5dc7]" classname="com.dotmarketing.portlets.structure.model.ContentletRelationshipsTest" time="0.537"/>
  <testcase name="testDoesAllowOnlyOne[2: com.dotmarketing.portlets.structure.model.ContentletRelationshipsTest$CardinalityTestCase@56bfcc8a]" classname="com.dotmarketing.portlets.structure.model.ContentletRelationshipsTest" time="0.488"/>
  <testcase name="testGetRelationshipRecords[0: com.dotmarketing.portlets.structure.model.ContentletRelationshipsTest$TestCase@492c9b86]" classname="com.dotmarketing.portlets.structure.model.ContentletRelationshipsTest" time="2.051"/>
  <testcase name="testGetRelationshipRecords[1: com.dotmarketing.portlets.structure.model.ContentletRelationshipsTest$TestCase@6ab785c2]" classname="com.dotmarketing.portlets.structure.model.ContentletRelationshipsTest" time="2.072"/>
  <testcase name="testGetRelationshipRecords[2: com.dotmarketing.portlets.structure.model.ContentletRelationshipsTest$TestCase@1a833936]" classname="com.dotmarketing.portlets.structure.model.ContentletRelationshipsTest" time="0.827"/>
  <testcase name="testGetRelationshipRecords[3: com.dotmarketing.portlets.structure.model.ContentletRelationshipsTest$TestCase@32707d70]" classname="com.dotmarketing.portlets.structure.model.ContentletRelationshipsTest" time="1.906"/>
  <system-out><![CDATA[]]></system-out>
  <system-err><![CDATA[]]></system-err>
</testsuite>
