<?xml version="1.0" encoding="UTF-8"?>
<testsuite name="com.dotcms.contenttype.model.field.layout.FieldLayoutRowSerializerTest" tests="2" skipped="0" failures="0" errors="0" timestamp="2023-06-27T19:07:14" hostname="fv-az337-595" time="0.058">
  <properties/>
  <testcase name="testSerialize" classname="com.dotcms.contenttype.model.field.layout.FieldLayoutRowSerializerTest" time="0.006"/>
  <testcase name="testSerializeWhenPassContentTypeInternationalization" classname="com.dotcms.contenttype.model.field.layout.FieldLayoutRowSerializerTest" time="0.052"/>
  <system-out><![CDATA[]]></system-out>
  <system-err><![CDATA[]]></system-err>
</testsuite>
