<?xml version="1.0" encoding="UTF-8"?>
<testsuite name="com.dotcms.rest.api.v1.vtl.VTLResourceIntegrationTest" tests="6" skipped="0" failures="0" errors="0" timestamp="2023-06-29T02:06:19" hostname="fv-az445-202" time="11.069">
  <properties/>
  <testcase name="testGet[0: com.dotcms.rest.api.v1.vtl.VTLResourceTestCase@35dbd370]" classname="com.dotcms.rest.api.v1.vtl.VTLResourceIntegrationTest" time="2.169"/>
  <testcase name="testGet[1: com.dotcms.rest.api.v1.vtl.VTLResourceTestCase@36b52391]" classname="com.dotcms.rest.api.v1.vtl.VTLResourceIntegrationTest" time="1.922"/>
  <testcase name="testGet[2: com.dotcms.rest.api.v1.vtl.VTLResourceTestCase@3f27b813]" classname="com.dotcms.rest.api.v1.vtl.VTLResourceIntegrationTest" time="1.996"/>
  <testcase name="testGet[3: com.dotcms.rest.api.v1.vtl.VTLResourceTestCase@7f94ff2b]" classname="com.dotcms.rest.api.v1.vtl.VTLResourceIntegrationTest" time="1.141"/>
  <testcase name="testGet[4: com.dotcms.rest.api.v1.vtl.VTLResourceTestCase@143fe3fa]" classname="com.dotcms.rest.api.v1.vtl.VTLResourceIntegrationTest" time="1.86"/>
  <testcase name="testGet[5: com.dotcms.rest.api.v1.vtl.VTLResourceTestCase@b09f347]" classname="com.dotcms.rest.api.v1.vtl.VTLResourceIntegrationTest" time="1.981"/>
  <system-out><![CDATA[]]></system-out>
  <system-err><![CDATA[]]></system-err>
</testsuite>
