<?xml version="1.0" encoding="UTF-8"?>
<testsuite name="com.dotcms.rendering.velocity.viewtools.content.util.ContentUtilsTest" tests="89" skipped="0" failures="0" errors="0" timestamp="2023-07-14T17:57:25" hostname="fv-az1236-699" time="397.987">
  <properties/>
  <testcase name="whenTheTimeMachineDateIsNullAndPublishDateInFutureShouldNotReturnAnything" classname="com.dotcms.rendering.velocity.viewtools.content.util.ContentUtilsTest" time="2.97"/>
  <testcase name="test_find_multilingual_contentlet_getContentletSuccessfully" classname="com.dotcms.rendering.velocity.viewtools.content.util.ContentUtilsTest" time="2.062"/>
  <testcase name="whenTheTimeMachineDateAndPublishDateAreTomorrowShouldReturnOneContent" classname="com.dotcms.rendering.velocity.viewtools.content.util.ContentUtilsTest" time="2.971"/>
  <testcase name="testPullRelated[0: com.dotcms.rendering.velocity.viewtools.content.util.ContentUtilsTest$TestCase@2f5b2440]" classname="com.dotcms.rendering.velocity.viewtools.content.util.ContentUtilsTest" time="2.655"/>
  <testcase name="testPullRelated[1: com.dotcms.rendering.velocity.viewtools.content.util.ContentUtilsTest$TestCase@16f5736]" classname="com.dotcms.rendering.velocity.viewtools.content.util.ContentUtilsTest" time="4.185"/>
  <testcase name="testPullRelated[2: com.dotcms.rendering.velocity.viewtools.content.util.ContentUtilsTest$TestCase@92e3d29]" classname="com.dotcms.rendering.velocity.viewtools.content.util.ContentUtilsTest" time="2.89"/>
  <testcase name="testPullRelated[3: com.dotcms.rendering.velocity.viewtools.content.util.ContentUtilsTest$TestCase@5a5c7f0a]" classname="com.dotcms.rendering.velocity.viewtools.content.util.ContentUtilsTest" time="4.001"/>
  <testcase name="testPullRelated[4: com.dotcms.rendering.velocity.viewtools.content.util.ContentUtilsTest$TestCase@2c532925]" classname="com.dotcms.rendering.velocity.viewtools.content.util.ContentUtilsTest" time="3.894"/>
  <testcase name="testPullRelated[5: com.dotcms.rendering.velocity.viewtools.content.util.ContentUtilsTest$TestCase@57fe1d7e]" classname="com.dotcms.rendering.velocity.viewtools.content.util.ContentUtilsTest" time="4.067"/>
  <testcase name="testPullRelated[6: com.dotcms.rendering.velocity.viewtools.content.util.ContentUtilsTest$TestCase@2f41a5dd]" classname="com.dotcms.rendering.velocity.viewtools.content.util.ContentUtilsTest" time="4.156"/>
  <testcase name="testPullRelated[7: com.dotcms.rendering.velocity.viewtools.content.util.ContentUtilsTest$TestCase@165c2b10]" classname="com.dotcms.rendering.velocity.viewtools.content.util.ContentUtilsTest" time="4.015"/>
  <testcase name="testPullRelated[8: com.dotcms.rendering.velocity.viewtools.content.util.ContentUtilsTest$TestCase@23f322ff]" classname="com.dotcms.rendering.velocity.viewtools.content.util.ContentUtilsTest" time="4.317"/>
  <testcase name="testPullRelated[9: com.dotcms.rendering.velocity.viewtools.content.util.ContentUtilsTest$TestCase@441de12]" classname="com.dotcms.rendering.velocity.viewtools.content.util.ContentUtilsTest" time="3.708"/>
  <testcase name="testPullRelated[10: com.dotcms.rendering.velocity.viewtools.content.util.ContentUtilsTest$TestCase@260cec0a]" classname="com.dotcms.rendering.velocity.viewtools.content.util.ContentUtilsTest" time="4.283"/>
  <testcase name="testPullRelated[11: com.dotcms.rendering.velocity.viewtools.content.util.ContentUtilsTest$TestCase@517f5770]" classname="com.dotcms.rendering.velocity.viewtools.content.util.ContentUtilsTest" time="3.002"/>
  <testcase name="testPullRelated[12: com.dotcms.rendering.velocity.viewtools.content.util.ContentUtilsTest$TestCase@6b21737a]" classname="com.dotcms.rendering.velocity.viewtools.content.util.ContentUtilsTest" time="2.947"/>
  <testcase name="testPullRelated[13: com.dotcms.rendering.velocity.viewtools.content.util.ContentUtilsTest$TestCase@611a8142]" classname="com.dotcms.rendering.velocity.viewtools.content.util.ContentUtilsTest" time="3.893"/>
  <testcase name="testPullRelated[14: com.dotcms.rendering.velocity.viewtools.content.util.ContentUtilsTest$TestCase@20b74dd7]" classname="com.dotcms.rendering.velocity.viewtools.content.util.ContentUtilsTest" time="4.347"/>
  <testcase name="testPullRelated[15: com.dotcms.rendering.velocity.viewtools.content.util.ContentUtilsTest$TestCase@b585a66]" classname="com.dotcms.rendering.velocity.viewtools.content.util.ContentUtilsTest" time="3.83"/>
  <testcase name="testPullRelated[16: com.dotcms.rendering.velocity.viewtools.content.util.ContentUtilsTest$TestCase@6b8242d4]" classname="com.dotcms.rendering.velocity.viewtools.content.util.ContentUtilsTest" time="4.208"/>
  <testcase name="testPullRelated[17: com.dotcms.rendering.velocity.viewtools.content.util.ContentUtilsTest$TestCase@5ea7ce77]" classname="com.dotcms.rendering.velocity.viewtools.content.util.ContentUtilsTest" time="2.989"/>
  <testcase name="testPullRelated[18: com.dotcms.rendering.velocity.viewtools.content.util.ContentUtilsTest$TestCase@44e4e981]" classname="com.dotcms.rendering.velocity.viewtools.content.util.ContentUtilsTest" time="3.025"/>
  <testcase name="testPullRelated[19: com.dotcms.rendering.velocity.viewtools.content.util.ContentUtilsTest$TestCase@da61011]" classname="com.dotcms.rendering.velocity.viewtools.content.util.ContentUtilsTest" time="3.04"/>
  <testcase name="testPullRelated[20: com.dotcms.rendering.velocity.viewtools.content.util.ContentUtilsTest$TestCase@744b6793]" classname="com.dotcms.rendering.velocity.viewtools.content.util.ContentUtilsTest" time="3.928"/>
  <testcase name="testPullRelated[21: com.dotcms.rendering.velocity.viewtools.content.util.ContentUtilsTest$TestCase@14ffcb1b]" classname="com.dotcms.rendering.velocity.viewtools.content.util.ContentUtilsTest" time="4.018"/>
  <testcase name="testPullRelated[22: com.dotcms.rendering.velocity.viewtools.content.util.ContentUtilsTest$TestCase@77b480e4]" classname="com.dotcms.rendering.velocity.viewtools.content.util.ContentUtilsTest" time="4.148"/>
  <testcase name="testPullRelated[23: com.dotcms.rendering.velocity.viewtools.content.util.ContentUtilsTest$TestCase@4aaf209b]" classname="com.dotcms.rendering.velocity.viewtools.content.util.ContentUtilsTest" time="3.09"/>
  <testcase name="testPullRelated[24: com.dotcms.rendering.velocity.viewtools.content.util.ContentUtilsTest$TestCase@65f7b1a2]" classname="com.dotcms.rendering.velocity.viewtools.content.util.ContentUtilsTest" time="3.909"/>
  <testcase name="testPullRelated[25: com.dotcms.rendering.velocity.viewtools.content.util.ContentUtilsTest$TestCase@fba1914]" classname="com.dotcms.rendering.velocity.viewtools.content.util.ContentUtilsTest" time="4.077"/>
  <testcase name="testPullRelated[26: com.dotcms.rendering.velocity.viewtools.content.util.ContentUtilsTest$TestCase@5c5a0ba7]" classname="com.dotcms.rendering.velocity.viewtools.content.util.ContentUtilsTest" time="4.296"/>
  <testcase name="testPullRelated[27: com.dotcms.rendering.velocity.viewtools.content.util.ContentUtilsTest$TestCase@6f42534f]" classname="com.dotcms.rendering.velocity.viewtools.content.util.ContentUtilsTest" time="3.866"/>
  <testcase name="testPullRelated[28: com.dotcms.rendering.velocity.viewtools.content.util.ContentUtilsTest$TestCase@376095a4]" classname="com.dotcms.rendering.velocity.viewtools.content.util.ContentUtilsTest" time="4.108"/>
  <testcase name="testPullRelated[29: com.dotcms.rendering.velocity.viewtools.content.util.ContentUtilsTest$TestCase@68cd48e5]" classname="com.dotcms.rendering.velocity.viewtools.content.util.ContentUtilsTest" time="3.845"/>
  <testcase name="testPullRelated[30: com.dotcms.rendering.velocity.viewtools.content.util.ContentUtilsTest$TestCase@64467168]" classname="com.dotcms.rendering.velocity.viewtools.content.util.ContentUtilsTest" time="3.271"/>
  <testcase name="testPullRelated[31: com.dotcms.rendering.velocity.viewtools.content.util.ContentUtilsTest$TestCase@19639e84]" classname="com.dotcms.rendering.velocity.viewtools.content.util.ContentUtilsTest" time="3.761"/>
  <testcase name="testPullRelated[32: com.dotcms.rendering.velocity.viewtools.content.util.ContentUtilsTest$TestCase@2a1de5b9]" classname="com.dotcms.rendering.velocity.viewtools.content.util.ContentUtilsTest" time="4.215"/>
  <testcase name="testPullRelated[33: com.dotcms.rendering.velocity.viewtools.content.util.ContentUtilsTest$TestCase@28951a7f]" classname="com.dotcms.rendering.velocity.viewtools.content.util.ContentUtilsTest" time="3.877"/>
  <testcase name="testPullRelated[34: com.dotcms.rendering.velocity.viewtools.content.util.ContentUtilsTest$TestCase@7f8ff334]" classname="com.dotcms.rendering.velocity.viewtools.content.util.ContentUtilsTest" time="4.315"/>
  <testcase name="testPullRelated[35: com.dotcms.rendering.velocity.viewtools.content.util.ContentUtilsTest$TestCase@7a1dd5ff]" classname="com.dotcms.rendering.velocity.viewtools.content.util.ContentUtilsTest" time="3.98"/>
  <testcase name="testPullRelated[36: com.dotcms.rendering.velocity.viewtools.content.util.ContentUtilsTest$TestCase@3f68c728]" classname="com.dotcms.rendering.velocity.viewtools.content.util.ContentUtilsTest" time="6.07"/>
  <testcase name="testPullRelated[37: com.dotcms.rendering.velocity.viewtools.content.util.ContentUtilsTest$TestCase@3f2e6458]" classname="com.dotcms.rendering.velocity.viewtools.content.util.ContentUtilsTest" time="5.991"/>
  <testcase name="testPullRelated[38: com.dotcms.rendering.velocity.viewtools.content.util.ContentUtilsTest$TestCase@3f3826da]" classname="com.dotcms.rendering.velocity.viewtools.content.util.ContentUtilsTest" time="6.443"/>
  <testcase name="testPullRelated[39: com.dotcms.rendering.velocity.viewtools.content.util.ContentUtilsTest$TestCase@2b1ebeef]" classname="com.dotcms.rendering.velocity.viewtools.content.util.ContentUtilsTest" time="6.02"/>
  <testcase name="testPullRelated[40: com.dotcms.rendering.velocity.viewtools.content.util.ContentUtilsTest$TestCase@52367d23]" classname="com.dotcms.rendering.velocity.viewtools.content.util.ContentUtilsTest" time="5.855"/>
  <testcase name="testPullRelated[41: com.dotcms.rendering.velocity.viewtools.content.util.ContentUtilsTest$TestCase@1e76cf99]" classname="com.dotcms.rendering.velocity.viewtools.content.util.ContentUtilsTest" time="5.922"/>
  <testcase name="testPullRelated[42: com.dotcms.rendering.velocity.viewtools.content.util.ContentUtilsTest$TestCase@6086247b]" classname="com.dotcms.rendering.velocity.viewtools.content.util.ContentUtilsTest" time="6.708"/>
  <testcase name="testPullRelated[43: com.dotcms.rendering.velocity.viewtools.content.util.ContentUtilsTest$TestCase@3e310742]" classname="com.dotcms.rendering.velocity.viewtools.content.util.ContentUtilsTest" time="5.893"/>
  <testcase name="testPullRelated[44: com.dotcms.rendering.velocity.viewtools.content.util.ContentUtilsTest$TestCase@5f8fbac2]" classname="com.dotcms.rendering.velocity.viewtools.content.util.ContentUtilsTest" time="6.016"/>
  <testcase name="testPullRelated[45: com.dotcms.rendering.velocity.viewtools.content.util.ContentUtilsTest$TestCase@77adbcad]" classname="com.dotcms.rendering.velocity.viewtools.content.util.ContentUtilsTest" time="6.046"/>
  <testcase name="testPullRelated[46: com.dotcms.rendering.velocity.viewtools.content.util.ContentUtilsTest$TestCase@2659ebdf]" classname="com.dotcms.rendering.velocity.viewtools.content.util.ContentUtilsTest" time="6.205"/>
  <testcase name="testPullRelated[47: com.dotcms.rendering.velocity.viewtools.content.util.ContentUtilsTest$TestCase@10e4f341]" classname="com.dotcms.rendering.velocity.viewtools.content.util.ContentUtilsTest" time="5.846"/>
  <testcase name="testPullRelated[48: com.dotcms.rendering.velocity.viewtools.content.util.ContentUtilsTest$TestCase@329f1235]" classname="com.dotcms.rendering.velocity.viewtools.content.util.ContentUtilsTest" time="6.27"/>
  <testcase name="testPullRelated[49: com.dotcms.rendering.velocity.viewtools.content.util.ContentUtilsTest$TestCase@28cd981f]" classname="com.dotcms.rendering.velocity.viewtools.content.util.ContentUtilsTest" time="5.799"/>
  <testcase name="testPullRelated[50: com.dotcms.rendering.velocity.viewtools.content.util.ContentUtilsTest$TestCase@412399ca]" classname="com.dotcms.rendering.velocity.viewtools.content.util.ContentUtilsTest" time="6.248"/>
  <testcase name="testPullRelated[51: com.dotcms.rendering.velocity.viewtools.content.util.ContentUtilsTest$TestCase@76ea1454]" classname="com.dotcms.rendering.velocity.viewtools.content.util.ContentUtilsTest" time="6.096"/>
  <testcase name="testPullRelated[52: com.dotcms.rendering.velocity.viewtools.content.util.ContentUtilsTest$TestCase@3caebe06]" classname="com.dotcms.rendering.velocity.viewtools.content.util.ContentUtilsTest" time="6.096"/>
  <testcase name="testPullRelated[53: com.dotcms.rendering.velocity.viewtools.content.util.ContentUtilsTest$TestCase@7867c4ec]" classname="com.dotcms.rendering.velocity.viewtools.content.util.ContentUtilsTest" time="5.915"/>
  <testcase name="testPullRelated[54: com.dotcms.rendering.velocity.viewtools.content.util.ContentUtilsTest$TestCase@25d7efe3]" classname="com.dotcms.rendering.velocity.viewtools.content.util.ContentUtilsTest" time="6.18"/>
  <testcase name="testPullRelated[55: com.dotcms.rendering.velocity.viewtools.content.util.ContentUtilsTest$TestCase@33917b9]" classname="com.dotcms.rendering.velocity.viewtools.content.util.ContentUtilsTest" time="5.295"/>
  <testcase name="testPullRelated[56: com.dotcms.rendering.velocity.viewtools.content.util.ContentUtilsTest$TestCase@4aaed756]" classname="com.dotcms.rendering.velocity.viewtools.content.util.ContentUtilsTest" time="5.889"/>
  <testcase name="testPullRelated[57: com.dotcms.rendering.velocity.viewtools.content.util.ContentUtilsTest$TestCase@ca83a4b]" classname="com.dotcms.rendering.velocity.viewtools.content.util.ContentUtilsTest" time="6.062"/>
  <testcase name="testPullRelated[58: com.dotcms.rendering.velocity.viewtools.content.util.ContentUtilsTest$TestCase@169a64ca]" classname="com.dotcms.rendering.velocity.viewtools.content.util.ContentUtilsTest" time="6.264"/>
  <testcase name="testPullRelated[59: com.dotcms.rendering.velocity.viewtools.content.util.ContentUtilsTest$TestCase@5d552d7f]" classname="com.dotcms.rendering.velocity.viewtools.content.util.ContentUtilsTest" time="5.964"/>
  <testcase name="testPullRelated[60: com.dotcms.rendering.velocity.viewtools.content.util.ContentUtilsTest$TestCase@617d45e4]" classname="com.dotcms.rendering.velocity.viewtools.content.util.ContentUtilsTest" time="5.978"/>
  <testcase name="testPullRelated[61: com.dotcms.rendering.velocity.viewtools.content.util.ContentUtilsTest$TestCase@2c4a41e2]" classname="com.dotcms.rendering.velocity.viewtools.content.util.ContentUtilsTest" time="6.096"/>
  <testcase name="testPullRelated[62: com.dotcms.rendering.velocity.viewtools.content.util.ContentUtilsTest$TestCase@69b3dc95]" classname="com.dotcms.rendering.velocity.viewtools.content.util.ContentUtilsTest" time="6.382"/>
  <testcase name="testPullRelated[63: com.dotcms.rendering.velocity.viewtools.content.util.ContentUtilsTest$TestCase@1df92a09]" classname="com.dotcms.rendering.velocity.viewtools.content.util.ContentUtilsTest" time="4.838"/>
  <testcase name="testPullRelated[64: com.dotcms.rendering.velocity.viewtools.content.util.ContentUtilsTest$TestCase@16a00e37]" classname="com.dotcms.rendering.velocity.viewtools.content.util.ContentUtilsTest" time="6.203"/>
  <testcase name="testPullRelated[65: com.dotcms.rendering.velocity.viewtools.content.util.ContentUtilsTest$TestCase@681b0850]" classname="com.dotcms.rendering.velocity.viewtools.content.util.ContentUtilsTest" time="5.808"/>
  <testcase name="testPullRelated[66: com.dotcms.rendering.velocity.viewtools.content.util.ContentUtilsTest$TestCase@1f3b26b2]" classname="com.dotcms.rendering.velocity.viewtools.content.util.ContentUtilsTest" time="6.332"/>
  <testcase name="testPullRelated[67: com.dotcms.rendering.velocity.viewtools.content.util.ContentUtilsTest$TestCase@4bc6ee3e]" classname="com.dotcms.rendering.velocity.viewtools.content.util.ContentUtilsTest" time="6.028"/>
  <testcase name="testPullRelated[68: com.dotcms.rendering.velocity.viewtools.content.util.ContentUtilsTest$TestCase@5d8180c7]" classname="com.dotcms.rendering.velocity.viewtools.content.util.ContentUtilsTest" time="5.978"/>
  <testcase name="testPullRelated[69: com.dotcms.rendering.velocity.viewtools.content.util.ContentUtilsTest$TestCase@6d684aaf]" classname="com.dotcms.rendering.velocity.viewtools.content.util.ContentUtilsTest" time="6.081"/>
  <testcase name="testPullRelated[70: com.dotcms.rendering.velocity.viewtools.content.util.ContentUtilsTest$TestCase@2ba0ff06]" classname="com.dotcms.rendering.velocity.viewtools.content.util.ContentUtilsTest" time="6.314"/>
  <testcase name="testPullRelated[71: com.dotcms.rendering.velocity.viewtools.content.util.ContentUtilsTest$TestCase@576b4352]" classname="com.dotcms.rendering.velocity.viewtools.content.util.ContentUtilsTest" time="5.91"/>
  <testcase name="whenPublishAndExpireDatesAreInTheFutureAndTimeMachineIsAfterBoth" classname="com.dotcms.rendering.velocity.viewtools.content.util.ContentUtilsTest" time="3.048"/>
  <testcase name="testPullRelatedForLegacyRelationship[0: com.dotcms.rendering.velocity.viewtools.content.util.ContentUtilsTest$LegacyTestCase@63d66c0]" classname="com.dotcms.rendering.velocity.viewtools.content.util.ContentUtilsTest" time="2.695"/>
  <testcase name="testPullRelatedForLegacyRelationship[1: com.dotcms.rendering.velocity.viewtools.content.util.ContentUtilsTest$LegacyTestCase@292f699a]" classname="com.dotcms.rendering.velocity.viewtools.content.util.ContentUtilsTest" time="4.057"/>
  <testcase name="whenTheTimeMachineDateIsAfterTomorrowAndExpireDateIsTomorrowShouldNotReturnContent" classname="com.dotcms.rendering.velocity.viewtools.content.util.ContentUtilsTest" time="3.038"/>
  <testcase name="testPullLiveRelatedWhenLatestVersionIsWorking" classname="com.dotcms.rendering.velocity.viewtools.content.util.ContentUtilsTest" time="2.437"/>
  <testcase name="test_add_relationships_on_parent_children_related_contents" classname="com.dotcms.rendering.velocity.viewtools.content.util.ContentUtilsTest" time="1.653"/>
  <testcase name="testSortPullRelated[0: com.dotcms.rendering.velocity.viewtools.content.util.ContentUtilsTest$SortTestCase@5dbfb76]" classname="com.dotcms.rendering.velocity.viewtools.content.util.ContentUtilsTest" time="1.427"/>
  <testcase name="testSortPullRelated[1: com.dotcms.rendering.velocity.viewtools.content.util.ContentUtilsTest$SortTestCase@827494c]" classname="com.dotcms.rendering.velocity.viewtools.content.util.ContentUtilsTest" time="2.709"/>
  <testcase name="testSortPullRelated[2: com.dotcms.rendering.velocity.viewtools.content.util.ContentUtilsTest$SortTestCase@65c125ee]" classname="com.dotcms.rendering.velocity.viewtools.content.util.ContentUtilsTest" time="2.75"/>
  <testcase name="testSortPullRelated[3: com.dotcms.rendering.velocity.viewtools.content.util.ContentUtilsTest$SortTestCase@37f0e375]" classname="com.dotcms.rendering.velocity.viewtools.content.util.ContentUtilsTest" time="1.612"/>
  <testcase name="testSortPullRelated[4: com.dotcms.rendering.velocity.viewtools.content.util.ContentUtilsTest$SortTestCase@6daabeb6]" classname="com.dotcms.rendering.velocity.viewtools.content.util.ContentUtilsTest" time="2.762"/>
  <testcase name="testSortPullRelated[5: com.dotcms.rendering.velocity.viewtools.content.util.ContentUtilsTest$SortTestCase@5ff5e766]" classname="com.dotcms.rendering.velocity.viewtools.content.util.ContentUtilsTest" time="2.787"/>
  <testcase name="whenTheTimeMachineDateIsAfterTomorrowAndExpireDateIsInFutureShouldReturnContent" classname="com.dotcms.rendering.velocity.viewtools.content.util.ContentUtilsTest" time="3.113"/>
  <testcase name="testPullRelatedFieldShouldRespectDefaultOrder" classname="com.dotcms.rendering.velocity.viewtools.content.util.ContentUtilsTest" time="2.685"/>
  <system-out><![CDATA[]]></system-out>
  <system-err><![CDATA[]]></system-err>
</testsuite>
