<?xml version="1.0" encoding="UTF-8"?>
<testsuite name="com.dotcms.rest.MapToContentletPopulatorTest" tests="20" skipped="0" failures="0" errors="0" timestamp="2023-07-21T18:33:06" hostname="fv-az449-560" time="54.865">
  <properties/>
  <testcase name="testPopulateLegacyRelationshipWithLuceneQueryAndIdentifier" classname="com.dotcms.rest.MapToContentletPopulatorTest" time="8.245"/>
  <testcase name="Test_Pass_Valid_Category" classname="com.dotcms.rest.MapToContentletPopulatorTest" time="4.589"/>
  <testcase name="Test_Pass_Empty_List_Multiple_Category_Fields_Pass_Empty_List" classname="com.dotcms.rest.MapToContentletPopulatorTest" time="1.705"/>
  <testcase name="Test_Pass_Null_As_Category" classname="com.dotcms.rest.MapToContentletPopulatorTest" time="4.635"/>
  <testcase name="testPopulateTwoSidedRelationshipWithLuceneQuery" classname="com.dotcms.rest.MapToContentletPopulatorTest" time="1.012"/>
  <testcase name="Test_Pass_Invalid_Category" classname="com.dotcms.rest.MapToContentletPopulatorTest" time="4.665"/>
  <testcase name="Test_Pass_List_Of_Categories" classname="com.dotcms.rest.MapToContentletPopulatorTest" time="4.7"/>
  <testcase name="testPopulateOneSidedRelationship[0: com.dotcms.rest.MapToContentletPopulatorTest$TestCase@41c2bd5a]" classname="com.dotcms.rest.MapToContentletPopulatorTest" time="0.696"/>
  <testcase name="testPopulateOneSidedRelationship[1: com.dotcms.rest.MapToContentletPopulatorTest$TestCase@4e78dc10]" classname="com.dotcms.rest.MapToContentletPopulatorTest" time="1.701"/>
  <testcase name="testPopulateOneSidedRelationship[2: com.dotcms.rest.MapToContentletPopulatorTest$TestCase@423c62d0]" classname="com.dotcms.rest.MapToContentletPopulatorTest" time="1.49"/>
  <testcase name="testPopulateOneSidedRelationship[3: com.dotcms.rest.MapToContentletPopulatorTest$TestCase@1cfa06a]" classname="com.dotcms.rest.MapToContentletPopulatorTest" time="1.454"/>
  <testcase name="Test_Set_Or_Resolve_Language" classname="com.dotcms.rest.MapToContentletPopulatorTest" time="1.067"/>
  <testcase name="Test_Pass_Categoryless_Contentlet" classname="com.dotcms.rest.MapToContentletPopulatorTest" time="4.586"/>
  <testcase name="Test_Pass_Empty_List_Multiple_Category_Fields_Pass_Null[0: &lt;null&gt;]" classname="com.dotcms.rest.MapToContentletPopulatorTest" time="1.673"/>
  <testcase name="Test_Pass_Empty_List_Multiple_Category_Fields_Pass_Null[1: null]" classname="com.dotcms.rest.MapToContentletPopulatorTest" time="1.72"/>
  <testcase name="Test_Pass_Empty_List_Multiple_Category_Fields_Pass_Null[2: null]" classname="com.dotcms.rest.MapToContentletPopulatorTest" time="1.744"/>
  <testcase name="Test_Pass_Empty_List_Of_Categories" classname="com.dotcms.rest.MapToContentletPopulatorTest" time="4.62"/>
  <testcase name="testPopulateContentletWithTwoSidedRelationshipAndParentRelationNameEqualsToAnotherFieldVarInChild" classname="com.dotcms.rest.MapToContentletPopulatorTest" time="1.742"/>
  <testcase name="Test_Pass_Empty_List_Multiple_Category_Fields_Pass_List_Of_Category" classname="com.dotcms.rest.MapToContentletPopulatorTest" time="1.749"/>
  <testcase name="testPopulateSelfJoinedRelationshipWithLuceneQuery" classname="com.dotcms.rest.MapToContentletPopulatorTest" time="1.069"/>
  <system-out><![CDATA[]]></system-out>
  <system-err><![CDATA[]]></system-err>
</testsuite>
