<?xml version="1.0" encoding="UTF-8"?>
<testsuite name="com.dotcms.rest.api.v1.vtl.VTLResourceIntegrationTest" tests="6" skipped="0" failures="0" errors="0" timestamp="2023-07-13T20:20:19" hostname="fv-az305-739" time="11.501">
  <properties/>
  <testcase name="testGet[0: com.dotcms.rest.api.v1.vtl.VTLResourceTestCase@5f9c4742]" classname="com.dotcms.rest.api.v1.vtl.VTLResourceIntegrationTest" time="1.533"/>
  <testcase name="testGet[1: com.dotcms.rest.api.v1.vtl.VTLResourceTestCase@b08199f]" classname="com.dotcms.rest.api.v1.vtl.VTLResourceIntegrationTest" time="2.067"/>
  <testcase name="testGet[2: com.dotcms.rest.api.v1.vtl.VTLResourceTestCase@26e58e0b]" classname="com.dotcms.rest.api.v1.vtl.VTLResourceIntegrationTest" time="2.077"/>
  <testcase name="testGet[3: com.dotcms.rest.api.v1.vtl.VTLResourceTestCase@48ad697f]" classname="com.dotcms.rest.api.v1.vtl.VTLResourceIntegrationTest" time="1.79"/>
  <testcase name="testGet[4: com.dotcms.rest.api.v1.vtl.VTLResourceTestCase@75b6817f]" classname="com.dotcms.rest.api.v1.vtl.VTLResourceIntegrationTest" time="2.039"/>
  <testcase name="testGet[5: com.dotcms.rest.api.v1.vtl.VTLResourceTestCase@3eb9aab7]" classname="com.dotcms.rest.api.v1.vtl.VTLResourceIntegrationTest" time="1.993"/>
  <system-out><![CDATA[]]></system-out>
  <system-err><![CDATA[]]></system-err>
</testsuite>
