<?xml version="1.0" encoding="UTF-8"?>
<testsuite name="com.dotmarketing.startup.runonce.Task220928AddLookbackWindowColumnToExperimentTest" tests="1" skipped="0" failures="0" errors="0" timestamp="2023-07-13T17:48:42" hostname="fv-az262-63" time="0.026">
  <properties/>
  <testcase name="testExecuteUpgrade" classname="com.dotmarketing.startup.runonce.Task220928AddLookbackWindowColumnToExperimentTest" time="0.026"/>
  <system-out><![CDATA[]]></system-out>
  <system-err><![CDATA[]]></system-err>
</testsuite>
