<?xml version="1.0" encoding="UTF-8"?>
<testsuite name="com.dotmarketing.quartz.job.IntegrityDataGenerationJobTest" tests="1" skipped="0" failures="0" errors="0" timestamp="2023-07-20T05:50:27" hostname="fv-az450-410" time="0.097">
  <properties/>
  <testcase name="test_generateIntegrationData" classname="com.dotmarketing.quartz.job.IntegrityDataGenerationJobTest" time="0.097"/>
  <system-out><![CDATA[]]></system-out>
  <system-err><![CDATA[]]></system-err>
</testsuite>
