<?xml version="1.0" encoding="UTF-8"?>
<testsuite name="com.dotcms.rest.elasticsearch.ESContentResourcePortletTest" tests="8" skipped="0" failures="0" errors="0" timestamp="2023-07-12T19:31:25" hostname="fv-az642-316" time="8.639">
  <properties/>
  <testcase name="test_search_includeGrandChildCategory_success" classname="com.dotcms.rest.elasticsearch.ESContentResourcePortletTest" time="1.357"/>
  <testcase name="testSearch[0: com.dotcms.rest.elasticsearch.ESContentResourcePortletTest$TestCase@4943b4f5]" classname="com.dotcms.rest.elasticsearch.ESContentResourcePortletTest" time="0.885"/>
  <testcase name="testSearch[1: com.dotcms.rest.elasticsearch.ESContentResourcePortletTest$TestCase@609a4e26]" classname="com.dotcms.rest.elasticsearch.ESContentResourcePortletTest" time="1.239"/>
  <testcase name="testSearch[2: com.dotcms.rest.elasticsearch.ESContentResourcePortletTest$TestCase@4c1690ae]" classname="com.dotcms.rest.elasticsearch.ESContentResourcePortletTest" time="0.882"/>
  <testcase name="testSearch[3: com.dotcms.rest.elasticsearch.ESContentResourcePortletTest$TestCase@18a0e875]" classname="com.dotcms.rest.elasticsearch.ESContentResourcePortletTest" time="1.268"/>
  <testcase name="testSearch[4: com.dotcms.rest.elasticsearch.ESContentResourcePortletTest$TestCase@4c900388]" classname="com.dotcms.rest.elasticsearch.ESContentResourcePortletTest" time="1.289"/>
  <testcase name="testSearch[5: com.dotcms.rest.elasticsearch.ESContentResourcePortletTest$TestCase@7ec99f42]" classname="com.dotcms.rest.elasticsearch.ESContentResourcePortletTest" time="0.847"/>
  <testcase name="testSearch[6: com.dotcms.rest.elasticsearch.ESContentResourcePortletTest$TestCase@6a2f3d5]" classname="com.dotcms.rest.elasticsearch.ESContentResourcePortletTest" time="0.87"/>
  <system-out><![CDATA[]]></system-out>
  <system-err><![CDATA[]]></system-err>
</testsuite>
