<?xml version="1.0" encoding="UTF-8"?>
<testsuite name="com.dotcms.rendering.velocity.viewtools.content.util.ContentUtilsTest" tests="89" skipped="0" failures="0" errors="0" timestamp="2023-07-20T17:18:25" hostname="fv-az574-670" time="412.95">
  <properties/>
  <testcase name="whenTheTimeMachineDateIsNullAndPublishDateInFutureShouldNotReturnAnything" classname="com.dotcms.rendering.velocity.viewtools.content.util.ContentUtilsTest" time="3.864"/>
  <testcase name="test_find_multilingual_contentlet_getContentletSuccessfully" classname="com.dotcms.rendering.velocity.viewtools.content.util.ContentUtilsTest" time="2.296"/>
  <testcase name="whenTheTimeMachineDateAndPublishDateAreTomorrowShouldReturnOneContent" classname="com.dotcms.rendering.velocity.viewtools.content.util.ContentUtilsTest" time="3.857"/>
  <testcase name="testPullRelated[0: com.dotcms.rendering.velocity.viewtools.content.util.ContentUtilsTest$TestCase@d34ec83]" classname="com.dotcms.rendering.velocity.viewtools.content.util.ContentUtilsTest" time="3.295"/>
  <testcase name="testPullRelated[1: com.dotcms.rendering.velocity.viewtools.content.util.ContentUtilsTest$TestCase@4e09e73b]" classname="com.dotcms.rendering.velocity.viewtools.content.util.ContentUtilsTest" time="3.647"/>
  <testcase name="testPullRelated[2: com.dotcms.rendering.velocity.viewtools.content.util.ContentUtilsTest$TestCase@4f34af71]" classname="com.dotcms.rendering.velocity.viewtools.content.util.ContentUtilsTest" time="4.634"/>
  <testcase name="testPullRelated[3: com.dotcms.rendering.velocity.viewtools.content.util.ContentUtilsTest$TestCase@68d1b6c]" classname="com.dotcms.rendering.velocity.viewtools.content.util.ContentUtilsTest" time="3.984"/>
  <testcase name="testPullRelated[4: com.dotcms.rendering.velocity.viewtools.content.util.ContentUtilsTest$TestCase@2cf7afca]" classname="com.dotcms.rendering.velocity.viewtools.content.util.ContentUtilsTest" time="4.087"/>
  <testcase name="testPullRelated[5: com.dotcms.rendering.velocity.viewtools.content.util.ContentUtilsTest$TestCase@2d46b550]" classname="com.dotcms.rendering.velocity.viewtools.content.util.ContentUtilsTest" time="4.918"/>
  <testcase name="testPullRelated[6: com.dotcms.rendering.velocity.viewtools.content.util.ContentUtilsTest$TestCase@47e3d8ae]" classname="com.dotcms.rendering.velocity.viewtools.content.util.ContentUtilsTest" time="3.314"/>
  <testcase name="testPullRelated[7: com.dotcms.rendering.velocity.viewtools.content.util.ContentUtilsTest$TestCase@295bed45]" classname="com.dotcms.rendering.velocity.viewtools.content.util.ContentUtilsTest" time="4.926"/>
  <testcase name="testPullRelated[8: com.dotcms.rendering.velocity.viewtools.content.util.ContentUtilsTest$TestCase@38c39e5b]" classname="com.dotcms.rendering.velocity.viewtools.content.util.ContentUtilsTest" time="4.201"/>
  <testcase name="testPullRelated[9: com.dotcms.rendering.velocity.viewtools.content.util.ContentUtilsTest$TestCase@20374026]" classname="com.dotcms.rendering.velocity.viewtools.content.util.ContentUtilsTest" time="3.997"/>
  <testcase name="testPullRelated[10: com.dotcms.rendering.velocity.viewtools.content.util.ContentUtilsTest$TestCase@79c8ca26]" classname="com.dotcms.rendering.velocity.viewtools.content.util.ContentUtilsTest" time="4.187"/>
  <testcase name="testPullRelated[11: com.dotcms.rendering.velocity.viewtools.content.util.ContentUtilsTest$TestCase@f0f219f]" classname="com.dotcms.rendering.velocity.viewtools.content.util.ContentUtilsTest" time="3.151"/>
  <testcase name="testPullRelated[12: com.dotcms.rendering.velocity.viewtools.content.util.ContentUtilsTest$TestCase@2b1a5763]" classname="com.dotcms.rendering.velocity.viewtools.content.util.ContentUtilsTest" time="4.829"/>
  <testcase name="testPullRelated[13: com.dotcms.rendering.velocity.viewtools.content.util.ContentUtilsTest$TestCase@31b61456]" classname="com.dotcms.rendering.velocity.viewtools.content.util.ContentUtilsTest" time="2.966"/>
  <testcase name="testPullRelated[14: com.dotcms.rendering.velocity.viewtools.content.util.ContentUtilsTest$TestCase@e9061bc]" classname="com.dotcms.rendering.velocity.viewtools.content.util.ContentUtilsTest" time="3.476"/>
  <testcase name="testPullRelated[15: com.dotcms.rendering.velocity.viewtools.content.util.ContentUtilsTest$TestCase@78e5ba28]" classname="com.dotcms.rendering.velocity.viewtools.content.util.ContentUtilsTest" time="4.033"/>
  <testcase name="testPullRelated[16: com.dotcms.rendering.velocity.viewtools.content.util.ContentUtilsTest$TestCase@1bd5b18]" classname="com.dotcms.rendering.velocity.viewtools.content.util.ContentUtilsTest" time="4.978"/>
  <testcase name="testPullRelated[17: com.dotcms.rendering.velocity.viewtools.content.util.ContentUtilsTest$TestCase@a8fbdd]" classname="com.dotcms.rendering.velocity.viewtools.content.util.ContentUtilsTest" time="4.071"/>
  <testcase name="testPullRelated[18: com.dotcms.rendering.velocity.viewtools.content.util.ContentUtilsTest$TestCase@db8f7f5]" classname="com.dotcms.rendering.velocity.viewtools.content.util.ContentUtilsTest" time="4.016"/>
  <testcase name="testPullRelated[19: com.dotcms.rendering.velocity.viewtools.content.util.ContentUtilsTest$TestCase@58d93890]" classname="com.dotcms.rendering.velocity.viewtools.content.util.ContentUtilsTest" time="3.795"/>
  <testcase name="testPullRelated[20: com.dotcms.rendering.velocity.viewtools.content.util.ContentUtilsTest$TestCase@33d7cd08]" classname="com.dotcms.rendering.velocity.viewtools.content.util.ContentUtilsTest" time="3.125"/>
  <testcase name="testPullRelated[21: com.dotcms.rendering.velocity.viewtools.content.util.ContentUtilsTest$TestCase@7466aebc]" classname="com.dotcms.rendering.velocity.viewtools.content.util.ContentUtilsTest" time="4.192"/>
  <testcase name="testPullRelated[22: com.dotcms.rendering.velocity.viewtools.content.util.ContentUtilsTest$TestCase@3eabe89a]" classname="com.dotcms.rendering.velocity.viewtools.content.util.ContentUtilsTest" time="4.1"/>
  <testcase name="testPullRelated[23: com.dotcms.rendering.velocity.viewtools.content.util.ContentUtilsTest$TestCase@2f274a67]" classname="com.dotcms.rendering.velocity.viewtools.content.util.ContentUtilsTest" time="4.305"/>
  <testcase name="testPullRelated[24: com.dotcms.rendering.velocity.viewtools.content.util.ContentUtilsTest$TestCase@22156d06]" classname="com.dotcms.rendering.velocity.viewtools.content.util.ContentUtilsTest" time="3.76"/>
  <testcase name="testPullRelated[25: com.dotcms.rendering.velocity.viewtools.content.util.ContentUtilsTest$TestCase@63c734b6]" classname="com.dotcms.rendering.velocity.viewtools.content.util.ContentUtilsTest" time="4.239"/>
  <testcase name="testPullRelated[26: com.dotcms.rendering.velocity.viewtools.content.util.ContentUtilsTest$TestCase@249ff6c]" classname="com.dotcms.rendering.velocity.viewtools.content.util.ContentUtilsTest" time="4.091"/>
  <testcase name="testPullRelated[27: com.dotcms.rendering.velocity.viewtools.content.util.ContentUtilsTest$TestCase@17a8e930]" classname="com.dotcms.rendering.velocity.viewtools.content.util.ContentUtilsTest" time="3.457"/>
  <testcase name="testPullRelated[28: com.dotcms.rendering.velocity.viewtools.content.util.ContentUtilsTest$TestCase@1e5ccb9e]" classname="com.dotcms.rendering.velocity.viewtools.content.util.ContentUtilsTest" time="3.565"/>
  <testcase name="testPullRelated[29: com.dotcms.rendering.velocity.viewtools.content.util.ContentUtilsTest$TestCase@44e43e67]" classname="com.dotcms.rendering.velocity.viewtools.content.util.ContentUtilsTest" time="3.044"/>
  <testcase name="testPullRelated[30: com.dotcms.rendering.velocity.viewtools.content.util.ContentUtilsTest$TestCase@99b1b08]" classname="com.dotcms.rendering.velocity.viewtools.content.util.ContentUtilsTest" time="3.15"/>
  <testcase name="testPullRelated[31: com.dotcms.rendering.velocity.viewtools.content.util.ContentUtilsTest$TestCase@592a8262]" classname="com.dotcms.rendering.velocity.viewtools.content.util.ContentUtilsTest" time="3.116"/>
  <testcase name="testPullRelated[32: com.dotcms.rendering.velocity.viewtools.content.util.ContentUtilsTest$TestCase@2152a2e2]" classname="com.dotcms.rendering.velocity.viewtools.content.util.ContentUtilsTest" time="4.011"/>
  <testcase name="testPullRelated[33: com.dotcms.rendering.velocity.viewtools.content.util.ContentUtilsTest$TestCase@4420a7a9]" classname="com.dotcms.rendering.velocity.viewtools.content.util.ContentUtilsTest" time="3.116"/>
  <testcase name="testPullRelated[34: com.dotcms.rendering.velocity.viewtools.content.util.ContentUtilsTest$TestCase@1532a77e]" classname="com.dotcms.rendering.velocity.viewtools.content.util.ContentUtilsTest" time="4.219"/>
  <testcase name="testPullRelated[35: com.dotcms.rendering.velocity.viewtools.content.util.ContentUtilsTest$TestCase@18861e28]" classname="com.dotcms.rendering.velocity.viewtools.content.util.ContentUtilsTest" time="3.003"/>
  <testcase name="testPullRelated[36: com.dotcms.rendering.velocity.viewtools.content.util.ContentUtilsTest$TestCase@2cf7ea68]" classname="com.dotcms.rendering.velocity.viewtools.content.util.ContentUtilsTest" time="6.054"/>
  <testcase name="testPullRelated[37: com.dotcms.rendering.velocity.viewtools.content.util.ContentUtilsTest$TestCase@6d2b1db0]" classname="com.dotcms.rendering.velocity.viewtools.content.util.ContentUtilsTest" time="6.231"/>
  <testcase name="testPullRelated[38: com.dotcms.rendering.velocity.viewtools.content.util.ContentUtilsTest$TestCase@6d225e3c]" classname="com.dotcms.rendering.velocity.viewtools.content.util.ContentUtilsTest" time="6.51"/>
  <testcase name="testPullRelated[39: com.dotcms.rendering.velocity.viewtools.content.util.ContentUtilsTest$TestCase@457d6aee]" classname="com.dotcms.rendering.velocity.viewtools.content.util.ContentUtilsTest" time="6.118"/>
  <testcase name="testPullRelated[40: com.dotcms.rendering.velocity.viewtools.content.util.ContentUtilsTest$TestCase@564a7c83]" classname="com.dotcms.rendering.velocity.viewtools.content.util.ContentUtilsTest" time="6.039"/>
  <testcase name="testPullRelated[41: com.dotcms.rendering.velocity.viewtools.content.util.ContentUtilsTest$TestCase@63392d67]" classname="com.dotcms.rendering.velocity.viewtools.content.util.ContentUtilsTest" time="6.891"/>
  <testcase name="testPullRelated[42: com.dotcms.rendering.velocity.viewtools.content.util.ContentUtilsTest$TestCase@1c155c82]" classname="com.dotcms.rendering.velocity.viewtools.content.util.ContentUtilsTest" time="6.724"/>
  <testcase name="testPullRelated[43: com.dotcms.rendering.velocity.viewtools.content.util.ContentUtilsTest$TestCase@32116ff4]" classname="com.dotcms.rendering.velocity.viewtools.content.util.ContentUtilsTest" time="5.738"/>
  <testcase name="testPullRelated[44: com.dotcms.rendering.velocity.viewtools.content.util.ContentUtilsTest$TestCase@37baa351]" classname="com.dotcms.rendering.velocity.viewtools.content.util.ContentUtilsTest" time="7.015"/>
  <testcase name="testPullRelated[45: com.dotcms.rendering.velocity.viewtools.content.util.ContentUtilsTest$TestCase@1dc2e2d4]" classname="com.dotcms.rendering.velocity.viewtools.content.util.ContentUtilsTest" time="5.818"/>
  <testcase name="testPullRelated[46: com.dotcms.rendering.velocity.viewtools.content.util.ContentUtilsTest$TestCase@2b855ca2]" classname="com.dotcms.rendering.velocity.viewtools.content.util.ContentUtilsTest" time="6.493"/>
  <testcase name="testPullRelated[47: com.dotcms.rendering.velocity.viewtools.content.util.ContentUtilsTest$TestCase@1252e8e9]" classname="com.dotcms.rendering.velocity.viewtools.content.util.ContentUtilsTest" time="6.001"/>
  <testcase name="testPullRelated[48: com.dotcms.rendering.velocity.viewtools.content.util.ContentUtilsTest$TestCase@701061d9]" classname="com.dotcms.rendering.velocity.viewtools.content.util.ContentUtilsTest" time="6.268"/>
  <testcase name="testPullRelated[49: com.dotcms.rendering.velocity.viewtools.content.util.ContentUtilsTest$TestCase@7acee94d]" classname="com.dotcms.rendering.velocity.viewtools.content.util.ContentUtilsTest" time="5.721"/>
  <testcase name="testPullRelated[50: com.dotcms.rendering.velocity.viewtools.content.util.ContentUtilsTest$TestCase@7b2fdafa]" classname="com.dotcms.rendering.velocity.viewtools.content.util.ContentUtilsTest" time="5.335"/>
  <testcase name="testPullRelated[51: com.dotcms.rendering.velocity.viewtools.content.util.ContentUtilsTest$TestCase@7ebf60d6]" classname="com.dotcms.rendering.velocity.viewtools.content.util.ContentUtilsTest" time="6.322"/>
  <testcase name="testPullRelated[52: com.dotcms.rendering.velocity.viewtools.content.util.ContentUtilsTest$TestCase@dd2c871]" classname="com.dotcms.rendering.velocity.viewtools.content.util.ContentUtilsTest" time="6.156"/>
  <testcase name="testPullRelated[53: com.dotcms.rendering.velocity.viewtools.content.util.ContentUtilsTest$TestCase@dbdc07]" classname="com.dotcms.rendering.velocity.viewtools.content.util.ContentUtilsTest" time="6.061"/>
  <testcase name="testPullRelated[54: com.dotcms.rendering.velocity.viewtools.content.util.ContentUtilsTest$TestCase@5262eec]" classname="com.dotcms.rendering.velocity.viewtools.content.util.ContentUtilsTest" time="6.366"/>
  <testcase name="testPullRelated[55: com.dotcms.rendering.velocity.viewtools.content.util.ContentUtilsTest$TestCase@9a474e]" classname="com.dotcms.rendering.velocity.viewtools.content.util.ContentUtilsTest" time="5.996"/>
  <testcase name="testPullRelated[56: com.dotcms.rendering.velocity.viewtools.content.util.ContentUtilsTest$TestCase@1b10966c]" classname="com.dotcms.rendering.velocity.viewtools.content.util.ContentUtilsTest" time="5.925"/>
  <testcase name="testPullRelated[57: com.dotcms.rendering.velocity.viewtools.content.util.ContentUtilsTest$TestCase@45f54aed]" classname="com.dotcms.rendering.velocity.viewtools.content.util.ContentUtilsTest" time="5.885"/>
  <testcase name="testPullRelated[58: com.dotcms.rendering.velocity.viewtools.content.util.ContentUtilsTest$TestCase@71904df1]" classname="com.dotcms.rendering.velocity.viewtools.content.util.ContentUtilsTest" time="5.615"/>
  <testcase name="testPullRelated[59: com.dotcms.rendering.velocity.viewtools.content.util.ContentUtilsTest$TestCase@23e2c4ba]" classname="com.dotcms.rendering.velocity.viewtools.content.util.ContentUtilsTest" time="5.106"/>
  <testcase name="testPullRelated[60: com.dotcms.rendering.velocity.viewtools.content.util.ContentUtilsTest$TestCase@3cde955c]" classname="com.dotcms.rendering.velocity.viewtools.content.util.ContentUtilsTest" time="5.898"/>
  <testcase name="testPullRelated[61: com.dotcms.rendering.velocity.viewtools.content.util.ContentUtilsTest$TestCase@53130208]" classname="com.dotcms.rendering.velocity.viewtools.content.util.ContentUtilsTest" time="6.155"/>
  <testcase name="testPullRelated[62: com.dotcms.rendering.velocity.viewtools.content.util.ContentUtilsTest$TestCase@209f225e]" classname="com.dotcms.rendering.velocity.viewtools.content.util.ContentUtilsTest" time="6.062"/>
  <testcase name="testPullRelated[63: com.dotcms.rendering.velocity.viewtools.content.util.ContentUtilsTest$TestCase@156de5e3]" classname="com.dotcms.rendering.velocity.viewtools.content.util.ContentUtilsTest" time="5.184"/>
  <testcase name="testPullRelated[64: com.dotcms.rendering.velocity.viewtools.content.util.ContentUtilsTest$TestCase@5d51f667]" classname="com.dotcms.rendering.velocity.viewtools.content.util.ContentUtilsTest" time="6.407"/>
  <testcase name="testPullRelated[65: com.dotcms.rendering.velocity.viewtools.content.util.ContentUtilsTest$TestCase@1619ac87]" classname="com.dotcms.rendering.velocity.viewtools.content.util.ContentUtilsTest" time="6.641"/>
  <testcase name="testPullRelated[66: com.dotcms.rendering.velocity.viewtools.content.util.ContentUtilsTest$TestCase@4fcde1c8]" classname="com.dotcms.rendering.velocity.viewtools.content.util.ContentUtilsTest" time="6.056"/>
  <testcase name="testPullRelated[67: com.dotcms.rendering.velocity.viewtools.content.util.ContentUtilsTest$TestCase@3575472f]" classname="com.dotcms.rendering.velocity.viewtools.content.util.ContentUtilsTest" time="6.46"/>
  <testcase name="testPullRelated[68: com.dotcms.rendering.velocity.viewtools.content.util.ContentUtilsTest$TestCase@67c56d28]" classname="com.dotcms.rendering.velocity.viewtools.content.util.ContentUtilsTest" time="6.044"/>
  <testcase name="testPullRelated[69: com.dotcms.rendering.velocity.viewtools.content.util.ContentUtilsTest$TestCase@3ce388c3]" classname="com.dotcms.rendering.velocity.viewtools.content.util.ContentUtilsTest" time="5.961"/>
  <testcase name="testPullRelated[70: com.dotcms.rendering.velocity.viewtools.content.util.ContentUtilsTest$TestCase@1c80ed36]" classname="com.dotcms.rendering.velocity.viewtools.content.util.ContentUtilsTest" time="5.56"/>
  <testcase name="testPullRelated[71: com.dotcms.rendering.velocity.viewtools.content.util.ContentUtilsTest$TestCase@3538db6]" classname="com.dotcms.rendering.velocity.viewtools.content.util.ContentUtilsTest" time="5.023"/>
  <testcase name="whenPublishAndExpireDatesAreInTheFutureAndTimeMachineIsAfterBoth" classname="com.dotcms.rendering.velocity.viewtools.content.util.ContentUtilsTest" time="3.361"/>
  <testcase name="testPullRelatedForLegacyRelationship[0: com.dotcms.rendering.velocity.viewtools.content.util.ContentUtilsTest$LegacyTestCase@4fb30cd9]" classname="com.dotcms.rendering.velocity.viewtools.content.util.ContentUtilsTest" time="4.066"/>
  <testcase name="testPullRelatedForLegacyRelationship[1: com.dotcms.rendering.velocity.viewtools.content.util.ContentUtilsTest$LegacyTestCase@6f36307c]" classname="com.dotcms.rendering.velocity.viewtools.content.util.ContentUtilsTest" time="4.339"/>
  <testcase name="whenTheTimeMachineDateIsAfterTomorrowAndExpireDateIsTomorrowShouldNotReturnContent" classname="com.dotcms.rendering.velocity.viewtools.content.util.ContentUtilsTest" time="3.394"/>
  <testcase name="testPullLiveRelatedWhenLatestVersionIsWorking" classname="com.dotcms.rendering.velocity.viewtools.content.util.ContentUtilsTest" time="3.578"/>
  <testcase name="test_add_relationships_on_parent_children_related_contents" classname="com.dotcms.rendering.velocity.viewtools.content.util.ContentUtilsTest" time="1.891"/>
  <testcase name="testSortPullRelated[0: com.dotcms.rendering.velocity.viewtools.content.util.ContentUtilsTest$SortTestCase@744489f1]" classname="com.dotcms.rendering.velocity.viewtools.content.util.ContentUtilsTest" time="3.171"/>
  <testcase name="testSortPullRelated[1: com.dotcms.rendering.velocity.viewtools.content.util.ContentUtilsTest$SortTestCase@6be594f2]" classname="com.dotcms.rendering.velocity.viewtools.content.util.ContentUtilsTest" time="3.502"/>
  <testcase name="testSortPullRelated[2: com.dotcms.rendering.velocity.viewtools.content.util.ContentUtilsTest$SortTestCase@3ce78893]" classname="com.dotcms.rendering.velocity.viewtools.content.util.ContentUtilsTest" time="3.312"/>
  <testcase name="testSortPullRelated[3: com.dotcms.rendering.velocity.viewtools.content.util.ContentUtilsTest$SortTestCase@628cfaa3]" classname="com.dotcms.rendering.velocity.viewtools.content.util.ContentUtilsTest" time="2.481"/>
  <testcase name="testSortPullRelated[4: com.dotcms.rendering.velocity.viewtools.content.util.ContentUtilsTest$SortTestCase@3257fc02]" classname="com.dotcms.rendering.velocity.viewtools.content.util.ContentUtilsTest" time="2.556"/>
  <testcase name="testSortPullRelated[5: com.dotcms.rendering.velocity.viewtools.content.util.ContentUtilsTest$SortTestCase@7552acbe]" classname="com.dotcms.rendering.velocity.viewtools.content.util.ContentUtilsTest" time="3.485"/>
  <testcase name="whenTheTimeMachineDateIsAfterTomorrowAndExpireDateIsInFutureShouldReturnContent" classname="com.dotcms.rendering.velocity.viewtools.content.util.ContentUtilsTest" time="3.648"/>
  <testcase name="testPullRelatedFieldShouldRespectDefaultOrder" classname="com.dotcms.rendering.velocity.viewtools.content.util.ContentUtilsTest" time="3.307"/>
  <system-out><![CDATA[]]></system-out>
  <system-err><![CDATA[]]></system-err>
</testsuite>
