<?xml version="1.0" encoding="UTF-8"?>
<testsuite name="com.dotcms.uuid.shorty.ShortyIdApiTest" tests="11" skipped="0" failures="0" errors="0" timestamp="2023-07-05T16:48:02" hostname="fv-az313-710" time="30.326">
  <properties/>
  <testcase name="test404Cache" classname="com.dotcms.uuid.shorty.ShortyIdApiTest" time="1.419"/>
  <testcase name="test404CacheWhenDBDown" classname="com.dotcms.uuid.shorty.ShortyIdApiTest" time="11.0"/>
  <testcase name="testShortyLookup" classname="com.dotcms.uuid.shorty.ShortyIdApiTest" time="2.164"/>
  <testcase name="testUuidIfy" classname="com.dotcms.uuid.shorty.ShortyIdApiTest" time="2.09"/>
  <testcase name="testLongerShorties" classname="com.dotcms.uuid.shorty.ShortyIdApiTest" time="2.03"/>
  <testcase name="testShortify" classname="com.dotcms.uuid.shorty.ShortyIdApiTest" time="1.206"/>
  <testcase name="testContentlet404CacheInvalidation" classname="com.dotcms.uuid.shorty.ShortyIdApiTest" time="2.161"/>
  <testcase name="testTempShorties" classname="com.dotcms.uuid.shorty.ShortyIdApiTest" time="1.999"/>
  <testcase name="testShortyCache" classname="com.dotcms.uuid.shorty.ShortyIdApiTest" time="2.191"/>
  <testcase name="testValidShorty" classname="com.dotcms.uuid.shorty.ShortyIdApiTest" time="2.022"/>
  <testcase name="testIdentifier404CacheInvalidation" classname="com.dotcms.uuid.shorty.ShortyIdApiTest" time="2.042"/>
  <system-out><![CDATA[











































































































































































































































































































]]></system-out>
  <system-err><![CDATA[]]></system-err>
</testsuite>
