<?xml version="1.0" encoding="UTF-8"?>
<testsuite name="com.dotcms.enterprise.publishing.remote.bundler.FolderBundlerTest" tests="3" skipped="0" failures="0" errors="0" timestamp="2023-07-13T22:10:52" hostname="fv-az357-263" time="0.017">
  <properties/>
  <testcase name="addFolderInBundle[0: com.dotcms.enterprise.publishing.remote.bundler.FolderBundlerTest$TestCase@77212567]" classname="com.dotcms.enterprise.publishing.remote.bundler.FolderBundlerTest" time="0.006"/>
  <testcase name="addFolderInBundle[1: com.dotcms.enterprise.publishing.remote.bundler.FolderBundlerTest$TestCase@1d2ccbef]" classname="com.dotcms.enterprise.publishing.remote.bundler.FolderBundlerTest" time="0.005"/>
  <testcase name="addFolderInBundle[2: com.dotcms.enterprise.publishing.remote.bundler.FolderBundlerTest$TestCase@56fa90c8]" classname="com.dotcms.enterprise.publishing.remote.bundler.FolderBundlerTest" time="0.005"/>
  <system-out><![CDATA[]]></system-out>
  <system-err><![CDATA[]]></system-err>
</testsuite>
