<?xml version="1.0" encoding="UTF-8"?>
<testsuite name="com.dotmarketing.servlets.ajax.AjaxDirectorServletIntegrationTest" tests="2" skipped="0" failures="0" errors="0" timestamp="2023-06-26T20:35:31" hostname="fv-az351-37" time="3.397">
  <properties/>
  <testcase name="testService[0: com.dotmarketing.servlets.ajax.AjaxDirectorServletTestCase@4ae88ad0]" classname="com.dotmarketing.servlets.ajax.AjaxDirectorServletIntegrationTest" time="1.721"/>
  <testcase name="testService[1: com.dotmarketing.servlets.ajax.AjaxDirectorServletTestCase@4a2fb147]" classname="com.dotmarketing.servlets.ajax.AjaxDirectorServletIntegrationTest" time="1.676"/>
  <system-out><![CDATA[]]></system-out>
  <system-err><![CDATA[]]></system-err>
</testsuite>
