<?xml version="1.0" encoding="UTF-8"?>
<testsuite name="com.dotcms.enterprise.publishing.remote.bundler.HostBundlerTest" tests="3" skipped="0" failures="0" errors="0" timestamp="2023-06-28T04:44:37" hostname="fv-az592-477" time="0.05">
  <properties/>
  <testcase name="addHostInBundle[0: com.dotcms.enterprise.publishing.remote.bundler.HostBundlerTest$TestCase@415b337c]" classname="com.dotcms.enterprise.publishing.remote.bundler.HostBundlerTest" time="0.018"/>
  <testcase name="addHostInBundle[1: com.dotcms.enterprise.publishing.remote.bundler.HostBundlerTest$TestCase@46c0a058]" classname="com.dotcms.enterprise.publishing.remote.bundler.HostBundlerTest" time="0.013"/>
  <testcase name="addHostInBundle[2: com.dotcms.enterprise.publishing.remote.bundler.HostBundlerTest$TestCase@7e46c023]" classname="com.dotcms.enterprise.publishing.remote.bundler.HostBundlerTest" time="0.019"/>
  <system-out><![CDATA[]]></system-out>
  <system-err><![CDATA[]]></system-err>
</testsuite>
