<?xml version="1.0" encoding="UTF-8"?>
<testsuite name="com.dotcms.rest.api.v1.vtl.VTLResourceIntegrationTest" tests="6" skipped="0" failures="0" errors="0" timestamp="2023-07-13T23:42:17" hostname="fv-az408-305" time="12.101">
  <properties/>
  <testcase name="testGet[0: com.dotcms.rest.api.v1.vtl.VTLResourceTestCase@673846a7]" classname="com.dotcms.rest.api.v1.vtl.VTLResourceIntegrationTest" time="2.115"/>
  <testcase name="testGet[1: com.dotcms.rest.api.v1.vtl.VTLResourceTestCase@1fdd1d93]" classname="com.dotcms.rest.api.v1.vtl.VTLResourceIntegrationTest" time="1.922"/>
  <testcase name="testGet[2: com.dotcms.rest.api.v1.vtl.VTLResourceTestCase@2b0149f5]" classname="com.dotcms.rest.api.v1.vtl.VTLResourceIntegrationTest" time="2.098"/>
  <testcase name="testGet[3: com.dotcms.rest.api.v1.vtl.VTLResourceTestCase@70cecb37]" classname="com.dotcms.rest.api.v1.vtl.VTLResourceIntegrationTest" time="2.056"/>
  <testcase name="testGet[4: com.dotcms.rest.api.v1.vtl.VTLResourceTestCase@5566a6f7]" classname="com.dotcms.rest.api.v1.vtl.VTLResourceIntegrationTest" time="1.862"/>
  <testcase name="testGet[5: com.dotcms.rest.api.v1.vtl.VTLResourceTestCase@2220184d]" classname="com.dotcms.rest.api.v1.vtl.VTLResourceIntegrationTest" time="2.048"/>
  <system-out><![CDATA[]]></system-out>
  <system-err><![CDATA[]]></system-err>
</testsuite>
