<?xml version="1.0" encoding="UTF-8"?>
<testsuite name="com.dotmarketing.portlets.languagesmanager.business.LanguageAPITest" tests="11" skipped="0" failures="0" errors="0" timestamp="2023-07-10T22:07:05" hostname="fv-az445-212" time="93.859">
  <properties/>
  <testcase name="getStringKey_KeyExistsPropertiesFileAndAsAContent_returnsLanguageVariableContent" classname="com.dotmarketing.portlets.languagesmanager.business.LanguageAPITest" time="1.34"/>
  <testcase name="test_saveLanguage_InvalidLanguage_ShouldThrowException[0: &lt;null&gt;]" classname="com.dotmarketing.portlets.languagesmanager.business.LanguageAPITest" time="0.0"/>
  <testcase name="test_saveLanguage_InvalidLanguage_ShouldThrowException[1: ]" classname="com.dotmarketing.portlets.languagesmanager.business.LanguageAPITest" time="0.001"/>
  <testcase name="test_saveLanguage_InvalidLanguage_ShouldThrowException[2: it]" classname="com.dotmarketing.portlets.languagesmanager.business.LanguageAPITest" time="0.001"/>
  <testcase name="test_saveLanguage_InvalidLanguage_ShouldThrowException[3: -it]" classname="com.dotmarketing.portlets.languagesmanager.business.LanguageAPITest" time="0.0"/>
  <testcase name="getStringsAsMap_returnMap" classname="com.dotmarketing.portlets.languagesmanager.business.LanguageAPITest" time="1.236"/>
  <testcase name="languageCache" classname="com.dotmarketing.portlets.languagesmanager.business.LanguageAPITest" time="0.018"/>
  <testcase name="getStringKey_returnLanguageVariableContent" classname="com.dotmarketing.portlets.languagesmanager.business.LanguageAPITest" time="1.306"/>
  <testcase name="test_deleteLanguage_WithExistingContent_ShouldFail" classname="com.dotmarketing.portlets.languagesmanager.business.LanguageAPITest" time="1.08"/>
  <testcase name="Create_Content_Under_Default_Lang_Make_New_Default_Language_And_Test_Assets_Lang_Transfer" classname="com.dotmarketing.portlets.languagesmanager.business.LanguageAPITest" time="88.331"/>
  <testcase name="getStringKey_returnKey" classname="com.dotmarketing.portlets.languagesmanager.business.LanguageAPITest" time="0.545"/>
  <system-out><![CDATA[]]></system-out>
  <system-err><![CDATA[]]></system-err>
</testsuite>
