<?xml version="1.0" encoding="UTF-8"?>
<testsuite name="com.dotmarketing.portlets.structure.model.ContentletRelationshipsTest" tests="7" skipped="0" failures="0" errors="0" timestamp="2023-06-27T16:26:31" hostname="fv-az560-754" time="8.576">
  <properties/>
  <testcase name="testDoesAllowOnlyOne[0: com.dotmarketing.portlets.structure.model.ContentletRelationshipsTest$CardinalityTestCase@404db658]" classname="com.dotmarketing.portlets.structure.model.ContentletRelationshipsTest" time="0.457"/>
  <testcase name="testDoesAllowOnlyOne[1: com.dotmarketing.portlets.structure.model.ContentletRelationshipsTest$CardinalityTestCase@365537f8]" classname="com.dotmarketing.portlets.structure.model.ContentletRelationshipsTest" time="0.425"/>
  <testcase name="testDoesAllowOnlyOne[2: com.dotmarketing.portlets.structure.model.ContentletRelationshipsTest$CardinalityTestCase@453d2f2d]" classname="com.dotmarketing.portlets.structure.model.ContentletRelationshipsTest" time="0.409"/>
  <testcase name="testGetRelationshipRecords[0: com.dotmarketing.portlets.structure.model.ContentletRelationshipsTest$TestCase@5f6dae5a]" classname="com.dotmarketing.portlets.structure.model.ContentletRelationshipsTest" time="1.875"/>
  <testcase name="testGetRelationshipRecords[1: com.dotmarketing.portlets.structure.model.ContentletRelationshipsTest$TestCase@72bf3c99]" classname="com.dotmarketing.portlets.structure.model.ContentletRelationshipsTest" time="1.858"/>
  <testcase name="testGetRelationshipRecords[2: com.dotmarketing.portlets.structure.model.ContentletRelationshipsTest$TestCase@6d4a3fc1]" classname="com.dotmarketing.portlets.structure.model.ContentletRelationshipsTest" time="1.744"/>
  <testcase name="testGetRelationshipRecords[3: com.dotmarketing.portlets.structure.model.ContentletRelationshipsTest$TestCase@41a22102]" classname="com.dotmarketing.portlets.structure.model.ContentletRelationshipsTest" time="1.808"/>
  <system-out><![CDATA[]]></system-out>
  <system-err><![CDATA[]]></system-err>
</testsuite>
