<?xml version="1.0" encoding="UTF-8"?>
<testsuite name="com.dotcms.enterprise.publishing.remote.bundler.TemplateBundlerTest" tests="4" skipped="0" failures="0" errors="0" timestamp="2023-07-19T17:28:43" hostname="fv-az400-396" time="0.034">
  <properties/>
  <testcase name="addTemplateInBundle[0: com.dotcms.enterprise.publishing.remote.bundler.TemplateBundlerTest$TestCase@7a55655]" classname="com.dotcms.enterprise.publishing.remote.bundler.TemplateBundlerTest" time="0.01"/>
  <testcase name="addTemplateInBundle[1: com.dotcms.enterprise.publishing.remote.bundler.TemplateBundlerTest$TestCase@6cef9e78]" classname="com.dotcms.enterprise.publishing.remote.bundler.TemplateBundlerTest" time="0.007"/>
  <testcase name="addTemplateInBundle[2: com.dotcms.enterprise.publishing.remote.bundler.TemplateBundlerTest$TestCase@6e513c87]" classname="com.dotcms.enterprise.publishing.remote.bundler.TemplateBundlerTest" time="0.007"/>
  <testcase name="addTemplateInBundle[3: com.dotcms.enterprise.publishing.remote.bundler.TemplateBundlerTest$TestCase@fa5f379]" classname="com.dotcms.enterprise.publishing.remote.bundler.TemplateBundlerTest" time="0.009"/>
  <system-out><![CDATA[]]></system-out>
  <system-err><![CDATA[]]></system-err>
</testsuite>
