<?xml version="1.0" encoding="UTF-8"?>
<testsuite name="com.dotcms.rest.api.v1.vtl.VTLResourceIntegrationTest" tests="6" skipped="0" failures="0" errors="0" timestamp="2023-07-01T02:51:54" hostname="fv-az842-282" time="14.317">
  <properties/>
  <testcase name="testGet[0: com.dotcms.rest.api.v1.vtl.VTLResourceTestCase@7938136b]" classname="com.dotcms.rest.api.v1.vtl.VTLResourceIntegrationTest" time="2.111"/>
  <testcase name="testGet[1: com.dotcms.rest.api.v1.vtl.VTLResourceTestCase@785c0653]" classname="com.dotcms.rest.api.v1.vtl.VTLResourceIntegrationTest" time="2.042"/>
  <testcase name="testGet[2: com.dotcms.rest.api.v1.vtl.VTLResourceTestCase@41146df9]" classname="com.dotcms.rest.api.v1.vtl.VTLResourceIntegrationTest" time="2.885"/>
  <testcase name="testGet[3: com.dotcms.rest.api.v1.vtl.VTLResourceTestCase@14e7112f]" classname="com.dotcms.rest.api.v1.vtl.VTLResourceIntegrationTest" time="2.264"/>
  <testcase name="testGet[4: com.dotcms.rest.api.v1.vtl.VTLResourceTestCase@2dfdeb93]" classname="com.dotcms.rest.api.v1.vtl.VTLResourceIntegrationTest" time="2.713"/>
  <testcase name="testGet[5: com.dotcms.rest.api.v1.vtl.VTLResourceTestCase@350b1ee1]" classname="com.dotcms.rest.api.v1.vtl.VTLResourceIntegrationTest" time="2.301"/>
  <system-out><![CDATA[]]></system-out>
  <system-err><![CDATA[]]></system-err>
</testsuite>
