<?xml version="1.0" encoding="UTF-8"?>
<testsuite name="com.dotcms.filters.interceptor.jwt.JsonWebTokenInterceptorIntegrationTest" tests="3" skipped="0" failures="0" errors="0" timestamp="2023-07-10T21:48:08" hostname="fv-az487-466" time="0.092">
  <properties/>
  <testcase name="interceptWithAccessTokenUserModifiedTest" classname="com.dotcms.filters.interceptor.jwt.JsonWebTokenInterceptorIntegrationTest" time="0.08"/>
  <testcase name="interceptWithAccessTokenTest" classname="com.dotcms.filters.interceptor.jwt.JsonWebTokenInterceptorIntegrationTest" time="0.006"/>
  <testcase name="interceptWithAccessTokenNonValidTest" classname="com.dotcms.filters.interceptor.jwt.JsonWebTokenInterceptorIntegrationTest" time="0.004"/>
  <system-out><![CDATA[



]]></system-out>
  <system-err><![CDATA[]]></system-err>
</testsuite>
