<?xml version="1.0" encoding="UTF-8"?>
<testsuite name="com.dotcms.storage.FileMetadataAPITest" tests="45" skipped="0" failures="0" errors="0" timestamp="2023-07-07T20:39:34" hostname="fv-az244-222" time="40.731">
  <properties/>
  <testcase name="Test_Add_Then_Recover_Temp_Resource_Metadata" classname="com.dotcms.storage.FileMetadataAPITest" time="0.003"/>
  <testcase name="Test_GetMetadata[0: FILE_SYSTEM]" classname="com.dotcms.storage.FileMetadataAPITest" time="0.402"/>
  <testcase name="Test_GetMetadata[1: DB]" classname="com.dotcms.storage.FileMetadataAPITest" time="1.018"/>
  <testcase name="Test_Get_First_Indexed_Binary_Field" classname="com.dotcms.storage.FileMetadataAPITest" time="2.268"/>
  <testcase name="Test_Force_Set_Metadata[0: TestCase{langId=1, storageType=FILE_SYSTEM, testFile=test_image1.jpg, fileAssetContent=com.dotmarketing.portlets.contentlet.model.Contentlet@7d6e05ce[map={modDate=2023-07-07 20:37:01.605, fileName=test_image11688762221603.jpg, title=test_image11688762221603.jpg, inode=1f7c8485-dc3e-4662-b3b4-4d6a55ccd5e5, __IS_NEW_CONTENT__=true, disabledWYSIWYG=[], host=48190c8c-42c4-46af-8d1a-0cd5db894797, stInode=33888b6f-7a8e-4069-b1b6-5c1aa9d0a48d, owner=system, identifier=1afd2c6d45a9754ce232873eaff56287, nullProperties=[wfExpireDate, wfPublishDate, wfActionAssign, wfActionId, wfActionComments, filterKey, whereToSend, wfNeverExpire, _path_to_move, timezoneId, iWantTo, wfPublishTime, wfExpireTime], _is_test_mode=true, languageId=1, fileAsset=/home/runner/work/core/custom/assets/1/f/1f7c8485-dc3e-4662-b3b4-4d6a55ccd5e5/fileAsset/test_image11688762221603.jpg, folder=d3e16d06dbb5c9d682b8c0a36f62a296, __disable_workflow__=true, sortOrder=0, modUser=system},lowIndexPriority=false,variantId=DEFAULT]}]" classname="com.dotcms.storage.FileMetadataAPITest" time="0.731"/>
  <testcase name="Test_Force_Set_Metadata[1: TestCase{langId=1, storageType=FILE_SYSTEM, testFile=test.gif, fileAssetContent=com.dotmarketing.portlets.contentlet.model.Contentlet@74d01eeb[map={modDate=2023-07-07 20:37:02.224, fileName=test_image11688762222222.gif, title=test_image11688762222222.gif, inode=917c3cb7-ad58-4abf-ae7f-aaf248e8a68b, __IS_NEW_CONTENT__=true, disabledWYSIWYG=[], host=48190c8c-42c4-46af-8d1a-0cd5db894797, stInode=33888b6f-7a8e-4069-b1b6-5c1aa9d0a48d, owner=system, identifier=acd47939cf24c4e7a9ced0cfd5545fcf, nullProperties=[wfExpireDate, wfPublishDate, wfActionAssign, wfActionId, wfActionComments, filterKey, whereToSend, wfNeverExpire, _path_to_move, timezoneId, iWantTo, wfPublishTime, wfExpireTime], _is_test_mode=true, languageId=1, fileAsset=/home/runner/work/core/custom/assets/9/1/917c3cb7-ad58-4abf-ae7f-aaf248e8a68b/fileAsset/test_image11688762222222.gif, folder=3ce4ccad13b73149629082c39950b953, __disable_workflow__=true, sortOrder=0, modUser=system},lowIndexPriority=false,variantId=DEFAULT]}]" classname="com.dotcms.storage.FileMetadataAPITest" time="1.044"/>
  <testcase name="Test_Force_Set_Metadata[2: TestCase{langId=1, storageType=FILE_SYSTEM, testFile=test_image2.png, fileAssetContent=com.dotmarketing.portlets.contentlet.model.Contentlet@26b7068a[map={modDate=2023-07-07 20:37:03.248, fileName=test_image11688762223246.png, title=test_image11688762223246.png, inode=aea3bbe0-6c3d-4407-9be8-eb511fb61c10, __IS_NEW_CONTENT__=true, disabledWYSIWYG=[], host=48190c8c-42c4-46af-8d1a-0cd5db894797, stInode=33888b6f-7a8e-4069-b1b6-5c1aa9d0a48d, owner=system, identifier=dba7c5ae9bd915c0a0242762d2c80f44, nullProperties=[wfExpireDate, wfPublishDate, wfActionAssign, wfActionId, wfActionComments, filterKey, whereToSend, wfNeverExpire, _path_to_move, timezoneId, iWantTo, wfPublishTime, wfExpireTime], _is_test_mode=true, languageId=1, fileAsset=/home/runner/work/core/custom/assets/a/e/aea3bbe0-6c3d-4407-9be8-eb511fb61c10/fileAsset/test_image11688762223246.png, folder=d2268486c5af92454efa5347b36f670d, __disable_workflow__=true, sortOrder=0, modUser=system},lowIndexPriority=false,variantId=DEFAULT]}]" classname="com.dotcms.storage.FileMetadataAPITest" time="1.017"/>
  <testcase name="Test_Force_Set_Metadata[3: TestCase{langId=1, storageType=FILE_SYSTEM, testFile=test_image.svg, fileAssetContent=com.dotmarketing.portlets.contentlet.model.Contentlet@110c323e[map={modDate=2023-07-07 20:37:04.264, fileName=test_image11688762224263.svg, title=test_image11688762224263.svg, inode=3b78b733-327e-4e36-86d5-2c784b69ad98, __IS_NEW_CONTENT__=true, disabledWYSIWYG=[], host=48190c8c-42c4-46af-8d1a-0cd5db894797, stInode=33888b6f-7a8e-4069-b1b6-5c1aa9d0a48d, owner=system, identifier=f1f04a2b5ca101aedaedaff9975bd827, nullProperties=[wfExpireDate, wfPublishDate, wfActionAssign, wfActionId, wfActionComments, filterKey, whereToSend, wfNeverExpire, _path_to_move, timezoneId, iWantTo, wfPublishTime, wfExpireTime], _is_test_mode=true, languageId=1, fileAsset=/home/runner/work/core/custom/assets/3/b/3b78b733-327e-4e36-86d5-2c784b69ad98/fileAsset/test_image11688762224263.svg, folder=a9143ea98b2b724b2501241117d5654e, __disable_workflow__=true, sortOrder=0, modUser=system},lowIndexPriority=false,variantId=DEFAULT]}]" classname="com.dotcms.storage.FileMetadataAPITest" time="1.021"/>
  <testcase name="Test_Force_Set_Metadata[4: TestCase{langId=1, storageType=FILE_SYSTEM, testFile=test.pdf, fileAssetContent=com.dotmarketing.portlets.contentlet.model.Contentlet@165a6d73[map={modDate=2023-07-07 20:37:05.282, fileName=test_image11688762225280.pdf, title=test_image11688762225280.pdf, inode=002bd47a-e76e-476c-adfa-1ac344dab8ae, __IS_NEW_CONTENT__=true, disabledWYSIWYG=[], host=48190c8c-42c4-46af-8d1a-0cd5db894797, stInode=33888b6f-7a8e-4069-b1b6-5c1aa9d0a48d, owner=system, identifier=fc838c1dc95d9be47fccf64e226e0e45, nullProperties=[wfExpireDate, wfPublishDate, wfActionAssign, wfActionId, wfActionComments, filterKey, whereToSend, wfNeverExpire, _path_to_move, timezoneId, iWantTo, wfPublishTime, wfExpireTime], _is_test_mode=true, languageId=1, fileAsset=/home/runner/work/core/custom/assets/0/0/002bd47a-e76e-476c-adfa-1ac344dab8ae/fileAsset/test_image11688762225280.pdf, folder=8b1930d688588526115cf048f425f255, __disable_workflow__=true, sortOrder=0, modUser=system},lowIndexPriority=false,variantId=DEFAULT]}]" classname="com.dotcms.storage.FileMetadataAPITest" time="1.021"/>
  <testcase name="Test_Force_Set_Metadata[5: TestCase{langId=1, storageType=DB, testFile=test_image1.jpg, fileAssetContent=com.dotmarketing.portlets.contentlet.model.Contentlet@16c47dd1[map={modDate=2023-07-07 20:37:06.299, fileName=test_image11688762226297.jpg, title=test_image11688762226297.jpg, inode=6eace1d7-1190-4082-8d96-4ad2cdd43fe8, __IS_NEW_CONTENT__=true, disabledWYSIWYG=[], host=48190c8c-42c4-46af-8d1a-0cd5db894797, stInode=33888b6f-7a8e-4069-b1b6-5c1aa9d0a48d, owner=system, identifier=cf10a8ab33493ef69fb53132d04ac2d0, nullProperties=[wfExpireDate, wfPublishDate, wfActionAssign, wfActionId, wfActionComments, filterKey, whereToSend, wfNeverExpire, _path_to_move, timezoneId, iWantTo, wfPublishTime, wfExpireTime], _is_test_mode=true, languageId=1, fileAsset=/home/runner/work/core/custom/assets/6/e/6eace1d7-1190-4082-8d96-4ad2cdd43fe8/fileAsset/test_image11688762226297.jpg, folder=d13f3e650f615b0ad2816086a6a2eac4, __disable_workflow__=true, sortOrder=0, modUser=system},lowIndexPriority=false,variantId=DEFAULT]}]" classname="com.dotcms.storage.FileMetadataAPITest" time="1.03"/>
  <testcase name="Test_Force_Set_Metadata[6: TestCase{langId=1, storageType=DB, testFile=test.gif, fileAssetContent=com.dotmarketing.portlets.contentlet.model.Contentlet@1ef22165[map={modDate=2023-07-07 20:37:07.313, fileName=test_image11688762227311.gif, title=test_image11688762227311.gif, inode=9b6717ad-e373-4ae4-820b-033daf8b5d88, __IS_NEW_CONTENT__=true, disabledWYSIWYG=[], host=48190c8c-42c4-46af-8d1a-0cd5db894797, stInode=33888b6f-7a8e-4069-b1b6-5c1aa9d0a48d, owner=system, identifier=55978c518a3ea2e63ae1c51af13b2d7a, nullProperties=[wfExpireDate, wfPublishDate, wfActionAssign, wfActionId, wfActionComments, filterKey, whereToSend, wfNeverExpire, _path_to_move, timezoneId, iWantTo, wfPublishTime, wfExpireTime], _is_test_mode=true, languageId=1, fileAsset=/home/runner/work/core/custom/assets/9/b/9b6717ad-e373-4ae4-820b-033daf8b5d88/fileAsset/test_image11688762227311.gif, folder=f3f6e7ce6f044957a4ed56b8d7c52b16, __disable_workflow__=true, sortOrder=0, modUser=system},lowIndexPriority=false,variantId=DEFAULT]}]" classname="com.dotcms.storage.FileMetadataAPITest" time="1.039"/>
  <testcase name="Test_Force_Set_Metadata[7: TestCase{langId=1, storageType=DB, testFile=test_image2.png, fileAssetContent=com.dotmarketing.portlets.contentlet.model.Contentlet@54866c39[map={modDate=2023-07-07 20:37:08.328, fileName=test_image11688762228326.png, title=test_image11688762228326.png, inode=b9986662-06bb-4e12-810f-7e8cecd6bda5, __IS_NEW_CONTENT__=true, disabledWYSIWYG=[], host=48190c8c-42c4-46af-8d1a-0cd5db894797, stInode=33888b6f-7a8e-4069-b1b6-5c1aa9d0a48d, owner=system, identifier=d137c03ae959f6a9c31c285df509ccdc, nullProperties=[wfExpireDate, wfPublishDate, wfActionAssign, wfActionId, wfActionComments, filterKey, whereToSend, wfNeverExpire, _path_to_move, timezoneId, iWantTo, wfPublishTime, wfExpireTime], _is_test_mode=true, languageId=1, fileAsset=/home/runner/work/core/custom/assets/b/9/b9986662-06bb-4e12-810f-7e8cecd6bda5/fileAsset/test_image11688762228326.png, folder=27760b5e7e21359fc316cd26d2cb78bf, __disable_workflow__=true, sortOrder=0, modUser=system},lowIndexPriority=false,variantId=DEFAULT]}]" classname="com.dotcms.storage.FileMetadataAPITest" time="1.014"/>
  <testcase name="Test_Force_Set_Metadata[8: TestCase{langId=1, storageType=DB, testFile=test_image.svg, fileAssetContent=com.dotmarketing.portlets.contentlet.model.Contentlet@2264c85c[map={modDate=2023-07-07 20:37:09.342, fileName=test_image11688762229340.svg, title=test_image11688762229340.svg, inode=73ec6ce7-5b97-454c-8d44-da184be611df, __IS_NEW_CONTENT__=true, disabledWYSIWYG=[], host=48190c8c-42c4-46af-8d1a-0cd5db894797, stInode=33888b6f-7a8e-4069-b1b6-5c1aa9d0a48d, owner=system, identifier=85724cc0ffdb3b9225b7d52a4651d422, nullProperties=[wfExpireDate, wfPublishDate, wfActionAssign, wfActionId, wfActionComments, filterKey, whereToSend, wfNeverExpire, _path_to_move, timezoneId, iWantTo, wfPublishTime, wfExpireTime], _is_test_mode=true, languageId=1, fileAsset=/home/runner/work/core/custom/assets/7/3/73ec6ce7-5b97-454c-8d44-da184be611df/fileAsset/test_image11688762229340.svg, folder=b038b663f091ebfddead4087ad23b34e, __disable_workflow__=true, sortOrder=0, modUser=system},lowIndexPriority=false,variantId=DEFAULT]}]" classname="com.dotcms.storage.FileMetadataAPITest" time="1.016"/>
  <testcase name="Test_Force_Set_Metadata[9: TestCase{langId=1, storageType=DB, testFile=test.pdf, fileAssetContent=com.dotmarketing.portlets.contentlet.model.Contentlet@7ad14919[map={modDate=2023-07-07 20:37:10.357, fileName=test_image11688762230356.pdf, title=test_image11688762230356.pdf, inode=9159171a-ab8d-4f6d-8782-54bcd0d27c2f, __IS_NEW_CONTENT__=true, disabledWYSIWYG=[], host=48190c8c-42c4-46af-8d1a-0cd5db894797, stInode=33888b6f-7a8e-4069-b1b6-5c1aa9d0a48d, owner=system, identifier=1a2ac5deb39843395077f9f83710489e, nullProperties=[wfExpireDate, wfPublishDate, wfActionAssign, wfActionId, wfActionComments, filterKey, whereToSend, wfNeverExpire, _path_to_move, timezoneId, iWantTo, wfPublishTime, wfExpireTime], _is_test_mode=true, languageId=1, fileAsset=/home/runner/work/core/custom/assets/9/1/9159171a-ab8d-4f6d-8782-54bcd0d27c2f/fileAsset/test_image11688762230356.pdf, folder=74afaa36ecfc4ac6b10c062b5442fd42, __disable_workflow__=true, sortOrder=0, modUser=system},lowIndexPriority=false,variantId=DEFAULT]}]" classname="com.dotcms.storage.FileMetadataAPITest" time="1.015"/>
  <testcase name="Test_Generate_Metadata_From_HtmlPage_Should_Resolve_ExtendedMetadata" classname="com.dotcms.storage.FileMetadataAPITest" time="0.048"/>
  <testcase name="Test_Generate_Metadata_From_FileAssets[0: TestCase{langId=1, storageType=FILE_SYSTEM, testFile=test_image1.jpg, fileAssetContent=com.dotmarketing.portlets.contentlet.model.Contentlet@7d6e05ce[map={modDate=2023-07-07 20:37:01.605, fileName=test_image11688762221603.jpg, title=test_image11688762221603.jpg, inode=1f7c8485-dc3e-4662-b3b4-4d6a55ccd5e5, __IS_NEW_CONTENT__=true, disabledWYSIWYG=[], host=48190c8c-42c4-46af-8d1a-0cd5db894797, stInode=33888b6f-7a8e-4069-b1b6-5c1aa9d0a48d, owner=system, identifier=1afd2c6d45a9754ce232873eaff56287, nullProperties=[wfExpireDate, wfPublishDate, wfActionAssign, wfActionId, wfActionComments, filterKey, whereToSend, wfNeverExpire, _path_to_move, timezoneId, iWantTo, wfPublishTime, wfExpireTime], _is_test_mode=true, languageId=1, fileAsset=/home/runner/work/core/custom/assets/1/f/1f7c8485-dc3e-4662-b3b4-4d6a55ccd5e5/fileAsset/test_image11688762221603.jpg, folder=d3e16d06dbb5c9d682b8c0a36f62a296, __disable_workflow__=true, sortOrder=0, modUser=system},lowIndexPriority=false,variantId=DEFAULT]}]" classname="com.dotcms.storage.FileMetadataAPITest" time="0.027"/>
  <testcase name="Test_Generate_Metadata_From_FileAssets[1: TestCase{langId=1, storageType=FILE_SYSTEM, testFile=test.gif, fileAssetContent=com.dotmarketing.portlets.contentlet.model.Contentlet@74d01eeb[map={modDate=2023-07-07 20:37:02.224, fileName=test_image11688762222222.gif, title=test_image11688762222222.gif, inode=917c3cb7-ad58-4abf-ae7f-aaf248e8a68b, __IS_NEW_CONTENT__=true, disabledWYSIWYG=[], host=48190c8c-42c4-46af-8d1a-0cd5db894797, stInode=33888b6f-7a8e-4069-b1b6-5c1aa9d0a48d, owner=system, identifier=acd47939cf24c4e7a9ced0cfd5545fcf, nullProperties=[wfExpireDate, wfPublishDate, wfActionAssign, wfActionId, wfActionComments, filterKey, whereToSend, wfNeverExpire, _path_to_move, timezoneId, iWantTo, wfPublishTime, wfExpireTime], _is_test_mode=true, languageId=1, fileAsset=/home/runner/work/core/custom/assets/9/1/917c3cb7-ad58-4abf-ae7f-aaf248e8a68b/fileAsset/test_image11688762222222.gif, folder=3ce4ccad13b73149629082c39950b953, __disable_workflow__=true, sortOrder=0, modUser=system},lowIndexPriority=false,variantId=DEFAULT]}]" classname="com.dotcms.storage.FileMetadataAPITest" time="0.023"/>
  <testcase name="Test_Generate_Metadata_From_FileAssets[2: TestCase{langId=1, storageType=FILE_SYSTEM, testFile=test_image2.png, fileAssetContent=com.dotmarketing.portlets.contentlet.model.Contentlet@26b7068a[map={modDate=2023-07-07 20:37:03.248, fileName=test_image11688762223246.png, title=test_image11688762223246.png, inode=aea3bbe0-6c3d-4407-9be8-eb511fb61c10, __IS_NEW_CONTENT__=true, disabledWYSIWYG=[], host=48190c8c-42c4-46af-8d1a-0cd5db894797, stInode=33888b6f-7a8e-4069-b1b6-5c1aa9d0a48d, owner=system, identifier=dba7c5ae9bd915c0a0242762d2c80f44, nullProperties=[wfExpireDate, wfPublishDate, wfActionAssign, wfActionId, wfActionComments, filterKey, whereToSend, wfNeverExpire, _path_to_move, timezoneId, iWantTo, wfPublishTime, wfExpireTime], _is_test_mode=true, languageId=1, fileAsset=/home/runner/work/core/custom/assets/a/e/aea3bbe0-6c3d-4407-9be8-eb511fb61c10/fileAsset/test_image11688762223246.png, folder=d2268486c5af92454efa5347b36f670d, __disable_workflow__=true, sortOrder=0, modUser=system},lowIndexPriority=false,variantId=DEFAULT]}]" classname="com.dotcms.storage.FileMetadataAPITest" time="0.023"/>
  <testcase name="Test_Generate_Metadata_From_FileAssets[3: TestCase{langId=1, storageType=FILE_SYSTEM, testFile=test_image.svg, fileAssetContent=com.dotmarketing.portlets.contentlet.model.Contentlet@110c323e[map={modDate=2023-07-07 20:37:04.264, fileName=test_image11688762224263.svg, title=test_image11688762224263.svg, inode=3b78b733-327e-4e36-86d5-2c784b69ad98, __IS_NEW_CONTENT__=true, disabledWYSIWYG=[], host=48190c8c-42c4-46af-8d1a-0cd5db894797, stInode=33888b6f-7a8e-4069-b1b6-5c1aa9d0a48d, owner=system, identifier=f1f04a2b5ca101aedaedaff9975bd827, nullProperties=[wfExpireDate, wfPublishDate, wfActionAssign, wfActionId, wfActionComments, filterKey, whereToSend, wfNeverExpire, _path_to_move, timezoneId, iWantTo, wfPublishTime, wfExpireTime], _is_test_mode=true, languageId=1, fileAsset=/home/runner/work/core/custom/assets/3/b/3b78b733-327e-4e36-86d5-2c784b69ad98/fileAsset/test_image11688762224263.svg, folder=a9143ea98b2b724b2501241117d5654e, __disable_workflow__=true, sortOrder=0, modUser=system},lowIndexPriority=false,variantId=DEFAULT]}]" classname="com.dotcms.storage.FileMetadataAPITest" time="0.028"/>
  <testcase name="Test_Generate_Metadata_From_FileAssets[4: TestCase{langId=1, storageType=FILE_SYSTEM, testFile=test.pdf, fileAssetContent=com.dotmarketing.portlets.contentlet.model.Contentlet@165a6d73[map={modDate=2023-07-07 20:37:05.282, fileName=test_image11688762225280.pdf, title=test_image11688762225280.pdf, inode=002bd47a-e76e-476c-adfa-1ac344dab8ae, __IS_NEW_CONTENT__=true, disabledWYSIWYG=[], host=48190c8c-42c4-46af-8d1a-0cd5db894797, stInode=33888b6f-7a8e-4069-b1b6-5c1aa9d0a48d, owner=system, identifier=fc838c1dc95d9be47fccf64e226e0e45, nullProperties=[wfExpireDate, wfPublishDate, wfActionAssign, wfActionId, wfActionComments, filterKey, whereToSend, wfNeverExpire, _path_to_move, timezoneId, iWantTo, wfPublishTime, wfExpireTime], _is_test_mode=true, languageId=1, fileAsset=/home/runner/work/core/custom/assets/0/0/002bd47a-e76e-476c-adfa-1ac344dab8ae/fileAsset/test_image11688762225280.pdf, folder=8b1930d688588526115cf048f425f255, __disable_workflow__=true, sortOrder=0, modUser=system},lowIndexPriority=false,variantId=DEFAULT]}]" classname="com.dotcms.storage.FileMetadataAPITest" time="0.041"/>
  <testcase name="Test_Generate_Metadata_From_FileAssets[5: TestCase{langId=1, storageType=DB, testFile=test_image1.jpg, fileAssetContent=com.dotmarketing.portlets.contentlet.model.Contentlet@16c47dd1[map={modDate=2023-07-07 20:37:06.299, fileName=test_image11688762226297.jpg, title=test_image11688762226297.jpg, inode=6eace1d7-1190-4082-8d96-4ad2cdd43fe8, __IS_NEW_CONTENT__=true, disabledWYSIWYG=[], host=48190c8c-42c4-46af-8d1a-0cd5db894797, stInode=33888b6f-7a8e-4069-b1b6-5c1aa9d0a48d, owner=system, identifier=cf10a8ab33493ef69fb53132d04ac2d0, nullProperties=[wfExpireDate, wfPublishDate, wfActionAssign, wfActionId, wfActionComments, filterKey, whereToSend, wfNeverExpire, _path_to_move, timezoneId, iWantTo, wfPublishTime, wfExpireTime], _is_test_mode=true, languageId=1, fileAsset=/home/runner/work/core/custom/assets/6/e/6eace1d7-1190-4082-8d96-4ad2cdd43fe8/fileAsset/test_image11688762226297.jpg, folder=d13f3e650f615b0ad2816086a6a2eac4, __disable_workflow__=true, sortOrder=0, modUser=system},lowIndexPriority=false,variantId=DEFAULT]}]" classname="com.dotcms.storage.FileMetadataAPITest" time="0.024"/>
  <testcase name="Test_Generate_Metadata_From_FileAssets[6: TestCase{langId=1, storageType=DB, testFile=test.gif, fileAssetContent=com.dotmarketing.portlets.contentlet.model.Contentlet@1ef22165[map={modDate=2023-07-07 20:37:07.313, fileName=test_image11688762227311.gif, title=test_image11688762227311.gif, inode=9b6717ad-e373-4ae4-820b-033daf8b5d88, __IS_NEW_CONTENT__=true, disabledWYSIWYG=[], host=48190c8c-42c4-46af-8d1a-0cd5db894797, stInode=33888b6f-7a8e-4069-b1b6-5c1aa9d0a48d, owner=system, identifier=55978c518a3ea2e63ae1c51af13b2d7a, nullProperties=[wfExpireDate, wfPublishDate, wfActionAssign, wfActionId, wfActionComments, filterKey, whereToSend, wfNeverExpire, _path_to_move, timezoneId, iWantTo, wfPublishTime, wfExpireTime], _is_test_mode=true, languageId=1, fileAsset=/home/runner/work/core/custom/assets/9/b/9b6717ad-e373-4ae4-820b-033daf8b5d88/fileAsset/test_image11688762227311.gif, folder=f3f6e7ce6f044957a4ed56b8d7c52b16, __disable_workflow__=true, sortOrder=0, modUser=system},lowIndexPriority=false,variantId=DEFAULT]}]" classname="com.dotcms.storage.FileMetadataAPITest" time="0.006"/>
  <testcase name="Test_Generate_Metadata_From_FileAssets[7: TestCase{langId=1, storageType=DB, testFile=test_image2.png, fileAssetContent=com.dotmarketing.portlets.contentlet.model.Contentlet@54866c39[map={modDate=2023-07-07 20:37:08.328, fileName=test_image11688762228326.png, title=test_image11688762228326.png, inode=b9986662-06bb-4e12-810f-7e8cecd6bda5, __IS_NEW_CONTENT__=true, disabledWYSIWYG=[], host=48190c8c-42c4-46af-8d1a-0cd5db894797, stInode=33888b6f-7a8e-4069-b1b6-5c1aa9d0a48d, owner=system, identifier=d137c03ae959f6a9c31c285df509ccdc, nullProperties=[wfExpireDate, wfPublishDate, wfActionAssign, wfActionId, wfActionComments, filterKey, whereToSend, wfNeverExpire, _path_to_move, timezoneId, iWantTo, wfPublishTime, wfExpireTime], _is_test_mode=true, languageId=1, fileAsset=/home/runner/work/core/custom/assets/b/9/b9986662-06bb-4e12-810f-7e8cecd6bda5/fileAsset/test_image11688762228326.png, folder=27760b5e7e21359fc316cd26d2cb78bf, __disable_workflow__=true, sortOrder=0, modUser=system},lowIndexPriority=false,variantId=DEFAULT]}]" classname="com.dotcms.storage.FileMetadataAPITest" time="0.006"/>
  <testcase name="Test_Generate_Metadata_From_FileAssets[8: TestCase{langId=1, storageType=DB, testFile=test_image.svg, fileAssetContent=com.dotmarketing.portlets.contentlet.model.Contentlet@2264c85c[map={modDate=2023-07-07 20:37:09.342, fileName=test_image11688762229340.svg, title=test_image11688762229340.svg, inode=73ec6ce7-5b97-454c-8d44-da184be611df, __IS_NEW_CONTENT__=true, disabledWYSIWYG=[], host=48190c8c-42c4-46af-8d1a-0cd5db894797, stInode=33888b6f-7a8e-4069-b1b6-5c1aa9d0a48d, owner=system, identifier=85724cc0ffdb3b9225b7d52a4651d422, nullProperties=[wfExpireDate, wfPublishDate, wfActionAssign, wfActionId, wfActionComments, filterKey, whereToSend, wfNeverExpire, _path_to_move, timezoneId, iWantTo, wfPublishTime, wfExpireTime], _is_test_mode=true, languageId=1, fileAsset=/home/runner/work/core/custom/assets/7/3/73ec6ce7-5b97-454c-8d44-da184be611df/fileAsset/test_image11688762229340.svg, folder=b038b663f091ebfddead4087ad23b34e, __disable_workflow__=true, sortOrder=0, modUser=system},lowIndexPriority=false,variantId=DEFAULT]}]" classname="com.dotcms.storage.FileMetadataAPITest" time="0.006"/>
  <testcase name="Test_Generate_Metadata_From_FileAssets[9: TestCase{langId=1, storageType=DB, testFile=test.pdf, fileAssetContent=com.dotmarketing.portlets.contentlet.model.Contentlet@7ad14919[map={modDate=2023-07-07 20:37:10.357, fileName=test_image11688762230356.pdf, title=test_image11688762230356.pdf, inode=9159171a-ab8d-4f6d-8782-54bcd0d27c2f, __IS_NEW_CONTENT__=true, disabledWYSIWYG=[], host=48190c8c-42c4-46af-8d1a-0cd5db894797, stInode=33888b6f-7a8e-4069-b1b6-5c1aa9d0a48d, owner=system, identifier=1a2ac5deb39843395077f9f83710489e, nullProperties=[wfExpireDate, wfPublishDate, wfActionAssign, wfActionId, wfActionComments, filterKey, whereToSend, wfNeverExpire, _path_to_move, timezoneId, iWantTo, wfPublishTime, wfExpireTime], _is_test_mode=true, languageId=1, fileAsset=/home/runner/work/core/custom/assets/9/1/9159171a-ab8d-4f6d-8782-54bcd0d27c2f/fileAsset/test_image11688762230356.pdf, folder=74afaa36ecfc4ac6b10c062b5442fd42, __disable_workflow__=true, sortOrder=0, modUser=system},lowIndexPriority=false,variantId=DEFAULT]}]" classname="com.dotcms.storage.FileMetadataAPITest" time="0.011"/>
  <testcase name="TestMetadataModel" classname="com.dotcms.storage.FileMetadataAPITest" time="0.002"/>
  <testcase name="Test_Get_Metadata_Property" classname="com.dotcms.storage.FileMetadataAPITest" time="0.788"/>
  <testcase name="Test_GetMetadata_ForceGenerate[0: FILE_SYSTEM]" classname="com.dotcms.storage.FileMetadataAPITest" time="1.057"/>
  <testcase name="Test_GetMetadata_ForceGenerate[1: DB]" classname="com.dotcms.storage.FileMetadataAPITest" time="1.009"/>
  <testcase name="Test_Get_Metadata_No_Cache_Force_Generate[0: FILE_SYSTEM]" classname="com.dotcms.storage.FileMetadataAPITest" time="1.023"/>
  <testcase name="Test_Get_Metadata_No_Cache_Force_Generate[1: DB]" classname="com.dotcms.storage.FileMetadataAPITest" time="1.036"/>
  <testcase name="Test_Metadata_Gets_Updated_When_Lower_Version_Found[0: FILE_SYSTEM]" classname="com.dotcms.storage.FileMetadataAPITest" time="1.016"/>
  <testcase name="Test_Metadata_Gets_Updated_When_Lower_Version_Found[1: DB]" classname="com.dotcms.storage.FileMetadataAPITest" time="1.033"/>
  <testcase name="Test_Add_Custom_Attributes_FileAssets[0: FILE_SYSTEM]" classname="com.dotcms.storage.FileMetadataAPITest" time="1.799"/>
  <testcase name="Test_Add_Custom_Attributes_FileAssets[1: DB]" classname="com.dotcms.storage.FileMetadataAPITest" time="1.877"/>
  <testcase name="Test_Generate_Metadata_Should_Not_Override_Custom_Attributes[0: FILE_SYSTEM]" classname="com.dotcms.storage.FileMetadataAPITest" time="1.645"/>
  <testcase name="Test_Generate_Metadata_Should_Not_Override_Custom_Attributes[1: DB]" classname="com.dotcms.storage.FileMetadataAPITest" time="1.721"/>
  <testcase name="Test_Write_Custom_Metadata_Then_Generate_Metadata_Expect_All_Metadata[0: FILE_SYSTEM]" classname="com.dotcms.storage.FileMetadataAPITest" time="1.038"/>
  <testcase name="Test_Write_Custom_Metadata_Then_Generate_Metadata_Expect_All_Metadata[1: DB]" classname="com.dotcms.storage.FileMetadataAPITest" time="1.027"/>
  <testcase name="Test_Generate_Metadata_From_ContentType_With_Multiple_Binary_Fields[0: FILE_SYSTEM]" classname="com.dotcms.storage.FileMetadataAPITest" time="2.297"/>
  <testcase name="Test_Generate_Metadata_From_ContentType_With_Multiple_Binary_Fields[1: DB]" classname="com.dotcms.storage.FileMetadataAPITest" time="2.015"/>
  <testcase name="Test_Get_Metadata_No_Cache[0: FILE_SYSTEM]" classname="com.dotcms.storage.FileMetadataAPITest" time="0.757"/>
  <testcase name="Test_Get_Metadata_No_Cache[1: DB]" classname="com.dotcms.storage.FileMetadataAPITest" time="1.013"/>
  <testcase name="Test_Copy_Metadata[0: FILE_SYSTEM]" classname="com.dotcms.storage.FileMetadataAPITest" time="2.33"/>
  <testcase name="Test_Copy_Metadata[1: DB]" classname="com.dotcms.storage.FileMetadataAPITest" time="2.36"/>
  <system-out><![CDATA[]]></system-out>
  <system-err><![CDATA[]]></system-err>
</testsuite>
