<?xml version="1.0" encoding="UTF-8"?>
<testsuite name="com.dotcms.content.elasticsearch.business.ESMappingAPITest" tests="19" skipped="0" failures="0" errors="0" timestamp="2023-06-29T21:33:09" hostname="fv-az180-30" time="24.065">
  <properties/>
  <testcase name="testLoadCategories_GivenContentWithCats_ShouldLoadESMapWithListOfCatsVarnames" classname="com.dotcms.content.elasticsearch.business.ESMappingAPITest" time="1.298"/>
  <testcase name="whenContentletHasInvalidHostId" classname="com.dotcms.content.elasticsearch.business.ESMappingAPITest" time="0.944"/>
  <testcase name="Test_toMap_Metadata_dotRaw" classname="com.dotcms.content.elasticsearch.business.ESMappingAPITest" time="2.751"/>
  <testcase name="test_toMap_binary_field_shouldSuccess" classname="com.dotcms.content.elasticsearch.business.ESMappingAPITest" time="0.284"/>
  <testcase name="whenContentletHasInvalidContentTypeId" classname="com.dotcms.content.elasticsearch.business.ESMappingAPITest" time="1.09"/>
  <testcase name="whenContentletHasNotContentletVersionInfo" classname="com.dotcms.content.elasticsearch.business.ESMappingAPITest" time="1.088"/>
  <testcase name="testLoadRelationshipFields_whenUsingOneSideFieldRelationships_shouldSuccess" classname="com.dotcms.content.elasticsearch.business.ESMappingAPITest" time="1.591"/>
  <testcase name="testLoadRelationshipFields_whenUsingSelfRelationships_shouldSuccess" classname="com.dotcms.content.elasticsearch.business.ESMappingAPITest" time="1.393"/>
  <testcase name="testLoadRelationshipFields_whenUsingTwoSidedFieldRelationships_shouldSuccess" classname="com.dotcms.content.elasticsearch.business.ESMappingAPITest" time="1.423"/>
  <testcase name="Test_Create_FileAsset_With_Metadata_KeyValue_Then_Query" classname="com.dotcms.content.elasticsearch.business.ESMappingAPITest" time="1.211"/>
  <testcase name="test_toMap_when_textFieldShouldNotBeIncluded" classname="com.dotcms.content.elasticsearch.business.ESMappingAPITest" time="1.742"/>
  <testcase name="test_toMap_hidden_date_fields_shouldSuccess" classname="com.dotcms.content.elasticsearch.business.ESMappingAPITest" time="1.139"/>
  <testcase name="testLoadRelationshipFields_whenUsingLegacyRelationships_shouldSuccess" classname="com.dotcms.content.elasticsearch.business.ESMappingAPITest" time="1.334"/>
  <testcase name="whenContentletHasInvalidFolderId" classname="com.dotcms.content.elasticsearch.business.ESMappingAPITest" time="0.834"/>
  <testcase name="whenContentletHasNotIdentifier" classname="com.dotcms.content.elasticsearch.business.ESMappingAPITest" time="2.113"/>
  <testcase name="test_toMap_fileasset_txt_shouldSuccess" classname="com.dotcms.content.elasticsearch.business.ESMappingAPITest" time="0.313"/>
  <testcase name="Test_Create_ContentType_With_KeyValue_Field_Test_Query_Expect_Success" classname="com.dotcms.content.elasticsearch.business.ESMappingAPITest" time="0.193"/>
  <testcase name="Test_Create_FileAsset_Query_by_MetaData_Expect_Success" classname="com.dotcms.content.elasticsearch.business.ESMappingAPITest" time="1.535"/>
  <testcase name="test_toMap_when_textFieldShouldBeIncluded" classname="com.dotcms.content.elasticsearch.business.ESMappingAPITest" time="1.784"/>
  <system-out><![CDATA[]]></system-out>
  <system-err><![CDATA[]]></system-err>
</testsuite>
