<?xml version="1.0" encoding="UTF-8"?>
<testsuite name="com.dotmarketing.servlets.ajax.AjaxDirectorServletIntegrationTest" tests="2" skipped="0" failures="0" errors="0" timestamp="2023-06-30T17:31:26" hostname="fv-az674-164" time="2.046">
  <properties/>
  <testcase name="testService[0: com.dotmarketing.servlets.ajax.AjaxDirectorServletTestCase@3a769dc9]" classname="com.dotmarketing.servlets.ajax.AjaxDirectorServletIntegrationTest" time="1.188"/>
  <testcase name="testService[1: com.dotmarketing.servlets.ajax.AjaxDirectorServletTestCase@e30dba]" classname="com.dotmarketing.servlets.ajax.AjaxDirectorServletIntegrationTest" time="0.858"/>
  <system-out><![CDATA[]]></system-out>
  <system-err><![CDATA[]]></system-err>
</testsuite>
