<?xml version="1.0" encoding="UTF-8"?>
<testsuite name="com.dotcms.rendering.velocity.viewtools.content.util.ContentUtilsTest" tests="89" skipped="0" failures="0" errors="0" timestamp="2023-07-19T18:00:03" hostname="fv-az615-953" time="453.707">
  <properties/>
  <testcase name="whenTheTimeMachineDateIsNullAndPublishDateInFutureShouldNotReturnAnything" classname="com.dotcms.rendering.velocity.viewtools.content.util.ContentUtilsTest" time="3.972"/>
  <testcase name="test_find_multilingual_contentlet_getContentletSuccessfully" classname="com.dotcms.rendering.velocity.viewtools.content.util.ContentUtilsTest" time="1.224"/>
  <testcase name="whenTheTimeMachineDateAndPublishDateAreTomorrowShouldReturnOneContent" classname="com.dotcms.rendering.velocity.viewtools.content.util.ContentUtilsTest" time="3.92"/>
  <testcase name="testPullRelated[0: com.dotcms.rendering.velocity.viewtools.content.util.ContentUtilsTest$TestCase@22dccdd8]" classname="com.dotcms.rendering.velocity.viewtools.content.util.ContentUtilsTest" time="5.446"/>
  <testcase name="testPullRelated[1: com.dotcms.rendering.velocity.viewtools.content.util.ContentUtilsTest$TestCase@2f98b747]" classname="com.dotcms.rendering.velocity.viewtools.content.util.ContentUtilsTest" time="4.533"/>
  <testcase name="testPullRelated[2: com.dotcms.rendering.velocity.viewtools.content.util.ContentUtilsTest$TestCase@579c0016]" classname="com.dotcms.rendering.velocity.viewtools.content.util.ContentUtilsTest" time="4.399"/>
  <testcase name="testPullRelated[3: com.dotcms.rendering.velocity.viewtools.content.util.ContentUtilsTest$TestCase@16da3f9]" classname="com.dotcms.rendering.velocity.viewtools.content.util.ContentUtilsTest" time="4.816"/>
  <testcase name="testPullRelated[4: com.dotcms.rendering.velocity.viewtools.content.util.ContentUtilsTest$TestCase@451b1c01]" classname="com.dotcms.rendering.velocity.viewtools.content.util.ContentUtilsTest" time="4.247"/>
  <testcase name="testPullRelated[5: com.dotcms.rendering.velocity.viewtools.content.util.ContentUtilsTest$TestCase@2f53a96a]" classname="com.dotcms.rendering.velocity.viewtools.content.util.ContentUtilsTest" time="4.782"/>
  <testcase name="testPullRelated[6: com.dotcms.rendering.velocity.viewtools.content.util.ContentUtilsTest$TestCase@18789026]" classname="com.dotcms.rendering.velocity.viewtools.content.util.ContentUtilsTest" time="3.713"/>
  <testcase name="testPullRelated[7: com.dotcms.rendering.velocity.viewtools.content.util.ContentUtilsTest$TestCase@74668abb]" classname="com.dotcms.rendering.velocity.viewtools.content.util.ContentUtilsTest" time="4.914"/>
  <testcase name="testPullRelated[8: com.dotcms.rendering.velocity.viewtools.content.util.ContentUtilsTest$TestCase@69806b22]" classname="com.dotcms.rendering.velocity.viewtools.content.util.ContentUtilsTest" time="5.084"/>
  <testcase name="testPullRelated[9: com.dotcms.rendering.velocity.viewtools.content.util.ContentUtilsTest$TestCase@5baa8781]" classname="com.dotcms.rendering.velocity.viewtools.content.util.ContentUtilsTest" time="4.693"/>
  <testcase name="testPullRelated[10: com.dotcms.rendering.velocity.viewtools.content.util.ContentUtilsTest$TestCase@78fd572]" classname="com.dotcms.rendering.velocity.viewtools.content.util.ContentUtilsTest" time="4.543"/>
  <testcase name="testPullRelated[11: com.dotcms.rendering.velocity.viewtools.content.util.ContentUtilsTest$TestCase@47fca46a]" classname="com.dotcms.rendering.velocity.viewtools.content.util.ContentUtilsTest" time="3.874"/>
  <testcase name="testPullRelated[12: com.dotcms.rendering.velocity.viewtools.content.util.ContentUtilsTest$TestCase@2d4f1ecc]" classname="com.dotcms.rendering.velocity.viewtools.content.util.ContentUtilsTest" time="4.935"/>
  <testcase name="testPullRelated[13: com.dotcms.rendering.velocity.viewtools.content.util.ContentUtilsTest$TestCase@22d6126b]" classname="com.dotcms.rendering.velocity.viewtools.content.util.ContentUtilsTest" time="3.988"/>
  <testcase name="testPullRelated[14: com.dotcms.rendering.velocity.viewtools.content.util.ContentUtilsTest$TestCase@5b0b6706]" classname="com.dotcms.rendering.velocity.viewtools.content.util.ContentUtilsTest" time="4.374"/>
  <testcase name="testPullRelated[15: com.dotcms.rendering.velocity.viewtools.content.util.ContentUtilsTest$TestCase@79f647f9]" classname="com.dotcms.rendering.velocity.viewtools.content.util.ContentUtilsTest" time="4.841"/>
  <testcase name="testPullRelated[16: com.dotcms.rendering.velocity.viewtools.content.util.ContentUtilsTest$TestCase@2c9a8f75]" classname="com.dotcms.rendering.velocity.viewtools.content.util.ContentUtilsTest" time="4.239"/>
  <testcase name="testPullRelated[17: com.dotcms.rendering.velocity.viewtools.content.util.ContentUtilsTest$TestCase@3ecd95c7]" classname="com.dotcms.rendering.velocity.viewtools.content.util.ContentUtilsTest" time="3.863"/>
  <testcase name="testPullRelated[18: com.dotcms.rendering.velocity.viewtools.content.util.ContentUtilsTest$TestCase@3efee64f]" classname="com.dotcms.rendering.velocity.viewtools.content.util.ContentUtilsTest" time="4.363"/>
  <testcase name="testPullRelated[19: com.dotcms.rendering.velocity.viewtools.content.util.ContentUtilsTest$TestCase@75fcb7e6]" classname="com.dotcms.rendering.velocity.viewtools.content.util.ContentUtilsTest" time="5.027"/>
  <testcase name="testPullRelated[20: com.dotcms.rendering.velocity.viewtools.content.util.ContentUtilsTest$TestCase@d657f0b]" classname="com.dotcms.rendering.velocity.viewtools.content.util.ContentUtilsTest" time="4.712"/>
  <testcase name="testPullRelated[21: com.dotcms.rendering.velocity.viewtools.content.util.ContentUtilsTest$TestCase@5fd4b0cd]" classname="com.dotcms.rendering.velocity.viewtools.content.util.ContentUtilsTest" time="4.235"/>
  <testcase name="testPullRelated[22: com.dotcms.rendering.velocity.viewtools.content.util.ContentUtilsTest$TestCase@1651f9e6]" classname="com.dotcms.rendering.velocity.viewtools.content.util.ContentUtilsTest" time="4.47"/>
  <testcase name="testPullRelated[23: com.dotcms.rendering.velocity.viewtools.content.util.ContentUtilsTest$TestCase@6822f4d]" classname="com.dotcms.rendering.velocity.viewtools.content.util.ContentUtilsTest" time="4.932"/>
  <testcase name="testPullRelated[24: com.dotcms.rendering.velocity.viewtools.content.util.ContentUtilsTest$TestCase@203995b1]" classname="com.dotcms.rendering.velocity.viewtools.content.util.ContentUtilsTest" time="3.837"/>
  <testcase name="testPullRelated[25: com.dotcms.rendering.velocity.viewtools.content.util.ContentUtilsTest$TestCase@5a111ba3]" classname="com.dotcms.rendering.velocity.viewtools.content.util.ContentUtilsTest" time="4.303"/>
  <testcase name="testPullRelated[26: com.dotcms.rendering.velocity.viewtools.content.util.ContentUtilsTest$TestCase@439647ce]" classname="com.dotcms.rendering.velocity.viewtools.content.util.ContentUtilsTest" time="5.289"/>
  <testcase name="testPullRelated[27: com.dotcms.rendering.velocity.viewtools.content.util.ContentUtilsTest$TestCase@5479f0b6]" classname="com.dotcms.rendering.velocity.viewtools.content.util.ContentUtilsTest" time="5.025"/>
  <testcase name="testPullRelated[28: com.dotcms.rendering.velocity.viewtools.content.util.ContentUtilsTest$TestCase@38017395]" classname="com.dotcms.rendering.velocity.viewtools.content.util.ContentUtilsTest" time="5.054"/>
  <testcase name="testPullRelated[29: com.dotcms.rendering.velocity.viewtools.content.util.ContentUtilsTest$TestCase@6a1fab35]" classname="com.dotcms.rendering.velocity.viewtools.content.util.ContentUtilsTest" time="3.804"/>
  <testcase name="testPullRelated[30: com.dotcms.rendering.velocity.viewtools.content.util.ContentUtilsTest$TestCase@1b46398f]" classname="com.dotcms.rendering.velocity.viewtools.content.util.ContentUtilsTest" time="4.316"/>
  <testcase name="testPullRelated[31: com.dotcms.rendering.velocity.viewtools.content.util.ContentUtilsTest$TestCase@219611]" classname="com.dotcms.rendering.velocity.viewtools.content.util.ContentUtilsTest" time="4.834"/>
  <testcase name="testPullRelated[32: com.dotcms.rendering.velocity.viewtools.content.util.ContentUtilsTest$TestCase@330fd05b]" classname="com.dotcms.rendering.velocity.viewtools.content.util.ContentUtilsTest" time="3.268"/>
  <testcase name="testPullRelated[33: com.dotcms.rendering.velocity.viewtools.content.util.ContentUtilsTest$TestCase@24de830c]" classname="com.dotcms.rendering.velocity.viewtools.content.util.ContentUtilsTest" time="3.742"/>
  <testcase name="testPullRelated[34: com.dotcms.rendering.velocity.viewtools.content.util.ContentUtilsTest$TestCase@efe4c59]" classname="com.dotcms.rendering.velocity.viewtools.content.util.ContentUtilsTest" time="4.526"/>
  <testcase name="testPullRelated[35: com.dotcms.rendering.velocity.viewtools.content.util.ContentUtilsTest$TestCase@263d289]" classname="com.dotcms.rendering.velocity.viewtools.content.util.ContentUtilsTest" time="4.687"/>
  <testcase name="testPullRelated[36: com.dotcms.rendering.velocity.viewtools.content.util.ContentUtilsTest$TestCase@4f234796]" classname="com.dotcms.rendering.velocity.viewtools.content.util.ContentUtilsTest" time="6.485"/>
  <testcase name="testPullRelated[37: com.dotcms.rendering.velocity.viewtools.content.util.ContentUtilsTest$TestCase@1f356b9d]" classname="com.dotcms.rendering.velocity.viewtools.content.util.ContentUtilsTest" time="6.115"/>
  <testcase name="testPullRelated[38: com.dotcms.rendering.velocity.viewtools.content.util.ContentUtilsTest$TestCase@63d560a6]" classname="com.dotcms.rendering.velocity.viewtools.content.util.ContentUtilsTest" time="5.473"/>
  <testcase name="testPullRelated[39: com.dotcms.rendering.velocity.viewtools.content.util.ContentUtilsTest$TestCase@7fbe11cf]" classname="com.dotcms.rendering.velocity.viewtools.content.util.ContentUtilsTest" time="6.853"/>
  <testcase name="testPullRelated[40: com.dotcms.rendering.velocity.viewtools.content.util.ContentUtilsTest$TestCase@2af4f659]" classname="com.dotcms.rendering.velocity.viewtools.content.util.ContentUtilsTest" time="6.35"/>
  <testcase name="testPullRelated[41: com.dotcms.rendering.velocity.viewtools.content.util.ContentUtilsTest$TestCase@1ea91919]" classname="com.dotcms.rendering.velocity.viewtools.content.util.ContentUtilsTest" time="6.82"/>
  <testcase name="testPullRelated[42: com.dotcms.rendering.velocity.viewtools.content.util.ContentUtilsTest$TestCase@56319a3a]" classname="com.dotcms.rendering.velocity.viewtools.content.util.ContentUtilsTest" time="6.428"/>
  <testcase name="testPullRelated[43: com.dotcms.rendering.velocity.viewtools.content.util.ContentUtilsTest$TestCase@598ec95a]" classname="com.dotcms.rendering.velocity.viewtools.content.util.ContentUtilsTest" time="7.465"/>
  <testcase name="testPullRelated[44: com.dotcms.rendering.velocity.viewtools.content.util.ContentUtilsTest$TestCase@5445aa0c]" classname="com.dotcms.rendering.velocity.viewtools.content.util.ContentUtilsTest" time="6.973"/>
  <testcase name="testPullRelated[45: com.dotcms.rendering.velocity.viewtools.content.util.ContentUtilsTest$TestCase@272104c]" classname="com.dotcms.rendering.velocity.viewtools.content.util.ContentUtilsTest" time="6.921"/>
  <testcase name="testPullRelated[46: com.dotcms.rendering.velocity.viewtools.content.util.ContentUtilsTest$TestCase@5848ba72]" classname="com.dotcms.rendering.velocity.viewtools.content.util.ContentUtilsTest" time="6.449"/>
  <testcase name="testPullRelated[47: com.dotcms.rendering.velocity.viewtools.content.util.ContentUtilsTest$TestCase@77237c38]" classname="com.dotcms.rendering.velocity.viewtools.content.util.ContentUtilsTest" time="7.513"/>
  <testcase name="testPullRelated[48: com.dotcms.rendering.velocity.viewtools.content.util.ContentUtilsTest$TestCase@e4fad1a]" classname="com.dotcms.rendering.velocity.viewtools.content.util.ContentUtilsTest" time="6.576"/>
  <testcase name="testPullRelated[49: com.dotcms.rendering.velocity.viewtools.content.util.ContentUtilsTest$TestCase@1c2d2cef]" classname="com.dotcms.rendering.velocity.viewtools.content.util.ContentUtilsTest" time="6.114"/>
  <testcase name="testPullRelated[50: com.dotcms.rendering.velocity.viewtools.content.util.ContentUtilsTest$TestCase@12b8e32]" classname="com.dotcms.rendering.velocity.viewtools.content.util.ContentUtilsTest" time="5.357"/>
  <testcase name="testPullRelated[51: com.dotcms.rendering.velocity.viewtools.content.util.ContentUtilsTest$TestCase@6d85f093]" classname="com.dotcms.rendering.velocity.viewtools.content.util.ContentUtilsTest" time="6.168"/>
  <testcase name="testPullRelated[52: com.dotcms.rendering.velocity.viewtools.content.util.ContentUtilsTest$TestCase@1ed1a744]" classname="com.dotcms.rendering.velocity.viewtools.content.util.ContentUtilsTest" time="6.115"/>
  <testcase name="testPullRelated[53: com.dotcms.rendering.velocity.viewtools.content.util.ContentUtilsTest$TestCase@6b6eba25]" classname="com.dotcms.rendering.velocity.viewtools.content.util.ContentUtilsTest" time="5.98"/>
  <testcase name="testPullRelated[54: com.dotcms.rendering.velocity.viewtools.content.util.ContentUtilsTest$TestCase@3669e364]" classname="com.dotcms.rendering.velocity.viewtools.content.util.ContentUtilsTest" time="6.443"/>
  <testcase name="testPullRelated[55: com.dotcms.rendering.velocity.viewtools.content.util.ContentUtilsTest$TestCase@742a9c52]" classname="com.dotcms.rendering.velocity.viewtools.content.util.ContentUtilsTest" time="7.255"/>
  <testcase name="testPullRelated[56: com.dotcms.rendering.velocity.viewtools.content.util.ContentUtilsTest$TestCase@6752ee14]" classname="com.dotcms.rendering.velocity.viewtools.content.util.ContentUtilsTest" time="6.805"/>
  <testcase name="testPullRelated[57: com.dotcms.rendering.velocity.viewtools.content.util.ContentUtilsTest$TestCase@7973cf49]" classname="com.dotcms.rendering.velocity.viewtools.content.util.ContentUtilsTest" time="5.036"/>
  <testcase name="testPullRelated[58: com.dotcms.rendering.velocity.viewtools.content.util.ContentUtilsTest$TestCase@f861c0]" classname="com.dotcms.rendering.velocity.viewtools.content.util.ContentUtilsTest" time="6.326"/>
  <testcase name="testPullRelated[59: com.dotcms.rendering.velocity.viewtools.content.util.ContentUtilsTest$TestCase@2090a581]" classname="com.dotcms.rendering.velocity.viewtools.content.util.ContentUtilsTest" time="5.289"/>
  <testcase name="testPullRelated[60: com.dotcms.rendering.velocity.viewtools.content.util.ContentUtilsTest$TestCase@5042ddc9]" classname="com.dotcms.rendering.velocity.viewtools.content.util.ContentUtilsTest" time="7.317"/>
  <testcase name="testPullRelated[61: com.dotcms.rendering.velocity.viewtools.content.util.ContentUtilsTest$TestCase@372c590f]" classname="com.dotcms.rendering.velocity.viewtools.content.util.ContentUtilsTest" time="5.845"/>
  <testcase name="testPullRelated[62: com.dotcms.rendering.velocity.viewtools.content.util.ContentUtilsTest$TestCase@7419c84b]" classname="com.dotcms.rendering.velocity.viewtools.content.util.ContentUtilsTest" time="6.492"/>
  <testcase name="testPullRelated[63: com.dotcms.rendering.velocity.viewtools.content.util.ContentUtilsTest$TestCase@5180c7e4]" classname="com.dotcms.rendering.velocity.viewtools.content.util.ContentUtilsTest" time="7.127"/>
  <testcase name="testPullRelated[64: com.dotcms.rendering.velocity.viewtools.content.util.ContentUtilsTest$TestCase@176ae488]" classname="com.dotcms.rendering.velocity.viewtools.content.util.ContentUtilsTest" time="7.042"/>
  <testcase name="testPullRelated[65: com.dotcms.rendering.velocity.viewtools.content.util.ContentUtilsTest$TestCase@42db334b]" classname="com.dotcms.rendering.velocity.viewtools.content.util.ContentUtilsTest" time="6.954"/>
  <testcase name="testPullRelated[66: com.dotcms.rendering.velocity.viewtools.content.util.ContentUtilsTest$TestCase@78bae0cb]" classname="com.dotcms.rendering.velocity.viewtools.content.util.ContentUtilsTest" time="7.349"/>
  <testcase name="testPullRelated[67: com.dotcms.rendering.velocity.viewtools.content.util.ContentUtilsTest$TestCase@2fd2a7df]" classname="com.dotcms.rendering.velocity.viewtools.content.util.ContentUtilsTest" time="7.641"/>
  <testcase name="testPullRelated[68: com.dotcms.rendering.velocity.viewtools.content.util.ContentUtilsTest$TestCase@6f5c4809]" classname="com.dotcms.rendering.velocity.viewtools.content.util.ContentUtilsTest" time="6.832"/>
  <testcase name="testPullRelated[69: com.dotcms.rendering.velocity.viewtools.content.util.ContentUtilsTest$TestCase@74067fc2]" classname="com.dotcms.rendering.velocity.viewtools.content.util.ContentUtilsTest" time="6.572"/>
  <testcase name="testPullRelated[70: com.dotcms.rendering.velocity.viewtools.content.util.ContentUtilsTest$TestCase@5b956531]" classname="com.dotcms.rendering.velocity.viewtools.content.util.ContentUtilsTest" time="6.846"/>
  <testcase name="testPullRelated[71: com.dotcms.rendering.velocity.viewtools.content.util.ContentUtilsTest$TestCase@61c3cdc3]" classname="com.dotcms.rendering.velocity.viewtools.content.util.ContentUtilsTest" time="6.801"/>
  <testcase name="whenPublishAndExpireDatesAreInTheFutureAndTimeMachineIsAfterBoth" classname="com.dotcms.rendering.velocity.viewtools.content.util.ContentUtilsTest" time="3.874"/>
  <testcase name="testPullRelatedForLegacyRelationship[0: com.dotcms.rendering.velocity.viewtools.content.util.ContentUtilsTest$LegacyTestCase@6cd2ddf2]" classname="com.dotcms.rendering.velocity.viewtools.content.util.ContentUtilsTest" time="4.72"/>
  <testcase name="testPullRelatedForLegacyRelationship[1: com.dotcms.rendering.velocity.viewtools.content.util.ContentUtilsTest$LegacyTestCase@2bed47c5]" classname="com.dotcms.rendering.velocity.viewtools.content.util.ContentUtilsTest" time="4.063"/>
  <testcase name="whenTheTimeMachineDateIsAfterTomorrowAndExpireDateIsTomorrowShouldNotReturnContent" classname="com.dotcms.rendering.velocity.viewtools.content.util.ContentUtilsTest" time="3.827"/>
  <testcase name="testPullLiveRelatedWhenLatestVersionIsWorking" classname="com.dotcms.rendering.velocity.viewtools.content.util.ContentUtilsTest" time="5.366"/>
  <testcase name="test_add_relationships_on_parent_children_related_contents" classname="com.dotcms.rendering.velocity.viewtools.content.util.ContentUtilsTest" time="1.803"/>
  <testcase name="testSortPullRelated[0: com.dotcms.rendering.velocity.viewtools.content.util.ContentUtilsTest$SortTestCase@5b210364]" classname="com.dotcms.rendering.velocity.viewtools.content.util.ContentUtilsTest" time="2.506"/>
  <testcase name="testSortPullRelated[1: com.dotcms.rendering.velocity.viewtools.content.util.ContentUtilsTest$SortTestCase@24f36016]" classname="com.dotcms.rendering.velocity.viewtools.content.util.ContentUtilsTest" time="2.731"/>
  <testcase name="testSortPullRelated[2: com.dotcms.rendering.velocity.viewtools.content.util.ContentUtilsTest$SortTestCase@5e340437]" classname="com.dotcms.rendering.velocity.viewtools.content.util.ContentUtilsTest" time="3.61"/>
  <testcase name="testSortPullRelated[3: com.dotcms.rendering.velocity.viewtools.content.util.ContentUtilsTest$SortTestCase@1f26b35b]" classname="com.dotcms.rendering.velocity.viewtools.content.util.ContentUtilsTest" time="2.708"/>
  <testcase name="testSortPullRelated[4: com.dotcms.rendering.velocity.viewtools.content.util.ContentUtilsTest$SortTestCase@4ccfb9f8]" classname="com.dotcms.rendering.velocity.viewtools.content.util.ContentUtilsTest" time="2.415"/>
  <testcase name="testSortPullRelated[5: com.dotcms.rendering.velocity.viewtools.content.util.ContentUtilsTest$SortTestCase@730393a7]" classname="com.dotcms.rendering.velocity.viewtools.content.util.ContentUtilsTest" time="2.677"/>
  <testcase name="whenTheTimeMachineDateIsAfterTomorrowAndExpireDateIsInFutureShouldReturnContent" classname="com.dotcms.rendering.velocity.viewtools.content.util.ContentUtilsTest" time="2.943"/>
  <testcase name="testPullRelatedFieldShouldRespectDefaultOrder" classname="com.dotcms.rendering.velocity.viewtools.content.util.ContentUtilsTest" time="3.51"/>
  <system-out><![CDATA[]]></system-out>
  <system-err><![CDATA[]]></system-err>
</testsuite>
