<?xml version="1.0" encoding="UTF-8"?>
<testsuite name="com.dotcms.contenttype.business.RelationshipAPITest" tests="6" skipped="0" failures="0" errors="0" timestamp="2023-07-11T02:46:16" hostname="fv-az407-783" time="14.693">
  <properties/>
  <testcase name="testSave_RelationshipWithModifiedRelationTypeValue_ShouldThrowException" classname="com.dotcms.contenttype.business.RelationshipAPITest" time="0.002"/>
  <testcase name="testconvertRelationshipToRelationshipField_Success" classname="com.dotcms.contenttype.business.RelationshipAPITest" time="4.642"/>
  <testcase name="testconvertRelationshipToRelationshipField_SelfRelated_Success" classname="com.dotcms.contenttype.business.RelationshipAPITest" time="3.956"/>
  <testcase name="testDbRelatedContentWhenSelfJoinRelationship" classname="com.dotcms.contenttype.business.RelationshipAPITest" time="2.653"/>
  <testcase name="testDbRelatedContentWhenNonSelfJoinRelationship" classname="com.dotcms.contenttype.business.RelationshipAPITest" time="3.435"/>
  <testcase name="testSave_RelationshipWithNonUniqueRelationTypeValue_ShouldThrowException" classname="com.dotcms.contenttype.business.RelationshipAPITest" time="0.005"/>
  <system-out><![CDATA[]]></system-out>
  <system-err><![CDATA[]]></system-err>
</testsuite>
