<?xml version="1.0" encoding="UTF-8"?>
<testsuite name="com.dotcms.MainSuite1b" tests="0" skipped="0" failures="0" errors="0" timestamp="1970-01-01T00:00:00" hostname="fv-az168-423" time="0.0">
  <properties/>
  <system-out><![CDATA[


]]></system-out>
  <system-err><![CDATA[]]></system-err>
</testsuite>
