<?xml version="1.0" encoding="UTF-8"?>
<testsuite name="com.dotcms.enterprise.publishing.bundler.URLMapBundlerTest" tests="2" skipped="0" failures="0" errors="0" timestamp="2023-07-07T19:53:14" hostname="fv-az507-246" time="8.11">
  <properties/>
  <testcase name="urlMapWithInclude" classname="com.dotcms.enterprise.publishing.bundler.URLMapBundlerTest" time="4.109"/>
  <testcase name="urlMapWithIncludeAndBlankSpace" classname="com.dotcms.enterprise.publishing.bundler.URLMapBundlerTest" time="4.001"/>
  <system-out><![CDATA[]]></system-out>
  <system-err><![CDATA[]]></system-err>
</testsuite>
