<?xml version="1.0" encoding="UTF-8"?>
<testsuite name="com.dotmarketing.db.DbConnectionFactoryTest" tests="4" skipped="0" failures="0" errors="0" timestamp="2023-06-30T18:41:47" hostname="fv-az247-376" time="0.038">
  <properties/>
  <testcase name="testNestedTransactions" classname="com.dotmarketing.db.DbConnectionFactoryTest" time="0.018"/>
  <testcase name="testRollback" classname="com.dotmarketing.db.DbConnectionFactoryTest" time="0.016"/>
  <testcase name="testSelectTransaction" classname="com.dotmarketing.db.DbConnectionFactoryTest" time="0.002"/>
  <testcase name="testStartTransactionIfNeeded" classname="com.dotmarketing.db.DbConnectionFactoryTest" time="0.001"/>
  <system-out><![CDATA[]]></system-out>
  <system-err><![CDATA[
















































































]]></system-err>
</testsuite>
