<?xml version="1.0" encoding="UTF-8"?>
<testsuite name="com.dotcms.rest.elasticsearch.ESContentResourcePortletTest" tests="8" skipped="0" failures="0" errors="0" timestamp="2023-06-23T23:12:33" hostname="fv-az254-300" time="10.013">
  <properties/>
  <testcase name="test_search_includeGrandChildCategory_success" classname="com.dotcms.rest.elasticsearch.ESContentResourcePortletTest" time="2.454"/>
  <testcase name="testSearch[0: com.dotcms.rest.elasticsearch.ESContentResourcePortletTest$TestCase@b6a45d6]" classname="com.dotcms.rest.elasticsearch.ESContentResourcePortletTest" time="1.071"/>
  <testcase name="testSearch[1: com.dotcms.rest.elasticsearch.ESContentResourcePortletTest$TestCase@2c0e7898]" classname="com.dotcms.rest.elasticsearch.ESContentResourcePortletTest" time="0.408"/>
  <testcase name="testSearch[2: com.dotcms.rest.elasticsearch.ESContentResourcePortletTest$TestCase@4e4d17d3]" classname="com.dotcms.rest.elasticsearch.ESContentResourcePortletTest" time="1.135"/>
  <testcase name="testSearch[3: com.dotcms.rest.elasticsearch.ESContentResourcePortletTest$TestCase@7ad76912]" classname="com.dotcms.rest.elasticsearch.ESContentResourcePortletTest" time="1.358"/>
  <testcase name="testSearch[4: com.dotcms.rest.elasticsearch.ESContentResourcePortletTest$TestCase@234ac76b]" classname="com.dotcms.rest.elasticsearch.ESContentResourcePortletTest" time="1.346"/>
  <testcase name="testSearch[5: com.dotcms.rest.elasticsearch.ESContentResourcePortletTest$TestCase@7cdfb122]" classname="com.dotcms.rest.elasticsearch.ESContentResourcePortletTest" time="1.167"/>
  <testcase name="testSearch[6: com.dotcms.rest.elasticsearch.ESContentResourcePortletTest$TestCase@5a8ac2e5]" classname="com.dotcms.rest.elasticsearch.ESContentResourcePortletTest" time="1.072"/>
  <system-out><![CDATA[]]></system-out>
  <system-err><![CDATA[]]></system-err>
</testsuite>
