<?xml version="1.0" encoding="UTF-8"?>
<testsuite name="com.liferay.portal.ejb.UserUtilTest" tests="26" skipped="0" failures="0" errors="0" timestamp="2023-06-22T13:43:08" hostname="fv-az361-657" time="22.899">
  <properties/>
  <testcase name="testCountByC_PMarkDeleted" classname="com.liferay.portal.ejb.UserUtilTest" time="0.898"/>
  <testcase name="testRemoveByCompanyId" classname="com.liferay.portal.ejb.UserUtilTest" time="0.795"/>
  <testcase name="testCountByC_P" classname="com.liferay.portal.ejb.UserUtilTest" time="0.818"/>
  <testcase name="testCountByC_U" classname="com.liferay.portal.ejb.UserUtilTest" time="0.821"/>
  <testcase name="testFindByC_UMarkDeleted" classname="com.liferay.portal.ejb.UserUtilTest" time="0.826"/>
  <testcase name="testCountByC_UMarkDeleted" classname="com.liferay.portal.ejb.UserUtilTest" time="0.813"/>
  <testcase name="testFindAll" classname="com.liferay.portal.ejb.UserUtilTest" time="0.834"/>
  <testcase name="testFindByC_EAMarkDeleted" classname="com.liferay.portal.ejb.UserUtilTest" time="0.812"/>
  <testcase name="testFindByC_EA" classname="com.liferay.portal.ejb.UserUtilTest" time="0.819"/>
  <testcase name="testRemoveByC_P" classname="com.liferay.portal.ejb.UserUtilTest" time="0.785"/>
  <testcase name="testRemoveByC_U" classname="com.liferay.portal.ejb.UserUtilTest" time="0.785"/>
  <testcase name="testRemoveByC_EAMarkDeleted" classname="com.liferay.portal.ejb.UserUtilTest" time="0.804"/>
  <testcase name="testFindByCompanyId" classname="com.liferay.portal.ejb.UserUtilTest" time="0.867"/>
  <testcase name="testRemoveByC_EA" classname="com.liferay.portal.ejb.UserUtilTest" time="0.781"/>
  <testcase name="testRemoveByCompanyIdMarkDeleted" classname="com.liferay.portal.ejb.UserUtilTest" time="0.813"/>
  <testcase name="testCountByCompanyId" classname="com.liferay.portal.ejb.UserUtilTest" time="0.002"/>
  <testcase name="testCountByC_EA" classname="com.liferay.portal.ejb.UserUtilTest" time="0.824"/>
  <testcase name="testFindByC_P_PrevAndNext" classname="com.liferay.portal.ejb.UserUtilTest" time="3.237"/>
  <testcase name="testFindByC_P" classname="com.liferay.portal.ejb.UserUtilTest" time="0.829"/>
  <testcase name="testFindByC_U" classname="com.liferay.portal.ejb.UserUtilTest" time="0.861"/>
  <testcase name="testFindByC_PWithLimit" classname="com.liferay.portal.ejb.UserUtilTest" time="0.811"/>
  <testcase name="testRemoveByC_PMarkDeleted" classname="com.liferay.portal.ejb.UserUtilTest" time="0.804"/>
  <testcase name="testCountByC_EAMarkDeleted" classname="com.liferay.portal.ejb.UserUtilTest" time="0.81"/>
  <testcase name="testRemoveByC_UMarkDeleted" classname="com.liferay.portal.ejb.UserUtilTest" time="0.808"/>
  <testcase name="testFindByC_PMarkDeleted" classname="com.liferay.portal.ejb.UserUtilTest" time="0.814"/>
  <testcase name="testFindByCompanyIdWithLimit" classname="com.liferay.portal.ejb.UserUtilTest" time="0.825"/>
  <system-out><![CDATA[]]></system-out>
  <system-err><![CDATA[]]></system-err>
</testsuite>
