<?xml version="1.0" encoding="UTF-8"?>
<testsuite name="com.dotcms.publisher.bundle.business.BundleFactoryTest" tests="7" skipped="0" failures="0" errors="0" timestamp="2023-06-23T01:07:00" hostname="fv-az395-584" time="4.83">
  <properties/>
  <testcase name="test_deleteAllAssetsFromBundle" classname="com.dotcms.publisher.bundle.business.BundleFactoryTest" time="1.292"/>
  <testcase name="test_findSentBundlesOlderThan_byAdminUser" classname="com.dotcms.publisher.bundle.business.BundleFactoryTest" time="0.87"/>
  <testcase name="test_insertBundleWithFilterKey_success" classname="com.dotcms.publisher.bundle.business.BundleFactoryTest" time="0.002"/>
  <testcase name="test_insertBundleWithoutFilterKey_success" classname="com.dotcms.publisher.bundle.business.BundleFactoryTest" time="0.002"/>
  <testcase name="test_findSentBundlesOlderThan_byLimitedUser" classname="com.dotcms.publisher.bundle.business.BundleFactoryTest" time="0.886"/>
  <testcase name="test_findSentBundles_byLimitedUser" classname="com.dotcms.publisher.bundle.business.BundleFactoryTest" time="0.892"/>
  <testcase name="test_findSentBundles_byAdminUser" classname="com.dotcms.publisher.bundle.business.BundleFactoryTest" time="0.886"/>
  <system-out><![CDATA[]]></system-out>
  <system-err><![CDATA[]]></system-err>
</testsuite>
