<?xml version="1.0" encoding="UTF-8"?>
<testsuite name="com.dotcms.visitor.filter.characteristics.VisitorCharacterTest" tests="7" skipped="0" failures="0" errors="0" timestamp="2023-07-21T14:57:54" hostname="fv-az1098-922" time="0.069">
  <properties/>
  <testcase name="testConstructor[0: com.dotcms.visitor.filter.characteristics.VisitorCharacterTest$TestCase@3dc55cc8]" classname="com.dotcms.visitor.filter.characteristics.VisitorCharacterTest" time="0.03"/>
  <testcase name="testConstructor[1: com.dotcms.visitor.filter.characteristics.VisitorCharacterTest$TestCase@6604b540]" classname="com.dotcms.visitor.filter.characteristics.VisitorCharacterTest" time="0.006"/>
  <testcase name="testConstructor[2: com.dotcms.visitor.filter.characteristics.VisitorCharacterTest$TestCase@25ad367d]" classname="com.dotcms.visitor.filter.characteristics.VisitorCharacterTest" time="0.004"/>
  <testcase name="testConstructor[3: com.dotcms.visitor.filter.characteristics.VisitorCharacterTest$TestCase@161dc592]" classname="com.dotcms.visitor.filter.characteristics.VisitorCharacterTest" time="0.007"/>
  <testcase name="testConstructor[4: com.dotcms.visitor.filter.characteristics.VisitorCharacterTest$TestCase@1a9e885]" classname="com.dotcms.visitor.filter.characteristics.VisitorCharacterTest" time="0.005"/>
  <testcase name="testConstructor[5: com.dotcms.visitor.filter.characteristics.VisitorCharacterTest$TestCase@4244f345]" classname="com.dotcms.visitor.filter.characteristics.VisitorCharacterTest" time="0.005"/>
  <testcase name="testConstructor[6: com.dotcms.visitor.filter.characteristics.VisitorCharacterTest$TestCase@e163bae]" classname="com.dotcms.visitor.filter.characteristics.VisitorCharacterTest" time="0.012"/>
  <system-out><![CDATA[]]></system-out>
  <system-err><![CDATA[]]></system-err>
</testsuite>
