<?xml version="1.0" encoding="UTF-8"?>
<testsuite name="com.dotmarketing.business.DeterministicIdentifierAPITest" tests="16" skipped="0" failures="0" errors="0" timestamp="2023-07-10T21:46:09" hostname="fv-az950-407" time="1.269">
  <properties/>
  <testcase name="Test_Category_Path_Seed_And_Id" classname="com.dotmarketing.business.DeterministicIdentifierAPITest" time="0.027"/>
  <testcase name="Test_Language_Deterministic_Id[0: LanguageTestCase{expectedSeed='Language:es:US', expectedHash=4913155, langCode='es', countryCode='US', country='United States'}]" classname="com.dotmarketing.business.DeterministicIdentifierAPITest" time="0.002"/>
  <testcase name="Test_Language_Deterministic_Id[1: LanguageTestCase{expectedSeed='Language:ep:', expectedHash=5292269, langCode='ep', countryCode='', country=''}]" classname="com.dotmarketing.business.DeterministicIdentifierAPITest" time="0.002"/>
  <testcase name="Test_Language_Deterministic_Id[2: LanguageTestCase{expectedSeed='Language:sg:SAG', expectedHash=4713118, langCode='sg', countryCode='SAG', country=''}]" classname="com.dotmarketing.business.DeterministicIdentifierAPITest" time="0.001"/>
  <testcase name="Test_Language_Deterministic_Id[3: LanguageTestCase{expectedSeed='Language:en:NZ', expectedHash=5382528, langCode='en', countryCode='NZ', country='New Zealand'}]" classname="com.dotmarketing.business.DeterministicIdentifierAPITest" time="0.001"/>
  <testcase name="Test_Category_None_Persisted_Category_Should_Return_Deterministic_Id" classname="com.dotmarketing.business.DeterministicIdentifierAPITest" time="0.001"/>
  <testcase name="Test_Asset_Generate_Deterministic_Id_Best_Effort[0: TestCase{versionable=my.host1689025143481.com, parent=System Host, expectedName='my.host1689025143481.com', expectedType='Host'}]" classname="com.dotmarketing.business.DeterministicIdentifierAPITest" time="0.004"/>
  <testcase name="Test_Asset_Generate_Deterministic_Id_Best_Effort[1: TestCase{versionable=com.dotmarketing.portlets.contentlet.model.Contentlet@2d1a4695[map={modDate=2023-07-10 21:39:03.985, fileName=file13423947570133277395.txt, title=file13423947570133277395.txt, inode=d45c63c0-dc46-42cc-aca8-2674278e9f7b, __IS_NEW_CONTENT__=true, disabledWYSIWYG=[], host=15e206ed-3a30-457b-a80c-f7c850c6daec, stInode=33888b6f-7a8e-4069-b1b6-5c1aa9d0a48d, owner=system, identifier=9fb9123a-3ffb-409f-bddb-c51561c79d9c, nullProperties=[wfExpireDate, wfPublishDate, wfActionAssign, wfActionId, wfActionComments, filterKey, whereToSend, wfNeverExpire, _path_to_move, timezoneId, iWantTo, wfPublishTime, wfExpireTime], languageId=1, fileAsset=/home/runner/work/core/custom/assets/d/4/d45c63c0-dc46-42cc-aca8-2674278e9f7b/fileAsset/file13423947570133277395.txt, folder=ad71ef7e-100c-4716-afd3-3fd5d01c3375, __disable_workflow__=true, sortOrder=0, modUser=system},lowIndexPriority=false,variantId=DEFAULT], parent=com.dotmarketing.portlets.folders.model.Folder@2a1f8f40[identifier=ad71ef7e-100c-4716-afd3-3fd5d01c3375,name=testName1689025143974,sortOrder=0,showOnMenu=false,hostId=15e206ed-3a30-457b-a80c-f7c850c6daec,type=folder,title=testTitle1689025143974,filesMasks=,defaultFileType=33888b6f-7a8e-4069-b1b6-5c1aa9d0a48d,modDate=2023-07-10 21:39:03.978,owner=&lt;null&gt;,iDate=2023-07-10 21:39:03.978,inode=ad71ef7e-100c-4716-afd3-3fd5d01c3375,path=/testName1689025143974/], expectedName='file13423947570133277395.txt', expectedType='FileAsset'}]" classname="com.dotmarketing.business.DeterministicIdentifierAPITest" time="0.005"/>
  <testcase name="Test_Asset_Generate_Deterministic_Id_Best_Effort[2: TestCase{versionable=com.dotmarketing.portlets.templates.model.Template@5a236dbe, parent=my.host1689025143481.com, expectedName='testTitle1689025144133', expectedType='Template'}]" classname="com.dotmarketing.business.DeterministicIdentifierAPITest" time="0.003"/>
  <testcase name="Test_Asset_Generate_Deterministic_Id_Best_Effort[3: TestCase{versionable=com.dotmarketing.portlets.htmlpageasset.model.HTMLPageAsset@77509c73[map={template=ea38b84c-c96f-45a1-83e6-92f0edf356d1, owner=system, identifier=1a1689f0-3758-41a6-9295-a8b01e272b44, nullProperties=[wfExpireDate, wfPublishDate, wfActionAssign, wfActionId, wfActionComments, filterKey, whereToSend, wfNeverExpire, _path_to_move, timezoneId, iWantTo, wfPublishTime, wfExpireTime], modDate=2023-07-10 21:39:04.172, cachettl=0, _is_test_mode=true, languageId=1, title=test-page-title-1689025144161, httpsreq=, url=test-page-url-1689025144161, showOnMenu=, inode=e5fd40a3-4c34-4bcc-b959-da87c4883694, folder=ad71ef7e-100c-4716-afd3-3fd5d01c3375, disabledWYSIWYG=[], sortOrder=1, modUser=system, host=15e206ed-3a30-457b-a80c-f7c850c6daec, stInode=c541abb1-69b3-4bc5-8430-5e09e5239cc8, friendlyName=test-page-friendly-name-1689025144161},lowIndexPriority=false,variantId=DEFAULT], parent=com.dotmarketing.portlets.folders.model.Folder@2a1f8f40[identifier=ad71ef7e-100c-4716-afd3-3fd5d01c3375,name=testName1689025143974,sortOrder=0,showOnMenu=false,hostId=15e206ed-3a30-457b-a80c-f7c850c6daec,type=folder,title=testTitle1689025143974,filesMasks=,defaultFileType=33888b6f-7a8e-4069-b1b6-5c1aa9d0a48d,modDate=2023-07-10 21:39:03.978,owner=&lt;null&gt;,iDate=2023-07-10 21:39:03.978,inode=ad71ef7e-100c-4716-afd3-3fd5d01c3375,path=/testName1689025143974/], expectedName='test-page-url-1689025144161', expectedType='htmlpageasset'}]" classname="com.dotmarketing.business.DeterministicIdentifierAPITest" time="0.003"/>
  <testcase name="Test_Asset_Generate_Deterministic_Id_Best_Effort[4: TestCase{versionable=com.dotmarketing.portlets.contentlet.model.Contentlet@232c91e8[map={fileAsset2=/home/runner/work/core/custom/assets/5/1/512c8148-d65a-4032-90a4-ad3837b07956/fileAsset2/test_binary1689025145956.png, modDate=2023-07-10 21:39:05.965, fileAsset1=/home/runner/work/core/custom/assets/5/1/512c8148-d65a-4032-90a4-ad3837b07956/fileAsset1/test_binary1689025145956.jpg, title=blah, inode=512c8148-d65a-4032-90a4-ad3837b07956, __IS_NEW_CONTENT__=true, disabledWYSIWYG=[], host=48190c8c-42c4-46af-8d1a-0cd5db894797, stInode=ea705a2b-a34e-4a08-9540-98d29415fb84, owner=system, identifier=b25d5987-4192-42ba-8535-39f5138eae24, nullProperties=[], languageId=1, image1=40a47eca-acc5-47ef-8ac6-136538d11c50, folder=SYSTEM_FOLDER, __disable_workflow__=true, sortOrder=0, modUser=system},lowIndexPriority=false,variantId=DEFAULT], parent=demo.dotcms.com, expectedName='test_binary1689025145956.jpg:test_binary1689025145956.png', expectedType='MultipleBinaries1689025144591'}]" classname="com.dotmarketing.business.DeterministicIdentifierAPITest" time="0.004"/>
  <testcase name="Test_Asset_Generate_Deterministic_Id_Best_Effort[5: TestCase{versionable=nameab1bc999d4 : keyTagab1bc999d4, parent=my.host1689025143481.com, expectedName='keyTagab1bc999d4', expectedType='persona'}]" classname="com.dotmarketing.business.DeterministicIdentifierAPITest" time="0.004"/>
  <testcase name="Test_Similar_Content_Type_Wont_Clash" classname="com.dotmarketing.business.DeterministicIdentifierAPITest" time="0.559"/>
  <testcase name="Test_Generate_Folder_Identifier" classname="com.dotmarketing.business.DeterministicIdentifierAPITest" time="0.632"/>
  <testcase name="Test_Generate_Content_Type_Identifier[0: ContentTypeTestCase{contentType=KeyValueContentType{name=Language Variable, id=f4d7c1b8-2c88-4071-abf1-a5328977b07d, description=Default Content Type for Language Variables, defaultType=false, fixed=true, iDate=Thu Aug 31 16:38:49 UTC 2017, system=true, versionable=true, variable=Languagevariable, modDate=Mon Jul 10 20:26:01 UTC 2023, host=SYSTEM_HOST, siteName=systemHost, icon=language, sortOrder=0, folder=SYSTEM_FOLDER, folderPath=/, markedForDeletion=true, multilingualable=false}, expectedName='Languagevariable', expectedType='KeyValue'}]" classname="com.dotmarketing.business.DeterministicIdentifierAPITest" time="0.005"/>
  <testcase name="Test_Generate_Content_Type_Identifier[1: ContentTypeTestCase{contentType=SimpleContentType{name=testName1689025146435, id=59127e0e-47ea-4daf-a2f9-927c5c115374, description=testDescription1689025146435, defaultType=false, fixed=false, iDate=Mon Jul 10 21:39:06 UTC 2023, system=false, versionable=true, multilingualable=false, variable=testVarname1689025146435, owner=system, modDate=Mon Jul 10 21:39:07 UTC 2023, host=48190c8c-42c4-46af-8d1a-0cd5db894797, siteName=demo.dotcms.com, icon=event_note, sortOrder=0, folder=SYSTEM_FOLDER, folderPath=/, requiredFields=[], markedForDeletion=false}, expectedName='testVarname1689025146435', expectedType='CONTENT'}]" classname="com.dotmarketing.business.DeterministicIdentifierAPITest" time="0.005"/>
  <system-out><![CDATA[]]></system-out>
  <system-err><![CDATA[]]></system-err>
</testsuite>
