<?xml version="1.0" encoding="UTF-8"?>
<testsuite name="com.dotmarketing.portlets.structure.model.ContentletRelationshipsTest" tests="7" skipped="0" failures="0" errors="0" timestamp="2023-07-13T17:09:09" hostname="fv-az218-607" time="9.341">
  <properties/>
  <testcase name="testDoesAllowOnlyOne[0: com.dotmarketing.portlets.structure.model.ContentletRelationshipsTest$CardinalityTestCase@b1bdcfa]" classname="com.dotmarketing.portlets.structure.model.ContentletRelationshipsTest" time="0.567"/>
  <testcase name="testDoesAllowOnlyOne[1: com.dotmarketing.portlets.structure.model.ContentletRelationshipsTest$CardinalityTestCase@7a5ea6fc]" classname="com.dotmarketing.portlets.structure.model.ContentletRelationshipsTest" time="0.596"/>
  <testcase name="testDoesAllowOnlyOne[2: com.dotmarketing.portlets.structure.model.ContentletRelationshipsTest$CardinalityTestCase@18bfa9a8]" classname="com.dotmarketing.portlets.structure.model.ContentletRelationshipsTest" time="0.565"/>
  <testcase name="testGetRelationshipRecords[0: com.dotmarketing.portlets.structure.model.ContentletRelationshipsTest$TestCase@3077ee48]" classname="com.dotmarketing.portlets.structure.model.ContentletRelationshipsTest" time="2.251"/>
  <testcase name="testGetRelationshipRecords[1: com.dotmarketing.portlets.structure.model.ContentletRelationshipsTest$TestCase@65de08b0]" classname="com.dotmarketing.portlets.structure.model.ContentletRelationshipsTest" time="2.185"/>
  <testcase name="testGetRelationshipRecords[2: com.dotmarketing.portlets.structure.model.ContentletRelationshipsTest$TestCase@6ab83bb1]" classname="com.dotmarketing.portlets.structure.model.ContentletRelationshipsTest" time="2.085"/>
  <testcase name="testGetRelationshipRecords[3: com.dotmarketing.portlets.structure.model.ContentletRelationshipsTest$TestCase@f2f3da7]" classname="com.dotmarketing.portlets.structure.model.ContentletRelationshipsTest" time="1.091"/>
  <system-out><![CDATA[]]></system-out>
  <system-err><![CDATA[]]></system-err>
</testsuite>
