<?xml version="1.0" encoding="UTF-8"?>
<testsuite name="com.dotcms.publisher.util.DependencyModDateUtilTest" tests="48" skipped="0" failures="0" errors="0" timestamp="2023-06-26T19:17:31" hostname="fv-az1128-296" time="96.251">
  <properties/>
  <testcase name="excludeByModDateContentNotPushBefore: ForcePush: com.dotcms.publisher.util.DependencyModDateUtilTest$TestCase@72d4a182" classname="com.dotcms.publisher.util.DependencyModDateUtilTest" time="1.989"/>
  <testcase name="excludeByModDateContentNotPushBefore: ForcePush: com.dotcms.publisher.util.DependencyModDateUtilTest$TestCase@32cba005" classname="com.dotcms.publisher.util.DependencyModDateUtilTest" time="2.021"/>
  <testcase name="excludeByModDateContentNotPushBefore: ForcePush: com.dotcms.publisher.util.DependencyModDateUtilTest$TestCase@1720a5ba" classname="com.dotcms.publisher.util.DependencyModDateUtilTest" time="2.084"/>
  <testcase name="excludeByModDateContentNotPushBefore: ForcePush: com.dotcms.publisher.util.DependencyModDateUtilTest$TestCase@7fc9767" classname="com.dotcms.publisher.util.DependencyModDateUtilTest" time="2.025"/>
  <testcase name="excludeByModDateContentNotPushBefore: ForcePush: com.dotcms.publisher.util.DependencyModDateUtilTest$TestCase@50f3feab" classname="com.dotcms.publisher.util.DependencyModDateUtilTest" time="1.989"/>
  <testcase name="excludeByModDateContentNotPushBefore: ForcePush: com.dotcms.publisher.util.DependencyModDateUtilTest$TestCase@3fd7a738" classname="com.dotcms.publisher.util.DependencyModDateUtilTest" time="2.114"/>
  <testcase name="excludeByModDateContentNotPushBefore: ForcePush: com.dotcms.publisher.util.DependencyModDateUtilTest$TestCase@2dc8d80d" classname="com.dotcms.publisher.util.DependencyModDateUtilTest" time="1.906"/>
  <testcase name="excludeByModDateContentNotPushBefore: ForcePush: com.dotcms.publisher.util.DependencyModDateUtilTest$TestCase@4e6c357c" classname="com.dotcms.publisher.util.DependencyModDateUtilTest" time="2.036"/>
  <testcase name="excludeByModDateContentNotPushBefore: ForcePush: com.dotcms.publisher.util.DependencyModDateUtilTest$TestCase@1258cbc" classname="com.dotcms.publisher.util.DependencyModDateUtilTest" time="2.023"/>
  <testcase name="excludeByModDateContentNotPushBefore: ForcePush: com.dotcms.publisher.util.DependencyModDateUtilTest$TestCase@34915c7" classname="com.dotcms.publisher.util.DependencyModDateUtilTest" time="2.042"/>
  <testcase name="excludeByModDateContentNotPushBefore: ForcePush: com.dotcms.publisher.util.DependencyModDateUtilTest$TestCase@682aad13" classname="com.dotcms.publisher.util.DependencyModDateUtilTest" time="2.02"/>
  <testcase name="excludeByModDateContentNotPushBefore: ForcePush: com.dotcms.publisher.util.DependencyModDateUtilTest$TestCase@4742b2bf" classname="com.dotcms.publisher.util.DependencyModDateUtilTest" time="2.031"/>
  <testcase name="excludeByModDateContentWithPushAssetAfterModDate: ForcePush: com.dotcms.publisher.util.DependencyModDateUtilTest$TestCase@72d4a182" classname="com.dotcms.publisher.util.DependencyModDateUtilTest" time="2.058"/>
  <testcase name="excludeByModDateContentWithPushAssetAfterModDate: ForcePush: com.dotcms.publisher.util.DependencyModDateUtilTest$TestCase@32cba005" classname="com.dotcms.publisher.util.DependencyModDateUtilTest" time="1.986"/>
  <testcase name="excludeByModDateContentWithPushAssetAfterModDate: ForcePush: com.dotcms.publisher.util.DependencyModDateUtilTest$TestCase@1720a5ba" classname="com.dotcms.publisher.util.DependencyModDateUtilTest" time="2.031"/>
  <testcase name="excludeByModDateContentWithPushAssetAfterModDate: ForcePush: com.dotcms.publisher.util.DependencyModDateUtilTest$TestCase@7fc9767" classname="com.dotcms.publisher.util.DependencyModDateUtilTest" time="2.019"/>
  <testcase name="excludeByModDateContentWithPushAssetAfterModDate: ForcePush: com.dotcms.publisher.util.DependencyModDateUtilTest$TestCase@50f3feab" classname="com.dotcms.publisher.util.DependencyModDateUtilTest" time="2.097"/>
  <testcase name="excludeByModDateContentWithPushAssetAfterModDate: ForcePush: com.dotcms.publisher.util.DependencyModDateUtilTest$TestCase@3fd7a738" classname="com.dotcms.publisher.util.DependencyModDateUtilTest" time="1.984"/>
  <testcase name="excludeByModDateContentWithPushAssetAfterModDate: ForcePush: com.dotcms.publisher.util.DependencyModDateUtilTest$TestCase@2dc8d80d" classname="com.dotcms.publisher.util.DependencyModDateUtilTest" time="2.068"/>
  <testcase name="excludeByModDateContentWithPushAssetAfterModDate: ForcePush: com.dotcms.publisher.util.DependencyModDateUtilTest$TestCase@4e6c357c" classname="com.dotcms.publisher.util.DependencyModDateUtilTest" time="2.005"/>
  <testcase name="excludeByModDateContentWithPushAssetAfterModDate: ForcePush: com.dotcms.publisher.util.DependencyModDateUtilTest$TestCase@1258cbc" classname="com.dotcms.publisher.util.DependencyModDateUtilTest" time="2.011"/>
  <testcase name="excludeByModDateContentWithPushAssetAfterModDate: ForcePush: com.dotcms.publisher.util.DependencyModDateUtilTest$TestCase@34915c7" classname="com.dotcms.publisher.util.DependencyModDateUtilTest" time="2.037"/>
  <testcase name="excludeByModDateContentWithPushAssetAfterModDate: ForcePush: com.dotcms.publisher.util.DependencyModDateUtilTest$TestCase@682aad13" classname="com.dotcms.publisher.util.DependencyModDateUtilTest" time="2.025"/>
  <testcase name="excludeByModDateContentWithPushAssetAfterModDate: ForcePush: com.dotcms.publisher.util.DependencyModDateUtilTest$TestCase@4742b2bf" classname="com.dotcms.publisher.util.DependencyModDateUtilTest" time="2.015"/>
  <testcase name="excludeByModDateContentWithPushAssetBeforeModDate: ForcePush: com.dotcms.publisher.util.DependencyModDateUtilTest$TestCase@72d4a182" classname="com.dotcms.publisher.util.DependencyModDateUtilTest" time="2.021"/>
  <testcase name="excludeByModDateContentWithPushAssetBeforeModDate: ForcePush: com.dotcms.publisher.util.DependencyModDateUtilTest$TestCase@32cba005" classname="com.dotcms.publisher.util.DependencyModDateUtilTest" time="2.129"/>
  <testcase name="excludeByModDateContentWithPushAssetBeforeModDate: ForcePush: com.dotcms.publisher.util.DependencyModDateUtilTest$TestCase@1720a5ba" classname="com.dotcms.publisher.util.DependencyModDateUtilTest" time="1.917"/>
  <testcase name="excludeByModDateContentWithPushAssetBeforeModDate: ForcePush: com.dotcms.publisher.util.DependencyModDateUtilTest$TestCase@7fc9767" classname="com.dotcms.publisher.util.DependencyModDateUtilTest" time="2.058"/>
  <testcase name="excludeByModDateContentWithPushAssetBeforeModDate: ForcePush: com.dotcms.publisher.util.DependencyModDateUtilTest$TestCase@50f3feab" classname="com.dotcms.publisher.util.DependencyModDateUtilTest" time="2.014"/>
  <testcase name="excludeByModDateContentWithPushAssetBeforeModDate: ForcePush: com.dotcms.publisher.util.DependencyModDateUtilTest$TestCase@3fd7a738" classname="com.dotcms.publisher.util.DependencyModDateUtilTest" time="2.084"/>
  <testcase name="excludeByModDateContentWithPushAssetBeforeModDate: ForcePush: com.dotcms.publisher.util.DependencyModDateUtilTest$TestCase@2dc8d80d" classname="com.dotcms.publisher.util.DependencyModDateUtilTest" time="2.011"/>
  <testcase name="excludeByModDateContentWithPushAssetBeforeModDate: ForcePush: com.dotcms.publisher.util.DependencyModDateUtilTest$TestCase@4e6c357c" classname="com.dotcms.publisher.util.DependencyModDateUtilTest" time="1.97"/>
  <testcase name="excludeByModDateContentWithPushAssetBeforeModDate: ForcePush: com.dotcms.publisher.util.DependencyModDateUtilTest$TestCase@1258cbc" classname="com.dotcms.publisher.util.DependencyModDateUtilTest" time="2.03"/>
  <testcase name="excludeByModDateContentWithPushAssetBeforeModDate: ForcePush: com.dotcms.publisher.util.DependencyModDateUtilTest$TestCase@34915c7" classname="com.dotcms.publisher.util.DependencyModDateUtilTest" time="2.025"/>
  <testcase name="excludeByModDateContentWithPushAssetBeforeModDate: ForcePush: com.dotcms.publisher.util.DependencyModDateUtilTest$TestCase@682aad13" classname="com.dotcms.publisher.util.DependencyModDateUtilTest" time="2.042"/>
  <testcase name="excludeByModDateContentWithPushAssetBeforeModDate: ForcePush: com.dotcms.publisher.util.DependencyModDateUtilTest$TestCase@4742b2bf" classname="com.dotcms.publisher.util.DependencyModDateUtilTest" time="2.01"/>
  <testcase name="excludeByModDateContentWithTwoEnvironment: ForcePush: com.dotcms.publisher.util.DependencyModDateUtilTest$TestCase@72d4a182" classname="com.dotcms.publisher.util.DependencyModDateUtilTest" time="2.041"/>
  <testcase name="excludeByModDateContentWithTwoEnvironment: ForcePush: com.dotcms.publisher.util.DependencyModDateUtilTest$TestCase@32cba005" classname="com.dotcms.publisher.util.DependencyModDateUtilTest" time="2.02"/>
  <testcase name="excludeByModDateContentWithTwoEnvironment: ForcePush: com.dotcms.publisher.util.DependencyModDateUtilTest$TestCase@1720a5ba" classname="com.dotcms.publisher.util.DependencyModDateUtilTest" time="2.02"/>
  <testcase name="excludeByModDateContentWithTwoEnvironment: ForcePush: com.dotcms.publisher.util.DependencyModDateUtilTest$TestCase@7fc9767" classname="com.dotcms.publisher.util.DependencyModDateUtilTest" time="2.05"/>
  <testcase name="excludeByModDateContentWithTwoEnvironment: ForcePush: com.dotcms.publisher.util.DependencyModDateUtilTest$TestCase@50f3feab" classname="com.dotcms.publisher.util.DependencyModDateUtilTest" time="2.0"/>
  <testcase name="excludeByModDateContentWithTwoEnvironment: ForcePush: com.dotcms.publisher.util.DependencyModDateUtilTest$TestCase@3fd7a738" classname="com.dotcms.publisher.util.DependencyModDateUtilTest" time="2.027"/>
  <testcase name="excludeByModDateContentWithTwoEnvironment: ForcePush: com.dotcms.publisher.util.DependencyModDateUtilTest$TestCase@2dc8d80d" classname="com.dotcms.publisher.util.DependencyModDateUtilTest" time="1.063"/>
  <testcase name="excludeByModDateContentWithTwoEnvironment: ForcePush: com.dotcms.publisher.util.DependencyModDateUtilTest$TestCase@4e6c357c" classname="com.dotcms.publisher.util.DependencyModDateUtilTest" time="2.086"/>
  <testcase name="excludeByModDateContentWithTwoEnvironment: ForcePush: com.dotcms.publisher.util.DependencyModDateUtilTest$TestCase@1258cbc" classname="com.dotcms.publisher.util.DependencyModDateUtilTest" time="1.952"/>
  <testcase name="excludeByModDateContentWithTwoEnvironment: ForcePush: com.dotcms.publisher.util.DependencyModDateUtilTest$TestCase@34915c7" classname="com.dotcms.publisher.util.DependencyModDateUtilTest" time="2.02"/>
  <testcase name="excludeByModDateContentWithTwoEnvironment: ForcePush: com.dotcms.publisher.util.DependencyModDateUtilTest$TestCase@682aad13" classname="com.dotcms.publisher.util.DependencyModDateUtilTest" time="2.014"/>
  <testcase name="excludeByModDateContentWithTwoEnvironment: ForcePush: com.dotcms.publisher.util.DependencyModDateUtilTest$TestCase@4742b2bf" classname="com.dotcms.publisher.util.DependencyModDateUtilTest" time="2.022"/>
  <system-out><![CDATA[]]></system-out>
  <system-err><![CDATA[]]></system-err>
</testsuite>
