<?xml version="1.0" encoding="UTF-8"?>
<testsuite name="com.dotcms.rest.elasticsearch.ESContentResourcePortletTest" tests="8" skipped="0" failures="0" errors="0" timestamp="2023-07-21T17:54:15" hostname="fv-az454-899" time="7.288">
  <properties/>
  <testcase name="test_search_includeGrandChildCategory_success" classname="com.dotcms.rest.elasticsearch.ESContentResourcePortletTest" time="1.676"/>
  <testcase name="testSearch[0: com.dotcms.rest.elasticsearch.ESContentResourcePortletTest$TestCase@1a3a64f9]" classname="com.dotcms.rest.elasticsearch.ESContentResourcePortletTest" time="1.084"/>
  <testcase name="testSearch[1: com.dotcms.rest.elasticsearch.ESContentResourcePortletTest$TestCase@307e31a5]" classname="com.dotcms.rest.elasticsearch.ESContentResourcePortletTest" time="0.434"/>
  <testcase name="testSearch[2: com.dotcms.rest.elasticsearch.ESContentResourcePortletTest$TestCase@56074962]" classname="com.dotcms.rest.elasticsearch.ESContentResourcePortletTest" time="1.133"/>
  <testcase name="testSearch[3: com.dotcms.rest.elasticsearch.ESContentResourcePortletTest$TestCase@e6a451d]" classname="com.dotcms.rest.elasticsearch.ESContentResourcePortletTest" time="0.339"/>
  <testcase name="testSearch[4: com.dotcms.rest.elasticsearch.ESContentResourcePortletTest$TestCase@473ee585]" classname="com.dotcms.rest.elasticsearch.ESContentResourcePortletTest" time="0.43"/>
  <testcase name="testSearch[5: com.dotcms.rest.elasticsearch.ESContentResourcePortletTest$TestCase@68c17de]" classname="com.dotcms.rest.elasticsearch.ESContentResourcePortletTest" time="1.165"/>
  <testcase name="testSearch[6: com.dotcms.rest.elasticsearch.ESContentResourcePortletTest$TestCase@6aac1234]" classname="com.dotcms.rest.elasticsearch.ESContentResourcePortletTest" time="1.025"/>
  <system-out><![CDATA[]]></system-out>
  <system-err><![CDATA[]]></system-err>
</testsuite>
