<?xml version="1.0" encoding="UTF-8"?>
<testsuite name="com.dotcms.rest.api.v1.authentication.CreateJsonWebTokenResourceIntegrationTest" tests="1" skipped="0" failures="0" errors="0" timestamp="2023-07-14T02:23:28" hostname="fv-az268-867" time="0.046">
  <properties/>
  <testcase name="testGetApiToken" classname="com.dotcms.rest.api.v1.authentication.CreateJsonWebTokenResourceIntegrationTest" time="0.046"/>
  <system-out><![CDATA[
]]></system-out>
  <system-err><![CDATA[]]></system-err>
</testsuite>
