<?xml version="1.0" encoding="UTF-8"?>
<testsuite name="com.dotmarketing.startup.runonce.Task220214AddOwnerAndIDateToFolderTableTest" tests="1" skipped="0" failures="0" errors="0" timestamp="2023-06-28T00:26:08" hostname="fv-az168-423" time="0.013">
  <properties/>
  <testcase name="Test_UpgradeTask_Success" classname="com.dotmarketing.startup.runonce.Task220214AddOwnerAndIDateToFolderTableTest" time="0.013"/>
  <system-out><![CDATA[]]></system-out>
  <system-err><![CDATA[]]></system-err>
</testsuite>
