<?xml version="1.0" encoding="UTF-8"?>
<testsuite name="com.dotcms.rendering.velocity.viewtools.content.util.ContentUtilsTest" tests="89" skipped="0" failures="0" errors="0" timestamp="2023-06-29T21:17:39" hostname="fv-az216-434" time="423.869">
  <properties/>
  <testcase name="whenTheTimeMachineDateIsNullAndPublishDateInFutureShouldNotReturnAnything" classname="com.dotcms.rendering.velocity.viewtools.content.util.ContentUtilsTest" time="3.602"/>
  <testcase name="test_find_multilingual_contentlet_getContentletSuccessfully" classname="com.dotcms.rendering.velocity.viewtools.content.util.ContentUtilsTest" time="0.583"/>
  <testcase name="whenTheTimeMachineDateAndPublishDateAreTomorrowShouldReturnOneContent" classname="com.dotcms.rendering.velocity.viewtools.content.util.ContentUtilsTest" time="3.869"/>
  <testcase name="testPullRelated[0: com.dotcms.rendering.velocity.viewtools.content.util.ContentUtilsTest$TestCase@48fdf1d6]" classname="com.dotcms.rendering.velocity.viewtools.content.util.ContentUtilsTest" time="4.052"/>
  <testcase name="testPullRelated[1: com.dotcms.rendering.velocity.viewtools.content.util.ContentUtilsTest$TestCase@114d0a36]" classname="com.dotcms.rendering.velocity.viewtools.content.util.ContentUtilsTest" time="3.959"/>
  <testcase name="testPullRelated[2: com.dotcms.rendering.velocity.viewtools.content.util.ContentUtilsTest$TestCase@308d7528]" classname="com.dotcms.rendering.velocity.viewtools.content.util.ContentUtilsTest" time="4.355"/>
  <testcase name="testPullRelated[3: com.dotcms.rendering.velocity.viewtools.content.util.ContentUtilsTest$TestCase@30c3aeaf]" classname="com.dotcms.rendering.velocity.viewtools.content.util.ContentUtilsTest" time="4.049"/>
  <testcase name="testPullRelated[4: com.dotcms.rendering.velocity.viewtools.content.util.ContentUtilsTest$TestCase@17178a20]" classname="com.dotcms.rendering.velocity.viewtools.content.util.ContentUtilsTest" time="4.145"/>
  <testcase name="testPullRelated[5: com.dotcms.rendering.velocity.viewtools.content.util.ContentUtilsTest$TestCase@6e722e4e]" classname="com.dotcms.rendering.velocity.viewtools.content.util.ContentUtilsTest" time="4.095"/>
  <testcase name="testPullRelated[6: com.dotcms.rendering.velocity.viewtools.content.util.ContentUtilsTest$TestCase@350d329d]" classname="com.dotcms.rendering.velocity.viewtools.content.util.ContentUtilsTest" time="3.263"/>
  <testcase name="testPullRelated[7: com.dotcms.rendering.velocity.viewtools.content.util.ContentUtilsTest$TestCase@18165445]" classname="com.dotcms.rendering.velocity.viewtools.content.util.ContentUtilsTest" time="5.146"/>
  <testcase name="testPullRelated[8: com.dotcms.rendering.velocity.viewtools.content.util.ContentUtilsTest$TestCase@33fb8bed]" classname="com.dotcms.rendering.velocity.viewtools.content.util.ContentUtilsTest" time="4.844"/>
  <testcase name="testPullRelated[9: com.dotcms.rendering.velocity.viewtools.content.util.ContentUtilsTest$TestCase@4c04d382]" classname="com.dotcms.rendering.velocity.viewtools.content.util.ContentUtilsTest" time="3.981"/>
  <testcase name="testPullRelated[10: com.dotcms.rendering.velocity.viewtools.content.util.ContentUtilsTest$TestCase@10c18945]" classname="com.dotcms.rendering.velocity.viewtools.content.util.ContentUtilsTest" time="4.278"/>
  <testcase name="testPullRelated[11: com.dotcms.rendering.velocity.viewtools.content.util.ContentUtilsTest$TestCase@3a5f5364]" classname="com.dotcms.rendering.velocity.viewtools.content.util.ContentUtilsTest" time="4.266"/>
  <testcase name="testPullRelated[12: com.dotcms.rendering.velocity.viewtools.content.util.ContentUtilsTest$TestCase@55140321]" classname="com.dotcms.rendering.velocity.viewtools.content.util.ContentUtilsTest" time="4.845"/>
  <testcase name="testPullRelated[13: com.dotcms.rendering.velocity.viewtools.content.util.ContentUtilsTest$TestCase@3f6652c2]" classname="com.dotcms.rendering.velocity.viewtools.content.util.ContentUtilsTest" time="4.129"/>
  <testcase name="testPullRelated[14: com.dotcms.rendering.velocity.viewtools.content.util.ContentUtilsTest$TestCase@23716fca]" classname="com.dotcms.rendering.velocity.viewtools.content.util.ContentUtilsTest" time="4.442"/>
  <testcase name="testPullRelated[15: com.dotcms.rendering.velocity.viewtools.content.util.ContentUtilsTest$TestCase@63f5dcb3]" classname="com.dotcms.rendering.velocity.viewtools.content.util.ContentUtilsTest" time="2.972"/>
  <testcase name="testPullRelated[16: com.dotcms.rendering.velocity.viewtools.content.util.ContentUtilsTest$TestCase@160dd6e7]" classname="com.dotcms.rendering.velocity.viewtools.content.util.ContentUtilsTest" time="3.049"/>
  <testcase name="testPullRelated[17: com.dotcms.rendering.velocity.viewtools.content.util.ContentUtilsTest$TestCase@1b7076a6]" classname="com.dotcms.rendering.velocity.viewtools.content.util.ContentUtilsTest" time="3.223"/>
  <testcase name="testPullRelated[18: com.dotcms.rendering.velocity.viewtools.content.util.ContentUtilsTest$TestCase@33d7453d]" classname="com.dotcms.rendering.velocity.viewtools.content.util.ContentUtilsTest" time="3.923"/>
  <testcase name="testPullRelated[19: com.dotcms.rendering.velocity.viewtools.content.util.ContentUtilsTest$TestCase@7e0a07b0]" classname="com.dotcms.rendering.velocity.viewtools.content.util.ContentUtilsTest" time="3.36"/>
  <testcase name="testPullRelated[20: com.dotcms.rendering.velocity.viewtools.content.util.ContentUtilsTest$TestCase@6485c78]" classname="com.dotcms.rendering.velocity.viewtools.content.util.ContentUtilsTest" time="4.761"/>
  <testcase name="testPullRelated[21: com.dotcms.rendering.velocity.viewtools.content.util.ContentUtilsTest$TestCase@1e15cf51]" classname="com.dotcms.rendering.velocity.viewtools.content.util.ContentUtilsTest" time="3.974"/>
  <testcase name="testPullRelated[22: com.dotcms.rendering.velocity.viewtools.content.util.ContentUtilsTest$TestCase@17e29f03]" classname="com.dotcms.rendering.velocity.viewtools.content.util.ContentUtilsTest" time="3.371"/>
  <testcase name="testPullRelated[23: com.dotcms.rendering.velocity.viewtools.content.util.ContentUtilsTest$TestCase@39fb2dc8]" classname="com.dotcms.rendering.velocity.viewtools.content.util.ContentUtilsTest" time="3.059"/>
  <testcase name="testPullRelated[24: com.dotcms.rendering.velocity.viewtools.content.util.ContentUtilsTest$TestCase@7d941d13]" classname="com.dotcms.rendering.velocity.viewtools.content.util.ContentUtilsTest" time="4.018"/>
  <testcase name="testPullRelated[25: com.dotcms.rendering.velocity.viewtools.content.util.ContentUtilsTest$TestCase@4d4b2ab7]" classname="com.dotcms.rendering.velocity.viewtools.content.util.ContentUtilsTest" time="3.23"/>
  <testcase name="testPullRelated[26: com.dotcms.rendering.velocity.viewtools.content.util.ContentUtilsTest$TestCase@4e52be9a]" classname="com.dotcms.rendering.velocity.viewtools.content.util.ContentUtilsTest" time="4.895"/>
  <testcase name="testPullRelated[27: com.dotcms.rendering.velocity.viewtools.content.util.ContentUtilsTest$TestCase@2e274ff5]" classname="com.dotcms.rendering.velocity.viewtools.content.util.ContentUtilsTest" time="4.163"/>
  <testcase name="testPullRelated[28: com.dotcms.rendering.velocity.viewtools.content.util.ContentUtilsTest$TestCase@7306a3a7]" classname="com.dotcms.rendering.velocity.viewtools.content.util.ContentUtilsTest" time="3.949"/>
  <testcase name="testPullRelated[29: com.dotcms.rendering.velocity.viewtools.content.util.ContentUtilsTest$TestCase@670c31e2]" classname="com.dotcms.rendering.velocity.viewtools.content.util.ContentUtilsTest" time="3.999"/>
  <testcase name="testPullRelated[30: com.dotcms.rendering.velocity.viewtools.content.util.ContentUtilsTest$TestCase@3c71e5f7]" classname="com.dotcms.rendering.velocity.viewtools.content.util.ContentUtilsTest" time="4.583"/>
  <testcase name="testPullRelated[31: com.dotcms.rendering.velocity.viewtools.content.util.ContentUtilsTest$TestCase@28bd5d6b]" classname="com.dotcms.rendering.velocity.viewtools.content.util.ContentUtilsTest" time="4.744"/>
  <testcase name="testPullRelated[32: com.dotcms.rendering.velocity.viewtools.content.util.ContentUtilsTest$TestCase@6e60c840]" classname="com.dotcms.rendering.velocity.viewtools.content.util.ContentUtilsTest" time="4.068"/>
  <testcase name="testPullRelated[33: com.dotcms.rendering.velocity.viewtools.content.util.ContentUtilsTest$TestCase@6865674f]" classname="com.dotcms.rendering.velocity.viewtools.content.util.ContentUtilsTest" time="3.998"/>
  <testcase name="testPullRelated[34: com.dotcms.rendering.velocity.viewtools.content.util.ContentUtilsTest$TestCase@5b8879e9]" classname="com.dotcms.rendering.velocity.viewtools.content.util.ContentUtilsTest" time="4.336"/>
  <testcase name="testPullRelated[35: com.dotcms.rendering.velocity.viewtools.content.util.ContentUtilsTest$TestCase@199c21f6]" classname="com.dotcms.rendering.velocity.viewtools.content.util.ContentUtilsTest" time="2.881"/>
  <testcase name="testPullRelated[36: com.dotcms.rendering.velocity.viewtools.content.util.ContentUtilsTest$TestCase@71d6c84d]" classname="com.dotcms.rendering.velocity.viewtools.content.util.ContentUtilsTest" time="5.597"/>
  <testcase name="testPullRelated[37: com.dotcms.rendering.velocity.viewtools.content.util.ContentUtilsTest$TestCase@324a8627]" classname="com.dotcms.rendering.velocity.viewtools.content.util.ContentUtilsTest" time="6.843"/>
  <testcase name="testPullRelated[38: com.dotcms.rendering.velocity.viewtools.content.util.ContentUtilsTest$TestCase@2a15e6b6]" classname="com.dotcms.rendering.velocity.viewtools.content.util.ContentUtilsTest" time="6.557"/>
  <testcase name="testPullRelated[39: com.dotcms.rendering.velocity.viewtools.content.util.ContentUtilsTest$TestCase@527ef193]" classname="com.dotcms.rendering.velocity.viewtools.content.util.ContentUtilsTest" time="5.989"/>
  <testcase name="testPullRelated[40: com.dotcms.rendering.velocity.viewtools.content.util.ContentUtilsTest$TestCase@152dcf31]" classname="com.dotcms.rendering.velocity.viewtools.content.util.ContentUtilsTest" time="7.25"/>
  <testcase name="testPullRelated[41: com.dotcms.rendering.velocity.viewtools.content.util.ContentUtilsTest$TestCase@73b0180d]" classname="com.dotcms.rendering.velocity.viewtools.content.util.ContentUtilsTest" time="5.697"/>
  <testcase name="testPullRelated[42: com.dotcms.rendering.velocity.viewtools.content.util.ContentUtilsTest$TestCase@7695609b]" classname="com.dotcms.rendering.velocity.viewtools.content.util.ContentUtilsTest" time="5.799"/>
  <testcase name="testPullRelated[43: com.dotcms.rendering.velocity.viewtools.content.util.ContentUtilsTest$TestCase@53c2f5b3]" classname="com.dotcms.rendering.velocity.viewtools.content.util.ContentUtilsTest" time="6.792"/>
  <testcase name="testPullRelated[44: com.dotcms.rendering.velocity.viewtools.content.util.ContentUtilsTest$TestCase@286dfcbd]" classname="com.dotcms.rendering.velocity.viewtools.content.util.ContentUtilsTest" time="6.223"/>
  <testcase name="testPullRelated[45: com.dotcms.rendering.velocity.viewtools.content.util.ContentUtilsTest$TestCase@5beef9cd]" classname="com.dotcms.rendering.velocity.viewtools.content.util.ContentUtilsTest" time="6.808"/>
  <testcase name="testPullRelated[46: com.dotcms.rendering.velocity.viewtools.content.util.ContentUtilsTest$TestCase@6a2cb93]" classname="com.dotcms.rendering.velocity.viewtools.content.util.ContentUtilsTest" time="5.408"/>
  <testcase name="testPullRelated[47: com.dotcms.rendering.velocity.viewtools.content.util.ContentUtilsTest$TestCase@4209c999]" classname="com.dotcms.rendering.velocity.viewtools.content.util.ContentUtilsTest" time="7.707"/>
  <testcase name="testPullRelated[48: com.dotcms.rendering.velocity.viewtools.content.util.ContentUtilsTest$TestCase@5c64d71]" classname="com.dotcms.rendering.velocity.viewtools.content.util.ContentUtilsTest" time="5.515"/>
  <testcase name="testPullRelated[49: com.dotcms.rendering.velocity.viewtools.content.util.ContentUtilsTest$TestCase@294aec95]" classname="com.dotcms.rendering.velocity.viewtools.content.util.ContentUtilsTest" time="5.102"/>
  <testcase name="testPullRelated[50: com.dotcms.rendering.velocity.viewtools.content.util.ContentUtilsTest$TestCase@39a4447c]" classname="com.dotcms.rendering.velocity.viewtools.content.util.ContentUtilsTest" time="6.99"/>
  <testcase name="testPullRelated[51: com.dotcms.rendering.velocity.viewtools.content.util.ContentUtilsTest$TestCase@356d07d0]" classname="com.dotcms.rendering.velocity.viewtools.content.util.ContentUtilsTest" time="5.263"/>
  <testcase name="testPullRelated[52: com.dotcms.rendering.velocity.viewtools.content.util.ContentUtilsTest$TestCase@27779c9]" classname="com.dotcms.rendering.velocity.viewtools.content.util.ContentUtilsTest" time="5.26"/>
  <testcase name="testPullRelated[53: com.dotcms.rendering.velocity.viewtools.content.util.ContentUtilsTest$TestCase@7c271356]" classname="com.dotcms.rendering.velocity.viewtools.content.util.ContentUtilsTest" time="6.697"/>
  <testcase name="testPullRelated[54: com.dotcms.rendering.velocity.viewtools.content.util.ContentUtilsTest$TestCase@67bb3f0a]" classname="com.dotcms.rendering.velocity.viewtools.content.util.ContentUtilsTest" time="6.653"/>
  <testcase name="testPullRelated[55: com.dotcms.rendering.velocity.viewtools.content.util.ContentUtilsTest$TestCase@3a35e7aa]" classname="com.dotcms.rendering.velocity.viewtools.content.util.ContentUtilsTest" time="5.842"/>
  <testcase name="testPullRelated[56: com.dotcms.rendering.velocity.viewtools.content.util.ContentUtilsTest$TestCase@3357814]" classname="com.dotcms.rendering.velocity.viewtools.content.util.ContentUtilsTest" time="5.096"/>
  <testcase name="testPullRelated[57: com.dotcms.rendering.velocity.viewtools.content.util.ContentUtilsTest$TestCase@47cc6687]" classname="com.dotcms.rendering.velocity.viewtools.content.util.ContentUtilsTest" time="6.075"/>
  <testcase name="testPullRelated[58: com.dotcms.rendering.velocity.viewtools.content.util.ContentUtilsTest$TestCase@7931421b]" classname="com.dotcms.rendering.velocity.viewtools.content.util.ContentUtilsTest" time="6.476"/>
  <testcase name="testPullRelated[59: com.dotcms.rendering.velocity.viewtools.content.util.ContentUtilsTest$TestCase@6c2ce220]" classname="com.dotcms.rendering.velocity.viewtools.content.util.ContentUtilsTest" time="7.062"/>
  <testcase name="testPullRelated[60: com.dotcms.rendering.velocity.viewtools.content.util.ContentUtilsTest$TestCase@4471d269]" classname="com.dotcms.rendering.velocity.viewtools.content.util.ContentUtilsTest" time="6.857"/>
  <testcase name="testPullRelated[61: com.dotcms.rendering.velocity.viewtools.content.util.ContentUtilsTest$TestCase@60ad7c3e]" classname="com.dotcms.rendering.velocity.viewtools.content.util.ContentUtilsTest" time="6.218"/>
  <testcase name="testPullRelated[62: com.dotcms.rendering.velocity.viewtools.content.util.ContentUtilsTest$TestCase@13ffcbaa]" classname="com.dotcms.rendering.velocity.viewtools.content.util.ContentUtilsTest" time="6.317"/>
  <testcase name="testPullRelated[63: com.dotcms.rendering.velocity.viewtools.content.util.ContentUtilsTest$TestCase@18491617]" classname="com.dotcms.rendering.velocity.viewtools.content.util.ContentUtilsTest" time="6.127"/>
  <testcase name="testPullRelated[64: com.dotcms.rendering.velocity.viewtools.content.util.ContentUtilsTest$TestCase@52617ded]" classname="com.dotcms.rendering.velocity.viewtools.content.util.ContentUtilsTest" time="6.1"/>
  <testcase name="testPullRelated[65: com.dotcms.rendering.velocity.viewtools.content.util.ContentUtilsTest$TestCase@5926b713]" classname="com.dotcms.rendering.velocity.viewtools.content.util.ContentUtilsTest" time="6.173"/>
  <testcase name="testPullRelated[66: com.dotcms.rendering.velocity.viewtools.content.util.ContentUtilsTest$TestCase@34698506]" classname="com.dotcms.rendering.velocity.viewtools.content.util.ContentUtilsTest" time="6.41"/>
  <testcase name="testPullRelated[67: com.dotcms.rendering.velocity.viewtools.content.util.ContentUtilsTest$TestCase@6440c432]" classname="com.dotcms.rendering.velocity.viewtools.content.util.ContentUtilsTest" time="5.964"/>
  <testcase name="testPullRelated[68: com.dotcms.rendering.velocity.viewtools.content.util.ContentUtilsTest$TestCase@3d975342]" classname="com.dotcms.rendering.velocity.viewtools.content.util.ContentUtilsTest" time="6.132"/>
  <testcase name="testPullRelated[69: com.dotcms.rendering.velocity.viewtools.content.util.ContentUtilsTest$TestCase@5165e5cc]" classname="com.dotcms.rendering.velocity.viewtools.content.util.ContentUtilsTest" time="6.092"/>
  <testcase name="testPullRelated[70: com.dotcms.rendering.velocity.viewtools.content.util.ContentUtilsTest$TestCase@29dc1b53]" classname="com.dotcms.rendering.velocity.viewtools.content.util.ContentUtilsTest" time="6.21"/>
  <testcase name="testPullRelated[71: com.dotcms.rendering.velocity.viewtools.content.util.ContentUtilsTest$TestCase@4bdf3b0e]" classname="com.dotcms.rendering.velocity.viewtools.content.util.ContentUtilsTest" time="6.078"/>
  <testcase name="whenPublishAndExpireDatesAreInTheFutureAndTimeMachineIsAfterBoth" classname="com.dotcms.rendering.velocity.viewtools.content.util.ContentUtilsTest" time="3.626"/>
  <testcase name="testPullRelatedForLegacyRelationship[0: com.dotcms.rendering.velocity.viewtools.content.util.ContentUtilsTest$LegacyTestCase@4c556c74]" classname="com.dotcms.rendering.velocity.viewtools.content.util.ContentUtilsTest" time="5.09"/>
  <testcase name="testPullRelatedForLegacyRelationship[1: com.dotcms.rendering.velocity.viewtools.content.util.ContentUtilsTest$LegacyTestCase@3260abb7]" classname="com.dotcms.rendering.velocity.viewtools.content.util.ContentUtilsTest" time="4.356"/>
  <testcase name="whenTheTimeMachineDateIsAfterTomorrowAndExpireDateIsTomorrowShouldNotReturnContent" classname="com.dotcms.rendering.velocity.viewtools.content.util.ContentUtilsTest" time="3.74"/>
  <testcase name="testPullLiveRelatedWhenLatestVersionIsWorking" classname="com.dotcms.rendering.velocity.viewtools.content.util.ContentUtilsTest" time="3.843"/>
  <testcase name="test_add_relationships_on_parent_children_related_contents" classname="com.dotcms.rendering.velocity.viewtools.content.util.ContentUtilsTest" time="1.81"/>
  <testcase name="testSortPullRelated[0: com.dotcms.rendering.velocity.viewtools.content.util.ContentUtilsTest$SortTestCase@7b2f282b]" classname="com.dotcms.rendering.velocity.viewtools.content.util.ContentUtilsTest" time="3.124"/>
  <testcase name="testSortPullRelated[1: com.dotcms.rendering.velocity.viewtools.content.util.ContentUtilsTest$SortTestCase@491a6b0b]" classname="com.dotcms.rendering.velocity.viewtools.content.util.ContentUtilsTest" time="2.639"/>
  <testcase name="testSortPullRelated[2: com.dotcms.rendering.velocity.viewtools.content.util.ContentUtilsTest$SortTestCase@2ecb9890]" classname="com.dotcms.rendering.velocity.viewtools.content.util.ContentUtilsTest" time="3.355"/>
  <testcase name="testSortPullRelated[3: com.dotcms.rendering.velocity.viewtools.content.util.ContentUtilsTest$SortTestCase@19c1a3ed]" classname="com.dotcms.rendering.velocity.viewtools.content.util.ContentUtilsTest" time="2.787"/>
  <testcase name="testSortPullRelated[4: com.dotcms.rendering.velocity.viewtools.content.util.ContentUtilsTest$SortTestCase@1badae8e]" classname="com.dotcms.rendering.velocity.viewtools.content.util.ContentUtilsTest" time="3.551"/>
  <testcase name="testSortPullRelated[5: com.dotcms.rendering.velocity.viewtools.content.util.ContentUtilsTest$SortTestCase@175ccc3]" classname="com.dotcms.rendering.velocity.viewtools.content.util.ContentUtilsTest" time="2.904"/>
  <testcase name="whenTheTimeMachineDateIsAfterTomorrowAndExpireDateIsInFutureShouldReturnContent" classname="com.dotcms.rendering.velocity.viewtools.content.util.ContentUtilsTest" time="3.767"/>
  <testcase name="testPullRelatedFieldShouldRespectDefaultOrder" classname="com.dotcms.rendering.velocity.viewtools.content.util.ContentUtilsTest" time="3.432"/>
  <system-out><![CDATA[]]></system-out>
  <system-err><![CDATA[]]></system-err>
</testsuite>
