<?xml version="1.0" encoding="UTF-8"?>
<testsuite name="com.dotcms.rest.elasticsearch.ESContentResourcePortletTest" tests="8" skipped="0" failures="0" errors="0" timestamp="2023-06-30T20:43:02" hostname="fv-az248-258" time="8.819">
  <properties/>
  <testcase name="test_search_includeGrandChildCategory_success" classname="com.dotcms.rest.elasticsearch.ESContentResourcePortletTest" time="1.4"/>
  <testcase name="testSearch[0: com.dotcms.rest.elasticsearch.ESContentResourcePortletTest$TestCase@7714abcd]" classname="com.dotcms.rest.elasticsearch.ESContentResourcePortletTest" time="0.905"/>
  <testcase name="testSearch[1: com.dotcms.rest.elasticsearch.ESContentResourcePortletTest$TestCase@134066cf]" classname="com.dotcms.rest.elasticsearch.ESContentResourcePortletTest" time="1.255"/>
  <testcase name="testSearch[2: com.dotcms.rest.elasticsearch.ESContentResourcePortletTest$TestCase@36a26020]" classname="com.dotcms.rest.elasticsearch.ESContentResourcePortletTest" time="0.947"/>
  <testcase name="testSearch[3: com.dotcms.rest.elasticsearch.ESContentResourcePortletTest$TestCase@7e1b8645]" classname="com.dotcms.rest.elasticsearch.ESContentResourcePortletTest" time="1.24"/>
  <testcase name="testSearch[4: com.dotcms.rest.elasticsearch.ESContentResourcePortletTest$TestCase@2c830088]" classname="com.dotcms.rest.elasticsearch.ESContentResourcePortletTest" time="1.243"/>
  <testcase name="testSearch[5: com.dotcms.rest.elasticsearch.ESContentResourcePortletTest$TestCase@3c657dc9]" classname="com.dotcms.rest.elasticsearch.ESContentResourcePortletTest" time="0.935"/>
  <testcase name="testSearch[6: com.dotcms.rest.elasticsearch.ESContentResourcePortletTest$TestCase@19e3b905]" classname="com.dotcms.rest.elasticsearch.ESContentResourcePortletTest" time="0.893"/>
  <system-out><![CDATA[]]></system-out>
  <system-err><![CDATA[]]></system-err>
</testsuite>
