<?xml version="1.0" encoding="UTF-8"?>
<testsuite name="com.dotcms.contenttype.test.ContentTypeFactoryImplTest" tests="24" skipped="0" failures="0" errors="0" timestamp="2023-07-19T20:59:20" hostname="fv-az561-507" time="144.895">
  <properties/>
  <testcase name="findUrlMappedByPageIdWithoutContentType" classname="com.dotcms.contenttype.test.ContentTypeFactoryImplTest" time="1.701"/>
  <testcase name="testSerialization" classname="com.dotcms.contenttype.test.ContentTypeFactoryImplTest" time="0.009"/>
  <testcase name="test_UpdateContentType_SetSortOrder" classname="com.dotcms.contenttype.test.ContentTypeFactoryImplTest" time="0.297"/>
  <testcase name="testFindAll" classname="com.dotcms.contenttype.test.ContentTypeFactoryImplTest" time="0.072"/>
  <testcase name="testDefaultType" classname="com.dotcms.contenttype.test.ContentTypeFactoryImplTest" time="0.002"/>
  <testcase name="findUrlMappedByPageId" classname="com.dotcms.contenttype.test.ContentTypeFactoryImplTest" time="1.621"/>
  <testcase name="testAddingContentTypes" classname="com.dotcms.contenttype.test.ContentTypeFactoryImplTest" time="16.811"/>
  <testcase name="test_UpdateContentType_SetIcon" classname="com.dotcms.contenttype.test.ContentTypeFactoryImplTest" time="0.343"/>
  <testcase name="searchCount" classname="com.dotcms.contenttype.test.ContentTypeFactoryImplTest" time="0.006"/>
  <testcase name="testFindMethodEquals" classname="com.dotcms.contenttype.test.ContentTypeFactoryImplTest" time="0.972"/>
  <testcase name="suggestVelocityVar" classname="com.dotcms.contenttype.test.ContentTypeFactoryImplTest" time="1.785"/>
  <testcase name="testAddingUpdatingDeleteing" classname="com.dotcms.contenttype.test.ContentTypeFactoryImplTest" time="117.588"/>
  <testcase name="testUpdatingContentTypes" classname="com.dotcms.contenttype.test.ContentTypeFactoryImplTest" time="0.008"/>
  <testcase name="testFieldsMethod" classname="com.dotcms.contenttype.test.ContentTypeFactoryImplTest" time="0.006"/>
  <testcase name="test_UpdateContentType_SetIconAndSortOrder" classname="com.dotcms.contenttype.test.ContentTypeFactoryImplTest" time="0.393"/>
  <testcase name="test_AddingContentType_SetIconAndSortOrder" classname="com.dotcms.contenttype.test.ContentTypeFactoryImplTest" time="0.334"/>
  <testcase name="Test_Mark_ContentTypeForDeletion" classname="com.dotcms.contenttype.test.ContentTypeFactoryImplTest" time="0.064"/>
  <testcase name="testDifferentContentTypes" classname="com.dotcms.contenttype.test.ContentTypeFactoryImplTest" time="0.99"/>
  <testcase name="testFindUrlMapped" classname="com.dotcms.contenttype.test.ContentTypeFactoryImplTest" time="0.002"/>
  <testcase name="test_AddingContentType_SetIcon" classname="com.dotcms.contenttype.test.ContentTypeFactoryImplTest" time="0.32"/>
  <testcase name="testSearch" classname="com.dotcms.contenttype.test.ContentTypeFactoryImplTest" time="0.899"/>
  <testcase name="testAddingContentType_withFieldVariables" classname="com.dotcms.contenttype.test.ContentTypeFactoryImplTest" time="0.347"/>
  <testcase name="findUrlMappedByPageIdWithNull" classname="com.dotcms.contenttype.test.ContentTypeFactoryImplTest" time="0.001"/>
  <testcase name="test_AddingContentType_SetSortOrder" classname="com.dotcms.contenttype.test.ContentTypeFactoryImplTest" time="0.32"/>
  <system-out><![CDATA[]]></system-out>
  <system-err><![CDATA[]]></system-err>
</testsuite>
