<?xml version="1.0" encoding="UTF-8"?>
<testsuite name="com.dotcms.rest.elasticsearch.ESContentResourcePortletTest" tests="8" skipped="0" failures="0" errors="0" timestamp="2023-07-13T20:42:31" hostname="fv-az673-76" time="7.944">
  <properties/>
  <testcase name="test_search_includeGrandChildCategory_success" classname="com.dotcms.rest.elasticsearch.ESContentResourcePortletTest" time="1.403"/>
  <testcase name="testSearch[0: com.dotcms.rest.elasticsearch.ESContentResourcePortletTest$TestCase@3d7adc99]" classname="com.dotcms.rest.elasticsearch.ESContentResourcePortletTest" time="0.919"/>
  <testcase name="testSearch[1: com.dotcms.rest.elasticsearch.ESContentResourcePortletTest$TestCase@6892dc52]" classname="com.dotcms.rest.elasticsearch.ESContentResourcePortletTest" time="1.271"/>
  <testcase name="testSearch[2: com.dotcms.rest.elasticsearch.ESContentResourcePortletTest$TestCase@7d0f58a6]" classname="com.dotcms.rest.elasticsearch.ESContentResourcePortletTest" time="0.884"/>
  <testcase name="testSearch[3: com.dotcms.rest.elasticsearch.ESContentResourcePortletTest$TestCase@284f2c14]" classname="com.dotcms.rest.elasticsearch.ESContentResourcePortletTest" time="1.268"/>
  <testcase name="testSearch[4: com.dotcms.rest.elasticsearch.ESContentResourcePortletTest$TestCase@43bab390]" classname="com.dotcms.rest.elasticsearch.ESContentResourcePortletTest" time="0.273"/>
  <testcase name="testSearch[5: com.dotcms.rest.elasticsearch.ESContentResourcePortletTest$TestCase@3db497f9]" classname="com.dotcms.rest.elasticsearch.ESContentResourcePortletTest" time="1.057"/>
  <testcase name="testSearch[6: com.dotcms.rest.elasticsearch.ESContentResourcePortletTest$TestCase@3a792281]" classname="com.dotcms.rest.elasticsearch.ESContentResourcePortletTest" time="0.869"/>
  <system-out><![CDATA[]]></system-out>
  <system-err><![CDATA[]]></system-err>
</testsuite>
