<?xml version="1.0" encoding="UTF-8"?>
<testsuite name="com.dotmarketing.servlets.ajax.AjaxDirectorServletIntegrationTest" tests="2" skipped="0" failures="0" errors="0" timestamp="2023-06-28T17:02:53" hostname="fv-az341-124" time="3.519">
  <properties/>
  <testcase name="testService[0: com.dotmarketing.servlets.ajax.AjaxDirectorServletTestCase@44f44734]" classname="com.dotmarketing.servlets.ajax.AjaxDirectorServletIntegrationTest" time="1.721"/>
  <testcase name="testService[1: com.dotmarketing.servlets.ajax.AjaxDirectorServletTestCase@2c7cd4e0]" classname="com.dotmarketing.servlets.ajax.AjaxDirectorServletIntegrationTest" time="1.798"/>
  <system-out><![CDATA[]]></system-out>
  <system-err><![CDATA[]]></system-err>
</testsuite>
