<?xml version="1.0" encoding="UTF-8"?>
<testsuite name="com.dotcms.content.elasticsearch.business.ESMappingAPITest" tests="19" skipped="0" failures="0" errors="0" timestamp="2023-07-11T23:11:19" hostname="fv-az251-15" time="24.299">
  <properties/>
  <testcase name="testLoadCategories_GivenContentWithCats_ShouldLoadESMapWithListOfCatsVarnames" classname="com.dotcms.content.elasticsearch.business.ESMappingAPITest" time="1.392"/>
  <testcase name="whenContentletHasInvalidHostId" classname="com.dotcms.content.elasticsearch.business.ESMappingAPITest" time="0.908"/>
  <testcase name="Test_toMap_Metadata_dotRaw" classname="com.dotcms.content.elasticsearch.business.ESMappingAPITest" time="1.748"/>
  <testcase name="test_toMap_binary_field_shouldSuccess" classname="com.dotcms.content.elasticsearch.business.ESMappingAPITest" time="0.284"/>
  <testcase name="whenContentletHasInvalidContentTypeId" classname="com.dotcms.content.elasticsearch.business.ESMappingAPITest" time="1.102"/>
  <testcase name="whenContentletHasNotContentletVersionInfo" classname="com.dotcms.content.elasticsearch.business.ESMappingAPITest" time="1.094"/>
  <testcase name="testLoadRelationshipFields_whenUsingOneSideFieldRelationships_shouldSuccess" classname="com.dotcms.content.elasticsearch.business.ESMappingAPITest" time="1.717"/>
  <testcase name="testLoadRelationshipFields_whenUsingSelfRelationships_shouldSuccess" classname="com.dotcms.content.elasticsearch.business.ESMappingAPITest" time="1.378"/>
  <testcase name="testLoadRelationshipFields_whenUsingTwoSidedFieldRelationships_shouldSuccess" classname="com.dotcms.content.elasticsearch.business.ESMappingAPITest" time="1.567"/>
  <testcase name="Test_Create_FileAsset_With_Metadata_KeyValue_Then_Query" classname="com.dotcms.content.elasticsearch.business.ESMappingAPITest" time="0.979"/>
  <testcase name="test_toMap_when_textFieldShouldNotBeIncluded" classname="com.dotcms.content.elasticsearch.business.ESMappingAPITest" time="1.83"/>
  <testcase name="test_toMap_hidden_date_fields_shouldSuccess" classname="com.dotcms.content.elasticsearch.business.ESMappingAPITest" time="1.128"/>
  <testcase name="testLoadRelationshipFields_whenUsingLegacyRelationships_shouldSuccess" classname="com.dotcms.content.elasticsearch.business.ESMappingAPITest" time="1.44"/>
  <testcase name="whenContentletHasInvalidFolderId" classname="com.dotcms.content.elasticsearch.business.ESMappingAPITest" time="0.651"/>
  <testcase name="whenContentletHasNotIdentifier" classname="com.dotcms.content.elasticsearch.business.ESMappingAPITest" time="2.09"/>
  <testcase name="test_toMap_fileasset_txt_shouldSuccess" classname="com.dotcms.content.elasticsearch.business.ESMappingAPITest" time="0.418"/>
  <testcase name="Test_Create_ContentType_With_KeyValue_Field_Test_Query_Expect_Success" classname="com.dotcms.content.elasticsearch.business.ESMappingAPITest" time="1.258"/>
  <testcase name="Test_Create_FileAsset_Query_by_MetaData_Expect_Success" classname="com.dotcms.content.elasticsearch.business.ESMappingAPITest" time="1.433"/>
  <testcase name="test_toMap_when_textFieldShouldBeIncluded" classname="com.dotcms.content.elasticsearch.business.ESMappingAPITest" time="1.877"/>
  <system-out><![CDATA[]]></system-out>
  <system-err><![CDATA[]]></system-err>
</testsuite>
