<?xml version="1.0" encoding="UTF-8"?>
<testsuite name="com.dotmarketing.business.DeterministicIdentifierAPITest" tests="16" skipped="0" failures="0" errors="0" timestamp="2023-07-14T01:51:33" hostname="fv-az812-504" time="1.469">
  <properties/>
  <testcase name="Test_Category_Path_Seed_And_Id" classname="com.dotmarketing.business.DeterministicIdentifierAPITest" time="0.026"/>
  <testcase name="Test_Language_Deterministic_Id[0: LanguageTestCase{expectedSeed='Language:es:US', expectedHash=4913155, langCode='es', countryCode='US', country='United States'}]" classname="com.dotmarketing.business.DeterministicIdentifierAPITest" time="0.001"/>
  <testcase name="Test_Language_Deterministic_Id[1: LanguageTestCase{expectedSeed='Language:ep:', expectedHash=5292269, langCode='ep', countryCode='', country=''}]" classname="com.dotmarketing.business.DeterministicIdentifierAPITest" time="0.001"/>
  <testcase name="Test_Language_Deterministic_Id[2: LanguageTestCase{expectedSeed='Language:sg:SAG', expectedHash=4713118, langCode='sg', countryCode='SAG', country=''}]" classname="com.dotmarketing.business.DeterministicIdentifierAPITest" time="0.001"/>
  <testcase name="Test_Language_Deterministic_Id[3: LanguageTestCase{expectedSeed='Language:en:NZ', expectedHash=5382528, langCode='en', countryCode='NZ', country='New Zealand'}]" classname="com.dotmarketing.business.DeterministicIdentifierAPITest" time="0.001"/>
  <testcase name="Test_Category_None_Persisted_Category_Should_Return_Deterministic_Id" classname="com.dotmarketing.business.DeterministicIdentifierAPITest" time="0.001"/>
  <testcase name="Test_Asset_Generate_Deterministic_Id_Best_Effort[0: TestCase{versionable=my.host1689299112616.com, parent=System Host, expectedName='my.host1689299112616.com', expectedType='Host'}]" classname="com.dotmarketing.business.DeterministicIdentifierAPITest" time="0.004"/>
  <testcase name="Test_Asset_Generate_Deterministic_Id_Best_Effort[1: TestCase{versionable=com.dotmarketing.portlets.contentlet.model.Contentlet@62494c7[map={modDate=2023-07-14 01:45:13.376, fileName=file16067063197926712901.txt, title=file16067063197926712901.txt, inode=a72b3212-1c36-4341-9a26-e58a6169ec3b, __IS_NEW_CONTENT__=true, disabledWYSIWYG=[], host=4bfe75f8-c0ae-411c-bdca-06b35517bccc, stInode=33888b6f-7a8e-4069-b1b6-5c1aa9d0a48d, owner=system, identifier=c2d5c337-c803-41a5-87db-09c7c7e12eef, nullProperties=[wfExpireDate, wfPublishDate, wfActionAssign, wfActionId, wfActionComments, filterKey, whereToSend, wfNeverExpire, _path_to_move, timezoneId, iWantTo, wfPublishTime, wfExpireTime], languageId=1, fileAsset=/home/runner/work/core/custom/assets/a/7/a72b3212-1c36-4341-9a26-e58a6169ec3b/fileAsset/file16067063197926712901.txt, folder=b9cc9430-c4ee-4cde-ac01-978ed8801b43, __disable_workflow__=true, sortOrder=0, modUser=system},lowIndexPriority=false,variantId=DEFAULT], parent=com.dotmarketing.portlets.folders.model.Folder@7fbbcba9[identifier=b9cc9430-c4ee-4cde-ac01-978ed8801b43,name=testName1689299113369,sortOrder=0,showOnMenu=false,hostId=4bfe75f8-c0ae-411c-bdca-06b35517bccc,type=folder,title=testTitle1689299113369,filesMasks=,defaultFileType=33888b6f-7a8e-4069-b1b6-5c1aa9d0a48d,modDate=2023-07-14 01:45:13.372,owner=&lt;null&gt;,iDate=2023-07-14 01:45:13.372,inode=b9cc9430-c4ee-4cde-ac01-978ed8801b43,path=/testName1689299113369/], expectedName='file16067063197926712901.txt', expectedType='FileAsset'}]" classname="com.dotmarketing.business.DeterministicIdentifierAPITest" time="0.003"/>
  <testcase name="Test_Asset_Generate_Deterministic_Id_Best_Effort[2: TestCase{versionable=com.dotmarketing.portlets.templates.model.Template@9d61a57b, parent=my.host1689299112616.com, expectedName='testTitle1689299113492', expectedType='Template'}]" classname="com.dotmarketing.business.DeterministicIdentifierAPITest" time="0.002"/>
  <testcase name="Test_Asset_Generate_Deterministic_Id_Best_Effort[3: TestCase{versionable=com.dotmarketing.portlets.htmlpageasset.model.HTMLPageAsset@7511eb9e[map={template=f36a3b8b-5b80-4d52-94dd-be7abcb20944, owner=system, identifier=f85a6a5a-b3c4-4268-b911-0a8a74cd76db, nullProperties=[wfExpireDate, wfPublishDate, wfActionAssign, wfActionId, wfActionComments, filterKey, whereToSend, wfNeverExpire, _path_to_move, timezoneId, iWantTo, wfPublishTime, wfExpireTime], modDate=2023-07-14 01:45:13.516, cachettl=0, _is_test_mode=true, languageId=1, title=test-page-title-1689299113509, httpsreq=, url=test-page-url-1689299113509, showOnMenu=, inode=0b5e5c00-071a-4f61-9f03-61c9c730a0ef, folder=b9cc9430-c4ee-4cde-ac01-978ed8801b43, disabledWYSIWYG=[], sortOrder=1, modUser=system, host=4bfe75f8-c0ae-411c-bdca-06b35517bccc, stInode=c541abb1-69b3-4bc5-8430-5e09e5239cc8, friendlyName=test-page-friendly-name-1689299113509},lowIndexPriority=false,variantId=DEFAULT], parent=com.dotmarketing.portlets.folders.model.Folder@7fbbcba9[identifier=b9cc9430-c4ee-4cde-ac01-978ed8801b43,name=testName1689299113369,sortOrder=0,showOnMenu=false,hostId=4bfe75f8-c0ae-411c-bdca-06b35517bccc,type=folder,title=testTitle1689299113369,filesMasks=,defaultFileType=33888b6f-7a8e-4069-b1b6-5c1aa9d0a48d,modDate=2023-07-14 01:45:13.372,owner=&lt;null&gt;,iDate=2023-07-14 01:45:13.372,inode=b9cc9430-c4ee-4cde-ac01-978ed8801b43,path=/testName1689299113369/], expectedName='test-page-url-1689299113509', expectedType='htmlpageasset'}]" classname="com.dotmarketing.business.DeterministicIdentifierAPITest" time="0.003"/>
  <testcase name="Test_Asset_Generate_Deterministic_Id_Best_Effort[4: TestCase{versionable=com.dotmarketing.portlets.contentlet.model.Contentlet@2a48d9ab[map={fileAsset2=/home/runner/work/core/custom/assets/d/0/d00b4550-2dfd-44b3-8df2-57bb0ec1f902/fileAsset2/test_binary1689299114353.png, modDate=2023-07-14 01:45:14.358, fileAsset1=/home/runner/work/core/custom/assets/d/0/d00b4550-2dfd-44b3-8df2-57bb0ec1f902/fileAsset1/test_binary1689299114353.jpg, title=blah, inode=d00b4550-2dfd-44b3-8df2-57bb0ec1f902, __IS_NEW_CONTENT__=true, disabledWYSIWYG=[], host=48190c8c-42c4-46af-8d1a-0cd5db894797, stInode=5ece15ff-fbc6-4b27-a842-8ea0d766c059, owner=system, identifier=830ac3d5-b300-41fc-866a-287cdf049045, nullProperties=[], languageId=1, image1=a829db6e-2b9b-44bb-944d-b30ff0aab5de, folder=SYSTEM_FOLDER, __disable_workflow__=true, sortOrder=0, modUser=system},lowIndexPriority=false,variantId=DEFAULT], parent=demo.dotcms.com, expectedName='test_binary1689299114353.jpg:test_binary1689299114353.png', expectedType='MultipleBinaries1689299113661'}]" classname="com.dotmarketing.business.DeterministicIdentifierAPITest" time="0.003"/>
  <testcase name="Test_Asset_Generate_Deterministic_Id_Best_Effort[5: TestCase{versionable=name5785626324 : keyTag5785626324, parent=my.host1689299112616.com, expectedName='keyTag5785626324', expectedType='persona'}]" classname="com.dotmarketing.business.DeterministicIdentifierAPITest" time="0.003"/>
  <testcase name="Test_Similar_Content_Type_Wont_Clash" classname="com.dotmarketing.business.DeterministicIdentifierAPITest" time="0.445"/>
  <testcase name="Test_Generate_Folder_Identifier" classname="com.dotmarketing.business.DeterministicIdentifierAPITest" time="0.961"/>
  <testcase name="Test_Generate_Content_Type_Identifier[0: ContentTypeTestCase{contentType=KeyValueContentType{name=Language Variable, id=f4d7c1b8-2c88-4071-abf1-a5328977b07d, description=Default Content Type for Language Variables, defaultType=false, fixed=true, iDate=Thu Aug 31 16:38:49 UTC 2017, system=true, versionable=true, variable=Languagevariable, modDate=Fri Jul 14 00:39:12 UTC 2023, host=SYSTEM_HOST, siteName=systemHost, icon=language, sortOrder=0, folder=SYSTEM_FOLDER, folderPath=/, markedForDeletion=true, multilingualable=false}, expectedName='Languagevariable', expectedType='KeyValue'}]" classname="com.dotmarketing.business.DeterministicIdentifierAPITest" time="0.007"/>
  <testcase name="Test_Generate_Content_Type_Identifier[1: ContentTypeTestCase{contentType=SimpleContentType{name=testName1689299114747, id=348a2b01-f5ee-4991-9de5-4caabff47fea, description=testDescription1689299114747, defaultType=false, fixed=false, iDate=Fri Jul 14 01:45:14 UTC 2023, system=false, versionable=true, multilingualable=false, variable=testVarname1689299114747, owner=system, modDate=Fri Jul 14 01:45:15 UTC 2023, host=48190c8c-42c4-46af-8d1a-0cd5db894797, siteName=demo.dotcms.com, icon=event_note, sortOrder=0, folder=SYSTEM_FOLDER, folderPath=/, requiredFields=[], markedForDeletion=false}, expectedName='testVarname1689299114747', expectedType='CONTENT'}]" classname="com.dotmarketing.business.DeterministicIdentifierAPITest" time="0.006"/>
  <system-out><![CDATA[]]></system-out>
  <system-err><![CDATA[]]></system-err>
</testsuite>
