<?xml version="1.0" encoding="UTF-8"?>
<testsuite name="com.dotmarketing.portlets.structure.model.ContentletRelationshipsTest" tests="7" skipped="0" failures="0" errors="0" timestamp="2023-07-14T18:33:28" hostname="fv-az1236-699" time="8.304">
  <properties/>
  <testcase name="testDoesAllowOnlyOne[0: com.dotmarketing.portlets.structure.model.ContentletRelationshipsTest$CardinalityTestCase@4d2b7a90]" classname="com.dotmarketing.portlets.structure.model.ContentletRelationshipsTest" time="0.386"/>
  <testcase name="testDoesAllowOnlyOne[1: com.dotmarketing.portlets.structure.model.ContentletRelationshipsTest$CardinalityTestCase@353158d2]" classname="com.dotmarketing.portlets.structure.model.ContentletRelationshipsTest" time="0.42"/>
  <testcase name="testDoesAllowOnlyOne[2: com.dotmarketing.portlets.structure.model.ContentletRelationshipsTest$CardinalityTestCase@3ff33db9]" classname="com.dotmarketing.portlets.structure.model.ContentletRelationshipsTest" time="0.4"/>
  <testcase name="testGetRelationshipRecords[0: com.dotmarketing.portlets.structure.model.ContentletRelationshipsTest$TestCase@2c6621c7]" classname="com.dotmarketing.portlets.structure.model.ContentletRelationshipsTest" time="1.859"/>
  <testcase name="testGetRelationshipRecords[1: com.dotmarketing.portlets.structure.model.ContentletRelationshipsTest$TestCase@3a8f3121]" classname="com.dotmarketing.portlets.structure.model.ContentletRelationshipsTest" time="1.802"/>
  <testcase name="testGetRelationshipRecords[2: com.dotmarketing.portlets.structure.model.ContentletRelationshipsTest$TestCase@5c7196a]" classname="com.dotmarketing.portlets.structure.model.ContentletRelationshipsTest" time="1.742"/>
  <testcase name="testGetRelationshipRecords[3: com.dotmarketing.portlets.structure.model.ContentletRelationshipsTest$TestCase@237ff29e]" classname="com.dotmarketing.portlets.structure.model.ContentletRelationshipsTest" time="1.692"/>
  <system-out><![CDATA[]]></system-out>
  <system-err><![CDATA[]]></system-err>
</testsuite>
