<?xml version="1.0" encoding="UTF-8"?>
<testsuite name="com.dotcms.rest.TagResourceIntegrationTest" tests="4" skipped="0" failures="0" errors="0" timestamp="2023-06-26T18:50:02" hostname="fv-az341-169" time="0.335">
  <properties/>
  <testcase name="testList[0: com.dotcms.rest.TagResourceTestCase@73602ef2]" classname="com.dotcms.rest.TagResourceIntegrationTest" time="0.259"/>
  <testcase name="testList[1: com.dotcms.rest.TagResourceTestCase@3251ed0e]" classname="com.dotcms.rest.TagResourceIntegrationTest" time="0.027"/>
  <testcase name="testList[2: com.dotcms.rest.TagResourceTestCase@4bab32e4]" classname="com.dotcms.rest.TagResourceIntegrationTest" time="0.022"/>
  <testcase name="testList[3: com.dotcms.rest.TagResourceTestCase@1b24b84f]" classname="com.dotcms.rest.TagResourceIntegrationTest" time="0.026"/>
  <system-out><![CDATA[]]></system-out>
  <system-err><![CDATA[Jun 26, 2023 6:50:02 PM com.dotcms.repackage.org.hibernate.validator.internal.util.Version <clinit>
INFO: HV000001: Hibernate Validator 4.3.2.Final
]]></system-err>
</testsuite>
