<?xml version="1.0" encoding="UTF-8"?>
<testsuite name="org.apache.velocity.tools.view.tools.CookieToolTest" tests="2" skipped="0" failures="0" errors="0" timestamp="2023-06-28T18:52:09" hostname="fv-az255-362" time="0.01">
  <properties/>
  <testcase name="test_add_cookie_max_timesuccess" classname="org.apache.velocity.tools.view.tools.CookieToolTest" time="0.008"/>
  <testcase name="test_add_cookie_success" classname="org.apache.velocity.tools.view.tools.CookieToolTest" time="0.002"/>
  <system-out><![CDATA[]]></system-out>
  <system-err><![CDATA[]]></system-err>
</testsuite>
