<?xml version="1.0" encoding="UTF-8"?>
<testsuite name="com.dotcms.rest.TagResourceIntegrationTest" tests="4" skipped="0" failures="0" errors="0" timestamp="2023-07-18T20:25:37" hostname="fv-az887-517" time="0.296">
  <properties/>
  <testcase name="testList[0: com.dotcms.rest.TagResourceTestCase@37d527f2]" classname="com.dotcms.rest.TagResourceIntegrationTest" time="0.235"/>
  <testcase name="testList[1: com.dotcms.rest.TagResourceTestCase@14a4ce0c]" classname="com.dotcms.rest.TagResourceIntegrationTest" time="0.022"/>
  <testcase name="testList[2: com.dotcms.rest.TagResourceTestCase@135e00fb]" classname="com.dotcms.rest.TagResourceIntegrationTest" time="0.018"/>
  <testcase name="testList[3: com.dotcms.rest.TagResourceTestCase@371b3009]" classname="com.dotcms.rest.TagResourceIntegrationTest" time="0.02"/>
  <system-out><![CDATA[]]></system-out>
  <system-err><![CDATA[Jul 18, 2023 8:25:37 PM com.dotcms.repackage.org.hibernate.validator.internal.util.Version <clinit>
INFO: HV000001: Hibernate Validator 4.3.2.Final
]]></system-err>
</testsuite>
