<?xml version="1.0" encoding="UTF-8"?>
<testsuite name="com.dotmarketing.portlets.contentlet.transform.BinaryToMapTransformerTest" tests="2" skipped="0" failures="0" errors="0" timestamp="2023-07-14T18:26:42" hostname="fv-az1236-699" time="3.006">
  <properties/>
  <testcase name="test_BinaryToMapTransformer_transform" classname="com.dotmarketing.portlets.contentlet.transform.BinaryToMapTransformerTest" time="1.504"/>
  <testcase name="testNullBinaryField_ConstructionShouldSucceed" classname="com.dotmarketing.portlets.contentlet.transform.BinaryToMapTransformerTest" time="1.502"/>
  <system-out><![CDATA[]]></system-out>
  <system-err><![CDATA[]]></system-err>
</testsuite>
