<?xml version="1.0" encoding="UTF-8"?>
<testsuite name="com.dotmarketing.startup.runonce.Task220214AddOwnerAndIDateToFolderTableTest" tests="1" skipped="0" failures="0" errors="0" timestamp="2023-07-21T16:15:18" hostname="fv-az1098-922" time="0.017">
  <properties/>
  <testcase name="Test_UpgradeTask_Success" classname="com.dotmarketing.startup.runonce.Task220214AddOwnerAndIDateToFolderTableTest" time="0.017"/>
  <system-out><![CDATA[]]></system-out>
  <system-err><![CDATA[]]></system-err>
</testsuite>
