<?xml version="1.0" encoding="UTF-8"?>
<testsuite name="com.dotcms.publisher.bundle.business.BundleAPITest" tests="11" skipped="0" failures="0" errors="0" timestamp="2023-06-27T16:39:27" hostname="fv-az343-524" time="6.323">
  <properties/>
  <testcase name="test_deleteBundleById_uploadedBundle" classname="com.dotcms.publisher.bundle.business.BundleAPITest" time="0.008"/>
  <testcase name="test_deleteBundleAndDependencies_bundleIdDoesNotExist" classname="com.dotcms.publisher.bundle.business.BundleAPITest" time="0.002"/>
  <testcase name="test_deleteAllBundles_byLimitedUser" classname="com.dotcms.publisher.bundle.business.BundleAPITest" time="0.884"/>
  <testcase name="test_bundleTgzExists_returnFalse" classname="com.dotcms.publisher.bundle.business.BundleAPITest" time="0.003"/>
  <testcase name="test_deleteBundleAndDependencies_byAdmin" classname="com.dotcms.publisher.bundle.business.BundleAPITest" time="0.816"/>
  <testcase name="test_deleteBundleAndDependenciesOlderThan_futureDate" classname="com.dotcms.publisher.bundle.business.BundleAPITest" time="0.001"/>
  <testcase name="test_deleteBundleAndDependenciesOlderThan_byAdmin" classname="com.dotcms.publisher.bundle.business.BundleAPITest" time="2.095"/>
  <testcase name="test_deleteBundleAndDependenciesOlderThan_byLimitedUser" classname="com.dotcms.publisher.bundle.business.BundleAPITest" time="0.84"/>
  <testcase name="test_bundleTgzExists_returnTrue" classname="com.dotcms.publisher.bundle.business.BundleAPITest" time="0.014"/>
  <testcase name="test_deleteAllBundles_byAdmin" classname="com.dotcms.publisher.bundle.business.BundleAPITest" time="0.847"/>
  <testcase name="test_deleteBundleAndDependencies_byLimitedUser" classname="com.dotcms.publisher.bundle.business.BundleAPITest" time="0.812"/>
  <system-out><![CDATA[
]]></system-out>
  <system-err><![CDATA[]]></system-err>
</testsuite>
