<?xml version="1.0" encoding="UTF-8"?>
<testsuite name="com.dotmarketing.servlets.ajax.AjaxDirectorServletIntegrationTest" tests="2" skipped="0" failures="0" errors="0" timestamp="2023-07-18T19:11:33" hostname="fv-az455-56" time="3.5">
  <properties/>
  <testcase name="testService[0: com.dotmarketing.servlets.ajax.AjaxDirectorServletTestCase@6d702959]" classname="com.dotmarketing.servlets.ajax.AjaxDirectorServletIntegrationTest" time="1.597"/>
  <testcase name="testService[1: com.dotmarketing.servlets.ajax.AjaxDirectorServletTestCase@6ab5d103]" classname="com.dotmarketing.servlets.ajax.AjaxDirectorServletIntegrationTest" time="1.903"/>
  <system-out><![CDATA[]]></system-out>
  <system-err><![CDATA[]]></system-err>
</testsuite>
