<?xml version="1.0" encoding="UTF-8"?>
<testsuite name="com.dotmarketing.startup.runonce.Task210805DropUserProxyTableTest" tests="1" skipped="0" failures="0" errors="0" timestamp="2023-07-13T23:07:28" hostname="fv-az267-171" time="0.007">
  <properties/>
  <testcase name="testUpgradeTask" classname="com.dotmarketing.startup.runonce.Task210805DropUserProxyTableTest" time="0.007"/>
  <system-out><![CDATA[]]></system-out>
  <system-err><![CDATA[]]></system-err>
</testsuite>
