<?xml version="1.0" encoding="UTF-8"?>
<testsuite name="com.dotmarketing.business.DeterministicIdentifierAPITest" tests="16" skipped="0" failures="0" errors="0" timestamp="2023-07-17T17:38:59" hostname="fv-az797-388" time="1.837">
  <properties/>
  <testcase name="Test_Category_Path_Seed_And_Id" classname="com.dotmarketing.business.DeterministicIdentifierAPITest" time="0.033"/>
  <testcase name="Test_Language_Deterministic_Id[0: LanguageTestCase{expectedSeed='Language:es:US', expectedHash=4913155, langCode='es', countryCode='US', country='United States'}]" classname="com.dotmarketing.business.DeterministicIdentifierAPITest" time="0.001"/>
  <testcase name="Test_Language_Deterministic_Id[1: LanguageTestCase{expectedSeed='Language:ep:', expectedHash=5292269, langCode='ep', countryCode='', country=''}]" classname="com.dotmarketing.business.DeterministicIdentifierAPITest" time="0.001"/>
  <testcase name="Test_Language_Deterministic_Id[2: LanguageTestCase{expectedSeed='Language:sg:SAG', expectedHash=4713118, langCode='sg', countryCode='SAG', country=''}]" classname="com.dotmarketing.business.DeterministicIdentifierAPITest" time="0.002"/>
  <testcase name="Test_Language_Deterministic_Id[3: LanguageTestCase{expectedSeed='Language:en:NZ', expectedHash=5382528, langCode='en', countryCode='NZ', country='New Zealand'}]" classname="com.dotmarketing.business.DeterministicIdentifierAPITest" time="0.001"/>
  <testcase name="Test_Category_None_Persisted_Category_Should_Return_Deterministic_Id" classname="com.dotmarketing.business.DeterministicIdentifierAPITest" time="0.001"/>
  <testcase name="Test_Asset_Generate_Deterministic_Id_Best_Effort[0: TestCase{versionable=my.host1689615085953.com, parent=System Host, expectedName='my.host1689615085953.com', expectedType='Host'}]" classname="com.dotmarketing.business.DeterministicIdentifierAPITest" time="0.004"/>
  <testcase name="Test_Asset_Generate_Deterministic_Id_Best_Effort[1: TestCase{versionable=com.dotmarketing.portlets.contentlet.model.Contentlet@2447346f[map={modDate=2023-07-17 17:31:26.486, fileName=file3727877193126275123.txt, title=file3727877193126275123.txt, inode=b3daf3b1-224a-44f4-be23-bf3f8f7de744, __IS_NEW_CONTENT__=true, disabledWYSIWYG=[], host=5cf4a12d-1b0b-47a7-b363-f828ec9d20ae, stInode=33888b6f-7a8e-4069-b1b6-5c1aa9d0a48d, owner=system, identifier=4c4c2815-ab4b-4bb8-a7cf-e2972f0f2946, nullProperties=[wfExpireDate, wfPublishDate, wfActionAssign, wfActionId, wfActionComments, filterKey, whereToSend, wfNeverExpire, _path_to_move, timezoneId, iWantTo, wfPublishTime, wfExpireTime], languageId=1, fileAsset=/home/runner/work/core/custom/assets/b/3/b3daf3b1-224a-44f4-be23-bf3f8f7de744/fileAsset/file3727877193126275123.txt, folder=9d122b13-bbac-41a4-a523-91dcd92789e9, __disable_workflow__=true, sortOrder=0, modUser=system},lowIndexPriority=false,variantId=DEFAULT], parent=com.dotmarketing.portlets.folders.model.Folder@73dd3f01[identifier=9d122b13-bbac-41a4-a523-91dcd92789e9,name=testName1689615086473,sortOrder=0,showOnMenu=false,hostId=5cf4a12d-1b0b-47a7-b363-f828ec9d20ae,type=folder,title=testTitle1689615086473,filesMasks=,defaultFileType=33888b6f-7a8e-4069-b1b6-5c1aa9d0a48d,modDate=2023-07-17 17:31:26.477,owner=&lt;null&gt;,iDate=2023-07-17 17:31:26.477,inode=9d122b13-bbac-41a4-a523-91dcd92789e9,path=/testName1689615086473/], expectedName='file3727877193126275123.txt', expectedType='FileAsset'}]" classname="com.dotmarketing.business.DeterministicIdentifierAPITest" time="0.004"/>
  <testcase name="Test_Asset_Generate_Deterministic_Id_Best_Effort[2: TestCase{versionable=com.dotmarketing.portlets.templates.model.Template@75434e55, parent=my.host1689615085953.com, expectedName='testTitle1689615086613', expectedType='Template'}]" classname="com.dotmarketing.business.DeterministicIdentifierAPITest" time="0.016"/>
  <testcase name="Test_Asset_Generate_Deterministic_Id_Best_Effort[3: TestCase{versionable=com.dotmarketing.portlets.htmlpageasset.model.HTMLPageAsset@7500fe3e[map={template=dbd3da4f-6bc3-4dab-834e-669e579c0591, owner=system, identifier=baaa8a27-4884-47e6-ac44-15c6a64c740e, nullProperties=[wfExpireDate, wfPublishDate, wfActionAssign, wfActionId, wfActionComments, filterKey, whereToSend, wfNeverExpire, _path_to_move, timezoneId, iWantTo, wfPublishTime, wfExpireTime], modDate=2023-07-17 17:31:26.638, cachettl=0, _is_test_mode=true, languageId=1, title=test-page-title-1689615086626, httpsreq=, url=test-page-url-1689615086626, showOnMenu=, inode=9798d6ed-f22a-4f14-8ea6-b1391f1a2b11, folder=9d122b13-bbac-41a4-a523-91dcd92789e9, disabledWYSIWYG=[], sortOrder=1, modUser=system, host=5cf4a12d-1b0b-47a7-b363-f828ec9d20ae, stInode=c541abb1-69b3-4bc5-8430-5e09e5239cc8, friendlyName=test-page-friendly-name-1689615086626},lowIndexPriority=false,variantId=DEFAULT], parent=com.dotmarketing.portlets.folders.model.Folder@73dd3f01[identifier=9d122b13-bbac-41a4-a523-91dcd92789e9,name=testName1689615086473,sortOrder=0,showOnMenu=false,hostId=5cf4a12d-1b0b-47a7-b363-f828ec9d20ae,type=folder,title=testTitle1689615086473,filesMasks=,defaultFileType=33888b6f-7a8e-4069-b1b6-5c1aa9d0a48d,modDate=2023-07-17 17:31:26.477,owner=&lt;null&gt;,iDate=2023-07-17 17:31:26.477,inode=9d122b13-bbac-41a4-a523-91dcd92789e9,path=/testName1689615086473/], expectedName='test-page-url-1689615086626', expectedType='htmlpageasset'}]" classname="com.dotmarketing.business.DeterministicIdentifierAPITest" time="0.004"/>
  <testcase name="Test_Asset_Generate_Deterministic_Id_Best_Effort[4: TestCase{versionable=com.dotmarketing.portlets.contentlet.model.Contentlet@7d6b820b[map={fileAsset2=/home/runner/work/core/custom/assets/b/0/b0f11940-e10c-4630-bbf2-5dbe41f9c0e5/fileAsset2/test_binary1689615088445.png, modDate=2023-07-17 17:31:28.454, fileAsset1=/home/runner/work/core/custom/assets/b/0/b0f11940-e10c-4630-bbf2-5dbe41f9c0e5/fileAsset1/test_binary1689615088445.jpg, title=blah, inode=b0f11940-e10c-4630-bbf2-5dbe41f9c0e5, __IS_NEW_CONTENT__=true, disabledWYSIWYG=[], host=48190c8c-42c4-46af-8d1a-0cd5db894797, stInode=b574a758-ff46-456d-af41-310e71947f3d, owner=system, identifier=d22ca0da-e0da-4d14-9af6-70cbd933909e, nullProperties=[], languageId=1, image1=da727648-e80b-4df1-92f3-8182e7302363, folder=SYSTEM_FOLDER, __disable_workflow__=true, sortOrder=0, modUser=system},lowIndexPriority=false,variantId=DEFAULT], parent=demo.dotcms.com, expectedName='test_binary1689615088445.jpg:test_binary1689615088445.png', expectedType='MultipleBinaries1689615086873'}]" classname="com.dotmarketing.business.DeterministicIdentifierAPITest" time="0.007"/>
  <testcase name="Test_Asset_Generate_Deterministic_Id_Best_Effort[5: TestCase{versionable=name77de0b5564 : keyTag77de0b5564, parent=my.host1689615085953.com, expectedName='keyTag77de0b5564', expectedType='persona'}]" classname="com.dotmarketing.business.DeterministicIdentifierAPITest" time="0.006"/>
  <testcase name="Test_Similar_Content_Type_Wont_Clash" classname="com.dotmarketing.business.DeterministicIdentifierAPITest" time="0.655"/>
  <testcase name="Test_Generate_Folder_Identifier" classname="com.dotmarketing.business.DeterministicIdentifierAPITest" time="1.073"/>
  <testcase name="Test_Generate_Content_Type_Identifier[0: ContentTypeTestCase{contentType=KeyValueContentType{name=Language Variable, id=f4d7c1b8-2c88-4071-abf1-a5328977b07d, description=Default Content Type for Language Variables, defaultType=false, fixed=true, iDate=Thu Aug 31 16:38:49 UTC 2017, system=true, versionable=true, variable=Languagevariable, modDate=Mon Jul 17 16:13:15 UTC 2023, host=SYSTEM_HOST, siteName=systemHost, icon=language, sortOrder=0, folder=SYSTEM_FOLDER, folderPath=/, markedForDeletion=true, multilingualable=false}, expectedName='Languagevariable', expectedType='KeyValue'}]" classname="com.dotmarketing.business.DeterministicIdentifierAPITest" time="0.007"/>
  <testcase name="Test_Generate_Content_Type_Identifier[1: ContentTypeTestCase{contentType=SimpleContentType{name=testName1689615088933, id=daa3891a-44bf-49c6-b759-faaa50f52de9, description=testDescription1689615088933, defaultType=false, fixed=false, iDate=Mon Jul 17 17:31:28 UTC 2023, system=false, versionable=true, multilingualable=false, variable=testVarname1689615088933, owner=system, modDate=Mon Jul 17 17:31:30 UTC 2023, host=48190c8c-42c4-46af-8d1a-0cd5db894797, siteName=demo.dotcms.com, icon=event_note, sortOrder=0, folder=SYSTEM_FOLDER, folderPath=/, requiredFields=[], markedForDeletion=false}, expectedName='testVarname1689615088933', expectedType='CONTENT'}]" classname="com.dotmarketing.business.DeterministicIdentifierAPITest" time="0.008"/>
  <system-out><![CDATA[]]></system-out>
  <system-err><![CDATA[]]></system-err>
</testsuite>
