<?xml version="1.0" encoding="UTF-8"?>
<testsuite name="com.dotmarketing.factories.MultiTreeAPITest" tests="33" skipped="0" failures="0" errors="0" timestamp="2023-06-23T18:59:29" hostname="fv-az561-920" time="62.237">
  <properties/>
  <testcase name="shouldReplaceEnglishMultiTree" classname="com.dotmarketing.factories.MultiTreeAPITest" time="1.601"/>
  <testcase name="shouldReplaceVariantAndPersonalizationMultiTree" classname="com.dotmarketing.factories.MultiTreeAPITest" time="1.662"/>
  <testcase name="shouldReplaceAllMultiTree" classname="com.dotmarketing.factories.MultiTreeAPITest" time="1.406"/>
  <testcase name="testMultiTreeForContainerStructure" classname="com.dotmarketing.factories.MultiTreeAPITest" time="0.019"/>
  <testcase name="testCleanUpUnusedPersonalization" classname="com.dotmarketing.factories.MultiTreeAPITest" time="1.261"/>
  <testcase name="testSaveMultiTree" classname="com.dotmarketing.factories.MultiTreeAPITest" time="0.003"/>
  <testcase name="testEmptyContainersInDrawedTemplate" classname="com.dotmarketing.factories.MultiTreeAPITest" time="20.013"/>
  <testcase name="testEmptyContainersInAdvancedTemplate" classname="com.dotmarketing.factories.MultiTreeAPITest" time="19.373"/>
  <testcase name="saveUpdateMultiTree" classname="com.dotmarketing.factories.MultiTreeAPITest" time="1.324"/>
  <testcase name="testGetMultiTreesByPersonalizedPage" classname="com.dotmarketing.factories.MultiTreeAPITest" time="0.037"/>
  <testcase name="after_override_multitrees_should_keep_other_pages_contentlet_references" classname="com.dotmarketing.factories.MultiTreeAPITest" time="1.815"/>
  <testcase name="getMultiTreesByVariantWithFallback" classname="com.dotmarketing.factories.MultiTreeAPITest" time="1.452"/>
  <testcase name="testMultiTreesSaveWithEmpty" classname="com.dotmarketing.factories.MultiTreeAPITest" time="0.007"/>
  <testcase name="test_personalize_page_respects_max_contentlet_value_per_persona" classname="com.dotmarketing.factories.MultiTreeAPITest" time="1.611"/>
  <testcase name="copyMultiTreeToNewVariant" classname="com.dotmarketing.factories.MultiTreeAPITest" time="0.637"/>
  <testcase name="savaDifferent" classname="com.dotmarketing.factories.MultiTreeAPITest" time="1.335"/>
  <testcase name="testMultiTreesSavingWithPersonalizationForPage" classname="com.dotmarketing.factories.MultiTreeAPITest" time="0.009"/>
  <testcase name="deleteMultiTreeByPageAndVariant" classname="com.dotmarketing.factories.MultiTreeAPITest" time="2.61"/>
  <testcase name="testDoesPageContentsHaveContainer_no_prefix" classname="com.dotmarketing.factories.MultiTreeAPITest" time="0.0"/>
  <testcase name="multiTreesByVariant" classname="com.dotmarketing.factories.MultiTreeAPITest" time="1.423"/>
  <testcase name="shouldReplaceVariantMultiTree" classname="com.dotmarketing.factories.MultiTreeAPITest" time="1.698"/>
  <testcase name="testReorderWithVariant" classname="com.dotmarketing.factories.MultiTreeAPITest" time="0.075"/>
  <testcase name="testReorder" classname="com.dotmarketing.factories.MultiTreeAPITest" time="0.04"/>
  <testcase name="testDoesPageContentsHaveContainer_with_prefix" classname="com.dotmarketing.factories.MultiTreeAPITest" time="0.0"/>
  <testcase name="testGetPageMultiTrees" classname="com.dotmarketing.factories.MultiTreeAPITest" time="1.309"/>
  <testcase name="testLegacyMultiTreeSave" classname="com.dotmarketing.factories.MultiTreeAPITest" time="0.005"/>
  <testcase name="findByChild" classname="com.dotmarketing.factories.MultiTreeAPITest" time="0.031"/>
  <testcase name="testDeletes" classname="com.dotmarketing.factories.MultiTreeAPITest" time="0.05"/>
  <testcase name="testMultiTreesSave" classname="com.dotmarketing.factories.MultiTreeAPITest" time="0.004"/>
  <testcase name="testMultiTreesSaveAndPersonalizationForPage" classname="com.dotmarketing.factories.MultiTreeAPITest" time="0.28"/>
  <testcase name="testMultiTreesSaveDeleting" classname="com.dotmarketing.factories.MultiTreeAPITest" time="0.006"/>
  <testcase name="getMultiTreesByVariant" classname="com.dotmarketing.factories.MultiTreeAPITest" time="0.796"/>
  <testcase name="test_overridesMultitreesByPersonalization_AddContentTwiceDiffLangEditing_throwException" classname="com.dotmarketing.factories.MultiTreeAPITest" time="0.342"/>
  <system-out><![CDATA[]]></system-out>
  <system-err><![CDATA[]]></system-err>
</testsuite>
