<?xml version="1.0" encoding="UTF-8"?>
<testsuite name="com.dotmarketing.servlets.ajax.AjaxDirectorServletIntegrationTest" tests="2" skipped="0" failures="0" errors="0" timestamp="2023-07-18T04:22:11" hostname="fv-az1236-699" time="3.102">
  <properties/>
  <testcase name="testService[0: com.dotmarketing.servlets.ajax.AjaxDirectorServletTestCase@4dc6c826]" classname="com.dotmarketing.servlets.ajax.AjaxDirectorServletIntegrationTest" time="1.819"/>
  <testcase name="testService[1: com.dotmarketing.servlets.ajax.AjaxDirectorServletTestCase@513221ac]" classname="com.dotmarketing.servlets.ajax.AjaxDirectorServletIntegrationTest" time="1.283"/>
  <system-out><![CDATA[]]></system-out>
  <system-err><![CDATA[]]></system-err>
</testsuite>
