<?xml version="1.0" encoding="UTF-8"?>
<testsuite name="com.dotcms.publishing.manifest.CSVManifestBuilderTest" tests="34" skipped="0" failures="0" errors="0" timestamp="2023-07-06T21:57:45" hostname="fv-az440-292" time="0.085">
  <properties/>
  <testcase name="exclude[0: com.dotcms.publishing.manifest.CSVManifestBuilderTest$TestCase@4c35fb6d]" classname="com.dotcms.publishing.manifest.CSVManifestBuilderTest" time="0.002"/>
  <testcase name="exclude[1: com.dotcms.publishing.manifest.CSVManifestBuilderTest$TestCase@30356f16]" classname="com.dotcms.publishing.manifest.CSVManifestBuilderTest" time="0.0"/>
  <testcase name="exclude[2: com.dotcms.publishing.manifest.CSVManifestBuilderTest$TestCase@4bdd2e11]" classname="com.dotcms.publishing.manifest.CSVManifestBuilderTest" time="0.001"/>
  <testcase name="exclude[3: com.dotcms.publishing.manifest.CSVManifestBuilderTest$TestCase@57d747dc]" classname="com.dotcms.publishing.manifest.CSVManifestBuilderTest" time="0.001"/>
  <testcase name="exclude[4: com.dotcms.publishing.manifest.CSVManifestBuilderTest$TestCase@345a30d8]" classname="com.dotcms.publishing.manifest.CSVManifestBuilderTest" time="0.0"/>
  <testcase name="exclude[5: com.dotcms.publishing.manifest.CSVManifestBuilderTest$TestCase@2f8ca49a]" classname="com.dotcms.publishing.manifest.CSVManifestBuilderTest" time="0.003"/>
  <testcase name="exclude[6: com.dotcms.publishing.manifest.CSVManifestBuilderTest$TestCase@d03badc]" classname="com.dotcms.publishing.manifest.CSVManifestBuilderTest" time="0.001"/>
  <testcase name="exclude[7: com.dotcms.publishing.manifest.CSVManifestBuilderTest$TestCase@6007e507]" classname="com.dotcms.publishing.manifest.CSVManifestBuilderTest" time="0.0"/>
  <testcase name="exclude[8: com.dotcms.publishing.manifest.CSVManifestBuilderTest$TestCase@53ec52f]" classname="com.dotcms.publishing.manifest.CSVManifestBuilderTest" time="0.001"/>
  <testcase name="exclude[9: com.dotcms.publishing.manifest.CSVManifestBuilderTest$TestCase@4f5c0966]" classname="com.dotcms.publishing.manifest.CSVManifestBuilderTest" time="0.001"/>
  <testcase name="exclude[10: com.dotcms.publishing.manifest.CSVManifestBuilderTest$TestCase@5f198f0b]" classname="com.dotcms.publishing.manifest.CSVManifestBuilderTest" time="0.0"/>
  <testcase name="exclude[11: com.dotcms.publishing.manifest.CSVManifestBuilderTest$TestCase@696632]" classname="com.dotcms.publishing.manifest.CSVManifestBuilderTest" time="0.0"/>
  <testcase name="exclude[12: com.dotcms.publishing.manifest.CSVManifestBuilderTest$TestCase@730ddcad]" classname="com.dotcms.publishing.manifest.CSVManifestBuilderTest" time="0.001"/>
  <testcase name="exclude[13: com.dotcms.publishing.manifest.CSVManifestBuilderTest$TestCase@5cb5ec93]" classname="com.dotcms.publishing.manifest.CSVManifestBuilderTest" time="0.001"/>
  <testcase name="exclude[14: com.dotcms.publishing.manifest.CSVManifestBuilderTest$TestCase@4fc751d9]" classname="com.dotcms.publishing.manifest.CSVManifestBuilderTest" time="0.0"/>
  <testcase name="emptyManifestFile" classname="com.dotcms.publishing.manifest.CSVManifestBuilderTest" time="0.001"/>
  <testcase name="addHeader" classname="com.dotcms.publishing.manifest.CSVManifestBuilderTest" time="0.029"/>
  <testcase name="callAddHeaderAfterInclude" classname="com.dotcms.publishing.manifest.CSVManifestBuilderTest" time="0.014"/>
  <testcase name="include[0: com.dotcms.publishing.manifest.CSVManifestBuilderTest$TestCase@4c35fb6d]" classname="com.dotcms.publishing.manifest.CSVManifestBuilderTest" time="0.002"/>
  <testcase name="include[1: com.dotcms.publishing.manifest.CSVManifestBuilderTest$TestCase@30356f16]" classname="com.dotcms.publishing.manifest.CSVManifestBuilderTest" time="0.0"/>
  <testcase name="include[2: com.dotcms.publishing.manifest.CSVManifestBuilderTest$TestCase@4bdd2e11]" classname="com.dotcms.publishing.manifest.CSVManifestBuilderTest" time="0.001"/>
  <testcase name="include[3: com.dotcms.publishing.manifest.CSVManifestBuilderTest$TestCase@57d747dc]" classname="com.dotcms.publishing.manifest.CSVManifestBuilderTest" time="0.001"/>
  <testcase name="include[4: com.dotcms.publishing.manifest.CSVManifestBuilderTest$TestCase@345a30d8]" classname="com.dotcms.publishing.manifest.CSVManifestBuilderTest" time="0.0"/>
  <testcase name="include[5: com.dotcms.publishing.manifest.CSVManifestBuilderTest$TestCase@2f8ca49a]" classname="com.dotcms.publishing.manifest.CSVManifestBuilderTest" time="0.0"/>
  <testcase name="include[6: com.dotcms.publishing.manifest.CSVManifestBuilderTest$TestCase@d03badc]" classname="com.dotcms.publishing.manifest.CSVManifestBuilderTest" time="0.001"/>
  <testcase name="include[7: com.dotcms.publishing.manifest.CSVManifestBuilderTest$TestCase@6007e507]" classname="com.dotcms.publishing.manifest.CSVManifestBuilderTest" time="0.001"/>
  <testcase name="include[8: com.dotcms.publishing.manifest.CSVManifestBuilderTest$TestCase@53ec52f]" classname="com.dotcms.publishing.manifest.CSVManifestBuilderTest" time="0.001"/>
  <testcase name="include[9: com.dotcms.publishing.manifest.CSVManifestBuilderTest$TestCase@4f5c0966]" classname="com.dotcms.publishing.manifest.CSVManifestBuilderTest" time="0.0"/>
  <testcase name="include[10: com.dotcms.publishing.manifest.CSVManifestBuilderTest$TestCase@5f198f0b]" classname="com.dotcms.publishing.manifest.CSVManifestBuilderTest" time="0.001"/>
  <testcase name="include[11: com.dotcms.publishing.manifest.CSVManifestBuilderTest$TestCase@696632]" classname="com.dotcms.publishing.manifest.CSVManifestBuilderTest" time="0.0"/>
  <testcase name="include[12: com.dotcms.publishing.manifest.CSVManifestBuilderTest$TestCase@730ddcad]" classname="com.dotcms.publishing.manifest.CSVManifestBuilderTest" time="0.0"/>
  <testcase name="include[13: com.dotcms.publishing.manifest.CSVManifestBuilderTest$TestCase@5cb5ec93]" classname="com.dotcms.publishing.manifest.CSVManifestBuilderTest" time="0.001"/>
  <testcase name="include[14: com.dotcms.publishing.manifest.CSVManifestBuilderTest$TestCase@4fc751d9]" classname="com.dotcms.publishing.manifest.CSVManifestBuilderTest" time="0.0"/>
  <testcase name="callAddHeaderAfterExclude" classname="com.dotcms.publishing.manifest.CSVManifestBuilderTest" time="0.016"/>
  <system-out><![CDATA[]]></system-out>
  <system-err><![CDATA[]]></system-err>
</testsuite>
