<?xml version="1.0" encoding="UTF-8"?>
<testsuite name="com.dotcms.rest.elasticsearch.ESContentResourcePortletTest" tests="8" skipped="0" failures="0" errors="0" timestamp="2023-06-26T20:09:22" hostname="fv-az351-37" time="8.559">
  <properties/>
  <testcase name="test_search_includeGrandChildCategory_success" classname="com.dotcms.rest.elasticsearch.ESContentResourcePortletTest" time="1.337"/>
  <testcase name="testSearch[0: com.dotcms.rest.elasticsearch.ESContentResourcePortletTest$TestCase@68a4d3f7]" classname="com.dotcms.rest.elasticsearch.ESContentResourcePortletTest" time="0.905"/>
  <testcase name="testSearch[1: com.dotcms.rest.elasticsearch.ESContentResourcePortletTest$TestCase@b9b06ab]" classname="com.dotcms.rest.elasticsearch.ESContentResourcePortletTest" time="1.23"/>
  <testcase name="testSearch[2: com.dotcms.rest.elasticsearch.ESContentResourcePortletTest$TestCase@1a4b1a05]" classname="com.dotcms.rest.elasticsearch.ESContentResourcePortletTest" time="0.877"/>
  <testcase name="testSearch[3: com.dotcms.rest.elasticsearch.ESContentResourcePortletTest$TestCase@713adf11]" classname="com.dotcms.rest.elasticsearch.ESContentResourcePortletTest" time="1.262"/>
  <testcase name="testSearch[4: com.dotcms.rest.elasticsearch.ESContentResourcePortletTest$TestCase@3fcf91aa]" classname="com.dotcms.rest.elasticsearch.ESContentResourcePortletTest" time="1.246"/>
  <testcase name="testSearch[5: com.dotcms.rest.elasticsearch.ESContentResourcePortletTest$TestCase@6c3266a6]" classname="com.dotcms.rest.elasticsearch.ESContentResourcePortletTest" time="0.856"/>
  <testcase name="testSearch[6: com.dotcms.rest.elasticsearch.ESContentResourcePortletTest$TestCase@2eebc217]" classname="com.dotcms.rest.elasticsearch.ESContentResourcePortletTest" time="0.846"/>
  <system-out><![CDATA[]]></system-out>
  <system-err><![CDATA[]]></system-err>
</testsuite>
