<?xml version="1.0" encoding="UTF-8"?>
<testsuite name="com.dotcms.contenttype.business.FieldAPITest" tests="93" skipped="0" failures="0" errors="0" timestamp="2023-07-07T21:27:38" hostname="fv-az563-341" time="20.073">
  <properties/>
  <testcase name="test_SaveNewIndexedField_ShouldAddESMapping" classname="com.dotcms.contenttype.business.FieldAPITest" time="0.452"/>
  <testcase name="getFieldVariablesForField" classname="com.dotcms.contenttype.business.FieldAPITest" time="0.372"/>
  <testcase name="testSaveRelationshipWithDuplicateFieldsShouldThrowAnException[0: com.dotcms.contenttype.business.FieldAPITest$UniqueConstraintTestCase@6d9c681]" classname="com.dotcms.contenttype.business.FieldAPITest" time="0.437"/>
  <testcase name="testSaveRelationshipWithDuplicateFieldsShouldThrowAnException[1: com.dotcms.contenttype.business.FieldAPITest$UniqueConstraintTestCase@6deb751e]" classname="com.dotcms.contenttype.business.FieldAPITest" time="0.429"/>
  <testcase name="testSaveRelationshipWithDuplicateFieldsShouldThrowAnException[2: com.dotcms.contenttype.business.FieldAPITest$UniqueConstraintTestCase@e659ec7]" classname="com.dotcms.contenttype.business.FieldAPITest" time="0.439"/>
  <testcase name="testSaveRelationshipWithDuplicateFieldsShouldThrowAnException[3: com.dotcms.contenttype.business.FieldAPITest$UniqueConstraintTestCase@622ba04d]" classname="com.dotcms.contenttype.business.FieldAPITest" time="0.405"/>
  <testcase name="testSaveRelationshipWithDuplicateFieldsShouldThrowAnException[4: com.dotcms.contenttype.business.FieldAPITest$UniqueConstraintTestCase@2a8e9f47]" classname="com.dotcms.contenttype.business.FieldAPITest" time="0.472"/>
  <testcase name="testSaveRelationshipWithDuplicateFieldsShouldThrowAnException[5: com.dotcms.contenttype.business.FieldAPITest$UniqueConstraintTestCase@1c7b4c8d]" classname="com.dotcms.contenttype.business.FieldAPITest" time="0.48"/>
  <testcase name="test_GivenBothSidedRelationshipField_WhenRemovingChildField_RelationshipShouldBeGettable" classname="com.dotcms.contenttype.business.FieldAPITest" time="0.638"/>
  <testcase name="test_GivenBothSidedRelationshipField_WhenRemovingParentField_RelationshipShouldBeGettable" classname="com.dotcms.contenttype.business.FieldAPITest" time="0.674"/>
  <testcase name="testSaveRelationshipField_when_newFieldIsSetToAnExistingRelationship_SaveShouldSucceed" classname="com.dotcms.contenttype.business.FieldAPITest" time="0.699"/>
  <testcase name="testSaveOneSidedRelationship_when_theChildContentTypeIsRelatedWithAnotherContentType_ShouldSucceed" classname="com.dotcms.contenttype.business.FieldAPITest" time="2.077"/>
  <testcase name="testSaveFieldVariable_KeyWithSpecialChars_ShouldSucceed[0: __myKey]" classname="com.dotcms.contenttype.business.FieldAPITest" time="0.066"/>
  <testcase name="testSaveFieldVariable_KeyWithSpecialChars_ShouldSucceed[1: dottype.]" classname="com.dotcms.contenttype.business.FieldAPITest" time="0.059"/>
  <testcase name="testSaveFieldVariable_KeyWithSpecialChars_ShouldSucceed[2: dot:type]" classname="com.dotcms.contenttype.business.FieldAPITest" time="0.066"/>
  <testcase name="testSaveFieldVariable_KeyWithSpecialChars_ShouldSucceed[3: dot-type]" classname="com.dotcms.contenttype.business.FieldAPITest" time="0.057"/>
  <testcase name="testSaveFieldVariable_KeyWithSpecialChars_ShouldSucceed[4: *dottype*]" classname="com.dotcms.contenttype.business.FieldAPITest" time="0.057"/>
  <testcase name="testSaveFieldVariable_KeyWithSpecialChars_ShouldSucceed[5: $my^^&amp;key%]" classname="com.dotcms.contenttype.business.FieldAPITest" time="0.058"/>
  <testcase name="testUpdateParentFieldInARelationship_shouldSucceed" classname="com.dotcms.contenttype.business.FieldAPITest" time="0.726"/>
  <testcase name="testSaveOneSidedManyToOneRelationshipField_returns_newRelationshipObject" classname="com.dotcms.contenttype.business.FieldAPITest" time="0.456"/>
  <testcase name="testUpdateSelfRelatedFields_shouldNotChangeRelationNames" classname="com.dotcms.contenttype.business.FieldAPITest" time="0.644"/>
  <testcase name="testSaveRelationshipFieldBothSidesRequired_ShouldSucceed" classname="com.dotcms.contenttype.business.FieldAPITest" time="0.651"/>
  <testcase name="testSaveRelationshipField_when_replacingChildInABothSidedRelationship_ShouldThrowException" classname="com.dotcms.contenttype.business.FieldAPITest" time="0.69"/>
  <testcase name="testValidateRelationshipFieldWithDash_shouldThrowAnException" classname="com.dotcms.contenttype.business.FieldAPITest" time="0.042"/>
  <testcase name="test_SaveField_GivenTypeName_GeneratedVariableIsSameAsProvidedOne: caseModDateCompatible" classname="com.dotcms.contenttype.business.FieldAPITest" time="0.081"/>
  <testcase name="test_SaveField_GivenTypeName_GeneratedVariableIsSameAsProvidedOne: caseTitleCompatible" classname="com.dotcms.contenttype.business.FieldAPITest" time="0.061"/>
  <testcase name="test_SaveField_GivenTypeName_GeneratedVariableIsSameAsProvidedOne: caseTitleImageCompatible" classname="com.dotcms.contenttype.business.FieldAPITest" time="0.062"/>
  <testcase name="test_SaveField_GivenTypeName_GeneratedVariableIsSameAsProvidedOne: caseContentTypeCompatible" classname="com.dotcms.contenttype.business.FieldAPITest" time="0.064"/>
  <testcase name="test_SaveField_GivenTypeName_GeneratedVariableIsSameAsProvidedOne: caseBaseTypeCompatible" classname="com.dotcms.contenttype.business.FieldAPITest" time="0.061"/>
  <testcase name="test_SaveField_GivenTypeName_GeneratedVariableIsSameAsProvidedOne: caseLiveCompatible" classname="com.dotcms.contenttype.business.FieldAPITest" time="0.067"/>
  <testcase name="test_SaveField_GivenTypeName_GeneratedVariableIsSameAsProvidedOne: caseWorkingCompatible" classname="com.dotcms.contenttype.business.FieldAPITest" time="0.066"/>
  <testcase name="test_SaveField_GivenTypeName_GeneratedVariableIsSameAsProvidedOne: caseArchivedCompatible" classname="com.dotcms.contenttype.business.FieldAPITest" time="0.07"/>
  <testcase name="test_SaveField_GivenTypeName_GeneratedVariableIsSameAsProvidedOne: caseLockedCompatible" classname="com.dotcms.contenttype.business.FieldAPITest" time="0.077"/>
  <testcase name="test_SaveField_GivenTypeName_GeneratedVariableIsSameAsProvidedOne: caseIdentifierCompatible" classname="com.dotcms.contenttype.business.FieldAPITest" time="0.076"/>
  <testcase name="test_SaveField_GivenTypeName_GeneratedVariableIsSameAsProvidedOne: caseInodeCompatible" classname="com.dotcms.contenttype.business.FieldAPITest" time="0.064"/>
  <testcase name="test_SaveField_GivenTypeName_GeneratedVariableIsSameAsProvidedOne: caseUrlMapCompatible" classname="com.dotcms.contenttype.business.FieldAPITest" time="0.062"/>
  <testcase name="test_GivenOneSidedRelationshipField_WhenRemovingField_RelationshipShouldBeWiped" classname="com.dotcms.contenttype.business.FieldAPITest" time="0.458"/>
  <testcase name="testSave_InvalidVariable_ShouldThrowException[0: (123, true)]" classname="com.dotcms.contenttype.business.FieldAPITest" time="0.042"/>
  <testcase name="testSave_InvalidVariable_ShouldThrowException[1: (_123, true)]" classname="com.dotcms.contenttype.business.FieldAPITest" time="0.048"/>
  <testcase name="testSave_InvalidVariable_ShouldThrowException[2: (_123a, true)]" classname="com.dotcms.contenttype.business.FieldAPITest" time="0.045"/>
  <testcase name="testSave_InvalidVariable_ShouldThrowException[3: (asd123asd, false)]" classname="com.dotcms.contenttype.business.FieldAPITest" time="0.055"/>
  <testcase name="testSave_InvalidVariable_ShouldThrowException[4: (Asfsdf, false)]" classname="com.dotcms.contenttype.business.FieldAPITest" time="0.062"/>
  <testcase name="testSave_InvalidVariable_ShouldThrowException[5: (aa123, false)]" classname="com.dotcms.contenttype.business.FieldAPITest" time="0.049"/>
  <testcase name="test_SaveNewRelationshipField_ShouldAddESMapping" classname="com.dotcms.contenttype.business.FieldAPITest" time="0.414"/>
  <testcase name="testSaveRelationshipField_GivenRecreatedDeletedRelationshipFieldChoosingExistingRel_SaveShouldSucceed" classname="com.dotcms.contenttype.business.FieldAPITest" time="0.92"/>
  <testcase name="test_SaveField_GivenGraphQLCompatibleVariable_ShouldSave: caseModDateCompatible" classname="com.dotcms.contenttype.business.FieldAPITest" time="0.069"/>
  <testcase name="test_SaveField_GivenGraphQLCompatibleVariable_ShouldSave: caseTitleCompatible" classname="com.dotcms.contenttype.business.FieldAPITest" time="0.062"/>
  <testcase name="test_SaveField_GivenGraphQLCompatibleVariable_ShouldSave: caseTitleImageCompatible" classname="com.dotcms.contenttype.business.FieldAPITest" time="0.062"/>
  <testcase name="test_SaveField_GivenGraphQLCompatibleVariable_ShouldSave: caseContentTypeCompatible" classname="com.dotcms.contenttype.business.FieldAPITest" time="0.072"/>
  <testcase name="test_SaveField_GivenGraphQLCompatibleVariable_ShouldSave: caseBaseTypeCompatible" classname="com.dotcms.contenttype.business.FieldAPITest" time="0.064"/>
  <testcase name="test_SaveField_GivenGraphQLCompatibleVariable_ShouldSave: caseLiveCompatible" classname="com.dotcms.contenttype.business.FieldAPITest" time="0.062"/>
  <testcase name="test_SaveField_GivenGraphQLCompatibleVariable_ShouldSave: caseWorkingCompatible" classname="com.dotcms.contenttype.business.FieldAPITest" time="0.062"/>
  <testcase name="test_SaveField_GivenGraphQLCompatibleVariable_ShouldSave: caseArchivedCompatible" classname="com.dotcms.contenttype.business.FieldAPITest" time="0.066"/>
  <testcase name="test_SaveField_GivenGraphQLCompatibleVariable_ShouldSave: caseLockedCompatible" classname="com.dotcms.contenttype.business.FieldAPITest" time="0.073"/>
  <testcase name="test_SaveField_GivenGraphQLCompatibleVariable_ShouldSave: caseIdentifierCompatible" classname="com.dotcms.contenttype.business.FieldAPITest" time="0.067"/>
  <testcase name="test_SaveField_GivenGraphQLCompatibleVariable_ShouldSave: caseInodeCompatible" classname="com.dotcms.contenttype.business.FieldAPITest" time="0.071"/>
  <testcase name="test_SaveField_GivenGraphQLCompatibleVariable_ShouldSave: caseUrlMapCompatible" classname="com.dotcms.contenttype.business.FieldAPITest" time="0.066"/>
  <testcase name="testSave_InvalidName_ShouldThrowException[0: 123]" classname="com.dotcms.contenttype.business.FieldAPITest" time="0.049"/>
  <testcase name="testSave_InvalidName_ShouldThrowException[1: 123abc]" classname="com.dotcms.contenttype.business.FieldAPITest" time="0.056"/>
  <testcase name="testSave_InvalidName_ShouldThrowException[2: _123a]" classname="com.dotcms.contenttype.business.FieldAPITest" time="0.049"/>
  <testcase name="testSave_InvalidName_ShouldThrowException[3: asd123asd]" classname="com.dotcms.contenttype.business.FieldAPITest" time="0.048"/>
  <testcase name="testSave_InvalidName_ShouldThrowException[4: Asfsdf]" classname="com.dotcms.contenttype.business.FieldAPITest" time="0.054"/>
  <testcase name="testSave_InvalidName_ShouldThrowException[5: aa123]" classname="com.dotcms.contenttype.business.FieldAPITest" time="0.054"/>
  <testcase name="testSave_InvalidName_ShouldThrowException[6: This is a field]" classname="com.dotcms.contenttype.business.FieldAPITest" time="0.052"/>
  <testcase name="testSave_InvalidName_ShouldThrowException[7: Field &amp;&amp; ,,,..**==} name~~~__]" classname="com.dotcms.contenttype.business.FieldAPITest" time="0.049"/>
  <testcase name="testSave_InvalidName_ShouldThrowException[8: __]" classname="com.dotcms.contenttype.business.FieldAPITest" time="0.049"/>
  <testcase name="test_SaveNewNoIndexedField_ShouldNotAddESMapping" classname="com.dotcms.contenttype.business.FieldAPITest" time="0.069"/>
  <testcase name="testValidateRelationshipField_shouldThrowAnException[0: com.dotcms.contenttype.business.FieldAPITest$TestCase@ef5e259]" classname="com.dotcms.contenttype.business.FieldAPITest" time="0.046"/>
  <testcase name="testValidateRelationshipField_shouldThrowAnException[1: com.dotcms.contenttype.business.FieldAPITest$TestCase@269eda57]" classname="com.dotcms.contenttype.business.FieldAPITest" time="0.04"/>
  <testcase name="testValidateRelationshipField_shouldThrowAnException[2: com.dotcms.contenttype.business.FieldAPITest$TestCase@43851d19]" classname="com.dotcms.contenttype.business.FieldAPITest" time="0.041"/>
  <testcase name="testSaveRelationshipField_when_replacingParentInABothSidedRelationship_ShouldThrowException" classname="com.dotcms.contenttype.business.FieldAPITest" time="0.705"/>
  <testcase name="testSave_UpdateExistingFieldWithDifferentContentType_ShouldThrowException" classname="com.dotcms.contenttype.business.FieldAPITest" time="0.055"/>
  <testcase name="test_SaveField_GivenTypeName_GeneratedVariableIsDifferentThanProvidedOne: caseModDateIncompatible" classname="com.dotcms.contenttype.business.FieldAPITest" time="0.069"/>
  <testcase name="test_SaveField_GivenTypeName_GeneratedVariableIsDifferentThanProvidedOne: caseTitleIncompatible" classname="com.dotcms.contenttype.business.FieldAPITest" time="0.069"/>
  <testcase name="test_SaveField_GivenTypeName_GeneratedVariableIsDifferentThanProvidedOne: caseTitleImageIncompatible" classname="com.dotcms.contenttype.business.FieldAPITest" time="0.07"/>
  <testcase name="test_SaveField_GivenTypeName_GeneratedVariableIsDifferentThanProvidedOne: caseContentTypeIncompatible" classname="com.dotcms.contenttype.business.FieldAPITest" time="0.07"/>
  <testcase name="test_SaveField_GivenTypeName_GeneratedVariableIsDifferentThanProvidedOne: caseConLanguageIncompatible" classname="com.dotcms.contenttype.business.FieldAPITest" time="0.078"/>
  <testcase name="test_SaveField_GivenTypeName_GeneratedVariableIsDifferentThanProvidedOne: caseConLanguageParentIncompatible" classname="com.dotcms.contenttype.business.FieldAPITest" time="0.383"/>
  <testcase name="test_SaveField_GivenTypeName_GeneratedVariableIsDifferentThanProvidedOne: caseBaseTypeIncompatible" classname="com.dotcms.contenttype.business.FieldAPITest" time="0.065"/>
  <testcase name="test_SaveField_GivenTypeName_GeneratedVariableIsDifferentThanProvidedOne: caseLiveIncompatible" classname="com.dotcms.contenttype.business.FieldAPITest" time="0.066"/>
  <testcase name="test_SaveField_GivenTypeName_GeneratedVariableIsDifferentThanProvidedOne: caseIdentifierIncompatible" classname="com.dotcms.contenttype.business.FieldAPITest" time="0.083"/>
  <testcase name="test_SaveField_GivenTypeName_GeneratedVariableIsDifferentThanProvidedOne: caseInodeIncompatible" classname="com.dotcms.contenttype.business.FieldAPITest" time="0.075"/>
  <testcase name="test_SaveField_GivenTypeName_GeneratedVariableIsDifferentThanProvidedOne: caseHostIncompatible" classname="com.dotcms.contenttype.business.FieldAPITest" time="0.07"/>
  <testcase name="test_SaveField_GivenTypeName_GeneratedVariableIsDifferentThanProvidedOne: caseHostParentIncompatible" classname="com.dotcms.contenttype.business.FieldAPITest" time="0.382"/>
  <testcase name="test_SaveField_GivenTypeName_GeneratedVariableIsDifferentThanProvidedOne: caseFolderIncompatible" classname="com.dotcms.contenttype.business.FieldAPITest" time="0.068"/>
  <testcase name="test_SaveField_GivenTypeName_GeneratedVariableIsDifferentThanProvidedOne: caseFolder_ParentIncompatible" classname="com.dotcms.contenttype.business.FieldAPITest" time="0.379"/>
  <testcase name="test_SaveField_GivenTypeName_GeneratedVariableIsDifferentThanProvidedOne: caseUrlMapIncompatible" classname="com.dotcms.contenttype.business.FieldAPITest" time="0.067"/>
  <testcase name="test_SaveField_GivenTypeName_GeneratedVariableIsDifferentThanProvidedOne: caseOwnerIncompatible" classname="com.dotcms.contenttype.business.FieldAPITest" time="0.068"/>
  <testcase name="test_SaveField_GivenTypeName_GeneratedVariableIsDifferentThanProvidedOne: caseOwner_ParentIncompatible" classname="com.dotcms.contenttype.business.FieldAPITest" time="0.353"/>
  <testcase name="test_SaveField_GivenTypeName_GeneratedVariableIsDifferentThanProvidedOne: caseModUserIncompatible" classname="com.dotcms.contenttype.business.FieldAPITest" time="0.07"/>
  <testcase name="test_SaveField_GivenTypeName_GeneratedVariableIsDifferentThanProvidedOne: caseModUser_ParentIncompatible" classname="com.dotcms.contenttype.business.FieldAPITest" time="0.394"/>
  <testcase name="testUpdateOneSidedRelationshipField_shouldSucceed" classname="com.dotcms.contenttype.business.FieldAPITest" time="0.474"/>
  <testcase name="testSaveOneSidedRelationshipField_returns_newRelationshipObject" classname="com.dotcms.contenttype.business.FieldAPITest" time="0.439"/>
  <system-out><![CDATA[]]></system-out>
  <system-err><![CDATA[]]></system-err>
</testsuite>
