<?xml version="1.0" encoding="UTF-8"?>
<testsuite name="com.dotmarketing.startup.runonce.Task220824CreateDefaultVariantTest" tests="3" skipped="0" failures="0" errors="0" timestamp="2023-07-07T16:43:34" hostname="fv-az795-156" time="0.032">
  <properties/>
  <testcase name="runningTU" classname="com.dotmarketing.startup.runonce.Task220824CreateDefaultVariantTest" time="0.022"/>
  <testcase name="forceRun" classname="com.dotmarketing.startup.runonce.Task220824CreateDefaultVariantTest" time="0.008"/>
  <testcase name="runningTwice" classname="com.dotmarketing.startup.runonce.Task220824CreateDefaultVariantTest" time="0.002"/>
  <system-out><![CDATA[]]></system-out>
  <system-err><![CDATA[]]></system-err>
</testsuite>
