<?xml version="1.0" encoding="UTF-8"?>
<testsuite name="com.dotcms.visitor.filter.characteristics.VisitorCharacterTest" tests="7" skipped="0" failures="0" errors="0" timestamp="2023-07-19T20:53:36" hostname="fv-az561-507" time="0.088">
  <properties/>
  <testcase name="testConstructor[0: com.dotcms.visitor.filter.characteristics.VisitorCharacterTest$TestCase@68629575]" classname="com.dotcms.visitor.filter.characteristics.VisitorCharacterTest" time="0.036"/>
  <testcase name="testConstructor[1: com.dotcms.visitor.filter.characteristics.VisitorCharacterTest$TestCase@27df237d]" classname="com.dotcms.visitor.filter.characteristics.VisitorCharacterTest" time="0.009"/>
  <testcase name="testConstructor[2: com.dotcms.visitor.filter.characteristics.VisitorCharacterTest$TestCase@116302fb]" classname="com.dotcms.visitor.filter.characteristics.VisitorCharacterTest" time="0.007"/>
  <testcase name="testConstructor[3: com.dotcms.visitor.filter.characteristics.VisitorCharacterTest$TestCase@145cc643]" classname="com.dotcms.visitor.filter.characteristics.VisitorCharacterTest" time="0.01"/>
  <testcase name="testConstructor[4: com.dotcms.visitor.filter.characteristics.VisitorCharacterTest$TestCase@68e92080]" classname="com.dotcms.visitor.filter.characteristics.VisitorCharacterTest" time="0.007"/>
  <testcase name="testConstructor[5: com.dotcms.visitor.filter.characteristics.VisitorCharacterTest$TestCase@36f3322b]" classname="com.dotcms.visitor.filter.characteristics.VisitorCharacterTest" time="0.006"/>
  <testcase name="testConstructor[6: com.dotcms.visitor.filter.characteristics.VisitorCharacterTest$TestCase@3f8e9ad4]" classname="com.dotcms.visitor.filter.characteristics.VisitorCharacterTest" time="0.013"/>
  <system-out><![CDATA[]]></system-out>
  <system-err><![CDATA[]]></system-err>
</testsuite>
