<?xml version="1.0" encoding="UTF-8"?>
<testsuite name="com.dotmarketing.startup.runonce.Task05225RemoveLoadRecordsToIndexTest" tests="2" skipped="0" failures="0" errors="0" timestamp="2023-07-08T05:41:12" hostname="fv-az436-467" time="0.017">
  <properties/>
  <testcase name="testUpgradeTaskWhenProcedureExistsShouldPass" classname="com.dotmarketing.startup.runonce.Task05225RemoveLoadRecordsToIndexTest" time="0.013"/>
  <testcase name="testUpgradeTaskWhenProcedureDoesNotExistShouldPass" classname="com.dotmarketing.startup.runonce.Task05225RemoveLoadRecordsToIndexTest" time="0.004"/>
  <system-out><![CDATA[]]></system-out>
  <system-err><![CDATA[]]></system-err>
</testsuite>
