<?xml version="1.0" encoding="UTF-8"?>
<testsuite name="com.dotcms.rest.api.v1.vtl.VTLResourceIntegrationTest" tests="6" skipped="0" failures="0" errors="0" timestamp="2023-07-17T22:18:52" hostname="fv-az407-374" time="12.432">
  <properties/>
  <testcase name="testGet[0: com.dotcms.rest.api.v1.vtl.VTLResourceTestCase@37aba83e]" classname="com.dotcms.rest.api.v1.vtl.VTLResourceIntegrationTest" time="2.582"/>
  <testcase name="testGet[1: com.dotcms.rest.api.v1.vtl.VTLResourceTestCase@6572109b]" classname="com.dotcms.rest.api.v1.vtl.VTLResourceIntegrationTest" time="1.795"/>
  <testcase name="testGet[2: com.dotcms.rest.api.v1.vtl.VTLResourceTestCase@d5d9d57]" classname="com.dotcms.rest.api.v1.vtl.VTLResourceIntegrationTest" time="2.035"/>
  <testcase name="testGet[3: com.dotcms.rest.api.v1.vtl.VTLResourceTestCase@3be3b11b]" classname="com.dotcms.rest.api.v1.vtl.VTLResourceIntegrationTest" time="2.234"/>
  <testcase name="testGet[4: com.dotcms.rest.api.v1.vtl.VTLResourceTestCase@51e30401]" classname="com.dotcms.rest.api.v1.vtl.VTLResourceIntegrationTest" time="1.765"/>
  <testcase name="testGet[5: com.dotcms.rest.api.v1.vtl.VTLResourceTestCase@24e0206e]" classname="com.dotcms.rest.api.v1.vtl.VTLResourceIntegrationTest" time="2.021"/>
  <system-out><![CDATA[]]></system-out>
  <system-err><![CDATA[]]></system-err>
</testsuite>
