<?xml version="1.0" encoding="UTF-8"?>
<testsuite name="com.dotcms.rest.api.v1.vtl.VTLResourceIntegrationTest" tests="6" skipped="0" failures="0" errors="0" timestamp="2023-06-28T16:34:39" hostname="fv-az361-558" time="11.12">
  <properties/>
  <testcase name="testGet[0: com.dotcms.rest.api.v1.vtl.VTLResourceTestCase@776966d0]" classname="com.dotcms.rest.api.v1.vtl.VTLResourceIntegrationTest" time="1.218"/>
  <testcase name="testGet[1: com.dotcms.rest.api.v1.vtl.VTLResourceTestCase@1caf6b51]" classname="com.dotcms.rest.api.v1.vtl.VTLResourceIntegrationTest" time="1.973"/>
  <testcase name="testGet[2: com.dotcms.rest.api.v1.vtl.VTLResourceTestCase@4d02caa4]" classname="com.dotcms.rest.api.v1.vtl.VTLResourceIntegrationTest" time="1.93"/>
  <testcase name="testGet[3: com.dotcms.rest.api.v1.vtl.VTLResourceTestCase@4c4cc263]" classname="com.dotcms.rest.api.v1.vtl.VTLResourceIntegrationTest" time="2.028"/>
  <testcase name="testGet[4: com.dotcms.rest.api.v1.vtl.VTLResourceTestCase@70af62dc]" classname="com.dotcms.rest.api.v1.vtl.VTLResourceIntegrationTest" time="2.009"/>
  <testcase name="testGet[5: com.dotcms.rest.api.v1.vtl.VTLResourceTestCase@17bd7a7b]" classname="com.dotcms.rest.api.v1.vtl.VTLResourceIntegrationTest" time="1.962"/>
  <system-out><![CDATA[]]></system-out>
  <system-err><![CDATA[]]></system-err>
</testsuite>
