<?xml version="1.0" encoding="UTF-8"?>
<testsuite name="com.dotcms.publishing.PublisherAPIImplTest" tests="24" skipped="0" failures="0" errors="0" timestamp="2023-07-19T19:26:46" hostname="fv-az407-374" time="4.17">
  <properties/>
  <testcase name="AddAllCategoryIntoBundle" classname="com.dotcms.publishing.PublisherAPIImplTest" time="0.155"/>
  <testcase name="testFilterDescriptors" classname="com.dotcms.publishing.PublisherAPIImplTest" time="0.097"/>
  <testcase name="sendPushPublishBundle[0: com.dotcms.publishing.PublisherAPIImplTest$TestAsset@63b9ccfc]" classname="com.dotcms.publishing.PublisherAPIImplTest" time="1.16"/>
  <testcase name="sendPushPublishBundle[1: com.dotcms.publishing.PublisherAPIImplTest$TestAsset@3fc6064e]" classname="com.dotcms.publishing.PublisherAPIImplTest" time="0.246"/>
  <testcase name="sendPushPublishBundle[2: com.dotcms.publishing.PublisherAPIImplTest$TestAsset@4e420e81]" classname="com.dotcms.publishing.PublisherAPIImplTest" time="0.176"/>
  <testcase name="sendPushPublishBundle[3: com.dotcms.publishing.PublisherAPIImplTest$TestAsset@55f04a2f]" classname="com.dotcms.publishing.PublisherAPIImplTest" time="0.355"/>
  <testcase name="sendPushPublishBundle[4: com.dotcms.publishing.PublisherAPIImplTest$TestAsset@7803a241]" classname="com.dotcms.publishing.PublisherAPIImplTest" time="0.267"/>
  <testcase name="sendPushPublishBundle[5: com.dotcms.publishing.PublisherAPIImplTest$TestAsset@77783f79]" classname="com.dotcms.publishing.PublisherAPIImplTest" time="0.163"/>
  <testcase name="sendPushPublishBundle[6: com.dotcms.publishing.PublisherAPIImplTest$TestAsset@29100111]" classname="com.dotcms.publishing.PublisherAPIImplTest" time="0.154"/>
  <testcase name="sendPushPublishBundle[7: com.dotcms.publishing.PublisherAPIImplTest$TestAsset@7ee6972e]" classname="com.dotcms.publishing.PublisherAPIImplTest" time="0.111"/>
  <testcase name="sendPushPublishBundle[8: com.dotcms.publishing.PublisherAPIImplTest$TestAsset@1b122319]" classname="com.dotcms.publishing.PublisherAPIImplTest" time="0.09"/>
  <testcase name="sendPushPublishBundle[9: com.dotcms.publishing.PublisherAPIImplTest$TestAsset@2d2744f5]" classname="com.dotcms.publishing.PublisherAPIImplTest" time="0.142"/>
  <testcase name="sendPushPublishBundle[10: com.dotcms.publishing.PublisherAPIImplTest$TestAsset@496d0c9]" classname="com.dotcms.publishing.PublisherAPIImplTest" time="0.069"/>
  <testcase name="generateBundle[0: com.dotcms.publishing.PublisherAPIImplTest$TestAsset@63b9ccfc]" classname="com.dotcms.publishing.PublisherAPIImplTest" time="0.113"/>
  <testcase name="generateBundle[1: com.dotcms.publishing.PublisherAPIImplTest$TestAsset@3fc6064e]" classname="com.dotcms.publishing.PublisherAPIImplTest" time="0.094"/>
  <testcase name="generateBundle[2: com.dotcms.publishing.PublisherAPIImplTest$TestAsset@4e420e81]" classname="com.dotcms.publishing.PublisherAPIImplTest" time="0.091"/>
  <testcase name="generateBundle[3: com.dotcms.publishing.PublisherAPIImplTest$TestAsset@55f04a2f]" classname="com.dotcms.publishing.PublisherAPIImplTest" time="0.161"/>
  <testcase name="generateBundle[4: com.dotcms.publishing.PublisherAPIImplTest$TestAsset@7803a241]" classname="com.dotcms.publishing.PublisherAPIImplTest" time="0.153"/>
  <testcase name="generateBundle[5: com.dotcms.publishing.PublisherAPIImplTest$TestAsset@77783f79]" classname="com.dotcms.publishing.PublisherAPIImplTest" time="0.085"/>
  <testcase name="generateBundle[6: com.dotcms.publishing.PublisherAPIImplTest$TestAsset@29100111]" classname="com.dotcms.publishing.PublisherAPIImplTest" time="0.086"/>
  <testcase name="generateBundle[7: com.dotcms.publishing.PublisherAPIImplTest$TestAsset@7ee6972e]" classname="com.dotcms.publishing.PublisherAPIImplTest" time="0.068"/>
  <testcase name="generateBundle[8: com.dotcms.publishing.PublisherAPIImplTest$TestAsset@1b122319]" classname="com.dotcms.publishing.PublisherAPIImplTest" time="0.039"/>
  <testcase name="generateBundle[9: com.dotcms.publishing.PublisherAPIImplTest$TestAsset@2d2744f5]" classname="com.dotcms.publishing.PublisherAPIImplTest" time="0.073"/>
  <testcase name="generateBundle[10: com.dotcms.publishing.PublisherAPIImplTest$TestAsset@496d0c9]" classname="com.dotcms.publishing.PublisherAPIImplTest" time="0.014"/>
  <system-out><![CDATA[









































































































































































]]></system-out>
  <system-err><![CDATA[]]></system-err>
</testsuite>
