<?xml version="1.0" encoding="UTF-8"?>
<testsuite name="com.dotcms.storage.repository.HashedLocalFileRepositoryManagerTest" tests="2" skipped="0" failures="0" errors="0" timestamp="2023-07-05T17:09:43" hostname="fv-az951-870" time="0.011">
  <properties/>
  <testcase name="test_normalizeFileInSubDirectoryAndFile" classname="com.dotcms.storage.repository.HashedLocalFileRepositoryManagerTest" time="0.006"/>
  <testcase name="test_GetOrCreate_and_Exits_" classname="com.dotcms.storage.repository.HashedLocalFileRepositoryManagerTest" time="0.005"/>
  <system-out><![CDATA[]]></system-out>
  <system-err><![CDATA[]]></system-err>
</testsuite>
