<?xml version="1.0" encoding="UTF-8"?>
<testsuite name="com.dotcms.rest.BundlePublisherResourceIntegrationTest" tests="1" skipped="0" failures="0" errors="0" timestamp="2023-07-14T18:54:26" hostname="fv-az1236-699" time="0.003">
  <properties/>
  <testcase name="publishShouldReturnLicenseException" classname="com.dotcms.rest.BundlePublisherResourceIntegrationTest" time="0.003"/>
  <system-out><![CDATA[]]></system-out>
  <system-err><![CDATA[]]></system-err>
</testsuite>
