<?xml version="1.0" encoding="UTF-8"?>
<testsuite name="com.dotcms.rest.elasticsearch.ESContentResourcePortletTest" tests="8" skipped="0" failures="0" errors="0" timestamp="2023-07-14T22:43:35" hostname="fv-az613-925" time="7.723">
  <properties/>
  <testcase name="test_search_includeGrandChildCategory_success" classname="com.dotcms.rest.elasticsearch.ESContentResourcePortletTest" time="1.369"/>
  <testcase name="testSearch[0: com.dotcms.rest.elasticsearch.ESContentResourcePortletTest$TestCase@19e0d457]" classname="com.dotcms.rest.elasticsearch.ESContentResourcePortletTest" time="0.89"/>
  <testcase name="testSearch[1: com.dotcms.rest.elasticsearch.ESContentResourcePortletTest$TestCase@3ee351ba]" classname="com.dotcms.rest.elasticsearch.ESContentResourcePortletTest" time="1.256"/>
  <testcase name="testSearch[2: com.dotcms.rest.elasticsearch.ESContentResourcePortletTest$TestCase@2f2c991e]" classname="com.dotcms.rest.elasticsearch.ESContentResourcePortletTest" time="0.914"/>
  <testcase name="testSearch[3: com.dotcms.rest.elasticsearch.ESContentResourcePortletTest$TestCase@3c119969]" classname="com.dotcms.rest.elasticsearch.ESContentResourcePortletTest" time="0.242"/>
  <testcase name="testSearch[4: com.dotcms.rest.elasticsearch.ESContentResourcePortletTest$TestCase@23cca0d0]" classname="com.dotcms.rest.elasticsearch.ESContentResourcePortletTest" time="1.304"/>
  <testcase name="testSearch[5: com.dotcms.rest.elasticsearch.ESContentResourcePortletTest$TestCase@7064b92]" classname="com.dotcms.rest.elasticsearch.ESContentResourcePortletTest" time="0.875"/>
  <testcase name="testSearch[6: com.dotcms.rest.elasticsearch.ESContentResourcePortletTest$TestCase@4ca9d605]" classname="com.dotcms.rest.elasticsearch.ESContentResourcePortletTest" time="0.871"/>
  <system-out><![CDATA[]]></system-out>
  <system-err><![CDATA[]]></system-err>
</testsuite>
