<?xml version="1.0" encoding="UTF-8"?>
<testsuite name="com.dotmarketing.servlets.ajax.AjaxDirectorServletIntegrationTest" tests="2" skipped="0" failures="0" errors="0" timestamp="2023-06-26T19:42:44" hostname="fv-az404-370" time="0.821">
  <properties/>
  <testcase name="testService[0: com.dotmarketing.servlets.ajax.AjaxDirectorServletTestCase@133e31b7]" classname="com.dotmarketing.servlets.ajax.AjaxDirectorServletIntegrationTest" time="0.538"/>
  <testcase name="testService[1: com.dotmarketing.servlets.ajax.AjaxDirectorServletTestCase@484c640a]" classname="com.dotmarketing.servlets.ajax.AjaxDirectorServletIntegrationTest" time="0.283"/>
  <system-out><![CDATA[]]></system-out>
  <system-err><![CDATA[]]></system-err>
</testsuite>
