<?xml version="1.0" encoding="UTF-8"?>
<testsuite name="com.dotcms.auth.providers.jwt.services.JsonWebTokenServiceIntegrationTest" tests="3" skipped="0" failures="0" errors="0" timestamp="2023-07-19T23:00:00" hostname="fv-az713-951" time="0.005">
  <properties/>
  <testcase name="generateTokenTest" classname="com.dotcms.auth.providers.jwt.services.JsonWebTokenServiceIntegrationTest" time="0.003"/>
  <testcase name="generateToken_incorrect_issuer" classname="com.dotcms.auth.providers.jwt.services.JsonWebTokenServiceIntegrationTest" time="0.001"/>
  <testcase name="generateToken_expired_token_Test" classname="com.dotcms.auth.providers.jwt.services.JsonWebTokenServiceIntegrationTest" time="0.001"/>
  <system-out><![CDATA[


]]></system-out>
  <system-err><![CDATA[]]></system-err>
</testsuite>
