<?xml version="1.0" encoding="UTF-8"?>
<testsuite name="com.dotcms.uuid.shorty.ShortyIdApiTest" tests="11" skipped="0" failures="0" errors="0" timestamp="2023-06-29T17:38:36" hostname="fv-az571-416" time="30.938">
  <properties/>
  <testcase name="test404Cache" classname="com.dotcms.uuid.shorty.ShortyIdApiTest" time="2.361"/>
  <testcase name="test404CacheWhenDBDown" classname="com.dotcms.uuid.shorty.ShortyIdApiTest" time="11.037"/>
  <testcase name="testShortyLookup" classname="com.dotcms.uuid.shorty.ShortyIdApiTest" time="2.293"/>
  <testcase name="testUuidIfy" classname="com.dotcms.uuid.shorty.ShortyIdApiTest" time="2.131"/>
  <testcase name="testLongerShorties" classname="com.dotcms.uuid.shorty.ShortyIdApiTest" time="1.089"/>
  <testcase name="testShortify" classname="com.dotcms.uuid.shorty.ShortyIdApiTest" time="2.15"/>
  <testcase name="testContentlet404CacheInvalidation" classname="com.dotcms.uuid.shorty.ShortyIdApiTest" time="2.171"/>
  <testcase name="testTempShorties" classname="com.dotcms.uuid.shorty.ShortyIdApiTest" time="2.186"/>
  <testcase name="testShortyCache" classname="com.dotcms.uuid.shorty.ShortyIdApiTest" time="1.26"/>
  <testcase name="testValidShorty" classname="com.dotcms.uuid.shorty.ShortyIdApiTest" time="2.188"/>
  <testcase name="testIdentifier404CacheInvalidation" classname="com.dotcms.uuid.shorty.ShortyIdApiTest" time="2.072"/>
  <system-out><![CDATA[











































































































































































































































































































]]></system-out>
  <system-err><![CDATA[]]></system-err>
</testsuite>
