<?xml version="1.0" encoding="UTF-8"?>
<testsuite name="com.dotcms.rest.api.v1.authentication.CreateJsonWebTokenResourceIntegrationTest" tests="1" skipped="0" failures="0" errors="0" timestamp="2023-06-23T17:41:54" hostname="fv-az450-696" time="0.048">
  <properties/>
  <testcase name="testGetApiToken" classname="com.dotcms.rest.api.v1.authentication.CreateJsonWebTokenResourceIntegrationTest" time="0.048"/>
  <system-out><![CDATA[
]]></system-out>
  <system-err><![CDATA[]]></system-err>
</testsuite>
