<?xml version="1.0" encoding="UTF-8"?>
<testsuite name="com.dotcms.publisher.endpoint.bean.PublishingEndPointTest" tests="4" skipped="0" failures="0" errors="0" timestamp="2023-06-29T17:48:40" hostname="fv-az572-127" time="1.227">
  <properties/>
  <testcase name="validatePublishingEndPoint_whenStaticPublishWithWritePermission_returnOK" classname="com.dotcms.publisher.endpoint.bean.PublishingEndPointTest" time="0.006"/>
  <testcase name="validatePublishingEndPoint_whenAWSS3PublishWithoutValidCredentials_returnException" classname="com.dotcms.publisher.endpoint.bean.PublishingEndPointTest" time="1.206"/>
  <testcase name="validatePublishingEndPoint_whenAWSS3PublishWithoutBucketID_returnException" classname="com.dotcms.publisher.endpoint.bean.PublishingEndPointTest" time="0.005"/>
  <testcase name="validatePublishingEndPoint_whenAWSS3PublishWithoutProperties_returnException" classname="com.dotcms.publisher.endpoint.bean.PublishingEndPointTest" time="0.01"/>
  <system-out><![CDATA[]]></system-out>
  <system-err><![CDATA[]]></system-err>
</testsuite>
