<?xml version="1.0" encoding="UTF-8"?>
<testsuite name="com.dotcms.rendering.velocity.viewtools.ContainerWebAPIIntegrationTest" tests="11" skipped="0" failures="0" errors="0" timestamp="2023-06-27T20:24:47" hostname="fv-az166-290" time="18.361">
  <properties/>
  <testcase name="testDoesUserHasPermissionToAddForm_GivenUserWithPermission_ShouldReturnTrue" classname="com.dotcms.rendering.velocity.viewtools.ContainerWebAPIIntegrationTest" time="1.733"/>
  <testcase name="testGetBaseContentTypeUserHasPermissionToAdd_GivenUserWithWidgetPermission_ShouldReturnWidgetString" classname="com.dotcms.rendering.velocity.viewtools.ContainerWebAPIIntegrationTest" time="1.764"/>
  <testcase name="testDoesUserHasPermissionToAddForm_GivenUserWithoutPermission_ShouldReturnFalse" classname="com.dotcms.rendering.velocity.viewtools.ContainerWebAPIIntegrationTest" time="0.718"/>
  <testcase name="testGetBaseContentTypeUserHasPermissionToAdd_GivenUserWithWidgetFormPermission_ShouldReturnWidgetFormString" classname="com.dotcms.rendering.velocity.viewtools.ContainerWebAPIIntegrationTest" time="1.77"/>
  <testcase name="testGetBaseContentTypeUserHasPermissionToAdd_GivenUserWithFormPermission_ShouldReturnFormString" classname="com.dotcms.rendering.velocity.viewtools.ContainerWebAPIIntegrationTest" time="1.726"/>
  <testcase name="whenPageUseAdvanceTemplate" classname="com.dotcms.rendering.velocity.viewtools.ContainerWebAPIIntegrationTest" time="2.628"/>
  <testcase name="testGetBaseContentTypeUserHasPermissionToAdd_GivenUserWithWidgetFormContentPermission_ShouldReturnWidgetFormContentString" classname="com.dotcms.rendering.velocity.viewtools.ContainerWebAPIIntegrationTest" time="1.736"/>
  <testcase name="testDoesUserHasPermissionToAddWidget_GivenUserWithoutPermission_ShouldReturnFalse" classname="com.dotcms.rendering.velocity.viewtools.ContainerWebAPIIntegrationTest" time="0.707"/>
  <testcase name="testDoesUserHasPermissionToAddWidget_GivenUserWithPermission_ShouldReturnTrue" classname="com.dotcms.rendering.velocity.viewtools.ContainerWebAPIIntegrationTest" time="1.73"/>
  <testcase name="whenPageUseNotAdvanceTemplate" classname="com.dotcms.rendering.velocity.viewtools.ContainerWebAPIIntegrationTest" time="3.137"/>
  <testcase name="testGetBaseContentTypeUserHasPermissionToAdd_GivenUserWithoutPermission_ShouldReturnEmptyString" classname="com.dotcms.rendering.velocity.viewtools.ContainerWebAPIIntegrationTest" time="0.709"/>
  <system-out><![CDATA[]]></system-out>
  <system-err><![CDATA[]]></system-err>
</testsuite>
