<?xml version="1.0" encoding="UTF-8"?>
<testsuite name="com.dotmarketing.servlets.ajax.AjaxDirectorServletIntegrationTest" tests="2" skipped="0" failures="0" errors="0" timestamp="2023-07-18T20:55:42" hostname="fv-az887-517" time="1.51">
  <properties/>
  <testcase name="testService[0: com.dotmarketing.servlets.ajax.AjaxDirectorServletTestCase@4a0c8001]" classname="com.dotmarketing.servlets.ajax.AjaxDirectorServletIntegrationTest" time="0.844"/>
  <testcase name="testService[1: com.dotmarketing.servlets.ajax.AjaxDirectorServletTestCase@558fe612]" classname="com.dotmarketing.servlets.ajax.AjaxDirectorServletIntegrationTest" time="0.666"/>
  <system-out><![CDATA[]]></system-out>
  <system-err><![CDATA[]]></system-err>
</testsuite>
