<?xml version="1.0" encoding="UTF-8"?>
<testsuite name="com.dotmarketing.startup.runonce.Task220606UpdatePushNowActionletNameTest" tests="1" skipped="0" failures="0" errors="0" timestamp="2023-06-30T19:00:41" hostname="fv-az247-376" time="0.003">
  <properties/>
  <testcase name="Test_Execute_Upgrade" classname="com.dotmarketing.startup.runonce.Task220606UpdatePushNowActionletNameTest" time="0.003"/>
  <system-out><![CDATA[]]></system-out>
  <system-err><![CDATA[]]></system-err>
</testsuite>
