<?xml version="1.0" encoding="UTF-8"?>
<testsuite name="com.dotmarketing.servlets.ajax.AjaxDirectorServletIntegrationTest" tests="2" skipped="0" failures="0" errors="0" timestamp="2023-06-28T19:52:13" hostname="fv-az851-777" time="1.916">
  <properties/>
  <testcase name="testService[0: com.dotmarketing.servlets.ajax.AjaxDirectorServletTestCase@7a45486]" classname="com.dotmarketing.servlets.ajax.AjaxDirectorServletIntegrationTest" time="1.088"/>
  <testcase name="testService[1: com.dotmarketing.servlets.ajax.AjaxDirectorServletTestCase@397f9f9f]" classname="com.dotmarketing.servlets.ajax.AjaxDirectorServletIntegrationTest" time="0.828"/>
  <system-out><![CDATA[]]></system-out>
  <system-err><![CDATA[]]></system-err>
</testsuite>
