<?xml version="1.0" encoding="UTF-8"?>
<testsuite name="com.dotmarketing.portlets.folders.business.FolderFactoryImplTest" tests="3" skipped="0" failures="0" errors="0" timestamp="2023-07-05T17:34:37" hostname="fv-az313-710" time="1.055">
  <properties/>
  <testcase name="testFindFolderByPathUsingRootFolder" classname="com.dotmarketing.portlets.folders.business.FolderFactoryImplTest" time="0.001"/>
  <testcase name="testFindFolderByPathUsingSystemFolderParentPath" classname="com.dotmarketing.portlets.folders.business.FolderFactoryImplTest" time="0.001"/>
  <testcase name="testFindFolderByPathUsingNonRootFolder" classname="com.dotmarketing.portlets.folders.business.FolderFactoryImplTest" time="1.053"/>
  <system-out><![CDATA[]]></system-out>
  <system-err><![CDATA[]]></system-err>
</testsuite>
