<?xml version="1.0" encoding="UTF-8"?>
<testsuite name="com.dotmarketing.servlets.ajax.AjaxDirectorServletIntegrationTest" tests="2" skipped="0" failures="0" errors="0" timestamp="2023-06-23T19:18:57" hostname="fv-az507-453" time="1.649">
  <properties/>
  <testcase name="testService[0: com.dotmarketing.servlets.ajax.AjaxDirectorServletTestCase@b6a45d6]" classname="com.dotmarketing.servlets.ajax.AjaxDirectorServletIntegrationTest" time="1.004"/>
  <testcase name="testService[1: com.dotmarketing.servlets.ajax.AjaxDirectorServletTestCase@2c0e7898]" classname="com.dotmarketing.servlets.ajax.AjaxDirectorServletIntegrationTest" time="0.645"/>
  <system-out><![CDATA[]]></system-out>
  <system-err><![CDATA[]]></system-err>
</testsuite>
