<?xml version="1.0" encoding="UTF-8"?>
<testsuite name="com.dotcms.mail.MailAPIImplTest" tests="3" skipped="0" failures="0" errors="0" timestamp="2023-06-30T20:14:58" hostname="fv-az360-832" time="0.01">
  <properties/>
  <testcase name="test_building_authenticator" classname="com.dotcms.mail.MailAPIImplTest" time="0.007"/>
  <testcase name="test_mail_config_properties" classname="com.dotcms.mail.MailAPIImplTest" time="0.001"/>
  <testcase name="test_loadMailSessionFromContext" classname="com.dotcms.mail.MailAPIImplTest" time="0.001"/>
  <system-out><![CDATA[]]></system-out>
  <system-err><![CDATA[]]></system-err>
</testsuite>
