<?xml version="1.0" encoding="UTF-8"?>
<testsuite name="com.dotmarketing.beans.HostTest" tests="2" skipped="0" failures="0" errors="0" timestamp="2023-07-11T01:59:01" hostname="fv-az336-51" time="0.001">
  <properties/>
  <testcase name="isDefaultReturnsProperValueWhenSet" classname="com.dotmarketing.beans.HostTest" time="0.001"/>
  <testcase name="isDefaultReturnsFalseWhenNotSet" classname="com.dotmarketing.beans.HostTest" time="0.0"/>
  <system-out><![CDATA[]]></system-out>
  <system-err><![CDATA[]]></system-err>
</testsuite>
