<?xml version="1.0" encoding="UTF-8"?>
<testsuite name="com.dotmarketing.portlets.structure.model.ContentletRelationshipsTest" tests="7" skipped="0" failures="0" errors="0" timestamp="2023-07-05T16:40:11" hostname="fv-az951-870" time="8.526">
  <properties/>
  <testcase name="testDoesAllowOnlyOne[0: com.dotmarketing.portlets.structure.model.ContentletRelationshipsTest$CardinalityTestCase@4c2a7469]" classname="com.dotmarketing.portlets.structure.model.ContentletRelationshipsTest" time="0.458"/>
  <testcase name="testDoesAllowOnlyOne[1: com.dotmarketing.portlets.structure.model.ContentletRelationshipsTest$CardinalityTestCase@397549ce]" classname="com.dotmarketing.portlets.structure.model.ContentletRelationshipsTest" time="0.394"/>
  <testcase name="testDoesAllowOnlyOne[2: com.dotmarketing.portlets.structure.model.ContentletRelationshipsTest$CardinalityTestCase@67281e0e]" classname="com.dotmarketing.portlets.structure.model.ContentletRelationshipsTest" time="0.428"/>
  <testcase name="testGetRelationshipRecords[0: com.dotmarketing.portlets.structure.model.ContentletRelationshipsTest$TestCase@386eed85]" classname="com.dotmarketing.portlets.structure.model.ContentletRelationshipsTest" time="1.871"/>
  <testcase name="testGetRelationshipRecords[1: com.dotmarketing.portlets.structure.model.ContentletRelationshipsTest$TestCase@27784fdd]" classname="com.dotmarketing.portlets.structure.model.ContentletRelationshipsTest" time="1.873"/>
  <testcase name="testGetRelationshipRecords[2: com.dotmarketing.portlets.structure.model.ContentletRelationshipsTest$TestCase@34d049c5]" classname="com.dotmarketing.portlets.structure.model.ContentletRelationshipsTest" time="1.752"/>
  <testcase name="testGetRelationshipRecords[3: com.dotmarketing.portlets.structure.model.ContentletRelationshipsTest$TestCase@13afe93f]" classname="com.dotmarketing.portlets.structure.model.ContentletRelationshipsTest" time="1.748"/>
  <system-out><![CDATA[]]></system-out>
  <system-err><![CDATA[]]></system-err>
</testsuite>
