<?xml version="1.0" encoding="UTF-8"?>
<testsuite name="com.dotcms.contenttype.model.field.layout.FieldUtilTest" tests="2" skipped="0" failures="0" errors="0" timestamp="2023-07-11T14:44:46" hostname="fv-az399-769" time="2.603">
  <properties/>
  <testcase name="testSetFieldInternationalizationWithAnonymousUser" classname="com.dotcms.contenttype.model.field.layout.FieldUtilTest" time="1.324"/>
  <testcase name="testSetFieldInternationalization" classname="com.dotcms.contenttype.model.field.layout.FieldUtilTest" time="1.279"/>
  <system-out><![CDATA[]]></system-out>
  <system-err><![CDATA[]]></system-err>
</testsuite>
