<?xml version="1.0" encoding="UTF-8"?>
<testsuite name="com.dotmarketing.portlets.contentlet.business.ContentletCheckInTest" tests="11" skipped="0" failures="0" errors="0" timestamp="2023-07-18T21:42:39" hostname="fv-az550-335" time="14.266">
  <properties/>
  <testcase name="test_checkinContentlet_RelationshipToItself_throwsDotContentletValidationException" classname="com.dotmarketing.portlets.contentlet.business.ContentletCheckInTest" time="0.826"/>
  <testcase name="test_checkinContentlet_RelationshipManyToManyCardinality_Success" classname="com.dotmarketing.portlets.contentlet.business.ContentletCheckInTest" time="1.85"/>
  <testcase name="test_checkinContentlet_relationshipOneToOneCardinality_fails_whenRelatedChildBelongsToAnotherRelationship" classname="com.dotmarketing.portlets.contentlet.business.ContentletCheckInTest" time="1.872"/>
  <testcase name="publish_content_anonymously" classname="com.dotmarketing.portlets.contentlet.business.ContentletCheckInTest" time="1.204"/>
  <testcase name="test_checkinContentlet_RelationshipOneToManyCardinality_Success" classname="com.dotmarketing.portlets.contentlet.business.ContentletCheckInTest" time="0.781"/>
  <testcase name="test_checkinContentlet_relationshipOneToOneCardinality_fails_whenRelatedParentBelongsToAnotherRelationship" classname="com.dotmarketing.portlets.contentlet.business.ContentletCheckInTest" time="1.848"/>
  <testcase name="test_checkinContentlet_RelationshipOneToManyCardinality_throwsDotContentletValidationException" classname="com.dotmarketing.portlets.contentlet.business.ContentletCheckInTest" time="2.044"/>
  <testcase name="test_checkinContentlet_RelationshipOneToOneCardinality_Success" classname="com.dotmarketing.portlets.contentlet.business.ContentletCheckInTest" time="0.556"/>
  <testcase name="test_checkinContentlet_relationshipOneToOneCardinality_fails_whenRelatingMoreThanOneContentlet" classname="com.dotmarketing.portlets.contentlet.business.ContentletCheckInTest" time="1.743"/>
  <testcase name="checkin_content_anonymously" classname="com.dotmarketing.portlets.contentlet.business.ContentletCheckInTest" time="0.061"/>
  <testcase name="checkinInvalidFileContent" classname="com.dotmarketing.portlets.contentlet.business.ContentletCheckInTest" time="1.479"/>
  <system-out><![CDATA[]]></system-out>
  <system-err><![CDATA[]]></system-err>
</testsuite>
