<?xml version="1.0" encoding="UTF-8"?>
<testsuite name="com.dotcms.rendering.velocity.viewtools.content.StoryBlockTest" tests="1" skipped="0" failures="0" errors="0" timestamp="2023-07-03T18:13:04" hostname="fv-az218-411" time="0.428">
  <properties/>
  <testcase name="testTransformingWysiwygIntoStoryBlock" classname="com.dotcms.rendering.velocity.viewtools.content.StoryBlockTest" time="0.428"/>
  <system-out><![CDATA[]]></system-out>
  <system-err><![CDATA[]]></system-err>
</testsuite>
