<?xml version="1.0" encoding="UTF-8"?>
<testsuite name="com.dotcms.rest.TagResourceIntegrationTest" tests="4" skipped="0" failures="0" errors="0" timestamp="2023-06-30T19:13:49" hostname="fv-az360-832" time="0.34">
  <properties/>
  <testcase name="testList[0: com.dotcms.rest.TagResourceTestCase@1aaf88a5]" classname="com.dotcms.rest.TagResourceIntegrationTest" time="0.253"/>
  <testcase name="testList[1: com.dotcms.rest.TagResourceTestCase@5e1243e9]" classname="com.dotcms.rest.TagResourceIntegrationTest" time="0.026"/>
  <testcase name="testList[2: com.dotcms.rest.TagResourceTestCase@79c0aaed]" classname="com.dotcms.rest.TagResourceIntegrationTest" time="0.036"/>
  <testcase name="testList[3: com.dotcms.rest.TagResourceTestCase@1d20fc04]" classname="com.dotcms.rest.TagResourceIntegrationTest" time="0.024"/>
  <system-out><![CDATA[]]></system-out>
  <system-err><![CDATA[Jun 30, 2023 7:13:49 PM com.dotcms.repackage.org.hibernate.validator.internal.util.Version <clinit>
INFO: HV000001: Hibernate Validator 4.3.2.Final
]]></system-err>
</testsuite>
