<?xml version="1.0" encoding="UTF-8"?>
<testsuite name="com.dotcms.rendering.velocity.services.VelocityResourceKeyTest" tests="4" skipped="0" failures="0" errors="0" timestamp="2023-07-18T18:06:33" hostname="fv-az803-421" time="0.06">
  <properties/>
  <testcase name="velocityResourceKey_constructor_db_container_test" classname="com.dotcms.rendering.velocity.services.VelocityResourceKeyTest" time="0.001"/>
  <testcase name="velocityResourceKey_constructor_fs_container_path_test" classname="com.dotcms.rendering.velocity.services.VelocityResourceKeyTest" time="0.057"/>
  <testcase name="velocityResourceKey_constructor_page_lang2_test" classname="com.dotcms.rendering.velocity.services.VelocityResourceKeyTest" time="0.001"/>
  <testcase name="velocityResourceKey_constructor_contentlet_lang2_test" classname="com.dotcms.rendering.velocity.services.VelocityResourceKeyTest" time="0.001"/>
  <system-out><![CDATA[]]></system-out>
  <system-err><![CDATA[]]></system-err>
</testsuite>
