<?xml version="1.0" encoding="UTF-8"?>
<testsuite name="com.dotmarketing.portlets.links.business.MenuLinkAPITest" tests="5" skipped="0" failures="0" errors="0" timestamp="2023-06-28T16:29:27" hostname="fv-az395-584" time="1.369">
  <properties/>
  <testcase name="testFind_InodeNotExists_ReturnNotFoundInDBException" classname="com.dotmarketing.portlets.links.business.MenuLinkAPITest" time="1.008"/>
  <testcase name="move" classname="com.dotmarketing.portlets.links.business.MenuLinkAPITest" time="0.294"/>
  <testcase name="save" classname="com.dotmarketing.portlets.links.business.MenuLinkAPITest" time="0.029"/>
  <testcase name="testFindLinks" classname="com.dotmarketing.portlets.links.business.MenuLinkAPITest" time="0.024"/>
  <testcase name="testFind_returnLink" classname="com.dotmarketing.portlets.links.business.MenuLinkAPITest" time="0.013"/>
  <system-out><![CDATA[]]></system-out>
  <system-err><![CDATA[]]></system-err>
</testsuite>
