<?xml version="1.0" encoding="UTF-8"?>
<testsuite name="com.dotmarketing.business.DeterministicIdentifierAPITest" tests="16" skipped="0" failures="0" errors="0" timestamp="2023-07-14T19:19:22" hostname="fv-az617-846" time="0.794">
  <properties/>
  <testcase name="Test_Category_Path_Seed_And_Id" classname="com.dotmarketing.business.DeterministicIdentifierAPITest" time="0.027"/>
  <testcase name="Test_Language_Deterministic_Id[0: LanguageTestCase{expectedSeed='Language:es:US', expectedHash=4913155, langCode='es', countryCode='US', country='United States'}]" classname="com.dotmarketing.business.DeterministicIdentifierAPITest" time="0.001"/>
  <testcase name="Test_Language_Deterministic_Id[1: LanguageTestCase{expectedSeed='Language:ep:', expectedHash=5292269, langCode='ep', countryCode='', country=''}]" classname="com.dotmarketing.business.DeterministicIdentifierAPITest" time="0.001"/>
  <testcase name="Test_Language_Deterministic_Id[2: LanguageTestCase{expectedSeed='Language:sg:SAG', expectedHash=4713118, langCode='sg', countryCode='SAG', country=''}]" classname="com.dotmarketing.business.DeterministicIdentifierAPITest" time="0.0"/>
  <testcase name="Test_Language_Deterministic_Id[3: LanguageTestCase{expectedSeed='Language:en:NZ', expectedHash=5382528, langCode='en', countryCode='NZ', country='New Zealand'}]" classname="com.dotmarketing.business.DeterministicIdentifierAPITest" time="0.001"/>
  <testcase name="Test_Category_None_Persisted_Category_Should_Return_Deterministic_Id" classname="com.dotmarketing.business.DeterministicIdentifierAPITest" time="0.001"/>
  <testcase name="Test_Asset_Generate_Deterministic_Id_Best_Effort[0: TestCase{versionable=my.host1689361981876.com, parent=System Host, expectedName='my.host1689361981876.com', expectedType='Host'}]" classname="com.dotmarketing.business.DeterministicIdentifierAPITest" time="0.003"/>
  <testcase name="Test_Asset_Generate_Deterministic_Id_Best_Effort[1: TestCase{versionable=com.dotmarketing.portlets.contentlet.model.Contentlet@5b3c8eed[map={modDate=2023-07-14 19:13:02.628, fileName=file9526473202751042109.txt, title=file9526473202751042109.txt, inode=19cb1db0-9be1-4ba3-8ac4-166e4bf20a43, __IS_NEW_CONTENT__=true, disabledWYSIWYG=[], host=7d5da1f2-a658-42f1-ae35-408385d88b91, stInode=33888b6f-7a8e-4069-b1b6-5c1aa9d0a48d, owner=system, identifier=c0f66742-17a1-4435-baa9-2fd51b1e61e8, nullProperties=[wfExpireDate, wfPublishDate, wfActionAssign, wfActionId, wfActionComments, filterKey, whereToSend, wfNeverExpire, _path_to_move, timezoneId, iWantTo, wfPublishTime, wfExpireTime], languageId=1, fileAsset=/home/runner/work/core/custom/assets/1/9/19cb1db0-9be1-4ba3-8ac4-166e4bf20a43/fileAsset/file9526473202751042109.txt, folder=6f211ea6-4106-4475-80da-efec3be4bf53, __disable_workflow__=true, sortOrder=0, modUser=system},lowIndexPriority=false,variantId=DEFAULT], parent=com.dotmarketing.portlets.folders.model.Folder@73d347c8[identifier=6f211ea6-4106-4475-80da-efec3be4bf53,name=testName1689361982621,sortOrder=0,showOnMenu=false,hostId=7d5da1f2-a658-42f1-ae35-408385d88b91,type=folder,title=testTitle1689361982621,filesMasks=,defaultFileType=33888b6f-7a8e-4069-b1b6-5c1aa9d0a48d,modDate=2023-07-14 19:13:02.624,owner=&lt;null&gt;,iDate=2023-07-14 19:13:02.624,inode=6f211ea6-4106-4475-80da-efec3be4bf53,path=/testName1689361982621/], expectedName='file9526473202751042109.txt', expectedType='FileAsset'}]" classname="com.dotmarketing.business.DeterministicIdentifierAPITest" time="0.003"/>
  <testcase name="Test_Asset_Generate_Deterministic_Id_Best_Effort[2: TestCase{versionable=com.dotmarketing.portlets.templates.model.Template@5d338f97, parent=my.host1689361981876.com, expectedName='testTitle1689361982709', expectedType='Template'}]" classname="com.dotmarketing.business.DeterministicIdentifierAPITest" time="0.002"/>
  <testcase name="Test_Asset_Generate_Deterministic_Id_Best_Effort[3: TestCase{versionable=com.dotmarketing.portlets.htmlpageasset.model.HTMLPageAsset@10dae043[map={template=13d42ac5-dea6-461f-be46-d2bbd84d72ad, owner=system, identifier=e10f4a97-4e3d-42c8-b9a4-dc5014a818d2, nullProperties=[wfExpireDate, wfPublishDate, wfActionAssign, wfActionId, wfActionComments, filterKey, whereToSend, wfNeverExpire, _path_to_move, timezoneId, iWantTo, wfPublishTime, wfExpireTime], modDate=2023-07-14 19:13:02.722, cachettl=0, _is_test_mode=true, languageId=1, title=test-page-title-1689361982719, httpsreq=, url=test-page-url-1689361982719, showOnMenu=, inode=db56ac4b-25bf-42ae-9b8b-66e74b54903e, folder=6f211ea6-4106-4475-80da-efec3be4bf53, disabledWYSIWYG=[], sortOrder=1, modUser=system, host=7d5da1f2-a658-42f1-ae35-408385d88b91, stInode=c541abb1-69b3-4bc5-8430-5e09e5239cc8, friendlyName=test-page-friendly-name-1689361982719},lowIndexPriority=false,variantId=DEFAULT], parent=com.dotmarketing.portlets.folders.model.Folder@73d347c8[identifier=6f211ea6-4106-4475-80da-efec3be4bf53,name=testName1689361982621,sortOrder=0,showOnMenu=false,hostId=7d5da1f2-a658-42f1-ae35-408385d88b91,type=folder,title=testTitle1689361982621,filesMasks=,defaultFileType=33888b6f-7a8e-4069-b1b6-5c1aa9d0a48d,modDate=2023-07-14 19:13:02.624,owner=&lt;null&gt;,iDate=2023-07-14 19:13:02.624,inode=6f211ea6-4106-4475-80da-efec3be4bf53,path=/testName1689361982621/], expectedName='test-page-url-1689361982719', expectedType='htmlpageasset'}]" classname="com.dotmarketing.business.DeterministicIdentifierAPITest" time="0.002"/>
  <testcase name="Test_Asset_Generate_Deterministic_Id_Best_Effort[4: TestCase{versionable=com.dotmarketing.portlets.contentlet.model.Contentlet@465e4367[map={fileAsset2=/home/runner/work/core/custom/assets/0/9/0999b180-afd7-44e5-9ba0-df327dc28e6e/fileAsset2/test_binary1689361983607.png, modDate=2023-07-14 19:13:03.612, fileAsset1=/home/runner/work/core/custom/assets/0/9/0999b180-afd7-44e5-9ba0-df327dc28e6e/fileAsset1/test_binary1689361983607.jpg, title=blah, inode=0999b180-afd7-44e5-9ba0-df327dc28e6e, __IS_NEW_CONTENT__=true, disabledWYSIWYG=[], host=48190c8c-42c4-46af-8d1a-0cd5db894797, stInode=3c8dc51d-6a5a-44ee-8c46-8004253fc7c5, owner=system, identifier=000fe66c-f96b-4ace-b559-58bc493c742a, nullProperties=[], languageId=1, image1=f0b8de25-9c7a-4967-991a-b3cc06acbf9d, folder=SYSTEM_FOLDER, __disable_workflow__=true, sortOrder=0, modUser=system},lowIndexPriority=false,variantId=DEFAULT], parent=demo.dotcms.com, expectedName='test_binary1689361983607.jpg:test_binary1689361983607.png', expectedType='MultipleBinaries1689361982863'}]" classname="com.dotmarketing.business.DeterministicIdentifierAPITest" time="0.004"/>
  <testcase name="Test_Asset_Generate_Deterministic_Id_Best_Effort[5: TestCase{versionable=name78ccbcb56c : keyTag78ccbcb56c, parent=my.host1689361981876.com, expectedName='keyTag78ccbcb56c', expectedType='persona'}]" classname="com.dotmarketing.business.DeterministicIdentifierAPITest" time="0.002"/>
  <testcase name="Test_Similar_Content_Type_Wont_Clash" classname="com.dotmarketing.business.DeterministicIdentifierAPITest" time="0.408"/>
  <testcase name="Test_Generate_Folder_Identifier" classname="com.dotmarketing.business.DeterministicIdentifierAPITest" time="0.32"/>
  <testcase name="Test_Generate_Content_Type_Identifier[0: ContentTypeTestCase{contentType=KeyValueContentType{name=Language Variable, id=f4d7c1b8-2c88-4071-abf1-a5328977b07d, description=Default Content Type for Language Variables, defaultType=false, fixed=true, iDate=Thu Aug 31 16:38:49 UTC 2017, system=true, versionable=true, variable=Languagevariable, modDate=Fri Jul 14 18:09:54 UTC 2023, host=SYSTEM_HOST, siteName=systemHost, icon=language, sortOrder=0, folder=SYSTEM_FOLDER, folderPath=/, markedForDeletion=true, multilingualable=false}, expectedName='Languagevariable', expectedType='KeyValue'}]" classname="com.dotmarketing.business.DeterministicIdentifierAPITest" time="0.007"/>
  <testcase name="Test_Generate_Content_Type_Identifier[1: ContentTypeTestCase{contentType=SimpleContentType{name=testName1689361983947, id=e683afdc-16f2-462d-8e57-e7048599cf46, description=testDescription1689361983947, defaultType=false, fixed=false, iDate=Fri Jul 14 19:13:03 UTC 2023, system=false, versionable=true, multilingualable=false, variable=testVarname1689361983947, owner=system, modDate=Fri Jul 14 19:13:05 UTC 2023, host=48190c8c-42c4-46af-8d1a-0cd5db894797, siteName=demo.dotcms.com, icon=event_note, sortOrder=0, folder=SYSTEM_FOLDER, folderPath=/, requiredFields=[], markedForDeletion=false}, expectedName='testVarname1689361983947', expectedType='CONTENT'}]" classname="com.dotmarketing.business.DeterministicIdentifierAPITest" time="0.007"/>
  <system-out><![CDATA[]]></system-out>
  <system-err><![CDATA[]]></system-err>
</testsuite>
