<?xml version="1.0" encoding="UTF-8"?>
<testsuite name="com.dotcms.enterprise.publishing.remote.bundler.DependencyBundlerTest" tests="173" skipped="0" failures="0" errors="0" timestamp="2023-06-28T16:17:12" hostname="fv-az842-670" time="60.633">
  <properties/>
  <testcase name="addLanguageVariableTestCaseInBundle" classname="com.dotcms.enterprise.publishing.remote.bundler.DependencyBundlerTest" time="1.718"/>
  <testcase name="includeHTMLDependenciesNoMatterModDate: com.dotcms.enterprise.publishing.remote.bundler.DependencyBundlerTest$ModDateTestData@58f2fce7" classname="com.dotcms.enterprise.publishing.remote.bundler.DependencyBundlerTest" time="0.881"/>
  <testcase name="includeHTMLDependenciesNoMatterModDate: com.dotcms.enterprise.publishing.remote.bundler.DependencyBundlerTest$ModDateTestData@443e782c" classname="com.dotcms.enterprise.publishing.remote.bundler.DependencyBundlerTest" time="1.807"/>
  <testcase name="includeHTMLDependenciesNoMatterModDate: com.dotcms.enterprise.publishing.remote.bundler.DependencyBundlerTest$ModDateTestData@4d259b4a" classname="com.dotcms.enterprise.publishing.remote.bundler.DependencyBundlerTest" time="1.997"/>
  <testcase name="includeHTMLDependenciesNoMatterModDate: com.dotcms.enterprise.publishing.remote.bundler.DependencyBundlerTest$ModDateTestData@1e73bef" classname="com.dotcms.enterprise.publishing.remote.bundler.DependencyBundlerTest" time="1.101"/>
  <testcase name="notExcludeContenletChildAssetByModDate: com.dotcms.enterprise.publishing.remote.bundler.DependencyBundlerTest$ModDateTestData@58f2fce7" classname="com.dotcms.enterprise.publishing.remote.bundler.DependencyBundlerTest" time="2.192"/>
  <testcase name="notExcludeContenletChildAssetByModDate: com.dotcms.enterprise.publishing.remote.bundler.DependencyBundlerTest$ModDateTestData@443e782c" classname="com.dotcms.enterprise.publishing.remote.bundler.DependencyBundlerTest" time="1.864"/>
  <testcase name="notExcludeContenletChildAssetByModDate: com.dotcms.enterprise.publishing.remote.bundler.DependencyBundlerTest$ModDateTestData@4d259b4a" classname="com.dotcms.enterprise.publishing.remote.bundler.DependencyBundlerTest" time="2.18"/>
  <testcase name="notExcludeContenletChildAssetByModDate: com.dotcms.enterprise.publishing.remote.bundler.DependencyBundlerTest$ModDateTestData@1e73bef" classname="com.dotcms.enterprise.publishing.remote.bundler.DependencyBundlerTest" time="1.899"/>
  <testcase name="excludeDependenciesWhenAssetExcludeByFilter: com.dotcms.enterprise.publishing.remote.bundler.DependencyBundlerTest$ModDateTestData@58f2fce7" classname="com.dotcms.enterprise.publishing.remote.bundler.DependencyBundlerTest" time="2.001"/>
  <testcase name="excludeDependenciesWhenAssetExcludeByFilter: com.dotcms.enterprise.publishing.remote.bundler.DependencyBundlerTest$ModDateTestData@443e782c" classname="com.dotcms.enterprise.publishing.remote.bundler.DependencyBundlerTest" time="1.922"/>
  <testcase name="excludeDependenciesWhenAssetExcludeByFilter: com.dotcms.enterprise.publishing.remote.bundler.DependencyBundlerTest$ModDateTestData@4d259b4a" classname="com.dotcms.enterprise.publishing.remote.bundler.DependencyBundlerTest" time="2.299"/>
  <testcase name="excludeDependenciesWhenAssetExcludeByFilter: com.dotcms.enterprise.publishing.remote.bundler.DependencyBundlerTest$ModDateTestData@1e73bef" classname="com.dotcms.enterprise.publishing.remote.bundler.DependencyBundlerTest" time="1.814"/>
  <testcase name="includeContenletChildWithSeveralVersionAssetByModDate: com.dotcms.enterprise.publishing.remote.bundler.DependencyBundlerTest$ModDateTestData@58f2fce7" classname="com.dotcms.enterprise.publishing.remote.bundler.DependencyBundlerTest" time="2.427"/>
  <testcase name="includeContenletChildWithSeveralVersionAssetByModDate: com.dotcms.enterprise.publishing.remote.bundler.DependencyBundlerTest$ModDateTestData@443e782c" classname="com.dotcms.enterprise.publishing.remote.bundler.DependencyBundlerTest" time="2.044"/>
  <testcase name="includeContenletChildWithSeveralVersionAssetByModDate: com.dotcms.enterprise.publishing.remote.bundler.DependencyBundlerTest$ModDateTestData@4d259b4a" classname="com.dotcms.enterprise.publishing.remote.bundler.DependencyBundlerTest" time="2.028"/>
  <testcase name="includeContenletChildWithSeveralVersionAssetByModDate: com.dotcms.enterprise.publishing.remote.bundler.DependencyBundlerTest$ModDateTestData@1e73bef" classname="com.dotcms.enterprise.publishing.remote.bundler.DependencyBundlerTest" time="2.08"/>
  <testcase name="excludeHTMLDependenciesByModDate: com.dotcms.enterprise.publishing.remote.bundler.DependencyBundlerTest$ModDateTestData@58f2fce7" classname="com.dotcms.enterprise.publishing.remote.bundler.DependencyBundlerTest" time="1.947"/>
  <testcase name="excludeHTMLDependenciesByModDate: com.dotcms.enterprise.publishing.remote.bundler.DependencyBundlerTest$ModDateTestData@443e782c" classname="com.dotcms.enterprise.publishing.remote.bundler.DependencyBundlerTest" time="1.932"/>
  <testcase name="excludeHTMLDependenciesByModDate: com.dotcms.enterprise.publishing.remote.bundler.DependencyBundlerTest$ModDateTestData@4d259b4a" classname="com.dotcms.enterprise.publishing.remote.bundler.DependencyBundlerTest" time="1.965"/>
  <testcase name="excludeHTMLDependenciesByModDate: com.dotcms.enterprise.publishing.remote.bundler.DependencyBundlerTest$ModDateTestData@1e73bef" classname="com.dotcms.enterprise.publishing.remote.bundler.DependencyBundlerTest" time="2.059"/>
  <testcase name="includeTemplateUsingTwoEnvironment" classname="com.dotcms.enterprise.publishing.remote.bundler.DependencyBundlerTest" time="2.05"/>
  <testcase name="addAssetInBundle: Contentype with filterDescriptorAllDependencies" classname="com.dotcms.enterprise.publishing.remote.bundler.DependencyBundlerTest" time="0.124"/>
  <testcase name="addAssetInBundle: Contentype with filterDescriptorNotDependencies" classname="com.dotcms.enterprise.publishing.remote.bundler.DependencyBundlerTest" time="0.02"/>
  <testcase name="addAssetInBundle: Contentype with and filterDescriptorNotRelationship" classname="com.dotcms.enterprise.publishing.remote.bundler.DependencyBundlerTest" time="0.041"/>
  <testcase name="addAssetInBundle: Contentype with filterDescriptorNotDependenciesRelationship" classname="com.dotcms.enterprise.publishing.remote.bundler.DependencyBundlerTest" time="0.021"/>
  <testcase name="addAssetInBundle: Contentype with Folder and filterDescriptorAllDependencies" classname="com.dotcms.enterprise.publishing.remote.bundler.DependencyBundlerTest" time="0.047"/>
  <testcase name="addAssetInBundle: Contentype with Folder and filterDescriptorNotDependencies" classname="com.dotcms.enterprise.publishing.remote.bundler.DependencyBundlerTest" time="0.024"/>
  <testcase name="addAssetInBundle: Contentype with Folder and filterDescriptorNotRelationship" classname="com.dotcms.enterprise.publishing.remote.bundler.DependencyBundlerTest" time="0.023"/>
  <testcase name="addAssetInBundle: Contentype with Folder and filterDescriptorNotDependenciesRelationship" classname="com.dotcms.enterprise.publishing.remote.bundler.DependencyBundlerTest" time="0.012"/>
  <testcase name="addAssetInBundle: Contentype with Workflow and filterDescriptorAllDependencies" classname="com.dotcms.enterprise.publishing.remote.bundler.DependencyBundlerTest" time="0.038"/>
  <testcase name="addAssetInBundle: Contentype with Workflow and filterDescriptorNotDependencies" classname="com.dotcms.enterprise.publishing.remote.bundler.DependencyBundlerTest" time="0.019"/>
  <testcase name="addAssetInBundle: Contentype with Workflow and filterDescriptorNotRelationship" classname="com.dotcms.enterprise.publishing.remote.bundler.DependencyBundlerTest" time="0.023"/>
  <testcase name="addAssetInBundle: Contentype with Workflow and filterDescriptorNotDependenciesRelationship" classname="com.dotcms.enterprise.publishing.remote.bundler.DependencyBundlerTest" time="0.017"/>
  <testcase name="addAssetInBundle: Contentype with Category and filterDescriptorAllDependencies" classname="com.dotcms.enterprise.publishing.remote.bundler.DependencyBundlerTest" time="0.031"/>
  <testcase name="addAssetInBundle: Contentype with Category and filterDescriptorNotDependencies" classname="com.dotcms.enterprise.publishing.remote.bundler.DependencyBundlerTest" time="0.016"/>
  <testcase name="addAssetInBundle: Contentype with Category and filterDescriptorNotRelationship" classname="com.dotcms.enterprise.publishing.remote.bundler.DependencyBundlerTest" time="0.026"/>
  <testcase name="addAssetInBundle: Contentype with Category and filterDescriptorNotDependenciesRelationship" classname="com.dotcms.enterprise.publishing.remote.bundler.DependencyBundlerTest" time="0.011"/>
  <testcase name="addAssetInBundle: Contentype with Relationship and filterDescriptorAllDependencies" classname="com.dotcms.enterprise.publishing.remote.bundler.DependencyBundlerTest" time="0.037"/>
  <testcase name="addAssetInBundle: Contentype with Relationship and filterDescriptorNotDependencies" classname="com.dotcms.enterprise.publishing.remote.bundler.DependencyBundlerTest" time="0.013"/>
  <testcase name="addAssetInBundle: Contentype with Relationship and filterDescriptorNotRelationship" classname="com.dotcms.enterprise.publishing.remote.bundler.DependencyBundlerTest" time="0.028"/>
  <testcase name="addAssetInBundle: Contentype with Relationship and filterDescriptorNotDependenciesRelationship" classname="com.dotcms.enterprise.publishing.remote.bundler.DependencyBundlerTest" time="0.018"/>
  <testcase name="addAssetInBundle: Advanced Template without Container and filterDescriptorAllDependencies" classname="com.dotcms.enterprise.publishing.remote.bundler.DependencyBundlerTest" time="0.031"/>
  <testcase name="addAssetInBundle: Advanced Template without Container and filterDescriptorNotDependencies" classname="com.dotcms.enterprise.publishing.remote.bundler.DependencyBundlerTest" time="0.011"/>
  <testcase name="addAssetInBundle: Advanced Template without Container and filterDescriptorNotRelationship" classname="com.dotcms.enterprise.publishing.remote.bundler.DependencyBundlerTest" time="0.021"/>
  <testcase name="addAssetInBundle: Advanced Template without Container and filterDescriptorNotDependenciesRelationship" classname="com.dotcms.enterprise.publishing.remote.bundler.DependencyBundlerTest" time="0.013"/>
  <testcase name="addAssetInBundle: Advanced Template with Container and filterDescriptorAllDependencies" classname="com.dotcms.enterprise.publishing.remote.bundler.DependencyBundlerTest" time="0.039"/>
  <testcase name="addAssetInBundle: Advanced Template with Container and filterDescriptorNotDependencies" classname="com.dotcms.enterprise.publishing.remote.bundler.DependencyBundlerTest" time="0.014"/>
  <testcase name="addAssetInBundle: Advanced Template with Container and filterDescriptorNotRelationship" classname="com.dotcms.enterprise.publishing.remote.bundler.DependencyBundlerTest" time="0.039"/>
  <testcase name="addAssetInBundle: Advanced Template with Container and filterDescriptorNotDependenciesRelationship" classname="com.dotcms.enterprise.publishing.remote.bundler.DependencyBundlerTest" time="0.015"/>
  <testcase name="addAssetInBundle: Template with Template Layout and filterDescriptorAllDependencies" classname="com.dotcms.enterprise.publishing.remote.bundler.DependencyBundlerTest" time="0.034"/>
  <testcase name="addAssetInBundle: Template with Template Layout and filterDescriptorNotDependencies" classname="com.dotcms.enterprise.publishing.remote.bundler.DependencyBundlerTest" time="0.016"/>
  <testcase name="addAssetInBundle: Template with Template Layout and filterDescriptorNotRelationship" classname="com.dotcms.enterprise.publishing.remote.bundler.DependencyBundlerTest" time="0.028"/>
  <testcase name="addAssetInBundle: Template with Template Layout and filterDescriptorNotDependenciesRelationship" classname="com.dotcms.enterprise.publishing.remote.bundler.DependencyBundlerTest" time="0.011"/>
  <testcase name="addAssetInBundle: Container without Contenttype and filterDescriptorAllDependencies" classname="com.dotcms.enterprise.publishing.remote.bundler.DependencyBundlerTest" time="0.03"/>
  <testcase name="addAssetInBundle: Container without Contenttype and der and filterDescriptorNotDependencies" classname="com.dotcms.enterprise.publishing.remote.bundler.DependencyBundlerTest" time="0.015"/>
  <testcase name="addAssetInBundle: Container without Contenttype and filterDescriptorNotRelationship" classname="com.dotcms.enterprise.publishing.remote.bundler.DependencyBundlerTest" time="0.03"/>
  <testcase name="addAssetInBundle: Container without Contenttype and filterDescriptorNotDependenciesRelationship" classname="com.dotcms.enterprise.publishing.remote.bundler.DependencyBundlerTest" time="0.02"/>
  <testcase name="addAssetInBundle: Container with Contenttype and filterDescriptorAllDependencies" classname="com.dotcms.enterprise.publishing.remote.bundler.DependencyBundlerTest" time="0.044"/>
  <testcase name="addAssetInBundle: Container with Contenttype and filterDescriptorNotDependencies" classname="com.dotcms.enterprise.publishing.remote.bundler.DependencyBundlerTest" time="0.011"/>
  <testcase name="addAssetInBundle: Container with Contenttype and filterDescriptorNotRelationship" classname="com.dotcms.enterprise.publishing.remote.bundler.DependencyBundlerTest" time="0.034"/>
  <testcase name="addAssetInBundle: Container with Contenttype and filterDescriptorNotDependenciesRelationship" classname="com.dotcms.enterprise.publishing.remote.bundler.DependencyBundlerTest" time="0.017"/>
  <testcase name="addAssetInBundle: Folder with filterDescriptorAllDependencies" classname="com.dotcms.enterprise.publishing.remote.bundler.DependencyBundlerTest" time="0.071"/>
  <testcase name="addAssetInBundle: Folder with filterDescriptorNotDependencies" classname="com.dotcms.enterprise.publishing.remote.bundler.DependencyBundlerTest" time="0.016"/>
  <testcase name="addAssetInBundle: Folder with filterDescriptorNotRelationship" classname="com.dotcms.enterprise.publishing.remote.bundler.DependencyBundlerTest" time="0.044"/>
  <testcase name="addAssetInBundle: Folder with filterDescriptorNotDependenciesRelationship" classname="com.dotcms.enterprise.publishing.remote.bundler.DependencyBundlerTest" time="0.014"/>
  <testcase name="addAssetInBundle: Folder with parent and filterDescriptorAllDependencies" classname="com.dotcms.enterprise.publishing.remote.bundler.DependencyBundlerTest" time="0.058"/>
  <testcase name="addAssetInBundle: Folder with parent and filterDescriptorNotDependencies" classname="com.dotcms.enterprise.publishing.remote.bundler.DependencyBundlerTest" time="0.02"/>
  <testcase name="addAssetInBundle: Folder with parent and filterDescriptorNotRelationship" classname="com.dotcms.enterprise.publishing.remote.bundler.DependencyBundlerTest" time="0.059"/>
  <testcase name="addAssetInBundle: Folder with parent and filterDescriptorNotDependenciesRelationship" classname="com.dotcms.enterprise.publishing.remote.bundler.DependencyBundlerTest" time="0.023"/>
  <testcase name="addAssetInBundle: Folder with ContentType and filterDescriptorAllDependencies" classname="com.dotcms.enterprise.publishing.remote.bundler.DependencyBundlerTest" time="0.057"/>
  <testcase name="addAssetInBundle: Folder with ContentType and filterDescriptorNotDependencies" classname="com.dotcms.enterprise.publishing.remote.bundler.DependencyBundlerTest" time="0.025"/>
  <testcase name="addAssetInBundle: Folder with ContentType and filterDescriptorNotRelationship" classname="com.dotcms.enterprise.publishing.remote.bundler.DependencyBundlerTest" time="0.037"/>
  <testcase name="addAssetInBundle: Folder with ContentType and filterDescriptorNotDependenciesRelationship" classname="com.dotcms.enterprise.publishing.remote.bundler.DependencyBundlerTest" time="0.022"/>
  <testcase name="addAssetInBundle: Folder with Content and filterDescriptorAllDependencies" classname="com.dotcms.enterprise.publishing.remote.bundler.DependencyBundlerTest" time="0.048"/>
  <testcase name="addAssetInBundle: Folder with Content and filterDescriptorNotDependencies" classname="com.dotcms.enterprise.publishing.remote.bundler.DependencyBundlerTest" time="0.018"/>
  <testcase name="addAssetInBundle: Folder with Content and filterDescriptorNotRelationship" classname="com.dotcms.enterprise.publishing.remote.bundler.DependencyBundlerTest" time="0.042"/>
  <testcase name="addAssetInBundle: Folder with Content and filterDescriptorNotDependenciesRelationship" classname="com.dotcms.enterprise.publishing.remote.bundler.DependencyBundlerTest" time="0.025"/>
  <testcase name="addAssetInBundle: Folder with Link and filterDescriptorAllDependencies" classname="com.dotcms.enterprise.publishing.remote.bundler.DependencyBundlerTest" time="0.047"/>
  <testcase name="addAssetInBundle: Folder with Link and filterDescriptorNotDependencies" classname="com.dotcms.enterprise.publishing.remote.bundler.DependencyBundlerTest" time="0.016"/>
  <testcase name="addAssetInBundle: Folder with Link and filterDescriptorNotRelationship" classname="com.dotcms.enterprise.publishing.remote.bundler.DependencyBundlerTest" time="0.034"/>
  <testcase name="addAssetInBundle: Folder with Link and filterDescriptorNotDependenciesRelationship" classname="com.dotcms.enterprise.publishing.remote.bundler.DependencyBundlerTest" time="0.015"/>
  <testcase name="addAssetInBundle: Folder with Subfolder and filterDescriptorAllDependencies" classname="com.dotcms.enterprise.publishing.remote.bundler.DependencyBundlerTest" time="0.065"/>
  <testcase name="addAssetInBundle: Folder with Subfolder and filterDescriptorNotDependencies" classname="com.dotcms.enterprise.publishing.remote.bundler.DependencyBundlerTest" time="0.012"/>
  <testcase name="addAssetInBundle: Folder with Subfolder and filterDescriptorNotRelationship" classname="com.dotcms.enterprise.publishing.remote.bundler.DependencyBundlerTest" time="0.044"/>
  <testcase name="addAssetInBundle: Folder with Subfolder and filterDescriptorNotDependenciesRelationship" classname="com.dotcms.enterprise.publishing.remote.bundler.DependencyBundlerTest" time="0.014"/>
  <testcase name="addAssetInBundle: Host with filterDescriptorAllDependencies" classname="com.dotcms.enterprise.publishing.remote.bundler.DependencyBundlerTest" time="0.042"/>
  <testcase name="addAssetInBundle: Host with filterDescriptorNotDependencies" classname="com.dotcms.enterprise.publishing.remote.bundler.DependencyBundlerTest" time="0.031"/>
  <testcase name="addAssetInBundle: Host with filterDescriptorNotRelationship" classname="com.dotcms.enterprise.publishing.remote.bundler.DependencyBundlerTest" time="0.033"/>
  <testcase name="addAssetInBundle: Host with filterDescriptorNotDependenciesRelationship" classname="com.dotcms.enterprise.publishing.remote.bundler.DependencyBundlerTest" time="0.021"/>
  <testcase name="addAssetInBundle: Host with template and filterDescriptorAllDependencies" classname="com.dotcms.enterprise.publishing.remote.bundler.DependencyBundlerTest" time="0.05"/>
  <testcase name="addAssetInBundle: Host with template and  filterDescriptorNotDependencies" classname="com.dotcms.enterprise.publishing.remote.bundler.DependencyBundlerTest" time="0.02"/>
  <testcase name="addAssetInBundle: Host with template and  filterDescriptorNotRelationship" classname="com.dotcms.enterprise.publishing.remote.bundler.DependencyBundlerTest" time="0.039"/>
  <testcase name="addAssetInBundle: Host with template and  filterDescriptorNotDependenciesRelationship" classname="com.dotcms.enterprise.publishing.remote.bundler.DependencyBundlerTest" time="0.026"/>
  <testcase name="addAssetInBundle: Host with Container and filterDescriptorAllDependencies" classname="com.dotcms.enterprise.publishing.remote.bundler.DependencyBundlerTest" time="0.039"/>
  <testcase name="addAssetInBundle: Host with Container and filterDescriptorNotDependencies" classname="com.dotcms.enterprise.publishing.remote.bundler.DependencyBundlerTest" time="0.017"/>
  <testcase name="addAssetInBundle: Host with Container and filterDescriptorNotRelationship" classname="com.dotcms.enterprise.publishing.remote.bundler.DependencyBundlerTest" time="0.031"/>
  <testcase name="addAssetInBundle: Host with Container and filterDescriptorNotDependenciesRelationship" classname="com.dotcms.enterprise.publishing.remote.bundler.DependencyBundlerTest" time="0.023"/>
  <testcase name="addAssetInBundle: Host with Content and filterDescriptorAllDependencies" classname="com.dotcms.enterprise.publishing.remote.bundler.DependencyBundlerTest" time="0.05"/>
  <testcase name="addAssetInBundle: Host with Content andfilterDescriptorNotDependencies" classname="com.dotcms.enterprise.publishing.remote.bundler.DependencyBundlerTest" time="0.019"/>
  <testcase name="addAssetInBundle: Host with Content andfilterDescriptorNotRelationship" classname="com.dotcms.enterprise.publishing.remote.bundler.DependencyBundlerTest" time="0.038"/>
  <testcase name="addAssetInBundle: Host with Content andfilterDescriptorNotDependenciesRelationship" classname="com.dotcms.enterprise.publishing.remote.bundler.DependencyBundlerTest" time="0.017"/>
  <testcase name="addAssetInBundle: Host with Folder and filterDescriptorAllDependencies" classname="com.dotcms.enterprise.publishing.remote.bundler.DependencyBundlerTest" time="0.058"/>
  <testcase name="addAssetInBundle: Host with Folder and filterDescriptorNotDependencies" classname="com.dotcms.enterprise.publishing.remote.bundler.DependencyBundlerTest" time="0.028"/>
  <testcase name="addAssetInBundle: Host with Folder and filterDescriptorNotRelationship" classname="com.dotcms.enterprise.publishing.remote.bundler.DependencyBundlerTest" time="0.053"/>
  <testcase name="addAssetInBundle: Host with Folder and filterDescriptorNotDependenciesRelationship" classname="com.dotcms.enterprise.publishing.remote.bundler.DependencyBundlerTest" time="0.026"/>
  <testcase name="addAssetInBundle: Host with Rule and filterDescriptorAllDependencies" classname="com.dotcms.enterprise.publishing.remote.bundler.DependencyBundlerTest" time="0.047"/>
  <testcase name="addAssetInBundle: Host with Rule and filterDescriptorNotDependencies" classname="com.dotcms.enterprise.publishing.remote.bundler.DependencyBundlerTest" time="0.02"/>
  <testcase name="addAssetInBundle: Host with Rule and filterDescriptorNotRelationship" classname="com.dotcms.enterprise.publishing.remote.bundler.DependencyBundlerTest" time="0.039"/>
  <testcase name="addAssetInBundle: Host with Rule and filterDescriptorNotDependenciesRelationship" classname="com.dotcms.enterprise.publishing.remote.bundler.DependencyBundlerTest" time="0.02"/>
  <testcase name="addAssetInBundle: Link with filterDescriptorAllDependencies" classname="com.dotcms.enterprise.publishing.remote.bundler.DependencyBundlerTest" time="0.037"/>
  <testcase name="addAssetInBundle: Link with filterDescriptorNotDependencies" classname="com.dotcms.enterprise.publishing.remote.bundler.DependencyBundlerTest" time="0.009"/>
  <testcase name="addAssetInBundle: Link with filterDescriptorNotRelationship" classname="com.dotcms.enterprise.publishing.remote.bundler.DependencyBundlerTest" time="0.025"/>
  <testcase name="addAssetInBundle: Link with filterDescriptorNotDependenciesRelationship" classname="com.dotcms.enterprise.publishing.remote.bundler.DependencyBundlerTest" time="0.01"/>
  <testcase name="addAssetInBundle: WorkflowScheme with filterDescriptorAllDependencies" classname="com.dotcms.enterprise.publishing.remote.bundler.DependencyBundlerTest" time="0.018"/>
  <testcase name="addAssetInBundle: WorkflowScheme with filterDescriptorNotDependencies" classname="com.dotcms.enterprise.publishing.remote.bundler.DependencyBundlerTest" time="0.006"/>
  <testcase name="addAssetInBundle: WorkflowScheme with filterDescriptorNotRelationship" classname="com.dotcms.enterprise.publishing.remote.bundler.DependencyBundlerTest" time="0.016"/>
  <testcase name="addAssetInBundle: WorkflowScheme with filterDescriptorNotDependenciesRelationship" classname="com.dotcms.enterprise.publishing.remote.bundler.DependencyBundlerTest" time="0.007"/>
  <testcase name="addAssetInBundle: Language with filterDescriptorAllDependencies" classname="com.dotcms.enterprise.publishing.remote.bundler.DependencyBundlerTest" time="0.023"/>
  <testcase name="addAssetInBundle: Language with filterDescriptorNotDependencies" classname="com.dotcms.enterprise.publishing.remote.bundler.DependencyBundlerTest" time="0.008"/>
  <testcase name="addAssetInBundle: Language with filterDescriptorNotRelationship" classname="com.dotcms.enterprise.publishing.remote.bundler.DependencyBundlerTest" time="0.021"/>
  <testcase name="addAssetInBundle: Language with filterDescriptorNotDependenciesRelationship" classname="com.dotcms.enterprise.publishing.remote.bundler.DependencyBundlerTest" time="0.007"/>
  <testcase name="addAssetInBundle: Rule with filterDescriptorAllDependencies" classname="com.dotcms.enterprise.publishing.remote.bundler.DependencyBundlerTest" time="0.033"/>
  <testcase name="addAssetInBundle: Rule with filterDescriptorNotDependencies" classname="com.dotcms.enterprise.publishing.remote.bundler.DependencyBundlerTest" time="0.013"/>
  <testcase name="addAssetInBundle: Rule with filterDescriptorNotRelationship" classname="com.dotcms.enterprise.publishing.remote.bundler.DependencyBundlerTest" time="0.025"/>
  <testcase name="addAssetInBundle: Page with filterDescriptorNotDependenciesRelationship" classname="com.dotcms.enterprise.publishing.remote.bundler.DependencyBundlerTest" time="0.011"/>
  <testcase name="addAssetInBundle: Rule with page and filterDescriptorAllDependencies" classname="com.dotcms.enterprise.publishing.remote.bundler.DependencyBundlerTest" time="0.035"/>
  <testcase name="addAssetInBundle: Rule with page and filterDescriptorAllDependencies" classname="com.dotcms.enterprise.publishing.remote.bundler.DependencyBundlerTest" time="0.017"/>
  <testcase name="addAssetInBundle: Rule with page and filterDescriptorAllDependencies" classname="com.dotcms.enterprise.publishing.remote.bundler.DependencyBundlerTest" time="0.018"/>
  <testcase name="addAssetInBundle: Rule with page and filterDescriptorAllDependencies" classname="com.dotcms.enterprise.publishing.remote.bundler.DependencyBundlerTest" time="0.009"/>
  <testcase name="addAssetInBundle: Contentlet with filterDescriptorAllDependencies" classname="com.dotcms.enterprise.publishing.remote.bundler.DependencyBundlerTest" time="0.09"/>
  <testcase name="addAssetInBundle: Contentlet with filterDescriptorNotDependencies" classname="com.dotcms.enterprise.publishing.remote.bundler.DependencyBundlerTest" time="0.024"/>
  <testcase name="addAssetInBundle: Contentlet with filterDescriptorNotRelationship" classname="com.dotcms.enterprise.publishing.remote.bundler.DependencyBundlerTest" time="0.044"/>
  <testcase name="addAssetInBundle: Contentlet with filterDescriptorNotDependenciesRelationship" classname="com.dotcms.enterprise.publishing.remote.bundler.DependencyBundlerTest" time="0.016"/>
  <testcase name="addAssetInBundle: Contentlet with folder and filterDescriptorAllDependencies" classname="com.dotcms.enterprise.publishing.remote.bundler.DependencyBundlerTest" time="0.048"/>
  <testcase name="addAssetInBundle: Contentlet with folder and filterDescriptorNotDependencies" classname="com.dotcms.enterprise.publishing.remote.bundler.DependencyBundlerTest" time="0.031"/>
  <testcase name="addAssetInBundle: Contentlet folder and with filterDescriptorNotRelationship" classname="com.dotcms.enterprise.publishing.remote.bundler.DependencyBundlerTest" time="0.036"/>
  <testcase name="addAssetInBundle: Contentlet folder and with filterDescriptorNotDependenciesRelationship" classname="com.dotcms.enterprise.publishing.remote.bundler.DependencyBundlerTest" time="0.014"/>
  <testcase name="addAssetInBundle: Contentlet with Relationship and filterDescriptorAllDependencies" classname="com.dotcms.enterprise.publishing.remote.bundler.DependencyBundlerTest" time="0.042"/>
  <testcase name="addAssetInBundle: Contentlet with Relationship and filterDescriptorNotDependencies" classname="com.dotcms.enterprise.publishing.remote.bundler.DependencyBundlerTest" time="0.021"/>
  <testcase name="addAssetInBundle: Contentlet with Relationship and filterDescriptorNotRelationship" classname="com.dotcms.enterprise.publishing.remote.bundler.DependencyBundlerTest" time="0.025"/>
  <testcase name="addAssetInBundle: Contentlet with Relationship and filterDescriptorNotDependenciesRelationship" classname="com.dotcms.enterprise.publishing.remote.bundler.DependencyBundlerTest" time="0.015"/>
  <testcase name="addAssetInBundle: Contentlet with Category and filterDescriptorAllDependencies" classname="com.dotcms.enterprise.publishing.remote.bundler.DependencyBundlerTest" time="0.036"/>
  <testcase name="addAssetInBundle: Contentlet with Category and filterDescriptorNotDependencies" classname="com.dotcms.enterprise.publishing.remote.bundler.DependencyBundlerTest" time="0.012"/>
  <testcase name="addAssetInBundle: Contentlet with Category and filterDescriptorNotRelationship" classname="com.dotcms.enterprise.publishing.remote.bundler.DependencyBundlerTest" time="0.026"/>
  <testcase name="addAssetInBundle: Contentlet with Category and filterDescriptorNotDependenciesRelationship" classname="com.dotcms.enterprise.publishing.remote.bundler.DependencyBundlerTest" time="0.012"/>
  <testcase name="addAssetInBundle: Page with filterDescriptorAllDependencies" classname="com.dotcms.enterprise.publishing.remote.bundler.DependencyBundlerTest" time="0.059"/>
  <testcase name="addAssetInBundle: Page with filterDescriptorNotDependencies" classname="com.dotcms.enterprise.publishing.remote.bundler.DependencyBundlerTest" time="0.013"/>
  <testcase name="addAssetInBundle: Page with filterDescriptorNotRelationship" classname="com.dotcms.enterprise.publishing.remote.bundler.DependencyBundlerTest" time="0.04"/>
  <testcase name="addAssetInBundle: Page with filterDescriptorNotDependenciesRelationship" classname="com.dotcms.enterprise.publishing.remote.bundler.DependencyBundlerTest" time="0.013"/>
  <testcase name="addAssetInBundle: Contentlet with Image and filterDescriptorAllDependencies" classname="com.dotcms.enterprise.publishing.remote.bundler.DependencyBundlerTest" time="0.057"/>
  <testcase name="addAssetInBundle: Contentlet with Image and filterDescriptorNotDependencies" classname="com.dotcms.enterprise.publishing.remote.bundler.DependencyBundlerTest" time="0.017"/>
  <testcase name="addAssetInBundle: Contentlet with Image and filterDescriptorNotRelationship" classname="com.dotcms.enterprise.publishing.remote.bundler.DependencyBundlerTest" time="0.04"/>
  <testcase name="addAssetInBundle: Contentlet with Image and filterDescriptorNotDependenciesRelationship" classname="com.dotcms.enterprise.publishing.remote.bundler.DependencyBundlerTest" time="0.019"/>
  <testcase name="addAssetInBundle: Content Type with third party dependencies" classname="com.dotcms.enterprise.publishing.remote.bundler.DependencyBundlerTest" time="0.028"/>
  <testcase name="addAssetInBundle: Content Type with folder and third party dependencies" classname="com.dotcms.enterprise.publishing.remote.bundler.DependencyBundlerTest" time="0.044"/>
  <testcase name="addAssetInBundle: Template with third party dependencies" classname="com.dotcms.enterprise.publishing.remote.bundler.DependencyBundlerTest" time="0.039"/>
  <testcase name="addAssetInBundle: Container with Third party dependencies" classname="com.dotcms.enterprise.publishing.remote.bundler.DependencyBundlerTest" time="0.034"/>
  <testcase name="addAssetInBundle: Folder with third party" classname="com.dotcms.enterprise.publishing.remote.bundler.DependencyBundlerTest" time="0.08"/>
  <testcase name="addAssetInBundle: Link with third Party" classname="com.dotcms.enterprise.publishing.remote.bundler.DependencyBundlerTest" time="0.047"/>
  <testcase name="addAssetInBundle: Rule with third party" classname="com.dotcms.enterprise.publishing.remote.bundler.DependencyBundlerTest" time="0.034"/>
  <testcase name="addAssetInBundle: Rule with page and third party" classname="com.dotcms.enterprise.publishing.remote.bundler.DependencyBundlerTest" time="0.024"/>
  <testcase name="addAssetInBundle: Content with Third Party Dependencies" classname="com.dotcms.enterprise.publishing.remote.bundler.DependencyBundlerTest" time="0.067"/>
  <testcase name="addAssetInBundle: Content with folder and Third Party Dependencies" classname="com.dotcms.enterprise.publishing.remote.bundler.DependencyBundlerTest" time="0.046"/>
  <testcase name="addAssetInBundle: Content with Story Block and another content within" classname="com.dotcms.enterprise.publishing.remote.bundler.DependencyBundlerTest" time="0.066"/>
  <testcase name="includeDependenciesEvenWhenAssetExcludeByModDate: com.dotcms.enterprise.publishing.remote.bundler.DependencyBundlerTest$ModDateTestData@58f2fce7" classname="com.dotcms.enterprise.publishing.remote.bundler.DependencyBundlerTest" time="1.706"/>
  <testcase name="includeDependenciesEvenWhenAssetExcludeByModDate: com.dotcms.enterprise.publishing.remote.bundler.DependencyBundlerTest$ModDateTestData@443e782c" classname="com.dotcms.enterprise.publishing.remote.bundler.DependencyBundlerTest" time="1.971"/>
  <testcase name="includeDependenciesEvenWhenAssetExcludeByModDate: com.dotcms.enterprise.publishing.remote.bundler.DependencyBundlerTest$ModDateTestData@4d259b4a" classname="com.dotcms.enterprise.publishing.remote.bundler.DependencyBundlerTest" time="2.082"/>
  <testcase name="includeDependenciesEvenWhenAssetExcludeByModDate: com.dotcms.enterprise.publishing.remote.bundler.DependencyBundlerTest$ModDateTestData@1e73bef" classname="com.dotcms.enterprise.publishing.remote.bundler.DependencyBundlerTest" time="2.039"/>
  <testcase name="excludeContenletChildAssetByModDate: com.dotcms.enterprise.publishing.remote.bundler.DependencyBundlerTest$ModDateTestData@58f2fce7" classname="com.dotcms.enterprise.publishing.remote.bundler.DependencyBundlerTest" time="1.263"/>
  <testcase name="excludeContenletChildAssetByModDate: com.dotcms.enterprise.publishing.remote.bundler.DependencyBundlerTest$ModDateTestData@443e782c" classname="com.dotcms.enterprise.publishing.remote.bundler.DependencyBundlerTest" time="1.951"/>
  <testcase name="excludeContenletChildAssetByModDate: com.dotcms.enterprise.publishing.remote.bundler.DependencyBundlerTest$ModDateTestData@4d259b4a" classname="com.dotcms.enterprise.publishing.remote.bundler.DependencyBundlerTest" time="1.088"/>
  <testcase name="excludeContenletChildAssetByModDate: com.dotcms.enterprise.publishing.remote.bundler.DependencyBundlerTest$ModDateTestData@1e73bef" classname="com.dotcms.enterprise.publishing.remote.bundler.DependencyBundlerTest" time="1.994"/>
  <system-out><![CDATA[







































































































































































































































































































































































































































































































































































































































































































































































































































































































































































































































































































































































































































































































































































































































































]]></system-out>
  <system-err><![CDATA[]]></system-err>
</testsuite>
