<?xml version="1.0" encoding="UTF-8"?>
<testsuite name="com.dotcms.browser.BrowserAPITest" tests="10" skipped="0" failures="0" errors="0" timestamp="2023-07-14T20:16:03" hostname="fv-az555-578" time="31.069">
  <properties/>
  <testcase name="testGetFolderContentWithValidIdentifier" classname="com.dotcms.browser.BrowserAPITest" time="1.046"/>
  <testcase name="getAssetNameColumn_providedBaseQuery_shouldGenerateCorrectSQLForDB" classname="com.dotcms.browser.BrowserAPITest" time="0.001"/>
  <testcase name="getFolderContent_searchAssetWithNoTitleUsingFileName_Expect_Results" classname="com.dotcms.browser.BrowserAPITest" time="1.265"/>
  <testcase name="getFolderContent_searchDotAssetWithFilter_shouldReturnNotNull" classname="com.dotcms.browser.BrowserAPITest" time="0.036"/>
  <testcase name="test_GetFolderContent_mimetype_pagination" classname="com.dotcms.browser.BrowserAPITest" time="11.387"/>
  <testcase name="testGetFolderContentWithInvalidIdentifier" classname="com.dotcms.browser.BrowserAPITest" time="0.004"/>
  <testcase name="test_GetFolderContent_pagination" classname="com.dotcms.browser.BrowserAPITest" time="11.274"/>
  <testcase name="Test_GetFolderContent_Multiple_Langs" classname="com.dotcms.browser.BrowserAPITest" time="4.951"/>
  <testcase name="testingDifferentBrowserAPIResults" classname="com.dotcms.browser.BrowserAPITest" time="0.183"/>
  <testcase name="test_getFolderContent_folderOrderedByName" classname="com.dotcms.browser.BrowserAPITest" time="0.922"/>
  <system-out><![CDATA[




































]]></system-out>
  <system-err><![CDATA[]]></system-err>
</testsuite>
