<?xml version="1.0" encoding="UTF-8"?>
<testsuite name="com.dotmarketing.portlets.structure.model.ContentletRelationshipsTest" tests="7" skipped="0" failures="0" errors="0" timestamp="2023-07-18T19:42:47" hostname="fv-az206-458" time="9.775">
  <properties/>
  <testcase name="testDoesAllowOnlyOne[0: com.dotmarketing.portlets.structure.model.ContentletRelationshipsTest$CardinalityTestCase@26fda363]" classname="com.dotmarketing.portlets.structure.model.ContentletRelationshipsTest" time="0.553"/>
  <testcase name="testDoesAllowOnlyOne[1: com.dotmarketing.portlets.structure.model.ContentletRelationshipsTest$CardinalityTestCase@3d5acfd8]" classname="com.dotmarketing.portlets.structure.model.ContentletRelationshipsTest" time="0.494"/>
  <testcase name="testDoesAllowOnlyOne[2: com.dotmarketing.portlets.structure.model.ContentletRelationshipsTest$CardinalityTestCase@282cebc9]" classname="com.dotmarketing.portlets.structure.model.ContentletRelationshipsTest" time="0.517"/>
  <testcase name="testGetRelationshipRecords[0: com.dotmarketing.portlets.structure.model.ContentletRelationshipsTest$TestCase@351f9954]" classname="com.dotmarketing.portlets.structure.model.ContentletRelationshipsTest" time="2.039"/>
  <testcase name="testGetRelationshipRecords[1: com.dotmarketing.portlets.structure.model.ContentletRelationshipsTest$TestCase@7e32c22f]" classname="com.dotmarketing.portlets.structure.model.ContentletRelationshipsTest" time="2.183"/>
  <testcase name="testGetRelationshipRecords[2: com.dotmarketing.portlets.structure.model.ContentletRelationshipsTest$TestCase@15fdf63e]" classname="com.dotmarketing.portlets.structure.model.ContentletRelationshipsTest" time="1.939"/>
  <testcase name="testGetRelationshipRecords[3: com.dotmarketing.portlets.structure.model.ContentletRelationshipsTest$TestCase@5a4025eb]" classname="com.dotmarketing.portlets.structure.model.ContentletRelationshipsTest" time="2.05"/>
  <system-out><![CDATA[]]></system-out>
  <system-err><![CDATA[]]></system-err>
</testsuite>
