<?xml version="1.0" encoding="UTF-8"?>
<testsuite name="com.dotcms.rest.elasticsearch.ESContentResourcePortletTest" tests="8" skipped="0" failures="0" errors="0" timestamp="2023-07-11T17:28:00" hostname="fv-az351-324" time="9.956">
  <properties/>
  <testcase name="test_search_includeGrandChildCategory_success" classname="com.dotcms.rest.elasticsearch.ESContentResourcePortletTest" time="1.69"/>
  <testcase name="testSearch[0: com.dotcms.rest.elasticsearch.ESContentResourcePortletTest$TestCase@183e926b]" classname="com.dotcms.rest.elasticsearch.ESContentResourcePortletTest" time="1.03"/>
  <testcase name="testSearch[1: com.dotcms.rest.elasticsearch.ESContentResourcePortletTest$TestCase@233507ae]" classname="com.dotcms.rest.elasticsearch.ESContentResourcePortletTest" time="1.322"/>
  <testcase name="testSearch[2: com.dotcms.rest.elasticsearch.ESContentResourcePortletTest$TestCase@69a0cfb8]" classname="com.dotcms.rest.elasticsearch.ESContentResourcePortletTest" time="1.054"/>
  <testcase name="testSearch[3: com.dotcms.rest.elasticsearch.ESContentResourcePortletTest$TestCase@778cd8b7]" classname="com.dotcms.rest.elasticsearch.ESContentResourcePortletTest" time="1.326"/>
  <testcase name="testSearch[4: com.dotcms.rest.elasticsearch.ESContentResourcePortletTest$TestCase@1bcdb1e7]" classname="com.dotcms.rest.elasticsearch.ESContentResourcePortletTest" time="1.315"/>
  <testcase name="testSearch[5: com.dotcms.rest.elasticsearch.ESContentResourcePortletTest$TestCase@104edd47]" classname="com.dotcms.rest.elasticsearch.ESContentResourcePortletTest" time="1.111"/>
  <testcase name="testSearch[6: com.dotcms.rest.elasticsearch.ESContentResourcePortletTest$TestCase@7ffc0df9]" classname="com.dotcms.rest.elasticsearch.ESContentResourcePortletTest" time="1.106"/>
  <system-out><![CDATA[]]></system-out>
  <system-err><![CDATA[]]></system-err>
</testsuite>
