<?xml version="1.0" encoding="UTF-8"?>
<testsuite name="com.dotcms.contenttype.test.ContentResourceTest" tests="52" skipped="0" failures="0" errors="0" timestamp="2023-06-30T15:27:24" hostname="fv-az362-636" time="150.757">
  <properties/>
  <testcase name="testGetContentShouldReturnIconDetails" classname="com.dotcms.contenttype.test.ContentResourceTest" time="1.636"/>
  <testcase name="Test_Save_Action_Set_Words_To_Required_NumericField_Issue_15340" classname="com.dotcms.contenttype.test.ContentResourceTest" time="0.952"/>
  <testcase name="test_getContent_includeGrandChildCategory_success" classname="com.dotcms.contenttype.test.ContentResourceTest" time="1.454"/>
  <testcase name="testGetContentWithRelatedParameter[0: com.dotcms.contenttype.test.ContentResourceTest$PullRelatedTestCase@721c6cc]" classname="com.dotcms.contenttype.test.ContentResourceTest" time="3.989"/>
  <testcase name="testGetContentWithRelatedParameter[1: com.dotcms.contenttype.test.ContentResourceTest$PullRelatedTestCase@41501815]" classname="com.dotcms.contenttype.test.ContentResourceTest" time="4.117"/>
  <testcase name="testGetContentWithRelatedParameter[2: com.dotcms.contenttype.test.ContentResourceTest$PullRelatedTestCase@1c981c79]" classname="com.dotcms.contenttype.test.ContentResourceTest" time="4.332"/>
  <testcase name="testGetContentWithRelatedParameter[3: com.dotcms.contenttype.test.ContentResourceTest$PullRelatedTestCase@6db56170]" classname="com.dotcms.contenttype.test.ContentResourceTest" time="3.873"/>
  <testcase name="testGetContentWithRelatedParameter[4: com.dotcms.contenttype.test.ContentResourceTest$PullRelatedTestCase@64abddac]" classname="com.dotcms.contenttype.test.ContentResourceTest" time="3.858"/>
  <testcase name="test_getContent_SelfRelatedWith3LevelsOfDepth_shouldReturnRelationships" classname="com.dotcms.contenttype.test.ContentResourceTest" time="1.434"/>
  <testcase name="Test_Save_Action_Send_Fields_SubSet_Issue_15340" classname="com.dotcms.contenttype.test.ContentResourceTest" time="1.928"/>
  <testcase name="test_getContent_shouldReturnRelationships[0: com.dotcms.contenttype.test.ContentResourceTest$TestCase@25faf19c]" classname="com.dotcms.contenttype.test.ContentResourceTest" time="2.063"/>
  <testcase name="test_getContent_shouldReturnRelationships[1: com.dotcms.contenttype.test.ContentResourceTest$TestCase@79dd4a8e]" classname="com.dotcms.contenttype.test.ContentResourceTest" time="2.933"/>
  <testcase name="test_getContent_shouldReturnRelationships[2: com.dotcms.contenttype.test.ContentResourceTest$TestCase@3fa50a24]" classname="com.dotcms.contenttype.test.ContentResourceTest" time="3.024"/>
  <testcase name="test_getContent_shouldReturnRelationships[3: com.dotcms.contenttype.test.ContentResourceTest$TestCase@5d9f6c1]" classname="com.dotcms.contenttype.test.ContentResourceTest" time="2.37"/>
  <testcase name="test_getContent_shouldReturnRelationships[4: com.dotcms.contenttype.test.ContentResourceTest$TestCase@77dd91f7]" classname="com.dotcms.contenttype.test.ContentResourceTest" time="3.232"/>
  <testcase name="test_getContent_shouldReturnRelationships[5: com.dotcms.contenttype.test.ContentResourceTest$TestCase@64472cb8]" classname="com.dotcms.contenttype.test.ContentResourceTest" time="2.939"/>
  <testcase name="test_getContent_shouldReturnRelationships[6: com.dotcms.contenttype.test.ContentResourceTest$TestCase@73a4fe3e]" classname="com.dotcms.contenttype.test.ContentResourceTest" time="3.018"/>
  <testcase name="test_getContent_shouldReturnRelationships[7: com.dotcms.contenttype.test.ContentResourceTest$TestCase@39016175]" classname="com.dotcms.contenttype.test.ContentResourceTest" time="2.987"/>
  <testcase name="test_getContent_shouldReturnRelationships[8: com.dotcms.contenttype.test.ContentResourceTest$TestCase@22c80d8b]" classname="com.dotcms.contenttype.test.ContentResourceTest" time="3.108"/>
  <testcase name="test_getContent_shouldReturnRelationships[9: com.dotcms.contenttype.test.ContentResourceTest$TestCase@7fb7c786]" classname="com.dotcms.contenttype.test.ContentResourceTest" time="3.327"/>
  <testcase name="test_getContent_shouldReturnRelationships[10: com.dotcms.contenttype.test.ContentResourceTest$TestCase@2bb69340]" classname="com.dotcms.contenttype.test.ContentResourceTest" time="3.313"/>
  <testcase name="test_getContent_shouldReturnRelationships[11: com.dotcms.contenttype.test.ContentResourceTest$TestCase@190e558a]" classname="com.dotcms.contenttype.test.ContentResourceTest" time="3.064"/>
  <testcase name="test_getContent_shouldReturnRelationships[12: com.dotcms.contenttype.test.ContentResourceTest$TestCase@7bc8b775]" classname="com.dotcms.contenttype.test.ContentResourceTest" time="3.032"/>
  <testcase name="test_getContent_shouldReturnRelationships[13: com.dotcms.contenttype.test.ContentResourceTest$TestCase@3a82d47d]" classname="com.dotcms.contenttype.test.ContentResourceTest" time="3.06"/>
  <testcase name="test_getContent_shouldReturnRelationships[14: com.dotcms.contenttype.test.ContentResourceTest$TestCase@25316cfe]" classname="com.dotcms.contenttype.test.ContentResourceTest" time="3.04"/>
  <testcase name="test_getContent_shouldReturnRelationships[15: com.dotcms.contenttype.test.ContentResourceTest$TestCase@4e78dfd7]" classname="com.dotcms.contenttype.test.ContentResourceTest" time="4.269"/>
  <testcase name="test_getContent_shouldReturnRelationships[16: com.dotcms.contenttype.test.ContentResourceTest$TestCase@70b5ba72]" classname="com.dotcms.contenttype.test.ContentResourceTest" time="3.883"/>
  <testcase name="test_getContent_shouldReturnRelationships[17: com.dotcms.contenttype.test.ContentResourceTest$TestCase@5cb8b925]" classname="com.dotcms.contenttype.test.ContentResourceTest" time="3.153"/>
  <testcase name="test_getContent_shouldReturnRelationships[18: com.dotcms.contenttype.test.ContentResourceTest$TestCase@72c068d0]" classname="com.dotcms.contenttype.test.ContentResourceTest" time="3.304"/>
  <testcase name="test_getContent_shouldReturnRelationships[19: com.dotcms.contenttype.test.ContentResourceTest$TestCase@7ace9738]" classname="com.dotcms.contenttype.test.ContentResourceTest" time="3.34"/>
  <testcase name="test_getContent_shouldReturnRelationships[20: com.dotcms.contenttype.test.ContentResourceTest$TestCase@27f5d439]" classname="com.dotcms.contenttype.test.ContentResourceTest" time="3.241"/>
  <testcase name="test_getContent_shouldReturnRelationships[21: com.dotcms.contenttype.test.ContentResourceTest$TestCase@3e9d3073]" classname="com.dotcms.contenttype.test.ContentResourceTest" time="3.444"/>
  <testcase name="test_getContent_shouldReturnRelationships[22: com.dotcms.contenttype.test.ContentResourceTest$TestCase@4fea5998]" classname="com.dotcms.contenttype.test.ContentResourceTest" time="3.137"/>
  <testcase name="test_getContent_shouldReturnRelationships[23: com.dotcms.contenttype.test.ContentResourceTest$TestCase@4193600a]" classname="com.dotcms.contenttype.test.ContentResourceTest" time="2.242"/>
  <testcase name="test_getContent_shouldReturnRelationships[24: com.dotcms.contenttype.test.ContentResourceTest$TestCase@484e301d]" classname="com.dotcms.contenttype.test.ContentResourceTest" time="3.182"/>
  <testcase name="test_getContent_shouldReturnRelationships[25: com.dotcms.contenttype.test.ContentResourceTest$TestCase@1f878fcf]" classname="com.dotcms.contenttype.test.ContentResourceTest" time="3.373"/>
  <testcase name="test_getContent_shouldReturnRelationships[26: com.dotcms.contenttype.test.ContentResourceTest$TestCase@23c233e]" classname="com.dotcms.contenttype.test.ContentResourceTest" time="3.503"/>
  <testcase name="test_getContent_shouldReturnRelationships[27: com.dotcms.contenttype.test.ContentResourceTest$TestCase@58f58043]" classname="com.dotcms.contenttype.test.ContentResourceTest" time="3.162"/>
  <testcase name="test_getContent_shouldReturnRelationships[28: com.dotcms.contenttype.test.ContentResourceTest$TestCase@61029d98]" classname="com.dotcms.contenttype.test.ContentResourceTest" time="3.096"/>
  <testcase name="test_getContent_shouldReturnRelationships[29: com.dotcms.contenttype.test.ContentResourceTest$TestCase@42589f80]" classname="com.dotcms.contenttype.test.ContentResourceTest" time="3.104"/>
  <testcase name="test_getContent_shouldReturnRelationships[30: com.dotcms.contenttype.test.ContentResourceTest$TestCase@219e7126]" classname="com.dotcms.contenttype.test.ContentResourceTest" time="3.092"/>
  <testcase name="test_getContent_shouldReturnRelationships[31: com.dotcms.contenttype.test.ContentResourceTest$TestCase@559d1ace]" classname="com.dotcms.contenttype.test.ContentResourceTest" time="3.308"/>
  <testcase name="test_getContent_shouldReturnRelationships[32: com.dotcms.contenttype.test.ContentResourceTest$TestCase@2006b3b8]" classname="com.dotcms.contenttype.test.ContentResourceTest" time="4.19"/>
  <testcase name="test_getContent_shouldReturnRelationships[33: com.dotcms.contenttype.test.ContentResourceTest$TestCase@26a49ca7]" classname="com.dotcms.contenttype.test.ContentResourceTest" time="4.134"/>
  <testcase name="testSinglePOST_InvalidParamsShouldReturn400[0: ({\n    &quot;stInode&quot; : &quot;InvalidValue&quot;,\n    &quot;numeric&quot; : &quot;0&quot;,\n    &quot;image&quot; : &quot;whatever&quot;\n}, Bad Request)]" classname="com.dotcms.contenttype.test.ContentResourceTest" time="0.926"/>
  <testcase name="testSinglePOST_InvalidParamsShouldReturn400[1: ({\n    &quot;numeric&quot; : &quot;0&quot;,\n    &quot;image&quot; : &quot;whatever&quot;\n}, Bad Request)]" classname="com.dotcms.contenttype.test.ContentResourceTest" time="0.907"/>
  <testcase name="Test_Save_Action_Set_Null_To_Required_NumericField_Issue_15340" classname="com.dotcms.contenttype.test.ContentResourceTest" time="0.937"/>
  <testcase name="Test_Save_Action_Remove_Image_Then_Verify_Fields_Were_Cleared_Issue_15340" classname="com.dotcms.contenttype.test.ContentResourceTest" time="3.9"/>
  <testcase name="test_getContentWithMultipleSelfRelated_shouldReturnRelationships[0: com.dotcms.contenttype.test.ContentResourceTest$PullSelfRelatedTestCase@4917f13c]" classname="com.dotcms.contenttype.test.ContentResourceTest" time="1.879"/>
  <testcase name="test_getContentWithMultipleSelfRelated_shouldReturnRelationships[1: com.dotcms.contenttype.test.ContentResourceTest$PullSelfRelatedTestCase@5c1910d5]" classname="com.dotcms.contenttype.test.ContentResourceTest" time="1.776"/>
  <testcase name="testGetContentWithAllCategoriesInfo[0: json]" classname="com.dotcms.contenttype.test.ContentResourceTest" time="2.574"/>
  <testcase name="testGetContentWithAllCategoriesInfo[1: xml]" classname="com.dotcms.contenttype.test.ContentResourceTest" time="1.613"/>
  <system-out><![CDATA[











]]></system-out>
  <system-err><![CDATA[]]></system-err>
</testsuite>
