<?xml version="1.0" encoding="UTF-8"?>
<testsuite name="com.dotcms.rest.TagResourceIntegrationTest" tests="4" skipped="0" failures="0" errors="0" timestamp="2023-07-17T16:37:27" hostname="fv-az797-388" time="0.387">
  <properties/>
  <testcase name="testList[0: com.dotcms.rest.TagResourceTestCase@73b9f9de]" classname="com.dotcms.rest.TagResourceIntegrationTest" time="0.302"/>
  <testcase name="testList[1: com.dotcms.rest.TagResourceTestCase@560aa37e]" classname="com.dotcms.rest.TagResourceIntegrationTest" time="0.026"/>
  <testcase name="testList[2: com.dotcms.rest.TagResourceTestCase@2415858f]" classname="com.dotcms.rest.TagResourceIntegrationTest" time="0.022"/>
  <testcase name="testList[3: com.dotcms.rest.TagResourceTestCase@5cdac329]" classname="com.dotcms.rest.TagResourceIntegrationTest" time="0.036"/>
  <system-out><![CDATA[]]></system-out>
  <system-err><![CDATA[Jul 17, 2023 4:37:27 PM com.dotcms.repackage.org.hibernate.validator.internal.util.Version <clinit>
INFO: HV000001: Hibernate Validator 4.3.2.Final
]]></system-err>
</testsuite>
