<?xml version="1.0" encoding="UTF-8"?>
<testsuite name="com.dotmarketing.startup.runonce.Task04335CreateSystemWorkflowTest" tests="1" skipped="0" failures="0" errors="0" timestamp="2023-07-11T17:58:13" hostname="fv-az351-324" time="0.042">
  <properties/>
  <testcase name="addPermission_onDiffDataBase_Success" classname="com.dotmarketing.startup.runonce.Task04335CreateSystemWorkflowTest" time="0.042"/>
  <system-out><![CDATA[]]></system-out>
  <system-err><![CDATA[]]></system-err>
</testsuite>
