<?xml version="1.0" encoding="UTF-8"?>
<testsuite name="com.dotmarketing.business.DeterministicIdentifierAPITest" tests="16" skipped="0" failures="0" errors="0" timestamp="2023-06-26T20:55:11" hostname="fv-az351-37" time="1.702">
  <properties/>
  <testcase name="Test_Category_Path_Seed_And_Id" classname="com.dotmarketing.business.DeterministicIdentifierAPITest" time="0.027"/>
  <testcase name="Test_Language_Deterministic_Id[0: LanguageTestCase{expectedSeed='Language:es:US', expectedHash=4913155, langCode='es', countryCode='US', country='United States'}]" classname="com.dotmarketing.business.DeterministicIdentifierAPITest" time="0.002"/>
  <testcase name="Test_Language_Deterministic_Id[1: LanguageTestCase{expectedSeed='Language:ep:', expectedHash=5292269, langCode='ep', countryCode='', country=''}]" classname="com.dotmarketing.business.DeterministicIdentifierAPITest" time="0.001"/>
  <testcase name="Test_Language_Deterministic_Id[2: LanguageTestCase{expectedSeed='Language:sg:SAG', expectedHash=4713118, langCode='sg', countryCode='SAG', country=''}]" classname="com.dotmarketing.business.DeterministicIdentifierAPITest" time="0.002"/>
  <testcase name="Test_Language_Deterministic_Id[3: LanguageTestCase{expectedSeed='Language:en:NZ', expectedHash=5382528, langCode='en', countryCode='NZ', country='New Zealand'}]" classname="com.dotmarketing.business.DeterministicIdentifierAPITest" time="0.001"/>
  <testcase name="Test_Category_None_Persisted_Category_Should_Return_Deterministic_Id" classname="com.dotmarketing.business.DeterministicIdentifierAPITest" time="0.002"/>
  <testcase name="Test_Asset_Generate_Deterministic_Id_Best_Effort[0: TestCase{versionable=my.host1687807184206.com, parent=System Host, expectedName='my.host1687807184206.com', expectedType='Host'}]" classname="com.dotmarketing.business.DeterministicIdentifierAPITest" time="0.004"/>
  <testcase name="Test_Asset_Generate_Deterministic_Id_Best_Effort[1: TestCase{versionable=com.dotmarketing.portlets.contentlet.model.Contentlet@1a808baa[map={modDate=2023-06-26 19:19:45.304, fileName=file16159886520605045067.txt, title=file16159886520605045067.txt, inode=a893dd93-1f79-4f9e-9abe-e168039563e5, __IS_NEW_CONTENT__=true, disabledWYSIWYG=[], host=bebbb0bc-24fe-4a37-9481-c84702ab7a71, stInode=33888b6f-7a8e-4069-b1b6-5c1aa9d0a48d, owner=system, identifier=18f9226f-b729-4820-a9bd-2bf464cdc2e7, nullProperties=[wfExpireDate, wfPublishDate, wfActionAssign, wfActionId, wfActionComments, filterKey, whereToSend, wfNeverExpire, _path_to_move, timezoneId, iWantTo, wfPublishTime, wfExpireTime], languageId=1, fileAsset=/home/runner/work/core/custom/assets/a/8/a893dd93-1f79-4f9e-9abe-e168039563e5/fileAsset/file16159886520605045067.txt, folder=f16cc540-c3f2-42ec-a660-4cc5401a2207, __disable_workflow__=true, sortOrder=0, modUser=system},lowIndexPriority=false,variantId=DEFAULT], parent=com.dotmarketing.portlets.folders.model.Folder@6f63d1c9[identifier=f16cc540-c3f2-42ec-a660-4cc5401a2207,name=testName1687807185297,sortOrder=0,showOnMenu=false,hostId=bebbb0bc-24fe-4a37-9481-c84702ab7a71,type=folder,title=testTitle1687807185297,filesMasks=,defaultFileType=33888b6f-7a8e-4069-b1b6-5c1aa9d0a48d,modDate=2023-06-26 19:19:45.301,owner=&lt;null&gt;,iDate=2023-06-26 19:19:45.301,inode=f16cc540-c3f2-42ec-a660-4cc5401a2207,path=/testName1687807185297/], expectedName='file16159886520605045067.txt', expectedType='FileAsset'}]" classname="com.dotmarketing.business.DeterministicIdentifierAPITest" time="0.004"/>
  <testcase name="Test_Asset_Generate_Deterministic_Id_Best_Effort[2: TestCase{versionable=com.dotmarketing.portlets.templates.model.Template@80711975, parent=my.host1687807184206.com, expectedName='testTitle1687807185391', expectedType='Template'}]" classname="com.dotmarketing.business.DeterministicIdentifierAPITest" time="0.002"/>
  <testcase name="Test_Asset_Generate_Deterministic_Id_Best_Effort[3: TestCase{versionable=com.dotmarketing.portlets.htmlpageasset.model.HTMLPageAsset@4ed77c38[map={template=eb6e9fea-736f-4606-9eec-a135b773960e, owner=system, identifier=b4a7ac79-8a4a-4dbb-8d83-8c7afd6b990f, nullProperties=[wfExpireDate, wfPublishDate, wfActionAssign, wfActionId, wfActionComments, filterKey, whereToSend, wfNeverExpire, _path_to_move, timezoneId, iWantTo, wfPublishTime, wfExpireTime], modDate=2023-06-26 19:19:45.414, cachettl=0, _is_test_mode=true, languageId=1, title=test-page-title-1687807185410, httpsreq=, url=test-page-url-1687807185410, showOnMenu=, inode=8aca010d-062e-4d12-9182-57732e6213b1, folder=f16cc540-c3f2-42ec-a660-4cc5401a2207, disabledWYSIWYG=[], sortOrder=1, modUser=system, host=bebbb0bc-24fe-4a37-9481-c84702ab7a71, stInode=c541abb1-69b3-4bc5-8430-5e09e5239cc8, friendlyName=test-page-friendly-name-1687807185410},lowIndexPriority=false,variantId=DEFAULT], parent=com.dotmarketing.portlets.folders.model.Folder@6f63d1c9[identifier=f16cc540-c3f2-42ec-a660-4cc5401a2207,name=testName1687807185297,sortOrder=0,showOnMenu=false,hostId=bebbb0bc-24fe-4a37-9481-c84702ab7a71,type=folder,title=testTitle1687807185297,filesMasks=,defaultFileType=33888b6f-7a8e-4069-b1b6-5c1aa9d0a48d,modDate=2023-06-26 19:19:45.301,owner=&lt;null&gt;,iDate=2023-06-26 19:19:45.301,inode=f16cc540-c3f2-42ec-a660-4cc5401a2207,path=/testName1687807185297/], expectedName='test-page-url-1687807185410', expectedType='htmlpageasset'}]" classname="com.dotmarketing.business.DeterministicIdentifierAPITest" time="0.003"/>
  <testcase name="Test_Asset_Generate_Deterministic_Id_Best_Effort[4: TestCase{versionable=com.dotmarketing.portlets.contentlet.model.Contentlet@517d5005[map={fileAsset2=/home/runner/work/core/custom/assets/8/7/877c7da3-895c-4365-a7f4-2eecf22e9d47/fileAsset2/test_binary1687807186296.png, modDate=2023-06-26 19:19:46.303, fileAsset1=/home/runner/work/core/custom/assets/8/7/877c7da3-895c-4365-a7f4-2eecf22e9d47/fileAsset1/test_binary1687807186295.jpg, title=blah, inode=877c7da3-895c-4365-a7f4-2eecf22e9d47, __IS_NEW_CONTENT__=true, disabledWYSIWYG=[], host=8a7d5e23-da1e-420a-b4f0-471e7da8ea2d, stInode=0a44f60a-2332-4965-bd4e-bd34b1ededd1, owner=system, identifier=3879deb9-15c8-4741-a211-f2dfca260a5e, nullProperties=[], languageId=1, image1=91872476-f643-4f99-91a6-1ea7085add17, folder=SYSTEM_FOLDER, __disable_workflow__=true, sortOrder=0, modUser=system},lowIndexPriority=false,variantId=DEFAULT], parent=default, expectedName='test_binary1687807186295.jpg:test_binary1687807186296.png', expectedType='MultipleBinaries1687807185558'}]" classname="com.dotmarketing.business.DeterministicIdentifierAPITest" time="0.009"/>
  <testcase name="Test_Asset_Generate_Deterministic_Id_Best_Effort[5: TestCase{versionable=nameacec8e27dc : keyTagacec8e27dc, parent=my.host1687807184206.com, expectedName='keyTagacec8e27dc', expectedType='persona'}]" classname="com.dotmarketing.business.DeterministicIdentifierAPITest" time="0.007"/>
  <testcase name="Test_Similar_Content_Type_Wont_Clash" classname="com.dotmarketing.business.DeterministicIdentifierAPITest" time="0.475"/>
  <testcase name="Test_Generate_Folder_Identifier" classname="com.dotmarketing.business.DeterministicIdentifierAPITest" time="1.145"/>
  <testcase name="Test_Generate_Content_Type_Identifier[0: ContentTypeTestCase{contentType=KeyValueContentType{name=Language Variable, id=f4d7c1b8-2c88-4071-abf1-a5328977b07d, description=Default Content Type for Language Variables, defaultType=false, fixed=true, iDate=Thu Aug 31 16:38:49 UTC 2017, system=true, versionable=true, variable=Languagevariable, modDate=Mon Jun 26 19:16:29 UTC 2023, host=SYSTEM_HOST, siteName=systemHost, icon=language, sortOrder=0, folder=SYSTEM_FOLDER, folderPath=/, markedForDeletion=false, multilingualable=false}, expectedName='Languagevariable', expectedType='KeyValue'}]" classname="com.dotmarketing.business.DeterministicIdentifierAPITest" time="0.009"/>
  <testcase name="Test_Generate_Content_Type_Identifier[1: ContentTypeTestCase{contentType=SimpleContentType{name=testName1687807186578, id=f52272f8-6a15-4664-b5d5-7253088f9961, description=testDescription1687807186578, defaultType=false, fixed=false, iDate=Mon Jun 26 19:19:46 UTC 2023, system=false, versionable=true, multilingualable=false, variable=testVarname1687807186578, owner=system, modDate=Mon Jun 26 19:19:47 UTC 2023, host=8a7d5e23-da1e-420a-b4f0-471e7da8ea2d, siteName=default, icon=event_note, sortOrder=0, folder=SYSTEM_FOLDER, folderPath=/, requiredFields=[], markedForDeletion=false}, expectedName='testVarname1687807186578', expectedType='CONTENT'}]" classname="com.dotmarketing.business.DeterministicIdentifierAPITest" time="0.007"/>
  <system-out><![CDATA[]]></system-out>
  <system-err><![CDATA[]]></system-err>
</testsuite>
