<?xml version="1.0" encoding="UTF-8"?>
<testsuite name="com.dotcms.workflow.helper.TestSystemActionMappingsHandlerMerger" tests="2" skipped="0" failures="0" errors="0" timestamp="2023-07-14T14:41:36" hostname="fv-az627-249" time="0.116">
  <properties/>
  <testcase name="test_merge_system_actions_for_schemes" classname="com.dotcms.workflow.helper.TestSystemActionMappingsHandlerMerger" time="0.059"/>
  <testcase name="test_merge_system_actions_for_content_types" classname="com.dotcms.workflow.helper.TestSystemActionMappingsHandlerMerger" time="0.057"/>
  <system-out><![CDATA[]]></system-out>
  <system-err><![CDATA[]]></system-err>
</testsuite>
