<?xml version="1.0" encoding="UTF-8"?>
<testsuite name="com.dotmarketing.business.DeterministicIdentifierAPITest" tests="16" skipped="0" failures="0" errors="0" timestamp="2023-07-18T19:37:54" hostname="fv-az455-56" time="1.728">
  <properties/>
  <testcase name="Test_Category_Path_Seed_And_Id" classname="com.dotmarketing.business.DeterministicIdentifierAPITest" time="0.034"/>
  <testcase name="Test_Language_Deterministic_Id[0: LanguageTestCase{expectedSeed='Language:es:US', expectedHash=4913155, langCode='es', countryCode='US', country='United States'}]" classname="com.dotmarketing.business.DeterministicIdentifierAPITest" time="0.001"/>
  <testcase name="Test_Language_Deterministic_Id[1: LanguageTestCase{expectedSeed='Language:ep:', expectedHash=5292269, langCode='ep', countryCode='', country=''}]" classname="com.dotmarketing.business.DeterministicIdentifierAPITest" time="0.001"/>
  <testcase name="Test_Language_Deterministic_Id[2: LanguageTestCase{expectedSeed='Language:sg:SAG', expectedHash=4713118, langCode='sg', countryCode='SAG', country=''}]" classname="com.dotmarketing.business.DeterministicIdentifierAPITest" time="0.001"/>
  <testcase name="Test_Language_Deterministic_Id[3: LanguageTestCase{expectedSeed='Language:en:NZ', expectedHash=5382528, langCode='en', countryCode='NZ', country='New Zealand'}]" classname="com.dotmarketing.business.DeterministicIdentifierAPITest" time="0.001"/>
  <testcase name="Test_Category_None_Persisted_Category_Should_Return_Deterministic_Id" classname="com.dotmarketing.business.DeterministicIdentifierAPITest" time="0.002"/>
  <testcase name="Test_Asset_Generate_Deterministic_Id_Best_Effort[0: TestCase{versionable=my.host1689708618992.com, parent=System Host, expectedName='my.host1689708618992.com', expectedType='Host'}]" classname="com.dotmarketing.business.DeterministicIdentifierAPITest" time="0.005"/>
  <testcase name="Test_Asset_Generate_Deterministic_Id_Best_Effort[1: TestCase{versionable=com.dotmarketing.portlets.contentlet.model.Contentlet@1e0a590f[map={modDate=2023-07-18 19:30:19.469, fileName=file5124973295270369056.txt, title=file5124973295270369056.txt, inode=111bc2e5-61d4-4358-a5bf-e1d54cbfbacd, __IS_NEW_CONTENT__=true, disabledWYSIWYG=[], host=5ccceb00-8d8e-496d-b776-72bff269dfe2, stInode=33888b6f-7a8e-4069-b1b6-5c1aa9d0a48d, owner=system, identifier=bb93f641-69ce-48c8-8391-44c0c1999079, nullProperties=[wfExpireDate, wfPublishDate, wfActionAssign, wfActionId, wfActionComments, filterKey, whereToSend, wfNeverExpire, _path_to_move, timezoneId, iWantTo, wfPublishTime, wfExpireTime], languageId=1, fileAsset=/home/runner/work/core/custom/assets/1/1/111bc2e5-61d4-4358-a5bf-e1d54cbfbacd/fileAsset/file5124973295270369056.txt, folder=fe4ea539-609e-4274-95cd-ad38d135fcd9, __disable_workflow__=true, sortOrder=0, modUser=system},lowIndexPriority=false,variantId=DEFAULT], parent=com.dotmarketing.portlets.folders.model.Folder@50a06d1d[identifier=fe4ea539-609e-4274-95cd-ad38d135fcd9,name=testName1689708619458,sortOrder=0,showOnMenu=false,hostId=5ccceb00-8d8e-496d-b776-72bff269dfe2,type=folder,title=testTitle1689708619458,filesMasks=,defaultFileType=33888b6f-7a8e-4069-b1b6-5c1aa9d0a48d,modDate=2023-07-18 19:30:19.462,owner=&lt;null&gt;,iDate=2023-07-18 19:30:19.462,inode=fe4ea539-609e-4274-95cd-ad38d135fcd9,path=/testName1689708619458/], expectedName='file5124973295270369056.txt', expectedType='FileAsset'}]" classname="com.dotmarketing.business.DeterministicIdentifierAPITest" time="0.004"/>
  <testcase name="Test_Asset_Generate_Deterministic_Id_Best_Effort[2: TestCase{versionable=com.dotmarketing.portlets.templates.model.Template@a377e66b, parent=my.host1689708618992.com, expectedName='testTitle1689708619617', expectedType='Template'}]" classname="com.dotmarketing.business.DeterministicIdentifierAPITest" time="0.003"/>
  <testcase name="Test_Asset_Generate_Deterministic_Id_Best_Effort[3: TestCase{versionable=com.dotmarketing.portlets.htmlpageasset.model.HTMLPageAsset@61090dcd[map={template=6fe03c17-372d-4688-86d0-9655f30caccf, owner=system, identifier=76a179f8-26ef-48c6-bd88-4971297ce0a9, nullProperties=[wfExpireDate, wfPublishDate, wfActionAssign, wfActionId, wfActionComments, filterKey, whereToSend, wfNeverExpire, _path_to_move, timezoneId, iWantTo, wfPublishTime, wfExpireTime], modDate=2023-07-18 19:30:19.643, cachettl=0, _is_test_mode=true, languageId=1, title=test-page-title-1689708619636, httpsreq=, url=test-page-url-1689708619636, showOnMenu=, inode=2a778919-078b-455f-a500-dadd253f2d28, folder=fe4ea539-609e-4274-95cd-ad38d135fcd9, disabledWYSIWYG=[], sortOrder=1, modUser=system, host=5ccceb00-8d8e-496d-b776-72bff269dfe2, stInode=c541abb1-69b3-4bc5-8430-5e09e5239cc8, friendlyName=test-page-friendly-name-1689708619636},lowIndexPriority=false,variantId=DEFAULT], parent=com.dotmarketing.portlets.folders.model.Folder@50a06d1d[identifier=fe4ea539-609e-4274-95cd-ad38d135fcd9,name=testName1689708619458,sortOrder=0,showOnMenu=false,hostId=5ccceb00-8d8e-496d-b776-72bff269dfe2,type=folder,title=testTitle1689708619458,filesMasks=,defaultFileType=33888b6f-7a8e-4069-b1b6-5c1aa9d0a48d,modDate=2023-07-18 19:30:19.462,owner=&lt;null&gt;,iDate=2023-07-18 19:30:19.462,inode=fe4ea539-609e-4274-95cd-ad38d135fcd9,path=/testName1689708619458/], expectedName='test-page-url-1689708619636', expectedType='htmlpageasset'}]" classname="com.dotmarketing.business.DeterministicIdentifierAPITest" time="0.004"/>
  <testcase name="Test_Asset_Generate_Deterministic_Id_Best_Effort[4: TestCase{versionable=com.dotmarketing.portlets.contentlet.model.Contentlet@6b5b55b2[map={fileAsset2=/home/runner/work/core/custom/assets/7/3/730aefaf-fbce-4228-85f6-d6912324ecf9/fileAsset2/test_binary1689708621485.png, modDate=2023-07-18 19:30:21.493, fileAsset1=/home/runner/work/core/custom/assets/7/3/730aefaf-fbce-4228-85f6-d6912324ecf9/fileAsset1/test_binary1689708621485.jpg, title=blah, inode=730aefaf-fbce-4228-85f6-d6912324ecf9, __IS_NEW_CONTENT__=true, disabledWYSIWYG=[], host=48190c8c-42c4-46af-8d1a-0cd5db894797, stInode=f1ad23f7-e789-463a-ac10-710ce90ef8bf, owner=system, identifier=9927396b-d24f-49dc-8479-0f9bf1629bad, nullProperties=[], languageId=1, image1=3ddeb12f-78e8-4e21-b2a9-8b7ff6dfbe89, folder=SYSTEM_FOLDER, __disable_workflow__=true, sortOrder=0, modUser=system},lowIndexPriority=false,variantId=DEFAULT], parent=demo.dotcms.com, expectedName='test_binary1689708621485.jpg:test_binary1689708621485.png', expectedType='MultipleBinaries1689708619874'}]" classname="com.dotmarketing.business.DeterministicIdentifierAPITest" time="0.005"/>
  <testcase name="Test_Asset_Generate_Deterministic_Id_Best_Effort[5: TestCase{versionable=name340fed73d1 : keyTag340fed73d1, parent=my.host1689708618992.com, expectedName='keyTag340fed73d1', expectedType='persona'}]" classname="com.dotmarketing.business.DeterministicIdentifierAPITest" time="0.004"/>
  <testcase name="Test_Similar_Content_Type_Wont_Clash" classname="com.dotmarketing.business.DeterministicIdentifierAPITest" time="0.752"/>
  <testcase name="Test_Generate_Folder_Identifier" classname="com.dotmarketing.business.DeterministicIdentifierAPITest" time="0.885"/>
  <testcase name="Test_Generate_Content_Type_Identifier[0: ContentTypeTestCase{contentType=KeyValueContentType{name=Language Variable, id=f4d7c1b8-2c88-4071-abf1-a5328977b07d, description=Default Content Type for Language Variables, defaultType=false, fixed=true, iDate=Thu Aug 31 16:38:49 UTC 2017, system=true, versionable=true, variable=Languagevariable, modDate=Tue Jul 18 18:10:51 UTC 2023, host=SYSTEM_HOST, siteName=systemHost, icon=language, sortOrder=0, folder=SYSTEM_FOLDER, folderPath=/, markedForDeletion=true, multilingualable=false}, expectedName='Languagevariable', expectedType='KeyValue'}]" classname="com.dotmarketing.business.DeterministicIdentifierAPITest" time="0.008"/>
  <testcase name="Test_Generate_Content_Type_Identifier[1: ContentTypeTestCase{contentType=SimpleContentType{name=testName1689708622059, id=8eff7530-a70a-4d3d-8826-f2eb1639cdb7, description=testDescription1689708622059, defaultType=false, fixed=false, iDate=Tue Jul 18 19:30:22 UTC 2023, system=false, versionable=true, multilingualable=false, variable=testVarname1689708622059, owner=system, modDate=Tue Jul 18 19:30:23 UTC 2023, host=48190c8c-42c4-46af-8d1a-0cd5db894797, siteName=demo.dotcms.com, icon=event_note, sortOrder=0, folder=SYSTEM_FOLDER, folderPath=/, requiredFields=[], markedForDeletion=false}, expectedName='testVarname1689708622059', expectedType='CONTENT'}]" classname="com.dotmarketing.business.DeterministicIdentifierAPITest" time="0.011"/>
  <system-out><![CDATA[]]></system-out>
  <system-err><![CDATA[]]></system-err>
</testsuite>
