<?xml version="1.0" encoding="UTF-8"?>
<testsuite name="com.dotmarketing.business.DeterministicIdentifierAPITest" tests="16" skipped="0" failures="0" errors="0" timestamp="2023-07-14T20:59:39" hostname="fv-az251-985" time="0.826">
  <properties/>
  <testcase name="Test_Category_Path_Seed_And_Id" classname="com.dotmarketing.business.DeterministicIdentifierAPITest" time="0.017"/>
  <testcase name="Test_Language_Deterministic_Id[0: LanguageTestCase{expectedSeed='Language:es:US', expectedHash=4913155, langCode='es', countryCode='US', country='United States'}]" classname="com.dotmarketing.business.DeterministicIdentifierAPITest" time="0.001"/>
  <testcase name="Test_Language_Deterministic_Id[1: LanguageTestCase{expectedSeed='Language:ep:', expectedHash=5292269, langCode='ep', countryCode='', country=''}]" classname="com.dotmarketing.business.DeterministicIdentifierAPITest" time="0.001"/>
  <testcase name="Test_Language_Deterministic_Id[2: LanguageTestCase{expectedSeed='Language:sg:SAG', expectedHash=4713118, langCode='sg', countryCode='SAG', country=''}]" classname="com.dotmarketing.business.DeterministicIdentifierAPITest" time="0.001"/>
  <testcase name="Test_Language_Deterministic_Id[3: LanguageTestCase{expectedSeed='Language:en:NZ', expectedHash=5382528, langCode='en', countryCode='NZ', country='New Zealand'}]" classname="com.dotmarketing.business.DeterministicIdentifierAPITest" time="0.001"/>
  <testcase name="Test_Category_None_Persisted_Category_Should_Return_Deterministic_Id" classname="com.dotmarketing.business.DeterministicIdentifierAPITest" time="0.001"/>
  <testcase name="Test_Asset_Generate_Deterministic_Id_Best_Effort[0: TestCase{versionable=my.host1689367993745.com, parent=System Host, expectedName='my.host1689367993745.com', expectedType='Host'}]" classname="com.dotmarketing.business.DeterministicIdentifierAPITest" time="0.003"/>
  <testcase name="Test_Asset_Generate_Deterministic_Id_Best_Effort[1: TestCase{versionable=com.dotmarketing.portlets.contentlet.model.Contentlet@3f5cbc43[map={modDate=2023-07-14 20:53:14.462, fileName=file6108417003813393794.txt, title=file6108417003813393794.txt, inode=ca273cdd-da17-4cf0-be07-84fbb62066ae, __IS_NEW_CONTENT__=true, disabledWYSIWYG=[], host=7da914d0-546c-478e-924f-19e1586a53b2, stInode=33888b6f-7a8e-4069-b1b6-5c1aa9d0a48d, owner=system, identifier=6c14d403-0dc9-4dc2-8965-b6b014da10d0, nullProperties=[wfExpireDate, wfPublishDate, wfActionAssign, wfActionId, wfActionComments, filterKey, whereToSend, wfNeverExpire, _path_to_move, timezoneId, iWantTo, wfPublishTime, wfExpireTime], languageId=1, fileAsset=/home/runner/work/core/custom/assets/c/a/ca273cdd-da17-4cf0-be07-84fbb62066ae/fileAsset/file6108417003813393794.txt, folder=14fe78d8-7d31-45d2-bc3c-bc6055913b7c, __disable_workflow__=true, sortOrder=0, modUser=system},lowIndexPriority=false,variantId=DEFAULT], parent=com.dotmarketing.portlets.folders.model.Folder@4aafba7a[identifier=14fe78d8-7d31-45d2-bc3c-bc6055913b7c,name=testName1689367994455,sortOrder=0,showOnMenu=false,hostId=7da914d0-546c-478e-924f-19e1586a53b2,type=folder,title=testTitle1689367994455,filesMasks=,defaultFileType=33888b6f-7a8e-4069-b1b6-5c1aa9d0a48d,modDate=2023-07-14 20:53:14.458,owner=&lt;null&gt;,iDate=2023-07-14 20:53:14.458,inode=14fe78d8-7d31-45d2-bc3c-bc6055913b7c,path=/testName1689367994455/], expectedName='file6108417003813393794.txt', expectedType='FileAsset'}]" classname="com.dotmarketing.business.DeterministicIdentifierAPITest" time="0.003"/>
  <testcase name="Test_Asset_Generate_Deterministic_Id_Best_Effort[2: TestCase{versionable=com.dotmarketing.portlets.templates.model.Template@7826e26b, parent=my.host1689367993745.com, expectedName='testTitle1689367994553', expectedType='Template'}]" classname="com.dotmarketing.business.DeterministicIdentifierAPITest" time="0.002"/>
  <testcase name="Test_Asset_Generate_Deterministic_Id_Best_Effort[3: TestCase{versionable=com.dotmarketing.portlets.htmlpageasset.model.HTMLPageAsset@68c93141[map={template=0997254a-b65b-44f4-8a2e-6a1cf20b7031, owner=system, identifier=2277cb9d-5d8f-42bd-8af3-a6c9acf8e530, nullProperties=[wfExpireDate, wfPublishDate, wfActionAssign, wfActionId, wfActionComments, filterKey, whereToSend, wfNeverExpire, _path_to_move, timezoneId, iWantTo, wfPublishTime, wfExpireTime], modDate=2023-07-14 20:53:14.569, cachettl=0, _is_test_mode=true, languageId=1, title=test-page-title-1689367994565, httpsreq=, url=test-page-url-1689367994565, showOnMenu=, inode=779f4231-9e3e-4f64-98ef-c3f358509955, folder=14fe78d8-7d31-45d2-bc3c-bc6055913b7c, disabledWYSIWYG=[], sortOrder=1, modUser=system, host=7da914d0-546c-478e-924f-19e1586a53b2, stInode=c541abb1-69b3-4bc5-8430-5e09e5239cc8, friendlyName=test-page-friendly-name-1689367994565},lowIndexPriority=false,variantId=DEFAULT], parent=com.dotmarketing.portlets.folders.model.Folder@4aafba7a[identifier=14fe78d8-7d31-45d2-bc3c-bc6055913b7c,name=testName1689367994455,sortOrder=0,showOnMenu=false,hostId=7da914d0-546c-478e-924f-19e1586a53b2,type=folder,title=testTitle1689367994455,filesMasks=,defaultFileType=33888b6f-7a8e-4069-b1b6-5c1aa9d0a48d,modDate=2023-07-14 20:53:14.458,owner=&lt;null&gt;,iDate=2023-07-14 20:53:14.458,inode=14fe78d8-7d31-45d2-bc3c-bc6055913b7c,path=/testName1689367994455/], expectedName='test-page-url-1689367994565', expectedType='htmlpageasset'}]" classname="com.dotmarketing.business.DeterministicIdentifierAPITest" time="0.006"/>
  <testcase name="Test_Asset_Generate_Deterministic_Id_Best_Effort[4: TestCase{versionable=com.dotmarketing.portlets.contentlet.model.Contentlet@27f0d9[map={fileAsset2=/home/runner/work/core/custom/assets/9/a/9a095956-88ce-4fba-8e7a-1499de0a85c7/fileAsset2/test_binary1689367995473.png, modDate=2023-07-14 20:53:15.476, fileAsset1=/home/runner/work/core/custom/assets/9/a/9a095956-88ce-4fba-8e7a-1499de0a85c7/fileAsset1/test_binary1689367995473.jpg, title=blah, inode=9a095956-88ce-4fba-8e7a-1499de0a85c7, __IS_NEW_CONTENT__=true, disabledWYSIWYG=[], host=48190c8c-42c4-46af-8d1a-0cd5db894797, stInode=c4130aff-e22e-4a52-9e26-b31ca73f239d, owner=system, identifier=7d2387c6-e393-4dea-8cbe-2f87c5263d95, nullProperties=[], languageId=1, image1=f4df3f70-6f9a-4c84-8dfa-cfa74b1d17c0, folder=SYSTEM_FOLDER, __disable_workflow__=true, sortOrder=0, modUser=system},lowIndexPriority=false,variantId=DEFAULT], parent=demo.dotcms.com, expectedName='test_binary1689367995473.jpg:test_binary1689367995473.png', expectedType='MultipleBinaries1689367994725'}]" classname="com.dotmarketing.business.DeterministicIdentifierAPITest" time="0.003"/>
  <testcase name="Test_Asset_Generate_Deterministic_Id_Best_Effort[5: TestCase{versionable=nameeaf1a8a1ea : keyTageaf1a8a1ea, parent=my.host1689367993745.com, expectedName='keyTageaf1a8a1ea', expectedType='persona'}]" classname="com.dotmarketing.business.DeterministicIdentifierAPITest" time="0.002"/>
  <testcase name="Test_Similar_Content_Type_Wont_Clash" classname="com.dotmarketing.business.DeterministicIdentifierAPITest" time="0.405"/>
  <testcase name="Test_Generate_Folder_Identifier" classname="com.dotmarketing.business.DeterministicIdentifierAPITest" time="0.372"/>
  <testcase name="Test_Generate_Content_Type_Identifier[0: ContentTypeTestCase{contentType=KeyValueContentType{name=Language Variable, id=f4d7c1b8-2c88-4071-abf1-a5328977b07d, description=Default Content Type for Language Variables, defaultType=false, fixed=true, iDate=Thu Aug 31 16:38:49 UTC 2017, system=true, versionable=true, variable=Languagevariable, modDate=Fri Jul 14 19:50:33 UTC 2023, host=SYSTEM_HOST, siteName=systemHost, icon=language, sortOrder=0, folder=SYSTEM_FOLDER, folderPath=/, markedForDeletion=true, multilingualable=false}, expectedName='Languagevariable', expectedType='KeyValue'}]" classname="com.dotmarketing.business.DeterministicIdentifierAPITest" time="0.003"/>
  <testcase name="Test_Generate_Content_Type_Identifier[1: ContentTypeTestCase{contentType=SimpleContentType{name=testName1689367995834, id=3be9f3e3-ef6d-4e01-94b6-d1d7dc10bcba, description=testDescription1689367995834, defaultType=false, fixed=false, iDate=Fri Jul 14 20:53:15 UTC 2023, system=false, versionable=true, multilingualable=false, variable=testVarname1689367995834, owner=system, modDate=Fri Jul 14 20:53:16 UTC 2023, host=48190c8c-42c4-46af-8d1a-0cd5db894797, siteName=demo.dotcms.com, icon=event_note, sortOrder=0, folder=SYSTEM_FOLDER, folderPath=/, requiredFields=[], markedForDeletion=false}, expectedName='testVarname1689367995834', expectedType='CONTENT'}]" classname="com.dotmarketing.business.DeterministicIdentifierAPITest" time="0.003"/>
  <system-out><![CDATA[]]></system-out>
  <system-err><![CDATA[]]></system-err>
</testsuite>
