<?xml version="1.0" encoding="UTF-8"?>
<testsuite name="com.dotcms.rendering.velocity.viewtools.content.util.ContentUtilsTest" tests="89" skipped="0" failures="0" errors="0" timestamp="2023-06-23T18:56:23" hostname="fv-az162-375" time="405.257">
  <properties/>
  <testcase name="whenTheTimeMachineDateIsNullAndPublishDateInFutureShouldNotReturnAnything" classname="com.dotcms.rendering.velocity.viewtools.content.util.ContentUtilsTest" time="2.945"/>
  <testcase name="test_find_multilingual_contentlet_getContentletSuccessfully" classname="com.dotcms.rendering.velocity.viewtools.content.util.ContentUtilsTest" time="2.113"/>
  <testcase name="whenTheTimeMachineDateAndPublishDateAreTomorrowShouldReturnOneContent" classname="com.dotcms.rendering.velocity.viewtools.content.util.ContentUtilsTest" time="2.983"/>
  <testcase name="testPullRelated[0: com.dotcms.rendering.velocity.viewtools.content.util.ContentUtilsTest$TestCase@dd94a9]" classname="com.dotcms.rendering.velocity.viewtools.content.util.ContentUtilsTest" time="3.773"/>
  <testcase name="testPullRelated[1: com.dotcms.rendering.velocity.viewtools.content.util.ContentUtilsTest$TestCase@7972bab7]" classname="com.dotcms.rendering.velocity.viewtools.content.util.ContentUtilsTest" time="3.769"/>
  <testcase name="testPullRelated[2: com.dotcms.rendering.velocity.viewtools.content.util.ContentUtilsTest$TestCase@23815f89]" classname="com.dotcms.rendering.velocity.viewtools.content.util.ContentUtilsTest" time="3.198"/>
  <testcase name="testPullRelated[3: com.dotcms.rendering.velocity.viewtools.content.util.ContentUtilsTest$TestCase@38ba0332]" classname="com.dotcms.rendering.velocity.viewtools.content.util.ContentUtilsTest" time="3.944"/>
  <testcase name="testPullRelated[4: com.dotcms.rendering.velocity.viewtools.content.util.ContentUtilsTest$TestCase@542ea050]" classname="com.dotcms.rendering.velocity.viewtools.content.util.ContentUtilsTest" time="4.03"/>
  <testcase name="testPullRelated[5: com.dotcms.rendering.velocity.viewtools.content.util.ContentUtilsTest$TestCase@38e51f60]" classname="com.dotcms.rendering.velocity.viewtools.content.util.ContentUtilsTest" time="3.961"/>
  <testcase name="testPullRelated[6: com.dotcms.rendering.velocity.viewtools.content.util.ContentUtilsTest$TestCase@113162e2]" classname="com.dotcms.rendering.velocity.viewtools.content.util.ContentUtilsTest" time="4.355"/>
  <testcase name="testPullRelated[7: com.dotcms.rendering.velocity.viewtools.content.util.ContentUtilsTest$TestCase@797a5065]" classname="com.dotcms.rendering.velocity.viewtools.content.util.ContentUtilsTest" time="2.929"/>
  <testcase name="testPullRelated[8: com.dotcms.rendering.velocity.viewtools.content.util.ContentUtilsTest$TestCase@58f7433a]" classname="com.dotcms.rendering.velocity.viewtools.content.util.ContentUtilsTest" time="3.013"/>
  <testcase name="testPullRelated[9: com.dotcms.rendering.velocity.viewtools.content.util.ContentUtilsTest$TestCase@4879495b]" classname="com.dotcms.rendering.velocity.viewtools.content.util.ContentUtilsTest" time="4.138"/>
  <testcase name="testPullRelated[10: com.dotcms.rendering.velocity.viewtools.content.util.ContentUtilsTest$TestCase@52c504c4]" classname="com.dotcms.rendering.velocity.viewtools.content.util.ContentUtilsTest" time="4.295"/>
  <testcase name="testPullRelated[11: com.dotcms.rendering.velocity.viewtools.content.util.ContentUtilsTest$TestCase@79178f81]" classname="com.dotcms.rendering.velocity.viewtools.content.util.ContentUtilsTest" time="3.57"/>
  <testcase name="testPullRelated[12: com.dotcms.rendering.velocity.viewtools.content.util.ContentUtilsTest$TestCase@1b1bfd0a]" classname="com.dotcms.rendering.velocity.viewtools.content.util.ContentUtilsTest" time="3.969"/>
  <testcase name="testPullRelated[13: com.dotcms.rendering.velocity.viewtools.content.util.ContentUtilsTest$TestCase@192a4ca3]" classname="com.dotcms.rendering.velocity.viewtools.content.util.ContentUtilsTest" time="4.152"/>
  <testcase name="testPullRelated[14: com.dotcms.rendering.velocity.viewtools.content.util.ContentUtilsTest$TestCase@63b39866]" classname="com.dotcms.rendering.velocity.viewtools.content.util.ContentUtilsTest" time="4.023"/>
  <testcase name="testPullRelated[15: com.dotcms.rendering.velocity.viewtools.content.util.ContentUtilsTest$TestCase@261d6816]" classname="com.dotcms.rendering.velocity.viewtools.content.util.ContentUtilsTest" time="4.111"/>
  <testcase name="testPullRelated[16: com.dotcms.rendering.velocity.viewtools.content.util.ContentUtilsTest$TestCase@62aa3272]" classname="com.dotcms.rendering.velocity.viewtools.content.util.ContentUtilsTest" time="4.12"/>
  <testcase name="testPullRelated[17: com.dotcms.rendering.velocity.viewtools.content.util.ContentUtilsTest$TestCase@292e25d0]" classname="com.dotcms.rendering.velocity.viewtools.content.util.ContentUtilsTest" time="3.806"/>
  <testcase name="testPullRelated[18: com.dotcms.rendering.velocity.viewtools.content.util.ContentUtilsTest$TestCase@5621e83b]" classname="com.dotcms.rendering.velocity.viewtools.content.util.ContentUtilsTest" time="4.201"/>
  <testcase name="testPullRelated[19: com.dotcms.rendering.velocity.viewtools.content.util.ContentUtilsTest$TestCase@1bb17731]" classname="com.dotcms.rendering.velocity.viewtools.content.util.ContentUtilsTest" time="4.012"/>
  <testcase name="testPullRelated[20: com.dotcms.rendering.velocity.viewtools.content.util.ContentUtilsTest$TestCase@28bbef97]" classname="com.dotcms.rendering.velocity.viewtools.content.util.ContentUtilsTest" time="3.922"/>
  <testcase name="testPullRelated[21: com.dotcms.rendering.velocity.viewtools.content.util.ContentUtilsTest$TestCase@70634ff5]" classname="com.dotcms.rendering.velocity.viewtools.content.util.ContentUtilsTest" time="4.018"/>
  <testcase name="testPullRelated[22: com.dotcms.rendering.velocity.viewtools.content.util.ContentUtilsTest$TestCase@29da01f2]" classname="com.dotcms.rendering.velocity.viewtools.content.util.ContentUtilsTest" time="4.242"/>
  <testcase name="testPullRelated[23: com.dotcms.rendering.velocity.viewtools.content.util.ContentUtilsTest$TestCase@3942f307]" classname="com.dotcms.rendering.velocity.viewtools.content.util.ContentUtilsTest" time="3.905"/>
  <testcase name="testPullRelated[24: com.dotcms.rendering.velocity.viewtools.content.util.ContentUtilsTest$TestCase@4e7274ef]" classname="com.dotcms.rendering.velocity.viewtools.content.util.ContentUtilsTest" time="4.183"/>
  <testcase name="testPullRelated[25: com.dotcms.rendering.velocity.viewtools.content.util.ContentUtilsTest$TestCase@24848633]" classname="com.dotcms.rendering.velocity.viewtools.content.util.ContentUtilsTest" time="4.159"/>
  <testcase name="testPullRelated[26: com.dotcms.rendering.velocity.viewtools.content.util.ContentUtilsTest$TestCase@5da8d6c0]" classname="com.dotcms.rendering.velocity.viewtools.content.util.ContentUtilsTest" time="3.921"/>
  <testcase name="testPullRelated[27: com.dotcms.rendering.velocity.viewtools.content.util.ContentUtilsTest$TestCase@73dcccb9]" classname="com.dotcms.rendering.velocity.viewtools.content.util.ContentUtilsTest" time="4.029"/>
  <testcase name="testPullRelated[28: com.dotcms.rendering.velocity.viewtools.content.util.ContentUtilsTest$TestCase@2ed40b21]" classname="com.dotcms.rendering.velocity.viewtools.content.util.ContentUtilsTest" time="4.031"/>
  <testcase name="testPullRelated[29: com.dotcms.rendering.velocity.viewtools.content.util.ContentUtilsTest$TestCase@2ee1a5d6]" classname="com.dotcms.rendering.velocity.viewtools.content.util.ContentUtilsTest" time="3.92"/>
  <testcase name="testPullRelated[30: com.dotcms.rendering.velocity.viewtools.content.util.ContentUtilsTest$TestCase@35e4781c]" classname="com.dotcms.rendering.velocity.viewtools.content.util.ContentUtilsTest" time="4.008"/>
  <testcase name="testPullRelated[31: com.dotcms.rendering.velocity.viewtools.content.util.ContentUtilsTest$TestCase@2048d31d]" classname="com.dotcms.rendering.velocity.viewtools.content.util.ContentUtilsTest" time="4.303"/>
  <testcase name="testPullRelated[32: com.dotcms.rendering.velocity.viewtools.content.util.ContentUtilsTest$TestCase@2e4b4936]" classname="com.dotcms.rendering.velocity.viewtools.content.util.ContentUtilsTest" time="3.778"/>
  <testcase name="testPullRelated[33: com.dotcms.rendering.velocity.viewtools.content.util.ContentUtilsTest$TestCase@d27963c]" classname="com.dotcms.rendering.velocity.viewtools.content.util.ContentUtilsTest" time="4.264"/>
  <testcase name="testPullRelated[34: com.dotcms.rendering.velocity.viewtools.content.util.ContentUtilsTest$TestCase@1b953b1c]" classname="com.dotcms.rendering.velocity.viewtools.content.util.ContentUtilsTest" time="4.003"/>
  <testcase name="testPullRelated[35: com.dotcms.rendering.velocity.viewtools.content.util.ContentUtilsTest$TestCase@7da3d348]" classname="com.dotcms.rendering.velocity.viewtools.content.util.ContentUtilsTest" time="4.083"/>
  <testcase name="testPullRelated[36: com.dotcms.rendering.velocity.viewtools.content.util.ContentUtilsTest$TestCase@9d53733]" classname="com.dotcms.rendering.velocity.viewtools.content.util.ContentUtilsTest" time="5.91"/>
  <testcase name="testPullRelated[37: com.dotcms.rendering.velocity.viewtools.content.util.ContentUtilsTest$TestCase@38f2c643]" classname="com.dotcms.rendering.velocity.viewtools.content.util.ContentUtilsTest" time="6.152"/>
  <testcase name="testPullRelated[38: com.dotcms.rendering.velocity.viewtools.content.util.ContentUtilsTest$TestCase@a0d579a]" classname="com.dotcms.rendering.velocity.viewtools.content.util.ContentUtilsTest" time="6.241"/>
  <testcase name="testPullRelated[39: com.dotcms.rendering.velocity.viewtools.content.util.ContentUtilsTest$TestCase@69d7ec00]" classname="com.dotcms.rendering.velocity.viewtools.content.util.ContentUtilsTest" time="5.006"/>
  <testcase name="testPullRelated[40: com.dotcms.rendering.velocity.viewtools.content.util.ContentUtilsTest$TestCase@499b22a6]" classname="com.dotcms.rendering.velocity.viewtools.content.util.ContentUtilsTest" time="6.195"/>
  <testcase name="testPullRelated[41: com.dotcms.rendering.velocity.viewtools.content.util.ContentUtilsTest$TestCase@67f53508]" classname="com.dotcms.rendering.velocity.viewtools.content.util.ContentUtilsTest" time="5.931"/>
  <testcase name="testPullRelated[42: com.dotcms.rendering.velocity.viewtools.content.util.ContentUtilsTest$TestCase@7a41feb]" classname="com.dotcms.rendering.velocity.viewtools.content.util.ContentUtilsTest" time="6.164"/>
  <testcase name="testPullRelated[43: com.dotcms.rendering.velocity.viewtools.content.util.ContentUtilsTest$TestCase@51c544f3]" classname="com.dotcms.rendering.velocity.viewtools.content.util.ContentUtilsTest" time="6.143"/>
  <testcase name="testPullRelated[44: com.dotcms.rendering.velocity.viewtools.content.util.ContentUtilsTest$TestCase@41dbc27f]" classname="com.dotcms.rendering.velocity.viewtools.content.util.ContentUtilsTest" time="6.055"/>
  <testcase name="testPullRelated[45: com.dotcms.rendering.velocity.viewtools.content.util.ContentUtilsTest$TestCase@fc8e239]" classname="com.dotcms.rendering.velocity.viewtools.content.util.ContentUtilsTest" time="5.816"/>
  <testcase name="testPullRelated[46: com.dotcms.rendering.velocity.viewtools.content.util.ContentUtilsTest$TestCase@28b4ff6c]" classname="com.dotcms.rendering.velocity.viewtools.content.util.ContentUtilsTest" time="6.256"/>
  <testcase name="testPullRelated[47: com.dotcms.rendering.velocity.viewtools.content.util.ContentUtilsTest$TestCase@53adc455]" classname="com.dotcms.rendering.velocity.viewtools.content.util.ContentUtilsTest" time="6.197"/>
  <testcase name="testPullRelated[48: com.dotcms.rendering.velocity.viewtools.content.util.ContentUtilsTest$TestCase@4cfa2c65]" classname="com.dotcms.rendering.velocity.viewtools.content.util.ContentUtilsTest" time="5.996"/>
  <testcase name="testPullRelated[49: com.dotcms.rendering.velocity.viewtools.content.util.ContentUtilsTest$TestCase@46bd6e9]" classname="com.dotcms.rendering.velocity.viewtools.content.util.ContentUtilsTest" time="6.009"/>
  <testcase name="testPullRelated[50: com.dotcms.rendering.velocity.viewtools.content.util.ContentUtilsTest$TestCase@bab0697]" classname="com.dotcms.rendering.velocity.viewtools.content.util.ContentUtilsTest" time="6.253"/>
  <testcase name="testPullRelated[51: com.dotcms.rendering.velocity.viewtools.content.util.ContentUtilsTest$TestCase@3699f4db]" classname="com.dotcms.rendering.velocity.viewtools.content.util.ContentUtilsTest" time="6.107"/>
  <testcase name="testPullRelated[52: com.dotcms.rendering.velocity.viewtools.content.util.ContentUtilsTest$TestCase@2b9d6f69]" classname="com.dotcms.rendering.velocity.viewtools.content.util.ContentUtilsTest" time="5.894"/>
  <testcase name="testPullRelated[53: com.dotcms.rendering.velocity.viewtools.content.util.ContentUtilsTest$TestCase@711b386d]" classname="com.dotcms.rendering.velocity.viewtools.content.util.ContentUtilsTest" time="5.092"/>
  <testcase name="testPullRelated[54: com.dotcms.rendering.velocity.viewtools.content.util.ContentUtilsTest$TestCase@22570767]" classname="com.dotcms.rendering.velocity.viewtools.content.util.ContentUtilsTest" time="6.132"/>
  <testcase name="testPullRelated[55: com.dotcms.rendering.velocity.viewtools.content.util.ContentUtilsTest$TestCase@5b9110da]" classname="com.dotcms.rendering.velocity.viewtools.content.util.ContentUtilsTest" time="6.084"/>
  <testcase name="testPullRelated[56: com.dotcms.rendering.velocity.viewtools.content.util.ContentUtilsTest$TestCase@1b37cae6]" classname="com.dotcms.rendering.velocity.viewtools.content.util.ContentUtilsTest" time="6.11"/>
  <testcase name="testPullRelated[57: com.dotcms.rendering.velocity.viewtools.content.util.ContentUtilsTest$TestCase@33c751bd]" classname="com.dotcms.rendering.velocity.viewtools.content.util.ContentUtilsTest" time="5.966"/>
  <testcase name="testPullRelated[58: com.dotcms.rendering.velocity.viewtools.content.util.ContentUtilsTest$TestCase@2931149d]" classname="com.dotcms.rendering.velocity.viewtools.content.util.ContentUtilsTest" time="6.099"/>
  <testcase name="testPullRelated[59: com.dotcms.rendering.velocity.viewtools.content.util.ContentUtilsTest$TestCase@7a75c6a1]" classname="com.dotcms.rendering.velocity.viewtools.content.util.ContentUtilsTest" time="6.314"/>
  <testcase name="testPullRelated[60: com.dotcms.rendering.velocity.viewtools.content.util.ContentUtilsTest$TestCase@5f3053f3]" classname="com.dotcms.rendering.velocity.viewtools.content.util.ContentUtilsTest" time="6.029"/>
  <testcase name="testPullRelated[61: com.dotcms.rendering.velocity.viewtools.content.util.ContentUtilsTest$TestCase@56f3ab11]" classname="com.dotcms.rendering.velocity.viewtools.content.util.ContentUtilsTest" time="5.85"/>
  <testcase name="testPullRelated[62: com.dotcms.rendering.velocity.viewtools.content.util.ContentUtilsTest$TestCase@77c7d8ae]" classname="com.dotcms.rendering.velocity.viewtools.content.util.ContentUtilsTest" time="5.36"/>
  <testcase name="testPullRelated[63: com.dotcms.rendering.velocity.viewtools.content.util.ContentUtilsTest$TestCase@23535839]" classname="com.dotcms.rendering.velocity.viewtools.content.util.ContentUtilsTest" time="5.978"/>
  <testcase name="testPullRelated[64: com.dotcms.rendering.velocity.viewtools.content.util.ContentUtilsTest$TestCase@7e21286b]" classname="com.dotcms.rendering.velocity.viewtools.content.util.ContentUtilsTest" time="5.819"/>
  <testcase name="testPullRelated[65: com.dotcms.rendering.velocity.viewtools.content.util.ContentUtilsTest$TestCase@35c1af9d]" classname="com.dotcms.rendering.velocity.viewtools.content.util.ContentUtilsTest" time="6.182"/>
  <testcase name="testPullRelated[66: com.dotcms.rendering.velocity.viewtools.content.util.ContentUtilsTest$TestCase@7c8a0323]" classname="com.dotcms.rendering.velocity.viewtools.content.util.ContentUtilsTest" time="6.119"/>
  <testcase name="testPullRelated[67: com.dotcms.rendering.velocity.viewtools.content.util.ContentUtilsTest$TestCase@45210e1b]" classname="com.dotcms.rendering.velocity.viewtools.content.util.ContentUtilsTest" time="5.99"/>
  <testcase name="testPullRelated[68: com.dotcms.rendering.velocity.viewtools.content.util.ContentUtilsTest$TestCase@323414a4]" classname="com.dotcms.rendering.velocity.viewtools.content.util.ContentUtilsTest" time="5.19"/>
  <testcase name="testPullRelated[69: com.dotcms.rendering.velocity.viewtools.content.util.ContentUtilsTest$TestCase@ab1e838]" classname="com.dotcms.rendering.velocity.viewtools.content.util.ContentUtilsTest" time="6.011"/>
  <testcase name="testPullRelated[70: com.dotcms.rendering.velocity.viewtools.content.util.ContentUtilsTest$TestCase@260e6156]" classname="com.dotcms.rendering.velocity.viewtools.content.util.ContentUtilsTest" time="5.102"/>
  <testcase name="testPullRelated[71: com.dotcms.rendering.velocity.viewtools.content.util.ContentUtilsTest$TestCase@6b12e25a]" classname="com.dotcms.rendering.velocity.viewtools.content.util.ContentUtilsTest" time="6.292"/>
  <testcase name="whenPublishAndExpireDatesAreInTheFutureAndTimeMachineIsAfterBoth" classname="com.dotcms.rendering.velocity.viewtools.content.util.ContentUtilsTest" time="3.045"/>
  <testcase name="testPullRelatedForLegacyRelationship[0: com.dotcms.rendering.velocity.viewtools.content.util.ContentUtilsTest$LegacyTestCase@79114aa8]" classname="com.dotcms.rendering.velocity.viewtools.content.util.ContentUtilsTest" time="4.519"/>
  <testcase name="testPullRelatedForLegacyRelationship[1: com.dotcms.rendering.velocity.viewtools.content.util.ContentUtilsTest$LegacyTestCase@7c648d9a]" classname="com.dotcms.rendering.velocity.viewtools.content.util.ContentUtilsTest" time="3.979"/>
  <testcase name="whenTheTimeMachineDateIsAfterTomorrowAndExpireDateIsTomorrowShouldNotReturnContent" classname="com.dotcms.rendering.velocity.viewtools.content.util.ContentUtilsTest" time="3.013"/>
  <testcase name="testPullLiveRelatedWhenLatestVersionIsWorking" classname="com.dotcms.rendering.velocity.viewtools.content.util.ContentUtilsTest" time="3.644"/>
  <testcase name="test_add_relationships_on_parent_children_related_contents" classname="com.dotcms.rendering.velocity.viewtools.content.util.ContentUtilsTest" time="1.476"/>
  <testcase name="testSortPullRelated[0: com.dotcms.rendering.velocity.viewtools.content.util.ContentUtilsTest$SortTestCase@29355791]" classname="com.dotcms.rendering.velocity.viewtools.content.util.ContentUtilsTest" time="2.494"/>
  <testcase name="testSortPullRelated[1: com.dotcms.rendering.velocity.viewtools.content.util.ContentUtilsTest$SortTestCase@55c960df]" classname="com.dotcms.rendering.velocity.viewtools.content.util.ContentUtilsTest" time="2.716"/>
  <testcase name="testSortPullRelated[2: com.dotcms.rendering.velocity.viewtools.content.util.ContentUtilsTest$SortTestCase@26fe34c4]" classname="com.dotcms.rendering.velocity.viewtools.content.util.ContentUtilsTest" time="2.837"/>
  <testcase name="testSortPullRelated[3: com.dotcms.rendering.velocity.viewtools.content.util.ContentUtilsTest$SortTestCase@7eae75dc]" classname="com.dotcms.rendering.velocity.viewtools.content.util.ContentUtilsTest" time="2.771"/>
  <testcase name="testSortPullRelated[4: com.dotcms.rendering.velocity.viewtools.content.util.ContentUtilsTest$SortTestCase@7da43c47]" classname="com.dotcms.rendering.velocity.viewtools.content.util.ContentUtilsTest" time="2.52"/>
  <testcase name="testSortPullRelated[5: com.dotcms.rendering.velocity.viewtools.content.util.ContentUtilsTest$SortTestCase@63f564b4]" classname="com.dotcms.rendering.velocity.viewtools.content.util.ContentUtilsTest" time="2.75"/>
  <testcase name="whenTheTimeMachineDateIsAfterTomorrowAndExpireDateIsInFutureShouldReturnContent" classname="com.dotcms.rendering.velocity.viewtools.content.util.ContentUtilsTest" time="3.049"/>
  <testcase name="testPullRelatedFieldShouldRespectDefaultOrder" classname="com.dotcms.rendering.velocity.viewtools.content.util.ContentUtilsTest" time="2.221"/>
  <system-out><![CDATA[]]></system-out>
  <system-err><![CDATA[]]></system-err>
</testsuite>
