<?xml version="1.0" encoding="UTF-8"?>
<testsuite name="com.dotmarketing.startup.runonce.Task210506UpdateStorageTableTest" tests="1" skipped="0" failures="0" errors="0" timestamp="2023-06-28T01:10:37" hostname="fv-az573-179" time="3.033">
  <properties/>
  <testcase name="testExecuteUpgrade" classname="com.dotmarketing.startup.runonce.Task210506UpdateStorageTableTest" time="3.033"/>
  <system-out><![CDATA[]]></system-out>
  <system-err><![CDATA[]]></system-err>
</testsuite>
