<?xml version="1.0" encoding="UTF-8"?>
<testsuite name="com.dotcms.content.elasticsearch.business.ESIndexAPITest" tests="10" skipped="0" failures="0" errors="0" timestamp="2023-07-18T17:28:51" hostname="fv-az370-360" time="28.415">
  <properties/>
  <testcase name="testGetClusterStatsWhenStatsTypeIsLongShouldPass" classname="com.dotcms.content.elasticsearch.business.ESIndexAPITest" time="0.061"/>
  <testcase name="test_allowed_cluster_names_in_indexes" classname="com.dotcms.content.elasticsearch.business.ESIndexAPITest" time="0.001"/>
  <testcase name="test_createIndex_newIndexShouldHaveProperReplicasSetting" classname="com.dotcms.content.elasticsearch.business.ESIndexAPITest" time="0.066"/>
  <testcase name="testGetIndicesStatsWhenStatsTypeIsIntegerShouldPass" classname="com.dotcms.content.elasticsearch.business.ESIndexAPITest" time="0.002"/>
  <testcase name="testGetClusterStatsWhenStatsTypeIsIntegerShouldPass" classname="com.dotcms.content.elasticsearch.business.ESIndexAPITest" time="0.001"/>
  <testcase name="testDeleteOldIndices[0: 2]" classname="com.dotcms.content.elasticsearch.business.ESIndexAPITest" time="7.343"/>
  <testcase name="testDeleteOldIndices[1: 0]" classname="com.dotcms.content.elasticsearch.business.ESIndexAPITest" time="7.0"/>
  <testcase name="testDeleteOldIndices[2: 5]" classname="com.dotcms.content.elasticsearch.business.ESIndexAPITest" time="7.019"/>
  <testcase name="testDeleteOldIndices[3: 50]" classname="com.dotcms.content.elasticsearch.business.ESIndexAPITest" time="6.914"/>
  <testcase name="testGetIndicesStatsWhenStatsTypeIsLongShouldPass" classname="com.dotcms.content.elasticsearch.business.ESIndexAPITest" time="0.008"/>
  <system-out><![CDATA[]]></system-out>
  <system-err><![CDATA[]]></system-err>
</testsuite>
