<?xml version="1.0" encoding="UTF-8"?>
<testsuite name="com.dotmarketing.business.DeterministicIdentifierAPITest" tests="16" skipped="0" failures="0" errors="0" timestamp="2023-07-13T19:43:08" hostname="fv-az254-636" time="1.277">
  <properties/>
  <testcase name="Test_Category_Path_Seed_And_Id" classname="com.dotmarketing.business.DeterministicIdentifierAPITest" time="0.037"/>
  <testcase name="Test_Language_Deterministic_Id[0: LanguageTestCase{expectedSeed='Language:es:US', expectedHash=4913155, langCode='es', countryCode='US', country='United States'}]" classname="com.dotmarketing.business.DeterministicIdentifierAPITest" time="0.002"/>
  <testcase name="Test_Language_Deterministic_Id[1: LanguageTestCase{expectedSeed='Language:ep:', expectedHash=5292269, langCode='ep', countryCode='', country=''}]" classname="com.dotmarketing.business.DeterministicIdentifierAPITest" time="0.001"/>
  <testcase name="Test_Language_Deterministic_Id[2: LanguageTestCase{expectedSeed='Language:sg:SAG', expectedHash=4713118, langCode='sg', countryCode='SAG', country=''}]" classname="com.dotmarketing.business.DeterministicIdentifierAPITest" time="0.002"/>
  <testcase name="Test_Language_Deterministic_Id[3: LanguageTestCase{expectedSeed='Language:en:NZ', expectedHash=5382528, langCode='en', countryCode='NZ', country='New Zealand'}]" classname="com.dotmarketing.business.DeterministicIdentifierAPITest" time="0.001"/>
  <testcase name="Test_Category_None_Persisted_Category_Should_Return_Deterministic_Id" classname="com.dotmarketing.business.DeterministicIdentifierAPITest" time="0.002"/>
  <testcase name="Test_Asset_Generate_Deterministic_Id_Best_Effort[0: TestCase{versionable=my.host1689276968537.com, parent=System Host, expectedName='my.host1689276968537.com', expectedType='Host'}]" classname="com.dotmarketing.business.DeterministicIdentifierAPITest" time="0.005"/>
  <testcase name="Test_Asset_Generate_Deterministic_Id_Best_Effort[1: TestCase{versionable=com.dotmarketing.portlets.contentlet.model.Contentlet@5524419c[map={modDate=2023-07-13 19:36:09.12, fileName=file10486185002367297539.txt, title=file10486185002367297539.txt, inode=7a98cbd5-98c7-4850-bd8b-bcf0878cf025, __IS_NEW_CONTENT__=true, disabledWYSIWYG=[], host=21badf11-ff4b-4c1e-9057-0b712c6d7517, stInode=33888b6f-7a8e-4069-b1b6-5c1aa9d0a48d, owner=system, identifier=401ac863-1284-45ba-bf3d-51f2e95e860e, nullProperties=[wfExpireDate, wfPublishDate, wfActionAssign, wfActionId, wfActionComments, filterKey, whereToSend, wfNeverExpire, _path_to_move, timezoneId, iWantTo, wfPublishTime, wfExpireTime], languageId=1, fileAsset=/home/runner/work/core/custom/assets/7/a/7a98cbd5-98c7-4850-bd8b-bcf0878cf025/fileAsset/file10486185002367297539.txt, folder=0fe801d3-d4b7-4dfc-a3a4-60475147392b, __disable_workflow__=true, sortOrder=0, modUser=system},lowIndexPriority=false,variantId=DEFAULT], parent=com.dotmarketing.portlets.folders.model.Folder@35d87d6e[identifier=0fe801d3-d4b7-4dfc-a3a4-60475147392b,name=testName1689276969110,sortOrder=0,showOnMenu=false,hostId=21badf11-ff4b-4c1e-9057-0b712c6d7517,type=folder,title=testTitle1689276969110,filesMasks=,defaultFileType=33888b6f-7a8e-4069-b1b6-5c1aa9d0a48d,modDate=2023-07-13 19:36:09.113,owner=&lt;null&gt;,iDate=2023-07-13 19:36:09.113,inode=0fe801d3-d4b7-4dfc-a3a4-60475147392b,path=/testName1689276969110/], expectedName='file10486185002367297539.txt', expectedType='FileAsset'}]" classname="com.dotmarketing.business.DeterministicIdentifierAPITest" time="0.004"/>
  <testcase name="Test_Asset_Generate_Deterministic_Id_Best_Effort[2: TestCase{versionable=com.dotmarketing.portlets.templates.model.Template@8a114a77, parent=my.host1689276968537.com, expectedName='testTitle1689276969248', expectedType='Template'}]" classname="com.dotmarketing.business.DeterministicIdentifierAPITest" time="0.004"/>
  <testcase name="Test_Asset_Generate_Deterministic_Id_Best_Effort[3: TestCase{versionable=com.dotmarketing.portlets.htmlpageasset.model.HTMLPageAsset@66792c0c[map={template=6f0deae1-d0f2-4a30-94fb-68c09681548e, owner=system, identifier=5b43efd9-f7da-440f-9ec4-5e8857fb44ea, nullProperties=[wfExpireDate, wfPublishDate, wfActionAssign, wfActionId, wfActionComments, filterKey, whereToSend, wfNeverExpire, _path_to_move, timezoneId, iWantTo, wfPublishTime, wfExpireTime], modDate=2023-07-13 19:36:09.277, cachettl=0, _is_test_mode=true, languageId=1, title=test-page-title-1689276969270, httpsreq=, url=test-page-url-1689276969270, showOnMenu=, inode=a888a62b-f589-4cc0-a853-6fb24da3d29f, folder=0fe801d3-d4b7-4dfc-a3a4-60475147392b, disabledWYSIWYG=[], sortOrder=1, modUser=system, host=21badf11-ff4b-4c1e-9057-0b712c6d7517, stInode=c541abb1-69b3-4bc5-8430-5e09e5239cc8, friendlyName=test-page-friendly-name-1689276969270},lowIndexPriority=false,variantId=DEFAULT], parent=com.dotmarketing.portlets.folders.model.Folder@35d87d6e[identifier=0fe801d3-d4b7-4dfc-a3a4-60475147392b,name=testName1689276969110,sortOrder=0,showOnMenu=false,hostId=21badf11-ff4b-4c1e-9057-0b712c6d7517,type=folder,title=testTitle1689276969110,filesMasks=,defaultFileType=33888b6f-7a8e-4069-b1b6-5c1aa9d0a48d,modDate=2023-07-13 19:36:09.113,owner=&lt;null&gt;,iDate=2023-07-13 19:36:09.113,inode=0fe801d3-d4b7-4dfc-a3a4-60475147392b,path=/testName1689276969110/], expectedName='test-page-url-1689276969270', expectedType='htmlpageasset'}]" classname="com.dotmarketing.business.DeterministicIdentifierAPITest" time="0.004"/>
  <testcase name="Test_Asset_Generate_Deterministic_Id_Best_Effort[4: TestCase{versionable=com.dotmarketing.portlets.contentlet.model.Contentlet@28d10b4d[map={fileAsset2=/home/runner/work/core/custom/assets/c/7/c7eaea6e-b82f-4fa4-972a-8e1442f9e0a2/fileAsset2/test_binary1689276971095.png, modDate=2023-07-13 19:36:11.104, fileAsset1=/home/runner/work/core/custom/assets/c/7/c7eaea6e-b82f-4fa4-972a-8e1442f9e0a2/fileAsset1/test_binary1689276971095.jpg, title=blah, inode=c7eaea6e-b82f-4fa4-972a-8e1442f9e0a2, __IS_NEW_CONTENT__=true, disabledWYSIWYG=[], host=48190c8c-42c4-46af-8d1a-0cd5db894797, stInode=1e70a1c5-c7a1-41df-a59b-2339bb9f851c, owner=system, identifier=4a9d58eb-f82b-4534-813f-ee40b1590e30, nullProperties=[], languageId=1, image1=91974109-8505-42dd-9468-de458120db4a, folder=SYSTEM_FOLDER, __disable_workflow__=true, sortOrder=0, modUser=system},lowIndexPriority=false,variantId=DEFAULT], parent=demo.dotcms.com, expectedName='test_binary1689276971095.jpg:test_binary1689276971095.png', expectedType='MultipleBinaries1689276969548'}]" classname="com.dotmarketing.business.DeterministicIdentifierAPITest" time="0.004"/>
  <testcase name="Test_Asset_Generate_Deterministic_Id_Best_Effort[5: TestCase{versionable=name4692b51067 : keyTag4692b51067, parent=my.host1689276968537.com, expectedName='keyTag4692b51067', expectedType='persona'}]" classname="com.dotmarketing.business.DeterministicIdentifierAPITest" time="0.004"/>
  <testcase name="Test_Similar_Content_Type_Wont_Clash" classname="com.dotmarketing.business.DeterministicIdentifierAPITest" time="0.645"/>
  <testcase name="Test_Generate_Folder_Identifier" classname="com.dotmarketing.business.DeterministicIdentifierAPITest" time="0.544"/>
  <testcase name="Test_Generate_Content_Type_Identifier[0: ContentTypeTestCase{contentType=KeyValueContentType{name=Language Variable, id=f4d7c1b8-2c88-4071-abf1-a5328977b07d, description=Default Content Type for Language Variables, defaultType=false, fixed=true, iDate=Thu Aug 31 16:38:49 UTC 2017, system=true, versionable=true, variable=Languagevariable, modDate=Thu Jul 13 18:22:26 UTC 2023, host=SYSTEM_HOST, siteName=systemHost, icon=language, sortOrder=0, folder=SYSTEM_FOLDER, folderPath=/, markedForDeletion=true, multilingualable=false}, expectedName='Languagevariable', expectedType='KeyValue'}]" classname="com.dotmarketing.business.DeterministicIdentifierAPITest" time="0.006"/>
  <testcase name="Test_Generate_Content_Type_Identifier[1: ContentTypeTestCase{contentType=SimpleContentType{name=testName1689276971548, id=fcf74680-e90e-4ba3-bfcb-c53f9297c416, description=testDescription1689276971548, defaultType=false, fixed=false, iDate=Thu Jul 13 19:36:11 UTC 2023, system=false, versionable=true, multilingualable=false, variable=testVarname1689276971548, owner=system, modDate=Thu Jul 13 19:36:12 UTC 2023, host=48190c8c-42c4-46af-8d1a-0cd5db894797, siteName=demo.dotcms.com, icon=event_note, sortOrder=0, folder=SYSTEM_FOLDER, folderPath=/, requiredFields=[], markedForDeletion=false}, expectedName='testVarname1689276971548', expectedType='CONTENT'}]" classname="com.dotmarketing.business.DeterministicIdentifierAPITest" time="0.007"/>
  <system-out><![CDATA[]]></system-out>
  <system-err><![CDATA[]]></system-err>
</testsuite>
