<?xml version="1.0" encoding="UTF-8"?>
<testsuite name="com.dotcms.rest.api.v1.vtl.VTLResourceIntegrationTest" tests="6" skipped="0" failures="0" errors="0" timestamp="2023-06-30T22:51:19" hostname="fv-az1256-878" time="12.07">
  <properties/>
  <testcase name="testGet[0: com.dotcms.rest.api.v1.vtl.VTLResourceTestCase@9e538be]" classname="com.dotcms.rest.api.v1.vtl.VTLResourceIntegrationTest" time="2.204"/>
  <testcase name="testGet[1: com.dotcms.rest.api.v1.vtl.VTLResourceTestCase@3c45d0a3]" classname="com.dotcms.rest.api.v1.vtl.VTLResourceIntegrationTest" time="1.898"/>
  <testcase name="testGet[2: com.dotcms.rest.api.v1.vtl.VTLResourceTestCase@c82c62e]" classname="com.dotcms.rest.api.v1.vtl.VTLResourceIntegrationTest" time="2.004"/>
  <testcase name="testGet[3: com.dotcms.rest.api.v1.vtl.VTLResourceTestCase@31efbc77]" classname="com.dotcms.rest.api.v1.vtl.VTLResourceIntegrationTest" time="2.097"/>
  <testcase name="testGet[4: com.dotcms.rest.api.v1.vtl.VTLResourceTestCase@116f523c]" classname="com.dotcms.rest.api.v1.vtl.VTLResourceIntegrationTest" time="1.848"/>
  <testcase name="testGet[5: com.dotcms.rest.api.v1.vtl.VTLResourceTestCase@3bd487a]" classname="com.dotcms.rest.api.v1.vtl.VTLResourceIntegrationTest" time="2.019"/>
  <system-out><![CDATA[]]></system-out>
  <system-err><![CDATA[]]></system-err>
</testsuite>
