<?xml version="1.0" encoding="UTF-8"?>
<testsuite name="com.dotmarketing.business.DeterministicIdentifierAPITest" tests="16" skipped="0" failures="0" errors="0" timestamp="2023-06-30T17:47:24" hostname="fv-az797-168" time="1.32">
  <properties/>
  <testcase name="Test_Category_Path_Seed_And_Id" classname="com.dotmarketing.business.DeterministicIdentifierAPITest" time="0.171"/>
  <testcase name="Test_Language_Deterministic_Id[0: LanguageTestCase{expectedSeed='Language:es:US', expectedHash=4913155, langCode='es', countryCode='US', country='United States'}]" classname="com.dotmarketing.business.DeterministicIdentifierAPITest" time="0.007"/>
  <testcase name="Test_Language_Deterministic_Id[1: LanguageTestCase{expectedSeed='Language:ep:', expectedHash=5292269, langCode='ep', countryCode='', country=''}]" classname="com.dotmarketing.business.DeterministicIdentifierAPITest" time="0.004"/>
  <testcase name="Test_Language_Deterministic_Id[2: LanguageTestCase{expectedSeed='Language:sg:SAG', expectedHash=4713118, langCode='sg', countryCode='SAG', country=''}]" classname="com.dotmarketing.business.DeterministicIdentifierAPITest" time="0.001"/>
  <testcase name="Test_Language_Deterministic_Id[3: LanguageTestCase{expectedSeed='Language:en:NZ', expectedHash=5382528, langCode='en', countryCode='NZ', country='New Zealand'}]" classname="com.dotmarketing.business.DeterministicIdentifierAPITest" time="0.001"/>
  <testcase name="Test_Category_None_Persisted_Category_Should_Return_Deterministic_Id" classname="com.dotmarketing.business.DeterministicIdentifierAPITest" time="0.001"/>
  <testcase name="Test_Asset_Generate_Deterministic_Id_Best_Effort[0: TestCase{versionable=my.host1688146865310.com, parent=System Host, expectedName='my.host1688146865310.com', expectedType='Host'}]" classname="com.dotmarketing.business.DeterministicIdentifierAPITest" time="0.004"/>
  <testcase name="Test_Asset_Generate_Deterministic_Id_Best_Effort[1: TestCase{versionable=com.dotmarketing.portlets.contentlet.model.Contentlet@b1673de[map={modDate=2023-06-30 17:41:06.051, fileName=file15600271900245015104.txt, title=file15600271900245015104.txt, inode=3ec58bb6-6ba0-444e-a490-cee670159f40, __IS_NEW_CONTENT__=true, disabledWYSIWYG=[], host=12a59d8b-51bc-4d77-81e5-62b3a45d148b, stInode=33888b6f-7a8e-4069-b1b6-5c1aa9d0a48d, owner=system, identifier=58dec6e6-54cf-415d-9974-1822f5b1cd3a, nullProperties=[wfExpireDate, wfPublishDate, wfActionAssign, wfActionId, wfActionComments, filterKey, whereToSend, wfNeverExpire, _path_to_move, timezoneId, iWantTo, wfPublishTime, wfExpireTime], languageId=1, fileAsset=/home/runner/work/core/custom/assets/3/e/3ec58bb6-6ba0-444e-a490-cee670159f40/fileAsset/file15600271900245015104.txt, folder=e52347e9-e6b0-4a32-9d58-aa6bbf169531, __disable_workflow__=true, sortOrder=0, modUser=system},lowIndexPriority=false,variantId=DEFAULT], parent=com.dotmarketing.portlets.folders.model.Folder@78c0610c[identifier=e52347e9-e6b0-4a32-9d58-aa6bbf169531,name=testName1688146866045,sortOrder=0,showOnMenu=false,hostId=12a59d8b-51bc-4d77-81e5-62b3a45d148b,type=folder,title=testTitle1688146866045,filesMasks=,defaultFileType=33888b6f-7a8e-4069-b1b6-5c1aa9d0a48d,modDate=2023-06-30 17:41:06.048,owner=&lt;null&gt;,iDate=2023-06-30 17:41:06.048,inode=e52347e9-e6b0-4a32-9d58-aa6bbf169531,path=/testName1688146866045/], expectedName='file15600271900245015104.txt', expectedType='FileAsset'}]" classname="com.dotmarketing.business.DeterministicIdentifierAPITest" time="0.004"/>
  <testcase name="Test_Asset_Generate_Deterministic_Id_Best_Effort[2: TestCase{versionable=com.dotmarketing.portlets.templates.model.Template@8bbf09e2, parent=my.host1688146865310.com, expectedName='testTitle1688146866133', expectedType='Template'}]" classname="com.dotmarketing.business.DeterministicIdentifierAPITest" time="0.002"/>
  <testcase name="Test_Asset_Generate_Deterministic_Id_Best_Effort[3: TestCase{versionable=com.dotmarketing.portlets.htmlpageasset.model.HTMLPageAsset@3002db03[map={template=8fc20006-48d2-4943-b89f-4bda0cf16035, owner=system, identifier=3bbdb4a9-7229-4e83-b1c1-b7797f6391c6, nullProperties=[wfExpireDate, wfPublishDate, wfActionAssign, wfActionId, wfActionComments, filterKey, whereToSend, wfNeverExpire, _path_to_move, timezoneId, iWantTo, wfPublishTime, wfExpireTime], modDate=2023-06-30 17:41:06.146, cachettl=0, _is_test_mode=true, languageId=1, title=test-page-title-1688146866142, httpsreq=, url=test-page-url-1688146866142, showOnMenu=, inode=e37fdbb0-957a-4200-b799-fa72804c3d2f, folder=e52347e9-e6b0-4a32-9d58-aa6bbf169531, disabledWYSIWYG=[], sortOrder=1, modUser=system, host=12a59d8b-51bc-4d77-81e5-62b3a45d148b, stInode=c541abb1-69b3-4bc5-8430-5e09e5239cc8, friendlyName=test-page-friendly-name-1688146866142},lowIndexPriority=false,variantId=DEFAULT], parent=com.dotmarketing.portlets.folders.model.Folder@78c0610c[identifier=e52347e9-e6b0-4a32-9d58-aa6bbf169531,name=testName1688146866045,sortOrder=0,showOnMenu=false,hostId=12a59d8b-51bc-4d77-81e5-62b3a45d148b,type=folder,title=testTitle1688146866045,filesMasks=,defaultFileType=33888b6f-7a8e-4069-b1b6-5c1aa9d0a48d,modDate=2023-06-30 17:41:06.048,owner=&lt;null&gt;,iDate=2023-06-30 17:41:06.048,inode=e52347e9-e6b0-4a32-9d58-aa6bbf169531,path=/testName1688146866045/], expectedName='test-page-url-1688146866142', expectedType='htmlpageasset'}]" classname="com.dotmarketing.business.DeterministicIdentifierAPITest" time="0.003"/>
  <testcase name="Test_Asset_Generate_Deterministic_Id_Best_Effort[4: TestCase{versionable=com.dotmarketing.portlets.contentlet.model.Contentlet@7b9c8494[map={fileAsset2=/home/runner/work/core/custom/assets/d/5/d5e2fde7-b1be-4451-a17c-f5ad569e9301/fileAsset2/test_binary1688146867037.png, modDate=2023-06-30 17:41:07.041, fileAsset1=/home/runner/work/core/custom/assets/d/5/d5e2fde7-b1be-4451-a17c-f5ad569e9301/fileAsset1/test_binary1688146867037.jpg, title=blah, inode=d5e2fde7-b1be-4451-a17c-f5ad569e9301, __IS_NEW_CONTENT__=true, disabledWYSIWYG=[], host=48190c8c-42c4-46af-8d1a-0cd5db894797, stInode=3f045408-1a5a-40b2-b239-14087927deb6, owner=system, identifier=81ea2ab6-f257-4205-bd1c-cbf8ab76e668, nullProperties=[], languageId=1, image1=6d0fa9ad-556e-4ab0-a39e-24ae894c5a8e, folder=SYSTEM_FOLDER, __disable_workflow__=true, sortOrder=0, modUser=system},lowIndexPriority=false,variantId=DEFAULT], parent=demo.dotcms.com, expectedName='test_binary1688146867037.jpg:test_binary1688146867037.png', expectedType='MultipleBinaries1688146866281'}]" classname="com.dotmarketing.business.DeterministicIdentifierAPITest" time="0.003"/>
  <testcase name="Test_Asset_Generate_Deterministic_Id_Best_Effort[5: TestCase{versionable=namef31dcb5bd5 : keyTagf31dcb5bd5, parent=my.host1688146865310.com, expectedName='keyTagf31dcb5bd5', expectedType='persona'}]" classname="com.dotmarketing.business.DeterministicIdentifierAPITest" time="0.003"/>
  <testcase name="Test_Similar_Content_Type_Wont_Clash" classname="com.dotmarketing.business.DeterministicIdentifierAPITest" time="0.428"/>
  <testcase name="Test_Generate_Folder_Identifier" classname="com.dotmarketing.business.DeterministicIdentifierAPITest" time="0.67"/>
  <testcase name="Test_Generate_Content_Type_Identifier[0: ContentTypeTestCase{contentType=KeyValueContentType{name=Language Variable, id=f4d7c1b8-2c88-4071-abf1-a5328977b07d, description=Default Content Type for Language Variables, defaultType=false, fixed=true, iDate=Thu Aug 31 16:38:49 UTC 2017, system=true, versionable=true, variable=Languagevariable, modDate=Fri Jun 30 16:38:50 UTC 2023, host=SYSTEM_HOST, siteName=systemHost, icon=language, sortOrder=0, folder=SYSTEM_FOLDER, folderPath=/, markedForDeletion=true, multilingualable=false}, expectedName='Languagevariable', expectedType='KeyValue'}]" classname="com.dotmarketing.business.DeterministicIdentifierAPITest" time="0.007"/>
  <testcase name="Test_Generate_Content_Type_Identifier[1: ContentTypeTestCase{contentType=SimpleContentType{name=testName1688146867397, id=9338c508-a494-4f86-a252-be7c86798715, description=testDescription1688146867397, defaultType=false, fixed=false, iDate=Fri Jun 30 17:41:07 UTC 2023, system=false, versionable=true, multilingualable=false, variable=testVarname1688146867397, owner=system, modDate=Fri Jun 30 17:41:08 UTC 2023, host=48190c8c-42c4-46af-8d1a-0cd5db894797, siteName=demo.dotcms.com, icon=event_note, sortOrder=0, folder=SYSTEM_FOLDER, folderPath=/, requiredFields=[], markedForDeletion=false}, expectedName='testVarname1688146867397', expectedType='CONTENT'}]" classname="com.dotmarketing.business.DeterministicIdentifierAPITest" time="0.004"/>
  <system-out><![CDATA[]]></system-out>
  <system-err><![CDATA[]]></system-err>
</testsuite>
