<?xml version="1.0" encoding="UTF-8"?>
<testsuite name="com.dotcms.publishing.PublisherAPIImplTest" tests="24" skipped="0" failures="0" errors="0" timestamp="2023-06-28T14:06:43" hostname="fv-az452-705" time="4.664">
  <properties/>
  <testcase name="AddAllCategoryIntoBundle" classname="com.dotcms.publishing.PublisherAPIImplTest" time="0.182"/>
  <testcase name="testFilterDescriptors" classname="com.dotcms.publishing.PublisherAPIImplTest" time="0.109"/>
  <testcase name="sendPushPublishBundle[0: com.dotcms.publishing.PublisherAPIImplTest$TestAsset@59532dfc]" classname="com.dotcms.publishing.PublisherAPIImplTest" time="1.371"/>
  <testcase name="sendPushPublishBundle[1: com.dotcms.publishing.PublisherAPIImplTest$TestAsset@751711ff]" classname="com.dotcms.publishing.PublisherAPIImplTest" time="0.249"/>
  <testcase name="sendPushPublishBundle[2: com.dotcms.publishing.PublisherAPIImplTest$TestAsset@3283c3d0]" classname="com.dotcms.publishing.PublisherAPIImplTest" time="0.192"/>
  <testcase name="sendPushPublishBundle[3: com.dotcms.publishing.PublisherAPIImplTest$TestAsset@5789e570]" classname="com.dotcms.publishing.PublisherAPIImplTest" time="0.31"/>
  <testcase name="sendPushPublishBundle[4: com.dotcms.publishing.PublisherAPIImplTest$TestAsset@17f50eb0]" classname="com.dotcms.publishing.PublisherAPIImplTest" time="0.306"/>
  <testcase name="sendPushPublishBundle[5: com.dotcms.publishing.PublisherAPIImplTest$TestAsset@5aa06d58]" classname="com.dotcms.publishing.PublisherAPIImplTest" time="0.183"/>
  <testcase name="sendPushPublishBundle[6: com.dotcms.publishing.PublisherAPIImplTest$TestAsset@7611b89f]" classname="com.dotcms.publishing.PublisherAPIImplTest" time="0.159"/>
  <testcase name="sendPushPublishBundle[7: com.dotcms.publishing.PublisherAPIImplTest$TestAsset@6e2b7148]" classname="com.dotcms.publishing.PublisherAPIImplTest" time="0.149"/>
  <testcase name="sendPushPublishBundle[8: com.dotcms.publishing.PublisherAPIImplTest$TestAsset@519462b3]" classname="com.dotcms.publishing.PublisherAPIImplTest" time="0.124"/>
  <testcase name="sendPushPublishBundle[9: com.dotcms.publishing.PublisherAPIImplTest$TestAsset@8071f74]" classname="com.dotcms.publishing.PublisherAPIImplTest" time="0.19"/>
  <testcase name="sendPushPublishBundle[10: com.dotcms.publishing.PublisherAPIImplTest$TestAsset@73299bab]" classname="com.dotcms.publishing.PublisherAPIImplTest" time="0.093"/>
  <testcase name="generateBundle[0: com.dotcms.publishing.PublisherAPIImplTest$TestAsset@59532dfc]" classname="com.dotcms.publishing.PublisherAPIImplTest" time="0.101"/>
  <testcase name="generateBundle[1: com.dotcms.publishing.PublisherAPIImplTest$TestAsset@751711ff]" classname="com.dotcms.publishing.PublisherAPIImplTest" time="0.098"/>
  <testcase name="generateBundle[2: com.dotcms.publishing.PublisherAPIImplTest$TestAsset@3283c3d0]" classname="com.dotcms.publishing.PublisherAPIImplTest" time="0.106"/>
  <testcase name="generateBundle[3: com.dotcms.publishing.PublisherAPIImplTest$TestAsset@5789e570]" classname="com.dotcms.publishing.PublisherAPIImplTest" time="0.157"/>
  <testcase name="generateBundle[4: com.dotcms.publishing.PublisherAPIImplTest$TestAsset@17f50eb0]" classname="com.dotcms.publishing.PublisherAPIImplTest" time="0.136"/>
  <testcase name="generateBundle[5: com.dotcms.publishing.PublisherAPIImplTest$TestAsset@5aa06d58]" classname="com.dotcms.publishing.PublisherAPIImplTest" time="0.08"/>
  <testcase name="generateBundle[6: com.dotcms.publishing.PublisherAPIImplTest$TestAsset@7611b89f]" classname="com.dotcms.publishing.PublisherAPIImplTest" time="0.076"/>
  <testcase name="generateBundle[7: com.dotcms.publishing.PublisherAPIImplTest$TestAsset@6e2b7148]" classname="com.dotcms.publishing.PublisherAPIImplTest" time="0.066"/>
  <testcase name="generateBundle[8: com.dotcms.publishing.PublisherAPIImplTest$TestAsset@519462b3]" classname="com.dotcms.publishing.PublisherAPIImplTest" time="0.06"/>
  <testcase name="generateBundle[9: com.dotcms.publishing.PublisherAPIImplTest$TestAsset@8071f74]" classname="com.dotcms.publishing.PublisherAPIImplTest" time="0.143"/>
  <testcase name="generateBundle[10: com.dotcms.publishing.PublisherAPIImplTest$TestAsset@73299bab]" classname="com.dotcms.publishing.PublisherAPIImplTest" time="0.015"/>
  <system-out><![CDATA[









































































































































































]]></system-out>
  <system-err><![CDATA[]]></system-err>
</testsuite>
