<?xml version="1.0" encoding="UTF-8"?>
<testsuite name="com.dotcms.variant.business.VariantCacheTest" tests="6" skipped="0" failures="0" errors="0" timestamp="2023-06-28T19:45:03" hostname="fv-az440-364" time="0.02">
  <properties/>
  <testcase name="remove" classname="com.dotcms.variant.business.VariantCacheTest" time="0.003"/>
  <testcase name="putVariantByName" classname="com.dotcms.variant.business.VariantCacheTest" time="0.01"/>
  <testcase name="getVariantByNameNotExists" classname="com.dotcms.variant.business.VariantCacheTest" time="0.001"/>
  <testcase name="clear" classname="com.dotcms.variant.business.VariantCacheTest" time="0.003"/>
  <testcase name="getVariantByNameWithNull" classname="com.dotcms.variant.business.VariantCacheTest" time="0.001"/>
  <testcase name="getVariantByName" classname="com.dotcms.variant.business.VariantCacheTest" time="0.002"/>
  <system-out><![CDATA[]]></system-out>
  <system-err><![CDATA[]]></system-err>
</testsuite>
