<?xml version="1.0" encoding="UTF-8"?>
<testsuite name="com.dotmarketing.filters.FiltersTest" tests="9" skipped="0" failures="0" errors="0" timestamp="2023-07-13T18:50:32" hostname="fv-az178-328" time="67.07">
  <properties/>
  <testcase name="shouldRedirect401" classname="com.dotmarketing.filters.FiltersTest" time="0.066"/>
  <testcase name="vanityUrlsShouldPassParams" classname="com.dotmarketing.filters.FiltersTest" time="8.704"/>
  <testcase name="shouldWorkVanityUrl" classname="com.dotmarketing.filters.FiltersTest" time="24.277"/>
  <testcase name="redirectHomePageTest" classname="com.dotmarketing.filters.FiltersTest" time="10.77"/>
  <testcase name="shouldForwardToImage" classname="com.dotmarketing.filters.FiltersTest" time="0.006"/>
  <testcase name="shouldRedirectToFolderIndex" classname="com.dotmarketing.filters.FiltersTest" time="0.059"/>
  <testcase name="Test_VanityURL_Forward_Redirect_Params" classname="com.dotmarketing.filters.FiltersTest" time="14.418"/>
  <testcase name="vanityRedirectURLMAP" classname="com.dotmarketing.filters.FiltersTest" time="8.761"/>
  <testcase name="shouldReturnStrutsPage" classname="com.dotmarketing.filters.FiltersTest" time="0.008"/>
  <system-out><![CDATA[]]></system-out>
  <system-err><![CDATA[]]></system-err>
</testsuite>
