<?xml version="1.0" encoding="UTF-8"?>
<testsuite name="com.dotcms.rest.api.v1.contenttype.ContentTypeResourceIssue15124Test" tests="1" skipped="0" failures="0" errors="0" timestamp="2023-07-13T16:43:18" hostname="fv-az365-454" time="5.698">
  <properties/>
  <testcase name="testMain" classname="com.dotcms.rest.api.v1.contenttype.ContentTypeResourceIssue15124Test" time="5.698"/>
  <system-out><![CDATA[]]></system-out>
  <system-err><![CDATA[]]></system-err>
</testsuite>
