<?xml version="1.0" encoding="UTF-8"?>
<testsuite name="com.dotcms.rendering.velocity.services.HTMLPageAssetRenderedTest" tests="52" skipped="0" failures="0" errors="0" timestamp="2023-07-07T18:28:51" hostname="fv-az1131-394" time="188.298">
  <properties/>
  <testcase name="containerArchived_PageShouldResolve" classname="com.dotcms.rendering.velocity.services.HTMLPageAssetRenderedTest" time="3.878"/>
  <testcase name="ContentFallbackFalse_PageFallbackTrue_PageEnglishAndSpanish_ViewEnglishContent1And2_ViewSpanishContent2And3[0: DEFAULT]" classname="com.dotcms.rendering.velocity.services.HTMLPageAssetRenderedTest" time="5.516"/>
  <testcase name="ContentFallbackFalse_PageFallbackTrue_PageEnglishAndSpanish_ViewEnglishContent1And2_ViewSpanishContent2And3[1: FILE]" classname="com.dotcms.rendering.velocity.services.HTMLPageAssetRenderedTest" time="1.901"/>
  <testcase name="pageWithMultiplePersona" classname="com.dotcms.rendering.velocity.services.HTMLPageAssetRenderedTest" time="5.945"/>
  <testcase name="pageWithFileTemplateAdvancedShouldRender" classname="com.dotcms.rendering.velocity.services.HTMLPageAssetRenderedTest" time="2.448"/>
  <testcase name="containerTwiceIntoPage" classname="com.dotcms.rendering.velocity.services.HTMLPageAssetRenderedTest" time="3.486"/>
  <testcase name="pageWithFileTemplateDesignShouldRender" classname="com.dotcms.rendering.velocity.services.HTMLPageAssetRenderedTest" time="3.805"/>
  <testcase name="shouldReturnPageHTMLForLegacyUUID[0: DEFAULT]" classname="com.dotcms.rendering.velocity.services.HTMLPageAssetRenderedTest" time="1.522"/>
  <testcase name="shouldReturnPageHTMLForLegacyUUID[1: FILE]" classname="com.dotcms.rendering.velocity.services.HTMLPageAssetRenderedTest" time="0.992"/>
  <testcase name="test_WidgetPreExecuteCodeShowRegardlessPageMode[0: com.dotcms.rendering.velocity.services.HTMLPageAssetRenderedTest$WidgetPreExecuteCodeTestCase@4f426b26]" classname="com.dotcms.rendering.velocity.services.HTMLPageAssetRenderedTest" time="2.25"/>
  <testcase name="test_WidgetPreExecuteCodeShowRegardlessPageMode[1: com.dotcms.rendering.velocity.services.HTMLPageAssetRenderedTest$WidgetPreExecuteCodeTestCase@2dd6893c]" classname="com.dotcms.rendering.velocity.services.HTMLPageAssetRenderedTest" time="3.326"/>
  <testcase name="test_WidgetPreExecuteCodeShowRegardlessPageMode[2: com.dotcms.rendering.velocity.services.HTMLPageAssetRenderedTest$WidgetPreExecuteCodeTestCase@39f55f7]" classname="com.dotcms.rendering.velocity.services.HTMLPageAssetRenderedTest" time="2.447"/>
  <testcase name="renderPageWithFileAssetImage" classname="com.dotcms.rendering.velocity.services.HTMLPageAssetRenderedTest" time="4.809"/>
  <testcase name="containerTwiceIntoPageAndTemplateLayout" classname="com.dotcms.rendering.velocity.services.HTMLPageAssetRenderedTest" time="5.5"/>
  <testcase name="shouldRenderTemplateAndContainers page Host: CURRENT Template Host: CURRENT Container Host: CURRENT" classname="com.dotcms.rendering.velocity.services.HTMLPageAssetRenderedTest" time="4.857"/>
  <testcase name="shouldRenderTemplateAndContainers page Host: CURRENT Template Host: CURRENT Container Host: ANOTHER" classname="com.dotcms.rendering.velocity.services.HTMLPageAssetRenderedTest" time="4.046"/>
  <testcase name="shouldRenderTemplateAndContainers page Host: CURRENT Template Host: ANOTHER Container Host: ANOTHER" classname="com.dotcms.rendering.velocity.services.HTMLPageAssetRenderedTest" time="3.057"/>
  <testcase name="shouldRenderTemplateAndContainers page Host: CURRENT Template Host: CURRENT Container Host: DEFAULT" classname="com.dotcms.rendering.velocity.services.HTMLPageAssetRenderedTest" time="3.372"/>
  <testcase name="shouldRenderTemplateAndContainers page Host: CURRENT Template Host: ANOTHER Container Host: DEFAULT" classname="com.dotcms.rendering.velocity.services.HTMLPageAssetRenderedTest" time="3.066"/>
  <testcase name="shouldRenderTemplateAndContainers page Host: CURRENT Template Host: CURRENT Container Host: CURRENT" classname="com.dotcms.rendering.velocity.services.HTMLPageAssetRenderedTest" time="3.135"/>
  <testcase name="shouldRenderTemplateAndContainers page Host: CURRENT Template Host: CURRENT Container Host: ANOTHER" classname="com.dotcms.rendering.velocity.services.HTMLPageAssetRenderedTest" time="2.974"/>
  <testcase name="shouldRenderTemplateAndContainers page Host: CURRENT Template Host: ANOTHER Container Host: ANOTHER" classname="com.dotcms.rendering.velocity.services.HTMLPageAssetRenderedTest" time="3.228"/>
  <testcase name="shouldRenderTemplateAndContainers page Host: CURRENT Template Host: CURRENT Container Host: DEFAULT" classname="com.dotcms.rendering.velocity.services.HTMLPageAssetRenderedTest" time="3.061"/>
  <testcase name="shouldRenderTemplateAndContainers page Host: CURRENT Template Host: ANOTHER Container Host: DEFAULT" classname="com.dotcms.rendering.velocity.services.HTMLPageAssetRenderedTest" time="3.06"/>
  <testcase name="shouldRenderTemplateAndContainers page Host: CURRENT Template Host: CURRENT Container Host: CURRENT" classname="com.dotcms.rendering.velocity.services.HTMLPageAssetRenderedTest" time="5.074"/>
  <testcase name="shouldRenderTemplateAndContainers page Host: CURRENT Template Host: CURRENT Container Host: ANOTHER" classname="com.dotcms.rendering.velocity.services.HTMLPageAssetRenderedTest" time="5.352"/>
  <testcase name="shouldRenderTemplateAndContainers page Host: CURRENT Template Host: ANOTHER Container Host: ANOTHER" classname="com.dotcms.rendering.velocity.services.HTMLPageAssetRenderedTest" time="4.862"/>
  <testcase name="shouldRenderTemplateAndContainers page Host: CURRENT Template Host: CURRENT Container Host: DEFAULT" classname="com.dotcms.rendering.velocity.services.HTMLPageAssetRenderedTest" time="6.394"/>
  <testcase name="shouldRenderTemplateAndContainers page Host: CURRENT Template Host: ANOTHER Container Host: DEFAULT" classname="com.dotcms.rendering.velocity.services.HTMLPageAssetRenderedTest" time="6.194"/>
  <testcase name="shouldRenderTemplateAndContainers page Host: CURRENT Template Host: CURRENT Container Host: CURRENT" classname="com.dotcms.rendering.velocity.services.HTMLPageAssetRenderedTest" time="6.0"/>
  <testcase name="shouldRenderTemplateAndContainers page Host: CURRENT Template Host: CURRENT Container Host: ANOTHER" classname="com.dotcms.rendering.velocity.services.HTMLPageAssetRenderedTest" time="6.246"/>
  <testcase name="shouldRenderTemplateAndContainers page Host: CURRENT Template Host: ANOTHER Container Host: ANOTHER" classname="com.dotcms.rendering.velocity.services.HTMLPageAssetRenderedTest" time="6.173"/>
  <testcase name="shouldRenderTemplateAndContainers page Host: CURRENT Template Host: CURRENT Container Host: DEFAULT" classname="com.dotcms.rendering.velocity.services.HTMLPageAssetRenderedTest" time="5.219"/>
  <testcase name="shouldRenderTemplateAndContainers page Host: CURRENT Template Host: ANOTHER Container Host: DEFAULT" classname="com.dotcms.rendering.velocity.services.HTMLPageAssetRenderedTest" time="5.149"/>
  <testcase name="renderPageWithDotAssetImage" classname="com.dotcms.rendering.velocity.services.HTMLPageAssetRenderedTest" time="7.266"/>
  <testcase name="ContentFallbackFalse_PageFallbackFalse_PageEnglishAndSpanish_ViewEnglishContent1And2_ViewSpanishContent2And3[0: DEFAULT]" classname="com.dotcms.rendering.velocity.services.HTMLPageAssetRenderedTest" time="2.748"/>
  <testcase name="ContentFallbackFalse_PageFallbackFalse_PageEnglishAndSpanish_ViewEnglishContent1And2_ViewSpanishContent2And3[1: FILE]" classname="com.dotcms.rendering.velocity.services.HTMLPageAssetRenderedTest" time="2.675"/>
  <testcase name="shouldReturnParserContainerUUID[0: DEFAULT]" classname="com.dotcms.rendering.velocity.services.HTMLPageAssetRenderedTest" time="1.727"/>
  <testcase name="shouldReturnParserContainerUUID[1: FILE]" classname="com.dotcms.rendering.velocity.services.HTMLPageAssetRenderedTest" time="1.741"/>
  <testcase name="constantField_notUpdatedCache_whenChanged[0: DEFAULT]" classname="com.dotcms.rendering.velocity.services.HTMLPageAssetRenderedTest" time="5.767"/>
  <testcase name="constantField_notUpdatedCache_whenChanged[1: FILE]" classname="com.dotcms.rendering.velocity.services.HTMLPageAssetRenderedTest" time="7.178"/>
  <testcase name="render_spanish_contentlets_on_english_page[0: DEFAULT]" classname="com.dotcms.rendering.velocity.services.HTMLPageAssetRenderedTest" time="1.739"/>
  <testcase name="render_spanish_contentlets_on_english_page[1: FILE]" classname="com.dotcms.rendering.velocity.services.HTMLPageAssetRenderedTest" time="0.762"/>
  <testcase name="pageWithSidebarShouldRender" classname="com.dotcms.rendering.velocity.services.HTMLPageAssetRenderedTest" time="5.299"/>
  <testcase name="ContentFallbackTrue_PageFallbackTrue_PageEnglishAndSpanish_ViewEnglishContent1And2_ViewSpanishContent1And2And3[0: DEFAULT]" classname="com.dotcms.rendering.velocity.services.HTMLPageAssetRenderedTest" time="2.807"/>
  <testcase name="ContentFallbackTrue_PageFallbackTrue_PageEnglishAndSpanish_ViewEnglishContent1And2_ViewSpanishContent1And2And3[1: FILE]" classname="com.dotcms.rendering.velocity.services.HTMLPageAssetRenderedTest" time="2.576"/>
  <testcase name="shouldReturnPageHTMLForLegacyUUIDAndMultiTree[0: DEFAULT]" classname="com.dotcms.rendering.velocity.services.HTMLPageAssetRenderedTest" time="1.08"/>
  <testcase name="shouldReturnPageHTMLForLegacyUUIDAndMultiTree[1: FILE]" classname="com.dotcms.rendering.velocity.services.HTMLPageAssetRenderedTest" time="1.063"/>
  <testcase name="shouldReturnPageHTMLForPersona[0: DEFAULT]" classname="com.dotcms.rendering.velocity.services.HTMLPageAssetRenderedTest" time="1.743"/>
  <testcase name="shouldReturnPageHTMLForPersona[1: FILE]" classname="com.dotcms.rendering.velocity.services.HTMLPageAssetRenderedTest" time="2.08"/>
  <testcase name="ContentFallbackFalse_PageFallbackTrue_PageEnglish_ViewEnglishContent1And2_ViewSpanishContent2And3[0: DEFAULT]" classname="com.dotcms.rendering.velocity.services.HTMLPageAssetRenderedTest" time="0.691"/>
  <testcase name="ContentFallbackFalse_PageFallbackTrue_PageEnglish_ViewEnglishContent1And2_ViewSpanishContent2And3[1: FILE]" classname="com.dotcms.rendering.velocity.services.HTMLPageAssetRenderedTest" time="1.001"/>
  <system-out><![CDATA[]]></system-out>
  <system-err><![CDATA[]]></system-err>
</testsuite>
