<?xml version="1.0" encoding="UTF-8"?>
<testsuite name="com.dotcms.rest.api.v1.vtl.VTLResourceIntegrationTest" tests="6" skipped="0" failures="0" errors="0" timestamp="2023-06-30T20:31:50" hostname="fv-az1025-316" time="12.119">
  <properties/>
  <testcase name="testGet[0: com.dotcms.rest.api.v1.vtl.VTLResourceTestCase@1b1c1499]" classname="com.dotcms.rest.api.v1.vtl.VTLResourceIntegrationTest" time="2.294"/>
  <testcase name="testGet[1: com.dotcms.rest.api.v1.vtl.VTLResourceTestCase@13dc15b7]" classname="com.dotcms.rest.api.v1.vtl.VTLResourceIntegrationTest" time="1.878"/>
  <testcase name="testGet[2: com.dotcms.rest.api.v1.vtl.VTLResourceTestCase@7e40b76]" classname="com.dotcms.rest.api.v1.vtl.VTLResourceIntegrationTest" time="1.92"/>
  <testcase name="testGet[3: com.dotcms.rest.api.v1.vtl.VTLResourceTestCase@50cbcf9d]" classname="com.dotcms.rest.api.v1.vtl.VTLResourceIntegrationTest" time="2.137"/>
  <testcase name="testGet[4: com.dotcms.rest.api.v1.vtl.VTLResourceTestCase@2b88b1c1]" classname="com.dotcms.rest.api.v1.vtl.VTLResourceIntegrationTest" time="1.913"/>
  <testcase name="testGet[5: com.dotcms.rest.api.v1.vtl.VTLResourceTestCase@588a68aa]" classname="com.dotcms.rest.api.v1.vtl.VTLResourceIntegrationTest" time="1.977"/>
  <system-out><![CDATA[]]></system-out>
  <system-err><![CDATA[]]></system-err>
</testsuite>
