<?xml version="1.0" encoding="UTF-8"?>
<testsuite name="com.dotmarketing.portlets.structure.model.ContentletRelationshipsTest" tests="7" skipped="0" failures="0" errors="0" timestamp="2023-06-30T15:47:10" hostname="fv-az409-496" time="8.472">
  <properties/>
  <testcase name="testDoesAllowOnlyOne[0: com.dotmarketing.portlets.structure.model.ContentletRelationshipsTest$CardinalityTestCase@7565cbc]" classname="com.dotmarketing.portlets.structure.model.ContentletRelationshipsTest" time="0.424"/>
  <testcase name="testDoesAllowOnlyOne[1: com.dotmarketing.portlets.structure.model.ContentletRelationshipsTest$CardinalityTestCase@914e545]" classname="com.dotmarketing.portlets.structure.model.ContentletRelationshipsTest" time="0.425"/>
  <testcase name="testDoesAllowOnlyOne[2: com.dotmarketing.portlets.structure.model.ContentletRelationshipsTest$CardinalityTestCase@3e88a789]" classname="com.dotmarketing.portlets.structure.model.ContentletRelationshipsTest" time="0.399"/>
  <testcase name="testGetRelationshipRecords[0: com.dotmarketing.portlets.structure.model.ContentletRelationshipsTest$TestCase@15d1f468]" classname="com.dotmarketing.portlets.structure.model.ContentletRelationshipsTest" time="1.912"/>
  <testcase name="testGetRelationshipRecords[1: com.dotmarketing.portlets.structure.model.ContentletRelationshipsTest$TestCase@2057f9d2]" classname="com.dotmarketing.portlets.structure.model.ContentletRelationshipsTest" time="1.844"/>
  <testcase name="testGetRelationshipRecords[2: com.dotmarketing.portlets.structure.model.ContentletRelationshipsTest$TestCase@ec70e50]" classname="com.dotmarketing.portlets.structure.model.ContentletRelationshipsTest" time="1.749"/>
  <testcase name="testGetRelationshipRecords[3: com.dotmarketing.portlets.structure.model.ContentletRelationshipsTest$TestCase@750844ee]" classname="com.dotmarketing.portlets.structure.model.ContentletRelationshipsTest" time="1.718"/>
  <system-out><![CDATA[]]></system-out>
  <system-err><![CDATA[]]></system-err>
</testsuite>
