<?xml version="1.0" encoding="UTF-8"?>
<testsuite name="com.dotcms.rendering.velocity.viewtools.content.util.ContentUtilsTest" tests="89" skipped="0" failures="0" errors="0" timestamp="2023-07-12T19:12:15" hostname="fv-az642-316" time="408.046">
  <properties/>
  <testcase name="whenTheTimeMachineDateIsNullAndPublishDateInFutureShouldNotReturnAnything" classname="com.dotcms.rendering.velocity.viewtools.content.util.ContentUtilsTest" time="3.239"/>
  <testcase name="test_find_multilingual_contentlet_getContentletSuccessfully" classname="com.dotcms.rendering.velocity.viewtools.content.util.ContentUtilsTest" time="1.819"/>
  <testcase name="whenTheTimeMachineDateAndPublishDateAreTomorrowShouldReturnOneContent" classname="com.dotcms.rendering.velocity.viewtools.content.util.ContentUtilsTest" time="3.247"/>
  <testcase name="testPullRelated[0: com.dotcms.rendering.velocity.viewtools.content.util.ContentUtilsTest$TestCase@17407720]" classname="com.dotcms.rendering.velocity.viewtools.content.util.ContentUtilsTest" time="4.435"/>
  <testcase name="testPullRelated[1: com.dotcms.rendering.velocity.viewtools.content.util.ContentUtilsTest$TestCase@362542b4]" classname="com.dotcms.rendering.velocity.viewtools.content.util.ContentUtilsTest" time="4.046"/>
  <testcase name="testPullRelated[2: com.dotcms.rendering.velocity.viewtools.content.util.ContentUtilsTest$TestCase@430b6b20]" classname="com.dotcms.rendering.velocity.viewtools.content.util.ContentUtilsTest" time="3.288"/>
  <testcase name="testPullRelated[3: com.dotcms.rendering.velocity.viewtools.content.util.ContentUtilsTest$TestCase@51d192d6]" classname="com.dotcms.rendering.velocity.viewtools.content.util.ContentUtilsTest" time="3.749"/>
  <testcase name="testPullRelated[4: com.dotcms.rendering.velocity.viewtools.content.util.ContentUtilsTest$TestCase@45bc06bb]" classname="com.dotcms.rendering.velocity.viewtools.content.util.ContentUtilsTest" time="4.228"/>
  <testcase name="testPullRelated[5: com.dotcms.rendering.velocity.viewtools.content.util.ContentUtilsTest$TestCase@5990dc5a]" classname="com.dotcms.rendering.velocity.viewtools.content.util.ContentUtilsTest" time="3.883"/>
  <testcase name="testPullRelated[6: com.dotcms.rendering.velocity.viewtools.content.util.ContentUtilsTest$TestCase@415aee23]" classname="com.dotcms.rendering.velocity.viewtools.content.util.ContentUtilsTest" time="4.341"/>
  <testcase name="testPullRelated[7: com.dotcms.rendering.velocity.viewtools.content.util.ContentUtilsTest$TestCase@1c4093fc]" classname="com.dotcms.rendering.velocity.viewtools.content.util.ContentUtilsTest" time="4.008"/>
  <testcase name="testPullRelated[8: com.dotcms.rendering.velocity.viewtools.content.util.ContentUtilsTest$TestCase@396cd711]" classname="com.dotcms.rendering.velocity.viewtools.content.util.ContentUtilsTest" time="3.847"/>
  <testcase name="testPullRelated[9: com.dotcms.rendering.velocity.viewtools.content.util.ContentUtilsTest$TestCase@66c1ae6a]" classname="com.dotcms.rendering.velocity.viewtools.content.util.ContentUtilsTest" time="4.009"/>
  <testcase name="testPullRelated[10: com.dotcms.rendering.velocity.viewtools.content.util.ContentUtilsTest$TestCase@70fc6f67]" classname="com.dotcms.rendering.velocity.viewtools.content.util.ContentUtilsTest" time="4.084"/>
  <testcase name="testPullRelated[11: com.dotcms.rendering.velocity.viewtools.content.util.ContentUtilsTest$TestCase@68bbddf7]" classname="com.dotcms.rendering.velocity.viewtools.content.util.ContentUtilsTest" time="4.243"/>
  <testcase name="testPullRelated[12: com.dotcms.rendering.velocity.viewtools.content.util.ContentUtilsTest$TestCase@37305bae]" classname="com.dotcms.rendering.velocity.viewtools.content.util.ContentUtilsTest" time="3.8"/>
  <testcase name="testPullRelated[13: com.dotcms.rendering.velocity.viewtools.content.util.ContentUtilsTest$TestCase@5c6911dc]" classname="com.dotcms.rendering.velocity.viewtools.content.util.ContentUtilsTest" time="4.138"/>
  <testcase name="testPullRelated[14: com.dotcms.rendering.velocity.viewtools.content.util.ContentUtilsTest$TestCase@4ffdda61]" classname="com.dotcms.rendering.velocity.viewtools.content.util.ContentUtilsTest" time="4.021"/>
  <testcase name="testPullRelated[15: com.dotcms.rendering.velocity.viewtools.content.util.ContentUtilsTest$TestCase@791ff20c]" classname="com.dotcms.rendering.velocity.viewtools.content.util.ContentUtilsTest" time="4.131"/>
  <testcase name="testPullRelated[16: com.dotcms.rendering.velocity.viewtools.content.util.ContentUtilsTest$TestCase@4c473baa]" classname="com.dotcms.rendering.velocity.viewtools.content.util.ContentUtilsTest" time="3.927"/>
  <testcase name="testPullRelated[17: com.dotcms.rendering.velocity.viewtools.content.util.ContentUtilsTest$TestCase@5834340f]" classname="com.dotcms.rendering.velocity.viewtools.content.util.ContentUtilsTest" time="4.173"/>
  <testcase name="testPullRelated[18: com.dotcms.rendering.velocity.viewtools.content.util.ContentUtilsTest$TestCase@793bc3ba]" classname="com.dotcms.rendering.velocity.viewtools.content.util.ContentUtilsTest" time="4.047"/>
  <testcase name="testPullRelated[19: com.dotcms.rendering.velocity.viewtools.content.util.ContentUtilsTest$TestCase@7f32d103]" classname="com.dotcms.rendering.velocity.viewtools.content.util.ContentUtilsTest" time="4.072"/>
  <testcase name="testPullRelated[20: com.dotcms.rendering.velocity.viewtools.content.util.ContentUtilsTest$TestCase@a5d3f24]" classname="com.dotcms.rendering.velocity.viewtools.content.util.ContentUtilsTest" time="4.055"/>
  <testcase name="testPullRelated[21: com.dotcms.rendering.velocity.viewtools.content.util.ContentUtilsTest$TestCase@7330e62c]" classname="com.dotcms.rendering.velocity.viewtools.content.util.ContentUtilsTest" time="3.963"/>
  <testcase name="testPullRelated[22: com.dotcms.rendering.velocity.viewtools.content.util.ContentUtilsTest$TestCase@54b1cde3]" classname="com.dotcms.rendering.velocity.viewtools.content.util.ContentUtilsTest" time="4.147"/>
  <testcase name="testPullRelated[23: com.dotcms.rendering.velocity.viewtools.content.util.ContentUtilsTest$TestCase@3d62b4bf]" classname="com.dotcms.rendering.velocity.viewtools.content.util.ContentUtilsTest" time="3.896"/>
  <testcase name="testPullRelated[24: com.dotcms.rendering.velocity.viewtools.content.util.ContentUtilsTest$TestCase@5e250828]" classname="com.dotcms.rendering.velocity.viewtools.content.util.ContentUtilsTest" time="4.201"/>
  <testcase name="testPullRelated[25: com.dotcms.rendering.velocity.viewtools.content.util.ContentUtilsTest$TestCase@2a509446]" classname="com.dotcms.rendering.velocity.viewtools.content.util.ContentUtilsTest" time="3.853"/>
  <testcase name="testPullRelated[26: com.dotcms.rendering.velocity.viewtools.content.util.ContentUtilsTest$TestCase@70548a3a]" classname="com.dotcms.rendering.velocity.viewtools.content.util.ContentUtilsTest" time="4.246"/>
  <testcase name="testPullRelated[27: com.dotcms.rendering.velocity.viewtools.content.util.ContentUtilsTest$TestCase@58bb0fc3]" classname="com.dotcms.rendering.velocity.viewtools.content.util.ContentUtilsTest" time="4.069"/>
  <testcase name="testPullRelated[28: com.dotcms.rendering.velocity.viewtools.content.util.ContentUtilsTest$TestCase@2e2928b4]" classname="com.dotcms.rendering.velocity.viewtools.content.util.ContentUtilsTest" time="3.854"/>
  <testcase name="testPullRelated[29: com.dotcms.rendering.velocity.viewtools.content.util.ContentUtilsTest$TestCase@f56b93]" classname="com.dotcms.rendering.velocity.viewtools.content.util.ContentUtilsTest" time="4.266"/>
  <testcase name="testPullRelated[30: com.dotcms.rendering.velocity.viewtools.content.util.ContentUtilsTest$TestCase@542424ed]" classname="com.dotcms.rendering.velocity.viewtools.content.util.ContentUtilsTest" time="3.982"/>
  <testcase name="testPullRelated[31: com.dotcms.rendering.velocity.viewtools.content.util.ContentUtilsTest$TestCase@5461fcbd]" classname="com.dotcms.rendering.velocity.viewtools.content.util.ContentUtilsTest" time="4.309"/>
  <testcase name="testPullRelated[32: com.dotcms.rendering.velocity.viewtools.content.util.ContentUtilsTest$TestCase@33ea020d]" classname="com.dotcms.rendering.velocity.viewtools.content.util.ContentUtilsTest" time="3.774"/>
  <testcase name="testPullRelated[33: com.dotcms.rendering.velocity.viewtools.content.util.ContentUtilsTest$TestCase@18685e10]" classname="com.dotcms.rendering.velocity.viewtools.content.util.ContentUtilsTest" time="4.027"/>
  <testcase name="testPullRelated[34: com.dotcms.rendering.velocity.viewtools.content.util.ContentUtilsTest$TestCase@6d1e12bc]" classname="com.dotcms.rendering.velocity.viewtools.content.util.ContentUtilsTest" time="4.25"/>
  <testcase name="testPullRelated[35: com.dotcms.rendering.velocity.viewtools.content.util.ContentUtilsTest$TestCase@36418fb6]" classname="com.dotcms.rendering.velocity.viewtools.content.util.ContentUtilsTest" time="4.135"/>
  <testcase name="testPullRelated[36: com.dotcms.rendering.velocity.viewtools.content.util.ContentUtilsTest$TestCase@55d80919]" classname="com.dotcms.rendering.velocity.viewtools.content.util.ContentUtilsTest" time="5.91"/>
  <testcase name="testPullRelated[37: com.dotcms.rendering.velocity.viewtools.content.util.ContentUtilsTest$TestCase@f1a556c]" classname="com.dotcms.rendering.velocity.viewtools.content.util.ContentUtilsTest" time="6.179"/>
  <testcase name="testPullRelated[38: com.dotcms.rendering.velocity.viewtools.content.util.ContentUtilsTest$TestCase@120c3dc1]" classname="com.dotcms.rendering.velocity.viewtools.content.util.ContentUtilsTest" time="5.19"/>
  <testcase name="testPullRelated[39: com.dotcms.rendering.velocity.viewtools.content.util.ContentUtilsTest$TestCase@288a3c09]" classname="com.dotcms.rendering.velocity.viewtools.content.util.ContentUtilsTest" time="5.983"/>
  <testcase name="testPullRelated[40: com.dotcms.rendering.velocity.viewtools.content.util.ContentUtilsTest$TestCase@3d0f78c0]" classname="com.dotcms.rendering.velocity.viewtools.content.util.ContentUtilsTest" time="6.268"/>
  <testcase name="testPullRelated[41: com.dotcms.rendering.velocity.viewtools.content.util.ContentUtilsTest$TestCase@60e3eb38]" classname="com.dotcms.rendering.velocity.viewtools.content.util.ContentUtilsTest" time="5.872"/>
  <testcase name="testPullRelated[42: com.dotcms.rendering.velocity.viewtools.content.util.ContentUtilsTest$TestCase@137220d0]" classname="com.dotcms.rendering.velocity.viewtools.content.util.ContentUtilsTest" time="6.316"/>
  <testcase name="testPullRelated[43: com.dotcms.rendering.velocity.viewtools.content.util.ContentUtilsTest$TestCase@6ae12cc3]" classname="com.dotcms.rendering.velocity.viewtools.content.util.ContentUtilsTest" time="6.194"/>
  <testcase name="testPullRelated[44: com.dotcms.rendering.velocity.viewtools.content.util.ContentUtilsTest$TestCase@2cee9027]" classname="com.dotcms.rendering.velocity.viewtools.content.util.ContentUtilsTest" time="6.057"/>
  <testcase name="testPullRelated[45: com.dotcms.rendering.velocity.viewtools.content.util.ContentUtilsTest$TestCase@53ab14a9]" classname="com.dotcms.rendering.velocity.viewtools.content.util.ContentUtilsTest" time="4.755"/>
  <testcase name="testPullRelated[46: com.dotcms.rendering.velocity.viewtools.content.util.ContentUtilsTest$TestCase@51ddcaac]" classname="com.dotcms.rendering.velocity.viewtools.content.util.ContentUtilsTest" time="6.497"/>
  <testcase name="testPullRelated[47: com.dotcms.rendering.velocity.viewtools.content.util.ContentUtilsTest$TestCase@32397360]" classname="com.dotcms.rendering.velocity.viewtools.content.util.ContentUtilsTest" time="5.104"/>
  <testcase name="testPullRelated[48: com.dotcms.rendering.velocity.viewtools.content.util.ContentUtilsTest$TestCase@6a8eb2a8]" classname="com.dotcms.rendering.velocity.viewtools.content.util.ContentUtilsTest" time="6.011"/>
  <testcase name="testPullRelated[49: com.dotcms.rendering.velocity.viewtools.content.util.ContentUtilsTest$TestCase@618bfd0c]" classname="com.dotcms.rendering.velocity.viewtools.content.util.ContentUtilsTest" time="5.885"/>
  <testcase name="testPullRelated[50: com.dotcms.rendering.velocity.viewtools.content.util.ContentUtilsTest$TestCase@5ebcc33b]" classname="com.dotcms.rendering.velocity.viewtools.content.util.ContentUtilsTest" time="6.278"/>
  <testcase name="testPullRelated[51: com.dotcms.rendering.velocity.viewtools.content.util.ContentUtilsTest$TestCase@27e719ff]" classname="com.dotcms.rendering.velocity.viewtools.content.util.ContentUtilsTest" time="5.097"/>
  <testcase name="testPullRelated[52: com.dotcms.rendering.velocity.viewtools.content.util.ContentUtilsTest$TestCase@3863e459]" classname="com.dotcms.rendering.velocity.viewtools.content.util.ContentUtilsTest" time="6.254"/>
  <testcase name="testPullRelated[53: com.dotcms.rendering.velocity.viewtools.content.util.ContentUtilsTest$TestCase@6be1dc4]" classname="com.dotcms.rendering.velocity.viewtools.content.util.ContentUtilsTest" time="4.896"/>
  <testcase name="testPullRelated[54: com.dotcms.rendering.velocity.viewtools.content.util.ContentUtilsTest$TestCase@3ea3b333]" classname="com.dotcms.rendering.velocity.viewtools.content.util.ContentUtilsTest" time="6.171"/>
  <testcase name="testPullRelated[55: com.dotcms.rendering.velocity.viewtools.content.util.ContentUtilsTest$TestCase@21147df9]" classname="com.dotcms.rendering.velocity.viewtools.content.util.ContentUtilsTest" time="6.308"/>
  <testcase name="testPullRelated[56: com.dotcms.rendering.velocity.viewtools.content.util.ContentUtilsTest$TestCase@67204ae]" classname="com.dotcms.rendering.velocity.viewtools.content.util.ContentUtilsTest" time="5.967"/>
  <testcase name="testPullRelated[57: com.dotcms.rendering.velocity.viewtools.content.util.ContentUtilsTest$TestCase@70547999]" classname="com.dotcms.rendering.velocity.viewtools.content.util.ContentUtilsTest" time="4.851"/>
  <testcase name="testPullRelated[58: com.dotcms.rendering.velocity.viewtools.content.util.ContentUtilsTest$TestCase@534d768b]" classname="com.dotcms.rendering.velocity.viewtools.content.util.ContentUtilsTest" time="6.423"/>
  <testcase name="testPullRelated[59: com.dotcms.rendering.velocity.viewtools.content.util.ContentUtilsTest$TestCase@51b422ae]" classname="com.dotcms.rendering.velocity.viewtools.content.util.ContentUtilsTest" time="6.039"/>
  <testcase name="testPullRelated[60: com.dotcms.rendering.velocity.viewtools.content.util.ContentUtilsTest$TestCase@47f51b42]" classname="com.dotcms.rendering.velocity.viewtools.content.util.ContentUtilsTest" time="5.951"/>
  <testcase name="testPullRelated[61: com.dotcms.rendering.velocity.viewtools.content.util.ContentUtilsTest$TestCase@143e2a94]" classname="com.dotcms.rendering.velocity.viewtools.content.util.ContentUtilsTest" time="6.006"/>
  <testcase name="testPullRelated[62: com.dotcms.rendering.velocity.viewtools.content.util.ContentUtilsTest$TestCase@2c7fefb6]" classname="com.dotcms.rendering.velocity.viewtools.content.util.ContentUtilsTest" time="6.41"/>
  <testcase name="testPullRelated[63: com.dotcms.rendering.velocity.viewtools.content.util.ContentUtilsTest$TestCase@5cae19c5]" classname="com.dotcms.rendering.velocity.viewtools.content.util.ContentUtilsTest" time="6.034"/>
  <testcase name="testPullRelated[64: com.dotcms.rendering.velocity.viewtools.content.util.ContentUtilsTest$TestCase@33ee3619]" classname="com.dotcms.rendering.velocity.viewtools.content.util.ContentUtilsTest" time="5.966"/>
  <testcase name="testPullRelated[65: com.dotcms.rendering.velocity.viewtools.content.util.ContentUtilsTest$TestCase@56e1d07a]" classname="com.dotcms.rendering.velocity.viewtools.content.util.ContentUtilsTest" time="6.283"/>
  <testcase name="testPullRelated[66: com.dotcms.rendering.velocity.viewtools.content.util.ContentUtilsTest$TestCase@530874f]" classname="com.dotcms.rendering.velocity.viewtools.content.util.ContentUtilsTest" time="5.129"/>
  <testcase name="testPullRelated[67: com.dotcms.rendering.velocity.viewtools.content.util.ContentUtilsTest$TestCase@297cc61d]" classname="com.dotcms.rendering.velocity.viewtools.content.util.ContentUtilsTest" time="5.064"/>
  <testcase name="testPullRelated[68: com.dotcms.rendering.velocity.viewtools.content.util.ContentUtilsTest$TestCase@6b6073d5]" classname="com.dotcms.rendering.velocity.viewtools.content.util.ContentUtilsTest" time="6.233"/>
  <testcase name="testPullRelated[69: com.dotcms.rendering.velocity.viewtools.content.util.ContentUtilsTest$TestCase@335a0cc3]" classname="com.dotcms.rendering.velocity.viewtools.content.util.ContentUtilsTest" time="6.169"/>
  <testcase name="testPullRelated[70: com.dotcms.rendering.velocity.viewtools.content.util.ContentUtilsTest$TestCase@3251ef18]" classname="com.dotcms.rendering.velocity.viewtools.content.util.ContentUtilsTest" time="5.792"/>
  <testcase name="testPullRelated[71: com.dotcms.rendering.velocity.viewtools.content.util.ContentUtilsTest$TestCase@7d529b61]" classname="com.dotcms.rendering.velocity.viewtools.content.util.ContentUtilsTest" time="5.202"/>
  <testcase name="whenPublishAndExpireDatesAreInTheFutureAndTimeMachineIsAfterBoth" classname="com.dotcms.rendering.velocity.viewtools.content.util.ContentUtilsTest" time="3.32"/>
  <testcase name="testPullRelatedForLegacyRelationship[0: com.dotcms.rendering.velocity.viewtools.content.util.ContentUtilsTest$LegacyTestCase@1544a1c5]" classname="com.dotcms.rendering.velocity.viewtools.content.util.ContentUtilsTest" time="4.555"/>
  <testcase name="testPullRelatedForLegacyRelationship[1: com.dotcms.rendering.velocity.viewtools.content.util.ContentUtilsTest$LegacyTestCase@761b8bba]" classname="com.dotcms.rendering.velocity.viewtools.content.util.ContentUtilsTest" time="4.097"/>
  <testcase name="whenTheTimeMachineDateIsAfterTomorrowAndExpireDateIsTomorrowShouldNotReturnContent" classname="com.dotcms.rendering.velocity.viewtools.content.util.ContentUtilsTest" time="3.276"/>
  <testcase name="testPullLiveRelatedWhenLatestVersionIsWorking" classname="com.dotcms.rendering.velocity.viewtools.content.util.ContentUtilsTest" time="4.241"/>
  <testcase name="test_add_relationships_on_parent_children_related_contents" classname="com.dotcms.rendering.velocity.viewtools.content.util.ContentUtilsTest" time="1.557"/>
  <testcase name="testSortPullRelated[0: com.dotcms.rendering.velocity.viewtools.content.util.ContentUtilsTest$SortTestCase@4b0f834e]" classname="com.dotcms.rendering.velocity.viewtools.content.util.ContentUtilsTest" time="2.929"/>
  <testcase name="testSortPullRelated[1: com.dotcms.rendering.velocity.viewtools.content.util.ContentUtilsTest$SortTestCase@22ef90dd]" classname="com.dotcms.rendering.velocity.viewtools.content.util.ContentUtilsTest" time="2.886"/>
  <testcase name="testSortPullRelated[2: com.dotcms.rendering.velocity.viewtools.content.util.ContentUtilsTest$SortTestCase@129557cc]" classname="com.dotcms.rendering.velocity.viewtools.content.util.ContentUtilsTest" time="2.942"/>
  <testcase name="testSortPullRelated[3: com.dotcms.rendering.velocity.viewtools.content.util.ContentUtilsTest$SortTestCase@3879487f]" classname="com.dotcms.rendering.velocity.viewtools.content.util.ContentUtilsTest" time="2.867"/>
  <testcase name="testSortPullRelated[4: com.dotcms.rendering.velocity.viewtools.content.util.ContentUtilsTest$SortTestCase@f5bb9cd]" classname="com.dotcms.rendering.velocity.viewtools.content.util.ContentUtilsTest" time="2.031"/>
  <testcase name="testSortPullRelated[5: com.dotcms.rendering.velocity.viewtools.content.util.ContentUtilsTest$SortTestCase@516cb983]" classname="com.dotcms.rendering.velocity.viewtools.content.util.ContentUtilsTest" time="2.892"/>
  <testcase name="whenTheTimeMachineDateIsAfterTomorrowAndExpireDateIsInFutureShouldReturnContent" classname="com.dotcms.rendering.velocity.viewtools.content.util.ContentUtilsTest" time="3.3"/>
  <testcase name="testPullRelatedFieldShouldRespectDefaultOrder" classname="com.dotcms.rendering.velocity.viewtools.content.util.ContentUtilsTest" time="2.607"/>
  <system-out><![CDATA[]]></system-out>
  <system-err><![CDATA[]]></system-err>
</testsuite>
