<?xml version="1.0" encoding="UTF-8"?>
<testsuite name="com.dotmarketing.business.DeterministicIdentifierAPITest" tests="16" skipped="0" failures="0" errors="0" timestamp="2023-06-28T15:43:37" hostname="fv-az1135-364" time="0.759">
  <properties/>
  <testcase name="Test_Category_Path_Seed_And_Id" classname="com.dotmarketing.business.DeterministicIdentifierAPITest" time="0.028"/>
  <testcase name="Test_Language_Deterministic_Id[0: LanguageTestCase{expectedSeed='Language:es:US', expectedHash=4913155, langCode='es', countryCode='US', country='United States'}]" classname="com.dotmarketing.business.DeterministicIdentifierAPITest" time="0.002"/>
  <testcase name="Test_Language_Deterministic_Id[1: LanguageTestCase{expectedSeed='Language:ep:', expectedHash=5292269, langCode='ep', countryCode='', country=''}]" classname="com.dotmarketing.business.DeterministicIdentifierAPITest" time="0.001"/>
  <testcase name="Test_Language_Deterministic_Id[2: LanguageTestCase{expectedSeed='Language:sg:SAG', expectedHash=4713118, langCode='sg', countryCode='SAG', country=''}]" classname="com.dotmarketing.business.DeterministicIdentifierAPITest" time="0.001"/>
  <testcase name="Test_Language_Deterministic_Id[3: LanguageTestCase{expectedSeed='Language:en:NZ', expectedHash=5382528, langCode='en', countryCode='NZ', country='New Zealand'}]" classname="com.dotmarketing.business.DeterministicIdentifierAPITest" time="0.001"/>
  <testcase name="Test_Category_None_Persisted_Category_Should_Return_Deterministic_Id" classname="com.dotmarketing.business.DeterministicIdentifierAPITest" time="0.001"/>
  <testcase name="Test_Asset_Generate_Deterministic_Id_Best_Effort[0: TestCase{versionable=my.host1687966636094.com, parent=System Host, expectedName='my.host1687966636094.com', expectedType='Host'}]" classname="com.dotmarketing.business.DeterministicIdentifierAPITest" time="0.006"/>
  <testcase name="Test_Asset_Generate_Deterministic_Id_Best_Effort[1: TestCase{versionable=com.dotmarketing.portlets.contentlet.model.Contentlet@3f633904[map={modDate=2023-06-28 15:37:16.945, fileName=file17992404823494527229.txt, title=file17992404823494527229.txt, inode=a930d73b-195c-43da-b0e1-422f20be1fed, __IS_NEW_CONTENT__=true, disabledWYSIWYG=[], host=bef97afc-e602-40a5-bf2e-d44d7877444d, stInode=33888b6f-7a8e-4069-b1b6-5c1aa9d0a48d, owner=system, identifier=67de0ea6-c8e5-4124-be08-0d1b0357b040, nullProperties=[wfExpireDate, wfPublishDate, wfActionAssign, wfActionId, wfActionComments, filterKey, whereToSend, wfNeverExpire, _path_to_move, timezoneId, iWantTo, wfPublishTime, wfExpireTime], languageId=1, fileAsset=/home/runner/work/core/custom/assets/a/9/a930d73b-195c-43da-b0e1-422f20be1fed/fileAsset/file17992404823494527229.txt, folder=f62dbd7b-53d1-4a27-9424-5b699a4e19cb, __disable_workflow__=true, sortOrder=0, modUser=system},lowIndexPriority=false,variantId=DEFAULT], parent=com.dotmarketing.portlets.folders.model.Folder@59d5766[identifier=f62dbd7b-53d1-4a27-9424-5b699a4e19cb,name=testName1687966636939,sortOrder=0,showOnMenu=false,hostId=bef97afc-e602-40a5-bf2e-d44d7877444d,type=folder,title=testTitle1687966636939,filesMasks=,defaultFileType=33888b6f-7a8e-4069-b1b6-5c1aa9d0a48d,modDate=2023-06-28 15:37:16.942,owner=&lt;null&gt;,iDate=2023-06-28 15:37:16.942,inode=f62dbd7b-53d1-4a27-9424-5b699a4e19cb,path=/testName1687966636939/], expectedName='file17992404823494527229.txt', expectedType='FileAsset'}]" classname="com.dotmarketing.business.DeterministicIdentifierAPITest" time="0.004"/>
  <testcase name="Test_Asset_Generate_Deterministic_Id_Best_Effort[2: TestCase{versionable=com.dotmarketing.portlets.templates.model.Template@848bf730, parent=my.host1687966636094.com, expectedName='testTitle1687966637035', expectedType='Template'}]" classname="com.dotmarketing.business.DeterministicIdentifierAPITest" time="0.002"/>
  <testcase name="Test_Asset_Generate_Deterministic_Id_Best_Effort[3: TestCase{versionable=com.dotmarketing.portlets.htmlpageasset.model.HTMLPageAsset@6300440f[map={template=bedfb412-5d1c-43f9-81b9-575eb8dfcbcf, owner=system, identifier=78a307c2-c112-4239-a567-c8f3f15ed41a, nullProperties=[wfExpireDate, wfPublishDate, wfActionAssign, wfActionId, wfActionComments, filterKey, whereToSend, wfNeverExpire, _path_to_move, timezoneId, iWantTo, wfPublishTime, wfExpireTime], modDate=2023-06-28 15:37:17.049, cachettl=0, _is_test_mode=true, languageId=1, title=test-page-title-1687966637045, httpsreq=, url=test-page-url-1687966637045, showOnMenu=, inode=549e47bd-b713-449e-9f2d-2a8fbd55cdea, folder=f62dbd7b-53d1-4a27-9424-5b699a4e19cb, disabledWYSIWYG=[], sortOrder=1, modUser=system, host=bef97afc-e602-40a5-bf2e-d44d7877444d, stInode=c541abb1-69b3-4bc5-8430-5e09e5239cc8, friendlyName=test-page-friendly-name-1687966637045},lowIndexPriority=false,variantId=DEFAULT], parent=com.dotmarketing.portlets.folders.model.Folder@59d5766[identifier=f62dbd7b-53d1-4a27-9424-5b699a4e19cb,name=testName1687966636939,sortOrder=0,showOnMenu=false,hostId=bef97afc-e602-40a5-bf2e-d44d7877444d,type=folder,title=testTitle1687966636939,filesMasks=,defaultFileType=33888b6f-7a8e-4069-b1b6-5c1aa9d0a48d,modDate=2023-06-28 15:37:16.942,owner=&lt;null&gt;,iDate=2023-06-28 15:37:16.942,inode=f62dbd7b-53d1-4a27-9424-5b699a4e19cb,path=/testName1687966636939/], expectedName='test-page-url-1687966637045', expectedType='htmlpageasset'}]" classname="com.dotmarketing.business.DeterministicIdentifierAPITest" time="0.003"/>
  <testcase name="Test_Asset_Generate_Deterministic_Id_Best_Effort[4: TestCase{versionable=com.dotmarketing.portlets.contentlet.model.Contentlet@21b13cee[map={fileAsset2=/home/runner/work/core/custom/assets/6/d/6df7aef4-725d-4d8e-8c27-33611631c597/fileAsset2/test_binary1687966637928.png, modDate=2023-06-28 15:37:17.933, fileAsset1=/home/runner/work/core/custom/assets/6/d/6df7aef4-725d-4d8e-8c27-33611631c597/fileAsset1/test_binary1687966637928.jpg, title=blah, inode=6df7aef4-725d-4d8e-8c27-33611631c597, __IS_NEW_CONTENT__=true, disabledWYSIWYG=[], host=48190c8c-42c4-46af-8d1a-0cd5db894797, stInode=b4c82023-4725-45a8-9ac2-2f17536b04a8, owner=system, identifier=9c54ee36-1093-43bd-9c2c-2c09f51a58ff, nullProperties=[], languageId=1, image1=80aca91f-5d04-4c83-a282-f85abe8fc63d, folder=SYSTEM_FOLDER, __disable_workflow__=true, sortOrder=0, modUser=system},lowIndexPriority=false,variantId=DEFAULT], parent=demo.dotcms.com, expectedName='test_binary1687966637928.jpg:test_binary1687966637928.png', expectedType='MultipleBinaries1687966637235'}]" classname="com.dotmarketing.business.DeterministicIdentifierAPITest" time="0.003"/>
  <testcase name="Test_Asset_Generate_Deterministic_Id_Best_Effort[5: TestCase{versionable=name0edc5ba611 : keyTag0edc5ba611, parent=my.host1687966636094.com, expectedName='keyTag0edc5ba611', expectedType='persona'}]" classname="com.dotmarketing.business.DeterministicIdentifierAPITest" time="0.002"/>
  <testcase name="Test_Similar_Content_Type_Wont_Clash" classname="com.dotmarketing.business.DeterministicIdentifierAPITest" time="0.479"/>
  <testcase name="Test_Generate_Folder_Identifier" classname="com.dotmarketing.business.DeterministicIdentifierAPITest" time="0.213"/>
  <testcase name="Test_Generate_Content_Type_Identifier[0: ContentTypeTestCase{contentType=KeyValueContentType{name=Language Variable, id=f4d7c1b8-2c88-4071-abf1-a5328977b07d, description=Default Content Type for Language Variables, defaultType=false, fixed=true, iDate=Thu Aug 31 16:38:49 UTC 2017, system=true, versionable=true, variable=Languagevariable, modDate=Wed Jun 28 14:30:30 UTC 2023, host=SYSTEM_HOST, siteName=systemHost, icon=language, sortOrder=0, folder=SYSTEM_FOLDER, folderPath=/, markedForDeletion=true, multilingualable=false}, expectedName='Languagevariable', expectedType='KeyValue'}]" classname="com.dotmarketing.business.DeterministicIdentifierAPITest" time="0.005"/>
  <testcase name="Test_Generate_Content_Type_Identifier[1: ContentTypeTestCase{contentType=SimpleContentType{name=testName1687966638303, id=4669483f-3043-4a5c-81cf-b021d565f61c, description=testDescription1687966638303, defaultType=false, fixed=false, iDate=Wed Jun 28 15:37:18 UTC 2023, system=false, versionable=true, multilingualable=false, variable=testVarname1687966638303, owner=system, modDate=Wed Jun 28 15:37:19 UTC 2023, host=48190c8c-42c4-46af-8d1a-0cd5db894797, siteName=demo.dotcms.com, icon=event_note, sortOrder=0, folder=SYSTEM_FOLDER, folderPath=/, requiredFields=[], markedForDeletion=false}, expectedName='testVarname1687966638303', expectedType='CONTENT'}]" classname="com.dotmarketing.business.DeterministicIdentifierAPITest" time="0.005"/>
  <system-out><![CDATA[]]></system-out>
  <system-err><![CDATA[]]></system-err>
</testsuite>
