<?xml version="1.0" encoding="UTF-8"?>
<testsuite name="com.dotmarketing.portlets.rules.business.RulesCacheFTest" tests="9" skipped="0" failures="0" errors="0" timestamp="2023-07-05T17:45:25" hostname="fv-az487-835" time="0.359">
  <properties/>
  <testcase name="testgetRulesByParentFireOnReturnsNullWhenConditionOfCachedRuleOnSameHostIsDeleted" classname="com.dotmarketing.portlets.rules.business.RulesCacheFTest" time="0.04"/>
  <testcase name="testgetRulesByParentFireOnReturnsNullWhenConditionValueOfCachedRuleOnSameHostIsDeleted" classname="com.dotmarketing.portlets.rules.business.RulesCacheFTest" time="0.046"/>
  <testcase name="testgetRulesByParentFireOnReturnsNullWhenConditionGroupOfCachedRuleOnSameHostIsUpdated" classname="com.dotmarketing.portlets.rules.business.RulesCacheFTest" time="0.028"/>
  <testcase name="testgetRulesByParentFireOnReturnsNullWhenConditionsOfCachedRuleOnSameHostAreDeletedByGroup" classname="com.dotmarketing.portlets.rules.business.RulesCacheFTest" time="0.045"/>
  <testcase name="testgetRulesByParentFireOnReturnsNullWhenConditionOfCachedRuleOnSameHostIsUpdated" classname="com.dotmarketing.portlets.rules.business.RulesCacheFTest" time="0.046"/>
  <testcase name="testgetRulesByParentFireOnReturnsNullWhenConditionValuesOfCachedRuleOnSameHostIsDeleted" classname="com.dotmarketing.portlets.rules.business.RulesCacheFTest" time="0.045"/>
  <testcase name="testgetRulesByParentFireOnReturnsNullWhenCachedRuleOnSameHostIsUpdated" classname="com.dotmarketing.portlets.rules.business.RulesCacheFTest" time="0.047"/>
  <testcase name="testgetRulesByParentFireOnReturnsNullWhenConditionValueOfCachedRuleOnSameHostIsUpdated" classname="com.dotmarketing.portlets.rules.business.RulesCacheFTest" time="0.038"/>
  <testcase name="testgetRulesByParentFireOnReturnsNullWhenConditionGroupOfCachedRuleOnSameHostIsDeleted" classname="com.dotmarketing.portlets.rules.business.RulesCacheFTest" time="0.021"/>
  <system-out><![CDATA[]]></system-out>
  <system-err><![CDATA[]]></system-err>
</testsuite>
