<?xml version="1.0" encoding="UTF-8"?>
<testsuite name="com.dotcms.publishing.PublisherFilterImplTest" tests="4" skipped="0" failures="0" errors="0" timestamp="2023-07-11T16:45:52" hostname="fv-az221-100" time="0.01">
  <properties/>
  <testcase name="Test_doesExcludeClassesContainsType" classname="com.dotcms.publishing.PublisherFilterImplTest" time="0.001"/>
  <testcase name="Test_doesExcludeDependencyClassesContainsType" classname="com.dotcms.publishing.PublisherFilterImplTest" time="0.001"/>
  <testcase name="Test_doesExcludeDependencyQueryContainsContentletId" classname="com.dotcms.publishing.PublisherFilterImplTest" time="0.001"/>
  <testcase name="Test_doesExcludeQueryContainContentletId" classname="com.dotcms.publishing.PublisherFilterImplTest" time="0.007"/>
  <system-out><![CDATA[]]></system-out>
  <system-err><![CDATA[]]></system-err>
</testsuite>
