<?xml version="1.0" encoding="UTF-8"?>
<testsuite name="com.dotcms.rest.TagResourceIntegrationTest" tests="4" skipped="0" failures="0" errors="0" timestamp="2023-07-13T22:07:59" hostname="fv-az166-219" time="0.255">
  <properties/>
  <testcase name="testList[0: com.dotcms.rest.TagResourceTestCase@2b06963c]" classname="com.dotcms.rest.TagResourceIntegrationTest" time="0.202"/>
  <testcase name="testList[1: com.dotcms.rest.TagResourceTestCase@478ee888]" classname="com.dotcms.rest.TagResourceIntegrationTest" time="0.02"/>
  <testcase name="testList[2: com.dotcms.rest.TagResourceTestCase@1dc1f587]" classname="com.dotcms.rest.TagResourceIntegrationTest" time="0.013"/>
  <testcase name="testList[3: com.dotcms.rest.TagResourceTestCase@1b21c62e]" classname="com.dotcms.rest.TagResourceIntegrationTest" time="0.019"/>
  <system-out><![CDATA[]]></system-out>
  <system-err><![CDATA[Jul 13, 2023 10:07:59 PM com.dotcms.repackage.org.hibernate.validator.internal.util.Version <clinit>
INFO: HV000001: Hibernate Validator 4.3.2.Final
]]></system-err>
</testsuite>
