<?xml version="1.0" encoding="UTF-8"?>
<testsuite name="com.dotcms.experiments.business.RootIndexRegexUrlPatterStrategyIntegrationTest" tests="6" skipped="0" failures="0" errors="0" timestamp="2023-06-26T17:53:13" hostname="fv-az341-169" time="12.807">
  <properties/>
  <testcase name="realRootIndexPage" classname="com.dotcms.experiments.business.RootIndexRegexUrlPatterStrategyIntegrationTest" time="2.492"/>
  <testcase name="httpsRealRootIndexPageNotLocalhost" classname="com.dotcms.experiments.business.RootIndexRegexUrlPatterStrategyIntegrationTest" time="1.896"/>
  <testcase name="indexPageButNotRootIndexPage" classname="com.dotcms.experiments.business.RootIndexRegexUrlPatterStrategyIntegrationTest" time="2.25"/>
  <testcase name="realRootIndexPageNotLocalHost" classname="com.dotcms.experiments.business.RootIndexRegexUrlPatterStrategyIntegrationTest" time="1.808"/>
  <testcase name="notIndexPage" classname="com.dotcms.experiments.business.RootIndexRegexUrlPatterStrategyIntegrationTest" time="2.137"/>
  <testcase name="httpsRealRootIndexPage" classname="com.dotcms.experiments.business.RootIndexRegexUrlPatterStrategyIntegrationTest" time="2.224"/>
  <system-out><![CDATA[]]></system-out>
  <system-err><![CDATA[]]></system-err>
</testsuite>
