<?xml version="1.0" encoding="UTF-8"?>
<testsuite name="com.dotmarketing.portlets.structure.model.ContentletRelationshipsTest" tests="7" skipped="0" failures="0" errors="0" timestamp="2023-07-17T17:23:09" hostname="fv-az404-376" time="9.192">
  <properties/>
  <testcase name="testDoesAllowOnlyOne[0: com.dotmarketing.portlets.structure.model.ContentletRelationshipsTest$CardinalityTestCase@5a8dbb4e]" classname="com.dotmarketing.portlets.structure.model.ContentletRelationshipsTest" time="0.82"/>
  <testcase name="testDoesAllowOnlyOne[1: com.dotmarketing.portlets.structure.model.ContentletRelationshipsTest$CardinalityTestCase@39eeba89]" classname="com.dotmarketing.portlets.structure.model.ContentletRelationshipsTest" time="0.422"/>
  <testcase name="testDoesAllowOnlyOne[2: com.dotmarketing.portlets.structure.model.ContentletRelationshipsTest$CardinalityTestCase@7bbb11d0]" classname="com.dotmarketing.portlets.structure.model.ContentletRelationshipsTest" time="0.473"/>
  <testcase name="testGetRelationshipRecords[0: com.dotmarketing.portlets.structure.model.ContentletRelationshipsTest$TestCase@584ea5eb]" classname="com.dotmarketing.portlets.structure.model.ContentletRelationshipsTest" time="2.005"/>
  <testcase name="testGetRelationshipRecords[1: com.dotmarketing.portlets.structure.model.ContentletRelationshipsTest$TestCase@6f2e3267]" classname="com.dotmarketing.portlets.structure.model.ContentletRelationshipsTest" time="1.926"/>
  <testcase name="testGetRelationshipRecords[2: com.dotmarketing.portlets.structure.model.ContentletRelationshipsTest$TestCase@2358f7f9]" classname="com.dotmarketing.portlets.structure.model.ContentletRelationshipsTest" time="1.769"/>
  <testcase name="testGetRelationshipRecords[3: com.dotmarketing.portlets.structure.model.ContentletRelationshipsTest$TestCase@ce57d3]" classname="com.dotmarketing.portlets.structure.model.ContentletRelationshipsTest" time="1.775"/>
  <system-out><![CDATA[]]></system-out>
  <system-err><![CDATA[]]></system-err>
</testsuite>
