<?xml version="1.0" encoding="UTF-8"?>
<testsuite name="com.dotmarketing.portlets.contentlet.model.ContentletIntegrationTest" tests="15" skipped="0" failures="0" errors="0" timestamp="2023-07-14T23:40:48" hostname="fv-az809-141" time="65.173">
  <properties/>
  <testcase name="testSetRelatedForOneSidedRelationship[0: com.dotmarketing.portlets.contentlet.model.ContentletIntegrationTest$SetRelatedTestCase@2fa4f10a]" classname="com.dotmarketing.portlets.contentlet.model.ContentletIntegrationTest" time="4.555"/>
  <testcase name="testSetRelatedForOneSidedRelationship[1: com.dotmarketing.portlets.contentlet.model.ContentletIntegrationTest$SetRelatedTestCase@1d4f2054]" classname="com.dotmarketing.portlets.contentlet.model.ContentletIntegrationTest" time="4.135"/>
  <testcase name="testSetRelatedForOneSidedRelationship[2: com.dotmarketing.portlets.contentlet.model.ContentletIntegrationTest$SetRelatedTestCase@3c2c7bce]" classname="com.dotmarketing.portlets.contentlet.model.ContentletIntegrationTest" time="4.09"/>
  <testcase name="testSetRelatedForOneSidedRelationship[3: com.dotmarketing.portlets.contentlet.model.ContentletIntegrationTest$SetRelatedTestCase@4edfda6b]" classname="com.dotmarketing.portlets.contentlet.model.ContentletIntegrationTest" time="4.052"/>
  <testcase name="testSetRelatedForOneSidedRelationship[4: com.dotmarketing.portlets.contentlet.model.ContentletIntegrationTest$SetRelatedTestCase@46fb4e1b]" classname="com.dotmarketing.portlets.contentlet.model.ContentletIntegrationTest" time="1.488"/>
  <testcase name="testGetRelatedForOneSidedRelationshipWhenLimitedUserShouldReturnEmptyList" classname="com.dotmarketing.portlets.contentlet.model.ContentletIntegrationTest" time="2.881"/>
  <testcase name="testSetRelatedForSelfRelationship[0: com.dotmarketing.portlets.contentlet.model.ContentletIntegrationTest$SetRelatedTestCase@2fa4f10a]" classname="com.dotmarketing.portlets.contentlet.model.ContentletIntegrationTest" time="9.414"/>
  <testcase name="testSetRelatedForSelfRelationship[1: com.dotmarketing.portlets.contentlet.model.ContentletIntegrationTest$SetRelatedTestCase@1d4f2054]" classname="com.dotmarketing.portlets.contentlet.model.ContentletIntegrationTest" time="9.035"/>
  <testcase name="testSetRelatedForSelfRelationship[2: com.dotmarketing.portlets.contentlet.model.ContentletIntegrationTest$SetRelatedTestCase@3c2c7bce]" classname="com.dotmarketing.portlets.contentlet.model.ContentletIntegrationTest" time="9.144"/>
  <testcase name="testSetRelatedForSelfRelationship[3: com.dotmarketing.portlets.contentlet.model.ContentletIntegrationTest$SetRelatedTestCase@4edfda6b]" classname="com.dotmarketing.portlets.contentlet.model.ContentletIntegrationTest" time="9.058"/>
  <testcase name="testSetRelatedForSelfRelationship[4: com.dotmarketing.portlets.contentlet.model.ContentletIntegrationTest$SetRelatedTestCase@46fb4e1b]" classname="com.dotmarketing.portlets.contentlet.model.ContentletIntegrationTest" time="1.694"/>
  <testcase name="testGetRelatedForOneSidedRelationship" classname="com.dotmarketing.portlets.contentlet.model.ContentletIntegrationTest" time="1.751"/>
  <testcase name="testGetRelatedWhenNoRelatedContentShouldReturnEmptyList" classname="com.dotmarketing.portlets.contentlet.model.ContentletIntegrationTest" time="1.517"/>
  <testcase name="testGetContentTypeAlwaysReturnsTheLatestCachedVersion" classname="com.dotmarketing.portlets.contentlet.model.ContentletIntegrationTest" time="1.214"/>
  <testcase name="testGetRelatedWhenInvalidVarFieldShouldThrowAnException" classname="com.dotmarketing.portlets.contentlet.model.ContentletIntegrationTest" time="1.144"/>
  <system-out><![CDATA[]]></system-out>
  <system-err><![CDATA[]]></system-err>
</testsuite>
