<?xml version="1.0" encoding="UTF-8"?>
<testsuite name="com.dotcms.rendering.velocity.viewtools.content.util.ContentUtilsTest" tests="89" skipped="0" failures="0" errors="0" timestamp="2023-07-13T21:11:10" hostname="fv-az717-983" time="401.173">
  <properties/>
  <testcase name="whenTheTimeMachineDateIsNullAndPublishDateInFutureShouldNotReturnAnything" classname="com.dotcms.rendering.velocity.viewtools.content.util.ContentUtilsTest" time="3.066"/>
  <testcase name="test_find_multilingual_contentlet_getContentletSuccessfully" classname="com.dotcms.rendering.velocity.viewtools.content.util.ContentUtilsTest" time="2.038"/>
  <testcase name="whenTheTimeMachineDateAndPublishDateAreTomorrowShouldReturnOneContent" classname="com.dotcms.rendering.velocity.viewtools.content.util.ContentUtilsTest" time="3.039"/>
  <testcase name="testPullRelated[0: com.dotcms.rendering.velocity.viewtools.content.util.ContentUtilsTest$TestCase@19fd7ccc]" classname="com.dotcms.rendering.velocity.viewtools.content.util.ContentUtilsTest" time="3.742"/>
  <testcase name="testPullRelated[1: com.dotcms.rendering.velocity.viewtools.content.util.ContentUtilsTest$TestCase@34e724dd]" classname="com.dotcms.rendering.velocity.viewtools.content.util.ContentUtilsTest" time="3.766"/>
  <testcase name="testPullRelated[2: com.dotcms.rendering.velocity.viewtools.content.util.ContentUtilsTest$TestCase@1056b2a5]" classname="com.dotcms.rendering.velocity.viewtools.content.util.ContentUtilsTest" time="3.502"/>
  <testcase name="testPullRelated[3: com.dotcms.rendering.velocity.viewtools.content.util.ContentUtilsTest$TestCase@1e3527aa]" classname="com.dotcms.rendering.velocity.viewtools.content.util.ContentUtilsTest" time="3.809"/>
  <testcase name="testPullRelated[4: com.dotcms.rendering.velocity.viewtools.content.util.ContentUtilsTest$TestCase@6c5c23bc]" classname="com.dotcms.rendering.velocity.viewtools.content.util.ContentUtilsTest" time="4.053"/>
  <testcase name="testPullRelated[5: com.dotcms.rendering.velocity.viewtools.content.util.ContentUtilsTest$TestCase@61102326]" classname="com.dotcms.rendering.velocity.viewtools.content.util.ContentUtilsTest" time="4.087"/>
  <testcase name="testPullRelated[6: com.dotcms.rendering.velocity.viewtools.content.util.ContentUtilsTest$TestCase@4476663b]" classname="com.dotcms.rendering.velocity.viewtools.content.util.ContentUtilsTest" time="3.877"/>
  <testcase name="testPullRelated[7: com.dotcms.rendering.velocity.viewtools.content.util.ContentUtilsTest$TestCase@73c91168]" classname="com.dotcms.rendering.velocity.viewtools.content.util.ContentUtilsTest" time="4.155"/>
  <testcase name="testPullRelated[8: com.dotcms.rendering.velocity.viewtools.content.util.ContentUtilsTest$TestCase@7e058d6e]" classname="com.dotcms.rendering.velocity.viewtools.content.util.ContentUtilsTest" time="2.816"/>
  <testcase name="testPullRelated[9: com.dotcms.rendering.velocity.viewtools.content.util.ContentUtilsTest$TestCase@1e6c989b]" classname="com.dotcms.rendering.velocity.viewtools.content.util.ContentUtilsTest" time="4.19"/>
  <testcase name="testPullRelated[10: com.dotcms.rendering.velocity.viewtools.content.util.ContentUtilsTest$TestCase@69dc62d3]" classname="com.dotcms.rendering.velocity.viewtools.content.util.ContentUtilsTest" time="4.134"/>
  <testcase name="testPullRelated[11: com.dotcms.rendering.velocity.viewtools.content.util.ContentUtilsTest$TestCase@52256cd1]" classname="com.dotcms.rendering.velocity.viewtools.content.util.ContentUtilsTest" time="4.108"/>
  <testcase name="testPullRelated[12: com.dotcms.rendering.velocity.viewtools.content.util.ContentUtilsTest$TestCase@19f506]" classname="com.dotcms.rendering.velocity.viewtools.content.util.ContentUtilsTest" time="3.888"/>
  <testcase name="testPullRelated[13: com.dotcms.rendering.velocity.viewtools.content.util.ContentUtilsTest$TestCase@7acb1dde]" classname="com.dotcms.rendering.velocity.viewtools.content.util.ContentUtilsTest" time="4.294"/>
  <testcase name="testPullRelated[14: com.dotcms.rendering.velocity.viewtools.content.util.ContentUtilsTest$TestCase@700b22ae]" classname="com.dotcms.rendering.velocity.viewtools.content.util.ContentUtilsTest" time="3.922"/>
  <testcase name="testPullRelated[15: com.dotcms.rendering.velocity.viewtools.content.util.ContentUtilsTest$TestCase@9318b9a]" classname="com.dotcms.rendering.velocity.viewtools.content.util.ContentUtilsTest" time="3.868"/>
  <testcase name="testPullRelated[16: com.dotcms.rendering.velocity.viewtools.content.util.ContentUtilsTest$TestCase@464ffe7f]" classname="com.dotcms.rendering.velocity.viewtools.content.util.ContentUtilsTest" time="4.197"/>
  <testcase name="testPullRelated[17: com.dotcms.rendering.velocity.viewtools.content.util.ContentUtilsTest$TestCase@64482e85]" classname="com.dotcms.rendering.velocity.viewtools.content.util.ContentUtilsTest" time="4.046"/>
  <testcase name="testPullRelated[18: com.dotcms.rendering.velocity.viewtools.content.util.ContentUtilsTest$TestCase@4d7f7ef0]" classname="com.dotcms.rendering.velocity.viewtools.content.util.ContentUtilsTest" time="4.142"/>
  <testcase name="testPullRelated[19: com.dotcms.rendering.velocity.viewtools.content.util.ContentUtilsTest$TestCase@4897519e]" classname="com.dotcms.rendering.velocity.viewtools.content.util.ContentUtilsTest" time="3.859"/>
  <testcase name="testPullRelated[20: com.dotcms.rendering.velocity.viewtools.content.util.ContentUtilsTest$TestCase@7192e2f5]" classname="com.dotcms.rendering.velocity.viewtools.content.util.ContentUtilsTest" time="4.174"/>
  <testcase name="testPullRelated[21: com.dotcms.rendering.velocity.viewtools.content.util.ContentUtilsTest$TestCase@540bc644]" classname="com.dotcms.rendering.velocity.viewtools.content.util.ContentUtilsTest" time="3.903"/>
  <testcase name="testPullRelated[22: com.dotcms.rendering.velocity.viewtools.content.util.ContentUtilsTest$TestCase@62b5bacb]" classname="com.dotcms.rendering.velocity.viewtools.content.util.ContentUtilsTest" time="4.055"/>
  <testcase name="testPullRelated[23: com.dotcms.rendering.velocity.viewtools.content.util.ContentUtilsTest$TestCase@105c0ca2]" classname="com.dotcms.rendering.velocity.viewtools.content.util.ContentUtilsTest" time="4.278"/>
  <testcase name="testPullRelated[24: com.dotcms.rendering.velocity.viewtools.content.util.ContentUtilsTest$TestCase@76bfd116]" classname="com.dotcms.rendering.velocity.viewtools.content.util.ContentUtilsTest" time="3.924"/>
  <testcase name="testPullRelated[25: com.dotcms.rendering.velocity.viewtools.content.util.ContentUtilsTest$TestCase@7c8c1063]" classname="com.dotcms.rendering.velocity.viewtools.content.util.ContentUtilsTest" time="4.003"/>
  <testcase name="testPullRelated[26: com.dotcms.rendering.velocity.viewtools.content.util.ContentUtilsTest$TestCase@33208edb]" classname="com.dotcms.rendering.velocity.viewtools.content.util.ContentUtilsTest" time="4.099"/>
  <testcase name="testPullRelated[27: com.dotcms.rendering.velocity.viewtools.content.util.ContentUtilsTest$TestCase@4369ad01]" classname="com.dotcms.rendering.velocity.viewtools.content.util.ContentUtilsTest" time="4.203"/>
  <testcase name="testPullRelated[28: com.dotcms.rendering.velocity.viewtools.content.util.ContentUtilsTest$TestCase@4b56f31b]" classname="com.dotcms.rendering.velocity.viewtools.content.util.ContentUtilsTest" time="3.786"/>
  <testcase name="testPullRelated[29: com.dotcms.rendering.velocity.viewtools.content.util.ContentUtilsTest$TestCase@57c5fd1a]" classname="com.dotcms.rendering.velocity.viewtools.content.util.ContentUtilsTest" time="4.261"/>
  <testcase name="testPullRelated[30: com.dotcms.rendering.velocity.viewtools.content.util.ContentUtilsTest$TestCase@60a4e76f]" classname="com.dotcms.rendering.velocity.viewtools.content.util.ContentUtilsTest" time="4.005"/>
  <testcase name="testPullRelated[31: com.dotcms.rendering.velocity.viewtools.content.util.ContentUtilsTest$TestCase@6eab5fdf]" classname="com.dotcms.rendering.velocity.viewtools.content.util.ContentUtilsTest" time="4.095"/>
  <testcase name="testPullRelated[32: com.dotcms.rendering.velocity.viewtools.content.util.ContentUtilsTest$TestCase@1299a73a]" classname="com.dotcms.rendering.velocity.viewtools.content.util.ContentUtilsTest" time="4.058"/>
  <testcase name="testPullRelated[33: com.dotcms.rendering.velocity.viewtools.content.util.ContentUtilsTest$TestCase@6a4ca55e]" classname="com.dotcms.rendering.velocity.viewtools.content.util.ContentUtilsTest" time="3.855"/>
  <testcase name="testPullRelated[34: com.dotcms.rendering.velocity.viewtools.content.util.ContentUtilsTest$TestCase@2d14b8e7]" classname="com.dotcms.rendering.velocity.viewtools.content.util.ContentUtilsTest" time="3.402"/>
  <testcase name="testPullRelated[35: com.dotcms.rendering.velocity.viewtools.content.util.ContentUtilsTest$TestCase@19f54f3d]" classname="com.dotcms.rendering.velocity.viewtools.content.util.ContentUtilsTest" time="3.895"/>
  <testcase name="testPullRelated[36: com.dotcms.rendering.velocity.viewtools.content.util.ContentUtilsTest$TestCase@468a8b4e]" classname="com.dotcms.rendering.velocity.viewtools.content.util.ContentUtilsTest" time="5.22"/>
  <testcase name="testPullRelated[37: com.dotcms.rendering.velocity.viewtools.content.util.ContentUtilsTest$TestCase@4963b094]" classname="com.dotcms.rendering.velocity.viewtools.content.util.ContentUtilsTest" time="5.076"/>
  <testcase name="testPullRelated[38: com.dotcms.rendering.velocity.viewtools.content.util.ContentUtilsTest$TestCase@4138fadf]" classname="com.dotcms.rendering.velocity.viewtools.content.util.ContentUtilsTest" time="6.022"/>
  <testcase name="testPullRelated[39: com.dotcms.rendering.velocity.viewtools.content.util.ContentUtilsTest$TestCase@7287d962]" classname="com.dotcms.rendering.velocity.viewtools.content.util.ContentUtilsTest" time="5.193"/>
  <testcase name="testPullRelated[40: com.dotcms.rendering.velocity.viewtools.content.util.ContentUtilsTest$TestCase@6045fc87]" classname="com.dotcms.rendering.velocity.viewtools.content.util.ContentUtilsTest" time="6.104"/>
  <testcase name="testPullRelated[41: com.dotcms.rendering.velocity.viewtools.content.util.ContentUtilsTest$TestCase@3476070b]" classname="com.dotcms.rendering.velocity.viewtools.content.util.ContentUtilsTest" time="5.769"/>
  <testcase name="testPullRelated[42: com.dotcms.rendering.velocity.viewtools.content.util.ContentUtilsTest$TestCase@321efd58]" classname="com.dotcms.rendering.velocity.viewtools.content.util.ContentUtilsTest" time="6.401"/>
  <testcase name="testPullRelated[43: com.dotcms.rendering.velocity.viewtools.content.util.ContentUtilsTest$TestCase@7e1e7eb0]" classname="com.dotcms.rendering.velocity.viewtools.content.util.ContentUtilsTest" time="5.408"/>
  <testcase name="testPullRelated[44: com.dotcms.rendering.velocity.viewtools.content.util.ContentUtilsTest$TestCase@31f01430]" classname="com.dotcms.rendering.velocity.viewtools.content.util.ContentUtilsTest" time="5.696"/>
  <testcase name="testPullRelated[45: com.dotcms.rendering.velocity.viewtools.content.util.ContentUtilsTest$TestCase@35ba035a]" classname="com.dotcms.rendering.velocity.viewtools.content.util.ContentUtilsTest" time="4.851"/>
  <testcase name="testPullRelated[46: com.dotcms.rendering.velocity.viewtools.content.util.ContentUtilsTest$TestCase@708bcc88]" classname="com.dotcms.rendering.velocity.viewtools.content.util.ContentUtilsTest" time="6.456"/>
  <testcase name="testPullRelated[47: com.dotcms.rendering.velocity.viewtools.content.util.ContentUtilsTest$TestCase@7dedc7d7]" classname="com.dotcms.rendering.velocity.viewtools.content.util.ContentUtilsTest" time="5.949"/>
  <testcase name="testPullRelated[48: com.dotcms.rendering.velocity.viewtools.content.util.ContentUtilsTest$TestCase@4c0d0dce]" classname="com.dotcms.rendering.velocity.viewtools.content.util.ContentUtilsTest" time="5.91"/>
  <testcase name="testPullRelated[49: com.dotcms.rendering.velocity.viewtools.content.util.ContentUtilsTest$TestCase@294867c6]" classname="com.dotcms.rendering.velocity.viewtools.content.util.ContentUtilsTest" time="6.193"/>
  <testcase name="testPullRelated[50: com.dotcms.rendering.velocity.viewtools.content.util.ContentUtilsTest$TestCase@70901eb]" classname="com.dotcms.rendering.velocity.viewtools.content.util.ContentUtilsTest" time="5.243"/>
  <testcase name="testPullRelated[51: com.dotcms.rendering.velocity.viewtools.content.util.ContentUtilsTest$TestCase@14c9bda2]" classname="com.dotcms.rendering.velocity.viewtools.content.util.ContentUtilsTest" time="4.995"/>
  <testcase name="testPullRelated[52: com.dotcms.rendering.velocity.viewtools.content.util.ContentUtilsTest$TestCase@300eb188]" classname="com.dotcms.rendering.velocity.viewtools.content.util.ContentUtilsTest" time="5.151"/>
  <testcase name="testPullRelated[53: com.dotcms.rendering.velocity.viewtools.content.util.ContentUtilsTest$TestCase@5a129618]" classname="com.dotcms.rendering.velocity.viewtools.content.util.ContentUtilsTest" time="5.873"/>
  <testcase name="testPullRelated[54: com.dotcms.rendering.velocity.viewtools.content.util.ContentUtilsTest$TestCase@15dbc2e8]" classname="com.dotcms.rendering.velocity.viewtools.content.util.ContentUtilsTest" time="5.161"/>
  <testcase name="testPullRelated[55: com.dotcms.rendering.velocity.viewtools.content.util.ContentUtilsTest$TestCase@4c26595c]" classname="com.dotcms.rendering.velocity.viewtools.content.util.ContentUtilsTest" time="6.368"/>
  <testcase name="testPullRelated[56: com.dotcms.rendering.velocity.viewtools.content.util.ContentUtilsTest$TestCase@9e123a1]" classname="com.dotcms.rendering.velocity.viewtools.content.util.ContentUtilsTest" time="6.139"/>
  <testcase name="testPullRelated[57: com.dotcms.rendering.velocity.viewtools.content.util.ContentUtilsTest$TestCase@478dd6d3]" classname="com.dotcms.rendering.velocity.viewtools.content.util.ContentUtilsTest" time="5.69"/>
  <testcase name="testPullRelated[58: com.dotcms.rendering.velocity.viewtools.content.util.ContentUtilsTest$TestCase@c0a8048]" classname="com.dotcms.rendering.velocity.viewtools.content.util.ContentUtilsTest" time="6.399"/>
  <testcase name="testPullRelated[59: com.dotcms.rendering.velocity.viewtools.content.util.ContentUtilsTest$TestCase@7298c42c]" classname="com.dotcms.rendering.velocity.viewtools.content.util.ContentUtilsTest" time="6.086"/>
  <testcase name="testPullRelated[60: com.dotcms.rendering.velocity.viewtools.content.util.ContentUtilsTest$TestCase@72640df5]" classname="com.dotcms.rendering.velocity.viewtools.content.util.ContentUtilsTest" time="5.949"/>
  <testcase name="testPullRelated[61: com.dotcms.rendering.velocity.viewtools.content.util.ContentUtilsTest$TestCase@5bf66624]" classname="com.dotcms.rendering.velocity.viewtools.content.util.ContentUtilsTest" time="6.196"/>
  <testcase name="testPullRelated[62: com.dotcms.rendering.velocity.viewtools.content.util.ContentUtilsTest$TestCase@326a5d2]" classname="com.dotcms.rendering.velocity.viewtools.content.util.ContentUtilsTest" time="6.181"/>
  <testcase name="testPullRelated[63: com.dotcms.rendering.velocity.viewtools.content.util.ContentUtilsTest$TestCase@37aba83e]" classname="com.dotcms.rendering.velocity.viewtools.content.util.ContentUtilsTest" time="5.881"/>
  <testcase name="testPullRelated[64: com.dotcms.rendering.velocity.viewtools.content.util.ContentUtilsTest$TestCase@6572109b]" classname="com.dotcms.rendering.velocity.viewtools.content.util.ContentUtilsTest" time="6.14"/>
  <testcase name="testPullRelated[65: com.dotcms.rendering.velocity.viewtools.content.util.ContentUtilsTest$TestCase@d5d9d57]" classname="com.dotcms.rendering.velocity.viewtools.content.util.ContentUtilsTest" time="5.952"/>
  <testcase name="testPullRelated[66: com.dotcms.rendering.velocity.viewtools.content.util.ContentUtilsTest$TestCase@3be3b11b]" classname="com.dotcms.rendering.velocity.viewtools.content.util.ContentUtilsTest" time="6.421"/>
  <testcase name="testPullRelated[67: com.dotcms.rendering.velocity.viewtools.content.util.ContentUtilsTest$TestCase@51e30401]" classname="com.dotcms.rendering.velocity.viewtools.content.util.ContentUtilsTest" time="5.852"/>
  <testcase name="testPullRelated[68: com.dotcms.rendering.velocity.viewtools.content.util.ContentUtilsTest$TestCase@24e0206e]" classname="com.dotcms.rendering.velocity.viewtools.content.util.ContentUtilsTest" time="6.303"/>
  <testcase name="testPullRelated[69: com.dotcms.rendering.velocity.viewtools.content.util.ContentUtilsTest$TestCase@4536b680]" classname="com.dotcms.rendering.velocity.viewtools.content.util.ContentUtilsTest" time="6.0"/>
  <testcase name="testPullRelated[70: com.dotcms.rendering.velocity.viewtools.content.util.ContentUtilsTest$TestCase@637bbc54]" classname="com.dotcms.rendering.velocity.viewtools.content.util.ContentUtilsTest" time="6.061"/>
  <testcase name="testPullRelated[71: com.dotcms.rendering.velocity.viewtools.content.util.ContentUtilsTest$TestCase@2a717f36]" classname="com.dotcms.rendering.velocity.viewtools.content.util.ContentUtilsTest" time="6.225"/>
  <testcase name="whenPublishAndExpireDatesAreInTheFutureAndTimeMachineIsAfterBoth" classname="com.dotcms.rendering.velocity.viewtools.content.util.ContentUtilsTest" time="3.11"/>
  <testcase name="testPullRelatedForLegacyRelationship[0: com.dotcms.rendering.velocity.viewtools.content.util.ContentUtilsTest$LegacyTestCase@fb7d946]" classname="com.dotcms.rendering.velocity.viewtools.content.util.ContentUtilsTest" time="4.388"/>
  <testcase name="testPullRelatedForLegacyRelationship[1: com.dotcms.rendering.velocity.viewtools.content.util.ContentUtilsTest$LegacyTestCase@7fc5fc86]" classname="com.dotcms.rendering.velocity.viewtools.content.util.ContentUtilsTest" time="4.129"/>
  <testcase name="whenTheTimeMachineDateIsAfterTomorrowAndExpireDateIsTomorrowShouldNotReturnContent" classname="com.dotcms.rendering.velocity.viewtools.content.util.ContentUtilsTest" time="3.14"/>
  <testcase name="testPullLiveRelatedWhenLatestVersionIsWorking" classname="com.dotcms.rendering.velocity.viewtools.content.util.ContentUtilsTest" time="3.607"/>
  <testcase name="test_add_relationships_on_parent_children_related_contents" classname="com.dotcms.rendering.velocity.viewtools.content.util.ContentUtilsTest" time="1.508"/>
  <testcase name="testSortPullRelated[0: com.dotcms.rendering.velocity.viewtools.content.util.ContentUtilsTest$SortTestCase@41e27636]" classname="com.dotcms.rendering.velocity.viewtools.content.util.ContentUtilsTest" time="1.87"/>
  <testcase name="testSortPullRelated[1: com.dotcms.rendering.velocity.viewtools.content.util.ContentUtilsTest$SortTestCase@604b29f3]" classname="com.dotcms.rendering.velocity.viewtools.content.util.ContentUtilsTest" time="2.932"/>
  <testcase name="testSortPullRelated[2: com.dotcms.rendering.velocity.viewtools.content.util.ContentUtilsTest$SortTestCase@5107a155]" classname="com.dotcms.rendering.velocity.viewtools.content.util.ContentUtilsTest" time="2.813"/>
  <testcase name="testSortPullRelated[3: com.dotcms.rendering.velocity.viewtools.content.util.ContentUtilsTest$SortTestCase@176563f]" classname="com.dotcms.rendering.velocity.viewtools.content.util.ContentUtilsTest" time="2.035"/>
  <testcase name="testSortPullRelated[4: com.dotcms.rendering.velocity.viewtools.content.util.ContentUtilsTest$SortTestCase@53f7d3e1]" classname="com.dotcms.rendering.velocity.viewtools.content.util.ContentUtilsTest" time="2.869"/>
  <testcase name="testSortPullRelated[5: com.dotcms.rendering.velocity.viewtools.content.util.ContentUtilsTest$SortTestCase@6a4a6cdd]" classname="com.dotcms.rendering.velocity.viewtools.content.util.ContentUtilsTest" time="1.788"/>
  <testcase name="whenTheTimeMachineDateIsAfterTomorrowAndExpireDateIsInFutureShouldReturnContent" classname="com.dotcms.rendering.velocity.viewtools.content.util.ContentUtilsTest" time="3.134"/>
  <testcase name="testPullRelatedFieldShouldRespectDefaultOrder" classname="com.dotcms.rendering.velocity.viewtools.content.util.ContentUtilsTest" time="2.742"/>
  <system-out><![CDATA[]]></system-out>
  <system-err><![CDATA[]]></system-err>
</testsuite>
