<?xml version="1.0" encoding="UTF-8"?>
<testsuite name="com.dotcms.security.multipart.BoundedBufferedReaderTest" tests="1" skipped="0" failures="0" errors="0" timestamp="2023-06-27T02:29:20" hostname="fv-az419-343" time="0.007">
  <properties/>
  <testcase name="Test_Parse_happy_path" classname="com.dotcms.security.multipart.BoundedBufferedReaderTest" time="0.007"/>
  <system-out><![CDATA[]]></system-out>
  <system-err><![CDATA[]]></system-err>
</testsuite>
