<?xml version="1.0" encoding="UTF-8"?>
<testsuite name="com.dotcms.rendering.velocity.viewtools.content.util.ContentUtilsTest" tests="89" skipped="0" failures="0" errors="0" timestamp="2023-07-18T16:28:58" hostname="fv-az370-360" time="394.492">
  <properties/>
  <testcase name="whenTheTimeMachineDateIsNullAndPublishDateInFutureShouldNotReturnAnything" classname="com.dotcms.rendering.velocity.viewtools.content.util.ContentUtilsTest" time="2.96"/>
  <testcase name="test_find_multilingual_contentlet_getContentletSuccessfully" classname="com.dotcms.rendering.velocity.viewtools.content.util.ContentUtilsTest" time="2.106"/>
  <testcase name="whenTheTimeMachineDateAndPublishDateAreTomorrowShouldReturnOneContent" classname="com.dotcms.rendering.velocity.viewtools.content.util.ContentUtilsTest" time="2.928"/>
  <testcase name="testPullRelated[0: com.dotcms.rendering.velocity.viewtools.content.util.ContentUtilsTest$TestCase@3aae98a2]" classname="com.dotcms.rendering.velocity.viewtools.content.util.ContentUtilsTest" time="2.684"/>
  <testcase name="testPullRelated[1: com.dotcms.rendering.velocity.viewtools.content.util.ContentUtilsTest$TestCase@68f81b0a]" classname="com.dotcms.rendering.velocity.viewtools.content.util.ContentUtilsTest" time="4.275"/>
  <testcase name="testPullRelated[2: com.dotcms.rendering.velocity.viewtools.content.util.ContentUtilsTest$TestCase@67d69f65]" classname="com.dotcms.rendering.velocity.viewtools.content.util.ContentUtilsTest" time="2.91"/>
  <testcase name="testPullRelated[3: com.dotcms.rendering.velocity.viewtools.content.util.ContentUtilsTest$TestCase@4d5132ce]" classname="com.dotcms.rendering.velocity.viewtools.content.util.ContentUtilsTest" time="2.961"/>
  <testcase name="testPullRelated[4: com.dotcms.rendering.velocity.viewtools.content.util.ContentUtilsTest$TestCase@3f4d84e]" classname="com.dotcms.rendering.velocity.viewtools.content.util.ContentUtilsTest" time="3.829"/>
  <testcase name="testPullRelated[5: com.dotcms.rendering.velocity.viewtools.content.util.ContentUtilsTest$TestCase@2b7ca371]" classname="com.dotcms.rendering.velocity.viewtools.content.util.ContentUtilsTest" time="3.255"/>
  <testcase name="testPullRelated[6: com.dotcms.rendering.velocity.viewtools.content.util.ContentUtilsTest$TestCase@78023ccc]" classname="com.dotcms.rendering.velocity.viewtools.content.util.ContentUtilsTest" time="3.928"/>
  <testcase name="testPullRelated[7: com.dotcms.rendering.velocity.viewtools.content.util.ContentUtilsTest$TestCase@3c01b640]" classname="com.dotcms.rendering.velocity.viewtools.content.util.ContentUtilsTest" time="4.268"/>
  <testcase name="testPullRelated[8: com.dotcms.rendering.velocity.viewtools.content.util.ContentUtilsTest$TestCase@19123f26]" classname="com.dotcms.rendering.velocity.viewtools.content.util.ContentUtilsTest" time="3.857"/>
  <testcase name="testPullRelated[9: com.dotcms.rendering.velocity.viewtools.content.util.ContentUtilsTest$TestCase@57bb605e]" classname="com.dotcms.rendering.velocity.viewtools.content.util.ContentUtilsTest" time="3.057"/>
  <testcase name="testPullRelated[10: com.dotcms.rendering.velocity.viewtools.content.util.ContentUtilsTest$TestCase@3e36d239]" classname="com.dotcms.rendering.velocity.viewtools.content.util.ContentUtilsTest" time="4.291"/>
  <testcase name="testPullRelated[11: com.dotcms.rendering.velocity.viewtools.content.util.ContentUtilsTest$TestCase@f34d009]" classname="com.dotcms.rendering.velocity.viewtools.content.util.ContentUtilsTest" time="2.873"/>
  <testcase name="testPullRelated[12: com.dotcms.rendering.velocity.viewtools.content.util.ContentUtilsTest$TestCase@7d725c6]" classname="com.dotcms.rendering.velocity.viewtools.content.util.ContentUtilsTest" time="4.074"/>
  <testcase name="testPullRelated[13: com.dotcms.rendering.velocity.viewtools.content.util.ContentUtilsTest$TestCase@be21cf2]" classname="com.dotcms.rendering.velocity.viewtools.content.util.ContentUtilsTest" time="3.883"/>
  <testcase name="testPullRelated[14: com.dotcms.rendering.velocity.viewtools.content.util.ContentUtilsTest$TestCase@3cda0ad]" classname="com.dotcms.rendering.velocity.viewtools.content.util.ContentUtilsTest" time="4.356"/>
  <testcase name="testPullRelated[15: com.dotcms.rendering.velocity.viewtools.content.util.ContentUtilsTest$TestCase@2a509c45]" classname="com.dotcms.rendering.velocity.viewtools.content.util.ContentUtilsTest" time="2.852"/>
  <testcase name="testPullRelated[16: com.dotcms.rendering.velocity.viewtools.content.util.ContentUtilsTest$TestCase@149765dc]" classname="com.dotcms.rendering.velocity.viewtools.content.util.ContentUtilsTest" time="3.983"/>
  <testcase name="testPullRelated[17: com.dotcms.rendering.velocity.viewtools.content.util.ContentUtilsTest$TestCase@f89fe30]" classname="com.dotcms.rendering.velocity.viewtools.content.util.ContentUtilsTest" time="4.011"/>
  <testcase name="testPullRelated[18: com.dotcms.rendering.velocity.viewtools.content.util.ContentUtilsTest$TestCase@61afefa4]" classname="com.dotcms.rendering.velocity.viewtools.content.util.ContentUtilsTest" time="3.201"/>
  <testcase name="testPullRelated[19: com.dotcms.rendering.velocity.viewtools.content.util.ContentUtilsTest$TestCase@4f33e560]" classname="com.dotcms.rendering.velocity.viewtools.content.util.ContentUtilsTest" time="3.942"/>
  <testcase name="testPullRelated[20: com.dotcms.rendering.velocity.viewtools.content.util.ContentUtilsTest$TestCase@60a5d0df]" classname="com.dotcms.rendering.velocity.viewtools.content.util.ContentUtilsTest" time="4.004"/>
  <testcase name="testPullRelated[21: com.dotcms.rendering.velocity.viewtools.content.util.ContentUtilsTest$TestCase@201dda85]" classname="com.dotcms.rendering.velocity.viewtools.content.util.ContentUtilsTest" time="4.02"/>
  <testcase name="testPullRelated[22: com.dotcms.rendering.velocity.viewtools.content.util.ContentUtilsTest$TestCase@3ed1d3ed]" classname="com.dotcms.rendering.velocity.viewtools.content.util.ContentUtilsTest" time="3.992"/>
  <testcase name="testPullRelated[23: com.dotcms.rendering.velocity.viewtools.content.util.ContentUtilsTest$TestCase@6e1939b2]" classname="com.dotcms.rendering.velocity.viewtools.content.util.ContentUtilsTest" time="4.2"/>
  <testcase name="testPullRelated[24: com.dotcms.rendering.velocity.viewtools.content.util.ContentUtilsTest$TestCase@20743f86]" classname="com.dotcms.rendering.velocity.viewtools.content.util.ContentUtilsTest" time="3.982"/>
  <testcase name="testPullRelated[25: com.dotcms.rendering.velocity.viewtools.content.util.ContentUtilsTest$TestCase@6ef300ff]" classname="com.dotcms.rendering.velocity.viewtools.content.util.ContentUtilsTest" time="4.048"/>
  <testcase name="testPullRelated[26: com.dotcms.rendering.velocity.viewtools.content.util.ContentUtilsTest$TestCase@5e8df877]" classname="com.dotcms.rendering.velocity.viewtools.content.util.ContentUtilsTest" time="4.074"/>
  <testcase name="testPullRelated[27: com.dotcms.rendering.velocity.viewtools.content.util.ContentUtilsTest$TestCase@79fe8ebd]" classname="com.dotcms.rendering.velocity.viewtools.content.util.ContentUtilsTest" time="4.0"/>
  <testcase name="testPullRelated[28: com.dotcms.rendering.velocity.viewtools.content.util.ContentUtilsTest$TestCase@78f7160b]" classname="com.dotcms.rendering.velocity.viewtools.content.util.ContentUtilsTest" time="3.914"/>
  <testcase name="testPullRelated[29: com.dotcms.rendering.velocity.viewtools.content.util.ContentUtilsTest$TestCase@ef51512]" classname="com.dotcms.rendering.velocity.viewtools.content.util.ContentUtilsTest" time="4.1"/>
  <testcase name="testPullRelated[30: com.dotcms.rendering.velocity.viewtools.content.util.ContentUtilsTest$TestCase@3f8a0afb]" classname="com.dotcms.rendering.velocity.viewtools.content.util.ContentUtilsTest" time="3.296"/>
  <testcase name="testPullRelated[31: com.dotcms.rendering.velocity.viewtools.content.util.ContentUtilsTest$TestCase@320cf0d1]" classname="com.dotcms.rendering.velocity.viewtools.content.util.ContentUtilsTest" time="3.846"/>
  <testcase name="testPullRelated[32: com.dotcms.rendering.velocity.viewtools.content.util.ContentUtilsTest$TestCase@728befd5]" classname="com.dotcms.rendering.velocity.viewtools.content.util.ContentUtilsTest" time="4.029"/>
  <testcase name="testPullRelated[33: com.dotcms.rendering.velocity.viewtools.content.util.ContentUtilsTest$TestCase@54f03913]" classname="com.dotcms.rendering.velocity.viewtools.content.util.ContentUtilsTest" time="4.002"/>
  <testcase name="testPullRelated[34: com.dotcms.rendering.velocity.viewtools.content.util.ContentUtilsTest$TestCase@3bc23ca4]" classname="com.dotcms.rendering.velocity.viewtools.content.util.ContentUtilsTest" time="4.24"/>
  <testcase name="testPullRelated[35: com.dotcms.rendering.velocity.viewtools.content.util.ContentUtilsTest$TestCase@6e9dd975]" classname="com.dotcms.rendering.velocity.viewtools.content.util.ContentUtilsTest" time="3.862"/>
  <testcase name="testPullRelated[36: com.dotcms.rendering.velocity.viewtools.content.util.ContentUtilsTest$TestCase@43456634]" classname="com.dotcms.rendering.velocity.viewtools.content.util.ContentUtilsTest" time="6.227"/>
  <testcase name="testPullRelated[37: com.dotcms.rendering.velocity.viewtools.content.util.ContentUtilsTest$TestCase@16a8f7ee]" classname="com.dotcms.rendering.velocity.viewtools.content.util.ContentUtilsTest" time="6.133"/>
  <testcase name="testPullRelated[38: com.dotcms.rendering.velocity.viewtools.content.util.ContentUtilsTest$TestCase@3c25de83]" classname="com.dotcms.rendering.velocity.viewtools.content.util.ContentUtilsTest" time="5.043"/>
  <testcase name="testPullRelated[39: com.dotcms.rendering.velocity.viewtools.content.util.ContentUtilsTest$TestCase@3cf3fe03]" classname="com.dotcms.rendering.velocity.viewtools.content.util.ContentUtilsTest" time="6.115"/>
  <testcase name="testPullRelated[40: com.dotcms.rendering.velocity.viewtools.content.util.ContentUtilsTest$TestCase@54ef5b6f]" classname="com.dotcms.rendering.velocity.viewtools.content.util.ContentUtilsTest" time="6.225"/>
  <testcase name="testPullRelated[41: com.dotcms.rendering.velocity.viewtools.content.util.ContentUtilsTest$TestCase@529d19b]" classname="com.dotcms.rendering.velocity.viewtools.content.util.ContentUtilsTest" time="5.901"/>
  <testcase name="testPullRelated[42: com.dotcms.rendering.velocity.viewtools.content.util.ContentUtilsTest$TestCase@17eac67b]" classname="com.dotcms.rendering.velocity.viewtools.content.util.ContentUtilsTest" time="6.362"/>
  <testcase name="testPullRelated[43: com.dotcms.rendering.velocity.viewtools.content.util.ContentUtilsTest$TestCase@34ca2163]" classname="com.dotcms.rendering.velocity.viewtools.content.util.ContentUtilsTest" time="6.309"/>
  <testcase name="testPullRelated[44: com.dotcms.rendering.velocity.viewtools.content.util.ContentUtilsTest$TestCase@1a5030b6]" classname="com.dotcms.rendering.velocity.viewtools.content.util.ContentUtilsTest" time="4.575"/>
  <testcase name="testPullRelated[45: com.dotcms.rendering.velocity.viewtools.content.util.ContentUtilsTest$TestCase@51be8f6e]" classname="com.dotcms.rendering.velocity.viewtools.content.util.ContentUtilsTest" time="5.863"/>
  <testcase name="testPullRelated[46: com.dotcms.rendering.velocity.viewtools.content.util.ContentUtilsTest$TestCase@1026523c]" classname="com.dotcms.rendering.velocity.viewtools.content.util.ContentUtilsTest" time="6.384"/>
  <testcase name="testPullRelated[47: com.dotcms.rendering.velocity.viewtools.content.util.ContentUtilsTest$TestCase@7582b862]" classname="com.dotcms.rendering.velocity.viewtools.content.util.ContentUtilsTest" time="6.177"/>
  <testcase name="testPullRelated[48: com.dotcms.rendering.velocity.viewtools.content.util.ContentUtilsTest$TestCase@6e4cf3e4]" classname="com.dotcms.rendering.velocity.viewtools.content.util.ContentUtilsTest" time="5.729"/>
  <testcase name="testPullRelated[49: com.dotcms.rendering.velocity.viewtools.content.util.ContentUtilsTest$TestCase@4bacd4bc]" classname="com.dotcms.rendering.velocity.viewtools.content.util.ContentUtilsTest" time="6.187"/>
  <testcase name="testPullRelated[50: com.dotcms.rendering.velocity.viewtools.content.util.ContentUtilsTest$TestCase@69b9c847]" classname="com.dotcms.rendering.velocity.viewtools.content.util.ContentUtilsTest" time="6.269"/>
  <testcase name="testPullRelated[51: com.dotcms.rendering.velocity.viewtools.content.util.ContentUtilsTest$TestCase@9182cba]" classname="com.dotcms.rendering.velocity.viewtools.content.util.ContentUtilsTest" time="4.929"/>
  <testcase name="testPullRelated[52: com.dotcms.rendering.velocity.viewtools.content.util.ContentUtilsTest$TestCase@423dae]" classname="com.dotcms.rendering.velocity.viewtools.content.util.ContentUtilsTest" time="6.058"/>
  <testcase name="testPullRelated[53: com.dotcms.rendering.velocity.viewtools.content.util.ContentUtilsTest$TestCase@2de6002e]" classname="com.dotcms.rendering.velocity.viewtools.content.util.ContentUtilsTest" time="5.038"/>
  <testcase name="testPullRelated[54: com.dotcms.rendering.velocity.viewtools.content.util.ContentUtilsTest$TestCase@aba1e25]" classname="com.dotcms.rendering.velocity.viewtools.content.util.ContentUtilsTest" time="6.324"/>
  <testcase name="testPullRelated[55: com.dotcms.rendering.velocity.viewtools.content.util.ContentUtilsTest$TestCase@428f9e34]" classname="com.dotcms.rendering.velocity.viewtools.content.util.ContentUtilsTest" time="5.89"/>
  <testcase name="testPullRelated[56: com.dotcms.rendering.velocity.viewtools.content.util.ContentUtilsTest$TestCase@53317486]" classname="com.dotcms.rendering.velocity.viewtools.content.util.ContentUtilsTest" time="6.285"/>
  <testcase name="testPullRelated[57: com.dotcms.rendering.velocity.viewtools.content.util.ContentUtilsTest$TestCase@4e4be9be]" classname="com.dotcms.rendering.velocity.viewtools.content.util.ContentUtilsTest" time="5.846"/>
  <testcase name="testPullRelated[58: com.dotcms.rendering.velocity.viewtools.content.util.ContentUtilsTest$TestCase@14da8d64]" classname="com.dotcms.rendering.velocity.viewtools.content.util.ContentUtilsTest" time="6.17"/>
  <testcase name="testPullRelated[59: com.dotcms.rendering.velocity.viewtools.content.util.ContentUtilsTest$TestCase@2a9acff5]" classname="com.dotcms.rendering.velocity.viewtools.content.util.ContentUtilsTest" time="6.159"/>
  <testcase name="testPullRelated[60: com.dotcms.rendering.velocity.viewtools.content.util.ContentUtilsTest$TestCase@72d71b64]" classname="com.dotcms.rendering.velocity.viewtools.content.util.ContentUtilsTest" time="6.081"/>
  <testcase name="testPullRelated[61: com.dotcms.rendering.velocity.viewtools.content.util.ContentUtilsTest$TestCase@63401a99]" classname="com.dotcms.rendering.velocity.viewtools.content.util.ContentUtilsTest" time="6.029"/>
  <testcase name="testPullRelated[62: com.dotcms.rendering.velocity.viewtools.content.util.ContentUtilsTest$TestCase@23310a38]" classname="com.dotcms.rendering.velocity.viewtools.content.util.ContentUtilsTest" time="5.167"/>
  <testcase name="testPullRelated[63: com.dotcms.rendering.velocity.viewtools.content.util.ContentUtilsTest$TestCase@5f289ccc]" classname="com.dotcms.rendering.velocity.viewtools.content.util.ContentUtilsTest" time="6.245"/>
  <testcase name="testPullRelated[64: com.dotcms.rendering.velocity.viewtools.content.util.ContentUtilsTest$TestCase@156ea076]" classname="com.dotcms.rendering.velocity.viewtools.content.util.ContentUtilsTest" time="5.902"/>
  <testcase name="testPullRelated[65: com.dotcms.rendering.velocity.viewtools.content.util.ContentUtilsTest$TestCase@7699e490]" classname="com.dotcms.rendering.velocity.viewtools.content.util.ContentUtilsTest" time="5.011"/>
  <testcase name="testPullRelated[66: com.dotcms.rendering.velocity.viewtools.content.util.ContentUtilsTest$TestCase@5dd240b1]" classname="com.dotcms.rendering.velocity.viewtools.content.util.ContentUtilsTest" time="6.33"/>
  <testcase name="testPullRelated[67: com.dotcms.rendering.velocity.viewtools.content.util.ContentUtilsTest$TestCase@4607793b]" classname="com.dotcms.rendering.velocity.viewtools.content.util.ContentUtilsTest" time="6.053"/>
  <testcase name="testPullRelated[68: com.dotcms.rendering.velocity.viewtools.content.util.ContentUtilsTest$TestCase@260a0c9d]" classname="com.dotcms.rendering.velocity.viewtools.content.util.ContentUtilsTest" time="5.866"/>
  <testcase name="testPullRelated[69: com.dotcms.rendering.velocity.viewtools.content.util.ContentUtilsTest$TestCase@1f0ed1a8]" classname="com.dotcms.rendering.velocity.viewtools.content.util.ContentUtilsTest" time="6.216"/>
  <testcase name="testPullRelated[70: com.dotcms.rendering.velocity.viewtools.content.util.ContentUtilsTest$TestCase@5016dd30]" classname="com.dotcms.rendering.velocity.viewtools.content.util.ContentUtilsTest" time="6.137"/>
  <testcase name="testPullRelated[71: com.dotcms.rendering.velocity.viewtools.content.util.ContentUtilsTest$TestCase@2da5b8a8]" classname="com.dotcms.rendering.velocity.viewtools.content.util.ContentUtilsTest" time="5.873"/>
  <testcase name="whenPublishAndExpireDatesAreInTheFutureAndTimeMachineIsAfterBoth" classname="com.dotcms.rendering.velocity.viewtools.content.util.ContentUtilsTest" time="2.981"/>
  <testcase name="testPullRelatedForLegacyRelationship[0: com.dotcms.rendering.velocity.viewtools.content.util.ContentUtilsTest$LegacyTestCase@5bbd3765]" classname="com.dotcms.rendering.velocity.viewtools.content.util.ContentUtilsTest" time="4.048"/>
  <testcase name="testPullRelatedForLegacyRelationship[1: com.dotcms.rendering.velocity.viewtools.content.util.ContentUtilsTest$LegacyTestCase@32d72e2b]" classname="com.dotcms.rendering.velocity.viewtools.content.util.ContentUtilsTest" time="4.019"/>
  <testcase name="whenTheTimeMachineDateIsAfterTomorrowAndExpireDateIsTomorrowShouldNotReturnContent" classname="com.dotcms.rendering.velocity.viewtools.content.util.ContentUtilsTest" time="3.003"/>
  <testcase name="testPullLiveRelatedWhenLatestVersionIsWorking" classname="com.dotcms.rendering.velocity.viewtools.content.util.ContentUtilsTest" time="3.362"/>
  <testcase name="test_add_relationships_on_parent_children_related_contents" classname="com.dotcms.rendering.velocity.viewtools.content.util.ContentUtilsTest" time="1.475"/>
  <testcase name="testSortPullRelated[0: com.dotcms.rendering.velocity.viewtools.content.util.ContentUtilsTest$SortTestCase@54ce9a1c]" classname="com.dotcms.rendering.velocity.viewtools.content.util.ContentUtilsTest" time="2.454"/>
  <testcase name="testSortPullRelated[1: com.dotcms.rendering.velocity.viewtools.content.util.ContentUtilsTest$SortTestCase@54ae08d5]" classname="com.dotcms.rendering.velocity.viewtools.content.util.ContentUtilsTest" time="1.798"/>
  <testcase name="testSortPullRelated[2: com.dotcms.rendering.velocity.viewtools.content.util.ContentUtilsTest$SortTestCase@661a1b3a]" classname="com.dotcms.rendering.velocity.viewtools.content.util.ContentUtilsTest" time="2.596"/>
  <testcase name="testSortPullRelated[3: com.dotcms.rendering.velocity.viewtools.content.util.ContentUtilsTest$SortTestCase@6db7d7a4]" classname="com.dotcms.rendering.velocity.viewtools.content.util.ContentUtilsTest" time="2.693"/>
  <testcase name="testSortPullRelated[4: com.dotcms.rendering.velocity.viewtools.content.util.ContentUtilsTest$SortTestCase@4d89ae74]" classname="com.dotcms.rendering.velocity.viewtools.content.util.ContentUtilsTest" time="2.669"/>
  <testcase name="testSortPullRelated[5: com.dotcms.rendering.velocity.viewtools.content.util.ContentUtilsTest$SortTestCase@6945ffb0]" classname="com.dotcms.rendering.velocity.viewtools.content.util.ContentUtilsTest" time="1.743"/>
  <testcase name="whenTheTimeMachineDateIsAfterTomorrowAndExpireDateIsInFutureShouldReturnContent" classname="com.dotcms.rendering.velocity.viewtools.content.util.ContentUtilsTest" time="2.997"/>
  <testcase name="testPullRelatedFieldShouldRespectDefaultOrder" classname="com.dotcms.rendering.velocity.viewtools.content.util.ContentUtilsTest" time="1.45"/>
  <system-out><![CDATA[]]></system-out>
  <system-err><![CDATA[]]></system-err>
</testsuite>
