<?xml version="1.0" encoding="UTF-8"?>
<testsuite name="com.dotcms.rendering.velocity.viewtools.WorkflowToolTest" tests="2" skipped="0" failures="0" errors="0" timestamp="2023-07-20T17:26:19" hostname="fv-az574-670" time="2.772">
  <properties/>
  <testcase name="testFire[0: com.dotcms.rendering.velocity.viewtools.WorkflowToolFireTestCase@3f8a5901]" classname="com.dotcms.rendering.velocity.viewtools.WorkflowToolTest" time="1.466"/>
  <testcase name="testFire[1: com.dotcms.rendering.velocity.viewtools.WorkflowToolFireTestCase@267d2dae]" classname="com.dotcms.rendering.velocity.viewtools.WorkflowToolTest" time="1.306"/>
  <system-out><![CDATA[]]></system-out>
  <system-err><![CDATA[]]></system-err>
</testsuite>
