<?xml version="1.0" encoding="UTF-8"?>
<testsuite name="com.dotmarketing.portlets.structure.model.ContentletRelationshipsTest" tests="7" skipped="0" failures="0" errors="0" timestamp="2023-06-28T20:45:00" hostname="fv-az216-796" time="10.755">
  <properties/>
  <testcase name="testDoesAllowOnlyOne[0: com.dotmarketing.portlets.structure.model.ContentletRelationshipsTest$CardinalityTestCase@5ee1c3c2]" classname="com.dotmarketing.portlets.structure.model.ContentletRelationshipsTest" time="0.64"/>
  <testcase name="testDoesAllowOnlyOne[1: com.dotmarketing.portlets.structure.model.ContentletRelationshipsTest$CardinalityTestCase@27c7b915]" classname="com.dotmarketing.portlets.structure.model.ContentletRelationshipsTest" time="0.669"/>
  <testcase name="testDoesAllowOnlyOne[2: com.dotmarketing.portlets.structure.model.ContentletRelationshipsTest$CardinalityTestCase@1faf8473]" classname="com.dotmarketing.portlets.structure.model.ContentletRelationshipsTest" time="0.649"/>
  <testcase name="testGetRelationshipRecords[0: com.dotmarketing.portlets.structure.model.ContentletRelationshipsTest$TestCase@67f7dcf5]" classname="com.dotmarketing.portlets.structure.model.ContentletRelationshipsTest" time="2.312"/>
  <testcase name="testGetRelationshipRecords[1: com.dotmarketing.portlets.structure.model.ContentletRelationshipsTest$TestCase@37d8ec1a]" classname="com.dotmarketing.portlets.structure.model.ContentletRelationshipsTest" time="2.236"/>
  <testcase name="testGetRelationshipRecords[2: com.dotmarketing.portlets.structure.model.ContentletRelationshipsTest$TestCase@2d4df4e5]" classname="com.dotmarketing.portlets.structure.model.ContentletRelationshipsTest" time="2.168"/>
  <testcase name="testGetRelationshipRecords[3: com.dotmarketing.portlets.structure.model.ContentletRelationshipsTest$TestCase@4e227123]" classname="com.dotmarketing.portlets.structure.model.ContentletRelationshipsTest" time="2.08"/>
  <system-out><![CDATA[]]></system-out>
  <system-err><![CDATA[]]></system-err>
</testsuite>
