<?xml version="1.0" encoding="UTF-8"?>
<testsuite name="com.dotmarketing.servlets.ajax.AjaxDirectorServletIntegrationTest" tests="2" skipped="0" failures="0" errors="0" timestamp="2023-07-18T00:03:08" hostname="fv-az362-624" time="1.147">
  <properties/>
  <testcase name="testService[0: com.dotmarketing.servlets.ajax.AjaxDirectorServletTestCase@635d65b3]" classname="com.dotmarketing.servlets.ajax.AjaxDirectorServletIntegrationTest" time="0.607"/>
  <testcase name="testService[1: com.dotmarketing.servlets.ajax.AjaxDirectorServletTestCase@16500b4f]" classname="com.dotmarketing.servlets.ajax.AjaxDirectorServletIntegrationTest" time="0.54"/>
  <system-out><![CDATA[]]></system-out>
  <system-err><![CDATA[]]></system-err>
</testsuite>
