<?xml version="1.0" encoding="UTF-8"?>
<testsuite name="com.dotmarketing.portlets.contentlet.business.web.ContentletWebAPIImplIntegrationTest" tests="8" skipped="0" failures="0" errors="0" timestamp="2023-06-29T16:27:04" hostname="fv-az615-773" time="20.121">
  <properties/>
  <testcase name="whenOldNameIsSubstring" classname="com.dotmarketing.portlets.contentlet.business.web.ContentletWebAPIImplIntegrationTest" time="3.577"/>
  <testcase name="whenHostNameChangeShouldUpdateContainerPath" classname="com.dotmarketing.portlets.contentlet.business.web.ContentletWebAPIImplIntegrationTest" time="3.068"/>
  <testcase name="whenHostNameNotChange" classname="com.dotmarketing.portlets.contentlet.business.web.ContentletWebAPIImplIntegrationTest" time="2.903"/>
  <testcase name="whenHostNameChangeShouldUpdatePageTemplatePath" classname="com.dotmarketing.portlets.contentlet.business.web.ContentletWebAPIImplIntegrationTest" time="1.664"/>
  <testcase name="whenHostNameChangeWithLegacyTemplateLayout" classname="com.dotmarketing.portlets.contentlet.business.web.ContentletWebAPIImplIntegrationTest" time="3.474"/>
  <testcase name="whenNewNameIsSubstring" classname="com.dotmarketing.portlets.contentlet.business.web.ContentletWebAPIImplIntegrationTest" time="3.09"/>
  <testcase name="testSavePersonaWithLicenseShouldPass" classname="com.dotmarketing.portlets.contentlet.business.web.ContentletWebAPIImplIntegrationTest" time="1.245"/>
  <testcase name="testSavePersonaWithoutLicenseShouldFail" classname="com.dotmarketing.portlets.contentlet.business.web.ContentletWebAPIImplIntegrationTest" time="1.099"/>
  <system-out><![CDATA[]]></system-out>
  <system-err><![CDATA[]]></system-err>
</testsuite>
