<?xml version="1.0" encoding="UTF-8"?>
<testsuite name="com.dotmarketing.portlets.structure.model.ContentletRelationshipsTest" tests="7" skipped="0" failures="0" errors="0" timestamp="2023-06-30T19:32:30" hostname="fv-az1231-758" time="9.101">
  <properties/>
  <testcase name="testDoesAllowOnlyOne[0: com.dotmarketing.portlets.structure.model.ContentletRelationshipsTest$CardinalityTestCase@667d90ef]" classname="com.dotmarketing.portlets.structure.model.ContentletRelationshipsTest" time="0.505"/>
  <testcase name="testDoesAllowOnlyOne[1: com.dotmarketing.portlets.structure.model.ContentletRelationshipsTest$CardinalityTestCase@7e2cca14]" classname="com.dotmarketing.portlets.structure.model.ContentletRelationshipsTest" time="0.474"/>
  <testcase name="testDoesAllowOnlyOne[2: com.dotmarketing.portlets.structure.model.ContentletRelationshipsTest$CardinalityTestCase@94c5e9e]" classname="com.dotmarketing.portlets.structure.model.ContentletRelationshipsTest" time="0.523"/>
  <testcase name="testGetRelationshipRecords[0: com.dotmarketing.portlets.structure.model.ContentletRelationshipsTest$TestCase@6f057305]" classname="com.dotmarketing.portlets.structure.model.ContentletRelationshipsTest" time="1.945"/>
  <testcase name="testGetRelationshipRecords[1: com.dotmarketing.portlets.structure.model.ContentletRelationshipsTest$TestCase@65f57ce2]" classname="com.dotmarketing.portlets.structure.model.ContentletRelationshipsTest" time="1.973"/>
  <testcase name="testGetRelationshipRecords[2: com.dotmarketing.portlets.structure.model.ContentletRelationshipsTest$TestCase@7d117622]" classname="com.dotmarketing.portlets.structure.model.ContentletRelationshipsTest" time="1.844"/>
  <testcase name="testGetRelationshipRecords[3: com.dotmarketing.portlets.structure.model.ContentletRelationshipsTest$TestCase@16c26fb0]" classname="com.dotmarketing.portlets.structure.model.ContentletRelationshipsTest" time="1.836"/>
  <system-out><![CDATA[]]></system-out>
  <system-err><![CDATA[]]></system-err>
</testsuite>
