<?xml version="1.0" encoding="UTF-8"?>
<testsuite name="com.dotcms.contenttype.test.KeyValueFieldUtilTest" tests="6" skipped="0" failures="0" errors="0" timestamp="2023-06-26T18:55:33" hostname="fv-az1114-884" time="0.012">
  <properties/>
  <testcase name="testInvalidJsonKeyValueMap" classname="com.dotcms.contenttype.test.KeyValueFieldUtilTest" time="0.009"/>
  <testcase name="testJsonKeyValueMap" classname="com.dotcms.contenttype.test.KeyValueFieldUtilTest" time="0.001"/>
  <testcase name="testJsonKeyValueMapAgainstContentletTextArea1" classname="com.dotcms.contenttype.test.KeyValueFieldUtilTest" time="0.0"/>
  <testcase name="testJsonKeyValueMapWithBackslash" classname="com.dotcms.contenttype.test.KeyValueFieldUtilTest" time="0.001"/>
  <testcase name="testJsonKeyValueMapWithNoQuotes" classname="com.dotcms.contenttype.test.KeyValueFieldUtilTest" time="0.0"/>
  <testcase name="testJsonKeyValueOrderPreserved" classname="com.dotcms.contenttype.test.KeyValueFieldUtilTest" time="0.001"/>
  <system-out><![CDATA[]]></system-out>
  <system-err><![CDATA[]]></system-err>
</testsuite>
