<?xml version="1.0" encoding="UTF-8"?>
<testsuite name="com.dotcms.contenttype.test.ContentResourceTest" tests="52" skipped="0" failures="0" errors="0" timestamp="2023-06-28T16:40:10" hostname="fv-az842-670" time="164.548">
  <properties/>
  <testcase name="testGetContentShouldReturnIconDetails" classname="com.dotcms.contenttype.test.ContentResourceTest" time="1.881"/>
  <testcase name="Test_Save_Action_Set_Words_To_Required_NumericField_Issue_15340" classname="com.dotcms.contenttype.test.ContentResourceTest" time="1.05"/>
  <testcase name="test_getContent_includeGrandChildCategory_success" classname="com.dotcms.contenttype.test.ContentResourceTest" time="1.507"/>
  <testcase name="testGetContentWithRelatedParameter[0: com.dotcms.contenttype.test.ContentResourceTest$PullRelatedTestCase@3c53118f]" classname="com.dotcms.contenttype.test.ContentResourceTest" time="4.574"/>
  <testcase name="testGetContentWithRelatedParameter[1: com.dotcms.contenttype.test.ContentResourceTest$PullRelatedTestCase@7d437eb6]" classname="com.dotcms.contenttype.test.ContentResourceTest" time="4.32"/>
  <testcase name="testGetContentWithRelatedParameter[2: com.dotcms.contenttype.test.ContentResourceTest$PullRelatedTestCase@b69e4e3]" classname="com.dotcms.contenttype.test.ContentResourceTest" time="4.358"/>
  <testcase name="testGetContentWithRelatedParameter[3: com.dotcms.contenttype.test.ContentResourceTest$PullRelatedTestCase@481d5f0c]" classname="com.dotcms.contenttype.test.ContentResourceTest" time="4.144"/>
  <testcase name="testGetContentWithRelatedParameter[4: com.dotcms.contenttype.test.ContentResourceTest$PullRelatedTestCase@6ce6e0e9]" classname="com.dotcms.contenttype.test.ContentResourceTest" time="4.159"/>
  <testcase name="test_getContent_SelfRelatedWith3LevelsOfDepth_shouldReturnRelationships" classname="com.dotcms.contenttype.test.ContentResourceTest" time="1.572"/>
  <testcase name="Test_Save_Action_Send_Fields_SubSet_Issue_15340" classname="com.dotcms.contenttype.test.ContentResourceTest" time="3.117"/>
  <testcase name="test_getContent_shouldReturnRelationships[0: com.dotcms.contenttype.test.ContentResourceTest$TestCase@ab6950d]" classname="com.dotcms.contenttype.test.ContentResourceTest" time="3.231"/>
  <testcase name="test_getContent_shouldReturnRelationships[1: com.dotcms.contenttype.test.ContentResourceTest$TestCase@4ebc3644]" classname="com.dotcms.contenttype.test.ContentResourceTest" time="3.239"/>
  <testcase name="test_getContent_shouldReturnRelationships[2: com.dotcms.contenttype.test.ContentResourceTest$TestCase@6cfbf5a0]" classname="com.dotcms.contenttype.test.ContentResourceTest" time="3.208"/>
  <testcase name="test_getContent_shouldReturnRelationships[3: com.dotcms.contenttype.test.ContentResourceTest$TestCase@3741b17e]" classname="com.dotcms.contenttype.test.ContentResourceTest" time="3.535"/>
  <testcase name="test_getContent_shouldReturnRelationships[4: com.dotcms.contenttype.test.ContentResourceTest$TestCase@9615466]" classname="com.dotcms.contenttype.test.ContentResourceTest" time="3.641"/>
  <testcase name="test_getContent_shouldReturnRelationships[5: com.dotcms.contenttype.test.ContentResourceTest$TestCase@26404d18]" classname="com.dotcms.contenttype.test.ContentResourceTest" time="3.197"/>
  <testcase name="test_getContent_shouldReturnRelationships[6: com.dotcms.contenttype.test.ContentResourceTest$TestCase@15a5ea85]" classname="com.dotcms.contenttype.test.ContentResourceTest" time="3.219"/>
  <testcase name="test_getContent_shouldReturnRelationships[7: com.dotcms.contenttype.test.ContentResourceTest$TestCase@2f55730e]" classname="com.dotcms.contenttype.test.ContentResourceTest" time="3.179"/>
  <testcase name="test_getContent_shouldReturnRelationships[8: com.dotcms.contenttype.test.ContentResourceTest$TestCase@2c94c0e6]" classname="com.dotcms.contenttype.test.ContentResourceTest" time="2.383"/>
  <testcase name="test_getContent_shouldReturnRelationships[9: com.dotcms.contenttype.test.ContentResourceTest$TestCase@89870e1]" classname="com.dotcms.contenttype.test.ContentResourceTest" time="3.443"/>
  <testcase name="test_getContent_shouldReturnRelationships[10: com.dotcms.contenttype.test.ContentResourceTest$TestCase@32d352b5]" classname="com.dotcms.contenttype.test.ContentResourceTest" time="3.266"/>
  <testcase name="test_getContent_shouldReturnRelationships[11: com.dotcms.contenttype.test.ContentResourceTest$TestCase@361a9ae2]" classname="com.dotcms.contenttype.test.ContentResourceTest" time="3.127"/>
  <testcase name="test_getContent_shouldReturnRelationships[12: com.dotcms.contenttype.test.ContentResourceTest$TestCase@3c83ff37]" classname="com.dotcms.contenttype.test.ContentResourceTest" time="3.253"/>
  <testcase name="test_getContent_shouldReturnRelationships[13: com.dotcms.contenttype.test.ContentResourceTest$TestCase@77d79f3e]" classname="com.dotcms.contenttype.test.ContentResourceTest" time="3.21"/>
  <testcase name="test_getContent_shouldReturnRelationships[14: com.dotcms.contenttype.test.ContentResourceTest$TestCase@5f392d8b]" classname="com.dotcms.contenttype.test.ContentResourceTest" time="3.4"/>
  <testcase name="test_getContent_shouldReturnRelationships[15: com.dotcms.contenttype.test.ContentResourceTest$TestCase@3d167104]" classname="com.dotcms.contenttype.test.ContentResourceTest" time="4.634"/>
  <testcase name="test_getContent_shouldReturnRelationships[16: com.dotcms.contenttype.test.ContentResourceTest$TestCase@1e4f4bd6]" classname="com.dotcms.contenttype.test.ContentResourceTest" time="4.349"/>
  <testcase name="test_getContent_shouldReturnRelationships[17: com.dotcms.contenttype.test.ContentResourceTest$TestCase@55aa094e]" classname="com.dotcms.contenttype.test.ContentResourceTest" time="3.561"/>
  <testcase name="test_getContent_shouldReturnRelationships[18: com.dotcms.contenttype.test.ContentResourceTest$TestCase@43e93305]" classname="com.dotcms.contenttype.test.ContentResourceTest" time="3.671"/>
  <testcase name="test_getContent_shouldReturnRelationships[19: com.dotcms.contenttype.test.ContentResourceTest$TestCase@4df9e42d]" classname="com.dotcms.contenttype.test.ContentResourceTest" time="3.602"/>
  <testcase name="test_getContent_shouldReturnRelationships[20: com.dotcms.contenttype.test.ContentResourceTest$TestCase@298c07bf]" classname="com.dotcms.contenttype.test.ContentResourceTest" time="2.881"/>
  <testcase name="test_getContent_shouldReturnRelationships[21: com.dotcms.contenttype.test.ContentResourceTest$TestCase@2ce99bb9]" classname="com.dotcms.contenttype.test.ContentResourceTest" time="2.615"/>
  <testcase name="test_getContent_shouldReturnRelationships[22: com.dotcms.contenttype.test.ContentResourceTest$TestCase@2612e43a]" classname="com.dotcms.contenttype.test.ContentResourceTest" time="3.438"/>
  <testcase name="test_getContent_shouldReturnRelationships[23: com.dotcms.contenttype.test.ContentResourceTest$TestCase@2448b459]" classname="com.dotcms.contenttype.test.ContentResourceTest" time="3.435"/>
  <testcase name="test_getContent_shouldReturnRelationships[24: com.dotcms.contenttype.test.ContentResourceTest$TestCase@6db0ee90]" classname="com.dotcms.contenttype.test.ContentResourceTest" time="3.506"/>
  <testcase name="test_getContent_shouldReturnRelationships[25: com.dotcms.contenttype.test.ContentResourceTest$TestCase@d6494cc]" classname="com.dotcms.contenttype.test.ContentResourceTest" time="2.656"/>
  <testcase name="test_getContent_shouldReturnRelationships[26: com.dotcms.contenttype.test.ContentResourceTest$TestCase@3ce6926e]" classname="com.dotcms.contenttype.test.ContentResourceTest" time="4.019"/>
  <testcase name="test_getContent_shouldReturnRelationships[27: com.dotcms.contenttype.test.ContentResourceTest$TestCase@5ded13d7]" classname="com.dotcms.contenttype.test.ContentResourceTest" time="3.555"/>
  <testcase name="test_getContent_shouldReturnRelationships[28: com.dotcms.contenttype.test.ContentResourceTest$TestCase@3743b294]" classname="com.dotcms.contenttype.test.ContentResourceTest" time="3.557"/>
  <testcase name="test_getContent_shouldReturnRelationships[29: com.dotcms.contenttype.test.ContentResourceTest$TestCase@1ea88244]" classname="com.dotcms.contenttype.test.ContentResourceTest" time="3.348"/>
  <testcase name="test_getContent_shouldReturnRelationships[30: com.dotcms.contenttype.test.ContentResourceTest$TestCase@1655161d]" classname="com.dotcms.contenttype.test.ContentResourceTest" time="3.289"/>
  <testcase name="test_getContent_shouldReturnRelationships[31: com.dotcms.contenttype.test.ContentResourceTest$TestCase@2313dcab]" classname="com.dotcms.contenttype.test.ContentResourceTest" time="3.341"/>
  <testcase name="test_getContent_shouldReturnRelationships[32: com.dotcms.contenttype.test.ContentResourceTest$TestCase@9ee0d4f]" classname="com.dotcms.contenttype.test.ContentResourceTest" time="4.603"/>
  <testcase name="test_getContent_shouldReturnRelationships[33: com.dotcms.contenttype.test.ContentResourceTest$TestCase@530e0494]" classname="com.dotcms.contenttype.test.ContentResourceTest" time="4.434"/>
  <testcase name="testSinglePOST_InvalidParamsShouldReturn400[0: ({\n    &quot;stInode&quot; : &quot;InvalidValue&quot;,\n    &quot;numeric&quot; : &quot;0&quot;,\n    &quot;image&quot; : &quot;whatever&quot;\n}, Bad Request)]" classname="com.dotcms.contenttype.test.ContentResourceTest" time="1.003"/>
  <testcase name="testSinglePOST_InvalidParamsShouldReturn400[1: ({\n    &quot;numeric&quot; : &quot;0&quot;,\n    &quot;image&quot; : &quot;whatever&quot;\n}, Bad Request)]" classname="com.dotcms.contenttype.test.ContentResourceTest" time="0.958"/>
  <testcase name="Test_Save_Action_Set_Null_To_Required_NumericField_Issue_15340" classname="com.dotcms.contenttype.test.ContentResourceTest" time="1.025"/>
  <testcase name="Test_Save_Action_Remove_Image_Then_Verify_Fields_Were_Cleared_Issue_15340" classname="com.dotcms.contenttype.test.ContentResourceTest" time="4.212"/>
  <testcase name="test_getContentWithMultipleSelfRelated_shouldReturnRelationships[0: com.dotcms.contenttype.test.ContentResourceTest$PullSelfRelatedTestCase@501e6a83]" classname="com.dotcms.contenttype.test.ContentResourceTest" time="2.115"/>
  <testcase name="test_getContentWithMultipleSelfRelated_shouldReturnRelationships[1: com.dotcms.contenttype.test.ContentResourceTest$PullSelfRelatedTestCase@296381ba]" classname="com.dotcms.contenttype.test.ContentResourceTest" time="1.91"/>
  <testcase name="testGetContentWithAllCategoriesInfo[0: json]" classname="com.dotcms.contenttype.test.ContentResourceTest" time="2.835"/>
  <testcase name="testGetContentWithAllCategoriesInfo[1: xml]" classname="com.dotcms.contenttype.test.ContentResourceTest" time="2.78"/>
  <system-out><![CDATA[











]]></system-out>
  <system-err><![CDATA[]]></system-err>
</testsuite>
