<?xml version="1.0" encoding="UTF-8"?>
<testsuite name="com.liferay.util.LocaleUtilTest" tests="2" skipped="0" failures="0" errors="0" timestamp="2023-07-10T18:04:13" hostname="fv-az471-786" time="0.121">
  <properties/>
  <testcase name="testFromLanguageId" classname="com.liferay.util.LocaleUtilTest" time="0.001"/>
  <testcase name="testGetLocale" classname="com.liferay.util.LocaleUtilTest" time="0.12"/>
  <system-out><![CDATA[]]></system-out>
  <system-err><![CDATA[]]></system-err>
</testsuite>
