<?xml version="1.0" encoding="UTF-8"?>
<testsuite name="com.dotcms.rendering.velocity.viewtools.WorkflowToolTest" tests="2" skipped="0" failures="0" errors="0" timestamp="2023-07-12T19:41:52" hostname="fv-az449-127" time="3.05">
  <properties/>
  <testcase name="testFire[0: com.dotcms.rendering.velocity.viewtools.WorkflowToolFireTestCase@6a8eb2a8]" classname="com.dotcms.rendering.velocity.viewtools.WorkflowToolTest" time="1.657"/>
  <testcase name="testFire[1: com.dotcms.rendering.velocity.viewtools.WorkflowToolFireTestCase@618bfd0c]" classname="com.dotcms.rendering.velocity.viewtools.WorkflowToolTest" time="1.393"/>
  <system-out><![CDATA[]]></system-out>
  <system-err><![CDATA[]]></system-err>
</testsuite>
