<?xml version="1.0" encoding="UTF-8"?>
<testsuite name="com.dotmarketing.servlets.ajax.AjaxDirectorServletIntegrationTest" tests="2" skipped="0" failures="0" errors="0" timestamp="2023-07-13T00:16:18" hostname="fv-az167-45" time="4.127">
  <properties/>
  <testcase name="testService[0: com.dotmarketing.servlets.ajax.AjaxDirectorServletTestCase@4c8bf6c1]" classname="com.dotmarketing.servlets.ajax.AjaxDirectorServletIntegrationTest" time="0.991"/>
  <testcase name="testService[1: com.dotmarketing.servlets.ajax.AjaxDirectorServletTestCase@78c04804]" classname="com.dotmarketing.servlets.ajax.AjaxDirectorServletIntegrationTest" time="3.136"/>
  <system-out><![CDATA[]]></system-out>
  <system-err><![CDATA[]]></system-err>
</testsuite>
