<?xml version="1.0" encoding="UTF-8"?>
<testsuite name="com.dotmarketing.portlets.structure.model.ContentletRelationshipsTest" tests="7" skipped="0" failures="0" errors="0" timestamp="2023-06-30T20:57:26" hostname="fv-az1025-316" time="9.208">
  <properties/>
  <testcase name="testDoesAllowOnlyOne[0: com.dotmarketing.portlets.structure.model.ContentletRelationshipsTest$CardinalityTestCase@561407cd]" classname="com.dotmarketing.portlets.structure.model.ContentletRelationshipsTest" time="0.505"/>
  <testcase name="testDoesAllowOnlyOne[1: com.dotmarketing.portlets.structure.model.ContentletRelationshipsTest$CardinalityTestCase@1cc42f36]" classname="com.dotmarketing.portlets.structure.model.ContentletRelationshipsTest" time="0.406"/>
  <testcase name="testDoesAllowOnlyOne[2: com.dotmarketing.portlets.structure.model.ContentletRelationshipsTest$CardinalityTestCase@4b6d065d]" classname="com.dotmarketing.portlets.structure.model.ContentletRelationshipsTest" time="0.485"/>
  <testcase name="testGetRelationshipRecords[0: com.dotmarketing.portlets.structure.model.ContentletRelationshipsTest$TestCase@49758bfe]" classname="com.dotmarketing.portlets.structure.model.ContentletRelationshipsTest" time="1.862"/>
  <testcase name="testGetRelationshipRecords[1: com.dotmarketing.portlets.structure.model.ContentletRelationshipsTest$TestCase@3f29d772]" classname="com.dotmarketing.portlets.structure.model.ContentletRelationshipsTest" time="2.107"/>
  <testcase name="testGetRelationshipRecords[2: com.dotmarketing.portlets.structure.model.ContentletRelationshipsTest$TestCase@2a9e23e]" classname="com.dotmarketing.portlets.structure.model.ContentletRelationshipsTest" time="1.924"/>
  <testcase name="testGetRelationshipRecords[3: com.dotmarketing.portlets.structure.model.ContentletRelationshipsTest$TestCase@21d543d8]" classname="com.dotmarketing.portlets.structure.model.ContentletRelationshipsTest" time="1.907"/>
  <system-out><![CDATA[]]></system-out>
  <system-err><![CDATA[]]></system-err>
</testsuite>
