<?xml version="1.0" encoding="UTF-8"?>
<testsuite name="com.dotmarketing.portlets.structure.model.ContentletRelationshipsTest" tests="7" skipped="0" failures="0" errors="0" timestamp="2023-06-30T15:34:01" hostname="fv-az451-778" time="7.582">
  <properties/>
  <testcase name="testDoesAllowOnlyOne[0: com.dotmarketing.portlets.structure.model.ContentletRelationshipsTest$CardinalityTestCase@36b47b94]" classname="com.dotmarketing.portlets.structure.model.ContentletRelationshipsTest" time="0.546"/>
  <testcase name="testDoesAllowOnlyOne[1: com.dotmarketing.portlets.structure.model.ContentletRelationshipsTest$CardinalityTestCase@1cb5e5cc]" classname="com.dotmarketing.portlets.structure.model.ContentletRelationshipsTest" time="0.414"/>
  <testcase name="testDoesAllowOnlyOne[2: com.dotmarketing.portlets.structure.model.ContentletRelationshipsTest$CardinalityTestCase@508bb991]" classname="com.dotmarketing.portlets.structure.model.ContentletRelationshipsTest" time="0.393"/>
  <testcase name="testGetRelationshipRecords[0: com.dotmarketing.portlets.structure.model.ContentletRelationshipsTest$TestCase@2ac5aadf]" classname="com.dotmarketing.portlets.structure.model.ContentletRelationshipsTest" time="1.885"/>
  <testcase name="testGetRelationshipRecords[1: com.dotmarketing.portlets.structure.model.ContentletRelationshipsTest$TestCase@3fb81cc8]" classname="com.dotmarketing.portlets.structure.model.ContentletRelationshipsTest" time="1.863"/>
  <testcase name="testGetRelationshipRecords[2: com.dotmarketing.portlets.structure.model.ContentletRelationshipsTest$TestCase@c900576]" classname="com.dotmarketing.portlets.structure.model.ContentletRelationshipsTest" time="1.73"/>
  <testcase name="testGetRelationshipRecords[3: com.dotmarketing.portlets.structure.model.ContentletRelationshipsTest$TestCase@15a6244]" classname="com.dotmarketing.portlets.structure.model.ContentletRelationshipsTest" time="0.75"/>
  <system-out><![CDATA[]]></system-out>
  <system-err><![CDATA[]]></system-err>
</testsuite>
