<?xml version="1.0" encoding="UTF-8"?>
<testsuite name="com.dotcms.rest.BundlePublisherResourceIntegrationTest" tests="1" skipped="0" failures="0" errors="0" timestamp="2023-06-28T19:39:58" hostname="fv-az398-53" time="0.012">
  <properties/>
  <testcase name="publishShouldReturnLicenseException" classname="com.dotcms.rest.BundlePublisherResourceIntegrationTest" time="0.012"/>
  <system-out><![CDATA[]]></system-out>
  <system-err><![CDATA[]]></system-err>
</testsuite>
