<?xml version="1.0" encoding="UTF-8"?>
<testsuite name="com.dotmarketing.portlets.folders.business.FolderAPITest" tests="91" skipped="0" failures="0" errors="0" timestamp="2023-07-19T19:21:24" hostname="fv-az842-421" time="74.945">
  <properties/>
  <testcase name="testGetLinks" classname="com.dotmarketing.portlets.folders.business.FolderAPITest" time="2.871"/>
  <testcase name="testSave_BlacklistedName_NotAtRootLevel_ShouldSucceed[0: META-INF]" classname="com.dotmarketing.portlets.folders.business.FolderAPITest" time="0.016"/>
  <testcase name="testSave_BlacklistedName_NotAtRootLevel_ShouldSucceed[1: assets]" classname="com.dotmarketing.portlets.folders.business.FolderAPITest" time="0.012"/>
  <testcase name="testSave_BlacklistedName_NotAtRootLevel_ShouldSucceed[2: custom_elements]" classname="com.dotmarketing.portlets.folders.business.FolderAPITest" time="0.011"/>
  <testcase name="testSave_BlacklistedName_NotAtRootLevel_ShouldSucceed[3: email_backups]" classname="com.dotmarketing.portlets.folders.business.FolderAPITest" time="0.011"/>
  <testcase name="testSave_BlacklistedName_NotAtRootLevel_ShouldSucceed[4: dotcms]" classname="com.dotmarketing.portlets.folders.business.FolderAPITest" time="0.012"/>
  <testcase name="testSave_BlacklistedName_NotAtRootLevel_ShouldSucceed[5: dotAdmin]" classname="com.dotmarketing.portlets.folders.business.FolderAPITest" time="0.038"/>
  <testcase name="testSave_BlacklistedName_NotAtRootLevel_ShouldSucceed[6: html]" classname="com.dotmarketing.portlets.folders.business.FolderAPITest" time="0.012"/>
  <testcase name="testSave_BlacklistedName_NotAtRootLevel_ShouldSucceed[7: DOTSASS]" classname="com.dotmarketing.portlets.folders.business.FolderAPITest" time="0.011"/>
  <testcase name="testSave_BlacklistedName_NotAtRootLevel_ShouldSucceed[8: DOTLESS]" classname="com.dotmarketing.portlets.folders.business.FolderAPITest" time="0.011"/>
  <testcase name="testSave_BlacklistedName_NotAtRootLevel_ShouldSucceed[9: WEB-INF]" classname="com.dotmarketing.portlets.folders.business.FolderAPITest" time="0.012"/>
  <testcase name="testSave_BlacklistedName_NotAtRootLevel_ShouldSucceed[10: portal]" classname="com.dotmarketing.portlets.folders.business.FolderAPITest" time="0.012"/>
  <testcase name="test_findFolderByPath_Admin_PathisNull_returnNullFolder" classname="com.dotmarketing.portlets.folders.business.FolderAPITest" time="0.001"/>
  <testcase name="delete" classname="com.dotmarketing.portlets.folders.business.FolderAPITest" time="2.271"/>
  <testcase name="testFindSubFoldersByParent_parentIsFolder" classname="com.dotmarketing.portlets.folders.business.FolderAPITest" time="0.841"/>
  <testcase name="testFindSubFoldersByHost" classname="com.dotmarketing.portlets.folders.business.FolderAPITest" time="0.989"/>
  <testcase name="test_findFolderByPath_UserNoPermissionsOverFolder_returnDotSecurityException" classname="com.dotmarketing.portlets.folders.business.FolderAPITest" time="2.996"/>
  <testcase name="testFindFoldersByHost" classname="com.dotmarketing.portlets.folders.business.FolderAPITest" time="1.094"/>
  <testcase name="testRename_BlacklistedName_NotAtRootLevel_ShouldSucceed[0: META-INF]" classname="com.dotmarketing.portlets.folders.business.FolderAPITest" time="0.016"/>
  <testcase name="testRename_BlacklistedName_NotAtRootLevel_ShouldSucceed[1: assets]" classname="com.dotmarketing.portlets.folders.business.FolderAPITest" time="0.01"/>
  <testcase name="testRename_BlacklistedName_NotAtRootLevel_ShouldSucceed[2: custom_elements]" classname="com.dotmarketing.portlets.folders.business.FolderAPITest" time="0.009"/>
  <testcase name="testRename_BlacklistedName_NotAtRootLevel_ShouldSucceed[3: email_backups]" classname="com.dotmarketing.portlets.folders.business.FolderAPITest" time="0.01"/>
  <testcase name="testRename_BlacklistedName_NotAtRootLevel_ShouldSucceed[4: dotcms]" classname="com.dotmarketing.portlets.folders.business.FolderAPITest" time="0.01"/>
  <testcase name="testRename_BlacklistedName_NotAtRootLevel_ShouldSucceed[5: dotAdmin]" classname="com.dotmarketing.portlets.folders.business.FolderAPITest" time="0.009"/>
  <testcase name="testRename_BlacklistedName_NotAtRootLevel_ShouldSucceed[6: html]" classname="com.dotmarketing.portlets.folders.business.FolderAPITest" time="0.009"/>
  <testcase name="testRename_BlacklistedName_NotAtRootLevel_ShouldSucceed[7: DOTSASS]" classname="com.dotmarketing.portlets.folders.business.FolderAPITest" time="0.01"/>
  <testcase name="testRename_BlacklistedName_NotAtRootLevel_ShouldSucceed[8: DOTLESS]" classname="com.dotmarketing.portlets.folders.business.FolderAPITest" time="0.01"/>
  <testcase name="testRename_BlacklistedName_NotAtRootLevel_ShouldSucceed[9: WEB-INF]" classname="com.dotmarketing.portlets.folders.business.FolderAPITest" time="0.011"/>
  <testcase name="testRename_BlacklistedName_NotAtRootLevel_ShouldSucceed[10: portal]" classname="com.dotmarketing.portlets.folders.business.FolderAPITest" time="0.013"/>
  <testcase name="move_to_existing_destination" classname="com.dotmarketing.portlets.folders.business.FolderAPITest" time="5.424"/>
  <testcase name="deleteFolderWithContentTypeInIt" classname="com.dotmarketing.portlets.folders.business.FolderAPITest" time="0.123"/>
  <testcase name="testCreateFolders_AtRootLevel_BlacklistedName_ShouldFail[0: META-INF]" classname="com.dotmarketing.portlets.folders.business.FolderAPITest" time="0.014"/>
  <testcase name="testCreateFolders_AtRootLevel_BlacklistedName_ShouldFail[1: assets]" classname="com.dotmarketing.portlets.folders.business.FolderAPITest" time="0.005"/>
  <testcase name="testCreateFolders_AtRootLevel_BlacklistedName_ShouldFail[2: custom_elements]" classname="com.dotmarketing.portlets.folders.business.FolderAPITest" time="0.005"/>
  <testcase name="testCreateFolders_AtRootLevel_BlacklistedName_ShouldFail[3: email_backups]" classname="com.dotmarketing.portlets.folders.business.FolderAPITest" time="0.004"/>
  <testcase name="testCreateFolders_AtRootLevel_BlacklistedName_ShouldFail[4: dotcms]" classname="com.dotmarketing.portlets.folders.business.FolderAPITest" time="0.005"/>
  <testcase name="testCreateFolders_AtRootLevel_BlacklistedName_ShouldFail[5: dotAdmin]" classname="com.dotmarketing.portlets.folders.business.FolderAPITest" time="0.005"/>
  <testcase name="testCreateFolders_AtRootLevel_BlacklistedName_ShouldFail[6: html]" classname="com.dotmarketing.portlets.folders.business.FolderAPITest" time="0.009"/>
  <testcase name="testCreateFolders_AtRootLevel_BlacklistedName_ShouldFail[7: DOTSASS]" classname="com.dotmarketing.portlets.folders.business.FolderAPITest" time="0.005"/>
  <testcase name="testCreateFolders_AtRootLevel_BlacklistedName_ShouldFail[8: DOTLESS]" classname="com.dotmarketing.portlets.folders.business.FolderAPITest" time="0.004"/>
  <testcase name="testCreateFolders_AtRootLevel_BlacklistedName_ShouldFail[9: WEB-INF]" classname="com.dotmarketing.portlets.folders.business.FolderAPITest" time="0.004"/>
  <testcase name="testCreateFolders_AtRootLevel_BlacklistedName_ShouldFail[10: portal]" classname="com.dotmarketing.portlets.folders.business.FolderAPITest" time="0.004"/>
  <testcase name="testFindThemes" classname="com.dotmarketing.portlets.folders.business.FolderAPITest" time="0.014"/>
  <testcase name="createFolderWithoutAndWithoutTitle" classname="com.dotmarketing.portlets.folders.business.FolderAPITest" time="0.043"/>
  <testcase name="testSave_BlacklistedName_ShouldFail[0: META-INF]" classname="com.dotmarketing.portlets.folders.business.FolderAPITest" time="0.012"/>
  <testcase name="testSave_BlacklistedName_ShouldFail[1: assets]" classname="com.dotmarketing.portlets.folders.business.FolderAPITest" time="0.012"/>
  <testcase name="testSave_BlacklistedName_ShouldFail[2: custom_elements]" classname="com.dotmarketing.portlets.folders.business.FolderAPITest" time="0.01"/>
  <testcase name="testSave_BlacklistedName_ShouldFail[3: email_backups]" classname="com.dotmarketing.portlets.folders.business.FolderAPITest" time="0.008"/>
  <testcase name="testSave_BlacklistedName_ShouldFail[4: dotcms]" classname="com.dotmarketing.portlets.folders.business.FolderAPITest" time="0.009"/>
  <testcase name="testSave_BlacklistedName_ShouldFail[5: dotAdmin]" classname="com.dotmarketing.portlets.folders.business.FolderAPITest" time="0.008"/>
  <testcase name="testSave_BlacklistedName_ShouldFail[6: html]" classname="com.dotmarketing.portlets.folders.business.FolderAPITest" time="0.009"/>
  <testcase name="testSave_BlacklistedName_ShouldFail[7: DOTSASS]" classname="com.dotmarketing.portlets.folders.business.FolderAPITest" time="0.009"/>
  <testcase name="testSave_BlacklistedName_ShouldFail[8: DOTLESS]" classname="com.dotmarketing.portlets.folders.business.FolderAPITest" time="0.009"/>
  <testcase name="testSave_BlacklistedName_ShouldFail[9: WEB-INF]" classname="com.dotmarketing.portlets.folders.business.FolderAPITest" time="0.008"/>
  <testcase name="testSave_BlacklistedName_ShouldFail[10: portal]" classname="com.dotmarketing.portlets.folders.business.FolderAPITest" time="0.008"/>
  <testcase name="test_copyFolder_contentWithLiveAndWorkingVersionsAndMultilingual" classname="com.dotmarketing.portlets.folders.business.FolderAPITest" time="11.723"/>
  <testcase name="renameFolder" classname="com.dotmarketing.portlets.folders.business.FolderAPITest" time="0.266"/>
  <testcase name="test_findFolderByPath_UserWithPermissionsOverFolderAndHost_success" classname="com.dotmarketing.portlets.folders.business.FolderAPITest" time="2.476"/>
  <testcase name="testCopyToHost_BlacklistedName_ShouldFail[0: META-INF]" classname="com.dotmarketing.portlets.folders.business.FolderAPITest" time="1.107"/>
  <testcase name="testCopyToHost_BlacklistedName_ShouldFail[1: assets]" classname="com.dotmarketing.portlets.folders.business.FolderAPITest" time="1.05"/>
  <testcase name="testCopyToHost_BlacklistedName_ShouldFail[2: custom_elements]" classname="com.dotmarketing.portlets.folders.business.FolderAPITest" time="1.001"/>
  <testcase name="testCopyToHost_BlacklistedName_ShouldFail[3: email_backups]" classname="com.dotmarketing.portlets.folders.business.FolderAPITest" time="1.021"/>
  <testcase name="testCopyToHost_BlacklistedName_ShouldFail[4: dotcms]" classname="com.dotmarketing.portlets.folders.business.FolderAPITest" time="1.018"/>
  <testcase name="testCopyToHost_BlacklistedName_ShouldFail[5: dotAdmin]" classname="com.dotmarketing.portlets.folders.business.FolderAPITest" time="1.074"/>
  <testcase name="testCopyToHost_BlacklistedName_ShouldFail[6: html]" classname="com.dotmarketing.portlets.folders.business.FolderAPITest" time="0.976"/>
  <testcase name="testCopyToHost_BlacklistedName_ShouldFail[7: DOTSASS]" classname="com.dotmarketing.portlets.folders.business.FolderAPITest" time="1.015"/>
  <testcase name="testCopyToHost_BlacklistedName_ShouldFail[8: DOTLESS]" classname="com.dotmarketing.portlets.folders.business.FolderAPITest" time="1.039"/>
  <testcase name="testCopyToHost_BlacklistedName_ShouldFail[9: WEB-INF]" classname="com.dotmarketing.portlets.folders.business.FolderAPITest" time="1.01"/>
  <testcase name="testCopyToHost_BlacklistedName_ShouldFail[10: portal]" classname="com.dotmarketing.portlets.folders.business.FolderAPITest" time="1.096"/>
  <testcase name="testFindSubFolders" classname="com.dotmarketing.portlets.folders.business.FolderAPITest" time="0.072"/>
  <testcase name="copy" classname="com.dotmarketing.portlets.folders.business.FolderAPITest" time="16.165"/>
  <testcase name="move" classname="com.dotmarketing.portlets.folders.business.FolderAPITest" time="5.869"/>
  <testcase name="test_findFolderByPath_Admin_success" classname="com.dotmarketing.portlets.folders.business.FolderAPITest" time="1.053"/>
  <testcase name="testCopyFolderDoesNotDuplicateContent" classname="com.dotmarketing.portlets.folders.business.FolderAPITest" time="3.206"/>
  <testcase name="test_findFolderByPath_UserNoPermissionsOverHost_returnDotSecurityException" classname="com.dotmarketing.portlets.folders.business.FolderAPITest" time="1.846"/>
  <testcase name="testFindSubFoldersTitleSort" classname="com.dotmarketing.portlets.folders.business.FolderAPITest" time="0.054"/>
  <testcase name="test_findFolderByPath_Admin_HostisNull_returnNullFolder" classname="com.dotmarketing.portlets.folders.business.FolderAPITest" time="0.001"/>
  <testcase name="testExists" classname="com.dotmarketing.portlets.folders.business.FolderAPITest" time="1.117"/>
  <testcase name="testRename_BlacklistedName_ShouldFail[0: META-INF]" classname="com.dotmarketing.portlets.folders.business.FolderAPITest" time="0.015"/>
  <testcase name="testRename_BlacklistedName_ShouldFail[1: assets]" classname="com.dotmarketing.portlets.folders.business.FolderAPITest" time="0.01"/>
  <testcase name="testRename_BlacklistedName_ShouldFail[2: custom_elements]" classname="com.dotmarketing.portlets.folders.business.FolderAPITest" time="0.012"/>
  <testcase name="testRename_BlacklistedName_ShouldFail[3: email_backups]" classname="com.dotmarketing.portlets.folders.business.FolderAPITest" time="0.01"/>
  <testcase name="testRename_BlacklistedName_ShouldFail[4: dotcms]" classname="com.dotmarketing.portlets.folders.business.FolderAPITest" time="0.014"/>
  <testcase name="testRename_BlacklistedName_ShouldFail[5: dotAdmin]" classname="com.dotmarketing.portlets.folders.business.FolderAPITest" time="0.01"/>
  <testcase name="testRename_BlacklistedName_ShouldFail[6: html]" classname="com.dotmarketing.portlets.folders.business.FolderAPITest" time="0.01"/>
  <testcase name="testRename_BlacklistedName_ShouldFail[7: DOTSASS]" classname="com.dotmarketing.portlets.folders.business.FolderAPITest" time="0.01"/>
  <testcase name="testRename_BlacklistedName_ShouldFail[8: DOTLESS]" classname="com.dotmarketing.portlets.folders.business.FolderAPITest" time="0.012"/>
  <testcase name="testRename_BlacklistedName_ShouldFail[9: WEB-INF]" classname="com.dotmarketing.portlets.folders.business.FolderAPITest" time="0.01"/>
  <testcase name="testRename_BlacklistedName_ShouldFail[10: portal]" classname="com.dotmarketing.portlets.folders.business.FolderAPITest" time="0.011"/>
  <testcase name="testFindSubFoldersByParent_parentIsHost" classname="com.dotmarketing.portlets.folders.business.FolderAPITest" time="0.929"/>
  <testcase name="test_folders_inherit_the_filetypes_of_their_parents" classname="com.dotmarketing.portlets.folders.business.FolderAPITest" time="1.501"/>
  <system-out><![CDATA[]]></system-out>
  <system-err><![CDATA[]]></system-err>
</testsuite>
