<?xml version="1.0" encoding="UTF-8"?>
<testsuite name="com.dotmarketing.business.DeterministicIdentifierAPITest" tests="16" skipped="0" failures="0" errors="0" timestamp="2023-06-23T01:25:24" hostname="fv-az395-584" time="1.977">
  <properties/>
  <testcase name="Test_Category_Path_Seed_And_Id" classname="com.dotmarketing.business.DeterministicIdentifierAPITest" time="0.037"/>
  <testcase name="Test_Language_Deterministic_Id[0: LanguageTestCase{expectedSeed='Language:es:US', expectedHash=4913155, langCode='es', countryCode='US', country='United States'}]" classname="com.dotmarketing.business.DeterministicIdentifierAPITest" time="0.002"/>
  <testcase name="Test_Language_Deterministic_Id[1: LanguageTestCase{expectedSeed='Language:ep:', expectedHash=5292269, langCode='ep', countryCode='', country=''}]" classname="com.dotmarketing.business.DeterministicIdentifierAPITest" time="0.001"/>
  <testcase name="Test_Language_Deterministic_Id[2: LanguageTestCase{expectedSeed='Language:sg:SAG', expectedHash=4713118, langCode='sg', countryCode='SAG', country=''}]" classname="com.dotmarketing.business.DeterministicIdentifierAPITest" time="0.002"/>
  <testcase name="Test_Language_Deterministic_Id[3: LanguageTestCase{expectedSeed='Language:en:NZ', expectedHash=5382528, langCode='en', countryCode='NZ', country='New Zealand'}]" classname="com.dotmarketing.business.DeterministicIdentifierAPITest" time="0.001"/>
  <testcase name="Test_Category_None_Persisted_Category_Should_Return_Deterministic_Id" classname="com.dotmarketing.business.DeterministicIdentifierAPITest" time="0.002"/>
  <testcase name="Test_Asset_Generate_Deterministic_Id_Best_Effort[0: TestCase{versionable=my.host1687477109615.com, parent=System Host, expectedName='my.host1687477109615.com', expectedType='Host'}]" classname="com.dotmarketing.business.DeterministicIdentifierAPITest" time="0.003"/>
  <testcase name="Test_Asset_Generate_Deterministic_Id_Best_Effort[1: TestCase{versionable=com.dotmarketing.portlets.contentlet.model.Contentlet@48759b46[map={modDate=2023-06-22 23:38:30.528, fileName=file5334908036151554230.txt, title=file5334908036151554230.txt, inode=4726d6ad-78ca-4b2f-bfaa-ee42ec4151cd, __IS_NEW_CONTENT__=true, disabledWYSIWYG=[], host=ec018392-3eba-4d83-9afb-c8629dcce2bf, stInode=33888b6f-7a8e-4069-b1b6-5c1aa9d0a48d, owner=system, identifier=2aa7673c-4997-4e06-9192-bdcdb0e9be49, nullProperties=[wfExpireDate, wfPublishDate, wfActionAssign, wfActionId, wfActionComments, filterKey, whereToSend, wfNeverExpire, _path_to_move, timezoneId, iWantTo, wfPublishTime, wfExpireTime], languageId=1, fileAsset=/home/runner/work/core/custom/assets/4/7/4726d6ad-78ca-4b2f-bfaa-ee42ec4151cd/fileAsset/file5334908036151554230.txt, folder=abebb2e1-57fb-49a1-9f83-aff68f7d4ff2, __disable_workflow__=true, sortOrder=0, modUser=system},lowIndexPriority=false,variantId=DEFAULT], parent=com.dotmarketing.portlets.folders.model.Folder@4f26f3e3[identifier=abebb2e1-57fb-49a1-9f83-aff68f7d4ff2,name=testName1687477110516,sortOrder=0,showOnMenu=false,hostId=ec018392-3eba-4d83-9afb-c8629dcce2bf,type=folder,title=testTitle1687477110516,filesMasks=,defaultFileType=33888b6f-7a8e-4069-b1b6-5c1aa9d0a48d,modDate=2023-06-22 23:38:30.521,owner=&lt;null&gt;,iDate=2023-06-22 23:38:30.521,inode=abebb2e1-57fb-49a1-9f83-aff68f7d4ff2,path=/testName1687477110516/], expectedName='file5334908036151554230.txt', expectedType='FileAsset'}]" classname="com.dotmarketing.business.DeterministicIdentifierAPITest" time="0.004"/>
  <testcase name="Test_Asset_Generate_Deterministic_Id_Best_Effort[2: TestCase{versionable=com.dotmarketing.portlets.templates.model.Template@ed522a62, parent=my.host1687477109615.com, expectedName='testTitle1687477110630', expectedType='Template'}]" classname="com.dotmarketing.business.DeterministicIdentifierAPITest" time="0.003"/>
  <testcase name="Test_Asset_Generate_Deterministic_Id_Best_Effort[3: TestCase{versionable=com.dotmarketing.portlets.htmlpageasset.model.HTMLPageAsset@733103b6[map={template=b6bad5b1-a228-41a3-a7bc-9c1615a08812, owner=system, identifier=b229f920-6a2a-46d5-ab4e-73d3e8251d87, nullProperties=[wfExpireDate, wfPublishDate, wfActionAssign, wfActionId, wfActionComments, filterKey, whereToSend, wfNeverExpire, _path_to_move, timezoneId, iWantTo, wfPublishTime, wfExpireTime], modDate=2023-06-22 23:38:30.654, cachettl=0, _is_test_mode=true, languageId=1, title=test-page-title-1687477110647, httpsreq=, url=test-page-url-1687477110647, showOnMenu=, inode=f18b0458-5cd3-4d56-98be-37569c13e72f, folder=abebb2e1-57fb-49a1-9f83-aff68f7d4ff2, disabledWYSIWYG=[], sortOrder=1, modUser=system, host=ec018392-3eba-4d83-9afb-c8629dcce2bf, stInode=c541abb1-69b3-4bc5-8430-5e09e5239cc8, friendlyName=test-page-friendly-name-1687477110647},lowIndexPriority=false,variantId=DEFAULT], parent=com.dotmarketing.portlets.folders.model.Folder@4f26f3e3[identifier=abebb2e1-57fb-49a1-9f83-aff68f7d4ff2,name=testName1687477110516,sortOrder=0,showOnMenu=false,hostId=ec018392-3eba-4d83-9afb-c8629dcce2bf,type=folder,title=testTitle1687477110516,filesMasks=,defaultFileType=33888b6f-7a8e-4069-b1b6-5c1aa9d0a48d,modDate=2023-06-22 23:38:30.521,owner=&lt;null&gt;,iDate=2023-06-22 23:38:30.521,inode=abebb2e1-57fb-49a1-9f83-aff68f7d4ff2,path=/testName1687477110516/], expectedName='test-page-url-1687477110647', expectedType='htmlpageasset'}]" classname="com.dotmarketing.business.DeterministicIdentifierAPITest" time="0.003"/>
  <testcase name="Test_Asset_Generate_Deterministic_Id_Best_Effort[4: TestCase{versionable=com.dotmarketing.portlets.contentlet.model.Contentlet@21d6fc05[map={fileAsset2=/home/runner/work/core/custom/assets/e/c/ec6dc64e-2c29-421c-9728-2e3bddbfddbe/fileAsset2/test_binary1687477112401.png, modDate=2023-06-22 23:38:32.408, fileAsset1=/home/runner/work/core/custom/assets/e/c/ec6dc64e-2c29-421c-9728-2e3bddbfddbe/fileAsset1/test_binary1687477112400.jpg, title=blah, inode=ec6dc64e-2c29-421c-9728-2e3bddbfddbe, __IS_NEW_CONTENT__=true, disabledWYSIWYG=[], host=8a7d5e23-da1e-420a-b4f0-471e7da8ea2d, stInode=330fceca-3276-40db-a8f0-acb8a947c7cd, owner=system, identifier=bb5b2bbe-9e75-4448-992a-d178e726d0f5, nullProperties=[], languageId=1, image1=1c317402-eacf-4275-a7a4-abd5eb142d7d, folder=SYSTEM_FOLDER, __disable_workflow__=true, sortOrder=0, modUser=system},lowIndexPriority=false,variantId=DEFAULT], parent=default, expectedName='test_binary1687477112400.jpg:test_binary1687477112401.png', expectedType='MultipleBinaries1687477110912'}]" classname="com.dotmarketing.business.DeterministicIdentifierAPITest" time="0.01"/>
  <testcase name="Test_Asset_Generate_Deterministic_Id_Best_Effort[5: TestCase{versionable=name3a37fba6c8 : keyTag3a37fba6c8, parent=my.host1687477109615.com, expectedName='keyTag3a37fba6c8', expectedType='persona'}]" classname="com.dotmarketing.business.DeterministicIdentifierAPITest" time="0.009"/>
  <testcase name="Test_Similar_Content_Type_Wont_Clash" classname="com.dotmarketing.business.DeterministicIdentifierAPITest" time="0.703"/>
  <testcase name="Test_Generate_Folder_Identifier" classname="com.dotmarketing.business.DeterministicIdentifierAPITest" time="1.177"/>
  <testcase name="Test_Generate_Content_Type_Identifier[0: ContentTypeTestCase{contentType=KeyValueContentType{name=Language Variable, id=f4d7c1b8-2c88-4071-abf1-a5328977b07d, description=Default Content Type for Language Variables, defaultType=false, fixed=true, iDate=Thu Aug 31 16:38:49 UTC 2017, system=true, versionable=true, variable=Languagevariable, modDate=Thu Jun 22 23:34:54 UTC 2023, host=SYSTEM_HOST, siteName=systemHost, icon=language, sortOrder=0, folder=SYSTEM_FOLDER, folderPath=/, markedForDeletion=false, multilingualable=false}, expectedName='Languagevariable', expectedType='KeyValue'}]" classname="com.dotmarketing.business.DeterministicIdentifierAPITest" time="0.01"/>
  <testcase name="Test_Generate_Content_Type_Identifier[1: ContentTypeTestCase{contentType=SimpleContentType{name=testName1687477113008, id=2661886b-4456-4e7b-9168-896b8cae3982, description=testDescription1687477113008, defaultType=false, fixed=false, iDate=Thu Jun 22 23:38:33 UTC 2023, system=false, versionable=true, multilingualable=false, variable=testVarname1687477113008, owner=system, modDate=Thu Jun 22 23:38:33 UTC 2023, host=8a7d5e23-da1e-420a-b4f0-471e7da8ea2d, siteName=default, icon=event_note, sortOrder=0, folder=SYSTEM_FOLDER, folderPath=/, requiredFields=[], markedForDeletion=false}, expectedName='testVarname1687477113008', expectedType='CONTENT'}]" classname="com.dotmarketing.business.DeterministicIdentifierAPITest" time="0.006"/>
  <system-out><![CDATA[]]></system-out>
  <system-err><![CDATA[]]></system-err>
</testsuite>
