<?xml version="1.0" encoding="UTF-8"?>
<testsuite name="com.dotmarketing.portlets.contentlet.business.ContentletFactoryTest" tests="5" skipped="0" failures="0" errors="0" timestamp="2023-07-19T16:41:44" hostname="fv-az400-396" time="5.444">
  <properties/>
  <testcase name="Create_Contentlets_Then_Count" classname="com.dotmarketing.portlets.contentlet.business.ContentletFactoryTest" time="1.368"/>
  <testcase name="findAllCurrentOffsetLimit" classname="com.dotmarketing.portlets.contentlet.business.ContentletFactoryTest" time="2.536"/>
  <testcase name="find" classname="com.dotmarketing.portlets.contentlet.business.ContentletFactoryTest" time="0.005"/>
  <testcase name="Create_Contentlet_Then_find_Expect_Cache_Hit_Then_Remove_Expect_404" classname="com.dotmarketing.portlets.contentlet.business.ContentletFactoryTest" time="1.53"/>
  <testcase name="findAllCurrent" classname="com.dotmarketing.portlets.contentlet.business.ContentletFactoryTest" time="0.004"/>
  <system-out><![CDATA[]]></system-out>
  <system-err><![CDATA[]]></system-err>
</testsuite>
