<?xml version="1.0" encoding="UTF-8"?>
<testsuite name="com.dotmarketing.servlets.ajax.AjaxDirectorServletIntegrationTest" tests="2" skipped="0" failures="0" errors="0" timestamp="2023-07-17T16:35:38" hostname="fv-az493-152" time="0.712">
  <properties/>
  <testcase name="testService[0: com.dotmarketing.servlets.ajax.AjaxDirectorServletTestCase@18cb8ce8]" classname="com.dotmarketing.servlets.ajax.AjaxDirectorServletIntegrationTest" time="0.434"/>
  <testcase name="testService[1: com.dotmarketing.servlets.ajax.AjaxDirectorServletTestCase@3d0e8471]" classname="com.dotmarketing.servlets.ajax.AjaxDirectorServletIntegrationTest" time="0.278"/>
  <system-out><![CDATA[]]></system-out>
  <system-err><![CDATA[]]></system-err>
</testsuite>
