<?xml version="1.0" encoding="UTF-8"?>
<testsuite name="com.dotcms.content.elasticsearch.business.ElasticsearchUtilTest" tests="23" skipped="0" failures="0" errors="0" timestamp="2023-06-30T17:33:53" hostname="fv-az797-168" time="2.09">
  <properties/>
  <testcase name="whenTheIndexDoesNotExistsShouldThrowException" classname="com.dotcms.content.elasticsearch.business.ElasticsearchUtilTest" time="0.001"/>
  <testcase name="shouldSetWorkingAndLiveIndexToReadOnly[0: index.blocks.read_only]" classname="com.dotcms.content.elasticsearch.business.ElasticsearchUtilTest" time="0.235"/>
  <testcase name="shouldSetWorkingAndLiveIndexToReadOnly[1: index.blocks.read_only_allow_delete]" classname="com.dotcms.content.elasticsearch.business.ElasticsearchUtilTest" time="0.24"/>
  <testcase name="whenIntervalUpdateIsSetInMinutes" classname="com.dotcms.content.elasticsearch.business.ElasticsearchUtilTest" time="0.045"/>
  <testcase name="shouldReturnTrueWhenLiveIndexIsReadOnly[0: index.blocks.read_only]" classname="com.dotcms.content.elasticsearch.business.ElasticsearchUtilTest" time="0.145"/>
  <testcase name="shouldReturnTrueWhenLiveIndexIsReadOnly[1: index.blocks.read_only_allow_delete]" classname="com.dotcms.content.elasticsearch.business.ElasticsearchUtilTest" time="0.146"/>
  <testcase name="shouldReturnTrueIfTheCurrentIndicesAreReadOnly[0: index.blocks.read_only]" classname="com.dotcms.content.elasticsearch.business.ElasticsearchUtilTest" time="0.112"/>
  <testcase name="shouldReturnTrueIfTheCurrentIndicesAreReadOnly[1: index.blocks.read_only_allow_delete]" classname="com.dotcms.content.elasticsearch.business.ElasticsearchUtilTest" time="0.125"/>
  <testcase name="whenIntervalUpdateIsSetInSeconds" classname="com.dotcms.content.elasticsearch.business.ElasticsearchUtilTest" time="0.038"/>
  <testcase name="whenIntervalUpdateIsSetInDefaultValue" classname="com.dotcms.content.elasticsearch.business.ElasticsearchUtilTest" time="0.022"/>
  <testcase name="shouldReturnFalseIfTheCurrentIndicesAreNotReadOnly[0: index.blocks.read_only]" classname="com.dotcms.content.elasticsearch.business.ElasticsearchUtilTest" time="0.088"/>
  <testcase name="shouldReturnFalseIfTheCurrentIndicesAreNotReadOnly[1: index.blocks.read_only_allow_delete]" classname="com.dotcms.content.elasticsearch.business.ElasticsearchUtilTest" time="0.086"/>
  <testcase name="shouldReturnFalseWhenTheClusterIsInReadOnlyMode[0: cluster.blocks.read_only]" classname="com.dotcms.content.elasticsearch.business.ElasticsearchUtilTest" time="0.039"/>
  <testcase name="shouldReturnFalseWhenTheClusterIsInReadOnlyMode[1: cluster.blocks.read_only_allow_delete]" classname="com.dotcms.content.elasticsearch.business.ElasticsearchUtilTest" time="0.066"/>
  <testcase name="setClusterReadOnlyModeToFalse[0: cluster.blocks.read_only]" classname="com.dotcms.content.elasticsearch.business.ElasticsearchUtilTest" time="0.047"/>
  <testcase name="setClusterReadOnlyModeToFalse[1: cluster.blocks.read_only_allow_delete]" classname="com.dotcms.content.elasticsearch.business.ElasticsearchUtilTest" time="0.043"/>
  <testcase name="shouldPutReadonlyInFalse[0: index.blocks.read_only]" classname="com.dotcms.content.elasticsearch.business.ElasticsearchUtilTest" time="0.145"/>
  <testcase name="shouldPutReadonlyInFalse[1: index.blocks.read_only_allow_delete]" classname="com.dotcms.content.elasticsearch.business.ElasticsearchUtilTest" time="0.165"/>
  <testcase name="shouldReturnFalseWhenTheClusterIsNotInReadOnlyMode[0: cluster.blocks.read_only]" classname="com.dotcms.content.elasticsearch.business.ElasticsearchUtilTest" time="0.004"/>
  <testcase name="shouldReturnFalseWhenTheClusterIsNotInReadOnlyMode[1: cluster.blocks.read_only_allow_delete]" classname="com.dotcms.content.elasticsearch.business.ElasticsearchUtilTest" time="0.005"/>
  <testcase name="shouldTryPutReadonlyInTrueAndTheIndexDoesNotExists" classname="com.dotcms.content.elasticsearch.business.ElasticsearchUtilTest" time="0.002"/>
  <testcase name="shouldReturnTrueWhenWorkingIndexIsReadOnly[0: index.blocks.read_only]" classname="com.dotcms.content.elasticsearch.business.ElasticsearchUtilTest" time="0.145"/>
  <testcase name="shouldReturnTrueWhenWorkingIndexIsReadOnly[1: index.blocks.read_only_allow_delete]" classname="com.dotcms.content.elasticsearch.business.ElasticsearchUtilTest" time="0.141"/>
  <system-out><![CDATA[]]></system-out>
  <system-err><![CDATA[]]></system-err>
</testsuite>
