<?xml version="1.0" encoding="UTF-8"?>
<testsuite name="com.dotmarketing.business.DeterministicIdentifierAPITest" tests="16" skipped="0" failures="0" errors="0" timestamp="2023-07-01T00:39:13" hostname="fv-az487-783" time="0.633">
  <properties/>
  <testcase name="Test_Category_Path_Seed_And_Id" classname="com.dotmarketing.business.DeterministicIdentifierAPITest" time="0.023"/>
  <testcase name="Test_Language_Deterministic_Id[0: LanguageTestCase{expectedSeed='Language:es:US', expectedHash=4913155, langCode='es', countryCode='US', country='United States'}]" classname="com.dotmarketing.business.DeterministicIdentifierAPITest" time="0.001"/>
  <testcase name="Test_Language_Deterministic_Id[1: LanguageTestCase{expectedSeed='Language:ep:', expectedHash=5292269, langCode='ep', countryCode='', country=''}]" classname="com.dotmarketing.business.DeterministicIdentifierAPITest" time="0.001"/>
  <testcase name="Test_Language_Deterministic_Id[2: LanguageTestCase{expectedSeed='Language:sg:SAG', expectedHash=4713118, langCode='sg', countryCode='SAG', country=''}]" classname="com.dotmarketing.business.DeterministicIdentifierAPITest" time="0.001"/>
  <testcase name="Test_Language_Deterministic_Id[3: LanguageTestCase{expectedSeed='Language:en:NZ', expectedHash=5382528, langCode='en', countryCode='NZ', country='New Zealand'}]" classname="com.dotmarketing.business.DeterministicIdentifierAPITest" time="0.001"/>
  <testcase name="Test_Category_None_Persisted_Category_Should_Return_Deterministic_Id" classname="com.dotmarketing.business.DeterministicIdentifierAPITest" time="0.001"/>
  <testcase name="Test_Asset_Generate_Deterministic_Id_Best_Effort[0: TestCase{versionable=my.host1688171568256.com, parent=System Host, expectedName='my.host1688171568256.com', expectedType='Host'}]" classname="com.dotmarketing.business.DeterministicIdentifierAPITest" time="0.003"/>
  <testcase name="Test_Asset_Generate_Deterministic_Id_Best_Effort[1: TestCase{versionable=com.dotmarketing.portlets.contentlet.model.Contentlet@1cbe8dce[map={modDate=2023-07-01 00:32:49.0, fileName=file746646427605689031.txt, title=file746646427605689031.txt, inode=554f5738-afb0-4b6b-b5aa-172e1be40236, __IS_NEW_CONTENT__=true, disabledWYSIWYG=[], host=56d5ad9f-5dac-4748-ae77-287f1c5ec405, stInode=33888b6f-7a8e-4069-b1b6-5c1aa9d0a48d, owner=system, identifier=82c8b770-359c-482b-822a-c40a84c62dbf, nullProperties=[wfExpireDate, wfPublishDate, wfActionAssign, wfActionId, wfActionComments, filterKey, whereToSend, wfNeverExpire, _path_to_move, timezoneId, iWantTo, wfPublishTime, wfExpireTime], languageId=1, fileAsset=/home/runner/work/core/custom/assets/5/5/554f5738-afb0-4b6b-b5aa-172e1be40236/fileAsset/file746646427605689031.txt, folder=3642efdc-9c0f-4486-a77d-573bb44acf2d, __disable_workflow__=true, sortOrder=0, modUser=system},lowIndexPriority=false,variantId=DEFAULT], parent=com.dotmarketing.portlets.folders.model.Folder@4b50846b[identifier=3642efdc-9c0f-4486-a77d-573bb44acf2d,name=testName1688171568994,sortOrder=0,showOnMenu=false,hostId=56d5ad9f-5dac-4748-ae77-287f1c5ec405,type=folder,title=testTitle1688171568994,filesMasks=,defaultFileType=33888b6f-7a8e-4069-b1b6-5c1aa9d0a48d,modDate=2023-07-01 00:32:48.996,owner=&lt;null&gt;,iDate=2023-07-01 00:32:48.996,inode=3642efdc-9c0f-4486-a77d-573bb44acf2d,path=/testName1688171568994/], expectedName='file746646427605689031.txt', expectedType='FileAsset'}]" classname="com.dotmarketing.business.DeterministicIdentifierAPITest" time="0.002"/>
  <testcase name="Test_Asset_Generate_Deterministic_Id_Best_Effort[2: TestCase{versionable=com.dotmarketing.portlets.templates.model.Template@8e62ae22, parent=my.host1688171568256.com, expectedName='testTitle1688171569081', expectedType='Template'}]" classname="com.dotmarketing.business.DeterministicIdentifierAPITest" time="0.001"/>
  <testcase name="Test_Asset_Generate_Deterministic_Id_Best_Effort[3: TestCase{versionable=com.dotmarketing.portlets.htmlpageasset.model.HTMLPageAsset@2accfeb2[map={template=70f8d96e-3704-4627-b1d4-3b2b0ef7ba2a, owner=system, identifier=d60b0da7-55bc-49d4-a663-ab426907105b, nullProperties=[wfExpireDate, wfPublishDate, wfActionAssign, wfActionId, wfActionComments, filterKey, whereToSend, wfNeverExpire, _path_to_move, timezoneId, iWantTo, wfPublishTime, wfExpireTime], modDate=2023-07-01 00:32:49.094, cachettl=0, _is_test_mode=true, languageId=1, title=test-page-title-1688171569090, httpsreq=, url=test-page-url-1688171569090, showOnMenu=, inode=149ecef1-00fb-4025-8e27-9c8398b004b4, folder=3642efdc-9c0f-4486-a77d-573bb44acf2d, disabledWYSIWYG=[], sortOrder=1, modUser=system, host=56d5ad9f-5dac-4748-ae77-287f1c5ec405, stInode=c541abb1-69b3-4bc5-8430-5e09e5239cc8, friendlyName=test-page-friendly-name-1688171569090},lowIndexPriority=false,variantId=DEFAULT], parent=com.dotmarketing.portlets.folders.model.Folder@4b50846b[identifier=3642efdc-9c0f-4486-a77d-573bb44acf2d,name=testName1688171568994,sortOrder=0,showOnMenu=false,hostId=56d5ad9f-5dac-4748-ae77-287f1c5ec405,type=folder,title=testTitle1688171568994,filesMasks=,defaultFileType=33888b6f-7a8e-4069-b1b6-5c1aa9d0a48d,modDate=2023-07-01 00:32:48.996,owner=&lt;null&gt;,iDate=2023-07-01 00:32:48.996,inode=3642efdc-9c0f-4486-a77d-573bb44acf2d,path=/testName1688171568994/], expectedName='test-page-url-1688171569090', expectedType='htmlpageasset'}]" classname="com.dotmarketing.business.DeterministicIdentifierAPITest" time="0.002"/>
  <testcase name="Test_Asset_Generate_Deterministic_Id_Best_Effort[4: TestCase{versionable=com.dotmarketing.portlets.contentlet.model.Contentlet@49a0d9a3[map={fileAsset2=/home/runner/work/core/custom/assets/3/0/304e8bd3-9aeb-4869-bab5-84858fd6592b/fileAsset2/test_binary1688171569984.png, modDate=2023-07-01 00:32:49.988, fileAsset1=/home/runner/work/core/custom/assets/3/0/304e8bd3-9aeb-4869-bab5-84858fd6592b/fileAsset1/test_binary1688171569984.jpg, title=blah, inode=304e8bd3-9aeb-4869-bab5-84858fd6592b, __IS_NEW_CONTENT__=true, disabledWYSIWYG=[], host=48190c8c-42c4-46af-8d1a-0cd5db894797, stInode=d27014b5-cebc-4b59-a20d-99627972194b, owner=system, identifier=3d3cde65-b249-429e-826e-91e3858fe9c4, nullProperties=[], languageId=1, image1=476783b3-b5aa-4de4-b7f0-013a6618bc9b, folder=SYSTEM_FOLDER, __disable_workflow__=true, sortOrder=0, modUser=system},lowIndexPriority=false,variantId=DEFAULT], parent=demo.dotcms.com, expectedName='test_binary1688171569984.jpg:test_binary1688171569984.png', expectedType='MultipleBinaries1688171569301'}]" classname="com.dotmarketing.business.DeterministicIdentifierAPITest" time="0.002"/>
  <testcase name="Test_Asset_Generate_Deterministic_Id_Best_Effort[5: TestCase{versionable=name3658913a76 : keyTag3658913a76, parent=my.host1688171568256.com, expectedName='keyTag3658913a76', expectedType='persona'}]" classname="com.dotmarketing.business.DeterministicIdentifierAPITest" time="0.002"/>
  <testcase name="Test_Similar_Content_Type_Wont_Clash" classname="com.dotmarketing.business.DeterministicIdentifierAPITest" time="0.427"/>
  <testcase name="Test_Generate_Folder_Identifier" classname="com.dotmarketing.business.DeterministicIdentifierAPITest" time="0.154"/>
  <testcase name="Test_Generate_Content_Type_Identifier[0: ContentTypeTestCase{contentType=KeyValueContentType{name=Language Variable, id=f4d7c1b8-2c88-4071-abf1-a5328977b07d, description=Default Content Type for Language Variables, defaultType=false, fixed=true, iDate=Thu Aug 31 16:38:49 UTC 2017, system=true, versionable=true, variable=Languagevariable, modDate=Fri Jun 30 23:27:27 UTC 2023, host=SYSTEM_HOST, siteName=systemHost, icon=language, sortOrder=0, folder=SYSTEM_FOLDER, folderPath=/, markedForDeletion=true, multilingualable=false}, expectedName='Languagevariable', expectedType='KeyValue'}]" classname="com.dotmarketing.business.DeterministicIdentifierAPITest" time="0.003"/>
  <testcase name="Test_Generate_Content_Type_Identifier[1: ContentTypeTestCase{contentType=SimpleContentType{name=testName1688171570370, id=6fdb6462-02db-473e-b04f-e82d2e2f0951, description=testDescription1688171570370, defaultType=false, fixed=false, iDate=Sat Jul 01 00:32:50 UTC 2023, system=false, versionable=true, multilingualable=false, variable=testVarname1688171570370, owner=system, modDate=Sat Jul 01 00:32:51 UTC 2023, host=48190c8c-42c4-46af-8d1a-0cd5db894797, siteName=demo.dotcms.com, icon=event_note, sortOrder=0, folder=SYSTEM_FOLDER, folderPath=/, requiredFields=[], markedForDeletion=false}, expectedName='testVarname1688171570370', expectedType='CONTENT'}]" classname="com.dotmarketing.business.DeterministicIdentifierAPITest" time="0.004"/>
  <system-out><![CDATA[]]></system-out>
  <system-err><![CDATA[]]></system-err>
</testsuite>
