<?xml version="1.0" encoding="UTF-8"?>
<testsuite name="com.dotcms.publisher.business.PublisherTest" tests="4" skipped="0" failures="0" errors="0" timestamp="2023-07-13T16:12:11" hostname="fv-az365-454" time="12.114">
  <properties/>
  <testcase name="testPushArchivedAndMultiLanguageContent" classname="com.dotcms.publisher.business.PublisherTest" time="6.122"/>
  <testcase name="testPushContentWithUniqueField" classname="com.dotcms.publisher.business.PublisherTest" time="1.452"/>
  <testcase name="dontAutoPublishContentWithoutPublishDate" classname="com.dotcms.publisher.business.PublisherTest" time="1.283"/>
  <testcase name="test_Create_folderpage_Push_page_Remove_folderpush_Create_page_Push_page_SameBundle_shouldbe_created" classname="com.dotcms.publisher.business.PublisherTest" time="3.256"/>
  <system-out><![CDATA[


]]></system-out>
  <system-err><![CDATA[]]></system-err>
</testsuite>
