<?xml version="1.0" encoding="UTF-8"?>
<testsuite name="com.dotcms.rest.elasticsearch.ESContentResourcePortletTest" tests="8" skipped="0" failures="0" errors="0" timestamp="2023-07-14T23:23:09" hostname="fv-az343-544" time="8.189">
  <properties/>
  <testcase name="test_search_includeGrandChildCategory_success" classname="com.dotcms.rest.elasticsearch.ESContentResourcePortletTest" time="1.327"/>
  <testcase name="testSearch[0: com.dotcms.rest.elasticsearch.ESContentResourcePortletTest$TestCase@6a356de2]" classname="com.dotcms.rest.elasticsearch.ESContentResourcePortletTest" time="1.06"/>
  <testcase name="testSearch[1: com.dotcms.rest.elasticsearch.ESContentResourcePortletTest$TestCase@a093e2b]" classname="com.dotcms.rest.elasticsearch.ESContentResourcePortletTest" time="1.308"/>
  <testcase name="testSearch[2: com.dotcms.rest.elasticsearch.ESContentResourcePortletTest$TestCase@763a4d8c]" classname="com.dotcms.rest.elasticsearch.ESContentResourcePortletTest" time="0.921"/>
  <testcase name="testSearch[3: com.dotcms.rest.elasticsearch.ESContentResourcePortletTest$TestCase@5f94761a]" classname="com.dotcms.rest.elasticsearch.ESContentResourcePortletTest" time="0.285"/>
  <testcase name="testSearch[4: com.dotcms.rest.elasticsearch.ESContentResourcePortletTest$TestCase@1e0f5a77]" classname="com.dotcms.rest.elasticsearch.ESContentResourcePortletTest" time="1.371"/>
  <testcase name="testSearch[5: com.dotcms.rest.elasticsearch.ESContentResourcePortletTest$TestCase@5db4d7fb]" classname="com.dotcms.rest.elasticsearch.ESContentResourcePortletTest" time="0.9"/>
  <testcase name="testSearch[6: com.dotcms.rest.elasticsearch.ESContentResourcePortletTest$TestCase@7946b7ec]" classname="com.dotcms.rest.elasticsearch.ESContentResourcePortletTest" time="1.016"/>
  <system-out><![CDATA[]]></system-out>
  <system-err><![CDATA[]]></system-err>
</testsuite>
