<?xml version="1.0" encoding="UTF-8"?>
<testsuite name="com.dotcms.enterprise.publishing.remote.bundler.ContentTypeBundlerTest" tests="5" skipped="0" failures="5" errors="0" timestamp="2023-07-06T21:56:34" hostname="fv-az440-292" time="0.056">
  <properties/>
  <testcase name="addContentTypeInBundle[0: com.dotcms.enterprise.publishing.remote.bundler.ContentTypeBundlerTest$TestCase@325d0e99]" classname="com.dotcms.enterprise.publishing.remote.bundler.ContentTypeBundlerTest" time="0.008">
    <failure message="org.junit.ComparisonFailure: Fail for ImmutableSimpleContentType:&#10;Asset -&gt; SimpleContentType{name=testName1688680242713, id=2e83917dc399264be94060cb1fa7a1db, description=testDescription1688680242713, defaultType=false, fixed=false, iDate=Thu Jul 06 21:50:42 UTC 2023, system=false, versionable=true, multilingualable=false, variable=testVarname1688680242713, owner=system, modDate=Thu Jul 06 21:50:43 UTC 2023, host=af359e9e1f90aecac4bf362aa6da5519, siteName=test1688680241726.dotcms.com, icon=event_note, sortOrder=0, folder=SYSTEM_FOLDER, folderPath=/, requiredFields=[], markedForDeletion=false} &#10;difference -&gt; defaultType&quot;:false,&quot;description&quot;:&quot;testDescription1688680242713&quot;,&quot;detailPage&quot;:null,&quot;expireDateVar&quot;:null,&quot;fixed&quot;:false,&quot;folder&quot;:&quot;SYSTEM_FOLDER&quot;,&quot;folderPath&quot;:&quot;/&quot;,&quot;host&quot;:&quot;af359e9e1f90aecac4bf362aa6da5519&quot;,&quot;iDate&quot;:1688680242713,&quot;icon&quot;:&quot;event_note&quot;,&quot;id&quot;:&quot;2e83917dc399264be94060cb1fa7a1db&quot;,&quot;modDate&quot;:1688680243000,&quot;multilingualable&quot;:false,&quot;name&quot;:&quot;testName1688680242713&quot;,&quot;workflowSchemaNames&quot;:[&quot;System Workflow&quot;]}&#10;expected -&gt; {&quot;contentType&quot;:{&quot;clazz&quot;:&quot;com.dotcms.contenttype.model.type.ImmutableSimpleContentType&quot;,&quot;name&quot;:&quot;testName1688680242713&quot;,&quot;id&quot;:&quot;2e83917dc399264be94060cb1fa7a1db&quot;,&quot;description&quot;:&quot;testDescription1688680242713&quot;,&quot;defaultType&quot;:false,&quot;detailPage&quot;:null,&quot;fixed&quot;:false,&quot;iDate&quot;:1688680242713,&quot;system&quot;:false,&quot;versionable&quot;:true,&quot;multilingualable&quot;:false,&quot;variable&quot;:&quot;testVarname1688680242713&quot;,&quot;urlMapPattern&quot;:null,&quot;publishDateVar&quot;:null,&quot;expireDateVar&quot;:null,&quot;systemActionMappings&quot;:[]}&#10;real -&gt; {&quot;contentType&quot;:{&quot;clazz&quot;:&quot;com.dotcms.contenttype.model.type.ImmutableSimpleContentType&quot;,&quot;defaultType&quot;:false,&quot;description&quot;:&quot;testDescription1688680242713&quot;,&quot;detailPage&quot;:null,&quot;expireDateVar&quot;:null,&quot;fixed&quot;:false,&quot;folder&quot;:&quot;SYSTEM_FOLDER&quot;,&quot;folderPath&quot;:&quot;/&quot;,&quot;host&quot;:&quot;af359e9e1f90aecac4bf362aa6da5519&quot;,&quot;iDate&quot;:1688680242713,&quot;icon&quot;:&quot;event_note&quot;,&quot;id&quot;:&quot;2e83917dc399264be94060cb1fa7a1db&quot;,&quot;modDate&quot;:1688680243000,&quot;multilingualable&quot;:false,&quot;name&quot;:&quot;testName1688680242713&quot;,&quot;workflowSchemaNames&quot;:[&quot;System Workflow&quot;]}&#10; expected:&lt;...SimpleContentType&quot;,&quot;[name&quot;:&quot;testName1688680242713&quot;,&quot;id&quot;:&quot;2e83917dc399264be94060cb1fa7a1db&quot;,&quot;description&quot;:&quot;testDescription1688680242713&quot;,&quot;defaultType&quot;:false,&quot;detailPage&quot;:null,&quot;fixed&quot;:false,&quot;iDate&quot;:1688680242713,&quot;system&quot;:false,&quot;versionable&quot;:true,&quot;multilingualable&quot;:false,&quot;variable&quot;:&quot;testVarname1688680242713&quot;,&quot;urlMapPattern&quot;:null,&quot;publishDateVar&quot;:null,&quot;expireDateVar&quot;:null,&quot;systemActionMappings&quot;:[]]}&gt; but was:&lt;...SimpleContentType&quot;,&quot;[defaultType&quot;:false,&quot;description&quot;:&quot;testDescription1688680242713&quot;,&quot;detailPage&quot;:null,&quot;expireDateVar&quot;:null,&quot;fixed&quot;:false,&quot;folder&quot;:&quot;SYSTEM_FOLDER&quot;,&quot;folderPath&quot;:&quot;/&quot;,&quot;host&quot;:&quot;af359e9e1f90aecac4bf362aa6da5519&quot;,&quot;iDate&quot;:1688680242713,&quot;icon&quot;:&quot;event_note&quot;,&quot;id&quot;:&quot;2e83917dc399264be94060cb1fa7a1db&quot;,&quot;modDate&quot;:1688680243000,&quot;multilingualable&quot;:false,&quot;name&quot;:&quot;testName1688680242713&quot;,&quot;workflowSchemaNames&quot;:[&quot;System Workflow&quot;]]}&gt;" type="org.junit.ComparisonFailure">org.junit.ComparisonFailure: Fail for ImmutableSimpleContentType:
Asset -&gt; SimpleContentType{name=testName1688680242713, id=2e83917dc399264be94060cb1fa7a1db, description=testDescription1688680242713, defaultType=false, fixed=false, iDate=Thu Jul 06 21:50:42 UTC 2023, system=false, versionable=true, multilingualable=false, variable=testVarname1688680242713, owner=system, modDate=Thu Jul 06 21:50:43 UTC 2023, host=af359e9e1f90aecac4bf362aa6da5519, siteName=test1688680241726.dotcms.com, icon=event_note, sortOrder=0, folder=SYSTEM_FOLDER, folderPath=/, requiredFields=[], markedForDeletion=false} 
difference -&gt; defaultType&quot;:false,&quot;description&quot;:&quot;testDescription1688680242713&quot;,&quot;detailPage&quot;:null,&quot;expireDateVar&quot;:null,&quot;fixed&quot;:false,&quot;folder&quot;:&quot;SYSTEM_FOLDER&quot;,&quot;folderPath&quot;:&quot;/&quot;,&quot;host&quot;:&quot;af359e9e1f90aecac4bf362aa6da5519&quot;,&quot;iDate&quot;:1688680242713,&quot;icon&quot;:&quot;event_note&quot;,&quot;id&quot;:&quot;2e83917dc399264be94060cb1fa7a1db&quot;,&quot;modDate&quot;:1688680243000,&quot;multilingualable&quot;:false,&quot;name&quot;:&quot;testName1688680242713&quot;,&quot;workflowSchemaNames&quot;:[&quot;System Workflow&quot;]}
expected -&gt; {&quot;contentType&quot;:{&quot;clazz&quot;:&quot;com.dotcms.contenttype.model.type.ImmutableSimpleContentType&quot;,&quot;name&quot;:&quot;testName1688680242713&quot;,&quot;id&quot;:&quot;2e83917dc399264be94060cb1fa7a1db&quot;,&quot;description&quot;:&quot;testDescription1688680242713&quot;,&quot;defaultType&quot;:false,&quot;detailPage&quot;:null,&quot;fixed&quot;:false,&quot;iDate&quot;:1688680242713,&quot;system&quot;:false,&quot;versionable&quot;:true,&quot;multilingualable&quot;:false,&quot;variable&quot;:&quot;testVarname1688680242713&quot;,&quot;urlMapPattern&quot;:null,&quot;publishDateVar&quot;:null,&quot;expireDateVar&quot;:null,&quot;systemActionMappings&quot;:[]}
real -&gt; {&quot;contentType&quot;:{&quot;clazz&quot;:&quot;com.dotcms.contenttype.model.type.ImmutableSimpleContentType&quot;,&quot;defaultType&quot;:false,&quot;description&quot;:&quot;testDescription1688680242713&quot;,&quot;detailPage&quot;:null,&quot;expireDateVar&quot;:null,&quot;fixed&quot;:false,&quot;folder&quot;:&quot;SYSTEM_FOLDER&quot;,&quot;folderPath&quot;:&quot;/&quot;,&quot;host&quot;:&quot;af359e9e1f90aecac4bf362aa6da5519&quot;,&quot;iDate&quot;:1688680242713,&quot;icon&quot;:&quot;event_note&quot;,&quot;id&quot;:&quot;2e83917dc399264be94060cb1fa7a1db&quot;,&quot;modDate&quot;:1688680243000,&quot;multilingualable&quot;:false,&quot;name&quot;:&quot;testName1688680242713&quot;,&quot;workflowSchemaNames&quot;:[&quot;System Workflow&quot;]}
 expected:&lt;...SimpleContentType&quot;,&quot;[name&quot;:&quot;testName1688680242713&quot;,&quot;id&quot;:&quot;2e83917dc399264be94060cb1fa7a1db&quot;,&quot;description&quot;:&quot;testDescription1688680242713&quot;,&quot;defaultType&quot;:false,&quot;detailPage&quot;:null,&quot;fixed&quot;:false,&quot;iDate&quot;:1688680242713,&quot;system&quot;:false,&quot;versionable&quot;:true,&quot;multilingualable&quot;:false,&quot;variable&quot;:&quot;testVarname1688680242713&quot;,&quot;urlMapPattern&quot;:null,&quot;publishDateVar&quot;:null,&quot;expireDateVar&quot;:null,&quot;systemActionMappings&quot;:[]]}&gt; but was:&lt;...SimpleContentType&quot;,&quot;[defaultType&quot;:false,&quot;description&quot;:&quot;testDescription1688680242713&quot;,&quot;detailPage&quot;:null,&quot;expireDateVar&quot;:null,&quot;fixed&quot;:false,&quot;folder&quot;:&quot;SYSTEM_FOLDER&quot;,&quot;folderPath&quot;:&quot;/&quot;,&quot;host&quot;:&quot;af359e9e1f90aecac4bf362aa6da5519&quot;,&quot;iDate&quot;:1688680242713,&quot;icon&quot;:&quot;event_note&quot;,&quot;id&quot;:&quot;2e83917dc399264be94060cb1fa7a1db&quot;,&quot;modDate&quot;:1688680243000,&quot;multilingualable&quot;:false,&quot;name&quot;:&quot;testName1688680242713&quot;,&quot;workflowSchemaNames&quot;:[&quot;System Workflow&quot;]]}&gt;
	at org.junit.Assert.assertEquals(Assert.java:117)
	at com.dotcms.test.util.FileTestUtil.assertBundleFile(FileTestUtil.java:265)
	at com.dotcms.test.util.FileTestUtil.assertBundleFile(FileTestUtil.java:196)
	at com.dotcms.enterprise.publishing.remote.bundler.ContentTypeBundlerTest.addContentTypeInBundle(ContentTypeBundlerTest.java:132)
	at java.base/jdk.internal.reflect.NativeMethodAccessorImpl.invoke0(Native Method)
	at java.base/jdk.internal.reflect.NativeMethodAccessorImpl.invoke(NativeMethodAccessorImpl.java:62)
	at java.base/jdk.internal.reflect.DelegatingMethodAccessorImpl.invoke(DelegatingMethodAccessorImpl.java:43)
	at java.base/java.lang.reflect.Method.invoke(Method.java:566)
	at org.junit.runners.model.FrameworkMethod$1.runReflectiveCall(FrameworkMethod.java:59)
	at org.junit.internal.runners.model.ReflectiveCallable.run(ReflectiveCallable.java:12)
	at org.junit.runners.model.FrameworkMethod.invokeExplosively(FrameworkMethod.java:56)
	at com.tngtech.java.junit.dataprovider.DataProviderFrameworkMethod.invokeExplosively(DataProviderFrameworkMethod.java:119)
	at org.junit.internal.runners.statements.InvokeMethod.evaluate(InvokeMethod.java:17)
	at org.junit.runners.ParentRunner$3.evaluate(ParentRunner.java:306)
	at org.junit.rules.TestWatcher$1.evaluate(TestWatcher.java:61)
	at org.junit.rules.RunRules.evaluate(RunRules.java:20)
	at org.junit.runners.ParentRunner.runLeaf(ParentRunner.java:366)
	at com.dotcms.junit.CustomDataProviderRunner.runChild(CustomDataProviderRunner.java:41)
	at com.dotcms.junit.CustomDataProviderRunner.runChild(CustomDataProviderRunner.java:26)
	at org.junit.runners.ParentRunner$4.run(ParentRunner.java:331)
	at org.junit.runners.ParentRunner$1.schedule(ParentRunner.java:79)
	at org.junit.runners.ParentRunner.runChildren(ParentRunner.java:329)
	at org.junit.runners.ParentRunner.access$100(ParentRunner.java:66)
	at org.junit.runners.ParentRunner$2.evaluate(ParentRunner.java:293)
	at org.junit.runners.ParentRunner$3.evaluate(ParentRunner.java:306)
	at org.junit.runners.ParentRunner.run(ParentRunner.java:413)
	at com.dotcms.junit.MainBaseSuite$DotRunner.run(MainBaseSuite.java:71)
	at org.junit.runners.Suite.runChild(Suite.java:128)
	at org.junit.runners.Suite.runChild(Suite.java:27)
	at org.junit.runners.ParentRunner$4.run(ParentRunner.java:331)
	at org.junit.runners.ParentRunner$1.schedule(ParentRunner.java:79)
	at org.junit.runners.ParentRunner.runChildren(ParentRunner.java:329)
	at org.junit.runners.ParentRunner.access$100(ParentRunner.java:66)
	at org.junit.runners.ParentRunner$2.evaluate(ParentRunner.java:293)
	at org.junit.runners.ParentRunner$3.evaluate(ParentRunner.java:306)
	at org.junit.runners.ParentRunner.run(ParentRunner.java:413)
	at org.gradle.api.internal.tasks.testing.junit.JUnitTestClassExecutor.runTestClass(JUnitTestClassExecutor.java:110)
	at org.gradle.api.internal.tasks.testing.junit.JUnitTestClassExecutor.execute(JUnitTestClassExecutor.java:58)
	at org.gradle.api.internal.tasks.testing.junit.JUnitTestClassExecutor.execute(JUnitTestClassExecutor.java:38)
	at org.gradle.api.internal.tasks.testing.junit.AbstractJUnitTestClassProcessor.processTestClass(AbstractJUnitTestClassProcessor.java:62)
	at org.gradle.api.internal.tasks.testing.SuiteTestClassProcessor.processTestClass(SuiteTestClassProcessor.java:51)
	at java.base/jdk.internal.reflect.NativeMethodAccessorImpl.invoke0(Native Method)
	at java.base/jdk.internal.reflect.NativeMethodAccessorImpl.invoke(NativeMethodAccessorImpl.java:62)
	at java.base/jdk.internal.reflect.DelegatingMethodAccessorImpl.invoke(DelegatingMethodAccessorImpl.java:43)
	at java.base/java.lang.reflect.Method.invoke(Method.java:566)
	at org.gradle.internal.dispatch.ReflectionDispatch.dispatch(ReflectionDispatch.java:36)
	at org.gradle.internal.dispatch.ReflectionDispatch.dispatch(ReflectionDispatch.java:24)
	at org.gradle.internal.dispatch.ContextClassLoaderDispatch.dispatch(ContextClassLoaderDispatch.java:33)
	at org.gradle.internal.dispatch.ProxyDispatchAdapter$DispatchingInvocationHandler.invoke(ProxyDispatchAdapter.java:94)
	at com.sun.proxy.$Proxy5.processTestClass(Unknown Source)
	at org.gradle.api.internal.tasks.testing.worker.TestWorker$2.run(TestWorker.java:176)
	at org.gradle.api.internal.tasks.testing.worker.TestWorker.executeAndMaintainThreadName(TestWorker.java:129)
	at org.gradle.api.internal.tasks.testing.worker.TestWorker.execute(TestWorker.java:100)
	at org.gradle.api.internal.tasks.testing.worker.TestWorker.execute(TestWorker.java:60)
	at org.gradle.process.internal.worker.child.ActionExecutionWorker.execute(ActionExecutionWorker.java:56)
	at org.gradle.process.internal.worker.child.SystemApplicationClassLoaderWorker.call(SystemApplicationClassLoaderWorker.java:133)
	at org.gradle.process.internal.worker.child.SystemApplicationClassLoaderWorker.call(SystemApplicationClassLoaderWorker.java:71)
	at worker.org.gradle.process.internal.worker.GradleWorkerMain.run(GradleWorkerMain.java:69)
	at worker.org.gradle.process.internal.worker.GradleWorkerMain.main(GradleWorkerMain.java:74)
</failure>
  </testcase>
  <testcase name="addContentTypeInBundle[1: com.dotcms.enterprise.publishing.remote.bundler.ContentTypeBundlerTest$TestCase@195850b8]" classname="com.dotcms.enterprise.publishing.remote.bundler.ContentTypeBundlerTest" time="0.007">
    <failure message="org.junit.ComparisonFailure: Fail for ImmutableSimpleContentType:&#10;Asset -&gt; SimpleContentType{name=testName1688680242733, id=547fe08b7cd3e8512694c4166f987875, description=testDescription1688680242733, defaultType=false, fixed=false, iDate=Thu Jul 06 21:50:42 UTC 2023, system=false, versionable=true, multilingualable=false, variable=testVarname1688680242733, owner=system, modDate=Thu Jul 06 21:50:43 UTC 2023, host=48190c8c-42c4-46af-8d1a-0cd5db894797, siteName=demo.dotcms.com, icon=event_note, sortOrder=0, folder=b5151bcacba779cb8d82ebc5e5ac638e, folderPath=demo.dotcms.com:/testName1688680242729/, requiredFields=[], markedForDeletion=false} &#10;difference -&gt; defaultType&quot;:false,&quot;description&quot;:&quot;testDescription1688680242733&quot;,&quot;detailPage&quot;:null,&quot;expireDateVar&quot;:null,&quot;fixed&quot;:false,&quot;folder&quot;:&quot;b5151bcacba779cb8d82ebc5e5ac638e&quot;,&quot;folderPath&quot;:&quot;demo.dotcms.com:/testName1688680242729/&quot;,&quot;host&quot;:&quot;48190c8c-42c4-46af-8d1a-0cd5db894797&quot;,&quot;iDate&quot;:1688680242733,&quot;icon&quot;:&quot;event_note&quot;,&quot;id&quot;:&quot;547fe08b7cd3e8512694c4166f987875&quot;,&quot;modDate&quot;:1688680243000,&quot;multilingualable&quot;:false,&quot;name&quot;:&quot;testName1688680242733&quot;,&quot;workflowSchemaNames&quot;:[&quot;System Workflow&quot;]}&#10;expected -&gt; {&quot;contentType&quot;:{&quot;clazz&quot;:&quot;com.dotcms.contenttype.model.type.ImmutableSimpleContentType&quot;,&quot;name&quot;:&quot;testName1688680242733&quot;,&quot;id&quot;:&quot;547fe08b7cd3e8512694c4166f987875&quot;,&quot;description&quot;:&quot;testDescription1688680242733&quot;,&quot;defaultType&quot;:false,&quot;detailPage&quot;:null,&quot;fixed&quot;:false,&quot;iDate&quot;:1688680242733,&quot;system&quot;:false,&quot;versionable&quot;:true,&quot;multilingualable&quot;:false,&quot;variable&quot;:&quot;testVarname1688680242733&quot;,&quot;urlMapPattern&quot;:null,&quot;publishDateVar&quot;:null,&quot;expireDateVar&quot;:null,&quot;systemActionMappings&quot;:[]}&#10;real -&gt; {&quot;contentType&quot;:{&quot;clazz&quot;:&quot;com.dotcms.contenttype.model.type.ImmutableSimpleContentType&quot;,&quot;defaultType&quot;:false,&quot;description&quot;:&quot;testDescription1688680242733&quot;,&quot;detailPage&quot;:null,&quot;expireDateVar&quot;:null,&quot;fixed&quot;:false,&quot;folder&quot;:&quot;b5151bcacba779cb8d82ebc5e5ac638e&quot;,&quot;folderPath&quot;:&quot;demo.dotcms.com:/testName1688680242729/&quot;,&quot;host&quot;:&quot;48190c8c-42c4-46af-8d1a-0cd5db894797&quot;,&quot;iDate&quot;:1688680242733,&quot;icon&quot;:&quot;event_note&quot;,&quot;id&quot;:&quot;547fe08b7cd3e8512694c4166f987875&quot;,&quot;modDate&quot;:1688680243000,&quot;multilingualable&quot;:false,&quot;name&quot;:&quot;testName1688680242733&quot;,&quot;workflowSchemaNames&quot;:[&quot;System Workflow&quot;]}&#10; expected:&lt;...SimpleContentType&quot;,&quot;[name&quot;:&quot;testName1688680242733&quot;,&quot;id&quot;:&quot;547fe08b7cd3e8512694c4166f987875&quot;,&quot;description&quot;:&quot;testDescription1688680242733&quot;,&quot;defaultType&quot;:false,&quot;detailPage&quot;:null,&quot;fixed&quot;:false,&quot;iDate&quot;:1688680242733,&quot;system&quot;:false,&quot;versionable&quot;:true,&quot;multilingualable&quot;:false,&quot;variable&quot;:&quot;testVarname1688680242733&quot;,&quot;urlMapPattern&quot;:null,&quot;publishDateVar&quot;:null,&quot;expireDateVar&quot;:null,&quot;systemActionMappings&quot;:[]]}&gt; but was:&lt;...SimpleContentType&quot;,&quot;[defaultType&quot;:false,&quot;description&quot;:&quot;testDescription1688680242733&quot;,&quot;detailPage&quot;:null,&quot;expireDateVar&quot;:null,&quot;fixed&quot;:false,&quot;folder&quot;:&quot;b5151bcacba779cb8d82ebc5e5ac638e&quot;,&quot;folderPath&quot;:&quot;demo.dotcms.com:/testName1688680242729/&quot;,&quot;host&quot;:&quot;48190c8c-42c4-46af-8d1a-0cd5db894797&quot;,&quot;iDate&quot;:1688680242733,&quot;icon&quot;:&quot;event_note&quot;,&quot;id&quot;:&quot;547fe08b7cd3e8512694c4166f987875&quot;,&quot;modDate&quot;:1688680243000,&quot;multilingualable&quot;:false,&quot;name&quot;:&quot;testName1688680242733&quot;,&quot;workflowSchemaNames&quot;:[&quot;System Workflow&quot;]]}&gt;" type="org.junit.ComparisonFailure">org.junit.ComparisonFailure: Fail for ImmutableSimpleContentType:
Asset -&gt; SimpleContentType{name=testName1688680242733, id=547fe08b7cd3e8512694c4166f987875, description=testDescription1688680242733, defaultType=false, fixed=false, iDate=Thu Jul 06 21:50:42 UTC 2023, system=false, versionable=true, multilingualable=false, variable=testVarname1688680242733, owner=system, modDate=Thu Jul 06 21:50:43 UTC 2023, host=48190c8c-42c4-46af-8d1a-0cd5db894797, siteName=demo.dotcms.com, icon=event_note, sortOrder=0, folder=b5151bcacba779cb8d82ebc5e5ac638e, folderPath=demo.dotcms.com:/testName1688680242729/, requiredFields=[], markedForDeletion=false} 
difference -&gt; defaultType&quot;:false,&quot;description&quot;:&quot;testDescription1688680242733&quot;,&quot;detailPage&quot;:null,&quot;expireDateVar&quot;:null,&quot;fixed&quot;:false,&quot;folder&quot;:&quot;b5151bcacba779cb8d82ebc5e5ac638e&quot;,&quot;folderPath&quot;:&quot;demo.dotcms.com:/testName1688680242729/&quot;,&quot;host&quot;:&quot;48190c8c-42c4-46af-8d1a-0cd5db894797&quot;,&quot;iDate&quot;:1688680242733,&quot;icon&quot;:&quot;event_note&quot;,&quot;id&quot;:&quot;547fe08b7cd3e8512694c4166f987875&quot;,&quot;modDate&quot;:1688680243000,&quot;multilingualable&quot;:false,&quot;name&quot;:&quot;testName1688680242733&quot;,&quot;workflowSchemaNames&quot;:[&quot;System Workflow&quot;]}
expected -&gt; {&quot;contentType&quot;:{&quot;clazz&quot;:&quot;com.dotcms.contenttype.model.type.ImmutableSimpleContentType&quot;,&quot;name&quot;:&quot;testName1688680242733&quot;,&quot;id&quot;:&quot;547fe08b7cd3e8512694c4166f987875&quot;,&quot;description&quot;:&quot;testDescription1688680242733&quot;,&quot;defaultType&quot;:false,&quot;detailPage&quot;:null,&quot;fixed&quot;:false,&quot;iDate&quot;:1688680242733,&quot;system&quot;:false,&quot;versionable&quot;:true,&quot;multilingualable&quot;:false,&quot;variable&quot;:&quot;testVarname1688680242733&quot;,&quot;urlMapPattern&quot;:null,&quot;publishDateVar&quot;:null,&quot;expireDateVar&quot;:null,&quot;systemActionMappings&quot;:[]}
real -&gt; {&quot;contentType&quot;:{&quot;clazz&quot;:&quot;com.dotcms.contenttype.model.type.ImmutableSimpleContentType&quot;,&quot;defaultType&quot;:false,&quot;description&quot;:&quot;testDescription1688680242733&quot;,&quot;detailPage&quot;:null,&quot;expireDateVar&quot;:null,&quot;fixed&quot;:false,&quot;folder&quot;:&quot;b5151bcacba779cb8d82ebc5e5ac638e&quot;,&quot;folderPath&quot;:&quot;demo.dotcms.com:/testName1688680242729/&quot;,&quot;host&quot;:&quot;48190c8c-42c4-46af-8d1a-0cd5db894797&quot;,&quot;iDate&quot;:1688680242733,&quot;icon&quot;:&quot;event_note&quot;,&quot;id&quot;:&quot;547fe08b7cd3e8512694c4166f987875&quot;,&quot;modDate&quot;:1688680243000,&quot;multilingualable&quot;:false,&quot;name&quot;:&quot;testName1688680242733&quot;,&quot;workflowSchemaNames&quot;:[&quot;System Workflow&quot;]}
 expected:&lt;...SimpleContentType&quot;,&quot;[name&quot;:&quot;testName1688680242733&quot;,&quot;id&quot;:&quot;547fe08b7cd3e8512694c4166f987875&quot;,&quot;description&quot;:&quot;testDescription1688680242733&quot;,&quot;defaultType&quot;:false,&quot;detailPage&quot;:null,&quot;fixed&quot;:false,&quot;iDate&quot;:1688680242733,&quot;system&quot;:false,&quot;versionable&quot;:true,&quot;multilingualable&quot;:false,&quot;variable&quot;:&quot;testVarname1688680242733&quot;,&quot;urlMapPattern&quot;:null,&quot;publishDateVar&quot;:null,&quot;expireDateVar&quot;:null,&quot;systemActionMappings&quot;:[]]}&gt; but was:&lt;...SimpleContentType&quot;,&quot;[defaultType&quot;:false,&quot;description&quot;:&quot;testDescription1688680242733&quot;,&quot;detailPage&quot;:null,&quot;expireDateVar&quot;:null,&quot;fixed&quot;:false,&quot;folder&quot;:&quot;b5151bcacba779cb8d82ebc5e5ac638e&quot;,&quot;folderPath&quot;:&quot;demo.dotcms.com:/testName1688680242729/&quot;,&quot;host&quot;:&quot;48190c8c-42c4-46af-8d1a-0cd5db894797&quot;,&quot;iDate&quot;:1688680242733,&quot;icon&quot;:&quot;event_note&quot;,&quot;id&quot;:&quot;547fe08b7cd3e8512694c4166f987875&quot;,&quot;modDate&quot;:1688680243000,&quot;multilingualable&quot;:false,&quot;name&quot;:&quot;testName1688680242733&quot;,&quot;workflowSchemaNames&quot;:[&quot;System Workflow&quot;]]}&gt;
	at org.junit.Assert.assertEquals(Assert.java:117)
	at com.dotcms.test.util.FileTestUtil.assertBundleFile(FileTestUtil.java:265)
	at com.dotcms.test.util.FileTestUtil.assertBundleFile(FileTestUtil.java:196)
	at com.dotcms.enterprise.publishing.remote.bundler.ContentTypeBundlerTest.addContentTypeInBundle(ContentTypeBundlerTest.java:132)
	at java.base/jdk.internal.reflect.NativeMethodAccessorImpl.invoke0(Native Method)
	at java.base/jdk.internal.reflect.NativeMethodAccessorImpl.invoke(NativeMethodAccessorImpl.java:62)
	at java.base/jdk.internal.reflect.DelegatingMethodAccessorImpl.invoke(DelegatingMethodAccessorImpl.java:43)
	at java.base/java.lang.reflect.Method.invoke(Method.java:566)
	at org.junit.runners.model.FrameworkMethod$1.runReflectiveCall(FrameworkMethod.java:59)
	at org.junit.internal.runners.model.ReflectiveCallable.run(ReflectiveCallable.java:12)
	at org.junit.runners.model.FrameworkMethod.invokeExplosively(FrameworkMethod.java:56)
	at com.tngtech.java.junit.dataprovider.DataProviderFrameworkMethod.invokeExplosively(DataProviderFrameworkMethod.java:119)
	at org.junit.internal.runners.statements.InvokeMethod.evaluate(InvokeMethod.java:17)
	at org.junit.runners.ParentRunner$3.evaluate(ParentRunner.java:306)
	at org.junit.rules.TestWatcher$1.evaluate(TestWatcher.java:61)
	at org.junit.rules.RunRules.evaluate(RunRules.java:20)
	at org.junit.runners.ParentRunner.runLeaf(ParentRunner.java:366)
	at com.dotcms.junit.CustomDataProviderRunner.runChild(CustomDataProviderRunner.java:41)
	at com.dotcms.junit.CustomDataProviderRunner.runChild(CustomDataProviderRunner.java:26)
	at org.junit.runners.ParentRunner$4.run(ParentRunner.java:331)
	at org.junit.runners.ParentRunner$1.schedule(ParentRunner.java:79)
	at org.junit.runners.ParentRunner.runChildren(ParentRunner.java:329)
	at org.junit.runners.ParentRunner.access$100(ParentRunner.java:66)
	at org.junit.runners.ParentRunner$2.evaluate(ParentRunner.java:293)
	at org.junit.runners.ParentRunner$3.evaluate(ParentRunner.java:306)
	at org.junit.runners.ParentRunner.run(ParentRunner.java:413)
	at com.dotcms.junit.MainBaseSuite$DotRunner.run(MainBaseSuite.java:71)
	at org.junit.runners.Suite.runChild(Suite.java:128)
	at org.junit.runners.Suite.runChild(Suite.java:27)
	at org.junit.runners.ParentRunner$4.run(ParentRunner.java:331)
	at org.junit.runners.ParentRunner$1.schedule(ParentRunner.java:79)
	at org.junit.runners.ParentRunner.runChildren(ParentRunner.java:329)
	at org.junit.runners.ParentRunner.access$100(ParentRunner.java:66)
	at org.junit.runners.ParentRunner$2.evaluate(ParentRunner.java:293)
	at org.junit.runners.ParentRunner$3.evaluate(ParentRunner.java:306)
	at org.junit.runners.ParentRunner.run(ParentRunner.java:413)
	at org.gradle.api.internal.tasks.testing.junit.JUnitTestClassExecutor.runTestClass(JUnitTestClassExecutor.java:110)
	at org.gradle.api.internal.tasks.testing.junit.JUnitTestClassExecutor.execute(JUnitTestClassExecutor.java:58)
	at org.gradle.api.internal.tasks.testing.junit.JUnitTestClassExecutor.execute(JUnitTestClassExecutor.java:38)
	at org.gradle.api.internal.tasks.testing.junit.AbstractJUnitTestClassProcessor.processTestClass(AbstractJUnitTestClassProcessor.java:62)
	at org.gradle.api.internal.tasks.testing.SuiteTestClassProcessor.processTestClass(SuiteTestClassProcessor.java:51)
	at java.base/jdk.internal.reflect.NativeMethodAccessorImpl.invoke0(Native Method)
	at java.base/jdk.internal.reflect.NativeMethodAccessorImpl.invoke(NativeMethodAccessorImpl.java:62)
	at java.base/jdk.internal.reflect.DelegatingMethodAccessorImpl.invoke(DelegatingMethodAccessorImpl.java:43)
	at java.base/java.lang.reflect.Method.invoke(Method.java:566)
	at org.gradle.internal.dispatch.ReflectionDispatch.dispatch(ReflectionDispatch.java:36)
	at org.gradle.internal.dispatch.ReflectionDispatch.dispatch(ReflectionDispatch.java:24)
	at org.gradle.internal.dispatch.ContextClassLoaderDispatch.dispatch(ContextClassLoaderDispatch.java:33)
	at org.gradle.internal.dispatch.ProxyDispatchAdapter$DispatchingInvocationHandler.invoke(ProxyDispatchAdapter.java:94)
	at com.sun.proxy.$Proxy5.processTestClass(Unknown Source)
	at org.gradle.api.internal.tasks.testing.worker.TestWorker$2.run(TestWorker.java:176)
	at org.gradle.api.internal.tasks.testing.worker.TestWorker.executeAndMaintainThreadName(TestWorker.java:129)
	at org.gradle.api.internal.tasks.testing.worker.TestWorker.execute(TestWorker.java:100)
	at org.gradle.api.internal.tasks.testing.worker.TestWorker.execute(TestWorker.java:60)
	at org.gradle.process.internal.worker.child.ActionExecutionWorker.execute(ActionExecutionWorker.java:56)
	at org.gradle.process.internal.worker.child.SystemApplicationClassLoaderWorker.call(SystemApplicationClassLoaderWorker.java:133)
	at org.gradle.process.internal.worker.child.SystemApplicationClassLoaderWorker.call(SystemApplicationClassLoaderWorker.java:71)
	at worker.org.gradle.process.internal.worker.GradleWorkerMain.run(GradleWorkerMain.java:69)
	at worker.org.gradle.process.internal.worker.GradleWorkerMain.main(GradleWorkerMain.java:74)
</failure>
  </testcase>
  <testcase name="addContentTypeInBundle[2: com.dotcms.enterprise.publishing.remote.bundler.ContentTypeBundlerTest$TestCase@4dbe32e]" classname="com.dotcms.enterprise.publishing.remote.bundler.ContentTypeBundlerTest" time="0.006">
    <failure message="org.junit.ComparisonFailure: Fail for ImmutableSimpleContentType:&#10;Asset -&gt; SimpleContentType{name=testName1688680242746, id=4976527a6c12cc263bd38149ba3d6be3, description=testDescription1688680242746, defaultType=false, fixed=false, iDate=Thu Jul 06 21:50:42 UTC 2023, system=false, versionable=true, multilingualable=false, variable=testVarname1688680242746, owner=system, modDate=Thu Jul 06 21:50:43 UTC 2023, host=af359e9e1f90aecac4bf362aa6da5519, siteName=test1688680241726.dotcms.com, icon=event_note, sortOrder=0, folder=SYSTEM_FOLDER, folderPath=/, requiredFields=[], markedForDeletion=false} &#10;difference -&gt; defaultType&quot;:false,&quot;description&quot;:&quot;testDescription1688680242746&quot;,&quot;detailPage&quot;:null,&quot;expireDateVar&quot;:null,&quot;fixed&quot;:false,&quot;folder&quot;:&quot;SYSTEM_FOLDER&quot;,&quot;folderPath&quot;:&quot;/&quot;,&quot;host&quot;:&quot;af359e9e1f90aecac4bf362aa6da5519&quot;,&quot;iDate&quot;:1688680242746,&quot;icon&quot;:&quot;event_note&quot;,&quot;id&quot;:&quot;4976527a6c12cc263bd38149ba3d6be3&quot;,&quot;modDate&quot;:1688680243000,&quot;multilingualable&quot;:false,&quot;name&quot;:&quot;testName1688680242746&quot;,&quot;testName1688680242745&quot;]}&#10;expected -&gt; {&quot;contentType&quot;:{&quot;clazz&quot;:&quot;com.dotcms.contenttype.model.type.ImmutableSimpleContentType&quot;,&quot;name&quot;:&quot;testName1688680242746&quot;,&quot;id&quot;:&quot;4976527a6c12cc263bd38149ba3d6be3&quot;,&quot;description&quot;:&quot;testDescription1688680242746&quot;,&quot;defaultType&quot;:false,&quot;detailPage&quot;:null,&quot;fixed&quot;:false,&quot;iDate&quot;:1688680242746,&quot;system&quot;:false,&quot;versionable&quot;:true,&quot;multilingualable&quot;:false,&quot;variable&quot;:&quot;testVarname1688680242746&quot;,&quot;urlMapPattern&quot;:null,&quot;publishDateVar&quot;:null,&quot;expireDateVar&quot;:null,&quot;systemActionMappings&quot;:[]}&#10;real -&gt; {&quot;contentType&quot;:{&quot;clazz&quot;:&quot;com.dotcms.contenttype.model.type.ImmutableSimpleContentType&quot;,&quot;defaultType&quot;:false,&quot;description&quot;:&quot;testDescription1688680242746&quot;,&quot;detailPage&quot;:null,&quot;expireDateVar&quot;:null,&quot;fixed&quot;:false,&quot;folder&quot;:&quot;SYSTEM_FOLDER&quot;,&quot;folderPath&quot;:&quot;/&quot;,&quot;host&quot;:&quot;af359e9e1f90aecac4bf362aa6da5519&quot;,&quot;iDate&quot;:1688680242746,&quot;icon&quot;:&quot;event_note&quot;,&quot;id&quot;:&quot;4976527a6c12cc263bd38149ba3d6be3&quot;,&quot;modDate&quot;:1688680243000,&quot;multilingualable&quot;:false,&quot;name&quot;:&quot;testName1688680242746&quot;,&quot;testName1688680242745&quot;]}&#10; expected:&lt;...SimpleContentType&quot;,&quot;[name&quot;:&quot;testName1688680242746&quot;,&quot;id&quot;:&quot;4976527a6c12cc263bd38149ba3d6be3&quot;,&quot;description&quot;:&quot;testDescription1688680242746&quot;,&quot;defaultType&quot;:false,&quot;detailPage&quot;:null,&quot;fixed&quot;:false,&quot;iDate&quot;:1688680242746,&quot;system&quot;:false,&quot;versionable&quot;:true,&quot;multilingualable&quot;:false,&quot;variable&quot;:&quot;testVarname1688680242746&quot;,&quot;urlMapPattern&quot;:null,&quot;publishDateVar&quot;:null,&quot;expireDateVar&quot;:null,&quot;systemActionMappings&quot;:[]]}&gt; but was:&lt;...SimpleContentType&quot;,&quot;[defaultType&quot;:false,&quot;description&quot;:&quot;testDescription1688680242746&quot;,&quot;detailPage&quot;:null,&quot;expireDateVar&quot;:null,&quot;fixed&quot;:false,&quot;folder&quot;:&quot;SYSTEM_FOLDER&quot;,&quot;folderPath&quot;:&quot;/&quot;,&quot;host&quot;:&quot;af359e9e1f90aecac4bf362aa6da5519&quot;,&quot;iDate&quot;:1688680242746,&quot;icon&quot;:&quot;event_note&quot;,&quot;id&quot;:&quot;4976527a6c12cc263bd38149ba3d6be3&quot;,&quot;modDate&quot;:1688680243000,&quot;multilingualable&quot;:false,&quot;name&quot;:&quot;testName1688680242746&quot;,&quot;testName1688680242745&quot;]]}&gt;" type="org.junit.ComparisonFailure">org.junit.ComparisonFailure: Fail for ImmutableSimpleContentType:
Asset -&gt; SimpleContentType{name=testName1688680242746, id=4976527a6c12cc263bd38149ba3d6be3, description=testDescription1688680242746, defaultType=false, fixed=false, iDate=Thu Jul 06 21:50:42 UTC 2023, system=false, versionable=true, multilingualable=false, variable=testVarname1688680242746, owner=system, modDate=Thu Jul 06 21:50:43 UTC 2023, host=af359e9e1f90aecac4bf362aa6da5519, siteName=test1688680241726.dotcms.com, icon=event_note, sortOrder=0, folder=SYSTEM_FOLDER, folderPath=/, requiredFields=[], markedForDeletion=false} 
difference -&gt; defaultType&quot;:false,&quot;description&quot;:&quot;testDescription1688680242746&quot;,&quot;detailPage&quot;:null,&quot;expireDateVar&quot;:null,&quot;fixed&quot;:false,&quot;folder&quot;:&quot;SYSTEM_FOLDER&quot;,&quot;folderPath&quot;:&quot;/&quot;,&quot;host&quot;:&quot;af359e9e1f90aecac4bf362aa6da5519&quot;,&quot;iDate&quot;:1688680242746,&quot;icon&quot;:&quot;event_note&quot;,&quot;id&quot;:&quot;4976527a6c12cc263bd38149ba3d6be3&quot;,&quot;modDate&quot;:1688680243000,&quot;multilingualable&quot;:false,&quot;name&quot;:&quot;testName1688680242746&quot;,&quot;testName1688680242745&quot;]}
expected -&gt; {&quot;contentType&quot;:{&quot;clazz&quot;:&quot;com.dotcms.contenttype.model.type.ImmutableSimpleContentType&quot;,&quot;name&quot;:&quot;testName1688680242746&quot;,&quot;id&quot;:&quot;4976527a6c12cc263bd38149ba3d6be3&quot;,&quot;description&quot;:&quot;testDescription1688680242746&quot;,&quot;defaultType&quot;:false,&quot;detailPage&quot;:null,&quot;fixed&quot;:false,&quot;iDate&quot;:1688680242746,&quot;system&quot;:false,&quot;versionable&quot;:true,&quot;multilingualable&quot;:false,&quot;variable&quot;:&quot;testVarname1688680242746&quot;,&quot;urlMapPattern&quot;:null,&quot;publishDateVar&quot;:null,&quot;expireDateVar&quot;:null,&quot;systemActionMappings&quot;:[]}
real -&gt; {&quot;contentType&quot;:{&quot;clazz&quot;:&quot;com.dotcms.contenttype.model.type.ImmutableSimpleContentType&quot;,&quot;defaultType&quot;:false,&quot;description&quot;:&quot;testDescription1688680242746&quot;,&quot;detailPage&quot;:null,&quot;expireDateVar&quot;:null,&quot;fixed&quot;:false,&quot;folder&quot;:&quot;SYSTEM_FOLDER&quot;,&quot;folderPath&quot;:&quot;/&quot;,&quot;host&quot;:&quot;af359e9e1f90aecac4bf362aa6da5519&quot;,&quot;iDate&quot;:1688680242746,&quot;icon&quot;:&quot;event_note&quot;,&quot;id&quot;:&quot;4976527a6c12cc263bd38149ba3d6be3&quot;,&quot;modDate&quot;:1688680243000,&quot;multilingualable&quot;:false,&quot;name&quot;:&quot;testName1688680242746&quot;,&quot;testName1688680242745&quot;]}
 expected:&lt;...SimpleContentType&quot;,&quot;[name&quot;:&quot;testName1688680242746&quot;,&quot;id&quot;:&quot;4976527a6c12cc263bd38149ba3d6be3&quot;,&quot;description&quot;:&quot;testDescription1688680242746&quot;,&quot;defaultType&quot;:false,&quot;detailPage&quot;:null,&quot;fixed&quot;:false,&quot;iDate&quot;:1688680242746,&quot;system&quot;:false,&quot;versionable&quot;:true,&quot;multilingualable&quot;:false,&quot;variable&quot;:&quot;testVarname1688680242746&quot;,&quot;urlMapPattern&quot;:null,&quot;publishDateVar&quot;:null,&quot;expireDateVar&quot;:null,&quot;systemActionMappings&quot;:[]]}&gt; but was:&lt;...SimpleContentType&quot;,&quot;[defaultType&quot;:false,&quot;description&quot;:&quot;testDescription1688680242746&quot;,&quot;detailPage&quot;:null,&quot;expireDateVar&quot;:null,&quot;fixed&quot;:false,&quot;folder&quot;:&quot;SYSTEM_FOLDER&quot;,&quot;folderPath&quot;:&quot;/&quot;,&quot;host&quot;:&quot;af359e9e1f90aecac4bf362aa6da5519&quot;,&quot;iDate&quot;:1688680242746,&quot;icon&quot;:&quot;event_note&quot;,&quot;id&quot;:&quot;4976527a6c12cc263bd38149ba3d6be3&quot;,&quot;modDate&quot;:1688680243000,&quot;multilingualable&quot;:false,&quot;name&quot;:&quot;testName1688680242746&quot;,&quot;testName1688680242745&quot;]]}&gt;
	at org.junit.Assert.assertEquals(Assert.java:117)
	at com.dotcms.test.util.FileTestUtil.assertBundleFile(FileTestUtil.java:265)
	at com.dotcms.test.util.FileTestUtil.assertBundleFile(FileTestUtil.java:196)
	at com.dotcms.enterprise.publishing.remote.bundler.ContentTypeBundlerTest.addContentTypeInBundle(ContentTypeBundlerTest.java:132)
	at java.base/jdk.internal.reflect.NativeMethodAccessorImpl.invoke0(Native Method)
	at java.base/jdk.internal.reflect.NativeMethodAccessorImpl.invoke(NativeMethodAccessorImpl.java:62)
	at java.base/jdk.internal.reflect.DelegatingMethodAccessorImpl.invoke(DelegatingMethodAccessorImpl.java:43)
	at java.base/java.lang.reflect.Method.invoke(Method.java:566)
	at org.junit.runners.model.FrameworkMethod$1.runReflectiveCall(FrameworkMethod.java:59)
	at org.junit.internal.runners.model.ReflectiveCallable.run(ReflectiveCallable.java:12)
	at org.junit.runners.model.FrameworkMethod.invokeExplosively(FrameworkMethod.java:56)
	at com.tngtech.java.junit.dataprovider.DataProviderFrameworkMethod.invokeExplosively(DataProviderFrameworkMethod.java:119)
	at org.junit.internal.runners.statements.InvokeMethod.evaluate(InvokeMethod.java:17)
	at org.junit.runners.ParentRunner$3.evaluate(ParentRunner.java:306)
	at org.junit.rules.TestWatcher$1.evaluate(TestWatcher.java:61)
	at org.junit.rules.RunRules.evaluate(RunRules.java:20)
	at org.junit.runners.ParentRunner.runLeaf(ParentRunner.java:366)
	at com.dotcms.junit.CustomDataProviderRunner.runChild(CustomDataProviderRunner.java:41)
	at com.dotcms.junit.CustomDataProviderRunner.runChild(CustomDataProviderRunner.java:26)
	at org.junit.runners.ParentRunner$4.run(ParentRunner.java:331)
	at org.junit.runners.ParentRunner$1.schedule(ParentRunner.java:79)
	at org.junit.runners.ParentRunner.runChildren(ParentRunner.java:329)
	at org.junit.runners.ParentRunner.access$100(ParentRunner.java:66)
	at org.junit.runners.ParentRunner$2.evaluate(ParentRunner.java:293)
	at org.junit.runners.ParentRunner$3.evaluate(ParentRunner.java:306)
	at org.junit.runners.ParentRunner.run(ParentRunner.java:413)
	at com.dotcms.junit.MainBaseSuite$DotRunner.run(MainBaseSuite.java:71)
	at org.junit.runners.Suite.runChild(Suite.java:128)
	at org.junit.runners.Suite.runChild(Suite.java:27)
	at org.junit.runners.ParentRunner$4.run(ParentRunner.java:331)
	at org.junit.runners.ParentRunner$1.schedule(ParentRunner.java:79)
	at org.junit.runners.ParentRunner.runChildren(ParentRunner.java:329)
	at org.junit.runners.ParentRunner.access$100(ParentRunner.java:66)
	at org.junit.runners.ParentRunner$2.evaluate(ParentRunner.java:293)
	at org.junit.runners.ParentRunner$3.evaluate(ParentRunner.java:306)
	at org.junit.runners.ParentRunner.run(ParentRunner.java:413)
	at org.gradle.api.internal.tasks.testing.junit.JUnitTestClassExecutor.runTestClass(JUnitTestClassExecutor.java:110)
	at org.gradle.api.internal.tasks.testing.junit.JUnitTestClassExecutor.execute(JUnitTestClassExecutor.java:58)
	at org.gradle.api.internal.tasks.testing.junit.JUnitTestClassExecutor.execute(JUnitTestClassExecutor.java:38)
	at org.gradle.api.internal.tasks.testing.junit.AbstractJUnitTestClassProcessor.processTestClass(AbstractJUnitTestClassProcessor.java:62)
	at org.gradle.api.internal.tasks.testing.SuiteTestClassProcessor.processTestClass(SuiteTestClassProcessor.java:51)
	at java.base/jdk.internal.reflect.NativeMethodAccessorImpl.invoke0(Native Method)
	at java.base/jdk.internal.reflect.NativeMethodAccessorImpl.invoke(NativeMethodAccessorImpl.java:62)
	at java.base/jdk.internal.reflect.DelegatingMethodAccessorImpl.invoke(DelegatingMethodAccessorImpl.java:43)
	at java.base/java.lang.reflect.Method.invoke(Method.java:566)
	at org.gradle.internal.dispatch.ReflectionDispatch.dispatch(ReflectionDispatch.java:36)
	at org.gradle.internal.dispatch.ReflectionDispatch.dispatch(ReflectionDispatch.java:24)
	at org.gradle.internal.dispatch.ContextClassLoaderDispatch.dispatch(ContextClassLoaderDispatch.java:33)
	at org.gradle.internal.dispatch.ProxyDispatchAdapter$DispatchingInvocationHandler.invoke(ProxyDispatchAdapter.java:94)
	at com.sun.proxy.$Proxy5.processTestClass(Unknown Source)
	at org.gradle.api.internal.tasks.testing.worker.TestWorker$2.run(TestWorker.java:176)
	at org.gradle.api.internal.tasks.testing.worker.TestWorker.executeAndMaintainThreadName(TestWorker.java:129)
	at org.gradle.api.internal.tasks.testing.worker.TestWorker.execute(TestWorker.java:100)
	at org.gradle.api.internal.tasks.testing.worker.TestWorker.execute(TestWorker.java:60)
	at org.gradle.process.internal.worker.child.ActionExecutionWorker.execute(ActionExecutionWorker.java:56)
	at org.gradle.process.internal.worker.child.SystemApplicationClassLoaderWorker.call(SystemApplicationClassLoaderWorker.java:133)
	at org.gradle.process.internal.worker.child.SystemApplicationClassLoaderWorker.call(SystemApplicationClassLoaderWorker.java:71)
	at worker.org.gradle.process.internal.worker.GradleWorkerMain.run(GradleWorkerMain.java:69)
	at worker.org.gradle.process.internal.worker.GradleWorkerMain.main(GradleWorkerMain.java:74)
</failure>
  </testcase>
  <testcase name="addContentTypeInBundle[3: com.dotcms.enterprise.publishing.remote.bundler.ContentTypeBundlerTest$TestCase@2f46ff6c]" classname="com.dotcms.enterprise.publishing.remote.bundler.ContentTypeBundlerTest" time="0.014">
    <failure message="org.junit.ComparisonFailure: Fail for ImmutableSimpleContentType:&#10;Asset -&gt; SimpleContentType{name=testName1688680242766, id=28d75d5cc091f9dcd95c7db0cda8d5e3, description=testDescription1688680242766, defaultType=false, fixed=false, iDate=Thu Jul 06 21:50:42 UTC 2023, system=false, versionable=true, multilingualable=false, variable=testVarname1688680242766, owner=system, modDate=Thu Jul 06 21:50:43 UTC 2023, host=af359e9e1f90aecac4bf362aa6da5519, siteName=test1688680241726.dotcms.com, icon=event_note, sortOrder=0, folder=SYSTEM_FOLDER, folderPath=/, requiredFields=[], markedForDeletion=false} &#10;difference -&gt; defaultType&quot;:false,&quot;description&quot;:&quot;testDescription1688680242766&quot;,&quot;detailPage&quot;:null,&quot;expireDateVar&quot;:null,&quot;fixed&quot;:false,&quot;folder&quot;:&quot;SYSTEM_FOLDER&quot;,&quot;folderPath&quot;:&quot;/&quot;,&quot;host&quot;:&quot;af359e9e1f90aecac4bf362aa6da5519&quot;,&quot;iDate&quot;:1688680242766,&quot;icon&quot;:&quot;event_note&quot;,&quot;id&quot;:&quot;28d75d5cc091f9dcd95c7db0cda8d5e3&quot;,&quot;modDate&quot;:1688680243000,&quot;multilingualable&quot;:false,&quot;name&quot;:&quot;testName1688680242766&quot;,&quot;workflowSchemaNames&quot;:[&quot;System Workflow&quot;]}&#10;expected -&gt; {&quot;contentType&quot;:{&quot;clazz&quot;:&quot;com.dotcms.contenttype.model.type.ImmutableSimpleContentType&quot;,&quot;name&quot;:&quot;testName1688680242766&quot;,&quot;id&quot;:&quot;28d75d5cc091f9dcd95c7db0cda8d5e3&quot;,&quot;description&quot;:&quot;testDescription1688680242766&quot;,&quot;defaultType&quot;:false,&quot;detailPage&quot;:null,&quot;fixed&quot;:false,&quot;iDate&quot;:1688680242766,&quot;system&quot;:false,&quot;versionable&quot;:true,&quot;multilingualable&quot;:false,&quot;variable&quot;:&quot;testVarname1688680242766&quot;,&quot;urlMapPattern&quot;:null,&quot;publishDateVar&quot;:null,&quot;expireDateVar&quot;:null,&quot;systemActionMappings&quot;:[]}&#10;real -&gt; {&quot;contentType&quot;:{&quot;clazz&quot;:&quot;com.dotcms.contenttype.model.type.ImmutableSimpleContentType&quot;,&quot;defaultType&quot;:false,&quot;description&quot;:&quot;testDescription1688680242766&quot;,&quot;detailPage&quot;:null,&quot;expireDateVar&quot;:null,&quot;fixed&quot;:false,&quot;folder&quot;:&quot;SYSTEM_FOLDER&quot;,&quot;folderPath&quot;:&quot;/&quot;,&quot;host&quot;:&quot;af359e9e1f90aecac4bf362aa6da5519&quot;,&quot;iDate&quot;:1688680242766,&quot;icon&quot;:&quot;event_note&quot;,&quot;id&quot;:&quot;28d75d5cc091f9dcd95c7db0cda8d5e3&quot;,&quot;modDate&quot;:1688680243000,&quot;multilingualable&quot;:false,&quot;name&quot;:&quot;testName1688680242766&quot;,&quot;workflowSchemaNames&quot;:[&quot;System Workflow&quot;]}&#10; expected:&lt;...SimpleContentType&quot;,&quot;[name&quot;:&quot;testName1688680242766&quot;,&quot;id&quot;:&quot;28d75d5cc091f9dcd95c7db0cda8d5e3&quot;,&quot;description&quot;:&quot;testDescription1688680242766&quot;,&quot;defaultType&quot;:false,&quot;detailPage&quot;:null,&quot;fixed&quot;:false,&quot;iDate&quot;:1688680242766,&quot;system&quot;:false,&quot;versionable&quot;:true,&quot;multilingualable&quot;:false,&quot;variable&quot;:&quot;testVarname1688680242766&quot;,&quot;urlMapPattern&quot;:null,&quot;publishDateVar&quot;:null,&quot;expireDateVar&quot;:null,&quot;systemActionMappings&quot;:[]]}&gt; but was:&lt;...SimpleContentType&quot;,&quot;[defaultType&quot;:false,&quot;description&quot;:&quot;testDescription1688680242766&quot;,&quot;detailPage&quot;:null,&quot;expireDateVar&quot;:null,&quot;fixed&quot;:false,&quot;folder&quot;:&quot;SYSTEM_FOLDER&quot;,&quot;folderPath&quot;:&quot;/&quot;,&quot;host&quot;:&quot;af359e9e1f90aecac4bf362aa6da5519&quot;,&quot;iDate&quot;:1688680242766,&quot;icon&quot;:&quot;event_note&quot;,&quot;id&quot;:&quot;28d75d5cc091f9dcd95c7db0cda8d5e3&quot;,&quot;modDate&quot;:1688680243000,&quot;multilingualable&quot;:false,&quot;name&quot;:&quot;testName1688680242766&quot;,&quot;workflowSchemaNames&quot;:[&quot;System Workflow&quot;]]}&gt;" type="org.junit.ComparisonFailure">org.junit.ComparisonFailure: Fail for ImmutableSimpleContentType:
Asset -&gt; SimpleContentType{name=testName1688680242766, id=28d75d5cc091f9dcd95c7db0cda8d5e3, description=testDescription1688680242766, defaultType=false, fixed=false, iDate=Thu Jul 06 21:50:42 UTC 2023, system=false, versionable=true, multilingualable=false, variable=testVarname1688680242766, owner=system, modDate=Thu Jul 06 21:50:43 UTC 2023, host=af359e9e1f90aecac4bf362aa6da5519, siteName=test1688680241726.dotcms.com, icon=event_note, sortOrder=0, folder=SYSTEM_FOLDER, folderPath=/, requiredFields=[], markedForDeletion=false} 
difference -&gt; defaultType&quot;:false,&quot;description&quot;:&quot;testDescription1688680242766&quot;,&quot;detailPage&quot;:null,&quot;expireDateVar&quot;:null,&quot;fixed&quot;:false,&quot;folder&quot;:&quot;SYSTEM_FOLDER&quot;,&quot;folderPath&quot;:&quot;/&quot;,&quot;host&quot;:&quot;af359e9e1f90aecac4bf362aa6da5519&quot;,&quot;iDate&quot;:1688680242766,&quot;icon&quot;:&quot;event_note&quot;,&quot;id&quot;:&quot;28d75d5cc091f9dcd95c7db0cda8d5e3&quot;,&quot;modDate&quot;:1688680243000,&quot;multilingualable&quot;:false,&quot;name&quot;:&quot;testName1688680242766&quot;,&quot;workflowSchemaNames&quot;:[&quot;System Workflow&quot;]}
expected -&gt; {&quot;contentType&quot;:{&quot;clazz&quot;:&quot;com.dotcms.contenttype.model.type.ImmutableSimpleContentType&quot;,&quot;name&quot;:&quot;testName1688680242766&quot;,&quot;id&quot;:&quot;28d75d5cc091f9dcd95c7db0cda8d5e3&quot;,&quot;description&quot;:&quot;testDescription1688680242766&quot;,&quot;defaultType&quot;:false,&quot;detailPage&quot;:null,&quot;fixed&quot;:false,&quot;iDate&quot;:1688680242766,&quot;system&quot;:false,&quot;versionable&quot;:true,&quot;multilingualable&quot;:false,&quot;variable&quot;:&quot;testVarname1688680242766&quot;,&quot;urlMapPattern&quot;:null,&quot;publishDateVar&quot;:null,&quot;expireDateVar&quot;:null,&quot;systemActionMappings&quot;:[]}
real -&gt; {&quot;contentType&quot;:{&quot;clazz&quot;:&quot;com.dotcms.contenttype.model.type.ImmutableSimpleContentType&quot;,&quot;defaultType&quot;:false,&quot;description&quot;:&quot;testDescription1688680242766&quot;,&quot;detailPage&quot;:null,&quot;expireDateVar&quot;:null,&quot;fixed&quot;:false,&quot;folder&quot;:&quot;SYSTEM_FOLDER&quot;,&quot;folderPath&quot;:&quot;/&quot;,&quot;host&quot;:&quot;af359e9e1f90aecac4bf362aa6da5519&quot;,&quot;iDate&quot;:1688680242766,&quot;icon&quot;:&quot;event_note&quot;,&quot;id&quot;:&quot;28d75d5cc091f9dcd95c7db0cda8d5e3&quot;,&quot;modDate&quot;:1688680243000,&quot;multilingualable&quot;:false,&quot;name&quot;:&quot;testName1688680242766&quot;,&quot;workflowSchemaNames&quot;:[&quot;System Workflow&quot;]}
 expected:&lt;...SimpleContentType&quot;,&quot;[name&quot;:&quot;testName1688680242766&quot;,&quot;id&quot;:&quot;28d75d5cc091f9dcd95c7db0cda8d5e3&quot;,&quot;description&quot;:&quot;testDescription1688680242766&quot;,&quot;defaultType&quot;:false,&quot;detailPage&quot;:null,&quot;fixed&quot;:false,&quot;iDate&quot;:1688680242766,&quot;system&quot;:false,&quot;versionable&quot;:true,&quot;multilingualable&quot;:false,&quot;variable&quot;:&quot;testVarname1688680242766&quot;,&quot;urlMapPattern&quot;:null,&quot;publishDateVar&quot;:null,&quot;expireDateVar&quot;:null,&quot;systemActionMappings&quot;:[]]}&gt; but was:&lt;...SimpleContentType&quot;,&quot;[defaultType&quot;:false,&quot;description&quot;:&quot;testDescription1688680242766&quot;,&quot;detailPage&quot;:null,&quot;expireDateVar&quot;:null,&quot;fixed&quot;:false,&quot;folder&quot;:&quot;SYSTEM_FOLDER&quot;,&quot;folderPath&quot;:&quot;/&quot;,&quot;host&quot;:&quot;af359e9e1f90aecac4bf362aa6da5519&quot;,&quot;iDate&quot;:1688680242766,&quot;icon&quot;:&quot;event_note&quot;,&quot;id&quot;:&quot;28d75d5cc091f9dcd95c7db0cda8d5e3&quot;,&quot;modDate&quot;:1688680243000,&quot;multilingualable&quot;:false,&quot;name&quot;:&quot;testName1688680242766&quot;,&quot;workflowSchemaNames&quot;:[&quot;System Workflow&quot;]]}&gt;
	at org.junit.Assert.assertEquals(Assert.java:117)
	at com.dotcms.test.util.FileTestUtil.assertBundleFile(FileTestUtil.java:265)
	at com.dotcms.test.util.FileTestUtil.assertBundleFile(FileTestUtil.java:196)
	at com.dotcms.enterprise.publishing.remote.bundler.ContentTypeBundlerTest.addContentTypeInBundle(ContentTypeBundlerTest.java:132)
	at java.base/jdk.internal.reflect.NativeMethodAccessorImpl.invoke0(Native Method)
	at java.base/jdk.internal.reflect.NativeMethodAccessorImpl.invoke(NativeMethodAccessorImpl.java:62)
	at java.base/jdk.internal.reflect.DelegatingMethodAccessorImpl.invoke(DelegatingMethodAccessorImpl.java:43)
	at java.base/java.lang.reflect.Method.invoke(Method.java:566)
	at org.junit.runners.model.FrameworkMethod$1.runReflectiveCall(FrameworkMethod.java:59)
	at org.junit.internal.runners.model.ReflectiveCallable.run(ReflectiveCallable.java:12)
	at org.junit.runners.model.FrameworkMethod.invokeExplosively(FrameworkMethod.java:56)
	at com.tngtech.java.junit.dataprovider.DataProviderFrameworkMethod.invokeExplosively(DataProviderFrameworkMethod.java:119)
	at org.junit.internal.runners.statements.InvokeMethod.evaluate(InvokeMethod.java:17)
	at org.junit.runners.ParentRunner$3.evaluate(ParentRunner.java:306)
	at org.junit.rules.TestWatcher$1.evaluate(TestWatcher.java:61)
	at org.junit.rules.RunRules.evaluate(RunRules.java:20)
	at org.junit.runners.ParentRunner.runLeaf(ParentRunner.java:366)
	at com.dotcms.junit.CustomDataProviderRunner.runChild(CustomDataProviderRunner.java:41)
	at com.dotcms.junit.CustomDataProviderRunner.runChild(CustomDataProviderRunner.java:26)
	at org.junit.runners.ParentRunner$4.run(ParentRunner.java:331)
	at org.junit.runners.ParentRunner$1.schedule(ParentRunner.java:79)
	at org.junit.runners.ParentRunner.runChildren(ParentRunner.java:329)
	at org.junit.runners.ParentRunner.access$100(ParentRunner.java:66)
	at org.junit.runners.ParentRunner$2.evaluate(ParentRunner.java:293)
	at org.junit.runners.ParentRunner$3.evaluate(ParentRunner.java:306)
	at org.junit.runners.ParentRunner.run(ParentRunner.java:413)
	at com.dotcms.junit.MainBaseSuite$DotRunner.run(MainBaseSuite.java:71)
	at org.junit.runners.Suite.runChild(Suite.java:128)
	at org.junit.runners.Suite.runChild(Suite.java:27)
	at org.junit.runners.ParentRunner$4.run(ParentRunner.java:331)
	at org.junit.runners.ParentRunner$1.schedule(ParentRunner.java:79)
	at org.junit.runners.ParentRunner.runChildren(ParentRunner.java:329)
	at org.junit.runners.ParentRunner.access$100(ParentRunner.java:66)
	at org.junit.runners.ParentRunner$2.evaluate(ParentRunner.java:293)
	at org.junit.runners.ParentRunner$3.evaluate(ParentRunner.java:306)
	at org.junit.runners.ParentRunner.run(ParentRunner.java:413)
	at org.gradle.api.internal.tasks.testing.junit.JUnitTestClassExecutor.runTestClass(JUnitTestClassExecutor.java:110)
	at org.gradle.api.internal.tasks.testing.junit.JUnitTestClassExecutor.execute(JUnitTestClassExecutor.java:58)
	at org.gradle.api.internal.tasks.testing.junit.JUnitTestClassExecutor.execute(JUnitTestClassExecutor.java:38)
	at org.gradle.api.internal.tasks.testing.junit.AbstractJUnitTestClassProcessor.processTestClass(AbstractJUnitTestClassProcessor.java:62)
	at org.gradle.api.internal.tasks.testing.SuiteTestClassProcessor.processTestClass(SuiteTestClassProcessor.java:51)
	at java.base/jdk.internal.reflect.NativeMethodAccessorImpl.invoke0(Native Method)
	at java.base/jdk.internal.reflect.NativeMethodAccessorImpl.invoke(NativeMethodAccessorImpl.java:62)
	at java.base/jdk.internal.reflect.DelegatingMethodAccessorImpl.invoke(DelegatingMethodAccessorImpl.java:43)
	at java.base/java.lang.reflect.Method.invoke(Method.java:566)
	at org.gradle.internal.dispatch.ReflectionDispatch.dispatch(ReflectionDispatch.java:36)
	at org.gradle.internal.dispatch.ReflectionDispatch.dispatch(ReflectionDispatch.java:24)
	at org.gradle.internal.dispatch.ContextClassLoaderDispatch.dispatch(ContextClassLoaderDispatch.java:33)
	at org.gradle.internal.dispatch.ProxyDispatchAdapter$DispatchingInvocationHandler.invoke(ProxyDispatchAdapter.java:94)
	at com.sun.proxy.$Proxy5.processTestClass(Unknown Source)
	at org.gradle.api.internal.tasks.testing.worker.TestWorker$2.run(TestWorker.java:176)
	at org.gradle.api.internal.tasks.testing.worker.TestWorker.executeAndMaintainThreadName(TestWorker.java:129)
	at org.gradle.api.internal.tasks.testing.worker.TestWorker.execute(TestWorker.java:100)
	at org.gradle.api.internal.tasks.testing.worker.TestWorker.execute(TestWorker.java:60)
	at org.gradle.process.internal.worker.child.ActionExecutionWorker.execute(ActionExecutionWorker.java:56)
	at org.gradle.process.internal.worker.child.SystemApplicationClassLoaderWorker.call(SystemApplicationClassLoaderWorker.java:133)
	at org.gradle.process.internal.worker.child.SystemApplicationClassLoaderWorker.call(SystemApplicationClassLoaderWorker.java:71)
	at worker.org.gradle.process.internal.worker.GradleWorkerMain.run(GradleWorkerMain.java:69)
	at worker.org.gradle.process.internal.worker.GradleWorkerMain.main(GradleWorkerMain.java:74)
</failure>
  </testcase>
  <testcase name="addContentTypeInBundle[4: com.dotcms.enterprise.publishing.remote.bundler.ContentTypeBundlerTest$TestCase@753505db]" classname="com.dotcms.enterprise.publishing.remote.bundler.ContentTypeBundlerTest" time="0.02">
    <failure message="org.junit.ComparisonFailure: Fail for ImmutableSimpleContentType:&#10;Asset -&gt; SimpleContentType{name=testName1688680243143, id=e1e9181c5543c8ecaf2f737a622db71b, description=testDescription1688680243143, defaultType=false, fixed=false, iDate=Thu Jul 06 21:50:43 UTC 2023, system=false, versionable=true, multilingualable=false, variable=testVarname1688680243143, owner=system, modDate=Thu Jul 06 21:50:43 UTC 2023, host=af359e9e1f90aecac4bf362aa6da5519, siteName=test1688680241726.dotcms.com, icon=event_note, sortOrder=0, folder=SYSTEM_FOLDER, folderPath=/, requiredFields=[], markedForDeletion=false} &#10;difference -&gt; defaultType&quot;:false,&quot;description&quot;:&quot;testDescription1688680243143&quot;,&quot;detailPage&quot;:null,&quot;expireDateVar&quot;:null,&quot;fixed&quot;:false,&quot;folder&quot;:&quot;SYSTEM_FOLDER&quot;,&quot;folderPath&quot;:&quot;/&quot;,&quot;host&quot;:&quot;af359e9e1f90aecac4bf362aa6da5519&quot;,&quot;iDate&quot;:1688680243143,&quot;icon&quot;:&quot;event_note&quot;,&quot;id&quot;:&quot;e1e9181c5543c8ecaf2f737a622db71b&quot;,&quot;modDate&quot;:1688680243000,&quot;multilingualable&quot;:false,&quot;name&quot;:&quot;testName1688680243143&quot;,&quot;testName1688680242745&quot;]}&#10;expected -&gt; {&quot;contentType&quot;:{&quot;clazz&quot;:&quot;com.dotcms.contenttype.model.type.ImmutableSimpleContentType&quot;,&quot;name&quot;:&quot;testName1688680243143&quot;,&quot;id&quot;:&quot;e1e9181c5543c8ecaf2f737a622db71b&quot;,&quot;description&quot;:&quot;testDescription1688680243143&quot;,&quot;defaultType&quot;:false,&quot;detailPage&quot;:null,&quot;fixed&quot;:false,&quot;iDate&quot;:1688680243143,&quot;system&quot;:false,&quot;versionable&quot;:true,&quot;multilingualable&quot;:false,&quot;variable&quot;:&quot;testVarname1688680243143&quot;,&quot;urlMapPattern&quot;:null,&quot;publishDateVar&quot;:null,&quot;expireDateVar&quot;:null,&quot;systemActionMappings&quot;:[]}&#10;real -&gt; {&quot;contentType&quot;:{&quot;clazz&quot;:&quot;com.dotcms.contenttype.model.type.ImmutableSimpleContentType&quot;,&quot;defaultType&quot;:false,&quot;description&quot;:&quot;testDescription1688680243143&quot;,&quot;detailPage&quot;:null,&quot;expireDateVar&quot;:null,&quot;fixed&quot;:false,&quot;folder&quot;:&quot;SYSTEM_FOLDER&quot;,&quot;folderPath&quot;:&quot;/&quot;,&quot;host&quot;:&quot;af359e9e1f90aecac4bf362aa6da5519&quot;,&quot;iDate&quot;:1688680243143,&quot;icon&quot;:&quot;event_note&quot;,&quot;id&quot;:&quot;e1e9181c5543c8ecaf2f737a622db71b&quot;,&quot;modDate&quot;:1688680243000,&quot;multilingualable&quot;:false,&quot;name&quot;:&quot;testName1688680243143&quot;,&quot;testName1688680242745&quot;]}&#10; expected:&lt;...SimpleContentType&quot;,&quot;[name&quot;:&quot;testName1688680243143&quot;,&quot;id&quot;:&quot;e1e9181c5543c8ecaf2f737a622db71b&quot;,&quot;description&quot;:&quot;testDescription1688680243143&quot;,&quot;defaultType&quot;:false,&quot;detailPage&quot;:null,&quot;fixed&quot;:false,&quot;iDate&quot;:1688680243143,&quot;system&quot;:false,&quot;versionable&quot;:true,&quot;multilingualable&quot;:false,&quot;variable&quot;:&quot;testVarname1688680243143&quot;,&quot;urlMapPattern&quot;:null,&quot;publishDateVar&quot;:null,&quot;expireDateVar&quot;:null,&quot;systemActionMappings&quot;:[]]}&gt; but was:&lt;...SimpleContentType&quot;,&quot;[defaultType&quot;:false,&quot;description&quot;:&quot;testDescription1688680243143&quot;,&quot;detailPage&quot;:null,&quot;expireDateVar&quot;:null,&quot;fixed&quot;:false,&quot;folder&quot;:&quot;SYSTEM_FOLDER&quot;,&quot;folderPath&quot;:&quot;/&quot;,&quot;host&quot;:&quot;af359e9e1f90aecac4bf362aa6da5519&quot;,&quot;iDate&quot;:1688680243143,&quot;icon&quot;:&quot;event_note&quot;,&quot;id&quot;:&quot;e1e9181c5543c8ecaf2f737a622db71b&quot;,&quot;modDate&quot;:1688680243000,&quot;multilingualable&quot;:false,&quot;name&quot;:&quot;testName1688680243143&quot;,&quot;testName1688680242745&quot;]]}&gt;" type="org.junit.ComparisonFailure">org.junit.ComparisonFailure: Fail for ImmutableSimpleContentType:
Asset -&gt; SimpleContentType{name=testName1688680243143, id=e1e9181c5543c8ecaf2f737a622db71b, description=testDescription1688680243143, defaultType=false, fixed=false, iDate=Thu Jul 06 21:50:43 UTC 2023, system=false, versionable=true, multilingualable=false, variable=testVarname1688680243143, owner=system, modDate=Thu Jul 06 21:50:43 UTC 2023, host=af359e9e1f90aecac4bf362aa6da5519, siteName=test1688680241726.dotcms.com, icon=event_note, sortOrder=0, folder=SYSTEM_FOLDER, folderPath=/, requiredFields=[], markedForDeletion=false} 
difference -&gt; defaultType&quot;:false,&quot;description&quot;:&quot;testDescription1688680243143&quot;,&quot;detailPage&quot;:null,&quot;expireDateVar&quot;:null,&quot;fixed&quot;:false,&quot;folder&quot;:&quot;SYSTEM_FOLDER&quot;,&quot;folderPath&quot;:&quot;/&quot;,&quot;host&quot;:&quot;af359e9e1f90aecac4bf362aa6da5519&quot;,&quot;iDate&quot;:1688680243143,&quot;icon&quot;:&quot;event_note&quot;,&quot;id&quot;:&quot;e1e9181c5543c8ecaf2f737a622db71b&quot;,&quot;modDate&quot;:1688680243000,&quot;multilingualable&quot;:false,&quot;name&quot;:&quot;testName1688680243143&quot;,&quot;testName1688680242745&quot;]}
expected -&gt; {&quot;contentType&quot;:{&quot;clazz&quot;:&quot;com.dotcms.contenttype.model.type.ImmutableSimpleContentType&quot;,&quot;name&quot;:&quot;testName1688680243143&quot;,&quot;id&quot;:&quot;e1e9181c5543c8ecaf2f737a622db71b&quot;,&quot;description&quot;:&quot;testDescription1688680243143&quot;,&quot;defaultType&quot;:false,&quot;detailPage&quot;:null,&quot;fixed&quot;:false,&quot;iDate&quot;:1688680243143,&quot;system&quot;:false,&quot;versionable&quot;:true,&quot;multilingualable&quot;:false,&quot;variable&quot;:&quot;testVarname1688680243143&quot;,&quot;urlMapPattern&quot;:null,&quot;publishDateVar&quot;:null,&quot;expireDateVar&quot;:null,&quot;systemActionMappings&quot;:[]}
real -&gt; {&quot;contentType&quot;:{&quot;clazz&quot;:&quot;com.dotcms.contenttype.model.type.ImmutableSimpleContentType&quot;,&quot;defaultType&quot;:false,&quot;description&quot;:&quot;testDescription1688680243143&quot;,&quot;detailPage&quot;:null,&quot;expireDateVar&quot;:null,&quot;fixed&quot;:false,&quot;folder&quot;:&quot;SYSTEM_FOLDER&quot;,&quot;folderPath&quot;:&quot;/&quot;,&quot;host&quot;:&quot;af359e9e1f90aecac4bf362aa6da5519&quot;,&quot;iDate&quot;:1688680243143,&quot;icon&quot;:&quot;event_note&quot;,&quot;id&quot;:&quot;e1e9181c5543c8ecaf2f737a622db71b&quot;,&quot;modDate&quot;:1688680243000,&quot;multilingualable&quot;:false,&quot;name&quot;:&quot;testName1688680243143&quot;,&quot;testName1688680242745&quot;]}
 expected:&lt;...SimpleContentType&quot;,&quot;[name&quot;:&quot;testName1688680243143&quot;,&quot;id&quot;:&quot;e1e9181c5543c8ecaf2f737a622db71b&quot;,&quot;description&quot;:&quot;testDescription1688680243143&quot;,&quot;defaultType&quot;:false,&quot;detailPage&quot;:null,&quot;fixed&quot;:false,&quot;iDate&quot;:1688680243143,&quot;system&quot;:false,&quot;versionable&quot;:true,&quot;multilingualable&quot;:false,&quot;variable&quot;:&quot;testVarname1688680243143&quot;,&quot;urlMapPattern&quot;:null,&quot;publishDateVar&quot;:null,&quot;expireDateVar&quot;:null,&quot;systemActionMappings&quot;:[]]}&gt; but was:&lt;...SimpleContentType&quot;,&quot;[defaultType&quot;:false,&quot;description&quot;:&quot;testDescription1688680243143&quot;,&quot;detailPage&quot;:null,&quot;expireDateVar&quot;:null,&quot;fixed&quot;:false,&quot;folder&quot;:&quot;SYSTEM_FOLDER&quot;,&quot;folderPath&quot;:&quot;/&quot;,&quot;host&quot;:&quot;af359e9e1f90aecac4bf362aa6da5519&quot;,&quot;iDate&quot;:1688680243143,&quot;icon&quot;:&quot;event_note&quot;,&quot;id&quot;:&quot;e1e9181c5543c8ecaf2f737a622db71b&quot;,&quot;modDate&quot;:1688680243000,&quot;multilingualable&quot;:false,&quot;name&quot;:&quot;testName1688680243143&quot;,&quot;testName1688680242745&quot;]]}&gt;
	at org.junit.Assert.assertEquals(Assert.java:117)
	at com.dotcms.test.util.FileTestUtil.assertBundleFile(FileTestUtil.java:265)
	at com.dotcms.test.util.FileTestUtil.assertBundleFile(FileTestUtil.java:196)
	at com.dotcms.enterprise.publishing.remote.bundler.ContentTypeBundlerTest.addContentTypeInBundle(ContentTypeBundlerTest.java:132)
	at java.base/jdk.internal.reflect.NativeMethodAccessorImpl.invoke0(Native Method)
	at java.base/jdk.internal.reflect.NativeMethodAccessorImpl.invoke(NativeMethodAccessorImpl.java:62)
	at java.base/jdk.internal.reflect.DelegatingMethodAccessorImpl.invoke(DelegatingMethodAccessorImpl.java:43)
	at java.base/java.lang.reflect.Method.invoke(Method.java:566)
	at org.junit.runners.model.FrameworkMethod$1.runReflectiveCall(FrameworkMethod.java:59)
	at org.junit.internal.runners.model.ReflectiveCallable.run(ReflectiveCallable.java:12)
	at org.junit.runners.model.FrameworkMethod.invokeExplosively(FrameworkMethod.java:56)
	at com.tngtech.java.junit.dataprovider.DataProviderFrameworkMethod.invokeExplosively(DataProviderFrameworkMethod.java:119)
	at org.junit.internal.runners.statements.InvokeMethod.evaluate(InvokeMethod.java:17)
	at org.junit.runners.ParentRunner$3.evaluate(ParentRunner.java:306)
	at org.junit.rules.TestWatcher$1.evaluate(TestWatcher.java:61)
	at org.junit.rules.RunRules.evaluate(RunRules.java:20)
	at org.junit.runners.ParentRunner.runLeaf(ParentRunner.java:366)
	at com.dotcms.junit.CustomDataProviderRunner.runChild(CustomDataProviderRunner.java:41)
	at com.dotcms.junit.CustomDataProviderRunner.runChild(CustomDataProviderRunner.java:26)
	at org.junit.runners.ParentRunner$4.run(ParentRunner.java:331)
	at org.junit.runners.ParentRunner$1.schedule(ParentRunner.java:79)
	at org.junit.runners.ParentRunner.runChildren(ParentRunner.java:329)
	at org.junit.runners.ParentRunner.access$100(ParentRunner.java:66)
	at org.junit.runners.ParentRunner$2.evaluate(ParentRunner.java:293)
	at org.junit.runners.ParentRunner$3.evaluate(ParentRunner.java:306)
	at org.junit.runners.ParentRunner.run(ParentRunner.java:413)
	at com.dotcms.junit.MainBaseSuite$DotRunner.run(MainBaseSuite.java:71)
	at org.junit.runners.Suite.runChild(Suite.java:128)
	at org.junit.runners.Suite.runChild(Suite.java:27)
	at org.junit.runners.ParentRunner$4.run(ParentRunner.java:331)
	at org.junit.runners.ParentRunner$1.schedule(ParentRunner.java:79)
	at org.junit.runners.ParentRunner.runChildren(ParentRunner.java:329)
	at org.junit.runners.ParentRunner.access$100(ParentRunner.java:66)
	at org.junit.runners.ParentRunner$2.evaluate(ParentRunner.java:293)
	at org.junit.runners.ParentRunner$3.evaluate(ParentRunner.java:306)
	at org.junit.runners.ParentRunner.run(ParentRunner.java:413)
	at org.gradle.api.internal.tasks.testing.junit.JUnitTestClassExecutor.runTestClass(JUnitTestClassExecutor.java:110)
	at org.gradle.api.internal.tasks.testing.junit.JUnitTestClassExecutor.execute(JUnitTestClassExecutor.java:58)
	at org.gradle.api.internal.tasks.testing.junit.JUnitTestClassExecutor.execute(JUnitTestClassExecutor.java:38)
	at org.gradle.api.internal.tasks.testing.junit.AbstractJUnitTestClassProcessor.processTestClass(AbstractJUnitTestClassProcessor.java:62)
	at org.gradle.api.internal.tasks.testing.SuiteTestClassProcessor.processTestClass(SuiteTestClassProcessor.java:51)
	at java.base/jdk.internal.reflect.NativeMethodAccessorImpl.invoke0(Native Method)
	at java.base/jdk.internal.reflect.NativeMethodAccessorImpl.invoke(NativeMethodAccessorImpl.java:62)
	at java.base/jdk.internal.reflect.DelegatingMethodAccessorImpl.invoke(DelegatingMethodAccessorImpl.java:43)
	at java.base/java.lang.reflect.Method.invoke(Method.java:566)
	at org.gradle.internal.dispatch.ReflectionDispatch.dispatch(ReflectionDispatch.java:36)
	at org.gradle.internal.dispatch.ReflectionDispatch.dispatch(ReflectionDispatch.java:24)
	at org.gradle.internal.dispatch.ContextClassLoaderDispatch.dispatch(ContextClassLoaderDispatch.java:33)
	at org.gradle.internal.dispatch.ProxyDispatchAdapter$DispatchingInvocationHandler.invoke(ProxyDispatchAdapter.java:94)
	at com.sun.proxy.$Proxy5.processTestClass(Unknown Source)
	at org.gradle.api.internal.tasks.testing.worker.TestWorker$2.run(TestWorker.java:176)
	at org.gradle.api.internal.tasks.testing.worker.TestWorker.executeAndMaintainThreadName(TestWorker.java:129)
	at org.gradle.api.internal.tasks.testing.worker.TestWorker.execute(TestWorker.java:100)
	at org.gradle.api.internal.tasks.testing.worker.TestWorker.execute(TestWorker.java:60)
	at org.gradle.process.internal.worker.child.ActionExecutionWorker.execute(ActionExecutionWorker.java:56)
	at org.gradle.process.internal.worker.child.SystemApplicationClassLoaderWorker.call(SystemApplicationClassLoaderWorker.java:133)
	at org.gradle.process.internal.worker.child.SystemApplicationClassLoaderWorker.call(SystemApplicationClassLoaderWorker.java:71)
	at worker.org.gradle.process.internal.worker.GradleWorkerMain.run(GradleWorkerMain.java:69)
	at worker.org.gradle.process.internal.worker.GradleWorkerMain.main(GradleWorkerMain.java:74)
</failure>
  </testcase>
  <system-out><![CDATA[]]></system-out>
  <system-err><![CDATA[]]></system-err>
</testsuite>
