<?xml version="1.0" encoding="UTF-8"?>
<testsuite name="com.dotcms.enterprise.publishing.bundler.URLMapBundlerTest" tests="2" skipped="0" failures="0" errors="0" timestamp="2023-06-26T15:33:04" hostname="fv-az413-549" time="8.117">
  <properties/>
  <testcase name="urlMapWithInclude" classname="com.dotcms.enterprise.publishing.bundler.URLMapBundlerTest" time="4.179"/>
  <testcase name="urlMapWithIncludeAndBlankSpace" classname="com.dotcms.enterprise.publishing.bundler.URLMapBundlerTest" time="3.936"/>
  <system-out><![CDATA[]]></system-out>
  <system-err><![CDATA[]]></system-err>
</testsuite>
