<?xml version="1.0" encoding="UTF-8"?>
<testsuite name="com.dotcms.rest.api.v1.vtl.VTLResourceIntegrationTest" tests="6" skipped="0" failures="0" errors="0" timestamp="2023-06-29T19:58:09" hostname="fv-az254-767" time="12.255">
  <properties/>
  <testcase name="testGet[0: com.dotcms.rest.api.v1.vtl.VTLResourceTestCase@39d2b088]" classname="com.dotcms.rest.api.v1.vtl.VTLResourceIntegrationTest" time="1.1"/>
  <testcase name="testGet[1: com.dotcms.rest.api.v1.vtl.VTLResourceTestCase@2be41efa]" classname="com.dotcms.rest.api.v1.vtl.VTLResourceIntegrationTest" time="1.885"/>
  <testcase name="testGet[2: com.dotcms.rest.api.v1.vtl.VTLResourceTestCase@7e83b913]" classname="com.dotcms.rest.api.v1.vtl.VTLResourceIntegrationTest" time="2.338"/>
  <testcase name="testGet[3: com.dotcms.rest.api.v1.vtl.VTLResourceTestCase@2e4990ff]" classname="com.dotcms.rest.api.v1.vtl.VTLResourceIntegrationTest" time="2.711"/>
  <testcase name="testGet[4: com.dotcms.rest.api.v1.vtl.VTLResourceTestCase@2b3234e]" classname="com.dotcms.rest.api.v1.vtl.VTLResourceIntegrationTest" time="2.094"/>
  <testcase name="testGet[5: com.dotcms.rest.api.v1.vtl.VTLResourceTestCase@92bfe2c]" classname="com.dotcms.rest.api.v1.vtl.VTLResourceIntegrationTest" time="2.126"/>
  <system-out><![CDATA[]]></system-out>
  <system-err><![CDATA[]]></system-err>
</testsuite>
