<?xml version="1.0" encoding="UTF-8"?>
<testsuite name="com.dotcms.enterprise.rules.RulesAPIImplIntegrationTest" tests="28" skipped="0" failures="0" errors="0" timestamp="2023-07-10T14:17:01" hostname="fv-az309-162" time="114.133">
  <properties/>
  <testcase name="shouldThrowDotSecurityException" classname="com.dotcms.enterprise.rules.RulesAPIImplIntegrationTest" time="1.713"/>
  <testcase name="shouldGetRulesFromPageId" classname="com.dotcms.enterprise.rules.RulesAPIImplIntegrationTest" time="6.078"/>
  <testcase name="shouldDeleteRulesInPage" classname="com.dotcms.enterprise.rules.RulesAPIImplIntegrationTest" time="6.895"/>
  <testcase name="shouldSaveNewRuleInPageShouldNotWork" classname="com.dotcms.enterprise.rules.RulesAPIImplIntegrationTest" time="5.226"/>
  <testcase name="shouldNotSaveNewRule" classname="com.dotcms.enterprise.rules.RulesAPIImplIntegrationTest" time="3.879"/>
  <testcase name="shouldSaveNewRule" classname="com.dotcms.enterprise.rules.RulesAPIImplIntegrationTest" time="5.255"/>
  <testcase name="shouldSaveConditionInRulesPage" classname="com.dotcms.enterprise.rules.RulesAPIImplIntegrationTest" time="7.015"/>
  <testcase name="shouldGetRulesWithAnonymous" classname="com.dotcms.enterprise.rules.RulesAPIImplIntegrationTest" time="5.13"/>
  <testcase name="shouldNotSaveRuleActionInRuleOnPage" classname="com.dotcms.enterprise.rules.RulesAPIImplIntegrationTest" time="6.069"/>
  <testcase name="shouldReturnEmptyList" classname="com.dotcms.enterprise.rules.RulesAPIImplIntegrationTest" time="3.89"/>
  <testcase name="shouldNotDeleteRules" classname="com.dotcms.enterprise.rules.RulesAPIImplIntegrationTest" time="1.23"/>
  <testcase name="shouldDeleteRules" classname="com.dotcms.enterprise.rules.RulesAPIImplIntegrationTest" time="5.897"/>
  <testcase name="shouldSaveRuleActionInPage" classname="com.dotcms.enterprise.rules.RulesAPIImplIntegrationTest" time="6.107"/>
  <testcase name="shouldNotDeleteRuleOnPage" classname="com.dotcms.enterprise.rules.RulesAPIImplIntegrationTest" time="5.178"/>
  <testcase name="shouldThrowDotSecurityExceptionFromHostid" classname="com.dotcms.enterprise.rules.RulesAPIImplIntegrationTest" time="1.923"/>
  <testcase name="shouldNotSaveCondition" classname="com.dotcms.enterprise.rules.RulesAPIImplIntegrationTest" time="1.269"/>
  <testcase name="shouldSaveCondition" classname="com.dotcms.enterprise.rules.RulesAPIImplIntegrationTest" time="5.967"/>
  <testcase name="shouldNotSaveRuleAction" classname="com.dotcms.enterprise.rules.RulesAPIImplIntegrationTest" time="1.872"/>
  <testcase name="shouldThrowDotSecurityExceptionFromPageid" classname="com.dotcms.enterprise.rules.RulesAPIImplIntegrationTest" time="1.377"/>
  <testcase name="shouldSaveRuleAction" classname="com.dotcms.enterprise.rules.RulesAPIImplIntegrationTest" time="5.826"/>
  <testcase name="shouldGetRulesInRootFolder" classname="com.dotcms.enterprise.rules.RulesAPIImplIntegrationTest" time="4.022"/>
  <testcase name="shouldSaveNewRuleInPage" classname="com.dotcms.enterprise.rules.RulesAPIImplIntegrationTest" time="6.957"/>
  <testcase name="shouldNotSaveConditionInRuleOnPage" classname="com.dotcms.enterprise.rules.RulesAPIImplIntegrationTest" time="5.203"/>
  <testcase name="testDeleteRuleShouldNotFailWhenCacheIsDirty" classname="com.dotcms.enterprise.rules.RulesAPIImplIntegrationTest" time="0.05"/>
  <testcase name="shouldGetRules" classname="com.dotcms.enterprise.rules.RulesAPIImplIntegrationTest" time="4.882"/>
  <testcase name="not_site_not_page_shouldReturnEmptyList" classname="com.dotcms.enterprise.rules.RulesAPIImplIntegrationTest" time="1.062"/>
  <testcase name="testDeleteRuleShouldPass" classname="com.dotcms.enterprise.rules.RulesAPIImplIntegrationTest" time="0.032"/>
  <testcase name="shouldGetRulesFromHostId" classname="com.dotcms.enterprise.rules.RulesAPIImplIntegrationTest" time="4.101"/>
  <system-out><![CDATA[]]></system-out>
  <system-err><![CDATA[]]></system-err>
</testsuite>
