<?xml version="1.0" encoding="UTF-8"?>
<testsuite name="com.dotcms.rest.api.v1.vtl.VTLResourceIntegrationTest" tests="6" skipped="0" failures="0" errors="0" timestamp="2023-07-10T20:50:44" hostname="fv-az950-407" time="12.1">
  <properties/>
  <testcase name="testGet[0: com.dotcms.rest.api.v1.vtl.VTLResourceTestCase@3cf3c56e]" classname="com.dotcms.rest.api.v1.vtl.VTLResourceIntegrationTest" time="2.157"/>
  <testcase name="testGet[1: com.dotcms.rest.api.v1.vtl.VTLResourceTestCase@59148f76]" classname="com.dotcms.rest.api.v1.vtl.VTLResourceIntegrationTest" time="1.906"/>
  <testcase name="testGet[2: com.dotcms.rest.api.v1.vtl.VTLResourceTestCase@4f47c504]" classname="com.dotcms.rest.api.v1.vtl.VTLResourceIntegrationTest" time="2.079"/>
  <testcase name="testGet[3: com.dotcms.rest.api.v1.vtl.VTLResourceTestCase@775188b7]" classname="com.dotcms.rest.api.v1.vtl.VTLResourceIntegrationTest" time="1.966"/>
  <testcase name="testGet[4: com.dotcms.rest.api.v1.vtl.VTLResourceTestCase@552bfb86]" classname="com.dotcms.rest.api.v1.vtl.VTLResourceIntegrationTest" time="2.013"/>
  <testcase name="testGet[5: com.dotcms.rest.api.v1.vtl.VTLResourceTestCase@2839a16a]" classname="com.dotcms.rest.api.v1.vtl.VTLResourceIntegrationTest" time="1.979"/>
  <system-out><![CDATA[]]></system-out>
  <system-err><![CDATA[]]></system-err>
</testsuite>
