<?xml version="1.0" encoding="UTF-8"?>
<testsuite name="com.dotmarketing.portlets.folders.business.FolderFactoryImplTest" tests="3" skipped="0" failures="0" errors="0" timestamp="2023-07-20T22:09:33" hostname="fv-az809-149" time="1.016">
  <properties/>
  <testcase name="testFindFolderByPathUsingRootFolder" classname="com.dotmarketing.portlets.folders.business.FolderFactoryImplTest" time="0.002"/>
  <testcase name="testFindFolderByPathUsingSystemFolderParentPath" classname="com.dotmarketing.portlets.folders.business.FolderFactoryImplTest" time="0.001"/>
  <testcase name="testFindFolderByPathUsingNonRootFolder" classname="com.dotmarketing.portlets.folders.business.FolderFactoryImplTest" time="1.013"/>
  <system-out><![CDATA[]]></system-out>
  <system-err><![CDATA[]]></system-err>
</testsuite>
