<?xml version="1.0" encoding="UTF-8"?>
<testsuite name="com.dotcms.content.elasticsearch.business.ESIndexAPITest" tests="10" skipped="0" failures="0" errors="0" timestamp="2023-06-27T18:18:41" hostname="fv-az162-375" time="28.294">
  <properties/>
  <testcase name="testGetClusterStatsWhenStatsTypeIsLongShouldPass" classname="com.dotcms.content.elasticsearch.business.ESIndexAPITest" time="0.073"/>
  <testcase name="test_allowed_cluster_names_in_indexes" classname="com.dotcms.content.elasticsearch.business.ESIndexAPITest" time="0.001"/>
  <testcase name="test_createIndex_newIndexShouldHaveProperReplicasSetting" classname="com.dotcms.content.elasticsearch.business.ESIndexAPITest" time="0.085"/>
  <testcase name="testGetIndicesStatsWhenStatsTypeIsIntegerShouldPass" classname="com.dotcms.content.elasticsearch.business.ESIndexAPITest" time="0.002"/>
  <testcase name="testGetClusterStatsWhenStatsTypeIsIntegerShouldPass" classname="com.dotcms.content.elasticsearch.business.ESIndexAPITest" time="0.001"/>
  <testcase name="testDeleteOldIndices[0: 2]" classname="com.dotcms.content.elasticsearch.business.ESIndexAPITest" time="7.263"/>
  <testcase name="testDeleteOldIndices[1: 0]" classname="com.dotcms.content.elasticsearch.business.ESIndexAPITest" time="7.037"/>
  <testcase name="testDeleteOldIndices[2: 5]" classname="com.dotcms.content.elasticsearch.business.ESIndexAPITest" time="6.926"/>
  <testcase name="testDeleteOldIndices[3: 50]" classname="com.dotcms.content.elasticsearch.business.ESIndexAPITest" time="6.904"/>
  <testcase name="testGetIndicesStatsWhenStatsTypeIsLongShouldPass" classname="com.dotcms.content.elasticsearch.business.ESIndexAPITest" time="0.002"/>
  <system-out><![CDATA[]]></system-out>
  <system-err><![CDATA[]]></system-err>
</testsuite>
