<?xml version="1.0" encoding="UTF-8"?>
<testsuite name="com.dotmarketing.osgi.GenericBundleActivatorTest" tests="6" skipped="1" failures="0" errors="0" timestamp="2023-06-29T18:36:33" hostname="fv-az166-287" time="0.302">
  <properties/>
  <testcase name="test_osgi_inits_properly" classname="com.dotmarketing.osgi.GenericBundleActivatorTest" time="0.001"/>
  <testcase name="test_dotsaml_inits_properly" classname="com.dotmarketing.osgi.GenericBundleActivatorTest" time="0.0">
    <skipped/>
  </testcase>
  <testcase name="test_class_overloading" classname="com.dotmarketing.osgi.GenericBundleActivatorTest" time="0.242"/>
  <testcase name="test_class_injection" classname="com.dotmarketing.osgi.GenericBundleActivatorTest" time="0.055"/>
  <testcase name="test_tika_inits_properly" classname="com.dotmarketing.osgi.GenericBundleActivatorTest" time="0.002"/>
  <testcase name="test_framework_inits_properly" classname="com.dotmarketing.osgi.GenericBundleActivatorTest" time="0.001"/>
  <system-out><![CDATA[]]></system-out>
  <system-err><![CDATA[]]></system-err>
</testsuite>
