<?xml version="1.0" encoding="UTF-8"?>
<testsuite name="com.dotcms.storage.Chainable4040StorageCacheTest" tests="1" skipped="0" failures="0" errors="0" timestamp="2023-07-19T19:02:01" hostname="fv-az842-421" time="0.004">
  <properties/>
  <testcase name="Test_Cache" classname="com.dotcms.storage.Chainable4040StorageCacheTest" time="0.004"/>
  <system-out><![CDATA[]]></system-out>
  <system-err><![CDATA[]]></system-err>
</testsuite>
