<?xml version="1.0" encoding="UTF-8"?>
<testsuite name="com.dotcms.rest.elasticsearch.ESContentResourcePortletTest" tests="8" skipped="0" failures="0" errors="0" timestamp="2023-06-26T16:50:56" hostname="fv-az1098-397" time="8.739">
  <properties/>
  <testcase name="test_search_includeGrandChildCategory_success" classname="com.dotcms.rest.elasticsearch.ESContentResourcePortletTest" time="1.392"/>
  <testcase name="testSearch[0: com.dotcms.rest.elasticsearch.ESContentResourcePortletTest$TestCase@31b325ee]" classname="com.dotcms.rest.elasticsearch.ESContentResourcePortletTest" time="0.923"/>
  <testcase name="testSearch[1: com.dotcms.rest.elasticsearch.ESContentResourcePortletTest$TestCase@275afc8]" classname="com.dotcms.rest.elasticsearch.ESContentResourcePortletTest" time="1.21"/>
  <testcase name="testSearch[2: com.dotcms.rest.elasticsearch.ESContentResourcePortletTest$TestCase@de30e9d]" classname="com.dotcms.rest.elasticsearch.ESContentResourcePortletTest" time="0.94"/>
  <testcase name="testSearch[3: com.dotcms.rest.elasticsearch.ESContentResourcePortletTest$TestCase@3e800ff2]" classname="com.dotcms.rest.elasticsearch.ESContentResourcePortletTest" time="1.208"/>
  <testcase name="testSearch[4: com.dotcms.rest.elasticsearch.ESContentResourcePortletTest$TestCase@1634c199]" classname="com.dotcms.rest.elasticsearch.ESContentResourcePortletTest" time="1.213"/>
  <testcase name="testSearch[5: com.dotcms.rest.elasticsearch.ESContentResourcePortletTest$TestCase@39902778]" classname="com.dotcms.rest.elasticsearch.ESContentResourcePortletTest" time="0.908"/>
  <testcase name="testSearch[6: com.dotcms.rest.elasticsearch.ESContentResourcePortletTest$TestCase@2c924131]" classname="com.dotcms.rest.elasticsearch.ESContentResourcePortletTest" time="0.944"/>
  <system-out><![CDATA[]]></system-out>
  <system-err><![CDATA[]]></system-err>
</testsuite>
