<?xml version="1.0" encoding="UTF-8"?>
<testsuite name="com.dotmarketing.portlets.structure.model.ContentletRelationshipsTest" tests="7" skipped="0" failures="0" errors="0" timestamp="2023-07-07T22:09:35" hostname="fv-az563-341" time="8.662">
  <properties/>
  <testcase name="testDoesAllowOnlyOne[0: com.dotmarketing.portlets.structure.model.ContentletRelationshipsTest$CardinalityTestCase@6d3a0d85]" classname="com.dotmarketing.portlets.structure.model.ContentletRelationshipsTest" time="0.543"/>
  <testcase name="testDoesAllowOnlyOne[1: com.dotmarketing.portlets.structure.model.ContentletRelationshipsTest$CardinalityTestCase@1f560e54]" classname="com.dotmarketing.portlets.structure.model.ContentletRelationshipsTest" time="0.498"/>
  <testcase name="testDoesAllowOnlyOne[2: com.dotmarketing.portlets.structure.model.ContentletRelationshipsTest$CardinalityTestCase@54212c1d]" classname="com.dotmarketing.portlets.structure.model.ContentletRelationshipsTest" time="0.588"/>
  <testcase name="testGetRelationshipRecords[0: com.dotmarketing.portlets.structure.model.ContentletRelationshipsTest$TestCase@1d2f1bdd]" classname="com.dotmarketing.portlets.structure.model.ContentletRelationshipsTest" time="2.133"/>
  <testcase name="testGetRelationshipRecords[1: com.dotmarketing.portlets.structure.model.ContentletRelationshipsTest$TestCase@20c46bd8]" classname="com.dotmarketing.portlets.structure.model.ContentletRelationshipsTest" time="2.066"/>
  <testcase name="testGetRelationshipRecords[2: com.dotmarketing.portlets.structure.model.ContentletRelationshipsTest$TestCase@f4ff53a]" classname="com.dotmarketing.portlets.structure.model.ContentletRelationshipsTest" time="1.944"/>
  <testcase name="testGetRelationshipRecords[3: com.dotmarketing.portlets.structure.model.ContentletRelationshipsTest$TestCase@5253710a]" classname="com.dotmarketing.portlets.structure.model.ContentletRelationshipsTest" time="0.89"/>
  <system-out><![CDATA[]]></system-out>
  <system-err><![CDATA[]]></system-err>
</testsuite>
