<?xml version="1.0" encoding="UTF-8"?>
<testsuite name="com.dotcms.rest.api.v1.authentication.ResetPasswordTokenUtilTest" tests="8" skipped="0" failures="0" errors="0" timestamp="2023-07-14T01:50:01" hostname="fv-az812-504" time="19.37">
  <properties/>
  <testcase name="test_checkToken_tokenExpired_19_minutes_throwDotInvalidTokenException" classname="com.dotcms.rest.api.v1.authentication.ResetPasswordTokenUtilTest" time="2.769"/>
  <testcase name="test_checkToken_tokenExpired_21_minutes_throwDotInvalidTokenException" classname="com.dotcms.rest.api.v1.authentication.ResetPasswordTokenUtilTest" time="2.762"/>
  <testcase name="test_checkToken_success" classname="com.dotcms.rest.api.v1.authentication.ResetPasswordTokenUtilTest" time="2.772"/>
  <testcase name="test_checkToken_tokenExpired_throwDotInvalidTokenException" classname="com.dotcms.rest.api.v1.authentication.ResetPasswordTokenUtilTest" time="2.768"/>
  <testcase name="test_createToken_success" classname="com.dotcms.rest.api.v1.authentication.ResetPasswordTokenUtilTest" time="0.001"/>
  <testcase name="test_checkToken_userIcqIdNotEqualsToken_throwDotInvalidTokenException" classname="com.dotcms.rest.api.v1.authentication.ResetPasswordTokenUtilTest" time="2.765"/>
  <testcase name="test_checkToken_userIcqIdNotSet_throwDotInvalidTokenException" classname="com.dotcms.rest.api.v1.authentication.ResetPasswordTokenUtilTest" time="2.769"/>
  <testcase name="test_checkToken_userIcqIdNotMatchingRegex_throwDotInvalidTokenException" classname="com.dotcms.rest.api.v1.authentication.ResetPasswordTokenUtilTest" time="2.763"/>
  <system-out><![CDATA[]]></system-out>
  <system-err><![CDATA[]]></system-err>
</testsuite>
