<?xml version="1.0" encoding="UTF-8"?>
<testsuite name="com.dotcms.rest.api.v3.contenttype.MoveFieldFormTest" tests="1" skipped="0" failures="0" errors="0" timestamp="2023-06-23T20:38:01" hostname="fv-az583-526" time="0.006">
  <properties/>
  <testcase name="testGetRows_givenFieldsinJSON_ShouldDeserializeRespectingOrderAndDatatypes" classname="com.dotcms.rest.api.v3.contenttype.MoveFieldFormTest" time="0.006"/>
  <system-out><![CDATA[]]></system-out>
  <system-err><![CDATA[]]></system-err>
</testsuite>
