<?xml version="1.0" encoding="UTF-8"?>
<testsuite name="com.dotmarketing.business.DeterministicIdentifierAPITest" tests="16" skipped="0" failures="0" errors="0" timestamp="2023-07-07T22:38:28" hostname="fv-az563-341" time="1.038">
  <properties/>
  <testcase name="Test_Category_Path_Seed_And_Id" classname="com.dotmarketing.business.DeterministicIdentifierAPITest" time="0.026"/>
  <testcase name="Test_Language_Deterministic_Id[0: LanguageTestCase{expectedSeed='Language:es:US', expectedHash=4913155, langCode='es', countryCode='US', country='United States'}]" classname="com.dotmarketing.business.DeterministicIdentifierAPITest" time="0.002"/>
  <testcase name="Test_Language_Deterministic_Id[1: LanguageTestCase{expectedSeed='Language:ep:', expectedHash=5292269, langCode='ep', countryCode='', country=''}]" classname="com.dotmarketing.business.DeterministicIdentifierAPITest" time="0.001"/>
  <testcase name="Test_Language_Deterministic_Id[2: LanguageTestCase{expectedSeed='Language:sg:SAG', expectedHash=4713118, langCode='sg', countryCode='SAG', country=''}]" classname="com.dotmarketing.business.DeterministicIdentifierAPITest" time="0.001"/>
  <testcase name="Test_Language_Deterministic_Id[3: LanguageTestCase{expectedSeed='Language:en:NZ', expectedHash=5382528, langCode='en', countryCode='NZ', country='New Zealand'}]" classname="com.dotmarketing.business.DeterministicIdentifierAPITest" time="0.001"/>
  <testcase name="Test_Category_None_Persisted_Category_Should_Return_Deterministic_Id" classname="com.dotmarketing.business.DeterministicIdentifierAPITest" time="0.001"/>
  <testcase name="Test_Asset_Generate_Deterministic_Id_Best_Effort[0: TestCase{versionable=my.host1688769081629.com, parent=System Host, expectedName='my.host1688769081629.com', expectedType='Host'}]" classname="com.dotmarketing.business.DeterministicIdentifierAPITest" time="0.004"/>
  <testcase name="Test_Asset_Generate_Deterministic_Id_Best_Effort[1: TestCase{versionable=com.dotmarketing.portlets.contentlet.model.Contentlet@13685875[map={modDate=2023-07-07 22:31:22.085, fileName=file2016000322629264546.txt, title=file2016000322629264546.txt, inode=ac09f939-4778-4f38-8da5-fca8f6df2d63, __IS_NEW_CONTENT__=true, disabledWYSIWYG=[], host=dda33996-c86c-4a14-a44f-d072c8422c5f, stInode=33888b6f-7a8e-4069-b1b6-5c1aa9d0a48d, owner=system, identifier=c83aa8cc-820b-4e56-badc-d85e9ee237e4, nullProperties=[wfExpireDate, wfPublishDate, wfActionAssign, wfActionId, wfActionComments, filterKey, whereToSend, wfNeverExpire, _path_to_move, timezoneId, iWantTo, wfPublishTime, wfExpireTime], languageId=1, fileAsset=/home/runner/work/core/custom/assets/a/c/ac09f939-4778-4f38-8da5-fca8f6df2d63/fileAsset/file2016000322629264546.txt, folder=cd5b0bb7-dc1f-47eb-a2df-bc939503adf5, __disable_workflow__=true, sortOrder=0, modUser=system},lowIndexPriority=false,variantId=DEFAULT], parent=com.dotmarketing.portlets.folders.model.Folder@95159b9[identifier=cd5b0bb7-dc1f-47eb-a2df-bc939503adf5,name=testName1688769082076,sortOrder=0,showOnMenu=false,hostId=dda33996-c86c-4a14-a44f-d072c8422c5f,type=folder,title=testTitle1688769082076,filesMasks=,defaultFileType=33888b6f-7a8e-4069-b1b6-5c1aa9d0a48d,modDate=2023-07-07 22:31:22.08,owner=&lt;null&gt;,iDate=2023-07-07 22:31:22.08,inode=cd5b0bb7-dc1f-47eb-a2df-bc939503adf5,path=/testName1688769082076/], expectedName='file2016000322629264546.txt', expectedType='FileAsset'}]" classname="com.dotmarketing.business.DeterministicIdentifierAPITest" time="0.004"/>
  <testcase name="Test_Asset_Generate_Deterministic_Id_Best_Effort[2: TestCase{versionable=com.dotmarketing.portlets.templates.model.Template@8864749a, parent=my.host1688769081629.com, expectedName='testTitle1688769082200', expectedType='Template'}]" classname="com.dotmarketing.business.DeterministicIdentifierAPITest" time="0.003"/>
  <testcase name="Test_Asset_Generate_Deterministic_Id_Best_Effort[3: TestCase{versionable=com.dotmarketing.portlets.htmlpageasset.model.HTMLPageAsset@704729e5[map={template=ac9e08cd-c787-4447-8c43-436d9255574e, owner=system, identifier=ef1815de-6c56-4829-8aa8-1ac5e557c0d2, nullProperties=[wfExpireDate, wfPublishDate, wfActionAssign, wfActionId, wfActionComments, filterKey, whereToSend, wfNeverExpire, _path_to_move, timezoneId, iWantTo, wfPublishTime, wfExpireTime], modDate=2023-07-07 22:31:22.223, cachettl=0, _is_test_mode=true, languageId=1, title=test-page-title-1688769082216, httpsreq=, url=test-page-url-1688769082216, showOnMenu=, inode=8f700fad-e141-488f-96b2-a0fb48b22938, folder=cd5b0bb7-dc1f-47eb-a2df-bc939503adf5, disabledWYSIWYG=[], sortOrder=1, modUser=system, host=dda33996-c86c-4a14-a44f-d072c8422c5f, stInode=c541abb1-69b3-4bc5-8430-5e09e5239cc8, friendlyName=test-page-friendly-name-1688769082216},lowIndexPriority=false,variantId=DEFAULT], parent=com.dotmarketing.portlets.folders.model.Folder@95159b9[identifier=cd5b0bb7-dc1f-47eb-a2df-bc939503adf5,name=testName1688769082076,sortOrder=0,showOnMenu=false,hostId=dda33996-c86c-4a14-a44f-d072c8422c5f,type=folder,title=testTitle1688769082076,filesMasks=,defaultFileType=33888b6f-7a8e-4069-b1b6-5c1aa9d0a48d,modDate=2023-07-07 22:31:22.08,owner=&lt;null&gt;,iDate=2023-07-07 22:31:22.08,inode=cd5b0bb7-dc1f-47eb-a2df-bc939503adf5,path=/testName1688769082076/], expectedName='test-page-url-1688769082216', expectedType='htmlpageasset'}]" classname="com.dotmarketing.business.DeterministicIdentifierAPITest" time="0.003"/>
  <testcase name="Test_Asset_Generate_Deterministic_Id_Best_Effort[4: TestCase{versionable=com.dotmarketing.portlets.contentlet.model.Contentlet@3fd4c499[map={fileAsset2=/home/runner/work/core/custom/assets/2/1/218f4dd3-16cc-447a-b620-6c9b08dc0c53/fileAsset2/test_binary1688769084111.png, modDate=2023-07-07 22:31:24.125, fileAsset1=/home/runner/work/core/custom/assets/2/1/218f4dd3-16cc-447a-b620-6c9b08dc0c53/fileAsset1/test_binary1688769084111.jpg, title=blah, inode=218f4dd3-16cc-447a-b620-6c9b08dc0c53, __IS_NEW_CONTENT__=true, disabledWYSIWYG=[], host=48190c8c-42c4-46af-8d1a-0cd5db894797, stInode=ef274574-eaab-42a6-9c21-3e87f6ab6dcf, owner=system, identifier=6e9cf786-3869-4364-ad89-a4aacc42203e, nullProperties=[], languageId=1, image1=201d955b-c6b1-49ec-ab8a-a6cf267f5b3c, folder=SYSTEM_FOLDER, __disable_workflow__=true, sortOrder=0, modUser=system},lowIndexPriority=false,variantId=DEFAULT], parent=demo.dotcms.com, expectedName='test_binary1688769084111.jpg:test_binary1688769084111.png', expectedType='MultipleBinaries1688769082424'}]" classname="com.dotmarketing.business.DeterministicIdentifierAPITest" time="0.004"/>
  <testcase name="Test_Asset_Generate_Deterministic_Id_Best_Effort[5: TestCase{versionable=namefaeb51fc32 : keyTagfaeb51fc32, parent=my.host1688769081629.com, expectedName='keyTagfaeb51fc32', expectedType='persona'}]" classname="com.dotmarketing.business.DeterministicIdentifierAPITest" time="0.004"/>
  <testcase name="Test_Similar_Content_Type_Wont_Clash" classname="com.dotmarketing.business.DeterministicIdentifierAPITest" time="0.55"/>
  <testcase name="Test_Generate_Folder_Identifier" classname="com.dotmarketing.business.DeterministicIdentifierAPITest" time="0.415"/>
  <testcase name="Test_Generate_Content_Type_Identifier[0: ContentTypeTestCase{contentType=KeyValueContentType{name=Language Variable, id=f4d7c1b8-2c88-4071-abf1-a5328977b07d, description=Default Content Type for Language Variables, defaultType=false, fixed=true, iDate=Thu Aug 31 16:38:49 UTC 2017, system=true, versionable=true, variable=Languagevariable, modDate=Fri Jul 07 21:20:29 UTC 2023, host=SYSTEM_HOST, siteName=systemHost, icon=language, sortOrder=0, folder=SYSTEM_FOLDER, folderPath=/, markedForDeletion=true, multilingualable=false}, expectedName='Languagevariable', expectedType='KeyValue'}]" classname="com.dotmarketing.business.DeterministicIdentifierAPITest" time="0.007"/>
  <testcase name="Test_Generate_Content_Type_Identifier[1: ContentTypeTestCase{contentType=SimpleContentType{name=testName1688769084672, id=986947a5-5bfb-4ee0-a93c-94acf38a7460, description=testDescription1688769084672, defaultType=false, fixed=false, iDate=Fri Jul 07 22:31:24 UTC 2023, system=false, versionable=true, multilingualable=false, variable=testVarname1688769084672, owner=system, modDate=Fri Jul 07 22:31:26 UTC 2023, host=48190c8c-42c4-46af-8d1a-0cd5db894797, siteName=demo.dotcms.com, icon=event_note, sortOrder=0, folder=SYSTEM_FOLDER, folderPath=/, requiredFields=[], markedForDeletion=false}, expectedName='testVarname1688769084672', expectedType='CONTENT'}]" classname="com.dotmarketing.business.DeterministicIdentifierAPITest" time="0.007"/>
  <system-out><![CDATA[]]></system-out>
  <system-err><![CDATA[]]></system-err>
</testsuite>
