<?xml version="1.0" encoding="UTF-8"?>
<testsuite name="com.dotcms.http.CircuitBreakerUrlTest" tests="10" skipped="0" failures="0" errors="0" timestamp="2023-06-27T15:17:42" hostname="fv-az343-524" time="8.451">
  <properties/>
  <testcase name="testBadBreaker" classname="com.dotcms.http.CircuitBreakerUrlTest" time="0.019"/>
  <testcase name="test_breaker_url_using_private_ip_throws_an_exception" classname="com.dotcms.http.CircuitBreakerUrlTest" time="0.002"/>
  <testcase name="testGet" classname="com.dotcms.http.CircuitBreakerUrlTest" time="0.449"/>
  <testcase name="testBadRequest" classname="com.dotcms.http.CircuitBreakerUrlTest" time="0.125"/>
  <testcase name="testToString" classname="com.dotcms.http.CircuitBreakerUrlTest" time="0.369"/>
  <testcase name="disallowRedirects" classname="com.dotcms.http.CircuitBreakerUrlTest" time="0.01"/>
  <testcase name="testGoodBreaker" classname="com.dotcms.http.CircuitBreakerUrlTest" time="0.274"/>
  <testcase name="testRecovery" classname="com.dotcms.http.CircuitBreakerUrlTest" time="6.195"/>
  <testcase name="test_circuitBreakerConnectionControl" classname="com.dotcms.http.CircuitBreakerUrlTest" time="1.003"/>
  <testcase name="testBreakerPool" classname="com.dotcms.http.CircuitBreakerUrlTest" time="0.001"/>
  <system-out><![CDATA[]]></system-out>
  <system-err><![CDATA[]]></system-err>
</testsuite>
