<?xml version="1.0" encoding="UTF-8"?>
<testsuite name="com.dotmarketing.portlets.structure.model.ContentletRelationshipsTest" tests="7" skipped="0" failures="0" errors="0" timestamp="2023-06-30T16:28:09" hostname="fv-az173-860" time="8.032">
  <properties/>
  <testcase name="testDoesAllowOnlyOne[0: com.dotmarketing.portlets.structure.model.ContentletRelationshipsTest$CardinalityTestCase@1d14805]" classname="com.dotmarketing.portlets.structure.model.ContentletRelationshipsTest" time="0.454"/>
  <testcase name="testDoesAllowOnlyOne[1: com.dotmarketing.portlets.structure.model.ContentletRelationshipsTest$CardinalityTestCase@42b5ffe0]" classname="com.dotmarketing.portlets.structure.model.ContentletRelationshipsTest" time="0.488"/>
  <testcase name="testDoesAllowOnlyOne[2: com.dotmarketing.portlets.structure.model.ContentletRelationshipsTest$CardinalityTestCase@325bb92]" classname="com.dotmarketing.portlets.structure.model.ContentletRelationshipsTest" time="0.445"/>
  <testcase name="testGetRelationshipRecords[0: com.dotmarketing.portlets.structure.model.ContentletRelationshipsTest$TestCase@7e89294a]" classname="com.dotmarketing.portlets.structure.model.ContentletRelationshipsTest" time="2.077"/>
  <testcase name="testGetRelationshipRecords[1: com.dotmarketing.portlets.structure.model.ContentletRelationshipsTest$TestCase@7513c7fe]" classname="com.dotmarketing.portlets.structure.model.ContentletRelationshipsTest" time="1.927"/>
  <testcase name="testGetRelationshipRecords[2: com.dotmarketing.portlets.structure.model.ContentletRelationshipsTest$TestCase@18b46c43]" classname="com.dotmarketing.portlets.structure.model.ContentletRelationshipsTest" time="1.852"/>
  <testcase name="testGetRelationshipRecords[3: com.dotmarketing.portlets.structure.model.ContentletRelationshipsTest$TestCase@36e3bdec]" classname="com.dotmarketing.portlets.structure.model.ContentletRelationshipsTest" time="0.777"/>
  <system-out><![CDATA[]]></system-out>
  <system-err><![CDATA[]]></system-err>
</testsuite>
