<?xml version="1.0" encoding="UTF-8"?>
<testsuite name="com.dotcms.http.CircuitBreakerUrlTest" tests="10" skipped="0" failures="0" errors="0" timestamp="2023-07-03T16:50:47" hostname="fv-az444-624" time="9.141">
  <properties/>
  <testcase name="testBadBreaker" classname="com.dotcms.http.CircuitBreakerUrlTest" time="0.015"/>
  <testcase name="test_breaker_url_using_private_ip_throws_an_exception" classname="com.dotcms.http.CircuitBreakerUrlTest" time="0.001"/>
  <testcase name="testGet" classname="com.dotcms.http.CircuitBreakerUrlTest" time="0.709"/>
  <testcase name="testBadRequest" classname="com.dotcms.http.CircuitBreakerUrlTest" time="0.08"/>
  <testcase name="testToString" classname="com.dotcms.http.CircuitBreakerUrlTest" time="0.514"/>
  <testcase name="disallowRedirects" classname="com.dotcms.http.CircuitBreakerUrlTest" time="0.027"/>
  <testcase name="testGoodBreaker" classname="com.dotcms.http.CircuitBreakerUrlTest" time="0.438"/>
  <testcase name="testRecovery" classname="com.dotcms.http.CircuitBreakerUrlTest" time="6.351"/>
  <testcase name="test_circuitBreakerConnectionControl" classname="com.dotcms.http.CircuitBreakerUrlTest" time="1.003"/>
  <testcase name="testBreakerPool" classname="com.dotcms.http.CircuitBreakerUrlTest" time="0.001"/>
  <system-out><![CDATA[]]></system-out>
  <system-err><![CDATA[]]></system-err>
</testsuite>
