<?xml version="1.0" encoding="UTF-8"?>
<testsuite name="com.dotcms.enterprise.publishing.remote.bundler.WorkflowBundlerTest" tests="1" skipped="0" failures="0" errors="0" timestamp="2023-07-10T21:44:55" hostname="fv-az950-407" time="0.016">
  <properties/>
  <testcase name="addWorkflowInBundle[0: com.dotcms.enterprise.publishing.remote.bundler.WorkflowBundlerTest$TestCase@37c41128]" classname="com.dotcms.enterprise.publishing.remote.bundler.WorkflowBundlerTest" time="0.016"/>
  <system-out><![CDATA[]]></system-out>
  <system-err><![CDATA[]]></system-err>
</testsuite>
