<?xml version="1.0" encoding="UTF-8"?>
<testsuite name="com.dotmarketing.business.DeterministicIdentifierAPITest" tests="16" skipped="0" failures="0" errors="0" timestamp="2023-07-17T22:02:28" hostname="fv-az799-554" time="1.077">
  <properties/>
  <testcase name="Test_Category_Path_Seed_And_Id" classname="com.dotmarketing.business.DeterministicIdentifierAPITest" time="0.034"/>
  <testcase name="Test_Language_Deterministic_Id[0: LanguageTestCase{expectedSeed='Language:es:US', expectedHash=4913155, langCode='es', countryCode='US', country='United States'}]" classname="com.dotmarketing.business.DeterministicIdentifierAPITest" time="0.002"/>
  <testcase name="Test_Language_Deterministic_Id[1: LanguageTestCase{expectedSeed='Language:ep:', expectedHash=5292269, langCode='ep', countryCode='', country=''}]" classname="com.dotmarketing.business.DeterministicIdentifierAPITest" time="0.001"/>
  <testcase name="Test_Language_Deterministic_Id[2: LanguageTestCase{expectedSeed='Language:sg:SAG', expectedHash=4713118, langCode='sg', countryCode='SAG', country=''}]" classname="com.dotmarketing.business.DeterministicIdentifierAPITest" time="0.002"/>
  <testcase name="Test_Language_Deterministic_Id[3: LanguageTestCase{expectedSeed='Language:en:NZ', expectedHash=5382528, langCode='en', countryCode='NZ', country='New Zealand'}]" classname="com.dotmarketing.business.DeterministicIdentifierAPITest" time="0.001"/>
  <testcase name="Test_Category_None_Persisted_Category_Should_Return_Deterministic_Id" classname="com.dotmarketing.business.DeterministicIdentifierAPITest" time="0.001"/>
  <testcase name="Test_Asset_Generate_Deterministic_Id_Best_Effort[0: TestCase{versionable=my.host1689630910486.com, parent=System Host, expectedName='my.host1689630910486.com', expectedType='Host'}]" classname="com.dotmarketing.business.DeterministicIdentifierAPITest" time="0.004"/>
  <testcase name="Test_Asset_Generate_Deterministic_Id_Best_Effort[1: TestCase{versionable=com.dotmarketing.portlets.contentlet.model.Contentlet@273142ad[map={modDate=2023-07-17 21:55:10.969, fileName=file6784567409797961405.txt, title=file6784567409797961405.txt, inode=204583e0-9dbd-4945-b832-b4480739e99a, __IS_NEW_CONTENT__=true, disabledWYSIWYG=[], host=3da45f03-5e0e-45ee-aed5-3f576a5ed3c5, stInode=33888b6f-7a8e-4069-b1b6-5c1aa9d0a48d, owner=system, identifier=30f28202-b982-4575-bdfe-b62cb225f639, nullProperties=[wfExpireDate, wfPublishDate, wfActionAssign, wfActionId, wfActionComments, filterKey, whereToSend, wfNeverExpire, _path_to_move, timezoneId, iWantTo, wfPublishTime, wfExpireTime], languageId=1, fileAsset=/home/runner/work/core/custom/assets/2/0/204583e0-9dbd-4945-b832-b4480739e99a/fileAsset/file6784567409797961405.txt, folder=514e25c8-de0d-49ff-a275-f2795ad44cb2, __disable_workflow__=true, sortOrder=0, modUser=system},lowIndexPriority=false,variantId=DEFAULT], parent=com.dotmarketing.portlets.folders.model.Folder@274e2a93[identifier=514e25c8-de0d-49ff-a275-f2795ad44cb2,name=testName1689630910960,sortOrder=0,showOnMenu=false,hostId=3da45f03-5e0e-45ee-aed5-3f576a5ed3c5,type=folder,title=testTitle1689630910960,filesMasks=,defaultFileType=33888b6f-7a8e-4069-b1b6-5c1aa9d0a48d,modDate=2023-07-17 21:55:10.963,owner=&lt;null&gt;,iDate=2023-07-17 21:55:10.963,inode=514e25c8-de0d-49ff-a275-f2795ad44cb2,path=/testName1689630910960/], expectedName='file6784567409797961405.txt', expectedType='FileAsset'}]" classname="com.dotmarketing.business.DeterministicIdentifierAPITest" time="0.005"/>
  <testcase name="Test_Asset_Generate_Deterministic_Id_Best_Effort[2: TestCase{versionable=com.dotmarketing.portlets.templates.model.Template@a9afa179, parent=my.host1689630910486.com, expectedName='testTitle1689630911090', expectedType='Template'}]" classname="com.dotmarketing.business.DeterministicIdentifierAPITest" time="0.004"/>
  <testcase name="Test_Asset_Generate_Deterministic_Id_Best_Effort[3: TestCase{versionable=com.dotmarketing.portlets.htmlpageasset.model.HTMLPageAsset@4192879c[map={template=2506e7f6-e233-4d89-9522-369717b467df, owner=system, identifier=86631400-e19a-4af1-bca8-20e042a2b2cd, nullProperties=[wfExpireDate, wfPublishDate, wfActionAssign, wfActionId, wfActionComments, filterKey, whereToSend, wfNeverExpire, _path_to_move, timezoneId, iWantTo, wfPublishTime, wfExpireTime], modDate=2023-07-17 21:55:11.11, cachettl=0, _is_test_mode=true, languageId=1, title=test-page-title-1689630911104, httpsreq=, url=test-page-url-1689630911104, showOnMenu=, inode=7a0d9664-1305-45ff-872e-338e4061c7d8, folder=514e25c8-de0d-49ff-a275-f2795ad44cb2, disabledWYSIWYG=[], sortOrder=1, modUser=system, host=3da45f03-5e0e-45ee-aed5-3f576a5ed3c5, stInode=c541abb1-69b3-4bc5-8430-5e09e5239cc8, friendlyName=test-page-friendly-name-1689630911104},lowIndexPriority=false,variantId=DEFAULT], parent=com.dotmarketing.portlets.folders.model.Folder@274e2a93[identifier=514e25c8-de0d-49ff-a275-f2795ad44cb2,name=testName1689630910960,sortOrder=0,showOnMenu=false,hostId=3da45f03-5e0e-45ee-aed5-3f576a5ed3c5,type=folder,title=testTitle1689630910960,filesMasks=,defaultFileType=33888b6f-7a8e-4069-b1b6-5c1aa9d0a48d,modDate=2023-07-17 21:55:10.963,owner=&lt;null&gt;,iDate=2023-07-17 21:55:10.963,inode=514e25c8-de0d-49ff-a275-f2795ad44cb2,path=/testName1689630910960/], expectedName='test-page-url-1689630911104', expectedType='htmlpageasset'}]" classname="com.dotmarketing.business.DeterministicIdentifierAPITest" time="0.005"/>
  <testcase name="Test_Asset_Generate_Deterministic_Id_Best_Effort[4: TestCase{versionable=com.dotmarketing.portlets.contentlet.model.Contentlet@21927f10[map={fileAsset2=/home/runner/work/core/custom/assets/3/5/3505902e-241c-4eb4-918e-9649348c2598/fileAsset2/test_binary1689630912996.png, modDate=2023-07-17 21:55:13.003, fileAsset1=/home/runner/work/core/custom/assets/3/5/3505902e-241c-4eb4-918e-9649348c2598/fileAsset1/test_binary1689630912996.jpg, title=blah, inode=3505902e-241c-4eb4-918e-9649348c2598, __IS_NEW_CONTENT__=true, disabledWYSIWYG=[], host=48190c8c-42c4-46af-8d1a-0cd5db894797, stInode=ca36aadb-6fc9-4a99-9881-f74dfba821f9, owner=system, identifier=74e2a1b9-46a8-4e0a-b984-d9f7e9c77adb, nullProperties=[], languageId=1, image1=3cf7d152-be04-4a8d-b6e0-62bc6463aa09, folder=SYSTEM_FOLDER, __disable_workflow__=true, sortOrder=0, modUser=system},lowIndexPriority=false,variantId=DEFAULT], parent=demo.dotcms.com, expectedName='test_binary1689630912996.jpg:test_binary1689630912996.png', expectedType='MultipleBinaries1689630911406'}]" classname="com.dotmarketing.business.DeterministicIdentifierAPITest" time="0.005"/>
  <testcase name="Test_Asset_Generate_Deterministic_Id_Best_Effort[5: TestCase{versionable=name86978847f5 : keyTag86978847f5, parent=my.host1689630910486.com, expectedName='keyTag86978847f5', expectedType='persona'}]" classname="com.dotmarketing.business.DeterministicIdentifierAPITest" time="0.005"/>
  <testcase name="Test_Similar_Content_Type_Wont_Clash" classname="com.dotmarketing.business.DeterministicIdentifierAPITest" time="0.603"/>
  <testcase name="Test_Generate_Folder_Identifier" classname="com.dotmarketing.business.DeterministicIdentifierAPITest" time="0.391"/>
  <testcase name="Test_Generate_Content_Type_Identifier[0: ContentTypeTestCase{contentType=KeyValueContentType{name=Language Variable, id=f4d7c1b8-2c88-4071-abf1-a5328977b07d, description=Default Content Type for Language Variables, defaultType=false, fixed=true, iDate=Thu Aug 31 16:38:49 UTC 2017, system=true, versionable=true, variable=Languagevariable, modDate=Mon Jul 17 20:40:25 UTC 2023, host=SYSTEM_HOST, siteName=systemHost, icon=language, sortOrder=0, folder=SYSTEM_FOLDER, folderPath=/, markedForDeletion=true, multilingualable=false}, expectedName='Languagevariable', expectedType='KeyValue'}]" classname="com.dotmarketing.business.DeterministicIdentifierAPITest" time="0.005"/>
  <testcase name="Test_Generate_Content_Type_Identifier[1: ContentTypeTestCase{contentType=SimpleContentType{name=testName1689630913477, id=19ed25f2-d884-4462-a396-2236c518ffbf, description=testDescription1689630913477, defaultType=false, fixed=false, iDate=Mon Jul 17 21:55:13 UTC 2023, system=false, versionable=true, multilingualable=false, variable=testVarname1689630913477, owner=system, modDate=Mon Jul 17 21:55:15 UTC 2023, host=48190c8c-42c4-46af-8d1a-0cd5db894797, siteName=demo.dotcms.com, icon=event_note, sortOrder=0, folder=SYSTEM_FOLDER, folderPath=/, requiredFields=[], markedForDeletion=false}, expectedName='testVarname1689630913477', expectedType='CONTENT'}]" classname="com.dotmarketing.business.DeterministicIdentifierAPITest" time="0.006"/>
  <system-out><![CDATA[]]></system-out>
  <system-err><![CDATA[]]></system-err>
</testsuite>
