<?xml version="1.0" encoding="UTF-8"?>
<testsuite name="com.dotmarketing.servlets.ajax.AjaxDirectorServletIntegrationTest" tests="2" skipped="0" failures="0" errors="0" timestamp="2023-06-26T17:48:19" hostname="fv-az1242-413" time="2.758">
  <properties/>
  <testcase name="testService[0: com.dotmarketing.servlets.ajax.AjaxDirectorServletTestCase@374f5f59]" classname="com.dotmarketing.servlets.ajax.AjaxDirectorServletIntegrationTest" time="1.635"/>
  <testcase name="testService[1: com.dotmarketing.servlets.ajax.AjaxDirectorServletTestCase@e648106]" classname="com.dotmarketing.servlets.ajax.AjaxDirectorServletIntegrationTest" time="1.123"/>
  <system-out><![CDATA[]]></system-out>
  <system-err><![CDATA[]]></system-err>
</testsuite>
