<?xml version="1.0" encoding="UTF-8"?>
<testsuite name="com.dotmarketing.portlets.structure.model.ContentletRelationshipsTest" tests="7" skipped="0" failures="0" errors="0" timestamp="2023-06-23T23:32:27" hostname="fv-az444-739" time="8.827">
  <properties/>
  <testcase name="testDoesAllowOnlyOne[0: com.dotmarketing.portlets.structure.model.ContentletRelationshipsTest$CardinalityTestCase@3d7d796]" classname="com.dotmarketing.portlets.structure.model.ContentletRelationshipsTest" time="0.469"/>
  <testcase name="testDoesAllowOnlyOne[1: com.dotmarketing.portlets.structure.model.ContentletRelationshipsTest$CardinalityTestCase@89d3975]" classname="com.dotmarketing.portlets.structure.model.ContentletRelationshipsTest" time="0.46"/>
  <testcase name="testDoesAllowOnlyOne[2: com.dotmarketing.portlets.structure.model.ContentletRelationshipsTest$CardinalityTestCase@7559e611]" classname="com.dotmarketing.portlets.structure.model.ContentletRelationshipsTest" time="0.42"/>
  <testcase name="testGetRelationshipRecords[0: com.dotmarketing.portlets.structure.model.ContentletRelationshipsTest$TestCase@11d5f431]" classname="com.dotmarketing.portlets.structure.model.ContentletRelationshipsTest" time="1.988"/>
  <testcase name="testGetRelationshipRecords[1: com.dotmarketing.portlets.structure.model.ContentletRelationshipsTest$TestCase@2c03eafa]" classname="com.dotmarketing.portlets.structure.model.ContentletRelationshipsTest" time="1.923"/>
  <testcase name="testGetRelationshipRecords[2: com.dotmarketing.portlets.structure.model.ContentletRelationshipsTest$TestCase@4db4289e]" classname="com.dotmarketing.portlets.structure.model.ContentletRelationshipsTest" time="1.795"/>
  <testcase name="testGetRelationshipRecords[3: com.dotmarketing.portlets.structure.model.ContentletRelationshipsTest$TestCase@77e73657]" classname="com.dotmarketing.portlets.structure.model.ContentletRelationshipsTest" time="1.772"/>
  <system-out><![CDATA[]]></system-out>
  <system-err><![CDATA[]]></system-err>
</testsuite>
