<?xml version="1.0" encoding="UTF-8"?>
<testsuite name="com.dotmarketing.portlets.structure.model.ContentletRelationshipsTest" tests="7" skipped="0" failures="0" errors="0" timestamp="2023-06-26T20:30:56" hostname="fv-az351-37" time="7.744">
  <properties/>
  <testcase name="testDoesAllowOnlyOne[0: com.dotmarketing.portlets.structure.model.ContentletRelationshipsTest$CardinalityTestCase@7f179968]" classname="com.dotmarketing.portlets.structure.model.ContentletRelationshipsTest" time="0.485"/>
  <testcase name="testDoesAllowOnlyOne[1: com.dotmarketing.portlets.structure.model.ContentletRelationshipsTest$CardinalityTestCase@5e7ddbea]" classname="com.dotmarketing.portlets.structure.model.ContentletRelationshipsTest" time="0.439"/>
  <testcase name="testDoesAllowOnlyOne[2: com.dotmarketing.portlets.structure.model.ContentletRelationshipsTest$CardinalityTestCase@1cbdcc9d]" classname="com.dotmarketing.portlets.structure.model.ContentletRelationshipsTest" time="0.414"/>
  <testcase name="testGetRelationshipRecords[0: com.dotmarketing.portlets.structure.model.ContentletRelationshipsTest$TestCase@7f4bc9cd]" classname="com.dotmarketing.portlets.structure.model.ContentletRelationshipsTest" time="0.999"/>
  <testcase name="testGetRelationshipRecords[1: com.dotmarketing.portlets.structure.model.ContentletRelationshipsTest$TestCase@3cd4d395]" classname="com.dotmarketing.portlets.structure.model.ContentletRelationshipsTest" time="1.891"/>
  <testcase name="testGetRelationshipRecords[2: com.dotmarketing.portlets.structure.model.ContentletRelationshipsTest$TestCase@cc6ed6e]" classname="com.dotmarketing.portlets.structure.model.ContentletRelationshipsTest" time="1.76"/>
  <testcase name="testGetRelationshipRecords[3: com.dotmarketing.portlets.structure.model.ContentletRelationshipsTest$TestCase@7eed114f]" classname="com.dotmarketing.portlets.structure.model.ContentletRelationshipsTest" time="1.755"/>
  <system-out><![CDATA[]]></system-out>
  <system-err><![CDATA[]]></system-err>
</testsuite>
