<?xml version="1.0" encoding="UTF-8"?>
<testsuite name="com.dotmarketing.db.HibernateUtilTest" tests="7" skipped="0" failures="0" errors="0" timestamp="2023-06-26T15:39:54" hostname="fv-az180-822" time="1.461">
  <properties/>
  <testcase name="testAddCommitListener[0: com.dotmarketing.db.AddCommitListenerTestCase@4ae88ad0]" classname="com.dotmarketing.db.HibernateUtilTest" time="0.002"/>
  <testcase name="testAddCommitListener[1: com.dotmarketing.db.AddCommitListenerTestCase@4a2fb147]" classname="com.dotmarketing.db.HibernateUtilTest" time="0.001"/>
  <testcase name="testAddCommitListener[2: com.dotmarketing.db.AddCommitListenerTestCase@1c0dca2b]" classname="com.dotmarketing.db.HibernateUtilTest" time="0.001"/>
  <testcase name="testAddCommitListener[3: com.dotmarketing.db.AddCommitListenerTestCase@628dfbd6]" classname="com.dotmarketing.db.HibernateUtilTest" time="0.0"/>
  <testcase name="testAddCommitListener[4: com.dotmarketing.db.AddCommitListenerTestCase@6c3d535d]" classname="com.dotmarketing.db.HibernateUtilTest" time="0.001"/>
  <testcase name="updateOnDirtyObjectWhenFlush" classname="com.dotmarketing.db.HibernateUtilTest" time="0.283"/>
  <testcase name="updateOnDirtyObjectWhenQuery" classname="com.dotmarketing.db.HibernateUtilTest" time="1.173"/>
  <system-out><![CDATA[]]></system-out>
  <system-err><![CDATA[]]></system-err>
</testsuite>
