<?xml version="1.0" encoding="UTF-8"?>
<testsuite name="com.dotcms.rest.TagResourceIntegrationTest" tests="4" skipped="0" failures="0" errors="0" timestamp="2023-06-28T16:48:47" hostname="fv-az585-827" time="0.373">
  <properties/>
  <testcase name="testList[0: com.dotcms.rest.TagResourceTestCase@69f171dc]" classname="com.dotcms.rest.TagResourceIntegrationTest" time="0.287"/>
  <testcase name="testList[1: com.dotcms.rest.TagResourceTestCase@3574f12c]" classname="com.dotcms.rest.TagResourceIntegrationTest" time="0.03"/>
  <testcase name="testList[2: com.dotcms.rest.TagResourceTestCase@7f12d2cc]" classname="com.dotcms.rest.TagResourceIntegrationTest" time="0.026"/>
  <testcase name="testList[3: com.dotcms.rest.TagResourceTestCase@50fc9be2]" classname="com.dotcms.rest.TagResourceIntegrationTest" time="0.029"/>
  <system-out><![CDATA[]]></system-out>
  <system-err><![CDATA[Jun 28, 2023 4:48:47 PM com.dotcms.repackage.org.hibernate.validator.internal.util.Version <clinit>
INFO: HV000001: Hibernate Validator 4.3.2.Final
]]></system-err>
</testsuite>
