<?xml version="1.0" encoding="UTF-8"?>
<testsuite name="com.dotmarketing.servlets.ajax.AjaxDirectorServletIntegrationTest" tests="2" skipped="0" failures="0" errors="0" timestamp="2023-06-26T15:10:17" hostname="fv-az413-549" time="0.737">
  <properties/>
  <testcase name="testService[0: com.dotmarketing.servlets.ajax.AjaxDirectorServletTestCase@7ad6efdf]" classname="com.dotmarketing.servlets.ajax.AjaxDirectorServletIntegrationTest" time="0.553"/>
  <testcase name="testService[1: com.dotmarketing.servlets.ajax.AjaxDirectorServletTestCase@28d6e8df]" classname="com.dotmarketing.servlets.ajax.AjaxDirectorServletIntegrationTest" time="0.184"/>
  <system-out><![CDATA[]]></system-out>
  <system-err><![CDATA[]]></system-err>
</testsuite>
