<?xml version="1.0" encoding="UTF-8"?>
<testsuite name="com.dotmarketing.portlets.structure.model.ContentletRelationshipsTest" tests="7" skipped="0" failures="0" errors="0" timestamp="2023-07-24T15:50:32" hostname="fv-az571-935" time="11.34">
  <properties/>
  <testcase name="testDoesAllowOnlyOne[0: com.dotmarketing.portlets.structure.model.ContentletRelationshipsTest$CardinalityTestCase@53addb9]" classname="com.dotmarketing.portlets.structure.model.ContentletRelationshipsTest" time="0.636"/>
  <testcase name="testDoesAllowOnlyOne[1: com.dotmarketing.portlets.structure.model.ContentletRelationshipsTest$CardinalityTestCase@6067853c]" classname="com.dotmarketing.portlets.structure.model.ContentletRelationshipsTest" time="0.685"/>
  <testcase name="testDoesAllowOnlyOne[2: com.dotmarketing.portlets.structure.model.ContentletRelationshipsTest$CardinalityTestCase@62fe2f10]" classname="com.dotmarketing.portlets.structure.model.ContentletRelationshipsTest" time="0.693"/>
  <testcase name="testGetRelationshipRecords[0: com.dotmarketing.portlets.structure.model.ContentletRelationshipsTest$TestCase@6e0c9cd6]" classname="com.dotmarketing.portlets.structure.model.ContentletRelationshipsTest" time="2.375"/>
  <testcase name="testGetRelationshipRecords[1: com.dotmarketing.portlets.structure.model.ContentletRelationshipsTest$TestCase@3d0843bb]" classname="com.dotmarketing.portlets.structure.model.ContentletRelationshipsTest" time="2.48"/>
  <testcase name="testGetRelationshipRecords[2: com.dotmarketing.portlets.structure.model.ContentletRelationshipsTest$TestCase@611a6f43]" classname="com.dotmarketing.portlets.structure.model.ContentletRelationshipsTest" time="2.299"/>
  <testcase name="testGetRelationshipRecords[3: com.dotmarketing.portlets.structure.model.ContentletRelationshipsTest$TestCase@728f4adf]" classname="com.dotmarketing.portlets.structure.model.ContentletRelationshipsTest" time="2.171"/>
  <system-out><![CDATA[]]></system-out>
  <system-err><![CDATA[]]></system-err>
</testsuite>
