<?xml version="1.0" encoding="UTF-8"?>
<testsuite name="com.dotmarketing.portlets.containers.business.ContainerStructureFinderStrategyResolverTest" tests="2" skipped="0" failures="0" errors="0" timestamp="2023-07-19T16:41:50" hostname="fv-az400-396" time="2.84">
  <properties/>
  <testcase name="test_default_layout" classname="com.dotmarketing.portlets.containers.business.ContainerStructureFinderStrategyResolverTest" time="1.173"/>
  <testcase name="get_container_structure_from_file_name_" classname="com.dotmarketing.portlets.containers.business.ContainerStructureFinderStrategyResolverTest" time="1.667"/>
  <system-out><![CDATA[]]></system-out>
  <system-err><![CDATA[]]></system-err>
</testsuite>
