<?xml version="1.0" encoding="UTF-8"?>
<testsuite name="com.dotmarketing.startup.runonce.Task220214AddOwnerAndIDateToFolderTableTest" tests="1" skipped="0" failures="0" errors="0" timestamp="2023-07-05T23:42:58" hostname="fv-az614-79" time="0.011">
  <properties/>
  <testcase name="Test_UpgradeTask_Success" classname="com.dotmarketing.startup.runonce.Task220214AddOwnerAndIDateToFolderTableTest" time="0.011"/>
  <system-out><![CDATA[]]></system-out>
  <system-err><![CDATA[]]></system-err>
</testsuite>
