<?xml version="1.0" encoding="UTF-8"?>
<testsuite name="com.dotcms.security.apps.AppsCacheImplTest" tests="3" skipped="0" failures="0" errors="0" timestamp="2023-07-14T20:41:11" hostname="fv-az1244-305" time="0.022">
  <properties/>
  <testcase name="Test_put_Secret_Then_Verify_Get_From_Cache" classname="com.dotcms.security.apps.AppsCacheImplTest" time="0.0"/>
  <testcase name="Test_Get_Secret_From_Cache_With_Supplier" classname="com.dotcms.security.apps.AppsCacheImplTest" time="0.02"/>
  <testcase name="Test_Get_Descriptors_From_Cache_With_Supplier" classname="com.dotcms.security.apps.AppsCacheImplTest" time="0.002"/>
  <system-out><![CDATA[]]></system-out>
  <system-err><![CDATA[]]></system-err>
</testsuite>
