<?xml version="1.0" encoding="UTF-8"?>
<testsuite name="com.dotmarketing.portlets.browser.ajax.BrowserAjaxTest" tests="3" skipped="0" failures="0" errors="0" timestamp="2023-06-28T15:27:01" hostname="fv-az189-858" time="0.044">
  <properties/>
  <testcase name="testFolderTreeInfoWithInvalidFolderId" classname="com.dotmarketing.portlets.browser.ajax.BrowserAjaxTest" time="0.036"/>
  <testcase name="testSelectingSiteRoot" classname="com.dotmarketing.portlets.browser.ajax.BrowserAjaxTest" time="0.002"/>
  <testcase name="testExpectedFolderTreeInfo" classname="com.dotmarketing.portlets.browser.ajax.BrowserAjaxTest" time="0.006"/>
  <system-out><![CDATA[]]></system-out>
  <system-err><![CDATA[]]></system-err>
</testsuite>
