<?xml version="1.0" encoding="UTF-8"?>
<testsuite name="com.dotcms.http.CircuitBreakerUrlTest" tests="10" skipped="0" failures="0" errors="0" timestamp="2023-06-24T02:18:25" hostname="fv-az1128-296" time="8.894">
  <properties/>
  <testcase name="testBadBreaker" classname="com.dotcms.http.CircuitBreakerUrlTest" time="0.015"/>
  <testcase name="test_breaker_url_using_private_ip_throws_an_exception" classname="com.dotcms.http.CircuitBreakerUrlTest" time="0.001"/>
  <testcase name="testGet" classname="com.dotcms.http.CircuitBreakerUrlTest" time="0.695"/>
  <testcase name="testBadRequest" classname="com.dotcms.http.CircuitBreakerUrlTest" time="0.12"/>
  <testcase name="testToString" classname="com.dotcms.http.CircuitBreakerUrlTest" time="0.379"/>
  <testcase name="disallowRedirects" classname="com.dotcms.http.CircuitBreakerUrlTest" time="0.024"/>
  <testcase name="testGoodBreaker" classname="com.dotcms.http.CircuitBreakerUrlTest" time="0.37"/>
  <testcase name="testRecovery" classname="com.dotcms.http.CircuitBreakerUrlTest" time="6.287"/>
  <testcase name="test_circuitBreakerConnectionControl" classname="com.dotcms.http.CircuitBreakerUrlTest" time="1.002"/>
  <testcase name="testBreakerPool" classname="com.dotcms.http.CircuitBreakerUrlTest" time="0.001"/>
  <system-out><![CDATA[]]></system-out>
  <system-err><![CDATA[]]></system-err>
</testsuite>
