<?xml version="1.0" encoding="UTF-8"?>
<testsuite name="com.dotcms.rest.api.v1.page.NavResourceTest" tests="4" skipped="0" failures="0" errors="0" timestamp="2023-06-28T16:49:58" hostname="fv-az790-106" time="3.214">
  <properties/>
  <testcase name="getAboutUsNav_WhenDepthAndLanguageAreValid_Success" classname="com.dotcms.rest.api.v1.page.NavResourceTest" time="0.825"/>
  <testcase name="getAboutUsNav_WhenLanguageDoesNotExists_NotFound" classname="com.dotcms.rest.api.v1.page.NavResourceTest" time="0.802"/>
  <testcase name="getAboutUsNav_WhenLanguageIsNotAValidNumber_BadRequest" classname="com.dotcms.rest.api.v1.page.NavResourceTest" time="0.794"/>
  <testcase name="getAboutUsNav_WhenDepthIsNotAValidNumber_BadRequest" classname="com.dotcms.rest.api.v1.page.NavResourceTest" time="0.793"/>
  <system-out><![CDATA[]]></system-out>
  <system-err><![CDATA[]]></system-err>
</testsuite>
