<?xml version="1.0" encoding="UTF-8"?>
<testsuite name="com.dotcms.rendering.velocity.viewtools.content.util.ContentUtilsTest" tests="89" skipped="0" failures="0" errors="0" timestamp="2023-07-11T17:26:51" hostname="fv-az1032-278" time="393.605">
  <properties/>
  <testcase name="whenTheTimeMachineDateIsNullAndPublishDateInFutureShouldNotReturnAnything" classname="com.dotcms.rendering.velocity.viewtools.content.util.ContentUtilsTest" time="2.975"/>
  <testcase name="test_find_multilingual_contentlet_getContentletSuccessfully" classname="com.dotcms.rendering.velocity.viewtools.content.util.ContentUtilsTest" time="2.157"/>
  <testcase name="whenTheTimeMachineDateAndPublishDateAreTomorrowShouldReturnOneContent" classname="com.dotcms.rendering.velocity.viewtools.content.util.ContentUtilsTest" time="2.983"/>
  <testcase name="testPullRelated[0: com.dotcms.rendering.velocity.viewtools.content.util.ContentUtilsTest$TestCase@59bf6dc7]" classname="com.dotcms.rendering.velocity.viewtools.content.util.ContentUtilsTest" time="3.52"/>
  <testcase name="testPullRelated[1: com.dotcms.rendering.velocity.viewtools.content.util.ContentUtilsTest$TestCase@27d8751]" classname="com.dotcms.rendering.velocity.viewtools.content.util.ContentUtilsTest" time="3.169"/>
  <testcase name="testPullRelated[2: com.dotcms.rendering.velocity.viewtools.content.util.ContentUtilsTest$TestCase@449a5f5f]" classname="com.dotcms.rendering.velocity.viewtools.content.util.ContentUtilsTest" time="2.984"/>
  <testcase name="testPullRelated[3: com.dotcms.rendering.velocity.viewtools.content.util.ContentUtilsTest$TestCase@3b5aa4e7]" classname="com.dotcms.rendering.velocity.viewtools.content.util.ContentUtilsTest" time="4.179"/>
  <testcase name="testPullRelated[4: com.dotcms.rendering.velocity.viewtools.content.util.ContentUtilsTest$TestCase@19a9271e]" classname="com.dotcms.rendering.velocity.viewtools.content.util.ContentUtilsTest" time="3.857"/>
  <testcase name="testPullRelated[5: com.dotcms.rendering.velocity.viewtools.content.util.ContentUtilsTest$TestCase@77806c75]" classname="com.dotcms.rendering.velocity.viewtools.content.util.ContentUtilsTest" time="3.209"/>
  <testcase name="testPullRelated[6: com.dotcms.rendering.velocity.viewtools.content.util.ContentUtilsTest$TestCase@6176a57d]" classname="com.dotcms.rendering.velocity.viewtools.content.util.ContentUtilsTest" time="3.904"/>
  <testcase name="testPullRelated[7: com.dotcms.rendering.velocity.viewtools.content.util.ContentUtilsTest$TestCase@fe55828]" classname="com.dotcms.rendering.velocity.viewtools.content.util.ContentUtilsTest" time="4.186"/>
  <testcase name="testPullRelated[8: com.dotcms.rendering.velocity.viewtools.content.util.ContentUtilsTest$TestCase@5f241f1d]" classname="com.dotcms.rendering.velocity.viewtools.content.util.ContentUtilsTest" time="4.041"/>
  <testcase name="testPullRelated[9: com.dotcms.rendering.velocity.viewtools.content.util.ContentUtilsTest$TestCase@2bb33348]" classname="com.dotcms.rendering.velocity.viewtools.content.util.ContentUtilsTest" time="3.009"/>
  <testcase name="testPullRelated[10: com.dotcms.rendering.velocity.viewtools.content.util.ContentUtilsTest$TestCase@7fba260e]" classname="com.dotcms.rendering.velocity.viewtools.content.util.ContentUtilsTest" time="3.057"/>
  <testcase name="testPullRelated[11: com.dotcms.rendering.velocity.viewtools.content.util.ContentUtilsTest$TestCase@5abb15c9]" classname="com.dotcms.rendering.velocity.viewtools.content.util.ContentUtilsTest" time="4.119"/>
  <testcase name="testPullRelated[12: com.dotcms.rendering.velocity.viewtools.content.util.ContentUtilsTest$TestCase@25183574]" classname="com.dotcms.rendering.velocity.viewtools.content.util.ContentUtilsTest" time="3.827"/>
  <testcase name="testPullRelated[13: com.dotcms.rendering.velocity.viewtools.content.util.ContentUtilsTest$TestCase@17836bec]" classname="com.dotcms.rendering.velocity.viewtools.content.util.ContentUtilsTest" time="4.089"/>
  <testcase name="testPullRelated[14: com.dotcms.rendering.velocity.viewtools.content.util.ContentUtilsTest$TestCase@39a7a544]" classname="com.dotcms.rendering.velocity.viewtools.content.util.ContentUtilsTest" time="4.015"/>
  <testcase name="testPullRelated[15: com.dotcms.rendering.velocity.viewtools.content.util.ContentUtilsTest$TestCase@3b30eae4]" classname="com.dotcms.rendering.velocity.viewtools.content.util.ContentUtilsTest" time="4.007"/>
  <testcase name="testPullRelated[16: com.dotcms.rendering.velocity.viewtools.content.util.ContentUtilsTest$TestCase@5f67db63]" classname="com.dotcms.rendering.velocity.viewtools.content.util.ContentUtilsTest" time="4.168"/>
  <testcase name="testPullRelated[17: com.dotcms.rendering.velocity.viewtools.content.util.ContentUtilsTest$TestCase@53370768]" classname="com.dotcms.rendering.velocity.viewtools.content.util.ContentUtilsTest" time="3.93"/>
  <testcase name="testPullRelated[18: com.dotcms.rendering.velocity.viewtools.content.util.ContentUtilsTest$TestCase@57be15cf]" classname="com.dotcms.rendering.velocity.viewtools.content.util.ContentUtilsTest" time="4.124"/>
  <testcase name="testPullRelated[19: com.dotcms.rendering.velocity.viewtools.content.util.ContentUtilsTest$TestCase@6be5a216]" classname="com.dotcms.rendering.velocity.viewtools.content.util.ContentUtilsTest" time="4.196"/>
  <testcase name="testPullRelated[20: com.dotcms.rendering.velocity.viewtools.content.util.ContentUtilsTest$TestCase@a38c0ca]" classname="com.dotcms.rendering.velocity.viewtools.content.util.ContentUtilsTest" time="2.99"/>
  <testcase name="testPullRelated[21: com.dotcms.rendering.velocity.viewtools.content.util.ContentUtilsTest$TestCase@615f9aa2]" classname="com.dotcms.rendering.velocity.viewtools.content.util.ContentUtilsTest" time="3.84"/>
  <testcase name="testPullRelated[22: com.dotcms.rendering.velocity.viewtools.content.util.ContentUtilsTest$TestCase@4668fb2b]" classname="com.dotcms.rendering.velocity.viewtools.content.util.ContentUtilsTest" time="4.345"/>
  <testcase name="testPullRelated[23: com.dotcms.rendering.velocity.viewtools.content.util.ContentUtilsTest$TestCase@5b04e2]" classname="com.dotcms.rendering.velocity.viewtools.content.util.ContentUtilsTest" time="3.78"/>
  <testcase name="testPullRelated[24: com.dotcms.rendering.velocity.viewtools.content.util.ContentUtilsTest$TestCase@4c29aab3]" classname="com.dotcms.rendering.velocity.viewtools.content.util.ContentUtilsTest" time="4.115"/>
  <testcase name="testPullRelated[25: com.dotcms.rendering.velocity.viewtools.content.util.ContentUtilsTest$TestCase@51bea31e]" classname="com.dotcms.rendering.velocity.viewtools.content.util.ContentUtilsTest" time="4.131"/>
  <testcase name="testPullRelated[26: com.dotcms.rendering.velocity.viewtools.content.util.ContentUtilsTest$TestCase@508ebba1]" classname="com.dotcms.rendering.velocity.viewtools.content.util.ContentUtilsTest" time="4.024"/>
  <testcase name="testPullRelated[27: com.dotcms.rendering.velocity.viewtools.content.util.ContentUtilsTest$TestCase@82ac946]" classname="com.dotcms.rendering.velocity.viewtools.content.util.ContentUtilsTest" time="3.073"/>
  <testcase name="testPullRelated[28: com.dotcms.rendering.velocity.viewtools.content.util.ContentUtilsTest$TestCase@95786c2]" classname="com.dotcms.rendering.velocity.viewtools.content.util.ContentUtilsTest" time="3.975"/>
  <testcase name="testPullRelated[29: com.dotcms.rendering.velocity.viewtools.content.util.ContentUtilsTest$TestCase@2d5572a5]" classname="com.dotcms.rendering.velocity.viewtools.content.util.ContentUtilsTest" time="4.008"/>
  <testcase name="testPullRelated[30: com.dotcms.rendering.velocity.viewtools.content.util.ContentUtilsTest$TestCase@8a3871d]" classname="com.dotcms.rendering.velocity.viewtools.content.util.ContentUtilsTest" time="4.123"/>
  <testcase name="testPullRelated[31: com.dotcms.rendering.velocity.viewtools.content.util.ContentUtilsTest$TestCase@569d1fb6]" classname="com.dotcms.rendering.velocity.viewtools.content.util.ContentUtilsTest" time="3.118"/>
  <testcase name="testPullRelated[32: com.dotcms.rendering.velocity.viewtools.content.util.ContentUtilsTest$TestCase@6349e231]" classname="com.dotcms.rendering.velocity.viewtools.content.util.ContentUtilsTest" time="3.882"/>
  <testcase name="testPullRelated[33: com.dotcms.rendering.velocity.viewtools.content.util.ContentUtilsTest$TestCase@658f64a7]" classname="com.dotcms.rendering.velocity.viewtools.content.util.ContentUtilsTest" time="4.184"/>
  <testcase name="testPullRelated[34: com.dotcms.rendering.velocity.viewtools.content.util.ContentUtilsTest$TestCase@71008c64]" classname="com.dotcms.rendering.velocity.viewtools.content.util.ContentUtilsTest" time="3.108"/>
  <testcase name="testPullRelated[35: com.dotcms.rendering.velocity.viewtools.content.util.ContentUtilsTest$TestCase@4fde5d5d]" classname="com.dotcms.rendering.velocity.viewtools.content.util.ContentUtilsTest" time="3.96"/>
  <testcase name="testPullRelated[36: com.dotcms.rendering.velocity.viewtools.content.util.ContentUtilsTest$TestCase@632a66fd]" classname="com.dotcms.rendering.velocity.viewtools.content.util.ContentUtilsTest" time="6.044"/>
  <testcase name="testPullRelated[37: com.dotcms.rendering.velocity.viewtools.content.util.ContentUtilsTest$TestCase@7d1e8c63]" classname="com.dotcms.rendering.velocity.viewtools.content.util.ContentUtilsTest" time="6.046"/>
  <testcase name="testPullRelated[38: com.dotcms.rendering.velocity.viewtools.content.util.ContentUtilsTest$TestCase@8884c08]" classname="com.dotcms.rendering.velocity.viewtools.content.util.ContentUtilsTest" time="6.194"/>
  <testcase name="testPullRelated[39: com.dotcms.rendering.velocity.viewtools.content.util.ContentUtilsTest$TestCase@3501dcf1]" classname="com.dotcms.rendering.velocity.viewtools.content.util.ContentUtilsTest" time="6.053"/>
  <testcase name="testPullRelated[40: com.dotcms.rendering.velocity.viewtools.content.util.ContentUtilsTest$TestCase@5ac4922]" classname="com.dotcms.rendering.velocity.viewtools.content.util.ContentUtilsTest" time="6.162"/>
  <testcase name="testPullRelated[41: com.dotcms.rendering.velocity.viewtools.content.util.ContentUtilsTest$TestCase@c58b060]" classname="com.dotcms.rendering.velocity.viewtools.content.util.ContentUtilsTest" time="5.893"/>
  <testcase name="testPullRelated[42: com.dotcms.rendering.velocity.viewtools.content.util.ContentUtilsTest$TestCase@467a55ef]" classname="com.dotcms.rendering.velocity.viewtools.content.util.ContentUtilsTest" time="5.412"/>
  <testcase name="testPullRelated[43: com.dotcms.rendering.velocity.viewtools.content.util.ContentUtilsTest$TestCase@7da7ff85]" classname="com.dotcms.rendering.velocity.viewtools.content.util.ContentUtilsTest" time="5.999"/>
  <testcase name="testPullRelated[44: com.dotcms.rendering.velocity.viewtools.content.util.ContentUtilsTest$TestCase@1aa55c4a]" classname="com.dotcms.rendering.velocity.viewtools.content.util.ContentUtilsTest" time="5.988"/>
  <testcase name="testPullRelated[45: com.dotcms.rendering.velocity.viewtools.content.util.ContentUtilsTest$TestCase@53b734ce]" classname="com.dotcms.rendering.velocity.viewtools.content.util.ContentUtilsTest" time="5.913"/>
  <testcase name="testPullRelated[46: com.dotcms.rendering.velocity.viewtools.content.util.ContentUtilsTest$TestCase@4776d67a]" classname="com.dotcms.rendering.velocity.viewtools.content.util.ContentUtilsTest" time="6.415"/>
  <testcase name="testPullRelated[47: com.dotcms.rendering.velocity.viewtools.content.util.ContentUtilsTest$TestCase@5ef42c6]" classname="com.dotcms.rendering.velocity.viewtools.content.util.ContentUtilsTest" time="5.009"/>
  <testcase name="testPullRelated[48: com.dotcms.rendering.velocity.viewtools.content.util.ContentUtilsTest$TestCase@3598093d]" classname="com.dotcms.rendering.velocity.viewtools.content.util.ContentUtilsTest" time="5.993"/>
  <testcase name="testPullRelated[49: com.dotcms.rendering.velocity.viewtools.content.util.ContentUtilsTest$TestCase@5fe35a04]" classname="com.dotcms.rendering.velocity.viewtools.content.util.ContentUtilsTest" time="5.934"/>
  <testcase name="testPullRelated[50: com.dotcms.rendering.velocity.viewtools.content.util.ContentUtilsTest$TestCase@2e579284]" classname="com.dotcms.rendering.velocity.viewtools.content.util.ContentUtilsTest" time="5.187"/>
  <testcase name="testPullRelated[51: com.dotcms.rendering.velocity.viewtools.content.util.ContentUtilsTest$TestCase@51d11cfa]" classname="com.dotcms.rendering.velocity.viewtools.content.util.ContentUtilsTest" time="6.146"/>
  <testcase name="testPullRelated[52: com.dotcms.rendering.velocity.viewtools.content.util.ContentUtilsTest$TestCase@24f5261c]" classname="com.dotcms.rendering.velocity.viewtools.content.util.ContentUtilsTest" time="5.108"/>
  <testcase name="testPullRelated[53: com.dotcms.rendering.velocity.viewtools.content.util.ContentUtilsTest$TestCase@61837bfc]" classname="com.dotcms.rendering.velocity.viewtools.content.util.ContentUtilsTest" time="4.967"/>
  <testcase name="testPullRelated[54: com.dotcms.rendering.velocity.viewtools.content.util.ContentUtilsTest$TestCase@73d216fa]" classname="com.dotcms.rendering.velocity.viewtools.content.util.ContentUtilsTest" time="6.204"/>
  <testcase name="testPullRelated[55: com.dotcms.rendering.velocity.viewtools.content.util.ContentUtilsTest$TestCase@2a3de2b6]" classname="com.dotcms.rendering.velocity.viewtools.content.util.ContentUtilsTest" time="5.062"/>
  <testcase name="testPullRelated[56: com.dotcms.rendering.velocity.viewtools.content.util.ContentUtilsTest$TestCase@27f5f42b]" classname="com.dotcms.rendering.velocity.viewtools.content.util.ContentUtilsTest" time="6.131"/>
  <testcase name="testPullRelated[57: com.dotcms.rendering.velocity.viewtools.content.util.ContentUtilsTest$TestCase@5d5327b2]" classname="com.dotcms.rendering.velocity.viewtools.content.util.ContentUtilsTest" time="5.902"/>
  <testcase name="testPullRelated[58: com.dotcms.rendering.velocity.viewtools.content.util.ContentUtilsTest$TestCase@3ed58f24]" classname="com.dotcms.rendering.velocity.viewtools.content.util.ContentUtilsTest" time="5.174"/>
  <testcase name="testPullRelated[59: com.dotcms.rendering.velocity.viewtools.content.util.ContentUtilsTest$TestCase@7bb8e21a]" classname="com.dotcms.rendering.velocity.viewtools.content.util.ContentUtilsTest" time="6.249"/>
  <testcase name="testPullRelated[60: com.dotcms.rendering.velocity.viewtools.content.util.ContentUtilsTest$TestCase@73e405ea]" classname="com.dotcms.rendering.velocity.viewtools.content.util.ContentUtilsTest" time="5.999"/>
  <testcase name="testPullRelated[61: com.dotcms.rendering.velocity.viewtools.content.util.ContentUtilsTest$TestCase@374ec293]" classname="com.dotcms.rendering.velocity.viewtools.content.util.ContentUtilsTest" time="4.852"/>
  <testcase name="testPullRelated[62: com.dotcms.rendering.velocity.viewtools.content.util.ContentUtilsTest$TestCase@25f0c7f1]" classname="com.dotcms.rendering.velocity.viewtools.content.util.ContentUtilsTest" time="6.32"/>
  <testcase name="testPullRelated[63: com.dotcms.rendering.velocity.viewtools.content.util.ContentUtilsTest$TestCase@19645967]" classname="com.dotcms.rendering.velocity.viewtools.content.util.ContentUtilsTest" time="6.046"/>
  <testcase name="testPullRelated[64: com.dotcms.rendering.velocity.viewtools.content.util.ContentUtilsTest$TestCase@4a7cc4f4]" classname="com.dotcms.rendering.velocity.viewtools.content.util.ContentUtilsTest" time="4.958"/>
  <testcase name="testPullRelated[65: com.dotcms.rendering.velocity.viewtools.content.util.ContentUtilsTest$TestCase@b67dd72]" classname="com.dotcms.rendering.velocity.viewtools.content.util.ContentUtilsTest" time="5.913"/>
  <testcase name="testPullRelated[66: com.dotcms.rendering.velocity.viewtools.content.util.ContentUtilsTest$TestCase@280b4ca0]" classname="com.dotcms.rendering.velocity.viewtools.content.util.ContentUtilsTest" time="6.379"/>
  <testcase name="testPullRelated[67: com.dotcms.rendering.velocity.viewtools.content.util.ContentUtilsTest$TestCase@139f87a7]" classname="com.dotcms.rendering.velocity.viewtools.content.util.ContentUtilsTest" time="6.069"/>
  <testcase name="testPullRelated[68: com.dotcms.rendering.velocity.viewtools.content.util.ContentUtilsTest$TestCase@3fe8ba44]" classname="com.dotcms.rendering.velocity.viewtools.content.util.ContentUtilsTest" time="5.946"/>
  <testcase name="testPullRelated[69: com.dotcms.rendering.velocity.viewtools.content.util.ContentUtilsTest$TestCase@ad17c86]" classname="com.dotcms.rendering.velocity.viewtools.content.util.ContentUtilsTest" time="6.136"/>
  <testcase name="testPullRelated[70: com.dotcms.rendering.velocity.viewtools.content.util.ContentUtilsTest$TestCase@78cd4f30]" classname="com.dotcms.rendering.velocity.viewtools.content.util.ContentUtilsTest" time="6.06"/>
  <testcase name="testPullRelated[71: com.dotcms.rendering.velocity.viewtools.content.util.ContentUtilsTest$TestCase@17804d31]" classname="com.dotcms.rendering.velocity.viewtools.content.util.ContentUtilsTest" time="6.081"/>
  <testcase name="whenPublishAndExpireDatesAreInTheFutureAndTimeMachineIsAfterBoth" classname="com.dotcms.rendering.velocity.viewtools.content.util.ContentUtilsTest" time="2.982"/>
  <testcase name="testPullRelatedForLegacyRelationship[0: com.dotcms.rendering.velocity.viewtools.content.util.ContentUtilsTest$LegacyTestCase@6dc0ef1f]" classname="com.dotcms.rendering.velocity.viewtools.content.util.ContentUtilsTest" time="3.788"/>
  <testcase name="testPullRelatedForLegacyRelationship[1: com.dotcms.rendering.velocity.viewtools.content.util.ContentUtilsTest$LegacyTestCase@6cf49b6d]" classname="com.dotcms.rendering.velocity.viewtools.content.util.ContentUtilsTest" time="3.124"/>
  <testcase name="whenTheTimeMachineDateIsAfterTomorrowAndExpireDateIsTomorrowShouldNotReturnContent" classname="com.dotcms.rendering.velocity.viewtools.content.util.ContentUtilsTest" time="3.071"/>
  <testcase name="testPullLiveRelatedWhenLatestVersionIsWorking" classname="com.dotcms.rendering.velocity.viewtools.content.util.ContentUtilsTest" time="3.679"/>
  <testcase name="test_add_relationships_on_parent_children_related_contents" classname="com.dotcms.rendering.velocity.viewtools.content.util.ContentUtilsTest" time="1.526"/>
  <testcase name="testSortPullRelated[0: com.dotcms.rendering.velocity.viewtools.content.util.ContentUtilsTest$SortTestCase@7ed2ed0c]" classname="com.dotcms.rendering.velocity.viewtools.content.util.ContentUtilsTest" time="2.665"/>
  <testcase name="testSortPullRelated[1: com.dotcms.rendering.velocity.viewtools.content.util.ContentUtilsTest$SortTestCase@6b2ede22]" classname="com.dotcms.rendering.velocity.viewtools.content.util.ContentUtilsTest" time="2.625"/>
  <testcase name="testSortPullRelated[2: com.dotcms.rendering.velocity.viewtools.content.util.ContentUtilsTest$SortTestCase@1fc6c4f]" classname="com.dotcms.rendering.velocity.viewtools.content.util.ContentUtilsTest" time="2.588"/>
  <testcase name="testSortPullRelated[3: com.dotcms.rendering.velocity.viewtools.content.util.ContentUtilsTest$SortTestCase@491ba0ee]" classname="com.dotcms.rendering.velocity.viewtools.content.util.ContentUtilsTest" time="2.798"/>
  <testcase name="testSortPullRelated[4: com.dotcms.rendering.velocity.viewtools.content.util.ContentUtilsTest$SortTestCase@20c89e4c]" classname="com.dotcms.rendering.velocity.viewtools.content.util.ContentUtilsTest" time="2.642"/>
  <testcase name="testSortPullRelated[5: com.dotcms.rendering.velocity.viewtools.content.util.ContentUtilsTest$SortTestCase@3d8a8bb9]" classname="com.dotcms.rendering.velocity.viewtools.content.util.ContentUtilsTest" time="2.7"/>
  <testcase name="whenTheTimeMachineDateIsAfterTomorrowAndExpireDateIsInFutureShouldReturnContent" classname="com.dotcms.rendering.velocity.viewtools.content.util.ContentUtilsTest" time="2.957"/>
  <testcase name="testPullRelatedFieldShouldRespectDefaultOrder" classname="com.dotcms.rendering.velocity.viewtools.content.util.ContentUtilsTest" time="2.153"/>
  <system-out><![CDATA[]]></system-out>
  <system-err><![CDATA[]]></system-err>
</testsuite>
