<?xml version="1.0" encoding="UTF-8"?>
<testsuite name="com.dotcms.contenttype.business.ContentTypeDestroyAPIImplTest" tests="5" skipped="0" failures="0" errors="0" timestamp="2023-06-30T17:17:55" hostname="fv-az193-238" time="81.985">
  <properties/>
  <testcase name="Destroy_General_Test" classname="com.dotcms.contenttype.business.ContentTypeDestroyAPIImplTest" time="13.768"/>
  <testcase name="Test_Destroy_Persona_Like_Content_Type" classname="com.dotcms.contenttype.business.ContentTypeDestroyAPIImplTest" time="2.521"/>
  <testcase name="Test_Relocate_Contentlets" classname="com.dotcms.contenttype.business.ContentTypeDestroyAPIImplTest" time="52.627"/>
  <testcase name="Test_Destroy_With_Categories" classname="com.dotcms.contenttype.business.ContentTypeDestroyAPIImplTest" time="2.74"/>
  <testcase name="testNextBatch" classname="com.dotcms.contenttype.business.ContentTypeDestroyAPIImplTest" time="10.329"/>
  <system-out><![CDATA[]]></system-out>
  <system-err><![CDATA[]]></system-err>
</testsuite>
