<?xml version="1.0" encoding="UTF-8"?>
<testsuite name="com.dotmarketing.portlets.structure.model.ContentletRelationshipsTest" tests="7" skipped="0" failures="0" errors="0" timestamp="2023-06-29T22:01:08" hostname="fv-az216-434" time="9.712">
  <properties/>
  <testcase name="testDoesAllowOnlyOne[0: com.dotmarketing.portlets.structure.model.ContentletRelationshipsTest$CardinalityTestCase@4117a517]" classname="com.dotmarketing.portlets.structure.model.ContentletRelationshipsTest" time="0.533"/>
  <testcase name="testDoesAllowOnlyOne[1: com.dotmarketing.portlets.structure.model.ContentletRelationshipsTest$CardinalityTestCase@1a49cf28]" classname="com.dotmarketing.portlets.structure.model.ContentletRelationshipsTest" time="0.517"/>
  <testcase name="testDoesAllowOnlyOne[2: com.dotmarketing.portlets.structure.model.ContentletRelationshipsTest$CardinalityTestCase@1786159a]" classname="com.dotmarketing.portlets.structure.model.ContentletRelationshipsTest" time="0.523"/>
  <testcase name="testGetRelationshipRecords[0: com.dotmarketing.portlets.structure.model.ContentletRelationshipsTest$TestCase@3fae96e]" classname="com.dotmarketing.portlets.structure.model.ContentletRelationshipsTest" time="2.138"/>
  <testcase name="testGetRelationshipRecords[1: com.dotmarketing.portlets.structure.model.ContentletRelationshipsTest$TestCase@7fb9db1b]" classname="com.dotmarketing.portlets.structure.model.ContentletRelationshipsTest" time="2.079"/>
  <testcase name="testGetRelationshipRecords[2: com.dotmarketing.portlets.structure.model.ContentletRelationshipsTest$TestCase@2bdd7b4b]" classname="com.dotmarketing.portlets.structure.model.ContentletRelationshipsTest" time="1.961"/>
  <testcase name="testGetRelationshipRecords[3: com.dotmarketing.portlets.structure.model.ContentletRelationshipsTest$TestCase@c50816f]" classname="com.dotmarketing.portlets.structure.model.ContentletRelationshipsTest" time="1.96"/>
  <system-out><![CDATA[]]></system-out>
  <system-err><![CDATA[]]></system-err>
</testsuite>
