<?xml version="1.0" encoding="UTF-8"?>
<testsuite name="com.dotcms.enterprise.publishing.remote.handler.HandlerUtilTest" tests="1" skipped="0" failures="0" errors="0" timestamp="2023-07-15T01:13:29" hostname="fv-az617-846" time="0.066">
  <properties/>
  <testcase name="setMultiTree_on_diff_orders_should_not_reorder" classname="com.dotcms.enterprise.publishing.remote.handler.HandlerUtilTest" time="0.066"/>
  <system-out><![CDATA[]]></system-out>
  <system-err><![CDATA[]]></system-err>
</testsuite>
