<?xml version="1.0" encoding="UTF-8"?>
<testsuite name="com.dotcms.rest.TagResourceIntegrationTest" tests="4" skipped="0" failures="0" errors="0" timestamp="2023-07-21T03:38:56" hostname="fv-az256-498" time="0.348">
  <properties/>
  <testcase name="testList[0: com.dotcms.rest.TagResourceTestCase@4953f528]" classname="com.dotcms.rest.TagResourceIntegrationTest" time="0.276"/>
  <testcase name="testList[1: com.dotcms.rest.TagResourceTestCase@a07dc2b]" classname="com.dotcms.rest.TagResourceIntegrationTest" time="0.028"/>
  <testcase name="testList[2: com.dotcms.rest.TagResourceTestCase@afae1b5]" classname="com.dotcms.rest.TagResourceIntegrationTest" time="0.019"/>
  <testcase name="testList[3: com.dotcms.rest.TagResourceTestCase@586cca13]" classname="com.dotcms.rest.TagResourceIntegrationTest" time="0.023"/>
  <system-out><![CDATA[]]></system-out>
  <system-err><![CDATA[Jul 21, 2023 3:38:56 AM com.dotcms.repackage.org.hibernate.validator.internal.util.Version <clinit>
INFO: HV000001: Hibernate Validator 4.3.2.Final
]]></system-err>
</testsuite>
