<?xml version="1.0" encoding="UTF-8"?>
<testsuite name="com.dotmarketing.startup.runonce.Task220413IncreasePublishedPushedAssetIdColTest" tests="2" skipped="0" failures="0" errors="0" timestamp="2023-07-20T21:02:27" hostname="fv-az1232-188" time="0.03">
  <properties/>
  <testcase name="test_upgradeTask" classname="com.dotmarketing.startup.runonce.Task220413IncreasePublishedPushedAssetIdColTest" time="0.017"/>
  <testcase name="test_upgradeTask_noCapacity" classname="com.dotmarketing.startup.runonce.Task220413IncreasePublishedPushedAssetIdColTest" time="0.013"/>
  <system-out><![CDATA[]]></system-out>
  <system-err><![CDATA[]]></system-err>
</testsuite>
