<?xml version="1.0" encoding="UTF-8"?>
<testsuite name="com.dotmarketing.startup.runonce.Task210901UpdateDateTimezonesTest" tests="3" skipped="0" failures="0" errors="0" timestamp="2023-06-22T01:46:05" hostname="fv-az484-488" time="2.905">
  <properties/>
  <testcase name="test_timezone_offset" classname="com.dotmarketing.startup.runonce.Task210901UpdateDateTimezonesTest" time="0.003"/>
  <testcase name="test" classname="com.dotmarketing.startup.runonce.Task210901UpdateDateTimezonesTest" time="2.9"/>
  <testcase name="test_timezones_have_been_added" classname="com.dotmarketing.startup.runonce.Task210901UpdateDateTimezonesTest" time="0.002"/>
  <system-out><![CDATA[]]></system-out>
  <system-err><![CDATA[]]></system-err>
</testsuite>
