<?xml version="1.0" encoding="UTF-8"?>
<testsuite name="com.dotmarketing.business.DeterministicIdentifierAPITest" tests="16" skipped="0" failures="0" errors="0" timestamp="2023-07-17T17:11:25" hostname="fv-az257-583" time="1.106">
  <properties/>
  <testcase name="Test_Category_Path_Seed_And_Id" classname="com.dotmarketing.business.DeterministicIdentifierAPITest" time="0.026"/>
  <testcase name="Test_Language_Deterministic_Id[0: LanguageTestCase{expectedSeed='Language:es:US', expectedHash=4913155, langCode='es', countryCode='US', country='United States'}]" classname="com.dotmarketing.business.DeterministicIdentifierAPITest" time="0.001"/>
  <testcase name="Test_Language_Deterministic_Id[1: LanguageTestCase{expectedSeed='Language:ep:', expectedHash=5292269, langCode='ep', countryCode='', country=''}]" classname="com.dotmarketing.business.DeterministicIdentifierAPITest" time="0.001"/>
  <testcase name="Test_Language_Deterministic_Id[2: LanguageTestCase{expectedSeed='Language:sg:SAG', expectedHash=4713118, langCode='sg', countryCode='SAG', country=''}]" classname="com.dotmarketing.business.DeterministicIdentifierAPITest" time="0.001"/>
  <testcase name="Test_Language_Deterministic_Id[3: LanguageTestCase{expectedSeed='Language:en:NZ', expectedHash=5382528, langCode='en', countryCode='NZ', country='New Zealand'}]" classname="com.dotmarketing.business.DeterministicIdentifierAPITest" time="0.001"/>
  <testcase name="Test_Category_None_Persisted_Category_Should_Return_Deterministic_Id" classname="com.dotmarketing.business.DeterministicIdentifierAPITest" time="0.001"/>
  <testcase name="Test_Asset_Generate_Deterministic_Id_Best_Effort[0: TestCase{versionable=my.host1689613497909.com, parent=System Host, expectedName='my.host1689613497909.com', expectedType='Host'}]" classname="com.dotmarketing.business.DeterministicIdentifierAPITest" time="0.003"/>
  <testcase name="Test_Asset_Generate_Deterministic_Id_Best_Effort[1: TestCase{versionable=com.dotmarketing.portlets.contentlet.model.Contentlet@52ac38e0[map={modDate=2023-07-17 17:04:58.653, fileName=file18143444478611253922.txt, title=file18143444478611253922.txt, inode=528c8072-f706-44e9-bedf-e7bddb4926a0, __IS_NEW_CONTENT__=true, disabledWYSIWYG=[], host=dc4e965e-c62c-4e11-8928-18fd7ef797c7, stInode=33888b6f-7a8e-4069-b1b6-5c1aa9d0a48d, owner=system, identifier=1bdfc0f8-fbed-4e86-b2cf-4fae586ef20c, nullProperties=[wfExpireDate, wfPublishDate, wfActionAssign, wfActionId, wfActionComments, filterKey, whereToSend, wfNeverExpire, _path_to_move, timezoneId, iWantTo, wfPublishTime, wfExpireTime], languageId=1, fileAsset=/home/runner/work/core/custom/assets/5/2/528c8072-f706-44e9-bedf-e7bddb4926a0/fileAsset/file18143444478611253922.txt, folder=984464de-3cb6-4cdf-8ea6-ce895ad2fd1a, __disable_workflow__=true, sortOrder=0, modUser=system},lowIndexPriority=false,variantId=DEFAULT], parent=com.dotmarketing.portlets.folders.model.Folder@6d7ec645[identifier=984464de-3cb6-4cdf-8ea6-ce895ad2fd1a,name=testName1689613498646,sortOrder=0,showOnMenu=false,hostId=dc4e965e-c62c-4e11-8928-18fd7ef797c7,type=folder,title=testTitle1689613498646,filesMasks=,defaultFileType=33888b6f-7a8e-4069-b1b6-5c1aa9d0a48d,modDate=2023-07-17 17:04:58.648,owner=&lt;null&gt;,iDate=2023-07-17 17:04:58.648,inode=984464de-3cb6-4cdf-8ea6-ce895ad2fd1a,path=/testName1689613498646/], expectedName='file18143444478611253922.txt', expectedType='FileAsset'}]" classname="com.dotmarketing.business.DeterministicIdentifierAPITest" time="0.003"/>
  <testcase name="Test_Asset_Generate_Deterministic_Id_Best_Effort[2: TestCase{versionable=com.dotmarketing.portlets.templates.model.Template@48b4ba7c, parent=my.host1689613497909.com, expectedName='testTitle1689613498756', expectedType='Template'}]" classname="com.dotmarketing.business.DeterministicIdentifierAPITest" time="0.002"/>
  <testcase name="Test_Asset_Generate_Deterministic_Id_Best_Effort[3: TestCase{versionable=com.dotmarketing.portlets.htmlpageasset.model.HTMLPageAsset@5a457e88[map={template=b420ca89-9277-4c4f-8a57-1dae5d990f24, owner=system, identifier=24eebb80-dc1c-4762-98fe-dfd02fde70fa, nullProperties=[wfExpireDate, wfPublishDate, wfActionAssign, wfActionId, wfActionComments, filterKey, whereToSend, wfNeverExpire, _path_to_move, timezoneId, iWantTo, wfPublishTime, wfExpireTime], modDate=2023-07-17 17:04:58.773, cachettl=0, _is_test_mode=true, languageId=1, title=test-page-title-1689613498767, httpsreq=, url=test-page-url-1689613498767, showOnMenu=, inode=a9b67f6d-e8b4-4d08-8bd7-85b0e00be5f3, folder=984464de-3cb6-4cdf-8ea6-ce895ad2fd1a, disabledWYSIWYG=[], sortOrder=1, modUser=system, host=dc4e965e-c62c-4e11-8928-18fd7ef797c7, stInode=c541abb1-69b3-4bc5-8430-5e09e5239cc8, friendlyName=test-page-friendly-name-1689613498767},lowIndexPriority=false,variantId=DEFAULT], parent=com.dotmarketing.portlets.folders.model.Folder@6d7ec645[identifier=984464de-3cb6-4cdf-8ea6-ce895ad2fd1a,name=testName1689613498646,sortOrder=0,showOnMenu=false,hostId=dc4e965e-c62c-4e11-8928-18fd7ef797c7,type=folder,title=testTitle1689613498646,filesMasks=,defaultFileType=33888b6f-7a8e-4069-b1b6-5c1aa9d0a48d,modDate=2023-07-17 17:04:58.648,owner=&lt;null&gt;,iDate=2023-07-17 17:04:58.648,inode=984464de-3cb6-4cdf-8ea6-ce895ad2fd1a,path=/testName1689613498646/], expectedName='test-page-url-1689613498767', expectedType='htmlpageasset'}]" classname="com.dotmarketing.business.DeterministicIdentifierAPITest" time="0.002"/>
  <testcase name="Test_Asset_Generate_Deterministic_Id_Best_Effort[4: TestCase{versionable=com.dotmarketing.portlets.contentlet.model.Contentlet@309462a9[map={fileAsset2=/home/runner/work/core/custom/assets/1/5/15766694-4260-4d1b-bbd3-704b426828ba/fileAsset2/test_binary1689613500641.png, modDate=2023-07-17 17:05:00.646, fileAsset1=/home/runner/work/core/custom/assets/1/5/15766694-4260-4d1b-bbd3-704b426828ba/fileAsset1/test_binary1689613500641.jpg, title=blah, inode=15766694-4260-4d1b-bbd3-704b426828ba, __IS_NEW_CONTENT__=true, disabledWYSIWYG=[], host=48190c8c-42c4-46af-8d1a-0cd5db894797, stInode=9d9a1745-84c9-4a8f-a136-ff96a15545bb, owner=system, identifier=63d8204c-5e56-425d-8122-5587dca4a711, nullProperties=[], languageId=1, image1=a77554d3-6c13-49a4-866c-920c21598429, folder=SYSTEM_FOLDER, __disable_workflow__=true, sortOrder=0, modUser=system},lowIndexPriority=false,variantId=DEFAULT], parent=demo.dotcms.com, expectedName='test_binary1689613500641.jpg:test_binary1689613500641.png', expectedType='MultipleBinaries1689613499000'}]" classname="com.dotmarketing.business.DeterministicIdentifierAPITest" time="0.003"/>
  <testcase name="Test_Asset_Generate_Deterministic_Id_Best_Effort[5: TestCase{versionable=name110d3dde0b : keyTag110d3dde0b, parent=my.host1689613497909.com, expectedName='keyTag110d3dde0b', expectedType='persona'}]" classname="com.dotmarketing.business.DeterministicIdentifierAPITest" time="0.003"/>
  <testcase name="Test_Similar_Content_Type_Wont_Clash" classname="com.dotmarketing.business.DeterministicIdentifierAPITest" time="0.446"/>
  <testcase name="Test_Generate_Folder_Identifier" classname="com.dotmarketing.business.DeterministicIdentifierAPITest" time="0.601"/>
  <testcase name="Test_Generate_Content_Type_Identifier[0: ContentTypeTestCase{contentType=KeyValueContentType{name=Language Variable, id=f4d7c1b8-2c88-4071-abf1-a5328977b07d, description=Default Content Type for Language Variables, defaultType=false, fixed=true, iDate=Thu Aug 31 16:38:49 UTC 2017, system=true, versionable=true, variable=Languagevariable, modDate=Mon Jul 17 15:59:45 UTC 2023, host=SYSTEM_HOST, siteName=systemHost, icon=language, sortOrder=0, folder=SYSTEM_FOLDER, folderPath=/, markedForDeletion=true, multilingualable=false}, expectedName='Languagevariable', expectedType='KeyValue'}]" classname="com.dotmarketing.business.DeterministicIdentifierAPITest" time="0.005"/>
  <testcase name="Test_Generate_Content_Type_Identifier[1: ContentTypeTestCase{contentType=SimpleContentType{name=testName1689613501101, id=a4ae451f-6153-4265-93ea-7b4d1f689cd7, description=testDescription1689613501101, defaultType=false, fixed=false, iDate=Mon Jul 17 17:05:01 UTC 2023, system=false, versionable=true, multilingualable=false, variable=testVarname1689613501101, owner=system, modDate=Mon Jul 17 17:05:02 UTC 2023, host=48190c8c-42c4-46af-8d1a-0cd5db894797, siteName=demo.dotcms.com, icon=event_note, sortOrder=0, folder=SYSTEM_FOLDER, folderPath=/, requiredFields=[], markedForDeletion=false}, expectedName='testVarname1689613501101', expectedType='CONTENT'}]" classname="com.dotmarketing.business.DeterministicIdentifierAPITest" time="0.004"/>
  <system-out><![CDATA[]]></system-out>
  <system-err><![CDATA[]]></system-err>
</testsuite>
