<?xml version="1.0" encoding="UTF-8"?>
<testsuite name="com.dotmarketing.business.DeterministicIdentifierAPITest" tests="16" skipped="0" failures="0" errors="0" timestamp="2023-06-27T16:52:01" hostname="fv-az560-754" time="0.809">
  <properties/>
  <testcase name="Test_Category_Path_Seed_And_Id" classname="com.dotmarketing.business.DeterministicIdentifierAPITest" time="0.025"/>
  <testcase name="Test_Language_Deterministic_Id[0: LanguageTestCase{expectedSeed='Language:es:US', expectedHash=4913155, langCode='es', countryCode='US', country='United States'}]" classname="com.dotmarketing.business.DeterministicIdentifierAPITest" time="0.001"/>
  <testcase name="Test_Language_Deterministic_Id[1: LanguageTestCase{expectedSeed='Language:ep:', expectedHash=5292269, langCode='ep', countryCode='', country=''}]" classname="com.dotmarketing.business.DeterministicIdentifierAPITest" time="0.001"/>
  <testcase name="Test_Language_Deterministic_Id[2: LanguageTestCase{expectedSeed='Language:sg:SAG', expectedHash=4713118, langCode='sg', countryCode='SAG', country=''}]" classname="com.dotmarketing.business.DeterministicIdentifierAPITest" time="0.001"/>
  <testcase name="Test_Language_Deterministic_Id[3: LanguageTestCase{expectedSeed='Language:en:NZ', expectedHash=5382528, langCode='en', countryCode='NZ', country='New Zealand'}]" classname="com.dotmarketing.business.DeterministicIdentifierAPITest" time="0.001"/>
  <testcase name="Test_Category_None_Persisted_Category_Should_Return_Deterministic_Id" classname="com.dotmarketing.business.DeterministicIdentifierAPITest" time="0.001"/>
  <testcase name="Test_Asset_Generate_Deterministic_Id_Best_Effort[0: TestCase{versionable=my.host1687884338981.com, parent=System Host, expectedName='my.host1687884338981.com', expectedType='Host'}]" classname="com.dotmarketing.business.DeterministicIdentifierAPITest" time="0.005"/>
  <testcase name="Test_Asset_Generate_Deterministic_Id_Best_Effort[1: TestCase{versionable=com.dotmarketing.portlets.contentlet.model.Contentlet@5f866d[map={modDate=2023-06-27 16:45:39.758, fileName=file10739069228022220826.txt, title=file10739069228022220826.txt, inode=0fb077a8-9be0-4bb4-80a7-064ba4bb924c, __IS_NEW_CONTENT__=true, disabledWYSIWYG=[], host=b63123e7-ddf0-4a99-9ab4-9f1ce1af97f8, stInode=33888b6f-7a8e-4069-b1b6-5c1aa9d0a48d, owner=system, identifier=3ac7bf88-70ef-45d8-b15a-fc4280878349, nullProperties=[wfExpireDate, wfPublishDate, wfActionAssign, wfActionId, wfActionComments, filterKey, whereToSend, wfNeverExpire, _path_to_move, timezoneId, iWantTo, wfPublishTime, wfExpireTime], languageId=1, fileAsset=/home/runner/work/core/custom/assets/0/f/0fb077a8-9be0-4bb4-80a7-064ba4bb924c/fileAsset/file10739069228022220826.txt, folder=dc0c8aa8-4191-41e8-b66e-1502f2179f56, __disable_workflow__=true, sortOrder=0, modUser=system},lowIndexPriority=false,variantId=DEFAULT], parent=com.dotmarketing.portlets.folders.model.Folder@7467847c[identifier=dc0c8aa8-4191-41e8-b66e-1502f2179f56,name=testName1687884339753,sortOrder=0,showOnMenu=false,hostId=b63123e7-ddf0-4a99-9ab4-9f1ce1af97f8,type=folder,title=testTitle1687884339753,filesMasks=,defaultFileType=33888b6f-7a8e-4069-b1b6-5c1aa9d0a48d,modDate=2023-06-27 16:45:39.755,owner=&lt;null&gt;,iDate=2023-06-27 16:45:39.755,inode=dc0c8aa8-4191-41e8-b66e-1502f2179f56,path=/testName1687884339753/], expectedName='file10739069228022220826.txt', expectedType='FileAsset'}]" classname="com.dotmarketing.business.DeterministicIdentifierAPITest" time="0.003"/>
  <testcase name="Test_Asset_Generate_Deterministic_Id_Best_Effort[2: TestCase{versionable=com.dotmarketing.portlets.templates.model.Template@f2371fae, parent=my.host1687884338981.com, expectedName='testTitle1687884339851', expectedType='Template'}]" classname="com.dotmarketing.business.DeterministicIdentifierAPITest" time="0.002"/>
  <testcase name="Test_Asset_Generate_Deterministic_Id_Best_Effort[3: TestCase{versionable=com.dotmarketing.portlets.htmlpageasset.model.HTMLPageAsset@67b5dc47[map={template=a6973acd-af5b-468a-b0e1-f82eb0d4603b, owner=system, identifier=455cc240-888b-43c9-a3a2-14e759dbe87d, nullProperties=[wfExpireDate, wfPublishDate, wfActionAssign, wfActionId, wfActionComments, filterKey, whereToSend, wfNeverExpire, _path_to_move, timezoneId, iWantTo, wfPublishTime, wfExpireTime], modDate=2023-06-27 16:45:39.88, cachettl=0, _is_test_mode=true, languageId=1, title=test-page-title-1687884339876, httpsreq=, url=test-page-url-1687884339876, showOnMenu=, inode=93743606-d2b7-47fb-8e55-60562ca03a8f, folder=dc0c8aa8-4191-41e8-b66e-1502f2179f56, disabledWYSIWYG=[], sortOrder=1, modUser=system, host=b63123e7-ddf0-4a99-9ab4-9f1ce1af97f8, stInode=c541abb1-69b3-4bc5-8430-5e09e5239cc8, friendlyName=test-page-friendly-name-1687884339876},lowIndexPriority=false,variantId=DEFAULT], parent=com.dotmarketing.portlets.folders.model.Folder@7467847c[identifier=dc0c8aa8-4191-41e8-b66e-1502f2179f56,name=testName1687884339753,sortOrder=0,showOnMenu=false,hostId=b63123e7-ddf0-4a99-9ab4-9f1ce1af97f8,type=folder,title=testTitle1687884339753,filesMasks=,defaultFileType=33888b6f-7a8e-4069-b1b6-5c1aa9d0a48d,modDate=2023-06-27 16:45:39.755,owner=&lt;null&gt;,iDate=2023-06-27 16:45:39.755,inode=dc0c8aa8-4191-41e8-b66e-1502f2179f56,path=/testName1687884339753/], expectedName='test-page-url-1687884339876', expectedType='htmlpageasset'}]" classname="com.dotmarketing.business.DeterministicIdentifierAPITest" time="0.002"/>
  <testcase name="Test_Asset_Generate_Deterministic_Id_Best_Effort[4: TestCase{versionable=com.dotmarketing.portlets.contentlet.model.Contentlet@72300059[map={fileAsset2=/home/runner/work/core/custom/assets/3/5/35c4cd5e-ebcc-432a-9d73-c21dded6815e/fileAsset2/test_binary1687884340741.png, modDate=2023-06-27 16:45:40.745, fileAsset1=/home/runner/work/core/custom/assets/3/5/35c4cd5e-ebcc-432a-9d73-c21dded6815e/fileAsset1/test_binary1687884340741.jpg, title=blah, inode=35c4cd5e-ebcc-432a-9d73-c21dded6815e, __IS_NEW_CONTENT__=true, disabledWYSIWYG=[], host=48190c8c-42c4-46af-8d1a-0cd5db894797, stInode=b31582f1-c3bd-4f06-914e-14185d804f89, owner=system, identifier=084ef018-4d5b-41c9-b208-ec9211df6b36, nullProperties=[], languageId=1, image1=7c3799d2-eb20-4686-af6e-dfade218e6cd, folder=SYSTEM_FOLDER, __disable_workflow__=true, sortOrder=0, modUser=system},lowIndexPriority=false,variantId=DEFAULT], parent=demo.dotcms.com, expectedName='test_binary1687884340741.jpg:test_binary1687884340741.png', expectedType='MultipleBinaries1687884340078'}]" classname="com.dotmarketing.business.DeterministicIdentifierAPITest" time="0.003"/>
  <testcase name="Test_Asset_Generate_Deterministic_Id_Best_Effort[5: TestCase{versionable=namef24f256321 : keyTagf24f256321, parent=my.host1687884338981.com, expectedName='keyTagf24f256321', expectedType='persona'}]" classname="com.dotmarketing.business.DeterministicIdentifierAPITest" time="0.003"/>
  <testcase name="Test_Similar_Content_Type_Wont_Clash" classname="com.dotmarketing.business.DeterministicIdentifierAPITest" time="0.423"/>
  <testcase name="Test_Generate_Folder_Identifier" classname="com.dotmarketing.business.DeterministicIdentifierAPITest" time="0.324"/>
  <testcase name="Test_Generate_Content_Type_Identifier[0: ContentTypeTestCase{contentType=KeyValueContentType{name=Language Variable, id=f4d7c1b8-2c88-4071-abf1-a5328977b07d, description=Default Content Type for Language Variables, defaultType=false, fixed=true, iDate=Thu Aug 31 16:38:49 UTC 2017, system=true, versionable=true, variable=Languagevariable, modDate=Tue Jun 27 15:43:05 UTC 2023, host=SYSTEM_HOST, siteName=systemHost, icon=language, sortOrder=0, folder=SYSTEM_FOLDER, folderPath=/, markedForDeletion=true, multilingualable=false}, expectedName='Languagevariable', expectedType='KeyValue'}]" classname="com.dotmarketing.business.DeterministicIdentifierAPITest" time="0.005"/>
  <testcase name="Test_Generate_Content_Type_Identifier[1: ContentTypeTestCase{contentType=SimpleContentType{name=testName1687884341113, id=5d1e7b8c-947f-4f6b-a373-36b02db335b0, description=testDescription1687884341113, defaultType=false, fixed=false, iDate=Tue Jun 27 16:45:41 UTC 2023, system=false, versionable=true, multilingualable=false, variable=testVarname1687884341113, owner=system, modDate=Tue Jun 27 16:45:41 UTC 2023, host=48190c8c-42c4-46af-8d1a-0cd5db894797, siteName=demo.dotcms.com, icon=event_note, sortOrder=0, folder=SYSTEM_FOLDER, folderPath=/, requiredFields=[], markedForDeletion=false}, expectedName='testVarname1687884341113', expectedType='CONTENT'}]" classname="com.dotmarketing.business.DeterministicIdentifierAPITest" time="0.005"/>
  <system-out><![CDATA[]]></system-out>
  <system-err><![CDATA[]]></system-err>
</testsuite>
