<?xml version="1.0" encoding="UTF-8"?>
<testsuite name="com.dotcms.rest.api.v1.content.ContentVersionResourceIntegrationTest" tests="6" skipped="0" failures="0" errors="0" timestamp="2023-07-18T00:37:14" hostname="fv-az877-612" time="5.08">
  <properties/>
  <testcase name="test_Find_All_By_Lang_Expect_OK" classname="com.dotcms.rest.api.v1.content.ContentVersionResourceIntegrationTest" time="2.904"/>
  <testcase name="test_Find_All_By_Lang_Expect_404" classname="com.dotcms.rest.api.v1.content.ContentVersionResourceIntegrationTest" time="0.006"/>
  <testcase name="test_find_multiple_inodes" classname="com.dotcms.rest.api.v1.content.ContentVersionResourceIntegrationTest" time="1.435"/>
  <testcase name="test_Find_All_Expect_OK" classname="com.dotcms.rest.api.v1.content.ContentVersionResourceIntegrationTest" time="0.732"/>
  <testcase name="test_Bad_Request_404" classname="com.dotcms.rest.api.v1.content.ContentVersionResourceIntegrationTest" time="0.002"/>
  <testcase name="test_Find_All_Expect_404" classname="com.dotcms.rest.api.v1.content.ContentVersionResourceIntegrationTest" time="0.001"/>
  <system-out><![CDATA[]]></system-out>
  <system-err><![CDATA[]]></system-err>
</testsuite>
