<?xml version="1.0" encoding="UTF-8"?>
<testsuite name="com.liferay.portal.ejb.UserLocalManagerTest" tests="4" skipped="0" failures="0" errors="0" timestamp="2023-06-28T15:59:51" hostname="fv-az361-558" time="3.629">
  <properties/>
  <testcase name="testInvalidFirstName" classname="com.liferay.portal.ejb.UserLocalManagerTest" time="0.935"/>
  <testcase name="testValidName" classname="com.liferay.portal.ejb.UserLocalManagerTest" time="1.059"/>
  <testcase name="test_user_id_is_UUID" classname="com.liferay.portal.ejb.UserLocalManagerTest" time="0.836"/>
  <testcase name="testInvalidLastName" classname="com.liferay.portal.ejb.UserLocalManagerTest" time="0.798"/>
  <system-out><![CDATA[]]></system-out>
  <system-err><![CDATA[]]></system-err>
</testsuite>
