<?xml version="1.0" encoding="UTF-8"?>
<testsuite name="com.dotmarketing.servlets.ajax.AjaxDirectorServletIntegrationTest" tests="2" skipped="0" failures="0" errors="0" timestamp="2023-07-11T16:38:01" hostname="fv-az221-100" time="2.253">
  <properties/>
  <testcase name="testService[0: com.dotmarketing.servlets.ajax.AjaxDirectorServletTestCase@301c157e]" classname="com.dotmarketing.servlets.ajax.AjaxDirectorServletIntegrationTest" time="1.501"/>
  <testcase name="testService[1: com.dotmarketing.servlets.ajax.AjaxDirectorServletTestCase@7bb728cd]" classname="com.dotmarketing.servlets.ajax.AjaxDirectorServletIntegrationTest" time="0.751"/>
  <system-out><![CDATA[]]></system-out>
  <system-err><![CDATA[]]></system-err>
</testsuite>
