<?xml version="1.0" encoding="UTF-8"?>
<testsuite name="com.dotcms.rest.api.v1.page.PageResourceTest" tests="18" skipped="0" failures="0" errors="0" timestamp="2023-07-12T23:43:47" hostname="fv-az167-45" time="63.396">
  <properties/>
  <testcase name="testRenderWithContent" classname="com.dotcms.rest.api.v1.page.PageResourceTest" time="2.632"/>
  <testcase name="test_addContent_invalid_content_type" classname="com.dotcms.rest.api.v1.page.PageResourceTest" time="5.188"/>
  <testcase name="shouldReturn404ForPageWithURLPatternWithNotLIVEContentInLiveMode" classname="com.dotcms.rest.api.v1.page.PageResourceTest" time="2.296"/>
  <testcase name="shouldReturnPageByURLPattern" classname="com.dotcms.rest.api.v1.page.PageResourceTest" time="2.177"/>
  <testcase name="testRenderPersonalizationVersion" classname="com.dotcms.rest.api.v1.page.PageResourceTest" time="2.37"/>
  <testcase name="shouldResponseWith" classname="com.dotcms.rest.api.v1.page.PageResourceTest" time="13.48"/>
  <testcase name="testGetPersonalizedPersonasOnPage" classname="com.dotcms.rest.api.v1.page.PageResourceTest" time="3.044"/>
  <testcase name="getPersonasForLimitedUser" classname="com.dotcms.rest.api.v1.page.PageResourceTest" time="4.401"/>
  <testcase name="testPathParamWithHost" classname="com.dotcms.rest.api.v1.page.PageResourceTest" time="1.98"/>
  <testcase name="shouldReturnLIVE" classname="com.dotcms.rest.api.v1.page.PageResourceTest" time="4.33"/>
  <testcase name="testPathParam" classname="com.dotcms.rest.api.v1.page.PageResourceTest" time="1.849"/>
  <testcase name="shouldKeepTheAParserContainerContentAfterLayoutSaved" classname="com.dotcms.rest.api.v1.page.PageResourceTest" time="3.905"/>
  <testcase name="testOnNumberOfPagesDataAttribute_render" classname="com.dotcms.rest.api.v1.page.PageResourceTest" time="3.386"/>
  <testcase name="testShouldRenderContainers" classname="com.dotcms.rest.api.v1.page.PageResourceTest" time="3.332"/>
  <testcase name="shouldReturn404ForPageWithURLPatternWithNotLIVEContentInAdminMode" classname="com.dotcms.rest.api.v1.page.PageResourceTest" time="1.729"/>
  <testcase name="testNumberContentWithNotDrawTemplate" classname="com.dotcms.rest.api.v1.page.PageResourceTest" time="2.535"/>
  <testcase name="testRender" classname="com.dotcms.rest.api.v1.page.PageResourceTest" time="1.889"/>
  <testcase name="testRenderNotPersonalizationVersion" classname="com.dotcms.rest.api.v1.page.PageResourceTest" time="2.872"/>
  <system-out><![CDATA[
]]></system-out>
  <system-err><![CDATA[]]></system-err>
</testsuite>
