<?xml version="1.0" encoding="UTF-8"?>
<testsuite name="com.dotcms.rest.TagResourceIntegrationTest" tests="4" skipped="0" failures="0" errors="0" timestamp="2023-06-27T23:27:31" hostname="fv-az168-423" time="0.36">
  <properties/>
  <testcase name="testList[0: com.dotcms.rest.TagResourceTestCase@58dfe943]" classname="com.dotcms.rest.TagResourceIntegrationTest" time="0.274"/>
  <testcase name="testList[1: com.dotcms.rest.TagResourceTestCase@6888b2ab]" classname="com.dotcms.rest.TagResourceIntegrationTest" time="0.036"/>
  <testcase name="testList[2: com.dotcms.rest.TagResourceTestCase@32875d8d]" classname="com.dotcms.rest.TagResourceIntegrationTest" time="0.022"/>
  <testcase name="testList[3: com.dotcms.rest.TagResourceTestCase@3a015e60]" classname="com.dotcms.rest.TagResourceIntegrationTest" time="0.026"/>
  <system-out><![CDATA[]]></system-out>
  <system-err><![CDATA[Jun 27, 2023 11:27:31 PM com.dotcms.repackage.org.hibernate.validator.internal.util.Version <clinit>
INFO: HV000001: Hibernate Validator 4.3.2.Final
]]></system-err>
</testsuite>
