<?xml version="1.0" encoding="UTF-8"?>
<testsuite name="com.dotmarketing.portlets.browser.BrowserUtilTest" tests="11" skipped="0" failures="0" errors="0" timestamp="2023-06-22T20:36:15" hostname="fv-az456-887" time="24.807">
  <properties/>
  <testcase name="defaultPathEqualsToFolderSelectedFolder" classname="com.dotmarketing.portlets.browser.BrowserUtilTest" time="1.32"/>
  <testcase name="defaultPathEqualsToFolderHostField" classname="com.dotmarketing.portlets.browser.BrowserUtilTest" time="3.08"/>
  <testcase name="defaultPathEqualsToFieldVariablePathIds" classname="com.dotmarketing.portlets.browser.BrowserUtilTest" time="2.194"/>
  <testcase name="defaultPathEqualsToWrongFieldVariable" classname="com.dotmarketing.portlets.browser.BrowserUtilTest" time="1.981"/>
  <testcase name="defaultPathEqualsToFieldVariableAbsolutePath" classname="com.dotmarketing.portlets.browser.BrowserUtilTest" time="2.025"/>
  <testcase name="defaultPathEqualsToFolderCurrentHost" classname="com.dotmarketing.portlets.browser.BrowserUtilTest" time="2.009"/>
  <testcase name="defaultPathEqualsToFieldVariableAbsolutePathPathIds" classname="com.dotmarketing.portlets.browser.BrowserUtilTest" time="2.065"/>
  <testcase name="defaultPathEqualsToFieldVariable" classname="com.dotmarketing.portlets.browser.BrowserUtilTest" time="3.022"/>
  <testcase name="defaultPathEqualsToExistingImage" classname="com.dotmarketing.portlets.browser.BrowserUtilTest" time="3.014"/>
  <testcase name="defaultPathEqualsToExistingImagePathIds" classname="com.dotmarketing.portlets.browser.BrowserUtilTest" time="2.412"/>
  <testcase name="defaultPathEqualsToFolderHostFieldNoValue" classname="com.dotmarketing.portlets.browser.BrowserUtilTest" time="1.683"/>
  <system-out><![CDATA[]]></system-out>
  <system-err><![CDATA[]]></system-err>
</testsuite>
