<?xml version="1.0" encoding="UTF-8"?>
<testsuite name="com.dotmarketing.startup.runonce.Task05030UpdateSystemContentTypesHostTest" tests="1" skipped="0" failures="0" errors="0" timestamp="2023-06-29T21:18:42" hostname="fv-az576-571" time="0.384">
  <properties/>
  <testcase name="testExecuteUpgrade" classname="com.dotmarketing.startup.runonce.Task05030UpdateSystemContentTypesHostTest" time="0.384"/>
  <system-out><![CDATA[]]></system-out>
  <system-err><![CDATA[]]></system-err>
</testsuite>
