<?xml version="1.0" encoding="UTF-8"?>
<testsuite name="com.dotcms.enterprise.publishing.remote.PushPublishBundleGeneratorTest" tests="10" skipped="0" failures="0" errors="0" timestamp="2023-07-14T22:02:06" hostname="fv-az613-925" time="15.153">
  <properties/>
  <testcase name="Test_GenerateBundle_PageWithTemplateDeleted_PageSuccessfullyAddedToBundle" classname="com.dotcms.enterprise.publishing.remote.PushPublishBundleGeneratorTest" time="1.35"/>
  <testcase name="testGenerateBundleWithFilter_DependenciesFalse_TemplateContainerFolderContenttypeContentlet_NotAdded" classname="com.dotcms.enterprise.publishing.remote.PushPublishBundleGeneratorTest" time="1.451"/>
  <testcase name="testGenerateBundleWithFilter_ExcludeDependencyQuery_ContentFromChildContentType_NotAdded" classname="com.dotcms.enterprise.publishing.remote.PushPublishBundleGeneratorTest" time="2.739"/>
  <testcase name="testGenerateBundleWithFilter_RelationshipsFalse_ChildcontentletChildcontentyypeRelationship_NotAdded" classname="com.dotcms.enterprise.publishing.remote.PushPublishBundleGeneratorTest" time="1.735"/>
  <testcase name="Test_GenerateBundle_FileAssetZeroBytes_ContentAllowZeroLengthFilesSetToTrue_Success" classname="com.dotcms.enterprise.publishing.remote.PushPublishBundleGeneratorTest" time="1.339"/>
  <testcase name="Test_GenerateBundle_FileAssetZeroBytes_ContentAllowZeroLengthFilesSetToFalse_DotBundleException" classname="com.dotcms.enterprise.publishing.remote.PushPublishBundleGeneratorTest" time="1.111"/>
  <testcase name="testGenerateBundleWithFilter_ExcludeClasses_TemplateContainer_NotAdded" classname="com.dotcms.enterprise.publishing.remote.PushPublishBundleGeneratorTest" time="0.149"/>
  <testcase name="testGenerateBundle_FilterDependenciesAndForcePushFalse_ContentExplicitlyAddedMustBePushedRegardlessPushDate" classname="com.dotcms.enterprise.publishing.remote.PushPublishBundleGeneratorTest" time="1.504"/>
  <testcase name="testGenerateBundleWithFilter_ExcludeDependencyClasses_ContentTypeWorkflow_NotAdded" classname="com.dotcms.enterprise.publishing.remote.PushPublishBundleGeneratorTest" time="1.782"/>
  <testcase name="testGenerateBundleWithFilter_ExcludeQuery_BaseTypeWidget_NotAdded" classname="com.dotcms.enterprise.publishing.remote.PushPublishBundleGeneratorTest" time="1.99"/>
  <system-out><![CDATA[]]></system-out>
  <system-err><![CDATA[]]></system-err>
</testsuite>
