<?xml version="1.0" encoding="UTF-8"?>
<testsuite name="com.dotmarketing.portlets.structure.model.ContentletRelationshipsTest" tests="7" skipped="0" failures="0" errors="0" timestamp="2023-07-03T17:47:23" hostname="fv-az313-710" time="7.245">
  <properties/>
  <testcase name="testDoesAllowOnlyOne[0: com.dotmarketing.portlets.structure.model.ContentletRelationshipsTest$CardinalityTestCase@5d7d40f9]" classname="com.dotmarketing.portlets.structure.model.ContentletRelationshipsTest" time="0.47"/>
  <testcase name="testDoesAllowOnlyOne[1: com.dotmarketing.portlets.structure.model.ContentletRelationshipsTest$CardinalityTestCase@bfed9e5]" classname="com.dotmarketing.portlets.structure.model.ContentletRelationshipsTest" time="0.424"/>
  <testcase name="testDoesAllowOnlyOne[2: com.dotmarketing.portlets.structure.model.ContentletRelationshipsTest$CardinalityTestCase@4d42f1b7]" classname="com.dotmarketing.portlets.structure.model.ContentletRelationshipsTest" time="0.392"/>
  <testcase name="testGetRelationshipRecords[0: com.dotmarketing.portlets.structure.model.ContentletRelationshipsTest$TestCase@71f11346]" classname="com.dotmarketing.portlets.structure.model.ContentletRelationshipsTest" time="0.813"/>
  <testcase name="testGetRelationshipRecords[1: com.dotmarketing.portlets.structure.model.ContentletRelationshipsTest$TestCase@46bcef09]" classname="com.dotmarketing.portlets.structure.model.ContentletRelationshipsTest" time="1.782"/>
  <testcase name="testGetRelationshipRecords[2: com.dotmarketing.portlets.structure.model.ContentletRelationshipsTest$TestCase@3bf027ca]" classname="com.dotmarketing.portlets.structure.model.ContentletRelationshipsTest" time="1.668"/>
  <testcase name="testGetRelationshipRecords[3: com.dotmarketing.portlets.structure.model.ContentletRelationshipsTest$TestCase@6165a64a]" classname="com.dotmarketing.portlets.structure.model.ContentletRelationshipsTest" time="1.694"/>
  <system-out><![CDATA[]]></system-out>
  <system-err><![CDATA[]]></system-err>
</testsuite>
