<?xml version="1.0" encoding="UTF-8"?>
<testsuite name="com.dotmarketing.portlets.structure.model.ContentletRelationshipsTest" tests="7" skipped="0" failures="0" errors="0" timestamp="2023-07-18T18:40:55" hostname="fv-az351-382" time="8.796">
  <properties/>
  <testcase name="testDoesAllowOnlyOne[0: com.dotmarketing.portlets.structure.model.ContentletRelationshipsTest$CardinalityTestCase@60452556]" classname="com.dotmarketing.portlets.structure.model.ContentletRelationshipsTest" time="0.46"/>
  <testcase name="testDoesAllowOnlyOne[1: com.dotmarketing.portlets.structure.model.ContentletRelationshipsTest$CardinalityTestCase@570677c0]" classname="com.dotmarketing.portlets.structure.model.ContentletRelationshipsTest" time="0.409"/>
  <testcase name="testDoesAllowOnlyOne[2: com.dotmarketing.portlets.structure.model.ContentletRelationshipsTest$CardinalityTestCase@40d4716b]" classname="com.dotmarketing.portlets.structure.model.ContentletRelationshipsTest" time="0.426"/>
  <testcase name="testGetRelationshipRecords[0: com.dotmarketing.portlets.structure.model.ContentletRelationshipsTest$TestCase@48011923]" classname="com.dotmarketing.portlets.structure.model.ContentletRelationshipsTest" time="1.985"/>
  <testcase name="testGetRelationshipRecords[1: com.dotmarketing.portlets.structure.model.ContentletRelationshipsTest$TestCase@1a7eae0]" classname="com.dotmarketing.portlets.structure.model.ContentletRelationshipsTest" time="1.924"/>
  <testcase name="testGetRelationshipRecords[2: com.dotmarketing.portlets.structure.model.ContentletRelationshipsTest$TestCase@65fb3563]" classname="com.dotmarketing.portlets.structure.model.ContentletRelationshipsTest" time="1.778"/>
  <testcase name="testGetRelationshipRecords[3: com.dotmarketing.portlets.structure.model.ContentletRelationshipsTest$TestCase@6c74f9e]" classname="com.dotmarketing.portlets.structure.model.ContentletRelationshipsTest" time="1.813"/>
  <system-out><![CDATA[]]></system-out>
  <system-err><![CDATA[]]></system-err>
</testsuite>
