<?xml version="1.0" encoding="UTF-8"?>
<testsuite name="com.dotcms.rest.api.v1.vtl.VTLResourceIntegrationTest" tests="6" skipped="0" failures="0" errors="0" timestamp="2023-07-13T16:41:46" hostname="fv-az216-569" time="14.31">
  <properties/>
  <testcase name="testGet[0: com.dotcms.rest.api.v1.vtl.VTLResourceTestCase@14c0c3bc]" classname="com.dotcms.rest.api.v1.vtl.VTLResourceIntegrationTest" time="2.073"/>
  <testcase name="testGet[1: com.dotcms.rest.api.v1.vtl.VTLResourceTestCase@33b99fa]" classname="com.dotcms.rest.api.v1.vtl.VTLResourceIntegrationTest" time="2.138"/>
  <testcase name="testGet[2: com.dotcms.rest.api.v1.vtl.VTLResourceTestCase@2a1062be]" classname="com.dotcms.rest.api.v1.vtl.VTLResourceIntegrationTest" time="3.234"/>
  <testcase name="testGet[3: com.dotcms.rest.api.v1.vtl.VTLResourceTestCase@27028688]" classname="com.dotcms.rest.api.v1.vtl.VTLResourceIntegrationTest" time="2.64"/>
  <testcase name="testGet[4: com.dotcms.rest.api.v1.vtl.VTLResourceTestCase@354d6cf7]" classname="com.dotcms.rest.api.v1.vtl.VTLResourceIntegrationTest" time="2.003"/>
  <testcase name="testGet[5: com.dotcms.rest.api.v1.vtl.VTLResourceTestCase@6a66d7ed]" classname="com.dotcms.rest.api.v1.vtl.VTLResourceIntegrationTest" time="2.221"/>
  <system-out><![CDATA[]]></system-out>
  <system-err><![CDATA[]]></system-err>
</testsuite>
