<?xml version="1.0" encoding="UTF-8"?>
<testsuite name="com.dotmarketing.portlets.structure.model.ContentletRelationshipsTest" tests="7" skipped="0" failures="0" errors="0" timestamp="2023-07-20T23:15:45" hostname="fv-az550-580" time="6.806">
  <properties/>
  <testcase name="testDoesAllowOnlyOne[0: com.dotmarketing.portlets.structure.model.ContentletRelationshipsTest$CardinalityTestCase@4fb1350a]" classname="com.dotmarketing.portlets.structure.model.ContentletRelationshipsTest" time="0.454"/>
  <testcase name="testDoesAllowOnlyOne[1: com.dotmarketing.portlets.structure.model.ContentletRelationshipsTest$CardinalityTestCase@333da2cb]" classname="com.dotmarketing.portlets.structure.model.ContentletRelationshipsTest" time="0.444"/>
  <testcase name="testDoesAllowOnlyOne[2: com.dotmarketing.portlets.structure.model.ContentletRelationshipsTest$CardinalityTestCase@54504a8b]" classname="com.dotmarketing.portlets.structure.model.ContentletRelationshipsTest" time="0.419"/>
  <testcase name="testGetRelationshipRecords[0: com.dotmarketing.portlets.structure.model.ContentletRelationshipsTest$TestCase@6ed53999]" classname="com.dotmarketing.portlets.structure.model.ContentletRelationshipsTest" time="2.006"/>
  <testcase name="testGetRelationshipRecords[1: com.dotmarketing.portlets.structure.model.ContentletRelationshipsTest$TestCase@288a582c]" classname="com.dotmarketing.portlets.structure.model.ContentletRelationshipsTest" time="0.943"/>
  <testcase name="testGetRelationshipRecords[2: com.dotmarketing.portlets.structure.model.ContentletRelationshipsTest$TestCase@76ff9c0c]" classname="com.dotmarketing.portlets.structure.model.ContentletRelationshipsTest" time="1.783"/>
  <testcase name="testGetRelationshipRecords[3: com.dotmarketing.portlets.structure.model.ContentletRelationshipsTest$TestCase@202d944a]" classname="com.dotmarketing.portlets.structure.model.ContentletRelationshipsTest" time="0.757"/>
  <system-out><![CDATA[]]></system-out>
  <system-err><![CDATA[]]></system-err>
</testsuite>
