<?xml version="1.0" encoding="UTF-8"?>
<testsuite name="com.dotcms.enterprise.publishing.staticpublishing.AWSS3PublisherTest" tests="1" skipped="0" failures="0" errors="0" timestamp="2023-07-12T20:50:22" hostname="fv-az1241-832" time="0.476">
  <properties/>
  <testcase name="Test_Should_Force_Push" classname="com.dotcms.enterprise.publishing.staticpublishing.AWSS3PublisherTest" time="0.476"/>
  <system-out><![CDATA[]]></system-out>
  <system-err><![CDATA[]]></system-err>
</testsuite>
