<?xml version="1.0" encoding="UTF-8"?>
<testsuite name="com.dotcms.experiments.business.RootIndexRegexUrlPatterStrategyIntegrationTest" tests="6" skipped="0" failures="0" errors="0" timestamp="2023-07-18T17:37:48" hostname="fv-az370-360" time="11.054">
  <properties/>
  <testcase name="realRootIndexPage" classname="com.dotcms.experiments.business.RootIndexRegexUrlPatterStrategyIntegrationTest" time="1.881"/>
  <testcase name="httpsRealRootIndexPageNotLocalhost" classname="com.dotcms.experiments.business.RootIndexRegexUrlPatterStrategyIntegrationTest" time="2.07"/>
  <testcase name="indexPageButNotRootIndexPage" classname="com.dotcms.experiments.business.RootIndexRegexUrlPatterStrategyIntegrationTest" time="2.146"/>
  <testcase name="realRootIndexPageNotLocalHost" classname="com.dotcms.experiments.business.RootIndexRegexUrlPatterStrategyIntegrationTest" time="1.878"/>
  <testcase name="notIndexPage" classname="com.dotcms.experiments.business.RootIndexRegexUrlPatterStrategyIntegrationTest" time="2.271"/>
  <testcase name="httpsRealRootIndexPage" classname="com.dotcms.experiments.business.RootIndexRegexUrlPatterStrategyIntegrationTest" time="0.808"/>
  <system-out><![CDATA[]]></system-out>
  <system-err><![CDATA[]]></system-err>
</testsuite>
