<?xml version="1.0" encoding="UTF-8"?>
<testsuite name="com.dotcms.rest.api.v1.vtl.VTLResourceIntegrationTest" tests="6" skipped="0" failures="0" errors="0" timestamp="2023-06-29T17:06:56" hostname="fv-az615-773" time="11.377">
  <properties/>
  <testcase name="testGet[0: com.dotcms.rest.api.v1.vtl.VTLResourceTestCase@54ebe4da]" classname="com.dotcms.rest.api.v1.vtl.VTLResourceIntegrationTest" time="2.363"/>
  <testcase name="testGet[1: com.dotcms.rest.api.v1.vtl.VTLResourceTestCase@6c6ecca7]" classname="com.dotcms.rest.api.v1.vtl.VTLResourceIntegrationTest" time="2.276"/>
  <testcase name="testGet[2: com.dotcms.rest.api.v1.vtl.VTLResourceTestCase@76fe4588]" classname="com.dotcms.rest.api.v1.vtl.VTLResourceIntegrationTest" time="0.842"/>
  <testcase name="testGet[3: com.dotcms.rest.api.v1.vtl.VTLResourceTestCase@35a6aa25]" classname="com.dotcms.rest.api.v1.vtl.VTLResourceIntegrationTest" time="1.981"/>
  <testcase name="testGet[4: com.dotcms.rest.api.v1.vtl.VTLResourceTestCase@3e60457f]" classname="com.dotcms.rest.api.v1.vtl.VTLResourceIntegrationTest" time="2.019"/>
  <testcase name="testGet[5: com.dotcms.rest.api.v1.vtl.VTLResourceTestCase@2471ade0]" classname="com.dotcms.rest.api.v1.vtl.VTLResourceIntegrationTest" time="1.895"/>
  <system-out><![CDATA[]]></system-out>
  <system-err><![CDATA[]]></system-err>
</testsuite>
