<?xml version="1.0" encoding="UTF-8"?>
<testsuite name="com.dotcms.rest.api.v1.vtl.VTLResourceIntegrationTest" tests="6" skipped="0" failures="0" errors="0" timestamp="2023-06-22T00:59:34" hostname="fv-az484-488" time="12.393">
  <properties/>
  <testcase name="testGet[0: com.dotcms.rest.api.v1.vtl.VTLResourceTestCase@76f35705]" classname="com.dotcms.rest.api.v1.vtl.VTLResourceIntegrationTest" time="2.418"/>
  <testcase name="testGet[1: com.dotcms.rest.api.v1.vtl.VTLResourceTestCase@76608084]" classname="com.dotcms.rest.api.v1.vtl.VTLResourceIntegrationTest" time="1.961"/>
  <testcase name="testGet[2: com.dotcms.rest.api.v1.vtl.VTLResourceTestCase@45451fe2]" classname="com.dotcms.rest.api.v1.vtl.VTLResourceIntegrationTest" time="2.135"/>
  <testcase name="testGet[3: com.dotcms.rest.api.v1.vtl.VTLResourceTestCase@164de88e]" classname="com.dotcms.rest.api.v1.vtl.VTLResourceIntegrationTest" time="1.842"/>
  <testcase name="testGet[4: com.dotcms.rest.api.v1.vtl.VTLResourceTestCase@7a6ace3d]" classname="com.dotcms.rest.api.v1.vtl.VTLResourceIntegrationTest" time="2.084"/>
  <testcase name="testGet[5: com.dotcms.rest.api.v1.vtl.VTLResourceTestCase@87c1554]" classname="com.dotcms.rest.api.v1.vtl.VTLResourceIntegrationTest" time="1.952"/>
  <system-out><![CDATA[]]></system-out>
  <system-err><![CDATA[]]></system-err>
</testsuite>
