<?xml version="1.0" encoding="UTF-8"?>
<testsuite name="com.dotcms.rest.TagResourceIntegrationTest" tests="4" skipped="0" failures="0" errors="0" timestamp="2023-07-19T17:48:31" hostname="fv-az189-825" time="0.224">
  <properties/>
  <testcase name="testList[0: com.dotcms.rest.TagResourceTestCase@12985d28]" classname="com.dotcms.rest.TagResourceIntegrationTest" time="0.181"/>
  <testcase name="testList[1: com.dotcms.rest.TagResourceTestCase@5655d61c]" classname="com.dotcms.rest.TagResourceIntegrationTest" time="0.016"/>
  <testcase name="testList[2: com.dotcms.rest.TagResourceTestCase@3f1d4a06]" classname="com.dotcms.rest.TagResourceIntegrationTest" time="0.012"/>
  <testcase name="testList[3: com.dotcms.rest.TagResourceTestCase@26d9e805]" classname="com.dotcms.rest.TagResourceIntegrationTest" time="0.015"/>
  <system-out><![CDATA[]]></system-out>
  <system-err><![CDATA[Jul 19, 2023 5:48:31 PM com.dotcms.repackage.org.hibernate.validator.internal.util.Version <clinit>
INFO: HV000001: Hibernate Validator 4.3.2.Final
]]></system-err>
</testsuite>
