<?xml version="1.0" encoding="UTF-8"?>
<testsuite name="com.dotmarketing.servlets.ajax.AjaxDirectorServletIntegrationTest" tests="2" skipped="0" failures="0" errors="0" timestamp="2023-07-11T03:28:33" hostname="fv-az1256-472" time="0.838">
  <properties/>
  <testcase name="testService[0: com.dotmarketing.servlets.ajax.AjaxDirectorServletTestCase@683defb3]" classname="com.dotmarketing.servlets.ajax.AjaxDirectorServletIntegrationTest" time="0.472"/>
  <testcase name="testService[1: com.dotmarketing.servlets.ajax.AjaxDirectorServletTestCase@71a717f9]" classname="com.dotmarketing.servlets.ajax.AjaxDirectorServletIntegrationTest" time="0.366"/>
  <system-out><![CDATA[]]></system-out>
  <system-err><![CDATA[]]></system-err>
</testsuite>
