<?xml version="1.0" encoding="UTF-8"?>
<testsuite name="com.dotcms.rest.elasticsearch.ESContentResourcePortletTest" tests="8" skipped="0" failures="0" errors="0" timestamp="2023-06-29T05:52:34" hostname="fv-az590-241" time="8.974">
  <properties/>
  <testcase name="test_search_includeGrandChildCategory_success" classname="com.dotcms.rest.elasticsearch.ESContentResourcePortletTest" time="2.054"/>
  <testcase name="testSearch[0: com.dotcms.rest.elasticsearch.ESContentResourcePortletTest$TestCase@5f554e33]" classname="com.dotcms.rest.elasticsearch.ESContentResourcePortletTest" time="1.198"/>
  <testcase name="testSearch[1: com.dotcms.rest.elasticsearch.ESContentResourcePortletTest$TestCase@6ac60e2c]" classname="com.dotcms.rest.elasticsearch.ESContentResourcePortletTest" time="0.375"/>
  <testcase name="testSearch[2: com.dotcms.rest.elasticsearch.ESContentResourcePortletTest$TestCase@14336740]" classname="com.dotcms.rest.elasticsearch.ESContentResourcePortletTest" time="1.25"/>
  <testcase name="testSearch[3: com.dotcms.rest.elasticsearch.ESContentResourcePortletTest$TestCase@3acc5c18]" classname="com.dotcms.rest.elasticsearch.ESContentResourcePortletTest" time="1.365"/>
  <testcase name="testSearch[4: com.dotcms.rest.elasticsearch.ESContentResourcePortletTest$TestCase@4f9db9a4]" classname="com.dotcms.rest.elasticsearch.ESContentResourcePortletTest" time="0.356"/>
  <testcase name="testSearch[5: com.dotcms.rest.elasticsearch.ESContentResourcePortletTest$TestCase@15707915]" classname="com.dotcms.rest.elasticsearch.ESContentResourcePortletTest" time="1.214"/>
  <testcase name="testSearch[6: com.dotcms.rest.elasticsearch.ESContentResourcePortletTest$TestCase@1af6059c]" classname="com.dotcms.rest.elasticsearch.ESContentResourcePortletTest" time="1.161"/>
  <system-out><![CDATA[]]></system-out>
  <system-err><![CDATA[]]></system-err>
</testsuite>
