<?xml version="1.0" encoding="UTF-8"?>
<testsuite name="com.dotmarketing.servlets.ajax.AjaxDirectorServletIntegrationTest" tests="2" skipped="0" failures="0" errors="0" timestamp="2023-06-23T19:42:28" hostname="fv-az256-466" time="2.407">
  <properties/>
  <testcase name="testService[0: com.dotmarketing.servlets.ajax.AjaxDirectorServletTestCase@347e5fab]" classname="com.dotmarketing.servlets.ajax.AjaxDirectorServletIntegrationTest" time="1.252"/>
  <testcase name="testService[1: com.dotmarketing.servlets.ajax.AjaxDirectorServletTestCase@246982d2]" classname="com.dotmarketing.servlets.ajax.AjaxDirectorServletIntegrationTest" time="1.155"/>
  <system-out><![CDATA[]]></system-out>
  <system-err><![CDATA[]]></system-err>
</testsuite>
