<?xml version="1.0" encoding="UTF-8"?>
<testsuite name="com.dotcms.rest.api.v1.pushpublish.PushPublishFilterResourceTest" tests="5" skipped="0" failures="0" errors="0" timestamp="2023-07-10T23:37:07" hostname="fv-az339-476" time="2.851">
  <properties/>
  <testcase name="testFilterDescriptorOrderedBySortValue" classname="com.dotcms.rest.api.v1.pushpublish.PushPublishFilterResourceTest" time="0.715"/>
  <testcase name="testFilterDescriptorOrderedAlphabetically" classname="com.dotcms.rest.api.v1.pushpublish.PushPublishFilterResourceTest" time="0.708"/>
  <testcase name="test_getFilter_withUser_success_returnFilter" classname="com.dotcms.rest.api.v1.pushpublish.PushPublishFilterResourceTest" time="0.709"/>
  <testcase name="test_getFilter_noUser_return401" classname="com.dotcms.rest.api.v1.pushpublish.PushPublishFilterResourceTest" time="0.001"/>
  <testcase name="testFilterDescriptorOrderedBySortOrderAndAlphabetically" classname="com.dotcms.rest.api.v1.pushpublish.PushPublishFilterResourceTest" time="0.717"/>
  <system-out><![CDATA[]]></system-out>
  <system-err><![CDATA[]]></system-err>
</testsuite>
