<?xml version="1.0" encoding="UTF-8"?>
<testsuite name="com.dotmarketing.business.DeterministicIdentifierAPITest" tests="16" skipped="0" failures="0" errors="0" timestamp="2023-07-11T21:54:46" hostname="fv-az203-15" time="1.185">
  <properties/>
  <testcase name="Test_Category_Path_Seed_And_Id" classname="com.dotmarketing.business.DeterministicIdentifierAPITest" time="0.028"/>
  <testcase name="Test_Language_Deterministic_Id[0: LanguageTestCase{expectedSeed='Language:es:US', expectedHash=4913155, langCode='es', countryCode='US', country='United States'}]" classname="com.dotmarketing.business.DeterministicIdentifierAPITest" time="0.001"/>
  <testcase name="Test_Language_Deterministic_Id[1: LanguageTestCase{expectedSeed='Language:ep:', expectedHash=5292269, langCode='ep', countryCode='', country=''}]" classname="com.dotmarketing.business.DeterministicIdentifierAPITest" time="0.001"/>
  <testcase name="Test_Language_Deterministic_Id[2: LanguageTestCase{expectedSeed='Language:sg:SAG', expectedHash=4713118, langCode='sg', countryCode='SAG', country=''}]" classname="com.dotmarketing.business.DeterministicIdentifierAPITest" time="0.001"/>
  <testcase name="Test_Language_Deterministic_Id[3: LanguageTestCase{expectedSeed='Language:en:NZ', expectedHash=5382528, langCode='en', countryCode='NZ', country='New Zealand'}]" classname="com.dotmarketing.business.DeterministicIdentifierAPITest" time="0.001"/>
  <testcase name="Test_Category_None_Persisted_Category_Should_Return_Deterministic_Id" classname="com.dotmarketing.business.DeterministicIdentifierAPITest" time="0.001"/>
  <testcase name="Test_Asset_Generate_Deterministic_Id_Best_Effort[0: TestCase{versionable=my.host1689112099819.com, parent=System Host, expectedName='my.host1689112099819.com', expectedType='Host'}]" classname="com.dotmarketing.business.DeterministicIdentifierAPITest" time="0.005"/>
  <testcase name="Test_Asset_Generate_Deterministic_Id_Best_Effort[1: TestCase{versionable=com.dotmarketing.portlets.contentlet.model.Contentlet@7c66b404[map={modDate=2023-07-11 21:48:20.595, fileName=file15603279359355787164.txt, title=file15603279359355787164.txt, inode=620388db-3173-4334-b04e-41845affce05, __IS_NEW_CONTENT__=true, disabledWYSIWYG=[], host=7c36ab20-8e12-491c-bf8e-e7e5c977f41a, stInode=33888b6f-7a8e-4069-b1b6-5c1aa9d0a48d, owner=system, identifier=2d29b624-a056-4162-8033-bbbf52c2f39b, nullProperties=[wfExpireDate, wfPublishDate, wfActionAssign, wfActionId, wfActionComments, filterKey, whereToSend, wfNeverExpire, _path_to_move, timezoneId, iWantTo, wfPublishTime, wfExpireTime], languageId=1, fileAsset=/home/runner/work/core/custom/assets/6/2/620388db-3173-4334-b04e-41845affce05/fileAsset/file15603279359355787164.txt, folder=d5864584-0a3c-4c96-9c15-22b7a43264ea, __disable_workflow__=true, sortOrder=0, modUser=system},lowIndexPriority=false,variantId=DEFAULT], parent=com.dotmarketing.portlets.folders.model.Folder@6ffe89c6[identifier=d5864584-0a3c-4c96-9c15-22b7a43264ea,name=testName1689112100589,sortOrder=0,showOnMenu=false,hostId=7c36ab20-8e12-491c-bf8e-e7e5c977f41a,type=folder,title=testTitle1689112100589,filesMasks=,defaultFileType=33888b6f-7a8e-4069-b1b6-5c1aa9d0a48d,modDate=2023-07-11 21:48:20.591,owner=&lt;null&gt;,iDate=2023-07-11 21:48:20.591,inode=d5864584-0a3c-4c96-9c15-22b7a43264ea,path=/testName1689112100589/], expectedName='file15603279359355787164.txt', expectedType='FileAsset'}]" classname="com.dotmarketing.business.DeterministicIdentifierAPITest" time="0.004"/>
  <testcase name="Test_Asset_Generate_Deterministic_Id_Best_Effort[2: TestCase{versionable=com.dotmarketing.portlets.templates.model.Template@653d89b5, parent=my.host1689112099819.com, expectedName='testTitle1689112100687', expectedType='Template'}]" classname="com.dotmarketing.business.DeterministicIdentifierAPITest" time="0.002"/>
  <testcase name="Test_Asset_Generate_Deterministic_Id_Best_Effort[3: TestCase{versionable=com.dotmarketing.portlets.htmlpageasset.model.HTMLPageAsset@43755339[map={template=9c483a3c-165e-4887-9ea5-16c2a8bea459, owner=system, identifier=7a42721f-bba7-4d6e-8466-9e2c0289731d, nullProperties=[wfExpireDate, wfPublishDate, wfActionAssign, wfActionId, wfActionComments, filterKey, whereToSend, wfNeverExpire, _path_to_move, timezoneId, iWantTo, wfPublishTime, wfExpireTime], modDate=2023-07-11 21:48:20.7, cachettl=0, _is_test_mode=true, languageId=1, title=test-page-title-1689112100697, httpsreq=, url=test-page-url-1689112100697, showOnMenu=, inode=3a1b435c-c5ca-4b84-a52f-2ac48166e9f9, folder=d5864584-0a3c-4c96-9c15-22b7a43264ea, disabledWYSIWYG=[], sortOrder=1, modUser=system, host=7c36ab20-8e12-491c-bf8e-e7e5c977f41a, stInode=c541abb1-69b3-4bc5-8430-5e09e5239cc8, friendlyName=test-page-friendly-name-1689112100697},lowIndexPriority=false,variantId=DEFAULT], parent=com.dotmarketing.portlets.folders.model.Folder@6ffe89c6[identifier=d5864584-0a3c-4c96-9c15-22b7a43264ea,name=testName1689112100589,sortOrder=0,showOnMenu=false,hostId=7c36ab20-8e12-491c-bf8e-e7e5c977f41a,type=folder,title=testTitle1689112100589,filesMasks=,defaultFileType=33888b6f-7a8e-4069-b1b6-5c1aa9d0a48d,modDate=2023-07-11 21:48:20.591,owner=&lt;null&gt;,iDate=2023-07-11 21:48:20.591,inode=d5864584-0a3c-4c96-9c15-22b7a43264ea,path=/testName1689112100589/], expectedName='test-page-url-1689112100697', expectedType='htmlpageasset'}]" classname="com.dotmarketing.business.DeterministicIdentifierAPITest" time="0.002"/>
  <testcase name="Test_Asset_Generate_Deterministic_Id_Best_Effort[4: TestCase{versionable=com.dotmarketing.portlets.contentlet.model.Contentlet@4ee134ed[map={fileAsset2=/home/runner/work/core/custom/assets/e/b/ebd35dae-82c3-4136-a195-bbc7eab76333/fileAsset2/test_binary1689112101573.png, modDate=2023-07-11 21:48:21.577, fileAsset1=/home/runner/work/core/custom/assets/e/b/ebd35dae-82c3-4136-a195-bbc7eab76333/fileAsset1/test_binary1689112101573.jpg, title=blah, inode=ebd35dae-82c3-4136-a195-bbc7eab76333, __IS_NEW_CONTENT__=true, disabledWYSIWYG=[], host=48190c8c-42c4-46af-8d1a-0cd5db894797, stInode=6469e6b2-8ae9-4377-aec0-dc7d1c36b6ea, owner=system, identifier=f3b8c69a-a754-4fc1-85a7-eb597420b03e, nullProperties=[], languageId=1, image1=dcdc4a64-67de-4b02-96b5-0d0b1ad16919, folder=SYSTEM_FOLDER, __disable_workflow__=true, sortOrder=0, modUser=system},lowIndexPriority=false,variantId=DEFAULT], parent=demo.dotcms.com, expectedName='test_binary1689112101573.jpg:test_binary1689112101573.png', expectedType='MultipleBinaries1689112100843'}]" classname="com.dotmarketing.business.DeterministicIdentifierAPITest" time="0.003"/>
  <testcase name="Test_Asset_Generate_Deterministic_Id_Best_Effort[5: TestCase{versionable=name9b7c2988cb : keyTag9b7c2988cb, parent=my.host1689112099819.com, expectedName='keyTag9b7c2988cb', expectedType='persona'}]" classname="com.dotmarketing.business.DeterministicIdentifierAPITest" time="0.003"/>
  <testcase name="Test_Similar_Content_Type_Wont_Clash" classname="com.dotmarketing.business.DeterministicIdentifierAPITest" time="0.45"/>
  <testcase name="Test_Generate_Folder_Identifier" classname="com.dotmarketing.business.DeterministicIdentifierAPITest" time="0.668"/>
  <testcase name="Test_Generate_Content_Type_Identifier[0: ContentTypeTestCase{contentType=KeyValueContentType{name=Language Variable, id=f4d7c1b8-2c88-4071-abf1-a5328977b07d, description=Default Content Type for Language Variables, defaultType=false, fixed=true, iDate=Thu Aug 31 16:38:49 UTC 2017, system=true, versionable=true, variable=Languagevariable, modDate=Tue Jul 11 20:41:39 UTC 2023, host=SYSTEM_HOST, siteName=systemHost, icon=language, sortOrder=0, folder=SYSTEM_FOLDER, folderPath=/, markedForDeletion=true, multilingualable=false}, expectedName='Languagevariable', expectedType='KeyValue'}]" classname="com.dotmarketing.business.DeterministicIdentifierAPITest" time="0.007"/>
  <testcase name="Test_Generate_Content_Type_Identifier[1: ContentTypeTestCase{contentType=SimpleContentType{name=testName1689112101972, id=c4824e64-2b97-41fd-81d5-67b821a1553e, description=testDescription1689112101972, defaultType=false, fixed=false, iDate=Tue Jul 11 21:48:21 UTC 2023, system=false, versionable=true, multilingualable=false, variable=testVarname1689112101972, owner=system, modDate=Tue Jul 11 21:48:22 UTC 2023, host=48190c8c-42c4-46af-8d1a-0cd5db894797, siteName=demo.dotcms.com, icon=event_note, sortOrder=0, folder=SYSTEM_FOLDER, folderPath=/, requiredFields=[], markedForDeletion=false}, expectedName='testVarname1689112101972', expectedType='CONTENT'}]" classname="com.dotmarketing.business.DeterministicIdentifierAPITest" time="0.006"/>
  <system-out><![CDATA[]]></system-out>
  <system-err><![CDATA[]]></system-err>
</testsuite>
