<?xml version="1.0" encoding="UTF-8"?>
<testsuite name="com.dotmarketing.portlets.contentlet.transform.WidgetViewStrategyTest" tests="3" skipped="0" failures="0" errors="0" timestamp="2023-07-21T17:52:22" hostname="fv-az454-899" time="0.04">
  <properties/>
  <testcase name="test_widget_returns_WITH_json" classname="com.dotmarketing.portlets.contentlet.transform.WidgetViewStrategyTest" time="0.018"/>
  <testcase name="test_widget_does_not_modify_real_request_session" classname="com.dotmarketing.portlets.contentlet.transform.WidgetViewStrategyTest" time="0.01"/>
  <testcase name="test_widget_returns_NO_json" classname="com.dotmarketing.portlets.contentlet.transform.WidgetViewStrategyTest" time="0.012"/>
  <system-out><![CDATA[]]></system-out>
  <system-err><![CDATA[]]></system-err>
</testsuite>
