<?xml version="1.0" encoding="UTF-8"?>
<testsuite name="com.dotmarketing.business.DeterministicIdentifierAPITest" tests="16" skipped="0" failures="0" errors="0" timestamp="2023-07-13T22:57:43" hostname="fv-az166-219" time="0.661">
  <properties/>
  <testcase name="Test_Category_Path_Seed_And_Id" classname="com.dotmarketing.business.DeterministicIdentifierAPITest" time="0.02"/>
  <testcase name="Test_Language_Deterministic_Id[0: LanguageTestCase{expectedSeed='Language:es:US', expectedHash=4913155, langCode='es', countryCode='US', country='United States'}]" classname="com.dotmarketing.business.DeterministicIdentifierAPITest" time="0.001"/>
  <testcase name="Test_Language_Deterministic_Id[1: LanguageTestCase{expectedSeed='Language:ep:', expectedHash=5292269, langCode='ep', countryCode='', country=''}]" classname="com.dotmarketing.business.DeterministicIdentifierAPITest" time="0.001"/>
  <testcase name="Test_Language_Deterministic_Id[2: LanguageTestCase{expectedSeed='Language:sg:SAG', expectedHash=4713118, langCode='sg', countryCode='SAG', country=''}]" classname="com.dotmarketing.business.DeterministicIdentifierAPITest" time="0.0"/>
  <testcase name="Test_Language_Deterministic_Id[3: LanguageTestCase{expectedSeed='Language:en:NZ', expectedHash=5382528, langCode='en', countryCode='NZ', country='New Zealand'}]" classname="com.dotmarketing.business.DeterministicIdentifierAPITest" time="0.001"/>
  <testcase name="Test_Category_None_Persisted_Category_Should_Return_Deterministic_Id" classname="com.dotmarketing.business.DeterministicIdentifierAPITest" time="0.001"/>
  <testcase name="Test_Asset_Generate_Deterministic_Id_Best_Effort[0: TestCase{versionable=my.host1689288676067.com, parent=System Host, expectedName='my.host1689288676067.com', expectedType='Host'}]" classname="com.dotmarketing.business.DeterministicIdentifierAPITest" time="0.003"/>
  <testcase name="Test_Asset_Generate_Deterministic_Id_Best_Effort[1: TestCase{versionable=com.dotmarketing.portlets.contentlet.model.Contentlet@70928af3[map={modDate=2023-07-13 22:51:16.731, fileName=file14286894730466874586.txt, title=file14286894730466874586.txt, inode=a01ad06a-e1e7-472a-b590-de6626b8cca1, __IS_NEW_CONTENT__=true, disabledWYSIWYG=[], host=9c73d9f6-203a-4166-8d89-69a8fab10ce9, stInode=33888b6f-7a8e-4069-b1b6-5c1aa9d0a48d, owner=system, identifier=8dc4743c-bc0e-4d23-8361-6d01e943431c, nullProperties=[wfExpireDate, wfPublishDate, wfActionAssign, wfActionId, wfActionComments, filterKey, whereToSend, wfNeverExpire, _path_to_move, timezoneId, iWantTo, wfPublishTime, wfExpireTime], languageId=1, fileAsset=/home/runner/work/core/custom/assets/a/0/a01ad06a-e1e7-472a-b590-de6626b8cca1/fileAsset/file14286894730466874586.txt, folder=fda3ee35-c441-4914-b3c3-32b118143401, __disable_workflow__=true, sortOrder=0, modUser=system},lowIndexPriority=false,variantId=DEFAULT], parent=com.dotmarketing.portlets.folders.model.Folder@469f9707[identifier=fda3ee35-c441-4914-b3c3-32b118143401,name=testName1689288676725,sortOrder=0,showOnMenu=false,hostId=9c73d9f6-203a-4166-8d89-69a8fab10ce9,type=folder,title=testTitle1689288676725,filesMasks=,defaultFileType=33888b6f-7a8e-4069-b1b6-5c1aa9d0a48d,modDate=2023-07-13 22:51:16.728,owner=&lt;null&gt;,iDate=2023-07-13 22:51:16.728,inode=fda3ee35-c441-4914-b3c3-32b118143401,path=/testName1689288676725/], expectedName='file14286894730466874586.txt', expectedType='FileAsset'}]" classname="com.dotmarketing.business.DeterministicIdentifierAPITest" time="0.002"/>
  <testcase name="Test_Asset_Generate_Deterministic_Id_Best_Effort[2: TestCase{versionable=com.dotmarketing.portlets.templates.model.Template@ac2754eb, parent=my.host1689288676067.com, expectedName='testTitle1689288676815', expectedType='Template'}]" classname="com.dotmarketing.business.DeterministicIdentifierAPITest" time="0.002"/>
  <testcase name="Test_Asset_Generate_Deterministic_Id_Best_Effort[3: TestCase{versionable=com.dotmarketing.portlets.htmlpageasset.model.HTMLPageAsset@2e928b9e[map={template=20c52377-2ec9-4b2d-ae0a-b12d0f085ec2, owner=system, identifier=620b3327-4051-418a-aa90-b87511959a02, nullProperties=[wfExpireDate, wfPublishDate, wfActionAssign, wfActionId, wfActionComments, filterKey, whereToSend, wfNeverExpire, _path_to_move, timezoneId, iWantTo, wfPublishTime, wfExpireTime], modDate=2023-07-13 22:51:16.83, cachettl=0, _is_test_mode=true, languageId=1, title=test-page-title-1689288676827, httpsreq=, url=test-page-url-1689288676827, showOnMenu=, inode=6d123a49-8e7f-4ba8-981a-02264bf47655, folder=fda3ee35-c441-4914-b3c3-32b118143401, disabledWYSIWYG=[], sortOrder=1, modUser=system, host=9c73d9f6-203a-4166-8d89-69a8fab10ce9, stInode=c541abb1-69b3-4bc5-8430-5e09e5239cc8, friendlyName=test-page-friendly-name-1689288676827},lowIndexPriority=false,variantId=DEFAULT], parent=com.dotmarketing.portlets.folders.model.Folder@469f9707[identifier=fda3ee35-c441-4914-b3c3-32b118143401,name=testName1689288676725,sortOrder=0,showOnMenu=false,hostId=9c73d9f6-203a-4166-8d89-69a8fab10ce9,type=folder,title=testTitle1689288676725,filesMasks=,defaultFileType=33888b6f-7a8e-4069-b1b6-5c1aa9d0a48d,modDate=2023-07-13 22:51:16.728,owner=&lt;null&gt;,iDate=2023-07-13 22:51:16.728,inode=fda3ee35-c441-4914-b3c3-32b118143401,path=/testName1689288676725/], expectedName='test-page-url-1689288676827', expectedType='htmlpageasset'}]" classname="com.dotmarketing.business.DeterministicIdentifierAPITest" time="0.002"/>
  <testcase name="Test_Asset_Generate_Deterministic_Id_Best_Effort[4: TestCase{versionable=com.dotmarketing.portlets.contentlet.model.Contentlet@43480fc7[map={fileAsset2=/home/runner/work/core/custom/assets/3/9/397aaba0-64ef-4316-a410-35bd68263a41/fileAsset2/test_binary1689288677707.png, modDate=2023-07-13 22:51:17.711, fileAsset1=/home/runner/work/core/custom/assets/3/9/397aaba0-64ef-4316-a410-35bd68263a41/fileAsset1/test_binary1689288677707.jpg, title=blah, inode=397aaba0-64ef-4316-a410-35bd68263a41, __IS_NEW_CONTENT__=true, disabledWYSIWYG=[], host=48190c8c-42c4-46af-8d1a-0cd5db894797, stInode=255ebb23-bf49-4d55-a228-851fe10663e1, owner=system, identifier=89577cf6-e496-4f78-9532-b8f8b1edf3c4, nullProperties=[], languageId=1, image1=c4cad9f7-edde-4134-ab32-c6f7ac15e076, folder=SYSTEM_FOLDER, __disable_workflow__=true, sortOrder=0, modUser=system},lowIndexPriority=false,variantId=DEFAULT], parent=demo.dotcms.com, expectedName='test_binary1689288677707.jpg:test_binary1689288677707.png', expectedType='MultipleBinaries1689288677052'}]" classname="com.dotmarketing.business.DeterministicIdentifierAPITest" time="0.003"/>
  <testcase name="Test_Asset_Generate_Deterministic_Id_Best_Effort[5: TestCase{versionable=name6584d21f15 : keyTag6584d21f15, parent=my.host1689288676067.com, expectedName='keyTag6584d21f15', expectedType='persona'}]" classname="com.dotmarketing.business.DeterministicIdentifierAPITest" time="0.002"/>
  <testcase name="Test_Similar_Content_Type_Wont_Clash" classname="com.dotmarketing.business.DeterministicIdentifierAPITest" time="0.424"/>
  <testcase name="Test_Generate_Folder_Identifier" classname="com.dotmarketing.business.DeterministicIdentifierAPITest" time="0.187"/>
  <testcase name="Test_Generate_Content_Type_Identifier[0: ContentTypeTestCase{contentType=KeyValueContentType{name=Language Variable, id=f4d7c1b8-2c88-4071-abf1-a5328977b07d, description=Default Content Type for Language Variables, defaultType=false, fixed=true, iDate=Thu Aug 31 16:38:49 UTC 2017, system=true, versionable=true, variable=Languagevariable, modDate=Thu Jul 13 21:48:19 UTC 2023, host=SYSTEM_HOST, siteName=systemHost, icon=language, sortOrder=0, folder=SYSTEM_FOLDER, folderPath=/, markedForDeletion=true, multilingualable=false}, expectedName='Languagevariable', expectedType='KeyValue'}]" classname="com.dotmarketing.business.DeterministicIdentifierAPITest" time="0.006"/>
  <testcase name="Test_Generate_Content_Type_Identifier[1: ContentTypeTestCase{contentType=SimpleContentType{name=testName1689288678076, id=c5d41aa3-a0dc-4a7d-b922-ca2c35d1e61f, description=testDescription1689288678076, defaultType=false, fixed=false, iDate=Thu Jul 13 22:51:18 UTC 2023, system=false, versionable=true, multilingualable=false, variable=testVarname1689288678076, owner=system, modDate=Thu Jul 13 22:51:18 UTC 2023, host=48190c8c-42c4-46af-8d1a-0cd5db894797, siteName=demo.dotcms.com, icon=event_note, sortOrder=0, folder=SYSTEM_FOLDER, folderPath=/, requiredFields=[], markedForDeletion=false}, expectedName='testVarname1689288678076', expectedType='CONTENT'}]" classname="com.dotmarketing.business.DeterministicIdentifierAPITest" time="0.005"/>
  <system-out><![CDATA[]]></system-out>
  <system-err><![CDATA[]]></system-err>
</testsuite>
