<?xml version="1.0" encoding="UTF-8"?>
<testsuite name="com.dotmarketing.business.DeterministicIdentifierAPITest" tests="16" skipped="0" failures="0" errors="0" timestamp="2023-06-23T16:49:09" hostname="fv-az162-375" time="1.539">
  <properties/>
  <testcase name="Test_Category_Path_Seed_And_Id" classname="com.dotmarketing.business.DeterministicIdentifierAPITest" time="0.024"/>
  <testcase name="Test_Language_Deterministic_Id[0: LanguageTestCase{expectedSeed='Language:es:US', expectedHash=4913155, langCode='es', countryCode='US', country='United States'}]" classname="com.dotmarketing.business.DeterministicIdentifierAPITest" time="0.002"/>
  <testcase name="Test_Language_Deterministic_Id[1: LanguageTestCase{expectedSeed='Language:ep:', expectedHash=5292269, langCode='ep', countryCode='', country=''}]" classname="com.dotmarketing.business.DeterministicIdentifierAPITest" time="0.001"/>
  <testcase name="Test_Language_Deterministic_Id[2: LanguageTestCase{expectedSeed='Language:sg:SAG', expectedHash=4713118, langCode='sg', countryCode='SAG', country=''}]" classname="com.dotmarketing.business.DeterministicIdentifierAPITest" time="0.001"/>
  <testcase name="Test_Language_Deterministic_Id[3: LanguageTestCase{expectedSeed='Language:en:NZ', expectedHash=5382528, langCode='en', countryCode='NZ', country='New Zealand'}]" classname="com.dotmarketing.business.DeterministicIdentifierAPITest" time="0.001"/>
  <testcase name="Test_Category_None_Persisted_Category_Should_Return_Deterministic_Id" classname="com.dotmarketing.business.DeterministicIdentifierAPITest" time="0.002"/>
  <testcase name="Test_Asset_Generate_Deterministic_Id_Best_Effort[0: TestCase{versionable=my.host1687533608015.com, parent=System Host, expectedName='my.host1687533608015.com', expectedType='Host'}]" classname="com.dotmarketing.business.DeterministicIdentifierAPITest" time="0.003"/>
  <testcase name="Test_Asset_Generate_Deterministic_Id_Best_Effort[1: TestCase{versionable=com.dotmarketing.portlets.contentlet.model.Contentlet@6c4b53f0[map={modDate=2023-06-23 15:20:09.027, fileName=file2397087639455712061.txt, title=file2397087639455712061.txt, inode=2cd37b4d-3254-42c7-8fd4-cd69b0fca2af, __IS_NEW_CONTENT__=true, disabledWYSIWYG=[], host=617e2ce6-5266-4835-b8aa-093587d0e915, stInode=33888b6f-7a8e-4069-b1b6-5c1aa9d0a48d, owner=system, identifier=e00489ca-f2cf-4547-9d02-7c6bd0bc0a57, nullProperties=[wfExpireDate, wfPublishDate, wfActionAssign, wfActionId, wfActionComments, filterKey, whereToSend, wfNeverExpire, _path_to_move, timezoneId, iWantTo, wfPublishTime, wfExpireTime], languageId=1, fileAsset=/home/runner/work/core/custom/assets/2/c/2cd37b4d-3254-42c7-8fd4-cd69b0fca2af/fileAsset/file2397087639455712061.txt, folder=12d5df6c-416e-47a6-8971-f9275a0b4e3b, __disable_workflow__=true, sortOrder=0, modUser=system},lowIndexPriority=false,variantId=DEFAULT], parent=com.dotmarketing.portlets.folders.model.Folder@5760f521[identifier=12d5df6c-416e-47a6-8971-f9275a0b4e3b,name=testName1687533609020,sortOrder=0,showOnMenu=false,hostId=617e2ce6-5266-4835-b8aa-093587d0e915,type=folder,title=testTitle1687533609020,filesMasks=,defaultFileType=33888b6f-7a8e-4069-b1b6-5c1aa9d0a48d,modDate=2023-06-23 15:20:09.023,owner=&lt;null&gt;,iDate=2023-06-23 15:20:09.023,inode=12d5df6c-416e-47a6-8971-f9275a0b4e3b,path=/testName1687533609020/], expectedName='file2397087639455712061.txt', expectedType='FileAsset'}]" classname="com.dotmarketing.business.DeterministicIdentifierAPITest" time="0.004"/>
  <testcase name="Test_Asset_Generate_Deterministic_Id_Best_Effort[2: TestCase{versionable=com.dotmarketing.portlets.templates.model.Template@20e5b7cd, parent=my.host1687533608015.com, expectedName='testTitle1687533609084', expectedType='Template'}]" classname="com.dotmarketing.business.DeterministicIdentifierAPITest" time="0.002"/>
  <testcase name="Test_Asset_Generate_Deterministic_Id_Best_Effort[3: TestCase{versionable=com.dotmarketing.portlets.htmlpageasset.model.HTMLPageAsset@2c814bbf[map={template=260d6146-cf09-4bfe-98d3-8756ce1143ff, owner=system, identifier=87bf4779-3902-4c97-aee5-f6f79f07cf9e, nullProperties=[wfExpireDate, wfPublishDate, wfActionAssign, wfActionId, wfActionComments, filterKey, whereToSend, wfNeverExpire, _path_to_move, timezoneId, iWantTo, wfPublishTime, wfExpireTime], modDate=2023-06-23 15:20:09.112, cachettl=0, _is_test_mode=true, languageId=1, title=test-page-title-1687533609102, httpsreq=, url=test-page-url-1687533609102, showOnMenu=, inode=cfa33a5d-e3c3-4f51-8688-4f883e6f928c, folder=12d5df6c-416e-47a6-8971-f9275a0b4e3b, disabledWYSIWYG=[], sortOrder=1, modUser=system, host=617e2ce6-5266-4835-b8aa-093587d0e915, stInode=c541abb1-69b3-4bc5-8430-5e09e5239cc8, friendlyName=test-page-friendly-name-1687533609102},lowIndexPriority=false,variantId=DEFAULT], parent=com.dotmarketing.portlets.folders.model.Folder@5760f521[identifier=12d5df6c-416e-47a6-8971-f9275a0b4e3b,name=testName1687533609020,sortOrder=0,showOnMenu=false,hostId=617e2ce6-5266-4835-b8aa-093587d0e915,type=folder,title=testTitle1687533609020,filesMasks=,defaultFileType=33888b6f-7a8e-4069-b1b6-5c1aa9d0a48d,modDate=2023-06-23 15:20:09.023,owner=&lt;null&gt;,iDate=2023-06-23 15:20:09.023,inode=12d5df6c-416e-47a6-8971-f9275a0b4e3b,path=/testName1687533609020/], expectedName='test-page-url-1687533609102', expectedType='htmlpageasset'}]" classname="com.dotmarketing.business.DeterministicIdentifierAPITest" time="0.003"/>
  <testcase name="Test_Asset_Generate_Deterministic_Id_Best_Effort[4: TestCase{versionable=com.dotmarketing.portlets.contentlet.model.Contentlet@3ba92f63[map={fileAsset2=/home/runner/work/core/custom/assets/c/c/cc7b65ae-1fea-4579-b876-58e19c166cfe/fileAsset2/test_binary1687533610003.png, modDate=2023-06-23 15:20:10.007, fileAsset1=/home/runner/work/core/custom/assets/c/c/cc7b65ae-1fea-4579-b876-58e19c166cfe/fileAsset1/test_binary1687533610003.jpg, title=blah, inode=cc7b65ae-1fea-4579-b876-58e19c166cfe, __IS_NEW_CONTENT__=true, disabledWYSIWYG=[], host=8a7d5e23-da1e-420a-b4f0-471e7da8ea2d, stInode=39b93a25-09f7-4883-943f-407f15e4dd51, owner=system, identifier=7c4795e6-b613-4f77-b176-b82c6a7bdbf1, nullProperties=[], languageId=1, image1=2eb83488-06ab-41b8-8613-4a09c532e046, folder=SYSTEM_FOLDER, __disable_workflow__=true, sortOrder=0, modUser=system},lowIndexPriority=false,variantId=DEFAULT], parent=default, expectedName='test_binary1687533610003.jpg:test_binary1687533610003.png', expectedType='MultipleBinaries1687533609289'}]" classname="com.dotmarketing.business.DeterministicIdentifierAPITest" time="0.007"/>
  <testcase name="Test_Asset_Generate_Deterministic_Id_Best_Effort[5: TestCase{versionable=namedbb9475277 : keyTagdbb9475277, parent=my.host1687533608015.com, expectedName='keyTagdbb9475277', expectedType='persona'}]" classname="com.dotmarketing.business.DeterministicIdentifierAPITest" time="0.006"/>
  <testcase name="Test_Similar_Content_Type_Wont_Clash" classname="com.dotmarketing.business.DeterministicIdentifierAPITest" time="0.395"/>
  <testcase name="Test_Generate_Folder_Identifier" classname="com.dotmarketing.business.DeterministicIdentifierAPITest" time="1.078"/>
  <testcase name="Test_Generate_Content_Type_Identifier[0: ContentTypeTestCase{contentType=KeyValueContentType{name=Language Variable, id=f4d7c1b8-2c88-4071-abf1-a5328977b07d, description=Default Content Type for Language Variables, defaultType=false, fixed=true, iDate=Thu Aug 31 16:38:49 UTC 2017, system=true, versionable=true, variable=Languagevariable, modDate=Fri Jun 23 15:16:53 UTC 2023, host=SYSTEM_HOST, siteName=systemHost, icon=language, sortOrder=0, folder=SYSTEM_FOLDER, folderPath=/, markedForDeletion=false, multilingualable=false}, expectedName='Languagevariable', expectedType='KeyValue'}]" classname="com.dotmarketing.business.DeterministicIdentifierAPITest" time="0.006"/>
  <testcase name="Test_Generate_Content_Type_Identifier[1: ContentTypeTestCase{contentType=SimpleContentType{name=testName1687533610317, id=e71c1d8c-e595-4375-83a9-39b8ba544043, description=testDescription1687533610317, defaultType=false, fixed=false, iDate=Fri Jun 23 15:20:10 UTC 2023, system=false, versionable=true, multilingualable=false, variable=testVarname1687533610317, owner=system, modDate=Fri Jun 23 15:20:10 UTC 2023, host=8a7d5e23-da1e-420a-b4f0-471e7da8ea2d, siteName=default, icon=event_note, sortOrder=0, folder=SYSTEM_FOLDER, folderPath=/, requiredFields=[], markedForDeletion=false}, expectedName='testVarname1687533610317', expectedType='CONTENT'}]" classname="com.dotmarketing.business.DeterministicIdentifierAPITest" time="0.004"/>
  <system-out><![CDATA[]]></system-out>
  <system-err><![CDATA[]]></system-err>
</testsuite>
