<?xml version="1.0" encoding="UTF-8"?>
<testsuite name="com.dotcms.enterprise.publishing.remote.bundler.ContainerBundlerTest" tests="4" skipped="0" failures="0" errors="0" timestamp="2023-06-30T17:28:23" hostname="fv-az452-220" time="0.028">
  <properties/>
  <testcase name="addContainerInBundle[0: com.dotcms.enterprise.publishing.remote.bundler.ContainerBundlerTest$TestCase@67662495]" classname="com.dotcms.enterprise.publishing.remote.bundler.ContainerBundlerTest" time="0.012"/>
  <testcase name="addContainerInBundle[1: com.dotcms.enterprise.publishing.remote.bundler.ContainerBundlerTest$TestCase@3602af9d]" classname="com.dotcms.enterprise.publishing.remote.bundler.ContainerBundlerTest" time="0.006"/>
  <testcase name="addContainerInBundle[2: com.dotcms.enterprise.publishing.remote.bundler.ContainerBundlerTest$TestCase@390dd5e0]" classname="com.dotcms.enterprise.publishing.remote.bundler.ContainerBundlerTest" time="0.004"/>
  <testcase name="addContainerInBundle[3: com.dotcms.enterprise.publishing.remote.bundler.ContainerBundlerTest$TestCase@7e2ce732]" classname="com.dotcms.enterprise.publishing.remote.bundler.ContainerBundlerTest" time="0.004"/>
  <system-out><![CDATA[]]></system-out>
  <system-err><![CDATA[]]></system-err>
</testsuite>
