<?xml version="1.0" encoding="UTF-8"?>
<testsuite name="com.dotcms.workflow.helper.TestSystemActionMappingsHandlerMerger" tests="2" skipped="0" failures="0" errors="0" timestamp="2023-07-19T17:35:16" hostname="fv-az189-825" time="0.097">
  <properties/>
  <testcase name="test_merge_system_actions_for_schemes" classname="com.dotcms.workflow.helper.TestSystemActionMappingsHandlerMerger" time="0.045"/>
  <testcase name="test_merge_system_actions_for_content_types" classname="com.dotcms.workflow.helper.TestSystemActionMappingsHandlerMerger" time="0.051"/>
  <system-out><![CDATA[]]></system-out>
  <system-err><![CDATA[]]></system-err>
</testsuite>
