<?xml version="1.0" encoding="UTF-8"?>
<testsuite name="com.dotcms.rest.api.v1.contenttype.FieldResourceTest" tests="25" skipped="0" failures="0" errors="0" timestamp="2023-07-07T20:07:16" hostname="fv-az422-848" time="105.526">
  <properties/>
  <testcase name="testFieldMultiSelect" classname="com.dotcms.rest.api.v1.contenttype.FieldResourceTest" time="4.684"/>
  <testcase name="testFieldWysiwyg" classname="com.dotcms.rest.api.v1.contenttype.FieldResourceTest" time="4.474"/>
  <testcase name="testFieldCheckbox" classname="com.dotcms.rest.api.v1.contenttype.FieldResourceTest" time="4.297"/>
  <testcase name="testFieldDateTime" classname="com.dotcms.rest.api.v1.contenttype.FieldResourceTest" time="4.357"/>
  <testcase name="testFieldBinary" classname="com.dotcms.rest.api.v1.contenttype.FieldResourceTest" time="4.302"/>
  <testcase name="testFieldCustom" classname="com.dotcms.rest.api.v1.contenttype.FieldResourceTest" time="4.319"/>
  <testcase name="testFieldHidden" classname="com.dotcms.rest.api.v1.contenttype.FieldResourceTest" time="4.403"/>
  <testcase name="testFieldSelect" classname="com.dotcms.rest.api.v1.contenttype.FieldResourceTest" time="4.526"/>
  <testcase name="testFieldTag" classname="com.dotcms.rest.api.v1.contenttype.FieldResourceTest" time="4.36"/>
  <testcase name="testFieldImage" classname="com.dotcms.rest.api.v1.contenttype.FieldResourceTest" time="4.32"/>
  <testcase name="testFieldRadio" classname="com.dotcms.rest.api.v1.contenttype.FieldResourceTest" time="4.461"/>
  <testcase name="testFieldsList" classname="com.dotcms.rest.api.v1.contenttype.FieldResourceTest" time="0.709"/>
  <testcase name="testFieldPermissionTab" classname="com.dotcms.rest.api.v1.contenttype.FieldResourceTest" time="4.303"/>
  <testcase name="testFieldHostFolder" classname="com.dotcms.rest.api.v1.contenttype.FieldResourceTest" time="4.297"/>
  <testcase name="testFieldRelationshipsTab" classname="com.dotcms.rest.api.v1.contenttype.FieldResourceTest" time="4.289"/>
  <testcase name="testFieldLineDivider" classname="com.dotcms.rest.api.v1.contenttype.FieldResourceTest" time="4.303"/>
  <testcase name="testFieldTabDividerField" classname="com.dotcms.rest.api.v1.contenttype.FieldResourceTest" time="4.287"/>
  <testcase name="testFieldTextArea" classname="com.dotcms.rest.api.v1.contenttype.FieldResourceTest" time="4.474"/>
  <testcase name="testFieldConstant" classname="com.dotcms.rest.api.v1.contenttype.FieldResourceTest" time="4.286"/>
  <testcase name="testFieldCategory" classname="com.dotcms.rest.api.v1.contenttype.FieldResourceTest" time="4.292"/>
  <testcase name="testFieldDate" classname="com.dotcms.rest.api.v1.contenttype.FieldResourceTest" time="4.372"/>
  <testcase name="testFieldFile" classname="com.dotcms.rest.api.v1.contenttype.FieldResourceTest" time="4.295"/>
  <testcase name="testFieldText" classname="com.dotcms.rest.api.v1.contenttype.FieldResourceTest" time="4.444"/>
  <testcase name="testFieldTime" classname="com.dotcms.rest.api.v1.contenttype.FieldResourceTest" time="4.337"/>
  <testcase name="testFieldKeyValue" classname="com.dotcms.rest.api.v1.contenttype.FieldResourceTest" time="4.335"/>
  <system-out><![CDATA[]]></system-out>
  <system-err><![CDATA[]]></system-err>
</testsuite>
