<?xml version="1.0" encoding="UTF-8"?>
<testsuite name="com.dotmarketing.factories.MultiTreeAPITest" tests="33" skipped="0" failures="0" errors="0" timestamp="2023-07-10T16:52:26" hostname="fv-az450-691" time="68.957">
  <properties/>
  <testcase name="shouldReplaceEnglishMultiTree" classname="com.dotmarketing.factories.MultiTreeAPITest" time="1.561"/>
  <testcase name="shouldReplaceVariantAndPersonalizationMultiTree" classname="com.dotmarketing.factories.MultiTreeAPITest" time="1.728"/>
  <testcase name="shouldReplaceAllMultiTree" classname="com.dotmarketing.factories.MultiTreeAPITest" time="1.416"/>
  <testcase name="testMultiTreeForContainerStructure" classname="com.dotmarketing.factories.MultiTreeAPITest" time="0.014"/>
  <testcase name="testCleanUpUnusedPersonalization" classname="com.dotmarketing.factories.MultiTreeAPITest" time="0.266"/>
  <testcase name="testSaveMultiTree" classname="com.dotmarketing.factories.MultiTreeAPITest" time="0.004"/>
  <testcase name="testEmptyContainersInDrawedTemplate" classname="com.dotmarketing.factories.MultiTreeAPITest" time="22.035"/>
  <testcase name="testEmptyContainersInAdvancedTemplate" classname="com.dotmarketing.factories.MultiTreeAPITest" time="20.713"/>
  <testcase name="saveUpdateMultiTree" classname="com.dotmarketing.factories.MultiTreeAPITest" time="1.375"/>
  <testcase name="testGetMultiTreesByPersonalizedPage" classname="com.dotmarketing.factories.MultiTreeAPITest" time="0.039"/>
  <testcase name="after_override_multitrees_should_keep_other_pages_contentlet_references" classname="com.dotmarketing.factories.MultiTreeAPITest" time="1.761"/>
  <testcase name="getMultiTreesByVariantWithFallback" classname="com.dotmarketing.factories.MultiTreeAPITest" time="1.431"/>
  <testcase name="testMultiTreesSaveWithEmpty" classname="com.dotmarketing.factories.MultiTreeAPITest" time="0.009"/>
  <testcase name="test_personalize_page_respects_max_contentlet_value_per_persona" classname="com.dotmarketing.factories.MultiTreeAPITest" time="1.411"/>
  <testcase name="copyMultiTreeToNewVariant" classname="com.dotmarketing.factories.MultiTreeAPITest" time="1.673"/>
  <testcase name="savaDifferent" classname="com.dotmarketing.factories.MultiTreeAPITest" time="1.333"/>
  <testcase name="testMultiTreesSavingWithPersonalizationForPage" classname="com.dotmarketing.factories.MultiTreeAPITest" time="0.01"/>
  <testcase name="deleteMultiTreeByPageAndVariant" classname="com.dotmarketing.factories.MultiTreeAPITest" time="1.934"/>
  <testcase name="testDoesPageContentsHaveContainer_no_prefix" classname="com.dotmarketing.factories.MultiTreeAPITest" time="0.0"/>
  <testcase name="multiTreesByVariant" classname="com.dotmarketing.factories.MultiTreeAPITest" time="2.961"/>
  <testcase name="shouldReplaceVariantMultiTree" classname="com.dotmarketing.factories.MultiTreeAPITest" time="1.469"/>
  <testcase name="testReorderWithVariant" classname="com.dotmarketing.factories.MultiTreeAPITest" time="0.071"/>
  <testcase name="testReorder" classname="com.dotmarketing.factories.MultiTreeAPITest" time="0.041"/>
  <testcase name="testDoesPageContentsHaveContainer_with_prefix" classname="com.dotmarketing.factories.MultiTreeAPITest" time="0.0"/>
  <testcase name="testGetPageMultiTrees" classname="com.dotmarketing.factories.MultiTreeAPITest" time="1.35"/>
  <testcase name="testLegacyMultiTreeSave" classname="com.dotmarketing.factories.MultiTreeAPITest" time="0.004"/>
  <testcase name="findByChild" classname="com.dotmarketing.factories.MultiTreeAPITest" time="0.031"/>
  <testcase name="testDeletes" classname="com.dotmarketing.factories.MultiTreeAPITest" time="0.048"/>
  <testcase name="testMultiTreesSave" classname="com.dotmarketing.factories.MultiTreeAPITest" time="0.004"/>
  <testcase name="testMultiTreesSaveAndPersonalizationForPage" classname="com.dotmarketing.factories.MultiTreeAPITest" time="1.277"/>
  <testcase name="testMultiTreesSaveDeleting" classname="com.dotmarketing.factories.MultiTreeAPITest" time="0.006"/>
  <testcase name="getMultiTreesByVariant" classname="com.dotmarketing.factories.MultiTreeAPITest" time="1.552"/>
  <testcase name="test_overridesMultitreesByPersonalization_AddContentTwiceDiffLangEditing_throwException" classname="com.dotmarketing.factories.MultiTreeAPITest" time="1.425"/>
  <system-out><![CDATA[]]></system-out>
  <system-err><![CDATA[]]></system-err>
</testsuite>
