<?xml version="1.0" encoding="UTF-8"?>
<testsuite name="com.dotcms.rest.api.v1.vtl.VTLResourceIntegrationTest" tests="6" skipped="0" failures="0" errors="0" timestamp="2023-06-24T00:27:30" hostname="fv-az309-60" time="12.405">
  <properties/>
  <testcase name="testGet[0: com.dotcms.rest.api.v1.vtl.VTLResourceTestCase@648857b9]" classname="com.dotcms.rest.api.v1.vtl.VTLResourceIntegrationTest" time="2.404"/>
  <testcase name="testGet[1: com.dotcms.rest.api.v1.vtl.VTLResourceTestCase@503e513d]" classname="com.dotcms.rest.api.v1.vtl.VTLResourceIntegrationTest" time="1.923"/>
  <testcase name="testGet[2: com.dotcms.rest.api.v1.vtl.VTLResourceTestCase@5c313c72]" classname="com.dotcms.rest.api.v1.vtl.VTLResourceIntegrationTest" time="2.158"/>
  <testcase name="testGet[3: com.dotcms.rest.api.v1.vtl.VTLResourceTestCase@332c3248]" classname="com.dotcms.rest.api.v1.vtl.VTLResourceIntegrationTest" time="1.93"/>
  <testcase name="testGet[4: com.dotcms.rest.api.v1.vtl.VTLResourceTestCase@15bf8e0b]" classname="com.dotcms.rest.api.v1.vtl.VTLResourceIntegrationTest" time="2.026"/>
  <testcase name="testGet[5: com.dotcms.rest.api.v1.vtl.VTLResourceTestCase@372a8238]" classname="com.dotcms.rest.api.v1.vtl.VTLResourceIntegrationTest" time="1.964"/>
  <system-out><![CDATA[]]></system-out>
  <system-err><![CDATA[]]></system-err>
</testsuite>
