<?xml version="1.0" encoding="UTF-8"?>
<testsuite name="com.dotmarketing.business.DeterministicIdentifierAPITest" tests="16" skipped="0" failures="0" errors="0" timestamp="2023-06-28T09:54:15" hostname="fv-az554-967" time="1.602">
  <properties/>
  <testcase name="Test_Category_Path_Seed_And_Id" classname="com.dotmarketing.business.DeterministicIdentifierAPITest" time="0.026"/>
  <testcase name="Test_Language_Deterministic_Id[0: LanguageTestCase{expectedSeed='Language:es:US', expectedHash=4913155, langCode='es', countryCode='US', country='United States'}]" classname="com.dotmarketing.business.DeterministicIdentifierAPITest" time="0.001"/>
  <testcase name="Test_Language_Deterministic_Id[1: LanguageTestCase{expectedSeed='Language:ep:', expectedHash=5292269, langCode='ep', countryCode='', country=''}]" classname="com.dotmarketing.business.DeterministicIdentifierAPITest" time="0.001"/>
  <testcase name="Test_Language_Deterministic_Id[2: LanguageTestCase{expectedSeed='Language:sg:SAG', expectedHash=4713118, langCode='sg', countryCode='SAG', country=''}]" classname="com.dotmarketing.business.DeterministicIdentifierAPITest" time="0.001"/>
  <testcase name="Test_Language_Deterministic_Id[3: LanguageTestCase{expectedSeed='Language:en:NZ', expectedHash=5382528, langCode='en', countryCode='NZ', country='New Zealand'}]" classname="com.dotmarketing.business.DeterministicIdentifierAPITest" time="0.001"/>
  <testcase name="Test_Category_None_Persisted_Category_Should_Return_Deterministic_Id" classname="com.dotmarketing.business.DeterministicIdentifierAPITest" time="0.001"/>
  <testcase name="Test_Asset_Generate_Deterministic_Id_Best_Effort[0: TestCase{versionable=my.host1687945679996.com, parent=System Host, expectedName='my.host1687945679996.com', expectedType='Host'}]" classname="com.dotmarketing.business.DeterministicIdentifierAPITest" time="0.003"/>
  <testcase name="Test_Asset_Generate_Deterministic_Id_Best_Effort[1: TestCase{versionable=com.dotmarketing.portlets.contentlet.model.Contentlet@5115dea5[map={modDate=2023-06-28 09:48:00.844, fileName=file12498969400986600945.txt, title=file12498969400986600945.txt, inode=a90ae538-a47f-4455-93b0-7d7d66cdc424, __IS_NEW_CONTENT__=true, disabledWYSIWYG=[], host=f0b2eb0d-0114-4fbf-9f03-81395788b3b5, stInode=33888b6f-7a8e-4069-b1b6-5c1aa9d0a48d, owner=system, identifier=3a02cde8-46e4-4877-9a5b-afe1bfc47c13, nullProperties=[wfExpireDate, wfPublishDate, wfActionAssign, wfActionId, wfActionComments, filterKey, whereToSend, wfNeverExpire, _path_to_move, timezoneId, iWantTo, wfPublishTime, wfExpireTime], languageId=1, fileAsset=/home/runner/work/core/custom/assets/a/9/a90ae538-a47f-4455-93b0-7d7d66cdc424/fileAsset/file12498969400986600945.txt, folder=c88c4dc9-b595-4748-b86c-792e04253871, __disable_workflow__=true, sortOrder=0, modUser=system},lowIndexPriority=false,variantId=DEFAULT], parent=com.dotmarketing.portlets.folders.model.Folder@1cf581ed[identifier=c88c4dc9-b595-4748-b86c-792e04253871,name=testName1687945680833,sortOrder=0,showOnMenu=false,hostId=f0b2eb0d-0114-4fbf-9f03-81395788b3b5,type=folder,title=testTitle1687945680833,filesMasks=,defaultFileType=33888b6f-7a8e-4069-b1b6-5c1aa9d0a48d,modDate=2023-06-28 09:48:00.838,owner=&lt;null&gt;,iDate=2023-06-28 09:48:00.838,inode=c88c4dc9-b595-4748-b86c-792e04253871,path=/testName1687945680833/], expectedName='file12498969400986600945.txt', expectedType='FileAsset'}]" classname="com.dotmarketing.business.DeterministicIdentifierAPITest" time="0.003"/>
  <testcase name="Test_Asset_Generate_Deterministic_Id_Best_Effort[2: TestCase{versionable=com.dotmarketing.portlets.templates.model.Template@dc441234, parent=my.host1687945679996.com, expectedName='testTitle1687945680945', expectedType='Template'}]" classname="com.dotmarketing.business.DeterministicIdentifierAPITest" time="0.002"/>
  <testcase name="Test_Asset_Generate_Deterministic_Id_Best_Effort[3: TestCase{versionable=com.dotmarketing.portlets.htmlpageasset.model.HTMLPageAsset@79d40992[map={template=1caba7d4-6695-4a67-a1f2-3228683b9d86, owner=system, identifier=ac7f7aef-266d-4b1a-a0be-bca7f35aac10, nullProperties=[wfExpireDate, wfPublishDate, wfActionAssign, wfActionId, wfActionComments, filterKey, whereToSend, wfNeverExpire, _path_to_move, timezoneId, iWantTo, wfPublishTime, wfExpireTime], modDate=2023-06-28 09:48:00.966, cachettl=0, _is_test_mode=true, languageId=1, title=test-page-title-1687945680961, httpsreq=, url=test-page-url-1687945680961, showOnMenu=, inode=68e54b1d-a425-4585-8c31-16f6767ba6dd, folder=c88c4dc9-b595-4748-b86c-792e04253871, disabledWYSIWYG=[], sortOrder=1, modUser=system, host=f0b2eb0d-0114-4fbf-9f03-81395788b3b5, stInode=c541abb1-69b3-4bc5-8430-5e09e5239cc8, friendlyName=test-page-friendly-name-1687945680961},lowIndexPriority=false,variantId=DEFAULT], parent=com.dotmarketing.portlets.folders.model.Folder@1cf581ed[identifier=c88c4dc9-b595-4748-b86c-792e04253871,name=testName1687945680833,sortOrder=0,showOnMenu=false,hostId=f0b2eb0d-0114-4fbf-9f03-81395788b3b5,type=folder,title=testTitle1687945680833,filesMasks=,defaultFileType=33888b6f-7a8e-4069-b1b6-5c1aa9d0a48d,modDate=2023-06-28 09:48:00.838,owner=&lt;null&gt;,iDate=2023-06-28 09:48:00.838,inode=c88c4dc9-b595-4748-b86c-792e04253871,path=/testName1687945680833/], expectedName='test-page-url-1687945680961', expectedType='htmlpageasset'}]" classname="com.dotmarketing.business.DeterministicIdentifierAPITest" time="0.002"/>
  <testcase name="Test_Asset_Generate_Deterministic_Id_Best_Effort[4: TestCase{versionable=com.dotmarketing.portlets.contentlet.model.Contentlet@6b6438a6[map={fileAsset2=/home/runner/work/core/custom/assets/2/6/26172d72-9084-43f7-a230-1c50168ed2c5/fileAsset2/test_binary1687945681819.png, modDate=2023-06-28 09:48:01.825, fileAsset1=/home/runner/work/core/custom/assets/2/6/26172d72-9084-43f7-a230-1c50168ed2c5/fileAsset1/test_binary1687945681819.jpg, title=blah, inode=26172d72-9084-43f7-a230-1c50168ed2c5, __IS_NEW_CONTENT__=true, disabledWYSIWYG=[], host=48190c8c-42c4-46af-8d1a-0cd5db894797, stInode=6eb27357-f14e-4369-b192-1e341bb97ac1, owner=system, identifier=ada11616-4aa4-4fef-8846-e98941ac9cce, nullProperties=[], languageId=1, image1=e6dcf15c-03c1-449c-bcd7-7675b0cf896d, folder=SYSTEM_FOLDER, __disable_workflow__=true, sortOrder=0, modUser=system},lowIndexPriority=false,variantId=DEFAULT], parent=demo.dotcms.com, expectedName='test_binary1687945681819.jpg:test_binary1687945681819.png', expectedType='MultipleBinaries1687945681118'}]" classname="com.dotmarketing.business.DeterministicIdentifierAPITest" time="0.003"/>
  <testcase name="Test_Asset_Generate_Deterministic_Id_Best_Effort[5: TestCase{versionable=name47e748de25 : keyTag47e748de25, parent=my.host1687945679996.com, expectedName='keyTag47e748de25', expectedType='persona'}]" classname="com.dotmarketing.business.DeterministicIdentifierAPITest" time="0.002"/>
  <testcase name="Test_Similar_Content_Type_Wont_Clash" classname="com.dotmarketing.business.DeterministicIdentifierAPITest" time="0.649"/>
  <testcase name="Test_Generate_Folder_Identifier" classname="com.dotmarketing.business.DeterministicIdentifierAPITest" time="0.89"/>
  <testcase name="Test_Generate_Content_Type_Identifier[0: ContentTypeTestCase{contentType=KeyValueContentType{name=Language Variable, id=f4d7c1b8-2c88-4071-abf1-a5328977b07d, description=Default Content Type for Language Variables, defaultType=false, fixed=true, iDate=Thu Aug 31 16:38:49 UTC 2017, system=true, versionable=true, variable=Languagevariable, modDate=Wed Jun 28 08:44:17 UTC 2023, host=SYSTEM_HOST, siteName=systemHost, icon=language, sortOrder=0, folder=SYSTEM_FOLDER, folderPath=/, markedForDeletion=true, multilingualable=false}, expectedName='Languagevariable', expectedType='KeyValue'}]" classname="com.dotmarketing.business.DeterministicIdentifierAPITest" time="0.006"/>
  <testcase name="Test_Generate_Content_Type_Identifier[1: ContentTypeTestCase{contentType=SimpleContentType{name=testName1687945682180, id=b3837131-354c-49ee-9243-56d0324e41c3, description=testDescription1687945682180, defaultType=false, fixed=false, iDate=Wed Jun 28 09:48:02 UTC 2023, system=false, versionable=true, multilingualable=false, variable=testVarname1687945682180, owner=system, modDate=Wed Jun 28 09:48:03 UTC 2023, host=48190c8c-42c4-46af-8d1a-0cd5db894797, siteName=demo.dotcms.com, icon=event_note, sortOrder=0, folder=SYSTEM_FOLDER, folderPath=/, requiredFields=[], markedForDeletion=false}, expectedName='testVarname1687945682180', expectedType='CONTENT'}]" classname="com.dotmarketing.business.DeterministicIdentifierAPITest" time="0.005"/>
  <system-out><![CDATA[]]></system-out>
  <system-err><![CDATA[]]></system-err>
</testsuite>
