<?xml version="1.0" encoding="UTF-8"?>
<testsuite name="com.dotmarketing.portlets.contentlet.model.ContentletDependenciesTest" tests="1" skipped="0" failures="0" errors="0" timestamp="2023-06-30T02:21:23" hostname="fv-az343-533" time="0.006">
  <properties/>
  <testcase name="test_copy_contentlet_dependencies" classname="com.dotmarketing.portlets.contentlet.model.ContentletDependenciesTest" time="0.006"/>
  <system-out><![CDATA[]]></system-out>
  <system-err><![CDATA[]]></system-err>
</testsuite>
