<?xml version="1.0" encoding="UTF-8"?>
<testsuite name="com.dotcms.enterprise.publishing.remote.bundler.FolderBundlerTest" tests="3" skipped="0" failures="0" errors="0" timestamp="2023-07-15T01:11:08" hostname="fv-az617-846" time="0.015">
  <properties/>
  <testcase name="addFolderInBundle[0: com.dotcms.enterprise.publishing.remote.bundler.FolderBundlerTest$TestCase@40fc966e]" classname="com.dotcms.enterprise.publishing.remote.bundler.FolderBundlerTest" time="0.006"/>
  <testcase name="addFolderInBundle[1: com.dotcms.enterprise.publishing.remote.bundler.FolderBundlerTest$TestCase@5357599a]" classname="com.dotcms.enterprise.publishing.remote.bundler.FolderBundlerTest" time="0.005"/>
  <testcase name="addFolderInBundle[2: com.dotcms.enterprise.publishing.remote.bundler.FolderBundlerTest$TestCase@10c02632]" classname="com.dotcms.enterprise.publishing.remote.bundler.FolderBundlerTest" time="0.004"/>
  <system-out><![CDATA[]]></system-out>
  <system-err><![CDATA[]]></system-err>
</testsuite>
