<?xml version="1.0" encoding="UTF-8"?>
<testsuite name="com.dotcms.rest.elasticsearch.ESContentResourcePortletTest" tests="8" skipped="0" failures="0" errors="0" timestamp="2023-07-13T18:28:59" hostname="fv-az178-328" time="9.877">
  <properties/>
  <testcase name="test_search_includeGrandChildCategory_success" classname="com.dotcms.rest.elasticsearch.ESContentResourcePortletTest" time="1.66"/>
  <testcase name="testSearch[0: com.dotcms.rest.elasticsearch.ESContentResourcePortletTest$TestCase@b6bdace]" classname="com.dotcms.rest.elasticsearch.ESContentResourcePortletTest" time="1.045"/>
  <testcase name="testSearch[1: com.dotcms.rest.elasticsearch.ESContentResourcePortletTest$TestCase@c432977]" classname="com.dotcms.rest.elasticsearch.ESContentResourcePortletTest" time="1.398"/>
  <testcase name="testSearch[2: com.dotcms.rest.elasticsearch.ESContentResourcePortletTest$TestCase@45a206fd]" classname="com.dotcms.rest.elasticsearch.ESContentResourcePortletTest" time="1.075"/>
  <testcase name="testSearch[3: com.dotcms.rest.elasticsearch.ESContentResourcePortletTest$TestCase@3d7adc99]" classname="com.dotcms.rest.elasticsearch.ESContentResourcePortletTest" time="1.338"/>
  <testcase name="testSearch[4: com.dotcms.rest.elasticsearch.ESContentResourcePortletTest$TestCase@6892dc52]" classname="com.dotcms.rest.elasticsearch.ESContentResourcePortletTest" time="1.291"/>
  <testcase name="testSearch[5: com.dotcms.rest.elasticsearch.ESContentResourcePortletTest$TestCase@7d0f58a6]" classname="com.dotcms.rest.elasticsearch.ESContentResourcePortletTest" time="1.069"/>
  <testcase name="testSearch[6: com.dotcms.rest.elasticsearch.ESContentResourcePortletTest$TestCase@284f2c14]" classname="com.dotcms.rest.elasticsearch.ESContentResourcePortletTest" time="0.999"/>
  <system-out><![CDATA[]]></system-out>
  <system-err><![CDATA[]]></system-err>
</testsuite>
