<?xml version="1.0" encoding="UTF-8"?>
<testsuite name="com.dotcms.rest.api.v1.vtl.VTLResourceIntegrationTest" tests="6" skipped="0" failures="0" errors="0" timestamp="2023-06-22T14:17:19" hostname="fv-az361-657" time="12.08">
  <properties/>
  <testcase name="testGet[0: com.dotcms.rest.api.v1.vtl.VTLResourceTestCase@6bce828f]" classname="com.dotcms.rest.api.v1.vtl.VTLResourceIntegrationTest" time="2.024"/>
  <testcase name="testGet[1: com.dotcms.rest.api.v1.vtl.VTLResourceTestCase@5e0a1e34]" classname="com.dotcms.rest.api.v1.vtl.VTLResourceIntegrationTest" time="1.967"/>
  <testcase name="testGet[2: com.dotcms.rest.api.v1.vtl.VTLResourceTestCase@69229aad]" classname="com.dotcms.rest.api.v1.vtl.VTLResourceIntegrationTest" time="2.26"/>
  <testcase name="testGet[3: com.dotcms.rest.api.v1.vtl.VTLResourceTestCase@4b635b7d]" classname="com.dotcms.rest.api.v1.vtl.VTLResourceIntegrationTest" time="1.892"/>
  <testcase name="testGet[4: com.dotcms.rest.api.v1.vtl.VTLResourceTestCase@54a67264]" classname="com.dotcms.rest.api.v1.vtl.VTLResourceIntegrationTest" time="1.915"/>
  <testcase name="testGet[5: com.dotcms.rest.api.v1.vtl.VTLResourceTestCase@5ad33d7a]" classname="com.dotcms.rest.api.v1.vtl.VTLResourceIntegrationTest" time="2.022"/>
  <system-out><![CDATA[]]></system-out>
  <system-err><![CDATA[]]></system-err>
</testsuite>
