<?xml version="1.0" encoding="UTF-8"?>
<testsuite name="com.dotcms.rendering.velocity.viewtools.content.util.ContentUtilsTest" tests="89" skipped="0" failures="0" errors="0" timestamp="2023-06-27T16:39:46" hostname="fv-az206-664" time="403.985">
  <properties/>
  <testcase name="whenTheTimeMachineDateIsNullAndPublishDateInFutureShouldNotReturnAnything" classname="com.dotcms.rendering.velocity.viewtools.content.util.ContentUtilsTest" time="2.946"/>
  <testcase name="test_find_multilingual_contentlet_getContentletSuccessfully" classname="com.dotcms.rendering.velocity.viewtools.content.util.ContentUtilsTest" time="2.131"/>
  <testcase name="whenTheTimeMachineDateAndPublishDateAreTomorrowShouldReturnOneContent" classname="com.dotcms.rendering.velocity.viewtools.content.util.ContentUtilsTest" time="2.955"/>
  <testcase name="testPullRelated[0: com.dotcms.rendering.velocity.viewtools.content.util.ContentUtilsTest$TestCase@3260abb7]" classname="com.dotcms.rendering.velocity.viewtools.content.util.ContentUtilsTest" time="3.67"/>
  <testcase name="testPullRelated[1: com.dotcms.rendering.velocity.viewtools.content.util.ContentUtilsTest$TestCase@7b2f282b]" classname="com.dotcms.rendering.velocity.viewtools.content.util.ContentUtilsTest" time="3.919"/>
  <testcase name="testPullRelated[2: com.dotcms.rendering.velocity.viewtools.content.util.ContentUtilsTest$TestCase@491a6b0b]" classname="com.dotcms.rendering.velocity.viewtools.content.util.ContentUtilsTest" time="4.235"/>
  <testcase name="testPullRelated[3: com.dotcms.rendering.velocity.viewtools.content.util.ContentUtilsTest$TestCase@2ecb9890]" classname="com.dotcms.rendering.velocity.viewtools.content.util.ContentUtilsTest" time="3.785"/>
  <testcase name="testPullRelated[4: com.dotcms.rendering.velocity.viewtools.content.util.ContentUtilsTest$TestCase@19c1a3ed]" classname="com.dotcms.rendering.velocity.viewtools.content.util.ContentUtilsTest" time="4.245"/>
  <testcase name="testPullRelated[5: com.dotcms.rendering.velocity.viewtools.content.util.ContentUtilsTest$TestCase@1badae8e]" classname="com.dotcms.rendering.velocity.viewtools.content.util.ContentUtilsTest" time="3.946"/>
  <testcase name="testPullRelated[6: com.dotcms.rendering.velocity.viewtools.content.util.ContentUtilsTest$TestCase@175ccc3]" classname="com.dotcms.rendering.velocity.viewtools.content.util.ContentUtilsTest" time="4.121"/>
  <testcase name="testPullRelated[7: com.dotcms.rendering.velocity.viewtools.content.util.ContentUtilsTest$TestCase@7388db65]" classname="com.dotcms.rendering.velocity.viewtools.content.util.ContentUtilsTest" time="4.104"/>
  <testcase name="testPullRelated[8: com.dotcms.rendering.velocity.viewtools.content.util.ContentUtilsTest$TestCase@67c2d032]" classname="com.dotcms.rendering.velocity.viewtools.content.util.ContentUtilsTest" time="3.942"/>
  <testcase name="testPullRelated[9: com.dotcms.rendering.velocity.viewtools.content.util.ContentUtilsTest$TestCase@11eddb9a]" classname="com.dotcms.rendering.velocity.viewtools.content.util.ContentUtilsTest" time="4.012"/>
  <testcase name="testPullRelated[10: com.dotcms.rendering.velocity.viewtools.content.util.ContentUtilsTest$TestCase@3e510eb0]" classname="com.dotcms.rendering.velocity.viewtools.content.util.ContentUtilsTest" time="4.264"/>
  <testcase name="testPullRelated[11: com.dotcms.rendering.velocity.viewtools.content.util.ContentUtilsTest$TestCase@bb7a9ec]" classname="com.dotcms.rendering.velocity.viewtools.content.util.ContentUtilsTest" time="3.974"/>
  <testcase name="testPullRelated[12: com.dotcms.rendering.velocity.viewtools.content.util.ContentUtilsTest$TestCase@7a85bbe8]" classname="com.dotcms.rendering.velocity.viewtools.content.util.ContentUtilsTest" time="3.734"/>
  <testcase name="testPullRelated[13: com.dotcms.rendering.velocity.viewtools.content.util.ContentUtilsTest$TestCase@54b9e29]" classname="com.dotcms.rendering.velocity.viewtools.content.util.ContentUtilsTest" time="4.105"/>
  <testcase name="testPullRelated[14: com.dotcms.rendering.velocity.viewtools.content.util.ContentUtilsTest$TestCase@33d934be]" classname="com.dotcms.rendering.velocity.viewtools.content.util.ContentUtilsTest" time="4.265"/>
  <testcase name="testPullRelated[15: com.dotcms.rendering.velocity.viewtools.content.util.ContentUtilsTest$TestCase@51713e0]" classname="com.dotcms.rendering.velocity.viewtools.content.util.ContentUtilsTest" time="4.086"/>
  <testcase name="testPullRelated[16: com.dotcms.rendering.velocity.viewtools.content.util.ContentUtilsTest$TestCase@529aa251]" classname="com.dotcms.rendering.velocity.viewtools.content.util.ContentUtilsTest" time="3.933"/>
  <testcase name="testPullRelated[17: com.dotcms.rendering.velocity.viewtools.content.util.ContentUtilsTest$TestCase@b79c4fd]" classname="com.dotcms.rendering.velocity.viewtools.content.util.ContentUtilsTest" time="4.017"/>
  <testcase name="testPullRelated[18: com.dotcms.rendering.velocity.viewtools.content.util.ContentUtilsTest$TestCase@717f7de8]" classname="com.dotcms.rendering.velocity.viewtools.content.util.ContentUtilsTest" time="4.226"/>
  <testcase name="testPullRelated[19: com.dotcms.rendering.velocity.viewtools.content.util.ContentUtilsTest$TestCase@4ccae834]" classname="com.dotcms.rendering.velocity.viewtools.content.util.ContentUtilsTest" time="3.84"/>
  <testcase name="testPullRelated[20: com.dotcms.rendering.velocity.viewtools.content.util.ContentUtilsTest$TestCase@4bc543d6]" classname="com.dotcms.rendering.velocity.viewtools.content.util.ContentUtilsTest" time="3.993"/>
  <testcase name="testPullRelated[21: com.dotcms.rendering.velocity.viewtools.content.util.ContentUtilsTest$TestCase@e5e287f]" classname="com.dotcms.rendering.velocity.viewtools.content.util.ContentUtilsTest" time="3.812"/>
  <testcase name="testPullRelated[22: com.dotcms.rendering.velocity.viewtools.content.util.ContentUtilsTest$TestCase@4448461]" classname="com.dotcms.rendering.velocity.viewtools.content.util.ContentUtilsTest" time="3.378"/>
  <testcase name="testPullRelated[23: com.dotcms.rendering.velocity.viewtools.content.util.ContentUtilsTest$TestCase@1fd45795]" classname="com.dotcms.rendering.velocity.viewtools.content.util.ContentUtilsTest" time="3.996"/>
  <testcase name="testPullRelated[24: com.dotcms.rendering.velocity.viewtools.content.util.ContentUtilsTest$TestCase@7eee6c4a]" classname="com.dotcms.rendering.velocity.viewtools.content.util.ContentUtilsTest" time="4.019"/>
  <testcase name="testPullRelated[25: com.dotcms.rendering.velocity.viewtools.content.util.ContentUtilsTest$TestCase@10cae38]" classname="com.dotcms.rendering.velocity.viewtools.content.util.ContentUtilsTest" time="4.1"/>
  <testcase name="testPullRelated[26: com.dotcms.rendering.velocity.viewtools.content.util.ContentUtilsTest$TestCase@21cb55f4]" classname="com.dotcms.rendering.velocity.viewtools.content.util.ContentUtilsTest" time="4.035"/>
  <testcase name="testPullRelated[27: com.dotcms.rendering.velocity.viewtools.content.util.ContentUtilsTest$TestCase@1c9ec6a7]" classname="com.dotcms.rendering.velocity.viewtools.content.util.ContentUtilsTest" time="4.007"/>
  <testcase name="testPullRelated[28: com.dotcms.rendering.velocity.viewtools.content.util.ContentUtilsTest$TestCase@111f7542]" classname="com.dotcms.rendering.velocity.viewtools.content.util.ContentUtilsTest" time="4.002"/>
  <testcase name="testPullRelated[29: com.dotcms.rendering.velocity.viewtools.content.util.ContentUtilsTest$TestCase@75866437]" classname="com.dotcms.rendering.velocity.viewtools.content.util.ContentUtilsTest" time="4.111"/>
  <testcase name="testPullRelated[30: com.dotcms.rendering.velocity.viewtools.content.util.ContentUtilsTest$TestCase@e99eb86]" classname="com.dotcms.rendering.velocity.viewtools.content.util.ContentUtilsTest" time="3.961"/>
  <testcase name="testPullRelated[31: com.dotcms.rendering.velocity.viewtools.content.util.ContentUtilsTest$TestCase@64d8af0c]" classname="com.dotcms.rendering.velocity.viewtools.content.util.ContentUtilsTest" time="4.308"/>
  <testcase name="testPullRelated[32: com.dotcms.rendering.velocity.viewtools.content.util.ContentUtilsTest$TestCase@e8773b0]" classname="com.dotcms.rendering.velocity.viewtools.content.util.ContentUtilsTest" time="3.751"/>
  <testcase name="testPullRelated[33: com.dotcms.rendering.velocity.viewtools.content.util.ContentUtilsTest$TestCase@48e6198b]" classname="com.dotcms.rendering.velocity.viewtools.content.util.ContentUtilsTest" time="4.05"/>
  <testcase name="testPullRelated[34: com.dotcms.rendering.velocity.viewtools.content.util.ContentUtilsTest$TestCase@9620eca]" classname="com.dotcms.rendering.velocity.viewtools.content.util.ContentUtilsTest" time="3.382"/>
  <testcase name="testPullRelated[35: com.dotcms.rendering.velocity.viewtools.content.util.ContentUtilsTest$TestCase@28636025]" classname="com.dotcms.rendering.velocity.viewtools.content.util.ContentUtilsTest" time="3.934"/>
  <testcase name="testPullRelated[36: com.dotcms.rendering.velocity.viewtools.content.util.ContentUtilsTest$TestCase@1dcc9c6a]" classname="com.dotcms.rendering.velocity.viewtools.content.util.ContentUtilsTest" time="5.973"/>
  <testcase name="testPullRelated[37: com.dotcms.rendering.velocity.viewtools.content.util.ContentUtilsTest$TestCase@659ef419]" classname="com.dotcms.rendering.velocity.viewtools.content.util.ContentUtilsTest" time="6.133"/>
  <testcase name="testPullRelated[38: com.dotcms.rendering.velocity.viewtools.content.util.ContentUtilsTest$TestCase@7c93b23e]" classname="com.dotcms.rendering.velocity.viewtools.content.util.ContentUtilsTest" time="5.089"/>
  <testcase name="testPullRelated[39: com.dotcms.rendering.velocity.viewtools.content.util.ContentUtilsTest$TestCase@4f4297c1]" classname="com.dotcms.rendering.velocity.viewtools.content.util.ContentUtilsTest" time="6.017"/>
  <testcase name="testPullRelated[40: com.dotcms.rendering.velocity.viewtools.content.util.ContentUtilsTest$TestCase@36146d8f]" classname="com.dotcms.rendering.velocity.viewtools.content.util.ContentUtilsTest" time="6.163"/>
  <testcase name="testPullRelated[41: com.dotcms.rendering.velocity.viewtools.content.util.ContentUtilsTest$TestCase@24b87968]" classname="com.dotcms.rendering.velocity.viewtools.content.util.ContentUtilsTest" time="5.961"/>
  <testcase name="testPullRelated[42: com.dotcms.rendering.velocity.viewtools.content.util.ContentUtilsTest$TestCase@455b3d83]" classname="com.dotcms.rendering.velocity.viewtools.content.util.ContentUtilsTest" time="6.238"/>
  <testcase name="testPullRelated[43: com.dotcms.rendering.velocity.viewtools.content.util.ContentUtilsTest$TestCase@1e7c4676]" classname="com.dotcms.rendering.velocity.viewtools.content.util.ContentUtilsTest" time="5.396"/>
  <testcase name="testPullRelated[44: com.dotcms.rendering.velocity.viewtools.content.util.ContentUtilsTest$TestCase@b112823]" classname="com.dotcms.rendering.velocity.viewtools.content.util.ContentUtilsTest" time="5.634"/>
  <testcase name="testPullRelated[45: com.dotcms.rendering.velocity.viewtools.content.util.ContentUtilsTest$TestCase@6c856310]" classname="com.dotcms.rendering.velocity.viewtools.content.util.ContentUtilsTest" time="4.916"/>
  <testcase name="testPullRelated[46: com.dotcms.rendering.velocity.viewtools.content.util.ContentUtilsTest$TestCase@702eec26]" classname="com.dotcms.rendering.velocity.viewtools.content.util.ContentUtilsTest" time="6.432"/>
  <testcase name="testPullRelated[47: com.dotcms.rendering.velocity.viewtools.content.util.ContentUtilsTest$TestCase@c9d4ba3]" classname="com.dotcms.rendering.velocity.viewtools.content.util.ContentUtilsTest" time="6.172"/>
  <testcase name="testPullRelated[48: com.dotcms.rendering.velocity.viewtools.content.util.ContentUtilsTest$TestCase@e4f2a23]" classname="com.dotcms.rendering.velocity.viewtools.content.util.ContentUtilsTest" time="5.797"/>
  <testcase name="testPullRelated[49: com.dotcms.rendering.velocity.viewtools.content.util.ContentUtilsTest$TestCase@49154519]" classname="com.dotcms.rendering.velocity.viewtools.content.util.ContentUtilsTest" time="6.1"/>
  <testcase name="testPullRelated[50: com.dotcms.rendering.velocity.viewtools.content.util.ContentUtilsTest$TestCase@4edddfc1]" classname="com.dotcms.rendering.velocity.viewtools.content.util.ContentUtilsTest" time="5.299"/>
  <testcase name="testPullRelated[51: com.dotcms.rendering.velocity.viewtools.content.util.ContentUtilsTest$TestCase@28fb55ea]" classname="com.dotcms.rendering.velocity.viewtools.content.util.ContentUtilsTest" time="5.853"/>
  <testcase name="testPullRelated[52: com.dotcms.rendering.velocity.viewtools.content.util.ContentUtilsTest$TestCase@5f127ce4]" classname="com.dotcms.rendering.velocity.viewtools.content.util.ContentUtilsTest" time="6.329"/>
  <testcase name="testPullRelated[53: com.dotcms.rendering.velocity.viewtools.content.util.ContentUtilsTest$TestCase@3cccd792]" classname="com.dotcms.rendering.velocity.viewtools.content.util.ContentUtilsTest" time="5.864"/>
  <testcase name="testPullRelated[54: com.dotcms.rendering.velocity.viewtools.content.util.ContentUtilsTest$TestCase@1ccf241d]" classname="com.dotcms.rendering.velocity.viewtools.content.util.ContentUtilsTest" time="6.271"/>
  <testcase name="testPullRelated[55: com.dotcms.rendering.velocity.viewtools.content.util.ContentUtilsTest$TestCase@6e69766b]" classname="com.dotcms.rendering.velocity.viewtools.content.util.ContentUtilsTest" time="6.094"/>
  <testcase name="testPullRelated[56: com.dotcms.rendering.velocity.viewtools.content.util.ContentUtilsTest$TestCase@22d0c21e]" classname="com.dotcms.rendering.velocity.viewtools.content.util.ContentUtilsTest" time="6.017"/>
  <testcase name="testPullRelated[57: com.dotcms.rendering.velocity.viewtools.content.util.ContentUtilsTest$TestCase@78fae191]" classname="com.dotcms.rendering.velocity.viewtools.content.util.ContentUtilsTest" time="6.118"/>
  <testcase name="testPullRelated[58: com.dotcms.rendering.velocity.viewtools.content.util.ContentUtilsTest$TestCase@1d70dd5f]" classname="com.dotcms.rendering.velocity.viewtools.content.util.ContentUtilsTest" time="6.178"/>
  <testcase name="testPullRelated[59: com.dotcms.rendering.velocity.viewtools.content.util.ContentUtilsTest$TestCase@380f3ab4]" classname="com.dotcms.rendering.velocity.viewtools.content.util.ContentUtilsTest" time="6.068"/>
  <testcase name="testPullRelated[60: com.dotcms.rendering.velocity.viewtools.content.util.ContentUtilsTest$TestCase@1cebcf99]" classname="com.dotcms.rendering.velocity.viewtools.content.util.ContentUtilsTest" time="6.0"/>
  <testcase name="testPullRelated[61: com.dotcms.rendering.velocity.viewtools.content.util.ContentUtilsTest$TestCase@333253fc]" classname="com.dotcms.rendering.velocity.viewtools.content.util.ContentUtilsTest" time="4.987"/>
  <testcase name="testPullRelated[62: com.dotcms.rendering.velocity.viewtools.content.util.ContentUtilsTest$TestCase@28b3eae0]" classname="com.dotcms.rendering.velocity.viewtools.content.util.ContentUtilsTest" time="6.277"/>
  <testcase name="testPullRelated[63: com.dotcms.rendering.velocity.viewtools.content.util.ContentUtilsTest$TestCase@6928afd8]" classname="com.dotcms.rendering.velocity.viewtools.content.util.ContentUtilsTest" time="6.126"/>
  <testcase name="testPullRelated[64: com.dotcms.rendering.velocity.viewtools.content.util.ContentUtilsTest$TestCase@2bfd3263]" classname="com.dotcms.rendering.velocity.viewtools.content.util.ContentUtilsTest" time="4.905"/>
  <testcase name="testPullRelated[65: com.dotcms.rendering.velocity.viewtools.content.util.ContentUtilsTest$TestCase@af12953]" classname="com.dotcms.rendering.velocity.viewtools.content.util.ContentUtilsTest" time="6.031"/>
  <testcase name="testPullRelated[66: com.dotcms.rendering.velocity.viewtools.content.util.ContentUtilsTest$TestCase@3da23607]" classname="com.dotcms.rendering.velocity.viewtools.content.util.ContentUtilsTest" time="6.264"/>
  <testcase name="testPullRelated[67: com.dotcms.rendering.velocity.viewtools.content.util.ContentUtilsTest$TestCase@11d80804]" classname="com.dotcms.rendering.velocity.viewtools.content.util.ContentUtilsTest" time="6.039"/>
  <testcase name="testPullRelated[68: com.dotcms.rendering.velocity.viewtools.content.util.ContentUtilsTest$TestCase@53744e76]" classname="com.dotcms.rendering.velocity.viewtools.content.util.ContentUtilsTest" time="6.031"/>
  <testcase name="testPullRelated[69: com.dotcms.rendering.velocity.viewtools.content.util.ContentUtilsTest$TestCase@50cc5efa]" classname="com.dotcms.rendering.velocity.viewtools.content.util.ContentUtilsTest" time="5.865"/>
  <testcase name="testPullRelated[70: com.dotcms.rendering.velocity.viewtools.content.util.ContentUtilsTest$TestCase@7cf258ea]" classname="com.dotcms.rendering.velocity.viewtools.content.util.ContentUtilsTest" time="6.497"/>
  <testcase name="testPullRelated[71: com.dotcms.rendering.velocity.viewtools.content.util.ContentUtilsTest$TestCase@2dbbf758]" classname="com.dotcms.rendering.velocity.viewtools.content.util.ContentUtilsTest" time="6.004"/>
  <testcase name="whenPublishAndExpireDatesAreInTheFutureAndTimeMachineIsAfterBoth" classname="com.dotcms.rendering.velocity.viewtools.content.util.ContentUtilsTest" time="3.0"/>
  <testcase name="testPullRelatedForLegacyRelationship[0: com.dotcms.rendering.velocity.viewtools.content.util.ContentUtilsTest$LegacyTestCase@5ccd0b67]" classname="com.dotcms.rendering.velocity.viewtools.content.util.ContentUtilsTest" time="3.679"/>
  <testcase name="testPullRelatedForLegacyRelationship[1: com.dotcms.rendering.velocity.viewtools.content.util.ContentUtilsTest$LegacyTestCase@6e44b58a]" classname="com.dotcms.rendering.velocity.viewtools.content.util.ContentUtilsTest" time="4.121"/>
  <testcase name="whenTheTimeMachineDateIsAfterTomorrowAndExpireDateIsTomorrowShouldNotReturnContent" classname="com.dotcms.rendering.velocity.viewtools.content.util.ContentUtilsTest" time="3.008"/>
  <testcase name="testPullLiveRelatedWhenLatestVersionIsWorking" classname="com.dotcms.rendering.velocity.viewtools.content.util.ContentUtilsTest" time="3.592"/>
  <testcase name="test_add_relationships_on_parent_children_related_contents" classname="com.dotcms.rendering.velocity.viewtools.content.util.ContentUtilsTest" time="1.473"/>
  <testcase name="testSortPullRelated[0: com.dotcms.rendering.velocity.viewtools.content.util.ContentUtilsTest$SortTestCase@1f95a0]" classname="com.dotcms.rendering.velocity.viewtools.content.util.ContentUtilsTest" time="2.537"/>
  <testcase name="testSortPullRelated[1: com.dotcms.rendering.velocity.viewtools.content.util.ContentUtilsTest$SortTestCase@72ecb3cc]" classname="com.dotcms.rendering.velocity.viewtools.content.util.ContentUtilsTest" time="1.64"/>
  <testcase name="testSortPullRelated[2: com.dotcms.rendering.velocity.viewtools.content.util.ContentUtilsTest$SortTestCase@464e18c5]" classname="com.dotcms.rendering.velocity.viewtools.content.util.ContentUtilsTest" time="2.654"/>
  <testcase name="testSortPullRelated[3: com.dotcms.rendering.velocity.viewtools.content.util.ContentUtilsTest$SortTestCase@d6d1d63]" classname="com.dotcms.rendering.velocity.viewtools.content.util.ContentUtilsTest" time="2.747"/>
  <testcase name="testSortPullRelated[4: com.dotcms.rendering.velocity.viewtools.content.util.ContentUtilsTest$SortTestCase@71a32bfb]" classname="com.dotcms.rendering.velocity.viewtools.content.util.ContentUtilsTest" time="2.75"/>
  <testcase name="testSortPullRelated[5: com.dotcms.rendering.velocity.viewtools.content.util.ContentUtilsTest$SortTestCase@66c694d0]" classname="com.dotcms.rendering.velocity.viewtools.content.util.ContentUtilsTest" time="2.71"/>
  <testcase name="whenTheTimeMachineDateIsAfterTomorrowAndExpireDateIsInFutureShouldReturnContent" classname="com.dotcms.rendering.velocity.viewtools.content.util.ContentUtilsTest" time="3.086"/>
  <testcase name="testPullRelatedFieldShouldRespectDefaultOrder" classname="com.dotcms.rendering.velocity.viewtools.content.util.ContentUtilsTest" time="2.555"/>
  <system-out><![CDATA[]]></system-out>
  <system-err><![CDATA[]]></system-err>
</testsuite>
