<?xml version="1.0" encoding="UTF-8"?>
<testsuite name="com.dotmarketing.portlets.fileassets.business.FileAssetFactoryIntegrationTest" tests="5" skipped="0" failures="0" errors="0" timestamp="2023-07-21T16:23:55" hostname="fv-az453-320" time="17.416">
  <properties/>
  <testcase name="shouldReturnOneFile" classname="com.dotmarketing.portlets.fileassets.business.FileAssetFactoryIntegrationTest" time="3.483"/>
  <testcase name="shouldReturnEmptyList" classname="com.dotmarketing.portlets.fileassets.business.FileAssetFactoryIntegrationTest" time="1.731"/>
  <testcase name="shouldReturnTwoFiles" classname="com.dotmarketing.portlets.fileassets.business.FileAssetFactoryIntegrationTest" time="4.011"/>
  <testcase name="whenUserNotHavePermissionOverParentFolder" classname="com.dotmarketing.portlets.fileassets.business.FileAssetFactoryIntegrationTest" time="2.058"/>
  <testcase name="shouldWorkWithAnonymous" classname="com.dotmarketing.portlets.fileassets.business.FileAssetFactoryIntegrationTest" time="6.131"/>
  <system-out><![CDATA[]]></system-out>
  <system-err><![CDATA[]]></system-err>
</testsuite>
