<?xml version="1.0" encoding="UTF-8"?>
<testsuite name="com.dotcms.rest.api.v1.content.ContentVersionResourceIntegrationTest" tests="6" skipped="0" failures="0" errors="0" timestamp="2023-06-30T22:37:45" hostname="fv-az262-663" time="5.168">
  <properties/>
  <testcase name="test_Find_All_By_Lang_Expect_OK" classname="com.dotcms.rest.api.v1.content.ContentVersionResourceIntegrationTest" time="3.017"/>
  <testcase name="test_Find_All_By_Lang_Expect_404" classname="com.dotcms.rest.api.v1.content.ContentVersionResourceIntegrationTest" time="0.003"/>
  <testcase name="test_find_multiple_inodes" classname="com.dotcms.rest.api.v1.content.ContentVersionResourceIntegrationTest" time="1.6"/>
  <testcase name="test_Find_All_Expect_OK" classname="com.dotcms.rest.api.v1.content.ContentVersionResourceIntegrationTest" time="0.537"/>
  <testcase name="test_Bad_Request_404" classname="com.dotcms.rest.api.v1.content.ContentVersionResourceIntegrationTest" time="0.001"/>
  <testcase name="test_Find_All_Expect_404" classname="com.dotcms.rest.api.v1.content.ContentVersionResourceIntegrationTest" time="0.002"/>
  <system-out><![CDATA[]]></system-out>
  <system-err><![CDATA[]]></system-err>
</testsuite>
