<?xml version="1.0" encoding="UTF-8"?>
<testsuite name="com.dotmarketing.portlets.categories.business.CategoryAPITest" tests="20" skipped="0" failures="0" errors="0" timestamp="2023-06-28T22:16:03" hostname="fv-az573-741" time="36.1">
  <properties/>
  <testcase name="test_isParent_givenGrandChildCategoryBelongsToParentCategory_returnTrue" classname="com.dotmarketing.portlets.categories.business.CategoryAPITest" time="0.032"/>
  <testcase name="verifyCache" classname="com.dotmarketing.portlets.categories.business.CategoryAPITest" time="0.037"/>
  <testcase name="test_save_createTopLevelCategory_asLimitedUser_withoutPermissions_throwDotSecurityException" classname="com.dotmarketing.portlets.categories.business.CategoryAPITest" time="0.715"/>
  <testcase name="testSortChildren" classname="com.dotmarketing.portlets.categories.business.CategoryAPITest" time="0.048"/>
  <testcase name="test_save_createSubCategory_asAdmin_success" classname="com.dotmarketing.portlets.categories.business.CategoryAPITest" time="0.016"/>
  <testcase name="test_save_createTopLevelCategory_asAdmin_success" classname="com.dotmarketing.portlets.categories.business.CategoryAPITest" time="0.005"/>
  <testcase name="test_save_createTopLevelCategory_asLimitedUser_success" classname="com.dotmarketing.portlets.categories.business.CategoryAPITest" time="15.608"/>
  <testcase name="test_save_createSubCategory_asLimitedUser_withoutPermissions_throwDotSecurityException" classname="com.dotmarketing.portlets.categories.business.CategoryAPITest" time="0.73"/>
  <testcase name="testDuplicatedCategories" classname="com.dotmarketing.portlets.categories.business.CategoryAPITest" time="0.009"/>
  <testcase name="getParents" classname="com.dotmarketing.portlets.categories.business.CategoryAPITest" time="3.086"/>
  <testcase name="test_Find_Categories_Within_ContentType" classname="com.dotmarketing.portlets.categories.business.CategoryAPITest" time="1.083"/>
  <testcase name="test_isParent_givenGrandChildCategoryThatNoBelongsToParentCategory_returnFalse" classname="com.dotmarketing.portlets.categories.business.CategoryAPITest" time="0.059"/>
  <testcase name="test_save_createTopLevelCategory_asLimitedUser_fail" classname="com.dotmarketing.portlets.categories.business.CategoryAPITest" time="12.388"/>
  <testcase name="findTopLevelCategories" classname="com.dotmarketing.portlets.categories.business.CategoryAPITest" time="0.023"/>
  <testcase name="test_save_editCategory_asLimitedUser_success" classname="com.dotmarketing.portlets.categories.business.CategoryAPITest" time="0.725"/>
  <testcase name="checkUniqueKey_severalCases_Success" classname="com.dotmarketing.portlets.categories.business.CategoryAPITest" time="0.028"/>
  <testcase name="test_save_createSubCategory_asLimitedUser_success" classname="com.dotmarketing.portlets.categories.business.CategoryAPITest" time="0.735"/>
  <testcase name="getCategoryTreeUp_hierarchyLevelThree_Success" classname="com.dotmarketing.portlets.categories.business.CategoryAPITest" time="0.032"/>
  <testcase name="test_save_editCategory_asLimitedUser_withoutPermissions_throwDotSecurityException" classname="com.dotmarketing.portlets.categories.business.CategoryAPITest" time="0.717"/>
  <testcase name="findChildren" classname="com.dotmarketing.portlets.categories.business.CategoryAPITest" time="0.021"/>
  <system-out><![CDATA[
]]></system-out>
  <system-err><![CDATA[]]></system-err>
</testsuite>
