<?xml version="1.0" encoding="UTF-8"?>
<testsuite name="com.dotmarketing.business.DeterministicIdentifierAPITest" tests="16" skipped="0" failures="0" errors="0" timestamp="2023-07-11T16:59:29" hostname="fv-az221-100" time="1.651">
  <properties/>
  <testcase name="Test_Category_Path_Seed_And_Id" classname="com.dotmarketing.business.DeterministicIdentifierAPITest" time="0.024"/>
  <testcase name="Test_Language_Deterministic_Id[0: LanguageTestCase{expectedSeed='Language:es:US', expectedHash=4913155, langCode='es', countryCode='US', country='United States'}]" classname="com.dotmarketing.business.DeterministicIdentifierAPITest" time="0.001"/>
  <testcase name="Test_Language_Deterministic_Id[1: LanguageTestCase{expectedSeed='Language:ep:', expectedHash=5292269, langCode='ep', countryCode='', country=''}]" classname="com.dotmarketing.business.DeterministicIdentifierAPITest" time="0.001"/>
  <testcase name="Test_Language_Deterministic_Id[2: LanguageTestCase{expectedSeed='Language:sg:SAG', expectedHash=4713118, langCode='sg', countryCode='SAG', country=''}]" classname="com.dotmarketing.business.DeterministicIdentifierAPITest" time="0.001"/>
  <testcase name="Test_Language_Deterministic_Id[3: LanguageTestCase{expectedSeed='Language:en:NZ', expectedHash=5382528, langCode='en', countryCode='NZ', country='New Zealand'}]" classname="com.dotmarketing.business.DeterministicIdentifierAPITest" time="0.001"/>
  <testcase name="Test_Category_None_Persisted_Category_Should_Return_Deterministic_Id" classname="com.dotmarketing.business.DeterministicIdentifierAPITest" time="0.002"/>
  <testcase name="Test_Asset_Generate_Deterministic_Id_Best_Effort[0: TestCase{versionable=my.host1689094388594.com, parent=System Host, expectedName='my.host1689094388594.com', expectedType='Host'}]" classname="com.dotmarketing.business.DeterministicIdentifierAPITest" time="0.003"/>
  <testcase name="Test_Asset_Generate_Deterministic_Id_Best_Effort[1: TestCase{versionable=com.dotmarketing.portlets.contentlet.model.Contentlet@3e5c4bb7[map={modDate=2023-07-11 16:53:09.287, fileName=file9112085668995351887.txt, title=file9112085668995351887.txt, inode=e8885b4f-eee8-4a51-bcc8-728075bd17c5, __IS_NEW_CONTENT__=true, disabledWYSIWYG=[], host=e6a90471-b3be-4fb7-80f1-b644f38d3839, stInode=33888b6f-7a8e-4069-b1b6-5c1aa9d0a48d, owner=system, identifier=deaf004e-3d88-47b0-92b7-3e24ae388e8a, nullProperties=[wfExpireDate, wfPublishDate, wfActionAssign, wfActionId, wfActionComments, filterKey, whereToSend, wfNeverExpire, _path_to_move, timezoneId, iWantTo, wfPublishTime, wfExpireTime], languageId=1, fileAsset=/home/runner/work/core/custom/assets/e/8/e8885b4f-eee8-4a51-bcc8-728075bd17c5/fileAsset/file9112085668995351887.txt, folder=0a88d822-9d44-495a-92f2-ea8d6bb5dcd3, __disable_workflow__=true, sortOrder=0, modUser=system},lowIndexPriority=false,variantId=DEFAULT], parent=com.dotmarketing.portlets.folders.model.Folder@6cb6a444[identifier=0a88d822-9d44-495a-92f2-ea8d6bb5dcd3,name=testName1689094389280,sortOrder=0,showOnMenu=false,hostId=e6a90471-b3be-4fb7-80f1-b644f38d3839,type=folder,title=testTitle1689094389280,filesMasks=,defaultFileType=33888b6f-7a8e-4069-b1b6-5c1aa9d0a48d,modDate=2023-07-11 16:53:09.283,owner=&lt;null&gt;,iDate=2023-07-11 16:53:09.283,inode=0a88d822-9d44-495a-92f2-ea8d6bb5dcd3,path=/testName1689094389280/], expectedName='file9112085668995351887.txt', expectedType='FileAsset'}]" classname="com.dotmarketing.business.DeterministicIdentifierAPITest" time="0.003"/>
  <testcase name="Test_Asset_Generate_Deterministic_Id_Best_Effort[2: TestCase{versionable=com.dotmarketing.portlets.templates.model.Template@aa902592, parent=my.host1689094388594.com, expectedName='testTitle1689094389390', expectedType='Template'}]" classname="com.dotmarketing.business.DeterministicIdentifierAPITest" time="0.003"/>
  <testcase name="Test_Asset_Generate_Deterministic_Id_Best_Effort[3: TestCase{versionable=com.dotmarketing.portlets.htmlpageasset.model.HTMLPageAsset@4170e442[map={template=4da2f477-a5b2-4a92-9e30-6c2325b555e5, owner=system, identifier=bbe15bd9-1274-415c-8467-069cb65bcdc6, nullProperties=[wfExpireDate, wfPublishDate, wfActionAssign, wfActionId, wfActionComments, filterKey, whereToSend, wfNeverExpire, _path_to_move, timezoneId, iWantTo, wfPublishTime, wfExpireTime], modDate=2023-07-11 16:53:09.406, cachettl=0, _is_test_mode=true, languageId=1, title=test-page-title-1689094389401, httpsreq=, url=test-page-url-1689094389401, showOnMenu=, inode=31921512-44cd-4dd8-8814-38d68fe86bce, folder=0a88d822-9d44-495a-92f2-ea8d6bb5dcd3, disabledWYSIWYG=[], sortOrder=1, modUser=system, host=e6a90471-b3be-4fb7-80f1-b644f38d3839, stInode=c541abb1-69b3-4bc5-8430-5e09e5239cc8, friendlyName=test-page-friendly-name-1689094389401},lowIndexPriority=false,variantId=DEFAULT], parent=com.dotmarketing.portlets.folders.model.Folder@6cb6a444[identifier=0a88d822-9d44-495a-92f2-ea8d6bb5dcd3,name=testName1689094389280,sortOrder=0,showOnMenu=false,hostId=e6a90471-b3be-4fb7-80f1-b644f38d3839,type=folder,title=testTitle1689094389280,filesMasks=,defaultFileType=33888b6f-7a8e-4069-b1b6-5c1aa9d0a48d,modDate=2023-07-11 16:53:09.283,owner=&lt;null&gt;,iDate=2023-07-11 16:53:09.283,inode=0a88d822-9d44-495a-92f2-ea8d6bb5dcd3,path=/testName1689094389280/], expectedName='test-page-url-1689094389401', expectedType='htmlpageasset'}]" classname="com.dotmarketing.business.DeterministicIdentifierAPITest" time="0.003"/>
  <testcase name="Test_Asset_Generate_Deterministic_Id_Best_Effort[4: TestCase{versionable=com.dotmarketing.portlets.contentlet.model.Contentlet@56f89710[map={fileAsset2=/home/runner/work/core/custom/assets/4/d/4d7790e3-da09-42f0-af36-ffd0d34bed3c/fileAsset2/test_binary1689094390257.png, modDate=2023-07-11 16:53:10.261, fileAsset1=/home/runner/work/core/custom/assets/4/d/4d7790e3-da09-42f0-af36-ffd0d34bed3c/fileAsset1/test_binary1689094390256.jpg, title=blah, inode=4d7790e3-da09-42f0-af36-ffd0d34bed3c, __IS_NEW_CONTENT__=true, disabledWYSIWYG=[], host=48190c8c-42c4-46af-8d1a-0cd5db894797, stInode=5d0a519c-a9de-4b61-a188-8088186a1a95, owner=system, identifier=75a99066-08ce-41a7-b07b-a69d66b10e23, nullProperties=[], languageId=1, image1=5b03ece7-8f48-45f6-a0db-e86af97d09b1, folder=SYSTEM_FOLDER, __disable_workflow__=true, sortOrder=0, modUser=system},lowIndexPriority=false,variantId=DEFAULT], parent=demo.dotcms.com, expectedName='test_binary1689094390256.jpg:test_binary1689094390257.png', expectedType='MultipleBinaries1689094389542'}]" classname="com.dotmarketing.business.DeterministicIdentifierAPITest" time="0.003"/>
  <testcase name="Test_Asset_Generate_Deterministic_Id_Best_Effort[5: TestCase{versionable=name20356d888a : keyTag20356d888a, parent=my.host1689094388594.com, expectedName='keyTag20356d888a', expectedType='persona'}]" classname="com.dotmarketing.business.DeterministicIdentifierAPITest" time="0.003"/>
  <testcase name="Test_Similar_Content_Type_Wont_Clash" classname="com.dotmarketing.business.DeterministicIdentifierAPITest" time="0.444"/>
  <testcase name="Test_Generate_Folder_Identifier" classname="com.dotmarketing.business.DeterministicIdentifierAPITest" time="1.143"/>
  <testcase name="Test_Generate_Content_Type_Identifier[0: ContentTypeTestCase{contentType=KeyValueContentType{name=Language Variable, id=f4d7c1b8-2c88-4071-abf1-a5328977b07d, description=Default Content Type for Language Variables, defaultType=false, fixed=true, iDate=Thu Aug 31 16:38:49 UTC 2017, system=true, versionable=true, variable=Languagevariable, modDate=Tue Jul 11 15:49:00 UTC 2023, host=SYSTEM_HOST, siteName=systemHost, icon=language, sortOrder=0, folder=SYSTEM_FOLDER, folderPath=/, markedForDeletion=true, multilingualable=false}, expectedName='Languagevariable', expectedType='KeyValue'}]" classname="com.dotmarketing.business.DeterministicIdentifierAPITest" time="0.006"/>
  <testcase name="Test_Generate_Content_Type_Identifier[1: ContentTypeTestCase{contentType=SimpleContentType{name=testName1689094390699, id=6f0d40e8-3e44-491f-a555-5b3499f71d79, description=testDescription1689094390699, defaultType=false, fixed=false, iDate=Tue Jul 11 16:53:10 UTC 2023, system=false, versionable=true, multilingualable=false, variable=testVarname1689094390699, owner=system, modDate=Tue Jul 11 16:53:11 UTC 2023, host=48190c8c-42c4-46af-8d1a-0cd5db894797, siteName=demo.dotcms.com, icon=event_note, sortOrder=0, folder=SYSTEM_FOLDER, folderPath=/, requiredFields=[], markedForDeletion=false}, expectedName='testVarname1689094390699', expectedType='CONTENT'}]" classname="com.dotmarketing.business.DeterministicIdentifierAPITest" time="0.006"/>
  <system-out><![CDATA[]]></system-out>
  <system-err><![CDATA[]]></system-err>
</testsuite>
