<?xml version="1.0" encoding="UTF-8"?>
<testsuite name="com.dotcms.publisher.endpoint.business.PublishingEndPointFactoryImplTest" tests="6" skipped="0" failures="0" errors="0" timestamp="2023-07-07T15:00:55" hostname="fv-az795-156" time="0.017">
  <properties/>
  <testcase name="shouldReturnTrueWhenMachineNamesAreTheSame" classname="com.dotcms.publisher.endpoint.business.PublishingEndPointFactoryImplTest" time="0.001"/>
  <testcase name="shouldReturnFalseWhenMachineNamesAreDifferent" classname="com.dotcms.publisher.endpoint.business.PublishingEndPointFactoryImplTest" time="0.014"/>
  <testcase name="shouldReturnTrueWhenIPAddressAndHostnameReferToSameMachine" classname="com.dotcms.publisher.endpoint.business.PublishingEndPointFactoryImplTest" time="0.0"/>
  <testcase name="shouldReturnTrueWhenIPAddressesAreTheSame" classname="com.dotcms.publisher.endpoint.business.PublishingEndPointFactoryImplTest" time="0.001"/>
  <testcase name="shouldReturnFalseWhenIPAddressesAreDifferent" classname="com.dotcms.publisher.endpoint.business.PublishingEndPointFactoryImplTest" time="0.0"/>
  <testcase name="shouldReturnFalseWhenIPAddressAndHostnameReferToDifferentMachines" classname="com.dotcms.publisher.endpoint.business.PublishingEndPointFactoryImplTest" time="0.001"/>
  <system-out><![CDATA[]]></system-out>
  <system-err><![CDATA[]]></system-err>
</testsuite>
