<?xml version="1.0" encoding="UTF-8"?>
<testsuite name="com.dotcms.rest.api.v1.vtl.VTLResourceIntegrationTest" tests="6" skipped="0" failures="0" errors="0" timestamp="2023-06-30T15:47:38" hostname="fv-az362-636" time="10.233">
  <properties/>
  <testcase name="testGet[0: com.dotcms.rest.api.v1.vtl.VTLResourceTestCase@51713e0]" classname="com.dotcms.rest.api.v1.vtl.VTLResourceIntegrationTest" time="1.077"/>
  <testcase name="testGet[1: com.dotcms.rest.api.v1.vtl.VTLResourceTestCase@529aa251]" classname="com.dotcms.rest.api.v1.vtl.VTLResourceIntegrationTest" time="2.218"/>
  <testcase name="testGet[2: com.dotcms.rest.api.v1.vtl.VTLResourceTestCase@b79c4fd]" classname="com.dotcms.rest.api.v1.vtl.VTLResourceIntegrationTest" time="1.858"/>
  <testcase name="testGet[3: com.dotcms.rest.api.v1.vtl.VTLResourceTestCase@717f7de8]" classname="com.dotcms.rest.api.v1.vtl.VTLResourceIntegrationTest" time="1.883"/>
  <testcase name="testGet[4: com.dotcms.rest.api.v1.vtl.VTLResourceTestCase@4ccae834]" classname="com.dotcms.rest.api.v1.vtl.VTLResourceIntegrationTest" time="2.142"/>
  <testcase name="testGet[5: com.dotcms.rest.api.v1.vtl.VTLResourceTestCase@4bc543d6]" classname="com.dotcms.rest.api.v1.vtl.VTLResourceIntegrationTest" time="1.055"/>
  <system-out><![CDATA[]]></system-out>
  <system-err><![CDATA[]]></system-err>
</testsuite>
