<?xml version="1.0" encoding="UTF-8"?>
<testsuite name="com.dotcms.rest.TagResourceIntegrationTest" tests="4" skipped="0" failures="0" errors="0" timestamp="2023-07-11T17:43:29" hostname="fv-az246-187" time="0.262">
  <properties/>
  <testcase name="testList[0: com.dotcms.rest.TagResourceTestCase@3bd2cf25]" classname="com.dotcms.rest.TagResourceIntegrationTest" time="0.191"/>
  <testcase name="testList[1: com.dotcms.rest.TagResourceTestCase@562ec742]" classname="com.dotcms.rest.TagResourceIntegrationTest" time="0.039"/>
  <testcase name="testList[2: com.dotcms.rest.TagResourceTestCase@3343eb26]" classname="com.dotcms.rest.TagResourceIntegrationTest" time="0.015"/>
  <testcase name="testList[3: com.dotcms.rest.TagResourceTestCase@4a5b978f]" classname="com.dotcms.rest.TagResourceIntegrationTest" time="0.017"/>
  <system-out><![CDATA[]]></system-out>
  <system-err><![CDATA[Jul 11, 2023 5:43:29 PM com.dotcms.repackage.org.hibernate.validator.internal.util.Version <clinit>
INFO: HV000001: Hibernate Validator 4.3.2.Final
]]></system-err>
</testsuite>
