<?xml version="1.0" encoding="UTF-8"?>
<testsuite name="com.dotcms.contenttype.test.ContentResourceTest" tests="52" skipped="0" failures="0" errors="0" timestamp="2023-06-27T15:41:38" hostname="fv-az354-410" time="137.701">
  <properties/>
  <testcase name="testGetContentShouldReturnIconDetails" classname="com.dotcms.contenttype.test.ContentResourceTest" time="1.594"/>
  <testcase name="Test_Save_Action_Set_Words_To_Required_NumericField_Issue_15340" classname="com.dotcms.contenttype.test.ContentResourceTest" time="0.817"/>
  <testcase name="test_getContent_includeGrandChildCategory_success" classname="com.dotcms.contenttype.test.ContentResourceTest" time="1.262"/>
  <testcase name="testGetContentWithRelatedParameter[0: com.dotcms.contenttype.test.ContentResourceTest$PullRelatedTestCase@50c70d72]" classname="com.dotcms.contenttype.test.ContentResourceTest" time="3.691"/>
  <testcase name="testGetContentWithRelatedParameter[1: com.dotcms.contenttype.test.ContentResourceTest$PullRelatedTestCase@b1865da]" classname="com.dotcms.contenttype.test.ContentResourceTest" time="3.607"/>
  <testcase name="testGetContentWithRelatedParameter[2: com.dotcms.contenttype.test.ContentResourceTest$PullRelatedTestCase@83f00e0]" classname="com.dotcms.contenttype.test.ContentResourceTest" time="3.75"/>
  <testcase name="testGetContentWithRelatedParameter[3: com.dotcms.contenttype.test.ContentResourceTest$PullRelatedTestCase@f38e0af]" classname="com.dotcms.contenttype.test.ContentResourceTest" time="2.489"/>
  <testcase name="testGetContentWithRelatedParameter[4: com.dotcms.contenttype.test.ContentResourceTest$PullRelatedTestCase@67fcc0a7]" classname="com.dotcms.contenttype.test.ContentResourceTest" time="3.636"/>
  <testcase name="test_getContent_SelfRelatedWith3LevelsOfDepth_shouldReturnRelationships" classname="com.dotcms.contenttype.test.ContentResourceTest" time="1.233"/>
  <testcase name="Test_Save_Action_Send_Fields_SubSet_Issue_15340" classname="com.dotcms.contenttype.test.ContentResourceTest" time="2.734"/>
  <testcase name="test_getContent_shouldReturnRelationships[0: com.dotcms.contenttype.test.ContentResourceTest$TestCase@2f825f37]" classname="com.dotcms.contenttype.test.ContentResourceTest" time="2.732"/>
  <testcase name="test_getContent_shouldReturnRelationships[1: com.dotcms.contenttype.test.ContentResourceTest$TestCase@5fca7227]" classname="com.dotcms.contenttype.test.ContentResourceTest" time="2.781"/>
  <testcase name="test_getContent_shouldReturnRelationships[2: com.dotcms.contenttype.test.ContentResourceTest$TestCase@17bfcce9]" classname="com.dotcms.contenttype.test.ContentResourceTest" time="1.717"/>
  <testcase name="test_getContent_shouldReturnRelationships[3: com.dotcms.contenttype.test.ContentResourceTest$TestCase@1647df41]" classname="com.dotcms.contenttype.test.ContentResourceTest" time="3.051"/>
  <testcase name="test_getContent_shouldReturnRelationships[4: com.dotcms.contenttype.test.ContentResourceTest$TestCase@2b815159]" classname="com.dotcms.contenttype.test.ContentResourceTest" time="2.925"/>
  <testcase name="test_getContent_shouldReturnRelationships[5: com.dotcms.contenttype.test.ContentResourceTest$TestCase@27564544]" classname="com.dotcms.contenttype.test.ContentResourceTest" time="2.644"/>
  <testcase name="test_getContent_shouldReturnRelationships[6: com.dotcms.contenttype.test.ContentResourceTest$TestCase@4ee70dc3]" classname="com.dotcms.contenttype.test.ContentResourceTest" time="2.926"/>
  <testcase name="test_getContent_shouldReturnRelationships[7: com.dotcms.contenttype.test.ContentResourceTest$TestCase@66f27e89]" classname="com.dotcms.contenttype.test.ContentResourceTest" time="2.861"/>
  <testcase name="test_getContent_shouldReturnRelationships[8: com.dotcms.contenttype.test.ContentResourceTest$TestCase@47d8e097]" classname="com.dotcms.contenttype.test.ContentResourceTest" time="2.818"/>
  <testcase name="test_getContent_shouldReturnRelationships[9: com.dotcms.contenttype.test.ContentResourceTest$TestCase@52b1f14d]" classname="com.dotcms.contenttype.test.ContentResourceTest" time="2.928"/>
  <testcase name="test_getContent_shouldReturnRelationships[10: com.dotcms.contenttype.test.ContentResourceTest$TestCase@24ce67cd]" classname="com.dotcms.contenttype.test.ContentResourceTest" time="2.733"/>
  <testcase name="test_getContent_shouldReturnRelationships[11: com.dotcms.contenttype.test.ContentResourceTest$TestCase@513d43eb]" classname="com.dotcms.contenttype.test.ContentResourceTest" time="2.734"/>
  <testcase name="test_getContent_shouldReturnRelationships[12: com.dotcms.contenttype.test.ContentResourceTest$TestCase@5161cd03]" classname="com.dotcms.contenttype.test.ContentResourceTest" time="2.722"/>
  <testcase name="test_getContent_shouldReturnRelationships[13: com.dotcms.contenttype.test.ContentResourceTest$TestCase@c8775fb]" classname="com.dotcms.contenttype.test.ContentResourceTest" time="1.77"/>
  <testcase name="test_getContent_shouldReturnRelationships[14: com.dotcms.contenttype.test.ContentResourceTest$TestCase@5ba08ba9]" classname="com.dotcms.contenttype.test.ContentResourceTest" time="2.718"/>
  <testcase name="test_getContent_shouldReturnRelationships[15: com.dotcms.contenttype.test.ContentResourceTest$TestCase@6039a92d]" classname="com.dotcms.contenttype.test.ContentResourceTest" time="3.844"/>
  <testcase name="test_getContent_shouldReturnRelationships[16: com.dotcms.contenttype.test.ContentResourceTest$TestCase@3fef79fc]" classname="com.dotcms.contenttype.test.ContentResourceTest" time="3.745"/>
  <testcase name="test_getContent_shouldReturnRelationships[17: com.dotcms.contenttype.test.ContentResourceTest$TestCase@8f0eb57]" classname="com.dotcms.contenttype.test.ContentResourceTest" time="2.041"/>
  <testcase name="test_getContent_shouldReturnRelationships[18: com.dotcms.contenttype.test.ContentResourceTest$TestCase@57d2c423]" classname="com.dotcms.contenttype.test.ContentResourceTest" time="3.055"/>
  <testcase name="test_getContent_shouldReturnRelationships[19: com.dotcms.contenttype.test.ContentResourceTest$TestCase@7a0f7f35]" classname="com.dotcms.contenttype.test.ContentResourceTest" time="2.876"/>
  <testcase name="test_getContent_shouldReturnRelationships[20: com.dotcms.contenttype.test.ContentResourceTest$TestCase@3eebd911]" classname="com.dotcms.contenttype.test.ContentResourceTest" time="3.099"/>
  <testcase name="test_getContent_shouldReturnRelationships[21: com.dotcms.contenttype.test.ContentResourceTest$TestCase@314e27c8]" classname="com.dotcms.contenttype.test.ContentResourceTest" time="3.071"/>
  <testcase name="test_getContent_shouldReturnRelationships[22: com.dotcms.contenttype.test.ContentResourceTest$TestCase@707c0e1e]" classname="com.dotcms.contenttype.test.ContentResourceTest" time="2.894"/>
  <testcase name="test_getContent_shouldReturnRelationships[23: com.dotcms.contenttype.test.ContentResourceTest$TestCase@710b31f3]" classname="com.dotcms.contenttype.test.ContentResourceTest" time="2.891"/>
  <testcase name="test_getContent_shouldReturnRelationships[24: com.dotcms.contenttype.test.ContentResourceTest$TestCase@11484d92]" classname="com.dotcms.contenttype.test.ContentResourceTest" time="3.032"/>
  <testcase name="test_getContent_shouldReturnRelationships[25: com.dotcms.contenttype.test.ContentResourceTest$TestCase@51785814]" classname="com.dotcms.contenttype.test.ContentResourceTest" time="3.115"/>
  <testcase name="test_getContent_shouldReturnRelationships[26: com.dotcms.contenttype.test.ContentResourceTest$TestCase@4164a0db]" classname="com.dotcms.contenttype.test.ContentResourceTest" time="3.226"/>
  <testcase name="test_getContent_shouldReturnRelationships[27: com.dotcms.contenttype.test.ContentResourceTest$TestCase@69c885ad]" classname="com.dotcms.contenttype.test.ContentResourceTest" time="2.642"/>
  <testcase name="test_getContent_shouldReturnRelationships[28: com.dotcms.contenttype.test.ContentResourceTest$TestCase@3abf71db]" classname="com.dotcms.contenttype.test.ContentResourceTest" time="2.903"/>
  <testcase name="test_getContent_shouldReturnRelationships[29: com.dotcms.contenttype.test.ContentResourceTest$TestCase@29943660]" classname="com.dotcms.contenttype.test.ContentResourceTest" time="2.911"/>
  <testcase name="test_getContent_shouldReturnRelationships[30: com.dotcms.contenttype.test.ContentResourceTest$TestCase@4d9239f1]" classname="com.dotcms.contenttype.test.ContentResourceTest" time="2.872"/>
  <testcase name="test_getContent_shouldReturnRelationships[31: com.dotcms.contenttype.test.ContentResourceTest$TestCase@605a2803]" classname="com.dotcms.contenttype.test.ContentResourceTest" time="2.963"/>
  <testcase name="test_getContent_shouldReturnRelationships[32: com.dotcms.contenttype.test.ContentResourceTest$TestCase@21aaac7a]" classname="com.dotcms.contenttype.test.ContentResourceTest" time="3.836"/>
  <testcase name="test_getContent_shouldReturnRelationships[33: com.dotcms.contenttype.test.ContentResourceTest$TestCase@2985b919]" classname="com.dotcms.contenttype.test.ContentResourceTest" time="3.831"/>
  <testcase name="testSinglePOST_InvalidParamsShouldReturn400[0: ({\n    &quot;stInode&quot; : &quot;InvalidValue&quot;,\n    &quot;numeric&quot; : &quot;0&quot;,\n    &quot;image&quot; : &quot;whatever&quot;\n}, Bad Request)]" classname="com.dotcms.contenttype.test.ContentResourceTest" time="0.831"/>
  <testcase name="testSinglePOST_InvalidParamsShouldReturn400[1: ({\n    &quot;numeric&quot; : &quot;0&quot;,\n    &quot;image&quot; : &quot;whatever&quot;\n}, Bad Request)]" classname="com.dotcms.contenttype.test.ContentResourceTest" time="0.8"/>
  <testcase name="Test_Save_Action_Set_Null_To_Required_NumericField_Issue_15340" classname="com.dotcms.contenttype.test.ContentResourceTest" time="0.833"/>
  <testcase name="Test_Save_Action_Remove_Image_Then_Verify_Fields_Were_Cleared_Issue_15340" classname="com.dotcms.contenttype.test.ContentResourceTest" time="3.587"/>
  <testcase name="test_getContentWithMultipleSelfRelated_shouldReturnRelationships[0: com.dotcms.contenttype.test.ContentResourceTest$PullSelfRelatedTestCase@44af74ea]" classname="com.dotcms.contenttype.test.ContentResourceTest" time="1.547"/>
  <testcase name="test_getContentWithMultipleSelfRelated_shouldReturnRelationships[1: com.dotcms.contenttype.test.ContentResourceTest$PullSelfRelatedTestCase@3012c979]" classname="com.dotcms.contenttype.test.ContentResourceTest" time="1.596"/>
  <testcase name="testGetContentWithAllCategoriesInfo[0: json]" classname="com.dotcms.contenttype.test.ContentResourceTest" time="2.394"/>
  <testcase name="testGetContentWithAllCategoriesInfo[1: xml]" classname="com.dotcms.contenttype.test.ContentResourceTest" time="2.39"/>
  <system-out><![CDATA[











]]></system-out>
  <system-err><![CDATA[]]></system-err>
</testsuite>
