<?xml version="1.0" encoding="UTF-8"?>
<testsuite name="com.dotmarketing.startup.runonce.Task201102UpdateColumnSitelicTableTest" tests="1" skipped="0" failures="0" errors="0" timestamp="2023-07-07T20:15:31" hostname="fv-az622-57" time="0.022">
  <properties/>
  <testcase name="Test_Upgrade_Task" classname="com.dotmarketing.startup.runonce.Task201102UpdateColumnSitelicTableTest" time="0.022"/>
  <system-out><![CDATA[]]></system-out>
  <system-err><![CDATA[]]></system-err>
</testsuite>
