<?xml version="1.0" encoding="UTF-8"?>
<testsuite name="com.dotcms.rest.api.v1.vtl.VTLResourceIntegrationTest" tests="6" skipped="0" failures="0" errors="0" timestamp="2023-06-23T18:55:50" hostname="fv-az248-890" time="11.964">
  <properties/>
  <testcase name="testGet[0: com.dotcms.rest.api.v1.vtl.VTLResourceTestCase@4c4e586f]" classname="com.dotcms.rest.api.v1.vtl.VTLResourceIntegrationTest" time="2.069"/>
  <testcase name="testGet[1: com.dotcms.rest.api.v1.vtl.VTLResourceTestCase@4397c5c1]" classname="com.dotcms.rest.api.v1.vtl.VTLResourceIntegrationTest" time="1.997"/>
  <testcase name="testGet[2: com.dotcms.rest.api.v1.vtl.VTLResourceTestCase@4327d0ce]" classname="com.dotcms.rest.api.v1.vtl.VTLResourceIntegrationTest" time="1.919"/>
  <testcase name="testGet[3: com.dotcms.rest.api.v1.vtl.VTLResourceTestCase@51d43d55]" classname="com.dotcms.rest.api.v1.vtl.VTLResourceIntegrationTest" time="2.121"/>
  <testcase name="testGet[4: com.dotcms.rest.api.v1.vtl.VTLResourceTestCase@6fe78a20]" classname="com.dotcms.rest.api.v1.vtl.VTLResourceIntegrationTest" time="1.91"/>
  <testcase name="testGet[5: com.dotcms.rest.api.v1.vtl.VTLResourceTestCase@1223f3d0]" classname="com.dotcms.rest.api.v1.vtl.VTLResourceIntegrationTest" time="1.948"/>
  <system-out><![CDATA[]]></system-out>
  <system-err><![CDATA[]]></system-err>
</testsuite>
