<?xml version="1.0" encoding="UTF-8"?>
<testsuite name="com.dotmarketing.portlets.browser.BrowserUtilTest" tests="11" skipped="0" failures="0" errors="0" timestamp="2023-06-26T17:27:06" hostname="fv-az422-943" time="23.561">
  <properties/>
  <testcase name="defaultPathEqualsToFolderSelectedFolder" classname="com.dotmarketing.portlets.browser.BrowserUtilTest" time="1.288"/>
  <testcase name="defaultPathEqualsToFolderHostField" classname="com.dotmarketing.portlets.browser.BrowserUtilTest" time="3.036"/>
  <testcase name="defaultPathEqualsToFieldVariablePathIds" classname="com.dotmarketing.portlets.browser.BrowserUtilTest" time="2.11"/>
  <testcase name="defaultPathEqualsToWrongFieldVariable" classname="com.dotmarketing.portlets.browser.BrowserUtilTest" time="2.023"/>
  <testcase name="defaultPathEqualsToFieldVariableAbsolutePath" classname="com.dotmarketing.portlets.browser.BrowserUtilTest" time="2.013"/>
  <testcase name="defaultPathEqualsToFolderCurrentHost" classname="com.dotmarketing.portlets.browser.BrowserUtilTest" time="2.008"/>
  <testcase name="defaultPathEqualsToFieldVariableAbsolutePathPathIds" classname="com.dotmarketing.portlets.browser.BrowserUtilTest" time="2.026"/>
  <testcase name="defaultPathEqualsToFieldVariable" classname="com.dotmarketing.portlets.browser.BrowserUtilTest" time="3.007"/>
  <testcase name="defaultPathEqualsToExistingImage" classname="com.dotmarketing.portlets.browser.BrowserUtilTest" time="3.007"/>
  <testcase name="defaultPathEqualsToExistingImagePathIds" classname="com.dotmarketing.portlets.browser.BrowserUtilTest" time="1.29"/>
  <testcase name="defaultPathEqualsToFolderHostFieldNoValue" classname="com.dotmarketing.portlets.browser.BrowserUtilTest" time="1.752"/>
  <system-out><![CDATA[]]></system-out>
  <system-err><![CDATA[]]></system-err>
</testsuite>
