<?xml version="1.0" encoding="UTF-8"?>
<testsuite name="com.dotcms.rest.api.v1.vtl.VTLResourceIntegrationTest" tests="6" skipped="0" failures="0" errors="0" timestamp="2023-06-28T03:18:49" hostname="fv-az1032-241" time="12.057">
  <properties/>
  <testcase name="testGet[0: com.dotcms.rest.api.v1.vtl.VTLResourceTestCase@1fd45795]" classname="com.dotcms.rest.api.v1.vtl.VTLResourceIntegrationTest" time="2.031"/>
  <testcase name="testGet[1: com.dotcms.rest.api.v1.vtl.VTLResourceTestCase@7eee6c4a]" classname="com.dotcms.rest.api.v1.vtl.VTLResourceIntegrationTest" time="2.113"/>
  <testcase name="testGet[2: com.dotcms.rest.api.v1.vtl.VTLResourceTestCase@10cae38]" classname="com.dotcms.rest.api.v1.vtl.VTLResourceIntegrationTest" time="1.994"/>
  <testcase name="testGet[3: com.dotcms.rest.api.v1.vtl.VTLResourceTestCase@21cb55f4]" classname="com.dotcms.rest.api.v1.vtl.VTLResourceIntegrationTest" time="1.931"/>
  <testcase name="testGet[4: com.dotcms.rest.api.v1.vtl.VTLResourceTestCase@1c9ec6a7]" classname="com.dotcms.rest.api.v1.vtl.VTLResourceIntegrationTest" time="2.025"/>
  <testcase name="testGet[5: com.dotcms.rest.api.v1.vtl.VTLResourceTestCase@111f7542]" classname="com.dotcms.rest.api.v1.vtl.VTLResourceIntegrationTest" time="1.963"/>
  <system-out><![CDATA[]]></system-out>
  <system-err><![CDATA[]]></system-err>
</testsuite>
