<?xml version="1.0" encoding="UTF-8"?>
<testsuite name="com.dotcms.util.marshal.MarshalUtilsIntegrationTest" tests="1" skipped="0" failures="0" errors="0" timestamp="2023-06-28T00:12:58" hostname="fv-az612-160" time="0.027">
  <properties/>
  <testcase name="marshalSystemEvent" classname="com.dotcms.util.marshal.MarshalUtilsIntegrationTest" time="0.027"/>
  <system-out><![CDATA[


]]></system-out>
  <system-err><![CDATA[]]></system-err>
</testsuite>
