<?xml version="1.0" encoding="UTF-8"?>
<testsuite name="com.dotcms.rest.elasticsearch.ESContentResourcePortletTest" tests="8" skipped="0" failures="0" errors="0" timestamp="2023-07-18T00:21:28" hostname="fv-az254-523" time="6.881">
  <properties/>
  <testcase name="test_search_includeGrandChildCategory_success" classname="com.dotcms.rest.elasticsearch.ESContentResourcePortletTest" time="1.378"/>
  <testcase name="testSearch[0: com.dotcms.rest.elasticsearch.ESContentResourcePortletTest$TestCase@7cd73f5b]" classname="com.dotcms.rest.elasticsearch.ESContentResourcePortletTest" time="0.881"/>
  <testcase name="testSearch[1: com.dotcms.rest.elasticsearch.ESContentResourcePortletTest$TestCase@51f35e2d]" classname="com.dotcms.rest.elasticsearch.ESContentResourcePortletTest" time="0.266"/>
  <testcase name="testSearch[2: com.dotcms.rest.elasticsearch.ESContentResourcePortletTest$TestCase@c87c7fe]" classname="com.dotcms.rest.elasticsearch.ESContentResourcePortletTest" time="0.92"/>
  <testcase name="testSearch[3: com.dotcms.rest.elasticsearch.ESContentResourcePortletTest$TestCase@6828e0ab]" classname="com.dotcms.rest.elasticsearch.ESContentResourcePortletTest" time="1.286"/>
  <testcase name="testSearch[4: com.dotcms.rest.elasticsearch.ESContentResourcePortletTest$TestCase@2dc03712]" classname="com.dotcms.rest.elasticsearch.ESContentResourcePortletTest" time="0.379"/>
  <testcase name="testSearch[5: com.dotcms.rest.elasticsearch.ESContentResourcePortletTest$TestCase@668906b1]" classname="com.dotcms.rest.elasticsearch.ESContentResourcePortletTest" time="0.877"/>
  <testcase name="testSearch[6: com.dotcms.rest.elasticsearch.ESContentResourcePortletTest$TestCase@548385a9]" classname="com.dotcms.rest.elasticsearch.ESContentResourcePortletTest" time="0.893"/>
  <system-out><![CDATA[]]></system-out>
  <system-err><![CDATA[]]></system-err>
</testsuite>
