<?xml version="1.0" encoding="UTF-8"?>
<testsuite name="com.dotcms.rest.api.v1.vtl.VTLResourceIntegrationTest" tests="6" skipped="0" failures="0" errors="0" timestamp="2023-07-10T15:00:37" hostname="fv-az309-162" time="11.109">
  <properties/>
  <testcase name="testGet[0: com.dotcms.rest.api.v1.vtl.VTLResourceTestCase@3d34bdb]" classname="com.dotcms.rest.api.v1.vtl.VTLResourceIntegrationTest" time="1.278"/>
  <testcase name="testGet[1: com.dotcms.rest.api.v1.vtl.VTLResourceTestCase@50de30f]" classname="com.dotcms.rest.api.v1.vtl.VTLResourceIntegrationTest" time="1.858"/>
  <testcase name="testGet[2: com.dotcms.rest.api.v1.vtl.VTLResourceTestCase@656270ae]" classname="com.dotcms.rest.api.v1.vtl.VTLResourceIntegrationTest" time="1.962"/>
  <testcase name="testGet[3: com.dotcms.rest.api.v1.vtl.VTLResourceTestCase@43b5141]" classname="com.dotcms.rest.api.v1.vtl.VTLResourceIntegrationTest" time="2.059"/>
  <testcase name="testGet[4: com.dotcms.rest.api.v1.vtl.VTLResourceTestCase@1daf4f8e]" classname="com.dotcms.rest.api.v1.vtl.VTLResourceIntegrationTest" time="2.006"/>
  <testcase name="testGet[5: com.dotcms.rest.api.v1.vtl.VTLResourceTestCase@77d0c2af]" classname="com.dotcms.rest.api.v1.vtl.VTLResourceIntegrationTest" time="1.946"/>
  <system-out><![CDATA[]]></system-out>
  <system-err><![CDATA[]]></system-err>
</testsuite>
