<?xml version="1.0" encoding="UTF-8"?>
<testsuite name="com.dotcms.rest.TagResourceIntegrationTest" tests="4" skipped="0" failures="0" errors="0" timestamp="2023-06-26T14:39:49" hostname="fv-az413-549" time="0.321">
  <properties/>
  <testcase name="testList[0: com.dotcms.rest.TagResourceTestCase@5a0a782c]" classname="com.dotcms.rest.TagResourceIntegrationTest" time="0.262"/>
  <testcase name="testList[1: com.dotcms.rest.TagResourceTestCase@18a2af27]" classname="com.dotcms.rest.TagResourceIntegrationTest" time="0.019"/>
  <testcase name="testList[2: com.dotcms.rest.TagResourceTestCase@77122df8]" classname="com.dotcms.rest.TagResourceIntegrationTest" time="0.017"/>
  <testcase name="testList[3: com.dotcms.rest.TagResourceTestCase@1f3d4aee]" classname="com.dotcms.rest.TagResourceIntegrationTest" time="0.023"/>
  <system-out><![CDATA[]]></system-out>
  <system-err><![CDATA[Jun 26, 2023 2:39:49 PM com.dotcms.repackage.org.hibernate.validator.internal.util.Version <clinit>
INFO: HV000001: Hibernate Validator 4.3.2.Final
]]></system-err>
</testsuite>
