<?xml version="1.0" encoding="UTF-8"?>
<testsuite name="com.dotmarketing.image.filter.ImageFilterAPIImplTest" tests="7" skipped="0" failures="0" errors="0" timestamp="2023-06-30T02:17:31" hostname="fv-az343-533" time="3.496">
  <properties/>
  <testcase name="test_dimensions" classname="com.dotmarketing.image.filter.ImageFilterAPIImplTest" time="1.012"/>
  <testcase name="test_intelligentResize" classname="com.dotmarketing.image.filter.ImageFilterAPIImplTest" time="0.065"/>
  <testcase name="test_resizeImage" classname="com.dotmarketing.image.filter.ImageFilterAPIImplTest" time="0.022"/>
  <testcase name="test_resizeImage_change_algo" classname="com.dotmarketing.image.filter.ImageFilterAPIImplTest" time="2.366"/>
  <testcase name="test_image_readers_for_image_files" classname="com.dotmarketing.image.filter.ImageFilterAPIImplTest" time="0.004"/>
  <testcase name="test_image_readers_loaded" classname="com.dotmarketing.image.filter.ImageFilterAPIImplTest" time="0.013"/>
  <testcase name="test_svg_dimensions" classname="com.dotmarketing.image.filter.ImageFilterAPIImplTest" time="0.014"/>
  <system-out><![CDATA[]]></system-out>
  <system-err><![CDATA[]]></system-err>
</testsuite>
