<?xml version="1.0" encoding="UTF-8"?>
<testsuite name="com.dotcms.rest.elasticsearch.ESContentResourcePortletTest" tests="8" skipped="0" failures="0" errors="0" timestamp="2023-07-13T20:24:31" hostname="fv-az305-739" time="7.959">
  <properties/>
  <testcase name="test_search_includeGrandChildCategory_success" classname="com.dotcms.rest.elasticsearch.ESContentResourcePortletTest" time="1.407"/>
  <testcase name="testSearch[0: com.dotcms.rest.elasticsearch.ESContentResourcePortletTest$TestCase@4600b7c1]" classname="com.dotcms.rest.elasticsearch.ESContentResourcePortletTest" time="0.883"/>
  <testcase name="testSearch[1: com.dotcms.rest.elasticsearch.ESContentResourcePortletTest$TestCase@410a9dc1]" classname="com.dotcms.rest.elasticsearch.ESContentResourcePortletTest" time="0.338"/>
  <testcase name="testSearch[2: com.dotcms.rest.elasticsearch.ESContentResourcePortletTest$TestCase@63876789]" classname="com.dotcms.rest.elasticsearch.ESContentResourcePortletTest" time="0.89"/>
  <testcase name="testSearch[3: com.dotcms.rest.elasticsearch.ESContentResourcePortletTest$TestCase@41df2492]" classname="com.dotcms.rest.elasticsearch.ESContentResourcePortletTest" time="1.437"/>
  <testcase name="testSearch[4: com.dotcms.rest.elasticsearch.ESContentResourcePortletTest$TestCase@2222dd7]" classname="com.dotcms.rest.elasticsearch.ESContentResourcePortletTest" time="1.263"/>
  <testcase name="testSearch[5: com.dotcms.rest.elasticsearch.ESContentResourcePortletTest$TestCase@17d35cc7]" classname="com.dotcms.rest.elasticsearch.ESContentResourcePortletTest" time="0.885"/>
  <testcase name="testSearch[6: com.dotcms.rest.elasticsearch.ESContentResourcePortletTest$TestCase@4f30ca9b]" classname="com.dotcms.rest.elasticsearch.ESContentResourcePortletTest" time="0.855"/>
  <system-out><![CDATA[]]></system-out>
  <system-err><![CDATA[]]></system-err>
</testsuite>
