<?xml version="1.0" encoding="UTF-8"?>
<testsuite name="com.dotmarketing.portlets.structure.model.ContentletRelationshipsTest" tests="7" skipped="0" failures="0" errors="0" timestamp="2023-06-23T18:21:43" hostname="fv-az592-477" time="8.976">
  <properties/>
  <testcase name="testDoesAllowOnlyOne[0: com.dotmarketing.portlets.structure.model.ContentletRelationshipsTest$CardinalityTestCase@767b94b9]" classname="com.dotmarketing.portlets.structure.model.ContentletRelationshipsTest" time="0.481"/>
  <testcase name="testDoesAllowOnlyOne[1: com.dotmarketing.portlets.structure.model.ContentletRelationshipsTest$CardinalityTestCase@4c4d9849]" classname="com.dotmarketing.portlets.structure.model.ContentletRelationshipsTest" time="0.474"/>
  <testcase name="testDoesAllowOnlyOne[2: com.dotmarketing.portlets.structure.model.ContentletRelationshipsTest$CardinalityTestCase@4766075f]" classname="com.dotmarketing.portlets.structure.model.ContentletRelationshipsTest" time="0.44"/>
  <testcase name="testGetRelationshipRecords[0: com.dotmarketing.portlets.structure.model.ContentletRelationshipsTest$TestCase@61501453]" classname="com.dotmarketing.portlets.structure.model.ContentletRelationshipsTest" time="1.99"/>
  <testcase name="testGetRelationshipRecords[1: com.dotmarketing.portlets.structure.model.ContentletRelationshipsTest$TestCase@4b249a9c]" classname="com.dotmarketing.portlets.structure.model.ContentletRelationshipsTest" time="1.945"/>
  <testcase name="testGetRelationshipRecords[2: com.dotmarketing.portlets.structure.model.ContentletRelationshipsTest$TestCase@6b0bdc61]" classname="com.dotmarketing.portlets.structure.model.ContentletRelationshipsTest" time="1.847"/>
  <testcase name="testGetRelationshipRecords[3: com.dotmarketing.portlets.structure.model.ContentletRelationshipsTest$TestCase@1ca072a0]" classname="com.dotmarketing.portlets.structure.model.ContentletRelationshipsTest" time="1.797"/>
  <system-out><![CDATA[]]></system-out>
  <system-err><![CDATA[]]></system-err>
</testsuite>
