<?xml version="1.0" encoding="UTF-8"?>
<testsuite name="com.dotcms.rendering.velocity.viewtools.content.util.ContentUtilsTest" tests="89" skipped="0" failures="0" errors="0" timestamp="2023-07-20T19:42:08" hostname="fv-az1232-188" time="447.42">
  <properties/>
  <testcase name="whenTheTimeMachineDateIsNullAndPublishDateInFutureShouldNotReturnAnything" classname="com.dotcms.rendering.velocity.viewtools.content.util.ContentUtilsTest" time="4.044"/>
  <testcase name="test_find_multilingual_contentlet_getContentletSuccessfully" classname="com.dotcms.rendering.velocity.viewtools.content.util.ContentUtilsTest" time="2.035"/>
  <testcase name="whenTheTimeMachineDateAndPublishDateAreTomorrowShouldReturnOneContent" classname="com.dotcms.rendering.velocity.viewtools.content.util.ContentUtilsTest" time="4.051"/>
  <testcase name="testPullRelated[0: com.dotcms.rendering.velocity.viewtools.content.util.ContentUtilsTest$TestCase@39378262]" classname="com.dotcms.rendering.velocity.viewtools.content.util.ContentUtilsTest" time="5.217"/>
  <testcase name="testPullRelated[1: com.dotcms.rendering.velocity.viewtools.content.util.ContentUtilsTest$TestCase@62dc4268]" classname="com.dotcms.rendering.velocity.viewtools.content.util.ContentUtilsTest" time="4.896"/>
  <testcase name="testPullRelated[2: com.dotcms.rendering.velocity.viewtools.content.util.ContentUtilsTest$TestCase@ffc17cc]" classname="com.dotcms.rendering.velocity.viewtools.content.util.ContentUtilsTest" time="3.36"/>
  <testcase name="testPullRelated[3: com.dotcms.rendering.velocity.viewtools.content.util.ContentUtilsTest$TestCase@4d3f8de4]" classname="com.dotcms.rendering.velocity.viewtools.content.util.ContentUtilsTest" time="4.114"/>
  <testcase name="testPullRelated[4: com.dotcms.rendering.velocity.viewtools.content.util.ContentUtilsTest$TestCase@489e22b3]" classname="com.dotcms.rendering.velocity.viewtools.content.util.ContentUtilsTest" time="4.932"/>
  <testcase name="testPullRelated[5: com.dotcms.rendering.velocity.viewtools.content.util.ContentUtilsTest$TestCase@4851e6ca]" classname="com.dotcms.rendering.velocity.viewtools.content.util.ContentUtilsTest" time="3.962"/>
  <testcase name="testPullRelated[6: com.dotcms.rendering.velocity.viewtools.content.util.ContentUtilsTest$TestCase@277cda7b]" classname="com.dotcms.rendering.velocity.viewtools.content.util.ContentUtilsTest" time="3.437"/>
  <testcase name="testPullRelated[7: com.dotcms.rendering.velocity.viewtools.content.util.ContentUtilsTest$TestCase@161d23dd]" classname="com.dotcms.rendering.velocity.viewtools.content.util.ContentUtilsTest" time="4.139"/>
  <testcase name="testPullRelated[8: com.dotcms.rendering.velocity.viewtools.content.util.ContentUtilsTest$TestCase@2f2f1017]" classname="com.dotcms.rendering.velocity.viewtools.content.util.ContentUtilsTest" time="4.847"/>
  <testcase name="testPullRelated[9: com.dotcms.rendering.velocity.viewtools.content.util.ContentUtilsTest$TestCase@688fd48e]" classname="com.dotcms.rendering.velocity.viewtools.content.util.ContentUtilsTest" time="4.229"/>
  <testcase name="testPullRelated[10: com.dotcms.rendering.velocity.viewtools.content.util.ContentUtilsTest$TestCase@29e174e6]" classname="com.dotcms.rendering.velocity.viewtools.content.util.ContentUtilsTest" time="4.053"/>
  <testcase name="testPullRelated[11: com.dotcms.rendering.velocity.viewtools.content.util.ContentUtilsTest$TestCase@561da9cc]" classname="com.dotcms.rendering.velocity.viewtools.content.util.ContentUtilsTest" time="3.327"/>
  <testcase name="testPullRelated[12: com.dotcms.rendering.velocity.viewtools.content.util.ContentUtilsTest$TestCase@165a4b0]" classname="com.dotcms.rendering.velocity.viewtools.content.util.ContentUtilsTest" time="3.574"/>
  <testcase name="testPullRelated[13: com.dotcms.rendering.velocity.viewtools.content.util.ContentUtilsTest$TestCase@17583bb6]" classname="com.dotcms.rendering.velocity.viewtools.content.util.ContentUtilsTest" time="4.317"/>
  <testcase name="testPullRelated[14: com.dotcms.rendering.velocity.viewtools.content.util.ContentUtilsTest$TestCase@35bc2bff]" classname="com.dotcms.rendering.velocity.viewtools.content.util.ContentUtilsTest" time="4.178"/>
  <testcase name="testPullRelated[15: com.dotcms.rendering.velocity.viewtools.content.util.ContentUtilsTest$TestCase@e54b74d]" classname="com.dotcms.rendering.velocity.viewtools.content.util.ContentUtilsTest" time="3.364"/>
  <testcase name="testPullRelated[16: com.dotcms.rendering.velocity.viewtools.content.util.ContentUtilsTest$TestCase@22b8c213]" classname="com.dotcms.rendering.velocity.viewtools.content.util.ContentUtilsTest" time="4.75"/>
  <testcase name="testPullRelated[17: com.dotcms.rendering.velocity.viewtools.content.util.ContentUtilsTest$TestCase@746bc879]" classname="com.dotcms.rendering.velocity.viewtools.content.util.ContentUtilsTest" time="4.103"/>
  <testcase name="testPullRelated[18: com.dotcms.rendering.velocity.viewtools.content.util.ContentUtilsTest$TestCase@205cf6d8]" classname="com.dotcms.rendering.velocity.viewtools.content.util.ContentUtilsTest" time="4.192"/>
  <testcase name="testPullRelated[19: com.dotcms.rendering.velocity.viewtools.content.util.ContentUtilsTest$TestCase@b99d341]" classname="com.dotcms.rendering.velocity.viewtools.content.util.ContentUtilsTest" time="5.21"/>
  <testcase name="testPullRelated[20: com.dotcms.rendering.velocity.viewtools.content.util.ContentUtilsTest$TestCase@6fd5307b]" classname="com.dotcms.rendering.velocity.viewtools.content.util.ContentUtilsTest" time="3.752"/>
  <testcase name="testPullRelated[21: com.dotcms.rendering.velocity.viewtools.content.util.ContentUtilsTest$TestCase@45d715f8]" classname="com.dotcms.rendering.velocity.viewtools.content.util.ContentUtilsTest" time="3.949"/>
  <testcase name="testPullRelated[22: com.dotcms.rendering.velocity.viewtools.content.util.ContentUtilsTest$TestCase@27ac1ac]" classname="com.dotcms.rendering.velocity.viewtools.content.util.ContentUtilsTest" time="4.554"/>
  <testcase name="testPullRelated[23: com.dotcms.rendering.velocity.viewtools.content.util.ContentUtilsTest$TestCase@473c1979]" classname="com.dotcms.rendering.velocity.viewtools.content.util.ContentUtilsTest" time="4.991"/>
  <testcase name="testPullRelated[24: com.dotcms.rendering.velocity.viewtools.content.util.ContentUtilsTest$TestCase@1acaf0d]" classname="com.dotcms.rendering.velocity.viewtools.content.util.ContentUtilsTest" time="4.977"/>
  <testcase name="testPullRelated[25: com.dotcms.rendering.velocity.viewtools.content.util.ContentUtilsTest$TestCase@7c291215]" classname="com.dotcms.rendering.velocity.viewtools.content.util.ContentUtilsTest" time="4.264"/>
  <testcase name="testPullRelated[26: com.dotcms.rendering.velocity.viewtools.content.util.ContentUtilsTest$TestCase@288acb9d]" classname="com.dotcms.rendering.velocity.viewtools.content.util.ContentUtilsTest" time="4.942"/>
  <testcase name="testPullRelated[27: com.dotcms.rendering.velocity.viewtools.content.util.ContentUtilsTest$TestCase@fdaf824]" classname="com.dotcms.rendering.velocity.viewtools.content.util.ContentUtilsTest" time="4.276"/>
  <testcase name="testPullRelated[28: com.dotcms.rendering.velocity.viewtools.content.util.ContentUtilsTest$TestCase@6beaea15]" classname="com.dotcms.rendering.velocity.viewtools.content.util.ContentUtilsTest" time="4.692"/>
  <testcase name="testPullRelated[29: com.dotcms.rendering.velocity.viewtools.content.util.ContentUtilsTest$TestCase@5f67f4c7]" classname="com.dotcms.rendering.velocity.viewtools.content.util.ContentUtilsTest" time="4.102"/>
  <testcase name="testPullRelated[30: com.dotcms.rendering.velocity.viewtools.content.util.ContentUtilsTest$TestCase@214f1a95]" classname="com.dotcms.rendering.velocity.viewtools.content.util.ContentUtilsTest" time="4.089"/>
  <testcase name="testPullRelated[31: com.dotcms.rendering.velocity.viewtools.content.util.ContentUtilsTest$TestCase@798cdd40]" classname="com.dotcms.rendering.velocity.viewtools.content.util.ContentUtilsTest" time="4.347"/>
  <testcase name="testPullRelated[32: com.dotcms.rendering.velocity.viewtools.content.util.ContentUtilsTest$TestCase@458a3a26]" classname="com.dotcms.rendering.velocity.viewtools.content.util.ContentUtilsTest" time="4.866"/>
  <testcase name="testPullRelated[33: com.dotcms.rendering.velocity.viewtools.content.util.ContentUtilsTest$TestCase@25ab3f9c]" classname="com.dotcms.rendering.velocity.viewtools.content.util.ContentUtilsTest" time="4.279"/>
  <testcase name="testPullRelated[34: com.dotcms.rendering.velocity.viewtools.content.util.ContentUtilsTest$TestCase@7c69020e]" classname="com.dotcms.rendering.velocity.viewtools.content.util.ContentUtilsTest" time="3.83"/>
  <testcase name="testPullRelated[35: com.dotcms.rendering.velocity.viewtools.content.util.ContentUtilsTest$TestCase@6390a61e]" classname="com.dotcms.rendering.velocity.viewtools.content.util.ContentUtilsTest" time="3.445"/>
  <testcase name="testPullRelated[36: com.dotcms.rendering.velocity.viewtools.content.util.ContentUtilsTest$TestCase@77dffb40]" classname="com.dotcms.rendering.velocity.viewtools.content.util.ContentUtilsTest" time="6.99"/>
  <testcase name="testPullRelated[37: com.dotcms.rendering.velocity.viewtools.content.util.ContentUtilsTest$TestCase@b747df8]" classname="com.dotcms.rendering.velocity.viewtools.content.util.ContentUtilsTest" time="5.922"/>
  <testcase name="testPullRelated[38: com.dotcms.rendering.velocity.viewtools.content.util.ContentUtilsTest$TestCase@3fb967ea]" classname="com.dotcms.rendering.velocity.viewtools.content.util.ContentUtilsTest" time="5.708"/>
  <testcase name="testPullRelated[39: com.dotcms.rendering.velocity.viewtools.content.util.ContentUtilsTest$TestCase@59ff9655]" classname="com.dotcms.rendering.velocity.viewtools.content.util.ContentUtilsTest" time="6.684"/>
  <testcase name="testPullRelated[40: com.dotcms.rendering.velocity.viewtools.content.util.ContentUtilsTest$TestCase@517273d1]" classname="com.dotcms.rendering.velocity.viewtools.content.util.ContentUtilsTest" time="6.422"/>
  <testcase name="testPullRelated[41: com.dotcms.rendering.velocity.viewtools.content.util.ContentUtilsTest$TestCase@79c15fba]" classname="com.dotcms.rendering.velocity.viewtools.content.util.ContentUtilsTest" time="5.949"/>
  <testcase name="testPullRelated[42: com.dotcms.rendering.velocity.viewtools.content.util.ContentUtilsTest$TestCase@db3e15f]" classname="com.dotcms.rendering.velocity.viewtools.content.util.ContentUtilsTest" time="6.717"/>
  <testcase name="testPullRelated[43: com.dotcms.rendering.velocity.viewtools.content.util.ContentUtilsTest$TestCase@28db8382]" classname="com.dotcms.rendering.velocity.viewtools.content.util.ContentUtilsTest" time="7.189"/>
  <testcase name="testPullRelated[44: com.dotcms.rendering.velocity.viewtools.content.util.ContentUtilsTest$TestCase@6af581b3]" classname="com.dotcms.rendering.velocity.viewtools.content.util.ContentUtilsTest" time="5.72"/>
  <testcase name="testPullRelated[45: com.dotcms.rendering.velocity.viewtools.content.util.ContentUtilsTest$TestCase@19ba3fd8]" classname="com.dotcms.rendering.velocity.viewtools.content.util.ContentUtilsTest" time="6.145"/>
  <testcase name="testPullRelated[46: com.dotcms.rendering.velocity.viewtools.content.util.ContentUtilsTest$TestCase@b119ca9]" classname="com.dotcms.rendering.velocity.viewtools.content.util.ContentUtilsTest" time="7.531"/>
  <testcase name="testPullRelated[47: com.dotcms.rendering.velocity.viewtools.content.util.ContentUtilsTest$TestCase@7fa2c9da]" classname="com.dotcms.rendering.velocity.viewtools.content.util.ContentUtilsTest" time="7.095"/>
  <testcase name="testPullRelated[48: com.dotcms.rendering.velocity.viewtools.content.util.ContentUtilsTest$TestCase@399c2784]" classname="com.dotcms.rendering.velocity.viewtools.content.util.ContentUtilsTest" time="5.707"/>
  <testcase name="testPullRelated[49: com.dotcms.rendering.velocity.viewtools.content.util.ContentUtilsTest$TestCase@71108b90]" classname="com.dotcms.rendering.velocity.viewtools.content.util.ContentUtilsTest" time="6.233"/>
  <testcase name="testPullRelated[50: com.dotcms.rendering.velocity.viewtools.content.util.ContentUtilsTest$TestCase@7663a5cf]" classname="com.dotcms.rendering.velocity.viewtools.content.util.ContentUtilsTest" time="6.559"/>
  <testcase name="testPullRelated[51: com.dotcms.rendering.velocity.viewtools.content.util.ContentUtilsTest$TestCase@1fe64ec0]" classname="com.dotcms.rendering.velocity.viewtools.content.util.ContentUtilsTest" time="6.817"/>
  <testcase name="testPullRelated[52: com.dotcms.rendering.velocity.viewtools.content.util.ContentUtilsTest$TestCase@471efabf]" classname="com.dotcms.rendering.velocity.viewtools.content.util.ContentUtilsTest" time="6.055"/>
  <testcase name="testPullRelated[53: com.dotcms.rendering.velocity.viewtools.content.util.ContentUtilsTest$TestCase@32a7a5c7]" classname="com.dotcms.rendering.velocity.viewtools.content.util.ContentUtilsTest" time="6.147"/>
  <testcase name="testPullRelated[54: com.dotcms.rendering.velocity.viewtools.content.util.ContentUtilsTest$TestCase@59013381]" classname="com.dotcms.rendering.velocity.viewtools.content.util.ContentUtilsTest" time="5.445"/>
  <testcase name="testPullRelated[55: com.dotcms.rendering.velocity.viewtools.content.util.ContentUtilsTest$TestCase@743cf62f]" classname="com.dotcms.rendering.velocity.viewtools.content.util.ContentUtilsTest" time="6.651"/>
  <testcase name="testPullRelated[56: com.dotcms.rendering.velocity.viewtools.content.util.ContentUtilsTest$TestCase@44c73115]" classname="com.dotcms.rendering.velocity.viewtools.content.util.ContentUtilsTest" time="5.425"/>
  <testcase name="testPullRelated[57: com.dotcms.rendering.velocity.viewtools.content.util.ContentUtilsTest$TestCase@4b412dd7]" classname="com.dotcms.rendering.velocity.viewtools.content.util.ContentUtilsTest" time="6.828"/>
  <testcase name="testPullRelated[58: com.dotcms.rendering.velocity.viewtools.content.util.ContentUtilsTest$TestCase@1b0c8205]" classname="com.dotcms.rendering.velocity.viewtools.content.util.ContentUtilsTest" time="6.11"/>
  <testcase name="testPullRelated[59: com.dotcms.rendering.velocity.viewtools.content.util.ContentUtilsTest$TestCase@81292c5]" classname="com.dotcms.rendering.velocity.viewtools.content.util.ContentUtilsTest" time="6.628"/>
  <testcase name="testPullRelated[60: com.dotcms.rendering.velocity.viewtools.content.util.ContentUtilsTest$TestCase@7520454b]" classname="com.dotcms.rendering.velocity.viewtools.content.util.ContentUtilsTest" time="7.01"/>
  <testcase name="testPullRelated[61: com.dotcms.rendering.velocity.viewtools.content.util.ContentUtilsTest$TestCase@374df1ad]" classname="com.dotcms.rendering.velocity.viewtools.content.util.ContentUtilsTest" time="7.061"/>
  <testcase name="testPullRelated[62: com.dotcms.rendering.velocity.viewtools.content.util.ContentUtilsTest$TestCase@48ae41eb]" classname="com.dotcms.rendering.velocity.viewtools.content.util.ContentUtilsTest" time="7.215"/>
  <testcase name="testPullRelated[63: com.dotcms.rendering.velocity.viewtools.content.util.ContentUtilsTest$TestCase@54b66681]" classname="com.dotcms.rendering.velocity.viewtools.content.util.ContentUtilsTest" time="7.209"/>
  <testcase name="testPullRelated[64: com.dotcms.rendering.velocity.viewtools.content.util.ContentUtilsTest$TestCase@23cb7b41]" classname="com.dotcms.rendering.velocity.viewtools.content.util.ContentUtilsTest" time="7.033"/>
  <testcase name="testPullRelated[65: com.dotcms.rendering.velocity.viewtools.content.util.ContentUtilsTest$TestCase@7b53260c]" classname="com.dotcms.rendering.velocity.viewtools.content.util.ContentUtilsTest" time="6.876"/>
  <testcase name="testPullRelated[66: com.dotcms.rendering.velocity.viewtools.content.util.ContentUtilsTest$TestCase@41489194]" classname="com.dotcms.rendering.velocity.viewtools.content.util.ContentUtilsTest" time="6.664"/>
  <testcase name="testPullRelated[67: com.dotcms.rendering.velocity.viewtools.content.util.ContentUtilsTest$TestCase@262d6552]" classname="com.dotcms.rendering.velocity.viewtools.content.util.ContentUtilsTest" time="5.988"/>
  <testcase name="testPullRelated[68: com.dotcms.rendering.velocity.viewtools.content.util.ContentUtilsTest$TestCase@5e4403a5]" classname="com.dotcms.rendering.velocity.viewtools.content.util.ContentUtilsTest" time="6.049"/>
  <testcase name="testPullRelated[69: com.dotcms.rendering.velocity.viewtools.content.util.ContentUtilsTest$TestCase@3cc52d27]" classname="com.dotcms.rendering.velocity.viewtools.content.util.ContentUtilsTest" time="6.959"/>
  <testcase name="testPullRelated[70: com.dotcms.rendering.velocity.viewtools.content.util.ContentUtilsTest$TestCase@3984cf1a]" classname="com.dotcms.rendering.velocity.viewtools.content.util.ContentUtilsTest" time="6.305"/>
  <testcase name="testPullRelated[71: com.dotcms.rendering.velocity.viewtools.content.util.ContentUtilsTest$TestCase@74ce3a8d]" classname="com.dotcms.rendering.velocity.viewtools.content.util.ContentUtilsTest" time="7.23"/>
  <testcase name="whenPublishAndExpireDatesAreInTheFutureAndTimeMachineIsAfterBoth" classname="com.dotcms.rendering.velocity.viewtools.content.util.ContentUtilsTest" time="3.99"/>
  <testcase name="testPullRelatedForLegacyRelationship[0: com.dotcms.rendering.velocity.viewtools.content.util.ContentUtilsTest$LegacyTestCase@ae9469a]" classname="com.dotcms.rendering.velocity.viewtools.content.util.ContentUtilsTest" time="3.426"/>
  <testcase name="testPullRelatedForLegacyRelationship[1: com.dotcms.rendering.velocity.viewtools.content.util.ContentUtilsTest$LegacyTestCase@1fd0fef5]" classname="com.dotcms.rendering.velocity.viewtools.content.util.ContentUtilsTest" time="4.067"/>
  <testcase name="whenTheTimeMachineDateIsAfterTomorrowAndExpireDateIsTomorrowShouldNotReturnContent" classname="com.dotcms.rendering.velocity.viewtools.content.util.ContentUtilsTest" time="4.178"/>
  <testcase name="testPullLiveRelatedWhenLatestVersionIsWorking" classname="com.dotcms.rendering.velocity.viewtools.content.util.ContentUtilsTest" time="5.165"/>
  <testcase name="test_add_relationships_on_parent_children_related_contents" classname="com.dotcms.rendering.velocity.viewtools.content.util.ContentUtilsTest" time="1.772"/>
  <testcase name="testSortPullRelated[0: com.dotcms.rendering.velocity.viewtools.content.util.ContentUtilsTest$SortTestCase@330e0a]" classname="com.dotcms.rendering.velocity.viewtools.content.util.ContentUtilsTest" time="2.701"/>
  <testcase name="testSortPullRelated[1: com.dotcms.rendering.velocity.viewtools.content.util.ContentUtilsTest$SortTestCase@52c56d3]" classname="com.dotcms.rendering.velocity.viewtools.content.util.ContentUtilsTest" time="3.697"/>
  <testcase name="testSortPullRelated[2: com.dotcms.rendering.velocity.viewtools.content.util.ContentUtilsTest$SortTestCase@45b10d7a]" classname="com.dotcms.rendering.velocity.viewtools.content.util.ContentUtilsTest" time="3.323"/>
  <testcase name="testSortPullRelated[3: com.dotcms.rendering.velocity.viewtools.content.util.ContentUtilsTest$SortTestCase@5d8e646f]" classname="com.dotcms.rendering.velocity.viewtools.content.util.ContentUtilsTest" time="3.014"/>
  <testcase name="testSortPullRelated[4: com.dotcms.rendering.velocity.viewtools.content.util.ContentUtilsTest$SortTestCase@45d5628a]" classname="com.dotcms.rendering.velocity.viewtools.content.util.ContentUtilsTest" time="2.881"/>
  <testcase name="testSortPullRelated[5: com.dotcms.rendering.velocity.viewtools.content.util.ContentUtilsTest$SortTestCase@22a82e2d]" classname="com.dotcms.rendering.velocity.viewtools.content.util.ContentUtilsTest" time="3.868"/>
  <testcase name="whenTheTimeMachineDateIsAfterTomorrowAndExpireDateIsInFutureShouldReturnContent" classname="com.dotcms.rendering.velocity.viewtools.content.util.ContentUtilsTest" time="4.155"/>
  <testcase name="testPullRelatedFieldShouldRespectDefaultOrder" classname="com.dotcms.rendering.velocity.viewtools.content.util.ContentUtilsTest" time="3.213"/>
  <system-out><![CDATA[]]></system-out>
  <system-err><![CDATA[]]></system-err>
</testsuite>
