<?xml version="1.0" encoding="UTF-8"?>
<testsuite name="com.dotmarketing.business.DeterministicIdentifierAPITest" tests="16" skipped="0" failures="0" errors="0" timestamp="2023-06-30T20:00:25" hostname="fv-az1231-758" time="1.182">
  <properties/>
  <testcase name="Test_Category_Path_Seed_And_Id" classname="com.dotmarketing.business.DeterministicIdentifierAPITest" time="0.026"/>
  <testcase name="Test_Language_Deterministic_Id[0: LanguageTestCase{expectedSeed='Language:es:US', expectedHash=4913155, langCode='es', countryCode='US', country='United States'}]" classname="com.dotmarketing.business.DeterministicIdentifierAPITest" time="0.001"/>
  <testcase name="Test_Language_Deterministic_Id[1: LanguageTestCase{expectedSeed='Language:ep:', expectedHash=5292269, langCode='ep', countryCode='', country=''}]" classname="com.dotmarketing.business.DeterministicIdentifierAPITest" time="0.001"/>
  <testcase name="Test_Language_Deterministic_Id[2: LanguageTestCase{expectedSeed='Language:sg:SAG', expectedHash=4713118, langCode='sg', countryCode='SAG', country=''}]" classname="com.dotmarketing.business.DeterministicIdentifierAPITest" time="0.001"/>
  <testcase name="Test_Language_Deterministic_Id[3: LanguageTestCase{expectedSeed='Language:en:NZ', expectedHash=5382528, langCode='en', countryCode='NZ', country='New Zealand'}]" classname="com.dotmarketing.business.DeterministicIdentifierAPITest" time="0.001"/>
  <testcase name="Test_Category_None_Persisted_Category_Should_Return_Deterministic_Id" classname="com.dotmarketing.business.DeterministicIdentifierAPITest" time="0.002"/>
  <testcase name="Test_Asset_Generate_Deterministic_Id_Best_Effort[0: TestCase{versionable=my.host1688154819523.com, parent=System Host, expectedName='my.host1688154819523.com', expectedType='Host'}]" classname="com.dotmarketing.business.DeterministicIdentifierAPITest" time="0.003"/>
  <testcase name="Test_Asset_Generate_Deterministic_Id_Best_Effort[1: TestCase{versionable=com.dotmarketing.portlets.contentlet.model.Contentlet@14829217[map={modDate=2023-06-30 19:53:40.158, fileName=file2026783751899025716.txt, title=file2026783751899025716.txt, inode=0c067b09-2521-4979-b7a3-e99488c1a0e6, __IS_NEW_CONTENT__=true, disabledWYSIWYG=[], host=b389658e-4c89-4295-a7f1-539266ca0702, stInode=33888b6f-7a8e-4069-b1b6-5c1aa9d0a48d, owner=system, identifier=c1fa57fa-8694-4351-b2ea-cecb2b10675a, nullProperties=[wfExpireDate, wfPublishDate, wfActionAssign, wfActionId, wfActionComments, filterKey, whereToSend, wfNeverExpire, _path_to_move, timezoneId, iWantTo, wfPublishTime, wfExpireTime], languageId=1, fileAsset=/home/runner/work/core/custom/assets/0/c/0c067b09-2521-4979-b7a3-e99488c1a0e6/fileAsset/file2026783751899025716.txt, folder=f1af6e74-b406-4649-baa9-2ab404d31c46, __disable_workflow__=true, sortOrder=0, modUser=system},lowIndexPriority=false,variantId=DEFAULT], parent=com.dotmarketing.portlets.folders.model.Folder@5c558de7[identifier=f1af6e74-b406-4649-baa9-2ab404d31c46,name=testName1688154820138,sortOrder=0,showOnMenu=false,hostId=b389658e-4c89-4295-a7f1-539266ca0702,type=folder,title=testTitle1688154820138,filesMasks=,defaultFileType=33888b6f-7a8e-4069-b1b6-5c1aa9d0a48d,modDate=2023-06-30 19:53:40.149,owner=&lt;null&gt;,iDate=2023-06-30 19:53:40.149,inode=f1af6e74-b406-4649-baa9-2ab404d31c46,path=/testName1688154820138/], expectedName='file2026783751899025716.txt', expectedType='FileAsset'}]" classname="com.dotmarketing.business.DeterministicIdentifierAPITest" time="0.003"/>
  <testcase name="Test_Asset_Generate_Deterministic_Id_Best_Effort[2: TestCase{versionable=com.dotmarketing.portlets.templates.model.Template@397e66fa, parent=my.host1688154819523.com, expectedName='testTitle1688154820269', expectedType='Template'}]" classname="com.dotmarketing.business.DeterministicIdentifierAPITest" time="0.003"/>
  <testcase name="Test_Asset_Generate_Deterministic_Id_Best_Effort[3: TestCase{versionable=com.dotmarketing.portlets.htmlpageasset.model.HTMLPageAsset@193be8ba[map={template=b7fea524-6d98-4c58-978c-28b57069db8b, owner=system, identifier=4e017eff-e94d-49ce-9512-dc6900e77510, nullProperties=[wfExpireDate, wfPublishDate, wfActionAssign, wfActionId, wfActionComments, filterKey, whereToSend, wfNeverExpire, _path_to_move, timezoneId, iWantTo, wfPublishTime, wfExpireTime], modDate=2023-06-30 19:53:40.288, cachettl=0, _is_test_mode=true, languageId=1, title=test-page-title-1688154820284, httpsreq=, url=test-page-url-1688154820284, showOnMenu=, inode=be0012bc-2bc9-4ce0-9205-51c5bb4ff863, folder=f1af6e74-b406-4649-baa9-2ab404d31c46, disabledWYSIWYG=[], sortOrder=1, modUser=system, host=b389658e-4c89-4295-a7f1-539266ca0702, stInode=c541abb1-69b3-4bc5-8430-5e09e5239cc8, friendlyName=test-page-friendly-name-1688154820284},lowIndexPriority=false,variantId=DEFAULT], parent=com.dotmarketing.portlets.folders.model.Folder@5c558de7[identifier=f1af6e74-b406-4649-baa9-2ab404d31c46,name=testName1688154820138,sortOrder=0,showOnMenu=false,hostId=b389658e-4c89-4295-a7f1-539266ca0702,type=folder,title=testTitle1688154820138,filesMasks=,defaultFileType=33888b6f-7a8e-4069-b1b6-5c1aa9d0a48d,modDate=2023-06-30 19:53:40.149,owner=&lt;null&gt;,iDate=2023-06-30 19:53:40.149,inode=f1af6e74-b406-4649-baa9-2ab404d31c46,path=/testName1688154820138/], expectedName='test-page-url-1688154820284', expectedType='htmlpageasset'}]" classname="com.dotmarketing.business.DeterministicIdentifierAPITest" time="0.003"/>
  <testcase name="Test_Asset_Generate_Deterministic_Id_Best_Effort[4: TestCase{versionable=com.dotmarketing.portlets.contentlet.model.Contentlet@223d1b8c[map={fileAsset2=/home/runner/work/core/custom/assets/a/a/aab590a3-e46a-48df-b9b6-d50d0b535add/fileAsset2/test_binary1688154822157.png, modDate=2023-06-30 19:53:42.163, fileAsset1=/home/runner/work/core/custom/assets/a/a/aab590a3-e46a-48df-b9b6-d50d0b535add/fileAsset1/test_binary1688154822157.jpg, title=blah, inode=aab590a3-e46a-48df-b9b6-d50d0b535add, __IS_NEW_CONTENT__=true, disabledWYSIWYG=[], host=48190c8c-42c4-46af-8d1a-0cd5db894797, stInode=e57be5ac-b995-4c14-9df2-0a08d750a122, owner=system, identifier=a887c0dd-ff34-4c73-92bf-006f33290f6e, nullProperties=[], languageId=1, image1=12063253-a36a-434b-82af-7f5d452846df, folder=SYSTEM_FOLDER, __disable_workflow__=true, sortOrder=0, modUser=system},lowIndexPriority=false,variantId=DEFAULT], parent=demo.dotcms.com, expectedName='test_binary1688154822157.jpg:test_binary1688154822157.png', expectedType='MultipleBinaries1688154820497'}]" classname="com.dotmarketing.business.DeterministicIdentifierAPITest" time="0.004"/>
  <testcase name="Test_Asset_Generate_Deterministic_Id_Best_Effort[5: TestCase{versionable=namec4883b6fd4 : keyTagc4883b6fd4, parent=my.host1688154819523.com, expectedName='keyTagc4883b6fd4', expectedType='persona'}]" classname="com.dotmarketing.business.DeterministicIdentifierAPITest" time="0.003"/>
  <testcase name="Test_Similar_Content_Type_Wont_Clash" classname="com.dotmarketing.business.DeterministicIdentifierAPITest" time="0.562"/>
  <testcase name="Test_Generate_Folder_Identifier" classname="com.dotmarketing.business.DeterministicIdentifierAPITest" time="0.545"/>
  <testcase name="Test_Generate_Content_Type_Identifier[0: ContentTypeTestCase{contentType=KeyValueContentType{name=Language Variable, id=f4d7c1b8-2c88-4071-abf1-a5328977b07d, description=Default Content Type for Language Variables, defaultType=false, fixed=true, iDate=Thu Aug 31 16:38:49 UTC 2017, system=true, versionable=true, variable=Languagevariable, modDate=Fri Jun 30 18:45:12 UTC 2023, host=SYSTEM_HOST, siteName=systemHost, icon=language, sortOrder=0, folder=SYSTEM_FOLDER, folderPath=/, markedForDeletion=true, multilingualable=false}, expectedName='Languagevariable', expectedType='KeyValue'}]" classname="com.dotmarketing.business.DeterministicIdentifierAPITest" time="0.016"/>
  <testcase name="Test_Generate_Content_Type_Identifier[1: ContentTypeTestCase{contentType=SimpleContentType{name=testName1688154822651, id=d4eb451a-dedc-4cc8-8b1f-0f6193493277, description=testDescription1688154822651, defaultType=false, fixed=false, iDate=Fri Jun 30 19:53:42 UTC 2023, system=false, versionable=true, multilingualable=false, variable=testVarname1688154822651, owner=system, modDate=Fri Jun 30 19:53:43 UTC 2023, host=48190c8c-42c4-46af-8d1a-0cd5db894797, siteName=demo.dotcms.com, icon=event_note, sortOrder=0, folder=SYSTEM_FOLDER, folderPath=/, requiredFields=[], markedForDeletion=false}, expectedName='testVarname1688154822651', expectedType='CONTENT'}]" classname="com.dotmarketing.business.DeterministicIdentifierAPITest" time="0.006"/>
  <system-out><![CDATA[]]></system-out>
  <system-err><![CDATA[]]></system-err>
</testsuite>
