<?xml version="1.0" encoding="UTF-8"?>
<testsuite name="com.dotcms.rest.api.v1.contenttype.FieldVariableResourceTest" tests="2" skipped="0" failures="0" errors="0" timestamp="2023-06-30T18:14:21" hostname="fv-az247-376" time="14.357">
  <properties/>
  <testcase name="testByFieldId" classname="com.dotcms.rest.api.v1.contenttype.FieldVariableResourceTest" time="7.181"/>
  <testcase name="testByFieldVar" classname="com.dotcms.rest.api.v1.contenttype.FieldVariableResourceTest" time="7.176"/>
  <system-out><![CDATA[]]></system-out>
  <system-err><![CDATA[]]></system-err>
</testsuite>
