<?xml version="1.0" encoding="UTF-8"?>
<testsuite name="com.dotcms.rest.elasticsearch.ESContentResourcePortletTest" tests="8" skipped="0" failures="0" errors="0" timestamp="2023-06-28T20:24:04" hostname="fv-az216-796" time="8.622">
  <properties/>
  <testcase name="test_search_includeGrandChildCategory_success" classname="com.dotcms.rest.elasticsearch.ESContentResourcePortletTest" time="1.521"/>
  <testcase name="testSearch[0: com.dotcms.rest.elasticsearch.ESContentResourcePortletTest$TestCase@47e90802]" classname="com.dotcms.rest.elasticsearch.ESContentResourcePortletTest" time="0.984"/>
  <testcase name="testSearch[1: com.dotcms.rest.elasticsearch.ESContentResourcePortletTest$TestCase@1e9271a2]" classname="com.dotcms.rest.elasticsearch.ESContentResourcePortletTest" time="0.414"/>
  <testcase name="testSearch[2: com.dotcms.rest.elasticsearch.ESContentResourcePortletTest$TestCase@67823dd6]" classname="com.dotcms.rest.elasticsearch.ESContentResourcePortletTest" time="1.056"/>
  <testcase name="testSearch[3: com.dotcms.rest.elasticsearch.ESContentResourcePortletTest$TestCase@75931381]" classname="com.dotcms.rest.elasticsearch.ESContentResourcePortletTest" time="1.326"/>
  <testcase name="testSearch[4: com.dotcms.rest.elasticsearch.ESContentResourcePortletTest$TestCase@7ab5bc29]" classname="com.dotcms.rest.elasticsearch.ESContentResourcePortletTest" time="1.32"/>
  <testcase name="testSearch[5: com.dotcms.rest.elasticsearch.ESContentResourcePortletTest$TestCase@7727cdbc]" classname="com.dotcms.rest.elasticsearch.ESContentResourcePortletTest" time="0.993"/>
  <testcase name="testSearch[6: com.dotcms.rest.elasticsearch.ESContentResourcePortletTest$TestCase@1bd3203]" classname="com.dotcms.rest.elasticsearch.ESContentResourcePortletTest" time="1.005"/>
  <system-out><![CDATA[]]></system-out>
  <system-err><![CDATA[]]></system-err>
</testsuite>
