<?xml version="1.0" encoding="UTF-8"?>
<testsuite name="com.dotmarketing.business.IdentifierCacheImplTest" tests="2" skipped="0" failures="0" errors="0" timestamp="2023-06-28T15:43:02" hostname="fv-az452-705" time="0.006">
  <properties/>
  <testcase name="addIntoCacheWithVariant" classname="com.dotmarketing.business.IdentifierCacheImplTest" time="0.004"/>
  <testcase name="addIntoCache" classname="com.dotmarketing.business.IdentifierCacheImplTest" time="0.002"/>
  <system-out><![CDATA[]]></system-out>
  <system-err><![CDATA[]]></system-err>
</testsuite>
