<?xml version="1.0" encoding="UTF-8"?>
<testsuite name="com.liferay.portal.language.LanguageUtilTest" tests="15" skipped="0" failures="0" errors="0" timestamp="2023-06-26T21:23:36" hostname="fv-az1241-672" time="0.107">
  <properties/>
  <testcase name="getLanguageId_null_expected_negative_lang_Test" classname="com.liferay.portal.language.LanguageUtilTest" time="0.001"/>
  <testcase name="getLanguageId_empty_expected_negative_lang_Test" classname="com.liferay.portal.language.LanguageUtilTest" time="0.001"/>
  <testcase name="getLanguageId_weirdlang_expected_negative_lang_Test" classname="com.liferay.portal.language.LanguageUtilTest" time="0.002"/>
  <testcase name="getLanguageId_valid_default_long_expected_same_lang_id_Test" classname="com.liferay.portal.language.LanguageUtilTest" time="0.002"/>
  <testcase name="test_getAllMessagesByLocale_success" classname="com.liferay.portal.language.LanguageUtilTest" time="0.064"/>
  <testcase name="getLanguageId_existing_expected_non_negative_lang_Test" classname="com.liferay.portal.language.LanguageUtilTest" time="0.017"/>
  <testcase name="test_getLanguageId_DiffLanguageLocale[0: com.liferay.portal.language.LanguageUtilTest$TestCaseLanguageLocale@67f6f421]" classname="com.liferay.portal.language.LanguageUtilTest" time="0.004"/>
  <testcase name="test_getLanguageId_DiffLanguageLocale[1: com.liferay.portal.language.LanguageUtilTest$TestCaseLanguageLocale@4036843c]" classname="com.liferay.portal.language.LanguageUtilTest" time="0.006"/>
  <testcase name="test_getLanguageId_DiffLanguageLocale[2: com.liferay.portal.language.LanguageUtilTest$TestCaseLanguageLocale@49889acd]" classname="com.liferay.portal.language.LanguageUtilTest" time="0.002"/>
  <testcase name="test_getLanguageId_DiffLanguageLocale[3: com.liferay.portal.language.LanguageUtilTest$TestCaseLanguageLocale@3f22ae11]" classname="com.liferay.portal.language.LanguageUtilTest" time="0.001"/>
  <testcase name="test_getLanguageId_DiffLanguageLocale[4: com.liferay.portal.language.LanguageUtilTest$TestCaseLanguageLocale@6fa51228]" classname="com.liferay.portal.language.LanguageUtilTest" time="0.0"/>
  <testcase name="test_getLanguageId_DiffLanguageLocale[5: com.liferay.portal.language.LanguageUtilTest$TestCaseLanguageLocale@1b466c84]" classname="com.liferay.portal.language.LanguageUtilTest" time="0.001"/>
  <testcase name="test_getLanguageId_DiffLanguageLocale[6: com.liferay.portal.language.LanguageUtilTest$TestCaseLanguageLocale@1695d3d3]" classname="com.liferay.portal.language.LanguageUtilTest" time="0.001"/>
  <testcase name="test_getLanguageId_DiffLanguageLocale[7: com.liferay.portal.language.LanguageUtilTest$TestCaseLanguageLocale@3c6da536]" classname="com.liferay.portal.language.LanguageUtilTest" time="0.001"/>
  <testcase name="getLanguageId_valid_long_expected_same_lang_id_Test" classname="com.liferay.portal.language.LanguageUtilTest" time="0.001"/>
  <system-out><![CDATA[]]></system-out>
  <system-err><![CDATA[]]></system-err>
</testsuite>
