<?xml version="1.0" encoding="UTF-8"?>
<testsuite name="com.dotmarketing.servlets.ajax.AjaxDirectorServletIntegrationTest" tests="2" skipped="0" failures="0" errors="0" timestamp="2023-07-20T18:08:58" hostname="fv-az574-670" time="3.988">
  <properties/>
  <testcase name="testService[0: com.dotmarketing.servlets.ajax.AjaxDirectorServletTestCase@6c2679c4]" classname="com.dotmarketing.servlets.ajax.AjaxDirectorServletIntegrationTest" time="1.856"/>
  <testcase name="testService[1: com.dotmarketing.servlets.ajax.AjaxDirectorServletTestCase@6bbcdae1]" classname="com.dotmarketing.servlets.ajax.AjaxDirectorServletIntegrationTest" time="2.132"/>
  <system-out><![CDATA[]]></system-out>
  <system-err><![CDATA[]]></system-err>
</testsuite>
