<?xml version="1.0" encoding="UTF-8"?>
<testsuite name="com.dotmarketing.portlets.contentlet.business.ContentletCheckInTest" tests="11" skipped="0" failures="0" errors="0" timestamp="2023-07-08T05:11:02" hostname="fv-az436-467" time="19.058">
  <properties/>
  <testcase name="test_checkinContentlet_RelationshipToItself_throwsDotContentletValidationException" classname="com.dotmarketing.portlets.contentlet.business.ContentletCheckInTest" time="2.137"/>
  <testcase name="test_checkinContentlet_RelationshipManyToManyCardinality_Success" classname="com.dotmarketing.portlets.contentlet.business.ContentletCheckInTest" time="2.29"/>
  <testcase name="test_checkinContentlet_relationshipOneToOneCardinality_fails_whenRelatedChildBelongsToAnotherRelationship" classname="com.dotmarketing.portlets.contentlet.business.ContentletCheckInTest" time="1.131"/>
  <testcase name="publish_content_anonymously" classname="com.dotmarketing.portlets.contentlet.business.ContentletCheckInTest" time="1.312"/>
  <testcase name="test_checkinContentlet_RelationshipOneToManyCardinality_Success" classname="com.dotmarketing.portlets.contentlet.business.ContentletCheckInTest" time="1.999"/>
  <testcase name="test_checkinContentlet_relationshipOneToOneCardinality_fails_whenRelatedParentBelongsToAnotherRelationship" classname="com.dotmarketing.portlets.contentlet.business.ContentletCheckInTest" time="2.152"/>
  <testcase name="test_checkinContentlet_RelationshipOneToManyCardinality_throwsDotContentletValidationException" classname="com.dotmarketing.portlets.contentlet.business.ContentletCheckInTest" time="2.504"/>
  <testcase name="test_checkinContentlet_RelationshipOneToOneCardinality_Success" classname="com.dotmarketing.portlets.contentlet.business.ContentletCheckInTest" time="1.629"/>
  <testcase name="test_checkinContentlet_relationshipOneToOneCardinality_fails_whenRelatingMoreThanOneContentlet" classname="com.dotmarketing.portlets.contentlet.business.ContentletCheckInTest" time="2.045"/>
  <testcase name="checkin_content_anonymously" classname="com.dotmarketing.portlets.contentlet.business.ContentletCheckInTest" time="0.097"/>
  <testcase name="checkinInvalidFileContent" classname="com.dotmarketing.portlets.contentlet.business.ContentletCheckInTest" time="1.76"/>
  <system-out><![CDATA[]]></system-out>
  <system-err><![CDATA[]]></system-err>
</testsuite>
