<?xml version="1.0" encoding="UTF-8"?>
<testsuite name="com.dotcms.rest.elasticsearch.ESContentResourcePortletTest" tests="8" skipped="0" failures="0" errors="0" timestamp="2023-06-30T05:12:16" hostname="fv-az210-575" time="8.622">
  <properties/>
  <testcase name="test_search_includeGrandChildCategory_success" classname="com.dotcms.rest.elasticsearch.ESContentResourcePortletTest" time="1.313"/>
  <testcase name="testSearch[0: com.dotcms.rest.elasticsearch.ESContentResourcePortletTest$TestCase@7a7c9be9]" classname="com.dotcms.rest.elasticsearch.ESContentResourcePortletTest" time="0.935"/>
  <testcase name="testSearch[1: com.dotcms.rest.elasticsearch.ESContentResourcePortletTest$TestCase@293becb6]" classname="com.dotcms.rest.elasticsearch.ESContentResourcePortletTest" time="1.219"/>
  <testcase name="testSearch[2: com.dotcms.rest.elasticsearch.ESContentResourcePortletTest$TestCase@36bd9773]" classname="com.dotcms.rest.elasticsearch.ESContentResourcePortletTest" time="0.919"/>
  <testcase name="testSearch[3: com.dotcms.rest.elasticsearch.ESContentResourcePortletTest$TestCase@529d0aa7]" classname="com.dotcms.rest.elasticsearch.ESContentResourcePortletTest" time="1.179"/>
  <testcase name="testSearch[4: com.dotcms.rest.elasticsearch.ESContentResourcePortletTest$TestCase@4ca070ce]" classname="com.dotcms.rest.elasticsearch.ESContentResourcePortletTest" time="1.229"/>
  <testcase name="testSearch[5: com.dotcms.rest.elasticsearch.ESContentResourcePortletTest$TestCase@3a886bb0]" classname="com.dotcms.rest.elasticsearch.ESContentResourcePortletTest" time="0.912"/>
  <testcase name="testSearch[6: com.dotcms.rest.elasticsearch.ESContentResourcePortletTest$TestCase@60d4759d]" classname="com.dotcms.rest.elasticsearch.ESContentResourcePortletTest" time="0.915"/>
  <system-out><![CDATA[]]></system-out>
  <system-err><![CDATA[]]></system-err>
</testsuite>
