<?xml version="1.0" encoding="UTF-8"?>
<testsuite name="com.dotmarketing.business.DeterministicIdentifierAPITest" tests="16" skipped="0" failures="0" errors="0" timestamp="2023-06-30T17:29:35" hostname="fv-az452-220" time="0.646">
  <properties/>
  <testcase name="Test_Category_Path_Seed_And_Id" classname="com.dotmarketing.business.DeterministicIdentifierAPITest" time="0.021"/>
  <testcase name="Test_Language_Deterministic_Id[0: LanguageTestCase{expectedSeed='Language:es:US', expectedHash=4913155, langCode='es', countryCode='US', country='United States'}]" classname="com.dotmarketing.business.DeterministicIdentifierAPITest" time="0.001"/>
  <testcase name="Test_Language_Deterministic_Id[1: LanguageTestCase{expectedSeed='Language:ep:', expectedHash=5292269, langCode='ep', countryCode='', country=''}]" classname="com.dotmarketing.business.DeterministicIdentifierAPITest" time="0.001"/>
  <testcase name="Test_Language_Deterministic_Id[2: LanguageTestCase{expectedSeed='Language:sg:SAG', expectedHash=4713118, langCode='sg', countryCode='SAG', country=''}]" classname="com.dotmarketing.business.DeterministicIdentifierAPITest" time="0.001"/>
  <testcase name="Test_Language_Deterministic_Id[3: LanguageTestCase{expectedSeed='Language:en:NZ', expectedHash=5382528, langCode='en', countryCode='NZ', country='New Zealand'}]" classname="com.dotmarketing.business.DeterministicIdentifierAPITest" time="0.001"/>
  <testcase name="Test_Category_None_Persisted_Category_Should_Return_Deterministic_Id" classname="com.dotmarketing.business.DeterministicIdentifierAPITest" time="0.002"/>
  <testcase name="Test_Asset_Generate_Deterministic_Id_Best_Effort[0: TestCase{versionable=my.host1688145795602.com, parent=System Host, expectedName='my.host1688145795602.com', expectedType='Host'}]" classname="com.dotmarketing.business.DeterministicIdentifierAPITest" time="0.003"/>
  <testcase name="Test_Asset_Generate_Deterministic_Id_Best_Effort[1: TestCase{versionable=com.dotmarketing.portlets.contentlet.model.Contentlet@59efa5e[map={modDate=2023-06-30 17:23:16.451, fileName=file4914078062990296563.txt, title=file4914078062990296563.txt, inode=bd250698-f969-4271-8a1d-244211934d07, __IS_NEW_CONTENT__=true, disabledWYSIWYG=[], host=26102acd-4ef3-4b8d-8f0c-2b34b179ad8e, stInode=33888b6f-7a8e-4069-b1b6-5c1aa9d0a48d, owner=system, identifier=76226d13-6112-4cf2-9c95-bdbc195cd257, nullProperties=[wfExpireDate, wfPublishDate, wfActionAssign, wfActionId, wfActionComments, filterKey, whereToSend, wfNeverExpire, _path_to_move, timezoneId, iWantTo, wfPublishTime, wfExpireTime], languageId=1, fileAsset=/home/runner/work/core/custom/assets/b/d/bd250698-f969-4271-8a1d-244211934d07/fileAsset/file4914078062990296563.txt, folder=efe0aa3f-e5d5-479f-b45e-f3dfb4d226f9, __disable_workflow__=true, sortOrder=0, modUser=system},lowIndexPriority=false,variantId=DEFAULT], parent=com.dotmarketing.portlets.folders.model.Folder@1fa3a4b1[identifier=efe0aa3f-e5d5-479f-b45e-f3dfb4d226f9,name=testName1688145796445,sortOrder=0,showOnMenu=false,hostId=26102acd-4ef3-4b8d-8f0c-2b34b179ad8e,type=folder,title=testTitle1688145796445,filesMasks=,defaultFileType=33888b6f-7a8e-4069-b1b6-5c1aa9d0a48d,modDate=2023-06-30 17:23:16.448,owner=&lt;null&gt;,iDate=2023-06-30 17:23:16.448,inode=efe0aa3f-e5d5-479f-b45e-f3dfb4d226f9,path=/testName1688145796445/], expectedName='file4914078062990296563.txt', expectedType='FileAsset'}]" classname="com.dotmarketing.business.DeterministicIdentifierAPITest" time="0.003"/>
  <testcase name="Test_Asset_Generate_Deterministic_Id_Best_Effort[2: TestCase{versionable=com.dotmarketing.portlets.templates.model.Template@9cab6f69, parent=my.host1688145795602.com, expectedName='testTitle1688145796537', expectedType='Template'}]" classname="com.dotmarketing.business.DeterministicIdentifierAPITest" time="0.002"/>
  <testcase name="Test_Asset_Generate_Deterministic_Id_Best_Effort[3: TestCase{versionable=com.dotmarketing.portlets.htmlpageasset.model.HTMLPageAsset@bfad84[map={template=3f3b2e12-2fdd-470f-a68f-425c4b96e005, owner=system, identifier=fabea611-ef95-4a1d-a3c9-39380f71947b, nullProperties=[wfExpireDate, wfPublishDate, wfActionAssign, wfActionId, wfActionComments, filterKey, whereToSend, wfNeverExpire, _path_to_move, timezoneId, iWantTo, wfPublishTime, wfExpireTime], modDate=2023-06-30 17:23:16.55, cachettl=0, _is_test_mode=true, languageId=1, title=test-page-title-1688145796546, httpsreq=, url=test-page-url-1688145796546, showOnMenu=, inode=009259f4-18df-406c-83d1-d1a0683d4e5a, folder=efe0aa3f-e5d5-479f-b45e-f3dfb4d226f9, disabledWYSIWYG=[], sortOrder=1, modUser=system, host=26102acd-4ef3-4b8d-8f0c-2b34b179ad8e, stInode=c541abb1-69b3-4bc5-8430-5e09e5239cc8, friendlyName=test-page-friendly-name-1688145796546},lowIndexPriority=false,variantId=DEFAULT], parent=com.dotmarketing.portlets.folders.model.Folder@1fa3a4b1[identifier=efe0aa3f-e5d5-479f-b45e-f3dfb4d226f9,name=testName1688145796445,sortOrder=0,showOnMenu=false,hostId=26102acd-4ef3-4b8d-8f0c-2b34b179ad8e,type=folder,title=testTitle1688145796445,filesMasks=,defaultFileType=33888b6f-7a8e-4069-b1b6-5c1aa9d0a48d,modDate=2023-06-30 17:23:16.448,owner=&lt;null&gt;,iDate=2023-06-30 17:23:16.448,inode=efe0aa3f-e5d5-479f-b45e-f3dfb4d226f9,path=/testName1688145796445/], expectedName='test-page-url-1688145796546', expectedType='htmlpageasset'}]" classname="com.dotmarketing.business.DeterministicIdentifierAPITest" time="0.003"/>
  <testcase name="Test_Asset_Generate_Deterministic_Id_Best_Effort[4: TestCase{versionable=com.dotmarketing.portlets.contentlet.model.Contentlet@189814eb[map={fileAsset2=/home/runner/work/core/custom/assets/2/f/2f2ece34-c735-438b-90ca-0c97ff6f5bd7/fileAsset2/test_binary1688145797424.png, modDate=2023-06-30 17:23:17.429, fileAsset1=/home/runner/work/core/custom/assets/2/f/2f2ece34-c735-438b-90ca-0c97ff6f5bd7/fileAsset1/test_binary1688145797424.jpg, title=blah, inode=2f2ece34-c735-438b-90ca-0c97ff6f5bd7, __IS_NEW_CONTENT__=true, disabledWYSIWYG=[], host=48190c8c-42c4-46af-8d1a-0cd5db894797, stInode=50a42496-51d5-426f-a75c-af0f71bbf313, owner=system, identifier=50ff985e-64c1-49cd-a588-483aabc2fef6, nullProperties=[], languageId=1, image1=61bc95dc-e811-48a0-97cb-b7927c2fe2e8, folder=SYSTEM_FOLDER, __disable_workflow__=true, sortOrder=0, modUser=system},lowIndexPriority=false,variantId=DEFAULT], parent=demo.dotcms.com, expectedName='test_binary1688145797424.jpg:test_binary1688145797424.png', expectedType='MultipleBinaries1688145796742'}]" classname="com.dotmarketing.business.DeterministicIdentifierAPITest" time="0.003"/>
  <testcase name="Test_Asset_Generate_Deterministic_Id_Best_Effort[5: TestCase{versionable=nameb2b7983c5a : keyTagb2b7983c5a, parent=my.host1688145795602.com, expectedName='keyTagb2b7983c5a', expectedType='persona'}]" classname="com.dotmarketing.business.DeterministicIdentifierAPITest" time="0.002"/>
  <testcase name="Test_Similar_Content_Type_Wont_Clash" classname="com.dotmarketing.business.DeterministicIdentifierAPITest" time="0.387"/>
  <testcase name="Test_Generate_Folder_Identifier" classname="com.dotmarketing.business.DeterministicIdentifierAPITest" time="0.205"/>
  <testcase name="Test_Generate_Content_Type_Identifier[0: ContentTypeTestCase{contentType=KeyValueContentType{name=Language Variable, id=f4d7c1b8-2c88-4071-abf1-a5328977b07d, description=Default Content Type for Language Variables, defaultType=false, fixed=true, iDate=Thu Aug 31 16:38:49 UTC 2017, system=true, versionable=true, variable=Languagevariable, modDate=Fri Jun 30 16:21:07 UTC 2023, host=SYSTEM_HOST, siteName=systemHost, icon=language, sortOrder=0, folder=SYSTEM_FOLDER, folderPath=/, markedForDeletion=true, multilingualable=false}, expectedName='Languagevariable', expectedType='KeyValue'}]" classname="com.dotmarketing.business.DeterministicIdentifierAPITest" time="0.006"/>
  <testcase name="Test_Generate_Content_Type_Identifier[1: ContentTypeTestCase{contentType=SimpleContentType{name=testName1688145797781, id=a81c99f9-c386-4579-8ea9-735b68d5995a, description=testDescription1688145797781, defaultType=false, fixed=false, iDate=Fri Jun 30 17:23:17 UTC 2023, system=false, versionable=true, multilingualable=false, variable=testVarname1688145797781, owner=system, modDate=Fri Jun 30 17:23:18 UTC 2023, host=48190c8c-42c4-46af-8d1a-0cd5db894797, siteName=demo.dotcms.com, icon=event_note, sortOrder=0, folder=SYSTEM_FOLDER, folderPath=/, requiredFields=[], markedForDeletion=false}, expectedName='testVarname1688145797781', expectedType='CONTENT'}]" classname="com.dotmarketing.business.DeterministicIdentifierAPITest" time="0.004"/>
  <system-out><![CDATA[]]></system-out>
  <system-err><![CDATA[]]></system-err>
</testsuite>
