<?xml version="1.0" encoding="UTF-8"?>
<testsuite name="com.dotmarketing.portlets.structure.model.ContentletRelationshipsTest" tests="7" skipped="0" failures="0" errors="0" timestamp="2023-07-06T21:45:27" hostname="fv-az1234-650" time="7.258">
  <properties/>
  <testcase name="testDoesAllowOnlyOne[0: com.dotmarketing.portlets.structure.model.ContentletRelationshipsTest$CardinalityTestCase@1606db16]" classname="com.dotmarketing.portlets.structure.model.ContentletRelationshipsTest" time="0.409"/>
  <testcase name="testDoesAllowOnlyOne[1: com.dotmarketing.portlets.structure.model.ContentletRelationshipsTest$CardinalityTestCase@4e4aab40]" classname="com.dotmarketing.portlets.structure.model.ContentletRelationshipsTest" time="0.384"/>
  <testcase name="testDoesAllowOnlyOne[2: com.dotmarketing.portlets.structure.model.ContentletRelationshipsTest$CardinalityTestCase@76b24d28]" classname="com.dotmarketing.portlets.structure.model.ContentletRelationshipsTest" time="0.409"/>
  <testcase name="testGetRelationshipRecords[0: com.dotmarketing.portlets.structure.model.ContentletRelationshipsTest$TestCase@4e72ebc2]" classname="com.dotmarketing.portlets.structure.model.ContentletRelationshipsTest" time="1.821"/>
  <testcase name="testGetRelationshipRecords[1: com.dotmarketing.portlets.structure.model.ContentletRelationshipsTest$TestCase@6e8c4771]" classname="com.dotmarketing.portlets.structure.model.ContentletRelationshipsTest" time="0.778"/>
  <testcase name="testGetRelationshipRecords[2: com.dotmarketing.portlets.structure.model.ContentletRelationshipsTest$TestCase@7507e14b]" classname="com.dotmarketing.portlets.structure.model.ContentletRelationshipsTest" time="1.726"/>
  <testcase name="testGetRelationshipRecords[3: com.dotmarketing.portlets.structure.model.ContentletRelationshipsTest$TestCase@11b839ce]" classname="com.dotmarketing.portlets.structure.model.ContentletRelationshipsTest" time="1.73"/>
  <system-out><![CDATA[]]></system-out>
  <system-err><![CDATA[]]></system-err>
</testsuite>
