<?xml version="1.0" encoding="UTF-8"?>
<testsuite name="com.dotmarketing.portlets.structure.model.ContentletRelationshipsTest" tests="7" skipped="0" failures="0" errors="0" timestamp="2023-07-07T18:07:17" hostname="fv-az442-489" time="8.572">
  <properties/>
  <testcase name="testDoesAllowOnlyOne[0: com.dotmarketing.portlets.structure.model.ContentletRelationshipsTest$CardinalityTestCase@4a381d6d]" classname="com.dotmarketing.portlets.structure.model.ContentletRelationshipsTest" time="0.569"/>
  <testcase name="testDoesAllowOnlyOne[1: com.dotmarketing.portlets.structure.model.ContentletRelationshipsTest$CardinalityTestCase@5d7c317c]" classname="com.dotmarketing.portlets.structure.model.ContentletRelationshipsTest" time="0.51"/>
  <testcase name="testDoesAllowOnlyOne[2: com.dotmarketing.portlets.structure.model.ContentletRelationshipsTest$CardinalityTestCase@3562fbe8]" classname="com.dotmarketing.portlets.structure.model.ContentletRelationshipsTest" time="0.561"/>
  <testcase name="testGetRelationshipRecords[0: com.dotmarketing.portlets.structure.model.ContentletRelationshipsTest$TestCase@35ee4c7]" classname="com.dotmarketing.portlets.structure.model.ContentletRelationshipsTest" time="2.116"/>
  <testcase name="testGetRelationshipRecords[1: com.dotmarketing.portlets.structure.model.ContentletRelationshipsTest$TestCase@90752b4]" classname="com.dotmarketing.portlets.structure.model.ContentletRelationshipsTest" time="2.061"/>
  <testcase name="testGetRelationshipRecords[2: com.dotmarketing.portlets.structure.model.ContentletRelationshipsTest$TestCase@35cc7539]" classname="com.dotmarketing.portlets.structure.model.ContentletRelationshipsTest" time="0.905"/>
  <testcase name="testGetRelationshipRecords[3: com.dotmarketing.portlets.structure.model.ContentletRelationshipsTest$TestCase@17d375d3]" classname="com.dotmarketing.portlets.structure.model.ContentletRelationshipsTest" time="1.849"/>
  <system-out><![CDATA[]]></system-out>
  <system-err><![CDATA[]]></system-err>
</testsuite>
