<?xml version="1.0" encoding="UTF-8"?>
<testsuite name="com.dotmarketing.startup.runonce.Task05035LanguageTableIdentityOffTest" tests="1" skipped="0" failures="0" errors="0" timestamp="2023-06-23T18:08:02" hostname="fv-az450-696" time="0.035">
  <properties/>
  <testcase name="testExecuteUpgrade" classname="com.dotmarketing.startup.runonce.Task05035LanguageTableIdentityOffTest" time="0.035"/>
  <system-out><![CDATA[]]></system-out>
  <system-err><![CDATA[]]></system-err>
</testsuite>
