<?xml version="1.0" encoding="UTF-8"?>
<testsuite name="com.dotmarketing.util.ResourceCollectorUtilTest" tests="3" skipped="0" failures="0" errors="0" timestamp="2023-06-28T18:52:29" hostname="fv-az255-362" time="0.011">
  <properties/>
  <testcase name="test_getPackages_bundle_version_range" classname="com.dotmarketing.util.ResourceCollectorUtilTest" time="0.005"/>
  <testcase name="test_getPackages_bundle" classname="com.dotmarketing.util.ResourceCollectorUtilTest" time="0.004"/>
  <testcase name="test_getPackages_fragment" classname="com.dotmarketing.util.ResourceCollectorUtilTest" time="0.002"/>
  <system-out><![CDATA[]]></system-out>
  <system-err><![CDATA[]]></system-err>
</testsuite>
