<?xml version="1.0" encoding="UTF-8"?>
<testsuite name="com.dotcms.rest.api.v1.theme.ThemeResourceIntegrationTest" tests="12" skipped="0" failures="0" errors="0" timestamp="2023-06-23T23:38:31" hostname="fv-az407-493" time="26.047">
  <properties/>
  <testcase name="test_FindThemById_Success" classname="com.dotcms.rest.api.v1.theme.ThemeResourceIntegrationTest" time="2.25"/>
  <testcase name="test_FindThemes_WhenHostIdIsSent_ReturnsItsThemes" classname="com.dotcms.rest.api.v1.theme.ThemeResourceIntegrationTest" time="2.03"/>
  <testcase name="test_FindThemes_WhenHostIdIsSentAndPerPageEqualsOne_ReturnsOneTheme" classname="com.dotcms.rest.api.v1.theme.ThemeResourceIntegrationTest" time="3.088"/>
  <testcase name="test_FindThemes_WhenInvalidHostId_ReturnsDoesNotExistException" classname="com.dotcms.rest.api.v1.theme.ThemeResourceIntegrationTest" time="0.723"/>
  <testcase name="test_FindThemById_IdNotExists_returnDoesNotExistException" classname="com.dotcms.rest.api.v1.theme.ThemeResourceIntegrationTest" time="0.718"/>
  <testcase name="test_FindThemeByIdWithArchivedThemePNG_MustNotReturnThemeThumbnail" classname="com.dotcms.rest.api.v1.theme.ThemeResourceIntegrationTest" time="2.889"/>
  <testcase name="test_FindThemeByIdWithPublishedThemePNG_ReturnsThemeThumbnail" classname="com.dotcms.rest.api.v1.theme.ThemeResourceIntegrationTest" time="3.07"/>
  <testcase name="test_FindThemeByIdWithUnpublishedThemePNG_MustNotReturnThemeThumbnail" classname="com.dotcms.rest.api.v1.theme.ThemeResourceIntegrationTest" time="2.891"/>
  <testcase name="test_FindThemes_WhenHostIdAndSearchParamsAreSent_ReturnsItsThemes" classname="com.dotcms.rest.api.v1.theme.ThemeResourceIntegrationTest" time="4.581"/>
  <testcase name="test_FindThemes_WhenHostIdIsSystemTheme_ReturnsSystemTheme" classname="com.dotcms.rest.api.v1.theme.ThemeResourceIntegrationTest" time="0.723"/>
  <testcase name="test_FindThemes_LimitedUserWithoutPermissions_PaginationException" classname="com.dotcms.rest.api.v1.theme.ThemeResourceIntegrationTest" time="2.357"/>
  <testcase name="test_FindThemes_WhenHostIdIsNotSent_ReturnsBadRequest" classname="com.dotcms.rest.api.v1.theme.ThemeResourceIntegrationTest" time="0.726"/>
  <system-out><![CDATA[]]></system-out>
  <system-err><![CDATA[]]></system-err>
</testsuite>
