<?xml version="1.0" encoding="UTF-8"?>
<testsuite name="com.dotmarketing.startup.runonce.Task05030UpdateSystemContentTypesHostTest" tests="1" skipped="0" failures="0" errors="0" timestamp="2023-07-17T21:32:13" hostname="fv-az561-617" time="0.455">
  <properties/>
  <testcase name="testExecuteUpgrade" classname="com.dotmarketing.startup.runonce.Task05030UpdateSystemContentTypesHostTest" time="0.455"/>
  <system-out><![CDATA[]]></system-out>
  <system-err><![CDATA[]]></system-err>
</testsuite>
