<?xml version="1.0" encoding="UTF-8"?>
<testsuite name="com.dotmarketing.startup.runonce.Task05380ChangeContainerPathToAbsoluteTest" tests="13" skipped="0" failures="0" errors="0" timestamp="2023-06-28T23:44:09" hostname="fv-az642-275" time="42.457">
  <properties/>
  <testcase name="whenTemplateLayoutHasAbsolutePathShouldKeepThePathWithoutChange" classname="com.dotmarketing.startup.runonce.Task05380ChangeContainerPathToAbsoluteTest" time="2.669"/>
  <testcase name="whenTemplateLayoutHasRelativePathShouldTurnIntoAAbsolutePath" classname="com.dotmarketing.startup.runonce.Task05380ChangeContainerPathToAbsoluteTest" time="4.083"/>
  <testcase name="whenLegacyTemplateLayoutHasIDContainer" classname="com.dotmarketing.startup.runonce.Task05380ChangeContainerPathToAbsoluteTest" time="2.043"/>
  <testcase name="whenTemplateLayoutHasRelativePathButBodyIsNullShouldTurnIntoAAbsolutePath" classname="com.dotmarketing.startup.runonce.Task05380ChangeContainerPathToAbsoluteTest" time="3.057"/>
  <testcase name="whenHaveMoreThanOneTemplate" classname="com.dotmarketing.startup.runonce.Task05380ChangeContainerPathToAbsoluteTest" time="3.079"/>
  <testcase name="whenLegacyTemplateLayoutHasRelativePathShouldTurnIntoAbsolutePath" classname="com.dotmarketing.startup.runonce.Task05380ChangeContainerPathToAbsoluteTest" time="3.066"/>
  <testcase name="whenTemplateLayoutHasNotFileCOntainer" classname="com.dotmarketing.startup.runonce.Task05380ChangeContainerPathToAbsoluteTest" time="3.043"/>
  <testcase name="whenTemplateLayoutHasRelativePathAndSideBar" classname="com.dotmarketing.startup.runonce.Task05380ChangeContainerPathToAbsoluteTest" time="3.053"/>
  <testcase name="whenSiteChangeNameBeforeRunUT" classname="com.dotmarketing.startup.runonce.Task05380ChangeContainerPathToAbsoluteTest" time="4.082"/>
  <testcase name="whenLegacyTemplateLayoutHasAbsolutePathToAnotherSite" classname="com.dotmarketing.startup.runonce.Task05380ChangeContainerPathToAbsoluteTest" time="4.077"/>
  <testcase name="whenTemplateAdvancedHasRelativePath" classname="com.dotmarketing.startup.runonce.Task05380ChangeContainerPathToAbsoluteTest" time="3.055"/>
  <testcase name="whenTemplateLayoutHasAbsolutePathToAnotherSite" classname="com.dotmarketing.startup.runonce.Task05380ChangeContainerPathToAbsoluteTest" time="4.076"/>
  <testcase name="whenLegacyTemplateLayoutHasAbsolutePath" classname="com.dotmarketing.startup.runonce.Task05380ChangeContainerPathToAbsoluteTest" time="3.071"/>
  <system-out><![CDATA[]]></system-out>
  <system-err><![CDATA[]]></system-err>
</testsuite>
