<?xml version="1.0" encoding="UTF-8"?>
<testsuite name="com.dotmarketing.cms.urlmap.URLMapAPIImplTest" tests="18" skipped="1" failures="0" errors="0" timestamp="2023-06-28T19:53:22" hostname="fv-az851-777" time="60.785">
  <properties/>
  <testcase name="isUrlPatternWithoutUrlMap" classname="com.dotmarketing.cms.urlmap.URLMapAPIImplTest" time="1.472"/>
  <testcase name="shouldReturnInPREVIEW_MODEWhenContentExistsInFuture" classname="com.dotmarketing.cms.urlmap.URLMapAPIImplTest" time="4.496"/>
  <testcase name="processURLMapWithoutUrlMap" classname="com.dotmarketing.cms.urlmap.URLMapAPIImplTest" time="0.0">
    <skipped/>
  </testcase>
  <testcase name="shouldReturnNullWhenTheContentNotExists" classname="com.dotmarketing.cms.urlmap.URLMapAPIImplTest" time="4.232"/>
  <testcase name="shouldReturnContentletWhenTheContentExists" classname="com.dotmarketing.cms.urlmap.URLMapAPIImplTest" time="3.883"/>
  <testcase name="shouldReturnURLInfoWhenContentExistsInFutureButTimeMachineIsSet" classname="com.dotmarketing.cms.urlmap.URLMapAPIImplTest" time="3.746"/>
  <testcase name="test_multiple_content_types_using_same_pattern" classname="com.dotmarketing.cms.urlmap.URLMapAPIImplTest" time="6.012"/>
  <testcase name="test_url_map_pattern_at_root_with_slash_in_url_title" classname="com.dotmarketing.cms.urlmap.URLMapAPIImplTest" time="4.104"/>
  <testcase name="shouldReturnContentletWhenTheContentExistsAndUseAFloatField" classname="com.dotmarketing.cms.urlmap.URLMapAPIImplTest" time="2.53"/>
  <testcase name="shouldReturnContentletWhenTheContentExistsAndUseAIntegerFIeld" classname="com.dotmarketing.cms.urlmap.URLMapAPIImplTest" time="1.791"/>
  <testcase name="test_url_map_pattern_at_root" classname="com.dotmarketing.cms.urlmap.URLMapAPIImplTest" time="3.751"/>
  <testcase name="test_url_map_pattern_with_slash_in_url_title_complex_rul_map_pattern" classname="com.dotmarketing.cms.urlmap.URLMapAPIImplTest" time="4.175"/>
  <testcase name="processURLMapMethodShouldNotFailWithInvalidFields" classname="com.dotmarketing.cms.urlmap.URLMapAPIImplTest" time="2.453"/>
  <testcase name="shouldReturnNullWhenThePageUriIsNotDetailPage" classname="com.dotmarketing.cms.urlmap.URLMapAPIImplTest" time="1.578"/>
  <testcase name="shouldReturnEmptyOptionalWhenContentExistsInFuture" classname="com.dotmarketing.cms.urlmap.URLMapAPIImplTest" time="3.98"/>
  <testcase name="test_url_map_pattern_with_slash_in_url_title" classname="com.dotmarketing.cms.urlmap.URLMapAPIImplTest" time="4.114"/>
  <testcase name="shouldNotMatchUrlStaringWithAPI" classname="com.dotmarketing.cms.urlmap.URLMapAPIImplTest" time="4.143"/>
  <testcase name="shouldThrowDotSecurityExceptionWhenUserDontHavePermission" classname="com.dotmarketing.cms.urlmap.URLMapAPIImplTest" time="4.324"/>
  <system-out><![CDATA[]]></system-out>
  <system-err><![CDATA[]]></system-err>
</testsuite>
