<?xml version="1.0" encoding="UTF-8"?>
<testsuite name="com.dotmarketing.portlets.rules.conditionlet.CurrentSessionLanguageConditionletTest" tests="13" skipped="0" failures="0" errors="0" timestamp="2023-07-18T22:27:33" hostname="fv-az247-820" time="0.073">
  <properties/>
  <testcase name="testIsComparison" classname="com.dotmarketing.portlets.rules.conditionlet.CurrentSessionLanguageConditionletTest" time="0.028"/>
  <testcase name="testGreaterThanComparison" classname="com.dotmarketing.portlets.rules.conditionlet.CurrentSessionLanguageConditionletTest" time="0.006"/>
  <testcase name="testLessThanOrEqualComparison" classname="com.dotmarketing.portlets.rules.conditionlet.CurrentSessionLanguageConditionletTest" time="0.001"/>
  <testcase name="testStartsWithComparison" classname="com.dotmarketing.portlets.rules.conditionlet.CurrentSessionLanguageConditionletTest" time="0.002"/>
  <testcase name="testIsNotComparison" classname="com.dotmarketing.portlets.rules.conditionlet.CurrentSessionLanguageConditionletTest" time="0.004"/>
  <testcase name="testContainsComparison" classname="com.dotmarketing.portlets.rules.conditionlet.CurrentSessionLanguageConditionletTest" time="0.001"/>
  <testcase name="testEqualComparison" classname="com.dotmarketing.portlets.rules.conditionlet.CurrentSessionLanguageConditionletTest" time="0.008"/>
  <testcase name="testEndsWithComparison" classname="com.dotmarketing.portlets.rules.conditionlet.CurrentSessionLanguageConditionletTest" time="0.001"/>
  <testcase name="testRegexComparison" classname="com.dotmarketing.portlets.rules.conditionlet.CurrentSessionLanguageConditionletTest" time="0.005"/>
  <testcase name="testLessThanComparison" classname="com.dotmarketing.portlets.rules.conditionlet.CurrentSessionLanguageConditionletTest" time="0.001"/>
  <testcase name="testExistComparison" classname="com.dotmarketing.portlets.rules.conditionlet.CurrentSessionLanguageConditionletTest" time="0.005"/>
  <testcase name="testGreaterThanOrEqualComparison" classname="com.dotmarketing.portlets.rules.conditionlet.CurrentSessionLanguageConditionletTest" time="0.001"/>
  <testcase name="testBetweenComparison" classname="com.dotmarketing.portlets.rules.conditionlet.CurrentSessionLanguageConditionletTest" time="0.005"/>
  <system-out><![CDATA[]]></system-out>
  <system-err><![CDATA[]]></system-err>
</testsuite>
