<?xml version="1.0" encoding="UTF-8"?>
<testsuite name="com.dotmarketing.startup.runonce.Task05350AddDotSaltClusterColumnTest" tests="1" skipped="0" failures="0" errors="0" timestamp="2023-07-07T17:54:49" hostname="fv-az617-548" time="0.007">
  <properties/>
  <testcase name="Test_UpgradeTask_Success" classname="com.dotmarketing.startup.runonce.Task05350AddDotSaltClusterColumnTest" time="0.007"/>
  <system-out><![CDATA[]]></system-out>
  <system-err><![CDATA[]]></system-err>
</testsuite>
