<?xml version="1.0" encoding="UTF-8"?>
<testsuite name="com.dotcms.rest.TagResourceIntegrationTest" tests="4" skipped="0" failures="0" errors="0" timestamp="2023-06-29T23:46:07" hostname="fv-az986-883" time="0.297">
  <properties/>
  <testcase name="testList[0: com.dotcms.rest.TagResourceTestCase@5d3f9282]" classname="com.dotcms.rest.TagResourceIntegrationTest" time="0.219"/>
  <testcase name="testList[1: com.dotcms.rest.TagResourceTestCase@7cfaa00d]" classname="com.dotcms.rest.TagResourceIntegrationTest" time="0.022"/>
  <testcase name="testList[2: com.dotcms.rest.TagResourceTestCase@2a392c5c]" classname="com.dotcms.rest.TagResourceIntegrationTest" time="0.018"/>
  <testcase name="testList[3: com.dotcms.rest.TagResourceTestCase@5e2c9109]" classname="com.dotcms.rest.TagResourceIntegrationTest" time="0.037"/>
  <system-out><![CDATA[]]></system-out>
  <system-err><![CDATA[Jun 29, 2023 11:46:07 PM com.dotcms.repackage.org.hibernate.validator.internal.util.Version <clinit>
INFO: HV000001: Hibernate Validator 4.3.2.Final
]]></system-err>
</testsuite>
