<?xml version="1.0" encoding="UTF-8"?>
<testsuite name="com.dotmarketing.business.DeterministicIdentifierAPITest" tests="16" skipped="0" failures="0" errors="0" timestamp="2023-06-21T18:48:31" hostname="fv-az454-705" time="1.927">
  <properties/>
  <testcase name="Test_Category_Path_Seed_And_Id" classname="com.dotmarketing.business.DeterministicIdentifierAPITest" time="0.035"/>
  <testcase name="Test_Language_Deterministic_Id[0: LanguageTestCase{expectedSeed='Language:es:US', expectedHash=4913155, langCode='es', countryCode='US', country='United States'}]" classname="com.dotmarketing.business.DeterministicIdentifierAPITest" time="0.001"/>
  <testcase name="Test_Language_Deterministic_Id[1: LanguageTestCase{expectedSeed='Language:ep:', expectedHash=5292269, langCode='ep', countryCode='', country=''}]" classname="com.dotmarketing.business.DeterministicIdentifierAPITest" time="0.002"/>
  <testcase name="Test_Language_Deterministic_Id[2: LanguageTestCase{expectedSeed='Language:sg:SAG', expectedHash=4713118, langCode='sg', countryCode='SAG', country=''}]" classname="com.dotmarketing.business.DeterministicIdentifierAPITest" time="0.001"/>
  <testcase name="Test_Language_Deterministic_Id[3: LanguageTestCase{expectedSeed='Language:en:NZ', expectedHash=5382528, langCode='en', countryCode='NZ', country='New Zealand'}]" classname="com.dotmarketing.business.DeterministicIdentifierAPITest" time="0.001"/>
  <testcase name="Test_Category_None_Persisted_Category_Should_Return_Deterministic_Id" classname="com.dotmarketing.business.DeterministicIdentifierAPITest" time="0.003"/>
  <testcase name="Test_Asset_Generate_Deterministic_Id_Best_Effort[0: TestCase{versionable=my.host1687366704355.com, parent=System Host, expectedName='my.host1687366704355.com', expectedType='Host'}]" classname="com.dotmarketing.business.DeterministicIdentifierAPITest" time="0.004"/>
  <testcase name="Test_Asset_Generate_Deterministic_Id_Best_Effort[1: TestCase{versionable=com.dotmarketing.portlets.contentlet.model.Contentlet@665437c6[map={modDate=2023-06-21 16:58:25.062, fileName=file2271215097896266621.txt, title=file2271215097896266621.txt, inode=d6ad789a-7da5-4b8c-934b-0976842e3421, __IS_NEW_CONTENT__=true, disabledWYSIWYG=[], host=42e2afec-13cc-421d-ad94-7c29c8e0b5de, stInode=33888b6f-7a8e-4069-b1b6-5c1aa9d0a48d, owner=system, identifier=d891a9ec-5c91-457b-8234-c983989045ad, nullProperties=[wfExpireDate, wfPublishDate, wfActionAssign, wfActionId, wfActionComments, filterKey, whereToSend, wfNeverExpire, _path_to_move, timezoneId, iWantTo, wfPublishTime, wfExpireTime], languageId=1, fileAsset=/home/runner/work/core/custom/assets/d/6/d6ad789a-7da5-4b8c-934b-0976842e3421/fileAsset/file2271215097896266621.txt, folder=8ef30e09-5a72-4751-9334-14dedd0dab0c, __disable_workflow__=true, sortOrder=0, modUser=system},lowIndexPriority=false,variantId=DEFAULT], parent=com.dotmarketing.portlets.folders.model.Folder@6c258e6c[identifier=8ef30e09-5a72-4751-9334-14dedd0dab0c,name=testName1687366705049,sortOrder=0,showOnMenu=false,hostId=42e2afec-13cc-421d-ad94-7c29c8e0b5de,type=folder,title=testTitle1687366705049,filesMasks=,defaultFileType=33888b6f-7a8e-4069-b1b6-5c1aa9d0a48d,modDate=2023-06-21 16:58:25.056,owner=&lt;null&gt;,iDate=2023-06-21 16:58:25.056,inode=8ef30e09-5a72-4751-9334-14dedd0dab0c,path=/testName1687366705049/], expectedName='file2271215097896266621.txt', expectedType='FileAsset'}]" classname="com.dotmarketing.business.DeterministicIdentifierAPITest" time="0.007"/>
  <testcase name="Test_Asset_Generate_Deterministic_Id_Best_Effort[2: TestCase{versionable=com.dotmarketing.portlets.templates.model.Template@c6d0b960, parent=my.host1687366704355.com, expectedName='testTitle1687366705245', expectedType='Template'}]" classname="com.dotmarketing.business.DeterministicIdentifierAPITest" time="0.003"/>
  <testcase name="Test_Asset_Generate_Deterministic_Id_Best_Effort[3: TestCase{versionable=com.dotmarketing.portlets.htmlpageasset.model.HTMLPageAsset@38746482[map={template=d3968f78-d8fc-4177-a80b-8d87523ede6f, owner=system, identifier=b86a2604-4fba-471d-a86b-8254fecb3d99, nullProperties=[wfExpireDate, wfPublishDate, wfActionAssign, wfActionId, wfActionComments, filterKey, whereToSend, wfNeverExpire, _path_to_move, timezoneId, iWantTo, wfPublishTime, wfExpireTime], modDate=2023-06-21 16:58:25.277, cachettl=0, _is_test_mode=true, languageId=1, title=test-page-title-1687366705269, httpsreq=, url=test-page-url-1687366705269, showOnMenu=, inode=e463c82b-78ac-4a88-9a51-04e67c1f4973, folder=8ef30e09-5a72-4751-9334-14dedd0dab0c, disabledWYSIWYG=[], sortOrder=1, modUser=system, host=42e2afec-13cc-421d-ad94-7c29c8e0b5de, stInode=c541abb1-69b3-4bc5-8430-5e09e5239cc8, friendlyName=test-page-friendly-name-1687366705269},lowIndexPriority=false,variantId=DEFAULT], parent=com.dotmarketing.portlets.folders.model.Folder@6c258e6c[identifier=8ef30e09-5a72-4751-9334-14dedd0dab0c,name=testName1687366705049,sortOrder=0,showOnMenu=false,hostId=42e2afec-13cc-421d-ad94-7c29c8e0b5de,type=folder,title=testTitle1687366705049,filesMasks=,defaultFileType=33888b6f-7a8e-4069-b1b6-5c1aa9d0a48d,modDate=2023-06-21 16:58:25.056,owner=&lt;null&gt;,iDate=2023-06-21 16:58:25.056,inode=8ef30e09-5a72-4751-9334-14dedd0dab0c,path=/testName1687366705049/], expectedName='test-page-url-1687366705269', expectedType='htmlpageasset'}]" classname="com.dotmarketing.business.DeterministicIdentifierAPITest" time="0.003"/>
  <testcase name="Test_Asset_Generate_Deterministic_Id_Best_Effort[4: TestCase{versionable=com.dotmarketing.portlets.contentlet.model.Contentlet@49536505[map={fileAsset2=/home/runner/work/core/custom/assets/b/9/b98697d4-df8b-435c-9626-fc2f069c9f32/fileAsset2/test_binary1687366705994.png, modDate=2023-06-21 16:58:26.0, fileAsset1=/home/runner/work/core/custom/assets/b/9/b98697d4-df8b-435c-9626-fc2f069c9f32/fileAsset1/test_binary1687366705993.jpg, title=blah, inode=b98697d4-df8b-435c-9626-fc2f069c9f32, __IS_NEW_CONTENT__=true, disabledWYSIWYG=[], host=8a7d5e23-da1e-420a-b4f0-471e7da8ea2d, stInode=1b99a08b-fe2c-41c1-ae70-6c1059e098ec, owner=system, identifier=37488dab-28cc-4644-8be8-f70d45ac6439, nullProperties=[], languageId=1, image1=584b35a0-d91e-48a9-b56b-7315a262a0a1, folder=SYSTEM_FOLDER, __disable_workflow__=true, sortOrder=0, modUser=system},lowIndexPriority=false,variantId=DEFAULT], parent=default, expectedName='test_binary1687366705993.jpg:test_binary1687366705994.png', expectedType='MultipleBinaries1687366705445'}]" classname="com.dotmarketing.business.DeterministicIdentifierAPITest" time="0.009"/>
  <testcase name="Test_Asset_Generate_Deterministic_Id_Best_Effort[5: TestCase{versionable=nameaa3264c321 : keyTagaa3264c321, parent=my.host1687366704355.com, expectedName='keyTagaa3264c321', expectedType='persona'}]" classname="com.dotmarketing.business.DeterministicIdentifierAPITest" time="0.008"/>
  <testcase name="Test_Similar_Content_Type_Wont_Clash" classname="com.dotmarketing.business.DeterministicIdentifierAPITest" time="0.772"/>
  <testcase name="Test_Generate_Folder_Identifier" classname="com.dotmarketing.business.DeterministicIdentifierAPITest" time="1.052"/>
  <testcase name="Test_Generate_Content_Type_Identifier[0: ContentTypeTestCase{contentType=KeyValueContentType{name=Language Variable, id=f4d7c1b8-2c88-4071-abf1-a5328977b07d, description=Default Content Type for Language Variables, defaultType=false, fixed=true, iDate=Thu Aug 31 16:38:49 UTC 2017, system=true, versionable=true, variable=Languagevariable, modDate=Wed Jun 21 16:54:32 UTC 2023, host=SYSTEM_HOST, siteName=systemHost, icon=language, sortOrder=0, folder=SYSTEM_FOLDER, folderPath=/, markedForDeletion=false, multilingualable=false}, expectedName='Languagevariable', expectedType='KeyValue'}]" classname="com.dotmarketing.business.DeterministicIdentifierAPITest" time="0.008"/>
  <testcase name="Test_Generate_Content_Type_Identifier[1: ContentTypeTestCase{contentType=SimpleContentType{name=testName1687366706708, id=78bfceb3-5a14-4f15-b61a-d30eb69b65af, description=testDescription1687366706708, defaultType=false, fixed=false, iDate=Wed Jun 21 16:58:26 UTC 2023, system=false, versionable=true, multilingualable=false, variable=testVarname1687366706708, owner=system, modDate=Wed Jun 21 16:58:27 UTC 2023, host=8a7d5e23-da1e-420a-b4f0-471e7da8ea2d, siteName=default, icon=event_note, sortOrder=0, folder=SYSTEM_FOLDER, folderPath=/, requiredFields=[], markedForDeletion=false}, expectedName='testVarname1687366706708', expectedType='CONTENT'}]" classname="com.dotmarketing.business.DeterministicIdentifierAPITest" time="0.009"/>
  <system-out><![CDATA[]]></system-out>
  <system-err><![CDATA[]]></system-err>
</testsuite>
