<?xml version="1.0" encoding="UTF-8"?>
<testsuite name="com.dotcms.enterprise.publishing.remote.bundler.ContainerBundlerTest" tests="4" skipped="0" failures="0" errors="0" timestamp="2023-06-24T00:03:32" hostname="fv-az254-300" time="0.054">
  <properties/>
  <testcase name="addContainerInBundle[0: com.dotcms.enterprise.publishing.remote.bundler.ContainerBundlerTest$TestCase@6b43b37d]" classname="com.dotcms.enterprise.publishing.remote.bundler.ContainerBundlerTest" time="0.019"/>
  <testcase name="addContainerInBundle[1: com.dotcms.enterprise.publishing.remote.bundler.ContainerBundlerTest$TestCase@49c69454]" classname="com.dotcms.enterprise.publishing.remote.bundler.ContainerBundlerTest" time="0.012"/>
  <testcase name="addContainerInBundle[2: com.dotcms.enterprise.publishing.remote.bundler.ContainerBundlerTest$TestCase@159bcb06]" classname="com.dotcms.enterprise.publishing.remote.bundler.ContainerBundlerTest" time="0.014"/>
  <testcase name="addContainerInBundle[3: com.dotcms.enterprise.publishing.remote.bundler.ContainerBundlerTest$TestCase@43d849ce]" classname="com.dotcms.enterprise.publishing.remote.bundler.ContainerBundlerTest" time="0.009"/>
  <system-out><![CDATA[]]></system-out>
  <system-err><![CDATA[]]></system-err>
</testsuite>
