<?xml version="1.0" encoding="UTF-8"?>
<testsuite name="com.dotcms.rest.api.v1.vtl.VTLResourceIntegrationTest" tests="6" skipped="0" failures="0" errors="0" timestamp="2023-07-10T23:03:54" hostname="fv-az621-762" time="14.234">
  <properties/>
  <testcase name="testGet[0: com.dotcms.rest.api.v1.vtl.VTLResourceTestCase@2a3b3fd0]" classname="com.dotcms.rest.api.v1.vtl.VTLResourceIntegrationTest" time="2.382"/>
  <testcase name="testGet[1: com.dotcms.rest.api.v1.vtl.VTLResourceTestCase@686d2b0]" classname="com.dotcms.rest.api.v1.vtl.VTLResourceIntegrationTest" time="2.807"/>
  <testcase name="testGet[2: com.dotcms.rest.api.v1.vtl.VTLResourceTestCase@4cfc8f02]" classname="com.dotcms.rest.api.v1.vtl.VTLResourceIntegrationTest" time="2.162"/>
  <testcase name="testGet[3: com.dotcms.rest.api.v1.vtl.VTLResourceTestCase@4ad419a0]" classname="com.dotcms.rest.api.v1.vtl.VTLResourceIntegrationTest" time="2.918"/>
  <testcase name="testGet[4: com.dotcms.rest.api.v1.vtl.VTLResourceTestCase@39e27a95]" classname="com.dotcms.rest.api.v1.vtl.VTLResourceIntegrationTest" time="1.969"/>
  <testcase name="testGet[5: com.dotcms.rest.api.v1.vtl.VTLResourceTestCase@9c13c4b]" classname="com.dotcms.rest.api.v1.vtl.VTLResourceIntegrationTest" time="1.994"/>
  <system-out><![CDATA[]]></system-out>
  <system-err><![CDATA[]]></system-err>
</testsuite>
