<?xml version="1.0" encoding="UTF-8"?>
<testsuite name="com.dotcms.enterprise.publishing.remote.bundler.ContentTypeBundlerTest" tests="5" skipped="0" failures="5" errors="0" timestamp="2023-07-12T20:46:52" hostname="fv-az1241-832" time="0.063">
  <properties/>
  <testcase name="addContentTypeInBundle[0: com.dotcms.enterprise.publishing.remote.bundler.ContentTypeBundlerTest$TestCase@19824697]" classname="com.dotcms.enterprise.publishing.remote.bundler.ContentTypeBundlerTest" time="0.009">
    <failure message="org.junit.ComparisonFailure: Fail for ImmutableSimpleContentType:&#10;Asset -&gt; SimpleContentType{name=testName1689194441743, id=efe169f239967738811f32278e463be5, description=testDescription1689194441743, defaultType=false, fixed=false, iDate=Wed Jul 12 20:40:41 UTC 2023, system=false, versionable=true, multilingualable=false, variable=testVarname1689194441743, owner=system, modDate=Wed Jul 12 20:40:42 UTC 2023, host=ae3fc3ef27e270196122b41dfe955226, siteName=test1689194440742.dotcms.com, icon=event_note, sortOrder=0, folder=SYSTEM_FOLDER, folderPath=/, requiredFields=[], markedForDeletion=false} &#10;difference -&gt; defaultType&quot;:false,&quot;description&quot;:&quot;testDescription1689194441743&quot;,&quot;detailPage&quot;:null,&quot;expireDateVar&quot;:null,&quot;fixed&quot;:false,&quot;folder&quot;:&quot;SYSTEM_FOLDER&quot;,&quot;folderPath&quot;:&quot;/&quot;,&quot;host&quot;:&quot;ae3fc3ef27e270196122b41dfe955226&quot;,&quot;iDate&quot;:1689194441743,&quot;icon&quot;:&quot;event_note&quot;,&quot;id&quot;:&quot;efe169f239967738811f32278e463be5&quot;,&quot;modDate&quot;:1689194442000,&quot;multilingualable&quot;:false,&quot;name&quot;:&quot;testName1689194441743&quot;,&quot;workflowSchemaNames&quot;:[&quot;System Workflow&quot;]}&#10;expected -&gt; {&quot;contentType&quot;:{&quot;clazz&quot;:&quot;com.dotcms.contenttype.model.type.ImmutableSimpleContentType&quot;,&quot;name&quot;:&quot;testName1689194441743&quot;,&quot;id&quot;:&quot;efe169f239967738811f32278e463be5&quot;,&quot;description&quot;:&quot;testDescription1689194441743&quot;,&quot;defaultType&quot;:false,&quot;detailPage&quot;:null,&quot;fixed&quot;:false,&quot;iDate&quot;:1689194441743,&quot;system&quot;:false,&quot;versionable&quot;:true,&quot;multilingualable&quot;:false,&quot;variable&quot;:&quot;testVarname1689194441743&quot;,&quot;urlMapPattern&quot;:null,&quot;publishDateVar&quot;:null,&quot;expireDateVar&quot;:null,&quot;systemActionMappings&quot;:[]}&#10;real -&gt; {&quot;contentType&quot;:{&quot;clazz&quot;:&quot;com.dotcms.contenttype.model.type.ImmutableSimpleContentType&quot;,&quot;defaultType&quot;:false,&quot;description&quot;:&quot;testDescription1689194441743&quot;,&quot;detailPage&quot;:null,&quot;expireDateVar&quot;:null,&quot;fixed&quot;:false,&quot;folder&quot;:&quot;SYSTEM_FOLDER&quot;,&quot;folderPath&quot;:&quot;/&quot;,&quot;host&quot;:&quot;ae3fc3ef27e270196122b41dfe955226&quot;,&quot;iDate&quot;:1689194441743,&quot;icon&quot;:&quot;event_note&quot;,&quot;id&quot;:&quot;efe169f239967738811f32278e463be5&quot;,&quot;modDate&quot;:1689194442000,&quot;multilingualable&quot;:false,&quot;name&quot;:&quot;testName1689194441743&quot;,&quot;workflowSchemaNames&quot;:[&quot;System Workflow&quot;]}&#10; expected:&lt;...SimpleContentType&quot;,&quot;[name&quot;:&quot;testName1689194441743&quot;,&quot;id&quot;:&quot;efe169f239967738811f32278e463be5&quot;,&quot;description&quot;:&quot;testDescription1689194441743&quot;,&quot;defaultType&quot;:false,&quot;detailPage&quot;:null,&quot;fixed&quot;:false,&quot;iDate&quot;:1689194441743,&quot;system&quot;:false,&quot;versionable&quot;:true,&quot;multilingualable&quot;:false,&quot;variable&quot;:&quot;testVarname1689194441743&quot;,&quot;urlMapPattern&quot;:null,&quot;publishDateVar&quot;:null,&quot;expireDateVar&quot;:null,&quot;systemActionMappings&quot;:[]]}&gt; but was:&lt;...SimpleContentType&quot;,&quot;[defaultType&quot;:false,&quot;description&quot;:&quot;testDescription1689194441743&quot;,&quot;detailPage&quot;:null,&quot;expireDateVar&quot;:null,&quot;fixed&quot;:false,&quot;folder&quot;:&quot;SYSTEM_FOLDER&quot;,&quot;folderPath&quot;:&quot;/&quot;,&quot;host&quot;:&quot;ae3fc3ef27e270196122b41dfe955226&quot;,&quot;iDate&quot;:1689194441743,&quot;icon&quot;:&quot;event_note&quot;,&quot;id&quot;:&quot;efe169f239967738811f32278e463be5&quot;,&quot;modDate&quot;:1689194442000,&quot;multilingualable&quot;:false,&quot;name&quot;:&quot;testName1689194441743&quot;,&quot;workflowSchemaNames&quot;:[&quot;System Workflow&quot;]]}&gt;" type="org.junit.ComparisonFailure">org.junit.ComparisonFailure: Fail for ImmutableSimpleContentType:
Asset -&gt; SimpleContentType{name=testName1689194441743, id=efe169f239967738811f32278e463be5, description=testDescription1689194441743, defaultType=false, fixed=false, iDate=Wed Jul 12 20:40:41 UTC 2023, system=false, versionable=true, multilingualable=false, variable=testVarname1689194441743, owner=system, modDate=Wed Jul 12 20:40:42 UTC 2023, host=ae3fc3ef27e270196122b41dfe955226, siteName=test1689194440742.dotcms.com, icon=event_note, sortOrder=0, folder=SYSTEM_FOLDER, folderPath=/, requiredFields=[], markedForDeletion=false} 
difference -&gt; defaultType&quot;:false,&quot;description&quot;:&quot;testDescription1689194441743&quot;,&quot;detailPage&quot;:null,&quot;expireDateVar&quot;:null,&quot;fixed&quot;:false,&quot;folder&quot;:&quot;SYSTEM_FOLDER&quot;,&quot;folderPath&quot;:&quot;/&quot;,&quot;host&quot;:&quot;ae3fc3ef27e270196122b41dfe955226&quot;,&quot;iDate&quot;:1689194441743,&quot;icon&quot;:&quot;event_note&quot;,&quot;id&quot;:&quot;efe169f239967738811f32278e463be5&quot;,&quot;modDate&quot;:1689194442000,&quot;multilingualable&quot;:false,&quot;name&quot;:&quot;testName1689194441743&quot;,&quot;workflowSchemaNames&quot;:[&quot;System Workflow&quot;]}
expected -&gt; {&quot;contentType&quot;:{&quot;clazz&quot;:&quot;com.dotcms.contenttype.model.type.ImmutableSimpleContentType&quot;,&quot;name&quot;:&quot;testName1689194441743&quot;,&quot;id&quot;:&quot;efe169f239967738811f32278e463be5&quot;,&quot;description&quot;:&quot;testDescription1689194441743&quot;,&quot;defaultType&quot;:false,&quot;detailPage&quot;:null,&quot;fixed&quot;:false,&quot;iDate&quot;:1689194441743,&quot;system&quot;:false,&quot;versionable&quot;:true,&quot;multilingualable&quot;:false,&quot;variable&quot;:&quot;testVarname1689194441743&quot;,&quot;urlMapPattern&quot;:null,&quot;publishDateVar&quot;:null,&quot;expireDateVar&quot;:null,&quot;systemActionMappings&quot;:[]}
real -&gt; {&quot;contentType&quot;:{&quot;clazz&quot;:&quot;com.dotcms.contenttype.model.type.ImmutableSimpleContentType&quot;,&quot;defaultType&quot;:false,&quot;description&quot;:&quot;testDescription1689194441743&quot;,&quot;detailPage&quot;:null,&quot;expireDateVar&quot;:null,&quot;fixed&quot;:false,&quot;folder&quot;:&quot;SYSTEM_FOLDER&quot;,&quot;folderPath&quot;:&quot;/&quot;,&quot;host&quot;:&quot;ae3fc3ef27e270196122b41dfe955226&quot;,&quot;iDate&quot;:1689194441743,&quot;icon&quot;:&quot;event_note&quot;,&quot;id&quot;:&quot;efe169f239967738811f32278e463be5&quot;,&quot;modDate&quot;:1689194442000,&quot;multilingualable&quot;:false,&quot;name&quot;:&quot;testName1689194441743&quot;,&quot;workflowSchemaNames&quot;:[&quot;System Workflow&quot;]}
 expected:&lt;...SimpleContentType&quot;,&quot;[name&quot;:&quot;testName1689194441743&quot;,&quot;id&quot;:&quot;efe169f239967738811f32278e463be5&quot;,&quot;description&quot;:&quot;testDescription1689194441743&quot;,&quot;defaultType&quot;:false,&quot;detailPage&quot;:null,&quot;fixed&quot;:false,&quot;iDate&quot;:1689194441743,&quot;system&quot;:false,&quot;versionable&quot;:true,&quot;multilingualable&quot;:false,&quot;variable&quot;:&quot;testVarname1689194441743&quot;,&quot;urlMapPattern&quot;:null,&quot;publishDateVar&quot;:null,&quot;expireDateVar&quot;:null,&quot;systemActionMappings&quot;:[]]}&gt; but was:&lt;...SimpleContentType&quot;,&quot;[defaultType&quot;:false,&quot;description&quot;:&quot;testDescription1689194441743&quot;,&quot;detailPage&quot;:null,&quot;expireDateVar&quot;:null,&quot;fixed&quot;:false,&quot;folder&quot;:&quot;SYSTEM_FOLDER&quot;,&quot;folderPath&quot;:&quot;/&quot;,&quot;host&quot;:&quot;ae3fc3ef27e270196122b41dfe955226&quot;,&quot;iDate&quot;:1689194441743,&quot;icon&quot;:&quot;event_note&quot;,&quot;id&quot;:&quot;efe169f239967738811f32278e463be5&quot;,&quot;modDate&quot;:1689194442000,&quot;multilingualable&quot;:false,&quot;name&quot;:&quot;testName1689194441743&quot;,&quot;workflowSchemaNames&quot;:[&quot;System Workflow&quot;]]}&gt;
	at org.junit.Assert.assertEquals(Assert.java:117)
	at com.dotcms.test.util.FileTestUtil.assertBundleFile(FileTestUtil.java:265)
	at com.dotcms.test.util.FileTestUtil.assertBundleFile(FileTestUtil.java:196)
	at com.dotcms.enterprise.publishing.remote.bundler.ContentTypeBundlerTest.addContentTypeInBundle(ContentTypeBundlerTest.java:132)
	at java.base/jdk.internal.reflect.NativeMethodAccessorImpl.invoke0(Native Method)
	at java.base/jdk.internal.reflect.NativeMethodAccessorImpl.invoke(NativeMethodAccessorImpl.java:62)
	at java.base/jdk.internal.reflect.DelegatingMethodAccessorImpl.invoke(DelegatingMethodAccessorImpl.java:43)
	at java.base/java.lang.reflect.Method.invoke(Method.java:566)
	at org.junit.runners.model.FrameworkMethod$1.runReflectiveCall(FrameworkMethod.java:59)
	at org.junit.internal.runners.model.ReflectiveCallable.run(ReflectiveCallable.java:12)
	at org.junit.runners.model.FrameworkMethod.invokeExplosively(FrameworkMethod.java:56)
	at com.tngtech.java.junit.dataprovider.DataProviderFrameworkMethod.invokeExplosively(DataProviderFrameworkMethod.java:119)
	at org.junit.internal.runners.statements.InvokeMethod.evaluate(InvokeMethod.java:17)
	at org.junit.runners.ParentRunner$3.evaluate(ParentRunner.java:306)
	at org.junit.rules.TestWatcher$1.evaluate(TestWatcher.java:61)
	at org.junit.rules.RunRules.evaluate(RunRules.java:20)
	at org.junit.runners.ParentRunner.runLeaf(ParentRunner.java:366)
	at com.dotcms.junit.CustomDataProviderRunner.runChild(CustomDataProviderRunner.java:41)
	at com.dotcms.junit.CustomDataProviderRunner.runChild(CustomDataProviderRunner.java:26)
	at org.junit.runners.ParentRunner$4.run(ParentRunner.java:331)
	at org.junit.runners.ParentRunner$1.schedule(ParentRunner.java:79)
	at org.junit.runners.ParentRunner.runChildren(ParentRunner.java:329)
	at org.junit.runners.ParentRunner.access$100(ParentRunner.java:66)
	at org.junit.runners.ParentRunner$2.evaluate(ParentRunner.java:293)
	at org.junit.runners.ParentRunner$3.evaluate(ParentRunner.java:306)
	at org.junit.runners.ParentRunner.run(ParentRunner.java:413)
	at com.dotcms.junit.MainBaseSuite$DotRunner.run(MainBaseSuite.java:71)
	at org.junit.runners.Suite.runChild(Suite.java:128)
	at org.junit.runners.Suite.runChild(Suite.java:27)
	at org.junit.runners.ParentRunner$4.run(ParentRunner.java:331)
	at org.junit.runners.ParentRunner$1.schedule(ParentRunner.java:79)
	at org.junit.runners.ParentRunner.runChildren(ParentRunner.java:329)
	at org.junit.runners.ParentRunner.access$100(ParentRunner.java:66)
	at org.junit.runners.ParentRunner$2.evaluate(ParentRunner.java:293)
	at org.junit.runners.ParentRunner$3.evaluate(ParentRunner.java:306)
	at org.junit.runners.ParentRunner.run(ParentRunner.java:413)
	at org.gradle.api.internal.tasks.testing.junit.JUnitTestClassExecutor.runTestClass(JUnitTestClassExecutor.java:110)
	at org.gradle.api.internal.tasks.testing.junit.JUnitTestClassExecutor.execute(JUnitTestClassExecutor.java:58)
	at org.gradle.api.internal.tasks.testing.junit.JUnitTestClassExecutor.execute(JUnitTestClassExecutor.java:38)
	at org.gradle.api.internal.tasks.testing.junit.AbstractJUnitTestClassProcessor.processTestClass(AbstractJUnitTestClassProcessor.java:62)
	at org.gradle.api.internal.tasks.testing.SuiteTestClassProcessor.processTestClass(SuiteTestClassProcessor.java:51)
	at java.base/jdk.internal.reflect.NativeMethodAccessorImpl.invoke0(Native Method)
	at java.base/jdk.internal.reflect.NativeMethodAccessorImpl.invoke(NativeMethodAccessorImpl.java:62)
	at java.base/jdk.internal.reflect.DelegatingMethodAccessorImpl.invoke(DelegatingMethodAccessorImpl.java:43)
	at java.base/java.lang.reflect.Method.invoke(Method.java:566)
	at org.gradle.internal.dispatch.ReflectionDispatch.dispatch(ReflectionDispatch.java:36)
	at org.gradle.internal.dispatch.ReflectionDispatch.dispatch(ReflectionDispatch.java:24)
	at org.gradle.internal.dispatch.ContextClassLoaderDispatch.dispatch(ContextClassLoaderDispatch.java:33)
	at org.gradle.internal.dispatch.ProxyDispatchAdapter$DispatchingInvocationHandler.invoke(ProxyDispatchAdapter.java:94)
	at com.sun.proxy.$Proxy5.processTestClass(Unknown Source)
	at org.gradle.api.internal.tasks.testing.worker.TestWorker$2.run(TestWorker.java:176)
	at org.gradle.api.internal.tasks.testing.worker.TestWorker.executeAndMaintainThreadName(TestWorker.java:129)
	at org.gradle.api.internal.tasks.testing.worker.TestWorker.execute(TestWorker.java:100)
	at org.gradle.api.internal.tasks.testing.worker.TestWorker.execute(TestWorker.java:60)
	at org.gradle.process.internal.worker.child.ActionExecutionWorker.execute(ActionExecutionWorker.java:56)
	at org.gradle.process.internal.worker.child.SystemApplicationClassLoaderWorker.call(SystemApplicationClassLoaderWorker.java:133)
	at org.gradle.process.internal.worker.child.SystemApplicationClassLoaderWorker.call(SystemApplicationClassLoaderWorker.java:71)
	at worker.org.gradle.process.internal.worker.GradleWorkerMain.run(GradleWorkerMain.java:69)
	at worker.org.gradle.process.internal.worker.GradleWorkerMain.main(GradleWorkerMain.java:74)
</failure>
  </testcase>
  <testcase name="addContentTypeInBundle[1: com.dotcms.enterprise.publishing.remote.bundler.ContentTypeBundlerTest$TestCase@4f36bb40]" classname="com.dotcms.enterprise.publishing.remote.bundler.ContentTypeBundlerTest" time="0.008">
    <failure message="org.junit.ComparisonFailure: Fail for ImmutableSimpleContentType:&#10;Asset -&gt; SimpleContentType{name=testName1689194441763, id=1334b58800b5b2561d5e652a4906eaee, description=testDescription1689194441763, defaultType=false, fixed=false, iDate=Wed Jul 12 20:40:41 UTC 2023, system=false, versionable=true, multilingualable=false, variable=testVarname1689194441763, owner=system, modDate=Wed Jul 12 20:40:42 UTC 2023, host=48190c8c-42c4-46af-8d1a-0cd5db894797, siteName=demo.dotcms.com, icon=event_note, sortOrder=0, folder=c1c62d290c05485d9d4da47e76e2fa3b, folderPath=demo.dotcms.com:/testName1689194441759/, requiredFields=[], markedForDeletion=false} &#10;difference -&gt; defaultType&quot;:false,&quot;description&quot;:&quot;testDescription1689194441763&quot;,&quot;detailPage&quot;:null,&quot;expireDateVar&quot;:null,&quot;fixed&quot;:false,&quot;folder&quot;:&quot;c1c62d290c05485d9d4da47e76e2fa3b&quot;,&quot;folderPath&quot;:&quot;demo.dotcms.com:/testName1689194441759/&quot;,&quot;host&quot;:&quot;48190c8c-42c4-46af-8d1a-0cd5db894797&quot;,&quot;iDate&quot;:1689194441763,&quot;icon&quot;:&quot;event_note&quot;,&quot;id&quot;:&quot;1334b58800b5b2561d5e652a4906eaee&quot;,&quot;modDate&quot;:1689194442000,&quot;multilingualable&quot;:false,&quot;name&quot;:&quot;testName1689194441763&quot;,&quot;workflowSchemaNames&quot;:[&quot;System Workflow&quot;]}&#10;expected -&gt; {&quot;contentType&quot;:{&quot;clazz&quot;:&quot;com.dotcms.contenttype.model.type.ImmutableSimpleContentType&quot;,&quot;name&quot;:&quot;testName1689194441763&quot;,&quot;id&quot;:&quot;1334b58800b5b2561d5e652a4906eaee&quot;,&quot;description&quot;:&quot;testDescription1689194441763&quot;,&quot;defaultType&quot;:false,&quot;detailPage&quot;:null,&quot;fixed&quot;:false,&quot;iDate&quot;:1689194441763,&quot;system&quot;:false,&quot;versionable&quot;:true,&quot;multilingualable&quot;:false,&quot;variable&quot;:&quot;testVarname1689194441763&quot;,&quot;urlMapPattern&quot;:null,&quot;publishDateVar&quot;:null,&quot;expireDateVar&quot;:null,&quot;systemActionMappings&quot;:[]}&#10;real -&gt; {&quot;contentType&quot;:{&quot;clazz&quot;:&quot;com.dotcms.contenttype.model.type.ImmutableSimpleContentType&quot;,&quot;defaultType&quot;:false,&quot;description&quot;:&quot;testDescription1689194441763&quot;,&quot;detailPage&quot;:null,&quot;expireDateVar&quot;:null,&quot;fixed&quot;:false,&quot;folder&quot;:&quot;c1c62d290c05485d9d4da47e76e2fa3b&quot;,&quot;folderPath&quot;:&quot;demo.dotcms.com:/testName1689194441759/&quot;,&quot;host&quot;:&quot;48190c8c-42c4-46af-8d1a-0cd5db894797&quot;,&quot;iDate&quot;:1689194441763,&quot;icon&quot;:&quot;event_note&quot;,&quot;id&quot;:&quot;1334b58800b5b2561d5e652a4906eaee&quot;,&quot;modDate&quot;:1689194442000,&quot;multilingualable&quot;:false,&quot;name&quot;:&quot;testName1689194441763&quot;,&quot;workflowSchemaNames&quot;:[&quot;System Workflow&quot;]}&#10; expected:&lt;...SimpleContentType&quot;,&quot;[name&quot;:&quot;testName1689194441763&quot;,&quot;id&quot;:&quot;1334b58800b5b2561d5e652a4906eaee&quot;,&quot;description&quot;:&quot;testDescription1689194441763&quot;,&quot;defaultType&quot;:false,&quot;detailPage&quot;:null,&quot;fixed&quot;:false,&quot;iDate&quot;:1689194441763,&quot;system&quot;:false,&quot;versionable&quot;:true,&quot;multilingualable&quot;:false,&quot;variable&quot;:&quot;testVarname1689194441763&quot;,&quot;urlMapPattern&quot;:null,&quot;publishDateVar&quot;:null,&quot;expireDateVar&quot;:null,&quot;systemActionMappings&quot;:[]]}&gt; but was:&lt;...SimpleContentType&quot;,&quot;[defaultType&quot;:false,&quot;description&quot;:&quot;testDescription1689194441763&quot;,&quot;detailPage&quot;:null,&quot;expireDateVar&quot;:null,&quot;fixed&quot;:false,&quot;folder&quot;:&quot;c1c62d290c05485d9d4da47e76e2fa3b&quot;,&quot;folderPath&quot;:&quot;demo.dotcms.com:/testName1689194441759/&quot;,&quot;host&quot;:&quot;48190c8c-42c4-46af-8d1a-0cd5db894797&quot;,&quot;iDate&quot;:1689194441763,&quot;icon&quot;:&quot;event_note&quot;,&quot;id&quot;:&quot;1334b58800b5b2561d5e652a4906eaee&quot;,&quot;modDate&quot;:1689194442000,&quot;multilingualable&quot;:false,&quot;name&quot;:&quot;testName1689194441763&quot;,&quot;workflowSchemaNames&quot;:[&quot;System Workflow&quot;]]}&gt;" type="org.junit.ComparisonFailure">org.junit.ComparisonFailure: Fail for ImmutableSimpleContentType:
Asset -&gt; SimpleContentType{name=testName1689194441763, id=1334b58800b5b2561d5e652a4906eaee, description=testDescription1689194441763, defaultType=false, fixed=false, iDate=Wed Jul 12 20:40:41 UTC 2023, system=false, versionable=true, multilingualable=false, variable=testVarname1689194441763, owner=system, modDate=Wed Jul 12 20:40:42 UTC 2023, host=48190c8c-42c4-46af-8d1a-0cd5db894797, siteName=demo.dotcms.com, icon=event_note, sortOrder=0, folder=c1c62d290c05485d9d4da47e76e2fa3b, folderPath=demo.dotcms.com:/testName1689194441759/, requiredFields=[], markedForDeletion=false} 
difference -&gt; defaultType&quot;:false,&quot;description&quot;:&quot;testDescription1689194441763&quot;,&quot;detailPage&quot;:null,&quot;expireDateVar&quot;:null,&quot;fixed&quot;:false,&quot;folder&quot;:&quot;c1c62d290c05485d9d4da47e76e2fa3b&quot;,&quot;folderPath&quot;:&quot;demo.dotcms.com:/testName1689194441759/&quot;,&quot;host&quot;:&quot;48190c8c-42c4-46af-8d1a-0cd5db894797&quot;,&quot;iDate&quot;:1689194441763,&quot;icon&quot;:&quot;event_note&quot;,&quot;id&quot;:&quot;1334b58800b5b2561d5e652a4906eaee&quot;,&quot;modDate&quot;:1689194442000,&quot;multilingualable&quot;:false,&quot;name&quot;:&quot;testName1689194441763&quot;,&quot;workflowSchemaNames&quot;:[&quot;System Workflow&quot;]}
expected -&gt; {&quot;contentType&quot;:{&quot;clazz&quot;:&quot;com.dotcms.contenttype.model.type.ImmutableSimpleContentType&quot;,&quot;name&quot;:&quot;testName1689194441763&quot;,&quot;id&quot;:&quot;1334b58800b5b2561d5e652a4906eaee&quot;,&quot;description&quot;:&quot;testDescription1689194441763&quot;,&quot;defaultType&quot;:false,&quot;detailPage&quot;:null,&quot;fixed&quot;:false,&quot;iDate&quot;:1689194441763,&quot;system&quot;:false,&quot;versionable&quot;:true,&quot;multilingualable&quot;:false,&quot;variable&quot;:&quot;testVarname1689194441763&quot;,&quot;urlMapPattern&quot;:null,&quot;publishDateVar&quot;:null,&quot;expireDateVar&quot;:null,&quot;systemActionMappings&quot;:[]}
real -&gt; {&quot;contentType&quot;:{&quot;clazz&quot;:&quot;com.dotcms.contenttype.model.type.ImmutableSimpleContentType&quot;,&quot;defaultType&quot;:false,&quot;description&quot;:&quot;testDescription1689194441763&quot;,&quot;detailPage&quot;:null,&quot;expireDateVar&quot;:null,&quot;fixed&quot;:false,&quot;folder&quot;:&quot;c1c62d290c05485d9d4da47e76e2fa3b&quot;,&quot;folderPath&quot;:&quot;demo.dotcms.com:/testName1689194441759/&quot;,&quot;host&quot;:&quot;48190c8c-42c4-46af-8d1a-0cd5db894797&quot;,&quot;iDate&quot;:1689194441763,&quot;icon&quot;:&quot;event_note&quot;,&quot;id&quot;:&quot;1334b58800b5b2561d5e652a4906eaee&quot;,&quot;modDate&quot;:1689194442000,&quot;multilingualable&quot;:false,&quot;name&quot;:&quot;testName1689194441763&quot;,&quot;workflowSchemaNames&quot;:[&quot;System Workflow&quot;]}
 expected:&lt;...SimpleContentType&quot;,&quot;[name&quot;:&quot;testName1689194441763&quot;,&quot;id&quot;:&quot;1334b58800b5b2561d5e652a4906eaee&quot;,&quot;description&quot;:&quot;testDescription1689194441763&quot;,&quot;defaultType&quot;:false,&quot;detailPage&quot;:null,&quot;fixed&quot;:false,&quot;iDate&quot;:1689194441763,&quot;system&quot;:false,&quot;versionable&quot;:true,&quot;multilingualable&quot;:false,&quot;variable&quot;:&quot;testVarname1689194441763&quot;,&quot;urlMapPattern&quot;:null,&quot;publishDateVar&quot;:null,&quot;expireDateVar&quot;:null,&quot;systemActionMappings&quot;:[]]}&gt; but was:&lt;...SimpleContentType&quot;,&quot;[defaultType&quot;:false,&quot;description&quot;:&quot;testDescription1689194441763&quot;,&quot;detailPage&quot;:null,&quot;expireDateVar&quot;:null,&quot;fixed&quot;:false,&quot;folder&quot;:&quot;c1c62d290c05485d9d4da47e76e2fa3b&quot;,&quot;folderPath&quot;:&quot;demo.dotcms.com:/testName1689194441759/&quot;,&quot;host&quot;:&quot;48190c8c-42c4-46af-8d1a-0cd5db894797&quot;,&quot;iDate&quot;:1689194441763,&quot;icon&quot;:&quot;event_note&quot;,&quot;id&quot;:&quot;1334b58800b5b2561d5e652a4906eaee&quot;,&quot;modDate&quot;:1689194442000,&quot;multilingualable&quot;:false,&quot;name&quot;:&quot;testName1689194441763&quot;,&quot;workflowSchemaNames&quot;:[&quot;System Workflow&quot;]]}&gt;
	at org.junit.Assert.assertEquals(Assert.java:117)
	at com.dotcms.test.util.FileTestUtil.assertBundleFile(FileTestUtil.java:265)
	at com.dotcms.test.util.FileTestUtil.assertBundleFile(FileTestUtil.java:196)
	at com.dotcms.enterprise.publishing.remote.bundler.ContentTypeBundlerTest.addContentTypeInBundle(ContentTypeBundlerTest.java:132)
	at java.base/jdk.internal.reflect.NativeMethodAccessorImpl.invoke0(Native Method)
	at java.base/jdk.internal.reflect.NativeMethodAccessorImpl.invoke(NativeMethodAccessorImpl.java:62)
	at java.base/jdk.internal.reflect.DelegatingMethodAccessorImpl.invoke(DelegatingMethodAccessorImpl.java:43)
	at java.base/java.lang.reflect.Method.invoke(Method.java:566)
	at org.junit.runners.model.FrameworkMethod$1.runReflectiveCall(FrameworkMethod.java:59)
	at org.junit.internal.runners.model.ReflectiveCallable.run(ReflectiveCallable.java:12)
	at org.junit.runners.model.FrameworkMethod.invokeExplosively(FrameworkMethod.java:56)
	at com.tngtech.java.junit.dataprovider.DataProviderFrameworkMethod.invokeExplosively(DataProviderFrameworkMethod.java:119)
	at org.junit.internal.runners.statements.InvokeMethod.evaluate(InvokeMethod.java:17)
	at org.junit.runners.ParentRunner$3.evaluate(ParentRunner.java:306)
	at org.junit.rules.TestWatcher$1.evaluate(TestWatcher.java:61)
	at org.junit.rules.RunRules.evaluate(RunRules.java:20)
	at org.junit.runners.ParentRunner.runLeaf(ParentRunner.java:366)
	at com.dotcms.junit.CustomDataProviderRunner.runChild(CustomDataProviderRunner.java:41)
	at com.dotcms.junit.CustomDataProviderRunner.runChild(CustomDataProviderRunner.java:26)
	at org.junit.runners.ParentRunner$4.run(ParentRunner.java:331)
	at org.junit.runners.ParentRunner$1.schedule(ParentRunner.java:79)
	at org.junit.runners.ParentRunner.runChildren(ParentRunner.java:329)
	at org.junit.runners.ParentRunner.access$100(ParentRunner.java:66)
	at org.junit.runners.ParentRunner$2.evaluate(ParentRunner.java:293)
	at org.junit.runners.ParentRunner$3.evaluate(ParentRunner.java:306)
	at org.junit.runners.ParentRunner.run(ParentRunner.java:413)
	at com.dotcms.junit.MainBaseSuite$DotRunner.run(MainBaseSuite.java:71)
	at org.junit.runners.Suite.runChild(Suite.java:128)
	at org.junit.runners.Suite.runChild(Suite.java:27)
	at org.junit.runners.ParentRunner$4.run(ParentRunner.java:331)
	at org.junit.runners.ParentRunner$1.schedule(ParentRunner.java:79)
	at org.junit.runners.ParentRunner.runChildren(ParentRunner.java:329)
	at org.junit.runners.ParentRunner.access$100(ParentRunner.java:66)
	at org.junit.runners.ParentRunner$2.evaluate(ParentRunner.java:293)
	at org.junit.runners.ParentRunner$3.evaluate(ParentRunner.java:306)
	at org.junit.runners.ParentRunner.run(ParentRunner.java:413)
	at org.gradle.api.internal.tasks.testing.junit.JUnitTestClassExecutor.runTestClass(JUnitTestClassExecutor.java:110)
	at org.gradle.api.internal.tasks.testing.junit.JUnitTestClassExecutor.execute(JUnitTestClassExecutor.java:58)
	at org.gradle.api.internal.tasks.testing.junit.JUnitTestClassExecutor.execute(JUnitTestClassExecutor.java:38)
	at org.gradle.api.internal.tasks.testing.junit.AbstractJUnitTestClassProcessor.processTestClass(AbstractJUnitTestClassProcessor.java:62)
	at org.gradle.api.internal.tasks.testing.SuiteTestClassProcessor.processTestClass(SuiteTestClassProcessor.java:51)
	at java.base/jdk.internal.reflect.NativeMethodAccessorImpl.invoke0(Native Method)
	at java.base/jdk.internal.reflect.NativeMethodAccessorImpl.invoke(NativeMethodAccessorImpl.java:62)
	at java.base/jdk.internal.reflect.DelegatingMethodAccessorImpl.invoke(DelegatingMethodAccessorImpl.java:43)
	at java.base/java.lang.reflect.Method.invoke(Method.java:566)
	at org.gradle.internal.dispatch.ReflectionDispatch.dispatch(ReflectionDispatch.java:36)
	at org.gradle.internal.dispatch.ReflectionDispatch.dispatch(ReflectionDispatch.java:24)
	at org.gradle.internal.dispatch.ContextClassLoaderDispatch.dispatch(ContextClassLoaderDispatch.java:33)
	at org.gradle.internal.dispatch.ProxyDispatchAdapter$DispatchingInvocationHandler.invoke(ProxyDispatchAdapter.java:94)
	at com.sun.proxy.$Proxy5.processTestClass(Unknown Source)
	at org.gradle.api.internal.tasks.testing.worker.TestWorker$2.run(TestWorker.java:176)
	at org.gradle.api.internal.tasks.testing.worker.TestWorker.executeAndMaintainThreadName(TestWorker.java:129)
	at org.gradle.api.internal.tasks.testing.worker.TestWorker.execute(TestWorker.java:100)
	at org.gradle.api.internal.tasks.testing.worker.TestWorker.execute(TestWorker.java:60)
	at org.gradle.process.internal.worker.child.ActionExecutionWorker.execute(ActionExecutionWorker.java:56)
	at org.gradle.process.internal.worker.child.SystemApplicationClassLoaderWorker.call(SystemApplicationClassLoaderWorker.java:133)
	at org.gradle.process.internal.worker.child.SystemApplicationClassLoaderWorker.call(SystemApplicationClassLoaderWorker.java:71)
	at worker.org.gradle.process.internal.worker.GradleWorkerMain.run(GradleWorkerMain.java:69)
	at worker.org.gradle.process.internal.worker.GradleWorkerMain.main(GradleWorkerMain.java:74)
</failure>
  </testcase>
  <testcase name="addContentTypeInBundle[2: com.dotcms.enterprise.publishing.remote.bundler.ContentTypeBundlerTest$TestCase@3b6971e7]" classname="com.dotcms.enterprise.publishing.remote.bundler.ContentTypeBundlerTest" time="0.012">
    <failure message="org.junit.ComparisonFailure: Fail for ImmutableSimpleContentType:&#10;Asset -&gt; SimpleContentType{name=testName1689194441780, id=ef59fcc596cc358f494e1adcecad5396, description=testDescription1689194441780, defaultType=false, fixed=false, iDate=Wed Jul 12 20:40:41 UTC 2023, system=false, versionable=true, multilingualable=false, variable=testVarname1689194441780, owner=system, modDate=Wed Jul 12 20:40:42 UTC 2023, host=ae3fc3ef27e270196122b41dfe955226, siteName=test1689194440742.dotcms.com, icon=event_note, sortOrder=0, folder=SYSTEM_FOLDER, folderPath=/, requiredFields=[], markedForDeletion=false} &#10;difference -&gt; defaultType&quot;:false,&quot;description&quot;:&quot;testDescription1689194441780&quot;,&quot;detailPage&quot;:null,&quot;expireDateVar&quot;:null,&quot;fixed&quot;:false,&quot;folder&quot;:&quot;SYSTEM_FOLDER&quot;,&quot;folderPath&quot;:&quot;/&quot;,&quot;host&quot;:&quot;ae3fc3ef27e270196122b41dfe955226&quot;,&quot;iDate&quot;:1689194441780,&quot;icon&quot;:&quot;event_note&quot;,&quot;id&quot;:&quot;ef59fcc596cc358f494e1adcecad5396&quot;,&quot;modDate&quot;:1689194442000,&quot;multilingualable&quot;:false,&quot;name&quot;:&quot;testName1689194441780&quot;,&quot;testName1689194441778&quot;]}&#10;expected -&gt; {&quot;contentType&quot;:{&quot;clazz&quot;:&quot;com.dotcms.contenttype.model.type.ImmutableSimpleContentType&quot;,&quot;name&quot;:&quot;testName1689194441780&quot;,&quot;id&quot;:&quot;ef59fcc596cc358f494e1adcecad5396&quot;,&quot;description&quot;:&quot;testDescription1689194441780&quot;,&quot;defaultType&quot;:false,&quot;detailPage&quot;:null,&quot;fixed&quot;:false,&quot;iDate&quot;:1689194441780,&quot;system&quot;:false,&quot;versionable&quot;:true,&quot;multilingualable&quot;:false,&quot;variable&quot;:&quot;testVarname1689194441780&quot;,&quot;urlMapPattern&quot;:null,&quot;publishDateVar&quot;:null,&quot;expireDateVar&quot;:null,&quot;systemActionMappings&quot;:[]}&#10;real -&gt; {&quot;contentType&quot;:{&quot;clazz&quot;:&quot;com.dotcms.contenttype.model.type.ImmutableSimpleContentType&quot;,&quot;defaultType&quot;:false,&quot;description&quot;:&quot;testDescription1689194441780&quot;,&quot;detailPage&quot;:null,&quot;expireDateVar&quot;:null,&quot;fixed&quot;:false,&quot;folder&quot;:&quot;SYSTEM_FOLDER&quot;,&quot;folderPath&quot;:&quot;/&quot;,&quot;host&quot;:&quot;ae3fc3ef27e270196122b41dfe955226&quot;,&quot;iDate&quot;:1689194441780,&quot;icon&quot;:&quot;event_note&quot;,&quot;id&quot;:&quot;ef59fcc596cc358f494e1adcecad5396&quot;,&quot;modDate&quot;:1689194442000,&quot;multilingualable&quot;:false,&quot;name&quot;:&quot;testName1689194441780&quot;,&quot;testName1689194441778&quot;]}&#10; expected:&lt;...SimpleContentType&quot;,&quot;[name&quot;:&quot;testName1689194441780&quot;,&quot;id&quot;:&quot;ef59fcc596cc358f494e1adcecad5396&quot;,&quot;description&quot;:&quot;testDescription1689194441780&quot;,&quot;defaultType&quot;:false,&quot;detailPage&quot;:null,&quot;fixed&quot;:false,&quot;iDate&quot;:1689194441780,&quot;system&quot;:false,&quot;versionable&quot;:true,&quot;multilingualable&quot;:false,&quot;variable&quot;:&quot;testVarname1689194441780&quot;,&quot;urlMapPattern&quot;:null,&quot;publishDateVar&quot;:null,&quot;expireDateVar&quot;:null,&quot;systemActionMappings&quot;:[]]}&gt; but was:&lt;...SimpleContentType&quot;,&quot;[defaultType&quot;:false,&quot;description&quot;:&quot;testDescription1689194441780&quot;,&quot;detailPage&quot;:null,&quot;expireDateVar&quot;:null,&quot;fixed&quot;:false,&quot;folder&quot;:&quot;SYSTEM_FOLDER&quot;,&quot;folderPath&quot;:&quot;/&quot;,&quot;host&quot;:&quot;ae3fc3ef27e270196122b41dfe955226&quot;,&quot;iDate&quot;:1689194441780,&quot;icon&quot;:&quot;event_note&quot;,&quot;id&quot;:&quot;ef59fcc596cc358f494e1adcecad5396&quot;,&quot;modDate&quot;:1689194442000,&quot;multilingualable&quot;:false,&quot;name&quot;:&quot;testName1689194441780&quot;,&quot;testName1689194441778&quot;]]}&gt;" type="org.junit.ComparisonFailure">org.junit.ComparisonFailure: Fail for ImmutableSimpleContentType:
Asset -&gt; SimpleContentType{name=testName1689194441780, id=ef59fcc596cc358f494e1adcecad5396, description=testDescription1689194441780, defaultType=false, fixed=false, iDate=Wed Jul 12 20:40:41 UTC 2023, system=false, versionable=true, multilingualable=false, variable=testVarname1689194441780, owner=system, modDate=Wed Jul 12 20:40:42 UTC 2023, host=ae3fc3ef27e270196122b41dfe955226, siteName=test1689194440742.dotcms.com, icon=event_note, sortOrder=0, folder=SYSTEM_FOLDER, folderPath=/, requiredFields=[], markedForDeletion=false} 
difference -&gt; defaultType&quot;:false,&quot;description&quot;:&quot;testDescription1689194441780&quot;,&quot;detailPage&quot;:null,&quot;expireDateVar&quot;:null,&quot;fixed&quot;:false,&quot;folder&quot;:&quot;SYSTEM_FOLDER&quot;,&quot;folderPath&quot;:&quot;/&quot;,&quot;host&quot;:&quot;ae3fc3ef27e270196122b41dfe955226&quot;,&quot;iDate&quot;:1689194441780,&quot;icon&quot;:&quot;event_note&quot;,&quot;id&quot;:&quot;ef59fcc596cc358f494e1adcecad5396&quot;,&quot;modDate&quot;:1689194442000,&quot;multilingualable&quot;:false,&quot;name&quot;:&quot;testName1689194441780&quot;,&quot;testName1689194441778&quot;]}
expected -&gt; {&quot;contentType&quot;:{&quot;clazz&quot;:&quot;com.dotcms.contenttype.model.type.ImmutableSimpleContentType&quot;,&quot;name&quot;:&quot;testName1689194441780&quot;,&quot;id&quot;:&quot;ef59fcc596cc358f494e1adcecad5396&quot;,&quot;description&quot;:&quot;testDescription1689194441780&quot;,&quot;defaultType&quot;:false,&quot;detailPage&quot;:null,&quot;fixed&quot;:false,&quot;iDate&quot;:1689194441780,&quot;system&quot;:false,&quot;versionable&quot;:true,&quot;multilingualable&quot;:false,&quot;variable&quot;:&quot;testVarname1689194441780&quot;,&quot;urlMapPattern&quot;:null,&quot;publishDateVar&quot;:null,&quot;expireDateVar&quot;:null,&quot;systemActionMappings&quot;:[]}
real -&gt; {&quot;contentType&quot;:{&quot;clazz&quot;:&quot;com.dotcms.contenttype.model.type.ImmutableSimpleContentType&quot;,&quot;defaultType&quot;:false,&quot;description&quot;:&quot;testDescription1689194441780&quot;,&quot;detailPage&quot;:null,&quot;expireDateVar&quot;:null,&quot;fixed&quot;:false,&quot;folder&quot;:&quot;SYSTEM_FOLDER&quot;,&quot;folderPath&quot;:&quot;/&quot;,&quot;host&quot;:&quot;ae3fc3ef27e270196122b41dfe955226&quot;,&quot;iDate&quot;:1689194441780,&quot;icon&quot;:&quot;event_note&quot;,&quot;id&quot;:&quot;ef59fcc596cc358f494e1adcecad5396&quot;,&quot;modDate&quot;:1689194442000,&quot;multilingualable&quot;:false,&quot;name&quot;:&quot;testName1689194441780&quot;,&quot;testName1689194441778&quot;]}
 expected:&lt;...SimpleContentType&quot;,&quot;[name&quot;:&quot;testName1689194441780&quot;,&quot;id&quot;:&quot;ef59fcc596cc358f494e1adcecad5396&quot;,&quot;description&quot;:&quot;testDescription1689194441780&quot;,&quot;defaultType&quot;:false,&quot;detailPage&quot;:null,&quot;fixed&quot;:false,&quot;iDate&quot;:1689194441780,&quot;system&quot;:false,&quot;versionable&quot;:true,&quot;multilingualable&quot;:false,&quot;variable&quot;:&quot;testVarname1689194441780&quot;,&quot;urlMapPattern&quot;:null,&quot;publishDateVar&quot;:null,&quot;expireDateVar&quot;:null,&quot;systemActionMappings&quot;:[]]}&gt; but was:&lt;...SimpleContentType&quot;,&quot;[defaultType&quot;:false,&quot;description&quot;:&quot;testDescription1689194441780&quot;,&quot;detailPage&quot;:null,&quot;expireDateVar&quot;:null,&quot;fixed&quot;:false,&quot;folder&quot;:&quot;SYSTEM_FOLDER&quot;,&quot;folderPath&quot;:&quot;/&quot;,&quot;host&quot;:&quot;ae3fc3ef27e270196122b41dfe955226&quot;,&quot;iDate&quot;:1689194441780,&quot;icon&quot;:&quot;event_note&quot;,&quot;id&quot;:&quot;ef59fcc596cc358f494e1adcecad5396&quot;,&quot;modDate&quot;:1689194442000,&quot;multilingualable&quot;:false,&quot;name&quot;:&quot;testName1689194441780&quot;,&quot;testName1689194441778&quot;]]}&gt;
	at org.junit.Assert.assertEquals(Assert.java:117)
	at com.dotcms.test.util.FileTestUtil.assertBundleFile(FileTestUtil.java:265)
	at com.dotcms.test.util.FileTestUtil.assertBundleFile(FileTestUtil.java:196)
	at com.dotcms.enterprise.publishing.remote.bundler.ContentTypeBundlerTest.addContentTypeInBundle(ContentTypeBundlerTest.java:132)
	at java.base/jdk.internal.reflect.NativeMethodAccessorImpl.invoke0(Native Method)
	at java.base/jdk.internal.reflect.NativeMethodAccessorImpl.invoke(NativeMethodAccessorImpl.java:62)
	at java.base/jdk.internal.reflect.DelegatingMethodAccessorImpl.invoke(DelegatingMethodAccessorImpl.java:43)
	at java.base/java.lang.reflect.Method.invoke(Method.java:566)
	at org.junit.runners.model.FrameworkMethod$1.runReflectiveCall(FrameworkMethod.java:59)
	at org.junit.internal.runners.model.ReflectiveCallable.run(ReflectiveCallable.java:12)
	at org.junit.runners.model.FrameworkMethod.invokeExplosively(FrameworkMethod.java:56)
	at com.tngtech.java.junit.dataprovider.DataProviderFrameworkMethod.invokeExplosively(DataProviderFrameworkMethod.java:119)
	at org.junit.internal.runners.statements.InvokeMethod.evaluate(InvokeMethod.java:17)
	at org.junit.runners.ParentRunner$3.evaluate(ParentRunner.java:306)
	at org.junit.rules.TestWatcher$1.evaluate(TestWatcher.java:61)
	at org.junit.rules.RunRules.evaluate(RunRules.java:20)
	at org.junit.runners.ParentRunner.runLeaf(ParentRunner.java:366)
	at com.dotcms.junit.CustomDataProviderRunner.runChild(CustomDataProviderRunner.java:41)
	at com.dotcms.junit.CustomDataProviderRunner.runChild(CustomDataProviderRunner.java:26)
	at org.junit.runners.ParentRunner$4.run(ParentRunner.java:331)
	at org.junit.runners.ParentRunner$1.schedule(ParentRunner.java:79)
	at org.junit.runners.ParentRunner.runChildren(ParentRunner.java:329)
	at org.junit.runners.ParentRunner.access$100(ParentRunner.java:66)
	at org.junit.runners.ParentRunner$2.evaluate(ParentRunner.java:293)
	at org.junit.runners.ParentRunner$3.evaluate(ParentRunner.java:306)
	at org.junit.runners.ParentRunner.run(ParentRunner.java:413)
	at com.dotcms.junit.MainBaseSuite$DotRunner.run(MainBaseSuite.java:71)
	at org.junit.runners.Suite.runChild(Suite.java:128)
	at org.junit.runners.Suite.runChild(Suite.java:27)
	at org.junit.runners.ParentRunner$4.run(ParentRunner.java:331)
	at org.junit.runners.ParentRunner$1.schedule(ParentRunner.java:79)
	at org.junit.runners.ParentRunner.runChildren(ParentRunner.java:329)
	at org.junit.runners.ParentRunner.access$100(ParentRunner.java:66)
	at org.junit.runners.ParentRunner$2.evaluate(ParentRunner.java:293)
	at org.junit.runners.ParentRunner$3.evaluate(ParentRunner.java:306)
	at org.junit.runners.ParentRunner.run(ParentRunner.java:413)
	at org.gradle.api.internal.tasks.testing.junit.JUnitTestClassExecutor.runTestClass(JUnitTestClassExecutor.java:110)
	at org.gradle.api.internal.tasks.testing.junit.JUnitTestClassExecutor.execute(JUnitTestClassExecutor.java:58)
	at org.gradle.api.internal.tasks.testing.junit.JUnitTestClassExecutor.execute(JUnitTestClassExecutor.java:38)
	at org.gradle.api.internal.tasks.testing.junit.AbstractJUnitTestClassProcessor.processTestClass(AbstractJUnitTestClassProcessor.java:62)
	at org.gradle.api.internal.tasks.testing.SuiteTestClassProcessor.processTestClass(SuiteTestClassProcessor.java:51)
	at java.base/jdk.internal.reflect.NativeMethodAccessorImpl.invoke0(Native Method)
	at java.base/jdk.internal.reflect.NativeMethodAccessorImpl.invoke(NativeMethodAccessorImpl.java:62)
	at java.base/jdk.internal.reflect.DelegatingMethodAccessorImpl.invoke(DelegatingMethodAccessorImpl.java:43)
	at java.base/java.lang.reflect.Method.invoke(Method.java:566)
	at org.gradle.internal.dispatch.ReflectionDispatch.dispatch(ReflectionDispatch.java:36)
	at org.gradle.internal.dispatch.ReflectionDispatch.dispatch(ReflectionDispatch.java:24)
	at org.gradle.internal.dispatch.ContextClassLoaderDispatch.dispatch(ContextClassLoaderDispatch.java:33)
	at org.gradle.internal.dispatch.ProxyDispatchAdapter$DispatchingInvocationHandler.invoke(ProxyDispatchAdapter.java:94)
	at com.sun.proxy.$Proxy5.processTestClass(Unknown Source)
	at org.gradle.api.internal.tasks.testing.worker.TestWorker$2.run(TestWorker.java:176)
	at org.gradle.api.internal.tasks.testing.worker.TestWorker.executeAndMaintainThreadName(TestWorker.java:129)
	at org.gradle.api.internal.tasks.testing.worker.TestWorker.execute(TestWorker.java:100)
	at org.gradle.api.internal.tasks.testing.worker.TestWorker.execute(TestWorker.java:60)
	at org.gradle.process.internal.worker.child.ActionExecutionWorker.execute(ActionExecutionWorker.java:56)
	at org.gradle.process.internal.worker.child.SystemApplicationClassLoaderWorker.call(SystemApplicationClassLoaderWorker.java:133)
	at org.gradle.process.internal.worker.child.SystemApplicationClassLoaderWorker.call(SystemApplicationClassLoaderWorker.java:71)
	at worker.org.gradle.process.internal.worker.GradleWorkerMain.run(GradleWorkerMain.java:69)
	at worker.org.gradle.process.internal.worker.GradleWorkerMain.main(GradleWorkerMain.java:74)
</failure>
  </testcase>
  <testcase name="addContentTypeInBundle[3: com.dotcms.enterprise.publishing.remote.bundler.ContentTypeBundlerTest$TestCase@314cf5c0]" classname="com.dotcms.enterprise.publishing.remote.bundler.ContentTypeBundlerTest" time="0.014">
    <failure message="org.junit.ComparisonFailure: Fail for ImmutableSimpleContentType:&#10;Asset -&gt; SimpleContentType{name=testName1689194441800, id=06c0934c2222051d58004ccf1579a31f, description=testDescription1689194441800, defaultType=false, fixed=false, iDate=Wed Jul 12 20:40:41 UTC 2023, system=false, versionable=true, multilingualable=false, variable=testVarname1689194441800, owner=system, modDate=Wed Jul 12 20:40:42 UTC 2023, host=ae3fc3ef27e270196122b41dfe955226, siteName=test1689194440742.dotcms.com, icon=event_note, sortOrder=0, folder=SYSTEM_FOLDER, folderPath=/, requiredFields=[], markedForDeletion=false} &#10;difference -&gt; defaultType&quot;:false,&quot;description&quot;:&quot;testDescription1689194441800&quot;,&quot;detailPage&quot;:null,&quot;expireDateVar&quot;:null,&quot;fixed&quot;:false,&quot;folder&quot;:&quot;SYSTEM_FOLDER&quot;,&quot;folderPath&quot;:&quot;/&quot;,&quot;host&quot;:&quot;ae3fc3ef27e270196122b41dfe955226&quot;,&quot;iDate&quot;:1689194441800,&quot;icon&quot;:&quot;event_note&quot;,&quot;id&quot;:&quot;06c0934c2222051d58004ccf1579a31f&quot;,&quot;modDate&quot;:1689194442000,&quot;multilingualable&quot;:false,&quot;name&quot;:&quot;testName1689194441800&quot;,&quot;workflowSchemaNames&quot;:[&quot;System Workflow&quot;]}&#10;expected -&gt; {&quot;contentType&quot;:{&quot;clazz&quot;:&quot;com.dotcms.contenttype.model.type.ImmutableSimpleContentType&quot;,&quot;name&quot;:&quot;testName1689194441800&quot;,&quot;id&quot;:&quot;06c0934c2222051d58004ccf1579a31f&quot;,&quot;description&quot;:&quot;testDescription1689194441800&quot;,&quot;defaultType&quot;:false,&quot;detailPage&quot;:null,&quot;fixed&quot;:false,&quot;iDate&quot;:1689194441800,&quot;system&quot;:false,&quot;versionable&quot;:true,&quot;multilingualable&quot;:false,&quot;variable&quot;:&quot;testVarname1689194441800&quot;,&quot;urlMapPattern&quot;:null,&quot;publishDateVar&quot;:null,&quot;expireDateVar&quot;:null,&quot;systemActionMappings&quot;:[]}&#10;real -&gt; {&quot;contentType&quot;:{&quot;clazz&quot;:&quot;com.dotcms.contenttype.model.type.ImmutableSimpleContentType&quot;,&quot;defaultType&quot;:false,&quot;description&quot;:&quot;testDescription1689194441800&quot;,&quot;detailPage&quot;:null,&quot;expireDateVar&quot;:null,&quot;fixed&quot;:false,&quot;folder&quot;:&quot;SYSTEM_FOLDER&quot;,&quot;folderPath&quot;:&quot;/&quot;,&quot;host&quot;:&quot;ae3fc3ef27e270196122b41dfe955226&quot;,&quot;iDate&quot;:1689194441800,&quot;icon&quot;:&quot;event_note&quot;,&quot;id&quot;:&quot;06c0934c2222051d58004ccf1579a31f&quot;,&quot;modDate&quot;:1689194442000,&quot;multilingualable&quot;:false,&quot;name&quot;:&quot;testName1689194441800&quot;,&quot;workflowSchemaNames&quot;:[&quot;System Workflow&quot;]}&#10; expected:&lt;...SimpleContentType&quot;,&quot;[name&quot;:&quot;testName1689194441800&quot;,&quot;id&quot;:&quot;06c0934c2222051d58004ccf1579a31f&quot;,&quot;description&quot;:&quot;testDescription1689194441800&quot;,&quot;defaultType&quot;:false,&quot;detailPage&quot;:null,&quot;fixed&quot;:false,&quot;iDate&quot;:1689194441800,&quot;system&quot;:false,&quot;versionable&quot;:true,&quot;multilingualable&quot;:false,&quot;variable&quot;:&quot;testVarname1689194441800&quot;,&quot;urlMapPattern&quot;:null,&quot;publishDateVar&quot;:null,&quot;expireDateVar&quot;:null,&quot;systemActionMappings&quot;:[]]}&gt; but was:&lt;...SimpleContentType&quot;,&quot;[defaultType&quot;:false,&quot;description&quot;:&quot;testDescription1689194441800&quot;,&quot;detailPage&quot;:null,&quot;expireDateVar&quot;:null,&quot;fixed&quot;:false,&quot;folder&quot;:&quot;SYSTEM_FOLDER&quot;,&quot;folderPath&quot;:&quot;/&quot;,&quot;host&quot;:&quot;ae3fc3ef27e270196122b41dfe955226&quot;,&quot;iDate&quot;:1689194441800,&quot;icon&quot;:&quot;event_note&quot;,&quot;id&quot;:&quot;06c0934c2222051d58004ccf1579a31f&quot;,&quot;modDate&quot;:1689194442000,&quot;multilingualable&quot;:false,&quot;name&quot;:&quot;testName1689194441800&quot;,&quot;workflowSchemaNames&quot;:[&quot;System Workflow&quot;]]}&gt;" type="org.junit.ComparisonFailure">org.junit.ComparisonFailure: Fail for ImmutableSimpleContentType:
Asset -&gt; SimpleContentType{name=testName1689194441800, id=06c0934c2222051d58004ccf1579a31f, description=testDescription1689194441800, defaultType=false, fixed=false, iDate=Wed Jul 12 20:40:41 UTC 2023, system=false, versionable=true, multilingualable=false, variable=testVarname1689194441800, owner=system, modDate=Wed Jul 12 20:40:42 UTC 2023, host=ae3fc3ef27e270196122b41dfe955226, siteName=test1689194440742.dotcms.com, icon=event_note, sortOrder=0, folder=SYSTEM_FOLDER, folderPath=/, requiredFields=[], markedForDeletion=false} 
difference -&gt; defaultType&quot;:false,&quot;description&quot;:&quot;testDescription1689194441800&quot;,&quot;detailPage&quot;:null,&quot;expireDateVar&quot;:null,&quot;fixed&quot;:false,&quot;folder&quot;:&quot;SYSTEM_FOLDER&quot;,&quot;folderPath&quot;:&quot;/&quot;,&quot;host&quot;:&quot;ae3fc3ef27e270196122b41dfe955226&quot;,&quot;iDate&quot;:1689194441800,&quot;icon&quot;:&quot;event_note&quot;,&quot;id&quot;:&quot;06c0934c2222051d58004ccf1579a31f&quot;,&quot;modDate&quot;:1689194442000,&quot;multilingualable&quot;:false,&quot;name&quot;:&quot;testName1689194441800&quot;,&quot;workflowSchemaNames&quot;:[&quot;System Workflow&quot;]}
expected -&gt; {&quot;contentType&quot;:{&quot;clazz&quot;:&quot;com.dotcms.contenttype.model.type.ImmutableSimpleContentType&quot;,&quot;name&quot;:&quot;testName1689194441800&quot;,&quot;id&quot;:&quot;06c0934c2222051d58004ccf1579a31f&quot;,&quot;description&quot;:&quot;testDescription1689194441800&quot;,&quot;defaultType&quot;:false,&quot;detailPage&quot;:null,&quot;fixed&quot;:false,&quot;iDate&quot;:1689194441800,&quot;system&quot;:false,&quot;versionable&quot;:true,&quot;multilingualable&quot;:false,&quot;variable&quot;:&quot;testVarname1689194441800&quot;,&quot;urlMapPattern&quot;:null,&quot;publishDateVar&quot;:null,&quot;expireDateVar&quot;:null,&quot;systemActionMappings&quot;:[]}
real -&gt; {&quot;contentType&quot;:{&quot;clazz&quot;:&quot;com.dotcms.contenttype.model.type.ImmutableSimpleContentType&quot;,&quot;defaultType&quot;:false,&quot;description&quot;:&quot;testDescription1689194441800&quot;,&quot;detailPage&quot;:null,&quot;expireDateVar&quot;:null,&quot;fixed&quot;:false,&quot;folder&quot;:&quot;SYSTEM_FOLDER&quot;,&quot;folderPath&quot;:&quot;/&quot;,&quot;host&quot;:&quot;ae3fc3ef27e270196122b41dfe955226&quot;,&quot;iDate&quot;:1689194441800,&quot;icon&quot;:&quot;event_note&quot;,&quot;id&quot;:&quot;06c0934c2222051d58004ccf1579a31f&quot;,&quot;modDate&quot;:1689194442000,&quot;multilingualable&quot;:false,&quot;name&quot;:&quot;testName1689194441800&quot;,&quot;workflowSchemaNames&quot;:[&quot;System Workflow&quot;]}
 expected:&lt;...SimpleContentType&quot;,&quot;[name&quot;:&quot;testName1689194441800&quot;,&quot;id&quot;:&quot;06c0934c2222051d58004ccf1579a31f&quot;,&quot;description&quot;:&quot;testDescription1689194441800&quot;,&quot;defaultType&quot;:false,&quot;detailPage&quot;:null,&quot;fixed&quot;:false,&quot;iDate&quot;:1689194441800,&quot;system&quot;:false,&quot;versionable&quot;:true,&quot;multilingualable&quot;:false,&quot;variable&quot;:&quot;testVarname1689194441800&quot;,&quot;urlMapPattern&quot;:null,&quot;publishDateVar&quot;:null,&quot;expireDateVar&quot;:null,&quot;systemActionMappings&quot;:[]]}&gt; but was:&lt;...SimpleContentType&quot;,&quot;[defaultType&quot;:false,&quot;description&quot;:&quot;testDescription1689194441800&quot;,&quot;detailPage&quot;:null,&quot;expireDateVar&quot;:null,&quot;fixed&quot;:false,&quot;folder&quot;:&quot;SYSTEM_FOLDER&quot;,&quot;folderPath&quot;:&quot;/&quot;,&quot;host&quot;:&quot;ae3fc3ef27e270196122b41dfe955226&quot;,&quot;iDate&quot;:1689194441800,&quot;icon&quot;:&quot;event_note&quot;,&quot;id&quot;:&quot;06c0934c2222051d58004ccf1579a31f&quot;,&quot;modDate&quot;:1689194442000,&quot;multilingualable&quot;:false,&quot;name&quot;:&quot;testName1689194441800&quot;,&quot;workflowSchemaNames&quot;:[&quot;System Workflow&quot;]]}&gt;
	at org.junit.Assert.assertEquals(Assert.java:117)
	at com.dotcms.test.util.FileTestUtil.assertBundleFile(FileTestUtil.java:265)
	at com.dotcms.test.util.FileTestUtil.assertBundleFile(FileTestUtil.java:196)
	at com.dotcms.enterprise.publishing.remote.bundler.ContentTypeBundlerTest.addContentTypeInBundle(ContentTypeBundlerTest.java:132)
	at java.base/jdk.internal.reflect.NativeMethodAccessorImpl.invoke0(Native Method)
	at java.base/jdk.internal.reflect.NativeMethodAccessorImpl.invoke(NativeMethodAccessorImpl.java:62)
	at java.base/jdk.internal.reflect.DelegatingMethodAccessorImpl.invoke(DelegatingMethodAccessorImpl.java:43)
	at java.base/java.lang.reflect.Method.invoke(Method.java:566)
	at org.junit.runners.model.FrameworkMethod$1.runReflectiveCall(FrameworkMethod.java:59)
	at org.junit.internal.runners.model.ReflectiveCallable.run(ReflectiveCallable.java:12)
	at org.junit.runners.model.FrameworkMethod.invokeExplosively(FrameworkMethod.java:56)
	at com.tngtech.java.junit.dataprovider.DataProviderFrameworkMethod.invokeExplosively(DataProviderFrameworkMethod.java:119)
	at org.junit.internal.runners.statements.InvokeMethod.evaluate(InvokeMethod.java:17)
	at org.junit.runners.ParentRunner$3.evaluate(ParentRunner.java:306)
	at org.junit.rules.TestWatcher$1.evaluate(TestWatcher.java:61)
	at org.junit.rules.RunRules.evaluate(RunRules.java:20)
	at org.junit.runners.ParentRunner.runLeaf(ParentRunner.java:366)
	at com.dotcms.junit.CustomDataProviderRunner.runChild(CustomDataProviderRunner.java:41)
	at com.dotcms.junit.CustomDataProviderRunner.runChild(CustomDataProviderRunner.java:26)
	at org.junit.runners.ParentRunner$4.run(ParentRunner.java:331)
	at org.junit.runners.ParentRunner$1.schedule(ParentRunner.java:79)
	at org.junit.runners.ParentRunner.runChildren(ParentRunner.java:329)
	at org.junit.runners.ParentRunner.access$100(ParentRunner.java:66)
	at org.junit.runners.ParentRunner$2.evaluate(ParentRunner.java:293)
	at org.junit.runners.ParentRunner$3.evaluate(ParentRunner.java:306)
	at org.junit.runners.ParentRunner.run(ParentRunner.java:413)
	at com.dotcms.junit.MainBaseSuite$DotRunner.run(MainBaseSuite.java:71)
	at org.junit.runners.Suite.runChild(Suite.java:128)
	at org.junit.runners.Suite.runChild(Suite.java:27)
	at org.junit.runners.ParentRunner$4.run(ParentRunner.java:331)
	at org.junit.runners.ParentRunner$1.schedule(ParentRunner.java:79)
	at org.junit.runners.ParentRunner.runChildren(ParentRunner.java:329)
	at org.junit.runners.ParentRunner.access$100(ParentRunner.java:66)
	at org.junit.runners.ParentRunner$2.evaluate(ParentRunner.java:293)
	at org.junit.runners.ParentRunner$3.evaluate(ParentRunner.java:306)
	at org.junit.runners.ParentRunner.run(ParentRunner.java:413)
	at org.gradle.api.internal.tasks.testing.junit.JUnitTestClassExecutor.runTestClass(JUnitTestClassExecutor.java:110)
	at org.gradle.api.internal.tasks.testing.junit.JUnitTestClassExecutor.execute(JUnitTestClassExecutor.java:58)
	at org.gradle.api.internal.tasks.testing.junit.JUnitTestClassExecutor.execute(JUnitTestClassExecutor.java:38)
	at org.gradle.api.internal.tasks.testing.junit.AbstractJUnitTestClassProcessor.processTestClass(AbstractJUnitTestClassProcessor.java:62)
	at org.gradle.api.internal.tasks.testing.SuiteTestClassProcessor.processTestClass(SuiteTestClassProcessor.java:51)
	at java.base/jdk.internal.reflect.NativeMethodAccessorImpl.invoke0(Native Method)
	at java.base/jdk.internal.reflect.NativeMethodAccessorImpl.invoke(NativeMethodAccessorImpl.java:62)
	at java.base/jdk.internal.reflect.DelegatingMethodAccessorImpl.invoke(DelegatingMethodAccessorImpl.java:43)
	at java.base/java.lang.reflect.Method.invoke(Method.java:566)
	at org.gradle.internal.dispatch.ReflectionDispatch.dispatch(ReflectionDispatch.java:36)
	at org.gradle.internal.dispatch.ReflectionDispatch.dispatch(ReflectionDispatch.java:24)
	at org.gradle.internal.dispatch.ContextClassLoaderDispatch.dispatch(ContextClassLoaderDispatch.java:33)
	at org.gradle.internal.dispatch.ProxyDispatchAdapter$DispatchingInvocationHandler.invoke(ProxyDispatchAdapter.java:94)
	at com.sun.proxy.$Proxy5.processTestClass(Unknown Source)
	at org.gradle.api.internal.tasks.testing.worker.TestWorker$2.run(TestWorker.java:176)
	at org.gradle.api.internal.tasks.testing.worker.TestWorker.executeAndMaintainThreadName(TestWorker.java:129)
	at org.gradle.api.internal.tasks.testing.worker.TestWorker.execute(TestWorker.java:100)
	at org.gradle.api.internal.tasks.testing.worker.TestWorker.execute(TestWorker.java:60)
	at org.gradle.process.internal.worker.child.ActionExecutionWorker.execute(ActionExecutionWorker.java:56)
	at org.gradle.process.internal.worker.child.SystemApplicationClassLoaderWorker.call(SystemApplicationClassLoaderWorker.java:133)
	at org.gradle.process.internal.worker.child.SystemApplicationClassLoaderWorker.call(SystemApplicationClassLoaderWorker.java:71)
	at worker.org.gradle.process.internal.worker.GradleWorkerMain.run(GradleWorkerMain.java:69)
	at worker.org.gradle.process.internal.worker.GradleWorkerMain.main(GradleWorkerMain.java:74)
</failure>
  </testcase>
  <testcase name="addContentTypeInBundle[4: com.dotcms.enterprise.publishing.remote.bundler.ContentTypeBundlerTest$TestCase@3af1ab80]" classname="com.dotcms.enterprise.publishing.remote.bundler.ContentTypeBundlerTest" time="0.02">
    <failure message="org.junit.ComparisonFailure: Fail for ImmutableSimpleContentType:&#10;Asset -&gt; SimpleContentType{name=testName1689194442302, id=6236ff68190f056ff667998d8659b300, description=testDescription1689194442302, defaultType=false, fixed=false, iDate=Wed Jul 12 20:40:42 UTC 2023, system=false, versionable=true, multilingualable=false, variable=testVarname1689194442302, owner=system, modDate=Wed Jul 12 20:40:42 UTC 2023, host=ae3fc3ef27e270196122b41dfe955226, siteName=test1689194440742.dotcms.com, icon=event_note, sortOrder=0, folder=SYSTEM_FOLDER, folderPath=/, requiredFields=[], markedForDeletion=false} &#10;difference -&gt; defaultType&quot;:false,&quot;description&quot;:&quot;testDescription1689194442302&quot;,&quot;detailPage&quot;:null,&quot;expireDateVar&quot;:null,&quot;fixed&quot;:false,&quot;folder&quot;:&quot;SYSTEM_FOLDER&quot;,&quot;folderPath&quot;:&quot;/&quot;,&quot;host&quot;:&quot;ae3fc3ef27e270196122b41dfe955226&quot;,&quot;iDate&quot;:1689194442302,&quot;icon&quot;:&quot;event_note&quot;,&quot;id&quot;:&quot;6236ff68190f056ff667998d8659b300&quot;,&quot;modDate&quot;:1689194442000,&quot;multilingualable&quot;:false,&quot;name&quot;:&quot;testName1689194442302&quot;,&quot;testName1689194441778&quot;]}&#10;expected -&gt; {&quot;contentType&quot;:{&quot;clazz&quot;:&quot;com.dotcms.contenttype.model.type.ImmutableSimpleContentType&quot;,&quot;name&quot;:&quot;testName1689194442302&quot;,&quot;id&quot;:&quot;6236ff68190f056ff667998d8659b300&quot;,&quot;description&quot;:&quot;testDescription1689194442302&quot;,&quot;defaultType&quot;:false,&quot;detailPage&quot;:null,&quot;fixed&quot;:false,&quot;iDate&quot;:1689194442302,&quot;system&quot;:false,&quot;versionable&quot;:true,&quot;multilingualable&quot;:false,&quot;variable&quot;:&quot;testVarname1689194442302&quot;,&quot;urlMapPattern&quot;:null,&quot;publishDateVar&quot;:null,&quot;expireDateVar&quot;:null,&quot;systemActionMappings&quot;:[]}&#10;real -&gt; {&quot;contentType&quot;:{&quot;clazz&quot;:&quot;com.dotcms.contenttype.model.type.ImmutableSimpleContentType&quot;,&quot;defaultType&quot;:false,&quot;description&quot;:&quot;testDescription1689194442302&quot;,&quot;detailPage&quot;:null,&quot;expireDateVar&quot;:null,&quot;fixed&quot;:false,&quot;folder&quot;:&quot;SYSTEM_FOLDER&quot;,&quot;folderPath&quot;:&quot;/&quot;,&quot;host&quot;:&quot;ae3fc3ef27e270196122b41dfe955226&quot;,&quot;iDate&quot;:1689194442302,&quot;icon&quot;:&quot;event_note&quot;,&quot;id&quot;:&quot;6236ff68190f056ff667998d8659b300&quot;,&quot;modDate&quot;:1689194442000,&quot;multilingualable&quot;:false,&quot;name&quot;:&quot;testName1689194442302&quot;,&quot;testName1689194441778&quot;]}&#10; expected:&lt;...SimpleContentType&quot;,&quot;[name&quot;:&quot;testName1689194442302&quot;,&quot;id&quot;:&quot;6236ff68190f056ff667998d8659b300&quot;,&quot;description&quot;:&quot;testDescription1689194442302&quot;,&quot;defaultType&quot;:false,&quot;detailPage&quot;:null,&quot;fixed&quot;:false,&quot;iDate&quot;:1689194442302,&quot;system&quot;:false,&quot;versionable&quot;:true,&quot;multilingualable&quot;:false,&quot;variable&quot;:&quot;testVarname1689194442302&quot;,&quot;urlMapPattern&quot;:null,&quot;publishDateVar&quot;:null,&quot;expireDateVar&quot;:null,&quot;systemActionMappings&quot;:[]]}&gt; but was:&lt;...SimpleContentType&quot;,&quot;[defaultType&quot;:false,&quot;description&quot;:&quot;testDescription1689194442302&quot;,&quot;detailPage&quot;:null,&quot;expireDateVar&quot;:null,&quot;fixed&quot;:false,&quot;folder&quot;:&quot;SYSTEM_FOLDER&quot;,&quot;folderPath&quot;:&quot;/&quot;,&quot;host&quot;:&quot;ae3fc3ef27e270196122b41dfe955226&quot;,&quot;iDate&quot;:1689194442302,&quot;icon&quot;:&quot;event_note&quot;,&quot;id&quot;:&quot;6236ff68190f056ff667998d8659b300&quot;,&quot;modDate&quot;:1689194442000,&quot;multilingualable&quot;:false,&quot;name&quot;:&quot;testName1689194442302&quot;,&quot;testName1689194441778&quot;]]}&gt;" type="org.junit.ComparisonFailure">org.junit.ComparisonFailure: Fail for ImmutableSimpleContentType:
Asset -&gt; SimpleContentType{name=testName1689194442302, id=6236ff68190f056ff667998d8659b300, description=testDescription1689194442302, defaultType=false, fixed=false, iDate=Wed Jul 12 20:40:42 UTC 2023, system=false, versionable=true, multilingualable=false, variable=testVarname1689194442302, owner=system, modDate=Wed Jul 12 20:40:42 UTC 2023, host=ae3fc3ef27e270196122b41dfe955226, siteName=test1689194440742.dotcms.com, icon=event_note, sortOrder=0, folder=SYSTEM_FOLDER, folderPath=/, requiredFields=[], markedForDeletion=false} 
difference -&gt; defaultType&quot;:false,&quot;description&quot;:&quot;testDescription1689194442302&quot;,&quot;detailPage&quot;:null,&quot;expireDateVar&quot;:null,&quot;fixed&quot;:false,&quot;folder&quot;:&quot;SYSTEM_FOLDER&quot;,&quot;folderPath&quot;:&quot;/&quot;,&quot;host&quot;:&quot;ae3fc3ef27e270196122b41dfe955226&quot;,&quot;iDate&quot;:1689194442302,&quot;icon&quot;:&quot;event_note&quot;,&quot;id&quot;:&quot;6236ff68190f056ff667998d8659b300&quot;,&quot;modDate&quot;:1689194442000,&quot;multilingualable&quot;:false,&quot;name&quot;:&quot;testName1689194442302&quot;,&quot;testName1689194441778&quot;]}
expected -&gt; {&quot;contentType&quot;:{&quot;clazz&quot;:&quot;com.dotcms.contenttype.model.type.ImmutableSimpleContentType&quot;,&quot;name&quot;:&quot;testName1689194442302&quot;,&quot;id&quot;:&quot;6236ff68190f056ff667998d8659b300&quot;,&quot;description&quot;:&quot;testDescription1689194442302&quot;,&quot;defaultType&quot;:false,&quot;detailPage&quot;:null,&quot;fixed&quot;:false,&quot;iDate&quot;:1689194442302,&quot;system&quot;:false,&quot;versionable&quot;:true,&quot;multilingualable&quot;:false,&quot;variable&quot;:&quot;testVarname1689194442302&quot;,&quot;urlMapPattern&quot;:null,&quot;publishDateVar&quot;:null,&quot;expireDateVar&quot;:null,&quot;systemActionMappings&quot;:[]}
real -&gt; {&quot;contentType&quot;:{&quot;clazz&quot;:&quot;com.dotcms.contenttype.model.type.ImmutableSimpleContentType&quot;,&quot;defaultType&quot;:false,&quot;description&quot;:&quot;testDescription1689194442302&quot;,&quot;detailPage&quot;:null,&quot;expireDateVar&quot;:null,&quot;fixed&quot;:false,&quot;folder&quot;:&quot;SYSTEM_FOLDER&quot;,&quot;folderPath&quot;:&quot;/&quot;,&quot;host&quot;:&quot;ae3fc3ef27e270196122b41dfe955226&quot;,&quot;iDate&quot;:1689194442302,&quot;icon&quot;:&quot;event_note&quot;,&quot;id&quot;:&quot;6236ff68190f056ff667998d8659b300&quot;,&quot;modDate&quot;:1689194442000,&quot;multilingualable&quot;:false,&quot;name&quot;:&quot;testName1689194442302&quot;,&quot;testName1689194441778&quot;]}
 expected:&lt;...SimpleContentType&quot;,&quot;[name&quot;:&quot;testName1689194442302&quot;,&quot;id&quot;:&quot;6236ff68190f056ff667998d8659b300&quot;,&quot;description&quot;:&quot;testDescription1689194442302&quot;,&quot;defaultType&quot;:false,&quot;detailPage&quot;:null,&quot;fixed&quot;:false,&quot;iDate&quot;:1689194442302,&quot;system&quot;:false,&quot;versionable&quot;:true,&quot;multilingualable&quot;:false,&quot;variable&quot;:&quot;testVarname1689194442302&quot;,&quot;urlMapPattern&quot;:null,&quot;publishDateVar&quot;:null,&quot;expireDateVar&quot;:null,&quot;systemActionMappings&quot;:[]]}&gt; but was:&lt;...SimpleContentType&quot;,&quot;[defaultType&quot;:false,&quot;description&quot;:&quot;testDescription1689194442302&quot;,&quot;detailPage&quot;:null,&quot;expireDateVar&quot;:null,&quot;fixed&quot;:false,&quot;folder&quot;:&quot;SYSTEM_FOLDER&quot;,&quot;folderPath&quot;:&quot;/&quot;,&quot;host&quot;:&quot;ae3fc3ef27e270196122b41dfe955226&quot;,&quot;iDate&quot;:1689194442302,&quot;icon&quot;:&quot;event_note&quot;,&quot;id&quot;:&quot;6236ff68190f056ff667998d8659b300&quot;,&quot;modDate&quot;:1689194442000,&quot;multilingualable&quot;:false,&quot;name&quot;:&quot;testName1689194442302&quot;,&quot;testName1689194441778&quot;]]}&gt;
	at org.junit.Assert.assertEquals(Assert.java:117)
	at com.dotcms.test.util.FileTestUtil.assertBundleFile(FileTestUtil.java:265)
	at com.dotcms.test.util.FileTestUtil.assertBundleFile(FileTestUtil.java:196)
	at com.dotcms.enterprise.publishing.remote.bundler.ContentTypeBundlerTest.addContentTypeInBundle(ContentTypeBundlerTest.java:132)
	at java.base/jdk.internal.reflect.NativeMethodAccessorImpl.invoke0(Native Method)
	at java.base/jdk.internal.reflect.NativeMethodAccessorImpl.invoke(NativeMethodAccessorImpl.java:62)
	at java.base/jdk.internal.reflect.DelegatingMethodAccessorImpl.invoke(DelegatingMethodAccessorImpl.java:43)
	at java.base/java.lang.reflect.Method.invoke(Method.java:566)
	at org.junit.runners.model.FrameworkMethod$1.runReflectiveCall(FrameworkMethod.java:59)
	at org.junit.internal.runners.model.ReflectiveCallable.run(ReflectiveCallable.java:12)
	at org.junit.runners.model.FrameworkMethod.invokeExplosively(FrameworkMethod.java:56)
	at com.tngtech.java.junit.dataprovider.DataProviderFrameworkMethod.invokeExplosively(DataProviderFrameworkMethod.java:119)
	at org.junit.internal.runners.statements.InvokeMethod.evaluate(InvokeMethod.java:17)
	at org.junit.runners.ParentRunner$3.evaluate(ParentRunner.java:306)
	at org.junit.rules.TestWatcher$1.evaluate(TestWatcher.java:61)
	at org.junit.rules.RunRules.evaluate(RunRules.java:20)
	at org.junit.runners.ParentRunner.runLeaf(ParentRunner.java:366)
	at com.dotcms.junit.CustomDataProviderRunner.runChild(CustomDataProviderRunner.java:41)
	at com.dotcms.junit.CustomDataProviderRunner.runChild(CustomDataProviderRunner.java:26)
	at org.junit.runners.ParentRunner$4.run(ParentRunner.java:331)
	at org.junit.runners.ParentRunner$1.schedule(ParentRunner.java:79)
	at org.junit.runners.ParentRunner.runChildren(ParentRunner.java:329)
	at org.junit.runners.ParentRunner.access$100(ParentRunner.java:66)
	at org.junit.runners.ParentRunner$2.evaluate(ParentRunner.java:293)
	at org.junit.runners.ParentRunner$3.evaluate(ParentRunner.java:306)
	at org.junit.runners.ParentRunner.run(ParentRunner.java:413)
	at com.dotcms.junit.MainBaseSuite$DotRunner.run(MainBaseSuite.java:71)
	at org.junit.runners.Suite.runChild(Suite.java:128)
	at org.junit.runners.Suite.runChild(Suite.java:27)
	at org.junit.runners.ParentRunner$4.run(ParentRunner.java:331)
	at org.junit.runners.ParentRunner$1.schedule(ParentRunner.java:79)
	at org.junit.runners.ParentRunner.runChildren(ParentRunner.java:329)
	at org.junit.runners.ParentRunner.access$100(ParentRunner.java:66)
	at org.junit.runners.ParentRunner$2.evaluate(ParentRunner.java:293)
	at org.junit.runners.ParentRunner$3.evaluate(ParentRunner.java:306)
	at org.junit.runners.ParentRunner.run(ParentRunner.java:413)
	at org.gradle.api.internal.tasks.testing.junit.JUnitTestClassExecutor.runTestClass(JUnitTestClassExecutor.java:110)
	at org.gradle.api.internal.tasks.testing.junit.JUnitTestClassExecutor.execute(JUnitTestClassExecutor.java:58)
	at org.gradle.api.internal.tasks.testing.junit.JUnitTestClassExecutor.execute(JUnitTestClassExecutor.java:38)
	at org.gradle.api.internal.tasks.testing.junit.AbstractJUnitTestClassProcessor.processTestClass(AbstractJUnitTestClassProcessor.java:62)
	at org.gradle.api.internal.tasks.testing.SuiteTestClassProcessor.processTestClass(SuiteTestClassProcessor.java:51)
	at java.base/jdk.internal.reflect.NativeMethodAccessorImpl.invoke0(Native Method)
	at java.base/jdk.internal.reflect.NativeMethodAccessorImpl.invoke(NativeMethodAccessorImpl.java:62)
	at java.base/jdk.internal.reflect.DelegatingMethodAccessorImpl.invoke(DelegatingMethodAccessorImpl.java:43)
	at java.base/java.lang.reflect.Method.invoke(Method.java:566)
	at org.gradle.internal.dispatch.ReflectionDispatch.dispatch(ReflectionDispatch.java:36)
	at org.gradle.internal.dispatch.ReflectionDispatch.dispatch(ReflectionDispatch.java:24)
	at org.gradle.internal.dispatch.ContextClassLoaderDispatch.dispatch(ContextClassLoaderDispatch.java:33)
	at org.gradle.internal.dispatch.ProxyDispatchAdapter$DispatchingInvocationHandler.invoke(ProxyDispatchAdapter.java:94)
	at com.sun.proxy.$Proxy5.processTestClass(Unknown Source)
	at org.gradle.api.internal.tasks.testing.worker.TestWorker$2.run(TestWorker.java:176)
	at org.gradle.api.internal.tasks.testing.worker.TestWorker.executeAndMaintainThreadName(TestWorker.java:129)
	at org.gradle.api.internal.tasks.testing.worker.TestWorker.execute(TestWorker.java:100)
	at org.gradle.api.internal.tasks.testing.worker.TestWorker.execute(TestWorker.java:60)
	at org.gradle.process.internal.worker.child.ActionExecutionWorker.execute(ActionExecutionWorker.java:56)
	at org.gradle.process.internal.worker.child.SystemApplicationClassLoaderWorker.call(SystemApplicationClassLoaderWorker.java:133)
	at org.gradle.process.internal.worker.child.SystemApplicationClassLoaderWorker.call(SystemApplicationClassLoaderWorker.java:71)
	at worker.org.gradle.process.internal.worker.GradleWorkerMain.run(GradleWorkerMain.java:69)
	at worker.org.gradle.process.internal.worker.GradleWorkerMain.main(GradleWorkerMain.java:74)
</failure>
  </testcase>
  <system-out><![CDATA[]]></system-out>
  <system-err><![CDATA[]]></system-err>
</testsuite>
