<?xml version="1.0" encoding="UTF-8"?>
<testsuite name="com.dotcms.rest.elasticsearch.ESContentResourcePortletTest" tests="8" skipped="0" failures="0" errors="0" timestamp="2023-07-17T17:39:59" hostname="fv-az168-813" time="7.946">
  <properties/>
  <testcase name="test_search_includeGrandChildCategory_success" classname="com.dotcms.rest.elasticsearch.ESContentResourcePortletTest" time="1.393"/>
  <testcase name="testSearch[0: com.dotcms.rest.elasticsearch.ESContentResourcePortletTest$TestCase@54bc6914]" classname="com.dotcms.rest.elasticsearch.ESContentResourcePortletTest" time="0.944"/>
  <testcase name="testSearch[1: com.dotcms.rest.elasticsearch.ESContentResourcePortletTest$TestCase@52e18868]" classname="com.dotcms.rest.elasticsearch.ESContentResourcePortletTest" time="1.211"/>
  <testcase name="testSearch[2: com.dotcms.rest.elasticsearch.ESContentResourcePortletTest$TestCase@66dfde65]" classname="com.dotcms.rest.elasticsearch.ESContentResourcePortletTest" time="0.951"/>
  <testcase name="testSearch[3: com.dotcms.rest.elasticsearch.ESContentResourcePortletTest$TestCase@5197363c]" classname="com.dotcms.rest.elasticsearch.ESContentResourcePortletTest" time="1.2"/>
  <testcase name="testSearch[4: com.dotcms.rest.elasticsearch.ESContentResourcePortletTest$TestCase@665401d3]" classname="com.dotcms.rest.elasticsearch.ESContentResourcePortletTest" time="0.299"/>
  <testcase name="testSearch[5: com.dotcms.rest.elasticsearch.ESContentResourcePortletTest$TestCase@38a867b9]" classname="com.dotcms.rest.elasticsearch.ESContentResourcePortletTest" time="0.992"/>
  <testcase name="testSearch[6: com.dotcms.rest.elasticsearch.ESContentResourcePortletTest$TestCase@201cba3f]" classname="com.dotcms.rest.elasticsearch.ESContentResourcePortletTest" time="0.955"/>
  <system-out><![CDATA[]]></system-out>
  <system-err><![CDATA[]]></system-err>
</testsuite>
