<?xml version="1.0" encoding="UTF-8"?>
<testsuite name="com.dotmarketing.portlets.structure.model.ContentletRelationshipsTest" tests="7" skipped="0" failures="0" errors="0" timestamp="2023-07-14T20:30:08" hostname="fv-az1244-305" time="10.191">
  <properties/>
  <testcase name="testDoesAllowOnlyOne[0: com.dotmarketing.portlets.structure.model.ContentletRelationshipsTest$CardinalityTestCase@76f41141]" classname="com.dotmarketing.portlets.structure.model.ContentletRelationshipsTest" time="0.607"/>
  <testcase name="testDoesAllowOnlyOne[1: com.dotmarketing.portlets.structure.model.ContentletRelationshipsTest$CardinalityTestCase@10df83f8]" classname="com.dotmarketing.portlets.structure.model.ContentletRelationshipsTest" time="0.593"/>
  <testcase name="testDoesAllowOnlyOne[2: com.dotmarketing.portlets.structure.model.ContentletRelationshipsTest$CardinalityTestCase@3597dcdc]" classname="com.dotmarketing.portlets.structure.model.ContentletRelationshipsTest" time="0.585"/>
  <testcase name="testGetRelationshipRecords[0: com.dotmarketing.portlets.structure.model.ContentletRelationshipsTest$TestCase@9e8f563]" classname="com.dotmarketing.portlets.structure.model.ContentletRelationshipsTest" time="2.281"/>
  <testcase name="testGetRelationshipRecords[1: com.dotmarketing.portlets.structure.model.ContentletRelationshipsTest$TestCase@5f408306]" classname="com.dotmarketing.portlets.structure.model.ContentletRelationshipsTest" time="2.103"/>
  <testcase name="testGetRelationshipRecords[2: com.dotmarketing.portlets.structure.model.ContentletRelationshipsTest$TestCase@336c0b55]" classname="com.dotmarketing.portlets.structure.model.ContentletRelationshipsTest" time="2.032"/>
  <testcase name="testGetRelationshipRecords[3: com.dotmarketing.portlets.structure.model.ContentletRelationshipsTest$TestCase@389650d8]" classname="com.dotmarketing.portlets.structure.model.ContentletRelationshipsTest" time="1.989"/>
  <system-out><![CDATA[]]></system-out>
  <system-err><![CDATA[]]></system-err>
</testsuite>
