<?xml version="1.0" encoding="UTF-8"?>
<testsuite name="com.dotmarketing.servlets.ajax.AjaxDirectorServletIntegrationTest" tests="2" skipped="0" failures="0" errors="0" timestamp="2023-07-20T20:36:31" hostname="fv-az174-151" time="2.908">
  <properties/>
  <testcase name="testService[0: com.dotmarketing.servlets.ajax.AjaxDirectorServletTestCase@5beba252]" classname="com.dotmarketing.servlets.ajax.AjaxDirectorServletIntegrationTest" time="1.645"/>
  <testcase name="testService[1: com.dotmarketing.servlets.ajax.AjaxDirectorServletTestCase@2d8b5d74]" classname="com.dotmarketing.servlets.ajax.AjaxDirectorServletIntegrationTest" time="1.263"/>
  <system-out><![CDATA[]]></system-out>
  <system-err><![CDATA[]]></system-err>
</testsuite>
