<?xml version="1.0" encoding="UTF-8"?>
<testsuite name="com.dotcms.rest.api.v1.vtl.VTLResourceIntegrationTest" tests="6" skipped="0" failures="0" errors="0" timestamp="2023-06-26T15:55:43" hostname="fv-az955-152" time="12.016">
  <properties/>
  <testcase name="testGet[0: com.dotcms.rest.api.v1.vtl.VTLResourceTestCase@27524c03]" classname="com.dotcms.rest.api.v1.vtl.VTLResourceIntegrationTest" time="2.021"/>
  <testcase name="testGet[1: com.dotcms.rest.api.v1.vtl.VTLResourceTestCase@3d0cc845]" classname="com.dotcms.rest.api.v1.vtl.VTLResourceIntegrationTest" time="2.045"/>
  <testcase name="testGet[2: com.dotcms.rest.api.v1.vtl.VTLResourceTestCase@7d8d0184]" classname="com.dotcms.rest.api.v1.vtl.VTLResourceIntegrationTest" time="2.134"/>
  <testcase name="testGet[3: com.dotcms.rest.api.v1.vtl.VTLResourceTestCase@93f64a3]" classname="com.dotcms.rest.api.v1.vtl.VTLResourceIntegrationTest" time="1.796"/>
  <testcase name="testGet[4: com.dotcms.rest.api.v1.vtl.VTLResourceTestCase@3cb803d3]" classname="com.dotcms.rest.api.v1.vtl.VTLResourceIntegrationTest" time="2.027"/>
  <testcase name="testGet[5: com.dotcms.rest.api.v1.vtl.VTLResourceTestCase@67adbae1]" classname="com.dotcms.rest.api.v1.vtl.VTLResourceIntegrationTest" time="1.993"/>
  <system-out><![CDATA[]]></system-out>
  <system-err><![CDATA[]]></system-err>
</testsuite>
