<?xml version="1.0" encoding="UTF-8"?>
<testsuite name="com.dotcms.rendering.velocity.viewtools.content.ContentMapTest" tests="3" skipped="0" failures="0" errors="0" timestamp="2023-07-06T22:36:57" hostname="fv-az791-68" time="11.036">
  <properties/>
  <testcase name="testGet_Field_Variable" classname="com.dotcms.rendering.velocity.viewtools.content.ContentMapTest" time="0.656"/>
  <testcase name="testGetRelationshipFieldFromContentMapWithMultilingualRelatedContent" classname="com.dotcms.rendering.velocity.viewtools.content.ContentMapTest" time="6.13"/>
  <testcase name="testGet_showCategories_AsAnonUser" classname="com.dotcms.rendering.velocity.viewtools.content.ContentMapTest" time="4.25"/>
  <system-out><![CDATA[]]></system-out>
  <system-err><![CDATA[]]></system-err>
</testsuite>
