<?xml version="1.0" encoding="UTF-8"?>
<testsuite name="com.dotmarketing.portlets.rules.conditionlet.NumberOfTimesPreviouslyVisitedConditionletTest" tests="5" skipped="0" failures="0" errors="0" timestamp="2023-07-21T16:03:32" hostname="fv-az453-320" time="0.017">
  <properties/>
  <testcase name="testEvaluateLessOrEqualThan" classname="com.dotmarketing.portlets.rules.conditionlet.NumberOfTimesPreviouslyVisitedConditionletTest" time="0.005"/>
  <testcase name="testEvaluateEquals" classname="com.dotmarketing.portlets.rules.conditionlet.NumberOfTimesPreviouslyVisitedConditionletTest" time="0.001"/>
  <testcase name="testEvaluateLessThan" classname="com.dotmarketing.portlets.rules.conditionlet.NumberOfTimesPreviouslyVisitedConditionletTest" time="0.001"/>
  <testcase name="testEvaluateGreaterOrEqualThan" classname="com.dotmarketing.portlets.rules.conditionlet.NumberOfTimesPreviouslyVisitedConditionletTest" time="0.004"/>
  <testcase name="testEvaluateGreaterThan" classname="com.dotmarketing.portlets.rules.conditionlet.NumberOfTimesPreviouslyVisitedConditionletTest" time="0.004"/>
  <system-out><![CDATA[]]></system-out>
  <system-err><![CDATA[]]></system-err>
</testsuite>
