<?xml version="1.0" encoding="UTF-8"?>
<testsuite name="com.dotcms.enterprise.publishing.remote.bundler.ContentTypeBundlerTest" tests="5" skipped="0" failures="0" errors="0" timestamp="2023-06-30T16:11:36" hostname="fv-az409-496" time="0.029">
  <properties/>
  <testcase name="addContentTypeInBundle[0: com.dotcms.enterprise.publishing.remote.bundler.ContentTypeBundlerTest$TestCase@2489b2cd]" classname="com.dotcms.enterprise.publishing.remote.bundler.ContentTypeBundlerTest" time="0.007"/>
  <testcase name="addContentTypeInBundle[1: com.dotcms.enterprise.publishing.remote.bundler.ContentTypeBundlerTest$TestCase@3a872208]" classname="com.dotcms.enterprise.publishing.remote.bundler.ContentTypeBundlerTest" time="0.006"/>
  <testcase name="addContentTypeInBundle[2: com.dotcms.enterprise.publishing.remote.bundler.ContentTypeBundlerTest$TestCase@51cd0989]" classname="com.dotcms.enterprise.publishing.remote.bundler.ContentTypeBundlerTest" time="0.004"/>
  <testcase name="addContentTypeInBundle[3: com.dotcms.enterprise.publishing.remote.bundler.ContentTypeBundlerTest$TestCase@3f8822d5]" classname="com.dotcms.enterprise.publishing.remote.bundler.ContentTypeBundlerTest" time="0.006"/>
  <testcase name="addContentTypeInBundle[4: com.dotcms.enterprise.publishing.remote.bundler.ContentTypeBundlerTest$TestCase@567ee033]" classname="com.dotcms.enterprise.publishing.remote.bundler.ContentTypeBundlerTest" time="0.006"/>
  <system-out><![CDATA[]]></system-out>
  <system-err><![CDATA[]]></system-err>
</testsuite>
