<?xml version="1.0" encoding="UTF-8"?>
<testsuite name="com.dotcms.rest.api.v1.vtl.VTLResourceIntegrationTest" tests="6" skipped="0" failures="0" errors="0" timestamp="2023-06-30T17:59:22" hostname="fv-az210-575" time="11.089">
  <properties/>
  <testcase name="testGet[0: com.dotcms.rest.api.v1.vtl.VTLResourceTestCase@657b0dd9]" classname="com.dotcms.rest.api.v1.vtl.VTLResourceIntegrationTest" time="1.205"/>
  <testcase name="testGet[1: com.dotcms.rest.api.v1.vtl.VTLResourceTestCase@6d05484b]" classname="com.dotcms.rest.api.v1.vtl.VTLResourceIntegrationTest" time="1.948"/>
  <testcase name="testGet[2: com.dotcms.rest.api.v1.vtl.VTLResourceTestCase@3f2e81cd]" classname="com.dotcms.rest.api.v1.vtl.VTLResourceIntegrationTest" time="2.057"/>
  <testcase name="testGet[3: com.dotcms.rest.api.v1.vtl.VTLResourceTestCase@6bb2f643]" classname="com.dotcms.rest.api.v1.vtl.VTLResourceIntegrationTest" time="2.171"/>
  <testcase name="testGet[4: com.dotcms.rest.api.v1.vtl.VTLResourceTestCase@561a2b29]" classname="com.dotcms.rest.api.v1.vtl.VTLResourceIntegrationTest" time="1.75"/>
  <testcase name="testGet[5: com.dotcms.rest.api.v1.vtl.VTLResourceTestCase@119a66b1]" classname="com.dotcms.rest.api.v1.vtl.VTLResourceIntegrationTest" time="1.957"/>
  <system-out><![CDATA[]]></system-out>
  <system-err><![CDATA[]]></system-err>
</testsuite>
