<?xml version="1.0" encoding="UTF-8"?>
<testsuite name="com.dotcms.contenttype.test.DeleteFieldJobTest" tests="1" skipped="0" failures="0" errors="0" timestamp="2023-07-04T16:23:54" hostname="fv-az162-235" time="6.817">
  <properties/>
  <testcase name="testFieldDelete" classname="com.dotcms.contenttype.test.DeleteFieldJobTest" time="6.817"/>
  <system-out><![CDATA[]]></system-out>
  <system-err><![CDATA[]]></system-err>
</testsuite>
