<?xml version="1.0" encoding="UTF-8"?>
<testsuite name="com.dotmarketing.servlets.ajax.AjaxDirectorServletIntegrationTest" tests="2" skipped="0" failures="0" errors="0" timestamp="2023-06-30T21:20:57" hostname="fv-az389-28" time="0.766">
  <properties/>
  <testcase name="testService[0: com.dotmarketing.servlets.ajax.AjaxDirectorServletTestCase@58c051f8]" classname="com.dotmarketing.servlets.ajax.AjaxDirectorServletIntegrationTest" time="0.444"/>
  <testcase name="testService[1: com.dotmarketing.servlets.ajax.AjaxDirectorServletTestCase@6b5caa25]" classname="com.dotmarketing.servlets.ajax.AjaxDirectorServletIntegrationTest" time="0.321"/>
  <system-out><![CDATA[]]></system-out>
  <system-err><![CDATA[]]></system-err>
</testsuite>
