<?xml version="1.0" encoding="UTF-8"?>
<testsuite name="com.dotcms.rendering.velocity.viewtools.content.util.ContentUtilsTest" tests="89" skipped="0" failures="0" errors="0" timestamp="2023-07-03T21:07:41" hostname="fv-az351-989" time="405.091">
  <properties/>
  <testcase name="whenTheTimeMachineDateIsNullAndPublishDateInFutureShouldNotReturnAnything" classname="com.dotcms.rendering.velocity.viewtools.content.util.ContentUtilsTest" time="3.638"/>
  <testcase name="test_find_multilingual_contentlet_getContentletSuccessfully" classname="com.dotcms.rendering.velocity.viewtools.content.util.ContentUtilsTest" time="1.551"/>
  <testcase name="whenTheTimeMachineDateAndPublishDateAreTomorrowShouldReturnOneContent" classname="com.dotcms.rendering.velocity.viewtools.content.util.ContentUtilsTest" time="3.518"/>
  <testcase name="testPullRelated[0: com.dotcms.rendering.velocity.viewtools.content.util.ContentUtilsTest$TestCase@32ed6655]" classname="com.dotcms.rendering.velocity.viewtools.content.util.ContentUtilsTest" time="4.675"/>
  <testcase name="testPullRelated[1: com.dotcms.rendering.velocity.viewtools.content.util.ContentUtilsTest$TestCase@f12abb1]" classname="com.dotcms.rendering.velocity.viewtools.content.util.ContentUtilsTest" time="3.712"/>
  <testcase name="testPullRelated[2: com.dotcms.rendering.velocity.viewtools.content.util.ContentUtilsTest$TestCase@3607ebd3]" classname="com.dotcms.rendering.velocity.viewtools.content.util.ContentUtilsTest" time="4.397"/>
  <testcase name="testPullRelated[3: com.dotcms.rendering.velocity.viewtools.content.util.ContentUtilsTest$TestCase@5e7fd4fe]" classname="com.dotcms.rendering.velocity.viewtools.content.util.ContentUtilsTest" time="3.784"/>
  <testcase name="testPullRelated[4: com.dotcms.rendering.velocity.viewtools.content.util.ContentUtilsTest$TestCase@779deaa]" classname="com.dotcms.rendering.velocity.viewtools.content.util.ContentUtilsTest" time="3.244"/>
  <testcase name="testPullRelated[5: com.dotcms.rendering.velocity.viewtools.content.util.ContentUtilsTest$TestCase@1d2cb2d7]" classname="com.dotcms.rendering.velocity.viewtools.content.util.ContentUtilsTest" time="3.884"/>
  <testcase name="testPullRelated[6: com.dotcms.rendering.velocity.viewtools.content.util.ContentUtilsTest$TestCase@14fc9bd2]" classname="com.dotcms.rendering.velocity.viewtools.content.util.ContentUtilsTest" time="4.201"/>
  <testcase name="testPullRelated[7: com.dotcms.rendering.velocity.viewtools.content.util.ContentUtilsTest$TestCase@34047597]" classname="com.dotcms.rendering.velocity.viewtools.content.util.ContentUtilsTest" time="3.097"/>
  <testcase name="testPullRelated[8: com.dotcms.rendering.velocity.viewtools.content.util.ContentUtilsTest$TestCase@7d416133]" classname="com.dotcms.rendering.velocity.viewtools.content.util.ContentUtilsTest" time="3.858"/>
  <testcase name="testPullRelated[9: com.dotcms.rendering.velocity.viewtools.content.util.ContentUtilsTest$TestCase@583de46]" classname="com.dotcms.rendering.velocity.viewtools.content.util.ContentUtilsTest" time="4.14"/>
  <testcase name="testPullRelated[10: com.dotcms.rendering.velocity.viewtools.content.util.ContentUtilsTest$TestCase@75d1f72f]" classname="com.dotcms.rendering.velocity.viewtools.content.util.ContentUtilsTest" time="4.152"/>
  <testcase name="testPullRelated[11: com.dotcms.rendering.velocity.viewtools.content.util.ContentUtilsTest$TestCase@62ee9ccf]" classname="com.dotcms.rendering.velocity.viewtools.content.util.ContentUtilsTest" time="3.205"/>
  <testcase name="testPullRelated[12: com.dotcms.rendering.velocity.viewtools.content.util.ContentUtilsTest$TestCase@14d03158]" classname="com.dotcms.rendering.velocity.viewtools.content.util.ContentUtilsTest" time="3.81"/>
  <testcase name="testPullRelated[13: com.dotcms.rendering.velocity.viewtools.content.util.ContentUtilsTest$TestCase@fbabc6a]" classname="com.dotcms.rendering.velocity.viewtools.content.util.ContentUtilsTest" time="3.993"/>
  <testcase name="testPullRelated[14: com.dotcms.rendering.velocity.viewtools.content.util.ContentUtilsTest$TestCase@75284a3d]" classname="com.dotcms.rendering.velocity.viewtools.content.util.ContentUtilsTest" time="4.303"/>
  <testcase name="testPullRelated[15: com.dotcms.rendering.velocity.viewtools.content.util.ContentUtilsTest$TestCase@63b6a8b3]" classname="com.dotcms.rendering.velocity.viewtools.content.util.ContentUtilsTest" time="4.151"/>
  <testcase name="testPullRelated[16: com.dotcms.rendering.velocity.viewtools.content.util.ContentUtilsTest$TestCase@76f91f6c]" classname="com.dotcms.rendering.velocity.viewtools.content.util.ContentUtilsTest" time="3.889"/>
  <testcase name="testPullRelated[17: com.dotcms.rendering.velocity.viewtools.content.util.ContentUtilsTest$TestCase@2cfab435]" classname="com.dotcms.rendering.velocity.viewtools.content.util.ContentUtilsTest" time="4.112"/>
  <testcase name="testPullRelated[18: com.dotcms.rendering.velocity.viewtools.content.util.ContentUtilsTest$TestCase@1bb47a35]" classname="com.dotcms.rendering.velocity.viewtools.content.util.ContentUtilsTest" time="4.091"/>
  <testcase name="testPullRelated[19: com.dotcms.rendering.velocity.viewtools.content.util.ContentUtilsTest$TestCase@4d11aac0]" classname="com.dotcms.rendering.velocity.viewtools.content.util.ContentUtilsTest" time="4.205"/>
  <testcase name="testPullRelated[20: com.dotcms.rendering.velocity.viewtools.content.util.ContentUtilsTest$TestCase@732dce71]" classname="com.dotcms.rendering.velocity.viewtools.content.util.ContentUtilsTest" time="3.976"/>
  <testcase name="testPullRelated[21: com.dotcms.rendering.velocity.viewtools.content.util.ContentUtilsTest$TestCase@a0f973d]" classname="com.dotcms.rendering.velocity.viewtools.content.util.ContentUtilsTest" time="4.191"/>
  <testcase name="testPullRelated[22: com.dotcms.rendering.velocity.viewtools.content.util.ContentUtilsTest$TestCase@3252319b]" classname="com.dotcms.rendering.velocity.viewtools.content.util.ContentUtilsTest" time="4.126"/>
  <testcase name="testPullRelated[23: com.dotcms.rendering.velocity.viewtools.content.util.ContentUtilsTest$TestCase@7255cabb]" classname="com.dotcms.rendering.velocity.viewtools.content.util.ContentUtilsTest" time="3.997"/>
  <testcase name="testPullRelated[24: com.dotcms.rendering.velocity.viewtools.content.util.ContentUtilsTest$TestCase@6f96ccc6]" classname="com.dotcms.rendering.velocity.viewtools.content.util.ContentUtilsTest" time="4.183"/>
  <testcase name="testPullRelated[25: com.dotcms.rendering.velocity.viewtools.content.util.ContentUtilsTest$TestCase@19d60876]" classname="com.dotcms.rendering.velocity.viewtools.content.util.ContentUtilsTest" time="2.843"/>
  <testcase name="testPullRelated[26: com.dotcms.rendering.velocity.viewtools.content.util.ContentUtilsTest$TestCase@3a2b2c3e]" classname="com.dotcms.rendering.velocity.viewtools.content.util.ContentUtilsTest" time="4.274"/>
  <testcase name="testPullRelated[27: com.dotcms.rendering.velocity.viewtools.content.util.ContentUtilsTest$TestCase@667729d2]" classname="com.dotcms.rendering.velocity.viewtools.content.util.ContentUtilsTest" time="3.841"/>
  <testcase name="testPullRelated[28: com.dotcms.rendering.velocity.viewtools.content.util.ContentUtilsTest$TestCase@3f5e3926]" classname="com.dotcms.rendering.velocity.viewtools.content.util.ContentUtilsTest" time="4.357"/>
  <testcase name="testPullRelated[29: com.dotcms.rendering.velocity.viewtools.content.util.ContentUtilsTest$TestCase@16e21303]" classname="com.dotcms.rendering.velocity.viewtools.content.util.ContentUtilsTest" time="3.659"/>
  <testcase name="testPullRelated[30: com.dotcms.rendering.velocity.viewtools.content.util.ContentUtilsTest$TestCase@754b873d]" classname="com.dotcms.rendering.velocity.viewtools.content.util.ContentUtilsTest" time="4.59"/>
  <testcase name="testPullRelated[31: com.dotcms.rendering.velocity.viewtools.content.util.ContentUtilsTest$TestCase@2a2d19ff]" classname="com.dotcms.rendering.velocity.viewtools.content.util.ContentUtilsTest" time="3.672"/>
  <testcase name="testPullRelated[32: com.dotcms.rendering.velocity.viewtools.content.util.ContentUtilsTest$TestCase@64749295]" classname="com.dotcms.rendering.velocity.viewtools.content.util.ContentUtilsTest" time="4.131"/>
  <testcase name="testPullRelated[33: com.dotcms.rendering.velocity.viewtools.content.util.ContentUtilsTest$TestCase@6208ef13]" classname="com.dotcms.rendering.velocity.viewtools.content.util.ContentUtilsTest" time="4.106"/>
  <testcase name="testPullRelated[34: com.dotcms.rendering.velocity.viewtools.content.util.ContentUtilsTest$TestCase@4bd3fe00]" classname="com.dotcms.rendering.velocity.viewtools.content.util.ContentUtilsTest" time="3.162"/>
  <testcase name="testPullRelated[35: com.dotcms.rendering.velocity.viewtools.content.util.ContentUtilsTest$TestCase@9f3e464]" classname="com.dotcms.rendering.velocity.viewtools.content.util.ContentUtilsTest" time="4.283"/>
  <testcase name="testPullRelated[36: com.dotcms.rendering.velocity.viewtools.content.util.ContentUtilsTest$TestCase@49d33ff5]" classname="com.dotcms.rendering.velocity.viewtools.content.util.ContentUtilsTest" time="6.099"/>
  <testcase name="testPullRelated[37: com.dotcms.rendering.velocity.viewtools.content.util.ContentUtilsTest$TestCase@6c8621ab]" classname="com.dotcms.rendering.velocity.viewtools.content.util.ContentUtilsTest" time="6.03"/>
  <testcase name="testPullRelated[38: com.dotcms.rendering.velocity.viewtools.content.util.ContentUtilsTest$TestCase@38f1e1c5]" classname="com.dotcms.rendering.velocity.viewtools.content.util.ContentUtilsTest" time="5.739"/>
  <testcase name="testPullRelated[39: com.dotcms.rendering.velocity.viewtools.content.util.ContentUtilsTest$TestCase@2eb7e27b]" classname="com.dotcms.rendering.velocity.viewtools.content.util.ContentUtilsTest" time="5.459"/>
  <testcase name="testPullRelated[40: com.dotcms.rendering.velocity.viewtools.content.util.ContentUtilsTest$TestCase@7ecb5ccf]" classname="com.dotcms.rendering.velocity.viewtools.content.util.ContentUtilsTest" time="6.289"/>
  <testcase name="testPullRelated[41: com.dotcms.rendering.velocity.viewtools.content.util.ContentUtilsTest$TestCase@239da1c4]" classname="com.dotcms.rendering.velocity.viewtools.content.util.ContentUtilsTest" time="6.117"/>
  <testcase name="testPullRelated[42: com.dotcms.rendering.velocity.viewtools.content.util.ContentUtilsTest$TestCase@145583bb]" classname="com.dotcms.rendering.velocity.viewtools.content.util.ContentUtilsTest" time="6.441"/>
  <testcase name="testPullRelated[43: com.dotcms.rendering.velocity.viewtools.content.util.ContentUtilsTest$TestCase@5600f70]" classname="com.dotcms.rendering.velocity.viewtools.content.util.ContentUtilsTest" time="6.998"/>
  <testcase name="testPullRelated[44: com.dotcms.rendering.velocity.viewtools.content.util.ContentUtilsTest$TestCase@21690637]" classname="com.dotcms.rendering.velocity.viewtools.content.util.ContentUtilsTest" time="6.035"/>
  <testcase name="testPullRelated[45: com.dotcms.rendering.velocity.viewtools.content.util.ContentUtilsTest$TestCase@6fb4105f]" classname="com.dotcms.rendering.velocity.viewtools.content.util.ContentUtilsTest" time="5.79"/>
  <testcase name="testPullRelated[46: com.dotcms.rendering.velocity.viewtools.content.util.ContentUtilsTest$TestCase@57c40e49]" classname="com.dotcms.rendering.velocity.viewtools.content.util.ContentUtilsTest" time="5.616"/>
  <testcase name="testPullRelated[47: com.dotcms.rendering.velocity.viewtools.content.util.ContentUtilsTest$TestCase@52da904e]" classname="com.dotcms.rendering.velocity.viewtools.content.util.ContentUtilsTest" time="7.052"/>
  <testcase name="testPullRelated[48: com.dotcms.rendering.velocity.viewtools.content.util.ContentUtilsTest$TestCase@3beb7c9c]" classname="com.dotcms.rendering.velocity.viewtools.content.util.ContentUtilsTest" time="5.883"/>
  <testcase name="testPullRelated[49: com.dotcms.rendering.velocity.viewtools.content.util.ContentUtilsTest$TestCase@7412a556]" classname="com.dotcms.rendering.velocity.viewtools.content.util.ContentUtilsTest" time="6.2"/>
  <testcase name="testPullRelated[50: com.dotcms.rendering.velocity.viewtools.content.util.ContentUtilsTest$TestCase@3d34bdb]" classname="com.dotcms.rendering.velocity.viewtools.content.util.ContentUtilsTest" time="5.225"/>
  <testcase name="testPullRelated[51: com.dotcms.rendering.velocity.viewtools.content.util.ContentUtilsTest$TestCase@50de30f]" classname="com.dotcms.rendering.velocity.viewtools.content.util.ContentUtilsTest" time="6.252"/>
  <testcase name="testPullRelated[52: com.dotcms.rendering.velocity.viewtools.content.util.ContentUtilsTest$TestCase@656270ae]" classname="com.dotcms.rendering.velocity.viewtools.content.util.ContentUtilsTest" time="5.76"/>
  <testcase name="testPullRelated[53: com.dotcms.rendering.velocity.viewtools.content.util.ContentUtilsTest$TestCase@43b5141]" classname="com.dotcms.rendering.velocity.viewtools.content.util.ContentUtilsTest" time="5.251"/>
  <testcase name="testPullRelated[54: com.dotcms.rendering.velocity.viewtools.content.util.ContentUtilsTest$TestCase@1daf4f8e]" classname="com.dotcms.rendering.velocity.viewtools.content.util.ContentUtilsTest" time="5.192"/>
  <testcase name="testPullRelated[55: com.dotcms.rendering.velocity.viewtools.content.util.ContentUtilsTest$TestCase@77d0c2af]" classname="com.dotcms.rendering.velocity.viewtools.content.util.ContentUtilsTest" time="4.971"/>
  <testcase name="testPullRelated[56: com.dotcms.rendering.velocity.viewtools.content.util.ContentUtilsTest$TestCase@1412bfb]" classname="com.dotcms.rendering.velocity.viewtools.content.util.ContentUtilsTest" time="6.475"/>
  <testcase name="testPullRelated[57: com.dotcms.rendering.velocity.viewtools.content.util.ContentUtilsTest$TestCase@5f2ec3cb]" classname="com.dotcms.rendering.velocity.viewtools.content.util.ContentUtilsTest" time="5.854"/>
  <testcase name="testPullRelated[58: com.dotcms.rendering.velocity.viewtools.content.util.ContentUtilsTest$TestCase@389a349f]" classname="com.dotcms.rendering.velocity.viewtools.content.util.ContentUtilsTest" time="6.438"/>
  <testcase name="testPullRelated[59: com.dotcms.rendering.velocity.viewtools.content.util.ContentUtilsTest$TestCase@49ae5c99]" classname="com.dotcms.rendering.velocity.viewtools.content.util.ContentUtilsTest" time="5.976"/>
  <testcase name="testPullRelated[60: com.dotcms.rendering.velocity.viewtools.content.util.ContentUtilsTest$TestCase@41b8b8a4]" classname="com.dotcms.rendering.velocity.viewtools.content.util.ContentUtilsTest" time="5.288"/>
  <testcase name="testPullRelated[61: com.dotcms.rendering.velocity.viewtools.content.util.ContentUtilsTest$TestCase@68211bc3]" classname="com.dotcms.rendering.velocity.viewtools.content.util.ContentUtilsTest" time="6.103"/>
  <testcase name="testPullRelated[62: com.dotcms.rendering.velocity.viewtools.content.util.ContentUtilsTest$TestCase@176f494]" classname="com.dotcms.rendering.velocity.viewtools.content.util.ContentUtilsTest" time="5.97"/>
  <testcase name="testPullRelated[63: com.dotcms.rendering.velocity.viewtools.content.util.ContentUtilsTest$TestCase@3a073ab7]" classname="com.dotcms.rendering.velocity.viewtools.content.util.ContentUtilsTest" time="5.157"/>
  <testcase name="testPullRelated[64: com.dotcms.rendering.velocity.viewtools.content.util.ContentUtilsTest$TestCase@3efec8cb]" classname="com.dotcms.rendering.velocity.viewtools.content.util.ContentUtilsTest" time="5.902"/>
  <testcase name="testPullRelated[65: com.dotcms.rendering.velocity.viewtools.content.util.ContentUtilsTest$TestCase@5ee133d4]" classname="com.dotcms.rendering.velocity.viewtools.content.util.ContentUtilsTest" time="5.27"/>
  <testcase name="testPullRelated[66: com.dotcms.rendering.velocity.viewtools.content.util.ContentUtilsTest$TestCase@6805aec8]" classname="com.dotcms.rendering.velocity.viewtools.content.util.ContentUtilsTest" time="6.161"/>
  <testcase name="testPullRelated[67: com.dotcms.rendering.velocity.viewtools.content.util.ContentUtilsTest$TestCase@6b54e3fd]" classname="com.dotcms.rendering.velocity.viewtools.content.util.ContentUtilsTest" time="6.288"/>
  <testcase name="testPullRelated[68: com.dotcms.rendering.velocity.viewtools.content.util.ContentUtilsTest$TestCase@2324c6cc]" classname="com.dotcms.rendering.velocity.viewtools.content.util.ContentUtilsTest" time="4.771"/>
  <testcase name="testPullRelated[69: com.dotcms.rendering.velocity.viewtools.content.util.ContentUtilsTest$TestCase@748c3eef]" classname="com.dotcms.rendering.velocity.viewtools.content.util.ContentUtilsTest" time="6.305"/>
  <testcase name="testPullRelated[70: com.dotcms.rendering.velocity.viewtools.content.util.ContentUtilsTest$TestCase@313aad58]" classname="com.dotcms.rendering.velocity.viewtools.content.util.ContentUtilsTest" time="5.495"/>
  <testcase name="testPullRelated[71: com.dotcms.rendering.velocity.viewtools.content.util.ContentUtilsTest$TestCase@7dbdfb89]" classname="com.dotcms.rendering.velocity.viewtools.content.util.ContentUtilsTest" time="5.042"/>
  <testcase name="whenPublishAndExpireDatesAreInTheFutureAndTimeMachineIsAfterBoth" classname="com.dotcms.rendering.velocity.viewtools.content.util.ContentUtilsTest" time="3.619"/>
  <testcase name="testPullRelatedForLegacyRelationship[0: com.dotcms.rendering.velocity.viewtools.content.util.ContentUtilsTest$LegacyTestCase@782a4054]" classname="com.dotcms.rendering.velocity.viewtools.content.util.ContentUtilsTest" time="4.114"/>
  <testcase name="testPullRelatedForLegacyRelationship[1: com.dotcms.rendering.velocity.viewtools.content.util.ContentUtilsTest$LegacyTestCase@6d4462f8]" classname="com.dotcms.rendering.velocity.viewtools.content.util.ContentUtilsTest" time="3.949"/>
  <testcase name="whenTheTimeMachineDateIsAfterTomorrowAndExpireDateIsTomorrowShouldNotReturnContent" classname="com.dotcms.rendering.velocity.viewtools.content.util.ContentUtilsTest" time="3.554"/>
  <testcase name="testPullLiveRelatedWhenLatestVersionIsWorking" classname="com.dotcms.rendering.velocity.viewtools.content.util.ContentUtilsTest" time="4.428"/>
  <testcase name="test_add_relationships_on_parent_children_related_contents" classname="com.dotcms.rendering.velocity.viewtools.content.util.ContentUtilsTest" time="1.692"/>
  <testcase name="testSortPullRelated[0: com.dotcms.rendering.velocity.viewtools.content.util.ContentUtilsTest$SortTestCase@9704265]" classname="com.dotcms.rendering.velocity.viewtools.content.util.ContentUtilsTest" time="2.028"/>
  <testcase name="testSortPullRelated[1: com.dotcms.rendering.velocity.viewtools.content.util.ContentUtilsTest$SortTestCase@1b838171]" classname="com.dotcms.rendering.velocity.viewtools.content.util.ContentUtilsTest" time="3.151"/>
  <testcase name="testSortPullRelated[2: com.dotcms.rendering.velocity.viewtools.content.util.ContentUtilsTest$SortTestCase@31014ab5]" classname="com.dotcms.rendering.velocity.viewtools.content.util.ContentUtilsTest" time="2.457"/>
  <testcase name="testSortPullRelated[3: com.dotcms.rendering.velocity.viewtools.content.util.ContentUtilsTest$SortTestCase@7f9cadcf]" classname="com.dotcms.rendering.velocity.viewtools.content.util.ContentUtilsTest" time="2.569"/>
  <testcase name="testSortPullRelated[4: com.dotcms.rendering.velocity.viewtools.content.util.ContentUtilsTest$SortTestCase@74f4ab33]" classname="com.dotcms.rendering.velocity.viewtools.content.util.ContentUtilsTest" time="2.507"/>
  <testcase name="testSortPullRelated[5: com.dotcms.rendering.velocity.viewtools.content.util.ContentUtilsTest$SortTestCase@737b24d5]" classname="com.dotcms.rendering.velocity.viewtools.content.util.ContentUtilsTest" time="3.42"/>
  <testcase name="whenTheTimeMachineDateIsAfterTomorrowAndExpireDateIsInFutureShouldReturnContent" classname="com.dotcms.rendering.velocity.viewtools.content.util.ContentUtilsTest" time="3.81"/>
  <testcase name="testPullRelatedFieldShouldRespectDefaultOrder" classname="com.dotcms.rendering.velocity.viewtools.content.util.ContentUtilsTest" time="1.894"/>
  <system-out><![CDATA[]]></system-out>
  <system-err><![CDATA[]]></system-err>
</testsuite>
