<?xml version="1.0" encoding="UTF-8"?>
<testsuite name="com.dotmarketing.portlets.structure.model.ContentletRelationshipsTest" tests="7" skipped="0" failures="0" errors="0" timestamp="2023-07-15T00:19:41" hostname="fv-az1107-746" time="8.607">
  <properties/>
  <testcase name="testDoesAllowOnlyOne[0: com.dotmarketing.portlets.structure.model.ContentletRelationshipsTest$CardinalityTestCase@482f3349]" classname="com.dotmarketing.portlets.structure.model.ContentletRelationshipsTest" time="0.521"/>
  <testcase name="testDoesAllowOnlyOne[1: com.dotmarketing.portlets.structure.model.ContentletRelationshipsTest$CardinalityTestCase@1b938c35]" classname="com.dotmarketing.portlets.structure.model.ContentletRelationshipsTest" time="0.408"/>
  <testcase name="testDoesAllowOnlyOne[2: com.dotmarketing.portlets.structure.model.ContentletRelationshipsTest$CardinalityTestCase@6ec13240]" classname="com.dotmarketing.portlets.structure.model.ContentletRelationshipsTest" time="0.442"/>
  <testcase name="testGetRelationshipRecords[0: com.dotmarketing.portlets.structure.model.ContentletRelationshipsTest$TestCase@53739571]" classname="com.dotmarketing.portlets.structure.model.ContentletRelationshipsTest" time="1.89"/>
  <testcase name="testGetRelationshipRecords[1: com.dotmarketing.portlets.structure.model.ContentletRelationshipsTest$TestCase@6277512d]" classname="com.dotmarketing.portlets.structure.model.ContentletRelationshipsTest" time="1.853"/>
  <testcase name="testGetRelationshipRecords[2: com.dotmarketing.portlets.structure.model.ContentletRelationshipsTest$TestCase@65829b72]" classname="com.dotmarketing.portlets.structure.model.ContentletRelationshipsTest" time="1.812"/>
  <testcase name="testGetRelationshipRecords[3: com.dotmarketing.portlets.structure.model.ContentletRelationshipsTest$TestCase@2b6e6b0]" classname="com.dotmarketing.portlets.structure.model.ContentletRelationshipsTest" time="1.68"/>
  <system-out><![CDATA[]]></system-out>
  <system-err><![CDATA[]]></system-err>
</testsuite>
