<?xml version="1.0" encoding="UTF-8"?>
<testsuite name="com.dotcms.experiments.business.IndexRegexUrlPatterStrategyIntegrationTest" tests="5" skipped="0" failures="0" errors="0" timestamp="2023-07-21T23:56:22" hostname="fv-az398-443" time="8.951">
  <properties/>
  <testcase name="httpsRealRootIndexPageNotLocalhost" classname="com.dotcms.experiments.business.IndexRegexUrlPatterStrategyIntegrationTest" time="0.889"/>
  <testcase name="notIndexPage" classname="com.dotcms.experiments.business.IndexRegexUrlPatterStrategyIntegrationTest" time="1.935"/>
  <testcase name="realIndexPage" classname="com.dotcms.experiments.business.IndexRegexUrlPatterStrategyIntegrationTest" time="2.203"/>
  <testcase name="httpsRealRootIndexPage" classname="com.dotcms.experiments.business.IndexRegexUrlPatterStrategyIntegrationTest" time="1.827"/>
  <testcase name="realIndexPageNotLocalhost" classname="com.dotcms.experiments.business.IndexRegexUrlPatterStrategyIntegrationTest" time="2.097"/>
  <system-out><![CDATA[]]></system-out>
  <system-err><![CDATA[]]></system-err>
</testsuite>
