<?xml version="1.0" encoding="UTF-8"?>
<testsuite name="com.dotcms.security.apps.SecretsStoreKeyStoreImplTest" tests="11" skipped="0" failures="0" errors="0" timestamp="2023-07-17T16:54:33" hostname="fv-az257-583" time="0.322">
  <properties/>
  <testcase name="Test_Encryption" classname="com.dotcms.security.apps.SecretsStoreKeyStoreImplTest" time="0.019"/>
  <testcase name="Test_Empty_Value" classname="com.dotcms.security.apps.SecretsStoreKeyStoreImplTest" time="0.009"/>
  <testcase name="Test_Storing_A_Long_Key_Name" classname="com.dotcms.security.apps.SecretsStoreKeyStoreImplTest" time="0.046"/>
  <testcase name="Test_404_Cache" classname="com.dotcms.security.apps.SecretsStoreKeyStoreImplTest" time="0.026"/>
  <testcase name="Test_Storing_A_Value_Key_Name_Override" classname="com.dotcms.security.apps.SecretsStoreKeyStoreImplTest" time="0.042"/>
  <testcase name="Test_Storing_a_Value" classname="com.dotcms.security.apps.SecretsStoreKeyStoreImplTest" time="0.022"/>
  <testcase name="Test_Secrets_Singleton" classname="com.dotcms.security.apps.SecretsStoreKeyStoreImplTest" time="0.0"/>
  <testcase name="Test_Recovery_On_Load_Failure" classname="com.dotcms.security.apps.SecretsStoreKeyStoreImplTest" time="0.038"/>
  <testcase name="Test_Storing_A_Long_Value" classname="com.dotcms.security.apps.SecretsStoreKeyStoreImplTest" time="0.026"/>
  <testcase name="Test_Value_List" classname="com.dotcms.security.apps.SecretsStoreKeyStoreImplTest" time="0.059"/>
  <testcase name="Test_Deleting_A_Value" classname="com.dotcms.security.apps.SecretsStoreKeyStoreImplTest" time="0.033"/>
  <system-out><![CDATA[]]></system-out>
  <system-err><![CDATA[]]></system-err>
</testsuite>
