<?xml version="1.0" encoding="UTF-8"?>
<testsuite name="com.dotcms.contenttype.test.ContentResourceTest" tests="52" skipped="0" failures="0" errors="0" timestamp="2023-07-13T17:47:42" hostname="fv-az590-649" time="165.186">
  <properties/>
  <testcase name="testGetContentShouldReturnIconDetails" classname="com.dotcms.contenttype.test.ContentResourceTest" time="1.848"/>
  <testcase name="Test_Save_Action_Set_Words_To_Required_NumericField_Issue_15340" classname="com.dotcms.contenttype.test.ContentResourceTest" time="1.002"/>
  <testcase name="test_getContent_includeGrandChildCategory_success" classname="com.dotcms.contenttype.test.ContentResourceTest" time="1.584"/>
  <testcase name="testGetContentWithRelatedParameter[0: com.dotcms.contenttype.test.ContentResourceTest$PullRelatedTestCase@27e719ff]" classname="com.dotcms.contenttype.test.ContentResourceTest" time="4.518"/>
  <testcase name="testGetContentWithRelatedParameter[1: com.dotcms.contenttype.test.ContentResourceTest$PullRelatedTestCase@3863e459]" classname="com.dotcms.contenttype.test.ContentResourceTest" time="4.598"/>
  <testcase name="testGetContentWithRelatedParameter[2: com.dotcms.contenttype.test.ContentResourceTest$PullRelatedTestCase@6be1dc4]" classname="com.dotcms.contenttype.test.ContentResourceTest" time="4.633"/>
  <testcase name="testGetContentWithRelatedParameter[3: com.dotcms.contenttype.test.ContentResourceTest$PullRelatedTestCase@3ea3b333]" classname="com.dotcms.contenttype.test.ContentResourceTest" time="4.319"/>
  <testcase name="testGetContentWithRelatedParameter[4: com.dotcms.contenttype.test.ContentResourceTest$PullRelatedTestCase@21147df9]" classname="com.dotcms.contenttype.test.ContentResourceTest" time="4.366"/>
  <testcase name="test_getContent_SelfRelatedWith3LevelsOfDepth_shouldReturnRelationships" classname="com.dotcms.contenttype.test.ContentResourceTest" time="1.732"/>
  <testcase name="Test_Save_Action_Send_Fields_SubSet_Issue_15340" classname="com.dotcms.contenttype.test.ContentResourceTest" time="3.208"/>
  <testcase name="test_getContent_shouldReturnRelationships[0: com.dotcms.contenttype.test.ContentResourceTest$TestCase@67204ae]" classname="com.dotcms.contenttype.test.ContentResourceTest" time="3.416"/>
  <testcase name="test_getContent_shouldReturnRelationships[1: com.dotcms.contenttype.test.ContentResourceTest$TestCase@70547999]" classname="com.dotcms.contenttype.test.ContentResourceTest" time="3.526"/>
  <testcase name="test_getContent_shouldReturnRelationships[2: com.dotcms.contenttype.test.ContentResourceTest$TestCase@534d768b]" classname="com.dotcms.contenttype.test.ContentResourceTest" time="3.737"/>
  <testcase name="test_getContent_shouldReturnRelationships[3: com.dotcms.contenttype.test.ContentResourceTest$TestCase@51b422ae]" classname="com.dotcms.contenttype.test.ContentResourceTest" time="2.718"/>
  <testcase name="test_getContent_shouldReturnRelationships[4: com.dotcms.contenttype.test.ContentResourceTest$TestCase@47f51b42]" classname="com.dotcms.contenttype.test.ContentResourceTest" time="3.435"/>
  <testcase name="test_getContent_shouldReturnRelationships[5: com.dotcms.contenttype.test.ContentResourceTest$TestCase@143e2a94]" classname="com.dotcms.contenttype.test.ContentResourceTest" time="3.452"/>
  <testcase name="test_getContent_shouldReturnRelationships[6: com.dotcms.contenttype.test.ContentResourceTest$TestCase@2c7fefb6]" classname="com.dotcms.contenttype.test.ContentResourceTest" time="3.554"/>
  <testcase name="test_getContent_shouldReturnRelationships[7: com.dotcms.contenttype.test.ContentResourceTest$TestCase@5cae19c5]" classname="com.dotcms.contenttype.test.ContentResourceTest" time="2.448"/>
  <testcase name="test_getContent_shouldReturnRelationships[8: com.dotcms.contenttype.test.ContentResourceTest$TestCase@33ee3619]" classname="com.dotcms.contenttype.test.ContentResourceTest" time="2.597"/>
  <testcase name="test_getContent_shouldReturnRelationships[9: com.dotcms.contenttype.test.ContentResourceTest$TestCase@56e1d07a]" classname="com.dotcms.contenttype.test.ContentResourceTest" time="3.538"/>
  <testcase name="test_getContent_shouldReturnRelationships[10: com.dotcms.contenttype.test.ContentResourceTest$TestCase@530874f]" classname="com.dotcms.contenttype.test.ContentResourceTest" time="3.398"/>
  <testcase name="test_getContent_shouldReturnRelationships[11: com.dotcms.contenttype.test.ContentResourceTest$TestCase@297cc61d]" classname="com.dotcms.contenttype.test.ContentResourceTest" time="3.255"/>
  <testcase name="test_getContent_shouldReturnRelationships[12: com.dotcms.contenttype.test.ContentResourceTest$TestCase@6b6073d5]" classname="com.dotcms.contenttype.test.ContentResourceTest" time="3.247"/>
  <testcase name="test_getContent_shouldReturnRelationships[13: com.dotcms.contenttype.test.ContentResourceTest$TestCase@335a0cc3]" classname="com.dotcms.contenttype.test.ContentResourceTest" time="3.198"/>
  <testcase name="test_getContent_shouldReturnRelationships[14: com.dotcms.contenttype.test.ContentResourceTest$TestCase@3251ef18]" classname="com.dotcms.contenttype.test.ContentResourceTest" time="3.127"/>
  <testcase name="test_getContent_shouldReturnRelationships[15: com.dotcms.contenttype.test.ContentResourceTest$TestCase@7d529b61]" classname="com.dotcms.contenttype.test.ContentResourceTest" time="4.456"/>
  <testcase name="test_getContent_shouldReturnRelationships[16: com.dotcms.contenttype.test.ContentResourceTest$TestCase@1544a1c5]" classname="com.dotcms.contenttype.test.ContentResourceTest" time="4.549"/>
  <testcase name="test_getContent_shouldReturnRelationships[17: com.dotcms.contenttype.test.ContentResourceTest$TestCase@761b8bba]" classname="com.dotcms.contenttype.test.ContentResourceTest" time="3.705"/>
  <testcase name="test_getContent_shouldReturnRelationships[18: com.dotcms.contenttype.test.ContentResourceTest$TestCase@4b0f834e]" classname="com.dotcms.contenttype.test.ContentResourceTest" time="2.567"/>
  <testcase name="test_getContent_shouldReturnRelationships[19: com.dotcms.contenttype.test.ContentResourceTest$TestCase@22ef90dd]" classname="com.dotcms.contenttype.test.ContentResourceTest" time="3.804"/>
  <testcase name="test_getContent_shouldReturnRelationships[20: com.dotcms.contenttype.test.ContentResourceTest$TestCase@129557cc]" classname="com.dotcms.contenttype.test.ContentResourceTest" time="3.017"/>
  <testcase name="test_getContent_shouldReturnRelationships[21: com.dotcms.contenttype.test.ContentResourceTest$TestCase@3879487f]" classname="com.dotcms.contenttype.test.ContentResourceTest" time="3.82"/>
  <testcase name="test_getContent_shouldReturnRelationships[22: com.dotcms.contenttype.test.ContentResourceTest$TestCase@f5bb9cd]" classname="com.dotcms.contenttype.test.ContentResourceTest" time="3.322"/>
  <testcase name="test_getContent_shouldReturnRelationships[23: com.dotcms.contenttype.test.ContentResourceTest$TestCase@516cb983]" classname="com.dotcms.contenttype.test.ContentResourceTest" time="3.618"/>
  <testcase name="test_getContent_shouldReturnRelationships[24: com.dotcms.contenttype.test.ContentResourceTest$TestCase@69ffbf55]" classname="com.dotcms.contenttype.test.ContentResourceTest" time="3.552"/>
  <testcase name="test_getContent_shouldReturnRelationships[25: com.dotcms.contenttype.test.ContentResourceTest$TestCase@1bb738a5]" classname="com.dotcms.contenttype.test.ContentResourceTest" time="2.758"/>
  <testcase name="test_getContent_shouldReturnRelationships[26: com.dotcms.contenttype.test.ContentResourceTest$TestCase@49707fcf]" classname="com.dotcms.contenttype.test.ContentResourceTest" time="3.845"/>
  <testcase name="test_getContent_shouldReturnRelationships[27: com.dotcms.contenttype.test.ContentResourceTest$TestCase@7d6477c3]" classname="com.dotcms.contenttype.test.ContentResourceTest" time="3.685"/>
  <testcase name="test_getContent_shouldReturnRelationships[28: com.dotcms.contenttype.test.ContentResourceTest$TestCase@69f57a2d]" classname="com.dotcms.contenttype.test.ContentResourceTest" time="3.625"/>
  <testcase name="test_getContent_shouldReturnRelationships[29: com.dotcms.contenttype.test.ContentResourceTest$TestCase@4b2515a6]" classname="com.dotcms.contenttype.test.ContentResourceTest" time="2.472"/>
  <testcase name="test_getContent_shouldReturnRelationships[30: com.dotcms.contenttype.test.ContentResourceTest$TestCase@161850a]" classname="com.dotcms.contenttype.test.ContentResourceTest" time="2.676"/>
  <testcase name="test_getContent_shouldReturnRelationships[31: com.dotcms.contenttype.test.ContentResourceTest$TestCase@5f65308a]" classname="com.dotcms.contenttype.test.ContentResourceTest" time="3.718"/>
  <testcase name="test_getContent_shouldReturnRelationships[32: com.dotcms.contenttype.test.ContentResourceTest$TestCase@1d831d59]" classname="com.dotcms.contenttype.test.ContentResourceTest" time="4.67"/>
  <testcase name="test_getContent_shouldReturnRelationships[33: com.dotcms.contenttype.test.ContentResourceTest$TestCase@7ee8b36a]" classname="com.dotcms.contenttype.test.ContentResourceTest" time="4.81"/>
  <testcase name="testSinglePOST_InvalidParamsShouldReturn400[0: ({\n    &quot;stInode&quot; : &quot;InvalidValue&quot;,\n    &quot;numeric&quot; : &quot;0&quot;,\n    &quot;image&quot; : &quot;whatever&quot;\n}, Bad Request)]" classname="com.dotcms.contenttype.test.ContentResourceTest" time="1.042"/>
  <testcase name="testSinglePOST_InvalidParamsShouldReturn400[1: ({\n    &quot;numeric&quot; : &quot;0&quot;,\n    &quot;image&quot; : &quot;whatever&quot;\n}, Bad Request)]" classname="com.dotcms.contenttype.test.ContentResourceTest" time="1.011"/>
  <testcase name="Test_Save_Action_Set_Null_To_Required_NumericField_Issue_15340" classname="com.dotcms.contenttype.test.ContentResourceTest" time="1.107"/>
  <testcase name="Test_Save_Action_Remove_Image_Then_Verify_Fields_Were_Cleared_Issue_15340" classname="com.dotcms.contenttype.test.ContentResourceTest" time="4.182"/>
  <testcase name="test_getContentWithMultipleSelfRelated_shouldReturnRelationships[0: com.dotcms.contenttype.test.ContentResourceTest$PullSelfRelatedTestCase@5bbaff7]" classname="com.dotcms.contenttype.test.ContentResourceTest" time="2.058"/>
  <testcase name="test_getContentWithMultipleSelfRelated_shouldReturnRelationships[1: com.dotcms.contenttype.test.ContentResourceTest$PullSelfRelatedTestCase@d713cc]" classname="com.dotcms.contenttype.test.ContentResourceTest" time="2.033"/>
  <testcase name="testGetContentWithAllCategoriesInfo[0: json]" classname="com.dotcms.contenttype.test.ContentResourceTest" time="2.857"/>
  <testcase name="testGetContentWithAllCategoriesInfo[1: xml]" classname="com.dotcms.contenttype.test.ContentResourceTest" time="1.768"/>
  <system-out><![CDATA[











]]></system-out>
  <system-err><![CDATA[]]></system-err>
</testsuite>
