<?xml version="1.0" encoding="UTF-8"?>
<testsuite name="com.dotmarketing.servlets.ajax.AjaxDirectorServletIntegrationTest" tests="2" skipped="0" failures="0" errors="0" timestamp="2023-07-07T19:54:18" hostname="fv-az622-57" time="3.031">
  <properties/>
  <testcase name="testService[0: com.dotmarketing.servlets.ajax.AjaxDirectorServletTestCase@30a5920]" classname="com.dotmarketing.servlets.ajax.AjaxDirectorServletIntegrationTest" time="0.793"/>
  <testcase name="testService[1: com.dotmarketing.servlets.ajax.AjaxDirectorServletTestCase@780c231d]" classname="com.dotmarketing.servlets.ajax.AjaxDirectorServletIntegrationTest" time="2.237"/>
  <system-out><![CDATA[]]></system-out>
  <system-err><![CDATA[]]></system-err>
</testsuite>
