<?xml version="1.0" encoding="UTF-8"?>
<testsuite name="com.dotcms.experiments.business.ExperimentAPIImpIntegrationTest" tests="47" skipped="0" failures="16" errors="0" timestamp="2023-07-05T16:09:17" hostname="fv-az313-710" time="90.024">
  <properties/>
  <testcase name="pageReachDirectRefererMultiDays" classname="com.dotcms.experiments.business.ExperimentAPIImpIntegrationTest" time="2.125">
    <failure message="java.lang.AssertionError: New Request:Cube JS Query is not right, &#10;Expected: {&quot;filters&quot;:[{&quot;values&quot;:[&quot;pageview&quot;],&quot;member&quot;:&quot;Events.eventType&quot;,&quot;operator&quot;:&quot;equals&quot;},{&quot;values&quot;:[&quot;19b65941-3c3d-4ad7-9871-4ab3b1277270&quot;],&quot;member&quot;:&quot;Events.experiment&quot;,&quot;operator&quot;:&quot;equals&quot;}],&quot;dimensions&quot;:[&quot;Events.referer&quot;,&quot;Events.experiment&quot;,&quot;Events.variant&quot;,&quot;Events.utcTime&quot;,&quot;Events.url&quot;,&quot;Events.lookBackWindow&quot;,&quot;Events.eventType&quot;,&quot;Events.runningId&quot;],&quot;order&quot;:{&quot;Events.lookBackWindow&quot;:&quot;asc&quot;,&quot;Events.utcTime&quot;:&quot;asc&quot;}} &#10;Current {&quot;filters&quot;:[{&quot;values&quot;:[&quot;pageview&quot;],&quot;member&quot;:&quot;Events.eventType&quot;,&quot;operator&quot;:&quot;equals&quot;},{&quot;values&quot;:[&quot;19b65941-3c3d-4ad7-9871-4ab3b1277270&quot;],&quot;member&quot;:&quot;Events.experiment&quot;,&quot;operator&quot;:&quot;equals&quot;},{&quot;values&quot;:[&quot;eb359b14-887b-4c19-b310-835d38b81eee&quot;],&quot;member&quot;:&quot;Events.runningId&quot;,&quot;operator&quot;:&quot;equals&quot;}],&quot;dimensions&quot;:[&quot;Events.referer&quot;,&quot;Events.experiment&quot;,&quot;Events.variant&quot;,&quot;Events.utcTime&quot;,&quot;Events.url&quot;,&quot;Events.lookBackWindow&quot;,&quot;Events.eventType&quot;,&quot;Events.runningId&quot;],&quot;order&quot;:{&quot;Events.lookBackWindow&quot;:&quot;asc&quot;,&quot;Events.utcTime&quot;:&quot;asc&quot;}}&#10;Cube JS Query is not right, &#10;Expected: {&quot;measures&quot;: [&quot;Events.count&quot;],&quot;dimensions&quot;: [&quot;Events.variant&quot;],  &quot;filters&quot;: [    {      &quot;member&quot;: &quot;Events.eventType&quot;,      &quot;operator&quot;: &quot;equals&quot;,      &quot;values&quot;: [        &quot;pageview&quot;      ]    },    {      &quot;member&quot;: &quot;Events.variant&quot;,      &quot;operator&quot;: &quot;equals&quot;,      &quot;values&quot;: [&quot;DEFAULT&quot;,&quot;dotexperiment-19b659413c-variant-1&quot;]    },    {      &quot;member&quot;: &quot;Events.experiment&quot;,      &quot;operator&quot;: &quot;equals&quot;,      &quot;values&quot;: [&quot;19b65941-3c3d-4ad7-9871-4ab3b1277270&quot;]    }  ]} &#10;Current {&quot;filters&quot;:[{&quot;values&quot;:[&quot;pageview&quot;],&quot;member&quot;:&quot;Events.eventType&quot;,&quot;operator&quot;:&quot;equals&quot;},{&quot;values&quot;:[&quot;19b65941-3c3d-4ad7-9871-4ab3b1277270&quot;],&quot;member&quot;:&quot;Events.experiment&quot;,&quot;operator&quot;:&quot;equals&quot;},{&quot;values&quot;:[&quot;eb359b14-887b-4c19-b310-835d38b81eee&quot;],&quot;member&quot;:&quot;Events.runningId&quot;,&quot;operator&quot;:&quot;equals&quot;}],&quot;dimensions&quot;:[&quot;Events.referer&quot;,&quot;Events.experiment&quot;,&quot;Events.variant&quot;,&quot;Events.utcTime&quot;,&quot;Events.url&quot;,&quot;Events.lookBackWindow&quot;,&quot;Events.eventType&quot;,&quot;Events.runningId&quot;],&quot;order&quot;:{&quot;Events.lookBackWindow&quot;:&quot;asc&quot;,&quot;Events.utcTime&quot;:&quot;asc&quot;}}&#10;Cube JS Query is not right, &#10;Expected: {&quot;filters&quot;:[{&quot;values&quot;:[&quot;pageview&quot;],&quot;member&quot;:&quot;Events.eventType&quot;,&quot;operator&quot;:&quot;equals&quot;},{&quot;values&quot;:[&quot;19b65941-3c3d-4ad7-9871-4ab3b1277270&quot;],&quot;member&quot;:&quot;Events.experiment&quot;,&quot;operator&quot;:&quot;equals&quot;},{&quot;values&quot;:[&quot;eb359b14-887b-4c19-b310-835d38b81eee&quot;],&quot;member&quot;:&quot;Events.runningId&quot;,&quot;operator&quot;:&quot;equals&quot;}],&quot;measures&quot;:[&quot;Events.count&quot;],&quot;order&quot;:{&quot;Events.lookBackWindow&quot;:&quot;asc&quot;,&quot;Events.utcTime&quot;:&quot;asc&quot;}} &#10;Current {&quot;filters&quot;:[{&quot;values&quot;:[&quot;pageview&quot;],&quot;member&quot;:&quot;Events.eventType&quot;,&quot;operator&quot;:&quot;equals&quot;},{&quot;values&quot;:[&quot;19b65941-3c3d-4ad7-9871-4ab3b1277270&quot;],&quot;member&quot;:&quot;Events.experiment&quot;,&quot;operator&quot;:&quot;equals&quot;},{&quot;values&quot;:[&quot;eb359b14-887b-4c19-b310-835d38b81eee&quot;],&quot;member&quot;:&quot;Events.runningId&quot;,&quot;operator&quot;:&quot;equals&quot;}],&quot;dimensions&quot;:[&quot;Events.referer&quot;,&quot;Events.experiment&quot;,&quot;Events.variant&quot;,&quot;Events.utcTime&quot;,&quot;Events.url&quot;,&quot;Events.lookBackWindow&quot;,&quot;Events.eventType&quot;,&quot;Events.runningId&quot;],&quot;order&quot;:{&quot;Events.lookBackWindow&quot;:&quot;asc&quot;,&quot;Events.utcTime&quot;:&quot;asc&quot;}}" type="java.lang.AssertionError">java.lang.AssertionError: New Request:Cube JS Query is not right, 
Expected: {&quot;filters&quot;:[{&quot;values&quot;:[&quot;pageview&quot;],&quot;member&quot;:&quot;Events.eventType&quot;,&quot;operator&quot;:&quot;equals&quot;},{&quot;values&quot;:[&quot;19b65941-3c3d-4ad7-9871-4ab3b1277270&quot;],&quot;member&quot;:&quot;Events.experiment&quot;,&quot;operator&quot;:&quot;equals&quot;}],&quot;dimensions&quot;:[&quot;Events.referer&quot;,&quot;Events.experiment&quot;,&quot;Events.variant&quot;,&quot;Events.utcTime&quot;,&quot;Events.url&quot;,&quot;Events.lookBackWindow&quot;,&quot;Events.eventType&quot;,&quot;Events.runningId&quot;],&quot;order&quot;:{&quot;Events.lookBackWindow&quot;:&quot;asc&quot;,&quot;Events.utcTime&quot;:&quot;asc&quot;}} 
Current {&quot;filters&quot;:[{&quot;values&quot;:[&quot;pageview&quot;],&quot;member&quot;:&quot;Events.eventType&quot;,&quot;operator&quot;:&quot;equals&quot;},{&quot;values&quot;:[&quot;19b65941-3c3d-4ad7-9871-4ab3b1277270&quot;],&quot;member&quot;:&quot;Events.experiment&quot;,&quot;operator&quot;:&quot;equals&quot;},{&quot;values&quot;:[&quot;eb359b14-887b-4c19-b310-835d38b81eee&quot;],&quot;member&quot;:&quot;Events.runningId&quot;,&quot;operator&quot;:&quot;equals&quot;}],&quot;dimensions&quot;:[&quot;Events.referer&quot;,&quot;Events.experiment&quot;,&quot;Events.variant&quot;,&quot;Events.utcTime&quot;,&quot;Events.url&quot;,&quot;Events.lookBackWindow&quot;,&quot;Events.eventType&quot;,&quot;Events.runningId&quot;],&quot;order&quot;:{&quot;Events.lookBackWindow&quot;:&quot;asc&quot;,&quot;Events.utcTime&quot;:&quot;asc&quot;}}
Cube JS Query is not right, 
Expected: {&quot;measures&quot;: [&quot;Events.count&quot;],&quot;dimensions&quot;: [&quot;Events.variant&quot;],  &quot;filters&quot;: [    {      &quot;member&quot;: &quot;Events.eventType&quot;,      &quot;operator&quot;: &quot;equals&quot;,      &quot;values&quot;: [        &quot;pageview&quot;      ]    },    {      &quot;member&quot;: &quot;Events.variant&quot;,      &quot;operator&quot;: &quot;equals&quot;,      &quot;values&quot;: [&quot;DEFAULT&quot;,&quot;dotexperiment-19b659413c-variant-1&quot;]    },    {      &quot;member&quot;: &quot;Events.experiment&quot;,      &quot;operator&quot;: &quot;equals&quot;,      &quot;values&quot;: [&quot;19b65941-3c3d-4ad7-9871-4ab3b1277270&quot;]    }  ]} 
Current {&quot;filters&quot;:[{&quot;values&quot;:[&quot;pageview&quot;],&quot;member&quot;:&quot;Events.eventType&quot;,&quot;operator&quot;:&quot;equals&quot;},{&quot;values&quot;:[&quot;19b65941-3c3d-4ad7-9871-4ab3b1277270&quot;],&quot;member&quot;:&quot;Events.experiment&quot;,&quot;operator&quot;:&quot;equals&quot;},{&quot;values&quot;:[&quot;eb359b14-887b-4c19-b310-835d38b81eee&quot;],&quot;member&quot;:&quot;Events.runningId&quot;,&quot;operator&quot;:&quot;equals&quot;}],&quot;dimensions&quot;:[&quot;Events.referer&quot;,&quot;Events.experiment&quot;,&quot;Events.variant&quot;,&quot;Events.utcTime&quot;,&quot;Events.url&quot;,&quot;Events.lookBackWindow&quot;,&quot;Events.eventType&quot;,&quot;Events.runningId&quot;],&quot;order&quot;:{&quot;Events.lookBackWindow&quot;:&quot;asc&quot;,&quot;Events.utcTime&quot;:&quot;asc&quot;}}
Cube JS Query is not right, 
Expected: {&quot;filters&quot;:[{&quot;values&quot;:[&quot;pageview&quot;],&quot;member&quot;:&quot;Events.eventType&quot;,&quot;operator&quot;:&quot;equals&quot;},{&quot;values&quot;:[&quot;19b65941-3c3d-4ad7-9871-4ab3b1277270&quot;],&quot;member&quot;:&quot;Events.experiment&quot;,&quot;operator&quot;:&quot;equals&quot;},{&quot;values&quot;:[&quot;eb359b14-887b-4c19-b310-835d38b81eee&quot;],&quot;member&quot;:&quot;Events.runningId&quot;,&quot;operator&quot;:&quot;equals&quot;}],&quot;measures&quot;:[&quot;Events.count&quot;],&quot;order&quot;:{&quot;Events.lookBackWindow&quot;:&quot;asc&quot;,&quot;Events.utcTime&quot;:&quot;asc&quot;}} 
Current {&quot;filters&quot;:[{&quot;values&quot;:[&quot;pageview&quot;],&quot;member&quot;:&quot;Events.eventType&quot;,&quot;operator&quot;:&quot;equals&quot;},{&quot;values&quot;:[&quot;19b65941-3c3d-4ad7-9871-4ab3b1277270&quot;],&quot;member&quot;:&quot;Events.experiment&quot;,&quot;operator&quot;:&quot;equals&quot;},{&quot;values&quot;:[&quot;eb359b14-887b-4c19-b310-835d38b81eee&quot;],&quot;member&quot;:&quot;Events.runningId&quot;,&quot;operator&quot;:&quot;equals&quot;}],&quot;dimensions&quot;:[&quot;Events.referer&quot;,&quot;Events.experiment&quot;,&quot;Events.variant&quot;,&quot;Events.utcTime&quot;,&quot;Events.url&quot;,&quot;Events.lookBackWindow&quot;,&quot;Events.eventType&quot;,&quot;Events.runningId&quot;],&quot;order&quot;:{&quot;Events.lookBackWindow&quot;:&quot;asc&quot;,&quot;Events.utcTime&quot;:&quot;asc&quot;}}
	at com.dotcms.http.server.mock.MockHttpServer.validate(MockHttpServer.java:168)
	at com.dotcms.experiments.business.ExperimentAPIImpIntegrationTest.pageReachDirectRefererMultiDays(ExperimentAPIImpIntegrationTest.java:2265)
	at java.base/jdk.internal.reflect.NativeMethodAccessorImpl.invoke0(Native Method)
	at java.base/jdk.internal.reflect.NativeMethodAccessorImpl.invoke(NativeMethodAccessorImpl.java:62)
	at java.base/jdk.internal.reflect.DelegatingMethodAccessorImpl.invoke(DelegatingMethodAccessorImpl.java:43)
	at java.base/java.lang.reflect.Method.invoke(Method.java:566)
	at org.junit.runners.model.FrameworkMethod$1.runReflectiveCall(FrameworkMethod.java:59)
	at org.junit.internal.runners.model.ReflectiveCallable.run(ReflectiveCallable.java:12)
	at org.junit.runners.model.FrameworkMethod.invokeExplosively(FrameworkMethod.java:56)
	at org.junit.internal.runners.statements.InvokeMethod.evaluate(InvokeMethod.java:17)
	at org.junit.internal.runners.statements.RunBefores.evaluate(RunBefores.java:26)
	at org.junit.internal.runners.statements.RunAfters.evaluate(RunAfters.java:27)
	at org.junit.rules.TestWatcher$1.evaluate(TestWatcher.java:61)
	at org.junit.runners.ParentRunner$3.evaluate(ParentRunner.java:306)
	at org.junit.rules.TestWatcher$1.evaluate(TestWatcher.java:61)
	at org.junit.rules.RunRules.evaluate(RunRules.java:20)
	at org.junit.runners.ParentRunner.runLeaf(ParentRunner.java:366)
	at com.dotcms.junit.CustomDataProviderRunner.runChild(CustomDataProviderRunner.java:41)
	at com.dotcms.junit.CustomDataProviderRunner.runChild(CustomDataProviderRunner.java:26)
	at org.junit.runners.ParentRunner$4.run(ParentRunner.java:331)
	at org.junit.runners.ParentRunner$1.schedule(ParentRunner.java:79)
	at org.junit.runners.ParentRunner.runChildren(ParentRunner.java:329)
	at org.junit.runners.ParentRunner.access$100(ParentRunner.java:66)
	at org.junit.runners.ParentRunner$2.evaluate(ParentRunner.java:293)
	at org.junit.internal.runners.statements.RunBefores.evaluate(RunBefores.java:26)
	at org.junit.runners.ParentRunner$3.evaluate(ParentRunner.java:306)
	at org.junit.runners.ParentRunner.run(ParentRunner.java:413)
	at com.dotcms.junit.MainBaseSuite$DotRunner.run(MainBaseSuite.java:71)
	at org.junit.runners.Suite.runChild(Suite.java:128)
	at org.junit.runners.Suite.runChild(Suite.java:27)
	at org.junit.runners.ParentRunner$4.run(ParentRunner.java:331)
	at org.junit.runners.ParentRunner$1.schedule(ParentRunner.java:79)
	at org.junit.runners.ParentRunner.runChildren(ParentRunner.java:329)
	at org.junit.runners.ParentRunner.access$100(ParentRunner.java:66)
	at org.junit.runners.ParentRunner$2.evaluate(ParentRunner.java:293)
	at org.junit.runners.ParentRunner$3.evaluate(ParentRunner.java:306)
	at org.junit.runners.ParentRunner.run(ParentRunner.java:413)
	at org.gradle.api.internal.tasks.testing.junit.JUnitTestClassExecutor.runTestClass(JUnitTestClassExecutor.java:110)
	at org.gradle.api.internal.tasks.testing.junit.JUnitTestClassExecutor.execute(JUnitTestClassExecutor.java:58)
	at org.gradle.api.internal.tasks.testing.junit.JUnitTestClassExecutor.execute(JUnitTestClassExecutor.java:38)
	at org.gradle.api.internal.tasks.testing.junit.AbstractJUnitTestClassProcessor.processTestClass(AbstractJUnitTestClassProcessor.java:62)
	at org.gradle.api.internal.tasks.testing.SuiteTestClassProcessor.processTestClass(SuiteTestClassProcessor.java:51)
	at java.base/jdk.internal.reflect.NativeMethodAccessorImpl.invoke0(Native Method)
	at java.base/jdk.internal.reflect.NativeMethodAccessorImpl.invoke(NativeMethodAccessorImpl.java:62)
	at java.base/jdk.internal.reflect.DelegatingMethodAccessorImpl.invoke(DelegatingMethodAccessorImpl.java:43)
	at java.base/java.lang.reflect.Method.invoke(Method.java:566)
	at org.gradle.internal.dispatch.ReflectionDispatch.dispatch(ReflectionDispatch.java:36)
	at org.gradle.internal.dispatch.ReflectionDispatch.dispatch(ReflectionDispatch.java:24)
	at org.gradle.internal.dispatch.ContextClassLoaderDispatch.dispatch(ContextClassLoaderDispatch.java:33)
	at org.gradle.internal.dispatch.ProxyDispatchAdapter$DispatchingInvocationHandler.invoke(ProxyDispatchAdapter.java:94)
	at com.sun.proxy.$Proxy5.processTestClass(Unknown Source)
	at org.gradle.api.internal.tasks.testing.worker.TestWorker$2.run(TestWorker.java:176)
	at org.gradle.api.internal.tasks.testing.worker.TestWorker.executeAndMaintainThreadName(TestWorker.java:129)
	at org.gradle.api.internal.tasks.testing.worker.TestWorker.execute(TestWorker.java:100)
	at org.gradle.api.internal.tasks.testing.worker.TestWorker.execute(TestWorker.java:60)
	at org.gradle.process.internal.worker.child.ActionExecutionWorker.execute(ActionExecutionWorker.java:56)
	at org.gradle.process.internal.worker.child.SystemApplicationClassLoaderWorker.call(SystemApplicationClassLoaderWorker.java:133)
	at org.gradle.process.internal.worker.child.SystemApplicationClassLoaderWorker.call(SystemApplicationClassLoaderWorker.java:71)
	at worker.org.gradle.process.internal.worker.GradleWorkerMain.run(GradleWorkerMain.java:69)
	at worker.org.gradle.process.internal.worker.GradleWorkerMain.main(GradleWorkerMain.java:74)
</failure>
  </testcase>
  <testcase name="test_calcBayesian_BOverA_BounceRate" classname="com.dotcms.experiments.business.ExperimentAPIImpIntegrationTest" time="1.117"/>
  <testcase name="pageReachAfterExperimentPageButNotDirectReferer" classname="com.dotcms.experiments.business.ExperimentAPIImpIntegrationTest" time="3.012">
    <failure message="java.lang.AssertionError: New Request:Cube JS Query is not right, &#10;Expected: {&quot;filters&quot;:[{&quot;values&quot;:[&quot;pageview&quot;],&quot;member&quot;:&quot;Events.eventType&quot;,&quot;operator&quot;:&quot;equals&quot;},{&quot;values&quot;:[&quot;56728e0f-e780-4be8-b69d-521c0bc444b8&quot;],&quot;member&quot;:&quot;Events.experiment&quot;,&quot;operator&quot;:&quot;equals&quot;}],&quot;dimensions&quot;:[&quot;Events.referer&quot;,&quot;Events.experiment&quot;,&quot;Events.variant&quot;,&quot;Events.utcTime&quot;,&quot;Events.url&quot;,&quot;Events.lookBackWindow&quot;,&quot;Events.eventType&quot;,&quot;Events.runningId&quot;],&quot;order&quot;:{&quot;Events.lookBackWindow&quot;:&quot;asc&quot;,&quot;Events.utcTime&quot;:&quot;asc&quot;}} &#10;Current {&quot;filters&quot;:[{&quot;values&quot;:[&quot;pageview&quot;],&quot;member&quot;:&quot;Events.eventType&quot;,&quot;operator&quot;:&quot;equals&quot;},{&quot;values&quot;:[&quot;56728e0f-e780-4be8-b69d-521c0bc444b8&quot;],&quot;member&quot;:&quot;Events.experiment&quot;,&quot;operator&quot;:&quot;equals&quot;},{&quot;values&quot;:[&quot;e1632db4-e0b1-4d60-85b9-f2ca7cb9dc5f&quot;],&quot;member&quot;:&quot;Events.runningId&quot;,&quot;operator&quot;:&quot;equals&quot;}],&quot;dimensions&quot;:[&quot;Events.referer&quot;,&quot;Events.experiment&quot;,&quot;Events.variant&quot;,&quot;Events.utcTime&quot;,&quot;Events.url&quot;,&quot;Events.lookBackWindow&quot;,&quot;Events.eventType&quot;,&quot;Events.runningId&quot;],&quot;order&quot;:{&quot;Events.lookBackWindow&quot;:&quot;asc&quot;,&quot;Events.utcTime&quot;:&quot;asc&quot;}}&#10;Cube JS Query is not right, &#10;Expected: {&quot;measures&quot;: [&quot;Events.count&quot;],&quot;dimensions&quot;: [&quot;Events.variant&quot;],  &quot;filters&quot;: [    {      &quot;member&quot;: &quot;Events.eventType&quot;,      &quot;operator&quot;: &quot;equals&quot;,      &quot;values&quot;: [        &quot;pageview&quot;      ]    },    {      &quot;member&quot;: &quot;Events.variant&quot;,      &quot;operator&quot;: &quot;equals&quot;,      &quot;values&quot;: [&quot;DEFAULT&quot;,&quot;dotexperiment-56728e0fe7-variant-1&quot;]    },    {      &quot;member&quot;: &quot;Events.experiment&quot;,      &quot;operator&quot;: &quot;equals&quot;,      &quot;values&quot;: [&quot;56728e0f-e780-4be8-b69d-521c0bc444b8&quot;]    }  ]} &#10;Current {&quot;filters&quot;:[{&quot;values&quot;:[&quot;pageview&quot;],&quot;member&quot;:&quot;Events.eventType&quot;,&quot;operator&quot;:&quot;equals&quot;},{&quot;values&quot;:[&quot;56728e0f-e780-4be8-b69d-521c0bc444b8&quot;],&quot;member&quot;:&quot;Events.experiment&quot;,&quot;operator&quot;:&quot;equals&quot;},{&quot;values&quot;:[&quot;e1632db4-e0b1-4d60-85b9-f2ca7cb9dc5f&quot;],&quot;member&quot;:&quot;Events.runningId&quot;,&quot;operator&quot;:&quot;equals&quot;}],&quot;dimensions&quot;:[&quot;Events.referer&quot;,&quot;Events.experiment&quot;,&quot;Events.variant&quot;,&quot;Events.utcTime&quot;,&quot;Events.url&quot;,&quot;Events.lookBackWindow&quot;,&quot;Events.eventType&quot;,&quot;Events.runningId&quot;],&quot;order&quot;:{&quot;Events.lookBackWindow&quot;:&quot;asc&quot;,&quot;Events.utcTime&quot;:&quot;asc&quot;}}&#10;Cube JS Query is not right, &#10;Expected: {&quot;filters&quot;:[{&quot;values&quot;:[&quot;pageview&quot;],&quot;member&quot;:&quot;Events.eventType&quot;,&quot;operator&quot;:&quot;equals&quot;},{&quot;values&quot;:[&quot;56728e0f-e780-4be8-b69d-521c0bc444b8&quot;],&quot;member&quot;:&quot;Events.experiment&quot;,&quot;operator&quot;:&quot;equals&quot;},{&quot;values&quot;:[&quot;e1632db4-e0b1-4d60-85b9-f2ca7cb9dc5f&quot;],&quot;member&quot;:&quot;Events.runningId&quot;,&quot;operator&quot;:&quot;equals&quot;}],&quot;measures&quot;:[&quot;Events.count&quot;],&quot;order&quot;:{&quot;Events.lookBackWindow&quot;:&quot;asc&quot;,&quot;Events.utcTime&quot;:&quot;asc&quot;}} &#10;Current {&quot;filters&quot;:[{&quot;values&quot;:[&quot;pageview&quot;],&quot;member&quot;:&quot;Events.eventType&quot;,&quot;operator&quot;:&quot;equals&quot;},{&quot;values&quot;:[&quot;56728e0f-e780-4be8-b69d-521c0bc444b8&quot;],&quot;member&quot;:&quot;Events.experiment&quot;,&quot;operator&quot;:&quot;equals&quot;},{&quot;values&quot;:[&quot;e1632db4-e0b1-4d60-85b9-f2ca7cb9dc5f&quot;],&quot;member&quot;:&quot;Events.runningId&quot;,&quot;operator&quot;:&quot;equals&quot;}],&quot;dimensions&quot;:[&quot;Events.referer&quot;,&quot;Events.experiment&quot;,&quot;Events.variant&quot;,&quot;Events.utcTime&quot;,&quot;Events.url&quot;,&quot;Events.lookBackWindow&quot;,&quot;Events.eventType&quot;,&quot;Events.runningId&quot;],&quot;order&quot;:{&quot;Events.lookBackWindow&quot;:&quot;asc&quot;,&quot;Events.utcTime&quot;:&quot;asc&quot;}}" type="java.lang.AssertionError">java.lang.AssertionError: New Request:Cube JS Query is not right, 
Expected: {&quot;filters&quot;:[{&quot;values&quot;:[&quot;pageview&quot;],&quot;member&quot;:&quot;Events.eventType&quot;,&quot;operator&quot;:&quot;equals&quot;},{&quot;values&quot;:[&quot;56728e0f-e780-4be8-b69d-521c0bc444b8&quot;],&quot;member&quot;:&quot;Events.experiment&quot;,&quot;operator&quot;:&quot;equals&quot;}],&quot;dimensions&quot;:[&quot;Events.referer&quot;,&quot;Events.experiment&quot;,&quot;Events.variant&quot;,&quot;Events.utcTime&quot;,&quot;Events.url&quot;,&quot;Events.lookBackWindow&quot;,&quot;Events.eventType&quot;,&quot;Events.runningId&quot;],&quot;order&quot;:{&quot;Events.lookBackWindow&quot;:&quot;asc&quot;,&quot;Events.utcTime&quot;:&quot;asc&quot;}} 
Current {&quot;filters&quot;:[{&quot;values&quot;:[&quot;pageview&quot;],&quot;member&quot;:&quot;Events.eventType&quot;,&quot;operator&quot;:&quot;equals&quot;},{&quot;values&quot;:[&quot;56728e0f-e780-4be8-b69d-521c0bc444b8&quot;],&quot;member&quot;:&quot;Events.experiment&quot;,&quot;operator&quot;:&quot;equals&quot;},{&quot;values&quot;:[&quot;e1632db4-e0b1-4d60-85b9-f2ca7cb9dc5f&quot;],&quot;member&quot;:&quot;Events.runningId&quot;,&quot;operator&quot;:&quot;equals&quot;}],&quot;dimensions&quot;:[&quot;Events.referer&quot;,&quot;Events.experiment&quot;,&quot;Events.variant&quot;,&quot;Events.utcTime&quot;,&quot;Events.url&quot;,&quot;Events.lookBackWindow&quot;,&quot;Events.eventType&quot;,&quot;Events.runningId&quot;],&quot;order&quot;:{&quot;Events.lookBackWindow&quot;:&quot;asc&quot;,&quot;Events.utcTime&quot;:&quot;asc&quot;}}
Cube JS Query is not right, 
Expected: {&quot;measures&quot;: [&quot;Events.count&quot;],&quot;dimensions&quot;: [&quot;Events.variant&quot;],  &quot;filters&quot;: [    {      &quot;member&quot;: &quot;Events.eventType&quot;,      &quot;operator&quot;: &quot;equals&quot;,      &quot;values&quot;: [        &quot;pageview&quot;      ]    },    {      &quot;member&quot;: &quot;Events.variant&quot;,      &quot;operator&quot;: &quot;equals&quot;,      &quot;values&quot;: [&quot;DEFAULT&quot;,&quot;dotexperiment-56728e0fe7-variant-1&quot;]    },    {      &quot;member&quot;: &quot;Events.experiment&quot;,      &quot;operator&quot;: &quot;equals&quot;,      &quot;values&quot;: [&quot;56728e0f-e780-4be8-b69d-521c0bc444b8&quot;]    }  ]} 
Current {&quot;filters&quot;:[{&quot;values&quot;:[&quot;pageview&quot;],&quot;member&quot;:&quot;Events.eventType&quot;,&quot;operator&quot;:&quot;equals&quot;},{&quot;values&quot;:[&quot;56728e0f-e780-4be8-b69d-521c0bc444b8&quot;],&quot;member&quot;:&quot;Events.experiment&quot;,&quot;operator&quot;:&quot;equals&quot;},{&quot;values&quot;:[&quot;e1632db4-e0b1-4d60-85b9-f2ca7cb9dc5f&quot;],&quot;member&quot;:&quot;Events.runningId&quot;,&quot;operator&quot;:&quot;equals&quot;}],&quot;dimensions&quot;:[&quot;Events.referer&quot;,&quot;Events.experiment&quot;,&quot;Events.variant&quot;,&quot;Events.utcTime&quot;,&quot;Events.url&quot;,&quot;Events.lookBackWindow&quot;,&quot;Events.eventType&quot;,&quot;Events.runningId&quot;],&quot;order&quot;:{&quot;Events.lookBackWindow&quot;:&quot;asc&quot;,&quot;Events.utcTime&quot;:&quot;asc&quot;}}
Cube JS Query is not right, 
Expected: {&quot;filters&quot;:[{&quot;values&quot;:[&quot;pageview&quot;],&quot;member&quot;:&quot;Events.eventType&quot;,&quot;operator&quot;:&quot;equals&quot;},{&quot;values&quot;:[&quot;56728e0f-e780-4be8-b69d-521c0bc444b8&quot;],&quot;member&quot;:&quot;Events.experiment&quot;,&quot;operator&quot;:&quot;equals&quot;},{&quot;values&quot;:[&quot;e1632db4-e0b1-4d60-85b9-f2ca7cb9dc5f&quot;],&quot;member&quot;:&quot;Events.runningId&quot;,&quot;operator&quot;:&quot;equals&quot;}],&quot;measures&quot;:[&quot;Events.count&quot;],&quot;order&quot;:{&quot;Events.lookBackWindow&quot;:&quot;asc&quot;,&quot;Events.utcTime&quot;:&quot;asc&quot;}} 
Current {&quot;filters&quot;:[{&quot;values&quot;:[&quot;pageview&quot;],&quot;member&quot;:&quot;Events.eventType&quot;,&quot;operator&quot;:&quot;equals&quot;},{&quot;values&quot;:[&quot;56728e0f-e780-4be8-b69d-521c0bc444b8&quot;],&quot;member&quot;:&quot;Events.experiment&quot;,&quot;operator&quot;:&quot;equals&quot;},{&quot;values&quot;:[&quot;e1632db4-e0b1-4d60-85b9-f2ca7cb9dc5f&quot;],&quot;member&quot;:&quot;Events.runningId&quot;,&quot;operator&quot;:&quot;equals&quot;}],&quot;dimensions&quot;:[&quot;Events.referer&quot;,&quot;Events.experiment&quot;,&quot;Events.variant&quot;,&quot;Events.utcTime&quot;,&quot;Events.url&quot;,&quot;Events.lookBackWindow&quot;,&quot;Events.eventType&quot;,&quot;Events.runningId&quot;],&quot;order&quot;:{&quot;Events.lookBackWindow&quot;:&quot;asc&quot;,&quot;Events.utcTime&quot;:&quot;asc&quot;}}
	at com.dotcms.http.server.mock.MockHttpServer.validate(MockHttpServer.java:168)
	at com.dotcms.experiments.business.ExperimentAPIImpIntegrationTest.pageReachAfterExperimentPageButNotDirectReferer(ExperimentAPIImpIntegrationTest.java:1648)
	at java.base/jdk.internal.reflect.NativeMethodAccessorImpl.invoke0(Native Method)
	at java.base/jdk.internal.reflect.NativeMethodAccessorImpl.invoke(NativeMethodAccessorImpl.java:62)
	at java.base/jdk.internal.reflect.DelegatingMethodAccessorImpl.invoke(DelegatingMethodAccessorImpl.java:43)
	at java.base/java.lang.reflect.Method.invoke(Method.java:566)
	at org.junit.runners.model.FrameworkMethod$1.runReflectiveCall(FrameworkMethod.java:59)
	at org.junit.internal.runners.model.ReflectiveCallable.run(ReflectiveCallable.java:12)
	at org.junit.runners.model.FrameworkMethod.invokeExplosively(FrameworkMethod.java:56)
	at org.junit.internal.runners.statements.InvokeMethod.evaluate(InvokeMethod.java:17)
	at org.junit.internal.runners.statements.RunBefores.evaluate(RunBefores.java:26)
	at org.junit.internal.runners.statements.RunAfters.evaluate(RunAfters.java:27)
	at org.junit.rules.TestWatcher$1.evaluate(TestWatcher.java:61)
	at org.junit.runners.ParentRunner$3.evaluate(ParentRunner.java:306)
	at org.junit.rules.TestWatcher$1.evaluate(TestWatcher.java:61)
	at org.junit.rules.RunRules.evaluate(RunRules.java:20)
	at org.junit.runners.ParentRunner.runLeaf(ParentRunner.java:366)
	at com.dotcms.junit.CustomDataProviderRunner.runChild(CustomDataProviderRunner.java:41)
	at com.dotcms.junit.CustomDataProviderRunner.runChild(CustomDataProviderRunner.java:26)
	at org.junit.runners.ParentRunner$4.run(ParentRunner.java:331)
	at org.junit.runners.ParentRunner$1.schedule(ParentRunner.java:79)
	at org.junit.runners.ParentRunner.runChildren(ParentRunner.java:329)
	at org.junit.runners.ParentRunner.access$100(ParentRunner.java:66)
	at org.junit.runners.ParentRunner$2.evaluate(ParentRunner.java:293)
	at org.junit.internal.runners.statements.RunBefores.evaluate(RunBefores.java:26)
	at org.junit.runners.ParentRunner$3.evaluate(ParentRunner.java:306)
	at org.junit.runners.ParentRunner.run(ParentRunner.java:413)
	at com.dotcms.junit.MainBaseSuite$DotRunner.run(MainBaseSuite.java:71)
	at org.junit.runners.Suite.runChild(Suite.java:128)
	at org.junit.runners.Suite.runChild(Suite.java:27)
	at org.junit.runners.ParentRunner$4.run(ParentRunner.java:331)
	at org.junit.runners.ParentRunner$1.schedule(ParentRunner.java:79)
	at org.junit.runners.ParentRunner.runChildren(ParentRunner.java:329)
	at org.junit.runners.ParentRunner.access$100(ParentRunner.java:66)
	at org.junit.runners.ParentRunner$2.evaluate(ParentRunner.java:293)
	at org.junit.runners.ParentRunner$3.evaluate(ParentRunner.java:306)
	at org.junit.runners.ParentRunner.run(ParentRunner.java:413)
	at org.gradle.api.internal.tasks.testing.junit.JUnitTestClassExecutor.runTestClass(JUnitTestClassExecutor.java:110)
	at org.gradle.api.internal.tasks.testing.junit.JUnitTestClassExecutor.execute(JUnitTestClassExecutor.java:58)
	at org.gradle.api.internal.tasks.testing.junit.JUnitTestClassExecutor.execute(JUnitTestClassExecutor.java:38)
	at org.gradle.api.internal.tasks.testing.junit.AbstractJUnitTestClassProcessor.processTestClass(AbstractJUnitTestClassProcessor.java:62)
	at org.gradle.api.internal.tasks.testing.SuiteTestClassProcessor.processTestClass(SuiteTestClassProcessor.java:51)
	at java.base/jdk.internal.reflect.NativeMethodAccessorImpl.invoke0(Native Method)
	at java.base/jdk.internal.reflect.NativeMethodAccessorImpl.invoke(NativeMethodAccessorImpl.java:62)
	at java.base/jdk.internal.reflect.DelegatingMethodAccessorImpl.invoke(DelegatingMethodAccessorImpl.java:43)
	at java.base/java.lang.reflect.Method.invoke(Method.java:566)
	at org.gradle.internal.dispatch.ReflectionDispatch.dispatch(ReflectionDispatch.java:36)
	at org.gradle.internal.dispatch.ReflectionDispatch.dispatch(ReflectionDispatch.java:24)
	at org.gradle.internal.dispatch.ContextClassLoaderDispatch.dispatch(ContextClassLoaderDispatch.java:33)
	at org.gradle.internal.dispatch.ProxyDispatchAdapter$DispatchingInvocationHandler.invoke(ProxyDispatchAdapter.java:94)
	at com.sun.proxy.$Proxy5.processTestClass(Unknown Source)
	at org.gradle.api.internal.tasks.testing.worker.TestWorker$2.run(TestWorker.java:176)
	at org.gradle.api.internal.tasks.testing.worker.TestWorker.executeAndMaintainThreadName(TestWorker.java:129)
	at org.gradle.api.internal.tasks.testing.worker.TestWorker.execute(TestWorker.java:100)
	at org.gradle.api.internal.tasks.testing.worker.TestWorker.execute(TestWorker.java:60)
	at org.gradle.process.internal.worker.child.ActionExecutionWorker.execute(ActionExecutionWorker.java:56)
	at org.gradle.process.internal.worker.child.SystemApplicationClassLoaderWorker.call(SystemApplicationClassLoaderWorker.java:133)
	at org.gradle.process.internal.worker.child.SystemApplicationClassLoaderWorker.call(SystemApplicationClassLoaderWorker.java:71)
	at worker.org.gradle.process.internal.worker.GradleWorkerMain.run(GradleWorkerMain.java:69)
	at worker.org.gradle.process.internal.worker.GradleWorkerMain.main(GradleWorkerMain.java:74)
</failure>
  </testcase>
  <testcase name="noBounceRateWithIndex[0: /index]" classname="com.dotcms.experiments.business.ExperimentAPIImpIntegrationTest" time="1.112"/>
  <testcase name="noBounceRateWithIndex[1: /INDEX]" classname="com.dotcms.experiments.business.ExperimentAPIImpIntegrationTest" time="1.68"/>
  <testcase name="noBounceRateWithIndex[2: /IndEX]" classname="com.dotcms.experiments.business.ExperimentAPIImpIntegrationTest" time="1.264"/>
  <testcase name="noBounceRateWithIndex[3: &lt;empty string&gt;]" classname="com.dotcms.experiments.business.ExperimentAPIImpIntegrationTest" time="0.792"/>
  <testcase name="noBounceRateWithIndex[4: /]" classname="com.dotcms.experiments.business.ExperimentAPIImpIntegrationTest" time="1.312"/>
  <testcase name="noBounceRateWithIndex[5: /?variantName=dotexperiment-fcaef4575a-variant-1&amp;redirect=true]" classname="com.dotcms.experiments.business.ExperimentAPIImpIntegrationTest" time="2.8"/>
  <testcase name="multiDaysEvent" classname="com.dotcms.experiments.business.ExperimentAPIImpIntegrationTest" time="2.501">
    <failure message="java.lang.AssertionError: New Request:Cube JS Query is not right, &#10;Expected: {&quot;filters&quot;:[{&quot;values&quot;:[&quot;pageview&quot;],&quot;member&quot;:&quot;Events.eventType&quot;,&quot;operator&quot;:&quot;equals&quot;},{&quot;values&quot;:[&quot;efd611b3-51d0-4dcb-b8f1-4aa2f987e4a6&quot;],&quot;member&quot;:&quot;Events.experiment&quot;,&quot;operator&quot;:&quot;equals&quot;}],&quot;dimensions&quot;:[&quot;Events.referer&quot;,&quot;Events.experiment&quot;,&quot;Events.variant&quot;,&quot;Events.utcTime&quot;,&quot;Events.url&quot;,&quot;Events.lookBackWindow&quot;,&quot;Events.eventType&quot;,&quot;Events.runningId&quot;],&quot;order&quot;:{&quot;Events.lookBackWindow&quot;:&quot;asc&quot;,&quot;Events.utcTime&quot;:&quot;asc&quot;}} &#10;Current {&quot;filters&quot;:[{&quot;values&quot;:[&quot;pageview&quot;],&quot;member&quot;:&quot;Events.eventType&quot;,&quot;operator&quot;:&quot;equals&quot;},{&quot;values&quot;:[&quot;efd611b3-51d0-4dcb-b8f1-4aa2f987e4a6&quot;],&quot;member&quot;:&quot;Events.experiment&quot;,&quot;operator&quot;:&quot;equals&quot;},{&quot;values&quot;:[&quot;cdee87a6-9454-4800-9459-39eb23178d18&quot;],&quot;member&quot;:&quot;Events.runningId&quot;,&quot;operator&quot;:&quot;equals&quot;}],&quot;dimensions&quot;:[&quot;Events.referer&quot;,&quot;Events.experiment&quot;,&quot;Events.variant&quot;,&quot;Events.utcTime&quot;,&quot;Events.url&quot;,&quot;Events.lookBackWindow&quot;,&quot;Events.eventType&quot;,&quot;Events.runningId&quot;],&quot;order&quot;:{&quot;Events.lookBackWindow&quot;:&quot;asc&quot;,&quot;Events.utcTime&quot;:&quot;asc&quot;}}&#10;Cube JS Query is not right, &#10;Expected: {&quot;measures&quot;: [&quot;Events.count&quot;],&quot;dimensions&quot;: [&quot;Events.variant&quot;],  &quot;filters&quot;: [    {      &quot;member&quot;: &quot;Events.eventType&quot;,      &quot;operator&quot;: &quot;equals&quot;,      &quot;values&quot;: [        &quot;pageview&quot;      ]    },    {      &quot;member&quot;: &quot;Events.variant&quot;,      &quot;operator&quot;: &quot;equals&quot;,      &quot;values&quot;: [&quot;DEFAULT&quot;,&quot;dotexperiment-efd611b351-variant-1&quot;]    },    {      &quot;member&quot;: &quot;Events.experiment&quot;,      &quot;operator&quot;: &quot;equals&quot;,      &quot;values&quot;: [&quot;efd611b3-51d0-4dcb-b8f1-4aa2f987e4a6&quot;]    }  ]} &#10;Current {&quot;filters&quot;:[{&quot;values&quot;:[&quot;pageview&quot;],&quot;member&quot;:&quot;Events.eventType&quot;,&quot;operator&quot;:&quot;equals&quot;},{&quot;values&quot;:[&quot;efd611b3-51d0-4dcb-b8f1-4aa2f987e4a6&quot;],&quot;member&quot;:&quot;Events.experiment&quot;,&quot;operator&quot;:&quot;equals&quot;},{&quot;values&quot;:[&quot;cdee87a6-9454-4800-9459-39eb23178d18&quot;],&quot;member&quot;:&quot;Events.runningId&quot;,&quot;operator&quot;:&quot;equals&quot;}],&quot;dimensions&quot;:[&quot;Events.referer&quot;,&quot;Events.experiment&quot;,&quot;Events.variant&quot;,&quot;Events.utcTime&quot;,&quot;Events.url&quot;,&quot;Events.lookBackWindow&quot;,&quot;Events.eventType&quot;,&quot;Events.runningId&quot;],&quot;order&quot;:{&quot;Events.lookBackWindow&quot;:&quot;asc&quot;,&quot;Events.utcTime&quot;:&quot;asc&quot;}}&#10;Cube JS Query is not right, &#10;Expected: {&quot;filters&quot;:[{&quot;values&quot;:[&quot;pageview&quot;],&quot;member&quot;:&quot;Events.eventType&quot;,&quot;operator&quot;:&quot;equals&quot;},{&quot;values&quot;:[&quot;efd611b3-51d0-4dcb-b8f1-4aa2f987e4a6&quot;],&quot;member&quot;:&quot;Events.experiment&quot;,&quot;operator&quot;:&quot;equals&quot;},{&quot;values&quot;:[&quot;cdee87a6-9454-4800-9459-39eb23178d18&quot;],&quot;member&quot;:&quot;Events.runningId&quot;,&quot;operator&quot;:&quot;equals&quot;}],&quot;measures&quot;:[&quot;Events.count&quot;],&quot;order&quot;:{&quot;Events.lookBackWindow&quot;:&quot;asc&quot;,&quot;Events.utcTime&quot;:&quot;asc&quot;}} &#10;Current {&quot;filters&quot;:[{&quot;values&quot;:[&quot;pageview&quot;],&quot;member&quot;:&quot;Events.eventType&quot;,&quot;operator&quot;:&quot;equals&quot;},{&quot;values&quot;:[&quot;efd611b3-51d0-4dcb-b8f1-4aa2f987e4a6&quot;],&quot;member&quot;:&quot;Events.experiment&quot;,&quot;operator&quot;:&quot;equals&quot;},{&quot;values&quot;:[&quot;cdee87a6-9454-4800-9459-39eb23178d18&quot;],&quot;member&quot;:&quot;Events.runningId&quot;,&quot;operator&quot;:&quot;equals&quot;}],&quot;dimensions&quot;:[&quot;Events.referer&quot;,&quot;Events.experiment&quot;,&quot;Events.variant&quot;,&quot;Events.utcTime&quot;,&quot;Events.url&quot;,&quot;Events.lookBackWindow&quot;,&quot;Events.eventType&quot;,&quot;Events.runningId&quot;],&quot;order&quot;:{&quot;Events.lookBackWindow&quot;:&quot;asc&quot;,&quot;Events.utcTime&quot;:&quot;asc&quot;}}" type="java.lang.AssertionError">java.lang.AssertionError: New Request:Cube JS Query is not right, 
Expected: {&quot;filters&quot;:[{&quot;values&quot;:[&quot;pageview&quot;],&quot;member&quot;:&quot;Events.eventType&quot;,&quot;operator&quot;:&quot;equals&quot;},{&quot;values&quot;:[&quot;efd611b3-51d0-4dcb-b8f1-4aa2f987e4a6&quot;],&quot;member&quot;:&quot;Events.experiment&quot;,&quot;operator&quot;:&quot;equals&quot;}],&quot;dimensions&quot;:[&quot;Events.referer&quot;,&quot;Events.experiment&quot;,&quot;Events.variant&quot;,&quot;Events.utcTime&quot;,&quot;Events.url&quot;,&quot;Events.lookBackWindow&quot;,&quot;Events.eventType&quot;,&quot;Events.runningId&quot;],&quot;order&quot;:{&quot;Events.lookBackWindow&quot;:&quot;asc&quot;,&quot;Events.utcTime&quot;:&quot;asc&quot;}} 
Current {&quot;filters&quot;:[{&quot;values&quot;:[&quot;pageview&quot;],&quot;member&quot;:&quot;Events.eventType&quot;,&quot;operator&quot;:&quot;equals&quot;},{&quot;values&quot;:[&quot;efd611b3-51d0-4dcb-b8f1-4aa2f987e4a6&quot;],&quot;member&quot;:&quot;Events.experiment&quot;,&quot;operator&quot;:&quot;equals&quot;},{&quot;values&quot;:[&quot;cdee87a6-9454-4800-9459-39eb23178d18&quot;],&quot;member&quot;:&quot;Events.runningId&quot;,&quot;operator&quot;:&quot;equals&quot;}],&quot;dimensions&quot;:[&quot;Events.referer&quot;,&quot;Events.experiment&quot;,&quot;Events.variant&quot;,&quot;Events.utcTime&quot;,&quot;Events.url&quot;,&quot;Events.lookBackWindow&quot;,&quot;Events.eventType&quot;,&quot;Events.runningId&quot;],&quot;order&quot;:{&quot;Events.lookBackWindow&quot;:&quot;asc&quot;,&quot;Events.utcTime&quot;:&quot;asc&quot;}}
Cube JS Query is not right, 
Expected: {&quot;measures&quot;: [&quot;Events.count&quot;],&quot;dimensions&quot;: [&quot;Events.variant&quot;],  &quot;filters&quot;: [    {      &quot;member&quot;: &quot;Events.eventType&quot;,      &quot;operator&quot;: &quot;equals&quot;,      &quot;values&quot;: [        &quot;pageview&quot;      ]    },    {      &quot;member&quot;: &quot;Events.variant&quot;,      &quot;operator&quot;: &quot;equals&quot;,      &quot;values&quot;: [&quot;DEFAULT&quot;,&quot;dotexperiment-efd611b351-variant-1&quot;]    },    {      &quot;member&quot;: &quot;Events.experiment&quot;,      &quot;operator&quot;: &quot;equals&quot;,      &quot;values&quot;: [&quot;efd611b3-51d0-4dcb-b8f1-4aa2f987e4a6&quot;]    }  ]} 
Current {&quot;filters&quot;:[{&quot;values&quot;:[&quot;pageview&quot;],&quot;member&quot;:&quot;Events.eventType&quot;,&quot;operator&quot;:&quot;equals&quot;},{&quot;values&quot;:[&quot;efd611b3-51d0-4dcb-b8f1-4aa2f987e4a6&quot;],&quot;member&quot;:&quot;Events.experiment&quot;,&quot;operator&quot;:&quot;equals&quot;},{&quot;values&quot;:[&quot;cdee87a6-9454-4800-9459-39eb23178d18&quot;],&quot;member&quot;:&quot;Events.runningId&quot;,&quot;operator&quot;:&quot;equals&quot;}],&quot;dimensions&quot;:[&quot;Events.referer&quot;,&quot;Events.experiment&quot;,&quot;Events.variant&quot;,&quot;Events.utcTime&quot;,&quot;Events.url&quot;,&quot;Events.lookBackWindow&quot;,&quot;Events.eventType&quot;,&quot;Events.runningId&quot;],&quot;order&quot;:{&quot;Events.lookBackWindow&quot;:&quot;asc&quot;,&quot;Events.utcTime&quot;:&quot;asc&quot;}}
Cube JS Query is not right, 
Expected: {&quot;filters&quot;:[{&quot;values&quot;:[&quot;pageview&quot;],&quot;member&quot;:&quot;Events.eventType&quot;,&quot;operator&quot;:&quot;equals&quot;},{&quot;values&quot;:[&quot;efd611b3-51d0-4dcb-b8f1-4aa2f987e4a6&quot;],&quot;member&quot;:&quot;Events.experiment&quot;,&quot;operator&quot;:&quot;equals&quot;},{&quot;values&quot;:[&quot;cdee87a6-9454-4800-9459-39eb23178d18&quot;],&quot;member&quot;:&quot;Events.runningId&quot;,&quot;operator&quot;:&quot;equals&quot;}],&quot;measures&quot;:[&quot;Events.count&quot;],&quot;order&quot;:{&quot;Events.lookBackWindow&quot;:&quot;asc&quot;,&quot;Events.utcTime&quot;:&quot;asc&quot;}} 
Current {&quot;filters&quot;:[{&quot;values&quot;:[&quot;pageview&quot;],&quot;member&quot;:&quot;Events.eventType&quot;,&quot;operator&quot;:&quot;equals&quot;},{&quot;values&quot;:[&quot;efd611b3-51d0-4dcb-b8f1-4aa2f987e4a6&quot;],&quot;member&quot;:&quot;Events.experiment&quot;,&quot;operator&quot;:&quot;equals&quot;},{&quot;values&quot;:[&quot;cdee87a6-9454-4800-9459-39eb23178d18&quot;],&quot;member&quot;:&quot;Events.runningId&quot;,&quot;operator&quot;:&quot;equals&quot;}],&quot;dimensions&quot;:[&quot;Events.referer&quot;,&quot;Events.experiment&quot;,&quot;Events.variant&quot;,&quot;Events.utcTime&quot;,&quot;Events.url&quot;,&quot;Events.lookBackWindow&quot;,&quot;Events.eventType&quot;,&quot;Events.runningId&quot;],&quot;order&quot;:{&quot;Events.lookBackWindow&quot;:&quot;asc&quot;,&quot;Events.utcTime&quot;:&quot;asc&quot;}}
	at com.dotcms.http.server.mock.MockHttpServer.validate(MockHttpServer.java:168)
	at com.dotcms.experiments.business.ExperimentAPIImpIntegrationTest.multiDaysEvent(ExperimentAPIImpIntegrationTest.java:1236)
	at java.base/jdk.internal.reflect.NativeMethodAccessorImpl.invoke0(Native Method)
	at java.base/jdk.internal.reflect.NativeMethodAccessorImpl.invoke(NativeMethodAccessorImpl.java:62)
	at java.base/jdk.internal.reflect.DelegatingMethodAccessorImpl.invoke(DelegatingMethodAccessorImpl.java:43)
	at java.base/java.lang.reflect.Method.invoke(Method.java:566)
	at org.junit.runners.model.FrameworkMethod$1.runReflectiveCall(FrameworkMethod.java:59)
	at org.junit.internal.runners.model.ReflectiveCallable.run(ReflectiveCallable.java:12)
	at org.junit.runners.model.FrameworkMethod.invokeExplosively(FrameworkMethod.java:56)
	at org.junit.internal.runners.statements.InvokeMethod.evaluate(InvokeMethod.java:17)
	at org.junit.internal.runners.statements.RunBefores.evaluate(RunBefores.java:26)
	at org.junit.internal.runners.statements.RunAfters.evaluate(RunAfters.java:27)
	at org.junit.rules.TestWatcher$1.evaluate(TestWatcher.java:61)
	at org.junit.runners.ParentRunner$3.evaluate(ParentRunner.java:306)
	at org.junit.rules.TestWatcher$1.evaluate(TestWatcher.java:61)
	at org.junit.rules.RunRules.evaluate(RunRules.java:20)
	at org.junit.runners.ParentRunner.runLeaf(ParentRunner.java:366)
	at com.dotcms.junit.CustomDataProviderRunner.runChild(CustomDataProviderRunner.java:41)
	at com.dotcms.junit.CustomDataProviderRunner.runChild(CustomDataProviderRunner.java:26)
	at org.junit.runners.ParentRunner$4.run(ParentRunner.java:331)
	at org.junit.runners.ParentRunner$1.schedule(ParentRunner.java:79)
	at org.junit.runners.ParentRunner.runChildren(ParentRunner.java:329)
	at org.junit.runners.ParentRunner.access$100(ParentRunner.java:66)
	at org.junit.runners.ParentRunner$2.evaluate(ParentRunner.java:293)
	at org.junit.internal.runners.statements.RunBefores.evaluate(RunBefores.java:26)
	at org.junit.runners.ParentRunner$3.evaluate(ParentRunner.java:306)
	at org.junit.runners.ParentRunner.run(ParentRunner.java:413)
	at com.dotcms.junit.MainBaseSuite$DotRunner.run(MainBaseSuite.java:71)
	at org.junit.runners.Suite.runChild(Suite.java:128)
	at org.junit.runners.Suite.runChild(Suite.java:27)
	at org.junit.runners.ParentRunner$4.run(ParentRunner.java:331)
	at org.junit.runners.ParentRunner$1.schedule(ParentRunner.java:79)
	at org.junit.runners.ParentRunner.runChildren(ParentRunner.java:329)
	at org.junit.runners.ParentRunner.access$100(ParentRunner.java:66)
	at org.junit.runners.ParentRunner$2.evaluate(ParentRunner.java:293)
	at org.junit.runners.ParentRunner$3.evaluate(ParentRunner.java:306)
	at org.junit.runners.ParentRunner.run(ParentRunner.java:413)
	at org.gradle.api.internal.tasks.testing.junit.JUnitTestClassExecutor.runTestClass(JUnitTestClassExecutor.java:110)
	at org.gradle.api.internal.tasks.testing.junit.JUnitTestClassExecutor.execute(JUnitTestClassExecutor.java:58)
	at org.gradle.api.internal.tasks.testing.junit.JUnitTestClassExecutor.execute(JUnitTestClassExecutor.java:38)
	at org.gradle.api.internal.tasks.testing.junit.AbstractJUnitTestClassProcessor.processTestClass(AbstractJUnitTestClassProcessor.java:62)
	at org.gradle.api.internal.tasks.testing.SuiteTestClassProcessor.processTestClass(SuiteTestClassProcessor.java:51)
	at java.base/jdk.internal.reflect.NativeMethodAccessorImpl.invoke0(Native Method)
	at java.base/jdk.internal.reflect.NativeMethodAccessorImpl.invoke(NativeMethodAccessorImpl.java:62)
	at java.base/jdk.internal.reflect.DelegatingMethodAccessorImpl.invoke(DelegatingMethodAccessorImpl.java:43)
	at java.base/java.lang.reflect.Method.invoke(Method.java:566)
	at org.gradle.internal.dispatch.ReflectionDispatch.dispatch(ReflectionDispatch.java:36)
	at org.gradle.internal.dispatch.ReflectionDispatch.dispatch(ReflectionDispatch.java:24)
	at org.gradle.internal.dispatch.ContextClassLoaderDispatch.dispatch(ContextClassLoaderDispatch.java:33)
	at org.gradle.internal.dispatch.ProxyDispatchAdapter$DispatchingInvocationHandler.invoke(ProxyDispatchAdapter.java:94)
	at com.sun.proxy.$Proxy5.processTestClass(Unknown Source)
	at org.gradle.api.internal.tasks.testing.worker.TestWorker$2.run(TestWorker.java:176)
	at org.gradle.api.internal.tasks.testing.worker.TestWorker.executeAndMaintainThreadName(TestWorker.java:129)
	at org.gradle.api.internal.tasks.testing.worker.TestWorker.execute(TestWorker.java:100)
	at org.gradle.api.internal.tasks.testing.worker.TestWorker.execute(TestWorker.java:60)
	at org.gradle.process.internal.worker.child.ActionExecutionWorker.execute(ActionExecutionWorker.java:56)
	at org.gradle.process.internal.worker.child.SystemApplicationClassLoaderWorker.call(SystemApplicationClassLoaderWorker.java:133)
	at org.gradle.process.internal.worker.child.SystemApplicationClassLoaderWorker.call(SystemApplicationClassLoaderWorker.java:71)
	at worker.org.gradle.process.internal.worker.GradleWorkerMain.run(GradleWorkerMain.java:69)
	at worker.org.gradle.process.internal.worker.GradleWorkerMain.main(GradleWorkerMain.java:74)
</failure>
  </testcase>
  <testcase name="pageReachNotDirectReferer" classname="com.dotcms.experiments.business.ExperimentAPIImpIntegrationTest" time="1.86">
    <failure message="java.lang.AssertionError: New Request:Cube JS Query is not right, &#10;Expected: {&quot;filters&quot;:[{&quot;values&quot;:[&quot;pageview&quot;],&quot;member&quot;:&quot;Events.eventType&quot;,&quot;operator&quot;:&quot;equals&quot;},{&quot;values&quot;:[&quot;ef6b8b94-f2c9-4331-9fd5-29837e9e3de2&quot;],&quot;member&quot;:&quot;Events.experiment&quot;,&quot;operator&quot;:&quot;equals&quot;}],&quot;dimensions&quot;:[&quot;Events.referer&quot;,&quot;Events.experiment&quot;,&quot;Events.variant&quot;,&quot;Events.utcTime&quot;,&quot;Events.url&quot;,&quot;Events.lookBackWindow&quot;,&quot;Events.eventType&quot;,&quot;Events.runningId&quot;],&quot;order&quot;:{&quot;Events.lookBackWindow&quot;:&quot;asc&quot;,&quot;Events.utcTime&quot;:&quot;asc&quot;}} &#10;Current {&quot;filters&quot;:[{&quot;values&quot;:[&quot;pageview&quot;],&quot;member&quot;:&quot;Events.eventType&quot;,&quot;operator&quot;:&quot;equals&quot;},{&quot;values&quot;:[&quot;ef6b8b94-f2c9-4331-9fd5-29837e9e3de2&quot;],&quot;member&quot;:&quot;Events.experiment&quot;,&quot;operator&quot;:&quot;equals&quot;},{&quot;values&quot;:[&quot;b7e7e6e6-30d0-4050-9a9d-0ce9401a524c&quot;],&quot;member&quot;:&quot;Events.runningId&quot;,&quot;operator&quot;:&quot;equals&quot;}],&quot;dimensions&quot;:[&quot;Events.referer&quot;,&quot;Events.experiment&quot;,&quot;Events.variant&quot;,&quot;Events.utcTime&quot;,&quot;Events.url&quot;,&quot;Events.lookBackWindow&quot;,&quot;Events.eventType&quot;,&quot;Events.runningId&quot;],&quot;order&quot;:{&quot;Events.lookBackWindow&quot;:&quot;asc&quot;,&quot;Events.utcTime&quot;:&quot;asc&quot;}}&#10;Cube JS Query is not right, &#10;Expected: {&quot;measures&quot;: [&quot;Events.count&quot;],&quot;dimensions&quot;: [&quot;Events.variant&quot;],  &quot;filters&quot;: [    {      &quot;member&quot;: &quot;Events.eventType&quot;,      &quot;operator&quot;: &quot;equals&quot;,      &quot;values&quot;: [        &quot;pageview&quot;      ]    },    {      &quot;member&quot;: &quot;Events.variant&quot;,      &quot;operator&quot;: &quot;equals&quot;,      &quot;values&quot;: [&quot;DEFAULT&quot;,&quot;dotexperiment-ef6b8b94f2-variant-1&quot;]    },    {      &quot;member&quot;: &quot;Events.experiment&quot;,      &quot;operator&quot;: &quot;equals&quot;,      &quot;values&quot;: [&quot;ef6b8b94-f2c9-4331-9fd5-29837e9e3de2&quot;]    }  ]} &#10;Current {&quot;filters&quot;:[{&quot;values&quot;:[&quot;pageview&quot;],&quot;member&quot;:&quot;Events.eventType&quot;,&quot;operator&quot;:&quot;equals&quot;},{&quot;values&quot;:[&quot;ef6b8b94-f2c9-4331-9fd5-29837e9e3de2&quot;],&quot;member&quot;:&quot;Events.experiment&quot;,&quot;operator&quot;:&quot;equals&quot;},{&quot;values&quot;:[&quot;b7e7e6e6-30d0-4050-9a9d-0ce9401a524c&quot;],&quot;member&quot;:&quot;Events.runningId&quot;,&quot;operator&quot;:&quot;equals&quot;}],&quot;dimensions&quot;:[&quot;Events.referer&quot;,&quot;Events.experiment&quot;,&quot;Events.variant&quot;,&quot;Events.utcTime&quot;,&quot;Events.url&quot;,&quot;Events.lookBackWindow&quot;,&quot;Events.eventType&quot;,&quot;Events.runningId&quot;],&quot;order&quot;:{&quot;Events.lookBackWindow&quot;:&quot;asc&quot;,&quot;Events.utcTime&quot;:&quot;asc&quot;}}&#10;Cube JS Query is not right, &#10;Expected: {&quot;filters&quot;:[{&quot;values&quot;:[&quot;pageview&quot;],&quot;member&quot;:&quot;Events.eventType&quot;,&quot;operator&quot;:&quot;equals&quot;},{&quot;values&quot;:[&quot;ef6b8b94-f2c9-4331-9fd5-29837e9e3de2&quot;],&quot;member&quot;:&quot;Events.experiment&quot;,&quot;operator&quot;:&quot;equals&quot;},{&quot;values&quot;:[&quot;b7e7e6e6-30d0-4050-9a9d-0ce9401a524c&quot;],&quot;member&quot;:&quot;Events.runningId&quot;,&quot;operator&quot;:&quot;equals&quot;}],&quot;measures&quot;:[&quot;Events.count&quot;],&quot;order&quot;:{&quot;Events.lookBackWindow&quot;:&quot;asc&quot;,&quot;Events.utcTime&quot;:&quot;asc&quot;}} &#10;Current {&quot;filters&quot;:[{&quot;values&quot;:[&quot;pageview&quot;],&quot;member&quot;:&quot;Events.eventType&quot;,&quot;operator&quot;:&quot;equals&quot;},{&quot;values&quot;:[&quot;ef6b8b94-f2c9-4331-9fd5-29837e9e3de2&quot;],&quot;member&quot;:&quot;Events.experiment&quot;,&quot;operator&quot;:&quot;equals&quot;},{&quot;values&quot;:[&quot;b7e7e6e6-30d0-4050-9a9d-0ce9401a524c&quot;],&quot;member&quot;:&quot;Events.runningId&quot;,&quot;operator&quot;:&quot;equals&quot;}],&quot;dimensions&quot;:[&quot;Events.referer&quot;,&quot;Events.experiment&quot;,&quot;Events.variant&quot;,&quot;Events.utcTime&quot;,&quot;Events.url&quot;,&quot;Events.lookBackWindow&quot;,&quot;Events.eventType&quot;,&quot;Events.runningId&quot;],&quot;order&quot;:{&quot;Events.lookBackWindow&quot;:&quot;asc&quot;,&quot;Events.utcTime&quot;:&quot;asc&quot;}}" type="java.lang.AssertionError">java.lang.AssertionError: New Request:Cube JS Query is not right, 
Expected: {&quot;filters&quot;:[{&quot;values&quot;:[&quot;pageview&quot;],&quot;member&quot;:&quot;Events.eventType&quot;,&quot;operator&quot;:&quot;equals&quot;},{&quot;values&quot;:[&quot;ef6b8b94-f2c9-4331-9fd5-29837e9e3de2&quot;],&quot;member&quot;:&quot;Events.experiment&quot;,&quot;operator&quot;:&quot;equals&quot;}],&quot;dimensions&quot;:[&quot;Events.referer&quot;,&quot;Events.experiment&quot;,&quot;Events.variant&quot;,&quot;Events.utcTime&quot;,&quot;Events.url&quot;,&quot;Events.lookBackWindow&quot;,&quot;Events.eventType&quot;,&quot;Events.runningId&quot;],&quot;order&quot;:{&quot;Events.lookBackWindow&quot;:&quot;asc&quot;,&quot;Events.utcTime&quot;:&quot;asc&quot;}} 
Current {&quot;filters&quot;:[{&quot;values&quot;:[&quot;pageview&quot;],&quot;member&quot;:&quot;Events.eventType&quot;,&quot;operator&quot;:&quot;equals&quot;},{&quot;values&quot;:[&quot;ef6b8b94-f2c9-4331-9fd5-29837e9e3de2&quot;],&quot;member&quot;:&quot;Events.experiment&quot;,&quot;operator&quot;:&quot;equals&quot;},{&quot;values&quot;:[&quot;b7e7e6e6-30d0-4050-9a9d-0ce9401a524c&quot;],&quot;member&quot;:&quot;Events.runningId&quot;,&quot;operator&quot;:&quot;equals&quot;}],&quot;dimensions&quot;:[&quot;Events.referer&quot;,&quot;Events.experiment&quot;,&quot;Events.variant&quot;,&quot;Events.utcTime&quot;,&quot;Events.url&quot;,&quot;Events.lookBackWindow&quot;,&quot;Events.eventType&quot;,&quot;Events.runningId&quot;],&quot;order&quot;:{&quot;Events.lookBackWindow&quot;:&quot;asc&quot;,&quot;Events.utcTime&quot;:&quot;asc&quot;}}
Cube JS Query is not right, 
Expected: {&quot;measures&quot;: [&quot;Events.count&quot;],&quot;dimensions&quot;: [&quot;Events.variant&quot;],  &quot;filters&quot;: [    {      &quot;member&quot;: &quot;Events.eventType&quot;,      &quot;operator&quot;: &quot;equals&quot;,      &quot;values&quot;: [        &quot;pageview&quot;      ]    },    {      &quot;member&quot;: &quot;Events.variant&quot;,      &quot;operator&quot;: &quot;equals&quot;,      &quot;values&quot;: [&quot;DEFAULT&quot;,&quot;dotexperiment-ef6b8b94f2-variant-1&quot;]    },    {      &quot;member&quot;: &quot;Events.experiment&quot;,      &quot;operator&quot;: &quot;equals&quot;,      &quot;values&quot;: [&quot;ef6b8b94-f2c9-4331-9fd5-29837e9e3de2&quot;]    }  ]} 
Current {&quot;filters&quot;:[{&quot;values&quot;:[&quot;pageview&quot;],&quot;member&quot;:&quot;Events.eventType&quot;,&quot;operator&quot;:&quot;equals&quot;},{&quot;values&quot;:[&quot;ef6b8b94-f2c9-4331-9fd5-29837e9e3de2&quot;],&quot;member&quot;:&quot;Events.experiment&quot;,&quot;operator&quot;:&quot;equals&quot;},{&quot;values&quot;:[&quot;b7e7e6e6-30d0-4050-9a9d-0ce9401a524c&quot;],&quot;member&quot;:&quot;Events.runningId&quot;,&quot;operator&quot;:&quot;equals&quot;}],&quot;dimensions&quot;:[&quot;Events.referer&quot;,&quot;Events.experiment&quot;,&quot;Events.variant&quot;,&quot;Events.utcTime&quot;,&quot;Events.url&quot;,&quot;Events.lookBackWindow&quot;,&quot;Events.eventType&quot;,&quot;Events.runningId&quot;],&quot;order&quot;:{&quot;Events.lookBackWindow&quot;:&quot;asc&quot;,&quot;Events.utcTime&quot;:&quot;asc&quot;}}
Cube JS Query is not right, 
Expected: {&quot;filters&quot;:[{&quot;values&quot;:[&quot;pageview&quot;],&quot;member&quot;:&quot;Events.eventType&quot;,&quot;operator&quot;:&quot;equals&quot;},{&quot;values&quot;:[&quot;ef6b8b94-f2c9-4331-9fd5-29837e9e3de2&quot;],&quot;member&quot;:&quot;Events.experiment&quot;,&quot;operator&quot;:&quot;equals&quot;},{&quot;values&quot;:[&quot;b7e7e6e6-30d0-4050-9a9d-0ce9401a524c&quot;],&quot;member&quot;:&quot;Events.runningId&quot;,&quot;operator&quot;:&quot;equals&quot;}],&quot;measures&quot;:[&quot;Events.count&quot;],&quot;order&quot;:{&quot;Events.lookBackWindow&quot;:&quot;asc&quot;,&quot;Events.utcTime&quot;:&quot;asc&quot;}} 
Current {&quot;filters&quot;:[{&quot;values&quot;:[&quot;pageview&quot;],&quot;member&quot;:&quot;Events.eventType&quot;,&quot;operator&quot;:&quot;equals&quot;},{&quot;values&quot;:[&quot;ef6b8b94-f2c9-4331-9fd5-29837e9e3de2&quot;],&quot;member&quot;:&quot;Events.experiment&quot;,&quot;operator&quot;:&quot;equals&quot;},{&quot;values&quot;:[&quot;b7e7e6e6-30d0-4050-9a9d-0ce9401a524c&quot;],&quot;member&quot;:&quot;Events.runningId&quot;,&quot;operator&quot;:&quot;equals&quot;}],&quot;dimensions&quot;:[&quot;Events.referer&quot;,&quot;Events.experiment&quot;,&quot;Events.variant&quot;,&quot;Events.utcTime&quot;,&quot;Events.url&quot;,&quot;Events.lookBackWindow&quot;,&quot;Events.eventType&quot;,&quot;Events.runningId&quot;],&quot;order&quot;:{&quot;Events.lookBackWindow&quot;:&quot;asc&quot;,&quot;Events.utcTime&quot;:&quot;asc&quot;}}
	at com.dotcms.http.server.mock.MockHttpServer.validate(MockHttpServer.java:168)
	at com.dotcms.experiments.business.ExperimentAPIImpIntegrationTest.pageReachNotDirectReferer(ExperimentAPIImpIntegrationTest.java:1370)
	at java.base/jdk.internal.reflect.NativeMethodAccessorImpl.invoke0(Native Method)
	at java.base/jdk.internal.reflect.NativeMethodAccessorImpl.invoke(NativeMethodAccessorImpl.java:62)
	at java.base/jdk.internal.reflect.DelegatingMethodAccessorImpl.invoke(DelegatingMethodAccessorImpl.java:43)
	at java.base/java.lang.reflect.Method.invoke(Method.java:566)
	at org.junit.runners.model.FrameworkMethod$1.runReflectiveCall(FrameworkMethod.java:59)
	at org.junit.internal.runners.model.ReflectiveCallable.run(ReflectiveCallable.java:12)
	at org.junit.runners.model.FrameworkMethod.invokeExplosively(FrameworkMethod.java:56)
	at org.junit.internal.runners.statements.InvokeMethod.evaluate(InvokeMethod.java:17)
	at org.junit.internal.runners.statements.RunBefores.evaluate(RunBefores.java:26)
	at org.junit.internal.runners.statements.RunAfters.evaluate(RunAfters.java:27)
	at org.junit.rules.TestWatcher$1.evaluate(TestWatcher.java:61)
	at org.junit.runners.ParentRunner$3.evaluate(ParentRunner.java:306)
	at org.junit.rules.TestWatcher$1.evaluate(TestWatcher.java:61)
	at org.junit.rules.RunRules.evaluate(RunRules.java:20)
	at org.junit.runners.ParentRunner.runLeaf(ParentRunner.java:366)
	at com.dotcms.junit.CustomDataProviderRunner.runChild(CustomDataProviderRunner.java:41)
	at com.dotcms.junit.CustomDataProviderRunner.runChild(CustomDataProviderRunner.java:26)
	at org.junit.runners.ParentRunner$4.run(ParentRunner.java:331)
	at org.junit.runners.ParentRunner$1.schedule(ParentRunner.java:79)
	at org.junit.runners.ParentRunner.runChildren(ParentRunner.java:329)
	at org.junit.runners.ParentRunner.access$100(ParentRunner.java:66)
	at org.junit.runners.ParentRunner$2.evaluate(ParentRunner.java:293)
	at org.junit.internal.runners.statements.RunBefores.evaluate(RunBefores.java:26)
	at org.junit.runners.ParentRunner$3.evaluate(ParentRunner.java:306)
	at org.junit.runners.ParentRunner.run(ParentRunner.java:413)
	at com.dotcms.junit.MainBaseSuite$DotRunner.run(MainBaseSuite.java:71)
	at org.junit.runners.Suite.runChild(Suite.java:128)
	at org.junit.runners.Suite.runChild(Suite.java:27)
	at org.junit.runners.ParentRunner$4.run(ParentRunner.java:331)
	at org.junit.runners.ParentRunner$1.schedule(ParentRunner.java:79)
	at org.junit.runners.ParentRunner.runChildren(ParentRunner.java:329)
	at org.junit.runners.ParentRunner.access$100(ParentRunner.java:66)
	at org.junit.runners.ParentRunner$2.evaluate(ParentRunner.java:293)
	at org.junit.runners.ParentRunner$3.evaluate(ParentRunner.java:306)
	at org.junit.runners.ParentRunner.run(ParentRunner.java:413)
	at org.gradle.api.internal.tasks.testing.junit.JUnitTestClassExecutor.runTestClass(JUnitTestClassExecutor.java:110)
	at org.gradle.api.internal.tasks.testing.junit.JUnitTestClassExecutor.execute(JUnitTestClassExecutor.java:58)
	at org.gradle.api.internal.tasks.testing.junit.JUnitTestClassExecutor.execute(JUnitTestClassExecutor.java:38)
	at org.gradle.api.internal.tasks.testing.junit.AbstractJUnitTestClassProcessor.processTestClass(AbstractJUnitTestClassProcessor.java:62)
	at org.gradle.api.internal.tasks.testing.SuiteTestClassProcessor.processTestClass(SuiteTestClassProcessor.java:51)
	at java.base/jdk.internal.reflect.NativeMethodAccessorImpl.invoke0(Native Method)
	at java.base/jdk.internal.reflect.NativeMethodAccessorImpl.invoke(NativeMethodAccessorImpl.java:62)
	at java.base/jdk.internal.reflect.DelegatingMethodAccessorImpl.invoke(DelegatingMethodAccessorImpl.java:43)
	at java.base/java.lang.reflect.Method.invoke(Method.java:566)
	at org.gradle.internal.dispatch.ReflectionDispatch.dispatch(ReflectionDispatch.java:36)
	at org.gradle.internal.dispatch.ReflectionDispatch.dispatch(ReflectionDispatch.java:24)
	at org.gradle.internal.dispatch.ContextClassLoaderDispatch.dispatch(ContextClassLoaderDispatch.java:33)
	at org.gradle.internal.dispatch.ProxyDispatchAdapter$DispatchingInvocationHandler.invoke(ProxyDispatchAdapter.java:94)
	at com.sun.proxy.$Proxy5.processTestClass(Unknown Source)
	at org.gradle.api.internal.tasks.testing.worker.TestWorker$2.run(TestWorker.java:176)
	at org.gradle.api.internal.tasks.testing.worker.TestWorker.executeAndMaintainThreadName(TestWorker.java:129)
	at org.gradle.api.internal.tasks.testing.worker.TestWorker.execute(TestWorker.java:100)
	at org.gradle.api.internal.tasks.testing.worker.TestWorker.execute(TestWorker.java:60)
	at org.gradle.process.internal.worker.child.ActionExecutionWorker.execute(ActionExecutionWorker.java:56)
	at org.gradle.process.internal.worker.child.SystemApplicationClassLoaderWorker.call(SystemApplicationClassLoaderWorker.java:133)
	at org.gradle.process.internal.worker.child.SystemApplicationClassLoaderWorker.call(SystemApplicationClassLoaderWorker.java:71)
	at worker.org.gradle.process.internal.worker.GradleWorkerMain.run(GradleWorkerMain.java:69)
	at worker.org.gradle.process.internal.worker.GradleWorkerMain.main(GradleWorkerMain.java:74)
</failure>
  </testcase>
  <testcase name="resultWithPagination" classname="com.dotcms.experiments.business.ExperimentAPIImpIntegrationTest" time="1.871">
    <failure message="java.lang.RuntimeException: java.util.NoSuchElementException" type="java.lang.RuntimeException">java.lang.RuntimeException: java.util.NoSuchElementException
	at com.dotcms.cube.PaginationCubeJSResultSet$CubeIterator.next(PaginationCubeJSResultSet.java:72)
	at com.dotcms.cube.PaginationCubeJSResultSet$CubeIterator.next(PaginationCubeJSResultSet.java:38)
	at com.dotcms.experiments.business.ExperimentsAPIImpl.getEvents(ExperimentsAPIImpl.java:996)
	at com.dotcms.experiments.business.ExperimentsAPIImpl.getResults(ExperimentsAPIImpl.java:942)
	at com.dotcms.experiments.business.ExperimentAPIImpIntegrationTest.resultWithPagination(ExperimentAPIImpIntegrationTest.java:920)
	at java.base/jdk.internal.reflect.NativeMethodAccessorImpl.invoke0(Native Method)
	at java.base/jdk.internal.reflect.NativeMethodAccessorImpl.invoke(NativeMethodAccessorImpl.java:62)
	at java.base/jdk.internal.reflect.DelegatingMethodAccessorImpl.invoke(DelegatingMethodAccessorImpl.java:43)
	at java.base/java.lang.reflect.Method.invoke(Method.java:566)
	at org.junit.runners.model.FrameworkMethod$1.runReflectiveCall(FrameworkMethod.java:59)
	at org.junit.internal.runners.model.ReflectiveCallable.run(ReflectiveCallable.java:12)
	at org.junit.runners.model.FrameworkMethod.invokeExplosively(FrameworkMethod.java:56)
	at org.junit.internal.runners.statements.InvokeMethod.evaluate(InvokeMethod.java:17)
	at org.junit.internal.runners.statements.RunBefores.evaluate(RunBefores.java:26)
	at org.junit.internal.runners.statements.RunAfters.evaluate(RunAfters.java:27)
	at org.junit.rules.TestWatcher$1.evaluate(TestWatcher.java:61)
	at org.junit.runners.ParentRunner$3.evaluate(ParentRunner.java:306)
	at org.junit.rules.TestWatcher$1.evaluate(TestWatcher.java:61)
	at org.junit.rules.RunRules.evaluate(RunRules.java:20)
	at org.junit.runners.ParentRunner.runLeaf(ParentRunner.java:366)
	at com.dotcms.junit.CustomDataProviderRunner.runChild(CustomDataProviderRunner.java:41)
	at com.dotcms.junit.CustomDataProviderRunner.runChild(CustomDataProviderRunner.java:26)
	at org.junit.runners.ParentRunner$4.run(ParentRunner.java:331)
	at org.junit.runners.ParentRunner$1.schedule(ParentRunner.java:79)
	at org.junit.runners.ParentRunner.runChildren(ParentRunner.java:329)
	at org.junit.runners.ParentRunner.access$100(ParentRunner.java:66)
	at org.junit.runners.ParentRunner$2.evaluate(ParentRunner.java:293)
	at org.junit.internal.runners.statements.RunBefores.evaluate(RunBefores.java:26)
	at org.junit.runners.ParentRunner$3.evaluate(ParentRunner.java:306)
	at org.junit.runners.ParentRunner.run(ParentRunner.java:413)
	at com.dotcms.junit.MainBaseSuite$DotRunner.run(MainBaseSuite.java:71)
	at org.junit.runners.Suite.runChild(Suite.java:128)
	at org.junit.runners.Suite.runChild(Suite.java:27)
	at org.junit.runners.ParentRunner$4.run(ParentRunner.java:331)
	at org.junit.runners.ParentRunner$1.schedule(ParentRunner.java:79)
	at org.junit.runners.ParentRunner.runChildren(ParentRunner.java:329)
	at org.junit.runners.ParentRunner.access$100(ParentRunner.java:66)
	at org.junit.runners.ParentRunner$2.evaluate(ParentRunner.java:293)
	at org.junit.runners.ParentRunner$3.evaluate(ParentRunner.java:306)
	at org.junit.runners.ParentRunner.run(ParentRunner.java:413)
	at org.gradle.api.internal.tasks.testing.junit.JUnitTestClassExecutor.runTestClass(JUnitTestClassExecutor.java:110)
	at org.gradle.api.internal.tasks.testing.junit.JUnitTestClassExecutor.execute(JUnitTestClassExecutor.java:58)
	at org.gradle.api.internal.tasks.testing.junit.JUnitTestClassExecutor.execute(JUnitTestClassExecutor.java:38)
	at org.gradle.api.internal.tasks.testing.junit.AbstractJUnitTestClassProcessor.processTestClass(AbstractJUnitTestClassProcessor.java:62)
	at org.gradle.api.internal.tasks.testing.SuiteTestClassProcessor.processTestClass(SuiteTestClassProcessor.java:51)
	at java.base/jdk.internal.reflect.NativeMethodAccessorImpl.invoke0(Native Method)
	at java.base/jdk.internal.reflect.NativeMethodAccessorImpl.invoke(NativeMethodAccessorImpl.java:62)
	at java.base/jdk.internal.reflect.DelegatingMethodAccessorImpl.invoke(DelegatingMethodAccessorImpl.java:43)
	at java.base/java.lang.reflect.Method.invoke(Method.java:566)
	at org.gradle.internal.dispatch.ReflectionDispatch.dispatch(ReflectionDispatch.java:36)
	at org.gradle.internal.dispatch.ReflectionDispatch.dispatch(ReflectionDispatch.java:24)
	at org.gradle.internal.dispatch.ContextClassLoaderDispatch.dispatch(ContextClassLoaderDispatch.java:33)
	at org.gradle.internal.dispatch.ProxyDispatchAdapter$DispatchingInvocationHandler.invoke(ProxyDispatchAdapter.java:94)
	at com.sun.proxy.$Proxy5.processTestClass(Unknown Source)
	at org.gradle.api.internal.tasks.testing.worker.TestWorker$2.run(TestWorker.java:176)
	at org.gradle.api.internal.tasks.testing.worker.TestWorker.executeAndMaintainThreadName(TestWorker.java:129)
	at org.gradle.api.internal.tasks.testing.worker.TestWorker.execute(TestWorker.java:100)
	at org.gradle.api.internal.tasks.testing.worker.TestWorker.execute(TestWorker.java:60)
	at org.gradle.process.internal.worker.child.ActionExecutionWorker.execute(ActionExecutionWorker.java:56)
	at org.gradle.process.internal.worker.child.SystemApplicationClassLoaderWorker.call(SystemApplicationClassLoaderWorker.java:133)
	at org.gradle.process.internal.worker.child.SystemApplicationClassLoaderWorker.call(SystemApplicationClassLoaderWorker.java:71)
	at worker.org.gradle.process.internal.worker.GradleWorkerMain.run(GradleWorkerMain.java:69)
	at worker.org.gradle.process.internal.worker.GradleWorkerMain.main(GradleWorkerMain.java:74)
Caused by: java.util.NoSuchElementException
	at java.base/java.util.ArrayList$Itr.next(ArrayList.java:1000)
	at com.dotcms.cube.PaginationCubeJSResultSet$CubeIterator.next(PaginationCubeJSResultSet.java:69)
	... 62 more
</failure>
  </testcase>
  <testcase name="createRunningIdWhenExperimentIsTurnToRunning" classname="com.dotcms.experiments.business.ExperimentAPIImpIntegrationTest" time="1.265"/>
  <testcase name="test_calcBayesian_ABC" classname="com.dotcms.experiments.business.ExperimentAPIImpIntegrationTest" time="2.762">
    <failure message="junit.framework.AssertionFailedError: expected:&lt;180&gt; but was:&lt;0&gt;" type="junit.framework.AssertionFailedError">junit.framework.AssertionFailedError: expected:&lt;180&gt; but was:&lt;0&gt;
	at junit.framework.Assert.fail(Assert.java:57)
	at junit.framework.Assert.failNotEquals(Assert.java:329)
	at junit.framework.Assert.assertEquals(Assert.java:78)
	at junit.framework.Assert.assertEquals(Assert.java:159)
	at junit.framework.Assert.assertEquals(Assert.java:166)
	at junit.framework.TestCase.assertEquals(TestCase.java:309)
	at com.dotcms.experiments.business.ExperimentAPIImpIntegrationTest.test_calcBayesian_ABC(ExperimentAPIImpIntegrationTest.java:3327)
	at java.base/jdk.internal.reflect.NativeMethodAccessorImpl.invoke0(Native Method)
	at java.base/jdk.internal.reflect.NativeMethodAccessorImpl.invoke(NativeMethodAccessorImpl.java:62)
	at java.base/jdk.internal.reflect.DelegatingMethodAccessorImpl.invoke(DelegatingMethodAccessorImpl.java:43)
	at java.base/java.lang.reflect.Method.invoke(Method.java:566)
	at org.junit.runners.model.FrameworkMethod$1.runReflectiveCall(FrameworkMethod.java:59)
	at org.junit.internal.runners.model.ReflectiveCallable.run(ReflectiveCallable.java:12)
	at org.junit.runners.model.FrameworkMethod.invokeExplosively(FrameworkMethod.java:56)
	at org.junit.internal.runners.statements.InvokeMethod.evaluate(InvokeMethod.java:17)
	at org.junit.internal.runners.statements.RunBefores.evaluate(RunBefores.java:26)
	at org.junit.internal.runners.statements.RunAfters.evaluate(RunAfters.java:27)
	at org.junit.rules.TestWatcher$1.evaluate(TestWatcher.java:61)
	at org.junit.runners.ParentRunner$3.evaluate(ParentRunner.java:306)
	at org.junit.rules.TestWatcher$1.evaluate(TestWatcher.java:61)
	at org.junit.rules.RunRules.evaluate(RunRules.java:20)
	at org.junit.runners.ParentRunner.runLeaf(ParentRunner.java:366)
	at com.dotcms.junit.CustomDataProviderRunner.runChild(CustomDataProviderRunner.java:41)
	at com.dotcms.junit.CustomDataProviderRunner.runChild(CustomDataProviderRunner.java:26)
	at org.junit.runners.ParentRunner$4.run(ParentRunner.java:331)
	at org.junit.runners.ParentRunner$1.schedule(ParentRunner.java:79)
	at org.junit.runners.ParentRunner.runChildren(ParentRunner.java:329)
	at org.junit.runners.ParentRunner.access$100(ParentRunner.java:66)
	at org.junit.runners.ParentRunner$2.evaluate(ParentRunner.java:293)
	at org.junit.internal.runners.statements.RunBefores.evaluate(RunBefores.java:26)
	at org.junit.runners.ParentRunner$3.evaluate(ParentRunner.java:306)
	at org.junit.runners.ParentRunner.run(ParentRunner.java:413)
	at com.dotcms.junit.MainBaseSuite$DotRunner.run(MainBaseSuite.java:71)
	at org.junit.runners.Suite.runChild(Suite.java:128)
	at org.junit.runners.Suite.runChild(Suite.java:27)
	at org.junit.runners.ParentRunner$4.run(ParentRunner.java:331)
	at org.junit.runners.ParentRunner$1.schedule(ParentRunner.java:79)
	at org.junit.runners.ParentRunner.runChildren(ParentRunner.java:329)
	at org.junit.runners.ParentRunner.access$100(ParentRunner.java:66)
	at org.junit.runners.ParentRunner$2.evaluate(ParentRunner.java:293)
	at org.junit.runners.ParentRunner$3.evaluate(ParentRunner.java:306)
	at org.junit.runners.ParentRunner.run(ParentRunner.java:413)
	at org.gradle.api.internal.tasks.testing.junit.JUnitTestClassExecutor.runTestClass(JUnitTestClassExecutor.java:110)
	at org.gradle.api.internal.tasks.testing.junit.JUnitTestClassExecutor.execute(JUnitTestClassExecutor.java:58)
	at org.gradle.api.internal.tasks.testing.junit.JUnitTestClassExecutor.execute(JUnitTestClassExecutor.java:38)
	at org.gradle.api.internal.tasks.testing.junit.AbstractJUnitTestClassProcessor.processTestClass(AbstractJUnitTestClassProcessor.java:62)
	at org.gradle.api.internal.tasks.testing.SuiteTestClassProcessor.processTestClass(SuiteTestClassProcessor.java:51)
	at java.base/jdk.internal.reflect.NativeMethodAccessorImpl.invoke0(Native Method)
	at java.base/jdk.internal.reflect.NativeMethodAccessorImpl.invoke(NativeMethodAccessorImpl.java:62)
	at java.base/jdk.internal.reflect.DelegatingMethodAccessorImpl.invoke(DelegatingMethodAccessorImpl.java:43)
	at java.base/java.lang.reflect.Method.invoke(Method.java:566)
	at org.gradle.internal.dispatch.ReflectionDispatch.dispatch(ReflectionDispatch.java:36)
	at org.gradle.internal.dispatch.ReflectionDispatch.dispatch(ReflectionDispatch.java:24)
	at org.gradle.internal.dispatch.ContextClassLoaderDispatch.dispatch(ContextClassLoaderDispatch.java:33)
	at org.gradle.internal.dispatch.ProxyDispatchAdapter$DispatchingInvocationHandler.invoke(ProxyDispatchAdapter.java:94)
	at com.sun.proxy.$Proxy5.processTestClass(Unknown Source)
	at org.gradle.api.internal.tasks.testing.worker.TestWorker$2.run(TestWorker.java:176)
	at org.gradle.api.internal.tasks.testing.worker.TestWorker.executeAndMaintainThreadName(TestWorker.java:129)
	at org.gradle.api.internal.tasks.testing.worker.TestWorker.execute(TestWorker.java:100)
	at org.gradle.api.internal.tasks.testing.worker.TestWorker.execute(TestWorker.java:60)
	at org.gradle.process.internal.worker.child.ActionExecutionWorker.execute(ActionExecutionWorker.java:56)
	at org.gradle.process.internal.worker.child.SystemApplicationClassLoaderWorker.call(SystemApplicationClassLoaderWorker.java:133)
	at org.gradle.process.internal.worker.child.SystemApplicationClassLoaderWorker.call(SystemApplicationClassLoaderWorker.java:71)
	at worker.org.gradle.process.internal.worker.GradleWorkerMain.run(GradleWorkerMain.java:69)
	at worker.org.gradle.process.internal.worker.GradleWorkerMain.main(GradleWorkerMain.java:74)
</failure>
  </testcase>
  <testcase name="bounceRate" classname="com.dotcms.experiments.business.ExperimentAPIImpIntegrationTest" time="0.904"/>
  <testcase name="tryToGetResultFromExperimentNotSaved" classname="com.dotcms.experiments.business.ExperimentAPIImpIntegrationTest" time="1.53"/>
  <testcase name="testSaveExperiment_shouldNotValidateSchedule" classname="com.dotcms.experiments.business.ExperimentAPIImpIntegrationTest" time="1.367"/>
  <testcase name="testADeleteOriginalVariant_shouldFail" classname="com.dotcms.experiments.business.ExperimentAPIImpIntegrationTest" time="1.564"/>
  <testcase name="createRunningIdWithStartScheduled" classname="com.dotcms.experiments.business.ExperimentAPIImpIntegrationTest" time="2.052"/>
  <testcase name="testAddMoreThanOneOriginalVariant_shouldFail" classname="com.dotcms.experiments.business.ExperimentAPIImpIntegrationTest" time="2.082"/>
  <testcase name="pageNotReachButExperimentPageWasView" classname="com.dotcms.experiments.business.ExperimentAPIImpIntegrationTest" time="2.543">
    <failure message="java.lang.AssertionError: New Request:Cube JS Query is not right, &#10;Expected: {&quot;filters&quot;:[{&quot;values&quot;:[&quot;pageview&quot;],&quot;member&quot;:&quot;Events.eventType&quot;,&quot;operator&quot;:&quot;equals&quot;},{&quot;values&quot;:[&quot;7a28cba4-33cf-4f6b-8d0d-4141abd98020&quot;],&quot;member&quot;:&quot;Events.experiment&quot;,&quot;operator&quot;:&quot;equals&quot;}],&quot;dimensions&quot;:[&quot;Events.referer&quot;,&quot;Events.experiment&quot;,&quot;Events.variant&quot;,&quot;Events.utcTime&quot;,&quot;Events.url&quot;,&quot;Events.lookBackWindow&quot;,&quot;Events.eventType&quot;,&quot;Events.runningId&quot;],&quot;order&quot;:{&quot;Events.lookBackWindow&quot;:&quot;asc&quot;,&quot;Events.utcTime&quot;:&quot;asc&quot;}} &#10;Current {&quot;filters&quot;:[{&quot;values&quot;:[&quot;pageview&quot;],&quot;member&quot;:&quot;Events.eventType&quot;,&quot;operator&quot;:&quot;equals&quot;},{&quot;values&quot;:[&quot;7a28cba4-33cf-4f6b-8d0d-4141abd98020&quot;],&quot;member&quot;:&quot;Events.experiment&quot;,&quot;operator&quot;:&quot;equals&quot;},{&quot;values&quot;:[&quot;9e52d181-6c86-4b2e-915a-fa50c13a1742&quot;],&quot;member&quot;:&quot;Events.runningId&quot;,&quot;operator&quot;:&quot;equals&quot;}],&quot;dimensions&quot;:[&quot;Events.referer&quot;,&quot;Events.experiment&quot;,&quot;Events.variant&quot;,&quot;Events.utcTime&quot;,&quot;Events.url&quot;,&quot;Events.lookBackWindow&quot;,&quot;Events.eventType&quot;,&quot;Events.runningId&quot;],&quot;order&quot;:{&quot;Events.lookBackWindow&quot;:&quot;asc&quot;,&quot;Events.utcTime&quot;:&quot;asc&quot;}}&#10;Cube JS Query is not right, &#10;Expected: {&quot;measures&quot;: [&quot;Events.count&quot;],&quot;dimensions&quot;: [&quot;Events.variant&quot;],  &quot;filters&quot;: [    {      &quot;member&quot;: &quot;Events.eventType&quot;,      &quot;operator&quot;: &quot;equals&quot;,      &quot;values&quot;: [        &quot;pageview&quot;      ]    },    {      &quot;member&quot;: &quot;Events.variant&quot;,      &quot;operator&quot;: &quot;equals&quot;,      &quot;values&quot;: [&quot;DEFAULT&quot;,&quot;dotexperiment-7a28cba433-variant-1&quot;]    },    {      &quot;member&quot;: &quot;Events.experiment&quot;,      &quot;operator&quot;: &quot;equals&quot;,      &quot;values&quot;: [&quot;7a28cba4-33cf-4f6b-8d0d-4141abd98020&quot;]    }  ]} &#10;Current {&quot;filters&quot;:[{&quot;values&quot;:[&quot;pageview&quot;],&quot;member&quot;:&quot;Events.eventType&quot;,&quot;operator&quot;:&quot;equals&quot;},{&quot;values&quot;:[&quot;7a28cba4-33cf-4f6b-8d0d-4141abd98020&quot;],&quot;member&quot;:&quot;Events.experiment&quot;,&quot;operator&quot;:&quot;equals&quot;},{&quot;values&quot;:[&quot;9e52d181-6c86-4b2e-915a-fa50c13a1742&quot;],&quot;member&quot;:&quot;Events.runningId&quot;,&quot;operator&quot;:&quot;equals&quot;}],&quot;dimensions&quot;:[&quot;Events.referer&quot;,&quot;Events.experiment&quot;,&quot;Events.variant&quot;,&quot;Events.utcTime&quot;,&quot;Events.url&quot;,&quot;Events.lookBackWindow&quot;,&quot;Events.eventType&quot;,&quot;Events.runningId&quot;],&quot;order&quot;:{&quot;Events.lookBackWindow&quot;:&quot;asc&quot;,&quot;Events.utcTime&quot;:&quot;asc&quot;}}&#10;Cube JS Query is not right, &#10;Expected: {&quot;filters&quot;:[{&quot;values&quot;:[&quot;pageview&quot;],&quot;member&quot;:&quot;Events.eventType&quot;,&quot;operator&quot;:&quot;equals&quot;},{&quot;values&quot;:[&quot;7a28cba4-33cf-4f6b-8d0d-4141abd98020&quot;],&quot;member&quot;:&quot;Events.experiment&quot;,&quot;operator&quot;:&quot;equals&quot;},{&quot;values&quot;:[&quot;9e52d181-6c86-4b2e-915a-fa50c13a1742&quot;],&quot;member&quot;:&quot;Events.runningId&quot;,&quot;operator&quot;:&quot;equals&quot;}],&quot;measures&quot;:[&quot;Events.count&quot;],&quot;order&quot;:{&quot;Events.lookBackWindow&quot;:&quot;asc&quot;,&quot;Events.utcTime&quot;:&quot;asc&quot;}} &#10;Current {&quot;filters&quot;:[{&quot;values&quot;:[&quot;pageview&quot;],&quot;member&quot;:&quot;Events.eventType&quot;,&quot;operator&quot;:&quot;equals&quot;},{&quot;values&quot;:[&quot;7a28cba4-33cf-4f6b-8d0d-4141abd98020&quot;],&quot;member&quot;:&quot;Events.experiment&quot;,&quot;operator&quot;:&quot;equals&quot;},{&quot;values&quot;:[&quot;9e52d181-6c86-4b2e-915a-fa50c13a1742&quot;],&quot;member&quot;:&quot;Events.runningId&quot;,&quot;operator&quot;:&quot;equals&quot;}],&quot;dimensions&quot;:[&quot;Events.referer&quot;,&quot;Events.experiment&quot;,&quot;Events.variant&quot;,&quot;Events.utcTime&quot;,&quot;Events.url&quot;,&quot;Events.lookBackWindow&quot;,&quot;Events.eventType&quot;,&quot;Events.runningId&quot;],&quot;order&quot;:{&quot;Events.lookBackWindow&quot;:&quot;asc&quot;,&quot;Events.utcTime&quot;:&quot;asc&quot;}}" type="java.lang.AssertionError">java.lang.AssertionError: New Request:Cube JS Query is not right, 
Expected: {&quot;filters&quot;:[{&quot;values&quot;:[&quot;pageview&quot;],&quot;member&quot;:&quot;Events.eventType&quot;,&quot;operator&quot;:&quot;equals&quot;},{&quot;values&quot;:[&quot;7a28cba4-33cf-4f6b-8d0d-4141abd98020&quot;],&quot;member&quot;:&quot;Events.experiment&quot;,&quot;operator&quot;:&quot;equals&quot;}],&quot;dimensions&quot;:[&quot;Events.referer&quot;,&quot;Events.experiment&quot;,&quot;Events.variant&quot;,&quot;Events.utcTime&quot;,&quot;Events.url&quot;,&quot;Events.lookBackWindow&quot;,&quot;Events.eventType&quot;,&quot;Events.runningId&quot;],&quot;order&quot;:{&quot;Events.lookBackWindow&quot;:&quot;asc&quot;,&quot;Events.utcTime&quot;:&quot;asc&quot;}} 
Current {&quot;filters&quot;:[{&quot;values&quot;:[&quot;pageview&quot;],&quot;member&quot;:&quot;Events.eventType&quot;,&quot;operator&quot;:&quot;equals&quot;},{&quot;values&quot;:[&quot;7a28cba4-33cf-4f6b-8d0d-4141abd98020&quot;],&quot;member&quot;:&quot;Events.experiment&quot;,&quot;operator&quot;:&quot;equals&quot;},{&quot;values&quot;:[&quot;9e52d181-6c86-4b2e-915a-fa50c13a1742&quot;],&quot;member&quot;:&quot;Events.runningId&quot;,&quot;operator&quot;:&quot;equals&quot;}],&quot;dimensions&quot;:[&quot;Events.referer&quot;,&quot;Events.experiment&quot;,&quot;Events.variant&quot;,&quot;Events.utcTime&quot;,&quot;Events.url&quot;,&quot;Events.lookBackWindow&quot;,&quot;Events.eventType&quot;,&quot;Events.runningId&quot;],&quot;order&quot;:{&quot;Events.lookBackWindow&quot;:&quot;asc&quot;,&quot;Events.utcTime&quot;:&quot;asc&quot;}}
Cube JS Query is not right, 
Expected: {&quot;measures&quot;: [&quot;Events.count&quot;],&quot;dimensions&quot;: [&quot;Events.variant&quot;],  &quot;filters&quot;: [    {      &quot;member&quot;: &quot;Events.eventType&quot;,      &quot;operator&quot;: &quot;equals&quot;,      &quot;values&quot;: [        &quot;pageview&quot;      ]    },    {      &quot;member&quot;: &quot;Events.variant&quot;,      &quot;operator&quot;: &quot;equals&quot;,      &quot;values&quot;: [&quot;DEFAULT&quot;,&quot;dotexperiment-7a28cba433-variant-1&quot;]    },    {      &quot;member&quot;: &quot;Events.experiment&quot;,      &quot;operator&quot;: &quot;equals&quot;,      &quot;values&quot;: [&quot;7a28cba4-33cf-4f6b-8d0d-4141abd98020&quot;]    }  ]} 
Current {&quot;filters&quot;:[{&quot;values&quot;:[&quot;pageview&quot;],&quot;member&quot;:&quot;Events.eventType&quot;,&quot;operator&quot;:&quot;equals&quot;},{&quot;values&quot;:[&quot;7a28cba4-33cf-4f6b-8d0d-4141abd98020&quot;],&quot;member&quot;:&quot;Events.experiment&quot;,&quot;operator&quot;:&quot;equals&quot;},{&quot;values&quot;:[&quot;9e52d181-6c86-4b2e-915a-fa50c13a1742&quot;],&quot;member&quot;:&quot;Events.runningId&quot;,&quot;operator&quot;:&quot;equals&quot;}],&quot;dimensions&quot;:[&quot;Events.referer&quot;,&quot;Events.experiment&quot;,&quot;Events.variant&quot;,&quot;Events.utcTime&quot;,&quot;Events.url&quot;,&quot;Events.lookBackWindow&quot;,&quot;Events.eventType&quot;,&quot;Events.runningId&quot;],&quot;order&quot;:{&quot;Events.lookBackWindow&quot;:&quot;asc&quot;,&quot;Events.utcTime&quot;:&quot;asc&quot;}}
Cube JS Query is not right, 
Expected: {&quot;filters&quot;:[{&quot;values&quot;:[&quot;pageview&quot;],&quot;member&quot;:&quot;Events.eventType&quot;,&quot;operator&quot;:&quot;equals&quot;},{&quot;values&quot;:[&quot;7a28cba4-33cf-4f6b-8d0d-4141abd98020&quot;],&quot;member&quot;:&quot;Events.experiment&quot;,&quot;operator&quot;:&quot;equals&quot;},{&quot;values&quot;:[&quot;9e52d181-6c86-4b2e-915a-fa50c13a1742&quot;],&quot;member&quot;:&quot;Events.runningId&quot;,&quot;operator&quot;:&quot;equals&quot;}],&quot;measures&quot;:[&quot;Events.count&quot;],&quot;order&quot;:{&quot;Events.lookBackWindow&quot;:&quot;asc&quot;,&quot;Events.utcTime&quot;:&quot;asc&quot;}} 
Current {&quot;filters&quot;:[{&quot;values&quot;:[&quot;pageview&quot;],&quot;member&quot;:&quot;Events.eventType&quot;,&quot;operator&quot;:&quot;equals&quot;},{&quot;values&quot;:[&quot;7a28cba4-33cf-4f6b-8d0d-4141abd98020&quot;],&quot;member&quot;:&quot;Events.experiment&quot;,&quot;operator&quot;:&quot;equals&quot;},{&quot;values&quot;:[&quot;9e52d181-6c86-4b2e-915a-fa50c13a1742&quot;],&quot;member&quot;:&quot;Events.runningId&quot;,&quot;operator&quot;:&quot;equals&quot;}],&quot;dimensions&quot;:[&quot;Events.referer&quot;,&quot;Events.experiment&quot;,&quot;Events.variant&quot;,&quot;Events.utcTime&quot;,&quot;Events.url&quot;,&quot;Events.lookBackWindow&quot;,&quot;Events.eventType&quot;,&quot;Events.runningId&quot;],&quot;order&quot;:{&quot;Events.lookBackWindow&quot;:&quot;asc&quot;,&quot;Events.utcTime&quot;:&quot;asc&quot;}}
	at com.dotcms.http.server.mock.MockHttpServer.validate(MockHttpServer.java:168)
	at com.dotcms.experiments.business.ExperimentAPIImpIntegrationTest.pageNotReachButExperimentPageWasView(ExperimentAPIImpIntegrationTest.java:1462)
	at java.base/jdk.internal.reflect.NativeMethodAccessorImpl.invoke0(Native Method)
	at java.base/jdk.internal.reflect.NativeMethodAccessorImpl.invoke(NativeMethodAccessorImpl.java:62)
	at java.base/jdk.internal.reflect.DelegatingMethodAccessorImpl.invoke(DelegatingMethodAccessorImpl.java:43)
	at java.base/java.lang.reflect.Method.invoke(Method.java:566)
	at org.junit.runners.model.FrameworkMethod$1.runReflectiveCall(FrameworkMethod.java:59)
	at org.junit.internal.runners.model.ReflectiveCallable.run(ReflectiveCallable.java:12)
	at org.junit.runners.model.FrameworkMethod.invokeExplosively(FrameworkMethod.java:56)
	at org.junit.internal.runners.statements.InvokeMethod.evaluate(InvokeMethod.java:17)
	at org.junit.internal.runners.statements.RunBefores.evaluate(RunBefores.java:26)
	at org.junit.internal.runners.statements.RunAfters.evaluate(RunAfters.java:27)
	at org.junit.rules.TestWatcher$1.evaluate(TestWatcher.java:61)
	at org.junit.runners.ParentRunner$3.evaluate(ParentRunner.java:306)
	at org.junit.rules.TestWatcher$1.evaluate(TestWatcher.java:61)
	at org.junit.rules.RunRules.evaluate(RunRules.java:20)
	at org.junit.runners.ParentRunner.runLeaf(ParentRunner.java:366)
	at com.dotcms.junit.CustomDataProviderRunner.runChild(CustomDataProviderRunner.java:41)
	at com.dotcms.junit.CustomDataProviderRunner.runChild(CustomDataProviderRunner.java:26)
	at org.junit.runners.ParentRunner$4.run(ParentRunner.java:331)
	at org.junit.runners.ParentRunner$1.schedule(ParentRunner.java:79)
	at org.junit.runners.ParentRunner.runChildren(ParentRunner.java:329)
	at org.junit.runners.ParentRunner.access$100(ParentRunner.java:66)
	at org.junit.runners.ParentRunner$2.evaluate(ParentRunner.java:293)
	at org.junit.internal.runners.statements.RunBefores.evaluate(RunBefores.java:26)
	at org.junit.runners.ParentRunner$3.evaluate(ParentRunner.java:306)
	at org.junit.runners.ParentRunner.run(ParentRunner.java:413)
	at com.dotcms.junit.MainBaseSuite$DotRunner.run(MainBaseSuite.java:71)
	at org.junit.runners.Suite.runChild(Suite.java:128)
	at org.junit.runners.Suite.runChild(Suite.java:27)
	at org.junit.runners.ParentRunner$4.run(ParentRunner.java:331)
	at org.junit.runners.ParentRunner$1.schedule(ParentRunner.java:79)
	at org.junit.runners.ParentRunner.runChildren(ParentRunner.java:329)
	at org.junit.runners.ParentRunner.access$100(ParentRunner.java:66)
	at org.junit.runners.ParentRunner$2.evaluate(ParentRunner.java:293)
	at org.junit.runners.ParentRunner$3.evaluate(ParentRunner.java:306)
	at org.junit.runners.ParentRunner.run(ParentRunner.java:413)
	at org.gradle.api.internal.tasks.testing.junit.JUnitTestClassExecutor.runTestClass(JUnitTestClassExecutor.java:110)
	at org.gradle.api.internal.tasks.testing.junit.JUnitTestClassExecutor.execute(JUnitTestClassExecutor.java:58)
	at org.gradle.api.internal.tasks.testing.junit.JUnitTestClassExecutor.execute(JUnitTestClassExecutor.java:38)
	at org.gradle.api.internal.tasks.testing.junit.AbstractJUnitTestClassProcessor.processTestClass(AbstractJUnitTestClassProcessor.java:62)
	at org.gradle.api.internal.tasks.testing.SuiteTestClassProcessor.processTestClass(SuiteTestClassProcessor.java:51)
	at java.base/jdk.internal.reflect.NativeMethodAccessorImpl.invoke0(Native Method)
	at java.base/jdk.internal.reflect.NativeMethodAccessorImpl.invoke(NativeMethodAccessorImpl.java:62)
	at java.base/jdk.internal.reflect.DelegatingMethodAccessorImpl.invoke(DelegatingMethodAccessorImpl.java:43)
	at java.base/java.lang.reflect.Method.invoke(Method.java:566)
	at org.gradle.internal.dispatch.ReflectionDispatch.dispatch(ReflectionDispatch.java:36)
	at org.gradle.internal.dispatch.ReflectionDispatch.dispatch(ReflectionDispatch.java:24)
	at org.gradle.internal.dispatch.ContextClassLoaderDispatch.dispatch(ContextClassLoaderDispatch.java:33)
	at org.gradle.internal.dispatch.ProxyDispatchAdapter$DispatchingInvocationHandler.invoke(ProxyDispatchAdapter.java:94)
	at com.sun.proxy.$Proxy5.processTestClass(Unknown Source)
	at org.gradle.api.internal.tasks.testing.worker.TestWorker$2.run(TestWorker.java:176)
	at org.gradle.api.internal.tasks.testing.worker.TestWorker.executeAndMaintainThreadName(TestWorker.java:129)
	at org.gradle.api.internal.tasks.testing.worker.TestWorker.execute(TestWorker.java:100)
	at org.gradle.api.internal.tasks.testing.worker.TestWorker.execute(TestWorker.java:60)
	at org.gradle.process.internal.worker.child.ActionExecutionWorker.execute(ActionExecutionWorker.java:56)
	at org.gradle.process.internal.worker.child.SystemApplicationClassLoaderWorker.call(SystemApplicationClassLoaderWorker.java:133)
	at org.gradle.process.internal.worker.child.SystemApplicationClassLoaderWorker.call(SystemApplicationClassLoaderWorker.java:71)
	at worker.org.gradle.process.internal.worker.GradleWorkerMain.run(GradleWorkerMain.java:69)
	at worker.org.gradle.process.internal.worker.GradleWorkerMain.main(GradleWorkerMain.java:74)
</failure>
  </testcase>
  <testcase name="addUrlConditionToReachPageGoal" classname="com.dotcms.experiments.business.ExperimentAPIImpIntegrationTest" time="1.766"/>
  <testcase name="restartExperimentMustGenerateTwoRunningIds" classname="com.dotcms.experiments.business.ExperimentAPIImpIntegrationTest" time="1.819"/>
  <testcase name="resultWithPaginationWhenTheLastPageIsNotComplte" classname="com.dotcms.experiments.business.ExperimentAPIImpIntegrationTest" time="1.685">
    <failure message="java.lang.RuntimeException: java.util.NoSuchElementException" type="java.lang.RuntimeException">java.lang.RuntimeException: java.util.NoSuchElementException
	at com.dotcms.cube.PaginationCubeJSResultSet$CubeIterator.next(PaginationCubeJSResultSet.java:72)
	at com.dotcms.cube.PaginationCubeJSResultSet$CubeIterator.next(PaginationCubeJSResultSet.java:38)
	at com.dotcms.experiments.business.ExperimentsAPIImpl.getEvents(ExperimentsAPIImpl.java:996)
	at com.dotcms.experiments.business.ExperimentsAPIImpl.getResults(ExperimentsAPIImpl.java:942)
	at com.dotcms.experiments.business.ExperimentAPIImpIntegrationTest.resultWithPaginationWhenTheLastPageIsNotComplte(ExperimentAPIImpIntegrationTest.java:1054)
	at java.base/jdk.internal.reflect.NativeMethodAccessorImpl.invoke0(Native Method)
	at java.base/jdk.internal.reflect.NativeMethodAccessorImpl.invoke(NativeMethodAccessorImpl.java:62)
	at java.base/jdk.internal.reflect.DelegatingMethodAccessorImpl.invoke(DelegatingMethodAccessorImpl.java:43)
	at java.base/java.lang.reflect.Method.invoke(Method.java:566)
	at org.junit.runners.model.FrameworkMethod$1.runReflectiveCall(FrameworkMethod.java:59)
	at org.junit.internal.runners.model.ReflectiveCallable.run(ReflectiveCallable.java:12)
	at org.junit.runners.model.FrameworkMethod.invokeExplosively(FrameworkMethod.java:56)
	at org.junit.internal.runners.statements.InvokeMethod.evaluate(InvokeMethod.java:17)
	at org.junit.internal.runners.statements.RunBefores.evaluate(RunBefores.java:26)
	at org.junit.internal.runners.statements.RunAfters.evaluate(RunAfters.java:27)
	at org.junit.rules.TestWatcher$1.evaluate(TestWatcher.java:61)
	at org.junit.runners.ParentRunner$3.evaluate(ParentRunner.java:306)
	at org.junit.rules.TestWatcher$1.evaluate(TestWatcher.java:61)
	at org.junit.rules.RunRules.evaluate(RunRules.java:20)
	at org.junit.runners.ParentRunner.runLeaf(ParentRunner.java:366)
	at com.dotcms.junit.CustomDataProviderRunner.runChild(CustomDataProviderRunner.java:41)
	at com.dotcms.junit.CustomDataProviderRunner.runChild(CustomDataProviderRunner.java:26)
	at org.junit.runners.ParentRunner$4.run(ParentRunner.java:331)
	at org.junit.runners.ParentRunner$1.schedule(ParentRunner.java:79)
	at org.junit.runners.ParentRunner.runChildren(ParentRunner.java:329)
	at org.junit.runners.ParentRunner.access$100(ParentRunner.java:66)
	at org.junit.runners.ParentRunner$2.evaluate(ParentRunner.java:293)
	at org.junit.internal.runners.statements.RunBefores.evaluate(RunBefores.java:26)
	at org.junit.runners.ParentRunner$3.evaluate(ParentRunner.java:306)
	at org.junit.runners.ParentRunner.run(ParentRunner.java:413)
	at com.dotcms.junit.MainBaseSuite$DotRunner.run(MainBaseSuite.java:71)
	at org.junit.runners.Suite.runChild(Suite.java:128)
	at org.junit.runners.Suite.runChild(Suite.java:27)
	at org.junit.runners.ParentRunner$4.run(ParentRunner.java:331)
	at org.junit.runners.ParentRunner$1.schedule(ParentRunner.java:79)
	at org.junit.runners.ParentRunner.runChildren(ParentRunner.java:329)
	at org.junit.runners.ParentRunner.access$100(ParentRunner.java:66)
	at org.junit.runners.ParentRunner$2.evaluate(ParentRunner.java:293)
	at org.junit.runners.ParentRunner$3.evaluate(ParentRunner.java:306)
	at org.junit.runners.ParentRunner.run(ParentRunner.java:413)
	at org.gradle.api.internal.tasks.testing.junit.JUnitTestClassExecutor.runTestClass(JUnitTestClassExecutor.java:110)
	at org.gradle.api.internal.tasks.testing.junit.JUnitTestClassExecutor.execute(JUnitTestClassExecutor.java:58)
	at org.gradle.api.internal.tasks.testing.junit.JUnitTestClassExecutor.execute(JUnitTestClassExecutor.java:38)
	at org.gradle.api.internal.tasks.testing.junit.AbstractJUnitTestClassProcessor.processTestClass(AbstractJUnitTestClassProcessor.java:62)
	at org.gradle.api.internal.tasks.testing.SuiteTestClassProcessor.processTestClass(SuiteTestClassProcessor.java:51)
	at java.base/jdk.internal.reflect.NativeMethodAccessorImpl.invoke0(Native Method)
	at java.base/jdk.internal.reflect.NativeMethodAccessorImpl.invoke(NativeMethodAccessorImpl.java:62)
	at java.base/jdk.internal.reflect.DelegatingMethodAccessorImpl.invoke(DelegatingMethodAccessorImpl.java:43)
	at java.base/java.lang.reflect.Method.invoke(Method.java:566)
	at org.gradle.internal.dispatch.ReflectionDispatch.dispatch(ReflectionDispatch.java:36)
	at org.gradle.internal.dispatch.ReflectionDispatch.dispatch(ReflectionDispatch.java:24)
	at org.gradle.internal.dispatch.ContextClassLoaderDispatch.dispatch(ContextClassLoaderDispatch.java:33)
	at org.gradle.internal.dispatch.ProxyDispatchAdapter$DispatchingInvocationHandler.invoke(ProxyDispatchAdapter.java:94)
	at com.sun.proxy.$Proxy5.processTestClass(Unknown Source)
	at org.gradle.api.internal.tasks.testing.worker.TestWorker$2.run(TestWorker.java:176)
	at org.gradle.api.internal.tasks.testing.worker.TestWorker.executeAndMaintainThreadName(TestWorker.java:129)
	at org.gradle.api.internal.tasks.testing.worker.TestWorker.execute(TestWorker.java:100)
	at org.gradle.api.internal.tasks.testing.worker.TestWorker.execute(TestWorker.java:60)
	at org.gradle.process.internal.worker.child.ActionExecutionWorker.execute(ActionExecutionWorker.java:56)
	at org.gradle.process.internal.worker.child.SystemApplicationClassLoaderWorker.call(SystemApplicationClassLoaderWorker.java:133)
	at org.gradle.process.internal.worker.child.SystemApplicationClassLoaderWorker.call(SystemApplicationClassLoaderWorker.java:71)
	at worker.org.gradle.process.internal.worker.GradleWorkerMain.run(GradleWorkerMain.java:69)
	at worker.org.gradle.process.internal.worker.GradleWorkerMain.main(GradleWorkerMain.java:74)
Caused by: java.util.NoSuchElementException
	at java.base/java.util.ArrayList$Itr.next(ArrayList.java:1000)
	at com.dotcms.cube.PaginationCubeJSResultSet$CubeIterator.next(PaginationCubeJSResultSet.java:69)
	... 62 more
</failure>
  </testcase>
  <testcase name="pageReachDirectReferer" classname="com.dotcms.experiments.business.ExperimentAPIImpIntegrationTest" time="1.125">
    <failure message="java.lang.AssertionError: New Request:Cube JS Query is not right, &#10;Expected: {&quot;filters&quot;:[{&quot;values&quot;:[&quot;pageview&quot;],&quot;member&quot;:&quot;Events.eventType&quot;,&quot;operator&quot;:&quot;equals&quot;},{&quot;values&quot;:[&quot;7bdc1aee-4ae1-4300-8efb-53f9399756e9&quot;],&quot;member&quot;:&quot;Events.experiment&quot;,&quot;operator&quot;:&quot;equals&quot;}],&quot;dimensions&quot;:[&quot;Events.referer&quot;,&quot;Events.experiment&quot;,&quot;Events.variant&quot;,&quot;Events.utcTime&quot;,&quot;Events.url&quot;,&quot;Events.lookBackWindow&quot;,&quot;Events.eventType&quot;,&quot;Events.runningId&quot;],&quot;order&quot;:{&quot;Events.lookBackWindow&quot;:&quot;asc&quot;,&quot;Events.utcTime&quot;:&quot;asc&quot;}} &#10;Current {&quot;filters&quot;:[{&quot;values&quot;:[&quot;pageview&quot;],&quot;member&quot;:&quot;Events.eventType&quot;,&quot;operator&quot;:&quot;equals&quot;},{&quot;values&quot;:[&quot;7bdc1aee-4ae1-4300-8efb-53f9399756e9&quot;],&quot;member&quot;:&quot;Events.experiment&quot;,&quot;operator&quot;:&quot;equals&quot;},{&quot;values&quot;:[&quot;cdf0d468-f5a2-4cc5-b5ee-419d7838b790&quot;],&quot;member&quot;:&quot;Events.runningId&quot;,&quot;operator&quot;:&quot;equals&quot;}],&quot;dimensions&quot;:[&quot;Events.referer&quot;,&quot;Events.experiment&quot;,&quot;Events.variant&quot;,&quot;Events.utcTime&quot;,&quot;Events.url&quot;,&quot;Events.lookBackWindow&quot;,&quot;Events.eventType&quot;,&quot;Events.runningId&quot;],&quot;order&quot;:{&quot;Events.lookBackWindow&quot;:&quot;asc&quot;,&quot;Events.utcTime&quot;:&quot;asc&quot;}}&#10;Cube JS Query is not right, &#10;Expected: {&quot;measures&quot;: [&quot;Events.count&quot;],&quot;dimensions&quot;: [&quot;Events.variant&quot;],  &quot;filters&quot;: [    {      &quot;member&quot;: &quot;Events.eventType&quot;,      &quot;operator&quot;: &quot;equals&quot;,      &quot;values&quot;: [        &quot;pageview&quot;      ]    },    {      &quot;member&quot;: &quot;Events.variant&quot;,      &quot;operator&quot;: &quot;equals&quot;,      &quot;values&quot;: [&quot;DEFAULT&quot;,&quot;dotexperiment-7bdc1aee4a-variant-1&quot;]    },    {      &quot;member&quot;: &quot;Events.experiment&quot;,      &quot;operator&quot;: &quot;equals&quot;,      &quot;values&quot;: [&quot;7bdc1aee-4ae1-4300-8efb-53f9399756e9&quot;]    }  ]} &#10;Current {&quot;filters&quot;:[{&quot;values&quot;:[&quot;pageview&quot;],&quot;member&quot;:&quot;Events.eventType&quot;,&quot;operator&quot;:&quot;equals&quot;},{&quot;values&quot;:[&quot;7bdc1aee-4ae1-4300-8efb-53f9399756e9&quot;],&quot;member&quot;:&quot;Events.experiment&quot;,&quot;operator&quot;:&quot;equals&quot;},{&quot;values&quot;:[&quot;cdf0d468-f5a2-4cc5-b5ee-419d7838b790&quot;],&quot;member&quot;:&quot;Events.runningId&quot;,&quot;operator&quot;:&quot;equals&quot;}],&quot;dimensions&quot;:[&quot;Events.referer&quot;,&quot;Events.experiment&quot;,&quot;Events.variant&quot;,&quot;Events.utcTime&quot;,&quot;Events.url&quot;,&quot;Events.lookBackWindow&quot;,&quot;Events.eventType&quot;,&quot;Events.runningId&quot;],&quot;order&quot;:{&quot;Events.lookBackWindow&quot;:&quot;asc&quot;,&quot;Events.utcTime&quot;:&quot;asc&quot;}}&#10;Cube JS Query is not right, &#10;Expected: {&quot;filters&quot;:[{&quot;values&quot;:[&quot;pageview&quot;],&quot;member&quot;:&quot;Events.eventType&quot;,&quot;operator&quot;:&quot;equals&quot;},{&quot;values&quot;:[&quot;7bdc1aee-4ae1-4300-8efb-53f9399756e9&quot;],&quot;member&quot;:&quot;Events.experiment&quot;,&quot;operator&quot;:&quot;equals&quot;},{&quot;values&quot;:[&quot;cdf0d468-f5a2-4cc5-b5ee-419d7838b790&quot;],&quot;member&quot;:&quot;Events.runningId&quot;,&quot;operator&quot;:&quot;equals&quot;}],&quot;measures&quot;:[&quot;Events.count&quot;],&quot;order&quot;:{&quot;Events.lookBackWindow&quot;:&quot;asc&quot;,&quot;Events.utcTime&quot;:&quot;asc&quot;}} &#10;Current {&quot;filters&quot;:[{&quot;values&quot;:[&quot;pageview&quot;],&quot;member&quot;:&quot;Events.eventType&quot;,&quot;operator&quot;:&quot;equals&quot;},{&quot;values&quot;:[&quot;7bdc1aee-4ae1-4300-8efb-53f9399756e9&quot;],&quot;member&quot;:&quot;Events.experiment&quot;,&quot;operator&quot;:&quot;equals&quot;},{&quot;values&quot;:[&quot;cdf0d468-f5a2-4cc5-b5ee-419d7838b790&quot;],&quot;member&quot;:&quot;Events.runningId&quot;,&quot;operator&quot;:&quot;equals&quot;}],&quot;dimensions&quot;:[&quot;Events.referer&quot;,&quot;Events.experiment&quot;,&quot;Events.variant&quot;,&quot;Events.utcTime&quot;,&quot;Events.url&quot;,&quot;Events.lookBackWindow&quot;,&quot;Events.eventType&quot;,&quot;Events.runningId&quot;],&quot;order&quot;:{&quot;Events.lookBackWindow&quot;:&quot;asc&quot;,&quot;Events.utcTime&quot;:&quot;asc&quot;}}" type="java.lang.AssertionError">java.lang.AssertionError: New Request:Cube JS Query is not right, 
Expected: {&quot;filters&quot;:[{&quot;values&quot;:[&quot;pageview&quot;],&quot;member&quot;:&quot;Events.eventType&quot;,&quot;operator&quot;:&quot;equals&quot;},{&quot;values&quot;:[&quot;7bdc1aee-4ae1-4300-8efb-53f9399756e9&quot;],&quot;member&quot;:&quot;Events.experiment&quot;,&quot;operator&quot;:&quot;equals&quot;}],&quot;dimensions&quot;:[&quot;Events.referer&quot;,&quot;Events.experiment&quot;,&quot;Events.variant&quot;,&quot;Events.utcTime&quot;,&quot;Events.url&quot;,&quot;Events.lookBackWindow&quot;,&quot;Events.eventType&quot;,&quot;Events.runningId&quot;],&quot;order&quot;:{&quot;Events.lookBackWindow&quot;:&quot;asc&quot;,&quot;Events.utcTime&quot;:&quot;asc&quot;}} 
Current {&quot;filters&quot;:[{&quot;values&quot;:[&quot;pageview&quot;],&quot;member&quot;:&quot;Events.eventType&quot;,&quot;operator&quot;:&quot;equals&quot;},{&quot;values&quot;:[&quot;7bdc1aee-4ae1-4300-8efb-53f9399756e9&quot;],&quot;member&quot;:&quot;Events.experiment&quot;,&quot;operator&quot;:&quot;equals&quot;},{&quot;values&quot;:[&quot;cdf0d468-f5a2-4cc5-b5ee-419d7838b790&quot;],&quot;member&quot;:&quot;Events.runningId&quot;,&quot;operator&quot;:&quot;equals&quot;}],&quot;dimensions&quot;:[&quot;Events.referer&quot;,&quot;Events.experiment&quot;,&quot;Events.variant&quot;,&quot;Events.utcTime&quot;,&quot;Events.url&quot;,&quot;Events.lookBackWindow&quot;,&quot;Events.eventType&quot;,&quot;Events.runningId&quot;],&quot;order&quot;:{&quot;Events.lookBackWindow&quot;:&quot;asc&quot;,&quot;Events.utcTime&quot;:&quot;asc&quot;}}
Cube JS Query is not right, 
Expected: {&quot;measures&quot;: [&quot;Events.count&quot;],&quot;dimensions&quot;: [&quot;Events.variant&quot;],  &quot;filters&quot;: [    {      &quot;member&quot;: &quot;Events.eventType&quot;,      &quot;operator&quot;: &quot;equals&quot;,      &quot;values&quot;: [        &quot;pageview&quot;      ]    },    {      &quot;member&quot;: &quot;Events.variant&quot;,      &quot;operator&quot;: &quot;equals&quot;,      &quot;values&quot;: [&quot;DEFAULT&quot;,&quot;dotexperiment-7bdc1aee4a-variant-1&quot;]    },    {      &quot;member&quot;: &quot;Events.experiment&quot;,      &quot;operator&quot;: &quot;equals&quot;,      &quot;values&quot;: [&quot;7bdc1aee-4ae1-4300-8efb-53f9399756e9&quot;]    }  ]} 
Current {&quot;filters&quot;:[{&quot;values&quot;:[&quot;pageview&quot;],&quot;member&quot;:&quot;Events.eventType&quot;,&quot;operator&quot;:&quot;equals&quot;},{&quot;values&quot;:[&quot;7bdc1aee-4ae1-4300-8efb-53f9399756e9&quot;],&quot;member&quot;:&quot;Events.experiment&quot;,&quot;operator&quot;:&quot;equals&quot;},{&quot;values&quot;:[&quot;cdf0d468-f5a2-4cc5-b5ee-419d7838b790&quot;],&quot;member&quot;:&quot;Events.runningId&quot;,&quot;operator&quot;:&quot;equals&quot;}],&quot;dimensions&quot;:[&quot;Events.referer&quot;,&quot;Events.experiment&quot;,&quot;Events.variant&quot;,&quot;Events.utcTime&quot;,&quot;Events.url&quot;,&quot;Events.lookBackWindow&quot;,&quot;Events.eventType&quot;,&quot;Events.runningId&quot;],&quot;order&quot;:{&quot;Events.lookBackWindow&quot;:&quot;asc&quot;,&quot;Events.utcTime&quot;:&quot;asc&quot;}}
Cube JS Query is not right, 
Expected: {&quot;filters&quot;:[{&quot;values&quot;:[&quot;pageview&quot;],&quot;member&quot;:&quot;Events.eventType&quot;,&quot;operator&quot;:&quot;equals&quot;},{&quot;values&quot;:[&quot;7bdc1aee-4ae1-4300-8efb-53f9399756e9&quot;],&quot;member&quot;:&quot;Events.experiment&quot;,&quot;operator&quot;:&quot;equals&quot;},{&quot;values&quot;:[&quot;cdf0d468-f5a2-4cc5-b5ee-419d7838b790&quot;],&quot;member&quot;:&quot;Events.runningId&quot;,&quot;operator&quot;:&quot;equals&quot;}],&quot;measures&quot;:[&quot;Events.count&quot;],&quot;order&quot;:{&quot;Events.lookBackWindow&quot;:&quot;asc&quot;,&quot;Events.utcTime&quot;:&quot;asc&quot;}} 
Current {&quot;filters&quot;:[{&quot;values&quot;:[&quot;pageview&quot;],&quot;member&quot;:&quot;Events.eventType&quot;,&quot;operator&quot;:&quot;equals&quot;},{&quot;values&quot;:[&quot;7bdc1aee-4ae1-4300-8efb-53f9399756e9&quot;],&quot;member&quot;:&quot;Events.experiment&quot;,&quot;operator&quot;:&quot;equals&quot;},{&quot;values&quot;:[&quot;cdf0d468-f5a2-4cc5-b5ee-419d7838b790&quot;],&quot;member&quot;:&quot;Events.runningId&quot;,&quot;operator&quot;:&quot;equals&quot;}],&quot;dimensions&quot;:[&quot;Events.referer&quot;,&quot;Events.experiment&quot;,&quot;Events.variant&quot;,&quot;Events.utcTime&quot;,&quot;Events.url&quot;,&quot;Events.lookBackWindow&quot;,&quot;Events.eventType&quot;,&quot;Events.runningId&quot;],&quot;order&quot;:{&quot;Events.lookBackWindow&quot;:&quot;asc&quot;,&quot;Events.utcTime&quot;:&quot;asc&quot;}}
	at com.dotcms.http.server.mock.MockHttpServer.validate(MockHttpServer.java:168)
	at com.dotcms.experiments.business.ExperimentAPIImpIntegrationTest.pageReachDirectReferer(ExperimentAPIImpIntegrationTest.java:789)
	at java.base/jdk.internal.reflect.NativeMethodAccessorImpl.invoke0(Native Method)
	at java.base/jdk.internal.reflect.NativeMethodAccessorImpl.invoke(NativeMethodAccessorImpl.java:62)
	at java.base/jdk.internal.reflect.DelegatingMethodAccessorImpl.invoke(DelegatingMethodAccessorImpl.java:43)
	at java.base/java.lang.reflect.Method.invoke(Method.java:566)
	at org.junit.runners.model.FrameworkMethod$1.runReflectiveCall(FrameworkMethod.java:59)
	at org.junit.internal.runners.model.ReflectiveCallable.run(ReflectiveCallable.java:12)
	at org.junit.runners.model.FrameworkMethod.invokeExplosively(FrameworkMethod.java:56)
	at org.junit.internal.runners.statements.InvokeMethod.evaluate(InvokeMethod.java:17)
	at org.junit.internal.runners.statements.RunBefores.evaluate(RunBefores.java:26)
	at org.junit.internal.runners.statements.RunAfters.evaluate(RunAfters.java:27)
	at org.junit.rules.TestWatcher$1.evaluate(TestWatcher.java:61)
	at org.junit.runners.ParentRunner$3.evaluate(ParentRunner.java:306)
	at org.junit.rules.TestWatcher$1.evaluate(TestWatcher.java:61)
	at org.junit.rules.RunRules.evaluate(RunRules.java:20)
	at org.junit.runners.ParentRunner.runLeaf(ParentRunner.java:366)
	at com.dotcms.junit.CustomDataProviderRunner.runChild(CustomDataProviderRunner.java:41)
	at com.dotcms.junit.CustomDataProviderRunner.runChild(CustomDataProviderRunner.java:26)
	at org.junit.runners.ParentRunner$4.run(ParentRunner.java:331)
	at org.junit.runners.ParentRunner$1.schedule(ParentRunner.java:79)
	at org.junit.runners.ParentRunner.runChildren(ParentRunner.java:329)
	at org.junit.runners.ParentRunner.access$100(ParentRunner.java:66)
	at org.junit.runners.ParentRunner$2.evaluate(ParentRunner.java:293)
	at org.junit.internal.runners.statements.RunBefores.evaluate(RunBefores.java:26)
	at org.junit.runners.ParentRunner$3.evaluate(ParentRunner.java:306)
	at org.junit.runners.ParentRunner.run(ParentRunner.java:413)
	at com.dotcms.junit.MainBaseSuite$DotRunner.run(MainBaseSuite.java:71)
	at org.junit.runners.Suite.runChild(Suite.java:128)
	at org.junit.runners.Suite.runChild(Suite.java:27)
	at org.junit.runners.ParentRunner$4.run(ParentRunner.java:331)
	at org.junit.runners.ParentRunner$1.schedule(ParentRunner.java:79)
	at org.junit.runners.ParentRunner.runChildren(ParentRunner.java:329)
	at org.junit.runners.ParentRunner.access$100(ParentRunner.java:66)
	at org.junit.runners.ParentRunner$2.evaluate(ParentRunner.java:293)
	at org.junit.runners.ParentRunner$3.evaluate(ParentRunner.java:306)
	at org.junit.runners.ParentRunner.run(ParentRunner.java:413)
	at org.gradle.api.internal.tasks.testing.junit.JUnitTestClassExecutor.runTestClass(JUnitTestClassExecutor.java:110)
	at org.gradle.api.internal.tasks.testing.junit.JUnitTestClassExecutor.execute(JUnitTestClassExecutor.java:58)
	at org.gradle.api.internal.tasks.testing.junit.JUnitTestClassExecutor.execute(JUnitTestClassExecutor.java:38)
	at org.gradle.api.internal.tasks.testing.junit.AbstractJUnitTestClassProcessor.processTestClass(AbstractJUnitTestClassProcessor.java:62)
	at org.gradle.api.internal.tasks.testing.SuiteTestClassProcessor.processTestClass(SuiteTestClassProcessor.java:51)
	at java.base/jdk.internal.reflect.NativeMethodAccessorImpl.invoke0(Native Method)
	at java.base/jdk.internal.reflect.NativeMethodAccessorImpl.invoke(NativeMethodAccessorImpl.java:62)
	at java.base/jdk.internal.reflect.DelegatingMethodAccessorImpl.invoke(DelegatingMethodAccessorImpl.java:43)
	at java.base/java.lang.reflect.Method.invoke(Method.java:566)
	at org.gradle.internal.dispatch.ReflectionDispatch.dispatch(ReflectionDispatch.java:36)
	at org.gradle.internal.dispatch.ReflectionDispatch.dispatch(ReflectionDispatch.java:24)
	at org.gradle.internal.dispatch.ContextClassLoaderDispatch.dispatch(ContextClassLoaderDispatch.java:33)
	at org.gradle.internal.dispatch.ProxyDispatchAdapter$DispatchingInvocationHandler.invoke(ProxyDispatchAdapter.java:94)
	at com.sun.proxy.$Proxy5.processTestClass(Unknown Source)
	at org.gradle.api.internal.tasks.testing.worker.TestWorker$2.run(TestWorker.java:176)
	at org.gradle.api.internal.tasks.testing.worker.TestWorker.executeAndMaintainThreadName(TestWorker.java:129)
	at org.gradle.api.internal.tasks.testing.worker.TestWorker.execute(TestWorker.java:100)
	at org.gradle.api.internal.tasks.testing.worker.TestWorker.execute(TestWorker.java:60)
	at org.gradle.process.internal.worker.child.ActionExecutionWorker.execute(ActionExecutionWorker.java:56)
	at org.gradle.process.internal.worker.child.SystemApplicationClassLoaderWorker.call(SystemApplicationClassLoaderWorker.java:133)
	at org.gradle.process.internal.worker.child.SystemApplicationClassLoaderWorker.call(SystemApplicationClassLoaderWorker.java:71)
	at worker.org.gradle.process.internal.worker.GradleWorkerMain.run(GradleWorkerMain.java:69)
	at worker.org.gradle.process.internal.worker.GradleWorkerMain.main(GradleWorkerMain.java:74)
</failure>
  </testcase>
  <testcase name="notBounceRateSession" classname="com.dotcms.experiments.business.ExperimentAPIImpIntegrationTest" time="1.145"/>
  <testcase name="test_calcBayesian_AOverB_ended" classname="com.dotcms.experiments.business.ExperimentAPIImpIntegrationTest" time="2.709">
    <failure message="java.lang.IllegalArgumentException: Experiment must be running" type="java.lang.IllegalArgumentException">java.lang.IllegalArgumentException: Experiment must be running
	at com.dotcms.util.DotPreconditions.isTrue(DotPreconditions.java:1209)
	at com.dotcms.experiments.business.result.ExperimentResultsQueryFactory.createRootQuery(ExperimentResultsQueryFactory.java:78)
	at com.dotcms.experiments.business.result.ExperimentResultsQueryFactory.create(ExperimentResultsQueryFactory.java:109)
	at com.dotcms.experiments.business.ExperimentsAPIImpl.getEvents(ExperimentsAPIImpl.java:988)
	at com.dotcms.experiments.business.ExperimentsAPIImpl.getResults(ExperimentsAPIImpl.java:942)
	at com.dotcms.experiments.business.ExperimentAPIImpIntegrationTest.test_calcBayesian_AOverB_ended(ExperimentAPIImpIntegrationTest.java:3245)
	at java.base/jdk.internal.reflect.NativeMethodAccessorImpl.invoke0(Native Method)
	at java.base/jdk.internal.reflect.NativeMethodAccessorImpl.invoke(NativeMethodAccessorImpl.java:62)
	at java.base/jdk.internal.reflect.DelegatingMethodAccessorImpl.invoke(DelegatingMethodAccessorImpl.java:43)
	at java.base/java.lang.reflect.Method.invoke(Method.java:566)
	at org.junit.runners.model.FrameworkMethod$1.runReflectiveCall(FrameworkMethod.java:59)
	at org.junit.internal.runners.model.ReflectiveCallable.run(ReflectiveCallable.java:12)
	at org.junit.runners.model.FrameworkMethod.invokeExplosively(FrameworkMethod.java:56)
	at org.junit.internal.runners.statements.InvokeMethod.evaluate(InvokeMethod.java:17)
	at org.junit.internal.runners.statements.RunBefores.evaluate(RunBefores.java:26)
	at org.junit.internal.runners.statements.RunAfters.evaluate(RunAfters.java:27)
	at org.junit.rules.TestWatcher$1.evaluate(TestWatcher.java:61)
	at org.junit.runners.ParentRunner$3.evaluate(ParentRunner.java:306)
	at org.junit.rules.TestWatcher$1.evaluate(TestWatcher.java:61)
	at org.junit.rules.RunRules.evaluate(RunRules.java:20)
	at org.junit.runners.ParentRunner.runLeaf(ParentRunner.java:366)
	at com.dotcms.junit.CustomDataProviderRunner.runChild(CustomDataProviderRunner.java:41)
	at com.dotcms.junit.CustomDataProviderRunner.runChild(CustomDataProviderRunner.java:26)
	at org.junit.runners.ParentRunner$4.run(ParentRunner.java:331)
	at org.junit.runners.ParentRunner$1.schedule(ParentRunner.java:79)
	at org.junit.runners.ParentRunner.runChildren(ParentRunner.java:329)
	at org.junit.runners.ParentRunner.access$100(ParentRunner.java:66)
	at org.junit.runners.ParentRunner$2.evaluate(ParentRunner.java:293)
	at org.junit.internal.runners.statements.RunBefores.evaluate(RunBefores.java:26)
	at org.junit.runners.ParentRunner$3.evaluate(ParentRunner.java:306)
	at org.junit.runners.ParentRunner.run(ParentRunner.java:413)
	at com.dotcms.junit.MainBaseSuite$DotRunner.run(MainBaseSuite.java:71)
	at org.junit.runners.Suite.runChild(Suite.java:128)
	at org.junit.runners.Suite.runChild(Suite.java:27)
	at org.junit.runners.ParentRunner$4.run(ParentRunner.java:331)
	at org.junit.runners.ParentRunner$1.schedule(ParentRunner.java:79)
	at org.junit.runners.ParentRunner.runChildren(ParentRunner.java:329)
	at org.junit.runners.ParentRunner.access$100(ParentRunner.java:66)
	at org.junit.runners.ParentRunner$2.evaluate(ParentRunner.java:293)
	at org.junit.runners.ParentRunner$3.evaluate(ParentRunner.java:306)
	at org.junit.runners.ParentRunner.run(ParentRunner.java:413)
	at org.gradle.api.internal.tasks.testing.junit.JUnitTestClassExecutor.runTestClass(JUnitTestClassExecutor.java:110)
	at org.gradle.api.internal.tasks.testing.junit.JUnitTestClassExecutor.execute(JUnitTestClassExecutor.java:58)
	at org.gradle.api.internal.tasks.testing.junit.JUnitTestClassExecutor.execute(JUnitTestClassExecutor.java:38)
	at org.gradle.api.internal.tasks.testing.junit.AbstractJUnitTestClassProcessor.processTestClass(AbstractJUnitTestClassProcessor.java:62)
	at org.gradle.api.internal.tasks.testing.SuiteTestClassProcessor.processTestClass(SuiteTestClassProcessor.java:51)
	at java.base/jdk.internal.reflect.NativeMethodAccessorImpl.invoke0(Native Method)
	at java.base/jdk.internal.reflect.NativeMethodAccessorImpl.invoke(NativeMethodAccessorImpl.java:62)
	at java.base/jdk.internal.reflect.DelegatingMethodAccessorImpl.invoke(DelegatingMethodAccessorImpl.java:43)
	at java.base/java.lang.reflect.Method.invoke(Method.java:566)
	at org.gradle.internal.dispatch.ReflectionDispatch.dispatch(ReflectionDispatch.java:36)
	at org.gradle.internal.dispatch.ReflectionDispatch.dispatch(ReflectionDispatch.java:24)
	at org.gradle.internal.dispatch.ContextClassLoaderDispatch.dispatch(ContextClassLoaderDispatch.java:33)
	at org.gradle.internal.dispatch.ProxyDispatchAdapter$DispatchingInvocationHandler.invoke(ProxyDispatchAdapter.java:94)
	at com.sun.proxy.$Proxy5.processTestClass(Unknown Source)
	at org.gradle.api.internal.tasks.testing.worker.TestWorker$2.run(TestWorker.java:176)
	at org.gradle.api.internal.tasks.testing.worker.TestWorker.executeAndMaintainThreadName(TestWorker.java:129)
	at org.gradle.api.internal.tasks.testing.worker.TestWorker.execute(TestWorker.java:100)
	at org.gradle.api.internal.tasks.testing.worker.TestWorker.execute(TestWorker.java:60)
	at org.gradle.process.internal.worker.child.ActionExecutionWorker.execute(ActionExecutionWorker.java:56)
	at org.gradle.process.internal.worker.child.SystemApplicationClassLoaderWorker.call(SystemApplicationClassLoaderWorker.java:133)
	at org.gradle.process.internal.worker.child.SystemApplicationClassLoaderWorker.call(SystemApplicationClassLoaderWorker.java:71)
	at worker.org.gradle.process.internal.worker.GradleWorkerMain.run(GradleWorkerMain.java:69)
	at worker.org.gradle.process.internal.worker.GradleWorkerMain.main(GradleWorkerMain.java:74)
</failure>
  </testcase>
  <testcase name="testStartExperiment_shouldPublishContent" classname="com.dotcms.experiments.business.ExperimentAPIImpIntegrationTest" time="2.97"/>
  <testcase name="resultWithUrlMap" classname="com.dotcms.experiments.business.ExperimentAPIImpIntegrationTest" time="1.773">
    <failure message="java.lang.AssertionError: New Request:Cube JS Query is not right, &#10;Expected: {&quot;filters&quot;:[{&quot;values&quot;:[&quot;pageview&quot;],&quot;member&quot;:&quot;Events.eventType&quot;,&quot;operator&quot;:&quot;equals&quot;},{&quot;values&quot;:[&quot;eb91800a-72e9-45f8-8198-85cb2a8b10f0&quot;],&quot;member&quot;:&quot;Events.experiment&quot;,&quot;operator&quot;:&quot;equals&quot;}],&quot;dimensions&quot;:[&quot;Events.referer&quot;,&quot;Events.experiment&quot;,&quot;Events.variant&quot;,&quot;Events.utcTime&quot;,&quot;Events.url&quot;,&quot;Events.lookBackWindow&quot;,&quot;Events.eventType&quot;,&quot;Events.runningId&quot;],&quot;order&quot;:{&quot;Events.lookBackWindow&quot;:&quot;asc&quot;,&quot;Events.utcTime&quot;:&quot;asc&quot;}} &#10;Current {&quot;filters&quot;:[{&quot;values&quot;:[&quot;pageview&quot;],&quot;member&quot;:&quot;Events.eventType&quot;,&quot;operator&quot;:&quot;equals&quot;},{&quot;values&quot;:[&quot;eb91800a-72e9-45f8-8198-85cb2a8b10f0&quot;],&quot;member&quot;:&quot;Events.experiment&quot;,&quot;operator&quot;:&quot;equals&quot;},{&quot;values&quot;:[&quot;bb1d027c-b6a9-461c-902d-5c77fc78b0b5&quot;],&quot;member&quot;:&quot;Events.runningId&quot;,&quot;operator&quot;:&quot;equals&quot;}],&quot;dimensions&quot;:[&quot;Events.referer&quot;,&quot;Events.experiment&quot;,&quot;Events.variant&quot;,&quot;Events.utcTime&quot;,&quot;Events.url&quot;,&quot;Events.lookBackWindow&quot;,&quot;Events.eventType&quot;,&quot;Events.runningId&quot;],&quot;order&quot;:{&quot;Events.lookBackWindow&quot;:&quot;asc&quot;,&quot;Events.utcTime&quot;:&quot;asc&quot;}}&#10;Cube JS Query is not right, &#10;Expected: {&quot;measures&quot;: [&quot;Events.count&quot;],&quot;dimensions&quot;: [&quot;Events.variant&quot;],  &quot;filters&quot;: [    {      &quot;member&quot;: &quot;Events.eventType&quot;,      &quot;operator&quot;: &quot;equals&quot;,      &quot;values&quot;: [        &quot;pageview&quot;      ]    },    {      &quot;member&quot;: &quot;Events.variant&quot;,      &quot;operator&quot;: &quot;equals&quot;,      &quot;values&quot;: [&quot;DEFAULT&quot;,&quot;dotexperiment-eb91800a72-variant-1&quot;]    },    {      &quot;member&quot;: &quot;Events.experiment&quot;,      &quot;operator&quot;: &quot;equals&quot;,      &quot;values&quot;: [&quot;eb91800a-72e9-45f8-8198-85cb2a8b10f0&quot;]    }  ]} &#10;Current {&quot;filters&quot;:[{&quot;values&quot;:[&quot;pageview&quot;],&quot;member&quot;:&quot;Events.eventType&quot;,&quot;operator&quot;:&quot;equals&quot;},{&quot;values&quot;:[&quot;eb91800a-72e9-45f8-8198-85cb2a8b10f0&quot;],&quot;member&quot;:&quot;Events.experiment&quot;,&quot;operator&quot;:&quot;equals&quot;},{&quot;values&quot;:[&quot;bb1d027c-b6a9-461c-902d-5c77fc78b0b5&quot;],&quot;member&quot;:&quot;Events.runningId&quot;,&quot;operator&quot;:&quot;equals&quot;}],&quot;dimensions&quot;:[&quot;Events.referer&quot;,&quot;Events.experiment&quot;,&quot;Events.variant&quot;,&quot;Events.utcTime&quot;,&quot;Events.url&quot;,&quot;Events.lookBackWindow&quot;,&quot;Events.eventType&quot;,&quot;Events.runningId&quot;],&quot;order&quot;:{&quot;Events.lookBackWindow&quot;:&quot;asc&quot;,&quot;Events.utcTime&quot;:&quot;asc&quot;}}&#10;Cube JS Query is not right, &#10;Expected: {&quot;filters&quot;:[{&quot;values&quot;:[&quot;pageview&quot;],&quot;member&quot;:&quot;Events.eventType&quot;,&quot;operator&quot;:&quot;equals&quot;},{&quot;values&quot;:[&quot;eb91800a-72e9-45f8-8198-85cb2a8b10f0&quot;],&quot;member&quot;:&quot;Events.experiment&quot;,&quot;operator&quot;:&quot;equals&quot;},{&quot;values&quot;:[&quot;bb1d027c-b6a9-461c-902d-5c77fc78b0b5&quot;],&quot;member&quot;:&quot;Events.runningId&quot;,&quot;operator&quot;:&quot;equals&quot;}],&quot;measures&quot;:[&quot;Events.count&quot;],&quot;order&quot;:{&quot;Events.lookBackWindow&quot;:&quot;asc&quot;,&quot;Events.utcTime&quot;:&quot;asc&quot;}} &#10;Current {&quot;filters&quot;:[{&quot;values&quot;:[&quot;pageview&quot;],&quot;member&quot;:&quot;Events.eventType&quot;,&quot;operator&quot;:&quot;equals&quot;},{&quot;values&quot;:[&quot;eb91800a-72e9-45f8-8198-85cb2a8b10f0&quot;],&quot;member&quot;:&quot;Events.experiment&quot;,&quot;operator&quot;:&quot;equals&quot;},{&quot;values&quot;:[&quot;bb1d027c-b6a9-461c-902d-5c77fc78b0b5&quot;],&quot;member&quot;:&quot;Events.runningId&quot;,&quot;operator&quot;:&quot;equals&quot;}],&quot;dimensions&quot;:[&quot;Events.referer&quot;,&quot;Events.experiment&quot;,&quot;Events.variant&quot;,&quot;Events.utcTime&quot;,&quot;Events.url&quot;,&quot;Events.lookBackWindow&quot;,&quot;Events.eventType&quot;,&quot;Events.runningId&quot;],&quot;order&quot;:{&quot;Events.lookBackWindow&quot;:&quot;asc&quot;,&quot;Events.utcTime&quot;:&quot;asc&quot;}}" type="java.lang.AssertionError">java.lang.AssertionError: New Request:Cube JS Query is not right, 
Expected: {&quot;filters&quot;:[{&quot;values&quot;:[&quot;pageview&quot;],&quot;member&quot;:&quot;Events.eventType&quot;,&quot;operator&quot;:&quot;equals&quot;},{&quot;values&quot;:[&quot;eb91800a-72e9-45f8-8198-85cb2a8b10f0&quot;],&quot;member&quot;:&quot;Events.experiment&quot;,&quot;operator&quot;:&quot;equals&quot;}],&quot;dimensions&quot;:[&quot;Events.referer&quot;,&quot;Events.experiment&quot;,&quot;Events.variant&quot;,&quot;Events.utcTime&quot;,&quot;Events.url&quot;,&quot;Events.lookBackWindow&quot;,&quot;Events.eventType&quot;,&quot;Events.runningId&quot;],&quot;order&quot;:{&quot;Events.lookBackWindow&quot;:&quot;asc&quot;,&quot;Events.utcTime&quot;:&quot;asc&quot;}} 
Current {&quot;filters&quot;:[{&quot;values&quot;:[&quot;pageview&quot;],&quot;member&quot;:&quot;Events.eventType&quot;,&quot;operator&quot;:&quot;equals&quot;},{&quot;values&quot;:[&quot;eb91800a-72e9-45f8-8198-85cb2a8b10f0&quot;],&quot;member&quot;:&quot;Events.experiment&quot;,&quot;operator&quot;:&quot;equals&quot;},{&quot;values&quot;:[&quot;bb1d027c-b6a9-461c-902d-5c77fc78b0b5&quot;],&quot;member&quot;:&quot;Events.runningId&quot;,&quot;operator&quot;:&quot;equals&quot;}],&quot;dimensions&quot;:[&quot;Events.referer&quot;,&quot;Events.experiment&quot;,&quot;Events.variant&quot;,&quot;Events.utcTime&quot;,&quot;Events.url&quot;,&quot;Events.lookBackWindow&quot;,&quot;Events.eventType&quot;,&quot;Events.runningId&quot;],&quot;order&quot;:{&quot;Events.lookBackWindow&quot;:&quot;asc&quot;,&quot;Events.utcTime&quot;:&quot;asc&quot;}}
Cube JS Query is not right, 
Expected: {&quot;measures&quot;: [&quot;Events.count&quot;],&quot;dimensions&quot;: [&quot;Events.variant&quot;],  &quot;filters&quot;: [    {      &quot;member&quot;: &quot;Events.eventType&quot;,      &quot;operator&quot;: &quot;equals&quot;,      &quot;values&quot;: [        &quot;pageview&quot;      ]    },    {      &quot;member&quot;: &quot;Events.variant&quot;,      &quot;operator&quot;: &quot;equals&quot;,      &quot;values&quot;: [&quot;DEFAULT&quot;,&quot;dotexperiment-eb91800a72-variant-1&quot;]    },    {      &quot;member&quot;: &quot;Events.experiment&quot;,      &quot;operator&quot;: &quot;equals&quot;,      &quot;values&quot;: [&quot;eb91800a-72e9-45f8-8198-85cb2a8b10f0&quot;]    }  ]} 
Current {&quot;filters&quot;:[{&quot;values&quot;:[&quot;pageview&quot;],&quot;member&quot;:&quot;Events.eventType&quot;,&quot;operator&quot;:&quot;equals&quot;},{&quot;values&quot;:[&quot;eb91800a-72e9-45f8-8198-85cb2a8b10f0&quot;],&quot;member&quot;:&quot;Events.experiment&quot;,&quot;operator&quot;:&quot;equals&quot;},{&quot;values&quot;:[&quot;bb1d027c-b6a9-461c-902d-5c77fc78b0b5&quot;],&quot;member&quot;:&quot;Events.runningId&quot;,&quot;operator&quot;:&quot;equals&quot;}],&quot;dimensions&quot;:[&quot;Events.referer&quot;,&quot;Events.experiment&quot;,&quot;Events.variant&quot;,&quot;Events.utcTime&quot;,&quot;Events.url&quot;,&quot;Events.lookBackWindow&quot;,&quot;Events.eventType&quot;,&quot;Events.runningId&quot;],&quot;order&quot;:{&quot;Events.lookBackWindow&quot;:&quot;asc&quot;,&quot;Events.utcTime&quot;:&quot;asc&quot;}}
Cube JS Query is not right, 
Expected: {&quot;filters&quot;:[{&quot;values&quot;:[&quot;pageview&quot;],&quot;member&quot;:&quot;Events.eventType&quot;,&quot;operator&quot;:&quot;equals&quot;},{&quot;values&quot;:[&quot;eb91800a-72e9-45f8-8198-85cb2a8b10f0&quot;],&quot;member&quot;:&quot;Events.experiment&quot;,&quot;operator&quot;:&quot;equals&quot;},{&quot;values&quot;:[&quot;bb1d027c-b6a9-461c-902d-5c77fc78b0b5&quot;],&quot;member&quot;:&quot;Events.runningId&quot;,&quot;operator&quot;:&quot;equals&quot;}],&quot;measures&quot;:[&quot;Events.count&quot;],&quot;order&quot;:{&quot;Events.lookBackWindow&quot;:&quot;asc&quot;,&quot;Events.utcTime&quot;:&quot;asc&quot;}} 
Current {&quot;filters&quot;:[{&quot;values&quot;:[&quot;pageview&quot;],&quot;member&quot;:&quot;Events.eventType&quot;,&quot;operator&quot;:&quot;equals&quot;},{&quot;values&quot;:[&quot;eb91800a-72e9-45f8-8198-85cb2a8b10f0&quot;],&quot;member&quot;:&quot;Events.experiment&quot;,&quot;operator&quot;:&quot;equals&quot;},{&quot;values&quot;:[&quot;bb1d027c-b6a9-461c-902d-5c77fc78b0b5&quot;],&quot;member&quot;:&quot;Events.runningId&quot;,&quot;operator&quot;:&quot;equals&quot;}],&quot;dimensions&quot;:[&quot;Events.referer&quot;,&quot;Events.experiment&quot;,&quot;Events.variant&quot;,&quot;Events.utcTime&quot;,&quot;Events.url&quot;,&quot;Events.lookBackWindow&quot;,&quot;Events.eventType&quot;,&quot;Events.runningId&quot;],&quot;order&quot;:{&quot;Events.lookBackWindow&quot;:&quot;asc&quot;,&quot;Events.utcTime&quot;:&quot;asc&quot;}}
	at com.dotcms.http.server.mock.MockHttpServer.validate(MockHttpServer.java:168)
	at com.dotcms.experiments.business.ExperimentAPIImpIntegrationTest.resultWithUrlMap(ExperimentAPIImpIntegrationTest.java:2919)
	at java.base/jdk.internal.reflect.NativeMethodAccessorImpl.invoke0(Native Method)
	at java.base/jdk.internal.reflect.NativeMethodAccessorImpl.invoke(NativeMethodAccessorImpl.java:62)
	at java.base/jdk.internal.reflect.DelegatingMethodAccessorImpl.invoke(DelegatingMethodAccessorImpl.java:43)
	at java.base/java.lang.reflect.Method.invoke(Method.java:566)
	at org.junit.runners.model.FrameworkMethod$1.runReflectiveCall(FrameworkMethod.java:59)
	at org.junit.internal.runners.model.ReflectiveCallable.run(ReflectiveCallable.java:12)
	at org.junit.runners.model.FrameworkMethod.invokeExplosively(FrameworkMethod.java:56)
	at org.junit.internal.runners.statements.InvokeMethod.evaluate(InvokeMethod.java:17)
	at org.junit.internal.runners.statements.RunBefores.evaluate(RunBefores.java:26)
	at org.junit.internal.runners.statements.RunAfters.evaluate(RunAfters.java:27)
	at org.junit.rules.TestWatcher$1.evaluate(TestWatcher.java:61)
	at org.junit.runners.ParentRunner$3.evaluate(ParentRunner.java:306)
	at org.junit.rules.TestWatcher$1.evaluate(TestWatcher.java:61)
	at org.junit.rules.RunRules.evaluate(RunRules.java:20)
	at org.junit.runners.ParentRunner.runLeaf(ParentRunner.java:366)
	at com.dotcms.junit.CustomDataProviderRunner.runChild(CustomDataProviderRunner.java:41)
	at com.dotcms.junit.CustomDataProviderRunner.runChild(CustomDataProviderRunner.java:26)
	at org.junit.runners.ParentRunner$4.run(ParentRunner.java:331)
	at org.junit.runners.ParentRunner$1.schedule(ParentRunner.java:79)
	at org.junit.runners.ParentRunner.runChildren(ParentRunner.java:329)
	at org.junit.runners.ParentRunner.access$100(ParentRunner.java:66)
	at org.junit.runners.ParentRunner$2.evaluate(ParentRunner.java:293)
	at org.junit.internal.runners.statements.RunBefores.evaluate(RunBefores.java:26)
	at org.junit.runners.ParentRunner$3.evaluate(ParentRunner.java:306)
	at org.junit.runners.ParentRunner.run(ParentRunner.java:413)
	at com.dotcms.junit.MainBaseSuite$DotRunner.run(MainBaseSuite.java:71)
	at org.junit.runners.Suite.runChild(Suite.java:128)
	at org.junit.runners.Suite.runChild(Suite.java:27)
	at org.junit.runners.ParentRunner$4.run(ParentRunner.java:331)
	at org.junit.runners.ParentRunner$1.schedule(ParentRunner.java:79)
	at org.junit.runners.ParentRunner.runChildren(ParentRunner.java:329)
	at org.junit.runners.ParentRunner.access$100(ParentRunner.java:66)
	at org.junit.runners.ParentRunner$2.evaluate(ParentRunner.java:293)
	at org.junit.runners.ParentRunner$3.evaluate(ParentRunner.java:306)
	at org.junit.runners.ParentRunner.run(ParentRunner.java:413)
	at org.gradle.api.internal.tasks.testing.junit.JUnitTestClassExecutor.runTestClass(JUnitTestClassExecutor.java:110)
	at org.gradle.api.internal.tasks.testing.junit.JUnitTestClassExecutor.execute(JUnitTestClassExecutor.java:58)
	at org.gradle.api.internal.tasks.testing.junit.JUnitTestClassExecutor.execute(JUnitTestClassExecutor.java:38)
	at org.gradle.api.internal.tasks.testing.junit.AbstractJUnitTestClassProcessor.processTestClass(AbstractJUnitTestClassProcessor.java:62)
	at org.gradle.api.internal.tasks.testing.SuiteTestClassProcessor.processTestClass(SuiteTestClassProcessor.java:51)
	at java.base/jdk.internal.reflect.NativeMethodAccessorImpl.invoke0(Native Method)
	at java.base/jdk.internal.reflect.NativeMethodAccessorImpl.invoke(NativeMethodAccessorImpl.java:62)
	at java.base/jdk.internal.reflect.DelegatingMethodAccessorImpl.invoke(DelegatingMethodAccessorImpl.java:43)
	at java.base/java.lang.reflect.Method.invoke(Method.java:566)
	at org.gradle.internal.dispatch.ReflectionDispatch.dispatch(ReflectionDispatch.java:36)
	at org.gradle.internal.dispatch.ReflectionDispatch.dispatch(ReflectionDispatch.java:24)
	at org.gradle.internal.dispatch.ContextClassLoaderDispatch.dispatch(ContextClassLoaderDispatch.java:33)
	at org.gradle.internal.dispatch.ProxyDispatchAdapter$DispatchingInvocationHandler.invoke(ProxyDispatchAdapter.java:94)
	at com.sun.proxy.$Proxy5.processTestClass(Unknown Source)
	at org.gradle.api.internal.tasks.testing.worker.TestWorker$2.run(TestWorker.java:176)
	at org.gradle.api.internal.tasks.testing.worker.TestWorker.executeAndMaintainThreadName(TestWorker.java:129)
	at org.gradle.api.internal.tasks.testing.worker.TestWorker.execute(TestWorker.java:100)
	at org.gradle.api.internal.tasks.testing.worker.TestWorker.execute(TestWorker.java:60)
	at org.gradle.process.internal.worker.child.ActionExecutionWorker.execute(ActionExecutionWorker.java:56)
	at org.gradle.process.internal.worker.child.SystemApplicationClassLoaderWorker.call(SystemApplicationClassLoaderWorker.java:133)
	at org.gradle.process.internal.worker.child.SystemApplicationClassLoaderWorker.call(SystemApplicationClassLoaderWorker.java:71)
	at worker.org.gradle.process.internal.worker.GradleWorkerMain.run(GradleWorkerMain.java:69)
	at worker.org.gradle.process.internal.worker.GradleWorkerMain.main(GradleWorkerMain.java:74)
</failure>
  </testcase>
  <testcase name="getEvents" classname="com.dotcms.experiments.business.ExperimentAPIImpIntegrationTest" time="2.455">
    <failure message="java.lang.IllegalArgumentException: Experiment must be running" type="java.lang.IllegalArgumentException">java.lang.IllegalArgumentException: Experiment must be running
	at com.dotcms.util.DotPreconditions.isTrue(DotPreconditions.java:1209)
	at com.dotcms.experiments.business.result.ExperimentResultsQueryFactory.createRootQuery(ExperimentResultsQueryFactory.java:78)
	at com.dotcms.experiments.business.result.ExperimentResultsQueryFactory.create(ExperimentResultsQueryFactory.java:109)
	at com.dotcms.experiments.business.ExperimentsAPIImpl.getEvents(ExperimentsAPIImpl.java:988)
	at com.dotcms.experiments.business.ExperimentAPIImpIntegrationTest.getEvents(ExperimentAPIImpIntegrationTest.java:579)
	at java.base/jdk.internal.reflect.NativeMethodAccessorImpl.invoke0(Native Method)
	at java.base/jdk.internal.reflect.NativeMethodAccessorImpl.invoke(NativeMethodAccessorImpl.java:62)
	at java.base/jdk.internal.reflect.DelegatingMethodAccessorImpl.invoke(DelegatingMethodAccessorImpl.java:43)
	at java.base/java.lang.reflect.Method.invoke(Method.java:566)
	at org.junit.runners.model.FrameworkMethod$1.runReflectiveCall(FrameworkMethod.java:59)
	at org.junit.internal.runners.model.ReflectiveCallable.run(ReflectiveCallable.java:12)
	at org.junit.runners.model.FrameworkMethod.invokeExplosively(FrameworkMethod.java:56)
	at org.junit.internal.runners.statements.InvokeMethod.evaluate(InvokeMethod.java:17)
	at org.junit.internal.runners.statements.RunBefores.evaluate(RunBefores.java:26)
	at org.junit.internal.runners.statements.RunAfters.evaluate(RunAfters.java:27)
	at org.junit.rules.TestWatcher$1.evaluate(TestWatcher.java:61)
	at org.junit.runners.ParentRunner$3.evaluate(ParentRunner.java:306)
	at org.junit.rules.TestWatcher$1.evaluate(TestWatcher.java:61)
	at org.junit.rules.RunRules.evaluate(RunRules.java:20)
	at org.junit.runners.ParentRunner.runLeaf(ParentRunner.java:366)
	at com.dotcms.junit.CustomDataProviderRunner.runChild(CustomDataProviderRunner.java:41)
	at com.dotcms.junit.CustomDataProviderRunner.runChild(CustomDataProviderRunner.java:26)
	at org.junit.runners.ParentRunner$4.run(ParentRunner.java:331)
	at org.junit.runners.ParentRunner$1.schedule(ParentRunner.java:79)
	at org.junit.runners.ParentRunner.runChildren(ParentRunner.java:329)
	at org.junit.runners.ParentRunner.access$100(ParentRunner.java:66)
	at org.junit.runners.ParentRunner$2.evaluate(ParentRunner.java:293)
	at org.junit.internal.runners.statements.RunBefores.evaluate(RunBefores.java:26)
	at org.junit.runners.ParentRunner$3.evaluate(ParentRunner.java:306)
	at org.junit.runners.ParentRunner.run(ParentRunner.java:413)
	at com.dotcms.junit.MainBaseSuite$DotRunner.run(MainBaseSuite.java:71)
	at org.junit.runners.Suite.runChild(Suite.java:128)
	at org.junit.runners.Suite.runChild(Suite.java:27)
	at org.junit.runners.ParentRunner$4.run(ParentRunner.java:331)
	at org.junit.runners.ParentRunner$1.schedule(ParentRunner.java:79)
	at org.junit.runners.ParentRunner.runChildren(ParentRunner.java:329)
	at org.junit.runners.ParentRunner.access$100(ParentRunner.java:66)
	at org.junit.runners.ParentRunner$2.evaluate(ParentRunner.java:293)
	at org.junit.runners.ParentRunner$3.evaluate(ParentRunner.java:306)
	at org.junit.runners.ParentRunner.run(ParentRunner.java:413)
	at org.gradle.api.internal.tasks.testing.junit.JUnitTestClassExecutor.runTestClass(JUnitTestClassExecutor.java:110)
	at org.gradle.api.internal.tasks.testing.junit.JUnitTestClassExecutor.execute(JUnitTestClassExecutor.java:58)
	at org.gradle.api.internal.tasks.testing.junit.JUnitTestClassExecutor.execute(JUnitTestClassExecutor.java:38)
	at org.gradle.api.internal.tasks.testing.junit.AbstractJUnitTestClassProcessor.processTestClass(AbstractJUnitTestClassProcessor.java:62)
	at org.gradle.api.internal.tasks.testing.SuiteTestClassProcessor.processTestClass(SuiteTestClassProcessor.java:51)
	at java.base/jdk.internal.reflect.NativeMethodAccessorImpl.invoke0(Native Method)
	at java.base/jdk.internal.reflect.NativeMethodAccessorImpl.invoke(NativeMethodAccessorImpl.java:62)
	at java.base/jdk.internal.reflect.DelegatingMethodAccessorImpl.invoke(DelegatingMethodAccessorImpl.java:43)
	at java.base/java.lang.reflect.Method.invoke(Method.java:566)
	at org.gradle.internal.dispatch.ReflectionDispatch.dispatch(ReflectionDispatch.java:36)
	at org.gradle.internal.dispatch.ReflectionDispatch.dispatch(ReflectionDispatch.java:24)
	at org.gradle.internal.dispatch.ContextClassLoaderDispatch.dispatch(ContextClassLoaderDispatch.java:33)
	at org.gradle.internal.dispatch.ProxyDispatchAdapter$DispatchingInvocationHandler.invoke(ProxyDispatchAdapter.java:94)
	at com.sun.proxy.$Proxy5.processTestClass(Unknown Source)
	at org.gradle.api.internal.tasks.testing.worker.TestWorker$2.run(TestWorker.java:176)
	at org.gradle.api.internal.tasks.testing.worker.TestWorker.executeAndMaintainThreadName(TestWorker.java:129)
	at org.gradle.api.internal.tasks.testing.worker.TestWorker.execute(TestWorker.java:100)
	at org.gradle.api.internal.tasks.testing.worker.TestWorker.execute(TestWorker.java:60)
	at org.gradle.process.internal.worker.child.ActionExecutionWorker.execute(ActionExecutionWorker.java:56)
	at org.gradle.process.internal.worker.child.SystemApplicationClassLoaderWorker.call(SystemApplicationClassLoaderWorker.java:133)
	at org.gradle.process.internal.worker.child.SystemApplicationClassLoaderWorker.call(SystemApplicationClassLoaderWorker.java:71)
	at worker.org.gradle.process.internal.worker.GradleWorkerMain.run(GradleWorkerMain.java:69)
	at worker.org.gradle.process.internal.worker.GradleWorkerMain.main(GradleWorkerMain.java:74)
</failure>
  </testcase>
  <testcase name="tryToGetResultFromExperimentNotStarted" classname="com.dotcms.experiments.business.ExperimentAPIImpIntegrationTest" time="1.49"/>
  <testcase name="getSplitTrafficInsideExperimentResults" classname="com.dotcms.experiments.business.ExperimentAPIImpIntegrationTest" time="2.356">
    <failure message="com.dotmarketing.business.DotStateException: Only RUNNING experiments can be ended" type="com.dotmarketing.business.DotStateException">com.dotmarketing.business.DotStateException: Only RUNNING experiments can be ended
	at java.base@11.0.19/jdk.internal.reflect.NativeConstructorAccessorImpl.newInstance0(Native Method)
	at java.base@11.0.19/jdk.internal.reflect.NativeConstructorAccessorImpl.newInstance(NativeConstructorAccessorImpl.java:62)
	at java.base@11.0.19/jdk.internal.reflect.DelegatingConstructorAccessorImpl.newInstance(DelegatingConstructorAccessorImpl.java:45)
	at java.base@11.0.19/java.lang.reflect.Constructor.newInstance(Constructor.java:490)
	at app//com.dotcms.util.ReflectionUtils.newInstance(ReflectionUtils.java:105)
	at app//com.dotcms.util.DotPreconditions.isTrue(DotPreconditions.java:1241)
	at app//com.dotcms.experiments.business.ExperimentsAPIImpl.end(ExperimentsAPIImpl.java:652)
	at app//com.dotcms.datagen.ExperimentDataGen.end(ExperimentDataGen.java:171)
	at app//com.dotcms.experiments.business.ExperimentAPIImpIntegrationTest.getSplitTrafficInsideExperimentResults(ExperimentAPIImpIntegrationTest.java:720)
	at java.base@11.0.19/jdk.internal.reflect.NativeMethodAccessorImpl.invoke0(Native Method)
	at java.base@11.0.19/jdk.internal.reflect.NativeMethodAccessorImpl.invoke(NativeMethodAccessorImpl.java:62)
	at java.base@11.0.19/jdk.internal.reflect.DelegatingMethodAccessorImpl.invoke(DelegatingMethodAccessorImpl.java:43)
	at java.base@11.0.19/java.lang.reflect.Method.invoke(Method.java:566)
	at app//org.junit.runners.model.FrameworkMethod$1.runReflectiveCall(FrameworkMethod.java:59)
	at app//org.junit.internal.runners.model.ReflectiveCallable.run(ReflectiveCallable.java:12)
	at app//org.junit.runners.model.FrameworkMethod.invokeExplosively(FrameworkMethod.java:56)
	at app//org.junit.internal.runners.statements.InvokeMethod.evaluate(InvokeMethod.java:17)
	at app//org.junit.internal.runners.statements.RunBefores.evaluate(RunBefores.java:26)
	at app//org.junit.internal.runners.statements.RunAfters.evaluate(RunAfters.java:27)
	at app//org.junit.rules.TestWatcher$1.evaluate(TestWatcher.java:61)
	at app//org.junit.runners.ParentRunner$3.evaluate(ParentRunner.java:306)
	at app//org.junit.rules.TestWatcher$1.evaluate(TestWatcher.java:61)
	at app//org.junit.rules.RunRules.evaluate(RunRules.java:20)
	at app//org.junit.runners.ParentRunner.runLeaf(ParentRunner.java:366)
	at app//com.dotcms.junit.CustomDataProviderRunner.runChild(CustomDataProviderRunner.java:41)
	at app//com.dotcms.junit.CustomDataProviderRunner.runChild(CustomDataProviderRunner.java:26)
	at app//org.junit.runners.ParentRunner$4.run(ParentRunner.java:331)
	at app//org.junit.runners.ParentRunner$1.schedule(ParentRunner.java:79)
	at app//org.junit.runners.ParentRunner.runChildren(ParentRunner.java:329)
	at app//org.junit.runners.ParentRunner.access$100(ParentRunner.java:66)
	at app//org.junit.runners.ParentRunner$2.evaluate(ParentRunner.java:293)
	at app//org.junit.internal.runners.statements.RunBefores.evaluate(RunBefores.java:26)
	at app//org.junit.runners.ParentRunner$3.evaluate(ParentRunner.java:306)
	at app//org.junit.runners.ParentRunner.run(ParentRunner.java:413)
	at app//com.dotcms.junit.MainBaseSuite$DotRunner.run(MainBaseSuite.java:71)
	at app//org.junit.runners.Suite.runChild(Suite.java:128)
	at app//org.junit.runners.Suite.runChild(Suite.java:27)
	at app//org.junit.runners.ParentRunner$4.run(ParentRunner.java:331)
	at app//org.junit.runners.ParentRunner$1.schedule(ParentRunner.java:79)
	at app//org.junit.runners.ParentRunner.runChildren(ParentRunner.java:329)
	at app//org.junit.runners.ParentRunner.access$100(ParentRunner.java:66)
	at app//org.junit.runners.ParentRunner$2.evaluate(ParentRunner.java:293)
	at app//org.junit.runners.ParentRunner$3.evaluate(ParentRunner.java:306)
	at app//org.junit.runners.ParentRunner.run(ParentRunner.java:413)
	at org.gradle.api.internal.tasks.testing.junit.JUnitTestClassExecutor.runTestClass(JUnitTestClassExecutor.java:110)
	at org.gradle.api.internal.tasks.testing.junit.JUnitTestClassExecutor.execute(JUnitTestClassExecutor.java:58)
	at org.gradle.api.internal.tasks.testing.junit.JUnitTestClassExecutor.execute(JUnitTestClassExecutor.java:38)
	at org.gradle.api.internal.tasks.testing.junit.AbstractJUnitTestClassProcessor.processTestClass(AbstractJUnitTestClassProcessor.java:62)
	at org.gradle.api.internal.tasks.testing.SuiteTestClassProcessor.processTestClass(SuiteTestClassProcessor.java:51)
	at java.base@11.0.19/jdk.internal.reflect.NativeMethodAccessorImpl.invoke0(Native Method)
	at java.base@11.0.19/jdk.internal.reflect.NativeMethodAccessorImpl.invoke(NativeMethodAccessorImpl.java:62)
	at java.base@11.0.19/jdk.internal.reflect.DelegatingMethodAccessorImpl.invoke(DelegatingMethodAccessorImpl.java:43)
	at java.base@11.0.19/java.lang.reflect.Method.invoke(Method.java:566)
	at org.gradle.internal.dispatch.ReflectionDispatch.dispatch(ReflectionDispatch.java:36)
	at org.gradle.internal.dispatch.ReflectionDispatch.dispatch(ReflectionDispatch.java:24)
	at org.gradle.internal.dispatch.ContextClassLoaderDispatch.dispatch(ContextClassLoaderDispatch.java:33)
	at org.gradle.internal.dispatch.ProxyDispatchAdapter$DispatchingInvocationHandler.invoke(ProxyDispatchAdapter.java:94)
	at com.sun.proxy.$Proxy5.processTestClass(Unknown Source)
	at org.gradle.api.internal.tasks.testing.worker.TestWorker$2.run(TestWorker.java:176)
	at org.gradle.api.internal.tasks.testing.worker.TestWorker.executeAndMaintainThreadName(TestWorker.java:129)
	at org.gradle.api.internal.tasks.testing.worker.TestWorker.execute(TestWorker.java:100)
	at org.gradle.api.internal.tasks.testing.worker.TestWorker.execute(TestWorker.java:60)
	at org.gradle.process.internal.worker.child.ActionExecutionWorker.execute(ActionExecutionWorker.java:56)
	at org.gradle.process.internal.worker.child.SystemApplicationClassLoaderWorker.call(SystemApplicationClassLoaderWorker.java:133)
	at org.gradle.process.internal.worker.child.SystemApplicationClassLoaderWorker.call(SystemApplicationClassLoaderWorker.java:71)
	at app//worker.org.gradle.process.internal.worker.GradleWorkerMain.run(GradleWorkerMain.java:69)
	at app//worker.org.gradle.process.internal.worker.GradleWorkerMain.main(GradleWorkerMain.java:74)
</failure>
  </testcase>
  <testcase name="addUrlConditionToBounceRateCondition" classname="com.dotcms.experiments.business.ExperimentAPIImpIntegrationTest" time="1.884"/>
  <testcase name="pageReachButExperimentPageWasNotView" classname="com.dotcms.experiments.business.ExperimentAPIImpIntegrationTest" time="2.407">
    <failure message="java.lang.AssertionError: New Request:Cube JS Query is not right, &#10;Expected: {&quot;filters&quot;:[{&quot;values&quot;:[&quot;pageview&quot;],&quot;member&quot;:&quot;Events.eventType&quot;,&quot;operator&quot;:&quot;equals&quot;},{&quot;values&quot;:[&quot;5e45aa4a-d049-4397-9f58-9c28e3f0be68&quot;],&quot;member&quot;:&quot;Events.experiment&quot;,&quot;operator&quot;:&quot;equals&quot;}],&quot;dimensions&quot;:[&quot;Events.referer&quot;,&quot;Events.experiment&quot;,&quot;Events.variant&quot;,&quot;Events.utcTime&quot;,&quot;Events.url&quot;,&quot;Events.lookBackWindow&quot;,&quot;Events.eventType&quot;,&quot;Events.runningId&quot;],&quot;order&quot;:{&quot;Events.lookBackWindow&quot;:&quot;asc&quot;,&quot;Events.utcTime&quot;:&quot;asc&quot;}} &#10;Current {&quot;filters&quot;:[{&quot;values&quot;:[&quot;pageview&quot;],&quot;member&quot;:&quot;Events.eventType&quot;,&quot;operator&quot;:&quot;equals&quot;},{&quot;values&quot;:[&quot;5e45aa4a-d049-4397-9f58-9c28e3f0be68&quot;],&quot;member&quot;:&quot;Events.experiment&quot;,&quot;operator&quot;:&quot;equals&quot;},{&quot;values&quot;:[&quot;87d386f3-7f1a-4bcf-91df-00de2233a18e&quot;],&quot;member&quot;:&quot;Events.runningId&quot;,&quot;operator&quot;:&quot;equals&quot;}],&quot;dimensions&quot;:[&quot;Events.referer&quot;,&quot;Events.experiment&quot;,&quot;Events.variant&quot;,&quot;Events.utcTime&quot;,&quot;Events.url&quot;,&quot;Events.lookBackWindow&quot;,&quot;Events.eventType&quot;,&quot;Events.runningId&quot;],&quot;order&quot;:{&quot;Events.lookBackWindow&quot;:&quot;asc&quot;,&quot;Events.utcTime&quot;:&quot;asc&quot;}}&#10;Cube JS Query is not right, &#10;Expected: {&quot;measures&quot;: [&quot;Events.count&quot;],&quot;dimensions&quot;: [&quot;Events.variant&quot;],  &quot;filters&quot;: [    {      &quot;member&quot;: &quot;Events.eventType&quot;,      &quot;operator&quot;: &quot;equals&quot;,      &quot;values&quot;: [        &quot;pageview&quot;      ]    },    {      &quot;member&quot;: &quot;Events.variant&quot;,      &quot;operator&quot;: &quot;equals&quot;,      &quot;values&quot;: [&quot;DEFAULT&quot;,&quot;dotexperiment-5e45aa4ad0-variant-1&quot;]    },    {      &quot;member&quot;: &quot;Events.experiment&quot;,      &quot;operator&quot;: &quot;equals&quot;,      &quot;values&quot;: [&quot;5e45aa4a-d049-4397-9f58-9c28e3f0be68&quot;]    }  ]} &#10;Current {&quot;filters&quot;:[{&quot;values&quot;:[&quot;pageview&quot;],&quot;member&quot;:&quot;Events.eventType&quot;,&quot;operator&quot;:&quot;equals&quot;},{&quot;values&quot;:[&quot;5e45aa4a-d049-4397-9f58-9c28e3f0be68&quot;],&quot;member&quot;:&quot;Events.experiment&quot;,&quot;operator&quot;:&quot;equals&quot;},{&quot;values&quot;:[&quot;87d386f3-7f1a-4bcf-91df-00de2233a18e&quot;],&quot;member&quot;:&quot;Events.runningId&quot;,&quot;operator&quot;:&quot;equals&quot;}],&quot;dimensions&quot;:[&quot;Events.referer&quot;,&quot;Events.experiment&quot;,&quot;Events.variant&quot;,&quot;Events.utcTime&quot;,&quot;Events.url&quot;,&quot;Events.lookBackWindow&quot;,&quot;Events.eventType&quot;,&quot;Events.runningId&quot;],&quot;order&quot;:{&quot;Events.lookBackWindow&quot;:&quot;asc&quot;,&quot;Events.utcTime&quot;:&quot;asc&quot;}}&#10;Cube JS Query is not right, &#10;Expected: {&quot;filters&quot;:[{&quot;values&quot;:[&quot;pageview&quot;],&quot;member&quot;:&quot;Events.eventType&quot;,&quot;operator&quot;:&quot;equals&quot;},{&quot;values&quot;:[&quot;5e45aa4a-d049-4397-9f58-9c28e3f0be68&quot;],&quot;member&quot;:&quot;Events.experiment&quot;,&quot;operator&quot;:&quot;equals&quot;},{&quot;values&quot;:[&quot;87d386f3-7f1a-4bcf-91df-00de2233a18e&quot;],&quot;member&quot;:&quot;Events.runningId&quot;,&quot;operator&quot;:&quot;equals&quot;}],&quot;measures&quot;:[&quot;Events.count&quot;],&quot;order&quot;:{&quot;Events.lookBackWindow&quot;:&quot;asc&quot;,&quot;Events.utcTime&quot;:&quot;asc&quot;}} &#10;Current {&quot;filters&quot;:[{&quot;values&quot;:[&quot;pageview&quot;],&quot;member&quot;:&quot;Events.eventType&quot;,&quot;operator&quot;:&quot;equals&quot;},{&quot;values&quot;:[&quot;5e45aa4a-d049-4397-9f58-9c28e3f0be68&quot;],&quot;member&quot;:&quot;Events.experiment&quot;,&quot;operator&quot;:&quot;equals&quot;},{&quot;values&quot;:[&quot;87d386f3-7f1a-4bcf-91df-00de2233a18e&quot;],&quot;member&quot;:&quot;Events.runningId&quot;,&quot;operator&quot;:&quot;equals&quot;}],&quot;dimensions&quot;:[&quot;Events.referer&quot;,&quot;Events.experiment&quot;,&quot;Events.variant&quot;,&quot;Events.utcTime&quot;,&quot;Events.url&quot;,&quot;Events.lookBackWindow&quot;,&quot;Events.eventType&quot;,&quot;Events.runningId&quot;],&quot;order&quot;:{&quot;Events.lookBackWindow&quot;:&quot;asc&quot;,&quot;Events.utcTime&quot;:&quot;asc&quot;}}" type="java.lang.AssertionError">java.lang.AssertionError: New Request:Cube JS Query is not right, 
Expected: {&quot;filters&quot;:[{&quot;values&quot;:[&quot;pageview&quot;],&quot;member&quot;:&quot;Events.eventType&quot;,&quot;operator&quot;:&quot;equals&quot;},{&quot;values&quot;:[&quot;5e45aa4a-d049-4397-9f58-9c28e3f0be68&quot;],&quot;member&quot;:&quot;Events.experiment&quot;,&quot;operator&quot;:&quot;equals&quot;}],&quot;dimensions&quot;:[&quot;Events.referer&quot;,&quot;Events.experiment&quot;,&quot;Events.variant&quot;,&quot;Events.utcTime&quot;,&quot;Events.url&quot;,&quot;Events.lookBackWindow&quot;,&quot;Events.eventType&quot;,&quot;Events.runningId&quot;],&quot;order&quot;:{&quot;Events.lookBackWindow&quot;:&quot;asc&quot;,&quot;Events.utcTime&quot;:&quot;asc&quot;}} 
Current {&quot;filters&quot;:[{&quot;values&quot;:[&quot;pageview&quot;],&quot;member&quot;:&quot;Events.eventType&quot;,&quot;operator&quot;:&quot;equals&quot;},{&quot;values&quot;:[&quot;5e45aa4a-d049-4397-9f58-9c28e3f0be68&quot;],&quot;member&quot;:&quot;Events.experiment&quot;,&quot;operator&quot;:&quot;equals&quot;},{&quot;values&quot;:[&quot;87d386f3-7f1a-4bcf-91df-00de2233a18e&quot;],&quot;member&quot;:&quot;Events.runningId&quot;,&quot;operator&quot;:&quot;equals&quot;}],&quot;dimensions&quot;:[&quot;Events.referer&quot;,&quot;Events.experiment&quot;,&quot;Events.variant&quot;,&quot;Events.utcTime&quot;,&quot;Events.url&quot;,&quot;Events.lookBackWindow&quot;,&quot;Events.eventType&quot;,&quot;Events.runningId&quot;],&quot;order&quot;:{&quot;Events.lookBackWindow&quot;:&quot;asc&quot;,&quot;Events.utcTime&quot;:&quot;asc&quot;}}
Cube JS Query is not right, 
Expected: {&quot;measures&quot;: [&quot;Events.count&quot;],&quot;dimensions&quot;: [&quot;Events.variant&quot;],  &quot;filters&quot;: [    {      &quot;member&quot;: &quot;Events.eventType&quot;,      &quot;operator&quot;: &quot;equals&quot;,      &quot;values&quot;: [        &quot;pageview&quot;      ]    },    {      &quot;member&quot;: &quot;Events.variant&quot;,      &quot;operator&quot;: &quot;equals&quot;,      &quot;values&quot;: [&quot;DEFAULT&quot;,&quot;dotexperiment-5e45aa4ad0-variant-1&quot;]    },    {      &quot;member&quot;: &quot;Events.experiment&quot;,      &quot;operator&quot;: &quot;equals&quot;,      &quot;values&quot;: [&quot;5e45aa4a-d049-4397-9f58-9c28e3f0be68&quot;]    }  ]} 
Current {&quot;filters&quot;:[{&quot;values&quot;:[&quot;pageview&quot;],&quot;member&quot;:&quot;Events.eventType&quot;,&quot;operator&quot;:&quot;equals&quot;},{&quot;values&quot;:[&quot;5e45aa4a-d049-4397-9f58-9c28e3f0be68&quot;],&quot;member&quot;:&quot;Events.experiment&quot;,&quot;operator&quot;:&quot;equals&quot;},{&quot;values&quot;:[&quot;87d386f3-7f1a-4bcf-91df-00de2233a18e&quot;],&quot;member&quot;:&quot;Events.runningId&quot;,&quot;operator&quot;:&quot;equals&quot;}],&quot;dimensions&quot;:[&quot;Events.referer&quot;,&quot;Events.experiment&quot;,&quot;Events.variant&quot;,&quot;Events.utcTime&quot;,&quot;Events.url&quot;,&quot;Events.lookBackWindow&quot;,&quot;Events.eventType&quot;,&quot;Events.runningId&quot;],&quot;order&quot;:{&quot;Events.lookBackWindow&quot;:&quot;asc&quot;,&quot;Events.utcTime&quot;:&quot;asc&quot;}}
Cube JS Query is not right, 
Expected: {&quot;filters&quot;:[{&quot;values&quot;:[&quot;pageview&quot;],&quot;member&quot;:&quot;Events.eventType&quot;,&quot;operator&quot;:&quot;equals&quot;},{&quot;values&quot;:[&quot;5e45aa4a-d049-4397-9f58-9c28e3f0be68&quot;],&quot;member&quot;:&quot;Events.experiment&quot;,&quot;operator&quot;:&quot;equals&quot;},{&quot;values&quot;:[&quot;87d386f3-7f1a-4bcf-91df-00de2233a18e&quot;],&quot;member&quot;:&quot;Events.runningId&quot;,&quot;operator&quot;:&quot;equals&quot;}],&quot;measures&quot;:[&quot;Events.count&quot;],&quot;order&quot;:{&quot;Events.lookBackWindow&quot;:&quot;asc&quot;,&quot;Events.utcTime&quot;:&quot;asc&quot;}} 
Current {&quot;filters&quot;:[{&quot;values&quot;:[&quot;pageview&quot;],&quot;member&quot;:&quot;Events.eventType&quot;,&quot;operator&quot;:&quot;equals&quot;},{&quot;values&quot;:[&quot;5e45aa4a-d049-4397-9f58-9c28e3f0be68&quot;],&quot;member&quot;:&quot;Events.experiment&quot;,&quot;operator&quot;:&quot;equals&quot;},{&quot;values&quot;:[&quot;87d386f3-7f1a-4bcf-91df-00de2233a18e&quot;],&quot;member&quot;:&quot;Events.runningId&quot;,&quot;operator&quot;:&quot;equals&quot;}],&quot;dimensions&quot;:[&quot;Events.referer&quot;,&quot;Events.experiment&quot;,&quot;Events.variant&quot;,&quot;Events.utcTime&quot;,&quot;Events.url&quot;,&quot;Events.lookBackWindow&quot;,&quot;Events.eventType&quot;,&quot;Events.runningId&quot;],&quot;order&quot;:{&quot;Events.lookBackWindow&quot;:&quot;asc&quot;,&quot;Events.utcTime&quot;:&quot;asc&quot;}}
	at com.dotcms.http.server.mock.MockHttpServer.validate(MockHttpServer.java:168)
	at com.dotcms.experiments.business.ExperimentAPIImpIntegrationTest.pageReachButExperimentPageWasNotView(ExperimentAPIImpIntegrationTest.java:1555)
	at java.base/jdk.internal.reflect.NativeMethodAccessorImpl.invoke0(Native Method)
	at java.base/jdk.internal.reflect.NativeMethodAccessorImpl.invoke(NativeMethodAccessorImpl.java:62)
	at java.base/jdk.internal.reflect.DelegatingMethodAccessorImpl.invoke(DelegatingMethodAccessorImpl.java:43)
	at java.base/java.lang.reflect.Method.invoke(Method.java:566)
	at org.junit.runners.model.FrameworkMethod$1.runReflectiveCall(FrameworkMethod.java:59)
	at org.junit.internal.runners.model.ReflectiveCallable.run(ReflectiveCallable.java:12)
	at org.junit.runners.model.FrameworkMethod.invokeExplosively(FrameworkMethod.java:56)
	at org.junit.internal.runners.statements.InvokeMethod.evaluate(InvokeMethod.java:17)
	at org.junit.internal.runners.statements.RunBefores.evaluate(RunBefores.java:26)
	at org.junit.internal.runners.statements.RunAfters.evaluate(RunAfters.java:27)
	at org.junit.rules.TestWatcher$1.evaluate(TestWatcher.java:61)
	at org.junit.runners.ParentRunner$3.evaluate(ParentRunner.java:306)
	at org.junit.rules.TestWatcher$1.evaluate(TestWatcher.java:61)
	at org.junit.rules.RunRules.evaluate(RunRules.java:20)
	at org.junit.runners.ParentRunner.runLeaf(ParentRunner.java:366)
	at com.dotcms.junit.CustomDataProviderRunner.runChild(CustomDataProviderRunner.java:41)
	at com.dotcms.junit.CustomDataProviderRunner.runChild(CustomDataProviderRunner.java:26)
	at org.junit.runners.ParentRunner$4.run(ParentRunner.java:331)
	at org.junit.runners.ParentRunner$1.schedule(ParentRunner.java:79)
	at org.junit.runners.ParentRunner.runChildren(ParentRunner.java:329)
	at org.junit.runners.ParentRunner.access$100(ParentRunner.java:66)
	at org.junit.runners.ParentRunner$2.evaluate(ParentRunner.java:293)
	at org.junit.internal.runners.statements.RunBefores.evaluate(RunBefores.java:26)
	at org.junit.runners.ParentRunner$3.evaluate(ParentRunner.java:306)
	at org.junit.runners.ParentRunner.run(ParentRunner.java:413)
	at com.dotcms.junit.MainBaseSuite$DotRunner.run(MainBaseSuite.java:71)
	at org.junit.runners.Suite.runChild(Suite.java:128)
	at org.junit.runners.Suite.runChild(Suite.java:27)
	at org.junit.runners.ParentRunner$4.run(ParentRunner.java:331)
	at org.junit.runners.ParentRunner$1.schedule(ParentRunner.java:79)
	at org.junit.runners.ParentRunner.runChildren(ParentRunner.java:329)
	at org.junit.runners.ParentRunner.access$100(ParentRunner.java:66)
	at org.junit.runners.ParentRunner$2.evaluate(ParentRunner.java:293)
	at org.junit.runners.ParentRunner$3.evaluate(ParentRunner.java:306)
	at org.junit.runners.ParentRunner.run(ParentRunner.java:413)
	at org.gradle.api.internal.tasks.testing.junit.JUnitTestClassExecutor.runTestClass(JUnitTestClassExecutor.java:110)
	at org.gradle.api.internal.tasks.testing.junit.JUnitTestClassExecutor.execute(JUnitTestClassExecutor.java:58)
	at org.gradle.api.internal.tasks.testing.junit.JUnitTestClassExecutor.execute(JUnitTestClassExecutor.java:38)
	at org.gradle.api.internal.tasks.testing.junit.AbstractJUnitTestClassProcessor.processTestClass(AbstractJUnitTestClassProcessor.java:62)
	at org.gradle.api.internal.tasks.testing.SuiteTestClassProcessor.processTestClass(SuiteTestClassProcessor.java:51)
	at java.base/jdk.internal.reflect.NativeMethodAccessorImpl.invoke0(Native Method)
	at java.base/jdk.internal.reflect.NativeMethodAccessorImpl.invoke(NativeMethodAccessorImpl.java:62)
	at java.base/jdk.internal.reflect.DelegatingMethodAccessorImpl.invoke(DelegatingMethodAccessorImpl.java:43)
	at java.base/java.lang.reflect.Method.invoke(Method.java:566)
	at org.gradle.internal.dispatch.ReflectionDispatch.dispatch(ReflectionDispatch.java:36)
	at org.gradle.internal.dispatch.ReflectionDispatch.dispatch(ReflectionDispatch.java:24)
	at org.gradle.internal.dispatch.ContextClassLoaderDispatch.dispatch(ContextClassLoaderDispatch.java:33)
	at org.gradle.internal.dispatch.ProxyDispatchAdapter$DispatchingInvocationHandler.invoke(ProxyDispatchAdapter.java:94)
	at com.sun.proxy.$Proxy5.processTestClass(Unknown Source)
	at org.gradle.api.internal.tasks.testing.worker.TestWorker$2.run(TestWorker.java:176)
	at org.gradle.api.internal.tasks.testing.worker.TestWorker.executeAndMaintainThreadName(TestWorker.java:129)
	at org.gradle.api.internal.tasks.testing.worker.TestWorker.execute(TestWorker.java:100)
	at org.gradle.api.internal.tasks.testing.worker.TestWorker.execute(TestWorker.java:60)
	at org.gradle.process.internal.worker.child.ActionExecutionWorker.execute(ActionExecutionWorker.java:56)
	at org.gradle.process.internal.worker.child.SystemApplicationClassLoaderWorker.call(SystemApplicationClassLoaderWorker.java:133)
	at org.gradle.process.internal.worker.child.SystemApplicationClassLoaderWorker.call(SystemApplicationClassLoaderWorker.java:71)
	at worker.org.gradle.process.internal.worker.GradleWorkerMain.run(GradleWorkerMain.java:69)
	at worker.org.gradle.process.internal.worker.GradleWorkerMain.main(GradleWorkerMain.java:74)
</failure>
  </testcase>
  <testcase name="renderUrlMapPageWithExperiment" classname="com.dotcms.experiments.business.ExperimentAPIImpIntegrationTest" time="3.125"/>
  <testcase name="restartExperimentUsingTheStartScheduled" classname="com.dotcms.experiments.business.ExperimentAPIImpIntegrationTest" time="1.353"/>
  <testcase name="test_calcBayesian_AOverB" classname="com.dotcms.experiments.business.ExperimentAPIImpIntegrationTest" time="1.496">
    <failure message="junit.framework.AssertionFailedError: expected:&lt;120&gt; but was:&lt;0&gt;" type="junit.framework.AssertionFailedError">junit.framework.AssertionFailedError: expected:&lt;120&gt; but was:&lt;0&gt;
	at junit.framework.Assert.fail(Assert.java:57)
	at junit.framework.Assert.failNotEquals(Assert.java:329)
	at junit.framework.Assert.assertEquals(Assert.java:78)
	at junit.framework.Assert.assertEquals(Assert.java:159)
	at junit.framework.Assert.assertEquals(Assert.java:166)
	at junit.framework.TestCase.assertEquals(TestCase.java:309)
	at com.dotcms.experiments.business.ExperimentAPIImpIntegrationTest.test_calcBayesian_AOverB(ExperimentAPIImpIntegrationTest.java:3172)
	at java.base/jdk.internal.reflect.NativeMethodAccessorImpl.invoke0(Native Method)
	at java.base/jdk.internal.reflect.NativeMethodAccessorImpl.invoke(NativeMethodAccessorImpl.java:62)
	at java.base/jdk.internal.reflect.DelegatingMethodAccessorImpl.invoke(DelegatingMethodAccessorImpl.java:43)
	at java.base/java.lang.reflect.Method.invoke(Method.java:566)
	at org.junit.runners.model.FrameworkMethod$1.runReflectiveCall(FrameworkMethod.java:59)
	at org.junit.internal.runners.model.ReflectiveCallable.run(ReflectiveCallable.java:12)
	at org.junit.runners.model.FrameworkMethod.invokeExplosively(FrameworkMethod.java:56)
	at org.junit.internal.runners.statements.InvokeMethod.evaluate(InvokeMethod.java:17)
	at org.junit.internal.runners.statements.RunBefores.evaluate(RunBefores.java:26)
	at org.junit.internal.runners.statements.RunAfters.evaluate(RunAfters.java:27)
	at org.junit.rules.TestWatcher$1.evaluate(TestWatcher.java:61)
	at org.junit.runners.ParentRunner$3.evaluate(ParentRunner.java:306)
	at org.junit.rules.TestWatcher$1.evaluate(TestWatcher.java:61)
	at org.junit.rules.RunRules.evaluate(RunRules.java:20)
	at org.junit.runners.ParentRunner.runLeaf(ParentRunner.java:366)
	at com.dotcms.junit.CustomDataProviderRunner.runChild(CustomDataProviderRunner.java:41)
	at com.dotcms.junit.CustomDataProviderRunner.runChild(CustomDataProviderRunner.java:26)
	at org.junit.runners.ParentRunner$4.run(ParentRunner.java:331)
	at org.junit.runners.ParentRunner$1.schedule(ParentRunner.java:79)
	at org.junit.runners.ParentRunner.runChildren(ParentRunner.java:329)
	at org.junit.runners.ParentRunner.access$100(ParentRunner.java:66)
	at org.junit.runners.ParentRunner$2.evaluate(ParentRunner.java:293)
	at org.junit.internal.runners.statements.RunBefores.evaluate(RunBefores.java:26)
	at org.junit.runners.ParentRunner$3.evaluate(ParentRunner.java:306)
	at org.junit.runners.ParentRunner.run(ParentRunner.java:413)
	at com.dotcms.junit.MainBaseSuite$DotRunner.run(MainBaseSuite.java:71)
	at org.junit.runners.Suite.runChild(Suite.java:128)
	at org.junit.runners.Suite.runChild(Suite.java:27)
	at org.junit.runners.ParentRunner$4.run(ParentRunner.java:331)
	at org.junit.runners.ParentRunner$1.schedule(ParentRunner.java:79)
	at org.junit.runners.ParentRunner.runChildren(ParentRunner.java:329)
	at org.junit.runners.ParentRunner.access$100(ParentRunner.java:66)
	at org.junit.runners.ParentRunner$2.evaluate(ParentRunner.java:293)
	at org.junit.runners.ParentRunner$3.evaluate(ParentRunner.java:306)
	at org.junit.runners.ParentRunner.run(ParentRunner.java:413)
	at org.gradle.api.internal.tasks.testing.junit.JUnitTestClassExecutor.runTestClass(JUnitTestClassExecutor.java:110)
	at org.gradle.api.internal.tasks.testing.junit.JUnitTestClassExecutor.execute(JUnitTestClassExecutor.java:58)
	at org.gradle.api.internal.tasks.testing.junit.JUnitTestClassExecutor.execute(JUnitTestClassExecutor.java:38)
	at org.gradle.api.internal.tasks.testing.junit.AbstractJUnitTestClassProcessor.processTestClass(AbstractJUnitTestClassProcessor.java:62)
	at org.gradle.api.internal.tasks.testing.SuiteTestClassProcessor.processTestClass(SuiteTestClassProcessor.java:51)
	at java.base/jdk.internal.reflect.NativeMethodAccessorImpl.invoke0(Native Method)
	at java.base/jdk.internal.reflect.NativeMethodAccessorImpl.invoke(NativeMethodAccessorImpl.java:62)
	at java.base/jdk.internal.reflect.DelegatingMethodAccessorImpl.invoke(DelegatingMethodAccessorImpl.java:43)
	at java.base/java.lang.reflect.Method.invoke(Method.java:566)
	at org.gradle.internal.dispatch.ReflectionDispatch.dispatch(ReflectionDispatch.java:36)
	at org.gradle.internal.dispatch.ReflectionDispatch.dispatch(ReflectionDispatch.java:24)
	at org.gradle.internal.dispatch.ContextClassLoaderDispatch.dispatch(ContextClassLoaderDispatch.java:33)
	at org.gradle.internal.dispatch.ProxyDispatchAdapter$DispatchingInvocationHandler.invoke(ProxyDispatchAdapter.java:94)
	at com.sun.proxy.$Proxy5.processTestClass(Unknown Source)
	at org.gradle.api.internal.tasks.testing.worker.TestWorker$2.run(TestWorker.java:176)
	at org.gradle.api.internal.tasks.testing.worker.TestWorker.executeAndMaintainThreadName(TestWorker.java:129)
	at org.gradle.api.internal.tasks.testing.worker.TestWorker.execute(TestWorker.java:100)
	at org.gradle.api.internal.tasks.testing.worker.TestWorker.execute(TestWorker.java:60)
	at org.gradle.process.internal.worker.child.ActionExecutionWorker.execute(ActionExecutionWorker.java:56)
	at org.gradle.process.internal.worker.child.SystemApplicationClassLoaderWorker.call(SystemApplicationClassLoaderWorker.java:133)
	at org.gradle.process.internal.worker.child.SystemApplicationClassLoaderWorker.call(SystemApplicationClassLoaderWorker.java:71)
	at worker.org.gradle.process.internal.worker.GradleWorkerMain.run(GradleWorkerMain.java:69)
	at worker.org.gradle.process.internal.worker.GradleWorkerMain.main(GradleWorkerMain.java:74)
</failure>
  </testcase>
  <testcase name="test_calcBayesian_BOverA" classname="com.dotcms.experiments.business.ExperimentAPIImpIntegrationTest" time="2.262">
    <failure message="junit.framework.AssertionFailedError: expected:&lt;120&gt; but was:&lt;0&gt;" type="junit.framework.AssertionFailedError">junit.framework.AssertionFailedError: expected:&lt;120&gt; but was:&lt;0&gt;
	at junit.framework.Assert.fail(Assert.java:57)
	at junit.framework.Assert.failNotEquals(Assert.java:329)
	at junit.framework.Assert.assertEquals(Assert.java:78)
	at junit.framework.Assert.assertEquals(Assert.java:159)
	at junit.framework.Assert.assertEquals(Assert.java:166)
	at junit.framework.TestCase.assertEquals(TestCase.java:309)
	at com.dotcms.experiments.business.ExperimentAPIImpIntegrationTest.test_calcBayesian_BOverA(ExperimentAPIImpIntegrationTest.java:3015)
	at java.base/jdk.internal.reflect.NativeMethodAccessorImpl.invoke0(Native Method)
	at java.base/jdk.internal.reflect.NativeMethodAccessorImpl.invoke(NativeMethodAccessorImpl.java:62)
	at java.base/jdk.internal.reflect.DelegatingMethodAccessorImpl.invoke(DelegatingMethodAccessorImpl.java:43)
	at java.base/java.lang.reflect.Method.invoke(Method.java:566)
	at org.junit.runners.model.FrameworkMethod$1.runReflectiveCall(FrameworkMethod.java:59)
	at org.junit.internal.runners.model.ReflectiveCallable.run(ReflectiveCallable.java:12)
	at org.junit.runners.model.FrameworkMethod.invokeExplosively(FrameworkMethod.java:56)
	at org.junit.internal.runners.statements.InvokeMethod.evaluate(InvokeMethod.java:17)
	at org.junit.internal.runners.statements.RunBefores.evaluate(RunBefores.java:26)
	at org.junit.internal.runners.statements.RunAfters.evaluate(RunAfters.java:27)
	at org.junit.rules.TestWatcher$1.evaluate(TestWatcher.java:61)
	at org.junit.runners.ParentRunner$3.evaluate(ParentRunner.java:306)
	at org.junit.rules.TestWatcher$1.evaluate(TestWatcher.java:61)
	at org.junit.rules.RunRules.evaluate(RunRules.java:20)
	at org.junit.runners.ParentRunner.runLeaf(ParentRunner.java:366)
	at com.dotcms.junit.CustomDataProviderRunner.runChild(CustomDataProviderRunner.java:41)
	at com.dotcms.junit.CustomDataProviderRunner.runChild(CustomDataProviderRunner.java:26)
	at org.junit.runners.ParentRunner$4.run(ParentRunner.java:331)
	at org.junit.runners.ParentRunner$1.schedule(ParentRunner.java:79)
	at org.junit.runners.ParentRunner.runChildren(ParentRunner.java:329)
	at org.junit.runners.ParentRunner.access$100(ParentRunner.java:66)
	at org.junit.runners.ParentRunner$2.evaluate(ParentRunner.java:293)
	at org.junit.internal.runners.statements.RunBefores.evaluate(RunBefores.java:26)
	at org.junit.runners.ParentRunner$3.evaluate(ParentRunner.java:306)
	at org.junit.runners.ParentRunner.run(ParentRunner.java:413)
	at com.dotcms.junit.MainBaseSuite$DotRunner.run(MainBaseSuite.java:71)
	at org.junit.runners.Suite.runChild(Suite.java:128)
	at org.junit.runners.Suite.runChild(Suite.java:27)
	at org.junit.runners.ParentRunner$4.run(ParentRunner.java:331)
	at org.junit.runners.ParentRunner$1.schedule(ParentRunner.java:79)
	at org.junit.runners.ParentRunner.runChildren(ParentRunner.java:329)
	at org.junit.runners.ParentRunner.access$100(ParentRunner.java:66)
	at org.junit.runners.ParentRunner$2.evaluate(ParentRunner.java:293)
	at org.junit.runners.ParentRunner$3.evaluate(ParentRunner.java:306)
	at org.junit.runners.ParentRunner.run(ParentRunner.java:413)
	at org.gradle.api.internal.tasks.testing.junit.JUnitTestClassExecutor.runTestClass(JUnitTestClassExecutor.java:110)
	at org.gradle.api.internal.tasks.testing.junit.JUnitTestClassExecutor.execute(JUnitTestClassExecutor.java:58)
	at org.gradle.api.internal.tasks.testing.junit.JUnitTestClassExecutor.execute(JUnitTestClassExecutor.java:38)
	at org.gradle.api.internal.tasks.testing.junit.AbstractJUnitTestClassProcessor.processTestClass(AbstractJUnitTestClassProcessor.java:62)
	at org.gradle.api.internal.tasks.testing.SuiteTestClassProcessor.processTestClass(SuiteTestClassProcessor.java:51)
	at java.base/jdk.internal.reflect.NativeMethodAccessorImpl.invoke0(Native Method)
	at java.base/jdk.internal.reflect.NativeMethodAccessorImpl.invoke(NativeMethodAccessorImpl.java:62)
	at java.base/jdk.internal.reflect.DelegatingMethodAccessorImpl.invoke(DelegatingMethodAccessorImpl.java:43)
	at java.base/java.lang.reflect.Method.invoke(Method.java:566)
	at org.gradle.internal.dispatch.ReflectionDispatch.dispatch(ReflectionDispatch.java:36)
	at org.gradle.internal.dispatch.ReflectionDispatch.dispatch(ReflectionDispatch.java:24)
	at org.gradle.internal.dispatch.ContextClassLoaderDispatch.dispatch(ContextClassLoaderDispatch.java:33)
	at org.gradle.internal.dispatch.ProxyDispatchAdapter$DispatchingInvocationHandler.invoke(ProxyDispatchAdapter.java:94)
	at com.sun.proxy.$Proxy5.processTestClass(Unknown Source)
	at org.gradle.api.internal.tasks.testing.worker.TestWorker$2.run(TestWorker.java:176)
	at org.gradle.api.internal.tasks.testing.worker.TestWorker.executeAndMaintainThreadName(TestWorker.java:129)
	at org.gradle.api.internal.tasks.testing.worker.TestWorker.execute(TestWorker.java:100)
	at org.gradle.api.internal.tasks.testing.worker.TestWorker.execute(TestWorker.java:60)
	at org.gradle.process.internal.worker.child.ActionExecutionWorker.execute(ActionExecutionWorker.java:56)
	at org.gradle.process.internal.worker.child.SystemApplicationClassLoaderWorker.call(SystemApplicationClassLoaderWorker.java:133)
	at org.gradle.process.internal.worker.child.SystemApplicationClassLoaderWorker.call(SystemApplicationClassLoaderWorker.java:71)
	at worker.org.gradle.process.internal.worker.GradleWorkerMain.run(GradleWorkerMain.java:69)
	at worker.org.gradle.process.internal.worker.GradleWorkerMain.main(GradleWorkerMain.java:74)
</failure>
  </testcase>
  <testcase name="test_getResults_missingAnalyticsApp" classname="com.dotcms.experiments.business.ExperimentAPIImpIntegrationTest" time="1.513"/>
  <testcase name="notBounceRate" classname="com.dotcms.experiments.business.ExperimentAPIImpIntegrationTest" time="2.587"/>
  <testcase name="bounceRateWithIndex[0: /index]" classname="com.dotcms.experiments.business.ExperimentAPIImpIntegrationTest" time="1.829"/>
  <testcase name="bounceRateWithIndex[1: /INDEX]" classname="com.dotcms.experiments.business.ExperimentAPIImpIntegrationTest" time="2.167"/>
  <testcase name="bounceRateWithIndex[2: /IndEX]" classname="com.dotcms.experiments.business.ExperimentAPIImpIntegrationTest" time="0.914"/>
  <testcase name="bounceRateWithIndex[3: &lt;empty string&gt;]" classname="com.dotcms.experiments.business.ExperimentAPIImpIntegrationTest" time="1.042"/>
  <testcase name="bounceRateWithIndex[4: /]" classname="com.dotcms.experiments.business.ExperimentAPIImpIntegrationTest" time="1.036"/>
  <testcase name="bounceRateWithIndex[5: /?variantName=dotexperiment-fcaef4575a-variant-1&amp;redirect=true]" classname="com.dotcms.experiments.business.ExperimentAPIImpIntegrationTest" time="1.865"/>
  <testcase name="getRunningExperiment" classname="com.dotcms.experiments.business.ExperimentAPIImpIntegrationTest" time="5.701"/>
  <system-out><![CDATA[]]></system-out>
  <system-err><![CDATA[]]></system-err>
</testsuite>
