<?xml version="1.0" encoding="UTF-8"?>
<testsuite name="com.dotcms.contenttype.test.FieldBuilderTest" tests="12" skipped="0" failures="0" errors="0" timestamp="2023-06-27T19:24:41" hostname="fv-az412-684" time="0.072">
  <properties/>
  <testcase name="testValuesCheck" classname="com.dotcms.contenttype.test.FieldBuilderTest" time="0.003"/>
  <testcase name="testCopy" classname="com.dotcms.contenttype.test.FieldBuilderTest" time="0.001"/>
  <testcase name="testFieldChecks" classname="com.dotcms.contenttype.test.FieldBuilderTest" time="0.001"/>
  <testcase name="testDateTimeField" classname="com.dotcms.contenttype.test.FieldBuilderTest" time="0.007"/>
  <testcase name="testTimeFieldException" classname="com.dotcms.contenttype.test.FieldBuilderTest" time="0.024"/>
  <testcase name="testDateField" classname="com.dotcms.contenttype.test.FieldBuilderTest" time="0.001"/>
  <testcase name="testTimeField" classname="com.dotcms.contenttype.test.FieldBuilderTest" time="0.001"/>
  <testcase name="testDateTimeFieldException" classname="com.dotcms.contenttype.test.FieldBuilderTest" time="0.001"/>
  <testcase name="testImplTypeBuilder" classname="com.dotcms.contenttype.test.FieldBuilderTest" time="0.025"/>
  <testcase name="testAllFieldBuilders" classname="com.dotcms.contenttype.test.FieldBuilderTest" time="0.002"/>
  <testcase name="testDateFieldException" classname="com.dotcms.contenttype.test.FieldBuilderTest" time="0.001"/>
  <testcase name="testEquals" classname="com.dotcms.contenttype.test.FieldBuilderTest" time="0.001"/>
  <system-out><![CDATA[]]></system-out>
  <system-err><![CDATA[]]></system-err>
</testsuite>
