<?xml version="1.0" encoding="UTF-8"?>
<testsuite name="com.dotcms.enterprise.publishing.remote.bundler.RuleBundlerTest" tests="2" skipped="0" failures="0" errors="0" timestamp="2023-07-20T03:13:36" hostname="fv-az592-428" time="0.024">
  <properties/>
  <testcase name="addRuleInBundle[0: com.dotcms.enterprise.publishing.remote.bundler.RuleBundlerTest$TestCase@6666c265]" classname="com.dotcms.enterprise.publishing.remote.bundler.RuleBundlerTest" time="0.012"/>
  <testcase name="addRuleInBundle[1: com.dotcms.enterprise.publishing.remote.bundler.RuleBundlerTest$TestCase@2758b0f1]" classname="com.dotcms.enterprise.publishing.remote.bundler.RuleBundlerTest" time="0.012"/>
  <system-out><![CDATA[]]></system-out>
  <system-err><![CDATA[]]></system-err>
</testsuite>
