<?xml version="1.0" encoding="UTF-8"?>
<testsuite name="com.dotcms.rendering.velocity.viewtools.content.util.ContentUtilsTest" tests="89" skipped="0" failures="0" errors="0" timestamp="2023-07-21T16:32:30" hostname="fv-az717-170" time="397.707">
  <properties/>
  <testcase name="whenTheTimeMachineDateIsNullAndPublishDateInFutureShouldNotReturnAnything" classname="com.dotcms.rendering.velocity.viewtools.content.util.ContentUtilsTest" time="2.937"/>
  <testcase name="test_find_multilingual_contentlet_getContentletSuccessfully" classname="com.dotcms.rendering.velocity.viewtools.content.util.ContentUtilsTest" time="2.151"/>
  <testcase name="whenTheTimeMachineDateAndPublishDateAreTomorrowShouldReturnOneContent" classname="com.dotcms.rendering.velocity.viewtools.content.util.ContentUtilsTest" time="2.906"/>
  <testcase name="testPullRelated[0: com.dotcms.rendering.velocity.viewtools.content.util.ContentUtilsTest$TestCase@302f01b]" classname="com.dotcms.rendering.velocity.viewtools.content.util.ContentUtilsTest" time="4.014"/>
  <testcase name="testPullRelated[1: com.dotcms.rendering.velocity.viewtools.content.util.ContentUtilsTest$TestCase@6e0c2feb]" classname="com.dotcms.rendering.velocity.viewtools.content.util.ContentUtilsTest" time="3.793"/>
  <testcase name="testPullRelated[2: com.dotcms.rendering.velocity.viewtools.content.util.ContentUtilsTest$TestCase@45c54f03]" classname="com.dotcms.rendering.velocity.viewtools.content.util.ContentUtilsTest" time="3.202"/>
  <testcase name="testPullRelated[3: com.dotcms.rendering.velocity.viewtools.content.util.ContentUtilsTest$TestCase@2e901584]" classname="com.dotcms.rendering.velocity.viewtools.content.util.ContentUtilsTest" time="3.832"/>
  <testcase name="testPullRelated[4: com.dotcms.rendering.velocity.viewtools.content.util.ContentUtilsTest$TestCase@3a06ba65]" classname="com.dotcms.rendering.velocity.viewtools.content.util.ContentUtilsTest" time="3.195"/>
  <testcase name="testPullRelated[5: com.dotcms.rendering.velocity.viewtools.content.util.ContentUtilsTest$TestCase@35fab9b9]" classname="com.dotcms.rendering.velocity.viewtools.content.util.ContentUtilsTest" time="3.922"/>
  <testcase name="testPullRelated[6: com.dotcms.rendering.velocity.viewtools.content.util.ContentUtilsTest$TestCase@5a284552]" classname="com.dotcms.rendering.velocity.viewtools.content.util.ContentUtilsTest" time="4.324"/>
  <testcase name="testPullRelated[7: com.dotcms.rendering.velocity.viewtools.content.util.ContentUtilsTest$TestCase@74ba57a6]" classname="com.dotcms.rendering.velocity.viewtools.content.util.ContentUtilsTest" time="3.859"/>
  <testcase name="testPullRelated[8: com.dotcms.rendering.velocity.viewtools.content.util.ContentUtilsTest$TestCase@7b601ec6]" classname="com.dotcms.rendering.velocity.viewtools.content.util.ContentUtilsTest" time="3.089"/>
  <testcase name="testPullRelated[9: com.dotcms.rendering.velocity.viewtools.content.util.ContentUtilsTest$TestCase@1b375762]" classname="com.dotcms.rendering.velocity.viewtools.content.util.ContentUtilsTest" time="3.976"/>
  <testcase name="testPullRelated[10: com.dotcms.rendering.velocity.viewtools.content.util.ContentUtilsTest$TestCase@3ad8383]" classname="com.dotcms.rendering.velocity.viewtools.content.util.ContentUtilsTest" time="3.191"/>
  <testcase name="testPullRelated[11: com.dotcms.rendering.velocity.viewtools.content.util.ContentUtilsTest$TestCase@250cf337]" classname="com.dotcms.rendering.velocity.viewtools.content.util.ContentUtilsTest" time="3.963"/>
  <testcase name="testPullRelated[12: com.dotcms.rendering.velocity.viewtools.content.util.ContentUtilsTest$TestCase@5ee14f7e]" classname="com.dotcms.rendering.velocity.viewtools.content.util.ContentUtilsTest" time="3.849"/>
  <testcase name="testPullRelated[13: com.dotcms.rendering.velocity.viewtools.content.util.ContentUtilsTest$TestCase@7fcc8f87]" classname="com.dotcms.rendering.velocity.viewtools.content.util.ContentUtilsTest" time="4.02"/>
  <testcase name="testPullRelated[14: com.dotcms.rendering.velocity.viewtools.content.util.ContentUtilsTest$TestCase@1092ba66]" classname="com.dotcms.rendering.velocity.viewtools.content.util.ContentUtilsTest" time="4.021"/>
  <testcase name="testPullRelated[15: com.dotcms.rendering.velocity.viewtools.content.util.ContentUtilsTest$TestCase@52456608]" classname="com.dotcms.rendering.velocity.viewtools.content.util.ContentUtilsTest" time="3.32"/>
  <testcase name="testPullRelated[16: com.dotcms.rendering.velocity.viewtools.content.util.ContentUtilsTest$TestCase@68b4981]" classname="com.dotcms.rendering.velocity.viewtools.content.util.ContentUtilsTest" time="3.88"/>
  <testcase name="testPullRelated[17: com.dotcms.rendering.velocity.viewtools.content.util.ContentUtilsTest$TestCase@1da04e60]" classname="com.dotcms.rendering.velocity.viewtools.content.util.ContentUtilsTest" time="4.005"/>
  <testcase name="testPullRelated[18: com.dotcms.rendering.velocity.viewtools.content.util.ContentUtilsTest$TestCase@18649638]" classname="com.dotcms.rendering.velocity.viewtools.content.util.ContentUtilsTest" time="4.142"/>
  <testcase name="testPullRelated[19: com.dotcms.rendering.velocity.viewtools.content.util.ContentUtilsTest$TestCase@6168c61a]" classname="com.dotcms.rendering.velocity.viewtools.content.util.ContentUtilsTest" time="4.039"/>
  <testcase name="testPullRelated[20: com.dotcms.rendering.velocity.viewtools.content.util.ContentUtilsTest$TestCase@3df34cf7]" classname="com.dotcms.rendering.velocity.viewtools.content.util.ContentUtilsTest" time="3.966"/>
  <testcase name="testPullRelated[21: com.dotcms.rendering.velocity.viewtools.content.util.ContentUtilsTest$TestCase@22bfd667]" classname="com.dotcms.rendering.velocity.viewtools.content.util.ContentUtilsTest" time="3.958"/>
  <testcase name="testPullRelated[22: com.dotcms.rendering.velocity.viewtools.content.util.ContentUtilsTest$TestCase@1e56415e]" classname="com.dotcms.rendering.velocity.viewtools.content.util.ContentUtilsTest" time="4.151"/>
  <testcase name="testPullRelated[23: com.dotcms.rendering.velocity.viewtools.content.util.ContentUtilsTest$TestCase@39291c98]" classname="com.dotcms.rendering.velocity.viewtools.content.util.ContentUtilsTest" time="4.0"/>
  <testcase name="testPullRelated[24: com.dotcms.rendering.velocity.viewtools.content.util.ContentUtilsTest$TestCase@1e1a6bbe]" classname="com.dotcms.rendering.velocity.viewtools.content.util.ContentUtilsTest" time="4.061"/>
  <testcase name="testPullRelated[25: com.dotcms.rendering.velocity.viewtools.content.util.ContentUtilsTest$TestCase@424a8af4]" classname="com.dotcms.rendering.velocity.viewtools.content.util.ContentUtilsTest" time="4.102"/>
  <testcase name="testPullRelated[26: com.dotcms.rendering.velocity.viewtools.content.util.ContentUtilsTest$TestCase@6e3a6f52]" classname="com.dotcms.rendering.velocity.viewtools.content.util.ContentUtilsTest" time="4.145"/>
  <testcase name="testPullRelated[27: com.dotcms.rendering.velocity.viewtools.content.util.ContentUtilsTest$TestCase@1f0673d1]" classname="com.dotcms.rendering.velocity.viewtools.content.util.ContentUtilsTest" time="4.068"/>
  <testcase name="testPullRelated[28: com.dotcms.rendering.velocity.viewtools.content.util.ContentUtilsTest$TestCase@528cbc14]" classname="com.dotcms.rendering.velocity.viewtools.content.util.ContentUtilsTest" time="3.874"/>
  <testcase name="testPullRelated[29: com.dotcms.rendering.velocity.viewtools.content.util.ContentUtilsTest$TestCase@4487819b]" classname="com.dotcms.rendering.velocity.viewtools.content.util.ContentUtilsTest" time="4.075"/>
  <testcase name="testPullRelated[30: com.dotcms.rendering.velocity.viewtools.content.util.ContentUtilsTest$TestCase@797a36a6]" classname="com.dotcms.rendering.velocity.viewtools.content.util.ContentUtilsTest" time="4.06"/>
  <testcase name="testPullRelated[31: com.dotcms.rendering.velocity.viewtools.content.util.ContentUtilsTest$TestCase@554e4aa3]" classname="com.dotcms.rendering.velocity.viewtools.content.util.ContentUtilsTest" time="4.184"/>
  <testcase name="testPullRelated[32: com.dotcms.rendering.velocity.viewtools.content.util.ContentUtilsTest$TestCase@62153002]" classname="com.dotcms.rendering.velocity.viewtools.content.util.ContentUtilsTest" time="3.883"/>
  <testcase name="testPullRelated[33: com.dotcms.rendering.velocity.viewtools.content.util.ContentUtilsTest$TestCase@1ae6ee82]" classname="com.dotcms.rendering.velocity.viewtools.content.util.ContentUtilsTest" time="4.064"/>
  <testcase name="testPullRelated[34: com.dotcms.rendering.velocity.viewtools.content.util.ContentUtilsTest$TestCase@3201247e]" classname="com.dotcms.rendering.velocity.viewtools.content.util.ContentUtilsTest" time="4.141"/>
  <testcase name="testPullRelated[35: com.dotcms.rendering.velocity.viewtools.content.util.ContentUtilsTest$TestCase@153d6bcf]" classname="com.dotcms.rendering.velocity.viewtools.content.util.ContentUtilsTest" time="4.165"/>
  <testcase name="testPullRelated[36: com.dotcms.rendering.velocity.viewtools.content.util.ContentUtilsTest$TestCase@5e63dc4a]" classname="com.dotcms.rendering.velocity.viewtools.content.util.ContentUtilsTest" time="5.974"/>
  <testcase name="testPullRelated[37: com.dotcms.rendering.velocity.viewtools.content.util.ContentUtilsTest$TestCase@73dcabfa]" classname="com.dotcms.rendering.velocity.viewtools.content.util.ContentUtilsTest" time="6.135"/>
  <testcase name="testPullRelated[38: com.dotcms.rendering.velocity.viewtools.content.util.ContentUtilsTest$TestCase@48c5432b]" classname="com.dotcms.rendering.velocity.viewtools.content.util.ContentUtilsTest" time="6.135"/>
  <testcase name="testPullRelated[39: com.dotcms.rendering.velocity.viewtools.content.util.ContentUtilsTest$TestCase@36582aef]" classname="com.dotcms.rendering.velocity.viewtools.content.util.ContentUtilsTest" time="5.053"/>
  <testcase name="testPullRelated[40: com.dotcms.rendering.velocity.viewtools.content.util.ContentUtilsTest$TestCase@761921e2]" classname="com.dotcms.rendering.velocity.viewtools.content.util.ContentUtilsTest" time="6.088"/>
  <testcase name="testPullRelated[41: com.dotcms.rendering.velocity.viewtools.content.util.ContentUtilsTest$TestCase@608cc7a0]" classname="com.dotcms.rendering.velocity.viewtools.content.util.ContentUtilsTest" time="5.858"/>
  <testcase name="testPullRelated[42: com.dotcms.rendering.velocity.viewtools.content.util.ContentUtilsTest$TestCase@2b21c81]" classname="com.dotcms.rendering.velocity.viewtools.content.util.ContentUtilsTest" time="6.437"/>
  <testcase name="testPullRelated[43: com.dotcms.rendering.velocity.viewtools.content.util.ContentUtilsTest$TestCase@754a416a]" classname="com.dotcms.rendering.velocity.viewtools.content.util.ContentUtilsTest" time="6.15"/>
  <testcase name="testPullRelated[44: com.dotcms.rendering.velocity.viewtools.content.util.ContentUtilsTest$TestCase@4a637810]" classname="com.dotcms.rendering.velocity.viewtools.content.util.ContentUtilsTest" time="4.972"/>
  <testcase name="testPullRelated[45: com.dotcms.rendering.velocity.viewtools.content.util.ContentUtilsTest$TestCase@4c54173b]" classname="com.dotcms.rendering.velocity.viewtools.content.util.ContentUtilsTest" time="5.852"/>
  <testcase name="testPullRelated[46: com.dotcms.rendering.velocity.viewtools.content.util.ContentUtilsTest$TestCase@5e905c24]" classname="com.dotcms.rendering.velocity.viewtools.content.util.ContentUtilsTest" time="5.321"/>
  <testcase name="testPullRelated[47: com.dotcms.rendering.velocity.viewtools.content.util.ContentUtilsTest$TestCase@7976178d]" classname="com.dotcms.rendering.velocity.viewtools.content.util.ContentUtilsTest" time="6.171"/>
  <testcase name="testPullRelated[48: com.dotcms.rendering.velocity.viewtools.content.util.ContentUtilsTest$TestCase@2804434b]" classname="com.dotcms.rendering.velocity.viewtools.content.util.ContentUtilsTest" time="4.84"/>
  <testcase name="testPullRelated[49: com.dotcms.rendering.velocity.viewtools.content.util.ContentUtilsTest$TestCase@440574bf]" classname="com.dotcms.rendering.velocity.viewtools.content.util.ContentUtilsTest" time="5.911"/>
  <testcase name="testPullRelated[50: com.dotcms.rendering.velocity.viewtools.content.util.ContentUtilsTest$TestCase@18287167]" classname="com.dotcms.rendering.velocity.viewtools.content.util.ContentUtilsTest" time="6.417"/>
  <testcase name="testPullRelated[51: com.dotcms.rendering.velocity.viewtools.content.util.ContentUtilsTest$TestCase@512bc790]" classname="com.dotcms.rendering.velocity.viewtools.content.util.ContentUtilsTest" time="5.993"/>
  <testcase name="testPullRelated[52: com.dotcms.rendering.velocity.viewtools.content.util.ContentUtilsTest$TestCase@5bbfd8e5]" classname="com.dotcms.rendering.velocity.viewtools.content.util.ContentUtilsTest" time="6.056"/>
  <testcase name="testPullRelated[53: com.dotcms.rendering.velocity.viewtools.content.util.ContentUtilsTest$TestCase@3470ffa1]" classname="com.dotcms.rendering.velocity.viewtools.content.util.ContentUtilsTest" time="5.91"/>
  <testcase name="testPullRelated[54: com.dotcms.rendering.velocity.viewtools.content.util.ContentUtilsTest$TestCase@6f881301]" classname="com.dotcms.rendering.velocity.viewtools.content.util.ContentUtilsTest" time="6.377"/>
  <testcase name="testPullRelated[55: com.dotcms.rendering.velocity.viewtools.content.util.ContentUtilsTest$TestCase@60104e27]" classname="com.dotcms.rendering.velocity.viewtools.content.util.ContentUtilsTest" time="6.098"/>
  <testcase name="testPullRelated[56: com.dotcms.rendering.velocity.viewtools.content.util.ContentUtilsTest$TestCase@45cdda30]" classname="com.dotcms.rendering.velocity.viewtools.content.util.ContentUtilsTest" time="5.946"/>
  <testcase name="testPullRelated[57: com.dotcms.rendering.velocity.viewtools.content.util.ContentUtilsTest$TestCase@76f3a8df]" classname="com.dotcms.rendering.velocity.viewtools.content.util.ContentUtilsTest" time="6.182"/>
  <testcase name="testPullRelated[58: com.dotcms.rendering.velocity.viewtools.content.util.ContentUtilsTest$TestCase@59ccbd1b]" classname="com.dotcms.rendering.velocity.viewtools.content.util.ContentUtilsTest" time="6.275"/>
  <testcase name="testPullRelated[59: com.dotcms.rendering.velocity.viewtools.content.util.ContentUtilsTest$TestCase@3bcfb173]" classname="com.dotcms.rendering.velocity.viewtools.content.util.ContentUtilsTest" time="5.798"/>
  <testcase name="testPullRelated[60: com.dotcms.rendering.velocity.viewtools.content.util.ContentUtilsTest$TestCase@10f8e060]" classname="com.dotcms.rendering.velocity.viewtools.content.util.ContentUtilsTest" time="6.202"/>
  <testcase name="testPullRelated[61: com.dotcms.rendering.velocity.viewtools.content.util.ContentUtilsTest$TestCase@7b2617f0]" classname="com.dotcms.rendering.velocity.viewtools.content.util.ContentUtilsTest" time="5.846"/>
  <testcase name="testPullRelated[62: com.dotcms.rendering.velocity.viewtools.content.util.ContentUtilsTest$TestCase@47be49ea]" classname="com.dotcms.rendering.velocity.viewtools.content.util.ContentUtilsTest" time="5.426"/>
  <testcase name="testPullRelated[63: com.dotcms.rendering.velocity.viewtools.content.util.ContentUtilsTest$TestCase@13c2c47]" classname="com.dotcms.rendering.velocity.viewtools.content.util.ContentUtilsTest" time="5.895"/>
  <testcase name="testPullRelated[64: com.dotcms.rendering.velocity.viewtools.content.util.ContentUtilsTest$TestCase@569027e0]" classname="com.dotcms.rendering.velocity.viewtools.content.util.ContentUtilsTest" time="6.107"/>
  <testcase name="testPullRelated[65: com.dotcms.rendering.velocity.viewtools.content.util.ContentUtilsTest$TestCase@1dc23355]" classname="com.dotcms.rendering.velocity.viewtools.content.util.ContentUtilsTest" time="6.003"/>
  <testcase name="testPullRelated[66: com.dotcms.rendering.velocity.viewtools.content.util.ContentUtilsTest$TestCase@2886d81e]" classname="com.dotcms.rendering.velocity.viewtools.content.util.ContentUtilsTest" time="6.351"/>
  <testcase name="testPullRelated[67: com.dotcms.rendering.velocity.viewtools.content.util.ContentUtilsTest$TestCase@48b8875d]" classname="com.dotcms.rendering.velocity.viewtools.content.util.ContentUtilsTest" time="6.06"/>
  <testcase name="testPullRelated[68: com.dotcms.rendering.velocity.viewtools.content.util.ContentUtilsTest$TestCase@1f40168d]" classname="com.dotcms.rendering.velocity.viewtools.content.util.ContentUtilsTest" time="4.818"/>
  <testcase name="testPullRelated[69: com.dotcms.rendering.velocity.viewtools.content.util.ContentUtilsTest$TestCase@1314c6ab]" classname="com.dotcms.rendering.velocity.viewtools.content.util.ContentUtilsTest" time="5.165"/>
  <testcase name="testPullRelated[70: com.dotcms.rendering.velocity.viewtools.content.util.ContentUtilsTest$TestCase@dccbaff]" classname="com.dotcms.rendering.velocity.viewtools.content.util.ContentUtilsTest" time="5.166"/>
  <testcase name="testPullRelated[71: com.dotcms.rendering.velocity.viewtools.content.util.ContentUtilsTest$TestCase@1425674]" classname="com.dotcms.rendering.velocity.viewtools.content.util.ContentUtilsTest" time="6.023"/>
  <testcase name="whenPublishAndExpireDatesAreInTheFutureAndTimeMachineIsAfterBoth" classname="com.dotcms.rendering.velocity.viewtools.content.util.ContentUtilsTest" time="2.978"/>
  <testcase name="testPullRelatedForLegacyRelationship[0: com.dotcms.rendering.velocity.viewtools.content.util.ContentUtilsTest$LegacyTestCase@1e29dcaf]" classname="com.dotcms.rendering.velocity.viewtools.content.util.ContentUtilsTest" time="2.978"/>
  <testcase name="testPullRelatedForLegacyRelationship[1: com.dotcms.rendering.velocity.viewtools.content.util.ContentUtilsTest$LegacyTestCase@2b3d705f]" classname="com.dotcms.rendering.velocity.viewtools.content.util.ContentUtilsTest" time="4.018"/>
  <testcase name="whenTheTimeMachineDateIsAfterTomorrowAndExpireDateIsTomorrowShouldNotReturnContent" classname="com.dotcms.rendering.velocity.viewtools.content.util.ContentUtilsTest" time="3.0"/>
  <testcase name="testPullLiveRelatedWhenLatestVersionIsWorking" classname="com.dotcms.rendering.velocity.viewtools.content.util.ContentUtilsTest" time="3.48"/>
  <testcase name="test_add_relationships_on_parent_children_related_contents" classname="com.dotcms.rendering.velocity.viewtools.content.util.ContentUtilsTest" time="1.461"/>
  <testcase name="testSortPullRelated[0: com.dotcms.rendering.velocity.viewtools.content.util.ContentUtilsTest$SortTestCase@434e3c85]" classname="com.dotcms.rendering.velocity.viewtools.content.util.ContentUtilsTest" time="2.64"/>
  <testcase name="testSortPullRelated[1: com.dotcms.rendering.velocity.viewtools.content.util.ContentUtilsTest$SortTestCase@50ac236e]" classname="com.dotcms.rendering.velocity.viewtools.content.util.ContentUtilsTest" time="2.814"/>
  <testcase name="testSortPullRelated[2: com.dotcms.rendering.velocity.viewtools.content.util.ContentUtilsTest$SortTestCase@b05170]" classname="com.dotcms.rendering.velocity.viewtools.content.util.ContentUtilsTest" time="1.925"/>
  <testcase name="testSortPullRelated[3: com.dotcms.rendering.velocity.viewtools.content.util.ContentUtilsTest$SortTestCase@404f66b1]" classname="com.dotcms.rendering.velocity.viewtools.content.util.ContentUtilsTest" time="2.7"/>
  <testcase name="testSortPullRelated[4: com.dotcms.rendering.velocity.viewtools.content.util.ContentUtilsTest$SortTestCase@7257d029]" classname="com.dotcms.rendering.velocity.viewtools.content.util.ContentUtilsTest" time="1.858"/>
  <testcase name="testSortPullRelated[5: com.dotcms.rendering.velocity.viewtools.content.util.ContentUtilsTest$SortTestCase@43512a5e]" classname="com.dotcms.rendering.velocity.viewtools.content.util.ContentUtilsTest" time="2.791"/>
  <testcase name="whenTheTimeMachineDateIsAfterTomorrowAndExpireDateIsInFutureShouldReturnContent" classname="com.dotcms.rendering.velocity.viewtools.content.util.ContentUtilsTest" time="3.009"/>
  <testcase name="testPullRelatedFieldShouldRespectDefaultOrder" classname="com.dotcms.rendering.velocity.viewtools.content.util.ContentUtilsTest" time="2.515"/>
  <system-out><![CDATA[]]></system-out>
  <system-err><![CDATA[]]></system-err>
</testsuite>
