<?xml version="1.0" encoding="UTF-8"?>
<testsuite name="com.dotmarketing.portlets.workflows.actionlet.SaveContentActionletTest" tests="9" skipped="0" failures="0" errors="0" timestamp="2023-07-17T17:00:39" hostname="fv-az797-388" time="1.686">
  <properties/>
  <testcase name="test_Publish_With_Save_Contentlet[0: com.dotmarketing.portlets.workflows.actionlet.SaveContentActionletTest$TestCase@1fa9f1fe]" classname="com.dotmarketing.portlets.workflows.actionlet.SaveContentActionletTest" time="0.271"/>
  <testcase name="test_Publish_With_Save_Contentlet[1: com.dotmarketing.portlets.workflows.actionlet.SaveContentActionletTest$TestCase@521a1d45]" classname="com.dotmarketing.portlets.workflows.actionlet.SaveContentActionletTest" time="1.253"/>
  <testcase name="test_Publish_With_Save_Contentlet[2: com.dotmarketing.portlets.workflows.actionlet.SaveContentActionletTest$TestCase@4454ea9c]" classname="com.dotmarketing.portlets.workflows.actionlet.SaveContentActionletTest" time="0.031"/>
  <testcase name="test_Publish_With_Save_Contentlet[3: com.dotmarketing.portlets.workflows.actionlet.SaveContentActionletTest$TestCase@80943df]" classname="com.dotmarketing.portlets.workflows.actionlet.SaveContentActionletTest" time="0.019"/>
  <testcase name="test_Publish_With_Save_Contentlet[4: com.dotmarketing.portlets.workflows.actionlet.SaveContentActionletTest$TestCase@58ff6521]" classname="com.dotmarketing.portlets.workflows.actionlet.SaveContentActionletTest" time="0.018"/>
  <testcase name="test_Publish_With_Save_Contentlet[5: com.dotmarketing.portlets.workflows.actionlet.SaveContentActionletTest$TestCase@5a8dbb4e]" classname="com.dotmarketing.portlets.workflows.actionlet.SaveContentActionletTest" time="0.018"/>
  <testcase name="test_Publish_With_Save_Contentlet[6: com.dotmarketing.portlets.workflows.actionlet.SaveContentActionletTest$TestCase@39eeba89]" classname="com.dotmarketing.portlets.workflows.actionlet.SaveContentActionletTest" time="0.04"/>
  <testcase name="test_Publish_With_Save_Contentlet[7: com.dotmarketing.portlets.workflows.actionlet.SaveContentActionletTest$TestCase@7bbb11d0]" classname="com.dotmarketing.portlets.workflows.actionlet.SaveContentActionletTest" time="0.017"/>
  <testcase name="test_Publish_With_Save_Contentlet[8: com.dotmarketing.portlets.workflows.actionlet.SaveContentActionletTest$TestCase@584ea5eb]" classname="com.dotmarketing.portlets.workflows.actionlet.SaveContentActionletTest" time="0.016"/>
  <system-out><![CDATA[]]></system-out>
  <system-err><![CDATA[]]></system-err>
</testsuite>
