<?xml version="1.0" encoding="UTF-8"?>
<testsuite name="com.dotcms.contenttype.test.ContentResourceTest" tests="52" skipped="0" failures="0" errors="0" timestamp="2023-06-29T17:16:57" hostname="fv-az166-287" time="176.398">
  <properties/>
  <testcase name="testGetContentShouldReturnIconDetails" classname="com.dotcms.contenttype.test.ContentResourceTest" time="2.181"/>
  <testcase name="Test_Save_Action_Set_Words_To_Required_NumericField_Issue_15340" classname="com.dotcms.contenttype.test.ContentResourceTest" time="1.106"/>
  <testcase name="test_getContent_includeGrandChildCategory_success" classname="com.dotcms.contenttype.test.ContentResourceTest" time="1.675"/>
  <testcase name="testGetContentWithRelatedParameter[0: com.dotcms.contenttype.test.ContentResourceTest$PullRelatedTestCase@6e4bf6e2]" classname="com.dotcms.contenttype.test.ContentResourceTest" time="4.661"/>
  <testcase name="testGetContentWithRelatedParameter[1: com.dotcms.contenttype.test.ContentResourceTest$PullRelatedTestCase@66b9510c]" classname="com.dotcms.contenttype.test.ContentResourceTest" time="4.466"/>
  <testcase name="testGetContentWithRelatedParameter[2: com.dotcms.contenttype.test.ContentResourceTest$PullRelatedTestCase@7c9ca8ec]" classname="com.dotcms.contenttype.test.ContentResourceTest" time="3.919"/>
  <testcase name="testGetContentWithRelatedParameter[3: com.dotcms.contenttype.test.ContentResourceTest$PullRelatedTestCase@8865c36]" classname="com.dotcms.contenttype.test.ContentResourceTest" time="4.413"/>
  <testcase name="testGetContentWithRelatedParameter[4: com.dotcms.contenttype.test.ContentResourceTest$PullRelatedTestCase@39cb5722]" classname="com.dotcms.contenttype.test.ContentResourceTest" time="4.575"/>
  <testcase name="test_getContent_SelfRelatedWith3LevelsOfDepth_shouldReturnRelationships" classname="com.dotcms.contenttype.test.ContentResourceTest" time="1.707"/>
  <testcase name="Test_Save_Action_Send_Fields_SubSet_Issue_15340" classname="com.dotcms.contenttype.test.ContentResourceTest" time="3.358"/>
  <testcase name="test_getContent_shouldReturnRelationships[0: com.dotcms.contenttype.test.ContentResourceTest$TestCase@15565026]" classname="com.dotcms.contenttype.test.ContentResourceTest" time="2.807"/>
  <testcase name="test_getContent_shouldReturnRelationships[1: com.dotcms.contenttype.test.ContentResourceTest$TestCase@c9451a8]" classname="com.dotcms.contenttype.test.ContentResourceTest" time="3.855"/>
  <testcase name="test_getContent_shouldReturnRelationships[2: com.dotcms.contenttype.test.ContentResourceTest$TestCase@3649cbe0]" classname="com.dotcms.contenttype.test.ContentResourceTest" time="3.567"/>
  <testcase name="test_getContent_shouldReturnRelationships[3: com.dotcms.contenttype.test.ContentResourceTest$TestCase@5558f84c]" classname="com.dotcms.contenttype.test.ContentResourceTest" time="3.982"/>
  <testcase name="test_getContent_shouldReturnRelationships[4: com.dotcms.contenttype.test.ContentResourceTest$TestCase@72a845a1]" classname="com.dotcms.contenttype.test.ContentResourceTest" time="4.076"/>
  <testcase name="test_getContent_shouldReturnRelationships[5: com.dotcms.contenttype.test.ContentResourceTest$TestCase@5c9f434d]" classname="com.dotcms.contenttype.test.ContentResourceTest" time="3.722"/>
  <testcase name="test_getContent_shouldReturnRelationships[6: com.dotcms.contenttype.test.ContentResourceTest$TestCase@24f195f5]" classname="com.dotcms.contenttype.test.ContentResourceTest" time="3.89"/>
  <testcase name="test_getContent_shouldReturnRelationships[7: com.dotcms.contenttype.test.ContentResourceTest$TestCase@36f993bf]" classname="com.dotcms.contenttype.test.ContentResourceTest" time="3.878"/>
  <testcase name="test_getContent_shouldReturnRelationships[8: com.dotcms.contenttype.test.ContentResourceTest$TestCase@64c4d8c]" classname="com.dotcms.contenttype.test.ContentResourceTest" time="2.786"/>
  <testcase name="test_getContent_shouldReturnRelationships[9: com.dotcms.contenttype.test.ContentResourceTest$TestCase@206ff323]" classname="com.dotcms.contenttype.test.ContentResourceTest" time="3.83"/>
  <testcase name="test_getContent_shouldReturnRelationships[10: com.dotcms.contenttype.test.ContentResourceTest$TestCase@89994e6]" classname="com.dotcms.contenttype.test.ContentResourceTest" time="3.527"/>
  <testcase name="test_getContent_shouldReturnRelationships[11: com.dotcms.contenttype.test.ContentResourceTest$TestCase@72878a21]" classname="com.dotcms.contenttype.test.ContentResourceTest" time="3.423"/>
  <testcase name="test_getContent_shouldReturnRelationships[12: com.dotcms.contenttype.test.ContentResourceTest$TestCase@164399d0]" classname="com.dotcms.contenttype.test.ContentResourceTest" time="3.537"/>
  <testcase name="test_getContent_shouldReturnRelationships[13: com.dotcms.contenttype.test.ContentResourceTest$TestCase@49ea86d0]" classname="com.dotcms.contenttype.test.ContentResourceTest" time="3.651"/>
  <testcase name="test_getContent_shouldReturnRelationships[14: com.dotcms.contenttype.test.ContentResourceTest$TestCase@d9015af]" classname="com.dotcms.contenttype.test.ContentResourceTest" time="3.631"/>
  <testcase name="test_getContent_shouldReturnRelationships[15: com.dotcms.contenttype.test.ContentResourceTest$TestCase@438840be]" classname="com.dotcms.contenttype.test.ContentResourceTest" time="4.883"/>
  <testcase name="test_getContent_shouldReturnRelationships[16: com.dotcms.contenttype.test.ContentResourceTest$TestCase@490fcc06]" classname="com.dotcms.contenttype.test.ContentResourceTest" time="3.527"/>
  <testcase name="test_getContent_shouldReturnRelationships[17: com.dotcms.contenttype.test.ContentResourceTest$TestCase@54ce0ff1]" classname="com.dotcms.contenttype.test.ContentResourceTest" time="4.006"/>
  <testcase name="test_getContent_shouldReturnRelationships[18: com.dotcms.contenttype.test.ContentResourceTest$TestCase@597e45aa]" classname="com.dotcms.contenttype.test.ContentResourceTest" time="2.733"/>
  <testcase name="test_getContent_shouldReturnRelationships[19: com.dotcms.contenttype.test.ContentResourceTest$TestCase@5872738b]" classname="com.dotcms.contenttype.test.ContentResourceTest" time="3.966"/>
  <testcase name="test_getContent_shouldReturnRelationships[20: com.dotcms.contenttype.test.ContentResourceTest$TestCase@6faafb7f]" classname="com.dotcms.contenttype.test.ContentResourceTest" time="2.991"/>
  <testcase name="test_getContent_shouldReturnRelationships[21: com.dotcms.contenttype.test.ContentResourceTest$TestCase@4bbfc0fc]" classname="com.dotcms.contenttype.test.ContentResourceTest" time="3.105"/>
  <testcase name="test_getContent_shouldReturnRelationships[22: com.dotcms.contenttype.test.ContentResourceTest$TestCase@60479f34]" classname="com.dotcms.contenttype.test.ContentResourceTest" time="3.885"/>
  <testcase name="test_getContent_shouldReturnRelationships[23: com.dotcms.contenttype.test.ContentResourceTest$TestCase@2be2569c]" classname="com.dotcms.contenttype.test.ContentResourceTest" time="3.856"/>
  <testcase name="test_getContent_shouldReturnRelationships[24: com.dotcms.contenttype.test.ContentResourceTest$TestCase@13ab219c]" classname="com.dotcms.contenttype.test.ContentResourceTest" time="3.794"/>
  <testcase name="test_getContent_shouldReturnRelationships[25: com.dotcms.contenttype.test.ContentResourceTest$TestCase@2626bb35]" classname="com.dotcms.contenttype.test.ContentResourceTest" time="4.428"/>
  <testcase name="test_getContent_shouldReturnRelationships[26: com.dotcms.contenttype.test.ContentResourceTest$TestCase@7ac43efa]" classname="com.dotcms.contenttype.test.ContentResourceTest" time="3.953"/>
  <testcase name="test_getContent_shouldReturnRelationships[27: com.dotcms.contenttype.test.ContentResourceTest$TestCase@43abd188]" classname="com.dotcms.contenttype.test.ContentResourceTest" time="3.764"/>
  <testcase name="test_getContent_shouldReturnRelationships[28: com.dotcms.contenttype.test.ContentResourceTest$TestCase@946bfa0]" classname="com.dotcms.contenttype.test.ContentResourceTest" time="3.636"/>
  <testcase name="test_getContent_shouldReturnRelationships[29: com.dotcms.contenttype.test.ContentResourceTest$TestCase@1aaa52ae]" classname="com.dotcms.contenttype.test.ContentResourceTest" time="3.562"/>
  <testcase name="test_getContent_shouldReturnRelationships[30: com.dotcms.contenttype.test.ContentResourceTest$TestCase@41c28cef]" classname="com.dotcms.contenttype.test.ContentResourceTest" time="2.542"/>
  <testcase name="test_getContent_shouldReturnRelationships[31: com.dotcms.contenttype.test.ContentResourceTest$TestCase@5cf832ce]" classname="com.dotcms.contenttype.test.ContentResourceTest" time="3.591"/>
  <testcase name="test_getContent_shouldReturnRelationships[32: com.dotcms.contenttype.test.ContentResourceTest$TestCase@607f3d4e]" classname="com.dotcms.contenttype.test.ContentResourceTest" time="4.852"/>
  <testcase name="test_getContent_shouldReturnRelationships[33: com.dotcms.contenttype.test.ContentResourceTest$TestCase@28082ccd]" classname="com.dotcms.contenttype.test.ContentResourceTest" time="4.862"/>
  <testcase name="testSinglePOST_InvalidParamsShouldReturn400[0: ({\n    &quot;stInode&quot; : &quot;InvalidValue&quot;,\n    &quot;numeric&quot; : &quot;0&quot;,\n    &quot;image&quot; : &quot;whatever&quot;\n}, Bad Request)]" classname="com.dotcms.contenttype.test.ContentResourceTest" time="1.091"/>
  <testcase name="testSinglePOST_InvalidParamsShouldReturn400[1: ({\n    &quot;numeric&quot; : &quot;0&quot;,\n    &quot;image&quot; : &quot;whatever&quot;\n}, Bad Request)]" classname="com.dotcms.contenttype.test.ContentResourceTest" time="1.098"/>
  <testcase name="Test_Save_Action_Set_Null_To_Required_NumericField_Issue_15340" classname="com.dotcms.contenttype.test.ContentResourceTest" time="1.13"/>
  <testcase name="Test_Save_Action_Remove_Image_Then_Verify_Fields_Were_Cleared_Issue_15340" classname="com.dotcms.contenttype.test.ContentResourceTest" time="4.65"/>
  <testcase name="test_getContentWithMultipleSelfRelated_shouldReturnRelationships[0: com.dotcms.contenttype.test.ContentResourceTest$PullSelfRelatedTestCase@600b5be4]" classname="com.dotcms.contenttype.test.ContentResourceTest" time="2.209"/>
  <testcase name="test_getContentWithMultipleSelfRelated_shouldReturnRelationships[1: com.dotcms.contenttype.test.ContentResourceTest$PullSelfRelatedTestCase@79079fe6]" classname="com.dotcms.contenttype.test.ContentResourceTest" time="2.207"/>
  <testcase name="testGetContentWithAllCategoriesInfo[0: json]" classname="com.dotcms.contenttype.test.ContentResourceTest" time="2.982"/>
  <testcase name="testGetContentWithAllCategoriesInfo[1: xml]" classname="com.dotcms.contenttype.test.ContentResourceTest" time="2.86"/>
  <system-out><![CDATA[











]]></system-out>
  <system-err><![CDATA[]]></system-err>
</testsuite>
