<?xml version="1.0" encoding="UTF-8"?>
<testsuite name="com.dotmarketing.portlets.workflows.actionlet.SaveContentActionletTest" tests="9" skipped="0" failures="0" errors="0" timestamp="2023-07-10T22:00:12" hostname="fv-az812-782" time="2.383">
  <properties/>
  <testcase name="test_Publish_With_Save_Contentlet[0: com.dotmarketing.portlets.workflows.actionlet.SaveContentActionletTest$TestCase@18ff210c]" classname="com.dotmarketing.portlets.workflows.actionlet.SaveContentActionletTest" time="1.137"/>
  <testcase name="test_Publish_With_Save_Contentlet[1: com.dotmarketing.portlets.workflows.actionlet.SaveContentActionletTest$TestCase@1b1e0934]" classname="com.dotmarketing.portlets.workflows.actionlet.SaveContentActionletTest" time="1.166"/>
  <testcase name="test_Publish_With_Save_Contentlet[2: com.dotmarketing.portlets.workflows.actionlet.SaveContentActionletTest$TestCase@4a29a60d]" classname="com.dotmarketing.portlets.workflows.actionlet.SaveContentActionletTest" time="0.012"/>
  <testcase name="test_Publish_With_Save_Contentlet[3: com.dotmarketing.portlets.workflows.actionlet.SaveContentActionletTest$TestCase@713a68e1]" classname="com.dotmarketing.portlets.workflows.actionlet.SaveContentActionletTest" time="0.011"/>
  <testcase name="test_Publish_With_Save_Contentlet[4: com.dotmarketing.portlets.workflows.actionlet.SaveContentActionletTest$TestCase@10acc08b]" classname="com.dotmarketing.portlets.workflows.actionlet.SaveContentActionletTest" time="0.011"/>
  <testcase name="test_Publish_With_Save_Contentlet[5: com.dotmarketing.portlets.workflows.actionlet.SaveContentActionletTest$TestCase@7b902c03]" classname="com.dotmarketing.portlets.workflows.actionlet.SaveContentActionletTest" time="0.011"/>
  <testcase name="test_Publish_With_Save_Contentlet[6: com.dotmarketing.portlets.workflows.actionlet.SaveContentActionletTest$TestCase@7c0ee4b2]" classname="com.dotmarketing.portlets.workflows.actionlet.SaveContentActionletTest" time="0.014"/>
  <testcase name="test_Publish_With_Save_Contentlet[7: com.dotmarketing.portlets.workflows.actionlet.SaveContentActionletTest$TestCase@5e51f6b2]" classname="com.dotmarketing.portlets.workflows.actionlet.SaveContentActionletTest" time="0.011"/>
  <testcase name="test_Publish_With_Save_Contentlet[8: com.dotmarketing.portlets.workflows.actionlet.SaveContentActionletTest$TestCase@280fcd6b]" classname="com.dotmarketing.portlets.workflows.actionlet.SaveContentActionletTest" time="0.01"/>
  <system-out><![CDATA[]]></system-out>
  <system-err><![CDATA[]]></system-err>
</testsuite>
