<?xml version="1.0" encoding="UTF-8"?>
<testsuite name="com.dotcms.rest.api.v1.contenttype.ContentTypeResourceIssue15124Test" tests="1" skipped="0" failures="0" errors="0" timestamp="2023-06-26T20:05:39" hostname="fv-az351-37" time="5.566">
  <properties/>
  <testcase name="testMain" classname="com.dotcms.rest.api.v1.contenttype.ContentTypeResourceIssue15124Test" time="5.566"/>
  <system-out><![CDATA[]]></system-out>
  <system-err><![CDATA[]]></system-err>
</testsuite>
