<?xml version="1.0" encoding="UTF-8"?>
<testsuite name="com.dotmarketing.portlets.structure.model.ContentletRelationshipsTest" tests="7" skipped="0" failures="0" errors="0" timestamp="2023-06-28T17:16:42" hostname="fv-az585-827" time="8.542">
  <properties/>
  <testcase name="testDoesAllowOnlyOne[0: com.dotmarketing.portlets.structure.model.ContentletRelationshipsTest$CardinalityTestCase@513e3da]" classname="com.dotmarketing.portlets.structure.model.ContentletRelationshipsTest" time="0.55"/>
  <testcase name="testDoesAllowOnlyOne[1: com.dotmarketing.portlets.structure.model.ContentletRelationshipsTest$CardinalityTestCase@7b8bce96]" classname="com.dotmarketing.portlets.structure.model.ContentletRelationshipsTest" time="0.523"/>
  <testcase name="testDoesAllowOnlyOne[2: com.dotmarketing.portlets.structure.model.ContentletRelationshipsTest$CardinalityTestCase@58f3034c]" classname="com.dotmarketing.portlets.structure.model.ContentletRelationshipsTest" time="0.467"/>
  <testcase name="testGetRelationshipRecords[0: com.dotmarketing.portlets.structure.model.ContentletRelationshipsTest$TestCase@24d79b5a]" classname="com.dotmarketing.portlets.structure.model.ContentletRelationshipsTest" time="2.198"/>
  <testcase name="testGetRelationshipRecords[1: com.dotmarketing.portlets.structure.model.ContentletRelationshipsTest$TestCase@3ec0a129]" classname="com.dotmarketing.portlets.structure.model.ContentletRelationshipsTest" time="2.052"/>
  <testcase name="testGetRelationshipRecords[2: com.dotmarketing.portlets.structure.model.ContentletRelationshipsTest$TestCase@1b1a2719]" classname="com.dotmarketing.portlets.structure.model.ContentletRelationshipsTest" time="0.852"/>
  <testcase name="testGetRelationshipRecords[3: com.dotmarketing.portlets.structure.model.ContentletRelationshipsTest$TestCase@5b33ae55]" classname="com.dotmarketing.portlets.structure.model.ContentletRelationshipsTest" time="1.899"/>
  <system-out><![CDATA[]]></system-out>
  <system-err><![CDATA[]]></system-err>
</testsuite>
