<?xml version="1.0" encoding="UTF-8"?>
<testsuite name="com.dotcms.rest.api.v1.vtl.VTLResourceIntegrationTest" tests="6" skipped="0" failures="0" errors="0" timestamp="2023-06-26T15:55:10" hostname="fv-az364-36" time="11.342">
  <properties/>
  <testcase name="testGet[0: com.dotcms.rest.api.v1.vtl.VTLResourceTestCase@3970ad5e]" classname="com.dotcms.rest.api.v1.vtl.VTLResourceIntegrationTest" time="2.51"/>
  <testcase name="testGet[1: com.dotcms.rest.api.v1.vtl.VTLResourceTestCase@1dd77c8b]" classname="com.dotcms.rest.api.v1.vtl.VTLResourceIntegrationTest" time="1.745"/>
  <testcase name="testGet[2: com.dotcms.rest.api.v1.vtl.VTLResourceTestCase@a09170d]" classname="com.dotcms.rest.api.v1.vtl.VTLResourceIntegrationTest" time="2.105"/>
  <testcase name="testGet[3: com.dotcms.rest.api.v1.vtl.VTLResourceTestCase@48d790e3]" classname="com.dotcms.rest.api.v1.vtl.VTLResourceIntegrationTest" time="2.1"/>
  <testcase name="testGet[4: com.dotcms.rest.api.v1.vtl.VTLResourceTestCase@7471defa]" classname="com.dotcms.rest.api.v1.vtl.VTLResourceIntegrationTest" time="1.842"/>
  <testcase name="testGet[5: com.dotcms.rest.api.v1.vtl.VTLResourceTestCase@5264d7db]" classname="com.dotcms.rest.api.v1.vtl.VTLResourceIntegrationTest" time="1.039"/>
  <system-out><![CDATA[]]></system-out>
  <system-err><![CDATA[]]></system-err>
</testsuite>
