<?xml version="1.0" encoding="UTF-8"?>
<testsuite name="com.dotcms.rest.api.v1.contenttype.ContentTypeResourceTest" tests="9" skipped="0" failures="0" errors="0" timestamp="2023-07-11T21:06:31" hostname="fv-az203-15" time="15.165">
  <properties/>
  <testcase name="getBaseTypes_asAdmin" classname="com.dotcms.rest.api.v1.contenttype.ContentTypeResourceTest" time="0.223"/>
  <testcase name="getContentTypes" classname="com.dotcms.rest.api.v1.contenttype.ContentTypeResourceTest" time="0.013"/>
  <testcase name="testGetRecentBaseTypes_whenCommunity_excludeTypes[0: com.dotcms.rest.api.v1.contenttype.ContentTypeResourceTest$TestCase@66eb7802]" classname="com.dotcms.rest.api.v1.contenttype.ContentTypeResourceTest" time="0.012"/>
  <testcase name="testGetRecentBaseTypes_whenCommunity_excludeTypes[1: com.dotcms.rest.api.v1.contenttype.ContentTypeResourceTest$TestCase@59129fda]" classname="com.dotcms.rest.api.v1.contenttype.ContentTypeResourceTest" time="0.002"/>
  <testcase name="getBaseTypes_asLimitedUser" classname="com.dotcms.rest.api.v1.contenttype.ContentTypeResourceTest" time="0.718"/>
  <testcase name="testMain" classname="com.dotcms.rest.api.v1.contenttype.ContentTypeResourceTest" time="8.85"/>
  <testcase name="getContentTypes_GivenNotExistingTypeName_ShouldThrowError" classname="com.dotcms.rest.api.v1.contenttype.ContentTypeResourceTest" time="0.002"/>
  <testcase name="getContentTypesWithoutType" classname="com.dotcms.rest.api.v1.contenttype.ContentTypeResourceTest" time="0.011"/>
  <testcase name="Simple_Test_Using_VarName" classname="com.dotcms.rest.api.v1.contenttype.ContentTypeResourceTest" time="5.333"/>
  <system-out><![CDATA[]]></system-out>
  <system-err><![CDATA[]]></system-err>
</testsuite>
