<?xml version="1.0" encoding="UTF-8"?>
<testsuite name="com.dotmarketing.portlets.workflows.actionlet.SaveContentActionletTest" tests="9" skipped="0" failures="0" errors="0" timestamp="2023-06-27T20:12:38" hostname="fv-az1246-735" time="2.348">
  <properties/>
  <testcase name="test_Publish_With_Save_Contentlet[0: com.dotmarketing.portlets.workflows.actionlet.SaveContentActionletTest$TestCase@eb6d816]" classname="com.dotmarketing.portlets.workflows.actionlet.SaveContentActionletTest" time="1.153"/>
  <testcase name="test_Publish_With_Save_Contentlet[1: com.dotmarketing.portlets.workflows.actionlet.SaveContentActionletTest$TestCase@47ca8042]" classname="com.dotmarketing.portlets.workflows.actionlet.SaveContentActionletTest" time="1.123"/>
  <testcase name="test_Publish_With_Save_Contentlet[2: com.dotmarketing.portlets.workflows.actionlet.SaveContentActionletTest$TestCase@97c8e2c]" classname="com.dotmarketing.portlets.workflows.actionlet.SaveContentActionletTest" time="0.01"/>
  <testcase name="test_Publish_With_Save_Contentlet[3: com.dotmarketing.portlets.workflows.actionlet.SaveContentActionletTest$TestCase@36baae1a]" classname="com.dotmarketing.portlets.workflows.actionlet.SaveContentActionletTest" time="0.01"/>
  <testcase name="test_Publish_With_Save_Contentlet[4: com.dotmarketing.portlets.workflows.actionlet.SaveContentActionletTest$TestCase@e74a6b3]" classname="com.dotmarketing.portlets.workflows.actionlet.SaveContentActionletTest" time="0.01"/>
  <testcase name="test_Publish_With_Save_Contentlet[5: com.dotmarketing.portlets.workflows.actionlet.SaveContentActionletTest$TestCase@1d2fffaf]" classname="com.dotmarketing.portlets.workflows.actionlet.SaveContentActionletTest" time="0.01"/>
  <testcase name="test_Publish_With_Save_Contentlet[6: com.dotmarketing.portlets.workflows.actionlet.SaveContentActionletTest$TestCase@704f0fc8]" classname="com.dotmarketing.portlets.workflows.actionlet.SaveContentActionletTest" time="0.012"/>
  <testcase name="test_Publish_With_Save_Contentlet[7: com.dotmarketing.portlets.workflows.actionlet.SaveContentActionletTest$TestCase@13e6a5a5]" classname="com.dotmarketing.portlets.workflows.actionlet.SaveContentActionletTest" time="0.01"/>
  <testcase name="test_Publish_With_Save_Contentlet[8: com.dotmarketing.portlets.workflows.actionlet.SaveContentActionletTest$TestCase@380cc854]" classname="com.dotmarketing.portlets.workflows.actionlet.SaveContentActionletTest" time="0.009"/>
  <system-out><![CDATA[]]></system-out>
  <system-err><![CDATA[]]></system-err>
</testsuite>
