<?xml version="1.0" encoding="UTF-8"?>
<testsuite name="com.dotmarketing.business.DeterministicIdentifierAPITest" tests="16" skipped="0" failures="0" errors="0" timestamp="2023-06-30T16:54:06" hostname="fv-az173-860" time="1.179">
  <properties/>
  <testcase name="Test_Category_Path_Seed_And_Id" classname="com.dotmarketing.business.DeterministicIdentifierAPITest" time="0.024"/>
  <testcase name="Test_Language_Deterministic_Id[0: LanguageTestCase{expectedSeed='Language:es:US', expectedHash=4913155, langCode='es', countryCode='US', country='United States'}]" classname="com.dotmarketing.business.DeterministicIdentifierAPITest" time="0.0"/>
  <testcase name="Test_Language_Deterministic_Id[1: LanguageTestCase{expectedSeed='Language:ep:', expectedHash=5292269, langCode='ep', countryCode='', country=''}]" classname="com.dotmarketing.business.DeterministicIdentifierAPITest" time="0.001"/>
  <testcase name="Test_Language_Deterministic_Id[2: LanguageTestCase{expectedSeed='Language:sg:SAG', expectedHash=4713118, langCode='sg', countryCode='SAG', country=''}]" classname="com.dotmarketing.business.DeterministicIdentifierAPITest" time="0.001"/>
  <testcase name="Test_Language_Deterministic_Id[3: LanguageTestCase{expectedSeed='Language:en:NZ', expectedHash=5382528, langCode='en', countryCode='NZ', country='New Zealand'}]" classname="com.dotmarketing.business.DeterministicIdentifierAPITest" time="0.001"/>
  <testcase name="Test_Category_None_Persisted_Category_Should_Return_Deterministic_Id" classname="com.dotmarketing.business.DeterministicIdentifierAPITest" time="0.001"/>
  <testcase name="Test_Asset_Generate_Deterministic_Id_Best_Effort[0: TestCase{versionable=my.host1688143663148.com, parent=System Host, expectedName='my.host1688143663148.com', expectedType='Host'}]" classname="com.dotmarketing.business.DeterministicIdentifierAPITest" time="0.003"/>
  <testcase name="Test_Asset_Generate_Deterministic_Id_Best_Effort[1: TestCase{versionable=com.dotmarketing.portlets.contentlet.model.Contentlet@6e49fd21[map={modDate=2023-06-30 16:47:44.004, fileName=file9735449725076039762.txt, title=file9735449725076039762.txt, inode=a5e76d27-b999-411b-af4c-19f1b359236a, __IS_NEW_CONTENT__=true, disabledWYSIWYG=[], host=0fc95632-8a65-4266-b128-f00aba59ac2b, stInode=33888b6f-7a8e-4069-b1b6-5c1aa9d0a48d, owner=system, identifier=ee48b63d-565b-42af-8523-fa2c4ed87ba5, nullProperties=[wfExpireDate, wfPublishDate, wfActionAssign, wfActionId, wfActionComments, filterKey, whereToSend, wfNeverExpire, _path_to_move, timezoneId, iWantTo, wfPublishTime, wfExpireTime], languageId=1, fileAsset=/home/runner/work/core/custom/assets/a/5/a5e76d27-b999-411b-af4c-19f1b359236a/fileAsset/file9735449725076039762.txt, folder=6022c59b-90fb-4f26-a8ad-500a7df44266, __disable_workflow__=true, sortOrder=0, modUser=system},lowIndexPriority=false,variantId=DEFAULT], parent=com.dotmarketing.portlets.folders.model.Folder@4faf30a7[identifier=6022c59b-90fb-4f26-a8ad-500a7df44266,name=testName1688143663998,sortOrder=0,showOnMenu=false,hostId=0fc95632-8a65-4266-b128-f00aba59ac2b,type=folder,title=testTitle1688143663998,filesMasks=,defaultFileType=33888b6f-7a8e-4069-b1b6-5c1aa9d0a48d,modDate=2023-06-30 16:47:44.0,owner=&lt;null&gt;,iDate=2023-06-30 16:47:44.0,inode=6022c59b-90fb-4f26-a8ad-500a7df44266,path=/testName1688143663998/], expectedName='file9735449725076039762.txt', expectedType='FileAsset'}]" classname="com.dotmarketing.business.DeterministicIdentifierAPITest" time="0.003"/>
  <testcase name="Test_Asset_Generate_Deterministic_Id_Best_Effort[2: TestCase{versionable=com.dotmarketing.portlets.templates.model.Template@ec995b41, parent=my.host1688143663148.com, expectedName='testTitle1688143664094', expectedType='Template'}]" classname="com.dotmarketing.business.DeterministicIdentifierAPITest" time="0.002"/>
  <testcase name="Test_Asset_Generate_Deterministic_Id_Best_Effort[3: TestCase{versionable=com.dotmarketing.portlets.htmlpageasset.model.HTMLPageAsset@4ea28284[map={template=3743d25c-10b3-4685-bed5-8d0babc3bae2, owner=system, identifier=987667cc-e0a6-4c3d-b057-2e91f46c5143, nullProperties=[wfExpireDate, wfPublishDate, wfActionAssign, wfActionId, wfActionComments, filterKey, whereToSend, wfNeverExpire, _path_to_move, timezoneId, iWantTo, wfPublishTime, wfExpireTime], modDate=2023-06-30 16:47:44.11, cachettl=0, _is_test_mode=true, languageId=1, title=test-page-title-1688143664106, httpsreq=, url=test-page-url-1688143664106, showOnMenu=, inode=96bdc61e-81a1-4d87-bf5e-055f52c594c6, folder=6022c59b-90fb-4f26-a8ad-500a7df44266, disabledWYSIWYG=[], sortOrder=1, modUser=system, host=0fc95632-8a65-4266-b128-f00aba59ac2b, stInode=c541abb1-69b3-4bc5-8430-5e09e5239cc8, friendlyName=test-page-friendly-name-1688143664106},lowIndexPriority=false,variantId=DEFAULT], parent=com.dotmarketing.portlets.folders.model.Folder@4faf30a7[identifier=6022c59b-90fb-4f26-a8ad-500a7df44266,name=testName1688143663998,sortOrder=0,showOnMenu=false,hostId=0fc95632-8a65-4266-b128-f00aba59ac2b,type=folder,title=testTitle1688143663998,filesMasks=,defaultFileType=33888b6f-7a8e-4069-b1b6-5c1aa9d0a48d,modDate=2023-06-30 16:47:44.0,owner=&lt;null&gt;,iDate=2023-06-30 16:47:44.0,inode=6022c59b-90fb-4f26-a8ad-500a7df44266,path=/testName1688143663998/], expectedName='test-page-url-1688143664106', expectedType='htmlpageasset'}]" classname="com.dotmarketing.business.DeterministicIdentifierAPITest" time="0.002"/>
  <testcase name="Test_Asset_Generate_Deterministic_Id_Best_Effort[4: TestCase{versionable=com.dotmarketing.portlets.contentlet.model.Contentlet@77383aa[map={fileAsset2=/home/runner/work/core/custom/assets/6/f/6fd25fdb-050b-4852-bd06-9ed384cfd2d0/fileAsset2/test_binary1688143664959.png, modDate=2023-06-30 16:47:44.964, fileAsset1=/home/runner/work/core/custom/assets/6/f/6fd25fdb-050b-4852-bd06-9ed384cfd2d0/fileAsset1/test_binary1688143664959.jpg, title=blah, inode=6fd25fdb-050b-4852-bd06-9ed384cfd2d0, __IS_NEW_CONTENT__=true, disabledWYSIWYG=[], host=48190c8c-42c4-46af-8d1a-0cd5db894797, stInode=ddb65572-892d-4369-9423-42508199b14e, owner=system, identifier=b723d83b-5673-443b-a38b-83f40b9e00b1, nullProperties=[], languageId=1, image1=63fdcefd-719c-49c4-8bca-8dd01b46f1a1, folder=SYSTEM_FOLDER, __disable_workflow__=true, sortOrder=0, modUser=system},lowIndexPriority=false,variantId=DEFAULT], parent=demo.dotcms.com, expectedName='test_binary1688143664959.jpg:test_binary1688143664959.png', expectedType='MultipleBinaries1688143664249'}]" classname="com.dotmarketing.business.DeterministicIdentifierAPITest" time="0.003"/>
  <testcase name="Test_Asset_Generate_Deterministic_Id_Best_Effort[5: TestCase{versionable=name67bd4fc9bf : keyTag67bd4fc9bf, parent=my.host1688143663148.com, expectedName='keyTag67bd4fc9bf', expectedType='persona'}]" classname="com.dotmarketing.business.DeterministicIdentifierAPITest" time="0.002"/>
  <testcase name="Test_Similar_Content_Type_Wont_Clash" classname="com.dotmarketing.business.DeterministicIdentifierAPITest" time="0.442"/>
  <testcase name="Test_Generate_Folder_Identifier" classname="com.dotmarketing.business.DeterministicIdentifierAPITest" time="0.681"/>
  <testcase name="Test_Generate_Content_Type_Identifier[0: ContentTypeTestCase{contentType=KeyValueContentType{name=Language Variable, id=f4d7c1b8-2c88-4071-abf1-a5328977b07d, description=Default Content Type for Language Variables, defaultType=false, fixed=true, iDate=Thu Aug 31 16:38:49 UTC 2017, system=true, versionable=true, variable=Languagevariable, modDate=Fri Jun 30 15:43:34 UTC 2023, host=SYSTEM_HOST, siteName=systemHost, icon=language, sortOrder=0, folder=SYSTEM_FOLDER, folderPath=/, markedForDeletion=true, multilingualable=false}, expectedName='Languagevariable', expectedType='KeyValue'}]" classname="com.dotmarketing.business.DeterministicIdentifierAPITest" time="0.005"/>
  <testcase name="Test_Generate_Content_Type_Identifier[1: ContentTypeTestCase{contentType=SimpleContentType{name=testName1688143665361, id=badaf7f4-c37f-4fb6-abd7-715219041579, description=testDescription1688143665361, defaultType=false, fixed=false, iDate=Fri Jun 30 16:47:45 UTC 2023, system=false, versionable=true, multilingualable=false, variable=testVarname1688143665361, owner=system, modDate=Fri Jun 30 16:47:46 UTC 2023, host=48190c8c-42c4-46af-8d1a-0cd5db894797, siteName=demo.dotcms.com, icon=event_note, sortOrder=0, folder=SYSTEM_FOLDER, folderPath=/, requiredFields=[], markedForDeletion=false}, expectedName='testVarname1688143665361', expectedType='CONTENT'}]" classname="com.dotmarketing.business.DeterministicIdentifierAPITest" time="0.004"/>
  <system-out><![CDATA[]]></system-out>
  <system-err><![CDATA[]]></system-err>
</testsuite>
