<?xml version="1.0" encoding="UTF-8"?>
<testsuite name="com.dotmarketing.image.filter.ImageFilterAPIImplTest" tests="7" skipped="0" failures="0" errors="0" timestamp="2023-07-11T16:59:26" hostname="fv-az221-100" time="2.944">
  <properties/>
  <testcase name="test_dimensions" classname="com.dotmarketing.image.filter.ImageFilterAPIImplTest" time="1.009"/>
  <testcase name="test_intelligentResize" classname="com.dotmarketing.image.filter.ImageFilterAPIImplTest" time="0.052"/>
  <testcase name="test_resizeImage" classname="com.dotmarketing.image.filter.ImageFilterAPIImplTest" time="0.016"/>
  <testcase name="test_resizeImage_change_algo" classname="com.dotmarketing.image.filter.ImageFilterAPIImplTest" time="1.838"/>
  <testcase name="test_image_readers_for_image_files" classname="com.dotmarketing.image.filter.ImageFilterAPIImplTest" time="0.004"/>
  <testcase name="test_image_readers_loaded" classname="com.dotmarketing.image.filter.ImageFilterAPIImplTest" time="0.012"/>
  <testcase name="test_svg_dimensions" classname="com.dotmarketing.image.filter.ImageFilterAPIImplTest" time="0.011"/>
  <system-out><![CDATA[]]></system-out>
  <system-err><![CDATA[]]></system-err>
</testsuite>
