<?xml version="1.0" encoding="UTF-8"?>
<testsuite name="com.dotmarketing.business.DeterministicIdentifierAPITest" tests="16" skipped="0" failures="0" errors="0" timestamp="2023-06-28T00:50:29" hostname="fv-az313-98" time="1.286">
  <properties/>
  <testcase name="Test_Category_Path_Seed_And_Id" classname="com.dotmarketing.business.DeterministicIdentifierAPITest" time="0.022"/>
  <testcase name="Test_Language_Deterministic_Id[0: LanguageTestCase{expectedSeed='Language:es:US', expectedHash=4913155, langCode='es', countryCode='US', country='United States'}]" classname="com.dotmarketing.business.DeterministicIdentifierAPITest" time="0.001"/>
  <testcase name="Test_Language_Deterministic_Id[1: LanguageTestCase{expectedSeed='Language:ep:', expectedHash=5292269, langCode='ep', countryCode='', country=''}]" classname="com.dotmarketing.business.DeterministicIdentifierAPITest" time="0.001"/>
  <testcase name="Test_Language_Deterministic_Id[2: LanguageTestCase{expectedSeed='Language:sg:SAG', expectedHash=4713118, langCode='sg', countryCode='SAG', country=''}]" classname="com.dotmarketing.business.DeterministicIdentifierAPITest" time="0.001"/>
  <testcase name="Test_Language_Deterministic_Id[3: LanguageTestCase{expectedSeed='Language:en:NZ', expectedHash=5382528, langCode='en', countryCode='NZ', country='New Zealand'}]" classname="com.dotmarketing.business.DeterministicIdentifierAPITest" time="0.001"/>
  <testcase name="Test_Category_None_Persisted_Category_Should_Return_Deterministic_Id" classname="com.dotmarketing.business.DeterministicIdentifierAPITest" time="0.001"/>
  <testcase name="Test_Asset_Generate_Deterministic_Id_Best_Effort[0: TestCase{versionable=my.host1687913044935.com, parent=System Host, expectedName='my.host1687913044935.com', expectedType='Host'}]" classname="com.dotmarketing.business.DeterministicIdentifierAPITest" time="0.003"/>
  <testcase name="Test_Asset_Generate_Deterministic_Id_Best_Effort[1: TestCase{versionable=com.dotmarketing.portlets.contentlet.model.Contentlet@324956fa[map={modDate=2023-06-28 00:44:05.676, fileName=file9227082035368929803.txt, title=file9227082035368929803.txt, inode=43ea1098-7890-4625-b71d-5a0b03919f71, __IS_NEW_CONTENT__=true, disabledWYSIWYG=[], host=2176d669-166b-4a62-aab1-3313acb3d779, stInode=33888b6f-7a8e-4069-b1b6-5c1aa9d0a48d, owner=system, identifier=813d775b-5c77-4a45-92d6-95e64e7fe35a, nullProperties=[wfExpireDate, wfPublishDate, wfActionAssign, wfActionId, wfActionComments, filterKey, whereToSend, wfNeverExpire, _path_to_move, timezoneId, iWantTo, wfPublishTime, wfExpireTime], languageId=1, fileAsset=/home/runner/work/core/custom/assets/4/3/43ea1098-7890-4625-b71d-5a0b03919f71/fileAsset/file9227082035368929803.txt, folder=987ee0bf-f9e3-455e-9b3a-d5977c470280, __disable_workflow__=true, sortOrder=0, modUser=system},lowIndexPriority=false,variantId=DEFAULT], parent=com.dotmarketing.portlets.folders.model.Folder@7eeabe4f[identifier=987ee0bf-f9e3-455e-9b3a-d5977c470280,name=testName1687913045669,sortOrder=0,showOnMenu=false,hostId=2176d669-166b-4a62-aab1-3313acb3d779,type=folder,title=testTitle1687913045669,filesMasks=,defaultFileType=33888b6f-7a8e-4069-b1b6-5c1aa9d0a48d,modDate=2023-06-28 00:44:05.672,owner=&lt;null&gt;,iDate=2023-06-28 00:44:05.672,inode=987ee0bf-f9e3-455e-9b3a-d5977c470280,path=/testName1687913045669/], expectedName='file9227082035368929803.txt', expectedType='FileAsset'}]" classname="com.dotmarketing.business.DeterministicIdentifierAPITest" time="0.003"/>
  <testcase name="Test_Asset_Generate_Deterministic_Id_Best_Effort[2: TestCase{versionable=com.dotmarketing.portlets.templates.model.Template@aa8dd9d7, parent=my.host1687913044935.com, expectedName='testTitle1687913045783', expectedType='Template'}]" classname="com.dotmarketing.business.DeterministicIdentifierAPITest" time="0.002"/>
  <testcase name="Test_Asset_Generate_Deterministic_Id_Best_Effort[3: TestCase{versionable=com.dotmarketing.portlets.htmlpageasset.model.HTMLPageAsset@7ddfd906[map={template=58d06877-198b-432c-8a36-e6d5f93cc582, owner=system, identifier=6dae877c-b020-42e7-ac40-22ac71a70396, nullProperties=[wfExpireDate, wfPublishDate, wfActionAssign, wfActionId, wfActionComments, filterKey, whereToSend, wfNeverExpire, _path_to_move, timezoneId, iWantTo, wfPublishTime, wfExpireTime], modDate=2023-06-28 00:44:05.799, cachettl=0, _is_test_mode=true, languageId=1, title=test-page-title-1687913045796, httpsreq=, url=test-page-url-1687913045796, showOnMenu=, inode=4510a1f7-7cc7-4579-9143-36a40783ea8b, folder=987ee0bf-f9e3-455e-9b3a-d5977c470280, disabledWYSIWYG=[], sortOrder=1, modUser=system, host=2176d669-166b-4a62-aab1-3313acb3d779, stInode=c541abb1-69b3-4bc5-8430-5e09e5239cc8, friendlyName=test-page-friendly-name-1687913045796},lowIndexPriority=false,variantId=DEFAULT], parent=com.dotmarketing.portlets.folders.model.Folder@7eeabe4f[identifier=987ee0bf-f9e3-455e-9b3a-d5977c470280,name=testName1687913045669,sortOrder=0,showOnMenu=false,hostId=2176d669-166b-4a62-aab1-3313acb3d779,type=folder,title=testTitle1687913045669,filesMasks=,defaultFileType=33888b6f-7a8e-4069-b1b6-5c1aa9d0a48d,modDate=2023-06-28 00:44:05.672,owner=&lt;null&gt;,iDate=2023-06-28 00:44:05.672,inode=987ee0bf-f9e3-455e-9b3a-d5977c470280,path=/testName1687913045669/], expectedName='test-page-url-1687913045796', expectedType='htmlpageasset'}]" classname="com.dotmarketing.business.DeterministicIdentifierAPITest" time="0.003"/>
  <testcase name="Test_Asset_Generate_Deterministic_Id_Best_Effort[4: TestCase{versionable=com.dotmarketing.portlets.contentlet.model.Contentlet@54651528[map={fileAsset2=/home/runner/work/core/custom/assets/3/e/3e627583-743e-4ade-a0eb-a2bc577949f4/fileAsset2/test_binary1687913046642.png, modDate=2023-06-28 00:44:06.645, fileAsset1=/home/runner/work/core/custom/assets/3/e/3e627583-743e-4ade-a0eb-a2bc577949f4/fileAsset1/test_binary1687913046642.jpg, title=blah, inode=3e627583-743e-4ade-a0eb-a2bc577949f4, __IS_NEW_CONTENT__=true, disabledWYSIWYG=[], host=48190c8c-42c4-46af-8d1a-0cd5db894797, stInode=c1bd6cea-80b9-45a2-8419-98b60b01d964, owner=system, identifier=45f94b8c-326f-4845-b737-4c1e0d2b6dfb, nullProperties=[], languageId=1, image1=271d8de1-cab4-45b6-8b2f-16a2727a3cc1, folder=SYSTEM_FOLDER, __disable_workflow__=true, sortOrder=0, modUser=system},lowIndexPriority=false,variantId=DEFAULT], parent=demo.dotcms.com, expectedName='test_binary1687913046642.jpg:test_binary1687913046642.png', expectedType='MultipleBinaries1687913045913'}]" classname="com.dotmarketing.business.DeterministicIdentifierAPITest" time="0.002"/>
  <testcase name="Test_Asset_Generate_Deterministic_Id_Best_Effort[5: TestCase{versionable=name5875bad2eb : keyTag5875bad2eb, parent=my.host1687913044935.com, expectedName='keyTag5875bad2eb', expectedType='persona'}]" classname="com.dotmarketing.business.DeterministicIdentifierAPITest" time="0.003"/>
  <testcase name="Test_Similar_Content_Type_Wont_Clash" classname="com.dotmarketing.business.DeterministicIdentifierAPITest" time="0.442"/>
  <testcase name="Test_Generate_Folder_Identifier" classname="com.dotmarketing.business.DeterministicIdentifierAPITest" time="0.791"/>
  <testcase name="Test_Generate_Content_Type_Identifier[0: ContentTypeTestCase{contentType=KeyValueContentType{name=Language Variable, id=f4d7c1b8-2c88-4071-abf1-a5328977b07d, description=Default Content Type for Language Variables, defaultType=false, fixed=true, iDate=Thu Aug 31 16:38:49 UTC 2017, system=true, versionable=true, variable=Languagevariable, modDate=Tue Jun 27 23:41:37 UTC 2023, host=SYSTEM_HOST, siteName=systemHost, icon=language, sortOrder=0, folder=SYSTEM_FOLDER, folderPath=/, markedForDeletion=true, multilingualable=false}, expectedName='Languagevariable', expectedType='KeyValue'}]" classname="com.dotmarketing.business.DeterministicIdentifierAPITest" time="0.003"/>
  <testcase name="Test_Generate_Content_Type_Identifier[1: ContentTypeTestCase{contentType=SimpleContentType{name=testName1687913047040, id=1562a6b4-c757-4bba-8ab8-f88168c6d452, description=testDescription1687913047040, defaultType=false, fixed=false, iDate=Wed Jun 28 00:44:07 UTC 2023, system=false, versionable=true, multilingualable=false, variable=testVarname1687913047040, owner=system, modDate=Wed Jun 28 00:44:07 UTC 2023, host=48190c8c-42c4-46af-8d1a-0cd5db894797, siteName=demo.dotcms.com, icon=event_note, sortOrder=0, folder=SYSTEM_FOLDER, folderPath=/, requiredFields=[], markedForDeletion=false}, expectedName='testVarname1687913047040', expectedType='CONTENT'}]" classname="com.dotmarketing.business.DeterministicIdentifierAPITest" time="0.004"/>
  <system-out><![CDATA[]]></system-out>
  <system-err><![CDATA[]]></system-err>
</testsuite>
