<?xml version="1.0" encoding="UTF-8"?>
<testsuite name="com.dotmarketing.portlets.contentlet.transform.BinaryToMapTransformerTest" tests="2" skipped="0" failures="0" errors="0" timestamp="2023-06-28T00:33:02" hostname="fv-az573-179" time="3.383">
  <properties/>
  <testcase name="test_BinaryToMapTransformer_transform" classname="com.dotmarketing.portlets.contentlet.transform.BinaryToMapTransformerTest" time="1.689"/>
  <testcase name="testNullBinaryField_ConstructionShouldSucceed" classname="com.dotmarketing.portlets.contentlet.transform.BinaryToMapTransformerTest" time="1.693"/>
  <system-out><![CDATA[]]></system-out>
  <system-err><![CDATA[]]></system-err>
</testsuite>
