<?xml version="1.0" encoding="UTF-8"?>
<testsuite name="com.dotcms.rest.api.v1.vtl.VTLResourceIntegrationTest" tests="6" skipped="0" failures="0" errors="0" timestamp="2023-06-30T19:08:50" hostname="fv-az1231-758" time="12.303">
  <properties/>
  <testcase name="testGet[0: com.dotcms.rest.api.v1.vtl.VTLResourceTestCase@2d46236a]" classname="com.dotcms.rest.api.v1.vtl.VTLResourceIntegrationTest" time="1.108"/>
  <testcase name="testGet[1: com.dotcms.rest.api.v1.vtl.VTLResourceTestCase@6238e696]" classname="com.dotcms.rest.api.v1.vtl.VTLResourceIntegrationTest" time="2.049"/>
  <testcase name="testGet[2: com.dotcms.rest.api.v1.vtl.VTLResourceTestCase@35c695af]" classname="com.dotcms.rest.api.v1.vtl.VTLResourceIntegrationTest" time="2.729"/>
  <testcase name="testGet[3: com.dotcms.rest.api.v1.vtl.VTLResourceTestCase@40ca7619]" classname="com.dotcms.rest.api.v1.vtl.VTLResourceIntegrationTest" time="2.246"/>
  <testcase name="testGet[4: com.dotcms.rest.api.v1.vtl.VTLResourceTestCase@5c8b4019]" classname="com.dotcms.rest.api.v1.vtl.VTLResourceIntegrationTest" time="2.0"/>
  <testcase name="testGet[5: com.dotcms.rest.api.v1.vtl.VTLResourceTestCase@79220148]" classname="com.dotcms.rest.api.v1.vtl.VTLResourceIntegrationTest" time="2.17"/>
  <system-out><![CDATA[]]></system-out>
  <system-err><![CDATA[]]></system-err>
</testsuite>
