<?xml version="1.0" encoding="UTF-8"?>
<testsuite name="com.dotmarketing.portlets.contentlet.business.HostFactoryImplTest" tests="2" skipped="0" failures="0" errors="0" timestamp="2023-07-17T23:28:07" hostname="fv-az442-90" time="23.373">
  <properties/>
  <testcase name="test_search_shouldReturnExactMatchesFirst" classname="com.dotmarketing.portlets.contentlet.business.HostFactoryImplTest" time="21.419"/>
  <testcase name="test_findLiveAndStopped_shouldOnlyRetunLiveAndStoppedSites" classname="com.dotmarketing.portlets.contentlet.business.HostFactoryImplTest" time="1.954"/>
  <system-out><![CDATA[]]></system-out>
  <system-err><![CDATA[]]></system-err>
</testsuite>
