<?xml version="1.0" encoding="UTF-8"?>
<testsuite name="com.dotcms.contenttype.test.ContentTypeResourceTest" tests="10" skipped="0" failures="0" errors="0" timestamp="2023-06-23T21:17:47" hostname="fv-az627-978" time="18.004">
  <properties/>
  <testcase name="testJson[0: file-asset.json]" classname="com.dotcms.contenttype.test.ContentTypeResourceTest" time="2.628"/>
  <testcase name="testJson[1: content-type-array-insert.json]" classname="com.dotcms.contenttype.test.ContentTypeResourceTest" time="2.977"/>
  <testcase name="testJson[2: persona-type-object.json]" classname="com.dotcms.contenttype.test.ContentTypeResourceTest" time="2.447"/>
  <testcase name="testJson[3: content-type-object.json]" classname="com.dotcms.contenttype.test.ContentTypeResourceTest" time="0.818"/>
  <testcase name="testJson[4: page-content-type.json]" classname="com.dotcms.contenttype.test.ContentTypeResourceTest" time="4.096"/>
  <testcase name="testJson[5: empty-widget.json]" classname="com.dotcms.contenttype.test.ContentTypeResourceTest" time="1.924"/>
  <testcase name="testJson[6: widget-type-object.json]" classname="com.dotcms.contenttype.test.ContentTypeResourceTest" time="1.68"/>
  <testcase name="testJson[7: content-type-object-insert.json]" classname="com.dotcms.contenttype.test.ContentTypeResourceTest" time="1.426"/>
  <testcase name="test_setHostAndFolderAsIdentifer_with_null" classname="com.dotcms.contenttype.test.ContentTypeResourceTest" time="0.003"/>
  <testcase name="test_setHostAndFolderAsIdentifer_with_System_Host" classname="com.dotcms.contenttype.test.ContentTypeResourceTest" time="0.004"/>
  <system-out><![CDATA[]]></system-out>
  <system-err><![CDATA[]]></system-err>
</testsuite>
