<?xml version="1.0" encoding="UTF-8"?>
<testsuite name="com.dotmarketing.factories.PublishFactoryTest" tests="5" skipped="0" failures="0" errors="0" timestamp="2023-07-06T00:07:32" hostname="fv-az1231-758" time="19.599">
  <properties/>
  <testcase name="test_publishHTMLPage_should_remove_cached_page" classname="com.dotmarketing.factories.PublishFactoryTest" time="7.357"/>
  <testcase name="test_publishHTMLPage_pageUsingFileTemplate_success" classname="com.dotmarketing.factories.PublishFactoryTest" time="2.977"/>
  <testcase name="testPublishHTMLPageWithContentWithFuturePublishDate" classname="com.dotmarketing.factories.PublishFactoryTest" time="3.145"/>
  <testcase name="testPublishHTMLPageWithExperiredContent" classname="com.dotmarketing.factories.PublishFactoryTest" time="2.971"/>
  <testcase name="testPublishHTMLPageWithExperiredAndFutureContent" classname="com.dotmarketing.factories.PublishFactoryTest" time="3.149"/>
  <system-out><![CDATA[]]></system-out>
  <system-err><![CDATA[]]></system-err>
</testsuite>
