<?xml version="1.0" encoding="UTF-8"?>
<testsuite name="com.dotmarketing.servlets.ajax.AjaxDirectorServletIntegrationTest" tests="2" skipped="0" failures="0" errors="0" timestamp="2023-06-29T06:21:38" hostname="fv-az590-241" time="1.097">
  <properties/>
  <testcase name="testService[0: com.dotmarketing.servlets.ajax.AjaxDirectorServletTestCase@de098bb]" classname="com.dotmarketing.servlets.ajax.AjaxDirectorServletIntegrationTest" time="0.905"/>
  <testcase name="testService[1: com.dotmarketing.servlets.ajax.AjaxDirectorServletTestCase@236f8bde]" classname="com.dotmarketing.servlets.ajax.AjaxDirectorServletIntegrationTest" time="0.192"/>
  <system-out><![CDATA[]]></system-out>
  <system-err><![CDATA[]]></system-err>
</testsuite>
