<?xml version="1.0" encoding="UTF-8"?>
<testsuite name="com.dotcms.util.pagination.ContainerPaginatorTest" tests="1" skipped="0" failures="0" errors="0" timestamp="2023-06-28T19:46:06" hostname="fv-az398-53" time="0.084">
  <properties/>
  <testcase name="getPaginatedContainers" classname="com.dotcms.util.pagination.ContainerPaginatorTest" time="0.084"/>
  <system-out><![CDATA[]]></system-out>
  <system-err><![CDATA[]]></system-err>
</testsuite>
