<?xml version="1.0" encoding="UTF-8"?>
<testsuite name="com.dotmarketing.portlets.structure.model.ContentletRelationshipsTest" tests="7" skipped="0" failures="0" errors="0" timestamp="2023-07-14T20:34:18" hostname="fv-az251-985" time="9.284">
  <properties/>
  <testcase name="testDoesAllowOnlyOne[0: com.dotmarketing.portlets.structure.model.ContentletRelationshipsTest$CardinalityTestCase@526ca5ad]" classname="com.dotmarketing.portlets.structure.model.ContentletRelationshipsTest" time="0.54"/>
  <testcase name="testDoesAllowOnlyOne[1: com.dotmarketing.portlets.structure.model.ContentletRelationshipsTest$CardinalityTestCase@51df2a1a]" classname="com.dotmarketing.portlets.structure.model.ContentletRelationshipsTest" time="0.476"/>
  <testcase name="testDoesAllowOnlyOne[2: com.dotmarketing.portlets.structure.model.ContentletRelationshipsTest$CardinalityTestCase@1e477985]" classname="com.dotmarketing.portlets.structure.model.ContentletRelationshipsTest" time="0.466"/>
  <testcase name="testGetRelationshipRecords[0: com.dotmarketing.portlets.structure.model.ContentletRelationshipsTest$TestCase@2482bd57]" classname="com.dotmarketing.portlets.structure.model.ContentletRelationshipsTest" time="2.067"/>
  <testcase name="testGetRelationshipRecords[1: com.dotmarketing.portlets.structure.model.ContentletRelationshipsTest$TestCase@137435a7]" classname="com.dotmarketing.portlets.structure.model.ContentletRelationshipsTest" time="2.027"/>
  <testcase name="testGetRelationshipRecords[2: com.dotmarketing.portlets.structure.model.ContentletRelationshipsTest$TestCase@3bd35229]" classname="com.dotmarketing.portlets.structure.model.ContentletRelationshipsTest" time="1.87"/>
  <testcase name="testGetRelationshipRecords[3: com.dotmarketing.portlets.structure.model.ContentletRelationshipsTest$TestCase@1efd9f87]" classname="com.dotmarketing.portlets.structure.model.ContentletRelationshipsTest" time="1.838"/>
  <system-out><![CDATA[]]></system-out>
  <system-err><![CDATA[]]></system-err>
</testsuite>
