<?xml version="1.0" encoding="UTF-8"?>
<testsuite name="com.dotcms.content.elasticsearch.business.ESContentletAPIImplTest" tests="48" skipped="0" failures="0" errors="0" timestamp="2023-07-17T21:34:01" hostname="fv-az407-374" time="90.726">
  <properties/>
  <testcase name="flushVanityURLCacheRight" classname="com.dotcms.content.elasticsearch.business.ESContentletAPIImplTest" time="3.818"/>
  <testcase name="differentVersionWithDifferentExpireDate" classname="com.dotcms.content.elasticsearch.business.ESContentletAPIImplTest" time="1.571"/>
  <testcase name="whenTryToLockShouldThrowDotSecurityException" classname="com.dotcms.content.elasticsearch.business.ESContentletAPIImplTest" time="1.816"/>
  <testcase name="findAllVersionsByVariantWithNoAllowUser" classname="com.dotcms.content.elasticsearch.business.ESContentletAPIImplTest" time="3.564"/>
  <testcase name="savingFieldWithUniqueFieldInDifferentHost" classname="com.dotcms.content.elasticsearch.business.ESContentletAPIImplTest" time="3.42"/>
  <testcase name="findAllVersionsByVariantWithNoContentlet" classname="com.dotcms.content.elasticsearch.business.ESContentletAPIImplTest" time="0.002"/>
  <testcase name="shouldUpdateAllTheDifferentLangVersions" classname="com.dotcms.content.elasticsearch.business.ESContentletAPIImplTest" time="2.158"/>
  <testcase name="testIsCheckInSafeWithRelationshipsFieldsShouldReturnTrue" classname="com.dotcms.content.elasticsearch.business.ESContentletAPIImplTest" time="0.614"/>
  <testcase name="testGetRelatedContentWhenIndexIsMessedUp" classname="com.dotcms.content.elasticsearch.business.ESContentletAPIImplTest" time="5.069"/>
  <testcase name="TestFindLiveOrWorkingVersions" classname="com.dotcms.content.elasticsearch.business.ESContentletAPIImplTest" time="7.9"/>
  <testcase name="findContentletByIdentifierAnyLanguageNoDefaultVersion" classname="com.dotcms.content.elasticsearch.business.ESContentletAPIImplTest" time="1.367"/>
  <testcase name="test_getUrlMapForContentlet_with_detail_page_and_pattern" classname="com.dotcms.content.elasticsearch.business.ESContentletAPIImplTest" time="2.806"/>
  <testcase name="test_move_invalid_start_host" classname="com.dotcms.content.elasticsearch.business.ESContentletAPIImplTest" time="0.002"/>
  <testcase name="variantIdOutsideJsonFIeld" classname="com.dotcms.content.elasticsearch.business.ESContentletAPIImplTest" time="2.235"/>
  <testcase name="test_getUrlMapForContentlet_with_bad_detail_page" classname="com.dotcms.content.elasticsearch.business.ESContentletAPIImplTest" time="1.085"/>
  <testcase name="findContentletByIdentifierAnyLanguageAndVariant" classname="com.dotcms.content.elasticsearch.business.ESContentletAPIImplTest" time="2.006"/>
  <testcase name="whenTryToLockShouldWork" classname="com.dotcms.content.elasticsearch.business.ESContentletAPIImplTest" time="1.893"/>
  <testcase name="savingFieldWithUniqueFieldInDifferentHostUsingContentTypeHost" classname="com.dotcms.content.elasticsearch.business.ESContentletAPIImplTest" time="3.274"/>
  <testcase name="findAllVersionsWithOldVersionsByVariant" classname="com.dotcms.content.elasticsearch.business.ESContentletAPIImplTest" time="8.062"/>
  <testcase name="selfRelatedContents" classname="com.dotcms.content.elasticsearch.business.ESContentletAPIImplTest" time="1.923"/>
  <testcase name="testGetRelatedContentFromMultilingualContent" classname="com.dotcms.content.elasticsearch.business.ESContentletAPIImplTest" time="1.856"/>
  <testcase name="shouldUpdateAllTheDifferentVariantsVersions" classname="com.dotcms.content.elasticsearch.business.ESContentletAPIImplTest" time="1.613"/>
  <testcase name="differentVersionWithDifferentPublishDateAndUniquePublishExpireDate" classname="com.dotcms.content.elasticsearch.business.ESContentletAPIImplTest" time="1.435"/>
  <testcase name="testCheckInWithLegacyRelationshipsAndReadOnlyClusterShouldThrowAnException" classname="com.dotcms.content.elasticsearch.business.ESContentletAPIImplTest" time="0.174"/>
  <testcase name="testGetArchivedRelatedChild" classname="com.dotcms.content.elasticsearch.business.ESContentletAPIImplTest" time="1.583"/>
  <testcase name="saveContentToAnotherVariant" classname="com.dotcms.content.elasticsearch.business.ESContentletAPIImplTest" time="1.269"/>
  <testcase name="whenOwnerTryToLockShouldWork" classname="com.dotcms.content.elasticsearch.business.ESContentletAPIImplTest" time="1.925"/>
  <testcase name="savingFieldWithUniqueFieldInTheSameHostTakingContentTypeHost" classname="com.dotcms.content.elasticsearch.business.ESContentletAPIImplTest" time="1.52"/>
  <testcase name="differentVersionWithDifferentExpireDateAndUniquePublishExpireDat" classname="com.dotcms.content.elasticsearch.business.ESContentletAPIImplTest" time="1.438"/>
  <testcase name="savingFieldWithUniqueFieldInTheSameHost" classname="com.dotcms.content.elasticsearch.business.ESContentletAPIImplTest" time="0.53"/>
  <testcase name="test_move_not_exists_path" classname="com.dotcms.content.elasticsearch.business.ESContentletAPIImplTest" time="0.027"/>
  <testcase name="saveAndUpdateContentletWithBinaryField" classname="com.dotcms.content.elasticsearch.business.ESContentletAPIImplTest" time="0.638"/>
  <testcase name="test_getUrlMapForContentlet_with_detail_page_but_no_pattern" classname="com.dotcms.content.elasticsearch.business.ESContentletAPIImplTest" time="1.569"/>
  <testcase name="test_move_invalid_null_host" classname="com.dotcms.content.elasticsearch.business.ESContentletAPIImplTest" time="0.001"/>
  <testcase name="findDeletedContentletByIdentifierAnyLanguage" classname="com.dotcms.content.elasticsearch.business.ESContentletAPIImplTest" time="1.856"/>
  <testcase name="testGetArchivedRelatedParent" classname="com.dotcms.content.elasticsearch.business.ESContentletAPIImplTest" time="1.528"/>
  <testcase name="testIsCheckInSafeWithLegacyRelationshipsShouldReturnFalse" classname="com.dotcms.content.elasticsearch.business.ESContentletAPIImplTest" time="0.117"/>
  <testcase name="findAllVersionsByVariant" classname="com.dotcms.content.elasticsearch.business.ESContentletAPIImplTest" time="2.055"/>
  <testcase name="savingFieldWithUniqueFieldInDifferentHostUniquePerSiteToFalse" classname="com.dotcms.content.elasticsearch.business.ESContentletAPIImplTest" time="3.518"/>
  <testcase name="shouldUpdateAllTheDifferentVariantsVersionsInTheSameLang" classname="com.dotcms.content.elasticsearch.business.ESContentletAPIImplTest" time="2.352"/>
  <testcase name="testIsCheckInSafeWithoutRelationshipsShouldReturnTrue" classname="com.dotcms.content.elasticsearch.business.ESContentletAPIImplTest" time="0.05"/>
  <testcase name="test_move_to_exists_path_invalid_user" classname="com.dotcms.content.elasticsearch.business.ESContentletAPIImplTest" time="1.176"/>
  <testcase name="test_move_invalid_path" classname="com.dotcms.content.elasticsearch.business.ESContentletAPIImplTest" time="0.001"/>
  <testcase name="savingFieldWithUniqueFieldInTheSameHostUniquePerSiteToFalse" classname="com.dotcms.content.elasticsearch.business.ESContentletAPIImplTest" time="2.362"/>
  <testcase name="testCheckInArchivedPageShouldThrowDotDataException" classname="com.dotcms.content.elasticsearch.business.ESContentletAPIImplTest" time="0.895"/>
  <testcase name="differentVersionWithDifferentPublishDate" classname="com.dotcms.content.elasticsearch.business.ESContentletAPIImplTest" time="2.076"/>
  <testcase name="testCopyProperties" classname="com.dotcms.content.elasticsearch.business.ESContentletAPIImplTest" time="1.17"/>
  <testcase name="saveContentToSpecificVariant" classname="com.dotcms.content.elasticsearch.business.ESContentletAPIImplTest" time="1.385"/>
  <system-out><![CDATA[]]></system-out>
  <system-err><![CDATA[]]></system-err>
</testsuite>
