<?xml version="1.0" encoding="UTF-8"?>
<testsuite name="com.dotmarketing.startup.runonce.Task220825MakeSomeSystemFieldsRemovableTest" tests="1" skipped="0" failures="0" errors="0" timestamp="2023-06-23T19:20:07" hostname="fv-az561-920" time="0.031">
  <properties/>
  <testcase name="testExecuteUpgrade" classname="com.dotmarketing.startup.runonce.Task220825MakeSomeSystemFieldsRemovableTest" time="0.031"/>
  <system-out><![CDATA[]]></system-out>
  <system-err><![CDATA[]]></system-err>
</testsuite>
