<?xml version="1.0" encoding="UTF-8"?>
<testsuite name="org.apache.felix.framework.OSGIUtilTest" tests="4" skipped="0" failures="0" errors="0" timestamp="2023-06-28T04:28:57" hostname="fv-az592-477" time="10.839">
  <properties/>
  <testcase name="test03CustomFelixDeployPath" classname="org.apache.felix.framework.OSGIUtilTest" time="4.306"/>
  <testcase name="test04CustomFelixUndeployPath" classname="org.apache.felix.framework.OSGIUtilTest" time="4.32"/>
  <testcase name="test_check_get_exported_packages_normalized" classname="org.apache.felix.framework.OSGIUtilTest" time="0.008"/>
  <testcase name="test_validate_felix_custom_base_dir" classname="org.apache.felix.framework.OSGIUtilTest" time="2.205"/>
  <system-out><![CDATA[













































































































































































































































































]]></system-out>
  <system-err><![CDATA[]]></system-err>
</testsuite>
