<?xml version="1.0" encoding="UTF-8"?>
<testsuite name="com.dotcms.content.elasticsearch.business.ElasticsearchUtilTest" tests="23" skipped="0" failures="0" errors="0" timestamp="2023-07-18T20:50:34" hostname="fv-az553-913" time="3.097">
  <properties/>
  <testcase name="whenTheIndexDoesNotExistsShouldThrowException" classname="com.dotcms.content.elasticsearch.business.ElasticsearchUtilTest" time="0.009"/>
  <testcase name="shouldSetWorkingAndLiveIndexToReadOnly[0: index.blocks.read_only]" classname="com.dotcms.content.elasticsearch.business.ElasticsearchUtilTest" time="0.443"/>
  <testcase name="shouldSetWorkingAndLiveIndexToReadOnly[1: index.blocks.read_only_allow_delete]" classname="com.dotcms.content.elasticsearch.business.ElasticsearchUtilTest" time="0.321"/>
  <testcase name="whenIntervalUpdateIsSetInMinutes" classname="com.dotcms.content.elasticsearch.business.ElasticsearchUtilTest" time="0.067"/>
  <testcase name="shouldReturnTrueWhenLiveIndexIsReadOnly[0: index.blocks.read_only]" classname="com.dotcms.content.elasticsearch.business.ElasticsearchUtilTest" time="0.214"/>
  <testcase name="shouldReturnTrueWhenLiveIndexIsReadOnly[1: index.blocks.read_only_allow_delete]" classname="com.dotcms.content.elasticsearch.business.ElasticsearchUtilTest" time="0.197"/>
  <testcase name="shouldReturnTrueIfTheCurrentIndicesAreReadOnly[0: index.blocks.read_only]" classname="com.dotcms.content.elasticsearch.business.ElasticsearchUtilTest" time="0.142"/>
  <testcase name="shouldReturnTrueIfTheCurrentIndicesAreReadOnly[1: index.blocks.read_only_allow_delete]" classname="com.dotcms.content.elasticsearch.business.ElasticsearchUtilTest" time="0.214"/>
  <testcase name="whenIntervalUpdateIsSetInSeconds" classname="com.dotcms.content.elasticsearch.business.ElasticsearchUtilTest" time="0.061"/>
  <testcase name="whenIntervalUpdateIsSetInDefaultValue" classname="com.dotcms.content.elasticsearch.business.ElasticsearchUtilTest" time="0.039"/>
  <testcase name="shouldReturnFalseIfTheCurrentIndicesAreNotReadOnly[0: index.blocks.read_only]" classname="com.dotcms.content.elasticsearch.business.ElasticsearchUtilTest" time="0.141"/>
  <testcase name="shouldReturnFalseIfTheCurrentIndicesAreNotReadOnly[1: index.blocks.read_only_allow_delete]" classname="com.dotcms.content.elasticsearch.business.ElasticsearchUtilTest" time="0.137"/>
  <testcase name="shouldReturnFalseWhenTheClusterIsInReadOnlyMode[0: cluster.blocks.read_only]" classname="com.dotcms.content.elasticsearch.business.ElasticsearchUtilTest" time="0.056"/>
  <testcase name="shouldReturnFalseWhenTheClusterIsInReadOnlyMode[1: cluster.blocks.read_only_allow_delete]" classname="com.dotcms.content.elasticsearch.business.ElasticsearchUtilTest" time="0.069"/>
  <testcase name="setClusterReadOnlyModeToFalse[0: cluster.blocks.read_only]" classname="com.dotcms.content.elasticsearch.business.ElasticsearchUtilTest" time="0.064"/>
  <testcase name="setClusterReadOnlyModeToFalse[1: cluster.blocks.read_only_allow_delete]" classname="com.dotcms.content.elasticsearch.business.ElasticsearchUtilTest" time="0.068"/>
  <testcase name="shouldPutReadonlyInFalse[0: index.blocks.read_only]" classname="com.dotcms.content.elasticsearch.business.ElasticsearchUtilTest" time="0.197"/>
  <testcase name="shouldPutReadonlyInFalse[1: index.blocks.read_only_allow_delete]" classname="com.dotcms.content.elasticsearch.business.ElasticsearchUtilTest" time="0.237"/>
  <testcase name="shouldReturnFalseWhenTheClusterIsNotInReadOnlyMode[0: cluster.blocks.read_only]" classname="com.dotcms.content.elasticsearch.business.ElasticsearchUtilTest" time="0.006"/>
  <testcase name="shouldReturnFalseWhenTheClusterIsNotInReadOnlyMode[1: cluster.blocks.read_only_allow_delete]" classname="com.dotcms.content.elasticsearch.business.ElasticsearchUtilTest" time="0.005"/>
  <testcase name="shouldTryPutReadonlyInTrueAndTheIndexDoesNotExists" classname="com.dotcms.content.elasticsearch.business.ElasticsearchUtilTest" time="0.002"/>
  <testcase name="shouldReturnTrueWhenWorkingIndexIsReadOnly[0: index.blocks.read_only]" classname="com.dotcms.content.elasticsearch.business.ElasticsearchUtilTest" time="0.196"/>
  <testcase name="shouldReturnTrueWhenWorkingIndexIsReadOnly[1: index.blocks.read_only_allow_delete]" classname="com.dotcms.content.elasticsearch.business.ElasticsearchUtilTest" time="0.204"/>
  <system-out><![CDATA[]]></system-out>
  <system-err><![CDATA[]]></system-err>
</testsuite>
