<?xml version="1.0" encoding="UTF-8"?>
<testsuite name="com.dotmarketing.servlets.ajax.AjaxDirectorServletIntegrationTest" tests="2" skipped="0" failures="0" errors="0" timestamp="2023-06-29T18:12:26" hostname="fv-az166-287" time="2.596">
  <properties/>
  <testcase name="testService[0: com.dotmarketing.servlets.ajax.AjaxDirectorServletTestCase@48c677fa]" classname="com.dotmarketing.servlets.ajax.AjaxDirectorServletIntegrationTest" time="1.55"/>
  <testcase name="testService[1: com.dotmarketing.servlets.ajax.AjaxDirectorServletTestCase@4d9b2e84]" classname="com.dotmarketing.servlets.ajax.AjaxDirectorServletIntegrationTest" time="1.046"/>
  <system-out><![CDATA[]]></system-out>
  <system-err><![CDATA[]]></system-err>
</testsuite>
