<?xml version="1.0" encoding="UTF-8"?>
<testsuite name="com.dotcms.rest.TagResourceIntegrationTest" tests="4" skipped="0" failures="0" errors="0" timestamp="2023-07-17T16:07:23" hostname="fv-az338-287" time="0.316">
  <properties/>
  <testcase name="testList[0: com.dotcms.rest.TagResourceTestCase@478ee888]" classname="com.dotcms.rest.TagResourceIntegrationTest" time="0.257"/>
  <testcase name="testList[1: com.dotcms.rest.TagResourceTestCase@1dc1f587]" classname="com.dotcms.rest.TagResourceIntegrationTest" time="0.022"/>
  <testcase name="testList[2: com.dotcms.rest.TagResourceTestCase@1b21c62e]" classname="com.dotcms.rest.TagResourceIntegrationTest" time="0.017"/>
  <testcase name="testList[3: com.dotcms.rest.TagResourceTestCase@4091400]" classname="com.dotcms.rest.TagResourceIntegrationTest" time="0.02"/>
  <system-out><![CDATA[]]></system-out>
  <system-err><![CDATA[Jul 17, 2023 4:07:24 PM com.dotcms.repackage.org.hibernate.validator.internal.util.Version <clinit>
INFO: HV000001: Hibernate Validator 4.3.2.Final
]]></system-err>
</testsuite>
