<?xml version="1.0" encoding="UTF-8"?>
<testsuite name="com.dotcms.rest.api.v1.vtl.VTLResourceIntegrationTest" tests="6" skipped="0" failures="0" errors="0" timestamp="2023-07-07T19:20:23" hostname="fv-az622-57" time="15.193">
  <properties/>
  <testcase name="testGet[0: com.dotcms.rest.api.v1.vtl.VTLResourceTestCase@3727e036]" classname="com.dotcms.rest.api.v1.vtl.VTLResourceIntegrationTest" time="2.311"/>
  <testcase name="testGet[1: com.dotcms.rest.api.v1.vtl.VTLResourceTestCase@14017ced]" classname="com.dotcms.rest.api.v1.vtl.VTLResourceIntegrationTest" time="3.012"/>
  <testcase name="testGet[2: com.dotcms.rest.api.v1.vtl.VTLResourceTestCase@e18147e]" classname="com.dotcms.rest.api.v1.vtl.VTLResourceIntegrationTest" time="2.856"/>
  <testcase name="testGet[3: com.dotcms.rest.api.v1.vtl.VTLResourceTestCase@153f1296]" classname="com.dotcms.rest.api.v1.vtl.VTLResourceIntegrationTest" time="2.385"/>
  <testcase name="testGet[4: com.dotcms.rest.api.v1.vtl.VTLResourceTestCase@1d916657]" classname="com.dotcms.rest.api.v1.vtl.VTLResourceIntegrationTest" time="2.837"/>
  <testcase name="testGet[5: com.dotcms.rest.api.v1.vtl.VTLResourceTestCase@2e8871c]" classname="com.dotcms.rest.api.v1.vtl.VTLResourceIntegrationTest" time="1.791"/>
  <system-out><![CDATA[]]></system-out>
  <system-err><![CDATA[]]></system-err>
</testsuite>
