<?xml version="1.0" encoding="UTF-8"?>
<testsuite name="com.dotmarketing.quartz.job.IntegrityDataGenerationJobTest" tests="1" skipped="0" failures="0" errors="0" timestamp="2023-07-11T03:44:41" hostname="fv-az1256-472" time="0.101">
  <properties/>
  <testcase name="test_generateIntegrationData" classname="com.dotmarketing.quartz.job.IntegrityDataGenerationJobTest" time="0.101"/>
  <system-out><![CDATA[]]></system-out>
  <system-err><![CDATA[]]></system-err>
</testsuite>
