<?xml version="1.0" encoding="UTF-8"?>
<testsuite name="com.dotcms.rest.api.v1.vtl.VTLResourceIntegrationTest" tests="6" skipped="0" failures="0" errors="0" timestamp="2023-07-04T01:28:37" hostname="fv-az613-350" time="12.541">
  <properties/>
  <testcase name="testGet[0: com.dotcms.rest.api.v1.vtl.VTLResourceTestCase@62ee9ccf]" classname="com.dotcms.rest.api.v1.vtl.VTLResourceIntegrationTest" time="2.447"/>
  <testcase name="testGet[1: com.dotcms.rest.api.v1.vtl.VTLResourceTestCase@14d03158]" classname="com.dotcms.rest.api.v1.vtl.VTLResourceIntegrationTest" time="2.071"/>
  <testcase name="testGet[2: com.dotcms.rest.api.v1.vtl.VTLResourceTestCase@fbabc6a]" classname="com.dotcms.rest.api.v1.vtl.VTLResourceIntegrationTest" time="2.475"/>
  <testcase name="testGet[3: com.dotcms.rest.api.v1.vtl.VTLResourceTestCase@75284a3d]" classname="com.dotcms.rest.api.v1.vtl.VTLResourceIntegrationTest" time="1.474"/>
  <testcase name="testGet[4: com.dotcms.rest.api.v1.vtl.VTLResourceTestCase@63b6a8b3]" classname="com.dotcms.rest.api.v1.vtl.VTLResourceIntegrationTest" time="1.957"/>
  <testcase name="testGet[5: com.dotcms.rest.api.v1.vtl.VTLResourceTestCase@76f91f6c]" classname="com.dotcms.rest.api.v1.vtl.VTLResourceIntegrationTest" time="2.116"/>
  <system-out><![CDATA[]]></system-out>
  <system-err><![CDATA[]]></system-err>
</testsuite>
