<?xml version="1.0" encoding="UTF-8"?>
<testsuite name="com.dotcms.rest.api.v1.vtl.VTLResourceIntegrationTest" tests="6" skipped="0" failures="0" errors="0" timestamp="2023-07-18T20:09:18" hostname="fv-az553-913" time="11.06">
  <properties/>
  <testcase name="testGet[0: com.dotcms.rest.api.v1.vtl.VTLResourceTestCase@772409cd]" classname="com.dotcms.rest.api.v1.vtl.VTLResourceIntegrationTest" time="2.324"/>
  <testcase name="testGet[1: com.dotcms.rest.api.v1.vtl.VTLResourceTestCase@3337b11f]" classname="com.dotcms.rest.api.v1.vtl.VTLResourceIntegrationTest" time="2.683"/>
  <testcase name="testGet[2: com.dotcms.rest.api.v1.vtl.VTLResourceTestCase@3b332e8b]" classname="com.dotcms.rest.api.v1.vtl.VTLResourceIntegrationTest" time="1.105"/>
  <testcase name="testGet[3: com.dotcms.rest.api.v1.vtl.VTLResourceTestCase@2400fc99]" classname="com.dotcms.rest.api.v1.vtl.VTLResourceIntegrationTest" time="1.054"/>
  <testcase name="testGet[4: com.dotcms.rest.api.v1.vtl.VTLResourceTestCase@733df3b5]" classname="com.dotcms.rest.api.v1.vtl.VTLResourceIntegrationTest" time="1.894"/>
  <testcase name="testGet[5: com.dotcms.rest.api.v1.vtl.VTLResourceTestCase@7d0c0b84]" classname="com.dotcms.rest.api.v1.vtl.VTLResourceIntegrationTest" time="2.0"/>
  <system-out><![CDATA[]]></system-out>
  <system-err><![CDATA[]]></system-err>
</testsuite>
