<?xml version="1.0" encoding="UTF-8"?>
<testsuite name="com.dotcms.security.apps.AppsCacheImplTest" tests="3" skipped="0" failures="0" errors="0" timestamp="2023-07-13T20:53:56" hostname="fv-az305-739" time="0.031">
  <properties/>
  <testcase name="Test_put_Secret_Then_Verify_Get_From_Cache" classname="com.dotcms.security.apps.AppsCacheImplTest" time="0.001"/>
  <testcase name="Test_Get_Secret_From_Cache_With_Supplier" classname="com.dotcms.security.apps.AppsCacheImplTest" time="0.002"/>
  <testcase name="Test_Get_Descriptors_From_Cache_With_Supplier" classname="com.dotcms.security.apps.AppsCacheImplTest" time="0.003"/>
  <system-out><![CDATA[]]></system-out>
  <system-err><![CDATA[]]></system-err>
</testsuite>
