<?xml version="1.0" encoding="UTF-8"?>
<testsuite name="com.dotcms.bayesian.BayesianAPIImplIT" tests="8" skipped="0" failures="0" errors="0" timestamp="2023-07-11T17:02:55" hostname="fv-az221-100" time="0.11">
  <properties/>
  <testcase name="test_doBayesian_ABC" classname="com.dotcms.bayesian.BayesianAPIImplIT" time="0.068"/>
  <testcase name="test_doBayesian_AB" classname="com.dotcms.bayesian.BayesianAPIImplIT" time="0.034"/>
  <testcase name="test_calculateABTesting_invalidTestFailures" classname="com.dotcms.bayesian.BayesianAPIImplIT" time="0.001"/>
  <testcase name="test_calculateABTesting_invalidControlSuccesses" classname="com.dotcms.bayesian.BayesianAPIImplIT" time="0.001"/>
  <testcase name="test_calculateABTesting_invalidPriorBeta" classname="com.dotcms.bayesian.BayesianAPIImplIT" time="0.001"/>
  <testcase name="test_calculateABTesting_invalidTestSuccesses" classname="com.dotcms.bayesian.BayesianAPIImplIT" time="0.001"/>
  <testcase name="test_calculateABTesting_invalidControlFailures" classname="com.dotcms.bayesian.BayesianAPIImplIT" time="0.001"/>
  <testcase name="test_calculateABTesting_invalidPriorAlpha" classname="com.dotcms.bayesian.BayesianAPIImplIT" time="0.002"/>
  <system-out><![CDATA[]]></system-out>
  <system-err><![CDATA[]]></system-err>
</testsuite>
