<?xml version="1.0" encoding="UTF-8"?>
<testsuite name="com.dotmarketing.portlets.workflows.actionlet.PushNowActionletTest" tests="3" skipped="0" failures="0" errors="0" timestamp="2023-06-28T03:50:20" hostname="fv-az422-786" time="4.611">
  <properties/>
  <testcase name="test_PushNowActionlet_With_Push_Remove_Param" classname="com.dotmarketing.portlets.workflows.actionlet.PushNowActionletTest" time="2.061"/>
  <testcase name="test_PushNowActionlet_getParameters_getFilters" classname="com.dotmarketing.portlets.workflows.actionlet.PushNowActionletTest" time="0.012"/>
  <testcase name="test_PushNowActionlet_BundleUsesFilterKeySet" classname="com.dotmarketing.portlets.workflows.actionlet.PushNowActionletTest" time="2.537"/>
  <system-out><![CDATA[]]></system-out>
  <system-err><![CDATA[]]></system-err>
</testsuite>
