<?xml version="1.0" encoding="UTF-8"?>
<testsuite name="com.dotmarketing.business.DeterministicIdentifierAPITest" tests="16" skipped="0" failures="0" errors="0" timestamp="2023-06-29T02:53:00" hostname="fv-az445-202" time="0.96">
  <properties/>
  <testcase name="Test_Category_Path_Seed_And_Id" classname="com.dotmarketing.business.DeterministicIdentifierAPITest" time="0.022"/>
  <testcase name="Test_Language_Deterministic_Id[0: LanguageTestCase{expectedSeed='Language:es:US', expectedHash=4913155, langCode='es', countryCode='US', country='United States'}]" classname="com.dotmarketing.business.DeterministicIdentifierAPITest" time="0.001"/>
  <testcase name="Test_Language_Deterministic_Id[1: LanguageTestCase{expectedSeed='Language:ep:', expectedHash=5292269, langCode='ep', countryCode='', country=''}]" classname="com.dotmarketing.business.DeterministicIdentifierAPITest" time="0.001"/>
  <testcase name="Test_Language_Deterministic_Id[2: LanguageTestCase{expectedSeed='Language:sg:SAG', expectedHash=4713118, langCode='sg', countryCode='SAG', country=''}]" classname="com.dotmarketing.business.DeterministicIdentifierAPITest" time="0.001"/>
  <testcase name="Test_Language_Deterministic_Id[3: LanguageTestCase{expectedSeed='Language:en:NZ', expectedHash=5382528, langCode='en', countryCode='NZ', country='New Zealand'}]" classname="com.dotmarketing.business.DeterministicIdentifierAPITest" time="0.001"/>
  <testcase name="Test_Category_None_Persisted_Category_Should_Return_Deterministic_Id" classname="com.dotmarketing.business.DeterministicIdentifierAPITest" time="0.001"/>
  <testcase name="Test_Asset_Generate_Deterministic_Id_Best_Effort[0: TestCase{versionable=my.host1688006797927.com, parent=System Host, expectedName='my.host1688006797927.com', expectedType='Host'}]" classname="com.dotmarketing.business.DeterministicIdentifierAPITest" time="0.003"/>
  <testcase name="Test_Asset_Generate_Deterministic_Id_Best_Effort[1: TestCase{versionable=com.dotmarketing.portlets.contentlet.model.Contentlet@5cc5e0fa[map={modDate=2023-06-29 02:46:38.662, fileName=file8459549475388761651.txt, title=file8459549475388761651.txt, inode=17ea6d8b-3940-4b6d-8e34-16acdb349bd4, __IS_NEW_CONTENT__=true, disabledWYSIWYG=[], host=01618f49-c3af-47b2-8ea9-baf12dd17183, stInode=33888b6f-7a8e-4069-b1b6-5c1aa9d0a48d, owner=system, identifier=6d12fb87-1981-4796-99dd-2f8c84544b66, nullProperties=[wfExpireDate, wfPublishDate, wfActionAssign, wfActionId, wfActionComments, filterKey, whereToSend, wfNeverExpire, _path_to_move, timezoneId, iWantTo, wfPublishTime, wfExpireTime], languageId=1, fileAsset=/home/runner/work/core/custom/assets/1/7/17ea6d8b-3940-4b6d-8e34-16acdb349bd4/fileAsset/file8459549475388761651.txt, folder=5b304c92-50e5-426a-9f65-1c4b59a4c906, __disable_workflow__=true, sortOrder=0, modUser=system},lowIndexPriority=false,variantId=DEFAULT], parent=com.dotmarketing.portlets.folders.model.Folder@3cce00a3[identifier=5b304c92-50e5-426a-9f65-1c4b59a4c906,name=testName1688006798657,sortOrder=0,showOnMenu=false,hostId=01618f49-c3af-47b2-8ea9-baf12dd17183,type=folder,title=testTitle1688006798657,filesMasks=,defaultFileType=33888b6f-7a8e-4069-b1b6-5c1aa9d0a48d,modDate=2023-06-29 02:46:38.659,owner=&lt;null&gt;,iDate=2023-06-29 02:46:38.659,inode=5b304c92-50e5-426a-9f65-1c4b59a4c906,path=/testName1688006798657/], expectedName='file8459549475388761651.txt', expectedType='FileAsset'}]" classname="com.dotmarketing.business.DeterministicIdentifierAPITest" time="0.003"/>
  <testcase name="Test_Asset_Generate_Deterministic_Id_Best_Effort[2: TestCase{versionable=com.dotmarketing.portlets.templates.model.Template@4bfb50fc, parent=my.host1688006797927.com, expectedName='testTitle1688006798746', expectedType='Template'}]" classname="com.dotmarketing.business.DeterministicIdentifierAPITest" time="0.001"/>
  <testcase name="Test_Asset_Generate_Deterministic_Id_Best_Effort[3: TestCase{versionable=com.dotmarketing.portlets.htmlpageasset.model.HTMLPageAsset@36c23a55[map={template=600f85b8-5ab5-4354-8ea4-5fea79dc4dd9, owner=system, identifier=fe8e5482-84ee-498c-b4da-b138fd31853d, nullProperties=[wfExpireDate, wfPublishDate, wfActionAssign, wfActionId, wfActionComments, filterKey, whereToSend, wfNeverExpire, _path_to_move, timezoneId, iWantTo, wfPublishTime, wfExpireTime], modDate=2023-06-29 02:46:38.758, cachettl=0, _is_test_mode=true, languageId=1, title=test-page-title-1688006798755, httpsreq=, url=test-page-url-1688006798755, showOnMenu=, inode=fc7a7ae0-2b87-4c55-b54f-7c154562cd8d, folder=5b304c92-50e5-426a-9f65-1c4b59a4c906, disabledWYSIWYG=[], sortOrder=1, modUser=system, host=01618f49-c3af-47b2-8ea9-baf12dd17183, stInode=c541abb1-69b3-4bc5-8430-5e09e5239cc8, friendlyName=test-page-friendly-name-1688006798755},lowIndexPriority=false,variantId=DEFAULT], parent=com.dotmarketing.portlets.folders.model.Folder@3cce00a3[identifier=5b304c92-50e5-426a-9f65-1c4b59a4c906,name=testName1688006798657,sortOrder=0,showOnMenu=false,hostId=01618f49-c3af-47b2-8ea9-baf12dd17183,type=folder,title=testTitle1688006798657,filesMasks=,defaultFileType=33888b6f-7a8e-4069-b1b6-5c1aa9d0a48d,modDate=2023-06-29 02:46:38.659,owner=&lt;null&gt;,iDate=2023-06-29 02:46:38.659,inode=5b304c92-50e5-426a-9f65-1c4b59a4c906,path=/testName1688006798657/], expectedName='test-page-url-1688006798755', expectedType='htmlpageasset'}]" classname="com.dotmarketing.business.DeterministicIdentifierAPITest" time="0.002"/>
  <testcase name="Test_Asset_Generate_Deterministic_Id_Best_Effort[4: TestCase{versionable=com.dotmarketing.portlets.contentlet.model.Contentlet@2e37b410[map={fileAsset2=/home/runner/work/core/custom/assets/6/a/6a1469d6-3e14-45cf-bcea-6293e0991c47/fileAsset2/test_binary1688006799649.png, modDate=2023-06-29 02:46:39.653, fileAsset1=/home/runner/work/core/custom/assets/6/a/6a1469d6-3e14-45cf-bcea-6293e0991c47/fileAsset1/test_binary1688006799649.jpg, title=blah, inode=6a1469d6-3e14-45cf-bcea-6293e0991c47, __IS_NEW_CONTENT__=true, disabledWYSIWYG=[], host=48190c8c-42c4-46af-8d1a-0cd5db894797, stInode=0cc94b53-c572-41ef-85d7-05c60c7b632e, owner=system, identifier=a6d48da9-3bd9-4d5f-8f1c-b2f2ea4fd19a, nullProperties=[], languageId=1, image1=4e0ef0cf-b4d4-4eea-b641-a4b2ced298d9, folder=SYSTEM_FOLDER, __disable_workflow__=true, sortOrder=0, modUser=system},lowIndexPriority=false,variantId=DEFAULT], parent=demo.dotcms.com, expectedName='test_binary1688006799649.jpg:test_binary1688006799649.png', expectedType='MultipleBinaries1688006798870'}]" classname="com.dotmarketing.business.DeterministicIdentifierAPITest" time="0.003"/>
  <testcase name="Test_Asset_Generate_Deterministic_Id_Best_Effort[5: TestCase{versionable=nameecc4c9dacc : keyTagecc4c9dacc, parent=my.host1688006797927.com, expectedName='keyTagecc4c9dacc', expectedType='persona'}]" classname="com.dotmarketing.business.DeterministicIdentifierAPITest" time="0.002"/>
  <testcase name="Test_Similar_Content_Type_Wont_Clash" classname="com.dotmarketing.business.DeterministicIdentifierAPITest" time="0.408"/>
  <testcase name="Test_Generate_Folder_Identifier" classname="com.dotmarketing.business.DeterministicIdentifierAPITest" time="0.502"/>
  <testcase name="Test_Generate_Content_Type_Identifier[0: ContentTypeTestCase{contentType=KeyValueContentType{name=Language Variable, id=f4d7c1b8-2c88-4071-abf1-a5328977b07d, description=Default Content Type for Language Variables, defaultType=false, fixed=true, iDate=Thu Aug 31 16:38:49 UTC 2017, system=true, versionable=true, variable=Languagevariable, modDate=Thu Jun 29 01:44:32 UTC 2023, host=SYSTEM_HOST, siteName=systemHost, icon=language, sortOrder=0, folder=SYSTEM_FOLDER, folderPath=/, markedForDeletion=true, multilingualable=false}, expectedName='Languagevariable', expectedType='KeyValue'}]" classname="com.dotmarketing.business.DeterministicIdentifierAPITest" time="0.004"/>
  <testcase name="Test_Generate_Content_Type_Identifier[1: ContentTypeTestCase{contentType=SimpleContentType{name=testName1688006800079, id=01af5964-1e98-45b9-9588-0b28eecb315b, description=testDescription1688006800079, defaultType=false, fixed=false, iDate=Thu Jun 29 02:46:40 UTC 2023, system=false, versionable=true, multilingualable=false, variable=testVarname1688006800079, owner=system, modDate=Thu Jun 29 02:46:40 UTC 2023, host=48190c8c-42c4-46af-8d1a-0cd5db894797, siteName=demo.dotcms.com, icon=event_note, sortOrder=0, folder=SYSTEM_FOLDER, folderPath=/, requiredFields=[], markedForDeletion=false}, expectedName='testVarname1688006800079', expectedType='CONTENT'}]" classname="com.dotmarketing.business.DeterministicIdentifierAPITest" time="0.004"/>
  <system-out><![CDATA[]]></system-out>
  <system-err><![CDATA[]]></system-err>
</testsuite>
