<?xml version="1.0" encoding="UTF-8"?>
<testsuite name="com.dotmarketing.business.DeterministicIdentifierAPITest" tests="16" skipped="0" failures="0" errors="0" timestamp="2023-06-28T17:46:37" hostname="fv-az585-827" time="1.41">
  <properties/>
  <testcase name="Test_Category_Path_Seed_And_Id" classname="com.dotmarketing.business.DeterministicIdentifierAPITest" time="0.035"/>
  <testcase name="Test_Language_Deterministic_Id[0: LanguageTestCase{expectedSeed='Language:es:US', expectedHash=4913155, langCode='es', countryCode='US', country='United States'}]" classname="com.dotmarketing.business.DeterministicIdentifierAPITest" time="0.001"/>
  <testcase name="Test_Language_Deterministic_Id[1: LanguageTestCase{expectedSeed='Language:ep:', expectedHash=5292269, langCode='ep', countryCode='', country=''}]" classname="com.dotmarketing.business.DeterministicIdentifierAPITest" time="0.001"/>
  <testcase name="Test_Language_Deterministic_Id[2: LanguageTestCase{expectedSeed='Language:sg:SAG', expectedHash=4713118, langCode='sg', countryCode='SAG', country=''}]" classname="com.dotmarketing.business.DeterministicIdentifierAPITest" time="0.002"/>
  <testcase name="Test_Language_Deterministic_Id[3: LanguageTestCase{expectedSeed='Language:en:NZ', expectedHash=5382528, langCode='en', countryCode='NZ', country='New Zealand'}]" classname="com.dotmarketing.business.DeterministicIdentifierAPITest" time="0.001"/>
  <testcase name="Test_Category_None_Persisted_Category_Should_Return_Deterministic_Id" classname="com.dotmarketing.business.DeterministicIdentifierAPITest" time="0.002"/>
  <testcase name="Test_Asset_Generate_Deterministic_Id_Best_Effort[0: TestCase{versionable=my.host1687973992649.com, parent=System Host, expectedName='my.host1687973992649.com', expectedType='Host'}]" classname="com.dotmarketing.business.DeterministicIdentifierAPITest" time="0.004"/>
  <testcase name="Test_Asset_Generate_Deterministic_Id_Best_Effort[1: TestCase{versionable=com.dotmarketing.portlets.contentlet.model.Contentlet@5c75e87[map={modDate=2023-06-28 17:39:53.157, fileName=file6110242437498586766.txt, title=file6110242437498586766.txt, inode=b89ef28b-d059-4cdc-a168-60570c9610b9, __IS_NEW_CONTENT__=true, disabledWYSIWYG=[], host=1b96cbbe-795f-4db9-b707-31f3e712b6e3, stInode=33888b6f-7a8e-4069-b1b6-5c1aa9d0a48d, owner=system, identifier=7448339a-b905-478d-b056-98da0ed096a4, nullProperties=[wfExpireDate, wfPublishDate, wfActionAssign, wfActionId, wfActionComments, filterKey, whereToSend, wfNeverExpire, _path_to_move, timezoneId, iWantTo, wfPublishTime, wfExpireTime], languageId=1, fileAsset=/home/runner/work/core/custom/assets/b/8/b89ef28b-d059-4cdc-a168-60570c9610b9/fileAsset/file6110242437498586766.txt, folder=7d67ee0d-971c-4ad9-a7e6-ef5259416ed9, __disable_workflow__=true, sortOrder=0, modUser=system},lowIndexPriority=false,variantId=DEFAULT], parent=com.dotmarketing.portlets.folders.model.Folder@10f9198c[identifier=7d67ee0d-971c-4ad9-a7e6-ef5259416ed9,name=testName1687973993147,sortOrder=0,showOnMenu=false,hostId=1b96cbbe-795f-4db9-b707-31f3e712b6e3,type=folder,title=testTitle1687973993147,filesMasks=,defaultFileType=33888b6f-7a8e-4069-b1b6-5c1aa9d0a48d,modDate=2023-06-28 17:39:53.151,owner=&lt;null&gt;,iDate=2023-06-28 17:39:53.151,inode=7d67ee0d-971c-4ad9-a7e6-ef5259416ed9,path=/testName1687973993147/], expectedName='file6110242437498586766.txt', expectedType='FileAsset'}]" classname="com.dotmarketing.business.DeterministicIdentifierAPITest" time="0.005"/>
  <testcase name="Test_Asset_Generate_Deterministic_Id_Best_Effort[2: TestCase{versionable=com.dotmarketing.portlets.templates.model.Template@9414785c, parent=my.host1687973992649.com, expectedName='testTitle1687973993269', expectedType='Template'}]" classname="com.dotmarketing.business.DeterministicIdentifierAPITest" time="0.004"/>
  <testcase name="Test_Asset_Generate_Deterministic_Id_Best_Effort[3: TestCase{versionable=com.dotmarketing.portlets.htmlpageasset.model.HTMLPageAsset@6bfb6b6d[map={template=7da94ed9-2c66-4e8c-b3b2-570303ea432c, owner=system, identifier=1fba7f5c-487f-4f83-94b7-d0a832dc538b, nullProperties=[wfExpireDate, wfPublishDate, wfActionAssign, wfActionId, wfActionComments, filterKey, whereToSend, wfNeverExpire, _path_to_move, timezoneId, iWantTo, wfPublishTime, wfExpireTime], modDate=2023-06-28 17:39:53.292, cachettl=0, _is_test_mode=true, languageId=1, title=test-page-title-1687973993287, httpsreq=, url=test-page-url-1687973993287, showOnMenu=, inode=47fe8254-5d7c-4924-bd40-3cbf23eb9504, folder=7d67ee0d-971c-4ad9-a7e6-ef5259416ed9, disabledWYSIWYG=[], sortOrder=1, modUser=system, host=1b96cbbe-795f-4db9-b707-31f3e712b6e3, stInode=c541abb1-69b3-4bc5-8430-5e09e5239cc8, friendlyName=test-page-friendly-name-1687973993287},lowIndexPriority=false,variantId=DEFAULT], parent=com.dotmarketing.portlets.folders.model.Folder@10f9198c[identifier=7d67ee0d-971c-4ad9-a7e6-ef5259416ed9,name=testName1687973993147,sortOrder=0,showOnMenu=false,hostId=1b96cbbe-795f-4db9-b707-31f3e712b6e3,type=folder,title=testTitle1687973993147,filesMasks=,defaultFileType=33888b6f-7a8e-4069-b1b6-5c1aa9d0a48d,modDate=2023-06-28 17:39:53.151,owner=&lt;null&gt;,iDate=2023-06-28 17:39:53.151,inode=7d67ee0d-971c-4ad9-a7e6-ef5259416ed9,path=/testName1687973993147/], expectedName='test-page-url-1687973993287', expectedType='htmlpageasset'}]" classname="com.dotmarketing.business.DeterministicIdentifierAPITest" time="0.005"/>
  <testcase name="Test_Asset_Generate_Deterministic_Id_Best_Effort[4: TestCase{versionable=com.dotmarketing.portlets.contentlet.model.Contentlet@1b4e54d0[map={fileAsset2=/home/runner/work/core/custom/assets/b/f/bf98f59c-6edc-4c5f-a947-1b9cd3770a1b/fileAsset2/test_binary1687973995158.png, modDate=2023-06-28 17:39:55.164, fileAsset1=/home/runner/work/core/custom/assets/b/f/bf98f59c-6edc-4c5f-a947-1b9cd3770a1b/fileAsset1/test_binary1687973995157.jpg, title=blah, inode=bf98f59c-6edc-4c5f-a947-1b9cd3770a1b, __IS_NEW_CONTENT__=true, disabledWYSIWYG=[], host=48190c8c-42c4-46af-8d1a-0cd5db894797, stInode=d73c3cfd-b640-4651-af54-39ed5e984cca, owner=system, identifier=447794e9-1171-4082-8cef-2e04aba45531, nullProperties=[], languageId=1, image1=dacac5b5-fbcc-443a-b4b8-24669d9df7f6, folder=SYSTEM_FOLDER, __disable_workflow__=true, sortOrder=0, modUser=system},lowIndexPriority=false,variantId=DEFAULT], parent=demo.dotcms.com, expectedName='test_binary1687973995157.jpg:test_binary1687973995158.png', expectedType='MultipleBinaries1687973993585'}]" classname="com.dotmarketing.business.DeterministicIdentifierAPITest" time="0.003"/>
  <testcase name="Test_Asset_Generate_Deterministic_Id_Best_Effort[5: TestCase{versionable=nameb287db979a : keyTagb287db979a, parent=my.host1687973992649.com, expectedName='keyTagb287db979a', expectedType='persona'}]" classname="com.dotmarketing.business.DeterministicIdentifierAPITest" time="0.003"/>
  <testcase name="Test_Similar_Content_Type_Wont_Clash" classname="com.dotmarketing.business.DeterministicIdentifierAPITest" time="0.541"/>
  <testcase name="Test_Generate_Folder_Identifier" classname="com.dotmarketing.business.DeterministicIdentifierAPITest" time="0.776"/>
  <testcase name="Test_Generate_Content_Type_Identifier[0: ContentTypeTestCase{contentType=KeyValueContentType{name=Language Variable, id=f4d7c1b8-2c88-4071-abf1-a5328977b07d, description=Default Content Type for Language Variables, defaultType=false, fixed=true, iDate=Thu Aug 31 16:38:49 UTC 2017, system=true, versionable=true, variable=Languagevariable, modDate=Wed Jun 28 16:26:43 UTC 2023, host=SYSTEM_HOST, siteName=systemHost, icon=language, sortOrder=0, folder=SYSTEM_FOLDER, folderPath=/, markedForDeletion=true, multilingualable=false}, expectedName='Languagevariable', expectedType='KeyValue'}]" classname="com.dotmarketing.business.DeterministicIdentifierAPITest" time="0.013"/>
  <testcase name="Test_Generate_Content_Type_Identifier[1: ContentTypeTestCase{contentType=SimpleContentType{name=testName1687973995696, id=1f0cd3cb-8b35-42d5-8ca4-fccfc94f2239, description=testDescription1687973995696, defaultType=false, fixed=false, iDate=Wed Jun 28 17:39:55 UTC 2023, system=false, versionable=true, multilingualable=false, variable=testVarname1687973995696, owner=system, modDate=Wed Jun 28 17:39:56 UTC 2023, host=48190c8c-42c4-46af-8d1a-0cd5db894797, siteName=demo.dotcms.com, icon=event_note, sortOrder=0, folder=SYSTEM_FOLDER, folderPath=/, requiredFields=[], markedForDeletion=false}, expectedName='testVarname1687973995696', expectedType='CONTENT'}]" classname="com.dotmarketing.business.DeterministicIdentifierAPITest" time="0.008"/>
  <system-out><![CDATA[]]></system-out>
  <system-err><![CDATA[]]></system-err>
</testsuite>
