<?xml version="1.0" encoding="UTF-8"?>
<testsuite name="com.dotcms.translate.GoogleTranslationServiceIntegrationTest" tests="3" skipped="0" failures="0" errors="0" timestamp="2023-06-30T18:45:43" hostname="fv-az450-908" time="6.136">
  <properties/>
  <testcase name="test_setServiceParameters_SecretExistAtHost_returnAPIKey" classname="com.dotcms.translate.GoogleTranslationServiceIntegrationTest" time="2.137"/>
  <testcase name="test_setServiceParameters_APIKeySetPropertyFile_returnAPIKey" classname="com.dotcms.translate.GoogleTranslationServiceIntegrationTest" time="1.928"/>
  <testcase name="test_setServiceParameters_SecretExistAtSystemHost_returnAPIKey" classname="com.dotcms.translate.GoogleTranslationServiceIntegrationTest" time="2.071"/>
  <system-out><![CDATA[]]></system-out>
  <system-err><![CDATA[]]></system-err>
</testsuite>
