<?xml version="1.0" encoding="UTF-8"?>
<testsuite name="com.dotcms.storage.StoragePersistenceAPITest" tests="18" skipped="0" failures="0" errors="0" timestamp="2023-06-30T22:00:43" hostname="fv-az247-376" time="2.46">
  <properties/>
  <testcase name="Test_Get_Provider_By_StorageType" classname="com.dotcms.storage.StoragePersistenceAPITest" time="0.005"/>
  <testcase name="Test_Replace_Entry[0: TestCase{storageType=FILE_SYSTEM, groupName='Kmqx1neTAm', path='any-path', file=testFile11643883515827965379.bin}]" classname="com.dotcms.storage.StoragePersistenceAPITest" time="0.004"/>
  <testcase name="Test_Replace_Entry[1: TestCase{storageType=DB, groupName='Kmqx1neTAm', path='any-path', file=testFile11643883515827965379.bin}]" classname="com.dotcms.storage.StoragePersistenceAPITest" time="0.082"/>
  <testcase name="Test_Pull_File_Different_Casing[0: TestCase{storageType=FILE_SYSTEM, groupName='Kmqx1neTAm', path='any-path', file=testFile11643883515827965379.bin}]" classname="com.dotcms.storage.StoragePersistenceAPITest" time="0.001"/>
  <testcase name="Test_Pull_File_Different_Casing[1: TestCase{storageType=DB, groupName='Kmqx1neTAm', path='any-path', file=testFile11643883515827965379.bin}]" classname="com.dotcms.storage.StoragePersistenceAPITest" time="0.018"/>
  <testcase name="Test_Get_Default_Provider" classname="com.dotcms.storage.StoragePersistenceAPITest" time="0.001"/>
  <testcase name="Test_Attempt_Push_Same_Binary_Twice[0: TestCase{storageType=FILE_SYSTEM, groupName='GnXhPGyXV4', path='imageFilePath', file=test_image2.png}]" classname="com.dotcms.storage.StoragePersistenceAPITest" time="0.003"/>
  <testcase name="Test_Attempt_Push_Same_Binary_Twice[1: TestCase{storageType=DB, groupName='GnXhPGyXV4', path='imageFilePath', file=test_image2.png}]" classname="com.dotcms.storage.StoragePersistenceAPITest" time="0.025"/>
  <testcase name="Test_Delete_Object_Version[0: TestCase{storageType=FILE_SYSTEM, groupName='BzsiQKMz7K', path='fixed-large-file-path', file=testFile2605702686985530182.bin}]" classname="com.dotcms.storage.StoragePersistenceAPITest" time="0.06"/>
  <testcase name="Test_Delete_Object_Version[1: TestCase{storageType=DB, groupName='BzsiQKMz7K', path='fixed-large-file-path', file=testFile2605702686985530182.bin}]" classname="com.dotcms.storage.StoragePersistenceAPITest" time="1.849"/>
  <testcase name="Test_Storage_Push_File_Then_Recover_Then_Remove_Group[0: TestCase{storageType=FILE_SYSTEM, groupName='fixed-group-name', path='textFilePath', file=test.txt}]" classname="com.dotcms.storage.StoragePersistenceAPITest" time="0.007"/>
  <testcase name="Test_Storage_Push_File_Then_Recover_Then_Remove_Group[1: TestCase{storageType=FILE_SYSTEM, groupName='fixed-group-name', path='imageFilePath', file=test_image1.jpg}]" classname="com.dotcms.storage.StoragePersistenceAPITest" time="0.001"/>
  <testcase name="Test_Storage_Push_File_Then_Recover_Then_Remove_Group[2: TestCase{storageType=DB, groupName='fixed-group-name', path='textFilePath', file=test.txt}]" classname="com.dotcms.storage.StoragePersistenceAPITest" time="0.017"/>
  <testcase name="Test_Storage_Push_File_Then_Recover_Then_Remove_Group[3: TestCase{storageType=DB, groupName='fixed-group-name', path='imageFilePath', file=test_image1.jpg}]" classname="com.dotcms.storage.StoragePersistenceAPITest" time="0.169"/>
  <testcase name="Test_Attempt_Create_Dupe_Group[0: TestCase{storageType=FILE_SYSTEM, groupName='zw1Q7xgA4d', path='null', file=n/a}]" classname="com.dotcms.storage.StoragePersistenceAPITest" time="0.001"/>
  <testcase name="Test_Attempt_Create_Dupe_Group[1: TestCase{storageType=DB, groupName='zw1Q7xgA4d', path='null', file=n/a}]" classname="com.dotcms.storage.StoragePersistenceAPITest" time="0.005"/>
  <testcase name="Test_Push_Large_File[0: TestCase{storageType=FILE_SYSTEM, groupName='BzsiQKMz7K', path='fixed-large-file-path', file=testFile2605702686985530182.bin}]" classname="com.dotcms.storage.StoragePersistenceAPITest" time="0.04"/>
  <testcase name="Test_Push_Large_File[1: TestCase{storageType=DB, groupName='BzsiQKMz7K', path='fixed-large-file-path', file=testFile2605702686985530182.bin}]" classname="com.dotcms.storage.StoragePersistenceAPITest" time="0.163"/>
  <system-out><![CDATA[]]></system-out>
  <system-err><![CDATA[]]></system-err>
</testsuite>
