<?xml version="1.0" encoding="UTF-8"?>
<testsuite name="com.dotcms.cluster.business.ServerAPIImplTest" tests="2" skipped="0" failures="0" errors="0" timestamp="2023-07-05T16:43:25" hostname="fv-az487-835" time="0.007">
  <properties/>
  <testcase name="testGetOldestServerReturnsProperServer" classname="com.dotcms.cluster.business.ServerAPIImplTest" time="0.006"/>
  <testcase name="testGetServerStartTime" classname="com.dotcms.cluster.business.ServerAPIImplTest" time="0.001"/>
  <system-out><![CDATA[]]></system-out>
  <system-err><![CDATA[]]></system-err>
</testsuite>
