<?xml version="1.0" encoding="UTF-8"?>
<testsuite name="com.dotcms.rest.elasticsearch.ESContentResourcePortletTest" tests="8" skipped="0" failures="0" errors="0" timestamp="2023-07-20T22:06:02" hostname="fv-az803-349" time="9.307">
  <properties/>
  <testcase name="test_search_includeGrandChildCategory_success" classname="com.dotcms.rest.elasticsearch.ESContentResourcePortletTest" time="1.637"/>
  <testcase name="testSearch[0: com.dotcms.rest.elasticsearch.ESContentResourcePortletTest$TestCase@20b2b7b7]" classname="com.dotcms.rest.elasticsearch.ESContentResourcePortletTest" time="1.087"/>
  <testcase name="testSearch[1: com.dotcms.rest.elasticsearch.ESContentResourcePortletTest$TestCase@248e2f0e]" classname="com.dotcms.rest.elasticsearch.ESContentResourcePortletTest" time="1.424"/>
  <testcase name="testSearch[2: com.dotcms.rest.elasticsearch.ESContentResourcePortletTest$TestCase@5d8089c3]" classname="com.dotcms.rest.elasticsearch.ESContentResourcePortletTest" time="1.026"/>
  <testcase name="testSearch[3: com.dotcms.rest.elasticsearch.ESContentResourcePortletTest$TestCase@4877f605]" classname="com.dotcms.rest.elasticsearch.ESContentResourcePortletTest" time="1.417"/>
  <testcase name="testSearch[4: com.dotcms.rest.elasticsearch.ESContentResourcePortletTest$TestCase@7dcdffb3]" classname="com.dotcms.rest.elasticsearch.ESContentResourcePortletTest" time="0.38"/>
  <testcase name="testSearch[5: com.dotcms.rest.elasticsearch.ESContentResourcePortletTest$TestCase@286e495b]" classname="com.dotcms.rest.elasticsearch.ESContentResourcePortletTest" time="1.316"/>
  <testcase name="testSearch[6: com.dotcms.rest.elasticsearch.ESContentResourcePortletTest$TestCase@71f90304]" classname="com.dotcms.rest.elasticsearch.ESContentResourcePortletTest" time="1.019"/>
  <system-out><![CDATA[]]></system-out>
  <system-err><![CDATA[]]></system-err>
</testsuite>
