<?xml version="1.0" encoding="UTF-8"?>
<testsuite name="com.dotcms.rendering.velocity.viewtools.content.util.ContentUtilsTest" tests="89" skipped="0" failures="0" errors="0" timestamp="2023-06-30T16:46:05" hostname="fv-az797-168" time="397.199">
  <properties/>
  <testcase name="whenTheTimeMachineDateIsNullAndPublishDateInFutureShouldNotReturnAnything" classname="com.dotcms.rendering.velocity.viewtools.content.util.ContentUtilsTest" time="2.898"/>
  <testcase name="test_find_multilingual_contentlet_getContentletSuccessfully" classname="com.dotcms.rendering.velocity.viewtools.content.util.ContentUtilsTest" time="2.262"/>
  <testcase name="whenTheTimeMachineDateAndPublishDateAreTomorrowShouldReturnOneContent" classname="com.dotcms.rendering.velocity.viewtools.content.util.ContentUtilsTest" time="2.947"/>
  <testcase name="testPullRelated[0: com.dotcms.rendering.velocity.viewtools.content.util.ContentUtilsTest$TestCase@206ede93]" classname="com.dotcms.rendering.velocity.viewtools.content.util.ContentUtilsTest" time="3.743"/>
  <testcase name="testPullRelated[1: com.dotcms.rendering.velocity.viewtools.content.util.ContentUtilsTest$TestCase@2688223e]" classname="com.dotcms.rendering.velocity.viewtools.content.util.ContentUtilsTest" time="3.862"/>
  <testcase name="testPullRelated[2: com.dotcms.rendering.velocity.viewtools.content.util.ContentUtilsTest$TestCase@23b6bb04]" classname="com.dotcms.rendering.velocity.viewtools.content.util.ContentUtilsTest" time="4.195"/>
  <testcase name="testPullRelated[3: com.dotcms.rendering.velocity.viewtools.content.util.ContentUtilsTest$TestCase@4e84cb81]" classname="com.dotcms.rendering.velocity.viewtools.content.util.ContentUtilsTest" time="4.023"/>
  <testcase name="testPullRelated[4: com.dotcms.rendering.velocity.viewtools.content.util.ContentUtilsTest$TestCase@18481e84]" classname="com.dotcms.rendering.velocity.viewtools.content.util.ContentUtilsTest" time="3.911"/>
  <testcase name="testPullRelated[5: com.dotcms.rendering.velocity.viewtools.content.util.ContentUtilsTest$TestCase@7f365661]" classname="com.dotcms.rendering.velocity.viewtools.content.util.ContentUtilsTest" time="4.157"/>
  <testcase name="testPullRelated[6: com.dotcms.rendering.velocity.viewtools.content.util.ContentUtilsTest$TestCase@69cebc18]" classname="com.dotcms.rendering.velocity.viewtools.content.util.ContentUtilsTest" time="4.09"/>
  <testcase name="testPullRelated[7: com.dotcms.rendering.velocity.viewtools.content.util.ContentUtilsTest$TestCase@17eaa63]" classname="com.dotcms.rendering.velocity.viewtools.content.util.ContentUtilsTest" time="3.264"/>
  <testcase name="testPullRelated[8: com.dotcms.rendering.velocity.viewtools.content.util.ContentUtilsTest$TestCase@599a28f6]" classname="com.dotcms.rendering.velocity.viewtools.content.util.ContentUtilsTest" time="3.707"/>
  <testcase name="testPullRelated[9: com.dotcms.rendering.velocity.viewtools.content.util.ContentUtilsTest$TestCase@1452f8fa]" classname="com.dotcms.rendering.velocity.viewtools.content.util.ContentUtilsTest" time="3.988"/>
  <testcase name="testPullRelated[10: com.dotcms.rendering.velocity.viewtools.content.util.ContentUtilsTest$TestCase@860a814]" classname="com.dotcms.rendering.velocity.viewtools.content.util.ContentUtilsTest" time="4.028"/>
  <testcase name="testPullRelated[11: com.dotcms.rendering.velocity.viewtools.content.util.ContentUtilsTest$TestCase@7cb936c9]" classname="com.dotcms.rendering.velocity.viewtools.content.util.ContentUtilsTest" time="4.111"/>
  <testcase name="testPullRelated[12: com.dotcms.rendering.velocity.viewtools.content.util.ContentUtilsTest$TestCase@74ec6c30]" classname="com.dotcms.rendering.velocity.viewtools.content.util.ContentUtilsTest" time="3.992"/>
  <testcase name="testPullRelated[13: com.dotcms.rendering.velocity.viewtools.content.util.ContentUtilsTest$TestCase@77fadf7f]" classname="com.dotcms.rendering.velocity.viewtools.content.util.ContentUtilsTest" time="3.969"/>
  <testcase name="testPullRelated[14: com.dotcms.rendering.velocity.viewtools.content.util.ContentUtilsTest$TestCase@7ad7e99c]" classname="com.dotcms.rendering.velocity.viewtools.content.util.ContentUtilsTest" time="4.21"/>
  <testcase name="testPullRelated[15: com.dotcms.rendering.velocity.viewtools.content.util.ContentUtilsTest$TestCase@4fed8771]" classname="com.dotcms.rendering.velocity.viewtools.content.util.ContentUtilsTest" time="4.236"/>
  <testcase name="testPullRelated[16: com.dotcms.rendering.velocity.viewtools.content.util.ContentUtilsTest$TestCase@5877ff50]" classname="com.dotcms.rendering.velocity.viewtools.content.util.ContentUtilsTest" time="3.918"/>
  <testcase name="testPullRelated[17: com.dotcms.rendering.velocity.viewtools.content.util.ContentUtilsTest$TestCase@7957c206]" classname="com.dotcms.rendering.velocity.viewtools.content.util.ContentUtilsTest" time="3.976"/>
  <testcase name="testPullRelated[18: com.dotcms.rendering.velocity.viewtools.content.util.ContentUtilsTest$TestCase@3c894fb9]" classname="com.dotcms.rendering.velocity.viewtools.content.util.ContentUtilsTest" time="4.069"/>
  <testcase name="testPullRelated[19: com.dotcms.rendering.velocity.viewtools.content.util.ContentUtilsTest$TestCase@1ffc8156]" classname="com.dotcms.rendering.velocity.viewtools.content.util.ContentUtilsTest" time="2.829"/>
  <testcase name="testPullRelated[20: com.dotcms.rendering.velocity.viewtools.content.util.ContentUtilsTest$TestCase@78167086]" classname="com.dotcms.rendering.velocity.viewtools.content.util.ContentUtilsTest" time="4.242"/>
  <testcase name="testPullRelated[21: com.dotcms.rendering.velocity.viewtools.content.util.ContentUtilsTest$TestCase@3f16ca70]" classname="com.dotcms.rendering.velocity.viewtools.content.util.ContentUtilsTest" time="2.844"/>
  <testcase name="testPullRelated[22: com.dotcms.rendering.velocity.viewtools.content.util.ContentUtilsTest$TestCase@4914beac]" classname="com.dotcms.rendering.velocity.viewtools.content.util.ContentUtilsTest" time="4.274"/>
  <testcase name="testPullRelated[23: com.dotcms.rendering.velocity.viewtools.content.util.ContentUtilsTest$TestCase@321960e9]" classname="com.dotcms.rendering.velocity.viewtools.content.util.ContentUtilsTest" time="4.048"/>
  <testcase name="testPullRelated[24: com.dotcms.rendering.velocity.viewtools.content.util.ContentUtilsTest$TestCase@7940b46c]" classname="com.dotcms.rendering.velocity.viewtools.content.util.ContentUtilsTest" time="3.893"/>
  <testcase name="testPullRelated[25: com.dotcms.rendering.velocity.viewtools.content.util.ContentUtilsTest$TestCase@708ca47e]" classname="com.dotcms.rendering.velocity.viewtools.content.util.ContentUtilsTest" time="4.016"/>
  <testcase name="testPullRelated[26: com.dotcms.rendering.velocity.viewtools.content.util.ContentUtilsTest$TestCase@1c01951d]" classname="com.dotcms.rendering.velocity.viewtools.content.util.ContentUtilsTest" time="4.169"/>
  <testcase name="testPullRelated[27: com.dotcms.rendering.velocity.viewtools.content.util.ContentUtilsTest$TestCase@65e6a05c]" classname="com.dotcms.rendering.velocity.viewtools.content.util.ContentUtilsTest" time="3.937"/>
  <testcase name="testPullRelated[28: com.dotcms.rendering.velocity.viewtools.content.util.ContentUtilsTest$TestCase@19f98b58]" classname="com.dotcms.rendering.velocity.viewtools.content.util.ContentUtilsTest" time="3.963"/>
  <testcase name="testPullRelated[29: com.dotcms.rendering.velocity.viewtools.content.util.ContentUtilsTest$TestCase@c43734d]" classname="com.dotcms.rendering.velocity.viewtools.content.util.ContentUtilsTest" time="3.125"/>
  <testcase name="testPullRelated[30: com.dotcms.rendering.velocity.viewtools.content.util.ContentUtilsTest$TestCase@1cfaa6a5]" classname="com.dotcms.rendering.velocity.viewtools.content.util.ContentUtilsTest" time="4.222"/>
  <testcase name="testPullRelated[31: com.dotcms.rendering.velocity.viewtools.content.util.ContentUtilsTest$TestCase@4cce0126]" classname="com.dotcms.rendering.velocity.viewtools.content.util.ContentUtilsTest" time="3.948"/>
  <testcase name="testPullRelated[32: com.dotcms.rendering.velocity.viewtools.content.util.ContentUtilsTest$TestCase@19b8f0ac]" classname="com.dotcms.rendering.velocity.viewtools.content.util.ContentUtilsTest" time="3.985"/>
  <testcase name="testPullRelated[33: com.dotcms.rendering.velocity.viewtools.content.util.ContentUtilsTest$TestCase@e7631cd]" classname="com.dotcms.rendering.velocity.viewtools.content.util.ContentUtilsTest" time="4.051"/>
  <testcase name="testPullRelated[34: com.dotcms.rendering.velocity.viewtools.content.util.ContentUtilsTest$TestCase@47707128]" classname="com.dotcms.rendering.velocity.viewtools.content.util.ContentUtilsTest" time="3.988"/>
  <testcase name="testPullRelated[35: com.dotcms.rendering.velocity.viewtools.content.util.ContentUtilsTest$TestCase@7b0b9fd1]" classname="com.dotcms.rendering.velocity.viewtools.content.util.ContentUtilsTest" time="4.221"/>
  <testcase name="testPullRelated[36: com.dotcms.rendering.velocity.viewtools.content.util.ContentUtilsTest$TestCase@25e83d8c]" classname="com.dotcms.rendering.velocity.viewtools.content.util.ContentUtilsTest" time="6.087"/>
  <testcase name="testPullRelated[37: com.dotcms.rendering.velocity.viewtools.content.util.ContentUtilsTest$TestCase@1aaf88a5]" classname="com.dotcms.rendering.velocity.viewtools.content.util.ContentUtilsTest" time="5.923"/>
  <testcase name="testPullRelated[38: com.dotcms.rendering.velocity.viewtools.content.util.ContentUtilsTest$TestCase@5e1243e9]" classname="com.dotcms.rendering.velocity.viewtools.content.util.ContentUtilsTest" time="5.375"/>
  <testcase name="testPullRelated[39: com.dotcms.rendering.velocity.viewtools.content.util.ContentUtilsTest$TestCase@79c0aaed]" classname="com.dotcms.rendering.velocity.viewtools.content.util.ContentUtilsTest" time="5.762"/>
  <testcase name="testPullRelated[40: com.dotcms.rendering.velocity.viewtools.content.util.ContentUtilsTest$TestCase@1d20fc04]" classname="com.dotcms.rendering.velocity.viewtools.content.util.ContentUtilsTest" time="6.31"/>
  <testcase name="testPullRelated[41: com.dotcms.rendering.velocity.viewtools.content.util.ContentUtilsTest$TestCase@7baca5a5]" classname="com.dotcms.rendering.velocity.viewtools.content.util.ContentUtilsTest" time="5.823"/>
  <testcase name="testPullRelated[42: com.dotcms.rendering.velocity.viewtools.content.util.ContentUtilsTest$TestCase@376dbc32]" classname="com.dotcms.rendering.velocity.viewtools.content.util.ContentUtilsTest" time="6.237"/>
  <testcase name="testPullRelated[43: com.dotcms.rendering.velocity.viewtools.content.util.ContentUtilsTest$TestCase@4b86eff0]" classname="com.dotcms.rendering.velocity.viewtools.content.util.ContentUtilsTest" time="6.332"/>
  <testcase name="testPullRelated[44: com.dotcms.rendering.velocity.viewtools.content.util.ContentUtilsTest$TestCase@51dcfa58]" classname="com.dotcms.rendering.velocity.viewtools.content.util.ContentUtilsTest" time="6.218"/>
  <testcase name="testPullRelated[45: com.dotcms.rendering.velocity.viewtools.content.util.ContentUtilsTest$TestCase@4fc3ec4b]" classname="com.dotcms.rendering.velocity.viewtools.content.util.ContentUtilsTest" time="5.614"/>
  <testcase name="testPullRelated[46: com.dotcms.rendering.velocity.viewtools.content.util.ContentUtilsTest$TestCase@151545ad]" classname="com.dotcms.rendering.velocity.viewtools.content.util.ContentUtilsTest" time="5.256"/>
  <testcase name="testPullRelated[47: com.dotcms.rendering.velocity.viewtools.content.util.ContentUtilsTest$TestCase@6990d190]" classname="com.dotcms.rendering.velocity.viewtools.content.util.ContentUtilsTest" time="6.229"/>
  <testcase name="testPullRelated[48: com.dotcms.rendering.velocity.viewtools.content.util.ContentUtilsTest$TestCase@5fa8e8c0]" classname="com.dotcms.rendering.velocity.viewtools.content.util.ContentUtilsTest" time="5.855"/>
  <testcase name="testPullRelated[49: com.dotcms.rendering.velocity.viewtools.content.util.ContentUtilsTest$TestCase@f59f6ca]" classname="com.dotcms.rendering.velocity.viewtools.content.util.ContentUtilsTest" time="5.887"/>
  <testcase name="testPullRelated[50: com.dotcms.rendering.velocity.viewtools.content.util.ContentUtilsTest$TestCase@30dee2a1]" classname="com.dotcms.rendering.velocity.viewtools.content.util.ContentUtilsTest" time="5.251"/>
  <testcase name="testPullRelated[51: com.dotcms.rendering.velocity.viewtools.content.util.ContentUtilsTest$TestCase@5f2db97b]" classname="com.dotcms.rendering.velocity.viewtools.content.util.ContentUtilsTest" time="5.965"/>
  <testcase name="testPullRelated[52: com.dotcms.rendering.velocity.viewtools.content.util.ContentUtilsTest$TestCase@47dbb4b6]" classname="com.dotcms.rendering.velocity.viewtools.content.util.ContentUtilsTest" time="6.16"/>
  <testcase name="testPullRelated[53: com.dotcms.rendering.velocity.viewtools.content.util.ContentUtilsTest$TestCase@7f4f521]" classname="com.dotcms.rendering.velocity.viewtools.content.util.ContentUtilsTest" time="5.033"/>
  <testcase name="testPullRelated[54: com.dotcms.rendering.velocity.viewtools.content.util.ContentUtilsTest$TestCase@4078c494]" classname="com.dotcms.rendering.velocity.viewtools.content.util.ContentUtilsTest" time="6.361"/>
  <testcase name="testPullRelated[55: com.dotcms.rendering.velocity.viewtools.content.util.ContentUtilsTest$TestCase@72ac5b81]" classname="com.dotcms.rendering.velocity.viewtools.content.util.ContentUtilsTest" time="5.898"/>
  <testcase name="testPullRelated[56: com.dotcms.rendering.velocity.viewtools.content.util.ContentUtilsTest$TestCase@68483f66]" classname="com.dotcms.rendering.velocity.viewtools.content.util.ContentUtilsTest" time="6.264"/>
  <testcase name="testPullRelated[57: com.dotcms.rendering.velocity.viewtools.content.util.ContentUtilsTest$TestCase@483592b3]" classname="com.dotcms.rendering.velocity.viewtools.content.util.ContentUtilsTest" time="4.781"/>
  <testcase name="testPullRelated[58: com.dotcms.rendering.velocity.viewtools.content.util.ContentUtilsTest$TestCase@4e6fa345]" classname="com.dotcms.rendering.velocity.viewtools.content.util.ContentUtilsTest" time="5.047"/>
  <testcase name="testPullRelated[59: com.dotcms.rendering.velocity.viewtools.content.util.ContentUtilsTest$TestCase@5e8f895a]" classname="com.dotcms.rendering.velocity.viewtools.content.util.ContentUtilsTest" time="6.3"/>
  <testcase name="testPullRelated[60: com.dotcms.rendering.velocity.viewtools.content.util.ContentUtilsTest$TestCase@77152ee2]" classname="com.dotcms.rendering.velocity.viewtools.content.util.ContentUtilsTest" time="4.884"/>
  <testcase name="testPullRelated[61: com.dotcms.rendering.velocity.viewtools.content.util.ContentUtilsTest$TestCase@13519ab9]" classname="com.dotcms.rendering.velocity.viewtools.content.util.ContentUtilsTest" time="5.006"/>
  <testcase name="testPullRelated[62: com.dotcms.rendering.velocity.viewtools.content.util.ContentUtilsTest$TestCase@2017661d]" classname="com.dotcms.rendering.velocity.viewtools.content.util.ContentUtilsTest" time="6.342"/>
  <testcase name="testPullRelated[63: com.dotcms.rendering.velocity.viewtools.content.util.ContentUtilsTest$TestCase@270fe1c]" classname="com.dotcms.rendering.velocity.viewtools.content.util.ContentUtilsTest" time="6.182"/>
  <testcase name="testPullRelated[64: com.dotcms.rendering.velocity.viewtools.content.util.ContentUtilsTest$TestCase@5c4cb28e]" classname="com.dotcms.rendering.velocity.viewtools.content.util.ContentUtilsTest" time="5.935"/>
  <testcase name="testPullRelated[65: com.dotcms.rendering.velocity.viewtools.content.util.ContentUtilsTest$TestCase@43577fec]" classname="com.dotcms.rendering.velocity.viewtools.content.util.ContentUtilsTest" time="6.032"/>
  <testcase name="testPullRelated[66: com.dotcms.rendering.velocity.viewtools.content.util.ContentUtilsTest$TestCase@58ebde15]" classname="com.dotcms.rendering.velocity.viewtools.content.util.ContentUtilsTest" time="6.143"/>
  <testcase name="testPullRelated[67: com.dotcms.rendering.velocity.viewtools.content.util.ContentUtilsTest$TestCase@5d6e5b0a]" classname="com.dotcms.rendering.velocity.viewtools.content.util.ContentUtilsTest" time="5.999"/>
  <testcase name="testPullRelated[68: com.dotcms.rendering.velocity.viewtools.content.util.ContentUtilsTest$TestCase@640f5aeb]" classname="com.dotcms.rendering.velocity.viewtools.content.util.ContentUtilsTest" time="6.194"/>
  <testcase name="testPullRelated[69: com.dotcms.rendering.velocity.viewtools.content.util.ContentUtilsTest$TestCase@1c5fe199]" classname="com.dotcms.rendering.velocity.viewtools.content.util.ContentUtilsTest" time="5.818"/>
  <testcase name="testPullRelated[70: com.dotcms.rendering.velocity.viewtools.content.util.ContentUtilsTest$TestCase@1ac29f71]" classname="com.dotcms.rendering.velocity.viewtools.content.util.ContentUtilsTest" time="6.236"/>
  <testcase name="testPullRelated[71: com.dotcms.rendering.velocity.viewtools.content.util.ContentUtilsTest$TestCase@35db2128]" classname="com.dotcms.rendering.velocity.viewtools.content.util.ContentUtilsTest" time="5.189"/>
  <testcase name="whenPublishAndExpireDatesAreInTheFutureAndTimeMachineIsAfterBoth" classname="com.dotcms.rendering.velocity.viewtools.content.util.ContentUtilsTest" time="2.978"/>
  <testcase name="testPullRelatedForLegacyRelationship[0: com.dotcms.rendering.velocity.viewtools.content.util.ContentUtilsTest$LegacyTestCase@2b1ded7a]" classname="com.dotcms.rendering.velocity.viewtools.content.util.ContentUtilsTest" time="3.79"/>
  <testcase name="testPullRelatedForLegacyRelationship[1: com.dotcms.rendering.velocity.viewtools.content.util.ContentUtilsTest$LegacyTestCase@482d82a9]" classname="com.dotcms.rendering.velocity.viewtools.content.util.ContentUtilsTest" time="3.958"/>
  <testcase name="whenTheTimeMachineDateIsAfterTomorrowAndExpireDateIsTomorrowShouldNotReturnContent" classname="com.dotcms.rendering.velocity.viewtools.content.util.ContentUtilsTest" time="3.032"/>
  <testcase name="testPullLiveRelatedWhenLatestVersionIsWorking" classname="com.dotcms.rendering.velocity.viewtools.content.util.ContentUtilsTest" time="3.64"/>
  <testcase name="test_add_relationships_on_parent_children_related_contents" classname="com.dotcms.rendering.velocity.viewtools.content.util.ContentUtilsTest" time="1.453"/>
  <testcase name="testSortPullRelated[0: com.dotcms.rendering.velocity.viewtools.content.util.ContentUtilsTest$SortTestCase@461ab5ca]" classname="com.dotcms.rendering.velocity.viewtools.content.util.ContentUtilsTest" time="2.599"/>
  <testcase name="testSortPullRelated[1: com.dotcms.rendering.velocity.viewtools.content.util.ContentUtilsTest$SortTestCase@2aa41e40]" classname="com.dotcms.rendering.velocity.viewtools.content.util.ContentUtilsTest" time="1.745"/>
  <testcase name="testSortPullRelated[2: com.dotcms.rendering.velocity.viewtools.content.util.ContentUtilsTest$SortTestCase@6e964053]" classname="com.dotcms.rendering.velocity.viewtools.content.util.ContentUtilsTest" time="2.776"/>
  <testcase name="testSortPullRelated[3: com.dotcms.rendering.velocity.viewtools.content.util.ContentUtilsTest$SortTestCase@4a0aafe2]" classname="com.dotcms.rendering.velocity.viewtools.content.util.ContentUtilsTest" time="2.772"/>
  <testcase name="testSortPullRelated[4: com.dotcms.rendering.velocity.viewtools.content.util.ContentUtilsTest$SortTestCase@59adf78c]" classname="com.dotcms.rendering.velocity.viewtools.content.util.ContentUtilsTest" time="1.834"/>
  <testcase name="testSortPullRelated[5: com.dotcms.rendering.velocity.viewtools.content.util.ContentUtilsTest$SortTestCase@5371b4e7]" classname="com.dotcms.rendering.velocity.viewtools.content.util.ContentUtilsTest" time="1.825"/>
  <testcase name="whenTheTimeMachineDateIsAfterTomorrowAndExpireDateIsInFutureShouldReturnContent" classname="com.dotcms.rendering.velocity.viewtools.content.util.ContentUtilsTest" time="3.066"/>
  <testcase name="testPullRelatedFieldShouldRespectDefaultOrder" classname="com.dotcms.rendering.velocity.viewtools.content.util.ContentUtilsTest" time="2.491"/>
  <system-out><![CDATA[]]></system-out>
  <system-err><![CDATA[]]></system-err>
</testsuite>
