<?xml version="1.0" encoding="UTF-8"?>
<testsuite name="com.dotmarketing.portlets.structure.model.ContentletRelationshipsTest" tests="7" skipped="0" failures="0" errors="0" timestamp="2023-06-27T19:16:20" hostname="fv-az451-154" time="8.456">
  <properties/>
  <testcase name="testDoesAllowOnlyOne[0: com.dotmarketing.portlets.structure.model.ContentletRelationshipsTest$CardinalityTestCase@6894e7ef]" classname="com.dotmarketing.portlets.structure.model.ContentletRelationshipsTest" time="0.579"/>
  <testcase name="testDoesAllowOnlyOne[1: com.dotmarketing.portlets.structure.model.ContentletRelationshipsTest$CardinalityTestCase@31c2f933]" classname="com.dotmarketing.portlets.structure.model.ContentletRelationshipsTest" time="0.451"/>
  <testcase name="testDoesAllowOnlyOne[2: com.dotmarketing.portlets.structure.model.ContentletRelationshipsTest$CardinalityTestCase@64771434]" classname="com.dotmarketing.portlets.structure.model.ContentletRelationshipsTest" time="0.586"/>
  <testcase name="testGetRelationshipRecords[0: com.dotmarketing.portlets.structure.model.ContentletRelationshipsTest$TestCase@49c96d7d]" classname="com.dotmarketing.portlets.structure.model.ContentletRelationshipsTest" time="1.095"/>
  <testcase name="testGetRelationshipRecords[1: com.dotmarketing.portlets.structure.model.ContentletRelationshipsTest$TestCase@6ad4034]" classname="com.dotmarketing.portlets.structure.model.ContentletRelationshipsTest" time="2.063"/>
  <testcase name="testGetRelationshipRecords[2: com.dotmarketing.portlets.structure.model.ContentletRelationshipsTest$TestCase@20002ab3]" classname="com.dotmarketing.portlets.structure.model.ContentletRelationshipsTest" time="1.842"/>
  <testcase name="testGetRelationshipRecords[3: com.dotmarketing.portlets.structure.model.ContentletRelationshipsTest$TestCase@7c8a5c33]" classname="com.dotmarketing.portlets.structure.model.ContentletRelationshipsTest" time="1.837"/>
  <system-out><![CDATA[]]></system-out>
  <system-err><![CDATA[]]></system-err>
</testsuite>
