<?xml version="1.0" encoding="UTF-8"?>
<testsuite name="com.dotcms.rest.api.v1.vtl.VTLResourceIntegrationTest" tests="6" skipped="0" failures="0" errors="0" timestamp="2023-07-20T21:32:55" hostname="fv-az574-670" time="13.078">
  <properties/>
  <testcase name="testGet[0: com.dotcms.rest.api.v1.vtl.VTLResourceTestCase@612683e5]" classname="com.dotcms.rest.api.v1.vtl.VTLResourceIntegrationTest" time="1.957"/>
  <testcase name="testGet[1: com.dotcms.rest.api.v1.vtl.VTLResourceTestCase@203b2208]" classname="com.dotcms.rest.api.v1.vtl.VTLResourceIntegrationTest" time="2.002"/>
  <testcase name="testGet[2: com.dotcms.rest.api.v1.vtl.VTLResourceTestCase@109696ad]" classname="com.dotcms.rest.api.v1.vtl.VTLResourceIntegrationTest" time="2.329"/>
  <testcase name="testGet[3: com.dotcms.rest.api.v1.vtl.VTLResourceTestCase@1139823a]" classname="com.dotcms.rest.api.v1.vtl.VTLResourceIntegrationTest" time="2.746"/>
  <testcase name="testGet[4: com.dotcms.rest.api.v1.vtl.VTLResourceTestCase@44551253]" classname="com.dotcms.rest.api.v1.vtl.VTLResourceIntegrationTest" time="2.017"/>
  <testcase name="testGet[5: com.dotcms.rest.api.v1.vtl.VTLResourceTestCase@3d0753b3]" classname="com.dotcms.rest.api.v1.vtl.VTLResourceIntegrationTest" time="2.026"/>
  <system-out><![CDATA[]]></system-out>
  <system-err><![CDATA[]]></system-err>
</testsuite>
