<?xml version="1.0" encoding="UTF-8"?>
<testsuite name="com.dotcms.rendering.velocity.viewtools.content.util.ContentUtilsTest" tests="89" skipped="0" failures="0" errors="0" timestamp="2023-07-13T22:57:55" hostname="fv-az298-223" time="398.681">
  <properties/>
  <testcase name="whenTheTimeMachineDateIsNullAndPublishDateInFutureShouldNotReturnAnything" classname="com.dotcms.rendering.velocity.viewtools.content.util.ContentUtilsTest" time="3.304"/>
  <testcase name="test_find_multilingual_contentlet_getContentletSuccessfully" classname="com.dotcms.rendering.velocity.viewtools.content.util.ContentUtilsTest" time="1.856"/>
  <testcase name="whenTheTimeMachineDateAndPublishDateAreTomorrowShouldReturnOneContent" classname="com.dotcms.rendering.velocity.viewtools.content.util.ContentUtilsTest" time="3.555"/>
  <testcase name="testPullRelated[0: com.dotcms.rendering.velocity.viewtools.content.util.ContentUtilsTest$TestCase@5078fee3]" classname="com.dotcms.rendering.velocity.viewtools.content.util.ContentUtilsTest" time="4.417"/>
  <testcase name="testPullRelated[1: com.dotcms.rendering.velocity.viewtools.content.util.ContentUtilsTest$TestCase@5ff9f653]" classname="com.dotcms.rendering.velocity.viewtools.content.util.ContentUtilsTest" time="2.694"/>
  <testcase name="testPullRelated[2: com.dotcms.rendering.velocity.viewtools.content.util.ContentUtilsTest$TestCase@616810b6]" classname="com.dotcms.rendering.velocity.viewtools.content.util.ContentUtilsTest" time="4.32"/>
  <testcase name="testPullRelated[3: com.dotcms.rendering.velocity.viewtools.content.util.ContentUtilsTest$TestCase@c2bae95]" classname="com.dotcms.rendering.velocity.viewtools.content.util.ContentUtilsTest" time="3.947"/>
  <testcase name="testPullRelated[4: com.dotcms.rendering.velocity.viewtools.content.util.ContentUtilsTest$TestCase@1b33d615]" classname="com.dotcms.rendering.velocity.viewtools.content.util.ContentUtilsTest" time="4.145"/>
  <testcase name="testPullRelated[5: com.dotcms.rendering.velocity.viewtools.content.util.ContentUtilsTest$TestCase@b68f04e]" classname="com.dotcms.rendering.velocity.viewtools.content.util.ContentUtilsTest" time="2.925"/>
  <testcase name="testPullRelated[6: com.dotcms.rendering.velocity.viewtools.content.util.ContentUtilsTest$TestCase@2aa4bc35]" classname="com.dotcms.rendering.velocity.viewtools.content.util.ContentUtilsTest" time="4.258"/>
  <testcase name="testPullRelated[7: com.dotcms.rendering.velocity.viewtools.content.util.ContentUtilsTest$TestCase@7b2ae0f2]" classname="com.dotcms.rendering.velocity.viewtools.content.util.ContentUtilsTest" time="4.136"/>
  <testcase name="testPullRelated[8: com.dotcms.rendering.velocity.viewtools.content.util.ContentUtilsTest$TestCase@7e2c02fc]" classname="com.dotcms.rendering.velocity.viewtools.content.util.ContentUtilsTest" time="3.661"/>
  <testcase name="testPullRelated[9: com.dotcms.rendering.velocity.viewtools.content.util.ContentUtilsTest$TestCase@328a67f7]" classname="com.dotcms.rendering.velocity.viewtools.content.util.ContentUtilsTest" time="3.207"/>
  <testcase name="testPullRelated[10: com.dotcms.rendering.velocity.viewtools.content.util.ContentUtilsTest$TestCase@3dc03087]" classname="com.dotcms.rendering.velocity.viewtools.content.util.ContentUtilsTest" time="4.254"/>
  <testcase name="testPullRelated[11: com.dotcms.rendering.velocity.viewtools.content.util.ContentUtilsTest$TestCase@11416abd]" classname="com.dotcms.rendering.velocity.viewtools.content.util.ContentUtilsTest" time="4.159"/>
  <testcase name="testPullRelated[12: com.dotcms.rendering.velocity.viewtools.content.util.ContentUtilsTest$TestCase@f64a18b]" classname="com.dotcms.rendering.velocity.viewtools.content.util.ContentUtilsTest" time="2.781"/>
  <testcase name="testPullRelated[13: com.dotcms.rendering.velocity.viewtools.content.util.ContentUtilsTest$TestCase@6eb0da4f]" classname="com.dotcms.rendering.velocity.viewtools.content.util.ContentUtilsTest" time="3.054"/>
  <testcase name="testPullRelated[14: com.dotcms.rendering.velocity.viewtools.content.util.ContentUtilsTest$TestCase@52c88b16]" classname="com.dotcms.rendering.velocity.viewtools.content.util.ContentUtilsTest" time="3.971"/>
  <testcase name="testPullRelated[15: com.dotcms.rendering.velocity.viewtools.content.util.ContentUtilsTest$TestCase@48460770]" classname="com.dotcms.rendering.velocity.viewtools.content.util.ContentUtilsTest" time="4.31"/>
  <testcase name="testPullRelated[16: com.dotcms.rendering.velocity.viewtools.content.util.ContentUtilsTest$TestCase@62849f0a]" classname="com.dotcms.rendering.velocity.viewtools.content.util.ContentUtilsTest" time="2.888"/>
  <testcase name="testPullRelated[17: com.dotcms.rendering.velocity.viewtools.content.util.ContentUtilsTest$TestCase@a8e43b7]" classname="com.dotcms.rendering.velocity.viewtools.content.util.ContentUtilsTest" time="3.042"/>
  <testcase name="testPullRelated[18: com.dotcms.rendering.velocity.viewtools.content.util.ContentUtilsTest$TestCase@1c88f9cb]" classname="com.dotcms.rendering.velocity.viewtools.content.util.ContentUtilsTest" time="3.097"/>
  <testcase name="testPullRelated[19: com.dotcms.rendering.velocity.viewtools.content.util.ContentUtilsTest$TestCase@648d00ad]" classname="com.dotcms.rendering.velocity.viewtools.content.util.ContentUtilsTest" time="3.564"/>
  <testcase name="testPullRelated[20: com.dotcms.rendering.velocity.viewtools.content.util.ContentUtilsTest$TestCase@2237bff9]" classname="com.dotcms.rendering.velocity.viewtools.content.util.ContentUtilsTest" time="2.627"/>
  <testcase name="testPullRelated[21: com.dotcms.rendering.velocity.viewtools.content.util.ContentUtilsTest$TestCase@5a5cc3f3]" classname="com.dotcms.rendering.velocity.viewtools.content.util.ContentUtilsTest" time="3.901"/>
  <testcase name="testPullRelated[22: com.dotcms.rendering.velocity.viewtools.content.util.ContentUtilsTest$TestCase@1412fd2]" classname="com.dotcms.rendering.velocity.viewtools.content.util.ContentUtilsTest" time="3.266"/>
  <testcase name="testPullRelated[23: com.dotcms.rendering.velocity.viewtools.content.util.ContentUtilsTest$TestCase@dc5cf3f]" classname="com.dotcms.rendering.velocity.viewtools.content.util.ContentUtilsTest" time="3.89"/>
  <testcase name="testPullRelated[24: com.dotcms.rendering.velocity.viewtools.content.util.ContentUtilsTest$TestCase@12127109]" classname="com.dotcms.rendering.velocity.viewtools.content.util.ContentUtilsTest" time="3.139"/>
  <testcase name="testPullRelated[25: com.dotcms.rendering.velocity.viewtools.content.util.ContentUtilsTest$TestCase@2eed6be3]" classname="com.dotcms.rendering.velocity.viewtools.content.util.ContentUtilsTest" time="3.95"/>
  <testcase name="testPullRelated[26: com.dotcms.rendering.velocity.viewtools.content.util.ContentUtilsTest$TestCase@26dafe53]" classname="com.dotcms.rendering.velocity.viewtools.content.util.ContentUtilsTest" time="4.412"/>
  <testcase name="testPullRelated[27: com.dotcms.rendering.velocity.viewtools.content.util.ContentUtilsTest$TestCase@5456180]" classname="com.dotcms.rendering.velocity.viewtools.content.util.ContentUtilsTest" time="3.887"/>
  <testcase name="testPullRelated[28: com.dotcms.rendering.velocity.viewtools.content.util.ContentUtilsTest$TestCase@45ed218]" classname="com.dotcms.rendering.velocity.viewtools.content.util.ContentUtilsTest" time="2.95"/>
  <testcase name="testPullRelated[29: com.dotcms.rendering.velocity.viewtools.content.util.ContentUtilsTest$TestCase@41291303]" classname="com.dotcms.rendering.velocity.viewtools.content.util.ContentUtilsTest" time="3.953"/>
  <testcase name="testPullRelated[30: com.dotcms.rendering.velocity.viewtools.content.util.ContentUtilsTest$TestCase@30704513]" classname="com.dotcms.rendering.velocity.viewtools.content.util.ContentUtilsTest" time="4.427"/>
  <testcase name="testPullRelated[31: com.dotcms.rendering.velocity.viewtools.content.util.ContentUtilsTest$TestCase@1e977bfc]" classname="com.dotcms.rendering.velocity.viewtools.content.util.ContentUtilsTest" time="2.772"/>
  <testcase name="testPullRelated[32: com.dotcms.rendering.velocity.viewtools.content.util.ContentUtilsTest$TestCase@6caba424]" classname="com.dotcms.rendering.velocity.viewtools.content.util.ContentUtilsTest" time="4.217"/>
  <testcase name="testPullRelated[33: com.dotcms.rendering.velocity.viewtools.content.util.ContentUtilsTest$TestCase@659303b9]" classname="com.dotcms.rendering.velocity.viewtools.content.util.ContentUtilsTest" time="3.891"/>
  <testcase name="testPullRelated[34: com.dotcms.rendering.velocity.viewtools.content.util.ContentUtilsTest$TestCase@57f98ac5]" classname="com.dotcms.rendering.velocity.viewtools.content.util.ContentUtilsTest" time="4.358"/>
  <testcase name="testPullRelated[35: com.dotcms.rendering.velocity.viewtools.content.util.ContentUtilsTest$TestCase@7214535d]" classname="com.dotcms.rendering.velocity.viewtools.content.util.ContentUtilsTest" time="3.911"/>
  <testcase name="testPullRelated[36: com.dotcms.rendering.velocity.viewtools.content.util.ContentUtilsTest$TestCase@432f43bf]" classname="com.dotcms.rendering.velocity.viewtools.content.util.ContentUtilsTest" time="6.219"/>
  <testcase name="testPullRelated[37: com.dotcms.rendering.velocity.viewtools.content.util.ContentUtilsTest$TestCase@3e5c0ea8]" classname="com.dotcms.rendering.velocity.viewtools.content.util.ContentUtilsTest" time="5.992"/>
  <testcase name="testPullRelated[38: com.dotcms.rendering.velocity.viewtools.content.util.ContentUtilsTest$TestCase@25681404]" classname="com.dotcms.rendering.velocity.viewtools.content.util.ContentUtilsTest" time="6.239"/>
  <testcase name="testPullRelated[39: com.dotcms.rendering.velocity.viewtools.content.util.ContentUtilsTest$TestCase@75b6254f]" classname="com.dotcms.rendering.velocity.viewtools.content.util.ContentUtilsTest" time="6.242"/>
  <testcase name="testPullRelated[40: com.dotcms.rendering.velocity.viewtools.content.util.ContentUtilsTest$TestCase@4cbda2fd]" classname="com.dotcms.rendering.velocity.viewtools.content.util.ContentUtilsTest" time="5.879"/>
  <testcase name="testPullRelated[41: com.dotcms.rendering.velocity.viewtools.content.util.ContentUtilsTest$TestCase@12cacc8c]" classname="com.dotcms.rendering.velocity.viewtools.content.util.ContentUtilsTest" time="5.859"/>
  <testcase name="testPullRelated[42: com.dotcms.rendering.velocity.viewtools.content.util.ContentUtilsTest$TestCase@776732e5]" classname="com.dotcms.rendering.velocity.viewtools.content.util.ContentUtilsTest" time="5.68"/>
  <testcase name="testPullRelated[43: com.dotcms.rendering.velocity.viewtools.content.util.ContentUtilsTest$TestCase@333ffd1b]" classname="com.dotcms.rendering.velocity.viewtools.content.util.ContentUtilsTest" time="5.861"/>
  <testcase name="testPullRelated[44: com.dotcms.rendering.velocity.viewtools.content.util.ContentUtilsTest$TestCase@12340bcb]" classname="com.dotcms.rendering.velocity.viewtools.content.util.ContentUtilsTest" time="5.924"/>
  <testcase name="testPullRelated[45: com.dotcms.rendering.velocity.viewtools.content.util.ContentUtilsTest$TestCase@56de0bad]" classname="com.dotcms.rendering.velocity.viewtools.content.util.ContentUtilsTest" time="6.1"/>
  <testcase name="testPullRelated[46: com.dotcms.rendering.velocity.viewtools.content.util.ContentUtilsTest$TestCase@1860eb89]" classname="com.dotcms.rendering.velocity.viewtools.content.util.ContentUtilsTest" time="6.26"/>
  <testcase name="testPullRelated[47: com.dotcms.rendering.velocity.viewtools.content.util.ContentUtilsTest$TestCase@54fb1abb]" classname="com.dotcms.rendering.velocity.viewtools.content.util.ContentUtilsTest" time="5.947"/>
  <testcase name="testPullRelated[48: com.dotcms.rendering.velocity.viewtools.content.util.ContentUtilsTest$TestCase@662329bc]" classname="com.dotcms.rendering.velocity.viewtools.content.util.ContentUtilsTest" time="5.235"/>
  <testcase name="testPullRelated[49: com.dotcms.rendering.velocity.viewtools.content.util.ContentUtilsTest$TestCase@4006d5b6]" classname="com.dotcms.rendering.velocity.viewtools.content.util.ContentUtilsTest" time="5.969"/>
  <testcase name="testPullRelated[50: com.dotcms.rendering.velocity.viewtools.content.util.ContentUtilsTest$TestCase@5f25429c]" classname="com.dotcms.rendering.velocity.viewtools.content.util.ContentUtilsTest" time="5.191"/>
  <testcase name="testPullRelated[51: com.dotcms.rendering.velocity.viewtools.content.util.ContentUtilsTest$TestCase@5387a501]" classname="com.dotcms.rendering.velocity.viewtools.content.util.ContentUtilsTest" time="6.046"/>
  <testcase name="testPullRelated[52: com.dotcms.rendering.velocity.viewtools.content.util.ContentUtilsTest$TestCase@2c161804]" classname="com.dotcms.rendering.velocity.viewtools.content.util.ContentUtilsTest" time="6.179"/>
  <testcase name="testPullRelated[53: com.dotcms.rendering.velocity.viewtools.content.util.ContentUtilsTest$TestCase@5acbd355]" classname="com.dotcms.rendering.velocity.viewtools.content.util.ContentUtilsTest" time="5.966"/>
  <testcase name="testPullRelated[54: com.dotcms.rendering.velocity.viewtools.content.util.ContentUtilsTest$TestCase@2f8f4b32]" classname="com.dotcms.rendering.velocity.viewtools.content.util.ContentUtilsTest" time="6.343"/>
  <testcase name="testPullRelated[55: com.dotcms.rendering.velocity.viewtools.content.util.ContentUtilsTest$TestCase@41ce4c6f]" classname="com.dotcms.rendering.velocity.viewtools.content.util.ContentUtilsTest" time="6.022"/>
  <testcase name="testPullRelated[56: com.dotcms.rendering.velocity.viewtools.content.util.ContentUtilsTest$TestCase@5d84ba6a]" classname="com.dotcms.rendering.velocity.viewtools.content.util.ContentUtilsTest" time="5.898"/>
  <testcase name="testPullRelated[57: com.dotcms.rendering.velocity.viewtools.content.util.ContentUtilsTest$TestCase@59d19bf4]" classname="com.dotcms.rendering.velocity.viewtools.content.util.ContentUtilsTest" time="6.274"/>
  <testcase name="testPullRelated[58: com.dotcms.rendering.velocity.viewtools.content.util.ContentUtilsTest$TestCase@c529d27]" classname="com.dotcms.rendering.velocity.viewtools.content.util.ContentUtilsTest" time="5.448"/>
  <testcase name="testPullRelated[59: com.dotcms.rendering.velocity.viewtools.content.util.ContentUtilsTest$TestCase@3f4c05f6]" classname="com.dotcms.rendering.velocity.viewtools.content.util.ContentUtilsTest" time="5.788"/>
  <testcase name="testPullRelated[60: com.dotcms.rendering.velocity.viewtools.content.util.ContentUtilsTest$TestCase@4763af9f]" classname="com.dotcms.rendering.velocity.viewtools.content.util.ContentUtilsTest" time="6.247"/>
  <testcase name="testPullRelated[61: com.dotcms.rendering.velocity.viewtools.content.util.ContentUtilsTest$TestCase@12b882bc]" classname="com.dotcms.rendering.velocity.viewtools.content.util.ContentUtilsTest" time="5.954"/>
  <testcase name="testPullRelated[62: com.dotcms.rendering.velocity.viewtools.content.util.ContentUtilsTest$TestCase@a9b9e69]" classname="com.dotcms.rendering.velocity.viewtools.content.util.ContentUtilsTest" time="5.411"/>
  <testcase name="testPullRelated[63: com.dotcms.rendering.velocity.viewtools.content.util.ContentUtilsTest$TestCase@55275979]" classname="com.dotcms.rendering.velocity.viewtools.content.util.ContentUtilsTest" time="6.926"/>
  <testcase name="testPullRelated[64: com.dotcms.rendering.velocity.viewtools.content.util.ContentUtilsTest$TestCase@fe21b15]" classname="com.dotcms.rendering.velocity.viewtools.content.util.ContentUtilsTest" time="5.189"/>
  <testcase name="testPullRelated[65: com.dotcms.rendering.velocity.viewtools.content.util.ContentUtilsTest$TestCase@5999c537]" classname="com.dotcms.rendering.velocity.viewtools.content.util.ContentUtilsTest" time="5.811"/>
  <testcase name="testPullRelated[66: com.dotcms.rendering.velocity.viewtools.content.util.ContentUtilsTest$TestCase@fa770bb]" classname="com.dotcms.rendering.velocity.viewtools.content.util.ContentUtilsTest" time="6.362"/>
  <testcase name="testPullRelated[67: com.dotcms.rendering.velocity.viewtools.content.util.ContentUtilsTest$TestCase@60240ca7]" classname="com.dotcms.rendering.velocity.viewtools.content.util.ContentUtilsTest" time="5.142"/>
  <testcase name="testPullRelated[68: com.dotcms.rendering.velocity.viewtools.content.util.ContentUtilsTest$TestCase@7f818905]" classname="com.dotcms.rendering.velocity.viewtools.content.util.ContentUtilsTest" time="5.828"/>
  <testcase name="testPullRelated[69: com.dotcms.rendering.velocity.viewtools.content.util.ContentUtilsTest$TestCase@68a65bbf]" classname="com.dotcms.rendering.velocity.viewtools.content.util.ContentUtilsTest" time="6.393"/>
  <testcase name="testPullRelated[70: com.dotcms.rendering.velocity.viewtools.content.util.ContentUtilsTest$TestCase@5cb0dcb8]" classname="com.dotcms.rendering.velocity.viewtools.content.util.ContentUtilsTest" time="6.131"/>
  <testcase name="testPullRelated[71: com.dotcms.rendering.velocity.viewtools.content.util.ContentUtilsTest$TestCase@1cb1a2bd]" classname="com.dotcms.rendering.velocity.viewtools.content.util.ContentUtilsTest" time="5.747"/>
  <testcase name="whenPublishAndExpireDatesAreInTheFutureAndTimeMachineIsAfterBoth" classname="com.dotcms.rendering.velocity.viewtools.content.util.ContentUtilsTest" time="3.51"/>
  <testcase name="testPullRelatedForLegacyRelationship[0: com.dotcms.rendering.velocity.viewtools.content.util.ContentUtilsTest$LegacyTestCase@6f8bc98f]" classname="com.dotcms.rendering.velocity.viewtools.content.util.ContentUtilsTest" time="4.449"/>
  <testcase name="testPullRelatedForLegacyRelationship[1: com.dotcms.rendering.velocity.viewtools.content.util.ContentUtilsTest$LegacyTestCase@35aa0c62]" classname="com.dotcms.rendering.velocity.viewtools.content.util.ContentUtilsTest" time="4.127"/>
  <testcase name="whenTheTimeMachineDateIsAfterTomorrowAndExpireDateIsTomorrowShouldNotReturnContent" classname="com.dotcms.rendering.velocity.viewtools.content.util.ContentUtilsTest" time="3.578"/>
  <testcase name="testPullLiveRelatedWhenLatestVersionIsWorking" classname="com.dotcms.rendering.velocity.viewtools.content.util.ContentUtilsTest" time="3.344"/>
  <testcase name="test_add_relationships_on_parent_children_related_contents" classname="com.dotcms.rendering.velocity.viewtools.content.util.ContentUtilsTest" time="1.707"/>
  <testcase name="testSortPullRelated[0: com.dotcms.rendering.velocity.viewtools.content.util.ContentUtilsTest$SortTestCase@6f255373]" classname="com.dotcms.rendering.velocity.viewtools.content.util.ContentUtilsTest" time="3.029"/>
  <testcase name="testSortPullRelated[1: com.dotcms.rendering.velocity.viewtools.content.util.ContentUtilsTest$SortTestCase@7e10b060]" classname="com.dotcms.rendering.velocity.viewtools.content.util.ContentUtilsTest" time="3.203"/>
  <testcase name="testSortPullRelated[2: com.dotcms.rendering.velocity.viewtools.content.util.ContentUtilsTest$SortTestCase@4f66d99c]" classname="com.dotcms.rendering.velocity.viewtools.content.util.ContentUtilsTest" time="2.185"/>
  <testcase name="testSortPullRelated[3: com.dotcms.rendering.velocity.viewtools.content.util.ContentUtilsTest$SortTestCase@2a4a050e]" classname="com.dotcms.rendering.velocity.viewtools.content.util.ContentUtilsTest" time="2.183"/>
  <testcase name="testSortPullRelated[4: com.dotcms.rendering.velocity.viewtools.content.util.ContentUtilsTest$SortTestCase@6fb165ff]" classname="com.dotcms.rendering.velocity.viewtools.content.util.ContentUtilsTest" time="2.94"/>
  <testcase name="testSortPullRelated[5: com.dotcms.rendering.velocity.viewtools.content.util.ContentUtilsTest$SortTestCase@14595bd9]" classname="com.dotcms.rendering.velocity.viewtools.content.util.ContentUtilsTest" time="2.921"/>
  <testcase name="whenTheTimeMachineDateIsAfterTomorrowAndExpireDateIsInFutureShouldReturnContent" classname="com.dotcms.rendering.velocity.viewtools.content.util.ContentUtilsTest" time="3.521"/>
  <testcase name="testPullRelatedFieldShouldRespectDefaultOrder" classname="com.dotcms.rendering.velocity.viewtools.content.util.ContentUtilsTest" time="3.181"/>
  <system-out><![CDATA[]]></system-out>
  <system-err><![CDATA[]]></system-err>
</testsuite>
