<?xml version="1.0" encoding="UTF-8"?>
<testsuite name="com.dotmarketing.startup.runonce.Task220215MigrateDataFromInodeToFolderTest" tests="1" skipped="0" failures="0" errors="0" timestamp="2023-07-11T07:21:20" hostname="fv-az1234-201" time="0.051">
  <properties/>
  <testcase name="test_upgradeTask_success" classname="com.dotmarketing.startup.runonce.Task220215MigrateDataFromInodeToFolderTest" time="0.051"/>
  <system-out><![CDATA[]]></system-out>
  <system-err><![CDATA[]]></system-err>
</testsuite>
