<?xml version="1.0" encoding="UTF-8"?>
<testsuite name="com.dotcms.rest.api.v1.vtl.VTLResourceIntegrationTest" tests="6" skipped="0" failures="0" errors="0" timestamp="2023-06-30T22:33:55" hostname="fv-az936-969" time="12.509">
  <properties/>
  <testcase name="testGet[0: com.dotcms.rest.api.v1.vtl.VTLResourceTestCase@9704265]" classname="com.dotcms.rest.api.v1.vtl.VTLResourceIntegrationTest" time="2.56"/>
  <testcase name="testGet[1: com.dotcms.rest.api.v1.vtl.VTLResourceTestCase@1b838171]" classname="com.dotcms.rest.api.v1.vtl.VTLResourceIntegrationTest" time="1.776"/>
  <testcase name="testGet[2: com.dotcms.rest.api.v1.vtl.VTLResourceTestCase@31014ab5]" classname="com.dotcms.rest.api.v1.vtl.VTLResourceIntegrationTest" time="2.149"/>
  <testcase name="testGet[3: com.dotcms.rest.api.v1.vtl.VTLResourceTestCase@7f9cadcf]" classname="com.dotcms.rest.api.v1.vtl.VTLResourceIntegrationTest" time="1.989"/>
  <testcase name="testGet[4: com.dotcms.rest.api.v1.vtl.VTLResourceTestCase@74f4ab33]" classname="com.dotcms.rest.api.v1.vtl.VTLResourceIntegrationTest" time="1.923"/>
  <testcase name="testGet[5: com.dotcms.rest.api.v1.vtl.VTLResourceTestCase@737b24d5]" classname="com.dotcms.rest.api.v1.vtl.VTLResourceIntegrationTest" time="2.112"/>
  <system-out><![CDATA[]]></system-out>
  <system-err><![CDATA[]]></system-err>
</testsuite>
