<?xml version="1.0" encoding="UTF-8"?>
<testsuite name="com.dotcms.rest.api.v1.contenttype.FieldVariableResourceTest" tests="2" skipped="0" failures="0" errors="0" timestamp="2023-06-28T20:22:30" hostname="fv-az577-630" time="15.413">
  <properties/>
  <testcase name="testByFieldId" classname="com.dotcms.rest.api.v1.contenttype.FieldVariableResourceTest" time="7.767"/>
  <testcase name="testByFieldVar" classname="com.dotcms.rest.api.v1.contenttype.FieldVariableResourceTest" time="7.646"/>
  <system-out><![CDATA[]]></system-out>
  <system-err><![CDATA[]]></system-err>
</testsuite>
