<?xml version="1.0" encoding="UTF-8"?>
<testsuite name="com.dotcms.util.ImportUtilTest" tests="39" skipped="1" failures="0" errors="0" timestamp="2023-06-30T16:26:07" hostname="fv-az455-211" time="52.777">
  <properties/>
  <testcase name="importFile_success_when_lineContainsRelationships[0: com.dotcms.util.ImportUtilTest$RelationshipTestCase@6299b24a]" classname="com.dotcms.util.ImportUtilTest" time="3.059"/>
  <testcase name="importFile_success_when_lineContainsRelationships[1: com.dotcms.util.ImportUtilTest$RelationshipTestCase@6c8eb57]" classname="com.dotcms.util.ImportUtilTest" time="2.632"/>
  <testcase name="importFile_success_when_lineContainsRelationships[2: com.dotcms.util.ImportUtilTest$RelationshipTestCase@5e9decf7]" classname="com.dotcms.util.ImportUtilTest" time="2.632"/>
  <testcase name="importFile_success_when_lineContainsRelationships[3: com.dotcms.util.ImportUtilTest$RelationshipTestCase@22236835]" classname="com.dotcms.util.ImportUtilTest" time="2.531"/>
  <testcase name="importFile_success_when_twoLinesHaveSameUniqueKeysButDifferentLanguage[0: UniqueTitle]" classname="com.dotcms.util.ImportUtilTest" time="0.221"/>
  <testcase name="importFile_success_when_twoLinesHaveSameUniqueKeysButDifferentLanguage[1: A+ Student]" classname="com.dotcms.util.ImportUtilTest" time="0.216"/>
  <testcase name="importFile_success_when_twoLinesHaveSameUniqueKeysButDifferentLanguage[2: aaa-bbb-ccc]" classname="com.dotcms.util.ImportUtilTest" time="0.215"/>
  <testcase name="importFile_success_when_twoLinesHaveSameUniqueKeysButDifferentLanguage[3: valid - field]" classname="com.dotcms.util.ImportUtilTest" time="0.193"/>
  <testcase name="importFile_success_when_twoLinesHaveSameUniqueKeysButDifferentLanguage[4: with &quot; quotes]" classname="com.dotcms.util.ImportUtilTest" time="0.234"/>
  <testcase name="importFile_success_when_twoLinesHaveSameUniqueKeysButDifferentLanguage[5: with special characters + [ ] { } * ( ) : &amp;&amp; ! | ^ ~ ?]" classname="com.dotcms.util.ImportUtilTest" time="0.216"/>
  <testcase name="importFile_success_when_twoLinesHaveSameUniqueKeysButDifferentLanguage[6: CASEINSENSITIVE]" classname="com.dotcms.util.ImportUtilTest" time="0.301"/>
  <testcase name="importFile_success_when_twoLinesHaveSameUniqueKeysButDifferentLanguage[7: with chinese characters 好 心 面]" classname="com.dotcms.util.ImportUtilTest" time="0.281"/>
  <testcase name="importFile_success_when_twoLinesHaveDifferentUniqueNumberKeys" classname="com.dotcms.util.ImportUtilTest" time="0.256"/>
  <testcase name="importFile_success_when_lineContainsBothSidedSelfRelationship" classname="com.dotcms.util.ImportUtilTest" time="3.024"/>
  <testcase name="importFile_updateRelatedContentWithTheSameIdentifier_doesNotThrowException" classname="com.dotcms.util.ImportUtilTest" time="2.764"/>
  <testcase name="importFile_success_when_importLinesWithShortActionId" classname="com.dotcms.util.ImportUtilTest" time="2.326"/>
  <testcase name="importFile_updateRelatedContentWithEmptyColumn_shouldWipeOutRelatedContentList" classname="com.dotcms.util.ImportUtilTest" time="2.604"/>
  <testcase name="importFileWithwfActionIdAndPartialPermissionsOnActionId_success_when_importLinesWithActionsId_ExceptoOneWithCheckinMethod" classname="com.dotcms.util.ImportUtilTest" time="1.989"/>
  <testcase name="importFile_fails_when_twoLinesHaveSameUniqueKeys[0: UniqueTitle]" classname="com.dotcms.util.ImportUtilTest" time="0.234"/>
  <testcase name="importFile_fails_when_twoLinesHaveSameUniqueKeys[1: A+ Student]" classname="com.dotcms.util.ImportUtilTest" time="0.244"/>
  <testcase name="importFile_fails_when_twoLinesHaveSameUniqueKeys[2: aaa-bbb-ccc]" classname="com.dotcms.util.ImportUtilTest" time="0.232"/>
  <testcase name="importFile_fails_when_twoLinesHaveSameUniqueKeys[3: valid - field]" classname="com.dotcms.util.ImportUtilTest" time="0.262"/>
  <testcase name="importFile_fails_when_twoLinesHaveSameUniqueKeys[4: with &quot; quotes]" classname="com.dotcms.util.ImportUtilTest" time="0.237"/>
  <testcase name="importFile_fails_when_twoLinesHaveSameUniqueKeys[5: with special characters + [ ] { } * ( ) : &amp;&amp; ! | ^ ~ ?]" classname="com.dotcms.util.ImportUtilTest" time="0.237"/>
  <testcase name="importFile_fails_when_twoLinesHaveSameUniqueKeys[6: CASEINSENSITIVE]" classname="com.dotcms.util.ImportUtilTest" time="0.245"/>
  <testcase name="importFile_fails_when_twoLinesHaveSameUniqueKeys[7: with chinese characters 好 心 面]" classname="com.dotcms.util.ImportUtilTest" time="0.242"/>
  <testcase name="importFile_success_when_lineContainsLegacySelfRelatedContent" classname="com.dotcms.util.ImportUtilTest" time="1.946"/>
  <testcase name="importFileWithoutwfActionIdOrWithoutPermissionsOnActionId_success_when_importLinesWithCheckinMethod" classname="com.dotcms.util.ImportUtilTest" time="2.339"/>
  <testcase name="importFile_importBinaryFieldUsingURL_success" classname="com.dotcms.util.ImportUtilTest" time="2.252"/>
  <testcase name="importFile_importContentWithOptionalBinaryField_success" classname="com.dotcms.util.ImportUtilTest" time="1.516"/>
  <testcase name="importFile_fails_when_twoLinesHaveSameUniqueNumberKeys" classname="com.dotcms.util.ImportUtilTest" time="0.249"/>
  <testcase name="importFileWithwfActionIdAndPartialPermissionsOnActionId_success_when_importLinesWithPartialCheckinMethod" classname="com.dotcms.util.ImportUtilTest" time="0.888"/>
  <testcase name="importFile_success_when_importLinesUpdateExistingContent" classname="com.dotcms.util.ImportUtilTest" time="5.439"/>
  <testcase name="importFile_success_when_lineContainsOneSidedSelfRelationship" classname="com.dotcms.util.ImportUtilTest" time="2.449"/>
  <testcase name="importLine_shouldRetainCategoriesIfHeaderNotSent" classname="com.dotcms.util.ImportUtilTest" time="4.01"/>
  <testcase name="importFile_importBinaryFieldUsingURL_failed_URLsareNotValid" classname="com.dotcms.util.ImportUtilTest" time="0.803"/>
  <testcase name="importFile_updateRelatedContentWithoutRelationshipFieldColumn_shouldKeepRelatedContentList" classname="com.dotcms.util.ImportUtilTest" time="2.811"/>
  <testcase name="importFile_success_when_twoLinesHaveDifferentUniqueKeys" classname="com.dotcms.util.ImportUtilTest" time="0.427"/>
  <testcase name="importFile" classname="com.dotcms.util.ImportUtilTest" time="0.0">
    <skipped/>
  </testcase>
  <system-out><![CDATA[]]></system-out>
  <system-err><![CDATA[]]></system-err>
</testsuite>
