<?xml version="1.0" encoding="UTF-8"?>
<testsuite name="com.dotcms.publisher.util.DependencyModDateUtilTest" tests="48" skipped="0" failures="0" errors="0" timestamp="2023-07-05T16:45:14" hostname="fv-az487-835" time="97.182">
  <properties/>
  <testcase name="excludeByModDateContentNotPushBefore: ForcePush: com.dotcms.publisher.util.DependencyModDateUtilTest$TestCase@3080600a" classname="com.dotcms.publisher.util.DependencyModDateUtilTest" time="2.058"/>
  <testcase name="excludeByModDateContentNotPushBefore: ForcePush: com.dotcms.publisher.util.DependencyModDateUtilTest$TestCase@5954ca87" classname="com.dotcms.publisher.util.DependencyModDateUtilTest" time="2.035"/>
  <testcase name="excludeByModDateContentNotPushBefore: ForcePush: com.dotcms.publisher.util.DependencyModDateUtilTest$TestCase@2cc2c8fb" classname="com.dotcms.publisher.util.DependencyModDateUtilTest" time="2.068"/>
  <testcase name="excludeByModDateContentNotPushBefore: ForcePush: com.dotcms.publisher.util.DependencyModDateUtilTest$TestCase@40738317" classname="com.dotcms.publisher.util.DependencyModDateUtilTest" time="2.174"/>
  <testcase name="excludeByModDateContentNotPushBefore: ForcePush: com.dotcms.publisher.util.DependencyModDateUtilTest$TestCase@73c03b23" classname="com.dotcms.publisher.util.DependencyModDateUtilTest" time="1.946"/>
  <testcase name="excludeByModDateContentNotPushBefore: ForcePush: com.dotcms.publisher.util.DependencyModDateUtilTest$TestCase@c3fc72e" classname="com.dotcms.publisher.util.DependencyModDateUtilTest" time="2.032"/>
  <testcase name="excludeByModDateContentNotPushBefore: ForcePush: com.dotcms.publisher.util.DependencyModDateUtilTest$TestCase@36804342" classname="com.dotcms.publisher.util.DependencyModDateUtilTest" time="2.017"/>
  <testcase name="excludeByModDateContentNotPushBefore: ForcePush: com.dotcms.publisher.util.DependencyModDateUtilTest$TestCase@6a3705be" classname="com.dotcms.publisher.util.DependencyModDateUtilTest" time="2.054"/>
  <testcase name="excludeByModDateContentNotPushBefore: ForcePush: com.dotcms.publisher.util.DependencyModDateUtilTest$TestCase@185c32f8" classname="com.dotcms.publisher.util.DependencyModDateUtilTest" time="2.045"/>
  <testcase name="excludeByModDateContentNotPushBefore: ForcePush: com.dotcms.publisher.util.DependencyModDateUtilTest$TestCase@6a28806a" classname="com.dotcms.publisher.util.DependencyModDateUtilTest" time="2.07"/>
  <testcase name="excludeByModDateContentNotPushBefore: ForcePush: com.dotcms.publisher.util.DependencyModDateUtilTest$TestCase@5e06443e" classname="com.dotcms.publisher.util.DependencyModDateUtilTest" time="2.007"/>
  <testcase name="excludeByModDateContentNotPushBefore: ForcePush: com.dotcms.publisher.util.DependencyModDateUtilTest$TestCase@cceb0b5" classname="com.dotcms.publisher.util.DependencyModDateUtilTest" time="2.051"/>
  <testcase name="excludeByModDateContentWithPushAssetAfterModDate: ForcePush: com.dotcms.publisher.util.DependencyModDateUtilTest$TestCase@3080600a" classname="com.dotcms.publisher.util.DependencyModDateUtilTest" time="2.089"/>
  <testcase name="excludeByModDateContentWithPushAssetAfterModDate: ForcePush: com.dotcms.publisher.util.DependencyModDateUtilTest$TestCase@5954ca87" classname="com.dotcms.publisher.util.DependencyModDateUtilTest" time="1.994"/>
  <testcase name="excludeByModDateContentWithPushAssetAfterModDate: ForcePush: com.dotcms.publisher.util.DependencyModDateUtilTest$TestCase@2cc2c8fb" classname="com.dotcms.publisher.util.DependencyModDateUtilTest" time="2.045"/>
  <testcase name="excludeByModDateContentWithPushAssetAfterModDate: ForcePush: com.dotcms.publisher.util.DependencyModDateUtilTest$TestCase@40738317" classname="com.dotcms.publisher.util.DependencyModDateUtilTest" time="2.025"/>
  <testcase name="excludeByModDateContentWithPushAssetAfterModDate: ForcePush: com.dotcms.publisher.util.DependencyModDateUtilTest$TestCase@73c03b23" classname="com.dotcms.publisher.util.DependencyModDateUtilTest" time="2.076"/>
  <testcase name="excludeByModDateContentWithPushAssetAfterModDate: ForcePush: com.dotcms.publisher.util.DependencyModDateUtilTest$TestCase@c3fc72e" classname="com.dotcms.publisher.util.DependencyModDateUtilTest" time="2.022"/>
  <testcase name="excludeByModDateContentWithPushAssetAfterModDate: ForcePush: com.dotcms.publisher.util.DependencyModDateUtilTest$TestCase@36804342" classname="com.dotcms.publisher.util.DependencyModDateUtilTest" time="2.118"/>
  <testcase name="excludeByModDateContentWithPushAssetAfterModDate: ForcePush: com.dotcms.publisher.util.DependencyModDateUtilTest$TestCase@6a3705be" classname="com.dotcms.publisher.util.DependencyModDateUtilTest" time="2.011"/>
  <testcase name="excludeByModDateContentWithPushAssetAfterModDate: ForcePush: com.dotcms.publisher.util.DependencyModDateUtilTest$TestCase@185c32f8" classname="com.dotcms.publisher.util.DependencyModDateUtilTest" time="2.01"/>
  <testcase name="excludeByModDateContentWithPushAssetAfterModDate: ForcePush: com.dotcms.publisher.util.DependencyModDateUtilTest$TestCase@6a28806a" classname="com.dotcms.publisher.util.DependencyModDateUtilTest" time="2.165"/>
  <testcase name="excludeByModDateContentWithPushAssetAfterModDate: ForcePush: com.dotcms.publisher.util.DependencyModDateUtilTest$TestCase@5e06443e" classname="com.dotcms.publisher.util.DependencyModDateUtilTest" time="1.927"/>
  <testcase name="excludeByModDateContentWithPushAssetAfterModDate: ForcePush: com.dotcms.publisher.util.DependencyModDateUtilTest$TestCase@cceb0b5" classname="com.dotcms.publisher.util.DependencyModDateUtilTest" time="2.047"/>
  <testcase name="excludeByModDateContentWithPushAssetBeforeModDate: ForcePush: com.dotcms.publisher.util.DependencyModDateUtilTest$TestCase@3080600a" classname="com.dotcms.publisher.util.DependencyModDateUtilTest" time="2.033"/>
  <testcase name="excludeByModDateContentWithPushAssetBeforeModDate: ForcePush: com.dotcms.publisher.util.DependencyModDateUtilTest$TestCase@5954ca87" classname="com.dotcms.publisher.util.DependencyModDateUtilTest" time="2.094"/>
  <testcase name="excludeByModDateContentWithPushAssetBeforeModDate: ForcePush: com.dotcms.publisher.util.DependencyModDateUtilTest$TestCase@2cc2c8fb" classname="com.dotcms.publisher.util.DependencyModDateUtilTest" time="2.006"/>
  <testcase name="excludeByModDateContentWithPushAssetBeforeModDate: ForcePush: com.dotcms.publisher.util.DependencyModDateUtilTest$TestCase@40738317" classname="com.dotcms.publisher.util.DependencyModDateUtilTest" time="2.03"/>
  <testcase name="excludeByModDateContentWithPushAssetBeforeModDate: ForcePush: com.dotcms.publisher.util.DependencyModDateUtilTest$TestCase@73c03b23" classname="com.dotcms.publisher.util.DependencyModDateUtilTest" time="2.052"/>
  <testcase name="excludeByModDateContentWithPushAssetBeforeModDate: ForcePush: com.dotcms.publisher.util.DependencyModDateUtilTest$TestCase@c3fc72e" classname="com.dotcms.publisher.util.DependencyModDateUtilTest" time="2.021"/>
  <testcase name="excludeByModDateContentWithPushAssetBeforeModDate: ForcePush: com.dotcms.publisher.util.DependencyModDateUtilTest$TestCase@36804342" classname="com.dotcms.publisher.util.DependencyModDateUtilTest" time="2.115"/>
  <testcase name="excludeByModDateContentWithPushAssetBeforeModDate: ForcePush: com.dotcms.publisher.util.DependencyModDateUtilTest$TestCase@6a3705be" classname="com.dotcms.publisher.util.DependencyModDateUtilTest" time="1.997"/>
  <testcase name="excludeByModDateContentWithPushAssetBeforeModDate: ForcePush: com.dotcms.publisher.util.DependencyModDateUtilTest$TestCase@185c32f8" classname="com.dotcms.publisher.util.DependencyModDateUtilTest" time="2.083"/>
  <testcase name="excludeByModDateContentWithPushAssetBeforeModDate: ForcePush: com.dotcms.publisher.util.DependencyModDateUtilTest$TestCase@6a28806a" classname="com.dotcms.publisher.util.DependencyModDateUtilTest" time="2.017"/>
  <testcase name="excludeByModDateContentWithPushAssetBeforeModDate: ForcePush: com.dotcms.publisher.util.DependencyModDateUtilTest$TestCase@5e06443e" classname="com.dotcms.publisher.util.DependencyModDateUtilTest" time="2.052"/>
  <testcase name="excludeByModDateContentWithPushAssetBeforeModDate: ForcePush: com.dotcms.publisher.util.DependencyModDateUtilTest$TestCase@cceb0b5" classname="com.dotcms.publisher.util.DependencyModDateUtilTest" time="2.029"/>
  <testcase name="excludeByModDateContentWithTwoEnvironment: ForcePush: com.dotcms.publisher.util.DependencyModDateUtilTest$TestCase@3080600a" classname="com.dotcms.publisher.util.DependencyModDateUtilTest" time="2.044"/>
  <testcase name="excludeByModDateContentWithTwoEnvironment: ForcePush: com.dotcms.publisher.util.DependencyModDateUtilTest$TestCase@5954ca87" classname="com.dotcms.publisher.util.DependencyModDateUtilTest" time="2.054"/>
  <testcase name="excludeByModDateContentWithTwoEnvironment: ForcePush: com.dotcms.publisher.util.DependencyModDateUtilTest$TestCase@2cc2c8fb" classname="com.dotcms.publisher.util.DependencyModDateUtilTest" time="2.053"/>
  <testcase name="excludeByModDateContentWithTwoEnvironment: ForcePush: com.dotcms.publisher.util.DependencyModDateUtilTest$TestCase@40738317" classname="com.dotcms.publisher.util.DependencyModDateUtilTest" time="2.114"/>
  <testcase name="excludeByModDateContentWithTwoEnvironment: ForcePush: com.dotcms.publisher.util.DependencyModDateUtilTest$TestCase@73c03b23" classname="com.dotcms.publisher.util.DependencyModDateUtilTest" time="2.054"/>
  <testcase name="excludeByModDateContentWithTwoEnvironment: ForcePush: com.dotcms.publisher.util.DependencyModDateUtilTest$TestCase@c3fc72e" classname="com.dotcms.publisher.util.DependencyModDateUtilTest" time="1.965"/>
  <testcase name="excludeByModDateContentWithTwoEnvironment: ForcePush: com.dotcms.publisher.util.DependencyModDateUtilTest$TestCase@36804342" classname="com.dotcms.publisher.util.DependencyModDateUtilTest" time="2.106"/>
  <testcase name="excludeByModDateContentWithTwoEnvironment: ForcePush: com.dotcms.publisher.util.DependencyModDateUtilTest$TestCase@6a3705be" classname="com.dotcms.publisher.util.DependencyModDateUtilTest" time="1.086"/>
  <testcase name="excludeByModDateContentWithTwoEnvironment: ForcePush: com.dotcms.publisher.util.DependencyModDateUtilTest$TestCase@185c32f8" classname="com.dotcms.publisher.util.DependencyModDateUtilTest" time="1.934"/>
  <testcase name="excludeByModDateContentWithTwoEnvironment: ForcePush: com.dotcms.publisher.util.DependencyModDateUtilTest$TestCase@6a28806a" classname="com.dotcms.publisher.util.DependencyModDateUtilTest" time="2.073"/>
  <testcase name="excludeByModDateContentWithTwoEnvironment: ForcePush: com.dotcms.publisher.util.DependencyModDateUtilTest$TestCase@5e06443e" classname="com.dotcms.publisher.util.DependencyModDateUtilTest" time="2.024"/>
  <testcase name="excludeByModDateContentWithTwoEnvironment: ForcePush: com.dotcms.publisher.util.DependencyModDateUtilTest$TestCase@cceb0b5" classname="com.dotcms.publisher.util.DependencyModDateUtilTest" time="2.05"/>
  <system-out><![CDATA[]]></system-out>
  <system-err><![CDATA[]]></system-err>
</testsuite>
