<?xml version="1.0" encoding="UTF-8"?>
<testsuite name="com.dotmarketing.startup.runonce.Task210816DeInodeRelationshipTest" tests="1" skipped="0" failures="0" errors="0" timestamp="2023-07-11T03:49:48" hostname="fv-az407-783" time="0.315">
  <properties/>
  <testcase name="testExecuteUpgrade" classname="com.dotmarketing.startup.runonce.Task210816DeInodeRelationshipTest" time="0.315"/>
  <system-out><![CDATA[
]]></system-out>
  <system-err><![CDATA[]]></system-err>
</testsuite>
