<?xml version="1.0" encoding="UTF-8"?>
<testsuite name="com.dotcms.rest.api.v1.vtl.VTLResourceIntegrationTest" tests="6" skipped="0" failures="0" errors="0" timestamp="2023-07-11T03:02:31" hostname="fv-az407-783" time="12.035">
  <properties/>
  <testcase name="testGet[0: com.dotcms.rest.api.v1.vtl.VTLResourceTestCase@5f95c180]" classname="com.dotcms.rest.api.v1.vtl.VTLResourceIntegrationTest" time="2.294"/>
  <testcase name="testGet[1: com.dotcms.rest.api.v1.vtl.VTLResourceTestCase@591c6969]" classname="com.dotcms.rest.api.v1.vtl.VTLResourceIntegrationTest" time="1.796"/>
  <testcase name="testGet[2: com.dotcms.rest.api.v1.vtl.VTLResourceTestCase@1f2c2618]" classname="com.dotcms.rest.api.v1.vtl.VTLResourceIntegrationTest" time="2.041"/>
  <testcase name="testGet[3: com.dotcms.rest.api.v1.vtl.VTLResourceTestCase@2571b621]" classname="com.dotcms.rest.api.v1.vtl.VTLResourceIntegrationTest" time="2.085"/>
  <testcase name="testGet[4: com.dotcms.rest.api.v1.vtl.VTLResourceTestCase@5419eace]" classname="com.dotcms.rest.api.v1.vtl.VTLResourceIntegrationTest" time="1.89"/>
  <testcase name="testGet[5: com.dotcms.rest.api.v1.vtl.VTLResourceTestCase@6ef48605]" classname="com.dotcms.rest.api.v1.vtl.VTLResourceIntegrationTest" time="1.929"/>
  <system-out><![CDATA[]]></system-out>
  <system-err><![CDATA[]]></system-err>
</testsuite>
