<?xml version="1.0" encoding="UTF-8"?>
<testsuite name="com.liferay.portal.language.LanguageUtilTest" tests="15" skipped="0" failures="0" errors="0" timestamp="2023-07-14T01:49:50" hostname="fv-az493-156" time="0.064">
  <properties/>
  <testcase name="getLanguageId_null_expected_negative_lang_Test" classname="com.liferay.portal.language.LanguageUtilTest" time="0.001"/>
  <testcase name="getLanguageId_empty_expected_negative_lang_Test" classname="com.liferay.portal.language.LanguageUtilTest" time="0.0"/>
  <testcase name="getLanguageId_weirdlang_expected_negative_lang_Test" classname="com.liferay.portal.language.LanguageUtilTest" time="0.001"/>
  <testcase name="getLanguageId_valid_default_long_expected_same_lang_id_Test" classname="com.liferay.portal.language.LanguageUtilTest" time="0.001"/>
  <testcase name="test_getAllMessagesByLocale_success" classname="com.liferay.portal.language.LanguageUtilTest" time="0.031"/>
  <testcase name="getLanguageId_existing_expected_non_negative_lang_Test" classname="com.liferay.portal.language.LanguageUtilTest" time="0.011"/>
  <testcase name="test_getLanguageId_DiffLanguageLocale[0: com.liferay.portal.language.LanguageUtilTest$TestCaseLanguageLocale@4905e926]" classname="com.liferay.portal.language.LanguageUtilTest" time="0.002"/>
  <testcase name="test_getLanguageId_DiffLanguageLocale[1: com.liferay.portal.language.LanguageUtilTest$TestCaseLanguageLocale@343131d0]" classname="com.liferay.portal.language.LanguageUtilTest" time="0.002"/>
  <testcase name="test_getLanguageId_DiffLanguageLocale[2: com.liferay.portal.language.LanguageUtilTest$TestCaseLanguageLocale@4dfc4844]" classname="com.liferay.portal.language.LanguageUtilTest" time="0.001"/>
  <testcase name="test_getLanguageId_DiffLanguageLocale[3: com.liferay.portal.language.LanguageUtilTest$TestCaseLanguageLocale@4c155ca3]" classname="com.liferay.portal.language.LanguageUtilTest" time="0.001"/>
  <testcase name="test_getLanguageId_DiffLanguageLocale[4: com.liferay.portal.language.LanguageUtilTest$TestCaseLanguageLocale@2abfd0de]" classname="com.liferay.portal.language.LanguageUtilTest" time="0.001"/>
  <testcase name="test_getLanguageId_DiffLanguageLocale[5: com.liferay.portal.language.LanguageUtilTest$TestCaseLanguageLocale@173ddbe8]" classname="com.liferay.portal.language.LanguageUtilTest" time="0.001"/>
  <testcase name="test_getLanguageId_DiffLanguageLocale[6: com.liferay.portal.language.LanguageUtilTest$TestCaseLanguageLocale@382c0f23]" classname="com.liferay.portal.language.LanguageUtilTest" time="0.002"/>
  <testcase name="test_getLanguageId_DiffLanguageLocale[7: com.liferay.portal.language.LanguageUtilTest$TestCaseLanguageLocale@5ebaacc1]" classname="com.liferay.portal.language.LanguageUtilTest" time="0.004"/>
  <testcase name="getLanguageId_valid_long_expected_same_lang_id_Test" classname="com.liferay.portal.language.LanguageUtilTest" time="0.0"/>
  <system-out><![CDATA[]]></system-out>
  <system-err><![CDATA[]]></system-err>
</testsuite>
