<?xml version="1.0" encoding="UTF-8"?>
<testsuite name="com.dotmarketing.portlets.structure.model.ContentletRelationshipsTest" tests="7" skipped="0" failures="0" errors="0" timestamp="2023-07-13T21:47:25" hostname="fv-az717-983" time="7.501">
  <properties/>
  <testcase name="testDoesAllowOnlyOne[0: com.dotmarketing.portlets.structure.model.ContentletRelationshipsTest$CardinalityTestCase@57c3c0ab]" classname="com.dotmarketing.portlets.structure.model.ContentletRelationshipsTest" time="0.444"/>
  <testcase name="testDoesAllowOnlyOne[1: com.dotmarketing.portlets.structure.model.ContentletRelationshipsTest$CardinalityTestCase@724ec119]" classname="com.dotmarketing.portlets.structure.model.ContentletRelationshipsTest" time="0.414"/>
  <testcase name="testDoesAllowOnlyOne[2: com.dotmarketing.portlets.structure.model.ContentletRelationshipsTest$CardinalityTestCase@4e317b52]" classname="com.dotmarketing.portlets.structure.model.ContentletRelationshipsTest" time="0.42"/>
  <testcase name="testGetRelationshipRecords[0: com.dotmarketing.portlets.structure.model.ContentletRelationshipsTest$TestCase@6b93e4c7]" classname="com.dotmarketing.portlets.structure.model.ContentletRelationshipsTest" time="1.892"/>
  <testcase name="testGetRelationshipRecords[1: com.dotmarketing.portlets.structure.model.ContentletRelationshipsTest$TestCase@221cb786]" classname="com.dotmarketing.portlets.structure.model.ContentletRelationshipsTest" time="0.859"/>
  <testcase name="testGetRelationshipRecords[2: com.dotmarketing.portlets.structure.model.ContentletRelationshipsTest$TestCase@26defcd5]" classname="com.dotmarketing.portlets.structure.model.ContentletRelationshipsTest" time="1.711"/>
  <testcase name="testGetRelationshipRecords[3: com.dotmarketing.portlets.structure.model.ContentletRelationshipsTest$TestCase@6370e8b7]" classname="com.dotmarketing.portlets.structure.model.ContentletRelationshipsTest" time="1.761"/>
  <system-out><![CDATA[]]></system-out>
  <system-err><![CDATA[]]></system-err>
</testsuite>
