<?xml version="1.0" encoding="UTF-8"?>
<testsuite name="com.dotcms.content.elasticsearch.business.IndiciesFactoryTest" tests="2" skipped="0" failures="0" errors="0" timestamp="2023-07-17T15:36:26" hostname="fv-az338-287" time="0.014">
  <properties/>
  <testcase name="test_index_pointing_when_previously_null" classname="com.dotcms.content.elasticsearch.business.IndiciesFactoryTest" time="0.007"/>
  <testcase name="test_index_repointing_when_previously_set" classname="com.dotcms.content.elasticsearch.business.IndiciesFactoryTest" time="0.007"/>
  <system-out><![CDATA[]]></system-out>
  <system-err><![CDATA[]]></system-err>
</testsuite>
