<?xml version="1.0" encoding="UTF-8"?>
<testsuite name="com.dotcms.contenttype.test.ContentTypeResourceTest" tests="10" skipped="0" failures="0" errors="0" timestamp="2023-07-21T15:08:01" hostname="fv-az1098-922" time="18.933">
  <properties/>
  <testcase name="testJson[0: empty-widget.json]" classname="com.dotcms.contenttype.test.ContentTypeResourceTest" time="2.95"/>
  <testcase name="testJson[1: page-content-type.json]" classname="com.dotcms.contenttype.test.ContentTypeResourceTest" time="4.381"/>
  <testcase name="testJson[2: content-type-object.json]" classname="com.dotcms.contenttype.test.ContentTypeResourceTest" time="1.395"/>
  <testcase name="testJson[3: content-type-array-insert.json]" classname="com.dotcms.contenttype.test.ContentTypeResourceTest" time="2.591"/>
  <testcase name="testJson[4: persona-type-object.json]" classname="com.dotcms.contenttype.test.ContentTypeResourceTest" time="2.605"/>
  <testcase name="testJson[5: widget-type-object.json]" classname="com.dotcms.contenttype.test.ContentTypeResourceTest" time="1.71"/>
  <testcase name="testJson[6: file-asset.json]" classname="com.dotcms.contenttype.test.ContentTypeResourceTest" time="1.749"/>
  <testcase name="testJson[7: content-type-object-insert.json]" classname="com.dotcms.contenttype.test.ContentTypeResourceTest" time="1.541"/>
  <testcase name="test_setHostAndFolderAsIdentifer_with_null" classname="com.dotcms.contenttype.test.ContentTypeResourceTest" time="0.001"/>
  <testcase name="test_setHostAndFolderAsIdentifer_with_System_Host" classname="com.dotcms.contenttype.test.ContentTypeResourceTest" time="0.007"/>
  <system-out><![CDATA[]]></system-out>
  <system-err><![CDATA[]]></system-err>
</testsuite>
