<?xml version="1.0" encoding="UTF-8"?>
<testsuite name="com.dotcms.rest.elasticsearch.ESContentResourcePortletTest" tests="8" skipped="0" failures="0" errors="0" timestamp="2023-07-14T02:23:59" hostname="fv-az268-867" time="7.939">
  <properties/>
  <testcase name="test_search_includeGrandChildCategory_success" classname="com.dotcms.rest.elasticsearch.ESContentResourcePortletTest" time="1.38"/>
  <testcase name="testSearch[0: com.dotcms.rest.elasticsearch.ESContentResourcePortletTest$TestCase@5d9f15e1]" classname="com.dotcms.rest.elasticsearch.ESContentResourcePortletTest" time="0.863"/>
  <testcase name="testSearch[1: com.dotcms.rest.elasticsearch.ESContentResourcePortletTest$TestCase@308bebfc]" classname="com.dotcms.rest.elasticsearch.ESContentResourcePortletTest" time="1.371"/>
  <testcase name="testSearch[2: com.dotcms.rest.elasticsearch.ESContentResourcePortletTest$TestCase@2287d73e]" classname="com.dotcms.rest.elasticsearch.ESContentResourcePortletTest" time="0.873"/>
  <testcase name="testSearch[3: com.dotcms.rest.elasticsearch.ESContentResourcePortletTest$TestCase@6e33281d]" classname="com.dotcms.rest.elasticsearch.ESContentResourcePortletTest" time="0.348"/>
  <testcase name="testSearch[4: com.dotcms.rest.elasticsearch.ESContentResourcePortletTest$TestCase@4b261827]" classname="com.dotcms.rest.elasticsearch.ESContentResourcePortletTest" time="1.31"/>
  <testcase name="testSearch[5: com.dotcms.rest.elasticsearch.ESContentResourcePortletTest$TestCase@241ddeb4]" classname="com.dotcms.rest.elasticsearch.ESContentResourcePortletTest" time="0.882"/>
  <testcase name="testSearch[6: com.dotcms.rest.elasticsearch.ESContentResourcePortletTest$TestCase@383fc32e]" classname="com.dotcms.rest.elasticsearch.ESContentResourcePortletTest" time="0.91"/>
  <system-out><![CDATA[]]></system-out>
  <system-err><![CDATA[]]></system-err>
</testsuite>
