<?xml version="1.0" encoding="UTF-8"?>
<testsuite name="com.dotcms.integritycheckers.IntegrityUtilTest" tests="7" skipped="0" failures="0" errors="0" timestamp="2023-06-30T16:55:31" hostname="fv-az173-860" time="11.051">
  <properties/>
  <testcase name="folderWithConflicts[0: true]" classname="com.dotcms.integritycheckers.IntegrityUtilTest" time="1.752"/>
  <testcase name="folderWithConflicts[1: false]" classname="com.dotcms.integritycheckers.IntegrityUtilTest" time="1.002"/>
  <testcase name="contentTypeWithConflicts" classname="com.dotcms.integritycheckers.IntegrityUtilTest" time="0.094"/>
  <testcase name="contentFileWithConflicts" classname="com.dotcms.integritycheckers.IntegrityUtilTest" time="3.05"/>
  <testcase name="hostFileWithConflicts" classname="com.dotcms.integritycheckers.IntegrityUtilTest" time="2.063"/>
  <testcase name="roleFileWithConflicts" classname="com.dotcms.integritycheckers.IntegrityUtilTest" time="0.071"/>
  <testcase name="pageFileWithConflicts" classname="com.dotcms.integritycheckers.IntegrityUtilTest" time="3.019"/>
  <system-out><![CDATA[]]></system-out>
  <system-err><![CDATA[]]></system-err>
</testsuite>
