<?xml version="1.0" encoding="UTF-8"?>
<testsuite name="com.dotcms.rest.TagResourceIntegrationTest" tests="4" skipped="0" failures="0" errors="0" timestamp="2023-06-22T14:14:52" hostname="fv-az361-657" time="0.249">
  <properties/>
  <testcase name="testList[0: com.dotcms.rest.TagResourceTestCase@421a86de]" classname="com.dotcms.rest.TagResourceIntegrationTest" time="0.187"/>
  <testcase name="testList[1: com.dotcms.rest.TagResourceTestCase@35aa768]" classname="com.dotcms.rest.TagResourceIntegrationTest" time="0.026"/>
  <testcase name="testList[2: com.dotcms.rest.TagResourceTestCase@7185f7c2]" classname="com.dotcms.rest.TagResourceIntegrationTest" time="0.015"/>
  <testcase name="testList[3: com.dotcms.rest.TagResourceTestCase@2240565c]" classname="com.dotcms.rest.TagResourceIntegrationTest" time="0.021"/>
  <system-out><![CDATA[]]></system-out>
  <system-err><![CDATA[Jun 22, 2023 2:14:52 PM com.dotcms.repackage.org.hibernate.validator.internal.util.Version <clinit>
INFO: HV000001: Hibernate Validator 4.3.2.Final
]]></system-err>
</testsuite>
