<?xml version="1.0" encoding="UTF-8"?>
<testsuite name="com.dotmarketing.business.DeterministicIdentifierAPITest" tests="16" skipped="0" failures="0" errors="0" timestamp="2023-07-20T23:01:13" hostname="fv-az803-349" time="1.306">
  <properties/>
  <testcase name="Test_Category_Path_Seed_And_Id" classname="com.dotmarketing.business.DeterministicIdentifierAPITest" time="0.043"/>
  <testcase name="Test_Language_Deterministic_Id[0: LanguageTestCase{expectedSeed='Language:es:US', expectedHash=4913155, langCode='es', countryCode='US', country='United States'}]" classname="com.dotmarketing.business.DeterministicIdentifierAPITest" time="0.001"/>
  <testcase name="Test_Language_Deterministic_Id[1: LanguageTestCase{expectedSeed='Language:ep:', expectedHash=5292269, langCode='ep', countryCode='', country=''}]" classname="com.dotmarketing.business.DeterministicIdentifierAPITest" time="0.002"/>
  <testcase name="Test_Language_Deterministic_Id[2: LanguageTestCase{expectedSeed='Language:sg:SAG', expectedHash=4713118, langCode='sg', countryCode='SAG', country=''}]" classname="com.dotmarketing.business.DeterministicIdentifierAPITest" time="0.002"/>
  <testcase name="Test_Language_Deterministic_Id[3: LanguageTestCase{expectedSeed='Language:en:NZ', expectedHash=5382528, langCode='en', countryCode='NZ', country='New Zealand'}]" classname="com.dotmarketing.business.DeterministicIdentifierAPITest" time="0.001"/>
  <testcase name="Test_Category_None_Persisted_Category_Should_Return_Deterministic_Id" classname="com.dotmarketing.business.DeterministicIdentifierAPITest" time="0.001"/>
  <testcase name="Test_Asset_Generate_Deterministic_Id_Best_Effort[0: TestCase{versionable=my.host1689893624598.com, parent=System Host, expectedName='my.host1689893624598.com', expectedType='Host'}]" classname="com.dotmarketing.business.DeterministicIdentifierAPITest" time="0.007"/>
  <testcase name="Test_Asset_Generate_Deterministic_Id_Best_Effort[1: TestCase{versionable=com.dotmarketing.portlets.contentlet.model.Contentlet@282b86a1[map={modDate=2023-07-20 22:53:45.038, fileName=file12685520546080682726.txt, title=file12685520546080682726.txt, inode=cbc92060-206d-4b98-a2f4-60c000340a96, __IS_NEW_CONTENT__=true, disabledWYSIWYG=[], host=d1a4ca13-6fc1-4e3b-a189-ff85601e0170, stInode=33888b6f-7a8e-4069-b1b6-5c1aa9d0a48d, owner=system, identifier=af9bdb1f-b292-44a4-9095-f00cee6d059a, nullProperties=[wfExpireDate, wfPublishDate, wfActionAssign, wfActionId, wfActionComments, filterKey, whereToSend, wfNeverExpire, _path_to_move, timezoneId, iWantTo, wfPublishTime, wfExpireTime], languageId=1, fileAsset=/home/runner/work/core/custom/assets/c/b/cbc92060-206d-4b98-a2f4-60c000340a96/fileAsset/file12685520546080682726.txt, folder=e110699d-59cd-4727-bf64-c8164a539f8b, __disable_workflow__=true, sortOrder=0, modUser=system},lowIndexPriority=false,variantId=DEFAULT], parent=com.dotmarketing.portlets.folders.model.Folder@329a5515[identifier=e110699d-59cd-4727-bf64-c8164a539f8b,name=testName1689893625025,sortOrder=0,showOnMenu=false,hostId=d1a4ca13-6fc1-4e3b-a189-ff85601e0170,type=folder,title=testTitle1689893625025,filesMasks=,defaultFileType=33888b6f-7a8e-4069-b1b6-5c1aa9d0a48d,modDate=2023-07-20 22:53:45.03,owner=&lt;null&gt;,iDate=2023-07-20 22:53:45.03,inode=e110699d-59cd-4727-bf64-c8164a539f8b,path=/testName1689893625025/], expectedName='file12685520546080682726.txt', expectedType='FileAsset'}]" classname="com.dotmarketing.business.DeterministicIdentifierAPITest" time="0.005"/>
  <testcase name="Test_Asset_Generate_Deterministic_Id_Best_Effort[2: TestCase{versionable=com.dotmarketing.portlets.templates.model.Template@dbf8ff49, parent=my.host1689893624598.com, expectedName='testTitle1689893625217', expectedType='Template'}]" classname="com.dotmarketing.business.DeterministicIdentifierAPITest" time="0.003"/>
  <testcase name="Test_Asset_Generate_Deterministic_Id_Best_Effort[3: TestCase{versionable=com.dotmarketing.portlets.htmlpageasset.model.HTMLPageAsset@42f39d64[map={template=bed620b5-35e9-4f7c-a8eb-1486e2f391cd, owner=system, identifier=cc175562-fd2e-4887-81a9-1b2082338e9c, nullProperties=[wfExpireDate, wfPublishDate, wfActionAssign, wfActionId, wfActionComments, filterKey, whereToSend, wfNeverExpire, _path_to_move, timezoneId, iWantTo, wfPublishTime, wfExpireTime], modDate=2023-07-20 22:53:45.241, cachettl=0, _is_test_mode=true, languageId=1, title=test-page-title-1689893625236, httpsreq=, url=test-page-url-1689893625236, showOnMenu=, inode=3e1abf99-167d-4b39-9ff7-c983d5bd7bcf, folder=e110699d-59cd-4727-bf64-c8164a539f8b, disabledWYSIWYG=[], sortOrder=1, modUser=system, host=d1a4ca13-6fc1-4e3b-a189-ff85601e0170, stInode=c541abb1-69b3-4bc5-8430-5e09e5239cc8, friendlyName=test-page-friendly-name-1689893625236},lowIndexPriority=false,variantId=DEFAULT], parent=com.dotmarketing.portlets.folders.model.Folder@329a5515[identifier=e110699d-59cd-4727-bf64-c8164a539f8b,name=testName1689893625025,sortOrder=0,showOnMenu=false,hostId=d1a4ca13-6fc1-4e3b-a189-ff85601e0170,type=folder,title=testTitle1689893625025,filesMasks=,defaultFileType=33888b6f-7a8e-4069-b1b6-5c1aa9d0a48d,modDate=2023-07-20 22:53:45.03,owner=&lt;null&gt;,iDate=2023-07-20 22:53:45.03,inode=e110699d-59cd-4727-bf64-c8164a539f8b,path=/testName1689893625025/], expectedName='test-page-url-1689893625236', expectedType='htmlpageasset'}]" classname="com.dotmarketing.business.DeterministicIdentifierAPITest" time="0.003"/>
  <testcase name="Test_Asset_Generate_Deterministic_Id_Best_Effort[4: TestCase{versionable=com.dotmarketing.portlets.contentlet.model.Contentlet@72a753db[map={fileAsset2=/home/runner/work/core/custom/assets/8/e/8ecdb8f9-f36b-47b0-94f8-aa1f6f3db2f2/fileAsset2/test_binary1689893627047.png, modDate=2023-07-20 22:53:47.056, fileAsset1=/home/runner/work/core/custom/assets/8/e/8ecdb8f9-f36b-47b0-94f8-aa1f6f3db2f2/fileAsset1/test_binary1689893627047.jpg, title=blah, inode=8ecdb8f9-f36b-47b0-94f8-aa1f6f3db2f2, __IS_NEW_CONTENT__=true, disabledWYSIWYG=[], host=48190c8c-42c4-46af-8d1a-0cd5db894797, stInode=a4030894-1f5f-42bf-b5e9-c2ce173bc63c, owner=system, identifier=a93a6313-a4fe-499a-8f5d-d598c5425ffd, nullProperties=[], languageId=1, image1=e2c08ea2-7099-4349-8cc2-cd69ad83cdd0, folder=SYSTEM_FOLDER, __disable_workflow__=true, sortOrder=0, modUser=system},lowIndexPriority=false,variantId=DEFAULT], parent=demo.dotcms.com, expectedName='test_binary1689893627047.jpg:test_binary1689893627047.png', expectedType='MultipleBinaries1689893625420'}]" classname="com.dotmarketing.business.DeterministicIdentifierAPITest" time="0.004"/>
  <testcase name="Test_Asset_Generate_Deterministic_Id_Best_Effort[5: TestCase{versionable=namec98cc6d2e4 : keyTagc98cc6d2e4, parent=my.host1689893624598.com, expectedName='keyTagc98cc6d2e4', expectedType='persona'}]" classname="com.dotmarketing.business.DeterministicIdentifierAPITest" time="0.004"/>
  <testcase name="Test_Similar_Content_Type_Wont_Clash" classname="com.dotmarketing.business.DeterministicIdentifierAPITest" time="0.688"/>
  <testcase name="Test_Generate_Folder_Identifier" classname="com.dotmarketing.business.DeterministicIdentifierAPITest" time="0.521"/>
  <testcase name="Test_Generate_Content_Type_Identifier[0: ContentTypeTestCase{contentType=KeyValueContentType{name=Language Variable, id=f4d7c1b8-2c88-4071-abf1-a5328977b07d, description=Default Content Type for Language Variables, defaultType=false, fixed=true, iDate=Thu Aug 31 16:38:49 UTC 2017, system=true, versionable=true, variable=Languagevariable, modDate=Thu Jul 20 21:34:44 UTC 2023, host=SYSTEM_HOST, siteName=systemHost, icon=language, sortOrder=0, folder=SYSTEM_FOLDER, folderPath=/, markedForDeletion=true, multilingualable=false}, expectedName='Languagevariable', expectedType='KeyValue'}]" classname="com.dotmarketing.business.DeterministicIdentifierAPITest" time="0.006"/>
  <testcase name="Test_Generate_Content_Type_Identifier[1: ContentTypeTestCase{contentType=SimpleContentType{name=testName1689893627700, id=ff1daa9d-1c1d-40c2-9818-36ac56c3156d, description=testDescription1689893627700, defaultType=false, fixed=false, iDate=Thu Jul 20 22:53:47 UTC 2023, system=false, versionable=true, multilingualable=false, variable=testVarname1689893627700, owner=system, modDate=Thu Jul 20 22:53:48 UTC 2023, host=48190c8c-42c4-46af-8d1a-0cd5db894797, siteName=demo.dotcms.com, icon=event_note, sortOrder=0, folder=SYSTEM_FOLDER, folderPath=/, requiredFields=[], markedForDeletion=false}, expectedName='testVarname1689893627700', expectedType='CONTENT'}]" classname="com.dotmarketing.business.DeterministicIdentifierAPITest" time="0.006"/>
  <system-out><![CDATA[]]></system-out>
  <system-err><![CDATA[]]></system-err>
</testsuite>
