<?xml version="1.0" encoding="UTF-8"?>
<testsuite name="com.dotcms.rest.elasticsearch.ESContentResourcePortletTest" tests="8" skipped="0" failures="0" errors="0" timestamp="2023-07-11T21:08:24" hostname="fv-az203-15" time="8.664">
  <properties/>
  <testcase name="test_search_includeGrandChildCategory_success" classname="com.dotcms.rest.elasticsearch.ESContentResourcePortletTest" time="1.355"/>
  <testcase name="testSearch[0: com.dotcms.rest.elasticsearch.ESContentResourcePortletTest$TestCase@1347972]" classname="com.dotcms.rest.elasticsearch.ESContentResourcePortletTest" time="0.886"/>
  <testcase name="testSearch[1: com.dotcms.rest.elasticsearch.ESContentResourcePortletTest$TestCase@95d5000]" classname="com.dotcms.rest.elasticsearch.ESContentResourcePortletTest" time="1.262"/>
  <testcase name="testSearch[2: com.dotcms.rest.elasticsearch.ESContentResourcePortletTest$TestCase@54c94153]" classname="com.dotcms.rest.elasticsearch.ESContentResourcePortletTest" time="0.92"/>
  <testcase name="testSearch[3: com.dotcms.rest.elasticsearch.ESContentResourcePortletTest$TestCase@76e01abf]" classname="com.dotcms.rest.elasticsearch.ESContentResourcePortletTest" time="1.242"/>
  <testcase name="testSearch[4: com.dotcms.rest.elasticsearch.ESContentResourcePortletTest$TestCase@54bd12f8]" classname="com.dotcms.rest.elasticsearch.ESContentResourcePortletTest" time="1.262"/>
  <testcase name="testSearch[5: com.dotcms.rest.elasticsearch.ESContentResourcePortletTest$TestCase@3783953f]" classname="com.dotcms.rest.elasticsearch.ESContentResourcePortletTest" time="0.847"/>
  <testcase name="testSearch[6: com.dotcms.rest.elasticsearch.ESContentResourcePortletTest$TestCase@295e9945]" classname="com.dotcms.rest.elasticsearch.ESContentResourcePortletTest" time="0.884"/>
  <system-out><![CDATA[]]></system-out>
  <system-err><![CDATA[]]></system-err>
</testsuite>
