<?xml version="1.0" encoding="UTF-8"?>
<testsuite name="com.dotcms.rest.api.v1.workflow.WorkflowResourceResponseCodeIntegrationTest" tests="33" skipped="0" failures="0" errors="0" timestamp="2023-07-11T03:05:27" hostname="fv-az407-783" time="0.267">
  <properties/>
  <testcase name="Update_Step_Invalid_Step_Expect_404" classname="com.dotcms.rest.api.v1.workflow.WorkflowResourceResponseCodeIntegrationTest" time="0.031"/>
  <testcase name="Find_Steps_Null_Content_Type" classname="com.dotcms.rest.api.v1.workflow.WorkflowResourceResponseCodeIntegrationTest" time="0.007"/>
  <testcase name="Update_Action_Invalid_Scheme" classname="com.dotcms.rest.api.v1.workflow.WorkflowResourceResponseCodeIntegrationTest" time="0.028"/>
  <testcase name="Find_Actions_By_Scheme_Invalid_Scheme" classname="com.dotcms.rest.api.v1.workflow.WorkflowResourceResponseCodeIntegrationTest" time="0.001"/>
  <testcase name="Save_Workflow_Scheme_Invalid_Ids" classname="com.dotcms.rest.api.v1.workflow.WorkflowResourceResponseCodeIntegrationTest" time="0.017"/>
  <testcase name="Save_Actions_to_Step_Invalid_Scheme" classname="com.dotcms.rest.api.v1.workflow.WorkflowResourceResponseCodeIntegrationTest" time="0.02"/>
  <testcase name="Find_Available_Actions_Invalid_Input" classname="com.dotcms.rest.api.v1.workflow.WorkflowResourceResponseCodeIntegrationTest" time="0.002"/>
  <testcase name="Delete_Action_Invalid_Step_Id" classname="com.dotcms.rest.api.v1.workflow.WorkflowResourceResponseCodeIntegrationTest" time="0.002"/>
  <testcase name="Find_Available_Actions" classname="com.dotcms.rest.api.v1.workflow.WorkflowResourceResponseCodeIntegrationTest" time="0.003"/>
  <testcase name="Find_Actions" classname="com.dotcms.rest.api.v1.workflow.WorkflowResourceResponseCodeIntegrationTest" time="0.032"/>
  <testcase name="Reorder_Action_Invalid_Id" classname="com.dotcms.rest.api.v1.workflow.WorkflowResourceResponseCodeIntegrationTest" time="0.016"/>
  <testcase name="Find_Scheme_Null_Content_Type" classname="com.dotcms.rest.api.v1.workflow.WorkflowResourceResponseCodeIntegrationTest" time="0.001"/>
  <testcase name="Save_Action_Invalid_Ids_Expect_404" classname="com.dotcms.rest.api.v1.workflow.WorkflowResourceResponseCodeIntegrationTest" time="0.002"/>
  <testcase name="Find_Actions_NonExisting" classname="com.dotcms.rest.api.v1.workflow.WorkflowResourceResponseCodeIntegrationTest" time="0.001"/>
  <testcase name="Find_Actions_By_Step" classname="com.dotcms.rest.api.v1.workflow.WorkflowResourceResponseCodeIntegrationTest" time="0.032"/>
  <testcase name="Find_Available_Default_Actions_Invalid_Input" classname="com.dotcms.rest.api.v1.workflow.WorkflowResourceResponseCodeIntegrationTest" time="0.001"/>
  <testcase name="Find_Scheme_Invalid_Content_Type" classname="com.dotcms.rest.api.v1.workflow.WorkflowResourceResponseCodeIntegrationTest" time="0.002"/>
  <testcase name="Find_Actions_Null_Input" classname="com.dotcms.rest.api.v1.workflow.WorkflowResourceResponseCodeIntegrationTest" time="0.0"/>
  <testcase name="Find_Actions_By_Scheme_Invalid_SchemeId" classname="com.dotcms.rest.api.v1.workflow.WorkflowResourceResponseCodeIntegrationTest" time="0.001"/>
  <testcase name="Find_Actions_By_Step_NonExisting_Step_Nor_Action" classname="com.dotcms.rest.api.v1.workflow.WorkflowResourceResponseCodeIntegrationTest" time="0.001"/>
  <testcase name="Add_Step_Invalid_Step_Expect_404" classname="com.dotcms.rest.api.v1.workflow.WorkflowResourceResponseCodeIntegrationTest" time="0.002"/>
  <testcase name="Delete_Action_Null_Id" classname="com.dotcms.rest.api.v1.workflow.WorkflowResourceResponseCodeIntegrationTest" time="0.001"/>
  <testcase name="Reorder_Step_Invalid_Id" classname="com.dotcms.rest.api.v1.workflow.WorkflowResourceResponseCodeIntegrationTest" time="0.003"/>
  <testcase name="Find_All_Schemes_Invalid_Content_Type" classname="com.dotcms.rest.api.v1.workflow.WorkflowResourceResponseCodeIntegrationTest" time="0.002"/>
  <testcase name="Save_Action_to_Step_Invalid_Id" classname="com.dotcms.rest.api.v1.workflow.WorkflowResourceResponseCodeIntegrationTest" time="0.001"/>
  <testcase name="Find_Steps_By_Scheme" classname="com.dotcms.rest.api.v1.workflow.WorkflowResourceResponseCodeIntegrationTest" time="0.001"/>
  <testcase name="Test_Update_Action_Expect404" classname="com.dotcms.rest.api.v1.workflow.WorkflowResourceResponseCodeIntegrationTest" time="0.013"/>
  <testcase name="Find_Actions_By_Step_NonExisting_Action" classname="com.dotcms.rest.api.v1.workflow.WorkflowResourceResponseCodeIntegrationTest" time="0.005"/>
  <testcase name="Delete_Step_Invalid_Id" classname="com.dotcms.rest.api.v1.workflow.WorkflowResourceResponseCodeIntegrationTest" time="0.003"/>
  <testcase name="Find_Actions_By_Step_NonExisting_Step" classname="com.dotcms.rest.api.v1.workflow.WorkflowResourceResponseCodeIntegrationTest" time="0.022"/>
  <testcase name="Find_Steps_By_Scheme_Null" classname="com.dotcms.rest.api.v1.workflow.WorkflowResourceResponseCodeIntegrationTest" time="0.0"/>
  <testcase name="Find_All_Schemes_Null_Content_Type" classname="com.dotcms.rest.api.v1.workflow.WorkflowResourceResponseCodeIntegrationTest" time="0.002"/>
  <testcase name="Find_Actions_By_Step_Invalid_Input_Expect_BadRequest" classname="com.dotcms.rest.api.v1.workflow.WorkflowResourceResponseCodeIntegrationTest" time="0.001"/>
  <system-out><![CDATA[]]></system-out>
  <system-err><![CDATA[]]></system-err>
</testsuite>
