<?xml version="1.0" encoding="UTF-8"?>
<testsuite name="com.dotmarketing.business.DeterministicIdentifierAPITest" tests="16" skipped="0" failures="0" errors="0" timestamp="2023-06-27T16:44:33" hostname="fv-az343-524" time="1.795">
  <properties/>
  <testcase name="Test_Category_Path_Seed_And_Id" classname="com.dotmarketing.business.DeterministicIdentifierAPITest" time="0.03"/>
  <testcase name="Test_Language_Deterministic_Id[0: LanguageTestCase{expectedSeed='Language:es:US', expectedHash=4913155, langCode='es', countryCode='US', country='United States'}]" classname="com.dotmarketing.business.DeterministicIdentifierAPITest" time="0.002"/>
  <testcase name="Test_Language_Deterministic_Id[1: LanguageTestCase{expectedSeed='Language:ep:', expectedHash=5292269, langCode='ep', countryCode='', country=''}]" classname="com.dotmarketing.business.DeterministicIdentifierAPITest" time="0.002"/>
  <testcase name="Test_Language_Deterministic_Id[2: LanguageTestCase{expectedSeed='Language:sg:SAG', expectedHash=4713118, langCode='sg', countryCode='SAG', country=''}]" classname="com.dotmarketing.business.DeterministicIdentifierAPITest" time="0.002"/>
  <testcase name="Test_Language_Deterministic_Id[3: LanguageTestCase{expectedSeed='Language:en:NZ', expectedHash=5382528, langCode='en', countryCode='NZ', country='New Zealand'}]" classname="com.dotmarketing.business.DeterministicIdentifierAPITest" time="0.002"/>
  <testcase name="Test_Category_None_Persisted_Category_Should_Return_Deterministic_Id" classname="com.dotmarketing.business.DeterministicIdentifierAPITest" time="0.002"/>
  <testcase name="Test_Asset_Generate_Deterministic_Id_Best_Effort[0: TestCase{versionable=my.host1687883848180.com, parent=System Host, expectedName='my.host1687883848180.com', expectedType='Host'}]" classname="com.dotmarketing.business.DeterministicIdentifierAPITest" time="0.005"/>
  <testcase name="Test_Asset_Generate_Deterministic_Id_Best_Effort[1: TestCase{versionable=com.dotmarketing.portlets.contentlet.model.Contentlet@67601644[map={modDate=2023-06-27 16:37:28.619, fileName=file11093713850256704796.txt, title=file11093713850256704796.txt, inode=ef967707-3c80-4cc6-9406-967bc4585f9a, __IS_NEW_CONTENT__=true, disabledWYSIWYG=[], host=2fad516b-729c-49ca-bee5-73291cf9dad9, stInode=33888b6f-7a8e-4069-b1b6-5c1aa9d0a48d, owner=system, identifier=b4941bd4-4b8a-4aa2-ad5f-c9d17e242879, nullProperties=[wfExpireDate, wfPublishDate, wfActionAssign, wfActionId, wfActionComments, filterKey, whereToSend, wfNeverExpire, _path_to_move, timezoneId, iWantTo, wfPublishTime, wfExpireTime], languageId=1, fileAsset=/home/runner/work/core/custom/assets/e/f/ef967707-3c80-4cc6-9406-967bc4585f9a/fileAsset/file11093713850256704796.txt, folder=da8f916b-a3aa-44bd-8a44-675407e79130, __disable_workflow__=true, sortOrder=0, modUser=system},lowIndexPriority=false,variantId=DEFAULT], parent=com.dotmarketing.portlets.folders.model.Folder@475f377f[identifier=da8f916b-a3aa-44bd-8a44-675407e79130,name=testName1687883848607,sortOrder=0,showOnMenu=false,hostId=2fad516b-729c-49ca-bee5-73291cf9dad9,type=folder,title=testTitle1687883848607,filesMasks=,defaultFileType=33888b6f-7a8e-4069-b1b6-5c1aa9d0a48d,modDate=2023-06-27 16:37:28.611,owner=&lt;null&gt;,iDate=2023-06-27 16:37:28.611,inode=da8f916b-a3aa-44bd-8a44-675407e79130,path=/testName1687883848607/], expectedName='file11093713850256704796.txt', expectedType='FileAsset'}]" classname="com.dotmarketing.business.DeterministicIdentifierAPITest" time="0.004"/>
  <testcase name="Test_Asset_Generate_Deterministic_Id_Best_Effort[2: TestCase{versionable=com.dotmarketing.portlets.templates.model.Template@8d4421f1, parent=my.host1687883848180.com, expectedName='testTitle1687883848748', expectedType='Template'}]" classname="com.dotmarketing.business.DeterministicIdentifierAPITest" time="0.003"/>
  <testcase name="Test_Asset_Generate_Deterministic_Id_Best_Effort[3: TestCase{versionable=com.dotmarketing.portlets.htmlpageasset.model.HTMLPageAsset@6a42c990[map={template=6945dd0d-6aa8-4748-9a0d-b534ae47216c, owner=system, identifier=b1511068-cbbb-489b-bd53-64c6b79de4b3, nullProperties=[wfExpireDate, wfPublishDate, wfActionAssign, wfActionId, wfActionComments, filterKey, whereToSend, wfNeverExpire, _path_to_move, timezoneId, iWantTo, wfPublishTime, wfExpireTime], modDate=2023-06-27 16:37:28.774, cachettl=0, _is_test_mode=true, languageId=1, title=test-page-title-1687883848768, httpsreq=, url=test-page-url-1687883848768, showOnMenu=, inode=4a46fd51-8198-4caf-8542-4f2dc5a3bd31, folder=da8f916b-a3aa-44bd-8a44-675407e79130, disabledWYSIWYG=[], sortOrder=1, modUser=system, host=2fad516b-729c-49ca-bee5-73291cf9dad9, stInode=c541abb1-69b3-4bc5-8430-5e09e5239cc8, friendlyName=test-page-friendly-name-1687883848768},lowIndexPriority=false,variantId=DEFAULT], parent=com.dotmarketing.portlets.folders.model.Folder@475f377f[identifier=da8f916b-a3aa-44bd-8a44-675407e79130,name=testName1687883848607,sortOrder=0,showOnMenu=false,hostId=2fad516b-729c-49ca-bee5-73291cf9dad9,type=folder,title=testTitle1687883848607,filesMasks=,defaultFileType=33888b6f-7a8e-4069-b1b6-5c1aa9d0a48d,modDate=2023-06-27 16:37:28.611,owner=&lt;null&gt;,iDate=2023-06-27 16:37:28.611,inode=da8f916b-a3aa-44bd-8a44-675407e79130,path=/testName1687883848607/], expectedName='test-page-url-1687883848768', expectedType='htmlpageasset'}]" classname="com.dotmarketing.business.DeterministicIdentifierAPITest" time="0.005"/>
  <testcase name="Test_Asset_Generate_Deterministic_Id_Best_Effort[4: TestCase{versionable=com.dotmarketing.portlets.contentlet.model.Contentlet@18bf34e9[map={fileAsset2=/home/runner/work/core/custom/assets/0/f/0f145c39-41da-4824-8db9-8a328fb72733/fileAsset2/test_binary1687883850649.png, modDate=2023-06-27 16:37:30.656, fileAsset1=/home/runner/work/core/custom/assets/0/f/0f145c39-41da-4824-8db9-8a328fb72733/fileAsset1/test_binary1687883850649.jpg, title=blah, inode=0f145c39-41da-4824-8db9-8a328fb72733, __IS_NEW_CONTENT__=true, disabledWYSIWYG=[], host=48190c8c-42c4-46af-8d1a-0cd5db894797, stInode=bbe93bc5-e5d9-494e-abee-6a2945f68a14, owner=system, identifier=24110e43-b7a9-46d4-8f8b-3ab59a12a170, nullProperties=[], languageId=1, image1=0e1c9eab-56f7-465f-850b-101dd921b9a0, folder=SYSTEM_FOLDER, __disable_workflow__=true, sortOrder=0, modUser=system},lowIndexPriority=false,variantId=DEFAULT], parent=demo.dotcms.com, expectedName='test_binary1687883850649.jpg:test_binary1687883850649.png', expectedType='MultipleBinaries1687883849054'}]" classname="com.dotmarketing.business.DeterministicIdentifierAPITest" time="0.004"/>
  <testcase name="Test_Asset_Generate_Deterministic_Id_Best_Effort[5: TestCase{versionable=name9bd4c47785 : keyTag9bd4c47785, parent=my.host1687883848180.com, expectedName='keyTag9bd4c47785', expectedType='persona'}]" classname="com.dotmarketing.business.DeterministicIdentifierAPITest" time="0.004"/>
  <testcase name="Test_Similar_Content_Type_Wont_Clash" classname="com.dotmarketing.business.DeterministicIdentifierAPITest" time="0.607"/>
  <testcase name="Test_Generate_Folder_Identifier" classname="com.dotmarketing.business.DeterministicIdentifierAPITest" time="1.104"/>
  <testcase name="Test_Generate_Content_Type_Identifier[0: ContentTypeTestCase{contentType=KeyValueContentType{name=Language Variable, id=f4d7c1b8-2c88-4071-abf1-a5328977b07d, description=Default Content Type for Language Variables, defaultType=false, fixed=true, iDate=Thu Aug 31 16:38:49 UTC 2017, system=true, versionable=true, variable=Languagevariable, modDate=Tue Jun 27 15:23:07 UTC 2023, host=SYSTEM_HOST, siteName=systemHost, icon=language, sortOrder=0, folder=SYSTEM_FOLDER, folderPath=/, markedForDeletion=true, multilingualable=false}, expectedName='Languagevariable', expectedType='KeyValue'}]" classname="com.dotmarketing.business.DeterministicIdentifierAPITest" time="0.007"/>
  <testcase name="Test_Generate_Content_Type_Identifier[1: ContentTypeTestCase{contentType=SimpleContentType{name=testName1687883851282, id=cbec2022-2b83-44c7-92c4-016e630fdd69, description=testDescription1687883851282, defaultType=false, fixed=false, iDate=Tue Jun 27 16:37:31 UTC 2023, system=false, versionable=true, multilingualable=false, variable=testVarname1687883851282, owner=system, modDate=Tue Jun 27 16:37:32 UTC 2023, host=48190c8c-42c4-46af-8d1a-0cd5db894797, siteName=demo.dotcms.com, icon=event_note, sortOrder=0, folder=SYSTEM_FOLDER, folderPath=/, requiredFields=[], markedForDeletion=false}, expectedName='testVarname1687883851282', expectedType='CONTENT'}]" classname="com.dotmarketing.business.DeterministicIdentifierAPITest" time="0.007"/>
  <system-out><![CDATA[]]></system-out>
  <system-err><![CDATA[]]></system-err>
</testsuite>
