<?xml version="1.0" encoding="UTF-8"?>
<testsuite name="com.dotmarketing.portlets.links.factories.LinkFactoryTest" tests="1" skipped="0" failures="0" errors="0" timestamp="2023-07-10T23:19:33" hostname="fv-az620-40" time="2.448">
  <properties/>
  <testcase name="testGetLinkChildrenByCondition" classname="com.dotmarketing.portlets.links.factories.LinkFactoryTest" time="2.448"/>
  <system-out><![CDATA[]]></system-out>
  <system-err><![CDATA[]]></system-err>
</testsuite>
