<?xml version="1.0" encoding="UTF-8"?>
<testsuite name="com.dotcms.rest.api.v1.vtl.VTLResourceIntegrationTest" tests="6" skipped="0" failures="0" errors="0" timestamp="2023-06-28T22:50:11" hostname="fv-az446-868" time="11.239">
  <properties/>
  <testcase name="testGet[0: com.dotcms.rest.api.v1.vtl.VTLResourceTestCase@7be010b6]" classname="com.dotcms.rest.api.v1.vtl.VTLResourceIntegrationTest" time="2.209"/>
  <testcase name="testGet[1: com.dotcms.rest.api.v1.vtl.VTLResourceTestCase@4273fa09]" classname="com.dotcms.rest.api.v1.vtl.VTLResourceIntegrationTest" time="1.8"/>
  <testcase name="testGet[2: com.dotcms.rest.api.v1.vtl.VTLResourceTestCase@1a9b7e04]" classname="com.dotcms.rest.api.v1.vtl.VTLResourceIntegrationTest" time="2.084"/>
  <testcase name="testGet[3: com.dotcms.rest.api.v1.vtl.VTLResourceTestCase@4a702d0d]" classname="com.dotcms.rest.api.v1.vtl.VTLResourceIntegrationTest" time="0.834"/>
  <testcase name="testGet[4: com.dotcms.rest.api.v1.vtl.VTLResourceTestCase@31eee155]" classname="com.dotcms.rest.api.v1.vtl.VTLResourceIntegrationTest" time="2.11"/>
  <testcase name="testGet[5: com.dotcms.rest.api.v1.vtl.VTLResourceTestCase@6c90e6d3]" classname="com.dotcms.rest.api.v1.vtl.VTLResourceIntegrationTest" time="2.201"/>
  <system-out><![CDATA[]]></system-out>
  <system-err><![CDATA[]]></system-err>
</testsuite>
