<?xml version="1.0" encoding="UTF-8"?>
<testsuite name="com.dotmarketing.startup.runonce.Task210901UpdateDateTimezonesTest" tests="3" skipped="0" failures="0" errors="0" timestamp="2023-06-30T20:13:54" hostname="fv-az360-832" time="4.145">
  <properties/>
  <testcase name="test_timezone_offset" classname="com.dotmarketing.startup.runonce.Task210901UpdateDateTimezonesTest" time="0.004"/>
  <testcase name="test" classname="com.dotmarketing.startup.runonce.Task210901UpdateDateTimezonesTest" time="4.136"/>
  <testcase name="test_timezones_have_been_added" classname="com.dotmarketing.startup.runonce.Task210901UpdateDateTimezonesTest" time="0.004"/>
  <system-out><![CDATA[]]></system-out>
  <system-err><![CDATA[]]></system-err>
</testsuite>
