<?xml version="1.0" encoding="UTF-8"?>
<testsuite name="com.dotcms.security.apps.SecretsStoreKeyStoreImplTest" tests="11" skipped="0" failures="0" errors="0" timestamp="2023-07-13T23:46:30" hostname="fv-az298-223" time="0.337">
  <properties/>
  <testcase name="Test_Encryption" classname="com.dotcms.security.apps.SecretsStoreKeyStoreImplTest" time="0.019"/>
  <testcase name="Test_Empty_Value" classname="com.dotcms.security.apps.SecretsStoreKeyStoreImplTest" time="0.01"/>
  <testcase name="Test_Storing_A_Long_Key_Name" classname="com.dotcms.security.apps.SecretsStoreKeyStoreImplTest" time="0.037"/>
  <testcase name="Test_404_Cache" classname="com.dotcms.security.apps.SecretsStoreKeyStoreImplTest" time="0.025"/>
  <testcase name="Test_Storing_A_Value_Key_Name_Override" classname="com.dotcms.security.apps.SecretsStoreKeyStoreImplTest" time="0.049"/>
  <testcase name="Test_Storing_a_Value" classname="com.dotcms.security.apps.SecretsStoreKeyStoreImplTest" time="0.022"/>
  <testcase name="Test_Secrets_Singleton" classname="com.dotcms.security.apps.SecretsStoreKeyStoreImplTest" time="0.0"/>
  <testcase name="Test_Recovery_On_Load_Failure" classname="com.dotcms.security.apps.SecretsStoreKeyStoreImplTest" time="0.037"/>
  <testcase name="Test_Storing_A_Long_Value" classname="com.dotcms.security.apps.SecretsStoreKeyStoreImplTest" time="0.03"/>
  <testcase name="Test_Value_List" classname="com.dotcms.security.apps.SecretsStoreKeyStoreImplTest" time="0.069"/>
  <testcase name="Test_Deleting_A_Value" classname="com.dotcms.security.apps.SecretsStoreKeyStoreImplTest" time="0.035"/>
  <system-out><![CDATA[]]></system-out>
  <system-err><![CDATA[]]></system-err>
</testsuite>
