<?xml version="1.0" encoding="UTF-8"?>
<testsuite name="com.dotcms.mail.MailAPIImplTest" tests="3" skipped="0" failures="0" errors="0" timestamp="2023-07-19T00:25:30" hostname="fv-az408-147" time="0.003">
  <properties/>
  <testcase name="test_building_authenticator" classname="com.dotcms.mail.MailAPIImplTest" time="0.001"/>
  <testcase name="test_mail_config_properties" classname="com.dotcms.mail.MailAPIImplTest" time="0.001"/>
  <testcase name="test_loadMailSessionFromContext" classname="com.dotcms.mail.MailAPIImplTest" time="0.0"/>
  <system-out><![CDATA[]]></system-out>
  <system-err><![CDATA[]]></system-err>
</testsuite>
