<?xml version="1.0" encoding="UTF-8"?>
<testsuite name="com.dotcms.rest.api.v1.vtl.VTLResourceIntegrationTest" tests="6" skipped="0" failures="0" errors="0" timestamp="2023-07-07T20:06:59" hostname="fv-az422-848" time="10.443">
  <properties/>
  <testcase name="testGet[0: com.dotcms.rest.api.v1.vtl.VTLResourceTestCase@446d403f]" classname="com.dotcms.rest.api.v1.vtl.VTLResourceIntegrationTest" time="1.543"/>
  <testcase name="testGet[1: com.dotcms.rest.api.v1.vtl.VTLResourceTestCase@31f47138]" classname="com.dotcms.rest.api.v1.vtl.VTLResourceIntegrationTest" time="1.869"/>
  <testcase name="testGet[2: com.dotcms.rest.api.v1.vtl.VTLResourceTestCase@46de3c4f]" classname="com.dotcms.rest.api.v1.vtl.VTLResourceIntegrationTest" time="1.102"/>
  <testcase name="testGet[3: com.dotcms.rest.api.v1.vtl.VTLResourceTestCase@729e7f60]" classname="com.dotcms.rest.api.v1.vtl.VTLResourceIntegrationTest" time="1.887"/>
  <testcase name="testGet[4: com.dotcms.rest.api.v1.vtl.VTLResourceTestCase@5cdcb5b4]" classname="com.dotcms.rest.api.v1.vtl.VTLResourceIntegrationTest" time="1.97"/>
  <testcase name="testGet[5: com.dotcms.rest.api.v1.vtl.VTLResourceTestCase@4e3362a6]" classname="com.dotcms.rest.api.v1.vtl.VTLResourceIntegrationTest" time="2.071"/>
  <system-out><![CDATA[]]></system-out>
  <system-err><![CDATA[]]></system-err>
</testsuite>
