<?xml version="1.0" encoding="UTF-8"?>
<testsuite name="com.dotmarketing.business.DeterministicIdentifierAPITest" tests="16" skipped="0" failures="0" errors="0" timestamp="2023-07-13T21:13:15" hostname="fv-az417-935" time="0.69">
  <properties/>
  <testcase name="Test_Category_Path_Seed_And_Id" classname="com.dotmarketing.business.DeterministicIdentifierAPITest" time="0.019"/>
  <testcase name="Test_Language_Deterministic_Id[0: LanguageTestCase{expectedSeed='Language:es:US', expectedHash=4913155, langCode='es', countryCode='US', country='United States'}]" classname="com.dotmarketing.business.DeterministicIdentifierAPITest" time="0.001"/>
  <testcase name="Test_Language_Deterministic_Id[1: LanguageTestCase{expectedSeed='Language:ep:', expectedHash=5292269, langCode='ep', countryCode='', country=''}]" classname="com.dotmarketing.business.DeterministicIdentifierAPITest" time="0.001"/>
  <testcase name="Test_Language_Deterministic_Id[2: LanguageTestCase{expectedSeed='Language:sg:SAG', expectedHash=4713118, langCode='sg', countryCode='SAG', country=''}]" classname="com.dotmarketing.business.DeterministicIdentifierAPITest" time="0.001"/>
  <testcase name="Test_Language_Deterministic_Id[3: LanguageTestCase{expectedSeed='Language:en:NZ', expectedHash=5382528, langCode='en', countryCode='NZ', country='New Zealand'}]" classname="com.dotmarketing.business.DeterministicIdentifierAPITest" time="0.0"/>
  <testcase name="Test_Category_None_Persisted_Category_Should_Return_Deterministic_Id" classname="com.dotmarketing.business.DeterministicIdentifierAPITest" time="0.001"/>
  <testcase name="Test_Asset_Generate_Deterministic_Id_Best_Effort[0: TestCase{versionable=my.host1689282415104.com, parent=System Host, expectedName='my.host1689282415104.com', expectedType='Host'}]" classname="com.dotmarketing.business.DeterministicIdentifierAPITest" time="0.003"/>
  <testcase name="Test_Asset_Generate_Deterministic_Id_Best_Effort[1: TestCase{versionable=com.dotmarketing.portlets.contentlet.model.Contentlet@97a5626[map={modDate=2023-07-13 21:06:55.913, fileName=file13087001409480252816.txt, title=file13087001409480252816.txt, inode=c87f8c07-5628-4bec-9bfe-4b7798c847b0, __IS_NEW_CONTENT__=true, disabledWYSIWYG=[], host=30ca0879-b5c1-46e0-8e3d-de5ecf7f55f4, stInode=33888b6f-7a8e-4069-b1b6-5c1aa9d0a48d, owner=system, identifier=f8fb9970-3919-4f11-be28-da3f0aeac1bc, nullProperties=[wfExpireDate, wfPublishDate, wfActionAssign, wfActionId, wfActionComments, filterKey, whereToSend, wfNeverExpire, _path_to_move, timezoneId, iWantTo, wfPublishTime, wfExpireTime], languageId=1, fileAsset=/home/runner/work/core/custom/assets/c/8/c87f8c07-5628-4bec-9bfe-4b7798c847b0/fileAsset/file13087001409480252816.txt, folder=59183d69-c56e-450b-96ba-878bf43b04aa, __disable_workflow__=true, sortOrder=0, modUser=system},lowIndexPriority=false,variantId=DEFAULT], parent=com.dotmarketing.portlets.folders.model.Folder@302f10e8[identifier=59183d69-c56e-450b-96ba-878bf43b04aa,name=testName1689282415906,sortOrder=0,showOnMenu=false,hostId=30ca0879-b5c1-46e0-8e3d-de5ecf7f55f4,type=folder,title=testTitle1689282415906,filesMasks=,defaultFileType=33888b6f-7a8e-4069-b1b6-5c1aa9d0a48d,modDate=2023-07-13 21:06:55.909,owner=&lt;null&gt;,iDate=2023-07-13 21:06:55.909,inode=59183d69-c56e-450b-96ba-878bf43b04aa,path=/testName1689282415906/], expectedName='file13087001409480252816.txt', expectedType='FileAsset'}]" classname="com.dotmarketing.business.DeterministicIdentifierAPITest" time="0.002"/>
  <testcase name="Test_Asset_Generate_Deterministic_Id_Best_Effort[2: TestCase{versionable=com.dotmarketing.portlets.templates.model.Template@8a4994a3, parent=my.host1689282415104.com, expectedName='testTitle1689282416001', expectedType='Template'}]" classname="com.dotmarketing.business.DeterministicIdentifierAPITest" time="0.002"/>
  <testcase name="Test_Asset_Generate_Deterministic_Id_Best_Effort[3: TestCase{versionable=com.dotmarketing.portlets.htmlpageasset.model.HTMLPageAsset@6bfdfffb[map={template=43a1330a-00ac-4eb4-9f4f-64e32d3f8824, owner=system, identifier=6f750f42-ae3a-4dc9-970c-df0af37877fb, nullProperties=[wfExpireDate, wfPublishDate, wfActionAssign, wfActionId, wfActionComments, filterKey, whereToSend, wfNeverExpire, _path_to_move, timezoneId, iWantTo, wfPublishTime, wfExpireTime], modDate=2023-07-13 21:06:56.017, cachettl=0, _is_test_mode=true, languageId=1, title=test-page-title-1689282416013, httpsreq=, url=test-page-url-1689282416013, showOnMenu=, inode=876f199a-ea0a-40a3-ada0-3e7160a10a16, folder=59183d69-c56e-450b-96ba-878bf43b04aa, disabledWYSIWYG=[], sortOrder=1, modUser=system, host=30ca0879-b5c1-46e0-8e3d-de5ecf7f55f4, stInode=c541abb1-69b3-4bc5-8430-5e09e5239cc8, friendlyName=test-page-friendly-name-1689282416013},lowIndexPriority=false,variantId=DEFAULT], parent=com.dotmarketing.portlets.folders.model.Folder@302f10e8[identifier=59183d69-c56e-450b-96ba-878bf43b04aa,name=testName1689282415906,sortOrder=0,showOnMenu=false,hostId=30ca0879-b5c1-46e0-8e3d-de5ecf7f55f4,type=folder,title=testTitle1689282415906,filesMasks=,defaultFileType=33888b6f-7a8e-4069-b1b6-5c1aa9d0a48d,modDate=2023-07-13 21:06:55.909,owner=&lt;null&gt;,iDate=2023-07-13 21:06:55.909,inode=59183d69-c56e-450b-96ba-878bf43b04aa,path=/testName1689282415906/], expectedName='test-page-url-1689282416013', expectedType='htmlpageasset'}]" classname="com.dotmarketing.business.DeterministicIdentifierAPITest" time="0.002"/>
  <testcase name="Test_Asset_Generate_Deterministic_Id_Best_Effort[4: TestCase{versionable=com.dotmarketing.portlets.contentlet.model.Contentlet@5522b36a[map={fileAsset2=/home/runner/work/core/custom/assets/9/f/9fb591ce-5e13-4179-8ca8-409958bf9d98/fileAsset2/test_binary1689282416882.png, modDate=2023-07-13 21:06:56.888, fileAsset1=/home/runner/work/core/custom/assets/9/f/9fb591ce-5e13-4179-8ca8-409958bf9d98/fileAsset1/test_binary1689282416882.jpg, title=blah, inode=9fb591ce-5e13-4179-8ca8-409958bf9d98, __IS_NEW_CONTENT__=true, disabledWYSIWYG=[], host=48190c8c-42c4-46af-8d1a-0cd5db894797, stInode=39aba85a-1fc1-463a-bb0d-9a36764695ce, owner=system, identifier=0ad3389b-35fa-4289-a720-62c3b203c79a, nullProperties=[], languageId=1, image1=ed846116-32b4-40ff-a114-37afa3a66977, folder=SYSTEM_FOLDER, __disable_workflow__=true, sortOrder=0, modUser=system},lowIndexPriority=false,variantId=DEFAULT], parent=demo.dotcms.com, expectedName='test_binary1689282416882.jpg:test_binary1689282416882.png', expectedType='MultipleBinaries1689282416251'}]" classname="com.dotmarketing.business.DeterministicIdentifierAPITest" time="0.002"/>
  <testcase name="Test_Asset_Generate_Deterministic_Id_Best_Effort[5: TestCase{versionable=name0985c67c9d : keyTag0985c67c9d, parent=my.host1689282415104.com, expectedName='keyTag0985c67c9d', expectedType='persona'}]" classname="com.dotmarketing.business.DeterministicIdentifierAPITest" time="0.002"/>
  <testcase name="Test_Similar_Content_Type_Wont_Clash" classname="com.dotmarketing.business.DeterministicIdentifierAPITest" time="0.371"/>
  <testcase name="Test_Generate_Folder_Identifier" classname="com.dotmarketing.business.DeterministicIdentifierAPITest" time="0.276"/>
  <testcase name="Test_Generate_Content_Type_Identifier[0: ContentTypeTestCase{contentType=KeyValueContentType{name=Language Variable, id=f4d7c1b8-2c88-4071-abf1-a5328977b07d, description=Default Content Type for Language Variables, defaultType=false, fixed=true, iDate=Thu Aug 31 16:38:49 UTC 2017, system=true, versionable=true, variable=Languagevariable, modDate=Thu Jul 13 20:04:29 UTC 2023, host=SYSTEM_HOST, siteName=systemHost, icon=language, sortOrder=0, folder=SYSTEM_FOLDER, folderPath=/, markedForDeletion=true, multilingualable=false}, expectedName='Languagevariable', expectedType='KeyValue'}]" classname="com.dotmarketing.business.DeterministicIdentifierAPITest" time="0.004"/>
  <testcase name="Test_Generate_Content_Type_Identifier[1: ContentTypeTestCase{contentType=SimpleContentType{name=testName1689282417247, id=91376cec-432c-49d8-acff-eda4ea184676, description=testDescription1689282417247, defaultType=false, fixed=false, iDate=Thu Jul 13 21:06:57 UTC 2023, system=false, versionable=true, multilingualable=false, variable=testVarname1689282417247, owner=system, modDate=Thu Jul 13 21:06:58 UTC 2023, host=48190c8c-42c4-46af-8d1a-0cd5db894797, siteName=demo.dotcms.com, icon=event_note, sortOrder=0, folder=SYSTEM_FOLDER, folderPath=/, requiredFields=[], markedForDeletion=false}, expectedName='testVarname1689282417247', expectedType='CONTENT'}]" classname="com.dotmarketing.business.DeterministicIdentifierAPITest" time="0.003"/>
  <system-out><![CDATA[]]></system-out>
  <system-err><![CDATA[]]></system-err>
</testsuite>
