<?xml version="1.0" encoding="UTF-8"?>
<testsuite name="com.dotcms.util.pagination.ContentTypesPaginatorTest" tests="10" skipped="0" failures="0" errors="0" timestamp="2023-07-18T16:09:46" hostname="fv-az370-360" time="0.941">
  <properties/>
  <testcase name="getPaginatedAllowedContentTypesOrderedByName" classname="com.dotcms.util.pagination.ContentTypesPaginatorTest" time="0.075"/>
  <testcase name="test_getItems_WhenFilterEqualsToBaseType_ReturnsAllRelatedContentTypes" classname="com.dotcms.util.pagination.ContentTypesPaginatorTest" time="0.028"/>
  <testcase name="getAllAllowedContentTypesOrderedByName" classname="com.dotcms.util.pagination.ContentTypesPaginatorTest" time="0.058"/>
  <testcase name="test_getItems_WhenFilterContainsContentTypeName_ReturnsTheContentTypeThatMatches[0: com.dotcms.util.pagination.ContentTypesPaginatorTest$TestCase@1357128f]" classname="com.dotcms.util.pagination.ContentTypesPaginatorTest" time="0.167"/>
  <testcase name="test_getItems_WhenFilterContainsContentTypeName_ReturnsTheContentTypeThatMatches[1: com.dotcms.util.pagination.ContentTypesPaginatorTest$TestCase@12ab9318]" classname="com.dotcms.util.pagination.ContentTypesPaginatorTest" time="0.135"/>
  <testcase name="whenTheIndicesAreDeactivateShouldReturnNAInEntries" classname="com.dotcms.util.pagination.ContentTypesPaginatorTest" time="0.356"/>
  <testcase name="test_getItems_WhenFilterEqualsToBaseType_ReturnsAllChildrenContentTypes" classname="com.dotcms.util.pagination.ContentTypesPaginatorTest" time="0.02"/>
  <testcase name="getFilteredPaginatedAllowedContentTypesOrderedByName" classname="com.dotcms.util.pagination.ContentTypesPaginatorTest" time="0.017"/>
  <testcase name="getFilteredAllowedContentTypesOrderedByName" classname="com.dotcms.util.pagination.ContentTypesPaginatorTest" time="0.015"/>
  <testcase name="test_getItems_WhenNoFilter_ReturnsAllContentTypes" classname="com.dotcms.util.pagination.ContentTypesPaginatorTest" time="0.065"/>
  <system-out><![CDATA[]]></system-out>
  <system-err><![CDATA[]]></system-err>
</testsuite>
