<?xml version="1.0" encoding="UTF-8"?>
<testsuite name="com.dotmarketing.portlets.contentlet.business.ContentletAPITest" tests="169" skipped="3" failures="0" errors="0" timestamp="2023-07-12T23:57:22" hostname="fv-az167-45" time="261.945">
  <properties/>
  <testcase name="deleteRelatedContent" classname="com.dotmarketing.portlets.contentlet.business.ContentletAPITest" time="1.641"/>
  <testcase name="deleteCollectionAllVersions" classname="com.dotmarketing.portlets.contentlet.business.ContentletAPITest" time="1.921"/>
  <testcase name="setDateTimeFieldValueWithTimeZone[0: UTC, 2023-03-15 15:45 +0000]" classname="com.dotmarketing.portlets.contentlet.business.ContentletAPITest" time="1.417"/>
  <testcase name="setDateTimeFieldValueWithTimeZone[1: America/New_York, 2023-02-15 15:45 -0500]" classname="com.dotmarketing.portlets.contentlet.business.ContentletAPITest" time="1.378"/>
  <testcase name="setDateTimeFieldValueWithTimeZone[2: America/New_York, 2023-03-15 16:45 -0400]" classname="com.dotmarketing.portlets.contentlet.business.ContentletAPITest" time="1.416"/>
  <testcase name="setDateTimeFieldValueWithTimeZone[3: America/Chicago, 2023-02-15 14:45 -0600]" classname="com.dotmarketing.portlets.contentlet.business.ContentletAPITest" time="1.381"/>
  <testcase name="setDateTimeFieldValueWithTimeZone[4: America/Chicago, 2023-03-15 15:45 -0500]" classname="com.dotmarketing.portlets.contentlet.business.ContentletAPITest" time="1.406"/>
  <testcase name="setDateTimeFieldValueWithTimeZone[5: America/Los_Angeles, 2023-02-15 12:45 -0800]" classname="com.dotmarketing.portlets.contentlet.business.ContentletAPITest" time="1.403"/>
  <testcase name="setDateTimeFieldValueWithTimeZone[6: America/Los_Angeles, 2023-03-15 13:45 -0700]" classname="com.dotmarketing.portlets.contentlet.business.ContentletAPITest" time="1.396"/>
  <testcase name="testCheckin1_ExistingContentWithRels_NullRels_ShouldKeepExistingRels" classname="com.dotmarketing.portlets.contentlet.business.ContentletAPITest" time="1.859"/>
  <testcase name="test_findContentletByIdentifierOrFallback_existing_NonEnglish_WithSpanish_fallback_true_expecting_Spanish_true" classname="com.dotmarketing.portlets.contentlet.business.ContentletAPITest" time="1.128"/>
  <testcase name="destroy_content_locked_by_admin_by_other_admin_user" classname="com.dotmarketing.portlets.contentlet.business.ContentletAPITest" time="1.897"/>
  <testcase name="test_validateContentlet_wrong_size_expect_DotContentletValidationException" classname="com.dotmarketing.portlets.contentlet.business.ContentletAPITest" time="0.077"/>
  <testcase name="test_validateContentlet_wrong_mime_type_expect_DotContentletValidationException" classname="com.dotmarketing.portlets.contentlet.business.ContentletAPITest" time="0.071"/>
  <testcase name="run_listener_after_save_result_called_all_listeners" classname="com.dotmarketing.portlets.contentlet.business.ContentletAPITest" time="0.0">
    <skipped/>
  </testcase>
  <testcase name="testRemoveContentFromIndexMultilingualContent" classname="com.dotmarketing.portlets.contentlet.business.ContentletAPITest" time="1.516"/>
  <testcase name="test_getAllRelationships_checkOrdering" classname="com.dotmarketing.portlets.contentlet.business.ContentletAPITest" time="2.021"/>
  <testcase name="rangeQuery" classname="com.dotmarketing.portlets.contentlet.business.ContentletAPITest" time="3.208"/>
  <testcase name="findContentletByIdentifier" classname="com.dotmarketing.portlets.contentlet.business.ContentletAPITest" time="0.005"/>
  <testcase name="contentOnlyWithExpireFieldTest" classname="com.dotmarketing.portlets.contentlet.business.ContentletAPITest" time="1.58"/>
  <testcase name="publichWithToDifferentVarianst" classname="com.dotmarketing.portlets.contentlet.business.ContentletAPITest" time="1.694"/>
  <testcase name="deleteForAllVersions" classname="com.dotmarketing.portlets.contentlet.business.ContentletAPITest" time="0.533"/>
  <testcase name="getContentletReferencesForMonolingualPages" classname="com.dotmarketing.portlets.contentlet.business.ContentletAPITest" time="2.672"/>
  <testcase name="getAllRelationships" classname="com.dotmarketing.portlets.contentlet.business.ContentletAPITest" time="0.015"/>
  <testcase name="testCheckin1_ExistingContentWithCats_EmptyCatsList_ShouldWipeExistingCats" classname="com.dotmarketing.portlets.contentlet.business.ContentletAPITest" time="1.86"/>
  <testcase name="getContentletReferences_ReferencesByContentLang" classname="com.dotmarketing.portlets.contentlet.business.ContentletAPITest" time="1.479"/>
  <testcase name="getRelatedContent" classname="com.dotmarketing.portlets.contentlet.business.ContentletAPITest" time="2.295"/>
  <testcase name="testCheckin_Non_Existing_Identifier_With_Not_Validate_Success" classname="com.dotmarketing.portlets.contentlet.business.ContentletAPITest" time="1.455"/>
  <testcase name="Test_Copy_Metadata_On_CheckIn" classname="com.dotmarketing.portlets.contentlet.business.ContentletAPITest" time="2.138"/>
  <testcase name="testCheckinWithoutVersioning_ExistingContentWithRels_NullRels_ShouldKeepExistingRels" classname="com.dotmarketing.portlets.contentlet.business.ContentletAPITest" time="1.835"/>
  <testcase name="testCheckin2_ExistingContentWithRels_NullRels_ShouldKeepExistingRels" classname="com.dotmarketing.portlets.contentlet.business.ContentletAPITest" time="1.77"/>
  <testcase name="delete" classname="com.dotmarketing.portlets.contentlet.business.ContentletAPITest" time="1.525"/>
  <testcase name="archiveCollection" classname="com.dotmarketing.portlets.contentlet.business.ContentletAPITest" time="0.288"/>
  <testcase name="test_findContentletByIdentifierOrFallback_existing_English_version_no_Spanish_fallback_false_expecting_false" classname="com.dotmarketing.portlets.contentlet.business.ContentletAPITest" time="1.089"/>
  <testcase name="test_findContentletByIdentifierOrFallback_existing_EnglishSpanish_fallback_false_expecting_Spanish_true" classname="com.dotmarketing.portlets.contentlet.business.ContentletAPITest" time="1.297"/>
  <testcase name="findContentletsByFolder" classname="com.dotmarketing.portlets.contentlet.business.ContentletAPITest" time="1.01"/>
  <testcase name="delete_GivenUnarchivedContentAndDontValidateMeInTrue_ShouldDeleteSuccessfully" classname="com.dotmarketing.portlets.contentlet.business.ContentletAPITest" time="0.782"/>
  <testcase name="newFileAssetLanguageDifferentThanDefault" classname="com.dotmarketing.portlets.contentlet.business.ContentletAPITest" time="0.523"/>
  <testcase name="test_findContentletByIdentifierOrFallback_existing_English_No_Spanish_fallback_false_expecting_False" classname="com.dotmarketing.portlets.contentlet.business.ContentletAPITest" time="1.127"/>
  <testcase name="testMoveContentDependenciesFromParentSelfRelated" classname="com.dotmarketing.portlets.contentlet.business.ContentletAPITest" time="2.521"/>
  <testcase name="test_findContentletByIdentifierOrFallback_existing_DotContentletStateException_expected_true" classname="com.dotmarketing.portlets.contentlet.business.ContentletAPITest" time="1.087"/>
  <testcase name="deleteAllVersionsAndBackup" classname="com.dotmarketing.portlets.contentlet.business.ContentletAPITest" time="1.76"/>
  <testcase name="testDotAsset_Checkin" classname="com.dotmarketing.portlets.contentlet.business.ContentletAPITest" time="0.571"/>
  <testcase name="testCheckInContentletWithoutHost_shouldUseContentTypeHost" classname="com.dotmarketing.portlets.contentlet.business.ContentletAPITest" time="1.234"/>
  <testcase name="test_variant_present_in_document_id" classname="com.dotmarketing.portlets.contentlet.business.ContentletAPITest" time="1.435"/>
  <testcase name="clearDateTimeFieldValue[0: &lt;empty string&gt;]" classname="com.dotmarketing.portlets.contentlet.business.ContentletAPITest" time="1.371"/>
  <testcase name="clearDateTimeFieldValue[1: &lt;null&gt;]" classname="com.dotmarketing.portlets.contentlet.business.ContentletAPITest" time="1.365"/>
  <testcase name="widgetInvalidateAllLang" classname="com.dotmarketing.portlets.contentlet.business.ContentletAPITest" time="1.563"/>
  <testcase name="saveContentWithInvalidJSONField_ShouldThrowException" classname="com.dotmarketing.portlets.contentlet.business.ContentletAPITest" time="0.046"/>
  <testcase name="testCheckin1_ExistingContentWithCats_NullCats_ShouldKeepExistingCats" classname="com.dotmarketing.portlets.contentlet.business.ContentletAPITest" time="1.709"/>
  <testcase name="testCopyContentletDoesNotCopyWorkflowHistory" classname="com.dotmarketing.portlets.contentlet.business.ContentletAPITest" time="11.349"/>
  <testcase name="findContentletsByHost" classname="com.dotmarketing.portlets.contentlet.business.ContentletAPITest" time="0.025"/>
  <testcase name="testCheckinNoDefaultActions" classname="com.dotmarketing.portlets.contentlet.business.ContentletAPITest" time="1.849"/>
  <testcase name="search" classname="com.dotmarketing.portlets.contentlet.business.ContentletAPITest" time="0.006"/>
  <testcase name="testCheckin3_ExistingContentWithCats_EmptyCatsList_ShouldWipeExistingCats" classname="com.dotmarketing.portlets.contentlet.business.ContentletAPITest" time="1.576"/>
  <testcase name="saveContentWithValidJSONField_ShouldSucceed" classname="com.dotmarketing.portlets.contentlet.business.ContentletAPITest" time="1.221"/>
  <testcase name="Test_Move_Content_Different_Host_And_Folder_On_CheckIn" classname="com.dotmarketing.portlets.contentlet.business.ContentletAPITest" time="2.568"/>
  <testcase name="no_destroy_limited_content_locked_by_admin_by_limited_user" classname="com.dotmarketing.portlets.contentlet.business.ContentletAPITest" time="0.696"/>
  <testcase name="testCheckinDefaultActionsSkipBySettingActionId" classname="com.dotmarketing.portlets.contentlet.business.ContentletAPITest" time="1.991"/>
  <testcase name="archive" classname="com.dotmarketing.portlets.contentlet.business.ContentletAPITest" time="0.177"/>
  <testcase name="testCheckin3_ExistingContentWithRels_NullRels_ShouldKeepExistingRels" classname="com.dotmarketing.portlets.contentlet.business.ContentletAPITest" time="1.677"/>
  <testcase name="testCheckin4_ExistingContentWithRels_EmptyRels_ShouldWipeExistingRels" classname="com.dotmarketing.portlets.contentlet.business.ContentletAPITest" time="1.691"/>
  <testcase name="test_update_mod_date_contentlet_expect_success" classname="com.dotmarketing.portlets.contentlet.business.ContentletAPITest" time="1.076"/>
  <testcase name="test_findContentletByIdentifierOrFallback_existing_EnglishLive_WithSpanishWorking_fallback_true_expecting_SpanishWorking_true" classname="com.dotmarketing.portlets.contentlet.business.ContentletAPITest" time="1.844"/>
  <testcase name="deleteRelatedContentWithParent" classname="com.dotmarketing.portlets.contentlet.business.ContentletAPITest" time="1.915"/>
  <testcase name="searchIndex" classname="com.dotmarketing.portlets.contentlet.business.ContentletAPITest" time="0.004"/>
  <testcase name="test_findContentletByIdentifierOrFallback_existing_EnglishSpanish_fallback_true_expecting_Spanish_true" classname="com.dotmarketing.portlets.contentlet.business.ContentletAPITest" time="1.292"/>
  <testcase name="testContentWithTwoBinaryFieldsAndSameFile_afterCheckinShouldContainBothFields" classname="com.dotmarketing.portlets.contentlet.business.ContentletAPITest" time="0.496"/>
  <testcase name="publishCollection" classname="com.dotmarketing.portlets.contentlet.business.ContentletAPITest" time="0.248"/>
  <testcase name="test_validateContentlet_contentWithTabDividerField" classname="com.dotmarketing.portlets.contentlet.business.ContentletAPITest" time="1.303"/>
  <testcase name="findContentletByIdentifiers" classname="com.dotmarketing.portlets.contentlet.business.ContentletAPITest" time="0.003"/>
  <testcase name="testCheckinWithoutVersioning_ExistingContentWithCats_NullCats_ShouldKeepExistingCats" classname="com.dotmarketing.portlets.contentlet.business.ContentletAPITest" time="1.681"/>
  <testcase name="testMoveContentDependenciesFromChildSelfRelated" classname="com.dotmarketing.portlets.contentlet.business.ContentletAPITest" time="2.268"/>
  <testcase name="testCheckin2_ExistingContentWithCats_NullCats_ShouldKeepExistingCats" classname="com.dotmarketing.portlets.contentlet.business.ContentletAPITest" time="1.653"/>
  <testcase name="test_findContentletByIdentifierOrFallback_non_existing_DotContentletStateException_expected" classname="com.dotmarketing.portlets.contentlet.business.ContentletAPITest" time="0.001"/>
  <testcase name="publish" classname="com.dotmarketing.portlets.contentlet.business.ContentletAPITest" time="0.101"/>
  <testcase name="testUpdatePublishExpireDatesFromIdentifier" classname="com.dotmarketing.portlets.contentlet.business.ContentletAPITest" time="2.165"/>
  <testcase name="publishRelatedHtmlPages" classname="com.dotmarketing.portlets.contentlet.business.ContentletAPITest" time="0.004"/>
  <testcase name="cleanBinaryField" classname="com.dotmarketing.portlets.contentlet.business.ContentletAPITest" time="0.012"/>
  <testcase name="testCheckinDefaultActions" classname="com.dotmarketing.portlets.contentlet.business.ContentletAPITest" time="1.73"/>
  <testcase name="testCheckin4_ExistingContentWithRels_NullRels_ShouldKeepExistingRels" classname="com.dotmarketing.portlets.contentlet.business.ContentletAPITest" time="1.802"/>
  <testcase name="testSetTemplateForAPageMustKeepTheSameTemplateForWorkingVersionsOnly" classname="com.dotmarketing.portlets.contentlet.business.ContentletAPITest" time="1.318"/>
  <testcase name="getAllLanguages" classname="com.dotmarketing.portlets.contentlet.business.ContentletAPITest" time="14.017"/>
  <testcase name="find" classname="com.dotmarketing.portlets.contentlet.business.ContentletAPITest" time="0.002"/>
  <testcase name="isContentEqual" classname="com.dotmarketing.portlets.contentlet.business.ContentletAPITest" time="0.001"/>
  <testcase name="Test_Key_Value_As_Map_Test" classname="com.dotmarketing.portlets.contentlet.business.ContentletAPITest" time="2.581"/>
  <testcase name="test_findInDb_returns_properly" classname="com.dotmarketing.portlets.contentlet.business.ContentletAPITest" time="1.307"/>
  <testcase name="testMoveContentDependenciesFromParent" classname="com.dotmarketing.portlets.contentlet.business.ContentletAPITest" time="2.802"/>
  <testcase name="copyContentlet" classname="com.dotmarketing.portlets.contentlet.business.ContentletAPITest" time="1.624"/>
  <testcase name="TestCopyHTMLPageIncludesPersonalizedMultiTrees" classname="com.dotmarketing.portlets.contentlet.business.ContentletAPITest" time="6.858"/>
  <testcase name="testCheckinWithoutVersioning_ShouldDeletePreviousBinary_WhenBinaryIsUpdated" classname="com.dotmarketing.portlets.contentlet.business.ContentletAPITest" time="0.816"/>
  <testcase name="testCheckin_nullRequiredFieldValue[0: com.dotmarketing.portlets.contentlet.business.ContentletAPITest$TestCaseNullFieldvalues@6d18149d]" classname="com.dotmarketing.portlets.contentlet.business.ContentletAPITest" time="1.256"/>
  <testcase name="testCheckin_nullRequiredFieldValue[1: com.dotmarketing.portlets.contentlet.business.ContentletAPITest$TestCaseNullFieldvalues@b7c6ea]" classname="com.dotmarketing.portlets.contentlet.business.ContentletAPITest" time="1.224"/>
  <testcase name="testCheckin_nullRequiredFieldValue[2: com.dotmarketing.portlets.contentlet.business.ContentletAPITest$TestCaseNullFieldvalues@3537a748]" classname="com.dotmarketing.portlets.contentlet.business.ContentletAPITest" time="1.205"/>
  <testcase name="testCheckin_nullRequiredFieldValue[3: com.dotmarketing.portlets.contentlet.business.ContentletAPITest$TestCaseNullFieldvalues@3f826d8a]" classname="com.dotmarketing.portlets.contentlet.business.ContentletAPITest" time="1.279"/>
  <testcase name="testUniqueTextFieldWithDataTypeWholeNumber" classname="com.dotmarketing.portlets.contentlet.business.ContentletAPITest" time="1.861"/>
  <testcase name="testCheckin3_ExistingContentWithCats_NullCats_ShouldKeepExistingCats" classname="com.dotmarketing.portlets.contentlet.business.ContentletAPITest" time="1.692"/>
  <testcase name="getFieldValue" classname="com.dotmarketing.portlets.contentlet.business.ContentletAPITest" time="0.013"/>
  <testcase name="testDeletePageDefinedAsDetailPage" classname="com.dotmarketing.portlets.contentlet.business.ContentletAPITest" time="2.051"/>
  <testcase name="testSetTemplateForAPageMustKeepTheSameTemplateForWorkingVersionsNoLive" classname="com.dotmarketing.portlets.contentlet.business.ContentletAPITest" time="1.806"/>
  <testcase name="testCheckInWithSelfRelationInBothParentsAndChildren" classname="com.dotmarketing.portlets.contentlet.business.ContentletAPITest" time="2.256"/>
  <testcase name="getRelatedContentPullByParent" classname="com.dotmarketing.portlets.contentlet.business.ContentletAPITest" time="2.089"/>
  <testcase name="testContentCheckin_mapIncludeExpectedProperties" classname="com.dotmarketing.portlets.contentlet.business.ContentletAPITest" time="1.647"/>
  <testcase name="testMoveContentDependenciesFromChild" classname="com.dotmarketing.portlets.contentlet.business.ContentletAPITest" time="2.281"/>
  <testcase name="addRemoveContentFromIndex" classname="com.dotmarketing.portlets.contentlet.business.ContentletAPITest" time="1.5"/>
  <testcase name="test_invalidate_shorty_cache" classname="com.dotmarketing.portlets.contentlet.business.ContentletAPITest" time="1.869"/>
  <testcase name="testGetRelatedForSelfJoinsDoesNotCacheWhenPullByParentIsNull" classname="com.dotmarketing.portlets.contentlet.business.ContentletAPITest" time="2.02"/>
  <testcase name="testUniqueTextFieldContentlets[0: com.dotmarketing.portlets.contentlet.business.ContentletAPITest$testCaseUniqueTextField@12133a1b]" classname="com.dotmarketing.portlets.contentlet.business.ContentletAPITest" time="1.847"/>
  <testcase name="testUniqueTextFieldContentlets[1: com.dotmarketing.portlets.contentlet.business.ContentletAPITest$testCaseUniqueTextField@2cad3e25]" classname="com.dotmarketing.portlets.contentlet.business.ContentletAPITest" time="1.745"/>
  <testcase name="testUniqueTextFieldContentlets[2: com.dotmarketing.portlets.contentlet.business.ContentletAPITest$testCaseUniqueTextField@24a8c11f]" classname="com.dotmarketing.portlets.contentlet.business.ContentletAPITest" time="0.888"/>
  <testcase name="testUniqueTextFieldContentlets[3: com.dotmarketing.portlets.contentlet.business.ContentletAPITest$testCaseUniqueTextField@8ea063d]" classname="com.dotmarketing.portlets.contentlet.business.ContentletAPITest" time="1.821"/>
  <testcase name="testUniqueTextFieldContentlets[4: com.dotmarketing.portlets.contentlet.business.ContentletAPITest$testCaseUniqueTextField@32226d9]" classname="com.dotmarketing.portlets.contentlet.business.ContentletAPITest" time="1.738"/>
  <testcase name="testUniqueTextFieldContentlets[5: com.dotmarketing.portlets.contentlet.business.ContentletAPITest$testCaseUniqueTextField@46bb6c8e]" classname="com.dotmarketing.portlets.contentlet.business.ContentletAPITest" time="0.871"/>
  <testcase name="testUniqueTextFieldContentlets[6: com.dotmarketing.portlets.contentlet.business.ContentletAPITest$testCaseUniqueTextField@24f9ed7f]" classname="com.dotmarketing.portlets.contentlet.business.ContentletAPITest" time="1.862"/>
  <testcase name="testUniqueTextFieldContentlets[7: com.dotmarketing.portlets.contentlet.business.ContentletAPITest$testCaseUniqueTextField@7c7adc33]" classname="com.dotmarketing.portlets.contentlet.business.ContentletAPITest" time="1.775"/>
  <testcase name="testUniqueTextFieldContentlets[8: com.dotmarketing.portlets.contentlet.business.ContentletAPITest$testCaseUniqueTextField@6e7c298b]" classname="com.dotmarketing.portlets.contentlet.business.ContentletAPITest" time="0.902"/>
  <testcase name="testCreateSelfJoinedRelationship_contentletAddedAsChild" classname="com.dotmarketing.portlets.contentlet.business.ContentletAPITest" time="1.1"/>
  <testcase name="copyContentletWithSeveralVersionsOrderIssue" classname="com.dotmarketing.portlets.contentlet.business.ContentletAPITest" time="7.915"/>
  <testcase name="unarchiveCollection" classname="com.dotmarketing.portlets.contentlet.business.ContentletAPITest" time="0.374"/>
  <testcase name="copyContentletWithFolder" classname="com.dotmarketing.portlets.contentlet.business.ContentletAPITest" time="1.509"/>
  <testcase name="test_findContentletByIdentifierOrFallback_existing_OnlySpanishWorking_fallback_true_expecting_English_true" classname="com.dotmarketing.portlets.contentlet.business.ContentletAPITest" time="1.406"/>
  <testcase name="test_findContentletByIdentifierOrFallback_existing_NonEnglish_WithSpanish_fallback_false_expecting_Spanish_true" classname="com.dotmarketing.portlets.contentlet.business.ContentletAPITest" time="1.067"/>
  <testcase name="testCheckin4_ExistingContentWithCats_NullCats_ShouldKeepExistingCats" classname="com.dotmarketing.portlets.contentlet.business.ContentletAPITest" time="1.67"/>
  <testcase name="testCheckin2_ExistingContentWithCats_EmptyCatsList_ShouldWipeExistingCats" classname="com.dotmarketing.portlets.contentlet.business.ContentletAPITest" time="1.57"/>
  <testcase name="unarchive" classname="com.dotmarketing.portlets.contentlet.business.ContentletAPITest" time="0.114"/>
  <testcase name="test_saveMultilingualFileAssetBasedOnLegacyFile_shouldKeepBinaryFile" classname="com.dotmarketing.portlets.contentlet.business.ContentletAPITest" time="0.0">
    <skipped/>
  </testcase>
  <testcase name="findContentlets" classname="com.dotmarketing.portlets.contentlet.business.ContentletAPITest" time="0.005"/>
  <testcase name="testCheckinWithoutVersioning_ShouldPreserveBinary_WhenOtherFieldsAreUpdated" classname="com.dotmarketing.portlets.contentlet.business.ContentletAPITest" time="1.856"/>
  <testcase name="deleteCollection" classname="com.dotmarketing.portlets.contentlet.business.ContentletAPITest" time="1.484"/>
  <testcase name="test_copyContentlet_contentletArchivedShouldCopyAsArchived" classname="com.dotmarketing.portlets.contentlet.business.ContentletAPITest" time="1.561"/>
  <testcase name="findContentletForLanguage" classname="com.dotmarketing.portlets.contentlet.business.ContentletAPITest" time="0.003"/>
  <testcase name="Test_Load_Field_Works_On_Contentlet_Saved_as_Json_Or_Saved_As_Columns" classname="com.dotmarketing.portlets.contentlet.business.ContentletAPITest" time="2.126"/>
  <testcase name="testCheckin3_ExistingContentWithRels_EmptyRels_ShouldWipeExistingRels" classname="com.dotmarketing.portlets.contentlet.business.ContentletAPITest" time="1.713"/>
  <testcase name="testCheckinDefaultActionsSkip" classname="com.dotmarketing.portlets.contentlet.business.ContentletAPITest" time="0.736"/>
  <testcase name="findByStructure" classname="com.dotmarketing.portlets.contentlet.business.ContentletAPITest" time="0.004"/>
  <testcase name="deleteMultipleContents" classname="com.dotmarketing.portlets.contentlet.business.ContentletAPITest" time="6.307"/>
  <testcase name="findAllContent" classname="com.dotmarketing.portlets.contentlet.business.ContentletAPITest" time="0.0">
    <skipped/>
  </testcase>
  <testcase name="findPageContentlets" classname="com.dotmarketing.portlets.contentlet.business.ContentletAPITest" time="0.003"/>
  <testcase name="getContentletReferences" classname="com.dotmarketing.portlets.contentlet.business.ContentletAPITest" time="3.022"/>
  <testcase name="copyContentletWithFolderAppendCopy" classname="com.dotmarketing.portlets.contentlet.business.ContentletAPITest" time="1.487"/>
  <testcase name="cleanTagField" classname="com.dotmarketing.portlets.contentlet.business.ContentletAPITest" time="0.013"/>
  <testcase name="saveContentWithExistingIdentifier" classname="com.dotmarketing.portlets.contentlet.business.ContentletAPITest" time="2.049"/>
  <testcase name="unpublish" classname="com.dotmarketing.portlets.contentlet.business.ContentletAPITest" time="0.127"/>
  <testcase name="testCheckin_Non_Existing_Identifier_With_Validate_Should_FAIL" classname="com.dotmarketing.portlets.contentlet.business.ContentletAPITest" time="0.036"/>
  <testcase name="copyContentletWithHost" classname="com.dotmarketing.portlets.contentlet.business.ContentletAPITest" time="1.461"/>
  <testcase name="testCheckinWithoutVersioning_ExistingContentWithCats_EmptyCats_ShouldWipeExistingCats" classname="com.dotmarketing.portlets.contentlet.business.ContentletAPITest" time="1.623"/>
  <testcase name="unpublishCollection" classname="com.dotmarketing.portlets.contentlet.business.ContentletAPITest" time="0.288"/>
  <testcase name="newVersionFileAssetLanguageDifferentThanDefault" classname="com.dotmarketing.portlets.contentlet.business.ContentletAPITest" time="1.655"/>
  <testcase name="testCheckinWithoutVersioning_ExistingContentWithRels_EmptyRels_ShouldWipeExistingRels" classname="com.dotmarketing.portlets.contentlet.business.ContentletAPITest" time="0.769"/>
  <testcase name="testCopyProperties_TypeWithTagField_shouldCopyTagFieldValue" classname="com.dotmarketing.portlets.contentlet.business.ContentletAPITest" time="1.285"/>
  <testcase name="testSearchFileAssetByMetadata" classname="com.dotmarketing.portlets.contentlet.business.ContentletAPITest" time="1.12"/>
  <testcase name="testCheckin4_ExistingContentWithCats_EmptyCatsList_ShouldWipeExistingCats" classname="com.dotmarketing.portlets.contentlet.business.ContentletAPITest" time="1.582"/>
  <testcase name="searchWithPermissions" classname="com.dotmarketing.portlets.contentlet.business.ContentletAPITest" time="0.008"/>
  <testcase name="getContentletReferences_PersonaIncluded" classname="com.dotmarketing.portlets.contentlet.business.ContentletAPITest" time="0.544"/>
  <testcase name="saveContentWithJSONField[0: ({} {}, {})]" classname="com.dotmarketing.portlets.contentlet.business.ContentletAPITest" time="1.264"/>
  <testcase name="saveContentWithJSONField[1: ({} LOL, {})]" classname="com.dotmarketing.portlets.contentlet.business.ContentletAPITest" time="1.248"/>
  <testcase name="getContentletReferences_FilterOutReferencesByContentLang" classname="com.dotmarketing.portlets.contentlet.business.ContentletAPITest" time="1.382"/>
  <testcase name="testDelete_GivenMultiLangMultiVersionContent_WhenDeletingOneSpanishVersion_ShouldDeleteAllSpanishVersions" classname="com.dotmarketing.portlets.contentlet.business.ContentletAPITest" time="3.021"/>
  <testcase name="test_getAllRelationships_checkOrdering_selfRelatedContentType" classname="com.dotmarketing.portlets.contentlet.business.ContentletAPITest" time="3.063"/>
  <testcase name="addLinkToContentlet" classname="com.dotmarketing.portlets.contentlet.business.ContentletAPITest" time="0.048"/>
  <testcase name="relateContent" classname="com.dotmarketing.portlets.contentlet.business.ContentletAPITest" time="2.009"/>
  <testcase name="findByStructureInode" classname="com.dotmarketing.portlets.contentlet.business.ContentletAPITest" time="0.004"/>
  <testcase name="testFileCopyOnSecondLanguageVersion" classname="com.dotmarketing.portlets.contentlet.business.ContentletAPITest" time="2.62"/>
  <testcase name="testUniqueTextFieldLiveAndWorkingWithDiffValues" classname="com.dotmarketing.portlets.contentlet.business.ContentletAPITest" time="4.513"/>
  <testcase name="test_validateContentlet_noErrors_whenRelationChainSameContentType" classname="com.dotmarketing.portlets.contentlet.business.ContentletAPITest" time="1.884"/>
  <testcase name="getAllRelationshipsByContentlet" classname="com.dotmarketing.portlets.contentlet.business.ContentletAPITest" time="2.068"/>
  <testcase name="relateContentDirect" classname="com.dotmarketing.portlets.contentlet.business.ContentletAPITest" time="1.976"/>
  <testcase name="testCheckin1_ExistingContentWithChildAndParentRels_NullRels_ShouldKeepExistingRels" classname="com.dotmarketing.portlets.contentlet.business.ContentletAPITest" time="3.259"/>
  <testcase name="test_findContentletByIdentifierOrFallback_existing_EnglishLive_WithSpanishWorking_fallback_true_expecting_English_true" classname="com.dotmarketing.portlets.contentlet.business.ContentletAPITest" time="1.934"/>
  <system-out><![CDATA[]]></system-out>
  <system-err><![CDATA[]]></system-err>
</testsuite>
