<?xml version="1.0" encoding="UTF-8"?>
<testsuite name="com.dotcms.rest.TagResourceIntegrationTest" tests="4" skipped="0" failures="0" errors="0" timestamp="2023-07-13T15:46:39" hostname="fv-az621-935" time="0.342">
  <properties/>
  <testcase name="testList[0: com.dotcms.rest.TagResourceTestCase@1a69c6dc]" classname="com.dotcms.rest.TagResourceIntegrationTest" time="0.267"/>
  <testcase name="testList[1: com.dotcms.rest.TagResourceTestCase@2b63c955]" classname="com.dotcms.rest.TagResourceIntegrationTest" time="0.027"/>
  <testcase name="testList[2: com.dotcms.rest.TagResourceTestCase@5582538]" classname="com.dotcms.rest.TagResourceIntegrationTest" time="0.021"/>
  <testcase name="testList[3: com.dotcms.rest.TagResourceTestCase@4ae8e9ce]" classname="com.dotcms.rest.TagResourceIntegrationTest" time="0.026"/>
  <system-out><![CDATA[]]></system-out>
  <system-err><![CDATA[Jul 13, 2023 3:46:39 PM com.dotcms.repackage.org.hibernate.validator.internal.util.Version <clinit>
INFO: HV000001: Hibernate Validator 4.3.2.Final
]]></system-err>
</testsuite>
