<?xml version="1.0" encoding="UTF-8"?>
<testsuite name="com.dotcms.experiments.business.ExperimentAPIImpIntegrationTest" tests="43" skipped="1" failures="0" errors="0" timestamp="2023-06-28T14:02:46" hostname="fv-az452-705" time="89.975">
  <properties/>
  <testcase name="pageReachDirectRefererMultiDays" classname="com.dotcms.experiments.business.ExperimentAPIImpIntegrationTest" time="2.297"/>
  <testcase name="test_calcBayesian_BOverA_BounceRate" classname="com.dotcms.experiments.business.ExperimentAPIImpIntegrationTest" time="1.9"/>
  <testcase name="pageReachAfterExperimentPageButNotDirectReferer" classname="com.dotcms.experiments.business.ExperimentAPIImpIntegrationTest" time="2.352"/>
  <testcase name="noBounceRateWithIndex[0: /index]" classname="com.dotcms.experiments.business.ExperimentAPIImpIntegrationTest" time="1.795"/>
  <testcase name="noBounceRateWithIndex[1: /INDEX]" classname="com.dotcms.experiments.business.ExperimentAPIImpIntegrationTest" time="2.883"/>
  <testcase name="noBounceRateWithIndex[2: /IndEX]" classname="com.dotcms.experiments.business.ExperimentAPIImpIntegrationTest" time="1.153"/>
  <testcase name="noBounceRateWithIndex[3: &lt;empty string&gt;]" classname="com.dotcms.experiments.business.ExperimentAPIImpIntegrationTest" time="2.171"/>
  <testcase name="noBounceRateWithIndex[4: /]" classname="com.dotcms.experiments.business.ExperimentAPIImpIntegrationTest" time="2.109"/>
  <testcase name="noBounceRateWithIndex[5: /?variantName=dotexperiment-fcaef4575a-variant-1&amp;redirect=true]" classname="com.dotcms.experiments.business.ExperimentAPIImpIntegrationTest" time="1.767"/>
  <testcase name="multiDaysEvent" classname="com.dotcms.experiments.business.ExperimentAPIImpIntegrationTest" time="1.466"/>
  <testcase name="pageReachNotDirectReferer" classname="com.dotcms.experiments.business.ExperimentAPIImpIntegrationTest" time="1.953"/>
  <testcase name="resultWithPagination" classname="com.dotcms.experiments.business.ExperimentAPIImpIntegrationTest" time="2.163"/>
  <testcase name="test_calcBayesian_ABC" classname="com.dotcms.experiments.business.ExperimentAPIImpIntegrationTest" time="0.0">
    <skipped/>
  </testcase>
  <testcase name="bounceRate" classname="com.dotcms.experiments.business.ExperimentAPIImpIntegrationTest" time="1.674"/>
  <testcase name="tryToGetResultFromExperimentNotSaved" classname="com.dotcms.experiments.business.ExperimentAPIImpIntegrationTest" time="2.332"/>
  <testcase name="testSaveExperiment_shouldNotValidateSchedule" classname="com.dotcms.experiments.business.ExperimentAPIImpIntegrationTest" time="1.641"/>
  <testcase name="testADeleteOriginalVariant_shouldFail" classname="com.dotcms.experiments.business.ExperimentAPIImpIntegrationTest" time="2.214"/>
  <testcase name="testAddMoreThanOneOriginalVariant_shouldFail" classname="com.dotcms.experiments.business.ExperimentAPIImpIntegrationTest" time="2.067"/>
  <testcase name="pageNotReachButExperimentPageWasView" classname="com.dotcms.experiments.business.ExperimentAPIImpIntegrationTest" time="1.944"/>
  <testcase name="addUrlConditionToReachPageGoal" classname="com.dotcms.experiments.business.ExperimentAPIImpIntegrationTest" time="2.657"/>
  <testcase name="resultWithPaginationWhenTheLastPageIsNotComplte" classname="com.dotcms.experiments.business.ExperimentAPIImpIntegrationTest" time="1.933"/>
  <testcase name="pageReachDirectReferer" classname="com.dotcms.experiments.business.ExperimentAPIImpIntegrationTest" time="1.457"/>
  <testcase name="notBounceRateSession" classname="com.dotcms.experiments.business.ExperimentAPIImpIntegrationTest" time="2.993"/>
  <testcase name="test_calcBayesian_AOverB_ended" classname="com.dotcms.experiments.business.ExperimentAPIImpIntegrationTest" time="1.221"/>
  <testcase name="testStartExperiment_shouldPublishContent" classname="com.dotcms.experiments.business.ExperimentAPIImpIntegrationTest" time="3.68"/>
  <testcase name="resultWithUrlMap" classname="com.dotcms.experiments.business.ExperimentAPIImpIntegrationTest" time="1.566"/>
  <testcase name="getEvents" classname="com.dotcms.experiments.business.ExperimentAPIImpIntegrationTest" time="1.715"/>
  <testcase name="tryToGetResultFromExperimentNotStarted" classname="com.dotcms.experiments.business.ExperimentAPIImpIntegrationTest" time="2.322"/>
  <testcase name="getSplitTrafficInsideExperimentResults" classname="com.dotcms.experiments.business.ExperimentAPIImpIntegrationTest" time="1.544"/>
  <testcase name="addUrlConditionToBounceRateCondition" classname="com.dotcms.experiments.business.ExperimentAPIImpIntegrationTest" time="1.676"/>
  <testcase name="pageReachButExperimentPageWasNotView" classname="com.dotcms.experiments.business.ExperimentAPIImpIntegrationTest" time="1.834"/>
  <testcase name="renderUrlMapPageWithExperiment" classname="com.dotcms.experiments.business.ExperimentAPIImpIntegrationTest" time="3.562"/>
  <testcase name="test_calcBayesian_AOverB" classname="com.dotcms.experiments.business.ExperimentAPIImpIntegrationTest" time="1.162"/>
  <testcase name="test_calcBayesian_BOverA" classname="com.dotcms.experiments.business.ExperimentAPIImpIntegrationTest" time="2.936"/>
  <testcase name="test_getResults_missingAnalyticsApp" classname="com.dotcms.experiments.business.ExperimentAPIImpIntegrationTest" time="1.733"/>
  <testcase name="notBounceRate" classname="com.dotcms.experiments.business.ExperimentAPIImpIntegrationTest" time="2.299"/>
  <testcase name="bounceRateWithIndex[0: /index]" classname="com.dotcms.experiments.business.ExperimentAPIImpIntegrationTest" time="1.98"/>
  <testcase name="bounceRateWithIndex[1: /INDEX]" classname="com.dotcms.experiments.business.ExperimentAPIImpIntegrationTest" time="2.003"/>
  <testcase name="bounceRateWithIndex[2: /IndEX]" classname="com.dotcms.experiments.business.ExperimentAPIImpIntegrationTest" time="2.205"/>
  <testcase name="bounceRateWithIndex[3: &lt;empty string&gt;]" classname="com.dotcms.experiments.business.ExperimentAPIImpIntegrationTest" time="1.874"/>
  <testcase name="bounceRateWithIndex[4: /]" classname="com.dotcms.experiments.business.ExperimentAPIImpIntegrationTest" time="2.09"/>
  <testcase name="bounceRateWithIndex[5: /?variantName=dotexperiment-fcaef4575a-variant-1&amp;redirect=true]" classname="com.dotcms.experiments.business.ExperimentAPIImpIntegrationTest" time="2.068"/>
  <testcase name="getRunningExperiment" classname="com.dotcms.experiments.business.ExperimentAPIImpIntegrationTest" time="5.564"/>
  <system-out><![CDATA[]]></system-out>
  <system-err><![CDATA[]]></system-err>
</testsuite>
