<?xml version="1.0" encoding="UTF-8"?>
<testsuite name="com.dotcms.rest.elasticsearch.ESContentResourcePortletTest" tests="8" skipped="0" failures="0" errors="0" timestamp="2023-06-28T03:17:08" hostname="fv-az422-786" time="7.682">
  <properties/>
  <testcase name="test_search_includeGrandChildCategory_success" classname="com.dotcms.rest.elasticsearch.ESContentResourcePortletTest" time="1.361"/>
  <testcase name="testSearch[0: com.dotcms.rest.elasticsearch.ESContentResourcePortletTest$TestCase@8c8191c]" classname="com.dotcms.rest.elasticsearch.ESContentResourcePortletTest" time="0.866"/>
  <testcase name="testSearch[1: com.dotcms.rest.elasticsearch.ESContentResourcePortletTest$TestCase@1bedfedf]" classname="com.dotcms.rest.elasticsearch.ESContentResourcePortletTest" time="1.311"/>
  <testcase name="testSearch[2: com.dotcms.rest.elasticsearch.ESContentResourcePortletTest$TestCase@207e9eb8]" classname="com.dotcms.rest.elasticsearch.ESContentResourcePortletTest" time="0.866"/>
  <testcase name="testSearch[3: com.dotcms.rest.elasticsearch.ESContentResourcePortletTest$TestCase@4a19627b]" classname="com.dotcms.rest.elasticsearch.ESContentResourcePortletTest" time="1.288"/>
  <testcase name="testSearch[4: com.dotcms.rest.elasticsearch.ESContentResourcePortletTest$TestCase@2d192dd]" classname="com.dotcms.rest.elasticsearch.ESContentResourcePortletTest" time="0.26"/>
  <testcase name="testSearch[5: com.dotcms.rest.elasticsearch.ESContentResourcePortletTest$TestCase@763e9f5e]" classname="com.dotcms.rest.elasticsearch.ESContentResourcePortletTest" time="0.897"/>
  <testcase name="testSearch[6: com.dotcms.rest.elasticsearch.ESContentResourcePortletTest$TestCase@2261447f]" classname="com.dotcms.rest.elasticsearch.ESContentResourcePortletTest" time="0.832"/>
  <system-out><![CDATA[]]></system-out>
  <system-err><![CDATA[]]></system-err>
</testsuite>
