<?xml version="1.0" encoding="UTF-8"?>
<testsuite name="com.dotmarketing.portlets.structure.model.ContentletRelationshipsTest" tests="7" skipped="0" failures="0" errors="0" timestamp="2023-07-21T04:07:12" hostname="fv-az256-498" time="10.862">
  <properties/>
  <testcase name="testDoesAllowOnlyOne[0: com.dotmarketing.portlets.structure.model.ContentletRelationshipsTest$CardinalityTestCase@cb28112]" classname="com.dotmarketing.portlets.structure.model.ContentletRelationshipsTest" time="0.677"/>
  <testcase name="testDoesAllowOnlyOne[1: com.dotmarketing.portlets.structure.model.ContentletRelationshipsTest$CardinalityTestCase@4a1f2f52]" classname="com.dotmarketing.portlets.structure.model.ContentletRelationshipsTest" time="0.659"/>
  <testcase name="testDoesAllowOnlyOne[2: com.dotmarketing.portlets.structure.model.ContentletRelationshipsTest$CardinalityTestCase@4ffedac1]" classname="com.dotmarketing.portlets.structure.model.ContentletRelationshipsTest" time="0.669"/>
  <testcase name="testGetRelationshipRecords[0: com.dotmarketing.portlets.structure.model.ContentletRelationshipsTest$TestCase@5170c64b]" classname="com.dotmarketing.portlets.structure.model.ContentletRelationshipsTest" time="2.297"/>
  <testcase name="testGetRelationshipRecords[1: com.dotmarketing.portlets.structure.model.ContentletRelationshipsTest$TestCase@49d27766]" classname="com.dotmarketing.portlets.structure.model.ContentletRelationshipsTest" time="2.321"/>
  <testcase name="testGetRelationshipRecords[2: com.dotmarketing.portlets.structure.model.ContentletRelationshipsTest$TestCase@7a84b4b1]" classname="com.dotmarketing.portlets.structure.model.ContentletRelationshipsTest" time="2.165"/>
  <testcase name="testGetRelationshipRecords[3: com.dotmarketing.portlets.structure.model.ContentletRelationshipsTest$TestCase@439551f2]" classname="com.dotmarketing.portlets.structure.model.ContentletRelationshipsTest" time="2.073"/>
  <system-out><![CDATA[]]></system-out>
  <system-err><![CDATA[]]></system-err>
</testsuite>
