<?xml version="1.0" encoding="UTF-8"?>
<testsuite name="com.dotmarketing.startup.runonce.Task201102UpdateColumnSitelicTableTest" tests="1" skipped="0" failures="0" errors="0" timestamp="2023-07-10T17:08:44" hostname="fv-az450-691" time="0.018">
  <properties/>
  <testcase name="Test_Upgrade_Task" classname="com.dotmarketing.startup.runonce.Task201102UpdateColumnSitelicTableTest" time="0.018"/>
  <system-out><![CDATA[]]></system-out>
  <system-err><![CDATA[]]></system-err>
</testsuite>
