<?xml version="1.0" encoding="UTF-8"?>
<testsuite name="com.dotcms.rest.api.v1.vtl.VTLResourceIntegrationTest" tests="6" skipped="0" failures="0" errors="0" timestamp="2023-06-28T17:25:25" hostname="fv-az365-455" time="12.464">
  <properties/>
  <testcase name="testGet[0: com.dotcms.rest.api.v1.vtl.VTLResourceTestCase@6db56170]" classname="com.dotcms.rest.api.v1.vtl.VTLResourceIntegrationTest" time="2.487"/>
  <testcase name="testGet[1: com.dotcms.rest.api.v1.vtl.VTLResourceTestCase@64abddac]" classname="com.dotcms.rest.api.v1.vtl.VTLResourceIntegrationTest" time="1.872"/>
  <testcase name="testGet[2: com.dotcms.rest.api.v1.vtl.VTLResourceTestCase@25faf19c]" classname="com.dotcms.rest.api.v1.vtl.VTLResourceIntegrationTest" time="2.047"/>
  <testcase name="testGet[3: com.dotcms.rest.api.v1.vtl.VTLResourceTestCase@79dd4a8e]" classname="com.dotcms.rest.api.v1.vtl.VTLResourceIntegrationTest" time="2.098"/>
  <testcase name="testGet[4: com.dotcms.rest.api.v1.vtl.VTLResourceTestCase@3fa50a24]" classname="com.dotcms.rest.api.v1.vtl.VTLResourceIntegrationTest" time="1.974"/>
  <testcase name="testGet[5: com.dotcms.rest.api.v1.vtl.VTLResourceTestCase@5d9f6c1]" classname="com.dotcms.rest.api.v1.vtl.VTLResourceIntegrationTest" time="1.985"/>
  <system-out><![CDATA[]]></system-out>
  <system-err><![CDATA[]]></system-err>
</testsuite>
