<?xml version="1.0" encoding="UTF-8"?>
<testsuite name="com.dotcms.rendering.velocity.viewtools.navigation.NavToolTest" tests="19" skipped="0" failures="0" errors="0" timestamp="2023-06-28T02:57:08" hostname="fv-az422-786" time="40.788">
  <properties/>
  <testcase name="Test_Render_Menu_Items_On_Edit_Mode_Page_Mode[0: EDIT_MODE]" classname="com.dotcms.rendering.velocity.viewtools.navigation.NavToolTest" time="3.145"/>
  <testcase name="Test_Render_Menu_Items_On_Edit_Mode_Page_Mode[1: PREVIEW_MODE]" classname="com.dotcms.rendering.velocity.viewtools.navigation.NavToolTest" time="3.202"/>
  <testcase name="Test_Render_Menu_Items_On_Live_And_Admin_Page_Mode[0: LIVE]" classname="com.dotcms.rendering.velocity.viewtools.navigation.NavToolTest" time="2.206"/>
  <testcase name="Test_Render_Menu_Items_On_Live_And_Admin_Page_Mode[1: ADMIN_MODE]" classname="com.dotcms.rendering.velocity.viewtools.navigation.NavToolTest" time="1.701"/>
  <testcase name="testFolderDefaultPageToLanguageFalse" classname="com.dotcms.rendering.velocity.viewtools.navigation.NavToolTest" time="3.548"/>
  <testcase name="testFolderDefaultPageToLanguageTrue" classname="com.dotcms.rendering.velocity.viewtools.navigation.NavToolTest" time="2.008"/>
  <testcase name="testNavTool_getNav_SystemFolder_ShouldNotChangeSystemFolderHostId" classname="com.dotcms.rendering.velocity.viewtools.navigation.NavToolTest" time="2.543"/>
  <testcase name="testNavTool_rootLevel_returnItemsOnlyForSite" classname="com.dotcms.rendering.velocity.viewtools.navigation.NavToolTest" time="6.131"/>
  <testcase name="testRootLevelNavigation_WhenOneFileAssetIsShownOnMenu" classname="com.dotcms.rendering.velocity.viewtools.navigation.NavToolTest" time="7.093"/>
  <testcase name="testShouldAddFileInAnotherLang[0: com.dotcms.rendering.velocity.viewtools.navigation.NavToolTest$NavToolTestCase@6d92178d]" classname="com.dotcms.rendering.velocity.viewtools.navigation.NavToolTest" time="0.0"/>
  <testcase name="testShouldAddFileInAnotherLang[1: com.dotcms.rendering.velocity.viewtools.navigation.NavToolTest$NavToolTestCase@32271082]" classname="com.dotcms.rendering.velocity.viewtools.navigation.NavToolTest" time="0.0"/>
  <testcase name="testShouldAddFileInAnotherLang[2: com.dotcms.rendering.velocity.viewtools.navigation.NavToolTest$NavToolTestCase@5eb41297]" classname="com.dotcms.rendering.velocity.viewtools.navigation.NavToolTest" time="0.001"/>
  <testcase name="testShouldAddFileInAnotherLang[3: com.dotcms.rendering.velocity.viewtools.navigation.NavToolTest$NavToolTestCase@30621129]" classname="com.dotcms.rendering.velocity.viewtools.navigation.NavToolTest" time="0.0"/>
  <testcase name="testShouldAddFileInAnotherLang[4: com.dotcms.rendering.velocity.viewtools.navigation.NavToolTest$NavToolTestCase@4d3156d7]" classname="com.dotcms.rendering.velocity.viewtools.navigation.NavToolTest" time="0.001"/>
  <testcase name="test_getNavLevelAsParameter" classname="com.dotcms.rendering.velocity.viewtools.navigation.NavToolTest" time="2.923"/>
  <testcase name="test_getNavWithoutParameters" classname="com.dotcms.rendering.velocity.viewtools.navigation.NavToolTest" time="2.901"/>
  <testcase name="test_getNav_GivenLinkItems_ShouldOnlyShowLinksEditMode" classname="com.dotcms.rendering.velocity.viewtools.navigation.NavToolTest" time="1.228"/>
  <testcase name="test_getNav_GivenLinkItems_ShouldOnlyShowLiveLinksLiveMode" classname="com.dotcms.rendering.velocity.viewtools.navigation.NavToolTest" time="1.163"/>
  <testcase name="test_getNav_multilingualPage_shouldOnlyReturnOne" classname="com.dotcms.rendering.velocity.viewtools.navigation.NavToolTest" time="0.987"/>
  <system-out><![CDATA[]]></system-out>
  <system-err><![CDATA[]]></system-err>
</testsuite>
