<?xml version="1.0" encoding="UTF-8"?>
<testsuite name="com.dotcms.enterprise.priv.ESSearchProxyTest" tests="3" skipped="0" failures="0" errors="0" timestamp="2023-07-12T22:48:33" hostname="fv-az1259-223" time="3.313">
  <properties/>
  <testcase name="test_esSearch_WithoutLicense_Success" classname="com.dotcms.enterprise.priv.ESSearchProxyTest" time="0.04"/>
  <testcase name="test_esSearch_WithLicense_Success" classname="com.dotcms.enterprise.priv.ESSearchProxyTest" time="0.01"/>
  <testcase name="test_esSearch_WithDates_Success" classname="com.dotcms.enterprise.priv.ESSearchProxyTest" time="3.263"/>
  <system-out><![CDATA[]]></system-out>
  <system-err><![CDATA[]]></system-err>
</testsuite>
