<?xml version="1.0" encoding="UTF-8"?>
<testsuite name="com.dotcms.util.ImportUtilTest" tests="39" skipped="1" failures="0" errors="0" timestamp="2023-06-23T15:31:14" hostname="fv-az162-375" time="39.807">
  <properties/>
  <testcase name="importFile_success_when_lineContainsRelationships[0: com.dotcms.util.ImportUtilTest$RelationshipTestCase@7a2d4512]" classname="com.dotcms.util.ImportUtilTest" time="2.192"/>
  <testcase name="importFile_success_when_lineContainsRelationships[1: com.dotcms.util.ImportUtilTest$RelationshipTestCase@7b3225a0]" classname="com.dotcms.util.ImportUtilTest" time="2.015"/>
  <testcase name="importFile_success_when_lineContainsRelationships[2: com.dotcms.util.ImportUtilTest$RelationshipTestCase@4854ae5a]" classname="com.dotcms.util.ImportUtilTest" time="1.999"/>
  <testcase name="importFile_success_when_lineContainsRelationships[3: com.dotcms.util.ImportUtilTest$RelationshipTestCase@3039b42c]" classname="com.dotcms.util.ImportUtilTest" time="1.859"/>
  <testcase name="importFile_success_when_twoLinesHaveSameUniqueKeysButDifferentLanguage[0: UniqueTitle]" classname="com.dotcms.util.ImportUtilTest" time="0.146"/>
  <testcase name="importFile_success_when_twoLinesHaveSameUniqueKeysButDifferentLanguage[1: A+ Student]" classname="com.dotcms.util.ImportUtilTest" time="0.13"/>
  <testcase name="importFile_success_when_twoLinesHaveSameUniqueKeysButDifferentLanguage[2: aaa-bbb-ccc]" classname="com.dotcms.util.ImportUtilTest" time="0.125"/>
  <testcase name="importFile_success_when_twoLinesHaveSameUniqueKeysButDifferentLanguage[3: valid - field]" classname="com.dotcms.util.ImportUtilTest" time="0.128"/>
  <testcase name="importFile_success_when_twoLinesHaveSameUniqueKeysButDifferentLanguage[4: with &quot; quotes]" classname="com.dotcms.util.ImportUtilTest" time="0.156"/>
  <testcase name="importFile_success_when_twoLinesHaveSameUniqueKeysButDifferentLanguage[5: with special characters + [ ] { } * ( ) : &amp;&amp; ! | ^ ~ ?]" classname="com.dotcms.util.ImportUtilTest" time="0.128"/>
  <testcase name="importFile_success_when_twoLinesHaveSameUniqueKeysButDifferentLanguage[6: CASEINSENSITIVE]" classname="com.dotcms.util.ImportUtilTest" time="0.132"/>
  <testcase name="importFile_success_when_twoLinesHaveSameUniqueKeysButDifferentLanguage[7: with chinese characters 好 心 面]" classname="com.dotcms.util.ImportUtilTest" time="0.131"/>
  <testcase name="importFile_success_when_twoLinesHaveDifferentUniqueNumberKeys" classname="com.dotcms.util.ImportUtilTest" time="0.155"/>
  <testcase name="importFile_success_when_lineContainsBothSidedSelfRelationship" classname="com.dotcms.util.ImportUtilTest" time="2.402"/>
  <testcase name="importFile_updateRelatedContentWithTheSameIdentifier_doesNotThrowException" classname="com.dotcms.util.ImportUtilTest" time="2.032"/>
  <testcase name="importFile_success_when_importLinesWithShortActionId" classname="com.dotcms.util.ImportUtilTest" time="1.57"/>
  <testcase name="importFile_updateRelatedContentWithEmptyColumn_shouldWipeOutRelatedContentList" classname="com.dotcms.util.ImportUtilTest" time="1.957"/>
  <testcase name="importFileWithwfActionIdAndPartialPermissionsOnActionId_success_when_importLinesWithActionsId_ExceptoOneWithCheckinMethod" classname="com.dotcms.util.ImportUtilTest" time="1.628"/>
  <testcase name="importFile_fails_when_twoLinesHaveSameUniqueKeys[0: UniqueTitle]" classname="com.dotcms.util.ImportUtilTest" time="0.159"/>
  <testcase name="importFile_fails_when_twoLinesHaveSameUniqueKeys[1: A+ Student]" classname="com.dotcms.util.ImportUtilTest" time="0.179"/>
  <testcase name="importFile_fails_when_twoLinesHaveSameUniqueKeys[2: aaa-bbb-ccc]" classname="com.dotcms.util.ImportUtilTest" time="0.143"/>
  <testcase name="importFile_fails_when_twoLinesHaveSameUniqueKeys[3: valid - field]" classname="com.dotcms.util.ImportUtilTest" time="0.148"/>
  <testcase name="importFile_fails_when_twoLinesHaveSameUniqueKeys[4: with &quot; quotes]" classname="com.dotcms.util.ImportUtilTest" time="0.151"/>
  <testcase name="importFile_fails_when_twoLinesHaveSameUniqueKeys[5: with special characters + [ ] { } * ( ) : &amp;&amp; ! | ^ ~ ?]" classname="com.dotcms.util.ImportUtilTest" time="0.14"/>
  <testcase name="importFile_fails_when_twoLinesHaveSameUniqueKeys[6: CASEINSENSITIVE]" classname="com.dotcms.util.ImportUtilTest" time="0.147"/>
  <testcase name="importFile_fails_when_twoLinesHaveSameUniqueKeys[7: with chinese characters 好 心 面]" classname="com.dotcms.util.ImportUtilTest" time="0.146"/>
  <testcase name="importFile_success_when_lineContainsLegacySelfRelatedContent" classname="com.dotcms.util.ImportUtilTest" time="2.271"/>
  <testcase name="importFileWithoutwfActionIdOrWithoutPermissionsOnActionId_success_when_importLinesWithCheckinMethod" classname="com.dotcms.util.ImportUtilTest" time="0.802"/>
  <testcase name="importFile_importBinaryFieldUsingURL_success" classname="com.dotcms.util.ImportUtilTest" time="1.949"/>
  <testcase name="importFile_importContentWithOptionalBinaryField_success" classname="com.dotcms.util.ImportUtilTest" time="1.384"/>
  <testcase name="importFile_fails_when_twoLinesHaveSameUniqueNumberKeys" classname="com.dotcms.util.ImportUtilTest" time="0.147"/>
  <testcase name="importFileWithwfActionIdAndPartialPermissionsOnActionId_success_when_importLinesWithPartialCheckinMethod" classname="com.dotcms.util.ImportUtilTest" time="1.66"/>
  <testcase name="importFile_success_when_importLinesUpdateExistingContent" classname="com.dotcms.util.ImportUtilTest" time="4.835"/>
  <testcase name="importFile_success_when_lineContainsOneSidedSelfRelationship" classname="com.dotcms.util.ImportUtilTest" time="1.834"/>
  <testcase name="importLine_shouldRetainCategoriesIfHeaderNotSent" classname="com.dotcms.util.ImportUtilTest" time="2.003"/>
  <testcase name="importFile_importBinaryFieldUsingURL_failed_URLsareNotValid" classname="com.dotcms.util.ImportUtilTest" time="0.573"/>
  <testcase name="importFile_updateRelatedContentWithoutRelationshipFieldColumn_shouldKeepRelatedContentList" classname="com.dotcms.util.ImportUtilTest" time="2.011"/>
  <testcase name="importFile_success_when_twoLinesHaveDifferentUniqueKeys" classname="com.dotcms.util.ImportUtilTest" time="0.229"/>
  <testcase name="importFile" classname="com.dotcms.util.ImportUtilTest" time="0.0">
    <skipped/>
  </testcase>
  <system-out><![CDATA[]]></system-out>
  <system-err><![CDATA[]]></system-err>
</testsuite>
