<?xml version="1.0" encoding="UTF-8"?>
<testsuite name="com.dotcms.rest.api.v1.versionable.VersionableResourceTest" tests="24" skipped="0" failures="0" errors="0" timestamp="2023-07-18T22:22:52" hostname="fv-az749-132" time="33.401">
  <properties/>
  <testcase name="test_findVersion_inodeDoesNotExist_return404" classname="com.dotcms.rest.api.v1.versionable.VersionableResourceTest" time="0.73"/>
  <testcase name="test_restoreVersion_inodeDoesNotExist_return404" classname="com.dotcms.rest.api.v1.versionable.VersionableResourceTest" time="0.723"/>
  <testcase name="test_deleteVersion_limitedUserWithoutEditPermission_contentlet_return403" classname="com.dotcms.rest.api.v1.versionable.VersionableResourceTest" time="2.531"/>
  <testcase name="test_findAllVersions_container_success" classname="com.dotcms.rest.api.v1.versionable.VersionableResourceTest" time="1.193"/>
  <testcase name="test_findAllVersion_identifierDoesNotExist_return404" classname="com.dotcms.rest.api.v1.versionable.VersionableResourceTest" time="0.723"/>
  <testcase name="test_deleteVersion_limitedUserWithoutEditPermission_container_return403" classname="com.dotcms.rest.api.v1.versionable.VersionableResourceTest" time="2.048"/>
  <testcase name="test_findAllVersions_contentlet_success" classname="com.dotcms.rest.api.v1.versionable.VersionableResourceTest" time="1.355"/>
  <testcase name="test_findAllVersions_limitedUserWithoutViewPermission_contentlet_return403" classname="com.dotcms.rest.api.v1.versionable.VersionableResourceTest" time="1.712"/>
  <testcase name="test_deleteVersion_versionIsWorkingOrLive_container_return400" classname="com.dotcms.rest.api.v1.versionable.VersionableResourceTest" time="1.378"/>
  <testcase name="test_findVersion_contentlet_success" classname="com.dotcms.rest.api.v1.versionable.VersionableResourceTest" time="1.035"/>
  <testcase name="test_findVersion_template_success" classname="com.dotcms.rest.api.v1.versionable.VersionableResourceTest" time="0.925"/>
  <testcase name="test_restoreVersion_limitedUserWithoutEditPermission_container_return403" classname="com.dotcms.rest.api.v1.versionable.VersionableResourceTest" time="1.74"/>
  <testcase name="test_findVersion_limitedUserWithoutViewPermission_contentlet_return403" classname="com.dotcms.rest.api.v1.versionable.VersionableResourceTest" time="2.151"/>
  <testcase name="test_findVersion_container_success" classname="com.dotcms.rest.api.v1.versionable.VersionableResourceTest" time="1.16"/>
  <testcase name="test_findAllVersions_limitedUserWithoutViewPermission_template_return403" classname="com.dotcms.rest.api.v1.versionable.VersionableResourceTest" time="1.782"/>
  <testcase name="test_deleteVersion_container_success" classname="com.dotcms.rest.api.v1.versionable.VersionableResourceTest" time="1.278"/>
  <testcase name="test_findAllVersions_link_success" classname="com.dotcms.rest.api.v1.versionable.VersionableResourceTest" time="1.103"/>
  <testcase name="test_findVersion_link_success" classname="com.dotcms.rest.api.v1.versionable.VersionableResourceTest" time="0.965"/>
  <testcase name="test_deleteVersion_contentlet_success" classname="com.dotcms.rest.api.v1.versionable.VersionableResourceTest" time="1.146"/>
  <testcase name="test_restoreVersion_container_success" classname="com.dotcms.rest.api.v1.versionable.VersionableResourceTest" time="1.888"/>
  <testcase name="test_deleteVersion_versionIsWorkingOrLive_contentlet_return400" classname="com.dotcms.rest.api.v1.versionable.VersionableResourceTest" time="1.134"/>
  <testcase name="test_findVersion_limitedUserWithoutViewPermission_template_return403" classname="com.dotcms.rest.api.v1.versionable.VersionableResourceTest" time="1.737"/>
  <testcase name="test_findAllVersions_template_success" classname="com.dotcms.rest.api.v1.versionable.VersionableResourceTest" time="1.234"/>
  <testcase name="test_findVersion_limitedUserWithoutViewPermission_container_return403" classname="com.dotcms.rest.api.v1.versionable.VersionableResourceTest" time="1.728"/>
  <system-out><![CDATA[]]></system-out>
  <system-err><![CDATA[]]></system-err>
</testsuite>
