<?xml version="1.0" encoding="UTF-8"?>
<testsuite name="com.dotcms.vanityurl.business.VanityUrlAPITest" tests="15" skipped="0" failures="0" errors="0" timestamp="2023-06-27T20:00:58" hostname="fv-az1246-735" time="129.858">
  <properties/>
  <testcase name="Test_Vanity_URI_Missing_URI_Expect_Validation_Exception" classname="com.dotcms.vanityurl.business.VanityUrlAPITest" time="16.197"/>
  <testcase name="testing_the_from_contentlet_method" classname="com.dotcms.vanityurl.business.VanityUrlAPITest" time="4.17"/>
  <testcase name="vanities_resolve_once_they_are_published" classname="com.dotcms.vanityurl.business.VanityUrlAPITest" time="3.953"/>
  <testcase name="test_that_regex_does_not_catch_regular_strings" classname="com.dotcms.vanityurl.business.VanityUrlAPITest" time="7.997"/>
  <testcase name="test_publish_unpublish_on_system_vanity" classname="com.dotcms.vanityurl.business.VanityUrlAPITest" time="4.102"/>
  <testcase name="vanities_resolve_correctly_after_url_has_been_updated" classname="com.dotcms.vanityurl.business.VanityUrlAPITest" time="5.028"/>
  <testcase name="insure_vanitys_have_proper_response_actions_set" classname="com.dotcms.vanityurl.business.VanityUrlAPITest" time="4.164"/>
  <testcase name="differentSitesTest" classname="com.dotcms.vanityurl.business.VanityUrlAPITest" time="9.909"/>
  <testcase name="Test_Vanity_URI_Ending_With_Forward_Slash_Handles_Non_forward_Slash_Ending_URL" classname="com.dotcms.vanityurl.business.VanityUrlAPITest" time="5.073"/>
  <testcase name="cache_404_Test" classname="com.dotcms.vanityurl.business.VanityUrlAPITest" time="4.063"/>
  <testcase name="resolving_multilingual_vanities_with_default_language_unpublished" classname="com.dotcms.vanityurl.business.VanityUrlAPITest" time="5.511"/>
  <testcase name="vanities_resolve_correctly_after_action_has_been_updated" classname="com.dotcms.vanityurl.business.VanityUrlAPITest" time="5.202"/>
  <testcase name="testing_vanityurl_ordering" classname="com.dotcms.vanityurl.business.VanityUrlAPITest" time="41.252"/>
  <testcase name="does_a_site_specific_vanity_override_system_host_vanity" classname="com.dotcms.vanityurl.business.VanityUrlAPITest" time="8.878"/>
  <testcase name="working_vanities_do_not_resolve" classname="com.dotcms.vanityurl.business.VanityUrlAPITest" time="4.358"/>
  <system-out><![CDATA[]]></system-out>
  <system-err><![CDATA[]]></system-err>
</testsuite>
