<?xml version="1.0" encoding="UTF-8"?>
<testsuite name="com.dotmarketing.business.web.UserWebAPIImplTest" tests="5" skipped="0" failures="0" errors="0" timestamp="2023-06-29T18:07:24" hostname="fv-az453-135" time="0.044">
  <properties/>
  <testcase name="test_isLoggedToFrontend" classname="com.dotmarketing.business.web.UserWebAPIImplTest" time="0.009"/>
  <testcase name="test_getUser" classname="com.dotmarketing.business.web.UserWebAPIImplTest" time="0.006"/>
  <testcase name="test_getLoggedInFrontendUser" classname="com.dotmarketing.business.web.UserWebAPIImplTest" time="0.004"/>
  <testcase name="test_getLoggedInUser" classname="com.dotmarketing.business.web.UserWebAPIImplTest" time="0.005"/>
  <testcase name="test_isLoggedToBackend" classname="com.dotmarketing.business.web.UserWebAPIImplTest" time="0.011"/>
  <system-out><![CDATA[]]></system-out>
  <system-err><![CDATA[]]></system-err>
</testsuite>
