<?xml version="1.0" encoding="UTF-8"?>
<testsuite name="com.dotcms.contenttype.test.ContentTypeBuilderTest" tests="3" skipped="0" failures="0" errors="0" timestamp="2023-06-26T19:43:17" hostname="fv-az351-37" time="0.016">
  <properties/>
  <testcase name="testCopy" classname="com.dotcms.contenttype.test.ContentTypeBuilderTest" time="0.0"/>
  <testcase name="testEquals" classname="com.dotcms.contenttype.test.ContentTypeBuilderTest" time="0.001"/>
  <testcase name="testAllContentTypeBuilders" classname="com.dotcms.contenttype.test.ContentTypeBuilderTest" time="0.015"/>
  <system-out><![CDATA[]]></system-out>
  <system-err><![CDATA[]]></system-err>
</testsuite>
