<?xml version="1.0" encoding="UTF-8"?>
<testsuite name="com.dotmarketing.portlets.contentlet.model.IntegrationResourceLinkTest" tests="4" skipped="0" failures="0" errors="0" timestamp="2023-07-17T16:42:43" hostname="fv-az493-152" time="4.469">
  <properties/>
  <testcase name="test_newContentlet_withoutBinary_expectEmptyLink" classname="com.dotmarketing.portlets.contentlet.model.IntegrationResourceLinkTest" time="0.426"/>
  <testcase name="test_vtl_ResourceLink_WithLimitedUser_Expect_Downloadable_No_Port_Number" classname="com.dotmarketing.portlets.contentlet.model.IntegrationResourceLinkTest" time="0.761"/>
  <testcase name="test_contentletWithoutInode_expectEmptyLink" classname="com.dotmarketing.portlets.contentlet.model.IntegrationResourceLinkTest" time="2.605"/>
  <testcase name="test_Text_ResourceLink_Expect_Downloadable_No_Port_Number_Dot_Asset" classname="com.dotmarketing.portlets.contentlet.model.IntegrationResourceLinkTest" time="0.677"/>
  <system-out><![CDATA[]]></system-out>
  <system-err><![CDATA[]]></system-err>
</testsuite>
