<?xml version="1.0" encoding="UTF-8"?>
<testsuite name="com.dotcms.rest.api.v1.taillog.TailLogResourceTest" tests="1" skipped="0" failures="0" errors="0" timestamp="2023-06-30T19:01:33" hostname="fv-az247-376" time="30.025">
  <properties/>
  <testcase name="testTailLogResource" classname="com.dotcms.rest.api.v1.taillog.TailLogResourceTest" time="30.025"/>
  <system-out><![CDATA[]]></system-out>
  <system-err><![CDATA[]]></system-err>
</testsuite>
