<?xml version="1.0" encoding="UTF-8"?>
<testsuite name="com.dotmarketing.business.DeterministicIdentifierAPITest" tests="16" skipped="0" failures="0" errors="0" timestamp="2023-06-29T21:11:40" hostname="fv-az674-164" time="1.055">
  <properties/>
  <testcase name="Test_Category_Path_Seed_And_Id" classname="com.dotmarketing.business.DeterministicIdentifierAPITest" time="0.02"/>
  <testcase name="Test_Language_Deterministic_Id[0: LanguageTestCase{expectedSeed='Language:es:US', expectedHash=4913155, langCode='es', countryCode='US', country='United States'}]" classname="com.dotmarketing.business.DeterministicIdentifierAPITest" time="0.001"/>
  <testcase name="Test_Language_Deterministic_Id[1: LanguageTestCase{expectedSeed='Language:ep:', expectedHash=5292269, langCode='ep', countryCode='', country=''}]" classname="com.dotmarketing.business.DeterministicIdentifierAPITest" time="0.001"/>
  <testcase name="Test_Language_Deterministic_Id[2: LanguageTestCase{expectedSeed='Language:sg:SAG', expectedHash=4713118, langCode='sg', countryCode='SAG', country=''}]" classname="com.dotmarketing.business.DeterministicIdentifierAPITest" time="0.001"/>
  <testcase name="Test_Language_Deterministic_Id[3: LanguageTestCase{expectedSeed='Language:en:NZ', expectedHash=5382528, langCode='en', countryCode='NZ', country='New Zealand'}]" classname="com.dotmarketing.business.DeterministicIdentifierAPITest" time="0.001"/>
  <testcase name="Test_Category_None_Persisted_Category_Should_Return_Deterministic_Id" classname="com.dotmarketing.business.DeterministicIdentifierAPITest" time="0.001"/>
  <testcase name="Test_Asset_Generate_Deterministic_Id_Best_Effort[0: TestCase{versionable=my.host1688072717100.com, parent=System Host, expectedName='my.host1688072717100.com', expectedType='Host'}]" classname="com.dotmarketing.business.DeterministicIdentifierAPITest" time="0.003"/>
  <testcase name="Test_Asset_Generate_Deterministic_Id_Best_Effort[1: TestCase{versionable=com.dotmarketing.portlets.contentlet.model.Contentlet@3138a472[map={modDate=2023-06-29 21:05:17.796, fileName=file9007261184417483748.txt, title=file9007261184417483748.txt, inode=e3eaeb28-b943-46c6-82e8-d9702fd7cef4, __IS_NEW_CONTENT__=true, disabledWYSIWYG=[], host=72311d78-2ab2-435f-bc8d-89d63a0fe3f5, stInode=33888b6f-7a8e-4069-b1b6-5c1aa9d0a48d, owner=system, identifier=8f682e6c-6ab5-40a9-a937-d4b14e13fe43, nullProperties=[wfExpireDate, wfPublishDate, wfActionAssign, wfActionId, wfActionComments, filterKey, whereToSend, wfNeverExpire, _path_to_move, timezoneId, iWantTo, wfPublishTime, wfExpireTime], languageId=1, fileAsset=/home/runner/work/core/custom/assets/e/3/e3eaeb28-b943-46c6-82e8-d9702fd7cef4/fileAsset/file9007261184417483748.txt, folder=6779dcc6-0ecd-4d95-bdc9-9555c5479ce5, __disable_workflow__=true, sortOrder=0, modUser=system},lowIndexPriority=false,variantId=DEFAULT], parent=com.dotmarketing.portlets.folders.model.Folder@40f029e0[identifier=6779dcc6-0ecd-4d95-bdc9-9555c5479ce5,name=testName1688072717790,sortOrder=0,showOnMenu=false,hostId=72311d78-2ab2-435f-bc8d-89d63a0fe3f5,type=folder,title=testTitle1688072717790,filesMasks=,defaultFileType=33888b6f-7a8e-4069-b1b6-5c1aa9d0a48d,modDate=2023-06-29 21:05:17.792,owner=&lt;null&gt;,iDate=2023-06-29 21:05:17.792,inode=6779dcc6-0ecd-4d95-bdc9-9555c5479ce5,path=/testName1688072717790/], expectedName='file9007261184417483748.txt', expectedType='FileAsset'}]" classname="com.dotmarketing.business.DeterministicIdentifierAPITest" time="0.003"/>
  <testcase name="Test_Asset_Generate_Deterministic_Id_Best_Effort[2: TestCase{versionable=com.dotmarketing.portlets.templates.model.Template@6a7f1e02, parent=my.host1688072717100.com, expectedName='testTitle1688072717883', expectedType='Template'}]" classname="com.dotmarketing.business.DeterministicIdentifierAPITest" time="0.002"/>
  <testcase name="Test_Asset_Generate_Deterministic_Id_Best_Effort[3: TestCase{versionable=com.dotmarketing.portlets.htmlpageasset.model.HTMLPageAsset@7e4ae55c[map={template=c671ca0c-d9c1-4957-b3b2-5d3b1cd3ef6f, owner=system, identifier=c784a911-9102-446e-bf73-99708b01f638, nullProperties=[wfExpireDate, wfPublishDate, wfActionAssign, wfActionId, wfActionComments, filterKey, whereToSend, wfNeverExpire, _path_to_move, timezoneId, iWantTo, wfPublishTime, wfExpireTime], modDate=2023-06-29 21:05:17.899, cachettl=0, _is_test_mode=true, languageId=1, title=test-page-title-1688072717895, httpsreq=, url=test-page-url-1688072717895, showOnMenu=, inode=6b969e34-5702-4cce-94d0-8201de8df8e5, folder=6779dcc6-0ecd-4d95-bdc9-9555c5479ce5, disabledWYSIWYG=[], sortOrder=1, modUser=system, host=72311d78-2ab2-435f-bc8d-89d63a0fe3f5, stInode=c541abb1-69b3-4bc5-8430-5e09e5239cc8, friendlyName=test-page-friendly-name-1688072717895},lowIndexPriority=false,variantId=DEFAULT], parent=com.dotmarketing.portlets.folders.model.Folder@40f029e0[identifier=6779dcc6-0ecd-4d95-bdc9-9555c5479ce5,name=testName1688072717790,sortOrder=0,showOnMenu=false,hostId=72311d78-2ab2-435f-bc8d-89d63a0fe3f5,type=folder,title=testTitle1688072717790,filesMasks=,defaultFileType=33888b6f-7a8e-4069-b1b6-5c1aa9d0a48d,modDate=2023-06-29 21:05:17.792,owner=&lt;null&gt;,iDate=2023-06-29 21:05:17.792,inode=6779dcc6-0ecd-4d95-bdc9-9555c5479ce5,path=/testName1688072717790/], expectedName='test-page-url-1688072717895', expectedType='htmlpageasset'}]" classname="com.dotmarketing.business.DeterministicIdentifierAPITest" time="0.002"/>
  <testcase name="Test_Asset_Generate_Deterministic_Id_Best_Effort[4: TestCase{versionable=com.dotmarketing.portlets.contentlet.model.Contentlet@7c8cd083[map={fileAsset2=/home/runner/work/core/custom/assets/c/d/cd40c1bd-e29d-45b5-b86f-b926ed6d0034/fileAsset2/test_binary1688072718782.png, modDate=2023-06-29 21:05:18.786, fileAsset1=/home/runner/work/core/custom/assets/c/d/cd40c1bd-e29d-45b5-b86f-b926ed6d0034/fileAsset1/test_binary1688072718782.jpg, title=blah, inode=cd40c1bd-e29d-45b5-b86f-b926ed6d0034, __IS_NEW_CONTENT__=true, disabledWYSIWYG=[], host=48190c8c-42c4-46af-8d1a-0cd5db894797, stInode=4e4f1473-5c59-444b-8c20-ea3c0bb03506, owner=system, identifier=53a1f9b0-c957-4796-b82d-25a1517f664c, nullProperties=[], languageId=1, image1=684d1bf8-44f4-43b3-be92-ba9aca542b5c, folder=SYSTEM_FOLDER, __disable_workflow__=true, sortOrder=0, modUser=system},lowIndexPriority=false,variantId=DEFAULT], parent=demo.dotcms.com, expectedName='test_binary1688072718782.jpg:test_binary1688072718782.png', expectedType='MultipleBinaries1688072718091'}]" classname="com.dotmarketing.business.DeterministicIdentifierAPITest" time="0.003"/>
  <testcase name="Test_Asset_Generate_Deterministic_Id_Best_Effort[5: TestCase{versionable=nameb406d1da04 : keyTagb406d1da04, parent=my.host1688072717100.com, expectedName='keyTagb406d1da04', expectedType='persona'}]" classname="com.dotmarketing.business.DeterministicIdentifierAPITest" time="0.003"/>
  <testcase name="Test_Similar_Content_Type_Wont_Clash" classname="com.dotmarketing.business.DeterministicIdentifierAPITest" time="0.381"/>
  <testcase name="Test_Generate_Folder_Identifier" classname="com.dotmarketing.business.DeterministicIdentifierAPITest" time="0.619"/>
  <testcase name="Test_Generate_Content_Type_Identifier[0: ContentTypeTestCase{contentType=KeyValueContentType{name=Language Variable, id=f4d7c1b8-2c88-4071-abf1-a5328977b07d, description=Default Content Type for Language Variables, defaultType=false, fixed=true, iDate=Thu Aug 31 16:38:49 UTC 2017, system=true, versionable=true, variable=Languagevariable, modDate=Thu Jun 29 20:03:55 UTC 2023, host=SYSTEM_HOST, siteName=systemHost, icon=language, sortOrder=0, folder=SYSTEM_FOLDER, folderPath=/, markedForDeletion=true, multilingualable=false}, expectedName='Languagevariable', expectedType='KeyValue'}]" classname="com.dotmarketing.business.DeterministicIdentifierAPITest" time="0.004"/>
  <testcase name="Test_Generate_Content_Type_Identifier[1: ContentTypeTestCase{contentType=SimpleContentType{name=testName1688072719128, id=392c5ac7-d3b8-48b4-938d-ee36f01ebb37, description=testDescription1688072719128, defaultType=false, fixed=false, iDate=Thu Jun 29 21:05:19 UTC 2023, system=false, versionable=true, multilingualable=false, variable=testVarname1688072719128, owner=system, modDate=Thu Jun 29 21:05:19 UTC 2023, host=48190c8c-42c4-46af-8d1a-0cd5db894797, siteName=demo.dotcms.com, icon=event_note, sortOrder=0, folder=SYSTEM_FOLDER, folderPath=/, requiredFields=[], markedForDeletion=false}, expectedName='testVarname1688072719128', expectedType='CONTENT'}]" classname="com.dotmarketing.business.DeterministicIdentifierAPITest" time="0.004"/>
  <system-out><![CDATA[]]></system-out>
  <system-err><![CDATA[]]></system-err>
</testsuite>
