<?xml version="1.0" encoding="UTF-8"?>
<testsuite name="com.dotcms.rest.api.v1.vtl.VTLResourceIntegrationTest" tests="6" skipped="0" failures="0" errors="0" timestamp="2023-07-05T22:52:50" hostname="fv-az614-79" time="12.344">
  <properties/>
  <testcase name="testGet[0: com.dotcms.rest.api.v1.vtl.VTLResourceTestCase@48aeb06b]" classname="com.dotcms.rest.api.v1.vtl.VTLResourceIntegrationTest" time="2.651"/>
  <testcase name="testGet[1: com.dotcms.rest.api.v1.vtl.VTLResourceTestCase@669e12c4]" classname="com.dotcms.rest.api.v1.vtl.VTLResourceIntegrationTest" time="1.847"/>
  <testcase name="testGet[2: com.dotcms.rest.api.v1.vtl.VTLResourceTestCase@7f236b]" classname="com.dotcms.rest.api.v1.vtl.VTLResourceIntegrationTest" time="1.948"/>
  <testcase name="testGet[3: com.dotcms.rest.api.v1.vtl.VTLResourceTestCase@878ba04]" classname="com.dotcms.rest.api.v1.vtl.VTLResourceIntegrationTest" time="1.965"/>
  <testcase name="testGet[4: com.dotcms.rest.api.v1.vtl.VTLResourceTestCase@35e86e88]" classname="com.dotcms.rest.api.v1.vtl.VTLResourceIntegrationTest" time="2.128"/>
  <testcase name="testGet[5: com.dotcms.rest.api.v1.vtl.VTLResourceTestCase@23f652c3]" classname="com.dotcms.rest.api.v1.vtl.VTLResourceIntegrationTest" time="1.805"/>
  <system-out><![CDATA[]]></system-out>
  <system-err><![CDATA[]]></system-err>
</testsuite>
