<?xml version="1.0" encoding="UTF-8"?>
<testsuite name="com.dotcms.rest.api.v1.vtl.VTLResourceIntegrationTest" tests="6" skipped="0" failures="0" errors="0" timestamp="2023-06-29T18:44:12" hostname="fv-az453-135" time="11.433">
  <properties/>
  <testcase name="testGet[0: com.dotcms.rest.api.v1.vtl.VTLResourceTestCase@16a59378]" classname="com.dotcms.rest.api.v1.vtl.VTLResourceIntegrationTest" time="1.566"/>
  <testcase name="testGet[1: com.dotcms.rest.api.v1.vtl.VTLResourceTestCase@4241e55e]" classname="com.dotcms.rest.api.v1.vtl.VTLResourceIntegrationTest" time="1.946"/>
  <testcase name="testGet[2: com.dotcms.rest.api.v1.vtl.VTLResourceTestCase@5e8f5f7b]" classname="com.dotcms.rest.api.v1.vtl.VTLResourceIntegrationTest" time="1.195"/>
  <testcase name="testGet[3: com.dotcms.rest.api.v1.vtl.VTLResourceTestCase@14407cf0]" classname="com.dotcms.rest.api.v1.vtl.VTLResourceIntegrationTest" time="2.871"/>
  <testcase name="testGet[4: com.dotcms.rest.api.v1.vtl.VTLResourceTestCase@2e440353]" classname="com.dotcms.rest.api.v1.vtl.VTLResourceIntegrationTest" time="1.798"/>
  <testcase name="testGet[5: com.dotcms.rest.api.v1.vtl.VTLResourceTestCase@636268d0]" classname="com.dotcms.rest.api.v1.vtl.VTLResourceIntegrationTest" time="2.055"/>
  <system-out><![CDATA[]]></system-out>
  <system-err><![CDATA[]]></system-err>
</testsuite>
