<?xml version="1.0" encoding="UTF-8"?>
<testsuite name="com.dotcms.filters.interceptor.meta.MetaWebInterceptorTest" tests="3" skipped="0" failures="0" errors="0" timestamp="2023-06-28T15:43:51" hostname="fv-az1135-364" time="0.024">
  <properties/>
  <testcase name="check_header_x_dot_server_config_disable_node_name" classname="com.dotcms.filters.interceptor.meta.MetaWebInterceptorTest" time="0.018"/>
  <testcase name="check_header_x_dot_server" classname="com.dotcms.filters.interceptor.meta.MetaWebInterceptorTest" time="0.005"/>
  <testcase name="check_header_x_dot_server_config_disable" classname="com.dotcms.filters.interceptor.meta.MetaWebInterceptorTest" time="0.001"/>
  <system-out><![CDATA[]]></system-out>
  <system-err><![CDATA[]]></system-err>
</testsuite>
