<?xml version="1.0" encoding="UTF-8"?>
<testsuite name="com.dotcms.business.SystemTableFactoryTest" tests="3" skipped="0" failures="0" errors="0" timestamp="2023-07-13T22:21:00" hostname="fv-az717-983" time="0.019">
  <properties/>
  <testcase name="test_find_all" classname="com.dotcms.business.SystemTableFactoryTest" time="0.01"/>
  <testcase name="test_double_insert" classname="com.dotcms.business.SystemTableFactoryTest" time="0.003"/>
  <testcase name="test_crud_success" classname="com.dotcms.business.SystemTableFactoryTest" time="0.006"/>
  <system-out><![CDATA[]]></system-out>
  <system-err><![CDATA[]]></system-err>
</testsuite>
