<?xml version="1.0" encoding="UTF-8"?>
<testsuite name="com.dotcms.rest.elasticsearch.ESContentResourcePortletTest" tests="8" skipped="0" failures="0" errors="0" timestamp="2023-07-24T15:28:56" hostname="fv-az571-935" time="9.832">
  <properties/>
  <testcase name="test_search_includeGrandChildCategory_success" classname="com.dotcms.rest.elasticsearch.ESContentResourcePortletTest" time="1.617"/>
  <testcase name="testSearch[0: com.dotcms.rest.elasticsearch.ESContentResourcePortletTest$TestCase@67ca8348]" classname="com.dotcms.rest.elasticsearch.ESContentResourcePortletTest" time="1.074"/>
  <testcase name="testSearch[1: com.dotcms.rest.elasticsearch.ESContentResourcePortletTest$TestCase@3877d664]" classname="com.dotcms.rest.elasticsearch.ESContentResourcePortletTest" time="1.415"/>
  <testcase name="testSearch[2: com.dotcms.rest.elasticsearch.ESContentResourcePortletTest$TestCase@f9275b]" classname="com.dotcms.rest.elasticsearch.ESContentResourcePortletTest" time="1.024"/>
  <testcase name="testSearch[3: com.dotcms.rest.elasticsearch.ESContentResourcePortletTest$TestCase@192efe0]" classname="com.dotcms.rest.elasticsearch.ESContentResourcePortletTest" time="1.35"/>
  <testcase name="testSearch[4: com.dotcms.rest.elasticsearch.ESContentResourcePortletTest$TestCase@32f1ec59]" classname="com.dotcms.rest.elasticsearch.ESContentResourcePortletTest" time="1.3"/>
  <testcase name="testSearch[5: com.dotcms.rest.elasticsearch.ESContentResourcePortletTest$TestCase@3433d895]" classname="com.dotcms.rest.elasticsearch.ESContentResourcePortletTest" time="1.027"/>
  <testcase name="testSearch[6: com.dotcms.rest.elasticsearch.ESContentResourcePortletTest$TestCase@7d39e2b7]" classname="com.dotcms.rest.elasticsearch.ESContentResourcePortletTest" time="1.023"/>
  <system-out><![CDATA[]]></system-out>
  <system-err><![CDATA[]]></system-err>
</testsuite>
