<?xml version="1.0" encoding="UTF-8"?>
<testsuite name="com.dotmarketing.servlets.ajax.AjaxDirectorServletIntegrationTest" tests="2" skipped="0" failures="0" errors="0" timestamp="2023-06-23T18:57:35" hostname="fv-az561-920" time="1.93">
  <properties/>
  <testcase name="testService[0: com.dotmarketing.servlets.ajax.AjaxDirectorServletTestCase@5e7ddbea]" classname="com.dotmarketing.servlets.ajax.AjaxDirectorServletIntegrationTest" time="0.512"/>
  <testcase name="testService[1: com.dotmarketing.servlets.ajax.AjaxDirectorServletTestCase@1cbdcc9d]" classname="com.dotmarketing.servlets.ajax.AjaxDirectorServletIntegrationTest" time="1.418"/>
  <system-out><![CDATA[]]></system-out>
  <system-err><![CDATA[]]></system-err>
</testsuite>
