<?xml version="1.0" encoding="UTF-8"?>
<testsuite name="com.dotmarketing.tag.business.TagAPITest" tests="27" skipped="0" failures="0" errors="0" timestamp="2023-07-18T20:24:22" hostname="fv-az344-517" time="27.885">
  <properties/>
  <testcase name="removeTagRelationAndTagWhenPossible" classname="com.dotmarketing.tag.business.TagAPITest" time="3.135"/>
  <testcase name="updateTag" classname="com.dotmarketing.tag.business.TagAPITest" time="0.006"/>
  <testcase name="editTag" classname="com.dotmarketing.tag.business.TagAPITest" time="0.003"/>
  <testcase name="validateTagCache" classname="com.dotmarketing.tag.business.TagAPITest" time="3.085"/>
  <testcase name="addTagInode" classname="com.dotmarketing.tag.business.TagAPITest" time="3.199"/>
  <testcase name="getTagsByInode" classname="com.dotmarketing.tag.business.TagAPITest" time="2.961"/>
  <testcase name="addTag" classname="com.dotmarketing.tag.business.TagAPITest" time="0.004"/>
  <testcase name="updateTagReferences" classname="com.dotmarketing.tag.business.TagAPITest" time="1.918"/>
  <testcase name="getTagInodesByInode" classname="com.dotmarketing.tag.business.TagAPITest" time="2.989"/>
  <testcase name="getTagInodesByTagId" classname="com.dotmarketing.tag.business.TagAPITest" time="2.894"/>
  <testcase name="getTagsForUserByUserId" classname="com.dotmarketing.tag.business.TagAPITest" time="0.004"/>
  <testcase name="getTagsInText" classname="com.dotmarketing.tag.business.TagAPITest" time="0.005"/>
  <testcase name="validatePersonaTags" classname="com.dotmarketing.tag.business.TagAPITest" time="1.403"/>
  <testcase name="deleteTag" classname="com.dotmarketing.tag.business.TagAPITest" time="0.006"/>
  <testcase name="getTagAndCreate" classname="com.dotmarketing.tag.business.TagAPITest" time="0.003"/>
  <testcase name="getFilteredTags" classname="com.dotmarketing.tag.business.TagAPITest" time="0.001"/>
  <testcase name="getAllTags" classname="com.dotmarketing.tag.business.TagAPITest" time="0.011"/>
  <testcase name="getTagByTagId" classname="com.dotmarketing.tag.business.TagAPITest" time="0.001"/>
  <testcase name="getTagsForUserByUserInode" classname="com.dotmarketing.tag.business.TagAPITest" time="0.003"/>
  <testcase name="testGetTagsByHostId_returnAllTagsOfAHost" classname="com.dotmarketing.tag.business.TagAPITest" time="0.001"/>
  <testcase name="getTagByNameAndHost" classname="com.dotmarketing.tag.business.TagAPITest" time="0.003"/>
  <testcase name="getTagByName" classname="com.dotmarketing.tag.business.TagAPITest" time="0.011"/>
  <testcase name="getTagInode" classname="com.dotmarketing.tag.business.TagAPITest" time="3.114"/>
  <testcase name="deleteTagInode" classname="com.dotmarketing.tag.business.TagAPITest" time="3.115"/>
  <testcase name="getSuggestedTag" classname="com.dotmarketing.tag.business.TagAPITest" time="0.002"/>
  <testcase name="saveTag" classname="com.dotmarketing.tag.business.TagAPITest" time="0.003"/>
  <testcase name="getTagsInText_givenTagWithPersonaSuffix_shouldNotCreateDup" classname="com.dotmarketing.tag.business.TagAPITest" time="0.002"/>
  <system-out><![CDATA[]]></system-out>
  <system-err><![CDATA[]]></system-err>
</testsuite>
