<?xml version="1.0" encoding="UTF-8"?>
<testsuite name="com.dotmarketing.portlets.browser.ajax.BrowserAjaxTest" tests="3" skipped="0" failures="0" errors="0" timestamp="2023-07-01T03:55:47" hostname="fv-az842-282" time="0.193">
  <properties/>
  <testcase name="testFolderTreeInfoWithInvalidFolderId" classname="com.dotmarketing.portlets.browser.ajax.BrowserAjaxTest" time="0.15"/>
  <testcase name="testSelectingSiteRoot" classname="com.dotmarketing.portlets.browser.ajax.BrowserAjaxTest" time="0.02"/>
  <testcase name="testExpectedFolderTreeInfo" classname="com.dotmarketing.portlets.browser.ajax.BrowserAjaxTest" time="0.022"/>
  <system-out><![CDATA[]]></system-out>
  <system-err><![CDATA[]]></system-err>
</testsuite>
