<?xml version="1.0" encoding="UTF-8"?>
<testsuite name="com.dotmarketing.portlets.structure.model.ContentletRelationshipsTest" tests="7" skipped="0" failures="0" errors="0" timestamp="2023-07-10T15:22:21" hostname="fv-az309-162" time="8.346">
  <properties/>
  <testcase name="testDoesAllowOnlyOne[0: com.dotmarketing.portlets.structure.model.ContentletRelationshipsTest$CardinalityTestCase@bc71b95]" classname="com.dotmarketing.portlets.structure.model.ContentletRelationshipsTest" time="0.394"/>
  <testcase name="testDoesAllowOnlyOne[1: com.dotmarketing.portlets.structure.model.ContentletRelationshipsTest$CardinalityTestCase@5f93372f]" classname="com.dotmarketing.portlets.structure.model.ContentletRelationshipsTest" time="0.41"/>
  <testcase name="testDoesAllowOnlyOne[2: com.dotmarketing.portlets.structure.model.ContentletRelationshipsTest$CardinalityTestCase@20563ed9]" classname="com.dotmarketing.portlets.structure.model.ContentletRelationshipsTest" time="0.388"/>
  <testcase name="testGetRelationshipRecords[0: com.dotmarketing.portlets.structure.model.ContentletRelationshipsTest$TestCase@74eee5ae]" classname="com.dotmarketing.portlets.structure.model.ContentletRelationshipsTest" time="1.869"/>
  <testcase name="testGetRelationshipRecords[1: com.dotmarketing.portlets.structure.model.ContentletRelationshipsTest$TestCase@47464315]" classname="com.dotmarketing.portlets.structure.model.ContentletRelationshipsTest" time="1.816"/>
  <testcase name="testGetRelationshipRecords[2: com.dotmarketing.portlets.structure.model.ContentletRelationshipsTest$TestCase@12a3e9d]" classname="com.dotmarketing.portlets.structure.model.ContentletRelationshipsTest" time="1.752"/>
  <testcase name="testGetRelationshipRecords[3: com.dotmarketing.portlets.structure.model.ContentletRelationshipsTest$TestCase@101b7897]" classname="com.dotmarketing.portlets.structure.model.ContentletRelationshipsTest" time="1.717"/>
  <system-out><![CDATA[]]></system-out>
  <system-err><![CDATA[]]></system-err>
</testsuite>
