<?xml version="1.0" encoding="UTF-8"?>
<testsuite name="com.dotmarketing.servlets.ajax.AjaxDirectorServletIntegrationTest" tests="2" skipped="0" failures="0" errors="0" timestamp="2023-07-17T22:46:03" hostname="fv-az407-374" time="3.358">
  <properties/>
  <testcase name="testService[0: com.dotmarketing.servlets.ajax.AjaxDirectorServletTestCase@13861213]" classname="com.dotmarketing.servlets.ajax.AjaxDirectorServletIntegrationTest" time="1.674"/>
  <testcase name="testService[1: com.dotmarketing.servlets.ajax.AjaxDirectorServletTestCase@5c4a72a7]" classname="com.dotmarketing.servlets.ajax.AjaxDirectorServletIntegrationTest" time="1.684"/>
  <system-out><![CDATA[]]></system-out>
  <system-err><![CDATA[]]></system-err>
</testsuite>
