<?xml version="1.0" encoding="UTF-8"?>
<testsuite name="com.dotmarketing.portlets.workflows.actionlet.VelocityScriptActionletAbortTest" tests="2" skipped="0" failures="0" errors="0" timestamp="2023-06-23T22:23:07" hostname="fv-az551-628" time="0.011">
  <properties/>
  <testcase name="Test_Velocity_Script_Actionlet_Abort_Stopped" classname="com.dotmarketing.portlets.workflows.actionlet.VelocityScriptActionletAbortTest" time="0.008"/>
  <testcase name="Test_Velocity_Script_Actionlet_Abort_Non_Stopped" classname="com.dotmarketing.portlets.workflows.actionlet.VelocityScriptActionletAbortTest" time="0.003"/>
  <system-out><![CDATA[]]></system-out>
  <system-err><![CDATA[]]></system-err>
</testsuite>
