<?xml version="1.0" encoding="UTF-8"?>
<testsuite name="com.dotcms.content.elasticsearch.business.ContentletIndexAPIImplTest" tests="14" skipped="0" failures="0" errors="0" timestamp="2023-07-10T21:53:04" hostname="fv-az487-466" time="139.836">
  <properties/>
  <testcase name="createContentIndexAndDelete" classname="com.dotcms.content.elasticsearch.business.ContentletIndexAPIImplTest" time="19.015"/>
  <testcase name="isDotCMSIndexName" classname="com.dotcms.content.elasticsearch.business.ContentletIndexAPIImplTest" time="0.001"/>
  <testcase name="addRemoveContentToIndex" classname="com.dotcms.content.elasticsearch.business.ContentletIndexAPIImplTest" time="14.739"/>
  <testcase name="removeContentFromIndexByStructureInode" classname="com.dotcms.content.elasticsearch.business.ContentletIndexAPIImplTest" time="3.155"/>
  <testcase name="test_indexContentList_with_diff_refresh_strategies" classname="com.dotcms.content.elasticsearch.business.ContentletIndexAPIImplTest" time="6.78"/>
  <testcase name="test_indexContentList_ContentTypeWithPageDetailNotExists" classname="com.dotcms.content.elasticsearch.business.ContentletIndexAPIImplTest" time="1.567"/>
  <testcase name="optimize" classname="com.dotcms.content.elasticsearch.business.ContentletIndexAPIImplTest" time="19.014"/>
  <testcase name="activateDeactivateIndex" classname="com.dotcms.content.elasticsearch.business.ContentletIndexAPIImplTest" time="18.812"/>
  <testcase name="testSearchIndexByDate" classname="com.dotcms.content.elasticsearch.business.ContentletIndexAPIImplTest" time="0.476"/>
  <testcase name="testGetIndexDocumentCountSuccess" classname="com.dotcms.content.elasticsearch.business.ContentletIndexAPIImplTest" time="0.005"/>
  <testcase name="testSearch" classname="com.dotcms.content.elasticsearch.business.ContentletIndexAPIImplTest" time="2.047"/>
  <testcase name="testRemoveContentFromIndex" classname="com.dotcms.content.elasticsearch.business.ContentletIndexAPIImplTest" time="18.385"/>
  <testcase name="testGetIndexDocumentCountWithInvalidIndexNameFails" classname="com.dotcms.content.elasticsearch.business.ContentletIndexAPIImplTest" time="0.02"/>
  <testcase name="test_that_live_and_working_content_makes_it_into_the_index" classname="com.dotcms.content.elasticsearch.business.ContentletIndexAPIImplTest" time="35.818"/>
  <system-out><![CDATA[]]></system-out>
  <system-err><![CDATA[]]></system-err>
</testsuite>
