<?xml version="1.0" encoding="UTF-8"?>
<testsuite name="com.dotcms.rendering.velocity.services.HTMLPageAssetRenderedTest" tests="52" skipped="0" failures="0" errors="0" timestamp="2023-07-18T22:30:52" hostname="fv-az193-732" time="168.457">
  <properties/>
  <testcase name="containerArchived_PageShouldResolve" classname="com.dotcms.rendering.velocity.services.HTMLPageAssetRenderedTest" time="2.309"/>
  <testcase name="ContentFallbackFalse_PageFallbackTrue_PageEnglishAndSpanish_ViewEnglishContent1And2_ViewSpanishContent2And3[0: DEFAULT]" classname="com.dotcms.rendering.velocity.services.HTMLPageAssetRenderedTest" time="4.003"/>
  <testcase name="ContentFallbackFalse_PageFallbackTrue_PageEnglishAndSpanish_ViewEnglishContent1And2_ViewSpanishContent2And3[1: FILE]" classname="com.dotcms.rendering.velocity.services.HTMLPageAssetRenderedTest" time="2.238"/>
  <testcase name="pageWithMultiplePersona" classname="com.dotcms.rendering.velocity.services.HTMLPageAssetRenderedTest" time="4.853"/>
  <testcase name="pageWithFileTemplateAdvancedShouldRender" classname="com.dotcms.rendering.velocity.services.HTMLPageAssetRenderedTest" time="3.17"/>
  <testcase name="containerTwiceIntoPage" classname="com.dotcms.rendering.velocity.services.HTMLPageAssetRenderedTest" time="3.365"/>
  <testcase name="pageWithFileTemplateDesignShouldRender" classname="com.dotcms.rendering.velocity.services.HTMLPageAssetRenderedTest" time="2.533"/>
  <testcase name="shouldReturnPageHTMLForLegacyUUID[0: DEFAULT]" classname="com.dotcms.rendering.velocity.services.HTMLPageAssetRenderedTest" time="1.115"/>
  <testcase name="shouldReturnPageHTMLForLegacyUUID[1: FILE]" classname="com.dotcms.rendering.velocity.services.HTMLPageAssetRenderedTest" time="1.033"/>
  <testcase name="test_WidgetPreExecuteCodeShowRegardlessPageMode[0: com.dotcms.rendering.velocity.services.HTMLPageAssetRenderedTest$WidgetPreExecuteCodeTestCase@7fa71dab]" classname="com.dotcms.rendering.velocity.services.HTMLPageAssetRenderedTest" time="2.851"/>
  <testcase name="test_WidgetPreExecuteCodeShowRegardlessPageMode[1: com.dotcms.rendering.velocity.services.HTMLPageAssetRenderedTest$WidgetPreExecuteCodeTestCase@53a74c55]" classname="com.dotcms.rendering.velocity.services.HTMLPageAssetRenderedTest" time="2.612"/>
  <testcase name="test_WidgetPreExecuteCodeShowRegardlessPageMode[2: com.dotcms.rendering.velocity.services.HTMLPageAssetRenderedTest$WidgetPreExecuteCodeTestCase@5a3a021c]" classname="com.dotcms.rendering.velocity.services.HTMLPageAssetRenderedTest" time="1.641"/>
  <testcase name="renderPageWithFileAssetImage" classname="com.dotcms.rendering.velocity.services.HTMLPageAssetRenderedTest" time="5.447"/>
  <testcase name="containerTwiceIntoPageAndTemplateLayout" classname="com.dotcms.rendering.velocity.services.HTMLPageAssetRenderedTest" time="4.174"/>
  <testcase name="shouldRenderTemplateAndContainers page Host: CURRENT Template Host: CURRENT Container Host: CURRENT" classname="com.dotcms.rendering.velocity.services.HTMLPageAssetRenderedTest" time="3.108"/>
  <testcase name="shouldRenderTemplateAndContainers page Host: CURRENT Template Host: CURRENT Container Host: ANOTHER" classname="com.dotcms.rendering.velocity.services.HTMLPageAssetRenderedTest" time="3.08"/>
  <testcase name="shouldRenderTemplateAndContainers page Host: CURRENT Template Host: ANOTHER Container Host: ANOTHER" classname="com.dotcms.rendering.velocity.services.HTMLPageAssetRenderedTest" time="2.976"/>
  <testcase name="shouldRenderTemplateAndContainers page Host: CURRENT Template Host: CURRENT Container Host: DEFAULT" classname="com.dotcms.rendering.velocity.services.HTMLPageAssetRenderedTest" time="2.989"/>
  <testcase name="shouldRenderTemplateAndContainers page Host: CURRENT Template Host: ANOTHER Container Host: DEFAULT" classname="com.dotcms.rendering.velocity.services.HTMLPageAssetRenderedTest" time="3.173"/>
  <testcase name="shouldRenderTemplateAndContainers page Host: CURRENT Template Host: CURRENT Container Host: CURRENT" classname="com.dotcms.rendering.velocity.services.HTMLPageAssetRenderedTest" time="3.025"/>
  <testcase name="shouldRenderTemplateAndContainers page Host: CURRENT Template Host: CURRENT Container Host: ANOTHER" classname="com.dotcms.rendering.velocity.services.HTMLPageAssetRenderedTest" time="3.846"/>
  <testcase name="shouldRenderTemplateAndContainers page Host: CURRENT Template Host: ANOTHER Container Host: ANOTHER" classname="com.dotcms.rendering.velocity.services.HTMLPageAssetRenderedTest" time="2.164"/>
  <testcase name="shouldRenderTemplateAndContainers page Host: CURRENT Template Host: CURRENT Container Host: DEFAULT" classname="com.dotcms.rendering.velocity.services.HTMLPageAssetRenderedTest" time="3.401"/>
  <testcase name="shouldRenderTemplateAndContainers page Host: CURRENT Template Host: ANOTHER Container Host: DEFAULT" classname="com.dotcms.rendering.velocity.services.HTMLPageAssetRenderedTest" time="2.686"/>
  <testcase name="shouldRenderTemplateAndContainers page Host: CURRENT Template Host: CURRENT Container Host: CURRENT" classname="com.dotcms.rendering.velocity.services.HTMLPageAssetRenderedTest" time="5.185"/>
  <testcase name="shouldRenderTemplateAndContainers page Host: CURRENT Template Host: CURRENT Container Host: ANOTHER" classname="com.dotcms.rendering.velocity.services.HTMLPageAssetRenderedTest" time="5.09"/>
  <testcase name="shouldRenderTemplateAndContainers page Host: CURRENT Template Host: ANOTHER Container Host: ANOTHER" classname="com.dotcms.rendering.velocity.services.HTMLPageAssetRenderedTest" time="5.121"/>
  <testcase name="shouldRenderTemplateAndContainers page Host: CURRENT Template Host: CURRENT Container Host: DEFAULT" classname="com.dotcms.rendering.velocity.services.HTMLPageAssetRenderedTest" time="6.274"/>
  <testcase name="shouldRenderTemplateAndContainers page Host: CURRENT Template Host: ANOTHER Container Host: DEFAULT" classname="com.dotcms.rendering.velocity.services.HTMLPageAssetRenderedTest" time="5.182"/>
  <testcase name="shouldRenderTemplateAndContainers page Host: CURRENT Template Host: CURRENT Container Host: CURRENT" classname="com.dotcms.rendering.velocity.services.HTMLPageAssetRenderedTest" time="5.961"/>
  <testcase name="shouldRenderTemplateAndContainers page Host: CURRENT Template Host: CURRENT Container Host: ANOTHER" classname="com.dotcms.rendering.velocity.services.HTMLPageAssetRenderedTest" time="6.072"/>
  <testcase name="shouldRenderTemplateAndContainers page Host: CURRENT Template Host: ANOTHER Container Host: ANOTHER" classname="com.dotcms.rendering.velocity.services.HTMLPageAssetRenderedTest" time="5.109"/>
  <testcase name="shouldRenderTemplateAndContainers page Host: CURRENT Template Host: CURRENT Container Host: DEFAULT" classname="com.dotcms.rendering.velocity.services.HTMLPageAssetRenderedTest" time="5.102"/>
  <testcase name="shouldRenderTemplateAndContainers page Host: CURRENT Template Host: ANOTHER Container Host: DEFAULT" classname="com.dotcms.rendering.velocity.services.HTMLPageAssetRenderedTest" time="4.978"/>
  <testcase name="renderPageWithDotAssetImage" classname="com.dotcms.rendering.velocity.services.HTMLPageAssetRenderedTest" time="4.028"/>
  <testcase name="ContentFallbackFalse_PageFallbackFalse_PageEnglishAndSpanish_ViewEnglishContent1And2_ViewSpanishContent2And3[0: DEFAULT]" classname="com.dotcms.rendering.velocity.services.HTMLPageAssetRenderedTest" time="1.057"/>
  <testcase name="ContentFallbackFalse_PageFallbackFalse_PageEnglishAndSpanish_ViewEnglishContent1And2_ViewSpanishContent2And3[1: FILE]" classname="com.dotcms.rendering.velocity.services.HTMLPageAssetRenderedTest" time="2.338"/>
  <testcase name="shouldReturnParserContainerUUID[0: DEFAULT]" classname="com.dotcms.rendering.velocity.services.HTMLPageAssetRenderedTest" time="1.652"/>
  <testcase name="shouldReturnParserContainerUUID[1: FILE]" classname="com.dotcms.rendering.velocity.services.HTMLPageAssetRenderedTest" time="1.523"/>
  <testcase name="constantField_notUpdatedCache_whenChanged[0: DEFAULT]" classname="com.dotcms.rendering.velocity.services.HTMLPageAssetRenderedTest" time="6.294"/>
  <testcase name="constantField_notUpdatedCache_whenChanged[1: FILE]" classname="com.dotcms.rendering.velocity.services.HTMLPageAssetRenderedTest" time="4.981"/>
  <testcase name="render_spanish_contentlets_on_english_page[0: DEFAULT]" classname="com.dotcms.rendering.velocity.services.HTMLPageAssetRenderedTest" time="1.42"/>
  <testcase name="render_spanish_contentlets_on_english_page[1: FILE]" classname="com.dotcms.rendering.velocity.services.HTMLPageAssetRenderedTest" time="1.43"/>
  <testcase name="pageWithSidebarShouldRender" classname="com.dotcms.rendering.velocity.services.HTMLPageAssetRenderedTest" time="5.924"/>
  <testcase name="ContentFallbackTrue_PageFallbackTrue_PageEnglishAndSpanish_ViewEnglishContent1And2_ViewSpanishContent1And2And3[0: DEFAULT]" classname="com.dotcms.rendering.velocity.services.HTMLPageAssetRenderedTest" time="2.181"/>
  <testcase name="ContentFallbackTrue_PageFallbackTrue_PageEnglishAndSpanish_ViewEnglishContent1And2_ViewSpanishContent1And2And3[1: FILE]" classname="com.dotcms.rendering.velocity.services.HTMLPageAssetRenderedTest" time="2.084"/>
  <testcase name="shouldReturnPageHTMLForLegacyUUIDAndMultiTree[0: DEFAULT]" classname="com.dotcms.rendering.velocity.services.HTMLPageAssetRenderedTest" time="1.267"/>
  <testcase name="shouldReturnPageHTMLForLegacyUUIDAndMultiTree[1: FILE]" classname="com.dotcms.rendering.velocity.services.HTMLPageAssetRenderedTest" time="1.026"/>
  <testcase name="shouldReturnPageHTMLForPersona[0: DEFAULT]" classname="com.dotcms.rendering.velocity.services.HTMLPageAssetRenderedTest" time="0.542"/>
  <testcase name="shouldReturnPageHTMLForPersona[1: FILE]" classname="com.dotcms.rendering.velocity.services.HTMLPageAssetRenderedTest" time="1.687"/>
  <testcase name="ContentFallbackFalse_PageFallbackTrue_PageEnglish_ViewEnglishContent1And2_ViewSpanishContent2And3[0: DEFAULT]" classname="com.dotcms.rendering.velocity.services.HTMLPageAssetRenderedTest" time="1.615"/>
  <testcase name="ContentFallbackFalse_PageFallbackTrue_PageEnglish_ViewEnglishContent1And2_ViewSpanishContent2And3[1: FILE]" classname="com.dotcms.rendering.velocity.services.HTMLPageAssetRenderedTest" time="1.519"/>
  <system-out><![CDATA[]]></system-out>
  <system-err><![CDATA[]]></system-err>
</testsuite>
