<?xml version="1.0" encoding="UTF-8"?>
<testsuite name="com.dotmarketing.business.DeterministicIdentifierAPITest" tests="16" skipped="0" failures="0" errors="0" timestamp="2023-06-30T20:55:03" hostname="fv-az442-763" time="1.545">
  <properties/>
  <testcase name="Test_Category_Path_Seed_And_Id" classname="com.dotmarketing.business.DeterministicIdentifierAPITest" time="0.02"/>
  <testcase name="Test_Language_Deterministic_Id[0: LanguageTestCase{expectedSeed='Language:es:US', expectedHash=4913155, langCode='es', countryCode='US', country='United States'}]" classname="com.dotmarketing.business.DeterministicIdentifierAPITest" time="0.001"/>
  <testcase name="Test_Language_Deterministic_Id[1: LanguageTestCase{expectedSeed='Language:ep:', expectedHash=5292269, langCode='ep', countryCode='', country=''}]" classname="com.dotmarketing.business.DeterministicIdentifierAPITest" time="0.001"/>
  <testcase name="Test_Language_Deterministic_Id[2: LanguageTestCase{expectedSeed='Language:sg:SAG', expectedHash=4713118, langCode='sg', countryCode='SAG', country=''}]" classname="com.dotmarketing.business.DeterministicIdentifierAPITest" time="0.001"/>
  <testcase name="Test_Language_Deterministic_Id[3: LanguageTestCase{expectedSeed='Language:en:NZ', expectedHash=5382528, langCode='en', countryCode='NZ', country='New Zealand'}]" classname="com.dotmarketing.business.DeterministicIdentifierAPITest" time="0.0"/>
  <testcase name="Test_Category_None_Persisted_Category_Should_Return_Deterministic_Id" classname="com.dotmarketing.business.DeterministicIdentifierAPITest" time="0.001"/>
  <testcase name="Test_Asset_Generate_Deterministic_Id_Best_Effort[0: TestCase{versionable=my.host1688158116809.com, parent=System Host, expectedName='my.host1688158116809.com', expectedType='Host'}]" classname="com.dotmarketing.business.DeterministicIdentifierAPITest" time="0.003"/>
  <testcase name="Test_Asset_Generate_Deterministic_Id_Best_Effort[1: TestCase{versionable=com.dotmarketing.portlets.contentlet.model.Contentlet@755073b[map={modDate=2023-06-30 20:48:37.545, fileName=file623833225984453716.txt, title=file623833225984453716.txt, inode=fab2e745-70fb-451d-ab43-e7cc0d8b327e, __IS_NEW_CONTENT__=true, disabledWYSIWYG=[], host=ab31b040-77d1-4d6a-8b02-8c568a0174df, stInode=33888b6f-7a8e-4069-b1b6-5c1aa9d0a48d, owner=system, identifier=020544b1-677f-4d37-a678-bcc6de5de101, nullProperties=[wfExpireDate, wfPublishDate, wfActionAssign, wfActionId, wfActionComments, filterKey, whereToSend, wfNeverExpire, _path_to_move, timezoneId, iWantTo, wfPublishTime, wfExpireTime], languageId=1, fileAsset=/home/runner/work/core/custom/assets/f/a/fab2e745-70fb-451d-ab43-e7cc0d8b327e/fileAsset/file623833225984453716.txt, folder=d31a8769-7ae0-4c6f-bacd-023a62c725b8, __disable_workflow__=true, sortOrder=0, modUser=system},lowIndexPriority=false,variantId=DEFAULT], parent=com.dotmarketing.portlets.folders.model.Folder@10fae0ce[identifier=d31a8769-7ae0-4c6f-bacd-023a62c725b8,name=testName1688158117539,sortOrder=0,showOnMenu=false,hostId=ab31b040-77d1-4d6a-8b02-8c568a0174df,type=folder,title=testTitle1688158117539,filesMasks=,defaultFileType=33888b6f-7a8e-4069-b1b6-5c1aa9d0a48d,modDate=2023-06-30 20:48:37.542,owner=&lt;null&gt;,iDate=2023-06-30 20:48:37.542,inode=d31a8769-7ae0-4c6f-bacd-023a62c725b8,path=/testName1688158117539/], expectedName='file623833225984453716.txt', expectedType='FileAsset'}]" classname="com.dotmarketing.business.DeterministicIdentifierAPITest" time="0.003"/>
  <testcase name="Test_Asset_Generate_Deterministic_Id_Best_Effort[2: TestCase{versionable=com.dotmarketing.portlets.templates.model.Template@15339a1b, parent=my.host1688158116809.com, expectedName='testTitle1688158117625', expectedType='Template'}]" classname="com.dotmarketing.business.DeterministicIdentifierAPITest" time="0.002"/>
  <testcase name="Test_Asset_Generate_Deterministic_Id_Best_Effort[3: TestCase{versionable=com.dotmarketing.portlets.htmlpageasset.model.HTMLPageAsset@4c9c6081[map={template=922e7527-9d77-43c8-b660-ef7b2a9b57ec, owner=system, identifier=9e2eee43-c4e1-461e-bb5c-56be49123cc5, nullProperties=[wfExpireDate, wfPublishDate, wfActionAssign, wfActionId, wfActionComments, filterKey, whereToSend, wfNeverExpire, _path_to_move, timezoneId, iWantTo, wfPublishTime, wfExpireTime], modDate=2023-06-30 20:48:37.637, cachettl=0, _is_test_mode=true, languageId=1, title=test-page-title-1688158117634, httpsreq=, url=test-page-url-1688158117634, showOnMenu=, inode=168bd21e-e31b-48ad-9ebb-d112c78e2fab, folder=d31a8769-7ae0-4c6f-bacd-023a62c725b8, disabledWYSIWYG=[], sortOrder=1, modUser=system, host=ab31b040-77d1-4d6a-8b02-8c568a0174df, stInode=c541abb1-69b3-4bc5-8430-5e09e5239cc8, friendlyName=test-page-friendly-name-1688158117634},lowIndexPriority=false,variantId=DEFAULT], parent=com.dotmarketing.portlets.folders.model.Folder@10fae0ce[identifier=d31a8769-7ae0-4c6f-bacd-023a62c725b8,name=testName1688158117539,sortOrder=0,showOnMenu=false,hostId=ab31b040-77d1-4d6a-8b02-8c568a0174df,type=folder,title=testTitle1688158117539,filesMasks=,defaultFileType=33888b6f-7a8e-4069-b1b6-5c1aa9d0a48d,modDate=2023-06-30 20:48:37.542,owner=&lt;null&gt;,iDate=2023-06-30 20:48:37.542,inode=d31a8769-7ae0-4c6f-bacd-023a62c725b8,path=/testName1688158117539/], expectedName='test-page-url-1688158117634', expectedType='htmlpageasset'}]" classname="com.dotmarketing.business.DeterministicIdentifierAPITest" time="0.003"/>
  <testcase name="Test_Asset_Generate_Deterministic_Id_Best_Effort[4: TestCase{versionable=com.dotmarketing.portlets.contentlet.model.Contentlet@44c1a795[map={fileAsset2=/home/runner/work/core/custom/assets/2/1/21ebbe39-7348-44c3-9ea6-17d8a6a50ec8/fileAsset2/test_binary1688158118527.png, modDate=2023-06-30 20:48:38.531, fileAsset1=/home/runner/work/core/custom/assets/2/1/21ebbe39-7348-44c3-9ea6-17d8a6a50ec8/fileAsset1/test_binary1688158118527.jpg, title=blah, inode=21ebbe39-7348-44c3-9ea6-17d8a6a50ec8, __IS_NEW_CONTENT__=true, disabledWYSIWYG=[], host=48190c8c-42c4-46af-8d1a-0cd5db894797, stInode=10c2779f-7180-4562-b618-003ab12bd99c, owner=system, identifier=161b7069-3ce3-48ea-91a0-ac0f7a1a1efe, nullProperties=[], languageId=1, image1=113e6784-bc84-4174-8163-e337a56bcfd2, folder=SYSTEM_FOLDER, __disable_workflow__=true, sortOrder=0, modUser=system},lowIndexPriority=false,variantId=DEFAULT], parent=demo.dotcms.com, expectedName='test_binary1688158118527.jpg:test_binary1688158118527.png', expectedType='MultipleBinaries1688158117773'}]" classname="com.dotmarketing.business.DeterministicIdentifierAPITest" time="0.003"/>
  <testcase name="Test_Asset_Generate_Deterministic_Id_Best_Effort[5: TestCase{versionable=name195bc7d301 : keyTag195bc7d301, parent=my.host1688158116809.com, expectedName='keyTag195bc7d301', expectedType='persona'}]" classname="com.dotmarketing.business.DeterministicIdentifierAPITest" time="0.002"/>
  <testcase name="Test_Similar_Content_Type_Wont_Clash" classname="com.dotmarketing.business.DeterministicIdentifierAPITest" time="0.547"/>
  <testcase name="Test_Generate_Folder_Identifier" classname="com.dotmarketing.business.DeterministicIdentifierAPITest" time="0.949"/>
  <testcase name="Test_Generate_Content_Type_Identifier[0: ContentTypeTestCase{contentType=KeyValueContentType{name=Language Variable, id=f4d7c1b8-2c88-4071-abf1-a5328977b07d, description=Default Content Type for Language Variables, defaultType=false, fixed=true, iDate=Thu Aug 31 16:38:49 UTC 2017, system=true, versionable=true, variable=Languagevariable, modDate=Fri Jun 30 19:45:15 UTC 2023, host=SYSTEM_HOST, siteName=systemHost, icon=language, sortOrder=0, folder=SYSTEM_FOLDER, folderPath=/, markedForDeletion=true, multilingualable=false}, expectedName='Languagevariable', expectedType='KeyValue'}]" classname="com.dotmarketing.business.DeterministicIdentifierAPITest" time="0.003"/>
  <testcase name="Test_Generate_Content_Type_Identifier[1: ContentTypeTestCase{contentType=SimpleContentType{name=testName1688158118899, id=6772e0ef-1b2a-4bc0-913e-792130846478, description=testDescription1688158118899, defaultType=false, fixed=false, iDate=Fri Jun 30 20:48:38 UTC 2023, system=false, versionable=true, multilingualable=false, variable=testVarname1688158118899, owner=system, modDate=Fri Jun 30 20:48:39 UTC 2023, host=48190c8c-42c4-46af-8d1a-0cd5db894797, siteName=demo.dotcms.com, icon=event_note, sortOrder=0, folder=SYSTEM_FOLDER, folderPath=/, requiredFields=[], markedForDeletion=false}, expectedName='testVarname1688158118899', expectedType='CONTENT'}]" classname="com.dotmarketing.business.DeterministicIdentifierAPITest" time="0.003"/>
  <system-out><![CDATA[]]></system-out>
  <system-err><![CDATA[]]></system-err>
</testsuite>
