<?xml version="1.0" encoding="UTF-8"?>
<testsuite name="com.dotcms.rest.api.v1.vtl.VTLResourceIntegrationTest" tests="6" skipped="0" failures="0" errors="0" timestamp="2023-06-28T20:26:01" hostname="fv-az617-914" time="12.388">
  <properties/>
  <testcase name="testGet[0: com.dotcms.rest.api.v1.vtl.VTLResourceTestCase@3260abb7]" classname="com.dotcms.rest.api.v1.vtl.VTLResourceIntegrationTest" time="2.551"/>
  <testcase name="testGet[1: com.dotcms.rest.api.v1.vtl.VTLResourceTestCase@7b2f282b]" classname="com.dotcms.rest.api.v1.vtl.VTLResourceIntegrationTest" time="1.898"/>
  <testcase name="testGet[2: com.dotcms.rest.api.v1.vtl.VTLResourceTestCase@491a6b0b]" classname="com.dotcms.rest.api.v1.vtl.VTLResourceIntegrationTest" time="2.32"/>
  <testcase name="testGet[3: com.dotcms.rest.api.v1.vtl.VTLResourceTestCase@2ecb9890]" classname="com.dotcms.rest.api.v1.vtl.VTLResourceIntegrationTest" time="1.837"/>
  <testcase name="testGet[4: com.dotcms.rest.api.v1.vtl.VTLResourceTestCase@19c1a3ed]" classname="com.dotcms.rest.api.v1.vtl.VTLResourceIntegrationTest" time="1.825"/>
  <testcase name="testGet[5: com.dotcms.rest.api.v1.vtl.VTLResourceTestCase@1badae8e]" classname="com.dotcms.rest.api.v1.vtl.VTLResourceIntegrationTest" time="1.956"/>
  <system-out><![CDATA[]]></system-out>
  <system-err><![CDATA[]]></system-err>
</testsuite>
