<?xml version="1.0" encoding="UTF-8"?>
<testsuite name="com.dotmarketing.servlets.ajax.AjaxDirectorServletIntegrationTest" tests="2" skipped="0" failures="0" errors="0" timestamp="2023-07-18T00:45:12" hostname="fv-az254-523" time="1.262">
  <properties/>
  <testcase name="testService[0: com.dotmarketing.servlets.ajax.AjaxDirectorServletTestCase@7312bec]" classname="com.dotmarketing.servlets.ajax.AjaxDirectorServletIntegrationTest" time="0.723"/>
  <testcase name="testService[1: com.dotmarketing.servlets.ajax.AjaxDirectorServletTestCase@b6c4db6]" classname="com.dotmarketing.servlets.ajax.AjaxDirectorServletIntegrationTest" time="0.539"/>
  <system-out><![CDATA[]]></system-out>
  <system-err><![CDATA[]]></system-err>
</testsuite>
