<?xml version="1.0" encoding="UTF-8"?>
<testsuite name="com.dotmarketing.servlets.ajax.AjaxDirectorServletIntegrationTest" tests="2" skipped="0" failures="0" errors="0" timestamp="2023-07-19T03:53:17" hostname="fv-az365-508" time="1.08">
  <properties/>
  <testcase name="testService[0: com.dotmarketing.servlets.ajax.AjaxDirectorServletTestCase@bc90e06]" classname="com.dotmarketing.servlets.ajax.AjaxDirectorServletIntegrationTest" time="0.756"/>
  <testcase name="testService[1: com.dotmarketing.servlets.ajax.AjaxDirectorServletTestCase@68e3e9fb]" classname="com.dotmarketing.servlets.ajax.AjaxDirectorServletIntegrationTest" time="0.324"/>
  <system-out><![CDATA[]]></system-out>
  <system-err><![CDATA[]]></system-err>
</testsuite>
