<?xml version="1.0" encoding="UTF-8"?>
<testsuite name="com.dotmarketing.beans.HostTest" tests="2" skipped="0" failures="0" errors="0" timestamp="2023-07-10T19:44:12" hostname="fv-az471-786" time="0.003">
  <properties/>
  <testcase name="isDefaultReturnsProperValueWhenSet" classname="com.dotmarketing.beans.HostTest" time="0.002"/>
  <testcase name="isDefaultReturnsFalseWhenNotSet" classname="com.dotmarketing.beans.HostTest" time="0.001"/>
  <system-out><![CDATA[]]></system-out>
  <system-err><![CDATA[]]></system-err>
</testsuite>
