<?xml version="1.0" encoding="UTF-8"?>
<testsuite name="com.dotmarketing.servlets.ajax.AjaxDirectorServletIntegrationTest" tests="2" skipped="0" failures="0" errors="0" timestamp="2023-07-13T19:18:43" hostname="fv-az254-636" time="2.225">
  <properties/>
  <testcase name="testService[0: com.dotmarketing.servlets.ajax.AjaxDirectorServletTestCase@2e37e896]" classname="com.dotmarketing.servlets.ajax.AjaxDirectorServletIntegrationTest" time="1.273"/>
  <testcase name="testService[1: com.dotmarketing.servlets.ajax.AjaxDirectorServletTestCase@3ee19aec]" classname="com.dotmarketing.servlets.ajax.AjaxDirectorServletIntegrationTest" time="0.951"/>
  <system-out><![CDATA[]]></system-out>
  <system-err><![CDATA[]]></system-err>
</testsuite>
