<?xml version="1.0" encoding="UTF-8"?>
<testsuite name="com.dotcms.rest.TagResourceIntegrationTest" tests="4" skipped="0" failures="0" errors="0" timestamp="2023-07-04T16:47:30" hostname="fv-az162-235" time="0.296">
  <properties/>
  <testcase name="testList[0: com.dotcms.rest.TagResourceTestCase@414a45dc]" classname="com.dotcms.rest.TagResourceIntegrationTest" time="0.239"/>
  <testcase name="testList[1: com.dotcms.rest.TagResourceTestCase@3d3be5e7]" classname="com.dotcms.rest.TagResourceIntegrationTest" time="0.021"/>
  <testcase name="testList[2: com.dotcms.rest.TagResourceTestCase@32fb9c6f]" classname="com.dotcms.rest.TagResourceIntegrationTest" time="0.017"/>
  <testcase name="testList[3: com.dotcms.rest.TagResourceTestCase@2f4f3de]" classname="com.dotcms.rest.TagResourceIntegrationTest" time="0.019"/>
  <system-out><![CDATA[]]></system-out>
  <system-err><![CDATA[Jul 04, 2023 4:47:30 PM com.dotcms.repackage.org.hibernate.validator.internal.util.Version <clinit>
INFO: HV000001: Hibernate Validator 4.3.2.Final
]]></system-err>
</testsuite>
