<?xml version="1.0" encoding="UTF-8"?>
<testsuite name="com.dotmarketing.portlets.structure.model.ContentletRelationshipsTest" tests="7" skipped="0" failures="0" errors="0" timestamp="2023-06-30T16:46:11" hostname="fv-az193-238" time="9.364">
  <properties/>
  <testcase name="testDoesAllowOnlyOne[0: com.dotmarketing.portlets.structure.model.ContentletRelationshipsTest$CardinalityTestCase@27d57fea]" classname="com.dotmarketing.portlets.structure.model.ContentletRelationshipsTest" time="0.498"/>
  <testcase name="testDoesAllowOnlyOne[1: com.dotmarketing.portlets.structure.model.ContentletRelationshipsTest$CardinalityTestCase@56c95418]" classname="com.dotmarketing.portlets.structure.model.ContentletRelationshipsTest" time="0.495"/>
  <testcase name="testDoesAllowOnlyOne[2: com.dotmarketing.portlets.structure.model.ContentletRelationshipsTest$CardinalityTestCase@33b60479]" classname="com.dotmarketing.portlets.structure.model.ContentletRelationshipsTest" time="0.48"/>
  <testcase name="testGetRelationshipRecords[0: com.dotmarketing.portlets.structure.model.ContentletRelationshipsTest$TestCase@3cfbe251]" classname="com.dotmarketing.portlets.structure.model.ContentletRelationshipsTest" time="2.076"/>
  <testcase name="testGetRelationshipRecords[1: com.dotmarketing.portlets.structure.model.ContentletRelationshipsTest$TestCase@30ddf00b]" classname="com.dotmarketing.portlets.structure.model.ContentletRelationshipsTest" time="1.991"/>
  <testcase name="testGetRelationshipRecords[2: com.dotmarketing.portlets.structure.model.ContentletRelationshipsTest$TestCase@2c281b9c]" classname="com.dotmarketing.portlets.structure.model.ContentletRelationshipsTest" time="1.928"/>
  <testcase name="testGetRelationshipRecords[3: com.dotmarketing.portlets.structure.model.ContentletRelationshipsTest$TestCase@2fbe47ac]" classname="com.dotmarketing.portlets.structure.model.ContentletRelationshipsTest" time="1.888"/>
  <system-out><![CDATA[]]></system-out>
  <system-err><![CDATA[]]></system-err>
</testsuite>
