<?xml version="1.0" encoding="UTF-8"?>
<testsuite name="com.dotmarketing.startup.runonce.Task210506UpdateStorageTableTest" tests="1" skipped="0" failures="0" errors="0" timestamp="2023-07-13T17:45:11" hostname="fv-az262-63" time="3.043">
  <properties/>
  <testcase name="testExecuteUpgrade" classname="com.dotmarketing.startup.runonce.Task210506UpdateStorageTableTest" time="3.043"/>
  <system-out><![CDATA[]]></system-out>
  <system-err><![CDATA[]]></system-err>
</testsuite>
