<?xml version="1.0" encoding="UTF-8"?>
<testsuite name="com.dotmarketing.portlets.structure.model.ContentletRelationshipsTest" tests="7" skipped="0" failures="0" errors="0" timestamp="2023-07-01T00:13:14" hostname="fv-az487-783" time="8.493">
  <properties/>
  <testcase name="testDoesAllowOnlyOne[0: com.dotmarketing.portlets.structure.model.ContentletRelationshipsTest$CardinalityTestCase@2cacb4a7]" classname="com.dotmarketing.portlets.structure.model.ContentletRelationshipsTest" time="0.443"/>
  <testcase name="testDoesAllowOnlyOne[1: com.dotmarketing.portlets.structure.model.ContentletRelationshipsTest$CardinalityTestCase@77b1c9dc]" classname="com.dotmarketing.portlets.structure.model.ContentletRelationshipsTest" time="0.403"/>
  <testcase name="testDoesAllowOnlyOne[2: com.dotmarketing.portlets.structure.model.ContentletRelationshipsTest$CardinalityTestCase@7b913a8e]" classname="com.dotmarketing.portlets.structure.model.ContentletRelationshipsTest" time="0.416"/>
  <testcase name="testGetRelationshipRecords[0: com.dotmarketing.portlets.structure.model.ContentletRelationshipsTest$TestCase@65f90481]" classname="com.dotmarketing.portlets.structure.model.ContentletRelationshipsTest" time="1.902"/>
  <testcase name="testGetRelationshipRecords[1: com.dotmarketing.portlets.structure.model.ContentletRelationshipsTest$TestCase@2c399d15]" classname="com.dotmarketing.portlets.structure.model.ContentletRelationshipsTest" time="1.839"/>
  <testcase name="testGetRelationshipRecords[2: com.dotmarketing.portlets.structure.model.ContentletRelationshipsTest$TestCase@553f4e67]" classname="com.dotmarketing.portlets.structure.model.ContentletRelationshipsTest" time="1.744"/>
  <testcase name="testGetRelationshipRecords[3: com.dotmarketing.portlets.structure.model.ContentletRelationshipsTest$TestCase@27885b04]" classname="com.dotmarketing.portlets.structure.model.ContentletRelationshipsTest" time="1.746"/>
  <system-out><![CDATA[]]></system-out>
  <system-err><![CDATA[]]></system-err>
</testsuite>
