<?xml version="1.0" encoding="UTF-8"?>
<testsuite name="com.dotmarketing.business.DeterministicIdentifierAPITest" tests="16" skipped="0" failures="0" errors="0" timestamp="2023-07-13T23:38:56" hostname="fv-az717-983" time="1.254">
  <properties/>
  <testcase name="Test_Category_Path_Seed_And_Id" classname="com.dotmarketing.business.DeterministicIdentifierAPITest" time="0.025"/>
  <testcase name="Test_Language_Deterministic_Id[0: LanguageTestCase{expectedSeed='Language:es:US', expectedHash=4913155, langCode='es', countryCode='US', country='United States'}]" classname="com.dotmarketing.business.DeterministicIdentifierAPITest" time="0.001"/>
  <testcase name="Test_Language_Deterministic_Id[1: LanguageTestCase{expectedSeed='Language:ep:', expectedHash=5292269, langCode='ep', countryCode='', country=''}]" classname="com.dotmarketing.business.DeterministicIdentifierAPITest" time="0.001"/>
  <testcase name="Test_Language_Deterministic_Id[2: LanguageTestCase{expectedSeed='Language:sg:SAG', expectedHash=4713118, langCode='sg', countryCode='SAG', country=''}]" classname="com.dotmarketing.business.DeterministicIdentifierAPITest" time="0.001"/>
  <testcase name="Test_Language_Deterministic_Id[3: LanguageTestCase{expectedSeed='Language:en:NZ', expectedHash=5382528, langCode='en', countryCode='NZ', country='New Zealand'}]" classname="com.dotmarketing.business.DeterministicIdentifierAPITest" time="0.001"/>
  <testcase name="Test_Category_None_Persisted_Category_Should_Return_Deterministic_Id" classname="com.dotmarketing.business.DeterministicIdentifierAPITest" time="0.001"/>
  <testcase name="Test_Asset_Generate_Deterministic_Id_Best_Effort[0: TestCase{versionable=my.host1689291149673.com, parent=System Host, expectedName='my.host1689291149673.com', expectedType='Host'}]" classname="com.dotmarketing.business.DeterministicIdentifierAPITest" time="0.003"/>
  <testcase name="Test_Asset_Generate_Deterministic_Id_Best_Effort[1: TestCase{versionable=com.dotmarketing.portlets.contentlet.model.Contentlet@644b5792[map={modDate=2023-07-13 23:32:30.377, fileName=file9915705523831828672.txt, title=file9915705523831828672.txt, inode=c1f055fb-7b05-48ea-afcc-e0a012d1f81f, __IS_NEW_CONTENT__=true, disabledWYSIWYG=[], host=22bede6c-ef49-4072-8123-258ed8b1a900, stInode=33888b6f-7a8e-4069-b1b6-5c1aa9d0a48d, owner=system, identifier=5843dd51-8787-4d8e-b88b-28519adec536, nullProperties=[wfExpireDate, wfPublishDate, wfActionAssign, wfActionId, wfActionComments, filterKey, whereToSend, wfNeverExpire, _path_to_move, timezoneId, iWantTo, wfPublishTime, wfExpireTime], languageId=1, fileAsset=/home/runner/work/core/custom/assets/c/1/c1f055fb-7b05-48ea-afcc-e0a012d1f81f/fileAsset/file9915705523831828672.txt, folder=3b489b13-b347-42b8-912b-3857049620a8, __disable_workflow__=true, sortOrder=0, modUser=system},lowIndexPriority=false,variantId=DEFAULT], parent=com.dotmarketing.portlets.folders.model.Folder@1399f24b[identifier=3b489b13-b347-42b8-912b-3857049620a8,name=testName1689291150369,sortOrder=0,showOnMenu=false,hostId=22bede6c-ef49-4072-8123-258ed8b1a900,type=folder,title=testTitle1689291150369,filesMasks=,defaultFileType=33888b6f-7a8e-4069-b1b6-5c1aa9d0a48d,modDate=2023-07-13 23:32:30.372,owner=&lt;null&gt;,iDate=2023-07-13 23:32:30.372,inode=3b489b13-b347-42b8-912b-3857049620a8,path=/testName1689291150369/], expectedName='file9915705523831828672.txt', expectedType='FileAsset'}]" classname="com.dotmarketing.business.DeterministicIdentifierAPITest" time="0.003"/>
  <testcase name="Test_Asset_Generate_Deterministic_Id_Best_Effort[2: TestCase{versionable=com.dotmarketing.portlets.templates.model.Template@97e48e1c, parent=my.host1689291149673.com, expectedName='testTitle1689291150475', expectedType='Template'}]" classname="com.dotmarketing.business.DeterministicIdentifierAPITest" time="0.002"/>
  <testcase name="Test_Asset_Generate_Deterministic_Id_Best_Effort[3: TestCase{versionable=com.dotmarketing.portlets.htmlpageasset.model.HTMLPageAsset@38250c59[map={template=daed0e93-dfd3-4305-a8d0-7b30626110b5, owner=system, identifier=dbd0cd76-84b5-44a9-bbd8-2123894db94a, nullProperties=[wfExpireDate, wfPublishDate, wfActionAssign, wfActionId, wfActionComments, filterKey, whereToSend, wfNeverExpire, _path_to_move, timezoneId, iWantTo, wfPublishTime, wfExpireTime], modDate=2023-07-13 23:32:30.502, cachettl=0, _is_test_mode=true, languageId=1, title=test-page-title-1689291150496, httpsreq=, url=test-page-url-1689291150496, showOnMenu=, inode=2b562471-44f6-4864-b83f-e85a5d479709, folder=3b489b13-b347-42b8-912b-3857049620a8, disabledWYSIWYG=[], sortOrder=1, modUser=system, host=22bede6c-ef49-4072-8123-258ed8b1a900, stInode=c541abb1-69b3-4bc5-8430-5e09e5239cc8, friendlyName=test-page-friendly-name-1689291150496},lowIndexPriority=false,variantId=DEFAULT], parent=com.dotmarketing.portlets.folders.model.Folder@1399f24b[identifier=3b489b13-b347-42b8-912b-3857049620a8,name=testName1689291150369,sortOrder=0,showOnMenu=false,hostId=22bede6c-ef49-4072-8123-258ed8b1a900,type=folder,title=testTitle1689291150369,filesMasks=,defaultFileType=33888b6f-7a8e-4069-b1b6-5c1aa9d0a48d,modDate=2023-07-13 23:32:30.372,owner=&lt;null&gt;,iDate=2023-07-13 23:32:30.372,inode=3b489b13-b347-42b8-912b-3857049620a8,path=/testName1689291150369/], expectedName='test-page-url-1689291150496', expectedType='htmlpageasset'}]" classname="com.dotmarketing.business.DeterministicIdentifierAPITest" time="0.002"/>
  <testcase name="Test_Asset_Generate_Deterministic_Id_Best_Effort[4: TestCase{versionable=com.dotmarketing.portlets.contentlet.model.Contentlet@57486bd9[map={fileAsset2=/home/runner/work/core/custom/assets/f/f/ffdec5b2-bffb-4a88-8ab5-30ba2a441ca8/fileAsset2/test_binary1689291152384.png, modDate=2023-07-13 23:32:32.389, fileAsset1=/home/runner/work/core/custom/assets/f/f/ffdec5b2-bffb-4a88-8ab5-30ba2a441ca8/fileAsset1/test_binary1689291152384.jpg, title=blah, inode=ffdec5b2-bffb-4a88-8ab5-30ba2a441ca8, __IS_NEW_CONTENT__=true, disabledWYSIWYG=[], host=48190c8c-42c4-46af-8d1a-0cd5db894797, stInode=fc8e7362-68f7-4aad-9652-0cd6889b5fd0, owner=system, identifier=0000258d-1164-4ab7-86df-2d9fe367cb49, nullProperties=[], languageId=1, image1=805494c6-46a3-4acc-a2e5-c8278f2e5864, folder=SYSTEM_FOLDER, __disable_workflow__=true, sortOrder=0, modUser=system},lowIndexPriority=false,variantId=DEFAULT], parent=demo.dotcms.com, expectedName='test_binary1689291152384.jpg:test_binary1689291152384.png', expectedType='MultipleBinaries1689291150727'}]" classname="com.dotmarketing.business.DeterministicIdentifierAPITest" time="0.003"/>
  <testcase name="Test_Asset_Generate_Deterministic_Id_Best_Effort[5: TestCase{versionable=namec9535fc3d3 : keyTagc9535fc3d3, parent=my.host1689291149673.com, expectedName='keyTagc9535fc3d3', expectedType='persona'}]" classname="com.dotmarketing.business.DeterministicIdentifierAPITest" time="0.002"/>
  <testcase name="Test_Similar_Content_Type_Wont_Clash" classname="com.dotmarketing.business.DeterministicIdentifierAPITest" time="0.498"/>
  <testcase name="Test_Generate_Folder_Identifier" classname="com.dotmarketing.business.DeterministicIdentifierAPITest" time="0.701"/>
  <testcase name="Test_Generate_Content_Type_Identifier[0: ContentTypeTestCase{contentType=KeyValueContentType{name=Language Variable, id=f4d7c1b8-2c88-4071-abf1-a5328977b07d, description=Default Content Type for Language Variables, defaultType=false, fixed=true, iDate=Thu Aug 31 16:38:49 UTC 2017, system=true, versionable=true, variable=Languagevariable, modDate=Thu Jul 13 22:25:54 UTC 2023, host=SYSTEM_HOST, siteName=systemHost, icon=language, sortOrder=0, folder=SYSTEM_FOLDER, folderPath=/, markedForDeletion=true, multilingualable=false}, expectedName='Languagevariable', expectedType='KeyValue'}]" classname="com.dotmarketing.business.DeterministicIdentifierAPITest" time="0.004"/>
  <testcase name="Test_Generate_Content_Type_Identifier[1: ContentTypeTestCase{contentType=SimpleContentType{name=testName1689291152893, id=10f3bd65-3c71-40a2-99b6-2aa35c099a69, description=testDescription1689291152893, defaultType=false, fixed=false, iDate=Thu Jul 13 23:32:32 UTC 2023, system=false, versionable=true, multilingualable=false, variable=testVarname1689291152893, owner=system, modDate=Thu Jul 13 23:32:34 UTC 2023, host=48190c8c-42c4-46af-8d1a-0cd5db894797, siteName=demo.dotcms.com, icon=event_note, sortOrder=0, folder=SYSTEM_FOLDER, folderPath=/, requiredFields=[], markedForDeletion=false}, expectedName='testVarname1689291152893', expectedType='CONTENT'}]" classname="com.dotmarketing.business.DeterministicIdentifierAPITest" time="0.004"/>
  <system-out><![CDATA[]]></system-out>
  <system-err><![CDATA[]]></system-err>
</testsuite>
