<?xml version="1.0" encoding="UTF-8"?>
<testsuite name="com.dotmarketing.business.DeterministicIdentifierAPITest" tests="16" skipped="0" failures="0" errors="0" timestamp="2023-06-26T22:17:37" hostname="fv-az401-312" time="1.177">
  <properties/>
  <testcase name="Test_Category_Path_Seed_And_Id" classname="com.dotmarketing.business.DeterministicIdentifierAPITest" time="0.027"/>
  <testcase name="Test_Language_Deterministic_Id[0: LanguageTestCase{expectedSeed='Language:es:US', expectedHash=4913155, langCode='es', countryCode='US', country='United States'}]" classname="com.dotmarketing.business.DeterministicIdentifierAPITest" time="0.001"/>
  <testcase name="Test_Language_Deterministic_Id[1: LanguageTestCase{expectedSeed='Language:ep:', expectedHash=5292269, langCode='ep', countryCode='', country=''}]" classname="com.dotmarketing.business.DeterministicIdentifierAPITest" time="0.001"/>
  <testcase name="Test_Language_Deterministic_Id[2: LanguageTestCase{expectedSeed='Language:sg:SAG', expectedHash=4713118, langCode='sg', countryCode='SAG', country=''}]" classname="com.dotmarketing.business.DeterministicIdentifierAPITest" time="0.001"/>
  <testcase name="Test_Language_Deterministic_Id[3: LanguageTestCase{expectedSeed='Language:en:NZ', expectedHash=5382528, langCode='en', countryCode='NZ', country='New Zealand'}]" classname="com.dotmarketing.business.DeterministicIdentifierAPITest" time="0.001"/>
  <testcase name="Test_Category_None_Persisted_Category_Should_Return_Deterministic_Id" classname="com.dotmarketing.business.DeterministicIdentifierAPITest" time="0.002"/>
  <testcase name="Test_Asset_Generate_Deterministic_Id_Best_Effort[0: TestCase{versionable=my.host1687812157915.com, parent=System Host, expectedName='my.host1687812157915.com', expectedType='Host'}]" classname="com.dotmarketing.business.DeterministicIdentifierAPITest" time="0.006"/>
  <testcase name="Test_Asset_Generate_Deterministic_Id_Best_Effort[1: TestCase{versionable=com.dotmarketing.portlets.contentlet.model.Contentlet@6c9f74fd[map={modDate=2023-06-26 20:42:38.962, fileName=file14863637122292796998.txt, title=file14863637122292796998.txt, inode=0df58d20-d798-433b-ba3f-4c6292c5c0c5, __IS_NEW_CONTENT__=true, disabledWYSIWYG=[], host=e5c3e1b0-3c9c-4ab2-bc06-9e4c1f2ba3ae, stInode=33888b6f-7a8e-4069-b1b6-5c1aa9d0a48d, owner=system, identifier=aa604e77-4a82-4962-9fd1-d939d3593dd0, nullProperties=[wfExpireDate, wfPublishDate, wfActionAssign, wfActionId, wfActionComments, filterKey, whereToSend, wfNeverExpire, _path_to_move, timezoneId, iWantTo, wfPublishTime, wfExpireTime], languageId=1, fileAsset=/home/runner/work/core/custom/assets/0/d/0df58d20-d798-433b-ba3f-4c6292c5c0c5/fileAsset/file14863637122292796998.txt, folder=9acecc58-3ec3-440a-8c61-6865cbf93701, __disable_workflow__=true, sortOrder=0, modUser=system},lowIndexPriority=false,variantId=DEFAULT], parent=com.dotmarketing.portlets.folders.model.Folder@390f6453[identifier=9acecc58-3ec3-440a-8c61-6865cbf93701,name=testName1687812158954,sortOrder=0,showOnMenu=false,hostId=e5c3e1b0-3c9c-4ab2-bc06-9e4c1f2ba3ae,type=folder,title=testTitle1687812158954,filesMasks=,defaultFileType=33888b6f-7a8e-4069-b1b6-5c1aa9d0a48d,modDate=2023-06-26 20:42:38.958,owner=&lt;null&gt;,iDate=2023-06-26 20:42:38.958,inode=9acecc58-3ec3-440a-8c61-6865cbf93701,path=/testName1687812158954/], expectedName='file14863637122292796998.txt', expectedType='FileAsset'}]" classname="com.dotmarketing.business.DeterministicIdentifierAPITest" time="0.004"/>
  <testcase name="Test_Asset_Generate_Deterministic_Id_Best_Effort[2: TestCase{versionable=com.dotmarketing.portlets.templates.model.Template@32c15761, parent=my.host1687812157915.com, expectedName='testTitle1687812159056', expectedType='Template'}]" classname="com.dotmarketing.business.DeterministicIdentifierAPITest" time="0.002"/>
  <testcase name="Test_Asset_Generate_Deterministic_Id_Best_Effort[3: TestCase{versionable=com.dotmarketing.portlets.htmlpageasset.model.HTMLPageAsset@cbb26f8[map={template=cdbd9073-2eb3-4220-a06b-549d307509e2, owner=system, identifier=d226bd68-098d-4790-b497-122931c4ccbb, nullProperties=[wfExpireDate, wfPublishDate, wfActionAssign, wfActionId, wfActionComments, filterKey, whereToSend, wfNeverExpire, _path_to_move, timezoneId, iWantTo, wfPublishTime, wfExpireTime], modDate=2023-06-26 20:42:39.072, cachettl=0, _is_test_mode=true, languageId=1, title=test-page-title-1687812159068, httpsreq=, url=test-page-url-1687812159068, showOnMenu=, inode=34dc5983-cf8b-4f81-ac17-0170857e62ef, folder=9acecc58-3ec3-440a-8c61-6865cbf93701, disabledWYSIWYG=[], sortOrder=1, modUser=system, host=e5c3e1b0-3c9c-4ab2-bc06-9e4c1f2ba3ae, stInode=c541abb1-69b3-4bc5-8430-5e09e5239cc8, friendlyName=test-page-friendly-name-1687812159068},lowIndexPriority=false,variantId=DEFAULT], parent=com.dotmarketing.portlets.folders.model.Folder@390f6453[identifier=9acecc58-3ec3-440a-8c61-6865cbf93701,name=testName1687812158954,sortOrder=0,showOnMenu=false,hostId=e5c3e1b0-3c9c-4ab2-bc06-9e4c1f2ba3ae,type=folder,title=testTitle1687812158954,filesMasks=,defaultFileType=33888b6f-7a8e-4069-b1b6-5c1aa9d0a48d,modDate=2023-06-26 20:42:38.958,owner=&lt;null&gt;,iDate=2023-06-26 20:42:38.958,inode=9acecc58-3ec3-440a-8c61-6865cbf93701,path=/testName1687812158954/], expectedName='test-page-url-1687812159068', expectedType='htmlpageasset'}]" classname="com.dotmarketing.business.DeterministicIdentifierAPITest" time="0.002"/>
  <testcase name="Test_Asset_Generate_Deterministic_Id_Best_Effort[4: TestCase{versionable=com.dotmarketing.portlets.contentlet.model.Contentlet@12ae42ac[map={fileAsset2=/home/runner/work/core/custom/assets/3/d/3d8b0c53-430e-4959-82ae-cad2e464fa40/fileAsset2/test_binary1687812159933.png, modDate=2023-06-26 20:42:39.939, fileAsset1=/home/runner/work/core/custom/assets/3/d/3d8b0c53-430e-4959-82ae-cad2e464fa40/fileAsset1/test_binary1687812159933.jpg, title=blah, inode=3d8b0c53-430e-4959-82ae-cad2e464fa40, __IS_NEW_CONTENT__=true, disabledWYSIWYG=[], host=8a7d5e23-da1e-420a-b4f0-471e7da8ea2d, stInode=2663c3d9-9274-4394-ba05-957e2c685562, owner=system, identifier=2592ba7b-646e-4a4d-b152-486240bf67f4, nullProperties=[], languageId=1, image1=2e09fee9-b4cf-497e-abc5-fb8e6fcf15fa, folder=SYSTEM_FOLDER, __disable_workflow__=true, sortOrder=0, modUser=system},lowIndexPriority=false,variantId=DEFAULT], parent=default, expectedName='test_binary1687812159933.jpg:test_binary1687812159933.png', expectedType='MultipleBinaries1687812159193'}]" classname="com.dotmarketing.business.DeterministicIdentifierAPITest" time="0.007"/>
  <testcase name="Test_Asset_Generate_Deterministic_Id_Best_Effort[5: TestCase{versionable=name12ba00ffb8 : keyTag12ba00ffb8, parent=my.host1687812157915.com, expectedName='keyTag12ba00ffb8', expectedType='persona'}]" classname="com.dotmarketing.business.DeterministicIdentifierAPITest" time="0.006"/>
  <testcase name="Test_Similar_Content_Type_Wont_Clash" classname="com.dotmarketing.business.DeterministicIdentifierAPITest" time="0.556"/>
  <testcase name="Test_Generate_Folder_Identifier" classname="com.dotmarketing.business.DeterministicIdentifierAPITest" time="0.543"/>
  <testcase name="Test_Generate_Content_Type_Identifier[0: ContentTypeTestCase{contentType=KeyValueContentType{name=Language Variable, id=f4d7c1b8-2c88-4071-abf1-a5328977b07d, description=Default Content Type for Language Variables, defaultType=false, fixed=true, iDate=Thu Aug 31 16:38:49 UTC 2017, system=true, versionable=true, variable=Languagevariable, modDate=Mon Jun 26 20:39:18 UTC 2023, host=SYSTEM_HOST, siteName=systemHost, icon=language, sortOrder=0, folder=SYSTEM_FOLDER, folderPath=/, markedForDeletion=false, multilingualable=false}, expectedName='Languagevariable', expectedType='KeyValue'}]" classname="com.dotmarketing.business.DeterministicIdentifierAPITest" time="0.007"/>
  <testcase name="Test_Generate_Content_Type_Identifier[1: ContentTypeTestCase{contentType=SimpleContentType{name=testName1687812160225, id=4c83bb55-99be-47ff-99ae-25bf5c9c62c8, description=testDescription1687812160225, defaultType=false, fixed=false, iDate=Mon Jun 26 20:42:40 UTC 2023, system=false, versionable=true, multilingualable=false, variable=testVarname1687812160225, owner=system, modDate=Mon Jun 26 20:42:40 UTC 2023, host=8a7d5e23-da1e-420a-b4f0-471e7da8ea2d, siteName=default, icon=event_note, sortOrder=0, folder=SYSTEM_FOLDER, folderPath=/, requiredFields=[], markedForDeletion=false}, expectedName='testVarname1687812160225', expectedType='CONTENT'}]" classname="com.dotmarketing.business.DeterministicIdentifierAPITest" time="0.005"/>
  <system-out><![CDATA[]]></system-out>
  <system-err><![CDATA[]]></system-err>
</testsuite>
