<?xml version="1.0" encoding="UTF-8"?>
<testsuite name="com.dotmarketing.servlets.ajax.AjaxDirectorServletIntegrationTest" tests="2" skipped="0" failures="0" errors="0" timestamp="2023-07-17T21:37:32" hostname="fv-az799-554" time="2.507">
  <properties/>
  <testcase name="testService[0: com.dotmarketing.servlets.ajax.AjaxDirectorServletTestCase@7395ddb8]" classname="com.dotmarketing.servlets.ajax.AjaxDirectorServletIntegrationTest" time="1.45"/>
  <testcase name="testService[1: com.dotmarketing.servlets.ajax.AjaxDirectorServletTestCase@5443cca1]" classname="com.dotmarketing.servlets.ajax.AjaxDirectorServletIntegrationTest" time="1.057"/>
  <system-out><![CDATA[]]></system-out>
  <system-err><![CDATA[]]></system-err>
</testsuite>
