<?xml version="1.0" encoding="UTF-8"?>
<testsuite name="com.dotmarketing.startup.runonce.Task220912UpdateCorrectShowOnMenuPropertyTest" tests="1" skipped="0" failures="0" errors="0" timestamp="2023-07-18T19:41:51" hostname="fv-az455-56" time="0.026">
  <properties/>
  <testcase name="testExecuteUpgrade" classname="com.dotmarketing.startup.runonce.Task220912UpdateCorrectShowOnMenuPropertyTest" time="0.026"/>
  <system-out><![CDATA[]]></system-out>
  <system-err><![CDATA[]]></system-err>
</testsuite>
