<?xml version="1.0" encoding="UTF-8"?>
<testsuite name="com.dotcms.enterprise.publishing.staticpublishing.StaticPublisherIntegrationTest" tests="64" skipped="0" failures="0" errors="0" timestamp="2023-07-12T16:10:07" hostname="fv-az254-482" time="36.09">
  <properties/>
  <testcase name="createStaticBundle[0: com.dotcms.enterprise.publishing.staticpublishing.StaticPublisherIntegrationTestHelper$TestCase@5fcf56ac]" classname="com.dotcms.enterprise.publishing.staticpublishing.StaticPublisherIntegrationTest" time="0.654"/>
  <testcase name="createStaticBundle[1: com.dotcms.enterprise.publishing.staticpublishing.StaticPublisherIntegrationTestHelper$TestCase@6043f0dd]" classname="com.dotcms.enterprise.publishing.staticpublishing.StaticPublisherIntegrationTest" time="0.129"/>
  <testcase name="createStaticBundle[2: com.dotcms.enterprise.publishing.staticpublishing.StaticPublisherIntegrationTestHelper$TestCase@5909408b]" classname="com.dotcms.enterprise.publishing.staticpublishing.StaticPublisherIntegrationTest" time="1.339"/>
  <testcase name="createStaticBundle[3: com.dotcms.enterprise.publishing.staticpublishing.StaticPublisherIntegrationTestHelper$TestCase@15e11475]" classname="com.dotcms.enterprise.publishing.staticpublishing.StaticPublisherIntegrationTest" time="1.033"/>
  <testcase name="createStaticBundle[4: com.dotcms.enterprise.publishing.staticpublishing.StaticPublisherIntegrationTestHelper$TestCase@30be5a53]" classname="com.dotcms.enterprise.publishing.staticpublishing.StaticPublisherIntegrationTest" time="1.08"/>
  <testcase name="createStaticBundle[5: com.dotcms.enterprise.publishing.staticpublishing.StaticPublisherIntegrationTestHelper$TestCase@4f048181]" classname="com.dotcms.enterprise.publishing.staticpublishing.StaticPublisherIntegrationTest" time="1.375"/>
  <testcase name="createStaticBundle[6: com.dotcms.enterprise.publishing.staticpublishing.StaticPublisherIntegrationTestHelper$TestCase@5c9a9df2]" classname="com.dotcms.enterprise.publishing.staticpublishing.StaticPublisherIntegrationTest" time="1.251"/>
  <testcase name="createStaticBundle[7: com.dotcms.enterprise.publishing.staticpublishing.StaticPublisherIntegrationTestHelper$TestCase@41c578a8]" classname="com.dotcms.enterprise.publishing.staticpublishing.StaticPublisherIntegrationTest" time="0.928"/>
  <testcase name="createStaticBundle[8: com.dotcms.enterprise.publishing.staticpublishing.StaticPublisherIntegrationTestHelper$TestCase@36bce01]" classname="com.dotcms.enterprise.publishing.staticpublishing.StaticPublisherIntegrationTest" time="0.829"/>
  <testcase name="createStaticBundle[9: com.dotcms.enterprise.publishing.staticpublishing.StaticPublisherIntegrationTestHelper$TestCase@68084f64]" classname="com.dotcms.enterprise.publishing.staticpublishing.StaticPublisherIntegrationTest" time="0.745"/>
  <testcase name="createStaticBundle[10: com.dotcms.enterprise.publishing.staticpublishing.StaticPublisherIntegrationTestHelper$TestCase@60753a9a]" classname="com.dotcms.enterprise.publishing.staticpublishing.StaticPublisherIntegrationTest" time="0.803"/>
  <testcase name="createStaticBundle[11: com.dotcms.enterprise.publishing.staticpublishing.StaticPublisherIntegrationTestHelper$TestCase@a9f0e04]" classname="com.dotcms.enterprise.publishing.staticpublishing.StaticPublisherIntegrationTest" time="0.023"/>
  <testcase name="createStaticBundle[12: com.dotcms.enterprise.publishing.staticpublishing.StaticPublisherIntegrationTestHelper$TestCase@57d9c290]" classname="com.dotcms.enterprise.publishing.staticpublishing.StaticPublisherIntegrationTest" time="0.735"/>
  <testcase name="createStaticBundle[13: com.dotcms.enterprise.publishing.staticpublishing.StaticPublisherIntegrationTestHelper$TestCase@7d80c460]" classname="com.dotcms.enterprise.publishing.staticpublishing.StaticPublisherIntegrationTest" time="0.843"/>
  <testcase name="createStaticBundle[14: com.dotcms.enterprise.publishing.staticpublishing.StaticPublisherIntegrationTestHelper$TestCase@34e890a0]" classname="com.dotcms.enterprise.publishing.staticpublishing.StaticPublisherIntegrationTest" time="1.042"/>
  <testcase name="createStaticBundle[15: com.dotcms.enterprise.publishing.staticpublishing.StaticPublisherIntegrationTestHelper$TestCase@46755717]" classname="com.dotcms.enterprise.publishing.staticpublishing.StaticPublisherIntegrationTest" time="0.819"/>
  <testcase name="createStaticBundle[16: com.dotcms.enterprise.publishing.staticpublishing.StaticPublisherIntegrationTestHelper$TestCase@5fa1d00b]" classname="com.dotcms.enterprise.publishing.staticpublishing.StaticPublisherIntegrationTest" time="0.791"/>
  <testcase name="createStaticBundle[17: com.dotcms.enterprise.publishing.staticpublishing.StaticPublisherIntegrationTestHelper$TestCase@5909408b]" classname="com.dotcms.enterprise.publishing.staticpublishing.StaticPublisherIntegrationTest" time="0.692"/>
  <testcase name="createStaticBundle[18: com.dotcms.enterprise.publishing.staticpublishing.StaticPublisherIntegrationTestHelper$TestCase@15e11475]" classname="com.dotcms.enterprise.publishing.staticpublishing.StaticPublisherIntegrationTest" time="0.665"/>
  <testcase name="createStaticBundle[19: com.dotcms.enterprise.publishing.staticpublishing.StaticPublisherIntegrationTestHelper$TestCase@30be5a53]" classname="com.dotcms.enterprise.publishing.staticpublishing.StaticPublisherIntegrationTest" time="0.425"/>
  <testcase name="createStaticBundle[20: com.dotcms.enterprise.publishing.staticpublishing.StaticPublisherIntegrationTestHelper$TestCase@4f048181]" classname="com.dotcms.enterprise.publishing.staticpublishing.StaticPublisherIntegrationTest" time="0.174"/>
  <testcase name="createStaticBundle[21: com.dotcms.enterprise.publishing.staticpublishing.StaticPublisherIntegrationTestHelper$TestCase@5c9a9df2]" classname="com.dotcms.enterprise.publishing.staticpublishing.StaticPublisherIntegrationTest" time="0.149"/>
  <testcase name="createStaticBundle[22: com.dotcms.enterprise.publishing.staticpublishing.StaticPublisherIntegrationTestHelper$TestCase@41c578a8]" classname="com.dotcms.enterprise.publishing.staticpublishing.StaticPublisherIntegrationTest" time="0.255"/>
  <testcase name="createStaticBundle[23: com.dotcms.enterprise.publishing.staticpublishing.StaticPublisherIntegrationTestHelper$TestCase@36bce01]" classname="com.dotcms.enterprise.publishing.staticpublishing.StaticPublisherIntegrationTest" time="0.683"/>
  <testcase name="createStaticBundle[24: com.dotcms.enterprise.publishing.staticpublishing.StaticPublisherIntegrationTestHelper$TestCase@68084f64]" classname="com.dotcms.enterprise.publishing.staticpublishing.StaticPublisherIntegrationTest" time="0.775"/>
  <testcase name="createStaticBundle[25: com.dotcms.enterprise.publishing.staticpublishing.StaticPublisherIntegrationTestHelper$TestCase@60753a9a]" classname="com.dotcms.enterprise.publishing.staticpublishing.StaticPublisherIntegrationTest" time="0.755"/>
  <testcase name="createStaticBundle[26: com.dotcms.enterprise.publishing.staticpublishing.StaticPublisherIntegrationTestHelper$TestCase@a9f0e04]" classname="com.dotcms.enterprise.publishing.staticpublishing.StaticPublisherIntegrationTest" time="0.03"/>
  <testcase name="createStaticBundle[27: com.dotcms.enterprise.publishing.staticpublishing.StaticPublisherIntegrationTestHelper$TestCase@57d9c290]" classname="com.dotcms.enterprise.publishing.staticpublishing.StaticPublisherIntegrationTest" time="0.663"/>
  <testcase name="createStaticBundle[28: com.dotcms.enterprise.publishing.staticpublishing.StaticPublisherIntegrationTestHelper$TestCase@7d80c460]" classname="com.dotcms.enterprise.publishing.staticpublishing.StaticPublisherIntegrationTest" time="0.641"/>
  <testcase name="createStaticBundle[29: com.dotcms.enterprise.publishing.staticpublishing.StaticPublisherIntegrationTestHelper$TestCase@34e890a0]" classname="com.dotcms.enterprise.publishing.staticpublishing.StaticPublisherIntegrationTest" time="0.749"/>
  <testcase name="createStaticBundle[30: com.dotcms.enterprise.publishing.staticpublishing.StaticPublisherIntegrationTestHelper$TestCase@46755717]" classname="com.dotcms.enterprise.publishing.staticpublishing.StaticPublisherIntegrationTest" time="0.81"/>
  <testcase name="createStaticBundle[31: com.dotcms.enterprise.publishing.staticpublishing.StaticPublisherIntegrationTestHelper$TestCase@5fa1d00b]" classname="com.dotcms.enterprise.publishing.staticpublishing.StaticPublisherIntegrationTest" time="0.69"/>
  <testcase name="createStaticBundleWithUnPublishOperation[0: com.dotcms.enterprise.publishing.staticpublishing.StaticPublisherIntegrationTestHelper$TestCase@5fcf56ac]" classname="com.dotcms.enterprise.publishing.staticpublishing.StaticPublisherIntegrationTest" time="0.055"/>
  <testcase name="createStaticBundleWithUnPublishOperation[1: com.dotcms.enterprise.publishing.staticpublishing.StaticPublisherIntegrationTestHelper$TestCase@6043f0dd]" classname="com.dotcms.enterprise.publishing.staticpublishing.StaticPublisherIntegrationTest" time="0.034"/>
  <testcase name="createStaticBundleWithUnPublishOperation[2: com.dotcms.enterprise.publishing.staticpublishing.StaticPublisherIntegrationTestHelper$TestCase@5909408b]" classname="com.dotcms.enterprise.publishing.staticpublishing.StaticPublisherIntegrationTest" time="0.58"/>
  <testcase name="createStaticBundleWithUnPublishOperation[3: com.dotcms.enterprise.publishing.staticpublishing.StaticPublisherIntegrationTestHelper$TestCase@15e11475]" classname="com.dotcms.enterprise.publishing.staticpublishing.StaticPublisherIntegrationTest" time="0.569"/>
  <testcase name="createStaticBundleWithUnPublishOperation[4: com.dotcms.enterprise.publishing.staticpublishing.StaticPublisherIntegrationTestHelper$TestCase@30be5a53]" classname="com.dotcms.enterprise.publishing.staticpublishing.StaticPublisherIntegrationTest" time="0.348"/>
  <testcase name="createStaticBundleWithUnPublishOperation[5: com.dotcms.enterprise.publishing.staticpublishing.StaticPublisherIntegrationTestHelper$TestCase@4f048181]" classname="com.dotcms.enterprise.publishing.staticpublishing.StaticPublisherIntegrationTest" time="0.285"/>
  <testcase name="createStaticBundleWithUnPublishOperation[6: com.dotcms.enterprise.publishing.staticpublishing.StaticPublisherIntegrationTestHelper$TestCase@5c9a9df2]" classname="com.dotcms.enterprise.publishing.staticpublishing.StaticPublisherIntegrationTest" time="0.185"/>
  <testcase name="createStaticBundleWithUnPublishOperation[7: com.dotcms.enterprise.publishing.staticpublishing.StaticPublisherIntegrationTestHelper$TestCase@41c578a8]" classname="com.dotcms.enterprise.publishing.staticpublishing.StaticPublisherIntegrationTest" time="0.168"/>
  <testcase name="createStaticBundleWithUnPublishOperation[8: com.dotcms.enterprise.publishing.staticpublishing.StaticPublisherIntegrationTestHelper$TestCase@36bce01]" classname="com.dotcms.enterprise.publishing.staticpublishing.StaticPublisherIntegrationTest" time="0.555"/>
  <testcase name="createStaticBundleWithUnPublishOperation[9: com.dotcms.enterprise.publishing.staticpublishing.StaticPublisherIntegrationTestHelper$TestCase@68084f64]" classname="com.dotcms.enterprise.publishing.staticpublishing.StaticPublisherIntegrationTest" time="0.675"/>
  <testcase name="createStaticBundleWithUnPublishOperation[10: com.dotcms.enterprise.publishing.staticpublishing.StaticPublisherIntegrationTestHelper$TestCase@60753a9a]" classname="com.dotcms.enterprise.publishing.staticpublishing.StaticPublisherIntegrationTest" time="0.622"/>
  <testcase name="createStaticBundleWithUnPublishOperation[11: com.dotcms.enterprise.publishing.staticpublishing.StaticPublisherIntegrationTestHelper$TestCase@a9f0e04]" classname="com.dotcms.enterprise.publishing.staticpublishing.StaticPublisherIntegrationTest" time="0.012"/>
  <testcase name="createStaticBundleWithUnPublishOperation[12: com.dotcms.enterprise.publishing.staticpublishing.StaticPublisherIntegrationTestHelper$TestCase@57d9c290]" classname="com.dotcms.enterprise.publishing.staticpublishing.StaticPublisherIntegrationTest" time="0.608"/>
  <testcase name="createStaticBundleWithUnPublishOperation[13: com.dotcms.enterprise.publishing.staticpublishing.StaticPublisherIntegrationTestHelper$TestCase@7d80c460]" classname="com.dotcms.enterprise.publishing.staticpublishing.StaticPublisherIntegrationTest" time="0.724"/>
  <testcase name="createStaticBundleWithUnPublishOperation[14: com.dotcms.enterprise.publishing.staticpublishing.StaticPublisherIntegrationTestHelper$TestCase@34e890a0]" classname="com.dotcms.enterprise.publishing.staticpublishing.StaticPublisherIntegrationTest" time="0.592"/>
  <testcase name="createStaticBundleWithUnPublishOperation[15: com.dotcms.enterprise.publishing.staticpublishing.StaticPublisherIntegrationTestHelper$TestCase@46755717]" classname="com.dotcms.enterprise.publishing.staticpublishing.StaticPublisherIntegrationTest" time="0.531"/>
  <testcase name="createStaticBundleWithUnPublishOperation[16: com.dotcms.enterprise.publishing.staticpublishing.StaticPublisherIntegrationTestHelper$TestCase@5fa1d00b]" classname="com.dotcms.enterprise.publishing.staticpublishing.StaticPublisherIntegrationTest" time="0.565"/>
  <testcase name="createStaticBundleWithUnPublishOperation[17: com.dotcms.enterprise.publishing.staticpublishing.StaticPublisherIntegrationTestHelper$TestCase@5909408b]" classname="com.dotcms.enterprise.publishing.staticpublishing.StaticPublisherIntegrationTest" time="0.587"/>
  <testcase name="createStaticBundleWithUnPublishOperation[18: com.dotcms.enterprise.publishing.staticpublishing.StaticPublisherIntegrationTestHelper$TestCase@15e11475]" classname="com.dotcms.enterprise.publishing.staticpublishing.StaticPublisherIntegrationTest" time="0.516"/>
  <testcase name="createStaticBundleWithUnPublishOperation[19: com.dotcms.enterprise.publishing.staticpublishing.StaticPublisherIntegrationTestHelper$TestCase@30be5a53]" classname="com.dotcms.enterprise.publishing.staticpublishing.StaticPublisherIntegrationTest" time="0.322"/>
  <testcase name="createStaticBundleWithUnPublishOperation[20: com.dotcms.enterprise.publishing.staticpublishing.StaticPublisherIntegrationTestHelper$TestCase@4f048181]" classname="com.dotcms.enterprise.publishing.staticpublishing.StaticPublisherIntegrationTest" time="0.206"/>
  <testcase name="createStaticBundleWithUnPublishOperation[21: com.dotcms.enterprise.publishing.staticpublishing.StaticPublisherIntegrationTestHelper$TestCase@5c9a9df2]" classname="com.dotcms.enterprise.publishing.staticpublishing.StaticPublisherIntegrationTest" time="0.248"/>
  <testcase name="createStaticBundleWithUnPublishOperation[22: com.dotcms.enterprise.publishing.staticpublishing.StaticPublisherIntegrationTestHelper$TestCase@41c578a8]" classname="com.dotcms.enterprise.publishing.staticpublishing.StaticPublisherIntegrationTest" time="0.146"/>
  <testcase name="createStaticBundleWithUnPublishOperation[23: com.dotcms.enterprise.publishing.staticpublishing.StaticPublisherIntegrationTestHelper$TestCase@36bce01]" classname="com.dotcms.enterprise.publishing.staticpublishing.StaticPublisherIntegrationTest" time="0.477"/>
  <testcase name="createStaticBundleWithUnPublishOperation[24: com.dotcms.enterprise.publishing.staticpublishing.StaticPublisherIntegrationTestHelper$TestCase@68084f64]" classname="com.dotcms.enterprise.publishing.staticpublishing.StaticPublisherIntegrationTest" time="0.54"/>
  <testcase name="createStaticBundleWithUnPublishOperation[25: com.dotcms.enterprise.publishing.staticpublishing.StaticPublisherIntegrationTestHelper$TestCase@60753a9a]" classname="com.dotcms.enterprise.publishing.staticpublishing.StaticPublisherIntegrationTest" time="0.552"/>
  <testcase name="createStaticBundleWithUnPublishOperation[26: com.dotcms.enterprise.publishing.staticpublishing.StaticPublisherIntegrationTestHelper$TestCase@a9f0e04]" classname="com.dotcms.enterprise.publishing.staticpublishing.StaticPublisherIntegrationTest" time="0.014"/>
  <testcase name="createStaticBundleWithUnPublishOperation[27: com.dotcms.enterprise.publishing.staticpublishing.StaticPublisherIntegrationTestHelper$TestCase@57d9c290]" classname="com.dotcms.enterprise.publishing.staticpublishing.StaticPublisherIntegrationTest" time="0.565"/>
  <testcase name="createStaticBundleWithUnPublishOperation[28: com.dotcms.enterprise.publishing.staticpublishing.StaticPublisherIntegrationTestHelper$TestCase@7d80c460]" classname="com.dotcms.enterprise.publishing.staticpublishing.StaticPublisherIntegrationTest" time="0.498"/>
  <testcase name="createStaticBundleWithUnPublishOperation[29: com.dotcms.enterprise.publishing.staticpublishing.StaticPublisherIntegrationTestHelper$TestCase@34e890a0]" classname="com.dotcms.enterprise.publishing.staticpublishing.StaticPublisherIntegrationTest" time="0.565"/>
  <testcase name="createStaticBundleWithUnPublishOperation[30: com.dotcms.enterprise.publishing.staticpublishing.StaticPublisherIntegrationTestHelper$TestCase@46755717]" classname="com.dotcms.enterprise.publishing.staticpublishing.StaticPublisherIntegrationTest" time="0.513"/>
  <testcase name="createStaticBundleWithUnPublishOperation[31: com.dotcms.enterprise.publishing.staticpublishing.StaticPublisherIntegrationTestHelper$TestCase@5fa1d00b]" classname="com.dotcms.enterprise.publishing.staticpublishing.StaticPublisherIntegrationTest" time="0.624"/>
  <system-out><![CDATA[































































]]></system-out>
  <system-err><![CDATA[]]></system-err>
</testsuite>
