<?xml version="1.0" encoding="UTF-8"?>
<testsuite name="com.dotmarketing.portlets.structure.model.ContentletRelationshipsTest" tests="7" skipped="0" failures="0" errors="0" timestamp="2023-06-26T19:17:46" hostname="fv-az341-169" time="9.714">
  <properties/>
  <testcase name="testDoesAllowOnlyOne[0: com.dotmarketing.portlets.structure.model.ContentletRelationshipsTest$CardinalityTestCase@1220a696]" classname="com.dotmarketing.portlets.structure.model.ContentletRelationshipsTest" time="0.564"/>
  <testcase name="testDoesAllowOnlyOne[1: com.dotmarketing.portlets.structure.model.ContentletRelationshipsTest$CardinalityTestCase@2aa3b667]" classname="com.dotmarketing.portlets.structure.model.ContentletRelationshipsTest" time="0.518"/>
  <testcase name="testDoesAllowOnlyOne[2: com.dotmarketing.portlets.structure.model.ContentletRelationshipsTest$CardinalityTestCase@5e377d26]" classname="com.dotmarketing.portlets.structure.model.ContentletRelationshipsTest" time="0.541"/>
  <testcase name="testGetRelationshipRecords[0: com.dotmarketing.portlets.structure.model.ContentletRelationshipsTest$TestCase@e8d8b96]" classname="com.dotmarketing.portlets.structure.model.ContentletRelationshipsTest" time="2.102"/>
  <testcase name="testGetRelationshipRecords[1: com.dotmarketing.portlets.structure.model.ContentletRelationshipsTest$TestCase@190e98c7]" classname="com.dotmarketing.portlets.structure.model.ContentletRelationshipsTest" time="2.093"/>
  <testcase name="testGetRelationshipRecords[2: com.dotmarketing.portlets.structure.model.ContentletRelationshipsTest$TestCase@2e29050f]" classname="com.dotmarketing.portlets.structure.model.ContentletRelationshipsTest" time="1.918"/>
  <testcase name="testGetRelationshipRecords[3: com.dotmarketing.portlets.structure.model.ContentletRelationshipsTest$TestCase@4b1293a1]" classname="com.dotmarketing.portlets.structure.model.ContentletRelationshipsTest" time="1.977"/>
  <system-out><![CDATA[]]></system-out>
  <system-err><![CDATA[]]></system-err>
</testsuite>
