<?xml version="1.0" encoding="UTF-8"?>
<testsuite name="com.dotcms.publishing.PublisherAPIImplTest" tests="24" skipped="0" failures="0" errors="0" timestamp="2023-07-10T18:01:56" hostname="fv-az471-786" time="5.528">
  <properties/>
  <testcase name="AddAllCategoryIntoBundle" classname="com.dotcms.publishing.PublisherAPIImplTest" time="0.186"/>
  <testcase name="testFilterDescriptors" classname="com.dotcms.publishing.PublisherAPIImplTest" time="0.128"/>
  <testcase name="sendPushPublishBundle[0: com.dotcms.publishing.PublisherAPIImplTest$TestAsset@46655edb]" classname="com.dotcms.publishing.PublisherAPIImplTest" time="1.582"/>
  <testcase name="sendPushPublishBundle[1: com.dotcms.publishing.PublisherAPIImplTest$TestAsset@28c61094]" classname="com.dotcms.publishing.PublisherAPIImplTest" time="0.319"/>
  <testcase name="sendPushPublishBundle[2: com.dotcms.publishing.PublisherAPIImplTest$TestAsset@53fe59f3]" classname="com.dotcms.publishing.PublisherAPIImplTest" time="0.223"/>
  <testcase name="sendPushPublishBundle[3: com.dotcms.publishing.PublisherAPIImplTest$TestAsset@2cefb4a8]" classname="com.dotcms.publishing.PublisherAPIImplTest" time="0.392"/>
  <testcase name="sendPushPublishBundle[4: com.dotcms.publishing.PublisherAPIImplTest$TestAsset@4090b468]" classname="com.dotcms.publishing.PublisherAPIImplTest" time="0.316"/>
  <testcase name="sendPushPublishBundle[5: com.dotcms.publishing.PublisherAPIImplTest$TestAsset@584a4e5e]" classname="com.dotcms.publishing.PublisherAPIImplTest" time="0.211"/>
  <testcase name="sendPushPublishBundle[6: com.dotcms.publishing.PublisherAPIImplTest$TestAsset@795aa565]" classname="com.dotcms.publishing.PublisherAPIImplTest" time="0.186"/>
  <testcase name="sendPushPublishBundle[7: com.dotcms.publishing.PublisherAPIImplTest$TestAsset@28c10412]" classname="com.dotcms.publishing.PublisherAPIImplTest" time="0.162"/>
  <testcase name="sendPushPublishBundle[8: com.dotcms.publishing.PublisherAPIImplTest$TestAsset@6d37c696]" classname="com.dotcms.publishing.PublisherAPIImplTest" time="0.121"/>
  <testcase name="sendPushPublishBundle[9: com.dotcms.publishing.PublisherAPIImplTest$TestAsset@67855dd0]" classname="com.dotcms.publishing.PublisherAPIImplTest" time="0.213"/>
  <testcase name="sendPushPublishBundle[10: com.dotcms.publishing.PublisherAPIImplTest$TestAsset@4bd8adc8]" classname="com.dotcms.publishing.PublisherAPIImplTest" time="0.11"/>
  <testcase name="generateBundle[0: com.dotcms.publishing.PublisherAPIImplTest$TestAsset@46655edb]" classname="com.dotcms.publishing.PublisherAPIImplTest" time="0.119"/>
  <testcase name="generateBundle[1: com.dotcms.publishing.PublisherAPIImplTest$TestAsset@28c61094]" classname="com.dotcms.publishing.PublisherAPIImplTest" time="0.168"/>
  <testcase name="generateBundle[2: com.dotcms.publishing.PublisherAPIImplTest$TestAsset@53fe59f3]" classname="com.dotcms.publishing.PublisherAPIImplTest" time="0.12"/>
  <testcase name="generateBundle[3: com.dotcms.publishing.PublisherAPIImplTest$TestAsset@2cefb4a8]" classname="com.dotcms.publishing.PublisherAPIImplTest" time="0.183"/>
  <testcase name="generateBundle[4: com.dotcms.publishing.PublisherAPIImplTest$TestAsset@4090b468]" classname="com.dotcms.publishing.PublisherAPIImplTest" time="0.191"/>
  <testcase name="generateBundle[5: com.dotcms.publishing.PublisherAPIImplTest$TestAsset@584a4e5e]" classname="com.dotcms.publishing.PublisherAPIImplTest" time="0.119"/>
  <testcase name="generateBundle[6: com.dotcms.publishing.PublisherAPIImplTest$TestAsset@795aa565]" classname="com.dotcms.publishing.PublisherAPIImplTest" time="0.112"/>
  <testcase name="generateBundle[7: com.dotcms.publishing.PublisherAPIImplTest$TestAsset@28c10412]" classname="com.dotcms.publishing.PublisherAPIImplTest" time="0.092"/>
  <testcase name="generateBundle[8: com.dotcms.publishing.PublisherAPIImplTest$TestAsset@6d37c696]" classname="com.dotcms.publishing.PublisherAPIImplTest" time="0.057"/>
  <testcase name="generateBundle[9: com.dotcms.publishing.PublisherAPIImplTest$TestAsset@67855dd0]" classname="com.dotcms.publishing.PublisherAPIImplTest" time="0.177"/>
  <testcase name="generateBundle[10: com.dotcms.publishing.PublisherAPIImplTest$TestAsset@4bd8adc8]" classname="com.dotcms.publishing.PublisherAPIImplTest" time="0.021"/>
  <system-out><![CDATA[









































































































































































]]></system-out>
  <system-err><![CDATA[]]></system-err>
</testsuite>
