<?xml version="1.0" encoding="UTF-8"?>
<testsuite name="com.dotcms.cluster.business.ServerAPIImplTest" tests="2" skipped="0" failures="0" errors="0" timestamp="2023-07-08T03:49:47" hostname="fv-az337-298" time="0.008">
  <properties/>
  <testcase name="testGetOldestServerReturnsProperServer" classname="com.dotcms.cluster.business.ServerAPIImplTest" time="0.006"/>
  <testcase name="testGetServerStartTime" classname="com.dotcms.cluster.business.ServerAPIImplTest" time="0.002"/>
  <system-out><![CDATA[]]></system-out>
  <system-err><![CDATA[]]></system-err>
</testsuite>
