<?xml version="1.0" encoding="UTF-8"?>
<testsuite name="com.dotcms.rest.elasticsearch.ESContentResourcePortletTest" tests="8" skipped="0" failures="0" errors="0" timestamp="2023-06-24T00:31:30" hostname="fv-az309-60" time="7.823">
  <properties/>
  <testcase name="test_search_includeGrandChildCategory_success" classname="com.dotcms.rest.elasticsearch.ESContentResourcePortletTest" time="1.396"/>
  <testcase name="testSearch[0: com.dotcms.rest.elasticsearch.ESContentResourcePortletTest$TestCase@596735a9]" classname="com.dotcms.rest.elasticsearch.ESContentResourcePortletTest" time="0.913"/>
  <testcase name="testSearch[1: com.dotcms.rest.elasticsearch.ESContentResourcePortletTest$TestCase@3a3f57ff]" classname="com.dotcms.rest.elasticsearch.ESContentResourcePortletTest" time="0.315"/>
  <testcase name="testSearch[2: com.dotcms.rest.elasticsearch.ESContentResourcePortletTest$TestCase@374f5f59]" classname="com.dotcms.rest.elasticsearch.ESContentResourcePortletTest" time="0.907"/>
  <testcase name="testSearch[3: com.dotcms.rest.elasticsearch.ESContentResourcePortletTest$TestCase@e648106]" classname="com.dotcms.rest.elasticsearch.ESContentResourcePortletTest" time="1.265"/>
  <testcase name="testSearch[4: com.dotcms.rest.elasticsearch.ESContentResourcePortletTest$TestCase@6e4e371e]" classname="com.dotcms.rest.elasticsearch.ESContentResourcePortletTest" time="1.281"/>
  <testcase name="testSearch[5: com.dotcms.rest.elasticsearch.ESContentResourcePortletTest$TestCase@2e8e0587]" classname="com.dotcms.rest.elasticsearch.ESContentResourcePortletTest" time="0.88"/>
  <testcase name="testSearch[6: com.dotcms.rest.elasticsearch.ESContentResourcePortletTest$TestCase@63763298]" classname="com.dotcms.rest.elasticsearch.ESContentResourcePortletTest" time="0.865"/>
  <system-out><![CDATA[]]></system-out>
  <system-err><![CDATA[]]></system-err>
</testsuite>
