<?xml version="1.0" encoding="UTF-8"?>
<testsuite name="com.dotcms.rest.TagResourceIntegrationTest" tests="4" skipped="0" failures="0" errors="0" timestamp="2023-07-10T20:48:00" hostname="fv-az950-407" time="0.326">
  <properties/>
  <testcase name="testList[0: com.dotcms.rest.TagResourceTestCase@2867874b]" classname="com.dotcms.rest.TagResourceIntegrationTest" time="0.243"/>
  <testcase name="testList[1: com.dotcms.rest.TagResourceTestCase@3dadd5b5]" classname="com.dotcms.rest.TagResourceIntegrationTest" time="0.03"/>
  <testcase name="testList[2: com.dotcms.rest.TagResourceTestCase@c74c121]" classname="com.dotcms.rest.TagResourceIntegrationTest" time="0.025"/>
  <testcase name="testList[3: com.dotcms.rest.TagResourceTestCase@32677e39]" classname="com.dotcms.rest.TagResourceIntegrationTest" time="0.028"/>
  <system-out><![CDATA[]]></system-out>
  <system-err><![CDATA[Jul 10, 2023 8:48:00 PM com.dotcms.repackage.org.hibernate.validator.internal.util.Version <clinit>
INFO: HV000001: Hibernate Validator 4.3.2.Final
]]></system-err>
</testsuite>
