<?xml version="1.0" encoding="UTF-8"?>
<testsuite name="com.dotcms.rest.elasticsearch.ESContentResourcePortletTest" tests="8" skipped="0" failures="0" errors="0" timestamp="2023-06-28T17:57:35" hostname="fv-az255-362" time="9.192">
  <properties/>
  <testcase name="test_search_includeGrandChildCategory_success" classname="com.dotcms.rest.elasticsearch.ESContentResourcePortletTest" time="1.633"/>
  <testcase name="testSearch[0: com.dotcms.rest.elasticsearch.ESContentResourcePortletTest$TestCase@74e8b3c5]" classname="com.dotcms.rest.elasticsearch.ESContentResourcePortletTest" time="1.045"/>
  <testcase name="testSearch[1: com.dotcms.rest.elasticsearch.ESContentResourcePortletTest$TestCase@2af88b64]" classname="com.dotcms.rest.elasticsearch.ESContentResourcePortletTest" time="1.361"/>
  <testcase name="testSearch[2: com.dotcms.rest.elasticsearch.ESContentResourcePortletTest$TestCase@14290334]" classname="com.dotcms.rest.elasticsearch.ESContentResourcePortletTest" time="1.087"/>
  <testcase name="testSearch[3: com.dotcms.rest.elasticsearch.ESContentResourcePortletTest$TestCase@692c7e1b]" classname="com.dotcms.rest.elasticsearch.ESContentResourcePortletTest" time="1.365"/>
  <testcase name="testSearch[4: com.dotcms.rest.elasticsearch.ESContentResourcePortletTest$TestCase@58eb8e60]" classname="com.dotcms.rest.elasticsearch.ESContentResourcePortletTest" time="0.344"/>
  <testcase name="testSearch[5: com.dotcms.rest.elasticsearch.ESContentResourcePortletTest$TestCase@36268db2]" classname="com.dotcms.rest.elasticsearch.ESContentResourcePortletTest" time="1.186"/>
  <testcase name="testSearch[6: com.dotcms.rest.elasticsearch.ESContentResourcePortletTest$TestCase@6aca18e1]" classname="com.dotcms.rest.elasticsearch.ESContentResourcePortletTest" time="1.17"/>
  <system-out><![CDATA[]]></system-out>
  <system-err><![CDATA[]]></system-err>
</testsuite>
