<?xml version="1.0" encoding="UTF-8"?>
<testsuite name="com.dotcms.enterprise.cluster.ClusterFactoryTest" tests="1" skipped="0" failures="0" errors="0" timestamp="2023-07-19T19:01:20" hostname="fv-az615-953" time="0.012">
  <properties/>
  <testcase name="testClusterReady_ShouldReturnTrue" classname="com.dotcms.enterprise.cluster.ClusterFactoryTest" time="0.012"/>
  <system-out><![CDATA[]]></system-out>
  <system-err><![CDATA[]]></system-err>
</testsuite>
