<?xml version="1.0" encoding="UTF-8"?>
<testsuite name="com.dotcms.contenttype.test.ContentResourceTest" tests="52" skipped="0" failures="0" errors="0" timestamp="2023-06-30T16:24:00" hostname="fv-az452-220" time="129.142">
  <properties/>
  <testcase name="testGetContentShouldReturnIconDetails" classname="com.dotcms.contenttype.test.ContentResourceTest" time="1.446"/>
  <testcase name="Test_Save_Action_Set_Words_To_Required_NumericField_Issue_15340" classname="com.dotcms.contenttype.test.ContentResourceTest" time="0.869"/>
  <testcase name="test_getContent_includeGrandChildCategory_success" classname="com.dotcms.contenttype.test.ContentResourceTest" time="1.221"/>
  <testcase name="testGetContentWithRelatedParameter[0: com.dotcms.contenttype.test.ContentResourceTest$PullRelatedTestCase@d14a7ff]" classname="com.dotcms.contenttype.test.ContentResourceTest" time="3.616"/>
  <testcase name="testGetContentWithRelatedParameter[1: com.dotcms.contenttype.test.ContentResourceTest$PullRelatedTestCase@50ab7c12]" classname="com.dotcms.contenttype.test.ContentResourceTest" time="3.415"/>
  <testcase name="testGetContentWithRelatedParameter[2: com.dotcms.contenttype.test.ContentResourceTest$PullRelatedTestCase@17f33017]" classname="com.dotcms.contenttype.test.ContentResourceTest" time="3.489"/>
  <testcase name="testGetContentWithRelatedParameter[3: com.dotcms.contenttype.test.ContentResourceTest$PullRelatedTestCase@6e0ff305]" classname="com.dotcms.contenttype.test.ContentResourceTest" time="3.4"/>
  <testcase name="testGetContentWithRelatedParameter[4: com.dotcms.contenttype.test.ContentResourceTest$PullRelatedTestCase@468c9a64]" classname="com.dotcms.contenttype.test.ContentResourceTest" time="3.323"/>
  <testcase name="test_getContent_SelfRelatedWith3LevelsOfDepth_shouldReturnRelationships" classname="com.dotcms.contenttype.test.ContentResourceTest" time="1.266"/>
  <testcase name="Test_Save_Action_Send_Fields_SubSet_Issue_15340" classname="com.dotcms.contenttype.test.ContentResourceTest" time="2.827"/>
  <testcase name="test_getContent_shouldReturnRelationships[0: com.dotcms.contenttype.test.ContentResourceTest$TestCase@4dcc354b]" classname="com.dotcms.contenttype.test.ContentResourceTest" time="2.562"/>
  <testcase name="test_getContent_shouldReturnRelationships[1: com.dotcms.contenttype.test.ContentResourceTest$TestCase@4331c76d]" classname="com.dotcms.contenttype.test.ContentResourceTest" time="2.585"/>
  <testcase name="test_getContent_shouldReturnRelationships[2: com.dotcms.contenttype.test.ContentResourceTest$TestCase@523793d5]" classname="com.dotcms.contenttype.test.ContentResourceTest" time="2.532"/>
  <testcase name="test_getContent_shouldReturnRelationships[3: com.dotcms.contenttype.test.ContentResourceTest$TestCase@704a7c4d]" classname="com.dotcms.contenttype.test.ContentResourceTest" time="2.668"/>
  <testcase name="test_getContent_shouldReturnRelationships[4: com.dotcms.contenttype.test.ContentResourceTest$TestCase@5c007962]" classname="com.dotcms.contenttype.test.ContentResourceTest" time="2.773"/>
  <testcase name="test_getContent_shouldReturnRelationships[5: com.dotcms.contenttype.test.ContentResourceTest$TestCase@1147d720]" classname="com.dotcms.contenttype.test.ContentResourceTest" time="2.565"/>
  <testcase name="test_getContent_shouldReturnRelationships[6: com.dotcms.contenttype.test.ContentResourceTest$TestCase@7f0047e6]" classname="com.dotcms.contenttype.test.ContentResourceTest" time="2.564"/>
  <testcase name="test_getContent_shouldReturnRelationships[7: com.dotcms.contenttype.test.ContentResourceTest$TestCase@5c8be45f]" classname="com.dotcms.contenttype.test.ContentResourceTest" time="2.581"/>
  <testcase name="test_getContent_shouldReturnRelationships[8: com.dotcms.contenttype.test.ContentResourceTest$TestCase@31f5dc5]" classname="com.dotcms.contenttype.test.ContentResourceTest" time="1.749"/>
  <testcase name="test_getContent_shouldReturnRelationships[9: com.dotcms.contenttype.test.ContentResourceTest$TestCase@2cce6451]" classname="com.dotcms.contenttype.test.ContentResourceTest" time="2.702"/>
  <testcase name="test_getContent_shouldReturnRelationships[10: com.dotcms.contenttype.test.ContentResourceTest$TestCase@510c3959]" classname="com.dotcms.contenttype.test.ContentResourceTest" time="2.482"/>
  <testcase name="test_getContent_shouldReturnRelationships[11: com.dotcms.contenttype.test.ContentResourceTest$TestCase@5226863b]" classname="com.dotcms.contenttype.test.ContentResourceTest" time="2.455"/>
  <testcase name="test_getContent_shouldReturnRelationships[12: com.dotcms.contenttype.test.ContentResourceTest$TestCase@2bae18cf]" classname="com.dotcms.contenttype.test.ContentResourceTest" time="2.482"/>
  <testcase name="test_getContent_shouldReturnRelationships[13: com.dotcms.contenttype.test.ContentResourceTest$TestCase@749d0d07]" classname="com.dotcms.contenttype.test.ContentResourceTest" time="2.545"/>
  <testcase name="test_getContent_shouldReturnRelationships[14: com.dotcms.contenttype.test.ContentResourceTest$TestCase@446b343c]" classname="com.dotcms.contenttype.test.ContentResourceTest" time="2.622"/>
  <testcase name="test_getContent_shouldReturnRelationships[15: com.dotcms.contenttype.test.ContentResourceTest$TestCase@229a75d4]" classname="com.dotcms.contenttype.test.ContentResourceTest" time="3.552"/>
  <testcase name="test_getContent_shouldReturnRelationships[16: com.dotcms.contenttype.test.ContentResourceTest$TestCase@79296928]" classname="com.dotcms.contenttype.test.ContentResourceTest" time="3.556"/>
  <testcase name="test_getContent_shouldReturnRelationships[17: com.dotcms.contenttype.test.ContentResourceTest$TestCase@6540a63f]" classname="com.dotcms.contenttype.test.ContentResourceTest" time="2.754"/>
  <testcase name="test_getContent_shouldReturnRelationships[18: com.dotcms.contenttype.test.ContentResourceTest$TestCase@7897a47f]" classname="com.dotcms.contenttype.test.ContentResourceTest" time="2.825"/>
  <testcase name="test_getContent_shouldReturnRelationships[19: com.dotcms.contenttype.test.ContentResourceTest$TestCase@9d25a6c]" classname="com.dotcms.contenttype.test.ContentResourceTest" time="2.841"/>
  <testcase name="test_getContent_shouldReturnRelationships[20: com.dotcms.contenttype.test.ContentResourceTest$TestCase@3b800257]" classname="com.dotcms.contenttype.test.ContentResourceTest" time="1.932"/>
  <testcase name="test_getContent_shouldReturnRelationships[21: com.dotcms.contenttype.test.ContentResourceTest$TestCase@5b113a46]" classname="com.dotcms.contenttype.test.ContentResourceTest" time="1.961"/>
  <testcase name="test_getContent_shouldReturnRelationships[22: com.dotcms.contenttype.test.ContentResourceTest$TestCase@1ee0d907]" classname="com.dotcms.contenttype.test.ContentResourceTest" time="2.618"/>
  <testcase name="test_getContent_shouldReturnRelationships[23: com.dotcms.contenttype.test.ContentResourceTest$TestCase@5fae18d]" classname="com.dotcms.contenttype.test.ContentResourceTest" time="2.714"/>
  <testcase name="test_getContent_shouldReturnRelationships[24: com.dotcms.contenttype.test.ContentResourceTest$TestCase@3ed3c9df]" classname="com.dotcms.contenttype.test.ContentResourceTest" time="2.682"/>
  <testcase name="test_getContent_shouldReturnRelationships[25: com.dotcms.contenttype.test.ContentResourceTest$TestCase@6cc21749]" classname="com.dotcms.contenttype.test.ContentResourceTest" time="2.991"/>
  <testcase name="test_getContent_shouldReturnRelationships[26: com.dotcms.contenttype.test.ContentResourceTest$TestCase@74f2d337]" classname="com.dotcms.contenttype.test.ContentResourceTest" time="2.821"/>
  <testcase name="test_getContent_shouldReturnRelationships[27: com.dotcms.contenttype.test.ContentResourceTest$TestCase@26d6a2ad]" classname="com.dotcms.contenttype.test.ContentResourceTest" time="2.701"/>
  <testcase name="test_getContent_shouldReturnRelationships[28: com.dotcms.contenttype.test.ContentResourceTest$TestCase@66b1a99]" classname="com.dotcms.contenttype.test.ContentResourceTest" time="1.489"/>
  <testcase name="test_getContent_shouldReturnRelationships[29: com.dotcms.contenttype.test.ContentResourceTest$TestCase@7a6f2d42]" classname="com.dotcms.contenttype.test.ContentResourceTest" time="2.614"/>
  <testcase name="test_getContent_shouldReturnRelationships[30: com.dotcms.contenttype.test.ContentResourceTest$TestCase@18e63253]" classname="com.dotcms.contenttype.test.ContentResourceTest" time="2.6"/>
  <testcase name="test_getContent_shouldReturnRelationships[31: com.dotcms.contenttype.test.ContentResourceTest$TestCase@b363828]" classname="com.dotcms.contenttype.test.ContentResourceTest" time="2.576"/>
  <testcase name="test_getContent_shouldReturnRelationships[32: com.dotcms.contenttype.test.ContentResourceTest$TestCase@55575405]" classname="com.dotcms.contenttype.test.ContentResourceTest" time="3.567"/>
  <testcase name="test_getContent_shouldReturnRelationships[33: com.dotcms.contenttype.test.ContentResourceTest$TestCase@56d176d0]" classname="com.dotcms.contenttype.test.ContentResourceTest" time="3.516"/>
  <testcase name="testSinglePOST_InvalidParamsShouldReturn400[0: ({\n    &quot;stInode&quot; : &quot;InvalidValue&quot;,\n    &quot;numeric&quot; : &quot;0&quot;,\n    &quot;image&quot; : &quot;whatever&quot;\n}, Bad Request)]" classname="com.dotcms.contenttype.test.ContentResourceTest" time="0.866"/>
  <testcase name="testSinglePOST_InvalidParamsShouldReturn400[1: ({\n    &quot;numeric&quot; : &quot;0&quot;,\n    &quot;image&quot; : &quot;whatever&quot;\n}, Bad Request)]" classname="com.dotcms.contenttype.test.ContentResourceTest" time="0.849"/>
  <testcase name="Test_Save_Action_Set_Null_To_Required_NumericField_Issue_15340" classname="com.dotcms.contenttype.test.ContentResourceTest" time="0.891"/>
  <testcase name="Test_Save_Action_Remove_Image_Then_Verify_Fields_Were_Cleared_Issue_15340" classname="com.dotcms.contenttype.test.ContentResourceTest" time="3.677"/>
  <testcase name="test_getContentWithMultipleSelfRelated_shouldReturnRelationships[0: com.dotcms.contenttype.test.ContentResourceTest$PullSelfRelatedTestCase@45c12252]" classname="com.dotcms.contenttype.test.ContentResourceTest" time="1.507"/>
  <testcase name="test_getContentWithMultipleSelfRelated_shouldReturnRelationships[1: com.dotcms.contenttype.test.ContentResourceTest$PullSelfRelatedTestCase@2a59b193]" classname="com.dotcms.contenttype.test.ContentResourceTest" time="1.538"/>
  <testcase name="testGetContentWithAllCategoriesInfo[0: json]" classname="com.dotcms.contenttype.test.ContentResourceTest" time="2.36"/>
  <testcase name="testGetContentWithAllCategoriesInfo[1: xml]" classname="com.dotcms.contenttype.test.ContentResourceTest" time="2.401"/>
  <system-out><![CDATA[











]]></system-out>
  <system-err><![CDATA[]]></system-err>
</testsuite>
