<?xml version="1.0" encoding="UTF-8"?>
<testsuite name="com.dotmarketing.startup.runonce.Task230426AlterVarcharLengthOfLockedByColTest" tests="1" skipped="0" failures="0" errors="0" timestamp="2023-07-06T22:05:29" hostname="fv-az440-292" time="0.076">
  <properties/>
  <testcase name="test_executeUpgrade_GivenIncreaseLockedByLength_LengthShouldBeMoreThan36" classname="com.dotmarketing.startup.runonce.Task230426AlterVarcharLengthOfLockedByColTest" time="0.076"/>
  <system-out><![CDATA[]]></system-out>
  <system-err><![CDATA[]]></system-err>
</testsuite>
