<?xml version="1.0" encoding="UTF-8"?>
<testsuite name="com.dotmarketing.startup.runonce.Task221007AddVariantIntoPrimaryKeyTest" tests="3" skipped="0" failures="0" errors="0" timestamp="2023-07-13T15:50:33" hostname="fv-az216-569" time="0.078">
  <properties/>
  <testcase name="executeUpgrade" classname="com.dotmarketing.startup.runonce.Task221007AddVariantIntoPrimaryKeyTest" time="0.028"/>
  <testcase name="primaryKeyWithNoDefaultName" classname="com.dotmarketing.startup.runonce.Task221007AddVariantIntoPrimaryKeyTest" time="0.031"/>
  <testcase name="whenThePrimaryKeyDoesNotExists" classname="com.dotmarketing.startup.runonce.Task221007AddVariantIntoPrimaryKeyTest" time="0.018"/>
  <system-out><![CDATA[]]></system-out>
  <system-err><![CDATA[]]></system-err>
</testsuite>
