<?xml version="1.0" encoding="UTF-8"?>
<testsuite name="com.dotmarketing.servlets.ajax.AjaxDirectorServletIntegrationTest" tests="2" skipped="0" failures="0" errors="0" timestamp="2023-06-29T06:11:08" hostname="fv-az343-696" time="1.773">
  <properties/>
  <testcase name="testService[0: com.dotmarketing.servlets.ajax.AjaxDirectorServletTestCase@14cabd6c]" classname="com.dotmarketing.servlets.ajax.AjaxDirectorServletIntegrationTest" time="1.093"/>
  <testcase name="testService[1: com.dotmarketing.servlets.ajax.AjaxDirectorServletTestCase@52d0810b]" classname="com.dotmarketing.servlets.ajax.AjaxDirectorServletIntegrationTest" time="0.679"/>
  <system-out><![CDATA[]]></system-out>
  <system-err><![CDATA[]]></system-err>
</testsuite>
