<?xml version="1.0" encoding="UTF-8"?>
<testsuite name="com.dotcms.rest.api.v1.page.NavResourceTest" tests="4" skipped="0" failures="0" errors="0" timestamp="2023-06-29T23:55:34" hostname="fv-az442-763" time="2.954">
  <properties/>
  <testcase name="getAboutUsNav_WhenDepthAndLanguageAreValid_Success" classname="com.dotcms.rest.api.v1.page.NavResourceTest" time="0.781"/>
  <testcase name="getAboutUsNav_WhenLanguageDoesNotExists_NotFound" classname="com.dotcms.rest.api.v1.page.NavResourceTest" time="0.743"/>
  <testcase name="getAboutUsNav_WhenLanguageIsNotAValidNumber_BadRequest" classname="com.dotcms.rest.api.v1.page.NavResourceTest" time="0.723"/>
  <testcase name="getAboutUsNav_WhenDepthIsNotAValidNumber_BadRequest" classname="com.dotcms.rest.api.v1.page.NavResourceTest" time="0.706"/>
  <system-out><![CDATA[]]></system-out>
  <system-err><![CDATA[]]></system-err>
</testsuite>
