<?xml version="1.0" encoding="UTF-8"?>
<testsuite name="com.dotmarketing.portlets.structure.transform.ContentletRelationshipsTransformerTest" tests="2" skipped="0" failures="0" errors="0" timestamp="2023-07-10T21:17:01" hostname="fv-az950-407" time="4.302">
  <properties/>
  <testcase name="testHasParentFalse_BothSidesRelationship_selfRelatedContentType" classname="com.dotmarketing.portlets.structure.transform.ContentletRelationshipsTransformerTest" time="2.373"/>
  <testcase name="testHasParentTrue_OneSideRelationship_selfRelatedContentType" classname="com.dotmarketing.portlets.structure.transform.ContentletRelationshipsTransformerTest" time="1.929"/>
  <system-out><![CDATA[]]></system-out>
  <system-err><![CDATA[]]></system-err>
</testsuite>
