<?xml version="1.0" encoding="UTF-8"?>
<testsuite name="com.dotcms.rendering.velocity.viewtools.content.util.ContentUtilsTest" tests="89" skipped="0" failures="0" errors="0" timestamp="2023-06-30T18:28:11" hostname="fv-az612-580" time="399.543">
  <properties/>
  <testcase name="whenTheTimeMachineDateIsNullAndPublishDateInFutureShouldNotReturnAnything" classname="com.dotcms.rendering.velocity.viewtools.content.util.ContentUtilsTest" time="3.09"/>
  <testcase name="test_find_multilingual_contentlet_getContentletSuccessfully" classname="com.dotcms.rendering.velocity.viewtools.content.util.ContentUtilsTest" time="1.993"/>
  <testcase name="whenTheTimeMachineDateAndPublishDateAreTomorrowShouldReturnOneContent" classname="com.dotcms.rendering.velocity.viewtools.content.util.ContentUtilsTest" time="2.976"/>
  <testcase name="testPullRelated[0: com.dotcms.rendering.velocity.viewtools.content.util.ContentUtilsTest$TestCase@579029b7]" classname="com.dotcms.rendering.velocity.viewtools.content.util.ContentUtilsTest" time="2.54"/>
  <testcase name="testPullRelated[1: com.dotcms.rendering.velocity.viewtools.content.util.ContentUtilsTest$TestCase@65485d36]" classname="com.dotcms.rendering.velocity.viewtools.content.util.ContentUtilsTest" time="4.174"/>
  <testcase name="testPullRelated[2: com.dotcms.rendering.velocity.viewtools.content.util.ContentUtilsTest$TestCase@96dae21]" classname="com.dotcms.rendering.velocity.viewtools.content.util.ContentUtilsTest" time="3.997"/>
  <testcase name="testPullRelated[3: com.dotcms.rendering.velocity.viewtools.content.util.ContentUtilsTest$TestCase@42a99d27]" classname="com.dotcms.rendering.velocity.viewtools.content.util.ContentUtilsTest" time="4.13"/>
  <testcase name="testPullRelated[4: com.dotcms.rendering.velocity.viewtools.content.util.ContentUtilsTest$TestCase@14a2c954]" classname="com.dotcms.rendering.velocity.viewtools.content.util.ContentUtilsTest" time="3.741"/>
  <testcase name="testPullRelated[5: com.dotcms.rendering.velocity.viewtools.content.util.ContentUtilsTest$TestCase@3324871b]" classname="com.dotcms.rendering.velocity.viewtools.content.util.ContentUtilsTest" time="4.122"/>
  <testcase name="testPullRelated[6: com.dotcms.rendering.velocity.viewtools.content.util.ContentUtilsTest$TestCase@575c3bf8]" classname="com.dotcms.rendering.velocity.viewtools.content.util.ContentUtilsTest" time="4.169"/>
  <testcase name="testPullRelated[7: com.dotcms.rendering.velocity.viewtools.content.util.ContentUtilsTest$TestCase@5992d491]" classname="com.dotcms.rendering.velocity.viewtools.content.util.ContentUtilsTest" time="4.171"/>
  <testcase name="testPullRelated[8: com.dotcms.rendering.velocity.viewtools.content.util.ContentUtilsTest$TestCase@5b784e9e]" classname="com.dotcms.rendering.velocity.viewtools.content.util.ContentUtilsTest" time="4.008"/>
  <testcase name="testPullRelated[9: com.dotcms.rendering.velocity.viewtools.content.util.ContentUtilsTest$TestCase@4c7316b5]" classname="com.dotcms.rendering.velocity.viewtools.content.util.ContentUtilsTest" time="3.864"/>
  <testcase name="testPullRelated[10: com.dotcms.rendering.velocity.viewtools.content.util.ContentUtilsTest$TestCase@7a467738]" classname="com.dotcms.rendering.velocity.viewtools.content.util.ContentUtilsTest" time="4.377"/>
  <testcase name="testPullRelated[11: com.dotcms.rendering.velocity.viewtools.content.util.ContentUtilsTest$TestCase@353f12bd]" classname="com.dotcms.rendering.velocity.viewtools.content.util.ContentUtilsTest" time="3.861"/>
  <testcase name="testPullRelated[12: com.dotcms.rendering.velocity.viewtools.content.util.ContentUtilsTest$TestCase@2c2aa63a]" classname="com.dotcms.rendering.velocity.viewtools.content.util.ContentUtilsTest" time="4.033"/>
  <testcase name="testPullRelated[13: com.dotcms.rendering.velocity.viewtools.content.util.ContentUtilsTest$TestCase@78b8dbb4]" classname="com.dotcms.rendering.velocity.viewtools.content.util.ContentUtilsTest" time="3.927"/>
  <testcase name="testPullRelated[14: com.dotcms.rendering.velocity.viewtools.content.util.ContentUtilsTest$TestCase@310e9c2c]" classname="com.dotcms.rendering.velocity.viewtools.content.util.ContentUtilsTest" time="4.145"/>
  <testcase name="testPullRelated[15: com.dotcms.rendering.velocity.viewtools.content.util.ContentUtilsTest$TestCase@7c69ca4a]" classname="com.dotcms.rendering.velocity.viewtools.content.util.ContentUtilsTest" time="3.916"/>
  <testcase name="testPullRelated[16: com.dotcms.rendering.velocity.viewtools.content.util.ContentUtilsTest$TestCase@50bb88b]" classname="com.dotcms.rendering.velocity.viewtools.content.util.ContentUtilsTest" time="4.076"/>
  <testcase name="testPullRelated[17: com.dotcms.rendering.velocity.viewtools.content.util.ContentUtilsTest$TestCase@3bd0b6e5]" classname="com.dotcms.rendering.velocity.viewtools.content.util.ContentUtilsTest" time="3.153"/>
  <testcase name="testPullRelated[18: com.dotcms.rendering.velocity.viewtools.content.util.ContentUtilsTest$TestCase@7e7aa24f]" classname="com.dotcms.rendering.velocity.viewtools.content.util.ContentUtilsTest" time="4.012"/>
  <testcase name="testPullRelated[19: com.dotcms.rendering.velocity.viewtools.content.util.ContentUtilsTest$TestCase@4cf30c50]" classname="com.dotcms.rendering.velocity.viewtools.content.util.ContentUtilsTest" time="4.006"/>
  <testcase name="testPullRelated[20: com.dotcms.rendering.velocity.viewtools.content.util.ContentUtilsTest$TestCase@14e43aa5]" classname="com.dotcms.rendering.velocity.viewtools.content.util.ContentUtilsTest" time="3.902"/>
  <testcase name="testPullRelated[21: com.dotcms.rendering.velocity.viewtools.content.util.ContentUtilsTest$TestCase@2a3dc142]" classname="com.dotcms.rendering.velocity.viewtools.content.util.ContentUtilsTest" time="4.106"/>
  <testcase name="testPullRelated[22: com.dotcms.rendering.velocity.viewtools.content.util.ContentUtilsTest$TestCase@1fe6690]" classname="com.dotcms.rendering.velocity.viewtools.content.util.ContentUtilsTest" time="4.025"/>
  <testcase name="testPullRelated[23: com.dotcms.rendering.velocity.viewtools.content.util.ContentUtilsTest$TestCase@553b7b73]" classname="com.dotcms.rendering.velocity.viewtools.content.util.ContentUtilsTest" time="3.171"/>
  <testcase name="testPullRelated[24: com.dotcms.rendering.velocity.viewtools.content.util.ContentUtilsTest$TestCase@603f5263]" classname="com.dotcms.rendering.velocity.viewtools.content.util.ContentUtilsTest" time="3.897"/>
  <testcase name="testPullRelated[25: com.dotcms.rendering.velocity.viewtools.content.util.ContentUtilsTest$TestCase@244cb8f7]" classname="com.dotcms.rendering.velocity.viewtools.content.util.ContentUtilsTest" time="4.111"/>
  <testcase name="testPullRelated[26: com.dotcms.rendering.velocity.viewtools.content.util.ContentUtilsTest$TestCase@56749008]" classname="com.dotcms.rendering.velocity.viewtools.content.util.ContentUtilsTest" time="3.931"/>
  <testcase name="testPullRelated[27: com.dotcms.rendering.velocity.viewtools.content.util.ContentUtilsTest$TestCase@581a8956]" classname="com.dotcms.rendering.velocity.viewtools.content.util.ContentUtilsTest" time="3.25"/>
  <testcase name="testPullRelated[28: com.dotcms.rendering.velocity.viewtools.content.util.ContentUtilsTest$TestCase@422c647c]" classname="com.dotcms.rendering.velocity.viewtools.content.util.ContentUtilsTest" time="3.767"/>
  <testcase name="testPullRelated[29: com.dotcms.rendering.velocity.viewtools.content.util.ContentUtilsTest$TestCase@3e6f7ce]" classname="com.dotcms.rendering.velocity.viewtools.content.util.ContentUtilsTest" time="4.084"/>
  <testcase name="testPullRelated[30: com.dotcms.rendering.velocity.viewtools.content.util.ContentUtilsTest$TestCase@7160c36a]" classname="com.dotcms.rendering.velocity.viewtools.content.util.ContentUtilsTest" time="3.279"/>
  <testcase name="testPullRelated[31: com.dotcms.rendering.velocity.viewtools.content.util.ContentUtilsTest$TestCase@7dbcb429]" classname="com.dotcms.rendering.velocity.viewtools.content.util.ContentUtilsTest" time="3.957"/>
  <testcase name="testPullRelated[32: com.dotcms.rendering.velocity.viewtools.content.util.ContentUtilsTest$TestCase@5c123066]" classname="com.dotcms.rendering.velocity.viewtools.content.util.ContentUtilsTest" time="3.975"/>
  <testcase name="testPullRelated[33: com.dotcms.rendering.velocity.viewtools.content.util.ContentUtilsTest$TestCase@68fef4ad]" classname="com.dotcms.rendering.velocity.viewtools.content.util.ContentUtilsTest" time="3.228"/>
  <testcase name="testPullRelated[34: com.dotcms.rendering.velocity.viewtools.content.util.ContentUtilsTest$TestCase@1f72114b]" classname="com.dotcms.rendering.velocity.viewtools.content.util.ContentUtilsTest" time="3.967"/>
  <testcase name="testPullRelated[35: com.dotcms.rendering.velocity.viewtools.content.util.ContentUtilsTest$TestCase@7f7e370]" classname="com.dotcms.rendering.velocity.viewtools.content.util.ContentUtilsTest" time="3.957"/>
  <testcase name="testPullRelated[36: com.dotcms.rendering.velocity.viewtools.content.util.ContentUtilsTest$TestCase@4a2b72e8]" classname="com.dotcms.rendering.velocity.viewtools.content.util.ContentUtilsTest" time="5.261"/>
  <testcase name="testPullRelated[37: com.dotcms.rendering.velocity.viewtools.content.util.ContentUtilsTest$TestCase@55efbc9c]" classname="com.dotcms.rendering.velocity.viewtools.content.util.ContentUtilsTest" time="5.891"/>
  <testcase name="testPullRelated[38: com.dotcms.rendering.velocity.viewtools.content.util.ContentUtilsTest$TestCase@5a181723]" classname="com.dotcms.rendering.velocity.viewtools.content.util.ContentUtilsTest" time="6.159"/>
  <testcase name="testPullRelated[39: com.dotcms.rendering.velocity.viewtools.content.util.ContentUtilsTest$TestCase@624c8373]" classname="com.dotcms.rendering.velocity.viewtools.content.util.ContentUtilsTest" time="6.173"/>
  <testcase name="testPullRelated[40: com.dotcms.rendering.velocity.viewtools.content.util.ContentUtilsTest$TestCase@73e101e0]" classname="com.dotcms.rendering.velocity.viewtools.content.util.ContentUtilsTest" time="6.146"/>
  <testcase name="testPullRelated[41: com.dotcms.rendering.velocity.viewtools.content.util.ContentUtilsTest$TestCase@5b42585c]" classname="com.dotcms.rendering.velocity.viewtools.content.util.ContentUtilsTest" time="5.88"/>
  <testcase name="testPullRelated[42: com.dotcms.rendering.velocity.viewtools.content.util.ContentUtilsTest$TestCase@41f9ed18]" classname="com.dotcms.rendering.velocity.viewtools.content.util.ContentUtilsTest" time="6.361"/>
  <testcase name="testPullRelated[43: com.dotcms.rendering.velocity.viewtools.content.util.ContentUtilsTest$TestCase@47a8b94f]" classname="com.dotcms.rendering.velocity.viewtools.content.util.ContentUtilsTest" time="5.996"/>
  <testcase name="testPullRelated[44: com.dotcms.rendering.velocity.viewtools.content.util.ContentUtilsTest$TestCase@3c3d4e5b]" classname="com.dotcms.rendering.velocity.viewtools.content.util.ContentUtilsTest" time="6.278"/>
  <testcase name="testPullRelated[45: com.dotcms.rendering.velocity.viewtools.content.util.ContentUtilsTest$TestCase@75746138]" classname="com.dotcms.rendering.velocity.viewtools.content.util.ContentUtilsTest" time="5.572"/>
  <testcase name="testPullRelated[46: com.dotcms.rendering.velocity.viewtools.content.util.ContentUtilsTest$TestCase@7bebd3a3]" classname="com.dotcms.rendering.velocity.viewtools.content.util.ContentUtilsTest" time="6.541"/>
  <testcase name="testPullRelated[47: com.dotcms.rendering.velocity.viewtools.content.util.ContentUtilsTest$TestCase@790b7f50]" classname="com.dotcms.rendering.velocity.viewtools.content.util.ContentUtilsTest" time="6.043"/>
  <testcase name="testPullRelated[48: com.dotcms.rendering.velocity.viewtools.content.util.ContentUtilsTest$TestCase@2f12b9bc]" classname="com.dotcms.rendering.velocity.viewtools.content.util.ContentUtilsTest" time="5.836"/>
  <testcase name="testPullRelated[49: com.dotcms.rendering.velocity.viewtools.content.util.ContentUtilsTest$TestCase@79b970c7]" classname="com.dotcms.rendering.velocity.viewtools.content.util.ContentUtilsTest" time="6.136"/>
  <testcase name="testPullRelated[50: com.dotcms.rendering.velocity.viewtools.content.util.ContentUtilsTest$TestCase@5ceac298]" classname="com.dotcms.rendering.velocity.viewtools.content.util.ContentUtilsTest" time="6.269"/>
  <testcase name="testPullRelated[51: com.dotcms.rendering.velocity.viewtools.content.util.ContentUtilsTest$TestCase@7eb9c7aa]" classname="com.dotcms.rendering.velocity.viewtools.content.util.ContentUtilsTest" time="5.804"/>
  <testcase name="testPullRelated[52: com.dotcms.rendering.velocity.viewtools.content.util.ContentUtilsTest$TestCase@445c5e98]" classname="com.dotcms.rendering.velocity.viewtools.content.util.ContentUtilsTest" time="6.1"/>
  <testcase name="testPullRelated[53: com.dotcms.rendering.velocity.viewtools.content.util.ContentUtilsTest$TestCase@76d1319c]" classname="com.dotcms.rendering.velocity.viewtools.content.util.ContentUtilsTest" time="6.014"/>
  <testcase name="testPullRelated[54: com.dotcms.rendering.velocity.viewtools.content.util.ContentUtilsTest$TestCase@7c25c3dc]" classname="com.dotcms.rendering.velocity.viewtools.content.util.ContentUtilsTest" time="6.121"/>
  <testcase name="testPullRelated[55: com.dotcms.rendering.velocity.viewtools.content.util.ContentUtilsTest$TestCase@4c91df65]" classname="com.dotcms.rendering.velocity.viewtools.content.util.ContentUtilsTest" time="6.281"/>
  <testcase name="testPullRelated[56: com.dotcms.rendering.velocity.viewtools.content.util.ContentUtilsTest$TestCase@6a1fe0f1]" classname="com.dotcms.rendering.velocity.viewtools.content.util.ContentUtilsTest" time="5.844"/>
  <testcase name="testPullRelated[57: com.dotcms.rendering.velocity.viewtools.content.util.ContentUtilsTest$TestCase@15bd61ff]" classname="com.dotcms.rendering.velocity.viewtools.content.util.ContentUtilsTest" time="6.082"/>
  <testcase name="testPullRelated[58: com.dotcms.rendering.velocity.viewtools.content.util.ContentUtilsTest$TestCase@47d46bb7]" classname="com.dotcms.rendering.velocity.viewtools.content.util.ContentUtilsTest" time="6.158"/>
  <testcase name="testPullRelated[59: com.dotcms.rendering.velocity.viewtools.content.util.ContentUtilsTest$TestCase@57ceedf]" classname="com.dotcms.rendering.velocity.viewtools.content.util.ContentUtilsTest" time="5.226"/>
  <testcase name="testPullRelated[60: com.dotcms.rendering.velocity.viewtools.content.util.ContentUtilsTest$TestCase@10f19ee9]" classname="com.dotcms.rendering.velocity.viewtools.content.util.ContentUtilsTest" time="5.831"/>
  <testcase name="testPullRelated[61: com.dotcms.rendering.velocity.viewtools.content.util.ContentUtilsTest$TestCase@6e3da791]" classname="com.dotcms.rendering.velocity.viewtools.content.util.ContentUtilsTest" time="6.107"/>
  <testcase name="testPullRelated[62: com.dotcms.rendering.velocity.viewtools.content.util.ContentUtilsTest$TestCase@ad0e032]" classname="com.dotcms.rendering.velocity.viewtools.content.util.ContentUtilsTest" time="6.266"/>
  <testcase name="testPullRelated[63: com.dotcms.rendering.velocity.viewtools.content.util.ContentUtilsTest$TestCase@6838eda1]" classname="com.dotcms.rendering.velocity.viewtools.content.util.ContentUtilsTest" time="6.065"/>
  <testcase name="testPullRelated[64: com.dotcms.rendering.velocity.viewtools.content.util.ContentUtilsTest$TestCase@74223099]" classname="com.dotcms.rendering.velocity.viewtools.content.util.ContentUtilsTest" time="4.933"/>
  <testcase name="testPullRelated[65: com.dotcms.rendering.velocity.viewtools.content.util.ContentUtilsTest$TestCase@772010a3]" classname="com.dotcms.rendering.velocity.viewtools.content.util.ContentUtilsTest" time="6.155"/>
  <testcase name="testPullRelated[66: com.dotcms.rendering.velocity.viewtools.content.util.ContentUtilsTest$TestCase@7afcbf05]" classname="com.dotcms.rendering.velocity.viewtools.content.util.ContentUtilsTest" time="6.227"/>
  <testcase name="testPullRelated[67: com.dotcms.rendering.velocity.viewtools.content.util.ContentUtilsTest$TestCase@5506001e]" classname="com.dotcms.rendering.velocity.viewtools.content.util.ContentUtilsTest" time="6.022"/>
  <testcase name="testPullRelated[68: com.dotcms.rendering.velocity.viewtools.content.util.ContentUtilsTest$TestCase@30c544df]" classname="com.dotcms.rendering.velocity.viewtools.content.util.ContentUtilsTest" time="6.082"/>
  <testcase name="testPullRelated[69: com.dotcms.rendering.velocity.viewtools.content.util.ContentUtilsTest$TestCase@4717ff6c]" classname="com.dotcms.rendering.velocity.viewtools.content.util.ContentUtilsTest" time="5.987"/>
  <testcase name="testPullRelated[70: com.dotcms.rendering.velocity.viewtools.content.util.ContentUtilsTest$TestCase@588c741c]" classname="com.dotcms.rendering.velocity.viewtools.content.util.ContentUtilsTest" time="6.117"/>
  <testcase name="testPullRelated[71: com.dotcms.rendering.velocity.viewtools.content.util.ContentUtilsTest$TestCase@3d6f89e3]" classname="com.dotcms.rendering.velocity.viewtools.content.util.ContentUtilsTest" time="6.098"/>
  <testcase name="whenPublishAndExpireDatesAreInTheFutureAndTimeMachineIsAfterBoth" classname="com.dotcms.rendering.velocity.viewtools.content.util.ContentUtilsTest" time="3.032"/>
  <testcase name="testPullRelatedForLegacyRelationship[0: com.dotcms.rendering.velocity.viewtools.content.util.ContentUtilsTest$LegacyTestCase@2716c12d]" classname="com.dotcms.rendering.velocity.viewtools.content.util.ContentUtilsTest" time="2.698"/>
  <testcase name="testPullRelatedForLegacyRelationship[1: com.dotcms.rendering.velocity.viewtools.content.util.ContentUtilsTest$LegacyTestCase@5f82b63c]" classname="com.dotcms.rendering.velocity.viewtools.content.util.ContentUtilsTest" time="4.102"/>
  <testcase name="whenTheTimeMachineDateIsAfterTomorrowAndExpireDateIsTomorrowShouldNotReturnContent" classname="com.dotcms.rendering.velocity.viewtools.content.util.ContentUtilsTest" time="2.991"/>
  <testcase name="testPullLiveRelatedWhenLatestVersionIsWorking" classname="com.dotcms.rendering.velocity.viewtools.content.util.ContentUtilsTest" time="3.555"/>
  <testcase name="test_add_relationships_on_parent_children_related_contents" classname="com.dotcms.rendering.velocity.viewtools.content.util.ContentUtilsTest" time="1.47"/>
  <testcase name="testSortPullRelated[0: com.dotcms.rendering.velocity.viewtools.content.util.ContentUtilsTest$SortTestCase@64950544]" classname="com.dotcms.rendering.velocity.viewtools.content.util.ContentUtilsTest" time="1.657"/>
  <testcase name="testSortPullRelated[1: com.dotcms.rendering.velocity.viewtools.content.util.ContentUtilsTest$SortTestCase@2574b8a4]" classname="com.dotcms.rendering.velocity.viewtools.content.util.ContentUtilsTest" time="2.609"/>
  <testcase name="testSortPullRelated[2: com.dotcms.rendering.velocity.viewtools.content.util.ContentUtilsTest$SortTestCase@34fa1a8e]" classname="com.dotcms.rendering.velocity.viewtools.content.util.ContentUtilsTest" time="2.688"/>
  <testcase name="testSortPullRelated[3: com.dotcms.rendering.velocity.viewtools.content.util.ContentUtilsTest$SortTestCase@7e83797b]" classname="com.dotcms.rendering.velocity.viewtools.content.util.ContentUtilsTest" time="1.652"/>
  <testcase name="testSortPullRelated[4: com.dotcms.rendering.velocity.viewtools.content.util.ContentUtilsTest$SortTestCase@32f0ecca]" classname="com.dotcms.rendering.velocity.viewtools.content.util.ContentUtilsTest" time="1.505"/>
  <testcase name="testSortPullRelated[5: com.dotcms.rendering.velocity.viewtools.content.util.ContentUtilsTest$SortTestCase@3241d3a8]" classname="com.dotcms.rendering.velocity.viewtools.content.util.ContentUtilsTest" time="2.768"/>
  <testcase name="whenTheTimeMachineDateIsAfterTomorrowAndExpireDateIsInFutureShouldReturnContent" classname="com.dotcms.rendering.velocity.viewtools.content.util.ContentUtilsTest" time="3.028"/>
  <testcase name="testPullRelatedFieldShouldRespectDefaultOrder" classname="com.dotcms.rendering.velocity.viewtools.content.util.ContentUtilsTest" time="2.637"/>
  <system-out><![CDATA[]]></system-out>
  <system-err><![CDATA[]]></system-err>
</testsuite>
