<?xml version="1.0" encoding="UTF-8"?>
<testsuite name="com.dotcms.rest.elasticsearch.ESContentResourcePortletTest" tests="8" skipped="0" failures="0" errors="0" timestamp="2023-07-07T19:25:21" hostname="fv-az622-57" time="8.796">
  <properties/>
  <testcase name="test_search_includeGrandChildCategory_success" classname="com.dotcms.rest.elasticsearch.ESContentResourcePortletTest" time="1.573"/>
  <testcase name="testSearch[0: com.dotcms.rest.elasticsearch.ESContentResourcePortletTest$TestCase@73954d20]" classname="com.dotcms.rest.elasticsearch.ESContentResourcePortletTest" time="1.074"/>
  <testcase name="testSearch[1: com.dotcms.rest.elasticsearch.ESContentResourcePortletTest$TestCase@51541d60]" classname="com.dotcms.rest.elasticsearch.ESContentResourcePortletTest" time="0.349"/>
  <testcase name="testSearch[2: com.dotcms.rest.elasticsearch.ESContentResourcePortletTest$TestCase@43f07610]" classname="com.dotcms.rest.elasticsearch.ESContentResourcePortletTest" time="1.041"/>
  <testcase name="testSearch[3: com.dotcms.rest.elasticsearch.ESContentResourcePortletTest$TestCase@1215efbb]" classname="com.dotcms.rest.elasticsearch.ESContentResourcePortletTest" time="1.293"/>
  <testcase name="testSearch[4: com.dotcms.rest.elasticsearch.ESContentResourcePortletTest$TestCase@4bb05c94]" classname="com.dotcms.rest.elasticsearch.ESContentResourcePortletTest" time="1.353"/>
  <testcase name="testSearch[5: com.dotcms.rest.elasticsearch.ESContentResourcePortletTest$TestCase@3afef79f]" classname="com.dotcms.rest.elasticsearch.ESContentResourcePortletTest" time="1.011"/>
  <testcase name="testSearch[6: com.dotcms.rest.elasticsearch.ESContentResourcePortletTest$TestCase@7afe5626]" classname="com.dotcms.rest.elasticsearch.ESContentResourcePortletTest" time="1.101"/>
  <system-out><![CDATA[]]></system-out>
  <system-err><![CDATA[]]></system-err>
</testsuite>
