<?xml version="1.0" encoding="UTF-8"?>
<testsuite name="com.dotcms.rest.api.v1.vtl.VTLResourceIntegrationTest" tests="6" skipped="0" failures="0" errors="0" timestamp="2023-07-13T15:49:22" hostname="fv-az621-935" time="12.141">
  <properties/>
  <testcase name="testGet[0: com.dotcms.rest.api.v1.vtl.VTLResourceTestCase@b09437b]" classname="com.dotcms.rest.api.v1.vtl.VTLResourceIntegrationTest" time="2.19"/>
  <testcase name="testGet[1: com.dotcms.rest.api.v1.vtl.VTLResourceTestCase@293340fc]" classname="com.dotcms.rest.api.v1.vtl.VTLResourceIntegrationTest" time="1.788"/>
  <testcase name="testGet[2: com.dotcms.rest.api.v1.vtl.VTLResourceTestCase@15009e01]" classname="com.dotcms.rest.api.v1.vtl.VTLResourceIntegrationTest" time="2.097"/>
  <testcase name="testGet[3: com.dotcms.rest.api.v1.vtl.VTLResourceTestCase@578411ea]" classname="com.dotcms.rest.api.v1.vtl.VTLResourceIntegrationTest" time="2.182"/>
  <testcase name="testGet[4: com.dotcms.rest.api.v1.vtl.VTLResourceTestCase@165792fa]" classname="com.dotcms.rest.api.v1.vtl.VTLResourceIntegrationTest" time="1.814"/>
  <testcase name="testGet[5: com.dotcms.rest.api.v1.vtl.VTLResourceTestCase@2550146c]" classname="com.dotcms.rest.api.v1.vtl.VTLResourceIntegrationTest" time="2.069"/>
  <system-out><![CDATA[]]></system-out>
  <system-err><![CDATA[]]></system-err>
</testsuite>
