<?xml version="1.0" encoding="UTF-8"?>
<testsuite name="com.dotcms.contenttype.test.ContentResourceTest" tests="52" skipped="0" failures="0" errors="0" timestamp="2023-06-23T18:26:41" hostname="fv-az507-453" time="165.948">
  <properties/>
  <testcase name="testGetContentShouldReturnIconDetails" classname="com.dotcms.contenttype.test.ContentResourceTest" time="1.697"/>
  <testcase name="Test_Save_Action_Set_Words_To_Required_NumericField_Issue_15340" classname="com.dotcms.contenttype.test.ContentResourceTest" time="0.994"/>
  <testcase name="test_getContent_includeGrandChildCategory_success" classname="com.dotcms.contenttype.test.ContentResourceTest" time="1.495"/>
  <testcase name="testGetContentWithRelatedParameter[0: com.dotcms.contenttype.test.ContentResourceTest$PullRelatedTestCase@54be3a8d]" classname="com.dotcms.contenttype.test.ContentResourceTest" time="4.369"/>
  <testcase name="testGetContentWithRelatedParameter[1: com.dotcms.contenttype.test.ContentResourceTest$PullRelatedTestCase@5fd015c3]" classname="com.dotcms.contenttype.test.ContentResourceTest" time="4.407"/>
  <testcase name="testGetContentWithRelatedParameter[2: com.dotcms.contenttype.test.ContentResourceTest$PullRelatedTestCase@ef9ae34]" classname="com.dotcms.contenttype.test.ContentResourceTest" time="4.264"/>
  <testcase name="testGetContentWithRelatedParameter[3: com.dotcms.contenttype.test.ContentResourceTest$PullRelatedTestCase@6fee5951]" classname="com.dotcms.contenttype.test.ContentResourceTest" time="4.365"/>
  <testcase name="testGetContentWithRelatedParameter[4: com.dotcms.contenttype.test.ContentResourceTest$PullRelatedTestCase@4a216c73]" classname="com.dotcms.contenttype.test.ContentResourceTest" time="4.297"/>
  <testcase name="test_getContent_SelfRelatedWith3LevelsOfDepth_shouldReturnRelationships" classname="com.dotcms.contenttype.test.ContentResourceTest" time="1.672"/>
  <testcase name="Test_Save_Action_Send_Fields_SubSet_Issue_15340" classname="com.dotcms.contenttype.test.ContentResourceTest" time="3.264"/>
  <testcase name="test_getContent_shouldReturnRelationships[0: com.dotcms.contenttype.test.ContentResourceTest$TestCase@158006f9]" classname="com.dotcms.contenttype.test.ContentResourceTest" time="3.441"/>
  <testcase name="test_getContent_shouldReturnRelationships[1: com.dotcms.contenttype.test.ContentResourceTest$TestCase@56cb8273]" classname="com.dotcms.contenttype.test.ContentResourceTest" time="3.586"/>
  <testcase name="test_getContent_shouldReturnRelationships[2: com.dotcms.contenttype.test.ContentResourceTest$TestCase@4bf26d2a]" classname="com.dotcms.contenttype.test.ContentResourceTest" time="3.372"/>
  <testcase name="test_getContent_shouldReturnRelationships[3: com.dotcms.contenttype.test.ContentResourceTest$TestCase@a71c2d3]" classname="com.dotcms.contenttype.test.ContentResourceTest" time="3.528"/>
  <testcase name="test_getContent_shouldReturnRelationships[4: com.dotcms.contenttype.test.ContentResourceTest$TestCase@1fd3baaa]" classname="com.dotcms.contenttype.test.ContentResourceTest" time="3.497"/>
  <testcase name="test_getContent_shouldReturnRelationships[5: com.dotcms.contenttype.test.ContentResourceTest$TestCase@15817b39]" classname="com.dotcms.contenttype.test.ContentResourceTest" time="3.213"/>
  <testcase name="test_getContent_shouldReturnRelationships[6: com.dotcms.contenttype.test.ContentResourceTest$TestCase@4d42cf9e]" classname="com.dotcms.contenttype.test.ContentResourceTest" time="3.301"/>
  <testcase name="test_getContent_shouldReturnRelationships[7: com.dotcms.contenttype.test.ContentResourceTest$TestCase@49a1ebbf]" classname="com.dotcms.contenttype.test.ContentResourceTest" time="3.321"/>
  <testcase name="test_getContent_shouldReturnRelationships[8: com.dotcms.contenttype.test.ContentResourceTest$TestCase@4b250ecb]" classname="com.dotcms.contenttype.test.ContentResourceTest" time="3.436"/>
  <testcase name="test_getContent_shouldReturnRelationships[9: com.dotcms.contenttype.test.ContentResourceTest$TestCase@55e3fc25]" classname="com.dotcms.contenttype.test.ContentResourceTest" time="3.452"/>
  <testcase name="test_getContent_shouldReturnRelationships[10: com.dotcms.contenttype.test.ContentResourceTest$TestCase@e06f738]" classname="com.dotcms.contenttype.test.ContentResourceTest" time="3.302"/>
  <testcase name="test_getContent_shouldReturnRelationships[11: com.dotcms.contenttype.test.ContentResourceTest$TestCase@48bc0954]" classname="com.dotcms.contenttype.test.ContentResourceTest" time="3.482"/>
  <testcase name="test_getContent_shouldReturnRelationships[12: com.dotcms.contenttype.test.ContentResourceTest$TestCase@2b0c15de]" classname="com.dotcms.contenttype.test.ContentResourceTest" time="3.263"/>
  <testcase name="test_getContent_shouldReturnRelationships[13: com.dotcms.contenttype.test.ContentResourceTest$TestCase@6144c64e]" classname="com.dotcms.contenttype.test.ContentResourceTest" time="3.211"/>
  <testcase name="test_getContent_shouldReturnRelationships[14: com.dotcms.contenttype.test.ContentResourceTest$TestCase@58424269]" classname="com.dotcms.contenttype.test.ContentResourceTest" time="3.167"/>
  <testcase name="test_getContent_shouldReturnRelationships[15: com.dotcms.contenttype.test.ContentResourceTest$TestCase@709c069c]" classname="com.dotcms.contenttype.test.ContentResourceTest" time="4.289"/>
  <testcase name="test_getContent_shouldReturnRelationships[16: com.dotcms.contenttype.test.ContentResourceTest$TestCase@3b755fb4]" classname="com.dotcms.contenttype.test.ContentResourceTest" time="4.168"/>
  <testcase name="test_getContent_shouldReturnRelationships[17: com.dotcms.contenttype.test.ContentResourceTest$TestCase@7c448822]" classname="com.dotcms.contenttype.test.ContentResourceTest" time="3.445"/>
  <testcase name="test_getContent_shouldReturnRelationships[18: com.dotcms.contenttype.test.ContentResourceTest$TestCase@36dfccc9]" classname="com.dotcms.contenttype.test.ContentResourceTest" time="3.688"/>
  <testcase name="test_getContent_shouldReturnRelationships[19: com.dotcms.contenttype.test.ContentResourceTest$TestCase@26678468]" classname="com.dotcms.contenttype.test.ContentResourceTest" time="3.736"/>
  <testcase name="test_getContent_shouldReturnRelationships[20: com.dotcms.contenttype.test.ContentResourceTest$TestCase@37fef7ef]" classname="com.dotcms.contenttype.test.ContentResourceTest" time="3.569"/>
  <testcase name="test_getContent_shouldReturnRelationships[21: com.dotcms.contenttype.test.ContentResourceTest$TestCase@6f236caa]" classname="com.dotcms.contenttype.test.ContentResourceTest" time="3.593"/>
  <testcase name="test_getContent_shouldReturnRelationships[22: com.dotcms.contenttype.test.ContentResourceTest$TestCase@27524c03]" classname="com.dotcms.contenttype.test.ContentResourceTest" time="3.42"/>
  <testcase name="test_getContent_shouldReturnRelationships[23: com.dotcms.contenttype.test.ContentResourceTest$TestCase@3d0cc845]" classname="com.dotcms.contenttype.test.ContentResourceTest" time="3.844"/>
  <testcase name="test_getContent_shouldReturnRelationships[24: com.dotcms.contenttype.test.ContentResourceTest$TestCase@7d8d0184]" classname="com.dotcms.contenttype.test.ContentResourceTest" time="3.834"/>
  <testcase name="test_getContent_shouldReturnRelationships[25: com.dotcms.contenttype.test.ContentResourceTest$TestCase@93f64a3]" classname="com.dotcms.contenttype.test.ContentResourceTest" time="3.721"/>
  <testcase name="test_getContent_shouldReturnRelationships[26: com.dotcms.contenttype.test.ContentResourceTest$TestCase@3cb803d3]" classname="com.dotcms.contenttype.test.ContentResourceTest" time="3.768"/>
  <testcase name="test_getContent_shouldReturnRelationships[27: com.dotcms.contenttype.test.ContentResourceTest$TestCase@67adbae1]" classname="com.dotcms.contenttype.test.ContentResourceTest" time="2.418"/>
  <testcase name="test_getContent_shouldReturnRelationships[28: com.dotcms.contenttype.test.ContentResourceTest$TestCase@72b906b1]" classname="com.dotcms.contenttype.test.ContentResourceTest" time="3.457"/>
  <testcase name="test_getContent_shouldReturnRelationships[29: com.dotcms.contenttype.test.ContentResourceTest$TestCase@516e39]" classname="com.dotcms.contenttype.test.ContentResourceTest" time="2.307"/>
  <testcase name="test_getContent_shouldReturnRelationships[30: com.dotcms.contenttype.test.ContentResourceTest$TestCase@7c8b437b]" classname="com.dotcms.contenttype.test.ContentResourceTest" time="3.471"/>
  <testcase name="test_getContent_shouldReturnRelationships[31: com.dotcms.contenttype.test.ContentResourceTest$TestCase@767b94b9]" classname="com.dotcms.contenttype.test.ContentResourceTest" time="3.403"/>
  <testcase name="test_getContent_shouldReturnRelationships[32: com.dotcms.contenttype.test.ContentResourceTest$TestCase@4c4d9849]" classname="com.dotcms.contenttype.test.ContentResourceTest" time="3.654"/>
  <testcase name="test_getContent_shouldReturnRelationships[33: com.dotcms.contenttype.test.ContentResourceTest$TestCase@4766075f]" classname="com.dotcms.contenttype.test.ContentResourceTest" time="4.81"/>
  <testcase name="testSinglePOST_InvalidParamsShouldReturn400[0: ({\n    &quot;stInode&quot; : &quot;InvalidValue&quot;,\n    &quot;numeric&quot; : &quot;0&quot;,\n    &quot;image&quot; : &quot;whatever&quot;\n}, Bad Request)]" classname="com.dotcms.contenttype.test.ContentResourceTest" time="1.004"/>
  <testcase name="testSinglePOST_InvalidParamsShouldReturn400[1: ({\n    &quot;numeric&quot; : &quot;0&quot;,\n    &quot;image&quot; : &quot;whatever&quot;\n}, Bad Request)]" classname="com.dotcms.contenttype.test.ContentResourceTest" time="0.963"/>
  <testcase name="Test_Save_Action_Set_Null_To_Required_NumericField_Issue_15340" classname="com.dotcms.contenttype.test.ContentResourceTest" time="1.058"/>
  <testcase name="Test_Save_Action_Remove_Image_Then_Verify_Fields_Were_Cleared_Issue_15340" classname="com.dotcms.contenttype.test.ContentResourceTest" time="4.301"/>
  <testcase name="test_getContentWithMultipleSelfRelated_shouldReturnRelationships[0: com.dotcms.contenttype.test.ContentResourceTest$PullSelfRelatedTestCase@4b249a9c]" classname="com.dotcms.contenttype.test.ContentResourceTest" time="2.025"/>
  <testcase name="test_getContentWithMultipleSelfRelated_shouldReturnRelationships[1: com.dotcms.contenttype.test.ContentResourceTest$PullSelfRelatedTestCase@6b0bdc61]" classname="com.dotcms.contenttype.test.ContentResourceTest" time="2.04"/>
  <testcase name="testGetContentWithAllCategoriesInfo[0: json]" classname="com.dotcms.contenttype.test.ContentResourceTest" time="1.818"/>
  <testcase name="testGetContentWithAllCategoriesInfo[1: xml]" classname="com.dotcms.contenttype.test.ContentResourceTest" time="2.736"/>
  <system-out><![CDATA[











]]></system-out>
  <system-err><![CDATA[]]></system-err>
</testsuite>
