<?xml version="1.0" encoding="UTF-8"?>
<testsuite name="com.dotmarketing.startup.runonce.Task05395RemoveEndpointIdForeignKeyInIntegrityResolverTablesIntegrationTest" tests="1" skipped="0" failures="0" errors="0" timestamp="2023-07-21T16:09:00" hostname="fv-az1098-922" time="0.028">
  <properties/>
  <testcase name="constraintShouldNotExists" classname="com.dotmarketing.startup.runonce.Task05395RemoveEndpointIdForeignKeyInIntegrityResolverTablesIntegrationTest" time="0.028"/>
  <system-out><![CDATA[]]></system-out>
  <system-err><![CDATA[]]></system-err>
</testsuite>
