<?xml version="1.0" encoding="UTF-8"?>
<testsuite name="com.dotmarketing.servlets.ajax.AjaxDirectorServletIntegrationTest" tests="2" skipped="0" failures="0" errors="0" timestamp="2023-07-13T17:21:19" hostname="fv-az262-63" time="5.086">
  <properties/>
  <testcase name="testService[0: com.dotmarketing.servlets.ajax.AjaxDirectorServletTestCase@2f112b05]" classname="com.dotmarketing.servlets.ajax.AjaxDirectorServletIntegrationTest" time="1.905"/>
  <testcase name="testService[1: com.dotmarketing.servlets.ajax.AjaxDirectorServletTestCase@35f5a607]" classname="com.dotmarketing.servlets.ajax.AjaxDirectorServletIntegrationTest" time="3.181"/>
  <system-out><![CDATA[]]></system-out>
  <system-err><![CDATA[]]></system-err>
</testsuite>
