<?xml version="1.0" encoding="UTF-8"?>
<testsuite name="com.dotcms.graphql.DotGraphQLHttpServletTest" tests="4" skipped="0" failures="0" errors="0" timestamp="2023-07-05T17:20:47" hostname="fv-az487-835" time="0.102">
  <properties/>
  <testcase name="testing_OPTIONSRequestToGraphQLServer_returnResponseWithExpectedHeaders" classname="com.dotcms.graphql.DotGraphQLHttpServletTest" time="0.086"/>
  <testcase name="testing_GETRequestToGraphQLServer_returnResponseWithExpectedHeaders" classname="com.dotcms.graphql.DotGraphQLHttpServletTest" time="0.01"/>
  <testcase name="testing_cors_headers" classname="com.dotcms.graphql.DotGraphQLHttpServletTest" time="0.001"/>
  <testcase name="testing_POSTRequestToGraphQLServer_returnResponseWithExpectedHeaders" classname="com.dotcms.graphql.DotGraphQLHttpServletTest" time="0.005"/>
  <system-out><![CDATA[]]></system-out>
  <system-err><![CDATA[]]></system-err>
</testsuite>
