<?xml version="1.0" encoding="UTF-8"?>
<testsuite name="com.dotmarketing.portlets.structure.model.ContentletRelationshipsTest" tests="7" skipped="0" failures="0" errors="0" timestamp="2023-07-18T00:16:39" hostname="fv-az442-90" time="7.544">
  <properties/>
  <testcase name="testDoesAllowOnlyOne[0: com.dotmarketing.portlets.structure.model.ContentletRelationshipsTest$CardinalityTestCase@705b5573]" classname="com.dotmarketing.portlets.structure.model.ContentletRelationshipsTest" time="0.43"/>
  <testcase name="testDoesAllowOnlyOne[1: com.dotmarketing.portlets.structure.model.ContentletRelationshipsTest$CardinalityTestCase@f0a5470]" classname="com.dotmarketing.portlets.structure.model.ContentletRelationshipsTest" time="0.424"/>
  <testcase name="testDoesAllowOnlyOne[2: com.dotmarketing.portlets.structure.model.ContentletRelationshipsTest$CardinalityTestCase@9652fab]" classname="com.dotmarketing.portlets.structure.model.ContentletRelationshipsTest" time="0.408"/>
  <testcase name="testGetRelationshipRecords[0: com.dotmarketing.portlets.structure.model.ContentletRelationshipsTest$TestCase@79f0a2fb]" classname="com.dotmarketing.portlets.structure.model.ContentletRelationshipsTest" time="0.944"/>
  <testcase name="testGetRelationshipRecords[1: com.dotmarketing.portlets.structure.model.ContentletRelationshipsTest$TestCase@532a907b]" classname="com.dotmarketing.portlets.structure.model.ContentletRelationshipsTest" time="1.929"/>
  <testcase name="testGetRelationshipRecords[2: com.dotmarketing.portlets.structure.model.ContentletRelationshipsTest$TestCase@e5ee7ba]" classname="com.dotmarketing.portlets.structure.model.ContentletRelationshipsTest" time="1.734"/>
  <testcase name="testGetRelationshipRecords[3: com.dotmarketing.portlets.structure.model.ContentletRelationshipsTest$TestCase@2ee699ad]" classname="com.dotmarketing.portlets.structure.model.ContentletRelationshipsTest" time="1.675"/>
  <system-out><![CDATA[]]></system-out>
  <system-err><![CDATA[]]></system-err>
</testsuite>
