<?xml version="1.0" encoding="UTF-8"?>
<testsuite name="com.dotmarketing.portlets.structure.model.ContentletRelationshipsTest" tests="7" skipped="0" failures="0" errors="0" timestamp="2023-06-27T21:23:21" hostname="fv-az936-789" time="9.347">
  <properties/>
  <testcase name="testDoesAllowOnlyOne[0: com.dotmarketing.portlets.structure.model.ContentletRelationshipsTest$CardinalityTestCase@5e171f5a]" classname="com.dotmarketing.portlets.structure.model.ContentletRelationshipsTest" time="0.689"/>
  <testcase name="testDoesAllowOnlyOne[1: com.dotmarketing.portlets.structure.model.ContentletRelationshipsTest$CardinalityTestCase@799b53b4]" classname="com.dotmarketing.portlets.structure.model.ContentletRelationshipsTest" time="0.637"/>
  <testcase name="testDoesAllowOnlyOne[2: com.dotmarketing.portlets.structure.model.ContentletRelationshipsTest$CardinalityTestCase@9f6e445]" classname="com.dotmarketing.portlets.structure.model.ContentletRelationshipsTest" time="0.662"/>
  <testcase name="testGetRelationshipRecords[0: com.dotmarketing.portlets.structure.model.ContentletRelationshipsTest$TestCase@ec8b519]" classname="com.dotmarketing.portlets.structure.model.ContentletRelationshipsTest" time="1.471"/>
  <testcase name="testGetRelationshipRecords[1: com.dotmarketing.portlets.structure.model.ContentletRelationshipsTest$TestCase@68c39655]" classname="com.dotmarketing.portlets.structure.model.ContentletRelationshipsTest" time="2.446"/>
  <testcase name="testGetRelationshipRecords[2: com.dotmarketing.portlets.structure.model.ContentletRelationshipsTest$TestCase@4b667e0a]" classname="com.dotmarketing.portlets.structure.model.ContentletRelationshipsTest" time="1.148"/>
  <testcase name="testGetRelationshipRecords[3: com.dotmarketing.portlets.structure.model.ContentletRelationshipsTest$TestCase@750c6fef]" classname="com.dotmarketing.portlets.structure.model.ContentletRelationshipsTest" time="2.294"/>
  <system-out><![CDATA[]]></system-out>
  <system-err><![CDATA[]]></system-err>
</testsuite>
