<?xml version="1.0" encoding="UTF-8"?>
<testsuite name="com.dotcms.contenttype.business.ContentTypeInitializerTest" tests="2" skipped="0" failures="0" errors="0" timestamp="2023-07-13T16:46:13" hostname="fv-az621-935" time="3.078">
  <properties/>
  <testcase name="test_system_field" classname="com.dotcms.contenttype.business.ContentTypeInitializerTest" time="3.023"/>
  <testcase name="test_content_type_init" classname="com.dotcms.contenttype.business.ContentTypeInitializerTest" time="0.055"/>
  <system-out><![CDATA[]]></system-out>
  <system-err><![CDATA[]]></system-err>
</testsuite>
