<?xml version="1.0" encoding="UTF-8"?>
<testsuite name="com.dotmarketing.startup.runonce.Task220825CreateVariantFieldTest" tests="4" skipped="0" failures="0" errors="0" timestamp="2023-06-23T17:00:52" hostname="fv-az578-351" time="1.28">
  <properties/>
  <testcase name="conntentletVersionInfoWithVariant" classname="com.dotmarketing.startup.runonce.Task220825CreateVariantFieldTest" time="1.219"/>
  <testcase name="runningTU" classname="com.dotmarketing.startup.runonce.Task220825CreateVariantFieldTest" time="0.022"/>
  <testcase name="forceRun" classname="com.dotmarketing.startup.runonce.Task220825CreateVariantFieldTest" time="0.019"/>
  <testcase name="runningTwice" classname="com.dotmarketing.startup.runonce.Task220825CreateVariantFieldTest" time="0.018"/>
  <system-out><![CDATA[]]></system-out>
  <system-err><![CDATA[]]></system-err>
</testsuite>
