<?xml version="1.0" encoding="UTF-8"?>
<testsuite name="com.dotmarketing.business.DeterministicIdentifierAPITest" tests="16" skipped="0" failures="0" errors="0" timestamp="2023-07-07T00:13:24" hostname="fv-az1256-62" time="1.086">
  <properties/>
  <testcase name="Test_Category_Path_Seed_And_Id" classname="com.dotmarketing.business.DeterministicIdentifierAPITest" time="0.024"/>
  <testcase name="Test_Language_Deterministic_Id[0: LanguageTestCase{expectedSeed='Language:es:US', expectedHash=4913155, langCode='es', countryCode='US', country='United States'}]" classname="com.dotmarketing.business.DeterministicIdentifierAPITest" time="0.001"/>
  <testcase name="Test_Language_Deterministic_Id[1: LanguageTestCase{expectedSeed='Language:ep:', expectedHash=5292269, langCode='ep', countryCode='', country=''}]" classname="com.dotmarketing.business.DeterministicIdentifierAPITest" time="0.0"/>
  <testcase name="Test_Language_Deterministic_Id[2: LanguageTestCase{expectedSeed='Language:sg:SAG', expectedHash=4713118, langCode='sg', countryCode='SAG', country=''}]" classname="com.dotmarketing.business.DeterministicIdentifierAPITest" time="0.001"/>
  <testcase name="Test_Language_Deterministic_Id[3: LanguageTestCase{expectedSeed='Language:en:NZ', expectedHash=5382528, langCode='en', countryCode='NZ', country='New Zealand'}]" classname="com.dotmarketing.business.DeterministicIdentifierAPITest" time="0.001"/>
  <testcase name="Test_Category_None_Persisted_Category_Should_Return_Deterministic_Id" classname="com.dotmarketing.business.DeterministicIdentifierAPITest" time="0.002"/>
  <testcase name="Test_Asset_Generate_Deterministic_Id_Best_Effort[0: TestCase{versionable=my.host1688688415871.com, parent=System Host, expectedName='my.host1688688415871.com', expectedType='Host'}]" classname="com.dotmarketing.business.DeterministicIdentifierAPITest" time="0.003"/>
  <testcase name="Test_Asset_Generate_Deterministic_Id_Best_Effort[1: TestCase{versionable=com.dotmarketing.portlets.contentlet.model.Contentlet@50754eea[map={modDate=2023-07-07 00:06:56.635, fileName=file5648447019520156120.txt, title=file5648447019520156120.txt, inode=31214560-1f90-40f4-ae0c-6219dabc7878, __IS_NEW_CONTENT__=true, disabledWYSIWYG=[], host=bd276944-2933-44c3-981c-b84d5acca2fa, stInode=33888b6f-7a8e-4069-b1b6-5c1aa9d0a48d, owner=system, identifier=0466f092-99d7-48a2-8f12-8b4da158ab7d, nullProperties=[wfExpireDate, wfPublishDate, wfActionAssign, wfActionId, wfActionComments, filterKey, whereToSend, wfNeverExpire, _path_to_move, timezoneId, iWantTo, wfPublishTime, wfExpireTime], languageId=1, fileAsset=/home/runner/work/core/custom/assets/3/1/31214560-1f90-40f4-ae0c-6219dabc7878/fileAsset/file5648447019520156120.txt, folder=4d0572e5-6191-412f-9341-267734265956, __disable_workflow__=true, sortOrder=0, modUser=system},lowIndexPriority=false,variantId=DEFAULT], parent=com.dotmarketing.portlets.folders.model.Folder@5ff25d66[identifier=4d0572e5-6191-412f-9341-267734265956,name=testName1688688416628,sortOrder=0,showOnMenu=false,hostId=bd276944-2933-44c3-981c-b84d5acca2fa,type=folder,title=testTitle1688688416628,filesMasks=,defaultFileType=33888b6f-7a8e-4069-b1b6-5c1aa9d0a48d,modDate=2023-07-07 00:06:56.631,owner=&lt;null&gt;,iDate=2023-07-07 00:06:56.631,inode=4d0572e5-6191-412f-9341-267734265956,path=/testName1688688416628/], expectedName='file5648447019520156120.txt', expectedType='FileAsset'}]" classname="com.dotmarketing.business.DeterministicIdentifierAPITest" time="0.003"/>
  <testcase name="Test_Asset_Generate_Deterministic_Id_Best_Effort[2: TestCase{versionable=com.dotmarketing.portlets.templates.model.Template@7454009c, parent=my.host1688688415871.com, expectedName='testTitle1688688416724', expectedType='Template'}]" classname="com.dotmarketing.business.DeterministicIdentifierAPITest" time="0.002"/>
  <testcase name="Test_Asset_Generate_Deterministic_Id_Best_Effort[3: TestCase{versionable=com.dotmarketing.portlets.htmlpageasset.model.HTMLPageAsset@5e0978dc[map={template=3baf40f0-6b1c-4725-bbfc-fac0850f53fc, owner=system, identifier=7b0ed178-d607-49b5-977d-9dccac93fd76, nullProperties=[wfExpireDate, wfPublishDate, wfActionAssign, wfActionId, wfActionComments, filterKey, whereToSend, wfNeverExpire, _path_to_move, timezoneId, iWantTo, wfPublishTime, wfExpireTime], modDate=2023-07-07 00:06:56.74, cachettl=0, _is_test_mode=true, languageId=1, title=test-page-title-1688688416735, httpsreq=, url=test-page-url-1688688416735, showOnMenu=, inode=f1352820-8063-4dab-b7a3-8905a3df4147, folder=4d0572e5-6191-412f-9341-267734265956, disabledWYSIWYG=[], sortOrder=1, modUser=system, host=bd276944-2933-44c3-981c-b84d5acca2fa, stInode=c541abb1-69b3-4bc5-8430-5e09e5239cc8, friendlyName=test-page-friendly-name-1688688416735},lowIndexPriority=false,variantId=DEFAULT], parent=com.dotmarketing.portlets.folders.model.Folder@5ff25d66[identifier=4d0572e5-6191-412f-9341-267734265956,name=testName1688688416628,sortOrder=0,showOnMenu=false,hostId=bd276944-2933-44c3-981c-b84d5acca2fa,type=folder,title=testTitle1688688416628,filesMasks=,defaultFileType=33888b6f-7a8e-4069-b1b6-5c1aa9d0a48d,modDate=2023-07-07 00:06:56.631,owner=&lt;null&gt;,iDate=2023-07-07 00:06:56.631,inode=4d0572e5-6191-412f-9341-267734265956,path=/testName1688688416628/], expectedName='test-page-url-1688688416735', expectedType='htmlpageasset'}]" classname="com.dotmarketing.business.DeterministicIdentifierAPITest" time="0.002"/>
  <testcase name="Test_Asset_Generate_Deterministic_Id_Best_Effort[4: TestCase{versionable=com.dotmarketing.portlets.contentlet.model.Contentlet@72963e1d[map={fileAsset2=/home/runner/work/core/custom/assets/2/6/26b94c60-8ec2-4676-be78-899633e2d6f1/fileAsset2/test_binary1688688417606.png, modDate=2023-07-07 00:06:57.611, fileAsset1=/home/runner/work/core/custom/assets/2/6/26b94c60-8ec2-4676-be78-899633e2d6f1/fileAsset1/test_binary1688688417606.jpg, title=blah, inode=26b94c60-8ec2-4676-be78-899633e2d6f1, __IS_NEW_CONTENT__=true, disabledWYSIWYG=[], host=48190c8c-42c4-46af-8d1a-0cd5db894797, stInode=35f77357-be0f-47dd-b0f9-66063cfa3709, owner=system, identifier=e9c76ad6-b51b-4286-8cee-aece0d675b08, nullProperties=[], languageId=1, image1=da5aa1f2-d809-4937-bdc2-d896b3732b64, folder=SYSTEM_FOLDER, __disable_workflow__=true, sortOrder=0, modUser=system},lowIndexPriority=false,variantId=DEFAULT], parent=demo.dotcms.com, expectedName='test_binary1688688417606.jpg:test_binary1688688417606.png', expectedType='MultipleBinaries1688688416924'}]" classname="com.dotmarketing.business.DeterministicIdentifierAPITest" time="0.004"/>
  <testcase name="Test_Asset_Generate_Deterministic_Id_Best_Effort[5: TestCase{versionable=name3b4ab34520 : keyTag3b4ab34520, parent=my.host1688688415871.com, expectedName='keyTag3b4ab34520', expectedType='persona'}]" classname="com.dotmarketing.business.DeterministicIdentifierAPITest" time="0.003"/>
  <testcase name="Test_Similar_Content_Type_Wont_Clash" classname="com.dotmarketing.business.DeterministicIdentifierAPITest" time="0.402"/>
  <testcase name="Test_Generate_Folder_Identifier" classname="com.dotmarketing.business.DeterministicIdentifierAPITest" time="0.627"/>
  <testcase name="Test_Generate_Content_Type_Identifier[0: ContentTypeTestCase{contentType=KeyValueContentType{name=Language Variable, id=f4d7c1b8-2c88-4071-abf1-a5328977b07d, description=Default Content Type for Language Variables, defaultType=false, fixed=true, iDate=Thu Aug 31 16:38:49 UTC 2017, system=true, versionable=true, variable=Languagevariable, modDate=Thu Jul 06 23:03:19 UTC 2023, host=SYSTEM_HOST, siteName=systemHost, icon=language, sortOrder=0, folder=SYSTEM_FOLDER, folderPath=/, markedForDeletion=true, multilingualable=false}, expectedName='Languagevariable', expectedType='KeyValue'}]" classname="com.dotmarketing.business.DeterministicIdentifierAPITest" time="0.004"/>
  <testcase name="Test_Generate_Content_Type_Identifier[1: ContentTypeTestCase{contentType=SimpleContentType{name=testName1688688418074, id=8612d9c1-06dc-4fad-bf94-23a99e3e111f, description=testDescription1688688418074, defaultType=false, fixed=false, iDate=Fri Jul 07 00:06:58 UTC 2023, system=false, versionable=true, multilingualable=false, variable=testVarname1688688418074, owner=system, modDate=Fri Jul 07 00:06:59 UTC 2023, host=48190c8c-42c4-46af-8d1a-0cd5db894797, siteName=demo.dotcms.com, icon=event_note, sortOrder=0, folder=SYSTEM_FOLDER, folderPath=/, requiredFields=[], markedForDeletion=false}, expectedName='testVarname1688688418074', expectedType='CONTENT'}]" classname="com.dotmarketing.business.DeterministicIdentifierAPITest" time="0.004"/>
  <system-out><![CDATA[]]></system-out>
  <system-err><![CDATA[]]></system-err>
</testsuite>
