<?xml version="1.0" encoding="UTF-8"?>
<testsuite name="com.dotmarketing.portlets.structure.model.ContentletRelationshipsTest" tests="7" skipped="0" failures="0" errors="0" timestamp="2023-07-14T00:04:07" hostname="fv-az408-305" time="9.298">
  <properties/>
  <testcase name="testDoesAllowOnlyOne[0: com.dotmarketing.portlets.structure.model.ContentletRelationshipsTest$CardinalityTestCase@714adbf0]" classname="com.dotmarketing.portlets.structure.model.ContentletRelationshipsTest" time="0.495"/>
  <testcase name="testDoesAllowOnlyOne[1: com.dotmarketing.portlets.structure.model.ContentletRelationshipsTest$CardinalityTestCase@5da2ad5]" classname="com.dotmarketing.portlets.structure.model.ContentletRelationshipsTest" time="0.487"/>
  <testcase name="testDoesAllowOnlyOne[2: com.dotmarketing.portlets.structure.model.ContentletRelationshipsTest$CardinalityTestCase@7002c892]" classname="com.dotmarketing.portlets.structure.model.ContentletRelationshipsTest" time="0.47"/>
  <testcase name="testGetRelationshipRecords[0: com.dotmarketing.portlets.structure.model.ContentletRelationshipsTest$TestCase@57ae0931]" classname="com.dotmarketing.portlets.structure.model.ContentletRelationshipsTest" time="2.157"/>
  <testcase name="testGetRelationshipRecords[1: com.dotmarketing.portlets.structure.model.ContentletRelationshipsTest$TestCase@701ccd6f]" classname="com.dotmarketing.portlets.structure.model.ContentletRelationshipsTest" time="1.982"/>
  <testcase name="testGetRelationshipRecords[2: com.dotmarketing.portlets.structure.model.ContentletRelationshipsTest$TestCase@24c4cd3b]" classname="com.dotmarketing.portlets.structure.model.ContentletRelationshipsTest" time="1.838"/>
  <testcase name="testGetRelationshipRecords[3: com.dotmarketing.portlets.structure.model.ContentletRelationshipsTest$TestCase@42e4d769]" classname="com.dotmarketing.portlets.structure.model.ContentletRelationshipsTest" time="1.869"/>
  <system-out><![CDATA[]]></system-out>
  <system-err><![CDATA[]]></system-err>
</testsuite>
