<?xml version="1.0" encoding="UTF-8"?>
<testsuite name="com.dotmarketing.business.DeterministicIdentifierAPITest" tests="16" skipped="0" failures="0" errors="0" timestamp="2023-06-28T22:42:37" hostname="fv-az573-741" time="1.142">
  <properties/>
  <testcase name="Test_Category_Path_Seed_And_Id" classname="com.dotmarketing.business.DeterministicIdentifierAPITest" time="0.027"/>
  <testcase name="Test_Language_Deterministic_Id[0: LanguageTestCase{expectedSeed='Language:es:US', expectedHash=4913155, langCode='es', countryCode='US', country='United States'}]" classname="com.dotmarketing.business.DeterministicIdentifierAPITest" time="0.001"/>
  <testcase name="Test_Language_Deterministic_Id[1: LanguageTestCase{expectedSeed='Language:ep:', expectedHash=5292269, langCode='ep', countryCode='', country=''}]" classname="com.dotmarketing.business.DeterministicIdentifierAPITest" time="0.001"/>
  <testcase name="Test_Language_Deterministic_Id[2: LanguageTestCase{expectedSeed='Language:sg:SAG', expectedHash=4713118, langCode='sg', countryCode='SAG', country=''}]" classname="com.dotmarketing.business.DeterministicIdentifierAPITest" time="0.001"/>
  <testcase name="Test_Language_Deterministic_Id[3: LanguageTestCase{expectedSeed='Language:en:NZ', expectedHash=5382528, langCode='en', countryCode='NZ', country='New Zealand'}]" classname="com.dotmarketing.business.DeterministicIdentifierAPITest" time="0.0"/>
  <testcase name="Test_Category_None_Persisted_Category_Should_Return_Deterministic_Id" classname="com.dotmarketing.business.DeterministicIdentifierAPITest" time="0.002"/>
  <testcase name="Test_Asset_Generate_Deterministic_Id_Best_Effort[0: TestCase{versionable=my.host1687991770906.com, parent=System Host, expectedName='my.host1687991770906.com', expectedType='Host'}]" classname="com.dotmarketing.business.DeterministicIdentifierAPITest" time="0.003"/>
  <testcase name="Test_Asset_Generate_Deterministic_Id_Best_Effort[1: TestCase{versionable=com.dotmarketing.portlets.contentlet.model.Contentlet@5fa4b44c[map={modDate=2023-06-28 22:36:11.586, fileName=file5701820351411240645.txt, title=file5701820351411240645.txt, inode=72753e67-fef8-42d1-8228-f0ca7f8f262b, __IS_NEW_CONTENT__=true, disabledWYSIWYG=[], host=4993e4fb-23c1-4af8-b50b-6b5cf31ded9a, stInode=33888b6f-7a8e-4069-b1b6-5c1aa9d0a48d, owner=system, identifier=37702c36-2281-46ca-b06f-47b590ba097a, nullProperties=[wfExpireDate, wfPublishDate, wfActionAssign, wfActionId, wfActionComments, filterKey, whereToSend, wfNeverExpire, _path_to_move, timezoneId, iWantTo, wfPublishTime, wfExpireTime], languageId=1, fileAsset=/home/runner/work/core/custom/assets/7/2/72753e67-fef8-42d1-8228-f0ca7f8f262b/fileAsset/file5701820351411240645.txt, folder=5735b5dc-f383-4cc4-ab99-b03d8e208697, __disable_workflow__=true, sortOrder=0, modUser=system},lowIndexPriority=false,variantId=DEFAULT], parent=com.dotmarketing.portlets.folders.model.Folder@28ce0171[identifier=5735b5dc-f383-4cc4-ab99-b03d8e208697,name=testName1687991771578,sortOrder=0,showOnMenu=false,hostId=4993e4fb-23c1-4af8-b50b-6b5cf31ded9a,type=folder,title=testTitle1687991771578,filesMasks=,defaultFileType=33888b6f-7a8e-4069-b1b6-5c1aa9d0a48d,modDate=2023-06-28 22:36:11.581,owner=&lt;null&gt;,iDate=2023-06-28 22:36:11.581,inode=5735b5dc-f383-4cc4-ab99-b03d8e208697,path=/testName1687991771578/], expectedName='file5701820351411240645.txt', expectedType='FileAsset'}]" classname="com.dotmarketing.business.DeterministicIdentifierAPITest" time="0.003"/>
  <testcase name="Test_Asset_Generate_Deterministic_Id_Best_Effort[2: TestCase{versionable=com.dotmarketing.portlets.templates.model.Template@1089e543, parent=my.host1687991770906.com, expectedName='testTitle1687991771694', expectedType='Template'}]" classname="com.dotmarketing.business.DeterministicIdentifierAPITest" time="0.001"/>
  <testcase name="Test_Asset_Generate_Deterministic_Id_Best_Effort[3: TestCase{versionable=com.dotmarketing.portlets.htmlpageasset.model.HTMLPageAsset@140c1d23[map={template=ed59f568-9c79-4607-a4a1-7e2fcb1e73d2, owner=system, identifier=84540e26-b2e9-45ae-94c9-63a37607d35f, nullProperties=[wfExpireDate, wfPublishDate, wfActionAssign, wfActionId, wfActionComments, filterKey, whereToSend, wfNeverExpire, _path_to_move, timezoneId, iWantTo, wfPublishTime, wfExpireTime], modDate=2023-06-28 22:36:11.725, cachettl=0, _is_test_mode=true, languageId=1, title=test-page-title-1687991771721, httpsreq=, url=test-page-url-1687991771721, showOnMenu=, inode=da5da7b8-f6c3-43c8-88e8-dc3a270a6806, folder=5735b5dc-f383-4cc4-ab99-b03d8e208697, disabledWYSIWYG=[], sortOrder=1, modUser=system, host=4993e4fb-23c1-4af8-b50b-6b5cf31ded9a, stInode=c541abb1-69b3-4bc5-8430-5e09e5239cc8, friendlyName=test-page-friendly-name-1687991771721},lowIndexPriority=false,variantId=DEFAULT], parent=com.dotmarketing.portlets.folders.model.Folder@28ce0171[identifier=5735b5dc-f383-4cc4-ab99-b03d8e208697,name=testName1687991771578,sortOrder=0,showOnMenu=false,hostId=4993e4fb-23c1-4af8-b50b-6b5cf31ded9a,type=folder,title=testTitle1687991771578,filesMasks=,defaultFileType=33888b6f-7a8e-4069-b1b6-5c1aa9d0a48d,modDate=2023-06-28 22:36:11.581,owner=&lt;null&gt;,iDate=2023-06-28 22:36:11.581,inode=5735b5dc-f383-4cc4-ab99-b03d8e208697,path=/testName1687991771578/], expectedName='test-page-url-1687991771721', expectedType='htmlpageasset'}]" classname="com.dotmarketing.business.DeterministicIdentifierAPITest" time="0.002"/>
  <testcase name="Test_Asset_Generate_Deterministic_Id_Best_Effort[4: TestCase{versionable=com.dotmarketing.portlets.contentlet.model.Contentlet@7a43ef2[map={fileAsset2=/home/runner/work/core/custom/assets/f/0/f0a12f9b-40d0-489d-b502-a26cf7925b06/fileAsset2/test_binary1687991773628.png, modDate=2023-06-28 22:36:13.633, fileAsset1=/home/runner/work/core/custom/assets/f/0/f0a12f9b-40d0-489d-b502-a26cf7925b06/fileAsset1/test_binary1687991773628.jpg, title=blah, inode=f0a12f9b-40d0-489d-b502-a26cf7925b06, __IS_NEW_CONTENT__=true, disabledWYSIWYG=[], host=48190c8c-42c4-46af-8d1a-0cd5db894797, stInode=03a16d1e-7499-452a-9048-34a4dbcf1355, owner=system, identifier=f1af5958-c467-48b8-845a-7abcf6ddd198, nullProperties=[], languageId=1, image1=c942d930-e616-4d1d-9674-e22cd1cd9875, folder=SYSTEM_FOLDER, __disable_workflow__=true, sortOrder=0, modUser=system},lowIndexPriority=false,variantId=DEFAULT], parent=demo.dotcms.com, expectedName='test_binary1687991773628.jpg:test_binary1687991773628.png', expectedType='MultipleBinaries1687991772041'}]" classname="com.dotmarketing.business.DeterministicIdentifierAPITest" time="0.002"/>
  <testcase name="Test_Asset_Generate_Deterministic_Id_Best_Effort[5: TestCase{versionable=name8468b2836b : keyTag8468b2836b, parent=my.host1687991770906.com, expectedName='keyTag8468b2836b', expectedType='persona'}]" classname="com.dotmarketing.business.DeterministicIdentifierAPITest" time="0.003"/>
  <testcase name="Test_Similar_Content_Type_Wont_Clash" classname="com.dotmarketing.business.DeterministicIdentifierAPITest" time="0.526"/>
  <testcase name="Test_Generate_Folder_Identifier" classname="com.dotmarketing.business.DeterministicIdentifierAPITest" time="0.559"/>
  <testcase name="Test_Generate_Content_Type_Identifier[0: ContentTypeTestCase{contentType=KeyValueContentType{name=Language Variable, id=f4d7c1b8-2c88-4071-abf1-a5328977b07d, description=Default Content Type for Language Variables, defaultType=false, fixed=true, iDate=Thu Aug 31 16:38:49 UTC 2017, system=true, versionable=true, variable=Languagevariable, modDate=Wed Jun 28 21:30:09 UTC 2023, host=SYSTEM_HOST, siteName=systemHost, icon=language, sortOrder=0, folder=SYSTEM_FOLDER, folderPath=/, markedForDeletion=true, multilingualable=false}, expectedName='Languagevariable', expectedType='KeyValue'}]" classname="com.dotmarketing.business.DeterministicIdentifierAPITest" time="0.005"/>
  <testcase name="Test_Generate_Content_Type_Identifier[1: ContentTypeTestCase{contentType=SimpleContentType{name=testName1687991774161, id=0b356532-75d8-4157-a1d9-7d54caf8a250, description=testDescription1687991774161, defaultType=false, fixed=false, iDate=Wed Jun 28 22:36:14 UTC 2023, system=false, versionable=true, multilingualable=false, variable=testVarname1687991774161, owner=system, modDate=Wed Jun 28 22:36:15 UTC 2023, host=48190c8c-42c4-46af-8d1a-0cd5db894797, siteName=demo.dotcms.com, icon=event_note, sortOrder=0, folder=SYSTEM_FOLDER, folderPath=/, requiredFields=[], markedForDeletion=false}, expectedName='testVarname1687991774161', expectedType='CONTENT'}]" classname="com.dotmarketing.business.DeterministicIdentifierAPITest" time="0.004"/>
  <system-out><![CDATA[]]></system-out>
  <system-err><![CDATA[]]></system-err>
</testsuite>
