<?xml version="1.0" encoding="UTF-8"?>
<testsuite name="com.dotmarketing.business.portal.PortletAPIImplTest" tests="12" skipped="0" failures="0" errors="0" timestamp="2023-07-11T15:29:25" hostname="fv-az399-769" time="1.677">
  <properties/>
  <testcase name="test_delete_portlet" classname="com.dotmarketing.business.portal.PortletAPIImplTest" time="0.367"/>
  <testcase name="test_createCustomPortlet[0: com.dotmarketing.business.portal.PortletAPIImplTest$testCaseCreateCustomPortlet@68531482]" classname="com.dotmarketing.business.portal.PortletAPIImplTest" time="0.189"/>
  <testcase name="test_createCustomPortlet[1: com.dotmarketing.business.portal.PortletAPIImplTest$testCaseCreateCustomPortlet@541e7cb7]" classname="com.dotmarketing.business.portal.PortletAPIImplTest" time="0.228"/>
  <testcase name="test_createCustomPortlet[2: com.dotmarketing.business.portal.PortletAPIImplTest$testCaseCreateCustomPortlet@6558762]" classname="com.dotmarketing.business.portal.PortletAPIImplTest" time="0.213"/>
  <testcase name="test_createCustomPortlet[3: com.dotmarketing.business.portal.PortletAPIImplTest$testCaseCreateCustomPortlet@5d63d4f7]" classname="com.dotmarketing.business.portal.PortletAPIImplTest" time="0.194"/>
  <testcase name="test_createCustomPortlet[4: com.dotmarketing.business.portal.PortletAPIImplTest$testCaseCreateCustomPortlet@2d642cdd]" classname="com.dotmarketing.business.portal.PortletAPIImplTest" time="0.0"/>
  <testcase name="test_createCustomPortlet[5: com.dotmarketing.business.portal.PortletAPIImplTest$testCaseCreateCustomPortlet@a380602]" classname="com.dotmarketing.business.portal.PortletAPIImplTest" time="0.015"/>
  <testcase name="test_createCustomPortlet[6: com.dotmarketing.business.portal.PortletAPIImplTest$testCaseCreateCustomPortlet@207cfeb0]" classname="com.dotmarketing.business.portal.PortletAPIImplTest" time="0.014"/>
  <testcase name="test_createCustomPortlet[7: com.dotmarketing.business.portal.PortletAPIImplTest$testCaseCreateCustomPortlet@63fb5224]" classname="com.dotmarketing.business.portal.PortletAPIImplTest" time="0.014"/>
  <testcase name="test_createCustomPortlet[8: com.dotmarketing.business.portal.PortletAPIImplTest$testCaseCreateCustomPortlet@6f759842]" classname="com.dotmarketing.business.portal.PortletAPIImplTest" time="0.024"/>
  <testcase name="test_findPortlet" classname="com.dotmarketing.business.portal.PortletAPIImplTest" time="0.201"/>
  <testcase name="test_findAllPortlets" classname="com.dotmarketing.business.portal.PortletAPIImplTest" time="0.213"/>
  <system-out><![CDATA[]]></system-out>
  <system-err><![CDATA[]]></system-err>
</testsuite>
