<?xml version="1.0" encoding="UTF-8"?>
<testsuite name="com.dotmarketing.portlets.workflows.actionlet.VelocityScriptActionletTest" tests="1" skipped="0" failures="0" errors="0" timestamp="2023-06-30T22:31:45" hostname="fv-az162-235" time="0.14">
  <properties/>
  <testcase name="Test_Velocity_Script_Actionlet_Expect_Success" classname="com.dotmarketing.portlets.workflows.actionlet.VelocityScriptActionletTest" time="0.14"/>
  <system-out><![CDATA[]]></system-out>
  <system-err><![CDATA[]]></system-err>
</testsuite>
