<?xml version="1.0" encoding="UTF-8"?>
<testsuite name="com.dotmarketing.portlets.contentlet.business.web.ContentletWebAPIImplIntegrationTest" tests="8" skipped="0" failures="0" errors="0" timestamp="2023-07-24T14:36:56" hostname="fv-az571-935" time="23.018">
  <properties/>
  <testcase name="whenOldNameIsSubstring" classname="com.dotmarketing.portlets.contentlet.business.web.ContentletWebAPIImplIntegrationTest" time="3.454"/>
  <testcase name="whenHostNameChangeShouldUpdateContainerPath" classname="com.dotmarketing.portlets.contentlet.business.web.ContentletWebAPIImplIntegrationTest" time="4.32"/>
  <testcase name="whenHostNameNotChange" classname="com.dotmarketing.portlets.contentlet.business.web.ContentletWebAPIImplIntegrationTest" time="3.676"/>
  <testcase name="whenHostNameChangeShouldUpdatePageTemplatePath" classname="com.dotmarketing.portlets.contentlet.business.web.ContentletWebAPIImplIntegrationTest" time="1.974"/>
  <testcase name="whenHostNameChangeWithLegacyTemplateLayout" classname="com.dotmarketing.portlets.contentlet.business.web.ContentletWebAPIImplIntegrationTest" time="3.217"/>
  <testcase name="whenNewNameIsSubstring" classname="com.dotmarketing.portlets.contentlet.business.web.ContentletWebAPIImplIntegrationTest" time="3.993"/>
  <testcase name="testSavePersonaWithLicenseShouldPass" classname="com.dotmarketing.portlets.contentlet.business.web.ContentletWebAPIImplIntegrationTest" time="1.25"/>
  <testcase name="testSavePersonaWithoutLicenseShouldFail" classname="com.dotmarketing.portlets.contentlet.business.web.ContentletWebAPIImplIntegrationTest" time="1.134"/>
  <system-out><![CDATA[]]></system-out>
  <system-err><![CDATA[]]></system-err>
</testsuite>
