<?xml version="1.0" encoding="UTF-8"?>
<testsuite name="com.dotcms.storage.repository.HashedLocalFileRepositoryManagerTest" tests="2" skipped="0" failures="0" errors="0" timestamp="2023-06-27T19:48:16" hostname="fv-az451-154" time="0.01">
  <properties/>
  <testcase name="test_normalizeFileInSubDirectoryAndFile" classname="com.dotcms.storage.repository.HashedLocalFileRepositoryManagerTest" time="0.003"/>
  <testcase name="test_GetOrCreate_and_Exits_" classname="com.dotcms.storage.repository.HashedLocalFileRepositoryManagerTest" time="0.007"/>
  <system-out><![CDATA[]]></system-out>
  <system-err><![CDATA[]]></system-err>
</testsuite>
