<?xml version="1.0" encoding="UTF-8"?>
<testsuite name="com.dotcms.rest.api.v1.relationships.RelationshipsResourceTest" tests="3" skipped="0" failures="0" errors="0" timestamp="2023-07-13T23:46:13" hostname="fv-az408-305" time="2.434">
  <properties/>
  <testcase name="testGetOneSidedRelationships" classname="com.dotcms.rest.api.v1.relationships.RelationshipsResourceTest" time="0.843"/>
  <testcase name="testGetOneSidedRelationshipsWithInvalidContentTypeReturnsBadRequest" classname="com.dotcms.rest.api.v1.relationships.RelationshipsResourceTest" time="0.801"/>
  <testcase name="testGetOneSidedRelationshipsWithoutContentTypeReturnsBadRequest" classname="com.dotcms.rest.api.v1.relationships.RelationshipsResourceTest" time="0.79"/>
  <system-out><![CDATA[]]></system-out>
  <system-err><![CDATA[]]></system-err>
</testsuite>
