<?xml version="1.0" encoding="UTF-8"?>
<testsuite name="com.dotmarketing.business.DeterministicIdentifierAPITest" tests="16" skipped="0" failures="0" errors="0" timestamp="2023-07-20T08:31:59" hostname="fv-az313-957" time="0.603">
  <properties/>
  <testcase name="Test_Category_Path_Seed_And_Id" classname="com.dotmarketing.business.DeterministicIdentifierAPITest" time="0.022"/>
  <testcase name="Test_Language_Deterministic_Id[0: LanguageTestCase{expectedSeed='Language:es:US', expectedHash=4913155, langCode='es', countryCode='US', country='United States'}]" classname="com.dotmarketing.business.DeterministicIdentifierAPITest" time="0.001"/>
  <testcase name="Test_Language_Deterministic_Id[1: LanguageTestCase{expectedSeed='Language:ep:', expectedHash=5292269, langCode='ep', countryCode='', country=''}]" classname="com.dotmarketing.business.DeterministicIdentifierAPITest" time="0.001"/>
  <testcase name="Test_Language_Deterministic_Id[2: LanguageTestCase{expectedSeed='Language:sg:SAG', expectedHash=4713118, langCode='sg', countryCode='SAG', country=''}]" classname="com.dotmarketing.business.DeterministicIdentifierAPITest" time="0.001"/>
  <testcase name="Test_Language_Deterministic_Id[3: LanguageTestCase{expectedSeed='Language:en:NZ', expectedHash=5382528, langCode='en', countryCode='NZ', country='New Zealand'}]" classname="com.dotmarketing.business.DeterministicIdentifierAPITest" time="0.001"/>
  <testcase name="Test_Category_None_Persisted_Category_Should_Return_Deterministic_Id" classname="com.dotmarketing.business.DeterministicIdentifierAPITest" time="0.001"/>
  <testcase name="Test_Asset_Generate_Deterministic_Id_Best_Effort[0: TestCase{versionable=my.host1689841542756.com, parent=System Host, expectedName='my.host1689841542756.com', expectedType='Host'}]" classname="com.dotmarketing.business.DeterministicIdentifierAPITest" time="0.003"/>
  <testcase name="Test_Asset_Generate_Deterministic_Id_Best_Effort[1: TestCase{versionable=com.dotmarketing.portlets.contentlet.model.Contentlet@14e47797[map={modDate=2023-07-20 08:25:43.606, fileName=file5906212444190265345.txt, title=file5906212444190265345.txt, inode=01aa3b30-ee02-46e5-8165-c8b13aec7199, __IS_NEW_CONTENT__=true, disabledWYSIWYG=[], host=45831505-5d9d-491e-9057-63b2e0af71d6, stInode=33888b6f-7a8e-4069-b1b6-5c1aa9d0a48d, owner=system, identifier=fc97a17b-2331-4961-a630-023ea57fc003, nullProperties=[wfExpireDate, wfPublishDate, wfActionAssign, wfActionId, wfActionComments, filterKey, whereToSend, wfNeverExpire, _path_to_move, timezoneId, iWantTo, wfPublishTime, wfExpireTime], languageId=1, fileAsset=/home/runner/work/core/custom/assets/0/1/01aa3b30-ee02-46e5-8165-c8b13aec7199/fileAsset/file5906212444190265345.txt, folder=9f94b129-97fe-4fa4-b76d-fe95a920aad3, __disable_workflow__=true, sortOrder=0, modUser=system},lowIndexPriority=false,variantId=DEFAULT], parent=com.dotmarketing.portlets.folders.model.Folder@10c36d05[identifier=9f94b129-97fe-4fa4-b76d-fe95a920aad3,name=testName1689841543600,sortOrder=0,showOnMenu=false,hostId=45831505-5d9d-491e-9057-63b2e0af71d6,type=folder,title=testTitle1689841543600,filesMasks=,defaultFileType=33888b6f-7a8e-4069-b1b6-5c1aa9d0a48d,modDate=2023-07-20 08:25:43.602,owner=&lt;null&gt;,iDate=2023-07-20 08:25:43.602,inode=9f94b129-97fe-4fa4-b76d-fe95a920aad3,path=/testName1689841543600/], expectedName='file5906212444190265345.txt', expectedType='FileAsset'}]" classname="com.dotmarketing.business.DeterministicIdentifierAPITest" time="0.003"/>
  <testcase name="Test_Asset_Generate_Deterministic_Id_Best_Effort[2: TestCase{versionable=com.dotmarketing.portlets.templates.model.Template@1d545390, parent=my.host1689841542756.com, expectedName='testTitle1689841543687', expectedType='Template'}]" classname="com.dotmarketing.business.DeterministicIdentifierAPITest" time="0.002"/>
  <testcase name="Test_Asset_Generate_Deterministic_Id_Best_Effort[3: TestCase{versionable=com.dotmarketing.portlets.htmlpageasset.model.HTMLPageAsset@6d5a6389[map={template=78f935d9-d8d0-4d06-bcb4-b02bf25e39f3, owner=system, identifier=c5381cc2-8612-4544-953a-a4c4e7199ef8, nullProperties=[wfExpireDate, wfPublishDate, wfActionAssign, wfActionId, wfActionComments, filterKey, whereToSend, wfNeverExpire, _path_to_move, timezoneId, iWantTo, wfPublishTime, wfExpireTime], modDate=2023-07-20 08:25:43.703, cachettl=0, _is_test_mode=true, languageId=1, title=test-page-title-1689841543699, httpsreq=, url=test-page-url-1689841543699, showOnMenu=, inode=33a15e58-393c-41dd-bec9-c23a904a74f9, folder=9f94b129-97fe-4fa4-b76d-fe95a920aad3, disabledWYSIWYG=[], sortOrder=1, modUser=system, host=45831505-5d9d-491e-9057-63b2e0af71d6, stInode=c541abb1-69b3-4bc5-8430-5e09e5239cc8, friendlyName=test-page-friendly-name-1689841543699},lowIndexPriority=false,variantId=DEFAULT], parent=com.dotmarketing.portlets.folders.model.Folder@10c36d05[identifier=9f94b129-97fe-4fa4-b76d-fe95a920aad3,name=testName1689841543600,sortOrder=0,showOnMenu=false,hostId=45831505-5d9d-491e-9057-63b2e0af71d6,type=folder,title=testTitle1689841543600,filesMasks=,defaultFileType=33888b6f-7a8e-4069-b1b6-5c1aa9d0a48d,modDate=2023-07-20 08:25:43.602,owner=&lt;null&gt;,iDate=2023-07-20 08:25:43.602,inode=9f94b129-97fe-4fa4-b76d-fe95a920aad3,path=/testName1689841543600/], expectedName='test-page-url-1689841543699', expectedType='htmlpageasset'}]" classname="com.dotmarketing.business.DeterministicIdentifierAPITest" time="0.002"/>
  <testcase name="Test_Asset_Generate_Deterministic_Id_Best_Effort[4: TestCase{versionable=com.dotmarketing.portlets.contentlet.model.Contentlet@5d688c5e[map={fileAsset2=/home/runner/work/core/custom/assets/c/e/cea1d806-0df2-4cad-9cc5-9492590d7ffa/fileAsset2/test_binary1689841544585.png, modDate=2023-07-20 08:25:44.589, fileAsset1=/home/runner/work/core/custom/assets/c/e/cea1d806-0df2-4cad-9cc5-9492590d7ffa/fileAsset1/test_binary1689841544585.jpg, title=blah, inode=cea1d806-0df2-4cad-9cc5-9492590d7ffa, __IS_NEW_CONTENT__=true, disabledWYSIWYG=[], host=48190c8c-42c4-46af-8d1a-0cd5db894797, stInode=45a00cea-0887-45a4-9167-4c2da3f51417, owner=system, identifier=ce75c0be-5b61-4210-aac4-dabd27bdf97e, nullProperties=[], languageId=1, image1=93761bc2-37df-4f20-a51d-f9c77e19bfc6, folder=SYSTEM_FOLDER, __disable_workflow__=true, sortOrder=0, modUser=system},lowIndexPriority=false,variantId=DEFAULT], parent=demo.dotcms.com, expectedName='test_binary1689841544585.jpg:test_binary1689841544585.png', expectedType='MultipleBinaries1689841543828'}]" classname="com.dotmarketing.business.DeterministicIdentifierAPITest" time="0.003"/>
  <testcase name="Test_Asset_Generate_Deterministic_Id_Best_Effort[5: TestCase{versionable=namebf49631f78 : keyTagbf49631f78, parent=my.host1689841542756.com, expectedName='keyTagbf49631f78', expectedType='persona'}]" classname="com.dotmarketing.business.DeterministicIdentifierAPITest" time="0.002"/>
  <testcase name="Test_Similar_Content_Type_Wont_Clash" classname="com.dotmarketing.business.DeterministicIdentifierAPITest" time="0.365"/>
  <testcase name="Test_Generate_Folder_Identifier" classname="com.dotmarketing.business.DeterministicIdentifierAPITest" time="0.186"/>
  <testcase name="Test_Generate_Content_Type_Identifier[0: ContentTypeTestCase{contentType=KeyValueContentType{name=Language Variable, id=f4d7c1b8-2c88-4071-abf1-a5328977b07d, description=Default Content Type for Language Variables, defaultType=false, fixed=true, iDate=Thu Aug 31 16:38:49 UTC 2017, system=true, versionable=true, variable=Languagevariable, modDate=Thu Jul 20 07:23:33 UTC 2023, host=SYSTEM_HOST, siteName=systemHost, icon=language, sortOrder=0, folder=SYSTEM_FOLDER, folderPath=/, markedForDeletion=true, multilingualable=false}, expectedName='Languagevariable', expectedType='KeyValue'}]" classname="com.dotmarketing.business.DeterministicIdentifierAPITest" time="0.005"/>
  <testcase name="Test_Generate_Content_Type_Identifier[1: ContentTypeTestCase{contentType=SimpleContentType{name=testName1689841544949, id=f3459ead-24b0-49f4-a8a2-0faf41652cee, description=testDescription1689841544949, defaultType=false, fixed=false, iDate=Thu Jul 20 08:25:44 UTC 2023, system=false, versionable=true, multilingualable=false, variable=testVarname1689841544949, owner=system, modDate=Thu Jul 20 08:25:45 UTC 2023, host=48190c8c-42c4-46af-8d1a-0cd5db894797, siteName=demo.dotcms.com, icon=event_note, sortOrder=0, folder=SYSTEM_FOLDER, folderPath=/, requiredFields=[], markedForDeletion=false}, expectedName='testVarname1689841544949', expectedType='CONTENT'}]" classname="com.dotmarketing.business.DeterministicIdentifierAPITest" time="0.003"/>
  <system-out><![CDATA[]]></system-out>
  <system-err><![CDATA[]]></system-err>
</testsuite>
