<?xml version="1.0" encoding="UTF-8"?>
<testsuite name="com.dotmarketing.servlets.ajax.AjaxDirectorServletIntegrationTest" tests="2" skipped="0" failures="0" errors="0" timestamp="2023-06-26T21:15:54" hostname="fv-az1241-672" time="4.73">
  <properties/>
  <testcase name="testService[0: com.dotmarketing.servlets.ajax.AjaxDirectorServletTestCase@4ea7d5b0]" classname="com.dotmarketing.servlets.ajax.AjaxDirectorServletIntegrationTest" time="2.802"/>
  <testcase name="testService[1: com.dotmarketing.servlets.ajax.AjaxDirectorServletTestCase@331dbb41]" classname="com.dotmarketing.servlets.ajax.AjaxDirectorServletIntegrationTest" time="1.928"/>
  <system-out><![CDATA[]]></system-out>
  <system-err><![CDATA[]]></system-err>
</testsuite>
