<?xml version="1.0" encoding="UTF-8"?>
<testsuite name="com.dotcms.storage.StoragePersistenceAPITest" tests="18" skipped="0" failures="0" errors="0" timestamp="2023-07-06T23:39:36" hostname="fv-az791-68" time="2.198">
  <properties/>
  <testcase name="Test_Get_Provider_By_StorageType" classname="com.dotcms.storage.StoragePersistenceAPITest" time="0.003"/>
  <testcase name="Test_Replace_Entry[0: TestCase{storageType=FILE_SYSTEM, groupName='ItKThzijYG', path='any-path', file=testFile10235237078351959027.bin}]" classname="com.dotcms.storage.StoragePersistenceAPITest" time="0.003"/>
  <testcase name="Test_Replace_Entry[1: TestCase{storageType=DB, groupName='ItKThzijYG', path='any-path', file=testFile10235237078351959027.bin}]" classname="com.dotcms.storage.StoragePersistenceAPITest" time="0.063"/>
  <testcase name="Test_Pull_File_Different_Casing[0: TestCase{storageType=FILE_SYSTEM, groupName='ItKThzijYG', path='any-path', file=testFile10235237078351959027.bin}]" classname="com.dotcms.storage.StoragePersistenceAPITest" time="0.001"/>
  <testcase name="Test_Pull_File_Different_Casing[1: TestCase{storageType=DB, groupName='ItKThzijYG', path='any-path', file=testFile10235237078351959027.bin}]" classname="com.dotcms.storage.StoragePersistenceAPITest" time="0.009"/>
  <testcase name="Test_Get_Default_Provider" classname="com.dotcms.storage.StoragePersistenceAPITest" time="0.001"/>
  <testcase name="Test_Attempt_Push_Same_Binary_Twice[0: TestCase{storageType=FILE_SYSTEM, groupName='pILBY87Mmh', path='imageFilePath', file=test_image2.png}]" classname="com.dotcms.storage.StoragePersistenceAPITest" time="0.002"/>
  <testcase name="Test_Attempt_Push_Same_Binary_Twice[1: TestCase{storageType=DB, groupName='pILBY87Mmh', path='imageFilePath', file=test_image2.png}]" classname="com.dotcms.storage.StoragePersistenceAPITest" time="0.014"/>
  <testcase name="Test_Delete_Object_Version[0: TestCase{storageType=FILE_SYSTEM, groupName='lEixlHF7tF', path='fixed-large-file-path', file=testFile12359174552250808746.bin}]" classname="com.dotcms.storage.StoragePersistenceAPITest" time="0.042"/>
  <testcase name="Test_Delete_Object_Version[1: TestCase{storageType=DB, groupName='lEixlHF7tF', path='fixed-large-file-path', file=testFile12359174552250808746.bin}]" classname="com.dotcms.storage.StoragePersistenceAPITest" time="1.692"/>
  <testcase name="Test_Storage_Push_File_Then_Recover_Then_Remove_Group[0: TestCase{storageType=FILE_SYSTEM, groupName='fixed-group-name', path='textFilePath', file=test.txt}]" classname="com.dotcms.storage.StoragePersistenceAPITest" time="0.008"/>
  <testcase name="Test_Storage_Push_File_Then_Recover_Then_Remove_Group[1: TestCase{storageType=FILE_SYSTEM, groupName='fixed-group-name', path='imageFilePath', file=test_image1.jpg}]" classname="com.dotcms.storage.StoragePersistenceAPITest" time="0.001"/>
  <testcase name="Test_Storage_Push_File_Then_Recover_Then_Remove_Group[2: TestCase{storageType=DB, groupName='fixed-group-name', path='textFilePath', file=test.txt}]" classname="com.dotcms.storage.StoragePersistenceAPITest" time="0.013"/>
  <testcase name="Test_Storage_Push_File_Then_Recover_Then_Remove_Group[3: TestCase{storageType=DB, groupName='fixed-group-name', path='imageFilePath', file=test_image1.jpg}]" classname="com.dotcms.storage.StoragePersistenceAPITest" time="0.154"/>
  <testcase name="Test_Attempt_Create_Dupe_Group[0: TestCase{storageType=FILE_SYSTEM, groupName='Mu11RzmCCH', path='null', file=n/a}]" classname="com.dotcms.storage.StoragePersistenceAPITest" time="0.001"/>
  <testcase name="Test_Attempt_Create_Dupe_Group[1: TestCase{storageType=DB, groupName='Mu11RzmCCH', path='null', file=n/a}]" classname="com.dotcms.storage.StoragePersistenceAPITest" time="0.004"/>
  <testcase name="Test_Push_Large_File[0: TestCase{storageType=FILE_SYSTEM, groupName='lEixlHF7tF', path='fixed-large-file-path', file=testFile12359174552250808746.bin}]" classname="com.dotcms.storage.StoragePersistenceAPITest" time="0.038"/>
  <testcase name="Test_Push_Large_File[1: TestCase{storageType=DB, groupName='lEixlHF7tF', path='fixed-large-file-path', file=testFile12359174552250808746.bin}]" classname="com.dotcms.storage.StoragePersistenceAPITest" time="0.147"/>
  <system-out><![CDATA[]]></system-out>
  <system-err><![CDATA[]]></system-err>
</testsuite>
