<?xml version="1.0" encoding="UTF-8"?>
<testsuite name="com.dotmarketing.business.DeterministicIdentifierAPITest" tests="16" skipped="0" failures="0" errors="0" timestamp="2023-07-24T16:20:03" hostname="fv-az571-935" time="1.392">
  <properties/>
  <testcase name="Test_Category_Path_Seed_And_Id" classname="com.dotmarketing.business.DeterministicIdentifierAPITest" time="0.031"/>
  <testcase name="Test_Language_Deterministic_Id[0: LanguageTestCase{expectedSeed='Language:es:US', expectedHash=4913155, langCode='es', countryCode='US', country='United States'}]" classname="com.dotmarketing.business.DeterministicIdentifierAPITest" time="0.002"/>
  <testcase name="Test_Language_Deterministic_Id[1: LanguageTestCase{expectedSeed='Language:ep:', expectedHash=5292269, langCode='ep', countryCode='', country=''}]" classname="com.dotmarketing.business.DeterministicIdentifierAPITest" time="0.001"/>
  <testcase name="Test_Language_Deterministic_Id[2: LanguageTestCase{expectedSeed='Language:sg:SAG', expectedHash=4713118, langCode='sg', countryCode='SAG', country=''}]" classname="com.dotmarketing.business.DeterministicIdentifierAPITest" time="0.002"/>
  <testcase name="Test_Language_Deterministic_Id[3: LanguageTestCase{expectedSeed='Language:en:NZ', expectedHash=5382528, langCode='en', countryCode='NZ', country='New Zealand'}]" classname="com.dotmarketing.business.DeterministicIdentifierAPITest" time="0.002"/>
  <testcase name="Test_Category_None_Persisted_Category_Should_Return_Deterministic_Id" classname="com.dotmarketing.business.DeterministicIdentifierAPITest" time="0.002"/>
  <testcase name="Test_Asset_Generate_Deterministic_Id_Best_Effort[0: TestCase{versionable=my.host1690215185058.com, parent=System Host, expectedName='my.host1690215185058.com', expectedType='Host'}]" classname="com.dotmarketing.business.DeterministicIdentifierAPITest" time="0.004"/>
  <testcase name="Test_Asset_Generate_Deterministic_Id_Best_Effort[1: TestCase{versionable=com.dotmarketing.portlets.contentlet.model.Contentlet@6ef4e10[map={modDate=2023-07-24 16:13:05.741, fileName=file2795510387493550301.txt, title=file2795510387493550301.txt, inode=37ff5545-1f9d-4a21-a097-9be632a137af, __IS_NEW_CONTENT__=true, disabledWYSIWYG=[], host=10f555b4-67b5-427b-8a99-ca42618ad55d, stInode=33888b6f-7a8e-4069-b1b6-5c1aa9d0a48d, owner=system, identifier=cab80e81-d341-4aaa-9cf0-f335d6b051ce, nullProperties=[wfExpireDate, wfPublishDate, wfActionAssign, wfActionId, wfActionComments, filterKey, whereToSend, wfNeverExpire, _path_to_move, timezoneId, iWantTo, wfPublishTime, wfExpireTime], languageId=1, fileAsset=/home/runner/work/core/custom/assets/3/7/37ff5545-1f9d-4a21-a097-9be632a137af/fileAsset/file2795510387493550301.txt, folder=72d1fac4-68ab-4e69-9a92-107b03b0b6b2, __disable_workflow__=true, sortOrder=0, modUser=system},lowIndexPriority=false,variantId=DEFAULT], parent=com.dotmarketing.portlets.folders.model.Folder@569207a4[identifier=72d1fac4-68ab-4e69-9a92-107b03b0b6b2,name=testName1690215185733,sortOrder=0,showOnMenu=false,hostId=10f555b4-67b5-427b-8a99-ca42618ad55d,type=folder,title=testTitle1690215185733,filesMasks=,defaultFileType=33888b6f-7a8e-4069-b1b6-5c1aa9d0a48d,modDate=2023-07-24 16:13:05.736,owner=&lt;null&gt;,iDate=2023-07-24 16:13:05.736,inode=72d1fac4-68ab-4e69-9a92-107b03b0b6b2,path=/testName1690215185733/], expectedName='file2795510387493550301.txt', expectedType='FileAsset'}]" classname="com.dotmarketing.business.DeterministicIdentifierAPITest" time="0.004"/>
  <testcase name="Test_Asset_Generate_Deterministic_Id_Best_Effort[2: TestCase{versionable=com.dotmarketing.portlets.templates.model.Template@481401b2, parent=my.host1690215185058.com, expectedName='testTitle1690215185870', expectedType='Template'}]" classname="com.dotmarketing.business.DeterministicIdentifierAPITest" time="0.004"/>
  <testcase name="Test_Asset_Generate_Deterministic_Id_Best_Effort[3: TestCase{versionable=com.dotmarketing.portlets.htmlpageasset.model.HTMLPageAsset@532c5ccc[map={template=6bd47da1-fc1c-4105-a12e-0d155efcba34, owner=system, identifier=8ab13353-4f52-4684-b763-5b8bf25193e0, nullProperties=[wfExpireDate, wfPublishDate, wfActionAssign, wfActionId, wfActionComments, filterKey, whereToSend, wfNeverExpire, _path_to_move, timezoneId, iWantTo, wfPublishTime, wfExpireTime], modDate=2023-07-24 16:13:05.89, cachettl=0, _is_test_mode=true, languageId=1, title=test-page-title-1690215185885, httpsreq=, url=test-page-url-1690215185885, showOnMenu=, inode=2c445055-2233-4b9c-8eb6-467f6544cc5f, folder=72d1fac4-68ab-4e69-9a92-107b03b0b6b2, disabledWYSIWYG=[], sortOrder=1, modUser=system, host=10f555b4-67b5-427b-8a99-ca42618ad55d, stInode=c541abb1-69b3-4bc5-8430-5e09e5239cc8, friendlyName=test-page-friendly-name-1690215185885},lowIndexPriority=false,variantId=DEFAULT], parent=com.dotmarketing.portlets.folders.model.Folder@569207a4[identifier=72d1fac4-68ab-4e69-9a92-107b03b0b6b2,name=testName1690215185733,sortOrder=0,showOnMenu=false,hostId=10f555b4-67b5-427b-8a99-ca42618ad55d,type=folder,title=testTitle1690215185733,filesMasks=,defaultFileType=33888b6f-7a8e-4069-b1b6-5c1aa9d0a48d,modDate=2023-07-24 16:13:05.736,owner=&lt;null&gt;,iDate=2023-07-24 16:13:05.736,inode=72d1fac4-68ab-4e69-9a92-107b03b0b6b2,path=/testName1690215185733/], expectedName='test-page-url-1690215185885', expectedType='htmlpageasset'}]" classname="com.dotmarketing.business.DeterministicIdentifierAPITest" time="0.004"/>
  <testcase name="Test_Asset_Generate_Deterministic_Id_Best_Effort[4: TestCase{versionable=com.dotmarketing.portlets.contentlet.model.Contentlet@422d47db[map={fileAsset2=/home/runner/work/core/custom/assets/0/0/00bedcd5-927e-4d94-8aa8-7a307f8a39e8/fileAsset2/test_binary1690215187782.png, modDate=2023-07-24 16:13:07.789, fileAsset1=/home/runner/work/core/custom/assets/0/0/00bedcd5-927e-4d94-8aa8-7a307f8a39e8/fileAsset1/test_binary1690215187782.jpg, title=blah, inode=00bedcd5-927e-4d94-8aa8-7a307f8a39e8, __IS_NEW_CONTENT__=true, disabledWYSIWYG=[], host=48190c8c-42c4-46af-8d1a-0cd5db894797, stInode=d476d782-69a7-4861-aa3f-838f8b16f63c, owner=system, identifier=d88224e8-6d5a-4714-b531-ae3168e0508c, nullProperties=[], languageId=1, image1=1506d88a-36ac-432b-bc35-13d5ef5cd78b, folder=SYSTEM_FOLDER, __disable_workflow__=true, sortOrder=0, modUser=system},lowIndexPriority=false,variantId=DEFAULT], parent=demo.dotcms.com, expectedName='test_binary1690215187782.jpg:test_binary1690215187782.png', expectedType='MultipleBinaries1690215186073'}]" classname="com.dotmarketing.business.DeterministicIdentifierAPITest" time="0.005"/>
  <testcase name="Test_Asset_Generate_Deterministic_Id_Best_Effort[5: TestCase{versionable=name7f16bdb3a3 : keyTag7f16bdb3a3, parent=my.host1690215185058.com, expectedName='keyTag7f16bdb3a3', expectedType='persona'}]" classname="com.dotmarketing.business.DeterministicIdentifierAPITest" time="0.003"/>
  <testcase name="Test_Similar_Content_Type_Wont_Clash" classname="com.dotmarketing.business.DeterministicIdentifierAPITest" time="0.629"/>
  <testcase name="Test_Generate_Folder_Identifier" classname="com.dotmarketing.business.DeterministicIdentifierAPITest" time="0.681"/>
  <testcase name="Test_Generate_Content_Type_Identifier[0: ContentTypeTestCase{contentType=KeyValueContentType{name=Language Variable, id=f4d7c1b8-2c88-4071-abf1-a5328977b07d, description=Default Content Type for Language Variables, defaultType=false, fixed=true, iDate=Thu Aug 31 16:38:49 UTC 2017, system=true, versionable=true, variable=Languagevariable, modDate=Mon Jul 24 14:58:06 UTC 2023, host=SYSTEM_HOST, siteName=systemHost, icon=language, sortOrder=0, folder=SYSTEM_FOLDER, folderPath=/, markedForDeletion=true, multilingualable=false}, expectedName='Languagevariable', expectedType='KeyValue'}]" classname="com.dotmarketing.business.DeterministicIdentifierAPITest" time="0.007"/>
  <testcase name="Test_Generate_Content_Type_Identifier[1: ContentTypeTestCase{contentType=SimpleContentType{name=testName1690215188262, id=23b22390-3583-4d4c-9b8c-2bb4ce2eb8de, description=testDescription1690215188262, defaultType=false, fixed=false, iDate=Mon Jul 24 16:13:08 UTC 2023, system=false, versionable=true, multilingualable=false, variable=testVarname1690215188262, owner=system, modDate=Mon Jul 24 16:13:09 UTC 2023, host=48190c8c-42c4-46af-8d1a-0cd5db894797, siteName=demo.dotcms.com, icon=event_note, sortOrder=0, folder=SYSTEM_FOLDER, folderPath=/, requiredFields=[], markedForDeletion=false}, expectedName='testVarname1690215188262', expectedType='CONTENT'}]" classname="com.dotmarketing.business.DeterministicIdentifierAPITest" time="0.007"/>
  <system-out><![CDATA[]]></system-out>
  <system-err><![CDATA[]]></system-err>
</testsuite>
