<?xml version="1.0" encoding="UTF-8"?>
<testsuite name="com.dotcms.integritycheckers.FolderIntegrityCheckerTest" tests="1" skipped="0" failures="0" errors="0" timestamp="2023-07-18T19:59:47" hostname="fv-az887-517" time="0.033">
  <properties/>
  <testcase name="test_execute_identifierColumnsNotNull" classname="com.dotcms.integritycheckers.FolderIntegrityCheckerTest" time="0.033"/>
  <system-out><![CDATA[]]></system-out>
  <system-err><![CDATA[]]></system-err>
</testsuite>
