<?xml version="1.0" encoding="UTF-8"?>
<testsuite name="com.dotcms.contenttype.test.ContentResourceTest" tests="52" skipped="0" failures="0" errors="0" timestamp="2023-07-11T23:16:52" hostname="fv-az646-156" time="161.485">
  <properties/>
  <testcase name="testGetContentShouldReturnIconDetails" classname="com.dotcms.contenttype.test.ContentResourceTest" time="1.756"/>
  <testcase name="Test_Save_Action_Set_Words_To_Required_NumericField_Issue_15340" classname="com.dotcms.contenttype.test.ContentResourceTest" time="0.976"/>
  <testcase name="test_getContent_includeGrandChildCategory_success" classname="com.dotcms.contenttype.test.ContentResourceTest" time="1.51"/>
  <testcase name="testGetContentWithRelatedParameter[0: com.dotcms.contenttype.test.ContentResourceTest$PullRelatedTestCase@66a2d4a4]" classname="com.dotcms.contenttype.test.ContentResourceTest" time="4.272"/>
  <testcase name="testGetContentWithRelatedParameter[1: com.dotcms.contenttype.test.ContentResourceTest$PullRelatedTestCase@1829c3ff]" classname="com.dotcms.contenttype.test.ContentResourceTest" time="4.094"/>
  <testcase name="testGetContentWithRelatedParameter[2: com.dotcms.contenttype.test.ContentResourceTest$PullRelatedTestCase@7be6e88a]" classname="com.dotcms.contenttype.test.ContentResourceTest" time="4.372"/>
  <testcase name="testGetContentWithRelatedParameter[3: com.dotcms.contenttype.test.ContentResourceTest$PullRelatedTestCase@226ee8e8]" classname="com.dotcms.contenttype.test.ContentResourceTest" time="3.992"/>
  <testcase name="testGetContentWithRelatedParameter[4: com.dotcms.contenttype.test.ContentResourceTest$PullRelatedTestCase@52991ff5]" classname="com.dotcms.contenttype.test.ContentResourceTest" time="4.102"/>
  <testcase name="test_getContent_SelfRelatedWith3LevelsOfDepth_shouldReturnRelationships" classname="com.dotcms.contenttype.test.ContentResourceTest" time="1.579"/>
  <testcase name="Test_Save_Action_Send_Fields_SubSet_Issue_15340" classname="com.dotcms.contenttype.test.ContentResourceTest" time="3.071"/>
  <testcase name="test_getContent_shouldReturnRelationships[0: com.dotcms.contenttype.test.ContentResourceTest$TestCase@4f90862]" classname="com.dotcms.contenttype.test.ContentResourceTest" time="3.131"/>
  <testcase name="test_getContent_shouldReturnRelationships[1: com.dotcms.contenttype.test.ContentResourceTest$TestCase@489702cf]" classname="com.dotcms.contenttype.test.ContentResourceTest" time="3.164"/>
  <testcase name="test_getContent_shouldReturnRelationships[2: com.dotcms.contenttype.test.ContentResourceTest$TestCase@1deb8a9d]" classname="com.dotcms.contenttype.test.ContentResourceTest" time="3.303"/>
  <testcase name="test_getContent_shouldReturnRelationships[3: com.dotcms.contenttype.test.ContentResourceTest$TestCase@7975862]" classname="com.dotcms.contenttype.test.ContentResourceTest" time="3.413"/>
  <testcase name="test_getContent_shouldReturnRelationships[4: com.dotcms.contenttype.test.ContentResourceTest$TestCase@4b61faea]" classname="com.dotcms.contenttype.test.ContentResourceTest" time="3.372"/>
  <testcase name="test_getContent_shouldReturnRelationships[5: com.dotcms.contenttype.test.ContentResourceTest$TestCase@3b100833]" classname="com.dotcms.contenttype.test.ContentResourceTest" time="3.212"/>
  <testcase name="test_getContent_shouldReturnRelationships[6: com.dotcms.contenttype.test.ContentResourceTest$TestCase@7aeec2ae]" classname="com.dotcms.contenttype.test.ContentResourceTest" time="3.154"/>
  <testcase name="test_getContent_shouldReturnRelationships[7: com.dotcms.contenttype.test.ContentResourceTest$TestCase@4707c1d9]" classname="com.dotcms.contenttype.test.ContentResourceTest" time="3.383"/>
  <testcase name="test_getContent_shouldReturnRelationships[8: com.dotcms.contenttype.test.ContentResourceTest$TestCase@3f5d579]" classname="com.dotcms.contenttype.test.ContentResourceTest" time="3.572"/>
  <testcase name="test_getContent_shouldReturnRelationships[9: com.dotcms.contenttype.test.ContentResourceTest$TestCase@389f14a4]" classname="com.dotcms.contenttype.test.ContentResourceTest" time="3.327"/>
  <testcase name="test_getContent_shouldReturnRelationships[10: com.dotcms.contenttype.test.ContentResourceTest$TestCase@34e85aab]" classname="com.dotcms.contenttype.test.ContentResourceTest" time="2.124"/>
  <testcase name="test_getContent_shouldReturnRelationships[11: com.dotcms.contenttype.test.ContentResourceTest$TestCase@4d984ce6]" classname="com.dotcms.contenttype.test.ContentResourceTest" time="3.365"/>
  <testcase name="test_getContent_shouldReturnRelationships[12: com.dotcms.contenttype.test.ContentResourceTest$TestCase@606b1631]" classname="com.dotcms.contenttype.test.ContentResourceTest" time="3.231"/>
  <testcase name="test_getContent_shouldReturnRelationships[13: com.dotcms.contenttype.test.ContentResourceTest$TestCase@209114ac]" classname="com.dotcms.contenttype.test.ContentResourceTest" time="3.145"/>
  <testcase name="test_getContent_shouldReturnRelationships[14: com.dotcms.contenttype.test.ContentResourceTest$TestCase@565a3f17]" classname="com.dotcms.contenttype.test.ContentResourceTest" time="3.163"/>
  <testcase name="test_getContent_shouldReturnRelationships[15: com.dotcms.contenttype.test.ContentResourceTest$TestCase@59aab646]" classname="com.dotcms.contenttype.test.ContentResourceTest" time="3.586"/>
  <testcase name="test_getContent_shouldReturnRelationships[16: com.dotcms.contenttype.test.ContentResourceTest$TestCase@6148f9dc]" classname="com.dotcms.contenttype.test.ContentResourceTest" time="4.733"/>
  <testcase name="test_getContent_shouldReturnRelationships[17: com.dotcms.contenttype.test.ContentResourceTest$TestCase@4954b52d]" classname="com.dotcms.contenttype.test.ContentResourceTest" time="2.486"/>
  <testcase name="test_getContent_shouldReturnRelationships[18: com.dotcms.contenttype.test.ContentResourceTest$TestCase@4e719997]" classname="com.dotcms.contenttype.test.ContentResourceTest" time="3.572"/>
  <testcase name="test_getContent_shouldReturnRelationships[19: com.dotcms.contenttype.test.ContentResourceTest$TestCase@42651e99]" classname="com.dotcms.contenttype.test.ContentResourceTest" time="3.362"/>
  <testcase name="test_getContent_shouldReturnRelationships[20: com.dotcms.contenttype.test.ContentResourceTest$TestCase@64c59910]" classname="com.dotcms.contenttype.test.ContentResourceTest" time="3.745"/>
  <testcase name="test_getContent_shouldReturnRelationships[21: com.dotcms.contenttype.test.ContentResourceTest$TestCase@8d4a578]" classname="com.dotcms.contenttype.test.ContentResourceTest" time="3.773"/>
  <testcase name="test_getContent_shouldReturnRelationships[22: com.dotcms.contenttype.test.ContentResourceTest$TestCase@4a2b38d4]" classname="com.dotcms.contenttype.test.ContentResourceTest" time="3.414"/>
  <testcase name="test_getContent_shouldReturnRelationships[23: com.dotcms.contenttype.test.ContentResourceTest$TestCase@205076de]" classname="com.dotcms.contenttype.test.ContentResourceTest" time="3.551"/>
  <testcase name="test_getContent_shouldReturnRelationships[24: com.dotcms.contenttype.test.ContentResourceTest$TestCase@689576dd]" classname="com.dotcms.contenttype.test.ContentResourceTest" time="3.334"/>
  <testcase name="test_getContent_shouldReturnRelationships[25: com.dotcms.contenttype.test.ContentResourceTest$TestCase@45c7e1d2]" classname="com.dotcms.contenttype.test.ContentResourceTest" time="3.723"/>
  <testcase name="test_getContent_shouldReturnRelationships[26: com.dotcms.contenttype.test.ContentResourceTest$TestCase@56398c26]" classname="com.dotcms.contenttype.test.ContentResourceTest" time="3.479"/>
  <testcase name="test_getContent_shouldReturnRelationships[27: com.dotcms.contenttype.test.ContentResourceTest$TestCase@75fcf6b9]" classname="com.dotcms.contenttype.test.ContentResourceTest" time="2.319"/>
  <testcase name="test_getContent_shouldReturnRelationships[28: com.dotcms.contenttype.test.ContentResourceTest$TestCase@361c5545]" classname="com.dotcms.contenttype.test.ContentResourceTest" time="3.248"/>
  <testcase name="test_getContent_shouldReturnRelationships[29: com.dotcms.contenttype.test.ContentResourceTest$TestCase@4c2feb25]" classname="com.dotcms.contenttype.test.ContentResourceTest" time="3.365"/>
  <testcase name="test_getContent_shouldReturnRelationships[30: com.dotcms.contenttype.test.ContentResourceTest$TestCase@566d163a]" classname="com.dotcms.contenttype.test.ContentResourceTest" time="3.22"/>
  <testcase name="test_getContent_shouldReturnRelationships[31: com.dotcms.contenttype.test.ContentResourceTest$TestCase@44367b70]" classname="com.dotcms.contenttype.test.ContentResourceTest" time="3.354"/>
  <testcase name="test_getContent_shouldReturnRelationships[32: com.dotcms.contenttype.test.ContentResourceTest$TestCase@1054a8ce]" classname="com.dotcms.contenttype.test.ContentResourceTest" time="4.565"/>
  <testcase name="test_getContent_shouldReturnRelationships[33: com.dotcms.contenttype.test.ContentResourceTest$TestCase@23911f22]" classname="com.dotcms.contenttype.test.ContentResourceTest" time="4.351"/>
  <testcase name="testSinglePOST_InvalidParamsShouldReturn400[0: ({\n    &quot;stInode&quot; : &quot;InvalidValue&quot;,\n    &quot;numeric&quot; : &quot;0&quot;,\n    &quot;image&quot; : &quot;whatever&quot;\n}, Bad Request)]" classname="com.dotcms.contenttype.test.ContentResourceTest" time="0.999"/>
  <testcase name="testSinglePOST_InvalidParamsShouldReturn400[1: ({\n    &quot;numeric&quot; : &quot;0&quot;,\n    &quot;image&quot; : &quot;whatever&quot;\n}, Bad Request)]" classname="com.dotcms.contenttype.test.ContentResourceTest" time="0.938"/>
  <testcase name="Test_Save_Action_Set_Null_To_Required_NumericField_Issue_15340" classname="com.dotcms.contenttype.test.ContentResourceTest" time="1.009"/>
  <testcase name="Test_Save_Action_Remove_Image_Then_Verify_Fields_Were_Cleared_Issue_15340" classname="com.dotcms.contenttype.test.ContentResourceTest" time="4.101"/>
  <testcase name="test_getContentWithMultipleSelfRelated_shouldReturnRelationships[0: com.dotcms.contenttype.test.ContentResourceTest$PullSelfRelatedTestCase@6a690499]" classname="com.dotcms.contenttype.test.ContentResourceTest" time="1.981"/>
  <testcase name="test_getContentWithMultipleSelfRelated_shouldReturnRelationships[1: com.dotcms.contenttype.test.ContentResourceTest$PullSelfRelatedTestCase@5fcec3c2]" classname="com.dotcms.contenttype.test.ContentResourceTest" time="1.941"/>
  <testcase name="testGetContentWithAllCategoriesInfo[0: json]" classname="com.dotcms.contenttype.test.ContentResourceTest" time="2.699"/>
  <testcase name="testGetContentWithAllCategoriesInfo[1: xml]" classname="com.dotcms.contenttype.test.ContentResourceTest" time="2.848"/>
  <system-out><![CDATA[











]]></system-out>
  <system-err><![CDATA[]]></system-err>
</testsuite>
