<?xml version="1.0" encoding="UTF-8"?>
<testsuite name="com.dotcms.experiments.business.ExperimentAPIImpIntegrationTest" tests="43" skipped="0" failures="0" errors="0" timestamp="2023-07-11T17:01:31" hostname="fv-az1032-278" time="74.981">
  <properties/>
  <testcase name="pageReachDirectRefererMultiDays" classname="com.dotcms.experiments.business.ExperimentAPIImpIntegrationTest" time="2.212"/>
  <testcase name="test_calcBayesian_BOverA_BounceRate" classname="com.dotcms.experiments.business.ExperimentAPIImpIntegrationTest" time="2.159"/>
  <testcase name="pageReachAfterExperimentPageButNotDirectReferer" classname="com.dotcms.experiments.business.ExperimentAPIImpIntegrationTest" time="1.311"/>
  <testcase name="noBounceRateWithIndex[0: /index]" classname="com.dotcms.experiments.business.ExperimentAPIImpIntegrationTest" time="0.994"/>
  <testcase name="noBounceRateWithIndex[1: /INDEX]" classname="com.dotcms.experiments.business.ExperimentAPIImpIntegrationTest" time="1.851"/>
  <testcase name="noBounceRateWithIndex[2: /IndEX]" classname="com.dotcms.experiments.business.ExperimentAPIImpIntegrationTest" time="2.118"/>
  <testcase name="noBounceRateWithIndex[3: &lt;empty string&gt;]" classname="com.dotcms.experiments.business.ExperimentAPIImpIntegrationTest" time="1.075"/>
  <testcase name="noBounceRateWithIndex[4: /]" classname="com.dotcms.experiments.business.ExperimentAPIImpIntegrationTest" time="1.969"/>
  <testcase name="noBounceRateWithIndex[5: /?variantName=dotexperiment-fcaef4575a-variant-1&amp;redirect=true]" classname="com.dotcms.experiments.business.ExperimentAPIImpIntegrationTest" time="1.108"/>
  <testcase name="multiDaysEvent" classname="com.dotcms.experiments.business.ExperimentAPIImpIntegrationTest" time="1.019"/>
  <testcase name="pageReachNotDirectReferer" classname="com.dotcms.experiments.business.ExperimentAPIImpIntegrationTest" time="1.055"/>
  <testcase name="resultWithPagination" classname="com.dotcms.experiments.business.ExperimentAPIImpIntegrationTest" time="1.452"/>
  <testcase name="test_calcBayesian_ABC" classname="com.dotcms.experiments.business.ExperimentAPIImpIntegrationTest" time="2.43"/>
  <testcase name="bounceRate" classname="com.dotcms.experiments.business.ExperimentAPIImpIntegrationTest" time="0.895"/>
  <testcase name="tryToGetResultFromExperimentNotSaved" classname="com.dotcms.experiments.business.ExperimentAPIImpIntegrationTest" time="1.552"/>
  <testcase name="testSaveExperiment_shouldNotValidateSchedule" classname="com.dotcms.experiments.business.ExperimentAPIImpIntegrationTest" time="1.457"/>
  <testcase name="testADeleteOriginalVariant_shouldFail" classname="com.dotcms.experiments.business.ExperimentAPIImpIntegrationTest" time="1.532"/>
  <testcase name="testAddMoreThanOneOriginalVariant_shouldFail" classname="com.dotcms.experiments.business.ExperimentAPIImpIntegrationTest" time="2.018"/>
  <testcase name="pageNotReachButExperimentPageWasView" classname="com.dotcms.experiments.business.ExperimentAPIImpIntegrationTest" time="1.986"/>
  <testcase name="addUrlConditionToReachPageGoal" classname="com.dotcms.experiments.business.ExperimentAPIImpIntegrationTest" time="2.334"/>
  <testcase name="resultWithPaginationWhenTheLastPageIsNotComplte" classname="com.dotcms.experiments.business.ExperimentAPIImpIntegrationTest" time="2.565"/>
  <testcase name="pageReachDirectReferer" classname="com.dotcms.experiments.business.ExperimentAPIImpIntegrationTest" time="1.918"/>
  <testcase name="notBounceRateSession" classname="com.dotcms.experiments.business.ExperimentAPIImpIntegrationTest" time="0.862"/>
  <testcase name="test_calcBayesian_AOverB_ended" classname="com.dotcms.experiments.business.ExperimentAPIImpIntegrationTest" time="1.154"/>
  <testcase name="testStartExperiment_shouldPublishContent" classname="com.dotcms.experiments.business.ExperimentAPIImpIntegrationTest" time="3.14"/>
  <testcase name="resultWithUrlMap" classname="com.dotcms.experiments.business.ExperimentAPIImpIntegrationTest" time="1.248"/>
  <testcase name="getEvents" classname="com.dotcms.experiments.business.ExperimentAPIImpIntegrationTest" time="2.853"/>
  <testcase name="tryToGetResultFromExperimentNotStarted" classname="com.dotcms.experiments.business.ExperimentAPIImpIntegrationTest" time="1.346"/>
  <testcase name="getSplitTrafficInsideExperimentResults" classname="com.dotcms.experiments.business.ExperimentAPIImpIntegrationTest" time="2.356"/>
  <testcase name="addUrlConditionToBounceRateCondition" classname="com.dotcms.experiments.business.ExperimentAPIImpIntegrationTest" time="1.815"/>
  <testcase name="pageReachButExperimentPageWasNotView" classname="com.dotcms.experiments.business.ExperimentAPIImpIntegrationTest" time="2.579"/>
  <testcase name="renderUrlMapPageWithExperiment" classname="com.dotcms.experiments.business.ExperimentAPIImpIntegrationTest" time="2.764"/>
  <testcase name="test_calcBayesian_AOverB" classname="com.dotcms.experiments.business.ExperimentAPIImpIntegrationTest" time="1.244"/>
  <testcase name="test_calcBayesian_BOverA" classname="com.dotcms.experiments.business.ExperimentAPIImpIntegrationTest" time="0.894"/>
  <testcase name="test_getResults_missingAnalyticsApp" classname="com.dotcms.experiments.business.ExperimentAPIImpIntegrationTest" time="1.713"/>
  <testcase name="notBounceRate" classname="com.dotcms.experiments.business.ExperimentAPIImpIntegrationTest" time="1.248"/>
  <testcase name="bounceRateWithIndex[0: /index]" classname="com.dotcms.experiments.business.ExperimentAPIImpIntegrationTest" time="1.234"/>
  <testcase name="bounceRateWithIndex[1: /INDEX]" classname="com.dotcms.experiments.business.ExperimentAPIImpIntegrationTest" time="0.994"/>
  <testcase name="bounceRateWithIndex[2: /IndEX]" classname="com.dotcms.experiments.business.ExperimentAPIImpIntegrationTest" time="0.847"/>
  <testcase name="bounceRateWithIndex[3: &lt;empty string&gt;]" classname="com.dotcms.experiments.business.ExperimentAPIImpIntegrationTest" time="1.045"/>
  <testcase name="bounceRateWithIndex[4: /]" classname="com.dotcms.experiments.business.ExperimentAPIImpIntegrationTest" time="1.12"/>
  <testcase name="bounceRateWithIndex[5: /?variantName=dotexperiment-fcaef4575a-variant-1&amp;redirect=true]" classname="com.dotcms.experiments.business.ExperimentAPIImpIntegrationTest" time="1.95"/>
  <testcase name="getRunningExperiment" classname="com.dotcms.experiments.business.ExperimentAPIImpIntegrationTest" time="5.547"/>
  <system-out><![CDATA[]]></system-out>
  <system-err><![CDATA[]]></system-err>
</testsuite>
