<?xml version="1.0" encoding="UTF-8"?>
<testsuite name="com.dotcms.keyvalue.busines.KeyValueAPIImplTest" tests="3" skipped="0" failures="0" errors="0" timestamp="2023-07-13T20:58:48" hostname="fv-az717-983" time="2.748">
  <properties/>
  <testcase name="shouldReturnWorkingVersion" classname="com.dotcms.keyvalue.busines.KeyValueAPIImplTest" time="2.5"/>
  <testcase name="shouldReturnNull" classname="com.dotcms.keyvalue.busines.KeyValueAPIImplTest" time="0.004"/>
  <testcase name="shouldReturnLiveVersion" classname="com.dotcms.keyvalue.busines.KeyValueAPIImplTest" time="0.244"/>
  <system-out><![CDATA[]]></system-out>
  <system-err><![CDATA[]]></system-err>
</testsuite>
