<?xml version="1.0" encoding="UTF-8"?>
<testsuite name="com.dotmarketing.business.DeterministicIdentifierAPITest" tests="16" skipped="0" failures="0" errors="0" timestamp="2023-06-28T04:30:45" hostname="fv-az256-253" time="1.565">
  <properties/>
  <testcase name="Test_Category_Path_Seed_And_Id" classname="com.dotmarketing.business.DeterministicIdentifierAPITest" time="0.036"/>
  <testcase name="Test_Language_Deterministic_Id[0: LanguageTestCase{expectedSeed='Language:es:US', expectedHash=4913155, langCode='es', countryCode='US', country='United States'}]" classname="com.dotmarketing.business.DeterministicIdentifierAPITest" time="0.001"/>
  <testcase name="Test_Language_Deterministic_Id[1: LanguageTestCase{expectedSeed='Language:ep:', expectedHash=5292269, langCode='ep', countryCode='', country=''}]" classname="com.dotmarketing.business.DeterministicIdentifierAPITest" time="0.002"/>
  <testcase name="Test_Language_Deterministic_Id[2: LanguageTestCase{expectedSeed='Language:sg:SAG', expectedHash=4713118, langCode='sg', countryCode='SAG', country=''}]" classname="com.dotmarketing.business.DeterministicIdentifierAPITest" time="0.001"/>
  <testcase name="Test_Language_Deterministic_Id[3: LanguageTestCase{expectedSeed='Language:en:NZ', expectedHash=5382528, langCode='en', countryCode='NZ', country='New Zealand'}]" classname="com.dotmarketing.business.DeterministicIdentifierAPITest" time="0.001"/>
  <testcase name="Test_Category_None_Persisted_Category_Should_Return_Deterministic_Id" classname="com.dotmarketing.business.DeterministicIdentifierAPITest" time="0.002"/>
  <testcase name="Test_Asset_Generate_Deterministic_Id_Best_Effort[0: TestCase{versionable=my.host1687926197751.com, parent=System Host, expectedName='my.host1687926197751.com', expectedType='Host'}]" classname="com.dotmarketing.business.DeterministicIdentifierAPITest" time="0.006"/>
  <testcase name="Test_Asset_Generate_Deterministic_Id_Best_Effort[1: TestCase{versionable=com.dotmarketing.portlets.contentlet.model.Contentlet@7a790dec[map={modDate=2023-06-28 04:23:18.133, fileName=file8602375159290585804.txt, title=file8602375159290585804.txt, inode=80eb36db-28b7-4316-ba54-15fa18323cc8, __IS_NEW_CONTENT__=true, disabledWYSIWYG=[], host=31cc957f-4230-438b-ab32-4a74d7848665, stInode=33888b6f-7a8e-4069-b1b6-5c1aa9d0a48d, owner=system, identifier=e06f2433-345d-4917-9531-d22a4454529a, nullProperties=[wfExpireDate, wfPublishDate, wfActionAssign, wfActionId, wfActionComments, filterKey, whereToSend, wfNeverExpire, _path_to_move, timezoneId, iWantTo, wfPublishTime, wfExpireTime], languageId=1, fileAsset=/home/runner/work/core/custom/assets/8/0/80eb36db-28b7-4316-ba54-15fa18323cc8/fileAsset/file8602375159290585804.txt, folder=66616b21-88e2-4750-9c7e-5bd473ea042d, __disable_workflow__=true, sortOrder=0, modUser=system},lowIndexPriority=false,variantId=DEFAULT], parent=com.dotmarketing.portlets.folders.model.Folder@2f2989b1[identifier=66616b21-88e2-4750-9c7e-5bd473ea042d,name=testName1687926198120,sortOrder=0,showOnMenu=false,hostId=31cc957f-4230-438b-ab32-4a74d7848665,type=folder,title=testTitle1687926198120,filesMasks=,defaultFileType=33888b6f-7a8e-4069-b1b6-5c1aa9d0a48d,modDate=2023-06-28 04:23:18.125,owner=&lt;null&gt;,iDate=2023-06-28 04:23:18.125,inode=66616b21-88e2-4750-9c7e-5bd473ea042d,path=/testName1687926198120/], expectedName='file8602375159290585804.txt', expectedType='FileAsset'}]" classname="com.dotmarketing.business.DeterministicIdentifierAPITest" time="0.005"/>
  <testcase name="Test_Asset_Generate_Deterministic_Id_Best_Effort[2: TestCase{versionable=com.dotmarketing.portlets.templates.model.Template@915d97bc, parent=my.host1687926197751.com, expectedName='testTitle1687926198285', expectedType='Template'}]" classname="com.dotmarketing.business.DeterministicIdentifierAPITest" time="0.004"/>
  <testcase name="Test_Asset_Generate_Deterministic_Id_Best_Effort[3: TestCase{versionable=com.dotmarketing.portlets.htmlpageasset.model.HTMLPageAsset@2eb7981a[map={template=c13e6b35-13e0-4a8d-ba94-efb252a2c33b, owner=system, identifier=10fbfaa0-09be-4be3-a34f-6bd53db598c8, nullProperties=[wfExpireDate, wfPublishDate, wfActionAssign, wfActionId, wfActionComments, filterKey, whereToSend, wfNeverExpire, _path_to_move, timezoneId, iWantTo, wfPublishTime, wfExpireTime], modDate=2023-06-28 04:23:18.312, cachettl=0, _is_test_mode=true, languageId=1, title=test-page-title-1687926198306, httpsreq=, url=test-page-url-1687926198306, showOnMenu=, inode=0e63222d-e8fe-47ca-b9d5-adc77e1ec632, folder=66616b21-88e2-4750-9c7e-5bd473ea042d, disabledWYSIWYG=[], sortOrder=1, modUser=system, host=31cc957f-4230-438b-ab32-4a74d7848665, stInode=c541abb1-69b3-4bc5-8430-5e09e5239cc8, friendlyName=test-page-friendly-name-1687926198306},lowIndexPriority=false,variantId=DEFAULT], parent=com.dotmarketing.portlets.folders.model.Folder@2f2989b1[identifier=66616b21-88e2-4750-9c7e-5bd473ea042d,name=testName1687926198120,sortOrder=0,showOnMenu=false,hostId=31cc957f-4230-438b-ab32-4a74d7848665,type=folder,title=testTitle1687926198120,filesMasks=,defaultFileType=33888b6f-7a8e-4069-b1b6-5c1aa9d0a48d,modDate=2023-06-28 04:23:18.125,owner=&lt;null&gt;,iDate=2023-06-28 04:23:18.125,inode=66616b21-88e2-4750-9c7e-5bd473ea042d,path=/testName1687926198120/], expectedName='test-page-url-1687926198306', expectedType='htmlpageasset'}]" classname="com.dotmarketing.business.DeterministicIdentifierAPITest" time="0.005"/>
  <testcase name="Test_Asset_Generate_Deterministic_Id_Best_Effort[4: TestCase{versionable=com.dotmarketing.portlets.contentlet.model.Contentlet@57359271[map={fileAsset2=/home/runner/work/core/custom/assets/1/6/1621f299-0e95-4cfa-934e-4b6228911712/fileAsset2/test_binary1687926200165.png, modDate=2023-06-28 04:23:20.174, fileAsset1=/home/runner/work/core/custom/assets/1/6/1621f299-0e95-4cfa-934e-4b6228911712/fileAsset1/test_binary1687926200165.jpg, title=blah, inode=1621f299-0e95-4cfa-934e-4b6228911712, __IS_NEW_CONTENT__=true, disabledWYSIWYG=[], host=48190c8c-42c4-46af-8d1a-0cd5db894797, stInode=b9d6a268-4278-483f-a0dc-46241c909d53, owner=system, identifier=7a934b89-ef63-483d-8dcb-02a98c6e877d, nullProperties=[], languageId=1, image1=562b5b2a-c7ce-4827-9842-2487211f3726, folder=SYSTEM_FOLDER, __disable_workflow__=true, sortOrder=0, modUser=system},lowIndexPriority=false,variantId=DEFAULT], parent=demo.dotcms.com, expectedName='test_binary1687926200165.jpg:test_binary1687926200165.png', expectedType='MultipleBinaries1687926198660'}]" classname="com.dotmarketing.business.DeterministicIdentifierAPITest" time="0.005"/>
  <testcase name="Test_Asset_Generate_Deterministic_Id_Best_Effort[5: TestCase{versionable=namee77969812f : keyTage77969812f, parent=my.host1687926197751.com, expectedName='keyTage77969812f', expectedType='persona'}]" classname="com.dotmarketing.business.DeterministicIdentifierAPITest" time="0.005"/>
  <testcase name="Test_Similar_Content_Type_Wont_Clash" classname="com.dotmarketing.business.DeterministicIdentifierAPITest" time="0.623"/>
  <testcase name="Test_Generate_Folder_Identifier" classname="com.dotmarketing.business.DeterministicIdentifierAPITest" time="0.844"/>
  <testcase name="Test_Generate_Content_Type_Identifier[0: ContentTypeTestCase{contentType=KeyValueContentType{name=Language Variable, id=f4d7c1b8-2c88-4071-abf1-a5328977b07d, description=Default Content Type for Language Variables, defaultType=false, fixed=true, iDate=Thu Aug 31 16:38:49 UTC 2017, system=true, versionable=true, variable=Languagevariable, modDate=Wed Jun 28 03:06:35 UTC 2023, host=SYSTEM_HOST, siteName=systemHost, icon=language, sortOrder=0, folder=SYSTEM_FOLDER, folderPath=/, markedForDeletion=true, multilingualable=false}, expectedName='Languagevariable', expectedType='KeyValue'}]" classname="com.dotmarketing.business.DeterministicIdentifierAPITest" time="0.011"/>
  <testcase name="Test_Generate_Content_Type_Identifier[1: ContentTypeTestCase{contentType=SimpleContentType{name=testName1687926200906, id=227f9448-2bb1-4557-b481-0fcd014edb82, description=testDescription1687926200906, defaultType=false, fixed=false, iDate=Wed Jun 28 04:23:20 UTC 2023, system=false, versionable=true, multilingualable=false, variable=testVarname1687926200906, owner=system, modDate=Wed Jun 28 04:23:22 UTC 2023, host=48190c8c-42c4-46af-8d1a-0cd5db894797, siteName=demo.dotcms.com, icon=event_note, sortOrder=0, folder=SYSTEM_FOLDER, folderPath=/, requiredFields=[], markedForDeletion=false}, expectedName='testVarname1687926200906', expectedType='CONTENT'}]" classname="com.dotmarketing.business.DeterministicIdentifierAPITest" time="0.009"/>
  <system-out><![CDATA[]]></system-out>
  <system-err><![CDATA[]]></system-err>
</testsuite>
