<?xml version="1.0" encoding="UTF-8"?>
<testsuite name="com.dotcms.rendering.velocity.viewtools.content.util.ContentUtilsTest" tests="89" skipped="0" failures="0" errors="0" timestamp="2023-06-29T16:51:56" hostname="fv-az615-773" time="403.016">
  <properties/>
  <testcase name="whenTheTimeMachineDateIsNullAndPublishDateInFutureShouldNotReturnAnything" classname="com.dotcms.rendering.velocity.viewtools.content.util.ContentUtilsTest" time="3.198"/>
  <testcase name="test_find_multilingual_contentlet_getContentletSuccessfully" classname="com.dotcms.rendering.velocity.viewtools.content.util.ContentUtilsTest" time="1.881"/>
  <testcase name="whenTheTimeMachineDateAndPublishDateAreTomorrowShouldReturnOneContent" classname="com.dotcms.rendering.velocity.viewtools.content.util.ContentUtilsTest" time="3.227"/>
  <testcase name="testPullRelated[0: com.dotcms.rendering.velocity.viewtools.content.util.ContentUtilsTest$TestCase@c8cbaa]" classname="com.dotcms.rendering.velocity.viewtools.content.util.ContentUtilsTest" time="3.423"/>
  <testcase name="testPullRelated[1: com.dotcms.rendering.velocity.viewtools.content.util.ContentUtilsTest$TestCase@6d46c1fd]" classname="com.dotcms.rendering.velocity.viewtools.content.util.ContentUtilsTest" time="4.042"/>
  <testcase name="testPullRelated[2: com.dotcms.rendering.velocity.viewtools.content.util.ContentUtilsTest$TestCase@38cfeb4a]" classname="com.dotcms.rendering.velocity.viewtools.content.util.ContentUtilsTest" time="4.21"/>
  <testcase name="testPullRelated[3: com.dotcms.rendering.velocity.viewtools.content.util.ContentUtilsTest$TestCase@335d4a9b]" classname="com.dotcms.rendering.velocity.viewtools.content.util.ContentUtilsTest" time="3.216"/>
  <testcase name="testPullRelated[4: com.dotcms.rendering.velocity.viewtools.content.util.ContentUtilsTest$TestCase@750e52c1]" classname="com.dotcms.rendering.velocity.viewtools.content.util.ContentUtilsTest" time="3.814"/>
  <testcase name="testPullRelated[5: com.dotcms.rendering.velocity.viewtools.content.util.ContentUtilsTest$TestCase@2e9c3cb4]" classname="com.dotcms.rendering.velocity.viewtools.content.util.ContentUtilsTest" time="3.984"/>
  <testcase name="testPullRelated[6: com.dotcms.rendering.velocity.viewtools.content.util.ContentUtilsTest$TestCase@69ce0796]" classname="com.dotcms.rendering.velocity.viewtools.content.util.ContentUtilsTest" time="3.263"/>
  <testcase name="testPullRelated[7: com.dotcms.rendering.velocity.viewtools.content.util.ContentUtilsTest$TestCase@309e91a6]" classname="com.dotcms.rendering.velocity.viewtools.content.util.ContentUtilsTest" time="4.523"/>
  <testcase name="testPullRelated[8: com.dotcms.rendering.velocity.viewtools.content.util.ContentUtilsTest$TestCase@3701552e]" classname="com.dotcms.rendering.velocity.viewtools.content.util.ContentUtilsTest" time="2.585"/>
  <testcase name="testPullRelated[9: com.dotcms.rendering.velocity.viewtools.content.util.ContentUtilsTest$TestCase@7837b6e6]" classname="com.dotcms.rendering.velocity.viewtools.content.util.ContentUtilsTest" time="3.069"/>
  <testcase name="testPullRelated[10: com.dotcms.rendering.velocity.viewtools.content.util.ContentUtilsTest$TestCase@61dcfcc1]" classname="com.dotcms.rendering.velocity.viewtools.content.util.ContentUtilsTest" time="4.269"/>
  <testcase name="testPullRelated[11: com.dotcms.rendering.velocity.viewtools.content.util.ContentUtilsTest$TestCase@250b42fd]" classname="com.dotcms.rendering.velocity.viewtools.content.util.ContentUtilsTest" time="3.843"/>
  <testcase name="testPullRelated[12: com.dotcms.rendering.velocity.viewtools.content.util.ContentUtilsTest$TestCase@189edb57]" classname="com.dotcms.rendering.velocity.viewtools.content.util.ContentUtilsTest" time="3.058"/>
  <testcase name="testPullRelated[13: com.dotcms.rendering.velocity.viewtools.content.util.ContentUtilsTest$TestCase@5ddbce24]" classname="com.dotcms.rendering.velocity.viewtools.content.util.ContentUtilsTest" time="3.749"/>
  <testcase name="testPullRelated[14: com.dotcms.rendering.velocity.viewtools.content.util.ContentUtilsTest$TestCase@5b670baa]" classname="com.dotcms.rendering.velocity.viewtools.content.util.ContentUtilsTest" time="4.326"/>
  <testcase name="testPullRelated[15: com.dotcms.rendering.velocity.viewtools.content.util.ContentUtilsTest$TestCase@2484a691]" classname="com.dotcms.rendering.velocity.viewtools.content.util.ContentUtilsTest" time="3.899"/>
  <testcase name="testPullRelated[16: com.dotcms.rendering.velocity.viewtools.content.util.ContentUtilsTest$TestCase@4aae8535]" classname="com.dotcms.rendering.velocity.viewtools.content.util.ContentUtilsTest" time="4.171"/>
  <testcase name="testPullRelated[17: com.dotcms.rendering.velocity.viewtools.content.util.ContentUtilsTest$TestCase@4987c8aa]" classname="com.dotcms.rendering.velocity.viewtools.content.util.ContentUtilsTest" time="3.894"/>
  <testcase name="testPullRelated[18: com.dotcms.rendering.velocity.viewtools.content.util.ContentUtilsTest$TestCase@2a5eb06b]" classname="com.dotcms.rendering.velocity.viewtools.content.util.ContentUtilsTest" time="4.09"/>
  <testcase name="testPullRelated[19: com.dotcms.rendering.velocity.viewtools.content.util.ContentUtilsTest$TestCase@2bef2b9f]" classname="com.dotcms.rendering.velocity.viewtools.content.util.ContentUtilsTest" time="4.184"/>
  <testcase name="testPullRelated[20: com.dotcms.rendering.velocity.viewtools.content.util.ContentUtilsTest$TestCase@155684fa]" classname="com.dotcms.rendering.velocity.viewtools.content.util.ContentUtilsTest" time="3.913"/>
  <testcase name="testPullRelated[21: com.dotcms.rendering.velocity.viewtools.content.util.ContentUtilsTest$TestCase@6263dc62]" classname="com.dotcms.rendering.velocity.viewtools.content.util.ContentUtilsTest" time="3.986"/>
  <testcase name="testPullRelated[22: com.dotcms.rendering.velocity.viewtools.content.util.ContentUtilsTest$TestCase@3d61f5ad]" classname="com.dotcms.rendering.velocity.viewtools.content.util.ContentUtilsTest" time="3.275"/>
  <testcase name="testPullRelated[23: com.dotcms.rendering.velocity.viewtools.content.util.ContentUtilsTest$TestCase@6f80924d]" classname="com.dotcms.rendering.velocity.viewtools.content.util.ContentUtilsTest" time="3.966"/>
  <testcase name="testPullRelated[24: com.dotcms.rendering.velocity.viewtools.content.util.ContentUtilsTest$TestCase@4e50ba13]" classname="com.dotcms.rendering.velocity.viewtools.content.util.ContentUtilsTest" time="3.917"/>
  <testcase name="testPullRelated[25: com.dotcms.rendering.velocity.viewtools.content.util.ContentUtilsTest$TestCase@322cef77]" classname="com.dotcms.rendering.velocity.viewtools.content.util.ContentUtilsTest" time="4.242"/>
  <testcase name="testPullRelated[26: com.dotcms.rendering.velocity.viewtools.content.util.ContentUtilsTest$TestCase@d2b802]" classname="com.dotcms.rendering.velocity.viewtools.content.util.ContentUtilsTest" time="3.951"/>
  <testcase name="testPullRelated[27: com.dotcms.rendering.velocity.viewtools.content.util.ContentUtilsTest$TestCase@6bab50af]" classname="com.dotcms.rendering.velocity.viewtools.content.util.ContentUtilsTest" time="4.18"/>
  <testcase name="testPullRelated[28: com.dotcms.rendering.velocity.viewtools.content.util.ContentUtilsTest$TestCase@2060ffeb]" classname="com.dotcms.rendering.velocity.viewtools.content.util.ContentUtilsTest" time="4.027"/>
  <testcase name="testPullRelated[29: com.dotcms.rendering.velocity.viewtools.content.util.ContentUtilsTest$TestCase@7562fbc7]" classname="com.dotcms.rendering.velocity.viewtools.content.util.ContentUtilsTest" time="3.856"/>
  <testcase name="testPullRelated[30: com.dotcms.rendering.velocity.viewtools.content.util.ContentUtilsTest$TestCase@60e54fc1]" classname="com.dotcms.rendering.velocity.viewtools.content.util.ContentUtilsTest" time="4.231"/>
  <testcase name="testPullRelated[31: com.dotcms.rendering.velocity.viewtools.content.util.ContentUtilsTest$TestCase@51fa555a]" classname="com.dotcms.rendering.velocity.viewtools.content.util.ContentUtilsTest" time="3.888"/>
  <testcase name="testPullRelated[32: com.dotcms.rendering.velocity.viewtools.content.util.ContentUtilsTest$TestCase@76427729]" classname="com.dotcms.rendering.velocity.viewtools.content.util.ContentUtilsTest" time="3.257"/>
  <testcase name="testPullRelated[33: com.dotcms.rendering.velocity.viewtools.content.util.ContentUtilsTest$TestCase@149c16e5]" classname="com.dotcms.rendering.velocity.viewtools.content.util.ContentUtilsTest" time="3.885"/>
  <testcase name="testPullRelated[34: com.dotcms.rendering.velocity.viewtools.content.util.ContentUtilsTest$TestCase@5ecdd8f0]" classname="com.dotcms.rendering.velocity.viewtools.content.util.ContentUtilsTest" time="4.181"/>
  <testcase name="testPullRelated[35: com.dotcms.rendering.velocity.viewtools.content.util.ContentUtilsTest$TestCase@5d9e06f6]" classname="com.dotcms.rendering.velocity.viewtools.content.util.ContentUtilsTest" time="3.924"/>
  <testcase name="testPullRelated[36: com.dotcms.rendering.velocity.viewtools.content.util.ContentUtilsTest$TestCase@3880c953]" classname="com.dotcms.rendering.velocity.viewtools.content.util.ContentUtilsTest" time="5.213"/>
  <testcase name="testPullRelated[37: com.dotcms.rendering.velocity.viewtools.content.util.ContentUtilsTest$TestCase@4cdfcb98]" classname="com.dotcms.rendering.velocity.viewtools.content.util.ContentUtilsTest" time="5.107"/>
  <testcase name="testPullRelated[38: com.dotcms.rendering.velocity.viewtools.content.util.ContentUtilsTest$TestCase@7ce580ab]" classname="com.dotcms.rendering.velocity.viewtools.content.util.ContentUtilsTest" time="5.111"/>
  <testcase name="testPullRelated[39: com.dotcms.rendering.velocity.viewtools.content.util.ContentUtilsTest$TestCase@51e18077]" classname="com.dotcms.rendering.velocity.viewtools.content.util.ContentUtilsTest" time="6.254"/>
  <testcase name="testPullRelated[40: com.dotcms.rendering.velocity.viewtools.content.util.ContentUtilsTest$TestCase@6f951149]" classname="com.dotcms.rendering.velocity.viewtools.content.util.ContentUtilsTest" time="6.066"/>
  <testcase name="testPullRelated[41: com.dotcms.rendering.velocity.viewtools.content.util.ContentUtilsTest$TestCase@5d248428]" classname="com.dotcms.rendering.velocity.viewtools.content.util.ContentUtilsTest" time="4.867"/>
  <testcase name="testPullRelated[42: com.dotcms.rendering.velocity.viewtools.content.util.ContentUtilsTest$TestCase@d14a7ff]" classname="com.dotcms.rendering.velocity.viewtools.content.util.ContentUtilsTest" time="6.401"/>
  <testcase name="testPullRelated[43: com.dotcms.rendering.velocity.viewtools.content.util.ContentUtilsTest$TestCase@50ab7c12]" classname="com.dotcms.rendering.velocity.viewtools.content.util.ContentUtilsTest" time="5.942"/>
  <testcase name="testPullRelated[44: com.dotcms.rendering.velocity.viewtools.content.util.ContentUtilsTest$TestCase@17f33017]" classname="com.dotcms.rendering.velocity.viewtools.content.util.ContentUtilsTest" time="6.094"/>
  <testcase name="testPullRelated[45: com.dotcms.rendering.velocity.viewtools.content.util.ContentUtilsTest$TestCase@6e0ff305]" classname="com.dotcms.rendering.velocity.viewtools.content.util.ContentUtilsTest" time="6.01"/>
  <testcase name="testPullRelated[46: com.dotcms.rendering.velocity.viewtools.content.util.ContentUtilsTest$TestCase@468c9a64]" classname="com.dotcms.rendering.velocity.viewtools.content.util.ContentUtilsTest" time="6.271"/>
  <testcase name="testPullRelated[47: com.dotcms.rendering.velocity.viewtools.content.util.ContentUtilsTest$TestCase@4dcc354b]" classname="com.dotcms.rendering.velocity.viewtools.content.util.ContentUtilsTest" time="5.911"/>
  <testcase name="testPullRelated[48: com.dotcms.rendering.velocity.viewtools.content.util.ContentUtilsTest$TestCase@4331c76d]" classname="com.dotcms.rendering.velocity.viewtools.content.util.ContentUtilsTest" time="6.18"/>
  <testcase name="testPullRelated[49: com.dotcms.rendering.velocity.viewtools.content.util.ContentUtilsTest$TestCase@523793d5]" classname="com.dotcms.rendering.velocity.viewtools.content.util.ContentUtilsTest" time="5.882"/>
  <testcase name="testPullRelated[50: com.dotcms.rendering.velocity.viewtools.content.util.ContentUtilsTest$TestCase@704a7c4d]" classname="com.dotcms.rendering.velocity.viewtools.content.util.ContentUtilsTest" time="5.35"/>
  <testcase name="testPullRelated[51: com.dotcms.rendering.velocity.viewtools.content.util.ContentUtilsTest$TestCase@5c007962]" classname="com.dotcms.rendering.velocity.viewtools.content.util.ContentUtilsTest" time="5.982"/>
  <testcase name="testPullRelated[52: com.dotcms.rendering.velocity.viewtools.content.util.ContentUtilsTest$TestCase@1147d720]" classname="com.dotcms.rendering.velocity.viewtools.content.util.ContentUtilsTest" time="6.058"/>
  <testcase name="testPullRelated[53: com.dotcms.rendering.velocity.viewtools.content.util.ContentUtilsTest$TestCase@7f0047e6]" classname="com.dotcms.rendering.velocity.viewtools.content.util.ContentUtilsTest" time="5.925"/>
  <testcase name="testPullRelated[54: com.dotcms.rendering.velocity.viewtools.content.util.ContentUtilsTest$TestCase@5c8be45f]" classname="com.dotcms.rendering.velocity.viewtools.content.util.ContentUtilsTest" time="6.432"/>
  <testcase name="testPullRelated[55: com.dotcms.rendering.velocity.viewtools.content.util.ContentUtilsTest$TestCase@31f5dc5]" classname="com.dotcms.rendering.velocity.viewtools.content.util.ContentUtilsTest" time="6.011"/>
  <testcase name="testPullRelated[56: com.dotcms.rendering.velocity.viewtools.content.util.ContentUtilsTest$TestCase@2cce6451]" classname="com.dotcms.rendering.velocity.viewtools.content.util.ContentUtilsTest" time="5.926"/>
  <testcase name="testPullRelated[57: com.dotcms.rendering.velocity.viewtools.content.util.ContentUtilsTest$TestCase@510c3959]" classname="com.dotcms.rendering.velocity.viewtools.content.util.ContentUtilsTest" time="6.512"/>
  <testcase name="testPullRelated[58: com.dotcms.rendering.velocity.viewtools.content.util.ContentUtilsTest$TestCase@5226863b]" classname="com.dotcms.rendering.velocity.viewtools.content.util.ContentUtilsTest" time="5.975"/>
  <testcase name="testPullRelated[59: com.dotcms.rendering.velocity.viewtools.content.util.ContentUtilsTest$TestCase@2bae18cf]" classname="com.dotcms.rendering.velocity.viewtools.content.util.ContentUtilsTest" time="4.888"/>
  <testcase name="testPullRelated[60: com.dotcms.rendering.velocity.viewtools.content.util.ContentUtilsTest$TestCase@749d0d07]" classname="com.dotcms.rendering.velocity.viewtools.content.util.ContentUtilsTest" time="6.141"/>
  <testcase name="testPullRelated[61: com.dotcms.rendering.velocity.viewtools.content.util.ContentUtilsTest$TestCase@446b343c]" classname="com.dotcms.rendering.velocity.viewtools.content.util.ContentUtilsTest" time="5.914"/>
  <testcase name="testPullRelated[62: com.dotcms.rendering.velocity.viewtools.content.util.ContentUtilsTest$TestCase@229a75d4]" classname="com.dotcms.rendering.velocity.viewtools.content.util.ContentUtilsTest" time="6.208"/>
  <testcase name="testPullRelated[63: com.dotcms.rendering.velocity.viewtools.content.util.ContentUtilsTest$TestCase@79296928]" classname="com.dotcms.rendering.velocity.viewtools.content.util.ContentUtilsTest" time="6.236"/>
  <testcase name="testPullRelated[64: com.dotcms.rendering.velocity.viewtools.content.util.ContentUtilsTest$TestCase@6540a63f]" classname="com.dotcms.rendering.velocity.viewtools.content.util.ContentUtilsTest" time="6.002"/>
  <testcase name="testPullRelated[65: com.dotcms.rendering.velocity.viewtools.content.util.ContentUtilsTest$TestCase@7897a47f]" classname="com.dotcms.rendering.velocity.viewtools.content.util.ContentUtilsTest" time="5.96"/>
  <testcase name="testPullRelated[66: com.dotcms.rendering.velocity.viewtools.content.util.ContentUtilsTest$TestCase@9d25a6c]" classname="com.dotcms.rendering.velocity.viewtools.content.util.ContentUtilsTest" time="6.471"/>
  <testcase name="testPullRelated[67: com.dotcms.rendering.velocity.viewtools.content.util.ContentUtilsTest$TestCase@3b800257]" classname="com.dotcms.rendering.velocity.viewtools.content.util.ContentUtilsTest" time="5.901"/>
  <testcase name="testPullRelated[68: com.dotcms.rendering.velocity.viewtools.content.util.ContentUtilsTest$TestCase@5b113a46]" classname="com.dotcms.rendering.velocity.viewtools.content.util.ContentUtilsTest" time="6.033"/>
  <testcase name="testPullRelated[69: com.dotcms.rendering.velocity.viewtools.content.util.ContentUtilsTest$TestCase@1ee0d907]" classname="com.dotcms.rendering.velocity.viewtools.content.util.ContentUtilsTest" time="5.909"/>
  <testcase name="testPullRelated[70: com.dotcms.rendering.velocity.viewtools.content.util.ContentUtilsTest$TestCase@5fae18d]" classname="com.dotcms.rendering.velocity.viewtools.content.util.ContentUtilsTest" time="6.4"/>
  <testcase name="testPullRelated[71: com.dotcms.rendering.velocity.viewtools.content.util.ContentUtilsTest$TestCase@3ed3c9df]" classname="com.dotcms.rendering.velocity.viewtools.content.util.ContentUtilsTest" time="5.985"/>
  <testcase name="whenPublishAndExpireDatesAreInTheFutureAndTimeMachineIsAfterBoth" classname="com.dotcms.rendering.velocity.viewtools.content.util.ContentUtilsTest" time="3.259"/>
  <testcase name="testPullRelatedForLegacyRelationship[0: com.dotcms.rendering.velocity.viewtools.content.util.ContentUtilsTest$LegacyTestCase@6cc21749]" classname="com.dotcms.rendering.velocity.viewtools.content.util.ContentUtilsTest" time="4.499"/>
  <testcase name="testPullRelatedForLegacyRelationship[1: com.dotcms.rendering.velocity.viewtools.content.util.ContentUtilsTest$LegacyTestCase@74f2d337]" classname="com.dotcms.rendering.velocity.viewtools.content.util.ContentUtilsTest" time="4.061"/>
  <testcase name="whenTheTimeMachineDateIsAfterTomorrowAndExpireDateIsTomorrowShouldNotReturnContent" classname="com.dotcms.rendering.velocity.viewtools.content.util.ContentUtilsTest" time="3.328"/>
  <testcase name="testPullLiveRelatedWhenLatestVersionIsWorking" classname="com.dotcms.rendering.velocity.viewtools.content.util.ContentUtilsTest" time="4.381"/>
  <testcase name="test_add_relationships_on_parent_children_related_contents" classname="com.dotcms.rendering.velocity.viewtools.content.util.ContentUtilsTest" time="1.589"/>
  <testcase name="testSortPullRelated[0: com.dotcms.rendering.velocity.viewtools.content.util.ContentUtilsTest$SortTestCase@26d6a2ad]" classname="com.dotcms.rendering.velocity.viewtools.content.util.ContentUtilsTest" time="2.88"/>
  <testcase name="testSortPullRelated[1: com.dotcms.rendering.velocity.viewtools.content.util.ContentUtilsTest$SortTestCase@66b1a99]" classname="com.dotcms.rendering.velocity.viewtools.content.util.ContentUtilsTest" time="3.065"/>
  <testcase name="testSortPullRelated[2: com.dotcms.rendering.velocity.viewtools.content.util.ContentUtilsTest$SortTestCase@7a6f2d42]" classname="com.dotcms.rendering.velocity.viewtools.content.util.ContentUtilsTest" time="1.839"/>
  <testcase name="testSortPullRelated[3: com.dotcms.rendering.velocity.viewtools.content.util.ContentUtilsTest$SortTestCase@18e63253]" classname="com.dotcms.rendering.velocity.viewtools.content.util.ContentUtilsTest" time="1.965"/>
  <testcase name="testSortPullRelated[4: com.dotcms.rendering.velocity.viewtools.content.util.ContentUtilsTest$SortTestCase@b363828]" classname="com.dotcms.rendering.velocity.viewtools.content.util.ContentUtilsTest" time="2.862"/>
  <testcase name="testSortPullRelated[5: com.dotcms.rendering.velocity.viewtools.content.util.ContentUtilsTest$SortTestCase@55575405]" classname="com.dotcms.rendering.velocity.viewtools.content.util.ContentUtilsTest" time="2.976"/>
  <testcase name="whenTheTimeMachineDateIsAfterTomorrowAndExpireDateIsInFutureShouldReturnContent" classname="com.dotcms.rendering.velocity.viewtools.content.util.ContentUtilsTest" time="3.354"/>
  <testcase name="testPullRelatedFieldShouldRespectDefaultOrder" classname="com.dotcms.rendering.velocity.viewtools.content.util.ContentUtilsTest" time="2.831"/>
  <system-out><![CDATA[]]></system-out>
  <system-err><![CDATA[]]></system-err>
</testsuite>
