<?xml version="1.0" encoding="UTF-8"?>
<testsuite name="com.dotcms.rest.api.v1.vtl.VTLResourceIntegrationTest" tests="6" skipped="0" failures="0" errors="0" timestamp="2023-06-28T16:36:00" hostname="fv-az341-124" time="12.398">
  <properties/>
  <testcase name="testGet[0: com.dotcms.rest.api.v1.vtl.VTLResourceTestCase@5a1f8be8]" classname="com.dotcms.rest.api.v1.vtl.VTLResourceIntegrationTest" time="2.537"/>
  <testcase name="testGet[1: com.dotcms.rest.api.v1.vtl.VTLResourceTestCase@5d658d45]" classname="com.dotcms.rest.api.v1.vtl.VTLResourceIntegrationTest" time="2.044"/>
  <testcase name="testGet[2: com.dotcms.rest.api.v1.vtl.VTLResourceTestCase@18dbbad6]" classname="com.dotcms.rest.api.v1.vtl.VTLResourceIntegrationTest" time="1.788"/>
  <testcase name="testGet[3: com.dotcms.rest.api.v1.vtl.VTLResourceTestCase@6d6fe447]" classname="com.dotcms.rest.api.v1.vtl.VTLResourceIntegrationTest" time="2.139"/>
  <testcase name="testGet[4: com.dotcms.rest.api.v1.vtl.VTLResourceTestCase@4b8972c9]" classname="com.dotcms.rest.api.v1.vtl.VTLResourceIntegrationTest" time="2.021"/>
  <testcase name="testGet[5: com.dotcms.rest.api.v1.vtl.VTLResourceTestCase@3af7d158]" classname="com.dotcms.rest.api.v1.vtl.VTLResourceIntegrationTest" time="1.868"/>
  <system-out><![CDATA[]]></system-out>
  <system-err><![CDATA[]]></system-err>
</testsuite>
