<?xml version="1.0" encoding="UTF-8"?>
<testsuite name="com.dotmarketing.portlets.workflows.business.WorkflowFactoryTest" tests="1" skipped="0" failures="0" errors="0" timestamp="2023-07-07T18:55:41" hostname="fv-az1131-394" time="0.013">
  <properties/>
  <testcase name="force_workflow_scheme_delete_without_license_delete_success_Test" classname="com.dotmarketing.portlets.workflows.business.WorkflowFactoryTest" time="0.013"/>
  <system-out><![CDATA[]]></system-out>
  <system-err><![CDATA[]]></system-err>
</testsuite>
