<?xml version="1.0" encoding="UTF-8"?>
<testsuite name="com.dotcms.rest.elasticsearch.ESContentResourcePortletTest" tests="8" skipped="0" failures="0" errors="0" timestamp="2023-06-28T03:45:11" hostname="fv-az255-852" time="7.456">
  <properties/>
  <testcase name="test_search_includeGrandChildCategory_success" classname="com.dotcms.rest.elasticsearch.ESContentResourcePortletTest" time="1.397"/>
  <testcase name="testSearch[0: com.dotcms.rest.elasticsearch.ESContentResourcePortletTest$TestCase@1745087]" classname="com.dotcms.rest.elasticsearch.ESContentResourcePortletTest" time="0.959"/>
  <testcase name="testSearch[1: com.dotcms.rest.elasticsearch.ESContentResourcePortletTest$TestCase@4a53dc38]" classname="com.dotcms.rest.elasticsearch.ESContentResourcePortletTest" time="0.385"/>
  <testcase name="testSearch[2: com.dotcms.rest.elasticsearch.ESContentResourcePortletTest$TestCase@75cd346e]" classname="com.dotcms.rest.elasticsearch.ESContentResourcePortletTest" time="1.099"/>
  <testcase name="testSearch[3: com.dotcms.rest.elasticsearch.ESContentResourcePortletTest$TestCase@751d43e4]" classname="com.dotcms.rest.elasticsearch.ESContentResourcePortletTest" time="0.344"/>
  <testcase name="testSearch[4: com.dotcms.rest.elasticsearch.ESContentResourcePortletTest$TestCase@56cec5a8]" classname="com.dotcms.rest.elasticsearch.ESContentResourcePortletTest" time="1.36"/>
  <testcase name="testSearch[5: com.dotcms.rest.elasticsearch.ESContentResourcePortletTest$TestCase@2a87155]" classname="com.dotcms.rest.elasticsearch.ESContentResourcePortletTest" time="0.944"/>
  <testcase name="testSearch[6: com.dotcms.rest.elasticsearch.ESContentResourcePortletTest$TestCase@1eda5b2a]" classname="com.dotcms.rest.elasticsearch.ESContentResourcePortletTest" time="0.966"/>
  <system-out><![CDATA[]]></system-out>
  <system-err><![CDATA[]]></system-err>
</testsuite>
