<?xml version="1.0" encoding="UTF-8"?>
<testsuite name="com.dotcms.rest.api.v1.vtl.VTLResourceIntegrationTest" tests="6" skipped="0" failures="0" errors="0" timestamp="2023-06-21T17:51:50" hostname="fv-az454-705" time="13.216">
  <properties/>
  <testcase name="testGet[0: com.dotcms.rest.api.v1.vtl.VTLResourceTestCase@6bb5a21d]" classname="com.dotcms.rest.api.v1.vtl.VTLResourceIntegrationTest" time="2.39"/>
  <testcase name="testGet[1: com.dotcms.rest.api.v1.vtl.VTLResourceTestCase@44bcc625]" classname="com.dotcms.rest.api.v1.vtl.VTLResourceIntegrationTest" time="2.827"/>
  <testcase name="testGet[2: com.dotcms.rest.api.v1.vtl.VTLResourceTestCase@12b8ba69]" classname="com.dotcms.rest.api.v1.vtl.VTLResourceIntegrationTest" time="2.078"/>
  <testcase name="testGet[3: com.dotcms.rest.api.v1.vtl.VTLResourceTestCase@61882465]" classname="com.dotcms.rest.api.v1.vtl.VTLResourceIntegrationTest" time="1.962"/>
  <testcase name="testGet[4: com.dotcms.rest.api.v1.vtl.VTLResourceTestCase@276bc703]" classname="com.dotcms.rest.api.v1.vtl.VTLResourceIntegrationTest" time="1.935"/>
  <testcase name="testGet[5: com.dotcms.rest.api.v1.vtl.VTLResourceTestCase@5c4a025]" classname="com.dotcms.rest.api.v1.vtl.VTLResourceIntegrationTest" time="2.024"/>
  <system-out><![CDATA[]]></system-out>
  <system-err><![CDATA[]]></system-err>
</testsuite>
