<?xml version="1.0" encoding="UTF-8"?>
<testsuite name="com.dotmarketing.business.portal.PortletAPIImplTest" tests="12" skipped="0" failures="0" errors="0" timestamp="2023-07-18T04:20:30" hostname="fv-az1236-699" time="1.526">
  <properties/>
  <testcase name="test_delete_portlet" classname="com.dotmarketing.business.portal.PortletAPIImplTest" time="0.292"/>
  <testcase name="test_createCustomPortlet[0: com.dotmarketing.business.portal.PortletAPIImplTest$testCaseCreateCustomPortlet@1600488f]" classname="com.dotmarketing.business.portal.PortletAPIImplTest" time="0.175"/>
  <testcase name="test_createCustomPortlet[1: com.dotmarketing.business.portal.PortletAPIImplTest$testCaseCreateCustomPortlet@183b7d42]" classname="com.dotmarketing.business.portal.PortletAPIImplTest" time="0.195"/>
  <testcase name="test_createCustomPortlet[2: com.dotmarketing.business.portal.PortletAPIImplTest$testCaseCreateCustomPortlet@2a247d43]" classname="com.dotmarketing.business.portal.PortletAPIImplTest" time="0.192"/>
  <testcase name="test_createCustomPortlet[3: com.dotmarketing.business.portal.PortletAPIImplTest$testCaseCreateCustomPortlet@2ca8b6eb]" classname="com.dotmarketing.business.portal.PortletAPIImplTest" time="0.2"/>
  <testcase name="test_createCustomPortlet[4: com.dotmarketing.business.portal.PortletAPIImplTest$testCaseCreateCustomPortlet@38f8c7c1]" classname="com.dotmarketing.business.portal.PortletAPIImplTest" time="0.001"/>
  <testcase name="test_createCustomPortlet[5: com.dotmarketing.business.portal.PortletAPIImplTest$testCaseCreateCustomPortlet@7bea7cf1]" classname="com.dotmarketing.business.portal.PortletAPIImplTest" time="0.013"/>
  <testcase name="test_createCustomPortlet[6: com.dotmarketing.business.portal.PortletAPIImplTest$testCaseCreateCustomPortlet@722dc8aa]" classname="com.dotmarketing.business.portal.PortletAPIImplTest" time="0.013"/>
  <testcase name="test_createCustomPortlet[7: com.dotmarketing.business.portal.PortletAPIImplTest$testCaseCreateCustomPortlet@1b5b27ea]" classname="com.dotmarketing.business.portal.PortletAPIImplTest" time="0.012"/>
  <testcase name="test_createCustomPortlet[8: com.dotmarketing.business.portal.PortletAPIImplTest$testCaseCreateCustomPortlet@65633d8f]" classname="com.dotmarketing.business.portal.PortletAPIImplTest" time="0.014"/>
  <testcase name="test_findPortlet" classname="com.dotmarketing.business.portal.PortletAPIImplTest" time="0.205"/>
  <testcase name="test_findAllPortlets" classname="com.dotmarketing.business.portal.PortletAPIImplTest" time="0.213"/>
  <system-out><![CDATA[]]></system-out>
  <system-err><![CDATA[]]></system-err>
</testsuite>
