<?xml version="1.0" encoding="UTF-8"?>
<testsuite name="com.dotcms.rest.api.v1.vtl.VTLResourceIntegrationTest" tests="6" skipped="0" failures="0" errors="0" timestamp="2023-07-14T01:16:38" hostname="fv-az493-156" time="11.104">
  <properties/>
  <testcase name="testGet[0: com.dotcms.rest.api.v1.vtl.VTLResourceTestCase@6661f610]" classname="com.dotcms.rest.api.v1.vtl.VTLResourceIntegrationTest" time="2.133"/>
  <testcase name="testGet[1: com.dotcms.rest.api.v1.vtl.VTLResourceTestCase@47a9644b]" classname="com.dotcms.rest.api.v1.vtl.VTLResourceIntegrationTest" time="1.981"/>
  <testcase name="testGet[2: com.dotcms.rest.api.v1.vtl.VTLResourceTestCase@7d3e9762]" classname="com.dotcms.rest.api.v1.vtl.VTLResourceIntegrationTest" time="1.096"/>
  <testcase name="testGet[3: com.dotcms.rest.api.v1.vtl.VTLResourceTestCase@1f3299e9]" classname="com.dotcms.rest.api.v1.vtl.VTLResourceIntegrationTest" time="1.889"/>
  <testcase name="testGet[4: com.dotcms.rest.api.v1.vtl.VTLResourceTestCase@768a2d69]" classname="com.dotcms.rest.api.v1.vtl.VTLResourceIntegrationTest" time="2.02"/>
  <testcase name="testGet[5: com.dotcms.rest.api.v1.vtl.VTLResourceTestCase@7a0d84cf]" classname="com.dotcms.rest.api.v1.vtl.VTLResourceIntegrationTest" time="1.985"/>
  <system-out><![CDATA[]]></system-out>
  <system-err><![CDATA[]]></system-err>
</testsuite>
