<?xml version="1.0" encoding="UTF-8"?>
<testsuite name="com.dotcms.rendering.velocity.viewtools.content.util.ContentUtilsTest" tests="89" skipped="0" failures="0" errors="0" timestamp="2023-07-13T18:07:25" hostname="fv-az178-328" time="401.794">
  <properties/>
  <testcase name="whenTheTimeMachineDateIsNullAndPublishDateInFutureShouldNotReturnAnything" classname="com.dotcms.rendering.velocity.viewtools.content.util.ContentUtilsTest" time="3.432"/>
  <testcase name="test_find_multilingual_contentlet_getContentletSuccessfully" classname="com.dotcms.rendering.velocity.viewtools.content.util.ContentUtilsTest" time="1.719"/>
  <testcase name="whenTheTimeMachineDateAndPublishDateAreTomorrowShouldReturnOneContent" classname="com.dotcms.rendering.velocity.viewtools.content.util.ContentUtilsTest" time="3.506"/>
  <testcase name="testPullRelated[0: com.dotcms.rendering.velocity.viewtools.content.util.ContentUtilsTest$TestCase@1116abd6]" classname="com.dotcms.rendering.velocity.viewtools.content.util.ContentUtilsTest" time="3.207"/>
  <testcase name="testPullRelated[1: com.dotcms.rendering.velocity.viewtools.content.util.ContentUtilsTest$TestCase@6203c76f]" classname="com.dotcms.rendering.velocity.viewtools.content.util.ContentUtilsTest" time="4.211"/>
  <testcase name="testPullRelated[2: com.dotcms.rendering.velocity.viewtools.content.util.ContentUtilsTest$TestCase@f34dbaf]" classname="com.dotcms.rendering.velocity.viewtools.content.util.ContentUtilsTest" time="4.213"/>
  <testcase name="testPullRelated[3: com.dotcms.rendering.velocity.viewtools.content.util.ContentUtilsTest$TestCase@3f24d584]" classname="com.dotcms.rendering.velocity.viewtools.content.util.ContentUtilsTest" time="3.896"/>
  <testcase name="testPullRelated[4: com.dotcms.rendering.velocity.viewtools.content.util.ContentUtilsTest$TestCase@1b4881ad]" classname="com.dotcms.rendering.velocity.viewtools.content.util.ContentUtilsTest" time="4.265"/>
  <testcase name="testPullRelated[5: com.dotcms.rendering.velocity.viewtools.content.util.ContentUtilsTest$TestCase@678c0514]" classname="com.dotcms.rendering.velocity.viewtools.content.util.ContentUtilsTest" time="4.023"/>
  <testcase name="testPullRelated[6: com.dotcms.rendering.velocity.viewtools.content.util.ContentUtilsTest$TestCase@4e4c53e9]" classname="com.dotcms.rendering.velocity.viewtools.content.util.ContentUtilsTest" time="4.062"/>
  <testcase name="testPullRelated[7: com.dotcms.rendering.velocity.viewtools.content.util.ContentUtilsTest$TestCase@57dd3751]" classname="com.dotcms.rendering.velocity.viewtools.content.util.ContentUtilsTest" time="2.879"/>
  <testcase name="testPullRelated[8: com.dotcms.rendering.velocity.viewtools.content.util.ContentUtilsTest$TestCase@8c781ee]" classname="com.dotcms.rendering.velocity.viewtools.content.util.ContentUtilsTest" time="3.084"/>
  <testcase name="testPullRelated[9: com.dotcms.rendering.velocity.viewtools.content.util.ContentUtilsTest$TestCase@fe49147]" classname="com.dotcms.rendering.velocity.viewtools.content.util.ContentUtilsTest" time="4.166"/>
  <testcase name="testPullRelated[10: com.dotcms.rendering.velocity.viewtools.content.util.ContentUtilsTest$TestCase@239b5849]" classname="com.dotcms.rendering.velocity.viewtools.content.util.ContentUtilsTest" time="3.119"/>
  <testcase name="testPullRelated[11: com.dotcms.rendering.velocity.viewtools.content.util.ContentUtilsTest$TestCase@1dc294d4]" classname="com.dotcms.rendering.velocity.viewtools.content.util.ContentUtilsTest" time="4.159"/>
  <testcase name="testPullRelated[12: com.dotcms.rendering.velocity.viewtools.content.util.ContentUtilsTest$TestCase@29bebe73]" classname="com.dotcms.rendering.velocity.viewtools.content.util.ContentUtilsTest" time="2.878"/>
  <testcase name="testPullRelated[13: com.dotcms.rendering.velocity.viewtools.content.util.ContentUtilsTest$TestCase@2fb7caa]" classname="com.dotcms.rendering.velocity.viewtools.content.util.ContentUtilsTest" time="3.022"/>
  <testcase name="testPullRelated[14: com.dotcms.rendering.velocity.viewtools.content.util.ContentUtilsTest$TestCase@7bdb35ac]" classname="com.dotcms.rendering.velocity.viewtools.content.util.ContentUtilsTest" time="4.006"/>
  <testcase name="testPullRelated[15: com.dotcms.rendering.velocity.viewtools.content.util.ContentUtilsTest$TestCase@72366a37]" classname="com.dotcms.rendering.velocity.viewtools.content.util.ContentUtilsTest" time="3.378"/>
  <testcase name="testPullRelated[16: com.dotcms.rendering.velocity.viewtools.content.util.ContentUtilsTest$TestCase@2ea71f24]" classname="com.dotcms.rendering.velocity.viewtools.content.util.ContentUtilsTest" time="3.95"/>
  <testcase name="testPullRelated[17: com.dotcms.rendering.velocity.viewtools.content.util.ContentUtilsTest$TestCase@77602876]" classname="com.dotcms.rendering.velocity.viewtools.content.util.ContentUtilsTest" time="3.074"/>
  <testcase name="testPullRelated[18: com.dotcms.rendering.velocity.viewtools.content.util.ContentUtilsTest$TestCase@55b41563]" classname="com.dotcms.rendering.velocity.viewtools.content.util.ContentUtilsTest" time="4.169"/>
  <testcase name="testPullRelated[19: com.dotcms.rendering.velocity.viewtools.content.util.ContentUtilsTest$TestCase@1492aa30]" classname="com.dotcms.rendering.velocity.viewtools.content.util.ContentUtilsTest" time="3.87"/>
  <testcase name="testPullRelated[20: com.dotcms.rendering.velocity.viewtools.content.util.ContentUtilsTest$TestCase@2dac9b9]" classname="com.dotcms.rendering.velocity.viewtools.content.util.ContentUtilsTest" time="4.238"/>
  <testcase name="testPullRelated[21: com.dotcms.rendering.velocity.viewtools.content.util.ContentUtilsTest$TestCase@740f720c]" classname="com.dotcms.rendering.velocity.viewtools.content.util.ContentUtilsTest" time="3.872"/>
  <testcase name="testPullRelated[22: com.dotcms.rendering.velocity.viewtools.content.util.ContentUtilsTest$TestCase@1e57ee3]" classname="com.dotcms.rendering.velocity.viewtools.content.util.ContentUtilsTest" time="4.066"/>
  <testcase name="testPullRelated[23: com.dotcms.rendering.velocity.viewtools.content.util.ContentUtilsTest$TestCase@a797c5]" classname="com.dotcms.rendering.velocity.viewtools.content.util.ContentUtilsTest" time="4.027"/>
  <testcase name="testPullRelated[24: com.dotcms.rendering.velocity.viewtools.content.util.ContentUtilsTest$TestCase@54e41169]" classname="com.dotcms.rendering.velocity.viewtools.content.util.ContentUtilsTest" time="4.013"/>
  <testcase name="testPullRelated[25: com.dotcms.rendering.velocity.viewtools.content.util.ContentUtilsTest$TestCase@5bf496eb]" classname="com.dotcms.rendering.velocity.viewtools.content.util.ContentUtilsTest" time="4.033"/>
  <testcase name="testPullRelated[26: com.dotcms.rendering.velocity.viewtools.content.util.ContentUtilsTest$TestCase@71ccf910]" classname="com.dotcms.rendering.velocity.viewtools.content.util.ContentUtilsTest" time="3.268"/>
  <testcase name="testPullRelated[27: com.dotcms.rendering.velocity.viewtools.content.util.ContentUtilsTest$TestCase@4d694153]" classname="com.dotcms.rendering.velocity.viewtools.content.util.ContentUtilsTest" time="3.919"/>
  <testcase name="testPullRelated[28: com.dotcms.rendering.velocity.viewtools.content.util.ContentUtilsTest$TestCase@39727ece]" classname="com.dotcms.rendering.velocity.viewtools.content.util.ContentUtilsTest" time="3.105"/>
  <testcase name="testPullRelated[29: com.dotcms.rendering.velocity.viewtools.content.util.ContentUtilsTest$TestCase@464ef4c5]" classname="com.dotcms.rendering.velocity.viewtools.content.util.ContentUtilsTest" time="3.928"/>
  <testcase name="testPullRelated[30: com.dotcms.rendering.velocity.viewtools.content.util.ContentUtilsTest$TestCase@50dc8165]" classname="com.dotcms.rendering.velocity.viewtools.content.util.ContentUtilsTest" time="4.55"/>
  <testcase name="testPullRelated[31: com.dotcms.rendering.velocity.viewtools.content.util.ContentUtilsTest$TestCase@57b821f4]" classname="com.dotcms.rendering.velocity.viewtools.content.util.ContentUtilsTest" time="2.805"/>
  <testcase name="testPullRelated[32: com.dotcms.rendering.velocity.viewtools.content.util.ContentUtilsTest$TestCase@7d96b1c3]" classname="com.dotcms.rendering.velocity.viewtools.content.util.ContentUtilsTest" time="2.991"/>
  <testcase name="testPullRelated[33: com.dotcms.rendering.velocity.viewtools.content.util.ContentUtilsTest$TestCase@4c4f8a68]" classname="com.dotcms.rendering.velocity.viewtools.content.util.ContentUtilsTest" time="4.316"/>
  <testcase name="testPullRelated[34: com.dotcms.rendering.velocity.viewtools.content.util.ContentUtilsTest$TestCase@78acfd2d]" classname="com.dotcms.rendering.velocity.viewtools.content.util.ContentUtilsTest" time="3.81"/>
  <testcase name="testPullRelated[35: com.dotcms.rendering.velocity.viewtools.content.util.ContentUtilsTest$TestCase@6e0dc44d]" classname="com.dotcms.rendering.velocity.viewtools.content.util.ContentUtilsTest" time="4.245"/>
  <testcase name="testPullRelated[36: com.dotcms.rendering.velocity.viewtools.content.util.ContentUtilsTest$TestCase@26dd78e6]" classname="com.dotcms.rendering.velocity.viewtools.content.util.ContentUtilsTest" time="6.263"/>
  <testcase name="testPullRelated[37: com.dotcms.rendering.velocity.viewtools.content.util.ContentUtilsTest$TestCase@16f1ba9f]" classname="com.dotcms.rendering.velocity.viewtools.content.util.ContentUtilsTest" time="5.923"/>
  <testcase name="testPullRelated[38: com.dotcms.rendering.velocity.viewtools.content.util.ContentUtilsTest$TestCase@9ab78f9]" classname="com.dotcms.rendering.velocity.viewtools.content.util.ContentUtilsTest" time="6.247"/>
  <testcase name="testPullRelated[39: com.dotcms.rendering.velocity.viewtools.content.util.ContentUtilsTest$TestCase@984ea2d]" classname="com.dotcms.rendering.velocity.viewtools.content.util.ContentUtilsTest" time="5.273"/>
  <testcase name="testPullRelated[40: com.dotcms.rendering.velocity.viewtools.content.util.ContentUtilsTest$TestCase@44d3a9b3]" classname="com.dotcms.rendering.velocity.viewtools.content.util.ContentUtilsTest" time="5.952"/>
  <testcase name="testPullRelated[41: com.dotcms.rendering.velocity.viewtools.content.util.ContentUtilsTest$TestCase@5fedd6f4]" classname="com.dotcms.rendering.velocity.viewtools.content.util.ContentUtilsTest" time="5.894"/>
  <testcase name="testPullRelated[42: com.dotcms.rendering.velocity.viewtools.content.util.ContentUtilsTest$TestCase@d531140]" classname="com.dotcms.rendering.velocity.viewtools.content.util.ContentUtilsTest" time="6.481"/>
  <testcase name="testPullRelated[43: com.dotcms.rendering.velocity.viewtools.content.util.ContentUtilsTest$TestCase@23284745]" classname="com.dotcms.rendering.velocity.viewtools.content.util.ContentUtilsTest" time="6.053"/>
  <testcase name="testPullRelated[44: com.dotcms.rendering.velocity.viewtools.content.util.ContentUtilsTest$TestCase@7aeffca2]" classname="com.dotcms.rendering.velocity.viewtools.content.util.ContentUtilsTest" time="6.179"/>
  <testcase name="testPullRelated[45: com.dotcms.rendering.velocity.viewtools.content.util.ContentUtilsTest$TestCase@4b04cf7d]" classname="com.dotcms.rendering.velocity.viewtools.content.util.ContentUtilsTest" time="6.023"/>
  <testcase name="testPullRelated[46: com.dotcms.rendering.velocity.viewtools.content.util.ContentUtilsTest$TestCase@5e480e4c]" classname="com.dotcms.rendering.velocity.viewtools.content.util.ContentUtilsTest" time="5.465"/>
  <testcase name="testPullRelated[47: com.dotcms.rendering.velocity.viewtools.content.util.ContentUtilsTest$TestCase@3fbb68af]" classname="com.dotcms.rendering.velocity.viewtools.content.util.ContentUtilsTest" time="6.133"/>
  <testcase name="testPullRelated[48: com.dotcms.rendering.velocity.viewtools.content.util.ContentUtilsTest$TestCase@3a348916]" classname="com.dotcms.rendering.velocity.viewtools.content.util.ContentUtilsTest" time="6.783"/>
  <testcase name="testPullRelated[49: com.dotcms.rendering.velocity.viewtools.content.util.ContentUtilsTest$TestCase@5726c60a]" classname="com.dotcms.rendering.velocity.viewtools.content.util.ContentUtilsTest" time="6.066"/>
  <testcase name="testPullRelated[50: com.dotcms.rendering.velocity.viewtools.content.util.ContentUtilsTest$TestCase@498288cc]" classname="com.dotcms.rendering.velocity.viewtools.content.util.ContentUtilsTest" time="6.165"/>
  <testcase name="testPullRelated[51: com.dotcms.rendering.velocity.viewtools.content.util.ContentUtilsTest$TestCase@2d986f43]" classname="com.dotcms.rendering.velocity.viewtools.content.util.ContentUtilsTest" time="6.007"/>
  <testcase name="testPullRelated[52: com.dotcms.rendering.velocity.viewtools.content.util.ContentUtilsTest$TestCase@33fa3fdf]" classname="com.dotcms.rendering.velocity.viewtools.content.util.ContentUtilsTest" time="5.294"/>
  <testcase name="testPullRelated[53: com.dotcms.rendering.velocity.viewtools.content.util.ContentUtilsTest$TestCase@520da93c]" classname="com.dotcms.rendering.velocity.viewtools.content.util.ContentUtilsTest" time="5.895"/>
  <testcase name="testPullRelated[54: com.dotcms.rendering.velocity.viewtools.content.util.ContentUtilsTest$TestCase@f948f59]" classname="com.dotcms.rendering.velocity.viewtools.content.util.ContentUtilsTest" time="5.236"/>
  <testcase name="testPullRelated[55: com.dotcms.rendering.velocity.viewtools.content.util.ContentUtilsTest$TestCase@61181b9f]" classname="com.dotcms.rendering.velocity.viewtools.content.util.ContentUtilsTest" time="6.264"/>
  <testcase name="testPullRelated[56: com.dotcms.rendering.velocity.viewtools.content.util.ContentUtilsTest$TestCase@37ed4a4]" classname="com.dotcms.rendering.velocity.viewtools.content.util.ContentUtilsTest" time="5.044"/>
  <testcase name="testPullRelated[57: com.dotcms.rendering.velocity.viewtools.content.util.ContentUtilsTest$TestCase@3c05d9be]" classname="com.dotcms.rendering.velocity.viewtools.content.util.ContentUtilsTest" time="5.908"/>
  <testcase name="testPullRelated[58: com.dotcms.rendering.velocity.viewtools.content.util.ContentUtilsTest$TestCase@17407720]" classname="com.dotcms.rendering.velocity.viewtools.content.util.ContentUtilsTest" time="6.269"/>
  <testcase name="testPullRelated[59: com.dotcms.rendering.velocity.viewtools.content.util.ContentUtilsTest$TestCase@362542b4]" classname="com.dotcms.rendering.velocity.viewtools.content.util.ContentUtilsTest" time="6.211"/>
  <testcase name="testPullRelated[60: com.dotcms.rendering.velocity.viewtools.content.util.ContentUtilsTest$TestCase@430b6b20]" classname="com.dotcms.rendering.velocity.viewtools.content.util.ContentUtilsTest" time="6.0"/>
  <testcase name="testPullRelated[61: com.dotcms.rendering.velocity.viewtools.content.util.ContentUtilsTest$TestCase@51d192d6]" classname="com.dotcms.rendering.velocity.viewtools.content.util.ContentUtilsTest" time="4.955"/>
  <testcase name="testPullRelated[62: com.dotcms.rendering.velocity.viewtools.content.util.ContentUtilsTest$TestCase@45bc06bb]" classname="com.dotcms.rendering.velocity.viewtools.content.util.ContentUtilsTest" time="6.374"/>
  <testcase name="testPullRelated[63: com.dotcms.rendering.velocity.viewtools.content.util.ContentUtilsTest$TestCase@5990dc5a]" classname="com.dotcms.rendering.velocity.viewtools.content.util.ContentUtilsTest" time="6.287"/>
  <testcase name="testPullRelated[64: com.dotcms.rendering.velocity.viewtools.content.util.ContentUtilsTest$TestCase@415aee23]" classname="com.dotcms.rendering.velocity.viewtools.content.util.ContentUtilsTest" time="5.699"/>
  <testcase name="testPullRelated[65: com.dotcms.rendering.velocity.viewtools.content.util.ContentUtilsTest$TestCase@1c4093fc]" classname="com.dotcms.rendering.velocity.viewtools.content.util.ContentUtilsTest" time="6.299"/>
  <testcase name="testPullRelated[66: com.dotcms.rendering.velocity.viewtools.content.util.ContentUtilsTest$TestCase@396cd711]" classname="com.dotcms.rendering.velocity.viewtools.content.util.ContentUtilsTest" time="5.351"/>
  <testcase name="testPullRelated[67: com.dotcms.rendering.velocity.viewtools.content.util.ContentUtilsTest$TestCase@66c1ae6a]" classname="com.dotcms.rendering.velocity.viewtools.content.util.ContentUtilsTest" time="5.764"/>
  <testcase name="testPullRelated[68: com.dotcms.rendering.velocity.viewtools.content.util.ContentUtilsTest$TestCase@70fc6f67]" classname="com.dotcms.rendering.velocity.viewtools.content.util.ContentUtilsTest" time="5.354"/>
  <testcase name="testPullRelated[69: com.dotcms.rendering.velocity.viewtools.content.util.ContentUtilsTest$TestCase@68bbddf7]" classname="com.dotcms.rendering.velocity.viewtools.content.util.ContentUtilsTest" time="5.948"/>
  <testcase name="testPullRelated[70: com.dotcms.rendering.velocity.viewtools.content.util.ContentUtilsTest$TestCase@37305bae]" classname="com.dotcms.rendering.velocity.viewtools.content.util.ContentUtilsTest" time="6.205"/>
  <testcase name="testPullRelated[71: com.dotcms.rendering.velocity.viewtools.content.util.ContentUtilsTest$TestCase@5c6911dc]" classname="com.dotcms.rendering.velocity.viewtools.content.util.ContentUtilsTest" time="5.109"/>
  <testcase name="whenPublishAndExpireDatesAreInTheFutureAndTimeMachineIsAfterBoth" classname="com.dotcms.rendering.velocity.viewtools.content.util.ContentUtilsTest" time="3.457"/>
  <testcase name="testPullRelatedForLegacyRelationship[0: com.dotcms.rendering.velocity.viewtools.content.util.ContentUtilsTest$LegacyTestCase@4ffdda61]" classname="com.dotcms.rendering.velocity.viewtools.content.util.ContentUtilsTest" time="3.078"/>
  <testcase name="testPullRelatedForLegacyRelationship[1: com.dotcms.rendering.velocity.viewtools.content.util.ContentUtilsTest$LegacyTestCase@791ff20c]" classname="com.dotcms.rendering.velocity.viewtools.content.util.ContentUtilsTest" time="4.325"/>
  <testcase name="whenTheTimeMachineDateIsAfterTomorrowAndExpireDateIsTomorrowShouldNotReturnContent" classname="com.dotcms.rendering.velocity.viewtools.content.util.ContentUtilsTest" time="3.944"/>
  <testcase name="testPullLiveRelatedWhenLatestVersionIsWorking" classname="com.dotcms.rendering.velocity.viewtools.content.util.ContentUtilsTest" time="4.856"/>
  <testcase name="test_add_relationships_on_parent_children_related_contents" classname="com.dotcms.rendering.velocity.viewtools.content.util.ContentUtilsTest" time="1.634"/>
  <testcase name="testSortPullRelated[0: com.dotcms.rendering.velocity.viewtools.content.util.ContentUtilsTest$SortTestCase@4c473baa]" classname="com.dotcms.rendering.velocity.viewtools.content.util.ContentUtilsTest" time="2.956"/>
  <testcase name="testSortPullRelated[1: com.dotcms.rendering.velocity.viewtools.content.util.ContentUtilsTest$SortTestCase@5834340f]" classname="com.dotcms.rendering.velocity.viewtools.content.util.ContentUtilsTest" time="3.089"/>
  <testcase name="testSortPullRelated[2: com.dotcms.rendering.velocity.viewtools.content.util.ContentUtilsTest$SortTestCase@793bc3ba]" classname="com.dotcms.rendering.velocity.viewtools.content.util.ContentUtilsTest" time="3.565"/>
  <testcase name="testSortPullRelated[3: com.dotcms.rendering.velocity.viewtools.content.util.ContentUtilsTest$SortTestCase@7f32d103]" classname="com.dotcms.rendering.velocity.viewtools.content.util.ContentUtilsTest" time="3.502"/>
  <testcase name="testSortPullRelated[4: com.dotcms.rendering.velocity.viewtools.content.util.ContentUtilsTest$SortTestCase@a5d3f24]" classname="com.dotcms.rendering.velocity.viewtools.content.util.ContentUtilsTest" time="3.33"/>
  <testcase name="testSortPullRelated[5: com.dotcms.rendering.velocity.viewtools.content.util.ContentUtilsTest$SortTestCase@7330e62c]" classname="com.dotcms.rendering.velocity.viewtools.content.util.ContentUtilsTest" time="2.977"/>
  <testcase name="whenTheTimeMachineDateIsAfterTomorrowAndExpireDateIsInFutureShouldReturnContent" classname="com.dotcms.rendering.velocity.viewtools.content.util.ContentUtilsTest" time="3.561"/>
  <testcase name="testPullRelatedFieldShouldRespectDefaultOrder" classname="com.dotcms.rendering.velocity.viewtools.content.util.ContentUtilsTest" time="1.671"/>
  <system-out><![CDATA[]]></system-out>
  <system-err><![CDATA[]]></system-err>
</testsuite>
