<?xml version="1.0" encoding="UTF-8"?>
<testsuite name="com.dotcms.contenttype.test.ContentResourceTest" tests="52" skipped="0" failures="0" errors="0" timestamp="2023-07-11T17:22:25" hostname="fv-az1032-278" time="134.825">
  <properties/>
  <testcase name="testGetContentShouldReturnIconDetails" classname="com.dotcms.contenttype.test.ContentResourceTest" time="1.57"/>
  <testcase name="Test_Save_Action_Set_Words_To_Required_NumericField_Issue_15340" classname="com.dotcms.contenttype.test.ContentResourceTest" time="0.865"/>
  <testcase name="test_getContent_includeGrandChildCategory_success" classname="com.dotcms.contenttype.test.ContentResourceTest" time="1.274"/>
  <testcase name="testGetContentWithRelatedParameter[0: com.dotcms.contenttype.test.ContentResourceTest$PullRelatedTestCase@2117787c]" classname="com.dotcms.contenttype.test.ContentResourceTest" time="3.714"/>
  <testcase name="testGetContentWithRelatedParameter[1: com.dotcms.contenttype.test.ContentResourceTest$PullRelatedTestCase@211a6d84]" classname="com.dotcms.contenttype.test.ContentResourceTest" time="3.502"/>
  <testcase name="testGetContentWithRelatedParameter[2: com.dotcms.contenttype.test.ContentResourceTest$PullRelatedTestCase@54661a77]" classname="com.dotcms.contenttype.test.ContentResourceTest" time="3.642"/>
  <testcase name="testGetContentWithRelatedParameter[3: com.dotcms.contenttype.test.ContentResourceTest$PullRelatedTestCase@68a602ef]" classname="com.dotcms.contenttype.test.ContentResourceTest" time="3.288"/>
  <testcase name="testGetContentWithRelatedParameter[4: com.dotcms.contenttype.test.ContentResourceTest$PullRelatedTestCase@72e8531f]" classname="com.dotcms.contenttype.test.ContentResourceTest" time="3.419"/>
  <testcase name="test_getContent_SelfRelatedWith3LevelsOfDepth_shouldReturnRelationships" classname="com.dotcms.contenttype.test.ContentResourceTest" time="1.226"/>
  <testcase name="Test_Save_Action_Send_Fields_SubSet_Issue_15340" classname="com.dotcms.contenttype.test.ContentResourceTest" time="2.891"/>
  <testcase name="test_getContent_shouldReturnRelationships[0: com.dotcms.contenttype.test.ContentResourceTest$TestCase@ec668b]" classname="com.dotcms.contenttype.test.ContentResourceTest" time="2.488"/>
  <testcase name="test_getContent_shouldReturnRelationships[1: com.dotcms.contenttype.test.ContentResourceTest$TestCase@64bd7143]" classname="com.dotcms.contenttype.test.ContentResourceTest" time="2.675"/>
  <testcase name="test_getContent_shouldReturnRelationships[2: com.dotcms.contenttype.test.ContentResourceTest$TestCase@3cd4a641]" classname="com.dotcms.contenttype.test.ContentResourceTest" time="2.877"/>
  <testcase name="test_getContent_shouldReturnRelationships[3: com.dotcms.contenttype.test.ContentResourceTest$TestCase@c947a6f]" classname="com.dotcms.contenttype.test.ContentResourceTest" time="2.794"/>
  <testcase name="test_getContent_shouldReturnRelationships[4: com.dotcms.contenttype.test.ContentResourceTest$TestCase@6f2f9d48]" classname="com.dotcms.contenttype.test.ContentResourceTest" time="2.844"/>
  <testcase name="test_getContent_shouldReturnRelationships[5: com.dotcms.contenttype.test.ContentResourceTest$TestCase@6017ce87]" classname="com.dotcms.contenttype.test.ContentResourceTest" time="2.61"/>
  <testcase name="test_getContent_shouldReturnRelationships[6: com.dotcms.contenttype.test.ContentResourceTest$TestCase@79688a6a]" classname="com.dotcms.contenttype.test.ContentResourceTest" time="2.652"/>
  <testcase name="test_getContent_shouldReturnRelationships[7: com.dotcms.contenttype.test.ContentResourceTest$TestCase@5680d02a]" classname="com.dotcms.contenttype.test.ContentResourceTest" time="1.689"/>
  <testcase name="test_getContent_shouldReturnRelationships[8: com.dotcms.contenttype.test.ContentResourceTest$TestCase@4556c26f]" classname="com.dotcms.contenttype.test.ContentResourceTest" time="3.027"/>
  <testcase name="test_getContent_shouldReturnRelationships[9: com.dotcms.contenttype.test.ContentResourceTest$TestCase@1beb5fb4]" classname="com.dotcms.contenttype.test.ContentResourceTest" time="2.646"/>
  <testcase name="test_getContent_shouldReturnRelationships[10: com.dotcms.contenttype.test.ContentResourceTest$TestCase@266dad79]" classname="com.dotcms.contenttype.test.ContentResourceTest" time="2.61"/>
  <testcase name="test_getContent_shouldReturnRelationships[11: com.dotcms.contenttype.test.ContentResourceTest$TestCase@763c281e]" classname="com.dotcms.contenttype.test.ContentResourceTest" time="2.54"/>
  <testcase name="test_getContent_shouldReturnRelationships[12: com.dotcms.contenttype.test.ContentResourceTest$TestCase@58ad90c]" classname="com.dotcms.contenttype.test.ContentResourceTest" time="2.511"/>
  <testcase name="test_getContent_shouldReturnRelationships[13: com.dotcms.contenttype.test.ContentResourceTest$TestCase@445d20f6]" classname="com.dotcms.contenttype.test.ContentResourceTest" time="2.623"/>
  <testcase name="test_getContent_shouldReturnRelationships[14: com.dotcms.contenttype.test.ContentResourceTest$TestCase@f104b61]" classname="com.dotcms.contenttype.test.ContentResourceTest" time="2.575"/>
  <testcase name="test_getContent_shouldReturnRelationships[15: com.dotcms.contenttype.test.ContentResourceTest$TestCase@18fbee45]" classname="com.dotcms.contenttype.test.ContentResourceTest" time="3.596"/>
  <testcase name="test_getContent_shouldReturnRelationships[16: com.dotcms.contenttype.test.ContentResourceTest$TestCase@4b6a06ef]" classname="com.dotcms.contenttype.test.ContentResourceTest" time="3.595"/>
  <testcase name="test_getContent_shouldReturnRelationships[17: com.dotcms.contenttype.test.ContentResourceTest$TestCase@669dc5e4]" classname="com.dotcms.contenttype.test.ContentResourceTest" time="2.773"/>
  <testcase name="test_getContent_shouldReturnRelationships[18: com.dotcms.contenttype.test.ContentResourceTest$TestCase@6b5bd115]" classname="com.dotcms.contenttype.test.ContentResourceTest" time="2.903"/>
  <testcase name="test_getContent_shouldReturnRelationships[19: com.dotcms.contenttype.test.ContentResourceTest$TestCase@2c9593fd]" classname="com.dotcms.contenttype.test.ContentResourceTest" time="2.821"/>
  <testcase name="test_getContent_shouldReturnRelationships[20: com.dotcms.contenttype.test.ContentResourceTest$TestCase@37d3b5fe]" classname="com.dotcms.contenttype.test.ContentResourceTest" time="3.116"/>
  <testcase name="test_getContent_shouldReturnRelationships[21: com.dotcms.contenttype.test.ContentResourceTest$TestCase@3f69e405]" classname="com.dotcms.contenttype.test.ContentResourceTest" time="2.828"/>
  <testcase name="test_getContent_shouldReturnRelationships[22: com.dotcms.contenttype.test.ContentResourceTest$TestCase@a0f4984]" classname="com.dotcms.contenttype.test.ContentResourceTest" time="2.751"/>
  <testcase name="test_getContent_shouldReturnRelationships[23: com.dotcms.contenttype.test.ContentResourceTest$TestCase@a852943]" classname="com.dotcms.contenttype.test.ContentResourceTest" time="2.679"/>
  <testcase name="test_getContent_shouldReturnRelationships[24: com.dotcms.contenttype.test.ContentResourceTest$TestCase@205311a8]" classname="com.dotcms.contenttype.test.ContentResourceTest" time="2.796"/>
  <testcase name="test_getContent_shouldReturnRelationships[25: com.dotcms.contenttype.test.ContentResourceTest$TestCase@506a806b]" classname="com.dotcms.contenttype.test.ContentResourceTest" time="2.771"/>
  <testcase name="test_getContent_shouldReturnRelationships[26: com.dotcms.contenttype.test.ContentResourceTest$TestCase@20d9b08b]" classname="com.dotcms.contenttype.test.ContentResourceTest" time="2.963"/>
  <testcase name="test_getContent_shouldReturnRelationships[27: com.dotcms.contenttype.test.ContentResourceTest$TestCase@3354ae2]" classname="com.dotcms.contenttype.test.ContentResourceTest" time="2.667"/>
  <testcase name="test_getContent_shouldReturnRelationships[28: com.dotcms.contenttype.test.ContentResourceTest$TestCase@3bd3c57d]" classname="com.dotcms.contenttype.test.ContentResourceTest" time="2.66"/>
  <testcase name="test_getContent_shouldReturnRelationships[29: com.dotcms.contenttype.test.ContentResourceTest$TestCase@3f3e73b4]" classname="com.dotcms.contenttype.test.ContentResourceTest" time="2.671"/>
  <testcase name="test_getContent_shouldReturnRelationships[30: com.dotcms.contenttype.test.ContentResourceTest$TestCase@528ed130]" classname="com.dotcms.contenttype.test.ContentResourceTest" time="2.672"/>
  <testcase name="test_getContent_shouldReturnRelationships[31: com.dotcms.contenttype.test.ContentResourceTest$TestCase@7b45e3d9]" classname="com.dotcms.contenttype.test.ContentResourceTest" time="2.692"/>
  <testcase name="test_getContent_shouldReturnRelationships[32: com.dotcms.contenttype.test.ContentResourceTest$TestCase@5e1829e1]" classname="com.dotcms.contenttype.test.ContentResourceTest" time="3.615"/>
  <testcase name="test_getContent_shouldReturnRelationships[33: com.dotcms.contenttype.test.ContentResourceTest$TestCase@12f75245]" classname="com.dotcms.contenttype.test.ContentResourceTest" time="3.595"/>
  <testcase name="testSinglePOST_InvalidParamsShouldReturn400[0: ({\n    &quot;stInode&quot; : &quot;InvalidValue&quot;,\n    &quot;numeric&quot; : &quot;0&quot;,\n    &quot;image&quot; : &quot;whatever&quot;\n}, Bad Request)]" classname="com.dotcms.contenttype.test.ContentResourceTest" time="0.855"/>
  <testcase name="testSinglePOST_InvalidParamsShouldReturn400[1: ({\n    &quot;numeric&quot; : &quot;0&quot;,\n    &quot;image&quot; : &quot;whatever&quot;\n}, Bad Request)]" classname="com.dotcms.contenttype.test.ContentResourceTest" time="0.849"/>
  <testcase name="Test_Save_Action_Set_Null_To_Required_NumericField_Issue_15340" classname="com.dotcms.contenttype.test.ContentResourceTest" time="0.872"/>
  <testcase name="Test_Save_Action_Remove_Image_Then_Verify_Fields_Were_Cleared_Issue_15340" classname="com.dotcms.contenttype.test.ContentResourceTest" time="3.692"/>
  <testcase name="test_getContentWithMultipleSelfRelated_shouldReturnRelationships[0: com.dotcms.contenttype.test.ContentResourceTest$PullSelfRelatedTestCase@625b7052]" classname="com.dotcms.contenttype.test.ContentResourceTest" time="1.547"/>
  <testcase name="test_getContentWithMultipleSelfRelated_shouldReturnRelationships[1: com.dotcms.contenttype.test.ContentResourceTest$PullSelfRelatedTestCase@7d931ad9]" classname="com.dotcms.contenttype.test.ContentResourceTest" time="1.567"/>
  <testcase name="testGetContentWithAllCategoriesInfo[0: json]" classname="com.dotcms.contenttype.test.ContentResourceTest" time="2.359"/>
  <testcase name="testGetContentWithAllCategoriesInfo[1: xml]" classname="com.dotcms.contenttype.test.ContentResourceTest" time="2.361"/>
  <system-out><![CDATA[











]]></system-out>
  <system-err><![CDATA[]]></system-err>
</testsuite>
