<?xml version="1.0" encoding="UTF-8"?>
<testsuite name="com.dotmarketing.business.DeterministicIdentifierAPITest" tests="16" skipped="0" failures="0" errors="0" timestamp="2023-07-20T22:14:54" hostname="fv-az809-149" time="1.076">
  <properties/>
  <testcase name="Test_Category_Path_Seed_And_Id" classname="com.dotmarketing.business.DeterministicIdentifierAPITest" time="0.028"/>
  <testcase name="Test_Language_Deterministic_Id[0: LanguageTestCase{expectedSeed='Language:es:US', expectedHash=4913155, langCode='es', countryCode='US', country='United States'}]" classname="com.dotmarketing.business.DeterministicIdentifierAPITest" time="0.001"/>
  <testcase name="Test_Language_Deterministic_Id[1: LanguageTestCase{expectedSeed='Language:ep:', expectedHash=5292269, langCode='ep', countryCode='', country=''}]" classname="com.dotmarketing.business.DeterministicIdentifierAPITest" time="0.001"/>
  <testcase name="Test_Language_Deterministic_Id[2: LanguageTestCase{expectedSeed='Language:sg:SAG', expectedHash=4713118, langCode='sg', countryCode='SAG', country=''}]" classname="com.dotmarketing.business.DeterministicIdentifierAPITest" time="0.001"/>
  <testcase name="Test_Language_Deterministic_Id[3: LanguageTestCase{expectedSeed='Language:en:NZ', expectedHash=5382528, langCode='en', countryCode='NZ', country='New Zealand'}]" classname="com.dotmarketing.business.DeterministicIdentifierAPITest" time="0.001"/>
  <testcase name="Test_Category_None_Persisted_Category_Should_Return_Deterministic_Id" classname="com.dotmarketing.business.DeterministicIdentifierAPITest" time="0.002"/>
  <testcase name="Test_Asset_Generate_Deterministic_Id_Best_Effort[0: TestCase{versionable=my.host1689890911643.com, parent=System Host, expectedName='my.host1689890911643.com', expectedType='Host'}]" classname="com.dotmarketing.business.DeterministicIdentifierAPITest" time="0.005"/>
  <testcase name="Test_Asset_Generate_Deterministic_Id_Best_Effort[1: TestCase{versionable=com.dotmarketing.portlets.contentlet.model.Contentlet@de3b4f1[map={modDate=2023-07-20 22:08:32.347, fileName=file6401012433768605053.txt, title=file6401012433768605053.txt, inode=ffa2ba16-5fc2-4a93-912b-d62f7b338191, __IS_NEW_CONTENT__=true, disabledWYSIWYG=[], host=10ab8fb7-f7e0-40fe-bd4d-5fd9d84eab0f, stInode=33888b6f-7a8e-4069-b1b6-5c1aa9d0a48d, owner=system, identifier=e548979f-77ae-411e-9733-30313141f7a3, nullProperties=[wfExpireDate, wfPublishDate, wfActionAssign, wfActionId, wfActionComments, filterKey, whereToSend, wfNeverExpire, _path_to_move, timezoneId, iWantTo, wfPublishTime, wfExpireTime], languageId=1, fileAsset=/home/runner/work/core/custom/assets/f/f/ffa2ba16-5fc2-4a93-912b-d62f7b338191/fileAsset/file6401012433768605053.txt, folder=e0d15d7d-1b7d-4422-9c32-c69fd61b8629, __disable_workflow__=true, sortOrder=0, modUser=system},lowIndexPriority=false,variantId=DEFAULT], parent=com.dotmarketing.portlets.folders.model.Folder@2b58a41d[identifier=e0d15d7d-1b7d-4422-9c32-c69fd61b8629,name=testName1689890912340,sortOrder=0,showOnMenu=false,hostId=10ab8fb7-f7e0-40fe-bd4d-5fd9d84eab0f,type=folder,title=testTitle1689890912340,filesMasks=,defaultFileType=33888b6f-7a8e-4069-b1b6-5c1aa9d0a48d,modDate=2023-07-20 22:08:32.343,owner=&lt;null&gt;,iDate=2023-07-20 22:08:32.343,inode=e0d15d7d-1b7d-4422-9c32-c69fd61b8629,path=/testName1689890912340/], expectedName='file6401012433768605053.txt', expectedType='FileAsset'}]" classname="com.dotmarketing.business.DeterministicIdentifierAPITest" time="0.004"/>
  <testcase name="Test_Asset_Generate_Deterministic_Id_Best_Effort[2: TestCase{versionable=com.dotmarketing.portlets.templates.model.Template@7573d0c9, parent=my.host1689890911643.com, expectedName='testTitle1689890912440', expectedType='Template'}]" classname="com.dotmarketing.business.DeterministicIdentifierAPITest" time="0.002"/>
  <testcase name="Test_Asset_Generate_Deterministic_Id_Best_Effort[3: TestCase{versionable=com.dotmarketing.portlets.htmlpageasset.model.HTMLPageAsset@3ce544c[map={template=5c45d415-dfaa-4f72-adfa-c31ae626f380, owner=system, identifier=94a07cbd-72cc-446d-a5c3-f391ebdbfdcc, nullProperties=[wfExpireDate, wfPublishDate, wfActionAssign, wfActionId, wfActionComments, filterKey, whereToSend, wfNeverExpire, _path_to_move, timezoneId, iWantTo, wfPublishTime, wfExpireTime], modDate=2023-07-20 22:08:32.462, cachettl=0, _is_test_mode=true, languageId=1, title=test-page-title-1689890912456, httpsreq=, url=test-page-url-1689890912456, showOnMenu=, inode=4083639b-e03b-44fb-91da-e96c463f1b85, folder=e0d15d7d-1b7d-4422-9c32-c69fd61b8629, disabledWYSIWYG=[], sortOrder=1, modUser=system, host=10ab8fb7-f7e0-40fe-bd4d-5fd9d84eab0f, stInode=c541abb1-69b3-4bc5-8430-5e09e5239cc8, friendlyName=test-page-friendly-name-1689890912456},lowIndexPriority=false,variantId=DEFAULT], parent=com.dotmarketing.portlets.folders.model.Folder@2b58a41d[identifier=e0d15d7d-1b7d-4422-9c32-c69fd61b8629,name=testName1689890912340,sortOrder=0,showOnMenu=false,hostId=10ab8fb7-f7e0-40fe-bd4d-5fd9d84eab0f,type=folder,title=testTitle1689890912340,filesMasks=,defaultFileType=33888b6f-7a8e-4069-b1b6-5c1aa9d0a48d,modDate=2023-07-20 22:08:32.343,owner=&lt;null&gt;,iDate=2023-07-20 22:08:32.343,inode=e0d15d7d-1b7d-4422-9c32-c69fd61b8629,path=/testName1689890912340/], expectedName='test-page-url-1689890912456', expectedType='htmlpageasset'}]" classname="com.dotmarketing.business.DeterministicIdentifierAPITest" time="0.003"/>
  <testcase name="Test_Asset_Generate_Deterministic_Id_Best_Effort[4: TestCase{versionable=com.dotmarketing.portlets.contentlet.model.Contentlet@492b949a[map={fileAsset2=/home/runner/work/core/custom/assets/6/4/64027e64-0f9a-4a1b-b29e-2c2de2ecf27f/fileAsset2/test_binary1689890914319.png, modDate=2023-07-20 22:08:34.324, fileAsset1=/home/runner/work/core/custom/assets/6/4/64027e64-0f9a-4a1b-b29e-2c2de2ecf27f/fileAsset1/test_binary1689890914319.jpg, title=blah, inode=64027e64-0f9a-4a1b-b29e-2c2de2ecf27f, __IS_NEW_CONTENT__=true, disabledWYSIWYG=[], host=48190c8c-42c4-46af-8d1a-0cd5db894797, stInode=7a368c86-6ead-4081-bb31-1fec233d822a, owner=system, identifier=bfd8f505-dc8a-4d8b-8c86-a3b59456648c, nullProperties=[], languageId=1, image1=c9daf027-8000-40da-8d34-1ec3214d0b53, folder=SYSTEM_FOLDER, __disable_workflow__=true, sortOrder=0, modUser=system},lowIndexPriority=false,variantId=DEFAULT], parent=demo.dotcms.com, expectedName='test_binary1689890914319.jpg:test_binary1689890914319.png', expectedType='MultipleBinaries1689890912679'}]" classname="com.dotmarketing.business.DeterministicIdentifierAPITest" time="0.003"/>
  <testcase name="Test_Asset_Generate_Deterministic_Id_Best_Effort[5: TestCase{versionable=name52e47f045a : keyTag52e47f045a, parent=my.host1689890911643.com, expectedName='keyTag52e47f045a', expectedType='persona'}]" classname="com.dotmarketing.business.DeterministicIdentifierAPITest" time="0.003"/>
  <testcase name="Test_Similar_Content_Type_Wont_Clash" classname="com.dotmarketing.business.DeterministicIdentifierAPITest" time="0.491"/>
  <testcase name="Test_Generate_Folder_Identifier" classname="com.dotmarketing.business.DeterministicIdentifierAPITest" time="0.506"/>
  <testcase name="Test_Generate_Content_Type_Identifier[0: ContentTypeTestCase{contentType=KeyValueContentType{name=Language Variable, id=f4d7c1b8-2c88-4071-abf1-a5328977b07d, description=Default Content Type for Language Variables, defaultType=false, fixed=true, iDate=Thu Aug 31 16:38:49 UTC 2017, system=true, versionable=true, variable=Languagevariable, modDate=Thu Jul 20 21:04:05 UTC 2023, host=SYSTEM_HOST, siteName=systemHost, icon=language, sortOrder=0, folder=SYSTEM_FOLDER, folderPath=/, markedForDeletion=true, multilingualable=false}, expectedName='Languagevariable', expectedType='KeyValue'}]" classname="com.dotmarketing.business.DeterministicIdentifierAPITest" time="0.019"/>
  <testcase name="Test_Generate_Content_Type_Identifier[1: ContentTypeTestCase{contentType=SimpleContentType{name=testName1689890914768, id=8d1bc31e-867f-4cac-813f-30f4df32d4b6, description=testDescription1689890914768, defaultType=false, fixed=false, iDate=Thu Jul 20 22:08:34 UTC 2023, system=false, versionable=true, multilingualable=false, variable=testVarname1689890914768, owner=system, modDate=Thu Jul 20 22:08:35 UTC 2023, host=48190c8c-42c4-46af-8d1a-0cd5db894797, siteName=demo.dotcms.com, icon=event_note, sortOrder=0, folder=SYSTEM_FOLDER, folderPath=/, requiredFields=[], markedForDeletion=false}, expectedName='testVarname1689890914768', expectedType='CONTENT'}]" classname="com.dotmarketing.business.DeterministicIdentifierAPITest" time="0.005"/>
  <system-out><![CDATA[]]></system-out>
  <system-err><![CDATA[]]></system-err>
</testsuite>
