<?xml version="1.0" encoding="UTF-8"?>
<testsuite name="com.dotcms.rest.api.v1.vtl.VTLResourceIntegrationTest" tests="6" skipped="0" failures="0" errors="0" timestamp="2023-07-14T23:18:46" hostname="fv-az343-544" time="12.389">
  <properties/>
  <testcase name="testGet[0: com.dotcms.rest.api.v1.vtl.VTLResourceTestCase@38497f9f]" classname="com.dotcms.rest.api.v1.vtl.VTLResourceIntegrationTest" time="2.321"/>
  <testcase name="testGet[1: com.dotcms.rest.api.v1.vtl.VTLResourceTestCase@37c543dd]" classname="com.dotcms.rest.api.v1.vtl.VTLResourceIntegrationTest" time="1.963"/>
  <testcase name="testGet[2: com.dotcms.rest.api.v1.vtl.VTLResourceTestCase@21d45b1b]" classname="com.dotcms.rest.api.v1.vtl.VTLResourceIntegrationTest" time="2.194"/>
  <testcase name="testGet[3: com.dotcms.rest.api.v1.vtl.VTLResourceTestCase@7778eeed]" classname="com.dotcms.rest.api.v1.vtl.VTLResourceIntegrationTest" time="2.026"/>
  <testcase name="testGet[4: com.dotcms.rest.api.v1.vtl.VTLResourceTestCase@4bed21a]" classname="com.dotcms.rest.api.v1.vtl.VTLResourceIntegrationTest" time="1.803"/>
  <testcase name="testGet[5: com.dotcms.rest.api.v1.vtl.VTLResourceTestCase@1978a2fb]" classname="com.dotcms.rest.api.v1.vtl.VTLResourceIntegrationTest" time="2.082"/>
  <system-out><![CDATA[]]></system-out>
  <system-err><![CDATA[]]></system-err>
</testsuite>
