<?xml version="1.0" encoding="UTF-8"?>
<testsuite name="com.dotmarketing.startup.runonce.Task05195CreatesDestroyActionAndAssignDestroyDefaultActionsToTheSystemWorkflowTest" tests="1" skipped="0" failures="0" errors="0" timestamp="2023-07-18T19:17:06" hostname="fv-az455-56" time="0.014">
  <properties/>
  <testcase name="Test_Upgrade_Task" classname="com.dotmarketing.startup.runonce.Task05195CreatesDestroyActionAndAssignDestroyDefaultActionsToTheSystemWorkflowTest" time="0.014"/>
  <system-out><![CDATA[]]></system-out>
  <system-err><![CDATA[]]></system-err>
</testsuite>
