<?xml version="1.0" encoding="UTF-8"?>
<testsuite name="com.dotcms.integritycheckers.IntegrityUtilTest" tests="7" skipped="0" failures="0" errors="0" timestamp="2023-06-30T22:07:22" hostname="fv-az247-376" time="11.162">
  <properties/>
  <testcase name="folderWithConflicts[0: true]" classname="com.dotcms.integritycheckers.IntegrityUtilTest" time="1.775"/>
  <testcase name="folderWithConflicts[1: false]" classname="com.dotcms.integritycheckers.IntegrityUtilTest" time="1.056"/>
  <testcase name="contentTypeWithConflicts" classname="com.dotcms.integritycheckers.IntegrityUtilTest" time="0.124"/>
  <testcase name="contentFileWithConflicts" classname="com.dotcms.integritycheckers.IntegrityUtilTest" time="3.005"/>
  <testcase name="hostFileWithConflicts" classname="com.dotcms.integritycheckers.IntegrityUtilTest" time="2.113"/>
  <testcase name="roleFileWithConflicts" classname="com.dotcms.integritycheckers.IntegrityUtilTest" time="0.149"/>
  <testcase name="pageFileWithConflicts" classname="com.dotcms.integritycheckers.IntegrityUtilTest" time="2.938"/>
  <system-out><![CDATA[]]></system-out>
  <system-err><![CDATA[]]></system-err>
</testsuite>
