<?xml version="1.0" encoding="UTF-8"?>
<testsuite name="com.dotmarketing.business.DeterministicIdentifierAPITest" tests="16" skipped="0" failures="0" errors="0" timestamp="2023-07-11T03:49:33" hostname="fv-az407-783" time="0.953">
  <properties/>
  <testcase name="Test_Category_Path_Seed_And_Id" classname="com.dotmarketing.business.DeterministicIdentifierAPITest" time="0.019"/>
  <testcase name="Test_Language_Deterministic_Id[0: LanguageTestCase{expectedSeed='Language:es:US', expectedHash=4913155, langCode='es', countryCode='US', country='United States'}]" classname="com.dotmarketing.business.DeterministicIdentifierAPITest" time="0.002"/>
  <testcase name="Test_Language_Deterministic_Id[1: LanguageTestCase{expectedSeed='Language:ep:', expectedHash=5292269, langCode='ep', countryCode='', country=''}]" classname="com.dotmarketing.business.DeterministicIdentifierAPITest" time="0.001"/>
  <testcase name="Test_Language_Deterministic_Id[2: LanguageTestCase{expectedSeed='Language:sg:SAG', expectedHash=4713118, langCode='sg', countryCode='SAG', country=''}]" classname="com.dotmarketing.business.DeterministicIdentifierAPITest" time="0.001"/>
  <testcase name="Test_Language_Deterministic_Id[3: LanguageTestCase{expectedSeed='Language:en:NZ', expectedHash=5382528, langCode='en', countryCode='NZ', country='New Zealand'}]" classname="com.dotmarketing.business.DeterministicIdentifierAPITest" time="0.001"/>
  <testcase name="Test_Category_None_Persisted_Category_Should_Return_Deterministic_Id" classname="com.dotmarketing.business.DeterministicIdentifierAPITest" time="0.001"/>
  <testcase name="Test_Asset_Generate_Deterministic_Id_Best_Effort[0: TestCase{versionable=my.host1689046990481.com, parent=System Host, expectedName='my.host1689046990481.com', expectedType='Host'}]" classname="com.dotmarketing.business.DeterministicIdentifierAPITest" time="0.002"/>
  <testcase name="Test_Asset_Generate_Deterministic_Id_Best_Effort[1: TestCase{versionable=com.dotmarketing.portlets.contentlet.model.Contentlet@7a63e49[map={modDate=2023-07-11 03:43:11.26, fileName=file11274113422854818374.txt, title=file11274113422854818374.txt, inode=f34b7626-9679-4ca6-a740-1877b0a669d5, __IS_NEW_CONTENT__=true, disabledWYSIWYG=[], host=b8aa29d5-081b-4c6d-9db4-d432ab210370, stInode=33888b6f-7a8e-4069-b1b6-5c1aa9d0a48d, owner=system, identifier=c1a62e45-345d-429b-8c4d-9629088e655c, nullProperties=[wfExpireDate, wfPublishDate, wfActionAssign, wfActionId, wfActionComments, filterKey, whereToSend, wfNeverExpire, _path_to_move, timezoneId, iWantTo, wfPublishTime, wfExpireTime], languageId=1, fileAsset=/home/runner/work/core/custom/assets/f/3/f34b7626-9679-4ca6-a740-1877b0a669d5/fileAsset/file11274113422854818374.txt, folder=6a8c9f15-814e-4eb1-9799-68f0252d5753, __disable_workflow__=true, sortOrder=0, modUser=system},lowIndexPriority=false,variantId=DEFAULT], parent=com.dotmarketing.portlets.folders.model.Folder@55b46bf8[identifier=6a8c9f15-814e-4eb1-9799-68f0252d5753,name=testName1689046991254,sortOrder=0,showOnMenu=false,hostId=b8aa29d5-081b-4c6d-9db4-d432ab210370,type=folder,title=testTitle1689046991254,filesMasks=,defaultFileType=33888b6f-7a8e-4069-b1b6-5c1aa9d0a48d,modDate=2023-07-11 03:43:11.257,owner=&lt;null&gt;,iDate=2023-07-11 03:43:11.257,inode=6a8c9f15-814e-4eb1-9799-68f0252d5753,path=/testName1689046991254/], expectedName='file11274113422854818374.txt', expectedType='FileAsset'}]" classname="com.dotmarketing.business.DeterministicIdentifierAPITest" time="0.003"/>
  <testcase name="Test_Asset_Generate_Deterministic_Id_Best_Effort[2: TestCase{versionable=com.dotmarketing.portlets.templates.model.Template@a9d31000, parent=my.host1689046990481.com, expectedName='testTitle1689046991346', expectedType='Template'}]" classname="com.dotmarketing.business.DeterministicIdentifierAPITest" time="0.002"/>
  <testcase name="Test_Asset_Generate_Deterministic_Id_Best_Effort[3: TestCase{versionable=com.dotmarketing.portlets.htmlpageasset.model.HTMLPageAsset@428ca735[map={template=e0058a4e-a045-4e8a-ad4b-6d4162750ed9, owner=system, identifier=74082967-f92e-4dfe-be9b-767925eec69e, nullProperties=[wfExpireDate, wfPublishDate, wfActionAssign, wfActionId, wfActionComments, filterKey, whereToSend, wfNeverExpire, _path_to_move, timezoneId, iWantTo, wfPublishTime, wfExpireTime], modDate=2023-07-11 03:43:11.363, cachettl=0, _is_test_mode=true, languageId=1, title=test-page-title-1689046991360, httpsreq=, url=test-page-url-1689046991360, showOnMenu=, inode=bf176367-489d-4928-bcdc-eda5c89cd991, folder=6a8c9f15-814e-4eb1-9799-68f0252d5753, disabledWYSIWYG=[], sortOrder=1, modUser=system, host=b8aa29d5-081b-4c6d-9db4-d432ab210370, stInode=c541abb1-69b3-4bc5-8430-5e09e5239cc8, friendlyName=test-page-friendly-name-1689046991360},lowIndexPriority=false,variantId=DEFAULT], parent=com.dotmarketing.portlets.folders.model.Folder@55b46bf8[identifier=6a8c9f15-814e-4eb1-9799-68f0252d5753,name=testName1689046991254,sortOrder=0,showOnMenu=false,hostId=b8aa29d5-081b-4c6d-9db4-d432ab210370,type=folder,title=testTitle1689046991254,filesMasks=,defaultFileType=33888b6f-7a8e-4069-b1b6-5c1aa9d0a48d,modDate=2023-07-11 03:43:11.257,owner=&lt;null&gt;,iDate=2023-07-11 03:43:11.257,inode=6a8c9f15-814e-4eb1-9799-68f0252d5753,path=/testName1689046991254/], expectedName='test-page-url-1689046991360', expectedType='htmlpageasset'}]" classname="com.dotmarketing.business.DeterministicIdentifierAPITest" time="0.002"/>
  <testcase name="Test_Asset_Generate_Deterministic_Id_Best_Effort[4: TestCase{versionable=com.dotmarketing.portlets.contentlet.model.Contentlet@1616dca4[map={fileAsset2=/home/runner/work/core/custom/assets/8/0/8085f743-18ec-40ee-9901-2f60d86df7bf/fileAsset2/test_binary1689046992212.png, modDate=2023-07-11 03:43:12.219, fileAsset1=/home/runner/work/core/custom/assets/8/0/8085f743-18ec-40ee-9901-2f60d86df7bf/fileAsset1/test_binary1689046992212.jpg, title=blah, inode=8085f743-18ec-40ee-9901-2f60d86df7bf, __IS_NEW_CONTENT__=true, disabledWYSIWYG=[], host=48190c8c-42c4-46af-8d1a-0cd5db894797, stInode=5e01fb1f-a4b5-4257-a5ce-17c189b4d23e, owner=system, identifier=c4da3e4b-6268-4a5c-aa2a-26048f5de6a8, nullProperties=[], languageId=1, image1=c2c116dd-75d9-4c39-b542-3e128e1385ce, folder=SYSTEM_FOLDER, __disable_workflow__=true, sortOrder=0, modUser=system},lowIndexPriority=false,variantId=DEFAULT], parent=demo.dotcms.com, expectedName='test_binary1689046992212.jpg:test_binary1689046992212.png', expectedType='MultipleBinaries1689046991527'}]" classname="com.dotmarketing.business.DeterministicIdentifierAPITest" time="0.002"/>
  <testcase name="Test_Asset_Generate_Deterministic_Id_Best_Effort[5: TestCase{versionable=name709695faeb : keyTag709695faeb, parent=my.host1689046990481.com, expectedName='keyTag709695faeb', expectedType='persona'}]" classname="com.dotmarketing.business.DeterministicIdentifierAPITest" time="0.003"/>
  <testcase name="Test_Similar_Content_Type_Wont_Clash" classname="com.dotmarketing.business.DeterministicIdentifierAPITest" time="0.379"/>
  <testcase name="Test_Generate_Folder_Identifier" classname="com.dotmarketing.business.DeterministicIdentifierAPITest" time="0.524"/>
  <testcase name="Test_Generate_Content_Type_Identifier[0: ContentTypeTestCase{contentType=KeyValueContentType{name=Language Variable, id=f4d7c1b8-2c88-4071-abf1-a5328977b07d, description=Default Content Type for Language Variables, defaultType=false, fixed=true, iDate=Thu Aug 31 16:38:49 UTC 2017, system=true, versionable=true, variable=Languagevariable, modDate=Tue Jul 11 02:40:47 UTC 2023, host=SYSTEM_HOST, siteName=systemHost, icon=language, sortOrder=0, folder=SYSTEM_FOLDER, folderPath=/, markedForDeletion=true, multilingualable=false}, expectedName='Languagevariable', expectedType='KeyValue'}]" classname="com.dotmarketing.business.DeterministicIdentifierAPITest" time="0.003"/>
  <testcase name="Test_Generate_Content_Type_Identifier[1: ContentTypeTestCase{contentType=SimpleContentType{name=testName1689046992579, id=00ea8370-228b-45aa-9acb-29df5a03014b, description=testDescription1689046992579, defaultType=false, fixed=false, iDate=Tue Jul 11 03:43:12 UTC 2023, system=false, versionable=true, multilingualable=false, variable=testVarname1689046992579, owner=system, modDate=Tue Jul 11 03:43:13 UTC 2023, host=48190c8c-42c4-46af-8d1a-0cd5db894797, siteName=demo.dotcms.com, icon=event_note, sortOrder=0, folder=SYSTEM_FOLDER, folderPath=/, requiredFields=[], markedForDeletion=false}, expectedName='testVarname1689046992579', expectedType='CONTENT'}]" classname="com.dotmarketing.business.DeterministicIdentifierAPITest" time="0.004"/>
  <system-out><![CDATA[]]></system-out>
  <system-err><![CDATA[]]></system-err>
</testsuite>
