<?xml version="1.0" encoding="UTF-8"?>
<testsuite name="com.dotmarketing.quartz.DotStatefulJobTest" tests="4" skipped="0" failures="0" errors="0" timestamp="2023-07-21T17:38:11" hostname="fv-az1233-524" time="53.522">
  <properties/>
  <testcase name="Test_Launch_Stateful_Jobs_Verify_They_Dont_Overlap_In_Time" classname="com.dotmarketing.quartz.DotStatefulJobTest" time="33.493"/>
  <testcase name="Test_Schedule_Task_Make_It_Start_Later_Expect_No_Exception" classname="com.dotmarketing.quartz.DotStatefulJobTest" time="10.015"/>
  <testcase name="Test_Stateful_Job_Utility_Methods" classname="com.dotmarketing.quartz.DotStatefulJobTest" time="0.001"/>
  <testcase name="Test_Schedule_Task_Make_It_Start_Later_Expect_SchedulerException" classname="com.dotmarketing.quartz.DotStatefulJobTest" time="10.013"/>
  <system-out><![CDATA[]]></system-out>
  <system-err><![CDATA[]]></system-err>
</testsuite>
