<?xml version="1.0" encoding="UTF-8"?>
<testsuite name="com.dotmarketing.business.DeterministicIdentifierAPITest" tests="16" skipped="0" failures="0" errors="0" timestamp="2023-07-03T18:12:27" hostname="fv-az313-710" time="0.99">
  <properties/>
  <testcase name="Test_Category_Path_Seed_And_Id" classname="com.dotmarketing.business.DeterministicIdentifierAPITest" time="0.024"/>
  <testcase name="Test_Language_Deterministic_Id[0: LanguageTestCase{expectedSeed='Language:es:US', expectedHash=4913155, langCode='es', countryCode='US', country='United States'}]" classname="com.dotmarketing.business.DeterministicIdentifierAPITest" time="0.001"/>
  <testcase name="Test_Language_Deterministic_Id[1: LanguageTestCase{expectedSeed='Language:ep:', expectedHash=5292269, langCode='ep', countryCode='', country=''}]" classname="com.dotmarketing.business.DeterministicIdentifierAPITest" time="0.001"/>
  <testcase name="Test_Language_Deterministic_Id[2: LanguageTestCase{expectedSeed='Language:sg:SAG', expectedHash=4713118, langCode='sg', countryCode='SAG', country=''}]" classname="com.dotmarketing.business.DeterministicIdentifierAPITest" time="0.001"/>
  <testcase name="Test_Language_Deterministic_Id[3: LanguageTestCase{expectedSeed='Language:en:NZ', expectedHash=5382528, langCode='en', countryCode='NZ', country='New Zealand'}]" classname="com.dotmarketing.business.DeterministicIdentifierAPITest" time="0.001"/>
  <testcase name="Test_Category_None_Persisted_Category_Should_Return_Deterministic_Id" classname="com.dotmarketing.business.DeterministicIdentifierAPITest" time="0.001"/>
  <testcase name="Test_Asset_Generate_Deterministic_Id_Best_Effort[0: TestCase{versionable=my.host1688407564532.com, parent=System Host, expectedName='my.host1688407564532.com', expectedType='Host'}]" classname="com.dotmarketing.business.DeterministicIdentifierAPITest" time="0.003"/>
  <testcase name="Test_Asset_Generate_Deterministic_Id_Best_Effort[1: TestCase{versionable=com.dotmarketing.portlets.contentlet.model.Contentlet@3a3f4d13[map={modDate=2023-07-03 18:06:05.214, fileName=file16138465116819299679.txt, title=file16138465116819299679.txt, inode=7c8d860a-05df-453a-a079-d304a65cef3c, __IS_NEW_CONTENT__=true, disabledWYSIWYG=[], host=d9c86dc4-ab30-49cd-83b6-02379581454c, stInode=33888b6f-7a8e-4069-b1b6-5c1aa9d0a48d, owner=system, identifier=a21f305c-ca49-43be-991f-62c951ff1080, nullProperties=[wfExpireDate, wfPublishDate, wfActionAssign, wfActionId, wfActionComments, filterKey, whereToSend, wfNeverExpire, _path_to_move, timezoneId, iWantTo, wfPublishTime, wfExpireTime], languageId=1, fileAsset=/home/runner/work/core/custom/assets/7/c/7c8d860a-05df-453a-a079-d304a65cef3c/fileAsset/file16138465116819299679.txt, folder=7eec5142-40ea-49dc-8782-2f5ae09395b8, __disable_workflow__=true, sortOrder=0, modUser=system},lowIndexPriority=false,variantId=DEFAULT], parent=com.dotmarketing.portlets.folders.model.Folder@60764f48[identifier=7eec5142-40ea-49dc-8782-2f5ae09395b8,name=testName1688407565208,sortOrder=0,showOnMenu=false,hostId=d9c86dc4-ab30-49cd-83b6-02379581454c,type=folder,title=testTitle1688407565208,filesMasks=,defaultFileType=33888b6f-7a8e-4069-b1b6-5c1aa9d0a48d,modDate=2023-07-03 18:06:05.21,owner=&lt;null&gt;,iDate=2023-07-03 18:06:05.21,inode=7eec5142-40ea-49dc-8782-2f5ae09395b8,path=/testName1688407565208/], expectedName='file16138465116819299679.txt', expectedType='FileAsset'}]" classname="com.dotmarketing.business.DeterministicIdentifierAPITest" time="0.003"/>
  <testcase name="Test_Asset_Generate_Deterministic_Id_Best_Effort[2: TestCase{versionable=com.dotmarketing.portlets.templates.model.Template@eb30589d, parent=my.host1688407564532.com, expectedName='testTitle1688407565297', expectedType='Template'}]" classname="com.dotmarketing.business.DeterministicIdentifierAPITest" time="0.002"/>
  <testcase name="Test_Asset_Generate_Deterministic_Id_Best_Effort[3: TestCase{versionable=com.dotmarketing.portlets.htmlpageasset.model.HTMLPageAsset@93d323c[map={template=867848b9-1a1f-4c18-af41-49107ade1aa7, owner=system, identifier=87ade68f-e63d-4997-8689-007a025982d6, nullProperties=[wfExpireDate, wfPublishDate, wfActionAssign, wfActionId, wfActionComments, filterKey, whereToSend, wfNeverExpire, _path_to_move, timezoneId, iWantTo, wfPublishTime, wfExpireTime], modDate=2023-07-03 18:06:05.314, cachettl=0, _is_test_mode=true, languageId=1, title=test-page-title-1688407565310, httpsreq=, url=test-page-url-1688407565310, showOnMenu=, inode=d6c60ac3-2d63-4edf-a6f3-fdbd7c020b6f, folder=7eec5142-40ea-49dc-8782-2f5ae09395b8, disabledWYSIWYG=[], sortOrder=1, modUser=system, host=d9c86dc4-ab30-49cd-83b6-02379581454c, stInode=c541abb1-69b3-4bc5-8430-5e09e5239cc8, friendlyName=test-page-friendly-name-1688407565310},lowIndexPriority=false,variantId=DEFAULT], parent=com.dotmarketing.portlets.folders.model.Folder@60764f48[identifier=7eec5142-40ea-49dc-8782-2f5ae09395b8,name=testName1688407565208,sortOrder=0,showOnMenu=false,hostId=d9c86dc4-ab30-49cd-83b6-02379581454c,type=folder,title=testTitle1688407565208,filesMasks=,defaultFileType=33888b6f-7a8e-4069-b1b6-5c1aa9d0a48d,modDate=2023-07-03 18:06:05.21,owner=&lt;null&gt;,iDate=2023-07-03 18:06:05.21,inode=7eec5142-40ea-49dc-8782-2f5ae09395b8,path=/testName1688407565208/], expectedName='test-page-url-1688407565310', expectedType='htmlpageasset'}]" classname="com.dotmarketing.business.DeterministicIdentifierAPITest" time="0.002"/>
  <testcase name="Test_Asset_Generate_Deterministic_Id_Best_Effort[4: TestCase{versionable=com.dotmarketing.portlets.contentlet.model.Contentlet@204b5ffb[map={fileAsset2=/home/runner/work/core/custom/assets/2/d/2d2d7d33-1691-4cb4-b36a-5ecbd58b0d10/fileAsset2/test_binary1688407566201.png, modDate=2023-07-03 18:06:06.205, fileAsset1=/home/runner/work/core/custom/assets/2/d/2d2d7d33-1691-4cb4-b36a-5ecbd58b0d10/fileAsset1/test_binary1688407566201.jpg, title=blah, inode=2d2d7d33-1691-4cb4-b36a-5ecbd58b0d10, __IS_NEW_CONTENT__=true, disabledWYSIWYG=[], host=48190c8c-42c4-46af-8d1a-0cd5db894797, stInode=a4d6d001-bdf8-4abd-91d9-5473c2272a72, owner=system, identifier=44a969cb-eecf-4e2a-835d-0bce968ea645, nullProperties=[], languageId=1, image1=e057729e-5200-4346-8020-ee76ffa3c4dd, folder=SYSTEM_FOLDER, __disable_workflow__=true, sortOrder=0, modUser=system},lowIndexPriority=false,variantId=DEFAULT], parent=demo.dotcms.com, expectedName='test_binary1688407566201.jpg:test_binary1688407566201.png', expectedType='MultipleBinaries1688407565502'}]" classname="com.dotmarketing.business.DeterministicIdentifierAPITest" time="0.003"/>
  <testcase name="Test_Asset_Generate_Deterministic_Id_Best_Effort[5: TestCase{versionable=name08869c3cb9 : keyTag08869c3cb9, parent=my.host1688407564532.com, expectedName='keyTag08869c3cb9', expectedType='persona'}]" classname="com.dotmarketing.business.DeterministicIdentifierAPITest" time="0.003"/>
  <testcase name="Test_Similar_Content_Type_Wont_Clash" classname="com.dotmarketing.business.DeterministicIdentifierAPITest" time="0.367"/>
  <testcase name="Test_Generate_Folder_Identifier" classname="com.dotmarketing.business.DeterministicIdentifierAPITest" time="0.568"/>
  <testcase name="Test_Generate_Content_Type_Identifier[0: ContentTypeTestCase{contentType=KeyValueContentType{name=Language Variable, id=f4d7c1b8-2c88-4071-abf1-a5328977b07d, description=Default Content Type for Language Variables, defaultType=false, fixed=true, iDate=Thu Aug 31 16:38:49 UTC 2017, system=true, versionable=true, variable=Languagevariable, modDate=Mon Jul 03 17:02:17 UTC 2023, host=SYSTEM_HOST, siteName=systemHost, icon=language, sortOrder=0, folder=SYSTEM_FOLDER, folderPath=/, markedForDeletion=true, multilingualable=false}, expectedName='Languagevariable', expectedType='KeyValue'}]" classname="com.dotmarketing.business.DeterministicIdentifierAPITest" time="0.004"/>
  <testcase name="Test_Generate_Content_Type_Identifier[1: ContentTypeTestCase{contentType=SimpleContentType{name=testName1688407566536, id=40d76d0d-9de1-44e0-b688-787d846d1673, description=testDescription1688407566536, defaultType=false, fixed=false, iDate=Mon Jul 03 18:06:06 UTC 2023, system=false, versionable=true, multilingualable=false, variable=testVarname1688407566536, owner=system, modDate=Mon Jul 03 18:06:07 UTC 2023, host=48190c8c-42c4-46af-8d1a-0cd5db894797, siteName=demo.dotcms.com, icon=event_note, sortOrder=0, folder=SYSTEM_FOLDER, folderPath=/, requiredFields=[], markedForDeletion=false}, expectedName='testVarname1688407566536', expectedType='CONTENT'}]" classname="com.dotmarketing.business.DeterministicIdentifierAPITest" time="0.004"/>
  <system-out><![CDATA[]]></system-out>
  <system-err><![CDATA[]]></system-err>
</testsuite>
