<?xml version="1.0" encoding="UTF-8"?>
<testsuite name="com.dotcms.rest.api.v1.vtl.VTLResourceIntegrationTest" tests="6" skipped="0" failures="0" errors="0" timestamp="2023-07-21T06:08:55" hostname="fv-az484-380" time="10.065">
  <properties/>
  <testcase name="testGet[0: com.dotcms.rest.api.v1.vtl.VTLResourceTestCase@70db895e]" classname="com.dotcms.rest.api.v1.vtl.VTLResourceIntegrationTest" time="2.111"/>
  <testcase name="testGet[1: com.dotcms.rest.api.v1.vtl.VTLResourceTestCase@2e1c958f]" classname="com.dotcms.rest.api.v1.vtl.VTLResourceIntegrationTest" time="1.896"/>
  <testcase name="testGet[2: com.dotcms.rest.api.v1.vtl.VTLResourceTestCase@1422419c]" classname="com.dotcms.rest.api.v1.vtl.VTLResourceIntegrationTest" time="1.118"/>
  <testcase name="testGet[3: com.dotcms.rest.api.v1.vtl.VTLResourceTestCase@2a3b3fd0]" classname="com.dotcms.rest.api.v1.vtl.VTLResourceIntegrationTest" time="1.131"/>
  <testcase name="testGet[4: com.dotcms.rest.api.v1.vtl.VTLResourceTestCase@686d2b0]" classname="com.dotcms.rest.api.v1.vtl.VTLResourceIntegrationTest" time="1.756"/>
  <testcase name="testGet[5: com.dotcms.rest.api.v1.vtl.VTLResourceTestCase@4cfc8f02]" classname="com.dotcms.rest.api.v1.vtl.VTLResourceIntegrationTest" time="2.053"/>
  <system-out><![CDATA[]]></system-out>
  <system-err><![CDATA[]]></system-err>
</testsuite>
