<?xml version="1.0" encoding="UTF-8"?>
<testsuite name="com.dotmarketing.portlets.structure.model.ContentletRelationshipsTest" tests="7" skipped="0" failures="0" errors="0" timestamp="2023-06-30T05:31:13" hostname="fv-az210-575" time="8.498">
  <properties/>
  <testcase name="testDoesAllowOnlyOne[0: com.dotmarketing.portlets.structure.model.ContentletRelationshipsTest$CardinalityTestCase@5a534b80]" classname="com.dotmarketing.portlets.structure.model.ContentletRelationshipsTest" time="0.598"/>
  <testcase name="testDoesAllowOnlyOne[1: com.dotmarketing.portlets.structure.model.ContentletRelationshipsTest$CardinalityTestCase@23b625b9]" classname="com.dotmarketing.portlets.structure.model.ContentletRelationshipsTest" time="0.402"/>
  <testcase name="testDoesAllowOnlyOne[2: com.dotmarketing.portlets.structure.model.ContentletRelationshipsTest$CardinalityTestCase@3e9a5925]" classname="com.dotmarketing.portlets.structure.model.ContentletRelationshipsTest" time="0.402"/>
  <testcase name="testGetRelationshipRecords[0: com.dotmarketing.portlets.structure.model.ContentletRelationshipsTest$TestCase@27e600dd]" classname="com.dotmarketing.portlets.structure.model.ContentletRelationshipsTest" time="1.85"/>
  <testcase name="testGetRelationshipRecords[1: com.dotmarketing.portlets.structure.model.ContentletRelationshipsTest$TestCase@67a950ea]" classname="com.dotmarketing.portlets.structure.model.ContentletRelationshipsTest" time="1.822"/>
  <testcase name="testGetRelationshipRecords[2: com.dotmarketing.portlets.structure.model.ContentletRelationshipsTest$TestCase@75a03a4b]" classname="com.dotmarketing.portlets.structure.model.ContentletRelationshipsTest" time="1.684"/>
  <testcase name="testGetRelationshipRecords[3: com.dotmarketing.portlets.structure.model.ContentletRelationshipsTest$TestCase@191f16ab]" classname="com.dotmarketing.portlets.structure.model.ContentletRelationshipsTest" time="1.74"/>
  <system-out><![CDATA[]]></system-out>
  <system-err><![CDATA[]]></system-err>
</testsuite>
