<?xml version="1.0" encoding="UTF-8"?>
<testsuite name="com.dotmarketing.servlets.ajax.AjaxDirectorServletIntegrationTest" tests="2" skipped="0" failures="0" errors="0" timestamp="2023-07-18T22:38:51" hostname="fv-az247-820" time="1.041">
  <properties/>
  <testcase name="testService[0: com.dotmarketing.servlets.ajax.AjaxDirectorServletTestCase@1db6c0ad]" classname="com.dotmarketing.servlets.ajax.AjaxDirectorServletIntegrationTest" time="0.713"/>
  <testcase name="testService[1: com.dotmarketing.servlets.ajax.AjaxDirectorServletTestCase@6222cadc]" classname="com.dotmarketing.servlets.ajax.AjaxDirectorServletIntegrationTest" time="0.328"/>
  <system-out><![CDATA[]]></system-out>
  <system-err><![CDATA[]]></system-err>
</testsuite>
