<?xml version="1.0" encoding="UTF-8"?>
<testsuite name="com.dotcms.rest.elasticsearch.ESContentResourcePortletTest" tests="8" skipped="0" failures="0" errors="0" timestamp="2023-07-13T18:14:26" hostname="fv-az590-649" time="8.744">
  <properties/>
  <testcase name="test_search_includeGrandChildCategory_success" classname="com.dotcms.rest.elasticsearch.ESContentResourcePortletTest" time="2.152"/>
  <testcase name="testSearch[0: com.dotcms.rest.elasticsearch.ESContentResourcePortletTest$TestCase@182ade1c]" classname="com.dotcms.rest.elasticsearch.ESContentResourcePortletTest" time="1.038"/>
  <testcase name="testSearch[1: com.dotcms.rest.elasticsearch.ESContentResourcePortletTest$TestCase@7be37de8]" classname="com.dotcms.rest.elasticsearch.ESContentResourcePortletTest" time="0.416"/>
  <testcase name="testSearch[2: com.dotcms.rest.elasticsearch.ESContentResourcePortletTest$TestCase@671a803e]" classname="com.dotcms.rest.elasticsearch.ESContentResourcePortletTest" time="1.168"/>
  <testcase name="testSearch[3: com.dotcms.rest.elasticsearch.ESContentResourcePortletTest$TestCase@1e4a9c65]" classname="com.dotcms.rest.elasticsearch.ESContentResourcePortletTest" time="1.386"/>
  <testcase name="testSearch[4: com.dotcms.rest.elasticsearch.ESContentResourcePortletTest$TestCase@50de6b8e]" classname="com.dotcms.rest.elasticsearch.ESContentResourcePortletTest" time="0.377"/>
  <testcase name="testSearch[5: com.dotcms.rest.elasticsearch.ESContentResourcePortletTest$TestCase@30b24040]" classname="com.dotcms.rest.elasticsearch.ESContentResourcePortletTest" time="1.097"/>
  <testcase name="testSearch[6: com.dotcms.rest.elasticsearch.ESContentResourcePortletTest$TestCase@39a3d18]" classname="com.dotcms.rest.elasticsearch.ESContentResourcePortletTest" time="1.11"/>
  <system-out><![CDATA[]]></system-out>
  <system-err><![CDATA[]]></system-err>
</testsuite>
