<?xml version="1.0" encoding="UTF-8"?>
<testsuite name="com.dotcms.rest.elasticsearch.ESContentResourcePortletTest" tests="8" skipped="0" failures="0" errors="0" timestamp="2023-06-23T23:12:24" hostname="fv-az444-739" time="7.739">
  <properties/>
  <testcase name="test_search_includeGrandChildCategory_success" classname="com.dotcms.rest.elasticsearch.ESContentResourcePortletTest" time="1.371"/>
  <testcase name="testSearch[0: com.dotcms.rest.elasticsearch.ESContentResourcePortletTest$TestCase@2047a425]" classname="com.dotcms.rest.elasticsearch.ESContentResourcePortletTest" time="0.937"/>
  <testcase name="testSearch[1: com.dotcms.rest.elasticsearch.ESContentResourcePortletTest$TestCase@647cd295]" classname="com.dotcms.rest.elasticsearch.ESContentResourcePortletTest" time="1.276"/>
  <testcase name="testSearch[2: com.dotcms.rest.elasticsearch.ESContentResourcePortletTest$TestCase@7f22026b]" classname="com.dotcms.rest.elasticsearch.ESContentResourcePortletTest" time="0.889"/>
  <testcase name="testSearch[3: com.dotcms.rest.elasticsearch.ESContentResourcePortletTest$TestCase@780b3910]" classname="com.dotcms.rest.elasticsearch.ESContentResourcePortletTest" time="1.227"/>
  <testcase name="testSearch[4: com.dotcms.rest.elasticsearch.ESContentResourcePortletTest$TestCase@6570dcb8]" classname="com.dotcms.rest.elasticsearch.ESContentResourcePortletTest" time="0.284"/>
  <testcase name="testSearch[5: com.dotcms.rest.elasticsearch.ESContentResourcePortletTest$TestCase@671a42f9]" classname="com.dotcms.rest.elasticsearch.ESContentResourcePortletTest" time="0.877"/>
  <testcase name="testSearch[6: com.dotcms.rest.elasticsearch.ESContentResourcePortletTest$TestCase@844352b]" classname="com.dotcms.rest.elasticsearch.ESContentResourcePortletTest" time="0.878"/>
  <system-out><![CDATA[]]></system-out>
  <system-err><![CDATA[]]></system-err>
</testsuite>
