<?xml version="1.0" encoding="UTF-8"?>
<testsuite name="com.dotmarketing.servlets.ajax.AjaxDirectorServletIntegrationTest" tests="2" skipped="0" failures="0" errors="0" timestamp="2023-07-13T22:36:47" hostname="fv-az166-219" time="2.176">
  <properties/>
  <testcase name="testService[0: com.dotmarketing.servlets.ajax.AjaxDirectorServletTestCase@34f2d314]" classname="com.dotmarketing.servlets.ajax.AjaxDirectorServletIntegrationTest" time="0.989"/>
  <testcase name="testService[1: com.dotmarketing.servlets.ajax.AjaxDirectorServletTestCase@2258e862]" classname="com.dotmarketing.servlets.ajax.AjaxDirectorServletIntegrationTest" time="1.187"/>
  <system-out><![CDATA[]]></system-out>
  <system-err><![CDATA[]]></system-err>
</testsuite>
