<?xml version="1.0" encoding="UTF-8"?>
<testsuite name="com.dotcms.rest.elasticsearch.ESContentResourcePortletTest" tests="8" skipped="0" failures="0" errors="0" timestamp="2023-06-30T23:59:46" hostname="fv-az613-350" time="8.589">
  <properties/>
  <testcase name="test_search_includeGrandChildCategory_success" classname="com.dotcms.rest.elasticsearch.ESContentResourcePortletTest" time="1.344"/>
  <testcase name="testSearch[0: com.dotcms.rest.elasticsearch.ESContentResourcePortletTest$TestCase@432d161]" classname="com.dotcms.rest.elasticsearch.ESContentResourcePortletTest" time="0.886"/>
  <testcase name="testSearch[1: com.dotcms.rest.elasticsearch.ESContentResourcePortletTest$TestCase@f237880]" classname="com.dotcms.rest.elasticsearch.ESContentResourcePortletTest" time="1.283"/>
  <testcase name="testSearch[2: com.dotcms.rest.elasticsearch.ESContentResourcePortletTest$TestCase@77ad591e]" classname="com.dotcms.rest.elasticsearch.ESContentResourcePortletTest" time="0.875"/>
  <testcase name="testSearch[3: com.dotcms.rest.elasticsearch.ESContentResourcePortletTest$TestCase@1aefbbad]" classname="com.dotcms.rest.elasticsearch.ESContentResourcePortletTest" time="1.273"/>
  <testcase name="testSearch[4: com.dotcms.rest.elasticsearch.ESContentResourcePortletTest$TestCase@8c4c848]" classname="com.dotcms.rest.elasticsearch.ESContentResourcePortletTest" time="1.238"/>
  <testcase name="testSearch[5: com.dotcms.rest.elasticsearch.ESContentResourcePortletTest$TestCase@1cb756a8]" classname="com.dotcms.rest.elasticsearch.ESContentResourcePortletTest" time="0.852"/>
  <testcase name="testSearch[6: com.dotcms.rest.elasticsearch.ESContentResourcePortletTest$TestCase@1cf8989]" classname="com.dotcms.rest.elasticsearch.ESContentResourcePortletTest" time="0.837"/>
  <system-out><![CDATA[]]></system-out>
  <system-err><![CDATA[]]></system-err>
</testsuite>
