<?xml version="1.0" encoding="UTF-8"?>
<testsuite name="com.dotmarketing.startup.runonce.Task210520UpdateAnonymousEmailTest" tests="1" skipped="0" failures="0" errors="0" timestamp="2023-06-28T15:55:48" hostname="fv-az417-729" time="0.005">
  <properties/>
  <testcase name="testExecuteUpgrade" classname="com.dotmarketing.startup.runonce.Task210520UpdateAnonymousEmailTest" time="0.005"/>
  <system-out><![CDATA[]]></system-out>
  <system-err><![CDATA[]]></system-err>
</testsuite>
