<?xml version="1.0" encoding="UTF-8"?>
<testsuite name="com.dotmarketing.portlets.workflows.actionlet.PushNowActionletTest" tests="3" skipped="0" failures="0" errors="0" timestamp="2023-07-20T18:17:40" hostname="fv-az574-670" time="4.008">
  <properties/>
  <testcase name="test_PushNowActionlet_With_Push_Remove_Param" classname="com.dotmarketing.portlets.workflows.actionlet.PushNowActionletTest" time="1.116"/>
  <testcase name="test_PushNowActionlet_getParameters_getFilters" classname="com.dotmarketing.portlets.workflows.actionlet.PushNowActionletTest" time="0.011"/>
  <testcase name="test_PushNowActionlet_BundleUsesFilterKeySet" classname="com.dotmarketing.portlets.workflows.actionlet.PushNowActionletTest" time="2.879"/>
  <system-out><![CDATA[]]></system-out>
  <system-err><![CDATA[]]></system-err>
</testsuite>
