<?xml version="1.0" encoding="UTF-8"?>
<testsuite name="com.dotcms.rest.elasticsearch.ESContentResourcePortletTest" tests="8" skipped="0" failures="0" errors="0" timestamp="2023-06-30T15:50:26" hostname="fv-az470-104" time="10.197">
  <properties/>
  <testcase name="test_search_includeGrandChildCategory_success" classname="com.dotcms.rest.elasticsearch.ESContentResourcePortletTest" time="2.42"/>
  <testcase name="testSearch[0: com.dotcms.rest.elasticsearch.ESContentResourcePortletTest$TestCase@62560a2b]" classname="com.dotcms.rest.elasticsearch.ESContentResourcePortletTest" time="1.173"/>
  <testcase name="testSearch[1: com.dotcms.rest.elasticsearch.ESContentResourcePortletTest$TestCase@72d0edb7]" classname="com.dotcms.rest.elasticsearch.ESContentResourcePortletTest" time="1.378"/>
  <testcase name="testSearch[2: com.dotcms.rest.elasticsearch.ESContentResourcePortletTest$TestCase@1cdfa8de]" classname="com.dotcms.rest.elasticsearch.ESContentResourcePortletTest" time="1.145"/>
  <testcase name="testSearch[3: com.dotcms.rest.elasticsearch.ESContentResourcePortletTest$TestCase@560a97ad]" classname="com.dotcms.rest.elasticsearch.ESContentResourcePortletTest" time="1.337"/>
  <testcase name="testSearch[4: com.dotcms.rest.elasticsearch.ESContentResourcePortletTest$TestCase@45fc815]" classname="com.dotcms.rest.elasticsearch.ESContentResourcePortletTest" time="0.4"/>
  <testcase name="testSearch[5: com.dotcms.rest.elasticsearch.ESContentResourcePortletTest$TestCase@7197207c]" classname="com.dotcms.rest.elasticsearch.ESContentResourcePortletTest" time="1.169"/>
  <testcase name="testSearch[6: com.dotcms.rest.elasticsearch.ESContentResourcePortletTest$TestCase@10efefc8]" classname="com.dotcms.rest.elasticsearch.ESContentResourcePortletTest" time="1.172"/>
  <system-out><![CDATA[]]></system-out>
  <system-err><![CDATA[]]></system-err>
</testsuite>
