<?xml version="1.0" encoding="UTF-8"?>
<testsuite name="com.dotcms.content.elasticsearch.business.IndiciesFactoryTest" tests="2" skipped="0" failures="0" errors="0" timestamp="2023-07-11T06:01:54" hostname="fv-az1234-201" time="0.024">
  <properties/>
  <testcase name="test_index_pointing_when_previously_null" classname="com.dotcms.content.elasticsearch.business.IndiciesFactoryTest" time="0.019"/>
  <testcase name="test_index_repointing_when_previously_set" classname="com.dotcms.content.elasticsearch.business.IndiciesFactoryTest" time="0.005"/>
  <system-out><![CDATA[]]></system-out>
  <system-err><![CDATA[]]></system-err>
</testsuite>
