<?xml version="1.0" encoding="UTF-8"?>
<testsuite name="com.dotmarketing.business.DeterministicIdentifierAPITest" tests="16" skipped="0" failures="0" errors="0" timestamp="2023-07-13T16:43:51" hostname="fv-az621-935" time="1.668">
  <properties/>
  <testcase name="Test_Category_Path_Seed_And_Id" classname="com.dotmarketing.business.DeterministicIdentifierAPITest" time="0.032"/>
  <testcase name="Test_Language_Deterministic_Id[0: LanguageTestCase{expectedSeed='Language:es:US', expectedHash=4913155, langCode='es', countryCode='US', country='United States'}]" classname="com.dotmarketing.business.DeterministicIdentifierAPITest" time="0.001"/>
  <testcase name="Test_Language_Deterministic_Id[1: LanguageTestCase{expectedSeed='Language:ep:', expectedHash=5292269, langCode='ep', countryCode='', country=''}]" classname="com.dotmarketing.business.DeterministicIdentifierAPITest" time="0.001"/>
  <testcase name="Test_Language_Deterministic_Id[2: LanguageTestCase{expectedSeed='Language:sg:SAG', expectedHash=4713118, langCode='sg', countryCode='SAG', country=''}]" classname="com.dotmarketing.business.DeterministicIdentifierAPITest" time="0.001"/>
  <testcase name="Test_Language_Deterministic_Id[3: LanguageTestCase{expectedSeed='Language:en:NZ', expectedHash=5382528, langCode='en', countryCode='NZ', country='New Zealand'}]" classname="com.dotmarketing.business.DeterministicIdentifierAPITest" time="0.001"/>
  <testcase name="Test_Category_None_Persisted_Category_Should_Return_Deterministic_Id" classname="com.dotmarketing.business.DeterministicIdentifierAPITest" time="0.002"/>
  <testcase name="Test_Asset_Generate_Deterministic_Id_Best_Effort[0: TestCase{versionable=my.host1689266204622.com, parent=System Host, expectedName='my.host1689266204622.com', expectedType='Host'}]" classname="com.dotmarketing.business.DeterministicIdentifierAPITest" time="0.004"/>
  <testcase name="Test_Asset_Generate_Deterministic_Id_Best_Effort[1: TestCase{versionable=com.dotmarketing.portlets.contentlet.model.Contentlet@7246d516[map={modDate=2023-07-13 16:36:45.215, fileName=file1819482714658513826.txt, title=file1819482714658513826.txt, inode=e61cc901-121e-4e50-af8e-417ac7d2a81a, __IS_NEW_CONTENT__=true, disabledWYSIWYG=[], host=d30520cc-8b04-4877-86e6-aecdffe5c9ee, stInode=33888b6f-7a8e-4069-b1b6-5c1aa9d0a48d, owner=system, identifier=c20bc319-8c89-42fd-96e5-73b3febff274, nullProperties=[wfExpireDate, wfPublishDate, wfActionAssign, wfActionId, wfActionComments, filterKey, whereToSend, wfNeverExpire, _path_to_move, timezoneId, iWantTo, wfPublishTime, wfExpireTime], languageId=1, fileAsset=/home/runner/work/core/custom/assets/e/6/e61cc901-121e-4e50-af8e-417ac7d2a81a/fileAsset/file1819482714658513826.txt, folder=a67b9c0c-1224-4640-8008-32a7fbf405cf, __disable_workflow__=true, sortOrder=0, modUser=system},lowIndexPriority=false,variantId=DEFAULT], parent=com.dotmarketing.portlets.folders.model.Folder@78e886b8[identifier=a67b9c0c-1224-4640-8008-32a7fbf405cf,name=testName1689266205205,sortOrder=0,showOnMenu=false,hostId=d30520cc-8b04-4877-86e6-aecdffe5c9ee,type=folder,title=testTitle1689266205205,filesMasks=,defaultFileType=33888b6f-7a8e-4069-b1b6-5c1aa9d0a48d,modDate=2023-07-13 16:36:45.209,owner=&lt;null&gt;,iDate=2023-07-13 16:36:45.209,inode=a67b9c0c-1224-4640-8008-32a7fbf405cf,path=/testName1689266205205/], expectedName='file1819482714658513826.txt', expectedType='FileAsset'}]" classname="com.dotmarketing.business.DeterministicIdentifierAPITest" time="0.004"/>
  <testcase name="Test_Asset_Generate_Deterministic_Id_Best_Effort[2: TestCase{versionable=com.dotmarketing.portlets.templates.model.Template@2a8d8092, parent=my.host1689266204622.com, expectedName='testTitle1689266205333', expectedType='Template'}]" classname="com.dotmarketing.business.DeterministicIdentifierAPITest" time="0.003"/>
  <testcase name="Test_Asset_Generate_Deterministic_Id_Best_Effort[3: TestCase{versionable=com.dotmarketing.portlets.htmlpageasset.model.HTMLPageAsset@22e4f63a[map={template=5fa35025-a800-4bab-a34d-3a94f21d1325, owner=system, identifier=9a3f07af-7b7f-4d6b-9b03-f814fc336eec, nullProperties=[wfExpireDate, wfPublishDate, wfActionAssign, wfActionId, wfActionComments, filterKey, whereToSend, wfNeverExpire, _path_to_move, timezoneId, iWantTo, wfPublishTime, wfExpireTime], modDate=2023-07-13 16:36:45.36, cachettl=0, _is_test_mode=true, languageId=1, title=test-page-title-1689266205354, httpsreq=, url=test-page-url-1689266205354, showOnMenu=, inode=8c2dc993-5101-4978-8b06-dadcbd051ad7, folder=a67b9c0c-1224-4640-8008-32a7fbf405cf, disabledWYSIWYG=[], sortOrder=1, modUser=system, host=d30520cc-8b04-4877-86e6-aecdffe5c9ee, stInode=c541abb1-69b3-4bc5-8430-5e09e5239cc8, friendlyName=test-page-friendly-name-1689266205354},lowIndexPriority=false,variantId=DEFAULT], parent=com.dotmarketing.portlets.folders.model.Folder@78e886b8[identifier=a67b9c0c-1224-4640-8008-32a7fbf405cf,name=testName1689266205205,sortOrder=0,showOnMenu=false,hostId=d30520cc-8b04-4877-86e6-aecdffe5c9ee,type=folder,title=testTitle1689266205205,filesMasks=,defaultFileType=33888b6f-7a8e-4069-b1b6-5c1aa9d0a48d,modDate=2023-07-13 16:36:45.209,owner=&lt;null&gt;,iDate=2023-07-13 16:36:45.209,inode=a67b9c0c-1224-4640-8008-32a7fbf405cf,path=/testName1689266205205/], expectedName='test-page-url-1689266205354', expectedType='htmlpageasset'}]" classname="com.dotmarketing.business.DeterministicIdentifierAPITest" time="0.004"/>
  <testcase name="Test_Asset_Generate_Deterministic_Id_Best_Effort[4: TestCase{versionable=com.dotmarketing.portlets.contentlet.model.Contentlet@8db510c[map={fileAsset2=/home/runner/work/core/custom/assets/0/7/0749b6e0-3788-4537-a4f3-dc3b75ec008b/fileAsset2/test_binary1689266207206.png, modDate=2023-07-13 16:36:47.213, fileAsset1=/home/runner/work/core/custom/assets/0/7/0749b6e0-3788-4537-a4f3-dc3b75ec008b/fileAsset1/test_binary1689266207206.jpg, title=blah, inode=0749b6e0-3788-4537-a4f3-dc3b75ec008b, __IS_NEW_CONTENT__=true, disabledWYSIWYG=[], host=48190c8c-42c4-46af-8d1a-0cd5db894797, stInode=c6d1f53b-5caa-400e-b8fd-8aa20bad001e, owner=system, identifier=d99a6d75-1148-4472-a675-b6c1ca7d2f9f, nullProperties=[], languageId=1, image1=d1878d9e-4191-47a8-bb6a-660e92dc7030, folder=SYSTEM_FOLDER, __disable_workflow__=true, sortOrder=0, modUser=system},lowIndexPriority=false,variantId=DEFAULT], parent=demo.dotcms.com, expectedName='test_binary1689266207206.jpg:test_binary1689266207206.png', expectedType='MultipleBinaries1689266205548'}]" classname="com.dotmarketing.business.DeterministicIdentifierAPITest" time="0.004"/>
  <testcase name="Test_Asset_Generate_Deterministic_Id_Best_Effort[5: TestCase{versionable=nameb4f95eda6f : keyTagb4f95eda6f, parent=my.host1689266204622.com, expectedName='keyTagb4f95eda6f', expectedType='persona'}]" classname="com.dotmarketing.business.DeterministicIdentifierAPITest" time="0.003"/>
  <testcase name="Test_Similar_Content_Type_Wont_Clash" classname="com.dotmarketing.business.DeterministicIdentifierAPITest" time="0.543"/>
  <testcase name="Test_Generate_Folder_Identifier" classname="com.dotmarketing.business.DeterministicIdentifierAPITest" time="1.027"/>
  <testcase name="Test_Generate_Content_Type_Identifier[0: ContentTypeTestCase{contentType=KeyValueContentType{name=Language Variable, id=f4d7c1b8-2c88-4071-abf1-a5328977b07d, description=Default Content Type for Language Variables, defaultType=false, fixed=true, iDate=Thu Aug 31 16:38:49 UTC 2017, system=true, versionable=true, variable=Languagevariable, modDate=Thu Jul 13 15:24:31 UTC 2023, host=SYSTEM_HOST, siteName=systemHost, icon=language, sortOrder=0, folder=SYSTEM_FOLDER, folderPath=/, markedForDeletion=true, multilingualable=false}, expectedName='Languagevariable', expectedType='KeyValue'}]" classname="com.dotmarketing.business.DeterministicIdentifierAPITest" time="0.019"/>
  <testcase name="Test_Generate_Content_Type_Identifier[1: ContentTypeTestCase{contentType=SimpleContentType{name=testName1689266207661, id=b0eac7fd-781f-48eb-98f6-bc06424a2f41, description=testDescription1689266207661, defaultType=false, fixed=false, iDate=Thu Jul 13 16:36:47 UTC 2023, system=false, versionable=true, multilingualable=false, variable=testVarname1689266207661, owner=system, modDate=Thu Jul 13 16:36:48 UTC 2023, host=48190c8c-42c4-46af-8d1a-0cd5db894797, siteName=demo.dotcms.com, icon=event_note, sortOrder=0, folder=SYSTEM_FOLDER, folderPath=/, requiredFields=[], markedForDeletion=false}, expectedName='testVarname1689266207661', expectedType='CONTENT'}]" classname="com.dotmarketing.business.DeterministicIdentifierAPITest" time="0.013"/>
  <system-out><![CDATA[]]></system-out>
  <system-err><![CDATA[]]></system-err>
</testsuite>
