<?xml version="1.0" encoding="UTF-8"?>
<testsuite name="com.dotmarketing.servlets.ajax.AjaxDirectorServletIntegrationTest" tests="2" skipped="0" failures="0" errors="0" timestamp="2023-07-01T03:25:03" hostname="fv-az842-282" time="4.83">
  <properties/>
  <testcase name="testService[0: com.dotmarketing.servlets.ajax.AjaxDirectorServletTestCase@6460960c]" classname="com.dotmarketing.servlets.ajax.AjaxDirectorServletIntegrationTest" time="2.185"/>
  <testcase name="testService[1: com.dotmarketing.servlets.ajax.AjaxDirectorServletTestCase@62608d9c]" classname="com.dotmarketing.servlets.ajax.AjaxDirectorServletIntegrationTest" time="2.644"/>
  <system-out><![CDATA[]]></system-out>
  <system-err><![CDATA[]]></system-err>
</testsuite>
