<?xml version="1.0" encoding="UTF-8"?>
<testsuite name="com.dotmarketing.db.HibernateUtilTest" tests="7" skipped="0" failures="0" errors="0" timestamp="2023-06-30T15:55:27" hostname="fv-az409-496" time="0.624">
  <properties/>
  <testcase name="testAddCommitListener[0: com.dotmarketing.db.AddCommitListenerTestCase@5fbbf0b4]" classname="com.dotmarketing.db.HibernateUtilTest" time="0.001"/>
  <testcase name="testAddCommitListener[1: com.dotmarketing.db.AddCommitListenerTestCase@313da552]" classname="com.dotmarketing.db.HibernateUtilTest" time="0.001"/>
  <testcase name="testAddCommitListener[2: com.dotmarketing.db.AddCommitListenerTestCase@6cf10542]" classname="com.dotmarketing.db.HibernateUtilTest" time="0.001"/>
  <testcase name="testAddCommitListener[3: com.dotmarketing.db.AddCommitListenerTestCase@742707ab]" classname="com.dotmarketing.db.HibernateUtilTest" time="0.001"/>
  <testcase name="testAddCommitListener[4: com.dotmarketing.db.AddCommitListenerTestCase@749967cb]" classname="com.dotmarketing.db.HibernateUtilTest" time="0.004"/>
  <testcase name="updateOnDirtyObjectWhenFlush" classname="com.dotmarketing.db.HibernateUtilTest" time="0.214"/>
  <testcase name="updateOnDirtyObjectWhenQuery" classname="com.dotmarketing.db.HibernateUtilTest" time="0.402"/>
  <system-out><![CDATA[]]></system-out>
  <system-err><![CDATA[]]></system-err>
</testsuite>
