<?xml version="1.0" encoding="UTF-8"?>
<testsuite name="com.dotcms.contenttype.business.DotAssetBaseTypeToContentTypeStrategyImplTest" tests="1" skipped="0" failures="0" errors="0" timestamp="2023-06-28T17:56:27" hostname="fv-az283-467" time="0.747">
  <properties/>
  <testcase name="test_apply_with_temporal_file" classname="com.dotcms.contenttype.business.DotAssetBaseTypeToContentTypeStrategyImplTest" time="0.747"/>
  <system-out><![CDATA[]]></system-out>
  <system-err><![CDATA[]]></system-err>
</testsuite>
