<?xml version="1.0" encoding="UTF-8"?>
<testsuite name="com.dotmarketing.servlets.ajax.AjaxDirectorServletIntegrationTest" tests="2" skipped="0" failures="0" errors="0" timestamp="2023-06-26T17:12:31" hostname="fv-az1098-397" time="2.279">
  <properties/>
  <testcase name="testService[0: com.dotmarketing.servlets.ajax.AjaxDirectorServletTestCase@5cfbbea7]" classname="com.dotmarketing.servlets.ajax.AjaxDirectorServletIntegrationTest" time="1.202"/>
  <testcase name="testService[1: com.dotmarketing.servlets.ajax.AjaxDirectorServletTestCase@6fc10f7f]" classname="com.dotmarketing.servlets.ajax.AjaxDirectorServletIntegrationTest" time="1.077"/>
  <system-out><![CDATA[]]></system-out>
  <system-err><![CDATA[]]></system-err>
</testsuite>
