<?xml version="1.0" encoding="UTF-8"?>
<testsuite name="com.dotcms.contenttype.model.field.layout.FieldUtilTest" tests="2" skipped="0" failures="0" errors="0" timestamp="2023-06-26T19:33:39" hostname="fv-az1128-296" time="2.405">
  <properties/>
  <testcase name="testSetFieldInternationalizationWithAnonymousUser" classname="com.dotcms.contenttype.model.field.layout.FieldUtilTest" time="1.227"/>
  <testcase name="testSetFieldInternationalization" classname="com.dotcms.contenttype.model.field.layout.FieldUtilTest" time="1.177"/>
  <system-out><![CDATA[]]></system-out>
  <system-err><![CDATA[]]></system-err>
</testsuite>
