<?xml version="1.0" encoding="UTF-8"?>
<testsuite name="com.dotcms.rest.elasticsearch.ESContentResourcePortletTest" tests="8" skipped="0" failures="0" errors="0" timestamp="2023-07-17T16:26:56" hostname="fv-az257-583" time="7.715">
  <properties/>
  <testcase name="test_search_includeGrandChildCategory_success" classname="com.dotcms.rest.elasticsearch.ESContentResourcePortletTest" time="1.304"/>
  <testcase name="testSearch[0: com.dotcms.rest.elasticsearch.ESContentResourcePortletTest$TestCase@45907b29]" classname="com.dotcms.rest.elasticsearch.ESContentResourcePortletTest" time="0.899"/>
  <testcase name="testSearch[1: com.dotcms.rest.elasticsearch.ESContentResourcePortletTest$TestCase@6cfe17bd]" classname="com.dotcms.rest.elasticsearch.ESContentResourcePortletTest" time="1.275"/>
  <testcase name="testSearch[2: com.dotcms.rest.elasticsearch.ESContentResourcePortletTest$TestCase@4718e01]" classname="com.dotcms.rest.elasticsearch.ESContentResourcePortletTest" time="0.87"/>
  <testcase name="testSearch[3: com.dotcms.rest.elasticsearch.ESContentResourcePortletTest$TestCase@19d6145e]" classname="com.dotcms.rest.elasticsearch.ESContentResourcePortletTest" time="0.304"/>
  <testcase name="testSearch[4: com.dotcms.rest.elasticsearch.ESContentResourcePortletTest$TestCase@5fd97d7e]" classname="com.dotcms.rest.elasticsearch.ESContentResourcePortletTest" time="1.298"/>
  <testcase name="testSearch[5: com.dotcms.rest.elasticsearch.ESContentResourcePortletTest$TestCase@4386dac7]" classname="com.dotcms.rest.elasticsearch.ESContentResourcePortletTest" time="0.9"/>
  <testcase name="testSearch[6: com.dotcms.rest.elasticsearch.ESContentResourcePortletTest$TestCase@4b0f4530]" classname="com.dotcms.rest.elasticsearch.ESContentResourcePortletTest" time="0.863"/>
  <system-out><![CDATA[]]></system-out>
  <system-err><![CDATA[]]></system-err>
</testsuite>
