<?xml version="1.0" encoding="UTF-8"?>
<testsuite name="com.dotcms.contenttype.test.ContentResourceTest" tests="52" skipped="0" failures="0" errors="0" timestamp="2023-06-28T16:16:29" hostname="fv-az341-124" time="139.826">
  <properties/>
  <testcase name="testGetContentShouldReturnIconDetails" classname="com.dotcms.contenttype.test.ContentResourceTest" time="1.573"/>
  <testcase name="Test_Save_Action_Set_Words_To_Required_NumericField_Issue_15340" classname="com.dotcms.contenttype.test.ContentResourceTest" time="0.814"/>
  <testcase name="test_getContent_includeGrandChildCategory_success" classname="com.dotcms.contenttype.test.ContentResourceTest" time="1.247"/>
  <testcase name="testGetContentWithRelatedParameter[0: com.dotcms.contenttype.test.ContentResourceTest$PullRelatedTestCase@d6494cc]" classname="com.dotcms.contenttype.test.ContentResourceTest" time="3.71"/>
  <testcase name="testGetContentWithRelatedParameter[1: com.dotcms.contenttype.test.ContentResourceTest$PullRelatedTestCase@3ce6926e]" classname="com.dotcms.contenttype.test.ContentResourceTest" time="3.548"/>
  <testcase name="testGetContentWithRelatedParameter[2: com.dotcms.contenttype.test.ContentResourceTest$PullRelatedTestCase@5ded13d7]" classname="com.dotcms.contenttype.test.ContentResourceTest" time="3.603"/>
  <testcase name="testGetContentWithRelatedParameter[3: com.dotcms.contenttype.test.ContentResourceTest$PullRelatedTestCase@3743b294]" classname="com.dotcms.contenttype.test.ContentResourceTest" time="3.405"/>
  <testcase name="testGetContentWithRelatedParameter[4: com.dotcms.contenttype.test.ContentResourceTest$PullRelatedTestCase@1ea88244]" classname="com.dotcms.contenttype.test.ContentResourceTest" time="3.378"/>
  <testcase name="test_getContent_SelfRelatedWith3LevelsOfDepth_shouldReturnRelationships" classname="com.dotcms.contenttype.test.ContentResourceTest" time="1.385"/>
  <testcase name="Test_Save_Action_Send_Fields_SubSet_Issue_15340" classname="com.dotcms.contenttype.test.ContentResourceTest" time="2.786"/>
  <testcase name="test_getContent_shouldReturnRelationships[0: com.dotcms.contenttype.test.ContentResourceTest$TestCase@1655161d]" classname="com.dotcms.contenttype.test.ContentResourceTest" time="2.956"/>
  <testcase name="test_getContent_shouldReturnRelationships[1: com.dotcms.contenttype.test.ContentResourceTest$TestCase@2313dcab]" classname="com.dotcms.contenttype.test.ContentResourceTest" time="2.818"/>
  <testcase name="test_getContent_shouldReturnRelationships[2: com.dotcms.contenttype.test.ContentResourceTest$TestCase@9ee0d4f]" classname="com.dotcms.contenttype.test.ContentResourceTest" time="2.824"/>
  <testcase name="test_getContent_shouldReturnRelationships[3: com.dotcms.contenttype.test.ContentResourceTest$TestCase@530e0494]" classname="com.dotcms.contenttype.test.ContentResourceTest" time="2.914"/>
  <testcase name="test_getContent_shouldReturnRelationships[4: com.dotcms.contenttype.test.ContentResourceTest$TestCase@6dd50516]" classname="com.dotcms.contenttype.test.ContentResourceTest" time="2.974"/>
  <testcase name="test_getContent_shouldReturnRelationships[5: com.dotcms.contenttype.test.ContentResourceTest$TestCase@501e6a83]" classname="com.dotcms.contenttype.test.ContentResourceTest" time="2.861"/>
  <testcase name="test_getContent_shouldReturnRelationships[6: com.dotcms.contenttype.test.ContentResourceTest$TestCase@296381ba]" classname="com.dotcms.contenttype.test.ContentResourceTest" time="2.857"/>
  <testcase name="test_getContent_shouldReturnRelationships[7: com.dotcms.contenttype.test.ContentResourceTest$TestCase@aea0aa6]" classname="com.dotcms.contenttype.test.ContentResourceTest" time="3.124"/>
  <testcase name="test_getContent_shouldReturnRelationships[8: com.dotcms.contenttype.test.ContentResourceTest$TestCase@4f525358]" classname="com.dotcms.contenttype.test.ContentResourceTest" time="2.993"/>
  <testcase name="test_getContent_shouldReturnRelationships[9: com.dotcms.contenttype.test.ContentResourceTest$TestCase@6c3b7243]" classname="com.dotcms.contenttype.test.ContentResourceTest" time="3.119"/>
  <testcase name="test_getContent_shouldReturnRelationships[10: com.dotcms.contenttype.test.ContentResourceTest$TestCase@5960502f]" classname="com.dotcms.contenttype.test.ContentResourceTest" time="2.859"/>
  <testcase name="test_getContent_shouldReturnRelationships[11: com.dotcms.contenttype.test.ContentResourceTest$TestCase@305ce9f]" classname="com.dotcms.contenttype.test.ContentResourceTest" time="2.723"/>
  <testcase name="test_getContent_shouldReturnRelationships[12: com.dotcms.contenttype.test.ContentResourceTest$TestCase@5e909534]" classname="com.dotcms.contenttype.test.ContentResourceTest" time="2.64"/>
  <testcase name="test_getContent_shouldReturnRelationships[13: com.dotcms.contenttype.test.ContentResourceTest$TestCase@690e5dcf]" classname="com.dotcms.contenttype.test.ContentResourceTest" time="2.859"/>
  <testcase name="test_getContent_shouldReturnRelationships[14: com.dotcms.contenttype.test.ContentResourceTest$TestCase@323499e9]" classname="com.dotcms.contenttype.test.ContentResourceTest" time="2.802"/>
  <testcase name="test_getContent_shouldReturnRelationships[15: com.dotcms.contenttype.test.ContentResourceTest$TestCase@1f68c806]" classname="com.dotcms.contenttype.test.ContentResourceTest" time="2.642"/>
  <testcase name="test_getContent_shouldReturnRelationships[16: com.dotcms.contenttype.test.ContentResourceTest$TestCase@458bd7ea]" classname="com.dotcms.contenttype.test.ContentResourceTest" time="3.684"/>
  <testcase name="test_getContent_shouldReturnRelationships[17: com.dotcms.contenttype.test.ContentResourceTest$TestCase@5e701ab1]" classname="com.dotcms.contenttype.test.ContentResourceTest" time="2.893"/>
  <testcase name="test_getContent_shouldReturnRelationships[18: com.dotcms.contenttype.test.ContentResourceTest$TestCase@489d3b47]" classname="com.dotcms.contenttype.test.ContentResourceTest" time="3.086"/>
  <testcase name="test_getContent_shouldReturnRelationships[19: com.dotcms.contenttype.test.ContentResourceTest$TestCase@116ce2aa]" classname="com.dotcms.contenttype.test.ContentResourceTest" time="2.959"/>
  <testcase name="test_getContent_shouldReturnRelationships[20: com.dotcms.contenttype.test.ContentResourceTest$TestCase@a4343ea]" classname="com.dotcms.contenttype.test.ContentResourceTest" time="3.159"/>
  <testcase name="test_getContent_shouldReturnRelationships[21: com.dotcms.contenttype.test.ContentResourceTest$TestCase@54386581]" classname="com.dotcms.contenttype.test.ContentResourceTest" time="2.197"/>
  <testcase name="test_getContent_shouldReturnRelationships[22: com.dotcms.contenttype.test.ContentResourceTest$TestCase@75de2b42]" classname="com.dotcms.contenttype.test.ContentResourceTest" time="2.895"/>
  <testcase name="test_getContent_shouldReturnRelationships[23: com.dotcms.contenttype.test.ContentResourceTest$TestCase@351fee1]" classname="com.dotcms.contenttype.test.ContentResourceTest" time="2.978"/>
  <testcase name="test_getContent_shouldReturnRelationships[24: com.dotcms.contenttype.test.ContentResourceTest$TestCase@139db172]" classname="com.dotcms.contenttype.test.ContentResourceTest" time="3.041"/>
  <testcase name="test_getContent_shouldReturnRelationships[25: com.dotcms.contenttype.test.ContentResourceTest$TestCase@41edaed]" classname="com.dotcms.contenttype.test.ContentResourceTest" time="3.145"/>
  <testcase name="test_getContent_shouldReturnRelationships[26: com.dotcms.contenttype.test.ContentResourceTest$TestCase@9e6517]" classname="com.dotcms.contenttype.test.ContentResourceTest" time="3.32"/>
  <testcase name="test_getContent_shouldReturnRelationships[27: com.dotcms.contenttype.test.ContentResourceTest$TestCase@cb43513]" classname="com.dotcms.contenttype.test.ContentResourceTest" time="2.882"/>
  <testcase name="test_getContent_shouldReturnRelationships[28: com.dotcms.contenttype.test.ContentResourceTest$TestCase@72dc13d6]" classname="com.dotcms.contenttype.test.ContentResourceTest" time="2.831"/>
  <testcase name="test_getContent_shouldReturnRelationships[29: com.dotcms.contenttype.test.ContentResourceTest$TestCase@e776d2]" classname="com.dotcms.contenttype.test.ContentResourceTest" time="3.014"/>
  <testcase name="test_getContent_shouldReturnRelationships[30: com.dotcms.contenttype.test.ContentResourceTest$TestCase@73a21d04]" classname="com.dotcms.contenttype.test.ContentResourceTest" time="2.986"/>
  <testcase name="test_getContent_shouldReturnRelationships[31: com.dotcms.contenttype.test.ContentResourceTest$TestCase@5e93b2ce]" classname="com.dotcms.contenttype.test.ContentResourceTest" time="2.953"/>
  <testcase name="test_getContent_shouldReturnRelationships[32: com.dotcms.contenttype.test.ContentResourceTest$TestCase@4cc34869]" classname="com.dotcms.contenttype.test.ContentResourceTest" time="3.779"/>
  <testcase name="test_getContent_shouldReturnRelationships[33: com.dotcms.contenttype.test.ContentResourceTest$TestCase@77a9e6c5]" classname="com.dotcms.contenttype.test.ContentResourceTest" time="2.705"/>
  <testcase name="testSinglePOST_InvalidParamsShouldReturn400[0: ({\n    &quot;stInode&quot; : &quot;InvalidValue&quot;,\n    &quot;numeric&quot; : &quot;0&quot;,\n    &quot;image&quot; : &quot;whatever&quot;\n}, Bad Request)]" classname="com.dotcms.contenttype.test.ContentResourceTest" time="0.812"/>
  <testcase name="testSinglePOST_InvalidParamsShouldReturn400[1: ({\n    &quot;numeric&quot; : &quot;0&quot;,\n    &quot;image&quot; : &quot;whatever&quot;\n}, Bad Request)]" classname="com.dotcms.contenttype.test.ContentResourceTest" time="0.777"/>
  <testcase name="Test_Save_Action_Set_Null_To_Required_NumericField_Issue_15340" classname="com.dotcms.contenttype.test.ContentResourceTest" time="0.805"/>
  <testcase name="Test_Save_Action_Remove_Image_Then_Verify_Fields_Were_Cleared_Issue_15340" classname="com.dotcms.contenttype.test.ContentResourceTest" time="3.587"/>
  <testcase name="test_getContentWithMultipleSelfRelated_shouldReturnRelationships[0: com.dotcms.contenttype.test.ContentResourceTest$PullSelfRelatedTestCase@57464a85]" classname="com.dotcms.contenttype.test.ContentResourceTest" time="1.532"/>
  <testcase name="test_getContentWithMultipleSelfRelated_shouldReturnRelationships[1: com.dotcms.contenttype.test.ContentResourceTest$PullSelfRelatedTestCase@110c004]" classname="com.dotcms.contenttype.test.ContentResourceTest" time="1.575"/>
  <testcase name="testGetContentWithAllCategoriesInfo[0: json]" classname="com.dotcms.contenttype.test.ContentResourceTest" time="2.419"/>
  <testcase name="testGetContentWithAllCategoriesInfo[1: xml]" classname="com.dotcms.contenttype.test.ContentResourceTest" time="2.391"/>
  <system-out><![CDATA[











]]></system-out>
  <system-err><![CDATA[]]></system-err>
</testsuite>
