<?xml version="1.0" encoding="UTF-8"?>
<testsuite name="com.dotcms.enterprise.publishing.remote.handler.RuleBundlerHandlerTest" tests="1" skipped="0" failures="0" errors="0" timestamp="2023-06-29T16:31:27" hostname="fv-az615-773" time="0.058">
  <properties/>
  <testcase name="testBundlerAndHandler_success_newCategories" classname="com.dotcms.enterprise.publishing.remote.handler.RuleBundlerHandlerTest" time="0.058"/>
  <system-out><![CDATA[]]></system-out>
  <system-err><![CDATA[]]></system-err>
</testsuite>
