<?xml version="1.0" encoding="UTF-8"?>
<testsuite name="com.dotmarketing.portlets.containers.business.ContainerAPIImplTest" tests="20" skipped="0" failures="0" errors="0" timestamp="2023-06-27T20:50:28" hostname="fv-az166-290" time="103.35">
  <properties/>
  <testcase name="whenFindFileContainerByAbsolutePathAndExistsInCurrentHost" classname="com.dotmarketing.portlets.containers.business.ContainerAPIImplTest" time="9.695"/>
  <testcase name="test_get_live_not_found" classname="com.dotmarketing.portlets.containers.business.ContainerAPIImplTest" time="0.007"/>
  <testcase name="whenFindContainerByIdAndUserNotHasPermission" classname="com.dotmarketing.portlets.containers.business.ContainerAPIImplTest" time="9.123"/>
  <testcase name="test_get_container_by_folder_found" classname="com.dotmarketing.portlets.containers.business.ContainerAPIImplTest" time="9.035"/>
  <testcase name="whenFindPublishContainerByIdAndExistsAndLiveTrue" classname="com.dotmarketing.portlets.containers.business.ContainerAPIImplTest" time="1.102"/>
  <testcase name="whenFindPublishContainerByIdAndExistsAndLiveFalse" classname="com.dotmarketing.portlets.containers.business.ContainerAPIImplTest" time="1.012"/>
  <testcase name="test_find_all_containers_success" classname="com.dotmarketing.portlets.containers.business.ContainerAPIImplTest" time="8.495"/>
  <testcase name="whenFindFileContainerByAbsolutePathAndExists" classname="com.dotmarketing.portlets.containers.business.ContainerAPIImplTest" time="8.815"/>
  <testcase name="whenFindFileContainerByRelativePathAndNotExists" classname="com.dotmarketing.portlets.containers.business.ContainerAPIImplTest" time="0.001"/>
  <testcase name="whenFindPublishedFileContainerByAbsolutePathAndExists" classname="com.dotmarketing.portlets.containers.business.ContainerAPIImplTest" time="9.292"/>
  <testcase name="test_getContainerByFolder_cache" classname="com.dotmarketing.portlets.containers.business.ContainerAPIImplTest" time="1.258"/>
  <testcase name="test_containerapi_find_by_inode" classname="com.dotmarketing.portlets.containers.business.ContainerAPIImplTest" time="0.404"/>
  <testcase name="getContentTypesInContainer" classname="com.dotmarketing.portlets.containers.business.ContainerAPIImplTest" time="4.465"/>
  <testcase name="test_find_container_not_found" classname="com.dotmarketing.portlets.containers.business.ContainerAPIImplTest" time="0.564"/>
  <testcase name="whenFindContainerByIdAndExists" classname="com.dotmarketing.portlets.containers.business.ContainerAPIImplTest" time="0.013"/>
  <testcase name="whenUserNotHavePermissionInDefaultHost" classname="com.dotmarketing.portlets.containers.business.ContainerAPIImplTest" time="10.379"/>
  <testcase name="test_get_working_found" classname="com.dotmarketing.portlets.containers.business.ContainerAPIImplTest" time="9.19"/>
  <testcase name="whenFindFileContainerByAbsolutePathAndExistsInDefaultHost" classname="com.dotmarketing.portlets.containers.business.ContainerAPIImplTest" time="8.987"/>
  <testcase name="whenUserNotHavePermissionInCurrentHost" classname="com.dotmarketing.portlets.containers.business.ContainerAPIImplTest" time="11.51"/>
  <testcase name="whenFindContainerByIdAndNotExists" classname="com.dotmarketing.portlets.containers.business.ContainerAPIImplTest" time="0.001"/>
  <system-out><![CDATA[]]></system-out>
  <system-err><![CDATA[]]></system-err>
</testsuite>
