<?xml version="1.0" encoding="UTF-8"?>
<testsuite name="com.dotmarketing.portlets.fileassets.business.FileAssetAPIImplIntegrationTest" tests="2" skipped="0" failures="0" errors="0" timestamp="2023-06-28T16:49:05" hostname="fv-az395-584" time="5.282">
  <properties/>
  <testcase name="userWithoutPermission" classname="com.dotmarketing.portlets.fileassets.business.FileAssetAPIImplIntegrationTest" time="2.447"/>
  <testcase name="shouldReturnTwoFiles" classname="com.dotmarketing.portlets.fileassets.business.FileAssetAPIImplIntegrationTest" time="2.835"/>
  <system-out><![CDATA[]]></system-out>
  <system-err><![CDATA[]]></system-err>
</testsuite>
