<?xml version="1.0" encoding="UTF-8"?>
<testsuite name="com.dotmarketing.portlets.workflows.actionlet.FourEyeApproverActionletTest" tests="3" skipped="0" failures="0" errors="0" timestamp="2023-07-18T00:34:18" hostname="fv-az254-523" time="5.551">
  <properties/>
  <testcase name="contentApprovalWithTwoApprovers" classname="com.dotmarketing.portlets.workflows.actionlet.FourEyeApproverActionletTest" time="3.056"/>
  <testcase name="contentApprovalWithOneApprover" classname="com.dotmarketing.portlets.workflows.actionlet.FourEyeApproverActionletTest" time="1.371"/>
  <testcase name="unauthorizedUserTriggeringWorkflowAction" classname="com.dotmarketing.portlets.workflows.actionlet.FourEyeApproverActionletTest" time="1.124"/>
  <system-out><![CDATA[]]></system-out>
  <system-err><![CDATA[]]></system-err>
</testsuite>
