<?xml version="1.0" encoding="UTF-8"?>
<testsuite name="com.dotcms.rest.TagResourceIntegrationTest" tests="4" skipped="0" failures="0" errors="0" timestamp="2023-06-30T22:48:46" hostname="fv-az1256-878" time="0.258">
  <properties/>
  <testcase name="testList[0: com.dotcms.rest.TagResourceTestCase@2e1c958f]" classname="com.dotcms.rest.TagResourceIntegrationTest" time="0.213"/>
  <testcase name="testList[1: com.dotcms.rest.TagResourceTestCase@1422419c]" classname="com.dotcms.rest.TagResourceIntegrationTest" time="0.016"/>
  <testcase name="testList[2: com.dotcms.rest.TagResourceTestCase@2a3b3fd0]" classname="com.dotcms.rest.TagResourceIntegrationTest" time="0.012"/>
  <testcase name="testList[3: com.dotcms.rest.TagResourceTestCase@686d2b0]" classname="com.dotcms.rest.TagResourceIntegrationTest" time="0.014"/>
  <system-out><![CDATA[]]></system-out>
  <system-err><![CDATA[Jun 30, 2023 10:48:46 PM com.dotcms.repackage.org.hibernate.validator.internal.util.Version <clinit>
INFO: HV000001: Hibernate Validator 4.3.2.Final
]]></system-err>
</testsuite>
