<?xml version="1.0" encoding="UTF-8"?>
<testsuite name="com.dotcms.rest.api.v1.vtl.VTLResourceIntegrationTest" tests="6" skipped="0" failures="0" errors="0" timestamp="2023-06-30T22:53:43" hostname="fv-az257-412" time="12.121">
  <properties/>
  <testcase name="testGet[0: com.dotcms.rest.api.v1.vtl.VTLResourceTestCase@8d92c9]" classname="com.dotcms.rest.api.v1.vtl.VTLResourceIntegrationTest" time="2.233"/>
  <testcase name="testGet[1: com.dotcms.rest.api.v1.vtl.VTLResourceTestCase@4609dbcb]" classname="com.dotcms.rest.api.v1.vtl.VTLResourceIntegrationTest" time="1.723"/>
  <testcase name="testGet[2: com.dotcms.rest.api.v1.vtl.VTLResourceTestCase@6185d42f]" classname="com.dotcms.rest.api.v1.vtl.VTLResourceIntegrationTest" time="2.572"/>
  <testcase name="testGet[3: com.dotcms.rest.api.v1.vtl.VTLResourceTestCase@4a3211bb]" classname="com.dotcms.rest.api.v1.vtl.VTLResourceIntegrationTest" time="1.606"/>
  <testcase name="testGet[4: com.dotcms.rest.api.v1.vtl.VTLResourceTestCase@26c5d9ee]" classname="com.dotcms.rest.api.v1.vtl.VTLResourceIntegrationTest" time="1.914"/>
  <testcase name="testGet[5: com.dotcms.rest.api.v1.vtl.VTLResourceTestCase@2e1a997e]" classname="com.dotcms.rest.api.v1.vtl.VTLResourceIntegrationTest" time="2.072"/>
  <system-out><![CDATA[]]></system-out>
  <system-err><![CDATA[]]></system-err>
</testsuite>
