<?xml version="1.0" encoding="UTF-8"?>
<testsuite name="com.dotmarketing.startup.runonce.Task05200WorkflowTaskUniqueKeyTest" tests="3" skipped="0" failures="0" errors="0" timestamp="2023-07-12T20:26:10" hostname="fv-az449-127" time="5.003">
  <properties/>
  <testcase name="Test_Upgrade_Task_When_Duped_WorkflowTasks_Exists" classname="com.dotmarketing.startup.runonce.Task05200WorkflowTaskUniqueKeyTest" time="1.955"/>
  <testcase name="Test_Upgrade_Task_When_Duped_With_Null_Languages_WorkflowTasks_Exists" classname="com.dotmarketing.startup.runonce.Task05200WorkflowTaskUniqueKeyTest" time="3.035"/>
  <testcase name="Test_Upgrade_Task" classname="com.dotmarketing.startup.runonce.Task05200WorkflowTaskUniqueKeyTest" time="0.013"/>
  <system-out><![CDATA[]]></system-out>
  <system-err><![CDATA[]]></system-err>
</testsuite>
