<?xml version="1.0" encoding="UTF-8"?>
<testsuite name="com.dotcms.notification.business.NotificationAPITest" tests="5" skipped="0" failures="0" errors="0" timestamp="2023-07-14T22:07:14" hostname="fv-az613-925" time="5.625">
  <properties/>
  <testcase name="testNewNotificationsCount" classname="com.dotcms.notification.business.NotificationAPITest" time="0.011"/>
  <testcase name="testGetPaginatedNotifications" classname="com.dotcms.notification.business.NotificationAPITest" time="0.012"/>
  <testcase name="testSaveDeleteNotification" classname="com.dotcms.notification.business.NotificationAPITest" time="0.005"/>
  <testcase name="testSaveNotificationsForUsers" classname="com.dotcms.notification.business.NotificationAPITest" time="1.438"/>
  <testcase name="generateNotificationForRole" classname="com.dotcms.notification.business.NotificationAPITest" time="4.159"/>
  <system-out><![CDATA[]]></system-out>
  <system-err><![CDATA[]]></system-err>
</testsuite>
