<?xml version="1.0" encoding="UTF-8"?>
<testsuite name="com.dotcms.publishing.PublisherAPIImplTest" tests="24" skipped="0" failures="0" errors="0" timestamp="2023-06-29T18:03:17" hostname="fv-az453-135" time="4.885">
  <properties/>
  <testcase name="AddAllCategoryIntoBundle" classname="com.dotcms.publishing.PublisherAPIImplTest" time="0.191"/>
  <testcase name="testFilterDescriptors" classname="com.dotcms.publishing.PublisherAPIImplTest" time="0.071"/>
  <testcase name="sendPushPublishBundle[0: com.dotcms.publishing.PublisherAPIImplTest$TestAsset@3ddb9815]" classname="com.dotcms.publishing.PublisherAPIImplTest" time="1.51"/>
  <testcase name="sendPushPublishBundle[1: com.dotcms.publishing.PublisherAPIImplTest$TestAsset@58451738]" classname="com.dotcms.publishing.PublisherAPIImplTest" time="0.234"/>
  <testcase name="sendPushPublishBundle[2: com.dotcms.publishing.PublisherAPIImplTest$TestAsset@4c422b0a]" classname="com.dotcms.publishing.PublisherAPIImplTest" time="0.198"/>
  <testcase name="sendPushPublishBundle[3: com.dotcms.publishing.PublisherAPIImplTest$TestAsset@35ed6735]" classname="com.dotcms.publishing.PublisherAPIImplTest" time="0.36"/>
  <testcase name="sendPushPublishBundle[4: com.dotcms.publishing.PublisherAPIImplTest$TestAsset@54975aad]" classname="com.dotcms.publishing.PublisherAPIImplTest" time="0.316"/>
  <testcase name="sendPushPublishBundle[5: com.dotcms.publishing.PublisherAPIImplTest$TestAsset@241b6bd0]" classname="com.dotcms.publishing.PublisherAPIImplTest" time="0.213"/>
  <testcase name="sendPushPublishBundle[6: com.dotcms.publishing.PublisherAPIImplTest$TestAsset@795c1e22]" classname="com.dotcms.publishing.PublisherAPIImplTest" time="0.166"/>
  <testcase name="sendPushPublishBundle[7: com.dotcms.publishing.PublisherAPIImplTest$TestAsset@27561af3]" classname="com.dotcms.publishing.PublisherAPIImplTest" time="0.132"/>
  <testcase name="sendPushPublishBundle[8: com.dotcms.publishing.PublisherAPIImplTest$TestAsset@497a6e86]" classname="com.dotcms.publishing.PublisherAPIImplTest" time="0.096"/>
  <testcase name="sendPushPublishBundle[9: com.dotcms.publishing.PublisherAPIImplTest$TestAsset@3640c992]" classname="com.dotcms.publishing.PublisherAPIImplTest" time="0.199"/>
  <testcase name="sendPushPublishBundle[10: com.dotcms.publishing.PublisherAPIImplTest$TestAsset@2ff46c76]" classname="com.dotcms.publishing.PublisherAPIImplTest" time="0.099"/>
  <testcase name="generateBundle[0: com.dotcms.publishing.PublisherAPIImplTest$TestAsset@3ddb9815]" classname="com.dotcms.publishing.PublisherAPIImplTest" time="0.12"/>
  <testcase name="generateBundle[1: com.dotcms.publishing.PublisherAPIImplTest$TestAsset@58451738]" classname="com.dotcms.publishing.PublisherAPIImplTest" time="0.109"/>
  <testcase name="generateBundle[2: com.dotcms.publishing.PublisherAPIImplTest$TestAsset@4c422b0a]" classname="com.dotcms.publishing.PublisherAPIImplTest" time="0.103"/>
  <testcase name="generateBundle[3: com.dotcms.publishing.PublisherAPIImplTest$TestAsset@35ed6735]" classname="com.dotcms.publishing.PublisherAPIImplTest" time="0.158"/>
  <testcase name="generateBundle[4: com.dotcms.publishing.PublisherAPIImplTest$TestAsset@54975aad]" classname="com.dotcms.publishing.PublisherAPIImplTest" time="0.162"/>
  <testcase name="generateBundle[5: com.dotcms.publishing.PublisherAPIImplTest$TestAsset@241b6bd0]" classname="com.dotcms.publishing.PublisherAPIImplTest" time="0.086"/>
  <testcase name="generateBundle[6: com.dotcms.publishing.PublisherAPIImplTest$TestAsset@795c1e22]" classname="com.dotcms.publishing.PublisherAPIImplTest" time="0.084"/>
  <testcase name="generateBundle[7: com.dotcms.publishing.PublisherAPIImplTest$TestAsset@27561af3]" classname="com.dotcms.publishing.PublisherAPIImplTest" time="0.08"/>
  <testcase name="generateBundle[8: com.dotcms.publishing.PublisherAPIImplTest$TestAsset@497a6e86]" classname="com.dotcms.publishing.PublisherAPIImplTest" time="0.046"/>
  <testcase name="generateBundle[9: com.dotcms.publishing.PublisherAPIImplTest$TestAsset@3640c992]" classname="com.dotcms.publishing.PublisherAPIImplTest" time="0.122"/>
  <testcase name="generateBundle[10: com.dotcms.publishing.PublisherAPIImplTest$TestAsset@2ff46c76]" classname="com.dotcms.publishing.PublisherAPIImplTest" time="0.021"/>
  <system-out><![CDATA[









































































































































































]]></system-out>
  <system-err><![CDATA[]]></system-err>
</testsuite>
