<?xml version="1.0" encoding="UTF-8"?>
<testsuite name="com.dotcms.filters.VanityUrlFilterTest" tests="6" skipped="0" failures="0" errors="0" timestamp="2023-07-17T16:30:57" hostname="fv-az673-315" time="23.07">
  <properties/>
  <testcase name="test_that_vanity_url_filter_handles_proxy_requests" classname="com.dotcms.filters.VanityUrlFilterTest" time="3.841"/>
  <testcase name="test_cache_flush_does_not_break_vanities" classname="com.dotcms.filters.VanityUrlFilterTest" time="3.909"/>
  <testcase name="test_vanity_trailing_slash_200_success" classname="com.dotcms.filters.VanityUrlFilterTest" time="3.784"/>
  <testcase name="test_that_vanity_url_filter_adds_vanity_as_request_attribute" classname="com.dotcms.filters.VanityUrlFilterTest" time="3.811"/>
  <testcase name="test_vanity_trailing_slash_301_success" classname="com.dotcms.filters.VanityUrlFilterTest" time="3.852"/>
  <testcase name="test_that_vanity_url_filter_handles_redirects" classname="com.dotcms.filters.VanityUrlFilterTest" time="3.873"/>
  <system-out><![CDATA[]]></system-out>
  <system-err><![CDATA[]]></system-err>
</testsuite>
