<?xml version="1.0" encoding="UTF-8"?>
<testsuite name="com.dotmarketing.business.DeterministicIdentifierAPITest" tests="16" skipped="0" failures="0" errors="0" timestamp="2023-06-30T22:16:20" hostname="fv-az280-303" time="1.359">
  <properties/>
  <testcase name="Test_Category_Path_Seed_And_Id" classname="com.dotmarketing.business.DeterministicIdentifierAPITest" time="0.02"/>
  <testcase name="Test_Language_Deterministic_Id[0: LanguageTestCase{expectedSeed='Language:es:US', expectedHash=4913155, langCode='es', countryCode='US', country='United States'}]" classname="com.dotmarketing.business.DeterministicIdentifierAPITest" time="0.001"/>
  <testcase name="Test_Language_Deterministic_Id[1: LanguageTestCase{expectedSeed='Language:ep:', expectedHash=5292269, langCode='ep', countryCode='', country=''}]" classname="com.dotmarketing.business.DeterministicIdentifierAPITest" time="0.0"/>
  <testcase name="Test_Language_Deterministic_Id[2: LanguageTestCase{expectedSeed='Language:sg:SAG', expectedHash=4713118, langCode='sg', countryCode='SAG', country=''}]" classname="com.dotmarketing.business.DeterministicIdentifierAPITest" time="0.0"/>
  <testcase name="Test_Language_Deterministic_Id[3: LanguageTestCase{expectedSeed='Language:en:NZ', expectedHash=5382528, langCode='en', countryCode='NZ', country='New Zealand'}]" classname="com.dotmarketing.business.DeterministicIdentifierAPITest" time="0.001"/>
  <testcase name="Test_Category_None_Persisted_Category_Should_Return_Deterministic_Id" classname="com.dotmarketing.business.DeterministicIdentifierAPITest" time="0.001"/>
  <testcase name="Test_Asset_Generate_Deterministic_Id_Best_Effort[0: TestCase{versionable=my.host1688163001529.com, parent=System Host, expectedName='my.host1688163001529.com', expectedType='Host'}]" classname="com.dotmarketing.business.DeterministicIdentifierAPITest" time="0.002"/>
  <testcase name="Test_Asset_Generate_Deterministic_Id_Best_Effort[1: TestCase{versionable=com.dotmarketing.portlets.contentlet.model.Contentlet@5c3b63c2[map={modDate=2023-06-30 22:10:02.385, fileName=file9083643966971749643.txt, title=file9083643966971749643.txt, inode=a73a1a00-fdae-4f86-bf4a-db0d9cd5a53e, __IS_NEW_CONTENT__=true, disabledWYSIWYG=[], host=b0065c6c-d313-4912-9fd6-08ff3eea83eb, stInode=33888b6f-7a8e-4069-b1b6-5c1aa9d0a48d, owner=system, identifier=57cf76e1-eab7-4147-af3d-7823d2ab532d, nullProperties=[wfExpireDate, wfPublishDate, wfActionAssign, wfActionId, wfActionComments, filterKey, whereToSend, wfNeverExpire, _path_to_move, timezoneId, iWantTo, wfPublishTime, wfExpireTime], languageId=1, fileAsset=/home/runner/work/core/custom/assets/a/7/a73a1a00-fdae-4f86-bf4a-db0d9cd5a53e/fileAsset/file9083643966971749643.txt, folder=479f15ea-f560-45d5-bd96-fc2d5fa30e44, __disable_workflow__=true, sortOrder=0, modUser=system},lowIndexPriority=false,variantId=DEFAULT], parent=com.dotmarketing.portlets.folders.model.Folder@331a9938[identifier=479f15ea-f560-45d5-bd96-fc2d5fa30e44,name=testName1688163002379,sortOrder=0,showOnMenu=false,hostId=b0065c6c-d313-4912-9fd6-08ff3eea83eb,type=folder,title=testTitle1688163002379,filesMasks=,defaultFileType=33888b6f-7a8e-4069-b1b6-5c1aa9d0a48d,modDate=2023-06-30 22:10:02.382,owner=&lt;null&gt;,iDate=2023-06-30 22:10:02.382,inode=479f15ea-f560-45d5-bd96-fc2d5fa30e44,path=/testName1688163002379/], expectedName='file9083643966971749643.txt', expectedType='FileAsset'}]" classname="com.dotmarketing.business.DeterministicIdentifierAPITest" time="0.002"/>
  <testcase name="Test_Asset_Generate_Deterministic_Id_Best_Effort[2: TestCase{versionable=com.dotmarketing.portlets.templates.model.Template@6fa421c6, parent=my.host1688163001529.com, expectedName='testTitle1688163002471', expectedType='Template'}]" classname="com.dotmarketing.business.DeterministicIdentifierAPITest" time="0.002"/>
  <testcase name="Test_Asset_Generate_Deterministic_Id_Best_Effort[3: TestCase{versionable=com.dotmarketing.portlets.htmlpageasset.model.HTMLPageAsset@4503c60e[map={template=8b061ccb-774d-4a47-923f-d17fc709f781, owner=system, identifier=8b8335fd-2a61-4b16-9512-713d4edb6d6f, nullProperties=[wfExpireDate, wfPublishDate, wfActionAssign, wfActionId, wfActionComments, filterKey, whereToSend, wfNeverExpire, _path_to_move, timezoneId, iWantTo, wfPublishTime, wfExpireTime], modDate=2023-06-30 22:10:02.492, cachettl=0, _is_test_mode=true, languageId=1, title=test-page-title-1688163002488, httpsreq=, url=test-page-url-1688163002488, showOnMenu=, inode=fb8afff0-743a-4c3f-91fc-4137429dfb60, folder=479f15ea-f560-45d5-bd96-fc2d5fa30e44, disabledWYSIWYG=[], sortOrder=1, modUser=system, host=b0065c6c-d313-4912-9fd6-08ff3eea83eb, stInode=c541abb1-69b3-4bc5-8430-5e09e5239cc8, friendlyName=test-page-friendly-name-1688163002488},lowIndexPriority=false,variantId=DEFAULT], parent=com.dotmarketing.portlets.folders.model.Folder@331a9938[identifier=479f15ea-f560-45d5-bd96-fc2d5fa30e44,name=testName1688163002379,sortOrder=0,showOnMenu=false,hostId=b0065c6c-d313-4912-9fd6-08ff3eea83eb,type=folder,title=testTitle1688163002379,filesMasks=,defaultFileType=33888b6f-7a8e-4069-b1b6-5c1aa9d0a48d,modDate=2023-06-30 22:10:02.382,owner=&lt;null&gt;,iDate=2023-06-30 22:10:02.382,inode=479f15ea-f560-45d5-bd96-fc2d5fa30e44,path=/testName1688163002379/], expectedName='test-page-url-1688163002488', expectedType='htmlpageasset'}]" classname="com.dotmarketing.business.DeterministicIdentifierAPITest" time="0.002"/>
  <testcase name="Test_Asset_Generate_Deterministic_Id_Best_Effort[4: TestCase{versionable=com.dotmarketing.portlets.contentlet.model.Contentlet@4cbeb61f[map={fileAsset2=/home/runner/work/core/custom/assets/4/e/4e34decb-48fb-4f26-bff4-6c8bdaa3f74d/fileAsset2/test_binary1688163003334.png, modDate=2023-06-30 22:10:03.338, fileAsset1=/home/runner/work/core/custom/assets/4/e/4e34decb-48fb-4f26-bff4-6c8bdaa3f74d/fileAsset1/test_binary1688163003334.jpg, title=blah, inode=4e34decb-48fb-4f26-bff4-6c8bdaa3f74d, __IS_NEW_CONTENT__=true, disabledWYSIWYG=[], host=48190c8c-42c4-46af-8d1a-0cd5db894797, stInode=a2aa3cf4-c63c-4a9a-87a3-efd1167c817d, owner=system, identifier=10179a58-5657-4180-8e8d-2987869422d8, nullProperties=[], languageId=1, image1=2251b932-8385-4d60-8ac7-9f0014ea4327, folder=SYSTEM_FOLDER, __disable_workflow__=true, sortOrder=0, modUser=system},lowIndexPriority=false,variantId=DEFAULT], parent=demo.dotcms.com, expectedName='test_binary1688163003334.jpg:test_binary1688163003334.png', expectedType='MultipleBinaries1688163002745'}]" classname="com.dotmarketing.business.DeterministicIdentifierAPITest" time="0.002"/>
  <testcase name="Test_Asset_Generate_Deterministic_Id_Best_Effort[5: TestCase{versionable=name549a2e5248 : keyTag549a2e5248, parent=my.host1688163001529.com, expectedName='keyTag549a2e5248', expectedType='persona'}]" classname="com.dotmarketing.business.DeterministicIdentifierAPITest" time="0.002"/>
  <testcase name="Test_Similar_Content_Type_Wont_Clash" classname="com.dotmarketing.business.DeterministicIdentifierAPITest" time="0.387"/>
  <testcase name="Test_Generate_Folder_Identifier" classname="com.dotmarketing.business.DeterministicIdentifierAPITest" time="0.928"/>
  <testcase name="Test_Generate_Content_Type_Identifier[0: ContentTypeTestCase{contentType=KeyValueContentType{name=Language Variable, id=f4d7c1b8-2c88-4071-abf1-a5328977b07d, description=Default Content Type for Language Variables, defaultType=false, fixed=true, iDate=Thu Aug 31 16:38:49 UTC 2017, system=true, versionable=true, variable=Languagevariable, modDate=Fri Jun 30 21:05:36 UTC 2023, host=SYSTEM_HOST, siteName=systemHost, icon=language, sortOrder=0, folder=SYSTEM_FOLDER, folderPath=/, markedForDeletion=true, multilingualable=false}, expectedName='Languagevariable', expectedType='KeyValue'}]" classname="com.dotmarketing.business.DeterministicIdentifierAPITest" time="0.004"/>
  <testcase name="Test_Generate_Content_Type_Identifier[1: ContentTypeTestCase{contentType=SimpleContentType{name=testName1688163003774, id=58275c04-58eb-424e-928a-386828733a82, description=testDescription1688163003774, defaultType=false, fixed=false, iDate=Fri Jun 30 22:10:03 UTC 2023, system=false, versionable=true, multilingualable=false, variable=testVarname1688163003774, owner=system, modDate=Fri Jun 30 22:10:04 UTC 2023, host=48190c8c-42c4-46af-8d1a-0cd5db894797, siteName=demo.dotcms.com, icon=event_note, sortOrder=0, folder=SYSTEM_FOLDER, folderPath=/, requiredFields=[], markedForDeletion=false}, expectedName='testVarname1688163003774', expectedType='CONTENT'}]" classname="com.dotmarketing.business.DeterministicIdentifierAPITest" time="0.004"/>
  <system-out><![CDATA[]]></system-out>
  <system-err><![CDATA[]]></system-err>
</testsuite>
