<?xml version="1.0" encoding="UTF-8"?>
<testsuite name="com.dotcms.contenttype.test.ContentResourceTest" tests="52" skipped="0" failures="0" errors="0" timestamp="2023-06-27T23:09:56" hostname="fv-az168-423" time="151.753">
  <properties/>
  <testcase name="testGetContentShouldReturnIconDetails" classname="com.dotcms.contenttype.test.ContentResourceTest" time="1.599"/>
  <testcase name="Test_Save_Action_Set_Words_To_Required_NumericField_Issue_15340" classname="com.dotcms.contenttype.test.ContentResourceTest" time="0.914"/>
  <testcase name="test_getContent_includeGrandChildCategory_success" classname="com.dotcms.contenttype.test.ContentResourceTest" time="1.359"/>
  <testcase name="testGetContentWithRelatedParameter[0: com.dotcms.contenttype.test.ContentResourceTest$PullRelatedTestCase@7ce01db7]" classname="com.dotcms.contenttype.test.ContentResourceTest" time="4.002"/>
  <testcase name="testGetContentWithRelatedParameter[1: com.dotcms.contenttype.test.ContentResourceTest$PullRelatedTestCase@3147c11e]" classname="com.dotcms.contenttype.test.ContentResourceTest" time="4.015"/>
  <testcase name="testGetContentWithRelatedParameter[2: com.dotcms.contenttype.test.ContentResourceTest$PullRelatedTestCase@600a06a8]" classname="com.dotcms.contenttype.test.ContentResourceTest" time="2.918"/>
  <testcase name="testGetContentWithRelatedParameter[3: com.dotcms.contenttype.test.ContentResourceTest$PullRelatedTestCase@414a45dc]" classname="com.dotcms.contenttype.test.ContentResourceTest" time="3.744"/>
  <testcase name="testGetContentWithRelatedParameter[4: com.dotcms.contenttype.test.ContentResourceTest$PullRelatedTestCase@3d3be5e7]" classname="com.dotcms.contenttype.test.ContentResourceTest" time="3.856"/>
  <testcase name="test_getContent_SelfRelatedWith3LevelsOfDepth_shouldReturnRelationships" classname="com.dotcms.contenttype.test.ContentResourceTest" time="1.351"/>
  <testcase name="Test_Save_Action_Send_Fields_SubSet_Issue_15340" classname="com.dotcms.contenttype.test.ContentResourceTest" time="2.959"/>
  <testcase name="test_getContent_shouldReturnRelationships[0: com.dotcms.contenttype.test.ContentResourceTest$TestCase@32fb9c6f]" classname="com.dotcms.contenttype.test.ContentResourceTest" time="3.053"/>
  <testcase name="test_getContent_shouldReturnRelationships[1: com.dotcms.contenttype.test.ContentResourceTest$TestCase@2f4f3de]" classname="com.dotcms.contenttype.test.ContentResourceTest" time="3.13"/>
  <testcase name="test_getContent_shouldReturnRelationships[2: com.dotcms.contenttype.test.ContentResourceTest$TestCase@118322f9]" classname="com.dotcms.contenttype.test.ContentResourceTest" time="3.041"/>
  <testcase name="test_getContent_shouldReturnRelationships[3: com.dotcms.contenttype.test.ContentResourceTest$TestCase@7375f9f3]" classname="com.dotcms.contenttype.test.ContentResourceTest" time="3.205"/>
  <testcase name="test_getContent_shouldReturnRelationships[4: com.dotcms.contenttype.test.ContentResourceTest$TestCase@1d030b16]" classname="com.dotcms.contenttype.test.ContentResourceTest" time="3.179"/>
  <testcase name="test_getContent_shouldReturnRelationships[5: com.dotcms.contenttype.test.ContentResourceTest$TestCase@384c616b]" classname="com.dotcms.contenttype.test.ContentResourceTest" time="2.906"/>
  <testcase name="test_getContent_shouldReturnRelationships[6: com.dotcms.contenttype.test.ContentResourceTest$TestCase@30501871]" classname="com.dotcms.contenttype.test.ContentResourceTest" time="3.14"/>
  <testcase name="test_getContent_shouldReturnRelationships[7: com.dotcms.contenttype.test.ContentResourceTest$TestCase@6c36d5e9]" classname="com.dotcms.contenttype.test.ContentResourceTest" time="3.026"/>
  <testcase name="test_getContent_shouldReturnRelationships[8: com.dotcms.contenttype.test.ContentResourceTest$TestCase@696838c2]" classname="com.dotcms.contenttype.test.ContentResourceTest" time="3.25"/>
  <testcase name="test_getContent_shouldReturnRelationships[9: com.dotcms.contenttype.test.ContentResourceTest$TestCase@32744bbd]" classname="com.dotcms.contenttype.test.ContentResourceTest" time="3.173"/>
  <testcase name="test_getContent_shouldReturnRelationships[10: com.dotcms.contenttype.test.ContentResourceTest$TestCase@2d74e12]" classname="com.dotcms.contenttype.test.ContentResourceTest" time="2.973"/>
  <testcase name="test_getContent_shouldReturnRelationships[11: com.dotcms.contenttype.test.ContentResourceTest$TestCase@58944a3c]" classname="com.dotcms.contenttype.test.ContentResourceTest" time="1.952"/>
  <testcase name="test_getContent_shouldReturnRelationships[12: com.dotcms.contenttype.test.ContentResourceTest$TestCase@7012d7c4]" classname="com.dotcms.contenttype.test.ContentResourceTest" time="2.93"/>
  <testcase name="test_getContent_shouldReturnRelationships[13: com.dotcms.contenttype.test.ContentResourceTest$TestCase@60ab43d8]" classname="com.dotcms.contenttype.test.ContentResourceTest" time="2.932"/>
  <testcase name="test_getContent_shouldReturnRelationships[14: com.dotcms.contenttype.test.ContentResourceTest$TestCase@58b43601]" classname="com.dotcms.contenttype.test.ContentResourceTest" time="2.925"/>
  <testcase name="test_getContent_shouldReturnRelationships[15: com.dotcms.contenttype.test.ContentResourceTest$TestCase@220b4281]" classname="com.dotcms.contenttype.test.ContentResourceTest" time="4.15"/>
  <testcase name="test_getContent_shouldReturnRelationships[16: com.dotcms.contenttype.test.ContentResourceTest$TestCase@44c10df3]" classname="com.dotcms.contenttype.test.ContentResourceTest" time="3.914"/>
  <testcase name="test_getContent_shouldReturnRelationships[17: com.dotcms.contenttype.test.ContentResourceTest$TestCase@7e4e2330]" classname="com.dotcms.contenttype.test.ContentResourceTest" time="3.277"/>
  <testcase name="test_getContent_shouldReturnRelationships[18: com.dotcms.contenttype.test.ContentResourceTest$TestCase@73306c6]" classname="com.dotcms.contenttype.test.ContentResourceTest" time="3.454"/>
  <testcase name="test_getContent_shouldReturnRelationships[19: com.dotcms.contenttype.test.ContentResourceTest$TestCase@7fd443eb]" classname="com.dotcms.contenttype.test.ContentResourceTest" time="3.415"/>
  <testcase name="test_getContent_shouldReturnRelationships[20: com.dotcms.contenttype.test.ContentResourceTest$TestCase@33b67777]" classname="com.dotcms.contenttype.test.ContentResourceTest" time="3.376"/>
  <testcase name="test_getContent_shouldReturnRelationships[21: com.dotcms.contenttype.test.ContentResourceTest$TestCase@3c6e9592]" classname="com.dotcms.contenttype.test.ContentResourceTest" time="3.417"/>
  <testcase name="test_getContent_shouldReturnRelationships[22: com.dotcms.contenttype.test.ContentResourceTest$TestCase@2374a1ef]" classname="com.dotcms.contenttype.test.ContentResourceTest" time="3.027"/>
  <testcase name="test_getContent_shouldReturnRelationships[23: com.dotcms.contenttype.test.ContentResourceTest$TestCase@7e627571]" classname="com.dotcms.contenttype.test.ContentResourceTest" time="3.296"/>
  <testcase name="test_getContent_shouldReturnRelationships[24: com.dotcms.contenttype.test.ContentResourceTest$TestCase@7e6fa805]" classname="com.dotcms.contenttype.test.ContentResourceTest" time="3.244"/>
  <testcase name="test_getContent_shouldReturnRelationships[25: com.dotcms.contenttype.test.ContentResourceTest$TestCase@36e5705f]" classname="com.dotcms.contenttype.test.ContentResourceTest" time="3.482"/>
  <testcase name="test_getContent_shouldReturnRelationships[26: com.dotcms.contenttype.test.ContentResourceTest$TestCase@3018c4b5]" classname="com.dotcms.contenttype.test.ContentResourceTest" time="3.483"/>
  <testcase name="test_getContent_shouldReturnRelationships[27: com.dotcms.contenttype.test.ContentResourceTest$TestCase@5d3cf63a]" classname="com.dotcms.contenttype.test.ContentResourceTest" time="3.166"/>
  <testcase name="test_getContent_shouldReturnRelationships[28: com.dotcms.contenttype.test.ContentResourceTest$TestCase@5e904218]" classname="com.dotcms.contenttype.test.ContentResourceTest" time="3.152"/>
  <testcase name="test_getContent_shouldReturnRelationships[29: com.dotcms.contenttype.test.ContentResourceTest$TestCase@436aa61d]" classname="com.dotcms.contenttype.test.ContentResourceTest" time="3.032"/>
  <testcase name="test_getContent_shouldReturnRelationships[30: com.dotcms.contenttype.test.ContentResourceTest$TestCase@35a1efa9]" classname="com.dotcms.contenttype.test.ContentResourceTest" time="3.122"/>
  <testcase name="test_getContent_shouldReturnRelationships[31: com.dotcms.contenttype.test.ContentResourceTest$TestCase@f164201]" classname="com.dotcms.contenttype.test.ContentResourceTest" time="3.056"/>
  <testcase name="test_getContent_shouldReturnRelationships[32: com.dotcms.contenttype.test.ContentResourceTest$TestCase@534a4179]" classname="com.dotcms.contenttype.test.ContentResourceTest" time="3.946"/>
  <testcase name="test_getContent_shouldReturnRelationships[33: com.dotcms.contenttype.test.ContentResourceTest$TestCase@45864f43]" classname="com.dotcms.contenttype.test.ContentResourceTest" time="4.144"/>
  <testcase name="testSinglePOST_InvalidParamsShouldReturn400[0: ({\n    &quot;stInode&quot; : &quot;InvalidValue&quot;,\n    &quot;numeric&quot; : &quot;0&quot;,\n    &quot;image&quot; : &quot;whatever&quot;\n}, Bad Request)]" classname="com.dotcms.contenttype.test.ContentResourceTest" time="0.878"/>
  <testcase name="testSinglePOST_InvalidParamsShouldReturn400[1: ({\n    &quot;numeric&quot; : &quot;0&quot;,\n    &quot;image&quot; : &quot;whatever&quot;\n}, Bad Request)]" classname="com.dotcms.contenttype.test.ContentResourceTest" time="0.856"/>
  <testcase name="Test_Save_Action_Set_Null_To_Required_NumericField_Issue_15340" classname="com.dotcms.contenttype.test.ContentResourceTest" time="0.916"/>
  <testcase name="Test_Save_Action_Remove_Image_Then_Verify_Fields_Were_Cleared_Issue_15340" classname="com.dotcms.contenttype.test.ContentResourceTest" time="3.822"/>
  <testcase name="test_getContentWithMultipleSelfRelated_shouldReturnRelationships[0: com.dotcms.contenttype.test.ContentResourceTest$PullSelfRelatedTestCase@42db7f5a]" classname="com.dotcms.contenttype.test.ContentResourceTest" time="1.744"/>
  <testcase name="test_getContentWithMultipleSelfRelated_shouldReturnRelationships[1: com.dotcms.contenttype.test.ContentResourceTest$PullSelfRelatedTestCase@431baff1]" classname="com.dotcms.contenttype.test.ContentResourceTest" time="1.692"/>
  <testcase name="testGetContentWithAllCategoriesInfo[0: json]" classname="com.dotcms.contenttype.test.ContentResourceTest" time="2.538"/>
  <testcase name="testGetContentWithAllCategoriesInfo[1: xml]" classname="com.dotcms.contenttype.test.ContentResourceTest" time="2.62"/>
  <system-out><![CDATA[











]]></system-out>
  <system-err><![CDATA[]]></system-err>
</testsuite>
