<?xml version="1.0" encoding="UTF-8"?>
<testsuite name="com.dotmarketing.servlets.ajax.AjaxDirectorServletIntegrationTest" tests="2" skipped="0" failures="0" errors="0" timestamp="2023-07-11T01:32:37" hostname="fv-az336-51" time="3.856">
  <properties/>
  <testcase name="testService[0: com.dotmarketing.servlets.ajax.AjaxDirectorServletTestCase@6ac83619]" classname="com.dotmarketing.servlets.ajax.AjaxDirectorServletIntegrationTest" time="1.292"/>
  <testcase name="testService[1: com.dotmarketing.servlets.ajax.AjaxDirectorServletTestCase@2cc3399f]" classname="com.dotmarketing.servlets.ajax.AjaxDirectorServletIntegrationTest" time="2.563"/>
  <system-out><![CDATA[]]></system-out>
  <system-err><![CDATA[]]></system-err>
</testsuite>
