<?xml version="1.0" encoding="UTF-8"?>
<testsuite name="com.dotcms.publishing.remote.RemoteReceiverLanguageResolutionTest" tests="2" skipped="0" failures="0" errors="0" timestamp="2023-06-22T00:24:24" hostname="fv-az484-488" time="10.491">
  <properties/>
  <testcase name="Test_Create_New_Languages_Create_Bundle_Then_Publish_Bundle_Then_Read_Verify_Dupes_Are_Ignored_And_New_Languges_Were_Created" classname="com.dotcms.publishing.remote.RemoteReceiverLanguageResolutionTest" time="6.589"/>
  <testcase name="Test_Create_Dupe_Languages_Create_Bundle_Then_Publish_Bundle_Then_Read_Languages_Verify_Dupes_Are_Ignored" classname="com.dotcms.publishing.remote.RemoteReceiverLanguageResolutionTest" time="3.902"/>
  <system-out><![CDATA[]]></system-out>
  <system-err><![CDATA[Jun 22, 2023 12:24:28 AM com.impossibl.postgres.system.Settings set
WARNING: Applying unknown setting: autosave
]]></system-err>
</testsuite>
