<?xml version="1.0" encoding="UTF-8"?>
<testsuite name="com.dotcms.publisher.business.PublishAuditAPITest" tests="9" skipped="0" failures="0" errors="0" timestamp="2023-06-23T01:06:54" hostname="fv-az395-584" time="6.047">
  <properties/>
  <testcase name="allThePublishAuditHistoryWithOneAssets" classname="com.dotcms.publisher.business.PublishAuditAPITest" time="0.115"/>
  <testcase name="test_getBundleIdByStatus_StatusFailAllTypes" classname="com.dotcms.publisher.business.PublishAuditAPITest" time="0.02"/>
  <testcase name="test_getBundleIdByStatusFilterByOwner_StatusSuccess_OwnerNewUser" classname="com.dotcms.publisher.business.PublishAuditAPITest" time="0.91"/>
  <testcase name="notAssets" classname="com.dotcms.publisher.business.PublishAuditAPITest" time="1.35"/>
  <testcase name="maxAsssetLimits" classname="com.dotcms.publisher.business.PublishAuditAPITest" time="1.402"/>
  <testcase name="test_insertPublishAuditStatus" classname="com.dotcms.publisher.business.PublishAuditAPITest" time="0.004"/>
  <testcase name="maxAsssetLimitsEqualsTo3" classname="com.dotcms.publisher.business.PublishAuditAPITest" time="1.314"/>
  <testcase name="test_getBundleIdByStatusFilterByOwner_StatusFailAllTypes_OwnerNewUser" classname="com.dotcms.publisher.business.PublishAuditAPITest" time="0.926"/>
  <testcase name="test_getBundleIdByStatus_StatusSuccess" classname="com.dotcms.publisher.business.PublishAuditAPITest" time="0.005"/>
  <system-out><![CDATA[]]></system-out>
  <system-err><![CDATA[]]></system-err>
</testsuite>
