<?xml version="1.0" encoding="UTF-8"?>
<testsuite name="com.dotmarketing.business.IdentifierConsistencyIntegrationTest" tests="8" skipped="1" failures="0" errors="0" timestamp="2023-07-21T19:03:32" hostname="fv-az449-560" time="0.372">
  <properties/>
  <testcase name="Test_Identifier_Update_Dupe_Asset_Name_Expect_Name_Collision" classname="com.dotmarketing.business.IdentifierConsistencyIntegrationTest" time="0.022"/>
  <testcase name="Test_Rename_Asset_Expect_SubPaths_Get_Renamed" classname="com.dotmarketing.business.IdentifierConsistencyIntegrationTest" time="0.001">
    <skipped/>
  </testcase>
  <testcase name="Test_Identifier_Delete_Parent_Folder_With_Existing_Children_Expect_Error" classname="com.dotmarketing.business.IdentifierConsistencyIntegrationTest" time="0.025"/>
  <testcase name="Test_Identifier_Insert_Subfolder_Expect_Name_Collision" classname="com.dotmarketing.business.IdentifierConsistencyIntegrationTest" time="0.008"/>
  <testcase name="Test_Identifier_Insert_Case_Insensitive_Dupe_Asset_Name" classname="com.dotmarketing.business.IdentifierConsistencyIntegrationTest" time="0.005"/>
  <testcase name="Test_Create_Folder_Tree_Then_Rename_Parent_Verify_Children_Are_Renamed" classname="com.dotmarketing.business.IdentifierConsistencyIntegrationTest" time="0.094"/>
  <testcase name="Test_Identifier_Create_Folder_Tree_Then_Update_Update_Identifier_Non_existing_Path" classname="com.dotmarketing.business.IdentifierConsistencyIntegrationTest" time="0.203"/>
  <testcase name="Test_Identifier_Insert_Subfolder_Then_Update_Expect_Name_Collision" classname="com.dotmarketing.business.IdentifierConsistencyIntegrationTest" time="0.014"/>
  <system-out><![CDATA[]]></system-out>
  <system-err><![CDATA[]]></system-err>
</testsuite>
