<?xml version="1.0" encoding="UTF-8"?>
<testsuite name="com.dotmarketing.portlets.structure.model.ContentletRelationshipsTest" tests="7" skipped="0" failures="0" errors="0" timestamp="2023-07-20T18:18:44" hostname="fv-az799-201" time="9.439">
  <properties/>
  <testcase name="testDoesAllowOnlyOne[0: com.dotmarketing.portlets.structure.model.ContentletRelationshipsTest$CardinalityTestCase@27700ad8]" classname="com.dotmarketing.portlets.structure.model.ContentletRelationshipsTest" time="0.492"/>
  <testcase name="testDoesAllowOnlyOne[1: com.dotmarketing.portlets.structure.model.ContentletRelationshipsTest$CardinalityTestCase@52a6a653]" classname="com.dotmarketing.portlets.structure.model.ContentletRelationshipsTest" time="0.521"/>
  <testcase name="testDoesAllowOnlyOne[2: com.dotmarketing.portlets.structure.model.ContentletRelationshipsTest$CardinalityTestCase@5eec7449]" classname="com.dotmarketing.portlets.structure.model.ContentletRelationshipsTest" time="0.525"/>
  <testcase name="testGetRelationshipRecords[0: com.dotmarketing.portlets.structure.model.ContentletRelationshipsTest$TestCase@742d06c6]" classname="com.dotmarketing.portlets.structure.model.ContentletRelationshipsTest" time="2.07"/>
  <testcase name="testGetRelationshipRecords[1: com.dotmarketing.portlets.structure.model.ContentletRelationshipsTest$TestCase@53ace451]" classname="com.dotmarketing.portlets.structure.model.ContentletRelationshipsTest" time="2.012"/>
  <testcase name="testGetRelationshipRecords[2: com.dotmarketing.portlets.structure.model.ContentletRelationshipsTest$TestCase@345f5449]" classname="com.dotmarketing.portlets.structure.model.ContentletRelationshipsTest" time="1.875"/>
  <testcase name="testGetRelationshipRecords[3: com.dotmarketing.portlets.structure.model.ContentletRelationshipsTest$TestCase@92c30b7]" classname="com.dotmarketing.portlets.structure.model.ContentletRelationshipsTest" time="1.943"/>
  <system-out><![CDATA[]]></system-out>
  <system-err><![CDATA[]]></system-err>
</testsuite>
