<?xml version="1.0" encoding="UTF-8"?>
<testsuite name="com.dotcms.rendering.velocity.services.VelocityResourceKeyTest" tests="4" skipped="0" failures="0" errors="0" timestamp="2023-06-27T17:25:21" hostname="fv-az162-375" time="0.029">
  <properties/>
  <testcase name="velocityResourceKey_constructor_db_container_test" classname="com.dotcms.rendering.velocity.services.VelocityResourceKeyTest" time="0.001"/>
  <testcase name="velocityResourceKey_constructor_fs_container_path_test" classname="com.dotcms.rendering.velocity.services.VelocityResourceKeyTest" time="0.027"/>
  <testcase name="velocityResourceKey_constructor_page_lang2_test" classname="com.dotcms.rendering.velocity.services.VelocityResourceKeyTest" time="0.001"/>
  <testcase name="velocityResourceKey_constructor_contentlet_lang2_test" classname="com.dotcms.rendering.velocity.services.VelocityResourceKeyTest" time="0.0"/>
  <system-out><![CDATA[]]></system-out>
  <system-err><![CDATA[]]></system-err>
</testsuite>
