<?xml version="1.0" encoding="UTF-8"?>
<testsuite name="com.dotmarketing.business.DeterministicIdentifierAPITest" tests="16" skipped="0" failures="0" errors="0" timestamp="2023-07-18T21:17:53" hostname="fv-az887-517" time="1.297">
  <properties/>
  <testcase name="Test_Category_Path_Seed_And_Id" classname="com.dotmarketing.business.DeterministicIdentifierAPITest" time="0.021"/>
  <testcase name="Test_Language_Deterministic_Id[0: LanguageTestCase{expectedSeed='Language:es:US', expectedHash=4913155, langCode='es', countryCode='US', country='United States'}]" classname="com.dotmarketing.business.DeterministicIdentifierAPITest" time="0.001"/>
  <testcase name="Test_Language_Deterministic_Id[1: LanguageTestCase{expectedSeed='Language:ep:', expectedHash=5292269, langCode='ep', countryCode='', country=''}]" classname="com.dotmarketing.business.DeterministicIdentifierAPITest" time="0.001"/>
  <testcase name="Test_Language_Deterministic_Id[2: LanguageTestCase{expectedSeed='Language:sg:SAG', expectedHash=4713118, langCode='sg', countryCode='SAG', country=''}]" classname="com.dotmarketing.business.DeterministicIdentifierAPITest" time="0.001"/>
  <testcase name="Test_Language_Deterministic_Id[3: LanguageTestCase{expectedSeed='Language:en:NZ', expectedHash=5382528, langCode='en', countryCode='NZ', country='New Zealand'}]" classname="com.dotmarketing.business.DeterministicIdentifierAPITest" time="0.0"/>
  <testcase name="Test_Category_None_Persisted_Category_Should_Return_Deterministic_Id" classname="com.dotmarketing.business.DeterministicIdentifierAPITest" time="0.001"/>
  <testcase name="Test_Asset_Generate_Deterministic_Id_Best_Effort[0: TestCase{versionable=my.host1689714685008.com, parent=System Host, expectedName='my.host1689714685008.com', expectedType='Host'}]" classname="com.dotmarketing.business.DeterministicIdentifierAPITest" time="0.003"/>
  <testcase name="Test_Asset_Generate_Deterministic_Id_Best_Effort[1: TestCase{versionable=com.dotmarketing.portlets.contentlet.model.Contentlet@2b110c45[map={modDate=2023-07-18 21:11:25.904, fileName=file801880252058550495.txt, title=file801880252058550495.txt, inode=e2f27cd6-abc1-401e-995a-524894f49b1c, __IS_NEW_CONTENT__=true, disabledWYSIWYG=[], host=c1989433-c9ba-4bba-9c78-3e33b25ed724, stInode=33888b6f-7a8e-4069-b1b6-5c1aa9d0a48d, owner=system, identifier=4c3a9179-056b-4a24-9ec6-80e02a30ba41, nullProperties=[wfExpireDate, wfPublishDate, wfActionAssign, wfActionId, wfActionComments, filterKey, whereToSend, wfNeverExpire, _path_to_move, timezoneId, iWantTo, wfPublishTime, wfExpireTime], languageId=1, fileAsset=/home/runner/work/core/custom/assets/e/2/e2f27cd6-abc1-401e-995a-524894f49b1c/fileAsset/file801880252058550495.txt, folder=4882a589-d964-49b9-b826-3e33f339334d, __disable_workflow__=true, sortOrder=0, modUser=system},lowIndexPriority=false,variantId=DEFAULT], parent=com.dotmarketing.portlets.folders.model.Folder@3a659acb[identifier=4882a589-d964-49b9-b826-3e33f339334d,name=testName1689714685897,sortOrder=0,showOnMenu=false,hostId=c1989433-c9ba-4bba-9c78-3e33b25ed724,type=folder,title=testTitle1689714685897,filesMasks=,defaultFileType=33888b6f-7a8e-4069-b1b6-5c1aa9d0a48d,modDate=2023-07-18 21:11:25.9,owner=&lt;null&gt;,iDate=2023-07-18 21:11:25.9,inode=4882a589-d964-49b9-b826-3e33f339334d,path=/testName1689714685897/], expectedName='file801880252058550495.txt', expectedType='FileAsset'}]" classname="com.dotmarketing.business.DeterministicIdentifierAPITest" time="0.003"/>
  <testcase name="Test_Asset_Generate_Deterministic_Id_Best_Effort[2: TestCase{versionable=com.dotmarketing.portlets.templates.model.Template@2121287e, parent=my.host1689714685008.com, expectedName='testTitle1689714686000', expectedType='Template'}]" classname="com.dotmarketing.business.DeterministicIdentifierAPITest" time="0.002"/>
  <testcase name="Test_Asset_Generate_Deterministic_Id_Best_Effort[3: TestCase{versionable=com.dotmarketing.portlets.htmlpageasset.model.HTMLPageAsset@4d8fe17c[map={template=19129696-4c00-454c-a2b8-12605d209261, owner=system, identifier=c4170302-a7db-4f3e-8fd7-6ea0b1c5e734, nullProperties=[wfExpireDate, wfPublishDate, wfActionAssign, wfActionId, wfActionComments, filterKey, whereToSend, wfNeverExpire, _path_to_move, timezoneId, iWantTo, wfPublishTime, wfExpireTime], modDate=2023-07-18 21:11:26.016, cachettl=0, _is_test_mode=true, languageId=1, title=test-page-title-1689714686012, httpsreq=, url=test-page-url-1689714686012, showOnMenu=, inode=70c69a43-adf1-428a-9a7f-fae374202599, folder=4882a589-d964-49b9-b826-3e33f339334d, disabledWYSIWYG=[], sortOrder=1, modUser=system, host=c1989433-c9ba-4bba-9c78-3e33b25ed724, stInode=c541abb1-69b3-4bc5-8430-5e09e5239cc8, friendlyName=test-page-friendly-name-1689714686012},lowIndexPriority=false,variantId=DEFAULT], parent=com.dotmarketing.portlets.folders.model.Folder@3a659acb[identifier=4882a589-d964-49b9-b826-3e33f339334d,name=testName1689714685897,sortOrder=0,showOnMenu=false,hostId=c1989433-c9ba-4bba-9c78-3e33b25ed724,type=folder,title=testTitle1689714685897,filesMasks=,defaultFileType=33888b6f-7a8e-4069-b1b6-5c1aa9d0a48d,modDate=2023-07-18 21:11:25.9,owner=&lt;null&gt;,iDate=2023-07-18 21:11:25.9,inode=4882a589-d964-49b9-b826-3e33f339334d,path=/testName1689714685897/], expectedName='test-page-url-1689714686012', expectedType='htmlpageasset'}]" classname="com.dotmarketing.business.DeterministicIdentifierAPITest" time="0.002"/>
  <testcase name="Test_Asset_Generate_Deterministic_Id_Best_Effort[4: TestCase{versionable=com.dotmarketing.portlets.contentlet.model.Contentlet@500846f0[map={fileAsset2=/home/runner/work/core/custom/assets/f/e/feade81b-84fe-4cb5-966b-bb1a39889545/fileAsset2/test_binary1689714686860.png, modDate=2023-07-18 21:11:26.866, fileAsset1=/home/runner/work/core/custom/assets/f/e/feade81b-84fe-4cb5-966b-bb1a39889545/fileAsset1/test_binary1689714686860.jpg, title=blah, inode=feade81b-84fe-4cb5-966b-bb1a39889545, __IS_NEW_CONTENT__=true, disabledWYSIWYG=[], host=48190c8c-42c4-46af-8d1a-0cd5db894797, stInode=31daf44e-38f7-4319-8161-baf5b40e66e4, owner=system, identifier=671bad21-1174-4f3e-996a-b7122f697ef8, nullProperties=[], languageId=1, image1=7c52d3c8-02e4-4495-84f1-43c813bea728, folder=SYSTEM_FOLDER, __disable_workflow__=true, sortOrder=0, modUser=system},lowIndexPriority=false,variantId=DEFAULT], parent=demo.dotcms.com, expectedName='test_binary1689714686860.jpg:test_binary1689714686860.png', expectedType='MultipleBinaries1689714686166'}]" classname="com.dotmarketing.business.DeterministicIdentifierAPITest" time="0.003"/>
  <testcase name="Test_Asset_Generate_Deterministic_Id_Best_Effort[5: TestCase{versionable=name65d7780482 : keyTag65d7780482, parent=my.host1689714685008.com, expectedName='keyTag65d7780482', expectedType='persona'}]" classname="com.dotmarketing.business.DeterministicIdentifierAPITest" time="0.004"/>
  <testcase name="Test_Similar_Content_Type_Wont_Clash" classname="com.dotmarketing.business.DeterministicIdentifierAPITest" time="0.476"/>
  <testcase name="Test_Generate_Folder_Identifier" classname="com.dotmarketing.business.DeterministicIdentifierAPITest" time="0.756"/>
  <testcase name="Test_Generate_Content_Type_Identifier[0: ContentTypeTestCase{contentType=KeyValueContentType{name=Language Variable, id=f4d7c1b8-2c88-4071-abf1-a5328977b07d, description=Default Content Type for Language Variables, defaultType=false, fixed=true, iDate=Thu Aug 31 16:38:49 UTC 2017, system=true, versionable=true, variable=Languagevariable, modDate=Tue Jul 18 20:05:19 UTC 2023, host=SYSTEM_HOST, siteName=systemHost, icon=language, sortOrder=0, folder=SYSTEM_FOLDER, folderPath=/, markedForDeletion=true, multilingualable=false}, expectedName='Languagevariable', expectedType='KeyValue'}]" classname="com.dotmarketing.business.DeterministicIdentifierAPITest" time="0.009"/>
  <testcase name="Test_Generate_Content_Type_Identifier[1: ContentTypeTestCase{contentType=SimpleContentType{name=testName1689714687329, id=a08a79e2-1ff4-443f-aa6c-a3035c1f0ea3, description=testDescription1689714687329, defaultType=false, fixed=false, iDate=Tue Jul 18 21:11:27 UTC 2023, system=false, versionable=true, multilingualable=false, variable=testVarname1689714687329, owner=system, modDate=Tue Jul 18 21:11:28 UTC 2023, host=48190c8c-42c4-46af-8d1a-0cd5db894797, siteName=demo.dotcms.com, icon=event_note, sortOrder=0, folder=SYSTEM_FOLDER, folderPath=/, requiredFields=[], markedForDeletion=false}, expectedName='testVarname1689714687329', expectedType='CONTENT'}]" classname="com.dotmarketing.business.DeterministicIdentifierAPITest" time="0.004"/>
  <system-out><![CDATA[]]></system-out>
  <system-err><![CDATA[]]></system-err>
</testsuite>
