<?xml version="1.0" encoding="UTF-8"?>
<testsuite name="com.dotmarketing.business.DeterministicIdentifierAPITest" tests="16" skipped="0" failures="0" errors="0" timestamp="2023-07-11T01:02:30" hostname="fv-az176-516" time="1.121">
  <properties/>
  <testcase name="Test_Category_Path_Seed_And_Id" classname="com.dotmarketing.business.DeterministicIdentifierAPITest" time="0.025"/>
  <testcase name="Test_Language_Deterministic_Id[0: LanguageTestCase{expectedSeed='Language:es:US', expectedHash=4913155, langCode='es', countryCode='US', country='United States'}]" classname="com.dotmarketing.business.DeterministicIdentifierAPITest" time="0.001"/>
  <testcase name="Test_Language_Deterministic_Id[1: LanguageTestCase{expectedSeed='Language:ep:', expectedHash=5292269, langCode='ep', countryCode='', country=''}]" classname="com.dotmarketing.business.DeterministicIdentifierAPITest" time="0.0"/>
  <testcase name="Test_Language_Deterministic_Id[2: LanguageTestCase{expectedSeed='Language:sg:SAG', expectedHash=4713118, langCode='sg', countryCode='SAG', country=''}]" classname="com.dotmarketing.business.DeterministicIdentifierAPITest" time="0.0"/>
  <testcase name="Test_Language_Deterministic_Id[3: LanguageTestCase{expectedSeed='Language:en:NZ', expectedHash=5382528, langCode='en', countryCode='NZ', country='New Zealand'}]" classname="com.dotmarketing.business.DeterministicIdentifierAPITest" time="0.001"/>
  <testcase name="Test_Category_None_Persisted_Category_Should_Return_Deterministic_Id" classname="com.dotmarketing.business.DeterministicIdentifierAPITest" time="0.002"/>
  <testcase name="Test_Asset_Generate_Deterministic_Id_Best_Effort[0: TestCase{versionable=my.host1689036967677.com, parent=System Host, expectedName='my.host1689036967677.com', expectedType='Host'}]" classname="com.dotmarketing.business.DeterministicIdentifierAPITest" time="0.003"/>
  <testcase name="Test_Asset_Generate_Deterministic_Id_Best_Effort[1: TestCase{versionable=com.dotmarketing.portlets.contentlet.model.Contentlet@4a16eb37[map={modDate=2023-07-11 00:56:08.47, fileName=file2702966151076890994.txt, title=file2702966151076890994.txt, inode=d6ce46c1-0fb7-4b62-9904-2bade153c7de, __IS_NEW_CONTENT__=true, disabledWYSIWYG=[], host=558b41fd-4035-4829-86d2-c44230ac10f1, stInode=33888b6f-7a8e-4069-b1b6-5c1aa9d0a48d, owner=system, identifier=0f0ba7da-5fca-418e-9319-02ab9a918d78, nullProperties=[wfExpireDate, wfPublishDate, wfActionAssign, wfActionId, wfActionComments, filterKey, whereToSend, wfNeverExpire, _path_to_move, timezoneId, iWantTo, wfPublishTime, wfExpireTime], languageId=1, fileAsset=/home/runner/work/core/custom/assets/d/6/d6ce46c1-0fb7-4b62-9904-2bade153c7de/fileAsset/file2702966151076890994.txt, folder=e0d3fdef-5243-4fcf-b3b5-38f1a93a6723, __disable_workflow__=true, sortOrder=0, modUser=system},lowIndexPriority=false,variantId=DEFAULT], parent=com.dotmarketing.portlets.folders.model.Folder@23b3a747[identifier=e0d3fdef-5243-4fcf-b3b5-38f1a93a6723,name=testName1689036968463,sortOrder=0,showOnMenu=false,hostId=558b41fd-4035-4829-86d2-c44230ac10f1,type=folder,title=testTitle1689036968463,filesMasks=,defaultFileType=33888b6f-7a8e-4069-b1b6-5c1aa9d0a48d,modDate=2023-07-11 00:56:08.466,owner=&lt;null&gt;,iDate=2023-07-11 00:56:08.466,inode=e0d3fdef-5243-4fcf-b3b5-38f1a93a6723,path=/testName1689036968463/], expectedName='file2702966151076890994.txt', expectedType='FileAsset'}]" classname="com.dotmarketing.business.DeterministicIdentifierAPITest" time="0.003"/>
  <testcase name="Test_Asset_Generate_Deterministic_Id_Best_Effort[2: TestCase{versionable=com.dotmarketing.portlets.templates.model.Template@26d33cda, parent=my.host1689036967677.com, expectedName='testTitle1689036968600', expectedType='Template'}]" classname="com.dotmarketing.business.DeterministicIdentifierAPITest" time="0.002"/>
  <testcase name="Test_Asset_Generate_Deterministic_Id_Best_Effort[3: TestCase{versionable=com.dotmarketing.portlets.htmlpageasset.model.HTMLPageAsset@4364fa0c[map={template=1a4a2f0f-c20a-4098-8bcc-450507492341, owner=system, identifier=fdd08cff-ce0c-4f80-8950-39edfc8d7b24, nullProperties=[wfExpireDate, wfPublishDate, wfActionAssign, wfActionId, wfActionComments, filterKey, whereToSend, wfNeverExpire, _path_to_move, timezoneId, iWantTo, wfPublishTime, wfExpireTime], modDate=2023-07-11 00:56:08.615, cachettl=0, _is_test_mode=true, languageId=1, title=test-page-title-1689036968611, httpsreq=, url=test-page-url-1689036968611, showOnMenu=, inode=e986b97e-3684-468b-8221-170defa96c41, folder=e0d3fdef-5243-4fcf-b3b5-38f1a93a6723, disabledWYSIWYG=[], sortOrder=1, modUser=system, host=558b41fd-4035-4829-86d2-c44230ac10f1, stInode=c541abb1-69b3-4bc5-8430-5e09e5239cc8, friendlyName=test-page-friendly-name-1689036968611},lowIndexPriority=false,variantId=DEFAULT], parent=com.dotmarketing.portlets.folders.model.Folder@23b3a747[identifier=e0d3fdef-5243-4fcf-b3b5-38f1a93a6723,name=testName1689036968463,sortOrder=0,showOnMenu=false,hostId=558b41fd-4035-4829-86d2-c44230ac10f1,type=folder,title=testTitle1689036968463,filesMasks=,defaultFileType=33888b6f-7a8e-4069-b1b6-5c1aa9d0a48d,modDate=2023-07-11 00:56:08.466,owner=&lt;null&gt;,iDate=2023-07-11 00:56:08.466,inode=e0d3fdef-5243-4fcf-b3b5-38f1a93a6723,path=/testName1689036968463/], expectedName='test-page-url-1689036968611', expectedType='htmlpageasset'}]" classname="com.dotmarketing.business.DeterministicIdentifierAPITest" time="0.003"/>
  <testcase name="Test_Asset_Generate_Deterministic_Id_Best_Effort[4: TestCase{versionable=com.dotmarketing.portlets.contentlet.model.Contentlet@76d3a05[map={fileAsset2=/home/runner/work/core/custom/assets/4/2/4221cf04-713e-41ab-bdc5-f3c41f096e84/fileAsset2/test_binary1689036969474.png, modDate=2023-07-11 00:56:09.479, fileAsset1=/home/runner/work/core/custom/assets/4/2/4221cf04-713e-41ab-bdc5-f3c41f096e84/fileAsset1/test_binary1689036969474.jpg, title=blah, inode=4221cf04-713e-41ab-bdc5-f3c41f096e84, __IS_NEW_CONTENT__=true, disabledWYSIWYG=[], host=48190c8c-42c4-46af-8d1a-0cd5db894797, stInode=6a172fac-bd9d-4491-a0e7-b9d45f488fc1, owner=system, identifier=ff7de40a-3bda-41af-b66d-9b53f6694923, nullProperties=[], languageId=1, image1=e34b48e4-fee0-4418-b66c-857cbdc6c6ef, folder=SYSTEM_FOLDER, __disable_workflow__=true, sortOrder=0, modUser=system},lowIndexPriority=false,variantId=DEFAULT], parent=demo.dotcms.com, expectedName='test_binary1689036969474.jpg:test_binary1689036969474.png', expectedType='MultipleBinaries1689036968747'}]" classname="com.dotmarketing.business.DeterministicIdentifierAPITest" time="0.003"/>
  <testcase name="Test_Asset_Generate_Deterministic_Id_Best_Effort[5: TestCase{versionable=name8f6d08c81b : keyTag8f6d08c81b, parent=my.host1689036967677.com, expectedName='keyTag8f6d08c81b', expectedType='persona'}]" classname="com.dotmarketing.business.DeterministicIdentifierAPITest" time="0.003"/>
  <testcase name="Test_Similar_Content_Type_Wont_Clash" classname="com.dotmarketing.business.DeterministicIdentifierAPITest" time="0.477"/>
  <testcase name="Test_Generate_Folder_Identifier" classname="com.dotmarketing.business.DeterministicIdentifierAPITest" time="0.585"/>
  <testcase name="Test_Generate_Content_Type_Identifier[0: ContentTypeTestCase{contentType=KeyValueContentType{name=Language Variable, id=f4d7c1b8-2c88-4071-abf1-a5328977b07d, description=Default Content Type for Language Variables, defaultType=false, fixed=true, iDate=Thu Aug 31 16:38:49 UTC 2017, system=true, versionable=true, variable=Languagevariable, modDate=Mon Jul 10 23:49:02 UTC 2023, host=SYSTEM_HOST, siteName=systemHost, icon=language, sortOrder=0, folder=SYSTEM_FOLDER, folderPath=/, markedForDeletion=true, multilingualable=false}, expectedName='Languagevariable', expectedType='KeyValue'}]" classname="com.dotmarketing.business.DeterministicIdentifierAPITest" time="0.005"/>
  <testcase name="Test_Generate_Content_Type_Identifier[1: ContentTypeTestCase{contentType=SimpleContentType{name=testName1689036969950, id=aabef4ff-f0d2-474c-beec-83c66884906c, description=testDescription1689036969950, defaultType=false, fixed=false, iDate=Tue Jul 11 00:56:09 UTC 2023, system=false, versionable=true, multilingualable=false, variable=testVarname1689036969950, owner=system, modDate=Tue Jul 11 00:56:10 UTC 2023, host=48190c8c-42c4-46af-8d1a-0cd5db894797, siteName=demo.dotcms.com, icon=event_note, sortOrder=0, folder=SYSTEM_FOLDER, folderPath=/, requiredFields=[], markedForDeletion=false}, expectedName='testVarname1689036969950', expectedType='CONTENT'}]" classname="com.dotmarketing.business.DeterministicIdentifierAPITest" time="0.004"/>
  <system-out><![CDATA[]]></system-out>
  <system-err><![CDATA[]]></system-err>
</testsuite>
