<?xml version="1.0" encoding="UTF-8"?>
<testsuite name="com.dotcms.rest.api.v1.authentication.ResetPasswordResourceIntegrationTest" tests="4" skipped="0" failures="0" errors="0" timestamp="2023-06-27T17:35:02" hostname="fv-az162-375" time="9.191">
  <properties/>
  <testcase name="testEXPIREDTOKEN" classname="com.dotcms.rest.api.v1.authentication.ResetPasswordResourceIntegrationTest" time="2.835"/>
  <testcase name="test_resetPassword_tokenNotBelongAnyUser_badRequest" classname="com.dotcms.rest.api.v1.authentication.ResetPasswordResourceIntegrationTest" time="0.002"/>
  <testcase name="test_resetPassword_success" classname="com.dotcms.rest.api.v1.authentication.ResetPasswordResourceIntegrationTest" time="3.566"/>
  <testcase name="testINVALIDPASSWORD" classname="com.dotcms.rest.api.v1.authentication.ResetPasswordResourceIntegrationTest" time="2.788"/>
  <system-out><![CDATA[]]></system-out>
  <system-err><![CDATA[]]></system-err>
</testsuite>
