<?xml version="1.0" encoding="UTF-8"?>
<testsuite name="com.dotcms.rest.elasticsearch.ESContentResourcePortletTest" tests="8" skipped="0" failures="0" errors="0" timestamp="2023-06-27T16:58:51" hostname="fv-az206-664" time="7.72">
  <properties/>
  <testcase name="test_search_includeGrandChildCategory_success" classname="com.dotcms.rest.elasticsearch.ESContentResourcePortletTest" time="1.345"/>
  <testcase name="testSearch[0: com.dotcms.rest.elasticsearch.ESContentResourcePortletTest$TestCase@643b2ec8]" classname="com.dotcms.rest.elasticsearch.ESContentResourcePortletTest" time="0.912"/>
  <testcase name="testSearch[1: com.dotcms.rest.elasticsearch.ESContentResourcePortletTest$TestCase@6b9d2482]" classname="com.dotcms.rest.elasticsearch.ESContentResourcePortletTest" time="1.236"/>
  <testcase name="testSearch[2: com.dotcms.rest.elasticsearch.ESContentResourcePortletTest$TestCase@5a3b82d8]" classname="com.dotcms.rest.elasticsearch.ESContentResourcePortletTest" time="0.919"/>
  <testcase name="testSearch[3: com.dotcms.rest.elasticsearch.ESContentResourcePortletTest$TestCase@359b4467]" classname="com.dotcms.rest.elasticsearch.ESContentResourcePortletTest" time="1.249"/>
  <testcase name="testSearch[4: com.dotcms.rest.elasticsearch.ESContentResourcePortletTest$TestCase@86b6172]" classname="com.dotcms.rest.elasticsearch.ESContentResourcePortletTest" time="0.212"/>
  <testcase name="testSearch[5: com.dotcms.rest.elasticsearch.ESContentResourcePortletTest$TestCase@a50fdc9]" classname="com.dotcms.rest.elasticsearch.ESContentResourcePortletTest" time="0.923"/>
  <testcase name="testSearch[6: com.dotcms.rest.elasticsearch.ESContentResourcePortletTest$TestCase@c7b9319]" classname="com.dotcms.rest.elasticsearch.ESContentResourcePortletTest" time="0.923"/>
  <system-out><![CDATA[]]></system-out>
  <system-err><![CDATA[]]></system-err>
</testsuite>
