<?xml version="1.0" encoding="UTF-8"?>
<testsuite name="com.dotcms.publishing.PublisherAPIImplTest" tests="24" skipped="0" failures="0" errors="0" timestamp="2023-07-11T02:26:39" hostname="fv-az407-783" time="4.791">
  <properties/>
  <testcase name="AddAllCategoryIntoBundle" classname="com.dotcms.publishing.PublisherAPIImplTest" time="0.134"/>
  <testcase name="testFilterDescriptors" classname="com.dotcms.publishing.PublisherAPIImplTest" time="0.059"/>
  <testcase name="sendPushPublishBundle[0: com.dotcms.publishing.PublisherAPIImplTest$TestAsset@7467a377]" classname="com.dotcms.publishing.PublisherAPIImplTest" time="1.705"/>
  <testcase name="sendPushPublishBundle[1: com.dotcms.publishing.PublisherAPIImplTest$TestAsset@b940831]" classname="com.dotcms.publishing.PublisherAPIImplTest" time="0.364"/>
  <testcase name="sendPushPublishBundle[2: com.dotcms.publishing.PublisherAPIImplTest$TestAsset@76803b0c]" classname="com.dotcms.publishing.PublisherAPIImplTest" time="0.259"/>
  <testcase name="sendPushPublishBundle[3: com.dotcms.publishing.PublisherAPIImplTest$TestAsset@46abb179]" classname="com.dotcms.publishing.PublisherAPIImplTest" time="0.282"/>
  <testcase name="sendPushPublishBundle[4: com.dotcms.publishing.PublisherAPIImplTest$TestAsset@f1edec0]" classname="com.dotcms.publishing.PublisherAPIImplTest" time="0.257"/>
  <testcase name="sendPushPublishBundle[5: com.dotcms.publishing.PublisherAPIImplTest$TestAsset@24e09a92]" classname="com.dotcms.publishing.PublisherAPIImplTest" time="0.126"/>
  <testcase name="sendPushPublishBundle[6: com.dotcms.publishing.PublisherAPIImplTest$TestAsset@53cf8d59]" classname="com.dotcms.publishing.PublisherAPIImplTest" time="0.14"/>
  <testcase name="sendPushPublishBundle[7: com.dotcms.publishing.PublisherAPIImplTest$TestAsset@48f4ce20]" classname="com.dotcms.publishing.PublisherAPIImplTest" time="0.121"/>
  <testcase name="sendPushPublishBundle[8: com.dotcms.publishing.PublisherAPIImplTest$TestAsset@3165e120]" classname="com.dotcms.publishing.PublisherAPIImplTest" time="0.111"/>
  <testcase name="sendPushPublishBundle[9: com.dotcms.publishing.PublisherAPIImplTest$TestAsset@11f1c994]" classname="com.dotcms.publishing.PublisherAPIImplTest" time="0.194"/>
  <testcase name="sendPushPublishBundle[10: com.dotcms.publishing.PublisherAPIImplTest$TestAsset@3efb2bb6]" classname="com.dotcms.publishing.PublisherAPIImplTest" time="0.063"/>
  <testcase name="generateBundle[0: com.dotcms.publishing.PublisherAPIImplTest$TestAsset@7467a377]" classname="com.dotcms.publishing.PublisherAPIImplTest" time="0.111"/>
  <testcase name="generateBundle[1: com.dotcms.publishing.PublisherAPIImplTest$TestAsset@b940831]" classname="com.dotcms.publishing.PublisherAPIImplTest" time="0.1"/>
  <testcase name="generateBundle[2: com.dotcms.publishing.PublisherAPIImplTest$TestAsset@76803b0c]" classname="com.dotcms.publishing.PublisherAPIImplTest" time="0.067"/>
  <testcase name="generateBundle[3: com.dotcms.publishing.PublisherAPIImplTest$TestAsset@46abb179]" classname="com.dotcms.publishing.PublisherAPIImplTest" time="0.145"/>
  <testcase name="generateBundle[4: com.dotcms.publishing.PublisherAPIImplTest$TestAsset@f1edec0]" classname="com.dotcms.publishing.PublisherAPIImplTest" time="0.171"/>
  <testcase name="generateBundle[5: com.dotcms.publishing.PublisherAPIImplTest$TestAsset@24e09a92]" classname="com.dotcms.publishing.PublisherAPIImplTest" time="0.078"/>
  <testcase name="generateBundle[6: com.dotcms.publishing.PublisherAPIImplTest$TestAsset@53cf8d59]" classname="com.dotcms.publishing.PublisherAPIImplTest" time="0.088"/>
  <testcase name="generateBundle[7: com.dotcms.publishing.PublisherAPIImplTest$TestAsset@48f4ce20]" classname="com.dotcms.publishing.PublisherAPIImplTest" time="0.065"/>
  <testcase name="generateBundle[8: com.dotcms.publishing.PublisherAPIImplTest$TestAsset@3165e120]" classname="com.dotcms.publishing.PublisherAPIImplTest" time="0.037"/>
  <testcase name="generateBundle[9: com.dotcms.publishing.PublisherAPIImplTest$TestAsset@11f1c994]" classname="com.dotcms.publishing.PublisherAPIImplTest" time="0.092"/>
  <testcase name="generateBundle[10: com.dotcms.publishing.PublisherAPIImplTest$TestAsset@3efb2bb6]" classname="com.dotcms.publishing.PublisherAPIImplTest" time="0.012"/>
  <system-out><![CDATA[









































































































































































]]></system-out>
  <system-err><![CDATA[]]></system-err>
</testsuite>
