<?xml version="1.0" encoding="UTF-8"?>
<testsuite name="com.dotcms.rest.elasticsearch.ESContentResourcePortletTest" tests="8" skipped="0" failures="0" errors="0" timestamp="2023-07-07T20:11:07" hostname="fv-az422-848" time="8.795">
  <properties/>
  <testcase name="test_search_includeGrandChildCategory_success" classname="com.dotcms.rest.elasticsearch.ESContentResourcePortletTest" time="1.379"/>
  <testcase name="testSearch[0: com.dotcms.rest.elasticsearch.ESContentResourcePortletTest$TestCase@8989e37]" classname="com.dotcms.rest.elasticsearch.ESContentResourcePortletTest" time="0.897"/>
  <testcase name="testSearch[1: com.dotcms.rest.elasticsearch.ESContentResourcePortletTest$TestCase@10f3c0a2]" classname="com.dotcms.rest.elasticsearch.ESContentResourcePortletTest" time="1.289"/>
  <testcase name="testSearch[2: com.dotcms.rest.elasticsearch.ESContentResourcePortletTest$TestCase@48c6ca35]" classname="com.dotcms.rest.elasticsearch.ESContentResourcePortletTest" time="0.861"/>
  <testcase name="testSearch[3: com.dotcms.rest.elasticsearch.ESContentResourcePortletTest$TestCase@2b78b5d]" classname="com.dotcms.rest.elasticsearch.ESContentResourcePortletTest" time="1.386"/>
  <testcase name="testSearch[4: com.dotcms.rest.elasticsearch.ESContentResourcePortletTest$TestCase@4e92d41a]" classname="com.dotcms.rest.elasticsearch.ESContentResourcePortletTest" time="1.276"/>
  <testcase name="testSearch[5: com.dotcms.rest.elasticsearch.ESContentResourcePortletTest$TestCase@40eaebba]" classname="com.dotcms.rest.elasticsearch.ESContentResourcePortletTest" time="0.866"/>
  <testcase name="testSearch[6: com.dotcms.rest.elasticsearch.ESContentResourcePortletTest$TestCase@3e8316f0]" classname="com.dotcms.rest.elasticsearch.ESContentResourcePortletTest" time="0.841"/>
  <system-out><![CDATA[]]></system-out>
  <system-err><![CDATA[]]></system-err>
</testsuite>
