<?xml version="1.0" encoding="UTF-8"?>
<testsuite name="com.dotcms.enterprise.publishing.remote.bundler.HostBundlerTest" tests="3" skipped="0" failures="0" errors="0" timestamp="2023-06-27T16:50:51" hostname="fv-az560-754" time="0.055">
  <properties/>
  <testcase name="addHostInBundle[0: com.dotcms.enterprise.publishing.remote.bundler.HostBundlerTest$TestCase@6e970a78]" classname="com.dotcms.enterprise.publishing.remote.bundler.HostBundlerTest" time="0.024"/>
  <testcase name="addHostInBundle[1: com.dotcms.enterprise.publishing.remote.bundler.HostBundlerTest$TestCase@29b7663b]" classname="com.dotcms.enterprise.publishing.remote.bundler.HostBundlerTest" time="0.012"/>
  <testcase name="addHostInBundle[2: com.dotcms.enterprise.publishing.remote.bundler.HostBundlerTest$TestCase@775affbf]" classname="com.dotcms.enterprise.publishing.remote.bundler.HostBundlerTest" time="0.019"/>
  <system-out><![CDATA[]]></system-out>
  <system-err><![CDATA[]]></system-err>
</testsuite>
