<?xml version="1.0" encoding="UTF-8"?>
<testsuite name="com.dotcms.rest.api.v1.vtl.VTLResourceIntegrationTest" tests="6" skipped="0" failures="0" errors="0" timestamp="2023-07-18T22:08:00" hostname="fv-az247-820" time="12.21">
  <properties/>
  <testcase name="testGet[0: com.dotcms.rest.api.v1.vtl.VTLResourceTestCase@616cf5e]" classname="com.dotcms.rest.api.v1.vtl.VTLResourceIntegrationTest" time="2.227"/>
  <testcase name="testGet[1: com.dotcms.rest.api.v1.vtl.VTLResourceTestCase@56336358]" classname="com.dotcms.rest.api.v1.vtl.VTLResourceIntegrationTest" time="1.967"/>
  <testcase name="testGet[2: com.dotcms.rest.api.v1.vtl.VTLResourceTestCase@334f6272]" classname="com.dotcms.rest.api.v1.vtl.VTLResourceIntegrationTest" time="2.094"/>
  <testcase name="testGet[3: com.dotcms.rest.api.v1.vtl.VTLResourceTestCase@6c545385]" classname="com.dotcms.rest.api.v1.vtl.VTLResourceIntegrationTest" time="1.964"/>
  <testcase name="testGet[4: com.dotcms.rest.api.v1.vtl.VTLResourceTestCase@5c080d6e]" classname="com.dotcms.rest.api.v1.vtl.VTLResourceIntegrationTest" time="1.964"/>
  <testcase name="testGet[5: com.dotcms.rest.api.v1.vtl.VTLResourceTestCase@11ec8c14]" classname="com.dotcms.rest.api.v1.vtl.VTLResourceIntegrationTest" time="1.994"/>
  <system-out><![CDATA[]]></system-out>
  <system-err><![CDATA[]]></system-err>
</testsuite>
