<?xml version="1.0" encoding="UTF-8"?>
<testsuite name="com.dotmarketing.business.DeterministicIdentifierAPITest" tests="16" skipped="0" failures="0" errors="0" timestamp="2023-07-07T20:18:26" hostname="fv-az622-57" time="1.285">
  <properties/>
  <testcase name="Test_Category_Path_Seed_And_Id" classname="com.dotmarketing.business.DeterministicIdentifierAPITest" time="0.036"/>
  <testcase name="Test_Language_Deterministic_Id[0: LanguageTestCase{expectedSeed='Language:es:US', expectedHash=4913155, langCode='es', countryCode='US', country='United States'}]" classname="com.dotmarketing.business.DeterministicIdentifierAPITest" time="0.001"/>
  <testcase name="Test_Language_Deterministic_Id[1: LanguageTestCase{expectedSeed='Language:ep:', expectedHash=5292269, langCode='ep', countryCode='', country=''}]" classname="com.dotmarketing.business.DeterministicIdentifierAPITest" time="0.001"/>
  <testcase name="Test_Language_Deterministic_Id[2: LanguageTestCase{expectedSeed='Language:sg:SAG', expectedHash=4713118, langCode='sg', countryCode='SAG', country=''}]" classname="com.dotmarketing.business.DeterministicIdentifierAPITest" time="0.002"/>
  <testcase name="Test_Language_Deterministic_Id[3: LanguageTestCase{expectedSeed='Language:en:NZ', expectedHash=5382528, langCode='en', countryCode='NZ', country='New Zealand'}]" classname="com.dotmarketing.business.DeterministicIdentifierAPITest" time="0.001"/>
  <testcase name="Test_Category_None_Persisted_Category_Should_Return_Deterministic_Id" classname="com.dotmarketing.business.DeterministicIdentifierAPITest" time="0.001"/>
  <testcase name="Test_Asset_Generate_Deterministic_Id_Best_Effort[0: TestCase{versionable=my.host1688760687659.com, parent=System Host, expectedName='my.host1688760687659.com', expectedType='Host'}]" classname="com.dotmarketing.business.DeterministicIdentifierAPITest" time="0.007"/>
  <testcase name="Test_Asset_Generate_Deterministic_Id_Best_Effort[1: TestCase{versionable=com.dotmarketing.portlets.contentlet.model.Contentlet@5c4afbd4[map={modDate=2023-07-07 20:11:28.25, fileName=file13395688783410484952.txt, title=file13395688783410484952.txt, inode=f09392a5-8468-4a0f-acd3-a15eb96d41ac, __IS_NEW_CONTENT__=true, disabledWYSIWYG=[], host=5e988d66-0e29-4de1-afc6-cc6a6acd6bc9, stInode=33888b6f-7a8e-4069-b1b6-5c1aa9d0a48d, owner=system, identifier=17866f3a-d599-4dd0-a67d-8903e3d3dda2, nullProperties=[wfExpireDate, wfPublishDate, wfActionAssign, wfActionId, wfActionComments, filterKey, whereToSend, wfNeverExpire, _path_to_move, timezoneId, iWantTo, wfPublishTime, wfExpireTime], languageId=1, fileAsset=/home/runner/work/core/custom/assets/f/0/f09392a5-8468-4a0f-acd3-a15eb96d41ac/fileAsset/file13395688783410484952.txt, folder=5218ee22-1bf1-4568-943c-c212824d754c, __disable_workflow__=true, sortOrder=0, modUser=system},lowIndexPriority=false,variantId=DEFAULT], parent=com.dotmarketing.portlets.folders.model.Folder@42be0e6[identifier=5218ee22-1bf1-4568-943c-c212824d754c,name=testName1688760688240,sortOrder=0,showOnMenu=false,hostId=5e988d66-0e29-4de1-afc6-cc6a6acd6bc9,type=folder,title=testTitle1688760688240,filesMasks=,defaultFileType=33888b6f-7a8e-4069-b1b6-5c1aa9d0a48d,modDate=2023-07-07 20:11:28.244,owner=&lt;null&gt;,iDate=2023-07-07 20:11:28.244,inode=5218ee22-1bf1-4568-943c-c212824d754c,path=/testName1688760688240/], expectedName='file13395688783410484952.txt', expectedType='FileAsset'}]" classname="com.dotmarketing.business.DeterministicIdentifierAPITest" time="0.005"/>
  <testcase name="Test_Asset_Generate_Deterministic_Id_Best_Effort[2: TestCase{versionable=com.dotmarketing.portlets.templates.model.Template@863e8aeb, parent=my.host1688760687659.com, expectedName='testTitle1688760688371', expectedType='Template'}]" classname="com.dotmarketing.business.DeterministicIdentifierAPITest" time="0.003"/>
  <testcase name="Test_Asset_Generate_Deterministic_Id_Best_Effort[3: TestCase{versionable=com.dotmarketing.portlets.htmlpageasset.model.HTMLPageAsset@1b4cc89c[map={template=7f3e1212-c178-4f7e-bda0-50fadb28ef72, owner=system, identifier=8ff4fdf2-df48-4c80-b025-0d67b7bace76, nullProperties=[wfExpireDate, wfPublishDate, wfActionAssign, wfActionId, wfActionComments, filterKey, whereToSend, wfNeverExpire, _path_to_move, timezoneId, iWantTo, wfPublishTime, wfExpireTime], modDate=2023-07-07 20:11:28.402, cachettl=0, _is_test_mode=true, languageId=1, title=test-page-title-1688760688397, httpsreq=, url=test-page-url-1688760688397, showOnMenu=, inode=f6cdce90-327d-44c7-b1ff-398310434145, folder=5218ee22-1bf1-4568-943c-c212824d754c, disabledWYSIWYG=[], sortOrder=1, modUser=system, host=5e988d66-0e29-4de1-afc6-cc6a6acd6bc9, stInode=c541abb1-69b3-4bc5-8430-5e09e5239cc8, friendlyName=test-page-friendly-name-1688760688397},lowIndexPriority=false,variantId=DEFAULT], parent=com.dotmarketing.portlets.folders.model.Folder@42be0e6[identifier=5218ee22-1bf1-4568-943c-c212824d754c,name=testName1688760688240,sortOrder=0,showOnMenu=false,hostId=5e988d66-0e29-4de1-afc6-cc6a6acd6bc9,type=folder,title=testTitle1688760688240,filesMasks=,defaultFileType=33888b6f-7a8e-4069-b1b6-5c1aa9d0a48d,modDate=2023-07-07 20:11:28.244,owner=&lt;null&gt;,iDate=2023-07-07 20:11:28.244,inode=5218ee22-1bf1-4568-943c-c212824d754c,path=/testName1688760688240/], expectedName='test-page-url-1688760688397', expectedType='htmlpageasset'}]" classname="com.dotmarketing.business.DeterministicIdentifierAPITest" time="0.004"/>
  <testcase name="Test_Asset_Generate_Deterministic_Id_Best_Effort[4: TestCase{versionable=com.dotmarketing.portlets.contentlet.model.Contentlet@79613aba[map={fileAsset2=/home/runner/work/core/custom/assets/a/6/a62b0fe7-060b-4cad-9544-c3f89600f86b/fileAsset2/test_binary1688760690307.png, modDate=2023-07-07 20:11:30.314, fileAsset1=/home/runner/work/core/custom/assets/a/6/a62b0fe7-060b-4cad-9544-c3f89600f86b/fileAsset1/test_binary1688760690306.jpg, title=blah, inode=a62b0fe7-060b-4cad-9544-c3f89600f86b, __IS_NEW_CONTENT__=true, disabledWYSIWYG=[], host=48190c8c-42c4-46af-8d1a-0cd5db894797, stInode=38797166-6ad0-4595-8fc0-4c1a42ae126c, owner=system, identifier=6e4171c2-2a50-4fa5-89f1-fa9bdb50476b, nullProperties=[], languageId=1, image1=f925bcda-5891-49bb-9d6d-2765cb115f1c, folder=SYSTEM_FOLDER, __disable_workflow__=true, sortOrder=0, modUser=system},lowIndexPriority=false,variantId=DEFAULT], parent=demo.dotcms.com, expectedName='test_binary1688760690306.jpg:test_binary1688760690307.png', expectedType='MultipleBinaries1688760688642'}]" classname="com.dotmarketing.business.DeterministicIdentifierAPITest" time="0.005"/>
  <testcase name="Test_Asset_Generate_Deterministic_Id_Best_Effort[5: TestCase{versionable=nameddea009da1 : keyTagddea009da1, parent=my.host1688760687659.com, expectedName='keyTagddea009da1', expectedType='persona'}]" classname="com.dotmarketing.business.DeterministicIdentifierAPITest" time="0.004"/>
  <testcase name="Test_Similar_Content_Type_Wont_Clash" classname="com.dotmarketing.business.DeterministicIdentifierAPITest" time="0.708"/>
  <testcase name="Test_Generate_Folder_Identifier" classname="com.dotmarketing.business.DeterministicIdentifierAPITest" time="0.489"/>
  <testcase name="Test_Generate_Content_Type_Identifier[0: ContentTypeTestCase{contentType=KeyValueContentType{name=Language Variable, id=f4d7c1b8-2c88-4071-abf1-a5328977b07d, description=Default Content Type for Language Variables, defaultType=false, fixed=true, iDate=Thu Aug 31 16:38:49 UTC 2017, system=true, versionable=true, variable=Languagevariable, modDate=Fri Jul 07 18:54:48 UTC 2023, host=SYSTEM_HOST, siteName=systemHost, icon=language, sortOrder=0, folder=SYSTEM_FOLDER, folderPath=/, markedForDeletion=true, multilingualable=false}, expectedName='Languagevariable', expectedType='KeyValue'}]" classname="com.dotmarketing.business.DeterministicIdentifierAPITest" time="0.006"/>
  <testcase name="Test_Generate_Content_Type_Identifier[1: ContentTypeTestCase{contentType=SimpleContentType{name=testName1688760690753, id=5252e8cf-2ef0-469a-a9db-ef92cdf3dafc, description=testDescription1688760690753, defaultType=false, fixed=false, iDate=Fri Jul 07 20:11:30 UTC 2023, system=false, versionable=true, multilingualable=false, variable=testVarname1688760690753, owner=system, modDate=Fri Jul 07 20:11:32 UTC 2023, host=48190c8c-42c4-46af-8d1a-0cd5db894797, siteName=demo.dotcms.com, icon=event_note, sortOrder=0, folder=SYSTEM_FOLDER, folderPath=/, requiredFields=[], markedForDeletion=false}, expectedName='testVarname1688760690753', expectedType='CONTENT'}]" classname="com.dotmarketing.business.DeterministicIdentifierAPITest" time="0.006"/>
  <system-out><![CDATA[]]></system-out>
  <system-err><![CDATA[]]></system-err>
</testsuite>
