<?xml version="1.0" encoding="UTF-8"?>
<testsuite name="com.dotmarketing.portlets.structure.model.ContentletRelationshipsTest" tests="7" skipped="0" failures="0" errors="0" timestamp="2023-07-11T03:28:26" hostname="fv-az437-589" time="7.06">
  <properties/>
  <testcase name="testDoesAllowOnlyOne[0: com.dotmarketing.portlets.structure.model.ContentletRelationshipsTest$CardinalityTestCase@4fe3eed3]" classname="com.dotmarketing.portlets.structure.model.ContentletRelationshipsTest" time="0.563"/>
  <testcase name="testDoesAllowOnlyOne[1: com.dotmarketing.portlets.structure.model.ContentletRelationshipsTest$CardinalityTestCase@6eb14c84]" classname="com.dotmarketing.portlets.structure.model.ContentletRelationshipsTest" time="0.603"/>
  <testcase name="testDoesAllowOnlyOne[2: com.dotmarketing.portlets.structure.model.ContentletRelationshipsTest$CardinalityTestCase@495c0a1a]" classname="com.dotmarketing.portlets.structure.model.ContentletRelationshipsTest" time="0.574"/>
  <testcase name="testGetRelationshipRecords[0: com.dotmarketing.portlets.structure.model.ContentletRelationshipsTest$TestCase@24b38402]" classname="com.dotmarketing.portlets.structure.model.ContentletRelationshipsTest" time="2.224"/>
  <testcase name="testGetRelationshipRecords[1: com.dotmarketing.portlets.structure.model.ContentletRelationshipsTest$TestCase@74f67331]" classname="com.dotmarketing.portlets.structure.model.ContentletRelationshipsTest" time="1.093"/>
  <testcase name="testGetRelationshipRecords[2: com.dotmarketing.portlets.structure.model.ContentletRelationshipsTest$TestCase@1047c447]" classname="com.dotmarketing.portlets.structure.model.ContentletRelationshipsTest" time="1.003"/>
  <testcase name="testGetRelationshipRecords[3: com.dotmarketing.portlets.structure.model.ContentletRelationshipsTest$TestCase@3962108f]" classname="com.dotmarketing.portlets.structure.model.ContentletRelationshipsTest" time="1.0"/>
  <system-out><![CDATA[]]></system-out>
  <system-err><![CDATA[]]></system-err>
</testsuite>
