<?xml version="1.0" encoding="UTF-8"?>
<testsuite name="com.dotcms.publishing.PublisherAPIImplTest" tests="24" skipped="0" failures="0" errors="0" timestamp="2023-07-20T22:38:09" hostname="fv-az247-899" time="5.033">
  <properties/>
  <testcase name="AddAllCategoryIntoBundle" classname="com.dotcms.publishing.PublisherAPIImplTest" time="0.185"/>
  <testcase name="testFilterDescriptors" classname="com.dotcms.publishing.PublisherAPIImplTest" time="0.073"/>
  <testcase name="sendPushPublishBundle[0: com.dotcms.publishing.PublisherAPIImplTest$TestAsset@271d4f7c]" classname="com.dotcms.publishing.PublisherAPIImplTest" time="1.446"/>
  <testcase name="sendPushPublishBundle[1: com.dotcms.publishing.PublisherAPIImplTest$TestAsset@7fe8c35a]" classname="com.dotcms.publishing.PublisherAPIImplTest" time="0.266"/>
  <testcase name="sendPushPublishBundle[2: com.dotcms.publishing.PublisherAPIImplTest$TestAsset@79660059]" classname="com.dotcms.publishing.PublisherAPIImplTest" time="0.232"/>
  <testcase name="sendPushPublishBundle[3: com.dotcms.publishing.PublisherAPIImplTest$TestAsset@285d9b0e]" classname="com.dotcms.publishing.PublisherAPIImplTest" time="0.315"/>
  <testcase name="sendPushPublishBundle[4: com.dotcms.publishing.PublisherAPIImplTest$TestAsset@65f647d6]" classname="com.dotcms.publishing.PublisherAPIImplTest" time="0.308"/>
  <testcase name="sendPushPublishBundle[5: com.dotcms.publishing.PublisherAPIImplTest$TestAsset@5c3daa21]" classname="com.dotcms.publishing.PublisherAPIImplTest" time="0.187"/>
  <testcase name="sendPushPublishBundle[6: com.dotcms.publishing.PublisherAPIImplTest$TestAsset@15100d37]" classname="com.dotcms.publishing.PublisherAPIImplTest" time="0.185"/>
  <testcase name="sendPushPublishBundle[7: com.dotcms.publishing.PublisherAPIImplTest$TestAsset@51d16170]" classname="com.dotcms.publishing.PublisherAPIImplTest" time="0.167"/>
  <testcase name="sendPushPublishBundle[8: com.dotcms.publishing.PublisherAPIImplTest$TestAsset@6ce546b]" classname="com.dotcms.publishing.PublisherAPIImplTest" time="0.161"/>
  <testcase name="sendPushPublishBundle[9: com.dotcms.publishing.PublisherAPIImplTest$TestAsset@37138a31]" classname="com.dotcms.publishing.PublisherAPIImplTest" time="0.211"/>
  <testcase name="sendPushPublishBundle[10: com.dotcms.publishing.PublisherAPIImplTest$TestAsset@22ff4051]" classname="com.dotcms.publishing.PublisherAPIImplTest" time="0.107"/>
  <testcase name="generateBundle[0: com.dotcms.publishing.PublisherAPIImplTest$TestAsset@271d4f7c]" classname="com.dotcms.publishing.PublisherAPIImplTest" time="0.112"/>
  <testcase name="generateBundle[1: com.dotcms.publishing.PublisherAPIImplTest$TestAsset@7fe8c35a]" classname="com.dotcms.publishing.PublisherAPIImplTest" time="0.104"/>
  <testcase name="generateBundle[2: com.dotcms.publishing.PublisherAPIImplTest$TestAsset@79660059]" classname="com.dotcms.publishing.PublisherAPIImplTest" time="0.116"/>
  <testcase name="generateBundle[3: com.dotcms.publishing.PublisherAPIImplTest$TestAsset@285d9b0e]" classname="com.dotcms.publishing.PublisherAPIImplTest" time="0.179"/>
  <testcase name="generateBundle[4: com.dotcms.publishing.PublisherAPIImplTest$TestAsset@65f647d6]" classname="com.dotcms.publishing.PublisherAPIImplTest" time="0.188"/>
  <testcase name="generateBundle[5: com.dotcms.publishing.PublisherAPIImplTest$TestAsset@5c3daa21]" classname="com.dotcms.publishing.PublisherAPIImplTest" time="0.11"/>
  <testcase name="generateBundle[6: com.dotcms.publishing.PublisherAPIImplTest$TestAsset@15100d37]" classname="com.dotcms.publishing.PublisherAPIImplTest" time="0.097"/>
  <testcase name="generateBundle[7: com.dotcms.publishing.PublisherAPIImplTest$TestAsset@51d16170]" classname="com.dotcms.publishing.PublisherAPIImplTest" time="0.072"/>
  <testcase name="generateBundle[8: com.dotcms.publishing.PublisherAPIImplTest$TestAsset@6ce546b]" classname="com.dotcms.publishing.PublisherAPIImplTest" time="0.053"/>
  <testcase name="generateBundle[9: com.dotcms.publishing.PublisherAPIImplTest$TestAsset@37138a31]" classname="com.dotcms.publishing.PublisherAPIImplTest" time="0.131"/>
  <testcase name="generateBundle[10: com.dotcms.publishing.PublisherAPIImplTest$TestAsset@22ff4051]" classname="com.dotcms.publishing.PublisherAPIImplTest" time="0.018"/>
  <system-out><![CDATA[









































































































































































]]></system-out>
  <system-err><![CDATA[]]></system-err>
</testsuite>
