<?xml version="1.0" encoding="UTF-8"?>
<testsuite name="com.dotcms.rest.elasticsearch.ESContentResourcePortletTest" tests="8" skipped="0" failures="0" errors="0" timestamp="2023-06-30T14:33:47" hostname="fv-az589-574" time="8.836">
  <properties/>
  <testcase name="test_search_includeGrandChildCategory_success" classname="com.dotcms.rest.elasticsearch.ESContentResourcePortletTest" time="1.403"/>
  <testcase name="testSearch[0: com.dotcms.rest.elasticsearch.ESContentResourcePortletTest$TestCase@313da552]" classname="com.dotcms.rest.elasticsearch.ESContentResourcePortletTest" time="0.954"/>
  <testcase name="testSearch[1: com.dotcms.rest.elasticsearch.ESContentResourcePortletTest$TestCase@6cf10542]" classname="com.dotcms.rest.elasticsearch.ESContentResourcePortletTest" time="1.23"/>
  <testcase name="testSearch[2: com.dotcms.rest.elasticsearch.ESContentResourcePortletTest$TestCase@742707ab]" classname="com.dotcms.rest.elasticsearch.ESContentResourcePortletTest" time="0.963"/>
  <testcase name="testSearch[3: com.dotcms.rest.elasticsearch.ESContentResourcePortletTest$TestCase@749967cb]" classname="com.dotcms.rest.elasticsearch.ESContentResourcePortletTest" time="1.206"/>
  <testcase name="testSearch[4: com.dotcms.rest.elasticsearch.ESContentResourcePortletTest$TestCase@28d25b3f]" classname="com.dotcms.rest.elasticsearch.ESContentResourcePortletTest" time="1.24"/>
  <testcase name="testSearch[5: com.dotcms.rest.elasticsearch.ESContentResourcePortletTest$TestCase@4ced8072]" classname="com.dotcms.rest.elasticsearch.ESContentResourcePortletTest" time="0.915"/>
  <testcase name="testSearch[6: com.dotcms.rest.elasticsearch.ESContentResourcePortletTest$TestCase@bbcc1b]" classname="com.dotcms.rest.elasticsearch.ESContentResourcePortletTest" time="0.924"/>
  <system-out><![CDATA[]]></system-out>
  <system-err><![CDATA[]]></system-err>
</testsuite>
