<?xml version="1.0" encoding="UTF-8"?>
<testsuite name="com.dotcms.contenttype.business.RelationshipFactoryImplTest" tests="9" skipped="0" failures="0" errors="0" timestamp="2023-07-10T23:55:55" hostname="fv-az176-516" time="4.475">
  <properties/>
  <testcase name="test_dbRelatedContentByParent" classname="com.dotcms.contenttype.business.RelationshipFactoryImplTest" time="1.444"/>
  <testcase name="testByContentType" classname="com.dotcms.contenttype.business.RelationshipFactoryImplTest" time="0.099"/>
  <testcase name="test_dbRelatedContentByChild" classname="com.dotcms.contenttype.business.RelationshipFactoryImplTest" time="1.519"/>
  <testcase name="testdbAll" classname="com.dotcms.contenttype.business.RelationshipFactoryImplTest" time="0.132"/>
  <testcase name="testDeleteByContentType" classname="com.dotcms.contenttype.business.RelationshipFactoryImplTest" time="0.068"/>
  <testcase name="testGetDBRelatedParentsMultilingualContent" classname="com.dotcms.contenttype.business.RelationshipFactoryImplTest" time="0.544"/>
  <testcase name="testByTypeValueCachesRelationship" classname="com.dotcms.contenttype.business.RelationshipFactoryImplTest" time="0.076"/>
  <testcase name="testGetDBRelatedChildrenMultilingualContent" classname="com.dotcms.contenttype.business.RelationshipFactoryImplTest" time="0.587"/>
  <testcase name="testByTypeValue_RelationshipsShouldBeSameRegardlessCase_SameRelationship" classname="com.dotcms.contenttype.business.RelationshipFactoryImplTest" time="0.003"/>
  <system-out><![CDATA[]]></system-out>
  <system-err><![CDATA[]]></system-err>
</testsuite>
