<?xml version="1.0" encoding="UTF-8"?>
<testsuite name="com.dotcms.contenttype.test.ContentResourceTest" tests="52" skipped="0" failures="0" errors="0" timestamp="2023-07-18T00:43:00" hostname="fv-az1128-367" time="131.134">
  <properties/>
  <testcase name="testGetContentShouldReturnIconDetails" classname="com.dotcms.contenttype.test.ContentResourceTest" time="1.454"/>
  <testcase name="Test_Save_Action_Set_Words_To_Required_NumericField_Issue_15340" classname="com.dotcms.contenttype.test.ContentResourceTest" time="0.881"/>
  <testcase name="test_getContent_includeGrandChildCategory_success" classname="com.dotcms.contenttype.test.ContentResourceTest" time="1.246"/>
  <testcase name="testGetContentWithRelatedParameter[0: com.dotcms.contenttype.test.ContentResourceTest$PullRelatedTestCase@4f3df4f2]" classname="com.dotcms.contenttype.test.ContentResourceTest" time="3.603"/>
  <testcase name="testGetContentWithRelatedParameter[1: com.dotcms.contenttype.test.ContentResourceTest$PullRelatedTestCase@5ec6c1df]" classname="com.dotcms.contenttype.test.ContentResourceTest" time="3.513"/>
  <testcase name="testGetContentWithRelatedParameter[2: com.dotcms.contenttype.test.ContentResourceTest$PullRelatedTestCase@466b73ba]" classname="com.dotcms.contenttype.test.ContentResourceTest" time="3.537"/>
  <testcase name="testGetContentWithRelatedParameter[3: com.dotcms.contenttype.test.ContentResourceTest$PullRelatedTestCase@7fafc16d]" classname="com.dotcms.contenttype.test.ContentResourceTest" time="3.573"/>
  <testcase name="testGetContentWithRelatedParameter[4: com.dotcms.contenttype.test.ContentResourceTest$PullRelatedTestCase@5f95200e]" classname="com.dotcms.contenttype.test.ContentResourceTest" time="3.546"/>
  <testcase name="test_getContent_SelfRelatedWith3LevelsOfDepth_shouldReturnRelationships" classname="com.dotcms.contenttype.test.ContentResourceTest" time="1.323"/>
  <testcase name="Test_Save_Action_Send_Fields_SubSet_Issue_15340" classname="com.dotcms.contenttype.test.ContentResourceTest" time="2.888"/>
  <testcase name="test_getContent_shouldReturnRelationships[0: com.dotcms.contenttype.test.ContentResourceTest$TestCase@37b5da1a]" classname="com.dotcms.contenttype.test.ContentResourceTest" time="2.921"/>
  <testcase name="test_getContent_shouldReturnRelationships[1: com.dotcms.contenttype.test.ContentResourceTest$TestCase@2a5e99f5]" classname="com.dotcms.contenttype.test.ContentResourceTest" time="2.713"/>
  <testcase name="test_getContent_shouldReturnRelationships[2: com.dotcms.contenttype.test.ContentResourceTest$TestCase@2b7b817a]" classname="com.dotcms.contenttype.test.ContentResourceTest" time="2.698"/>
  <testcase name="test_getContent_shouldReturnRelationships[3: com.dotcms.contenttype.test.ContentResourceTest$TestCase@5d18414b]" classname="com.dotcms.contenttype.test.ContentResourceTest" time="2.726"/>
  <testcase name="test_getContent_shouldReturnRelationships[4: com.dotcms.contenttype.test.ContentResourceTest$TestCase@446435f8]" classname="com.dotcms.contenttype.test.ContentResourceTest" time="2.707"/>
  <testcase name="test_getContent_shouldReturnRelationships[5: com.dotcms.contenttype.test.ContentResourceTest$TestCase@1aab8db0]" classname="com.dotcms.contenttype.test.ContentResourceTest" time="2.438"/>
  <testcase name="test_getContent_shouldReturnRelationships[6: com.dotcms.contenttype.test.ContentResourceTest$TestCase@6d2cbfce]" classname="com.dotcms.contenttype.test.ContentResourceTest" time="2.55"/>
  <testcase name="test_getContent_shouldReturnRelationships[7: com.dotcms.contenttype.test.ContentResourceTest$TestCase@7221b939]" classname="com.dotcms.contenttype.test.ContentResourceTest" time="2.632"/>
  <testcase name="test_getContent_shouldReturnRelationships[8: com.dotcms.contenttype.test.ContentResourceTest$TestCase@170f8970]" classname="com.dotcms.contenttype.test.ContentResourceTest" time="1.838"/>
  <testcase name="test_getContent_shouldReturnRelationships[9: com.dotcms.contenttype.test.ContentResourceTest$TestCase@510f502c]" classname="com.dotcms.contenttype.test.ContentResourceTest" time="2.696"/>
  <testcase name="test_getContent_shouldReturnRelationships[10: com.dotcms.contenttype.test.ContentResourceTest$TestCase@59d5470c]" classname="com.dotcms.contenttype.test.ContentResourceTest" time="2.534"/>
  <testcase name="test_getContent_shouldReturnRelationships[11: com.dotcms.contenttype.test.ContentResourceTest$TestCase@2642d57e]" classname="com.dotcms.contenttype.test.ContentResourceTest" time="2.559"/>
  <testcase name="test_getContent_shouldReturnRelationships[12: com.dotcms.contenttype.test.ContentResourceTest$TestCase@4ded9ccf]" classname="com.dotcms.contenttype.test.ContentResourceTest" time="2.506"/>
  <testcase name="test_getContent_shouldReturnRelationships[13: com.dotcms.contenttype.test.ContentResourceTest$TestCase@66483b6e]" classname="com.dotcms.contenttype.test.ContentResourceTest" time="2.556"/>
  <testcase name="test_getContent_shouldReturnRelationships[14: com.dotcms.contenttype.test.ContentResourceTest$TestCase@1556ed8c]" classname="com.dotcms.contenttype.test.ContentResourceTest" time="2.486"/>
  <testcase name="test_getContent_shouldReturnRelationships[15: com.dotcms.contenttype.test.ContentResourceTest$TestCase@258f237d]" classname="com.dotcms.contenttype.test.ContentResourceTest" time="3.576"/>
  <testcase name="test_getContent_shouldReturnRelationships[16: com.dotcms.contenttype.test.ContentResourceTest$TestCase@425c8e7]" classname="com.dotcms.contenttype.test.ContentResourceTest" time="3.506"/>
  <testcase name="test_getContent_shouldReturnRelationships[17: com.dotcms.contenttype.test.ContentResourceTest$TestCase@23110046]" classname="com.dotcms.contenttype.test.ContentResourceTest" time="2.719"/>
  <testcase name="test_getContent_shouldReturnRelationships[18: com.dotcms.contenttype.test.ContentResourceTest$TestCase@189b325]" classname="com.dotcms.contenttype.test.ContentResourceTest" time="1.826"/>
  <testcase name="test_getContent_shouldReturnRelationships[19: com.dotcms.contenttype.test.ContentResourceTest$TestCase@5d41fca2]" classname="com.dotcms.contenttype.test.ContentResourceTest" time="2.699"/>
  <testcase name="test_getContent_shouldReturnRelationships[20: com.dotcms.contenttype.test.ContentResourceTest$TestCase@7789751d]" classname="com.dotcms.contenttype.test.ContentResourceTest" time="2.819"/>
  <testcase name="test_getContent_shouldReturnRelationships[21: com.dotcms.contenttype.test.ContentResourceTest$TestCase@5c31589a]" classname="com.dotcms.contenttype.test.ContentResourceTest" time="2.944"/>
  <testcase name="test_getContent_shouldReturnRelationships[22: com.dotcms.contenttype.test.ContentResourceTest$TestCase@10edc8a2]" classname="com.dotcms.contenttype.test.ContentResourceTest" time="2.655"/>
  <testcase name="test_getContent_shouldReturnRelationships[23: com.dotcms.contenttype.test.ContentResourceTest$TestCase@429b82f1]" classname="com.dotcms.contenttype.test.ContentResourceTest" time="1.673"/>
  <testcase name="test_getContent_shouldReturnRelationships[24: com.dotcms.contenttype.test.ContentResourceTest$TestCase@7e862622]" classname="com.dotcms.contenttype.test.ContentResourceTest" time="2.853"/>
  <testcase name="test_getContent_shouldReturnRelationships[25: com.dotcms.contenttype.test.ContentResourceTest$TestCase@282544e0]" classname="com.dotcms.contenttype.test.ContentResourceTest" time="3.059"/>
  <testcase name="test_getContent_shouldReturnRelationships[26: com.dotcms.contenttype.test.ContentResourceTest$TestCase@56f3219e]" classname="com.dotcms.contenttype.test.ContentResourceTest" time="2.949"/>
  <testcase name="test_getContent_shouldReturnRelationships[27: com.dotcms.contenttype.test.ContentResourceTest$TestCase@4861bdbb]" classname="com.dotcms.contenttype.test.ContentResourceTest" time="2.607"/>
  <testcase name="test_getContent_shouldReturnRelationships[28: com.dotcms.contenttype.test.ContentResourceTest$TestCase@71925a3]" classname="com.dotcms.contenttype.test.ContentResourceTest" time="2.736"/>
  <testcase name="test_getContent_shouldReturnRelationships[29: com.dotcms.contenttype.test.ContentResourceTest$TestCase@59963e4]" classname="com.dotcms.contenttype.test.ContentResourceTest" time="2.595"/>
  <testcase name="test_getContent_shouldReturnRelationships[30: com.dotcms.contenttype.test.ContentResourceTest$TestCase@4a295d18]" classname="com.dotcms.contenttype.test.ContentResourceTest" time="2.706"/>
  <testcase name="test_getContent_shouldReturnRelationships[31: com.dotcms.contenttype.test.ContentResourceTest$TestCase@f60ad83]" classname="com.dotcms.contenttype.test.ContentResourceTest" time="2.574"/>
  <testcase name="test_getContent_shouldReturnRelationships[32: com.dotcms.contenttype.test.ContentResourceTest$TestCase@419aa5f1]" classname="com.dotcms.contenttype.test.ContentResourceTest" time="3.658"/>
  <testcase name="test_getContent_shouldReturnRelationships[33: com.dotcms.contenttype.test.ContentResourceTest$TestCase@f527865]" classname="com.dotcms.contenttype.test.ContentResourceTest" time="3.638"/>
  <testcase name="testSinglePOST_InvalidParamsShouldReturn400[0: ({\n    &quot;stInode&quot; : &quot;InvalidValue&quot;,\n    &quot;numeric&quot; : &quot;0&quot;,\n    &quot;image&quot; : &quot;whatever&quot;\n}, Bad Request)]" classname="com.dotcms.contenttype.test.ContentResourceTest" time="0.877"/>
  <testcase name="testSinglePOST_InvalidParamsShouldReturn400[1: ({\n    &quot;numeric&quot; : &quot;0&quot;,\n    &quot;image&quot; : &quot;whatever&quot;\n}, Bad Request)]" classname="com.dotcms.contenttype.test.ContentResourceTest" time="0.864"/>
  <testcase name="Test_Save_Action_Set_Null_To_Required_NumericField_Issue_15340" classname="com.dotcms.contenttype.test.ContentResourceTest" time="0.895"/>
  <testcase name="Test_Save_Action_Remove_Image_Then_Verify_Fields_Were_Cleared_Issue_15340" classname="com.dotcms.contenttype.test.ContentResourceTest" time="2.772"/>
  <testcase name="test_getContentWithMultipleSelfRelated_shouldReturnRelationships[0: com.dotcms.contenttype.test.ContentResourceTest$PullSelfRelatedTestCase@5158dde]" classname="com.dotcms.contenttype.test.ContentResourceTest" time="1.534"/>
  <testcase name="test_getContentWithMultipleSelfRelated_shouldReturnRelationships[1: com.dotcms.contenttype.test.ContentResourceTest$PullSelfRelatedTestCase@11b415a0]" classname="com.dotcms.contenttype.test.ContentResourceTest" time="1.523"/>
  <testcase name="testGetContentWithAllCategoriesInfo[0: json]" classname="com.dotcms.contenttype.test.ContentResourceTest" time="2.374"/>
  <testcase name="testGetContentWithAllCategoriesInfo[1: xml]" classname="com.dotcms.contenttype.test.ContentResourceTest" time="2.374"/>
  <system-out><![CDATA[











]]></system-out>
  <system-err><![CDATA[]]></system-err>
</testsuite>
