<?xml version="1.0" encoding="UTF-8"?>
<testsuite name="com.dotcms.integritycheckers.HostIntegrityCheckerTest" tests="7" skipped="0" failures="0" errors="0" timestamp="2023-07-15T00:10:56" hostname="fv-az343-544" time="4.954">
  <properties/>
  <testcase name="test_getIntegrityType" classname="com.dotcms.integritycheckers.HostIntegrityCheckerTest" time="0.001"/>
  <testcase name="test_generateIntegrityResults[0: true]" classname="com.dotcms.integritycheckers.HostIntegrityCheckerTest" time="1.047"/>
  <testcase name="test_generateIntegrityResults[1: false]" classname="com.dotcms.integritycheckers.HostIntegrityCheckerTest" time="0.915"/>
  <testcase name="test_executeFix[0: true]" classname="com.dotcms.integritycheckers.HostIntegrityCheckerTest" time="1.077"/>
  <testcase name="test_executeFix[1: false]" classname="com.dotcms.integritycheckers.HostIntegrityCheckerTest" time="1.056"/>
  <testcase name="test_generateCSVFile" classname="com.dotcms.integritycheckers.HostIntegrityCheckerTest" time="0.133"/>
  <testcase name="test_executeFix_identifierColumnsNotNull" classname="com.dotcms.integritycheckers.HostIntegrityCheckerTest" time="0.724"/>
  <system-out><![CDATA[]]></system-out>
  <system-err><![CDATA[]]></system-err>
</testsuite>
