<?xml version="1.0" encoding="UTF-8"?>
<testsuite name="com.dotmarketing.business.DeterministicIdentifierAPITest" tests="16" skipped="0" failures="0" errors="0" timestamp="2023-07-07T00:09:16" hostname="fv-az450-882" time="1.607">
  <properties/>
  <testcase name="Test_Category_Path_Seed_And_Id" classname="com.dotmarketing.business.DeterministicIdentifierAPITest" time="0.031"/>
  <testcase name="Test_Language_Deterministic_Id[0: LanguageTestCase{expectedSeed='Language:es:US', expectedHash=4913155, langCode='es', countryCode='US', country='United States'}]" classname="com.dotmarketing.business.DeterministicIdentifierAPITest" time="0.002"/>
  <testcase name="Test_Language_Deterministic_Id[1: LanguageTestCase{expectedSeed='Language:ep:', expectedHash=5292269, langCode='ep', countryCode='', country=''}]" classname="com.dotmarketing.business.DeterministicIdentifierAPITest" time="0.002"/>
  <testcase name="Test_Language_Deterministic_Id[2: LanguageTestCase{expectedSeed='Language:sg:SAG', expectedHash=4713118, langCode='sg', countryCode='SAG', country=''}]" classname="com.dotmarketing.business.DeterministicIdentifierAPITest" time="0.0"/>
  <testcase name="Test_Language_Deterministic_Id[3: LanguageTestCase{expectedSeed='Language:en:NZ', expectedHash=5382528, langCode='en', countryCode='NZ', country='New Zealand'}]" classname="com.dotmarketing.business.DeterministicIdentifierAPITest" time="0.001"/>
  <testcase name="Test_Category_None_Persisted_Category_Should_Return_Deterministic_Id" classname="com.dotmarketing.business.DeterministicIdentifierAPITest" time="0.001"/>
  <testcase name="Test_Asset_Generate_Deterministic_Id_Best_Effort[0: TestCase{versionable=my.host1688688170080.com, parent=System Host, expectedName='my.host1688688170080.com', expectedType='Host'}]" classname="com.dotmarketing.business.DeterministicIdentifierAPITest" time="0.003"/>
  <testcase name="Test_Asset_Generate_Deterministic_Id_Best_Effort[1: TestCase{versionable=com.dotmarketing.portlets.contentlet.model.Contentlet@50f74a3b[map={modDate=2023-07-07 00:02:50.646, fileName=file11427305777621404156.txt, title=file11427305777621404156.txt, inode=53455247-da6a-448f-9400-1f0aefbb705d, __IS_NEW_CONTENT__=true, disabledWYSIWYG=[], host=13f424ab-bcc8-42fe-845e-a7cd20d15f49, stInode=33888b6f-7a8e-4069-b1b6-5c1aa9d0a48d, owner=system, identifier=4a4550b3-9aa0-4316-af38-8fecf584760d, nullProperties=[wfExpireDate, wfPublishDate, wfActionAssign, wfActionId, wfActionComments, filterKey, whereToSend, wfNeverExpire, _path_to_move, timezoneId, iWantTo, wfPublishTime, wfExpireTime], languageId=1, fileAsset=/home/runner/work/core/custom/assets/5/3/53455247-da6a-448f-9400-1f0aefbb705d/fileAsset/file11427305777621404156.txt, folder=f2f1ce49-26bc-4506-80fc-dad40a8cc360, __disable_workflow__=true, sortOrder=0, modUser=system},lowIndexPriority=false,variantId=DEFAULT], parent=com.dotmarketing.portlets.folders.model.Folder@2bdb2bea[identifier=f2f1ce49-26bc-4506-80fc-dad40a8cc360,name=testName1688688170628,sortOrder=0,showOnMenu=false,hostId=13f424ab-bcc8-42fe-845e-a7cd20d15f49,type=folder,title=testTitle1688688170628,filesMasks=,defaultFileType=33888b6f-7a8e-4069-b1b6-5c1aa9d0a48d,modDate=2023-07-07 00:02:50.637,owner=&lt;null&gt;,iDate=2023-07-07 00:02:50.637,inode=f2f1ce49-26bc-4506-80fc-dad40a8cc360,path=/testName1688688170628/], expectedName='file11427305777621404156.txt', expectedType='FileAsset'}]" classname="com.dotmarketing.business.DeterministicIdentifierAPITest" time="0.002"/>
  <testcase name="Test_Asset_Generate_Deterministic_Id_Best_Effort[2: TestCase{versionable=com.dotmarketing.portlets.templates.model.Template@1a89f98f, parent=my.host1688688170080.com, expectedName='testTitle1688688170769', expectedType='Template'}]" classname="com.dotmarketing.business.DeterministicIdentifierAPITest" time="0.002"/>
  <testcase name="Test_Asset_Generate_Deterministic_Id_Best_Effort[3: TestCase{versionable=com.dotmarketing.portlets.htmlpageasset.model.HTMLPageAsset@711abe14[map={template=0a620bdc-0798-4a80-bdcd-a665536eb802, owner=system, identifier=db18d5a8-6a73-43f3-ac25-3a71e8ac692f, nullProperties=[wfExpireDate, wfPublishDate, wfActionAssign, wfActionId, wfActionComments, filterKey, whereToSend, wfNeverExpire, _path_to_move, timezoneId, iWantTo, wfPublishTime, wfExpireTime], modDate=2023-07-07 00:02:50.792, cachettl=0, _is_test_mode=true, languageId=1, title=test-page-title-1688688170787, httpsreq=, url=test-page-url-1688688170787, showOnMenu=, inode=552f8e11-2885-4cc2-a962-9265f5d408da, folder=f2f1ce49-26bc-4506-80fc-dad40a8cc360, disabledWYSIWYG=[], sortOrder=1, modUser=system, host=13f424ab-bcc8-42fe-845e-a7cd20d15f49, stInode=c541abb1-69b3-4bc5-8430-5e09e5239cc8, friendlyName=test-page-friendly-name-1688688170787},lowIndexPriority=false,variantId=DEFAULT], parent=com.dotmarketing.portlets.folders.model.Folder@2bdb2bea[identifier=f2f1ce49-26bc-4506-80fc-dad40a8cc360,name=testName1688688170628,sortOrder=0,showOnMenu=false,hostId=13f424ab-bcc8-42fe-845e-a7cd20d15f49,type=folder,title=testTitle1688688170628,filesMasks=,defaultFileType=33888b6f-7a8e-4069-b1b6-5c1aa9d0a48d,modDate=2023-07-07 00:02:50.637,owner=&lt;null&gt;,iDate=2023-07-07 00:02:50.637,inode=f2f1ce49-26bc-4506-80fc-dad40a8cc360,path=/testName1688688170628/], expectedName='test-page-url-1688688170787', expectedType='htmlpageasset'}]" classname="com.dotmarketing.business.DeterministicIdentifierAPITest" time="0.011"/>
  <testcase name="Test_Asset_Generate_Deterministic_Id_Best_Effort[4: TestCase{versionable=com.dotmarketing.portlets.contentlet.model.Contentlet@382a824e[map={fileAsset2=/home/runner/work/core/custom/assets/6/9/69584cb2-d1c8-4e85-873a-388a859a389a/fileAsset2/test_binary1688688172643.png, modDate=2023-07-07 00:02:52.649, fileAsset1=/home/runner/work/core/custom/assets/6/9/69584cb2-d1c8-4e85-873a-388a859a389a/fileAsset1/test_binary1688688172643.jpg, title=blah, inode=69584cb2-d1c8-4e85-873a-388a859a389a, __IS_NEW_CONTENT__=true, disabledWYSIWYG=[], host=48190c8c-42c4-46af-8d1a-0cd5db894797, stInode=93a7b52a-25d7-451e-a7a5-fc59ebd2f6ef, owner=system, identifier=dd0deb71-52d9-47fb-889e-85bcd9fb19e3, nullProperties=[], languageId=1, image1=ec1dcb8b-56e6-4537-886e-0451ca971518, folder=SYSTEM_FOLDER, __disable_workflow__=true, sortOrder=0, modUser=system},lowIndexPriority=false,variantId=DEFAULT], parent=demo.dotcms.com, expectedName='test_binary1688688172643.jpg:test_binary1688688172643.png', expectedType='MultipleBinaries1688688171037'}]" classname="com.dotmarketing.business.DeterministicIdentifierAPITest" time="0.003"/>
  <testcase name="Test_Asset_Generate_Deterministic_Id_Best_Effort[5: TestCase{versionable=name1ee2fd948f : keyTag1ee2fd948f, parent=my.host1688688170080.com, expectedName='keyTag1ee2fd948f', expectedType='persona'}]" classname="com.dotmarketing.business.DeterministicIdentifierAPITest" time="0.002"/>
  <testcase name="Test_Similar_Content_Type_Wont_Clash" classname="com.dotmarketing.business.DeterministicIdentifierAPITest" time="0.492"/>
  <testcase name="Test_Generate_Folder_Identifier" classname="com.dotmarketing.business.DeterministicIdentifierAPITest" time="1.032"/>
  <testcase name="Test_Generate_Content_Type_Identifier[0: ContentTypeTestCase{contentType=KeyValueContentType{name=Language Variable, id=f4d7c1b8-2c88-4071-abf1-a5328977b07d, description=Default Content Type for Language Variables, defaultType=false, fixed=true, iDate=Thu Aug 31 16:38:49 UTC 2017, system=true, versionable=true, variable=Languagevariable, modDate=Thu Jul 06 22:54:23 UTC 2023, host=SYSTEM_HOST, siteName=systemHost, icon=language, sortOrder=0, folder=SYSTEM_FOLDER, folderPath=/, markedForDeletion=true, multilingualable=false}, expectedName='Languagevariable', expectedType='KeyValue'}]" classname="com.dotmarketing.business.DeterministicIdentifierAPITest" time="0.009"/>
  <testcase name="Test_Generate_Content_Type_Identifier[1: ContentTypeTestCase{contentType=SimpleContentType{name=testName1688688173163, id=0ed00aa5-7e03-4bf7-9de8-89b1ea6fe21a, description=testDescription1688688173163, defaultType=false, fixed=false, iDate=Fri Jul 07 00:02:53 UTC 2023, system=false, versionable=true, multilingualable=false, variable=testVarname1688688173163, owner=system, modDate=Fri Jul 07 00:02:54 UTC 2023, host=48190c8c-42c4-46af-8d1a-0cd5db894797, siteName=demo.dotcms.com, icon=event_note, sortOrder=0, folder=SYSTEM_FOLDER, folderPath=/, requiredFields=[], markedForDeletion=false}, expectedName='testVarname1688688173163', expectedType='CONTENT'}]" classname="com.dotmarketing.business.DeterministicIdentifierAPITest" time="0.007"/>
  <system-out><![CDATA[]]></system-out>
  <system-err><![CDATA[]]></system-err>
</testsuite>
