<?xml version="1.0" encoding="UTF-8"?>
<testsuite name="com.dotcms.rest.elasticsearch.ESContentResourcePortletTest" tests="8" skipped="0" failures="0" errors="0" timestamp="2023-07-17T23:59:13" hostname="fv-az442-90" time="8.787">
  <properties/>
  <testcase name="test_search_includeGrandChildCategory_success" classname="com.dotcms.rest.elasticsearch.ESContentResourcePortletTest" time="1.368"/>
  <testcase name="testSearch[0: com.dotcms.rest.elasticsearch.ESContentResourcePortletTest$TestCase@3077ee48]" classname="com.dotcms.rest.elasticsearch.ESContentResourcePortletTest" time="0.934"/>
  <testcase name="testSearch[1: com.dotcms.rest.elasticsearch.ESContentResourcePortletTest$TestCase@65de08b0]" classname="com.dotcms.rest.elasticsearch.ESContentResourcePortletTest" time="1.222"/>
  <testcase name="testSearch[2: com.dotcms.rest.elasticsearch.ESContentResourcePortletTest$TestCase@6ab83bb1]" classname="com.dotcms.rest.elasticsearch.ESContentResourcePortletTest" time="0.925"/>
  <testcase name="testSearch[3: com.dotcms.rest.elasticsearch.ESContentResourcePortletTest$TestCase@f2f3da7]" classname="com.dotcms.rest.elasticsearch.ESContentResourcePortletTest" time="1.206"/>
  <testcase name="testSearch[4: com.dotcms.rest.elasticsearch.ESContentResourcePortletTest$TestCase@2587a4]" classname="com.dotcms.rest.elasticsearch.ESContentResourcePortletTest" time="1.195"/>
  <testcase name="testSearch[5: com.dotcms.rest.elasticsearch.ESContentResourcePortletTest$TestCase@15ab8498]" classname="com.dotcms.rest.elasticsearch.ESContentResourcePortletTest" time="0.962"/>
  <testcase name="testSearch[6: com.dotcms.rest.elasticsearch.ESContentResourcePortletTest$TestCase@3ee5402f]" classname="com.dotcms.rest.elasticsearch.ESContentResourcePortletTest" time="0.972"/>
  <system-out><![CDATA[]]></system-out>
  <system-err><![CDATA[]]></system-err>
</testsuite>
