<?xml version="1.0" encoding="UTF-8"?>
<testsuite name="com.dotmarketing.portlets.structure.model.ContentletRelationshipsTest" tests="7" skipped="0" failures="0" errors="0" timestamp="2023-07-20T21:48:48" hostname="fv-az809-149" time="8.602">
  <properties/>
  <testcase name="testDoesAllowOnlyOne[0: com.dotmarketing.portlets.structure.model.ContentletRelationshipsTest$CardinalityTestCase@a89edaa]" classname="com.dotmarketing.portlets.structure.model.ContentletRelationshipsTest" time="0.452"/>
  <testcase name="testDoesAllowOnlyOne[1: com.dotmarketing.portlets.structure.model.ContentletRelationshipsTest$CardinalityTestCase@461f9626]" classname="com.dotmarketing.portlets.structure.model.ContentletRelationshipsTest" time="0.405"/>
  <testcase name="testDoesAllowOnlyOne[2: com.dotmarketing.portlets.structure.model.ContentletRelationshipsTest$CardinalityTestCase@3da20a61]" classname="com.dotmarketing.portlets.structure.model.ContentletRelationshipsTest" time="0.436"/>
  <testcase name="testGetRelationshipRecords[0: com.dotmarketing.portlets.structure.model.ContentletRelationshipsTest$TestCase@64e06263]" classname="com.dotmarketing.portlets.structure.model.ContentletRelationshipsTest" time="1.91"/>
  <testcase name="testGetRelationshipRecords[1: com.dotmarketing.portlets.structure.model.ContentletRelationshipsTest$TestCase@214137e8]" classname="com.dotmarketing.portlets.structure.model.ContentletRelationshipsTest" time="1.885"/>
  <testcase name="testGetRelationshipRecords[2: com.dotmarketing.portlets.structure.model.ContentletRelationshipsTest$TestCase@1b553b40]" classname="com.dotmarketing.portlets.structure.model.ContentletRelationshipsTest" time="1.752"/>
  <testcase name="testGetRelationshipRecords[3: com.dotmarketing.portlets.structure.model.ContentletRelationshipsTest$TestCase@3689db49]" classname="com.dotmarketing.portlets.structure.model.ContentletRelationshipsTest" time="1.761"/>
  <system-out><![CDATA[]]></system-out>
  <system-err><![CDATA[]]></system-err>
</testsuite>
