<?xml version="1.0" encoding="UTF-8"?>
<testsuite name="com.dotcms.publishing.PublisherAPIImplTest" tests="24" skipped="0" failures="0" errors="0" timestamp="2023-06-30T20:53:45" hostname="fv-az455-320" time="4.053">
  <properties/>
  <testcase name="AddAllCategoryIntoBundle" classname="com.dotcms.publishing.PublisherAPIImplTest" time="0.169"/>
  <testcase name="testFilterDescriptors" classname="com.dotcms.publishing.PublisherAPIImplTest" time="0.086"/>
  <testcase name="sendPushPublishBundle[0: com.dotcms.publishing.PublisherAPIImplTest$TestAsset@6fdf42bd]" classname="com.dotcms.publishing.PublisherAPIImplTest" time="1.455"/>
  <testcase name="sendPushPublishBundle[1: com.dotcms.publishing.PublisherAPIImplTest$TestAsset@150af36c]" classname="com.dotcms.publishing.PublisherAPIImplTest" time="0.268"/>
  <testcase name="sendPushPublishBundle[2: com.dotcms.publishing.PublisherAPIImplTest$TestAsset@6bce480f]" classname="com.dotcms.publishing.PublisherAPIImplTest" time="0.149"/>
  <testcase name="sendPushPublishBundle[3: com.dotcms.publishing.PublisherAPIImplTest$TestAsset@2d17687f]" classname="com.dotcms.publishing.PublisherAPIImplTest" time="0.251"/>
  <testcase name="sendPushPublishBundle[4: com.dotcms.publishing.PublisherAPIImplTest$TestAsset@38480dca]" classname="com.dotcms.publishing.PublisherAPIImplTest" time="0.211"/>
  <testcase name="sendPushPublishBundle[5: com.dotcms.publishing.PublisherAPIImplTest$TestAsset@7a1b183c]" classname="com.dotcms.publishing.PublisherAPIImplTest" time="0.115"/>
  <testcase name="sendPushPublishBundle[6: com.dotcms.publishing.PublisherAPIImplTest$TestAsset@630ca940]" classname="com.dotcms.publishing.PublisherAPIImplTest" time="0.103"/>
  <testcase name="sendPushPublishBundle[7: com.dotcms.publishing.PublisherAPIImplTest$TestAsset@75ce71ce]" classname="com.dotcms.publishing.PublisherAPIImplTest" time="0.117"/>
  <testcase name="sendPushPublishBundle[8: com.dotcms.publishing.PublisherAPIImplTest$TestAsset@d1004e0]" classname="com.dotcms.publishing.PublisherAPIImplTest" time="0.08"/>
  <testcase name="sendPushPublishBundle[9: com.dotcms.publishing.PublisherAPIImplTest$TestAsset@2f683786]" classname="com.dotcms.publishing.PublisherAPIImplTest" time="0.139"/>
  <testcase name="sendPushPublishBundle[10: com.dotcms.publishing.PublisherAPIImplTest$TestAsset@29a8dd82]" classname="com.dotcms.publishing.PublisherAPIImplTest" time="0.049"/>
  <testcase name="generateBundle[0: com.dotcms.publishing.PublisherAPIImplTest$TestAsset@6fdf42bd]" classname="com.dotcms.publishing.PublisherAPIImplTest" time="0.116"/>
  <testcase name="generateBundle[1: com.dotcms.publishing.PublisherAPIImplTest$TestAsset@150af36c]" classname="com.dotcms.publishing.PublisherAPIImplTest" time="0.07"/>
  <testcase name="generateBundle[2: com.dotcms.publishing.PublisherAPIImplTest$TestAsset@6bce480f]" classname="com.dotcms.publishing.PublisherAPIImplTest" time="0.068"/>
  <testcase name="generateBundle[3: com.dotcms.publishing.PublisherAPIImplTest$TestAsset@2d17687f]" classname="com.dotcms.publishing.PublisherAPIImplTest" time="0.127"/>
  <testcase name="generateBundle[4: com.dotcms.publishing.PublisherAPIImplTest$TestAsset@38480dca]" classname="com.dotcms.publishing.PublisherAPIImplTest" time="0.133"/>
  <testcase name="generateBundle[5: com.dotcms.publishing.PublisherAPIImplTest$TestAsset@7a1b183c]" classname="com.dotcms.publishing.PublisherAPIImplTest" time="0.068"/>
  <testcase name="generateBundle[6: com.dotcms.publishing.PublisherAPIImplTest$TestAsset@630ca940]" classname="com.dotcms.publishing.PublisherAPIImplTest" time="0.064"/>
  <testcase name="generateBundle[7: com.dotcms.publishing.PublisherAPIImplTest$TestAsset@75ce71ce]" classname="com.dotcms.publishing.PublisherAPIImplTest" time="0.061"/>
  <testcase name="generateBundle[8: com.dotcms.publishing.PublisherAPIImplTest$TestAsset@d1004e0]" classname="com.dotcms.publishing.PublisherAPIImplTest" time="0.036"/>
  <testcase name="generateBundle[9: com.dotcms.publishing.PublisherAPIImplTest$TestAsset@2f683786]" classname="com.dotcms.publishing.PublisherAPIImplTest" time="0.093"/>
  <testcase name="generateBundle[10: com.dotcms.publishing.PublisherAPIImplTest$TestAsset@29a8dd82]" classname="com.dotcms.publishing.PublisherAPIImplTest" time="0.01"/>
  <system-out><![CDATA[









































































































































































]]></system-out>
  <system-err><![CDATA[]]></system-err>
</testsuite>
