<?xml version="1.0" encoding="UTF-8"?>
<testsuite name="com.dotcms.rest.api.v1.vtl.VTLResourceIntegrationTest" tests="6" skipped="0" failures="0" errors="0" timestamp="2023-07-15T00:25:09" hostname="fv-az617-846" time="11.128">
  <properties/>
  <testcase name="testGet[0: com.dotcms.rest.api.v1.vtl.VTLResourceTestCase@9d738e3]" classname="com.dotcms.rest.api.v1.vtl.VTLResourceIntegrationTest" time="1.307"/>
  <testcase name="testGet[1: com.dotcms.rest.api.v1.vtl.VTLResourceTestCase@45c341e0]" classname="com.dotcms.rest.api.v1.vtl.VTLResourceIntegrationTest" time="1.793"/>
  <testcase name="testGet[2: com.dotcms.rest.api.v1.vtl.VTLResourceTestCase@5fdc14ea]" classname="com.dotcms.rest.api.v1.vtl.VTLResourceIntegrationTest" time="2.043"/>
  <testcase name="testGet[3: com.dotcms.rest.api.v1.vtl.VTLResourceTestCase@4902ee6f]" classname="com.dotcms.rest.api.v1.vtl.VTLResourceIntegrationTest" time="2.113"/>
  <testcase name="testGet[4: com.dotcms.rest.api.v1.vtl.VTLResourceTestCase@7922d78c]" classname="com.dotcms.rest.api.v1.vtl.VTLResourceIntegrationTest" time="1.877"/>
  <testcase name="testGet[5: com.dotcms.rest.api.v1.vtl.VTLResourceTestCase@26b15509]" classname="com.dotcms.rest.api.v1.vtl.VTLResourceIntegrationTest" time="1.994"/>
  <system-out><![CDATA[]]></system-out>
  <system-err><![CDATA[]]></system-err>
</testsuite>
