<?xml version="1.0" encoding="UTF-8"?>
<testsuite name="com.dotcms.contenttype.business.RelationshipFactoryImplTest" tests="9" skipped="0" failures="0" errors="0" timestamp="2023-06-30T15:26:58" hostname="fv-az470-104" time="4.083">
  <properties/>
  <testcase name="test_dbRelatedContentByParent" classname="com.dotcms.contenttype.business.RelationshipFactoryImplTest" time="1.593"/>
  <testcase name="testByContentType" classname="com.dotcms.contenttype.business.RelationshipFactoryImplTest" time="0.115"/>
  <testcase name="test_dbRelatedContentByChild" classname="com.dotcms.contenttype.business.RelationshipFactoryImplTest" time="0.484"/>
  <testcase name="testdbAll" classname="com.dotcms.contenttype.business.RelationshipFactoryImplTest" time="0.168"/>
  <testcase name="testDeleteByContentType" classname="com.dotcms.contenttype.business.RelationshipFactoryImplTest" time="0.107"/>
  <testcase name="testGetDBRelatedParentsMultilingualContent" classname="com.dotcms.contenttype.business.RelationshipFactoryImplTest" time="0.695"/>
  <testcase name="testByTypeValueCachesRelationship" classname="com.dotcms.contenttype.business.RelationshipFactoryImplTest" time="0.122"/>
  <testcase name="testGetDBRelatedChildrenMultilingualContent" classname="com.dotcms.contenttype.business.RelationshipFactoryImplTest" time="0.79"/>
  <testcase name="testByTypeValue_RelationshipsShouldBeSameRegardlessCase_SameRelationship" classname="com.dotcms.contenttype.business.RelationshipFactoryImplTest" time="0.005"/>
  <system-out><![CDATA[]]></system-out>
  <system-err><![CDATA[]]></system-err>
</testsuite>
