<?xml version="1.0" encoding="UTF-8"?>
<testsuite name="com.dotmarketing.portlets.structure.model.ContentletRelationshipsTest" tests="7" skipped="0" failures="0" errors="0" timestamp="2023-07-11T06:54:05" hostname="fv-az1234-201" time="9.345">
  <properties/>
  <testcase name="testDoesAllowOnlyOne[0: com.dotmarketing.portlets.structure.model.ContentletRelationshipsTest$CardinalityTestCase@62d3a2d2]" classname="com.dotmarketing.portlets.structure.model.ContentletRelationshipsTest" time="0.495"/>
  <testcase name="testDoesAllowOnlyOne[1: com.dotmarketing.portlets.structure.model.ContentletRelationshipsTest$CardinalityTestCase@13d24b40]" classname="com.dotmarketing.portlets.structure.model.ContentletRelationshipsTest" time="0.474"/>
  <testcase name="testDoesAllowOnlyOne[2: com.dotmarketing.portlets.structure.model.ContentletRelationshipsTest$CardinalityTestCase@41b2eaaf]" classname="com.dotmarketing.portlets.structure.model.ContentletRelationshipsTest" time="0.502"/>
  <testcase name="testGetRelationshipRecords[0: com.dotmarketing.portlets.structure.model.ContentletRelationshipsTest$TestCase@9ebe981]" classname="com.dotmarketing.portlets.structure.model.ContentletRelationshipsTest" time="1.995"/>
  <testcase name="testGetRelationshipRecords[1: com.dotmarketing.portlets.structure.model.ContentletRelationshipsTest$TestCase@76d10f5c]" classname="com.dotmarketing.portlets.structure.model.ContentletRelationshipsTest" time="1.981"/>
  <testcase name="testGetRelationshipRecords[2: com.dotmarketing.portlets.structure.model.ContentletRelationshipsTest$TestCase@77d8c28d]" classname="com.dotmarketing.portlets.structure.model.ContentletRelationshipsTest" time="1.951"/>
  <testcase name="testGetRelationshipRecords[3: com.dotmarketing.portlets.structure.model.ContentletRelationshipsTest$TestCase@21e9a94b]" classname="com.dotmarketing.portlets.structure.model.ContentletRelationshipsTest" time="1.945"/>
  <system-out><![CDATA[]]></system-out>
  <system-err><![CDATA[]]></system-err>
</testsuite>
