<?xml version="1.0" encoding="UTF-8"?>
<testsuite name="com.dotcms.rest.api.v1.vtl.VTLResourceIntegrationTest" tests="6" skipped="0" failures="0" errors="0" timestamp="2023-07-14T01:02:02" hostname="fv-az812-504" time="11.216">
  <properties/>
  <testcase name="testGet[0: com.dotcms.rest.api.v1.vtl.VTLResourceTestCase@7fdb7df8]" classname="com.dotcms.rest.api.v1.vtl.VTLResourceIntegrationTest" time="2.36"/>
  <testcase name="testGet[1: com.dotcms.rest.api.v1.vtl.VTLResourceTestCase@7ac9db4b]" classname="com.dotcms.rest.api.v1.vtl.VTLResourceIntegrationTest" time="1.951"/>
  <testcase name="testGet[2: com.dotcms.rest.api.v1.vtl.VTLResourceTestCase@6ae0fb80]" classname="com.dotcms.rest.api.v1.vtl.VTLResourceIntegrationTest" time="0.934"/>
  <testcase name="testGet[3: com.dotcms.rest.api.v1.vtl.VTLResourceTestCase@43be34ff]" classname="com.dotcms.rest.api.v1.vtl.VTLResourceIntegrationTest" time="2.073"/>
  <testcase name="testGet[4: com.dotcms.rest.api.v1.vtl.VTLResourceTestCase@67aea5cd]" classname="com.dotcms.rest.api.v1.vtl.VTLResourceIntegrationTest" time="2.105"/>
  <testcase name="testGet[5: com.dotcms.rest.api.v1.vtl.VTLResourceTestCase@538929f0]" classname="com.dotcms.rest.api.v1.vtl.VTLResourceIntegrationTest" time="1.792"/>
  <system-out><![CDATA[]]></system-out>
  <system-err><![CDATA[]]></system-err>
</testsuite>
