<?xml version="1.0" encoding="UTF-8"?>
<testsuite name="com.dotcms.publisher.business.PublishAuditAPITest" tests="9" skipped="0" failures="0" errors="0" timestamp="2023-07-17T19:24:38" hostname="fv-az563-445" time="5.491">
  <properties/>
  <testcase name="allThePublishAuditHistoryWithOneAssets" classname="com.dotcms.publisher.business.PublishAuditAPITest" time="0.122"/>
  <testcase name="test_getBundleIdByStatus_StatusFailAllTypes" classname="com.dotcms.publisher.business.PublishAuditAPITest" time="0.023"/>
  <testcase name="test_getBundleIdByStatusFilterByOwner_StatusSuccess_OwnerNewUser" classname="com.dotcms.publisher.business.PublishAuditAPITest" time="0.808"/>
  <testcase name="notAssets" classname="com.dotcms.publisher.business.PublishAuditAPITest" time="1.295"/>
  <testcase name="maxAsssetLimits" classname="com.dotcms.publisher.business.PublishAuditAPITest" time="1.228"/>
  <testcase name="test_insertPublishAuditStatus" classname="com.dotcms.publisher.business.PublishAuditAPITest" time="0.003"/>
  <testcase name="maxAsssetLimitsEqualsTo3" classname="com.dotcms.publisher.business.PublishAuditAPITest" time="1.248"/>
  <testcase name="test_getBundleIdByStatusFilterByOwner_StatusFailAllTypes_OwnerNewUser" classname="com.dotcms.publisher.business.PublishAuditAPITest" time="0.759"/>
  <testcase name="test_getBundleIdByStatus_StatusSuccess" classname="com.dotcms.publisher.business.PublishAuditAPITest" time="0.004"/>
  <system-out><![CDATA[]]></system-out>
  <system-err><![CDATA[]]></system-err>
</testsuite>
