<?xml version="1.0" encoding="UTF-8"?>
<testsuite name="com.dotmarketing.portlets.structure.model.ContentletRelationshipsTest" tests="7" skipped="0" failures="0" errors="0" timestamp="2023-06-30T18:33:48" hostname="fv-az247-376" time="8.192">
  <properties/>
  <testcase name="testDoesAllowOnlyOne[0: com.dotmarketing.portlets.structure.model.ContentletRelationshipsTest$CardinalityTestCase@36f0b8b5]" classname="com.dotmarketing.portlets.structure.model.ContentletRelationshipsTest" time="0.404"/>
  <testcase name="testDoesAllowOnlyOne[1: com.dotmarketing.portlets.structure.model.ContentletRelationshipsTest$CardinalityTestCase@74348a92]" classname="com.dotmarketing.portlets.structure.model.ContentletRelationshipsTest" time="0.404"/>
  <testcase name="testDoesAllowOnlyOne[2: com.dotmarketing.portlets.structure.model.ContentletRelationshipsTest$CardinalityTestCase@3e60ec0a]" classname="com.dotmarketing.portlets.structure.model.ContentletRelationshipsTest" time="0.365"/>
  <testcase name="testGetRelationshipRecords[0: com.dotmarketing.portlets.structure.model.ContentletRelationshipsTest$TestCase@7c9f29ec]" classname="com.dotmarketing.portlets.structure.model.ContentletRelationshipsTest" time="1.876"/>
  <testcase name="testGetRelationshipRecords[1: com.dotmarketing.portlets.structure.model.ContentletRelationshipsTest$TestCase@4f9903da]" classname="com.dotmarketing.portlets.structure.model.ContentletRelationshipsTest" time="1.812"/>
  <testcase name="testGetRelationshipRecords[2: com.dotmarketing.portlets.structure.model.ContentletRelationshipsTest$TestCase@1f2970a1]" classname="com.dotmarketing.portlets.structure.model.ContentletRelationshipsTest" time="1.665"/>
  <testcase name="testGetRelationshipRecords[3: com.dotmarketing.portlets.structure.model.ContentletRelationshipsTest$TestCase@2610dff2]" classname="com.dotmarketing.portlets.structure.model.ContentletRelationshipsTest" time="1.666"/>
  <system-out><![CDATA[]]></system-out>
  <system-err><![CDATA[]]></system-err>
</testsuite>
