<?xml version="1.0" encoding="UTF-8"?>
<testsuite name="com.dotcms.rest.api.v1.vtl.VTLResourceIntegrationTest" tests="6" skipped="0" failures="0" errors="0" timestamp="2023-06-30T16:06:08" hostname="fv-az173-860" time="12.456">
  <properties/>
  <testcase name="testGet[0: com.dotcms.rest.api.v1.vtl.VTLResourceTestCase@3c4c61f4]" classname="com.dotcms.rest.api.v1.vtl.VTLResourceIntegrationTest" time="2.512"/>
  <testcase name="testGet[1: com.dotcms.rest.api.v1.vtl.VTLResourceTestCase@53bccaf]" classname="com.dotcms.rest.api.v1.vtl.VTLResourceIntegrationTest" time="1.895"/>
  <testcase name="testGet[2: com.dotcms.rest.api.v1.vtl.VTLResourceTestCase@7460e6d7]" classname="com.dotcms.rest.api.v1.vtl.VTLResourceIntegrationTest" time="1.995"/>
  <testcase name="testGet[3: com.dotcms.rest.api.v1.vtl.VTLResourceTestCase@72193b2c]" classname="com.dotcms.rest.api.v1.vtl.VTLResourceIntegrationTest" time="2.128"/>
  <testcase name="testGet[4: com.dotcms.rest.api.v1.vtl.VTLResourceTestCase@2d05a75a]" classname="com.dotcms.rest.api.v1.vtl.VTLResourceIntegrationTest" time="1.857"/>
  <testcase name="testGet[5: com.dotcms.rest.api.v1.vtl.VTLResourceTestCase@768058e1]" classname="com.dotcms.rest.api.v1.vtl.VTLResourceIntegrationTest" time="2.067"/>
  <system-out><![CDATA[]]></system-out>
  <system-err><![CDATA[]]></system-err>
</testsuite>
