<?xml version="1.0" encoding="UTF-8"?>
<testsuite name="com.dotmarketing.servlets.ajax.AjaxDirectorServletIntegrationTest" tests="2" skipped="0" failures="0" errors="0" timestamp="2023-07-21T17:13:01" hostname="fv-az717-170" time="0.866">
  <properties/>
  <testcase name="testService[0: com.dotmarketing.servlets.ajax.AjaxDirectorServletTestCase@6a20e729]" classname="com.dotmarketing.servlets.ajax.AjaxDirectorServletIntegrationTest" time="0.463"/>
  <testcase name="testService[1: com.dotmarketing.servlets.ajax.AjaxDirectorServletTestCase@6a036013]" classname="com.dotmarketing.servlets.ajax.AjaxDirectorServletIntegrationTest" time="0.403"/>
  <system-out><![CDATA[]]></system-out>
  <system-err><![CDATA[]]></system-err>
</testsuite>
