<?xml version="1.0" encoding="UTF-8"?>
<testsuite name="com.dotcms.rest.TagResourceIntegrationTest" tests="4" skipped="0" failures="0" errors="0" timestamp="2023-06-30T21:25:02" hostname="fv-az280-303" time="0.242">
  <properties/>
  <testcase name="testList[0: com.dotcms.rest.TagResourceTestCase@5a076a3b]" classname="com.dotcms.rest.TagResourceIntegrationTest" time="0.188"/>
  <testcase name="testList[1: com.dotcms.rest.TagResourceTestCase@14f29e6c]" classname="com.dotcms.rest.TagResourceIntegrationTest" time="0.02"/>
  <testcase name="testList[2: com.dotcms.rest.TagResourceTestCase@7257483b]" classname="com.dotcms.rest.TagResourceIntegrationTest" time="0.016"/>
  <testcase name="testList[3: com.dotcms.rest.TagResourceTestCase@55fcdb82]" classname="com.dotcms.rest.TagResourceIntegrationTest" time="0.018"/>
  <system-out><![CDATA[]]></system-out>
  <system-err><![CDATA[Jun 30, 2023 9:25:03 PM com.dotcms.repackage.org.hibernate.validator.internal.util.Version <clinit>
INFO: HV000001: Hibernate Validator 4.3.2.Final
]]></system-err>
</testsuite>
