<?xml version="1.0" encoding="UTF-8"?>
<testsuite name="com.dotmarketing.servlets.ajax.AjaxDirectorServletIntegrationTest" tests="2" skipped="0" failures="0" errors="0" timestamp="2023-07-18T00:31:09" hostname="fv-az162-832" time="3.299">
  <properties/>
  <testcase name="testService[0: com.dotmarketing.servlets.ajax.AjaxDirectorServletTestCase@2bff060]" classname="com.dotmarketing.servlets.ajax.AjaxDirectorServletIntegrationTest" time="1.382"/>
  <testcase name="testService[1: com.dotmarketing.servlets.ajax.AjaxDirectorServletTestCase@5e75f3a5]" classname="com.dotmarketing.servlets.ajax.AjaxDirectorServletIntegrationTest" time="1.917"/>
  <system-out><![CDATA[]]></system-out>
  <system-err><![CDATA[]]></system-err>
</testsuite>
