<?xml version="1.0" encoding="UTF-8"?>
<testsuite name="com.dotcms.contenttype.test.ContentResourceTest" tests="52" skipped="0" failures="0" errors="0" timestamp="2023-07-05T22:33:20" hostname="fv-az614-79" time="140.16">
  <properties/>
  <testcase name="testGetContentShouldReturnIconDetails" classname="com.dotcms.contenttype.test.ContentResourceTest" time="1.476"/>
  <testcase name="Test_Save_Action_Set_Words_To_Required_NumericField_Issue_15340" classname="com.dotcms.contenttype.test.ContentResourceTest" time="0.809"/>
  <testcase name="test_getContent_includeGrandChildCategory_success" classname="com.dotcms.contenttype.test.ContentResourceTest" time="1.218"/>
  <testcase name="testGetContentWithRelatedParameter[0: com.dotcms.contenttype.test.ContentResourceTest$PullRelatedTestCase@4bcb4d2b]" classname="com.dotcms.contenttype.test.ContentResourceTest" time="3.717"/>
  <testcase name="testGetContentWithRelatedParameter[1: com.dotcms.contenttype.test.ContentResourceTest$PullRelatedTestCase@38c2c6b4]" classname="com.dotcms.contenttype.test.ContentResourceTest" time="3.704"/>
  <testcase name="testGetContentWithRelatedParameter[2: com.dotcms.contenttype.test.ContentResourceTest$PullRelatedTestCase@1f02fdb5]" classname="com.dotcms.contenttype.test.ContentResourceTest" time="3.774"/>
  <testcase name="testGetContentWithRelatedParameter[3: com.dotcms.contenttype.test.ContentResourceTest$PullRelatedTestCase@605dfd1]" classname="com.dotcms.contenttype.test.ContentResourceTest" time="3.389"/>
  <testcase name="testGetContentWithRelatedParameter[4: com.dotcms.contenttype.test.ContentResourceTest$PullRelatedTestCase@1736682f]" classname="com.dotcms.contenttype.test.ContentResourceTest" time="3.712"/>
  <testcase name="test_getContent_SelfRelatedWith3LevelsOfDepth_shouldReturnRelationships" classname="com.dotcms.contenttype.test.ContentResourceTest" time="1.282"/>
  <testcase name="Test_Save_Action_Send_Fields_SubSet_Issue_15340" classname="com.dotcms.contenttype.test.ContentResourceTest" time="2.731"/>
  <testcase name="test_getContent_shouldReturnRelationships[0: com.dotcms.contenttype.test.ContentResourceTest$TestCase@396feb1b]" classname="com.dotcms.contenttype.test.ContentResourceTest" time="2.847"/>
  <testcase name="test_getContent_shouldReturnRelationships[1: com.dotcms.contenttype.test.ContentResourceTest$TestCase@318856d6]" classname="com.dotcms.contenttype.test.ContentResourceTest" time="2.793"/>
  <testcase name="test_getContent_shouldReturnRelationships[2: com.dotcms.contenttype.test.ContentResourceTest$TestCase@195bfc61]" classname="com.dotcms.contenttype.test.ContentResourceTest" time="2.845"/>
  <testcase name="test_getContent_shouldReturnRelationships[3: com.dotcms.contenttype.test.ContentResourceTest$TestCase@3d089875]" classname="com.dotcms.contenttype.test.ContentResourceTest" time="3.004"/>
  <testcase name="test_getContent_shouldReturnRelationships[4: com.dotcms.contenttype.test.ContentResourceTest$TestCase@7b799bfc]" classname="com.dotcms.contenttype.test.ContentResourceTest" time="2.953"/>
  <testcase name="test_getContent_shouldReturnRelationships[5: com.dotcms.contenttype.test.ContentResourceTest$TestCase@8344ca3]" classname="com.dotcms.contenttype.test.ContentResourceTest" time="2.967"/>
  <testcase name="test_getContent_shouldReturnRelationships[6: com.dotcms.contenttype.test.ContentResourceTest$TestCase@4e4a0130]" classname="com.dotcms.contenttype.test.ContentResourceTest" time="1.919"/>
  <testcase name="test_getContent_shouldReturnRelationships[7: com.dotcms.contenttype.test.ContentResourceTest$TestCase@37f8e3bc]" classname="com.dotcms.contenttype.test.ContentResourceTest" time="2.911"/>
  <testcase name="test_getContent_shouldReturnRelationships[8: com.dotcms.contenttype.test.ContentResourceTest$TestCase@e928c4]" classname="com.dotcms.contenttype.test.ContentResourceTest" time="2.951"/>
  <testcase name="test_getContent_shouldReturnRelationships[9: com.dotcms.contenttype.test.ContentResourceTest$TestCase@2a122d2e]" classname="com.dotcms.contenttype.test.ContentResourceTest" time="3.087"/>
  <testcase name="test_getContent_shouldReturnRelationships[10: com.dotcms.contenttype.test.ContentResourceTest$TestCase@34cffadd]" classname="com.dotcms.contenttype.test.ContentResourceTest" time="2.734"/>
  <testcase name="test_getContent_shouldReturnRelationships[11: com.dotcms.contenttype.test.ContentResourceTest$TestCase@445a1afb]" classname="com.dotcms.contenttype.test.ContentResourceTest" time="1.668"/>
  <testcase name="test_getContent_shouldReturnRelationships[12: com.dotcms.contenttype.test.ContentResourceTest$TestCase@dbcb5bc]" classname="com.dotcms.contenttype.test.ContentResourceTest" time="2.704"/>
  <testcase name="test_getContent_shouldReturnRelationships[13: com.dotcms.contenttype.test.ContentResourceTest$TestCase@36fc9278]" classname="com.dotcms.contenttype.test.ContentResourceTest" time="2.766"/>
  <testcase name="test_getContent_shouldReturnRelationships[14: com.dotcms.contenttype.test.ContentResourceTest$TestCase@7dae9f68]" classname="com.dotcms.contenttype.test.ContentResourceTest" time="2.804"/>
  <testcase name="test_getContent_shouldReturnRelationships[15: com.dotcms.contenttype.test.ContentResourceTest$TestCase@69b7dfe4]" classname="com.dotcms.contenttype.test.ContentResourceTest" time="3.779"/>
  <testcase name="test_getContent_shouldReturnRelationships[16: com.dotcms.contenttype.test.ContentResourceTest$TestCase@14e863b]" classname="com.dotcms.contenttype.test.ContentResourceTest" time="3.706"/>
  <testcase name="test_getContent_shouldReturnRelationships[17: com.dotcms.contenttype.test.ContentResourceTest$TestCase@53f3bb38]" classname="com.dotcms.contenttype.test.ContentResourceTest" time="2.908"/>
  <testcase name="test_getContent_shouldReturnRelationships[18: com.dotcms.contenttype.test.ContentResourceTest$TestCase@5aaf2bf1]" classname="com.dotcms.contenttype.test.ContentResourceTest" time="2.905"/>
  <testcase name="test_getContent_shouldReturnRelationships[19: com.dotcms.contenttype.test.ContentResourceTest$TestCase@db087bf]" classname="com.dotcms.contenttype.test.ContentResourceTest" time="3.095"/>
  <testcase name="test_getContent_shouldReturnRelationships[20: com.dotcms.contenttype.test.ContentResourceTest$TestCase@78bab76c]" classname="com.dotcms.contenttype.test.ContentResourceTest" time="2.297"/>
  <testcase name="test_getContent_shouldReturnRelationships[21: com.dotcms.contenttype.test.ContentResourceTest$TestCase@36def938]" classname="com.dotcms.contenttype.test.ContentResourceTest" time="3.133"/>
  <testcase name="test_getContent_shouldReturnRelationships[22: com.dotcms.contenttype.test.ContentResourceTest$TestCase@158dbcb1]" classname="com.dotcms.contenttype.test.ContentResourceTest" time="3.05"/>
  <testcase name="test_getContent_shouldReturnRelationships[23: com.dotcms.contenttype.test.ContentResourceTest$TestCase@1c094cc0]" classname="com.dotcms.contenttype.test.ContentResourceTest" time="3.291"/>
  <testcase name="test_getContent_shouldReturnRelationships[24: com.dotcms.contenttype.test.ContentResourceTest$TestCase@312599fa]" classname="com.dotcms.contenttype.test.ContentResourceTest" time="3.155"/>
  <testcase name="test_getContent_shouldReturnRelationships[25: com.dotcms.contenttype.test.ContentResourceTest$TestCase@7073b1df]" classname="com.dotcms.contenttype.test.ContentResourceTest" time="3.596"/>
  <testcase name="test_getContent_shouldReturnRelationships[26: com.dotcms.contenttype.test.ContentResourceTest$TestCase@863e354]" classname="com.dotcms.contenttype.test.ContentResourceTest" time="3.19"/>
  <testcase name="test_getContent_shouldReturnRelationships[27: com.dotcms.contenttype.test.ContentResourceTest$TestCase@5e5ac1d4]" classname="com.dotcms.contenttype.test.ContentResourceTest" time="3.023"/>
  <testcase name="test_getContent_shouldReturnRelationships[28: com.dotcms.contenttype.test.ContentResourceTest$TestCase@43ad69ac]" classname="com.dotcms.contenttype.test.ContentResourceTest" time="2.954"/>
  <testcase name="test_getContent_shouldReturnRelationships[29: com.dotcms.contenttype.test.ContentResourceTest$TestCase@2ebdd54f]" classname="com.dotcms.contenttype.test.ContentResourceTest" time="2.774"/>
  <testcase name="test_getContent_shouldReturnRelationships[30: com.dotcms.contenttype.test.ContentResourceTest$TestCase@39d3fa8f]" classname="com.dotcms.contenttype.test.ContentResourceTest" time="2.837"/>
  <testcase name="test_getContent_shouldReturnRelationships[31: com.dotcms.contenttype.test.ContentResourceTest$TestCase@310fd800]" classname="com.dotcms.contenttype.test.ContentResourceTest" time="1.882"/>
  <testcase name="test_getContent_shouldReturnRelationships[32: com.dotcms.contenttype.test.ContentResourceTest$TestCase@19c73784]" classname="com.dotcms.contenttype.test.ContentResourceTest" time="3.797"/>
  <testcase name="test_getContent_shouldReturnRelationships[33: com.dotcms.contenttype.test.ContentResourceTest$TestCase@59908e5e]" classname="com.dotcms.contenttype.test.ContentResourceTest" time="3.825"/>
  <testcase name="testSinglePOST_InvalidParamsShouldReturn400[0: ({\n    &quot;stInode&quot; : &quot;InvalidValue&quot;,\n    &quot;numeric&quot; : &quot;0&quot;,\n    &quot;image&quot; : &quot;whatever&quot;\n}, Bad Request)]" classname="com.dotcms.contenttype.test.ContentResourceTest" time="0.811"/>
  <testcase name="testSinglePOST_InvalidParamsShouldReturn400[1: ({\n    &quot;numeric&quot; : &quot;0&quot;,\n    &quot;image&quot; : &quot;whatever&quot;\n}, Bad Request)]" classname="com.dotcms.contenttype.test.ContentResourceTest" time="0.786"/>
  <testcase name="Test_Save_Action_Set_Null_To_Required_NumericField_Issue_15340" classname="com.dotcms.contenttype.test.ContentResourceTest" time="0.82"/>
  <testcase name="Test_Save_Action_Remove_Image_Then_Verify_Fields_Were_Cleared_Issue_15340" classname="com.dotcms.contenttype.test.ContentResourceTest" time="3.576"/>
  <testcase name="test_getContentWithMultipleSelfRelated_shouldReturnRelationships[0: com.dotcms.contenttype.test.ContentResourceTest$PullSelfRelatedTestCase@3031184f]" classname="com.dotcms.contenttype.test.ContentResourceTest" time="1.623"/>
  <testcase name="test_getContentWithMultipleSelfRelated_shouldReturnRelationships[1: com.dotcms.contenttype.test.ContentResourceTest$PullSelfRelatedTestCase@106a72da]" classname="com.dotcms.contenttype.test.ContentResourceTest" time="1.606"/>
  <testcase name="testGetContentWithAllCategoriesInfo[0: json]" classname="com.dotcms.contenttype.test.ContentResourceTest" time="2.465"/>
  <testcase name="testGetContentWithAllCategoriesInfo[1: xml]" classname="com.dotcms.contenttype.test.ContentResourceTest" time="2.505"/>
  <system-out><![CDATA[











]]></system-out>
  <system-err><![CDATA[]]></system-err>
</testsuite>
