<?xml version="1.0" encoding="UTF-8"?>
<testsuite name="com.dotmarketing.portlets.workflows.actionlet.VelocityScriptActionletTest" tests="1" skipped="0" failures="0" errors="0" timestamp="2023-06-27T19:01:00" hostname="fv-az359-674" time="1.098">
  <properties/>
  <testcase name="Test_Velocity_Script_Actionlet_Expect_Success" classname="com.dotmarketing.portlets.workflows.actionlet.VelocityScriptActionletTest" time="1.098"/>
  <system-out><![CDATA[]]></system-out>
  <system-err><![CDATA[]]></system-err>
</testsuite>
