<?xml version="1.0" encoding="UTF-8"?>
<testsuite name="com.dotcms.security.apps.AppsAPIImplTest" tests="47" skipped="0" failures="0" errors="0" timestamp="2023-07-07T20:00:01" hostname="fv-az622-57" time="23.619">
  <properties/>
  <testcase name="Test_AppKeyByHost_On_Index_Deactivation" classname="com.dotcms.security.apps.AppsAPIImplTest" time="2.056"/>
  <testcase name="Test_Add_System_File_Retrieve_Descriptors_Verify" classname="com.dotcms.security.apps.AppsAPIImplTest" time="0.092"/>
  <testcase name="Test_Save_Secrets_Then_Replace_Secret" classname="com.dotcms.security.apps.AppsAPIImplTest" time="1.031"/>
  <testcase name="Test_Delete_Secrets_On_Site_Delete" classname="com.dotcms.security.apps.AppsAPIImplTest" time="2.976"/>
  <testcase name="Test_Create_Offending_Secrets_Missing_Site_Then_Export_Them_Then_Import_Then_Save" classname="com.dotcms.security.apps.AppsAPIImplTest" time="3.321"/>
  <testcase name="Test_System_File_Has_Precedence" classname="com.dotcms.security.apps.AppsAPIImplTest" time="0.035"/>
  <testcase name="Test_Secret_Destroy_Method" classname="com.dotcms.security.apps.AppsAPIImplTest" time="0.001"/>
  <testcase name="Test_NPE_Free_ToString" classname="com.dotcms.security.apps.AppsAPIImplTest" time="0.004"/>
  <testcase name="Test_Save_Secrets_Then_Update_Single_Secret_Verify_Updated_Value" classname="com.dotcms.security.apps.AppsAPIImplTest" time="0.71"/>
  <testcase name="Test_Save_Secret_Expect_Event_Notification" classname="com.dotcms.security.apps.AppsAPIImplTest" time="3.014"/>
  <testcase name="Test_Get_Descriptor_With_Non_Valid_License" classname="com.dotcms.security.apps.AppsAPIImplTest" time="0.002"/>
  <testcase name="Test_Get_Secret_With_Non_Valid_License" classname="com.dotcms.security.apps.AppsAPIImplTest" time="0.001"/>
  <testcase name="Test_Secret_Integrity_Check_Expect_No_Warning" classname="com.dotcms.security.apps.AppsAPIImplTest" time="1.026"/>
  <testcase name="Test_Get_Apps_With_Non_Valid_License" classname="com.dotcms.security.apps.AppsAPIImplTest" time="0.004"/>
  <testcase name="Test_App_Descriptor_Validation_Expect_Validation_Exceptions[0: {&quot;allowExtraParameters&quot;:false,&quot;description&quot;:&quot;&quot;,&quot;iconUrl&quot;:&quot;&quot;,&quot;key&quot;:&quot;any-key&quot;,&quot;name&quot;:&quot;&quot;,&quot;params&quot;:{}}]" classname="com.dotcms.security.apps.AppsAPIImplTest" time="0.012"/>
  <testcase name="Test_App_Descriptor_Validation_Expect_Validation_Exceptions[1: {&quot;allowExtraParameters&quot;:false,&quot;description&quot;:&quot;&quot;,&quot;iconUrl&quot;:&quot;&quot;,&quot;key&quot;:&quot;any-key&quot;,&quot;name&quot;:&quot;any-name&quot;,&quot;params&quot;:{}}]" classname="com.dotcms.security.apps.AppsAPIImplTest" time="0.004"/>
  <testcase name="Test_App_Descriptor_Validation_Expect_Validation_Exceptions[2: {&quot;allowExtraParameters&quot;:false,&quot;description&quot;:&quot;desc&quot;,&quot;iconUrl&quot;:&quot;&quot;,&quot;key&quot;:&quot;any-key&quot;,&quot;name&quot;:&quot;any-name&quot;,&quot;params&quot;:{}}]" classname="com.dotcms.security.apps.AppsAPIImplTest" time="0.004"/>
  <testcase name="Test_App_Descriptor_Validation_Expect_Validation_Exceptions[3: {&quot;allowExtraParameters&quot;:false,&quot;description&quot;:&quot;desc&quot;,&quot;iconUrl&quot;:&quot;icon&quot;,&quot;key&quot;:&quot;any-key&quot;,&quot;name&quot;:&quot;any-name&quot;,&quot;params&quot;:{}}]" classname="com.dotcms.security.apps.AppsAPIImplTest" time="0.008"/>
  <testcase name="Test_App_Descriptor_Validation_Expect_Validation_Exceptions[4: {&quot;allowExtraParameters&quot;:false,&quot;description&quot;:&quot;desc&quot;,&quot;iconUrl&quot;:&quot;icon&quot;,&quot;key&quot;:&quot;tpwDqQt1mo2gSqklYuvjv7swCyV0hlP8D3o3QraL8yTDedH8D0V8j1mGtHqQQ&quot;,&quot;name&quot;:&quot;any-name&quot;,&quot;params&quot;:{}}]" classname="com.dotcms.security.apps.AppsAPIImplTest" time="0.004"/>
  <testcase name="Test_App_Descriptor_Validation_Expect_Validation_Exceptions[5: {&quot;allowExtraParameters&quot;:false,&quot;description&quot;:&quot;desc&quot;,&quot;iconUrl&quot;:&quot;icon&quot;,&quot;key&quot;:&quot;any-key&quot;,&quot;name&quot;:&quot;BPy3wUOmwfTKfncURwWciMSVJ34Hkto7W0AeAA0sDrT1SqZiW7yonLpUX5oJ9&quot;,&quot;params&quot;:{}}]" classname="com.dotcms.security.apps.AppsAPIImplTest" time="0.005"/>
  <testcase name="Test_App_Descriptor_Validation_Expect_Validation_Exceptions[6: {&quot;allowExtraParameters&quot;:false,&quot;description&quot;:&quot;desc&quot;,&quot;iconUrl&quot;:&quot;icon&quot;,&quot;key&quot;:&quot;any-key&quot;,&quot;name&quot;:&quot;any-name&quot;,&quot;params&quot;:{&quot;p1&quot;:&quot;com.dotcms.security.apps.ParamDescriptor@10970&quot;}}]" classname="com.dotcms.security.apps.AppsAPIImplTest" time="0.004"/>
  <testcase name="Test_App_Descriptor_Validation_Expect_Validation_Exceptions[7: {&quot;allowExtraParameters&quot;:false,&quot;description&quot;:&quot;desc&quot;,&quot;iconUrl&quot;:&quot;icon&quot;,&quot;key&quot;:&quot;any-key&quot;,&quot;name&quot;:&quot;any-name&quot;,&quot;params&quot;:{&quot;p1&quot;:&quot;com.dotcms.security.apps.ParamDescriptor@a6f75fa&quot;}}]" classname="com.dotcms.security.apps.AppsAPIImplTest" time="0.005"/>
  <testcase name="Test_App_Descriptor_Validation_Expect_Validation_Exceptions[8: {&quot;allowExtraParameters&quot;:false,&quot;description&quot;:&quot;desc&quot;,&quot;iconUrl&quot;:&quot;icon&quot;,&quot;key&quot;:&quot;any-key&quot;,&quot;name&quot;:&quot;any-name&quot;,&quot;params&quot;:{&quot;p1&quot;:&quot;com.dotcms.security.apps.ParamDescriptor@4b32d18d&quot;}}]" classname="com.dotcms.security.apps.AppsAPIImplTest" time="0.005"/>
  <testcase name="Test_App_Descriptor_Validation_Expect_Validation_Exceptions[9: {&quot;allowExtraParameters&quot;:false,&quot;description&quot;:&quot;desc&quot;,&quot;iconUrl&quot;:&quot;icon&quot;,&quot;key&quot;:&quot;any-key&quot;,&quot;name&quot;:&quot;any-name&quot;,&quot;params&quot;:{&quot;p1&quot;:&quot;com.dotcms.security.apps.ParamDescriptor@4b32d18d&quot;}}]" classname="com.dotcms.security.apps.AppsAPIImplTest" time="0.006"/>
  <testcase name="Test_App_Descriptor_Validation_Expect_Validation_Exceptions[10: {&quot;allowExtraParameters&quot;:false,&quot;description&quot;:&quot;desc&quot;,&quot;iconUrl&quot;:&quot;icon&quot;,&quot;key&quot;:&quot;any-key&quot;,&quot;name&quot;:&quot;any-name&quot;,&quot;params&quot;:{&quot;p1&quot;:&quot;com.dotcms.security.apps.ParamDescriptor@d54f653&quot;}}]" classname="com.dotcms.security.apps.AppsAPIImplTest" time="0.006"/>
  <testcase name="Test_App_Descriptor_Validation_Expect_Validation_Exceptions[11: {&quot;allowExtraParameters&quot;:false,&quot;description&quot;:&quot;desc&quot;,&quot;iconUrl&quot;:&quot;icon&quot;,&quot;key&quot;:&quot;any-key&quot;,&quot;name&quot;:&quot;any-name&quot;,&quot;params&quot;:{&quot;p1&quot;:&quot;com.dotcms.security.apps.ParamDescriptor@10956bbd&quot;}}]" classname="com.dotcms.security.apps.AppsAPIImplTest" time="0.005"/>
  <testcase name="Test_App_Descriptor_Validation_Expect_Validation_Exceptions[12: {&quot;allowExtraParameters&quot;:false,&quot;description&quot;:&quot;desc&quot;,&quot;iconUrl&quot;:&quot;icon&quot;,&quot;key&quot;:&quot;any-key&quot;,&quot;name&quot;:&quot;any-name&quot;,&quot;params&quot;:{&quot;p1&quot;:&quot;com.dotcms.security.apps.ParamDescriptor@c9d83d4c&quot;}}]" classname="com.dotcms.security.apps.AppsAPIImplTest" time="0.005"/>
  <testcase name="Test_App_Descriptor_Validation_Expect_Validation_Exceptions[13: {&quot;allowExtraParameters&quot;:false,&quot;description&quot;:&quot;desc&quot;,&quot;iconUrl&quot;:&quot;icon&quot;,&quot;key&quot;:&quot;any-key&quot;,&quot;name&quot;:&quot;any-name&quot;,&quot;params&quot;:{&quot;p1&quot;:&quot;com.dotcms.security.apps.ParamDescriptor@c9d8d317&quot;}}]" classname="com.dotcms.security.apps.AppsAPIImplTest" time="0.004"/>
  <testcase name="Test_File_Comparison_Is_Case_Sensitive" classname="com.dotcms.security.apps.AppsAPIImplTest" time="0.017"/>
  <testcase name="Test_Lookup_Fallback" classname="com.dotcms.security.apps.AppsAPIImplTest" time="0.905"/>
  <testcase name="Test_Non_Admin_User_Read_Attempt" classname="com.dotcms.security.apps.AppsAPIImplTest" time="0.01"/>
  <testcase name="Test_Get_Secret_fallbackOnSystemHost_With_Non_Valid_License" classname="com.dotcms.security.apps.AppsAPIImplTest" time="0.005"/>
  <testcase name="Test_Export_With_Non_Valid_License" classname="com.dotcms.security.apps.AppsAPIImplTest" time="0.003"/>
  <testcase name="Test_Create_Offending_Secrets_Missing_Descriptor_Then_Export_Them_Then_Import_Then_Save" classname="com.dotcms.security.apps.AppsAPIImplTest" time="1.166"/>
  <testcase name="Test_Create_Secrets_Then_Export_Them_Then_Import_Then_Save[0: test1688757821936.dotcms.com]" classname="com.dotcms.security.apps.AppsAPIImplTest" time="0.136"/>
  <testcase name="Test_Create_Secrets_Then_Export_Them_Then_Import_Then_Save[1: System Host]" classname="com.dotcms.security.apps.AppsAPIImplTest" time="0.108"/>
  <testcase name="Test_Secret_Integrity_Check_Expect_Warning" classname="com.dotcms.security.apps.AppsAPIImplTest" time="0.633"/>
  <testcase name="Test_Store_Json_Then_Recover_Decrypted_Then_Delete_Then_Verify_Its_Gone" classname="com.dotcms.security.apps.AppsAPIImplTest" time="1.012"/>
  <testcase name="Test_Non_Admin_User_With_Portlet_Read_Attempt" classname="com.dotcms.security.apps.AppsAPIImplTest" time="0.86"/>
  <testcase name="Test_App_Descriptor_Validation_Exception_Free[0: {&quot;allowExtraParameters&quot;:true,&quot;description&quot;:&quot;desc&quot;,&quot;iconUrl&quot;:&quot;icon&quot;,&quot;key&quot;:&quot;key1_1688757822632&quot;,&quot;name&quot;:&quot;any-name&quot;,&quot;params&quot;:{&quot;p1&quot;:&quot;com.dotcms.security.apps.ParamDescriptor@4afc75d2&quot;}}]" classname="com.dotcms.security.apps.AppsAPIImplTest" time="0.013"/>
  <testcase name="Test_App_Descriptor_Validation_Exception_Free[1: {&quot;allowExtraParameters&quot;:true,&quot;description&quot;:&quot;desc&quot;,&quot;iconUrl&quot;:&quot;icon&quot;,&quot;key&quot;:&quot;key2_1688757822632&quot;,&quot;name&quot;:&quot;any-name&quot;,&quot;params&quot;:{&quot;p1&quot;:&quot;com.dotcms.security.apps.ParamDescriptor@4afc75d2&quot;}}]" classname="com.dotcms.security.apps.AppsAPIImplTest" time="0.014"/>
  <testcase name="Test_App_Descriptor_Validation_Exception_Free[2: {&quot;allowExtraParameters&quot;:false,&quot;description&quot;:&quot;desc&quot;,&quot;iconUrl&quot;:&quot;icon&quot;,&quot;key&quot;:&quot;key3_1688757822632&quot;,&quot;name&quot;:&quot;any-name&quot;,&quot;params&quot;:{&quot;p1&quot;:&quot;com.dotcms.security.apps.ParamDescriptor@d6dec0c2&quot;}}]" classname="com.dotcms.security.apps.AppsAPIImplTest" time="0.008"/>
  <testcase name="Test_App_Descriptor_Validation_Exception_Free[3: {&quot;allowExtraParameters&quot;:false,&quot;description&quot;:&quot;desc&quot;,&quot;iconUrl&quot;:&quot;icon&quot;,&quot;key&quot;:&quot;key4_1688757822632&quot;,&quot;name&quot;:&quot;any-name&quot;,&quot;params&quot;:{&quot;p1&quot;:&quot;com.dotcms.security.apps.ParamDescriptor@c9d8d317&quot;}}]" classname="com.dotcms.security.apps.AppsAPIImplTest" time="0.005"/>
  <testcase name="Test_Export_All_Secrets_For_System_Non_System_Sites" classname="com.dotcms.security.apps.AppsAPIImplTest" time="1.33"/>
  <testcase name="Test_Store_Json_On_Different_Sites_Then_Pull_Sites_By_Host_Verify_Match" classname="com.dotcms.security.apps.AppsAPIImplTest" time="1.953"/>
  <testcase name="Test_Save_Secrets_Then_Delete_Single_Secret_Entry_Then_Add_It_Again_With_New_Value_Then_Verify" classname="com.dotcms.security.apps.AppsAPIImplTest" time="1.007"/>
  <testcase name="Test_Import_With_Non_Valid_License" classname="com.dotcms.security.apps.AppsAPIImplTest" time="0.004"/>
  <system-out><![CDATA[]]></system-out>
  <system-err><![CDATA[]]></system-err>
</testsuite>
