<?xml version="1.0" encoding="UTF-8"?>
<testsuite name="com.dotmarketing.business.DeterministicIdentifierAPITest" tests="16" skipped="0" failures="0" errors="0" timestamp="2023-07-13T21:30:13" hostname="fv-az673-76" time="1.515">
  <properties/>
  <testcase name="Test_Category_Path_Seed_And_Id" classname="com.dotmarketing.business.DeterministicIdentifierAPITest" time="0.032"/>
  <testcase name="Test_Language_Deterministic_Id[0: LanguageTestCase{expectedSeed='Language:es:US', expectedHash=4913155, langCode='es', countryCode='US', country='United States'}]" classname="com.dotmarketing.business.DeterministicIdentifierAPITest" time="0.001"/>
  <testcase name="Test_Language_Deterministic_Id[1: LanguageTestCase{expectedSeed='Language:ep:', expectedHash=5292269, langCode='ep', countryCode='', country=''}]" classname="com.dotmarketing.business.DeterministicIdentifierAPITest" time="0.001"/>
  <testcase name="Test_Language_Deterministic_Id[2: LanguageTestCase{expectedSeed='Language:sg:SAG', expectedHash=4713118, langCode='sg', countryCode='SAG', country=''}]" classname="com.dotmarketing.business.DeterministicIdentifierAPITest" time="0.001"/>
  <testcase name="Test_Language_Deterministic_Id[3: LanguageTestCase{expectedSeed='Language:en:NZ', expectedHash=5382528, langCode='en', countryCode='NZ', country='New Zealand'}]" classname="com.dotmarketing.business.DeterministicIdentifierAPITest" time="0.001"/>
  <testcase name="Test_Category_None_Persisted_Category_Should_Return_Deterministic_Id" classname="com.dotmarketing.business.DeterministicIdentifierAPITest" time="0.001"/>
  <testcase name="Test_Asset_Generate_Deterministic_Id_Best_Effort[0: TestCase{versionable=my.host1689283424167.com, parent=System Host, expectedName='my.host1689283424167.com', expectedType='Host'}]" classname="com.dotmarketing.business.DeterministicIdentifierAPITest" time="0.004"/>
  <testcase name="Test_Asset_Generate_Deterministic_Id_Best_Effort[1: TestCase{versionable=com.dotmarketing.portlets.contentlet.model.Contentlet@50c9d02e[map={modDate=2023-07-13 21:23:44.969, fileName=file3664319275179066978.txt, title=file3664319275179066978.txt, inode=d32cb3c1-ff4d-4c40-a7aa-6697b4f60dad, __IS_NEW_CONTENT__=true, disabledWYSIWYG=[], host=1de2cf65-73ae-4133-a803-2f4b013790a8, stInode=33888b6f-7a8e-4069-b1b6-5c1aa9d0a48d, owner=system, identifier=69c02c1d-6f80-4c23-86cc-b6d7ea29d5c8, nullProperties=[wfExpireDate, wfPublishDate, wfActionAssign, wfActionId, wfActionComments, filterKey, whereToSend, wfNeverExpire, _path_to_move, timezoneId, iWantTo, wfPublishTime, wfExpireTime], languageId=1, fileAsset=/home/runner/work/core/custom/assets/d/3/d32cb3c1-ff4d-4c40-a7aa-6697b4f60dad/fileAsset/file3664319275179066978.txt, folder=8e90b022-7f9d-45b2-925f-6a17d393640a, __disable_workflow__=true, sortOrder=0, modUser=system},lowIndexPriority=false,variantId=DEFAULT], parent=com.dotmarketing.portlets.folders.model.Folder@37641a97[identifier=8e90b022-7f9d-45b2-925f-6a17d393640a,name=testName1689283424961,sortOrder=0,showOnMenu=false,hostId=1de2cf65-73ae-4133-a803-2f4b013790a8,type=folder,title=testTitle1689283424961,filesMasks=,defaultFileType=33888b6f-7a8e-4069-b1b6-5c1aa9d0a48d,modDate=2023-07-13 21:23:44.964,owner=&lt;null&gt;,iDate=2023-07-13 21:23:44.964,inode=8e90b022-7f9d-45b2-925f-6a17d393640a,path=/testName1689283424961/], expectedName='file3664319275179066978.txt', expectedType='FileAsset'}]" classname="com.dotmarketing.business.DeterministicIdentifierAPITest" time="0.004"/>
  <testcase name="Test_Asset_Generate_Deterministic_Id_Best_Effort[2: TestCase{versionable=com.dotmarketing.portlets.templates.model.Template@9da6d716, parent=my.host1689283424167.com, expectedName='testTitle1689283425072', expectedType='Template'}]" classname="com.dotmarketing.business.DeterministicIdentifierAPITest" time="0.002"/>
  <testcase name="Test_Asset_Generate_Deterministic_Id_Best_Effort[3: TestCase{versionable=com.dotmarketing.portlets.htmlpageasset.model.HTMLPageAsset@425f8939[map={template=ed98ba33-4beb-49f5-b2d4-741421287d6e, owner=system, identifier=2ea4cc2c-71e5-4241-8167-4b1813bc33b0, nullProperties=[wfExpireDate, wfPublishDate, wfActionAssign, wfActionId, wfActionComments, filterKey, whereToSend, wfNeverExpire, _path_to_move, timezoneId, iWantTo, wfPublishTime, wfExpireTime], modDate=2023-07-13 21:23:45.091, cachettl=0, _is_test_mode=true, languageId=1, title=test-page-title-1689283425087, httpsreq=, url=test-page-url-1689283425087, showOnMenu=, inode=77e67608-063b-4d9d-9546-0be3191431de, folder=8e90b022-7f9d-45b2-925f-6a17d393640a, disabledWYSIWYG=[], sortOrder=1, modUser=system, host=1de2cf65-73ae-4133-a803-2f4b013790a8, stInode=c541abb1-69b3-4bc5-8430-5e09e5239cc8, friendlyName=test-page-friendly-name-1689283425087},lowIndexPriority=false,variantId=DEFAULT], parent=com.dotmarketing.portlets.folders.model.Folder@37641a97[identifier=8e90b022-7f9d-45b2-925f-6a17d393640a,name=testName1689283424961,sortOrder=0,showOnMenu=false,hostId=1de2cf65-73ae-4133-a803-2f4b013790a8,type=folder,title=testTitle1689283424961,filesMasks=,defaultFileType=33888b6f-7a8e-4069-b1b6-5c1aa9d0a48d,modDate=2023-07-13 21:23:44.964,owner=&lt;null&gt;,iDate=2023-07-13 21:23:44.964,inode=8e90b022-7f9d-45b2-925f-6a17d393640a,path=/testName1689283424961/], expectedName='test-page-url-1689283425087', expectedType='htmlpageasset'}]" classname="com.dotmarketing.business.DeterministicIdentifierAPITest" time="0.003"/>
  <testcase name="Test_Asset_Generate_Deterministic_Id_Best_Effort[4: TestCase{versionable=com.dotmarketing.portlets.contentlet.model.Contentlet@4e3abaaa[map={fileAsset2=/home/runner/work/core/custom/assets/1/5/150cf177-67e3-4489-b5b6-7f7bc75985c0/fileAsset2/test_binary1689283425943.png, modDate=2023-07-13 21:23:45.947, fileAsset1=/home/runner/work/core/custom/assets/1/5/150cf177-67e3-4489-b5b6-7f7bc75985c0/fileAsset1/test_binary1689283425942.jpg, title=blah, inode=150cf177-67e3-4489-b5b6-7f7bc75985c0, __IS_NEW_CONTENT__=true, disabledWYSIWYG=[], host=48190c8c-42c4-46af-8d1a-0cd5db894797, stInode=49d1728d-0ed5-450b-b43e-1b960c9491cb, owner=system, identifier=5579dfbf-8286-4909-b655-399e7529d7b4, nullProperties=[], languageId=1, image1=b4d951d2-0c06-44d1-9bea-7dce4ea2f6fc, folder=SYSTEM_FOLDER, __disable_workflow__=true, sortOrder=0, modUser=system},lowIndexPriority=false,variantId=DEFAULT], parent=demo.dotcms.com, expectedName='test_binary1689283425942.jpg:test_binary1689283425943.png', expectedType='MultipleBinaries1689283425266'}]" classname="com.dotmarketing.business.DeterministicIdentifierAPITest" time="0.003"/>
  <testcase name="Test_Asset_Generate_Deterministic_Id_Best_Effort[5: TestCase{versionable=namecd518bd3c4 : keyTagcd518bd3c4, parent=my.host1689283424167.com, expectedName='keyTagcd518bd3c4', expectedType='persona'}]" classname="com.dotmarketing.business.DeterministicIdentifierAPITest" time="0.003"/>
  <testcase name="Test_Similar_Content_Type_Wont_Clash" classname="com.dotmarketing.business.DeterministicIdentifierAPITest" time="0.526"/>
  <testcase name="Test_Generate_Folder_Identifier" classname="com.dotmarketing.business.DeterministicIdentifierAPITest" time="0.909"/>
  <testcase name="Test_Generate_Content_Type_Identifier[0: ContentTypeTestCase{contentType=KeyValueContentType{name=Language Variable, id=f4d7c1b8-2c88-4071-abf1-a5328977b07d, description=Default Content Type for Language Variables, defaultType=false, fixed=true, iDate=Thu Aug 31 16:38:49 UTC 2017, system=true, versionable=true, variable=Languagevariable, modDate=Thu Jul 13 20:14:56 UTC 2023, host=SYSTEM_HOST, siteName=systemHost, icon=language, sortOrder=0, folder=SYSTEM_FOLDER, folderPath=/, markedForDeletion=true, multilingualable=false}, expectedName='Languagevariable', expectedType='KeyValue'}]" classname="com.dotmarketing.business.DeterministicIdentifierAPITest" time="0.005"/>
  <testcase name="Test_Generate_Content_Type_Identifier[1: ContentTypeTestCase{contentType=SimpleContentType{name=testName1689283426356, id=fcef6ab0-08c3-49bf-b739-11a2768cc491, description=testDescription1689283426356, defaultType=false, fixed=false, iDate=Thu Jul 13 21:23:46 UTC 2023, system=false, versionable=true, multilingualable=false, variable=testVarname1689283426356, owner=system, modDate=Thu Jul 13 21:23:47 UTC 2023, host=48190c8c-42c4-46af-8d1a-0cd5db894797, siteName=demo.dotcms.com, icon=event_note, sortOrder=0, folder=SYSTEM_FOLDER, folderPath=/, requiredFields=[], markedForDeletion=false}, expectedName='testVarname1689283426356', expectedType='CONTENT'}]" classname="com.dotmarketing.business.DeterministicIdentifierAPITest" time="0.011"/>
  <system-out><![CDATA[]]></system-out>
  <system-err><![CDATA[]]></system-err>
</testsuite>
