<?xml version="1.0" encoding="UTF-8"?>
<testsuite name="com.dotcms.notification.business.NotificationAPITest" tests="5" skipped="0" failures="0" errors="0" timestamp="2023-06-23T18:25:58" hostname="fv-az248-890" time="5.971">
  <properties/>
  <testcase name="testNewNotificationsCount" classname="com.dotcms.notification.business.NotificationAPITest" time="0.007"/>
  <testcase name="testGetPaginatedNotifications" classname="com.dotcms.notification.business.NotificationAPITest" time="0.01"/>
  <testcase name="testSaveDeleteNotification" classname="com.dotcms.notification.business.NotificationAPITest" time="0.004"/>
  <testcase name="testSaveNotificationsForUsers" classname="com.dotcms.notification.business.NotificationAPITest" time="1.575"/>
  <testcase name="generateNotificationForRole" classname="com.dotcms.notification.business.NotificationAPITest" time="4.375"/>
  <system-out><![CDATA[]]></system-out>
  <system-err><![CDATA[]]></system-err>
</testsuite>
