<?xml version="1.0" encoding="UTF-8"?>
<testsuite name="com.dotcms.graphql.DotGraphQLHttpServletTest" tests="4" skipped="0" failures="0" errors="0" timestamp="2023-07-07T19:54:05" hostname="fv-az244-222" time="0.075">
  <properties/>
  <testcase name="testing_OPTIONSRequestToGraphQLServer_returnResponseWithExpectedHeaders" classname="com.dotcms.graphql.DotGraphQLHttpServletTest" time="0.056"/>
  <testcase name="testing_GETRequestToGraphQLServer_returnResponseWithExpectedHeaders" classname="com.dotcms.graphql.DotGraphQLHttpServletTest" time="0.015"/>
  <testcase name="testing_cors_headers" classname="com.dotcms.graphql.DotGraphQLHttpServletTest" time="0.001"/>
  <testcase name="testing_POSTRequestToGraphQLServer_returnResponseWithExpectedHeaders" classname="com.dotcms.graphql.DotGraphQLHttpServletTest" time="0.002"/>
  <system-out><![CDATA[]]></system-out>
  <system-err><![CDATA[]]></system-err>
</testsuite>
