<?xml version="1.0" encoding="UTF-8"?>
<testsuite name="com.dotcms.publishing.BundlerUtilTest" tests="1" skipped="0" failures="0" errors="0" timestamp="2023-07-06T00:30:26" hostname="fv-az1231-758" time="0.003">
  <properties/>
  <testcase name="test_jsonToObject_when_typeReference" classname="com.dotcms.publishing.BundlerUtilTest" time="0.003"/>
  <system-out><![CDATA[]]></system-out>
  <system-err><![CDATA[]]></system-err>
</testsuite>
