<?xml version="1.0" encoding="UTF-8"?>
<testsuite name="com.dotmarketing.business.helper.PermissionHelperTest" tests="24" skipped="0" failures="0" errors="0" timestamp="2023-07-15T00:13:42" hostname="fv-az809-141" time="5.804">
  <properties/>
  <testcase name="test_getPermissionsByPermissionType_with_system_user_should_succeed[0: com.dotmarketing.business.helper.PermissionHelperTest$TestCase@7fc68d09]" classname="com.dotmarketing.business.helper.PermissionHelperTest" time="0.017"/>
  <testcase name="test_getPermissionsByPermissionType_with_system_user_should_succeed[1: com.dotmarketing.business.helper.PermissionHelperTest$TestCase@59f62605]" classname="com.dotmarketing.business.helper.PermissionHelperTest" time="0.001"/>
  <testcase name="test_getPermissionsByPermissionType_with_system_user_should_succeed[2: com.dotmarketing.business.helper.PermissionHelperTest$TestCase@5f6d72eb]" classname="com.dotmarketing.business.helper.PermissionHelperTest" time="0.002"/>
  <testcase name="test_getPermissionsByPermissionType_with_system_user_should_succeed[3: com.dotmarketing.business.helper.PermissionHelperTest$TestCase@3fffca03]" classname="com.dotmarketing.business.helper.PermissionHelperTest" time="0.001"/>
  <testcase name="test_getPermissionsByPermissionType_with_system_user_should_succeed[4: com.dotmarketing.business.helper.PermissionHelperTest$TestCase@741ab630]" classname="com.dotmarketing.business.helper.PermissionHelperTest" time="0.001"/>
  <testcase name="test_getPermissionsByPermissionType_with_system_user_should_succeed[5: com.dotmarketing.business.helper.PermissionHelperTest$TestCase@1cb460b8]" classname="com.dotmarketing.business.helper.PermissionHelperTest" time="0.001"/>
  <testcase name="test_getPermissionsByPermissionType_with_system_user_should_succeed[6: com.dotmarketing.business.helper.PermissionHelperTest$TestCase@28faa3ef]" classname="com.dotmarketing.business.helper.PermissionHelperTest" time="0.001"/>
  <testcase name="test_getPermissionsByPermissionType_with_system_user_should_succeed[7: com.dotmarketing.business.helper.PermissionHelperTest$TestCase@6914db21]" classname="com.dotmarketing.business.helper.PermissionHelperTest" time="0.001"/>
  <testcase name="test_getPermissionsByPermissionType_with_limited_user_should_succeed[0: com.dotmarketing.business.helper.PermissionHelperTest$TestCase@7fc68d09]" classname="com.dotmarketing.business.helper.PermissionHelperTest" time="0.731"/>
  <testcase name="test_getPermissionsByPermissionType_with_limited_user_should_succeed[1: com.dotmarketing.business.helper.PermissionHelperTest$TestCase@59f62605]" classname="com.dotmarketing.business.helper.PermissionHelperTest" time="0.715"/>
  <testcase name="test_getPermissionsByPermissionType_with_limited_user_should_succeed[2: com.dotmarketing.business.helper.PermissionHelperTest$TestCase@5f6d72eb]" classname="com.dotmarketing.business.helper.PermissionHelperTest" time="0.74"/>
  <testcase name="test_getPermissionsByPermissionType_with_limited_user_should_succeed[3: com.dotmarketing.business.helper.PermissionHelperTest$TestCase@3fffca03]" classname="com.dotmarketing.business.helper.PermissionHelperTest" time="0.73"/>
  <testcase name="test_getPermissionsByPermissionType_with_limited_user_should_succeed[4: com.dotmarketing.business.helper.PermissionHelperTest$TestCase@741ab630]" classname="com.dotmarketing.business.helper.PermissionHelperTest" time="0.727"/>
  <testcase name="test_getPermissionsByPermissionType_with_limited_user_should_succeed[5: com.dotmarketing.business.helper.PermissionHelperTest$TestCase@1cb460b8]" classname="com.dotmarketing.business.helper.PermissionHelperTest" time="0.707"/>
  <testcase name="test_getPermissionsByPermissionType_with_limited_user_should_succeed[6: com.dotmarketing.business.helper.PermissionHelperTest$TestCase@28faa3ef]" classname="com.dotmarketing.business.helper.PermissionHelperTest" time="0.711"/>
  <testcase name="test_getPermissionsByPermissionType_with_limited_user_should_succeed[7: com.dotmarketing.business.helper.PermissionHelperTest$TestCase@6914db21]" classname="com.dotmarketing.business.helper.PermissionHelperTest" time="0.712"/>
  <testcase name="test_getPermissionsByPermissionType_with_invalid_user_should_fail[0: com.dotmarketing.business.helper.PermissionHelperTest$TestCase@7fc68d09]" classname="com.dotmarketing.business.helper.PermissionHelperTest" time="0.001"/>
  <testcase name="test_getPermissionsByPermissionType_with_invalid_user_should_fail[1: com.dotmarketing.business.helper.PermissionHelperTest$TestCase@59f62605]" classname="com.dotmarketing.business.helper.PermissionHelperTest" time="0.0"/>
  <testcase name="test_getPermissionsByPermissionType_with_invalid_user_should_fail[2: com.dotmarketing.business.helper.PermissionHelperTest$TestCase@5f6d72eb]" classname="com.dotmarketing.business.helper.PermissionHelperTest" time="0.0"/>
  <testcase name="test_getPermissionsByPermissionType_with_invalid_user_should_fail[3: com.dotmarketing.business.helper.PermissionHelperTest$TestCase@3fffca03]" classname="com.dotmarketing.business.helper.PermissionHelperTest" time="0.001"/>
  <testcase name="test_getPermissionsByPermissionType_with_invalid_user_should_fail[4: com.dotmarketing.business.helper.PermissionHelperTest$TestCase@741ab630]" classname="com.dotmarketing.business.helper.PermissionHelperTest" time="0.0"/>
  <testcase name="test_getPermissionsByPermissionType_with_invalid_user_should_fail[5: com.dotmarketing.business.helper.PermissionHelperTest$TestCase@1cb460b8]" classname="com.dotmarketing.business.helper.PermissionHelperTest" time="0.001"/>
  <testcase name="test_getPermissionsByPermissionType_with_invalid_user_should_fail[6: com.dotmarketing.business.helper.PermissionHelperTest$TestCase@28faa3ef]" classname="com.dotmarketing.business.helper.PermissionHelperTest" time="0.0"/>
  <testcase name="test_getPermissionsByPermissionType_with_invalid_user_should_fail[7: com.dotmarketing.business.helper.PermissionHelperTest$TestCase@6914db21]" classname="com.dotmarketing.business.helper.PermissionHelperTest" time="0.0"/>
  <system-out><![CDATA[]]></system-out>
  <system-err><![CDATA[]]></system-err>
</testsuite>
