<?xml version="1.0" encoding="UTF-8"?>
<testsuite name="com.dotmarketing.portlets.structure.model.ContentletRelationshipsTest" tests="7" skipped="0" failures="0" errors="0" timestamp="2023-07-14T18:48:32" hostname="fv-az791-444" time="8.293">
  <properties/>
  <testcase name="testDoesAllowOnlyOne[0: com.dotmarketing.portlets.structure.model.ContentletRelationshipsTest$CardinalityTestCase@1fdbc72]" classname="com.dotmarketing.portlets.structure.model.ContentletRelationshipsTest" time="0.579"/>
  <testcase name="testDoesAllowOnlyOne[1: com.dotmarketing.portlets.structure.model.ContentletRelationshipsTest$CardinalityTestCase@384edb49]" classname="com.dotmarketing.portlets.structure.model.ContentletRelationshipsTest" time="0.472"/>
  <testcase name="testDoesAllowOnlyOne[2: com.dotmarketing.portlets.structure.model.ContentletRelationshipsTest$CardinalityTestCase@28cee46f]" classname="com.dotmarketing.portlets.structure.model.ContentletRelationshipsTest" time="0.466"/>
  <testcase name="testGetRelationshipRecords[0: com.dotmarketing.portlets.structure.model.ContentletRelationshipsTest$TestCase@78230b15]" classname="com.dotmarketing.portlets.structure.model.ContentletRelationshipsTest" time="2.003"/>
  <testcase name="testGetRelationshipRecords[1: com.dotmarketing.portlets.structure.model.ContentletRelationshipsTest$TestCase@1451364f]" classname="com.dotmarketing.portlets.structure.model.ContentletRelationshipsTest" time="1.976"/>
  <testcase name="testGetRelationshipRecords[2: com.dotmarketing.portlets.structure.model.ContentletRelationshipsTest$TestCase@5a0b331f]" classname="com.dotmarketing.portlets.structure.model.ContentletRelationshipsTest" time="0.872"/>
  <testcase name="testGetRelationshipRecords[3: com.dotmarketing.portlets.structure.model.ContentletRelationshipsTest$TestCase@5b959ad]" classname="com.dotmarketing.portlets.structure.model.ContentletRelationshipsTest" time="1.924"/>
  <system-out><![CDATA[]]></system-out>
  <system-err><![CDATA[]]></system-err>
</testsuite>
