<?xml version="1.0" encoding="UTF-8"?>
<testsuite name="com.dotmarketing.business.DeterministicIdentifierAPITest" tests="16" skipped="0" failures="0" errors="0" timestamp="2023-07-18T21:08:12" hostname="fv-az553-913" time="1.441">
  <properties/>
  <testcase name="Test_Category_Path_Seed_And_Id" classname="com.dotmarketing.business.DeterministicIdentifierAPITest" time="0.054"/>
  <testcase name="Test_Language_Deterministic_Id[0: LanguageTestCase{expectedSeed='Language:es:US', expectedHash=4913155, langCode='es', countryCode='US', country='United States'}]" classname="com.dotmarketing.business.DeterministicIdentifierAPITest" time="0.001"/>
  <testcase name="Test_Language_Deterministic_Id[1: LanguageTestCase{expectedSeed='Language:ep:', expectedHash=5292269, langCode='ep', countryCode='', country=''}]" classname="com.dotmarketing.business.DeterministicIdentifierAPITest" time="0.003"/>
  <testcase name="Test_Language_Deterministic_Id[2: LanguageTestCase{expectedSeed='Language:sg:SAG', expectedHash=4713118, langCode='sg', countryCode='SAG', country=''}]" classname="com.dotmarketing.business.DeterministicIdentifierAPITest" time="0.001"/>
  <testcase name="Test_Language_Deterministic_Id[3: LanguageTestCase{expectedSeed='Language:en:NZ', expectedHash=5382528, langCode='en', countryCode='NZ', country='New Zealand'}]" classname="com.dotmarketing.business.DeterministicIdentifierAPITest" time="0.002"/>
  <testcase name="Test_Category_None_Persisted_Category_Should_Return_Deterministic_Id" classname="com.dotmarketing.business.DeterministicIdentifierAPITest" time="0.002"/>
  <testcase name="Test_Asset_Generate_Deterministic_Id_Best_Effort[0: TestCase{versionable=my.host1689714030516.com, parent=System Host, expectedName='my.host1689714030516.com', expectedType='Host'}]" classname="com.dotmarketing.business.DeterministicIdentifierAPITest" time="0.009"/>
  <testcase name="Test_Asset_Generate_Deterministic_Id_Best_Effort[1: TestCase{versionable=com.dotmarketing.portlets.contentlet.model.Contentlet@4635d505[map={modDate=2023-07-18 21:00:30.927, fileName=file3673187199161100295.txt, title=file3673187199161100295.txt, inode=9ee0d9c4-566a-4856-8f0c-7957471cb796, __IS_NEW_CONTENT__=true, disabledWYSIWYG=[], host=26ac761b-cce4-4ab2-b2b6-4a27752f8757, stInode=33888b6f-7a8e-4069-b1b6-5c1aa9d0a48d, owner=system, identifier=bb2b20cb-d8bd-4158-b531-b89f5e8219f3, nullProperties=[wfExpireDate, wfPublishDate, wfActionAssign, wfActionId, wfActionComments, filterKey, whereToSend, wfNeverExpire, _path_to_move, timezoneId, iWantTo, wfPublishTime, wfExpireTime], languageId=1, fileAsset=/home/runner/work/core/custom/assets/9/e/9ee0d9c4-566a-4856-8f0c-7957471cb796/fileAsset/file3673187199161100295.txt, folder=8bd9859a-20b7-445f-a293-ba1d313513d2, __disable_workflow__=true, sortOrder=0, modUser=system},lowIndexPriority=false,variantId=DEFAULT], parent=com.dotmarketing.portlets.folders.model.Folder@34c693de[identifier=8bd9859a-20b7-445f-a293-ba1d313513d2,name=testName1689714030917,sortOrder=0,showOnMenu=false,hostId=26ac761b-cce4-4ab2-b2b6-4a27752f8757,type=folder,title=testTitle1689714030917,filesMasks=,defaultFileType=33888b6f-7a8e-4069-b1b6-5c1aa9d0a48d,modDate=2023-07-18 21:00:30.921,owner=&lt;null&gt;,iDate=2023-07-18 21:00:30.921,inode=8bd9859a-20b7-445f-a293-ba1d313513d2,path=/testName1689714030917/], expectedName='file3673187199161100295.txt', expectedType='FileAsset'}]" classname="com.dotmarketing.business.DeterministicIdentifierAPITest" time="0.005"/>
  <testcase name="Test_Asset_Generate_Deterministic_Id_Best_Effort[2: TestCase{versionable=com.dotmarketing.portlets.templates.model.Template@a005a38d, parent=my.host1689714030516.com, expectedName='testTitle1689714031060', expectedType='Template'}]" classname="com.dotmarketing.business.DeterministicIdentifierAPITest" time="0.004"/>
  <testcase name="Test_Asset_Generate_Deterministic_Id_Best_Effort[3: TestCase{versionable=com.dotmarketing.portlets.htmlpageasset.model.HTMLPageAsset@8be1c77[map={template=63ed51a1-8da7-413e-9981-f8cc33230d35, owner=system, identifier=c0f3b2c1-e904-45ad-a56e-d8250f0a8aac, nullProperties=[wfExpireDate, wfPublishDate, wfActionAssign, wfActionId, wfActionComments, filterKey, whereToSend, wfNeverExpire, _path_to_move, timezoneId, iWantTo, wfPublishTime, wfExpireTime], modDate=2023-07-18 21:00:31.086, cachettl=0, _is_test_mode=true, languageId=1, title=test-page-title-1689714031079, httpsreq=, url=test-page-url-1689714031079, showOnMenu=, inode=4daf8790-ca46-4ca4-8eb3-8c86bd063afb, folder=8bd9859a-20b7-445f-a293-ba1d313513d2, disabledWYSIWYG=[], sortOrder=1, modUser=system, host=26ac761b-cce4-4ab2-b2b6-4a27752f8757, stInode=c541abb1-69b3-4bc5-8430-5e09e5239cc8, friendlyName=test-page-friendly-name-1689714031079},lowIndexPriority=false,variantId=DEFAULT], parent=com.dotmarketing.portlets.folders.model.Folder@34c693de[identifier=8bd9859a-20b7-445f-a293-ba1d313513d2,name=testName1689714030917,sortOrder=0,showOnMenu=false,hostId=26ac761b-cce4-4ab2-b2b6-4a27752f8757,type=folder,title=testTitle1689714030917,filesMasks=,defaultFileType=33888b6f-7a8e-4069-b1b6-5c1aa9d0a48d,modDate=2023-07-18 21:00:30.921,owner=&lt;null&gt;,iDate=2023-07-18 21:00:30.921,inode=8bd9859a-20b7-445f-a293-ba1d313513d2,path=/testName1689714030917/], expectedName='test-page-url-1689714031079', expectedType='htmlpageasset'}]" classname="com.dotmarketing.business.DeterministicIdentifierAPITest" time="0.004"/>
  <testcase name="Test_Asset_Generate_Deterministic_Id_Best_Effort[4: TestCase{versionable=com.dotmarketing.portlets.contentlet.model.Contentlet@790fbdf3[map={fileAsset2=/home/runner/work/core/custom/assets/0/d/0d8a6260-58cc-4150-9307-ba5bc92761f2/fileAsset2/test_binary1689714032886.png, modDate=2023-07-18 21:00:32.892, fileAsset1=/home/runner/work/core/custom/assets/0/d/0d8a6260-58cc-4150-9307-ba5bc92761f2/fileAsset1/test_binary1689714032886.jpg, title=blah, inode=0d8a6260-58cc-4150-9307-ba5bc92761f2, __IS_NEW_CONTENT__=true, disabledWYSIWYG=[], host=48190c8c-42c4-46af-8d1a-0cd5db894797, stInode=864646c8-caac-45f9-a8a0-edb5dc3fbf3e, owner=system, identifier=cd765fd5-04f0-4f0c-8198-d7581fbc4b79, nullProperties=[], languageId=1, image1=e5df86c0-e81a-4fdb-8141-cdd8b2a6e1c8, folder=SYSTEM_FOLDER, __disable_workflow__=true, sortOrder=0, modUser=system},lowIndexPriority=false,variantId=DEFAULT], parent=demo.dotcms.com, expectedName='test_binary1689714032886.jpg:test_binary1689714032886.png', expectedType='MultipleBinaries1689714031375'}]" classname="com.dotmarketing.business.DeterministicIdentifierAPITest" time="0.005"/>
  <testcase name="Test_Asset_Generate_Deterministic_Id_Best_Effort[5: TestCase{versionable=namee3b01c80d1 : keyTage3b01c80d1, parent=my.host1689714030516.com, expectedName='keyTage3b01c80d1', expectedType='persona'}]" classname="com.dotmarketing.business.DeterministicIdentifierAPITest" time="0.005"/>
  <testcase name="Test_Similar_Content_Type_Wont_Clash" classname="com.dotmarketing.business.DeterministicIdentifierAPITest" time="0.682"/>
  <testcase name="Test_Generate_Folder_Identifier" classname="com.dotmarketing.business.DeterministicIdentifierAPITest" time="0.648"/>
  <testcase name="Test_Generate_Content_Type_Identifier[0: ContentTypeTestCase{contentType=KeyValueContentType{name=Language Variable, id=f4d7c1b8-2c88-4071-abf1-a5328977b07d, description=Default Content Type for Language Variables, defaultType=false, fixed=true, iDate=Thu Aug 31 16:38:49 UTC 2017, system=true, versionable=true, variable=Languagevariable, modDate=Tue Jul 18 19:42:10 UTC 2023, host=SYSTEM_HOST, siteName=systemHost, icon=language, sortOrder=0, folder=SYSTEM_FOLDER, folderPath=/, markedForDeletion=true, multilingualable=false}, expectedName='Languagevariable', expectedType='KeyValue'}]" classname="com.dotmarketing.business.DeterministicIdentifierAPITest" time="0.007"/>
  <testcase name="Test_Generate_Content_Type_Identifier[1: ContentTypeTestCase{contentType=SimpleContentType{name=testName1689714033345, id=650bd3ff-fcc8-4e6e-bfa7-21f62d977ea8, description=testDescription1689714033345, defaultType=false, fixed=false, iDate=Tue Jul 18 21:00:33 UTC 2023, system=false, versionable=true, multilingualable=false, variable=testVarname1689714033345, owner=system, modDate=Tue Jul 18 21:00:34 UTC 2023, host=48190c8c-42c4-46af-8d1a-0cd5db894797, siteName=demo.dotcms.com, icon=event_note, sortOrder=0, folder=SYSTEM_FOLDER, folderPath=/, requiredFields=[], markedForDeletion=false}, expectedName='testVarname1689714033345', expectedType='CONTENT'}]" classname="com.dotmarketing.business.DeterministicIdentifierAPITest" time="0.008"/>
  <system-out><![CDATA[]]></system-out>
  <system-err><![CDATA[]]></system-err>
</testsuite>
