<?xml version="1.0" encoding="UTF-8"?>
<testsuite name="com.dotmarketing.startup.runonce.Task05350AddDotSaltClusterColumnTest" tests="1" skipped="0" failures="0" errors="0" timestamp="2023-07-03T22:04:12" hostname="fv-az351-989" time="0.023">
  <properties/>
  <testcase name="Test_UpgradeTask_Success" classname="com.dotmarketing.startup.runonce.Task05350AddDotSaltClusterColumnTest" time="0.023"/>
  <system-out><![CDATA[]]></system-out>
  <system-err><![CDATA[]]></system-err>
</testsuite>
