<?xml version="1.0" encoding="UTF-8"?>
<testsuite name="com.dotcms.rest.api.v1.vtl.VTLResourceIntegrationTest" tests="6" skipped="0" failures="0" errors="0" timestamp="2023-07-20T20:09:47" hostname="fv-az174-151" time="11.29">
  <properties/>
  <testcase name="testGet[0: com.dotcms.rest.api.v1.vtl.VTLResourceTestCase@34e408cb]" classname="com.dotcms.rest.api.v1.vtl.VTLResourceIntegrationTest" time="2.308"/>
  <testcase name="testGet[1: com.dotcms.rest.api.v1.vtl.VTLResourceTestCase@67e0983a]" classname="com.dotcms.rest.api.v1.vtl.VTLResourceIntegrationTest" time="2.114"/>
  <testcase name="testGet[2: com.dotcms.rest.api.v1.vtl.VTLResourceTestCase@9989be2]" classname="com.dotcms.rest.api.v1.vtl.VTLResourceIntegrationTest" time="1.944"/>
  <testcase name="testGet[3: com.dotcms.rest.api.v1.vtl.VTLResourceTestCase@36b8bc07]" classname="com.dotcms.rest.api.v1.vtl.VTLResourceIntegrationTest" time="1.927"/>
  <testcase name="testGet[4: com.dotcms.rest.api.v1.vtl.VTLResourceTestCase@220e484b]" classname="com.dotcms.rest.api.v1.vtl.VTLResourceIntegrationTest" time="2.149"/>
  <testcase name="testGet[5: com.dotcms.rest.api.v1.vtl.VTLResourceTestCase@414c2578]" classname="com.dotcms.rest.api.v1.vtl.VTLResourceIntegrationTest" time="0.848"/>
  <system-out><![CDATA[]]></system-out>
  <system-err><![CDATA[]]></system-err>
</testsuite>
