<?xml version="1.0" encoding="UTF-8"?>
<testsuite name="com.dotmarketing.business.DeterministicIdentifierAPITest" tests="16" skipped="0" failures="0" errors="0" timestamp="2023-06-23T17:46:03" hostname="fv-az1098-397" time="0.682">
  <properties/>
  <testcase name="Test_Category_Path_Seed_And_Id" classname="com.dotmarketing.business.DeterministicIdentifierAPITest" time="0.022"/>
  <testcase name="Test_Language_Deterministic_Id[0: LanguageTestCase{expectedSeed='Language:es:US', expectedHash=4913155, langCode='es', countryCode='US', country='United States'}]" classname="com.dotmarketing.business.DeterministicIdentifierAPITest" time="0.001"/>
  <testcase name="Test_Language_Deterministic_Id[1: LanguageTestCase{expectedSeed='Language:ep:', expectedHash=5292269, langCode='ep', countryCode='', country=''}]" classname="com.dotmarketing.business.DeterministicIdentifierAPITest" time="0.001"/>
  <testcase name="Test_Language_Deterministic_Id[2: LanguageTestCase{expectedSeed='Language:sg:SAG', expectedHash=4713118, langCode='sg', countryCode='SAG', country=''}]" classname="com.dotmarketing.business.DeterministicIdentifierAPITest" time="0.001"/>
  <testcase name="Test_Language_Deterministic_Id[3: LanguageTestCase{expectedSeed='Language:en:NZ', expectedHash=5382528, langCode='en', countryCode='NZ', country='New Zealand'}]" classname="com.dotmarketing.business.DeterministicIdentifierAPITest" time="0.001"/>
  <testcase name="Test_Category_None_Persisted_Category_Should_Return_Deterministic_Id" classname="com.dotmarketing.business.DeterministicIdentifierAPITest" time="0.001"/>
  <testcase name="Test_Asset_Generate_Deterministic_Id_Best_Effort[0: TestCase{versionable=my.host1687536972936.com, parent=System Host, expectedName='my.host1687536972936.com', expectedType='Host'}]" classname="com.dotmarketing.business.DeterministicIdentifierAPITest" time="0.002"/>
  <testcase name="Test_Asset_Generate_Deterministic_Id_Best_Effort[1: TestCase{versionable=com.dotmarketing.portlets.contentlet.model.Contentlet@2477ef18[map={modDate=2023-06-23 16:16:14.049, fileName=file11414436566545973823.txt, title=file11414436566545973823.txt, inode=d85b5771-6af9-41b4-bb50-33aed74d1299, __IS_NEW_CONTENT__=true, disabledWYSIWYG=[], host=ef4cb877-9f6f-4e98-9b91-69a71488dbd6, stInode=33888b6f-7a8e-4069-b1b6-5c1aa9d0a48d, owner=system, identifier=944a69ae-2a5e-4198-bb08-97ff4be9d87f, nullProperties=[wfExpireDate, wfPublishDate, wfActionAssign, wfActionId, wfActionComments, filterKey, whereToSend, wfNeverExpire, _path_to_move, timezoneId, iWantTo, wfPublishTime, wfExpireTime], languageId=1, fileAsset=/home/runner/work/core/custom/assets/d/8/d85b5771-6af9-41b4-bb50-33aed74d1299/fileAsset/file11414436566545973823.txt, folder=4c349a60-7096-4d7a-84f2-6e64ec8ffba5, __disable_workflow__=true, sortOrder=0, modUser=system},lowIndexPriority=false,variantId=DEFAULT], parent=com.dotmarketing.portlets.folders.model.Folder@3515f150[identifier=4c349a60-7096-4d7a-84f2-6e64ec8ffba5,name=testName1687536974043,sortOrder=0,showOnMenu=false,hostId=ef4cb877-9f6f-4e98-9b91-69a71488dbd6,type=folder,title=testTitle1687536974043,filesMasks=,defaultFileType=33888b6f-7a8e-4069-b1b6-5c1aa9d0a48d,modDate=2023-06-23 16:16:14.045,owner=&lt;null&gt;,iDate=2023-06-23 16:16:14.045,inode=4c349a60-7096-4d7a-84f2-6e64ec8ffba5,path=/testName1687536974043/], expectedName='file11414436566545973823.txt', expectedType='FileAsset'}]" classname="com.dotmarketing.business.DeterministicIdentifierAPITest" time="0.003"/>
  <testcase name="Test_Asset_Generate_Deterministic_Id_Best_Effort[2: TestCase{versionable=com.dotmarketing.portlets.templates.model.Template@50029785, parent=my.host1687536972936.com, expectedName='testTitle1687536974108', expectedType='Template'}]" classname="com.dotmarketing.business.DeterministicIdentifierAPITest" time="0.002"/>
  <testcase name="Test_Asset_Generate_Deterministic_Id_Best_Effort[3: TestCase{versionable=com.dotmarketing.portlets.htmlpageasset.model.HTMLPageAsset@43fec0d8[map={template=8fa90250-7fc4-4544-8172-449ab50f6832, owner=system, identifier=32881ce3-be2b-490b-9cd3-6af8f33829ab, nullProperties=[wfExpireDate, wfPublishDate, wfActionAssign, wfActionId, wfActionComments, filterKey, whereToSend, wfNeverExpire, _path_to_move, timezoneId, iWantTo, wfPublishTime, wfExpireTime], modDate=2023-06-23 16:16:14.125, cachettl=0, _is_test_mode=true, languageId=1, title=test-page-title-1687536974118, httpsreq=, url=test-page-url-1687536974118, showOnMenu=, inode=d954cae4-9c3e-4003-b266-6185c3af335c, folder=4c349a60-7096-4d7a-84f2-6e64ec8ffba5, disabledWYSIWYG=[], sortOrder=1, modUser=system, host=ef4cb877-9f6f-4e98-9b91-69a71488dbd6, stInode=c541abb1-69b3-4bc5-8430-5e09e5239cc8, friendlyName=test-page-friendly-name-1687536974118},lowIndexPriority=false,variantId=DEFAULT], parent=com.dotmarketing.portlets.folders.model.Folder@3515f150[identifier=4c349a60-7096-4d7a-84f2-6e64ec8ffba5,name=testName1687536974043,sortOrder=0,showOnMenu=false,hostId=ef4cb877-9f6f-4e98-9b91-69a71488dbd6,type=folder,title=testTitle1687536974043,filesMasks=,defaultFileType=33888b6f-7a8e-4069-b1b6-5c1aa9d0a48d,modDate=2023-06-23 16:16:14.045,owner=&lt;null&gt;,iDate=2023-06-23 16:16:14.045,inode=4c349a60-7096-4d7a-84f2-6e64ec8ffba5,path=/testName1687536974043/], expectedName='test-page-url-1687536974118', expectedType='htmlpageasset'}]" classname="com.dotmarketing.business.DeterministicIdentifierAPITest" time="0.002"/>
  <testcase name="Test_Asset_Generate_Deterministic_Id_Best_Effort[4: TestCase{versionable=com.dotmarketing.portlets.contentlet.model.Contentlet@5a8d0586[map={fileAsset2=/home/runner/work/core/custom/assets/4/b/4b0d4b90-0ba2-46f8-965a-cb5757f332c8/fileAsset2/test_binary1687536975002.png, modDate=2023-06-23 16:16:15.007, fileAsset1=/home/runner/work/core/custom/assets/4/b/4b0d4b90-0ba2-46f8-965a-cb5757f332c8/fileAsset1/test_binary1687536975002.jpg, title=blah, inode=4b0d4b90-0ba2-46f8-965a-cb5757f332c8, __IS_NEW_CONTENT__=true, disabledWYSIWYG=[], host=8a7d5e23-da1e-420a-b4f0-471e7da8ea2d, stInode=0a6008b9-6880-4114-ad81-55d17c696eff, owner=system, identifier=7092aabb-36a9-4b3a-8cd9-51911a69f972, nullProperties=[], languageId=1, image1=450a4b64-99f9-47a8-a3fd-1db8652bb075, folder=SYSTEM_FOLDER, __disable_workflow__=true, sortOrder=0, modUser=system},lowIndexPriority=false,variantId=DEFAULT], parent=default, expectedName='test_binary1687536975002.jpg:test_binary1687536975002.png', expectedType='MultipleBinaries1687536974193'}]" classname="com.dotmarketing.business.DeterministicIdentifierAPITest" time="0.005"/>
  <testcase name="Test_Asset_Generate_Deterministic_Id_Best_Effort[5: TestCase{versionable=name256465ae54 : keyTag256465ae54, parent=my.host1687536972936.com, expectedName='keyTag256465ae54', expectedType='persona'}]" classname="com.dotmarketing.business.DeterministicIdentifierAPITest" time="0.005"/>
  <testcase name="Test_Similar_Content_Type_Wont_Clash" classname="com.dotmarketing.business.DeterministicIdentifierAPITest" time="0.376"/>
  <testcase name="Test_Generate_Folder_Identifier" classname="com.dotmarketing.business.DeterministicIdentifierAPITest" time="0.246"/>
  <testcase name="Test_Generate_Content_Type_Identifier[0: ContentTypeTestCase{contentType=KeyValueContentType{name=Language Variable, id=f4d7c1b8-2c88-4071-abf1-a5328977b07d, description=Default Content Type for Language Variables, defaultType=false, fixed=true, iDate=Thu Aug 31 16:38:49 UTC 2017, system=true, versionable=true, variable=Languagevariable, modDate=Fri Jun 23 16:12:56 UTC 2023, host=SYSTEM_HOST, siteName=systemHost, icon=language, sortOrder=0, folder=SYSTEM_FOLDER, folderPath=/, markedForDeletion=false, multilingualable=false}, expectedName='Languagevariable', expectedType='KeyValue'}]" classname="com.dotmarketing.business.DeterministicIdentifierAPITest" time="0.009"/>
  <testcase name="Test_Generate_Content_Type_Identifier[1: ContentTypeTestCase{contentType=SimpleContentType{name=testName1687536975299, id=a47f5f8b-8930-4606-8740-b94e7a5d1c0b, description=testDescription1687536975299, defaultType=false, fixed=false, iDate=Fri Jun 23 16:16:15 UTC 2023, system=false, versionable=true, multilingualable=false, variable=testVarname1687536975299, owner=system, modDate=Fri Jun 23 16:16:15 UTC 2023, host=8a7d5e23-da1e-420a-b4f0-471e7da8ea2d, siteName=default, icon=event_note, sortOrder=0, folder=SYSTEM_FOLDER, folderPath=/, requiredFields=[], markedForDeletion=false}, expectedName='testVarname1687536975299', expectedType='CONTENT'}]" classname="com.dotmarketing.business.DeterministicIdentifierAPITest" time="0.004"/>
  <system-out><![CDATA[]]></system-out>
  <system-err><![CDATA[]]></system-err>
</testsuite>
