<?xml version="1.0" encoding="UTF-8"?>
<testsuite name="com.dotcms.rest.TagResourceIntegrationTest" tests="4" skipped="0" failures="0" errors="0" timestamp="2023-07-19T16:25:28" hostname="fv-az400-396" time="0.469">
  <properties/>
  <testcase name="testList[0: com.dotcms.rest.TagResourceTestCase@330e0a]" classname="com.dotcms.rest.TagResourceIntegrationTest" time="0.363"/>
  <testcase name="testList[1: com.dotcms.rest.TagResourceTestCase@52c56d3]" classname="com.dotcms.rest.TagResourceIntegrationTest" time="0.05"/>
  <testcase name="testList[2: com.dotcms.rest.TagResourceTestCase@45b10d7a]" classname="com.dotcms.rest.TagResourceIntegrationTest" time="0.028"/>
  <testcase name="testList[3: com.dotcms.rest.TagResourceTestCase@5d8e646f]" classname="com.dotcms.rest.TagResourceIntegrationTest" time="0.026"/>
  <system-out><![CDATA[]]></system-out>
  <system-err><![CDATA[Jul 19, 2023 4:25:28 PM com.dotcms.repackage.org.hibernate.validator.internal.util.Version <clinit>
INFO: HV000001: Hibernate Validator 4.3.2.Final
]]></system-err>
</testsuite>
