<?xml version="1.0" encoding="UTF-8"?>
<testsuite name="com.dotcms.variant.VariantAPITest" tests="31" skipped="0" failures="0" errors="0" timestamp="2023-06-30T19:00:51" hostname="fv-az247-376" time="19.791">
  <properties/>
  <testcase name="archiveNotExists" classname="com.dotcms.variant.VariantAPITest" time="0.0"/>
  <testcase name="promoteWithOutLiveDefaultVersion" classname="com.dotcms.variant.VariantAPITest" time="2.165"/>
  <testcase name="promoteWithoutVariantVersion" classname="com.dotcms.variant.VariantAPITest" time="1.57"/>
  <testcase name="pageWithNoVersion" classname="com.dotcms.variant.VariantAPITest" time="2.681"/>
  <testcase name="testUpdateDefaultVariant_shouldFail" classname="com.dotcms.variant.VariantAPITest" time="0.001"/>
  <testcase name="delete" classname="com.dotcms.variant.VariantAPITest" time="0.003"/>
  <testcase name="deleteNotArchived" classname="com.dotcms.variant.VariantAPITest" time="0.001"/>
  <testcase name="update" classname="com.dotcms.variant.VariantAPITest" time="0.004"/>
  <testcase name="archive" classname="com.dotcms.variant.VariantAPITest" time="0.003"/>
  <testcase name="promoteNonExistingVariant" classname="com.dotcms.variant.VariantAPITest" time="0.001"/>
  <testcase name="updateArchivedField" classname="com.dotcms.variant.VariantAPITest" time="0.002"/>
  <testcase name="saveArchive" classname="com.dotcms.variant.VariantAPITest" time="0.001"/>
  <testcase name="get" classname="com.dotcms.variant.VariantAPITest" time="0.001"/>
  <testcase name="save" classname="com.dotcms.variant.VariantAPITest" time="0.002"/>
  <testcase name="getByName" classname="com.dotcms.variant.VariantAPITest" time="0.002"/>
  <testcase name="getByNameNotExists" classname="com.dotcms.variant.VariantAPITest" time="0.001"/>
  <testcase name="promoteWorkingVersion" classname="com.dotcms.variant.VariantAPITest" time="0.558"/>
  <testcase name="promotePage" classname="com.dotcms.variant.VariantAPITest" time="3.646"/>
  <testcase name="promoteArchivedVariant" classname="com.dotcms.variant.VariantAPITest" time="1.417"/>
  <testcase name="promoteAlreadyPromoteVariant" classname="com.dotcms.variant.VariantAPITest" time="0.005"/>
  <testcase name="getByNameWithNull" classname="com.dotcms.variant.VariantAPITest" time="0.001"/>
  <testcase name="getNotExists" classname="com.dotcms.variant.VariantAPITest" time="0.0"/>
  <testcase name="promoteWorkingLiveVersion" classname="com.dotcms.variant.VariantAPITest" time="2.503"/>
  <testcase name="getWithNull" classname="com.dotcms.variant.VariantAPITest" time="0.0"/>
  <testcase name="promoteContentletWithSeveralLanguages" classname="com.dotcms.variant.VariantAPITest" time="2.001"/>
  <testcase name="testDeleteDefaultVariant_shouldFail" classname="com.dotcms.variant.VariantAPITest" time="0.001"/>
  <testcase name="promoteWithTwoVersion" classname="com.dotcms.variant.VariantAPITest" time="2.1"/>
  <testcase name="promoteWithoutDefaultVersion" classname="com.dotcms.variant.VariantAPITest" time="1.118"/>
  <testcase name="deleteNotExists" classname="com.dotcms.variant.VariantAPITest" time="0.0"/>
  <testcase name="promoteDefaultVariant" classname="com.dotcms.variant.VariantAPITest" time="0.001"/>
  <testcase name="updateNotExists" classname="com.dotcms.variant.VariantAPITest" time="0.0"/>
  <system-out><![CDATA[]]></system-out>
  <system-err><![CDATA[]]></system-err>
</testsuite>
