<?xml version="1.0" encoding="UTF-8"?>
<testsuite name="com.dotcms.publisher.util.DependencyManagerTest" tests="6" skipped="0" failures="0" errors="0" timestamp="2023-07-17T23:05:31" hostname="fv-az407-374" time="16.052">
  <properties/>
  <testcase name="test_Sending_Page_as_dependencies_with_PUSH_PUBLISHING_PUSH_ALL_FOLDER_PAGES" classname="com.dotcms.publisher.util.DependencyManagerTest" time="2.825"/>
  <testcase name="test_dependencyManager_shouldIncludeSelfRelationships" classname="com.dotcms.publisher.util.DependencyManagerTest" time="3.478"/>
  <testcase name="test_Page_with_FileTemplateDesign_as_Dependencies" classname="com.dotcms.publisher.util.DependencyManagerTest" time="1.943"/>
  <testcase name="test_Page_with_FileContainer_as_Dependencies" classname="com.dotcms.publisher.util.DependencyManagerTest" time="0.72"/>
  <testcase name="test_Page_with_FileTemplateAdvanced_as_Dependencies" classname="com.dotcms.publisher.util.DependencyManagerTest" time="2.284"/>
  <testcase name="test_dependencyManager_shouldIncludeRelationships" classname="com.dotcms.publisher.util.DependencyManagerTest" time="4.801"/>
  <system-out><![CDATA[]]></system-out>
  <system-err><![CDATA[]]></system-err>
</testsuite>
