<?xml version="1.0" encoding="UTF-8"?>
<testsuite name="com.dotcms.cache.lettuce.RedisClientTest" tests="5" skipped="0" failures="0" errors="0" timestamp="2023-07-20T21:00:33" hostname="fv-az1232-188" time="1.503">
  <properties/>
  <testcase name="test_client_set_ttl" classname="com.dotcms.cache.lettuce.RedisClientTest" time="1.44"/>
  <testcase name="test_client_crud_if_running" classname="com.dotcms.cache.lettuce.RedisClientTest" time="0.027"/>
  <testcase name="test_client_is_singleton" classname="com.dotcms.cache.lettuce.RedisClientTest" time="0.0"/>
  <testcase name="test_client_setIfAbsent" classname="com.dotcms.cache.lettuce.RedisClientTest" time="0.024"/>
  <testcase name="test_client_setIfPresent" classname="com.dotcms.cache.lettuce.RedisClientTest" time="0.012"/>
  <system-out><![CDATA[]]></system-out>
  <system-err><![CDATA[]]></system-err>
</testsuite>
