<?xml version="1.0" encoding="UTF-8"?>
<testsuite name="com.dotmarketing.business.DeterministicIdentifierAPITest" tests="16" skipped="0" failures="0" errors="0" timestamp="2023-06-28T19:42:03" hostname="fv-az440-364" time="1.365">
  <properties/>
  <testcase name="Test_Category_Path_Seed_And_Id" classname="com.dotmarketing.business.DeterministicIdentifierAPITest" time="0.04"/>
  <testcase name="Test_Language_Deterministic_Id[0: LanguageTestCase{expectedSeed='Language:es:US', expectedHash=4913155, langCode='es', countryCode='US', country='United States'}]" classname="com.dotmarketing.business.DeterministicIdentifierAPITest" time="0.002"/>
  <testcase name="Test_Language_Deterministic_Id[1: LanguageTestCase{expectedSeed='Language:ep:', expectedHash=5292269, langCode='ep', countryCode='', country=''}]" classname="com.dotmarketing.business.DeterministicIdentifierAPITest" time="0.002"/>
  <testcase name="Test_Language_Deterministic_Id[2: LanguageTestCase{expectedSeed='Language:sg:SAG', expectedHash=4713118, langCode='sg', countryCode='SAG', country=''}]" classname="com.dotmarketing.business.DeterministicIdentifierAPITest" time="0.001"/>
  <testcase name="Test_Language_Deterministic_Id[3: LanguageTestCase{expectedSeed='Language:en:NZ', expectedHash=5382528, langCode='en', countryCode='NZ', country='New Zealand'}]" classname="com.dotmarketing.business.DeterministicIdentifierAPITest" time="0.001"/>
  <testcase name="Test_Category_None_Persisted_Category_Should_Return_Deterministic_Id" classname="com.dotmarketing.business.DeterministicIdentifierAPITest" time="0.002"/>
  <testcase name="Test_Asset_Generate_Deterministic_Id_Best_Effort[0: TestCase{versionable=my.host1687980883448.com, parent=System Host, expectedName='my.host1687980883448.com', expectedType='Host'}]" classname="com.dotmarketing.business.DeterministicIdentifierAPITest" time="0.007"/>
  <testcase name="Test_Asset_Generate_Deterministic_Id_Best_Effort[1: TestCase{versionable=com.dotmarketing.portlets.contentlet.model.Contentlet@6e359367[map={modDate=2023-06-28 19:34:44.124, fileName=file14008240718955471283.txt, title=file14008240718955471283.txt, inode=f4749b1c-447d-44c7-aad9-6acbb8a325f8, __IS_NEW_CONTENT__=true, disabledWYSIWYG=[], host=eb766bc5-5467-4667-9a60-698d18b0a85c, stInode=33888b6f-7a8e-4069-b1b6-5c1aa9d0a48d, owner=system, identifier=c6bbd0ea-e788-41a4-88c5-f5da34678151, nullProperties=[wfExpireDate, wfPublishDate, wfActionAssign, wfActionId, wfActionComments, filterKey, whereToSend, wfNeverExpire, _path_to_move, timezoneId, iWantTo, wfPublishTime, wfExpireTime], languageId=1, fileAsset=/home/runner/work/core/custom/assets/f/4/f4749b1c-447d-44c7-aad9-6acbb8a325f8/fileAsset/file14008240718955471283.txt, folder=57b652b4-9b7c-4915-9005-c597f6a9c071, __disable_workflow__=true, sortOrder=0, modUser=system},lowIndexPriority=false,variantId=DEFAULT], parent=com.dotmarketing.portlets.folders.model.Folder@bc18be1[identifier=57b652b4-9b7c-4915-9005-c597f6a9c071,name=testName1687980884113,sortOrder=0,showOnMenu=false,hostId=eb766bc5-5467-4667-9a60-698d18b0a85c,type=folder,title=testTitle1687980884113,filesMasks=,defaultFileType=33888b6f-7a8e-4069-b1b6-5c1aa9d0a48d,modDate=2023-06-28 19:34:44.117,owner=&lt;null&gt;,iDate=2023-06-28 19:34:44.117,inode=57b652b4-9b7c-4915-9005-c597f6a9c071,path=/testName1687980884113/], expectedName='file14008240718955471283.txt', expectedType='FileAsset'}]" classname="com.dotmarketing.business.DeterministicIdentifierAPITest" time="0.005"/>
  <testcase name="Test_Asset_Generate_Deterministic_Id_Best_Effort[2: TestCase{versionable=com.dotmarketing.portlets.templates.model.Template@71c95392, parent=my.host1687980883448.com, expectedName='testTitle1687980884256', expectedType='Template'}]" classname="com.dotmarketing.business.DeterministicIdentifierAPITest" time="0.003"/>
  <testcase name="Test_Asset_Generate_Deterministic_Id_Best_Effort[3: TestCase{versionable=com.dotmarketing.portlets.htmlpageasset.model.HTMLPageAsset@1376d006[map={template=393d99b1-a540-4ce5-abc6-3f8d6c31f613, owner=system, identifier=494cc56f-8acd-43ff-9e98-ec4b0f78595c, nullProperties=[wfExpireDate, wfPublishDate, wfActionAssign, wfActionId, wfActionComments, filterKey, whereToSend, wfNeverExpire, _path_to_move, timezoneId, iWantTo, wfPublishTime, wfExpireTime], modDate=2023-06-28 19:34:44.28, cachettl=0, _is_test_mode=true, languageId=1, title=test-page-title-1687980884274, httpsreq=, url=test-page-url-1687980884274, showOnMenu=, inode=7bd51766-316c-4542-b8bf-8aa50b75126d, folder=57b652b4-9b7c-4915-9005-c597f6a9c071, disabledWYSIWYG=[], sortOrder=1, modUser=system, host=eb766bc5-5467-4667-9a60-698d18b0a85c, stInode=c541abb1-69b3-4bc5-8430-5e09e5239cc8, friendlyName=test-page-friendly-name-1687980884274},lowIndexPriority=false,variantId=DEFAULT], parent=com.dotmarketing.portlets.folders.model.Folder@bc18be1[identifier=57b652b4-9b7c-4915-9005-c597f6a9c071,name=testName1687980884113,sortOrder=0,showOnMenu=false,hostId=eb766bc5-5467-4667-9a60-698d18b0a85c,type=folder,title=testTitle1687980884113,filesMasks=,defaultFileType=33888b6f-7a8e-4069-b1b6-5c1aa9d0a48d,modDate=2023-06-28 19:34:44.117,owner=&lt;null&gt;,iDate=2023-06-28 19:34:44.117,inode=57b652b4-9b7c-4915-9005-c597f6a9c071,path=/testName1687980884113/], expectedName='test-page-url-1687980884274', expectedType='htmlpageasset'}]" classname="com.dotmarketing.business.DeterministicIdentifierAPITest" time="0.006"/>
  <testcase name="Test_Asset_Generate_Deterministic_Id_Best_Effort[4: TestCase{versionable=com.dotmarketing.portlets.contentlet.model.Contentlet@608b34d[map={fileAsset2=/home/runner/work/core/custom/assets/b/b/bb8bda75-290a-420d-8e79-338fb1d2c022/fileAsset2/test_binary1687980886081.png, modDate=2023-06-28 19:34:46.088, fileAsset1=/home/runner/work/core/custom/assets/b/b/bb8bda75-290a-420d-8e79-338fb1d2c022/fileAsset1/test_binary1687980886081.jpg, title=blah, inode=bb8bda75-290a-420d-8e79-338fb1d2c022, __IS_NEW_CONTENT__=true, disabledWYSIWYG=[], host=48190c8c-42c4-46af-8d1a-0cd5db894797, stInode=1474c2c5-722f-4c56-aeb8-fceee330d40f, owner=system, identifier=840f1d63-179c-476b-bc1f-1022e5ccf61e, nullProperties=[], languageId=1, image1=fc571e66-b16f-4634-bd5d-acde0c94a06a, folder=SYSTEM_FOLDER, __disable_workflow__=true, sortOrder=0, modUser=system},lowIndexPriority=false,variantId=DEFAULT], parent=demo.dotcms.com, expectedName='test_binary1687980886081.jpg:test_binary1687980886081.png', expectedType='MultipleBinaries1687980884561'}]" classname="com.dotmarketing.business.DeterministicIdentifierAPITest" time="0.006"/>
  <testcase name="Test_Asset_Generate_Deterministic_Id_Best_Effort[5: TestCase{versionable=name756f3fbbeb : keyTag756f3fbbeb, parent=my.host1687980883448.com, expectedName='keyTag756f3fbbeb', expectedType='persona'}]" classname="com.dotmarketing.business.DeterministicIdentifierAPITest" time="0.004"/>
  <testcase name="Test_Similar_Content_Type_Wont_Clash" classname="com.dotmarketing.business.DeterministicIdentifierAPITest" time="0.677"/>
  <testcase name="Test_Generate_Folder_Identifier" classname="com.dotmarketing.business.DeterministicIdentifierAPITest" time="0.592"/>
  <testcase name="Test_Generate_Content_Type_Identifier[0: ContentTypeTestCase{contentType=KeyValueContentType{name=Language Variable, id=f4d7c1b8-2c88-4071-abf1-a5328977b07d, description=Default Content Type for Language Variables, defaultType=false, fixed=true, iDate=Thu Aug 31 16:38:49 UTC 2017, system=true, versionable=true, variable=Languagevariable, modDate=Wed Jun 28 18:17:59 UTC 2023, host=SYSTEM_HOST, siteName=systemHost, icon=language, sortOrder=0, folder=SYSTEM_FOLDER, folderPath=/, markedForDeletion=true, multilingualable=false}, expectedName='Languagevariable', expectedType='KeyValue'}]" classname="com.dotmarketing.business.DeterministicIdentifierAPITest" time="0.005"/>
  <testcase name="Test_Generate_Content_Type_Identifier[1: ContentTypeTestCase{contentType=SimpleContentType{name=testName1687980886580, id=0b088e39-12d9-4234-9cb0-3cf537d79a6e, description=testDescription1687980886580, defaultType=false, fixed=false, iDate=Wed Jun 28 19:34:46 UTC 2023, system=false, versionable=true, multilingualable=false, variable=testVarname1687980886580, owner=system, modDate=Wed Jun 28 19:34:48 UTC 2023, host=48190c8c-42c4-46af-8d1a-0cd5db894797, siteName=demo.dotcms.com, icon=event_note, sortOrder=0, folder=SYSTEM_FOLDER, folderPath=/, requiredFields=[], markedForDeletion=false}, expectedName='testVarname1687980886580', expectedType='CONTENT'}]" classname="com.dotmarketing.business.DeterministicIdentifierAPITest" time="0.006"/>
  <system-out><![CDATA[]]></system-out>
  <system-err><![CDATA[]]></system-err>
</testsuite>
