<?xml version="1.0" encoding="UTF-8"?>
<testsuite name="com.dotcms.content.elasticsearch.business.ESSiteSearchAPITest" tests="3" skipped="0" failures="0" errors="0" timestamp="2023-06-23T17:07:39" hostname="fv-az450-696" time="25.994">
  <properties/>
  <testcase name="testCreateSiteSearchIndexAndMakeItDefault" classname="com.dotcms.content.elasticsearch.business.ESSiteSearchAPITest" time="0.159"/>
  <testcase name="testFullReindexKeepsDefaultSiteSearchIndex" classname="com.dotcms.content.elasticsearch.business.ESSiteSearchAPITest" time="13.27"/>
  <testcase name="testReindexAbortKeepsDefaultSiteSearchIndex" classname="com.dotcms.content.elasticsearch.business.ESSiteSearchAPITest" time="12.565"/>
  <system-out><![CDATA[]]></system-out>
  <system-err><![CDATA[]]></system-err>
</testsuite>
