<?xml version="1.0" encoding="UTF-8"?>
<testsuite name="com.dotmarketing.business.DeterministicIdentifierAPITest" tests="16" skipped="0" failures="0" errors="0" timestamp="2023-07-06T23:44:13" hostname="fv-az791-68" time="1.721">
  <properties/>
  <testcase name="Test_Category_Path_Seed_And_Id" classname="com.dotmarketing.business.DeterministicIdentifierAPITest" time="0.029"/>
  <testcase name="Test_Language_Deterministic_Id[0: LanguageTestCase{expectedSeed='Language:es:US', expectedHash=4913155, langCode='es', countryCode='US', country='United States'}]" classname="com.dotmarketing.business.DeterministicIdentifierAPITest" time="0.001"/>
  <testcase name="Test_Language_Deterministic_Id[1: LanguageTestCase{expectedSeed='Language:ep:', expectedHash=5292269, langCode='ep', countryCode='', country=''}]" classname="com.dotmarketing.business.DeterministicIdentifierAPITest" time="0.001"/>
  <testcase name="Test_Language_Deterministic_Id[2: LanguageTestCase{expectedSeed='Language:sg:SAG', expectedHash=4713118, langCode='sg', countryCode='SAG', country=''}]" classname="com.dotmarketing.business.DeterministicIdentifierAPITest" time="0.001"/>
  <testcase name="Test_Language_Deterministic_Id[3: LanguageTestCase{expectedSeed='Language:en:NZ', expectedHash=5382528, langCode='en', countryCode='NZ', country='New Zealand'}]" classname="com.dotmarketing.business.DeterministicIdentifierAPITest" time="0.001"/>
  <testcase name="Test_Category_None_Persisted_Category_Should_Return_Deterministic_Id" classname="com.dotmarketing.business.DeterministicIdentifierAPITest" time="0.001"/>
  <testcase name="Test_Asset_Generate_Deterministic_Id_Best_Effort[0: TestCase{versionable=my.host1688686651475.com, parent=System Host, expectedName='my.host1688686651475.com', expectedType='Host'}]" classname="com.dotmarketing.business.DeterministicIdentifierAPITest" time="0.004"/>
  <testcase name="Test_Asset_Generate_Deterministic_Id_Best_Effort[1: TestCase{versionable=com.dotmarketing.portlets.contentlet.model.Contentlet@8583b78[map={modDate=2023-07-06 23:37:32.14, fileName=file9607760110010772063.txt, title=file9607760110010772063.txt, inode=e22a6047-50f5-4f97-b78c-894976f09034, __IS_NEW_CONTENT__=true, disabledWYSIWYG=[], host=158b5b51-42dd-49f0-bf62-aaf693f4c928, stInode=33888b6f-7a8e-4069-b1b6-5c1aa9d0a48d, owner=system, identifier=b54bbf31-52e7-4ab9-abb1-0ddbadbd499c, nullProperties=[wfExpireDate, wfPublishDate, wfActionAssign, wfActionId, wfActionComments, filterKey, whereToSend, wfNeverExpire, _path_to_move, timezoneId, iWantTo, wfPublishTime, wfExpireTime], languageId=1, fileAsset=/home/runner/work/core/custom/assets/e/2/e22a6047-50f5-4f97-b78c-894976f09034/fileAsset/file9607760110010772063.txt, folder=4a8880f8-d3ed-459c-8842-255ff5e86f35, __disable_workflow__=true, sortOrder=0, modUser=system},lowIndexPriority=false,variantId=DEFAULT], parent=com.dotmarketing.portlets.folders.model.Folder@511803fb[identifier=4a8880f8-d3ed-459c-8842-255ff5e86f35,name=testName1688686652131,sortOrder=0,showOnMenu=false,hostId=158b5b51-42dd-49f0-bf62-aaf693f4c928,type=folder,title=testTitle1688686652131,filesMasks=,defaultFileType=33888b6f-7a8e-4069-b1b6-5c1aa9d0a48d,modDate=2023-07-06 23:37:32.135,owner=&lt;null&gt;,iDate=2023-07-06 23:37:32.135,inode=4a8880f8-d3ed-459c-8842-255ff5e86f35,path=/testName1688686652131/], expectedName='file9607760110010772063.txt', expectedType='FileAsset'}]" classname="com.dotmarketing.business.DeterministicIdentifierAPITest" time="0.004"/>
  <testcase name="Test_Asset_Generate_Deterministic_Id_Best_Effort[2: TestCase{versionable=com.dotmarketing.portlets.templates.model.Template@d0c4bf13, parent=my.host1688686651475.com, expectedName='testTitle1688686652267', expectedType='Template'}]" classname="com.dotmarketing.business.DeterministicIdentifierAPITest" time="0.002"/>
  <testcase name="Test_Asset_Generate_Deterministic_Id_Best_Effort[3: TestCase{versionable=com.dotmarketing.portlets.htmlpageasset.model.HTMLPageAsset@153d2e61[map={template=d5176778-5b85-455d-a38e-0ba0b299be47, owner=system, identifier=e28e0c4c-1cc4-4b4d-a61c-45776e972e4e, nullProperties=[wfExpireDate, wfPublishDate, wfActionAssign, wfActionId, wfActionComments, filterKey, whereToSend, wfNeverExpire, _path_to_move, timezoneId, iWantTo, wfPublishTime, wfExpireTime], modDate=2023-07-06 23:37:32.296, cachettl=0, _is_test_mode=true, languageId=1, title=test-page-title-1688686652288, httpsreq=, url=test-page-url-1688686652288, showOnMenu=, inode=545858c3-64aa-47d8-810d-65e23051a768, folder=4a8880f8-d3ed-459c-8842-255ff5e86f35, disabledWYSIWYG=[], sortOrder=1, modUser=system, host=158b5b51-42dd-49f0-bf62-aaf693f4c928, stInode=c541abb1-69b3-4bc5-8430-5e09e5239cc8, friendlyName=test-page-friendly-name-1688686652288},lowIndexPriority=false,variantId=DEFAULT], parent=com.dotmarketing.portlets.folders.model.Folder@511803fb[identifier=4a8880f8-d3ed-459c-8842-255ff5e86f35,name=testName1688686652131,sortOrder=0,showOnMenu=false,hostId=158b5b51-42dd-49f0-bf62-aaf693f4c928,type=folder,title=testTitle1688686652131,filesMasks=,defaultFileType=33888b6f-7a8e-4069-b1b6-5c1aa9d0a48d,modDate=2023-07-06 23:37:32.135,owner=&lt;null&gt;,iDate=2023-07-06 23:37:32.135,inode=4a8880f8-d3ed-459c-8842-255ff5e86f35,path=/testName1688686652131/], expectedName='test-page-url-1688686652288', expectedType='htmlpageasset'}]" classname="com.dotmarketing.business.DeterministicIdentifierAPITest" time="0.003"/>
  <testcase name="Test_Asset_Generate_Deterministic_Id_Best_Effort[4: TestCase{versionable=com.dotmarketing.portlets.contentlet.model.Contentlet@26c84c72[map={fileAsset2=/home/runner/work/core/custom/assets/6/7/678eccf2-1927-452c-9cce-f74469e29c00/fileAsset2/test_binary1688686653107.png, modDate=2023-07-06 23:37:33.113, fileAsset1=/home/runner/work/core/custom/assets/6/7/678eccf2-1927-452c-9cce-f74469e29c00/fileAsset1/test_binary1688686653106.jpg, title=blah, inode=678eccf2-1927-452c-9cce-f74469e29c00, __IS_NEW_CONTENT__=true, disabledWYSIWYG=[], host=48190c8c-42c4-46af-8d1a-0cd5db894797, stInode=45b4fe93-ebec-42f3-925d-41d9763e0a7f, owner=system, identifier=0b4d4224-bebe-4be3-84fa-717beae5cf15, nullProperties=[], languageId=1, image1=b7a2722c-225d-4f50-b641-966312183bcd, folder=SYSTEM_FOLDER, __disable_workflow__=true, sortOrder=0, modUser=system},lowIndexPriority=false,variantId=DEFAULT], parent=demo.dotcms.com, expectedName='test_binary1688686653106.jpg:test_binary1688686653107.png', expectedType='MultipleBinaries1688686652504'}]" classname="com.dotmarketing.business.DeterministicIdentifierAPITest" time="0.004"/>
  <testcase name="Test_Asset_Generate_Deterministic_Id_Best_Effort[5: TestCase{versionable=namefafd8dacc0 : keyTagfafd8dacc0, parent=my.host1688686651475.com, expectedName='keyTagfafd8dacc0', expectedType='persona'}]" classname="com.dotmarketing.business.DeterministicIdentifierAPITest" time="0.003"/>
  <testcase name="Test_Similar_Content_Type_Wont_Clash" classname="com.dotmarketing.business.DeterministicIdentifierAPITest" time="0.518"/>
  <testcase name="Test_Generate_Folder_Identifier" classname="com.dotmarketing.business.DeterministicIdentifierAPITest" time="1.132"/>
  <testcase name="Test_Generate_Content_Type_Identifier[0: ContentTypeTestCase{contentType=KeyValueContentType{name=Language Variable, id=f4d7c1b8-2c88-4071-abf1-a5328977b07d, description=Default Content Type for Language Variables, defaultType=false, fixed=true, iDate=Thu Aug 31 16:38:49 UTC 2017, system=true, versionable=true, variable=Languagevariable, modDate=Thu Jul 06 22:28:24 UTC 2023, host=SYSTEM_HOST, siteName=systemHost, icon=language, sortOrder=0, folder=SYSTEM_FOLDER, folderPath=/, markedForDeletion=true, multilingualable=false}, expectedName='Languagevariable', expectedType='KeyValue'}]" classname="com.dotmarketing.business.DeterministicIdentifierAPITest" time="0.009"/>
  <testcase name="Test_Generate_Content_Type_Identifier[1: ContentTypeTestCase{contentType=SimpleContentType{name=testName1688686653544, id=29a5eb30-42d6-4743-a597-5b1e52e99277, description=testDescription1688686653544, defaultType=false, fixed=false, iDate=Thu Jul 06 23:37:33 UTC 2023, system=false, versionable=true, multilingualable=false, variable=testVarname1688686653544, owner=system, modDate=Thu Jul 06 23:37:34 UTC 2023, host=48190c8c-42c4-46af-8d1a-0cd5db894797, siteName=demo.dotcms.com, icon=event_note, sortOrder=0, folder=SYSTEM_FOLDER, folderPath=/, requiredFields=[], markedForDeletion=false}, expectedName='testVarname1688686653544', expectedType='CONTENT'}]" classname="com.dotmarketing.business.DeterministicIdentifierAPITest" time="0.007"/>
  <system-out><![CDATA[]]></system-out>
  <system-err><![CDATA[]]></system-err>
</testsuite>
