<?xml version="1.0" encoding="UTF-8"?>
<testsuite name="com.dotmarketing.startup.StartupTasksExecutorDataTest" tests="2" skipped="0" failures="0" errors="0" timestamp="2023-06-27T18:26:54" hostname="fv-az162-375" time="0.011">
  <properties/>
  <testcase name="testStartupTasksExecutorExecuteDataUpgrades" classname="com.dotmarketing.startup.StartupTasksExecutorDataTest" time="0.007"/>
  <testcase name="testStartupTasksExecutorGetDataVersionTable" classname="com.dotmarketing.startup.StartupTasksExecutorDataTest" time="0.003"/>
  <system-out><![CDATA[]]></system-out>
  <system-err><![CDATA[]]></system-err>
</testsuite>
