<?xml version="1.0" encoding="UTF-8"?>
<testsuite name="com.dotcms.contenttype.test.ContentResourceTest" tests="52" skipped="0" failures="0" errors="0" timestamp="2023-06-28T02:53:23" hostname="fv-az422-786" time="141.444">
  <properties/>
  <testcase name="testGetContentShouldReturnIconDetails" classname="com.dotcms.contenttype.test.ContentResourceTest" time="1.465"/>
  <testcase name="Test_Save_Action_Set_Words_To_Required_NumericField_Issue_15340" classname="com.dotcms.contenttype.test.ContentResourceTest" time="0.799"/>
  <testcase name="test_getContent_includeGrandChildCategory_success" classname="com.dotcms.contenttype.test.ContentResourceTest" time="1.265"/>
  <testcase name="testGetContentWithRelatedParameter[0: com.dotcms.contenttype.test.ContentResourceTest$PullRelatedTestCase@2a4442fe]" classname="com.dotcms.contenttype.test.ContentResourceTest" time="3.779"/>
  <testcase name="testGetContentWithRelatedParameter[1: com.dotcms.contenttype.test.ContentResourceTest$PullRelatedTestCase@5e5ed9c9]" classname="com.dotcms.contenttype.test.ContentResourceTest" time="3.739"/>
  <testcase name="testGetContentWithRelatedParameter[2: com.dotcms.contenttype.test.ContentResourceTest$PullRelatedTestCase@4e28f3be]" classname="com.dotcms.contenttype.test.ContentResourceTest" time="2.661"/>
  <testcase name="testGetContentWithRelatedParameter[3: com.dotcms.contenttype.test.ContentResourceTest$PullRelatedTestCase@11f2b10]" classname="com.dotcms.contenttype.test.ContentResourceTest" time="2.719"/>
  <testcase name="testGetContentWithRelatedParameter[4: com.dotcms.contenttype.test.ContentResourceTest$PullRelatedTestCase@9c4da7f]" classname="com.dotcms.contenttype.test.ContentResourceTest" time="3.743"/>
  <testcase name="test_getContent_SelfRelatedWith3LevelsOfDepth_shouldReturnRelationships" classname="com.dotcms.contenttype.test.ContentResourceTest" time="1.235"/>
  <testcase name="Test_Save_Action_Send_Fields_SubSet_Issue_15340" classname="com.dotcms.contenttype.test.ContentResourceTest" time="2.735"/>
  <testcase name="test_getContent_shouldReturnRelationships[0: com.dotcms.contenttype.test.ContentResourceTest$TestCase@217cda1f]" classname="com.dotcms.contenttype.test.ContentResourceTest" time="2.853"/>
  <testcase name="test_getContent_shouldReturnRelationships[1: com.dotcms.contenttype.test.ContentResourceTest$TestCase@28c0688d]" classname="com.dotcms.contenttype.test.ContentResourceTest" time="2.946"/>
  <testcase name="test_getContent_shouldReturnRelationships[2: com.dotcms.contenttype.test.ContentResourceTest$TestCase@50ff812e]" classname="com.dotcms.contenttype.test.ContentResourceTest" time="1.917"/>
  <testcase name="test_getContent_shouldReturnRelationships[3: com.dotcms.contenttype.test.ContentResourceTest$TestCase@7fc7be6c]" classname="com.dotcms.contenttype.test.ContentResourceTest" time="2.095"/>
  <testcase name="test_getContent_shouldReturnRelationships[4: com.dotcms.contenttype.test.ContentResourceTest$TestCase@38ac3fa9]" classname="com.dotcms.contenttype.test.ContentResourceTest" time="3.274"/>
  <testcase name="test_getContent_shouldReturnRelationships[5: com.dotcms.contenttype.test.ContentResourceTest$TestCase@1303ac31]" classname="com.dotcms.contenttype.test.ContentResourceTest" time="3.229"/>
  <testcase name="test_getContent_shouldReturnRelationships[6: com.dotcms.contenttype.test.ContentResourceTest$TestCase@3f59b98e]" classname="com.dotcms.contenttype.test.ContentResourceTest" time="2.94"/>
  <testcase name="test_getContent_shouldReturnRelationships[7: com.dotcms.contenttype.test.ContentResourceTest$TestCase@7d2f54d7]" classname="com.dotcms.contenttype.test.ContentResourceTest" time="3.117"/>
  <testcase name="test_getContent_shouldReturnRelationships[8: com.dotcms.contenttype.test.ContentResourceTest$TestCase@24a77dac]" classname="com.dotcms.contenttype.test.ContentResourceTest" time="3.069"/>
  <testcase name="test_getContent_shouldReturnRelationships[9: com.dotcms.contenttype.test.ContentResourceTest$TestCase@2a4b2f2d]" classname="com.dotcms.contenttype.test.ContentResourceTest" time="3.015"/>
  <testcase name="test_getContent_shouldReturnRelationships[10: com.dotcms.contenttype.test.ContentResourceTest$TestCase@582c7623]" classname="com.dotcms.contenttype.test.ContentResourceTest" time="2.979"/>
  <testcase name="test_getContent_shouldReturnRelationships[11: com.dotcms.contenttype.test.ContentResourceTest$TestCase@5fa2081d]" classname="com.dotcms.contenttype.test.ContentResourceTest" time="2.838"/>
  <testcase name="test_getContent_shouldReturnRelationships[12: com.dotcms.contenttype.test.ContentResourceTest$TestCase@40774458]" classname="com.dotcms.contenttype.test.ContentResourceTest" time="3.025"/>
  <testcase name="test_getContent_shouldReturnRelationships[13: com.dotcms.contenttype.test.ContentResourceTest$TestCase@3336393c]" classname="com.dotcms.contenttype.test.ContentResourceTest" time="2.867"/>
  <testcase name="test_getContent_shouldReturnRelationships[14: com.dotcms.contenttype.test.ContentResourceTest$TestCase@810cc17]" classname="com.dotcms.contenttype.test.ContentResourceTest" time="3.038"/>
  <testcase name="test_getContent_shouldReturnRelationships[15: com.dotcms.contenttype.test.ContentResourceTest$TestCase@473ddfe8]" classname="com.dotcms.contenttype.test.ContentResourceTest" time="3.852"/>
  <testcase name="test_getContent_shouldReturnRelationships[16: com.dotcms.contenttype.test.ContentResourceTest$TestCase@3d9206d3]" classname="com.dotcms.contenttype.test.ContentResourceTest" time="3.672"/>
  <testcase name="test_getContent_shouldReturnRelationships[17: com.dotcms.contenttype.test.ContentResourceTest$TestCase@3fef3784]" classname="com.dotcms.contenttype.test.ContentResourceTest" time="3.016"/>
  <testcase name="test_getContent_shouldReturnRelationships[18: com.dotcms.contenttype.test.ContentResourceTest$TestCase@3191341a]" classname="com.dotcms.contenttype.test.ContentResourceTest" time="2.134"/>
  <testcase name="test_getContent_shouldReturnRelationships[19: com.dotcms.contenttype.test.ContentResourceTest$TestCase@18fa6f5f]" classname="com.dotcms.contenttype.test.ContentResourceTest" time="3.227"/>
  <testcase name="test_getContent_shouldReturnRelationships[20: com.dotcms.contenttype.test.ContentResourceTest$TestCase@3573460d]" classname="com.dotcms.contenttype.test.ContentResourceTest" time="3.229"/>
  <testcase name="test_getContent_shouldReturnRelationships[21: com.dotcms.contenttype.test.ContentResourceTest$TestCase@73661430]" classname="com.dotcms.contenttype.test.ContentResourceTest" time="3.199"/>
  <testcase name="test_getContent_shouldReturnRelationships[22: com.dotcms.contenttype.test.ContentResourceTest$TestCase@4befdfa2]" classname="com.dotcms.contenttype.test.ContentResourceTest" time="2.952"/>
  <testcase name="test_getContent_shouldReturnRelationships[23: com.dotcms.contenttype.test.ContentResourceTest$TestCase@24c117]" classname="com.dotcms.contenttype.test.ContentResourceTest" time="3.051"/>
  <testcase name="test_getContent_shouldReturnRelationships[24: com.dotcms.contenttype.test.ContentResourceTest$TestCase@2f48ac30]" classname="com.dotcms.contenttype.test.ContentResourceTest" time="3.085"/>
  <testcase name="test_getContent_shouldReturnRelationships[25: com.dotcms.contenttype.test.ContentResourceTest$TestCase@6c4cfa7d]" classname="com.dotcms.contenttype.test.ContentResourceTest" time="3.207"/>
  <testcase name="test_getContent_shouldReturnRelationships[26: com.dotcms.contenttype.test.ContentResourceTest$TestCase@596b3a99]" classname="com.dotcms.contenttype.test.ContentResourceTest" time="3.207"/>
  <testcase name="test_getContent_shouldReturnRelationships[27: com.dotcms.contenttype.test.ContentResourceTest$TestCase@7f6174da]" classname="com.dotcms.contenttype.test.ContentResourceTest" time="3.157"/>
  <testcase name="test_getContent_shouldReturnRelationships[28: com.dotcms.contenttype.test.ContentResourceTest$TestCase@15226e2a]" classname="com.dotcms.contenttype.test.ContentResourceTest" time="2.936"/>
  <testcase name="test_getContent_shouldReturnRelationships[29: com.dotcms.contenttype.test.ContentResourceTest$TestCase@1e36f1e1]" classname="com.dotcms.contenttype.test.ContentResourceTest" time="3.235"/>
  <testcase name="test_getContent_shouldReturnRelationships[30: com.dotcms.contenttype.test.ContentResourceTest$TestCase@1e09bf4c]" classname="com.dotcms.contenttype.test.ContentResourceTest" time="2.961"/>
  <testcase name="test_getContent_shouldReturnRelationships[31: com.dotcms.contenttype.test.ContentResourceTest$TestCase@6a3acff3]" classname="com.dotcms.contenttype.test.ContentResourceTest" time="3.059"/>
  <testcase name="test_getContent_shouldReturnRelationships[32: com.dotcms.contenttype.test.ContentResourceTest$TestCase@6cefafa0]" classname="com.dotcms.contenttype.test.ContentResourceTest" time="2.826"/>
  <testcase name="test_getContent_shouldReturnRelationships[33: com.dotcms.contenttype.test.ContentResourceTest$TestCase@45fff225]" classname="com.dotcms.contenttype.test.ContentResourceTest" time="3.907"/>
  <testcase name="testSinglePOST_InvalidParamsShouldReturn400[0: ({\n    &quot;stInode&quot; : &quot;InvalidValue&quot;,\n    &quot;numeric&quot; : &quot;0&quot;,\n    &quot;image&quot; : &quot;whatever&quot;\n}, Bad Request)]" classname="com.dotcms.contenttype.test.ContentResourceTest" time="0.804"/>
  <testcase name="testSinglePOST_InvalidParamsShouldReturn400[1: ({\n    &quot;numeric&quot; : &quot;0&quot;,\n    &quot;image&quot; : &quot;whatever&quot;\n}, Bad Request)]" classname="com.dotcms.contenttype.test.ContentResourceTest" time="0.782"/>
  <testcase name="Test_Save_Action_Set_Null_To_Required_NumericField_Issue_15340" classname="com.dotcms.contenttype.test.ContentResourceTest" time="0.822"/>
  <testcase name="Test_Save_Action_Remove_Image_Then_Verify_Fields_Were_Cleared_Issue_15340" classname="com.dotcms.contenttype.test.ContentResourceTest" time="3.636"/>
  <testcase name="test_getContentWithMultipleSelfRelated_shouldReturnRelationships[0: com.dotcms.contenttype.test.ContentResourceTest$PullSelfRelatedTestCase@2a26d676]" classname="com.dotcms.contenttype.test.ContentResourceTest" time="1.576"/>
  <testcase name="test_getContentWithMultipleSelfRelated_shouldReturnRelationships[1: com.dotcms.contenttype.test.ContentResourceTest$PullSelfRelatedTestCase@3b25ee3d]" classname="com.dotcms.contenttype.test.ContentResourceTest" time="1.724"/>
  <testcase name="testGetContentWithAllCategoriesInfo[0: json]" classname="com.dotcms.contenttype.test.ContentResourceTest" time="2.444"/>
  <testcase name="testGetContentWithAllCategoriesInfo[1: xml]" classname="com.dotcms.contenttype.test.ContentResourceTest" time="2.393"/>
  <system-out><![CDATA[











]]></system-out>
  <system-err><![CDATA[]]></system-err>
</testsuite>
