<?xml version="1.0" encoding="UTF-8"?>
<testsuite name="com.dotmarketing.business.DeterministicIdentifierAPITest" tests="16" skipped="0" failures="0" errors="0" timestamp="2023-06-30T00:46:43" hostname="fv-az442-763" time="0.714">
  <properties/>
  <testcase name="Test_Category_Path_Seed_And_Id" classname="com.dotmarketing.business.DeterministicIdentifierAPITest" time="0.022"/>
  <testcase name="Test_Language_Deterministic_Id[0: LanguageTestCase{expectedSeed='Language:es:US', expectedHash=4913155, langCode='es', countryCode='US', country='United States'}]" classname="com.dotmarketing.business.DeterministicIdentifierAPITest" time="0.001"/>
  <testcase name="Test_Language_Deterministic_Id[1: LanguageTestCase{expectedSeed='Language:ep:', expectedHash=5292269, langCode='ep', countryCode='', country=''}]" classname="com.dotmarketing.business.DeterministicIdentifierAPITest" time="0.001"/>
  <testcase name="Test_Language_Deterministic_Id[2: LanguageTestCase{expectedSeed='Language:sg:SAG', expectedHash=4713118, langCode='sg', countryCode='SAG', country=''}]" classname="com.dotmarketing.business.DeterministicIdentifierAPITest" time="0.001"/>
  <testcase name="Test_Language_Deterministic_Id[3: LanguageTestCase{expectedSeed='Language:en:NZ', expectedHash=5382528, langCode='en', countryCode='NZ', country='New Zealand'}]" classname="com.dotmarketing.business.DeterministicIdentifierAPITest" time="0.001"/>
  <testcase name="Test_Category_None_Persisted_Category_Should_Return_Deterministic_Id" classname="com.dotmarketing.business.DeterministicIdentifierAPITest" time="0.001"/>
  <testcase name="Test_Asset_Generate_Deterministic_Id_Best_Effort[0: TestCase{versionable=my.host1688085625495.com, parent=System Host, expectedName='my.host1688085625495.com', expectedType='Host'}]" classname="com.dotmarketing.business.DeterministicIdentifierAPITest" time="0.004"/>
  <testcase name="Test_Asset_Generate_Deterministic_Id_Best_Effort[1: TestCase{versionable=com.dotmarketing.portlets.contentlet.model.Contentlet@3a9b004a[map={modDate=2023-06-30 00:40:26.344, fileName=file7967269296705736400.txt, title=file7967269296705736400.txt, inode=aef0463a-d7f3-4ced-b4e6-23cf7aafa31b, __IS_NEW_CONTENT__=true, disabledWYSIWYG=[], host=4a34162c-416b-454a-a94d-335cbb23dc07, stInode=33888b6f-7a8e-4069-b1b6-5c1aa9d0a48d, owner=system, identifier=6da98fed-8bba-45eb-ae31-179d1ed91925, nullProperties=[wfExpireDate, wfPublishDate, wfActionAssign, wfActionId, wfActionComments, filterKey, whereToSend, wfNeverExpire, _path_to_move, timezoneId, iWantTo, wfPublishTime, wfExpireTime], languageId=1, fileAsset=/home/runner/work/core/custom/assets/a/e/aef0463a-d7f3-4ced-b4e6-23cf7aafa31b/fileAsset/file7967269296705736400.txt, folder=30f15fe3-a2a4-43bc-9f71-f035c4db3237, __disable_workflow__=true, sortOrder=0, modUser=system},lowIndexPriority=false,variantId=DEFAULT], parent=com.dotmarketing.portlets.folders.model.Folder@4ab837a0[identifier=30f15fe3-a2a4-43bc-9f71-f035c4db3237,name=testName1688085626337,sortOrder=0,showOnMenu=false,hostId=4a34162c-416b-454a-a94d-335cbb23dc07,type=folder,title=testTitle1688085626337,filesMasks=,defaultFileType=33888b6f-7a8e-4069-b1b6-5c1aa9d0a48d,modDate=2023-06-30 00:40:26.34,owner=&lt;null&gt;,iDate=2023-06-30 00:40:26.34,inode=30f15fe3-a2a4-43bc-9f71-f035c4db3237,path=/testName1688085626337/], expectedName='file7967269296705736400.txt', expectedType='FileAsset'}]" classname="com.dotmarketing.business.DeterministicIdentifierAPITest" time="0.003"/>
  <testcase name="Test_Asset_Generate_Deterministic_Id_Best_Effort[2: TestCase{versionable=com.dotmarketing.portlets.templates.model.Template@bf0f36a2, parent=my.host1688085625495.com, expectedName='testTitle1688085626458', expectedType='Template'}]" classname="com.dotmarketing.business.DeterministicIdentifierAPITest" time="0.002"/>
  <testcase name="Test_Asset_Generate_Deterministic_Id_Best_Effort[3: TestCase{versionable=com.dotmarketing.portlets.htmlpageasset.model.HTMLPageAsset@429fbf8c[map={template=f1d33220-f43c-46be-8f8f-4c7db73b3a30, owner=system, identifier=c0063259-b42e-48bc-8bd2-b939b0084bde, nullProperties=[wfExpireDate, wfPublishDate, wfActionAssign, wfActionId, wfActionComments, filterKey, whereToSend, wfNeverExpire, _path_to_move, timezoneId, iWantTo, wfPublishTime, wfExpireTime], modDate=2023-06-30 00:40:26.476, cachettl=0, _is_test_mode=true, languageId=1, title=test-page-title-1688085626472, httpsreq=, url=test-page-url-1688085626472, showOnMenu=, inode=295fa262-d922-4d4c-bfd0-5c787b257983, folder=30f15fe3-a2a4-43bc-9f71-f035c4db3237, disabledWYSIWYG=[], sortOrder=1, modUser=system, host=4a34162c-416b-454a-a94d-335cbb23dc07, stInode=c541abb1-69b3-4bc5-8430-5e09e5239cc8, friendlyName=test-page-friendly-name-1688085626472},lowIndexPriority=false,variantId=DEFAULT], parent=com.dotmarketing.portlets.folders.model.Folder@4ab837a0[identifier=30f15fe3-a2a4-43bc-9f71-f035c4db3237,name=testName1688085626337,sortOrder=0,showOnMenu=false,hostId=4a34162c-416b-454a-a94d-335cbb23dc07,type=folder,title=testTitle1688085626337,filesMasks=,defaultFileType=33888b6f-7a8e-4069-b1b6-5c1aa9d0a48d,modDate=2023-06-30 00:40:26.34,owner=&lt;null&gt;,iDate=2023-06-30 00:40:26.34,inode=30f15fe3-a2a4-43bc-9f71-f035c4db3237,path=/testName1688085626337/], expectedName='test-page-url-1688085626472', expectedType='htmlpageasset'}]" classname="com.dotmarketing.business.DeterministicIdentifierAPITest" time="0.002"/>
  <testcase name="Test_Asset_Generate_Deterministic_Id_Best_Effort[4: TestCase{versionable=com.dotmarketing.portlets.contentlet.model.Contentlet@63419b13[map={fileAsset2=/home/runner/work/core/custom/assets/9/8/98a91fa2-52a4-4e0c-8fad-6882b7fdc0e9/fileAsset2/test_binary1688085627358.png, modDate=2023-06-30 00:40:27.363, fileAsset1=/home/runner/work/core/custom/assets/9/8/98a91fa2-52a4-4e0c-8fad-6882b7fdc0e9/fileAsset1/test_binary1688085627358.jpg, title=blah, inode=98a91fa2-52a4-4e0c-8fad-6882b7fdc0e9, __IS_NEW_CONTENT__=true, disabledWYSIWYG=[], host=48190c8c-42c4-46af-8d1a-0cd5db894797, stInode=5df8fb8c-3470-4aeb-8be4-fcfa42b4c054, owner=system, identifier=2d6625cc-4e8f-42a0-9717-08c38fc7f6f2, nullProperties=[], languageId=1, image1=a6dc63cd-563a-4ac5-9cc5-838582298a9b, folder=SYSTEM_FOLDER, __disable_workflow__=true, sortOrder=0, modUser=system},lowIndexPriority=false,variantId=DEFAULT], parent=demo.dotcms.com, expectedName='test_binary1688085627358.jpg:test_binary1688085627358.png', expectedType='MultipleBinaries1688085626611'}]" classname="com.dotmarketing.business.DeterministicIdentifierAPITest" time="0.003"/>
  <testcase name="Test_Asset_Generate_Deterministic_Id_Best_Effort[5: TestCase{versionable=name7d1b57ec62 : keyTag7d1b57ec62, parent=my.host1688085625495.com, expectedName='keyTag7d1b57ec62', expectedType='persona'}]" classname="com.dotmarketing.business.DeterministicIdentifierAPITest" time="0.002"/>
  <testcase name="Test_Similar_Content_Type_Wont_Clash" classname="com.dotmarketing.business.DeterministicIdentifierAPITest" time="0.415"/>
  <testcase name="Test_Generate_Folder_Identifier" classname="com.dotmarketing.business.DeterministicIdentifierAPITest" time="0.236"/>
  <testcase name="Test_Generate_Content_Type_Identifier[0: ContentTypeTestCase{contentType=KeyValueContentType{name=Language Variable, id=f4d7c1b8-2c88-4071-abf1-a5328977b07d, description=Default Content Type for Language Variables, defaultType=false, fixed=true, iDate=Thu Aug 31 16:38:49 UTC 2017, system=true, versionable=true, variable=Languagevariable, modDate=Thu Jun 29 23:33:26 UTC 2023, host=SYSTEM_HOST, siteName=systemHost, icon=language, sortOrder=0, folder=SYSTEM_FOLDER, folderPath=/, markedForDeletion=true, multilingualable=false}, expectedName='Languagevariable', expectedType='KeyValue'}]" classname="com.dotmarketing.business.DeterministicIdentifierAPITest" time="0.009"/>
  <testcase name="Test_Generate_Content_Type_Identifier[1: ContentTypeTestCase{contentType=SimpleContentType{name=testName1688085627695, id=4c4e2ac6-c5c7-4cd8-83da-2f57f6404181, description=testDescription1688085627695, defaultType=false, fixed=false, iDate=Fri Jun 30 00:40:27 UTC 2023, system=false, versionable=true, multilingualable=false, variable=testVarname1688085627695, owner=system, modDate=Fri Jun 30 00:40:28 UTC 2023, host=48190c8c-42c4-46af-8d1a-0cd5db894797, siteName=demo.dotcms.com, icon=event_note, sortOrder=0, folder=SYSTEM_FOLDER, folderPath=/, requiredFields=[], markedForDeletion=false}, expectedName='testVarname1688085627695', expectedType='CONTENT'}]" classname="com.dotmarketing.business.DeterministicIdentifierAPITest" time="0.005"/>
  <system-out><![CDATA[]]></system-out>
  <system-err><![CDATA[]]></system-err>
</testsuite>
