<?xml version="1.0" encoding="UTF-8"?>
<testsuite name="com.dotmarketing.common.reindex.ReindexAPITest" tests="5" skipped="0" failures="0" errors="0" timestamp="2023-06-29T18:10:37" hostname="fv-az571-416" time="68.994">
  <properties/>
  <testcase name="test_content_type_reindex" classname="com.dotmarketing.common.reindex.ReindexAPITest" time="0.949"/>
  <testcase name="test_failed_records" classname="com.dotmarketing.common.reindex.ReindexAPITest" time="1.538"/>
  <testcase name="test_deleted_records" classname="com.dotmarketing.common.reindex.ReindexAPITest" time="62.532"/>
  <testcase name="test_adding_content_adds_to_queue_after_transaction_commit" classname="com.dotmarketing.common.reindex.ReindexAPITest" time="1.607"/>
  <testcase name="test_highestpriority_reindex_vs_normal_reindex" classname="com.dotmarketing.common.reindex.ReindexAPITest" time="2.366"/>
  <system-out><![CDATA[]]></system-out>
  <system-err><![CDATA[]]></system-err>
</testsuite>
