<?xml version="1.0" encoding="UTF-8"?>
<testsuite name="com.dotmarketing.portlets.structure.model.ContentletRelationshipsTest" tests="7" skipped="0" failures="0" errors="0" timestamp="2023-07-03T17:42:02" hostname="fv-az218-411" time="8.299">
  <properties/>
  <testcase name="testDoesAllowOnlyOne[0: com.dotmarketing.portlets.structure.model.ContentletRelationshipsTest$CardinalityTestCase@46f4f7a5]" classname="com.dotmarketing.portlets.structure.model.ContentletRelationshipsTest" time="0.464"/>
  <testcase name="testDoesAllowOnlyOne[1: com.dotmarketing.portlets.structure.model.ContentletRelationshipsTest$CardinalityTestCase@51682695]" classname="com.dotmarketing.portlets.structure.model.ContentletRelationshipsTest" time="0.535"/>
  <testcase name="testDoesAllowOnlyOne[2: com.dotmarketing.portlets.structure.model.ContentletRelationshipsTest$CardinalityTestCase@5b1035df]" classname="com.dotmarketing.portlets.structure.model.ContentletRelationshipsTest" time="0.465"/>
  <testcase name="testGetRelationshipRecords[0: com.dotmarketing.portlets.structure.model.ContentletRelationshipsTest$TestCase@6707906a]" classname="com.dotmarketing.portlets.structure.model.ContentletRelationshipsTest" time="2.015"/>
  <testcase name="testGetRelationshipRecords[1: com.dotmarketing.portlets.structure.model.ContentletRelationshipsTest$TestCase@62f1af0]" classname="com.dotmarketing.portlets.structure.model.ContentletRelationshipsTest" time="2.111"/>
  <testcase name="testGetRelationshipRecords[2: com.dotmarketing.portlets.structure.model.ContentletRelationshipsTest$TestCase@1663d82e]" classname="com.dotmarketing.portlets.structure.model.ContentletRelationshipsTest" time="0.906"/>
  <testcase name="testGetRelationshipRecords[3: com.dotmarketing.portlets.structure.model.ContentletRelationshipsTest$TestCase@4c07b9f0]" classname="com.dotmarketing.portlets.structure.model.ContentletRelationshipsTest" time="1.802"/>
  <system-out><![CDATA[]]></system-out>
  <system-err><![CDATA[]]></system-err>
</testsuite>
