<?xml version="1.0" encoding="UTF-8"?>
<testsuite name="com.dotmarketing.portlets.structure.model.ContentletRelationshipsTest" tests="7" skipped="0" failures="0" errors="0" timestamp="2023-06-26T19:16:11" hostname="fv-az934-274" time="8.667">
  <properties/>
  <testcase name="testDoesAllowOnlyOne[0: com.dotmarketing.portlets.structure.model.ContentletRelationshipsTest$CardinalityTestCase@ceba1fa]" classname="com.dotmarketing.portlets.structure.model.ContentletRelationshipsTest" time="0.527"/>
  <testcase name="testDoesAllowOnlyOne[1: com.dotmarketing.portlets.structure.model.ContentletRelationshipsTest$CardinalityTestCase@6c642dc1]" classname="com.dotmarketing.portlets.structure.model.ContentletRelationshipsTest" time="0.542"/>
  <testcase name="testDoesAllowOnlyOne[2: com.dotmarketing.portlets.structure.model.ContentletRelationshipsTest$CardinalityTestCase@5e68c1d1]" classname="com.dotmarketing.portlets.structure.model.ContentletRelationshipsTest" time="0.545"/>
  <testcase name="testGetRelationshipRecords[0: com.dotmarketing.portlets.structure.model.ContentletRelationshipsTest$TestCase@77fbb7a]" classname="com.dotmarketing.portlets.structure.model.ContentletRelationshipsTest" time="2.072"/>
  <testcase name="testGetRelationshipRecords[1: com.dotmarketing.portlets.structure.model.ContentletRelationshipsTest$TestCase@564a2e1e]" classname="com.dotmarketing.portlets.structure.model.ContentletRelationshipsTest" time="2.08"/>
  <testcase name="testGetRelationshipRecords[2: com.dotmarketing.portlets.structure.model.ContentletRelationshipsTest$TestCase@1b8d1b33]" classname="com.dotmarketing.portlets.structure.model.ContentletRelationshipsTest" time="0.977"/>
  <testcase name="testGetRelationshipRecords[3: com.dotmarketing.portlets.structure.model.ContentletRelationshipsTest$TestCase@3f337da]" classname="com.dotmarketing.portlets.structure.model.ContentletRelationshipsTest" time="1.924"/>
  <system-out><![CDATA[]]></system-out>
  <system-err><![CDATA[]]></system-err>
</testsuite>
