<?xml version="1.0" encoding="UTF-8"?>
<testsuite name="com.dotcms.publishing.PublisherAPIImplTest" tests="24" skipped="0" failures="0" errors="0" timestamp="2023-07-13T22:32:56" hostname="fv-az298-223" time="4.637">
  <properties/>
  <testcase name="AddAllCategoryIntoBundle" classname="com.dotcms.publishing.PublisherAPIImplTest" time="0.18"/>
  <testcase name="testFilterDescriptors" classname="com.dotcms.publishing.PublisherAPIImplTest" time="0.119"/>
  <testcase name="sendPushPublishBundle[0: com.dotcms.publishing.PublisherAPIImplTest$TestAsset@4f048181]" classname="com.dotcms.publishing.PublisherAPIImplTest" time="1.448"/>
  <testcase name="sendPushPublishBundle[1: com.dotcms.publishing.PublisherAPIImplTest$TestAsset@5c9a9df2]" classname="com.dotcms.publishing.PublisherAPIImplTest" time="0.212"/>
  <testcase name="sendPushPublishBundle[2: com.dotcms.publishing.PublisherAPIImplTest$TestAsset@41c578a8]" classname="com.dotcms.publishing.PublisherAPIImplTest" time="0.158"/>
  <testcase name="sendPushPublishBundle[3: com.dotcms.publishing.PublisherAPIImplTest$TestAsset@36bce01]" classname="com.dotcms.publishing.PublisherAPIImplTest" time="0.341"/>
  <testcase name="sendPushPublishBundle[4: com.dotcms.publishing.PublisherAPIImplTest$TestAsset@68084f64]" classname="com.dotcms.publishing.PublisherAPIImplTest" time="0.238"/>
  <testcase name="sendPushPublishBundle[5: com.dotcms.publishing.PublisherAPIImplTest$TestAsset@60753a9a]" classname="com.dotcms.publishing.PublisherAPIImplTest" time="0.15"/>
  <testcase name="sendPushPublishBundle[6: com.dotcms.publishing.PublisherAPIImplTest$TestAsset@a9f0e04]" classname="com.dotcms.publishing.PublisherAPIImplTest" time="0.129"/>
  <testcase name="sendPushPublishBundle[7: com.dotcms.publishing.PublisherAPIImplTest$TestAsset@57d9c290]" classname="com.dotcms.publishing.PublisherAPIImplTest" time="0.131"/>
  <testcase name="sendPushPublishBundle[8: com.dotcms.publishing.PublisherAPIImplTest$TestAsset@7d80c460]" classname="com.dotcms.publishing.PublisherAPIImplTest" time="0.099"/>
  <testcase name="sendPushPublishBundle[9: com.dotcms.publishing.PublisherAPIImplTest$TestAsset@34e890a0]" classname="com.dotcms.publishing.PublisherAPIImplTest" time="0.192"/>
  <testcase name="sendPushPublishBundle[10: com.dotcms.publishing.PublisherAPIImplTest$TestAsset@46755717]" classname="com.dotcms.publishing.PublisherAPIImplTest" time="0.096"/>
  <testcase name="generateBundle[0: com.dotcms.publishing.PublisherAPIImplTest$TestAsset@4f048181]" classname="com.dotcms.publishing.PublisherAPIImplTest" time="0.112"/>
  <testcase name="generateBundle[1: com.dotcms.publishing.PublisherAPIImplTest$TestAsset@5c9a9df2]" classname="com.dotcms.publishing.PublisherAPIImplTest" time="0.104"/>
  <testcase name="generateBundle[2: com.dotcms.publishing.PublisherAPIImplTest$TestAsset@41c578a8]" classname="com.dotcms.publishing.PublisherAPIImplTest" time="0.105"/>
  <testcase name="generateBundle[3: com.dotcms.publishing.PublisherAPIImplTest$TestAsset@36bce01]" classname="com.dotcms.publishing.PublisherAPIImplTest" time="0.179"/>
  <testcase name="generateBundle[4: com.dotcms.publishing.PublisherAPIImplTest$TestAsset@68084f64]" classname="com.dotcms.publishing.PublisherAPIImplTest" time="0.174"/>
  <testcase name="generateBundle[5: com.dotcms.publishing.PublisherAPIImplTest$TestAsset@60753a9a]" classname="com.dotcms.publishing.PublisherAPIImplTest" time="0.092"/>
  <testcase name="generateBundle[6: com.dotcms.publishing.PublisherAPIImplTest$TestAsset@a9f0e04]" classname="com.dotcms.publishing.PublisherAPIImplTest" time="0.102"/>
  <testcase name="generateBundle[7: com.dotcms.publishing.PublisherAPIImplTest$TestAsset@57d9c290]" classname="com.dotcms.publishing.PublisherAPIImplTest" time="0.097"/>
  <testcase name="generateBundle[8: com.dotcms.publishing.PublisherAPIImplTest$TestAsset@7d80c460]" classname="com.dotcms.publishing.PublisherAPIImplTest" time="0.044"/>
  <testcase name="generateBundle[9: com.dotcms.publishing.PublisherAPIImplTest$TestAsset@34e890a0]" classname="com.dotcms.publishing.PublisherAPIImplTest" time="0.106"/>
  <testcase name="generateBundle[10: com.dotcms.publishing.PublisherAPIImplTest$TestAsset@46755717]" classname="com.dotcms.publishing.PublisherAPIImplTest" time="0.015"/>
  <system-out><![CDATA[









































































































































































]]></system-out>
  <system-err><![CDATA[]]></system-err>
</testsuite>
