<?xml version="1.0" encoding="UTF-8"?>
<testsuite name="com.dotcms.enterprise.rules.RulesAPIImplIntegrationTest" tests="28" skipped="0" failures="0" errors="0" timestamp="2023-06-30T18:49:03" hostname="fv-az470-104" time="107.31">
  <properties/>
  <testcase name="shouldThrowDotSecurityException" classname="com.dotcms.enterprise.rules.RulesAPIImplIntegrationTest" time="1.625"/>
  <testcase name="shouldGetRulesFromPageId" classname="com.dotcms.enterprise.rules.RulesAPIImplIntegrationTest" time="6.141"/>
  <testcase name="shouldDeleteRulesInPage" classname="com.dotcms.enterprise.rules.RulesAPIImplIntegrationTest" time="6.945"/>
  <testcase name="shouldSaveNewRuleInPageShouldNotWork" classname="com.dotcms.enterprise.rules.RulesAPIImplIntegrationTest" time="5.167"/>
  <testcase name="shouldNotSaveNewRule" classname="com.dotcms.enterprise.rules.RulesAPIImplIntegrationTest" time="3.045"/>
  <testcase name="shouldSaveNewRule" classname="com.dotcms.enterprise.rules.RulesAPIImplIntegrationTest" time="5.108"/>
  <testcase name="shouldSaveConditionInRulesPage" classname="com.dotcms.enterprise.rules.RulesAPIImplIntegrationTest" time="7.194"/>
  <testcase name="shouldGetRulesWithAnonymous" classname="com.dotcms.enterprise.rules.RulesAPIImplIntegrationTest" time="4.973"/>
  <testcase name="shouldNotSaveRuleActionInRuleOnPage" classname="com.dotcms.enterprise.rules.RulesAPIImplIntegrationTest" time="5.087"/>
  <testcase name="shouldReturnEmptyList" classname="com.dotcms.enterprise.rules.RulesAPIImplIntegrationTest" time="3.063"/>
  <testcase name="shouldNotDeleteRules" classname="com.dotcms.enterprise.rules.RulesAPIImplIntegrationTest" time="1.084"/>
  <testcase name="shouldDeleteRules" classname="com.dotcms.enterprise.rules.RulesAPIImplIntegrationTest" time="5.062"/>
  <testcase name="shouldSaveRuleActionInPage" classname="com.dotcms.enterprise.rules.RulesAPIImplIntegrationTest" time="6.028"/>
  <testcase name="shouldNotDeleteRuleOnPage" classname="com.dotcms.enterprise.rules.RulesAPIImplIntegrationTest" time="5.157"/>
  <testcase name="shouldThrowDotSecurityExceptionFromHostid" classname="com.dotcms.enterprise.rules.RulesAPIImplIntegrationTest" time="1.086"/>
  <testcase name="shouldNotSaveCondition" classname="com.dotcms.enterprise.rules.RulesAPIImplIntegrationTest" time="1.902"/>
  <testcase name="shouldSaveCondition" classname="com.dotcms.enterprise.rules.RulesAPIImplIntegrationTest" time="5.175"/>
  <testcase name="shouldNotSaveRuleAction" classname="com.dotcms.enterprise.rules.RulesAPIImplIntegrationTest" time="1.948"/>
  <testcase name="shouldThrowDotSecurityExceptionFromPageid" classname="com.dotcms.enterprise.rules.RulesAPIImplIntegrationTest" time="2.308"/>
  <testcase name="shouldSaveRuleAction" classname="com.dotcms.enterprise.rules.RulesAPIImplIntegrationTest" time="5.84"/>
  <testcase name="shouldGetRulesInRootFolder" classname="com.dotcms.enterprise.rules.RulesAPIImplIntegrationTest" time="3.031"/>
  <testcase name="shouldSaveNewRuleInPage" classname="com.dotcms.enterprise.rules.RulesAPIImplIntegrationTest" time="6.024"/>
  <testcase name="shouldNotSaveConditionInRuleOnPage" classname="com.dotcms.enterprise.rules.RulesAPIImplIntegrationTest" time="5.172"/>
  <testcase name="testDeleteRuleShouldNotFailWhenCacheIsDirty" classname="com.dotcms.enterprise.rules.RulesAPIImplIntegrationTest" time="0.057"/>
  <testcase name="shouldGetRules" classname="com.dotcms.enterprise.rules.RulesAPIImplIntegrationTest" time="4.004"/>
  <testcase name="not_site_not_page_shouldReturnEmptyList" classname="com.dotcms.enterprise.rules.RulesAPIImplIntegrationTest" time="1.081"/>
  <testcase name="testDeleteRuleShouldPass" classname="com.dotcms.enterprise.rules.RulesAPIImplIntegrationTest" time="0.036"/>
  <testcase name="shouldGetRulesFromHostId" classname="com.dotcms.enterprise.rules.RulesAPIImplIntegrationTest" time="3.954"/>
  <system-out><![CDATA[]]></system-out>
  <system-err><![CDATA[]]></system-err>
</testsuite>
