<?xml version="1.0" encoding="UTF-8"?>
<testsuite name="com.dotcms.contenttype.test.ContentResourceTest" tests="52" skipped="0" failures="0" errors="0" timestamp="2023-07-07T15:17:51" hostname="fv-az795-156" time="175.442">
  <properties/>
  <testcase name="testGetContentShouldReturnIconDetails" classname="com.dotcms.contenttype.test.ContentResourceTest" time="2.117"/>
  <testcase name="Test_Save_Action_Set_Words_To_Required_NumericField_Issue_15340" classname="com.dotcms.contenttype.test.ContentResourceTest" time="1.056"/>
  <testcase name="test_getContent_includeGrandChildCategory_success" classname="com.dotcms.contenttype.test.ContentResourceTest" time="1.626"/>
  <testcase name="testGetContentWithRelatedParameter[0: com.dotcms.contenttype.test.ContentResourceTest$PullRelatedTestCase@4a02bcc2]" classname="com.dotcms.contenttype.test.ContentResourceTest" time="4.914"/>
  <testcase name="testGetContentWithRelatedParameter[1: com.dotcms.contenttype.test.ContentResourceTest$PullRelatedTestCase@5f4526d3]" classname="com.dotcms.contenttype.test.ContentResourceTest" time="4.591"/>
  <testcase name="testGetContentWithRelatedParameter[2: com.dotcms.contenttype.test.ContentResourceTest$PullRelatedTestCase@3892e771]" classname="com.dotcms.contenttype.test.ContentResourceTest" time="3.83"/>
  <testcase name="testGetContentWithRelatedParameter[3: com.dotcms.contenttype.test.ContentResourceTest$PullRelatedTestCase@dc5e6b9]" classname="com.dotcms.contenttype.test.ContentResourceTest" time="3.742"/>
  <testcase name="testGetContentWithRelatedParameter[4: com.dotcms.contenttype.test.ContentResourceTest$PullRelatedTestCase@52febf6f]" classname="com.dotcms.contenttype.test.ContentResourceTest" time="4.054"/>
  <testcase name="test_getContent_SelfRelatedWith3LevelsOfDepth_shouldReturnRelationships" classname="com.dotcms.contenttype.test.ContentResourceTest" time="1.675"/>
  <testcase name="Test_Save_Action_Send_Fields_SubSet_Issue_15340" classname="com.dotcms.contenttype.test.ContentResourceTest" time="3.271"/>
  <testcase name="test_getContent_shouldReturnRelationships[0: com.dotcms.contenttype.test.ContentResourceTest$TestCase@247b785d]" classname="com.dotcms.contenttype.test.ContentResourceTest" time="3.909"/>
  <testcase name="test_getContent_shouldReturnRelationships[1: com.dotcms.contenttype.test.ContentResourceTest$TestCase@b7daacc]" classname="com.dotcms.contenttype.test.ContentResourceTest" time="3.59"/>
  <testcase name="test_getContent_shouldReturnRelationships[2: com.dotcms.contenttype.test.ContentResourceTest$TestCase@292f7534]" classname="com.dotcms.contenttype.test.ContentResourceTest" time="4.02"/>
  <testcase name="test_getContent_shouldReturnRelationships[3: com.dotcms.contenttype.test.ContentResourceTest$TestCase@e8da2b9]" classname="com.dotcms.contenttype.test.ContentResourceTest" time="3.545"/>
  <testcase name="test_getContent_shouldReturnRelationships[4: com.dotcms.contenttype.test.ContentResourceTest$TestCase@714b8aa5]" classname="com.dotcms.contenttype.test.ContentResourceTest" time="3.934"/>
  <testcase name="test_getContent_shouldReturnRelationships[5: com.dotcms.contenttype.test.ContentResourceTest$TestCase@1786658a]" classname="com.dotcms.contenttype.test.ContentResourceTest" time="3.505"/>
  <testcase name="test_getContent_shouldReturnRelationships[6: com.dotcms.contenttype.test.ContentResourceTest$TestCase@45d2249b]" classname="com.dotcms.contenttype.test.ContentResourceTest" time="3.699"/>
  <testcase name="test_getContent_shouldReturnRelationships[7: com.dotcms.contenttype.test.ContentResourceTest$TestCase@2629def2]" classname="com.dotcms.contenttype.test.ContentResourceTest" time="3.713"/>
  <testcase name="test_getContent_shouldReturnRelationships[8: com.dotcms.contenttype.test.ContentResourceTest$TestCase@b1a6630]" classname="com.dotcms.contenttype.test.ContentResourceTest" time="4.189"/>
  <testcase name="test_getContent_shouldReturnRelationships[9: com.dotcms.contenttype.test.ContentResourceTest$TestCase@2f14f8ec]" classname="com.dotcms.contenttype.test.ContentResourceTest" time="4.011"/>
  <testcase name="test_getContent_shouldReturnRelationships[10: com.dotcms.contenttype.test.ContentResourceTest$TestCase@7b36e769]" classname="com.dotcms.contenttype.test.ContentResourceTest" time="3.676"/>
  <testcase name="test_getContent_shouldReturnRelationships[11: com.dotcms.contenttype.test.ContentResourceTest$TestCase@138078b3]" classname="com.dotcms.contenttype.test.ContentResourceTest" time="3.675"/>
  <testcase name="test_getContent_shouldReturnRelationships[12: com.dotcms.contenttype.test.ContentResourceTest$TestCase@4b73b715]" classname="com.dotcms.contenttype.test.ContentResourceTest" time="3.344"/>
  <testcase name="test_getContent_shouldReturnRelationships[13: com.dotcms.contenttype.test.ContentResourceTest$TestCase@43a8e50f]" classname="com.dotcms.contenttype.test.ContentResourceTest" time="3.57"/>
  <testcase name="test_getContent_shouldReturnRelationships[14: com.dotcms.contenttype.test.ContentResourceTest$TestCase@f695fbc]" classname="com.dotcms.contenttype.test.ContentResourceTest" time="3.777"/>
  <testcase name="test_getContent_shouldReturnRelationships[15: com.dotcms.contenttype.test.ContentResourceTest$TestCase@1f3cfb02]" classname="com.dotcms.contenttype.test.ContentResourceTest" time="3.586"/>
  <testcase name="test_getContent_shouldReturnRelationships[16: com.dotcms.contenttype.test.ContentResourceTest$TestCase@49a12cef]" classname="com.dotcms.contenttype.test.ContentResourceTest" time="4.706"/>
  <testcase name="test_getContent_shouldReturnRelationships[17: com.dotcms.contenttype.test.ContentResourceTest$TestCase@4da53849]" classname="com.dotcms.contenttype.test.ContentResourceTest" time="3.847"/>
  <testcase name="test_getContent_shouldReturnRelationships[18: com.dotcms.contenttype.test.ContentResourceTest$TestCase@8740afe]" classname="com.dotcms.contenttype.test.ContentResourceTest" time="2.976"/>
  <testcase name="test_getContent_shouldReturnRelationships[19: com.dotcms.contenttype.test.ContentResourceTest$TestCase@70681419]" classname="com.dotcms.contenttype.test.ContentResourceTest" time="3.917"/>
  <testcase name="test_getContent_shouldReturnRelationships[20: com.dotcms.contenttype.test.ContentResourceTest$TestCase@30ee88af]" classname="com.dotcms.contenttype.test.ContentResourceTest" time="4.358"/>
  <testcase name="test_getContent_shouldReturnRelationships[21: com.dotcms.contenttype.test.ContentResourceTest$TestCase@546d998b]" classname="com.dotcms.contenttype.test.ContentResourceTest" time="3.26"/>
  <testcase name="test_getContent_shouldReturnRelationships[22: com.dotcms.contenttype.test.ContentResourceTest$TestCase@7c665a02]" classname="com.dotcms.contenttype.test.ContentResourceTest" time="3.892"/>
  <testcase name="test_getContent_shouldReturnRelationships[23: com.dotcms.contenttype.test.ContentResourceTest$TestCase@4c9e514b]" classname="com.dotcms.contenttype.test.ContentResourceTest" time="4.155"/>
  <testcase name="test_getContent_shouldReturnRelationships[24: com.dotcms.contenttype.test.ContentResourceTest$TestCase@8711387]" classname="com.dotcms.contenttype.test.ContentResourceTest" time="2.975"/>
  <testcase name="test_getContent_shouldReturnRelationships[25: com.dotcms.contenttype.test.ContentResourceTest$TestCase@306862c3]" classname="com.dotcms.contenttype.test.ContentResourceTest" time="3.164"/>
  <testcase name="test_getContent_shouldReturnRelationships[26: com.dotcms.contenttype.test.ContentResourceTest$TestCase@7e109886]" classname="com.dotcms.contenttype.test.ContentResourceTest" time="3.947"/>
  <testcase name="test_getContent_shouldReturnRelationships[27: com.dotcms.contenttype.test.ContentResourceTest$TestCase@403a9a06]" classname="com.dotcms.contenttype.test.ContentResourceTest" time="4.054"/>
  <testcase name="test_getContent_shouldReturnRelationships[28: com.dotcms.contenttype.test.ContentResourceTest$TestCase@40d744ad]" classname="com.dotcms.contenttype.test.ContentResourceTest" time="3.84"/>
  <testcase name="test_getContent_shouldReturnRelationships[29: com.dotcms.contenttype.test.ContentResourceTest$TestCase@33da580e]" classname="com.dotcms.contenttype.test.ContentResourceTest" time="3.878"/>
  <testcase name="test_getContent_shouldReturnRelationships[30: com.dotcms.contenttype.test.ContentResourceTest$TestCase@4974325b]" classname="com.dotcms.contenttype.test.ContentResourceTest" time="2.537"/>
  <testcase name="test_getContent_shouldReturnRelationships[31: com.dotcms.contenttype.test.ContentResourceTest$TestCase@5d8a6bd9]" classname="com.dotcms.contenttype.test.ContentResourceTest" time="2.73"/>
  <testcase name="test_getContent_shouldReturnRelationships[32: com.dotcms.contenttype.test.ContentResourceTest$TestCase@2702aee9]" classname="com.dotcms.contenttype.test.ContentResourceTest" time="4.23"/>
  <testcase name="test_getContent_shouldReturnRelationships[33: com.dotcms.contenttype.test.ContentResourceTest$TestCase@4679882f]" classname="com.dotcms.contenttype.test.ContentResourceTest" time="4.942"/>
  <testcase name="testSinglePOST_InvalidParamsShouldReturn400[0: ({\n    &quot;stInode&quot; : &quot;InvalidValue&quot;,\n    &quot;numeric&quot; : &quot;0&quot;,\n    &quot;image&quot; : &quot;whatever&quot;\n}, Bad Request)]" classname="com.dotcms.contenttype.test.ContentResourceTest" time="1.06"/>
  <testcase name="testSinglePOST_InvalidParamsShouldReturn400[1: ({\n    &quot;numeric&quot; : &quot;0&quot;,\n    &quot;image&quot; : &quot;whatever&quot;\n}, Bad Request)]" classname="com.dotcms.contenttype.test.ContentResourceTest" time="1.008"/>
  <testcase name="Test_Save_Action_Set_Null_To_Required_NumericField_Issue_15340" classname="com.dotcms.contenttype.test.ContentResourceTest" time="1.006"/>
  <testcase name="Test_Save_Action_Remove_Image_Then_Verify_Fields_Were_Cleared_Issue_15340" classname="com.dotcms.contenttype.test.ContentResourceTest" time="4.351"/>
  <testcase name="test_getContentWithMultipleSelfRelated_shouldReturnRelationships[0: com.dotcms.contenttype.test.ContentResourceTest$PullSelfRelatedTestCase@20adfef5]" classname="com.dotcms.contenttype.test.ContentResourceTest" time="2.095"/>
  <testcase name="test_getContentWithMultipleSelfRelated_shouldReturnRelationships[1: com.dotcms.contenttype.test.ContentResourceTest$PullSelfRelatedTestCase@126a69ef]" classname="com.dotcms.contenttype.test.ContentResourceTest" time="2.208"/>
  <testcase name="testGetContentWithAllCategoriesInfo[0: json]" classname="com.dotcms.contenttype.test.ContentResourceTest" time="2.809"/>
  <testcase name="testGetContentWithAllCategoriesInfo[1: xml]" classname="com.dotcms.contenttype.test.ContentResourceTest" time="2.876"/>
  <system-out><![CDATA[











]]></system-out>
  <system-err><![CDATA[]]></system-err>
</testsuite>
