<?xml version="1.0" encoding="UTF-8"?>
<testsuite name="com.dotcms.enterprise.publishing.remote.bundler.ContentBundlerTest" tests="1" skipped="0" failures="0" errors="0" timestamp="2023-07-14T21:19:24" hostname="fv-az555-578" time="1.491">
  <properties/>
  <testcase name="processContentWithTwoVersions" classname="com.dotcms.enterprise.publishing.remote.bundler.ContentBundlerTest" time="1.491"/>
  <system-out><![CDATA[]]></system-out>
  <system-err><![CDATA[]]></system-err>
</testsuite>
