<?xml version="1.0" encoding="UTF-8"?>
<testsuite name="org.apache.velocity.tools.view.tools.CookieToolTest" tests="2" skipped="0" failures="0" errors="0" timestamp="2023-07-18T19:13:26" hostname="fv-az803-421" time="0.01">
  <properties/>
  <testcase name="test_add_cookie_max_timesuccess" classname="org.apache.velocity.tools.view.tools.CookieToolTest" time="0.006"/>
  <testcase name="test_add_cookie_success" classname="org.apache.velocity.tools.view.tools.CookieToolTest" time="0.004"/>
  <system-out><![CDATA[]]></system-out>
  <system-err><![CDATA[]]></system-err>
</testsuite>
