<?xml version="1.0" encoding="UTF-8"?>
<testsuite name="com.dotmarketing.portlets.structure.model.ContentletRelationshipsTest" tests="7" skipped="0" failures="0" errors="0" timestamp="2023-07-18T00:26:25" hostname="fv-az162-832" time="8.365">
  <properties/>
  <testcase name="testDoesAllowOnlyOne[0: com.dotmarketing.portlets.structure.model.ContentletRelationshipsTest$CardinalityTestCase@ae135f1]" classname="com.dotmarketing.portlets.structure.model.ContentletRelationshipsTest" time="0.577"/>
  <testcase name="testDoesAllowOnlyOne[1: com.dotmarketing.portlets.structure.model.ContentletRelationshipsTest$CardinalityTestCase@6c705d5d]" classname="com.dotmarketing.portlets.structure.model.ContentletRelationshipsTest" time="0.572"/>
  <testcase name="testDoesAllowOnlyOne[2: com.dotmarketing.portlets.structure.model.ContentletRelationshipsTest$CardinalityTestCase@32c32d71]" classname="com.dotmarketing.portlets.structure.model.ContentletRelationshipsTest" time="0.451"/>
  <testcase name="testGetRelationshipRecords[0: com.dotmarketing.portlets.structure.model.ContentletRelationshipsTest$TestCase@143c8d1c]" classname="com.dotmarketing.portlets.structure.model.ContentletRelationshipsTest" time="2.122"/>
  <testcase name="testGetRelationshipRecords[1: com.dotmarketing.portlets.structure.model.ContentletRelationshipsTest$TestCase@17717cd7]" classname="com.dotmarketing.portlets.structure.model.ContentletRelationshipsTest" time="1.995"/>
  <testcase name="testGetRelationshipRecords[2: com.dotmarketing.portlets.structure.model.ContentletRelationshipsTest$TestCase@798551d1]" classname="com.dotmarketing.portlets.structure.model.ContentletRelationshipsTest" time="0.822"/>
  <testcase name="testGetRelationshipRecords[3: com.dotmarketing.portlets.structure.model.ContentletRelationshipsTest$TestCase@52865335]" classname="com.dotmarketing.portlets.structure.model.ContentletRelationshipsTest" time="1.825"/>
  <system-out><![CDATA[]]></system-out>
  <system-err><![CDATA[]]></system-err>
</testsuite>
