<?xml version="1.0" encoding="UTF-8"?>
<testsuite name="com.dotcms.rest.api.v1.vtl.VTLResourceIntegrationTest" tests="6" skipped="0" failures="0" errors="0" timestamp="2023-07-13T16:43:07" hostname="fv-az365-454" time="11.152">
  <properties/>
  <testcase name="testGet[0: com.dotcms.rest.api.v1.vtl.VTLResourceTestCase@67678795]" classname="com.dotcms.rest.api.v1.vtl.VTLResourceIntegrationTest" time="2.181"/>
  <testcase name="testGet[1: com.dotcms.rest.api.v1.vtl.VTLResourceTestCase@710b8878]" classname="com.dotcms.rest.api.v1.vtl.VTLResourceIntegrationTest" time="2.026"/>
  <testcase name="testGet[2: com.dotcms.rest.api.v1.vtl.VTLResourceTestCase@58cdb5f6]" classname="com.dotcms.rest.api.v1.vtl.VTLResourceIntegrationTest" time="1.935"/>
  <testcase name="testGet[3: com.dotcms.rest.api.v1.vtl.VTLResourceTestCase@54e945f7]" classname="com.dotcms.rest.api.v1.vtl.VTLResourceIntegrationTest" time="2.056"/>
  <testcase name="testGet[4: com.dotcms.rest.api.v1.vtl.VTLResourceTestCase@fe92bd0]" classname="com.dotcms.rest.api.v1.vtl.VTLResourceIntegrationTest" time="1.044"/>
  <testcase name="testGet[5: com.dotcms.rest.api.v1.vtl.VTLResourceTestCase@228c3a1d]" classname="com.dotcms.rest.api.v1.vtl.VTLResourceIntegrationTest" time="1.909"/>
  <system-out><![CDATA[]]></system-out>
  <system-err><![CDATA[]]></system-err>
</testsuite>
