<?xml version="1.0" encoding="UTF-8"?>
<testsuite name="com.dotmarketing.portlets.structure.model.ContentletRelationshipsTest" tests="7" skipped="0" failures="0" errors="0" timestamp="2023-07-17T23:57:37" hostname="fv-az362-624" time="10.219">
  <properties/>
  <testcase name="testDoesAllowOnlyOne[0: com.dotmarketing.portlets.structure.model.ContentletRelationshipsTest$CardinalityTestCase@11ba393f]" classname="com.dotmarketing.portlets.structure.model.ContentletRelationshipsTest" time="0.606"/>
  <testcase name="testDoesAllowOnlyOne[1: com.dotmarketing.portlets.structure.model.ContentletRelationshipsTest$CardinalityTestCase@558a6c08]" classname="com.dotmarketing.portlets.structure.model.ContentletRelationshipsTest" time="0.591"/>
  <testcase name="testDoesAllowOnlyOne[2: com.dotmarketing.portlets.structure.model.ContentletRelationshipsTest$CardinalityTestCase@2aaa4b2b]" classname="com.dotmarketing.portlets.structure.model.ContentletRelationshipsTest" time="0.596"/>
  <testcase name="testGetRelationshipRecords[0: com.dotmarketing.portlets.structure.model.ContentletRelationshipsTest$TestCase@cce9b48]" classname="com.dotmarketing.portlets.structure.model.ContentletRelationshipsTest" time="2.27"/>
  <testcase name="testGetRelationshipRecords[1: com.dotmarketing.portlets.structure.model.ContentletRelationshipsTest$TestCase@4c7d382f]" classname="com.dotmarketing.portlets.structure.model.ContentletRelationshipsTest" time="2.234"/>
  <testcase name="testGetRelationshipRecords[2: com.dotmarketing.portlets.structure.model.ContentletRelationshipsTest$TestCase@4a11f784]" classname="com.dotmarketing.portlets.structure.model.ContentletRelationshipsTest" time="1.987"/>
  <testcase name="testGetRelationshipRecords[3: com.dotmarketing.portlets.structure.model.ContentletRelationshipsTest$TestCase@321a0efe]" classname="com.dotmarketing.portlets.structure.model.ContentletRelationshipsTest" time="1.932"/>
  <system-out><![CDATA[]]></system-out>
  <system-err><![CDATA[]]></system-err>
</testsuite>
