<?xml version="1.0" encoding="UTF-8"?>
<testsuite name="com.dotcms.cache.KeyValueCacheImplTest" tests="9" skipped="0" failures="0" errors="0" timestamp="2023-06-22T00:24:35" hostname="fv-az484-488" time="0.016">
  <properties/>
  <testcase name="shouldReturnNullWhenLookForKeyByContentTypeLiveAndWrongLanguage" classname="com.dotcms.cache.KeyValueCacheImplTest" time="0.002"/>
  <testcase name="shouldAddCacheEntryForContentTypeLanguageAndNotLive" classname="com.dotcms.cache.KeyValueCacheImplTest" time="0.001"/>
  <testcase name="shouldReturnNullWhenLookForKeyByContentTypeAndWrongLanguageId" classname="com.dotcms.cache.KeyValueCacheImplTest" time="0.001"/>
  <testcase name="shouldReturnNullWhenLookForKeyByLanguageLiveAndWrongContentType" classname="com.dotcms.cache.KeyValueCacheImplTest" time="0.001"/>
  <testcase name="shouldReturnNullWhenLookForKeyByLanguageidAndWrongContentTypeAnd" classname="com.dotcms.cache.KeyValueCacheImplTest" time="0.0"/>
  <testcase name="shouldReturnNullWhenLookForKeyByContentTypeLanguageAndWrongLive" classname="com.dotcms.cache.KeyValueCacheImplTest" time="0.006"/>
  <testcase name="shouldReturnNullWhenLookForKeyByContentTypeLanguageLiveIdNotAdded" classname="com.dotcms.cache.KeyValueCacheImplTest" time="0.0"/>
  <testcase name="shouldAddCacheEntryForContentTypeAndLanguage" classname="com.dotcms.cache.KeyValueCacheImplTest" time="0.0"/>
  <testcase name="shouldReturnNullWhenLookForKeyByContentTypeAndLanguageIdNotAdded" classname="com.dotcms.cache.KeyValueCacheImplTest" time="0.001"/>
  <system-out><![CDATA[]]></system-out>
  <system-err><![CDATA[]]></system-err>
</testsuite>
