<?xml version="1.0" encoding="UTF-8"?>
<testsuite name="com.dotmarketing.portlets.structure.model.ContentletRelationshipsTest" tests="7" skipped="0" failures="0" errors="0" timestamp="2023-06-30T17:34:00" hostname="fv-az455-211" time="10.858">
  <properties/>
  <testcase name="testDoesAllowOnlyOne[0: com.dotmarketing.portlets.structure.model.ContentletRelationshipsTest$CardinalityTestCase@75292192]" classname="com.dotmarketing.portlets.structure.model.ContentletRelationshipsTest" time="0.676"/>
  <testcase name="testDoesAllowOnlyOne[1: com.dotmarketing.portlets.structure.model.ContentletRelationshipsTest$CardinalityTestCase@2a28c079]" classname="com.dotmarketing.portlets.structure.model.ContentletRelationshipsTest" time="0.651"/>
  <testcase name="testDoesAllowOnlyOne[2: com.dotmarketing.portlets.structure.model.ContentletRelationshipsTest$CardinalityTestCase@26f0fc0a]" classname="com.dotmarketing.portlets.structure.model.ContentletRelationshipsTest" time="0.691"/>
  <testcase name="testGetRelationshipRecords[0: com.dotmarketing.portlets.structure.model.ContentletRelationshipsTest$TestCase@66a24e53]" classname="com.dotmarketing.portlets.structure.model.ContentletRelationshipsTest" time="2.347"/>
  <testcase name="testGetRelationshipRecords[1: com.dotmarketing.portlets.structure.model.ContentletRelationshipsTest$TestCase@5a3bd6a4]" classname="com.dotmarketing.portlets.structure.model.ContentletRelationshipsTest" time="2.259"/>
  <testcase name="testGetRelationshipRecords[2: com.dotmarketing.portlets.structure.model.ContentletRelationshipsTest$TestCase@36fcee92]" classname="com.dotmarketing.portlets.structure.model.ContentletRelationshipsTest" time="2.159"/>
  <testcase name="testGetRelationshipRecords[3: com.dotmarketing.portlets.structure.model.ContentletRelationshipsTest$TestCase@174d54eb]" classname="com.dotmarketing.portlets.structure.model.ContentletRelationshipsTest" time="2.071"/>
  <system-out><![CDATA[]]></system-out>
  <system-err><![CDATA[]]></system-err>
</testsuite>
