<?xml version="1.0" encoding="UTF-8"?>
<testsuite name="com.dotmarketing.business.DeterministicIdentifierAPITest" tests="16" skipped="0" failures="0" errors="0" timestamp="2023-07-07T18:34:56" hostname="fv-az442-489" time="1.001">
  <properties/>
  <testcase name="Test_Category_Path_Seed_And_Id" classname="com.dotmarketing.business.DeterministicIdentifierAPITest" time="0.028"/>
  <testcase name="Test_Language_Deterministic_Id[0: LanguageTestCase{expectedSeed='Language:es:US', expectedHash=4913155, langCode='es', countryCode='US', country='United States'}]" classname="com.dotmarketing.business.DeterministicIdentifierAPITest" time="0.001"/>
  <testcase name="Test_Language_Deterministic_Id[1: LanguageTestCase{expectedSeed='Language:ep:', expectedHash=5292269, langCode='ep', countryCode='', country=''}]" classname="com.dotmarketing.business.DeterministicIdentifierAPITest" time="0.001"/>
  <testcase name="Test_Language_Deterministic_Id[2: LanguageTestCase{expectedSeed='Language:sg:SAG', expectedHash=4713118, langCode='sg', countryCode='SAG', country=''}]" classname="com.dotmarketing.business.DeterministicIdentifierAPITest" time="0.001"/>
  <testcase name="Test_Language_Deterministic_Id[3: LanguageTestCase{expectedSeed='Language:en:NZ', expectedHash=5382528, langCode='en', countryCode='NZ', country='New Zealand'}]" classname="com.dotmarketing.business.DeterministicIdentifierAPITest" time="0.002"/>
  <testcase name="Test_Category_None_Persisted_Category_Should_Return_Deterministic_Id" classname="com.dotmarketing.business.DeterministicIdentifierAPITest" time="0.002"/>
  <testcase name="Test_Asset_Generate_Deterministic_Id_Best_Effort[0: TestCase{versionable=my.host1688754515802.com, parent=System Host, expectedName='my.host1688754515802.com', expectedType='Host'}]" classname="com.dotmarketing.business.DeterministicIdentifierAPITest" time="0.004"/>
  <testcase name="Test_Asset_Generate_Deterministic_Id_Best_Effort[1: TestCase{versionable=com.dotmarketing.portlets.contentlet.model.Contentlet@319dacaf[map={modDate=2023-07-07 18:28:36.615, fileName=file18402930556585470179.txt, title=file18402930556585470179.txt, inode=d37cee24-c6de-47ad-9b50-66b4801dc135, __IS_NEW_CONTENT__=true, disabledWYSIWYG=[], host=f8377834-9787-46e0-872b-d341a379ffff, stInode=33888b6f-7a8e-4069-b1b6-5c1aa9d0a48d, owner=system, identifier=0bf8e22a-5e17-42e2-a54f-7f086e086941, nullProperties=[wfExpireDate, wfPublishDate, wfActionAssign, wfActionId, wfActionComments, filterKey, whereToSend, wfNeverExpire, _path_to_move, timezoneId, iWantTo, wfPublishTime, wfExpireTime], languageId=1, fileAsset=/home/runner/work/core/custom/assets/d/3/d37cee24-c6de-47ad-9b50-66b4801dc135/fileAsset/file18402930556585470179.txt, folder=8edcc522-738d-4599-beb8-cd527e1576aa, __disable_workflow__=true, sortOrder=0, modUser=system},lowIndexPriority=false,variantId=DEFAULT], parent=com.dotmarketing.portlets.folders.model.Folder@375b8bce[identifier=8edcc522-738d-4599-beb8-cd527e1576aa,name=testName1688754516609,sortOrder=0,showOnMenu=false,hostId=f8377834-9787-46e0-872b-d341a379ffff,type=folder,title=testTitle1688754516609,filesMasks=,defaultFileType=33888b6f-7a8e-4069-b1b6-5c1aa9d0a48d,modDate=2023-07-07 18:28:36.612,owner=&lt;null&gt;,iDate=2023-07-07 18:28:36.612,inode=8edcc522-738d-4599-beb8-cd527e1576aa,path=/testName1688754516609/], expectedName='file18402930556585470179.txt', expectedType='FileAsset'}]" classname="com.dotmarketing.business.DeterministicIdentifierAPITest" time="0.003"/>
  <testcase name="Test_Asset_Generate_Deterministic_Id_Best_Effort[2: TestCase{versionable=com.dotmarketing.portlets.templates.model.Template@3dd08159, parent=my.host1688754515802.com, expectedName='testTitle1688754516704', expectedType='Template'}]" classname="com.dotmarketing.business.DeterministicIdentifierAPITest" time="0.002"/>
  <testcase name="Test_Asset_Generate_Deterministic_Id_Best_Effort[3: TestCase{versionable=com.dotmarketing.portlets.htmlpageasset.model.HTMLPageAsset@42a3beb1[map={template=fe46b4e5-9abb-4f00-acec-73f256c2ab1c, owner=system, identifier=1cdaa17c-b227-4401-95c0-6b3e8f1aa688, nullProperties=[wfExpireDate, wfPublishDate, wfActionAssign, wfActionId, wfActionComments, filterKey, whereToSend, wfNeverExpire, _path_to_move, timezoneId, iWantTo, wfPublishTime, wfExpireTime], modDate=2023-07-07 18:28:36.722, cachettl=0, _is_test_mode=true, languageId=1, title=test-page-title-1688754516716, httpsreq=, url=test-page-url-1688754516716, showOnMenu=, inode=620ef3f0-16de-4cdc-a29d-ff5517e3425f, folder=8edcc522-738d-4599-beb8-cd527e1576aa, disabledWYSIWYG=[], sortOrder=1, modUser=system, host=f8377834-9787-46e0-872b-d341a379ffff, stInode=c541abb1-69b3-4bc5-8430-5e09e5239cc8, friendlyName=test-page-friendly-name-1688754516716},lowIndexPriority=false,variantId=DEFAULT], parent=com.dotmarketing.portlets.folders.model.Folder@375b8bce[identifier=8edcc522-738d-4599-beb8-cd527e1576aa,name=testName1688754516609,sortOrder=0,showOnMenu=false,hostId=f8377834-9787-46e0-872b-d341a379ffff,type=folder,title=testTitle1688754516609,filesMasks=,defaultFileType=33888b6f-7a8e-4069-b1b6-5c1aa9d0a48d,modDate=2023-07-07 18:28:36.612,owner=&lt;null&gt;,iDate=2023-07-07 18:28:36.612,inode=8edcc522-738d-4599-beb8-cd527e1576aa,path=/testName1688754516609/], expectedName='test-page-url-1688754516716', expectedType='htmlpageasset'}]" classname="com.dotmarketing.business.DeterministicIdentifierAPITest" time="0.003"/>
  <testcase name="Test_Asset_Generate_Deterministic_Id_Best_Effort[4: TestCase{versionable=com.dotmarketing.portlets.contentlet.model.Contentlet@6d02e8d2[map={fileAsset2=/home/runner/work/core/custom/assets/4/5/455580ca-4dff-46b3-9a43-10760a9fb501/fileAsset2/test_binary1688754517586.png, modDate=2023-07-07 18:28:37.591, fileAsset1=/home/runner/work/core/custom/assets/4/5/455580ca-4dff-46b3-9a43-10760a9fb501/fileAsset1/test_binary1688754517586.jpg, title=blah, inode=455580ca-4dff-46b3-9a43-10760a9fb501, __IS_NEW_CONTENT__=true, disabledWYSIWYG=[], host=48190c8c-42c4-46af-8d1a-0cd5db894797, stInode=d4b7ee1c-3e58-4a0b-b24f-4918b6630a1b, owner=system, identifier=972cc146-d7e1-4754-9d7a-04c1f4bacb54, nullProperties=[], languageId=1, image1=45919741-8331-4945-8f9f-002b81b8fb7c, folder=SYSTEM_FOLDER, __disable_workflow__=true, sortOrder=0, modUser=system},lowIndexPriority=false,variantId=DEFAULT], parent=demo.dotcms.com, expectedName='test_binary1688754517586.jpg:test_binary1688754517586.png', expectedType='MultipleBinaries1688754516860'}]" classname="com.dotmarketing.business.DeterministicIdentifierAPITest" time="0.004"/>
  <testcase name="Test_Asset_Generate_Deterministic_Id_Best_Effort[5: TestCase{versionable=named8d1679e6a : keyTagd8d1679e6a, parent=my.host1688754515802.com, expectedName='keyTagd8d1679e6a', expectedType='persona'}]" classname="com.dotmarketing.business.DeterministicIdentifierAPITest" time="0.003"/>
  <testcase name="Test_Similar_Content_Type_Wont_Clash" classname="com.dotmarketing.business.DeterministicIdentifierAPITest" time="0.424"/>
  <testcase name="Test_Generate_Folder_Identifier" classname="com.dotmarketing.business.DeterministicIdentifierAPITest" time="0.51"/>
  <testcase name="Test_Generate_Content_Type_Identifier[0: ContentTypeTestCase{contentType=KeyValueContentType{name=Language Variable, id=f4d7c1b8-2c88-4071-abf1-a5328977b07d, description=Default Content Type for Language Variables, defaultType=false, fixed=true, iDate=Thu Aug 31 16:38:49 UTC 2017, system=true, versionable=true, variable=Languagevariable, modDate=Fri Jul 07 17:21:54 UTC 2023, host=SYSTEM_HOST, siteName=systemHost, icon=language, sortOrder=0, folder=SYSTEM_FOLDER, folderPath=/, markedForDeletion=true, multilingualable=false}, expectedName='Languagevariable', expectedType='KeyValue'}]" classname="com.dotmarketing.business.DeterministicIdentifierAPITest" time="0.004"/>
  <testcase name="Test_Generate_Content_Type_Identifier[1: ContentTypeTestCase{contentType=SimpleContentType{name=testName1688754517973, id=439bee1a-f08b-4910-a0f3-664d4362558c, description=testDescription1688754517973, defaultType=false, fixed=false, iDate=Fri Jul 07 18:28:37 UTC 2023, system=false, versionable=true, multilingualable=false, variable=testVarname1688754517973, owner=system, modDate=Fri Jul 07 18:28:38 UTC 2023, host=48190c8c-42c4-46af-8d1a-0cd5db894797, siteName=demo.dotcms.com, icon=event_note, sortOrder=0, folder=SYSTEM_FOLDER, folderPath=/, requiredFields=[], markedForDeletion=false}, expectedName='testVarname1688754517973', expectedType='CONTENT'}]" classname="com.dotmarketing.business.DeterministicIdentifierAPITest" time="0.004"/>
  <system-out><![CDATA[]]></system-out>
  <system-err><![CDATA[]]></system-err>
</testsuite>
