<?xml version="1.0" encoding="UTF-8"?>
<testsuite name="com.dotcms.contenttype.business.ContentTypeDestroyAPIImplTest" tests="5" skipped="0" failures="0" errors="0" timestamp="2023-06-29T21:23:14" hostname="fv-az189-858" time="124.891">
  <properties/>
  <testcase name="Destroy_General_Test" classname="com.dotcms.contenttype.business.ContentTypeDestroyAPIImplTest" time="14.027"/>
  <testcase name="Test_Destroy_Persona_Like_Content_Type" classname="com.dotcms.contenttype.business.ContentTypeDestroyAPIImplTest" time="1.332"/>
  <testcase name="Test_Relocate_Contentlets" classname="com.dotcms.contenttype.business.ContentTypeDestroyAPIImplTest" time="96.431"/>
  <testcase name="Test_Destroy_With_Categories" classname="com.dotcms.contenttype.business.ContentTypeDestroyAPIImplTest" time="1.935"/>
  <testcase name="testNextBatch" classname="com.dotcms.contenttype.business.ContentTypeDestroyAPIImplTest" time="11.165"/>
  <system-out><![CDATA[]]></system-out>
  <system-err><![CDATA[]]></system-err>
</testsuite>
