<?xml version="1.0" encoding="UTF-8"?>
<testsuite name="com.dotcms.rest.api.v1.vtl.VTLResourceIntegrationTest" tests="6" skipped="0" failures="0" errors="0" timestamp="2023-07-20T07:45:23" hostname="fv-az313-957" time="12.185">
  <properties/>
  <testcase name="testGet[0: com.dotcms.rest.api.v1.vtl.VTLResourceTestCase@4c862ef]" classname="com.dotcms.rest.api.v1.vtl.VTLResourceIntegrationTest" time="2.07"/>
  <testcase name="testGet[1: com.dotcms.rest.api.v1.vtl.VTLResourceTestCase@3458d614]" classname="com.dotcms.rest.api.v1.vtl.VTLResourceIntegrationTest" time="2.047"/>
  <testcase name="testGet[2: com.dotcms.rest.api.v1.vtl.VTLResourceTestCase@789e8cee]" classname="com.dotcms.rest.api.v1.vtl.VTLResourceIntegrationTest" time="2.033"/>
  <testcase name="testGet[3: com.dotcms.rest.api.v1.vtl.VTLResourceTestCase@4f3b9004]" classname="com.dotcms.rest.api.v1.vtl.VTLResourceIntegrationTest" time="1.937"/>
  <testcase name="testGet[4: com.dotcms.rest.api.v1.vtl.VTLResourceTestCase@8235c16]" classname="com.dotcms.rest.api.v1.vtl.VTLResourceIntegrationTest" time="2.027"/>
  <testcase name="testGet[5: com.dotcms.rest.api.v1.vtl.VTLResourceTestCase@7a39d370]" classname="com.dotcms.rest.api.v1.vtl.VTLResourceIntegrationTest" time="2.07"/>
  <system-out><![CDATA[]]></system-out>
  <system-err><![CDATA[]]></system-err>
</testsuite>
