<?xml version="1.0" encoding="UTF-8"?>
<testsuite name="com.dotcms.publishing.job.SiteSearchJobImplTest" tests="10" skipped="0" failures="0" errors="0" timestamp="2023-07-21T14:46:52" hostname="fv-az1098-922" time="42.132">
  <properties/>
  <testcase name="Test_Incremental_Job_Test_Pages_Are_Found_Create_And_Publish_New_Page_Test_Changes_Are_Picked_Unpublish_Then_Verify_Page_Is_Gone" classname="com.dotcms.publishing.job.SiteSearchJobImplTest" time="11.174"/>
  <testcase name="Test_Non_Incremental_Create_Default_Index_Create_Second_Index_Run_Non_Incrementally_Expect_Non_Default_New_Index" classname="com.dotcms.publishing.job.SiteSearchJobImplTest" time="1.353"/>
  <testcase name="Test_Non_Incremental_Create_Default_Index_Run_Non_Incrementally_Expect_New_Index_Keep_Alias_And_Default" classname="com.dotcms.publishing.job.SiteSearchJobImplTest" time="0.404"/>
  <testcase name="testSiteSearchDifferentScenarios[0: com.dotcms.publishing.job.SiteSearchJobImplTest$TestCaseSiteSearch@64fbffce]" classname="com.dotcms.publishing.job.SiteSearchJobImplTest" time="3.612"/>
  <testcase name="testSiteSearchDifferentScenarios[1: com.dotcms.publishing.job.SiteSearchJobImplTest$TestCaseSiteSearch@68ac3a0b]" classname="com.dotcms.publishing.job.SiteSearchJobImplTest" time="4.074"/>
  <testcase name="testSiteSearchDifferentScenarios[2: com.dotcms.publishing.job.SiteSearchJobImplTest$TestCaseSiteSearch@71e871da]" classname="com.dotcms.publishing.job.SiteSearchJobImplTest" time="4.059"/>
  <testcase name="testSiteSearchDifferentScenarios[3: com.dotcms.publishing.job.SiteSearchJobImplTest$TestCaseSiteSearch@2ce0daf2]" classname="com.dotcms.publishing.job.SiteSearchJobImplTest" time="4.092"/>
  <testcase name="testSiteSearchDifferentScenarios[4: com.dotcms.publishing.job.SiteSearchJobImplTest$TestCaseSiteSearch@175e552f]" classname="com.dotcms.publishing.job.SiteSearchJobImplTest" time="2.925"/>
  <testcase name="testSiteSearchDifferentScenarios[5: com.dotcms.publishing.job.SiteSearchJobImplTest$TestCaseSiteSearch@1eab59ad]" classname="com.dotcms.publishing.job.SiteSearchJobImplTest" time="5.302"/>
  <testcase name="testSiteSearchDifferentScenarios[6: com.dotcms.publishing.job.SiteSearchJobImplTest$TestCaseSiteSearch@2cff9d03]" classname="com.dotcms.publishing.job.SiteSearchJobImplTest" time="5.137"/>
  <system-out><![CDATA[]]></system-out>
  <system-err><![CDATA[]]></system-err>
</testsuite>
