<?xml version="1.0" encoding="UTF-8"?>
<testsuite name="com.dotmarketing.portlets.structure.model.ContentletRelationshipsTest" tests="7" skipped="0" failures="0" errors="0" timestamp="2023-07-13T00:11:00" hostname="fv-az167-45" time="9.842">
  <properties/>
  <testcase name="testDoesAllowOnlyOne[0: com.dotmarketing.portlets.structure.model.ContentletRelationshipsTest$CardinalityTestCase@4dd90e7]" classname="com.dotmarketing.portlets.structure.model.ContentletRelationshipsTest" time="0.552"/>
  <testcase name="testDoesAllowOnlyOne[1: com.dotmarketing.portlets.structure.model.ContentletRelationshipsTest$CardinalityTestCase@6f647f3b]" classname="com.dotmarketing.portlets.structure.model.ContentletRelationshipsTest" time="0.516"/>
  <testcase name="testDoesAllowOnlyOne[2: com.dotmarketing.portlets.structure.model.ContentletRelationshipsTest$CardinalityTestCase@3d967e89]" classname="com.dotmarketing.portlets.structure.model.ContentletRelationshipsTest" time="0.499"/>
  <testcase name="testGetRelationshipRecords[0: com.dotmarketing.portlets.structure.model.ContentletRelationshipsTest$TestCase@4570a2f0]" classname="com.dotmarketing.portlets.structure.model.ContentletRelationshipsTest" time="2.14"/>
  <testcase name="testGetRelationshipRecords[1: com.dotmarketing.portlets.structure.model.ContentletRelationshipsTest$TestCase@2d424811]" classname="com.dotmarketing.portlets.structure.model.ContentletRelationshipsTest" time="2.165"/>
  <testcase name="testGetRelationshipRecords[2: com.dotmarketing.portlets.structure.model.ContentletRelationshipsTest$TestCase@61136725]" classname="com.dotmarketing.portlets.structure.model.ContentletRelationshipsTest" time="2.003"/>
  <testcase name="testGetRelationshipRecords[3: com.dotmarketing.portlets.structure.model.ContentletRelationshipsTest$TestCase@6fff3fb8]" classname="com.dotmarketing.portlets.structure.model.ContentletRelationshipsTest" time="1.967"/>
  <system-out><![CDATA[]]></system-out>
  <system-err><![CDATA[]]></system-err>
</testsuite>
