<?xml version="1.0" encoding="UTF-8"?>
<testsuite name="com.dotmarketing.business.PermissionAPITest" tests="28" skipped="0" failures="0" errors="0" timestamp="2023-07-14T02:46:13" hostname="fv-az268-867" time="38.902">
  <properties/>
  <testcase name="testGetUsersDeleted" classname="com.dotmarketing.business.PermissionAPITest" time="0.728"/>
  <testcase name="test_doesUserHavePermissions_checkSameAssetIdThatPermissionsWereGiven_returnTrue" classname="com.dotmarketing.business.PermissionAPITest" time="0.807"/>
  <testcase name="Test_Inherited_Permissions" classname="com.dotmarketing.business.PermissionAPITest" time="4.678"/>
  <testcase name="permissionIndividually" classname="com.dotmarketing.business.PermissionAPITest" time="0.0"/>
  <testcase name="removePermissions" classname="com.dotmarketing.business.PermissionAPITest" time="2.073"/>
  <testcase name="doesUserHavePermission_another_lang" classname="com.dotmarketing.business.PermissionAPITest" time="1.775"/>
  <testcase name="testGetUsersCountWithoutFilter" classname="com.dotmarketing.business.PermissionAPITest" time="0.033"/>
  <testcase name="testGetUsersWithoutFilter" classname="com.dotmarketing.business.PermissionAPITest" time="0.024"/>
  <testcase name="Test_Remove_All_Permissions_Then_Verify_Cache_Is_Null" classname="com.dotmarketing.business.PermissionAPITest" time="0.255"/>
  <testcase name="doesUserHavePermission" classname="com.dotmarketing.business.PermissionAPITest" time="1.053"/>
  <testcase name="testGetUsersCountWithFilter" classname="com.dotmarketing.business.PermissionAPITest" time="0.032"/>
  <testcase name="doesRoleHavePermission" classname="com.dotmarketing.business.PermissionAPITest" time="1.059"/>
  <testcase name="save" classname="com.dotmarketing.business.PermissionAPITest" time="0.145"/>
  <testcase name="issue1073" classname="com.dotmarketing.business.PermissionAPITest" time="0.287"/>
  <testcase name="testGetUsersCountDeleted" classname="com.dotmarketing.business.PermissionAPITest" time="0.024"/>
  <testcase name="getPermissions" classname="com.dotmarketing.business.PermissionAPITest" time="0.095"/>
  <testcase name="testAnonymousUserCannotReadNonLiveContent" classname="com.dotmarketing.business.PermissionAPITest" time="6.35"/>
  <testcase name="testPermissionIndividuallyByRole" classname="com.dotmarketing.business.PermissionAPITest" time="3.259"/>
  <testcase name="issue560" classname="com.dotmarketing.business.PermissionAPITest" time="3.825"/>
  <testcase name="issue781" classname="com.dotmarketing.business.PermissionAPITest" time="2.012"/>
  <testcase name="issue847" classname="com.dotmarketing.business.PermissionAPITest" time="2.944"/>
  <testcase name="issue886" classname="com.dotmarketing.business.PermissionAPITest" time="4.5"/>
  <testcase name="getUsersWithPermission" classname="com.dotmarketing.business.PermissionAPITest" time="0.115"/>
  <testcase name="test_doesUserHavePermissions_checkDiffAssetIdThatPermissionsWereGiven_returnFalse" classname="com.dotmarketing.business.PermissionAPITest" time="0.691"/>
  <testcase name="test_templateLayout_parentPermissionableIsHost" classname="com.dotmarketing.business.PermissionAPITest" time="1.904"/>
  <testcase name="testGetUsersWithFilter" classname="com.dotmarketing.business.PermissionAPITest" time="0.032"/>
  <testcase name="copyPermissions" classname="com.dotmarketing.business.PermissionAPITest" time="0.154"/>
  <testcase name="getRolesWithPermission" classname="com.dotmarketing.business.PermissionAPITest" time="0.043"/>
  <system-out><![CDATA[]]></system-out>
  <system-err><![CDATA[]]></system-err>
</testsuite>
