<?xml version="1.0" encoding="UTF-8"?>
<testsuite name="com.dotmarketing.business.DeterministicIdentifierAPITest" tests="16" skipped="0" failures="0" errors="0" timestamp="2023-06-27T20:09:36" hostname="fv-az337-595" time="1.214">
  <properties/>
  <testcase name="Test_Category_Path_Seed_And_Id" classname="com.dotmarketing.business.DeterministicIdentifierAPITest" time="0.02"/>
  <testcase name="Test_Language_Deterministic_Id[0: LanguageTestCase{expectedSeed='Language:es:US', expectedHash=4913155, langCode='es', countryCode='US', country='United States'}]" classname="com.dotmarketing.business.DeterministicIdentifierAPITest" time="0.001"/>
  <testcase name="Test_Language_Deterministic_Id[1: LanguageTestCase{expectedSeed='Language:ep:', expectedHash=5292269, langCode='ep', countryCode='', country=''}]" classname="com.dotmarketing.business.DeterministicIdentifierAPITest" time="0.001"/>
  <testcase name="Test_Language_Deterministic_Id[2: LanguageTestCase{expectedSeed='Language:sg:SAG', expectedHash=4713118, langCode='sg', countryCode='SAG', country=''}]" classname="com.dotmarketing.business.DeterministicIdentifierAPITest" time="0.002"/>
  <testcase name="Test_Language_Deterministic_Id[3: LanguageTestCase{expectedSeed='Language:en:NZ', expectedHash=5382528, langCode='en', countryCode='NZ', country='New Zealand'}]" classname="com.dotmarketing.business.DeterministicIdentifierAPITest" time="0.001"/>
  <testcase name="Test_Category_None_Persisted_Category_Should_Return_Deterministic_Id" classname="com.dotmarketing.business.DeterministicIdentifierAPITest" time="0.001"/>
  <testcase name="Test_Asset_Generate_Deterministic_Id_Best_Effort[0: TestCase{versionable=my.host1687896195965.com, parent=System Host, expectedName='my.host1687896195965.com', expectedType='Host'}]" classname="com.dotmarketing.business.DeterministicIdentifierAPITest" time="0.006"/>
  <testcase name="Test_Asset_Generate_Deterministic_Id_Best_Effort[1: TestCase{versionable=com.dotmarketing.portlets.contentlet.model.Contentlet@a51c1ef[map={modDate=2023-06-27 20:03:16.716, fileName=file10796745619078534434.txt, title=file10796745619078534434.txt, inode=b4660a5b-9848-449a-a832-acb0693df20f, __IS_NEW_CONTENT__=true, disabledWYSIWYG=[], host=a5431b0f-61c2-4dc8-b1e3-c72533dc6090, stInode=33888b6f-7a8e-4069-b1b6-5c1aa9d0a48d, owner=system, identifier=688e7c04-47e7-4636-a5fb-cf5206bfe47c, nullProperties=[wfExpireDate, wfPublishDate, wfActionAssign, wfActionId, wfActionComments, filterKey, whereToSend, wfNeverExpire, _path_to_move, timezoneId, iWantTo, wfPublishTime, wfExpireTime], languageId=1, fileAsset=/home/runner/work/core/custom/assets/b/4/b4660a5b-9848-449a-a832-acb0693df20f/fileAsset/file10796745619078534434.txt, folder=0267b55b-2ead-4d46-893a-005cc092a6ae, __disable_workflow__=true, sortOrder=0, modUser=system},lowIndexPriority=false,variantId=DEFAULT], parent=com.dotmarketing.portlets.folders.model.Folder@39643acf[identifier=0267b55b-2ead-4d46-893a-005cc092a6ae,name=testName1687896196710,sortOrder=0,showOnMenu=false,hostId=a5431b0f-61c2-4dc8-b1e3-c72533dc6090,type=folder,title=testTitle1687896196710,filesMasks=,defaultFileType=33888b6f-7a8e-4069-b1b6-5c1aa9d0a48d,modDate=2023-06-27 20:03:16.712,owner=&lt;null&gt;,iDate=2023-06-27 20:03:16.712,inode=0267b55b-2ead-4d46-893a-005cc092a6ae,path=/testName1687896196710/], expectedName='file10796745619078534434.txt', expectedType='FileAsset'}]" classname="com.dotmarketing.business.DeterministicIdentifierAPITest" time="0.003"/>
  <testcase name="Test_Asset_Generate_Deterministic_Id_Best_Effort[2: TestCase{versionable=com.dotmarketing.portlets.templates.model.Template@579c8a32, parent=my.host1687896195965.com, expectedName='testTitle1687896196800', expectedType='Template'}]" classname="com.dotmarketing.business.DeterministicIdentifierAPITest" time="0.002"/>
  <testcase name="Test_Asset_Generate_Deterministic_Id_Best_Effort[3: TestCase{versionable=com.dotmarketing.portlets.htmlpageasset.model.HTMLPageAsset@614a4d88[map={template=919496e5-73ff-47a8-914e-da6da24ab768, owner=system, identifier=7fcdf818-ff28-42a1-8c1f-c4b0bbfcc93d, nullProperties=[wfExpireDate, wfPublishDate, wfActionAssign, wfActionId, wfActionComments, filterKey, whereToSend, wfNeverExpire, _path_to_move, timezoneId, iWantTo, wfPublishTime, wfExpireTime], modDate=2023-06-27 20:03:16.813, cachettl=0, _is_test_mode=true, languageId=1, title=test-page-title-1687896196810, httpsreq=, url=test-page-url-1687896196810, showOnMenu=, inode=4cb4b115-ea2a-4ccf-83e8-48061e64eabb, folder=0267b55b-2ead-4d46-893a-005cc092a6ae, disabledWYSIWYG=[], sortOrder=1, modUser=system, host=a5431b0f-61c2-4dc8-b1e3-c72533dc6090, stInode=c541abb1-69b3-4bc5-8430-5e09e5239cc8, friendlyName=test-page-friendly-name-1687896196810},lowIndexPriority=false,variantId=DEFAULT], parent=com.dotmarketing.portlets.folders.model.Folder@39643acf[identifier=0267b55b-2ead-4d46-893a-005cc092a6ae,name=testName1687896196710,sortOrder=0,showOnMenu=false,hostId=a5431b0f-61c2-4dc8-b1e3-c72533dc6090,type=folder,title=testTitle1687896196710,filesMasks=,defaultFileType=33888b6f-7a8e-4069-b1b6-5c1aa9d0a48d,modDate=2023-06-27 20:03:16.712,owner=&lt;null&gt;,iDate=2023-06-27 20:03:16.712,inode=0267b55b-2ead-4d46-893a-005cc092a6ae,path=/testName1687896196710/], expectedName='test-page-url-1687896196810', expectedType='htmlpageasset'}]" classname="com.dotmarketing.business.DeterministicIdentifierAPITest" time="0.002"/>
  <testcase name="Test_Asset_Generate_Deterministic_Id_Best_Effort[4: TestCase{versionable=com.dotmarketing.portlets.contentlet.model.Contentlet@42863c3[map={fileAsset2=/home/runner/work/core/custom/assets/9/2/92acebf9-dd0e-449c-bc5f-2b1b8bb17431/fileAsset2/test_binary1687896197698.png, modDate=2023-06-27 20:03:17.701, fileAsset1=/home/runner/work/core/custom/assets/9/2/92acebf9-dd0e-449c-bc5f-2b1b8bb17431/fileAsset1/test_binary1687896197698.jpg, title=blah, inode=92acebf9-dd0e-449c-bc5f-2b1b8bb17431, __IS_NEW_CONTENT__=true, disabledWYSIWYG=[], host=48190c8c-42c4-46af-8d1a-0cd5db894797, stInode=44462755-f785-4282-bad4-eebacd60231f, owner=system, identifier=786fec9f-7efd-4a62-ad68-8171eb3d674b, nullProperties=[], languageId=1, image1=b3aad771-829e-404a-89e0-2a2bc59a2b3f, folder=SYSTEM_FOLDER, __disable_workflow__=true, sortOrder=0, modUser=system},lowIndexPriority=false,variantId=DEFAULT], parent=demo.dotcms.com, expectedName='test_binary1687896197698.jpg:test_binary1687896197698.png', expectedType='MultipleBinaries1687896196941'}]" classname="com.dotmarketing.business.DeterministicIdentifierAPITest" time="0.003"/>
  <testcase name="Test_Asset_Generate_Deterministic_Id_Best_Effort[5: TestCase{versionable=name45af10bcdd : keyTag45af10bcdd, parent=my.host1687896195965.com, expectedName='keyTag45af10bcdd', expectedType='persona'}]" classname="com.dotmarketing.business.DeterministicIdentifierAPITest" time="0.003"/>
  <testcase name="Test_Similar_Content_Type_Wont_Clash" classname="com.dotmarketing.business.DeterministicIdentifierAPITest" time="0.4"/>
  <testcase name="Test_Generate_Folder_Identifier" classname="com.dotmarketing.business.DeterministicIdentifierAPITest" time="0.759"/>
  <testcase name="Test_Generate_Content_Type_Identifier[0: ContentTypeTestCase{contentType=KeyValueContentType{name=Language Variable, id=f4d7c1b8-2c88-4071-abf1-a5328977b07d, description=Default Content Type for Language Variables, defaultType=false, fixed=true, iDate=Thu Aug 31 16:38:49 UTC 2017, system=true, versionable=true, variable=Languagevariable, modDate=Tue Jun 27 19:01:01 UTC 2023, host=SYSTEM_HOST, siteName=systemHost, icon=language, sortOrder=0, folder=SYSTEM_FOLDER, folderPath=/, markedForDeletion=true, multilingualable=false}, expectedName='Languagevariable', expectedType='KeyValue'}]" classname="com.dotmarketing.business.DeterministicIdentifierAPITest" time="0.003"/>
  <testcase name="Test_Generate_Content_Type_Identifier[1: ContentTypeTestCase{contentType=SimpleContentType{name=testName1687896198130, id=80dfa2bc-e9d9-4d7d-873e-ace172e227cb, description=testDescription1687896198130, defaultType=false, fixed=false, iDate=Tue Jun 27 20:03:18 UTC 2023, system=false, versionable=true, multilingualable=false, variable=testVarname1687896198130, owner=system, modDate=Tue Jun 27 20:03:18 UTC 2023, host=48190c8c-42c4-46af-8d1a-0cd5db894797, siteName=demo.dotcms.com, icon=event_note, sortOrder=0, folder=SYSTEM_FOLDER, folderPath=/, requiredFields=[], markedForDeletion=false}, expectedName='testVarname1687896198130', expectedType='CONTENT'}]" classname="com.dotmarketing.business.DeterministicIdentifierAPITest" time="0.003"/>
  <system-out><![CDATA[]]></system-out>
  <system-err><![CDATA[]]></system-err>
</testsuite>
