<?xml version="1.0" encoding="UTF-8"?>
<testsuite name="com.dotcms.rest.TagResourceIntegrationTest" tests="4" skipped="0" failures="0" errors="0" timestamp="2023-06-26T20:41:44" hostname="fv-az1241-672" time="0.399">
  <properties/>
  <testcase name="testList[0: com.dotcms.rest.TagResourceTestCase@524575fb]" classname="com.dotcms.rest.TagResourceIntegrationTest" time="0.304"/>
  <testcase name="testList[1: com.dotcms.rest.TagResourceTestCase@3dbc8fd1]" classname="com.dotcms.rest.TagResourceIntegrationTest" time="0.03"/>
  <testcase name="testList[2: com.dotcms.rest.TagResourceTestCase@7dfdeb64]" classname="com.dotcms.rest.TagResourceIntegrationTest" time="0.028"/>
  <testcase name="testList[3: com.dotcms.rest.TagResourceTestCase@5dd54651]" classname="com.dotcms.rest.TagResourceIntegrationTest" time="0.037"/>
  <system-out><![CDATA[]]></system-out>
  <system-err><![CDATA[Jun 26, 2023 8:41:44 PM com.dotcms.repackage.org.hibernate.validator.internal.util.Version <clinit>
INFO: HV000001: Hibernate Validator 4.3.2.Final
]]></system-err>
</testsuite>
