<?xml version="1.0" encoding="UTF-8"?>
<testsuite name="com.dotmarketing.business.DeterministicIdentifierAPITest" tests="16" skipped="0" failures="0" errors="0" timestamp="2023-06-23T18:34:25" hostname="fv-az646-389" time="1.151">
  <properties/>
  <testcase name="Test_Category_Path_Seed_And_Id" classname="com.dotmarketing.business.DeterministicIdentifierAPITest" time="0.025"/>
  <testcase name="Test_Language_Deterministic_Id[0: LanguageTestCase{expectedSeed='Language:es:US', expectedHash=4913155, langCode='es', countryCode='US', country='United States'}]" classname="com.dotmarketing.business.DeterministicIdentifierAPITest" time="0.001"/>
  <testcase name="Test_Language_Deterministic_Id[1: LanguageTestCase{expectedSeed='Language:ep:', expectedHash=5292269, langCode='ep', countryCode='', country=''}]" classname="com.dotmarketing.business.DeterministicIdentifierAPITest" time="0.001"/>
  <testcase name="Test_Language_Deterministic_Id[2: LanguageTestCase{expectedSeed='Language:sg:SAG', expectedHash=4713118, langCode='sg', countryCode='SAG', country=''}]" classname="com.dotmarketing.business.DeterministicIdentifierAPITest" time="0.001"/>
  <testcase name="Test_Language_Deterministic_Id[3: LanguageTestCase{expectedSeed='Language:en:NZ', expectedHash=5382528, langCode='en', countryCode='NZ', country='New Zealand'}]" classname="com.dotmarketing.business.DeterministicIdentifierAPITest" time="0.001"/>
  <testcase name="Test_Category_None_Persisted_Category_Should_Return_Deterministic_Id" classname="com.dotmarketing.business.DeterministicIdentifierAPITest" time="0.001"/>
  <testcase name="Test_Asset_Generate_Deterministic_Id_Best_Effort[0: TestCase{versionable=my.host1687539363792.com, parent=System Host, expectedName='my.host1687539363792.com', expectedType='Host'}]" classname="com.dotmarketing.business.DeterministicIdentifierAPITest" time="0.004"/>
  <testcase name="Test_Asset_Generate_Deterministic_Id_Best_Effort[1: TestCase{versionable=com.dotmarketing.portlets.contentlet.model.Contentlet@4cfc3c6[map={modDate=2023-06-23 16:56:04.931, fileName=file5918006755348348789.txt, title=file5918006755348348789.txt, inode=bd8bc2af-ed99-4982-895f-6a214be31d9b, __IS_NEW_CONTENT__=true, disabledWYSIWYG=[], host=dbf7e702-4d85-4544-ac1e-117cd1b1d9e2, stInode=33888b6f-7a8e-4069-b1b6-5c1aa9d0a48d, owner=system, identifier=5b46dc91-cc84-4cf3-9aca-079c9aea8e19, nullProperties=[wfExpireDate, wfPublishDate, wfActionAssign, wfActionId, wfActionComments, filterKey, whereToSend, wfNeverExpire, _path_to_move, timezoneId, iWantTo, wfPublishTime, wfExpireTime], languageId=1, fileAsset=/home/runner/work/core/custom/assets/b/d/bd8bc2af-ed99-4982-895f-6a214be31d9b/fileAsset/file5918006755348348789.txt, folder=41456e4d-22c3-49ca-98e5-66aa7eb287c6, __disable_workflow__=true, sortOrder=0, modUser=system},lowIndexPriority=false,variantId=DEFAULT], parent=com.dotmarketing.portlets.folders.model.Folder@5624016a[identifier=41456e4d-22c3-49ca-98e5-66aa7eb287c6,name=testName1687539364918,sortOrder=0,showOnMenu=false,hostId=dbf7e702-4d85-4544-ac1e-117cd1b1d9e2,type=folder,title=testTitle1687539364918,filesMasks=,defaultFileType=33888b6f-7a8e-4069-b1b6-5c1aa9d0a48d,modDate=2023-06-23 16:56:04.924,owner=&lt;null&gt;,iDate=2023-06-23 16:56:04.924,inode=41456e4d-22c3-49ca-98e5-66aa7eb287c6,path=/testName1687539364918/], expectedName='file5918006755348348789.txt', expectedType='FileAsset'}]" classname="com.dotmarketing.business.DeterministicIdentifierAPITest" time="0.004"/>
  <testcase name="Test_Asset_Generate_Deterministic_Id_Best_Effort[2: TestCase{versionable=com.dotmarketing.portlets.templates.model.Template@255d79, parent=my.host1687539363792.com, expectedName='testTitle1687539365028', expectedType='Template'}]" classname="com.dotmarketing.business.DeterministicIdentifierAPITest" time="0.003"/>
  <testcase name="Test_Asset_Generate_Deterministic_Id_Best_Effort[3: TestCase{versionable=com.dotmarketing.portlets.htmlpageasset.model.HTMLPageAsset@12c5167f[map={template=7680d723-4910-4dc5-a4d8-939a431f9a17, owner=system, identifier=1b268eb7-55c4-471b-a284-96ed58d0c641, nullProperties=[wfExpireDate, wfPublishDate, wfActionAssign, wfActionId, wfActionComments, filterKey, whereToSend, wfNeverExpire, _path_to_move, timezoneId, iWantTo, wfPublishTime, wfExpireTime], modDate=2023-06-23 16:56:05.051, cachettl=0, _is_test_mode=true, languageId=1, title=test-page-title-1687539365045, httpsreq=, url=test-page-url-1687539365045, showOnMenu=, inode=43739e9d-a402-4856-a4b8-31ed50238029, folder=41456e4d-22c3-49ca-98e5-66aa7eb287c6, disabledWYSIWYG=[], sortOrder=1, modUser=system, host=dbf7e702-4d85-4544-ac1e-117cd1b1d9e2, stInode=c541abb1-69b3-4bc5-8430-5e09e5239cc8, friendlyName=test-page-friendly-name-1687539365045},lowIndexPriority=false,variantId=DEFAULT], parent=com.dotmarketing.portlets.folders.model.Folder@5624016a[identifier=41456e4d-22c3-49ca-98e5-66aa7eb287c6,name=testName1687539364918,sortOrder=0,showOnMenu=false,hostId=dbf7e702-4d85-4544-ac1e-117cd1b1d9e2,type=folder,title=testTitle1687539364918,filesMasks=,defaultFileType=33888b6f-7a8e-4069-b1b6-5c1aa9d0a48d,modDate=2023-06-23 16:56:04.924,owner=&lt;null&gt;,iDate=2023-06-23 16:56:04.924,inode=41456e4d-22c3-49ca-98e5-66aa7eb287c6,path=/testName1687539364918/], expectedName='test-page-url-1687539365045', expectedType='htmlpageasset'}]" classname="com.dotmarketing.business.DeterministicIdentifierAPITest" time="0.002"/>
  <testcase name="Test_Asset_Generate_Deterministic_Id_Best_Effort[4: TestCase{versionable=com.dotmarketing.portlets.contentlet.model.Contentlet@3a98107[map={fileAsset2=/home/runner/work/core/custom/assets/3/b/3b103ba7-d29a-4d86-8593-1ea9694a8d0e/fileAsset2/test_binary1687539365851.png, modDate=2023-06-23 16:56:05.856, fileAsset1=/home/runner/work/core/custom/assets/3/b/3b103ba7-d29a-4d86-8593-1ea9694a8d0e/fileAsset1/test_binary1687539365850.jpg, title=blah, inode=3b103ba7-d29a-4d86-8593-1ea9694a8d0e, __IS_NEW_CONTENT__=true, disabledWYSIWYG=[], host=8a7d5e23-da1e-420a-b4f0-471e7da8ea2d, stInode=7df0f5d2-93ea-43bb-a016-e8a1c3ea66ec, owner=system, identifier=8258b2c0-d9e8-44dd-a4ca-216c65058c08, nullProperties=[], languageId=1, image1=75a9bcce-f96a-4c22-aee9-4e57d287e1e6, folder=SYSTEM_FOLDER, __disable_workflow__=true, sortOrder=0, modUser=system},lowIndexPriority=false,variantId=DEFAULT], parent=default, expectedName='test_binary1687539365850.jpg:test_binary1687539365851.png', expectedType='MultipleBinaries1687539365240'}]" classname="com.dotmarketing.business.DeterministicIdentifierAPITest" time="0.008"/>
  <testcase name="Test_Asset_Generate_Deterministic_Id_Best_Effort[5: TestCase{versionable=nameeadaadda54 : keyTageadaadda54, parent=my.host1687539363792.com, expectedName='keyTageadaadda54', expectedType='persona'}]" classname="com.dotmarketing.business.DeterministicIdentifierAPITest" time="0.006"/>
  <testcase name="Test_Similar_Content_Type_Wont_Clash" classname="com.dotmarketing.business.DeterministicIdentifierAPITest" time="0.496"/>
  <testcase name="Test_Generate_Folder_Identifier" classname="com.dotmarketing.business.DeterministicIdentifierAPITest" time="0.584"/>
  <testcase name="Test_Generate_Content_Type_Identifier[0: ContentTypeTestCase{contentType=KeyValueContentType{name=Language Variable, id=f4d7c1b8-2c88-4071-abf1-a5328977b07d, description=Default Content Type for Language Variables, defaultType=false, fixed=true, iDate=Thu Aug 31 16:38:49 UTC 2017, system=true, versionable=true, variable=Languagevariable, modDate=Fri Jun 23 16:52:34 UTC 2023, host=SYSTEM_HOST, siteName=systemHost, icon=language, sortOrder=0, folder=SYSTEM_FOLDER, folderPath=/, markedForDeletion=false, multilingualable=false}, expectedName='Languagevariable', expectedType='KeyValue'}]" classname="com.dotmarketing.business.DeterministicIdentifierAPITest" time="0.007"/>
  <testcase name="Test_Generate_Content_Type_Identifier[1: ContentTypeTestCase{contentType=SimpleContentType{name=testName1687539366204, id=13b7db9a-6180-470a-aceb-538af297e5e7, description=testDescription1687539366204, defaultType=false, fixed=false, iDate=Fri Jun 23 16:56:06 UTC 2023, system=false, versionable=true, multilingualable=false, variable=testVarname1687539366204, owner=system, modDate=Fri Jun 23 16:56:06 UTC 2023, host=8a7d5e23-da1e-420a-b4f0-471e7da8ea2d, siteName=default, icon=event_note, sortOrder=0, folder=SYSTEM_FOLDER, folderPath=/, requiredFields=[], markedForDeletion=false}, expectedName='testVarname1687539366204', expectedType='CONTENT'}]" classname="com.dotmarketing.business.DeterministicIdentifierAPITest" time="0.005"/>
  <system-out><![CDATA[]]></system-out>
  <system-err><![CDATA[]]></system-err>
</testsuite>
