<?xml version="1.0" encoding="UTF-8"?>
<testsuite name="com.dotcms.MainSuite2a" tests="0" skipped="0" failures="0" errors="0" timestamp="1970-01-01T00:00:00" hostname="fv-az590-241" time="0.0">
  <properties/>
  <system-out><![CDATA[











































































































]]></system-out>
  <system-err><![CDATA[Jun 29, 2023 6:31:39 AM com.impossibl.postgres.system.Settings set
WARNING: Applying unknown setting: autosave
]]></system-err>
</testsuite>
