<?xml version="1.0" encoding="UTF-8"?>
<testsuite name="com.dotcms.publishing.PublisherAPIImplTest" tests="24" skipped="0" failures="0" errors="0" timestamp="2023-06-30T16:07:11" hostname="fv-az452-220" time="3.891">
  <properties/>
  <testcase name="AddAllCategoryIntoBundle" classname="com.dotcms.publishing.PublisherAPIImplTest" time="0.143"/>
  <testcase name="testFilterDescriptors" classname="com.dotcms.publishing.PublisherAPIImplTest" time="0.065"/>
  <testcase name="sendPushPublishBundle[0: com.dotcms.publishing.PublisherAPIImplTest$TestAsset@9bfeba7]" classname="com.dotcms.publishing.PublisherAPIImplTest" time="1.077"/>
  <testcase name="sendPushPublishBundle[1: com.dotcms.publishing.PublisherAPIImplTest$TestAsset@2e8c90ab]" classname="com.dotcms.publishing.PublisherAPIImplTest" time="0.237"/>
  <testcase name="sendPushPublishBundle[2: com.dotcms.publishing.PublisherAPIImplTest$TestAsset@2d68cd8b]" classname="com.dotcms.publishing.PublisherAPIImplTest" time="0.138"/>
  <testcase name="sendPushPublishBundle[3: com.dotcms.publishing.PublisherAPIImplTest$TestAsset@23caa8]" classname="com.dotcms.publishing.PublisherAPIImplTest" time="0.289"/>
  <testcase name="sendPushPublishBundle[4: com.dotcms.publishing.PublisherAPIImplTest$TestAsset@7637fbd8]" classname="com.dotcms.publishing.PublisherAPIImplTest" time="0.208"/>
  <testcase name="sendPushPublishBundle[5: com.dotcms.publishing.PublisherAPIImplTest$TestAsset@3c74247d]" classname="com.dotcms.publishing.PublisherAPIImplTest" time="0.137"/>
  <testcase name="sendPushPublishBundle[6: com.dotcms.publishing.PublisherAPIImplTest$TestAsset@579ba2ed]" classname="com.dotcms.publishing.PublisherAPIImplTest" time="0.095"/>
  <testcase name="sendPushPublishBundle[7: com.dotcms.publishing.PublisherAPIImplTest$TestAsset@49f3543c]" classname="com.dotcms.publishing.PublisherAPIImplTest" time="0.121"/>
  <testcase name="sendPushPublishBundle[8: com.dotcms.publishing.PublisherAPIImplTest$TestAsset@538fe1]" classname="com.dotcms.publishing.PublisherAPIImplTest" time="0.108"/>
  <testcase name="sendPushPublishBundle[9: com.dotcms.publishing.PublisherAPIImplTest$TestAsset@1d19145a]" classname="com.dotcms.publishing.PublisherAPIImplTest" time="0.172"/>
  <testcase name="sendPushPublishBundle[10: com.dotcms.publishing.PublisherAPIImplTest$TestAsset@171f51de]" classname="com.dotcms.publishing.PublisherAPIImplTest" time="0.069"/>
  <testcase name="generateBundle[0: com.dotcms.publishing.PublisherAPIImplTest$TestAsset@9bfeba7]" classname="com.dotcms.publishing.PublisherAPIImplTest" time="0.102"/>
  <testcase name="generateBundle[1: com.dotcms.publishing.PublisherAPIImplTest$TestAsset@2e8c90ab]" classname="com.dotcms.publishing.PublisherAPIImplTest" time="0.094"/>
  <testcase name="generateBundle[2: com.dotcms.publishing.PublisherAPIImplTest$TestAsset@2d68cd8b]" classname="com.dotcms.publishing.PublisherAPIImplTest" time="0.083"/>
  <testcase name="generateBundle[3: com.dotcms.publishing.PublisherAPIImplTest$TestAsset@23caa8]" classname="com.dotcms.publishing.PublisherAPIImplTest" time="0.179"/>
  <testcase name="generateBundle[4: com.dotcms.publishing.PublisherAPIImplTest$TestAsset@7637fbd8]" classname="com.dotcms.publishing.PublisherAPIImplTest" time="0.193"/>
  <testcase name="generateBundle[5: com.dotcms.publishing.PublisherAPIImplTest$TestAsset@3c74247d]" classname="com.dotcms.publishing.PublisherAPIImplTest" time="0.086"/>
  <testcase name="generateBundle[6: com.dotcms.publishing.PublisherAPIImplTest$TestAsset@579ba2ed]" classname="com.dotcms.publishing.PublisherAPIImplTest" time="0.071"/>
  <testcase name="generateBundle[7: com.dotcms.publishing.PublisherAPIImplTest$TestAsset@49f3543c]" classname="com.dotcms.publishing.PublisherAPIImplTest" time="0.059"/>
  <testcase name="generateBundle[8: com.dotcms.publishing.PublisherAPIImplTest$TestAsset@538fe1]" classname="com.dotcms.publishing.PublisherAPIImplTest" time="0.048"/>
  <testcase name="generateBundle[9: com.dotcms.publishing.PublisherAPIImplTest$TestAsset@1d19145a]" classname="com.dotcms.publishing.PublisherAPIImplTest" time="0.098"/>
  <testcase name="generateBundle[10: com.dotcms.publishing.PublisherAPIImplTest$TestAsset@171f51de]" classname="com.dotcms.publishing.PublisherAPIImplTest" time="0.011"/>
  <system-out><![CDATA[









































































































































































]]></system-out>
  <system-err><![CDATA[]]></system-err>
</testsuite>
