<?xml version="1.0" encoding="UTF-8"?>
<testsuite name="com.dotcms.contenttype.test.ContentTypeResourceTest" tests="10" skipped="0" failures="0" errors="0" timestamp="2023-06-28T20:08:25" hostname="fv-az578-184" time="19.578">
  <properties/>
  <testcase name="testJson[0: file-asset.json]" classname="com.dotcms.contenttype.test.ContentTypeResourceTest" time="2.739"/>
  <testcase name="testJson[1: content-type-array-insert.json]" classname="com.dotcms.contenttype.test.ContentTypeResourceTest" time="3.47"/>
  <testcase name="testJson[2: persona-type-object.json]" classname="com.dotcms.contenttype.test.ContentTypeResourceTest" time="2.618"/>
  <testcase name="testJson[3: content-type-object.json]" classname="com.dotcms.contenttype.test.ContentTypeResourceTest" time="0.77"/>
  <testcase name="testJson[4: page-content-type.json]" classname="com.dotcms.contenttype.test.ContentTypeResourceTest" time="4.644"/>
  <testcase name="testJson[5: empty-widget.json]" classname="com.dotcms.contenttype.test.ContentTypeResourceTest" time="2.013"/>
  <testcase name="testJson[6: widget-type-object.json]" classname="com.dotcms.contenttype.test.ContentTypeResourceTest" time="1.792"/>
  <testcase name="testJson[7: content-type-object-insert.json]" classname="com.dotcms.contenttype.test.ContentTypeResourceTest" time="1.524"/>
  <testcase name="test_setHostAndFolderAsIdentifer_with_null" classname="com.dotcms.contenttype.test.ContentTypeResourceTest" time="0.002"/>
  <testcase name="test_setHostAndFolderAsIdentifer_with_System_Host" classname="com.dotcms.contenttype.test.ContentTypeResourceTest" time="0.006"/>
  <system-out><![CDATA[]]></system-out>
  <system-err><![CDATA[]]></system-err>
</testsuite>
