<?xml version="1.0" encoding="UTF-8"?>
<testsuite name="com.dotcms.auth.providers.jwt.JsonWebTokenUtilsIntegrationTest" tests="4" skipped="0" failures="0" errors="0" timestamp="2023-07-17T22:51:24" hostname="fv-az362-624" time="1.025">
  <properties/>
  <testcase name="get_user_in_token_modified" classname="com.dotcms.auth.providers.jwt.JsonWebTokenUtilsIntegrationTest" time="1.013"/>
  <testcase name="get_user_in_token" classname="com.dotcms.auth.providers.jwt.JsonWebTokenUtilsIntegrationTest" time="0.006"/>
  <testcase name="testWellFormedToken" classname="com.dotcms.auth.providers.jwt.JsonWebTokenUtilsIntegrationTest" time="0.003"/>
  <testcase name="testParseMalformedToken" classname="com.dotcms.auth.providers.jwt.JsonWebTokenUtilsIntegrationTest" time="0.001"/>
  <system-out><![CDATA[

]]></system-out>
  <system-err><![CDATA[]]></system-err>
</testsuite>
