<?xml version="1.0" encoding="UTF-8"?>
<testsuite name="com.dotcms.publisher.bundle.business.BundleAPITest" tests="11" skipped="0" failures="0" errors="0" timestamp="2023-07-18T22:20:32" hostname="fv-az749-132" time="5.851">
  <properties/>
  <testcase name="test_deleteBundleById_uploadedBundle" classname="com.dotcms.publisher.bundle.business.BundleAPITest" time="0.006"/>
  <testcase name="test_deleteBundleAndDependencies_bundleIdDoesNotExist" classname="com.dotcms.publisher.bundle.business.BundleAPITest" time="0.001"/>
  <testcase name="test_deleteAllBundles_byLimitedUser" classname="com.dotcms.publisher.bundle.business.BundleAPITest" time="0.757"/>
  <testcase name="test_bundleTgzExists_returnFalse" classname="com.dotcms.publisher.bundle.business.BundleAPITest" time="0.003"/>
  <testcase name="test_deleteBundleAndDependencies_byAdmin" classname="com.dotcms.publisher.bundle.business.BundleAPITest" time="0.752"/>
  <testcase name="test_deleteBundleAndDependenciesOlderThan_futureDate" classname="com.dotcms.publisher.bundle.business.BundleAPITest" time="0.001"/>
  <testcase name="test_deleteBundleAndDependenciesOlderThan_byAdmin" classname="com.dotcms.publisher.bundle.business.BundleAPITest" time="1.925"/>
  <testcase name="test_deleteBundleAndDependenciesOlderThan_byLimitedUser" classname="com.dotcms.publisher.bundle.business.BundleAPITest" time="0.821"/>
  <testcase name="test_bundleTgzExists_returnTrue" classname="com.dotcms.publisher.bundle.business.BundleAPITest" time="0.012"/>
  <testcase name="test_deleteAllBundles_byAdmin" classname="com.dotcms.publisher.bundle.business.BundleAPITest" time="0.822"/>
  <testcase name="test_deleteBundleAndDependencies_byLimitedUser" classname="com.dotcms.publisher.bundle.business.BundleAPITest" time="0.751"/>
  <system-out><![CDATA[
]]></system-out>
  <system-err><![CDATA[]]></system-err>
</testsuite>
