<?xml version="1.0" encoding="UTF-8"?>
<testsuite name="com.dotmarketing.startup.StartupTasksExecutorDataTest" tests="2" skipped="0" failures="0" errors="0" timestamp="2023-07-18T21:16:33" hostname="fv-az553-913" time="0.025">
  <properties/>
  <testcase name="testStartupTasksExecutorExecuteDataUpgrades" classname="com.dotmarketing.startup.StartupTasksExecutorDataTest" time="0.019"/>
  <testcase name="testStartupTasksExecutorGetDataVersionTable" classname="com.dotmarketing.startup.StartupTasksExecutorDataTest" time="0.006"/>
  <system-out><![CDATA[]]></system-out>
  <system-err><![CDATA[]]></system-err>
</testsuite>
