<?xml version="1.0" encoding="UTF-8"?>
<testsuite name="com.dotcms.rest.TagResourceIntegrationTest" tests="4" skipped="0" failures="0" errors="0" timestamp="2023-07-14T20:21:11" hostname="fv-az555-578" time="0.315">
  <properties/>
  <testcase name="testList[0: com.dotcms.rest.TagResourceTestCase@282897f2]" classname="com.dotcms.rest.TagResourceIntegrationTest" time="0.25"/>
  <testcase name="testList[1: com.dotcms.rest.TagResourceTestCase@15937ce9]" classname="com.dotcms.rest.TagResourceIntegrationTest" time="0.024"/>
  <testcase name="testList[2: com.dotcms.rest.TagResourceTestCase@1f3c8d87]" classname="com.dotcms.rest.TagResourceIntegrationTest" time="0.019"/>
  <testcase name="testList[3: com.dotcms.rest.TagResourceTestCase@411bdb15]" classname="com.dotcms.rest.TagResourceIntegrationTest" time="0.022"/>
  <system-out><![CDATA[]]></system-out>
  <system-err><![CDATA[Jul 14, 2023 8:21:11 PM com.dotcms.repackage.org.hibernate.validator.internal.util.Version <clinit>
INFO: HV000001: Hibernate Validator 4.3.2.Final
]]></system-err>
</testsuite>
