<?xml version="1.0" encoding="UTF-8"?>
<testsuite name="com.dotmarketing.servlets.ajax.AjaxDirectorServletIntegrationTest" tests="2" skipped="0" failures="0" errors="0" timestamp="2023-07-10T21:22:07" hostname="fv-az950-407" time="1.837">
  <properties/>
  <testcase name="testService[0: com.dotmarketing.servlets.ajax.AjaxDirectorServletTestCase@3df3aa5b]" classname="com.dotmarketing.servlets.ajax.AjaxDirectorServletIntegrationTest" time="1.152"/>
  <testcase name="testService[1: com.dotmarketing.servlets.ajax.AjaxDirectorServletTestCase@34054fed]" classname="com.dotmarketing.servlets.ajax.AjaxDirectorServletIntegrationTest" time="0.684"/>
  <system-out><![CDATA[]]></system-out>
  <system-err><![CDATA[]]></system-err>
</testsuite>
