<?xml version="1.0" encoding="UTF-8"?>
<testsuite name="com.dotmarketing.startup.runonce.Task210319CreateStorageTableTest" tests="1" skipped="0" failures="0" errors="0" timestamp="2023-07-18T20:08:04" hostname="fv-az206-458" time="0.019">
  <properties/>
  <testcase name="testExecuteUpgrade" classname="com.dotmarketing.startup.runonce.Task210319CreateStorageTableTest" time="0.019"/>
  <system-out><![CDATA[]]></system-out>
  <system-err><![CDATA[]]></system-err>
</testsuite>
