<?xml version="1.0" encoding="UTF-8"?>
<testsuite name="com.dotcms.rendering.velocity.servlet.VelocityServletIntegrationTest" tests="9" skipped="0" failures="0" errors="0" timestamp="2023-06-30T15:58:03" hostname="fv-az409-496" time="29.399">
  <properties/>
  <testcase name="backendUserRefererEmpty" classname="com.dotcms.rendering.velocity.servlet.VelocityServletIntegrationTest" time="1.343"/>
  <testcase name="backendUserRefererNotDotAdmin" classname="com.dotcms.rendering.velocity.servlet.VelocityServletIntegrationTest" time="0.674"/>
  <testcase name="whenRequestURLMapAndVanityURLTogether" classname="com.dotcms.rendering.velocity.servlet.VelocityServletIntegrationTest" time="9.269"/>
  <testcase name="testingTimeMachine" classname="com.dotcms.rendering.velocity.servlet.VelocityServletIntegrationTest" time="3.012"/>
  <testcase name="backendUserDisabledNavigateModeSet" classname="com.dotcms.rendering.velocity.servlet.VelocityServletIntegrationTest" time="0.919"/>
  <testcase name="backendUserRefererDotAdmin" classname="com.dotcms.rendering.velocity.servlet.VelocityServletIntegrationTest" time="1.005"/>
  <testcase name="whenRequestVanityURL" classname="com.dotcms.rendering.velocity.servlet.VelocityServletIntegrationTest" time="6.845"/>
  <testcase name="whenRequestURLMap" classname="com.dotcms.rendering.velocity.servlet.VelocityServletIntegrationTest" time="5.334"/>
  <testcase name="Test_Frontend_Login_Overrides_BackendLogin_When_Page_Requested" classname="com.dotcms.rendering.velocity.servlet.VelocityServletIntegrationTest" time="0.997"/>
  <system-out><![CDATA[]]></system-out>
  <system-err><![CDATA[]]></system-err>
</testsuite>
