<?xml version="1.0" encoding="UTF-8"?>
<testsuite name="com.dotcms.rest.api.v1.vtl.VTLResourceIntegrationTest" tests="6" skipped="0" failures="0" errors="0" timestamp="2023-07-18T18:13:48" hostname="fv-az803-421" time="13.123">
  <properties/>
  <testcase name="testGet[0: com.dotcms.rest.api.v1.vtl.VTLResourceTestCase@6547905d]" classname="com.dotcms.rest.api.v1.vtl.VTLResourceIntegrationTest" time="1.945"/>
  <testcase name="testGet[1: com.dotcms.rest.api.v1.vtl.VTLResourceTestCase@2a38fbbd]" classname="com.dotcms.rest.api.v1.vtl.VTLResourceIntegrationTest" time="2.08"/>
  <testcase name="testGet[2: com.dotcms.rest.api.v1.vtl.VTLResourceTestCase@b127f7c]" classname="com.dotcms.rest.api.v1.vtl.VTLResourceIntegrationTest" time="2.104"/>
  <testcase name="testGet[3: com.dotcms.rest.api.v1.vtl.VTLResourceTestCase@1cd1a75a]" classname="com.dotcms.rest.api.v1.vtl.VTLResourceIntegrationTest" time="2.93"/>
  <testcase name="testGet[4: com.dotcms.rest.api.v1.vtl.VTLResourceTestCase@454d09e5]" classname="com.dotcms.rest.api.v1.vtl.VTLResourceIntegrationTest" time="1.996"/>
  <testcase name="testGet[5: com.dotcms.rest.api.v1.vtl.VTLResourceTestCase@2845e7e2]" classname="com.dotcms.rest.api.v1.vtl.VTLResourceIntegrationTest" time="2.068"/>
  <system-out><![CDATA[]]></system-out>
  <system-err><![CDATA[]]></system-err>
</testsuite>
