<?xml version="1.0" encoding="UTF-8"?>
<testsuite name="com.dotmarketing.startup.runonce.Task220215MigrateDataFromInodeToFolderTest" tests="1" skipped="0" failures="0" errors="0" timestamp="2023-07-19T19:56:58" hostname="fv-az842-421" time="0.07">
  <properties/>
  <testcase name="test_upgradeTask_success" classname="com.dotmarketing.startup.runonce.Task220215MigrateDataFromInodeToFolderTest" time="0.07"/>
  <system-out><![CDATA[]]></system-out>
  <system-err><![CDATA[]]></system-err>
</testsuite>
