<?xml version="1.0" encoding="UTF-8"?>
<testsuite name="com.dotmarketing.startup.runonce.Task210802UpdateStructureTableTest" tests="1" skipped="0" failures="0" errors="0" timestamp="2023-07-17T17:39:12" hostname="fv-az797-388" time="0.03">
  <properties/>
  <testcase name="testExecuteUpgrade" classname="com.dotmarketing.startup.runonce.Task210802UpdateStructureTableTest" time="0.03"/>
  <system-out><![CDATA[]]></system-out>
  <system-err><![CDATA[]]></system-err>
</testsuite>
