<?xml version="1.0" encoding="UTF-8"?>
<testsuite name="com.dotcms.MainSuite" tests="0" skipped="0" failures="0" errors="0" timestamp="1970-01-01T00:00:00" hostname="fv-az248-258" time="0.0">
  <properties/>
  <system-out><![CDATA[Working Directory = /home/runner/work/core/core/dotCMS/.
path      :/WEB-INF/messages/Language_en.properties
workingDir:/home/runner/work/core/core/dotCMS/.
newPath   :/home/runner/work/core/core/dotCMS/./src/main/webapp/WEB-INF/messages/Language_en.properties
Working Directory = /home/runner/work/core/core/dotCMS/.
path      :/WEB-INF/messages/Language-ext_en.properties
workingDir:/home/runner/work/core/core/dotCMS/.
newPath   :/home/runner/work/core/core/dotCMS/./src/main/webapp/WEB-INF/messages/Language-ext_en.properties
Working Directory = /home/runner/work/core/core/dotCMS/.
path      :/WEB-INF/messages/Language.properties
workingDir:/home/runner/work/core/core/dotCMS/.
newPath   :/home/runner/work/core/core/dotCMS/./src/main/webapp/WEB-INF/messages/Language.properties
Working Directory = /home/runner/work/core/core/dotCMS/.
path      :/WEB-INF/messages/Language-ext.properties
workingDir:/home/runner/work/core/core/dotCMS/.
newPath   :/home/runner/work/core/core/dotCMS/./src/main/webapp/WEB-INF/messages/Language-ext.properties
SAML OSGI STARTING INIT.....
SAML version: 21.04, build number: 1
ERROR: Bundle com.dotcms.samlbundle [1] Error starting file:/home/runner/work/core/core/dist/dotserver/tomcat-9.0.60/webapps/ROOT/WEB-INF/felix-system/bundle/com.dotcms.samlbundle-22.03.jar (org.osgi.framework.BundleException: Activator start error in bundle com.dotcms.samlbundle [1].)
WARNING: sun.reflect.Reflection.getCallerClass is not supported. This will impact performance.







































































































































]]></system-out>
  <system-err><![CDATA[Jun 30, 2023 7:49:56 PM com.hazelcast.instance.AddressPicker
INFO: [LOCAL] [dev] [3.9.2] Prefer IPv4 stack is true.
Jun 30, 2023 7:49:56 PM com.hazelcast.instance.AddressPicker
INFO: [LOCAL] [dev] [3.9.2] Picked [172.18.0.1]:5701, using socket ServerSocket[addr=/0:0:0:0:0:0:0:0,localport=5701], bind any local is true
Jun 30, 2023 7:49:56 PM com.hazelcast.system
INFO: [172.18.0.1]:5701 [dev] [3.9.2] Hazelcast 3.9.2 (20180103 - 17e4ec3) starting at [172.18.0.1]:5701
Jun 30, 2023 7:49:56 PM com.hazelcast.system
INFO: [172.18.0.1]:5701 [dev] [3.9.2] Copyright (c) 2008-2017, Hazelcast, Inc. All Rights Reserved.
Jun 30, 2023 7:49:56 PM com.hazelcast.system
INFO: [172.18.0.1]:5701 [dev] [3.9.2] Configured Hazelcast Serialization version: 1
Jun 30, 2023 7:49:57 PM com.hazelcast.spi.impl.operationservice.impl.BackpressureRegulator
INFO: [172.18.0.1]:5701 [dev] [3.9.2] Backpressure is disabled
Jun 30, 2023 7:49:59 PM com.hazelcast.spi.impl.operationexecutor.impl.OperationExecutorImpl
INFO: [172.18.0.1]:5701 [dev] [3.9.2] Starting 2 partition threads and 3 generic threads (1 dedicated for priority tasks)
Jun 30, 2023 7:49:59 PM com.hazelcast.internal.diagnostics.Diagnostics
INFO: [172.18.0.1]:5701 [dev] [3.9.2] Diagnostics disabled. To enable add -Dhazelcast.diagnostics.enabled=true to the JVM arguments.
Jun 30, 2023 7:49:59 PM com.hazelcast.core.LifecycleService
INFO: [172.18.0.1]:5701 [dev] [3.9.2] [172.18.0.1]:5701 is STARTING
Jun 30, 2023 7:49:59 PM com.hazelcast.instance.Node
WARNING: [172.18.0.1]:5701 [dev] [3.9.2] No join method is enabled! Starting standalone.
Jun 30, 2023 7:49:59 PM com.hazelcast.system
INFO: [172.18.0.1]:5701 [dev] [3.9.2] Cluster version set to 3.9
Jun 30, 2023 7:49:59 PM com.hazelcast.core.LifecycleService
INFO: [172.18.0.1]:5701 [dev] [3.9.2] [172.18.0.1]:5701 is STARTED
java.lang.NullPointerException
	at com.dotcms.saml.osgi.Activator.addSamlWebInterceptor(Activator.java:90)
	at com.dotcms.saml.osgi.Activator.start(Activator.java:69)
	at org.apache.felix.framework.util.SecureAction.startActivator(SecureAction.java:697)
	at org.apache.felix.framework.Felix.activateBundle(Felix.java:2240)
	at org.apache.felix.framework.Felix.startBundle(Felix.java:2146)
	at org.apache.felix.framework.Felix.setActiveStartLevel(Felix.java:1373)
	at org.apache.felix.framework.FrameworkStartLevelImpl.run(FrameworkStartLevelImpl.java:308)
	at java.base/java.lang.Thread.run(Thread.java:829)
Jun 30, 2023 9:15:36 PM com.impossibl.postgres.system.Settings set
WARNING: Applying unknown setting: autosave
]]></system-err>
</testsuite>
