<?xml version="1.0" encoding="UTF-8"?>
<testsuite name="com.dotmarketing.servlets.ajax.AjaxDirectorServletIntegrationTest" tests="2" skipped="0" failures="0" errors="0" timestamp="2023-07-14T23:53:46" hostname="fv-az809-141" time="1.152">
  <properties/>
  <testcase name="testService[0: com.dotmarketing.servlets.ajax.AjaxDirectorServletTestCase@3f0ccdd4]" classname="com.dotmarketing.servlets.ajax.AjaxDirectorServletIntegrationTest" time="0.631"/>
  <testcase name="testService[1: com.dotmarketing.servlets.ajax.AjaxDirectorServletTestCase@4f953c1e]" classname="com.dotmarketing.servlets.ajax.AjaxDirectorServletIntegrationTest" time="0.521"/>
  <system-out><![CDATA[]]></system-out>
  <system-err><![CDATA[]]></system-err>
</testsuite>
