<?xml version="1.0" encoding="UTF-8"?>
<testsuite name="com.dotmarketing.business.DeterministicIdentifierAPITest" tests="16" skipped="0" failures="0" errors="0" timestamp="2023-06-23T18:46:38" hostname="fv-az592-477" time="1.48">
  <properties/>
  <testcase name="Test_Category_Path_Seed_And_Id" classname="com.dotmarketing.business.DeterministicIdentifierAPITest" time="0.029"/>
  <testcase name="Test_Language_Deterministic_Id[0: LanguageTestCase{expectedSeed='Language:es:US', expectedHash=4913155, langCode='es', countryCode='US', country='United States'}]" classname="com.dotmarketing.business.DeterministicIdentifierAPITest" time="0.001"/>
  <testcase name="Test_Language_Deterministic_Id[1: LanguageTestCase{expectedSeed='Language:ep:', expectedHash=5292269, langCode='ep', countryCode='', country=''}]" classname="com.dotmarketing.business.DeterministicIdentifierAPITest" time="0.001"/>
  <testcase name="Test_Language_Deterministic_Id[2: LanguageTestCase{expectedSeed='Language:sg:SAG', expectedHash=4713118, langCode='sg', countryCode='SAG', country=''}]" classname="com.dotmarketing.business.DeterministicIdentifierAPITest" time="0.001"/>
  <testcase name="Test_Language_Deterministic_Id[3: LanguageTestCase{expectedSeed='Language:en:NZ', expectedHash=5382528, langCode='en', countryCode='NZ', country='New Zealand'}]" classname="com.dotmarketing.business.DeterministicIdentifierAPITest" time="0.001"/>
  <testcase name="Test_Category_None_Persisted_Category_Should_Return_Deterministic_Id" classname="com.dotmarketing.business.DeterministicIdentifierAPITest" time="0.001"/>
  <testcase name="Test_Asset_Generate_Deterministic_Id_Best_Effort[0: TestCase{versionable=my.host1687540428961.com, parent=System Host, expectedName='my.host1687540428961.com', expectedType='Host'}]" classname="com.dotmarketing.business.DeterministicIdentifierAPITest" time="0.003"/>
  <testcase name="Test_Asset_Generate_Deterministic_Id_Best_Effort[1: TestCase{versionable=com.dotmarketing.portlets.contentlet.model.Contentlet@5f69c7c0[map={modDate=2023-06-23 17:13:50.027, fileName=file3678501456626982558.txt, title=file3678501456626982558.txt, inode=225f4666-6eab-44c4-b611-c5be94cc9fc0, __IS_NEW_CONTENT__=true, disabledWYSIWYG=[], host=25c6a6ae-6626-4b5d-8217-bb7fad11bc25, stInode=33888b6f-7a8e-4069-b1b6-5c1aa9d0a48d, owner=system, identifier=ace7d40e-15cf-485d-a6cf-0e0f43d6b19a, nullProperties=[wfExpireDate, wfPublishDate, wfActionAssign, wfActionId, wfActionComments, filterKey, whereToSend, wfNeverExpire, _path_to_move, timezoneId, iWantTo, wfPublishTime, wfExpireTime], languageId=1, fileAsset=/home/runner/work/core/custom/assets/2/2/225f4666-6eab-44c4-b611-c5be94cc9fc0/fileAsset/file3678501456626982558.txt, folder=be7e56d0-38a4-475d-a854-c860f6a5a2b5, __disable_workflow__=true, sortOrder=0, modUser=system},lowIndexPriority=false,variantId=DEFAULT], parent=com.dotmarketing.portlets.folders.model.Folder@5224dff0[identifier=be7e56d0-38a4-475d-a854-c860f6a5a2b5,name=testName1687540430019,sortOrder=0,showOnMenu=false,hostId=25c6a6ae-6626-4b5d-8217-bb7fad11bc25,type=folder,title=testTitle1687540430019,filesMasks=,defaultFileType=33888b6f-7a8e-4069-b1b6-5c1aa9d0a48d,modDate=2023-06-23 17:13:50.023,owner=&lt;null&gt;,iDate=2023-06-23 17:13:50.023,inode=be7e56d0-38a4-475d-a854-c860f6a5a2b5,path=/testName1687540430019/], expectedName='file3678501456626982558.txt', expectedType='FileAsset'}]" classname="com.dotmarketing.business.DeterministicIdentifierAPITest" time="0.003"/>
  <testcase name="Test_Asset_Generate_Deterministic_Id_Best_Effort[2: TestCase{versionable=com.dotmarketing.portlets.templates.model.Template@4eb63ed8, parent=my.host1687540428961.com, expectedName='testTitle1687540430110', expectedType='Template'}]" classname="com.dotmarketing.business.DeterministicIdentifierAPITest" time="0.002"/>
  <testcase name="Test_Asset_Generate_Deterministic_Id_Best_Effort[3: TestCase{versionable=com.dotmarketing.portlets.htmlpageasset.model.HTMLPageAsset@66d41967[map={template=6b3f522d-dcdc-44fb-9289-106ace43273e, owner=system, identifier=1e2d45c2-bd73-41ca-8910-fb9a40dd6133, nullProperties=[wfExpireDate, wfPublishDate, wfActionAssign, wfActionId, wfActionComments, filterKey, whereToSend, wfNeverExpire, _path_to_move, timezoneId, iWantTo, wfPublishTime, wfExpireTime], modDate=2023-06-23 17:13:50.13, cachettl=0, _is_test_mode=true, languageId=1, title=test-page-title-1687540430125, httpsreq=, url=test-page-url-1687540430125, showOnMenu=, inode=d80ac744-242d-429d-8c2f-17042a66a4c1, folder=be7e56d0-38a4-475d-a854-c860f6a5a2b5, disabledWYSIWYG=[], sortOrder=1, modUser=system, host=25c6a6ae-6626-4b5d-8217-bb7fad11bc25, stInode=c541abb1-69b3-4bc5-8430-5e09e5239cc8, friendlyName=test-page-friendly-name-1687540430125},lowIndexPriority=false,variantId=DEFAULT], parent=com.dotmarketing.portlets.folders.model.Folder@5224dff0[identifier=be7e56d0-38a4-475d-a854-c860f6a5a2b5,name=testName1687540430019,sortOrder=0,showOnMenu=false,hostId=25c6a6ae-6626-4b5d-8217-bb7fad11bc25,type=folder,title=testTitle1687540430019,filesMasks=,defaultFileType=33888b6f-7a8e-4069-b1b6-5c1aa9d0a48d,modDate=2023-06-23 17:13:50.023,owner=&lt;null&gt;,iDate=2023-06-23 17:13:50.023,inode=be7e56d0-38a4-475d-a854-c860f6a5a2b5,path=/testName1687540430019/], expectedName='test-page-url-1687540430125', expectedType='htmlpageasset'}]" classname="com.dotmarketing.business.DeterministicIdentifierAPITest" time="0.002"/>
  <testcase name="Test_Asset_Generate_Deterministic_Id_Best_Effort[4: TestCase{versionable=com.dotmarketing.portlets.contentlet.model.Contentlet@59fc3e9e[map={fileAsset2=/home/runner/work/core/custom/assets/3/c/3ccb2e2d-8d5f-4fbf-8d10-3923b9adecd1/fileAsset2/test_binary1687540430981.png, modDate=2023-06-23 17:13:50.988, fileAsset1=/home/runner/work/core/custom/assets/3/c/3ccb2e2d-8d5f-4fbf-8d10-3923b9adecd1/fileAsset1/test_binary1687540430981.jpg, title=blah, inode=3ccb2e2d-8d5f-4fbf-8d10-3923b9adecd1, __IS_NEW_CONTENT__=true, disabledWYSIWYG=[], host=8a7d5e23-da1e-420a-b4f0-471e7da8ea2d, stInode=d7d7ee9f-e4c4-49a0-8e1a-620e3660c7dc, owner=system, identifier=98796875-199f-4a71-bd20-4bc72a2538be, nullProperties=[], languageId=1, image1=d3d93f19-d0b9-4d18-85e6-41cf3e350c45, folder=SYSTEM_FOLDER, __disable_workflow__=true, sortOrder=0, modUser=system},lowIndexPriority=false,variantId=DEFAULT], parent=default, expectedName='test_binary1687540430981.jpg:test_binary1687540430981.png', expectedType='MultipleBinaries1687540430318'}]" classname="com.dotmarketing.business.DeterministicIdentifierAPITest" time="0.007"/>
  <testcase name="Test_Asset_Generate_Deterministic_Id_Best_Effort[5: TestCase{versionable=namecb5f999220 : keyTagcb5f999220, parent=my.host1687540428961.com, expectedName='keyTagcb5f999220', expectedType='persona'}]" classname="com.dotmarketing.business.DeterministicIdentifierAPITest" time="0.006"/>
  <testcase name="Test_Similar_Content_Type_Wont_Clash" classname="com.dotmarketing.business.DeterministicIdentifierAPITest" time="0.463"/>
  <testcase name="Test_Generate_Folder_Identifier" classname="com.dotmarketing.business.DeterministicIdentifierAPITest" time="0.944"/>
  <testcase name="Test_Generate_Content_Type_Identifier[0: ContentTypeTestCase{contentType=KeyValueContentType{name=Language Variable, id=f4d7c1b8-2c88-4071-abf1-a5328977b07d, description=Default Content Type for Language Variables, defaultType=false, fixed=true, iDate=Thu Aug 31 16:38:49 UTC 2017, system=true, versionable=true, variable=Languagevariable, modDate=Fri Jun 23 17:10:31 UTC 2023, host=SYSTEM_HOST, siteName=systemHost, icon=language, sortOrder=0, folder=SYSTEM_FOLDER, folderPath=/, markedForDeletion=false, multilingualable=false}, expectedName='Languagevariable', expectedType='KeyValue'}]" classname="com.dotmarketing.business.DeterministicIdentifierAPITest" time="0.006"/>
  <testcase name="Test_Generate_Content_Type_Identifier[1: ContentTypeTestCase{contentType=SimpleContentType{name=testName1687540431355, id=ee774391-186e-4877-a068-22c578ae67c1, description=testDescription1687540431355, defaultType=false, fixed=false, iDate=Fri Jun 23 17:13:51 UTC 2023, system=false, versionable=true, multilingualable=false, variable=testVarname1687540431355, owner=system, modDate=Fri Jun 23 17:13:51 UTC 2023, host=8a7d5e23-da1e-420a-b4f0-471e7da8ea2d, siteName=default, icon=event_note, sortOrder=0, folder=SYSTEM_FOLDER, folderPath=/, requiredFields=[], markedForDeletion=false}, expectedName='testVarname1687540431355', expectedType='CONTENT'}]" classname="com.dotmarketing.business.DeterministicIdentifierAPITest" time="0.005"/>
  <system-out><![CDATA[]]></system-out>
  <system-err><![CDATA[]]></system-err>
</testsuite>
