<?xml version="1.0" encoding="UTF-8"?>
<testsuite name="com.dotmarketing.portlets.personas.business.DeleteMultiTreeUsedPersonaTagJobTest" tests="1" skipped="0" failures="0" errors="0" timestamp="2023-07-11T01:20:41" hostname="fv-az336-51" time="0.076">
  <properties/>
  <testcase name="testExecute" classname="com.dotmarketing.portlets.personas.business.DeleteMultiTreeUsedPersonaTagJobTest" time="0.076"/>
  <system-out><![CDATA[]]></system-out>
  <system-err><![CDATA[]]></system-err>
</testsuite>
