<?xml version="1.0" encoding="UTF-8"?>
<testsuite name="com.dotmarketing.db.DbConnectionFactoryUtilTest" tests="1" skipped="0" failures="0" errors="0" timestamp="2023-07-13T17:22:50" hostname="fv-az216-569" time="0.006">
  <properties/>
  <testcase name="testInTransaction" classname="com.dotmarketing.db.DbConnectionFactoryUtilTest" time="0.006"/>
  <system-out><![CDATA[]]></system-out>
  <system-err><![CDATA[]]></system-err>
</testsuite>
