<?xml version="1.0" encoding="UTF-8"?>
<testsuite name="com.dotcms.enterprise.publishing.staticpublishing.LanguageFolderTest" tests="5" skipped="0" failures="0" errors="0" timestamp="2023-07-19T16:28:26" hostname="fv-az218-51" time="0.003">
  <properties/>
  <testcase name="testCompareTo[0: com.dotcms.enterprise.publishing.staticpublishing.LanguageFolderTest$TestCase@3567e4eb]" classname="com.dotcms.enterprise.publishing.staticpublishing.LanguageFolderTest" time="0.001"/>
  <testcase name="testCompareTo[1: com.dotcms.enterprise.publishing.staticpublishing.LanguageFolderTest$TestCase@44538260]" classname="com.dotcms.enterprise.publishing.staticpublishing.LanguageFolderTest" time="0.0"/>
  <testcase name="testCompareTo[2: com.dotcms.enterprise.publishing.staticpublishing.LanguageFolderTest$TestCase@56058cfc]" classname="com.dotcms.enterprise.publishing.staticpublishing.LanguageFolderTest" time="0.001"/>
  <testcase name="testCompareTo[3: com.dotcms.enterprise.publishing.staticpublishing.LanguageFolderTest$TestCase@556d635e]" classname="com.dotcms.enterprise.publishing.staticpublishing.LanguageFolderTest" time="0.0"/>
  <testcase name="testCompareTo[4: com.dotcms.enterprise.publishing.staticpublishing.LanguageFolderTest$TestCase@5f2785a4]" classname="com.dotcms.enterprise.publishing.staticpublishing.LanguageFolderTest" time="0.001"/>
  <system-out><![CDATA[]]></system-out>
  <system-err><![CDATA[]]></system-err>
</testsuite>
