<?xml version="1.0" encoding="UTF-8"?>
<testsuite name="com.dotcms.storage.FileMetadataAPITest" tests="45" skipped="0" failures="13" errors="0" timestamp="2023-06-23T22:17:53" hostname="fv-az551-628" time="40.831">
  <properties/>
  <testcase name="Test_Add_Then_Recover_Temp_Resource_Metadata" classname="com.dotcms.storage.FileMetadataAPITest" time="0.004"/>
  <testcase name="Test_GetMetadata[0: FILE_SYSTEM]" classname="com.dotcms.storage.FileMetadataAPITest" time="0.304"/>
  <testcase name="Test_GetMetadata[1: DB]" classname="com.dotcms.storage.FileMetadataAPITest" time="1.027"/>
  <testcase name="Test_Get_First_Indexed_Binary_Field" classname="com.dotcms.storage.FileMetadataAPITest" time="2.341"/>
  <testcase name="Test_Force_Set_Metadata[0: TestCase{langId=1, storageType=FILE_SYSTEM, testFile=test_image1.jpg, fileAssetContent=com.dotmarketing.portlets.contentlet.model.Contentlet@2e7375b4[map={modDate=2023-06-23 20:47:39.125, fileName=test_image11687553259122.jpg, title=test_image11687553259122.jpg, inode=11d636d5-69e8-45ee-ad3a-790c58eba002, __IS_NEW_CONTENT__=true, disabledWYSIWYG=[], host=8a7d5e23-da1e-420a-b4f0-471e7da8ea2d, stInode=33888b6f-7a8e-4069-b1b6-5c1aa9d0a48d, owner=system, identifier=a898766ce6447b8b8c94dfc394ea2068, nullProperties=[wfExpireDate, wfPublishDate, wfActionAssign, wfActionId, wfActionComments, filterKey, whereToSend, wfNeverExpire, _path_to_move, timezoneId, iWantTo, wfPublishTime, wfExpireTime], _is_test_mode=true, languageId=1, fileAsset=/home/runner/work/core/custom/assets/1/1/11d636d5-69e8-45ee-ad3a-790c58eba002/fileAsset/test_image11687553259122.jpg, folder=8ce4e901964cc280a065e8b9039598f5, __disable_workflow__=true, sortOrder=0, modUser=system},lowIndexPriority=false,variantId=DEFAULT]}]" classname="com.dotcms.storage.FileMetadataAPITest" time="0.72"/>
  <testcase name="Test_Force_Set_Metadata[1: TestCase{langId=1, storageType=FILE_SYSTEM, testFile=test.gif, fileAssetContent=com.dotmarketing.portlets.contentlet.model.Contentlet@4fa9dfaa[map={modDate=2023-06-23 20:47:39.98, fileName=test_image11687553259978.gif, title=test_image11687553259978.gif, inode=3e1571f1-6c6d-4b33-92eb-e0d18b495ed3, __IS_NEW_CONTENT__=true, disabledWYSIWYG=[], host=8a7d5e23-da1e-420a-b4f0-471e7da8ea2d, stInode=33888b6f-7a8e-4069-b1b6-5c1aa9d0a48d, owner=system, identifier=74d5c7962374f0bb82b5ebb213d7f34e, nullProperties=[wfExpireDate, wfPublishDate, wfActionAssign, wfActionId, wfActionComments, filterKey, whereToSend, wfNeverExpire, _path_to_move, timezoneId, iWantTo, wfPublishTime, wfExpireTime], _is_test_mode=true, languageId=1, fileAsset=/home/runner/work/core/custom/assets/3/e/3e1571f1-6c6d-4b33-92eb-e0d18b495ed3/fileAsset/test_image11687553259978.gif, folder=c29b8ab4c7f9c9cb2aa6ab1280cec63a, __disable_workflow__=true, sortOrder=0, modUser=system},lowIndexPriority=false,variantId=DEFAULT]}]" classname="com.dotcms.storage.FileMetadataAPITest" time="1.045"/>
  <testcase name="Test_Force_Set_Metadata[2: TestCase{langId=1, storageType=FILE_SYSTEM, testFile=test_image2.png, fileAssetContent=com.dotmarketing.portlets.contentlet.model.Contentlet@3d073c1a[map={modDate=2023-06-23 20:47:40.993, fileName=test_image11687553260990.png, title=test_image11687553260990.png, inode=322d7cf4-ee2f-4cd6-87d3-df2727f503b0, __IS_NEW_CONTENT__=true, disabledWYSIWYG=[], host=8a7d5e23-da1e-420a-b4f0-471e7da8ea2d, stInode=33888b6f-7a8e-4069-b1b6-5c1aa9d0a48d, owner=system, identifier=d39a37c348e4818410b96ca6d831292f, nullProperties=[wfExpireDate, wfPublishDate, wfActionAssign, wfActionId, wfActionComments, filterKey, whereToSend, wfNeverExpire, _path_to_move, timezoneId, iWantTo, wfPublishTime, wfExpireTime], _is_test_mode=true, languageId=1, fileAsset=/home/runner/work/core/custom/assets/3/2/322d7cf4-ee2f-4cd6-87d3-df2727f503b0/fileAsset/test_image11687553260990.png, folder=4846ec49dafaddc486fbd2c4c7046967, __disable_workflow__=true, sortOrder=0, modUser=system},lowIndexPriority=false,variantId=DEFAULT]}]" classname="com.dotcms.storage.FileMetadataAPITest" time="1.023"/>
  <testcase name="Test_Force_Set_Metadata[3: TestCase{langId=1, storageType=FILE_SYSTEM, testFile=test_image.svg, fileAssetContent=com.dotmarketing.portlets.contentlet.model.Contentlet@4042ee8b[map={modDate=2023-06-23 20:47:42.021, fileName=test_image11687553262011.svg, title=test_image11687553262011.svg, inode=6eaa2095-40dd-4e7a-aaa0-7ed353a07214, __IS_NEW_CONTENT__=true, disabledWYSIWYG=[], host=8a7d5e23-da1e-420a-b4f0-471e7da8ea2d, stInode=33888b6f-7a8e-4069-b1b6-5c1aa9d0a48d, owner=system, identifier=f0ca3d1ce4c77538f7dea86dd0aacd2b, nullProperties=[wfExpireDate, wfPublishDate, wfActionAssign, wfActionId, wfActionComments, filterKey, whereToSend, wfNeverExpire, _path_to_move, timezoneId, iWantTo, wfPublishTime, wfExpireTime], _is_test_mode=true, languageId=1, fileAsset=/home/runner/work/core/custom/assets/6/e/6eaa2095-40dd-4e7a-aaa0-7ed353a07214/fileAsset/test_image11687553262011.svg, folder=9c8c5f3fadbccd039c882530e9e419dd, __disable_workflow__=true, sortOrder=0, modUser=system},lowIndexPriority=false,variantId=DEFAULT]}]" classname="com.dotcms.storage.FileMetadataAPITest" time="1.024"/>
  <testcase name="Test_Force_Set_Metadata[4: TestCase{langId=1, storageType=FILE_SYSTEM, testFile=test.pdf, fileAssetContent=com.dotmarketing.portlets.contentlet.model.Contentlet@306e606c[map={modDate=2023-06-23 20:47:43.032, fileName=test_image11687553263028.pdf, title=test_image11687553263028.pdf, inode=1bbbcef7-1be4-4f40-8db0-ce1f2f8383e6, __IS_NEW_CONTENT__=true, disabledWYSIWYG=[], host=8a7d5e23-da1e-420a-b4f0-471e7da8ea2d, stInode=33888b6f-7a8e-4069-b1b6-5c1aa9d0a48d, owner=system, identifier=6aa58d982d6ee7cddb79f0e6afda1e79, nullProperties=[wfExpireDate, wfPublishDate, wfActionAssign, wfActionId, wfActionComments, filterKey, whereToSend, wfNeverExpire, _path_to_move, timezoneId, iWantTo, wfPublishTime, wfExpireTime], _is_test_mode=true, languageId=1, fileAsset=/home/runner/work/core/custom/assets/1/b/1bbbcef7-1be4-4f40-8db0-ce1f2f8383e6/fileAsset/test_image11687553263028.pdf, folder=3ce919a30601da26469c3d7fdde67647, __disable_workflow__=true, sortOrder=0, modUser=system},lowIndexPriority=false,variantId=DEFAULT]}]" classname="com.dotcms.storage.FileMetadataAPITest" time="1.022"/>
  <testcase name="Test_Force_Set_Metadata[5: TestCase{langId=1, storageType=DB, testFile=test_image1.jpg, fileAssetContent=com.dotmarketing.portlets.contentlet.model.Contentlet@52b24de9[map={modDate=2023-06-23 20:47:44.057, fileName=test_image11687553264054.jpg, title=test_image11687553264054.jpg, inode=32a29894-b73a-4de8-8d0f-e6b55e517300, __IS_NEW_CONTENT__=true, disabledWYSIWYG=[], host=8a7d5e23-da1e-420a-b4f0-471e7da8ea2d, stInode=33888b6f-7a8e-4069-b1b6-5c1aa9d0a48d, owner=system, identifier=8df16f5a471a240afa5c0784348bc418, nullProperties=[wfExpireDate, wfPublishDate, wfActionAssign, wfActionId, wfActionComments, filterKey, whereToSend, wfNeverExpire, _path_to_move, timezoneId, iWantTo, wfPublishTime, wfExpireTime], _is_test_mode=true, languageId=1, fileAsset=/home/runner/work/core/custom/assets/3/2/32a29894-b73a-4de8-8d0f-e6b55e517300/fileAsset/test_image11687553264054.jpg, folder=8e4247c55bc4d123edb9037b0c750702, __disable_workflow__=true, sortOrder=0, modUser=system},lowIndexPriority=false,variantId=DEFAULT]}]" classname="com.dotcms.storage.FileMetadataAPITest" time="1.029"/>
  <testcase name="Test_Force_Set_Metadata[6: TestCase{langId=1, storageType=DB, testFile=test.gif, fileAssetContent=com.dotmarketing.portlets.contentlet.model.Contentlet@5716e1[map={modDate=2023-06-23 20:47:45.071, fileName=test_image11687553265068.gif, title=test_image11687553265068.gif, inode=ae5b5c3d-5e91-4ad1-8782-2b37011a44dc, __IS_NEW_CONTENT__=true, disabledWYSIWYG=[], host=8a7d5e23-da1e-420a-b4f0-471e7da8ea2d, stInode=33888b6f-7a8e-4069-b1b6-5c1aa9d0a48d, owner=system, identifier=ec4d9bad87d4c6baad1663a3a432adb6, nullProperties=[wfExpireDate, wfPublishDate, wfActionAssign, wfActionId, wfActionComments, filterKey, whereToSend, wfNeverExpire, _path_to_move, timezoneId, iWantTo, wfPublishTime, wfExpireTime], _is_test_mode=true, languageId=1, fileAsset=/home/runner/work/core/custom/assets/a/e/ae5b5c3d-5e91-4ad1-8782-2b37011a44dc/fileAsset/test_image11687553265068.gif, folder=efe53be08c5adfef67bb50080fe2a49b, __disable_workflow__=true, sortOrder=0, modUser=system},lowIndexPriority=false,variantId=DEFAULT]}]" classname="com.dotcms.storage.FileMetadataAPITest" time="1.021"/>
  <testcase name="Test_Force_Set_Metadata[7: TestCase{langId=1, storageType=DB, testFile=test_image2.png, fileAssetContent=com.dotmarketing.portlets.contentlet.model.Contentlet@7742723e[map={modDate=2023-06-23 20:47:46.087, fileName=test_image11687553266084.png, title=test_image11687553266084.png, inode=cb4108bc-da00-4baf-9665-53eb2324f8e9, __IS_NEW_CONTENT__=true, disabledWYSIWYG=[], host=8a7d5e23-da1e-420a-b4f0-471e7da8ea2d, stInode=33888b6f-7a8e-4069-b1b6-5c1aa9d0a48d, owner=system, identifier=88154a65a17f11610116bf726fc0a24d, nullProperties=[wfExpireDate, wfPublishDate, wfActionAssign, wfActionId, wfActionComments, filterKey, whereToSend, wfNeverExpire, _path_to_move, timezoneId, iWantTo, wfPublishTime, wfExpireTime], _is_test_mode=true, languageId=1, fileAsset=/home/runner/work/core/custom/assets/c/b/cb4108bc-da00-4baf-9665-53eb2324f8e9/fileAsset/test_image11687553266084.png, folder=c98f32d12b53a4be781d9f3376248462, __disable_workflow__=true, sortOrder=0, modUser=system},lowIndexPriority=false,variantId=DEFAULT]}]" classname="com.dotcms.storage.FileMetadataAPITest" time="1.024"/>
  <testcase name="Test_Force_Set_Metadata[8: TestCase{langId=1, storageType=DB, testFile=test_image.svg, fileAssetContent=com.dotmarketing.portlets.contentlet.model.Contentlet@72447036[map={modDate=2023-06-23 20:47:47.102, fileName=test_image11687553267100.svg, title=test_image11687553267100.svg, inode=280c7ae3-ed7d-4991-844c-ab06c3620180, __IS_NEW_CONTENT__=true, disabledWYSIWYG=[], host=8a7d5e23-da1e-420a-b4f0-471e7da8ea2d, stInode=33888b6f-7a8e-4069-b1b6-5c1aa9d0a48d, owner=system, identifier=058f43ca0307011fef4665017fb7e4bb, nullProperties=[wfExpireDate, wfPublishDate, wfActionAssign, wfActionId, wfActionComments, filterKey, whereToSend, wfNeverExpire, _path_to_move, timezoneId, iWantTo, wfPublishTime, wfExpireTime], _is_test_mode=true, languageId=1, fileAsset=/home/runner/work/core/custom/assets/2/8/280c7ae3-ed7d-4991-844c-ab06c3620180/fileAsset/test_image11687553267100.svg, folder=e7ba65a8dda828e47ee1649b0c852f38, __disable_workflow__=true, sortOrder=0, modUser=system},lowIndexPriority=false,variantId=DEFAULT]}]" classname="com.dotcms.storage.FileMetadataAPITest" time="1.026"/>
  <testcase name="Test_Force_Set_Metadata[9: TestCase{langId=1, storageType=DB, testFile=test.pdf, fileAssetContent=com.dotmarketing.portlets.contentlet.model.Contentlet@59aca009[map={modDate=2023-06-23 20:47:48.12, fileName=test_image11687553268118.pdf, title=test_image11687553268118.pdf, inode=945c557e-4331-4bf7-8c34-b3c0333cf68a, __IS_NEW_CONTENT__=true, disabledWYSIWYG=[], host=8a7d5e23-da1e-420a-b4f0-471e7da8ea2d, stInode=33888b6f-7a8e-4069-b1b6-5c1aa9d0a48d, owner=system, identifier=43bb94c9bb2950a19269126ce768bd20, nullProperties=[wfExpireDate, wfPublishDate, wfActionAssign, wfActionId, wfActionComments, filterKey, whereToSend, wfNeverExpire, _path_to_move, timezoneId, iWantTo, wfPublishTime, wfExpireTime], _is_test_mode=true, languageId=1, fileAsset=/home/runner/work/core/custom/assets/9/4/945c557e-4331-4bf7-8c34-b3c0333cf68a/fileAsset/test_image11687553268118.pdf, folder=99aa94b846d7c545edbca69b7757ac04, __disable_workflow__=true, sortOrder=0, modUser=system},lowIndexPriority=false,variantId=DEFAULT]}]" classname="com.dotcms.storage.FileMetadataAPITest" time="1.019"/>
  <testcase name="Test_Generate_Metadata_From_HtmlPage_Should_Resolve_ExtendedMetadata" classname="com.dotcms.storage.FileMetadataAPITest" time="0.013">
    <failure message="java.lang.AssertionError" type="java.lang.AssertionError">java.lang.AssertionError
	at org.junit.Assert.fail(Assert.java:87)
	at org.junit.Assert.assertTrue(Assert.java:42)
	at org.junit.Assert.assertTrue(Assert.java:53)
	at com.dotcms.storage.FileMetadataAPITest.Test_Generate_Metadata_From_HtmlPage_Should_Resolve_ExtendedMetadata(FileMetadataAPITest.java:113)
	at java.base/jdk.internal.reflect.NativeMethodAccessorImpl.invoke0(Native Method)
	at java.base/jdk.internal.reflect.NativeMethodAccessorImpl.invoke(NativeMethodAccessorImpl.java:62)
	at java.base/jdk.internal.reflect.DelegatingMethodAccessorImpl.invoke(DelegatingMethodAccessorImpl.java:43)
	at java.base/java.lang.reflect.Method.invoke(Method.java:566)
	at org.junit.runners.model.FrameworkMethod$1.runReflectiveCall(FrameworkMethod.java:59)
	at org.junit.internal.runners.model.ReflectiveCallable.run(ReflectiveCallable.java:12)
	at org.junit.runners.model.FrameworkMethod.invokeExplosively(FrameworkMethod.java:56)
	at org.junit.internal.runners.statements.InvokeMethod.evaluate(InvokeMethod.java:17)
	at org.junit.runners.ParentRunner$3.evaluate(ParentRunner.java:306)
	at org.junit.rules.TestWatcher$1.evaluate(TestWatcher.java:61)
	at org.junit.rules.RunRules.evaluate(RunRules.java:20)
	at org.junit.runners.ParentRunner.runLeaf(ParentRunner.java:366)
	at com.dotcms.junit.CustomDataProviderRunner.runChild(CustomDataProviderRunner.java:38)
	at com.dotcms.junit.CustomDataProviderRunner.runChild(CustomDataProviderRunner.java:14)
	at org.junit.runners.ParentRunner$4.run(ParentRunner.java:331)
	at org.junit.runners.ParentRunner$1.schedule(ParentRunner.java:79)
	at org.junit.runners.ParentRunner.runChildren(ParentRunner.java:329)
	at org.junit.runners.ParentRunner.access$100(ParentRunner.java:66)
	at org.junit.runners.ParentRunner$2.evaluate(ParentRunner.java:293)
	at org.junit.runners.ParentRunner$3.evaluate(ParentRunner.java:306)
	at org.junit.runners.ParentRunner.run(ParentRunner.java:413)
	at com.dotcms.junit.MainBaseSuite$DotRunner.run(MainBaseSuite.java:60)
	at org.junit.runners.Suite.runChild(Suite.java:128)
	at org.junit.runners.Suite.runChild(Suite.java:27)
	at org.junit.runners.ParentRunner$4.run(ParentRunner.java:331)
	at org.junit.runners.ParentRunner$1.schedule(ParentRunner.java:79)
	at org.junit.runners.ParentRunner.runChildren(ParentRunner.java:329)
	at org.junit.runners.ParentRunner.access$100(ParentRunner.java:66)
	at org.junit.runners.ParentRunner$2.evaluate(ParentRunner.java:293)
	at org.junit.runners.ParentRunner$3.evaluate(ParentRunner.java:306)
	at org.junit.runners.ParentRunner.run(ParentRunner.java:413)
	at org.gradle.api.internal.tasks.testing.junit.JUnitTestClassExecutor.runTestClass(JUnitTestClassExecutor.java:110)
	at org.gradle.api.internal.tasks.testing.junit.JUnitTestClassExecutor.execute(JUnitTestClassExecutor.java:58)
	at org.gradle.api.internal.tasks.testing.junit.JUnitTestClassExecutor.execute(JUnitTestClassExecutor.java:38)
	at org.gradle.api.internal.tasks.testing.junit.AbstractJUnitTestClassProcessor.processTestClass(AbstractJUnitTestClassProcessor.java:62)
	at org.gradle.api.internal.tasks.testing.SuiteTestClassProcessor.processTestClass(SuiteTestClassProcessor.java:51)
	at java.base/jdk.internal.reflect.NativeMethodAccessorImpl.invoke0(Native Method)
	at java.base/jdk.internal.reflect.NativeMethodAccessorImpl.invoke(NativeMethodAccessorImpl.java:62)
	at java.base/jdk.internal.reflect.DelegatingMethodAccessorImpl.invoke(DelegatingMethodAccessorImpl.java:43)
	at java.base/java.lang.reflect.Method.invoke(Method.java:566)
	at org.gradle.internal.dispatch.ReflectionDispatch.dispatch(ReflectionDispatch.java:36)
	at org.gradle.internal.dispatch.ReflectionDispatch.dispatch(ReflectionDispatch.java:24)
	at org.gradle.internal.dispatch.ContextClassLoaderDispatch.dispatch(ContextClassLoaderDispatch.java:33)
	at org.gradle.internal.dispatch.ProxyDispatchAdapter$DispatchingInvocationHandler.invoke(ProxyDispatchAdapter.java:94)
	at com.sun.proxy.$Proxy5.processTestClass(Unknown Source)
	at org.gradle.api.internal.tasks.testing.worker.TestWorker$2.run(TestWorker.java:176)
	at org.gradle.api.internal.tasks.testing.worker.TestWorker.executeAndMaintainThreadName(TestWorker.java:129)
	at org.gradle.api.internal.tasks.testing.worker.TestWorker.execute(TestWorker.java:100)
	at org.gradle.api.internal.tasks.testing.worker.TestWorker.execute(TestWorker.java:60)
	at org.gradle.process.internal.worker.child.ActionExecutionWorker.execute(ActionExecutionWorker.java:56)
	at org.gradle.process.internal.worker.child.SystemApplicationClassLoaderWorker.call(SystemApplicationClassLoaderWorker.java:133)
	at org.gradle.process.internal.worker.child.SystemApplicationClassLoaderWorker.call(SystemApplicationClassLoaderWorker.java:71)
	at worker.org.gradle.process.internal.worker.GradleWorkerMain.run(GradleWorkerMain.java:69)
	at worker.org.gradle.process.internal.worker.GradleWorkerMain.main(GradleWorkerMain.java:74)
</failure>
  </testcase>
  <testcase name="Test_Generate_Metadata_From_FileAssets[0: TestCase{langId=1, storageType=FILE_SYSTEM, testFile=test_image1.jpg, fileAssetContent=com.dotmarketing.portlets.contentlet.model.Contentlet@2e7375b4[map={modDate=2023-06-23 20:47:39.125, fileName=test_image11687553259122.jpg, title=test_image11687553259122.jpg, inode=11d636d5-69e8-45ee-ad3a-790c58eba002, __IS_NEW_CONTENT__=true, disabledWYSIWYG=[], host=8a7d5e23-da1e-420a-b4f0-471e7da8ea2d, stInode=33888b6f-7a8e-4069-b1b6-5c1aa9d0a48d, owner=system, identifier=a898766ce6447b8b8c94dfc394ea2068, nullProperties=[wfExpireDate, wfPublishDate, wfActionAssign, wfActionId, wfActionComments, filterKey, whereToSend, wfNeverExpire, _path_to_move, timezoneId, iWantTo, wfPublishTime, wfExpireTime], _is_test_mode=true, languageId=1, fileAsset=/home/runner/work/core/custom/assets/1/1/11d636d5-69e8-45ee-ad3a-790c58eba002/fileAsset/test_image11687553259122.jpg, folder=8ce4e901964cc280a065e8b9039598f5, __disable_workflow__=true, sortOrder=0, modUser=system},lowIndexPriority=false,variantId=DEFAULT]}]" classname="com.dotcms.storage.FileMetadataAPITest" time="0.005">
    <failure message="java.lang.AssertionError" type="java.lang.AssertionError">java.lang.AssertionError
	at org.junit.Assert.fail(Assert.java:87)
	at org.junit.Assert.assertTrue(Assert.java:42)
	at org.junit.Assert.assertTrue(Assert.java:53)
	at com.dotcms.storage.FileMetadataAPITest.validateFull(FileMetadataAPITest.java:294)
	at com.dotcms.storage.FileMetadataAPITest.Test_Generate_Metadata_From_FileAssets(FileMetadataAPITest.java:147)
	at java.base/jdk.internal.reflect.NativeMethodAccessorImpl.invoke0(Native Method)
	at java.base/jdk.internal.reflect.NativeMethodAccessorImpl.invoke(NativeMethodAccessorImpl.java:62)
	at java.base/jdk.internal.reflect.DelegatingMethodAccessorImpl.invoke(DelegatingMethodAccessorImpl.java:43)
	at java.base/java.lang.reflect.Method.invoke(Method.java:566)
	at org.junit.runners.model.FrameworkMethod$1.runReflectiveCall(FrameworkMethod.java:59)
	at org.junit.internal.runners.model.ReflectiveCallable.run(ReflectiveCallable.java:12)
	at org.junit.runners.model.FrameworkMethod.invokeExplosively(FrameworkMethod.java:56)
	at com.tngtech.java.junit.dataprovider.DataProviderFrameworkMethod.invokeExplosively(DataProviderFrameworkMethod.java:119)
	at org.junit.internal.runners.statements.InvokeMethod.evaluate(InvokeMethod.java:17)
	at org.junit.runners.ParentRunner$3.evaluate(ParentRunner.java:306)
	at org.junit.rules.TestWatcher$1.evaluate(TestWatcher.java:61)
	at org.junit.rules.RunRules.evaluate(RunRules.java:20)
	at org.junit.runners.ParentRunner.runLeaf(ParentRunner.java:366)
	at com.dotcms.junit.CustomDataProviderRunner.runChild(CustomDataProviderRunner.java:38)
	at com.dotcms.junit.CustomDataProviderRunner.runChild(CustomDataProviderRunner.java:14)
	at org.junit.runners.ParentRunner$4.run(ParentRunner.java:331)
	at org.junit.runners.ParentRunner$1.schedule(ParentRunner.java:79)
	at org.junit.runners.ParentRunner.runChildren(ParentRunner.java:329)
	at org.junit.runners.ParentRunner.access$100(ParentRunner.java:66)
	at org.junit.runners.ParentRunner$2.evaluate(ParentRunner.java:293)
	at org.junit.runners.ParentRunner$3.evaluate(ParentRunner.java:306)
	at org.junit.runners.ParentRunner.run(ParentRunner.java:413)
	at com.dotcms.junit.MainBaseSuite$DotRunner.run(MainBaseSuite.java:60)
	at org.junit.runners.Suite.runChild(Suite.java:128)
	at org.junit.runners.Suite.runChild(Suite.java:27)
	at org.junit.runners.ParentRunner$4.run(ParentRunner.java:331)
	at org.junit.runners.ParentRunner$1.schedule(ParentRunner.java:79)
	at org.junit.runners.ParentRunner.runChildren(ParentRunner.java:329)
	at org.junit.runners.ParentRunner.access$100(ParentRunner.java:66)
	at org.junit.runners.ParentRunner$2.evaluate(ParentRunner.java:293)
	at org.junit.runners.ParentRunner$3.evaluate(ParentRunner.java:306)
	at org.junit.runners.ParentRunner.run(ParentRunner.java:413)
	at org.gradle.api.internal.tasks.testing.junit.JUnitTestClassExecutor.runTestClass(JUnitTestClassExecutor.java:110)
	at org.gradle.api.internal.tasks.testing.junit.JUnitTestClassExecutor.execute(JUnitTestClassExecutor.java:58)
	at org.gradle.api.internal.tasks.testing.junit.JUnitTestClassExecutor.execute(JUnitTestClassExecutor.java:38)
	at org.gradle.api.internal.tasks.testing.junit.AbstractJUnitTestClassProcessor.processTestClass(AbstractJUnitTestClassProcessor.java:62)
	at org.gradle.api.internal.tasks.testing.SuiteTestClassProcessor.processTestClass(SuiteTestClassProcessor.java:51)
	at java.base/jdk.internal.reflect.NativeMethodAccessorImpl.invoke0(Native Method)
	at java.base/jdk.internal.reflect.NativeMethodAccessorImpl.invoke(NativeMethodAccessorImpl.java:62)
	at java.base/jdk.internal.reflect.DelegatingMethodAccessorImpl.invoke(DelegatingMethodAccessorImpl.java:43)
	at java.base/java.lang.reflect.Method.invoke(Method.java:566)
	at org.gradle.internal.dispatch.ReflectionDispatch.dispatch(ReflectionDispatch.java:36)
	at org.gradle.internal.dispatch.ReflectionDispatch.dispatch(ReflectionDispatch.java:24)
	at org.gradle.internal.dispatch.ContextClassLoaderDispatch.dispatch(ContextClassLoaderDispatch.java:33)
	at org.gradle.internal.dispatch.ProxyDispatchAdapter$DispatchingInvocationHandler.invoke(ProxyDispatchAdapter.java:94)
	at com.sun.proxy.$Proxy5.processTestClass(Unknown Source)
	at org.gradle.api.internal.tasks.testing.worker.TestWorker$2.run(TestWorker.java:176)
	at org.gradle.api.internal.tasks.testing.worker.TestWorker.executeAndMaintainThreadName(TestWorker.java:129)
	at org.gradle.api.internal.tasks.testing.worker.TestWorker.execute(TestWorker.java:100)
	at org.gradle.api.internal.tasks.testing.worker.TestWorker.execute(TestWorker.java:60)
	at org.gradle.process.internal.worker.child.ActionExecutionWorker.execute(ActionExecutionWorker.java:56)
	at org.gradle.process.internal.worker.child.SystemApplicationClassLoaderWorker.call(SystemApplicationClassLoaderWorker.java:133)
	at org.gradle.process.internal.worker.child.SystemApplicationClassLoaderWorker.call(SystemApplicationClassLoaderWorker.java:71)
	at worker.org.gradle.process.internal.worker.GradleWorkerMain.run(GradleWorkerMain.java:69)
	at worker.org.gradle.process.internal.worker.GradleWorkerMain.main(GradleWorkerMain.java:74)
</failure>
  </testcase>
  <testcase name="Test_Generate_Metadata_From_FileAssets[1: TestCase{langId=1, storageType=FILE_SYSTEM, testFile=test.gif, fileAssetContent=com.dotmarketing.portlets.contentlet.model.Contentlet@4fa9dfaa[map={modDate=2023-06-23 20:47:39.98, fileName=test_image11687553259978.gif, title=test_image11687553259978.gif, inode=3e1571f1-6c6d-4b33-92eb-e0d18b495ed3, __IS_NEW_CONTENT__=true, disabledWYSIWYG=[], host=8a7d5e23-da1e-420a-b4f0-471e7da8ea2d, stInode=33888b6f-7a8e-4069-b1b6-5c1aa9d0a48d, owner=system, identifier=74d5c7962374f0bb82b5ebb213d7f34e, nullProperties=[wfExpireDate, wfPublishDate, wfActionAssign, wfActionId, wfActionComments, filterKey, whereToSend, wfNeverExpire, _path_to_move, timezoneId, iWantTo, wfPublishTime, wfExpireTime], _is_test_mode=true, languageId=1, fileAsset=/home/runner/work/core/custom/assets/3/e/3e1571f1-6c6d-4b33-92eb-e0d18b495ed3/fileAsset/test_image11687553259978.gif, folder=c29b8ab4c7f9c9cb2aa6ab1280cec63a, __disable_workflow__=true, sortOrder=0, modUser=system},lowIndexPriority=false,variantId=DEFAULT]}]" classname="com.dotcms.storage.FileMetadataAPITest" time="0.007">
    <failure message="java.lang.AssertionError" type="java.lang.AssertionError">java.lang.AssertionError
	at org.junit.Assert.fail(Assert.java:87)
	at org.junit.Assert.assertTrue(Assert.java:42)
	at org.junit.Assert.assertTrue(Assert.java:53)
	at com.dotcms.storage.FileMetadataAPITest.validateFull(FileMetadataAPITest.java:294)
	at com.dotcms.storage.FileMetadataAPITest.Test_Generate_Metadata_From_FileAssets(FileMetadataAPITest.java:147)
	at java.base/jdk.internal.reflect.NativeMethodAccessorImpl.invoke0(Native Method)
	at java.base/jdk.internal.reflect.NativeMethodAccessorImpl.invoke(NativeMethodAccessorImpl.java:62)
	at java.base/jdk.internal.reflect.DelegatingMethodAccessorImpl.invoke(DelegatingMethodAccessorImpl.java:43)
	at java.base/java.lang.reflect.Method.invoke(Method.java:566)
	at org.junit.runners.model.FrameworkMethod$1.runReflectiveCall(FrameworkMethod.java:59)
	at org.junit.internal.runners.model.ReflectiveCallable.run(ReflectiveCallable.java:12)
	at org.junit.runners.model.FrameworkMethod.invokeExplosively(FrameworkMethod.java:56)
	at com.tngtech.java.junit.dataprovider.DataProviderFrameworkMethod.invokeExplosively(DataProviderFrameworkMethod.java:119)
	at org.junit.internal.runners.statements.InvokeMethod.evaluate(InvokeMethod.java:17)
	at org.junit.runners.ParentRunner$3.evaluate(ParentRunner.java:306)
	at org.junit.rules.TestWatcher$1.evaluate(TestWatcher.java:61)
	at org.junit.rules.RunRules.evaluate(RunRules.java:20)
	at org.junit.runners.ParentRunner.runLeaf(ParentRunner.java:366)
	at com.dotcms.junit.CustomDataProviderRunner.runChild(CustomDataProviderRunner.java:38)
	at com.dotcms.junit.CustomDataProviderRunner.runChild(CustomDataProviderRunner.java:14)
	at org.junit.runners.ParentRunner$4.run(ParentRunner.java:331)
	at org.junit.runners.ParentRunner$1.schedule(ParentRunner.java:79)
	at org.junit.runners.ParentRunner.runChildren(ParentRunner.java:329)
	at org.junit.runners.ParentRunner.access$100(ParentRunner.java:66)
	at org.junit.runners.ParentRunner$2.evaluate(ParentRunner.java:293)
	at org.junit.runners.ParentRunner$3.evaluate(ParentRunner.java:306)
	at org.junit.runners.ParentRunner.run(ParentRunner.java:413)
	at com.dotcms.junit.MainBaseSuite$DotRunner.run(MainBaseSuite.java:60)
	at org.junit.runners.Suite.runChild(Suite.java:128)
	at org.junit.runners.Suite.runChild(Suite.java:27)
	at org.junit.runners.ParentRunner$4.run(ParentRunner.java:331)
	at org.junit.runners.ParentRunner$1.schedule(ParentRunner.java:79)
	at org.junit.runners.ParentRunner.runChildren(ParentRunner.java:329)
	at org.junit.runners.ParentRunner.access$100(ParentRunner.java:66)
	at org.junit.runners.ParentRunner$2.evaluate(ParentRunner.java:293)
	at org.junit.runners.ParentRunner$3.evaluate(ParentRunner.java:306)
	at org.junit.runners.ParentRunner.run(ParentRunner.java:413)
	at org.gradle.api.internal.tasks.testing.junit.JUnitTestClassExecutor.runTestClass(JUnitTestClassExecutor.java:110)
	at org.gradle.api.internal.tasks.testing.junit.JUnitTestClassExecutor.execute(JUnitTestClassExecutor.java:58)
	at org.gradle.api.internal.tasks.testing.junit.JUnitTestClassExecutor.execute(JUnitTestClassExecutor.java:38)
	at org.gradle.api.internal.tasks.testing.junit.AbstractJUnitTestClassProcessor.processTestClass(AbstractJUnitTestClassProcessor.java:62)
	at org.gradle.api.internal.tasks.testing.SuiteTestClassProcessor.processTestClass(SuiteTestClassProcessor.java:51)
	at java.base/jdk.internal.reflect.NativeMethodAccessorImpl.invoke0(Native Method)
	at java.base/jdk.internal.reflect.NativeMethodAccessorImpl.invoke(NativeMethodAccessorImpl.java:62)
	at java.base/jdk.internal.reflect.DelegatingMethodAccessorImpl.invoke(DelegatingMethodAccessorImpl.java:43)
	at java.base/java.lang.reflect.Method.invoke(Method.java:566)
	at org.gradle.internal.dispatch.ReflectionDispatch.dispatch(ReflectionDispatch.java:36)
	at org.gradle.internal.dispatch.ReflectionDispatch.dispatch(ReflectionDispatch.java:24)
	at org.gradle.internal.dispatch.ContextClassLoaderDispatch.dispatch(ContextClassLoaderDispatch.java:33)
	at org.gradle.internal.dispatch.ProxyDispatchAdapter$DispatchingInvocationHandler.invoke(ProxyDispatchAdapter.java:94)
	at com.sun.proxy.$Proxy5.processTestClass(Unknown Source)
	at org.gradle.api.internal.tasks.testing.worker.TestWorker$2.run(TestWorker.java:176)
	at org.gradle.api.internal.tasks.testing.worker.TestWorker.executeAndMaintainThreadName(TestWorker.java:129)
	at org.gradle.api.internal.tasks.testing.worker.TestWorker.execute(TestWorker.java:100)
	at org.gradle.api.internal.tasks.testing.worker.TestWorker.execute(TestWorker.java:60)
	at org.gradle.process.internal.worker.child.ActionExecutionWorker.execute(ActionExecutionWorker.java:56)
	at org.gradle.process.internal.worker.child.SystemApplicationClassLoaderWorker.call(SystemApplicationClassLoaderWorker.java:133)
	at org.gradle.process.internal.worker.child.SystemApplicationClassLoaderWorker.call(SystemApplicationClassLoaderWorker.java:71)
	at worker.org.gradle.process.internal.worker.GradleWorkerMain.run(GradleWorkerMain.java:69)
	at worker.org.gradle.process.internal.worker.GradleWorkerMain.main(GradleWorkerMain.java:74)
</failure>
  </testcase>
  <testcase name="Test_Generate_Metadata_From_FileAssets[2: TestCase{langId=1, storageType=FILE_SYSTEM, testFile=test_image2.png, fileAssetContent=com.dotmarketing.portlets.contentlet.model.Contentlet@3d073c1a[map={modDate=2023-06-23 20:47:40.993, fileName=test_image11687553260990.png, title=test_image11687553260990.png, inode=322d7cf4-ee2f-4cd6-87d3-df2727f503b0, __IS_NEW_CONTENT__=true, disabledWYSIWYG=[], host=8a7d5e23-da1e-420a-b4f0-471e7da8ea2d, stInode=33888b6f-7a8e-4069-b1b6-5c1aa9d0a48d, owner=system, identifier=d39a37c348e4818410b96ca6d831292f, nullProperties=[wfExpireDate, wfPublishDate, wfActionAssign, wfActionId, wfActionComments, filterKey, whereToSend, wfNeverExpire, _path_to_move, timezoneId, iWantTo, wfPublishTime, wfExpireTime], _is_test_mode=true, languageId=1, fileAsset=/home/runner/work/core/custom/assets/3/2/322d7cf4-ee2f-4cd6-87d3-df2727f503b0/fileAsset/test_image11687553260990.png, folder=4846ec49dafaddc486fbd2c4c7046967, __disable_workflow__=true, sortOrder=0, modUser=system},lowIndexPriority=false,variantId=DEFAULT]}]" classname="com.dotcms.storage.FileMetadataAPITest" time="0.033">
    <failure message="java.lang.AssertionError" type="java.lang.AssertionError">java.lang.AssertionError
	at org.junit.Assert.fail(Assert.java:87)
	at org.junit.Assert.assertTrue(Assert.java:42)
	at org.junit.Assert.assertTrue(Assert.java:53)
	at com.dotcms.storage.FileMetadataAPITest.validateFull(FileMetadataAPITest.java:294)
	at com.dotcms.storage.FileMetadataAPITest.Test_Generate_Metadata_From_FileAssets(FileMetadataAPITest.java:147)
	at java.base/jdk.internal.reflect.NativeMethodAccessorImpl.invoke0(Native Method)
	at java.base/jdk.internal.reflect.NativeMethodAccessorImpl.invoke(NativeMethodAccessorImpl.java:62)
	at java.base/jdk.internal.reflect.DelegatingMethodAccessorImpl.invoke(DelegatingMethodAccessorImpl.java:43)
	at java.base/java.lang.reflect.Method.invoke(Method.java:566)
	at org.junit.runners.model.FrameworkMethod$1.runReflectiveCall(FrameworkMethod.java:59)
	at org.junit.internal.runners.model.ReflectiveCallable.run(ReflectiveCallable.java:12)
	at org.junit.runners.model.FrameworkMethod.invokeExplosively(FrameworkMethod.java:56)
	at com.tngtech.java.junit.dataprovider.DataProviderFrameworkMethod.invokeExplosively(DataProviderFrameworkMethod.java:119)
	at org.junit.internal.runners.statements.InvokeMethod.evaluate(InvokeMethod.java:17)
	at org.junit.runners.ParentRunner$3.evaluate(ParentRunner.java:306)
	at org.junit.rules.TestWatcher$1.evaluate(TestWatcher.java:61)
	at org.junit.rules.RunRules.evaluate(RunRules.java:20)
	at org.junit.runners.ParentRunner.runLeaf(ParentRunner.java:366)
	at com.dotcms.junit.CustomDataProviderRunner.runChild(CustomDataProviderRunner.java:38)
	at com.dotcms.junit.CustomDataProviderRunner.runChild(CustomDataProviderRunner.java:14)
	at org.junit.runners.ParentRunner$4.run(ParentRunner.java:331)
	at org.junit.runners.ParentRunner$1.schedule(ParentRunner.java:79)
	at org.junit.runners.ParentRunner.runChildren(ParentRunner.java:329)
	at org.junit.runners.ParentRunner.access$100(ParentRunner.java:66)
	at org.junit.runners.ParentRunner$2.evaluate(ParentRunner.java:293)
	at org.junit.runners.ParentRunner$3.evaluate(ParentRunner.java:306)
	at org.junit.runners.ParentRunner.run(ParentRunner.java:413)
	at com.dotcms.junit.MainBaseSuite$DotRunner.run(MainBaseSuite.java:60)
	at org.junit.runners.Suite.runChild(Suite.java:128)
	at org.junit.runners.Suite.runChild(Suite.java:27)
	at org.junit.runners.ParentRunner$4.run(ParentRunner.java:331)
	at org.junit.runners.ParentRunner$1.schedule(ParentRunner.java:79)
	at org.junit.runners.ParentRunner.runChildren(ParentRunner.java:329)
	at org.junit.runners.ParentRunner.access$100(ParentRunner.java:66)
	at org.junit.runners.ParentRunner$2.evaluate(ParentRunner.java:293)
	at org.junit.runners.ParentRunner$3.evaluate(ParentRunner.java:306)
	at org.junit.runners.ParentRunner.run(ParentRunner.java:413)
	at org.gradle.api.internal.tasks.testing.junit.JUnitTestClassExecutor.runTestClass(JUnitTestClassExecutor.java:110)
	at org.gradle.api.internal.tasks.testing.junit.JUnitTestClassExecutor.execute(JUnitTestClassExecutor.java:58)
	at org.gradle.api.internal.tasks.testing.junit.JUnitTestClassExecutor.execute(JUnitTestClassExecutor.java:38)
	at org.gradle.api.internal.tasks.testing.junit.AbstractJUnitTestClassProcessor.processTestClass(AbstractJUnitTestClassProcessor.java:62)
	at org.gradle.api.internal.tasks.testing.SuiteTestClassProcessor.processTestClass(SuiteTestClassProcessor.java:51)
	at java.base/jdk.internal.reflect.NativeMethodAccessorImpl.invoke0(Native Method)
	at java.base/jdk.internal.reflect.NativeMethodAccessorImpl.invoke(NativeMethodAccessorImpl.java:62)
	at java.base/jdk.internal.reflect.DelegatingMethodAccessorImpl.invoke(DelegatingMethodAccessorImpl.java:43)
	at java.base/java.lang.reflect.Method.invoke(Method.java:566)
	at org.gradle.internal.dispatch.ReflectionDispatch.dispatch(ReflectionDispatch.java:36)
	at org.gradle.internal.dispatch.ReflectionDispatch.dispatch(ReflectionDispatch.java:24)
	at org.gradle.internal.dispatch.ContextClassLoaderDispatch.dispatch(ContextClassLoaderDispatch.java:33)
	at org.gradle.internal.dispatch.ProxyDispatchAdapter$DispatchingInvocationHandler.invoke(ProxyDispatchAdapter.java:94)
	at com.sun.proxy.$Proxy5.processTestClass(Unknown Source)
	at org.gradle.api.internal.tasks.testing.worker.TestWorker$2.run(TestWorker.java:176)
	at org.gradle.api.internal.tasks.testing.worker.TestWorker.executeAndMaintainThreadName(TestWorker.java:129)
	at org.gradle.api.internal.tasks.testing.worker.TestWorker.execute(TestWorker.java:100)
	at org.gradle.api.internal.tasks.testing.worker.TestWorker.execute(TestWorker.java:60)
	at org.gradle.process.internal.worker.child.ActionExecutionWorker.execute(ActionExecutionWorker.java:56)
	at org.gradle.process.internal.worker.child.SystemApplicationClassLoaderWorker.call(SystemApplicationClassLoaderWorker.java:133)
	at org.gradle.process.internal.worker.child.SystemApplicationClassLoaderWorker.call(SystemApplicationClassLoaderWorker.java:71)
	at worker.org.gradle.process.internal.worker.GradleWorkerMain.run(GradleWorkerMain.java:69)
	at worker.org.gradle.process.internal.worker.GradleWorkerMain.main(GradleWorkerMain.java:74)
</failure>
  </testcase>
  <testcase name="Test_Generate_Metadata_From_FileAssets[3: TestCase{langId=1, storageType=FILE_SYSTEM, testFile=test_image.svg, fileAssetContent=com.dotmarketing.portlets.contentlet.model.Contentlet@4042ee8b[map={modDate=2023-06-23 20:47:42.021, fileName=test_image11687553262011.svg, title=test_image11687553262011.svg, inode=6eaa2095-40dd-4e7a-aaa0-7ed353a07214, __IS_NEW_CONTENT__=true, disabledWYSIWYG=[], host=8a7d5e23-da1e-420a-b4f0-471e7da8ea2d, stInode=33888b6f-7a8e-4069-b1b6-5c1aa9d0a48d, owner=system, identifier=f0ca3d1ce4c77538f7dea86dd0aacd2b, nullProperties=[wfExpireDate, wfPublishDate, wfActionAssign, wfActionId, wfActionComments, filterKey, whereToSend, wfNeverExpire, _path_to_move, timezoneId, iWantTo, wfPublishTime, wfExpireTime], _is_test_mode=true, languageId=1, fileAsset=/home/runner/work/core/custom/assets/6/e/6eaa2095-40dd-4e7a-aaa0-7ed353a07214/fileAsset/test_image11687553262011.svg, folder=9c8c5f3fadbccd039c882530e9e419dd, __disable_workflow__=true, sortOrder=0, modUser=system},lowIndexPriority=false,variantId=DEFAULT]}]" classname="com.dotcms.storage.FileMetadataAPITest" time="0.018">
    <failure message="java.lang.AssertionError" type="java.lang.AssertionError">java.lang.AssertionError
	at org.junit.Assert.fail(Assert.java:87)
	at org.junit.Assert.assertTrue(Assert.java:42)
	at org.junit.Assert.assertTrue(Assert.java:53)
	at com.dotcms.storage.FileMetadataAPITest.validateFull(FileMetadataAPITest.java:294)
	at com.dotcms.storage.FileMetadataAPITest.Test_Generate_Metadata_From_FileAssets(FileMetadataAPITest.java:147)
	at java.base/jdk.internal.reflect.NativeMethodAccessorImpl.invoke0(Native Method)
	at java.base/jdk.internal.reflect.NativeMethodAccessorImpl.invoke(NativeMethodAccessorImpl.java:62)
	at java.base/jdk.internal.reflect.DelegatingMethodAccessorImpl.invoke(DelegatingMethodAccessorImpl.java:43)
	at java.base/java.lang.reflect.Method.invoke(Method.java:566)
	at org.junit.runners.model.FrameworkMethod$1.runReflectiveCall(FrameworkMethod.java:59)
	at org.junit.internal.runners.model.ReflectiveCallable.run(ReflectiveCallable.java:12)
	at org.junit.runners.model.FrameworkMethod.invokeExplosively(FrameworkMethod.java:56)
	at com.tngtech.java.junit.dataprovider.DataProviderFrameworkMethod.invokeExplosively(DataProviderFrameworkMethod.java:119)
	at org.junit.internal.runners.statements.InvokeMethod.evaluate(InvokeMethod.java:17)
	at org.junit.runners.ParentRunner$3.evaluate(ParentRunner.java:306)
	at org.junit.rules.TestWatcher$1.evaluate(TestWatcher.java:61)
	at org.junit.rules.RunRules.evaluate(RunRules.java:20)
	at org.junit.runners.ParentRunner.runLeaf(ParentRunner.java:366)
	at com.dotcms.junit.CustomDataProviderRunner.runChild(CustomDataProviderRunner.java:38)
	at com.dotcms.junit.CustomDataProviderRunner.runChild(CustomDataProviderRunner.java:14)
	at org.junit.runners.ParentRunner$4.run(ParentRunner.java:331)
	at org.junit.runners.ParentRunner$1.schedule(ParentRunner.java:79)
	at org.junit.runners.ParentRunner.runChildren(ParentRunner.java:329)
	at org.junit.runners.ParentRunner.access$100(ParentRunner.java:66)
	at org.junit.runners.ParentRunner$2.evaluate(ParentRunner.java:293)
	at org.junit.runners.ParentRunner$3.evaluate(ParentRunner.java:306)
	at org.junit.runners.ParentRunner.run(ParentRunner.java:413)
	at com.dotcms.junit.MainBaseSuite$DotRunner.run(MainBaseSuite.java:60)
	at org.junit.runners.Suite.runChild(Suite.java:128)
	at org.junit.runners.Suite.runChild(Suite.java:27)
	at org.junit.runners.ParentRunner$4.run(ParentRunner.java:331)
	at org.junit.runners.ParentRunner$1.schedule(ParentRunner.java:79)
	at org.junit.runners.ParentRunner.runChildren(ParentRunner.java:329)
	at org.junit.runners.ParentRunner.access$100(ParentRunner.java:66)
	at org.junit.runners.ParentRunner$2.evaluate(ParentRunner.java:293)
	at org.junit.runners.ParentRunner$3.evaluate(ParentRunner.java:306)
	at org.junit.runners.ParentRunner.run(ParentRunner.java:413)
	at org.gradle.api.internal.tasks.testing.junit.JUnitTestClassExecutor.runTestClass(JUnitTestClassExecutor.java:110)
	at org.gradle.api.internal.tasks.testing.junit.JUnitTestClassExecutor.execute(JUnitTestClassExecutor.java:58)
	at org.gradle.api.internal.tasks.testing.junit.JUnitTestClassExecutor.execute(JUnitTestClassExecutor.java:38)
	at org.gradle.api.internal.tasks.testing.junit.AbstractJUnitTestClassProcessor.processTestClass(AbstractJUnitTestClassProcessor.java:62)
	at org.gradle.api.internal.tasks.testing.SuiteTestClassProcessor.processTestClass(SuiteTestClassProcessor.java:51)
	at java.base/jdk.internal.reflect.NativeMethodAccessorImpl.invoke0(Native Method)
	at java.base/jdk.internal.reflect.NativeMethodAccessorImpl.invoke(NativeMethodAccessorImpl.java:62)
	at java.base/jdk.internal.reflect.DelegatingMethodAccessorImpl.invoke(DelegatingMethodAccessorImpl.java:43)
	at java.base/java.lang.reflect.Method.invoke(Method.java:566)
	at org.gradle.internal.dispatch.ReflectionDispatch.dispatch(ReflectionDispatch.java:36)
	at org.gradle.internal.dispatch.ReflectionDispatch.dispatch(ReflectionDispatch.java:24)
	at org.gradle.internal.dispatch.ContextClassLoaderDispatch.dispatch(ContextClassLoaderDispatch.java:33)
	at org.gradle.internal.dispatch.ProxyDispatchAdapter$DispatchingInvocationHandler.invoke(ProxyDispatchAdapter.java:94)
	at com.sun.proxy.$Proxy5.processTestClass(Unknown Source)
	at org.gradle.api.internal.tasks.testing.worker.TestWorker$2.run(TestWorker.java:176)
	at org.gradle.api.internal.tasks.testing.worker.TestWorker.executeAndMaintainThreadName(TestWorker.java:129)
	at org.gradle.api.internal.tasks.testing.worker.TestWorker.execute(TestWorker.java:100)
	at org.gradle.api.internal.tasks.testing.worker.TestWorker.execute(TestWorker.java:60)
	at org.gradle.process.internal.worker.child.ActionExecutionWorker.execute(ActionExecutionWorker.java:56)
	at org.gradle.process.internal.worker.child.SystemApplicationClassLoaderWorker.call(SystemApplicationClassLoaderWorker.java:133)
	at org.gradle.process.internal.worker.child.SystemApplicationClassLoaderWorker.call(SystemApplicationClassLoaderWorker.java:71)
	at worker.org.gradle.process.internal.worker.GradleWorkerMain.run(GradleWorkerMain.java:69)
	at worker.org.gradle.process.internal.worker.GradleWorkerMain.main(GradleWorkerMain.java:74)
</failure>
  </testcase>
  <testcase name="Test_Generate_Metadata_From_FileAssets[4: TestCase{langId=1, storageType=FILE_SYSTEM, testFile=test.pdf, fileAssetContent=com.dotmarketing.portlets.contentlet.model.Contentlet@306e606c[map={modDate=2023-06-23 20:47:43.032, fileName=test_image11687553263028.pdf, title=test_image11687553263028.pdf, inode=1bbbcef7-1be4-4f40-8db0-ce1f2f8383e6, __IS_NEW_CONTENT__=true, disabledWYSIWYG=[], host=8a7d5e23-da1e-420a-b4f0-471e7da8ea2d, stInode=33888b6f-7a8e-4069-b1b6-5c1aa9d0a48d, owner=system, identifier=6aa58d982d6ee7cddb79f0e6afda1e79, nullProperties=[wfExpireDate, wfPublishDate, wfActionAssign, wfActionId, wfActionComments, filterKey, whereToSend, wfNeverExpire, _path_to_move, timezoneId, iWantTo, wfPublishTime, wfExpireTime], _is_test_mode=true, languageId=1, fileAsset=/home/runner/work/core/custom/assets/1/b/1bbbcef7-1be4-4f40-8db0-ce1f2f8383e6/fileAsset/test_image11687553263028.pdf, folder=3ce919a30601da26469c3d7fdde67647, __disable_workflow__=true, sortOrder=0, modUser=system},lowIndexPriority=false,variantId=DEFAULT]}]" classname="com.dotcms.storage.FileMetadataAPITest" time="0.006">
    <failure message="java.lang.AssertionError" type="java.lang.AssertionError">java.lang.AssertionError
	at org.junit.Assert.fail(Assert.java:87)
	at org.junit.Assert.assertTrue(Assert.java:42)
	at org.junit.Assert.assertTrue(Assert.java:53)
	at com.dotcms.storage.FileMetadataAPITest.validateFull(FileMetadataAPITest.java:294)
	at com.dotcms.storage.FileMetadataAPITest.Test_Generate_Metadata_From_FileAssets(FileMetadataAPITest.java:147)
	at java.base/jdk.internal.reflect.NativeMethodAccessorImpl.invoke0(Native Method)
	at java.base/jdk.internal.reflect.NativeMethodAccessorImpl.invoke(NativeMethodAccessorImpl.java:62)
	at java.base/jdk.internal.reflect.DelegatingMethodAccessorImpl.invoke(DelegatingMethodAccessorImpl.java:43)
	at java.base/java.lang.reflect.Method.invoke(Method.java:566)
	at org.junit.runners.model.FrameworkMethod$1.runReflectiveCall(FrameworkMethod.java:59)
	at org.junit.internal.runners.model.ReflectiveCallable.run(ReflectiveCallable.java:12)
	at org.junit.runners.model.FrameworkMethod.invokeExplosively(FrameworkMethod.java:56)
	at com.tngtech.java.junit.dataprovider.DataProviderFrameworkMethod.invokeExplosively(DataProviderFrameworkMethod.java:119)
	at org.junit.internal.runners.statements.InvokeMethod.evaluate(InvokeMethod.java:17)
	at org.junit.runners.ParentRunner$3.evaluate(ParentRunner.java:306)
	at org.junit.rules.TestWatcher$1.evaluate(TestWatcher.java:61)
	at org.junit.rules.RunRules.evaluate(RunRules.java:20)
	at org.junit.runners.ParentRunner.runLeaf(ParentRunner.java:366)
	at com.dotcms.junit.CustomDataProviderRunner.runChild(CustomDataProviderRunner.java:38)
	at com.dotcms.junit.CustomDataProviderRunner.runChild(CustomDataProviderRunner.java:14)
	at org.junit.runners.ParentRunner$4.run(ParentRunner.java:331)
	at org.junit.runners.ParentRunner$1.schedule(ParentRunner.java:79)
	at org.junit.runners.ParentRunner.runChildren(ParentRunner.java:329)
	at org.junit.runners.ParentRunner.access$100(ParentRunner.java:66)
	at org.junit.runners.ParentRunner$2.evaluate(ParentRunner.java:293)
	at org.junit.runners.ParentRunner$3.evaluate(ParentRunner.java:306)
	at org.junit.runners.ParentRunner.run(ParentRunner.java:413)
	at com.dotcms.junit.MainBaseSuite$DotRunner.run(MainBaseSuite.java:60)
	at org.junit.runners.Suite.runChild(Suite.java:128)
	at org.junit.runners.Suite.runChild(Suite.java:27)
	at org.junit.runners.ParentRunner$4.run(ParentRunner.java:331)
	at org.junit.runners.ParentRunner$1.schedule(ParentRunner.java:79)
	at org.junit.runners.ParentRunner.runChildren(ParentRunner.java:329)
	at org.junit.runners.ParentRunner.access$100(ParentRunner.java:66)
	at org.junit.runners.ParentRunner$2.evaluate(ParentRunner.java:293)
	at org.junit.runners.ParentRunner$3.evaluate(ParentRunner.java:306)
	at org.junit.runners.ParentRunner.run(ParentRunner.java:413)
	at org.gradle.api.internal.tasks.testing.junit.JUnitTestClassExecutor.runTestClass(JUnitTestClassExecutor.java:110)
	at org.gradle.api.internal.tasks.testing.junit.JUnitTestClassExecutor.execute(JUnitTestClassExecutor.java:58)
	at org.gradle.api.internal.tasks.testing.junit.JUnitTestClassExecutor.execute(JUnitTestClassExecutor.java:38)
	at org.gradle.api.internal.tasks.testing.junit.AbstractJUnitTestClassProcessor.processTestClass(AbstractJUnitTestClassProcessor.java:62)
	at org.gradle.api.internal.tasks.testing.SuiteTestClassProcessor.processTestClass(SuiteTestClassProcessor.java:51)
	at java.base/jdk.internal.reflect.NativeMethodAccessorImpl.invoke0(Native Method)
	at java.base/jdk.internal.reflect.NativeMethodAccessorImpl.invoke(NativeMethodAccessorImpl.java:62)
	at java.base/jdk.internal.reflect.DelegatingMethodAccessorImpl.invoke(DelegatingMethodAccessorImpl.java:43)
	at java.base/java.lang.reflect.Method.invoke(Method.java:566)
	at org.gradle.internal.dispatch.ReflectionDispatch.dispatch(ReflectionDispatch.java:36)
	at org.gradle.internal.dispatch.ReflectionDispatch.dispatch(ReflectionDispatch.java:24)
	at org.gradle.internal.dispatch.ContextClassLoaderDispatch.dispatch(ContextClassLoaderDispatch.java:33)
	at org.gradle.internal.dispatch.ProxyDispatchAdapter$DispatchingInvocationHandler.invoke(ProxyDispatchAdapter.java:94)
	at com.sun.proxy.$Proxy5.processTestClass(Unknown Source)
	at org.gradle.api.internal.tasks.testing.worker.TestWorker$2.run(TestWorker.java:176)
	at org.gradle.api.internal.tasks.testing.worker.TestWorker.executeAndMaintainThreadName(TestWorker.java:129)
	at org.gradle.api.internal.tasks.testing.worker.TestWorker.execute(TestWorker.java:100)
	at org.gradle.api.internal.tasks.testing.worker.TestWorker.execute(TestWorker.java:60)
	at org.gradle.process.internal.worker.child.ActionExecutionWorker.execute(ActionExecutionWorker.java:56)
	at org.gradle.process.internal.worker.child.SystemApplicationClassLoaderWorker.call(SystemApplicationClassLoaderWorker.java:133)
	at org.gradle.process.internal.worker.child.SystemApplicationClassLoaderWorker.call(SystemApplicationClassLoaderWorker.java:71)
	at worker.org.gradle.process.internal.worker.GradleWorkerMain.run(GradleWorkerMain.java:69)
	at worker.org.gradle.process.internal.worker.GradleWorkerMain.main(GradleWorkerMain.java:74)
</failure>
  </testcase>
  <testcase name="Test_Generate_Metadata_From_FileAssets[5: TestCase{langId=1, storageType=DB, testFile=test_image1.jpg, fileAssetContent=com.dotmarketing.portlets.contentlet.model.Contentlet@52b24de9[map={modDate=2023-06-23 20:47:44.057, fileName=test_image11687553264054.jpg, title=test_image11687553264054.jpg, inode=32a29894-b73a-4de8-8d0f-e6b55e517300, __IS_NEW_CONTENT__=true, disabledWYSIWYG=[], host=8a7d5e23-da1e-420a-b4f0-471e7da8ea2d, stInode=33888b6f-7a8e-4069-b1b6-5c1aa9d0a48d, owner=system, identifier=8df16f5a471a240afa5c0784348bc418, nullProperties=[wfExpireDate, wfPublishDate, wfActionAssign, wfActionId, wfActionComments, filterKey, whereToSend, wfNeverExpire, _path_to_move, timezoneId, iWantTo, wfPublishTime, wfExpireTime], _is_test_mode=true, languageId=1, fileAsset=/home/runner/work/core/custom/assets/3/2/32a29894-b73a-4de8-8d0f-e6b55e517300/fileAsset/test_image11687553264054.jpg, folder=8e4247c55bc4d123edb9037b0c750702, __disable_workflow__=true, sortOrder=0, modUser=system},lowIndexPriority=false,variantId=DEFAULT]}]" classname="com.dotcms.storage.FileMetadataAPITest" time="0.008">
    <failure message="java.lang.AssertionError" type="java.lang.AssertionError">java.lang.AssertionError
	at org.junit.Assert.fail(Assert.java:87)
	at org.junit.Assert.assertTrue(Assert.java:42)
	at org.junit.Assert.assertTrue(Assert.java:53)
	at com.dotcms.storage.FileMetadataAPITest.validateFull(FileMetadataAPITest.java:294)
	at com.dotcms.storage.FileMetadataAPITest.Test_Generate_Metadata_From_FileAssets(FileMetadataAPITest.java:147)
	at java.base/jdk.internal.reflect.NativeMethodAccessorImpl.invoke0(Native Method)
	at java.base/jdk.internal.reflect.NativeMethodAccessorImpl.invoke(NativeMethodAccessorImpl.java:62)
	at java.base/jdk.internal.reflect.DelegatingMethodAccessorImpl.invoke(DelegatingMethodAccessorImpl.java:43)
	at java.base/java.lang.reflect.Method.invoke(Method.java:566)
	at org.junit.runners.model.FrameworkMethod$1.runReflectiveCall(FrameworkMethod.java:59)
	at org.junit.internal.runners.model.ReflectiveCallable.run(ReflectiveCallable.java:12)
	at org.junit.runners.model.FrameworkMethod.invokeExplosively(FrameworkMethod.java:56)
	at com.tngtech.java.junit.dataprovider.DataProviderFrameworkMethod.invokeExplosively(DataProviderFrameworkMethod.java:119)
	at org.junit.internal.runners.statements.InvokeMethod.evaluate(InvokeMethod.java:17)
	at org.junit.runners.ParentRunner$3.evaluate(ParentRunner.java:306)
	at org.junit.rules.TestWatcher$1.evaluate(TestWatcher.java:61)
	at org.junit.rules.RunRules.evaluate(RunRules.java:20)
	at org.junit.runners.ParentRunner.runLeaf(ParentRunner.java:366)
	at com.dotcms.junit.CustomDataProviderRunner.runChild(CustomDataProviderRunner.java:38)
	at com.dotcms.junit.CustomDataProviderRunner.runChild(CustomDataProviderRunner.java:14)
	at org.junit.runners.ParentRunner$4.run(ParentRunner.java:331)
	at org.junit.runners.ParentRunner$1.schedule(ParentRunner.java:79)
	at org.junit.runners.ParentRunner.runChildren(ParentRunner.java:329)
	at org.junit.runners.ParentRunner.access$100(ParentRunner.java:66)
	at org.junit.runners.ParentRunner$2.evaluate(ParentRunner.java:293)
	at org.junit.runners.ParentRunner$3.evaluate(ParentRunner.java:306)
	at org.junit.runners.ParentRunner.run(ParentRunner.java:413)
	at com.dotcms.junit.MainBaseSuite$DotRunner.run(MainBaseSuite.java:60)
	at org.junit.runners.Suite.runChild(Suite.java:128)
	at org.junit.runners.Suite.runChild(Suite.java:27)
	at org.junit.runners.ParentRunner$4.run(ParentRunner.java:331)
	at org.junit.runners.ParentRunner$1.schedule(ParentRunner.java:79)
	at org.junit.runners.ParentRunner.runChildren(ParentRunner.java:329)
	at org.junit.runners.ParentRunner.access$100(ParentRunner.java:66)
	at org.junit.runners.ParentRunner$2.evaluate(ParentRunner.java:293)
	at org.junit.runners.ParentRunner$3.evaluate(ParentRunner.java:306)
	at org.junit.runners.ParentRunner.run(ParentRunner.java:413)
	at org.gradle.api.internal.tasks.testing.junit.JUnitTestClassExecutor.runTestClass(JUnitTestClassExecutor.java:110)
	at org.gradle.api.internal.tasks.testing.junit.JUnitTestClassExecutor.execute(JUnitTestClassExecutor.java:58)
	at org.gradle.api.internal.tasks.testing.junit.JUnitTestClassExecutor.execute(JUnitTestClassExecutor.java:38)
	at org.gradle.api.internal.tasks.testing.junit.AbstractJUnitTestClassProcessor.processTestClass(AbstractJUnitTestClassProcessor.java:62)
	at org.gradle.api.internal.tasks.testing.SuiteTestClassProcessor.processTestClass(SuiteTestClassProcessor.java:51)
	at java.base/jdk.internal.reflect.NativeMethodAccessorImpl.invoke0(Native Method)
	at java.base/jdk.internal.reflect.NativeMethodAccessorImpl.invoke(NativeMethodAccessorImpl.java:62)
	at java.base/jdk.internal.reflect.DelegatingMethodAccessorImpl.invoke(DelegatingMethodAccessorImpl.java:43)
	at java.base/java.lang.reflect.Method.invoke(Method.java:566)
	at org.gradle.internal.dispatch.ReflectionDispatch.dispatch(ReflectionDispatch.java:36)
	at org.gradle.internal.dispatch.ReflectionDispatch.dispatch(ReflectionDispatch.java:24)
	at org.gradle.internal.dispatch.ContextClassLoaderDispatch.dispatch(ContextClassLoaderDispatch.java:33)
	at org.gradle.internal.dispatch.ProxyDispatchAdapter$DispatchingInvocationHandler.invoke(ProxyDispatchAdapter.java:94)
	at com.sun.proxy.$Proxy5.processTestClass(Unknown Source)
	at org.gradle.api.internal.tasks.testing.worker.TestWorker$2.run(TestWorker.java:176)
	at org.gradle.api.internal.tasks.testing.worker.TestWorker.executeAndMaintainThreadName(TestWorker.java:129)
	at org.gradle.api.internal.tasks.testing.worker.TestWorker.execute(TestWorker.java:100)
	at org.gradle.api.internal.tasks.testing.worker.TestWorker.execute(TestWorker.java:60)
	at org.gradle.process.internal.worker.child.ActionExecutionWorker.execute(ActionExecutionWorker.java:56)
	at org.gradle.process.internal.worker.child.SystemApplicationClassLoaderWorker.call(SystemApplicationClassLoaderWorker.java:133)
	at org.gradle.process.internal.worker.child.SystemApplicationClassLoaderWorker.call(SystemApplicationClassLoaderWorker.java:71)
	at worker.org.gradle.process.internal.worker.GradleWorkerMain.run(GradleWorkerMain.java:69)
	at worker.org.gradle.process.internal.worker.GradleWorkerMain.main(GradleWorkerMain.java:74)
</failure>
  </testcase>
  <testcase name="Test_Generate_Metadata_From_FileAssets[6: TestCase{langId=1, storageType=DB, testFile=test.gif, fileAssetContent=com.dotmarketing.portlets.contentlet.model.Contentlet@5716e1[map={modDate=2023-06-23 20:47:45.071, fileName=test_image11687553265068.gif, title=test_image11687553265068.gif, inode=ae5b5c3d-5e91-4ad1-8782-2b37011a44dc, __IS_NEW_CONTENT__=true, disabledWYSIWYG=[], host=8a7d5e23-da1e-420a-b4f0-471e7da8ea2d, stInode=33888b6f-7a8e-4069-b1b6-5c1aa9d0a48d, owner=system, identifier=ec4d9bad87d4c6baad1663a3a432adb6, nullProperties=[wfExpireDate, wfPublishDate, wfActionAssign, wfActionId, wfActionComments, filterKey, whereToSend, wfNeverExpire, _path_to_move, timezoneId, iWantTo, wfPublishTime, wfExpireTime], _is_test_mode=true, languageId=1, fileAsset=/home/runner/work/core/custom/assets/a/e/ae5b5c3d-5e91-4ad1-8782-2b37011a44dc/fileAsset/test_image11687553265068.gif, folder=efe53be08c5adfef67bb50080fe2a49b, __disable_workflow__=true, sortOrder=0, modUser=system},lowIndexPriority=false,variantId=DEFAULT]}]" classname="com.dotcms.storage.FileMetadataAPITest" time="0.004">
    <failure message="java.lang.AssertionError" type="java.lang.AssertionError">java.lang.AssertionError
	at org.junit.Assert.fail(Assert.java:87)
	at org.junit.Assert.assertTrue(Assert.java:42)
	at org.junit.Assert.assertTrue(Assert.java:53)
	at com.dotcms.storage.FileMetadataAPITest.validateFull(FileMetadataAPITest.java:294)
	at com.dotcms.storage.FileMetadataAPITest.Test_Generate_Metadata_From_FileAssets(FileMetadataAPITest.java:147)
	at java.base/jdk.internal.reflect.NativeMethodAccessorImpl.invoke0(Native Method)
	at java.base/jdk.internal.reflect.NativeMethodAccessorImpl.invoke(NativeMethodAccessorImpl.java:62)
	at java.base/jdk.internal.reflect.DelegatingMethodAccessorImpl.invoke(DelegatingMethodAccessorImpl.java:43)
	at java.base/java.lang.reflect.Method.invoke(Method.java:566)
	at org.junit.runners.model.FrameworkMethod$1.runReflectiveCall(FrameworkMethod.java:59)
	at org.junit.internal.runners.model.ReflectiveCallable.run(ReflectiveCallable.java:12)
	at org.junit.runners.model.FrameworkMethod.invokeExplosively(FrameworkMethod.java:56)
	at com.tngtech.java.junit.dataprovider.DataProviderFrameworkMethod.invokeExplosively(DataProviderFrameworkMethod.java:119)
	at org.junit.internal.runners.statements.InvokeMethod.evaluate(InvokeMethod.java:17)
	at org.junit.runners.ParentRunner$3.evaluate(ParentRunner.java:306)
	at org.junit.rules.TestWatcher$1.evaluate(TestWatcher.java:61)
	at org.junit.rules.RunRules.evaluate(RunRules.java:20)
	at org.junit.runners.ParentRunner.runLeaf(ParentRunner.java:366)
	at com.dotcms.junit.CustomDataProviderRunner.runChild(CustomDataProviderRunner.java:38)
	at com.dotcms.junit.CustomDataProviderRunner.runChild(CustomDataProviderRunner.java:14)
	at org.junit.runners.ParentRunner$4.run(ParentRunner.java:331)
	at org.junit.runners.ParentRunner$1.schedule(ParentRunner.java:79)
	at org.junit.runners.ParentRunner.runChildren(ParentRunner.java:329)
	at org.junit.runners.ParentRunner.access$100(ParentRunner.java:66)
	at org.junit.runners.ParentRunner$2.evaluate(ParentRunner.java:293)
	at org.junit.runners.ParentRunner$3.evaluate(ParentRunner.java:306)
	at org.junit.runners.ParentRunner.run(ParentRunner.java:413)
	at com.dotcms.junit.MainBaseSuite$DotRunner.run(MainBaseSuite.java:60)
	at org.junit.runners.Suite.runChild(Suite.java:128)
	at org.junit.runners.Suite.runChild(Suite.java:27)
	at org.junit.runners.ParentRunner$4.run(ParentRunner.java:331)
	at org.junit.runners.ParentRunner$1.schedule(ParentRunner.java:79)
	at org.junit.runners.ParentRunner.runChildren(ParentRunner.java:329)
	at org.junit.runners.ParentRunner.access$100(ParentRunner.java:66)
	at org.junit.runners.ParentRunner$2.evaluate(ParentRunner.java:293)
	at org.junit.runners.ParentRunner$3.evaluate(ParentRunner.java:306)
	at org.junit.runners.ParentRunner.run(ParentRunner.java:413)
	at org.gradle.api.internal.tasks.testing.junit.JUnitTestClassExecutor.runTestClass(JUnitTestClassExecutor.java:110)
	at org.gradle.api.internal.tasks.testing.junit.JUnitTestClassExecutor.execute(JUnitTestClassExecutor.java:58)
	at org.gradle.api.internal.tasks.testing.junit.JUnitTestClassExecutor.execute(JUnitTestClassExecutor.java:38)
	at org.gradle.api.internal.tasks.testing.junit.AbstractJUnitTestClassProcessor.processTestClass(AbstractJUnitTestClassProcessor.java:62)
	at org.gradle.api.internal.tasks.testing.SuiteTestClassProcessor.processTestClass(SuiteTestClassProcessor.java:51)
	at java.base/jdk.internal.reflect.NativeMethodAccessorImpl.invoke0(Native Method)
	at java.base/jdk.internal.reflect.NativeMethodAccessorImpl.invoke(NativeMethodAccessorImpl.java:62)
	at java.base/jdk.internal.reflect.DelegatingMethodAccessorImpl.invoke(DelegatingMethodAccessorImpl.java:43)
	at java.base/java.lang.reflect.Method.invoke(Method.java:566)
	at org.gradle.internal.dispatch.ReflectionDispatch.dispatch(ReflectionDispatch.java:36)
	at org.gradle.internal.dispatch.ReflectionDispatch.dispatch(ReflectionDispatch.java:24)
	at org.gradle.internal.dispatch.ContextClassLoaderDispatch.dispatch(ContextClassLoaderDispatch.java:33)
	at org.gradle.internal.dispatch.ProxyDispatchAdapter$DispatchingInvocationHandler.invoke(ProxyDispatchAdapter.java:94)
	at com.sun.proxy.$Proxy5.processTestClass(Unknown Source)
	at org.gradle.api.internal.tasks.testing.worker.TestWorker$2.run(TestWorker.java:176)
	at org.gradle.api.internal.tasks.testing.worker.TestWorker.executeAndMaintainThreadName(TestWorker.java:129)
	at org.gradle.api.internal.tasks.testing.worker.TestWorker.execute(TestWorker.java:100)
	at org.gradle.api.internal.tasks.testing.worker.TestWorker.execute(TestWorker.java:60)
	at org.gradle.process.internal.worker.child.ActionExecutionWorker.execute(ActionExecutionWorker.java:56)
	at org.gradle.process.internal.worker.child.SystemApplicationClassLoaderWorker.call(SystemApplicationClassLoaderWorker.java:133)
	at org.gradle.process.internal.worker.child.SystemApplicationClassLoaderWorker.call(SystemApplicationClassLoaderWorker.java:71)
	at worker.org.gradle.process.internal.worker.GradleWorkerMain.run(GradleWorkerMain.java:69)
	at worker.org.gradle.process.internal.worker.GradleWorkerMain.main(GradleWorkerMain.java:74)
</failure>
  </testcase>
  <testcase name="Test_Generate_Metadata_From_FileAssets[7: TestCase{langId=1, storageType=DB, testFile=test_image2.png, fileAssetContent=com.dotmarketing.portlets.contentlet.model.Contentlet@7742723e[map={modDate=2023-06-23 20:47:46.087, fileName=test_image11687553266084.png, title=test_image11687553266084.png, inode=cb4108bc-da00-4baf-9665-53eb2324f8e9, __IS_NEW_CONTENT__=true, disabledWYSIWYG=[], host=8a7d5e23-da1e-420a-b4f0-471e7da8ea2d, stInode=33888b6f-7a8e-4069-b1b6-5c1aa9d0a48d, owner=system, identifier=88154a65a17f11610116bf726fc0a24d, nullProperties=[wfExpireDate, wfPublishDate, wfActionAssign, wfActionId, wfActionComments, filterKey, whereToSend, wfNeverExpire, _path_to_move, timezoneId, iWantTo, wfPublishTime, wfExpireTime], _is_test_mode=true, languageId=1, fileAsset=/home/runner/work/core/custom/assets/c/b/cb4108bc-da00-4baf-9665-53eb2324f8e9/fileAsset/test_image11687553266084.png, folder=c98f32d12b53a4be781d9f3376248462, __disable_workflow__=true, sortOrder=0, modUser=system},lowIndexPriority=false,variantId=DEFAULT]}]" classname="com.dotcms.storage.FileMetadataAPITest" time="0.009">
    <failure message="java.lang.AssertionError" type="java.lang.AssertionError">java.lang.AssertionError
	at org.junit.Assert.fail(Assert.java:87)
	at org.junit.Assert.assertTrue(Assert.java:42)
	at org.junit.Assert.assertTrue(Assert.java:53)
	at com.dotcms.storage.FileMetadataAPITest.validateFull(FileMetadataAPITest.java:294)
	at com.dotcms.storage.FileMetadataAPITest.Test_Generate_Metadata_From_FileAssets(FileMetadataAPITest.java:147)
	at java.base/jdk.internal.reflect.NativeMethodAccessorImpl.invoke0(Native Method)
	at java.base/jdk.internal.reflect.NativeMethodAccessorImpl.invoke(NativeMethodAccessorImpl.java:62)
	at java.base/jdk.internal.reflect.DelegatingMethodAccessorImpl.invoke(DelegatingMethodAccessorImpl.java:43)
	at java.base/java.lang.reflect.Method.invoke(Method.java:566)
	at org.junit.runners.model.FrameworkMethod$1.runReflectiveCall(FrameworkMethod.java:59)
	at org.junit.internal.runners.model.ReflectiveCallable.run(ReflectiveCallable.java:12)
	at org.junit.runners.model.FrameworkMethod.invokeExplosively(FrameworkMethod.java:56)
	at com.tngtech.java.junit.dataprovider.DataProviderFrameworkMethod.invokeExplosively(DataProviderFrameworkMethod.java:119)
	at org.junit.internal.runners.statements.InvokeMethod.evaluate(InvokeMethod.java:17)
	at org.junit.runners.ParentRunner$3.evaluate(ParentRunner.java:306)
	at org.junit.rules.TestWatcher$1.evaluate(TestWatcher.java:61)
	at org.junit.rules.RunRules.evaluate(RunRules.java:20)
	at org.junit.runners.ParentRunner.runLeaf(ParentRunner.java:366)
	at com.dotcms.junit.CustomDataProviderRunner.runChild(CustomDataProviderRunner.java:38)
	at com.dotcms.junit.CustomDataProviderRunner.runChild(CustomDataProviderRunner.java:14)
	at org.junit.runners.ParentRunner$4.run(ParentRunner.java:331)
	at org.junit.runners.ParentRunner$1.schedule(ParentRunner.java:79)
	at org.junit.runners.ParentRunner.runChildren(ParentRunner.java:329)
	at org.junit.runners.ParentRunner.access$100(ParentRunner.java:66)
	at org.junit.runners.ParentRunner$2.evaluate(ParentRunner.java:293)
	at org.junit.runners.ParentRunner$3.evaluate(ParentRunner.java:306)
	at org.junit.runners.ParentRunner.run(ParentRunner.java:413)
	at com.dotcms.junit.MainBaseSuite$DotRunner.run(MainBaseSuite.java:60)
	at org.junit.runners.Suite.runChild(Suite.java:128)
	at org.junit.runners.Suite.runChild(Suite.java:27)
	at org.junit.runners.ParentRunner$4.run(ParentRunner.java:331)
	at org.junit.runners.ParentRunner$1.schedule(ParentRunner.java:79)
	at org.junit.runners.ParentRunner.runChildren(ParentRunner.java:329)
	at org.junit.runners.ParentRunner.access$100(ParentRunner.java:66)
	at org.junit.runners.ParentRunner$2.evaluate(ParentRunner.java:293)
	at org.junit.runners.ParentRunner$3.evaluate(ParentRunner.java:306)
	at org.junit.runners.ParentRunner.run(ParentRunner.java:413)
	at org.gradle.api.internal.tasks.testing.junit.JUnitTestClassExecutor.runTestClass(JUnitTestClassExecutor.java:110)
	at org.gradle.api.internal.tasks.testing.junit.JUnitTestClassExecutor.execute(JUnitTestClassExecutor.java:58)
	at org.gradle.api.internal.tasks.testing.junit.JUnitTestClassExecutor.execute(JUnitTestClassExecutor.java:38)
	at org.gradle.api.internal.tasks.testing.junit.AbstractJUnitTestClassProcessor.processTestClass(AbstractJUnitTestClassProcessor.java:62)
	at org.gradle.api.internal.tasks.testing.SuiteTestClassProcessor.processTestClass(SuiteTestClassProcessor.java:51)
	at java.base/jdk.internal.reflect.NativeMethodAccessorImpl.invoke0(Native Method)
	at java.base/jdk.internal.reflect.NativeMethodAccessorImpl.invoke(NativeMethodAccessorImpl.java:62)
	at java.base/jdk.internal.reflect.DelegatingMethodAccessorImpl.invoke(DelegatingMethodAccessorImpl.java:43)
	at java.base/java.lang.reflect.Method.invoke(Method.java:566)
	at org.gradle.internal.dispatch.ReflectionDispatch.dispatch(ReflectionDispatch.java:36)
	at org.gradle.internal.dispatch.ReflectionDispatch.dispatch(ReflectionDispatch.java:24)
	at org.gradle.internal.dispatch.ContextClassLoaderDispatch.dispatch(ContextClassLoaderDispatch.java:33)
	at org.gradle.internal.dispatch.ProxyDispatchAdapter$DispatchingInvocationHandler.invoke(ProxyDispatchAdapter.java:94)
	at com.sun.proxy.$Proxy5.processTestClass(Unknown Source)
	at org.gradle.api.internal.tasks.testing.worker.TestWorker$2.run(TestWorker.java:176)
	at org.gradle.api.internal.tasks.testing.worker.TestWorker.executeAndMaintainThreadName(TestWorker.java:129)
	at org.gradle.api.internal.tasks.testing.worker.TestWorker.execute(TestWorker.java:100)
	at org.gradle.api.internal.tasks.testing.worker.TestWorker.execute(TestWorker.java:60)
	at org.gradle.process.internal.worker.child.ActionExecutionWorker.execute(ActionExecutionWorker.java:56)
	at org.gradle.process.internal.worker.child.SystemApplicationClassLoaderWorker.call(SystemApplicationClassLoaderWorker.java:133)
	at org.gradle.process.internal.worker.child.SystemApplicationClassLoaderWorker.call(SystemApplicationClassLoaderWorker.java:71)
	at worker.org.gradle.process.internal.worker.GradleWorkerMain.run(GradleWorkerMain.java:69)
	at worker.org.gradle.process.internal.worker.GradleWorkerMain.main(GradleWorkerMain.java:74)
</failure>
  </testcase>
  <testcase name="Test_Generate_Metadata_From_FileAssets[8: TestCase{langId=1, storageType=DB, testFile=test_image.svg, fileAssetContent=com.dotmarketing.portlets.contentlet.model.Contentlet@72447036[map={modDate=2023-06-23 20:47:47.102, fileName=test_image11687553267100.svg, title=test_image11687553267100.svg, inode=280c7ae3-ed7d-4991-844c-ab06c3620180, __IS_NEW_CONTENT__=true, disabledWYSIWYG=[], host=8a7d5e23-da1e-420a-b4f0-471e7da8ea2d, stInode=33888b6f-7a8e-4069-b1b6-5c1aa9d0a48d, owner=system, identifier=058f43ca0307011fef4665017fb7e4bb, nullProperties=[wfExpireDate, wfPublishDate, wfActionAssign, wfActionId, wfActionComments, filterKey, whereToSend, wfNeverExpire, _path_to_move, timezoneId, iWantTo, wfPublishTime, wfExpireTime], _is_test_mode=true, languageId=1, fileAsset=/home/runner/work/core/custom/assets/2/8/280c7ae3-ed7d-4991-844c-ab06c3620180/fileAsset/test_image11687553267100.svg, folder=e7ba65a8dda828e47ee1649b0c852f38, __disable_workflow__=true, sortOrder=0, modUser=system},lowIndexPriority=false,variantId=DEFAULT]}]" classname="com.dotcms.storage.FileMetadataAPITest" time="0.003">
    <failure message="java.lang.AssertionError" type="java.lang.AssertionError">java.lang.AssertionError
	at org.junit.Assert.fail(Assert.java:87)
	at org.junit.Assert.assertTrue(Assert.java:42)
	at org.junit.Assert.assertTrue(Assert.java:53)
	at com.dotcms.storage.FileMetadataAPITest.validateFull(FileMetadataAPITest.java:294)
	at com.dotcms.storage.FileMetadataAPITest.Test_Generate_Metadata_From_FileAssets(FileMetadataAPITest.java:147)
	at java.base/jdk.internal.reflect.NativeMethodAccessorImpl.invoke0(Native Method)
	at java.base/jdk.internal.reflect.NativeMethodAccessorImpl.invoke(NativeMethodAccessorImpl.java:62)
	at java.base/jdk.internal.reflect.DelegatingMethodAccessorImpl.invoke(DelegatingMethodAccessorImpl.java:43)
	at java.base/java.lang.reflect.Method.invoke(Method.java:566)
	at org.junit.runners.model.FrameworkMethod$1.runReflectiveCall(FrameworkMethod.java:59)
	at org.junit.internal.runners.model.ReflectiveCallable.run(ReflectiveCallable.java:12)
	at org.junit.runners.model.FrameworkMethod.invokeExplosively(FrameworkMethod.java:56)
	at com.tngtech.java.junit.dataprovider.DataProviderFrameworkMethod.invokeExplosively(DataProviderFrameworkMethod.java:119)
	at org.junit.internal.runners.statements.InvokeMethod.evaluate(InvokeMethod.java:17)
	at org.junit.runners.ParentRunner$3.evaluate(ParentRunner.java:306)
	at org.junit.rules.TestWatcher$1.evaluate(TestWatcher.java:61)
	at org.junit.rules.RunRules.evaluate(RunRules.java:20)
	at org.junit.runners.ParentRunner.runLeaf(ParentRunner.java:366)
	at com.dotcms.junit.CustomDataProviderRunner.runChild(CustomDataProviderRunner.java:38)
	at com.dotcms.junit.CustomDataProviderRunner.runChild(CustomDataProviderRunner.java:14)
	at org.junit.runners.ParentRunner$4.run(ParentRunner.java:331)
	at org.junit.runners.ParentRunner$1.schedule(ParentRunner.java:79)
	at org.junit.runners.ParentRunner.runChildren(ParentRunner.java:329)
	at org.junit.runners.ParentRunner.access$100(ParentRunner.java:66)
	at org.junit.runners.ParentRunner$2.evaluate(ParentRunner.java:293)
	at org.junit.runners.ParentRunner$3.evaluate(ParentRunner.java:306)
	at org.junit.runners.ParentRunner.run(ParentRunner.java:413)
	at com.dotcms.junit.MainBaseSuite$DotRunner.run(MainBaseSuite.java:60)
	at org.junit.runners.Suite.runChild(Suite.java:128)
	at org.junit.runners.Suite.runChild(Suite.java:27)
	at org.junit.runners.ParentRunner$4.run(ParentRunner.java:331)
	at org.junit.runners.ParentRunner$1.schedule(ParentRunner.java:79)
	at org.junit.runners.ParentRunner.runChildren(ParentRunner.java:329)
	at org.junit.runners.ParentRunner.access$100(ParentRunner.java:66)
	at org.junit.runners.ParentRunner$2.evaluate(ParentRunner.java:293)
	at org.junit.runners.ParentRunner$3.evaluate(ParentRunner.java:306)
	at org.junit.runners.ParentRunner.run(ParentRunner.java:413)
	at org.gradle.api.internal.tasks.testing.junit.JUnitTestClassExecutor.runTestClass(JUnitTestClassExecutor.java:110)
	at org.gradle.api.internal.tasks.testing.junit.JUnitTestClassExecutor.execute(JUnitTestClassExecutor.java:58)
	at org.gradle.api.internal.tasks.testing.junit.JUnitTestClassExecutor.execute(JUnitTestClassExecutor.java:38)
	at org.gradle.api.internal.tasks.testing.junit.AbstractJUnitTestClassProcessor.processTestClass(AbstractJUnitTestClassProcessor.java:62)
	at org.gradle.api.internal.tasks.testing.SuiteTestClassProcessor.processTestClass(SuiteTestClassProcessor.java:51)
	at java.base/jdk.internal.reflect.NativeMethodAccessorImpl.invoke0(Native Method)
	at java.base/jdk.internal.reflect.NativeMethodAccessorImpl.invoke(NativeMethodAccessorImpl.java:62)
	at java.base/jdk.internal.reflect.DelegatingMethodAccessorImpl.invoke(DelegatingMethodAccessorImpl.java:43)
	at java.base/java.lang.reflect.Method.invoke(Method.java:566)
	at org.gradle.internal.dispatch.ReflectionDispatch.dispatch(ReflectionDispatch.java:36)
	at org.gradle.internal.dispatch.ReflectionDispatch.dispatch(ReflectionDispatch.java:24)
	at org.gradle.internal.dispatch.ContextClassLoaderDispatch.dispatch(ContextClassLoaderDispatch.java:33)
	at org.gradle.internal.dispatch.ProxyDispatchAdapter$DispatchingInvocationHandler.invoke(ProxyDispatchAdapter.java:94)
	at com.sun.proxy.$Proxy5.processTestClass(Unknown Source)
	at org.gradle.api.internal.tasks.testing.worker.TestWorker$2.run(TestWorker.java:176)
	at org.gradle.api.internal.tasks.testing.worker.TestWorker.executeAndMaintainThreadName(TestWorker.java:129)
	at org.gradle.api.internal.tasks.testing.worker.TestWorker.execute(TestWorker.java:100)
	at org.gradle.api.internal.tasks.testing.worker.TestWorker.execute(TestWorker.java:60)
	at org.gradle.process.internal.worker.child.ActionExecutionWorker.execute(ActionExecutionWorker.java:56)
	at org.gradle.process.internal.worker.child.SystemApplicationClassLoaderWorker.call(SystemApplicationClassLoaderWorker.java:133)
	at org.gradle.process.internal.worker.child.SystemApplicationClassLoaderWorker.call(SystemApplicationClassLoaderWorker.java:71)
	at worker.org.gradle.process.internal.worker.GradleWorkerMain.run(GradleWorkerMain.java:69)
	at worker.org.gradle.process.internal.worker.GradleWorkerMain.main(GradleWorkerMain.java:74)
</failure>
  </testcase>
  <testcase name="Test_Generate_Metadata_From_FileAssets[9: TestCase{langId=1, storageType=DB, testFile=test.pdf, fileAssetContent=com.dotmarketing.portlets.contentlet.model.Contentlet@59aca009[map={modDate=2023-06-23 20:47:48.12, fileName=test_image11687553268118.pdf, title=test_image11687553268118.pdf, inode=945c557e-4331-4bf7-8c34-b3c0333cf68a, __IS_NEW_CONTENT__=true, disabledWYSIWYG=[], host=8a7d5e23-da1e-420a-b4f0-471e7da8ea2d, stInode=33888b6f-7a8e-4069-b1b6-5c1aa9d0a48d, owner=system, identifier=43bb94c9bb2950a19269126ce768bd20, nullProperties=[wfExpireDate, wfPublishDate, wfActionAssign, wfActionId, wfActionComments, filterKey, whereToSend, wfNeverExpire, _path_to_move, timezoneId, iWantTo, wfPublishTime, wfExpireTime], _is_test_mode=true, languageId=1, fileAsset=/home/runner/work/core/custom/assets/9/4/945c557e-4331-4bf7-8c34-b3c0333cf68a/fileAsset/test_image11687553268118.pdf, folder=99aa94b846d7c545edbca69b7757ac04, __disable_workflow__=true, sortOrder=0, modUser=system},lowIndexPriority=false,variantId=DEFAULT]}]" classname="com.dotcms.storage.FileMetadataAPITest" time="0.009">
    <failure message="java.lang.AssertionError" type="java.lang.AssertionError">java.lang.AssertionError
	at org.junit.Assert.fail(Assert.java:87)
	at org.junit.Assert.assertTrue(Assert.java:42)
	at org.junit.Assert.assertTrue(Assert.java:53)
	at com.dotcms.storage.FileMetadataAPITest.validateFull(FileMetadataAPITest.java:294)
	at com.dotcms.storage.FileMetadataAPITest.Test_Generate_Metadata_From_FileAssets(FileMetadataAPITest.java:147)
	at java.base/jdk.internal.reflect.NativeMethodAccessorImpl.invoke0(Native Method)
	at java.base/jdk.internal.reflect.NativeMethodAccessorImpl.invoke(NativeMethodAccessorImpl.java:62)
	at java.base/jdk.internal.reflect.DelegatingMethodAccessorImpl.invoke(DelegatingMethodAccessorImpl.java:43)
	at java.base/java.lang.reflect.Method.invoke(Method.java:566)
	at org.junit.runners.model.FrameworkMethod$1.runReflectiveCall(FrameworkMethod.java:59)
	at org.junit.internal.runners.model.ReflectiveCallable.run(ReflectiveCallable.java:12)
	at org.junit.runners.model.FrameworkMethod.invokeExplosively(FrameworkMethod.java:56)
	at com.tngtech.java.junit.dataprovider.DataProviderFrameworkMethod.invokeExplosively(DataProviderFrameworkMethod.java:119)
	at org.junit.internal.runners.statements.InvokeMethod.evaluate(InvokeMethod.java:17)
	at org.junit.runners.ParentRunner$3.evaluate(ParentRunner.java:306)
	at org.junit.rules.TestWatcher$1.evaluate(TestWatcher.java:61)
	at org.junit.rules.RunRules.evaluate(RunRules.java:20)
	at org.junit.runners.ParentRunner.runLeaf(ParentRunner.java:366)
	at com.dotcms.junit.CustomDataProviderRunner.runChild(CustomDataProviderRunner.java:38)
	at com.dotcms.junit.CustomDataProviderRunner.runChild(CustomDataProviderRunner.java:14)
	at org.junit.runners.ParentRunner$4.run(ParentRunner.java:331)
	at org.junit.runners.ParentRunner$1.schedule(ParentRunner.java:79)
	at org.junit.runners.ParentRunner.runChildren(ParentRunner.java:329)
	at org.junit.runners.ParentRunner.access$100(ParentRunner.java:66)
	at org.junit.runners.ParentRunner$2.evaluate(ParentRunner.java:293)
	at org.junit.runners.ParentRunner$3.evaluate(ParentRunner.java:306)
	at org.junit.runners.ParentRunner.run(ParentRunner.java:413)
	at com.dotcms.junit.MainBaseSuite$DotRunner.run(MainBaseSuite.java:60)
	at org.junit.runners.Suite.runChild(Suite.java:128)
	at org.junit.runners.Suite.runChild(Suite.java:27)
	at org.junit.runners.ParentRunner$4.run(ParentRunner.java:331)
	at org.junit.runners.ParentRunner$1.schedule(ParentRunner.java:79)
	at org.junit.runners.ParentRunner.runChildren(ParentRunner.java:329)
	at org.junit.runners.ParentRunner.access$100(ParentRunner.java:66)
	at org.junit.runners.ParentRunner$2.evaluate(ParentRunner.java:293)
	at org.junit.runners.ParentRunner$3.evaluate(ParentRunner.java:306)
	at org.junit.runners.ParentRunner.run(ParentRunner.java:413)
	at org.gradle.api.internal.tasks.testing.junit.JUnitTestClassExecutor.runTestClass(JUnitTestClassExecutor.java:110)
	at org.gradle.api.internal.tasks.testing.junit.JUnitTestClassExecutor.execute(JUnitTestClassExecutor.java:58)
	at org.gradle.api.internal.tasks.testing.junit.JUnitTestClassExecutor.execute(JUnitTestClassExecutor.java:38)
	at org.gradle.api.internal.tasks.testing.junit.AbstractJUnitTestClassProcessor.processTestClass(AbstractJUnitTestClassProcessor.java:62)
	at org.gradle.api.internal.tasks.testing.SuiteTestClassProcessor.processTestClass(SuiteTestClassProcessor.java:51)
	at java.base/jdk.internal.reflect.NativeMethodAccessorImpl.invoke0(Native Method)
	at java.base/jdk.internal.reflect.NativeMethodAccessorImpl.invoke(NativeMethodAccessorImpl.java:62)
	at java.base/jdk.internal.reflect.DelegatingMethodAccessorImpl.invoke(DelegatingMethodAccessorImpl.java:43)
	at java.base/java.lang.reflect.Method.invoke(Method.java:566)
	at org.gradle.internal.dispatch.ReflectionDispatch.dispatch(ReflectionDispatch.java:36)
	at org.gradle.internal.dispatch.ReflectionDispatch.dispatch(ReflectionDispatch.java:24)
	at org.gradle.internal.dispatch.ContextClassLoaderDispatch.dispatch(ContextClassLoaderDispatch.java:33)
	at org.gradle.internal.dispatch.ProxyDispatchAdapter$DispatchingInvocationHandler.invoke(ProxyDispatchAdapter.java:94)
	at com.sun.proxy.$Proxy5.processTestClass(Unknown Source)
	at org.gradle.api.internal.tasks.testing.worker.TestWorker$2.run(TestWorker.java:176)
	at org.gradle.api.internal.tasks.testing.worker.TestWorker.executeAndMaintainThreadName(TestWorker.java:129)
	at org.gradle.api.internal.tasks.testing.worker.TestWorker.execute(TestWorker.java:100)
	at org.gradle.api.internal.tasks.testing.worker.TestWorker.execute(TestWorker.java:60)
	at org.gradle.process.internal.worker.child.ActionExecutionWorker.execute(ActionExecutionWorker.java:56)
	at org.gradle.process.internal.worker.child.SystemApplicationClassLoaderWorker.call(SystemApplicationClassLoaderWorker.java:133)
	at org.gradle.process.internal.worker.child.SystemApplicationClassLoaderWorker.call(SystemApplicationClassLoaderWorker.java:71)
	at worker.org.gradle.process.internal.worker.GradleWorkerMain.run(GradleWorkerMain.java:69)
	at worker.org.gradle.process.internal.worker.GradleWorkerMain.main(GradleWorkerMain.java:74)
</failure>
  </testcase>
  <testcase name="TestMetadataModel" classname="com.dotcms.storage.FileMetadataAPITest" time="0.005"/>
  <testcase name="Test_Get_Metadata_Property" classname="com.dotcms.storage.FileMetadataAPITest" time="0.868"/>
  <testcase name="Test_GetMetadata_ForceGenerate[0: FILE_SYSTEM]" classname="com.dotcms.storage.FileMetadataAPITest" time="1.021"/>
  <testcase name="Test_GetMetadata_ForceGenerate[1: DB]" classname="com.dotcms.storage.FileMetadataAPITest" time="1.056"/>
  <testcase name="Test_Get_Metadata_No_Cache_Force_Generate[0: FILE_SYSTEM]" classname="com.dotcms.storage.FileMetadataAPITest" time="1.018"/>
  <testcase name="Test_Get_Metadata_No_Cache_Force_Generate[1: DB]" classname="com.dotcms.storage.FileMetadataAPITest" time="1.017"/>
  <testcase name="Test_Metadata_Gets_Updated_When_Lower_Version_Found[0: FILE_SYSTEM]" classname="com.dotcms.storage.FileMetadataAPITest" time="1.059"/>
  <testcase name="Test_Metadata_Gets_Updated_When_Lower_Version_Found[1: DB]" classname="com.dotcms.storage.FileMetadataAPITest" time="1.051"/>
  <testcase name="Test_Add_Custom_Attributes_FileAssets[0: FILE_SYSTEM]" classname="com.dotcms.storage.FileMetadataAPITest" time="1.84"/>
  <testcase name="Test_Add_Custom_Attributes_FileAssets[1: DB]" classname="com.dotcms.storage.FileMetadataAPITest" time="1.772"/>
  <testcase name="Test_Generate_Metadata_Should_Not_Override_Custom_Attributes[0: FILE_SYSTEM]" classname="com.dotcms.storage.FileMetadataAPITest" time="1.662"/>
  <testcase name="Test_Generate_Metadata_Should_Not_Override_Custom_Attributes[1: DB]" classname="com.dotcms.storage.FileMetadataAPITest" time="1.688"/>
  <testcase name="Test_Write_Custom_Metadata_Then_Generate_Metadata_Expect_All_Metadata[0: FILE_SYSTEM]" classname="com.dotcms.storage.FileMetadataAPITest" time="1.149">
    <failure message="java.lang.AssertionError" type="java.lang.AssertionError">java.lang.AssertionError
	at org.junit.Assert.fail(Assert.java:87)
	at org.junit.Assert.assertTrue(Assert.java:42)
	at org.junit.Assert.assertTrue(Assert.java:53)
	at com.dotcms.storage.FileMetadataAPITest.validateFull(FileMetadataAPITest.java:294)
	at com.dotcms.storage.FileMetadataAPITest.Test_Write_Custom_Metadata_Then_Generate_Metadata_Expect_All_Metadata(FileMetadataAPITest.java:876)
	at java.base/jdk.internal.reflect.NativeMethodAccessorImpl.invoke0(Native Method)
	at java.base/jdk.internal.reflect.NativeMethodAccessorImpl.invoke(NativeMethodAccessorImpl.java:62)
	at java.base/jdk.internal.reflect.DelegatingMethodAccessorImpl.invoke(DelegatingMethodAccessorImpl.java:43)
	at java.base/java.lang.reflect.Method.invoke(Method.java:566)
	at org.junit.runners.model.FrameworkMethod$1.runReflectiveCall(FrameworkMethod.java:59)
	at org.junit.internal.runners.model.ReflectiveCallable.run(ReflectiveCallable.java:12)
	at org.junit.runners.model.FrameworkMethod.invokeExplosively(FrameworkMethod.java:56)
	at com.tngtech.java.junit.dataprovider.DataProviderFrameworkMethod.invokeExplosively(DataProviderFrameworkMethod.java:119)
	at org.junit.internal.runners.statements.InvokeMethod.evaluate(InvokeMethod.java:17)
	at org.junit.runners.ParentRunner$3.evaluate(ParentRunner.java:306)
	at org.junit.rules.TestWatcher$1.evaluate(TestWatcher.java:61)
	at org.junit.rules.RunRules.evaluate(RunRules.java:20)
	at org.junit.runners.ParentRunner.runLeaf(ParentRunner.java:366)
	at com.dotcms.junit.CustomDataProviderRunner.runChild(CustomDataProviderRunner.java:38)
	at com.dotcms.junit.CustomDataProviderRunner.runChild(CustomDataProviderRunner.java:14)
	at org.junit.runners.ParentRunner$4.run(ParentRunner.java:331)
	at org.junit.runners.ParentRunner$1.schedule(ParentRunner.java:79)
	at org.junit.runners.ParentRunner.runChildren(ParentRunner.java:329)
	at org.junit.runners.ParentRunner.access$100(ParentRunner.java:66)
	at org.junit.runners.ParentRunner$2.evaluate(ParentRunner.java:293)
	at org.junit.runners.ParentRunner$3.evaluate(ParentRunner.java:306)
	at org.junit.runners.ParentRunner.run(ParentRunner.java:413)
	at com.dotcms.junit.MainBaseSuite$DotRunner.run(MainBaseSuite.java:60)
	at org.junit.runners.Suite.runChild(Suite.java:128)
	at org.junit.runners.Suite.runChild(Suite.java:27)
	at org.junit.runners.ParentRunner$4.run(ParentRunner.java:331)
	at org.junit.runners.ParentRunner$1.schedule(ParentRunner.java:79)
	at org.junit.runners.ParentRunner.runChildren(ParentRunner.java:329)
	at org.junit.runners.ParentRunner.access$100(ParentRunner.java:66)
	at org.junit.runners.ParentRunner$2.evaluate(ParentRunner.java:293)
	at org.junit.runners.ParentRunner$3.evaluate(ParentRunner.java:306)
	at org.junit.runners.ParentRunner.run(ParentRunner.java:413)
	at org.gradle.api.internal.tasks.testing.junit.JUnitTestClassExecutor.runTestClass(JUnitTestClassExecutor.java:110)
	at org.gradle.api.internal.tasks.testing.junit.JUnitTestClassExecutor.execute(JUnitTestClassExecutor.java:58)
	at org.gradle.api.internal.tasks.testing.junit.JUnitTestClassExecutor.execute(JUnitTestClassExecutor.java:38)
	at org.gradle.api.internal.tasks.testing.junit.AbstractJUnitTestClassProcessor.processTestClass(AbstractJUnitTestClassProcessor.java:62)
	at org.gradle.api.internal.tasks.testing.SuiteTestClassProcessor.processTestClass(SuiteTestClassProcessor.java:51)
	at java.base/jdk.internal.reflect.NativeMethodAccessorImpl.invoke0(Native Method)
	at java.base/jdk.internal.reflect.NativeMethodAccessorImpl.invoke(NativeMethodAccessorImpl.java:62)
	at java.base/jdk.internal.reflect.DelegatingMethodAccessorImpl.invoke(DelegatingMethodAccessorImpl.java:43)
	at java.base/java.lang.reflect.Method.invoke(Method.java:566)
	at org.gradle.internal.dispatch.ReflectionDispatch.dispatch(ReflectionDispatch.java:36)
	at org.gradle.internal.dispatch.ReflectionDispatch.dispatch(ReflectionDispatch.java:24)
	at org.gradle.internal.dispatch.ContextClassLoaderDispatch.dispatch(ContextClassLoaderDispatch.java:33)
	at org.gradle.internal.dispatch.ProxyDispatchAdapter$DispatchingInvocationHandler.invoke(ProxyDispatchAdapter.java:94)
	at com.sun.proxy.$Proxy5.processTestClass(Unknown Source)
	at org.gradle.api.internal.tasks.testing.worker.TestWorker$2.run(TestWorker.java:176)
	at org.gradle.api.internal.tasks.testing.worker.TestWorker.executeAndMaintainThreadName(TestWorker.java:129)
	at org.gradle.api.internal.tasks.testing.worker.TestWorker.execute(TestWorker.java:100)
	at org.gradle.api.internal.tasks.testing.worker.TestWorker.execute(TestWorker.java:60)
	at org.gradle.process.internal.worker.child.ActionExecutionWorker.execute(ActionExecutionWorker.java:56)
	at org.gradle.process.internal.worker.child.SystemApplicationClassLoaderWorker.call(SystemApplicationClassLoaderWorker.java:133)
	at org.gradle.process.internal.worker.child.SystemApplicationClassLoaderWorker.call(SystemApplicationClassLoaderWorker.java:71)
	at worker.org.gradle.process.internal.worker.GradleWorkerMain.run(GradleWorkerMain.java:69)
	at worker.org.gradle.process.internal.worker.GradleWorkerMain.main(GradleWorkerMain.java:74)
</failure>
  </testcase>
  <testcase name="Test_Write_Custom_Metadata_Then_Generate_Metadata_Expect_All_Metadata[1: DB]" classname="com.dotcms.storage.FileMetadataAPITest" time="1.062">
    <failure message="java.lang.AssertionError" type="java.lang.AssertionError">java.lang.AssertionError
	at org.junit.Assert.fail(Assert.java:87)
	at org.junit.Assert.assertTrue(Assert.java:42)
	at org.junit.Assert.assertTrue(Assert.java:53)
	at com.dotcms.storage.FileMetadataAPITest.validateFull(FileMetadataAPITest.java:294)
	at com.dotcms.storage.FileMetadataAPITest.Test_Write_Custom_Metadata_Then_Generate_Metadata_Expect_All_Metadata(FileMetadataAPITest.java:876)
	at java.base/jdk.internal.reflect.NativeMethodAccessorImpl.invoke0(Native Method)
	at java.base/jdk.internal.reflect.NativeMethodAccessorImpl.invoke(NativeMethodAccessorImpl.java:62)
	at java.base/jdk.internal.reflect.DelegatingMethodAccessorImpl.invoke(DelegatingMethodAccessorImpl.java:43)
	at java.base/java.lang.reflect.Method.invoke(Method.java:566)
	at org.junit.runners.model.FrameworkMethod$1.runReflectiveCall(FrameworkMethod.java:59)
	at org.junit.internal.runners.model.ReflectiveCallable.run(ReflectiveCallable.java:12)
	at org.junit.runners.model.FrameworkMethod.invokeExplosively(FrameworkMethod.java:56)
	at com.tngtech.java.junit.dataprovider.DataProviderFrameworkMethod.invokeExplosively(DataProviderFrameworkMethod.java:119)
	at org.junit.internal.runners.statements.InvokeMethod.evaluate(InvokeMethod.java:17)
	at org.junit.runners.ParentRunner$3.evaluate(ParentRunner.java:306)
	at org.junit.rules.TestWatcher$1.evaluate(TestWatcher.java:61)
	at org.junit.rules.RunRules.evaluate(RunRules.java:20)
	at org.junit.runners.ParentRunner.runLeaf(ParentRunner.java:366)
	at com.dotcms.junit.CustomDataProviderRunner.runChild(CustomDataProviderRunner.java:38)
	at com.dotcms.junit.CustomDataProviderRunner.runChild(CustomDataProviderRunner.java:14)
	at org.junit.runners.ParentRunner$4.run(ParentRunner.java:331)
	at org.junit.runners.ParentRunner$1.schedule(ParentRunner.java:79)
	at org.junit.runners.ParentRunner.runChildren(ParentRunner.java:329)
	at org.junit.runners.ParentRunner.access$100(ParentRunner.java:66)
	at org.junit.runners.ParentRunner$2.evaluate(ParentRunner.java:293)
	at org.junit.runners.ParentRunner$3.evaluate(ParentRunner.java:306)
	at org.junit.runners.ParentRunner.run(ParentRunner.java:413)
	at com.dotcms.junit.MainBaseSuite$DotRunner.run(MainBaseSuite.java:60)
	at org.junit.runners.Suite.runChild(Suite.java:128)
	at org.junit.runners.Suite.runChild(Suite.java:27)
	at org.junit.runners.ParentRunner$4.run(ParentRunner.java:331)
	at org.junit.runners.ParentRunner$1.schedule(ParentRunner.java:79)
	at org.junit.runners.ParentRunner.runChildren(ParentRunner.java:329)
	at org.junit.runners.ParentRunner.access$100(ParentRunner.java:66)
	at org.junit.runners.ParentRunner$2.evaluate(ParentRunner.java:293)
	at org.junit.runners.ParentRunner$3.evaluate(ParentRunner.java:306)
	at org.junit.runners.ParentRunner.run(ParentRunner.java:413)
	at org.gradle.api.internal.tasks.testing.junit.JUnitTestClassExecutor.runTestClass(JUnitTestClassExecutor.java:110)
	at org.gradle.api.internal.tasks.testing.junit.JUnitTestClassExecutor.execute(JUnitTestClassExecutor.java:58)
	at org.gradle.api.internal.tasks.testing.junit.JUnitTestClassExecutor.execute(JUnitTestClassExecutor.java:38)
	at org.gradle.api.internal.tasks.testing.junit.AbstractJUnitTestClassProcessor.processTestClass(AbstractJUnitTestClassProcessor.java:62)
	at org.gradle.api.internal.tasks.testing.SuiteTestClassProcessor.processTestClass(SuiteTestClassProcessor.java:51)
	at java.base/jdk.internal.reflect.NativeMethodAccessorImpl.invoke0(Native Method)
	at java.base/jdk.internal.reflect.NativeMethodAccessorImpl.invoke(NativeMethodAccessorImpl.java:62)
	at java.base/jdk.internal.reflect.DelegatingMethodAccessorImpl.invoke(DelegatingMethodAccessorImpl.java:43)
	at java.base/java.lang.reflect.Method.invoke(Method.java:566)
	at org.gradle.internal.dispatch.ReflectionDispatch.dispatch(ReflectionDispatch.java:36)
	at org.gradle.internal.dispatch.ReflectionDispatch.dispatch(ReflectionDispatch.java:24)
	at org.gradle.internal.dispatch.ContextClassLoaderDispatch.dispatch(ContextClassLoaderDispatch.java:33)
	at org.gradle.internal.dispatch.ProxyDispatchAdapter$DispatchingInvocationHandler.invoke(ProxyDispatchAdapter.java:94)
	at com.sun.proxy.$Proxy5.processTestClass(Unknown Source)
	at org.gradle.api.internal.tasks.testing.worker.TestWorker$2.run(TestWorker.java:176)
	at org.gradle.api.internal.tasks.testing.worker.TestWorker.executeAndMaintainThreadName(TestWorker.java:129)
	at org.gradle.api.internal.tasks.testing.worker.TestWorker.execute(TestWorker.java:100)
	at org.gradle.api.internal.tasks.testing.worker.TestWorker.execute(TestWorker.java:60)
	at org.gradle.process.internal.worker.child.ActionExecutionWorker.execute(ActionExecutionWorker.java:56)
	at org.gradle.process.internal.worker.child.SystemApplicationClassLoaderWorker.call(SystemApplicationClassLoaderWorker.java:133)
	at org.gradle.process.internal.worker.child.SystemApplicationClassLoaderWorker.call(SystemApplicationClassLoaderWorker.java:71)
	at worker.org.gradle.process.internal.worker.GradleWorkerMain.run(GradleWorkerMain.java:69)
	at worker.org.gradle.process.internal.worker.GradleWorkerMain.main(GradleWorkerMain.java:74)
</failure>
  </testcase>
  <testcase name="Test_Generate_Metadata_From_ContentType_With_Multiple_Binary_Fields[0: FILE_SYSTEM]" classname="com.dotcms.storage.FileMetadataAPITest" time="2.276"/>
  <testcase name="Test_Generate_Metadata_From_ContentType_With_Multiple_Binary_Fields[1: DB]" classname="com.dotcms.storage.FileMetadataAPITest" time="2.035"/>
  <testcase name="Test_Get_Metadata_No_Cache[0: FILE_SYSTEM]" classname="com.dotcms.storage.FileMetadataAPITest" time="0.74"/>
  <testcase name="Test_Get_Metadata_No_Cache[1: DB]" classname="com.dotcms.storage.FileMetadataAPITest" time="1.03"/>
  <testcase name="Test_Copy_Metadata[0: FILE_SYSTEM]" classname="com.dotcms.storage.FileMetadataAPITest" time="2.316"/>
  <testcase name="Test_Copy_Metadata[1: DB]" classname="com.dotcms.storage.FileMetadataAPITest" time="2.385"/>
  <system-out><![CDATA[]]></system-out>
  <system-err><![CDATA[]]></system-err>
</testsuite>
