<?xml version="1.0" encoding="UTF-8"?>
<testsuite name="com.dotcms.publisher.business.PublishAuditAPITest" tests="9" skipped="0" failures="0" errors="0" timestamp="2023-06-30T15:00:19" hostname="fv-az589-574" time="5.489">
  <properties/>
  <testcase name="allThePublishAuditHistoryWithOneAssets" classname="com.dotcms.publisher.business.PublishAuditAPITest" time="0.044"/>
  <testcase name="test_getBundleIdByStatus_StatusFailAllTypes" classname="com.dotcms.publisher.business.PublishAuditAPITest" time="0.01"/>
  <testcase name="test_getBundleIdByStatusFilterByOwner_StatusSuccess_OwnerNewUser" classname="com.dotcms.publisher.business.PublishAuditAPITest" time="0.818"/>
  <testcase name="notAssets" classname="com.dotcms.publisher.business.PublishAuditAPITest" time="1.227"/>
  <testcase name="maxAsssetLimits" classname="com.dotcms.publisher.business.PublishAuditAPITest" time="1.276"/>
  <testcase name="test_insertPublishAuditStatus" classname="com.dotcms.publisher.business.PublishAuditAPITest" time="0.004"/>
  <testcase name="maxAsssetLimitsEqualsTo3" classname="com.dotcms.publisher.business.PublishAuditAPITest" time="1.274"/>
  <testcase name="test_getBundleIdByStatusFilterByOwner_StatusFailAllTypes_OwnerNewUser" classname="com.dotcms.publisher.business.PublishAuditAPITest" time="0.832"/>
  <testcase name="test_getBundleIdByStatus_StatusSuccess" classname="com.dotcms.publisher.business.PublishAuditAPITest" time="0.003"/>
  <system-out><![CDATA[]]></system-out>
  <system-err><![CDATA[]]></system-err>
</testsuite>
