<?xml version="1.0" encoding="UTF-8"?>
<testsuite name="com.dotcms.rest.TagResourceIntegrationTest" tests="4" skipped="0" failures="0" errors="0" timestamp="2023-07-06T21:02:31" hostname="fv-az440-292" time="0.296">
  <properties/>
  <testcase name="testList[0: com.dotcms.rest.TagResourceTestCase@38ab1e35]" classname="com.dotcms.rest.TagResourceIntegrationTest" time="0.234"/>
  <testcase name="testList[1: com.dotcms.rest.TagResourceTestCase@73b1190]" classname="com.dotcms.rest.TagResourceIntegrationTest" time="0.024"/>
  <testcase name="testList[2: com.dotcms.rest.TagResourceTestCase@6cf998df]" classname="com.dotcms.rest.TagResourceIntegrationTest" time="0.017"/>
  <testcase name="testList[3: com.dotcms.rest.TagResourceTestCase@bce366a]" classname="com.dotcms.rest.TagResourceIntegrationTest" time="0.02"/>
  <system-out><![CDATA[]]></system-out>
  <system-err><![CDATA[Jul 06, 2023 9:02:31 PM com.dotcms.repackage.org.hibernate.validator.internal.util.Version <clinit>
INFO: HV000001: Hibernate Validator 4.3.2.Final
]]></system-err>
</testsuite>
