<?xml version="1.0" encoding="UTF-8"?>
<testsuite name="com.dotmarketing.portlets.structure.model.ContentletRelationshipsTest" tests="7" skipped="0" failures="0" errors="0" timestamp="2023-06-21T18:18:34" hostname="fv-az454-705" time="11.202">
  <properties/>
  <testcase name="testDoesAllowOnlyOne[0: com.dotmarketing.portlets.structure.model.ContentletRelationshipsTest$CardinalityTestCase@48c4c205]" classname="com.dotmarketing.portlets.structure.model.ContentletRelationshipsTest" time="0.649"/>
  <testcase name="testDoesAllowOnlyOne[1: com.dotmarketing.portlets.structure.model.ContentletRelationshipsTest$CardinalityTestCase@5b839eb5]" classname="com.dotmarketing.portlets.structure.model.ContentletRelationshipsTest" time="0.673"/>
  <testcase name="testDoesAllowOnlyOne[2: com.dotmarketing.portlets.structure.model.ContentletRelationshipsTest$CardinalityTestCase@32661e04]" classname="com.dotmarketing.portlets.structure.model.ContentletRelationshipsTest" time="0.676"/>
  <testcase name="testGetRelationshipRecords[0: com.dotmarketing.portlets.structure.model.ContentletRelationshipsTest$TestCase@48e5629a]" classname="com.dotmarketing.portlets.structure.model.ContentletRelationshipsTest" time="2.438"/>
  <testcase name="testGetRelationshipRecords[1: com.dotmarketing.portlets.structure.model.ContentletRelationshipsTest$TestCase@26df4569]" classname="com.dotmarketing.portlets.structure.model.ContentletRelationshipsTest" time="2.307"/>
  <testcase name="testGetRelationshipRecords[2: com.dotmarketing.portlets.structure.model.ContentletRelationshipsTest$TestCase@61ee0131]" classname="com.dotmarketing.portlets.structure.model.ContentletRelationshipsTest" time="2.242"/>
  <testcase name="testGetRelationshipRecords[3: com.dotmarketing.portlets.structure.model.ContentletRelationshipsTest$TestCase@63faa536]" classname="com.dotmarketing.portlets.structure.model.ContentletRelationshipsTest" time="2.216"/>
  <system-out><![CDATA[]]></system-out>
  <system-err><![CDATA[]]></system-err>
</testsuite>
