<?xml version="1.0" encoding="UTF-8"?>
<testsuite name="com.dotcms.enterprise.cluster.ClusterFactoryTest" tests="1" skipped="0" failures="0" errors="0" timestamp="2023-06-29T06:20:19" hostname="fv-az343-696" time="0.005">
  <properties/>
  <testcase name="testClusterReady_ShouldReturnTrue" classname="com.dotcms.enterprise.cluster.ClusterFactoryTest" time="0.005"/>
  <system-out><![CDATA[]]></system-out>
  <system-err><![CDATA[]]></system-err>
</testsuite>
