<?xml version="1.0" encoding="UTF-8"?>
<testsuite name="com.dotcms.contenttype.model.field.layout.FieldUtilTest" tests="2" skipped="0" failures="0" errors="0" timestamp="2023-07-07T15:16:48" hostname="fv-az363-219" time="2.451">
  <properties/>
  <testcase name="testSetFieldInternationalizationWithAnonymousUser" classname="com.dotcms.contenttype.model.field.layout.FieldUtilTest" time="1.254"/>
  <testcase name="testSetFieldInternationalization" classname="com.dotcms.contenttype.model.field.layout.FieldUtilTest" time="1.197"/>
  <system-out><![CDATA[]]></system-out>
  <system-err><![CDATA[]]></system-err>
</testsuite>
