<?xml version="1.0" encoding="UTF-8"?>
<testsuite name="com.dotmarketing.business.DeterministicIdentifierAPITest" tests="16" skipped="0" failures="0" errors="0" timestamp="2023-07-14T22:25:44" hostname="fv-az358-465" time="1.422">
  <properties/>
  <testcase name="Test_Category_Path_Seed_And_Id" classname="com.dotmarketing.business.DeterministicIdentifierAPITest" time="0.025"/>
  <testcase name="Test_Language_Deterministic_Id[0: LanguageTestCase{expectedSeed='Language:es:US', expectedHash=4913155, langCode='es', countryCode='US', country='United States'}]" classname="com.dotmarketing.business.DeterministicIdentifierAPITest" time="0.001"/>
  <testcase name="Test_Language_Deterministic_Id[1: LanguageTestCase{expectedSeed='Language:ep:', expectedHash=5292269, langCode='ep', countryCode='', country=''}]" classname="com.dotmarketing.business.DeterministicIdentifierAPITest" time="0.001"/>
  <testcase name="Test_Language_Deterministic_Id[2: LanguageTestCase{expectedSeed='Language:sg:SAG', expectedHash=4713118, langCode='sg', countryCode='SAG', country=''}]" classname="com.dotmarketing.business.DeterministicIdentifierAPITest" time="0.001"/>
  <testcase name="Test_Language_Deterministic_Id[3: LanguageTestCase{expectedSeed='Language:en:NZ', expectedHash=5382528, langCode='en', countryCode='NZ', country='New Zealand'}]" classname="com.dotmarketing.business.DeterministicIdentifierAPITest" time="0.001"/>
  <testcase name="Test_Category_None_Persisted_Category_Should_Return_Deterministic_Id" classname="com.dotmarketing.business.DeterministicIdentifierAPITest" time="0.001"/>
  <testcase name="Test_Asset_Generate_Deterministic_Id_Best_Effort[0: TestCase{versionable=my.host1689373162210.com, parent=System Host, expectedName='my.host1689373162210.com', expectedType='Host'}]" classname="com.dotmarketing.business.DeterministicIdentifierAPITest" time="0.003"/>
  <testcase name="Test_Asset_Generate_Deterministic_Id_Best_Effort[1: TestCase{versionable=com.dotmarketing.portlets.contentlet.model.Contentlet@9e485b0[map={modDate=2023-07-14 22:19:23.127, fileName=file15428708136805907639.txt, title=file15428708136805907639.txt, inode=8c646a28-1217-4707-9a46-f1ff777b5e8f, __IS_NEW_CONTENT__=true, disabledWYSIWYG=[], host=90477807-585e-4e88-a8fa-0ee93474d91c, stInode=33888b6f-7a8e-4069-b1b6-5c1aa9d0a48d, owner=system, identifier=2aeaa152-46b2-417f-922c-78d2aa367794, nullProperties=[wfExpireDate, wfPublishDate, wfActionAssign, wfActionId, wfActionComments, filterKey, whereToSend, wfNeverExpire, _path_to_move, timezoneId, iWantTo, wfPublishTime, wfExpireTime], languageId=1, fileAsset=/home/runner/work/core/custom/assets/8/c/8c646a28-1217-4707-9a46-f1ff777b5e8f/fileAsset/file15428708136805907639.txt, folder=9d0893d1-6178-4fd6-9bc5-8b1e76fd07aa, __disable_workflow__=true, sortOrder=0, modUser=system},lowIndexPriority=false,variantId=DEFAULT], parent=com.dotmarketing.portlets.folders.model.Folder@479cb63d[identifier=9d0893d1-6178-4fd6-9bc5-8b1e76fd07aa,name=testName1689373163121,sortOrder=0,showOnMenu=false,hostId=90477807-585e-4e88-a8fa-0ee93474d91c,type=folder,title=testTitle1689373163121,filesMasks=,defaultFileType=33888b6f-7a8e-4069-b1b6-5c1aa9d0a48d,modDate=2023-07-14 22:19:23.123,owner=&lt;null&gt;,iDate=2023-07-14 22:19:23.123,inode=9d0893d1-6178-4fd6-9bc5-8b1e76fd07aa,path=/testName1689373163121/], expectedName='file15428708136805907639.txt', expectedType='FileAsset'}]" classname="com.dotmarketing.business.DeterministicIdentifierAPITest" time="0.003"/>
  <testcase name="Test_Asset_Generate_Deterministic_Id_Best_Effort[2: TestCase{versionable=com.dotmarketing.portlets.templates.model.Template@cb6d364e, parent=my.host1689373162210.com, expectedName='testTitle1689373163217', expectedType='Template'}]" classname="com.dotmarketing.business.DeterministicIdentifierAPITest" time="0.002"/>
  <testcase name="Test_Asset_Generate_Deterministic_Id_Best_Effort[3: TestCase{versionable=com.dotmarketing.portlets.htmlpageasset.model.HTMLPageAsset@56d7f6b7[map={template=fd7bfc28-aec5-4370-901a-e34d6e86c00d, owner=system, identifier=0695d277-ddb0-44ab-bfa9-c6d0e4ae13ab, nullProperties=[wfExpireDate, wfPublishDate, wfActionAssign, wfActionId, wfActionComments, filterKey, whereToSend, wfNeverExpire, _path_to_move, timezoneId, iWantTo, wfPublishTime, wfExpireTime], modDate=2023-07-14 22:19:23.233, cachettl=0, _is_test_mode=true, languageId=1, title=test-page-title-1689373163228, httpsreq=, url=test-page-url-1689373163228, showOnMenu=, inode=88c7083c-8adc-4625-b8bf-d8258ff37326, folder=9d0893d1-6178-4fd6-9bc5-8b1e76fd07aa, disabledWYSIWYG=[], sortOrder=1, modUser=system, host=90477807-585e-4e88-a8fa-0ee93474d91c, stInode=c541abb1-69b3-4bc5-8430-5e09e5239cc8, friendlyName=test-page-friendly-name-1689373163228},lowIndexPriority=false,variantId=DEFAULT], parent=com.dotmarketing.portlets.folders.model.Folder@479cb63d[identifier=9d0893d1-6178-4fd6-9bc5-8b1e76fd07aa,name=testName1689373163121,sortOrder=0,showOnMenu=false,hostId=90477807-585e-4e88-a8fa-0ee93474d91c,type=folder,title=testTitle1689373163121,filesMasks=,defaultFileType=33888b6f-7a8e-4069-b1b6-5c1aa9d0a48d,modDate=2023-07-14 22:19:23.123,owner=&lt;null&gt;,iDate=2023-07-14 22:19:23.123,inode=9d0893d1-6178-4fd6-9bc5-8b1e76fd07aa,path=/testName1689373163121/], expectedName='test-page-url-1689373163228', expectedType='htmlpageasset'}]" classname="com.dotmarketing.business.DeterministicIdentifierAPITest" time="0.003"/>
  <testcase name="Test_Asset_Generate_Deterministic_Id_Best_Effort[4: TestCase{versionable=com.dotmarketing.portlets.contentlet.model.Contentlet@2fefdb97[map={fileAsset2=/home/runner/work/core/custom/assets/7/0/70c3c375-148c-431e-8339-9b1555bea712/fileAsset2/test_binary1689373164107.png, modDate=2023-07-14 22:19:24.111, fileAsset1=/home/runner/work/core/custom/assets/7/0/70c3c375-148c-431e-8339-9b1555bea712/fileAsset1/test_binary1689373164107.jpg, title=blah, inode=70c3c375-148c-431e-8339-9b1555bea712, __IS_NEW_CONTENT__=true, disabledWYSIWYG=[], host=48190c8c-42c4-46af-8d1a-0cd5db894797, stInode=059b5198-29b5-4da7-a963-73b46fc6e66f, owner=system, identifier=1276727a-67c7-4800-82b7-11df1f5fe25a, nullProperties=[], languageId=1, image1=ac03b963-fd81-42db-ad1d-df54f3ff676c, folder=SYSTEM_FOLDER, __disable_workflow__=true, sortOrder=0, modUser=system},lowIndexPriority=false,variantId=DEFAULT], parent=demo.dotcms.com, expectedName='test_binary1689373164107.jpg:test_binary1689373164107.png', expectedType='MultipleBinaries1689373163374'}]" classname="com.dotmarketing.business.DeterministicIdentifierAPITest" time="0.003"/>
  <testcase name="Test_Asset_Generate_Deterministic_Id_Best_Effort[5: TestCase{versionable=named0448d15ea : keyTagd0448d15ea, parent=my.host1689373162210.com, expectedName='keyTagd0448d15ea', expectedType='persona'}]" classname="com.dotmarketing.business.DeterministicIdentifierAPITest" time="0.003"/>
  <testcase name="Test_Similar_Content_Type_Wont_Clash" classname="com.dotmarketing.business.DeterministicIdentifierAPITest" time="0.432"/>
  <testcase name="Test_Generate_Folder_Identifier" classname="com.dotmarketing.business.DeterministicIdentifierAPITest" time="0.926"/>
  <testcase name="Test_Generate_Content_Type_Identifier[0: ContentTypeTestCase{contentType=KeyValueContentType{name=Language Variable, id=f4d7c1b8-2c88-4071-abf1-a5328977b07d, description=Default Content Type for Language Variables, defaultType=false, fixed=true, iDate=Thu Aug 31 16:38:49 UTC 2017, system=true, versionable=true, variable=Languagevariable, modDate=Fri Jul 14 21:15:19 UTC 2023, host=SYSTEM_HOST, siteName=systemHost, icon=language, sortOrder=0, folder=SYSTEM_FOLDER, folderPath=/, markedForDeletion=true, multilingualable=false}, expectedName='Languagevariable', expectedType='KeyValue'}]" classname="com.dotmarketing.business.DeterministicIdentifierAPITest" time="0.004"/>
  <testcase name="Test_Generate_Content_Type_Identifier[1: ContentTypeTestCase{contentType=SimpleContentType{name=testName1689373164479, id=5b822912-95f4-4f4b-bc28-7c49ea326d4d, description=testDescription1689373164479, defaultType=false, fixed=false, iDate=Fri Jul 14 22:19:24 UTC 2023, system=false, versionable=true, multilingualable=false, variable=testVarname1689373164479, owner=system, modDate=Fri Jul 14 22:19:25 UTC 2023, host=48190c8c-42c4-46af-8d1a-0cd5db894797, siteName=demo.dotcms.com, icon=event_note, sortOrder=0, folder=SYSTEM_FOLDER, folderPath=/, requiredFields=[], markedForDeletion=false}, expectedName='testVarname1689373164479', expectedType='CONTENT'}]" classname="com.dotmarketing.business.DeterministicIdentifierAPITest" time="0.007"/>
  <system-out><![CDATA[]]></system-out>
  <system-err><![CDATA[]]></system-err>
</testsuite>
