<?xml version="1.0" encoding="UTF-8"?>
<testsuite name="com.dotmarketing.business.DeterministicIdentifierAPITest" tests="16" skipped="0" failures="0" errors="0" timestamp="2023-07-14T15:44:24" hostname="fv-az627-249" time="0.949">
  <properties/>
  <testcase name="Test_Category_Path_Seed_And_Id" classname="com.dotmarketing.business.DeterministicIdentifierAPITest" time="0.023"/>
  <testcase name="Test_Language_Deterministic_Id[0: LanguageTestCase{expectedSeed='Language:es:US', expectedHash=4913155, langCode='es', countryCode='US', country='United States'}]" classname="com.dotmarketing.business.DeterministicIdentifierAPITest" time="0.001"/>
  <testcase name="Test_Language_Deterministic_Id[1: LanguageTestCase{expectedSeed='Language:ep:', expectedHash=5292269, langCode='ep', countryCode='', country=''}]" classname="com.dotmarketing.business.DeterministicIdentifierAPITest" time="0.001"/>
  <testcase name="Test_Language_Deterministic_Id[2: LanguageTestCase{expectedSeed='Language:sg:SAG', expectedHash=4713118, langCode='sg', countryCode='SAG', country=''}]" classname="com.dotmarketing.business.DeterministicIdentifierAPITest" time="0.0"/>
  <testcase name="Test_Language_Deterministic_Id[3: LanguageTestCase{expectedSeed='Language:en:NZ', expectedHash=5382528, langCode='en', countryCode='NZ', country='New Zealand'}]" classname="com.dotmarketing.business.DeterministicIdentifierAPITest" time="0.001"/>
  <testcase name="Test_Category_None_Persisted_Category_Should_Return_Deterministic_Id" classname="com.dotmarketing.business.DeterministicIdentifierAPITest" time="0.001"/>
  <testcase name="Test_Asset_Generate_Deterministic_Id_Best_Effort[0: TestCase{versionable=my.host1689349082153.com, parent=System Host, expectedName='my.host1689349082153.com', expectedType='Host'}]" classname="com.dotmarketing.business.DeterministicIdentifierAPITest" time="0.003"/>
  <testcase name="Test_Asset_Generate_Deterministic_Id_Best_Effort[1: TestCase{versionable=com.dotmarketing.portlets.contentlet.model.Contentlet@57f84e76[map={modDate=2023-07-14 15:38:02.827, fileName=file8560695504653462734.txt, title=file8560695504653462734.txt, inode=1a43c449-670c-4bc7-bc5a-422fc72e5444, __IS_NEW_CONTENT__=true, disabledWYSIWYG=[], host=97447aa0-a065-425a-9795-e4aa24304018, stInode=33888b6f-7a8e-4069-b1b6-5c1aa9d0a48d, owner=system, identifier=03cf7bd7-1cd4-4829-bbdf-09c325126d72, nullProperties=[wfExpireDate, wfPublishDate, wfActionAssign, wfActionId, wfActionComments, filterKey, whereToSend, wfNeverExpire, _path_to_move, timezoneId, iWantTo, wfPublishTime, wfExpireTime], languageId=1, fileAsset=/home/runner/work/core/custom/assets/1/a/1a43c449-670c-4bc7-bc5a-422fc72e5444/fileAsset/file8560695504653462734.txt, folder=a59f6fa6-2a09-48b9-81b0-75a1b7394c10, __disable_workflow__=true, sortOrder=0, modUser=system},lowIndexPriority=false,variantId=DEFAULT], parent=com.dotmarketing.portlets.folders.model.Folder@790840aa[identifier=a59f6fa6-2a09-48b9-81b0-75a1b7394c10,name=testName1689349082821,sortOrder=0,showOnMenu=false,hostId=97447aa0-a065-425a-9795-e4aa24304018,type=folder,title=testTitle1689349082821,filesMasks=,defaultFileType=33888b6f-7a8e-4069-b1b6-5c1aa9d0a48d,modDate=2023-07-14 15:38:02.823,owner=&lt;null&gt;,iDate=2023-07-14 15:38:02.823,inode=a59f6fa6-2a09-48b9-81b0-75a1b7394c10,path=/testName1689349082821/], expectedName='file8560695504653462734.txt', expectedType='FileAsset'}]" classname="com.dotmarketing.business.DeterministicIdentifierAPITest" time="0.002"/>
  <testcase name="Test_Asset_Generate_Deterministic_Id_Best_Effort[2: TestCase{versionable=com.dotmarketing.portlets.templates.model.Template@6cfd1e82, parent=my.host1689349082153.com, expectedName='testTitle1689349082913', expectedType='Template'}]" classname="com.dotmarketing.business.DeterministicIdentifierAPITest" time="0.001"/>
  <testcase name="Test_Asset_Generate_Deterministic_Id_Best_Effort[3: TestCase{versionable=com.dotmarketing.portlets.htmlpageasset.model.HTMLPageAsset@1c54a757[map={template=7956550a-0010-4640-a62a-a3d37d104142, owner=system, identifier=63d19144-2748-48f8-a44e-49cb6c2fca3d, nullProperties=[wfExpireDate, wfPublishDate, wfActionAssign, wfActionId, wfActionComments, filterKey, whereToSend, wfNeverExpire, _path_to_move, timezoneId, iWantTo, wfPublishTime, wfExpireTime], modDate=2023-07-14 15:38:02.929, cachettl=0, _is_test_mode=true, languageId=1, title=test-page-title-1689349082925, httpsreq=, url=test-page-url-1689349082925, showOnMenu=, inode=8405e64f-3a75-4d80-94eb-38533ad17edc, folder=a59f6fa6-2a09-48b9-81b0-75a1b7394c10, disabledWYSIWYG=[], sortOrder=1, modUser=system, host=97447aa0-a065-425a-9795-e4aa24304018, stInode=c541abb1-69b3-4bc5-8430-5e09e5239cc8, friendlyName=test-page-friendly-name-1689349082925},lowIndexPriority=false,variantId=DEFAULT], parent=com.dotmarketing.portlets.folders.model.Folder@790840aa[identifier=a59f6fa6-2a09-48b9-81b0-75a1b7394c10,name=testName1689349082821,sortOrder=0,showOnMenu=false,hostId=97447aa0-a065-425a-9795-e4aa24304018,type=folder,title=testTitle1689349082821,filesMasks=,defaultFileType=33888b6f-7a8e-4069-b1b6-5c1aa9d0a48d,modDate=2023-07-14 15:38:02.823,owner=&lt;null&gt;,iDate=2023-07-14 15:38:02.823,inode=a59f6fa6-2a09-48b9-81b0-75a1b7394c10,path=/testName1689349082821/], expectedName='test-page-url-1689349082925', expectedType='htmlpageasset'}]" classname="com.dotmarketing.business.DeterministicIdentifierAPITest" time="0.002"/>
  <testcase name="Test_Asset_Generate_Deterministic_Id_Best_Effort[4: TestCase{versionable=com.dotmarketing.portlets.contentlet.model.Contentlet@7b07a051[map={fileAsset2=/home/runner/work/core/custom/assets/e/0/e0c2143b-6023-408a-9f35-388f301c7a0c/fileAsset2/test_binary1689349083809.png, modDate=2023-07-14 15:38:03.813, fileAsset1=/home/runner/work/core/custom/assets/e/0/e0c2143b-6023-408a-9f35-388f301c7a0c/fileAsset1/test_binary1689349083809.jpg, title=blah, inode=e0c2143b-6023-408a-9f35-388f301c7a0c, __IS_NEW_CONTENT__=true, disabledWYSIWYG=[], host=48190c8c-42c4-46af-8d1a-0cd5db894797, stInode=afc63143-db2b-4a98-8493-c4d4cefdbbed, owner=system, identifier=72f978f6-e618-4750-8b56-56e8093a1096, nullProperties=[], languageId=1, image1=da40648d-a728-4dd6-a96a-2e45c829cccd, folder=SYSTEM_FOLDER, __disable_workflow__=true, sortOrder=0, modUser=system},lowIndexPriority=false,variantId=DEFAULT], parent=demo.dotcms.com, expectedName='test_binary1689349083809.jpg:test_binary1689349083809.png', expectedType='MultipleBinaries1689349083102'}]" classname="com.dotmarketing.business.DeterministicIdentifierAPITest" time="0.003"/>
  <testcase name="Test_Asset_Generate_Deterministic_Id_Best_Effort[5: TestCase{versionable=name47175caf73 : keyTag47175caf73, parent=my.host1689349082153.com, expectedName='keyTag47175caf73', expectedType='persona'}]" classname="com.dotmarketing.business.DeterministicIdentifierAPITest" time="0.002"/>
  <testcase name="Test_Similar_Content_Type_Wont_Clash" classname="com.dotmarketing.business.DeterministicIdentifierAPITest" time="0.423"/>
  <testcase name="Test_Generate_Folder_Identifier" classname="com.dotmarketing.business.DeterministicIdentifierAPITest" time="0.474"/>
  <testcase name="Test_Generate_Content_Type_Identifier[0: ContentTypeTestCase{contentType=KeyValueContentType{name=Language Variable, id=f4d7c1b8-2c88-4071-abf1-a5328977b07d, description=Default Content Type for Language Variables, defaultType=false, fixed=true, iDate=Thu Aug 31 16:38:49 UTC 2017, system=true, versionable=true, variable=Languagevariable, modDate=Fri Jul 14 14:35:17 UTC 2023, host=SYSTEM_HOST, siteName=systemHost, icon=language, sortOrder=0, folder=SYSTEM_FOLDER, folderPath=/, markedForDeletion=true, multilingualable=false}, expectedName='Languagevariable', expectedType='KeyValue'}]" classname="com.dotmarketing.business.DeterministicIdentifierAPITest" time="0.006"/>
  <testcase name="Test_Generate_Content_Type_Identifier[1: ContentTypeTestCase{contentType=SimpleContentType{name=testName1689349084203, id=d40e7024-5e8c-47c0-ab45-fb252ce0589a, description=testDescription1689349084203, defaultType=false, fixed=false, iDate=Fri Jul 14 15:38:04 UTC 2023, system=false, versionable=true, multilingualable=false, variable=testVarname1689349084203, owner=system, modDate=Fri Jul 14 15:38:05 UTC 2023, host=48190c8c-42c4-46af-8d1a-0cd5db894797, siteName=demo.dotcms.com, icon=event_note, sortOrder=0, folder=SYSTEM_FOLDER, folderPath=/, requiredFields=[], markedForDeletion=false}, expectedName='testVarname1689349084203', expectedType='CONTENT'}]" classname="com.dotmarketing.business.DeterministicIdentifierAPITest" time="0.004"/>
  <system-out><![CDATA[]]></system-out>
  <system-err><![CDATA[]]></system-err>
</testsuite>
