<?xml version="1.0" encoding="UTF-8"?>
<testsuite name="com.dotmarketing.startup.runonce.Task230110MakeSomeSystemFieldsRemovableByBaseTypeTest" tests="1" skipped="0" failures="0" errors="0" timestamp="2023-07-21T17:48:10" hostname="fv-az1233-524" time="0.058">
  <properties/>
  <testcase name="testExecuteUpgrade" classname="com.dotmarketing.startup.runonce.Task230110MakeSomeSystemFieldsRemovableByBaseTypeTest" time="0.058"/>
  <system-out><![CDATA[]]></system-out>
  <system-err><![CDATA[]]></system-err>
</testsuite>
