<?xml version="1.0" encoding="UTF-8"?>
<testsuite name="com.dotmarketing.util.HashBuilderTest" tests="2" skipped="0" failures="0" errors="0" timestamp="2023-06-27T20:29:44" hostname="fv-az1246-735" time="0.002">
  <properties/>
  <testcase name="Test_Identical_Files_Different_Name_Location_BuildUnixHash" classname="com.dotmarketing.util.HashBuilderTest" time="0.001"/>
  <testcase name="Test_BuildUnixHash" classname="com.dotmarketing.util.HashBuilderTest" time="0.001"/>
  <system-out><![CDATA[]]></system-out>
  <system-err><![CDATA[]]></system-err>
</testsuite>
