<?xml version="1.0" encoding="UTF-8"?>
<testsuite name="com.dotmarketing.portlets.containers.business.ContainerStructureFinderStrategyResolverTest" tests="2" skipped="0" failures="0" errors="0" timestamp="2023-06-28T00:57:57" hostname="fv-az612-160" time="1.197">
  <properties/>
  <testcase name="test_default_layout" classname="com.dotmarketing.portlets.containers.business.ContainerStructureFinderStrategyResolverTest" time="0.806"/>
  <testcase name="get_container_structure_from_file_name_" classname="com.dotmarketing.portlets.containers.business.ContainerStructureFinderStrategyResolverTest" time="0.391"/>
  <system-out><![CDATA[]]></system-out>
  <system-err><![CDATA[]]></system-err>
</testsuite>
