<?xml version="1.0" encoding="UTF-8"?>
<testsuite name="com.dotmarketing.business.PermissionAPITest" tests="28" skipped="0" failures="0" errors="0" timestamp="2023-06-26T19:19:50" hostname="fv-az934-274" time="41.734">
  <properties/>
  <testcase name="testGetUsersDeleted" classname="com.dotmarketing.business.PermissionAPITest" time="0.897"/>
  <testcase name="test_doesUserHavePermissions_checkSameAssetIdThatPermissionsWereGiven_returnTrue" classname="com.dotmarketing.business.PermissionAPITest" time="0.953"/>
  <testcase name="Test_Inherited_Permissions" classname="com.dotmarketing.business.PermissionAPITest" time="5.01"/>
  <testcase name="permissionIndividually" classname="com.dotmarketing.business.PermissionAPITest" time="0.001"/>
  <testcase name="removePermissions" classname="com.dotmarketing.business.PermissionAPITest" time="2.083"/>
  <testcase name="doesUserHavePermission_another_lang" classname="com.dotmarketing.business.PermissionAPITest" time="1.947"/>
  <testcase name="testGetUsersCountWithoutFilter" classname="com.dotmarketing.business.PermissionAPITest" time="0.04"/>
  <testcase name="testGetUsersWithoutFilter" classname="com.dotmarketing.business.PermissionAPITest" time="0.026"/>
  <testcase name="Test_Remove_All_Permissions_Then_Verify_Cache_Is_Null" classname="com.dotmarketing.business.PermissionAPITest" time="1.072"/>
  <testcase name="doesUserHavePermission" classname="com.dotmarketing.business.PermissionAPITest" time="1.064"/>
  <testcase name="testGetUsersCountWithFilter" classname="com.dotmarketing.business.PermissionAPITest" time="0.033"/>
  <testcase name="doesRoleHavePermission" classname="com.dotmarketing.business.PermissionAPITest" time="1.103"/>
  <testcase name="save" classname="com.dotmarketing.business.PermissionAPITest" time="0.176"/>
  <testcase name="issue1073" classname="com.dotmarketing.business.PermissionAPITest" time="0.427"/>
  <testcase name="testGetUsersCountDeleted" classname="com.dotmarketing.business.PermissionAPITest" time="0.036"/>
  <testcase name="getPermissions" classname="com.dotmarketing.business.PermissionAPITest" time="0.123"/>
  <testcase name="testAnonymousUserCannotReadNonLiveContent" classname="com.dotmarketing.business.PermissionAPITest" time="6.093"/>
  <testcase name="testPermissionIndividuallyByRole" classname="com.dotmarketing.business.PermissionAPITest" time="3.398"/>
  <testcase name="issue560" classname="com.dotmarketing.business.PermissionAPITest" time="4.207"/>
  <testcase name="issue781" classname="com.dotmarketing.business.PermissionAPITest" time="2.015"/>
  <testcase name="issue847" classname="com.dotmarketing.business.PermissionAPITest" time="3.235"/>
  <testcase name="issue886" classname="com.dotmarketing.business.PermissionAPITest" time="4.229"/>
  <testcase name="getUsersWithPermission" classname="com.dotmarketing.business.PermissionAPITest" time="0.128"/>
  <testcase name="test_doesUserHavePermissions_checkDiffAssetIdThatPermissionsWereGiven_returnFalse" classname="com.dotmarketing.business.PermissionAPITest" time="0.867"/>
  <testcase name="test_templateLayout_parentPermissionableIsHost" classname="com.dotmarketing.business.PermissionAPITest" time="2.118"/>
  <testcase name="testGetUsersWithFilter" classname="com.dotmarketing.business.PermissionAPITest" time="0.028"/>
  <testcase name="copyPermissions" classname="com.dotmarketing.business.PermissionAPITest" time="0.314"/>
  <testcase name="getRolesWithPermission" classname="com.dotmarketing.business.PermissionAPITest" time="0.106"/>
  <system-out><![CDATA[]]></system-out>
  <system-err><![CDATA[]]></system-err>
</testsuite>
