<?xml version="1.0" encoding="UTF-8"?>
<testsuite name="com.dotcms.rendering.velocity.viewtools.content.util.ContentUtilsTest" tests="89" skipped="0" failures="0" errors="0" timestamp="2023-07-05T21:00:03" hostname="fv-az402-966" time="399.365">
  <properties/>
  <testcase name="whenTheTimeMachineDateIsNullAndPublishDateInFutureShouldNotReturnAnything" classname="com.dotcms.rendering.velocity.viewtools.content.util.ContentUtilsTest" time="3.219"/>
  <testcase name="test_find_multilingual_contentlet_getContentletSuccessfully" classname="com.dotcms.rendering.velocity.viewtools.content.util.ContentUtilsTest" time="0.893"/>
  <testcase name="whenTheTimeMachineDateAndPublishDateAreTomorrowShouldReturnOneContent" classname="com.dotcms.rendering.velocity.viewtools.content.util.ContentUtilsTest" time="3.223"/>
  <testcase name="testPullRelated[0: com.dotcms.rendering.velocity.viewtools.content.util.ContentUtilsTest$TestCase@354377ea]" classname="com.dotcms.rendering.velocity.viewtools.content.util.ContentUtilsTest" time="3.459"/>
  <testcase name="testPullRelated[1: com.dotcms.rendering.velocity.viewtools.content.util.ContentUtilsTest$TestCase@7b9994a]" classname="com.dotcms.rendering.velocity.viewtools.content.util.ContentUtilsTest" time="4.298"/>
  <testcase name="testPullRelated[2: com.dotcms.rendering.velocity.viewtools.content.util.ContentUtilsTest$TestCase@dc220b0]" classname="com.dotcms.rendering.velocity.viewtools.content.util.ContentUtilsTest" time="4.027"/>
  <testcase name="testPullRelated[3: com.dotcms.rendering.velocity.viewtools.content.util.ContentUtilsTest$TestCase@7da08489]" classname="com.dotcms.rendering.velocity.viewtools.content.util.ContentUtilsTest" time="4.051"/>
  <testcase name="testPullRelated[4: com.dotcms.rendering.velocity.viewtools.content.util.ContentUtilsTest$TestCase@53f250f0]" classname="com.dotcms.rendering.velocity.viewtools.content.util.ContentUtilsTest" time="4.057"/>
  <testcase name="testPullRelated[5: com.dotcms.rendering.velocity.viewtools.content.util.ContentUtilsTest$TestCase@184af00d]" classname="com.dotcms.rendering.velocity.viewtools.content.util.ContentUtilsTest" time="3.902"/>
  <testcase name="testPullRelated[6: com.dotcms.rendering.velocity.viewtools.content.util.ContentUtilsTest$TestCase@4119414]" classname="com.dotcms.rendering.velocity.viewtools.content.util.ContentUtilsTest" time="4.248"/>
  <testcase name="testPullRelated[7: com.dotcms.rendering.velocity.viewtools.content.util.ContentUtilsTest$TestCase@7decccd3]" classname="com.dotcms.rendering.velocity.viewtools.content.util.ContentUtilsTest" time="4.119"/>
  <testcase name="testPullRelated[8: com.dotcms.rendering.velocity.viewtools.content.util.ContentUtilsTest$TestCase@3cd8764e]" classname="com.dotcms.rendering.velocity.viewtools.content.util.ContentUtilsTest" time="3.858"/>
  <testcase name="testPullRelated[9: com.dotcms.rendering.velocity.viewtools.content.util.ContentUtilsTest$TestCase@735d3340]" classname="com.dotcms.rendering.velocity.viewtools.content.util.ContentUtilsTest" time="3.901"/>
  <testcase name="testPullRelated[10: com.dotcms.rendering.velocity.viewtools.content.util.ContentUtilsTest$TestCase@7be4a80b]" classname="com.dotcms.rendering.velocity.viewtools.content.util.ContentUtilsTest" time="4.426"/>
  <testcase name="testPullRelated[11: com.dotcms.rendering.velocity.viewtools.content.util.ContentUtilsTest$TestCase@60f569f0]" classname="com.dotcms.rendering.velocity.viewtools.content.util.ContentUtilsTest" time="2.764"/>
  <testcase name="testPullRelated[12: com.dotcms.rendering.velocity.viewtools.content.util.ContentUtilsTest$TestCase@1fe009a6]" classname="com.dotcms.rendering.velocity.viewtools.content.util.ContentUtilsTest" time="3.036"/>
  <testcase name="testPullRelated[13: com.dotcms.rendering.velocity.viewtools.content.util.ContentUtilsTest$TestCase@53dfe29]" classname="com.dotcms.rendering.velocity.viewtools.content.util.ContentUtilsTest" time="4.121"/>
  <testcase name="testPullRelated[14: com.dotcms.rendering.velocity.viewtools.content.util.ContentUtilsTest$TestCase@5b47aa75]" classname="com.dotcms.rendering.velocity.viewtools.content.util.ContentUtilsTest" time="3.046"/>
  <testcase name="testPullRelated[15: com.dotcms.rendering.velocity.viewtools.content.util.ContentUtilsTest$TestCase@1036e204]" classname="com.dotcms.rendering.velocity.viewtools.content.util.ContentUtilsTest" time="3.104"/>
  <testcase name="testPullRelated[16: com.dotcms.rendering.velocity.viewtools.content.util.ContentUtilsTest$TestCase@f84749d]" classname="com.dotcms.rendering.velocity.viewtools.content.util.ContentUtilsTest" time="3.855"/>
  <testcase name="testPullRelated[17: com.dotcms.rendering.velocity.viewtools.content.util.ContentUtilsTest$TestCase@65a20ff2]" classname="com.dotcms.rendering.velocity.viewtools.content.util.ContentUtilsTest" time="4.053"/>
  <testcase name="testPullRelated[18: com.dotcms.rendering.velocity.viewtools.content.util.ContentUtilsTest$TestCase@3500531]" classname="com.dotcms.rendering.velocity.viewtools.content.util.ContentUtilsTest" time="4.101"/>
  <testcase name="testPullRelated[19: com.dotcms.rendering.velocity.viewtools.content.util.ContentUtilsTest$TestCase@24d1e19d]" classname="com.dotcms.rendering.velocity.viewtools.content.util.ContentUtilsTest" time="4.084"/>
  <testcase name="testPullRelated[20: com.dotcms.rendering.velocity.viewtools.content.util.ContentUtilsTest$TestCase@8dd4906]" classname="com.dotcms.rendering.velocity.viewtools.content.util.ContentUtilsTest" time="4.005"/>
  <testcase name="testPullRelated[21: com.dotcms.rendering.velocity.viewtools.content.util.ContentUtilsTest$TestCase@7df51a70]" classname="com.dotcms.rendering.velocity.viewtools.content.util.ContentUtilsTest" time="4.127"/>
  <testcase name="testPullRelated[22: com.dotcms.rendering.velocity.viewtools.content.util.ContentUtilsTest$TestCase@7e0fe172]" classname="com.dotcms.rendering.velocity.viewtools.content.util.ContentUtilsTest" time="3.985"/>
  <testcase name="testPullRelated[23: com.dotcms.rendering.velocity.viewtools.content.util.ContentUtilsTest$TestCase@55f92a27]" classname="com.dotcms.rendering.velocity.viewtools.content.util.ContentUtilsTest" time="3.439"/>
  <testcase name="testPullRelated[24: com.dotcms.rendering.velocity.viewtools.content.util.ContentUtilsTest$TestCase@370edce7]" classname="com.dotcms.rendering.velocity.viewtools.content.util.ContentUtilsTest" time="3.669"/>
  <testcase name="testPullRelated[25: com.dotcms.rendering.velocity.viewtools.content.util.ContentUtilsTest$TestCase@62fd76ec]" classname="com.dotcms.rendering.velocity.viewtools.content.util.ContentUtilsTest" time="4.14"/>
  <testcase name="testPullRelated[26: com.dotcms.rendering.velocity.viewtools.content.util.ContentUtilsTest$TestCase@63780fb0]" classname="com.dotcms.rendering.velocity.viewtools.content.util.ContentUtilsTest" time="3.999"/>
  <testcase name="testPullRelated[27: com.dotcms.rendering.velocity.viewtools.content.util.ContentUtilsTest$TestCase@7fcca9ea]" classname="com.dotcms.rendering.velocity.viewtools.content.util.ContentUtilsTest" time="4.13"/>
  <testcase name="testPullRelated[28: com.dotcms.rendering.velocity.viewtools.content.util.ContentUtilsTest$TestCase@3ee4bb10]" classname="com.dotcms.rendering.velocity.viewtools.content.util.ContentUtilsTest" time="4.014"/>
  <testcase name="testPullRelated[29: com.dotcms.rendering.velocity.viewtools.content.util.ContentUtilsTest$TestCase@3727e036]" classname="com.dotcms.rendering.velocity.viewtools.content.util.ContentUtilsTest" time="4.035"/>
  <testcase name="testPullRelated[30: com.dotcms.rendering.velocity.viewtools.content.util.ContentUtilsTest$TestCase@14017ced]" classname="com.dotcms.rendering.velocity.viewtools.content.util.ContentUtilsTest" time="3.181"/>
  <testcase name="testPullRelated[31: com.dotcms.rendering.velocity.viewtools.content.util.ContentUtilsTest$TestCase@e18147e]" classname="com.dotcms.rendering.velocity.viewtools.content.util.ContentUtilsTest" time="3.927"/>
  <testcase name="testPullRelated[32: com.dotcms.rendering.velocity.viewtools.content.util.ContentUtilsTest$TestCase@153f1296]" classname="com.dotcms.rendering.velocity.viewtools.content.util.ContentUtilsTest" time="3.136"/>
  <testcase name="testPullRelated[33: com.dotcms.rendering.velocity.viewtools.content.util.ContentUtilsTest$TestCase@1d916657]" classname="com.dotcms.rendering.velocity.viewtools.content.util.ContentUtilsTest" time="3.872"/>
  <testcase name="testPullRelated[34: com.dotcms.rendering.velocity.viewtools.content.util.ContentUtilsTest$TestCase@2e8871c]" classname="com.dotcms.rendering.velocity.viewtools.content.util.ContentUtilsTest" time="3.216"/>
  <testcase name="testPullRelated[35: com.dotcms.rendering.velocity.viewtools.content.util.ContentUtilsTest$TestCase@4c9dd8db]" classname="com.dotcms.rendering.velocity.viewtools.content.util.ContentUtilsTest" time="3.967"/>
  <testcase name="testPullRelated[36: com.dotcms.rendering.velocity.viewtools.content.util.ContentUtilsTest$TestCase@21dbc87c]" classname="com.dotcms.rendering.velocity.viewtools.content.util.ContentUtilsTest" time="6.419"/>
  <testcase name="testPullRelated[37: com.dotcms.rendering.velocity.viewtools.content.util.ContentUtilsTest$TestCase@376eb1ce]" classname="com.dotcms.rendering.velocity.viewtools.content.util.ContentUtilsTest" time="4.871"/>
  <testcase name="testPullRelated[38: com.dotcms.rendering.velocity.viewtools.content.util.ContentUtilsTest$TestCase@71f80058]" classname="com.dotcms.rendering.velocity.viewtools.content.util.ContentUtilsTest" time="6.397"/>
  <testcase name="testPullRelated[39: com.dotcms.rendering.velocity.viewtools.content.util.ContentUtilsTest$TestCase@538155bc]" classname="com.dotcms.rendering.velocity.viewtools.content.util.ContentUtilsTest" time="6.186"/>
  <testcase name="testPullRelated[40: com.dotcms.rendering.velocity.viewtools.content.util.ContentUtilsTest$TestCase@2ce6ef98]" classname="com.dotcms.rendering.velocity.viewtools.content.util.ContentUtilsTest" time="5.942"/>
  <testcase name="testPullRelated[41: com.dotcms.rendering.velocity.viewtools.content.util.ContentUtilsTest$TestCase@6e44db0b]" classname="com.dotcms.rendering.velocity.viewtools.content.util.ContentUtilsTest" time="5.889"/>
  <testcase name="testPullRelated[42: com.dotcms.rendering.velocity.viewtools.content.util.ContentUtilsTest$TestCase@5f0ffc5b]" classname="com.dotcms.rendering.velocity.viewtools.content.util.ContentUtilsTest" time="6.407"/>
  <testcase name="testPullRelated[43: com.dotcms.rendering.velocity.viewtools.content.util.ContentUtilsTest$TestCase@67a6eb3]" classname="com.dotcms.rendering.velocity.viewtools.content.util.ContentUtilsTest" time="6.173"/>
  <testcase name="testPullRelated[44: com.dotcms.rendering.velocity.viewtools.content.util.ContentUtilsTest$TestCase@1d7bdbcb]" classname="com.dotcms.rendering.velocity.viewtools.content.util.ContentUtilsTest" time="4.898"/>
  <testcase name="testPullRelated[45: com.dotcms.rendering.velocity.viewtools.content.util.ContentUtilsTest$TestCase@552fd7ec]" classname="com.dotcms.rendering.velocity.viewtools.content.util.ContentUtilsTest" time="6.06"/>
  <testcase name="testPullRelated[46: com.dotcms.rendering.velocity.viewtools.content.util.ContentUtilsTest$TestCase@75e21436]" classname="com.dotcms.rendering.velocity.viewtools.content.util.ContentUtilsTest" time="6.271"/>
  <testcase name="testPullRelated[47: com.dotcms.rendering.velocity.viewtools.content.util.ContentUtilsTest$TestCase@2038e3cf]" classname="com.dotcms.rendering.velocity.viewtools.content.util.ContentUtilsTest" time="4.98"/>
  <testcase name="testPullRelated[48: com.dotcms.rendering.velocity.viewtools.content.util.ContentUtilsTest$TestCase@63ded180]" classname="com.dotcms.rendering.velocity.viewtools.content.util.ContentUtilsTest" time="5.089"/>
  <testcase name="testPullRelated[49: com.dotcms.rendering.velocity.viewtools.content.util.ContentUtilsTest$TestCase@4865eaa0]" classname="com.dotcms.rendering.velocity.viewtools.content.util.ContentUtilsTest" time="5.933"/>
  <testcase name="testPullRelated[50: com.dotcms.rendering.velocity.viewtools.content.util.ContentUtilsTest$TestCase@2d43143e]" classname="com.dotcms.rendering.velocity.viewtools.content.util.ContentUtilsTest" time="5.22"/>
  <testcase name="testPullRelated[51: com.dotcms.rendering.velocity.viewtools.content.util.ContentUtilsTest$TestCase@4a02bcc2]" classname="com.dotcms.rendering.velocity.viewtools.content.util.ContentUtilsTest" time="5.91"/>
  <testcase name="testPullRelated[52: com.dotcms.rendering.velocity.viewtools.content.util.ContentUtilsTest$TestCase@5f4526d3]" classname="com.dotcms.rendering.velocity.viewtools.content.util.ContentUtilsTest" time="6.446"/>
  <testcase name="testPullRelated[53: com.dotcms.rendering.velocity.viewtools.content.util.ContentUtilsTest$TestCase@3892e771]" classname="com.dotcms.rendering.velocity.viewtools.content.util.ContentUtilsTest" time="4.797"/>
  <testcase name="testPullRelated[54: com.dotcms.rendering.velocity.viewtools.content.util.ContentUtilsTest$TestCase@dc5e6b9]" classname="com.dotcms.rendering.velocity.viewtools.content.util.ContentUtilsTest" time="6.243"/>
  <testcase name="testPullRelated[55: com.dotcms.rendering.velocity.viewtools.content.util.ContentUtilsTest$TestCase@52febf6f]" classname="com.dotcms.rendering.velocity.viewtools.content.util.ContentUtilsTest" time="6.265"/>
  <testcase name="testPullRelated[56: com.dotcms.rendering.velocity.viewtools.content.util.ContentUtilsTest$TestCase@247b785d]" classname="com.dotcms.rendering.velocity.viewtools.content.util.ContentUtilsTest" time="5.898"/>
  <testcase name="testPullRelated[57: com.dotcms.rendering.velocity.viewtools.content.util.ContentUtilsTest$TestCase@b7daacc]" classname="com.dotcms.rendering.velocity.viewtools.content.util.ContentUtilsTest" time="6.02"/>
  <testcase name="testPullRelated[58: com.dotcms.rendering.velocity.viewtools.content.util.ContentUtilsTest$TestCase@292f7534]" classname="com.dotcms.rendering.velocity.viewtools.content.util.ContentUtilsTest" time="6.391"/>
  <testcase name="testPullRelated[59: com.dotcms.rendering.velocity.viewtools.content.util.ContentUtilsTest$TestCase@e8da2b9]" classname="com.dotcms.rendering.velocity.viewtools.content.util.ContentUtilsTest" time="6.078"/>
  <testcase name="testPullRelated[60: com.dotcms.rendering.velocity.viewtools.content.util.ContentUtilsTest$TestCase@714b8aa5]" classname="com.dotcms.rendering.velocity.viewtools.content.util.ContentUtilsTest" time="5.856"/>
  <testcase name="testPullRelated[61: com.dotcms.rendering.velocity.viewtools.content.util.ContentUtilsTest$TestCase@1786658a]" classname="com.dotcms.rendering.velocity.viewtools.content.util.ContentUtilsTest" time="6.173"/>
  <testcase name="testPullRelated[62: com.dotcms.rendering.velocity.viewtools.content.util.ContentUtilsTest$TestCase@45d2249b]" classname="com.dotcms.rendering.velocity.viewtools.content.util.ContentUtilsTest" time="6.16"/>
  <testcase name="testPullRelated[63: com.dotcms.rendering.velocity.viewtools.content.util.ContentUtilsTest$TestCase@2629def2]" classname="com.dotcms.rendering.velocity.viewtools.content.util.ContentUtilsTest" time="6.052"/>
  <testcase name="testPullRelated[64: com.dotcms.rendering.velocity.viewtools.content.util.ContentUtilsTest$TestCase@b1a6630]" classname="com.dotcms.rendering.velocity.viewtools.content.util.ContentUtilsTest" time="6.169"/>
  <testcase name="testPullRelated[65: com.dotcms.rendering.velocity.viewtools.content.util.ContentUtilsTest$TestCase@2f14f8ec]" classname="com.dotcms.rendering.velocity.viewtools.content.util.ContentUtilsTest" time="5.842"/>
  <testcase name="testPullRelated[66: com.dotcms.rendering.velocity.viewtools.content.util.ContentUtilsTest$TestCase@7b36e769]" classname="com.dotcms.rendering.velocity.viewtools.content.util.ContentUtilsTest" time="5.349"/>
  <testcase name="testPullRelated[67: com.dotcms.rendering.velocity.viewtools.content.util.ContentUtilsTest$TestCase@138078b3]" classname="com.dotcms.rendering.velocity.viewtools.content.util.ContentUtilsTest" time="5.195"/>
  <testcase name="testPullRelated[68: com.dotcms.rendering.velocity.viewtools.content.util.ContentUtilsTest$TestCase@4b73b715]" classname="com.dotcms.rendering.velocity.viewtools.content.util.ContentUtilsTest" time="6.145"/>
  <testcase name="testPullRelated[69: com.dotcms.rendering.velocity.viewtools.content.util.ContentUtilsTest$TestCase@43a8e50f]" classname="com.dotcms.rendering.velocity.viewtools.content.util.ContentUtilsTest" time="5.751"/>
  <testcase name="testPullRelated[70: com.dotcms.rendering.velocity.viewtools.content.util.ContentUtilsTest$TestCase@f695fbc]" classname="com.dotcms.rendering.velocity.viewtools.content.util.ContentUtilsTest" time="5.582"/>
  <testcase name="testPullRelated[71: com.dotcms.rendering.velocity.viewtools.content.util.ContentUtilsTest$TestCase@1f3cfb02]" classname="com.dotcms.rendering.velocity.viewtools.content.util.ContentUtilsTest" time="6.009"/>
  <testcase name="whenPublishAndExpireDatesAreInTheFutureAndTimeMachineIsAfterBoth" classname="com.dotcms.rendering.velocity.viewtools.content.util.ContentUtilsTest" time="3.281"/>
  <testcase name="testPullRelatedForLegacyRelationship[0: com.dotcms.rendering.velocity.viewtools.content.util.ContentUtilsTest$LegacyTestCase@49a12cef]" classname="com.dotcms.rendering.velocity.viewtools.content.util.ContentUtilsTest" time="4.195"/>
  <testcase name="testPullRelatedForLegacyRelationship[1: com.dotcms.rendering.velocity.viewtools.content.util.ContentUtilsTest$LegacyTestCase@4da53849]" classname="com.dotcms.rendering.velocity.viewtools.content.util.ContentUtilsTest" time="3.138"/>
  <testcase name="whenTheTimeMachineDateIsAfterTomorrowAndExpireDateIsTomorrowShouldNotReturnContent" classname="com.dotcms.rendering.velocity.viewtools.content.util.ContentUtilsTest" time="3.254"/>
  <testcase name="testPullLiveRelatedWhenLatestVersionIsWorking" classname="com.dotcms.rendering.velocity.viewtools.content.util.ContentUtilsTest" time="4.699"/>
  <testcase name="test_add_relationships_on_parent_children_related_contents" classname="com.dotcms.rendering.velocity.viewtools.content.util.ContentUtilsTest" time="1.59"/>
  <testcase name="testSortPullRelated[0: com.dotcms.rendering.velocity.viewtools.content.util.ContentUtilsTest$SortTestCase@8740afe]" classname="com.dotcms.rendering.velocity.viewtools.content.util.ContentUtilsTest" time="2.777"/>
  <testcase name="testSortPullRelated[1: com.dotcms.rendering.velocity.viewtools.content.util.ContentUtilsTest$SortTestCase@70681419]" classname="com.dotcms.rendering.velocity.viewtools.content.util.ContentUtilsTest" time="3.073"/>
  <testcase name="testSortPullRelated[2: com.dotcms.rendering.velocity.viewtools.content.util.ContentUtilsTest$SortTestCase@30ee88af]" classname="com.dotcms.rendering.velocity.viewtools.content.util.ContentUtilsTest" time="2.864"/>
  <testcase name="testSortPullRelated[3: com.dotcms.rendering.velocity.viewtools.content.util.ContentUtilsTest$SortTestCase@546d998b]" classname="com.dotcms.rendering.velocity.viewtools.content.util.ContentUtilsTest" time="2.875"/>
  <testcase name="testSortPullRelated[4: com.dotcms.rendering.velocity.viewtools.content.util.ContentUtilsTest$SortTestCase@7c665a02]" classname="com.dotcms.rendering.velocity.viewtools.content.util.ContentUtilsTest" time="2.826"/>
  <testcase name="testSortPullRelated[5: com.dotcms.rendering.velocity.viewtools.content.util.ContentUtilsTest$SortTestCase@4c9e514b]" classname="com.dotcms.rendering.velocity.viewtools.content.util.ContentUtilsTest" time="2.909"/>
  <testcase name="whenTheTimeMachineDateIsAfterTomorrowAndExpireDateIsInFutureShouldReturnContent" classname="com.dotcms.rendering.velocity.viewtools.content.util.ContentUtilsTest" time="3.351"/>
  <testcase name="testPullRelatedFieldShouldRespectDefaultOrder" classname="com.dotcms.rendering.velocity.viewtools.content.util.ContentUtilsTest" time="2.779"/>
  <system-out><![CDATA[]]></system-out>
  <system-err><![CDATA[]]></system-err>
</testsuite>
