<?xml version="1.0" encoding="UTF-8"?>
<testsuite name="com.dotmarketing.portlets.htmlpages.business.HTMLPageAPITest" tests="13" skipped="0" failures="0" errors="0" timestamp="2023-06-28T15:30:08" hostname="fv-az417-729" time="33.713">
  <properties/>
  <testcase name="testCopy_customTemplateCreatesNewTemplate" classname="com.dotmarketing.portlets.htmlpages.business.HTMLPageAPITest" time="7.317"/>
  <testcase name="removeOneLanguageOfHtmlAsset" classname="com.dotmarketing.portlets.htmlpages.business.HTMLPageAPITest" time="0.741"/>
  <testcase name="checkcout_populate_url_field_for_pages" classname="com.dotmarketing.portlets.htmlpages.business.HTMLPageAPITest" time="1.319"/>
  <testcase name="delete" classname="com.dotmarketing.portlets.htmlpages.business.HTMLPageAPITest" time="5.724"/>
  <testcase name="testGetHTMLPageAssetWithTagsShouldReturnTags" classname="com.dotmarketing.portlets.htmlpages.business.HTMLPageAPITest" time="4.681"/>
  <testcase name="testFindByIdLanguageFallback[0: com.dotmarketing.portlets.htmlpages.business.HTMLPageAPITest$TestCaseFindByIdLanguageFallback@535c5fb7]" classname="com.dotmarketing.portlets.htmlpages.business.HTMLPageAPITest" time="1.377"/>
  <testcase name="testFindByIdLanguageFallback[1: com.dotmarketing.portlets.htmlpages.business.HTMLPageAPITest$TestCaseFindByIdLanguageFallback@7301bca9]" classname="com.dotmarketing.portlets.htmlpages.business.HTMLPageAPITest" time="2.032"/>
  <testcase name="testFindByIdLanguageFallback[2: com.dotmarketing.portlets.htmlpages.business.HTMLPageAPITest$TestCaseFindByIdLanguageFallback@3042f565]" classname="com.dotmarketing.portlets.htmlpages.business.HTMLPageAPITest" time="2.07"/>
  <testcase name="testFindByIdLanguageFallback[3: com.dotmarketing.portlets.htmlpages.business.HTMLPageAPITest$TestCaseFindByIdLanguageFallback@1004d329]" classname="com.dotmarketing.portlets.htmlpages.business.HTMLPageAPITest" time="1.96"/>
  <testcase name="testFindByIdLanguageFallback[4: com.dotmarketing.portlets.htmlpages.business.HTMLPageAPITest$TestCaseFindByIdLanguageFallback@21149779]" classname="com.dotmarketing.portlets.htmlpages.business.HTMLPageAPITest" time="1.996"/>
  <testcase name="move" classname="com.dotmarketing.portlets.htmlpages.business.HTMLPageAPITest" time="1.162"/>
  <testcase name="saveHTMLPage" classname="com.dotmarketing.portlets.htmlpages.business.HTMLPageAPITest" time="1.989"/>
  <testcase name="testFromContentlet_contentOnVariant_shouldKeepVariant" classname="com.dotmarketing.portlets.htmlpages.business.HTMLPageAPITest" time="1.345"/>
  <system-out><![CDATA[]]></system-out>
  <system-err><![CDATA[]]></system-err>
</testsuite>
