<?xml version="1.0" encoding="UTF-8"?>
<testsuite name="com.dotcms.experiments.business.RootIndexRegexUrlPatterStrategyIntegrationTest" tests="6" skipped="0" failures="0" errors="0" timestamp="2023-07-21T00:24:00" hostname="fv-az247-899" time="12.147">
  <properties/>
  <testcase name="realRootIndexPage" classname="com.dotcms.experiments.business.RootIndexRegexUrlPatterStrategyIntegrationTest" time="1.89"/>
  <testcase name="httpsRealRootIndexPageNotLocalhost" classname="com.dotcms.experiments.business.RootIndexRegexUrlPatterStrategyIntegrationTest" time="2.182"/>
  <testcase name="indexPageButNotRootIndexPage" classname="com.dotcms.experiments.business.RootIndexRegexUrlPatterStrategyIntegrationTest" time="1.913"/>
  <testcase name="realRootIndexPageNotLocalHost" classname="com.dotcms.experiments.business.RootIndexRegexUrlPatterStrategyIntegrationTest" time="2.015"/>
  <testcase name="notIndexPage" classname="com.dotcms.experiments.business.RootIndexRegexUrlPatterStrategyIntegrationTest" time="2.381"/>
  <testcase name="httpsRealRootIndexPage" classname="com.dotcms.experiments.business.RootIndexRegexUrlPatterStrategyIntegrationTest" time="1.765"/>
  <system-out><![CDATA[]]></system-out>
  <system-err><![CDATA[]]></system-err>
</testsuite>
