<?xml version="1.0" encoding="UTF-8"?>
<testsuite name="com.dotcms.rendering.velocity.viewtools.WorkflowToolTest" tests="2" skipped="0" failures="0" errors="0" timestamp="2023-07-11T22:04:06" hostname="fv-az436-467" time="2.81">
  <properties/>
  <testcase name="testFire[0: com.dotcms.rendering.velocity.viewtools.WorkflowToolFireTestCase@3b4c17c4]" classname="com.dotcms.rendering.velocity.viewtools.WorkflowToolTest" time="1.459"/>
  <testcase name="testFire[1: com.dotcms.rendering.velocity.viewtools.WorkflowToolFireTestCase@682c036b]" classname="com.dotcms.rendering.velocity.viewtools.WorkflowToolTest" time="1.351"/>
  <system-out><![CDATA[]]></system-out>
  <system-err><![CDATA[]]></system-err>
</testsuite>
