<?xml version="1.0" encoding="UTF-8"?>
<testsuite name="com.dotmarketing.filters.CMSUrlUtilIntegrationTest" tests="7" skipped="0" failures="0" errors="0" timestamp="2023-06-22T01:53:19" hostname="fv-az484-488" time="6.037">
  <properties/>
  <testcase name="whenResolveResourceType_shouldReturnATupleWithPageAndNone" classname="com.dotmarketing.filters.CMSUrlUtilIntegrationTest" time="1.227"/>
  <testcase name="shouldReturnATupleWithFalseAndNone" classname="com.dotmarketing.filters.CMSUrlUtilIntegrationTest" time="1.22"/>
  <testcase name="shouldReturnATupleWithTrueAndPageUrlMap" classname="com.dotmarketing.filters.CMSUrlUtilIntegrationTest" time="1.168"/>
  <testcase name="shouldReturnATupleWithTrueAndNone" classname="com.dotmarketing.filters.CMSUrlUtilIntegrationTest" time="1.227"/>
  <testcase name="whenResolveResourceType_shouldReturnATupleWithPageAndPageUrlMap" classname="com.dotmarketing.filters.CMSUrlUtilIntegrationTest" time="1.168"/>
  <testcase name="whenResolveResourceType_shouldReturnATupleWithFolderAndNone" classname="com.dotmarketing.filters.CMSUrlUtilIntegrationTest" time="0.017"/>
  <testcase name="whenResolveResourceType_shouldReturnATupleWithPageAndPageIndex" classname="com.dotmarketing.filters.CMSUrlUtilIntegrationTest" time="0.01"/>
  <system-out><![CDATA[]]></system-out>
  <system-err><![CDATA[]]></system-err>
</testsuite>
