<?xml version="1.0" encoding="UTF-8"?>
<testsuite name="com.dotcms.rest.elasticsearch.ESContentResourcePortletTest" tests="8" skipped="0" failures="0" errors="0" timestamp="2023-06-27T16:05:11" hostname="fv-az354-410" time="7.597">
  <properties/>
  <testcase name="test_search_includeGrandChildCategory_success" classname="com.dotcms.rest.elasticsearch.ESContentResourcePortletTest" time="1.325"/>
  <testcase name="testSearch[0: com.dotcms.rest.elasticsearch.ESContentResourcePortletTest$TestCase@1731ea9c]" classname="com.dotcms.rest.elasticsearch.ESContentResourcePortletTest" time="0.847"/>
  <testcase name="testSearch[1: com.dotcms.rest.elasticsearch.ESContentResourcePortletTest$TestCase@1c5f041c]" classname="com.dotcms.rest.elasticsearch.ESContentResourcePortletTest" time="0.28"/>
  <testcase name="testSearch[2: com.dotcms.rest.elasticsearch.ESContentResourcePortletTest$TestCase@7b60f5ee]" classname="com.dotcms.rest.elasticsearch.ESContentResourcePortletTest" time="0.898"/>
  <testcase name="testSearch[3: com.dotcms.rest.elasticsearch.ESContentResourcePortletTest$TestCase@2e945c2b]" classname="com.dotcms.rest.elasticsearch.ESContentResourcePortletTest" time="1.269"/>
  <testcase name="testSearch[4: com.dotcms.rest.elasticsearch.ESContentResourcePortletTest$TestCase@3669266f]" classname="com.dotcms.rest.elasticsearch.ESContentResourcePortletTest" time="1.256"/>
  <testcase name="testSearch[5: com.dotcms.rest.elasticsearch.ESContentResourcePortletTest$TestCase@5272bb5a]" classname="com.dotcms.rest.elasticsearch.ESContentResourcePortletTest" time="0.881"/>
  <testcase name="testSearch[6: com.dotcms.rest.elasticsearch.ESContentResourcePortletTest$TestCase@2e41fb7f]" classname="com.dotcms.rest.elasticsearch.ESContentResourcePortletTest" time="0.841"/>
  <system-out><![CDATA[]]></system-out>
  <system-err><![CDATA[]]></system-err>
</testsuite>
