<?xml version="1.0" encoding="UTF-8"?>
<testsuite name="com.dotmarketing.portlets.structure.model.ContentletRelationshipsTest" tests="7" skipped="0" failures="0" errors="0" timestamp="2023-07-13T16:14:35" hostname="fv-az621-935" time="8.463">
  <properties/>
  <testcase name="testDoesAllowOnlyOne[0: com.dotmarketing.portlets.structure.model.ContentletRelationshipsTest$CardinalityTestCase@4dd90e7]" classname="com.dotmarketing.portlets.structure.model.ContentletRelationshipsTest" time="0.536"/>
  <testcase name="testDoesAllowOnlyOne[1: com.dotmarketing.portlets.structure.model.ContentletRelationshipsTest$CardinalityTestCase@6f647f3b]" classname="com.dotmarketing.portlets.structure.model.ContentletRelationshipsTest" time="0.478"/>
  <testcase name="testDoesAllowOnlyOne[2: com.dotmarketing.portlets.structure.model.ContentletRelationshipsTest$CardinalityTestCase@3d967e89]" classname="com.dotmarketing.portlets.structure.model.ContentletRelationshipsTest" time="0.541"/>
  <testcase name="testGetRelationshipRecords[0: com.dotmarketing.portlets.structure.model.ContentletRelationshipsTest$TestCase@4570a2f0]" classname="com.dotmarketing.portlets.structure.model.ContentletRelationshipsTest" time="1.057"/>
  <testcase name="testGetRelationshipRecords[1: com.dotmarketing.portlets.structure.model.ContentletRelationshipsTest$TestCase@2d424811]" classname="com.dotmarketing.portlets.structure.model.ContentletRelationshipsTest" time="2.094"/>
  <testcase name="testGetRelationshipRecords[2: com.dotmarketing.portlets.structure.model.ContentletRelationshipsTest$TestCase@61136725]" classname="com.dotmarketing.portlets.structure.model.ContentletRelationshipsTest" time="1.88"/>
  <testcase name="testGetRelationshipRecords[3: com.dotmarketing.portlets.structure.model.ContentletRelationshipsTest$TestCase@6fff3fb8]" classname="com.dotmarketing.portlets.structure.model.ContentletRelationshipsTest" time="1.877"/>
  <system-out><![CDATA[]]></system-out>
  <system-err><![CDATA[]]></system-err>
</testsuite>
