<?xml version="1.0" encoding="UTF-8"?>
<testsuite name="com.dotcms.cache.lettuce.DotObjectCodecTest" tests="5" skipped="0" failures="0" errors="0" timestamp="2023-07-07T16:40:39" hostname="fv-az795-156" time="0.016">
  <properties/>
  <testcase name="test_encode_null_value" classname="com.dotcms.cache.lettuce.DotObjectCodecTest" time="0.012"/>
  <testcase name="test_encode_decode_key" classname="com.dotcms.cache.lettuce.DotObjectCodecTest" time="0.001"/>
  <testcase name="test_encode_null_key" classname="com.dotcms.cache.lettuce.DotObjectCodecTest" time="0.001"/>
  <testcase name="test_decode_null_value" classname="com.dotcms.cache.lettuce.DotObjectCodecTest" time="0.001"/>
  <testcase name="test_encode_decode_value" classname="com.dotcms.cache.lettuce.DotObjectCodecTest" time="0.001"/>
  <system-out><![CDATA[]]></system-out>
  <system-err><![CDATA[]]></system-err>
</testsuite>
