<?xml version="1.0" encoding="UTF-8"?>
<testsuite name="com.dotmarketing.portlets.personas.business.PersonaAPITest" tests="5" skipped="0" failures="0" errors="0" timestamp="2023-07-06T21:24:36" hostname="fv-az440-292" time="7.235">
  <properties/>
  <testcase name="test_pulling_personas_including_default_persona" classname="com.dotmarketing.portlets.personas.business.PersonaAPITest" time="1.016"/>
  <testcase name="testgetPersonasIncludingDefaultPersona_filterNewPersonaContentType_ShouldReturnPersonas" classname="com.dotmarketing.portlets.personas.business.PersonaAPITest" time="3.122"/>
  <testcase name="testFindPersonaByTag_CustomPersonaType_ShouldReturnTag" classname="com.dotmarketing.portlets.personas.business.PersonaAPITest" time="2.992"/>
  <testcase name="test_filtering_personas_by_name_and_keytag_including_default_persona" classname="com.dotmarketing.portlets.personas.business.PersonaAPITest" time="0.089"/>
  <testcase name="test_pagination_of_pulling_personas_including_default_persona" classname="com.dotmarketing.portlets.personas.business.PersonaAPITest" time="0.015"/>
  <system-out><![CDATA[]]></system-out>
  <system-err><![CDATA[











]]></system-err>
</testsuite>
