<?xml version="1.0" encoding="UTF-8"?>
<testsuite name="com.dotcms.mail.MailAPIImplTest" tests="3" skipped="0" failures="0" errors="0" timestamp="2023-07-01T00:06:43" hostname="fv-az449-126" time="0.002">
  <properties/>
  <testcase name="test_building_authenticator" classname="com.dotcms.mail.MailAPIImplTest" time="0.0"/>
  <testcase name="test_mail_config_properties" classname="com.dotcms.mail.MailAPIImplTest" time="0.0"/>
  <testcase name="test_loadMailSessionFromContext" classname="com.dotcms.mail.MailAPIImplTest" time="0.0"/>
  <system-out><![CDATA[]]></system-out>
  <system-err><![CDATA[]]></system-err>
</testsuite>
