<?xml version="1.0" encoding="UTF-8"?>
<testsuite name="com.dotmarketing.business.DeterministicIdentifierAPITest" tests="16" skipped="0" failures="0" errors="0" timestamp="2023-07-14T19:16:38" hostname="fv-az791-444" time="1.51">
  <properties/>
  <testcase name="Test_Category_Path_Seed_And_Id" classname="com.dotmarketing.business.DeterministicIdentifierAPITest" time="0.033"/>
  <testcase name="Test_Language_Deterministic_Id[0: LanguageTestCase{expectedSeed='Language:es:US', expectedHash=4913155, langCode='es', countryCode='US', country='United States'}]" classname="com.dotmarketing.business.DeterministicIdentifierAPITest" time="0.001"/>
  <testcase name="Test_Language_Deterministic_Id[1: LanguageTestCase{expectedSeed='Language:ep:', expectedHash=5292269, langCode='ep', countryCode='', country=''}]" classname="com.dotmarketing.business.DeterministicIdentifierAPITest" time="0.001"/>
  <testcase name="Test_Language_Deterministic_Id[2: LanguageTestCase{expectedSeed='Language:sg:SAG', expectedHash=4713118, langCode='sg', countryCode='SAG', country=''}]" classname="com.dotmarketing.business.DeterministicIdentifierAPITest" time="0.001"/>
  <testcase name="Test_Language_Deterministic_Id[3: LanguageTestCase{expectedSeed='Language:en:NZ', expectedHash=5382528, langCode='en', countryCode='NZ', country='New Zealand'}]" classname="com.dotmarketing.business.DeterministicIdentifierAPITest" time="0.001"/>
  <testcase name="Test_Category_None_Persisted_Category_Should_Return_Deterministic_Id" classname="com.dotmarketing.business.DeterministicIdentifierAPITest" time="0.002"/>
  <testcase name="Test_Asset_Generate_Deterministic_Id_Best_Effort[0: TestCase{versionable=my.host1689361791265.com, parent=System Host, expectedName='my.host1689361791265.com', expectedType='Host'}]" classname="com.dotmarketing.business.DeterministicIdentifierAPITest" time="0.007"/>
  <testcase name="Test_Asset_Generate_Deterministic_Id_Best_Effort[1: TestCase{versionable=com.dotmarketing.portlets.contentlet.model.Contentlet@79a93fca[map={modDate=2023-07-14 19:09:51.944, fileName=file15827978651472408901.txt, title=file15827978651472408901.txt, inode=75f7dd0d-a22a-42c7-b1fb-bdbcf831009a, __IS_NEW_CONTENT__=true, disabledWYSIWYG=[], host=eccd5059-1b0e-443d-8144-1e8fcabe8a05, stInode=33888b6f-7a8e-4069-b1b6-5c1aa9d0a48d, owner=system, identifier=b2d803ad-4309-483c-8ffe-5318d028e19f, nullProperties=[wfExpireDate, wfPublishDate, wfActionAssign, wfActionId, wfActionComments, filterKey, whereToSend, wfNeverExpire, _path_to_move, timezoneId, iWantTo, wfPublishTime, wfExpireTime], languageId=1, fileAsset=/home/runner/work/core/custom/assets/7/5/75f7dd0d-a22a-42c7-b1fb-bdbcf831009a/fileAsset/file15827978651472408901.txt, folder=566af6e3-6cf1-4bea-98b5-8c60006faab5, __disable_workflow__=true, sortOrder=0, modUser=system},lowIndexPriority=false,variantId=DEFAULT], parent=com.dotmarketing.portlets.folders.model.Folder@293a98d[identifier=566af6e3-6cf1-4bea-98b5-8c60006faab5,name=testName1689361791936,sortOrder=0,showOnMenu=false,hostId=eccd5059-1b0e-443d-8144-1e8fcabe8a05,type=folder,title=testTitle1689361791936,filesMasks=,defaultFileType=33888b6f-7a8e-4069-b1b6-5c1aa9d0a48d,modDate=2023-07-14 19:09:51.939,owner=&lt;null&gt;,iDate=2023-07-14 19:09:51.94,inode=566af6e3-6cf1-4bea-98b5-8c60006faab5,path=/testName1689361791936/], expectedName='file15827978651472408901.txt', expectedType='FileAsset'}]" classname="com.dotmarketing.business.DeterministicIdentifierAPITest" time="0.005"/>
  <testcase name="Test_Asset_Generate_Deterministic_Id_Best_Effort[2: TestCase{versionable=com.dotmarketing.portlets.templates.model.Template@48ec47ca, parent=my.host1689361791265.com, expectedName='testTitle1689361792055', expectedType='Template'}]" classname="com.dotmarketing.business.DeterministicIdentifierAPITest" time="0.003"/>
  <testcase name="Test_Asset_Generate_Deterministic_Id_Best_Effort[3: TestCase{versionable=com.dotmarketing.portlets.htmlpageasset.model.HTMLPageAsset@56f4da3f[map={template=0b5a06f4-8696-42b4-bcd7-dc68226a5dc8, owner=system, identifier=3c2882df-2a28-4a95-8730-d30ddfa58d29, nullProperties=[wfExpireDate, wfPublishDate, wfActionAssign, wfActionId, wfActionComments, filterKey, whereToSend, wfNeverExpire, _path_to_move, timezoneId, iWantTo, wfPublishTime, wfExpireTime], modDate=2023-07-14 19:09:52.073, cachettl=0, _is_test_mode=true, languageId=1, title=test-page-title-1689361792068, httpsreq=, url=test-page-url-1689361792068, showOnMenu=, inode=9b7b1cea-fc9a-4f80-968e-6561a33a50f8, folder=566af6e3-6cf1-4bea-98b5-8c60006faab5, disabledWYSIWYG=[], sortOrder=1, modUser=system, host=eccd5059-1b0e-443d-8144-1e8fcabe8a05, stInode=c541abb1-69b3-4bc5-8430-5e09e5239cc8, friendlyName=test-page-friendly-name-1689361792068},lowIndexPriority=false,variantId=DEFAULT], parent=com.dotmarketing.portlets.folders.model.Folder@293a98d[identifier=566af6e3-6cf1-4bea-98b5-8c60006faab5,name=testName1689361791936,sortOrder=0,showOnMenu=false,hostId=eccd5059-1b0e-443d-8144-1e8fcabe8a05,type=folder,title=testTitle1689361791936,filesMasks=,defaultFileType=33888b6f-7a8e-4069-b1b6-5c1aa9d0a48d,modDate=2023-07-14 19:09:51.939,owner=&lt;null&gt;,iDate=2023-07-14 19:09:51.94,inode=566af6e3-6cf1-4bea-98b5-8c60006faab5,path=/testName1689361791936/], expectedName='test-page-url-1689361792068', expectedType='htmlpageasset'}]" classname="com.dotmarketing.business.DeterministicIdentifierAPITest" time="0.003"/>
  <testcase name="Test_Asset_Generate_Deterministic_Id_Best_Effort[4: TestCase{versionable=com.dotmarketing.portlets.contentlet.model.Contentlet@323431a6[map={fileAsset2=/home/runner/work/core/custom/assets/d/c/dc6fe30c-35fb-4bd4-a9b5-fad572e149cc/fileAsset2/test_binary1689361793913.png, modDate=2023-07-14 19:09:53.92, fileAsset1=/home/runner/work/core/custom/assets/d/c/dc6fe30c-35fb-4bd4-a9b5-fad572e149cc/fileAsset1/test_binary1689361793913.jpg, title=blah, inode=dc6fe30c-35fb-4bd4-a9b5-fad572e149cc, __IS_NEW_CONTENT__=true, disabledWYSIWYG=[], host=48190c8c-42c4-46af-8d1a-0cd5db894797, stInode=12ad0821-f898-4f52-a1b6-e27e01e59632, owner=system, identifier=17b0dc75-76dc-4410-a8a1-a39be629acb8, nullProperties=[], languageId=1, image1=a4ebe590-050d-4d34-be89-03fb21b04ac0, folder=SYSTEM_FOLDER, __disable_workflow__=true, sortOrder=0, modUser=system},lowIndexPriority=false,variantId=DEFAULT], parent=demo.dotcms.com, expectedName='test_binary1689361793913.jpg:test_binary1689361793913.png', expectedType='MultipleBinaries1689361792302'}]" classname="com.dotmarketing.business.DeterministicIdentifierAPITest" time="0.003"/>
  <testcase name="Test_Asset_Generate_Deterministic_Id_Best_Effort[5: TestCase{versionable=name7eb7f76f32 : keyTag7eb7f76f32, parent=my.host1689361791265.com, expectedName='keyTag7eb7f76f32', expectedType='persona'}]" classname="com.dotmarketing.business.DeterministicIdentifierAPITest" time="0.006"/>
  <testcase name="Test_Similar_Content_Type_Wont_Clash" classname="com.dotmarketing.business.DeterministicIdentifierAPITest" time="0.511"/>
  <testcase name="Test_Generate_Folder_Identifier" classname="com.dotmarketing.business.DeterministicIdentifierAPITest" time="0.913"/>
  <testcase name="Test_Generate_Content_Type_Identifier[0: ContentTypeTestCase{contentType=KeyValueContentType{name=Language Variable, id=f4d7c1b8-2c88-4071-abf1-a5328977b07d, description=Default Content Type for Language Variables, defaultType=false, fixed=true, iDate=Thu Aug 31 16:38:49 UTC 2017, system=true, versionable=true, variable=Languagevariable, modDate=Fri Jul 14 18:00:24 UTC 2023, host=SYSTEM_HOST, siteName=systemHost, icon=language, sortOrder=0, folder=SYSTEM_FOLDER, folderPath=/, markedForDeletion=true, multilingualable=false}, expectedName='Languagevariable', expectedType='KeyValue'}]" classname="com.dotmarketing.business.DeterministicIdentifierAPITest" time="0.008"/>
  <testcase name="Test_Generate_Content_Type_Identifier[1: ContentTypeTestCase{contentType=SimpleContentType{name=testName1689361794449, id=7ef89efe-446f-48d5-8839-f7aacf1db178, description=testDescription1689361794449, defaultType=false, fixed=false, iDate=Fri Jul 14 19:09:54 UTC 2023, system=false, versionable=true, multilingualable=false, variable=testVarname1689361794449, owner=system, modDate=Fri Jul 14 19:09:55 UTC 2023, host=48190c8c-42c4-46af-8d1a-0cd5db894797, siteName=demo.dotcms.com, icon=event_note, sortOrder=0, folder=SYSTEM_FOLDER, folderPath=/, requiredFields=[], markedForDeletion=false}, expectedName='testVarname1689361794449', expectedType='CONTENT'}]" classname="com.dotmarketing.business.DeterministicIdentifierAPITest" time="0.01"/>
  <system-out><![CDATA[]]></system-out>
  <system-err><![CDATA[]]></system-err>
</testsuite>
