<?xml version="1.0" encoding="UTF-8"?>
<testsuite name="com.dotcms.rest.TagResourceIntegrationTest" tests="4" skipped="0" failures="0" errors="0" timestamp="2023-06-23T23:36:24" hostname="fv-az407-493" time="0.311">
  <properties/>
  <testcase name="testList[0: com.dotcms.rest.TagResourceTestCase@365f2a0a]" classname="com.dotcms.rest.TagResourceIntegrationTest" time="0.23"/>
  <testcase name="testList[1: com.dotcms.rest.TagResourceTestCase@57922ea3]" classname="com.dotcms.rest.TagResourceIntegrationTest" time="0.029"/>
  <testcase name="testList[2: com.dotcms.rest.TagResourceTestCase@64431123]" classname="com.dotcms.rest.TagResourceIntegrationTest" time="0.021"/>
  <testcase name="testList[3: com.dotcms.rest.TagResourceTestCase@d0331b7]" classname="com.dotcms.rest.TagResourceIntegrationTest" time="0.03"/>
  <system-out><![CDATA[]]></system-out>
  <system-err><![CDATA[Jun 23, 2023 11:36:24 PM com.dotcms.repackage.org.hibernate.validator.internal.util.Version <clinit>
INFO: HV000001: Hibernate Validator 4.3.2.Final
]]></system-err>
</testsuite>
