<?xml version="1.0" encoding="UTF-8"?>
<testsuite name="com.dotcms.rest.api.v1.vtl.VTLResourceIntegrationTest" tests="6" skipped="0" failures="0" errors="0" timestamp="2023-07-18T16:43:29" hostname="fv-az370-360" time="12.108">
  <properties/>
  <testcase name="testGet[0: com.dotcms.rest.api.v1.vtl.VTLResourceTestCase@13310a63]" classname="com.dotcms.rest.api.v1.vtl.VTLResourceIntegrationTest" time="2.165"/>
  <testcase name="testGet[1: com.dotcms.rest.api.v1.vtl.VTLResourceTestCase@48a93672]" classname="com.dotcms.rest.api.v1.vtl.VTLResourceIntegrationTest" time="1.888"/>
  <testcase name="testGet[2: com.dotcms.rest.api.v1.vtl.VTLResourceTestCase@329a2764]" classname="com.dotcms.rest.api.v1.vtl.VTLResourceIntegrationTest" time="2.087"/>
  <testcase name="testGet[3: com.dotcms.rest.api.v1.vtl.VTLResourceTestCase@2d2ed8e1]" classname="com.dotcms.rest.api.v1.vtl.VTLResourceIntegrationTest" time="1.998"/>
  <testcase name="testGet[4: com.dotcms.rest.api.v1.vtl.VTLResourceTestCase@36d7bd35]" classname="com.dotcms.rest.api.v1.vtl.VTLResourceIntegrationTest" time="1.943"/>
  <testcase name="testGet[5: com.dotcms.rest.api.v1.vtl.VTLResourceTestCase@37cc073b]" classname="com.dotcms.rest.api.v1.vtl.VTLResourceIntegrationTest" time="2.026"/>
  <system-out><![CDATA[]]></system-out>
  <system-err><![CDATA[]]></system-err>
</testsuite>
