<?xml version="1.0" encoding="UTF-8"?>
<testsuite name="com.dotmarketing.business.DeterministicIdentifierAPITest" tests="16" skipped="0" failures="0" errors="0" timestamp="2023-07-18T19:08:26" hostname="fv-az351-382" time="1.034">
  <properties/>
  <testcase name="Test_Category_Path_Seed_And_Id" classname="com.dotmarketing.business.DeterministicIdentifierAPITest" time="0.025"/>
  <testcase name="Test_Language_Deterministic_Id[0: LanguageTestCase{expectedSeed='Language:es:US', expectedHash=4913155, langCode='es', countryCode='US', country='United States'}]" classname="com.dotmarketing.business.DeterministicIdentifierAPITest" time="0.001"/>
  <testcase name="Test_Language_Deterministic_Id[1: LanguageTestCase{expectedSeed='Language:ep:', expectedHash=5292269, langCode='ep', countryCode='', country=''}]" classname="com.dotmarketing.business.DeterministicIdentifierAPITest" time="0.001"/>
  <testcase name="Test_Language_Deterministic_Id[2: LanguageTestCase{expectedSeed='Language:sg:SAG', expectedHash=4713118, langCode='sg', countryCode='SAG', country=''}]" classname="com.dotmarketing.business.DeterministicIdentifierAPITest" time="0.001"/>
  <testcase name="Test_Language_Deterministic_Id[3: LanguageTestCase{expectedSeed='Language:en:NZ', expectedHash=5382528, langCode='en', countryCode='NZ', country='New Zealand'}]" classname="com.dotmarketing.business.DeterministicIdentifierAPITest" time="0.001"/>
  <testcase name="Test_Category_None_Persisted_Category_Should_Return_Deterministic_Id" classname="com.dotmarketing.business.DeterministicIdentifierAPITest" time="0.001"/>
  <testcase name="Test_Asset_Generate_Deterministic_Id_Best_Effort[0: TestCase{versionable=my.host1689706920780.com, parent=System Host, expectedName='my.host1689706920780.com', expectedType='Host'}]" classname="com.dotmarketing.business.DeterministicIdentifierAPITest" time="0.004"/>
  <testcase name="Test_Asset_Generate_Deterministic_Id_Best_Effort[1: TestCase{versionable=com.dotmarketing.portlets.contentlet.model.Contentlet@5cd10ab6[map={modDate=2023-07-18 19:02:01.549, fileName=file14825213846194461402.txt, title=file14825213846194461402.txt, inode=e9cdbdb5-21a7-4b15-a1f4-942778153458, __IS_NEW_CONTENT__=true, disabledWYSIWYG=[], host=41c77088-28f9-4fba-a29e-462f213fbbf6, stInode=33888b6f-7a8e-4069-b1b6-5c1aa9d0a48d, owner=system, identifier=727a3af3-cee5-45a3-b0a7-c1e95fb3ad65, nullProperties=[wfExpireDate, wfPublishDate, wfActionAssign, wfActionId, wfActionComments, filterKey, whereToSend, wfNeverExpire, _path_to_move, timezoneId, iWantTo, wfPublishTime, wfExpireTime], languageId=1, fileAsset=/home/runner/work/core/custom/assets/e/9/e9cdbdb5-21a7-4b15-a1f4-942778153458/fileAsset/file14825213846194461402.txt, folder=833a21b7-e31c-43db-9cc5-cc58f32b1f1a, __disable_workflow__=true, sortOrder=0, modUser=system},lowIndexPriority=false,variantId=DEFAULT], parent=com.dotmarketing.portlets.folders.model.Folder@53f512c8[identifier=833a21b7-e31c-43db-9cc5-cc58f32b1f1a,name=testName1689706921542,sortOrder=0,showOnMenu=false,hostId=41c77088-28f9-4fba-a29e-462f213fbbf6,type=folder,title=testTitle1689706921542,filesMasks=,defaultFileType=33888b6f-7a8e-4069-b1b6-5c1aa9d0a48d,modDate=2023-07-18 19:02:01.545,owner=&lt;null&gt;,iDate=2023-07-18 19:02:01.545,inode=833a21b7-e31c-43db-9cc5-cc58f32b1f1a,path=/testName1689706921542/], expectedName='file14825213846194461402.txt', expectedType='FileAsset'}]" classname="com.dotmarketing.business.DeterministicIdentifierAPITest" time="0.003"/>
  <testcase name="Test_Asset_Generate_Deterministic_Id_Best_Effort[2: TestCase{versionable=com.dotmarketing.portlets.templates.model.Template@a33cd709, parent=my.host1689706920780.com, expectedName='testTitle1689706921641', expectedType='Template'}]" classname="com.dotmarketing.business.DeterministicIdentifierAPITest" time="0.002"/>
  <testcase name="Test_Asset_Generate_Deterministic_Id_Best_Effort[3: TestCase{versionable=com.dotmarketing.portlets.htmlpageasset.model.HTMLPageAsset@53e8ab29[map={template=8de19440-d086-4731-a847-5ec9c02e6395, owner=system, identifier=2141d8ae-78d0-4cb5-a83c-72fee06f5882, nullProperties=[wfExpireDate, wfPublishDate, wfActionAssign, wfActionId, wfActionComments, filterKey, whereToSend, wfNeverExpire, _path_to_move, timezoneId, iWantTo, wfPublishTime, wfExpireTime], modDate=2023-07-18 19:02:01.656, cachettl=0, _is_test_mode=true, languageId=1, title=test-page-title-1689706921652, httpsreq=, url=test-page-url-1689706921652, showOnMenu=, inode=bbf3321c-55c2-4b48-914d-d87af5f29a53, folder=833a21b7-e31c-43db-9cc5-cc58f32b1f1a, disabledWYSIWYG=[], sortOrder=1, modUser=system, host=41c77088-28f9-4fba-a29e-462f213fbbf6, stInode=c541abb1-69b3-4bc5-8430-5e09e5239cc8, friendlyName=test-page-friendly-name-1689706921652},lowIndexPriority=false,variantId=DEFAULT], parent=com.dotmarketing.portlets.folders.model.Folder@53f512c8[identifier=833a21b7-e31c-43db-9cc5-cc58f32b1f1a,name=testName1689706921542,sortOrder=0,showOnMenu=false,hostId=41c77088-28f9-4fba-a29e-462f213fbbf6,type=folder,title=testTitle1689706921542,filesMasks=,defaultFileType=33888b6f-7a8e-4069-b1b6-5c1aa9d0a48d,modDate=2023-07-18 19:02:01.545,owner=&lt;null&gt;,iDate=2023-07-18 19:02:01.545,inode=833a21b7-e31c-43db-9cc5-cc58f32b1f1a,path=/testName1689706921542/], expectedName='test-page-url-1689706921652', expectedType='htmlpageasset'}]" classname="com.dotmarketing.business.DeterministicIdentifierAPITest" time="0.003"/>
  <testcase name="Test_Asset_Generate_Deterministic_Id_Best_Effort[4: TestCase{versionable=com.dotmarketing.portlets.contentlet.model.Contentlet@35d59a18[map={fileAsset2=/home/runner/work/core/custom/assets/e/1/e1195307-e8a5-4573-87ae-b024157c2dce/fileAsset2/test_binary1689706923534.png, modDate=2023-07-18 19:02:03.539, fileAsset1=/home/runner/work/core/custom/assets/e/1/e1195307-e8a5-4573-87ae-b024157c2dce/fileAsset1/test_binary1689706923534.jpg, title=blah, inode=e1195307-e8a5-4573-87ae-b024157c2dce, __IS_NEW_CONTENT__=true, disabledWYSIWYG=[], host=48190c8c-42c4-46af-8d1a-0cd5db894797, stInode=bdb21e3b-4433-4deb-a74e-41968e3a8289, owner=system, identifier=0f838991-e12e-430c-b705-2ba6122f2dce, nullProperties=[], languageId=1, image1=daa7ae6d-d1c3-4b4e-b5e6-b88a7d0ed70b, folder=SYSTEM_FOLDER, __disable_workflow__=true, sortOrder=0, modUser=system},lowIndexPriority=false,variantId=DEFAULT], parent=demo.dotcms.com, expectedName='test_binary1689706923534.jpg:test_binary1689706923534.png', expectedType='MultipleBinaries1689706921861'}]" classname="com.dotmarketing.business.DeterministicIdentifierAPITest" time="0.004"/>
  <testcase name="Test_Asset_Generate_Deterministic_Id_Best_Effort[5: TestCase{versionable=name259fdb8cb2 : keyTag259fdb8cb2, parent=my.host1689706920780.com, expectedName='keyTag259fdb8cb2', expectedType='persona'}]" classname="com.dotmarketing.business.DeterministicIdentifierAPITest" time="0.008"/>
  <testcase name="Test_Similar_Content_Type_Wont_Clash" classname="com.dotmarketing.business.DeterministicIdentifierAPITest" time="0.507"/>
  <testcase name="Test_Generate_Folder_Identifier" classname="com.dotmarketing.business.DeterministicIdentifierAPITest" time="0.455"/>
  <testcase name="Test_Generate_Content_Type_Identifier[0: ContentTypeTestCase{contentType=KeyValueContentType{name=Language Variable, id=f4d7c1b8-2c88-4071-abf1-a5328977b07d, description=Default Content Type for Language Variables, defaultType=false, fixed=true, iDate=Thu Aug 31 16:38:49 UTC 2017, system=true, versionable=true, variable=Languagevariable, modDate=Tue Jul 18 17:55:45 UTC 2023, host=SYSTEM_HOST, siteName=systemHost, icon=language, sortOrder=0, folder=SYSTEM_FOLDER, folderPath=/, markedForDeletion=true, multilingualable=false}, expectedName='Languagevariable', expectedType='KeyValue'}]" classname="com.dotmarketing.business.DeterministicIdentifierAPITest" time="0.007"/>
  <testcase name="Test_Generate_Content_Type_Identifier[1: ContentTypeTestCase{contentType=SimpleContentType{name=testName1689706923923, id=62aa0dea-0599-4334-86ba-904d6f0e7b43, description=testDescription1689706923923, defaultType=false, fixed=false, iDate=Tue Jul 18 19:02:03 UTC 2023, system=false, versionable=true, multilingualable=false, variable=testVarname1689706923923, owner=system, modDate=Tue Jul 18 19:02:04 UTC 2023, host=48190c8c-42c4-46af-8d1a-0cd5db894797, siteName=demo.dotcms.com, icon=event_note, sortOrder=0, folder=SYSTEM_FOLDER, folderPath=/, requiredFields=[], markedForDeletion=false}, expectedName='testVarname1689706923923', expectedType='CONTENT'}]" classname="com.dotmarketing.business.DeterministicIdentifierAPITest" time="0.006"/>
  <system-out><![CDATA[]]></system-out>
  <system-err><![CDATA[]]></system-err>
</testsuite>
