<?xml version="1.0" encoding="UTF-8"?>
<testsuite name="com.dotcms.contenttype.test.ContentTypeResourceTest" tests="10" skipped="0" failures="0" errors="0" timestamp="2023-06-30T22:48:47" hostname="fv-az586-632" time="21.961">
  <properties/>
  <testcase name="testJson[0: widget-type-object.json]" classname="com.dotcms.contenttype.test.ContentTypeResourceTest" time="2.538"/>
  <testcase name="testJson[1: empty-widget.json]" classname="com.dotcms.contenttype.test.ContentTypeResourceTest" time="2.503"/>
  <testcase name="testJson[2: content-type-object.json]" classname="com.dotcms.contenttype.test.ContentTypeResourceTest" time="1.752"/>
  <testcase name="testJson[3: persona-type-object.json]" classname="com.dotcms.contenttype.test.ContentTypeResourceTest" time="2.887"/>
  <testcase name="testJson[4: content-type-array-insert.json]" classname="com.dotcms.contenttype.test.ContentTypeResourceTest" time="3.172"/>
  <testcase name="testJson[5: file-asset.json]" classname="com.dotcms.contenttype.test.ContentTypeResourceTest" time="2.118"/>
  <testcase name="testJson[6: page-content-type.json]" classname="com.dotcms.contenttype.test.ContentTypeResourceTest" time="5.243"/>
  <testcase name="testJson[7: content-type-object-insert.json]" classname="com.dotcms.contenttype.test.ContentTypeResourceTest" time="1.744"/>
  <testcase name="test_setHostAndFolderAsIdentifer_with_null" classname="com.dotcms.contenttype.test.ContentTypeResourceTest" time="0.0"/>
  <testcase name="test_setHostAndFolderAsIdentifer_with_System_Host" classname="com.dotcms.contenttype.test.ContentTypeResourceTest" time="0.003"/>
  <system-out><![CDATA[]]></system-out>
  <system-err><![CDATA[]]></system-err>
</testsuite>
