<?xml version="1.0" encoding="UTF-8"?>
<testsuite name="com.dotcms.content.elasticsearch.business.ESIndexSpeedTest" tests="2" skipped="0" failures="0" errors="0" timestamp="2023-06-27T17:01:34" hostname="fv-az162-375" time="4.466">
  <properties/>
  <testcase name="callIndexSearch10k" classname="com.dotcms.content.elasticsearch.business.ESIndexSpeedTest" time="2.365"/>
  <testcase name="callCount10k" classname="com.dotcms.content.elasticsearch.business.ESIndexSpeedTest" time="2.101"/>
  <system-out><![CDATA[]]></system-out>
  <system-err><![CDATA[]]></system-err>
</testsuite>
