<?xml version="1.0" encoding="UTF-8"?>
<testsuite name="com.dotmarketing.common.reindex.ReindexAPITest" tests="5" skipped="0" failures="0" errors="0" timestamp="2023-07-10T22:26:35" hostname="fv-az445-212" time="67.35">
  <properties/>
  <testcase name="test_content_type_reindex" classname="com.dotmarketing.common.reindex.ReindexAPITest" time="0.794"/>
  <testcase name="test_failed_records" classname="com.dotmarketing.common.reindex.ReindexAPITest" time="1.38"/>
  <testcase name="test_deleted_records" classname="com.dotmarketing.common.reindex.ReindexAPITest" time="61.949"/>
  <testcase name="test_adding_content_adds_to_queue_after_transaction_commit" classname="com.dotmarketing.common.reindex.ReindexAPITest" time="1.446"/>
  <testcase name="test_highestpriority_reindex_vs_normal_reindex" classname="com.dotmarketing.common.reindex.ReindexAPITest" time="1.78"/>
  <system-out><![CDATA[]]></system-out>
  <system-err><![CDATA[]]></system-err>
</testsuite>
