<?xml version="1.0" encoding="UTF-8"?>
<testsuite name="com.dotmarketing.business.DeterministicIdentifierAPITest" tests="16" skipped="0" failures="0" errors="0" timestamp="2023-07-11T15:54:44" hostname="fv-az399-769" time="1.078">
  <properties/>
  <testcase name="Test_Category_Path_Seed_And_Id" classname="com.dotmarketing.business.DeterministicIdentifierAPITest" time="0.032"/>
  <testcase name="Test_Language_Deterministic_Id[0: LanguageTestCase{expectedSeed='Language:es:US', expectedHash=4913155, langCode='es', countryCode='US', country='United States'}]" classname="com.dotmarketing.business.DeterministicIdentifierAPITest" time="0.001"/>
  <testcase name="Test_Language_Deterministic_Id[1: LanguageTestCase{expectedSeed='Language:ep:', expectedHash=5292269, langCode='ep', countryCode='', country=''}]" classname="com.dotmarketing.business.DeterministicIdentifierAPITest" time="0.001"/>
  <testcase name="Test_Language_Deterministic_Id[2: LanguageTestCase{expectedSeed='Language:sg:SAG', expectedHash=4713118, langCode='sg', countryCode='SAG', country=''}]" classname="com.dotmarketing.business.DeterministicIdentifierAPITest" time="0.001"/>
  <testcase name="Test_Language_Deterministic_Id[3: LanguageTestCase{expectedSeed='Language:en:NZ', expectedHash=5382528, langCode='en', countryCode='NZ', country='New Zealand'}]" classname="com.dotmarketing.business.DeterministicIdentifierAPITest" time="0.001"/>
  <testcase name="Test_Category_None_Persisted_Category_Should_Return_Deterministic_Id" classname="com.dotmarketing.business.DeterministicIdentifierAPITest" time="0.002"/>
  <testcase name="Test_Asset_Generate_Deterministic_Id_Best_Effort[0: TestCase{versionable=my.host1689090462435.com, parent=System Host, expectedName='my.host1689090462435.com', expectedType='Host'}]" classname="com.dotmarketing.business.DeterministicIdentifierAPITest" time="0.006"/>
  <testcase name="Test_Asset_Generate_Deterministic_Id_Best_Effort[1: TestCase{versionable=com.dotmarketing.portlets.contentlet.model.Contentlet@28a81370[map={modDate=2023-07-11 15:47:42.923, fileName=file2292093560818932762.txt, title=file2292093560818932762.txt, inode=da907c1c-7ca8-4f00-8120-1d14464cb335, __IS_NEW_CONTENT__=true, disabledWYSIWYG=[], host=c6e5bc0c-32b6-46f2-8c28-1df7b82a11ed, stInode=33888b6f-7a8e-4069-b1b6-5c1aa9d0a48d, owner=system, identifier=69a50742-c469-4271-8e3a-80bc731ebbc2, nullProperties=[wfExpireDate, wfPublishDate, wfActionAssign, wfActionId, wfActionComments, filterKey, whereToSend, wfNeverExpire, _path_to_move, timezoneId, iWantTo, wfPublishTime, wfExpireTime], languageId=1, fileAsset=/home/runner/work/core/custom/assets/d/a/da907c1c-7ca8-4f00-8120-1d14464cb335/fileAsset/file2292093560818932762.txt, folder=d63157dd-ad5c-464e-b736-99fd96efca2d, __disable_workflow__=true, sortOrder=0, modUser=system},lowIndexPriority=false,variantId=DEFAULT], parent=com.dotmarketing.portlets.folders.model.Folder@371bcce8[identifier=d63157dd-ad5c-464e-b736-99fd96efca2d,name=testName1689090462916,sortOrder=0,showOnMenu=false,hostId=c6e5bc0c-32b6-46f2-8c28-1df7b82a11ed,type=folder,title=testTitle1689090462916,filesMasks=,defaultFileType=33888b6f-7a8e-4069-b1b6-5c1aa9d0a48d,modDate=2023-07-11 15:47:42.919,owner=&lt;null&gt;,iDate=2023-07-11 15:47:42.919,inode=d63157dd-ad5c-464e-b736-99fd96efca2d,path=/testName1689090462916/], expectedName='file2292093560818932762.txt', expectedType='FileAsset'}]" classname="com.dotmarketing.business.DeterministicIdentifierAPITest" time="0.003"/>
  <testcase name="Test_Asset_Generate_Deterministic_Id_Best_Effort[2: TestCase{versionable=com.dotmarketing.portlets.templates.model.Template@a5ec44a6, parent=my.host1689090462435.com, expectedName='testTitle1689090463026', expectedType='Template'}]" classname="com.dotmarketing.business.DeterministicIdentifierAPITest" time="0.002"/>
  <testcase name="Test_Asset_Generate_Deterministic_Id_Best_Effort[3: TestCase{versionable=com.dotmarketing.portlets.htmlpageasset.model.HTMLPageAsset@5cbe4aec[map={template=02df5559-2151-4ee1-94b0-01b5b52fae34, owner=system, identifier=e6ef568f-5738-464b-b5a9-28dc735ae3c9, nullProperties=[wfExpireDate, wfPublishDate, wfActionAssign, wfActionId, wfActionComments, filterKey, whereToSend, wfNeverExpire, _path_to_move, timezoneId, iWantTo, wfPublishTime, wfExpireTime], modDate=2023-07-11 15:47:43.043, cachettl=0, _is_test_mode=true, languageId=1, title=test-page-title-1689090463039, httpsreq=, url=test-page-url-1689090463039, showOnMenu=, inode=c4b09cc9-90f5-4348-8660-25cd833a48cc, folder=d63157dd-ad5c-464e-b736-99fd96efca2d, disabledWYSIWYG=[], sortOrder=1, modUser=system, host=c6e5bc0c-32b6-46f2-8c28-1df7b82a11ed, stInode=c541abb1-69b3-4bc5-8430-5e09e5239cc8, friendlyName=test-page-friendly-name-1689090463039},lowIndexPriority=false,variantId=DEFAULT], parent=com.dotmarketing.portlets.folders.model.Folder@371bcce8[identifier=d63157dd-ad5c-464e-b736-99fd96efca2d,name=testName1689090462916,sortOrder=0,showOnMenu=false,hostId=c6e5bc0c-32b6-46f2-8c28-1df7b82a11ed,type=folder,title=testTitle1689090462916,filesMasks=,defaultFileType=33888b6f-7a8e-4069-b1b6-5c1aa9d0a48d,modDate=2023-07-11 15:47:42.919,owner=&lt;null&gt;,iDate=2023-07-11 15:47:42.919,inode=d63157dd-ad5c-464e-b736-99fd96efca2d,path=/testName1689090462916/], expectedName='test-page-url-1689090463039', expectedType='htmlpageasset'}]" classname="com.dotmarketing.business.DeterministicIdentifierAPITest" time="0.003"/>
  <testcase name="Test_Asset_Generate_Deterministic_Id_Best_Effort[4: TestCase{versionable=com.dotmarketing.portlets.contentlet.model.Contentlet@797edda4[map={fileAsset2=/home/runner/work/core/custom/assets/0/e/0eab163d-2f6f-42c0-9532-22af9159a2a2/fileAsset2/test_binary1689090465018.png, modDate=2023-07-11 15:47:45.024, fileAsset1=/home/runner/work/core/custom/assets/0/e/0eab163d-2f6f-42c0-9532-22af9159a2a2/fileAsset1/test_binary1689090465018.jpg, title=blah, inode=0eab163d-2f6f-42c0-9532-22af9159a2a2, __IS_NEW_CONTENT__=true, disabledWYSIWYG=[], host=48190c8c-42c4-46af-8d1a-0cd5db894797, stInode=eff562bf-51ba-4991-9787-3520a428e8ad, owner=system, identifier=da117d53-df6f-46bb-9457-66c1b1663656, nullProperties=[], languageId=1, image1=df7ec5c3-0468-4348-9792-c2d1db1a09a1, folder=SYSTEM_FOLDER, __disable_workflow__=true, sortOrder=0, modUser=system},lowIndexPriority=false,variantId=DEFAULT], parent=demo.dotcms.com, expectedName='test_binary1689090465018.jpg:test_binary1689090465018.png', expectedType='MultipleBinaries1689090463286'}]" classname="com.dotmarketing.business.DeterministicIdentifierAPITest" time="0.003"/>
  <testcase name="Test_Asset_Generate_Deterministic_Id_Best_Effort[5: TestCase{versionable=name3e92414c29 : keyTag3e92414c29, parent=my.host1689090462435.com, expectedName='keyTag3e92414c29', expectedType='persona'}]" classname="com.dotmarketing.business.DeterministicIdentifierAPITest" time="0.014"/>
  <testcase name="Test_Similar_Content_Type_Wont_Clash" classname="com.dotmarketing.business.DeterministicIdentifierAPITest" time="0.493"/>
  <testcase name="Test_Generate_Folder_Identifier" classname="com.dotmarketing.business.DeterministicIdentifierAPITest" time="0.501"/>
  <testcase name="Test_Generate_Content_Type_Identifier[0: ContentTypeTestCase{contentType=KeyValueContentType{name=Language Variable, id=f4d7c1b8-2c88-4071-abf1-a5328977b07d, description=Default Content Type for Language Variables, defaultType=false, fixed=true, iDate=Thu Aug 31 16:38:49 UTC 2017, system=true, versionable=true, variable=Languagevariable, modDate=Tue Jul 11 14:37:34 UTC 2023, host=SYSTEM_HOST, siteName=systemHost, icon=language, sortOrder=0, folder=SYSTEM_FOLDER, folderPath=/, markedForDeletion=true, multilingualable=false}, expectedName='Languagevariable', expectedType='KeyValue'}]" classname="com.dotmarketing.business.DeterministicIdentifierAPITest" time="0.005"/>
  <testcase name="Test_Generate_Content_Type_Identifier[1: ContentTypeTestCase{contentType=SimpleContentType{name=testName1689090465417, id=7f872780-7d52-4808-8286-8361e61d091b, description=testDescription1689090465417, defaultType=false, fixed=false, iDate=Tue Jul 11 15:47:45 UTC 2023, system=false, versionable=true, multilingualable=false, variable=testVarname1689090465417, owner=system, modDate=Tue Jul 11 15:47:46 UTC 2023, host=48190c8c-42c4-46af-8d1a-0cd5db894797, siteName=demo.dotcms.com, icon=event_note, sortOrder=0, folder=SYSTEM_FOLDER, folderPath=/, requiredFields=[], markedForDeletion=false}, expectedName='testVarname1689090465417', expectedType='CONTENT'}]" classname="com.dotmarketing.business.DeterministicIdentifierAPITest" time="0.006"/>
  <system-out><![CDATA[]]></system-out>
  <system-err><![CDATA[]]></system-err>
</testsuite>
