<?xml version="1.0" encoding="UTF-8"?>
<testsuite name="com.dotcms.rest.api.v1.asset.WebAssetHelperIntegrationTest" tests="11" skipped="0" failures="0" errors="0" timestamp="2023-07-11T02:07:11" hostname="fv-az336-51" time="6.427">
  <properties/>
  <testcase name="TestUploadFile" classname="com.dotcms.rest.api.v1.asset.WebAssetHelperIntegrationTest" time="1.345"/>
  <testcase name="TestUploadEmptyFile" classname="com.dotcms.rest.api.v1.asset.WebAssetHelperIntegrationTest" time="1.284"/>
  <testcase name="TestGetFolderInfo" classname="com.dotcms.rest.api.v1.asset.WebAssetHelperIntegrationTest" time="0.038"/>
  <testcase name="Test_Delete_File_Then_Delete_Folder" classname="com.dotcms.rest.api.v1.asset.WebAssetHelperIntegrationTest" time="1.489"/>
  <testcase name="Test_Parse_Language" classname="com.dotcms.rest.api.v1.asset.WebAssetHelperIntegrationTest" time="0.012"/>
  <testcase name="Test_Retrieve_All_Versions" classname="com.dotcms.rest.api.v1.asset.WebAssetHelperIntegrationTest" time="1.575"/>
  <testcase name="TestDownloadFile" classname="com.dotcms.rest.api.v1.asset.WebAssetHelperIntegrationTest" time="0.032"/>
  <testcase name="Test_Archive_File" classname="com.dotcms.rest.api.v1.asset.WebAssetHelperIntegrationTest" time="0.617"/>
  <testcase name="TestDownloadFileInvalidLanguage" classname="com.dotcms.rest.api.v1.asset.WebAssetHelperIntegrationTest" time="0.003"/>
  <testcase name="TestDownloadFileDifferentLang" classname="com.dotcms.rest.api.v1.asset.WebAssetHelperIntegrationTest" time="0.024"/>
  <testcase name="TestGetNonExistingFolderInfo" classname="com.dotcms.rest.api.v1.asset.WebAssetHelperIntegrationTest" time="0.005"/>
  <system-out><![CDATA[
]]></system-out>
  <system-err><![CDATA[]]></system-err>
</testsuite>
