<?xml version="1.0" encoding="UTF-8"?>
<testsuite name="org.apache.velocity.runtime.parser.node.SimpleNodeTest" tests="1" skipped="0" failures="0" errors="0" timestamp="2023-07-17T15:45:41" hostname="fv-az257-583" time="0.337">
  <properties/>
  <testcase name="serializeTest" classname="org.apache.velocity.runtime.parser.node.SimpleNodeTest" time="0.337"/>
  <system-out><![CDATA[]]></system-out>
  <system-err><![CDATA[]]></system-err>
</testsuite>
