<?xml version="1.0" encoding="UTF-8"?>
<testsuite name="com.dotcms.rest.api.v1.relationships.RelationshipsResourceTest" tests="3" skipped="0" failures="0" errors="0" timestamp="2023-07-18T16:17:53" hostname="fv-az396-900" time="2.18">
  <properties/>
  <testcase name="testGetOneSidedRelationships" classname="com.dotcms.rest.api.v1.relationships.RelationshipsResourceTest" time="0.764"/>
  <testcase name="testGetOneSidedRelationshipsWithInvalidContentTypeReturnsBadRequest" classname="com.dotcms.rest.api.v1.relationships.RelationshipsResourceTest" time="0.707"/>
  <testcase name="testGetOneSidedRelationshipsWithoutContentTypeReturnsBadRequest" classname="com.dotcms.rest.api.v1.relationships.RelationshipsResourceTest" time="0.709"/>
  <system-out><![CDATA[]]></system-out>
  <system-err><![CDATA[]]></system-err>
</testsuite>
