<?xml version="1.0" encoding="UTF-8"?>
<testsuite name="com.dotcms.publishing.PublisherAPIImplTest" tests="24" skipped="0" failures="0" errors="0" timestamp="2023-06-23T17:21:29" hostname="fv-az592-477" time="4.692">
  <properties/>
  <testcase name="AddAllCategoryIntoBundle" classname="com.dotcms.publishing.PublisherAPIImplTest" time="0.243"/>
  <testcase name="testFilterDescriptors" classname="com.dotcms.publishing.PublisherAPIImplTest" time="0.116"/>
  <testcase name="sendPushPublishBundle[0: com.dotcms.publishing.PublisherAPIImplTest$TestAsset@7f179968]" classname="com.dotcms.publishing.PublisherAPIImplTest" time="1.272"/>
  <testcase name="sendPushPublishBundle[1: com.dotcms.publishing.PublisherAPIImplTest$TestAsset@5e7ddbea]" classname="com.dotcms.publishing.PublisherAPIImplTest" time="0.218"/>
  <testcase name="sendPushPublishBundle[2: com.dotcms.publishing.PublisherAPIImplTest$TestAsset@1cbdcc9d]" classname="com.dotcms.publishing.PublisherAPIImplTest" time="0.185"/>
  <testcase name="sendPushPublishBundle[3: com.dotcms.publishing.PublisherAPIImplTest$TestAsset@7f4bc9cd]" classname="com.dotcms.publishing.PublisherAPIImplTest" time="0.542"/>
  <testcase name="sendPushPublishBundle[4: com.dotcms.publishing.PublisherAPIImplTest$TestAsset@3cd4d395]" classname="com.dotcms.publishing.PublisherAPIImplTest" time="0.269"/>
  <testcase name="sendPushPublishBundle[5: com.dotcms.publishing.PublisherAPIImplTest$TestAsset@cc6ed6e]" classname="com.dotcms.publishing.PublisherAPIImplTest" time="0.119"/>
  <testcase name="sendPushPublishBundle[6: com.dotcms.publishing.PublisherAPIImplTest$TestAsset@7eed114f]" classname="com.dotcms.publishing.PublisherAPIImplTest" time="0.105"/>
  <testcase name="sendPushPublishBundle[7: com.dotcms.publishing.PublisherAPIImplTest$TestAsset@5f49aafe]" classname="com.dotcms.publishing.PublisherAPIImplTest" time="0.15"/>
  <testcase name="sendPushPublishBundle[8: com.dotcms.publishing.PublisherAPIImplTest$TestAsset@451b92f9]" classname="com.dotcms.publishing.PublisherAPIImplTest" time="0.086"/>
  <testcase name="sendPushPublishBundle[9: com.dotcms.publishing.PublisherAPIImplTest$TestAsset@7e8daaa9]" classname="com.dotcms.publishing.PublisherAPIImplTest" time="0.147"/>
  <testcase name="sendPushPublishBundle[10: com.dotcms.publishing.PublisherAPIImplTest$TestAsset@687cab5e]" classname="com.dotcms.publishing.PublisherAPIImplTest" time="0.056"/>
  <testcase name="generateBundle[0: com.dotcms.publishing.PublisherAPIImplTest$TestAsset@7f179968]" classname="com.dotcms.publishing.PublisherAPIImplTest" time="0.105"/>
  <testcase name="generateBundle[1: com.dotcms.publishing.PublisherAPIImplTest$TestAsset@5e7ddbea]" classname="com.dotcms.publishing.PublisherAPIImplTest" time="0.156"/>
  <testcase name="generateBundle[2: com.dotcms.publishing.PublisherAPIImplTest$TestAsset@1cbdcc9d]" classname="com.dotcms.publishing.PublisherAPIImplTest" time="0.108"/>
  <testcase name="generateBundle[3: com.dotcms.publishing.PublisherAPIImplTest$TestAsset@7f4bc9cd]" classname="com.dotcms.publishing.PublisherAPIImplTest" time="0.216"/>
  <testcase name="generateBundle[4: com.dotcms.publishing.PublisherAPIImplTest$TestAsset@3cd4d395]" classname="com.dotcms.publishing.PublisherAPIImplTest" time="0.174"/>
  <testcase name="generateBundle[5: com.dotcms.publishing.PublisherAPIImplTest$TestAsset@cc6ed6e]" classname="com.dotcms.publishing.PublisherAPIImplTest" time="0.085"/>
  <testcase name="generateBundle[6: com.dotcms.publishing.PublisherAPIImplTest$TestAsset@7eed114f]" classname="com.dotcms.publishing.PublisherAPIImplTest" time="0.077"/>
  <testcase name="generateBundle[7: com.dotcms.publishing.PublisherAPIImplTest$TestAsset@5f49aafe]" classname="com.dotcms.publishing.PublisherAPIImplTest" time="0.056"/>
  <testcase name="generateBundle[8: com.dotcms.publishing.PublisherAPIImplTest$TestAsset@451b92f9]" classname="com.dotcms.publishing.PublisherAPIImplTest" time="0.056"/>
  <testcase name="generateBundle[9: com.dotcms.publishing.PublisherAPIImplTest$TestAsset@7e8daaa9]" classname="com.dotcms.publishing.PublisherAPIImplTest" time="0.111"/>
  <testcase name="generateBundle[10: com.dotcms.publishing.PublisherAPIImplTest$TestAsset@687cab5e]" classname="com.dotcms.publishing.PublisherAPIImplTest" time="0.027"/>
  <system-out><![CDATA[









































































































































































]]></system-out>
  <system-err><![CDATA[]]></system-err>
</testsuite>
