<?xml version="1.0" encoding="UTF-8"?>
<testsuite name="com.dotcms.storage.StoragePersistenceAPITest" tests="18" skipped="0" failures="0" errors="0" timestamp="2023-06-30T17:25:16" hostname="fv-az452-220" time="1.508">
  <properties/>
  <testcase name="Test_Get_Provider_By_StorageType" classname="com.dotcms.storage.StoragePersistenceAPITest" time="0.003"/>
  <testcase name="Test_Replace_Entry[0: TestCase{storageType=FILE_SYSTEM, groupName='smhsb3HOjc', path='any-path', file=testFile16875760524034932536.bin}]" classname="com.dotcms.storage.StoragePersistenceAPITest" time="0.002"/>
  <testcase name="Test_Replace_Entry[1: TestCase{storageType=DB, groupName='smhsb3HOjc', path='any-path', file=testFile16875760524034932536.bin}]" classname="com.dotcms.storage.StoragePersistenceAPITest" time="0.043"/>
  <testcase name="Test_Pull_File_Different_Casing[0: TestCase{storageType=FILE_SYSTEM, groupName='smhsb3HOjc', path='any-path', file=testFile16875760524034932536.bin}]" classname="com.dotcms.storage.StoragePersistenceAPITest" time="0.001"/>
  <testcase name="Test_Pull_File_Different_Casing[1: TestCase{storageType=DB, groupName='smhsb3HOjc', path='any-path', file=testFile16875760524034932536.bin}]" classname="com.dotcms.storage.StoragePersistenceAPITest" time="0.006"/>
  <testcase name="Test_Get_Default_Provider" classname="com.dotcms.storage.StoragePersistenceAPITest" time="0.0"/>
  <testcase name="Test_Attempt_Push_Same_Binary_Twice[0: TestCase{storageType=FILE_SYSTEM, groupName='ENqsZQw9NZ', path='imageFilePath', file=test_image2.png}]" classname="com.dotcms.storage.StoragePersistenceAPITest" time="0.002"/>
  <testcase name="Test_Attempt_Push_Same_Binary_Twice[1: TestCase{storageType=DB, groupName='ENqsZQw9NZ', path='imageFilePath', file=test_image2.png}]" classname="com.dotcms.storage.StoragePersistenceAPITest" time="0.011"/>
  <testcase name="Test_Delete_Object_Version[0: TestCase{storageType=FILE_SYSTEM, groupName='zOU1LpuyfO', path='fixed-large-file-path', file=testFile14335070392992446423.bin}]" classname="com.dotcms.storage.StoragePersistenceAPITest" time="0.043"/>
  <testcase name="Test_Delete_Object_Version[1: TestCase{storageType=DB, groupName='zOU1LpuyfO', path='fixed-large-file-path', file=testFile14335070392992446423.bin}]" classname="com.dotcms.storage.StoragePersistenceAPITest" time="1.065"/>
  <testcase name="Test_Storage_Push_File_Then_Recover_Then_Remove_Group[0: TestCase{storageType=FILE_SYSTEM, groupName='fixed-group-name', path='textFilePath', file=test.txt}]" classname="com.dotcms.storage.StoragePersistenceAPITest" time="0.004"/>
  <testcase name="Test_Storage_Push_File_Then_Recover_Then_Remove_Group[1: TestCase{storageType=FILE_SYSTEM, groupName='fixed-group-name', path='imageFilePath', file=test_image1.jpg}]" classname="com.dotcms.storage.StoragePersistenceAPITest" time="0.002"/>
  <testcase name="Test_Storage_Push_File_Then_Recover_Then_Remove_Group[2: TestCase{storageType=DB, groupName='fixed-group-name', path='textFilePath', file=test.txt}]" classname="com.dotcms.storage.StoragePersistenceAPITest" time="0.01"/>
  <testcase name="Test_Storage_Push_File_Then_Recover_Then_Remove_Group[3: TestCase{storageType=DB, groupName='fixed-group-name', path='imageFilePath', file=test_image1.jpg}]" classname="com.dotcms.storage.StoragePersistenceAPITest" time="0.109"/>
  <testcase name="Test_Attempt_Create_Dupe_Group[0: TestCase{storageType=FILE_SYSTEM, groupName='3QGPvJGpzx', path='null', file=n/a}]" classname="com.dotcms.storage.StoragePersistenceAPITest" time="0.001"/>
  <testcase name="Test_Attempt_Create_Dupe_Group[1: TestCase{storageType=DB, groupName='3QGPvJGpzx', path='null', file=n/a}]" classname="com.dotcms.storage.StoragePersistenceAPITest" time="0.003"/>
  <testcase name="Test_Push_Large_File[0: TestCase{storageType=FILE_SYSTEM, groupName='zOU1LpuyfO', path='fixed-large-file-path', file=testFile14335070392992446423.bin}]" classname="com.dotcms.storage.StoragePersistenceAPITest" time="0.039"/>
  <testcase name="Test_Push_Large_File[1: TestCase{storageType=DB, groupName='zOU1LpuyfO', path='fixed-large-file-path', file=testFile14335070392992446423.bin}]" classname="com.dotcms.storage.StoragePersistenceAPITest" time="0.162"/>
  <system-out><![CDATA[]]></system-out>
  <system-err><![CDATA[]]></system-err>
</testsuite>
