<?xml version="1.0" encoding="UTF-8"?>
<testsuite name="com.dotmarketing.business.cache.provider.guava.CachePerformanceTest" tests="1" skipped="1" failures="0" errors="0" timestamp="2023-07-19T18:15:08" hostname="fv-az189-825" time="0.001">
  <properties/>
  <testcase name="testInit" classname="com.dotmarketing.business.cache.provider.guava.CachePerformanceTest" time="0.001">
    <skipped/>
  </testcase>
  <system-out><![CDATA[]]></system-out>
  <system-err><![CDATA[]]></system-err>
</testsuite>
