<?xml version="1.0" encoding="UTF-8"?>
<testsuite name="com.dotcms.storage.StoragePersistenceAPITest" tests="18" skipped="0" failures="0" errors="0" timestamp="2023-06-23T18:30:08" hostname="fv-az646-389" time="1.633">
  <properties/>
  <testcase name="Test_Get_Provider_By_StorageType" classname="com.dotcms.storage.StoragePersistenceAPITest" time="0.004"/>
  <testcase name="Test_Replace_Entry[0: TestCase{storageType=FILE_SYSTEM, groupName='rTKOfqZV8S', path='any-path', file=testFile18287848747010541804.bin}]" classname="com.dotcms.storage.StoragePersistenceAPITest" time="0.002"/>
  <testcase name="Test_Replace_Entry[1: TestCase{storageType=DB, groupName='rTKOfqZV8S', path='any-path', file=testFile18287848747010541804.bin}]" classname="com.dotcms.storage.StoragePersistenceAPITest" time="0.063"/>
  <testcase name="Test_Pull_File_Different_Casing[0: TestCase{storageType=FILE_SYSTEM, groupName='rTKOfqZV8S', path='any-path', file=testFile18287848747010541804.bin}]" classname="com.dotcms.storage.StoragePersistenceAPITest" time="0.001"/>
  <testcase name="Test_Pull_File_Different_Casing[1: TestCase{storageType=DB, groupName='rTKOfqZV8S', path='any-path', file=testFile18287848747010541804.bin}]" classname="com.dotcms.storage.StoragePersistenceAPITest" time="0.008"/>
  <testcase name="Test_Get_Default_Provider" classname="com.dotcms.storage.StoragePersistenceAPITest" time="0.001"/>
  <testcase name="Test_Attempt_Push_Same_Binary_Twice[0: TestCase{storageType=FILE_SYSTEM, groupName='NxSNPe2MCY', path='imageFilePath', file=test_image2.png}]" classname="com.dotcms.storage.StoragePersistenceAPITest" time="0.001"/>
  <testcase name="Test_Attempt_Push_Same_Binary_Twice[1: TestCase{storageType=DB, groupName='NxSNPe2MCY', path='imageFilePath', file=test_image2.png}]" classname="com.dotcms.storage.StoragePersistenceAPITest" time="0.011"/>
  <testcase name="Test_Delete_Object_Version[0: TestCase{storageType=FILE_SYSTEM, groupName='8EBqT8TVcG', path='fixed-large-file-path', file=testFile2716982972270210386.bin}]" classname="com.dotcms.storage.StoragePersistenceAPITest" time="0.053"/>
  <testcase name="Test_Delete_Object_Version[1: TestCase{storageType=DB, groupName='8EBqT8TVcG', path='fixed-large-file-path', file=testFile2716982972270210386.bin}]" classname="com.dotcms.storage.StoragePersistenceAPITest" time="1.191"/>
  <testcase name="Test_Storage_Push_File_Then_Recover_Then_Remove_Group[0: TestCase{storageType=FILE_SYSTEM, groupName='fixed-group-name', path='textFilePath', file=test.txt}]" classname="com.dotcms.storage.StoragePersistenceAPITest" time="0.006"/>
  <testcase name="Test_Storage_Push_File_Then_Recover_Then_Remove_Group[1: TestCase{storageType=FILE_SYSTEM, groupName='fixed-group-name', path='imageFilePath', file=test_image1.jpg}]" classname="com.dotcms.storage.StoragePersistenceAPITest" time="0.002"/>
  <testcase name="Test_Storage_Push_File_Then_Recover_Then_Remove_Group[2: TestCase{storageType=DB, groupName='fixed-group-name', path='textFilePath', file=test.txt}]" classname="com.dotcms.storage.StoragePersistenceAPITest" time="0.013"/>
  <testcase name="Test_Storage_Push_File_Then_Recover_Then_Remove_Group[3: TestCase{storageType=DB, groupName='fixed-group-name', path='imageFilePath', file=test_image1.jpg}]" classname="com.dotcms.storage.StoragePersistenceAPITest" time="0.116"/>
  <testcase name="Test_Attempt_Create_Dupe_Group[0: TestCase{storageType=FILE_SYSTEM, groupName='4aN64fztHw', path='null', file=n/a}]" classname="com.dotcms.storage.StoragePersistenceAPITest" time="0.0"/>
  <testcase name="Test_Attempt_Create_Dupe_Group[1: TestCase{storageType=DB, groupName='4aN64fztHw', path='null', file=n/a}]" classname="com.dotcms.storage.StoragePersistenceAPITest" time="0.003"/>
  <testcase name="Test_Push_Large_File[0: TestCase{storageType=FILE_SYSTEM, groupName='8EBqT8TVcG', path='fixed-large-file-path', file=testFile2716982972270210386.bin}]" classname="com.dotcms.storage.StoragePersistenceAPITest" time="0.037"/>
  <testcase name="Test_Push_Large_File[1: TestCase{storageType=DB, groupName='8EBqT8TVcG', path='fixed-large-file-path', file=testFile2716982972270210386.bin}]" classname="com.dotcms.storage.StoragePersistenceAPITest" time="0.113"/>
  <system-out><![CDATA[]]></system-out>
  <system-err><![CDATA[]]></system-err>
</testsuite>
