<?xml version="1.0" encoding="UTF-8"?>
<testsuite name="com.dotcms.rest.elasticsearch.ESContentResourcePortletTest" tests="8" skipped="0" failures="0" errors="0" timestamp="2023-06-30T23:23:23" hostname="fv-az449-126" time="8.723">
  <properties/>
  <testcase name="test_search_includeGrandChildCategory_success" classname="com.dotcms.rest.elasticsearch.ESContentResourcePortletTest" time="1.347"/>
  <testcase name="testSearch[0: com.dotcms.rest.elasticsearch.ESContentResourcePortletTest$TestCase@35dd6882]" classname="com.dotcms.rest.elasticsearch.ESContentResourcePortletTest" time="0.911"/>
  <testcase name="testSearch[1: com.dotcms.rest.elasticsearch.ESContentResourcePortletTest$TestCase@3021fc32]" classname="com.dotcms.rest.elasticsearch.ESContentResourcePortletTest" time="1.231"/>
  <testcase name="testSearch[2: com.dotcms.rest.elasticsearch.ESContentResourcePortletTest$TestCase@46aa904a]" classname="com.dotcms.rest.elasticsearch.ESContentResourcePortletTest" time="0.905"/>
  <testcase name="testSearch[3: com.dotcms.rest.elasticsearch.ESContentResourcePortletTest$TestCase@6f6582a1]" classname="com.dotcms.rest.elasticsearch.ESContentResourcePortletTest" time="1.251"/>
  <testcase name="testSearch[4: com.dotcms.rest.elasticsearch.ESContentResourcePortletTest$TestCase@31226eb7]" classname="com.dotcms.rest.elasticsearch.ESContentResourcePortletTest" time="1.243"/>
  <testcase name="testSearch[5: com.dotcms.rest.elasticsearch.ESContentResourcePortletTest$TestCase@e5dd4cd]" classname="com.dotcms.rest.elasticsearch.ESContentResourcePortletTest" time="0.928"/>
  <testcase name="testSearch[6: com.dotcms.rest.elasticsearch.ESContentResourcePortletTest$TestCase@1ce73d8c]" classname="com.dotcms.rest.elasticsearch.ESContentResourcePortletTest" time="0.907"/>
  <system-out><![CDATA[]]></system-out>
  <system-err><![CDATA[]]></system-err>
</testsuite>
