<?xml version="1.0" encoding="UTF-8"?>
<testsuite name="com.dotcms.csspreproc.CSSCacheTest" tests="2" skipped="0" failures="0" errors="0" timestamp="2023-06-30T18:47:13" hostname="fv-az210-575" time="5.175">
  <properties/>
  <testcase name="test_checkinContentlet_shouldRemoveCache" classname="com.dotcms.csspreproc.CSSCacheTest" time="2.27"/>
  <testcase name="test_unpublishContentlet_shouldRemoveCache" classname="com.dotcms.csspreproc.CSSCacheTest" time="2.905"/>
  <system-out><![CDATA[]]></system-out>
  <system-err><![CDATA[]]></system-err>
</testsuite>
