<?xml version="1.0" encoding="UTF-8"?>
<testsuite name="com.dotcms.publishing.PublisherFilterImplTest" tests="4" skipped="0" failures="0" errors="0" timestamp="2023-07-10T22:17:35" hostname="fv-az812-782" time="0.004">
  <properties/>
  <testcase name="Test_doesExcludeClassesContainsType" classname="com.dotcms.publishing.PublisherFilterImplTest" time="0.002"/>
  <testcase name="Test_doesExcludeDependencyClassesContainsType" classname="com.dotcms.publishing.PublisherFilterImplTest" time="0.001"/>
  <testcase name="Test_doesExcludeDependencyQueryContainsContentletId" classname="com.dotcms.publishing.PublisherFilterImplTest" time="0.0"/>
  <testcase name="Test_doesExcludeQueryContainContentletId" classname="com.dotcms.publishing.PublisherFilterImplTest" time="0.0"/>
  <system-out><![CDATA[]]></system-out>
  <system-err><![CDATA[]]></system-err>
</testsuite>
