<?xml version="1.0" encoding="UTF-8"?>
<testsuite name="com.dotmarketing.startup.runonce.Task05030UpdateSystemContentTypesHostTest" tests="1" skipped="0" failures="0" errors="0" timestamp="2023-07-20T20:38:50" hostname="fv-az1232-188" time="0.479">
  <properties/>
  <testcase name="testExecuteUpgrade" classname="com.dotmarketing.startup.runonce.Task05030UpdateSystemContentTypesHostTest" time="0.479"/>
  <system-out><![CDATA[]]></system-out>
  <system-err><![CDATA[]]></system-err>
</testsuite>
