<?xml version="1.0" encoding="UTF-8"?>
<testsuite name="com.dotcms.rendering.velocity.viewtools.content.BinaryMapTest" tests="12" skipped="0" failures="0" errors="0" timestamp="2023-07-04T02:58:25" hostname="fv-az951-870" time="22.095">
  <properties/>
  <testcase name="test_getShortyUrlInode" classname="com.dotcms.rendering.velocity.viewtools.content.BinaryMapTest" time="1.791"/>
  <testcase name="test_getFile" classname="com.dotcms.rendering.velocity.viewtools.content.BinaryMapTest" time="1.771"/>
  <testcase name="test_getName" classname="com.dotcms.rendering.velocity.viewtools.content.BinaryMapTest" time="1.902"/>
  <testcase name="test_getSize" classname="com.dotcms.rendering.velocity.viewtools.content.BinaryMapTest" time="1.84"/>
  <testcase name="testGetShortyUrl" classname="com.dotcms.rendering.velocity.viewtools.content.BinaryMapTest" time="1.802"/>
  <testcase name="test_getThumbnailUri" classname="com.dotcms.rendering.velocity.viewtools.content.BinaryMapTest" time="1.803"/>
  <testcase name="test_getHeight" classname="com.dotcms.rendering.velocity.viewtools.content.BinaryMapTest" time="1.775"/>
  <testcase name="test_getWidth" classname="com.dotcms.rendering.velocity.viewtools.content.BinaryMapTest" time="1.836"/>
  <testcase name="test_getShorty" classname="com.dotcms.rendering.velocity.viewtools.content.BinaryMapTest" time="1.959"/>
  <testcase name="test_getResizeUri" classname="com.dotcms.rendering.velocity.viewtools.content.BinaryMapTest" time="1.812"/>
  <testcase name="test_GetShortyURLWithoutLanguage" classname="com.dotcms.rendering.velocity.viewtools.content.BinaryMapTest" time="1.966"/>
  <testcase name="testGetRawUri" classname="com.dotcms.rendering.velocity.viewtools.content.BinaryMapTest" time="1.837"/>
  <system-out><![CDATA[]]></system-out>
  <system-err><![CDATA[]]></system-err>
</testsuite>
