<?xml version="1.0" encoding="UTF-8"?>
<testsuite name="com.dotmarketing.business.DeterministicIdentifierAPITest" tests="16" skipped="0" failures="0" errors="0" timestamp="2023-07-13T22:13:17" hostname="fv-az717-983" time="1.508">
  <properties/>
  <testcase name="Test_Category_Path_Seed_And_Id" classname="com.dotmarketing.business.DeterministicIdentifierAPITest" time="0.024"/>
  <testcase name="Test_Language_Deterministic_Id[0: LanguageTestCase{expectedSeed='Language:es:US', expectedHash=4913155, langCode='es', countryCode='US', country='United States'}]" classname="com.dotmarketing.business.DeterministicIdentifierAPITest" time="0.001"/>
  <testcase name="Test_Language_Deterministic_Id[1: LanguageTestCase{expectedSeed='Language:ep:', expectedHash=5292269, langCode='ep', countryCode='', country=''}]" classname="com.dotmarketing.business.DeterministicIdentifierAPITest" time="0.001"/>
  <testcase name="Test_Language_Deterministic_Id[2: LanguageTestCase{expectedSeed='Language:sg:SAG', expectedHash=4713118, langCode='sg', countryCode='SAG', country=''}]" classname="com.dotmarketing.business.DeterministicIdentifierAPITest" time="0.001"/>
  <testcase name="Test_Language_Deterministic_Id[3: LanguageTestCase{expectedSeed='Language:en:NZ', expectedHash=5382528, langCode='en', countryCode='NZ', country='New Zealand'}]" classname="com.dotmarketing.business.DeterministicIdentifierAPITest" time="0.001"/>
  <testcase name="Test_Category_None_Persisted_Category_Should_Return_Deterministic_Id" classname="com.dotmarketing.business.DeterministicIdentifierAPITest" time="0.001"/>
  <testcase name="Test_Asset_Generate_Deterministic_Id_Best_Effort[0: TestCase{versionable=my.host1689286014880.com, parent=System Host, expectedName='my.host1689286014880.com', expectedType='Host'}]" classname="com.dotmarketing.business.DeterministicIdentifierAPITest" time="0.02"/>
  <testcase name="Test_Asset_Generate_Deterministic_Id_Best_Effort[1: TestCase{versionable=com.dotmarketing.portlets.contentlet.model.Contentlet@2a4a8861[map={modDate=2023-07-13 22:06:55.676, fileName=file17795732051937874169.txt, title=file17795732051937874169.txt, inode=f38f3c93-b718-4696-8dac-8ddc4580f4ce, __IS_NEW_CONTENT__=true, disabledWYSIWYG=[], host=1993d0d3-df16-4094-87c5-270c91811fc2, stInode=33888b6f-7a8e-4069-b1b6-5c1aa9d0a48d, owner=system, identifier=c9412c8e-df52-49c1-80e3-0dbcd1cb63e7, nullProperties=[wfExpireDate, wfPublishDate, wfActionAssign, wfActionId, wfActionComments, filterKey, whereToSend, wfNeverExpire, _path_to_move, timezoneId, iWantTo, wfPublishTime, wfExpireTime], languageId=1, fileAsset=/home/runner/work/core/custom/assets/f/3/f38f3c93-b718-4696-8dac-8ddc4580f4ce/fileAsset/file17795732051937874169.txt, folder=52d3bb5d-73e7-4abf-b1e7-7a0d2815d9c7, __disable_workflow__=true, sortOrder=0, modUser=system},lowIndexPriority=false,variantId=DEFAULT], parent=com.dotmarketing.portlets.folders.model.Folder@4707020[identifier=52d3bb5d-73e7-4abf-b1e7-7a0d2815d9c7,name=testName1689286015667,sortOrder=0,showOnMenu=false,hostId=1993d0d3-df16-4094-87c5-270c91811fc2,type=folder,title=testTitle1689286015667,filesMasks=,defaultFileType=33888b6f-7a8e-4069-b1b6-5c1aa9d0a48d,modDate=2023-07-13 22:06:55.67,owner=&lt;null&gt;,iDate=2023-07-13 22:06:55.671,inode=52d3bb5d-73e7-4abf-b1e7-7a0d2815d9c7,path=/testName1689286015667/], expectedName='file17795732051937874169.txt', expectedType='FileAsset'}]" classname="com.dotmarketing.business.DeterministicIdentifierAPITest" time="0.002"/>
  <testcase name="Test_Asset_Generate_Deterministic_Id_Best_Effort[2: TestCase{versionable=com.dotmarketing.portlets.templates.model.Template@149eefbf, parent=my.host1689286014880.com, expectedName='testTitle1689286015771', expectedType='Template'}]" classname="com.dotmarketing.business.DeterministicIdentifierAPITest" time="0.001"/>
  <testcase name="Test_Asset_Generate_Deterministic_Id_Best_Effort[3: TestCase{versionable=com.dotmarketing.portlets.htmlpageasset.model.HTMLPageAsset@7f53236e[map={template=ace13f06-3827-484c-b769-d0975d5bc39a, owner=system, identifier=f580bfdc-1d5a-4332-8416-f8c48c1e7e08, nullProperties=[wfExpireDate, wfPublishDate, wfActionAssign, wfActionId, wfActionComments, filterKey, whereToSend, wfNeverExpire, _path_to_move, timezoneId, iWantTo, wfPublishTime, wfExpireTime], modDate=2023-07-13 22:06:55.794, cachettl=0, _is_test_mode=true, languageId=1, title=test-page-title-1689286015789, httpsreq=, url=test-page-url-1689286015789, showOnMenu=, inode=9d68c254-8890-4ce1-9a83-5a57d8a07b7d, folder=52d3bb5d-73e7-4abf-b1e7-7a0d2815d9c7, disabledWYSIWYG=[], sortOrder=1, modUser=system, host=1993d0d3-df16-4094-87c5-270c91811fc2, stInode=c541abb1-69b3-4bc5-8430-5e09e5239cc8, friendlyName=test-page-friendly-name-1689286015789},lowIndexPriority=false,variantId=DEFAULT], parent=com.dotmarketing.portlets.folders.model.Folder@4707020[identifier=52d3bb5d-73e7-4abf-b1e7-7a0d2815d9c7,name=testName1689286015667,sortOrder=0,showOnMenu=false,hostId=1993d0d3-df16-4094-87c5-270c91811fc2,type=folder,title=testTitle1689286015667,filesMasks=,defaultFileType=33888b6f-7a8e-4069-b1b6-5c1aa9d0a48d,modDate=2023-07-13 22:06:55.67,owner=&lt;null&gt;,iDate=2023-07-13 22:06:55.671,inode=52d3bb5d-73e7-4abf-b1e7-7a0d2815d9c7,path=/testName1689286015667/], expectedName='test-page-url-1689286015789', expectedType='htmlpageasset'}]" classname="com.dotmarketing.business.DeterministicIdentifierAPITest" time="0.002"/>
  <testcase name="Test_Asset_Generate_Deterministic_Id_Best_Effort[4: TestCase{versionable=com.dotmarketing.portlets.contentlet.model.Contentlet@4df5bf47[map={fileAsset2=/home/runner/work/core/custom/assets/0/4/0441150e-3d35-447c-9898-3888a0ebf2a0/fileAsset2/test_binary1689286016648.png, modDate=2023-07-13 22:06:56.653, fileAsset1=/home/runner/work/core/custom/assets/0/4/0441150e-3d35-447c-9898-3888a0ebf2a0/fileAsset1/test_binary1689286016648.jpg, title=blah, inode=0441150e-3d35-447c-9898-3888a0ebf2a0, __IS_NEW_CONTENT__=true, disabledWYSIWYG=[], host=48190c8c-42c4-46af-8d1a-0cd5db894797, stInode=bb25901a-209e-4ca3-be09-a8f446ee6264, owner=system, identifier=cbcef667-df75-4462-b16f-9d6c2732f618, nullProperties=[], languageId=1, image1=a6d38174-af01-4d13-a597-b03817a9985a, folder=SYSTEM_FOLDER, __disable_workflow__=true, sortOrder=0, modUser=system},lowIndexPriority=false,variantId=DEFAULT], parent=demo.dotcms.com, expectedName='test_binary1689286016648.jpg:test_binary1689286016648.png', expectedType='MultipleBinaries1689286015971'}]" classname="com.dotmarketing.business.DeterministicIdentifierAPITest" time="0.003"/>
  <testcase name="Test_Asset_Generate_Deterministic_Id_Best_Effort[5: TestCase{versionable=namecf840de920 : keyTagcf840de920, parent=my.host1689286014880.com, expectedName='keyTagcf840de920', expectedType='persona'}]" classname="com.dotmarketing.business.DeterministicIdentifierAPITest" time="0.002"/>
  <testcase name="Test_Similar_Content_Type_Wont_Clash" classname="com.dotmarketing.business.DeterministicIdentifierAPITest" time="0.444"/>
  <testcase name="Test_Generate_Folder_Identifier" classname="com.dotmarketing.business.DeterministicIdentifierAPITest" time="0.991"/>
  <testcase name="Test_Generate_Content_Type_Identifier[0: ContentTypeTestCase{contentType=KeyValueContentType{name=Language Variable, id=f4d7c1b8-2c88-4071-abf1-a5328977b07d, description=Default Content Type for Language Variables, defaultType=false, fixed=true, iDate=Thu Aug 31 16:38:49 UTC 2017, system=true, versionable=true, variable=Languagevariable, modDate=Thu Jul 13 21:03:25 UTC 2023, host=SYSTEM_HOST, siteName=systemHost, icon=language, sortOrder=0, folder=SYSTEM_FOLDER, folderPath=/, markedForDeletion=true, multilingualable=false}, expectedName='Languagevariable', expectedType='KeyValue'}]" classname="com.dotmarketing.business.DeterministicIdentifierAPITest" time="0.005"/>
  <testcase name="Test_Generate_Content_Type_Identifier[1: ContentTypeTestCase{contentType=SimpleContentType{name=testName1689286017087, id=9bc700aa-1db5-4eae-8c15-d9748cf06758, description=testDescription1689286017087, defaultType=false, fixed=false, iDate=Thu Jul 13 22:06:57 UTC 2023, system=false, versionable=true, multilingualable=false, variable=testVarname1689286017087, owner=system, modDate=Thu Jul 13 22:06:58 UTC 2023, host=48190c8c-42c4-46af-8d1a-0cd5db894797, siteName=demo.dotcms.com, icon=event_note, sortOrder=0, folder=SYSTEM_FOLDER, folderPath=/, requiredFields=[], markedForDeletion=false}, expectedName='testVarname1689286017087', expectedType='CONTENT'}]" classname="com.dotmarketing.business.DeterministicIdentifierAPITest" time="0.005"/>
  <system-out><![CDATA[]]></system-out>
  <system-err><![CDATA[]]></system-err>
</testsuite>
