<?xml version="1.0" encoding="UTF-8"?>
<testsuite name="com.dotcms.rest.api.v1.vtl.VTLResourceIntegrationTest" tests="6" skipped="0" failures="0" errors="0" timestamp="2023-07-11T21:40:03" hostname="fv-az552-460" time="11.059">
  <properties/>
  <testcase name="testGet[0: com.dotcms.rest.api.v1.vtl.VTLResourceTestCase@17e8f8c2]" classname="com.dotcms.rest.api.v1.vtl.VTLResourceIntegrationTest" time="2.146"/>
  <testcase name="testGet[1: com.dotcms.rest.api.v1.vtl.VTLResourceTestCase@78feac6a]" classname="com.dotcms.rest.api.v1.vtl.VTLResourceIntegrationTest" time="1.927"/>
  <testcase name="testGet[2: com.dotcms.rest.api.v1.vtl.VTLResourceTestCase@c1817c9]" classname="com.dotcms.rest.api.v1.vtl.VTLResourceIntegrationTest" time="1.989"/>
  <testcase name="testGet[3: com.dotcms.rest.api.v1.vtl.VTLResourceTestCase@3ea51ef4]" classname="com.dotcms.rest.api.v1.vtl.VTLResourceIntegrationTest" time="1.124"/>
  <testcase name="testGet[4: com.dotcms.rest.api.v1.vtl.VTLResourceTestCase@6edbdf0a]" classname="com.dotcms.rest.api.v1.vtl.VTLResourceIntegrationTest" time="1.925"/>
  <testcase name="testGet[5: com.dotcms.rest.api.v1.vtl.VTLResourceTestCase@63cbb347]" classname="com.dotcms.rest.api.v1.vtl.VTLResourceIntegrationTest" time="1.947"/>
  <system-out><![CDATA[]]></system-out>
  <system-err><![CDATA[]]></system-err>
</testsuite>
