<?xml version="1.0" encoding="UTF-8"?>
<testsuite name="com.dotcms.rest.api.v1.template.TemplateResourceTest" tests="32" skipped="0" failures="0" errors="0" timestamp="2023-06-30T20:33:11" hostname="fv-az1025-316" time="58.627">
  <properties/>
  <testcase name="test_deleteTemplate_pageStillReferencingTemplate_failedToDelete" classname="com.dotcms.rest.api.v1.template.TemplateResourceTest" time="2.086"/>
  <testcase name="test_deleteTemplates_OneTemplateIdDoesNotExist_OneTemplateIdExists" classname="com.dotcms.rest.api.v1.template.TemplateResourceTest" time="1.762"/>
  <testcase name="test_archiveTemplate_templateIsWorking_success" classname="com.dotcms.rest.api.v1.template.TemplateResourceTest" time="1.303"/>
  <testcase name="test_publishTemplate_LimitedUserWithoutPublishPermissions_failedToPublish" classname="com.dotcms.rest.api.v1.template.TemplateResourceTest" time="1.752"/>
  <testcase name="test_unarchiveTemplate_templateIsLive_failedToUnArchived" classname="com.dotcms.rest.api.v1.template.TemplateResourceTest" time="1.353"/>
  <testcase name="test_unpublishTemplate_OneTemplateIdDoesNotExist_OneTemplateIdExists" classname="com.dotcms.rest.api.v1.template.TemplateResourceTest" time="0.959"/>
  <testcase name="test_publishTemplate_success" classname="com.dotcms.rest.api.v1.template.TemplateResourceTest" time="1.011"/>
  <testcase name="test_unarchiveTemplate_LimitedUserWithoutEditPermissions_failedToUnarchive" classname="com.dotcms.rest.api.v1.template.TemplateResourceTest" time="2.476"/>
  <testcase name="test_archiveTemplate_LimitedUserWithoutEditPermissions_failedToArchived" classname="com.dotcms.rest.api.v1.template.TemplateResourceTest" time="2.306"/>
  <testcase name="test_unpublishTemplate_templateIsArchived_failedToUnpublish" classname="com.dotcms.rest.api.v1.template.TemplateResourceTest" time="2.04"/>
  <testcase name="test_deleteTemplate_templateIsArchived_success" classname="com.dotcms.rest.api.v1.template.TemplateResourceTest" time="1.992"/>
  <testcase name="test_unpublishTemplate_success" classname="com.dotcms.rest.api.v1.template.TemplateResourceTest" time="1.3"/>
  <testcase name="test_unpublishTemplate_LimitedUserWithoutEditPermissions_failedToPublish" classname="com.dotcms.rest.api.v1.template.TemplateResourceTest" time="1.733"/>
  <testcase name="test_listTemplate_filterByHost_usingCurrentHost" classname="com.dotcms.rest.api.v1.template.TemplateResourceTest" time="2.351"/>
  <testcase name="test_unpublishTemplate_templateIsAlreadyUnpublished_success" classname="com.dotcms.rest.api.v1.template.TemplateResourceTest" time="1.726"/>
  <testcase name="test_unarchiveTemplate_templateIsWorking_failedToUnarchive" classname="com.dotcms.rest.api.v1.template.TemplateResourceTest" time="1.268"/>
  <testcase name="test_copyTemplate_success" classname="com.dotcms.rest.api.v1.template.TemplateResourceTest" time="1.054"/>
  <testcase name="test_copyTemplate_IdDoesNotBelongToAnyTemplate_failedToCopy" classname="com.dotcms.rest.api.v1.template.TemplateResourceTest" time="0.709"/>
  <testcase name="test_listTemplate_filterByHost" classname="com.dotcms.rest.api.v1.template.TemplateResourceTest" time="2.413"/>
  <testcase name="test_archiveTemplate_templateIsAlreadyArchived_success" classname="com.dotcms.rest.api.v1.template.TemplateResourceTest" time="1.697"/>
  <testcase name="test_archiveTemplates_OneTemplateIdDoesNotExist_OneTemplateIdExists" classname="com.dotcms.rest.api.v1.template.TemplateResourceTest" time="1.298"/>
  <testcase name="test_listTemplate_limitedUserNoREADPermissionsOverOneTemplate" classname="com.dotcms.rest.api.v1.template.TemplateResourceTest" time="3.234"/>
  <testcase name="test_deleteTemplate_LimitedUserWithoutEditPermissions_failedToDelete" classname="com.dotcms.rest.api.v1.template.TemplateResourceTest" time="3.264"/>
  <testcase name="test_publishTemplate_OneTemplateIdDoesNotExist_OneTemplateIdExists" classname="com.dotcms.rest.api.v1.template.TemplateResourceTest" time="1.62"/>
  <testcase name="test_unarchiveTemplates_OneTemplateIdDoesNotExist_OneTemplateIdExists" classname="com.dotcms.rest.api.v1.template.TemplateResourceTest" time="1.699"/>
  <testcase name="test_publishTemplate_templateIsAlreadyPublished_success" classname="com.dotcms.rest.api.v1.template.TemplateResourceTest" time="2.008"/>
  <testcase name="test_copyTemplate_LimitedUserWithoutReadPermissions_failedToCopy" classname="com.dotcms.rest.api.v1.template.TemplateResourceTest" time="2.084"/>
  <testcase name="legacyUUIDTemplate" classname="com.dotcms.rest.api.v1.template.TemplateResourceTest" time="4.016"/>
  <testcase name="test_archiveTemplate_templateIsLive_failedToArchive" classname="com.dotcms.rest.api.v1.template.TemplateResourceTest" time="1.378"/>
  <testcase name="test_publishTemplate_templateIsArchived_failedToPublish" classname="com.dotcms.rest.api.v1.template.TemplateResourceTest" time="1.712"/>
  <testcase name="test_deleteTemplate_templateIsLive_failedToDelete" classname="com.dotcms.rest.api.v1.template.TemplateResourceTest" time="1.29"/>
  <testcase name="test_unarchiveTemplate_templateIsArchived_success" classname="com.dotcms.rest.api.v1.template.TemplateResourceTest" time="1.732"/>
  <system-out><![CDATA[
]]></system-out>
  <system-err><![CDATA[]]></system-err>
</testsuite>
