<?xml version="1.0" encoding="UTF-8"?>
<testsuite name="com.dotcms.translate.GoogleTranslationServiceIntegrationTest" tests="3" skipped="0" failures="0" errors="0" timestamp="2023-07-07T16:32:00" hostname="fv-az795-156" time="6.2">
  <properties/>
  <testcase name="test_setServiceParameters_SecretExistAtHost_returnAPIKey" classname="com.dotcms.translate.GoogleTranslationServiceIntegrationTest" time="2.166"/>
  <testcase name="test_setServiceParameters_APIKeySetPropertyFile_returnAPIKey" classname="com.dotcms.translate.GoogleTranslationServiceIntegrationTest" time="1.982"/>
  <testcase name="test_setServiceParameters_SecretExistAtSystemHost_returnAPIKey" classname="com.dotcms.translate.GoogleTranslationServiceIntegrationTest" time="2.052"/>
  <system-out><![CDATA[]]></system-out>
  <system-err><![CDATA[]]></system-err>
</testsuite>
