<?xml version="1.0" encoding="UTF-8"?>
<testsuite name="com.dotmarketing.servlets.ajax.AjaxDirectorServletIntegrationTest" tests="2" skipped="0" failures="0" errors="0" timestamp="2023-07-20T23:20:22" hostname="fv-az550-580" time="0.719">
  <properties/>
  <testcase name="testService[0: com.dotmarketing.servlets.ajax.AjaxDirectorServletTestCase@79bfaa0c]" classname="com.dotmarketing.servlets.ajax.AjaxDirectorServletIntegrationTest" time="0.415"/>
  <testcase name="testService[1: com.dotmarketing.servlets.ajax.AjaxDirectorServletTestCase@389bb168]" classname="com.dotmarketing.servlets.ajax.AjaxDirectorServletIntegrationTest" time="0.304"/>
  <system-out><![CDATA[]]></system-out>
  <system-err><![CDATA[]]></system-err>
</testsuite>
