<?xml version="1.0" encoding="UTF-8"?>
<testsuite name="com.dotmarketing.util.ConfigTest" tests="15" skipped="1" failures="0" errors="0" timestamp="2023-07-18T06:50:31" hostname="fv-az1235-995" time="0.059">
  <properties/>
  <testcase name="testing_string_with_comma" classname="com.dotmarketing.util.ConfigTest" time="0.02"/>
  <testcase name="testing_default_returns" classname="com.dotmarketing.util.ConfigTest" time="0.008"/>
  <testcase name="test_get_integer_from_env" classname="com.dotmarketing.util.ConfigTest" time="0.0"/>
  <testcase name="test_isKeyEnvBased" classname="com.dotmarketing.util.ConfigTest" time="0.001"/>
  <testcase name="testing_notfound_float_returns" classname="com.dotmarketing.util.ConfigTest" time="0.001"/>
  <testcase name="testing_notfound_booean_returns" classname="com.dotmarketing.util.ConfigTest" time="0.001"/>
  <testcase name="test_get_float_from_env" classname="com.dotmarketing.util.ConfigTest" time="0.001"/>
  <testcase name="test_get_string_array_from_env" classname="com.dotmarketing.util.ConfigTest" time="0.0"/>
  <testcase name="Test_Add_Env_Prop_Then_Test_Read_Value" classname="com.dotmarketing.util.ConfigTest" time="0.024"/>
  <testcase name="test_get_string_from_env" classname="com.dotmarketing.util.ConfigTest" time="0.0"/>
  <testcase name="testing_notfound_string_returns" classname="com.dotmarketing.util.ConfigTest" time="0.001"/>
  <testcase name="testing_null_returns" classname="com.dotmarketing.util.ConfigTest" time="0.0"/>
  <testcase name="Test_Env_Prop_Overrides_Regular_Prop" classname="com.dotmarketing.util.ConfigTest" time="0.0">
    <skipped/>
  </testcase>
  <testcase name="Test_Multiple_Calls_To_AddProperty_On_The_Same_Key" classname="com.dotmarketing.util.ConfigTest" time="0.001"/>
  <testcase name="testing_notfound_int_returns" classname="com.dotmarketing.util.ConfigTest" time="0.001"/>
  <system-out><![CDATA[]]></system-out>
  <system-err><![CDATA[]]></system-err>
</testsuite>
