<?xml version="1.0" encoding="UTF-8"?>
<testsuite name="com.dotcms.saml.SamlConfigurationServiceTest" tests="1" skipped="0" failures="0" errors="0" timestamp="2023-06-28T15:26:14" hostname="fv-az452-705" time="0.002">
  <properties/>
  <testcase name="test_getConfigAsString" classname="com.dotcms.saml.SamlConfigurationServiceTest" time="0.002"/>
  <system-out><![CDATA[]]></system-out>
  <system-err><![CDATA[]]></system-err>
</testsuite>
