<?xml version="1.0" encoding="UTF-8"?>
<testsuite name="com.dotmarketing.startup.StartupTasksExecutorTest" tests="3" skipped="0" failures="0" errors="0" timestamp="2023-07-14T20:52:36" hostname="fv-az1244-305" time="0.014">
  <properties/>
  <testcase name="testGetTaskId[0: com.dotmarketing.startup.StartupTasksExecutorTest$TestCase@6a2cf6f0]" classname="com.dotmarketing.startup.StartupTasksExecutorTest" time="0.012"/>
  <testcase name="testGetTaskId[1: com.dotmarketing.startup.StartupTasksExecutorTest$TestCase@35ca6643]" classname="com.dotmarketing.startup.StartupTasksExecutorTest" time="0.0"/>
  <testcase name="testGetTaskId[2: com.dotmarketing.startup.StartupTasksExecutorTest$TestCase@37935037]" classname="com.dotmarketing.startup.StartupTasksExecutorTest" time="0.0"/>
  <system-out><![CDATA[]]></system-out>
  <system-err><![CDATA[]]></system-err>
</testsuite>
