<?xml version="1.0" encoding="UTF-8"?>
<testsuite name="com.dotmarketing.startup.runonce.Task210802UpdateStructureTableTest" tests="1" skipped="0" failures="0" errors="0" timestamp="2023-07-11T07:19:40" hostname="fv-az1234-201" time="0.02">
  <properties/>
  <testcase name="testExecuteUpgrade" classname="com.dotmarketing.startup.runonce.Task210802UpdateStructureTableTest" time="0.02"/>
  <system-out><![CDATA[]]></system-out>
  <system-err><![CDATA[]]></system-err>
</testsuite>
