<?xml version="1.0" encoding="UTF-8"?>
<testsuite name="com.dotcms.rest.api.v1.theme.ThemeResourceIntegrationTest" tests="12" skipped="0" failures="0" errors="0" timestamp="2023-06-29T19:28:18" hostname="fv-az417-420" time="26.087">
  <properties/>
  <testcase name="test_FindThemById_Success" classname="com.dotcms.rest.api.v1.theme.ThemeResourceIntegrationTest" time="2.361"/>
  <testcase name="test_FindThemes_WhenHostIdIsSent_ReturnsItsThemes" classname="com.dotcms.rest.api.v1.theme.ThemeResourceIntegrationTest" time="2.027"/>
  <testcase name="test_FindThemes_WhenHostIdIsSentAndPerPageEqualsOne_ReturnsOneTheme" classname="com.dotcms.rest.api.v1.theme.ThemeResourceIntegrationTest" time="3.077"/>
  <testcase name="test_FindThemes_WhenInvalidHostId_ReturnsDoesNotExistException" classname="com.dotcms.rest.api.v1.theme.ThemeResourceIntegrationTest" time="0.724"/>
  <testcase name="test_FindThemById_IdNotExists_returnDoesNotExistException" classname="com.dotcms.rest.api.v1.theme.ThemeResourceIntegrationTest" time="0.71"/>
  <testcase name="test_FindThemeByIdWithArchivedThemePNG_MustNotReturnThemeThumbnail" classname="com.dotcms.rest.api.v1.theme.ThemeResourceIntegrationTest" time="2.868"/>
  <testcase name="test_FindThemeByIdWithPublishedThemePNG_ReturnsThemeThumbnail" classname="com.dotcms.rest.api.v1.theme.ThemeResourceIntegrationTest" time="3.237"/>
  <testcase name="test_FindThemeByIdWithUnpublishedThemePNG_MustNotReturnThemeThumbnail" classname="com.dotcms.rest.api.v1.theme.ThemeResourceIntegrationTest" time="2.773"/>
  <testcase name="test_FindThemes_WhenHostIdAndSearchParamsAreSent_ReturnsItsThemes" classname="com.dotcms.rest.api.v1.theme.ThemeResourceIntegrationTest" time="4.572"/>
  <testcase name="test_FindThemes_WhenHostIdIsSystemTheme_ReturnsSystemTheme" classname="com.dotcms.rest.api.v1.theme.ThemeResourceIntegrationTest" time="0.717"/>
  <testcase name="test_FindThemes_LimitedUserWithoutPermissions_PaginationException" classname="com.dotcms.rest.api.v1.theme.ThemeResourceIntegrationTest" time="2.316"/>
  <testcase name="test_FindThemes_WhenHostIdIsNotSent_ReturnsBadRequest" classname="com.dotcms.rest.api.v1.theme.ThemeResourceIntegrationTest" time="0.705"/>
  <system-out><![CDATA[]]></system-out>
  <system-err><![CDATA[]]></system-err>
</testsuite>
