<?xml version="1.0" encoding="UTF-8"?>
<testsuite name="com.dotmarketing.business.DeterministicIdentifierAPITest" tests="16" skipped="0" failures="0" errors="0" timestamp="2023-07-20T20:58:34" hostname="fv-az174-151" time="1.54">
  <properties/>
  <testcase name="Test_Category_Path_Seed_And_Id" classname="com.dotmarketing.business.DeterministicIdentifierAPITest" time="0.024"/>
  <testcase name="Test_Language_Deterministic_Id[0: LanguageTestCase{expectedSeed='Language:es:US', expectedHash=4913155, langCode='es', countryCode='US', country='United States'}]" classname="com.dotmarketing.business.DeterministicIdentifierAPITest" time="0.002"/>
  <testcase name="Test_Language_Deterministic_Id[1: LanguageTestCase{expectedSeed='Language:ep:', expectedHash=5292269, langCode='ep', countryCode='', country=''}]" classname="com.dotmarketing.business.DeterministicIdentifierAPITest" time="0.001"/>
  <testcase name="Test_Language_Deterministic_Id[2: LanguageTestCase{expectedSeed='Language:sg:SAG', expectedHash=4713118, langCode='sg', countryCode='SAG', country=''}]" classname="com.dotmarketing.business.DeterministicIdentifierAPITest" time="0.0"/>
  <testcase name="Test_Language_Deterministic_Id[3: LanguageTestCase{expectedSeed='Language:en:NZ', expectedHash=5382528, langCode='en', countryCode='NZ', country='New Zealand'}]" classname="com.dotmarketing.business.DeterministicIdentifierAPITest" time="0.0"/>
  <testcase name="Test_Category_None_Persisted_Category_Should_Return_Deterministic_Id" classname="com.dotmarketing.business.DeterministicIdentifierAPITest" time="0.002"/>
  <testcase name="Test_Asset_Generate_Deterministic_Id_Best_Effort[0: TestCase{versionable=my.host1689886326041.com, parent=System Host, expectedName='my.host1689886326041.com', expectedType='Host'}]" classname="com.dotmarketing.business.DeterministicIdentifierAPITest" time="0.003"/>
  <testcase name="Test_Asset_Generate_Deterministic_Id_Best_Effort[1: TestCase{versionable=com.dotmarketing.portlets.contentlet.model.Contentlet@14fc6cd5[map={modDate=2023-07-20 20:52:06.8, fileName=file9147764141015502406.txt, title=file9147764141015502406.txt, inode=33f59841-2def-43a6-a523-34886d07bdcf, __IS_NEW_CONTENT__=true, disabledWYSIWYG=[], host=4e68d870-9bc8-4fa1-b820-b496af09c545, stInode=33888b6f-7a8e-4069-b1b6-5c1aa9d0a48d, owner=system, identifier=f821f291-2f1c-46d4-86fe-1801172602a3, nullProperties=[wfExpireDate, wfPublishDate, wfActionAssign, wfActionId, wfActionComments, filterKey, whereToSend, wfNeverExpire, _path_to_move, timezoneId, iWantTo, wfPublishTime, wfExpireTime], languageId=1, fileAsset=/home/runner/work/core/custom/assets/3/3/33f59841-2def-43a6-a523-34886d07bdcf/fileAsset/file9147764141015502406.txt, folder=b24ec413-beb5-4883-9e73-da0629d3b953, __disable_workflow__=true, sortOrder=0, modUser=system},lowIndexPriority=false,variantId=DEFAULT], parent=com.dotmarketing.portlets.folders.model.Folder@30db39d6[identifier=b24ec413-beb5-4883-9e73-da0629d3b953,name=testName1689886326794,sortOrder=0,showOnMenu=false,hostId=4e68d870-9bc8-4fa1-b820-b496af09c545,type=folder,title=testTitle1689886326794,filesMasks=,defaultFileType=33888b6f-7a8e-4069-b1b6-5c1aa9d0a48d,modDate=2023-07-20 20:52:06.797,owner=&lt;null&gt;,iDate=2023-07-20 20:52:06.797,inode=b24ec413-beb5-4883-9e73-da0629d3b953,path=/testName1689886326794/], expectedName='file9147764141015502406.txt', expectedType='FileAsset'}]" classname="com.dotmarketing.business.DeterministicIdentifierAPITest" time="0.003"/>
  <testcase name="Test_Asset_Generate_Deterministic_Id_Best_Effort[2: TestCase{versionable=com.dotmarketing.portlets.templates.model.Template@986d6e1f, parent=my.host1689886326041.com, expectedName='testTitle1689886326903', expectedType='Template'}]" classname="com.dotmarketing.business.DeterministicIdentifierAPITest" time="0.002"/>
  <testcase name="Test_Asset_Generate_Deterministic_Id_Best_Effort[3: TestCase{versionable=com.dotmarketing.portlets.htmlpageasset.model.HTMLPageAsset@6431665d[map={template=d5c5d09b-204d-4a17-a57b-44bdb2f13cd9, owner=system, identifier=9473d453-e806-418d-a9d7-a04be6210b2a, nullProperties=[wfExpireDate, wfPublishDate, wfActionAssign, wfActionId, wfActionComments, filterKey, whereToSend, wfNeverExpire, _path_to_move, timezoneId, iWantTo, wfPublishTime, wfExpireTime], modDate=2023-07-20 20:52:06.919, cachettl=0, _is_test_mode=true, languageId=1, title=test-page-title-1689886326914, httpsreq=, url=test-page-url-1689886326914, showOnMenu=, inode=b7689df3-f088-4af1-9bc9-cdc460b47b81, folder=b24ec413-beb5-4883-9e73-da0629d3b953, disabledWYSIWYG=[], sortOrder=1, modUser=system, host=4e68d870-9bc8-4fa1-b820-b496af09c545, stInode=c541abb1-69b3-4bc5-8430-5e09e5239cc8, friendlyName=test-page-friendly-name-1689886326914},lowIndexPriority=false,variantId=DEFAULT], parent=com.dotmarketing.portlets.folders.model.Folder@30db39d6[identifier=b24ec413-beb5-4883-9e73-da0629d3b953,name=testName1689886326794,sortOrder=0,showOnMenu=false,hostId=4e68d870-9bc8-4fa1-b820-b496af09c545,type=folder,title=testTitle1689886326794,filesMasks=,defaultFileType=33888b6f-7a8e-4069-b1b6-5c1aa9d0a48d,modDate=2023-07-20 20:52:06.797,owner=&lt;null&gt;,iDate=2023-07-20 20:52:06.797,inode=b24ec413-beb5-4883-9e73-da0629d3b953,path=/testName1689886326794/], expectedName='test-page-url-1689886326914', expectedType='htmlpageasset'}]" classname="com.dotmarketing.business.DeterministicIdentifierAPITest" time="0.003"/>
  <testcase name="Test_Asset_Generate_Deterministic_Id_Best_Effort[4: TestCase{versionable=com.dotmarketing.portlets.contentlet.model.Contentlet@5f95c4c1[map={fileAsset2=/home/runner/work/core/custom/assets/5/8/58196152-181f-4384-b6ed-0aff782eeb79/fileAsset2/test_binary1689886327774.png, modDate=2023-07-20 20:52:07.778, fileAsset1=/home/runner/work/core/custom/assets/5/8/58196152-181f-4384-b6ed-0aff782eeb79/fileAsset1/test_binary1689886327774.jpg, title=blah, inode=58196152-181f-4384-b6ed-0aff782eeb79, __IS_NEW_CONTENT__=true, disabledWYSIWYG=[], host=48190c8c-42c4-46af-8d1a-0cd5db894797, stInode=0d7d4961-3162-41c2-b9fb-942f365a5234, owner=system, identifier=c0f98af8-ea1d-4dfa-becb-c26cc73b272a, nullProperties=[], languageId=1, image1=4b450ac4-378f-4fb9-a6c4-72244b7121e3, folder=SYSTEM_FOLDER, __disable_workflow__=true, sortOrder=0, modUser=system},lowIndexPriority=false,variantId=DEFAULT], parent=demo.dotcms.com, expectedName='test_binary1689886327774.jpg:test_binary1689886327774.png', expectedType='MultipleBinaries1689886327094'}]" classname="com.dotmarketing.business.DeterministicIdentifierAPITest" time="0.004"/>
  <testcase name="Test_Asset_Generate_Deterministic_Id_Best_Effort[5: TestCase{versionable=namee754c39a73 : keyTage754c39a73, parent=my.host1689886326041.com, expectedName='keyTage754c39a73', expectedType='persona'}]" classname="com.dotmarketing.business.DeterministicIdentifierAPITest" time="0.002"/>
  <testcase name="Test_Similar_Content_Type_Wont_Clash" classname="com.dotmarketing.business.DeterministicIdentifierAPITest" time="0.465"/>
  <testcase name="Test_Generate_Folder_Identifier" classname="com.dotmarketing.business.DeterministicIdentifierAPITest" time="1.016"/>
  <testcase name="Test_Generate_Content_Type_Identifier[0: ContentTypeTestCase{contentType=KeyValueContentType{name=Language Variable, id=f4d7c1b8-2c88-4071-abf1-a5328977b07d, description=Default Content Type for Language Variables, defaultType=false, fixed=true, iDate=Thu Aug 31 16:38:49 UTC 2017, system=true, versionable=true, variable=Languagevariable, modDate=Thu Jul 20 19:46:55 UTC 2023, host=SYSTEM_HOST, siteName=systemHost, icon=language, sortOrder=0, folder=SYSTEM_FOLDER, folderPath=/, markedForDeletion=true, multilingualable=false}, expectedName='Languagevariable', expectedType='KeyValue'}]" classname="com.dotmarketing.business.DeterministicIdentifierAPITest" time="0.005"/>
  <testcase name="Test_Generate_Content_Type_Identifier[1: ContentTypeTestCase{contentType=SimpleContentType{name=testName1689886328177, id=f894d133-f833-445d-96e7-d39953be1f7e, description=testDescription1689886328177, defaultType=false, fixed=false, iDate=Thu Jul 20 20:52:08 UTC 2023, system=false, versionable=true, multilingualable=false, variable=testVarname1689886328177, owner=system, modDate=Thu Jul 20 20:52:09 UTC 2023, host=48190c8c-42c4-46af-8d1a-0cd5db894797, siteName=demo.dotcms.com, icon=event_note, sortOrder=0, folder=SYSTEM_FOLDER, folderPath=/, requiredFields=[], markedForDeletion=false}, expectedName='testVarname1689886328177', expectedType='CONTENT'}]" classname="com.dotmarketing.business.DeterministicIdentifierAPITest" time="0.005"/>
  <system-out><![CDATA[]]></system-out>
  <system-err><![CDATA[]]></system-err>
</testsuite>
