<?xml version="1.0" encoding="UTF-8"?>
<testsuite name="com.dotcms.rest.api.v1.vtl.VTLResourceIntegrationTest" tests="6" skipped="0" failures="0" errors="0" timestamp="2023-06-30T22:38:17" hostname="fv-az262-663" time="10.964">
  <properties/>
  <testcase name="testGet[0: com.dotcms.rest.api.v1.vtl.VTLResourceTestCase@2feb188f]" classname="com.dotcms.rest.api.v1.vtl.VTLResourceIntegrationTest" time="2.061"/>
  <testcase name="testGet[1: com.dotcms.rest.api.v1.vtl.VTLResourceTestCase@1b4fa9b5]" classname="com.dotcms.rest.api.v1.vtl.VTLResourceIntegrationTest" time="1.987"/>
  <testcase name="testGet[2: com.dotcms.rest.api.v1.vtl.VTLResourceTestCase@5efc4906]" classname="com.dotcms.rest.api.v1.vtl.VTLResourceIntegrationTest" time="1.958"/>
  <testcase name="testGet[3: com.dotcms.rest.api.v1.vtl.VTLResourceTestCase@7e3b9c1a]" classname="com.dotcms.rest.api.v1.vtl.VTLResourceIntegrationTest" time="0.937"/>
  <testcase name="testGet[4: com.dotcms.rest.api.v1.vtl.VTLResourceTestCase@9e3cc32]" classname="com.dotcms.rest.api.v1.vtl.VTLResourceIntegrationTest" time="2.149"/>
  <testcase name="testGet[5: com.dotcms.rest.api.v1.vtl.VTLResourceTestCase@6f87ceba]" classname="com.dotcms.rest.api.v1.vtl.VTLResourceIntegrationTest" time="1.871"/>
  <system-out><![CDATA[]]></system-out>
  <system-err><![CDATA[]]></system-err>
</testsuite>
