<?xml version="1.0" encoding="UTF-8"?>
<testsuite name="com.dotcms.contenttype.test.ContentResourceTest" tests="52" skipped="0" failures="0" errors="0" timestamp="2023-07-11T14:41:09" hostname="fv-az399-769" time="146.774">
  <properties/>
  <testcase name="testGetContentShouldReturnIconDetails" classname="com.dotcms.contenttype.test.ContentResourceTest" time="1.651"/>
  <testcase name="Test_Save_Action_Set_Words_To_Required_NumericField_Issue_15340" classname="com.dotcms.contenttype.test.ContentResourceTest" time="0.973"/>
  <testcase name="test_getContent_includeGrandChildCategory_success" classname="com.dotcms.contenttype.test.ContentResourceTest" time="1.419"/>
  <testcase name="testGetContentWithRelatedParameter[0: com.dotcms.contenttype.test.ContentResourceTest$PullRelatedTestCase@70cbd32]" classname="com.dotcms.contenttype.test.ContentResourceTest" time="4.14"/>
  <testcase name="testGetContentWithRelatedParameter[1: com.dotcms.contenttype.test.ContentResourceTest$PullRelatedTestCase@210a4f58]" classname="com.dotcms.contenttype.test.ContentResourceTest" time="3.824"/>
  <testcase name="testGetContentWithRelatedParameter[2: com.dotcms.contenttype.test.ContentResourceTest$PullRelatedTestCase@41e7e133]" classname="com.dotcms.contenttype.test.ContentResourceTest" time="4.031"/>
  <testcase name="testGetContentWithRelatedParameter[3: com.dotcms.contenttype.test.ContentResourceTest$PullRelatedTestCase@7a87976]" classname="com.dotcms.contenttype.test.ContentResourceTest" time="3.88"/>
  <testcase name="testGetContentWithRelatedParameter[4: com.dotcms.contenttype.test.ContentResourceTest$PullRelatedTestCase@652fb19c]" classname="com.dotcms.contenttype.test.ContentResourceTest" time="3.973"/>
  <testcase name="test_getContent_SelfRelatedWith3LevelsOfDepth_shouldReturnRelationships" classname="com.dotcms.contenttype.test.ContentResourceTest" time="1.412"/>
  <testcase name="Test_Save_Action_Send_Fields_SubSet_Issue_15340" classname="com.dotcms.contenttype.test.ContentResourceTest" time="2.999"/>
  <testcase name="test_getContent_shouldReturnRelationships[0: com.dotcms.contenttype.test.ContentResourceTest$TestCase@16ac42ee]" classname="com.dotcms.contenttype.test.ContentResourceTest" time="3.06"/>
  <testcase name="test_getContent_shouldReturnRelationships[1: com.dotcms.contenttype.test.ContentResourceTest$TestCase@68bcc771]" classname="com.dotcms.contenttype.test.ContentResourceTest" time="3.067"/>
  <testcase name="test_getContent_shouldReturnRelationships[2: com.dotcms.contenttype.test.ContentResourceTest$TestCase@2c9b60d9]" classname="com.dotcms.contenttype.test.ContentResourceTest" time="3.058"/>
  <testcase name="test_getContent_shouldReturnRelationships[3: com.dotcms.contenttype.test.ContentResourceTest$TestCase@34209787]" classname="com.dotcms.contenttype.test.ContentResourceTest" time="3.234"/>
  <testcase name="test_getContent_shouldReturnRelationships[4: com.dotcms.contenttype.test.ContentResourceTest$TestCase@406f18df]" classname="com.dotcms.contenttype.test.ContentResourceTest" time="3.083"/>
  <testcase name="test_getContent_shouldReturnRelationships[5: com.dotcms.contenttype.test.ContentResourceTest$TestCase@4e66c8ec]" classname="com.dotcms.contenttype.test.ContentResourceTest" time="2.927"/>
  <testcase name="test_getContent_shouldReturnRelationships[6: com.dotcms.contenttype.test.ContentResourceTest$TestCase@390cf451]" classname="com.dotcms.contenttype.test.ContentResourceTest" time="2.104"/>
  <testcase name="test_getContent_shouldReturnRelationships[7: com.dotcms.contenttype.test.ContentResourceTest$TestCase@9a0d058]" classname="com.dotcms.contenttype.test.ContentResourceTest" time="2.917"/>
  <testcase name="test_getContent_shouldReturnRelationships[8: com.dotcms.contenttype.test.ContentResourceTest$TestCase@31b18853]" classname="com.dotcms.contenttype.test.ContentResourceTest" time="3.1"/>
  <testcase name="test_getContent_shouldReturnRelationships[9: com.dotcms.contenttype.test.ContentResourceTest$TestCase@49e80721]" classname="com.dotcms.contenttype.test.ContentResourceTest" time="2.25"/>
  <testcase name="test_getContent_shouldReturnRelationships[10: com.dotcms.contenttype.test.ContentResourceTest$TestCase@1798dc31]" classname="com.dotcms.contenttype.test.ContentResourceTest" time="2.044"/>
  <testcase name="test_getContent_shouldReturnRelationships[11: com.dotcms.contenttype.test.ContentResourceTest$TestCase@1835fc8a]" classname="com.dotcms.contenttype.test.ContentResourceTest" time="2.911"/>
  <testcase name="test_getContent_shouldReturnRelationships[12: com.dotcms.contenttype.test.ContentResourceTest$TestCase@257b1ccf]" classname="com.dotcms.contenttype.test.ContentResourceTest" time="2.886"/>
  <testcase name="test_getContent_shouldReturnRelationships[13: com.dotcms.contenttype.test.ContentResourceTest$TestCase@2ca3d64e]" classname="com.dotcms.contenttype.test.ContentResourceTest" time="1.873"/>
  <testcase name="test_getContent_shouldReturnRelationships[14: com.dotcms.contenttype.test.ContentResourceTest$TestCase@7d8beebf]" classname="com.dotcms.contenttype.test.ContentResourceTest" time="2.883"/>
  <testcase name="test_getContent_shouldReturnRelationships[15: com.dotcms.contenttype.test.ContentResourceTest$TestCase@4aed8c28]" classname="com.dotcms.contenttype.test.ContentResourceTest" time="4.197"/>
  <testcase name="test_getContent_shouldReturnRelationships[16: com.dotcms.contenttype.test.ContentResourceTest$TestCase@370d7cde]" classname="com.dotcms.contenttype.test.ContentResourceTest" time="3.83"/>
  <testcase name="test_getContent_shouldReturnRelationships[17: com.dotcms.contenttype.test.ContentResourceTest$TestCase@5aecdd7]" classname="com.dotcms.contenttype.test.ContentResourceTest" time="3.147"/>
  <testcase name="test_getContent_shouldReturnRelationships[18: com.dotcms.contenttype.test.ContentResourceTest$TestCase@27f235cb]" classname="com.dotcms.contenttype.test.ContentResourceTest" time="3.171"/>
  <testcase name="test_getContent_shouldReturnRelationships[19: com.dotcms.contenttype.test.ContentResourceTest$TestCase@15871d1]" classname="com.dotcms.contenttype.test.ContentResourceTest" time="3.197"/>
  <testcase name="test_getContent_shouldReturnRelationships[20: com.dotcms.contenttype.test.ContentResourceTest$TestCase@5def16a8]" classname="com.dotcms.contenttype.test.ContentResourceTest" time="2.33"/>
  <testcase name="test_getContent_shouldReturnRelationships[21: com.dotcms.contenttype.test.ContentResourceTest$TestCase@2edca8b7]" classname="com.dotcms.contenttype.test.ContentResourceTest" time="2.149"/>
  <testcase name="test_getContent_shouldReturnRelationships[22: com.dotcms.contenttype.test.ContentResourceTest$TestCase@18368cca]" classname="com.dotcms.contenttype.test.ContentResourceTest" time="3.092"/>
  <testcase name="test_getContent_shouldReturnRelationships[23: com.dotcms.contenttype.test.ContentResourceTest$TestCase@5a22a0e4]" classname="com.dotcms.contenttype.test.ContentResourceTest" time="3.141"/>
  <testcase name="test_getContent_shouldReturnRelationships[24: com.dotcms.contenttype.test.ContentResourceTest$TestCase@7f5db75e]" classname="com.dotcms.contenttype.test.ContentResourceTest" time="3.246"/>
  <testcase name="test_getContent_shouldReturnRelationships[25: com.dotcms.contenttype.test.ContentResourceTest$TestCase@348f2112]" classname="com.dotcms.contenttype.test.ContentResourceTest" time="3.462"/>
  <testcase name="test_getContent_shouldReturnRelationships[26: com.dotcms.contenttype.test.ContentResourceTest$TestCase@1873bb95]" classname="com.dotcms.contenttype.test.ContentResourceTest" time="3.685"/>
  <testcase name="test_getContent_shouldReturnRelationships[27: com.dotcms.contenttype.test.ContentResourceTest$TestCase@57991dff]" classname="com.dotcms.contenttype.test.ContentResourceTest" time="2.423"/>
  <testcase name="test_getContent_shouldReturnRelationships[28: com.dotcms.contenttype.test.ContentResourceTest$TestCase@456ca715]" classname="com.dotcms.contenttype.test.ContentResourceTest" time="3.122"/>
  <testcase name="test_getContent_shouldReturnRelationships[29: com.dotcms.contenttype.test.ContentResourceTest$TestCase@826891b]" classname="com.dotcms.contenttype.test.ContentResourceTest" time="2.984"/>
  <testcase name="test_getContent_shouldReturnRelationships[30: com.dotcms.contenttype.test.ContentResourceTest$TestCase@d0c3499]" classname="com.dotcms.contenttype.test.ContentResourceTest" time="3.046"/>
  <testcase name="test_getContent_shouldReturnRelationships[31: com.dotcms.contenttype.test.ContentResourceTest$TestCase@1265b622]" classname="com.dotcms.contenttype.test.ContentResourceTest" time="3.126"/>
  <testcase name="test_getContent_shouldReturnRelationships[32: com.dotcms.contenttype.test.ContentResourceTest$TestCase@3291ff74]" classname="com.dotcms.contenttype.test.ContentResourceTest" time="4.155"/>
  <testcase name="test_getContent_shouldReturnRelationships[33: com.dotcms.contenttype.test.ContentResourceTest$TestCase@ec3c66c]" classname="com.dotcms.contenttype.test.ContentResourceTest" time="4.085"/>
  <testcase name="testSinglePOST_InvalidParamsShouldReturn400[0: ({\n    &quot;stInode&quot; : &quot;InvalidValue&quot;,\n    &quot;numeric&quot; : &quot;0&quot;,\n    &quot;image&quot; : &quot;whatever&quot;\n}, Bad Request)]" classname="com.dotcms.contenttype.test.ContentResourceTest" time="0.95"/>
  <testcase name="testSinglePOST_InvalidParamsShouldReturn400[1: ({\n    &quot;numeric&quot; : &quot;0&quot;,\n    &quot;image&quot; : &quot;whatever&quot;\n}, Bad Request)]" classname="com.dotcms.contenttype.test.ContentResourceTest" time="0.926"/>
  <testcase name="Test_Save_Action_Set_Null_To_Required_NumericField_Issue_15340" classname="com.dotcms.contenttype.test.ContentResourceTest" time="0.965"/>
  <testcase name="Test_Save_Action_Remove_Image_Then_Verify_Fields_Were_Cleared_Issue_15340" classname="com.dotcms.contenttype.test.ContentResourceTest" time="4.03"/>
  <testcase name="test_getContentWithMultipleSelfRelated_shouldReturnRelationships[0: com.dotcms.contenttype.test.ContentResourceTest$PullSelfRelatedTestCase@5decfd05]" classname="com.dotcms.contenttype.test.ContentResourceTest" time="1.765"/>
  <testcase name="test_getContentWithMultipleSelfRelated_shouldReturnRelationships[1: com.dotcms.contenttype.test.ContentResourceTest$PullSelfRelatedTestCase@603bc393]" classname="com.dotcms.contenttype.test.ContentResourceTest" time="1.753"/>
  <testcase name="testGetContentWithAllCategoriesInfo[0: json]" classname="com.dotcms.contenttype.test.ContentResourceTest" time="2.516"/>
  <testcase name="testGetContentWithAllCategoriesInfo[1: xml]" classname="com.dotcms.contenttype.test.ContentResourceTest" time="2.576"/>
  <system-out><![CDATA[











]]></system-out>
  <system-err><![CDATA[]]></system-err>
</testsuite>
