<?xml version="1.0" encoding="UTF-8"?>
<testsuite name="com.dotmarketing.business.DeterministicIdentifierAPITest" tests="16" skipped="0" failures="0" errors="0" timestamp="2023-07-19T07:21:19" hostname="fv-az1231-779" time="1.589">
  <properties/>
  <testcase name="Test_Category_Path_Seed_And_Id" classname="com.dotmarketing.business.DeterministicIdentifierAPITest" time="0.023"/>
  <testcase name="Test_Language_Deterministic_Id[0: LanguageTestCase{expectedSeed='Language:es:US', expectedHash=4913155, langCode='es', countryCode='US', country='United States'}]" classname="com.dotmarketing.business.DeterministicIdentifierAPITest" time="0.001"/>
  <testcase name="Test_Language_Deterministic_Id[1: LanguageTestCase{expectedSeed='Language:ep:', expectedHash=5292269, langCode='ep', countryCode='', country=''}]" classname="com.dotmarketing.business.DeterministicIdentifierAPITest" time="0.001"/>
  <testcase name="Test_Language_Deterministic_Id[2: LanguageTestCase{expectedSeed='Language:sg:SAG', expectedHash=4713118, langCode='sg', countryCode='SAG', country=''}]" classname="com.dotmarketing.business.DeterministicIdentifierAPITest" time="0.001"/>
  <testcase name="Test_Language_Deterministic_Id[3: LanguageTestCase{expectedSeed='Language:en:NZ', expectedHash=5382528, langCode='en', countryCode='NZ', country='New Zealand'}]" classname="com.dotmarketing.business.DeterministicIdentifierAPITest" time="0.001"/>
  <testcase name="Test_Category_None_Persisted_Category_Should_Return_Deterministic_Id" classname="com.dotmarketing.business.DeterministicIdentifierAPITest" time="0.001"/>
  <testcase name="Test_Asset_Generate_Deterministic_Id_Best_Effort[0: TestCase{versionable=my.host1689750898650.com, parent=System Host, expectedName='my.host1689750898650.com', expectedType='Host'}]" classname="com.dotmarketing.business.DeterministicIdentifierAPITest" time="0.003"/>
  <testcase name="Test_Asset_Generate_Deterministic_Id_Best_Effort[1: TestCase{versionable=com.dotmarketing.portlets.contentlet.model.Contentlet@6f4c6fd3[map={modDate=2023-07-19 07:14:59.346, fileName=file9154875068303649437.txt, title=file9154875068303649437.txt, inode=cb389e78-9c0c-4029-ab9e-e84c2a394698, __IS_NEW_CONTENT__=true, disabledWYSIWYG=[], host=78f62f99-6480-4af7-9705-978fb5c83fb0, stInode=33888b6f-7a8e-4069-b1b6-5c1aa9d0a48d, owner=system, identifier=2ca9ef37-b8ed-4823-92ff-f55623ec098c, nullProperties=[wfExpireDate, wfPublishDate, wfActionAssign, wfActionId, wfActionComments, filterKey, whereToSend, wfNeverExpire, _path_to_move, timezoneId, iWantTo, wfPublishTime, wfExpireTime], languageId=1, fileAsset=/home/runner/work/core/custom/assets/c/b/cb389e78-9c0c-4029-ab9e-e84c2a394698/fileAsset/file9154875068303649437.txt, folder=0b8ff13e-be00-4362-80ca-6177cd981944, __disable_workflow__=true, sortOrder=0, modUser=system},lowIndexPriority=false,variantId=DEFAULT], parent=com.dotmarketing.portlets.folders.model.Folder@9dd87ee[identifier=0b8ff13e-be00-4362-80ca-6177cd981944,name=testName1689750899339,sortOrder=0,showOnMenu=false,hostId=78f62f99-6480-4af7-9705-978fb5c83fb0,type=folder,title=testTitle1689750899339,filesMasks=,defaultFileType=33888b6f-7a8e-4069-b1b6-5c1aa9d0a48d,modDate=2023-07-19 07:14:59.342,owner=&lt;null&gt;,iDate=2023-07-19 07:14:59.342,inode=0b8ff13e-be00-4362-80ca-6177cd981944,path=/testName1689750899339/], expectedName='file9154875068303649437.txt', expectedType='FileAsset'}]" classname="com.dotmarketing.business.DeterministicIdentifierAPITest" time="0.003"/>
  <testcase name="Test_Asset_Generate_Deterministic_Id_Best_Effort[2: TestCase{versionable=com.dotmarketing.portlets.templates.model.Template@6f580c0, parent=my.host1689750898650.com, expectedName='testTitle1689750899431', expectedType='Template'}]" classname="com.dotmarketing.business.DeterministicIdentifierAPITest" time="0.002"/>
  <testcase name="Test_Asset_Generate_Deterministic_Id_Best_Effort[3: TestCase{versionable=com.dotmarketing.portlets.htmlpageasset.model.HTMLPageAsset@5398efaf[map={template=6d1b41c1-ecf7-413a-94f8-598fd1747933, owner=system, identifier=ca1b45b8-ed6e-4478-b5ba-f25a43b261e7, nullProperties=[wfExpireDate, wfPublishDate, wfActionAssign, wfActionId, wfActionComments, filterKey, whereToSend, wfNeverExpire, _path_to_move, timezoneId, iWantTo, wfPublishTime, wfExpireTime], modDate=2023-07-19 07:14:59.447, cachettl=0, _is_test_mode=true, languageId=1, title=test-page-title-1689750899443, httpsreq=, url=test-page-url-1689750899443, showOnMenu=, inode=112045df-022a-46dc-adbc-66ed0d7df805, folder=0b8ff13e-be00-4362-80ca-6177cd981944, disabledWYSIWYG=[], sortOrder=1, modUser=system, host=78f62f99-6480-4af7-9705-978fb5c83fb0, stInode=c541abb1-69b3-4bc5-8430-5e09e5239cc8, friendlyName=test-page-friendly-name-1689750899443},lowIndexPriority=false,variantId=DEFAULT], parent=com.dotmarketing.portlets.folders.model.Folder@9dd87ee[identifier=0b8ff13e-be00-4362-80ca-6177cd981944,name=testName1689750899339,sortOrder=0,showOnMenu=false,hostId=78f62f99-6480-4af7-9705-978fb5c83fb0,type=folder,title=testTitle1689750899339,filesMasks=,defaultFileType=33888b6f-7a8e-4069-b1b6-5c1aa9d0a48d,modDate=2023-07-19 07:14:59.342,owner=&lt;null&gt;,iDate=2023-07-19 07:14:59.342,inode=0b8ff13e-be00-4362-80ca-6177cd981944,path=/testName1689750899339/], expectedName='test-page-url-1689750899443', expectedType='htmlpageasset'}]" classname="com.dotmarketing.business.DeterministicIdentifierAPITest" time="0.002"/>
  <testcase name="Test_Asset_Generate_Deterministic_Id_Best_Effort[4: TestCase{versionable=com.dotmarketing.portlets.contentlet.model.Contentlet@246aa56e[map={fileAsset2=/home/runner/work/core/custom/assets/1/3/13334486-3558-49b4-9515-3449dd3636c4/fileAsset2/test_binary1689750901281.png, modDate=2023-07-19 07:15:01.285, fileAsset1=/home/runner/work/core/custom/assets/1/3/13334486-3558-49b4-9515-3449dd3636c4/fileAsset1/test_binary1689750901281.jpg, title=blah, inode=13334486-3558-49b4-9515-3449dd3636c4, __IS_NEW_CONTENT__=true, disabledWYSIWYG=[], host=48190c8c-42c4-46af-8d1a-0cd5db894797, stInode=76b94fe9-2827-43a0-88be-d06fc821de52, owner=system, identifier=9d7a274d-ee06-4436-8cb9-36c6d26b9653, nullProperties=[], languageId=1, image1=db79f635-2bdc-489d-9aa4-d4269a01cf2b, folder=SYSTEM_FOLDER, __disable_workflow__=true, sortOrder=0, modUser=system},lowIndexPriority=false,variantId=DEFAULT], parent=demo.dotcms.com, expectedName='test_binary1689750901281.jpg:test_binary1689750901281.png', expectedType='MultipleBinaries1689750899665'}]" classname="com.dotmarketing.business.DeterministicIdentifierAPITest" time="0.002"/>
  <testcase name="Test_Asset_Generate_Deterministic_Id_Best_Effort[5: TestCase{versionable=name558609957a : keyTag558609957a, parent=my.host1689750898650.com, expectedName='keyTag558609957a', expectedType='persona'}]" classname="com.dotmarketing.business.DeterministicIdentifierAPITest" time="0.003"/>
  <testcase name="Test_Similar_Content_Type_Wont_Clash" classname="com.dotmarketing.business.DeterministicIdentifierAPITest" time="0.404"/>
  <testcase name="Test_Generate_Folder_Identifier" classname="com.dotmarketing.business.DeterministicIdentifierAPITest" time="1.132"/>
  <testcase name="Test_Generate_Content_Type_Identifier[0: ContentTypeTestCase{contentType=KeyValueContentType{name=Language Variable, id=f4d7c1b8-2c88-4071-abf1-a5328977b07d, description=Default Content Type for Language Variables, defaultType=false, fixed=true, iDate=Thu Aug 31 16:38:49 UTC 2017, system=true, versionable=true, variable=Languagevariable, modDate=Wed Jul 19 06:11:56 UTC 2023, host=SYSTEM_HOST, siteName=systemHost, icon=language, sortOrder=0, folder=SYSTEM_FOLDER, folderPath=/, markedForDeletion=true, multilingualable=false}, expectedName='Languagevariable', expectedType='KeyValue'}]" classname="com.dotmarketing.business.DeterministicIdentifierAPITest" time="0.004"/>
  <testcase name="Test_Generate_Content_Type_Identifier[1: ContentTypeTestCase{contentType=SimpleContentType{name=testName1689750901701, id=53e2ffbf-b275-48b2-a5bc-d0447328b0f9, description=testDescription1689750901701, defaultType=false, fixed=false, iDate=Wed Jul 19 07:15:01 UTC 2023, system=false, versionable=true, multilingualable=false, variable=testVarname1689750901701, owner=system, modDate=Wed Jul 19 07:15:02 UTC 2023, host=48190c8c-42c4-46af-8d1a-0cd5db894797, siteName=demo.dotcms.com, icon=event_note, sortOrder=0, folder=SYSTEM_FOLDER, folderPath=/, requiredFields=[], markedForDeletion=false}, expectedName='testVarname1689750901701', expectedType='CONTENT'}]" classname="com.dotmarketing.business.DeterministicIdentifierAPITest" time="0.004"/>
  <system-out><![CDATA[]]></system-out>
  <system-err><![CDATA[]]></system-err>
</testsuite>
