<?xml version="1.0" encoding="UTF-8"?>
<testsuite name="com.dotcms.rest.elasticsearch.ESContentResourcePortletTest" tests="8" skipped="0" failures="0" errors="0" timestamp="2023-07-21T06:24:17" hostname="fv-az456-820" time="9.835">
  <properties/>
  <testcase name="test_search_includeGrandChildCategory_success" classname="com.dotcms.rest.elasticsearch.ESContentResourcePortletTest" time="1.598"/>
  <testcase name="testSearch[0: com.dotcms.rest.elasticsearch.ESContentResourcePortletTest$TestCase@45c36015]" classname="com.dotcms.rest.elasticsearch.ESContentResourcePortletTest" time="1.057"/>
  <testcase name="testSearch[1: com.dotcms.rest.elasticsearch.ESContentResourcePortletTest$TestCase@5e9aad0a]" classname="com.dotcms.rest.elasticsearch.ESContentResourcePortletTest" time="1.328"/>
  <testcase name="testSearch[2: com.dotcms.rest.elasticsearch.ESContentResourcePortletTest$TestCase@736acb5c]" classname="com.dotcms.rest.elasticsearch.ESContentResourcePortletTest" time="1.081"/>
  <testcase name="testSearch[3: com.dotcms.rest.elasticsearch.ESContentResourcePortletTest$TestCase@2662cfa6]" classname="com.dotcms.rest.elasticsearch.ESContentResourcePortletTest" time="1.34"/>
  <testcase name="testSearch[4: com.dotcms.rest.elasticsearch.ESContentResourcePortletTest$TestCase@787fc0b7]" classname="com.dotcms.rest.elasticsearch.ESContentResourcePortletTest" time="1.32"/>
  <testcase name="testSearch[5: com.dotcms.rest.elasticsearch.ESContentResourcePortletTest$TestCase@7386d04f]" classname="com.dotcms.rest.elasticsearch.ESContentResourcePortletTest" time="1.038"/>
  <testcase name="testSearch[6: com.dotcms.rest.elasticsearch.ESContentResourcePortletTest$TestCase@5693d548]" classname="com.dotcms.rest.elasticsearch.ESContentResourcePortletTest" time="1.072"/>
  <system-out><![CDATA[]]></system-out>
  <system-err><![CDATA[]]></system-err>
</testsuite>
