<?xml version="1.0" encoding="UTF-8"?>
<testsuite name="com.dotcms.rest.elasticsearch.ESContentResourcePortletTest" tests="8" skipped="0" failures="0" errors="0" timestamp="2023-06-30T15:52:16" hostname="fv-az362-636" time="9.499">
  <properties/>
  <testcase name="test_search_includeGrandChildCategory_success" classname="com.dotcms.rest.elasticsearch.ESContentResourcePortletTest" time="1.537"/>
  <testcase name="testSearch[0: com.dotcms.rest.elasticsearch.ESContentResourcePortletTest$TestCase@219dcb31]" classname="com.dotcms.rest.elasticsearch.ESContentResourcePortletTest" time="1.018"/>
  <testcase name="testSearch[1: com.dotcms.rest.elasticsearch.ESContentResourcePortletTest$TestCase@5b477ddd]" classname="com.dotcms.rest.elasticsearch.ESContentResourcePortletTest" time="1.35"/>
  <testcase name="testSearch[2: com.dotcms.rest.elasticsearch.ESContentResourcePortletTest$TestCase@221902a8]" classname="com.dotcms.rest.elasticsearch.ESContentResourcePortletTest" time="1.023"/>
  <testcase name="testSearch[3: com.dotcms.rest.elasticsearch.ESContentResourcePortletTest$TestCase@5350341c]" classname="com.dotcms.rest.elasticsearch.ESContentResourcePortletTest" time="1.316"/>
  <testcase name="testSearch[4: com.dotcms.rest.elasticsearch.ESContentResourcePortletTest$TestCase@1c5bb904]" classname="com.dotcms.rest.elasticsearch.ESContentResourcePortletTest" time="1.259"/>
  <testcase name="testSearch[5: com.dotcms.rest.elasticsearch.ESContentResourcePortletTest$TestCase@7c1296c7]" classname="com.dotcms.rest.elasticsearch.ESContentResourcePortletTest" time="1.034"/>
  <testcase name="testSearch[6: com.dotcms.rest.elasticsearch.ESContentResourcePortletTest$TestCase@1674d7af]" classname="com.dotcms.rest.elasticsearch.ESContentResourcePortletTest" time="0.961"/>
  <system-out><![CDATA[]]></system-out>
  <system-err><![CDATA[]]></system-err>
</testsuite>
