<?xml version="1.0" encoding="UTF-8"?>
<testsuite name="com.dotcms.publishing.manifest.ManifestReaderFactoryTest" tests="1" skipped="0" failures="0" errors="0" timestamp="2023-07-03T16:53:28" hostname="fv-az349-999" time="0.118">
  <properties/>
  <testcase name="createCSVManifestReader" classname="com.dotcms.publishing.manifest.ManifestReaderFactoryTest" time="0.118"/>
  <system-out><![CDATA[
]]></system-out>
  <system-err><![CDATA[]]></system-err>
</testsuite>
