<?xml version="1.0" encoding="UTF-8"?>
<testsuite name="com.dotmarketing.startup.runonce.Task220203RemoveFolderInodeConstraintTest" tests="1" skipped="0" failures="0" errors="0" timestamp="2023-07-14T20:58:06" hostname="fv-az1244-305" time="0.059">
  <properties/>
  <testcase name="testUpgradeTask" classname="com.dotmarketing.startup.runonce.Task220203RemoveFolderInodeConstraintTest" time="0.059"/>
  <system-out><![CDATA[







]]></system-out>
  <system-err><![CDATA[]]></system-err>
</testsuite>
