<?xml version="1.0" encoding="UTF-8"?>
<testsuite name="com.dotmarketing.startup.runonce.Task210816DeInodeRelationshipTest" tests="1" skipped="0" failures="0" errors="0" timestamp="2023-07-11T00:02:35" hostname="fv-az621-762" time="0.484">
  <properties/>
  <testcase name="testExecuteUpgrade" classname="com.dotmarketing.startup.runonce.Task210816DeInodeRelationshipTest" time="0.484"/>
  <system-out><![CDATA[
]]></system-out>
  <system-err><![CDATA[]]></system-err>
</testsuite>
