<?xml version="1.0" encoding="UTF-8"?>
<testsuite name="com.dotmarketing.portlets.workflows.actionlet.SaveContentActionletTest" tests="9" skipped="0" failures="0" errors="0" timestamp="2023-07-07T15:51:42" hostname="fv-az363-219" time="2.353">
  <properties/>
  <testcase name="test_Publish_With_Save_Contentlet[0: com.dotmarketing.portlets.workflows.actionlet.SaveContentActionletTest$TestCase@3c96f3d]" classname="com.dotmarketing.portlets.workflows.actionlet.SaveContentActionletTest" time="1.132"/>
  <testcase name="test_Publish_With_Save_Contentlet[1: com.dotmarketing.portlets.workflows.actionlet.SaveContentActionletTest$TestCase@26cc3506]" classname="com.dotmarketing.portlets.workflows.actionlet.SaveContentActionletTest" time="1.137"/>
  <testcase name="test_Publish_With_Save_Contentlet[2: com.dotmarketing.portlets.workflows.actionlet.SaveContentActionletTest$TestCase@57bdeb36]" classname="com.dotmarketing.portlets.workflows.actionlet.SaveContentActionletTest" time="0.01"/>
  <testcase name="test_Publish_With_Save_Contentlet[3: com.dotmarketing.portlets.workflows.actionlet.SaveContentActionletTest$TestCase@3a729df7]" classname="com.dotmarketing.portlets.workflows.actionlet.SaveContentActionletTest" time="0.01"/>
  <testcase name="test_Publish_With_Save_Contentlet[4: com.dotmarketing.portlets.workflows.actionlet.SaveContentActionletTest$TestCase@720aad03]" classname="com.dotmarketing.portlets.workflows.actionlet.SaveContentActionletTest" time="0.01"/>
  <testcase name="test_Publish_With_Save_Contentlet[5: com.dotmarketing.portlets.workflows.actionlet.SaveContentActionletTest$TestCase@3529d241]" classname="com.dotmarketing.portlets.workflows.actionlet.SaveContentActionletTest" time="0.018"/>
  <testcase name="test_Publish_With_Save_Contentlet[6: com.dotmarketing.portlets.workflows.actionlet.SaveContentActionletTest$TestCase@d757b89]" classname="com.dotmarketing.portlets.workflows.actionlet.SaveContentActionletTest" time="0.012"/>
  <testcase name="test_Publish_With_Save_Contentlet[7: com.dotmarketing.portlets.workflows.actionlet.SaveContentActionletTest$TestCase@2346c2f5]" classname="com.dotmarketing.portlets.workflows.actionlet.SaveContentActionletTest" time="0.01"/>
  <testcase name="test_Publish_With_Save_Contentlet[8: com.dotmarketing.portlets.workflows.actionlet.SaveContentActionletTest$TestCase@483012b]" classname="com.dotmarketing.portlets.workflows.actionlet.SaveContentActionletTest" time="0.014"/>
  <system-out><![CDATA[]]></system-out>
  <system-err><![CDATA[]]></system-err>
</testsuite>
