<?xml version="1.0" encoding="UTF-8"?>
<testsuite name="com.dotcms.enterprise.publishing.remote.handler.ContentWorkflowHandlerTest" tests="1" skipped="0" failures="0" errors="0" timestamp="2023-07-19T07:23:23" hostname="fv-az1231-779" time="0.076">
  <properties/>
  <testcase name="Test_Handle_Push_Content_File_With_No_Step_On_It" classname="com.dotcms.enterprise.publishing.remote.handler.ContentWorkflowHandlerTest" time="0.076"/>
  <system-out><![CDATA[]]></system-out>
  <system-err><![CDATA[]]></system-err>
</testsuite>
