<?xml version="1.0" encoding="UTF-8"?>
<testsuite name="com.dotcms.rest.api.v1.vtl.VTLResourceIntegrationTest" tests="6" skipped="0" failures="0" errors="0" timestamp="2023-07-06T23:18:00" hostname="fv-az450-882" time="12.499">
  <properties/>
  <testcase name="testGet[0: com.dotcms.rest.api.v1.vtl.VTLResourceTestCase@7033ff12]" classname="com.dotcms.rest.api.v1.vtl.VTLResourceIntegrationTest" time="2.526"/>
  <testcase name="testGet[1: com.dotcms.rest.api.v1.vtl.VTLResourceTestCase@145afcfa]" classname="com.dotcms.rest.api.v1.vtl.VTLResourceIntegrationTest" time="1.952"/>
  <testcase name="testGet[2: com.dotcms.rest.api.v1.vtl.VTLResourceTestCase@53f813d0]" classname="com.dotcms.rest.api.v1.vtl.VTLResourceIntegrationTest" time="1.992"/>
  <testcase name="testGet[3: com.dotcms.rest.api.v1.vtl.VTLResourceTestCase@c06beb5]" classname="com.dotcms.rest.api.v1.vtl.VTLResourceIntegrationTest" time="2.079"/>
  <testcase name="testGet[4: com.dotcms.rest.api.v1.vtl.VTLResourceTestCase@63a21b48]" classname="com.dotcms.rest.api.v1.vtl.VTLResourceIntegrationTest" time="2.01"/>
  <testcase name="testGet[5: com.dotcms.rest.api.v1.vtl.VTLResourceTestCase@20dc86ea]" classname="com.dotcms.rest.api.v1.vtl.VTLResourceIntegrationTest" time="1.94"/>
  <system-out><![CDATA[]]></system-out>
  <system-err><![CDATA[]]></system-err>
</testsuite>
