<?xml version="1.0" encoding="UTF-8"?>
<testsuite name="com.dotmarketing.portlets.structure.model.ContentletRelationshipsTest" tests="7" skipped="0" failures="0" errors="0" timestamp="2023-07-20T22:29:21" hostname="fv-az803-349" time="11.5">
  <properties/>
  <testcase name="testDoesAllowOnlyOne[0: com.dotmarketing.portlets.structure.model.ContentletRelationshipsTest$CardinalityTestCase@669cf676]" classname="com.dotmarketing.portlets.structure.model.ContentletRelationshipsTest" time="0.793"/>
  <testcase name="testDoesAllowOnlyOne[1: com.dotmarketing.portlets.structure.model.ContentletRelationshipsTest$CardinalityTestCase@1c2a9be8]" classname="com.dotmarketing.portlets.structure.model.ContentletRelationshipsTest" time="0.84"/>
  <testcase name="testDoesAllowOnlyOne[2: com.dotmarketing.portlets.structure.model.ContentletRelationshipsTest$CardinalityTestCase@204a10f4]" classname="com.dotmarketing.portlets.structure.model.ContentletRelationshipsTest" time="0.792"/>
  <testcase name="testGetRelationshipRecords[0: com.dotmarketing.portlets.structure.model.ContentletRelationshipsTest$TestCase@1a52126c]" classname="com.dotmarketing.portlets.structure.model.ContentletRelationshipsTest" time="1.837"/>
  <testcase name="testGetRelationshipRecords[1: com.dotmarketing.portlets.structure.model.ContentletRelationshipsTest$TestCase@1b7c6816]" classname="com.dotmarketing.portlets.structure.model.ContentletRelationshipsTest" time="2.595"/>
  <testcase name="testGetRelationshipRecords[2: com.dotmarketing.portlets.structure.model.ContentletRelationshipsTest$TestCase@53c1554a]" classname="com.dotmarketing.portlets.structure.model.ContentletRelationshipsTest" time="2.319"/>
  <testcase name="testGetRelationshipRecords[3: com.dotmarketing.portlets.structure.model.ContentletRelationshipsTest$TestCase@23fc3276]" classname="com.dotmarketing.portlets.structure.model.ContentletRelationshipsTest" time="2.321"/>
  <system-out><![CDATA[]]></system-out>
  <system-err><![CDATA[]]></system-err>
</testsuite>
