<?xml version="1.0" encoding="UTF-8"?>
<testsuite name="com.dotcms.contenttype.test.ContentResourceTest" tests="52" skipped="0" failures="0" errors="0" timestamp="2023-07-14T18:04:10" hostname="fv-az791-444" time="157.163">
  <properties/>
  <testcase name="testGetContentShouldReturnIconDetails" classname="com.dotcms.contenttype.test.ContentResourceTest" time="1.64"/>
  <testcase name="Test_Save_Action_Set_Words_To_Required_NumericField_Issue_15340" classname="com.dotcms.contenttype.test.ContentResourceTest" time="0.893"/>
  <testcase name="test_getContent_includeGrandChildCategory_success" classname="com.dotcms.contenttype.test.ContentResourceTest" time="1.343"/>
  <testcase name="testGetContentWithRelatedParameter[0: com.dotcms.contenttype.test.ContentResourceTest$PullRelatedTestCase@57862d2f]" classname="com.dotcms.contenttype.test.ContentResourceTest" time="4.166"/>
  <testcase name="testGetContentWithRelatedParameter[1: com.dotcms.contenttype.test.ContentResourceTest$PullRelatedTestCase@51a49427]" classname="com.dotcms.contenttype.test.ContentResourceTest" time="3.88"/>
  <testcase name="testGetContentWithRelatedParameter[2: com.dotcms.contenttype.test.ContentResourceTest$PullRelatedTestCase@18df7f84]" classname="com.dotcms.contenttype.test.ContentResourceTest" time="4.189"/>
  <testcase name="testGetContentWithRelatedParameter[3: com.dotcms.contenttype.test.ContentResourceTest$PullRelatedTestCase@5701a0f]" classname="com.dotcms.contenttype.test.ContentResourceTest" time="3.852"/>
  <testcase name="testGetContentWithRelatedParameter[4: com.dotcms.contenttype.test.ContentResourceTest$PullRelatedTestCase@6379b0db]" classname="com.dotcms.contenttype.test.ContentResourceTest" time="4.103"/>
  <testcase name="test_getContent_SelfRelatedWith3LevelsOfDepth_shouldReturnRelationships" classname="com.dotcms.contenttype.test.ContentResourceTest" time="1.451"/>
  <testcase name="Test_Save_Action_Send_Fields_SubSet_Issue_15340" classname="com.dotcms.contenttype.test.ContentResourceTest" time="2.941"/>
  <testcase name="test_getContent_shouldReturnRelationships[0: com.dotcms.contenttype.test.ContentResourceTest$TestCase@1689153f]" classname="com.dotcms.contenttype.test.ContentResourceTest" time="3.006"/>
  <testcase name="test_getContent_shouldReturnRelationships[1: com.dotcms.contenttype.test.ContentResourceTest$TestCase@75497b35]" classname="com.dotcms.contenttype.test.ContentResourceTest" time="2.982"/>
  <testcase name="test_getContent_shouldReturnRelationships[2: com.dotcms.contenttype.test.ContentResourceTest$TestCase@70ecb7f1]" classname="com.dotcms.contenttype.test.ContentResourceTest" time="3.061"/>
  <testcase name="test_getContent_shouldReturnRelationships[3: com.dotcms.contenttype.test.ContentResourceTest$TestCase@5ebd2e5f]" classname="com.dotcms.contenttype.test.ContentResourceTest" time="3.214"/>
  <testcase name="test_getContent_shouldReturnRelationships[4: com.dotcms.contenttype.test.ContentResourceTest$TestCase@43f85a]" classname="com.dotcms.contenttype.test.ContentResourceTest" time="3.257"/>
  <testcase name="test_getContent_shouldReturnRelationships[5: com.dotcms.contenttype.test.ContentResourceTest$TestCase@3eedbbb4]" classname="com.dotcms.contenttype.test.ContentResourceTest" time="2.869"/>
  <testcase name="test_getContent_shouldReturnRelationships[6: com.dotcms.contenttype.test.ContentResourceTest$TestCase@2babd0a7]" classname="com.dotcms.contenttype.test.ContentResourceTest" time="3.209"/>
  <testcase name="test_getContent_shouldReturnRelationships[7: com.dotcms.contenttype.test.ContentResourceTest$TestCase@1c53cc5b]" classname="com.dotcms.contenttype.test.ContentResourceTest" time="3.255"/>
  <testcase name="test_getContent_shouldReturnRelationships[8: com.dotcms.contenttype.test.ContentResourceTest$TestCase@3cd66a3]" classname="com.dotcms.contenttype.test.ContentResourceTest" time="3.409"/>
  <testcase name="test_getContent_shouldReturnRelationships[9: com.dotcms.contenttype.test.ContentResourceTest$TestCase@50ae4d75]" classname="com.dotcms.contenttype.test.ContentResourceTest" time="3.524"/>
  <testcase name="test_getContent_shouldReturnRelationships[10: com.dotcms.contenttype.test.ContentResourceTest$TestCase@25f5812f]" classname="com.dotcms.contenttype.test.ContentResourceTest" time="3.182"/>
  <testcase name="test_getContent_shouldReturnRelationships[11: com.dotcms.contenttype.test.ContentResourceTest$TestCase@2746a0de]" classname="com.dotcms.contenttype.test.ContentResourceTest" time="2.98"/>
  <testcase name="test_getContent_shouldReturnRelationships[12: com.dotcms.contenttype.test.ContentResourceTest$TestCase@4fd632eb]" classname="com.dotcms.contenttype.test.ContentResourceTest" time="3.038"/>
  <testcase name="test_getContent_shouldReturnRelationships[13: com.dotcms.contenttype.test.ContentResourceTest$TestCase@6d310b81]" classname="com.dotcms.contenttype.test.ContentResourceTest" time="2.943"/>
  <testcase name="test_getContent_shouldReturnRelationships[14: com.dotcms.contenttype.test.ContentResourceTest$TestCase@644413f1]" classname="com.dotcms.contenttype.test.ContentResourceTest" time="2.909"/>
  <testcase name="test_getContent_shouldReturnRelationships[15: com.dotcms.contenttype.test.ContentResourceTest$TestCase@76960ff7]" classname="com.dotcms.contenttype.test.ContentResourceTest" time="4.052"/>
  <testcase name="test_getContent_shouldReturnRelationships[16: com.dotcms.contenttype.test.ContentResourceTest$TestCase@8a93aa4]" classname="com.dotcms.contenttype.test.ContentResourceTest" time="4.129"/>
  <testcase name="test_getContent_shouldReturnRelationships[17: com.dotcms.contenttype.test.ContentResourceTest$TestCase@6da14533]" classname="com.dotcms.contenttype.test.ContentResourceTest" time="3.131"/>
  <testcase name="test_getContent_shouldReturnRelationships[18: com.dotcms.contenttype.test.ContentResourceTest$TestCase@293e18ed]" classname="com.dotcms.contenttype.test.ContentResourceTest" time="3.343"/>
  <testcase name="test_getContent_shouldReturnRelationships[19: com.dotcms.contenttype.test.ContentResourceTest$TestCase@6f91538a]" classname="com.dotcms.contenttype.test.ContentResourceTest" time="3.191"/>
  <testcase name="test_getContent_shouldReturnRelationships[20: com.dotcms.contenttype.test.ContentResourceTest$TestCase@2e2c28c6]" classname="com.dotcms.contenttype.test.ContentResourceTest" time="3.528"/>
  <testcase name="test_getContent_shouldReturnRelationships[21: com.dotcms.contenttype.test.ContentResourceTest$TestCase@494378ed]" classname="com.dotcms.contenttype.test.ContentResourceTest" time="3.598"/>
  <testcase name="test_getContent_shouldReturnRelationships[22: com.dotcms.contenttype.test.ContentResourceTest$TestCase@10e3e858]" classname="com.dotcms.contenttype.test.ContentResourceTest" time="3.113"/>
  <testcase name="test_getContent_shouldReturnRelationships[23: com.dotcms.contenttype.test.ContentResourceTest$TestCase@758bf4cd]" classname="com.dotcms.contenttype.test.ContentResourceTest" time="3.357"/>
  <testcase name="test_getContent_shouldReturnRelationships[24: com.dotcms.contenttype.test.ContentResourceTest$TestCase@3aae98a2]" classname="com.dotcms.contenttype.test.ContentResourceTest" time="3.207"/>
  <testcase name="test_getContent_shouldReturnRelationships[25: com.dotcms.contenttype.test.ContentResourceTest$TestCase@68f81b0a]" classname="com.dotcms.contenttype.test.ContentResourceTest" time="2.843"/>
  <testcase name="test_getContent_shouldReturnRelationships[26: com.dotcms.contenttype.test.ContentResourceTest$TestCase@67d69f65]" classname="com.dotcms.contenttype.test.ContentResourceTest" time="3.853"/>
  <testcase name="test_getContent_shouldReturnRelationships[27: com.dotcms.contenttype.test.ContentResourceTest$TestCase@4d5132ce]" classname="com.dotcms.contenttype.test.ContentResourceTest" time="3.304"/>
  <testcase name="test_getContent_shouldReturnRelationships[28: com.dotcms.contenttype.test.ContentResourceTest$TestCase@3f4d84e]" classname="com.dotcms.contenttype.test.ContentResourceTest" time="3.232"/>
  <testcase name="test_getContent_shouldReturnRelationships[29: com.dotcms.contenttype.test.ContentResourceTest$TestCase@2b7ca371]" classname="com.dotcms.contenttype.test.ContentResourceTest" time="3.325"/>
  <testcase name="test_getContent_shouldReturnRelationships[30: com.dotcms.contenttype.test.ContentResourceTest$TestCase@78023ccc]" classname="com.dotcms.contenttype.test.ContentResourceTest" time="3.264"/>
  <testcase name="test_getContent_shouldReturnRelationships[31: com.dotcms.contenttype.test.ContentResourceTest$TestCase@3c01b640]" classname="com.dotcms.contenttype.test.ContentResourceTest" time="3.188"/>
  <testcase name="test_getContent_shouldReturnRelationships[32: com.dotcms.contenttype.test.ContentResourceTest$TestCase@19123f26]" classname="com.dotcms.contenttype.test.ContentResourceTest" time="4.294"/>
  <testcase name="test_getContent_shouldReturnRelationships[33: com.dotcms.contenttype.test.ContentResourceTest$TestCase@57bb605e]" classname="com.dotcms.contenttype.test.ContentResourceTest" time="4.427"/>
  <testcase name="testSinglePOST_InvalidParamsShouldReturn400[0: ({\n    &quot;stInode&quot; : &quot;InvalidValue&quot;,\n    &quot;numeric&quot; : &quot;0&quot;,\n    &quot;image&quot; : &quot;whatever&quot;\n}, Bad Request)]" classname="com.dotcms.contenttype.test.ContentResourceTest" time="0.907"/>
  <testcase name="testSinglePOST_InvalidParamsShouldReturn400[1: ({\n    &quot;numeric&quot; : &quot;0&quot;,\n    &quot;image&quot; : &quot;whatever&quot;\n}, Bad Request)]" classname="com.dotcms.contenttype.test.ContentResourceTest" time="0.909"/>
  <testcase name="Test_Save_Action_Set_Null_To_Required_NumericField_Issue_15340" classname="com.dotcms.contenttype.test.ContentResourceTest" time="0.926"/>
  <testcase name="Test_Save_Action_Remove_Image_Then_Verify_Fields_Were_Cleared_Issue_15340" classname="com.dotcms.contenttype.test.ContentResourceTest" time="3.999"/>
  <testcase name="test_getContentWithMultipleSelfRelated_shouldReturnRelationships[0: com.dotcms.contenttype.test.ContentResourceTest$PullSelfRelatedTestCase@f34d009]" classname="com.dotcms.contenttype.test.ContentResourceTest" time="1.819"/>
  <testcase name="test_getContentWithMultipleSelfRelated_shouldReturnRelationships[1: com.dotcms.contenttype.test.ContentResourceTest$PullSelfRelatedTestCase@7d725c6]" classname="com.dotcms.contenttype.test.ContentResourceTest" time="1.777"/>
  <testcase name="testGetContentWithAllCategoriesInfo[0: json]" classname="com.dotcms.contenttype.test.ContentResourceTest" time="2.622"/>
  <testcase name="testGetContentWithAllCategoriesInfo[1: xml]" classname="com.dotcms.contenttype.test.ContentResourceTest" time="2.525"/>
  <system-out><![CDATA[











]]></system-out>
  <system-err><![CDATA[]]></system-err>
</testsuite>
