<?xml version="1.0" encoding="UTF-8"?>
<testsuite name="com.dotmarketing.portlets.structure.model.ContentletRelationshipsTest" tests="7" skipped="0" failures="0" errors="0" timestamp="2023-06-28T22:15:51" hostname="fv-az573-741" time="8.231">
  <properties/>
  <testcase name="testDoesAllowOnlyOne[0: com.dotmarketing.portlets.structure.model.ContentletRelationshipsTest$CardinalityTestCase@3b4b38dc]" classname="com.dotmarketing.portlets.structure.model.ContentletRelationshipsTest" time="0.518"/>
  <testcase name="testDoesAllowOnlyOne[1: com.dotmarketing.portlets.structure.model.ContentletRelationshipsTest$CardinalityTestCase@f387fe3]" classname="com.dotmarketing.portlets.structure.model.ContentletRelationshipsTest" time="0.514"/>
  <testcase name="testDoesAllowOnlyOne[2: com.dotmarketing.portlets.structure.model.ContentletRelationshipsTest$CardinalityTestCase@169a0d64]" classname="com.dotmarketing.portlets.structure.model.ContentletRelationshipsTest" time="0.451"/>
  <testcase name="testGetRelationshipRecords[0: com.dotmarketing.portlets.structure.model.ContentletRelationshipsTest$TestCase@42d6da28]" classname="com.dotmarketing.portlets.structure.model.ContentletRelationshipsTest" time="2.006"/>
  <testcase name="testGetRelationshipRecords[1: com.dotmarketing.portlets.structure.model.ContentletRelationshipsTest$TestCase@20399776]" classname="com.dotmarketing.portlets.structure.model.ContentletRelationshipsTest" time="1.037"/>
  <testcase name="testGetRelationshipRecords[2: com.dotmarketing.portlets.structure.model.ContentletRelationshipsTest$TestCase@6c3223f5]" classname="com.dotmarketing.portlets.structure.model.ContentletRelationshipsTest" time="1.864"/>
  <testcase name="testGetRelationshipRecords[3: com.dotmarketing.portlets.structure.model.ContentletRelationshipsTest$TestCase@2a05f23a]" classname="com.dotmarketing.portlets.structure.model.ContentletRelationshipsTest" time="1.84"/>
  <system-out><![CDATA[]]></system-out>
  <system-err><![CDATA[]]></system-err>
</testsuite>
