<?xml version="1.0" encoding="UTF-8"?>
<testsuite name="com.dotmarketing.portlets.structure.model.ContentletRelationshipsTest" tests="7" skipped="0" failures="0" errors="0" timestamp="2023-07-13T20:42:46" hostname="fv-az305-739" time="9.04">
  <properties/>
  <testcase name="testDoesAllowOnlyOne[0: com.dotmarketing.portlets.structure.model.ContentletRelationshipsTest$CardinalityTestCase@16208b40]" classname="com.dotmarketing.portlets.structure.model.ContentletRelationshipsTest" time="0.45"/>
  <testcase name="testDoesAllowOnlyOne[1: com.dotmarketing.portlets.structure.model.ContentletRelationshipsTest$CardinalityTestCase@6fb6d956]" classname="com.dotmarketing.portlets.structure.model.ContentletRelationshipsTest" time="0.463"/>
  <testcase name="testDoesAllowOnlyOne[2: com.dotmarketing.portlets.structure.model.ContentletRelationshipsTest$CardinalityTestCase@1a182889]" classname="com.dotmarketing.portlets.structure.model.ContentletRelationshipsTest" time="0.424"/>
  <testcase name="testGetRelationshipRecords[0: com.dotmarketing.portlets.structure.model.ContentletRelationshipsTest$TestCase@76738cf4]" classname="com.dotmarketing.portlets.structure.model.ContentletRelationshipsTest" time="1.994"/>
  <testcase name="testGetRelationshipRecords[1: com.dotmarketing.portlets.structure.model.ContentletRelationshipsTest$TestCase@649b73f1]" classname="com.dotmarketing.portlets.structure.model.ContentletRelationshipsTest" time="1.979"/>
  <testcase name="testGetRelationshipRecords[2: com.dotmarketing.portlets.structure.model.ContentletRelationshipsTest$TestCase@3dbe7a5d]" classname="com.dotmarketing.portlets.structure.model.ContentletRelationshipsTest" time="1.869"/>
  <testcase name="testGetRelationshipRecords[3: com.dotmarketing.portlets.structure.model.ContentletRelationshipsTest$TestCase@66b95103]" classname="com.dotmarketing.portlets.structure.model.ContentletRelationshipsTest" time="1.859"/>
  <system-out><![CDATA[]]></system-out>
  <system-err><![CDATA[]]></system-err>
</testsuite>
