<?xml version="1.0" encoding="UTF-8"?>
<testsuite name="com.dotcms.rest.TagResourceIntegrationTest" tests="4" skipped="0" failures="0" errors="0" timestamp="2023-06-29T22:14:36" hostname="fv-az560-11" time="0.273">
  <properties/>
  <testcase name="testList[0: com.dotcms.rest.TagResourceTestCase@48e5b796]" classname="com.dotcms.rest.TagResourceIntegrationTest" time="0.214"/>
  <testcase name="testList[1: com.dotcms.rest.TagResourceTestCase@2abc1fc8]" classname="com.dotcms.rest.TagResourceIntegrationTest" time="0.022"/>
  <testcase name="testList[2: com.dotcms.rest.TagResourceTestCase@5293485e]" classname="com.dotcms.rest.TagResourceIntegrationTest" time="0.016"/>
  <testcase name="testList[3: com.dotcms.rest.TagResourceTestCase@7af19ae5]" classname="com.dotcms.rest.TagResourceIntegrationTest" time="0.019"/>
  <system-out><![CDATA[]]></system-out>
  <system-err><![CDATA[Jun 29, 2023 10:14:36 PM com.dotcms.repackage.org.hibernate.validator.internal.util.Version <clinit>
INFO: HV000001: Hibernate Validator 4.3.2.Final
]]></system-err>
</testsuite>
