<?xml version="1.0" encoding="UTF-8"?>
<testsuite name="com.dotmarketing.servlets.ajax.AjaxDirectorServletIntegrationTest" tests="2" skipped="0" failures="0" errors="0" timestamp="2023-07-13T21:51:58" hostname="fv-az717-983" time="2.238">
  <properties/>
  <testcase name="testService[0: com.dotmarketing.servlets.ajax.AjaxDirectorServletTestCase@18c4462]" classname="com.dotmarketing.servlets.ajax.AjaxDirectorServletIntegrationTest" time="1.003"/>
  <testcase name="testService[1: com.dotmarketing.servlets.ajax.AjaxDirectorServletTestCase@d394f76]" classname="com.dotmarketing.servlets.ajax.AjaxDirectorServletIntegrationTest" time="1.235"/>
  <system-out><![CDATA[]]></system-out>
  <system-err><![CDATA[]]></system-err>
</testsuite>
