<?xml version="1.0" encoding="UTF-8"?>
<testsuite name="com.dotcms.contenttype.business.RelationshipFactoryImplTest" tests="9" skipped="0" failures="0" errors="0" timestamp="2023-06-28T14:21:19" hostname="fv-az189-858" time="3.892">
  <properties/>
  <testcase name="test_dbRelatedContentByParent" classname="com.dotcms.contenttype.business.RelationshipFactoryImplTest" time="1.275"/>
  <testcase name="testByContentType" classname="com.dotcms.contenttype.business.RelationshipFactoryImplTest" time="0.083"/>
  <testcase name="test_dbRelatedContentByChild" classname="com.dotcms.contenttype.business.RelationshipFactoryImplTest" time="1.407"/>
  <testcase name="testdbAll" classname="com.dotcms.contenttype.business.RelationshipFactoryImplTest" time="0.1"/>
  <testcase name="testDeleteByContentType" classname="com.dotcms.contenttype.business.RelationshipFactoryImplTest" time="0.058"/>
  <testcase name="testGetDBRelatedParentsMultilingualContent" classname="com.dotcms.contenttype.business.RelationshipFactoryImplTest" time="0.441"/>
  <testcase name="testByTypeValueCachesRelationship" classname="com.dotcms.contenttype.business.RelationshipFactoryImplTest" time="0.063"/>
  <testcase name="testGetDBRelatedChildrenMultilingualContent" classname="com.dotcms.contenttype.business.RelationshipFactoryImplTest" time="0.458"/>
  <testcase name="testByTypeValue_RelationshipsShouldBeSameRegardlessCase_SameRelationship" classname="com.dotcms.contenttype.business.RelationshipFactoryImplTest" time="0.004"/>
  <system-out><![CDATA[]]></system-out>
  <system-err><![CDATA[]]></system-err>
</testsuite>
