<?xml version="1.0" encoding="UTF-8"?>
<testsuite name="com.dotcms.rest.elasticsearch.ESContentResourcePortletTest" tests="8" skipped="0" failures="0" errors="0" timestamp="2023-07-14T18:36:08" hostname="fv-az617-846" time="7.844">
  <properties/>
  <testcase name="test_search_includeGrandChildCategory_success" classname="com.dotcms.rest.elasticsearch.ESContentResourcePortletTest" time="1.359"/>
  <testcase name="testSearch[0: com.dotcms.rest.elasticsearch.ESContentResourcePortletTest$TestCase@7c1a9be3]" classname="com.dotcms.rest.elasticsearch.ESContentResourcePortletTest" time="0.95"/>
  <testcase name="testSearch[1: com.dotcms.rest.elasticsearch.ESContentResourcePortletTest$TestCase@78f560fd]" classname="com.dotcms.rest.elasticsearch.ESContentResourcePortletTest" time="1.217"/>
  <testcase name="testSearch[2: com.dotcms.rest.elasticsearch.ESContentResourcePortletTest$TestCase@44f9401b]" classname="com.dotcms.rest.elasticsearch.ESContentResourcePortletTest" time="0.953"/>
  <testcase name="testSearch[3: com.dotcms.rest.elasticsearch.ESContentResourcePortletTest$TestCase@3a5f4926]" classname="com.dotcms.rest.elasticsearch.ESContentResourcePortletTest" time="1.213"/>
  <testcase name="testSearch[4: com.dotcms.rest.elasticsearch.ESContentResourcePortletTest$TestCase@1232180d]" classname="com.dotcms.rest.elasticsearch.ESContentResourcePortletTest" time="0.25"/>
  <testcase name="testSearch[5: com.dotcms.rest.elasticsearch.ESContentResourcePortletTest$TestCase@4193603e]" classname="com.dotcms.rest.elasticsearch.ESContentResourcePortletTest" time="0.975"/>
  <testcase name="testSearch[6: com.dotcms.rest.elasticsearch.ESContentResourcePortletTest$TestCase@4f64098f]" classname="com.dotcms.rest.elasticsearch.ESContentResourcePortletTest" time="0.926"/>
  <system-out><![CDATA[]]></system-out>
  <system-err><![CDATA[]]></system-err>
</testsuite>
