<?xml version="1.0" encoding="UTF-8"?>
<testsuite name="com.dotcms.rest.elasticsearch.ESContentResourcePortletTest" tests="8" skipped="0" failures="0" errors="0" timestamp="2023-07-21T16:51:21" hostname="fv-az717-170" time="7.776">
  <properties/>
  <testcase name="test_search_includeGrandChildCategory_success" classname="com.dotcms.rest.elasticsearch.ESContentResourcePortletTest" time="1.353"/>
  <testcase name="testSearch[0: com.dotcms.rest.elasticsearch.ESContentResourcePortletTest$TestCase@569b27ba]" classname="com.dotcms.rest.elasticsearch.ESContentResourcePortletTest" time="0.927"/>
  <testcase name="testSearch[1: com.dotcms.rest.elasticsearch.ESContentResourcePortletTest$TestCase@218b5664]" classname="com.dotcms.rest.elasticsearch.ESContentResourcePortletTest" time="0.276"/>
  <testcase name="testSearch[2: com.dotcms.rest.elasticsearch.ESContentResourcePortletTest$TestCase@69361233]" classname="com.dotcms.rest.elasticsearch.ESContentResourcePortletTest" time="0.969"/>
  <testcase name="testSearch[3: com.dotcms.rest.elasticsearch.ESContentResourcePortletTest$TestCase@74eccce]" classname="com.dotcms.rest.elasticsearch.ESContentResourcePortletTest" time="1.209"/>
  <testcase name="testSearch[4: com.dotcms.rest.elasticsearch.ESContentResourcePortletTest$TestCase@8679d6a]" classname="com.dotcms.rest.elasticsearch.ESContentResourcePortletTest" time="1.211"/>
  <testcase name="testSearch[5: com.dotcms.rest.elasticsearch.ESContentResourcePortletTest$TestCase@7324c274]" classname="com.dotcms.rest.elasticsearch.ESContentResourcePortletTest" time="0.927"/>
  <testcase name="testSearch[6: com.dotcms.rest.elasticsearch.ESContentResourcePortletTest$TestCase@2a5af1a9]" classname="com.dotcms.rest.elasticsearch.ESContentResourcePortletTest" time="0.903"/>
  <system-out><![CDATA[]]></system-out>
  <system-err><![CDATA[]]></system-err>
</testsuite>
