<?xml version="1.0" encoding="UTF-8"?>
<testsuite name="com.dotcms.contenttype.test.DeleteFieldJobTest" tests="1" skipped="0" failures="0" errors="0" timestamp="2023-07-05T22:26:21" hostname="fv-az614-79" time="6.425">
  <properties/>
  <testcase name="testFieldDelete" classname="com.dotcms.contenttype.test.DeleteFieldJobTest" time="6.425"/>
  <system-out><![CDATA[]]></system-out>
  <system-err><![CDATA[]]></system-err>
</testsuite>
