<?xml version="1.0" encoding="UTF-8"?>
<testsuite name="com.dotmarketing.portlets.structure.model.ContentletRelationshipsTest" tests="7" skipped="0" failures="0" errors="0" timestamp="2023-07-18T20:51:02" hostname="fv-az887-517" time="7.237">
  <properties/>
  <testcase name="testDoesAllowOnlyOne[0: com.dotmarketing.portlets.structure.model.ContentletRelationshipsTest$CardinalityTestCase@861d1da]" classname="com.dotmarketing.portlets.structure.model.ContentletRelationshipsTest" time="0.581"/>
  <testcase name="testDoesAllowOnlyOne[1: com.dotmarketing.portlets.structure.model.ContentletRelationshipsTest$CardinalityTestCase@28165a1a]" classname="com.dotmarketing.portlets.structure.model.ContentletRelationshipsTest" time="0.601"/>
  <testcase name="testDoesAllowOnlyOne[2: com.dotmarketing.portlets.structure.model.ContentletRelationshipsTest$CardinalityTestCase@116b7cd]" classname="com.dotmarketing.portlets.structure.model.ContentletRelationshipsTest" time="0.611"/>
  <testcase name="testGetRelationshipRecords[0: com.dotmarketing.portlets.structure.model.ContentletRelationshipsTest$TestCase@2a1e9570]" classname="com.dotmarketing.portlets.structure.model.ContentletRelationshipsTest" time="2.189"/>
  <testcase name="testGetRelationshipRecords[1: com.dotmarketing.portlets.structure.model.ContentletRelationshipsTest$TestCase@2cf77ee8]" classname="com.dotmarketing.portlets.structure.model.ContentletRelationshipsTest" time="1.174"/>
  <testcase name="testGetRelationshipRecords[2: com.dotmarketing.portlets.structure.model.ContentletRelationshipsTest$TestCase@36ab37e6]" classname="com.dotmarketing.portlets.structure.model.ContentletRelationshipsTest" time="1.002"/>
  <testcase name="testGetRelationshipRecords[3: com.dotmarketing.portlets.structure.model.ContentletRelationshipsTest$TestCase@2b75621]" classname="com.dotmarketing.portlets.structure.model.ContentletRelationshipsTest" time="1.077"/>
  <system-out><![CDATA[]]></system-out>
  <system-err><![CDATA[]]></system-err>
</testsuite>
