<?xml version="1.0" encoding="UTF-8"?>
<testsuite name="com.dotmarketing.business.DeterministicIdentifierAPITest" tests="16" skipped="0" failures="0" errors="0" timestamp="2023-06-29T20:54:34" hostname="fv-az254-767" time="0.871">
  <properties/>
  <testcase name="Test_Category_Path_Seed_And_Id" classname="com.dotmarketing.business.DeterministicIdentifierAPITest" time="0.028"/>
  <testcase name="Test_Language_Deterministic_Id[0: LanguageTestCase{expectedSeed='Language:es:US', expectedHash=4913155, langCode='es', countryCode='US', country='United States'}]" classname="com.dotmarketing.business.DeterministicIdentifierAPITest" time="0.001"/>
  <testcase name="Test_Language_Deterministic_Id[1: LanguageTestCase{expectedSeed='Language:ep:', expectedHash=5292269, langCode='ep', countryCode='', country=''}]" classname="com.dotmarketing.business.DeterministicIdentifierAPITest" time="0.001"/>
  <testcase name="Test_Language_Deterministic_Id[2: LanguageTestCase{expectedSeed='Language:sg:SAG', expectedHash=4713118, langCode='sg', countryCode='SAG', country=''}]" classname="com.dotmarketing.business.DeterministicIdentifierAPITest" time="0.002"/>
  <testcase name="Test_Language_Deterministic_Id[3: LanguageTestCase{expectedSeed='Language:en:NZ', expectedHash=5382528, langCode='en', countryCode='NZ', country='New Zealand'}]" classname="com.dotmarketing.business.DeterministicIdentifierAPITest" time="0.001"/>
  <testcase name="Test_Category_None_Persisted_Category_Should_Return_Deterministic_Id" classname="com.dotmarketing.business.DeterministicIdentifierAPITest" time="0.001"/>
  <testcase name="Test_Asset_Generate_Deterministic_Id_Best_Effort[0: TestCase{versionable=my.host1688071633786.com, parent=System Host, expectedName='my.host1688071633786.com', expectedType='Host'}]" classname="com.dotmarketing.business.DeterministicIdentifierAPITest" time="0.003"/>
  <testcase name="Test_Asset_Generate_Deterministic_Id_Best_Effort[1: TestCase{versionable=com.dotmarketing.portlets.contentlet.model.Contentlet@5a710e43[map={modDate=2023-06-29 20:47:14.257, fileName=file12471884363191320190.txt, title=file12471884363191320190.txt, inode=f7b4ec9f-6a2f-46e5-aa5a-348b9bca0e41, __IS_NEW_CONTENT__=true, disabledWYSIWYG=[], host=c7d7ddf1-2ef1-4639-bec1-4c4960225073, stInode=33888b6f-7a8e-4069-b1b6-5c1aa9d0a48d, owner=system, identifier=610bafdb-3a6c-4a5b-a742-9e5949cb68b9, nullProperties=[wfExpireDate, wfPublishDate, wfActionAssign, wfActionId, wfActionComments, filterKey, whereToSend, wfNeverExpire, _path_to_move, timezoneId, iWantTo, wfPublishTime, wfExpireTime], languageId=1, fileAsset=/home/runner/work/core/custom/assets/f/7/f7b4ec9f-6a2f-46e5-aa5a-348b9bca0e41/fileAsset/file12471884363191320190.txt, folder=6c81a2a3-eaba-4f4d-bccf-d25fc454baa7, __disable_workflow__=true, sortOrder=0, modUser=system},lowIndexPriority=false,variantId=DEFAULT], parent=com.dotmarketing.portlets.folders.model.Folder@40d0be69[identifier=6c81a2a3-eaba-4f4d-bccf-d25fc454baa7,name=testName1688071634248,sortOrder=0,showOnMenu=false,hostId=c7d7ddf1-2ef1-4639-bec1-4c4960225073,type=folder,title=testTitle1688071634248,filesMasks=,defaultFileType=33888b6f-7a8e-4069-b1b6-5c1aa9d0a48d,modDate=2023-06-29 20:47:14.252,owner=&lt;null&gt;,iDate=2023-06-29 20:47:14.252,inode=6c81a2a3-eaba-4f4d-bccf-d25fc454baa7,path=/testName1688071634248/], expectedName='file12471884363191320190.txt', expectedType='FileAsset'}]" classname="com.dotmarketing.business.DeterministicIdentifierAPITest" time="0.003"/>
  <testcase name="Test_Asset_Generate_Deterministic_Id_Best_Effort[2: TestCase{versionable=com.dotmarketing.portlets.templates.model.Template@dd3bd88a, parent=my.host1688071633786.com, expectedName='testTitle1688071634410', expectedType='Template'}]" classname="com.dotmarketing.business.DeterministicIdentifierAPITest" time="0.003"/>
  <testcase name="Test_Asset_Generate_Deterministic_Id_Best_Effort[3: TestCase{versionable=com.dotmarketing.portlets.htmlpageasset.model.HTMLPageAsset@6a98368d[map={template=eed6b17c-ec7a-4fad-b612-53665bc09269, owner=system, identifier=4abd08f4-4d7b-4fc1-a9ab-5ffc7b0e8859, nullProperties=[wfExpireDate, wfPublishDate, wfActionAssign, wfActionId, wfActionComments, filterKey, whereToSend, wfNeverExpire, _path_to_move, timezoneId, iWantTo, wfPublishTime, wfExpireTime], modDate=2023-06-29 20:47:14.451, cachettl=0, _is_test_mode=true, languageId=1, title=test-page-title-1688071634437, httpsreq=, url=test-page-url-1688071634437, showOnMenu=, inode=cee41437-8530-486b-b770-d3e8e4714c15, folder=6c81a2a3-eaba-4f4d-bccf-d25fc454baa7, disabledWYSIWYG=[], sortOrder=1, modUser=system, host=c7d7ddf1-2ef1-4639-bec1-4c4960225073, stInode=c541abb1-69b3-4bc5-8430-5e09e5239cc8, friendlyName=test-page-friendly-name-1688071634437},lowIndexPriority=false,variantId=DEFAULT], parent=com.dotmarketing.portlets.folders.model.Folder@40d0be69[identifier=6c81a2a3-eaba-4f4d-bccf-d25fc454baa7,name=testName1688071634248,sortOrder=0,showOnMenu=false,hostId=c7d7ddf1-2ef1-4639-bec1-4c4960225073,type=folder,title=testTitle1688071634248,filesMasks=,defaultFileType=33888b6f-7a8e-4069-b1b6-5c1aa9d0a48d,modDate=2023-06-29 20:47:14.252,owner=&lt;null&gt;,iDate=2023-06-29 20:47:14.252,inode=6c81a2a3-eaba-4f4d-bccf-d25fc454baa7,path=/testName1688071634248/], expectedName='test-page-url-1688071634437', expectedType='htmlpageasset'}]" classname="com.dotmarketing.business.DeterministicIdentifierAPITest" time="0.003"/>
  <testcase name="Test_Asset_Generate_Deterministic_Id_Best_Effort[4: TestCase{versionable=com.dotmarketing.portlets.contentlet.model.Contentlet@16cfed9e[map={fileAsset2=/home/runner/work/core/custom/assets/e/7/e79af521-d659-4205-a4a8-2cb106f8e012/fileAsset2/test_binary1688071636287.png, modDate=2023-06-29 20:47:16.292, fileAsset1=/home/runner/work/core/custom/assets/e/7/e79af521-d659-4205-a4a8-2cb106f8e012/fileAsset1/test_binary1688071636287.jpg, title=blah, inode=e79af521-d659-4205-a4a8-2cb106f8e012, __IS_NEW_CONTENT__=true, disabledWYSIWYG=[], host=48190c8c-42c4-46af-8d1a-0cd5db894797, stInode=ca15464d-de62-499c-874b-48b97854467b, owner=system, identifier=998ece6a-4b0a-4bf7-9579-560216c99f7e, nullProperties=[], languageId=1, image1=57eddfcd-0990-44c4-8c6d-ededc6474e34, folder=SYSTEM_FOLDER, __disable_workflow__=true, sortOrder=0, modUser=system},lowIndexPriority=false,variantId=DEFAULT], parent=demo.dotcms.com, expectedName='test_binary1688071636287.jpg:test_binary1688071636287.png', expectedType='MultipleBinaries1688071634673'}]" classname="com.dotmarketing.business.DeterministicIdentifierAPITest" time="0.003"/>
  <testcase name="Test_Asset_Generate_Deterministic_Id_Best_Effort[5: TestCase{versionable=name01906849b6 : keyTag01906849b6, parent=my.host1688071633786.com, expectedName='keyTag01906849b6', expectedType='persona'}]" classname="com.dotmarketing.business.DeterministicIdentifierAPITest" time="0.003"/>
  <testcase name="Test_Similar_Content_Type_Wont_Clash" classname="com.dotmarketing.business.DeterministicIdentifierAPITest" time="0.545"/>
  <testcase name="Test_Generate_Folder_Identifier" classname="com.dotmarketing.business.DeterministicIdentifierAPITest" time="0.256"/>
  <testcase name="Test_Generate_Content_Type_Identifier[0: ContentTypeTestCase{contentType=KeyValueContentType{name=Language Variable, id=f4d7c1b8-2c88-4071-abf1-a5328977b07d, description=Default Content Type for Language Variables, defaultType=false, fixed=true, iDate=Thu Aug 31 16:38:49 UTC 2017, system=true, versionable=true, variable=Languagevariable, modDate=Thu Jun 29 19:32:34 UTC 2023, host=SYSTEM_HOST, siteName=systemHost, icon=language, sortOrder=0, folder=SYSTEM_FOLDER, folderPath=/, markedForDeletion=true, multilingualable=false}, expectedName='Languagevariable', expectedType='KeyValue'}]" classname="com.dotmarketing.business.DeterministicIdentifierAPITest" time="0.005"/>
  <testcase name="Test_Generate_Content_Type_Identifier[1: ContentTypeTestCase{contentType=SimpleContentType{name=testName1688071636760, id=342d3574-cc62-4c5b-9ff6-03d7a1fb53a4, description=testDescription1688071636760, defaultType=false, fixed=false, iDate=Thu Jun 29 20:47:16 UTC 2023, system=false, versionable=true, multilingualable=false, variable=testVarname1688071636760, owner=system, modDate=Thu Jun 29 20:47:18 UTC 2023, host=48190c8c-42c4-46af-8d1a-0cd5db894797, siteName=demo.dotcms.com, icon=event_note, sortOrder=0, folder=SYSTEM_FOLDER, folderPath=/, requiredFields=[], markedForDeletion=false}, expectedName='testVarname1688071636760', expectedType='CONTENT'}]" classname="com.dotmarketing.business.DeterministicIdentifierAPITest" time="0.005"/>
  <system-out><![CDATA[]]></system-out>
  <system-err><![CDATA[]]></system-err>
</testsuite>
