<?xml version="1.0" encoding="UTF-8"?>
<testsuite name="com.dotcms.enterprise.publishing.staticpublishing.StaticPublisherIntegrationTest" tests="64" skipped="0" failures="0" errors="0" timestamp="2023-07-11T00:13:16" hostname="fv-az336-51" time="39.36">
  <properties/>
  <testcase name="createStaticBundle[0: com.dotcms.enterprise.publishing.staticpublishing.StaticPublisherIntegrationTestHelper$TestCase@79ffa87c]" classname="com.dotcms.enterprise.publishing.staticpublishing.StaticPublisherIntegrationTest" time="0.723"/>
  <testcase name="createStaticBundle[1: com.dotcms.enterprise.publishing.staticpublishing.StaticPublisherIntegrationTestHelper$TestCase@78a6722e]" classname="com.dotcms.enterprise.publishing.staticpublishing.StaticPublisherIntegrationTest" time="0.216"/>
  <testcase name="createStaticBundle[2: com.dotcms.enterprise.publishing.staticpublishing.StaticPublisherIntegrationTestHelper$TestCase@63dc463c]" classname="com.dotcms.enterprise.publishing.staticpublishing.StaticPublisherIntegrationTest" time="1.612"/>
  <testcase name="createStaticBundle[3: com.dotcms.enterprise.publishing.staticpublishing.StaticPublisherIntegrationTestHelper$TestCase@7a8f6470]" classname="com.dotcms.enterprise.publishing.staticpublishing.StaticPublisherIntegrationTest" time="1.245"/>
  <testcase name="createStaticBundle[4: com.dotcms.enterprise.publishing.staticpublishing.StaticPublisherIntegrationTestHelper$TestCase@7e378f15]" classname="com.dotcms.enterprise.publishing.staticpublishing.StaticPublisherIntegrationTest" time="1.748"/>
  <testcase name="createStaticBundle[5: com.dotcms.enterprise.publishing.staticpublishing.StaticPublisherIntegrationTestHelper$TestCase@354ba5ff]" classname="com.dotcms.enterprise.publishing.staticpublishing.StaticPublisherIntegrationTest" time="1.662"/>
  <testcase name="createStaticBundle[6: com.dotcms.enterprise.publishing.staticpublishing.StaticPublisherIntegrationTestHelper$TestCase@3427f8cc]" classname="com.dotcms.enterprise.publishing.staticpublishing.StaticPublisherIntegrationTest" time="1.303"/>
  <testcase name="createStaticBundle[7: com.dotcms.enterprise.publishing.staticpublishing.StaticPublisherIntegrationTestHelper$TestCase@350ab6dc]" classname="com.dotcms.enterprise.publishing.staticpublishing.StaticPublisherIntegrationTest" time="0.829"/>
  <testcase name="createStaticBundle[8: com.dotcms.enterprise.publishing.staticpublishing.StaticPublisherIntegrationTestHelper$TestCase@7707c84f]" classname="com.dotcms.enterprise.publishing.staticpublishing.StaticPublisherIntegrationTest" time="0.918"/>
  <testcase name="createStaticBundle[9: com.dotcms.enterprise.publishing.staticpublishing.StaticPublisherIntegrationTestHelper$TestCase@1f8bef0d]" classname="com.dotcms.enterprise.publishing.staticpublishing.StaticPublisherIntegrationTest" time="0.974"/>
  <testcase name="createStaticBundle[10: com.dotcms.enterprise.publishing.staticpublishing.StaticPublisherIntegrationTestHelper$TestCase@146195a8]" classname="com.dotcms.enterprise.publishing.staticpublishing.StaticPublisherIntegrationTest" time="1.131"/>
  <testcase name="createStaticBundle[11: com.dotcms.enterprise.publishing.staticpublishing.StaticPublisherIntegrationTestHelper$TestCase@743d7dae]" classname="com.dotcms.enterprise.publishing.staticpublishing.StaticPublisherIntegrationTest" time="0.061"/>
  <testcase name="createStaticBundle[12: com.dotcms.enterprise.publishing.staticpublishing.StaticPublisherIntegrationTestHelper$TestCase@3db196d6]" classname="com.dotcms.enterprise.publishing.staticpublishing.StaticPublisherIntegrationTest" time="0.875"/>
  <testcase name="createStaticBundle[13: com.dotcms.enterprise.publishing.staticpublishing.StaticPublisherIntegrationTestHelper$TestCase@7d02e5ea]" classname="com.dotcms.enterprise.publishing.staticpublishing.StaticPublisherIntegrationTest" time="0.952"/>
  <testcase name="createStaticBundle[14: com.dotcms.enterprise.publishing.staticpublishing.StaticPublisherIntegrationTestHelper$TestCase@65d6f337]" classname="com.dotcms.enterprise.publishing.staticpublishing.StaticPublisherIntegrationTest" time="0.973"/>
  <testcase name="createStaticBundle[15: com.dotcms.enterprise.publishing.staticpublishing.StaticPublisherIntegrationTestHelper$TestCase@7a19222e]" classname="com.dotcms.enterprise.publishing.staticpublishing.StaticPublisherIntegrationTest" time="1.058"/>
  <testcase name="createStaticBundle[16: com.dotcms.enterprise.publishing.staticpublishing.StaticPublisherIntegrationTestHelper$TestCase@4baf0c9d]" classname="com.dotcms.enterprise.publishing.staticpublishing.StaticPublisherIntegrationTest" time="0.801"/>
  <testcase name="createStaticBundle[17: com.dotcms.enterprise.publishing.staticpublishing.StaticPublisherIntegrationTestHelper$TestCase@63dc463c]" classname="com.dotcms.enterprise.publishing.staticpublishing.StaticPublisherIntegrationTest" time="0.853"/>
  <testcase name="createStaticBundle[18: com.dotcms.enterprise.publishing.staticpublishing.StaticPublisherIntegrationTestHelper$TestCase@7a8f6470]" classname="com.dotcms.enterprise.publishing.staticpublishing.StaticPublisherIntegrationTest" time="0.709"/>
  <testcase name="createStaticBundle[19: com.dotcms.enterprise.publishing.staticpublishing.StaticPublisherIntegrationTestHelper$TestCase@7e378f15]" classname="com.dotcms.enterprise.publishing.staticpublishing.StaticPublisherIntegrationTest" time="0.325"/>
  <testcase name="createStaticBundle[20: com.dotcms.enterprise.publishing.staticpublishing.StaticPublisherIntegrationTestHelper$TestCase@354ba5ff]" classname="com.dotcms.enterprise.publishing.staticpublishing.StaticPublisherIntegrationTest" time="0.206"/>
  <testcase name="createStaticBundle[21: com.dotcms.enterprise.publishing.staticpublishing.StaticPublisherIntegrationTestHelper$TestCase@3427f8cc]" classname="com.dotcms.enterprise.publishing.staticpublishing.StaticPublisherIntegrationTest" time="0.173"/>
  <testcase name="createStaticBundle[22: com.dotcms.enterprise.publishing.staticpublishing.StaticPublisherIntegrationTestHelper$TestCase@350ab6dc]" classname="com.dotcms.enterprise.publishing.staticpublishing.StaticPublisherIntegrationTest" time="0.249"/>
  <testcase name="createStaticBundle[23: com.dotcms.enterprise.publishing.staticpublishing.StaticPublisherIntegrationTestHelper$TestCase@7707c84f]" classname="com.dotcms.enterprise.publishing.staticpublishing.StaticPublisherIntegrationTest" time="0.677"/>
  <testcase name="createStaticBundle[24: com.dotcms.enterprise.publishing.staticpublishing.StaticPublisherIntegrationTestHelper$TestCase@1f8bef0d]" classname="com.dotcms.enterprise.publishing.staticpublishing.StaticPublisherIntegrationTest" time="0.69"/>
  <testcase name="createStaticBundle[25: com.dotcms.enterprise.publishing.staticpublishing.StaticPublisherIntegrationTestHelper$TestCase@146195a8]" classname="com.dotcms.enterprise.publishing.staticpublishing.StaticPublisherIntegrationTest" time="0.783"/>
  <testcase name="createStaticBundle[26: com.dotcms.enterprise.publishing.staticpublishing.StaticPublisherIntegrationTestHelper$TestCase@743d7dae]" classname="com.dotcms.enterprise.publishing.staticpublishing.StaticPublisherIntegrationTest" time="0.029"/>
  <testcase name="createStaticBundle[27: com.dotcms.enterprise.publishing.staticpublishing.StaticPublisherIntegrationTestHelper$TestCase@3db196d6]" classname="com.dotcms.enterprise.publishing.staticpublishing.StaticPublisherIntegrationTest" time="0.593"/>
  <testcase name="createStaticBundle[28: com.dotcms.enterprise.publishing.staticpublishing.StaticPublisherIntegrationTestHelper$TestCase@7d02e5ea]" classname="com.dotcms.enterprise.publishing.staticpublishing.StaticPublisherIntegrationTest" time="0.6"/>
  <testcase name="createStaticBundle[29: com.dotcms.enterprise.publishing.staticpublishing.StaticPublisherIntegrationTestHelper$TestCase@65d6f337]" classname="com.dotcms.enterprise.publishing.staticpublishing.StaticPublisherIntegrationTest" time="0.882"/>
  <testcase name="createStaticBundle[30: com.dotcms.enterprise.publishing.staticpublishing.StaticPublisherIntegrationTestHelper$TestCase@7a19222e]" classname="com.dotcms.enterprise.publishing.staticpublishing.StaticPublisherIntegrationTest" time="0.849"/>
  <testcase name="createStaticBundle[31: com.dotcms.enterprise.publishing.staticpublishing.StaticPublisherIntegrationTestHelper$TestCase@4baf0c9d]" classname="com.dotcms.enterprise.publishing.staticpublishing.StaticPublisherIntegrationTest" time="0.619"/>
  <testcase name="createStaticBundleWithUnPublishOperation[0: com.dotcms.enterprise.publishing.staticpublishing.StaticPublisherIntegrationTestHelper$TestCase@79ffa87c]" classname="com.dotcms.enterprise.publishing.staticpublishing.StaticPublisherIntegrationTest" time="0.047"/>
  <testcase name="createStaticBundleWithUnPublishOperation[1: com.dotcms.enterprise.publishing.staticpublishing.StaticPublisherIntegrationTestHelper$TestCase@78a6722e]" classname="com.dotcms.enterprise.publishing.staticpublishing.StaticPublisherIntegrationTest" time="0.038"/>
  <testcase name="createStaticBundleWithUnPublishOperation[2: com.dotcms.enterprise.publishing.staticpublishing.StaticPublisherIntegrationTestHelper$TestCase@63dc463c]" classname="com.dotcms.enterprise.publishing.staticpublishing.StaticPublisherIntegrationTest" time="0.594"/>
  <testcase name="createStaticBundleWithUnPublishOperation[3: com.dotcms.enterprise.publishing.staticpublishing.StaticPublisherIntegrationTestHelper$TestCase@7a8f6470]" classname="com.dotcms.enterprise.publishing.staticpublishing.StaticPublisherIntegrationTest" time="0.608"/>
  <testcase name="createStaticBundleWithUnPublishOperation[4: com.dotcms.enterprise.publishing.staticpublishing.StaticPublisherIntegrationTestHelper$TestCase@7e378f15]" classname="com.dotcms.enterprise.publishing.staticpublishing.StaticPublisherIntegrationTest" time="0.46"/>
  <testcase name="createStaticBundleWithUnPublishOperation[5: com.dotcms.enterprise.publishing.staticpublishing.StaticPublisherIntegrationTestHelper$TestCase@354ba5ff]" classname="com.dotcms.enterprise.publishing.staticpublishing.StaticPublisherIntegrationTest" time="0.287"/>
  <testcase name="createStaticBundleWithUnPublishOperation[6: com.dotcms.enterprise.publishing.staticpublishing.StaticPublisherIntegrationTestHelper$TestCase@3427f8cc]" classname="com.dotcms.enterprise.publishing.staticpublishing.StaticPublisherIntegrationTest" time="0.293"/>
  <testcase name="createStaticBundleWithUnPublishOperation[7: com.dotcms.enterprise.publishing.staticpublishing.StaticPublisherIntegrationTestHelper$TestCase@350ab6dc]" classname="com.dotcms.enterprise.publishing.staticpublishing.StaticPublisherIntegrationTest" time="0.301"/>
  <testcase name="createStaticBundleWithUnPublishOperation[8: com.dotcms.enterprise.publishing.staticpublishing.StaticPublisherIntegrationTestHelper$TestCase@7707c84f]" classname="com.dotcms.enterprise.publishing.staticpublishing.StaticPublisherIntegrationTest" time="0.582"/>
  <testcase name="createStaticBundleWithUnPublishOperation[9: com.dotcms.enterprise.publishing.staticpublishing.StaticPublisherIntegrationTestHelper$TestCase@1f8bef0d]" classname="com.dotcms.enterprise.publishing.staticpublishing.StaticPublisherIntegrationTest" time="0.592"/>
  <testcase name="createStaticBundleWithUnPublishOperation[10: com.dotcms.enterprise.publishing.staticpublishing.StaticPublisherIntegrationTestHelper$TestCase@146195a8]" classname="com.dotcms.enterprise.publishing.staticpublishing.StaticPublisherIntegrationTest" time="0.589"/>
  <testcase name="createStaticBundleWithUnPublishOperation[11: com.dotcms.enterprise.publishing.staticpublishing.StaticPublisherIntegrationTestHelper$TestCase@743d7dae]" classname="com.dotcms.enterprise.publishing.staticpublishing.StaticPublisherIntegrationTest" time="0.015"/>
  <testcase name="createStaticBundleWithUnPublishOperation[12: com.dotcms.enterprise.publishing.staticpublishing.StaticPublisherIntegrationTestHelper$TestCase@3db196d6]" classname="com.dotcms.enterprise.publishing.staticpublishing.StaticPublisherIntegrationTest" time="0.545"/>
  <testcase name="createStaticBundleWithUnPublishOperation[13: com.dotcms.enterprise.publishing.staticpublishing.StaticPublisherIntegrationTestHelper$TestCase@7d02e5ea]" classname="com.dotcms.enterprise.publishing.staticpublishing.StaticPublisherIntegrationTest" time="0.547"/>
  <testcase name="createStaticBundleWithUnPublishOperation[14: com.dotcms.enterprise.publishing.staticpublishing.StaticPublisherIntegrationTestHelper$TestCase@65d6f337]" classname="com.dotcms.enterprise.publishing.staticpublishing.StaticPublisherIntegrationTest" time="0.7"/>
  <testcase name="createStaticBundleWithUnPublishOperation[15: com.dotcms.enterprise.publishing.staticpublishing.StaticPublisherIntegrationTestHelper$TestCase@7a19222e]" classname="com.dotcms.enterprise.publishing.staticpublishing.StaticPublisherIntegrationTest" time="0.645"/>
  <testcase name="createStaticBundleWithUnPublishOperation[16: com.dotcms.enterprise.publishing.staticpublishing.StaticPublisherIntegrationTestHelper$TestCase@4baf0c9d]" classname="com.dotcms.enterprise.publishing.staticpublishing.StaticPublisherIntegrationTest" time="0.596"/>
  <testcase name="createStaticBundleWithUnPublishOperation[17: com.dotcms.enterprise.publishing.staticpublishing.StaticPublisherIntegrationTestHelper$TestCase@63dc463c]" classname="com.dotcms.enterprise.publishing.staticpublishing.StaticPublisherIntegrationTest" time="0.642"/>
  <testcase name="createStaticBundleWithUnPublishOperation[18: com.dotcms.enterprise.publishing.staticpublishing.StaticPublisherIntegrationTestHelper$TestCase@7a8f6470]" classname="com.dotcms.enterprise.publishing.staticpublishing.StaticPublisherIntegrationTest" time="0.493"/>
  <testcase name="createStaticBundleWithUnPublishOperation[19: com.dotcms.enterprise.publishing.staticpublishing.StaticPublisherIntegrationTestHelper$TestCase@7e378f15]" classname="com.dotcms.enterprise.publishing.staticpublishing.StaticPublisherIntegrationTest" time="0.312"/>
  <testcase name="createStaticBundleWithUnPublishOperation[20: com.dotcms.enterprise.publishing.staticpublishing.StaticPublisherIntegrationTestHelper$TestCase@354ba5ff]" classname="com.dotcms.enterprise.publishing.staticpublishing.StaticPublisherIntegrationTest" time="0.334"/>
  <testcase name="createStaticBundleWithUnPublishOperation[21: com.dotcms.enterprise.publishing.staticpublishing.StaticPublisherIntegrationTestHelper$TestCase@3427f8cc]" classname="com.dotcms.enterprise.publishing.staticpublishing.StaticPublisherIntegrationTest" time="0.197"/>
  <testcase name="createStaticBundleWithUnPublishOperation[22: com.dotcms.enterprise.publishing.staticpublishing.StaticPublisherIntegrationTestHelper$TestCase@350ab6dc]" classname="com.dotcms.enterprise.publishing.staticpublishing.StaticPublisherIntegrationTest" time="0.225"/>
  <testcase name="createStaticBundleWithUnPublishOperation[23: com.dotcms.enterprise.publishing.staticpublishing.StaticPublisherIntegrationTestHelper$TestCase@7707c84f]" classname="com.dotcms.enterprise.publishing.staticpublishing.StaticPublisherIntegrationTest" time="0.506"/>
  <testcase name="createStaticBundleWithUnPublishOperation[24: com.dotcms.enterprise.publishing.staticpublishing.StaticPublisherIntegrationTestHelper$TestCase@1f8bef0d]" classname="com.dotcms.enterprise.publishing.staticpublishing.StaticPublisherIntegrationTest" time="0.7"/>
  <testcase name="createStaticBundleWithUnPublishOperation[25: com.dotcms.enterprise.publishing.staticpublishing.StaticPublisherIntegrationTestHelper$TestCase@146195a8]" classname="com.dotcms.enterprise.publishing.staticpublishing.StaticPublisherIntegrationTest" time="0.577"/>
  <testcase name="createStaticBundleWithUnPublishOperation[26: com.dotcms.enterprise.publishing.staticpublishing.StaticPublisherIntegrationTestHelper$TestCase@743d7dae]" classname="com.dotcms.enterprise.publishing.staticpublishing.StaticPublisherIntegrationTest" time="0.025"/>
  <testcase name="createStaticBundleWithUnPublishOperation[27: com.dotcms.enterprise.publishing.staticpublishing.StaticPublisherIntegrationTestHelper$TestCase@3db196d6]" classname="com.dotcms.enterprise.publishing.staticpublishing.StaticPublisherIntegrationTest" time="0.496"/>
  <testcase name="createStaticBundleWithUnPublishOperation[28: com.dotcms.enterprise.publishing.staticpublishing.StaticPublisherIntegrationTestHelper$TestCase@7d02e5ea]" classname="com.dotcms.enterprise.publishing.staticpublishing.StaticPublisherIntegrationTest" time="0.457"/>
  <testcase name="createStaticBundleWithUnPublishOperation[29: com.dotcms.enterprise.publishing.staticpublishing.StaticPublisherIntegrationTestHelper$TestCase@65d6f337]" classname="com.dotcms.enterprise.publishing.staticpublishing.StaticPublisherIntegrationTest" time="0.503"/>
  <testcase name="createStaticBundleWithUnPublishOperation[30: com.dotcms.enterprise.publishing.staticpublishing.StaticPublisherIntegrationTestHelper$TestCase@7a19222e]" classname="com.dotcms.enterprise.publishing.staticpublishing.StaticPublisherIntegrationTest" time="0.52"/>
  <testcase name="createStaticBundleWithUnPublishOperation[31: com.dotcms.enterprise.publishing.staticpublishing.StaticPublisherIntegrationTestHelper$TestCase@4baf0c9d]" classname="com.dotcms.enterprise.publishing.staticpublishing.StaticPublisherIntegrationTest" time="0.56"/>
  <system-out><![CDATA[































































]]></system-out>
  <system-err><![CDATA[]]></system-err>
</testsuite>
