<?xml version="1.0" encoding="UTF-8"?>
<testsuite name="com.dotcms.rest.api.v1.vtl.VTLResourceIntegrationTest" tests="6" skipped="0" failures="0" errors="0" timestamp="2023-07-11T16:11:32" hostname="fv-az221-100" time="13.365">
  <properties/>
  <testcase name="testGet[0: com.dotcms.rest.api.v1.vtl.VTLResourceTestCase@3a5f4233]" classname="com.dotcms.rest.api.v1.vtl.VTLResourceIntegrationTest" time="2.42"/>
  <testcase name="testGet[1: com.dotcms.rest.api.v1.vtl.VTLResourceTestCase@7fd7a98e]" classname="com.dotcms.rest.api.v1.vtl.VTLResourceIntegrationTest" time="2.188"/>
  <testcase name="testGet[2: com.dotcms.rest.api.v1.vtl.VTLResourceTestCase@35cc73d2]" classname="com.dotcms.rest.api.v1.vtl.VTLResourceIntegrationTest" time="2.249"/>
  <testcase name="testGet[3: com.dotcms.rest.api.v1.vtl.VTLResourceTestCase@32bf12a4]" classname="com.dotcms.rest.api.v1.vtl.VTLResourceIntegrationTest" time="2.603"/>
  <testcase name="testGet[4: com.dotcms.rest.api.v1.vtl.VTLResourceTestCase@7231901a]" classname="com.dotcms.rest.api.v1.vtl.VTLResourceIntegrationTest" time="2.053"/>
  <testcase name="testGet[5: com.dotcms.rest.api.v1.vtl.VTLResourceTestCase@3068dc0b]" classname="com.dotcms.rest.api.v1.vtl.VTLResourceIntegrationTest" time="1.852"/>
  <system-out><![CDATA[]]></system-out>
  <system-err><![CDATA[]]></system-err>
</testsuite>
