<?xml version="1.0" encoding="UTF-8"?>
<testsuite name="com.dotcms.rest.api.v1.relationships.RelationshipsResourceTest" tests="3" skipped="0" failures="0" errors="0" timestamp="2023-06-22T16:36:59" hostname="fv-az1098-397" time="2.205">
  <properties/>
  <testcase name="testGetOneSidedRelationships" classname="com.dotcms.rest.api.v1.relationships.RelationshipsResourceTest" time="0.765"/>
  <testcase name="testGetOneSidedRelationshipsWithInvalidContentTypeReturnsBadRequest" classname="com.dotcms.rest.api.v1.relationships.RelationshipsResourceTest" time="0.728"/>
  <testcase name="testGetOneSidedRelationshipsWithoutContentTypeReturnsBadRequest" classname="com.dotcms.rest.api.v1.relationships.RelationshipsResourceTest" time="0.712"/>
  <system-out><![CDATA[]]></system-out>
  <system-err><![CDATA[]]></system-err>
</testsuite>
