<?xml version="1.0" encoding="UTF-8"?>
<testsuite name="com.dotmarketing.business.DeterministicIdentifierAPITest" tests="16" skipped="0" failures="0" errors="0" timestamp="2023-07-08T06:10:56" hostname="fv-az351-324" time="1.551">
  <properties/>
  <testcase name="Test_Category_Path_Seed_And_Id" classname="com.dotmarketing.business.DeterministicIdentifierAPITest" time="0.022"/>
  <testcase name="Test_Language_Deterministic_Id[0: LanguageTestCase{expectedSeed='Language:es:US', expectedHash=4913155, langCode='es', countryCode='US', country='United States'}]" classname="com.dotmarketing.business.DeterministicIdentifierAPITest" time="0.001"/>
  <testcase name="Test_Language_Deterministic_Id[1: LanguageTestCase{expectedSeed='Language:ep:', expectedHash=5292269, langCode='ep', countryCode='', country=''}]" classname="com.dotmarketing.business.DeterministicIdentifierAPITest" time="0.001"/>
  <testcase name="Test_Language_Deterministic_Id[2: LanguageTestCase{expectedSeed='Language:sg:SAG', expectedHash=4713118, langCode='sg', countryCode='SAG', country=''}]" classname="com.dotmarketing.business.DeterministicIdentifierAPITest" time="0.001"/>
  <testcase name="Test_Language_Deterministic_Id[3: LanguageTestCase{expectedSeed='Language:en:NZ', expectedHash=5382528, langCode='en', countryCode='NZ', country='New Zealand'}]" classname="com.dotmarketing.business.DeterministicIdentifierAPITest" time="0.0"/>
  <testcase name="Test_Category_None_Persisted_Category_Should_Return_Deterministic_Id" classname="com.dotmarketing.business.DeterministicIdentifierAPITest" time="0.001"/>
  <testcase name="Test_Asset_Generate_Deterministic_Id_Best_Effort[0: TestCase{versionable=my.host1688796274219.com, parent=System Host, expectedName='my.host1688796274219.com', expectedType='Host'}]" classname="com.dotmarketing.business.DeterministicIdentifierAPITest" time="0.003"/>
  <testcase name="Test_Asset_Generate_Deterministic_Id_Best_Effort[1: TestCase{versionable=com.dotmarketing.portlets.contentlet.model.Contentlet@11e138bb[map={modDate=2023-07-08 06:04:34.977, fileName=file9590332561119590921.txt, title=file9590332561119590921.txt, inode=73c1a7af-72a8-4792-b6ab-45db740b3fa8, __IS_NEW_CONTENT__=true, disabledWYSIWYG=[], host=23bc8318-cf31-482c-96df-5d069a792562, stInode=33888b6f-7a8e-4069-b1b6-5c1aa9d0a48d, owner=system, identifier=803c565e-b26c-4904-bc25-7dd834ce32ee, nullProperties=[wfExpireDate, wfPublishDate, wfActionAssign, wfActionId, wfActionComments, filterKey, whereToSend, wfNeverExpire, _path_to_move, timezoneId, iWantTo, wfPublishTime, wfExpireTime], languageId=1, fileAsset=/home/runner/work/core/custom/assets/7/3/73c1a7af-72a8-4792-b6ab-45db740b3fa8/fileAsset/file9590332561119590921.txt, folder=58b98a61-05cd-43f3-bc13-f3caef94b48a, __disable_workflow__=true, sortOrder=0, modUser=system},lowIndexPriority=false,variantId=DEFAULT], parent=com.dotmarketing.portlets.folders.model.Folder@4072ab80[identifier=58b98a61-05cd-43f3-bc13-f3caef94b48a,name=testName1688796274970,sortOrder=0,showOnMenu=false,hostId=23bc8318-cf31-482c-96df-5d069a792562,type=folder,title=testTitle1688796274970,filesMasks=,defaultFileType=33888b6f-7a8e-4069-b1b6-5c1aa9d0a48d,modDate=2023-07-08 06:04:34.972,owner=&lt;null&gt;,iDate=2023-07-08 06:04:34.972,inode=58b98a61-05cd-43f3-bc13-f3caef94b48a,path=/testName1688796274970/], expectedName='file9590332561119590921.txt', expectedType='FileAsset'}]" classname="com.dotmarketing.business.DeterministicIdentifierAPITest" time="0.003"/>
  <testcase name="Test_Asset_Generate_Deterministic_Id_Best_Effort[2: TestCase{versionable=com.dotmarketing.portlets.templates.model.Template@cf83f245, parent=my.host1688796274219.com, expectedName='testTitle1688796275126', expectedType='Template'}]" classname="com.dotmarketing.business.DeterministicIdentifierAPITest" time="0.002"/>
  <testcase name="Test_Asset_Generate_Deterministic_Id_Best_Effort[3: TestCase{versionable=com.dotmarketing.portlets.htmlpageasset.model.HTMLPageAsset@3524e4ab[map={template=5d375f6d-3541-4888-8d3c-f8a2b998c271, owner=system, identifier=ccafe476-d0a7-48a4-8763-2ec906ed75f0, nullProperties=[wfExpireDate, wfPublishDate, wfActionAssign, wfActionId, wfActionComments, filterKey, whereToSend, wfNeverExpire, _path_to_move, timezoneId, iWantTo, wfPublishTime, wfExpireTime], modDate=2023-07-08 06:04:35.147, cachettl=0, _is_test_mode=true, languageId=1, title=test-page-title-1688796275141, httpsreq=, url=test-page-url-1688796275141, showOnMenu=, inode=82646243-489b-4748-959f-194b0a5bfe2d, folder=58b98a61-05cd-43f3-bc13-f3caef94b48a, disabledWYSIWYG=[], sortOrder=1, modUser=system, host=23bc8318-cf31-482c-96df-5d069a792562, stInode=c541abb1-69b3-4bc5-8430-5e09e5239cc8, friendlyName=test-page-friendly-name-1688796275141},lowIndexPriority=false,variantId=DEFAULT], parent=com.dotmarketing.portlets.folders.model.Folder@4072ab80[identifier=58b98a61-05cd-43f3-bc13-f3caef94b48a,name=testName1688796274970,sortOrder=0,showOnMenu=false,hostId=23bc8318-cf31-482c-96df-5d069a792562,type=folder,title=testTitle1688796274970,filesMasks=,defaultFileType=33888b6f-7a8e-4069-b1b6-5c1aa9d0a48d,modDate=2023-07-08 06:04:34.972,owner=&lt;null&gt;,iDate=2023-07-08 06:04:34.972,inode=58b98a61-05cd-43f3-bc13-f3caef94b48a,path=/testName1688796274970/], expectedName='test-page-url-1688796275141', expectedType='htmlpageasset'}]" classname="com.dotmarketing.business.DeterministicIdentifierAPITest" time="0.009"/>
  <testcase name="Test_Asset_Generate_Deterministic_Id_Best_Effort[4: TestCase{versionable=com.dotmarketing.portlets.contentlet.model.Contentlet@5c8c800f[map={fileAsset2=/home/runner/work/core/custom/assets/6/2/62047794-797b-48d2-9475-83235da62839/fileAsset2/test_binary1688796276957.png, modDate=2023-07-08 06:04:36.962, fileAsset1=/home/runner/work/core/custom/assets/6/2/62047794-797b-48d2-9475-83235da62839/fileAsset1/test_binary1688796276957.jpg, title=blah, inode=62047794-797b-48d2-9475-83235da62839, __IS_NEW_CONTENT__=true, disabledWYSIWYG=[], host=48190c8c-42c4-46af-8d1a-0cd5db894797, stInode=5d7a1f93-fa96-48ec-b4e5-c33719cda32f, owner=system, identifier=592bf33e-1d79-4717-8e5a-13e86da6620f, nullProperties=[], languageId=1, image1=48a0c461-edc4-4aee-a517-d857c40846be, folder=SYSTEM_FOLDER, __disable_workflow__=true, sortOrder=0, modUser=system},lowIndexPriority=false,variantId=DEFAULT], parent=demo.dotcms.com, expectedName='test_binary1688796276957.jpg:test_binary1688796276957.png', expectedType='MultipleBinaries1688796275338'}]" classname="com.dotmarketing.business.DeterministicIdentifierAPITest" time="0.002"/>
  <testcase name="Test_Asset_Generate_Deterministic_Id_Best_Effort[5: TestCase{versionable=namea713a7310b : keyTaga713a7310b, parent=my.host1688796274219.com, expectedName='keyTaga713a7310b', expectedType='persona'}]" classname="com.dotmarketing.business.DeterministicIdentifierAPITest" time="0.006"/>
  <testcase name="Test_Similar_Content_Type_Wont_Clash" classname="com.dotmarketing.business.DeterministicIdentifierAPITest" time="0.439"/>
  <testcase name="Test_Generate_Folder_Identifier" classname="com.dotmarketing.business.DeterministicIdentifierAPITest" time="1.044"/>
  <testcase name="Test_Generate_Content_Type_Identifier[0: ContentTypeTestCase{contentType=KeyValueContentType{name=Language Variable, id=f4d7c1b8-2c88-4071-abf1-a5328977b07d, description=Default Content Type for Language Variables, defaultType=false, fixed=true, iDate=Thu Aug 31 16:38:49 UTC 2017, system=true, versionable=true, variable=Languagevariable, modDate=Sat Jul 08 04:58:52 UTC 2023, host=SYSTEM_HOST, siteName=systemHost, icon=language, sortOrder=0, folder=SYSTEM_FOLDER, folderPath=/, markedForDeletion=true, multilingualable=false}, expectedName='Languagevariable', expectedType='KeyValue'}]" classname="com.dotmarketing.business.DeterministicIdentifierAPITest" time="0.006"/>
  <testcase name="Test_Generate_Content_Type_Identifier[1: ContentTypeTestCase{contentType=SimpleContentType{name=testName1688796277435, id=d34c5fea-257f-4788-98e0-3a5929cc0ba2, description=testDescription1688796277435, defaultType=false, fixed=false, iDate=Sat Jul 08 06:04:37 UTC 2023, system=false, versionable=true, multilingualable=false, variable=testVarname1688796277435, owner=system, modDate=Sat Jul 08 06:04:38 UTC 2023, host=48190c8c-42c4-46af-8d1a-0cd5db894797, siteName=demo.dotcms.com, icon=event_note, sortOrder=0, folder=SYSTEM_FOLDER, folderPath=/, requiredFields=[], markedForDeletion=false}, expectedName='testVarname1688796277435', expectedType='CONTENT'}]" classname="com.dotmarketing.business.DeterministicIdentifierAPITest" time="0.006"/>
  <system-out><![CDATA[]]></system-out>
  <system-err><![CDATA[]]></system-err>
</testsuite>
