<?xml version="1.0" encoding="UTF-8"?>
<testsuite name="com.dotcms.rest.api.v1.page.NavResourceTest" tests="4" skipped="0" failures="0" errors="0" timestamp="2023-07-18T20:07:31" hostname="fv-az553-913" time="3.664">
  <properties/>
  <testcase name="getAboutUsNav_WhenDepthAndLanguageAreValid_Success" classname="com.dotcms.rest.api.v1.page.NavResourceTest" time="0.974"/>
  <testcase name="getAboutUsNav_WhenLanguageDoesNotExists_NotFound" classname="com.dotcms.rest.api.v1.page.NavResourceTest" time="0.913"/>
  <testcase name="getAboutUsNav_WhenLanguageIsNotAValidNumber_BadRequest" classname="com.dotcms.rest.api.v1.page.NavResourceTest" time="0.884"/>
  <testcase name="getAboutUsNav_WhenDepthIsNotAValidNumber_BadRequest" classname="com.dotcms.rest.api.v1.page.NavResourceTest" time="0.891"/>
  <system-out><![CDATA[]]></system-out>
  <system-err><![CDATA[]]></system-err>
</testsuite>
