<?xml version="1.0" encoding="UTF-8"?>
<testsuite name="com.dotcms.rest.api.v2.contenttype.FieldResourceTest" tests="29" skipped="0" failures="0" errors="0" timestamp="2023-07-03T17:21:42" hostname="fv-az218-411" time="4.776">
  <properties/>
  <testcase name="testFieldMultiSelect" classname="com.dotcms.rest.api.v2.contenttype.FieldResourceTest" time="0.471"/>
  <testcase name="testFieldWysiwyg" classname="com.dotcms.rest.api.v2.contenttype.FieldResourceTest" time="0.276"/>
  <testcase name="testFieldCheckbox" classname="com.dotcms.rest.api.v2.contenttype.FieldResourceTest" time="0.156"/>
  <testcase name="testFieldDateTime" classname="com.dotcms.rest.api.v2.contenttype.FieldResourceTest" time="0.166"/>
  <testcase name="testFieldBinary" classname="com.dotcms.rest.api.v2.contenttype.FieldResourceTest" time="0.119"/>
  <testcase name="testFieldCustom" classname="com.dotcms.rest.api.v2.contenttype.FieldResourceTest" time="0.124"/>
  <testcase name="testFieldHidden" classname="com.dotcms.rest.api.v2.contenttype.FieldResourceTest" time="0.123"/>
  <testcase name="testFieldSelect" classname="com.dotcms.rest.api.v2.contenttype.FieldResourceTest" time="0.265"/>
  <testcase name="testFieldTag" classname="com.dotcms.rest.api.v2.contenttype.FieldResourceTest" time="0.183"/>
  <testcase name="testFieldImage" classname="com.dotcms.rest.api.v2.contenttype.FieldResourceTest" time="0.123"/>
  <testcase name="testFieldRadio" classname="com.dotcms.rest.api.v2.contenttype.FieldResourceTest" time="0.275"/>
  <testcase name="testFieldsList" classname="com.dotcms.rest.api.v2.contenttype.FieldResourceTest" time="0.011"/>
  <testcase name="testFieldPermissionTab" classname="com.dotcms.rest.api.v2.contenttype.FieldResourceTest" time="0.133"/>
  <testcase name="testCreateRelationshipFieldWithDash_Return400" classname="com.dotcms.rest.api.v2.contenttype.FieldResourceTest" time="0.01"/>
  <testcase name="testFieldHostFolder" classname="com.dotcms.rest.api.v2.contenttype.FieldResourceTest" time="0.118"/>
  <testcase name="testFieldRelationshipsTab" classname="com.dotcms.rest.api.v2.contenttype.FieldResourceTest" time="0.119"/>
  <testcase name="testFieldLineDivider" classname="com.dotcms.rest.api.v2.contenttype.FieldResourceTest" time="0.113"/>
  <testcase name="testFieldTabDividerField" classname="com.dotcms.rest.api.v2.contenttype.FieldResourceTest" time="0.106"/>
  <testcase name="testUpdateFieldVariable_Return400" classname="com.dotcms.rest.api.v2.contenttype.FieldResourceTest" time="0.396"/>
  <testcase name="testFieldTextArea" classname="com.dotcms.rest.api.v2.contenttype.FieldResourceTest" time="0.271"/>
  <testcase name="testFieldConstant" classname="com.dotcms.rest.api.v2.contenttype.FieldResourceTest" time="0.14"/>
  <testcase name="testCreateRelationshipFieldWithoutRelationType_Return400" classname="com.dotcms.rest.api.v2.contenttype.FieldResourceTest" time="0.009"/>
  <testcase name="testFieldCategory" classname="com.dotcms.rest.api.v2.contenttype.FieldResourceTest" time="0.133"/>
  <testcase name="testCreateRelationshipFieldWithoutContentTypeId_Return400" classname="com.dotcms.rest.api.v2.contenttype.FieldResourceTest" time="0.007"/>
  <testcase name="testFieldDate" classname="com.dotcms.rest.api.v2.contenttype.FieldResourceTest" time="0.167"/>
  <testcase name="testFieldFile" classname="com.dotcms.rest.api.v2.contenttype.FieldResourceTest" time="0.127"/>
  <testcase name="testFieldText" classname="com.dotcms.rest.api.v2.contenttype.FieldResourceTest" time="0.297"/>
  <testcase name="testFieldTime" classname="com.dotcms.rest.api.v2.contenttype.FieldResourceTest" time="0.197"/>
  <testcase name="testFieldKeyValue" classname="com.dotcms.rest.api.v2.contenttype.FieldResourceTest" time="0.124"/>
  <system-out><![CDATA[]]></system-out>
  <system-err><![CDATA[]]></system-err>
</testsuite>
