<?xml version="1.0" encoding="UTF-8"?>
<testsuite name="com.dotmarketing.business.DeterministicIdentifierAPITest" tests="16" skipped="0" failures="0" errors="0" timestamp="2023-06-28T18:13:22" hostname="fv-az283-467" time="1.683">
  <properties/>
  <testcase name="Test_Category_Path_Seed_And_Id" classname="com.dotmarketing.business.DeterministicIdentifierAPITest" time="0.035"/>
  <testcase name="Test_Language_Deterministic_Id[0: LanguageTestCase{expectedSeed='Language:es:US', expectedHash=4913155, langCode='es', countryCode='US', country='United States'}]" classname="com.dotmarketing.business.DeterministicIdentifierAPITest" time="0.002"/>
  <testcase name="Test_Language_Deterministic_Id[1: LanguageTestCase{expectedSeed='Language:ep:', expectedHash=5292269, langCode='ep', countryCode='', country=''}]" classname="com.dotmarketing.business.DeterministicIdentifierAPITest" time="0.001"/>
  <testcase name="Test_Language_Deterministic_Id[2: LanguageTestCase{expectedSeed='Language:sg:SAG', expectedHash=4713118, langCode='sg', countryCode='SAG', country=''}]" classname="com.dotmarketing.business.DeterministicIdentifierAPITest" time="0.003"/>
  <testcase name="Test_Language_Deterministic_Id[3: LanguageTestCase{expectedSeed='Language:en:NZ', expectedHash=5382528, langCode='en', countryCode='NZ', country='New Zealand'}]" classname="com.dotmarketing.business.DeterministicIdentifierAPITest" time="0.001"/>
  <testcase name="Test_Category_None_Persisted_Category_Should_Return_Deterministic_Id" classname="com.dotmarketing.business.DeterministicIdentifierAPITest" time="0.002"/>
  <testcase name="Test_Asset_Generate_Deterministic_Id_Best_Effort[0: TestCase{versionable=my.host1687975573753.com, parent=System Host, expectedName='my.host1687975573753.com', expectedType='Host'}]" classname="com.dotmarketing.business.DeterministicIdentifierAPITest" time="0.003"/>
  <testcase name="Test_Asset_Generate_Deterministic_Id_Best_Effort[1: TestCase{versionable=com.dotmarketing.portlets.contentlet.model.Contentlet@2766ba0[map={modDate=2023-06-28 18:06:14.308, fileName=file645299096407781334.txt, title=file645299096407781334.txt, inode=03419efb-b9bb-45fd-ae70-64659fda4512, __IS_NEW_CONTENT__=true, disabledWYSIWYG=[], host=1336d075-f88d-47e4-972a-b11483a3f35f, stInode=33888b6f-7a8e-4069-b1b6-5c1aa9d0a48d, owner=system, identifier=6bda1720-a721-48fd-a30f-1f66cfffa8ec, nullProperties=[wfExpireDate, wfPublishDate, wfActionAssign, wfActionId, wfActionComments, filterKey, whereToSend, wfNeverExpire, _path_to_move, timezoneId, iWantTo, wfPublishTime, wfExpireTime], languageId=1, fileAsset=/home/runner/work/core/custom/assets/0/3/03419efb-b9bb-45fd-ae70-64659fda4512/fileAsset/file645299096407781334.txt, folder=bea90cda-7639-48f1-8a6d-4d2760471d50, __disable_workflow__=true, sortOrder=0, modUser=system},lowIndexPriority=false,variantId=DEFAULT], parent=com.dotmarketing.portlets.folders.model.Folder@4d01f00e[identifier=bea90cda-7639-48f1-8a6d-4d2760471d50,name=testName1687975574298,sortOrder=0,showOnMenu=false,hostId=1336d075-f88d-47e4-972a-b11483a3f35f,type=folder,title=testTitle1687975574298,filesMasks=,defaultFileType=33888b6f-7a8e-4069-b1b6-5c1aa9d0a48d,modDate=2023-06-28 18:06:14.302,owner=&lt;null&gt;,iDate=2023-06-28 18:06:14.302,inode=bea90cda-7639-48f1-8a6d-4d2760471d50,path=/testName1687975574298/], expectedName='file645299096407781334.txt', expectedType='FileAsset'}]" classname="com.dotmarketing.business.DeterministicIdentifierAPITest" time="0.004"/>
  <testcase name="Test_Asset_Generate_Deterministic_Id_Best_Effort[2: TestCase{versionable=com.dotmarketing.portlets.templates.model.Template@9a6c5d17, parent=my.host1687975573753.com, expectedName='testTitle1687975574481', expectedType='Template'}]" classname="com.dotmarketing.business.DeterministicIdentifierAPITest" time="0.004"/>
  <testcase name="Test_Asset_Generate_Deterministic_Id_Best_Effort[3: TestCase{versionable=com.dotmarketing.portlets.htmlpageasset.model.HTMLPageAsset@1ba41b12[map={template=6810b134-75da-490e-9484-840e243e463d, owner=system, identifier=1016acf3-0823-4d67-8610-69444ce83970, nullProperties=[wfExpireDate, wfPublishDate, wfActionAssign, wfActionId, wfActionComments, filterKey, whereToSend, wfNeverExpire, _path_to_move, timezoneId, iWantTo, wfPublishTime, wfExpireTime], modDate=2023-06-28 18:06:14.505, cachettl=0, _is_test_mode=true, languageId=1, title=test-page-title-1687975574498, httpsreq=, url=test-page-url-1687975574498, showOnMenu=, inode=69afef1f-4bcb-40b6-bf83-05d88f6b9f55, folder=bea90cda-7639-48f1-8a6d-4d2760471d50, disabledWYSIWYG=[], sortOrder=1, modUser=system, host=1336d075-f88d-47e4-972a-b11483a3f35f, stInode=c541abb1-69b3-4bc5-8430-5e09e5239cc8, friendlyName=test-page-friendly-name-1687975574498},lowIndexPriority=false,variantId=DEFAULT], parent=com.dotmarketing.portlets.folders.model.Folder@4d01f00e[identifier=bea90cda-7639-48f1-8a6d-4d2760471d50,name=testName1687975574298,sortOrder=0,showOnMenu=false,hostId=1336d075-f88d-47e4-972a-b11483a3f35f,type=folder,title=testTitle1687975574298,filesMasks=,defaultFileType=33888b6f-7a8e-4069-b1b6-5c1aa9d0a48d,modDate=2023-06-28 18:06:14.302,owner=&lt;null&gt;,iDate=2023-06-28 18:06:14.302,inode=bea90cda-7639-48f1-8a6d-4d2760471d50,path=/testName1687975574298/], expectedName='test-page-url-1687975574498', expectedType='htmlpageasset'}]" classname="com.dotmarketing.business.DeterministicIdentifierAPITest" time="0.004"/>
  <testcase name="Test_Asset_Generate_Deterministic_Id_Best_Effort[4: TestCase{versionable=com.dotmarketing.portlets.contentlet.model.Contentlet@4440275e[map={fileAsset2=/home/runner/work/core/custom/assets/b/1/b104ea12-5c8e-4310-9666-664f8392f067/fileAsset2/test_binary1687975576306.png, modDate=2023-06-28 18:06:16.312, fileAsset1=/home/runner/work/core/custom/assets/b/1/b104ea12-5c8e-4310-9666-664f8392f067/fileAsset1/test_binary1687975576305.jpg, title=blah, inode=b104ea12-5c8e-4310-9666-664f8392f067, __IS_NEW_CONTENT__=true, disabledWYSIWYG=[], host=48190c8c-42c4-46af-8d1a-0cd5db894797, stInode=41062320-705d-4133-87bb-ca3b97e01ee3, owner=system, identifier=882de247-f5b2-403f-ba71-a09fa433a581, nullProperties=[], languageId=1, image1=9b016ca5-e7f9-4ef5-9a4e-5cec508b7683, folder=SYSTEM_FOLDER, __disable_workflow__=true, sortOrder=0, modUser=system},lowIndexPriority=false,variantId=DEFAULT], parent=demo.dotcms.com, expectedName='test_binary1687975576305.jpg:test_binary1687975576306.png', expectedType='MultipleBinaries1687975574707'}]" classname="com.dotmarketing.business.DeterministicIdentifierAPITest" time="0.004"/>
  <testcase name="Test_Asset_Generate_Deterministic_Id_Best_Effort[5: TestCase{versionable=name6267fa1f6c : keyTag6267fa1f6c, parent=my.host1687975573753.com, expectedName='keyTag6267fa1f6c', expectedType='persona'}]" classname="com.dotmarketing.business.DeterministicIdentifierAPITest" time="0.003"/>
  <testcase name="Test_Similar_Content_Type_Wont_Clash" classname="com.dotmarketing.business.DeterministicIdentifierAPITest" time="0.684"/>
  <testcase name="Test_Generate_Folder_Identifier" classname="com.dotmarketing.business.DeterministicIdentifierAPITest" time="0.915"/>
  <testcase name="Test_Generate_Content_Type_Identifier[0: ContentTypeTestCase{contentType=KeyValueContentType{name=Language Variable, id=f4d7c1b8-2c88-4071-abf1-a5328977b07d, description=Default Content Type for Language Variables, defaultType=false, fixed=true, iDate=Thu Aug 31 16:38:49 UTC 2017, system=true, versionable=true, variable=Languagevariable, modDate=Wed Jun 28 16:53:16 UTC 2023, host=SYSTEM_HOST, siteName=systemHost, icon=language, sortOrder=0, folder=SYSTEM_FOLDER, folderPath=/, markedForDeletion=true, multilingualable=false}, expectedName='Languagevariable', expectedType='KeyValue'}]" classname="com.dotmarketing.business.DeterministicIdentifierAPITest" time="0.006"/>
  <testcase name="Test_Generate_Content_Type_Identifier[1: ContentTypeTestCase{contentType=SimpleContentType{name=testName1687975576750, id=9ebb4ef9-20ea-4ddf-80de-8e1b4f65e767, description=testDescription1687975576750, defaultType=false, fixed=false, iDate=Wed Jun 28 18:06:16 UTC 2023, system=false, versionable=true, multilingualable=false, variable=testVarname1687975576750, owner=system, modDate=Wed Jun 28 18:06:17 UTC 2023, host=48190c8c-42c4-46af-8d1a-0cd5db894797, siteName=demo.dotcms.com, icon=event_note, sortOrder=0, folder=SYSTEM_FOLDER, folderPath=/, requiredFields=[], markedForDeletion=false}, expectedName='testVarname1687975576750', expectedType='CONTENT'}]" classname="com.dotmarketing.business.DeterministicIdentifierAPITest" time="0.006"/>
  <system-out><![CDATA[]]></system-out>
  <system-err><![CDATA[]]></system-err>
</testsuite>
