<?xml version="1.0" encoding="UTF-8"?>
<testsuite name="com.dotmarketing.portlets.workflows.actionlet.MoveContentActionletTest" tests="1" skipped="0" failures="0" errors="0" timestamp="2023-06-30T18:52:36" hostname="fv-az450-908" time="1.154">
  <properties/>
  <testcase name="Test_Copy_Content_Expect_Success" classname="com.dotmarketing.portlets.workflows.actionlet.MoveContentActionletTest" time="1.154"/>
  <system-out><![CDATA[]]></system-out>
  <system-err><![CDATA[]]></system-err>
</testsuite>
