<?xml version="1.0" encoding="UTF-8"?>
<testsuite name="com.dotmarketing.servlets.ajax.AjaxDirectorServletIntegrationTest" tests="2" skipped="0" failures="0" errors="0" timestamp="2023-07-20T08:11:18" hostname="fv-az313-957" time="1.831">
  <properties/>
  <testcase name="testService[0: com.dotmarketing.servlets.ajax.AjaxDirectorServletTestCase@329a24ea]" classname="com.dotmarketing.servlets.ajax.AjaxDirectorServletIntegrationTest" time="0.649"/>
  <testcase name="testService[1: com.dotmarketing.servlets.ajax.AjaxDirectorServletTestCase@11e99ddc]" classname="com.dotmarketing.servlets.ajax.AjaxDirectorServletIntegrationTest" time="1.182"/>
  <system-out><![CDATA[]]></system-out>
  <system-err><![CDATA[]]></system-err>
</testsuite>
