<?xml version="1.0" encoding="UTF-8"?>
<testsuite name="com.dotcms.rest.TagResourceIntegrationTest" tests="4" skipped="0" failures="0" errors="0" timestamp="2023-07-12T19:24:42" hostname="fv-az642-316" time="0.338">
  <properties/>
  <testcase name="testList[0: com.dotcms.rest.TagResourceTestCase@2deebd]" classname="com.dotcms.rest.TagResourceIntegrationTest" time="0.257"/>
  <testcase name="testList[1: com.dotcms.rest.TagResourceTestCase@6437762b]" classname="com.dotcms.rest.TagResourceIntegrationTest" time="0.031"/>
  <testcase name="testList[2: com.dotcms.rest.TagResourceTestCase@1f7ecf51]" classname="com.dotcms.rest.TagResourceIntegrationTest" time="0.025"/>
  <testcase name="testList[3: com.dotcms.rest.TagResourceTestCase@63b2117c]" classname="com.dotcms.rest.TagResourceIntegrationTest" time="0.023"/>
  <system-out><![CDATA[]]></system-out>
  <system-err><![CDATA[Jul 12, 2023 7:24:42 PM com.dotcms.repackage.org.hibernate.validator.internal.util.Version <clinit>
INFO: HV000001: Hibernate Validator 4.3.2.Final
]]></system-err>
</testsuite>
