<?xml version="1.0" encoding="UTF-8"?>
<testsuite name="com.dotmarketing.business.DeterministicIdentifierAPITest" tests="16" skipped="0" failures="0" errors="0" timestamp="2023-06-23T22:22:09" hostname="fv-az551-628" time="0.722">
  <properties/>
  <testcase name="Test_Category_Path_Seed_And_Id" classname="com.dotmarketing.business.DeterministicIdentifierAPITest" time="0.023"/>
  <testcase name="Test_Language_Deterministic_Id[0: LanguageTestCase{expectedSeed='Language:es:US', expectedHash=4913155, langCode='es', countryCode='US', country='United States'}]" classname="com.dotmarketing.business.DeterministicIdentifierAPITest" time="0.0"/>
  <testcase name="Test_Language_Deterministic_Id[1: LanguageTestCase{expectedSeed='Language:ep:', expectedHash=5292269, langCode='ep', countryCode='', country=''}]" classname="com.dotmarketing.business.DeterministicIdentifierAPITest" time="0.001"/>
  <testcase name="Test_Language_Deterministic_Id[2: LanguageTestCase{expectedSeed='Language:sg:SAG', expectedHash=4713118, langCode='sg', countryCode='SAG', country=''}]" classname="com.dotmarketing.business.DeterministicIdentifierAPITest" time="0.001"/>
  <testcase name="Test_Language_Deterministic_Id[3: LanguageTestCase{expectedSeed='Language:en:NZ', expectedHash=5382528, langCode='en', countryCode='NZ', country='New Zealand'}]" classname="com.dotmarketing.business.DeterministicIdentifierAPITest" time="0.001"/>
  <testcase name="Test_Category_None_Persisted_Category_Should_Return_Deterministic_Id" classname="com.dotmarketing.business.DeterministicIdentifierAPITest" time="0.002"/>
  <testcase name="Test_Asset_Generate_Deterministic_Id_Best_Effort[0: TestCase{versionable=my.host1687553283273.com, parent=System Host, expectedName='my.host1687553283273.com', expectedType='Host'}]" classname="com.dotmarketing.business.DeterministicIdentifierAPITest" time="0.003"/>
  <testcase name="Test_Asset_Generate_Deterministic_Id_Best_Effort[1: TestCase{versionable=com.dotmarketing.portlets.contentlet.model.Contentlet@29c2528a[map={modDate=2023-06-23 20:48:04.422, fileName=file12462053743069198079.txt, title=file12462053743069198079.txt, inode=c0af335c-22c7-48a7-8841-e49d8688c94f, __IS_NEW_CONTENT__=true, disabledWYSIWYG=[], host=9300ecda-47ec-42b6-8696-1fee5fefdcf8, stInode=33888b6f-7a8e-4069-b1b6-5c1aa9d0a48d, owner=system, identifier=91b71eee-0c67-40b7-9f1a-d5152bb94b15, nullProperties=[wfExpireDate, wfPublishDate, wfActionAssign, wfActionId, wfActionComments, filterKey, whereToSend, wfNeverExpire, _path_to_move, timezoneId, iWantTo, wfPublishTime, wfExpireTime], languageId=1, fileAsset=/home/runner/work/core/custom/assets/c/0/c0af335c-22c7-48a7-8841-e49d8688c94f/fileAsset/file12462053743069198079.txt, folder=16139371-feac-44e4-a715-22522f443a4c, __disable_workflow__=true, sortOrder=0, modUser=system},lowIndexPriority=false,variantId=DEFAULT], parent=com.dotmarketing.portlets.folders.model.Folder@22459607[identifier=16139371-feac-44e4-a715-22522f443a4c,name=testName1687553284407,sortOrder=0,showOnMenu=false,hostId=9300ecda-47ec-42b6-8696-1fee5fefdcf8,type=folder,title=testTitle1687553284407,filesMasks=,defaultFileType=33888b6f-7a8e-4069-b1b6-5c1aa9d0a48d,modDate=2023-06-23 20:48:04.41,owner=&lt;null&gt;,iDate=2023-06-23 20:48:04.41,inode=16139371-feac-44e4-a715-22522f443a4c,path=/testName1687553284407/], expectedName='file12462053743069198079.txt', expectedType='FileAsset'}]" classname="com.dotmarketing.business.DeterministicIdentifierAPITest" time="0.003"/>
  <testcase name="Test_Asset_Generate_Deterministic_Id_Best_Effort[2: TestCase{versionable=com.dotmarketing.portlets.templates.model.Template@75a7b52b, parent=my.host1687553283273.com, expectedName='testTitle1687553284514', expectedType='Template'}]" classname="com.dotmarketing.business.DeterministicIdentifierAPITest" time="0.003"/>
  <testcase name="Test_Asset_Generate_Deterministic_Id_Best_Effort[3: TestCase{versionable=com.dotmarketing.portlets.htmlpageasset.model.HTMLPageAsset@54c38021[map={template=c9b4f758-74f5-4b16-ab90-8af0cb7a1130, owner=system, identifier=f944f7cc-235c-4768-a990-6b5b7028b502, nullProperties=[wfExpireDate, wfPublishDate, wfActionAssign, wfActionId, wfActionComments, filterKey, whereToSend, wfNeverExpire, _path_to_move, timezoneId, iWantTo, wfPublishTime, wfExpireTime], modDate=2023-06-23 20:48:04.531, cachettl=0, _is_test_mode=true, languageId=1, title=test-page-title-1687553284527, httpsreq=, url=test-page-url-1687553284527, showOnMenu=, inode=25336d1a-ee5e-4779-81f0-be9469ca7f47, folder=16139371-feac-44e4-a715-22522f443a4c, disabledWYSIWYG=[], sortOrder=1, modUser=system, host=9300ecda-47ec-42b6-8696-1fee5fefdcf8, stInode=c541abb1-69b3-4bc5-8430-5e09e5239cc8, friendlyName=test-page-friendly-name-1687553284527},lowIndexPriority=false,variantId=DEFAULT], parent=com.dotmarketing.portlets.folders.model.Folder@22459607[identifier=16139371-feac-44e4-a715-22522f443a4c,name=testName1687553284407,sortOrder=0,showOnMenu=false,hostId=9300ecda-47ec-42b6-8696-1fee5fefdcf8,type=folder,title=testTitle1687553284407,filesMasks=,defaultFileType=33888b6f-7a8e-4069-b1b6-5c1aa9d0a48d,modDate=2023-06-23 20:48:04.41,owner=&lt;null&gt;,iDate=2023-06-23 20:48:04.41,inode=16139371-feac-44e4-a715-22522f443a4c,path=/testName1687553284407/], expectedName='test-page-url-1687553284527', expectedType='htmlpageasset'}]" classname="com.dotmarketing.business.DeterministicIdentifierAPITest" time="0.003"/>
  <testcase name="Test_Asset_Generate_Deterministic_Id_Best_Effort[4: TestCase{versionable=com.dotmarketing.portlets.contentlet.model.Contentlet@636603e2[map={fileAsset2=/home/runner/work/core/custom/assets/6/a/6a66028c-aec2-4653-ac3f-fcdde4aae6e5/fileAsset2/test_binary1687553285379.png, modDate=2023-06-23 20:48:05.385, fileAsset1=/home/runner/work/core/custom/assets/6/a/6a66028c-aec2-4653-ac3f-fcdde4aae6e5/fileAsset1/test_binary1687553285379.jpg, title=blah, inode=6a66028c-aec2-4653-ac3f-fcdde4aae6e5, __IS_NEW_CONTENT__=true, disabledWYSIWYG=[], host=8a7d5e23-da1e-420a-b4f0-471e7da8ea2d, stInode=845f2f99-68e0-4ed5-aaa3-4f4b2ec09219, owner=system, identifier=1d931b84-98c9-4cdb-9e00-af8893dd747b, nullProperties=[], languageId=1, image1=32ef8a52-dcd1-4959-abc6-d1253d21f35d, folder=SYSTEM_FOLDER, __disable_workflow__=true, sortOrder=0, modUser=system},lowIndexPriority=false,variantId=DEFAULT], parent=default, expectedName='test_binary1687553285379.jpg:test_binary1687553285379.png', expectedType='MultipleBinaries1687553284645'}]" classname="com.dotmarketing.business.DeterministicIdentifierAPITest" time="0.006"/>
  <testcase name="Test_Asset_Generate_Deterministic_Id_Best_Effort[5: TestCase{versionable=name08ba9c4c16 : keyTag08ba9c4c16, parent=my.host1687553283273.com, expectedName='keyTag08ba9c4c16', expectedType='persona'}]" classname="com.dotmarketing.business.DeterministicIdentifierAPITest" time="0.005"/>
  <testcase name="Test_Similar_Content_Type_Wont_Clash" classname="com.dotmarketing.business.DeterministicIdentifierAPITest" time="0.434"/>
  <testcase name="Test_Generate_Folder_Identifier" classname="com.dotmarketing.business.DeterministicIdentifierAPITest" time="0.222"/>
  <testcase name="Test_Generate_Content_Type_Identifier[0: ContentTypeTestCase{contentType=KeyValueContentType{name=Language Variable, id=f4d7c1b8-2c88-4071-abf1-a5328977b07d, description=Default Content Type for Language Variables, defaultType=false, fixed=true, iDate=Thu Aug 31 16:38:49 UTC 2017, system=true, versionable=true, variable=Languagevariable, modDate=Fri Jun 23 20:44:43 UTC 2023, host=SYSTEM_HOST, siteName=systemHost, icon=language, sortOrder=0, folder=SYSTEM_FOLDER, folderPath=/, markedForDeletion=false, multilingualable=false}, expectedName='Languagevariable', expectedType='KeyValue'}]" classname="com.dotmarketing.business.DeterministicIdentifierAPITest" time="0.007"/>
  <testcase name="Test_Generate_Content_Type_Identifier[1: ContentTypeTestCase{contentType=SimpleContentType{name=testName1687553285684, id=bd2b7dcc-ff0c-4b24-b89d-a3ef618137b2, description=testDescription1687553285684, defaultType=false, fixed=false, iDate=Fri Jun 23 20:48:05 UTC 2023, system=false, versionable=true, multilingualable=false, variable=testVarname1687553285684, owner=system, modDate=Fri Jun 23 20:48:06 UTC 2023, host=8a7d5e23-da1e-420a-b4f0-471e7da8ea2d, siteName=default, icon=event_note, sortOrder=0, folder=SYSTEM_FOLDER, folderPath=/, requiredFields=[], markedForDeletion=false}, expectedName='testVarname1687553285684', expectedType='CONTENT'}]" classname="com.dotmarketing.business.DeterministicIdentifierAPITest" time="0.004"/>
  <system-out><![CDATA[]]></system-out>
  <system-err><![CDATA[]]></system-err>
</testsuite>
