<?xml version="1.0" encoding="UTF-8"?>
<testsuite name="com.dotcms.rest.elasticsearch.ESContentResourcePortletTest" tests="8" skipped="0" failures="0" errors="0" timestamp="2023-06-21T17:56:37" hostname="fv-az454-705" time="9.967">
  <properties/>
  <testcase name="test_search_includeGrandChildCategory_success" classname="com.dotcms.rest.elasticsearch.ESContentResourcePortletTest" time="1.618"/>
  <testcase name="testSearch[0: com.dotcms.rest.elasticsearch.ESContentResourcePortletTest$TestCase@bd916a2]" classname="com.dotcms.rest.elasticsearch.ESContentResourcePortletTest" time="1.082"/>
  <testcase name="testSearch[1: com.dotcms.rest.elasticsearch.ESContentResourcePortletTest$TestCase@2b3c4a74]" classname="com.dotcms.rest.elasticsearch.ESContentResourcePortletTest" time="1.368"/>
  <testcase name="testSearch[2: com.dotcms.rest.elasticsearch.ESContentResourcePortletTest$TestCase@389fe61c]" classname="com.dotcms.rest.elasticsearch.ESContentResourcePortletTest" time="1.127"/>
  <testcase name="testSearch[3: com.dotcms.rest.elasticsearch.ESContentResourcePortletTest$TestCase@5623a7ab]" classname="com.dotcms.rest.elasticsearch.ESContentResourcePortletTest" time="1.323"/>
  <testcase name="testSearch[4: com.dotcms.rest.elasticsearch.ESContentResourcePortletTest$TestCase@150cd7cb]" classname="com.dotcms.rest.elasticsearch.ESContentResourcePortletTest" time="1.342"/>
  <testcase name="testSearch[5: com.dotcms.rest.elasticsearch.ESContentResourcePortletTest$TestCase@5c2a40f4]" classname="com.dotcms.rest.elasticsearch.ESContentResourcePortletTest" time="1.085"/>
  <testcase name="testSearch[6: com.dotcms.rest.elasticsearch.ESContentResourcePortletTest$TestCase@1bc2f26b]" classname="com.dotcms.rest.elasticsearch.ESContentResourcePortletTest" time="1.022"/>
  <system-out><![CDATA[]]></system-out>
  <system-err><![CDATA[]]></system-err>
</testsuite>
