<?xml version="1.0" encoding="UTF-8"?>
<testsuite name="com.dotcms.rendering.velocity.viewtools.content.util.ContentUtilsTest" tests="89" skipped="0" failures="0" errors="0" timestamp="2023-07-03T15:48:39" hostname="fv-az349-999" time="407.603">
  <properties/>
  <testcase name="whenTheTimeMachineDateIsNullAndPublishDateInFutureShouldNotReturnAnything" classname="com.dotcms.rendering.velocity.viewtools.content.util.ContentUtilsTest" time="3.298"/>
  <testcase name="test_find_multilingual_contentlet_getContentletSuccessfully" classname="com.dotcms.rendering.velocity.viewtools.content.util.ContentUtilsTest" time="1.741"/>
  <testcase name="whenTheTimeMachineDateAndPublishDateAreTomorrowShouldReturnOneContent" classname="com.dotcms.rendering.velocity.viewtools.content.util.ContentUtilsTest" time="3.43"/>
  <testcase name="testPullRelated[0: com.dotcms.rendering.velocity.viewtools.content.util.ContentUtilsTest$TestCase@4b73b715]" classname="com.dotcms.rendering.velocity.viewtools.content.util.ContentUtilsTest" time="4.421"/>
  <testcase name="testPullRelated[1: com.dotcms.rendering.velocity.viewtools.content.util.ContentUtilsTest$TestCase@43a8e50f]" classname="com.dotcms.rendering.velocity.viewtools.content.util.ContentUtilsTest" time="3.869"/>
  <testcase name="testPullRelated[2: com.dotcms.rendering.velocity.viewtools.content.util.ContentUtilsTest$TestCase@f695fbc]" classname="com.dotcms.rendering.velocity.viewtools.content.util.ContentUtilsTest" time="3.207"/>
  <testcase name="testPullRelated[3: com.dotcms.rendering.velocity.viewtools.content.util.ContentUtilsTest$TestCase@1f3cfb02]" classname="com.dotcms.rendering.velocity.viewtools.content.util.ContentUtilsTest" time="3.788"/>
  <testcase name="testPullRelated[4: com.dotcms.rendering.velocity.viewtools.content.util.ContentUtilsTest$TestCase@49a12cef]" classname="com.dotcms.rendering.velocity.viewtools.content.util.ContentUtilsTest" time="4.102"/>
  <testcase name="testPullRelated[5: com.dotcms.rendering.velocity.viewtools.content.util.ContentUtilsTest$TestCase@4da53849]" classname="com.dotcms.rendering.velocity.viewtools.content.util.ContentUtilsTest" time="3.865"/>
  <testcase name="testPullRelated[6: com.dotcms.rendering.velocity.viewtools.content.util.ContentUtilsTest$TestCase@8740afe]" classname="com.dotcms.rendering.velocity.viewtools.content.util.ContentUtilsTest" time="4.394"/>
  <testcase name="testPullRelated[7: com.dotcms.rendering.velocity.viewtools.content.util.ContentUtilsTest$TestCase@70681419]" classname="com.dotcms.rendering.velocity.viewtools.content.util.ContentUtilsTest" time="3.965"/>
  <testcase name="testPullRelated[8: com.dotcms.rendering.velocity.viewtools.content.util.ContentUtilsTest$TestCase@30ee88af]" classname="com.dotcms.rendering.velocity.viewtools.content.util.ContentUtilsTest" time="4.004"/>
  <testcase name="testPullRelated[9: com.dotcms.rendering.velocity.viewtools.content.util.ContentUtilsTest$TestCase@546d998b]" classname="com.dotcms.rendering.velocity.viewtools.content.util.ContentUtilsTest" time="3.783"/>
  <testcase name="testPullRelated[10: com.dotcms.rendering.velocity.viewtools.content.util.ContentUtilsTest$TestCase@7c665a02]" classname="com.dotcms.rendering.velocity.viewtools.content.util.ContentUtilsTest" time="4.291"/>
  <testcase name="testPullRelated[11: com.dotcms.rendering.velocity.viewtools.content.util.ContentUtilsTest$TestCase@4c9e514b]" classname="com.dotcms.rendering.velocity.viewtools.content.util.ContentUtilsTest" time="4.057"/>
  <testcase name="testPullRelated[12: com.dotcms.rendering.velocity.viewtools.content.util.ContentUtilsTest$TestCase@8711387]" classname="com.dotcms.rendering.velocity.viewtools.content.util.ContentUtilsTest" time="3.91"/>
  <testcase name="testPullRelated[13: com.dotcms.rendering.velocity.viewtools.content.util.ContentUtilsTest$TestCase@306862c3]" classname="com.dotcms.rendering.velocity.viewtools.content.util.ContentUtilsTest" time="4.121"/>
  <testcase name="testPullRelated[14: com.dotcms.rendering.velocity.viewtools.content.util.ContentUtilsTest$TestCase@7e109886]" classname="com.dotcms.rendering.velocity.viewtools.content.util.ContentUtilsTest" time="4.089"/>
  <testcase name="testPullRelated[15: com.dotcms.rendering.velocity.viewtools.content.util.ContentUtilsTest$TestCase@403a9a06]" classname="com.dotcms.rendering.velocity.viewtools.content.util.ContentUtilsTest" time="4.154"/>
  <testcase name="testPullRelated[16: com.dotcms.rendering.velocity.viewtools.content.util.ContentUtilsTest$TestCase@40d744ad]" classname="com.dotcms.rendering.velocity.viewtools.content.util.ContentUtilsTest" time="3.808"/>
  <testcase name="testPullRelated[17: com.dotcms.rendering.velocity.viewtools.content.util.ContentUtilsTest$TestCase@33da580e]" classname="com.dotcms.rendering.velocity.viewtools.content.util.ContentUtilsTest" time="4.058"/>
  <testcase name="testPullRelated[18: com.dotcms.rendering.velocity.viewtools.content.util.ContentUtilsTest$TestCase@4974325b]" classname="com.dotcms.rendering.velocity.viewtools.content.util.ContentUtilsTest" time="4.033"/>
  <testcase name="testPullRelated[19: com.dotcms.rendering.velocity.viewtools.content.util.ContentUtilsTest$TestCase@5d8a6bd9]" classname="com.dotcms.rendering.velocity.viewtools.content.util.ContentUtilsTest" time="4.181"/>
  <testcase name="testPullRelated[20: com.dotcms.rendering.velocity.viewtools.content.util.ContentUtilsTest$TestCase@2702aee9]" classname="com.dotcms.rendering.velocity.viewtools.content.util.ContentUtilsTest" time="3.905"/>
  <testcase name="testPullRelated[21: com.dotcms.rendering.velocity.viewtools.content.util.ContentUtilsTest$TestCase@4679882f]" classname="com.dotcms.rendering.velocity.viewtools.content.util.ContentUtilsTest" time="4.066"/>
  <testcase name="testPullRelated[22: com.dotcms.rendering.velocity.viewtools.content.util.ContentUtilsTest$TestCase@2ef79c51]" classname="com.dotcms.rendering.velocity.viewtools.content.util.ContentUtilsTest" time="4.257"/>
  <testcase name="testPullRelated[23: com.dotcms.rendering.velocity.viewtools.content.util.ContentUtilsTest$TestCase@20adfef5]" classname="com.dotcms.rendering.velocity.viewtools.content.util.ContentUtilsTest" time="4.017"/>
  <testcase name="testPullRelated[24: com.dotcms.rendering.velocity.viewtools.content.util.ContentUtilsTest$TestCase@126a69ef]" classname="com.dotcms.rendering.velocity.viewtools.content.util.ContentUtilsTest" time="4.158"/>
  <testcase name="testPullRelated[25: com.dotcms.rendering.velocity.viewtools.content.util.ContentUtilsTest$TestCase@1858b37d]" classname="com.dotcms.rendering.velocity.viewtools.content.util.ContentUtilsTest" time="3.922"/>
  <testcase name="testPullRelated[26: com.dotcms.rendering.velocity.viewtools.content.util.ContentUtilsTest$TestCase@a5fa133]" classname="com.dotcms.rendering.velocity.viewtools.content.util.ContentUtilsTest" time="4.178"/>
  <testcase name="testPullRelated[27: com.dotcms.rendering.velocity.viewtools.content.util.ContentUtilsTest$TestCase@454abcdb]" classname="com.dotcms.rendering.velocity.viewtools.content.util.ContentUtilsTest" time="3.951"/>
  <testcase name="testPullRelated[28: com.dotcms.rendering.velocity.viewtools.content.util.ContentUtilsTest$TestCase@4ae908c]" classname="com.dotcms.rendering.velocity.viewtools.content.util.ContentUtilsTest" time="4.2"/>
  <testcase name="testPullRelated[29: com.dotcms.rendering.velocity.viewtools.content.util.ContentUtilsTest$TestCase@5930083f]" classname="com.dotcms.rendering.velocity.viewtools.content.util.ContentUtilsTest" time="3.862"/>
  <testcase name="testPullRelated[30: com.dotcms.rendering.velocity.viewtools.content.util.ContentUtilsTest$TestCase@2e116c13]" classname="com.dotcms.rendering.velocity.viewtools.content.util.ContentUtilsTest" time="4.163"/>
  <testcase name="testPullRelated[31: com.dotcms.rendering.velocity.viewtools.content.util.ContentUtilsTest$TestCase@3e2da16e]" classname="com.dotcms.rendering.velocity.viewtools.content.util.ContentUtilsTest" time="4.079"/>
  <testcase name="testPullRelated[32: com.dotcms.rendering.velocity.viewtools.content.util.ContentUtilsTest$TestCase@4e776cd7]" classname="com.dotcms.rendering.velocity.viewtools.content.util.ContentUtilsTest" time="3.94"/>
  <testcase name="testPullRelated[33: com.dotcms.rendering.velocity.viewtools.content.util.ContentUtilsTest$TestCase@17dff4d6]" classname="com.dotcms.rendering.velocity.viewtools.content.util.ContentUtilsTest" time="4.07"/>
  <testcase name="testPullRelated[34: com.dotcms.rendering.velocity.viewtools.content.util.ContentUtilsTest$TestCase@320b73ca]" classname="com.dotcms.rendering.velocity.viewtools.content.util.ContentUtilsTest" time="4.159"/>
  <testcase name="testPullRelated[35: com.dotcms.rendering.velocity.viewtools.content.util.ContentUtilsTest$TestCase@61fe9234]" classname="com.dotcms.rendering.velocity.viewtools.content.util.ContentUtilsTest" time="3.937"/>
  <testcase name="testPullRelated[36: com.dotcms.rendering.velocity.viewtools.content.util.ContentUtilsTest$TestCase@149a5b08]" classname="com.dotcms.rendering.velocity.viewtools.content.util.ContentUtilsTest" time="6.073"/>
  <testcase name="testPullRelated[37: com.dotcms.rendering.velocity.viewtools.content.util.ContentUtilsTest$TestCase@7c0b6409]" classname="com.dotcms.rendering.velocity.viewtools.content.util.ContentUtilsTest" time="6.002"/>
  <testcase name="testPullRelated[38: com.dotcms.rendering.velocity.viewtools.content.util.ContentUtilsTest$TestCase@1577cd61]" classname="com.dotcms.rendering.velocity.viewtools.content.util.ContentUtilsTest" time="6.495"/>
  <testcase name="testPullRelated[39: com.dotcms.rendering.velocity.viewtools.content.util.ContentUtilsTest$TestCase@8d92c9]" classname="com.dotcms.rendering.velocity.viewtools.content.util.ContentUtilsTest" time="5.027"/>
  <testcase name="testPullRelated[40: com.dotcms.rendering.velocity.viewtools.content.util.ContentUtilsTest$TestCase@4609dbcb]" classname="com.dotcms.rendering.velocity.viewtools.content.util.ContentUtilsTest" time="4.973"/>
  <testcase name="testPullRelated[41: com.dotcms.rendering.velocity.viewtools.content.util.ContentUtilsTest$TestCase@6185d42f]" classname="com.dotcms.rendering.velocity.viewtools.content.util.ContentUtilsTest" time="6.252"/>
  <testcase name="testPullRelated[42: com.dotcms.rendering.velocity.viewtools.content.util.ContentUtilsTest$TestCase@4a3211bb]" classname="com.dotcms.rendering.velocity.viewtools.content.util.ContentUtilsTest" time="6.222"/>
  <testcase name="testPullRelated[43: com.dotcms.rendering.velocity.viewtools.content.util.ContentUtilsTest$TestCase@26c5d9ee]" classname="com.dotcms.rendering.velocity.viewtools.content.util.ContentUtilsTest" time="6.06"/>
  <testcase name="testPullRelated[44: com.dotcms.rendering.velocity.viewtools.content.util.ContentUtilsTest$TestCase@2e1a997e]" classname="com.dotcms.rendering.velocity.viewtools.content.util.ContentUtilsTest" time="6.022"/>
  <testcase name="testPullRelated[45: com.dotcms.rendering.velocity.viewtools.content.util.ContentUtilsTest$TestCase@61f1043e]" classname="com.dotcms.rendering.velocity.viewtools.content.util.ContentUtilsTest" time="4.915"/>
  <testcase name="testPullRelated[46: com.dotcms.rendering.velocity.viewtools.content.util.ContentUtilsTest$TestCase@3b947e72]" classname="com.dotcms.rendering.velocity.viewtools.content.util.ContentUtilsTest" time="6.217"/>
  <testcase name="testPullRelated[47: com.dotcms.rendering.velocity.viewtools.content.util.ContentUtilsTest$TestCase@3316ca47]" classname="com.dotcms.rendering.velocity.viewtools.content.util.ContentUtilsTest" time="6.202"/>
  <testcase name="testPullRelated[48: com.dotcms.rendering.velocity.viewtools.content.util.ContentUtilsTest$TestCase@49bd7432]" classname="com.dotcms.rendering.velocity.viewtools.content.util.ContentUtilsTest" time="6.151"/>
  <testcase name="testPullRelated[49: com.dotcms.rendering.velocity.viewtools.content.util.ContentUtilsTest$TestCase@208459cf]" classname="com.dotcms.rendering.velocity.viewtools.content.util.ContentUtilsTest" time="5.885"/>
  <testcase name="testPullRelated[50: com.dotcms.rendering.velocity.viewtools.content.util.ContentUtilsTest$TestCase@38fbc443]" classname="com.dotcms.rendering.velocity.viewtools.content.util.ContentUtilsTest" time="6.185"/>
  <testcase name="testPullRelated[51: com.dotcms.rendering.velocity.viewtools.content.util.ContentUtilsTest$TestCase@3d3a65e9]" classname="com.dotcms.rendering.velocity.viewtools.content.util.ContentUtilsTest" time="6.151"/>
  <testcase name="testPullRelated[52: com.dotcms.rendering.velocity.viewtools.content.util.ContentUtilsTest$TestCase@1f849a98]" classname="com.dotcms.rendering.velocity.viewtools.content.util.ContentUtilsTest" time="5.997"/>
  <testcase name="testPullRelated[53: com.dotcms.rendering.velocity.viewtools.content.util.ContentUtilsTest$TestCase@1d4ce286]" classname="com.dotcms.rendering.velocity.viewtools.content.util.ContentUtilsTest" time="6.026"/>
  <testcase name="testPullRelated[54: com.dotcms.rendering.velocity.viewtools.content.util.ContentUtilsTest$TestCase@7bf3e4b0]" classname="com.dotcms.rendering.velocity.viewtools.content.util.ContentUtilsTest" time="6.096"/>
  <testcase name="testPullRelated[55: com.dotcms.rendering.velocity.viewtools.content.util.ContentUtilsTest$TestCase@1508d30a]" classname="com.dotcms.rendering.velocity.viewtools.content.util.ContentUtilsTest" time="6.048"/>
  <testcase name="testPullRelated[56: com.dotcms.rendering.velocity.viewtools.content.util.ContentUtilsTest$TestCase@2ee3cb69]" classname="com.dotcms.rendering.velocity.viewtools.content.util.ContentUtilsTest" time="6.179"/>
  <testcase name="testPullRelated[57: com.dotcms.rendering.velocity.viewtools.content.util.ContentUtilsTest$TestCase@54c144e1]" classname="com.dotcms.rendering.velocity.viewtools.content.util.ContentUtilsTest" time="5.985"/>
  <testcase name="testPullRelated[58: com.dotcms.rendering.velocity.viewtools.content.util.ContentUtilsTest$TestCase@30f3fcad]" classname="com.dotcms.rendering.velocity.viewtools.content.util.ContentUtilsTest" time="5.163"/>
  <testcase name="testPullRelated[59: com.dotcms.rendering.velocity.viewtools.content.util.ContentUtilsTest$TestCase@63b0f93a]" classname="com.dotcms.rendering.velocity.viewtools.content.util.ContentUtilsTest" time="5.118"/>
  <testcase name="testPullRelated[60: com.dotcms.rendering.velocity.viewtools.content.util.ContentUtilsTest$TestCase@5338cea6]" classname="com.dotcms.rendering.velocity.viewtools.content.util.ContentUtilsTest" time="6.275"/>
  <testcase name="testPullRelated[61: com.dotcms.rendering.velocity.viewtools.content.util.ContentUtilsTest$TestCase@d806e6c]" classname="com.dotcms.rendering.velocity.viewtools.content.util.ContentUtilsTest" time="4.819"/>
  <testcase name="testPullRelated[62: com.dotcms.rendering.velocity.viewtools.content.util.ContentUtilsTest$TestCase@22b9ede5]" classname="com.dotcms.rendering.velocity.viewtools.content.util.ContentUtilsTest" time="6.229"/>
  <testcase name="testPullRelated[63: com.dotcms.rendering.velocity.viewtools.content.util.ContentUtilsTest$TestCase@4624b9a1]" classname="com.dotcms.rendering.velocity.viewtools.content.util.ContentUtilsTest" time="6.298"/>
  <testcase name="testPullRelated[64: com.dotcms.rendering.velocity.viewtools.content.util.ContentUtilsTest$TestCase@53fc123d]" classname="com.dotcms.rendering.velocity.viewtools.content.util.ContentUtilsTest" time="5.825"/>
  <testcase name="testPullRelated[65: com.dotcms.rendering.velocity.viewtools.content.util.ContentUtilsTest$TestCase@5d01e520]" classname="com.dotcms.rendering.velocity.viewtools.content.util.ContentUtilsTest" time="6.016"/>
  <testcase name="testPullRelated[66: com.dotcms.rendering.velocity.viewtools.content.util.ContentUtilsTest$TestCase@303afda0]" classname="com.dotcms.rendering.velocity.viewtools.content.util.ContentUtilsTest" time="6.374"/>
  <testcase name="testPullRelated[67: com.dotcms.rendering.velocity.viewtools.content.util.ContentUtilsTest$TestCase@5330b3b7]" classname="com.dotcms.rendering.velocity.viewtools.content.util.ContentUtilsTest" time="6.105"/>
  <testcase name="testPullRelated[68: com.dotcms.rendering.velocity.viewtools.content.util.ContentUtilsTest$TestCase@60ee2e16]" classname="com.dotcms.rendering.velocity.viewtools.content.util.ContentUtilsTest" time="5.958"/>
  <testcase name="testPullRelated[69: com.dotcms.rendering.velocity.viewtools.content.util.ContentUtilsTest$TestCase@3294ffce]" classname="com.dotcms.rendering.velocity.viewtools.content.util.ContentUtilsTest" time="5.184"/>
  <testcase name="testPullRelated[70: com.dotcms.rendering.velocity.viewtools.content.util.ContentUtilsTest$TestCase@5524c3c1]" classname="com.dotcms.rendering.velocity.viewtools.content.util.ContentUtilsTest" time="6.343"/>
  <testcase name="testPullRelated[71: com.dotcms.rendering.velocity.viewtools.content.util.ContentUtilsTest$TestCase@35f7fd9]" classname="com.dotcms.rendering.velocity.viewtools.content.util.ContentUtilsTest" time="5.981"/>
  <testcase name="whenPublishAndExpireDatesAreInTheFutureAndTimeMachineIsAfterBoth" classname="com.dotcms.rendering.velocity.viewtools.content.util.ContentUtilsTest" time="3.383"/>
  <testcase name="testPullRelatedForLegacyRelationship[0: com.dotcms.rendering.velocity.viewtools.content.util.ContentUtilsTest$LegacyTestCase@12507f3a]" classname="com.dotcms.rendering.velocity.viewtools.content.util.ContentUtilsTest" time="4.48"/>
  <testcase name="testPullRelatedForLegacyRelationship[1: com.dotcms.rendering.velocity.viewtools.content.util.ContentUtilsTest$LegacyTestCase@72f8831]" classname="com.dotcms.rendering.velocity.viewtools.content.util.ContentUtilsTest" time="3.846"/>
  <testcase name="whenTheTimeMachineDateIsAfterTomorrowAndExpireDateIsTomorrowShouldNotReturnContent" classname="com.dotcms.rendering.velocity.viewtools.content.util.ContentUtilsTest" time="3.335"/>
  <testcase name="testPullLiveRelatedWhenLatestVersionIsWorking" classname="com.dotcms.rendering.velocity.viewtools.content.util.ContentUtilsTest" time="4.291"/>
  <testcase name="test_add_relationships_on_parent_children_related_contents" classname="com.dotcms.rendering.velocity.viewtools.content.util.ContentUtilsTest" time="1.548"/>
  <testcase name="testSortPullRelated[0: com.dotcms.rendering.velocity.viewtools.content.util.ContentUtilsTest$SortTestCase@74e669de]" classname="com.dotcms.rendering.velocity.viewtools.content.util.ContentUtilsTest" time="1.825"/>
  <testcase name="testSortPullRelated[1: com.dotcms.rendering.velocity.viewtools.content.util.ContentUtilsTest$SortTestCase@cbf712c]" classname="com.dotcms.rendering.velocity.viewtools.content.util.ContentUtilsTest" time="2.983"/>
  <testcase name="testSortPullRelated[2: com.dotcms.rendering.velocity.viewtools.content.util.ContentUtilsTest$SortTestCase@1d07662e]" classname="com.dotcms.rendering.velocity.viewtools.content.util.ContentUtilsTest" time="2.848"/>
  <testcase name="testSortPullRelated[3: com.dotcms.rendering.velocity.viewtools.content.util.ContentUtilsTest$SortTestCase@66921bbf]" classname="com.dotcms.rendering.velocity.viewtools.content.util.ContentUtilsTest" time="2.932"/>
  <testcase name="testSortPullRelated[4: com.dotcms.rendering.velocity.viewtools.content.util.ContentUtilsTest$SortTestCase@217d262a]" classname="com.dotcms.rendering.velocity.viewtools.content.util.ContentUtilsTest" time="2.051"/>
  <testcase name="testSortPullRelated[5: com.dotcms.rendering.velocity.viewtools.content.util.ContentUtilsTest$SortTestCase@563c0538]" classname="com.dotcms.rendering.velocity.viewtools.content.util.ContentUtilsTest" time="1.915"/>
  <testcase name="whenTheTimeMachineDateIsAfterTomorrowAndExpireDateIsInFutureShouldReturnContent" classname="com.dotcms.rendering.velocity.viewtools.content.util.ContentUtilsTest" time="3.49"/>
  <testcase name="testPullRelatedFieldShouldRespectDefaultOrder" classname="com.dotcms.rendering.velocity.viewtools.content.util.ContentUtilsTest" time="2.385"/>
  <system-out><![CDATA[]]></system-out>
  <system-err><![CDATA[]]></system-err>
</testsuite>
