<?xml version="1.0" encoding="UTF-8"?>
<testsuite name="com.dotcms.publisher.bundle.business.BundleFactoryTest" tests="7" skipped="0" failures="0" errors="0" timestamp="2023-06-30T01:56:37" hostname="fv-az343-533" time="4.966">
  <properties/>
  <testcase name="test_deleteAllAssetsFromBundle" classname="com.dotcms.publisher.bundle.business.BundleFactoryTest" time="1.302"/>
  <testcase name="test_findSentBundlesOlderThan_byAdminUser" classname="com.dotcms.publisher.bundle.business.BundleFactoryTest" time="0.916"/>
  <testcase name="test_insertBundleWithFilterKey_success" classname="com.dotcms.publisher.bundle.business.BundleFactoryTest" time="0.002"/>
  <testcase name="test_insertBundleWithoutFilterKey_success" classname="com.dotcms.publisher.bundle.business.BundleFactoryTest" time="0.002"/>
  <testcase name="test_findSentBundlesOlderThan_byLimitedUser" classname="com.dotcms.publisher.bundle.business.BundleFactoryTest" time="0.926"/>
  <testcase name="test_findSentBundles_byLimitedUser" classname="com.dotcms.publisher.bundle.business.BundleFactoryTest" time="0.909"/>
  <testcase name="test_findSentBundles_byAdminUser" classname="com.dotcms.publisher.bundle.business.BundleFactoryTest" time="0.909"/>
  <system-out><![CDATA[]]></system-out>
  <system-err><![CDATA[]]></system-err>
</testsuite>
