<?xml version="1.0" encoding="UTF-8"?>
<testsuite name="com.dotcms.contenttype.business.FieldAPITest" tests="93" skipped="0" failures="0" errors="0" timestamp="2023-07-06T19:39:34" hostname="fv-az1234-650" time="20.434">
  <properties/>
  <testcase name="test_SaveNewIndexedField_ShouldAddESMapping" classname="com.dotcms.contenttype.business.FieldAPITest" time="0.411"/>
  <testcase name="getFieldVariablesForField" classname="com.dotcms.contenttype.business.FieldAPITest" time="0.4"/>
  <testcase name="testSaveRelationshipWithDuplicateFieldsShouldThrowAnException[0: com.dotcms.contenttype.business.FieldAPITest$UniqueConstraintTestCase@7477ca34]" classname="com.dotcms.contenttype.business.FieldAPITest" time="0.433"/>
  <testcase name="testSaveRelationshipWithDuplicateFieldsShouldThrowAnException[1: com.dotcms.contenttype.business.FieldAPITest$UniqueConstraintTestCase@5d38c7b]" classname="com.dotcms.contenttype.business.FieldAPITest" time="0.443"/>
  <testcase name="testSaveRelationshipWithDuplicateFieldsShouldThrowAnException[2: com.dotcms.contenttype.business.FieldAPITest$UniqueConstraintTestCase@2e4a1830]" classname="com.dotcms.contenttype.business.FieldAPITest" time="0.451"/>
  <testcase name="testSaveRelationshipWithDuplicateFieldsShouldThrowAnException[3: com.dotcms.contenttype.business.FieldAPITest$UniqueConstraintTestCase@6ed932cf]" classname="com.dotcms.contenttype.business.FieldAPITest" time="0.433"/>
  <testcase name="testSaveRelationshipWithDuplicateFieldsShouldThrowAnException[4: com.dotcms.contenttype.business.FieldAPITest$UniqueConstraintTestCase@2435634a]" classname="com.dotcms.contenttype.business.FieldAPITest" time="0.457"/>
  <testcase name="testSaveRelationshipWithDuplicateFieldsShouldThrowAnException[5: com.dotcms.contenttype.business.FieldAPITest$UniqueConstraintTestCase@3d1c83e3]" classname="com.dotcms.contenttype.business.FieldAPITest" time="0.513"/>
  <testcase name="test_GivenBothSidedRelationshipField_WhenRemovingChildField_RelationshipShouldBeGettable" classname="com.dotcms.contenttype.business.FieldAPITest" time="0.669"/>
  <testcase name="test_GivenBothSidedRelationshipField_WhenRemovingParentField_RelationshipShouldBeGettable" classname="com.dotcms.contenttype.business.FieldAPITest" time="0.673"/>
  <testcase name="testSaveRelationshipField_when_newFieldIsSetToAnExistingRelationship_SaveShouldSucceed" classname="com.dotcms.contenttype.business.FieldAPITest" time="0.72"/>
  <testcase name="testSaveOneSidedRelationship_when_theChildContentTypeIsRelatedWithAnotherContentType_ShouldSucceed" classname="com.dotcms.contenttype.business.FieldAPITest" time="2.131"/>
  <testcase name="testSaveFieldVariable_KeyWithSpecialChars_ShouldSucceed[0: __myKey]" classname="com.dotcms.contenttype.business.FieldAPITest" time="0.066"/>
  <testcase name="testSaveFieldVariable_KeyWithSpecialChars_ShouldSucceed[1: dottype.]" classname="com.dotcms.contenttype.business.FieldAPITest" time="0.061"/>
  <testcase name="testSaveFieldVariable_KeyWithSpecialChars_ShouldSucceed[2: dot:type]" classname="com.dotcms.contenttype.business.FieldAPITest" time="0.075"/>
  <testcase name="testSaveFieldVariable_KeyWithSpecialChars_ShouldSucceed[3: dot-type]" classname="com.dotcms.contenttype.business.FieldAPITest" time="0.061"/>
  <testcase name="testSaveFieldVariable_KeyWithSpecialChars_ShouldSucceed[4: *dottype*]" classname="com.dotcms.contenttype.business.FieldAPITest" time="0.07"/>
  <testcase name="testSaveFieldVariable_KeyWithSpecialChars_ShouldSucceed[5: $my^^&amp;key%]" classname="com.dotcms.contenttype.business.FieldAPITest" time="0.062"/>
  <testcase name="testUpdateParentFieldInARelationship_shouldSucceed" classname="com.dotcms.contenttype.business.FieldAPITest" time="0.75"/>
  <testcase name="testSaveOneSidedManyToOneRelationshipField_returns_newRelationshipObject" classname="com.dotcms.contenttype.business.FieldAPITest" time="0.475"/>
  <testcase name="testUpdateSelfRelatedFields_shouldNotChangeRelationNames" classname="com.dotcms.contenttype.business.FieldAPITest" time="0.7"/>
  <testcase name="testSaveRelationshipFieldBothSidesRequired_ShouldSucceed" classname="com.dotcms.contenttype.business.FieldAPITest" time="0.69"/>
  <testcase name="testSaveRelationshipField_when_replacingChildInABothSidedRelationship_ShouldThrowException" classname="com.dotcms.contenttype.business.FieldAPITest" time="0.693"/>
  <testcase name="testValidateRelationshipFieldWithDash_shouldThrowAnException" classname="com.dotcms.contenttype.business.FieldAPITest" time="0.04"/>
  <testcase name="test_SaveField_GivenTypeName_GeneratedVariableIsSameAsProvidedOne: caseModDateCompatible" classname="com.dotcms.contenttype.business.FieldAPITest" time="0.075"/>
  <testcase name="test_SaveField_GivenTypeName_GeneratedVariableIsSameAsProvidedOne: caseTitleCompatible" classname="com.dotcms.contenttype.business.FieldAPITest" time="0.07"/>
  <testcase name="test_SaveField_GivenTypeName_GeneratedVariableIsSameAsProvidedOne: caseTitleImageCompatible" classname="com.dotcms.contenttype.business.FieldAPITest" time="0.064"/>
  <testcase name="test_SaveField_GivenTypeName_GeneratedVariableIsSameAsProvidedOne: caseContentTypeCompatible" classname="com.dotcms.contenttype.business.FieldAPITest" time="0.066"/>
  <testcase name="test_SaveField_GivenTypeName_GeneratedVariableIsSameAsProvidedOne: caseBaseTypeCompatible" classname="com.dotcms.contenttype.business.FieldAPITest" time="0.064"/>
  <testcase name="test_SaveField_GivenTypeName_GeneratedVariableIsSameAsProvidedOne: caseLiveCompatible" classname="com.dotcms.contenttype.business.FieldAPITest" time="0.063"/>
  <testcase name="test_SaveField_GivenTypeName_GeneratedVariableIsSameAsProvidedOne: caseWorkingCompatible" classname="com.dotcms.contenttype.business.FieldAPITest" time="0.065"/>
  <testcase name="test_SaveField_GivenTypeName_GeneratedVariableIsSameAsProvidedOne: caseArchivedCompatible" classname="com.dotcms.contenttype.business.FieldAPITest" time="0.062"/>
  <testcase name="test_SaveField_GivenTypeName_GeneratedVariableIsSameAsProvidedOne: caseLockedCompatible" classname="com.dotcms.contenttype.business.FieldAPITest" time="0.076"/>
  <testcase name="test_SaveField_GivenTypeName_GeneratedVariableIsSameAsProvidedOne: caseIdentifierCompatible" classname="com.dotcms.contenttype.business.FieldAPITest" time="0.062"/>
  <testcase name="test_SaveField_GivenTypeName_GeneratedVariableIsSameAsProvidedOne: caseInodeCompatible" classname="com.dotcms.contenttype.business.FieldAPITest" time="0.066"/>
  <testcase name="test_SaveField_GivenTypeName_GeneratedVariableIsSameAsProvidedOne: caseUrlMapCompatible" classname="com.dotcms.contenttype.business.FieldAPITest" time="0.075"/>
  <testcase name="test_GivenOneSidedRelationshipField_WhenRemovingField_RelationshipShouldBeWiped" classname="com.dotcms.contenttype.business.FieldAPITest" time="0.462"/>
  <testcase name="testSave_InvalidVariable_ShouldThrowException[0: (123, true)]" classname="com.dotcms.contenttype.business.FieldAPITest" time="0.041"/>
  <testcase name="testSave_InvalidVariable_ShouldThrowException[1: (_123, true)]" classname="com.dotcms.contenttype.business.FieldAPITest" time="0.046"/>
  <testcase name="testSave_InvalidVariable_ShouldThrowException[2: (_123a, true)]" classname="com.dotcms.contenttype.business.FieldAPITest" time="0.062"/>
  <testcase name="testSave_InvalidVariable_ShouldThrowException[3: (asd123asd, false)]" classname="com.dotcms.contenttype.business.FieldAPITest" time="0.053"/>
  <testcase name="testSave_InvalidVariable_ShouldThrowException[4: (Asfsdf, false)]" classname="com.dotcms.contenttype.business.FieldAPITest" time="0.061"/>
  <testcase name="testSave_InvalidVariable_ShouldThrowException[5: (aa123, false)]" classname="com.dotcms.contenttype.business.FieldAPITest" time="0.065"/>
  <testcase name="test_SaveNewRelationshipField_ShouldAddESMapping" classname="com.dotcms.contenttype.business.FieldAPITest" time="0.416"/>
  <testcase name="testSaveRelationshipField_GivenRecreatedDeletedRelationshipFieldChoosingExistingRel_SaveShouldSucceed" classname="com.dotcms.contenttype.business.FieldAPITest" time="0.915"/>
  <testcase name="test_SaveField_GivenGraphQLCompatibleVariable_ShouldSave: caseModDateCompatible" classname="com.dotcms.contenttype.business.FieldAPITest" time="0.066"/>
  <testcase name="test_SaveField_GivenGraphQLCompatibleVariable_ShouldSave: caseTitleCompatible" classname="com.dotcms.contenttype.business.FieldAPITest" time="0.063"/>
  <testcase name="test_SaveField_GivenGraphQLCompatibleVariable_ShouldSave: caseTitleImageCompatible" classname="com.dotcms.contenttype.business.FieldAPITest" time="0.065"/>
  <testcase name="test_SaveField_GivenGraphQLCompatibleVariable_ShouldSave: caseContentTypeCompatible" classname="com.dotcms.contenttype.business.FieldAPITest" time="0.062"/>
  <testcase name="test_SaveField_GivenGraphQLCompatibleVariable_ShouldSave: caseBaseTypeCompatible" classname="com.dotcms.contenttype.business.FieldAPITest" time="0.064"/>
  <testcase name="test_SaveField_GivenGraphQLCompatibleVariable_ShouldSave: caseLiveCompatible" classname="com.dotcms.contenttype.business.FieldAPITest" time="0.063"/>
  <testcase name="test_SaveField_GivenGraphQLCompatibleVariable_ShouldSave: caseWorkingCompatible" classname="com.dotcms.contenttype.business.FieldAPITest" time="0.063"/>
  <testcase name="test_SaveField_GivenGraphQLCompatibleVariable_ShouldSave: caseArchivedCompatible" classname="com.dotcms.contenttype.business.FieldAPITest" time="0.06"/>
  <testcase name="test_SaveField_GivenGraphQLCompatibleVariable_ShouldSave: caseLockedCompatible" classname="com.dotcms.contenttype.business.FieldAPITest" time="0.056"/>
  <testcase name="test_SaveField_GivenGraphQLCompatibleVariable_ShouldSave: caseIdentifierCompatible" classname="com.dotcms.contenttype.business.FieldAPITest" time="0.06"/>
  <testcase name="test_SaveField_GivenGraphQLCompatibleVariable_ShouldSave: caseInodeCompatible" classname="com.dotcms.contenttype.business.FieldAPITest" time="0.063"/>
  <testcase name="test_SaveField_GivenGraphQLCompatibleVariable_ShouldSave: caseUrlMapCompatible" classname="com.dotcms.contenttype.business.FieldAPITest" time="0.058"/>
  <testcase name="testSave_InvalidName_ShouldThrowException[0: 123]" classname="com.dotcms.contenttype.business.FieldAPITest" time="0.047"/>
  <testcase name="testSave_InvalidName_ShouldThrowException[1: 123abc]" classname="com.dotcms.contenttype.business.FieldAPITest" time="0.044"/>
  <testcase name="testSave_InvalidName_ShouldThrowException[2: _123a]" classname="com.dotcms.contenttype.business.FieldAPITest" time="0.054"/>
  <testcase name="testSave_InvalidName_ShouldThrowException[3: asd123asd]" classname="com.dotcms.contenttype.business.FieldAPITest" time="0.057"/>
  <testcase name="testSave_InvalidName_ShouldThrowException[4: Asfsdf]" classname="com.dotcms.contenttype.business.FieldAPITest" time="0.047"/>
  <testcase name="testSave_InvalidName_ShouldThrowException[5: aa123]" classname="com.dotcms.contenttype.business.FieldAPITest" time="0.045"/>
  <testcase name="testSave_InvalidName_ShouldThrowException[6: This is a field]" classname="com.dotcms.contenttype.business.FieldAPITest" time="0.045"/>
  <testcase name="testSave_InvalidName_ShouldThrowException[7: Field &amp;&amp; ,,,..**==} name~~~__]" classname="com.dotcms.contenttype.business.FieldAPITest" time="0.047"/>
  <testcase name="testSave_InvalidName_ShouldThrowException[8: __]" classname="com.dotcms.contenttype.business.FieldAPITest" time="0.048"/>
  <testcase name="test_SaveNewNoIndexedField_ShouldNotAddESMapping" classname="com.dotcms.contenttype.business.FieldAPITest" time="0.056"/>
  <testcase name="testValidateRelationshipField_shouldThrowAnException[0: com.dotcms.contenttype.business.FieldAPITest$TestCase@4855a069]" classname="com.dotcms.contenttype.business.FieldAPITest" time="0.037"/>
  <testcase name="testValidateRelationshipField_shouldThrowAnException[1: com.dotcms.contenttype.business.FieldAPITest$TestCase@6390318e]" classname="com.dotcms.contenttype.business.FieldAPITest" time="0.039"/>
  <testcase name="testValidateRelationshipField_shouldThrowAnException[2: com.dotcms.contenttype.business.FieldAPITest$TestCase@586b2931]" classname="com.dotcms.contenttype.business.FieldAPITest" time="0.036"/>
  <testcase name="testSaveRelationshipField_when_replacingParentInABothSidedRelationship_ShouldThrowException" classname="com.dotcms.contenttype.business.FieldAPITest" time="0.722"/>
  <testcase name="testSave_UpdateExistingFieldWithDifferentContentType_ShouldThrowException" classname="com.dotcms.contenttype.business.FieldAPITest" time="0.038"/>
  <testcase name="test_SaveField_GivenTypeName_GeneratedVariableIsDifferentThanProvidedOne: caseModDateIncompatible" classname="com.dotcms.contenttype.business.FieldAPITest" time="0.059"/>
  <testcase name="test_SaveField_GivenTypeName_GeneratedVariableIsDifferentThanProvidedOne: caseTitleIncompatible" classname="com.dotcms.contenttype.business.FieldAPITest" time="0.063"/>
  <testcase name="test_SaveField_GivenTypeName_GeneratedVariableIsDifferentThanProvidedOne: caseTitleImageIncompatible" classname="com.dotcms.contenttype.business.FieldAPITest" time="0.065"/>
  <testcase name="test_SaveField_GivenTypeName_GeneratedVariableIsDifferentThanProvidedOne: caseContentTypeIncompatible" classname="com.dotcms.contenttype.business.FieldAPITest" time="0.062"/>
  <testcase name="test_SaveField_GivenTypeName_GeneratedVariableIsDifferentThanProvidedOne: caseConLanguageIncompatible" classname="com.dotcms.contenttype.business.FieldAPITest" time="0.064"/>
  <testcase name="test_SaveField_GivenTypeName_GeneratedVariableIsDifferentThanProvidedOne: caseConLanguageParentIncompatible" classname="com.dotcms.contenttype.business.FieldAPITest" time="0.391"/>
  <testcase name="test_SaveField_GivenTypeName_GeneratedVariableIsDifferentThanProvidedOne: caseBaseTypeIncompatible" classname="com.dotcms.contenttype.business.FieldAPITest" time="0.074"/>
  <testcase name="test_SaveField_GivenTypeName_GeneratedVariableIsDifferentThanProvidedOne: caseLiveIncompatible" classname="com.dotcms.contenttype.business.FieldAPITest" time="0.064"/>
  <testcase name="test_SaveField_GivenTypeName_GeneratedVariableIsDifferentThanProvidedOne: caseIdentifierIncompatible" classname="com.dotcms.contenttype.business.FieldAPITest" time="0.073"/>
  <testcase name="test_SaveField_GivenTypeName_GeneratedVariableIsDifferentThanProvidedOne: caseInodeIncompatible" classname="com.dotcms.contenttype.business.FieldAPITest" time="0.083"/>
  <testcase name="test_SaveField_GivenTypeName_GeneratedVariableIsDifferentThanProvidedOne: caseHostIncompatible" classname="com.dotcms.contenttype.business.FieldAPITest" time="0.068"/>
  <testcase name="test_SaveField_GivenTypeName_GeneratedVariableIsDifferentThanProvidedOne: caseHostParentIncompatible" classname="com.dotcms.contenttype.business.FieldAPITest" time="0.377"/>
  <testcase name="test_SaveField_GivenTypeName_GeneratedVariableIsDifferentThanProvidedOne: caseFolderIncompatible" classname="com.dotcms.contenttype.business.FieldAPITest" time="0.066"/>
  <testcase name="test_SaveField_GivenTypeName_GeneratedVariableIsDifferentThanProvidedOne: caseFolder_ParentIncompatible" classname="com.dotcms.contenttype.business.FieldAPITest" time="0.383"/>
  <testcase name="test_SaveField_GivenTypeName_GeneratedVariableIsDifferentThanProvidedOne: caseUrlMapIncompatible" classname="com.dotcms.contenttype.business.FieldAPITest" time="0.082"/>
  <testcase name="test_SaveField_GivenTypeName_GeneratedVariableIsDifferentThanProvidedOne: caseOwnerIncompatible" classname="com.dotcms.contenttype.business.FieldAPITest" time="0.065"/>
  <testcase name="test_SaveField_GivenTypeName_GeneratedVariableIsDifferentThanProvidedOne: caseOwner_ParentIncompatible" classname="com.dotcms.contenttype.business.FieldAPITest" time="0.395"/>
  <testcase name="test_SaveField_GivenTypeName_GeneratedVariableIsDifferentThanProvidedOne: caseModUserIncompatible" classname="com.dotcms.contenttype.business.FieldAPITest" time="0.066"/>
  <testcase name="test_SaveField_GivenTypeName_GeneratedVariableIsDifferentThanProvidedOne: caseModUser_ParentIncompatible" classname="com.dotcms.contenttype.business.FieldAPITest" time="0.41"/>
  <testcase name="testUpdateOneSidedRelationshipField_shouldSucceed" classname="com.dotcms.contenttype.business.FieldAPITest" time="0.512"/>
  <testcase name="testSaveOneSidedRelationshipField_returns_newRelationshipObject" classname="com.dotcms.contenttype.business.FieldAPITest" time="0.465"/>
  <system-out><![CDATA[]]></system-out>
  <system-err><![CDATA[]]></system-err>
</testsuite>
