<?xml version="1.0" encoding="UTF-8"?>
<testsuite name="com.dotcms.rest.api.v1.vtl.VTLResourceIntegrationTest" tests="6" skipped="0" failures="0" errors="0" timestamp="2023-07-19T23:00:59" hostname="fv-az566-177" time="12.365">
  <properties/>
  <testcase name="testGet[0: com.dotcms.rest.api.v1.vtl.VTLResourceTestCase@2edeeae0]" classname="com.dotcms.rest.api.v1.vtl.VTLResourceIntegrationTest" time="2.344"/>
  <testcase name="testGet[1: com.dotcms.rest.api.v1.vtl.VTLResourceTestCase@623616a6]" classname="com.dotcms.rest.api.v1.vtl.VTLResourceIntegrationTest" time="2.048"/>
  <testcase name="testGet[2: com.dotcms.rest.api.v1.vtl.VTLResourceTestCase@511b47e4]" classname="com.dotcms.rest.api.v1.vtl.VTLResourceIntegrationTest" time="1.958"/>
  <testcase name="testGet[3: com.dotcms.rest.api.v1.vtl.VTLResourceTestCase@1fc71ac3]" classname="com.dotcms.rest.api.v1.vtl.VTLResourceIntegrationTest" time="1.96"/>
  <testcase name="testGet[4: com.dotcms.rest.api.v1.vtl.VTLResourceTestCase@46177a31]" classname="com.dotcms.rest.api.v1.vtl.VTLResourceIntegrationTest" time="2.104"/>
  <testcase name="testGet[5: com.dotcms.rest.api.v1.vtl.VTLResourceTestCase@1446d773]" classname="com.dotcms.rest.api.v1.vtl.VTLResourceIntegrationTest" time="1.951"/>
  <system-out><![CDATA[]]></system-out>
  <system-err><![CDATA[]]></system-err>
</testsuite>
