<?xml version="1.0" encoding="UTF-8"?>
<testsuite name="com.dotmarketing.portlets.structure.model.ContentletRelationshipsTest" tests="7" skipped="0" failures="0" errors="0" timestamp="2023-07-21T23:23:05" hostname="fv-az398-443" time="9.217">
  <properties/>
  <testcase name="testDoesAllowOnlyOne[0: com.dotmarketing.portlets.structure.model.ContentletRelationshipsTest$CardinalityTestCase@beb57b2]" classname="com.dotmarketing.portlets.structure.model.ContentletRelationshipsTest" time="0.51"/>
  <testcase name="testDoesAllowOnlyOne[1: com.dotmarketing.portlets.structure.model.ContentletRelationshipsTest$CardinalityTestCase@7661b4d1]" classname="com.dotmarketing.portlets.structure.model.ContentletRelationshipsTest" time="0.499"/>
  <testcase name="testDoesAllowOnlyOne[2: com.dotmarketing.portlets.structure.model.ContentletRelationshipsTest$CardinalityTestCase@234be811]" classname="com.dotmarketing.portlets.structure.model.ContentletRelationshipsTest" time="0.48"/>
  <testcase name="testGetRelationshipRecords[0: com.dotmarketing.portlets.structure.model.ContentletRelationshipsTest$TestCase@6dce59a4]" classname="com.dotmarketing.portlets.structure.model.ContentletRelationshipsTest" time="2.058"/>
  <testcase name="testGetRelationshipRecords[1: com.dotmarketing.portlets.structure.model.ContentletRelationshipsTest$TestCase@3cc9c568]" classname="com.dotmarketing.portlets.structure.model.ContentletRelationshipsTest" time="1.956"/>
  <testcase name="testGetRelationshipRecords[2: com.dotmarketing.portlets.structure.model.ContentletRelationshipsTest$TestCase@47f5391c]" classname="com.dotmarketing.portlets.structure.model.ContentletRelationshipsTest" time="1.808"/>
  <testcase name="testGetRelationshipRecords[3: com.dotmarketing.portlets.structure.model.ContentletRelationshipsTest$TestCase@3b024a93]" classname="com.dotmarketing.portlets.structure.model.ContentletRelationshipsTest" time="1.906"/>
  <system-out><![CDATA[]]></system-out>
  <system-err><![CDATA[]]></system-err>
</testsuite>
