<?xml version="1.0" encoding="UTF-8"?>
<testsuite name="com.dotmarketing.business.DeterministicIdentifierAPITest" tests="16" skipped="0" failures="0" errors="0" timestamp="2023-06-28T04:04:30" hostname="fv-az422-786" time="1.683">
  <properties/>
  <testcase name="Test_Category_Path_Seed_And_Id" classname="com.dotmarketing.business.DeterministicIdentifierAPITest" time="0.029"/>
  <testcase name="Test_Language_Deterministic_Id[0: LanguageTestCase{expectedSeed='Language:es:US', expectedHash=4913155, langCode='es', countryCode='US', country='United States'}]" classname="com.dotmarketing.business.DeterministicIdentifierAPITest" time="0.001"/>
  <testcase name="Test_Language_Deterministic_Id[1: LanguageTestCase{expectedSeed='Language:ep:', expectedHash=5292269, langCode='ep', countryCode='', country=''}]" classname="com.dotmarketing.business.DeterministicIdentifierAPITest" time="0.001"/>
  <testcase name="Test_Language_Deterministic_Id[2: LanguageTestCase{expectedSeed='Language:sg:SAG', expectedHash=4713118, langCode='sg', countryCode='SAG', country=''}]" classname="com.dotmarketing.business.DeterministicIdentifierAPITest" time="0.001"/>
  <testcase name="Test_Language_Deterministic_Id[3: LanguageTestCase{expectedSeed='Language:en:NZ', expectedHash=5382528, langCode='en', countryCode='NZ', country='New Zealand'}]" classname="com.dotmarketing.business.DeterministicIdentifierAPITest" time="0.001"/>
  <testcase name="Test_Category_None_Persisted_Category_Should_Return_Deterministic_Id" classname="com.dotmarketing.business.DeterministicIdentifierAPITest" time="0.002"/>
  <testcase name="Test_Asset_Generate_Deterministic_Id_Best_Effort[0: TestCase{versionable=my.host1687924678464.com, parent=System Host, expectedName='my.host1687924678464.com', expectedType='Host'}]" classname="com.dotmarketing.business.DeterministicIdentifierAPITest" time="0.004"/>
  <testcase name="Test_Asset_Generate_Deterministic_Id_Best_Effort[1: TestCase{versionable=com.dotmarketing.portlets.contentlet.model.Contentlet@5641291c[map={modDate=2023-06-28 03:57:59.322, fileName=file3060656454554473083.txt, title=file3060656454554473083.txt, inode=a42c3591-e02a-4651-8e17-345302ee0e75, __IS_NEW_CONTENT__=true, disabledWYSIWYG=[], host=c238e5ed-8e15-4057-9d04-77b374043a25, stInode=33888b6f-7a8e-4069-b1b6-5c1aa9d0a48d, owner=system, identifier=1b3cb936-8b0f-47df-b073-9d9c484fe203, nullProperties=[wfExpireDate, wfPublishDate, wfActionAssign, wfActionId, wfActionComments, filterKey, whereToSend, wfNeverExpire, _path_to_move, timezoneId, iWantTo, wfPublishTime, wfExpireTime], languageId=1, fileAsset=/home/runner/work/core/custom/assets/a/4/a42c3591-e02a-4651-8e17-345302ee0e75/fileAsset/file3060656454554473083.txt, folder=e796c39d-b929-42e6-946d-ad103ac8d383, __disable_workflow__=true, sortOrder=0, modUser=system},lowIndexPriority=false,variantId=DEFAULT], parent=com.dotmarketing.portlets.folders.model.Folder@398e4d3f[identifier=e796c39d-b929-42e6-946d-ad103ac8d383,name=testName1687924679308,sortOrder=0,showOnMenu=false,hostId=c238e5ed-8e15-4057-9d04-77b374043a25,type=folder,title=testTitle1687924679308,filesMasks=,defaultFileType=33888b6f-7a8e-4069-b1b6-5c1aa9d0a48d,modDate=2023-06-28 03:57:59.311,owner=&lt;null&gt;,iDate=2023-06-28 03:57:59.311,inode=e796c39d-b929-42e6-946d-ad103ac8d383,path=/testName1687924679308/], expectedName='file3060656454554473083.txt', expectedType='FileAsset'}]" classname="com.dotmarketing.business.DeterministicIdentifierAPITest" time="0.004"/>
  <testcase name="Test_Asset_Generate_Deterministic_Id_Best_Effort[2: TestCase{versionable=com.dotmarketing.portlets.templates.model.Template@f4e1e59e, parent=my.host1687924678464.com, expectedName='testTitle1687924679436', expectedType='Template'}]" classname="com.dotmarketing.business.DeterministicIdentifierAPITest" time="0.002"/>
  <testcase name="Test_Asset_Generate_Deterministic_Id_Best_Effort[3: TestCase{versionable=com.dotmarketing.portlets.htmlpageasset.model.HTMLPageAsset@303b61dc[map={template=7b0c7a85-dbb4-42d5-a8c9-95a0a4d27dfb, owner=system, identifier=9728ec3a-efe3-4eaf-a463-965d630f812e, nullProperties=[wfExpireDate, wfPublishDate, wfActionAssign, wfActionId, wfActionComments, filterKey, whereToSend, wfNeverExpire, _path_to_move, timezoneId, iWantTo, wfPublishTime, wfExpireTime], modDate=2023-06-28 03:57:59.457, cachettl=0, _is_test_mode=true, languageId=1, title=test-page-title-1687924679453, httpsreq=, url=test-page-url-1687924679453, showOnMenu=, inode=033eb602-a332-4f6a-b3cf-cdee2f2fa201, folder=e796c39d-b929-42e6-946d-ad103ac8d383, disabledWYSIWYG=[], sortOrder=1, modUser=system, host=c238e5ed-8e15-4057-9d04-77b374043a25, stInode=c541abb1-69b3-4bc5-8430-5e09e5239cc8, friendlyName=test-page-friendly-name-1687924679453},lowIndexPriority=false,variantId=DEFAULT], parent=com.dotmarketing.portlets.folders.model.Folder@398e4d3f[identifier=e796c39d-b929-42e6-946d-ad103ac8d383,name=testName1687924679308,sortOrder=0,showOnMenu=false,hostId=c238e5ed-8e15-4057-9d04-77b374043a25,type=folder,title=testTitle1687924679308,filesMasks=,defaultFileType=33888b6f-7a8e-4069-b1b6-5c1aa9d0a48d,modDate=2023-06-28 03:57:59.311,owner=&lt;null&gt;,iDate=2023-06-28 03:57:59.311,inode=e796c39d-b929-42e6-946d-ad103ac8d383,path=/testName1687924679308/], expectedName='test-page-url-1687924679453', expectedType='htmlpageasset'}]" classname="com.dotmarketing.business.DeterministicIdentifierAPITest" time="0.002"/>
  <testcase name="Test_Asset_Generate_Deterministic_Id_Best_Effort[4: TestCase{versionable=com.dotmarketing.portlets.contentlet.model.Contentlet@4d0f570[map={fileAsset2=/home/runner/work/core/custom/assets/7/a/7a3de733-1f8d-45fa-b862-6ac27d614bec/fileAsset2/test_binary1687924681274.png, modDate=2023-06-28 03:58:01.279, fileAsset1=/home/runner/work/core/custom/assets/7/a/7a3de733-1f8d-45fa-b862-6ac27d614bec/fileAsset1/test_binary1687924681274.jpg, title=blah, inode=7a3de733-1f8d-45fa-b862-6ac27d614bec, __IS_NEW_CONTENT__=true, disabledWYSIWYG=[], host=48190c8c-42c4-46af-8d1a-0cd5db894797, stInode=5d5d95f0-9d12-44fb-b946-1b905dba2969, owner=system, identifier=a32569d4-663e-4715-be14-696c0de02ea6, nullProperties=[], languageId=1, image1=40a2e625-9f75-40b7-87ce-43af070e7e82, folder=SYSTEM_FOLDER, __disable_workflow__=true, sortOrder=0, modUser=system},lowIndexPriority=false,variantId=DEFAULT], parent=demo.dotcms.com, expectedName='test_binary1687924681274.jpg:test_binary1687924681274.png', expectedType='MultipleBinaries1687924679647'}]" classname="com.dotmarketing.business.DeterministicIdentifierAPITest" time="0.003"/>
  <testcase name="Test_Asset_Generate_Deterministic_Id_Best_Effort[5: TestCase{versionable=namefedc19e2cf : keyTagfedc19e2cf, parent=my.host1687924678464.com, expectedName='keyTagfedc19e2cf', expectedType='persona'}]" classname="com.dotmarketing.business.DeterministicIdentifierAPITest" time="0.003"/>
  <testcase name="Test_Similar_Content_Type_Wont_Clash" classname="com.dotmarketing.business.DeterministicIdentifierAPITest" time="0.471"/>
  <testcase name="Test_Generate_Folder_Identifier" classname="com.dotmarketing.business.DeterministicIdentifierAPITest" time="1.14"/>
  <testcase name="Test_Generate_Content_Type_Identifier[0: ContentTypeTestCase{contentType=KeyValueContentType{name=Language Variable, id=f4d7c1b8-2c88-4071-abf1-a5328977b07d, description=Default Content Type for Language Variables, defaultType=false, fixed=true, iDate=Thu Aug 31 16:38:49 UTC 2017, system=true, versionable=true, variable=Languagevariable, modDate=Wed Jun 28 02:49:53 UTC 2023, host=SYSTEM_HOST, siteName=systemHost, icon=language, sortOrder=0, folder=SYSTEM_FOLDER, folderPath=/, markedForDeletion=true, multilingualable=false}, expectedName='Languagevariable', expectedType='KeyValue'}]" classname="com.dotmarketing.business.DeterministicIdentifierAPITest" time="0.005"/>
  <testcase name="Test_Generate_Content_Type_Identifier[1: ContentTypeTestCase{contentType=SimpleContentType{name=testName1687924681693, id=78f54744-48ad-4d4a-bfd0-cabd0737981b, description=testDescription1687924681693, defaultType=false, fixed=false, iDate=Wed Jun 28 03:58:01 UTC 2023, system=false, versionable=true, multilingualable=false, variable=testVarname1687924681693, owner=system, modDate=Wed Jun 28 03:58:02 UTC 2023, host=48190c8c-42c4-46af-8d1a-0cd5db894797, siteName=demo.dotcms.com, icon=event_note, sortOrder=0, folder=SYSTEM_FOLDER, folderPath=/, requiredFields=[], markedForDeletion=false}, expectedName='testVarname1687924681693', expectedType='CONTENT'}]" classname="com.dotmarketing.business.DeterministicIdentifierAPITest" time="0.008"/>
  <system-out><![CDATA[]]></system-out>
  <system-err><![CDATA[]]></system-err>
</testsuite>
