<?xml version="1.0" encoding="UTF-8"?>
<testsuite name="com.dotcms.publishing.PublisherAPIImplTest" tests="24" skipped="0" failures="0" errors="0" timestamp="2023-07-19T14:48:27" hostname="fv-az218-51" time="5.335">
  <properties/>
  <testcase name="AddAllCategoryIntoBundle" classname="com.dotcms.publishing.PublisherAPIImplTest" time="0.218"/>
  <testcase name="testFilterDescriptors" classname="com.dotcms.publishing.PublisherAPIImplTest" time="0.117"/>
  <testcase name="sendPushPublishBundle[0: com.dotcms.publishing.PublisherAPIImplTest$TestAsset@67af873e]" classname="com.dotcms.publishing.PublisherAPIImplTest" time="1.564"/>
  <testcase name="sendPushPublishBundle[1: com.dotcms.publishing.PublisherAPIImplTest$TestAsset@8c8abe6]" classname="com.dotcms.publishing.PublisherAPIImplTest" time="0.248"/>
  <testcase name="sendPushPublishBundle[2: com.dotcms.publishing.PublisherAPIImplTest$TestAsset@15359589]" classname="com.dotcms.publishing.PublisherAPIImplTest" time="0.232"/>
  <testcase name="sendPushPublishBundle[3: com.dotcms.publishing.PublisherAPIImplTest$TestAsset@2cc632b2]" classname="com.dotcms.publishing.PublisherAPIImplTest" time="0.381"/>
  <testcase name="sendPushPublishBundle[4: com.dotcms.publishing.PublisherAPIImplTest$TestAsset@37cbc663]" classname="com.dotcms.publishing.PublisherAPIImplTest" time="0.409"/>
  <testcase name="sendPushPublishBundle[5: com.dotcms.publishing.PublisherAPIImplTest$TestAsset@7a11cce7]" classname="com.dotcms.publishing.PublisherAPIImplTest" time="0.21"/>
  <testcase name="sendPushPublishBundle[6: com.dotcms.publishing.PublisherAPIImplTest$TestAsset@43b187f1]" classname="com.dotcms.publishing.PublisherAPIImplTest" time="0.158"/>
  <testcase name="sendPushPublishBundle[7: com.dotcms.publishing.PublisherAPIImplTest$TestAsset@5e7f7e97]" classname="com.dotcms.publishing.PublisherAPIImplTest" time="0.151"/>
  <testcase name="sendPushPublishBundle[8: com.dotcms.publishing.PublisherAPIImplTest$TestAsset@37ee43e5]" classname="com.dotcms.publishing.PublisherAPIImplTest" time="0.134"/>
  <testcase name="sendPushPublishBundle[9: com.dotcms.publishing.PublisherAPIImplTest$TestAsset@436cd70b]" classname="com.dotcms.publishing.PublisherAPIImplTest" time="0.211"/>
  <testcase name="sendPushPublishBundle[10: com.dotcms.publishing.PublisherAPIImplTest$TestAsset@c2d5e98]" classname="com.dotcms.publishing.PublisherAPIImplTest" time="0.087"/>
  <testcase name="generateBundle[0: com.dotcms.publishing.PublisherAPIImplTest$TestAsset@67af873e]" classname="com.dotcms.publishing.PublisherAPIImplTest" time="0.114"/>
  <testcase name="generateBundle[1: com.dotcms.publishing.PublisherAPIImplTest$TestAsset@8c8abe6]" classname="com.dotcms.publishing.PublisherAPIImplTest" time="0.123"/>
  <testcase name="generateBundle[2: com.dotcms.publishing.PublisherAPIImplTest$TestAsset@15359589]" classname="com.dotcms.publishing.PublisherAPIImplTest" time="0.097"/>
  <testcase name="generateBundle[3: com.dotcms.publishing.PublisherAPIImplTest$TestAsset@2cc632b2]" classname="com.dotcms.publishing.PublisherAPIImplTest" time="0.194"/>
  <testcase name="generateBundle[4: com.dotcms.publishing.PublisherAPIImplTest$TestAsset@37cbc663]" classname="com.dotcms.publishing.PublisherAPIImplTest" time="0.169"/>
  <testcase name="generateBundle[5: com.dotcms.publishing.PublisherAPIImplTest$TestAsset@7a11cce7]" classname="com.dotcms.publishing.PublisherAPIImplTest" time="0.103"/>
  <testcase name="generateBundle[6: com.dotcms.publishing.PublisherAPIImplTest$TestAsset@43b187f1]" classname="com.dotcms.publishing.PublisherAPIImplTest" time="0.098"/>
  <testcase name="generateBundle[7: com.dotcms.publishing.PublisherAPIImplTest$TestAsset@5e7f7e97]" classname="com.dotcms.publishing.PublisherAPIImplTest" time="0.093"/>
  <testcase name="generateBundle[8: com.dotcms.publishing.PublisherAPIImplTest$TestAsset@37ee43e5]" classname="com.dotcms.publishing.PublisherAPIImplTest" time="0.052"/>
  <testcase name="generateBundle[9: com.dotcms.publishing.PublisherAPIImplTest$TestAsset@436cd70b]" classname="com.dotcms.publishing.PublisherAPIImplTest" time="0.143"/>
  <testcase name="generateBundle[10: com.dotcms.publishing.PublisherAPIImplTest$TestAsset@c2d5e98]" classname="com.dotcms.publishing.PublisherAPIImplTest" time="0.017"/>
  <system-out><![CDATA[









































































































































































]]></system-out>
  <system-err><![CDATA[]]></system-err>
</testsuite>
