<?xml version="1.0" encoding="UTF-8"?>
<testsuite name="com.dotcms.rest.api.v1.vtl.VTLResourceIntegrationTest" tests="6" skipped="0" failures="0" errors="0" timestamp="2023-06-23T17:46:06" hostname="fv-az578-351" time="12.115">
  <properties/>
  <testcase name="testGet[0: com.dotcms.rest.api.v1.vtl.VTLResourceTestCase@4d1292c8]" classname="com.dotcms.rest.api.v1.vtl.VTLResourceIntegrationTest" time="1.956"/>
  <testcase name="testGet[1: com.dotcms.rest.api.v1.vtl.VTLResourceTestCase@2f153f6]" classname="com.dotcms.rest.api.v1.vtl.VTLResourceIntegrationTest" time="2.084"/>
  <testcase name="testGet[2: com.dotcms.rest.api.v1.vtl.VTLResourceTestCase@72052a51]" classname="com.dotcms.rest.api.v1.vtl.VTLResourceIntegrationTest" time="2.207"/>
  <testcase name="testGet[3: com.dotcms.rest.api.v1.vtl.VTLResourceTestCase@3b276087]" classname="com.dotcms.rest.api.v1.vtl.VTLResourceIntegrationTest" time="1.916"/>
  <testcase name="testGet[4: com.dotcms.rest.api.v1.vtl.VTLResourceTestCase@627a21f9]" classname="com.dotcms.rest.api.v1.vtl.VTLResourceIntegrationTest" time="1.931"/>
  <testcase name="testGet[5: com.dotcms.rest.api.v1.vtl.VTLResourceTestCase@6a1ca0a3]" classname="com.dotcms.rest.api.v1.vtl.VTLResourceIntegrationTest" time="2.019"/>
  <system-out><![CDATA[]]></system-out>
  <system-err><![CDATA[]]></system-err>
</testsuite>
