<?xml version="1.0" encoding="UTF-8"?>
<testsuite name="com.dotcms.contenttype.test.ContentResourceTest" tests="52" skipped="0" failures="0" errors="0" timestamp="2023-06-26T15:35:43" hostname="fv-az364-36" time="137.377">
  <properties/>
  <testcase name="testGetContentShouldReturnIconDetails" classname="com.dotcms.contenttype.test.ContentResourceTest" time="1.493"/>
  <testcase name="Test_Save_Action_Set_Words_To_Required_NumericField_Issue_15340" classname="com.dotcms.contenttype.test.ContentResourceTest" time="0.838"/>
  <testcase name="test_getContent_includeGrandChildCategory_success" classname="com.dotcms.contenttype.test.ContentResourceTest" time="1.257"/>
  <testcase name="testGetContentWithRelatedParameter[0: com.dotcms.contenttype.test.ContentResourceTest$PullRelatedTestCase@380b9c6f]" classname="com.dotcms.contenttype.test.ContentResourceTest" time="3.749"/>
  <testcase name="testGetContentWithRelatedParameter[1: com.dotcms.contenttype.test.ContentResourceTest$PullRelatedTestCase@3d7d796]" classname="com.dotcms.contenttype.test.ContentResourceTest" time="3.677"/>
  <testcase name="testGetContentWithRelatedParameter[2: com.dotcms.contenttype.test.ContentResourceTest$PullRelatedTestCase@89d3975]" classname="com.dotcms.contenttype.test.ContentResourceTest" time="3.686"/>
  <testcase name="testGetContentWithRelatedParameter[3: com.dotcms.contenttype.test.ContentResourceTest$PullRelatedTestCase@7559e611]" classname="com.dotcms.contenttype.test.ContentResourceTest" time="3.48"/>
  <testcase name="testGetContentWithRelatedParameter[4: com.dotcms.contenttype.test.ContentResourceTest$PullRelatedTestCase@11d5f431]" classname="com.dotcms.contenttype.test.ContentResourceTest" time="3.621"/>
  <testcase name="test_getContent_SelfRelatedWith3LevelsOfDepth_shouldReturnRelationships" classname="com.dotcms.contenttype.test.ContentResourceTest" time="1.283"/>
  <testcase name="Test_Save_Action_Send_Fields_SubSet_Issue_15340" classname="com.dotcms.contenttype.test.ContentResourceTest" time="2.757"/>
  <testcase name="test_getContent_shouldReturnRelationships[0: com.dotcms.contenttype.test.ContentResourceTest$TestCase@2c03eafa]" classname="com.dotcms.contenttype.test.ContentResourceTest" time="2.829"/>
  <testcase name="test_getContent_shouldReturnRelationships[1: com.dotcms.contenttype.test.ContentResourceTest$TestCase@4db4289e]" classname="com.dotcms.contenttype.test.ContentResourceTest" time="1.998"/>
  <testcase name="test_getContent_shouldReturnRelationships[2: com.dotcms.contenttype.test.ContentResourceTest$TestCase@77e73657]" classname="com.dotcms.contenttype.test.ContentResourceTest" time="2.898"/>
  <testcase name="test_getContent_shouldReturnRelationships[3: com.dotcms.contenttype.test.ContentResourceTest$TestCase@49ad20e6]" classname="com.dotcms.contenttype.test.ContentResourceTest" time="3.106"/>
  <testcase name="test_getContent_shouldReturnRelationships[4: com.dotcms.contenttype.test.ContentResourceTest$TestCase@7aca5713]" classname="com.dotcms.contenttype.test.ContentResourceTest" time="3.116"/>
  <testcase name="test_getContent_shouldReturnRelationships[5: com.dotcms.contenttype.test.ContentResourceTest$TestCase@1656600c]" classname="com.dotcms.contenttype.test.ContentResourceTest" time="2.819"/>
  <testcase name="test_getContent_shouldReturnRelationships[6: com.dotcms.contenttype.test.ContentResourceTest$TestCase@58cda91f]" classname="com.dotcms.contenttype.test.ContentResourceTest" time="2.739"/>
  <testcase name="test_getContent_shouldReturnRelationships[7: com.dotcms.contenttype.test.ContentResourceTest$TestCase@78c718f0]" classname="com.dotcms.contenttype.test.ContentResourceTest" time="2.743"/>
  <testcase name="test_getContent_shouldReturnRelationships[8: com.dotcms.contenttype.test.ContentResourceTest$TestCase@501dba34]" classname="com.dotcms.contenttype.test.ContentResourceTest" time="3.01"/>
  <testcase name="test_getContent_shouldReturnRelationships[9: com.dotcms.contenttype.test.ContentResourceTest$TestCase@756ee63b]" classname="com.dotcms.contenttype.test.ContentResourceTest" time="2.84"/>
  <testcase name="test_getContent_shouldReturnRelationships[10: com.dotcms.contenttype.test.ContentResourceTest$TestCase@40de3cd8]" classname="com.dotcms.contenttype.test.ContentResourceTest" time="2.813"/>
  <testcase name="test_getContent_shouldReturnRelationships[11: com.dotcms.contenttype.test.ContentResourceTest$TestCase@1eacab]" classname="com.dotcms.contenttype.test.ContentResourceTest" time="2.721"/>
  <testcase name="test_getContent_shouldReturnRelationships[12: com.dotcms.contenttype.test.ContentResourceTest$TestCase@3d6f6a86]" classname="com.dotcms.contenttype.test.ContentResourceTest" time="2.729"/>
  <testcase name="test_getContent_shouldReturnRelationships[13: com.dotcms.contenttype.test.ContentResourceTest$TestCase@3f320c2e]" classname="com.dotcms.contenttype.test.ContentResourceTest" time="2.692"/>
  <testcase name="test_getContent_shouldReturnRelationships[14: com.dotcms.contenttype.test.ContentResourceTest$TestCase@ebbcfec]" classname="com.dotcms.contenttype.test.ContentResourceTest" time="2.811"/>
  <testcase name="test_getContent_shouldReturnRelationships[15: com.dotcms.contenttype.test.ContentResourceTest$TestCase@7bb55164]" classname="com.dotcms.contenttype.test.ContentResourceTest" time="3.651"/>
  <testcase name="test_getContent_shouldReturnRelationships[16: com.dotcms.contenttype.test.ContentResourceTest$TestCase@3dc82fce]" classname="com.dotcms.contenttype.test.ContentResourceTest" time="3.636"/>
  <testcase name="test_getContent_shouldReturnRelationships[17: com.dotcms.contenttype.test.ContentResourceTest$TestCase@12341725]" classname="com.dotcms.contenttype.test.ContentResourceTest" time="2.97"/>
  <testcase name="test_getContent_shouldReturnRelationships[18: com.dotcms.contenttype.test.ContentResourceTest$TestCase@42a07e20]" classname="com.dotcms.contenttype.test.ContentResourceTest" time="2.83"/>
  <testcase name="test_getContent_shouldReturnRelationships[19: com.dotcms.contenttype.test.ContentResourceTest$TestCase@13cf3961]" classname="com.dotcms.contenttype.test.ContentResourceTest" time="2.927"/>
  <testcase name="test_getContent_shouldReturnRelationships[20: com.dotcms.contenttype.test.ContentResourceTest$TestCase@6f85d289]" classname="com.dotcms.contenttype.test.ContentResourceTest" time="3.026"/>
  <testcase name="test_getContent_shouldReturnRelationships[21: com.dotcms.contenttype.test.ContentResourceTest$TestCase@5dba7d63]" classname="com.dotcms.contenttype.test.ContentResourceTest" time="3.025"/>
  <testcase name="test_getContent_shouldReturnRelationships[22: com.dotcms.contenttype.test.ContentResourceTest$TestCase@1caa598a]" classname="com.dotcms.contenttype.test.ContentResourceTest" time="2.881"/>
  <testcase name="test_getContent_shouldReturnRelationships[23: com.dotcms.contenttype.test.ContentResourceTest$TestCase@76c46f4f]" classname="com.dotcms.contenttype.test.ContentResourceTest" time="2.852"/>
  <testcase name="test_getContent_shouldReturnRelationships[24: com.dotcms.contenttype.test.ContentResourceTest$TestCase@3714ea84]" classname="com.dotcms.contenttype.test.ContentResourceTest" time="1.946"/>
  <testcase name="test_getContent_shouldReturnRelationships[25: com.dotcms.contenttype.test.ContentResourceTest$TestCase@39cbc860]" classname="com.dotcms.contenttype.test.ContentResourceTest" time="3.176"/>
  <testcase name="test_getContent_shouldReturnRelationships[26: com.dotcms.contenttype.test.ContentResourceTest$TestCase@77e3a0da]" classname="com.dotcms.contenttype.test.ContentResourceTest" time="3.171"/>
  <testcase name="test_getContent_shouldReturnRelationships[27: com.dotcms.contenttype.test.ContentResourceTest$TestCase@2208077e]" classname="com.dotcms.contenttype.test.ContentResourceTest" time="2.839"/>
  <testcase name="test_getContent_shouldReturnRelationships[28: com.dotcms.contenttype.test.ContentResourceTest$TestCase@32588971]" classname="com.dotcms.contenttype.test.ContentResourceTest" time="2.831"/>
  <testcase name="test_getContent_shouldReturnRelationships[29: com.dotcms.contenttype.test.ContentResourceTest$TestCase@55b7cf92]" classname="com.dotcms.contenttype.test.ContentResourceTest" time="2.831"/>
  <testcase name="test_getContent_shouldReturnRelationships[30: com.dotcms.contenttype.test.ContentResourceTest$TestCase@3f38508e]" classname="com.dotcms.contenttype.test.ContentResourceTest" time="2.868"/>
  <testcase name="test_getContent_shouldReturnRelationships[31: com.dotcms.contenttype.test.ContentResourceTest$TestCase@5d6993e0]" classname="com.dotcms.contenttype.test.ContentResourceTest" time="2.756"/>
  <testcase name="test_getContent_shouldReturnRelationships[32: com.dotcms.contenttype.test.ContentResourceTest$TestCase@2b8c8a3d]" classname="com.dotcms.contenttype.test.ContentResourceTest" time="2.735"/>
  <testcase name="test_getContent_shouldReturnRelationships[33: com.dotcms.contenttype.test.ContentResourceTest$TestCase@40ac0b81]" classname="com.dotcms.contenttype.test.ContentResourceTest" time="3.772"/>
  <testcase name="testSinglePOST_InvalidParamsShouldReturn400[0: ({\n    &quot;stInode&quot; : &quot;InvalidValue&quot;,\n    &quot;numeric&quot; : &quot;0&quot;,\n    &quot;image&quot; : &quot;whatever&quot;\n}, Bad Request)]" classname="com.dotcms.contenttype.test.ContentResourceTest" time="0.81"/>
  <testcase name="testSinglePOST_InvalidParamsShouldReturn400[1: ({\n    &quot;numeric&quot; : &quot;0&quot;,\n    &quot;image&quot; : &quot;whatever&quot;\n}, Bad Request)]" classname="com.dotcms.contenttype.test.ContentResourceTest" time="0.793"/>
  <testcase name="Test_Save_Action_Set_Null_To_Required_NumericField_Issue_15340" classname="com.dotcms.contenttype.test.ContentResourceTest" time="0.829"/>
  <testcase name="Test_Save_Action_Remove_Image_Then_Verify_Fields_Were_Cleared_Issue_15340" classname="com.dotcms.contenttype.test.ContentResourceTest" time="3.615"/>
  <testcase name="test_getContentWithMultipleSelfRelated_shouldReturnRelationships[0: com.dotcms.contenttype.test.ContentResourceTest$PullSelfRelatedTestCase@2c0aedf4]" classname="com.dotcms.contenttype.test.ContentResourceTest" time="1.571"/>
  <testcase name="test_getContentWithMultipleSelfRelated_shouldReturnRelationships[1: com.dotcms.contenttype.test.ContentResourceTest$PullSelfRelatedTestCase@6318472a]" classname="com.dotcms.contenttype.test.ContentResourceTest" time="1.53"/>
  <testcase name="testGetContentWithAllCategoriesInfo[0: json]" classname="com.dotcms.contenttype.test.ContentResourceTest" time="1.424"/>
  <testcase name="testGetContentWithAllCategoriesInfo[1: xml]" classname="com.dotcms.contenttype.test.ContentResourceTest" time="2.373"/>
  <system-out><![CDATA[











]]></system-out>
  <system-err><![CDATA[]]></system-err>
</testsuite>
