<?xml version="1.0" encoding="UTF-8"?>
<testsuite name="com.dotcms.rest.TagResourceIntegrationTest" tests="4" skipped="0" failures="0" errors="0" timestamp="2023-06-23T23:05:47" hostname="fv-az444-739" time="0.361">
  <properties/>
  <testcase name="testList[0: com.dotcms.rest.TagResourceTestCase@7a70f2f5]" classname="com.dotcms.rest.TagResourceIntegrationTest" time="0.301"/>
  <testcase name="testList[1: com.dotcms.rest.TagResourceTestCase@63653b18]" classname="com.dotcms.rest.TagResourceIntegrationTest" time="0.021"/>
  <testcase name="testList[2: com.dotcms.rest.TagResourceTestCase@70ae0d3f]" classname="com.dotcms.rest.TagResourceIntegrationTest" time="0.016"/>
  <testcase name="testList[3: com.dotcms.rest.TagResourceTestCase@7d857e2f]" classname="com.dotcms.rest.TagResourceIntegrationTest" time="0.022"/>
  <system-out><![CDATA[]]></system-out>
  <system-err><![CDATA[Jun 23, 2023 11:05:47 PM com.dotcms.repackage.org.hibernate.validator.internal.util.Version <clinit>
INFO: HV000001: Hibernate Validator 4.3.2.Final
]]></system-err>
</testsuite>
