<?xml version="1.0" encoding="UTF-8"?>
<testsuite name="com.dotmarketing.portlets.structure.model.ContentletRelationshipsTest" tests="7" skipped="0" failures="0" errors="0" timestamp="2023-07-10T22:05:32" hostname="fv-az812-782" time="8.735">
  <properties/>
  <testcase name="testDoesAllowOnlyOne[0: com.dotmarketing.portlets.structure.model.ContentletRelationshipsTest$CardinalityTestCase@5727d6f7]" classname="com.dotmarketing.portlets.structure.model.ContentletRelationshipsTest" time="0.575"/>
  <testcase name="testDoesAllowOnlyOne[1: com.dotmarketing.portlets.structure.model.ContentletRelationshipsTest$CardinalityTestCase@5938c5a0]" classname="com.dotmarketing.portlets.structure.model.ContentletRelationshipsTest" time="0.435"/>
  <testcase name="testDoesAllowOnlyOne[2: com.dotmarketing.portlets.structure.model.ContentletRelationshipsTest$CardinalityTestCase@16536248]" classname="com.dotmarketing.portlets.structure.model.ContentletRelationshipsTest" time="0.437"/>
  <testcase name="testGetRelationshipRecords[0: com.dotmarketing.portlets.structure.model.ContentletRelationshipsTest$TestCase@4ff0e2c0]" classname="com.dotmarketing.portlets.structure.model.ContentletRelationshipsTest" time="1.894"/>
  <testcase name="testGetRelationshipRecords[1: com.dotmarketing.portlets.structure.model.ContentletRelationshipsTest$TestCase@268915a7]" classname="com.dotmarketing.portlets.structure.model.ContentletRelationshipsTest" time="1.851"/>
  <testcase name="testGetRelationshipRecords[2: com.dotmarketing.portlets.structure.model.ContentletRelationshipsTest$TestCase@3903d113]" classname="com.dotmarketing.portlets.structure.model.ContentletRelationshipsTest" time="1.772"/>
  <testcase name="testGetRelationshipRecords[3: com.dotmarketing.portlets.structure.model.ContentletRelationshipsTest$TestCase@344fb559]" classname="com.dotmarketing.portlets.structure.model.ContentletRelationshipsTest" time="1.768"/>
  <system-out><![CDATA[]]></system-out>
  <system-err><![CDATA[]]></system-err>
</testsuite>
