<?xml version="1.0" encoding="UTF-8"?>
<testsuite name="com.dotmarketing.portlets.structure.model.ContentletRelationshipsTest" tests="7" skipped="0" failures="0" errors="0" timestamp="2023-06-29T02:27:43" hostname="fv-az445-202" time="7.27">
  <properties/>
  <testcase name="testDoesAllowOnlyOne[0: com.dotmarketing.portlets.structure.model.ContentletRelationshipsTest$CardinalityTestCase@7c36076b]" classname="com.dotmarketing.portlets.structure.model.ContentletRelationshipsTest" time="0.382"/>
  <testcase name="testDoesAllowOnlyOne[1: com.dotmarketing.portlets.structure.model.ContentletRelationshipsTest$CardinalityTestCase@bfec296]" classname="com.dotmarketing.portlets.structure.model.ContentletRelationshipsTest" time="0.398"/>
  <testcase name="testDoesAllowOnlyOne[2: com.dotmarketing.portlets.structure.model.ContentletRelationshipsTest$CardinalityTestCase@287f80df]" classname="com.dotmarketing.portlets.structure.model.ContentletRelationshipsTest" time="0.397"/>
  <testcase name="testGetRelationshipRecords[0: com.dotmarketing.portlets.structure.model.ContentletRelationshipsTest$TestCase@52e1db3c]" classname="com.dotmarketing.portlets.structure.model.ContentletRelationshipsTest" time="1.819"/>
  <testcase name="testGetRelationshipRecords[1: com.dotmarketing.portlets.structure.model.ContentletRelationshipsTest$TestCase@1e208354]" classname="com.dotmarketing.portlets.structure.model.ContentletRelationshipsTest" time="1.841"/>
  <testcase name="testGetRelationshipRecords[2: com.dotmarketing.portlets.structure.model.ContentletRelationshipsTest$TestCase@63370874]" classname="com.dotmarketing.portlets.structure.model.ContentletRelationshipsTest" time="1.72"/>
  <testcase name="testGetRelationshipRecords[3: com.dotmarketing.portlets.structure.model.ContentletRelationshipsTest$TestCase@371a05b5]" classname="com.dotmarketing.portlets.structure.model.ContentletRelationshipsTest" time="0.713"/>
  <system-out><![CDATA[]]></system-out>
  <system-err><![CDATA[]]></system-err>
</testsuite>
