<?xml version="1.0" encoding="UTF-8"?>
<testsuite name="com.dotmarketing.business.DeterministicIdentifierAPITest" tests="16" skipped="0" failures="0" errors="0" timestamp="2023-07-18T01:07:19" hostname="fv-az254-523" time="1.257">
  <properties/>
  <testcase name="Test_Category_Path_Seed_And_Id" classname="com.dotmarketing.business.DeterministicIdentifierAPITest" time="0.03"/>
  <testcase name="Test_Language_Deterministic_Id[0: LanguageTestCase{expectedSeed='Language:es:US', expectedHash=4913155, langCode='es', countryCode='US', country='United States'}]" classname="com.dotmarketing.business.DeterministicIdentifierAPITest" time="0.002"/>
  <testcase name="Test_Language_Deterministic_Id[1: LanguageTestCase{expectedSeed='Language:ep:', expectedHash=5292269, langCode='ep', countryCode='', country=''}]" classname="com.dotmarketing.business.DeterministicIdentifierAPITest" time="0.001"/>
  <testcase name="Test_Language_Deterministic_Id[2: LanguageTestCase{expectedSeed='Language:sg:SAG', expectedHash=4713118, langCode='sg', countryCode='SAG', country=''}]" classname="com.dotmarketing.business.DeterministicIdentifierAPITest" time="0.002"/>
  <testcase name="Test_Language_Deterministic_Id[3: LanguageTestCase{expectedSeed='Language:en:NZ', expectedHash=5382528, langCode='en', countryCode='NZ', country='New Zealand'}]" classname="com.dotmarketing.business.DeterministicIdentifierAPITest" time="0.001"/>
  <testcase name="Test_Category_None_Persisted_Category_Should_Return_Deterministic_Id" classname="com.dotmarketing.business.DeterministicIdentifierAPITest" time="0.002"/>
  <testcase name="Test_Asset_Generate_Deterministic_Id_Best_Effort[0: TestCase{versionable=my.host1689642048261.com, parent=System Host, expectedName='my.host1689642048261.com', expectedType='Host'}]" classname="com.dotmarketing.business.DeterministicIdentifierAPITest" time="0.004"/>
  <testcase name="Test_Asset_Generate_Deterministic_Id_Best_Effort[1: TestCase{versionable=com.dotmarketing.portlets.contentlet.model.Contentlet@77563267[map={modDate=2023-07-18 01:00:48.967, fileName=file15578739447888809950.txt, title=file15578739447888809950.txt, inode=ade4cffc-ae9b-48bc-8820-acb0d93286f9, __IS_NEW_CONTENT__=true, disabledWYSIWYG=[], host=6f6e17eb-9880-4838-907c-f149c1ef1053, stInode=33888b6f-7a8e-4069-b1b6-5c1aa9d0a48d, owner=system, identifier=7b07a4ad-a4c8-4126-b818-f0ae207e607d, nullProperties=[wfExpireDate, wfPublishDate, wfActionAssign, wfActionId, wfActionComments, filterKey, whereToSend, wfNeverExpire, _path_to_move, timezoneId, iWantTo, wfPublishTime, wfExpireTime], languageId=1, fileAsset=/home/runner/work/core/custom/assets/a/d/ade4cffc-ae9b-48bc-8820-acb0d93286f9/fileAsset/file15578739447888809950.txt, folder=d73d718c-e03a-4367-8ef2-e0f8f5635791, __disable_workflow__=true, sortOrder=0, modUser=system},lowIndexPriority=false,variantId=DEFAULT], parent=com.dotmarketing.portlets.folders.model.Folder@4f5134d1[identifier=d73d718c-e03a-4367-8ef2-e0f8f5635791,name=testName1689642048960,sortOrder=0,showOnMenu=false,hostId=6f6e17eb-9880-4838-907c-f149c1ef1053,type=folder,title=testTitle1689642048960,filesMasks=,defaultFileType=33888b6f-7a8e-4069-b1b6-5c1aa9d0a48d,modDate=2023-07-18 01:00:48.963,owner=&lt;null&gt;,iDate=2023-07-18 01:00:48.963,inode=d73d718c-e03a-4367-8ef2-e0f8f5635791,path=/testName1689642048960/], expectedName='file15578739447888809950.txt', expectedType='FileAsset'}]" classname="com.dotmarketing.business.DeterministicIdentifierAPITest" time="0.004"/>
  <testcase name="Test_Asset_Generate_Deterministic_Id_Best_Effort[2: TestCase{versionable=com.dotmarketing.portlets.templates.model.Template@19bb1253, parent=my.host1689642048261.com, expectedName='testTitle1689642049067', expectedType='Template'}]" classname="com.dotmarketing.business.DeterministicIdentifierAPITest" time="0.003"/>
  <testcase name="Test_Asset_Generate_Deterministic_Id_Best_Effort[3: TestCase{versionable=com.dotmarketing.portlets.htmlpageasset.model.HTMLPageAsset@d5f99d2[map={template=be5e7f38-aa51-47f5-8340-51551e743e28, owner=system, identifier=e330a1fa-fc1d-4dc4-a3a4-c1fe8f84120f, nullProperties=[wfExpireDate, wfPublishDate, wfActionAssign, wfActionId, wfActionComments, filterKey, whereToSend, wfNeverExpire, _path_to_move, timezoneId, iWantTo, wfPublishTime, wfExpireTime], modDate=2023-07-18 01:00:49.084, cachettl=0, _is_test_mode=true, languageId=1, title=test-page-title-1689642049080, httpsreq=, url=test-page-url-1689642049080, showOnMenu=, inode=e4dec9a6-d8c4-4503-a78f-012c9476493f, folder=d73d718c-e03a-4367-8ef2-e0f8f5635791, disabledWYSIWYG=[], sortOrder=1, modUser=system, host=6f6e17eb-9880-4838-907c-f149c1ef1053, stInode=c541abb1-69b3-4bc5-8430-5e09e5239cc8, friendlyName=test-page-friendly-name-1689642049080},lowIndexPriority=false,variantId=DEFAULT], parent=com.dotmarketing.portlets.folders.model.Folder@4f5134d1[identifier=d73d718c-e03a-4367-8ef2-e0f8f5635791,name=testName1689642048960,sortOrder=0,showOnMenu=false,hostId=6f6e17eb-9880-4838-907c-f149c1ef1053,type=folder,title=testTitle1689642048960,filesMasks=,defaultFileType=33888b6f-7a8e-4069-b1b6-5c1aa9d0a48d,modDate=2023-07-18 01:00:48.963,owner=&lt;null&gt;,iDate=2023-07-18 01:00:48.963,inode=d73d718c-e03a-4367-8ef2-e0f8f5635791,path=/testName1689642048960/], expectedName='test-page-url-1689642049080', expectedType='htmlpageasset'}]" classname="com.dotmarketing.business.DeterministicIdentifierAPITest" time="0.003"/>
  <testcase name="Test_Asset_Generate_Deterministic_Id_Best_Effort[4: TestCase{versionable=com.dotmarketing.portlets.contentlet.model.Contentlet@1139e689[map={fileAsset2=/home/runner/work/core/custom/assets/c/e/cefa25a3-7334-49d6-bcd8-7c9c852c49a1/fileAsset2/test_binary1689642050983.png, modDate=2023-07-18 01:00:50.988, fileAsset1=/home/runner/work/core/custom/assets/c/e/cefa25a3-7334-49d6-bcd8-7c9c852c49a1/fileAsset1/test_binary1689642050983.jpg, title=blah, inode=cefa25a3-7334-49d6-bcd8-7c9c852c49a1, __IS_NEW_CONTENT__=true, disabledWYSIWYG=[], host=48190c8c-42c4-46af-8d1a-0cd5db894797, stInode=23ce98fc-6b18-4f91-8042-e7e170362739, owner=system, identifier=e836ed8a-8188-4577-853e-f119d5edd0da, nullProperties=[], languageId=1, image1=e14e1bd8-49e6-4a8f-b544-6f0a494d8fc4, folder=SYSTEM_FOLDER, __disable_workflow__=true, sortOrder=0, modUser=system},lowIndexPriority=false,variantId=DEFAULT], parent=demo.dotcms.com, expectedName='test_binary1689642050983.jpg:test_binary1689642050983.png', expectedType='MultipleBinaries1689642049249'}]" classname="com.dotmarketing.business.DeterministicIdentifierAPITest" time="0.004"/>
  <testcase name="Test_Asset_Generate_Deterministic_Id_Best_Effort[5: TestCase{versionable=name0a3aac8490 : keyTag0a3aac8490, parent=my.host1689642048261.com, expectedName='keyTag0a3aac8490', expectedType='persona'}]" classname="com.dotmarketing.business.DeterministicIdentifierAPITest" time="0.002"/>
  <testcase name="Test_Similar_Content_Type_Wont_Clash" classname="com.dotmarketing.business.DeterministicIdentifierAPITest" time="0.481"/>
  <testcase name="Test_Generate_Folder_Identifier" classname="com.dotmarketing.business.DeterministicIdentifierAPITest" time="0.705"/>
  <testcase name="Test_Generate_Content_Type_Identifier[0: ContentTypeTestCase{contentType=KeyValueContentType{name=Language Variable, id=f4d7c1b8-2c88-4071-abf1-a5328977b07d, description=Default Content Type for Language Variables, defaultType=false, fixed=true, iDate=Thu Aug 31 16:38:49 UTC 2017, system=true, versionable=true, variable=Languagevariable, modDate=Mon Jul 17 23:54:03 UTC 2023, host=SYSTEM_HOST, siteName=systemHost, icon=language, sortOrder=0, folder=SYSTEM_FOLDER, folderPath=/, markedForDeletion=true, multilingualable=false}, expectedName='Languagevariable', expectedType='KeyValue'}]" classname="com.dotmarketing.business.DeterministicIdentifierAPITest" time="0.005"/>
  <testcase name="Test_Generate_Content_Type_Identifier[1: ContentTypeTestCase{contentType=SimpleContentType{name=testName1689642051364, id=378ca53e-1ff9-45a3-b636-7df927268d96, description=testDescription1689642051364, defaultType=false, fixed=false, iDate=Tue Jul 18 01:00:51 UTC 2023, system=false, versionable=true, multilingualable=false, variable=testVarname1689642051364, owner=system, modDate=Tue Jul 18 01:00:52 UTC 2023, host=48190c8c-42c4-46af-8d1a-0cd5db894797, siteName=demo.dotcms.com, icon=event_note, sortOrder=0, folder=SYSTEM_FOLDER, folderPath=/, requiredFields=[], markedForDeletion=false}, expectedName='testVarname1689642051364', expectedType='CONTENT'}]" classname="com.dotmarketing.business.DeterministicIdentifierAPITest" time="0.004"/>
  <system-out><![CDATA[]]></system-out>
  <system-err><![CDATA[]]></system-err>
</testsuite>
