<?xml version="1.0" encoding="UTF-8"?>
<testsuite name="com.dotcms.filters.interceptor.jwt.JsonWebTokenInterceptorIntegrationTest" tests="3" skipped="0" failures="0" errors="0" timestamp="2023-07-21T22:26:56" hostname="fv-az398-443" time="0.077">
  <properties/>
  <testcase name="interceptWithAccessTokenUserModifiedTest" classname="com.dotcms.filters.interceptor.jwt.JsonWebTokenInterceptorIntegrationTest" time="0.062"/>
  <testcase name="interceptWithAccessTokenTest" classname="com.dotcms.filters.interceptor.jwt.JsonWebTokenInterceptorIntegrationTest" time="0.004"/>
  <testcase name="interceptWithAccessTokenNonValidTest" classname="com.dotcms.filters.interceptor.jwt.JsonWebTokenInterceptorIntegrationTest" time="0.01"/>
  <system-out><![CDATA[



]]></system-out>
  <system-err><![CDATA[]]></system-err>
</testsuite>
