<?xml version="1.0" encoding="UTF-8"?>
<testsuite name="com.dotcms.enterprise.publishing.remote.bundler.DependencyBundlerTest" tests="173" skipped="0" failures="0" errors="0" timestamp="2023-07-07T19:26:37" hostname="fv-az422-848" time="62.344">
  <properties/>
  <testcase name="addLanguageVariableTestCaseInBundle" classname="com.dotcms.enterprise.publishing.remote.bundler.DependencyBundlerTest" time="1.87"/>
  <testcase name="includeHTMLDependenciesNoMatterModDate: com.dotcms.enterprise.publishing.remote.bundler.DependencyBundlerTest$ModDateTestData@99604e7" classname="com.dotcms.enterprise.publishing.remote.bundler.DependencyBundlerTest" time="2.575"/>
  <testcase name="includeHTMLDependenciesNoMatterModDate: com.dotcms.enterprise.publishing.remote.bundler.DependencyBundlerTest$ModDateTestData@32d25fc9" classname="com.dotcms.enterprise.publishing.remote.bundler.DependencyBundlerTest" time="2.065"/>
  <testcase name="includeHTMLDependenciesNoMatterModDate: com.dotcms.enterprise.publishing.remote.bundler.DependencyBundlerTest$ModDateTestData@376214f0" classname="com.dotcms.enterprise.publishing.remote.bundler.DependencyBundlerTest" time="1.943"/>
  <testcase name="includeHTMLDependenciesNoMatterModDate: com.dotcms.enterprise.publishing.remote.bundler.DependencyBundlerTest$ModDateTestData@19b3356e" classname="com.dotcms.enterprise.publishing.remote.bundler.DependencyBundlerTest" time="1.99"/>
  <testcase name="notExcludeContenletChildAssetByModDate: com.dotcms.enterprise.publishing.remote.bundler.DependencyBundlerTest$ModDateTestData@99604e7" classname="com.dotcms.enterprise.publishing.remote.bundler.DependencyBundlerTest" time="2.103"/>
  <testcase name="notExcludeContenletChildAssetByModDate: com.dotcms.enterprise.publishing.remote.bundler.DependencyBundlerTest$ModDateTestData@32d25fc9" classname="com.dotcms.enterprise.publishing.remote.bundler.DependencyBundlerTest" time="2.032"/>
  <testcase name="notExcludeContenletChildAssetByModDate: com.dotcms.enterprise.publishing.remote.bundler.DependencyBundlerTest$ModDateTestData@376214f0" classname="com.dotcms.enterprise.publishing.remote.bundler.DependencyBundlerTest" time="2.078"/>
  <testcase name="notExcludeContenletChildAssetByModDate: com.dotcms.enterprise.publishing.remote.bundler.DependencyBundlerTest$ModDateTestData@19b3356e" classname="com.dotcms.enterprise.publishing.remote.bundler.DependencyBundlerTest" time="2.054"/>
  <testcase name="excludeDependenciesWhenAssetExcludeByFilter: com.dotcms.enterprise.publishing.remote.bundler.DependencyBundlerTest$ModDateTestData@99604e7" classname="com.dotcms.enterprise.publishing.remote.bundler.DependencyBundlerTest" time="1.932"/>
  <testcase name="excludeDependenciesWhenAssetExcludeByFilter: com.dotcms.enterprise.publishing.remote.bundler.DependencyBundlerTest$ModDateTestData@32d25fc9" classname="com.dotcms.enterprise.publishing.remote.bundler.DependencyBundlerTest" time="1.996"/>
  <testcase name="excludeDependenciesWhenAssetExcludeByFilter: com.dotcms.enterprise.publishing.remote.bundler.DependencyBundlerTest$ModDateTestData@376214f0" classname="com.dotcms.enterprise.publishing.remote.bundler.DependencyBundlerTest" time="2.082"/>
  <testcase name="excludeDependenciesWhenAssetExcludeByFilter: com.dotcms.enterprise.publishing.remote.bundler.DependencyBundlerTest$ModDateTestData@19b3356e" classname="com.dotcms.enterprise.publishing.remote.bundler.DependencyBundlerTest" time="2.061"/>
  <testcase name="includeContenletChildWithSeveralVersionAssetByModDate: com.dotcms.enterprise.publishing.remote.bundler.DependencyBundlerTest$ModDateTestData@99604e7" classname="com.dotcms.enterprise.publishing.remote.bundler.DependencyBundlerTest" time="2.218"/>
  <testcase name="includeContenletChildWithSeveralVersionAssetByModDate: com.dotcms.enterprise.publishing.remote.bundler.DependencyBundlerTest$ModDateTestData@32d25fc9" classname="com.dotcms.enterprise.publishing.remote.bundler.DependencyBundlerTest" time="2.003"/>
  <testcase name="includeContenletChildWithSeveralVersionAssetByModDate: com.dotcms.enterprise.publishing.remote.bundler.DependencyBundlerTest$ModDateTestData@376214f0" classname="com.dotcms.enterprise.publishing.remote.bundler.DependencyBundlerTest" time="1.002"/>
  <testcase name="includeContenletChildWithSeveralVersionAssetByModDate: com.dotcms.enterprise.publishing.remote.bundler.DependencyBundlerTest$ModDateTestData@19b3356e" classname="com.dotcms.enterprise.publishing.remote.bundler.DependencyBundlerTest" time="1.086"/>
  <testcase name="excludeHTMLDependenciesByModDate: com.dotcms.enterprise.publishing.remote.bundler.DependencyBundlerTest$ModDateTestData@99604e7" classname="com.dotcms.enterprise.publishing.remote.bundler.DependencyBundlerTest" time="1.91"/>
  <testcase name="excludeHTMLDependenciesByModDate: com.dotcms.enterprise.publishing.remote.bundler.DependencyBundlerTest$ModDateTestData@32d25fc9" classname="com.dotcms.enterprise.publishing.remote.bundler.DependencyBundlerTest" time="1.891"/>
  <testcase name="excludeHTMLDependenciesByModDate: com.dotcms.enterprise.publishing.remote.bundler.DependencyBundlerTest$ModDateTestData@376214f0" classname="com.dotcms.enterprise.publishing.remote.bundler.DependencyBundlerTest" time="2.123"/>
  <testcase name="excludeHTMLDependenciesByModDate: com.dotcms.enterprise.publishing.remote.bundler.DependencyBundlerTest$ModDateTestData@19b3356e" classname="com.dotcms.enterprise.publishing.remote.bundler.DependencyBundlerTest" time="2.007"/>
  <testcase name="includeTemplateUsingTwoEnvironment" classname="com.dotcms.enterprise.publishing.remote.bundler.DependencyBundlerTest" time="2.013"/>
  <testcase name="addAssetInBundle: Contentype with filterDescriptorAllDependencies" classname="com.dotcms.enterprise.publishing.remote.bundler.DependencyBundlerTest" time="0.098"/>
  <testcase name="addAssetInBundle: Contentype with filterDescriptorNotDependencies" classname="com.dotcms.enterprise.publishing.remote.bundler.DependencyBundlerTest" time="0.009"/>
  <testcase name="addAssetInBundle: Contentype with and filterDescriptorNotRelationship" classname="com.dotcms.enterprise.publishing.remote.bundler.DependencyBundlerTest" time="0.016"/>
  <testcase name="addAssetInBundle: Contentype with filterDescriptorNotDependenciesRelationship" classname="com.dotcms.enterprise.publishing.remote.bundler.DependencyBundlerTest" time="0.009"/>
  <testcase name="addAssetInBundle: Contentype with Folder and filterDescriptorAllDependencies" classname="com.dotcms.enterprise.publishing.remote.bundler.DependencyBundlerTest" time="0.022"/>
  <testcase name="addAssetInBundle: Contentype with Folder and filterDescriptorNotDependencies" classname="com.dotcms.enterprise.publishing.remote.bundler.DependencyBundlerTest" time="0.008"/>
  <testcase name="addAssetInBundle: Contentype with Folder and filterDescriptorNotRelationship" classname="com.dotcms.enterprise.publishing.remote.bundler.DependencyBundlerTest" time="0.018"/>
  <testcase name="addAssetInBundle: Contentype with Folder and filterDescriptorNotDependenciesRelationship" classname="com.dotcms.enterprise.publishing.remote.bundler.DependencyBundlerTest" time="0.01"/>
  <testcase name="addAssetInBundle: Contentype with Workflow and filterDescriptorAllDependencies" classname="com.dotcms.enterprise.publishing.remote.bundler.DependencyBundlerTest" time="0.017"/>
  <testcase name="addAssetInBundle: Contentype with Workflow and filterDescriptorNotDependencies" classname="com.dotcms.enterprise.publishing.remote.bundler.DependencyBundlerTest" time="0.014"/>
  <testcase name="addAssetInBundle: Contentype with Workflow and filterDescriptorNotRelationship" classname="com.dotcms.enterprise.publishing.remote.bundler.DependencyBundlerTest" time="0.018"/>
  <testcase name="addAssetInBundle: Contentype with Workflow and filterDescriptorNotDependenciesRelationship" classname="com.dotcms.enterprise.publishing.remote.bundler.DependencyBundlerTest" time="0.01"/>
  <testcase name="addAssetInBundle: Contentype with Category and filterDescriptorAllDependencies" classname="com.dotcms.enterprise.publishing.remote.bundler.DependencyBundlerTest" time="0.028"/>
  <testcase name="addAssetInBundle: Contentype with Category and filterDescriptorNotDependencies" classname="com.dotcms.enterprise.publishing.remote.bundler.DependencyBundlerTest" time="0.01"/>
  <testcase name="addAssetInBundle: Contentype with Category and filterDescriptorNotRelationship" classname="com.dotcms.enterprise.publishing.remote.bundler.DependencyBundlerTest" time="0.023"/>
  <testcase name="addAssetInBundle: Contentype with Category and filterDescriptorNotDependenciesRelationship" classname="com.dotcms.enterprise.publishing.remote.bundler.DependencyBundlerTest" time="0.014"/>
  <testcase name="addAssetInBundle: Contentype with Relationship and filterDescriptorAllDependencies" classname="com.dotcms.enterprise.publishing.remote.bundler.DependencyBundlerTest" time="0.027"/>
  <testcase name="addAssetInBundle: Contentype with Relationship and filterDescriptorNotDependencies" classname="com.dotcms.enterprise.publishing.remote.bundler.DependencyBundlerTest" time="0.011"/>
  <testcase name="addAssetInBundle: Contentype with Relationship and filterDescriptorNotRelationship" classname="com.dotcms.enterprise.publishing.remote.bundler.DependencyBundlerTest" time="0.022"/>
  <testcase name="addAssetInBundle: Contentype with Relationship and filterDescriptorNotDependenciesRelationship" classname="com.dotcms.enterprise.publishing.remote.bundler.DependencyBundlerTest" time="0.013"/>
  <testcase name="addAssetInBundle: Advanced Template without Container and filterDescriptorAllDependencies" classname="com.dotcms.enterprise.publishing.remote.bundler.DependencyBundlerTest" time="0.027"/>
  <testcase name="addAssetInBundle: Advanced Template without Container and filterDescriptorNotDependencies" classname="com.dotcms.enterprise.publishing.remote.bundler.DependencyBundlerTest" time="0.014"/>
  <testcase name="addAssetInBundle: Advanced Template without Container and filterDescriptorNotRelationship" classname="com.dotcms.enterprise.publishing.remote.bundler.DependencyBundlerTest" time="0.022"/>
  <testcase name="addAssetInBundle: Advanced Template without Container and filterDescriptorNotDependenciesRelationship" classname="com.dotcms.enterprise.publishing.remote.bundler.DependencyBundlerTest" time="0.007"/>
  <testcase name="addAssetInBundle: Advanced Template with Container and filterDescriptorAllDependencies" classname="com.dotcms.enterprise.publishing.remote.bundler.DependencyBundlerTest" time="0.027"/>
  <testcase name="addAssetInBundle: Advanced Template with Container and filterDescriptorNotDependencies" classname="com.dotcms.enterprise.publishing.remote.bundler.DependencyBundlerTest" time="0.011"/>
  <testcase name="addAssetInBundle: Advanced Template with Container and filterDescriptorNotRelationship" classname="com.dotcms.enterprise.publishing.remote.bundler.DependencyBundlerTest" time="0.019"/>
  <testcase name="addAssetInBundle: Advanced Template with Container and filterDescriptorNotDependenciesRelationship" classname="com.dotcms.enterprise.publishing.remote.bundler.DependencyBundlerTest" time="0.011"/>
  <testcase name="addAssetInBundle: Template with Template Layout and filterDescriptorAllDependencies" classname="com.dotcms.enterprise.publishing.remote.bundler.DependencyBundlerTest" time="0.028"/>
  <testcase name="addAssetInBundle: Template with Template Layout and filterDescriptorNotDependencies" classname="com.dotcms.enterprise.publishing.remote.bundler.DependencyBundlerTest" time="0.013"/>
  <testcase name="addAssetInBundle: Template with Template Layout and filterDescriptorNotRelationship" classname="com.dotcms.enterprise.publishing.remote.bundler.DependencyBundlerTest" time="0.026"/>
  <testcase name="addAssetInBundle: Template with Template Layout and filterDescriptorNotDependenciesRelationship" classname="com.dotcms.enterprise.publishing.remote.bundler.DependencyBundlerTest" time="0.008"/>
  <testcase name="addAssetInBundle: Container without Contenttype and filterDescriptorAllDependencies" classname="com.dotcms.enterprise.publishing.remote.bundler.DependencyBundlerTest" time="0.026"/>
  <testcase name="addAssetInBundle: Container without Contenttype and der and filterDescriptorNotDependencies" classname="com.dotcms.enterprise.publishing.remote.bundler.DependencyBundlerTest" time="0.022"/>
  <testcase name="addAssetInBundle: Container without Contenttype and filterDescriptorNotRelationship" classname="com.dotcms.enterprise.publishing.remote.bundler.DependencyBundlerTest" time="0.024"/>
  <testcase name="addAssetInBundle: Container without Contenttype and filterDescriptorNotDependenciesRelationship" classname="com.dotcms.enterprise.publishing.remote.bundler.DependencyBundlerTest" time="0.012"/>
  <testcase name="addAssetInBundle: Container with Contenttype and filterDescriptorAllDependencies" classname="com.dotcms.enterprise.publishing.remote.bundler.DependencyBundlerTest" time="0.025"/>
  <testcase name="addAssetInBundle: Container with Contenttype and filterDescriptorNotDependencies" classname="com.dotcms.enterprise.publishing.remote.bundler.DependencyBundlerTest" time="0.014"/>
  <testcase name="addAssetInBundle: Container with Contenttype and filterDescriptorNotRelationship" classname="com.dotcms.enterprise.publishing.remote.bundler.DependencyBundlerTest" time="0.023"/>
  <testcase name="addAssetInBundle: Container with Contenttype and filterDescriptorNotDependenciesRelationship" classname="com.dotcms.enterprise.publishing.remote.bundler.DependencyBundlerTest" time="0.012"/>
  <testcase name="addAssetInBundle: Folder with filterDescriptorAllDependencies" classname="com.dotcms.enterprise.publishing.remote.bundler.DependencyBundlerTest" time="0.045"/>
  <testcase name="addAssetInBundle: Folder with filterDescriptorNotDependencies" classname="com.dotcms.enterprise.publishing.remote.bundler.DependencyBundlerTest" time="0.011"/>
  <testcase name="addAssetInBundle: Folder with filterDescriptorNotRelationship" classname="com.dotcms.enterprise.publishing.remote.bundler.DependencyBundlerTest" time="0.026"/>
  <testcase name="addAssetInBundle: Folder with filterDescriptorNotDependenciesRelationship" classname="com.dotcms.enterprise.publishing.remote.bundler.DependencyBundlerTest" time="0.041"/>
  <testcase name="addAssetInBundle: Folder with parent and filterDescriptorAllDependencies" classname="com.dotcms.enterprise.publishing.remote.bundler.DependencyBundlerTest" time="0.04"/>
  <testcase name="addAssetInBundle: Folder with parent and filterDescriptorNotDependencies" classname="com.dotcms.enterprise.publishing.remote.bundler.DependencyBundlerTest" time="0.015"/>
  <testcase name="addAssetInBundle: Folder with parent and filterDescriptorNotRelationship" classname="com.dotcms.enterprise.publishing.remote.bundler.DependencyBundlerTest" time="0.032"/>
  <testcase name="addAssetInBundle: Folder with parent and filterDescriptorNotDependenciesRelationship" classname="com.dotcms.enterprise.publishing.remote.bundler.DependencyBundlerTest" time="0.019"/>
  <testcase name="addAssetInBundle: Folder with ContentType and filterDescriptorAllDependencies" classname="com.dotcms.enterprise.publishing.remote.bundler.DependencyBundlerTest" time="0.044"/>
  <testcase name="addAssetInBundle: Folder with ContentType and filterDescriptorNotDependencies" classname="com.dotcms.enterprise.publishing.remote.bundler.DependencyBundlerTest" time="0.015"/>
  <testcase name="addAssetInBundle: Folder with ContentType and filterDescriptorNotRelationship" classname="com.dotcms.enterprise.publishing.remote.bundler.DependencyBundlerTest" time="0.044"/>
  <testcase name="addAssetInBundle: Folder with ContentType and filterDescriptorNotDependenciesRelationship" classname="com.dotcms.enterprise.publishing.remote.bundler.DependencyBundlerTest" time="0.016"/>
  <testcase name="addAssetInBundle: Folder with Content and filterDescriptorAllDependencies" classname="com.dotcms.enterprise.publishing.remote.bundler.DependencyBundlerTest" time="0.061"/>
  <testcase name="addAssetInBundle: Folder with Content and filterDescriptorNotDependencies" classname="com.dotcms.enterprise.publishing.remote.bundler.DependencyBundlerTest" time="0.018"/>
  <testcase name="addAssetInBundle: Folder with Content and filterDescriptorNotRelationship" classname="com.dotcms.enterprise.publishing.remote.bundler.DependencyBundlerTest" time="0.051"/>
  <testcase name="addAssetInBundle: Folder with Content and filterDescriptorNotDependenciesRelationship" classname="com.dotcms.enterprise.publishing.remote.bundler.DependencyBundlerTest" time="0.022"/>
  <testcase name="addAssetInBundle: Folder with Link and filterDescriptorAllDependencies" classname="com.dotcms.enterprise.publishing.remote.bundler.DependencyBundlerTest" time="0.045"/>
  <testcase name="addAssetInBundle: Folder with Link and filterDescriptorNotDependencies" classname="com.dotcms.enterprise.publishing.remote.bundler.DependencyBundlerTest" time="0.024"/>
  <testcase name="addAssetInBundle: Folder with Link and filterDescriptorNotRelationship" classname="com.dotcms.enterprise.publishing.remote.bundler.DependencyBundlerTest" time="0.149"/>
  <testcase name="addAssetInBundle: Folder with Link and filterDescriptorNotDependenciesRelationship" classname="com.dotcms.enterprise.publishing.remote.bundler.DependencyBundlerTest" time="0.027"/>
  <testcase name="addAssetInBundle: Folder with Subfolder and filterDescriptorAllDependencies" classname="com.dotcms.enterprise.publishing.remote.bundler.DependencyBundlerTest" time="0.056"/>
  <testcase name="addAssetInBundle: Folder with Subfolder and filterDescriptorNotDependencies" classname="com.dotcms.enterprise.publishing.remote.bundler.DependencyBundlerTest" time="0.01"/>
  <testcase name="addAssetInBundle: Folder with Subfolder and filterDescriptorNotRelationship" classname="com.dotcms.enterprise.publishing.remote.bundler.DependencyBundlerTest" time="0.03"/>
  <testcase name="addAssetInBundle: Folder with Subfolder and filterDescriptorNotDependenciesRelationship" classname="com.dotcms.enterprise.publishing.remote.bundler.DependencyBundlerTest" time="0.01"/>
  <testcase name="addAssetInBundle: Host with filterDescriptorAllDependencies" classname="com.dotcms.enterprise.publishing.remote.bundler.DependencyBundlerTest" time="0.032"/>
  <testcase name="addAssetInBundle: Host with filterDescriptorNotDependencies" classname="com.dotcms.enterprise.publishing.remote.bundler.DependencyBundlerTest" time="0.023"/>
  <testcase name="addAssetInBundle: Host with filterDescriptorNotRelationship" classname="com.dotcms.enterprise.publishing.remote.bundler.DependencyBundlerTest" time="0.028"/>
  <testcase name="addAssetInBundle: Host with filterDescriptorNotDependenciesRelationship" classname="com.dotcms.enterprise.publishing.remote.bundler.DependencyBundlerTest" time="0.018"/>
  <testcase name="addAssetInBundle: Host with template and filterDescriptorAllDependencies" classname="com.dotcms.enterprise.publishing.remote.bundler.DependencyBundlerTest" time="0.041"/>
  <testcase name="addAssetInBundle: Host with template and  filterDescriptorNotDependencies" classname="com.dotcms.enterprise.publishing.remote.bundler.DependencyBundlerTest" time="0.022"/>
  <testcase name="addAssetInBundle: Host with template and  filterDescriptorNotRelationship" classname="com.dotcms.enterprise.publishing.remote.bundler.DependencyBundlerTest" time="0.023"/>
  <testcase name="addAssetInBundle: Host with template and  filterDescriptorNotDependenciesRelationship" classname="com.dotcms.enterprise.publishing.remote.bundler.DependencyBundlerTest" time="0.016"/>
  <testcase name="addAssetInBundle: Host with Container and filterDescriptorAllDependencies" classname="com.dotcms.enterprise.publishing.remote.bundler.DependencyBundlerTest" time="0.036"/>
  <testcase name="addAssetInBundle: Host with Container and filterDescriptorNotDependencies" classname="com.dotcms.enterprise.publishing.remote.bundler.DependencyBundlerTest" time="0.018"/>
  <testcase name="addAssetInBundle: Host with Container and filterDescriptorNotRelationship" classname="com.dotcms.enterprise.publishing.remote.bundler.DependencyBundlerTest" time="0.021"/>
  <testcase name="addAssetInBundle: Host with Container and filterDescriptorNotDependenciesRelationship" classname="com.dotcms.enterprise.publishing.remote.bundler.DependencyBundlerTest" time="0.017"/>
  <testcase name="addAssetInBundle: Host with Content and filterDescriptorAllDependencies" classname="com.dotcms.enterprise.publishing.remote.bundler.DependencyBundlerTest" time="0.042"/>
  <testcase name="addAssetInBundle: Host with Content andfilterDescriptorNotDependencies" classname="com.dotcms.enterprise.publishing.remote.bundler.DependencyBundlerTest" time="0.017"/>
  <testcase name="addAssetInBundle: Host with Content andfilterDescriptorNotRelationship" classname="com.dotcms.enterprise.publishing.remote.bundler.DependencyBundlerTest" time="0.03"/>
  <testcase name="addAssetInBundle: Host with Content andfilterDescriptorNotDependenciesRelationship" classname="com.dotcms.enterprise.publishing.remote.bundler.DependencyBundlerTest" time="0.017"/>
  <testcase name="addAssetInBundle: Host with Folder and filterDescriptorAllDependencies" classname="com.dotcms.enterprise.publishing.remote.bundler.DependencyBundlerTest" time="0.054"/>
  <testcase name="addAssetInBundle: Host with Folder and filterDescriptorNotDependencies" classname="com.dotcms.enterprise.publishing.remote.bundler.DependencyBundlerTest" time="0.016"/>
  <testcase name="addAssetInBundle: Host with Folder and filterDescriptorNotRelationship" classname="com.dotcms.enterprise.publishing.remote.bundler.DependencyBundlerTest" time="0.038"/>
  <testcase name="addAssetInBundle: Host with Folder and filterDescriptorNotDependenciesRelationship" classname="com.dotcms.enterprise.publishing.remote.bundler.DependencyBundlerTest" time="0.016"/>
  <testcase name="addAssetInBundle: Host with Rule and filterDescriptorAllDependencies" classname="com.dotcms.enterprise.publishing.remote.bundler.DependencyBundlerTest" time="0.033"/>
  <testcase name="addAssetInBundle: Host with Rule and filterDescriptorNotDependencies" classname="com.dotcms.enterprise.publishing.remote.bundler.DependencyBundlerTest" time="0.022"/>
  <testcase name="addAssetInBundle: Host with Rule and filterDescriptorNotRelationship" classname="com.dotcms.enterprise.publishing.remote.bundler.DependencyBundlerTest" time="0.028"/>
  <testcase name="addAssetInBundle: Host with Rule and filterDescriptorNotDependenciesRelationship" classname="com.dotcms.enterprise.publishing.remote.bundler.DependencyBundlerTest" time="0.019"/>
  <testcase name="addAssetInBundle: Link with filterDescriptorAllDependencies" classname="com.dotcms.enterprise.publishing.remote.bundler.DependencyBundlerTest" time="0.023"/>
  <testcase name="addAssetInBundle: Link with filterDescriptorNotDependencies" classname="com.dotcms.enterprise.publishing.remote.bundler.DependencyBundlerTest" time="0.011"/>
  <testcase name="addAssetInBundle: Link with filterDescriptorNotRelationship" classname="com.dotcms.enterprise.publishing.remote.bundler.DependencyBundlerTest" time="0.019"/>
  <testcase name="addAssetInBundle: Link with filterDescriptorNotDependenciesRelationship" classname="com.dotcms.enterprise.publishing.remote.bundler.DependencyBundlerTest" time="0.014"/>
  <testcase name="addAssetInBundle: WorkflowScheme with filterDescriptorAllDependencies" classname="com.dotcms.enterprise.publishing.remote.bundler.DependencyBundlerTest" time="0.032"/>
  <testcase name="addAssetInBundle: WorkflowScheme with filterDescriptorNotDependencies" classname="com.dotcms.enterprise.publishing.remote.bundler.DependencyBundlerTest" time="0.012"/>
  <testcase name="addAssetInBundle: WorkflowScheme with filterDescriptorNotRelationship" classname="com.dotcms.enterprise.publishing.remote.bundler.DependencyBundlerTest" time="0.026"/>
  <testcase name="addAssetInBundle: WorkflowScheme with filterDescriptorNotDependenciesRelationship" classname="com.dotcms.enterprise.publishing.remote.bundler.DependencyBundlerTest" time="0.013"/>
  <testcase name="addAssetInBundle: Language with filterDescriptorAllDependencies" classname="com.dotcms.enterprise.publishing.remote.bundler.DependencyBundlerTest" time="0.029"/>
  <testcase name="addAssetInBundle: Language with filterDescriptorNotDependencies" classname="com.dotcms.enterprise.publishing.remote.bundler.DependencyBundlerTest" time="0.013"/>
  <testcase name="addAssetInBundle: Language with filterDescriptorNotRelationship" classname="com.dotcms.enterprise.publishing.remote.bundler.DependencyBundlerTest" time="0.022"/>
  <testcase name="addAssetInBundle: Language with filterDescriptorNotDependenciesRelationship" classname="com.dotcms.enterprise.publishing.remote.bundler.DependencyBundlerTest" time="0.014"/>
  <testcase name="addAssetInBundle: Rule with filterDescriptorAllDependencies" classname="com.dotcms.enterprise.publishing.remote.bundler.DependencyBundlerTest" time="0.029"/>
  <testcase name="addAssetInBundle: Rule with filterDescriptorNotDependencies" classname="com.dotcms.enterprise.publishing.remote.bundler.DependencyBundlerTest" time="0.014"/>
  <testcase name="addAssetInBundle: Rule with filterDescriptorNotRelationship" classname="com.dotcms.enterprise.publishing.remote.bundler.DependencyBundlerTest" time="0.026"/>
  <testcase name="addAssetInBundle: Page with filterDescriptorNotDependenciesRelationship" classname="com.dotcms.enterprise.publishing.remote.bundler.DependencyBundlerTest" time="0.011"/>
  <testcase name="addAssetInBundle: Rule with page and filterDescriptorAllDependencies" classname="com.dotcms.enterprise.publishing.remote.bundler.DependencyBundlerTest" time="0.022"/>
  <testcase name="addAssetInBundle: Rule with page and filterDescriptorAllDependencies" classname="com.dotcms.enterprise.publishing.remote.bundler.DependencyBundlerTest" time="0.016"/>
  <testcase name="addAssetInBundle: Rule with page and filterDescriptorAllDependencies" classname="com.dotcms.enterprise.publishing.remote.bundler.DependencyBundlerTest" time="0.014"/>
  <testcase name="addAssetInBundle: Rule with page and filterDescriptorAllDependencies" classname="com.dotcms.enterprise.publishing.remote.bundler.DependencyBundlerTest" time="0.008"/>
  <testcase name="addAssetInBundle: Contentlet with filterDescriptorAllDependencies" classname="com.dotcms.enterprise.publishing.remote.bundler.DependencyBundlerTest" time="0.032"/>
  <testcase name="addAssetInBundle: Contentlet with filterDescriptorNotDependencies" classname="com.dotcms.enterprise.publishing.remote.bundler.DependencyBundlerTest" time="0.011"/>
  <testcase name="addAssetInBundle: Contentlet with filterDescriptorNotRelationship" classname="com.dotcms.enterprise.publishing.remote.bundler.DependencyBundlerTest" time="0.019"/>
  <testcase name="addAssetInBundle: Contentlet with filterDescriptorNotDependenciesRelationship" classname="com.dotcms.enterprise.publishing.remote.bundler.DependencyBundlerTest" time="0.009"/>
  <testcase name="addAssetInBundle: Contentlet with folder and filterDescriptorAllDependencies" classname="com.dotcms.enterprise.publishing.remote.bundler.DependencyBundlerTest" time="0.026"/>
  <testcase name="addAssetInBundle: Contentlet with folder and filterDescriptorNotDependencies" classname="com.dotcms.enterprise.publishing.remote.bundler.DependencyBundlerTest" time="0.011"/>
  <testcase name="addAssetInBundle: Contentlet folder and with filterDescriptorNotRelationship" classname="com.dotcms.enterprise.publishing.remote.bundler.DependencyBundlerTest" time="0.018"/>
  <testcase name="addAssetInBundle: Contentlet folder and with filterDescriptorNotDependenciesRelationship" classname="com.dotcms.enterprise.publishing.remote.bundler.DependencyBundlerTest" time="0.01"/>
  <testcase name="addAssetInBundle: Contentlet with Relationship and filterDescriptorAllDependencies" classname="com.dotcms.enterprise.publishing.remote.bundler.DependencyBundlerTest" time="0.034"/>
  <testcase name="addAssetInBundle: Contentlet with Relationship and filterDescriptorNotDependencies" classname="com.dotcms.enterprise.publishing.remote.bundler.DependencyBundlerTest" time="0.011"/>
  <testcase name="addAssetInBundle: Contentlet with Relationship and filterDescriptorNotRelationship" classname="com.dotcms.enterprise.publishing.remote.bundler.DependencyBundlerTest" time="0.023"/>
  <testcase name="addAssetInBundle: Contentlet with Relationship and filterDescriptorNotDependenciesRelationship" classname="com.dotcms.enterprise.publishing.remote.bundler.DependencyBundlerTest" time="0.011"/>
  <testcase name="addAssetInBundle: Contentlet with Category and filterDescriptorAllDependencies" classname="com.dotcms.enterprise.publishing.remote.bundler.DependencyBundlerTest" time="0.029"/>
  <testcase name="addAssetInBundle: Contentlet with Category and filterDescriptorNotDependencies" classname="com.dotcms.enterprise.publishing.remote.bundler.DependencyBundlerTest" time="0.028"/>
  <testcase name="addAssetInBundle: Contentlet with Category and filterDescriptorNotRelationship" classname="com.dotcms.enterprise.publishing.remote.bundler.DependencyBundlerTest" time="0.033"/>
  <testcase name="addAssetInBundle: Contentlet with Category and filterDescriptorNotDependenciesRelationship" classname="com.dotcms.enterprise.publishing.remote.bundler.DependencyBundlerTest" time="0.012"/>
  <testcase name="addAssetInBundle: Page with filterDescriptorAllDependencies" classname="com.dotcms.enterprise.publishing.remote.bundler.DependencyBundlerTest" time="0.053"/>
  <testcase name="addAssetInBundle: Page with filterDescriptorNotDependencies" classname="com.dotcms.enterprise.publishing.remote.bundler.DependencyBundlerTest" time="0.011"/>
  <testcase name="addAssetInBundle: Page with filterDescriptorNotRelationship" classname="com.dotcms.enterprise.publishing.remote.bundler.DependencyBundlerTest" time="0.029"/>
  <testcase name="addAssetInBundle: Page with filterDescriptorNotDependenciesRelationship" classname="com.dotcms.enterprise.publishing.remote.bundler.DependencyBundlerTest" time="0.011"/>
  <testcase name="addAssetInBundle: Contentlet with Image and filterDescriptorAllDependencies" classname="com.dotcms.enterprise.publishing.remote.bundler.DependencyBundlerTest" time="0.047"/>
  <testcase name="addAssetInBundle: Contentlet with Image and filterDescriptorNotDependencies" classname="com.dotcms.enterprise.publishing.remote.bundler.DependencyBundlerTest" time="0.017"/>
  <testcase name="addAssetInBundle: Contentlet with Image and filterDescriptorNotRelationship" classname="com.dotcms.enterprise.publishing.remote.bundler.DependencyBundlerTest" time="0.032"/>
  <testcase name="addAssetInBundle: Contentlet with Image and filterDescriptorNotDependenciesRelationship" classname="com.dotcms.enterprise.publishing.remote.bundler.DependencyBundlerTest" time="0.011"/>
  <testcase name="addAssetInBundle: Content Type with third party dependencies" classname="com.dotcms.enterprise.publishing.remote.bundler.DependencyBundlerTest" time="0.017"/>
  <testcase name="addAssetInBundle: Content Type with folder and third party dependencies" classname="com.dotcms.enterprise.publishing.remote.bundler.DependencyBundlerTest" time="0.018"/>
  <testcase name="addAssetInBundle: Template with third party dependencies" classname="com.dotcms.enterprise.publishing.remote.bundler.DependencyBundlerTest" time="0.034"/>
  <testcase name="addAssetInBundle: Container with Third party dependencies" classname="com.dotcms.enterprise.publishing.remote.bundler.DependencyBundlerTest" time="0.032"/>
  <testcase name="addAssetInBundle: Folder with third party" classname="com.dotcms.enterprise.publishing.remote.bundler.DependencyBundlerTest" time="0.084"/>
  <testcase name="addAssetInBundle: Link with third Party" classname="com.dotcms.enterprise.publishing.remote.bundler.DependencyBundlerTest" time="0.018"/>
  <testcase name="addAssetInBundle: Rule with third party" classname="com.dotcms.enterprise.publishing.remote.bundler.DependencyBundlerTest" time="0.081"/>
  <testcase name="addAssetInBundle: Rule with page and third party" classname="com.dotcms.enterprise.publishing.remote.bundler.DependencyBundlerTest" time="0.039"/>
  <testcase name="addAssetInBundle: Content with Third Party Dependencies" classname="com.dotcms.enterprise.publishing.remote.bundler.DependencyBundlerTest" time="0.083"/>
  <testcase name="addAssetInBundle: Content with folder and Third Party Dependencies" classname="com.dotcms.enterprise.publishing.remote.bundler.DependencyBundlerTest" time="0.043"/>
  <testcase name="addAssetInBundle: Content with Story Block and another content within" classname="com.dotcms.enterprise.publishing.remote.bundler.DependencyBundlerTest" time="0.067"/>
  <testcase name="includeDependenciesEvenWhenAssetExcludeByModDate: com.dotcms.enterprise.publishing.remote.bundler.DependencyBundlerTest$ModDateTestData@99604e7" classname="com.dotcms.enterprise.publishing.remote.bundler.DependencyBundlerTest" time="2.248"/>
  <testcase name="includeDependenciesEvenWhenAssetExcludeByModDate: com.dotcms.enterprise.publishing.remote.bundler.DependencyBundlerTest$ModDateTestData@32d25fc9" classname="com.dotcms.enterprise.publishing.remote.bundler.DependencyBundlerTest" time="2.084"/>
  <testcase name="includeDependenciesEvenWhenAssetExcludeByModDate: com.dotcms.enterprise.publishing.remote.bundler.DependencyBundlerTest$ModDateTestData@376214f0" classname="com.dotcms.enterprise.publishing.remote.bundler.DependencyBundlerTest" time="1.991"/>
  <testcase name="includeDependenciesEvenWhenAssetExcludeByModDate: com.dotcms.enterprise.publishing.remote.bundler.DependencyBundlerTest$ModDateTestData@19b3356e" classname="com.dotcms.enterprise.publishing.remote.bundler.DependencyBundlerTest" time="2.085"/>
  <testcase name="excludeContenletChildAssetByModDate: com.dotcms.enterprise.publishing.remote.bundler.DependencyBundlerTest$ModDateTestData@99604e7" classname="com.dotcms.enterprise.publishing.remote.bundler.DependencyBundlerTest" time="2.2"/>
  <testcase name="excludeContenletChildAssetByModDate: com.dotcms.enterprise.publishing.remote.bundler.DependencyBundlerTest$ModDateTestData@32d25fc9" classname="com.dotcms.enterprise.publishing.remote.bundler.DependencyBundlerTest" time="0.942"/>
  <testcase name="excludeContenletChildAssetByModDate: com.dotcms.enterprise.publishing.remote.bundler.DependencyBundlerTest$ModDateTestData@376214f0" classname="com.dotcms.enterprise.publishing.remote.bundler.DependencyBundlerTest" time="2.06"/>
  <testcase name="excludeContenletChildAssetByModDate: com.dotcms.enterprise.publishing.remote.bundler.DependencyBundlerTest$ModDateTestData@19b3356e" classname="com.dotcms.enterprise.publishing.remote.bundler.DependencyBundlerTest" time="1.985"/>
  <system-out><![CDATA[







































































































































































































































































































































































































































































































































































































































































































































































































































































































































































































































































































































































































































































































































































































































































]]></system-out>
  <system-err><![CDATA[]]></system-err>
</testsuite>
