<?xml version="1.0" encoding="UTF-8"?>
<testsuite name="com.dotmarketing.business.DeterministicIdentifierAPITest" tests="16" skipped="0" failures="0" errors="0" timestamp="2023-06-24T01:14:50" hostname="fv-az309-60" time="1.1">
  <properties/>
  <testcase name="Test_Category_Path_Seed_And_Id" classname="com.dotmarketing.business.DeterministicIdentifierAPITest" time="0.026"/>
  <testcase name="Test_Language_Deterministic_Id[0: LanguageTestCase{expectedSeed='Language:es:US', expectedHash=4913155, langCode='es', countryCode='US', country='United States'}]" classname="com.dotmarketing.business.DeterministicIdentifierAPITest" time="0.001"/>
  <testcase name="Test_Language_Deterministic_Id[1: LanguageTestCase{expectedSeed='Language:ep:', expectedHash=5292269, langCode='ep', countryCode='', country=''}]" classname="com.dotmarketing.business.DeterministicIdentifierAPITest" time="0.001"/>
  <testcase name="Test_Language_Deterministic_Id[2: LanguageTestCase{expectedSeed='Language:sg:SAG', expectedHash=4713118, langCode='sg', countryCode='SAG', country=''}]" classname="com.dotmarketing.business.DeterministicIdentifierAPITest" time="0.001"/>
  <testcase name="Test_Language_Deterministic_Id[3: LanguageTestCase{expectedSeed='Language:en:NZ', expectedHash=5382528, langCode='en', countryCode='NZ', country='New Zealand'}]" classname="com.dotmarketing.business.DeterministicIdentifierAPITest" time="0.0"/>
  <testcase name="Test_Category_None_Persisted_Category_Should_Return_Deterministic_Id" classname="com.dotmarketing.business.DeterministicIdentifierAPITest" time="0.002"/>
  <testcase name="Test_Asset_Generate_Deterministic_Id_Best_Effort[0: TestCase{versionable=my.host1687563648349.com, parent=System Host, expectedName='my.host1687563648349.com', expectedType='Host'}]" classname="com.dotmarketing.business.DeterministicIdentifierAPITest" time="0.002"/>
  <testcase name="Test_Asset_Generate_Deterministic_Id_Best_Effort[1: TestCase{versionable=com.dotmarketing.portlets.contentlet.model.Contentlet@5744e07[map={modDate=2023-06-23 23:40:49.417, fileName=file3451341603309231012.txt, title=file3451341603309231012.txt, inode=d1af2b2b-dc0b-4ade-bac0-2ac980860e09, __IS_NEW_CONTENT__=true, disabledWYSIWYG=[], host=62df4512-0f30-4982-b5d8-41c94710266e, stInode=33888b6f-7a8e-4069-b1b6-5c1aa9d0a48d, owner=system, identifier=0e8df290-9b9d-4b08-a875-0039ddbab02f, nullProperties=[wfExpireDate, wfPublishDate, wfActionAssign, wfActionId, wfActionComments, filterKey, whereToSend, wfNeverExpire, _path_to_move, timezoneId, iWantTo, wfPublishTime, wfExpireTime], languageId=1, fileAsset=/home/runner/work/core/custom/assets/d/1/d1af2b2b-dc0b-4ade-bac0-2ac980860e09/fileAsset/file3451341603309231012.txt, folder=dc4201bf-5a3a-49e4-97ee-c8865986a6ae, __disable_workflow__=true, sortOrder=0, modUser=system},lowIndexPriority=false,variantId=DEFAULT], parent=com.dotmarketing.portlets.folders.model.Folder@452598a3[identifier=dc4201bf-5a3a-49e4-97ee-c8865986a6ae,name=testName1687563649402,sortOrder=0,showOnMenu=false,hostId=62df4512-0f30-4982-b5d8-41c94710266e,type=folder,title=testTitle1687563649402,filesMasks=,defaultFileType=33888b6f-7a8e-4069-b1b6-5c1aa9d0a48d,modDate=2023-06-23 23:40:49.406,owner=&lt;null&gt;,iDate=2023-06-23 23:40:49.406,inode=dc4201bf-5a3a-49e4-97ee-c8865986a6ae,path=/testName1687563649402/], expectedName='file3451341603309231012.txt', expectedType='FileAsset'}]" classname="com.dotmarketing.business.DeterministicIdentifierAPITest" time="0.002"/>
  <testcase name="Test_Asset_Generate_Deterministic_Id_Best_Effort[2: TestCase{versionable=com.dotmarketing.portlets.templates.model.Template@1f6b0b0d, parent=my.host1687563648349.com, expectedName='testTitle1687563649497', expectedType='Template'}]" classname="com.dotmarketing.business.DeterministicIdentifierAPITest" time="0.002"/>
  <testcase name="Test_Asset_Generate_Deterministic_Id_Best_Effort[3: TestCase{versionable=com.dotmarketing.portlets.htmlpageasset.model.HTMLPageAsset@5b2dc853[map={template=b8085887-6240-421e-b2db-976f93609241, owner=system, identifier=25a8de96-124f-43e8-8dd5-11a813931aaa, nullProperties=[wfExpireDate, wfPublishDate, wfActionAssign, wfActionId, wfActionComments, filterKey, whereToSend, wfNeverExpire, _path_to_move, timezoneId, iWantTo, wfPublishTime, wfExpireTime], modDate=2023-06-23 23:40:49.514, cachettl=0, _is_test_mode=true, languageId=1, title=test-page-title-1687563649509, httpsreq=, url=test-page-url-1687563649509, showOnMenu=, inode=9555e06c-b384-4869-a382-93dd46d0539e, folder=dc4201bf-5a3a-49e4-97ee-c8865986a6ae, disabledWYSIWYG=[], sortOrder=1, modUser=system, host=62df4512-0f30-4982-b5d8-41c94710266e, stInode=c541abb1-69b3-4bc5-8430-5e09e5239cc8, friendlyName=test-page-friendly-name-1687563649509},lowIndexPriority=false,variantId=DEFAULT], parent=com.dotmarketing.portlets.folders.model.Folder@452598a3[identifier=dc4201bf-5a3a-49e4-97ee-c8865986a6ae,name=testName1687563649402,sortOrder=0,showOnMenu=false,hostId=62df4512-0f30-4982-b5d8-41c94710266e,type=folder,title=testTitle1687563649402,filesMasks=,defaultFileType=33888b6f-7a8e-4069-b1b6-5c1aa9d0a48d,modDate=2023-06-23 23:40:49.406,owner=&lt;null&gt;,iDate=2023-06-23 23:40:49.406,inode=dc4201bf-5a3a-49e4-97ee-c8865986a6ae,path=/testName1687563649402/], expectedName='test-page-url-1687563649509', expectedType='htmlpageasset'}]" classname="com.dotmarketing.business.DeterministicIdentifierAPITest" time="0.002"/>
  <testcase name="Test_Asset_Generate_Deterministic_Id_Best_Effort[4: TestCase{versionable=com.dotmarketing.portlets.contentlet.model.Contentlet@55dc620c[map={fileAsset2=/home/runner/work/core/custom/assets/9/6/9606f80e-6fe0-4eec-b64d-96fcc3d8aa76/fileAsset2/test_binary1687563650366.png, modDate=2023-06-23 23:40:50.375, fileAsset1=/home/runner/work/core/custom/assets/9/6/9606f80e-6fe0-4eec-b64d-96fcc3d8aa76/fileAsset1/test_binary1687563650365.jpg, title=blah, inode=9606f80e-6fe0-4eec-b64d-96fcc3d8aa76, __IS_NEW_CONTENT__=true, disabledWYSIWYG=[], host=8a7d5e23-da1e-420a-b4f0-471e7da8ea2d, stInode=e6d0bc58-ae30-41af-b0ff-a84aa75939e3, owner=system, identifier=7a3326ae-c5a4-4500-9e02-676ec9d130b2, nullProperties=[], languageId=1, image1=9ef3baee-3f23-41b2-b877-9b2c6d2bfa2f, folder=SYSTEM_FOLDER, __disable_workflow__=true, sortOrder=0, modUser=system},lowIndexPriority=false,variantId=DEFAULT], parent=default, expectedName='test_binary1687563650365.jpg:test_binary1687563650366.png', expectedType='MultipleBinaries1687563649606'}]" classname="com.dotmarketing.business.DeterministicIdentifierAPITest" time="0.006"/>
  <testcase name="Test_Asset_Generate_Deterministic_Id_Best_Effort[5: TestCase{versionable=name29dba0081e : keyTag29dba0081e, parent=my.host1687563648349.com, expectedName='keyTag29dba0081e', expectedType='persona'}]" classname="com.dotmarketing.business.DeterministicIdentifierAPITest" time="0.005"/>
  <testcase name="Test_Similar_Content_Type_Wont_Clash" classname="com.dotmarketing.business.DeterministicIdentifierAPITest" time="0.422"/>
  <testcase name="Test_Generate_Folder_Identifier" classname="com.dotmarketing.business.DeterministicIdentifierAPITest" time="0.613"/>
  <testcase name="Test_Generate_Content_Type_Identifier[0: ContentTypeTestCase{contentType=KeyValueContentType{name=Language Variable, id=f4d7c1b8-2c88-4071-abf1-a5328977b07d, description=Default Content Type for Language Variables, defaultType=false, fixed=true, iDate=Thu Aug 31 16:38:49 UTC 2017, system=true, versionable=true, variable=Languagevariable, modDate=Fri Jun 23 23:37:27 UTC 2023, host=SYSTEM_HOST, siteName=systemHost, icon=language, sortOrder=0, folder=SYSTEM_FOLDER, folderPath=/, markedForDeletion=false, multilingualable=false}, expectedName='Languagevariable', expectedType='KeyValue'}]" classname="com.dotmarketing.business.DeterministicIdentifierAPITest" time="0.007"/>
  <testcase name="Test_Generate_Content_Type_Identifier[1: ContentTypeTestCase{contentType=SimpleContentType{name=testName1687563650677, id=d38f2d55-b23b-4de6-97b7-805e7e866d65, description=testDescription1687563650677, defaultType=false, fixed=false, iDate=Fri Jun 23 23:40:50 UTC 2023, system=false, versionable=true, multilingualable=false, variable=testVarname1687563650677, owner=system, modDate=Fri Jun 23 23:40:51 UTC 2023, host=8a7d5e23-da1e-420a-b4f0-471e7da8ea2d, siteName=default, icon=event_note, sortOrder=0, folder=SYSTEM_FOLDER, folderPath=/, requiredFields=[], markedForDeletion=false}, expectedName='testVarname1687563650677', expectedType='CONTENT'}]" classname="com.dotmarketing.business.DeterministicIdentifierAPITest" time="0.004"/>
  <system-out><![CDATA[]]></system-out>
  <system-err><![CDATA[]]></system-err>
</testsuite>
