<?xml version="1.0" encoding="UTF-8"?>
<testsuite name="com.dotcms.contenttype.test.ContentResourceTest" tests="52" skipped="0" failures="0" errors="0" timestamp="2023-06-22T19:17:58" hostname="fv-az456-887" time="174.181">
  <properties/>
  <testcase name="testGetContentShouldReturnIconDetails" classname="com.dotcms.contenttype.test.ContentResourceTest" time="1.951"/>
  <testcase name="Test_Save_Action_Set_Words_To_Required_NumericField_Issue_15340" classname="com.dotcms.contenttype.test.ContentResourceTest" time="1.06"/>
  <testcase name="test_getContent_includeGrandChildCategory_success" classname="com.dotcms.contenttype.test.ContentResourceTest" time="1.614"/>
  <testcase name="testGetContentWithRelatedParameter[0: com.dotcms.contenttype.test.ContentResourceTest$PullRelatedTestCase@70245613]" classname="com.dotcms.contenttype.test.ContentResourceTest" time="4.371"/>
  <testcase name="testGetContentWithRelatedParameter[1: com.dotcms.contenttype.test.ContentResourceTest$PullRelatedTestCase@649061c5]" classname="com.dotcms.contenttype.test.ContentResourceTest" time="4.233"/>
  <testcase name="testGetContentWithRelatedParameter[2: com.dotcms.contenttype.test.ContentResourceTest$PullRelatedTestCase@436c8562]" classname="com.dotcms.contenttype.test.ContentResourceTest" time="4.165"/>
  <testcase name="testGetContentWithRelatedParameter[3: com.dotcms.contenttype.test.ContentResourceTest$PullRelatedTestCase@59249aa7]" classname="com.dotcms.contenttype.test.ContentResourceTest" time="4.242"/>
  <testcase name="testGetContentWithRelatedParameter[4: com.dotcms.contenttype.test.ContentResourceTest$PullRelatedTestCase@b62cb5e]" classname="com.dotcms.contenttype.test.ContentResourceTest" time="4.435"/>
  <testcase name="test_getContent_SelfRelatedWith3LevelsOfDepth_shouldReturnRelationships" classname="com.dotcms.contenttype.test.ContentResourceTest" time="1.675"/>
  <testcase name="Test_Save_Action_Send_Fields_SubSet_Issue_15340" classname="com.dotcms.contenttype.test.ContentResourceTest" time="3.184"/>
  <testcase name="test_getContent_shouldReturnRelationships[0: com.dotcms.contenttype.test.ContentResourceTest$TestCase@6c1b0dbe]" classname="com.dotcms.contenttype.test.ContentResourceTest" time="3.438"/>
  <testcase name="test_getContent_shouldReturnRelationships[1: com.dotcms.contenttype.test.ContentResourceTest$TestCase@4bfbd2ca]" classname="com.dotcms.contenttype.test.ContentResourceTest" time="3.445"/>
  <testcase name="test_getContent_shouldReturnRelationships[2: com.dotcms.contenttype.test.ContentResourceTest$TestCase@367798b0]" classname="com.dotcms.contenttype.test.ContentResourceTest" time="3.558"/>
  <testcase name="test_getContent_shouldReturnRelationships[3: com.dotcms.contenttype.test.ContentResourceTest$TestCase@2bd28d1b]" classname="com.dotcms.contenttype.test.ContentResourceTest" time="3.627"/>
  <testcase name="test_getContent_shouldReturnRelationships[4: com.dotcms.contenttype.test.ContentResourceTest$TestCase@1f100322]" classname="com.dotcms.contenttype.test.ContentResourceTest" time="3.795"/>
  <testcase name="test_getContent_shouldReturnRelationships[5: com.dotcms.contenttype.test.ContentResourceTest$TestCase@a68ff88]" classname="com.dotcms.contenttype.test.ContentResourceTest" time="3.317"/>
  <testcase name="test_getContent_shouldReturnRelationships[6: com.dotcms.contenttype.test.ContentResourceTest$TestCase@d0446d]" classname="com.dotcms.contenttype.test.ContentResourceTest" time="3.683"/>
  <testcase name="test_getContent_shouldReturnRelationships[7: com.dotcms.contenttype.test.ContentResourceTest$TestCase@3fd5bb39]" classname="com.dotcms.contenttype.test.ContentResourceTest" time="3.523"/>
  <testcase name="test_getContent_shouldReturnRelationships[8: com.dotcms.contenttype.test.ContentResourceTest$TestCase@20c3a6f2]" classname="com.dotcms.contenttype.test.ContentResourceTest" time="3.576"/>
  <testcase name="test_getContent_shouldReturnRelationships[9: com.dotcms.contenttype.test.ContentResourceTest$TestCase@6d9a89dd]" classname="com.dotcms.contenttype.test.ContentResourceTest" time="3.594"/>
  <testcase name="test_getContent_shouldReturnRelationships[10: com.dotcms.contenttype.test.ContentResourceTest$TestCase@6f6b4b2f]" classname="com.dotcms.contenttype.test.ContentResourceTest" time="3.313"/>
  <testcase name="test_getContent_shouldReturnRelationships[11: com.dotcms.contenttype.test.ContentResourceTest$TestCase@7df52988]" classname="com.dotcms.contenttype.test.ContentResourceTest" time="3.319"/>
  <testcase name="test_getContent_shouldReturnRelationships[12: com.dotcms.contenttype.test.ContentResourceTest$TestCase@403ce4f2]" classname="com.dotcms.contenttype.test.ContentResourceTest" time="3.317"/>
  <testcase name="test_getContent_shouldReturnRelationships[13: com.dotcms.contenttype.test.ContentResourceTest$TestCase@79d15949]" classname="com.dotcms.contenttype.test.ContentResourceTest" time="3.347"/>
  <testcase name="test_getContent_shouldReturnRelationships[14: com.dotcms.contenttype.test.ContentResourceTest$TestCase@4c56576f]" classname="com.dotcms.contenttype.test.ContentResourceTest" time="3.332"/>
  <testcase name="test_getContent_shouldReturnRelationships[15: com.dotcms.contenttype.test.ContentResourceTest$TestCase@183b9e04]" classname="com.dotcms.contenttype.test.ContentResourceTest" time="4.373"/>
  <testcase name="test_getContent_shouldReturnRelationships[16: com.dotcms.contenttype.test.ContentResourceTest$TestCase@3f87f285]" classname="com.dotcms.contenttype.test.ContentResourceTest" time="4.614"/>
  <testcase name="test_getContent_shouldReturnRelationships[17: com.dotcms.contenttype.test.ContentResourceTest$TestCase@4c6fef2d]" classname="com.dotcms.contenttype.test.ContentResourceTest" time="3.988"/>
  <testcase name="test_getContent_shouldReturnRelationships[18: com.dotcms.contenttype.test.ContentResourceTest$TestCase@32fc24e0]" classname="com.dotcms.contenttype.test.ContentResourceTest" time="3.734"/>
  <testcase name="test_getContent_shouldReturnRelationships[19: com.dotcms.contenttype.test.ContentResourceTest$TestCase@76f35705]" classname="com.dotcms.contenttype.test.ContentResourceTest" time="3.796"/>
  <testcase name="test_getContent_shouldReturnRelationships[20: com.dotcms.contenttype.test.ContentResourceTest$TestCase@76608084]" classname="com.dotcms.contenttype.test.ContentResourceTest" time="4.152"/>
  <testcase name="test_getContent_shouldReturnRelationships[21: com.dotcms.contenttype.test.ContentResourceTest$TestCase@45451fe2]" classname="com.dotcms.contenttype.test.ContentResourceTest" time="3.832"/>
  <testcase name="test_getContent_shouldReturnRelationships[22: com.dotcms.contenttype.test.ContentResourceTest$TestCase@164de88e]" classname="com.dotcms.contenttype.test.ContentResourceTest" time="3.732"/>
  <testcase name="test_getContent_shouldReturnRelationships[23: com.dotcms.contenttype.test.ContentResourceTest$TestCase@7a6ace3d]" classname="com.dotcms.contenttype.test.ContentResourceTest" time="3.656"/>
  <testcase name="test_getContent_shouldReturnRelationships[24: com.dotcms.contenttype.test.ContentResourceTest$TestCase@87c1554]" classname="com.dotcms.contenttype.test.ContentResourceTest" time="3.521"/>
  <testcase name="test_getContent_shouldReturnRelationships[25: com.dotcms.contenttype.test.ContentResourceTest$TestCase@65abb1b6]" classname="com.dotcms.contenttype.test.ContentResourceTest" time="4.22"/>
  <testcase name="test_getContent_shouldReturnRelationships[26: com.dotcms.contenttype.test.ContentResourceTest$TestCase@1c5b3c15]" classname="com.dotcms.contenttype.test.ContentResourceTest" time="3.922"/>
  <testcase name="test_getContent_shouldReturnRelationships[27: com.dotcms.contenttype.test.ContentResourceTest$TestCase@30ec0285]" classname="com.dotcms.contenttype.test.ContentResourceTest" time="3.536"/>
  <testcase name="test_getContent_shouldReturnRelationships[28: com.dotcms.contenttype.test.ContentResourceTest$TestCase@58527779]" classname="com.dotcms.contenttype.test.ContentResourceTest" time="3.633"/>
  <testcase name="test_getContent_shouldReturnRelationships[29: com.dotcms.contenttype.test.ContentResourceTest$TestCase@60cc4bc4]" classname="com.dotcms.contenttype.test.ContentResourceTest" time="3.572"/>
  <testcase name="test_getContent_shouldReturnRelationships[30: com.dotcms.contenttype.test.ContentResourceTest$TestCase@25b2685c]" classname="com.dotcms.contenttype.test.ContentResourceTest" time="3.528"/>
  <testcase name="test_getContent_shouldReturnRelationships[31: com.dotcms.contenttype.test.ContentResourceTest$TestCase@759aae45]" classname="com.dotcms.contenttype.test.ContentResourceTest" time="3.734"/>
  <testcase name="test_getContent_shouldReturnRelationships[32: com.dotcms.contenttype.test.ContentResourceTest$TestCase@3e38f630]" classname="com.dotcms.contenttype.test.ContentResourceTest" time="4.999"/>
  <testcase name="test_getContent_shouldReturnRelationships[33: com.dotcms.contenttype.test.ContentResourceTest$TestCase@3ca80858]" classname="com.dotcms.contenttype.test.ContentResourceTest" time="4.534"/>
  <testcase name="testSinglePOST_InvalidParamsShouldReturn400[0: ({\n    &quot;stInode&quot; : &quot;InvalidValue&quot;,\n    &quot;numeric&quot; : &quot;0&quot;,\n    &quot;image&quot; : &quot;whatever&quot;\n}, Bad Request)]" classname="com.dotcms.contenttype.test.ContentResourceTest" time="0.973"/>
  <testcase name="testSinglePOST_InvalidParamsShouldReturn400[1: ({\n    &quot;numeric&quot; : &quot;0&quot;,\n    &quot;image&quot; : &quot;whatever&quot;\n}, Bad Request)]" classname="com.dotcms.contenttype.test.ContentResourceTest" time="0.957"/>
  <testcase name="Test_Save_Action_Set_Null_To_Required_NumericField_Issue_15340" classname="com.dotcms.contenttype.test.ContentResourceTest" time="1.099"/>
  <testcase name="Test_Save_Action_Remove_Image_Then_Verify_Fields_Were_Cleared_Issue_15340" classname="com.dotcms.contenttype.test.ContentResourceTest" time="4.215"/>
  <testcase name="test_getContentWithMultipleSelfRelated_shouldReturnRelationships[0: com.dotcms.contenttype.test.ContentResourceTest$PullSelfRelatedTestCase@2a261897]" classname="com.dotcms.contenttype.test.ContentResourceTest" time="2.086"/>
  <testcase name="test_getContentWithMultipleSelfRelated_shouldReturnRelationships[1: com.dotcms.contenttype.test.ContentResourceTest$PullSelfRelatedTestCase@5356f295]" classname="com.dotcms.contenttype.test.ContentResourceTest" time="2.001"/>
  <testcase name="testGetContentWithAllCategoriesInfo[0: json]" classname="com.dotcms.contenttype.test.ContentResourceTest" time="1.768"/>
  <testcase name="testGetContentWithAllCategoriesInfo[1: xml]" classname="com.dotcms.contenttype.test.ContentResourceTest" time="2.891"/>
  <system-out><![CDATA[











]]></system-out>
  <system-err><![CDATA[]]></system-err>
</testsuite>
