<?xml version="1.0" encoding="UTF-8"?>
<testsuite name="com.dotmarketing.business.UserAPITest" tests="33" skipped="0" failures="0" errors="0" timestamp="2023-06-30T16:13:56" hostname="fv-az362-636" time="42.36">
  <properties/>
  <testcase name="testGetCountUsersByNameOrEmailDeleted" classname="com.dotmarketing.business.UserAPITest" time="0.843"/>
  <testcase name="testGetUsersIdsByCreationDateDeleted" classname="com.dotmarketing.business.UserAPITest" time="0.818"/>
  <testcase name="test_getUserIdByIcqId_icqIdDoesNotBelongToAnyUser_returnEmptyOptional" classname="com.dotmarketing.business.UserAPITest" time="0.001"/>
  <testcase name="Test_User_Returns_No_Gravatar_When_No_Email_Is_Available_And_OtherWise" classname="com.dotmarketing.business.UserAPITest" time="0.827"/>
  <testcase name="testGetUsersByNameDeleted" classname="com.dotmarketing.business.UserAPITest" time="0.826"/>
  <testcase name="test_getUserRole_success" classname="com.dotmarketing.business.UserAPITest" time="0.82"/>
  <testcase name="delete" classname="com.dotmarketing.business.UserAPITest" time="4.93"/>
  <testcase name="testFindAllUsers" classname="com.dotmarketing.business.UserAPITest" time="1.019"/>
  <testcase name="deleteAnonymous" classname="com.dotmarketing.business.UserAPITest" time="0.001"/>
  <testcase name="test_getUserRole_null" classname="com.dotmarketing.business.UserAPITest" time="0.006"/>
  <testcase name="testGetCountUsersByName" classname="com.dotmarketing.business.UserAPITest" time="0.837"/>
  <testcase name="testGetUsersByNameOrEmail" classname="com.dotmarketing.business.UserAPITest" time="0.844"/>
  <testcase name="testGetUsersByNameOrEmailOrUserIDWithFilter" classname="com.dotmarketing.business.UserAPITest" time="0.822"/>
  <testcase name="testUserApiGetCount" classname="com.dotmarketing.business.UserAPITest" time="16.645"/>
  <testcase name="test_getUserIdByIcqId_icqIdEmpty_throwDotInvalidTokenException" classname="com.dotmarketing.business.UserAPITest" time="0.001"/>
  <testcase name="test_loadByUserByEmail_selfUser" classname="com.dotmarketing.business.UserAPITest" time="0.821"/>
  <testcase name="testGetCountUsersByNameOrEmail" classname="com.dotmarketing.business.UserAPITest" time="0.829"/>
  <testcase name="testGetUnDeletedUsers" classname="com.dotmarketing.business.UserAPITest" time="0.814"/>
  <testcase name="testFrontendAndBackendUser" classname="com.dotmarketing.business.UserAPITest" time="2.465"/>
  <testcase name="test_updateUser_withAdditionalInfo" classname="com.dotmarketing.business.UserAPITest" time="0.842"/>
  <testcase name="test_save_selfUser" classname="com.dotmarketing.business.UserAPITest" time="0.823"/>
  <testcase name="testGetCountUsersByNameOrEmailOrUserIDDeleted" classname="com.dotmarketing.business.UserAPITest" time="0.808"/>
  <testcase name="testGetUsersByNameOrEmailOrUserID" classname="com.dotmarketing.business.UserAPITest" time="0.051"/>
  <testcase name="test_loadByUserById_selfUser" classname="com.dotmarketing.business.UserAPITest" time="0.838"/>
  <testcase name="testGetUsersByName" classname="com.dotmarketing.business.UserAPITest" time="0.8"/>
  <testcase name="test_getUserIdByIcqId_success" classname="com.dotmarketing.business.UserAPITest" time="0.826"/>
  <testcase name="testGetUsersByNameOrEmailOrUserIDDeleted" classname="com.dotmarketing.business.UserAPITest" time="0.791"/>
  <testcase name="testGetUsersByNameOrEmailDeleted" classname="com.dotmarketing.business.UserAPITest" time="0.799"/>
  <testcase name="test_saveNewUser_withAdditionalInfo" classname="com.dotmarketing.business.UserAPITest" time="0.812"/>
  <testcase name="testUserApiFilterUsersByNameAndRole" classname="com.dotmarketing.business.UserAPITest" time="0.005"/>
  <testcase name="test_getUserIdByIcqId_icqIdNull_throwDotInvalidTokenException" classname="com.dotmarketing.business.UserAPITest" time="0.0"/>
  <testcase name="testGetCountUsersByNameOrEmailOrUserID" classname="com.dotmarketing.business.UserAPITest" time="0.785"/>
  <testcase name="testGetUsersIdsByCreationDate" classname="com.dotmarketing.business.UserAPITest" time="0.002"/>
  <system-out><![CDATA[]]></system-out>
  <system-err><![CDATA[]]></system-err>
</testsuite>
