<?xml version="1.0" encoding="UTF-8"?>
<testsuite name="com.dotcms.enterprise.publishing.remote.handler.RuleBundlerHandlerTest" tests="1" skipped="0" failures="0" errors="0" timestamp="2023-06-30T18:34:58" hostname="fv-az360-832" time="0.102">
  <properties/>
  <testcase name="testBundlerAndHandler_success_newCategories" classname="com.dotcms.enterprise.publishing.remote.handler.RuleBundlerHandlerTest" time="0.102"/>
  <system-out><![CDATA[]]></system-out>
  <system-err><![CDATA[]]></system-err>
</testsuite>
