<?xml version="1.0" encoding="UTF-8"?>
<testsuite name="com.dotmarketing.portlets.structure.model.ContentletRelationshipsTest" tests="7" skipped="0" failures="0" errors="0" timestamp="2023-06-29T20:48:54" hostname="fv-az221-564" time="8.346">
  <properties/>
  <testcase name="testDoesAllowOnlyOne[0: com.dotmarketing.portlets.structure.model.ContentletRelationshipsTest$CardinalityTestCase@7143c593]" classname="com.dotmarketing.portlets.structure.model.ContentletRelationshipsTest" time="0.399"/>
  <testcase name="testDoesAllowOnlyOne[1: com.dotmarketing.portlets.structure.model.ContentletRelationshipsTest$CardinalityTestCase@16eebb73]" classname="com.dotmarketing.portlets.structure.model.ContentletRelationshipsTest" time="0.4"/>
  <testcase name="testDoesAllowOnlyOne[2: com.dotmarketing.portlets.structure.model.ContentletRelationshipsTest$CardinalityTestCase@5357d741]" classname="com.dotmarketing.portlets.structure.model.ContentletRelationshipsTest" time="0.385"/>
  <testcase name="testGetRelationshipRecords[0: com.dotmarketing.portlets.structure.model.ContentletRelationshipsTest$TestCase@1d20cac3]" classname="com.dotmarketing.portlets.structure.model.ContentletRelationshipsTest" time="1.884"/>
  <testcase name="testGetRelationshipRecords[1: com.dotmarketing.portlets.structure.model.ContentletRelationshipsTest$TestCase@7220fba9]" classname="com.dotmarketing.portlets.structure.model.ContentletRelationshipsTest" time="1.819"/>
  <testcase name="testGetRelationshipRecords[2: com.dotmarketing.portlets.structure.model.ContentletRelationshipsTest$TestCase@11f6e3bd]" classname="com.dotmarketing.portlets.structure.model.ContentletRelationshipsTest" time="1.741"/>
  <testcase name="testGetRelationshipRecords[3: com.dotmarketing.portlets.structure.model.ContentletRelationshipsTest$TestCase@7c76c31d]" classname="com.dotmarketing.portlets.structure.model.ContentletRelationshipsTest" time="1.717"/>
  <system-out><![CDATA[]]></system-out>
  <system-err><![CDATA[]]></system-err>
</testsuite>
