<?xml version="1.0" encoding="UTF-8"?>
<testsuite name="com.dotcms.rest.api.v1.vtl.VTLResourceIntegrationTest" tests="6" skipped="0" failures="0" errors="0" timestamp="2023-06-30T21:10:10" hostname="fv-az247-376" time="11.019">
  <properties/>
  <testcase name="testGet[0: com.dotcms.rest.api.v1.vtl.VTLResourceTestCase@6715f8bb]" classname="com.dotcms.rest.api.v1.vtl.VTLResourceIntegrationTest" time="2.222"/>
  <testcase name="testGet[1: com.dotcms.rest.api.v1.vtl.VTLResourceTestCase@29ee22bb]" classname="com.dotcms.rest.api.v1.vtl.VTLResourceIntegrationTest" time="0.93"/>
  <testcase name="testGet[2: com.dotcms.rest.api.v1.vtl.VTLResourceTestCase@3783d5de]" classname="com.dotcms.rest.api.v1.vtl.VTLResourceIntegrationTest" time="1.017"/>
  <testcase name="testGet[3: com.dotcms.rest.api.v1.vtl.VTLResourceTestCase@315a3667]" classname="com.dotcms.rest.api.v1.vtl.VTLResourceIntegrationTest" time="2.164"/>
  <testcase name="testGet[4: com.dotcms.rest.api.v1.vtl.VTLResourceTestCase@79c2d0d7]" classname="com.dotcms.rest.api.v1.vtl.VTLResourceIntegrationTest" time="2.79"/>
  <testcase name="testGet[5: com.dotcms.rest.api.v1.vtl.VTLResourceTestCase@2161ceae]" classname="com.dotcms.rest.api.v1.vtl.VTLResourceIntegrationTest" time="1.896"/>
  <system-out><![CDATA[]]></system-out>
  <system-err><![CDATA[]]></system-err>
</testsuite>
