<?xml version="1.0" encoding="UTF-8"?>
<testsuite name="com.dotcms.publishing.PublisherAPIImplTest" tests="24" skipped="0" failures="0" errors="0" timestamp="2023-06-27T15:05:56" hostname="fv-az343-524" time="6.575">
  <properties/>
  <testcase name="AddAllCategoryIntoBundle" classname="com.dotcms.publishing.PublisherAPIImplTest" time="0.31"/>
  <testcase name="testFilterDescriptors" classname="com.dotcms.publishing.PublisherAPIImplTest" time="0.178"/>
  <testcase name="sendPushPublishBundle[0: com.dotcms.publishing.PublisherAPIImplTest$TestAsset@41df239f]" classname="com.dotcms.publishing.PublisherAPIImplTest" time="1.775"/>
  <testcase name="sendPushPublishBundle[1: com.dotcms.publishing.PublisherAPIImplTest$TestAsset@3298cc16]" classname="com.dotcms.publishing.PublisherAPIImplTest" time="0.311"/>
  <testcase name="sendPushPublishBundle[2: com.dotcms.publishing.PublisherAPIImplTest$TestAsset@51f629f2]" classname="com.dotcms.publishing.PublisherAPIImplTest" time="0.234"/>
  <testcase name="sendPushPublishBundle[3: com.dotcms.publishing.PublisherAPIImplTest$TestAsset@27be81e5]" classname="com.dotcms.publishing.PublisherAPIImplTest" time="0.37"/>
  <testcase name="sendPushPublishBundle[4: com.dotcms.publishing.PublisherAPIImplTest$TestAsset@1f458d56]" classname="com.dotcms.publishing.PublisherAPIImplTest" time="0.299"/>
  <testcase name="sendPushPublishBundle[5: com.dotcms.publishing.PublisherAPIImplTest$TestAsset@6b491ad4]" classname="com.dotcms.publishing.PublisherAPIImplTest" time="0.187"/>
  <testcase name="sendPushPublishBundle[6: com.dotcms.publishing.PublisherAPIImplTest$TestAsset@b1017f6]" classname="com.dotcms.publishing.PublisherAPIImplTest" time="0.164"/>
  <testcase name="sendPushPublishBundle[7: com.dotcms.publishing.PublisherAPIImplTest$TestAsset@58f21ed8]" classname="com.dotcms.publishing.PublisherAPIImplTest" time="0.138"/>
  <testcase name="sendPushPublishBundle[8: com.dotcms.publishing.PublisherAPIImplTest$TestAsset@6b6e17ad]" classname="com.dotcms.publishing.PublisherAPIImplTest" time="0.21"/>
  <testcase name="sendPushPublishBundle[9: com.dotcms.publishing.PublisherAPIImplTest$TestAsset@48d23fae]" classname="com.dotcms.publishing.PublisherAPIImplTest" time="0.427"/>
  <testcase name="sendPushPublishBundle[10: com.dotcms.publishing.PublisherAPIImplTest$TestAsset@43763ee5]" classname="com.dotcms.publishing.PublisherAPIImplTest" time="0.214"/>
  <testcase name="generateBundle[0: com.dotcms.publishing.PublisherAPIImplTest$TestAsset@41df239f]" classname="com.dotcms.publishing.PublisherAPIImplTest" time="0.269"/>
  <testcase name="generateBundle[1: com.dotcms.publishing.PublisherAPIImplTest$TestAsset@3298cc16]" classname="com.dotcms.publishing.PublisherAPIImplTest" time="0.246"/>
  <testcase name="generateBundle[2: com.dotcms.publishing.PublisherAPIImplTest$TestAsset@51f629f2]" classname="com.dotcms.publishing.PublisherAPIImplTest" time="0.309"/>
  <testcase name="generateBundle[3: com.dotcms.publishing.PublisherAPIImplTest$TestAsset@27be81e5]" classname="com.dotcms.publishing.PublisherAPIImplTest" time="0.239"/>
  <testcase name="generateBundle[4: com.dotcms.publishing.PublisherAPIImplTest$TestAsset@1f458d56]" classname="com.dotcms.publishing.PublisherAPIImplTest" time="0.171"/>
  <testcase name="generateBundle[5: com.dotcms.publishing.PublisherAPIImplTest$TestAsset@6b491ad4]" classname="com.dotcms.publishing.PublisherAPIImplTest" time="0.105"/>
  <testcase name="generateBundle[6: com.dotcms.publishing.PublisherAPIImplTest$TestAsset@b1017f6]" classname="com.dotcms.publishing.PublisherAPIImplTest" time="0.105"/>
  <testcase name="generateBundle[7: com.dotcms.publishing.PublisherAPIImplTest$TestAsset@58f21ed8]" classname="com.dotcms.publishing.PublisherAPIImplTest" time="0.086"/>
  <testcase name="generateBundle[8: com.dotcms.publishing.PublisherAPIImplTest$TestAsset@6b6e17ad]" classname="com.dotcms.publishing.PublisherAPIImplTest" time="0.055"/>
  <testcase name="generateBundle[9: com.dotcms.publishing.PublisherAPIImplTest$TestAsset@48d23fae]" classname="com.dotcms.publishing.PublisherAPIImplTest" time="0.143"/>
  <testcase name="generateBundle[10: com.dotcms.publishing.PublisherAPIImplTest$TestAsset@43763ee5]" classname="com.dotcms.publishing.PublisherAPIImplTest" time="0.018"/>
  <system-out><![CDATA[









































































































































































]]></system-out>
  <system-err><![CDATA[]]></system-err>
</testsuite>
