<?xml version="1.0" encoding="UTF-8"?>
<testsuite name="com.dotmarketing.portlets.cmsmaintenance.factories.CMSMaintenanceFactoryTest" tests="1" skipped="0" failures="0" errors="0" timestamp="2023-07-11T03:36:29" hostname="fv-az407-783" time="11.312">
  <properties/>
  <testcase name="Test_deleteOldAssetVersions_success" classname="com.dotmarketing.portlets.cmsmaintenance.factories.CMSMaintenanceFactoryTest" time="11.312"/>
  <system-out><![CDATA[]]></system-out>
  <system-err><![CDATA[]]></system-err>
</testsuite>
