<?xml version="1.0" encoding="UTF-8"?>
<testsuite name="com.dotcms.rest.TagResourceIntegrationTest" tests="4" skipped="0" failures="0" errors="0" timestamp="2023-07-20T21:24:09" hostname="fv-az809-149" time="0.269">
  <properties/>
  <testcase name="testList[0: com.dotcms.rest.TagResourceTestCase@28ddf91b]" classname="com.dotcms.rest.TagResourceIntegrationTest" time="0.212"/>
  <testcase name="testList[1: com.dotcms.rest.TagResourceTestCase@34779ba5]" classname="com.dotcms.rest.TagResourceIntegrationTest" time="0.019"/>
  <testcase name="testList[2: com.dotcms.rest.TagResourceTestCase@71bba2e8]" classname="com.dotcms.rest.TagResourceIntegrationTest" time="0.015"/>
  <testcase name="testList[3: com.dotcms.rest.TagResourceTestCase@30d7386d]" classname="com.dotcms.rest.TagResourceIntegrationTest" time="0.022"/>
  <system-out><![CDATA[]]></system-out>
  <system-err><![CDATA[Jul 20, 2023 9:24:09 PM com.dotcms.repackage.org.hibernate.validator.internal.util.Version <clinit>
INFO: HV000001: Hibernate Validator 4.3.2.Final
]]></system-err>
</testsuite>
