<?xml version="1.0" encoding="UTF-8"?>
<testsuite name="com.dotmarketing.portlets.containers.business.ContainerAPIImplTest" tests="20" skipped="0" failures="0" errors="0" timestamp="2023-07-01T00:08:58" hostname="fv-az487-783" time="92.991">
  <properties/>
  <testcase name="whenFindFileContainerByAbsolutePathAndExistsInCurrentHost" classname="com.dotmarketing.portlets.containers.business.ContainerAPIImplTest" time="8.803"/>
  <testcase name="test_get_live_not_found" classname="com.dotmarketing.portlets.containers.business.ContainerAPIImplTest" time="0.005"/>
  <testcase name="whenFindContainerByIdAndUserNotHasPermission" classname="com.dotmarketing.portlets.containers.business.ContainerAPIImplTest" time="7.923"/>
  <testcase name="test_get_container_by_folder_found" classname="com.dotmarketing.portlets.containers.business.ContainerAPIImplTest" time="8.159"/>
  <testcase name="whenFindPublishContainerByIdAndExistsAndLiveTrue" classname="com.dotmarketing.portlets.containers.business.ContainerAPIImplTest" time="1.055"/>
  <testcase name="whenFindPublishContainerByIdAndExistsAndLiveFalse" classname="com.dotmarketing.portlets.containers.business.ContainerAPIImplTest" time="1.064"/>
  <testcase name="test_find_all_containers_success" classname="com.dotmarketing.portlets.containers.business.ContainerAPIImplTest" time="7.055"/>
  <testcase name="whenFindFileContainerByAbsolutePathAndExists" classname="com.dotmarketing.portlets.containers.business.ContainerAPIImplTest" time="8.168"/>
  <testcase name="whenFindFileContainerByRelativePathAndNotExists" classname="com.dotmarketing.portlets.containers.business.ContainerAPIImplTest" time="0.001"/>
  <testcase name="whenFindPublishedFileContainerByAbsolutePathAndExists" classname="com.dotmarketing.portlets.containers.business.ContainerAPIImplTest" time="8.259"/>
  <testcase name="test_getContainerByFolder_cache" classname="com.dotmarketing.portlets.containers.business.ContainerAPIImplTest" time="1.161"/>
  <testcase name="test_containerapi_find_by_inode" classname="com.dotmarketing.portlets.containers.business.ContainerAPIImplTest" time="0.507"/>
  <testcase name="getContentTypesInContainer" classname="com.dotmarketing.portlets.containers.business.ContainerAPIImplTest" time="4.157"/>
  <testcase name="test_find_container_not_found" classname="com.dotmarketing.portlets.containers.business.ContainerAPIImplTest" time="0.876"/>
  <testcase name="whenFindContainerByIdAndExists" classname="com.dotmarketing.portlets.containers.business.ContainerAPIImplTest" time="0.011"/>
  <testcase name="whenUserNotHavePermissionInDefaultHost" classname="com.dotmarketing.portlets.containers.business.ContainerAPIImplTest" time="9.367"/>
  <testcase name="test_get_working_found" classname="com.dotmarketing.portlets.containers.business.ContainerAPIImplTest" time="8.045"/>
  <testcase name="whenFindFileContainerByAbsolutePathAndExistsInDefaultHost" classname="com.dotmarketing.portlets.containers.business.ContainerAPIImplTest" time="8.083"/>
  <testcase name="whenUserNotHavePermissionInCurrentHost" classname="com.dotmarketing.portlets.containers.business.ContainerAPIImplTest" time="10.29"/>
  <testcase name="whenFindContainerByIdAndNotExists" classname="com.dotmarketing.portlets.containers.business.ContainerAPIImplTest" time="0.0"/>
  <system-out><![CDATA[]]></system-out>
  <system-err><![CDATA[]]></system-err>
</testsuite>
