<?xml version="1.0" encoding="UTF-8"?>
<testsuite name="com.dotcms.rest.api.v1.vtl.VTLResourceIntegrationTest" tests="6" skipped="0" failures="0" errors="0" timestamp="2023-07-12T19:51:55" hostname="fv-az1241-832" time="11.078">
  <properties/>
  <testcase name="testGet[0: com.dotcms.rest.api.v1.vtl.VTLResourceTestCase@560e29d6]" classname="com.dotcms.rest.api.v1.vtl.VTLResourceIntegrationTest" time="2.333"/>
  <testcase name="testGet[1: com.dotcms.rest.api.v1.vtl.VTLResourceTestCase@57e25af6]" classname="com.dotcms.rest.api.v1.vtl.VTLResourceIntegrationTest" time="2.874"/>
  <testcase name="testGet[2: com.dotcms.rest.api.v1.vtl.VTLResourceTestCase@f3faefa]" classname="com.dotcms.rest.api.v1.vtl.VTLResourceIntegrationTest" time="1.009"/>
  <testcase name="testGet[3: com.dotcms.rest.api.v1.vtl.VTLResourceTestCase@4ea0ff56]" classname="com.dotcms.rest.api.v1.vtl.VTLResourceIntegrationTest" time="1.909"/>
  <testcase name="testGet[4: com.dotcms.rest.api.v1.vtl.VTLResourceTestCase@69c72fcd]" classname="com.dotcms.rest.api.v1.vtl.VTLResourceIntegrationTest" time="1.097"/>
  <testcase name="testGet[5: com.dotcms.rest.api.v1.vtl.VTLResourceTestCase@2cb7fde9]" classname="com.dotcms.rest.api.v1.vtl.VTLResourceIntegrationTest" time="1.856"/>
  <system-out><![CDATA[]]></system-out>
  <system-err><![CDATA[]]></system-err>
</testsuite>
