<?xml version="1.0" encoding="UTF-8"?>
<testsuite name="com.dotcms.contenttype.test.ContentTypeTest" tests="3" skipped="0" failures="0" errors="0" timestamp="2023-07-08T04:27:59" hostname="fv-az436-467" time="0.695">
  <properties/>
  <testcase name="test_that_it_works_like_the_old_way" classname="com.dotcms.contenttype.test.ContentTypeTest" time="0.535"/>
  <testcase name="test_that_fields_of_type_are_returned" classname="com.dotcms.contenttype.test.ContentTypeTest" time="0.075"/>
  <testcase name="test_that_immutable_fields_work_the_same_as_normal_fields_returned" classname="com.dotcms.contenttype.test.ContentTypeTest" time="0.085"/>
  <system-out><![CDATA[]]></system-out>
  <system-err><![CDATA[]]></system-err>
</testsuite>
