<?xml version="1.0" encoding="UTF-8"?>
<testsuite name="com.dotcms.rendering.velocity.viewtools.WorkflowToolTest" tests="2" skipped="0" failures="0" errors="0" timestamp="2023-06-29T19:21:21" hostname="fv-az417-420" time="2.705">
  <properties/>
  <testcase name="testFire[0: com.dotcms.rendering.velocity.viewtools.WorkflowToolFireTestCase@1affda65]" classname="com.dotcms.rendering.velocity.viewtools.WorkflowToolTest" time="1.494"/>
  <testcase name="testFire[1: com.dotcms.rendering.velocity.viewtools.WorkflowToolFireTestCase@57e9b77]" classname="com.dotcms.rendering.velocity.viewtools.WorkflowToolTest" time="1.211"/>
  <system-out><![CDATA[]]></system-out>
  <system-err><![CDATA[]]></system-err>
</testsuite>
