<?xml version="1.0" encoding="UTF-8"?>
<testsuite name="com.dotcms.content.elasticsearch.business.ContentletIndexAPIImplTest" tests="14" skipped="0" failures="0" errors="0" timestamp="2023-06-23T17:28:04" hostname="fv-az592-477" time="107.136">
  <properties/>
  <testcase name="createContentIndexAndDelete" classname="com.dotcms.content.elasticsearch.business.ContentletIndexAPIImplTest" time="18.201"/>
  <testcase name="isDotCMSIndexName" classname="com.dotcms.content.elasticsearch.business.ContentletIndexAPIImplTest" time="0.001"/>
  <testcase name="addRemoveContentToIndex" classname="com.dotcms.content.elasticsearch.business.ContentletIndexAPIImplTest" time="15.237"/>
  <testcase name="removeContentFromIndexByStructureInode" classname="com.dotcms.content.elasticsearch.business.ContentletIndexAPIImplTest" time="3.158"/>
  <testcase name="test_indexContentList_with_diff_refresh_strategies" classname="com.dotcms.content.elasticsearch.business.ContentletIndexAPIImplTest" time="5.339"/>
  <testcase name="test_indexContentList_ContentTypeWithPageDetailNotExists" classname="com.dotcms.content.elasticsearch.business.ContentletIndexAPIImplTest" time="1.355"/>
  <testcase name="optimize" classname="com.dotcms.content.elasticsearch.business.ContentletIndexAPIImplTest" time="17.434"/>
  <testcase name="activateDeactivateIndex" classname="com.dotcms.content.elasticsearch.business.ContentletIndexAPIImplTest" time="17.301"/>
  <testcase name="testSearchIndexByDate" classname="com.dotcms.content.elasticsearch.business.ContentletIndexAPIImplTest" time="0.375"/>
  <testcase name="testGetIndexDocumentCountSuccess" classname="com.dotcms.content.elasticsearch.business.ContentletIndexAPIImplTest" time="0.003"/>
  <testcase name="testSearch" classname="com.dotcms.content.elasticsearch.business.ContentletIndexAPIImplTest" time="2.73"/>
  <testcase name="testRemoveContentFromIndex" classname="com.dotcms.content.elasticsearch.business.ContentletIndexAPIImplTest" time="13.324"/>
  <testcase name="testGetIndexDocumentCountWithInvalidIndexNameFails" classname="com.dotcms.content.elasticsearch.business.ContentletIndexAPIImplTest" time="0.027"/>
  <testcase name="test_that_live_and_working_content_makes_it_into_the_index" classname="com.dotcms.content.elasticsearch.business.ContentletIndexAPIImplTest" time="12.639"/>
  <system-out><![CDATA[]]></system-out>
  <system-err><![CDATA[]]></system-err>
</testsuite>
