<?xml version="1.0" encoding="UTF-8"?>
<testsuite name="com.dotcms.rest.TagResourceIntegrationTest" tests="4" skipped="0" failures="0" errors="0" timestamp="2023-06-28T18:41:11" hostname="fv-az440-364" time="0.404">
  <properties/>
  <testcase name="testList[0: com.dotcms.rest.TagResourceTestCase@284d1243]" classname="com.dotcms.rest.TagResourceIntegrationTest" time="0.324"/>
  <testcase name="testList[1: com.dotcms.rest.TagResourceTestCase@73a33748]" classname="com.dotcms.rest.TagResourceIntegrationTest" time="0.031"/>
  <testcase name="testList[2: com.dotcms.rest.TagResourceTestCase@634817d9]" classname="com.dotcms.rest.TagResourceIntegrationTest" time="0.023"/>
  <testcase name="testList[3: com.dotcms.rest.TagResourceTestCase@590336c5]" classname="com.dotcms.rest.TagResourceIntegrationTest" time="0.025"/>
  <system-out><![CDATA[]]></system-out>
  <system-err><![CDATA[Jun 28, 2023 6:41:12 PM com.dotcms.repackage.org.hibernate.validator.internal.util.Version <clinit>
INFO: HV000001: Hibernate Validator 4.3.2.Final
]]></system-err>
</testsuite>
