<?xml version="1.0" encoding="UTF-8"?>
<testsuite name="com.dotmarketing.servlets.ajax.AjaxDirectorServletIntegrationTest" tests="2" skipped="0" failures="0" errors="0" timestamp="2023-06-26T17:34:40" hostname="fv-az1226-245" time="1.486">
  <properties/>
  <testcase name="testService[0: com.dotmarketing.servlets.ajax.AjaxDirectorServletTestCase@40de3cd8]" classname="com.dotmarketing.servlets.ajax.AjaxDirectorServletIntegrationTest" time="0.818"/>
  <testcase name="testService[1: com.dotmarketing.servlets.ajax.AjaxDirectorServletTestCase@1eacab]" classname="com.dotmarketing.servlets.ajax.AjaxDirectorServletIntegrationTest" time="0.668"/>
  <system-out><![CDATA[]]></system-out>
  <system-err><![CDATA[]]></system-err>
</testsuite>
