<?xml version="1.0" encoding="UTF-8"?>
<testsuite name="com.dotcms.rendering.velocity.viewtools.WorkflowToolTest" tests="2" skipped="0" failures="0" errors="0" timestamp="2023-07-17T23:56:15" hostname="fv-az162-832" time="2.665">
  <properties/>
  <testcase name="testFire[0: com.dotcms.rendering.velocity.viewtools.WorkflowToolFireTestCase@7ac3fd0e]" classname="com.dotcms.rendering.velocity.viewtools.WorkflowToolTest" time="1.34"/>
  <testcase name="testFire[1: com.dotcms.rendering.velocity.viewtools.WorkflowToolFireTestCase@54ab77fb]" classname="com.dotcms.rendering.velocity.viewtools.WorkflowToolTest" time="1.324"/>
  <system-out><![CDATA[]]></system-out>
  <system-err><![CDATA[]]></system-err>
</testsuite>
