<?xml version="1.0" encoding="UTF-8"?>
<testsuite name="com.dotmarketing.startup.runonce.Task05225RemoveLoadRecordsToIndexTest" tests="2" skipped="0" failures="0" errors="0" timestamp="2023-06-23T19:51:06" hostname="fv-az256-466" time="0.018">
  <properties/>
  <testcase name="testUpgradeTaskWhenProcedureExistsShouldPass" classname="com.dotmarketing.startup.runonce.Task05225RemoveLoadRecordsToIndexTest" time="0.014"/>
  <testcase name="testUpgradeTaskWhenProcedureDoesNotExistShouldPass" classname="com.dotmarketing.startup.runonce.Task05225RemoveLoadRecordsToIndexTest" time="0.004"/>
  <system-out><![CDATA[]]></system-out>
  <system-err><![CDATA[]]></system-err>
</testsuite>
