<?xml version="1.0" encoding="UTF-8"?>
<testsuite name="com.dotcms.rest.TagResourceIntegrationTest" tests="4" skipped="0" failures="0" errors="0" timestamp="2023-07-18T19:52:05" hostname="fv-az344-517" time="0.276">
  <properties/>
  <testcase name="testList[0: com.dotcms.rest.TagResourceTestCase@76960ff7]" classname="com.dotcms.rest.TagResourceIntegrationTest" time="0.198"/>
  <testcase name="testList[1: com.dotcms.rest.TagResourceTestCase@8a93aa4]" classname="com.dotcms.rest.TagResourceIntegrationTest" time="0.022"/>
  <testcase name="testList[2: com.dotcms.rest.TagResourceTestCase@6da14533]" classname="com.dotcms.rest.TagResourceIntegrationTest" time="0.018"/>
  <testcase name="testList[3: com.dotcms.rest.TagResourceTestCase@293e18ed]" classname="com.dotcms.rest.TagResourceIntegrationTest" time="0.038"/>
  <system-out><![CDATA[]]></system-out>
  <system-err><![CDATA[Jul 18, 2023 7:52:05 PM com.dotcms.repackage.org.hibernate.validator.internal.util.Version <clinit>
INFO: HV000001: Hibernate Validator 4.3.2.Final
]]></system-err>
</testsuite>
