<?xml version="1.0" encoding="UTF-8"?>
<testsuite name="com.dotcms.publishing.PublisherAPITest" tests="10" skipped="0" failures="0" errors="0" timestamp="2023-06-27T00:53:08" hostname="fv-az419-343" time="8.165">
  <properties/>
  <testcase name="test_getFiltersByRole_CMSAdmin_returnAllFilters" classname="com.dotcms.publishing.PublisherAPITest" time="0.838"/>
  <testcase name="test_getFiltersByRole_nonCMSAdmin_RoleHierarchy" classname="com.dotcms.publishing.PublisherAPITest" time="3.434"/>
  <testcase name="test_getFiltersByRole_nonCMSAdmin_userId" classname="com.dotcms.publishing.PublisherAPITest" time="0.847"/>
  <testcase name="test_getFilterDescriptorByKey_emptyKey_returnDefaultFilter" classname="com.dotcms.publishing.PublisherAPITest" time="0.001"/>
  <testcase name="test_addFilter_success" classname="com.dotcms.publishing.PublisherAPITest" time="0.031"/>
  <testcase name="test_createPublisherFilter_withAllFilters" classname="com.dotcms.publishing.PublisherAPITest" time="0.468"/>
  <testcase name="test_getFilterDescriptorByKey_success" classname="com.dotcms.publishing.PublisherAPITest" time="0.002"/>
  <testcase name="test_createPublisherFilter_withSomeFilters" classname="com.dotcms.publishing.PublisherAPITest" time="0.004"/>
  <testcase name="test_publish_fail_retry" classname="com.dotcms.publishing.PublisherAPITest" time="2.531"/>
  <testcase name="test_getFilterDescriptorByKey_filterKeyDoesNotExist_returnDefaultFilter" classname="com.dotcms.publishing.PublisherAPITest" time="0.009"/>
  <system-out><![CDATA[

]]></system-out>
  <system-err><![CDATA[]]></system-err>
</testsuite>
