<?xml version="1.0" encoding="UTF-8"?>
<testsuite name="com.dotmarketing.portlets.contentlet.business.HostFactoryImplTest" tests="2" skipped="0" failures="0" errors="0" timestamp="2023-07-20T21:27:48" hostname="fv-az803-349" time="23.67">
  <properties/>
  <testcase name="test_search_shouldReturnExactMatchesFirst" classname="com.dotmarketing.portlets.contentlet.business.HostFactoryImplTest" time="21.696"/>
  <testcase name="test_findLiveAndStopped_shouldOnlyRetunLiveAndStoppedSites" classname="com.dotmarketing.portlets.contentlet.business.HostFactoryImplTest" time="1.974"/>
  <system-out><![CDATA[]]></system-out>
  <system-err><![CDATA[]]></system-err>
</testsuite>
