<?xml version="1.0" encoding="UTF-8"?>
<testsuite name="com.dotmarketing.portlets.structure.model.ContentletRelationshipsTest" tests="7" skipped="0" failures="0" errors="0" timestamp="2023-07-17T21:21:24" hostname="fv-az561-617" time="10.357">
  <properties/>
  <testcase name="testDoesAllowOnlyOne[0: com.dotmarketing.portlets.structure.model.ContentletRelationshipsTest$CardinalityTestCase@57ae0931]" classname="com.dotmarketing.portlets.structure.model.ContentletRelationshipsTest" time="0.554"/>
  <testcase name="testDoesAllowOnlyOne[1: com.dotmarketing.portlets.structure.model.ContentletRelationshipsTest$CardinalityTestCase@701ccd6f]" classname="com.dotmarketing.portlets.structure.model.ContentletRelationshipsTest" time="0.632"/>
  <testcase name="testDoesAllowOnlyOne[2: com.dotmarketing.portlets.structure.model.ContentletRelationshipsTest$CardinalityTestCase@24c4cd3b]" classname="com.dotmarketing.portlets.structure.model.ContentletRelationshipsTest" time="0.548"/>
  <testcase name="testGetRelationshipRecords[0: com.dotmarketing.portlets.structure.model.ContentletRelationshipsTest$TestCase@42e4d769]" classname="com.dotmarketing.portlets.structure.model.ContentletRelationshipsTest" time="2.259"/>
  <testcase name="testGetRelationshipRecords[1: com.dotmarketing.portlets.structure.model.ContentletRelationshipsTest$TestCase@6524b985]" classname="com.dotmarketing.portlets.structure.model.ContentletRelationshipsTest" time="2.237"/>
  <testcase name="testGetRelationshipRecords[2: com.dotmarketing.portlets.structure.model.ContentletRelationshipsTest$TestCase@73c577fb]" classname="com.dotmarketing.portlets.structure.model.ContentletRelationshipsTest" time="2.066"/>
  <testcase name="testGetRelationshipRecords[3: com.dotmarketing.portlets.structure.model.ContentletRelationshipsTest$TestCase@716ad1ad]" classname="com.dotmarketing.portlets.structure.model.ContentletRelationshipsTest" time="2.059"/>
  <system-out><![CDATA[]]></system-out>
  <system-err><![CDATA[]]></system-err>
</testsuite>
