<?xml version="1.0" encoding="UTF-8"?>
<testsuite name="com.dotmarketing.portlets.containers.business.ContainerFactoryImplTest" tests="5" skipped="0" failures="0" errors="0" timestamp="2023-07-21T04:17:44" hostname="fv-az256-498" time="1.652">
  <properties/>
  <testcase name="test_save_inputExistingContainerData_shouldUpdateExistingContainer" classname="com.dotmarketing.portlets.containers.business.ContainerFactoryImplTest" time="0.026"/>
  <testcase name="test_find_inodeInputParameter_shouldReturnContainerByInode" classname="com.dotmarketing.portlets.containers.business.ContainerFactoryImplTest" time="0.57"/>
  <testcase name="test_save_containerWithoutIdentifier_shouldThrowException" classname="com.dotmarketing.portlets.containers.business.ContainerFactoryImplTest" time="0.002"/>
  <testcase name="test_save_inputNewContainerData_shouldInsertNewContainer" classname="com.dotmarketing.portlets.containers.business.ContainerFactoryImplTest" time="0.019"/>
  <testcase name="test_container_find_by_query_no_SQL_injection_in_orderby" classname="com.dotmarketing.portlets.containers.business.ContainerFactoryImplTest" time="1.035"/>
  <system-out><![CDATA[]]></system-out>
  <system-err><![CDATA[]]></system-err>
</testsuite>
