<?xml version="1.0" encoding="UTF-8"?>
<testsuite name="com.dotcms.rest.api.v1.vtl.VTLResourceIntegrationTest" tests="6" skipped="0" failures="0" errors="0" timestamp="2023-07-03T16:03:42" hostname="fv-az349-999" time="12.301">
  <properties/>
  <testcase name="testGet[0: com.dotcms.rest.api.v1.vtl.VTLResourceTestCase@69d4706b]" classname="com.dotcms.rest.api.v1.vtl.VTLResourceIntegrationTest" time="2.368"/>
  <testcase name="testGet[1: com.dotcms.rest.api.v1.vtl.VTLResourceTestCase@2ab437f7]" classname="com.dotcms.rest.api.v1.vtl.VTLResourceIntegrationTest" time="2.071"/>
  <testcase name="testGet[2: com.dotcms.rest.api.v1.vtl.VTLResourceTestCase@5a4fb1fb]" classname="com.dotcms.rest.api.v1.vtl.VTLResourceIntegrationTest" time="1.911"/>
  <testcase name="testGet[3: com.dotcms.rest.api.v1.vtl.VTLResourceTestCase@451f9034]" classname="com.dotcms.rest.api.v1.vtl.VTLResourceIntegrationTest" time="2.073"/>
  <testcase name="testGet[4: com.dotcms.rest.api.v1.vtl.VTLResourceTestCase@f82f7d4]" classname="com.dotcms.rest.api.v1.vtl.VTLResourceIntegrationTest" time="2.073"/>
  <testcase name="testGet[5: com.dotcms.rest.api.v1.vtl.VTLResourceTestCase@482725c]" classname="com.dotcms.rest.api.v1.vtl.VTLResourceIntegrationTest" time="1.805"/>
  <system-out><![CDATA[]]></system-out>
  <system-err><![CDATA[]]></system-err>
</testsuite>
