<?xml version="1.0" encoding="UTF-8"?>
<testsuite name="com.dotmarketing.startup.runonce.Task05165CreateContentTypeWorkflowActionMappingTableTest" tests="1" skipped="0" failures="0" errors="0" timestamp="2023-06-30T20:19:55" hostname="fv-az1025-316" time="0.027">
  <properties/>
  <testcase name="testExecuteUpgrade" classname="com.dotmarketing.startup.runonce.Task05165CreateContentTypeWorkflowActionMappingTableTest" time="0.027"/>
  <system-out><![CDATA[]]></system-out>
  <system-err><![CDATA[]]></system-err>
</testsuite>
