<?xml version="1.0" encoding="UTF-8"?>
<testsuite name="com.dotcms.rest.TagResourceIntegrationTest" tests="4" skipped="0" failures="0" errors="0" timestamp="2023-07-19T21:21:21" hostname="fv-az561-507" time="0.339">
  <properties/>
  <testcase name="testList[0: com.dotcms.rest.TagResourceTestCase@8be070c]" classname="com.dotcms.rest.TagResourceIntegrationTest" time="0.259"/>
  <testcase name="testList[1: com.dotcms.rest.TagResourceTestCase@690b19f7]" classname="com.dotcms.rest.TagResourceIntegrationTest" time="0.028"/>
  <testcase name="testList[2: com.dotcms.rest.TagResourceTestCase@3bc761ea]" classname="com.dotcms.rest.TagResourceIntegrationTest" time="0.024"/>
  <testcase name="testList[3: com.dotcms.rest.TagResourceTestCase@33df2734]" classname="com.dotcms.rest.TagResourceIntegrationTest" time="0.027"/>
  <system-out><![CDATA[]]></system-out>
  <system-err><![CDATA[Jul 19, 2023 9:21:21 PM com.dotcms.repackage.org.hibernate.validator.internal.util.Version <clinit>
INFO: HV000001: Hibernate Validator 4.3.2.Final
]]></system-err>
</testsuite>
