<?xml version="1.0" encoding="UTF-8"?>
<testsuite name="com.liferay.portal.language.LanguageUtilTest" tests="15" skipped="0" failures="0" errors="0" timestamp="2023-06-30T01:59:25" hostname="fv-az343-533" time="0.075">
  <properties/>
  <testcase name="getLanguageId_null_expected_negative_lang_Test" classname="com.liferay.portal.language.LanguageUtilTest" time="0.001"/>
  <testcase name="getLanguageId_empty_expected_negative_lang_Test" classname="com.liferay.portal.language.LanguageUtilTest" time="0.001"/>
  <testcase name="getLanguageId_weirdlang_expected_negative_lang_Test" classname="com.liferay.portal.language.LanguageUtilTest" time="0.003"/>
  <testcase name="getLanguageId_valid_default_long_expected_same_lang_id_Test" classname="com.liferay.portal.language.LanguageUtilTest" time="0.003"/>
  <testcase name="test_getAllMessagesByLocale_success" classname="com.liferay.portal.language.LanguageUtilTest" time="0.021"/>
  <testcase name="getLanguageId_existing_expected_non_negative_lang_Test" classname="com.liferay.portal.language.LanguageUtilTest" time="0.016"/>
  <testcase name="test_getLanguageId_DiffLanguageLocale[0: com.liferay.portal.language.LanguageUtilTest$TestCaseLanguageLocale@10cca7bf]" classname="com.liferay.portal.language.LanguageUtilTest" time="0.005"/>
  <testcase name="test_getLanguageId_DiffLanguageLocale[1: com.liferay.portal.language.LanguageUtilTest$TestCaseLanguageLocale@79a2d7be]" classname="com.liferay.portal.language.LanguageUtilTest" time="0.01"/>
  <testcase name="test_getLanguageId_DiffLanguageLocale[2: com.liferay.portal.language.LanguageUtilTest$TestCaseLanguageLocale@7dd4d3b4]" classname="com.liferay.portal.language.LanguageUtilTest" time="0.002"/>
  <testcase name="test_getLanguageId_DiffLanguageLocale[3: com.liferay.portal.language.LanguageUtilTest$TestCaseLanguageLocale@1b46a4b0]" classname="com.liferay.portal.language.LanguageUtilTest" time="0.001"/>
  <testcase name="test_getLanguageId_DiffLanguageLocale[4: com.liferay.portal.language.LanguageUtilTest$TestCaseLanguageLocale@6ec21938]" classname="com.liferay.portal.language.LanguageUtilTest" time="0.001"/>
  <testcase name="test_getLanguageId_DiffLanguageLocale[5: com.liferay.portal.language.LanguageUtilTest$TestCaseLanguageLocale@1b23c79]" classname="com.liferay.portal.language.LanguageUtilTest" time="0.001"/>
  <testcase name="test_getLanguageId_DiffLanguageLocale[6: com.liferay.portal.language.LanguageUtilTest$TestCaseLanguageLocale@5aa01688]" classname="com.liferay.portal.language.LanguageUtilTest" time="0.004"/>
  <testcase name="test_getLanguageId_DiffLanguageLocale[7: com.liferay.portal.language.LanguageUtilTest$TestCaseLanguageLocale@746d4a48]" classname="com.liferay.portal.language.LanguageUtilTest" time="0.001"/>
  <testcase name="getLanguageId_valid_long_expected_same_lang_id_Test" classname="com.liferay.portal.language.LanguageUtilTest" time="0.001"/>
  <system-out><![CDATA[]]></system-out>
  <system-err><![CDATA[]]></system-err>
</testsuite>
