<?xml version="1.0" encoding="UTF-8"?>
<testsuite name="com.dotcms.rest.api.v1.vtl.VTLResourceIntegrationTest" tests="6" skipped="0" failures="0" errors="0" timestamp="2023-06-27T17:48:35" hostname="fv-az450-696" time="12.169">
  <properties/>
  <testcase name="testGet[0: com.dotcms.rest.api.v1.vtl.VTLResourceTestCase@530b6fe4]" classname="com.dotcms.rest.api.v1.vtl.VTLResourceIntegrationTest" time="2.259"/>
  <testcase name="testGet[1: com.dotcms.rest.api.v1.vtl.VTLResourceTestCase@7acdff79]" classname="com.dotcms.rest.api.v1.vtl.VTLResourceIntegrationTest" time="1.826"/>
  <testcase name="testGet[2: com.dotcms.rest.api.v1.vtl.VTLResourceTestCase@106cba89]" classname="com.dotcms.rest.api.v1.vtl.VTLResourceIntegrationTest" time="2.097"/>
  <testcase name="testGet[3: com.dotcms.rest.api.v1.vtl.VTLResourceTestCase@7769c69e]" classname="com.dotcms.rest.api.v1.vtl.VTLResourceIntegrationTest" time="2.109"/>
  <testcase name="testGet[4: com.dotcms.rest.api.v1.vtl.VTLResourceTestCase@7f15f3d8]" classname="com.dotcms.rest.api.v1.vtl.VTLResourceIntegrationTest" time="1.766"/>
  <testcase name="testGet[5: com.dotcms.rest.api.v1.vtl.VTLResourceTestCase@6ab6fd74]" classname="com.dotcms.rest.api.v1.vtl.VTLResourceIntegrationTest" time="2.111"/>
  <system-out><![CDATA[]]></system-out>
  <system-err><![CDATA[]]></system-err>
</testsuite>
