<?xml version="1.0" encoding="UTF-8"?>
<testsuite name="com.dotmarketing.startup.runonce.Task220829CreateExperimentsTableTest" tests="1" skipped="0" failures="0" errors="0" timestamp="2023-07-07T21:02:13" hostname="fv-az422-848" time="0.018">
  <properties/>
  <testcase name="testExecuteUpgrade" classname="com.dotmarketing.startup.runonce.Task220829CreateExperimentsTableTest" time="0.018"/>
  <system-out><![CDATA[]]></system-out>
  <system-err><![CDATA[]]></system-err>
</testsuite>
