<?xml version="1.0" encoding="UTF-8"?>
<testsuite name="com.dotmarketing.business.DeterministicIdentifierAPITest" tests="16" skipped="0" failures="0" errors="0" timestamp="2023-07-05T23:41:03" hostname="fv-az614-79" time="1.668">
  <properties/>
  <testcase name="Test_Category_Path_Seed_And_Id" classname="com.dotmarketing.business.DeterministicIdentifierAPITest" time="0.022"/>
  <testcase name="Test_Language_Deterministic_Id[0: LanguageTestCase{expectedSeed='Language:es:US', expectedHash=4913155, langCode='es', countryCode='US', country='United States'}]" classname="com.dotmarketing.business.DeterministicIdentifierAPITest" time="0.004"/>
  <testcase name="Test_Language_Deterministic_Id[1: LanguageTestCase{expectedSeed='Language:ep:', expectedHash=5292269, langCode='ep', countryCode='', country=''}]" classname="com.dotmarketing.business.DeterministicIdentifierAPITest" time="0.001"/>
  <testcase name="Test_Language_Deterministic_Id[2: LanguageTestCase{expectedSeed='Language:sg:SAG', expectedHash=4713118, langCode='sg', countryCode='SAG', country=''}]" classname="com.dotmarketing.business.DeterministicIdentifierAPITest" time="0.001"/>
  <testcase name="Test_Language_Deterministic_Id[3: LanguageTestCase{expectedSeed='Language:en:NZ', expectedHash=5382528, langCode='en', countryCode='NZ', country='New Zealand'}]" classname="com.dotmarketing.business.DeterministicIdentifierAPITest" time="0.001"/>
  <testcase name="Test_Category_None_Persisted_Category_Should_Return_Deterministic_Id" classname="com.dotmarketing.business.DeterministicIdentifierAPITest" time="0.001"/>
  <testcase name="Test_Asset_Generate_Deterministic_Id_Best_Effort[0: TestCase{versionable=my.host1688600083083.com, parent=System Host, expectedName='my.host1688600083083.com', expectedType='Host'}]" classname="com.dotmarketing.business.DeterministicIdentifierAPITest" time="0.002"/>
  <testcase name="Test_Asset_Generate_Deterministic_Id_Best_Effort[1: TestCase{versionable=com.dotmarketing.portlets.contentlet.model.Contentlet@11c825c9[map={modDate=2023-07-05 23:34:43.962, fileName=file7680261037435607974.txt, title=file7680261037435607974.txt, inode=dd57b0bf-f0ef-4487-a1a3-633250ce01a9, __IS_NEW_CONTENT__=true, disabledWYSIWYG=[], host=7e6d0e03-e136-44a0-8930-09511ac75469, stInode=33888b6f-7a8e-4069-b1b6-5c1aa9d0a48d, owner=system, identifier=2c2903d9-e1c2-47fa-871b-678e9a42665b, nullProperties=[wfExpireDate, wfPublishDate, wfActionAssign, wfActionId, wfActionComments, filterKey, whereToSend, wfNeverExpire, _path_to_move, timezoneId, iWantTo, wfPublishTime, wfExpireTime], languageId=1, fileAsset=/home/runner/work/core/custom/assets/d/d/dd57b0bf-f0ef-4487-a1a3-633250ce01a9/fileAsset/file7680261037435607974.txt, folder=8f01a834-98dd-415e-bbc5-3c982db794f2, __disable_workflow__=true, sortOrder=0, modUser=system},lowIndexPriority=false,variantId=DEFAULT], parent=com.dotmarketing.portlets.folders.model.Folder@50b4d3cc[identifier=8f01a834-98dd-415e-bbc5-3c982db794f2,name=testName1688600083956,sortOrder=0,showOnMenu=false,hostId=7e6d0e03-e136-44a0-8930-09511ac75469,type=folder,title=testTitle1688600083956,filesMasks=,defaultFileType=33888b6f-7a8e-4069-b1b6-5c1aa9d0a48d,modDate=2023-07-05 23:34:43.958,owner=&lt;null&gt;,iDate=2023-07-05 23:34:43.958,inode=8f01a834-98dd-415e-bbc5-3c982db794f2,path=/testName1688600083956/], expectedName='file7680261037435607974.txt', expectedType='FileAsset'}]" classname="com.dotmarketing.business.DeterministicIdentifierAPITest" time="0.003"/>
  <testcase name="Test_Asset_Generate_Deterministic_Id_Best_Effort[2: TestCase{versionable=com.dotmarketing.portlets.templates.model.Template@62d9de39, parent=my.host1688600083083.com, expectedName='testTitle1688600084079', expectedType='Template'}]" classname="com.dotmarketing.business.DeterministicIdentifierAPITest" time="0.002"/>
  <testcase name="Test_Asset_Generate_Deterministic_Id_Best_Effort[3: TestCase{versionable=com.dotmarketing.portlets.htmlpageasset.model.HTMLPageAsset@66821ca[map={template=c9b3aad3-bb9c-493c-a022-8cfe87bdad5a, owner=system, identifier=45a5be7f-5b47-42da-9662-5aa44e7d44d6, nullProperties=[wfExpireDate, wfPublishDate, wfActionAssign, wfActionId, wfActionComments, filterKey, whereToSend, wfNeverExpire, _path_to_move, timezoneId, iWantTo, wfPublishTime, wfExpireTime], modDate=2023-07-05 23:34:44.096, cachettl=0, _is_test_mode=true, languageId=1, title=test-page-title-1688600084091, httpsreq=, url=test-page-url-1688600084091, showOnMenu=, inode=f04a55ef-ab46-4847-aae6-05b82f50d7d4, folder=8f01a834-98dd-415e-bbc5-3c982db794f2, disabledWYSIWYG=[], sortOrder=1, modUser=system, host=7e6d0e03-e136-44a0-8930-09511ac75469, stInode=c541abb1-69b3-4bc5-8430-5e09e5239cc8, friendlyName=test-page-friendly-name-1688600084091},lowIndexPriority=false,variantId=DEFAULT], parent=com.dotmarketing.portlets.folders.model.Folder@50b4d3cc[identifier=8f01a834-98dd-415e-bbc5-3c982db794f2,name=testName1688600083956,sortOrder=0,showOnMenu=false,hostId=7e6d0e03-e136-44a0-8930-09511ac75469,type=folder,title=testTitle1688600083956,filesMasks=,defaultFileType=33888b6f-7a8e-4069-b1b6-5c1aa9d0a48d,modDate=2023-07-05 23:34:43.958,owner=&lt;null&gt;,iDate=2023-07-05 23:34:43.958,inode=8f01a834-98dd-415e-bbc5-3c982db794f2,path=/testName1688600083956/], expectedName='test-page-url-1688600084091', expectedType='htmlpageasset'}]" classname="com.dotmarketing.business.DeterministicIdentifierAPITest" time="0.005"/>
  <testcase name="Test_Asset_Generate_Deterministic_Id_Best_Effort[4: TestCase{versionable=com.dotmarketing.portlets.contentlet.model.Contentlet@4737e187[map={fileAsset2=/home/runner/work/core/custom/assets/2/f/2f33f05d-2670-4b6d-87cc-3ba75dee2eab/fileAsset2/test_binary1688600084944.png, modDate=2023-07-05 23:34:44.949, fileAsset1=/home/runner/work/core/custom/assets/2/f/2f33f05d-2670-4b6d-87cc-3ba75dee2eab/fileAsset1/test_binary1688600084944.jpg, title=blah, inode=2f33f05d-2670-4b6d-87cc-3ba75dee2eab, __IS_NEW_CONTENT__=true, disabledWYSIWYG=[], host=48190c8c-42c4-46af-8d1a-0cd5db894797, stInode=12ac033a-bbce-4af7-bb1b-2edb1c7c947b, owner=system, identifier=d45378b7-c0e6-49a9-a2e1-8462506dabb5, nullProperties=[], languageId=1, image1=7f51084a-1554-4689-b56d-1746c84f1087, folder=SYSTEM_FOLDER, __disable_workflow__=true, sortOrder=0, modUser=system},lowIndexPriority=false,variantId=DEFAULT], parent=demo.dotcms.com, expectedName='test_binary1688600084944.jpg:test_binary1688600084944.png', expectedType='MultipleBinaries1688600084245'}]" classname="com.dotmarketing.business.DeterministicIdentifierAPITest" time="0.003"/>
  <testcase name="Test_Asset_Generate_Deterministic_Id_Best_Effort[5: TestCase{versionable=name8f76d60564 : keyTag8f76d60564, parent=my.host1688600083083.com, expectedName='keyTag8f76d60564', expectedType='persona'}]" classname="com.dotmarketing.business.DeterministicIdentifierAPITest" time="0.002"/>
  <testcase name="Test_Similar_Content_Type_Wont_Clash" classname="com.dotmarketing.business.DeterministicIdentifierAPITest" time="0.488"/>
  <testcase name="Test_Generate_Folder_Identifier" classname="com.dotmarketing.business.DeterministicIdentifierAPITest" time="1.117"/>
  <testcase name="Test_Generate_Content_Type_Identifier[0: ContentTypeTestCase{contentType=KeyValueContentType{name=Language Variable, id=f4d7c1b8-2c88-4071-abf1-a5328977b07d, description=Default Content Type for Language Variables, defaultType=false, fixed=true, iDate=Thu Aug 31 16:38:49 UTC 2017, system=true, versionable=true, variable=Languagevariable, modDate=Wed Jul 05 22:30:02 UTC 2023, host=SYSTEM_HOST, siteName=systemHost, icon=language, sortOrder=0, folder=SYSTEM_FOLDER, folderPath=/, markedForDeletion=true, multilingualable=false}, expectedName='Languagevariable', expectedType='KeyValue'}]" classname="com.dotmarketing.business.DeterministicIdentifierAPITest" time="0.005"/>
  <testcase name="Test_Generate_Content_Type_Identifier[1: ContentTypeTestCase{contentType=SimpleContentType{name=testName1688600085295, id=88419b4e-bbd0-4383-8068-1d198ff46102, description=testDescription1688600085295, defaultType=false, fixed=false, iDate=Wed Jul 05 23:34:45 UTC 2023, system=false, versionable=true, multilingualable=false, variable=testVarname1688600085295, owner=system, modDate=Wed Jul 05 23:34:46 UTC 2023, host=48190c8c-42c4-46af-8d1a-0cd5db894797, siteName=demo.dotcms.com, icon=event_note, sortOrder=0, folder=SYSTEM_FOLDER, folderPath=/, requiredFields=[], markedForDeletion=false}, expectedName='testVarname1688600085295', expectedType='CONTENT'}]" classname="com.dotmarketing.business.DeterministicIdentifierAPITest" time="0.005"/>
  <system-out><![CDATA[]]></system-out>
  <system-err><![CDATA[]]></system-err>
</testsuite>
