<?xml version="1.0" encoding="UTF-8"?>
<testsuite name="com.dotmarketing.portlets.structure.model.ContentletRelationshipsTest" tests="7" skipped="0" failures="0" errors="0" timestamp="2023-06-27T23:53:57" hostname="fv-az168-423" time="8.027">
  <properties/>
  <testcase name="testDoesAllowOnlyOne[0: com.dotmarketing.portlets.structure.model.ContentletRelationshipsTest$CardinalityTestCase@ef6e106]" classname="com.dotmarketing.portlets.structure.model.ContentletRelationshipsTest" time="0.479"/>
  <testcase name="testDoesAllowOnlyOne[1: com.dotmarketing.portlets.structure.model.ContentletRelationshipsTest$CardinalityTestCase@490fdd36]" classname="com.dotmarketing.portlets.structure.model.ContentletRelationshipsTest" time="0.451"/>
  <testcase name="testDoesAllowOnlyOne[2: com.dotmarketing.portlets.structure.model.ContentletRelationshipsTest$CardinalityTestCase@2a09eef]" classname="com.dotmarketing.portlets.structure.model.ContentletRelationshipsTest" time="0.467"/>
  <testcase name="testGetRelationshipRecords[0: com.dotmarketing.portlets.structure.model.ContentletRelationshipsTest$TestCase@3ba87e7b]" classname="com.dotmarketing.portlets.structure.model.ContentletRelationshipsTest" time="2.018"/>
  <testcase name="testGetRelationshipRecords[1: com.dotmarketing.portlets.structure.model.ContentletRelationshipsTest$TestCase@2ef56d9]" classname="com.dotmarketing.portlets.structure.model.ContentletRelationshipsTest" time="0.91"/>
  <testcase name="testGetRelationshipRecords[2: com.dotmarketing.portlets.structure.model.ContentletRelationshipsTest$TestCase@353ecddf]" classname="com.dotmarketing.portlets.structure.model.ContentletRelationshipsTest" time="1.803"/>
  <testcase name="testGetRelationshipRecords[3: com.dotmarketing.portlets.structure.model.ContentletRelationshipsTest$TestCase@33ef6a71]" classname="com.dotmarketing.portlets.structure.model.ContentletRelationshipsTest" time="1.896"/>
  <system-out><![CDATA[]]></system-out>
  <system-err><![CDATA[]]></system-err>
</testsuite>
