<?xml version="1.0" encoding="UTF-8"?>
<testsuite name="com.dotcms.rest.api.v1.vtl.VTLResourceIntegrationTest" tests="6" skipped="0" failures="0" errors="0" timestamp="2023-07-10T22:29:02" hostname="fv-az487-466" time="11.972">
  <properties/>
  <testcase name="testGet[0: com.dotcms.rest.api.v1.vtl.VTLResourceTestCase@4d4a233d]" classname="com.dotcms.rest.api.v1.vtl.VTLResourceIntegrationTest" time="2.258"/>
  <testcase name="testGet[1: com.dotcms.rest.api.v1.vtl.VTLResourceTestCase@1cb690c]" classname="com.dotcms.rest.api.v1.vtl.VTLResourceIntegrationTest" time="1.795"/>
  <testcase name="testGet[2: com.dotcms.rest.api.v1.vtl.VTLResourceTestCase@c43ab82]" classname="com.dotcms.rest.api.v1.vtl.VTLResourceIntegrationTest" time="2.235"/>
  <testcase name="testGet[3: com.dotcms.rest.api.v1.vtl.VTLResourceTestCase@640c2919]" classname="com.dotcms.rest.api.v1.vtl.VTLResourceIntegrationTest" time="1.758"/>
  <testcase name="testGet[4: com.dotcms.rest.api.v1.vtl.VTLResourceTestCase@78c3bd6e]" classname="com.dotcms.rest.api.v1.vtl.VTLResourceIntegrationTest" time="2.18"/>
  <testcase name="testGet[5: com.dotcms.rest.api.v1.vtl.VTLResourceTestCase@221a2873]" classname="com.dotcms.rest.api.v1.vtl.VTLResourceIntegrationTest" time="1.745"/>
  <system-out><![CDATA[]]></system-out>
  <system-err><![CDATA[]]></system-err>
</testsuite>
