<?xml version="1.0" encoding="UTF-8"?>
<testsuite name="com.dotmarketing.business.DeterministicIdentifierAPITest" tests="16" skipped="0" failures="0" errors="0" timestamp="2023-07-11T07:19:28" hostname="fv-az1234-201" time="0.784">
  <properties/>
  <testcase name="Test_Category_Path_Seed_And_Id" classname="com.dotmarketing.business.DeterministicIdentifierAPITest" time="0.023"/>
  <testcase name="Test_Language_Deterministic_Id[0: LanguageTestCase{expectedSeed='Language:es:US', expectedHash=4913155, langCode='es', countryCode='US', country='United States'}]" classname="com.dotmarketing.business.DeterministicIdentifierAPITest" time="0.0"/>
  <testcase name="Test_Language_Deterministic_Id[1: LanguageTestCase{expectedSeed='Language:ep:', expectedHash=5292269, langCode='ep', countryCode='', country=''}]" classname="com.dotmarketing.business.DeterministicIdentifierAPITest" time="0.001"/>
  <testcase name="Test_Language_Deterministic_Id[2: LanguageTestCase{expectedSeed='Language:sg:SAG', expectedHash=4713118, langCode='sg', countryCode='SAG', country=''}]" classname="com.dotmarketing.business.DeterministicIdentifierAPITest" time="0.001"/>
  <testcase name="Test_Language_Deterministic_Id[3: LanguageTestCase{expectedSeed='Language:en:NZ', expectedHash=5382528, langCode='en', countryCode='NZ', country='New Zealand'}]" classname="com.dotmarketing.business.DeterministicIdentifierAPITest" time="0.001"/>
  <testcase name="Test_Category_None_Persisted_Category_Should_Return_Deterministic_Id" classname="com.dotmarketing.business.DeterministicIdentifierAPITest" time="0.001"/>
  <testcase name="Test_Asset_Generate_Deterministic_Id_Best_Effort[0: TestCase{versionable=my.host1689059584968.com, parent=System Host, expectedName='my.host1689059584968.com', expectedType='Host'}]" classname="com.dotmarketing.business.DeterministicIdentifierAPITest" time="0.002"/>
  <testcase name="Test_Asset_Generate_Deterministic_Id_Best_Effort[1: TestCase{versionable=com.dotmarketing.portlets.contentlet.model.Contentlet@5ef079b6[map={modDate=2023-07-11 07:13:05.755, fileName=file17200623956812272133.txt, title=file17200623956812272133.txt, inode=6d30ffa0-5fb4-47f4-9020-04e88f1d8fce, __IS_NEW_CONTENT__=true, disabledWYSIWYG=[], host=48fee189-3fd2-40a1-ac4f-2918b09e192c, stInode=33888b6f-7a8e-4069-b1b6-5c1aa9d0a48d, owner=system, identifier=1d31e302-3186-48b0-9362-f0983a012d0f, nullProperties=[wfExpireDate, wfPublishDate, wfActionAssign, wfActionId, wfActionComments, filterKey, whereToSend, wfNeverExpire, _path_to_move, timezoneId, iWantTo, wfPublishTime, wfExpireTime], languageId=1, fileAsset=/home/runner/work/core/custom/assets/6/d/6d30ffa0-5fb4-47f4-9020-04e88f1d8fce/fileAsset/file17200623956812272133.txt, folder=0bf73256-f62c-4c76-baf3-dbf99d0a71ff, __disable_workflow__=true, sortOrder=0, modUser=system},lowIndexPriority=false,variantId=DEFAULT], parent=com.dotmarketing.portlets.folders.model.Folder@572db811[identifier=0bf73256-f62c-4c76-baf3-dbf99d0a71ff,name=testName1689059585737,sortOrder=0,showOnMenu=false,hostId=48fee189-3fd2-40a1-ac4f-2918b09e192c,type=folder,title=testTitle1689059585737,filesMasks=,defaultFileType=33888b6f-7a8e-4069-b1b6-5c1aa9d0a48d,modDate=2023-07-11 07:13:05.749,owner=&lt;null&gt;,iDate=2023-07-11 07:13:05.749,inode=0bf73256-f62c-4c76-baf3-dbf99d0a71ff,path=/testName1689059585737/], expectedName='file17200623956812272133.txt', expectedType='FileAsset'}]" classname="com.dotmarketing.business.DeterministicIdentifierAPITest" time="0.003"/>
  <testcase name="Test_Asset_Generate_Deterministic_Id_Best_Effort[2: TestCase{versionable=com.dotmarketing.portlets.templates.model.Template@80f57084, parent=my.host1689059584968.com, expectedName='testTitle1689059585852', expectedType='Template'}]" classname="com.dotmarketing.business.DeterministicIdentifierAPITest" time="0.002"/>
  <testcase name="Test_Asset_Generate_Deterministic_Id_Best_Effort[3: TestCase{versionable=com.dotmarketing.portlets.htmlpageasset.model.HTMLPageAsset@2c3d8671[map={template=a85de9ca-d6fa-4c14-be67-80ef05becb51, owner=system, identifier=53dc6880-b4ce-480d-8d00-a9999df4150a, nullProperties=[wfExpireDate, wfPublishDate, wfActionAssign, wfActionId, wfActionComments, filterKey, whereToSend, wfNeverExpire, _path_to_move, timezoneId, iWantTo, wfPublishTime, wfExpireTime], modDate=2023-07-11 07:13:05.868, cachettl=0, _is_test_mode=true, languageId=1, title=test-page-title-1689059585865, httpsreq=, url=test-page-url-1689059585865, showOnMenu=, inode=3c6e2c8d-06a9-40f5-879f-8665df79e45d, folder=0bf73256-f62c-4c76-baf3-dbf99d0a71ff, disabledWYSIWYG=[], sortOrder=1, modUser=system, host=48fee189-3fd2-40a1-ac4f-2918b09e192c, stInode=c541abb1-69b3-4bc5-8430-5e09e5239cc8, friendlyName=test-page-friendly-name-1689059585865},lowIndexPriority=false,variantId=DEFAULT], parent=com.dotmarketing.portlets.folders.model.Folder@572db811[identifier=0bf73256-f62c-4c76-baf3-dbf99d0a71ff,name=testName1689059585737,sortOrder=0,showOnMenu=false,hostId=48fee189-3fd2-40a1-ac4f-2918b09e192c,type=folder,title=testTitle1689059585737,filesMasks=,defaultFileType=33888b6f-7a8e-4069-b1b6-5c1aa9d0a48d,modDate=2023-07-11 07:13:05.749,owner=&lt;null&gt;,iDate=2023-07-11 07:13:05.749,inode=0bf73256-f62c-4c76-baf3-dbf99d0a71ff,path=/testName1689059585737/], expectedName='test-page-url-1689059585865', expectedType='htmlpageasset'}]" classname="com.dotmarketing.business.DeterministicIdentifierAPITest" time="0.002"/>
  <testcase name="Test_Asset_Generate_Deterministic_Id_Best_Effort[4: TestCase{versionable=com.dotmarketing.portlets.contentlet.model.Contentlet@14c55e11[map={fileAsset2=/home/runner/work/core/custom/assets/c/1/c1dcb9fe-00b1-4090-9120-2ef4480cc261/fileAsset2/test_binary1689059586728.png, modDate=2023-07-11 07:13:06.732, fileAsset1=/home/runner/work/core/custom/assets/c/1/c1dcb9fe-00b1-4090-9120-2ef4480cc261/fileAsset1/test_binary1689059586728.jpg, title=blah, inode=c1dcb9fe-00b1-4090-9120-2ef4480cc261, __IS_NEW_CONTENT__=true, disabledWYSIWYG=[], host=48190c8c-42c4-46af-8d1a-0cd5db894797, stInode=c32ef767-5e42-449c-9020-ef0219f9f996, owner=system, identifier=de4add20-c320-430b-a0d4-cfc514741225, nullProperties=[], languageId=1, image1=2b62b3f7-6c39-4b4d-b241-c1464389696b, folder=SYSTEM_FOLDER, __disable_workflow__=true, sortOrder=0, modUser=system},lowIndexPriority=false,variantId=DEFAULT], parent=demo.dotcms.com, expectedName='test_binary1689059586728.jpg:test_binary1689059586728.png', expectedType='MultipleBinaries1689059586066'}]" classname="com.dotmarketing.business.DeterministicIdentifierAPITest" time="0.002"/>
  <testcase name="Test_Asset_Generate_Deterministic_Id_Best_Effort[5: TestCase{versionable=name8bbf061b41 : keyTag8bbf061b41, parent=my.host1689059584968.com, expectedName='keyTag8bbf061b41', expectedType='persona'}]" classname="com.dotmarketing.business.DeterministicIdentifierAPITest" time="0.002"/>
  <testcase name="Test_Similar_Content_Type_Wont_Clash" classname="com.dotmarketing.business.DeterministicIdentifierAPITest" time="0.455"/>
  <testcase name="Test_Generate_Folder_Identifier" classname="com.dotmarketing.business.DeterministicIdentifierAPITest" time="0.281"/>
  <testcase name="Test_Generate_Content_Type_Identifier[0: ContentTypeTestCase{contentType=KeyValueContentType{name=Language Variable, id=f4d7c1b8-2c88-4071-abf1-a5328977b07d, description=Default Content Type for Language Variables, defaultType=false, fixed=true, iDate=Thu Aug 31 16:38:49 UTC 2017, system=true, versionable=true, variable=Languagevariable, modDate=Tue Jul 11 06:10:20 UTC 2023, host=SYSTEM_HOST, siteName=systemHost, icon=language, sortOrder=0, folder=SYSTEM_FOLDER, folderPath=/, markedForDeletion=true, multilingualable=false}, expectedName='Languagevariable', expectedType='KeyValue'}]" classname="com.dotmarketing.business.DeterministicIdentifierAPITest" time="0.004"/>
  <testcase name="Test_Generate_Content_Type_Identifier[1: ContentTypeTestCase{contentType=SimpleContentType{name=testName1689059587090, id=caaf9947-72d2-4f9a-b458-bcd0b49ffd78, description=testDescription1689059587090, defaultType=false, fixed=false, iDate=Tue Jul 11 07:13:07 UTC 2023, system=false, versionable=true, multilingualable=false, variable=testVarname1689059587090, owner=system, modDate=Tue Jul 11 07:13:07 UTC 2023, host=48190c8c-42c4-46af-8d1a-0cd5db894797, siteName=demo.dotcms.com, icon=event_note, sortOrder=0, folder=SYSTEM_FOLDER, folderPath=/, requiredFields=[], markedForDeletion=false}, expectedName='testVarname1689059587090', expectedType='CONTENT'}]" classname="com.dotmarketing.business.DeterministicIdentifierAPITest" time="0.004"/>
  <system-out><![CDATA[]]></system-out>
  <system-err><![CDATA[]]></system-err>
</testsuite>
