<?xml version="1.0" encoding="UTF-8"?>
<testsuite name="com.dotmarketing.startup.runonce.Task210816DeInodeRelationshipTest" tests="1" skipped="0" failures="0" errors="0" timestamp="2023-06-27T19:31:00" hostname="fv-az359-674" time="0.296">
  <properties/>
  <testcase name="testExecuteUpgrade" classname="com.dotmarketing.startup.runonce.Task210816DeInodeRelationshipTest" time="0.296"/>
  <system-out><![CDATA[
]]></system-out>
  <system-err><![CDATA[]]></system-err>
</testsuite>
