<?xml version="1.0" encoding="UTF-8"?>
<testsuite name="com.dotcms.enterprise.publishing.remote.bundler.HostBundlerTest" tests="3" skipped="0" failures="0" errors="0" timestamp="2023-07-06T23:42:58" hostname="fv-az791-68" time="0.071">
  <properties/>
  <testcase name="addHostInBundle[0: com.dotcms.enterprise.publishing.remote.bundler.HostBundlerTest$TestCase@2596437b]" classname="com.dotcms.enterprise.publishing.remote.bundler.HostBundlerTest" time="0.021"/>
  <testcase name="addHostInBundle[1: com.dotcms.enterprise.publishing.remote.bundler.HostBundlerTest$TestCase@622a61dc]" classname="com.dotcms.enterprise.publishing.remote.bundler.HostBundlerTest" time="0.018"/>
  <testcase name="addHostInBundle[2: com.dotcms.enterprise.publishing.remote.bundler.HostBundlerTest$TestCase@a9bd4e9]" classname="com.dotcms.enterprise.publishing.remote.bundler.HostBundlerTest" time="0.032"/>
  <system-out><![CDATA[]]></system-out>
  <system-err><![CDATA[]]></system-err>
</testsuite>
