<?xml version="1.0" encoding="UTF-8"?>
<testsuite name="com.dotmarketing.portlets.browser.BrowserUtilTest" tests="11" skipped="0" failures="0" errors="0" timestamp="2023-07-20T18:33:29" hostname="fv-az574-670" time="25.458">
  <properties/>
  <testcase name="defaultPathEqualsToFolderSelectedFolder" classname="com.dotmarketing.portlets.browser.BrowserUtilTest" time="1.985"/>
  <testcase name="defaultPathEqualsToFolderHostField" classname="com.dotmarketing.portlets.browser.BrowserUtilTest" time="3.067"/>
  <testcase name="defaultPathEqualsToFieldVariablePathIds" classname="com.dotmarketing.portlets.browser.BrowserUtilTest" time="2.106"/>
  <testcase name="defaultPathEqualsToWrongFieldVariable" classname="com.dotmarketing.portlets.browser.BrowserUtilTest" time="2.067"/>
  <testcase name="defaultPathEqualsToFieldVariableAbsolutePath" classname="com.dotmarketing.portlets.browser.BrowserUtilTest" time="1.964"/>
  <testcase name="defaultPathEqualsToFolderCurrentHost" classname="com.dotmarketing.portlets.browser.BrowserUtilTest" time="2.107"/>
  <testcase name="defaultPathEqualsToFieldVariableAbsolutePathPathIds" classname="com.dotmarketing.portlets.browser.BrowserUtilTest" time="1.986"/>
  <testcase name="defaultPathEqualsToFieldVariable" classname="com.dotmarketing.portlets.browser.BrowserUtilTest" time="3.015"/>
  <testcase name="defaultPathEqualsToExistingImage" classname="com.dotmarketing.portlets.browser.BrowserUtilTest" time="3.042"/>
  <testcase name="defaultPathEqualsToExistingImagePathIds" classname="com.dotmarketing.portlets.browser.BrowserUtilTest" time="2.523"/>
  <testcase name="defaultPathEqualsToFolderHostFieldNoValue" classname="com.dotmarketing.portlets.browser.BrowserUtilTest" time="1.596"/>
  <system-out><![CDATA[]]></system-out>
  <system-err><![CDATA[]]></system-err>
</testsuite>
