<?xml version="1.0" encoding="UTF-8"?>
<testsuite name="com.dotmarketing.db.DbConnectionFactoryTest" tests="4" skipped="0" failures="0" errors="0" timestamp="2023-06-28T15:21:11" hostname="fv-az452-705" time="0.025">
  <properties/>
  <testcase name="testNestedTransactions" classname="com.dotmarketing.db.DbConnectionFactoryTest" time="0.014"/>
  <testcase name="testRollback" classname="com.dotmarketing.db.DbConnectionFactoryTest" time="0.009"/>
  <testcase name="testSelectTransaction" classname="com.dotmarketing.db.DbConnectionFactoryTest" time="0.002"/>
  <testcase name="testStartTransactionIfNeeded" classname="com.dotmarketing.db.DbConnectionFactoryTest" time="0.0"/>
  <system-out><![CDATA[]]></system-out>
  <system-err><![CDATA[
















































































]]></system-err>
</testsuite>
