<?xml version="1.0" encoding="UTF-8"?>
<testsuite name="com.dotmarketing.filters.FiltersTest" tests="9" skipped="0" failures="0" errors="0" timestamp="2023-07-21T23:23:57" hostname="fv-az398-443" time="56.842">
  <properties/>
  <testcase name="shouldRedirect401" classname="com.dotmarketing.filters.FiltersTest" time="0.047"/>
  <testcase name="vanityUrlsShouldPassParams" classname="com.dotmarketing.filters.FiltersTest" time="7.272"/>
  <testcase name="shouldWorkVanityUrl" classname="com.dotmarketing.filters.FiltersTest" time="20.739"/>
  <testcase name="redirectHomePageTest" classname="com.dotmarketing.filters.FiltersTest" time="8.769"/>
  <testcase name="shouldForwardToImage" classname="com.dotmarketing.filters.FiltersTest" time="0.006"/>
  <testcase name="shouldRedirectToFolderIndex" classname="com.dotmarketing.filters.FiltersTest" time="0.066"/>
  <testcase name="Test_VanityURL_Forward_Redirect_Params" classname="com.dotmarketing.filters.FiltersTest" time="12.318"/>
  <testcase name="vanityRedirectURLMAP" classname="com.dotmarketing.filters.FiltersTest" time="7.62"/>
  <testcase name="shouldReturnStrutsPage" classname="com.dotmarketing.filters.FiltersTest" time="0.005"/>
  <system-out><![CDATA[]]></system-out>
  <system-err><![CDATA[]]></system-err>
</testsuite>
