<?xml version="1.0" encoding="UTF-8"?>
<testsuite name="com.dotmarketing.factories.WebAssetFactoryTest" tests="3" skipped="0" failures="0" errors="0" timestamp="2023-07-11T18:11:38" hostname="fv-az1032-278" time="0.487">
  <properties/>
  <testcase name="testGetAssetsWorkingBy_CMS_ANON" classname="com.dotmarketing.factories.WebAssetFactoryTest" time="0.433"/>
  <testcase name="testGetAssetsWorkingBy_A_Shlub" classname="com.dotmarketing.factories.WebAssetFactoryTest" time="0.04"/>
  <testcase name="testGetAssetsWorkingBytheSystemUser" classname="com.dotmarketing.factories.WebAssetFactoryTest" time="0.014"/>
  <system-out><![CDATA[]]></system-out>
  <system-err><![CDATA[]]></system-err>
</testsuite>
