<?xml version="1.0" encoding="UTF-8"?>
<testsuite name="com.dotcms.rest.TagResourceIntegrationTest" tests="4" skipped="0" failures="0" errors="0" timestamp="2023-07-18T18:34:51" hostname="fv-az455-56" time="0.402">
  <properties/>
  <testcase name="testList[0: com.dotcms.rest.TagResourceTestCase@6532705b]" classname="com.dotcms.rest.TagResourceIntegrationTest" time="0.319"/>
  <testcase name="testList[1: com.dotcms.rest.TagResourceTestCase@4c48da60]" classname="com.dotcms.rest.TagResourceIntegrationTest" time="0.029"/>
  <testcase name="testList[2: com.dotcms.rest.TagResourceTestCase@3aa1837b]" classname="com.dotcms.rest.TagResourceIntegrationTest" time="0.024"/>
  <testcase name="testList[3: com.dotcms.rest.TagResourceTestCase@66851a31]" classname="com.dotcms.rest.TagResourceIntegrationTest" time="0.03"/>
  <system-out><![CDATA[]]></system-out>
  <system-err><![CDATA[Jul 18, 2023 6:34:51 PM com.dotcms.repackage.org.hibernate.validator.internal.util.Version <clinit>
INFO: HV000001: Hibernate Validator 4.3.2.Final
]]></system-err>
</testsuite>
