<?xml version="1.0" encoding="UTF-8"?>
<testsuite name="com.dotmarketing.startup.runonce.Task210802UpdateStructureTableTest" tests="1" skipped="0" failures="0" errors="0" timestamp="2023-07-03T18:12:38" hostname="fv-az313-710" time="0.019">
  <properties/>
  <testcase name="testExecuteUpgrade" classname="com.dotmarketing.startup.runonce.Task210802UpdateStructureTableTest" time="0.019"/>
  <system-out><![CDATA[]]></system-out>
  <system-err><![CDATA[]]></system-err>
</testsuite>
