<?xml version="1.0" encoding="UTF-8"?>
<testsuite name="com.dotcms.publisher.endpoint.business.PublishingEndPointAPITest" tests="4" skipped="0" failures="0" errors="0" timestamp="2023-07-18T22:05:39" hostname="fv-az193-732" time="0.23">
  <properties/>
  <testcase name="getEnabledSendingEndPointByAddress_returnNull_whenInvalidAddressIsReceived" classname="com.dotcms.publisher.endpoint.business.PublishingEndPointAPITest" time="0.009"/>
  <testcase name="getEnabledSendingEndPointByAddress_returnEndpoint_whenIPAddressIsUsed" classname="com.dotcms.publisher.endpoint.business.PublishingEndPointAPITest" time="0.005"/>
  <testcase name="getEnabledSendingEndPointByAddress_returnEndpoint_whenNetmaskIsUsed" classname="com.dotcms.publisher.endpoint.business.PublishingEndPointAPITest" time="0.004"/>
  <testcase name="test" classname="com.dotcms.publisher.endpoint.business.PublishingEndPointAPITest" time="0.209"/>
  <system-out><![CDATA[]]></system-out>
  <system-err><![CDATA[]]></system-err>
</testsuite>
