<?xml version="1.0" encoding="UTF-8"?>
<testsuite name="com.dotcms.contenttype.test.ContentResourceTest" tests="52" skipped="0" failures="0" errors="0" timestamp="2023-07-11T02:45:26" hostname="fv-az437-589" time="143.334">
  <properties/>
  <testcase name="testGetContentShouldReturnIconDetails" classname="com.dotcms.contenttype.test.ContentResourceTest" time="1.49"/>
  <testcase name="Test_Save_Action_Set_Words_To_Required_NumericField_Issue_15340" classname="com.dotcms.contenttype.test.ContentResourceTest" time="0.847"/>
  <testcase name="test_getContent_includeGrandChildCategory_success" classname="com.dotcms.contenttype.test.ContentResourceTest" time="1.294"/>
  <testcase name="testGetContentWithRelatedParameter[0: com.dotcms.contenttype.test.ContentResourceTest$PullRelatedTestCase@52ad5202]" classname="com.dotcms.contenttype.test.ContentResourceTest" time="3.794"/>
  <testcase name="testGetContentWithRelatedParameter[1: com.dotcms.contenttype.test.ContentResourceTest$PullRelatedTestCase@3475b5a]" classname="com.dotcms.contenttype.test.ContentResourceTest" time="3.856"/>
  <testcase name="testGetContentWithRelatedParameter[2: com.dotcms.contenttype.test.ContentResourceTest$PullRelatedTestCase@7bbb13ea]" classname="com.dotcms.contenttype.test.ContentResourceTest" time="3.728"/>
  <testcase name="testGetContentWithRelatedParameter[3: com.dotcms.contenttype.test.ContentResourceTest$PullRelatedTestCase@2b8e7b68]" classname="com.dotcms.contenttype.test.ContentResourceTest" time="3.534"/>
  <testcase name="testGetContentWithRelatedParameter[4: com.dotcms.contenttype.test.ContentResourceTest$PullRelatedTestCase@130b1159]" classname="com.dotcms.contenttype.test.ContentResourceTest" time="2.928"/>
  <testcase name="test_getContent_SelfRelatedWith3LevelsOfDepth_shouldReturnRelationships" classname="com.dotcms.contenttype.test.ContentResourceTest" time="1.349"/>
  <testcase name="Test_Save_Action_Send_Fields_SubSet_Issue_15340" classname="com.dotcms.contenttype.test.ContentResourceTest" time="2.763"/>
  <testcase name="test_getContent_shouldReturnRelationships[0: com.dotcms.contenttype.test.ContentResourceTest$TestCase@2aaf05e9]" classname="com.dotcms.contenttype.test.ContentResourceTest" time="2.969"/>
  <testcase name="test_getContent_shouldReturnRelationships[1: com.dotcms.contenttype.test.ContentResourceTest$TestCase@9a86715]" classname="com.dotcms.contenttype.test.ContentResourceTest" time="3.03"/>
  <testcase name="test_getContent_shouldReturnRelationships[2: com.dotcms.contenttype.test.ContentResourceTest$TestCase@51250873]" classname="com.dotcms.contenttype.test.ContentResourceTest" time="3.11"/>
  <testcase name="test_getContent_shouldReturnRelationships[3: com.dotcms.contenttype.test.ContentResourceTest$TestCase@1aef4ad7]" classname="com.dotcms.contenttype.test.ContentResourceTest" time="3.094"/>
  <testcase name="test_getContent_shouldReturnRelationships[4: com.dotcms.contenttype.test.ContentResourceTest$TestCase@483d942e]" classname="com.dotcms.contenttype.test.ContentResourceTest" time="3.111"/>
  <testcase name="test_getContent_shouldReturnRelationships[5: com.dotcms.contenttype.test.ContentResourceTest$TestCase@2e7d2f3]" classname="com.dotcms.contenttype.test.ContentResourceTest" time="3.128"/>
  <testcase name="test_getContent_shouldReturnRelationships[6: com.dotcms.contenttype.test.ContentResourceTest$TestCase@7b78344c]" classname="com.dotcms.contenttype.test.ContentResourceTest" time="2.973"/>
  <testcase name="test_getContent_shouldReturnRelationships[7: com.dotcms.contenttype.test.ContentResourceTest$TestCase@1b217006]" classname="com.dotcms.contenttype.test.ContentResourceTest" time="2.938"/>
  <testcase name="test_getContent_shouldReturnRelationships[8: com.dotcms.contenttype.test.ContentResourceTest$TestCase@3f991ba8]" classname="com.dotcms.contenttype.test.ContentResourceTest" time="3.097"/>
  <testcase name="test_getContent_shouldReturnRelationships[9: com.dotcms.contenttype.test.ContentResourceTest$TestCase@35536e2]" classname="com.dotcms.contenttype.test.ContentResourceTest" time="3.117"/>
  <testcase name="test_getContent_shouldReturnRelationships[10: com.dotcms.contenttype.test.ContentResourceTest$TestCase@3935b890]" classname="com.dotcms.contenttype.test.ContentResourceTest" time="2.978"/>
  <testcase name="test_getContent_shouldReturnRelationships[11: com.dotcms.contenttype.test.ContentResourceTest$TestCase@29044ef0]" classname="com.dotcms.contenttype.test.ContentResourceTest" time="2.969"/>
  <testcase name="test_getContent_shouldReturnRelationships[12: com.dotcms.contenttype.test.ContentResourceTest$TestCase@5e375423]" classname="com.dotcms.contenttype.test.ContentResourceTest" time="3.216"/>
  <testcase name="test_getContent_shouldReturnRelationships[13: com.dotcms.contenttype.test.ContentResourceTest$TestCase@747f9b21]" classname="com.dotcms.contenttype.test.ContentResourceTest" time="1.826"/>
  <testcase name="test_getContent_shouldReturnRelationships[14: com.dotcms.contenttype.test.ContentResourceTest$TestCase@609a4c06]" classname="com.dotcms.contenttype.test.ContentResourceTest" time="2.829"/>
  <testcase name="test_getContent_shouldReturnRelationships[15: com.dotcms.contenttype.test.ContentResourceTest$TestCase@6be2ed2b]" classname="com.dotcms.contenttype.test.ContentResourceTest" time="3.851"/>
  <testcase name="test_getContent_shouldReturnRelationships[16: com.dotcms.contenttype.test.ContentResourceTest$TestCase@f902a38]" classname="com.dotcms.contenttype.test.ContentResourceTest" time="3.937"/>
  <testcase name="test_getContent_shouldReturnRelationships[17: com.dotcms.contenttype.test.ContentResourceTest$TestCase@73e1e78]" classname="com.dotcms.contenttype.test.ContentResourceTest" time="3.043"/>
  <testcase name="test_getContent_shouldReturnRelationships[18: com.dotcms.contenttype.test.ContentResourceTest$TestCase@35f698e5]" classname="com.dotcms.contenttype.test.ContentResourceTest" time="3.249"/>
  <testcase name="test_getContent_shouldReturnRelationships[19: com.dotcms.contenttype.test.ContentResourceTest$TestCase@4981a0c5]" classname="com.dotcms.contenttype.test.ContentResourceTest" time="3.072"/>
  <testcase name="test_getContent_shouldReturnRelationships[20: com.dotcms.contenttype.test.ContentResourceTest$TestCase@47ce9227]" classname="com.dotcms.contenttype.test.ContentResourceTest" time="3.281"/>
  <testcase name="test_getContent_shouldReturnRelationships[21: com.dotcms.contenttype.test.ContentResourceTest$TestCase@30f48978]" classname="com.dotcms.contenttype.test.ContentResourceTest" time="2.172"/>
  <testcase name="test_getContent_shouldReturnRelationships[22: com.dotcms.contenttype.test.ContentResourceTest$TestCase@31441e33]" classname="com.dotcms.contenttype.test.ContentResourceTest" time="3.299"/>
  <testcase name="test_getContent_shouldReturnRelationships[23: com.dotcms.contenttype.test.ContentResourceTest$TestCase@75071756]" classname="com.dotcms.contenttype.test.ContentResourceTest" time="3.106"/>
  <testcase name="test_getContent_shouldReturnRelationships[24: com.dotcms.contenttype.test.ContentResourceTest$TestCase@466bfc7b]" classname="com.dotcms.contenttype.test.ContentResourceTest" time="3.172"/>
  <testcase name="test_getContent_shouldReturnRelationships[25: com.dotcms.contenttype.test.ContentResourceTest$TestCase@52c01287]" classname="com.dotcms.contenttype.test.ContentResourceTest" time="3.204"/>
  <testcase name="test_getContent_shouldReturnRelationships[26: com.dotcms.contenttype.test.ContentResourceTest$TestCase@43643b6a]" classname="com.dotcms.contenttype.test.ContentResourceTest" time="2.246"/>
  <testcase name="test_getContent_shouldReturnRelationships[27: com.dotcms.contenttype.test.ContentResourceTest$TestCase@e1439f7]" classname="com.dotcms.contenttype.test.ContentResourceTest" time="2.129"/>
  <testcase name="test_getContent_shouldReturnRelationships[28: com.dotcms.contenttype.test.ContentResourceTest$TestCase@1705946a]" classname="com.dotcms.contenttype.test.ContentResourceTest" time="2.014"/>
  <testcase name="test_getContent_shouldReturnRelationships[29: com.dotcms.contenttype.test.ContentResourceTest$TestCase@4583f827]" classname="com.dotcms.contenttype.test.ContentResourceTest" time="2.987"/>
  <testcase name="test_getContent_shouldReturnRelationships[30: com.dotcms.contenttype.test.ContentResourceTest$TestCase@27de2496]" classname="com.dotcms.contenttype.test.ContentResourceTest" time="3.031"/>
  <testcase name="test_getContent_shouldReturnRelationships[31: com.dotcms.contenttype.test.ContentResourceTest$TestCase@8aa6a1b]" classname="com.dotcms.contenttype.test.ContentResourceTest" time="3.11"/>
  <testcase name="test_getContent_shouldReturnRelationships[32: com.dotcms.contenttype.test.ContentResourceTest$TestCase@33b709a0]" classname="com.dotcms.contenttype.test.ContentResourceTest" time="4.086"/>
  <testcase name="test_getContent_shouldReturnRelationships[33: com.dotcms.contenttype.test.ContentResourceTest$TestCase@69af9d31]" classname="com.dotcms.contenttype.test.ContentResourceTest" time="3.894"/>
  <testcase name="testSinglePOST_InvalidParamsShouldReturn400[0: ({\n    &quot;stInode&quot; : &quot;InvalidValue&quot;,\n    &quot;numeric&quot; : &quot;0&quot;,\n    &quot;image&quot; : &quot;whatever&quot;\n}, Bad Request)]" classname="com.dotcms.contenttype.test.ContentResourceTest" time="0.812"/>
  <testcase name="testSinglePOST_InvalidParamsShouldReturn400[1: ({\n    &quot;numeric&quot; : &quot;0&quot;,\n    &quot;image&quot; : &quot;whatever&quot;\n}, Bad Request)]" classname="com.dotcms.contenttype.test.ContentResourceTest" time="0.808"/>
  <testcase name="Test_Save_Action_Set_Null_To_Required_NumericField_Issue_15340" classname="com.dotcms.contenttype.test.ContentResourceTest" time="0.855"/>
  <testcase name="Test_Save_Action_Remove_Image_Then_Verify_Fields_Were_Cleared_Issue_15340" classname="com.dotcms.contenttype.test.ContentResourceTest" time="3.662"/>
  <testcase name="test_getContentWithMultipleSelfRelated_shouldReturnRelationships[0: com.dotcms.contenttype.test.ContentResourceTest$PullSelfRelatedTestCase@64a2b14f]" classname="com.dotcms.contenttype.test.ContentResourceTest" time="1.656"/>
  <testcase name="test_getContentWithMultipleSelfRelated_shouldReturnRelationships[1: com.dotcms.contenttype.test.ContentResourceTest$PullSelfRelatedTestCase@6f535e72]" classname="com.dotcms.contenttype.test.ContentResourceTest" time="1.676"/>
  <testcase name="testGetContentWithAllCategoriesInfo[0: json]" classname="com.dotcms.contenttype.test.ContentResourceTest" time="2.446"/>
  <testcase name="testGetContentWithAllCategoriesInfo[1: xml]" classname="com.dotcms.contenttype.test.ContentResourceTest" time="2.565"/>
  <system-out><![CDATA[











]]></system-out>
  <system-err><![CDATA[]]></system-err>
</testsuite>
