<?xml version="1.0" encoding="UTF-8"?>
<testsuite name="com.dotcms.rendering.velocity.viewtools.content.util.ContentUtilsTest" tests="89" skipped="0" failures="0" errors="0" timestamp="2023-07-14T01:02:02" hostname="fv-az493-156" time="398.849">
  <properties/>
  <testcase name="whenTheTimeMachineDateIsNullAndPublishDateInFutureShouldNotReturnAnything" classname="com.dotcms.rendering.velocity.viewtools.content.util.ContentUtilsTest" time="2.922"/>
  <testcase name="test_find_multilingual_contentlet_getContentletSuccessfully" classname="com.dotcms.rendering.velocity.viewtools.content.util.ContentUtilsTest" time="2.15"/>
  <testcase name="whenTheTimeMachineDateAndPublishDateAreTomorrowShouldReturnOneContent" classname="com.dotcms.rendering.velocity.viewtools.content.util.ContentUtilsTest" time="2.924"/>
  <testcase name="testPullRelated[0: com.dotcms.rendering.velocity.viewtools.content.util.ContentUtilsTest$TestCase@51a49427]" classname="com.dotcms.rendering.velocity.viewtools.content.util.ContentUtilsTest" time="3.784"/>
  <testcase name="testPullRelated[1: com.dotcms.rendering.velocity.viewtools.content.util.ContentUtilsTest$TestCase@18df7f84]" classname="com.dotcms.rendering.velocity.viewtools.content.util.ContentUtilsTest" time="4.135"/>
  <testcase name="testPullRelated[2: com.dotcms.rendering.velocity.viewtools.content.util.ContentUtilsTest$TestCase@5701a0f]" classname="com.dotcms.rendering.velocity.viewtools.content.util.ContentUtilsTest" time="2.94"/>
  <testcase name="testPullRelated[3: com.dotcms.rendering.velocity.viewtools.content.util.ContentUtilsTest$TestCase@6379b0db]" classname="com.dotcms.rendering.velocity.viewtools.content.util.ContentUtilsTest" time="4.11"/>
  <testcase name="testPullRelated[4: com.dotcms.rendering.velocity.viewtools.content.util.ContentUtilsTest$TestCase@1689153f]" classname="com.dotcms.rendering.velocity.viewtools.content.util.ContentUtilsTest" time="3.84"/>
  <testcase name="testPullRelated[5: com.dotcms.rendering.velocity.viewtools.content.util.ContentUtilsTest$TestCase@75497b35]" classname="com.dotcms.rendering.velocity.viewtools.content.util.ContentUtilsTest" time="4.011"/>
  <testcase name="testPullRelated[6: com.dotcms.rendering.velocity.viewtools.content.util.ContentUtilsTest$TestCase@70ecb7f1]" classname="com.dotcms.rendering.velocity.viewtools.content.util.ContentUtilsTest" time="3.183"/>
  <testcase name="testPullRelated[7: com.dotcms.rendering.velocity.viewtools.content.util.ContentUtilsTest$TestCase@5ebd2e5f]" classname="com.dotcms.rendering.velocity.viewtools.content.util.ContentUtilsTest" time="4.209"/>
  <testcase name="testPullRelated[8: com.dotcms.rendering.velocity.viewtools.content.util.ContentUtilsTest$TestCase@43f85a]" classname="com.dotcms.rendering.velocity.viewtools.content.util.ContentUtilsTest" time="3.95"/>
  <testcase name="testPullRelated[9: com.dotcms.rendering.velocity.viewtools.content.util.ContentUtilsTest$TestCase@3eedbbb4]" classname="com.dotcms.rendering.velocity.viewtools.content.util.ContentUtilsTest" time="3.944"/>
  <testcase name="testPullRelated[10: com.dotcms.rendering.velocity.viewtools.content.util.ContentUtilsTest$TestCase@2babd0a7]" classname="com.dotcms.rendering.velocity.viewtools.content.util.ContentUtilsTest" time="3.133"/>
  <testcase name="testPullRelated[11: com.dotcms.rendering.velocity.viewtools.content.util.ContentUtilsTest$TestCase@1c53cc5b]" classname="com.dotcms.rendering.velocity.viewtools.content.util.ContentUtilsTest" time="4.047"/>
  <testcase name="testPullRelated[12: com.dotcms.rendering.velocity.viewtools.content.util.ContentUtilsTest$TestCase@3cd66a3]" classname="com.dotcms.rendering.velocity.viewtools.content.util.ContentUtilsTest" time="3.094"/>
  <testcase name="testPullRelated[13: com.dotcms.rendering.velocity.viewtools.content.util.ContentUtilsTest$TestCase@50ae4d75]" classname="com.dotcms.rendering.velocity.viewtools.content.util.ContentUtilsTest" time="3.856"/>
  <testcase name="testPullRelated[14: com.dotcms.rendering.velocity.viewtools.content.util.ContentUtilsTest$TestCase@25f5812f]" classname="com.dotcms.rendering.velocity.viewtools.content.util.ContentUtilsTest" time="4.14"/>
  <testcase name="testPullRelated[15: com.dotcms.rendering.velocity.viewtools.content.util.ContentUtilsTest$TestCase@2746a0de]" classname="com.dotcms.rendering.velocity.viewtools.content.util.ContentUtilsTest" time="3.925"/>
  <testcase name="testPullRelated[16: com.dotcms.rendering.velocity.viewtools.content.util.ContentUtilsTest$TestCase@4fd632eb]" classname="com.dotcms.rendering.velocity.viewtools.content.util.ContentUtilsTest" time="4.218"/>
  <testcase name="testPullRelated[17: com.dotcms.rendering.velocity.viewtools.content.util.ContentUtilsTest$TestCase@6d310b81]" classname="com.dotcms.rendering.velocity.viewtools.content.util.ContentUtilsTest" time="3.784"/>
  <testcase name="testPullRelated[18: com.dotcms.rendering.velocity.viewtools.content.util.ContentUtilsTest$TestCase@644413f1]" classname="com.dotcms.rendering.velocity.viewtools.content.util.ContentUtilsTest" time="4.317"/>
  <testcase name="testPullRelated[19: com.dotcms.rendering.velocity.viewtools.content.util.ContentUtilsTest$TestCase@76960ff7]" classname="com.dotcms.rendering.velocity.viewtools.content.util.ContentUtilsTest" time="4.042"/>
  <testcase name="testPullRelated[20: com.dotcms.rendering.velocity.viewtools.content.util.ContentUtilsTest$TestCase@8a93aa4]" classname="com.dotcms.rendering.velocity.viewtools.content.util.ContentUtilsTest" time="4.023"/>
  <testcase name="testPullRelated[21: com.dotcms.rendering.velocity.viewtools.content.util.ContentUtilsTest$TestCase@6da14533]" classname="com.dotcms.rendering.velocity.viewtools.content.util.ContentUtilsTest" time="3.965"/>
  <testcase name="testPullRelated[22: com.dotcms.rendering.velocity.viewtools.content.util.ContentUtilsTest$TestCase@293e18ed]" classname="com.dotcms.rendering.velocity.viewtools.content.util.ContentUtilsTest" time="4.145"/>
  <testcase name="testPullRelated[23: com.dotcms.rendering.velocity.viewtools.content.util.ContentUtilsTest$TestCase@6f91538a]" classname="com.dotcms.rendering.velocity.viewtools.content.util.ContentUtilsTest" time="4.016"/>
  <testcase name="testPullRelated[24: com.dotcms.rendering.velocity.viewtools.content.util.ContentUtilsTest$TestCase@2e2c28c6]" classname="com.dotcms.rendering.velocity.viewtools.content.util.ContentUtilsTest" time="3.831"/>
  <testcase name="testPullRelated[25: com.dotcms.rendering.velocity.viewtools.content.util.ContentUtilsTest$TestCase@494378ed]" classname="com.dotcms.rendering.velocity.viewtools.content.util.ContentUtilsTest" time="4.156"/>
  <testcase name="testPullRelated[26: com.dotcms.rendering.velocity.viewtools.content.util.ContentUtilsTest$TestCase@10e3e858]" classname="com.dotcms.rendering.velocity.viewtools.content.util.ContentUtilsTest" time="4.115"/>
  <testcase name="testPullRelated[27: com.dotcms.rendering.velocity.viewtools.content.util.ContentUtilsTest$TestCase@758bf4cd]" classname="com.dotcms.rendering.velocity.viewtools.content.util.ContentUtilsTest" time="4.033"/>
  <testcase name="testPullRelated[28: com.dotcms.rendering.velocity.viewtools.content.util.ContentUtilsTest$TestCase@3aae98a2]" classname="com.dotcms.rendering.velocity.viewtools.content.util.ContentUtilsTest" time="4.035"/>
  <testcase name="testPullRelated[29: com.dotcms.rendering.velocity.viewtools.content.util.ContentUtilsTest$TestCase@68f81b0a]" classname="com.dotcms.rendering.velocity.viewtools.content.util.ContentUtilsTest" time="3.919"/>
  <testcase name="testPullRelated[30: com.dotcms.rendering.velocity.viewtools.content.util.ContentUtilsTest$TestCase@67d69f65]" classname="com.dotcms.rendering.velocity.viewtools.content.util.ContentUtilsTest" time="4.217"/>
  <testcase name="testPullRelated[31: com.dotcms.rendering.velocity.viewtools.content.util.ContentUtilsTest$TestCase@4d5132ce]" classname="com.dotcms.rendering.velocity.viewtools.content.util.ContentUtilsTest" time="3.096"/>
  <testcase name="testPullRelated[32: com.dotcms.rendering.velocity.viewtools.content.util.ContentUtilsTest$TestCase@3f4d84e]" classname="com.dotcms.rendering.velocity.viewtools.content.util.ContentUtilsTest" time="3.896"/>
  <testcase name="testPullRelated[33: com.dotcms.rendering.velocity.viewtools.content.util.ContentUtilsTest$TestCase@2b7ca371]" classname="com.dotcms.rendering.velocity.viewtools.content.util.ContentUtilsTest" time="4.012"/>
  <testcase name="testPullRelated[34: com.dotcms.rendering.velocity.viewtools.content.util.ContentUtilsTest$TestCase@78023ccc]" classname="com.dotcms.rendering.velocity.viewtools.content.util.ContentUtilsTest" time="4.221"/>
  <testcase name="testPullRelated[35: com.dotcms.rendering.velocity.viewtools.content.util.ContentUtilsTest$TestCase@3c01b640]" classname="com.dotcms.rendering.velocity.viewtools.content.util.ContentUtilsTest" time="3.811"/>
  <testcase name="testPullRelated[36: com.dotcms.rendering.velocity.viewtools.content.util.ContentUtilsTest$TestCase@19123f26]" classname="com.dotcms.rendering.velocity.viewtools.content.util.ContentUtilsTest" time="6.259"/>
  <testcase name="testPullRelated[37: com.dotcms.rendering.velocity.viewtools.content.util.ContentUtilsTest$TestCase@57bb605e]" classname="com.dotcms.rendering.velocity.viewtools.content.util.ContentUtilsTest" time="5.887"/>
  <testcase name="testPullRelated[38: com.dotcms.rendering.velocity.viewtools.content.util.ContentUtilsTest$TestCase@3e36d239]" classname="com.dotcms.rendering.velocity.viewtools.content.util.ContentUtilsTest" time="6.373"/>
  <testcase name="testPullRelated[39: com.dotcms.rendering.velocity.viewtools.content.util.ContentUtilsTest$TestCase@f34d009]" classname="com.dotcms.rendering.velocity.viewtools.content.util.ContentUtilsTest" time="6.233"/>
  <testcase name="testPullRelated[40: com.dotcms.rendering.velocity.viewtools.content.util.ContentUtilsTest$TestCase@7d725c6]" classname="com.dotcms.rendering.velocity.viewtools.content.util.ContentUtilsTest" time="4.795"/>
  <testcase name="testPullRelated[41: com.dotcms.rendering.velocity.viewtools.content.util.ContentUtilsTest$TestCase@be21cf2]" classname="com.dotcms.rendering.velocity.viewtools.content.util.ContentUtilsTest" time="5.045"/>
  <testcase name="testPullRelated[42: com.dotcms.rendering.velocity.viewtools.content.util.ContentUtilsTest$TestCase@3cda0ad]" classname="com.dotcms.rendering.velocity.viewtools.content.util.ContentUtilsTest" time="6.315"/>
  <testcase name="testPullRelated[43: com.dotcms.rendering.velocity.viewtools.content.util.ContentUtilsTest$TestCase@2a509c45]" classname="com.dotcms.rendering.velocity.viewtools.content.util.ContentUtilsTest" time="6.077"/>
  <testcase name="testPullRelated[44: com.dotcms.rendering.velocity.viewtools.content.util.ContentUtilsTest$TestCase@149765dc]" classname="com.dotcms.rendering.velocity.viewtools.content.util.ContentUtilsTest" time="5.917"/>
  <testcase name="testPullRelated[45: com.dotcms.rendering.velocity.viewtools.content.util.ContentUtilsTest$TestCase@f89fe30]" classname="com.dotcms.rendering.velocity.viewtools.content.util.ContentUtilsTest" time="5.9"/>
  <testcase name="testPullRelated[46: com.dotcms.rendering.velocity.viewtools.content.util.ContentUtilsTest$TestCase@61afefa4]" classname="com.dotcms.rendering.velocity.viewtools.content.util.ContentUtilsTest" time="6.525"/>
  <testcase name="testPullRelated[47: com.dotcms.rendering.velocity.viewtools.content.util.ContentUtilsTest$TestCase@4f33e560]" classname="com.dotcms.rendering.velocity.viewtools.content.util.ContentUtilsTest" time="5.895"/>
  <testcase name="testPullRelated[48: com.dotcms.rendering.velocity.viewtools.content.util.ContentUtilsTest$TestCase@60a5d0df]" classname="com.dotcms.rendering.velocity.viewtools.content.util.ContentUtilsTest" time="5.96"/>
  <testcase name="testPullRelated[49: com.dotcms.rendering.velocity.viewtools.content.util.ContentUtilsTest$TestCase@201dda85]" classname="com.dotcms.rendering.velocity.viewtools.content.util.ContentUtilsTest" time="6.109"/>
  <testcase name="testPullRelated[50: com.dotcms.rendering.velocity.viewtools.content.util.ContentUtilsTest$TestCase@3ed1d3ed]" classname="com.dotcms.rendering.velocity.viewtools.content.util.ContentUtilsTest" time="6.09"/>
  <testcase name="testPullRelated[51: com.dotcms.rendering.velocity.viewtools.content.util.ContentUtilsTest$TestCase@6e1939b2]" classname="com.dotcms.rendering.velocity.viewtools.content.util.ContentUtilsTest" time="6.177"/>
  <testcase name="testPullRelated[52: com.dotcms.rendering.velocity.viewtools.content.util.ContentUtilsTest$TestCase@20743f86]" classname="com.dotcms.rendering.velocity.viewtools.content.util.ContentUtilsTest" time="5.919"/>
  <testcase name="testPullRelated[53: com.dotcms.rendering.velocity.viewtools.content.util.ContentUtilsTest$TestCase@6ef300ff]" classname="com.dotcms.rendering.velocity.viewtools.content.util.ContentUtilsTest" time="5.974"/>
  <testcase name="testPullRelated[54: com.dotcms.rendering.velocity.viewtools.content.util.ContentUtilsTest$TestCase@5e8df877]" classname="com.dotcms.rendering.velocity.viewtools.content.util.ContentUtilsTest" time="5.345"/>
  <testcase name="testPullRelated[55: com.dotcms.rendering.velocity.viewtools.content.util.ContentUtilsTest$TestCase@79fe8ebd]" classname="com.dotcms.rendering.velocity.viewtools.content.util.ContentUtilsTest" time="5.922"/>
  <testcase name="testPullRelated[56: com.dotcms.rendering.velocity.viewtools.content.util.ContentUtilsTest$TestCase@78f7160b]" classname="com.dotcms.rendering.velocity.viewtools.content.util.ContentUtilsTest" time="5.051"/>
  <testcase name="testPullRelated[57: com.dotcms.rendering.velocity.viewtools.content.util.ContentUtilsTest$TestCase@ef51512]" classname="com.dotcms.rendering.velocity.viewtools.content.util.ContentUtilsTest" time="6.146"/>
  <testcase name="testPullRelated[58: com.dotcms.rendering.velocity.viewtools.content.util.ContentUtilsTest$TestCase@3f8a0afb]" classname="com.dotcms.rendering.velocity.viewtools.content.util.ContentUtilsTest" time="6.13"/>
  <testcase name="testPullRelated[59: com.dotcms.rendering.velocity.viewtools.content.util.ContentUtilsTest$TestCase@320cf0d1]" classname="com.dotcms.rendering.velocity.viewtools.content.util.ContentUtilsTest" time="6.056"/>
  <testcase name="testPullRelated[60: com.dotcms.rendering.velocity.viewtools.content.util.ContentUtilsTest$TestCase@728befd5]" classname="com.dotcms.rendering.velocity.viewtools.content.util.ContentUtilsTest" time="6.295"/>
  <testcase name="testPullRelated[61: com.dotcms.rendering.velocity.viewtools.content.util.ContentUtilsTest$TestCase@54f03913]" classname="com.dotcms.rendering.velocity.viewtools.content.util.ContentUtilsTest" time="5.752"/>
  <testcase name="testPullRelated[62: com.dotcms.rendering.velocity.viewtools.content.util.ContentUtilsTest$TestCase@3bc23ca4]" classname="com.dotcms.rendering.velocity.viewtools.content.util.ContentUtilsTest" time="6.292"/>
  <testcase name="testPullRelated[63: com.dotcms.rendering.velocity.viewtools.content.util.ContentUtilsTest$TestCase@6e9dd975]" classname="com.dotcms.rendering.velocity.viewtools.content.util.ContentUtilsTest" time="6.212"/>
  <testcase name="testPullRelated[64: com.dotcms.rendering.velocity.viewtools.content.util.ContentUtilsTest$TestCase@43456634]" classname="com.dotcms.rendering.velocity.viewtools.content.util.ContentUtilsTest" time="5.863"/>
  <testcase name="testPullRelated[65: com.dotcms.rendering.velocity.viewtools.content.util.ContentUtilsTest$TestCase@16a8f7ee]" classname="com.dotcms.rendering.velocity.viewtools.content.util.ContentUtilsTest" time="5.929"/>
  <testcase name="testPullRelated[66: com.dotcms.rendering.velocity.viewtools.content.util.ContentUtilsTest$TestCase@3c25de83]" classname="com.dotcms.rendering.velocity.viewtools.content.util.ContentUtilsTest" time="6.48"/>
  <testcase name="testPullRelated[67: com.dotcms.rendering.velocity.viewtools.content.util.ContentUtilsTest$TestCase@3cf3fe03]" classname="com.dotcms.rendering.velocity.viewtools.content.util.ContentUtilsTest" time="5.037"/>
  <testcase name="testPullRelated[68: com.dotcms.rendering.velocity.viewtools.content.util.ContentUtilsTest$TestCase@54ef5b6f]" classname="com.dotcms.rendering.velocity.viewtools.content.util.ContentUtilsTest" time="5.804"/>
  <testcase name="testPullRelated[69: com.dotcms.rendering.velocity.viewtools.content.util.ContentUtilsTest$TestCase@529d19b]" classname="com.dotcms.rendering.velocity.viewtools.content.util.ContentUtilsTest" time="6.132"/>
  <testcase name="testPullRelated[70: com.dotcms.rendering.velocity.viewtools.content.util.ContentUtilsTest$TestCase@17eac67b]" classname="com.dotcms.rendering.velocity.viewtools.content.util.ContentUtilsTest" time="5.233"/>
  <testcase name="testPullRelated[71: com.dotcms.rendering.velocity.viewtools.content.util.ContentUtilsTest$TestCase@34ca2163]" classname="com.dotcms.rendering.velocity.viewtools.content.util.ContentUtilsTest" time="5.877"/>
  <testcase name="whenPublishAndExpireDatesAreInTheFutureAndTimeMachineIsAfterBoth" classname="com.dotcms.rendering.velocity.viewtools.content.util.ContentUtilsTest" time="2.985"/>
  <testcase name="testPullRelatedForLegacyRelationship[0: com.dotcms.rendering.velocity.viewtools.content.util.ContentUtilsTest$LegacyTestCase@1a5030b6]" classname="com.dotcms.rendering.velocity.viewtools.content.util.ContentUtilsTest" time="3.837"/>
  <testcase name="testPullRelatedForLegacyRelationship[1: com.dotcms.rendering.velocity.viewtools.content.util.ContentUtilsTest$LegacyTestCase@51be8f6e]" classname="com.dotcms.rendering.velocity.viewtools.content.util.ContentUtilsTest" time="4.132"/>
  <testcase name="whenTheTimeMachineDateIsAfterTomorrowAndExpireDateIsTomorrowShouldNotReturnContent" classname="com.dotcms.rendering.velocity.viewtools.content.util.ContentUtilsTest" time="3.004"/>
  <testcase name="testPullLiveRelatedWhenLatestVersionIsWorking" classname="com.dotcms.rendering.velocity.viewtools.content.util.ContentUtilsTest" time="3.719"/>
  <testcase name="test_add_relationships_on_parent_children_related_contents" classname="com.dotcms.rendering.velocity.viewtools.content.util.ContentUtilsTest" time="1.49"/>
  <testcase name="testSortPullRelated[0: com.dotcms.rendering.velocity.viewtools.content.util.ContentUtilsTest$SortTestCase@1026523c]" classname="com.dotcms.rendering.velocity.viewtools.content.util.ContentUtilsTest" time="1.742"/>
  <testcase name="testSortPullRelated[1: com.dotcms.rendering.velocity.viewtools.content.util.ContentUtilsTest$SortTestCase@7582b862]" classname="com.dotcms.rendering.velocity.viewtools.content.util.ContentUtilsTest" time="2.753"/>
  <testcase name="testSortPullRelated[2: com.dotcms.rendering.velocity.viewtools.content.util.ContentUtilsTest$SortTestCase@6e4cf3e4]" classname="com.dotcms.rendering.velocity.viewtools.content.util.ContentUtilsTest" time="1.777"/>
  <testcase name="testSortPullRelated[3: com.dotcms.rendering.velocity.viewtools.content.util.ContentUtilsTest$SortTestCase@4bacd4bc]" classname="com.dotcms.rendering.velocity.viewtools.content.util.ContentUtilsTest" time="1.727"/>
  <testcase name="testSortPullRelated[4: com.dotcms.rendering.velocity.viewtools.content.util.ContentUtilsTest$SortTestCase@69b9c847]" classname="com.dotcms.rendering.velocity.viewtools.content.util.ContentUtilsTest" time="2.617"/>
  <testcase name="testSortPullRelated[5: com.dotcms.rendering.velocity.viewtools.content.util.ContentUtilsTest$SortTestCase@9182cba]" classname="com.dotcms.rendering.velocity.viewtools.content.util.ContentUtilsTest" time="2.597"/>
  <testcase name="whenTheTimeMachineDateIsAfterTomorrowAndExpireDateIsInFutureShouldReturnContent" classname="com.dotcms.rendering.velocity.viewtools.content.util.ContentUtilsTest" time="3.004"/>
  <testcase name="testPullRelatedFieldShouldRespectDefaultOrder" classname="com.dotcms.rendering.velocity.viewtools.content.util.ContentUtilsTest" time="2.305"/>
  <system-out><![CDATA[]]></system-out>
  <system-err><![CDATA[]]></system-err>
</testsuite>
