<?xml version="1.0" encoding="UTF-8"?>
<testsuite name="com.dotcms.security.apps.AppsCacheImplTest" tests="3" skipped="0" failures="0" errors="0" timestamp="2023-06-28T00:35:39" hostname="fv-az313-98" time="0.022">
  <properties/>
  <testcase name="Test_put_Secret_Then_Verify_Get_From_Cache" classname="com.dotcms.security.apps.AppsCacheImplTest" time="0.006"/>
  <testcase name="Test_Get_Secret_From_Cache_With_Supplier" classname="com.dotcms.security.apps.AppsCacheImplTest" time="0.005"/>
  <testcase name="Test_Get_Descriptors_From_Cache_With_Supplier" classname="com.dotcms.security.apps.AppsCacheImplTest" time="0.011"/>
  <system-out><![CDATA[]]></system-out>
  <system-err><![CDATA[]]></system-err>
</testsuite>
