<?xml version="1.0" encoding="UTF-8"?>
<testsuite name="com.dotcms.rest.api.v1.theme.ThemeResourceIntegrationTest" tests="12" skipped="0" failures="0" errors="0" timestamp="2023-07-18T20:27:49" hostname="fv-az887-517" time="26.125">
  <properties/>
  <testcase name="test_FindThemById_Success" classname="com.dotcms.rest.api.v1.theme.ThemeResourceIntegrationTest" time="2.272"/>
  <testcase name="test_FindThemes_WhenHostIdIsSent_ReturnsItsThemes" classname="com.dotcms.rest.api.v1.theme.ThemeResourceIntegrationTest" time="2.087"/>
  <testcase name="test_FindThemes_WhenHostIdIsSentAndPerPageEqualsOne_ReturnsOneTheme" classname="com.dotcms.rest.api.v1.theme.ThemeResourceIntegrationTest" time="3.059"/>
  <testcase name="test_FindThemes_WhenInvalidHostId_ReturnsDoesNotExistException" classname="com.dotcms.rest.api.v1.theme.ThemeResourceIntegrationTest" time="0.718"/>
  <testcase name="test_FindThemById_IdNotExists_returnDoesNotExistException" classname="com.dotcms.rest.api.v1.theme.ThemeResourceIntegrationTest" time="0.724"/>
  <testcase name="test_FindThemeByIdWithArchivedThemePNG_MustNotReturnThemeThumbnail" classname="com.dotcms.rest.api.v1.theme.ThemeResourceIntegrationTest" time="2.995"/>
  <testcase name="test_FindThemeByIdWithPublishedThemePNG_ReturnsThemeThumbnail" classname="com.dotcms.rest.api.v1.theme.ThemeResourceIntegrationTest" time="3.083"/>
  <testcase name="test_FindThemeByIdWithUnpublishedThemePNG_MustNotReturnThemeThumbnail" classname="com.dotcms.rest.api.v1.theme.ThemeResourceIntegrationTest" time="2.829"/>
  <testcase name="test_FindThemes_WhenHostIdAndSearchParamsAreSent_ReturnsItsThemes" classname="com.dotcms.rest.api.v1.theme.ThemeResourceIntegrationTest" time="4.607"/>
  <testcase name="test_FindThemes_WhenHostIdIsSystemTheme_ReturnsSystemTheme" classname="com.dotcms.rest.api.v1.theme.ThemeResourceIntegrationTest" time="0.713"/>
  <testcase name="test_FindThemes_LimitedUserWithoutPermissions_PaginationException" classname="com.dotcms.rest.api.v1.theme.ThemeResourceIntegrationTest" time="2.325"/>
  <testcase name="test_FindThemes_WhenHostIdIsNotSent_ReturnsBadRequest" classname="com.dotcms.rest.api.v1.theme.ThemeResourceIntegrationTest" time="0.712"/>
  <system-out><![CDATA[]]></system-out>
  <system-err><![CDATA[]]></system-err>
</testsuite>
