<?xml version="1.0" encoding="UTF-8"?>
<testsuite name="com.dotmarketing.servlets.ajax.AjaxDirectorServletIntegrationTest" tests="2" skipped="0" failures="0" errors="0" timestamp="2023-07-06T18:22:07" hostname="fv-az749-409" time="1.834">
  <properties/>
  <testcase name="testService[0: com.dotmarketing.servlets.ajax.AjaxDirectorServletTestCase@63fb5224]" classname="com.dotmarketing.servlets.ajax.AjaxDirectorServletIntegrationTest" time="1.029"/>
  <testcase name="testService[1: com.dotmarketing.servlets.ajax.AjaxDirectorServletTestCase@6f759842]" classname="com.dotmarketing.servlets.ajax.AjaxDirectorServletIntegrationTest" time="0.805"/>
  <system-out><![CDATA[]]></system-out>
  <system-err><![CDATA[]]></system-err>
</testsuite>
