<?xml version="1.0" encoding="UTF-8"?>
<testsuite name="com.dotmarketing.business.VersionableAPITest" tests="17" skipped="0" failures="0" errors="0" timestamp="2023-06-29T18:09:16" hostname="fv-az166-287" time="20.226">
  <properties/>
  <testcase name="testFindLiveVersionContentlet" classname="com.dotmarketing.business.VersionableAPITest" time="1.295"/>
  <testcase name="testFindWorkingVersionHTMLPage" classname="com.dotmarketing.business.VersionableAPITest" time="2.091"/>
  <testcase name="testFindLiveVersionTemplate" classname="com.dotmarketing.business.VersionableAPITest" time="0.041"/>
  <testcase name="testSetLockedHost" classname="com.dotmarketing.business.VersionableAPITest" time="0.944"/>
  <testcase name="getAllByVariants" classname="com.dotmarketing.business.VersionableAPITest" time="1.298"/>
  <testcase name="testIsLiveHost" classname="com.dotmarketing.business.VersionableAPITest" time="0.765"/>
  <testcase name="testFindLiveVersionContainer" classname="com.dotmarketing.business.VersionableAPITest" time="0.096"/>
  <testcase name="testFindPreviousVersion" classname="com.dotmarketing.business.VersionableAPITest" time="1.757"/>
  <testcase name="testIsWorkingHost" classname="com.dotmarketing.business.VersionableAPITest" time="0.208"/>
  <testcase name="setWorkingWithAnotherVariant" classname="com.dotmarketing.business.VersionableAPITest" time="2.278"/>
  <testcase name="testFindLiveVersionHTMLPage" classname="com.dotmarketing.business.VersionableAPITest" time="2.864"/>
  <testcase name="testFindWorkingVersionContainer" classname="com.dotmarketing.business.VersionableAPITest" time="0.15"/>
  <testcase name="getEmptyVariant" classname="com.dotmarketing.business.VersionableAPITest" time="0.006"/>
  <testcase name="getAllByVariantsLIVE" classname="com.dotmarketing.business.VersionableAPITest" time="3.88"/>
  <testcase name="setWorkingWithDefaultVariant" classname="com.dotmarketing.business.VersionableAPITest" time="1.176"/>
  <testcase name="testFindWorkingVersionTemplate" classname="com.dotmarketing.business.VersionableAPITest" time="0.059"/>
  <testcase name="testFindWorkingVersionContentlet" classname="com.dotmarketing.business.VersionableAPITest" time="1.315"/>
  <system-out><![CDATA[]]></system-out>
  <system-err><![CDATA[]]></system-err>
</testsuite>
