<?xml version="1.0" encoding="UTF-8"?>
<testsuite name="com.dotmarketing.portlets.fileassets.business.FileAssetAPIImplIntegrationTest" tests="2" skipped="0" failures="0" errors="0" timestamp="2023-06-29T22:13:59" hostname="fv-az216-434" time="6.473">
  <properties/>
  <testcase name="userWithoutPermission" classname="com.dotmarketing.portlets.fileassets.business.FileAssetAPIImplIntegrationTest" time="2.425"/>
  <testcase name="shouldReturnTwoFiles" classname="com.dotmarketing.portlets.fileassets.business.FileAssetAPIImplIntegrationTest" time="4.048"/>
  <system-out><![CDATA[]]></system-out>
  <system-err><![CDATA[]]></system-err>
</testsuite>
