<?xml version="1.0" encoding="UTF-8"?>
<testsuite name="com.dotmarketing.business.DeterministicIdentifierAPITest" tests="16" skipped="0" failures="0" errors="0" timestamp="2023-07-21T17:33:47" hostname="fv-az717-170" time="0.685">
  <properties/>
  <testcase name="Test_Category_Path_Seed_And_Id" classname="com.dotmarketing.business.DeterministicIdentifierAPITest" time="0.023"/>
  <testcase name="Test_Language_Deterministic_Id[0: LanguageTestCase{expectedSeed='Language:es:US', expectedHash=4913155, langCode='es', countryCode='US', country='United States'}]" classname="com.dotmarketing.business.DeterministicIdentifierAPITest" time="0.001"/>
  <testcase name="Test_Language_Deterministic_Id[1: LanguageTestCase{expectedSeed='Language:ep:', expectedHash=5292269, langCode='ep', countryCode='', country=''}]" classname="com.dotmarketing.business.DeterministicIdentifierAPITest" time="0.0"/>
  <testcase name="Test_Language_Deterministic_Id[2: LanguageTestCase{expectedSeed='Language:sg:SAG', expectedHash=4713118, langCode='sg', countryCode='SAG', country=''}]" classname="com.dotmarketing.business.DeterministicIdentifierAPITest" time="0.0"/>
  <testcase name="Test_Language_Deterministic_Id[3: LanguageTestCase{expectedSeed='Language:en:NZ', expectedHash=5382528, langCode='en', countryCode='NZ', country='New Zealand'}]" classname="com.dotmarketing.business.DeterministicIdentifierAPITest" time="0.001"/>
  <testcase name="Test_Category_None_Persisted_Category_Should_Return_Deterministic_Id" classname="com.dotmarketing.business.DeterministicIdentifierAPITest" time="0.001"/>
  <testcase name="Test_Asset_Generate_Deterministic_Id_Best_Effort[0: TestCase{versionable=my.host1689960444134.com, parent=System Host, expectedName='my.host1689960444134.com', expectedType='Host'}]" classname="com.dotmarketing.business.DeterministicIdentifierAPITest" time="0.003"/>
  <testcase name="Test_Asset_Generate_Deterministic_Id_Best_Effort[1: TestCase{versionable=com.dotmarketing.portlets.contentlet.model.Contentlet@44dca2ec[map={modDate=2023-07-21 17:27:24.967, fileName=file5695059873182196801.txt, title=file5695059873182196801.txt, inode=a2dc13c2-54f5-4be5-a679-ebd2cb3c8396, __IS_NEW_CONTENT__=true, disabledWYSIWYG=[], host=d7bddfae-bdf5-4e9f-8375-9791521c3cf1, stInode=33888b6f-7a8e-4069-b1b6-5c1aa9d0a48d, owner=system, identifier=a9714394-08dc-48d4-8422-6b396b5b07cb, nullProperties=[wfExpireDate, wfPublishDate, wfActionAssign, wfActionId, wfActionComments, filterKey, whereToSend, wfNeverExpire, _path_to_move, timezoneId, iWantTo, wfPublishTime, wfExpireTime], languageId=1, fileAsset=/home/runner/work/core/custom/assets/a/2/a2dc13c2-54f5-4be5-a679-ebd2cb3c8396/fileAsset/file5695059873182196801.txt, folder=7a32402f-196b-4c79-8275-a309fe44301a, __disable_workflow__=true, sortOrder=0, modUser=system},lowIndexPriority=false,variantId=DEFAULT], parent=com.dotmarketing.portlets.folders.model.Folder@1b6356d4[identifier=7a32402f-196b-4c79-8275-a309fe44301a,name=testName1689960444961,sortOrder=0,showOnMenu=false,hostId=d7bddfae-bdf5-4e9f-8375-9791521c3cf1,type=folder,title=testTitle1689960444961,filesMasks=,defaultFileType=33888b6f-7a8e-4069-b1b6-5c1aa9d0a48d,modDate=2023-07-21 17:27:24.964,owner=&lt;null&gt;,iDate=2023-07-21 17:27:24.964,inode=7a32402f-196b-4c79-8275-a309fe44301a,path=/testName1689960444961/], expectedName='file5695059873182196801.txt', expectedType='FileAsset'}]" classname="com.dotmarketing.business.DeterministicIdentifierAPITest" time="0.003"/>
  <testcase name="Test_Asset_Generate_Deterministic_Id_Best_Effort[2: TestCase{versionable=com.dotmarketing.portlets.templates.model.Template@bf0c755b, parent=my.host1689960444134.com, expectedName='testTitle1689960445046', expectedType='Template'}]" classname="com.dotmarketing.business.DeterministicIdentifierAPITest" time="0.002"/>
  <testcase name="Test_Asset_Generate_Deterministic_Id_Best_Effort[3: TestCase{versionable=com.dotmarketing.portlets.htmlpageasset.model.HTMLPageAsset@3dd2c60d[map={template=fb6a694a-321a-4100-a518-97d27980bc6d, owner=system, identifier=81f8115e-ad1b-4af7-8ebd-7d6520e47b52, nullProperties=[wfExpireDate, wfPublishDate, wfActionAssign, wfActionId, wfActionComments, filterKey, whereToSend, wfNeverExpire, _path_to_move, timezoneId, iWantTo, wfPublishTime, wfExpireTime], modDate=2023-07-21 17:27:25.058, cachettl=0, _is_test_mode=true, languageId=1, title=test-page-title-1689960445055, httpsreq=, url=test-page-url-1689960445055, showOnMenu=, inode=baca169d-a005-443c-ab37-8b7e1379de04, folder=7a32402f-196b-4c79-8275-a309fe44301a, disabledWYSIWYG=[], sortOrder=1, modUser=system, host=d7bddfae-bdf5-4e9f-8375-9791521c3cf1, stInode=c541abb1-69b3-4bc5-8430-5e09e5239cc8, friendlyName=test-page-friendly-name-1689960445055},lowIndexPriority=false,variantId=DEFAULT], parent=com.dotmarketing.portlets.folders.model.Folder@1b6356d4[identifier=7a32402f-196b-4c79-8275-a309fe44301a,name=testName1689960444961,sortOrder=0,showOnMenu=false,hostId=d7bddfae-bdf5-4e9f-8375-9791521c3cf1,type=folder,title=testTitle1689960444961,filesMasks=,defaultFileType=33888b6f-7a8e-4069-b1b6-5c1aa9d0a48d,modDate=2023-07-21 17:27:24.964,owner=&lt;null&gt;,iDate=2023-07-21 17:27:24.964,inode=7a32402f-196b-4c79-8275-a309fe44301a,path=/testName1689960444961/], expectedName='test-page-url-1689960445055', expectedType='htmlpageasset'}]" classname="com.dotmarketing.business.DeterministicIdentifierAPITest" time="0.003"/>
  <testcase name="Test_Asset_Generate_Deterministic_Id_Best_Effort[4: TestCase{versionable=com.dotmarketing.portlets.contentlet.model.Contentlet@33fd492a[map={fileAsset2=/home/runner/work/core/custom/assets/3/7/37c49abb-fc6a-4f57-bc43-f1f5f77233b6/fileAsset2/test_binary1689960445952.png, modDate=2023-07-21 17:27:25.956, fileAsset1=/home/runner/work/core/custom/assets/3/7/37c49abb-fc6a-4f57-bc43-f1f5f77233b6/fileAsset1/test_binary1689960445952.jpg, title=blah, inode=37c49abb-fc6a-4f57-bc43-f1f5f77233b6, __IS_NEW_CONTENT__=true, disabledWYSIWYG=[], host=48190c8c-42c4-46af-8d1a-0cd5db894797, stInode=15357b69-01c4-4b22-a945-fe726faa059e, owner=system, identifier=8b02369e-9fe3-435e-a0fc-1ec147f9228e, nullProperties=[], languageId=1, image1=d0b0dbca-253a-4599-b71a-88dbbeb7e38b, folder=SYSTEM_FOLDER, __disable_workflow__=true, sortOrder=0, modUser=system},lowIndexPriority=false,variantId=DEFAULT], parent=demo.dotcms.com, expectedName='test_binary1689960445952.jpg:test_binary1689960445952.png', expectedType='MultipleBinaries1689960445200'}]" classname="com.dotmarketing.business.DeterministicIdentifierAPITest" time="0.003"/>
  <testcase name="Test_Asset_Generate_Deterministic_Id_Best_Effort[5: TestCase{versionable=name5211d173b8 : keyTag5211d173b8, parent=my.host1689960444134.com, expectedName='keyTag5211d173b8', expectedType='persona'}]" classname="com.dotmarketing.business.DeterministicIdentifierAPITest" time="0.002"/>
  <testcase name="Test_Similar_Content_Type_Wont_Clash" classname="com.dotmarketing.business.DeterministicIdentifierAPITest" time="0.408"/>
  <testcase name="Test_Generate_Folder_Identifier" classname="com.dotmarketing.business.DeterministicIdentifierAPITest" time="0.225"/>
  <testcase name="Test_Generate_Content_Type_Identifier[0: ContentTypeTestCase{contentType=KeyValueContentType{name=Language Variable, id=f4d7c1b8-2c88-4071-abf1-a5328977b07d, description=Default Content Type for Language Variables, defaultType=false, fixed=true, iDate=Thu Aug 31 16:38:49 UTC 2017, system=true, versionable=true, variable=Languagevariable, modDate=Fri Jul 21 16:25:05 UTC 2023, host=SYSTEM_HOST, siteName=systemHost, icon=language, sortOrder=0, folder=SYSTEM_FOLDER, folderPath=/, markedForDeletion=true, multilingualable=false}, expectedName='Languagevariable', expectedType='KeyValue'}]" classname="com.dotmarketing.business.DeterministicIdentifierAPITest" time="0.005"/>
  <testcase name="Test_Generate_Content_Type_Identifier[1: ContentTypeTestCase{contentType=SimpleContentType{name=testName1689960446265, id=164729e4-8224-459c-8f00-87f59fa6425f, description=testDescription1689960446265, defaultType=false, fixed=false, iDate=Fri Jul 21 17:27:26 UTC 2023, system=false, versionable=true, multilingualable=false, variable=testVarname1689960446265, owner=system, modDate=Fri Jul 21 17:27:27 UTC 2023, host=48190c8c-42c4-46af-8d1a-0cd5db894797, siteName=demo.dotcms.com, icon=event_note, sortOrder=0, folder=SYSTEM_FOLDER, folderPath=/, requiredFields=[], markedForDeletion=false}, expectedName='testVarname1689960446265', expectedType='CONTENT'}]" classname="com.dotmarketing.business.DeterministicIdentifierAPITest" time="0.003"/>
  <system-out><![CDATA[]]></system-out>
  <system-err><![CDATA[]]></system-err>
</testsuite>
