<?xml version="1.0" encoding="UTF-8"?>
<testsuite name="com.dotcms.rest.elasticsearch.ESContentResourcePortletTest" tests="8" skipped="0" failures="0" errors="0" timestamp="2023-07-11T06:36:36" hostname="fv-az1234-201" time="7.811">
  <properties/>
  <testcase name="test_search_includeGrandChildCategory_success" classname="com.dotcms.rest.elasticsearch.ESContentResourcePortletTest" time="1.366"/>
  <testcase name="testSearch[0: com.dotcms.rest.elasticsearch.ESContentResourcePortletTest$TestCase@6c4f468c]" classname="com.dotcms.rest.elasticsearch.ESContentResourcePortletTest" time="0.924"/>
  <testcase name="testSearch[1: com.dotcms.rest.elasticsearch.ESContentResourcePortletTest$TestCase@531b2c0e]" classname="com.dotcms.rest.elasticsearch.ESContentResourcePortletTest" time="1.226"/>
  <testcase name="testSearch[2: com.dotcms.rest.elasticsearch.ESContentResourcePortletTest$TestCase@1ee5aa60]" classname="com.dotcms.rest.elasticsearch.ESContentResourcePortletTest" time="0.925"/>
  <testcase name="testSearch[3: com.dotcms.rest.elasticsearch.ESContentResourcePortletTest$TestCase@565f6509]" classname="com.dotcms.rest.elasticsearch.ESContentResourcePortletTest" time="0.243"/>
  <testcase name="testSearch[4: com.dotcms.rest.elasticsearch.ESContentResourcePortletTest$TestCase@40323268]" classname="com.dotcms.rest.elasticsearch.ESContentResourcePortletTest" time="1.24"/>
  <testcase name="testSearch[5: com.dotcms.rest.elasticsearch.ESContentResourcePortletTest$TestCase@4ac31d3c]" classname="com.dotcms.rest.elasticsearch.ESContentResourcePortletTest" time="0.946"/>
  <testcase name="testSearch[6: com.dotcms.rest.elasticsearch.ESContentResourcePortletTest$TestCase@79c618ae]" classname="com.dotcms.rest.elasticsearch.ESContentResourcePortletTest" time="0.936"/>
  <system-out><![CDATA[]]></system-out>
  <system-err><![CDATA[]]></system-err>
</testsuite>
