<?xml version="1.0" encoding="UTF-8"?>
<testsuite name="com.dotcms.contenttype.model.field.layout.FieldLayoutTest" tests="24" skipped="0" failures="0" errors="0" timestamp="2023-06-30T18:27:04" hostname="fv-az612-580" time="0.235">
  <properties/>
  <testcase name="shouldFixSortOrder" classname="com.dotcms.contenttype.model.field.layout.FieldLayoutTest" time="0.039"/>
  <testcase name="shouldReturnNullContentTypeInternationalizationWhenItIsNotSet" classname="com.dotcms.contenttype.model.field.layout.FieldLayoutTest" time="0.001"/>
  <testcase name="shouldFixLayoutValidationExceptionWhenHasColumnWithoutRow" classname="com.dotcms.contenttype.model.field.layout.FieldLayoutTest" time="0.003"/>
  <testcase name="shouldFixLayoutValidationExceptionWhenHasTabFieldWithoutRows" classname="com.dotcms.contenttype.model.field.layout.FieldLayoutTest" time="0.003"/>
  <testcase name="shouldCreateFieldLayoutAndNotThrowException" classname="com.dotcms.contenttype.model.field.layout.FieldLayoutTest" time="0.081"/>
  <testcase name="shouldAddNewFieldAndThrowException" classname="com.dotcms.contenttype.model.field.layout.FieldLayoutTest" time="0.008"/>
  <testcase name="shouldThrowFieldLayoutValidationExceptionWhenHasColumnWithoutRow" classname="com.dotcms.contenttype.model.field.layout.FieldLayoutTest" time="0.002"/>
  <testcase name="shouldRemoveFieldsAndNotThrowException" classname="com.dotcms.contenttype.model.field.layout.FieldLayoutTest" time="0.005"/>
  <testcase name="shouldreturnContentTypeInternationalizationWhenItIsSet" classname="com.dotcms.contenttype.model.field.layout.FieldLayoutTest" time="0.008"/>
  <testcase name="shouldMoveFieldAndThrowException" classname="com.dotcms.contenttype.model.field.layout.FieldLayoutTest" time="0.001"/>
  <testcase name="shouldCreateFieldLayout" classname="com.dotcms.contenttype.model.field.layout.FieldLayoutTest" time="0.0"/>
  <testcase name="shouldFixLayoutValidationExceptionWhenHasFieldsWithoutRows" classname="com.dotcms.contenttype.model.field.layout.FieldLayoutTest" time="0.004"/>
  <testcase name="shouldThrowWhenSortOrderIsNorRight" classname="com.dotcms.contenttype.model.field.layout.FieldLayoutTest" time="0.04"/>
  <testcase name="shouldMoveFieldBackward" classname="com.dotcms.contenttype.model.field.layout.FieldLayoutTest" time="0.007"/>
  <testcase name="shouldAddNewField" classname="com.dotcms.contenttype.model.field.layout.FieldLayoutTest" time="0.006"/>
  <testcase name="shouldCreateFieldLayoutWithTabDivider" classname="com.dotcms.contenttype.model.field.layout.FieldLayoutTest" time="0.002"/>
  <testcase name="shouldThrowFieldLayoutValidationExceptionWhenHasFieldsWithoutRows" classname="com.dotcms.contenttype.model.field.layout.FieldLayoutTest" time="0.001"/>
  <testcase name="shouldCreateFieldLayoutWhenHasMoreThanOneTabDividerInRow" classname="com.dotcms.contenttype.model.field.layout.FieldLayoutTest" time="0.001"/>
  <testcase name="shouldMoveFieldForward" classname="com.dotcms.contenttype.model.field.layout.FieldLayoutTest" time="0.005"/>
  <testcase name="shouldThrowFieldLayoutValidationExceptionWhenHasRowsWithoutColumn" classname="com.dotcms.contenttype.model.field.layout.FieldLayoutTest" time="0.002"/>
  <testcase name="shouldRemoveFieldsAndThrowException" classname="com.dotcms.contenttype.model.field.layout.FieldLayoutTest" time="0.003"/>
  <testcase name="shouldThrowFieldLayoutValidationExceptionWhenHasTabFieldWithoutRows" classname="com.dotcms.contenttype.model.field.layout.FieldLayoutTest" time="0.001"/>
  <testcase name="shouldThrowFieldLayoutValidationExceptionWhenHasRowWithoutColumn" classname="com.dotcms.contenttype.model.field.layout.FieldLayoutTest" time="0.001"/>
  <testcase name="shouldFixLayoutWhenHasRowWithoutColumn" classname="com.dotcms.contenttype.model.field.layout.FieldLayoutTest" time="0.003"/>
  <system-out><![CDATA[]]></system-out>
  <system-err><![CDATA[]]></system-err>
</testsuite>
