<?xml version="1.0" encoding="UTF-8"?>
<testsuite name="com.dotcms.rest.api.v3.contenttype.MoveFieldFormTest" tests="1" skipped="0" failures="0" errors="0" timestamp="2023-06-26T21:32:37" hostname="fv-az401-312" time="0.007">
  <properties/>
  <testcase name="testGetRows_givenFieldsinJSON_ShouldDeserializeRespectingOrderAndDatatypes" classname="com.dotcms.rest.api.v3.contenttype.MoveFieldFormTest" time="0.007"/>
  <system-out><![CDATA[]]></system-out>
  <system-err><![CDATA[]]></system-err>
</testsuite>
