<?xml version="1.0" encoding="UTF-8"?>
<testsuite name="com.dotmarketing.portlets.structure.model.ContentletRelationshipsTest" tests="7" skipped="0" failures="0" errors="0" timestamp="2023-06-30T01:45:36" hostname="fv-az343-533" time="9.158">
  <properties/>
  <testcase name="testDoesAllowOnlyOne[0: com.dotmarketing.portlets.structure.model.ContentletRelationshipsTest$CardinalityTestCase@319f3759]" classname="com.dotmarketing.portlets.structure.model.ContentletRelationshipsTest" time="0.781"/>
  <testcase name="testDoesAllowOnlyOne[1: com.dotmarketing.portlets.structure.model.ContentletRelationshipsTest$CardinalityTestCase@5536ab63]" classname="com.dotmarketing.portlets.structure.model.ContentletRelationshipsTest" time="0.675"/>
  <testcase name="testDoesAllowOnlyOne[2: com.dotmarketing.portlets.structure.model.ContentletRelationshipsTest$CardinalityTestCase@6e52955c]" classname="com.dotmarketing.portlets.structure.model.ContentletRelationshipsTest" time="0.702"/>
  <testcase name="testGetRelationshipRecords[0: com.dotmarketing.portlets.structure.model.ContentletRelationshipsTest$TestCase@75f0d6d3]" classname="com.dotmarketing.portlets.structure.model.ContentletRelationshipsTest" time="1.368"/>
  <testcase name="testGetRelationshipRecords[1: com.dotmarketing.portlets.structure.model.ContentletRelationshipsTest$TestCase@3d1d02cb]" classname="com.dotmarketing.portlets.structure.model.ContentletRelationshipsTest" time="2.342"/>
  <testcase name="testGetRelationshipRecords[2: com.dotmarketing.portlets.structure.model.ContentletRelationshipsTest$TestCase@5d10cbb8]" classname="com.dotmarketing.portlets.structure.model.ContentletRelationshipsTest" time="1.136"/>
  <testcase name="testGetRelationshipRecords[3: com.dotmarketing.portlets.structure.model.ContentletRelationshipsTest$TestCase@27125d33]" classname="com.dotmarketing.portlets.structure.model.ContentletRelationshipsTest" time="2.154"/>
  <system-out><![CDATA[]]></system-out>
  <system-err><![CDATA[]]></system-err>
</testsuite>
