<?xml version="1.0" encoding="UTF-8"?>
<testsuite name="com.dotcms.experiments.business.RootIndexRegexUrlPatterStrategyIntegrationTest" tests="6" skipped="0" failures="0" errors="0" timestamp="2023-07-20T21:06:41" hostname="fv-az174-151" time="12.067">
  <properties/>
  <testcase name="realRootIndexPage" classname="com.dotcms.experiments.business.RootIndexRegexUrlPatterStrategyIntegrationTest" time="1.916"/>
  <testcase name="httpsRealRootIndexPageNotLocalhost" classname="com.dotcms.experiments.business.RootIndexRegexUrlPatterStrategyIntegrationTest" time="2.05"/>
  <testcase name="indexPageButNotRootIndexPage" classname="com.dotcms.experiments.business.RootIndexRegexUrlPatterStrategyIntegrationTest" time="2.028"/>
  <testcase name="realRootIndexPageNotLocalHost" classname="com.dotcms.experiments.business.RootIndexRegexUrlPatterStrategyIntegrationTest" time="1.984"/>
  <testcase name="notIndexPage" classname="com.dotcms.experiments.business.RootIndexRegexUrlPatterStrategyIntegrationTest" time="2.17"/>
  <testcase name="httpsRealRootIndexPage" classname="com.dotcms.experiments.business.RootIndexRegexUrlPatterStrategyIntegrationTest" time="1.918"/>
  <system-out><![CDATA[]]></system-out>
  <system-err><![CDATA[]]></system-err>
</testsuite>
