<?xml version="1.0" encoding="UTF-8"?>
<testsuite name="com.dotcms.rest.elasticsearch.ESContentResourcePortletTest" tests="8" skipped="0" failures="0" errors="0" timestamp="2023-06-29T20:49:05" hostname="fv-az576-571" time="8.777">
  <properties/>
  <testcase name="test_search_includeGrandChildCategory_success" classname="com.dotcms.rest.elasticsearch.ESContentResourcePortletTest" time="1.625"/>
  <testcase name="testSearch[0: com.dotcms.rest.elasticsearch.ESContentResourcePortletTest$TestCase@50380a2]" classname="com.dotcms.rest.elasticsearch.ESContentResourcePortletTest" time="1.082"/>
  <testcase name="testSearch[1: com.dotcms.rest.elasticsearch.ESContentResourcePortletTest$TestCase@1f270862]" classname="com.dotcms.rest.elasticsearch.ESContentResourcePortletTest" time="0.321"/>
  <testcase name="testSearch[2: com.dotcms.rest.elasticsearch.ESContentResourcePortletTest$TestCase@337de4f3]" classname="com.dotcms.rest.elasticsearch.ESContentResourcePortletTest" time="1.096"/>
  <testcase name="testSearch[3: com.dotcms.rest.elasticsearch.ESContentResourcePortletTest$TestCase@d3ad60f]" classname="com.dotcms.rest.elasticsearch.ESContentResourcePortletTest" time="1.264"/>
  <testcase name="testSearch[4: com.dotcms.rest.elasticsearch.ESContentResourcePortletTest$TestCase@1425419a]" classname="com.dotcms.rest.elasticsearch.ESContentResourcePortletTest" time="1.307"/>
  <testcase name="testSearch[5: com.dotcms.rest.elasticsearch.ESContentResourcePortletTest$TestCase@33663f64]" classname="com.dotcms.rest.elasticsearch.ESContentResourcePortletTest" time="1.035"/>
  <testcase name="testSearch[6: com.dotcms.rest.elasticsearch.ESContentResourcePortletTest$TestCase@6fe01f87]" classname="com.dotcms.rest.elasticsearch.ESContentResourcePortletTest" time="1.047"/>
  <system-out><![CDATA[]]></system-out>
  <system-err><![CDATA[]]></system-err>
</testsuite>
