<?xml version="1.0" encoding="UTF-8"?>
<testsuite name="com.dotmarketing.startup.runonce.Task220606UpdatePushNowActionletNameTest" tests="1" skipped="0" failures="0" errors="0" timestamp="2023-07-13T19:24:07" hostname="fv-az590-649" time="0.012">
  <properties/>
  <testcase name="Test_Execute_Upgrade" classname="com.dotmarketing.startup.runonce.Task220606UpdatePushNowActionletNameTest" time="0.012"/>
  <system-out><![CDATA[]]></system-out>
  <system-err><![CDATA[]]></system-err>
</testsuite>
