<?xml version="1.0" encoding="UTF-8"?>
<testsuite name="com.dotcms.rest.TagResourceIntegrationTest" tests="4" skipped="0" failures="0" errors="0" timestamp="2023-07-06T23:15:18" hostname="fv-az450-882" time="0.331">
  <properties/>
  <testcase name="testList[0: com.dotcms.rest.TagResourceTestCase@14d67301]" classname="com.dotcms.rest.TagResourceIntegrationTest" time="0.272"/>
  <testcase name="testList[1: com.dotcms.rest.TagResourceTestCase@19579c06]" classname="com.dotcms.rest.TagResourceIntegrationTest" time="0.021"/>
  <testcase name="testList[2: com.dotcms.rest.TagResourceTestCase@1cf65d1f]" classname="com.dotcms.rest.TagResourceIntegrationTest" time="0.018"/>
  <testcase name="testList[3: com.dotcms.rest.TagResourceTestCase@4ad59a56]" classname="com.dotcms.rest.TagResourceIntegrationTest" time="0.019"/>
  <system-out><![CDATA[]]></system-out>
  <system-err><![CDATA[Jul 06, 2023 11:15:18 PM com.dotcms.repackage.org.hibernate.validator.internal.util.Version <clinit>
INFO: HV000001: Hibernate Validator 4.3.2.Final
]]></system-err>
</testsuite>
