<?xml version="1.0" encoding="UTF-8"?>
<testsuite name="com.dotmarketing.servlets.ajax.AjaxDirectorServletIntegrationTest" tests="2" skipped="0" failures="0" errors="0" timestamp="2023-06-30T05:35:43" hostname="fv-az210-575" time="2.194">
  <properties/>
  <testcase name="testService[0: com.dotmarketing.servlets.ajax.AjaxDirectorServletTestCase@6e2990ab]" classname="com.dotmarketing.servlets.ajax.AjaxDirectorServletIntegrationTest" time="0.821"/>
  <testcase name="testService[1: com.dotmarketing.servlets.ajax.AjaxDirectorServletTestCase@3f7a6ef5]" classname="com.dotmarketing.servlets.ajax.AjaxDirectorServletIntegrationTest" time="1.373"/>
  <system-out><![CDATA[]]></system-out>
  <system-err><![CDATA[]]></system-err>
</testsuite>
