<?xml version="1.0" encoding="UTF-8"?>
<testsuite name="com.dotcms.filters.interceptor.jwt.JsonWebTokenInterceptorIntegrationTest" tests="3" skipped="0" failures="0" errors="0" timestamp="2023-06-27T15:25:47" hostname="fv-az354-410" time="0.078">
  <properties/>
  <testcase name="interceptWithAccessTokenUserModifiedTest" classname="com.dotcms.filters.interceptor.jwt.JsonWebTokenInterceptorIntegrationTest" time="0.058"/>
  <testcase name="interceptWithAccessTokenTest" classname="com.dotcms.filters.interceptor.jwt.JsonWebTokenInterceptorIntegrationTest" time="0.004"/>
  <testcase name="interceptWithAccessTokenNonValidTest" classname="com.dotcms.filters.interceptor.jwt.JsonWebTokenInterceptorIntegrationTest" time="0.016"/>
  <system-out><![CDATA[



]]></system-out>
  <system-err><![CDATA[]]></system-err>
</testsuite>
