<?xml version="1.0" encoding="UTF-8"?>
<testsuite name="com.dotcms.rest.TagResourceIntegrationTest" tests="4" skipped="0" failures="0" errors="0" timestamp="2023-07-10T22:26:15" hostname="fv-az487-466" time="0.363">
  <properties/>
  <testcase name="testList[0: com.dotcms.rest.TagResourceTestCase@177e646e]" classname="com.dotcms.rest.TagResourceIntegrationTest" time="0.283"/>
  <testcase name="testList[1: com.dotcms.rest.TagResourceTestCase@39a3db75]" classname="com.dotcms.rest.TagResourceIntegrationTest" time="0.029"/>
  <testcase name="testList[2: com.dotcms.rest.TagResourceTestCase@7338cab1]" classname="com.dotcms.rest.TagResourceIntegrationTest" time="0.022"/>
  <testcase name="testList[3: com.dotcms.rest.TagResourceTestCase@1db067e6]" classname="com.dotcms.rest.TagResourceIntegrationTest" time="0.027"/>
  <system-out><![CDATA[]]></system-out>
  <system-err><![CDATA[Jul 10, 2023 10:26:15 PM com.dotcms.repackage.org.hibernate.validator.internal.util.Version <clinit>
INFO: HV000001: Hibernate Validator 4.3.2.Final
]]></system-err>
</testsuite>
