<?xml version="1.0" encoding="UTF-8"?>
<testsuite name="com.dotmarketing.business.DeterministicIdentifierAPITest" tests="16" skipped="0" failures="0" errors="0" timestamp="2023-07-18T17:30:00" hostname="fv-az370-360" time="1.524">
  <properties/>
  <testcase name="Test_Category_Path_Seed_And_Id" classname="com.dotmarketing.business.DeterministicIdentifierAPITest" time="0.028"/>
  <testcase name="Test_Language_Deterministic_Id[0: LanguageTestCase{expectedSeed='Language:es:US', expectedHash=4913155, langCode='es', countryCode='US', country='United States'}]" classname="com.dotmarketing.business.DeterministicIdentifierAPITest" time="0.001"/>
  <testcase name="Test_Language_Deterministic_Id[1: LanguageTestCase{expectedSeed='Language:ep:', expectedHash=5292269, langCode='ep', countryCode='', country=''}]" classname="com.dotmarketing.business.DeterministicIdentifierAPITest" time="0.001"/>
  <testcase name="Test_Language_Deterministic_Id[2: LanguageTestCase{expectedSeed='Language:sg:SAG', expectedHash=4713118, langCode='sg', countryCode='SAG', country=''}]" classname="com.dotmarketing.business.DeterministicIdentifierAPITest" time="0.001"/>
  <testcase name="Test_Language_Deterministic_Id[3: LanguageTestCase{expectedSeed='Language:en:NZ', expectedHash=5382528, langCode='en', countryCode='NZ', country='New Zealand'}]" classname="com.dotmarketing.business.DeterministicIdentifierAPITest" time="0.001"/>
  <testcase name="Test_Category_None_Persisted_Category_Should_Return_Deterministic_Id" classname="com.dotmarketing.business.DeterministicIdentifierAPITest" time="0.001"/>
  <testcase name="Test_Asset_Generate_Deterministic_Id_Best_Effort[0: TestCase{versionable=my.host1689701018378.com, parent=System Host, expectedName='my.host1689701018378.com', expectedType='Host'}]" classname="com.dotmarketing.business.DeterministicIdentifierAPITest" time="0.005"/>
  <testcase name="Test_Asset_Generate_Deterministic_Id_Best_Effort[1: TestCase{versionable=com.dotmarketing.portlets.contentlet.model.Contentlet@2d3fbfac[map={modDate=2023-07-18 17:23:39.115, fileName=file13603643518226848933.txt, title=file13603643518226848933.txt, inode=c420e74f-a9b2-46de-a220-f0d49e0bd244, __IS_NEW_CONTENT__=true, disabledWYSIWYG=[], host=4d1316f8-e147-4003-b989-445fb9efe99c, stInode=33888b6f-7a8e-4069-b1b6-5c1aa9d0a48d, owner=system, identifier=4dd36e60-a6d9-4b6e-8e4f-485484f829e2, nullProperties=[wfExpireDate, wfPublishDate, wfActionAssign, wfActionId, wfActionComments, filterKey, whereToSend, wfNeverExpire, _path_to_move, timezoneId, iWantTo, wfPublishTime, wfExpireTime], languageId=1, fileAsset=/home/runner/work/core/custom/assets/c/4/c420e74f-a9b2-46de-a220-f0d49e0bd244/fileAsset/file13603643518226848933.txt, folder=f087d59b-8f60-40f1-a1e7-0ec4b698d4cf, __disable_workflow__=true, sortOrder=0, modUser=system},lowIndexPriority=false,variantId=DEFAULT], parent=com.dotmarketing.portlets.folders.model.Folder@31bb5da6[identifier=f087d59b-8f60-40f1-a1e7-0ec4b698d4cf,name=testName1689701019109,sortOrder=0,showOnMenu=false,hostId=4d1316f8-e147-4003-b989-445fb9efe99c,type=folder,title=testTitle1689701019109,filesMasks=,defaultFileType=33888b6f-7a8e-4069-b1b6-5c1aa9d0a48d,modDate=2023-07-18 17:23:39.111,owner=&lt;null&gt;,iDate=2023-07-18 17:23:39.111,inode=f087d59b-8f60-40f1-a1e7-0ec4b698d4cf,path=/testName1689701019109/], expectedName='file13603643518226848933.txt', expectedType='FileAsset'}]" classname="com.dotmarketing.business.DeterministicIdentifierAPITest" time="0.003"/>
  <testcase name="Test_Asset_Generate_Deterministic_Id_Best_Effort[2: TestCase{versionable=com.dotmarketing.portlets.templates.model.Template@16dcb5f1, parent=my.host1689701018378.com, expectedName='testTitle1689701019200', expectedType='Template'}]" classname="com.dotmarketing.business.DeterministicIdentifierAPITest" time="0.002"/>
  <testcase name="Test_Asset_Generate_Deterministic_Id_Best_Effort[3: TestCase{versionable=com.dotmarketing.portlets.htmlpageasset.model.HTMLPageAsset@36a37e79[map={template=98a334d6-e91b-49c5-8fb9-1818386e0803, owner=system, identifier=d151e579-4c38-443a-bca0-28ddaf439461, nullProperties=[wfExpireDate, wfPublishDate, wfActionAssign, wfActionId, wfActionComments, filterKey, whereToSend, wfNeverExpire, _path_to_move, timezoneId, iWantTo, wfPublishTime, wfExpireTime], modDate=2023-07-18 17:23:39.215, cachettl=0, _is_test_mode=true, languageId=1, title=test-page-title-1689701019212, httpsreq=, url=test-page-url-1689701019212, showOnMenu=, inode=f669063b-9063-44e2-b082-806ec57f6f72, folder=f087d59b-8f60-40f1-a1e7-0ec4b698d4cf, disabledWYSIWYG=[], sortOrder=1, modUser=system, host=4d1316f8-e147-4003-b989-445fb9efe99c, stInode=c541abb1-69b3-4bc5-8430-5e09e5239cc8, friendlyName=test-page-friendly-name-1689701019212},lowIndexPriority=false,variantId=DEFAULT], parent=com.dotmarketing.portlets.folders.model.Folder@31bb5da6[identifier=f087d59b-8f60-40f1-a1e7-0ec4b698d4cf,name=testName1689701019109,sortOrder=0,showOnMenu=false,hostId=4d1316f8-e147-4003-b989-445fb9efe99c,type=folder,title=testTitle1689701019109,filesMasks=,defaultFileType=33888b6f-7a8e-4069-b1b6-5c1aa9d0a48d,modDate=2023-07-18 17:23:39.111,owner=&lt;null&gt;,iDate=2023-07-18 17:23:39.111,inode=f087d59b-8f60-40f1-a1e7-0ec4b698d4cf,path=/testName1689701019109/], expectedName='test-page-url-1689701019212', expectedType='htmlpageasset'}]" classname="com.dotmarketing.business.DeterministicIdentifierAPITest" time="0.003"/>
  <testcase name="Test_Asset_Generate_Deterministic_Id_Best_Effort[4: TestCase{versionable=com.dotmarketing.portlets.contentlet.model.Contentlet@e2f2af5[map={fileAsset2=/home/runner/work/core/custom/assets/6/3/631aea03-1e5c-4c88-b326-44d8ba3c7249/fileAsset2/test_binary1689701021054.png, modDate=2023-07-18 17:23:41.058, fileAsset1=/home/runner/work/core/custom/assets/6/3/631aea03-1e5c-4c88-b326-44d8ba3c7249/fileAsset1/test_binary1689701021054.jpg, title=blah, inode=631aea03-1e5c-4c88-b326-44d8ba3c7249, __IS_NEW_CONTENT__=true, disabledWYSIWYG=[], host=48190c8c-42c4-46af-8d1a-0cd5db894797, stInode=709dbb91-dc1e-4e2d-9816-f5f69f98f78e, owner=system, identifier=4e29560b-9849-4de0-a5d4-c6b47e1f4b9a, nullProperties=[], languageId=1, image1=ba0d92c6-f90c-4469-9bd5-0bbac7aa4d6b, folder=SYSTEM_FOLDER, __disable_workflow__=true, sortOrder=0, modUser=system},lowIndexPriority=false,variantId=DEFAULT], parent=demo.dotcms.com, expectedName='test_binary1689701021054.jpg:test_binary1689701021054.png', expectedType='MultipleBinaries1689701019424'}]" classname="com.dotmarketing.business.DeterministicIdentifierAPITest" time="0.002"/>
  <testcase name="Test_Asset_Generate_Deterministic_Id_Best_Effort[5: TestCase{versionable=namecd5e7d878c : keyTagcd5e7d878c, parent=my.host1689701018378.com, expectedName='keyTagcd5e7d878c', expectedType='persona'}]" classname="com.dotmarketing.business.DeterministicIdentifierAPITest" time="0.006"/>
  <testcase name="Test_Similar_Content_Type_Wont_Clash" classname="com.dotmarketing.business.DeterministicIdentifierAPITest" time="0.406"/>
  <testcase name="Test_Generate_Folder_Identifier" classname="com.dotmarketing.business.DeterministicIdentifierAPITest" time="1.053"/>
  <testcase name="Test_Generate_Content_Type_Identifier[0: ContentTypeTestCase{contentType=KeyValueContentType{name=Language Variable, id=f4d7c1b8-2c88-4071-abf1-a5328977b07d, description=Default Content Type for Language Variables, defaultType=false, fixed=true, iDate=Thu Aug 31 16:38:49 UTC 2017, system=true, versionable=true, variable=Languagevariable, modDate=Tue Jul 18 16:21:43 UTC 2023, host=SYSTEM_HOST, siteName=systemHost, icon=language, sortOrder=0, folder=SYSTEM_FOLDER, folderPath=/, markedForDeletion=true, multilingualable=false}, expectedName='Languagevariable', expectedType='KeyValue'}]" classname="com.dotmarketing.business.DeterministicIdentifierAPITest" time="0.003"/>
  <testcase name="Test_Generate_Content_Type_Identifier[1: ContentTypeTestCase{contentType=SimpleContentType{name=testName1689701021376, id=142eae6e-9306-4cc4-90b2-d2c6ae64a234, description=testDescription1689701021376, defaultType=false, fixed=false, iDate=Tue Jul 18 17:23:41 UTC 2023, system=false, versionable=true, multilingualable=false, variable=testVarname1689701021376, owner=system, modDate=Tue Jul 18 17:23:42 UTC 2023, host=48190c8c-42c4-46af-8d1a-0cd5db894797, siteName=demo.dotcms.com, icon=event_note, sortOrder=0, folder=SYSTEM_FOLDER, folderPath=/, requiredFields=[], markedForDeletion=false}, expectedName='testVarname1689701021376', expectedType='CONTENT'}]" classname="com.dotmarketing.business.DeterministicIdentifierAPITest" time="0.003"/>
  <system-out><![CDATA[]]></system-out>
  <system-err><![CDATA[]]></system-err>
</testsuite>
