<?xml version="1.0" encoding="UTF-8"?>
<testsuite name="com.dotcms.contenttype.test.ContentResourceTest" tests="52" skipped="0" failures="0" errors="0" timestamp="2023-06-23T17:39:41" hostname="fv-az592-477" time="142.732">
  <properties/>
  <testcase name="testGetContentShouldReturnIconDetails" classname="com.dotcms.contenttype.test.ContentResourceTest" time="1.522"/>
  <testcase name="Test_Save_Action_Set_Words_To_Required_NumericField_Issue_15340" classname="com.dotcms.contenttype.test.ContentResourceTest" time="0.803"/>
  <testcase name="test_getContent_includeGrandChildCategory_success" classname="com.dotcms.contenttype.test.ContentResourceTest" time="1.231"/>
  <testcase name="testGetContentWithRelatedParameter[0: com.dotcms.contenttype.test.ContentResourceTest$PullRelatedTestCase@2208077e]" classname="com.dotcms.contenttype.test.ContentResourceTest" time="2.513"/>
  <testcase name="testGetContentWithRelatedParameter[1: com.dotcms.contenttype.test.ContentResourceTest$PullRelatedTestCase@32588971]" classname="com.dotcms.contenttype.test.ContentResourceTest" time="3.6"/>
  <testcase name="testGetContentWithRelatedParameter[2: com.dotcms.contenttype.test.ContentResourceTest$PullRelatedTestCase@55b7cf92]" classname="com.dotcms.contenttype.test.ContentResourceTest" time="3.802"/>
  <testcase name="testGetContentWithRelatedParameter[3: com.dotcms.contenttype.test.ContentResourceTest$PullRelatedTestCase@3f38508e]" classname="com.dotcms.contenttype.test.ContentResourceTest" time="3.628"/>
  <testcase name="testGetContentWithRelatedParameter[4: com.dotcms.contenttype.test.ContentResourceTest$PullRelatedTestCase@5d6993e0]" classname="com.dotcms.contenttype.test.ContentResourceTest" time="3.555"/>
  <testcase name="test_getContent_SelfRelatedWith3LevelsOfDepth_shouldReturnRelationships" classname="com.dotcms.contenttype.test.ContentResourceTest" time="1.265"/>
  <testcase name="Test_Save_Action_Send_Fields_SubSet_Issue_15340" classname="com.dotcms.contenttype.test.ContentResourceTest" time="2.689"/>
  <testcase name="test_getContent_shouldReturnRelationships[0: com.dotcms.contenttype.test.ContentResourceTest$TestCase@2b8c8a3d]" classname="com.dotcms.contenttype.test.ContentResourceTest" time="3.006"/>
  <testcase name="test_getContent_shouldReturnRelationships[1: com.dotcms.contenttype.test.ContentResourceTest$TestCase@40ac0b81]" classname="com.dotcms.contenttype.test.ContentResourceTest" time="2.883"/>
  <testcase name="test_getContent_shouldReturnRelationships[2: com.dotcms.contenttype.test.ContentResourceTest$TestCase@3ded9f3a]" classname="com.dotcms.contenttype.test.ContentResourceTest" time="2.985"/>
  <testcase name="test_getContent_shouldReturnRelationships[3: com.dotcms.contenttype.test.ContentResourceTest$TestCase@2c0aedf4]" classname="com.dotcms.contenttype.test.ContentResourceTest" time="2.908"/>
  <testcase name="test_getContent_shouldReturnRelationships[4: com.dotcms.contenttype.test.ContentResourceTest$TestCase@6318472a]" classname="com.dotcms.contenttype.test.ContentResourceTest" time="2.894"/>
  <testcase name="test_getContent_shouldReturnRelationships[5: com.dotcms.contenttype.test.ContentResourceTest$TestCase@43c8b8cb]" classname="com.dotcms.contenttype.test.ContentResourceTest" time="2.805"/>
  <testcase name="test_getContent_shouldReturnRelationships[6: com.dotcms.contenttype.test.ContentResourceTest$TestCase@120debc7]" classname="com.dotcms.contenttype.test.ContentResourceTest" time="2.839"/>
  <testcase name="test_getContent_shouldReturnRelationships[7: com.dotcms.contenttype.test.ContentResourceTest$TestCase@6993d13f]" classname="com.dotcms.contenttype.test.ContentResourceTest" time="2.796"/>
  <testcase name="test_getContent_shouldReturnRelationships[8: com.dotcms.contenttype.test.ContentResourceTest$TestCase@4813ea30]" classname="com.dotcms.contenttype.test.ContentResourceTest" time="2.909"/>
  <testcase name="test_getContent_shouldReturnRelationships[9: com.dotcms.contenttype.test.ContentResourceTest$TestCase@4e1b1d19]" classname="com.dotcms.contenttype.test.ContentResourceTest" time="3.042"/>
  <testcase name="test_getContent_shouldReturnRelationships[10: com.dotcms.contenttype.test.ContentResourceTest$TestCase@33b584ce]" classname="com.dotcms.contenttype.test.ContentResourceTest" time="2.856"/>
  <testcase name="test_getContent_shouldReturnRelationships[11: com.dotcms.contenttype.test.ContentResourceTest$TestCase@4458b1ae]" classname="com.dotcms.contenttype.test.ContentResourceTest" time="2.816"/>
  <testcase name="test_getContent_shouldReturnRelationships[12: com.dotcms.contenttype.test.ContentResourceTest$TestCase@134d817f]" classname="com.dotcms.contenttype.test.ContentResourceTest" time="2.911"/>
  <testcase name="test_getContent_shouldReturnRelationships[13: com.dotcms.contenttype.test.ContentResourceTest$TestCase@5a8b5da]" classname="com.dotcms.contenttype.test.ContentResourceTest" time="2.815"/>
  <testcase name="test_getContent_shouldReturnRelationships[14: com.dotcms.contenttype.test.ContentResourceTest$TestCase@1aa4c255]" classname="com.dotcms.contenttype.test.ContentResourceTest" time="2.803"/>
  <testcase name="test_getContent_shouldReturnRelationships[15: com.dotcms.contenttype.test.ContentResourceTest$TestCase@1b70d56e]" classname="com.dotcms.contenttype.test.ContentResourceTest" time="3.7"/>
  <testcase name="test_getContent_shouldReturnRelationships[16: com.dotcms.contenttype.test.ContentResourceTest$TestCase@64c9e906]" classname="com.dotcms.contenttype.test.ContentResourceTest" time="3.676"/>
  <testcase name="test_getContent_shouldReturnRelationships[17: com.dotcms.contenttype.test.ContentResourceTest$TestCase@240f9620]" classname="com.dotcms.contenttype.test.ContentResourceTest" time="3.038"/>
  <testcase name="test_getContent_shouldReturnRelationships[18: com.dotcms.contenttype.test.ContentResourceTest$TestCase@18854e9e]" classname="com.dotcms.contenttype.test.ContentResourceTest" time="3.12"/>
  <testcase name="test_getContent_shouldReturnRelationships[19: com.dotcms.contenttype.test.ContentResourceTest$TestCase@5c33345]" classname="com.dotcms.contenttype.test.ContentResourceTest" time="3.064"/>
  <testcase name="test_getContent_shouldReturnRelationships[20: com.dotcms.contenttype.test.ContentResourceTest$TestCase@2ee97b22]" classname="com.dotcms.contenttype.test.ContentResourceTest" time="3.181"/>
  <testcase name="test_getContent_shouldReturnRelationships[21: com.dotcms.contenttype.test.ContentResourceTest$TestCase@760f5649]" classname="com.dotcms.contenttype.test.ContentResourceTest" time="3.136"/>
  <testcase name="test_getContent_shouldReturnRelationships[22: com.dotcms.contenttype.test.ContentResourceTest$TestCase@44cc17a8]" classname="com.dotcms.contenttype.test.ContentResourceTest" time="2.91"/>
  <testcase name="test_getContent_shouldReturnRelationships[23: com.dotcms.contenttype.test.ContentResourceTest$TestCase@58095d6f]" classname="com.dotcms.contenttype.test.ContentResourceTest" time="3.07"/>
  <testcase name="test_getContent_shouldReturnRelationships[24: com.dotcms.contenttype.test.ContentResourceTest$TestCase@3d5c1d27]" classname="com.dotcms.contenttype.test.ContentResourceTest" time="3.016"/>
  <testcase name="test_getContent_shouldReturnRelationships[25: com.dotcms.contenttype.test.ContentResourceTest$TestCase@31eda9db]" classname="com.dotcms.contenttype.test.ContentResourceTest" time="3.376"/>
  <testcase name="test_getContent_shouldReturnRelationships[26: com.dotcms.contenttype.test.ContentResourceTest$TestCase@15b89919]" classname="com.dotcms.contenttype.test.ContentResourceTest" time="3.188"/>
  <testcase name="test_getContent_shouldReturnRelationships[27: com.dotcms.contenttype.test.ContentResourceTest$TestCase@7c84ce4]" classname="com.dotcms.contenttype.test.ContentResourceTest" time="2.897"/>
  <testcase name="test_getContent_shouldReturnRelationships[28: com.dotcms.contenttype.test.ContentResourceTest$TestCase@5a20dc1f]" classname="com.dotcms.contenttype.test.ContentResourceTest" time="2.914"/>
  <testcase name="test_getContent_shouldReturnRelationships[29: com.dotcms.contenttype.test.ContentResourceTest$TestCase@65f05f1]" classname="com.dotcms.contenttype.test.ContentResourceTest" time="2.864"/>
  <testcase name="test_getContent_shouldReturnRelationships[30: com.dotcms.contenttype.test.ContentResourceTest$TestCase@577e3472]" classname="com.dotcms.contenttype.test.ContentResourceTest" time="2.925"/>
  <testcase name="test_getContent_shouldReturnRelationships[31: com.dotcms.contenttype.test.ContentResourceTest$TestCase@1294ed15]" classname="com.dotcms.contenttype.test.ContentResourceTest" time="2.884"/>
  <testcase name="test_getContent_shouldReturnRelationships[32: com.dotcms.contenttype.test.ContentResourceTest$TestCase@4e081b7c]" classname="com.dotcms.contenttype.test.ContentResourceTest" time="3.827"/>
  <testcase name="test_getContent_shouldReturnRelationships[33: com.dotcms.contenttype.test.ContentResourceTest$TestCase@3006ffc1]" classname="com.dotcms.contenttype.test.ContentResourceTest" time="3.74"/>
  <testcase name="testSinglePOST_InvalidParamsShouldReturn400[0: ({\n    &quot;stInode&quot; : &quot;InvalidValue&quot;,\n    &quot;numeric&quot; : &quot;0&quot;,\n    &quot;image&quot; : &quot;whatever&quot;\n}, Bad Request)]" classname="com.dotcms.contenttype.test.ContentResourceTest" time="0.809"/>
  <testcase name="testSinglePOST_InvalidParamsShouldReturn400[1: ({\n    &quot;numeric&quot; : &quot;0&quot;,\n    &quot;image&quot; : &quot;whatever&quot;\n}, Bad Request)]" classname="com.dotcms.contenttype.test.ContentResourceTest" time="0.803"/>
  <testcase name="Test_Save_Action_Set_Null_To_Required_NumericField_Issue_15340" classname="com.dotcms.contenttype.test.ContentResourceTest" time="0.829"/>
  <testcase name="Test_Save_Action_Remove_Image_Then_Verify_Fields_Were_Cleared_Issue_15340" classname="com.dotcms.contenttype.test.ContentResourceTest" time="3.685"/>
  <testcase name="test_getContentWithMultipleSelfRelated_shouldReturnRelationships[0: com.dotcms.contenttype.test.ContentResourceTest$PullSelfRelatedTestCase@23343b98]" classname="com.dotcms.contenttype.test.ContentResourceTest" time="1.624"/>
  <testcase name="test_getContentWithMultipleSelfRelated_shouldReturnRelationships[1: com.dotcms.contenttype.test.ContentResourceTest$PullSelfRelatedTestCase@2d690779]" classname="com.dotcms.contenttype.test.ContentResourceTest" time="1.716"/>
  <testcase name="testGetContentWithAllCategoriesInfo[0: json]" classname="com.dotcms.contenttype.test.ContentResourceTest" time="2.434"/>
  <testcase name="testGetContentWithAllCategoriesInfo[1: xml]" classname="com.dotcms.contenttype.test.ContentResourceTest" time="2.424"/>
  <system-out><![CDATA[











]]></system-out>
  <system-err><![CDATA[]]></system-err>
</testsuite>
