<?xml version="1.0" encoding="UTF-8"?>
<testsuite name="com.dotcms.rendering.velocity.viewtools.navigation.NavToolTest" tests="19" skipped="0" failures="0" errors="0" timestamp="2023-07-10T16:07:42" hostname="fv-az450-691" time="37.347">
  <properties/>
  <testcase name="Test_Render_Menu_Items_On_Edit_Mode_Page_Mode[0: EDIT_MODE]" classname="com.dotcms.rendering.velocity.viewtools.navigation.NavToolTest" time="2.53"/>
  <testcase name="Test_Render_Menu_Items_On_Edit_Mode_Page_Mode[1: PREVIEW_MODE]" classname="com.dotcms.rendering.velocity.viewtools.navigation.NavToolTest" time="1.855"/>
  <testcase name="Test_Render_Menu_Items_On_Live_And_Admin_Page_Mode[0: LIVE]" classname="com.dotcms.rendering.velocity.viewtools.navigation.NavToolTest" time="1.945"/>
  <testcase name="Test_Render_Menu_Items_On_Live_And_Admin_Page_Mode[1: ADMIN_MODE]" classname="com.dotcms.rendering.velocity.viewtools.navigation.NavToolTest" time="3.1"/>
  <testcase name="testFolderDefaultPageToLanguageFalse" classname="com.dotcms.rendering.velocity.viewtools.navigation.NavToolTest" time="1.919"/>
  <testcase name="testFolderDefaultPageToLanguageTrue" classname="com.dotcms.rendering.velocity.viewtools.navigation.NavToolTest" time="3.312"/>
  <testcase name="testNavTool_getNav_SystemFolder_ShouldNotChangeSystemFolderHostId" classname="com.dotcms.rendering.velocity.viewtools.navigation.NavToolTest" time="2.676"/>
  <testcase name="testNavTool_rootLevel_returnItemsOnlyForSite" classname="com.dotcms.rendering.velocity.viewtools.navigation.NavToolTest" time="6.123"/>
  <testcase name="testRootLevelNavigation_WhenOneFileAssetIsShownOnMenu" classname="com.dotcms.rendering.velocity.viewtools.navigation.NavToolTest" time="7.079"/>
  <testcase name="testShouldAddFileInAnotherLang[0: com.dotcms.rendering.velocity.viewtools.navigation.NavToolTest$NavToolTestCase@359eb0f4]" classname="com.dotcms.rendering.velocity.viewtools.navigation.NavToolTest" time="0.0"/>
  <testcase name="testShouldAddFileInAnotherLang[1: com.dotcms.rendering.velocity.viewtools.navigation.NavToolTest$NavToolTestCase@62361532]" classname="com.dotcms.rendering.velocity.viewtools.navigation.NavToolTest" time="0.001"/>
  <testcase name="testShouldAddFileInAnotherLang[2: com.dotcms.rendering.velocity.viewtools.navigation.NavToolTest$NavToolTestCase@660e7ea8]" classname="com.dotcms.rendering.velocity.viewtools.navigation.NavToolTest" time="0.001"/>
  <testcase name="testShouldAddFileInAnotherLang[3: com.dotcms.rendering.velocity.viewtools.navigation.NavToolTest$NavToolTestCase@27f6b178]" classname="com.dotcms.rendering.velocity.viewtools.navigation.NavToolTest" time="0.0"/>
  <testcase name="testShouldAddFileInAnotherLang[4: com.dotcms.rendering.velocity.viewtools.navigation.NavToolTest$NavToolTestCase@672fac62]" classname="com.dotcms.rendering.velocity.viewtools.navigation.NavToolTest" time="0.001"/>
  <testcase name="test_getNavLevelAsParameter" classname="com.dotcms.rendering.velocity.viewtools.navigation.NavToolTest" time="2.838"/>
  <testcase name="test_getNavWithoutParameters" classname="com.dotcms.rendering.velocity.viewtools.navigation.NavToolTest" time="1.79"/>
  <testcase name="test_getNav_GivenLinkItems_ShouldOnlyShowLinksEditMode" classname="com.dotcms.rendering.velocity.viewtools.navigation.NavToolTest" time="0.542"/>
  <testcase name="test_getNav_GivenLinkItems_ShouldOnlyShowLiveLinksLiveMode" classname="com.dotcms.rendering.velocity.viewtools.navigation.NavToolTest" time="0.986"/>
  <testcase name="test_getNav_multilingualPage_shouldOnlyReturnOne" classname="com.dotcms.rendering.velocity.viewtools.navigation.NavToolTest" time="0.647"/>
  <system-out><![CDATA[]]></system-out>
  <system-err><![CDATA[]]></system-err>
</testsuite>
