<?xml version="1.0" encoding="UTF-8"?>
<testsuite name="com.dotcms.security.apps.SecretsStoreKeyStoreImplTest" tests="11" skipped="0" failures="0" errors="0" timestamp="2023-07-07T17:51:41" hostname="fv-az617-548" time="0.324">
  <properties/>
  <testcase name="Test_Encryption" classname="com.dotcms.security.apps.SecretsStoreKeyStoreImplTest" time="0.016"/>
  <testcase name="Test_Empty_Value" classname="com.dotcms.security.apps.SecretsStoreKeyStoreImplTest" time="0.009"/>
  <testcase name="Test_Storing_A_Long_Key_Name" classname="com.dotcms.security.apps.SecretsStoreKeyStoreImplTest" time="0.038"/>
  <testcase name="Test_404_Cache" classname="com.dotcms.security.apps.SecretsStoreKeyStoreImplTest" time="0.027"/>
  <testcase name="Test_Storing_A_Value_Key_Name_Override" classname="com.dotcms.security.apps.SecretsStoreKeyStoreImplTest" time="0.047"/>
  <testcase name="Test_Storing_a_Value" classname="com.dotcms.security.apps.SecretsStoreKeyStoreImplTest" time="0.023"/>
  <testcase name="Test_Secrets_Singleton" classname="com.dotcms.security.apps.SecretsStoreKeyStoreImplTest" time="0.0"/>
  <testcase name="Test_Recovery_On_Load_Failure" classname="com.dotcms.security.apps.SecretsStoreKeyStoreImplTest" time="0.036"/>
  <testcase name="Test_Storing_A_Long_Value" classname="com.dotcms.security.apps.SecretsStoreKeyStoreImplTest" time="0.029"/>
  <testcase name="Test_Value_List" classname="com.dotcms.security.apps.SecretsStoreKeyStoreImplTest" time="0.065"/>
  <testcase name="Test_Deleting_A_Value" classname="com.dotcms.security.apps.SecretsStoreKeyStoreImplTest" time="0.034"/>
  <system-out><![CDATA[]]></system-out>
  <system-err><![CDATA[]]></system-err>
</testsuite>
