<?xml version="1.0" encoding="UTF-8"?>
<testsuite name="com.dotmarketing.portlets.structure.model.ContentletRelationshipsTest" tests="7" skipped="0" failures="0" errors="0" timestamp="2023-06-24T00:04:29" hostname="fv-az407-493" time="8.861">
  <properties/>
  <testcase name="testDoesAllowOnlyOne[0: com.dotmarketing.portlets.structure.model.ContentletRelationshipsTest$CardinalityTestCase@471de283]" classname="com.dotmarketing.portlets.structure.model.ContentletRelationshipsTest" time="0.548"/>
  <testcase name="testDoesAllowOnlyOne[1: com.dotmarketing.portlets.structure.model.ContentletRelationshipsTest$CardinalityTestCase@2c5979ec]" classname="com.dotmarketing.portlets.structure.model.ContentletRelationshipsTest" time="0.41"/>
  <testcase name="testDoesAllowOnlyOne[2: com.dotmarketing.portlets.structure.model.ContentletRelationshipsTest$CardinalityTestCase@2e3a180]" classname="com.dotmarketing.portlets.structure.model.ContentletRelationshipsTest" time="0.442"/>
  <testcase name="testGetRelationshipRecords[0: com.dotmarketing.portlets.structure.model.ContentletRelationshipsTest$TestCase@1218eeda]" classname="com.dotmarketing.portlets.structure.model.ContentletRelationshipsTest" time="1.903"/>
  <testcase name="testGetRelationshipRecords[1: com.dotmarketing.portlets.structure.model.ContentletRelationshipsTest$TestCase@3ab90fe0]" classname="com.dotmarketing.portlets.structure.model.ContentletRelationshipsTest" time="1.912"/>
  <testcase name="testGetRelationshipRecords[2: com.dotmarketing.portlets.structure.model.ContentletRelationshipsTest$TestCase@5d488742]" classname="com.dotmarketing.portlets.structure.model.ContentletRelationshipsTest" time="1.751"/>
  <testcase name="testGetRelationshipRecords[3: com.dotmarketing.portlets.structure.model.ContentletRelationshipsTest$TestCase@4238c2ca]" classname="com.dotmarketing.portlets.structure.model.ContentletRelationshipsTest" time="1.895"/>
  <system-out><![CDATA[]]></system-out>
  <system-err><![CDATA[]]></system-err>
</testsuite>
