<?xml version="1.0" encoding="UTF-8"?>
<testsuite name="com.dotcms.publishing.PublisherAPIImplTest" tests="24" skipped="0" failures="0" errors="0" timestamp="2023-07-18T03:16:45" hostname="fv-az1236-699" time="5.61">
  <properties/>
  <testcase name="AddAllCategoryIntoBundle" classname="com.dotcms.publishing.PublisherAPIImplTest" time="0.179"/>
  <testcase name="testFilterDescriptors" classname="com.dotcms.publishing.PublisherAPIImplTest" time="0.1"/>
  <testcase name="sendPushPublishBundle[0: com.dotcms.publishing.PublisherAPIImplTest$TestAsset@16b0f7e5]" classname="com.dotcms.publishing.PublisherAPIImplTest" time="1.903"/>
  <testcase name="sendPushPublishBundle[1: com.dotcms.publishing.PublisherAPIImplTest$TestAsset@6adc9b30]" classname="com.dotcms.publishing.PublisherAPIImplTest" time="0.231"/>
  <testcase name="sendPushPublishBundle[2: com.dotcms.publishing.PublisherAPIImplTest$TestAsset@11b62e40]" classname="com.dotcms.publishing.PublisherAPIImplTest" time="0.152"/>
  <testcase name="sendPushPublishBundle[3: com.dotcms.publishing.PublisherAPIImplTest$TestAsset@380f80c8]" classname="com.dotcms.publishing.PublisherAPIImplTest" time="0.411"/>
  <testcase name="sendPushPublishBundle[4: com.dotcms.publishing.PublisherAPIImplTest$TestAsset@291147f3]" classname="com.dotcms.publishing.PublisherAPIImplTest" time="0.433"/>
  <testcase name="sendPushPublishBundle[5: com.dotcms.publishing.PublisherAPIImplTest$TestAsset@279a4cfa]" classname="com.dotcms.publishing.PublisherAPIImplTest" time="0.248"/>
  <testcase name="sendPushPublishBundle[6: com.dotcms.publishing.PublisherAPIImplTest$TestAsset@77ea267]" classname="com.dotcms.publishing.PublisherAPIImplTest" time="0.122"/>
  <testcase name="sendPushPublishBundle[7: com.dotcms.publishing.PublisherAPIImplTest$TestAsset@43b36b80]" classname="com.dotcms.publishing.PublisherAPIImplTest" time="0.143"/>
  <testcase name="sendPushPublishBundle[8: com.dotcms.publishing.PublisherAPIImplTest$TestAsset@60be82da]" classname="com.dotcms.publishing.PublisherAPIImplTest" time="0.116"/>
  <testcase name="sendPushPublishBundle[9: com.dotcms.publishing.PublisherAPIImplTest$TestAsset@15b6ffab]" classname="com.dotcms.publishing.PublisherAPIImplTest" time="0.183"/>
  <testcase name="sendPushPublishBundle[10: com.dotcms.publishing.PublisherAPIImplTest$TestAsset@67290ae0]" classname="com.dotcms.publishing.PublisherAPIImplTest" time="0.074"/>
  <testcase name="generateBundle[0: com.dotcms.publishing.PublisherAPIImplTest$TestAsset@16b0f7e5]" classname="com.dotcms.publishing.PublisherAPIImplTest" time="0.088"/>
  <testcase name="generateBundle[1: com.dotcms.publishing.PublisherAPIImplTest$TestAsset@6adc9b30]" classname="com.dotcms.publishing.PublisherAPIImplTest" time="0.139"/>
  <testcase name="generateBundle[2: com.dotcms.publishing.PublisherAPIImplTest$TestAsset@11b62e40]" classname="com.dotcms.publishing.PublisherAPIImplTest" time="0.08"/>
  <testcase name="generateBundle[3: com.dotcms.publishing.PublisherAPIImplTest$TestAsset@380f80c8]" classname="com.dotcms.publishing.PublisherAPIImplTest" time="0.203"/>
  <testcase name="generateBundle[4: com.dotcms.publishing.PublisherAPIImplTest$TestAsset@291147f3]" classname="com.dotcms.publishing.PublisherAPIImplTest" time="0.288"/>
  <testcase name="generateBundle[5: com.dotcms.publishing.PublisherAPIImplTest$TestAsset@279a4cfa]" classname="com.dotcms.publishing.PublisherAPIImplTest" time="0.133"/>
  <testcase name="generateBundle[6: com.dotcms.publishing.PublisherAPIImplTest$TestAsset@77ea267]" classname="com.dotcms.publishing.PublisherAPIImplTest" time="0.081"/>
  <testcase name="generateBundle[7: com.dotcms.publishing.PublisherAPIImplTest$TestAsset@43b36b80]" classname="com.dotcms.publishing.PublisherAPIImplTest" time="0.088"/>
  <testcase name="generateBundle[8: com.dotcms.publishing.PublisherAPIImplTest$TestAsset@60be82da]" classname="com.dotcms.publishing.PublisherAPIImplTest" time="0.079"/>
  <testcase name="generateBundle[9: com.dotcms.publishing.PublisherAPIImplTest$TestAsset@15b6ffab]" classname="com.dotcms.publishing.PublisherAPIImplTest" time="0.109"/>
  <testcase name="generateBundle[10: com.dotcms.publishing.PublisherAPIImplTest$TestAsset@67290ae0]" classname="com.dotcms.publishing.PublisherAPIImplTest" time="0.019"/>
  <system-out><![CDATA[









































































































































































]]></system-out>
  <system-err><![CDATA[]]></system-err>
</testsuite>
