<?xml version="1.0" encoding="UTF-8"?>
<testsuite name="com.dotcms.experiments.business.IndexRegexUrlPatterStrategyIntegrationTest" tests="5" skipped="0" failures="0" errors="0" timestamp="2023-07-18T23:11:16" hostname="fv-az247-820" time="9.993">
  <properties/>
  <testcase name="httpsRealRootIndexPageNotLocalhost" classname="com.dotcms.experiments.business.IndexRegexUrlPatterStrategyIntegrationTest" time="1.856"/>
  <testcase name="notIndexPage" classname="com.dotcms.experiments.business.IndexRegexUrlPatterStrategyIntegrationTest" time="1.965"/>
  <testcase name="realIndexPage" classname="com.dotcms.experiments.business.IndexRegexUrlPatterStrategyIntegrationTest" time="2.297"/>
  <testcase name="httpsRealRootIndexPage" classname="com.dotcms.experiments.business.IndexRegexUrlPatterStrategyIntegrationTest" time="1.778"/>
  <testcase name="realIndexPageNotLocalhost" classname="com.dotcms.experiments.business.IndexRegexUrlPatterStrategyIntegrationTest" time="2.097"/>
  <system-out><![CDATA[]]></system-out>
  <system-err><![CDATA[]]></system-err>
</testsuite>
