<?xml version="1.0" encoding="UTF-8"?>
<testsuite name="com.dotmarketing.servlets.ShortyServletAndTitleImageTest" tests="2" skipped="0" failures="0" errors="0" timestamp="2023-07-19T18:16:45" hostname="fv-az189-825" time="2.877">
  <properties/>
  <testcase name="test_Contentlet_getTitleImage_Returns_Proper_Field" classname="com.dotmarketing.servlets.ShortyServletAndTitleImageTest" time="1.242"/>
  <testcase name="test_ShortyServlet_Returns_Proper_Field" classname="com.dotmarketing.servlets.ShortyServletAndTitleImageTest" time="1.635"/>
  <system-out><![CDATA[]]></system-out>
  <system-err><![CDATA[]]></system-err>
</testsuite>
