<?xml version="1.0" encoding="UTF-8"?>
<testsuite name="com.dotcms.rest.elasticsearch.ESContentResourcePortletTest" tests="8" skipped="0" failures="0" errors="0" timestamp="2023-06-23T21:37:48" hostname="fv-az551-628" time="7.515">
  <properties/>
  <testcase name="test_search_includeGrandChildCategory_success" classname="com.dotcms.rest.elasticsearch.ESContentResourcePortletTest" time="1.307"/>
  <testcase name="testSearch[0: com.dotcms.rest.elasticsearch.ESContentResourcePortletTest$TestCase@35f78877]" classname="com.dotcms.rest.elasticsearch.ESContentResourcePortletTest" time="0.87"/>
  <testcase name="testSearch[1: com.dotcms.rest.elasticsearch.ESContentResourcePortletTest$TestCase@457c1fa4]" classname="com.dotcms.rest.elasticsearch.ESContentResourcePortletTest" time="1.251"/>
  <testcase name="testSearch[2: com.dotcms.rest.elasticsearch.ESContentResourcePortletTest$TestCase@3e9dafb5]" classname="com.dotcms.rest.elasticsearch.ESContentResourcePortletTest" time="0.851"/>
  <testcase name="testSearch[3: com.dotcms.rest.elasticsearch.ESContentResourcePortletTest$TestCase@a20d140]" classname="com.dotcms.rest.elasticsearch.ESContentResourcePortletTest" time="0.26"/>
  <testcase name="testSearch[4: com.dotcms.rest.elasticsearch.ESContentResourcePortletTest$TestCase@39d4443]" classname="com.dotcms.rest.elasticsearch.ESContentResourcePortletTest" time="1.291"/>
  <testcase name="testSearch[5: com.dotcms.rest.elasticsearch.ESContentResourcePortletTest$TestCase@2639eaab]" classname="com.dotcms.rest.elasticsearch.ESContentResourcePortletTest" time="0.853"/>
  <testcase name="testSearch[6: com.dotcms.rest.elasticsearch.ESContentResourcePortletTest$TestCase@758a19de]" classname="com.dotcms.rest.elasticsearch.ESContentResourcePortletTest" time="0.831"/>
  <system-out><![CDATA[]]></system-out>
  <system-err><![CDATA[]]></system-err>
</testsuite>
