<?xml version="1.0" encoding="UTF-8"?>
<testsuite name="com.dotmarketing.factories.PublishFactoryTest" tests="5" skipped="0" failures="0" errors="0" timestamp="2023-07-13T17:23:58" hostname="fv-az262-63" time="23.169">
  <properties/>
  <testcase name="test_publishHTMLPage_should_remove_cached_page" classname="com.dotmarketing.factories.PublishFactoryTest" time="7.666"/>
  <testcase name="test_publishHTMLPage_pageUsingFileTemplate_success" classname="com.dotmarketing.factories.PublishFactoryTest" time="3.065"/>
  <testcase name="testPublishHTMLPageWithContentWithFuturePublishDate" classname="com.dotmarketing.factories.PublishFactoryTest" time="4.2"/>
  <testcase name="testPublishHTMLPageWithExperiredContent" classname="com.dotmarketing.factories.PublishFactoryTest" time="4.069"/>
  <testcase name="testPublishHTMLPageWithExperiredAndFutureContent" classname="com.dotmarketing.factories.PublishFactoryTest" time="4.169"/>
  <system-out><![CDATA[]]></system-out>
  <system-err><![CDATA[]]></system-err>
</testsuite>
