<?xml version="1.0" encoding="UTF-8"?>
<testsuite name="com.dotmarketing.portlets.structure.model.ContentletRelationshipsTest" tests="7" skipped="0" failures="0" errors="0" timestamp="2023-07-10T23:24:41" hostname="fv-az339-476" time="8.834">
  <properties/>
  <testcase name="testDoesAllowOnlyOne[0: com.dotmarketing.portlets.structure.model.ContentletRelationshipsTest$CardinalityTestCase@3a670645]" classname="com.dotmarketing.portlets.structure.model.ContentletRelationshipsTest" time="0.455"/>
  <testcase name="testDoesAllowOnlyOne[1: com.dotmarketing.portlets.structure.model.ContentletRelationshipsTest$CardinalityTestCase@6246428d]" classname="com.dotmarketing.portlets.structure.model.ContentletRelationshipsTest" time="0.429"/>
  <testcase name="testDoesAllowOnlyOne[2: com.dotmarketing.portlets.structure.model.ContentletRelationshipsTest$CardinalityTestCase@451c9380]" classname="com.dotmarketing.portlets.structure.model.ContentletRelationshipsTest" time="0.428"/>
  <testcase name="testGetRelationshipRecords[0: com.dotmarketing.portlets.structure.model.ContentletRelationshipsTest$TestCase@7e74e60f]" classname="com.dotmarketing.portlets.structure.model.ContentletRelationshipsTest" time="2.027"/>
  <testcase name="testGetRelationshipRecords[1: com.dotmarketing.portlets.structure.model.ContentletRelationshipsTest$TestCase@7c2382aa]" classname="com.dotmarketing.portlets.structure.model.ContentletRelationshipsTest" time="1.908"/>
  <testcase name="testGetRelationshipRecords[2: com.dotmarketing.portlets.structure.model.ContentletRelationshipsTest$TestCase@2c21e589]" classname="com.dotmarketing.portlets.structure.model.ContentletRelationshipsTest" time="1.759"/>
  <testcase name="testGetRelationshipRecords[3: com.dotmarketing.portlets.structure.model.ContentletRelationshipsTest$TestCase@d80e31e]" classname="com.dotmarketing.portlets.structure.model.ContentletRelationshipsTest" time="1.827"/>
  <system-out><![CDATA[]]></system-out>
  <system-err><![CDATA[]]></system-err>
</testsuite>
