<?xml version="1.0" encoding="UTF-8"?>
<testsuite name="com.dotcms.rest.api.v3.contenttype.MoveFieldFormTest" tests="1" skipped="0" failures="0" errors="0" timestamp="2023-07-17T21:00:02" hostname="fv-az561-617" time="0.019">
  <properties/>
  <testcase name="testGetRows_givenFieldsinJSON_ShouldDeserializeRespectingOrderAndDatatypes" classname="com.dotcms.rest.api.v3.contenttype.MoveFieldFormTest" time="0.019"/>
  <system-out><![CDATA[]]></system-out>
  <system-err><![CDATA[]]></system-err>
</testsuite>
