<?xml version="1.0" encoding="UTF-8"?>
<testsuite name="com.dotcms.rendering.velocity.viewtools.DotTemplateToolTest" tests="6" skipped="0" failures="0" errors="0" timestamp="2023-07-21T19:23:12" hostname="fv-az449-560" time="4.136">
  <properties/>
  <testcase name="whenHostNameHasComma" classname="com.dotcms.rendering.velocity.viewtools.DotTemplateToolTest" time="0.011"/>
  <testcase name="whenGetMaxUUIDToDrawedTemplate" classname="com.dotcms.rendering.velocity.viewtools.DotTemplateToolTest" time="0.048"/>
  <testcase name="whenGetMaxUUIDToAdvancedTemplate" classname="com.dotcms.rendering.velocity.viewtools.DotTemplateToolTest" time="0.029"/>
  <testcase name="themeNull" classname="com.dotcms.rendering.velocity.viewtools.DotTemplateToolTest" time="0.97"/>
  <testcase name="theme" classname="com.dotcms.rendering.velocity.viewtools.DotTemplateToolTest" time="2.0"/>
  <testcase name="themeDoesNotExists" classname="com.dotcms.rendering.velocity.viewtools.DotTemplateToolTest" time="1.078"/>
  <system-out><![CDATA[
]]></system-out>
  <system-err><![CDATA[]]></system-err>
</testsuite>
