<?xml version="1.0" encoding="UTF-8"?>
<testsuite name="com.dotcms.rendering.velocity.viewtools.navigation.NavToolCacheTest" tests="2" skipped="0" failures="0" errors="0" timestamp="2023-06-29T23:33:32" hostname="fv-az986-883" time="3.16">
  <properties/>
  <testcase name="test_navtool_cache_does_not_return_hydrated_navresults" classname="com.dotcms.rendering.velocity.viewtools.navigation.NavToolCacheTest" time="3.149"/>
  <testcase name="test_NavToolCache_cannot_take_a_hydrated_result" classname="com.dotcms.rendering.velocity.viewtools.navigation.NavToolCacheTest" time="0.011"/>
  <system-out><![CDATA[






]]></system-out>
  <system-err><![CDATA[]]></system-err>
</testsuite>
