<?xml version="1.0" encoding="UTF-8"?>
<testsuite name="com.dotcms.rest.api.v1.vtl.VTLResourceIntegrationTest" tests="6" skipped="0" failures="0" errors="0" timestamp="2023-06-29T18:14:51" hostname="fv-az417-420" time="12.24">
  <properties/>
  <testcase name="testGet[0: com.dotcms.rest.api.v1.vtl.VTLResourceTestCase@58d4ee31]" classname="com.dotcms.rest.api.v1.vtl.VTLResourceIntegrationTest" time="2.151"/>
  <testcase name="testGet[1: com.dotcms.rest.api.v1.vtl.VTLResourceTestCase@2d7c3b48]" classname="com.dotcms.rest.api.v1.vtl.VTLResourceIntegrationTest" time="1.948"/>
  <testcase name="testGet[2: com.dotcms.rest.api.v1.vtl.VTLResourceTestCase@449bc050]" classname="com.dotcms.rest.api.v1.vtl.VTLResourceIntegrationTest" time="2.059"/>
  <testcase name="testGet[3: com.dotcms.rest.api.v1.vtl.VTLResourceTestCase@7b74f343]" classname="com.dotcms.rest.api.v1.vtl.VTLResourceIntegrationTest" time="2.116"/>
  <testcase name="testGet[4: com.dotcms.rest.api.v1.vtl.VTLResourceTestCase@4ae3f7a]" classname="com.dotcms.rest.api.v1.vtl.VTLResourceIntegrationTest" time="1.89"/>
  <testcase name="testGet[5: com.dotcms.rest.api.v1.vtl.VTLResourceTestCase@48c4e2dc]" classname="com.dotcms.rest.api.v1.vtl.VTLResourceIntegrationTest" time="2.076"/>
  <system-out><![CDATA[]]></system-out>
  <system-err><![CDATA[]]></system-err>
</testsuite>
