<?xml version="1.0" encoding="UTF-8"?>
<testsuite name="com.dotmarketing.portlets.structure.model.ContentletRelationshipsTest" tests="7" skipped="0" failures="0" errors="0" timestamp="2023-07-18T18:41:41" hostname="fv-az803-421" time="10.49">
  <properties/>
  <testcase name="testDoesAllowOnlyOne[0: com.dotmarketing.portlets.structure.model.ContentletRelationshipsTest$CardinalityTestCase@55233620]" classname="com.dotmarketing.portlets.structure.model.ContentletRelationshipsTest" time="0.63"/>
  <testcase name="testDoesAllowOnlyOne[1: com.dotmarketing.portlets.structure.model.ContentletRelationshipsTest$CardinalityTestCase@5ffaff3a]" classname="com.dotmarketing.portlets.structure.model.ContentletRelationshipsTest" time="0.566"/>
  <testcase name="testDoesAllowOnlyOne[2: com.dotmarketing.portlets.structure.model.ContentletRelationshipsTest$CardinalityTestCase@1c0be8a6]" classname="com.dotmarketing.portlets.structure.model.ContentletRelationshipsTest" time="0.591"/>
  <testcase name="testGetRelationshipRecords[0: com.dotmarketing.portlets.structure.model.ContentletRelationshipsTest$TestCase@5814cf17]" classname="com.dotmarketing.portlets.structure.model.ContentletRelationshipsTest" time="2.261"/>
  <testcase name="testGetRelationshipRecords[1: com.dotmarketing.portlets.structure.model.ContentletRelationshipsTest$TestCase@14ca6003]" classname="com.dotmarketing.portlets.structure.model.ContentletRelationshipsTest" time="2.271"/>
  <testcase name="testGetRelationshipRecords[2: com.dotmarketing.portlets.structure.model.ContentletRelationshipsTest$TestCase@1cc14e8f]" classname="com.dotmarketing.portlets.structure.model.ContentletRelationshipsTest" time="2.059"/>
  <testcase name="testGetRelationshipRecords[3: com.dotmarketing.portlets.structure.model.ContentletRelationshipsTest$TestCase@5f4cdb69]" classname="com.dotmarketing.portlets.structure.model.ContentletRelationshipsTest" time="2.109"/>
  <system-out><![CDATA[]]></system-out>
  <system-err><![CDATA[]]></system-err>
</testsuite>
