<?xml version="1.0" encoding="UTF-8"?>
<testsuite name="com.dotmarketing.business.DeterministicIdentifierAPITest" tests="16" skipped="0" failures="0" errors="0" timestamp="2023-06-30T16:46:06" hostname="fv-az173-860" time="1.719">
  <properties/>
  <testcase name="Test_Category_Path_Seed_And_Id" classname="com.dotmarketing.business.DeterministicIdentifierAPITest" time="0.03"/>
  <testcase name="Test_Language_Deterministic_Id[0: LanguageTestCase{expectedSeed='Language:es:US', expectedHash=4913155, langCode='es', countryCode='US', country='United States'}]" classname="com.dotmarketing.business.DeterministicIdentifierAPITest" time="0.002"/>
  <testcase name="Test_Language_Deterministic_Id[1: LanguageTestCase{expectedSeed='Language:ep:', expectedHash=5292269, langCode='ep', countryCode='', country=''}]" classname="com.dotmarketing.business.DeterministicIdentifierAPITest" time="0.001"/>
  <testcase name="Test_Language_Deterministic_Id[2: LanguageTestCase{expectedSeed='Language:sg:SAG', expectedHash=4713118, langCode='sg', countryCode='SAG', country=''}]" classname="com.dotmarketing.business.DeterministicIdentifierAPITest" time="0.001"/>
  <testcase name="Test_Language_Deterministic_Id[3: LanguageTestCase{expectedSeed='Language:en:NZ', expectedHash=5382528, langCode='en', countryCode='NZ', country='New Zealand'}]" classname="com.dotmarketing.business.DeterministicIdentifierAPITest" time="0.002"/>
  <testcase name="Test_Category_None_Persisted_Category_Should_Return_Deterministic_Id" classname="com.dotmarketing.business.DeterministicIdentifierAPITest" time="0.002"/>
  <testcase name="Test_Asset_Generate_Deterministic_Id_Best_Effort[0: TestCase{versionable=my.host1688143157534.com, parent=System Host, expectedName='my.host1688143157534.com', expectedType='Host'}]" classname="com.dotmarketing.business.DeterministicIdentifierAPITest" time="0.004"/>
  <testcase name="Test_Asset_Generate_Deterministic_Id_Best_Effort[1: TestCase{versionable=com.dotmarketing.portlets.contentlet.model.Contentlet@4f8884f3[map={modDate=2023-06-30 16:39:18.161, fileName=file5845543892898518732.txt, title=file5845543892898518732.txt, inode=a63261f8-c580-4759-8fb1-66219baf16b8, __IS_NEW_CONTENT__=true, disabledWYSIWYG=[], host=003e39b6-c365-478a-be96-46ecb82ef574, stInode=33888b6f-7a8e-4069-b1b6-5c1aa9d0a48d, owner=system, identifier=62c2d6ef-b873-460c-bc33-056ba540bf5a, nullProperties=[wfExpireDate, wfPublishDate, wfActionAssign, wfActionId, wfActionComments, filterKey, whereToSend, wfNeverExpire, _path_to_move, timezoneId, iWantTo, wfPublishTime, wfExpireTime], languageId=1, fileAsset=/home/runner/work/core/custom/assets/a/6/a63261f8-c580-4759-8fb1-66219baf16b8/fileAsset/file5845543892898518732.txt, folder=92e05129-d1ec-47b6-8864-29ef64e220d0, __disable_workflow__=true, sortOrder=0, modUser=system},lowIndexPriority=false,variantId=DEFAULT], parent=com.dotmarketing.portlets.folders.model.Folder@3cabfcb8[identifier=92e05129-d1ec-47b6-8864-29ef64e220d0,name=testName1688143158154,sortOrder=0,showOnMenu=false,hostId=003e39b6-c365-478a-be96-46ecb82ef574,type=folder,title=testTitle1688143158154,filesMasks=,defaultFileType=33888b6f-7a8e-4069-b1b6-5c1aa9d0a48d,modDate=2023-06-30 16:39:18.157,owner=&lt;null&gt;,iDate=2023-06-30 16:39:18.157,inode=92e05129-d1ec-47b6-8864-29ef64e220d0,path=/testName1688143158154/], expectedName='file5845543892898518732.txt', expectedType='FileAsset'}]" classname="com.dotmarketing.business.DeterministicIdentifierAPITest" time="0.005"/>
  <testcase name="Test_Asset_Generate_Deterministic_Id_Best_Effort[2: TestCase{versionable=com.dotmarketing.portlets.templates.model.Template@7ec8421d, parent=my.host1688143157534.com, expectedName='testTitle1688143158260', expectedType='Template'}]" classname="com.dotmarketing.business.DeterministicIdentifierAPITest" time="0.003"/>
  <testcase name="Test_Asset_Generate_Deterministic_Id_Best_Effort[3: TestCase{versionable=com.dotmarketing.portlets.htmlpageasset.model.HTMLPageAsset@12e2a43[map={template=b5ccdf96-f973-4719-930c-35b0917d14dc, owner=system, identifier=5f67c598-6f2d-4572-a95a-bf12c58004b5, nullProperties=[wfExpireDate, wfPublishDate, wfActionAssign, wfActionId, wfActionComments, filterKey, whereToSend, wfNeverExpire, _path_to_move, timezoneId, iWantTo, wfPublishTime, wfExpireTime], modDate=2023-06-30 16:39:18.276, cachettl=0, _is_test_mode=true, languageId=1, title=test-page-title-1688143158271, httpsreq=, url=test-page-url-1688143158271, showOnMenu=, inode=bc79cd7e-86af-4eed-9acb-a59aa2734d84, folder=92e05129-d1ec-47b6-8864-29ef64e220d0, disabledWYSIWYG=[], sortOrder=1, modUser=system, host=003e39b6-c365-478a-be96-46ecb82ef574, stInode=c541abb1-69b3-4bc5-8430-5e09e5239cc8, friendlyName=test-page-friendly-name-1688143158271},lowIndexPriority=false,variantId=DEFAULT], parent=com.dotmarketing.portlets.folders.model.Folder@3cabfcb8[identifier=92e05129-d1ec-47b6-8864-29ef64e220d0,name=testName1688143158154,sortOrder=0,showOnMenu=false,hostId=003e39b6-c365-478a-be96-46ecb82ef574,type=folder,title=testTitle1688143158154,filesMasks=,defaultFileType=33888b6f-7a8e-4069-b1b6-5c1aa9d0a48d,modDate=2023-06-30 16:39:18.157,owner=&lt;null&gt;,iDate=2023-06-30 16:39:18.157,inode=92e05129-d1ec-47b6-8864-29ef64e220d0,path=/testName1688143158154/], expectedName='test-page-url-1688143158271', expectedType='htmlpageasset'}]" classname="com.dotmarketing.business.DeterministicIdentifierAPITest" time="0.004"/>
  <testcase name="Test_Asset_Generate_Deterministic_Id_Best_Effort[4: TestCase{versionable=com.dotmarketing.portlets.contentlet.model.Contentlet@68a6ddaf[map={fileAsset2=/home/runner/work/core/custom/assets/7/3/73c00301-e74b-4493-9d9d-c5ffa4ae4045/fileAsset2/test_binary1688143159149.png, modDate=2023-06-30 16:39:19.155, fileAsset1=/home/runner/work/core/custom/assets/7/3/73c00301-e74b-4493-9d9d-c5ffa4ae4045/fileAsset1/test_binary1688143159149.jpg, title=blah, inode=73c00301-e74b-4493-9d9d-c5ffa4ae4045, __IS_NEW_CONTENT__=true, disabledWYSIWYG=[], host=48190c8c-42c4-46af-8d1a-0cd5db894797, stInode=b15b300d-e074-4acf-aa22-00f3d37361f1, owner=system, identifier=226c052a-43e1-436e-be94-33cd72ad4134, nullProperties=[], languageId=1, image1=49f30e34-98b7-4f47-8200-305f51cdc9a5, folder=SYSTEM_FOLDER, __disable_workflow__=true, sortOrder=0, modUser=system},lowIndexPriority=false,variantId=DEFAULT], parent=demo.dotcms.com, expectedName='test_binary1688143159149.jpg:test_binary1688143159149.png', expectedType='MultipleBinaries1688143158425'}]" classname="com.dotmarketing.business.DeterministicIdentifierAPITest" time="0.004"/>
  <testcase name="Test_Asset_Generate_Deterministic_Id_Best_Effort[5: TestCase{versionable=name3dddc7f4f4 : keyTag3dddc7f4f4, parent=my.host1688143157534.com, expectedName='keyTag3dddc7f4f4', expectedType='persona'}]" classname="com.dotmarketing.business.DeterministicIdentifierAPITest" time="0.004"/>
  <testcase name="Test_Similar_Content_Type_Wont_Clash" classname="com.dotmarketing.business.DeterministicIdentifierAPITest" time="0.837"/>
  <testcase name="Test_Generate_Folder_Identifier" classname="com.dotmarketing.business.DeterministicIdentifierAPITest" time="0.806"/>
  <testcase name="Test_Generate_Content_Type_Identifier[0: ContentTypeTestCase{contentType=KeyValueContentType{name=Language Variable, id=f4d7c1b8-2c88-4071-abf1-a5328977b07d, description=Default Content Type for Language Variables, defaultType=false, fixed=true, iDate=Thu Aug 31 16:38:49 UTC 2017, system=true, versionable=true, variable=Languagevariable, modDate=Fri Jun 30 15:28:56 UTC 2023, host=SYSTEM_HOST, siteName=systemHost, icon=language, sortOrder=0, folder=SYSTEM_FOLDER, folderPath=/, markedForDeletion=true, multilingualable=false}, expectedName='Languagevariable', expectedType='KeyValue'}]" classname="com.dotmarketing.business.DeterministicIdentifierAPITest" time="0.006"/>
  <testcase name="Test_Generate_Content_Type_Identifier[1: ContentTypeTestCase{contentType=SimpleContentType{name=testName1688143159537, id=835e1d2c-31a9-4470-b4f4-56c973313dd6, description=testDescription1688143159537, defaultType=false, fixed=false, iDate=Fri Jun 30 16:39:19 UTC 2023, system=false, versionable=true, multilingualable=false, variable=testVarname1688143159537, owner=system, modDate=Fri Jun 30 16:39:20 UTC 2023, host=48190c8c-42c4-46af-8d1a-0cd5db894797, siteName=demo.dotcms.com, icon=event_note, sortOrder=0, folder=SYSTEM_FOLDER, folderPath=/, requiredFields=[], markedForDeletion=false}, expectedName='testVarname1688143159537', expectedType='CONTENT'}]" classname="com.dotmarketing.business.DeterministicIdentifierAPITest" time="0.005"/>
  <system-out><![CDATA[]]></system-out>
  <system-err><![CDATA[]]></system-err>
</testsuite>
