<?xml version="1.0" encoding="UTF-8"?>
<testsuite name="com.dotcms.publishing.job.SiteSearchJobImplTest" tests="10" skipped="0" failures="0" errors="0" timestamp="2023-07-11T23:05:36" hostname="fv-az461-329" time="39.892">
  <properties/>
  <testcase name="Test_Incremental_Job_Test_Pages_Are_Found_Create_And_Publish_New_Page_Test_Changes_Are_Picked_Unpublish_Then_Verify_Page_Is_Gone" classname="com.dotcms.publishing.job.SiteSearchJobImplTest" time="11.107"/>
  <testcase name="Test_Non_Incremental_Create_Default_Index_Create_Second_Index_Run_Non_Incrementally_Expect_Non_Default_New_Index" classname="com.dotcms.publishing.job.SiteSearchJobImplTest" time="1.21"/>
  <testcase name="Test_Non_Incremental_Create_Default_Index_Run_Non_Incrementally_Expect_New_Index_Keep_Alias_And_Default" classname="com.dotcms.publishing.job.SiteSearchJobImplTest" time="0.292"/>
  <testcase name="testSiteSearchDifferentScenarios[0: com.dotcms.publishing.job.SiteSearchJobImplTest$TestCaseSiteSearch@7b013a2a]" classname="com.dotcms.publishing.job.SiteSearchJobImplTest" time="3.852"/>
  <testcase name="testSiteSearchDifferentScenarios[1: com.dotcms.publishing.job.SiteSearchJobImplTest$TestCaseSiteSearch@4a301153]" classname="com.dotcms.publishing.job.SiteSearchJobImplTest" time="4.0"/>
  <testcase name="testSiteSearchDifferentScenarios[2: com.dotcms.publishing.job.SiteSearchJobImplTest$TestCaseSiteSearch@39459feb]" classname="com.dotcms.publishing.job.SiteSearchJobImplTest" time="3.029"/>
  <testcase name="testSiteSearchDifferentScenarios[3: com.dotcms.publishing.job.SiteSearchJobImplTest$TestCaseSiteSearch@7534bab1]" classname="com.dotcms.publishing.job.SiteSearchJobImplTest" time="4.065"/>
  <testcase name="testSiteSearchDifferentScenarios[4: com.dotcms.publishing.job.SiteSearchJobImplTest$TestCaseSiteSearch@7161e57]" classname="com.dotcms.publishing.job.SiteSearchJobImplTest" time="2.933"/>
  <testcase name="testSiteSearchDifferentScenarios[5: com.dotcms.publishing.job.SiteSearchJobImplTest$TestCaseSiteSearch@4de62d6f]" classname="com.dotcms.publishing.job.SiteSearchJobImplTest" time="5.338"/>
  <testcase name="testSiteSearchDifferentScenarios[6: com.dotcms.publishing.job.SiteSearchJobImplTest$TestCaseSiteSearch@58c959ff]" classname="com.dotcms.publishing.job.SiteSearchJobImplTest" time="4.064"/>
  <system-out><![CDATA[]]></system-out>
  <system-err><![CDATA[]]></system-err>
</testsuite>
