<?xml version="1.0" encoding="UTF-8"?>
<testsuite name="com.dotcms.rest.TagResourceIntegrationTest" tests="4" skipped="0" failures="0" errors="0" timestamp="2023-06-29T16:09:23" hostname="fv-az397-405" time="0.324">
  <properties/>
  <testcase name="testList[0: com.dotcms.rest.TagResourceTestCase@3cfc5772]" classname="com.dotcms.rest.TagResourceIntegrationTest" time="0.256"/>
  <testcase name="testList[1: com.dotcms.rest.TagResourceTestCase@7146316]" classname="com.dotcms.rest.TagResourceIntegrationTest" time="0.024"/>
  <testcase name="testList[2: com.dotcms.rest.TagResourceTestCase@4c61118a]" classname="com.dotcms.rest.TagResourceIntegrationTest" time="0.02"/>
  <testcase name="testList[3: com.dotcms.rest.TagResourceTestCase@1a28f5a6]" classname="com.dotcms.rest.TagResourceIntegrationTest" time="0.022"/>
  <system-out><![CDATA[]]></system-out>
  <system-err><![CDATA[Jun 29, 2023 4:09:23 PM com.dotcms.repackage.org.hibernate.validator.internal.util.Version <clinit>
INFO: HV000001: Hibernate Validator 4.3.2.Final
]]></system-err>
</testsuite>
