<?xml version="1.0" encoding="UTF-8"?>
<testsuite name="com.dotcms.graphql.DotGraphQLHttpServletTest" tests="4" skipped="0" failures="0" errors="0" timestamp="2023-06-30T19:06:03" hostname="fv-az1231-758" time="0.096">
  <properties/>
  <testcase name="testing_OPTIONSRequestToGraphQLServer_returnResponseWithExpectedHeaders" classname="com.dotcms.graphql.DotGraphQLHttpServletTest" time="0.082"/>
  <testcase name="testing_GETRequestToGraphQLServer_returnResponseWithExpectedHeaders" classname="com.dotcms.graphql.DotGraphQLHttpServletTest" time="0.01"/>
  <testcase name="testing_cors_headers" classname="com.dotcms.graphql.DotGraphQLHttpServletTest" time="0.001"/>
  <testcase name="testing_POSTRequestToGraphQLServer_returnResponseWithExpectedHeaders" classname="com.dotcms.graphql.DotGraphQLHttpServletTest" time="0.003"/>
  <system-out><![CDATA[]]></system-out>
  <system-err><![CDATA[]]></system-err>
</testsuite>
