<?xml version="1.0" encoding="UTF-8"?>
<testsuite name="com.dotmarketing.fixTasks.FixTask00085FixEmptyParentPathOnIdentifierTest" tests="1" skipped="0" failures="0" errors="0" timestamp="2023-07-19T18:56:40" hostname="fv-az615-953" time="0.148">
  <properties/>
  <testcase name="testExecuteFix" classname="com.dotmarketing.fixTasks.FixTask00085FixEmptyParentPathOnIdentifierTest" time="0.148"/>
  <system-out><![CDATA[]]></system-out>
  <system-err><![CDATA[]]></system-err>
</testsuite>
