<?xml version="1.0" encoding="UTF-8"?>
<testsuite name="com.dotmarketing.portlets.rules.conditionlet.UsersBrowserLanguageConditionletTest" tests="13" skipped="0" failures="0" errors="0" timestamp="2023-06-26T19:32:34" hostname="fv-az1114-884" time="0.033">
  <properties/>
  <testcase name="testIsComparison" classname="com.dotmarketing.portlets.rules.conditionlet.UsersBrowserLanguageConditionletTest" time="0.002"/>
  <testcase name="testGreaterThanComparison" classname="com.dotmarketing.portlets.rules.conditionlet.UsersBrowserLanguageConditionletTest" time="0.001"/>
  <testcase name="testLessThanOrEqualComparison" classname="com.dotmarketing.portlets.rules.conditionlet.UsersBrowserLanguageConditionletTest" time="0.002"/>
  <testcase name="testStartsWithComparison" classname="com.dotmarketing.portlets.rules.conditionlet.UsersBrowserLanguageConditionletTest" time="0.001"/>
  <testcase name="testIsNotComparison" classname="com.dotmarketing.portlets.rules.conditionlet.UsersBrowserLanguageConditionletTest" time="0.002"/>
  <testcase name="testContainsComparison" classname="com.dotmarketing.portlets.rules.conditionlet.UsersBrowserLanguageConditionletTest" time="0.009"/>
  <testcase name="testEqualComparison" classname="com.dotmarketing.portlets.rules.conditionlet.UsersBrowserLanguageConditionletTest" time="0.001"/>
  <testcase name="testEndsWithComparison" classname="com.dotmarketing.portlets.rules.conditionlet.UsersBrowserLanguageConditionletTest" time="0.005"/>
  <testcase name="testRegexComparison" classname="com.dotmarketing.portlets.rules.conditionlet.UsersBrowserLanguageConditionletTest" time="0.001"/>
  <testcase name="testLessThanComparison" classname="com.dotmarketing.portlets.rules.conditionlet.UsersBrowserLanguageConditionletTest" time="0.001"/>
  <testcase name="testExistComparison" classname="com.dotmarketing.portlets.rules.conditionlet.UsersBrowserLanguageConditionletTest" time="0.001"/>
  <testcase name="testGreaterThanOrEqualComparison" classname="com.dotmarketing.portlets.rules.conditionlet.UsersBrowserLanguageConditionletTest" time="0.001"/>
  <testcase name="testBetweenComparison" classname="com.dotmarketing.portlets.rules.conditionlet.UsersBrowserLanguageConditionletTest" time="0.001"/>
  <system-out><![CDATA[]]></system-out>
  <system-err><![CDATA[]]></system-err>
</testsuite>
