<?xml version="1.0" encoding="UTF-8"?>
<testsuite name="com.dotmarketing.portlets.workflows.model.SystemActionWorkflowActionMappingTest" tests="3" skipped="0" failures="0" errors="0" timestamp="2023-06-23T19:27:10" hostname="fv-az162-375" time="0.061">
  <properties/>
  <testcase name="test_serialize_deserialize_wrapper_jackson" classname="com.dotmarketing.portlets.workflows.model.SystemActionWorkflowActionMappingTest" time="0.031"/>
  <testcase name="test_serialize_deserialize_wrapper_xstream" classname="com.dotmarketing.portlets.workflows.model.SystemActionWorkflowActionMappingTest" time="0.016"/>
  <testcase name="test_serialize_deserialize_xstream" classname="com.dotmarketing.portlets.workflows.model.SystemActionWorkflowActionMappingTest" time="0.014"/>
  <system-out><![CDATA[]]></system-out>
  <system-err><![CDATA[]]></system-err>
</testsuite>
