<?xml version="1.0" encoding="UTF-8"?>
<testsuite name="com.dotcms.rest.elasticsearch.ESContentResourcePortletTest" tests="8" skipped="0" failures="0" errors="0" timestamp="2023-06-28T00:20:21" hostname="fv-az573-179" time="9.795">
  <properties/>
  <testcase name="test_search_includeGrandChildCategory_success" classname="com.dotcms.rest.elasticsearch.ESContentResourcePortletTest" time="1.604"/>
  <testcase name="testSearch[0: com.dotcms.rest.elasticsearch.ESContentResourcePortletTest$TestCase@657112ac]" classname="com.dotcms.rest.elasticsearch.ESContentResourcePortletTest" time="1.007"/>
  <testcase name="testSearch[1: com.dotcms.rest.elasticsearch.ESContentResourcePortletTest$TestCase@2726cc0e]" classname="com.dotcms.rest.elasticsearch.ESContentResourcePortletTest" time="1.41"/>
  <testcase name="testSearch[2: com.dotcms.rest.elasticsearch.ESContentResourcePortletTest$TestCase@68632e07]" classname="com.dotcms.rest.elasticsearch.ESContentResourcePortletTest" time="1.013"/>
  <testcase name="testSearch[3: com.dotcms.rest.elasticsearch.ESContentResourcePortletTest$TestCase@4d108bcc]" classname="com.dotcms.rest.elasticsearch.ESContentResourcePortletTest" time="1.394"/>
  <testcase name="testSearch[4: com.dotcms.rest.elasticsearch.ESContentResourcePortletTest$TestCase@209914b0]" classname="com.dotcms.rest.elasticsearch.ESContentResourcePortletTest" time="1.345"/>
  <testcase name="testSearch[5: com.dotcms.rest.elasticsearch.ESContentResourcePortletTest$TestCase@314eea11]" classname="com.dotcms.rest.elasticsearch.ESContentResourcePortletTest" time="1.039"/>
  <testcase name="testSearch[6: com.dotcms.rest.elasticsearch.ESContentResourcePortletTest$TestCase@40acf929]" classname="com.dotcms.rest.elasticsearch.ESContentResourcePortletTest" time="0.982"/>
  <system-out><![CDATA[]]></system-out>
  <system-err><![CDATA[]]></system-err>
</testsuite>
