<?xml version="1.0" encoding="UTF-8"?>
<testsuite name="com.dotcms.rest.api.v1.vtl.VTLResourceIntegrationTest" tests="6" skipped="0" failures="0" errors="0" timestamp="2023-06-29T20:42:44" hostname="fv-az445-513" time="12.371">
  <properties/>
  <testcase name="testGet[0: com.dotcms.rest.api.v1.vtl.VTLResourceTestCase@66b1a99]" classname="com.dotcms.rest.api.v1.vtl.VTLResourceIntegrationTest" time="2.489"/>
  <testcase name="testGet[1: com.dotcms.rest.api.v1.vtl.VTLResourceTestCase@7a6f2d42]" classname="com.dotcms.rest.api.v1.vtl.VTLResourceIntegrationTest" time="1.936"/>
  <testcase name="testGet[2: com.dotcms.rest.api.v1.vtl.VTLResourceTestCase@18e63253]" classname="com.dotcms.rest.api.v1.vtl.VTLResourceIntegrationTest" time="2.047"/>
  <testcase name="testGet[3: com.dotcms.rest.api.v1.vtl.VTLResourceTestCase@b363828]" classname="com.dotcms.rest.api.v1.vtl.VTLResourceIntegrationTest" time="2.027"/>
  <testcase name="testGet[4: com.dotcms.rest.api.v1.vtl.VTLResourceTestCase@55575405]" classname="com.dotcms.rest.api.v1.vtl.VTLResourceIntegrationTest" time="1.875"/>
  <testcase name="testGet[5: com.dotcms.rest.api.v1.vtl.VTLResourceTestCase@56d176d0]" classname="com.dotcms.rest.api.v1.vtl.VTLResourceIntegrationTest" time="1.996"/>
  <system-out><![CDATA[]]></system-out>
  <system-err><![CDATA[]]></system-err>
</testsuite>
