<?xml version="1.0" encoding="UTF-8"?>
<testsuite name="com.dotcms.rest.TagResourceIntegrationTest" tests="4" skipped="0" failures="0" errors="0" timestamp="2023-06-27T19:39:39" hostname="fv-az412-684" time="0.32">
  <properties/>
  <testcase name="testList[0: com.dotcms.rest.TagResourceTestCase@5926b713]" classname="com.dotcms.rest.TagResourceIntegrationTest" time="0.242"/>
  <testcase name="testList[1: com.dotcms.rest.TagResourceTestCase@34698506]" classname="com.dotcms.rest.TagResourceIntegrationTest" time="0.029"/>
  <testcase name="testList[2: com.dotcms.rest.TagResourceTestCase@6440c432]" classname="com.dotcms.rest.TagResourceIntegrationTest" time="0.02"/>
  <testcase name="testList[3: com.dotcms.rest.TagResourceTestCase@3d975342]" classname="com.dotcms.rest.TagResourceIntegrationTest" time="0.028"/>
  <system-out><![CDATA[]]></system-out>
  <system-err><![CDATA[Jun 27, 2023 7:39:39 PM com.dotcms.repackage.org.hibernate.validator.internal.util.Version <clinit>
INFO: HV000001: Hibernate Validator 4.3.2.Final
]]></system-err>
</testsuite>
