<?xml version="1.0" encoding="UTF-8"?>
<testsuite name="com.dotmarketing.business.portal.PortletAPIImplTest" tests="12" skipped="0" failures="0" errors="0" timestamp="2023-06-29T20:49:26" hostname="fv-az674-164" time="1.103">
  <properties/>
  <testcase name="test_delete_portlet" classname="com.dotmarketing.business.portal.PortletAPIImplTest" time="0.235"/>
  <testcase name="test_createCustomPortlet[0: com.dotmarketing.business.portal.PortletAPIImplTest$testCaseCreateCustomPortlet@22540e71]" classname="com.dotmarketing.business.portal.PortletAPIImplTest" time="0.128"/>
  <testcase name="test_createCustomPortlet[1: com.dotmarketing.business.portal.PortletAPIImplTest$testCaseCreateCustomPortlet@227dc10f]" classname="com.dotmarketing.business.portal.PortletAPIImplTest" time="0.142"/>
  <testcase name="test_createCustomPortlet[2: com.dotmarketing.business.portal.PortletAPIImplTest$testCaseCreateCustomPortlet@4a7209b1]" classname="com.dotmarketing.business.portal.PortletAPIImplTest" time="0.135"/>
  <testcase name="test_createCustomPortlet[3: com.dotmarketing.business.portal.PortletAPIImplTest$testCaseCreateCustomPortlet@48e12dbb]" classname="com.dotmarketing.business.portal.PortletAPIImplTest" time="0.132"/>
  <testcase name="test_createCustomPortlet[4: com.dotmarketing.business.portal.PortletAPIImplTest$testCaseCreateCustomPortlet@4a448550]" classname="com.dotmarketing.business.portal.PortletAPIImplTest" time="0.0"/>
  <testcase name="test_createCustomPortlet[5: com.dotmarketing.business.portal.PortletAPIImplTest$testCaseCreateCustomPortlet@67d50ae]" classname="com.dotmarketing.business.portal.PortletAPIImplTest" time="0.012"/>
  <testcase name="test_createCustomPortlet[6: com.dotmarketing.business.portal.PortletAPIImplTest$testCaseCreateCustomPortlet@5c18fe51]" classname="com.dotmarketing.business.portal.PortletAPIImplTest" time="0.01"/>
  <testcase name="test_createCustomPortlet[7: com.dotmarketing.business.portal.PortletAPIImplTest$testCaseCreateCustomPortlet@1dd59c9c]" classname="com.dotmarketing.business.portal.PortletAPIImplTest" time="0.01"/>
  <testcase name="test_createCustomPortlet[8: com.dotmarketing.business.portal.PortletAPIImplTest$testCaseCreateCustomPortlet@7355e473]" classname="com.dotmarketing.business.portal.PortletAPIImplTest" time="0.011"/>
  <testcase name="test_findPortlet" classname="com.dotmarketing.business.portal.PortletAPIImplTest" time="0.135"/>
  <testcase name="test_findAllPortlets" classname="com.dotmarketing.business.portal.PortletAPIImplTest" time="0.146"/>
  <system-out><![CDATA[]]></system-out>
  <system-err><![CDATA[]]></system-err>
</testsuite>
