<?xml version="1.0" encoding="UTF-8"?>
<testsuite name="com.dotcms.rest.api.v1.user.UserResourceIntegrationTest" tests="2" skipped="0" failures="0" errors="0" timestamp="2023-07-14T23:13:41" hostname="fv-az613-925" time="1.441">
  <properties/>
  <testcase name="test_logoutAs_success" classname="com.dotcms.rest.api.v1.user.UserResourceIntegrationTest" time="0.726"/>
  <testcase name="test_loginAs_success" classname="com.dotcms.rest.api.v1.user.UserResourceIntegrationTest" time="0.715"/>
  <system-out><![CDATA[]]></system-out>
  <system-err><![CDATA[]]></system-err>
</testsuite>
