<?xml version="1.0" encoding="UTF-8"?>
<testsuite name="com.dotmarketing.db.DbConnectionFactoryTest" tests="4" skipped="0" failures="0" errors="0" timestamp="2023-07-07T16:04:49" hostname="fv-az363-219" time="0.02">
  <properties/>
  <testcase name="testNestedTransactions" classname="com.dotmarketing.db.DbConnectionFactoryTest" time="0.011"/>
  <testcase name="testRollback" classname="com.dotmarketing.db.DbConnectionFactoryTest" time="0.006"/>
  <testcase name="testSelectTransaction" classname="com.dotmarketing.db.DbConnectionFactoryTest" time="0.001"/>
  <testcase name="testStartTransactionIfNeeded" classname="com.dotmarketing.db.DbConnectionFactoryTest" time="0.001"/>
  <system-out><![CDATA[]]></system-out>
  <system-err><![CDATA[
















































































]]></system-err>
</testsuite>
