<?xml version="1.0" encoding="UTF-8"?>
<testsuite name="com.dotmarketing.portlets.browser.BrowserUtilTest" tests="11" skipped="0" failures="0" errors="0" timestamp="2023-06-30T15:16:56" hostname="fv-az589-574" time="25.252">
  <properties/>
  <testcase name="defaultPathEqualsToFolderSelectedFolder" classname="com.dotmarketing.portlets.browser.BrowserUtilTest" time="1.969"/>
  <testcase name="defaultPathEqualsToFolderHostField" classname="com.dotmarketing.portlets.browser.BrowserUtilTest" time="3.013"/>
  <testcase name="defaultPathEqualsToFieldVariablePathIds" classname="com.dotmarketing.portlets.browser.BrowserUtilTest" time="2.105"/>
  <testcase name="defaultPathEqualsToWrongFieldVariable" classname="com.dotmarketing.portlets.browser.BrowserUtilTest" time="2.01"/>
  <testcase name="defaultPathEqualsToFieldVariableAbsolutePath" classname="com.dotmarketing.portlets.browser.BrowserUtilTest" time="2.044"/>
  <testcase name="defaultPathEqualsToFolderCurrentHost" classname="com.dotmarketing.portlets.browser.BrowserUtilTest" time="2.007"/>
  <testcase name="defaultPathEqualsToFieldVariableAbsolutePathPathIds" classname="com.dotmarketing.portlets.browser.BrowserUtilTest" time="2.049"/>
  <testcase name="defaultPathEqualsToFieldVariable" classname="com.dotmarketing.portlets.browser.BrowserUtilTest" time="2.951"/>
  <testcase name="defaultPathEqualsToExistingImage" classname="com.dotmarketing.portlets.browser.BrowserUtilTest" time="3.047"/>
  <testcase name="defaultPathEqualsToExistingImagePathIds" classname="com.dotmarketing.portlets.browser.BrowserUtilTest" time="2.258"/>
  <testcase name="defaultPathEqualsToFolderHostFieldNoValue" classname="com.dotmarketing.portlets.browser.BrowserUtilTest" time="1.798"/>
  <system-out><![CDATA[]]></system-out>
  <system-err><![CDATA[]]></system-err>
</testsuite>
