<?xml version="1.0" encoding="UTF-8"?>
<testsuite name="com.dotcms.rendering.velocity.viewtools.content.StoryBlockTest" tests="1" skipped="0" failures="0" errors="0" timestamp="2023-07-11T03:51:57" hostname="fv-az1256-472" time="0.354">
  <properties/>
  <testcase name="testTransformingWysiwygIntoStoryBlock" classname="com.dotcms.rendering.velocity.viewtools.content.StoryBlockTest" time="0.354"/>
  <system-out><![CDATA[]]></system-out>
  <system-err><![CDATA[]]></system-err>
</testsuite>
