<?xml version="1.0" encoding="UTF-8"?>
<testsuite name="com.dotcms.rest.elasticsearch.ESContentResourcePortletTest" tests="8" skipped="0" failures="0" errors="0" timestamp="2023-06-29T20:46:57" hostname="fv-az445-513" time="8.779">
  <properties/>
  <testcase name="test_search_includeGrandChildCategory_success" classname="com.dotcms.rest.elasticsearch.ESContentResourcePortletTest" time="1.363"/>
  <testcase name="testSearch[0: com.dotcms.rest.elasticsearch.ESContentResourcePortletTest$TestCase@3028803a]" classname="com.dotcms.rest.elasticsearch.ESContentResourcePortletTest" time="0.933"/>
  <testcase name="testSearch[1: com.dotcms.rest.elasticsearch.ESContentResourcePortletTest$TestCase@ab0a2cf]" classname="com.dotcms.rest.elasticsearch.ESContentResourcePortletTest" time="1.289"/>
  <testcase name="testSearch[2: com.dotcms.rest.elasticsearch.ESContentResourcePortletTest$TestCase@31ab820b]" classname="com.dotcms.rest.elasticsearch.ESContentResourcePortletTest" time="0.876"/>
  <testcase name="testSearch[3: com.dotcms.rest.elasticsearch.ESContentResourcePortletTest$TestCase@5a4bff6e]" classname="com.dotcms.rest.elasticsearch.ESContentResourcePortletTest" time="1.305"/>
  <testcase name="testSearch[4: com.dotcms.rest.elasticsearch.ESContentResourcePortletTest$TestCase@2e169d4d]" classname="com.dotcms.rest.elasticsearch.ESContentResourcePortletTest" time="1.245"/>
  <testcase name="testSearch[5: com.dotcms.rest.elasticsearch.ESContentResourcePortletTest$TestCase@21bff49a]" classname="com.dotcms.rest.elasticsearch.ESContentResourcePortletTest" time="0.899"/>
  <testcase name="testSearch[6: com.dotcms.rest.elasticsearch.ESContentResourcePortletTest$TestCase@4ce9817c]" classname="com.dotcms.rest.elasticsearch.ESContentResourcePortletTest" time="0.868"/>
  <system-out><![CDATA[]]></system-out>
  <system-err><![CDATA[]]></system-err>
</testsuite>
