<?xml version="1.0" encoding="UTF-8"?>
<testsuite name="com.dotcms.enterprise.publishing.remote.bundler.WorkflowBundlerTest" tests="1" skipped="0" failures="0" errors="0" timestamp="2023-06-27T21:52:24" hostname="fv-az936-789" time="0.014">
  <properties/>
  <testcase name="addWorkflowInBundle[0: com.dotcms.enterprise.publishing.remote.bundler.WorkflowBundlerTest$TestCase@1a6a4e78]" classname="com.dotcms.enterprise.publishing.remote.bundler.WorkflowBundlerTest" time="0.014"/>
  <system-out><![CDATA[]]></system-out>
  <system-err><![CDATA[]]></system-err>
</testsuite>
