<?xml version="1.0" encoding="UTF-8"?>
<testsuite name="com.dotcms.rendering.velocity.viewtools.content.util.ContentUtilsTest" tests="89" skipped="0" failures="0" errors="0" timestamp="2023-07-06T23:02:40" hostname="fv-az450-882" time="408.424">
  <properties/>
  <testcase name="whenTheTimeMachineDateIsNullAndPublishDateInFutureShouldNotReturnAnything" classname="com.dotcms.rendering.velocity.viewtools.content.util.ContentUtilsTest" time="3.303"/>
  <testcase name="test_find_multilingual_contentlet_getContentletSuccessfully" classname="com.dotcms.rendering.velocity.viewtools.content.util.ContentUtilsTest" time="1.855"/>
  <testcase name="whenTheTimeMachineDateAndPublishDateAreTomorrowShouldReturnOneContent" classname="com.dotcms.rendering.velocity.viewtools.content.util.ContentUtilsTest" time="3.331"/>
  <testcase name="testPullRelated[0: com.dotcms.rendering.velocity.viewtools.content.util.ContentUtilsTest$TestCase@5e56291d]" classname="com.dotcms.rendering.velocity.viewtools.content.util.ContentUtilsTest" time="4.346"/>
  <testcase name="testPullRelated[1: com.dotcms.rendering.velocity.viewtools.content.util.ContentUtilsTest$TestCase@6b0e1d24]" classname="com.dotcms.rendering.velocity.viewtools.content.util.ContentUtilsTest" time="3.944"/>
  <testcase name="testPullRelated[2: com.dotcms.rendering.velocity.viewtools.content.util.ContentUtilsTest$TestCase@751fd8f4]" classname="com.dotcms.rendering.velocity.viewtools.content.util.ContentUtilsTest" time="3.362"/>
  <testcase name="testPullRelated[3: com.dotcms.rendering.velocity.viewtools.content.util.ContentUtilsTest$TestCase@45cf4b00]" classname="com.dotcms.rendering.velocity.viewtools.content.util.ContentUtilsTest" time="3.723"/>
  <testcase name="testPullRelated[4: com.dotcms.rendering.velocity.viewtools.content.util.ContentUtilsTest$TestCase@2abe9c65]" classname="com.dotcms.rendering.velocity.viewtools.content.util.ContentUtilsTest" time="4.151"/>
  <testcase name="testPullRelated[5: com.dotcms.rendering.velocity.viewtools.content.util.ContentUtilsTest$TestCase@31c2432b]" classname="com.dotcms.rendering.velocity.viewtools.content.util.ContentUtilsTest" time="3.918"/>
  <testcase name="testPullRelated[6: com.dotcms.rendering.velocity.viewtools.content.util.ContentUtilsTest$TestCase@3a91f59f]" classname="com.dotcms.rendering.velocity.viewtools.content.util.ContentUtilsTest" time="4.371"/>
  <testcase name="testPullRelated[7: com.dotcms.rendering.velocity.viewtools.content.util.ContentUtilsTest$TestCase@5392e86]" classname="com.dotcms.rendering.velocity.viewtools.content.util.ContentUtilsTest" time="3.966"/>
  <testcase name="testPullRelated[8: com.dotcms.rendering.velocity.viewtools.content.util.ContentUtilsTest$TestCase@5bbac7f0]" classname="com.dotcms.rendering.velocity.viewtools.content.util.ContentUtilsTest" time="4.044"/>
  <testcase name="testPullRelated[9: com.dotcms.rendering.velocity.viewtools.content.util.ContentUtilsTest$TestCase@78c21cb7]" classname="com.dotcms.rendering.velocity.viewtools.content.util.ContentUtilsTest" time="3.906"/>
  <testcase name="testPullRelated[10: com.dotcms.rendering.velocity.viewtools.content.util.ContentUtilsTest$TestCase@4d4a233d]" classname="com.dotcms.rendering.velocity.viewtools.content.util.ContentUtilsTest" time="4.265"/>
  <testcase name="testPullRelated[11: com.dotcms.rendering.velocity.viewtools.content.util.ContentUtilsTest$TestCase@1cb690c]" classname="com.dotcms.rendering.velocity.viewtools.content.util.ContentUtilsTest" time="4.06"/>
  <testcase name="testPullRelated[12: com.dotcms.rendering.velocity.viewtools.content.util.ContentUtilsTest$TestCase@c43ab82]" classname="com.dotcms.rendering.velocity.viewtools.content.util.ContentUtilsTest" time="3.855"/>
  <testcase name="testPullRelated[13: com.dotcms.rendering.velocity.viewtools.content.util.ContentUtilsTest$TestCase@640c2919]" classname="com.dotcms.rendering.velocity.viewtools.content.util.ContentUtilsTest" time="4.078"/>
  <testcase name="testPullRelated[14: com.dotcms.rendering.velocity.viewtools.content.util.ContentUtilsTest$TestCase@78c3bd6e]" classname="com.dotcms.rendering.velocity.viewtools.content.util.ContentUtilsTest" time="3.899"/>
  <testcase name="testPullRelated[15: com.dotcms.rendering.velocity.viewtools.content.util.ContentUtilsTest$TestCase@221a2873]" classname="com.dotcms.rendering.velocity.viewtools.content.util.ContentUtilsTest" time="4.183"/>
  <testcase name="testPullRelated[16: com.dotcms.rendering.velocity.viewtools.content.util.ContentUtilsTest$TestCase@33149809]" classname="com.dotcms.rendering.velocity.viewtools.content.util.ContentUtilsTest" time="4.267"/>
  <testcase name="testPullRelated[17: com.dotcms.rendering.velocity.viewtools.content.util.ContentUtilsTest$TestCase@36552b93]" classname="com.dotcms.rendering.velocity.viewtools.content.util.ContentUtilsTest" time="3.883"/>
  <testcase name="testPullRelated[18: com.dotcms.rendering.velocity.viewtools.content.util.ContentUtilsTest$TestCase@5398d8fa]" classname="com.dotcms.rendering.velocity.viewtools.content.util.ContentUtilsTest" time="4.027"/>
  <testcase name="testPullRelated[19: com.dotcms.rendering.velocity.viewtools.content.util.ContentUtilsTest$TestCase@20b23b4a]" classname="com.dotcms.rendering.velocity.viewtools.content.util.ContentUtilsTest" time="3.119"/>
  <testcase name="testPullRelated[20: com.dotcms.rendering.velocity.viewtools.content.util.ContentUtilsTest$TestCase@37713b85]" classname="com.dotcms.rendering.velocity.viewtools.content.util.ContentUtilsTest" time="4.444"/>
  <testcase name="testPullRelated[21: com.dotcms.rendering.velocity.viewtools.content.util.ContentUtilsTest$TestCase@2867874b]" classname="com.dotcms.rendering.velocity.viewtools.content.util.ContentUtilsTest" time="3.677"/>
  <testcase name="testPullRelated[22: com.dotcms.rendering.velocity.viewtools.content.util.ContentUtilsTest$TestCase@3dadd5b5]" classname="com.dotcms.rendering.velocity.viewtools.content.util.ContentUtilsTest" time="3.252"/>
  <testcase name="testPullRelated[23: com.dotcms.rendering.velocity.viewtools.content.util.ContentUtilsTest$TestCase@c74c121]" classname="com.dotcms.rendering.velocity.viewtools.content.util.ContentUtilsTest" time="3.96"/>
  <testcase name="testPullRelated[24: com.dotcms.rendering.velocity.viewtools.content.util.ContentUtilsTest$TestCase@32677e39]" classname="com.dotcms.rendering.velocity.viewtools.content.util.ContentUtilsTest" time="3.97"/>
  <testcase name="testPullRelated[25: com.dotcms.rendering.velocity.viewtools.content.util.ContentUtilsTest$TestCase@262eeae1]" classname="com.dotcms.rendering.velocity.viewtools.content.util.ContentUtilsTest" time="3.943"/>
  <testcase name="testPullRelated[26: com.dotcms.rendering.velocity.viewtools.content.util.ContentUtilsTest$TestCase@75fd83ec]" classname="com.dotcms.rendering.velocity.viewtools.content.util.ContentUtilsTest" time="4.162"/>
  <testcase name="testPullRelated[27: com.dotcms.rendering.velocity.viewtools.content.util.ContentUtilsTest$TestCase@5f2a39bb]" classname="com.dotcms.rendering.velocity.viewtools.content.util.ContentUtilsTest" time="4.003"/>
  <testcase name="testPullRelated[28: com.dotcms.rendering.velocity.viewtools.content.util.ContentUtilsTest$TestCase@563502d1]" classname="com.dotcms.rendering.velocity.viewtools.content.util.ContentUtilsTest" time="4.097"/>
  <testcase name="testPullRelated[29: com.dotcms.rendering.velocity.viewtools.content.util.ContentUtilsTest$TestCase@79d9314]" classname="com.dotcms.rendering.velocity.viewtools.content.util.ContentUtilsTest" time="3.893"/>
  <testcase name="testPullRelated[30: com.dotcms.rendering.velocity.viewtools.content.util.ContentUtilsTest$TestCase@1ee682e8]" classname="com.dotcms.rendering.velocity.viewtools.content.util.ContentUtilsTest" time="3.365"/>
  <testcase name="testPullRelated[31: com.dotcms.rendering.velocity.viewtools.content.util.ContentUtilsTest$TestCase@108f876e]" classname="com.dotcms.rendering.velocity.viewtools.content.util.ContentUtilsTest" time="3.08"/>
  <testcase name="testPullRelated[32: com.dotcms.rendering.velocity.viewtools.content.util.ContentUtilsTest$TestCase@6e523c24]" classname="com.dotcms.rendering.velocity.viewtools.content.util.ContentUtilsTest" time="3.816"/>
  <testcase name="testPullRelated[33: com.dotcms.rendering.velocity.viewtools.content.util.ContentUtilsTest$TestCase@53c07c9]" classname="com.dotcms.rendering.velocity.viewtools.content.util.ContentUtilsTest" time="4.096"/>
  <testcase name="testPullRelated[34: com.dotcms.rendering.velocity.viewtools.content.util.ContentUtilsTest$TestCase@2fe73444]" classname="com.dotcms.rendering.velocity.viewtools.content.util.ContentUtilsTest" time="4.174"/>
  <testcase name="testPullRelated[35: com.dotcms.rendering.velocity.viewtools.content.util.ContentUtilsTest$TestCase@43bf7221]" classname="com.dotcms.rendering.velocity.viewtools.content.util.ContentUtilsTest" time="4.084"/>
  <testcase name="testPullRelated[36: com.dotcms.rendering.velocity.viewtools.content.util.ContentUtilsTest$TestCase@3cf3c56e]" classname="com.dotcms.rendering.velocity.viewtools.content.util.ContentUtilsTest" time="6.455"/>
  <testcase name="testPullRelated[37: com.dotcms.rendering.velocity.viewtools.content.util.ContentUtilsTest$TestCase@59148f76]" classname="com.dotcms.rendering.velocity.viewtools.content.util.ContentUtilsTest" time="5.623"/>
  <testcase name="testPullRelated[38: com.dotcms.rendering.velocity.viewtools.content.util.ContentUtilsTest$TestCase@4f47c504]" classname="com.dotcms.rendering.velocity.viewtools.content.util.ContentUtilsTest" time="6.633"/>
  <testcase name="testPullRelated[39: com.dotcms.rendering.velocity.viewtools.content.util.ContentUtilsTest$TestCase@775188b7]" classname="com.dotcms.rendering.velocity.viewtools.content.util.ContentUtilsTest" time="5.984"/>
  <testcase name="testPullRelated[40: com.dotcms.rendering.velocity.viewtools.content.util.ContentUtilsTest$TestCase@552bfb86]" classname="com.dotcms.rendering.velocity.viewtools.content.util.ContentUtilsTest" time="6.021"/>
  <testcase name="testPullRelated[41: com.dotcms.rendering.velocity.viewtools.content.util.ContentUtilsTest$TestCase@2839a16a]" classname="com.dotcms.rendering.velocity.viewtools.content.util.ContentUtilsTest" time="6.024"/>
  <testcase name="testPullRelated[42: com.dotcms.rendering.velocity.viewtools.content.util.ContentUtilsTest$TestCase@59a72e8c]" classname="com.dotcms.rendering.velocity.viewtools.content.util.ContentUtilsTest" time="6.694"/>
  <testcase name="testPullRelated[43: com.dotcms.rendering.velocity.viewtools.content.util.ContentUtilsTest$TestCase@22c8113f]" classname="com.dotcms.rendering.velocity.viewtools.content.util.ContentUtilsTest" time="6.621"/>
  <testcase name="testPullRelated[44: com.dotcms.rendering.velocity.viewtools.content.util.ContentUtilsTest$TestCase@2835392b]" classname="com.dotcms.rendering.velocity.viewtools.content.util.ContentUtilsTest" time="6.106"/>
  <testcase name="testPullRelated[45: com.dotcms.rendering.velocity.viewtools.content.util.ContentUtilsTest$TestCase@4de2efb6]" classname="com.dotcms.rendering.velocity.viewtools.content.util.ContentUtilsTest" time="5.985"/>
  <testcase name="testPullRelated[46: com.dotcms.rendering.velocity.viewtools.content.util.ContentUtilsTest$TestCase@2dd17bc8]" classname="com.dotcms.rendering.velocity.viewtools.content.util.ContentUtilsTest" time="5.379"/>
  <testcase name="testPullRelated[47: com.dotcms.rendering.velocity.viewtools.content.util.ContentUtilsTest$TestCase@4f72c6a4]" classname="com.dotcms.rendering.velocity.viewtools.content.util.ContentUtilsTest" time="6.262"/>
  <testcase name="testPullRelated[48: com.dotcms.rendering.velocity.viewtools.content.util.ContentUtilsTest$TestCase@4e8f5200]" classname="com.dotcms.rendering.velocity.viewtools.content.util.ContentUtilsTest" time="5.71"/>
  <testcase name="testPullRelated[49: com.dotcms.rendering.velocity.viewtools.content.util.ContentUtilsTest$TestCase@144a9b38]" classname="com.dotcms.rendering.velocity.viewtools.content.util.ContentUtilsTest" time="6.052"/>
  <testcase name="testPullRelated[50: com.dotcms.rendering.velocity.viewtools.content.util.ContentUtilsTest$TestCase@3263ad42]" classname="com.dotcms.rendering.velocity.viewtools.content.util.ContentUtilsTest" time="6.092"/>
  <testcase name="testPullRelated[51: com.dotcms.rendering.velocity.viewtools.content.util.ContentUtilsTest$TestCase@6bfd0a4c]" classname="com.dotcms.rendering.velocity.viewtools.content.util.ContentUtilsTest" time="5.235"/>
  <testcase name="testPullRelated[52: com.dotcms.rendering.velocity.viewtools.content.util.ContentUtilsTest$TestCase@5fd65a61]" classname="com.dotcms.rendering.velocity.viewtools.content.util.ContentUtilsTest" time="5.035"/>
  <testcase name="testPullRelated[53: com.dotcms.rendering.velocity.viewtools.content.util.ContentUtilsTest$TestCase@1f0589f8]" classname="com.dotcms.rendering.velocity.viewtools.content.util.ContentUtilsTest" time="5.904"/>
  <testcase name="testPullRelated[54: com.dotcms.rendering.velocity.viewtools.content.util.ContentUtilsTest$TestCase@30232ee7]" classname="com.dotcms.rendering.velocity.viewtools.content.util.ContentUtilsTest" time="6.515"/>
  <testcase name="testPullRelated[55: com.dotcms.rendering.velocity.viewtools.content.util.ContentUtilsTest$TestCase@338ffdc5]" classname="com.dotcms.rendering.velocity.viewtools.content.util.ContentUtilsTest" time="6.031"/>
  <testcase name="testPullRelated[56: com.dotcms.rendering.velocity.viewtools.content.util.ContentUtilsTest$TestCase@5ee7bc87]" classname="com.dotcms.rendering.velocity.viewtools.content.util.ContentUtilsTest" time="4.89"/>
  <testcase name="testPullRelated[57: com.dotcms.rendering.velocity.viewtools.content.util.ContentUtilsTest$TestCase@6d1ea4ea]" classname="com.dotcms.rendering.velocity.viewtools.content.util.ContentUtilsTest" time="6.125"/>
  <testcase name="testPullRelated[58: com.dotcms.rendering.velocity.viewtools.content.util.ContentUtilsTest$TestCase@44e3ebb8]" classname="com.dotcms.rendering.velocity.viewtools.content.util.ContentUtilsTest" time="6.334"/>
  <testcase name="testPullRelated[59: com.dotcms.rendering.velocity.viewtools.content.util.ContentUtilsTest$TestCase@84e4734]" classname="com.dotcms.rendering.velocity.viewtools.content.util.ContentUtilsTest" time="6.134"/>
  <testcase name="testPullRelated[60: com.dotcms.rendering.velocity.viewtools.content.util.ContentUtilsTest$TestCase@6baec13e]" classname="com.dotcms.rendering.velocity.viewtools.content.util.ContentUtilsTest" time="5.894"/>
  <testcase name="testPullRelated[61: com.dotcms.rendering.velocity.viewtools.content.util.ContentUtilsTest$TestCase@730f1155]" classname="com.dotcms.rendering.velocity.viewtools.content.util.ContentUtilsTest" time="5.545"/>
  <testcase name="testPullRelated[62: com.dotcms.rendering.velocity.viewtools.content.util.ContentUtilsTest$TestCase@286a8aa7]" classname="com.dotcms.rendering.velocity.viewtools.content.util.ContentUtilsTest" time="5.823"/>
  <testcase name="testPullRelated[63: com.dotcms.rendering.velocity.viewtools.content.util.ContentUtilsTest$TestCase@52670f79]" classname="com.dotcms.rendering.velocity.viewtools.content.util.ContentUtilsTest" time="6.089"/>
  <testcase name="testPullRelated[64: com.dotcms.rendering.velocity.viewtools.content.util.ContentUtilsTest$TestCase@4f5d833a]" classname="com.dotcms.rendering.velocity.viewtools.content.util.ContentUtilsTest" time="6.003"/>
  <testcase name="testPullRelated[65: com.dotcms.rendering.velocity.viewtools.content.util.ContentUtilsTest$TestCase@44d3b63d]" classname="com.dotcms.rendering.velocity.viewtools.content.util.ContentUtilsTest" time="6.149"/>
  <testcase name="testPullRelated[66: com.dotcms.rendering.velocity.viewtools.content.util.ContentUtilsTest$TestCase@381033b2]" classname="com.dotcms.rendering.velocity.viewtools.content.util.ContentUtilsTest" time="6.079"/>
  <testcase name="testPullRelated[67: com.dotcms.rendering.velocity.viewtools.content.util.ContentUtilsTest$TestCase@52e6ff0e]" classname="com.dotcms.rendering.velocity.viewtools.content.util.ContentUtilsTest" time="6.689"/>
  <testcase name="testPullRelated[68: com.dotcms.rendering.velocity.viewtools.content.util.ContentUtilsTest$TestCase@7101e23b]" classname="com.dotcms.rendering.velocity.viewtools.content.util.ContentUtilsTest" time="6.518"/>
  <testcase name="testPullRelated[69: com.dotcms.rendering.velocity.viewtools.content.util.ContentUtilsTest$TestCase@28bac078]" classname="com.dotcms.rendering.velocity.viewtools.content.util.ContentUtilsTest" time="5.866"/>
  <testcase name="testPullRelated[70: com.dotcms.rendering.velocity.viewtools.content.util.ContentUtilsTest$TestCase@110eeb7e]" classname="com.dotcms.rendering.velocity.viewtools.content.util.ContentUtilsTest" time="5.432"/>
  <testcase name="testPullRelated[71: com.dotcms.rendering.velocity.viewtools.content.util.ContentUtilsTest$TestCase@747578de]" classname="com.dotcms.rendering.velocity.viewtools.content.util.ContentUtilsTest" time="5.928"/>
  <testcase name="whenPublishAndExpireDatesAreInTheFutureAndTimeMachineIsAfterBoth" classname="com.dotcms.rendering.velocity.viewtools.content.util.ContentUtilsTest" time="3.449"/>
  <testcase name="testPullRelatedForLegacyRelationship[0: com.dotcms.rendering.velocity.viewtools.content.util.ContentUtilsTest$LegacyTestCase@a9b5c51]" classname="com.dotcms.rendering.velocity.viewtools.content.util.ContentUtilsTest" time="3.169"/>
  <testcase name="testPullRelatedForLegacyRelationship[1: com.dotcms.rendering.velocity.viewtools.content.util.ContentUtilsTest$LegacyTestCase@74dcf47a]" classname="com.dotcms.rendering.velocity.viewtools.content.util.ContentUtilsTest" time="4.334"/>
  <testcase name="whenTheTimeMachineDateIsAfterTomorrowAndExpireDateIsTomorrowShouldNotReturnContent" classname="com.dotcms.rendering.velocity.viewtools.content.util.ContentUtilsTest" time="3.552"/>
  <testcase name="testPullLiveRelatedWhenLatestVersionIsWorking" classname="com.dotcms.rendering.velocity.viewtools.content.util.ContentUtilsTest" time="4.281"/>
  <testcase name="test_add_relationships_on_parent_children_related_contents" classname="com.dotcms.rendering.velocity.viewtools.content.util.ContentUtilsTest" time="1.644"/>
  <testcase name="testSortPullRelated[0: com.dotcms.rendering.velocity.viewtools.content.util.ContentUtilsTest$SortTestCase@12efb484]" classname="com.dotcms.rendering.velocity.viewtools.content.util.ContentUtilsTest" time="2.93"/>
  <testcase name="testSortPullRelated[1: com.dotcms.rendering.velocity.viewtools.content.util.ContentUtilsTest$SortTestCase@4d838d8f]" classname="com.dotcms.rendering.velocity.viewtools.content.util.ContentUtilsTest" time="2.057"/>
  <testcase name="testSortPullRelated[2: com.dotcms.rendering.velocity.viewtools.content.util.ContentUtilsTest$SortTestCase@1daa39ba]" classname="com.dotcms.rendering.velocity.viewtools.content.util.ContentUtilsTest" time="2.965"/>
  <testcase name="testSortPullRelated[3: com.dotcms.rendering.velocity.viewtools.content.util.ContentUtilsTest$SortTestCase@e467151]" classname="com.dotcms.rendering.velocity.viewtools.content.util.ContentUtilsTest" time="3.08"/>
  <testcase name="testSortPullRelated[4: com.dotcms.rendering.velocity.viewtools.content.util.ContentUtilsTest$SortTestCase@6162af89]" classname="com.dotcms.rendering.velocity.viewtools.content.util.ContentUtilsTest" time="2.838"/>
  <testcase name="testSortPullRelated[5: com.dotcms.rendering.velocity.viewtools.content.util.ContentUtilsTest$SortTestCase@305cb9df]" classname="com.dotcms.rendering.velocity.viewtools.content.util.ContentUtilsTest" time="2.013"/>
  <testcase name="whenTheTimeMachineDateIsAfterTomorrowAndExpireDateIsInFutureShouldReturnContent" classname="com.dotcms.rendering.velocity.viewtools.content.util.ContentUtilsTest" time="3.557"/>
  <testcase name="testPullRelatedFieldShouldRespectDefaultOrder" classname="com.dotcms.rendering.velocity.viewtools.content.util.ContentUtilsTest" time="2.822"/>
  <system-out><![CDATA[]]></system-out>
  <system-err><![CDATA[]]></system-err>
</testsuite>
