<?xml version="1.0" encoding="UTF-8"?>
<testsuite name="com.dotcms.enterprise.priv.ESSearchProxyTest" tests="3" skipped="0" failures="0" errors="0" timestamp="2023-07-10T22:20:37" hostname="fv-az620-40" time="3.757">
  <properties/>
  <testcase name="test_esSearch_WithoutLicense_Success" classname="com.dotcms.enterprise.priv.ESSearchProxyTest" time="0.091"/>
  <testcase name="test_esSearch_WithLicense_Success" classname="com.dotcms.enterprise.priv.ESSearchProxyTest" time="0.014"/>
  <testcase name="test_esSearch_WithDates_Success" classname="com.dotcms.enterprise.priv.ESSearchProxyTest" time="3.651"/>
  <system-out><![CDATA[]]></system-out>
  <system-err><![CDATA[]]></system-err>
</testsuite>
