<?xml version="1.0" encoding="UTF-8"?>
<testsuite name="com.dotcms.rest.TagResourceIntegrationTest" tests="4" skipped="0" failures="0" errors="0" timestamp="2023-07-11T06:29:47" hostname="fv-az1234-201" time="0.235">
  <properties/>
  <testcase name="testList[0: com.dotcms.rest.TagResourceTestCase@1d7bdbcb]" classname="com.dotcms.rest.TagResourceIntegrationTest" time="0.188"/>
  <testcase name="testList[1: com.dotcms.rest.TagResourceTestCase@552fd7ec]" classname="com.dotcms.rest.TagResourceIntegrationTest" time="0.016"/>
  <testcase name="testList[2: com.dotcms.rest.TagResourceTestCase@75e21436]" classname="com.dotcms.rest.TagResourceIntegrationTest" time="0.013"/>
  <testcase name="testList[3: com.dotcms.rest.TagResourceTestCase@2038e3cf]" classname="com.dotcms.rest.TagResourceIntegrationTest" time="0.016"/>
  <system-out><![CDATA[]]></system-out>
  <system-err><![CDATA[Jul 11, 2023 6:29:47 AM com.dotcms.repackage.org.hibernate.validator.internal.util.Version <clinit>
INFO: HV000001: Hibernate Validator 4.3.2.Final
]]></system-err>
</testsuite>
