<?xml version="1.0" encoding="UTF-8"?>
<testsuite name="com.dotcms.integritycheckers.FolderIntegrityCheckerTest" tests="1" skipped="0" failures="0" errors="0" timestamp="2023-07-17T23:48:39" hostname="fv-az254-523" time="0.039">
  <properties/>
  <testcase name="test_execute_identifierColumnsNotNull" classname="com.dotcms.integritycheckers.FolderIntegrityCheckerTest" time="0.039"/>
  <system-out><![CDATA[]]></system-out>
  <system-err><![CDATA[]]></system-err>
</testsuite>
