<?xml version="1.0" encoding="UTF-8"?>
<testsuite name="com.dotcms.keyvalue.busines.KeyValueAPIImplTest" tests="3" skipped="0" failures="0" errors="0" timestamp="2023-07-13T17:53:13" hostname="fv-az178-328" time="4.075">
  <properties/>
  <testcase name="shouldReturnWorkingVersion" classname="com.dotcms.keyvalue.busines.KeyValueAPIImplTest" time="2.691"/>
  <testcase name="shouldReturnNull" classname="com.dotcms.keyvalue.busines.KeyValueAPIImplTest" time="0.007"/>
  <testcase name="shouldReturnLiveVersion" classname="com.dotcms.keyvalue.busines.KeyValueAPIImplTest" time="1.376"/>
  <system-out><![CDATA[]]></system-out>
  <system-err><![CDATA[]]></system-err>
</testsuite>
