<?xml version="1.0" encoding="UTF-8"?>
<testsuite name="com.dotmarketing.portlets.structure.model.ContentletRelationshipsTest" tests="7" skipped="0" failures="0" errors="0" timestamp="2023-06-27T21:26:26" hostname="fv-az338-385" time="8.969">
  <properties/>
  <testcase name="testDoesAllowOnlyOne[0: com.dotmarketing.portlets.structure.model.ContentletRelationshipsTest$CardinalityTestCase@53b5849f]" classname="com.dotmarketing.portlets.structure.model.ContentletRelationshipsTest" time="0.476"/>
  <testcase name="testDoesAllowOnlyOne[1: com.dotmarketing.portlets.structure.model.ContentletRelationshipsTest$CardinalityTestCase@76f68ac9]" classname="com.dotmarketing.portlets.structure.model.ContentletRelationshipsTest" time="0.446"/>
  <testcase name="testDoesAllowOnlyOne[2: com.dotmarketing.portlets.structure.model.ContentletRelationshipsTest$CardinalityTestCase@109e157e]" classname="com.dotmarketing.portlets.structure.model.ContentletRelationshipsTest" time="0.479"/>
  <testcase name="testGetRelationshipRecords[0: com.dotmarketing.portlets.structure.model.ContentletRelationshipsTest$TestCase@46896e4d]" classname="com.dotmarketing.portlets.structure.model.ContentletRelationshipsTest" time="2.008"/>
  <testcase name="testGetRelationshipRecords[1: com.dotmarketing.portlets.structure.model.ContentletRelationshipsTest$TestCase@39679b7f]" classname="com.dotmarketing.portlets.structure.model.ContentletRelationshipsTest" time="1.94"/>
  <testcase name="testGetRelationshipRecords[2: com.dotmarketing.portlets.structure.model.ContentletRelationshipsTest$TestCase@7b05ee58]" classname="com.dotmarketing.portlets.structure.model.ContentletRelationshipsTest" time="1.834"/>
  <testcase name="testGetRelationshipRecords[3: com.dotmarketing.portlets.structure.model.ContentletRelationshipsTest$TestCase@1b5031a3]" classname="com.dotmarketing.portlets.structure.model.ContentletRelationshipsTest" time="1.783"/>
  <system-out><![CDATA[]]></system-out>
  <system-err><![CDATA[]]></system-err>
</testsuite>
