<?xml version="1.0" encoding="UTF-8"?>
<testsuite name="com.dotcms.rest.BundleResourceTest" tests="5" skipped="0" failures="0" errors="0" timestamp="2023-07-04T02:47:47" hostname="fv-az951-870" time="21.248">
  <properties/>
  <testcase name="shouldCleanRelationshipCache" classname="com.dotcms.rest.BundleResourceTest" time="7.002"/>
  <testcase name="test_generateBundle_success" classname="com.dotcms.rest.BundleResourceTest" time="1.12"/>
  <testcase name="test_downloadBundle_success" classname="com.dotcms.rest.BundleResourceTest" time="0.987"/>
  <testcase name="test_downloadBundle_fileNotGenerated_return404" classname="com.dotcms.rest.BundleResourceTest" time="1.008"/>
  <testcase name="test_deleteAll" classname="com.dotcms.rest.BundleResourceTest" time="11.131"/>
  <system-out><![CDATA[
]]></system-out>
  <system-err><![CDATA[]]></system-err>
</testsuite>
