<?xml version="1.0" encoding="UTF-8"?>
<testsuite name="com.dotmarketing.portlets.workflows.actionlet.MoveContentActionletTest" tests="1" skipped="0" failures="0" errors="0" timestamp="2023-07-14T16:21:49" hostname="fv-az364-103" time="1.261">
  <properties/>
  <testcase name="Test_Copy_Content_Expect_Success" classname="com.dotmarketing.portlets.workflows.actionlet.MoveContentActionletTest" time="1.261"/>
  <system-out><![CDATA[]]></system-out>
  <system-err><![CDATA[]]></system-err>
</testsuite>
