<?xml version="1.0" encoding="UTF-8"?>
<testsuite name="com.dotcms.publisher.bundle.business.BundleFactoryTest" tests="7" skipped="0" failures="0" errors="0" timestamp="2023-07-19T19:35:54" hostname="fv-az842-421" time="4.771">
  <properties/>
  <testcase name="test_deleteAllAssetsFromBundle" classname="com.dotcms.publisher.bundle.business.BundleFactoryTest" time="1.255"/>
  <testcase name="test_findSentBundlesOlderThan_byAdminUser" classname="com.dotcms.publisher.bundle.business.BundleFactoryTest" time="0.893"/>
  <testcase name="test_insertBundleWithFilterKey_success" classname="com.dotcms.publisher.bundle.business.BundleFactoryTest" time="0.002"/>
  <testcase name="test_insertBundleWithoutFilterKey_success" classname="com.dotcms.publisher.bundle.business.BundleFactoryTest" time="0.002"/>
  <testcase name="test_findSentBundlesOlderThan_byLimitedUser" classname="com.dotcms.publisher.bundle.business.BundleFactoryTest" time="0.878"/>
  <testcase name="test_findSentBundles_byLimitedUser" classname="com.dotcms.publisher.bundle.business.BundleFactoryTest" time="0.891"/>
  <testcase name="test_findSentBundles_byAdminUser" classname="com.dotcms.publisher.bundle.business.BundleFactoryTest" time="0.849"/>
  <system-out><![CDATA[]]></system-out>
  <system-err><![CDATA[]]></system-err>
</testsuite>
