<?xml version="1.0" encoding="UTF-8"?>
<testsuite name="com.dotcms.contenttype.test.ContentResourceTest" tests="52" skipped="0" failures="0" errors="0" timestamp="2023-06-23T20:14:57" hostname="fv-az583-526" time="129.571">
  <properties/>
  <testcase name="testGetContentShouldReturnIconDetails" classname="com.dotcms.contenttype.test.ContentResourceTest" time="1.364"/>
  <testcase name="Test_Save_Action_Set_Words_To_Required_NumericField_Issue_15340" classname="com.dotcms.contenttype.test.ContentResourceTest" time="0.854"/>
  <testcase name="test_getContent_includeGrandChildCategory_success" classname="com.dotcms.contenttype.test.ContentResourceTest" time="1.245"/>
  <testcase name="testGetContentWithRelatedParameter[0: com.dotcms.contenttype.test.ContentResourceTest$PullRelatedTestCase@55d5907d]" classname="com.dotcms.contenttype.test.ContentResourceTest" time="3.443"/>
  <testcase name="testGetContentWithRelatedParameter[1: com.dotcms.contenttype.test.ContentResourceTest$PullRelatedTestCase@40f34b43]" classname="com.dotcms.contenttype.test.ContentResourceTest" time="3.435"/>
  <testcase name="testGetContentWithRelatedParameter[2: com.dotcms.contenttype.test.ContentResourceTest$PullRelatedTestCase@1421f023]" classname="com.dotcms.contenttype.test.ContentResourceTest" time="3.428"/>
  <testcase name="testGetContentWithRelatedParameter[3: com.dotcms.contenttype.test.ContentResourceTest$PullRelatedTestCase@dd94a9]" classname="com.dotcms.contenttype.test.ContentResourceTest" time="3.329"/>
  <testcase name="testGetContentWithRelatedParameter[4: com.dotcms.contenttype.test.ContentResourceTest$PullRelatedTestCase@7972bab7]" classname="com.dotcms.contenttype.test.ContentResourceTest" time="2.44"/>
  <testcase name="test_getContent_SelfRelatedWith3LevelsOfDepth_shouldReturnRelationships" classname="com.dotcms.contenttype.test.ContentResourceTest" time="1.224"/>
  <testcase name="Test_Save_Action_Send_Fields_SubSet_Issue_15340" classname="com.dotcms.contenttype.test.ContentResourceTest" time="2.795"/>
  <testcase name="test_getContent_shouldReturnRelationships[0: com.dotcms.contenttype.test.ContentResourceTest$TestCase@23815f89]" classname="com.dotcms.contenttype.test.ContentResourceTest" time="2.494"/>
  <testcase name="test_getContent_shouldReturnRelationships[1: com.dotcms.contenttype.test.ContentResourceTest$TestCase@38ba0332]" classname="com.dotcms.contenttype.test.ContentResourceTest" time="2.558"/>
  <testcase name="test_getContent_shouldReturnRelationships[2: com.dotcms.contenttype.test.ContentResourceTest$TestCase@542ea050]" classname="com.dotcms.contenttype.test.ContentResourceTest" time="2.559"/>
  <testcase name="test_getContent_shouldReturnRelationships[3: com.dotcms.contenttype.test.ContentResourceTest$TestCase@38e51f60]" classname="com.dotcms.contenttype.test.ContentResourceTest" time="2.771"/>
  <testcase name="test_getContent_shouldReturnRelationships[4: com.dotcms.contenttype.test.ContentResourceTest$TestCase@113162e2]" classname="com.dotcms.contenttype.test.ContentResourceTest" time="2.792"/>
  <testcase name="test_getContent_shouldReturnRelationships[5: com.dotcms.contenttype.test.ContentResourceTest$TestCase@797a5065]" classname="com.dotcms.contenttype.test.ContentResourceTest" time="2.572"/>
  <testcase name="test_getContent_shouldReturnRelationships[6: com.dotcms.contenttype.test.ContentResourceTest$TestCase@58f7433a]" classname="com.dotcms.contenttype.test.ContentResourceTest" time="2.636"/>
  <testcase name="test_getContent_shouldReturnRelationships[7: com.dotcms.contenttype.test.ContentResourceTest$TestCase@4879495b]" classname="com.dotcms.contenttype.test.ContentResourceTest" time="2.731"/>
  <testcase name="test_getContent_shouldReturnRelationships[8: com.dotcms.contenttype.test.ContentResourceTest$TestCase@52c504c4]" classname="com.dotcms.contenttype.test.ContentResourceTest" time="2.6"/>
  <testcase name="test_getContent_shouldReturnRelationships[9: com.dotcms.contenttype.test.ContentResourceTest$TestCase@79178f81]" classname="com.dotcms.contenttype.test.ContentResourceTest" time="2.785"/>
  <testcase name="test_getContent_shouldReturnRelationships[10: com.dotcms.contenttype.test.ContentResourceTest$TestCase@1b1bfd0a]" classname="com.dotcms.contenttype.test.ContentResourceTest" time="1.615"/>
  <testcase name="test_getContent_shouldReturnRelationships[11: com.dotcms.contenttype.test.ContentResourceTest$TestCase@192a4ca3]" classname="com.dotcms.contenttype.test.ContentResourceTest" time="2.601"/>
  <testcase name="test_getContent_shouldReturnRelationships[12: com.dotcms.contenttype.test.ContentResourceTest$TestCase@63b39866]" classname="com.dotcms.contenttype.test.ContentResourceTest" time="2.718"/>
  <testcase name="test_getContent_shouldReturnRelationships[13: com.dotcms.contenttype.test.ContentResourceTest$TestCase@261d6816]" classname="com.dotcms.contenttype.test.ContentResourceTest" time="2.609"/>
  <testcase name="test_getContent_shouldReturnRelationships[14: com.dotcms.contenttype.test.ContentResourceTest$TestCase@62aa3272]" classname="com.dotcms.contenttype.test.ContentResourceTest" time="2.529"/>
  <testcase name="test_getContent_shouldReturnRelationships[15: com.dotcms.contenttype.test.ContentResourceTest$TestCase@292e25d0]" classname="com.dotcms.contenttype.test.ContentResourceTest" time="3.462"/>
  <testcase name="test_getContent_shouldReturnRelationships[16: com.dotcms.contenttype.test.ContentResourceTest$TestCase@5621e83b]" classname="com.dotcms.contenttype.test.ContentResourceTest" time="2.471"/>
  <testcase name="test_getContent_shouldReturnRelationships[17: com.dotcms.contenttype.test.ContentResourceTest$TestCase@1bb17731]" classname="com.dotcms.contenttype.test.ContentResourceTest" time="2.811"/>
  <testcase name="test_getContent_shouldReturnRelationships[18: com.dotcms.contenttype.test.ContentResourceTest$TestCase@28bbef97]" classname="com.dotcms.contenttype.test.ContentResourceTest" time="2.742"/>
  <testcase name="test_getContent_shouldReturnRelationships[19: com.dotcms.contenttype.test.ContentResourceTest$TestCase@70634ff5]" classname="com.dotcms.contenttype.test.ContentResourceTest" time="2.808"/>
  <testcase name="test_getContent_shouldReturnRelationships[20: com.dotcms.contenttype.test.ContentResourceTest$TestCase@29da01f2]" classname="com.dotcms.contenttype.test.ContentResourceTest" time="3.049"/>
  <testcase name="test_getContent_shouldReturnRelationships[21: com.dotcms.contenttype.test.ContentResourceTest$TestCase@3942f307]" classname="com.dotcms.contenttype.test.ContentResourceTest" time="2.872"/>
  <testcase name="test_getContent_shouldReturnRelationships[22: com.dotcms.contenttype.test.ContentResourceTest$TestCase@4e7274ef]" classname="com.dotcms.contenttype.test.ContentResourceTest" time="2.715"/>
  <testcase name="test_getContent_shouldReturnRelationships[23: com.dotcms.contenttype.test.ContentResourceTest$TestCase@24848633]" classname="com.dotcms.contenttype.test.ContentResourceTest" time="2.685"/>
  <testcase name="test_getContent_shouldReturnRelationships[24: com.dotcms.contenttype.test.ContentResourceTest$TestCase@5da8d6c0]" classname="com.dotcms.contenttype.test.ContentResourceTest" time="2.692"/>
  <testcase name="test_getContent_shouldReturnRelationships[25: com.dotcms.contenttype.test.ContentResourceTest$TestCase@73dcccb9]" classname="com.dotcms.contenttype.test.ContentResourceTest" time="2.936"/>
  <testcase name="test_getContent_shouldReturnRelationships[26: com.dotcms.contenttype.test.ContentResourceTest$TestCase@2ed40b21]" classname="com.dotcms.contenttype.test.ContentResourceTest" time="2.776"/>
  <testcase name="test_getContent_shouldReturnRelationships[27: com.dotcms.contenttype.test.ContentResourceTest$TestCase@2ee1a5d6]" classname="com.dotcms.contenttype.test.ContentResourceTest" time="2.703"/>
  <testcase name="test_getContent_shouldReturnRelationships[28: com.dotcms.contenttype.test.ContentResourceTest$TestCase@35e4781c]" classname="com.dotcms.contenttype.test.ContentResourceTest" time="1.551"/>
  <testcase name="test_getContent_shouldReturnRelationships[29: com.dotcms.contenttype.test.ContentResourceTest$TestCase@2048d31d]" classname="com.dotcms.contenttype.test.ContentResourceTest" time="2.676"/>
  <testcase name="test_getContent_shouldReturnRelationships[30: com.dotcms.contenttype.test.ContentResourceTest$TestCase@2e4b4936]" classname="com.dotcms.contenttype.test.ContentResourceTest" time="2.567"/>
  <testcase name="test_getContent_shouldReturnRelationships[31: com.dotcms.contenttype.test.ContentResourceTest$TestCase@d27963c]" classname="com.dotcms.contenttype.test.ContentResourceTest" time="2.613"/>
  <testcase name="test_getContent_shouldReturnRelationships[32: com.dotcms.contenttype.test.ContentResourceTest$TestCase@1b953b1c]" classname="com.dotcms.contenttype.test.ContentResourceTest" time="3.585"/>
  <testcase name="test_getContent_shouldReturnRelationships[33: com.dotcms.contenttype.test.ContentResourceTest$TestCase@7da3d348]" classname="com.dotcms.contenttype.test.ContentResourceTest" time="3.54"/>
  <testcase name="testSinglePOST_InvalidParamsShouldReturn400[0: ({\n    &quot;stInode&quot; : &quot;InvalidValue&quot;,\n    &quot;numeric&quot; : &quot;0&quot;,\n    &quot;image&quot; : &quot;whatever&quot;\n}, Bad Request)]" classname="com.dotcms.contenttype.test.ContentResourceTest" time="0.844"/>
  <testcase name="testSinglePOST_InvalidParamsShouldReturn400[1: ({\n    &quot;numeric&quot; : &quot;0&quot;,\n    &quot;image&quot; : &quot;whatever&quot;\n}, Bad Request)]" classname="com.dotcms.contenttype.test.ContentResourceTest" time="0.87"/>
  <testcase name="Test_Save_Action_Set_Null_To_Required_NumericField_Issue_15340" classname="com.dotcms.contenttype.test.ContentResourceTest" time="0.877"/>
  <testcase name="Test_Save_Action_Remove_Image_Then_Verify_Fields_Were_Cleared_Issue_15340" classname="com.dotcms.contenttype.test.ContentResourceTest" time="3.742"/>
  <testcase name="test_getContentWithMultipleSelfRelated_shouldReturnRelationships[0: com.dotcms.contenttype.test.ContentResourceTest$PullSelfRelatedTestCase@38f2c643]" classname="com.dotcms.contenttype.test.ContentResourceTest" time="1.574"/>
  <testcase name="test_getContentWithMultipleSelfRelated_shouldReturnRelationships[1: com.dotcms.contenttype.test.ContentResourceTest$PullSelfRelatedTestCase@a0d579a]" classname="com.dotcms.contenttype.test.ContentResourceTest" time="1.527"/>
  <testcase name="testGetContentWithAllCategoriesInfo[0: json]" classname="com.dotcms.contenttype.test.ContentResourceTest" time="2.385"/>
  <testcase name="testGetContentWithAllCategoriesInfo[1: xml]" classname="com.dotcms.contenttype.test.ContentResourceTest" time="2.368"/>
  <system-out><![CDATA[











]]></system-out>
  <system-err><![CDATA[]]></system-err>
</testsuite>
