<?xml version="1.0" encoding="UTF-8"?>
<testsuite name="com.dotmarketing.portlets.structure.model.ContentletRelationshipsTest" tests="7" skipped="0" failures="0" errors="0" timestamp="2023-06-28T04:20:12" hostname="fv-az592-477" time="8.666">
  <properties/>
  <testcase name="testDoesAllowOnlyOne[0: com.dotmarketing.portlets.structure.model.ContentletRelationshipsTest$CardinalityTestCase@6133798e]" classname="com.dotmarketing.portlets.structure.model.ContentletRelationshipsTest" time="0.453"/>
  <testcase name="testDoesAllowOnlyOne[1: com.dotmarketing.portlets.structure.model.ContentletRelationshipsTest$CardinalityTestCase@5ae65c44]" classname="com.dotmarketing.portlets.structure.model.ContentletRelationshipsTest" time="0.415"/>
  <testcase name="testDoesAllowOnlyOne[2: com.dotmarketing.portlets.structure.model.ContentletRelationshipsTest$CardinalityTestCase@743cf2b3]" classname="com.dotmarketing.portlets.structure.model.ContentletRelationshipsTest" time="0.433"/>
  <testcase name="testGetRelationshipRecords[0: com.dotmarketing.portlets.structure.model.ContentletRelationshipsTest$TestCase@7c35ef8a]" classname="com.dotmarketing.portlets.structure.model.ContentletRelationshipsTest" time="2.042"/>
  <testcase name="testGetRelationshipRecords[1: com.dotmarketing.portlets.structure.model.ContentletRelationshipsTest$TestCase@6b0068b]" classname="com.dotmarketing.portlets.structure.model.ContentletRelationshipsTest" time="1.844"/>
  <testcase name="testGetRelationshipRecords[2: com.dotmarketing.portlets.structure.model.ContentletRelationshipsTest$TestCase@6edc6e65]" classname="com.dotmarketing.portlets.structure.model.ContentletRelationshipsTest" time="1.735"/>
  <testcase name="testGetRelationshipRecords[3: com.dotmarketing.portlets.structure.model.ContentletRelationshipsTest$TestCase@7de6b067]" classname="com.dotmarketing.portlets.structure.model.ContentletRelationshipsTest" time="1.743"/>
  <system-out><![CDATA[]]></system-out>
  <system-err><![CDATA[]]></system-err>
</testsuite>
