<?xml version="1.0" encoding="UTF-8"?>
<testsuite name="com.dotcms.content.elasticsearch.business.ESSiteSearchAPITest" tests="3" skipped="0" failures="0" errors="0" timestamp="2023-07-21T05:37:56" hostname="fv-az484-380" time="20.19">
  <properties/>
  <testcase name="testCreateSiteSearchIndexAndMakeItDefault" classname="com.dotcms.content.elasticsearch.business.ESSiteSearchAPITest" time="0.163"/>
  <testcase name="testFullReindexKeepsDefaultSiteSearchIndex" classname="com.dotcms.content.elasticsearch.business.ESSiteSearchAPITest" time="10.281"/>
  <testcase name="testReindexAbortKeepsDefaultSiteSearchIndex" classname="com.dotcms.content.elasticsearch.business.ESSiteSearchAPITest" time="9.743"/>
  <system-out><![CDATA[]]></system-out>
  <system-err><![CDATA[]]></system-err>
</testsuite>
