<?xml version="1.0" encoding="UTF-8"?>
<testsuite name="com.dotcms.uuid.shorty.ShortyIdApiTest" tests="11" skipped="0" failures="0" errors="0" timestamp="2023-07-14T18:28:41" hostname="fv-az617-846" time="29.031">
  <properties/>
  <testcase name="test404Cache" classname="com.dotcms.uuid.shorty.ShortyIdApiTest" time="1.334"/>
  <testcase name="test404CacheWhenDBDown" classname="com.dotcms.uuid.shorty.ShortyIdApiTest" time="10.756"/>
  <testcase name="testShortyLookup" classname="com.dotcms.uuid.shorty.ShortyIdApiTest" time="2.068"/>
  <testcase name="testUuidIfy" classname="com.dotcms.uuid.shorty.ShortyIdApiTest" time="2.004"/>
  <testcase name="testLongerShorties" classname="com.dotcms.uuid.shorty.ShortyIdApiTest" time="1.934"/>
  <testcase name="testShortify" classname="com.dotcms.uuid.shorty.ShortyIdApiTest" time="0.998"/>
  <testcase name="testContentlet404CacheInvalidation" classname="com.dotcms.uuid.shorty.ShortyIdApiTest" time="2.023"/>
  <testcase name="testTempShorties" classname="com.dotcms.uuid.shorty.ShortyIdApiTest" time="1.962"/>
  <testcase name="testShortyCache" classname="com.dotcms.uuid.shorty.ShortyIdApiTest" time="2.073"/>
  <testcase name="testValidShorty" classname="com.dotcms.uuid.shorty.ShortyIdApiTest" time="1.933"/>
  <testcase name="testIdentifier404CacheInvalidation" classname="com.dotcms.uuid.shorty.ShortyIdApiTest" time="1.946"/>
  <system-out><![CDATA[











































































































































































































































































































]]></system-out>
  <system-err><![CDATA[]]></system-err>
</testsuite>
