<?xml version="1.0" encoding="UTF-8"?>
<testsuite name="com.dotmarketing.portlets.structure.model.ContentletRelationshipsTest" tests="7" skipped="0" failures="0" errors="0" timestamp="2023-06-26T16:17:20" hostname="fv-az955-152" time="8.277">
  <properties/>
  <testcase name="testDoesAllowOnlyOne[0: com.dotmarketing.portlets.structure.model.ContentletRelationshipsTest$CardinalityTestCase@2ed40b21]" classname="com.dotmarketing.portlets.structure.model.ContentletRelationshipsTest" time="0.397"/>
  <testcase name="testDoesAllowOnlyOne[1: com.dotmarketing.portlets.structure.model.ContentletRelationshipsTest$CardinalityTestCase@2ee1a5d6]" classname="com.dotmarketing.portlets.structure.model.ContentletRelationshipsTest" time="0.382"/>
  <testcase name="testDoesAllowOnlyOne[2: com.dotmarketing.portlets.structure.model.ContentletRelationshipsTest$CardinalityTestCase@35e4781c]" classname="com.dotmarketing.portlets.structure.model.ContentletRelationshipsTest" time="0.41"/>
  <testcase name="testGetRelationshipRecords[0: com.dotmarketing.portlets.structure.model.ContentletRelationshipsTest$TestCase@2048d31d]" classname="com.dotmarketing.portlets.structure.model.ContentletRelationshipsTest" time="1.87"/>
  <testcase name="testGetRelationshipRecords[1: com.dotmarketing.portlets.structure.model.ContentletRelationshipsTest$TestCase@2e4b4936]" classname="com.dotmarketing.portlets.structure.model.ContentletRelationshipsTest" time="1.855"/>
  <testcase name="testGetRelationshipRecords[2: com.dotmarketing.portlets.structure.model.ContentletRelationshipsTest$TestCase@d27963c]" classname="com.dotmarketing.portlets.structure.model.ContentletRelationshipsTest" time="1.69"/>
  <testcase name="testGetRelationshipRecords[3: com.dotmarketing.portlets.structure.model.ContentletRelationshipsTest$TestCase@1b953b1c]" classname="com.dotmarketing.portlets.structure.model.ContentletRelationshipsTest" time="1.672"/>
  <system-out><![CDATA[]]></system-out>
  <system-err><![CDATA[]]></system-err>
</testsuite>
