<?xml version="1.0" encoding="UTF-8"?>
<testsuite name="com.dotcms.rest.api.v1.vtl.VTLResourceIntegrationTest" tests="6" skipped="0" failures="0" errors="0" timestamp="2023-07-13T21:25:44" hostname="fv-az717-983" time="12.361">
  <properties/>
  <testcase name="testGet[0: com.dotcms.rest.api.v1.vtl.VTLResourceTestCase@b127f7c]" classname="com.dotcms.rest.api.v1.vtl.VTLResourceIntegrationTest" time="2.501"/>
  <testcase name="testGet[1: com.dotcms.rest.api.v1.vtl.VTLResourceTestCase@1cd1a75a]" classname="com.dotcms.rest.api.v1.vtl.VTLResourceIntegrationTest" time="1.879"/>
  <testcase name="testGet[2: com.dotcms.rest.api.v1.vtl.VTLResourceTestCase@454d09e5]" classname="com.dotcms.rest.api.v1.vtl.VTLResourceIntegrationTest" time="2.026"/>
  <testcase name="testGet[3: com.dotcms.rest.api.v1.vtl.VTLResourceTestCase@2845e7e2]" classname="com.dotcms.rest.api.v1.vtl.VTLResourceIntegrationTest" time="2.081"/>
  <testcase name="testGet[4: com.dotcms.rest.api.v1.vtl.VTLResourceTestCase@30b49409]" classname="com.dotcms.rest.api.v1.vtl.VTLResourceIntegrationTest" time="1.937"/>
  <testcase name="testGet[5: com.dotcms.rest.api.v1.vtl.VTLResourceTestCase@214e0e32]" classname="com.dotcms.rest.api.v1.vtl.VTLResourceIntegrationTest" time="1.937"/>
  <system-out><![CDATA[]]></system-out>
  <system-err><![CDATA[]]></system-err>
</testsuite>
