<?xml version="1.0" encoding="UTF-8"?>
<testsuite name="com.dotcms.rendering.velocity.viewtools.content.util.ContentUtilsTest" tests="89" skipped="0" failures="0" errors="0" timestamp="2023-07-12T19:25:17" hostname="fv-az552-613" time="397.32">
  <properties/>
  <testcase name="whenTheTimeMachineDateIsNullAndPublishDateInFutureShouldNotReturnAnything" classname="com.dotcms.rendering.velocity.viewtools.content.util.ContentUtilsTest" time="2.9"/>
  <testcase name="test_find_multilingual_contentlet_getContentletSuccessfully" classname="com.dotcms.rendering.velocity.viewtools.content.util.ContentUtilsTest" time="2.05"/>
  <testcase name="whenTheTimeMachineDateAndPublishDateAreTomorrowShouldReturnOneContent" classname="com.dotcms.rendering.velocity.viewtools.content.util.ContentUtilsTest" time="2.913"/>
  <testcase name="testPullRelated[0: com.dotcms.rendering.velocity.viewtools.content.util.ContentUtilsTest$TestCase@7a58037d]" classname="com.dotcms.rendering.velocity.viewtools.content.util.ContentUtilsTest" time="3.583"/>
  <testcase name="testPullRelated[1: com.dotcms.rendering.velocity.viewtools.content.util.ContentUtilsTest$TestCase@1690598a]" classname="com.dotcms.rendering.velocity.viewtools.content.util.ContentUtilsTest" time="4.192"/>
  <testcase name="testPullRelated[2: com.dotcms.rendering.velocity.viewtools.content.util.ContentUtilsTest$TestCase@5a44614]" classname="com.dotcms.rendering.velocity.viewtools.content.util.ContentUtilsTest" time="4.138"/>
  <testcase name="testPullRelated[3: com.dotcms.rendering.velocity.viewtools.content.util.ContentUtilsTest$TestCase@374181ea]" classname="com.dotcms.rendering.velocity.viewtools.content.util.ContentUtilsTest" time="4.039"/>
  <testcase name="testPullRelated[4: com.dotcms.rendering.velocity.viewtools.content.util.ContentUtilsTest$TestCase@db83f94]" classname="com.dotcms.rendering.velocity.viewtools.content.util.ContentUtilsTest" time="3.956"/>
  <testcase name="testPullRelated[5: com.dotcms.rendering.velocity.viewtools.content.util.ContentUtilsTest$TestCase@19f06ba0]" classname="com.dotcms.rendering.velocity.viewtools.content.util.ContentUtilsTest" time="3.963"/>
  <testcase name="testPullRelated[6: com.dotcms.rendering.velocity.viewtools.content.util.ContentUtilsTest$TestCase@3ec31a6c]" classname="com.dotcms.rendering.velocity.viewtools.content.util.ContentUtilsTest" time="4.237"/>
  <testcase name="testPullRelated[7: com.dotcms.rendering.velocity.viewtools.content.util.ContentUtilsTest$TestCase@536928f]" classname="com.dotcms.rendering.velocity.viewtools.content.util.ContentUtilsTest" time="4.033"/>
  <testcase name="testPullRelated[8: com.dotcms.rendering.velocity.viewtools.content.util.ContentUtilsTest$TestCase@49be4922]" classname="com.dotcms.rendering.velocity.viewtools.content.util.ContentUtilsTest" time="3.992"/>
  <testcase name="testPullRelated[9: com.dotcms.rendering.velocity.viewtools.content.util.ContentUtilsTest$TestCase@538996de]" classname="com.dotcms.rendering.velocity.viewtools.content.util.ContentUtilsTest" time="2.835"/>
  <testcase name="testPullRelated[10: com.dotcms.rendering.velocity.viewtools.content.util.ContentUtilsTest$TestCase@753ff6b9]" classname="com.dotcms.rendering.velocity.viewtools.content.util.ContentUtilsTest" time="4.262"/>
  <testcase name="testPullRelated[11: com.dotcms.rendering.velocity.viewtools.content.util.ContentUtilsTest$TestCase@442ca07b]" classname="com.dotcms.rendering.velocity.viewtools.content.util.ContentUtilsTest" time="4.094"/>
  <testcase name="testPullRelated[12: com.dotcms.rendering.velocity.viewtools.content.util.ContentUtilsTest$TestCase@7fe00685]" classname="com.dotcms.rendering.velocity.viewtools.content.util.ContentUtilsTest" time="3.918"/>
  <testcase name="testPullRelated[13: com.dotcms.rendering.velocity.viewtools.content.util.ContentUtilsTest$TestCase@60c050c1]" classname="com.dotcms.rendering.velocity.viewtools.content.util.ContentUtilsTest" time="2.865"/>
  <testcase name="testPullRelated[14: com.dotcms.rendering.velocity.viewtools.content.util.ContentUtilsTest$TestCase@6a40e85e]" classname="com.dotcms.rendering.velocity.viewtools.content.util.ContentUtilsTest" time="3.188"/>
  <testcase name="testPullRelated[15: com.dotcms.rendering.velocity.viewtools.content.util.ContentUtilsTest$TestCase@4b4eb215]" classname="com.dotcms.rendering.velocity.viewtools.content.util.ContentUtilsTest" time="4.166"/>
  <testcase name="testPullRelated[16: com.dotcms.rendering.velocity.viewtools.content.util.ContentUtilsTest$TestCase@34e541d7]" classname="com.dotcms.rendering.velocity.viewtools.content.util.ContentUtilsTest" time="3.962"/>
  <testcase name="testPullRelated[17: com.dotcms.rendering.velocity.viewtools.content.util.ContentUtilsTest$TestCase@56c159d2]" classname="com.dotcms.rendering.velocity.viewtools.content.util.ContentUtilsTest" time="4.017"/>
  <testcase name="testPullRelated[18: com.dotcms.rendering.velocity.viewtools.content.util.ContentUtilsTest$TestCase@3bae494c]" classname="com.dotcms.rendering.velocity.viewtools.content.util.ContentUtilsTest" time="4.146"/>
  <testcase name="testPullRelated[19: com.dotcms.rendering.velocity.viewtools.content.util.ContentUtilsTest$TestCase@54e8a36]" classname="com.dotcms.rendering.velocity.viewtools.content.util.ContentUtilsTest" time="4.021"/>
  <testcase name="testPullRelated[20: com.dotcms.rendering.velocity.viewtools.content.util.ContentUtilsTest$TestCase@1bbb98b1]" classname="com.dotcms.rendering.velocity.viewtools.content.util.ContentUtilsTest" time="2.928"/>
  <testcase name="testPullRelated[21: com.dotcms.rendering.velocity.viewtools.content.util.ContentUtilsTest$TestCase@47e85ddd]" classname="com.dotcms.rendering.velocity.viewtools.content.util.ContentUtilsTest" time="2.983"/>
  <testcase name="testPullRelated[22: com.dotcms.rendering.velocity.viewtools.content.util.ContentUtilsTest$TestCase@e459845]" classname="com.dotcms.rendering.velocity.viewtools.content.util.ContentUtilsTest" time="3.993"/>
  <testcase name="testPullRelated[23: com.dotcms.rendering.velocity.viewtools.content.util.ContentUtilsTest$TestCase@7f2bbc81]" classname="com.dotcms.rendering.velocity.viewtools.content.util.ContentUtilsTest" time="3.299"/>
  <testcase name="testPullRelated[24: com.dotcms.rendering.velocity.viewtools.content.util.ContentUtilsTest$TestCase@3892ddc5]" classname="com.dotcms.rendering.velocity.viewtools.content.util.ContentUtilsTest" time="3.886"/>
  <testcase name="testPullRelated[25: com.dotcms.rendering.velocity.viewtools.content.util.ContentUtilsTest$TestCase@3d9179bf]" classname="com.dotcms.rendering.velocity.viewtools.content.util.ContentUtilsTest" time="4.128"/>
  <testcase name="testPullRelated[26: com.dotcms.rendering.velocity.viewtools.content.util.ContentUtilsTest$TestCase@1f3459f8]" classname="com.dotcms.rendering.velocity.viewtools.content.util.ContentUtilsTest" time="4.172"/>
  <testcase name="testPullRelated[27: com.dotcms.rendering.velocity.viewtools.content.util.ContentUtilsTest$TestCase@3dd9312b]" classname="com.dotcms.rendering.velocity.viewtools.content.util.ContentUtilsTest" time="4.156"/>
  <testcase name="testPullRelated[28: com.dotcms.rendering.velocity.viewtools.content.util.ContentUtilsTest$TestCase@138bafa0]" classname="com.dotcms.rendering.velocity.viewtools.content.util.ContentUtilsTest" time="2.647"/>
  <testcase name="testPullRelated[29: com.dotcms.rendering.velocity.viewtools.content.util.ContentUtilsTest$TestCase@25e160ef]" classname="com.dotcms.rendering.velocity.viewtools.content.util.ContentUtilsTest" time="3.255"/>
  <testcase name="testPullRelated[30: com.dotcms.rendering.velocity.viewtools.content.util.ContentUtilsTest$TestCase@18271632]" classname="com.dotcms.rendering.velocity.viewtools.content.util.ContentUtilsTest" time="3.967"/>
  <testcase name="testPullRelated[31: com.dotcms.rendering.velocity.viewtools.content.util.ContentUtilsTest$TestCase@6c033c74]" classname="com.dotcms.rendering.velocity.viewtools.content.util.ContentUtilsTest" time="4.241"/>
  <testcase name="testPullRelated[32: com.dotcms.rendering.velocity.viewtools.content.util.ContentUtilsTest$TestCase@223b78fb]" classname="com.dotcms.rendering.velocity.viewtools.content.util.ContentUtilsTest" time="4.028"/>
  <testcase name="testPullRelated[33: com.dotcms.rendering.velocity.viewtools.content.util.ContentUtilsTest$TestCase@c73824b]" classname="com.dotcms.rendering.velocity.viewtools.content.util.ContentUtilsTest" time="3.965"/>
  <testcase name="testPullRelated[34: com.dotcms.rendering.velocity.viewtools.content.util.ContentUtilsTest$TestCase@2c458371]" classname="com.dotcms.rendering.velocity.viewtools.content.util.ContentUtilsTest" time="4.197"/>
  <testcase name="testPullRelated[35: com.dotcms.rendering.velocity.viewtools.content.util.ContentUtilsTest$TestCase@5950fa11]" classname="com.dotcms.rendering.velocity.viewtools.content.util.ContentUtilsTest" time="2.894"/>
  <testcase name="testPullRelated[36: com.dotcms.rendering.velocity.viewtools.content.util.ContentUtilsTest$TestCase@2055bd60]" classname="com.dotcms.rendering.velocity.viewtools.content.util.ContentUtilsTest" time="6.326"/>
  <testcase name="testPullRelated[37: com.dotcms.rendering.velocity.viewtools.content.util.ContentUtilsTest$TestCase@302402fb]" classname="com.dotcms.rendering.velocity.viewtools.content.util.ContentUtilsTest" time="5.732"/>
  <testcase name="testPullRelated[38: com.dotcms.rendering.velocity.viewtools.content.util.ContentUtilsTest$TestCase@307a5185]" classname="com.dotcms.rendering.velocity.viewtools.content.util.ContentUtilsTest" time="6.165"/>
  <testcase name="testPullRelated[39: com.dotcms.rendering.velocity.viewtools.content.util.ContentUtilsTest$TestCase@6ea4a5e9]" classname="com.dotcms.rendering.velocity.viewtools.content.util.ContentUtilsTest" time="6.363"/>
  <testcase name="testPullRelated[40: com.dotcms.rendering.velocity.viewtools.content.util.ContentUtilsTest$TestCase@6397abe0]" classname="com.dotcms.rendering.velocity.viewtools.content.util.ContentUtilsTest" time="5.885"/>
  <testcase name="testPullRelated[41: com.dotcms.rendering.velocity.viewtools.content.util.ContentUtilsTest$TestCase@73b45eb3]" classname="com.dotcms.rendering.velocity.viewtools.content.util.ContentUtilsTest" time="5.911"/>
  <testcase name="testPullRelated[42: com.dotcms.rendering.velocity.viewtools.content.util.ContentUtilsTest$TestCase@11a0cf39]" classname="com.dotcms.rendering.velocity.viewtools.content.util.ContentUtilsTest" time="6.243"/>
  <testcase name="testPullRelated[43: com.dotcms.rendering.velocity.viewtools.content.util.ContentUtilsTest$TestCase@5a60ab09]" classname="com.dotcms.rendering.velocity.viewtools.content.util.ContentUtilsTest" time="6.113"/>
  <testcase name="testPullRelated[44: com.dotcms.rendering.velocity.viewtools.content.util.ContentUtilsTest$TestCase@4f6c30e]" classname="com.dotcms.rendering.velocity.viewtools.content.util.ContentUtilsTest" time="6.077"/>
  <testcase name="testPullRelated[45: com.dotcms.rendering.velocity.viewtools.content.util.ContentUtilsTest$TestCase@55e644e5]" classname="com.dotcms.rendering.velocity.viewtools.content.util.ContentUtilsTest" time="5.924"/>
  <testcase name="testPullRelated[46: com.dotcms.rendering.velocity.viewtools.content.util.ContentUtilsTest$TestCase@42289067]" classname="com.dotcms.rendering.velocity.viewtools.content.util.ContentUtilsTest" time="6.376"/>
  <testcase name="testPullRelated[47: com.dotcms.rendering.velocity.viewtools.content.util.ContentUtilsTest$TestCase@1d4f43c8]" classname="com.dotcms.rendering.velocity.viewtools.content.util.ContentUtilsTest" time="5.044"/>
  <testcase name="testPullRelated[48: com.dotcms.rendering.velocity.viewtools.content.util.ContentUtilsTest$TestCase@2f131ddc]" classname="com.dotcms.rendering.velocity.viewtools.content.util.ContentUtilsTest" time="5.898"/>
  <testcase name="testPullRelated[49: com.dotcms.rendering.velocity.viewtools.content.util.ContentUtilsTest$TestCase@48b5a5b7]" classname="com.dotcms.rendering.velocity.viewtools.content.util.ContentUtilsTest" time="6.024"/>
  <testcase name="testPullRelated[50: com.dotcms.rendering.velocity.viewtools.content.util.ContentUtilsTest$TestCase@4e18bf6e]" classname="com.dotcms.rendering.velocity.viewtools.content.util.ContentUtilsTest" time="6.434"/>
  <testcase name="testPullRelated[51: com.dotcms.rendering.velocity.viewtools.content.util.ContentUtilsTest$TestCase@292ef466]" classname="com.dotcms.rendering.velocity.viewtools.content.util.ContentUtilsTest" time="5.791"/>
  <testcase name="testPullRelated[52: com.dotcms.rendering.velocity.viewtools.content.util.ContentUtilsTest$TestCase@1ee4e162]" classname="com.dotcms.rendering.velocity.viewtools.content.util.ContentUtilsTest" time="6.116"/>
  <testcase name="testPullRelated[53: com.dotcms.rendering.velocity.viewtools.content.util.ContentUtilsTest$TestCase@7b197714]" classname="com.dotcms.rendering.velocity.viewtools.content.util.ContentUtilsTest" time="5.959"/>
  <testcase name="testPullRelated[54: com.dotcms.rendering.velocity.viewtools.content.util.ContentUtilsTest$TestCase@70f144d6]" classname="com.dotcms.rendering.velocity.viewtools.content.util.ContentUtilsTest" time="6.314"/>
  <testcase name="testPullRelated[55: com.dotcms.rendering.velocity.viewtools.content.util.ContentUtilsTest$TestCase@2ea2136a]" classname="com.dotcms.rendering.velocity.viewtools.content.util.ContentUtilsTest" time="6.079"/>
  <testcase name="testPullRelated[56: com.dotcms.rendering.velocity.viewtools.content.util.ContentUtilsTest$TestCase@17f4082d]" classname="com.dotcms.rendering.velocity.viewtools.content.util.ContentUtilsTest" time="6.03"/>
  <testcase name="testPullRelated[57: com.dotcms.rendering.velocity.viewtools.content.util.ContentUtilsTest$TestCase@27656c10]" classname="com.dotcms.rendering.velocity.viewtools.content.util.ContentUtilsTest" time="5.961"/>
  <testcase name="testPullRelated[58: com.dotcms.rendering.velocity.viewtools.content.util.ContentUtilsTest$TestCase@5dc85bde]" classname="com.dotcms.rendering.velocity.viewtools.content.util.ContentUtilsTest" time="5.103"/>
  <testcase name="testPullRelated[59: com.dotcms.rendering.velocity.viewtools.content.util.ContentUtilsTest$TestCase@63cf3a4e]" classname="com.dotcms.rendering.velocity.viewtools.content.util.ContentUtilsTest" time="6.181"/>
  <testcase name="testPullRelated[60: com.dotcms.rendering.velocity.viewtools.content.util.ContentUtilsTest$TestCase@544df37a]" classname="com.dotcms.rendering.velocity.viewtools.content.util.ContentUtilsTest" time="6.021"/>
  <testcase name="testPullRelated[61: com.dotcms.rendering.velocity.viewtools.content.util.ContentUtilsTest$TestCase@58c4000f]" classname="com.dotcms.rendering.velocity.viewtools.content.util.ContentUtilsTest" time="5.901"/>
  <testcase name="testPullRelated[62: com.dotcms.rendering.velocity.viewtools.content.util.ContentUtilsTest$TestCase@474db662]" classname="com.dotcms.rendering.velocity.viewtools.content.util.ContentUtilsTest" time="6.292"/>
  <testcase name="testPullRelated[63: com.dotcms.rendering.velocity.viewtools.content.util.ContentUtilsTest$TestCase@5dcaf98f]" classname="com.dotcms.rendering.velocity.viewtools.content.util.ContentUtilsTest" time="5.42"/>
  <testcase name="testPullRelated[64: com.dotcms.rendering.velocity.viewtools.content.util.ContentUtilsTest$TestCase@66a7076f]" classname="com.dotcms.rendering.velocity.viewtools.content.util.ContentUtilsTest" time="5.561"/>
  <testcase name="testPullRelated[65: com.dotcms.rendering.velocity.viewtools.content.util.ContentUtilsTest$TestCase@1e1ba7cc]" classname="com.dotcms.rendering.velocity.viewtools.content.util.ContentUtilsTest" time="6.193"/>
  <testcase name="testPullRelated[66: com.dotcms.rendering.velocity.viewtools.content.util.ContentUtilsTest$TestCase@344feccb]" classname="com.dotcms.rendering.velocity.viewtools.content.util.ContentUtilsTest" time="6.155"/>
  <testcase name="testPullRelated[67: com.dotcms.rendering.velocity.viewtools.content.util.ContentUtilsTest$TestCase@3e436d4c]" classname="com.dotcms.rendering.velocity.viewtools.content.util.ContentUtilsTest" time="6.019"/>
  <testcase name="testPullRelated[68: com.dotcms.rendering.velocity.viewtools.content.util.ContentUtilsTest$TestCase@60018994]" classname="com.dotcms.rendering.velocity.viewtools.content.util.ContentUtilsTest" time="5.162"/>
  <testcase name="testPullRelated[69: com.dotcms.rendering.velocity.viewtools.content.util.ContentUtilsTest$TestCase@2367779f]" classname="com.dotcms.rendering.velocity.viewtools.content.util.ContentUtilsTest" time="5.08"/>
  <testcase name="testPullRelated[70: com.dotcms.rendering.velocity.viewtools.content.util.ContentUtilsTest$TestCase@6805fe8c]" classname="com.dotcms.rendering.velocity.viewtools.content.util.ContentUtilsTest" time="5.983"/>
  <testcase name="testPullRelated[71: com.dotcms.rendering.velocity.viewtools.content.util.ContentUtilsTest$TestCase@4d09c7cd]" classname="com.dotcms.rendering.velocity.viewtools.content.util.ContentUtilsTest" time="6.092"/>
  <testcase name="whenPublishAndExpireDatesAreInTheFutureAndTimeMachineIsAfterBoth" classname="com.dotcms.rendering.velocity.viewtools.content.util.ContentUtilsTest" time="3.019"/>
  <testcase name="testPullRelatedForLegacyRelationship[0: com.dotcms.rendering.velocity.viewtools.content.util.ContentUtilsTest$LegacyTestCase@21a8bad1]" classname="com.dotcms.rendering.velocity.viewtools.content.util.ContentUtilsTest" time="3.722"/>
  <testcase name="testPullRelatedForLegacyRelationship[1: com.dotcms.rendering.velocity.viewtools.content.util.ContentUtilsTest$LegacyTestCase@39ebeaf4]" classname="com.dotcms.rendering.velocity.viewtools.content.util.ContentUtilsTest" time="4.145"/>
  <testcase name="whenTheTimeMachineDateIsAfterTomorrowAndExpireDateIsTomorrowShouldNotReturnContent" classname="com.dotcms.rendering.velocity.viewtools.content.util.ContentUtilsTest" time="3.009"/>
  <testcase name="testPullLiveRelatedWhenLatestVersionIsWorking" classname="com.dotcms.rendering.velocity.viewtools.content.util.ContentUtilsTest" time="2.867"/>
  <testcase name="test_add_relationships_on_parent_children_related_contents" classname="com.dotcms.rendering.velocity.viewtools.content.util.ContentUtilsTest" time="1.563"/>
  <testcase name="testSortPullRelated[0: com.dotcms.rendering.velocity.viewtools.content.util.ContentUtilsTest$SortTestCase@7edd92db]" classname="com.dotcms.rendering.velocity.viewtools.content.util.ContentUtilsTest" time="2.696"/>
  <testcase name="testSortPullRelated[1: com.dotcms.rendering.velocity.viewtools.content.util.ContentUtilsTest$SortTestCase@7d690562]" classname="com.dotcms.rendering.velocity.viewtools.content.util.ContentUtilsTest" time="2.827"/>
  <testcase name="testSortPullRelated[2: com.dotcms.rendering.velocity.viewtools.content.util.ContentUtilsTest$SortTestCase@1973562c]" classname="com.dotcms.rendering.velocity.viewtools.content.util.ContentUtilsTest" time="2.739"/>
  <testcase name="testSortPullRelated[3: com.dotcms.rendering.velocity.viewtools.content.util.ContentUtilsTest$SortTestCase@7f29b3bc]" classname="com.dotcms.rendering.velocity.viewtools.content.util.ContentUtilsTest" time="2.814"/>
  <testcase name="testSortPullRelated[4: com.dotcms.rendering.velocity.viewtools.content.util.ContentUtilsTest$SortTestCase@6df0bdc8]" classname="com.dotcms.rendering.velocity.viewtools.content.util.ContentUtilsTest" time="1.736"/>
  <testcase name="testSortPullRelated[5: com.dotcms.rendering.velocity.viewtools.content.util.ContentUtilsTest$SortTestCase@5807f701]" classname="com.dotcms.rendering.velocity.viewtools.content.util.ContentUtilsTest" time="2.788"/>
  <testcase name="whenTheTimeMachineDateIsAfterTomorrowAndExpireDateIsInFutureShouldReturnContent" classname="com.dotcms.rendering.velocity.viewtools.content.util.ContentUtilsTest" time="3.028"/>
  <testcase name="testPullRelatedFieldShouldRespectDefaultOrder" classname="com.dotcms.rendering.velocity.viewtools.content.util.ContentUtilsTest" time="2.227"/>
  <system-out><![CDATA[]]></system-out>
  <system-err><![CDATA[]]></system-err>
</testsuite>
