<?xml version="1.0" encoding="UTF-8"?>
<testsuite name="com.dotcms.rest.api.v1.vtl.VTLResourceIntegrationTest" tests="6" skipped="0" failures="0" errors="0" timestamp="2023-06-28T00:03:27" hostname="fv-az313-98" time="12.127">
  <properties/>
  <testcase name="testGet[0: com.dotcms.rest.api.v1.vtl.VTLResourceTestCase@30fd849a]" classname="com.dotcms.rest.api.v1.vtl.VTLResourceIntegrationTest" time="2.22"/>
  <testcase name="testGet[1: com.dotcms.rest.api.v1.vtl.VTLResourceTestCase@5f22b1c7]" classname="com.dotcms.rest.api.v1.vtl.VTLResourceIntegrationTest" time="1.893"/>
  <testcase name="testGet[2: com.dotcms.rest.api.v1.vtl.VTLResourceTestCase@513fcfdb]" classname="com.dotcms.rest.api.v1.vtl.VTLResourceIntegrationTest" time="2.257"/>
  <testcase name="testGet[3: com.dotcms.rest.api.v1.vtl.VTLResourceTestCase@69f171dc]" classname="com.dotcms.rest.api.v1.vtl.VTLResourceIntegrationTest" time="1.748"/>
  <testcase name="testGet[4: com.dotcms.rest.api.v1.vtl.VTLResourceTestCase@3574f12c]" classname="com.dotcms.rest.api.v1.vtl.VTLResourceIntegrationTest" time="1.971"/>
  <testcase name="testGet[5: com.dotcms.rest.api.v1.vtl.VTLResourceTestCase@7f12d2cc]" classname="com.dotcms.rest.api.v1.vtl.VTLResourceIntegrationTest" time="2.038"/>
  <system-out><![CDATA[]]></system-out>
  <system-err><![CDATA[]]></system-err>
</testsuite>
