<?xml version="1.0" encoding="UTF-8"?>
<testsuite name="com.dotmarketing.portlets.workflows.model.SystemActionWorkflowActionMappingTest" tests="3" skipped="0" failures="0" errors="0" timestamp="2023-07-11T03:18:45" hostname="fv-az1256-472" time="0.129">
  <properties/>
  <testcase name="test_serialize_deserialize_wrapper_jackson" classname="com.dotmarketing.portlets.workflows.model.SystemActionWorkflowActionMappingTest" time="0.064"/>
  <testcase name="test_serialize_deserialize_wrapper_xstream" classname="com.dotmarketing.portlets.workflows.model.SystemActionWorkflowActionMappingTest" time="0.033"/>
  <testcase name="test_serialize_deserialize_xstream" classname="com.dotmarketing.portlets.workflows.model.SystemActionWorkflowActionMappingTest" time="0.032"/>
  <system-out><![CDATA[]]></system-out>
  <system-err><![CDATA[]]></system-err>
</testsuite>
