<?xml version="1.0" encoding="UTF-8"?>
<testsuite name="com.dotcms.rest.elasticsearch.ESContentResourcePortletTest" tests="8" skipped="0" failures="0" errors="0" timestamp="2023-06-23T17:05:18" hostname="fv-az1098-397" time="8.584">
  <properties/>
  <testcase name="test_search_includeGrandChildCategory_success" classname="com.dotcms.rest.elasticsearch.ESContentResourcePortletTest" time="1.326"/>
  <testcase name="testSearch[0: com.dotcms.rest.elasticsearch.ESContentResourcePortletTest$TestCase@6269550a]" classname="com.dotcms.rest.elasticsearch.ESContentResourcePortletTest" time="0.893"/>
  <testcase name="testSearch[1: com.dotcms.rest.elasticsearch.ESContentResourcePortletTest$TestCase@37b79651]" classname="com.dotcms.rest.elasticsearch.ESContentResourcePortletTest" time="1.226"/>
  <testcase name="testSearch[2: com.dotcms.rest.elasticsearch.ESContentResourcePortletTest$TestCase@5853ccd2]" classname="com.dotcms.rest.elasticsearch.ESContentResourcePortletTest" time="0.877"/>
  <testcase name="testSearch[3: com.dotcms.rest.elasticsearch.ESContentResourcePortletTest$TestCase@38dc2010]" classname="com.dotcms.rest.elasticsearch.ESContentResourcePortletTest" time="1.237"/>
  <testcase name="testSearch[4: com.dotcms.rest.elasticsearch.ESContentResourcePortletTest$TestCase@1035e304]" classname="com.dotcms.rest.elasticsearch.ESContentResourcePortletTest" time="1.215"/>
  <testcase name="testSearch[5: com.dotcms.rest.elasticsearch.ESContentResourcePortletTest$TestCase@1bbbfa4d]" classname="com.dotcms.rest.elasticsearch.ESContentResourcePortletTest" time="0.914"/>
  <testcase name="testSearch[6: com.dotcms.rest.elasticsearch.ESContentResourcePortletTest$TestCase@5dc880b4]" classname="com.dotcms.rest.elasticsearch.ESContentResourcePortletTest" time="0.896"/>
  <system-out><![CDATA[]]></system-out>
  <system-err><![CDATA[]]></system-err>
</testsuite>
