<?xml version="1.0" encoding="UTF-8"?>
<testsuite name="com.dotcms.rest.api.v1.vtl.VTLResourceIntegrationTest" tests="6" skipped="0" failures="0" errors="0" timestamp="2023-07-17T23:54:45" hostname="fv-az442-90" time="12.01">
  <properties/>
  <testcase name="testGet[0: com.dotcms.rest.api.v1.vtl.VTLResourceTestCase@63401a99]" classname="com.dotcms.rest.api.v1.vtl.VTLResourceIntegrationTest" time="2.347"/>
  <testcase name="testGet[1: com.dotcms.rest.api.v1.vtl.VTLResourceTestCase@23310a38]" classname="com.dotcms.rest.api.v1.vtl.VTLResourceIntegrationTest" time="1.72"/>
  <testcase name="testGet[2: com.dotcms.rest.api.v1.vtl.VTLResourceTestCase@5f289ccc]" classname="com.dotcms.rest.api.v1.vtl.VTLResourceIntegrationTest" time="2.014"/>
  <testcase name="testGet[3: com.dotcms.rest.api.v1.vtl.VTLResourceTestCase@156ea076]" classname="com.dotcms.rest.api.v1.vtl.VTLResourceIntegrationTest" time="2.128"/>
  <testcase name="testGet[4: com.dotcms.rest.api.v1.vtl.VTLResourceTestCase@7699e490]" classname="com.dotcms.rest.api.v1.vtl.VTLResourceIntegrationTest" time="1.935"/>
  <testcase name="testGet[5: com.dotcms.rest.api.v1.vtl.VTLResourceTestCase@5dd240b1]" classname="com.dotcms.rest.api.v1.vtl.VTLResourceIntegrationTest" time="1.866"/>
  <system-out><![CDATA[]]></system-out>
  <system-err><![CDATA[]]></system-err>
</testsuite>
