<?xml version="1.0" encoding="UTF-8"?>
<testsuite name="com.dotcms.rest.api.v1.vtl.VTLResourceIntegrationTest" tests="6" skipped="0" failures="0" errors="0" timestamp="2023-06-28T18:57:29" hostname="fv-az398-53" time="12.189">
  <properties/>
  <testcase name="testGet[0: com.dotcms.rest.api.v1.vtl.VTLResourceTestCase@2fff3ed0]" classname="com.dotcms.rest.api.v1.vtl.VTLResourceIntegrationTest" time="2.142"/>
  <testcase name="testGet[1: com.dotcms.rest.api.v1.vtl.VTLResourceTestCase@2fe8d20a]" classname="com.dotcms.rest.api.v1.vtl.VTLResourceIntegrationTest" time="2.001"/>
  <testcase name="testGet[2: com.dotcms.rest.api.v1.vtl.VTLResourceTestCase@7a0fff10]" classname="com.dotcms.rest.api.v1.vtl.VTLResourceIntegrationTest" time="2.012"/>
  <testcase name="testGet[3: com.dotcms.rest.api.v1.vtl.VTLResourceTestCase@7b23c1b8]" classname="com.dotcms.rest.api.v1.vtl.VTLResourceIntegrationTest" time="1.974"/>
  <testcase name="testGet[4: com.dotcms.rest.api.v1.vtl.VTLResourceTestCase@2dfc79b2]" classname="com.dotcms.rest.api.v1.vtl.VTLResourceIntegrationTest" time="2.033"/>
  <testcase name="testGet[5: com.dotcms.rest.api.v1.vtl.VTLResourceTestCase@446d9685]" classname="com.dotcms.rest.api.v1.vtl.VTLResourceIntegrationTest" time="2.026"/>
  <system-out><![CDATA[]]></system-out>
  <system-err><![CDATA[]]></system-err>
</testsuite>
