<?xml version="1.0" encoding="UTF-8"?>
<testsuite name="com.dotmarketing.business.DeterministicIdentifierAPITest" tests="16" skipped="0" failures="0" errors="0" timestamp="2023-06-29T21:37:25" hostname="fv-az576-571" time="1.182">
  <properties/>
  <testcase name="Test_Category_Path_Seed_And_Id" classname="com.dotmarketing.business.DeterministicIdentifierAPITest" time="0.027"/>
  <testcase name="Test_Language_Deterministic_Id[0: LanguageTestCase{expectedSeed='Language:es:US', expectedHash=4913155, langCode='es', countryCode='US', country='United States'}]" classname="com.dotmarketing.business.DeterministicIdentifierAPITest" time="0.001"/>
  <testcase name="Test_Language_Deterministic_Id[1: LanguageTestCase{expectedSeed='Language:ep:', expectedHash=5292269, langCode='ep', countryCode='', country=''}]" classname="com.dotmarketing.business.DeterministicIdentifierAPITest" time="0.001"/>
  <testcase name="Test_Language_Deterministic_Id[2: LanguageTestCase{expectedSeed='Language:sg:SAG', expectedHash=4713118, langCode='sg', countryCode='SAG', country=''}]" classname="com.dotmarketing.business.DeterministicIdentifierAPITest" time="0.001"/>
  <testcase name="Test_Language_Deterministic_Id[3: LanguageTestCase{expectedSeed='Language:en:NZ', expectedHash=5382528, langCode='en', countryCode='NZ', country='New Zealand'}]" classname="com.dotmarketing.business.DeterministicIdentifierAPITest" time="0.001"/>
  <testcase name="Test_Category_None_Persisted_Category_Should_Return_Deterministic_Id" classname="com.dotmarketing.business.DeterministicIdentifierAPITest" time="0.002"/>
  <testcase name="Test_Asset_Generate_Deterministic_Id_Best_Effort[0: TestCase{versionable=my.host1688074221486.com, parent=System Host, expectedName='my.host1688074221486.com', expectedType='Host'}]" classname="com.dotmarketing.business.DeterministicIdentifierAPITest" time="0.004"/>
  <testcase name="Test_Asset_Generate_Deterministic_Id_Best_Effort[1: TestCase{versionable=com.dotmarketing.portlets.contentlet.model.Contentlet@4d58f769[map={modDate=2023-06-29 21:30:21.983, fileName=file13919103125687174486.txt, title=file13919103125687174486.txt, inode=70ad1ea2-98a8-40d7-a1fb-f9c3dc286582, __IS_NEW_CONTENT__=true, disabledWYSIWYG=[], host=a2ab49c5-642a-4ef0-a6d8-78edf8875e07, stInode=33888b6f-7a8e-4069-b1b6-5c1aa9d0a48d, owner=system, identifier=bb17a18f-ebe6-4480-81f9-7e846bc91d41, nullProperties=[wfExpireDate, wfPublishDate, wfActionAssign, wfActionId, wfActionComments, filterKey, whereToSend, wfNeverExpire, _path_to_move, timezoneId, iWantTo, wfPublishTime, wfExpireTime], languageId=1, fileAsset=/home/runner/work/core/custom/assets/7/0/70ad1ea2-98a8-40d7-a1fb-f9c3dc286582/fileAsset/file13919103125687174486.txt, folder=bf72bdd9-db28-4fd4-8dbd-db7bea486943, __disable_workflow__=true, sortOrder=0, modUser=system},lowIndexPriority=false,variantId=DEFAULT], parent=com.dotmarketing.portlets.folders.model.Folder@18119cab[identifier=bf72bdd9-db28-4fd4-8dbd-db7bea486943,name=testName1688074221972,sortOrder=0,showOnMenu=false,hostId=a2ab49c5-642a-4ef0-a6d8-78edf8875e07,type=folder,title=testTitle1688074221972,filesMasks=,defaultFileType=33888b6f-7a8e-4069-b1b6-5c1aa9d0a48d,modDate=2023-06-29 21:30:21.976,owner=&lt;null&gt;,iDate=2023-06-29 21:30:21.976,inode=bf72bdd9-db28-4fd4-8dbd-db7bea486943,path=/testName1688074221972/], expectedName='file13919103125687174486.txt', expectedType='FileAsset'}]" classname="com.dotmarketing.business.DeterministicIdentifierAPITest" time="0.007"/>
  <testcase name="Test_Asset_Generate_Deterministic_Id_Best_Effort[2: TestCase{versionable=com.dotmarketing.portlets.templates.model.Template@87a8c186, parent=my.host1688074221486.com, expectedName='testTitle1688074222132', expectedType='Template'}]" classname="com.dotmarketing.business.DeterministicIdentifierAPITest" time="0.003"/>
  <testcase name="Test_Asset_Generate_Deterministic_Id_Best_Effort[3: TestCase{versionable=com.dotmarketing.portlets.htmlpageasset.model.HTMLPageAsset@50d6e62d[map={template=cc893738-6e82-4daf-938b-1a55a01abdeb, owner=system, identifier=c6a1a7fb-b23e-4c96-8e30-614663f9beff, nullProperties=[wfExpireDate, wfPublishDate, wfActionAssign, wfActionId, wfActionComments, filterKey, whereToSend, wfNeverExpire, _path_to_move, timezoneId, iWantTo, wfPublishTime, wfExpireTime], modDate=2023-06-29 21:30:22.153, cachettl=0, _is_test_mode=true, languageId=1, title=test-page-title-1688074222148, httpsreq=, url=test-page-url-1688074222148, showOnMenu=, inode=08816108-73d4-4610-b545-66518bc0499d, folder=bf72bdd9-db28-4fd4-8dbd-db7bea486943, disabledWYSIWYG=[], sortOrder=1, modUser=system, host=a2ab49c5-642a-4ef0-a6d8-78edf8875e07, stInode=c541abb1-69b3-4bc5-8430-5e09e5239cc8, friendlyName=test-page-friendly-name-1688074222148},lowIndexPriority=false,variantId=DEFAULT], parent=com.dotmarketing.portlets.folders.model.Folder@18119cab[identifier=bf72bdd9-db28-4fd4-8dbd-db7bea486943,name=testName1688074221972,sortOrder=0,showOnMenu=false,hostId=a2ab49c5-642a-4ef0-a6d8-78edf8875e07,type=folder,title=testTitle1688074221972,filesMasks=,defaultFileType=33888b6f-7a8e-4069-b1b6-5c1aa9d0a48d,modDate=2023-06-29 21:30:21.976,owner=&lt;null&gt;,iDate=2023-06-29 21:30:21.976,inode=bf72bdd9-db28-4fd4-8dbd-db7bea486943,path=/testName1688074221972/], expectedName='test-page-url-1688074222148', expectedType='htmlpageasset'}]" classname="com.dotmarketing.business.DeterministicIdentifierAPITest" time="0.003"/>
  <testcase name="Test_Asset_Generate_Deterministic_Id_Best_Effort[4: TestCase{versionable=com.dotmarketing.portlets.contentlet.model.Contentlet@4f9b0c99[map={fileAsset2=/home/runner/work/core/custom/assets/c/0/c0616786-bf55-4972-ad6e-d0101c1e76af/fileAsset2/test_binary1688074223989.png, modDate=2023-06-29 21:30:23.995, fileAsset1=/home/runner/work/core/custom/assets/c/0/c0616786-bf55-4972-ad6e-d0101c1e76af/fileAsset1/test_binary1688074223989.jpg, title=blah, inode=c0616786-bf55-4972-ad6e-d0101c1e76af, __IS_NEW_CONTENT__=true, disabledWYSIWYG=[], host=48190c8c-42c4-46af-8d1a-0cd5db894797, stInode=3e2ed6c9-bd8d-4992-a1ce-7766c392138c, owner=system, identifier=3c29164d-dc8e-48a6-a410-ed1378187112, nullProperties=[], languageId=1, image1=d6b3d45f-48ac-48dc-946b-29a426e73121, folder=SYSTEM_FOLDER, __disable_workflow__=true, sortOrder=0, modUser=system},lowIndexPriority=false,variantId=DEFAULT], parent=demo.dotcms.com, expectedName='test_binary1688074223989.jpg:test_binary1688074223989.png', expectedType='MultipleBinaries1688074222288'}]" classname="com.dotmarketing.business.DeterministicIdentifierAPITest" time="0.005"/>
  <testcase name="Test_Asset_Generate_Deterministic_Id_Best_Effort[5: TestCase{versionable=name48cd1b2d68 : keyTag48cd1b2d68, parent=my.host1688074221486.com, expectedName='keyTag48cd1b2d68', expectedType='persona'}]" classname="com.dotmarketing.business.DeterministicIdentifierAPITest" time="0.003"/>
  <testcase name="Test_Similar_Content_Type_Wont_Clash" classname="com.dotmarketing.business.DeterministicIdentifierAPITest" time="0.524"/>
  <testcase name="Test_Generate_Folder_Identifier" classname="com.dotmarketing.business.DeterministicIdentifierAPITest" time="0.584"/>
  <testcase name="Test_Generate_Content_Type_Identifier[0: ContentTypeTestCase{contentType=KeyValueContentType{name=Language Variable, id=f4d7c1b8-2c88-4071-abf1-a5328977b07d, description=Default Content Type for Language Variables, defaultType=false, fixed=true, iDate=Thu Aug 31 16:38:49 UTC 2017, system=true, versionable=true, variable=Languagevariable, modDate=Thu Jun 29 20:20:17 UTC 2023, host=SYSTEM_HOST, siteName=systemHost, icon=language, sortOrder=0, folder=SYSTEM_FOLDER, folderPath=/, markedForDeletion=true, multilingualable=false}, expectedName='Languagevariable', expectedType='KeyValue'}]" classname="com.dotmarketing.business.DeterministicIdentifierAPITest" time="0.006"/>
  <testcase name="Test_Generate_Content_Type_Identifier[1: ContentTypeTestCase{contentType=SimpleContentType{name=testName1688074224471, id=774258fe-62ba-400e-a0dc-d40b67d1108e, description=testDescription1688074224471, defaultType=false, fixed=false, iDate=Thu Jun 29 21:30:24 UTC 2023, system=false, versionable=true, multilingualable=false, variable=testVarname1688074224471, owner=system, modDate=Thu Jun 29 21:30:25 UTC 2023, host=48190c8c-42c4-46af-8d1a-0cd5db894797, siteName=demo.dotcms.com, icon=event_note, sortOrder=0, folder=SYSTEM_FOLDER, folderPath=/, requiredFields=[], markedForDeletion=false}, expectedName='testVarname1688074224471', expectedType='CONTENT'}]" classname="com.dotmarketing.business.DeterministicIdentifierAPITest" time="0.006"/>
  <system-out><![CDATA[]]></system-out>
  <system-err><![CDATA[]]></system-err>
</testsuite>
