<?xml version="1.0" encoding="UTF-8"?>
<testsuite name="com.dotmarketing.portlets.folders.model.FolderTest" tests="2" skipped="0" failures="0" errors="0" timestamp="2023-06-23T23:35:43" hostname="fv-az1259-189" time="0.044">
  <properties/>
  <testcase name="test_folder_host_method" classname="com.dotmarketing.portlets.folders.model.FolderTest" time="0.003"/>
  <testcase name="test_folder_isSystemFolder" classname="com.dotmarketing.portlets.folders.model.FolderTest" time="0.041"/>
  <system-out><![CDATA[]]></system-out>
  <system-err><![CDATA[]]></system-err>
</testsuite>
