<?xml version="1.0" encoding="UTF-8"?>
<testsuite name="com.dotmarketing.servlets.ajax.AjaxDirectorServletIntegrationTest" tests="2" skipped="0" failures="0" errors="0" timestamp="2023-06-29T20:55:35" hostname="fv-az189-858" time="1.04">
  <properties/>
  <testcase name="testService[0: com.dotmarketing.servlets.ajax.AjaxDirectorServletTestCase@5175ace2]" classname="com.dotmarketing.servlets.ajax.AjaxDirectorServletIntegrationTest" time="0.645"/>
  <testcase name="testService[1: com.dotmarketing.servlets.ajax.AjaxDirectorServletTestCase@6fb6c270]" classname="com.dotmarketing.servlets.ajax.AjaxDirectorServletIntegrationTest" time="0.394"/>
  <system-out><![CDATA[]]></system-out>
  <system-err><![CDATA[]]></system-err>
</testsuite>
