<?xml version="1.0" encoding="UTF-8"?>
<testsuite name="com.dotmarketing.business.portal.PortletAPIImplTest" tests="12" skipped="0" failures="0" errors="0" timestamp="2023-06-27T17:57:13" hostname="fv-az162-375" time="1.212">
  <properties/>
  <testcase name="test_delete_portlet" classname="com.dotmarketing.business.portal.PortletAPIImplTest" time="0.267"/>
  <testcase name="test_createCustomPortlet[0: com.dotmarketing.business.portal.PortletAPIImplTest$testCaseCreateCustomPortlet@7d992cb2]" classname="com.dotmarketing.business.portal.PortletAPIImplTest" time="0.144"/>
  <testcase name="test_createCustomPortlet[1: com.dotmarketing.business.portal.PortletAPIImplTest$testCaseCreateCustomPortlet@201e8375]" classname="com.dotmarketing.business.portal.PortletAPIImplTest" time="0.159"/>
  <testcase name="test_createCustomPortlet[2: com.dotmarketing.business.portal.PortletAPIImplTest$testCaseCreateCustomPortlet@f6d7fbb]" classname="com.dotmarketing.business.portal.PortletAPIImplTest" time="0.154"/>
  <testcase name="test_createCustomPortlet[3: com.dotmarketing.business.portal.PortletAPIImplTest$testCaseCreateCustomPortlet@60394c79]" classname="com.dotmarketing.business.portal.PortletAPIImplTest" time="0.138"/>
  <testcase name="test_createCustomPortlet[4: com.dotmarketing.business.portal.PortletAPIImplTest$testCaseCreateCustomPortlet@54711070]" classname="com.dotmarketing.business.portal.PortletAPIImplTest" time="0.001"/>
  <testcase name="test_createCustomPortlet[5: com.dotmarketing.business.portal.PortletAPIImplTest$testCaseCreateCustomPortlet@2034a0]" classname="com.dotmarketing.business.portal.PortletAPIImplTest" time="0.012"/>
  <testcase name="test_createCustomPortlet[6: com.dotmarketing.business.portal.PortletAPIImplTest$testCaseCreateCustomPortlet@645403b8]" classname="com.dotmarketing.business.portal.PortletAPIImplTest" time="0.01"/>
  <testcase name="test_createCustomPortlet[7: com.dotmarketing.business.portal.PortletAPIImplTest$testCaseCreateCustomPortlet@4e24c1cf]" classname="com.dotmarketing.business.portal.PortletAPIImplTest" time="0.01"/>
  <testcase name="test_createCustomPortlet[8: com.dotmarketing.business.portal.PortletAPIImplTest$testCaseCreateCustomPortlet@120abaeb]" classname="com.dotmarketing.business.portal.PortletAPIImplTest" time="0.018"/>
  <testcase name="test_findPortlet" classname="com.dotmarketing.business.portal.PortletAPIImplTest" time="0.146"/>
  <testcase name="test_findAllPortlets" classname="com.dotmarketing.business.portal.PortletAPIImplTest" time="0.149"/>
  <system-out><![CDATA[]]></system-out>
  <system-err><![CDATA[]]></system-err>
</testsuite>
