<?xml version="1.0" encoding="UTF-8"?>
<testsuite name="com.liferay.portal.ejb.UserUtilTest" tests="26" skipped="0" failures="0" errors="0" timestamp="2023-07-18T21:26:57" hostname="fv-az247-820" time="24.735">
  <properties/>
  <testcase name="testCountByC_PMarkDeleted" classname="com.liferay.portal.ejb.UserUtilTest" time="0.984"/>
  <testcase name="testRemoveByCompanyId" classname="com.liferay.portal.ejb.UserUtilTest" time="0.836"/>
  <testcase name="testCountByC_P" classname="com.liferay.portal.ejb.UserUtilTest" time="0.969"/>
  <testcase name="testCountByC_U" classname="com.liferay.portal.ejb.UserUtilTest" time="0.871"/>
  <testcase name="testFindByC_UMarkDeleted" classname="com.liferay.portal.ejb.UserUtilTest" time="0.875"/>
  <testcase name="testCountByC_UMarkDeleted" classname="com.liferay.portal.ejb.UserUtilTest" time="0.861"/>
  <testcase name="testFindAll" classname="com.liferay.portal.ejb.UserUtilTest" time="0.897"/>
  <testcase name="testFindByC_EAMarkDeleted" classname="com.liferay.portal.ejb.UserUtilTest" time="0.855"/>
  <testcase name="testFindByC_EA" classname="com.liferay.portal.ejb.UserUtilTest" time="0.864"/>
  <testcase name="testRemoveByC_P" classname="com.liferay.portal.ejb.UserUtilTest" time="0.846"/>
  <testcase name="testRemoveByC_U" classname="com.liferay.portal.ejb.UserUtilTest" time="0.83"/>
  <testcase name="testRemoveByC_EAMarkDeleted" classname="com.liferay.portal.ejb.UserUtilTest" time="0.877"/>
  <testcase name="testFindByCompanyId" classname="com.liferay.portal.ejb.UserUtilTest" time="0.902"/>
  <testcase name="testRemoveByC_EA" classname="com.liferay.portal.ejb.UserUtilTest" time="0.955"/>
  <testcase name="testRemoveByCompanyIdMarkDeleted" classname="com.liferay.portal.ejb.UserUtilTest" time="0.877"/>
  <testcase name="testCountByCompanyId" classname="com.liferay.portal.ejb.UserUtilTest" time="0.003"/>
  <testcase name="testCountByC_EA" classname="com.liferay.portal.ejb.UserUtilTest" time="0.908"/>
  <testcase name="testFindByC_P_PrevAndNext" classname="com.liferay.portal.ejb.UserUtilTest" time="3.49"/>
  <testcase name="testFindByC_P" classname="com.liferay.portal.ejb.UserUtilTest" time="0.867"/>
  <testcase name="testFindByC_U" classname="com.liferay.portal.ejb.UserUtilTest" time="0.894"/>
  <testcase name="testFindByC_PWithLimit" classname="com.liferay.portal.ejb.UserUtilTest" time="0.853"/>
  <testcase name="testRemoveByC_PMarkDeleted" classname="com.liferay.portal.ejb.UserUtilTest" time="0.861"/>
  <testcase name="testCountByC_EAMarkDeleted" classname="com.liferay.portal.ejb.UserUtilTest" time="0.876"/>
  <testcase name="testRemoveByC_UMarkDeleted" classname="com.liferay.portal.ejb.UserUtilTest" time="0.873"/>
  <testcase name="testFindByC_PMarkDeleted" classname="com.liferay.portal.ejb.UserUtilTest" time="0.858"/>
  <testcase name="testFindByCompanyIdWithLimit" classname="com.liferay.portal.ejb.UserUtilTest" time="0.929"/>
  <system-out><![CDATA[]]></system-out>
  <system-err><![CDATA[]]></system-err>
</testsuite>
