<?xml version="1.0" encoding="UTF-8"?>
<testsuite name="com.dotmarketing.portlets.structure.model.ContentletRelationshipsTest" tests="7" skipped="0" failures="0" errors="0" timestamp="2023-07-10T21:16:51" hostname="fv-az950-407" time="9.973">
  <properties/>
  <testcase name="testDoesAllowOnlyOne[0: com.dotmarketing.portlets.structure.model.ContentletRelationshipsTest$CardinalityTestCase@55d67382]" classname="com.dotmarketing.portlets.structure.model.ContentletRelationshipsTest" time="0.747"/>
  <testcase name="testDoesAllowOnlyOne[1: com.dotmarketing.portlets.structure.model.ContentletRelationshipsTest$CardinalityTestCase@1c1b8c06]" classname="com.dotmarketing.portlets.structure.model.ContentletRelationshipsTest" time="0.672"/>
  <testcase name="testDoesAllowOnlyOne[2: com.dotmarketing.portlets.structure.model.ContentletRelationshipsTest$CardinalityTestCase@410eadda]" classname="com.dotmarketing.portlets.structure.model.ContentletRelationshipsTest" time="0.634"/>
  <testcase name="testGetRelationshipRecords[0: com.dotmarketing.portlets.structure.model.ContentletRelationshipsTest$TestCase@6e8e387b]" classname="com.dotmarketing.portlets.structure.model.ContentletRelationshipsTest" time="2.429"/>
  <testcase name="testGetRelationshipRecords[1: com.dotmarketing.portlets.structure.model.ContentletRelationshipsTest$TestCase@8a21c4b]" classname="com.dotmarketing.portlets.structure.model.ContentletRelationshipsTest" time="2.3"/>
  <testcase name="testGetRelationshipRecords[2: com.dotmarketing.portlets.structure.model.ContentletRelationshipsTest$TestCase@4899dae5]" classname="com.dotmarketing.portlets.structure.model.ContentletRelationshipsTest" time="2.201"/>
  <testcase name="testGetRelationshipRecords[3: com.dotmarketing.portlets.structure.model.ContentletRelationshipsTest$TestCase@7ccdce51]" classname="com.dotmarketing.portlets.structure.model.ContentletRelationshipsTest" time="0.988"/>
  <system-out><![CDATA[]]></system-out>
  <system-err><![CDATA[]]></system-err>
</testsuite>
