<?xml version="1.0" encoding="UTF-8"?>
<testsuite name="com.dotcms.content.elasticsearch.business.ES6UpgradeTest" tests="9" skipped="0" failures="0" errors="0" timestamp="2023-06-28T16:06:29" hostname="fv-az361-558" time="8.088">
  <properties/>
  <testcase name="testElasticSearchJson[0: /home/runner/work/core/core/dotCMS/build/resources/integrationTest/com/dotcms/content/elasticsearch/business/json/filter-catchall.json]" classname="com.dotcms.content.elasticsearch.business.ES6UpgradeTest" time="1.139"/>
  <testcase name="testElasticSearchJson[1: /home/runner/work/core/core/dotCMS/build/resources/integrationTest/com/dotcms/content/elasticsearch/business/json/filter-tags-whitespace.json]" classname="com.dotcms.content.elasticsearch.business.ES6UpgradeTest" time="1.119"/>
  <testcase name="testElasticSearchJson[2: /home/runner/work/core/core/dotCMS/build/resources/integrationTest/com/dotcms/content/elasticsearch/business/json/filter-tags.json]" classname="com.dotcms.content.elasticsearch.business.ES6UpgradeTest" time="1.189"/>
  <testcase name="testElasticSearchJson[3: /home/runner/work/core/core/dotCMS/build/resources/integrationTest/com/dotcms/content/elasticsearch/business/json/aggregation-content-type.json]" classname="com.dotcms.content.elasticsearch.business.ES6UpgradeTest" time="1.137"/>
  <testcase name="testElasticSearchJson[4: /home/runner/work/core/core/dotCMS/build/resources/integrationTest/com/dotcms/content/elasticsearch/business/json/fuzzy-search.json]" classname="com.dotcms.content.elasticsearch.business.ES6UpgradeTest" time="1.072"/>
  <testcase name="testElasticSearchJson[5: /home/runner/work/core/core/dotCMS/build/resources/integrationTest/com/dotcms/content/elasticsearch/business/json/filter-distance.json]" classname="com.dotcms.content.elasticsearch.business.ES6UpgradeTest" time="1.176"/>
  <testcase name="testElasticSearchJson[6: /home/runner/work/core/core/dotCMS/build/resources/integrationTest/com/dotcms/content/elasticsearch/business/json/function-score.json]" classname="com.dotcms.content.elasticsearch.business.ES6UpgradeTest" time="0.032"/>
  <testcase name="testElasticSearchJson[7: /home/runner/work/core/core/dotCMS/build/resources/integrationTest/com/dotcms/content/elasticsearch/business/json/filter-title-dates.json]" classname="com.dotcms.content.elasticsearch.business.ES6UpgradeTest" time="0.095"/>
  <testcase name="testElasticSearchJson[8: /home/runner/work/core/core/dotCMS/build/resources/integrationTest/com/dotcms/content/elasticsearch/business/json/aggregation-tags.json]" classname="com.dotcms.content.elasticsearch.business.ES6UpgradeTest" time="1.122"/>
  <system-out><![CDATA[]]></system-out>
  <system-err><![CDATA[]]></system-err>
</testsuite>
