<?xml version="1.0" encoding="UTF-8"?>
<testsuite name="com.dotcms.rest.api.v1.workflow.WorkflowResourceLicenseIntegrationTest" tests="29" skipped="0" failures="0" errors="0" timestamp="2023-06-30T20:10:43" hostname="fv-az442-763" time="1.422">
  <properties/>
  <testcase name="Reorder_Action_InvalidLicense" classname="com.dotcms.rest.api.v1.workflow.WorkflowResourceLicenseIntegrationTest" time="0.027"/>
  <testcase name="Find_Initial_Available_Default_Actions_No_Read_Permission_Invalid_License" classname="com.dotcms.rest.api.v1.workflow.WorkflowResourceLicenseIntegrationTest" time="0.048"/>
  <testcase name="Save_Action_To_Step_Invalid_License" classname="com.dotcms.rest.api.v1.workflow.WorkflowResourceLicenseIntegrationTest" time="0.026"/>
  <testcase name="Update_Step_Invalid_License" classname="com.dotcms.rest.api.v1.workflow.WorkflowResourceLicenseIntegrationTest" time="0.011"/>
  <testcase name="Save_Action_InvalidLicense" classname="com.dotcms.rest.api.v1.workflow.WorkflowResourceLicenseIntegrationTest" time="0.016"/>
  <testcase name="Find_Initial_Available_Default_Actions_Invalid_License" classname="com.dotcms.rest.api.v1.workflow.WorkflowResourceLicenseIntegrationTest" time="0.016"/>
  <testcase name="Find_All_Schemes_By_Content_Type_Invalid_License_Expect_Only_System_Workflow" classname="com.dotcms.rest.api.v1.workflow.WorkflowResourceLicenseIntegrationTest" time="0.001"/>
  <testcase name="Delete_Action_by_Action_and_Step_Id_Invalid_License" classname="com.dotcms.rest.api.v1.workflow.WorkflowResourceLicenseIntegrationTest" time="0.017"/>
  <testcase name="Find_All_Schemas_Invalid_License_Then_Only_Get_System_Workflow" classname="com.dotcms.rest.api.v1.workflow.WorkflowResourceLicenseIntegrationTest" time="0.001"/>
  <testcase name="Find_Action_By_Step_Invalid_License" classname="com.dotcms.rest.api.v1.workflow.WorkflowResourceLicenseIntegrationTest" time="0.013"/>
  <testcase name="Find_Actions_By_Schemas_InvalidLicense" classname="com.dotcms.rest.api.v1.workflow.WorkflowResourceLicenseIntegrationTest" time="0.002"/>
  <testcase name="Export_Invalid_License" classname="com.dotcms.rest.api.v1.workflow.WorkflowResourceLicenseIntegrationTest" time="0.002"/>
  <testcase name="Find_All_Schemes_By_Content_Type_Regular_User_InvalidLicense" classname="com.dotcms.rest.api.v1.workflow.WorkflowResourceLicenseIntegrationTest" time="0.069"/>
  <testcase name="Reorder_Step_Invalid_License" classname="com.dotcms.rest.api.v1.workflow.WorkflowResourceLicenseIntegrationTest" time="0.057"/>
  <testcase name="Find_Available_Actions_Invalid_License" classname="com.dotcms.rest.api.v1.workflow.WorkflowResourceLicenseIntegrationTest" time="0.81"/>
  <testcase name="Copy_Invalid_License" classname="com.dotcms.rest.api.v1.workflow.WorkflowResourceLicenseIntegrationTest" time="0.011"/>
  <testcase name="Delete_Action_Invalid_License" classname="com.dotcms.rest.api.v1.workflow.WorkflowResourceLicenseIntegrationTest" time="0.033"/>
  <testcase name="Delete_Scheme_Invalid_License" classname="com.dotcms.rest.api.v1.workflow.WorkflowResourceLicenseIntegrationTest" time="0.051"/>
  <testcase name="Find_Step_By_Id_Invalid_License" classname="com.dotcms.rest.api.v1.workflow.WorkflowResourceLicenseIntegrationTest" time="0.019"/>
  <testcase name="Update_Schema_Invalid_License" classname="com.dotcms.rest.api.v1.workflow.WorkflowResourceLicenseIntegrationTest" time="0.006"/>
  <testcase name="Find_Steps_By_Scheme_Invalid_License" classname="com.dotcms.rest.api.v1.workflow.WorkflowResourceLicenseIntegrationTest" time="0.001"/>
  <testcase name="Find_Available_Default_Actions_Invalid_License" classname="com.dotcms.rest.api.v1.workflow.WorkflowResourceLicenseIntegrationTest" time="0.031"/>
  <testcase name="Create_Schema_Invalid_License" classname="com.dotcms.rest.api.v1.workflow.WorkflowResourceLicenseIntegrationTest" time="0.006"/>
  <testcase name="Update_Action_Invalid_License" classname="com.dotcms.rest.api.v1.workflow.WorkflowResourceLicenseIntegrationTest" time="0.032"/>
  <testcase name="Find_Available_Default_Actions_No_Read_Permission_Invalid_License" classname="com.dotcms.rest.api.v1.workflow.WorkflowResourceLicenseIntegrationTest" time="0.059"/>
  <testcase name="Delete_Steps_Invalid_License" classname="com.dotcms.rest.api.v1.workflow.WorkflowResourceLicenseIntegrationTest" time="0.012"/>
  <testcase name="Import_Invalid_License" classname="com.dotcms.rest.api.v1.workflow.WorkflowResourceLicenseIntegrationTest" time="0.005"/>
  <testcase name="Add_Steps_Invalid_License" classname="com.dotcms.rest.api.v1.workflow.WorkflowResourceLicenseIntegrationTest" time="0.019"/>
  <testcase name="Find_Action_InvalidLicense" classname="com.dotcms.rest.api.v1.workflow.WorkflowResourceLicenseIntegrationTest" time="0.013"/>
  <system-out><![CDATA[]]></system-out>
  <system-err><![CDATA[]]></system-err>
</testsuite>
