<?xml version="1.0" encoding="UTF-8"?>
<testsuite name="com.dotmarketing.business.DeterministicIdentifierAPITest" tests="16" skipped="0" failures="0" errors="0" timestamp="2023-07-03T22:19:41" hostname="fv-az351-989" time="1.794">
  <properties/>
  <testcase name="Test_Category_Path_Seed_And_Id" classname="com.dotmarketing.business.DeterministicIdentifierAPITest" time="0.03"/>
  <testcase name="Test_Language_Deterministic_Id[0: LanguageTestCase{expectedSeed='Language:es:US', expectedHash=4913155, langCode='es', countryCode='US', country='United States'}]" classname="com.dotmarketing.business.DeterministicIdentifierAPITest" time="0.001"/>
  <testcase name="Test_Language_Deterministic_Id[1: LanguageTestCase{expectedSeed='Language:ep:', expectedHash=5292269, langCode='ep', countryCode='', country=''}]" classname="com.dotmarketing.business.DeterministicIdentifierAPITest" time="0.001"/>
  <testcase name="Test_Language_Deterministic_Id[2: LanguageTestCase{expectedSeed='Language:sg:SAG', expectedHash=4713118, langCode='sg', countryCode='SAG', country=''}]" classname="com.dotmarketing.business.DeterministicIdentifierAPITest" time="0.001"/>
  <testcase name="Test_Language_Deterministic_Id[3: LanguageTestCase{expectedSeed='Language:en:NZ', expectedHash=5382528, langCode='en', countryCode='NZ', country='New Zealand'}]" classname="com.dotmarketing.business.DeterministicIdentifierAPITest" time="0.001"/>
  <testcase name="Test_Category_None_Persisted_Category_Should_Return_Deterministic_Id" classname="com.dotmarketing.business.DeterministicIdentifierAPITest" time="0.001"/>
  <testcase name="Test_Asset_Generate_Deterministic_Id_Best_Effort[0: TestCase{versionable=my.host1688422350410.com, parent=System Host, expectedName='my.host1688422350410.com', expectedType='Host'}]" classname="com.dotmarketing.business.DeterministicIdentifierAPITest" time="0.004"/>
  <testcase name="Test_Asset_Generate_Deterministic_Id_Best_Effort[1: TestCase{versionable=com.dotmarketing.portlets.contentlet.model.Contentlet@3b5be022[map={modDate=2023-07-03 22:12:31.111, fileName=file2219701430468144511.txt, title=file2219701430468144511.txt, inode=ae2fe895-c709-42c3-a3e3-8ca1f40dfadd, __IS_NEW_CONTENT__=true, disabledWYSIWYG=[], host=f800f09b-c1aa-4b11-b060-8286a0d0b5a2, stInode=33888b6f-7a8e-4069-b1b6-5c1aa9d0a48d, owner=system, identifier=8c8fe3d3-49d0-419c-878b-e817d71218eb, nullProperties=[wfExpireDate, wfPublishDate, wfActionAssign, wfActionId, wfActionComments, filterKey, whereToSend, wfNeverExpire, _path_to_move, timezoneId, iWantTo, wfPublishTime, wfExpireTime], languageId=1, fileAsset=/home/runner/work/core/custom/assets/a/e/ae2fe895-c709-42c3-a3e3-8ca1f40dfadd/fileAsset/file2219701430468144511.txt, folder=36390b77-d285-46a6-9d65-17fc9a79d3eb, __disable_workflow__=true, sortOrder=0, modUser=system},lowIndexPriority=false,variantId=DEFAULT], parent=com.dotmarketing.portlets.folders.model.Folder@6a584327[identifier=36390b77-d285-46a6-9d65-17fc9a79d3eb,name=testName1688422351098,sortOrder=0,showOnMenu=false,hostId=f800f09b-c1aa-4b11-b060-8286a0d0b5a2,type=folder,title=testTitle1688422351098,filesMasks=,defaultFileType=33888b6f-7a8e-4069-b1b6-5c1aa9d0a48d,modDate=2023-07-03 22:12:31.102,owner=&lt;null&gt;,iDate=2023-07-03 22:12:31.102,inode=36390b77-d285-46a6-9d65-17fc9a79d3eb,path=/testName1688422351098/], expectedName='file2219701430468144511.txt', expectedType='FileAsset'}]" classname="com.dotmarketing.business.DeterministicIdentifierAPITest" time="0.004"/>
  <testcase name="Test_Asset_Generate_Deterministic_Id_Best_Effort[2: TestCase{versionable=com.dotmarketing.portlets.templates.model.Template@55c367a9, parent=my.host1688422350410.com, expectedName='testTitle1688422351280', expectedType='Template'}]" classname="com.dotmarketing.business.DeterministicIdentifierAPITest" time="0.003"/>
  <testcase name="Test_Asset_Generate_Deterministic_Id_Best_Effort[3: TestCase{versionable=com.dotmarketing.portlets.htmlpageasset.model.HTMLPageAsset@162f75f0[map={template=dedeed07-bebe-4313-acfc-097bf8b5ef67, owner=system, identifier=29872594-e761-409a-9b57-5b90981fe712, nullProperties=[wfExpireDate, wfPublishDate, wfActionAssign, wfActionId, wfActionComments, filterKey, whereToSend, wfNeverExpire, _path_to_move, timezoneId, iWantTo, wfPublishTime, wfExpireTime], modDate=2023-07-03 22:12:31.311, cachettl=0, _is_test_mode=true, languageId=1, title=test-page-title-1688422351303, httpsreq=, url=test-page-url-1688422351303, showOnMenu=, inode=0179faf2-4541-4f23-ad8c-de2e18e606cd, folder=36390b77-d285-46a6-9d65-17fc9a79d3eb, disabledWYSIWYG=[], sortOrder=1, modUser=system, host=f800f09b-c1aa-4b11-b060-8286a0d0b5a2, stInode=c541abb1-69b3-4bc5-8430-5e09e5239cc8, friendlyName=test-page-friendly-name-1688422351303},lowIndexPriority=false,variantId=DEFAULT], parent=com.dotmarketing.portlets.folders.model.Folder@6a584327[identifier=36390b77-d285-46a6-9d65-17fc9a79d3eb,name=testName1688422351098,sortOrder=0,showOnMenu=false,hostId=f800f09b-c1aa-4b11-b060-8286a0d0b5a2,type=folder,title=testTitle1688422351098,filesMasks=,defaultFileType=33888b6f-7a8e-4069-b1b6-5c1aa9d0a48d,modDate=2023-07-03 22:12:31.102,owner=&lt;null&gt;,iDate=2023-07-03 22:12:31.102,inode=36390b77-d285-46a6-9d65-17fc9a79d3eb,path=/testName1688422351098/], expectedName='test-page-url-1688422351303', expectedType='htmlpageasset'}]" classname="com.dotmarketing.business.DeterministicIdentifierAPITest" time="0.003"/>
  <testcase name="Test_Asset_Generate_Deterministic_Id_Best_Effort[4: TestCase{versionable=com.dotmarketing.portlets.contentlet.model.Contentlet@70df80b9[map={fileAsset2=/home/runner/work/core/custom/assets/a/b/abc80505-9d02-4088-b1e3-41a72785b0be/fileAsset2/test_binary1688422353054.png, modDate=2023-07-03 22:12:33.061, fileAsset1=/home/runner/work/core/custom/assets/a/b/abc80505-9d02-4088-b1e3-41a72785b0be/fileAsset1/test_binary1688422353054.jpg, title=blah, inode=abc80505-9d02-4088-b1e3-41a72785b0be, __IS_NEW_CONTENT__=true, disabledWYSIWYG=[], host=48190c8c-42c4-46af-8d1a-0cd5db894797, stInode=09692340-e4d4-4f21-9911-7997c805452b, owner=system, identifier=e9ea427c-1ebb-4e23-911f-eb76edc935c1, nullProperties=[], languageId=1, image1=71859320-b04b-49e6-8afa-9670ba157cc5, folder=SYSTEM_FOLDER, __disable_workflow__=true, sortOrder=0, modUser=system},lowIndexPriority=false,variantId=DEFAULT], parent=demo.dotcms.com, expectedName='test_binary1688422353054.jpg:test_binary1688422353054.png', expectedType='MultipleBinaries1688422351647'}]" classname="com.dotmarketing.business.DeterministicIdentifierAPITest" time="0.004"/>
  <testcase name="Test_Asset_Generate_Deterministic_Id_Best_Effort[5: TestCase{versionable=namea112ebb3ff : keyTaga112ebb3ff, parent=my.host1688422350410.com, expectedName='keyTaga112ebb3ff', expectedType='persona'}]" classname="com.dotmarketing.business.DeterministicIdentifierAPITest" time="0.004"/>
  <testcase name="Test_Similar_Content_Type_Wont_Clash" classname="com.dotmarketing.business.DeterministicIdentifierAPITest" time="0.648"/>
  <testcase name="Test_Generate_Folder_Identifier" classname="com.dotmarketing.business.DeterministicIdentifierAPITest" time="1.066"/>
  <testcase name="Test_Generate_Content_Type_Identifier[0: ContentTypeTestCase{contentType=KeyValueContentType{name=Language Variable, id=f4d7c1b8-2c88-4071-abf1-a5328977b07d, description=Default Content Type for Language Variables, defaultType=false, fixed=true, iDate=Thu Aug 31 16:38:49 UTC 2017, system=true, versionable=true, variable=Languagevariable, modDate=Mon Jul 03 20:58:04 UTC 2023, host=SYSTEM_HOST, siteName=systemHost, icon=language, sortOrder=0, folder=SYSTEM_FOLDER, folderPath=/, markedForDeletion=true, multilingualable=false}, expectedName='Languagevariable', expectedType='KeyValue'}]" classname="com.dotmarketing.business.DeterministicIdentifierAPITest" time="0.009"/>
  <testcase name="Test_Generate_Content_Type_Identifier[1: ContentTypeTestCase{contentType=SimpleContentType{name=testName1688422353536, id=71a50bd8-4d04-4135-9c4d-93bbdf860daa, description=testDescription1688422353536, defaultType=false, fixed=false, iDate=Mon Jul 03 22:12:33 UTC 2023, system=false, versionable=true, multilingualable=false, variable=testVarname1688422353536, owner=system, modDate=Mon Jul 03 22:12:34 UTC 2023, host=48190c8c-42c4-46af-8d1a-0cd5db894797, siteName=demo.dotcms.com, icon=event_note, sortOrder=0, folder=SYSTEM_FOLDER, folderPath=/, requiredFields=[], markedForDeletion=false}, expectedName='testVarname1688422353536', expectedType='CONTENT'}]" classname="com.dotmarketing.business.DeterministicIdentifierAPITest" time="0.009"/>
  <system-out><![CDATA[]]></system-out>
  <system-err><![CDATA[]]></system-err>
</testsuite>
