<?xml version="1.0" encoding="UTF-8"?>
<testsuite name="com.dotcms.contenttype.test.ContentResourceTest" tests="52" skipped="0" failures="0" errors="0" timestamp="2023-07-14T19:48:13" hostname="fv-az1244-305" time="139.043">
  <properties/>
  <testcase name="testGetContentShouldReturnIconDetails" classname="com.dotcms.contenttype.test.ContentResourceTest" time="1.508"/>
  <testcase name="Test_Save_Action_Set_Words_To_Required_NumericField_Issue_15340" classname="com.dotcms.contenttype.test.ContentResourceTest" time="0.827"/>
  <testcase name="test_getContent_includeGrandChildCategory_success" classname="com.dotcms.contenttype.test.ContentResourceTest" time="1.235"/>
  <testcase name="testGetContentWithRelatedParameter[0: com.dotcms.contenttype.test.ContentResourceTest$PullRelatedTestCase@3087aa39]" classname="com.dotcms.contenttype.test.ContentResourceTest" time="3.571"/>
  <testcase name="testGetContentWithRelatedParameter[1: com.dotcms.contenttype.test.ContentResourceTest$PullRelatedTestCase@15999fcb]" classname="com.dotcms.contenttype.test.ContentResourceTest" time="3.473"/>
  <testcase name="testGetContentWithRelatedParameter[2: com.dotcms.contenttype.test.ContentResourceTest$PullRelatedTestCase@5101318a]" classname="com.dotcms.contenttype.test.ContentResourceTest" time="3.636"/>
  <testcase name="testGetContentWithRelatedParameter[3: com.dotcms.contenttype.test.ContentResourceTest$PullRelatedTestCase@7a52e164]" classname="com.dotcms.contenttype.test.ContentResourceTest" time="3.528"/>
  <testcase name="testGetContentWithRelatedParameter[4: com.dotcms.contenttype.test.ContentResourceTest$PullRelatedTestCase@77095a75]" classname="com.dotcms.contenttype.test.ContentResourceTest" time="3.577"/>
  <testcase name="test_getContent_SelfRelatedWith3LevelsOfDepth_shouldReturnRelationships" classname="com.dotcms.contenttype.test.ContentResourceTest" time="1.222"/>
  <testcase name="Test_Save_Action_Send_Fields_SubSet_Issue_15340" classname="com.dotcms.contenttype.test.ContentResourceTest" time="2.813"/>
  <testcase name="test_getContent_shouldReturnRelationships[0: com.dotcms.contenttype.test.ContentResourceTest$TestCase@2eb7e498]" classname="com.dotcms.contenttype.test.ContentResourceTest" time="2.739"/>
  <testcase name="test_getContent_shouldReturnRelationships[1: com.dotcms.contenttype.test.ContentResourceTest$TestCase@76620da5]" classname="com.dotcms.contenttype.test.ContentResourceTest" time="2.726"/>
  <testcase name="test_getContent_shouldReturnRelationships[2: com.dotcms.contenttype.test.ContentResourceTest$TestCase@1bd69bcc]" classname="com.dotcms.contenttype.test.ContentResourceTest" time="2.933"/>
  <testcase name="test_getContent_shouldReturnRelationships[3: com.dotcms.contenttype.test.ContentResourceTest$TestCase@26b1a031]" classname="com.dotcms.contenttype.test.ContentResourceTest" time="2.961"/>
  <testcase name="test_getContent_shouldReturnRelationships[4: com.dotcms.contenttype.test.ContentResourceTest$TestCase@37b3135b]" classname="com.dotcms.contenttype.test.ContentResourceTest" time="3.09"/>
  <testcase name="test_getContent_shouldReturnRelationships[5: com.dotcms.contenttype.test.ContentResourceTest$TestCase@51da2f2d]" classname="com.dotcms.contenttype.test.ContentResourceTest" time="2.801"/>
  <testcase name="test_getContent_shouldReturnRelationships[6: com.dotcms.contenttype.test.ContentResourceTest$TestCase@7efdc621]" classname="com.dotcms.contenttype.test.ContentResourceTest" time="2.86"/>
  <testcase name="test_getContent_shouldReturnRelationships[7: com.dotcms.contenttype.test.ContentResourceTest$TestCase@55e641e7]" classname="com.dotcms.contenttype.test.ContentResourceTest" time="2.809"/>
  <testcase name="test_getContent_shouldReturnRelationships[8: com.dotcms.contenttype.test.ContentResourceTest$TestCase@7ae0a9cb]" classname="com.dotcms.contenttype.test.ContentResourceTest" time="2.961"/>
  <testcase name="test_getContent_shouldReturnRelationships[9: com.dotcms.contenttype.test.ContentResourceTest$TestCase@7a4342fd]" classname="com.dotcms.contenttype.test.ContentResourceTest" time="3.21"/>
  <testcase name="test_getContent_shouldReturnRelationships[10: com.dotcms.contenttype.test.ContentResourceTest$TestCase@6a9f4f5a]" classname="com.dotcms.contenttype.test.ContentResourceTest" time="2.857"/>
  <testcase name="test_getContent_shouldReturnRelationships[11: com.dotcms.contenttype.test.ContentResourceTest$TestCase@d11d297]" classname="com.dotcms.contenttype.test.ContentResourceTest" time="2.816"/>
  <testcase name="test_getContent_shouldReturnRelationships[12: com.dotcms.contenttype.test.ContentResourceTest$TestCase@72c08c0f]" classname="com.dotcms.contenttype.test.ContentResourceTest" time="2.668"/>
  <testcase name="test_getContent_shouldReturnRelationships[13: com.dotcms.contenttype.test.ContentResourceTest$TestCase@12f47c00]" classname="com.dotcms.contenttype.test.ContentResourceTest" time="2.862"/>
  <testcase name="test_getContent_shouldReturnRelationships[14: com.dotcms.contenttype.test.ContentResourceTest$TestCase@281049b]" classname="com.dotcms.contenttype.test.ContentResourceTest" time="2.748"/>
  <testcase name="test_getContent_shouldReturnRelationships[15: com.dotcms.contenttype.test.ContentResourceTest$TestCase@187fb36]" classname="com.dotcms.contenttype.test.ContentResourceTest" time="3.819"/>
  <testcase name="test_getContent_shouldReturnRelationships[16: com.dotcms.contenttype.test.ContentResourceTest$TestCase@7751affd]" classname="com.dotcms.contenttype.test.ContentResourceTest" time="3.718"/>
  <testcase name="test_getContent_shouldReturnRelationships[17: com.dotcms.contenttype.test.ContentResourceTest$TestCase@46f4c96b]" classname="com.dotcms.contenttype.test.ContentResourceTest" time="1.85"/>
  <testcase name="test_getContent_shouldReturnRelationships[18: com.dotcms.contenttype.test.ContentResourceTest$TestCase@4cdba8f2]" classname="com.dotcms.contenttype.test.ContentResourceTest" time="2.957"/>
  <testcase name="test_getContent_shouldReturnRelationships[19: com.dotcms.contenttype.test.ContentResourceTest$TestCase@72bbb414]" classname="com.dotcms.contenttype.test.ContentResourceTest" time="2.849"/>
  <testcase name="test_getContent_shouldReturnRelationships[20: com.dotcms.contenttype.test.ContentResourceTest$TestCase@86fd3f9]" classname="com.dotcms.contenttype.test.ContentResourceTest" time="2.115"/>
  <testcase name="test_getContent_shouldReturnRelationships[21: com.dotcms.contenttype.test.ContentResourceTest$TestCase@68b0ec0e]" classname="com.dotcms.contenttype.test.ContentResourceTest" time="3.25"/>
  <testcase name="test_getContent_shouldReturnRelationships[22: com.dotcms.contenttype.test.ContentResourceTest$TestCase@79bd55d2]" classname="com.dotcms.contenttype.test.ContentResourceTest" time="2.887"/>
  <testcase name="test_getContent_shouldReturnRelationships[23: com.dotcms.contenttype.test.ContentResourceTest$TestCase@560955e5]" classname="com.dotcms.contenttype.test.ContentResourceTest" time="2.067"/>
  <testcase name="test_getContent_shouldReturnRelationships[24: com.dotcms.contenttype.test.ContentResourceTest$TestCase@200fa4c6]" classname="com.dotcms.contenttype.test.ContentResourceTest" time="2.917"/>
  <testcase name="test_getContent_shouldReturnRelationships[25: com.dotcms.contenttype.test.ContentResourceTest$TestCase@4fb0ec55]" classname="com.dotcms.contenttype.test.ContentResourceTest" time="3.164"/>
  <testcase name="test_getContent_shouldReturnRelationships[26: com.dotcms.contenttype.test.ContentResourceTest$TestCase@5c3033b4]" classname="com.dotcms.contenttype.test.ContentResourceTest" time="3.115"/>
  <testcase name="test_getContent_shouldReturnRelationships[27: com.dotcms.contenttype.test.ContentResourceTest$TestCase@400af3aa]" classname="com.dotcms.contenttype.test.ContentResourceTest" time="2.907"/>
  <testcase name="test_getContent_shouldReturnRelationships[28: com.dotcms.contenttype.test.ContentResourceTest$TestCase@1d7e46f9]" classname="com.dotcms.contenttype.test.ContentResourceTest" time="2.818"/>
  <testcase name="test_getContent_shouldReturnRelationships[29: com.dotcms.contenttype.test.ContentResourceTest$TestCase@5564d347]" classname="com.dotcms.contenttype.test.ContentResourceTest" time="2.801"/>
  <testcase name="test_getContent_shouldReturnRelationships[30: com.dotcms.contenttype.test.ContentResourceTest$TestCase@894f7cc]" classname="com.dotcms.contenttype.test.ContentResourceTest" time="2.996"/>
  <testcase name="test_getContent_shouldReturnRelationships[31: com.dotcms.contenttype.test.ContentResourceTest$TestCase@1f14d2d7]" classname="com.dotcms.contenttype.test.ContentResourceTest" time="2.829"/>
  <testcase name="test_getContent_shouldReturnRelationships[32: com.dotcms.contenttype.test.ContentResourceTest$TestCase@70b20642]" classname="com.dotcms.contenttype.test.ContentResourceTest" time="3.896"/>
  <testcase name="test_getContent_shouldReturnRelationships[33: com.dotcms.contenttype.test.ContentResourceTest$TestCase@3bf1df8]" classname="com.dotcms.contenttype.test.ContentResourceTest" time="3.728"/>
  <testcase name="testSinglePOST_InvalidParamsShouldReturn400[0: ({\n    &quot;stInode&quot; : &quot;InvalidValue&quot;,\n    &quot;numeric&quot; : &quot;0&quot;,\n    &quot;image&quot; : &quot;whatever&quot;\n}, Bad Request)]" classname="com.dotcms.contenttype.test.ContentResourceTest" time="0.807"/>
  <testcase name="testSinglePOST_InvalidParamsShouldReturn400[1: ({\n    &quot;numeric&quot; : &quot;0&quot;,\n    &quot;image&quot; : &quot;whatever&quot;\n}, Bad Request)]" classname="com.dotcms.contenttype.test.ContentResourceTest" time="0.78"/>
  <testcase name="Test_Save_Action_Set_Null_To_Required_NumericField_Issue_15340" classname="com.dotcms.contenttype.test.ContentResourceTest" time="0.817"/>
  <testcase name="Test_Save_Action_Remove_Image_Then_Verify_Fields_Were_Cleared_Issue_15340" classname="com.dotcms.contenttype.test.ContentResourceTest" time="3.574"/>
  <testcase name="test_getContentWithMultipleSelfRelated_shouldReturnRelationships[0: com.dotcms.contenttype.test.ContentResourceTest$PullSelfRelatedTestCase@15014dfe]" classname="com.dotcms.contenttype.test.ContentResourceTest" time="1.55"/>
  <testcase name="test_getContentWithMultipleSelfRelated_shouldReturnRelationships[1: com.dotcms.contenttype.test.ContentResourceTest$PullSelfRelatedTestCase@7561c90a]" classname="com.dotcms.contenttype.test.ContentResourceTest" time="1.604"/>
  <testcase name="testGetContentWithAllCategoriesInfo[0: json]" classname="com.dotcms.contenttype.test.ContentResourceTest" time="2.346"/>
  <testcase name="testGetContentWithAllCategoriesInfo[1: xml]" classname="com.dotcms.contenttype.test.ContentResourceTest" time="2.446"/>
  <system-out><![CDATA[











]]></system-out>
  <system-err><![CDATA[]]></system-err>
</testsuite>
