<?xml version="1.0" encoding="UTF-8"?>
<testsuite name="com.dotcms.rest.TagResourceIntegrationTest" tests="4" skipped="0" failures="0" errors="0" timestamp="2023-07-13T16:38:42" hostname="fv-az216-569" time="0.362">
  <properties/>
  <testcase name="testList[0: com.dotcms.rest.TagResourceTestCase@9ff6beb]" classname="com.dotcms.rest.TagResourceIntegrationTest" time="0.279"/>
  <testcase name="testList[1: com.dotcms.rest.TagResourceTestCase@799ca5dd]" classname="com.dotcms.rest.TagResourceIntegrationTest" time="0.027"/>
  <testcase name="testList[2: com.dotcms.rest.TagResourceTestCase@d8f9270]" classname="com.dotcms.rest.TagResourceIntegrationTest" time="0.022"/>
  <testcase name="testList[3: com.dotcms.rest.TagResourceTestCase@52c3bfce]" classname="com.dotcms.rest.TagResourceIntegrationTest" time="0.032"/>
  <system-out><![CDATA[]]></system-out>
  <system-err><![CDATA[Jul 13, 2023 4:38:42 PM com.dotcms.repackage.org.hibernate.validator.internal.util.Version <clinit>
INFO: HV000001: Hibernate Validator 4.3.2.Final
]]></system-err>
</testsuite>
