<?xml version="1.0" encoding="UTF-8"?>
<testsuite name="com.dotmarketing.servlets.ajax.AjaxDirectorServletIntegrationTest" tests="2" skipped="0" failures="0" errors="0" timestamp="2023-07-11T03:28:34" hostname="fv-az407-783" time="2.843">
  <properties/>
  <testcase name="testService[0: com.dotmarketing.servlets.ajax.AjaxDirectorServletTestCase@769120bb]" classname="com.dotmarketing.servlets.ajax.AjaxDirectorServletIntegrationTest" time="1.601"/>
  <testcase name="testService[1: com.dotmarketing.servlets.ajax.AjaxDirectorServletTestCase@48f74389]" classname="com.dotmarketing.servlets.ajax.AjaxDirectorServletIntegrationTest" time="1.242"/>
  <system-out><![CDATA[]]></system-out>
  <system-err><![CDATA[]]></system-err>
</testsuite>
