<?xml version="1.0" encoding="UTF-8"?>
<testsuite name="com.dotcms.rest.api.v1.vtl.VTLResourceIntegrationTest" tests="6" skipped="0" failures="0" errors="0" timestamp="2023-06-28T03:28:31" hostname="fv-az1028-708" time="12.091">
  <properties/>
  <testcase name="testGet[0: com.dotcms.rest.api.v1.vtl.VTLResourceTestCase@7d891b38]" classname="com.dotcms.rest.api.v1.vtl.VTLResourceIntegrationTest" time="2.223"/>
  <testcase name="testGet[1: com.dotcms.rest.api.v1.vtl.VTLResourceTestCase@3893706b]" classname="com.dotcms.rest.api.v1.vtl.VTLResourceIntegrationTest" time="1.897"/>
  <testcase name="testGet[2: com.dotcms.rest.api.v1.vtl.VTLResourceTestCase@2a898044]" classname="com.dotcms.rest.api.v1.vtl.VTLResourceIntegrationTest" time="1.992"/>
  <testcase name="testGet[3: com.dotcms.rest.api.v1.vtl.VTLResourceTestCase@74d836f4]" classname="com.dotcms.rest.api.v1.vtl.VTLResourceIntegrationTest" time="2.128"/>
  <testcase name="testGet[4: com.dotcms.rest.api.v1.vtl.VTLResourceTestCase@413db38c]" classname="com.dotcms.rest.api.v1.vtl.VTLResourceIntegrationTest" time="1.897"/>
  <testcase name="testGet[5: com.dotcms.rest.api.v1.vtl.VTLResourceTestCase@628e93e8]" classname="com.dotcms.rest.api.v1.vtl.VTLResourceIntegrationTest" time="1.954"/>
  <system-out><![CDATA[]]></system-out>
  <system-err><![CDATA[]]></system-err>
</testsuite>
