<?xml version="1.0" encoding="UTF-8"?>
<testsuite name="com.dotcms.dotpubsub.RedisPubSubImplTest" tests="2" skipped="0" failures="0" errors="0" timestamp="2023-07-13T19:18:54" hostname="fv-az178-328" time="0.024">
  <properties/>
  <testcase name="test_adding_removing_topics" classname="com.dotcms.dotpubsub.RedisPubSubImplTest" time="0.015"/>
  <testcase name="test_publisher" classname="com.dotcms.dotpubsub.RedisPubSubImplTest" time="0.009"/>
  <system-out><![CDATA[]]></system-out>
  <system-err><![CDATA[]]></system-err>
</testsuite>
