<?xml version="1.0" encoding="UTF-8"?>
<testsuite name="com.dotmarketing.filters.AutoLoginFilterTest" tests="1" skipped="0" failures="0" errors="0" timestamp="2023-07-20T20:58:52" hostname="fv-az1232-188" time="0.105">
  <properties/>
  <testcase name="shouldReturnOkWithLogoutRequest" classname="com.dotmarketing.filters.AutoLoginFilterTest" time="0.105"/>
  <system-out><![CDATA[]]></system-out>
  <system-err><![CDATA[]]></system-err>
</testsuite>
