<?xml version="1.0" encoding="UTF-8"?>
<testsuite name="com.dotmarketing.startup.runonce.Task210520UpdateAnonymousEmailTest" tests="1" skipped="0" failures="0" errors="0" timestamp="2023-07-03T18:09:52" hostname="fv-az218-411" time="0.009">
  <properties/>
  <testcase name="testExecuteUpgrade" classname="com.dotmarketing.startup.runonce.Task210520UpdateAnonymousEmailTest" time="0.009"/>
  <system-out><![CDATA[]]></system-out>
  <system-err><![CDATA[]]></system-err>
</testsuite>
