<?xml version="1.0" encoding="UTF-8"?>
<testsuite name="com.dotcms.rest.api.v1.contenttype.FieldVariableResourceTest" tests="2" skipped="0" failures="0" errors="0" timestamp="2023-06-29T02:08:33" hostname="fv-az445-202" time="14.261">
  <properties/>
  <testcase name="testByFieldId" classname="com.dotcms.rest.api.v1.contenttype.FieldVariableResourceTest" time="7.136"/>
  <testcase name="testByFieldVar" classname="com.dotcms.rest.api.v1.contenttype.FieldVariableResourceTest" time="7.125"/>
  <system-out><![CDATA[]]></system-out>
  <system-err><![CDATA[]]></system-err>
</testsuite>
