<?xml version="1.0" encoding="UTF-8"?>
<testsuite name="com.dotcms.rendering.velocity.viewtools.content.util.ContentUtilsTest" tests="89" skipped="0" failures="0" errors="0" timestamp="2023-07-13T16:25:03" hostname="fv-az216-569" time="432.588">
  <properties/>
  <testcase name="whenTheTimeMachineDateIsNullAndPublishDateInFutureShouldNotReturnAnything" classname="com.dotcms.rendering.velocity.viewtools.content.util.ContentUtilsTest" time="3.93"/>
  <testcase name="test_find_multilingual_contentlet_getContentletSuccessfully" classname="com.dotcms.rendering.velocity.viewtools.content.util.ContentUtilsTest" time="1.19"/>
  <testcase name="whenTheTimeMachineDateAndPublishDateAreTomorrowShouldReturnOneContent" classname="com.dotcms.rendering.velocity.viewtools.content.util.ContentUtilsTest" time="4.092"/>
  <testcase name="testPullRelated[0: com.dotcms.rendering.velocity.viewtools.content.util.ContentUtilsTest$TestCase@3879487f]" classname="com.dotcms.rendering.velocity.viewtools.content.util.ContentUtilsTest" time="4.863"/>
  <testcase name="testPullRelated[1: com.dotcms.rendering.velocity.viewtools.content.util.ContentUtilsTest$TestCase@f5bb9cd]" classname="com.dotcms.rendering.velocity.viewtools.content.util.ContentUtilsTest" time="3.222"/>
  <testcase name="testPullRelated[2: com.dotcms.rendering.velocity.viewtools.content.util.ContentUtilsTest$TestCase@516cb983]" classname="com.dotcms.rendering.velocity.viewtools.content.util.ContentUtilsTest" time="5.269"/>
  <testcase name="testPullRelated[3: com.dotcms.rendering.velocity.viewtools.content.util.ContentUtilsTest$TestCase@69ffbf55]" classname="com.dotcms.rendering.velocity.viewtools.content.util.ContentUtilsTest" time="3.54"/>
  <testcase name="testPullRelated[4: com.dotcms.rendering.velocity.viewtools.content.util.ContentUtilsTest$TestCase@1bb738a5]" classname="com.dotcms.rendering.velocity.viewtools.content.util.ContentUtilsTest" time="4.339"/>
  <testcase name="testPullRelated[5: com.dotcms.rendering.velocity.viewtools.content.util.ContentUtilsTest$TestCase@49707fcf]" classname="com.dotcms.rendering.velocity.viewtools.content.util.ContentUtilsTest" time="2.952"/>
  <testcase name="testPullRelated[6: com.dotcms.rendering.velocity.viewtools.content.util.ContentUtilsTest$TestCase@7d6477c3]" classname="com.dotcms.rendering.velocity.viewtools.content.util.ContentUtilsTest" time="3.51"/>
  <testcase name="testPullRelated[7: com.dotcms.rendering.velocity.viewtools.content.util.ContentUtilsTest$TestCase@69f57a2d]" classname="com.dotcms.rendering.velocity.viewtools.content.util.ContentUtilsTest" time="4.178"/>
  <testcase name="testPullRelated[8: com.dotcms.rendering.velocity.viewtools.content.util.ContentUtilsTest$TestCase@4b2515a6]" classname="com.dotcms.rendering.velocity.viewtools.content.util.ContentUtilsTest" time="4.879"/>
  <testcase name="testPullRelated[9: com.dotcms.rendering.velocity.viewtools.content.util.ContentUtilsTest$TestCase@161850a]" classname="com.dotcms.rendering.velocity.viewtools.content.util.ContentUtilsTest" time="4.015"/>
  <testcase name="testPullRelated[10: com.dotcms.rendering.velocity.viewtools.content.util.ContentUtilsTest$TestCase@5f65308a]" classname="com.dotcms.rendering.velocity.viewtools.content.util.ContentUtilsTest" time="4.337"/>
  <testcase name="testPullRelated[11: com.dotcms.rendering.velocity.viewtools.content.util.ContentUtilsTest$TestCase@1d831d59]" classname="com.dotcms.rendering.velocity.viewtools.content.util.ContentUtilsTest" time="5.068"/>
  <testcase name="testPullRelated[12: com.dotcms.rendering.velocity.viewtools.content.util.ContentUtilsTest$TestCase@7ee8b36a]" classname="com.dotcms.rendering.velocity.viewtools.content.util.ContentUtilsTest" time="4.503"/>
  <testcase name="testPullRelated[13: com.dotcms.rendering.velocity.viewtools.content.util.ContentUtilsTest$TestCase@73ac3068]" classname="com.dotcms.rendering.velocity.viewtools.content.util.ContentUtilsTest" time="4.18"/>
  <testcase name="testPullRelated[14: com.dotcms.rendering.velocity.viewtools.content.util.ContentUtilsTest$TestCase@5bbaff7]" classname="com.dotcms.rendering.velocity.viewtools.content.util.ContentUtilsTest" time="4.376"/>
  <testcase name="testPullRelated[15: com.dotcms.rendering.velocity.viewtools.content.util.ContentUtilsTest$TestCase@d713cc]" classname="com.dotcms.rendering.velocity.viewtools.content.util.ContentUtilsTest" time="2.983"/>
  <testcase name="testPullRelated[16: com.dotcms.rendering.velocity.viewtools.content.util.ContentUtilsTest$TestCase@3b1f835f]" classname="com.dotcms.rendering.velocity.viewtools.content.util.ContentUtilsTest" time="3.045"/>
  <testcase name="testPullRelated[17: com.dotcms.rendering.velocity.viewtools.content.util.ContentUtilsTest$TestCase@29a2cb24]" classname="com.dotcms.rendering.velocity.viewtools.content.util.ContentUtilsTest" time="3.946"/>
  <testcase name="testPullRelated[18: com.dotcms.rendering.velocity.viewtools.content.util.ContentUtilsTest$TestCase@71be1df0]" classname="com.dotcms.rendering.velocity.viewtools.content.util.ContentUtilsTest" time="3.211"/>
  <testcase name="testPullRelated[19: com.dotcms.rendering.velocity.viewtools.content.util.ContentUtilsTest$TestCase@494f3978]" classname="com.dotcms.rendering.velocity.viewtools.content.util.ContentUtilsTest" time="3.062"/>
  <testcase name="testPullRelated[20: com.dotcms.rendering.velocity.viewtools.content.util.ContentUtilsTest$TestCase@e0d4e75]" classname="com.dotcms.rendering.velocity.viewtools.content.util.ContentUtilsTest" time="4.212"/>
  <testcase name="testPullRelated[21: com.dotcms.rendering.velocity.viewtools.content.util.ContentUtilsTest$TestCase@31c95f7b]" classname="com.dotcms.rendering.velocity.viewtools.content.util.ContentUtilsTest" time="4.79"/>
  <testcase name="testPullRelated[22: com.dotcms.rendering.velocity.viewtools.content.util.ContentUtilsTest$TestCase@3099952f]" classname="com.dotcms.rendering.velocity.viewtools.content.util.ContentUtilsTest" time="4.444"/>
  <testcase name="testPullRelated[23: com.dotcms.rendering.velocity.viewtools.content.util.ContentUtilsTest$TestCase@2deebd]" classname="com.dotcms.rendering.velocity.viewtools.content.util.ContentUtilsTest" time="3.974"/>
  <testcase name="testPullRelated[24: com.dotcms.rendering.velocity.viewtools.content.util.ContentUtilsTest$TestCase@6437762b]" classname="com.dotcms.rendering.velocity.viewtools.content.util.ContentUtilsTest" time="4.112"/>
  <testcase name="testPullRelated[25: com.dotcms.rendering.velocity.viewtools.content.util.ContentUtilsTest$TestCase@1f7ecf51]" classname="com.dotcms.rendering.velocity.viewtools.content.util.ContentUtilsTest" time="4.783"/>
  <testcase name="testPullRelated[26: com.dotcms.rendering.velocity.viewtools.content.util.ContentUtilsTest$TestCase@63b2117c]" classname="com.dotcms.rendering.velocity.viewtools.content.util.ContentUtilsTest" time="4.331"/>
  <testcase name="testPullRelated[27: com.dotcms.rendering.velocity.viewtools.content.util.ContentUtilsTest$TestCase@c8553b1]" classname="com.dotcms.rendering.velocity.viewtools.content.util.ContentUtilsTest" time="4.049"/>
  <testcase name="testPullRelated[28: com.dotcms.rendering.velocity.viewtools.content.util.ContentUtilsTest$TestCase@53dcea24]" classname="com.dotcms.rendering.velocity.viewtools.content.util.ContentUtilsTest" time="3.238"/>
  <testcase name="testPullRelated[29: com.dotcms.rendering.velocity.viewtools.content.util.ContentUtilsTest$TestCase@3a31a349]" classname="com.dotcms.rendering.velocity.viewtools.content.util.ContentUtilsTest" time="4.053"/>
  <testcase name="testPullRelated[30: com.dotcms.rendering.velocity.viewtools.content.util.ContentUtilsTest$TestCase@497b7c82]" classname="com.dotcms.rendering.velocity.viewtools.content.util.ContentUtilsTest" time="4.067"/>
  <testcase name="testPullRelated[31: com.dotcms.rendering.velocity.viewtools.content.util.ContentUtilsTest$TestCase@6fc5a6c7]" classname="com.dotcms.rendering.velocity.viewtools.content.util.ContentUtilsTest" time="4.071"/>
  <testcase name="testPullRelated[32: com.dotcms.rendering.velocity.viewtools.content.util.ContentUtilsTest$TestCase@5bfcecd1]" classname="com.dotcms.rendering.velocity.viewtools.content.util.ContentUtilsTest" time="4.531"/>
  <testcase name="testPullRelated[33: com.dotcms.rendering.velocity.viewtools.content.util.ContentUtilsTest$TestCase@6ce0370c]" classname="com.dotcms.rendering.velocity.viewtools.content.util.ContentUtilsTest" time="4.47"/>
  <testcase name="testPullRelated[34: com.dotcms.rendering.velocity.viewtools.content.util.ContentUtilsTest$TestCase@7e6dd97e]" classname="com.dotcms.rendering.velocity.viewtools.content.util.ContentUtilsTest" time="3.284"/>
  <testcase name="testPullRelated[35: com.dotcms.rendering.velocity.viewtools.content.util.ContentUtilsTest$TestCase@3cdcabea]" classname="com.dotcms.rendering.velocity.viewtools.content.util.ContentUtilsTest" time="3.189"/>
  <testcase name="testPullRelated[36: com.dotcms.rendering.velocity.viewtools.content.util.ContentUtilsTest$TestCase@7a42c4]" classname="com.dotcms.rendering.velocity.viewtools.content.util.ContentUtilsTest" time="7.266"/>
  <testcase name="testPullRelated[37: com.dotcms.rendering.velocity.viewtools.content.util.ContentUtilsTest$TestCase@6dcf5d90]" classname="com.dotcms.rendering.velocity.viewtools.content.util.ContentUtilsTest" time="5.915"/>
  <testcase name="testPullRelated[38: com.dotcms.rendering.velocity.viewtools.content.util.ContentUtilsTest$TestCase@7df9df7e]" classname="com.dotcms.rendering.velocity.viewtools.content.util.ContentUtilsTest" time="6.372"/>
  <testcase name="testPullRelated[39: com.dotcms.rendering.velocity.viewtools.content.util.ContentUtilsTest$TestCase@2423b8d0]" classname="com.dotcms.rendering.velocity.viewtools.content.util.ContentUtilsTest" time="7.081"/>
  <testcase name="testPullRelated[40: com.dotcms.rendering.velocity.viewtools.content.util.ContentUtilsTest$TestCase@761da2f2]" classname="com.dotcms.rendering.velocity.viewtools.content.util.ContentUtilsTest" time="6.236"/>
  <testcase name="testPullRelated[41: com.dotcms.rendering.velocity.viewtools.content.util.ContentUtilsTest$TestCase@6129427c]" classname="com.dotcms.rendering.velocity.viewtools.content.util.ContentUtilsTest" time="6.916"/>
  <testcase name="testPullRelated[42: com.dotcms.rendering.velocity.viewtools.content.util.ContentUtilsTest$TestCase@52187308]" classname="com.dotcms.rendering.velocity.viewtools.content.util.ContentUtilsTest" time="6.249"/>
  <testcase name="testPullRelated[43: com.dotcms.rendering.velocity.viewtools.content.util.ContentUtilsTest$TestCase@6b44b4a3]" classname="com.dotcms.rendering.velocity.viewtools.content.util.ContentUtilsTest" time="6.523"/>
  <testcase name="testPullRelated[44: com.dotcms.rendering.velocity.viewtools.content.util.ContentUtilsTest$TestCase@7055810b]" classname="com.dotcms.rendering.velocity.viewtools.content.util.ContentUtilsTest" time="7.056"/>
  <testcase name="testPullRelated[45: com.dotcms.rendering.velocity.viewtools.content.util.ContentUtilsTest$TestCase@5bc417df]" classname="com.dotcms.rendering.velocity.viewtools.content.util.ContentUtilsTest" time="6.971"/>
  <testcase name="testPullRelated[46: com.dotcms.rendering.velocity.viewtools.content.util.ContentUtilsTest$TestCase@4a55bf9c]" classname="com.dotcms.rendering.velocity.viewtools.content.util.ContentUtilsTest" time="6.302"/>
  <testcase name="testPullRelated[47: com.dotcms.rendering.velocity.viewtools.content.util.ContentUtilsTest$TestCase@4faebd9]" classname="com.dotcms.rendering.velocity.viewtools.content.util.ContentUtilsTest" time="6.491"/>
  <testcase name="testPullRelated[48: com.dotcms.rendering.velocity.viewtools.content.util.ContentUtilsTest$TestCase@587b7f94]" classname="com.dotcms.rendering.velocity.viewtools.content.util.ContentUtilsTest" time="6.863"/>
  <testcase name="testPullRelated[49: com.dotcms.rendering.velocity.viewtools.content.util.ContentUtilsTest$TestCase@23fae1ab]" classname="com.dotcms.rendering.velocity.viewtools.content.util.ContentUtilsTest" time="5.829"/>
  <testcase name="testPullRelated[50: com.dotcms.rendering.velocity.viewtools.content.util.ContentUtilsTest$TestCase@44340317]" classname="com.dotcms.rendering.velocity.viewtools.content.util.ContentUtilsTest" time="6.286"/>
  <testcase name="testPullRelated[51: com.dotcms.rendering.velocity.viewtools.content.util.ContentUtilsTest$TestCase@17c39c6b]" classname="com.dotcms.rendering.velocity.viewtools.content.util.ContentUtilsTest" time="6.237"/>
  <testcase name="testPullRelated[52: com.dotcms.rendering.velocity.viewtools.content.util.ContentUtilsTest$TestCase@14c7d6d8]" classname="com.dotcms.rendering.velocity.viewtools.content.util.ContentUtilsTest" time="7.112"/>
  <testcase name="testPullRelated[53: com.dotcms.rendering.velocity.viewtools.content.util.ContentUtilsTest$TestCase@60449a52]" classname="com.dotcms.rendering.velocity.viewtools.content.util.ContentUtilsTest" time="5.842"/>
  <testcase name="testPullRelated[54: com.dotcms.rendering.velocity.viewtools.content.util.ContentUtilsTest$TestCase@40c01f6]" classname="com.dotcms.rendering.velocity.viewtools.content.util.ContentUtilsTest" time="5.739"/>
  <testcase name="testPullRelated[55: com.dotcms.rendering.velocity.viewtools.content.util.ContentUtilsTest$TestCase@fa7e5d8]" classname="com.dotcms.rendering.velocity.viewtools.content.util.ContentUtilsTest" time="5.959"/>
  <testcase name="testPullRelated[56: com.dotcms.rendering.velocity.viewtools.content.util.ContentUtilsTest$TestCase@25fc93e2]" classname="com.dotcms.rendering.velocity.viewtools.content.util.ContentUtilsTest" time="6.83"/>
  <testcase name="testPullRelated[57: com.dotcms.rendering.velocity.viewtools.content.util.ContentUtilsTest$TestCase@612e1b05]" classname="com.dotcms.rendering.velocity.viewtools.content.util.ContentUtilsTest" time="5.453"/>
  <testcase name="testPullRelated[58: com.dotcms.rendering.velocity.viewtools.content.util.ContentUtilsTest$TestCase@549b567]" classname="com.dotcms.rendering.velocity.viewtools.content.util.ContentUtilsTest" time="7.393"/>
  <testcase name="testPullRelated[59: com.dotcms.rendering.velocity.viewtools.content.util.ContentUtilsTest$TestCase@35700933]" classname="com.dotcms.rendering.velocity.viewtools.content.util.ContentUtilsTest" time="5.958"/>
  <testcase name="testPullRelated[60: com.dotcms.rendering.velocity.viewtools.content.util.ContentUtilsTest$TestCase@7452effc]" classname="com.dotcms.rendering.velocity.viewtools.content.util.ContentUtilsTest" time="6.046"/>
  <testcase name="testPullRelated[61: com.dotcms.rendering.velocity.viewtools.content.util.ContentUtilsTest$TestCase@65352440]" classname="com.dotcms.rendering.velocity.viewtools.content.util.ContentUtilsTest" time="6.33"/>
  <testcase name="testPullRelated[62: com.dotcms.rendering.velocity.viewtools.content.util.ContentUtilsTest$TestCase@2d1f570c]" classname="com.dotcms.rendering.velocity.viewtools.content.util.ContentUtilsTest" time="7.142"/>
  <testcase name="testPullRelated[63: com.dotcms.rendering.velocity.viewtools.content.util.ContentUtilsTest$TestCase@1893fa0d]" classname="com.dotcms.rendering.velocity.viewtools.content.util.ContentUtilsTest" time="6.286"/>
  <testcase name="testPullRelated[64: com.dotcms.rendering.velocity.viewtools.content.util.ContentUtilsTest$TestCase@7b5dcbec]" classname="com.dotcms.rendering.velocity.viewtools.content.util.ContentUtilsTest" time="6.819"/>
  <testcase name="testPullRelated[65: com.dotcms.rendering.velocity.viewtools.content.util.ContentUtilsTest$TestCase@3706f7e3]" classname="com.dotcms.rendering.velocity.viewtools.content.util.ContentUtilsTest" time="6.071"/>
  <testcase name="testPullRelated[66: com.dotcms.rendering.velocity.viewtools.content.util.ContentUtilsTest$TestCase@60766138]" classname="com.dotcms.rendering.velocity.viewtools.content.util.ContentUtilsTest" time="6.484"/>
  <testcase name="testPullRelated[67: com.dotcms.rendering.velocity.viewtools.content.util.ContentUtilsTest$TestCase@6732aca9]" classname="com.dotcms.rendering.velocity.viewtools.content.util.ContentUtilsTest" time="6.926"/>
  <testcase name="testPullRelated[68: com.dotcms.rendering.velocity.viewtools.content.util.ContentUtilsTest$TestCase@72a51908]" classname="com.dotcms.rendering.velocity.viewtools.content.util.ContentUtilsTest" time="6.294"/>
  <testcase name="testPullRelated[69: com.dotcms.rendering.velocity.viewtools.content.util.ContentUtilsTest$TestCase@721c4150]" classname="com.dotcms.rendering.velocity.viewtools.content.util.ContentUtilsTest" time="6.979"/>
  <testcase name="testPullRelated[70: com.dotcms.rendering.velocity.viewtools.content.util.ContentUtilsTest$TestCase@2130918a]" classname="com.dotcms.rendering.velocity.viewtools.content.util.ContentUtilsTest" time="6.014"/>
  <testcase name="testPullRelated[71: com.dotcms.rendering.velocity.viewtools.content.util.ContentUtilsTest$TestCase@531526e1]" classname="com.dotcms.rendering.velocity.viewtools.content.util.ContentUtilsTest" time="6.154"/>
  <testcase name="whenPublishAndExpireDatesAreInTheFutureAndTimeMachineIsAfterBoth" classname="com.dotcms.rendering.velocity.viewtools.content.util.ContentUtilsTest" time="3.802"/>
  <testcase name="testPullRelatedForLegacyRelationship[0: com.dotcms.rendering.velocity.viewtools.content.util.ContentUtilsTest$LegacyTestCase@92218d2]" classname="com.dotcms.rendering.velocity.viewtools.content.util.ContentUtilsTest" time="4.768"/>
  <testcase name="testPullRelatedForLegacyRelationship[1: com.dotcms.rendering.velocity.viewtools.content.util.ContentUtilsTest$LegacyTestCase@19a4ce67]" classname="com.dotcms.rendering.velocity.viewtools.content.util.ContentUtilsTest" time="3.265"/>
  <testcase name="whenTheTimeMachineDateIsAfterTomorrowAndExpireDateIsTomorrowShouldNotReturnContent" classname="com.dotcms.rendering.velocity.viewtools.content.util.ContentUtilsTest" time="3.958"/>
  <testcase name="testPullLiveRelatedWhenLatestVersionIsWorking" classname="com.dotcms.rendering.velocity.viewtools.content.util.ContentUtilsTest" time="4.833"/>
  <testcase name="test_add_relationships_on_parent_children_related_contents" classname="com.dotcms.rendering.velocity.viewtools.content.util.ContentUtilsTest" time="1.705"/>
  <testcase name="testSortPullRelated[0: com.dotcms.rendering.velocity.viewtools.content.util.ContentUtilsTest$SortTestCase@3cbda018]" classname="com.dotcms.rendering.velocity.viewtools.content.util.ContentUtilsTest" time="3.079"/>
  <testcase name="testSortPullRelated[1: com.dotcms.rendering.velocity.viewtools.content.util.ContentUtilsTest$SortTestCase@4665ab40]" classname="com.dotcms.rendering.velocity.viewtools.content.util.ContentUtilsTest" time="3.425"/>
  <testcase name="testSortPullRelated[2: com.dotcms.rendering.velocity.viewtools.content.util.ContentUtilsTest$SortTestCase@5f98dfd6]" classname="com.dotcms.rendering.velocity.viewtools.content.util.ContentUtilsTest" time="2.243"/>
  <testcase name="testSortPullRelated[3: com.dotcms.rendering.velocity.viewtools.content.util.ContentUtilsTest$SortTestCase@60f0e5b4]" classname="com.dotcms.rendering.velocity.viewtools.content.util.ContentUtilsTest" time="3.295"/>
  <testcase name="testSortPullRelated[4: com.dotcms.rendering.velocity.viewtools.content.util.ContentUtilsTest$SortTestCase@319c34d2]" classname="com.dotcms.rendering.velocity.viewtools.content.util.ContentUtilsTest" time="2.475"/>
  <testcase name="testSortPullRelated[5: com.dotcms.rendering.velocity.viewtools.content.util.ContentUtilsTest$SortTestCase@5a48b60a]" classname="com.dotcms.rendering.velocity.viewtools.content.util.ContentUtilsTest" time="3.368"/>
  <testcase name="whenTheTimeMachineDateIsAfterTomorrowAndExpireDateIsInFutureShouldReturnContent" classname="com.dotcms.rendering.velocity.viewtools.content.util.ContentUtilsTest" time="3.943"/>
  <testcase name="testPullRelatedFieldShouldRespectDefaultOrder" classname="com.dotcms.rendering.velocity.viewtools.content.util.ContentUtilsTest" time="1.714"/>
  <system-out><![CDATA[]]></system-out>
  <system-err><![CDATA[]]></system-err>
</testsuite>
