<?xml version="1.0" encoding="UTF-8"?>
<testsuite name="com.dotcms.enterprise.publishing.remote.bundler.FolderBundlerTest" tests="3" skipped="0" failures="0" errors="0" timestamp="2023-07-19T18:36:37" hostname="fv-az189-825" time="0.016">
  <properties/>
  <testcase name="addFolderInBundle[0: com.dotcms.enterprise.publishing.remote.bundler.FolderBundlerTest$TestCase@10630e22]" classname="com.dotcms.enterprise.publishing.remote.bundler.FolderBundlerTest" time="0.006"/>
  <testcase name="addFolderInBundle[1: com.dotcms.enterprise.publishing.remote.bundler.FolderBundlerTest$TestCase@3b91ff62]" classname="com.dotcms.enterprise.publishing.remote.bundler.FolderBundlerTest" time="0.005"/>
  <testcase name="addFolderInBundle[2: com.dotcms.enterprise.publishing.remote.bundler.FolderBundlerTest$TestCase@6c66ae19]" classname="com.dotcms.enterprise.publishing.remote.bundler.FolderBundlerTest" time="0.005"/>
  <system-out><![CDATA[]]></system-out>
  <system-err><![CDATA[]]></system-err>
</testsuite>
