<?xml version="1.0" encoding="UTF-8"?>
<testsuite name="com.dotmarketing.servlets.ShortyServletAndTitleImageTest" tests="2" skipped="0" failures="0" errors="0" timestamp="2023-06-26T18:02:38" hostname="fv-az455-779" time="2.313">
  <properties/>
  <testcase name="test_Contentlet_getTitleImage_Returns_Proper_Field" classname="com.dotmarketing.servlets.ShortyServletAndTitleImageTest" time="0.356"/>
  <testcase name="test_ShortyServlet_Returns_Proper_Field" classname="com.dotmarketing.servlets.ShortyServletAndTitleImageTest" time="1.957"/>
  <system-out><![CDATA[]]></system-out>
  <system-err><![CDATA[]]></system-err>
</testsuite>
