<?xml version="1.0" encoding="UTF-8"?>
<testsuite name="com.dotcms.rest.api.v1.apps.AppsResourceTest" tests="18" skipped="0" failures="0" errors="0" timestamp="2023-06-30T23:24:02" hostname="fv-az1256-878" time="59.976">
  <properties/>
  <testcase name="Test_Create_App_Descriptor_Then_Create_App_Integration_Then_Delete_App_Descriptor" classname="com.dotcms.rest.api.v1.apps.AppsResourceTest" time="10.543"/>
  <testcase name="Test_Pagination_And_Sort_Then_Request_Filter_Expect_Empty_Results" classname="com.dotcms.rest.api.v1.apps.AppsResourceTest" time="27.577"/>
  <testcase name="Test_List_Available_Apps_Invalid_License" classname="com.dotcms.rest.api.v1.apps.AppsResourceTest" time="0.002"/>
  <testcase name="Test_Create_App_descriptor_Then_Create_App_Integration_Then_Delete_One_Single_Secret" classname="com.dotcms.rest.api.v1.apps.AppsResourceTest" time="0.904"/>
  <testcase name="Test_Required_Params_Sent_Empty_Value_Expect_Bad_Request" classname="com.dotcms.rest.api.v1.apps.AppsResourceTest" time="0.728"/>
  <testcase name="Test_Create_App_descriptor_Then_Create_App_Integration_Then_Update_Secrets" classname="com.dotcms.rest.api.v1.apps.AppsResourceTest" time="1.126"/>
  <testcase name="Test_Select_List_Param" classname="com.dotcms.rest.api.v1.apps.AppsResourceTest" time="0.944"/>
  <testcase name="Test_Create_App_descriptor_Then_Create_App_Integration_Then_Archive_Site_Expect_Secrets_No_Longer_Available" classname="com.dotcms.rest.api.v1.apps.AppsResourceTest" time="1.676"/>
  <testcase name="Test_Secret_Form_Keys_And_Values_Are_Trimmed" classname="com.dotcms.rest.api.v1.apps.AppsResourceTest" time="1.357"/>
  <testcase name="Test_Get_App_Detail_Invalid_License" classname="com.dotcms.rest.api.v1.apps.AppsResourceTest" time="0.014"/>
  <testcase name="Test_Export_Import" classname="com.dotcms.rest.api.v1.apps.AppsResourceTest" time="1.025"/>
  <testcase name="Test_Create_Descriptor_Then_Add_Dynamic_Prop" classname="com.dotcms.rest.api.v1.apps.AppsResourceTest" time="1.034"/>
  <testcase name="Test_Create_app_descriptor_Then_Create_App_Integration_Then_Delete_The_Whole_App" classname="com.dotcms.rest.api.v1.apps.AppsResourceTest" time="1.994"/>
  <testcase name="Test_App_Key_Casing" classname="com.dotcms.rest.api.v1.apps.AppsResourceTest" time="5.062"/>
  <testcase name="Test_Secret_Serializer_Returned_Values_Match_Descriptor_Verify_Hidden_Secrets_Are_Protected_Verify_Params_Are_Ordered" classname="com.dotcms.rest.api.v1.apps.AppsResourceTest" time="5.379"/>
  <testcase name="Test_Required_Params_Send_Missing_Required_Param_Expect_Bad_Request" classname="com.dotcms.rest.api.v1.apps.AppsResourceTest" time="0.603"/>
  <testcase name="Test_Get_App_By_Key_Invalid_License" classname="com.dotcms.rest.api.v1.apps.AppsResourceTest" time="0.001"/>
  <testcase name="Test_Already_Exists_Exception_Expect_Bad_Request" classname="com.dotcms.rest.api.v1.apps.AppsResourceTest" time="0.006"/>
  <system-out><![CDATA[]]></system-out>
  <system-err><![CDATA[]]></system-err>
</testsuite>
