<?xml version="1.0" encoding="UTF-8"?>
<testsuite name="com.dotmarketing.portlets.structure.model.ContentletRelationshipsTest" tests="7" skipped="0" failures="0" errors="0" timestamp="2023-07-11T15:26:10" hostname="fv-az399-769" time="9.699">
  <properties/>
  <testcase name="testDoesAllowOnlyOne[0: com.dotmarketing.portlets.structure.model.ContentletRelationshipsTest$CardinalityTestCase@3830d648]" classname="com.dotmarketing.portlets.structure.model.ContentletRelationshipsTest" time="0.614"/>
  <testcase name="testDoesAllowOnlyOne[1: com.dotmarketing.portlets.structure.model.ContentletRelationshipsTest$CardinalityTestCase@54ff83f4]" classname="com.dotmarketing.portlets.structure.model.ContentletRelationshipsTest" time="0.644"/>
  <testcase name="testDoesAllowOnlyOne[2: com.dotmarketing.portlets.structure.model.ContentletRelationshipsTest$CardinalityTestCase@640f1226]" classname="com.dotmarketing.portlets.structure.model.ContentletRelationshipsTest" time="0.61"/>
  <testcase name="testGetRelationshipRecords[0: com.dotmarketing.portlets.structure.model.ContentletRelationshipsTest$TestCase@2c58f0]" classname="com.dotmarketing.portlets.structure.model.ContentletRelationshipsTest" time="2.404"/>
  <testcase name="testGetRelationshipRecords[1: com.dotmarketing.portlets.structure.model.ContentletRelationshipsTest$TestCase@3e104c2b]" classname="com.dotmarketing.portlets.structure.model.ContentletRelationshipsTest" time="2.246"/>
  <testcase name="testGetRelationshipRecords[2: com.dotmarketing.portlets.structure.model.ContentletRelationshipsTest$TestCase@1658983e]" classname="com.dotmarketing.portlets.structure.model.ContentletRelationshipsTest" time="2.107"/>
  <testcase name="testGetRelationshipRecords[3: com.dotmarketing.portlets.structure.model.ContentletRelationshipsTest$TestCase@ada26f1]" classname="com.dotmarketing.portlets.structure.model.ContentletRelationshipsTest" time="1.074"/>
  <system-out><![CDATA[]]></system-out>
  <system-err><![CDATA[]]></system-err>
</testsuite>
