<?xml version="1.0" encoding="UTF-8"?>
<testsuite name="com.dotcms.rest.api.v1.vtl.VTLResourceIntegrationTest" tests="6" skipped="0" failures="0" errors="0" timestamp="2023-07-19T20:03:44" hostname="fv-az407-374" time="12.059">
  <properties/>
  <testcase name="testGet[0: com.dotcms.rest.api.v1.vtl.VTLResourceTestCase@7033ff12]" classname="com.dotcms.rest.api.v1.vtl.VTLResourceIntegrationTest" time="2.116"/>
  <testcase name="testGet[1: com.dotcms.rest.api.v1.vtl.VTLResourceTestCase@145afcfa]" classname="com.dotcms.rest.api.v1.vtl.VTLResourceIntegrationTest" time="2.038"/>
  <testcase name="testGet[2: com.dotcms.rest.api.v1.vtl.VTLResourceTestCase@53f813d0]" classname="com.dotcms.rest.api.v1.vtl.VTLResourceIntegrationTest" time="2.075"/>
  <testcase name="testGet[3: com.dotcms.rest.api.v1.vtl.VTLResourceTestCase@c06beb5]" classname="com.dotcms.rest.api.v1.vtl.VTLResourceIntegrationTest" time="1.869"/>
  <testcase name="testGet[4: com.dotcms.rest.api.v1.vtl.VTLResourceTestCase@63a21b48]" classname="com.dotcms.rest.api.v1.vtl.VTLResourceIntegrationTest" time="2.112"/>
  <testcase name="testGet[5: com.dotcms.rest.api.v1.vtl.VTLResourceTestCase@20dc86ea]" classname="com.dotcms.rest.api.v1.vtl.VTLResourceIntegrationTest" time="1.848"/>
  <system-out><![CDATA[]]></system-out>
  <system-err><![CDATA[]]></system-err>
</testsuite>
