<?xml version="1.0" encoding="UTF-8"?>
<testsuite name="com.dotmarketing.portlets.structure.factories.FieldFactoryTest" tests="10" skipped="0" failures="0" errors="0" timestamp="2023-07-24T15:50:28" hostname="fv-az571-935" time="2.52">
  <properties/>
  <testcase name="fieldVariables" classname="com.dotmarketing.portlets.structure.factories.FieldFactoryTest" time="0.092"/>
  <testcase name="isTagField" classname="com.dotmarketing.portlets.structure.factories.FieldFactoryTest" time="0.015"/>
  <testcase name="getFieldsByStructure" classname="com.dotmarketing.portlets.structure.factories.FieldFactoryTest" time="0.001"/>
  <testcase name="getFieldByName" classname="com.dotmarketing.portlets.structure.factories.FieldFactoryTest" time="0.002"/>
  <testcase name="getFieldByVariableName" classname="com.dotmarketing.portlets.structure.factories.FieldFactoryTest" time="0.002"/>
  <testcase name="saveDeleteField" classname="com.dotmarketing.portlets.structure.factories.FieldFactoryTest" time="2.398"/>
  <testcase name="getFieldsByContentletField" classname="com.dotmarketing.portlets.structure.factories.FieldFactoryTest" time="0.004"/>
  <testcase name="getFieldsByStructureSortedBySortOrder" classname="com.dotmarketing.portlets.structure.factories.FieldFactoryTest" time="0.001"/>
  <testcase name="getNextAvailableFieldNumber" classname="com.dotmarketing.portlets.structure.factories.FieldFactoryTest" time="0.002"/>
  <testcase name="getFieldByInode" classname="com.dotmarketing.portlets.structure.factories.FieldFactoryTest" time="0.002"/>
  <system-out><![CDATA[]]></system-out>
  <system-err><![CDATA[]]></system-err>
</testsuite>
