<?xml version="1.0" encoding="UTF-8"?>
<testsuite name="com.dotcms.ema.EMAWebInterceptorTest" tests="4" skipped="0" failures="0" errors="0" timestamp="2023-07-15T00:02:54" hostname="fv-az343-544" time="4.243">
  <properties/>
  <testcase name="test_EMAInterceptor_intercept_SecretExistsAtHost_ReturnResult_Query_String" classname="com.dotcms.ema.EMAWebInterceptorTest" time="1.193"/>
  <testcase name="test_EMAInterceptor_intercept_SecretDoesNotExist_ReturnNext" classname="com.dotcms.ema.EMAWebInterceptorTest" time="1.0"/>
  <testcase name="test_EMAInterceptor_intercept_SecretExistsAtSystemHost_ReturnResult" classname="com.dotcms.ema.EMAWebInterceptorTest" time="1.112"/>
  <testcase name="test_EMAInterceptor_intercept_SecretExistAtHost_ReturnResult" classname="com.dotcms.ema.EMAWebInterceptorTest" time="0.937"/>
  <system-out><![CDATA[]]></system-out>
  <system-err><![CDATA[]]></system-err>
</testsuite>
