<?xml version="1.0" encoding="UTF-8"?>
<testsuite name="com.dotcms.contenttype.test.ContentResourceTest" tests="52" skipped="0" failures="0" errors="0" timestamp="2023-07-05T20:55:30" hostname="fv-az402-966" time="137.98">
  <properties/>
  <testcase name="testGetContentShouldReturnIconDetails" classname="com.dotcms.contenttype.test.ContentResourceTest" time="1.531"/>
  <testcase name="Test_Save_Action_Set_Words_To_Required_NumericField_Issue_15340" classname="com.dotcms.contenttype.test.ContentResourceTest" time="0.808"/>
  <testcase name="test_getContent_includeGrandChildCategory_success" classname="com.dotcms.contenttype.test.ContentResourceTest" time="1.249"/>
  <testcase name="testGetContentWithRelatedParameter[0: com.dotcms.contenttype.test.ContentResourceTest$PullRelatedTestCase@47724d2f]" classname="com.dotcms.contenttype.test.ContentResourceTest" time="3.625"/>
  <testcase name="testGetContentWithRelatedParameter[1: com.dotcms.contenttype.test.ContentResourceTest$PullRelatedTestCase@12769ad9]" classname="com.dotcms.contenttype.test.ContentResourceTest" time="3.6"/>
  <testcase name="testGetContentWithRelatedParameter[2: com.dotcms.contenttype.test.ContentResourceTest$PullRelatedTestCase@5676df7d]" classname="com.dotcms.contenttype.test.ContentResourceTest" time="3.701"/>
  <testcase name="testGetContentWithRelatedParameter[3: com.dotcms.contenttype.test.ContentResourceTest$PullRelatedTestCase@52c28970]" classname="com.dotcms.contenttype.test.ContentResourceTest" time="3.387"/>
  <testcase name="testGetContentWithRelatedParameter[4: com.dotcms.contenttype.test.ContentResourceTest$PullRelatedTestCase@70cbd32]" classname="com.dotcms.contenttype.test.ContentResourceTest" time="3.717"/>
  <testcase name="test_getContent_SelfRelatedWith3LevelsOfDepth_shouldReturnRelationships" classname="com.dotcms.contenttype.test.ContentResourceTest" time="1.294"/>
  <testcase name="Test_Save_Action_Send_Fields_SubSet_Issue_15340" classname="com.dotcms.contenttype.test.ContentResourceTest" time="2.72"/>
  <testcase name="test_getContent_shouldReturnRelationships[0: com.dotcms.contenttype.test.ContentResourceTest$TestCase@210a4f58]" classname="com.dotcms.contenttype.test.ContentResourceTest" time="2.791"/>
  <testcase name="test_getContent_shouldReturnRelationships[1: com.dotcms.contenttype.test.ContentResourceTest$TestCase@41e7e133]" classname="com.dotcms.contenttype.test.ContentResourceTest" time="2.987"/>
  <testcase name="test_getContent_shouldReturnRelationships[2: com.dotcms.contenttype.test.ContentResourceTest$TestCase@7a87976]" classname="com.dotcms.contenttype.test.ContentResourceTest" time="1.788"/>
  <testcase name="test_getContent_shouldReturnRelationships[3: com.dotcms.contenttype.test.ContentResourceTest$TestCase@652fb19c]" classname="com.dotcms.contenttype.test.ContentResourceTest" time="2.896"/>
  <testcase name="test_getContent_shouldReturnRelationships[4: com.dotcms.contenttype.test.ContentResourceTest$TestCase@16ac42ee]" classname="com.dotcms.contenttype.test.ContentResourceTest" time="2.888"/>
  <testcase name="test_getContent_shouldReturnRelationships[5: com.dotcms.contenttype.test.ContentResourceTest$TestCase@68bcc771]" classname="com.dotcms.contenttype.test.ContentResourceTest" time="2.667"/>
  <testcase name="test_getContent_shouldReturnRelationships[6: com.dotcms.contenttype.test.ContentResourceTest$TestCase@2c9b60d9]" classname="com.dotcms.contenttype.test.ContentResourceTest" time="2.75"/>
  <testcase name="test_getContent_shouldReturnRelationships[7: com.dotcms.contenttype.test.ContentResourceTest$TestCase@34209787]" classname="com.dotcms.contenttype.test.ContentResourceTest" time="2.772"/>
  <testcase name="test_getContent_shouldReturnRelationships[8: com.dotcms.contenttype.test.ContentResourceTest$TestCase@406f18df]" classname="com.dotcms.contenttype.test.ContentResourceTest" time="2.842"/>
  <testcase name="test_getContent_shouldReturnRelationships[9: com.dotcms.contenttype.test.ContentResourceTest$TestCase@4e66c8ec]" classname="com.dotcms.contenttype.test.ContentResourceTest" time="2.137"/>
  <testcase name="test_getContent_shouldReturnRelationships[10: com.dotcms.contenttype.test.ContentResourceTest$TestCase@390cf451]" classname="com.dotcms.contenttype.test.ContentResourceTest" time="2.965"/>
  <testcase name="test_getContent_shouldReturnRelationships[11: com.dotcms.contenttype.test.ContentResourceTest$TestCase@9a0d058]" classname="com.dotcms.contenttype.test.ContentResourceTest" time="2.811"/>
  <testcase name="test_getContent_shouldReturnRelationships[12: com.dotcms.contenttype.test.ContentResourceTest$TestCase@31b18853]" classname="com.dotcms.contenttype.test.ContentResourceTest" time="2.774"/>
  <testcase name="test_getContent_shouldReturnRelationships[13: com.dotcms.contenttype.test.ContentResourceTest$TestCase@49e80721]" classname="com.dotcms.contenttype.test.ContentResourceTest" time="2.773"/>
  <testcase name="test_getContent_shouldReturnRelationships[14: com.dotcms.contenttype.test.ContentResourceTest$TestCase@1798dc31]" classname="com.dotcms.contenttype.test.ContentResourceTest" time="2.797"/>
  <testcase name="test_getContent_shouldReturnRelationships[15: com.dotcms.contenttype.test.ContentResourceTest$TestCase@1835fc8a]" classname="com.dotcms.contenttype.test.ContentResourceTest" time="3.663"/>
  <testcase name="test_getContent_shouldReturnRelationships[16: com.dotcms.contenttype.test.ContentResourceTest$TestCase@257b1ccf]" classname="com.dotcms.contenttype.test.ContentResourceTest" time="3.762"/>
  <testcase name="test_getContent_shouldReturnRelationships[17: com.dotcms.contenttype.test.ContentResourceTest$TestCase@2ca3d64e]" classname="com.dotcms.contenttype.test.ContentResourceTest" time="3.267"/>
  <testcase name="test_getContent_shouldReturnRelationships[18: com.dotcms.contenttype.test.ContentResourceTest$TestCase@7d8beebf]" classname="com.dotcms.contenttype.test.ContentResourceTest" time="3.089"/>
  <testcase name="test_getContent_shouldReturnRelationships[19: com.dotcms.contenttype.test.ContentResourceTest$TestCase@4aed8c28]" classname="com.dotcms.contenttype.test.ContentResourceTest" time="3.049"/>
  <testcase name="test_getContent_shouldReturnRelationships[20: com.dotcms.contenttype.test.ContentResourceTest$TestCase@370d7cde]" classname="com.dotcms.contenttype.test.ContentResourceTest" time="3.174"/>
  <testcase name="test_getContent_shouldReturnRelationships[21: com.dotcms.contenttype.test.ContentResourceTest$TestCase@5aecdd7]" classname="com.dotcms.contenttype.test.ContentResourceTest" time="3.139"/>
  <testcase name="test_getContent_shouldReturnRelationships[22: com.dotcms.contenttype.test.ContentResourceTest$TestCase@27f235cb]" classname="com.dotcms.contenttype.test.ContentResourceTest" time="2.902"/>
  <testcase name="test_getContent_shouldReturnRelationships[23: com.dotcms.contenttype.test.ContentResourceTest$TestCase@15871d1]" classname="com.dotcms.contenttype.test.ContentResourceTest" time="1.887"/>
  <testcase name="test_getContent_shouldReturnRelationships[24: com.dotcms.contenttype.test.ContentResourceTest$TestCase@5def16a8]" classname="com.dotcms.contenttype.test.ContentResourceTest" time="2.955"/>
  <testcase name="test_getContent_shouldReturnRelationships[25: com.dotcms.contenttype.test.ContentResourceTest$TestCase@2edca8b7]" classname="com.dotcms.contenttype.test.ContentResourceTest" time="2.213"/>
  <testcase name="test_getContent_shouldReturnRelationships[26: com.dotcms.contenttype.test.ContentResourceTest$TestCase@18368cca]" classname="com.dotcms.contenttype.test.ContentResourceTest" time="3.188"/>
  <testcase name="test_getContent_shouldReturnRelationships[27: com.dotcms.contenttype.test.ContentResourceTest$TestCase@5a22a0e4]" classname="com.dotcms.contenttype.test.ContentResourceTest" time="2.011"/>
  <testcase name="test_getContent_shouldReturnRelationships[28: com.dotcms.contenttype.test.ContentResourceTest$TestCase@7f5db75e]" classname="com.dotcms.contenttype.test.ContentResourceTest" time="2.863"/>
  <testcase name="test_getContent_shouldReturnRelationships[29: com.dotcms.contenttype.test.ContentResourceTest$TestCase@348f2112]" classname="com.dotcms.contenttype.test.ContentResourceTest" time="2.942"/>
  <testcase name="test_getContent_shouldReturnRelationships[30: com.dotcms.contenttype.test.ContentResourceTest$TestCase@1873bb95]" classname="com.dotcms.contenttype.test.ContentResourceTest" time="2.828"/>
  <testcase name="test_getContent_shouldReturnRelationships[31: com.dotcms.contenttype.test.ContentResourceTest$TestCase@57991dff]" classname="com.dotcms.contenttype.test.ContentResourceTest" time="3.032"/>
  <testcase name="test_getContent_shouldReturnRelationships[32: com.dotcms.contenttype.test.ContentResourceTest$TestCase@456ca715]" classname="com.dotcms.contenttype.test.ContentResourceTest" time="3.71"/>
  <testcase name="test_getContent_shouldReturnRelationships[33: com.dotcms.contenttype.test.ContentResourceTest$TestCase@826891b]" classname="com.dotcms.contenttype.test.ContentResourceTest" time="4.167"/>
  <testcase name="testSinglePOST_InvalidParamsShouldReturn400[0: ({\n    &quot;stInode&quot; : &quot;InvalidValue&quot;,\n    &quot;numeric&quot; : &quot;0&quot;,\n    &quot;image&quot; : &quot;whatever&quot;\n}, Bad Request)]" classname="com.dotcms.contenttype.test.ContentResourceTest" time="0.803"/>
  <testcase name="testSinglePOST_InvalidParamsShouldReturn400[1: ({\n    &quot;numeric&quot; : &quot;0&quot;,\n    &quot;image&quot; : &quot;whatever&quot;\n}, Bad Request)]" classname="com.dotcms.contenttype.test.ContentResourceTest" time="0.776"/>
  <testcase name="Test_Save_Action_Set_Null_To_Required_NumericField_Issue_15340" classname="com.dotcms.contenttype.test.ContentResourceTest" time="0.809"/>
  <testcase name="Test_Save_Action_Remove_Image_Then_Verify_Fields_Were_Cleared_Issue_15340" classname="com.dotcms.contenttype.test.ContentResourceTest" time="3.564"/>
  <testcase name="test_getContentWithMultipleSelfRelated_shouldReturnRelationships[0: com.dotcms.contenttype.test.ContentResourceTest$PullSelfRelatedTestCase@1265b622]" classname="com.dotcms.contenttype.test.ContentResourceTest" time="1.559"/>
  <testcase name="test_getContentWithMultipleSelfRelated_shouldReturnRelationships[1: com.dotcms.contenttype.test.ContentResourceTest$PullSelfRelatedTestCase@3291ff74]" classname="com.dotcms.contenttype.test.ContentResourceTest" time="1.58"/>
  <testcase name="testGetContentWithAllCategoriesInfo[0: json]" classname="com.dotcms.contenttype.test.ContentResourceTest" time="2.4"/>
  <testcase name="testGetContentWithAllCategoriesInfo[1: xml]" classname="com.dotcms.contenttype.test.ContentResourceTest" time="2.373"/>
  <system-out><![CDATA[











]]></system-out>
  <system-err><![CDATA[]]></system-err>
</testsuite>
