<?xml version="1.0" encoding="UTF-8"?>
<testsuite name="com.dotcms.enterprise.publishing.remote.bundler.LinkBundlerTest" tests="2" skipped="0" failures="0" errors="0" timestamp="2023-07-07T22:37:12" hostname="fv-az563-341" time="0.013">
  <properties/>
  <testcase name="addLinkInBundle[0: com.dotcms.enterprise.publishing.remote.bundler.LinkBundlerTest$TestCase@4511acd2]" classname="com.dotcms.enterprise.publishing.remote.bundler.LinkBundlerTest" time="0.007"/>
  <testcase name="addLinkInBundle[1: com.dotcms.enterprise.publishing.remote.bundler.LinkBundlerTest$TestCase@75480b65]" classname="com.dotcms.enterprise.publishing.remote.bundler.LinkBundlerTest" time="0.005"/>
  <system-out><![CDATA[]]></system-out>
  <system-err><![CDATA[]]></system-err>
</testsuite>
