<?xml version="1.0" encoding="UTF-8"?>
<testsuite name="com.dotmarketing.portlets.structure.model.ContentletRelationshipsTest" tests="7" skipped="0" failures="0" errors="0" timestamp="2023-07-06T22:07:34" hostname="fv-az987-876" time="9.987">
  <properties/>
  <testcase name="testDoesAllowOnlyOne[0: com.dotmarketing.portlets.structure.model.ContentletRelationshipsTest$CardinalityTestCase@60d4759d]" classname="com.dotmarketing.portlets.structure.model.ContentletRelationshipsTest" time="0.615"/>
  <testcase name="testDoesAllowOnlyOne[1: com.dotmarketing.portlets.structure.model.ContentletRelationshipsTest$CardinalityTestCase@5aa69312]" classname="com.dotmarketing.portlets.structure.model.ContentletRelationshipsTest" time="0.55"/>
  <testcase name="testDoesAllowOnlyOne[2: com.dotmarketing.portlets.structure.model.ContentletRelationshipsTest$CardinalityTestCase@154fbe88]" classname="com.dotmarketing.portlets.structure.model.ContentletRelationshipsTest" time="0.566"/>
  <testcase name="testGetRelationshipRecords[0: com.dotmarketing.portlets.structure.model.ContentletRelationshipsTest$TestCase@6c63927a]" classname="com.dotmarketing.portlets.structure.model.ContentletRelationshipsTest" time="2.144"/>
  <testcase name="testGetRelationshipRecords[1: com.dotmarketing.portlets.structure.model.ContentletRelationshipsTest$TestCase@2f587af6]" classname="com.dotmarketing.portlets.structure.model.ContentletRelationshipsTest" time="2.172"/>
  <testcase name="testGetRelationshipRecords[2: com.dotmarketing.portlets.structure.model.ContentletRelationshipsTest$TestCase@4108420c]" classname="com.dotmarketing.portlets.structure.model.ContentletRelationshipsTest" time="1.976"/>
  <testcase name="testGetRelationshipRecords[3: com.dotmarketing.portlets.structure.model.ContentletRelationshipsTest$TestCase@295b0f5b]" classname="com.dotmarketing.portlets.structure.model.ContentletRelationshipsTest" time="1.962"/>
  <system-out><![CDATA[]]></system-out>
  <system-err><![CDATA[]]></system-err>
</testsuite>
