<?xml version="1.0" encoding="UTF-8"?>
<testsuite name="com.dotcms.publishing.remote.RemoteReceiverLanguageResolutionTest" tests="2" skipped="0" failures="0" errors="0" timestamp="2023-06-30T18:26:49" hostname="fv-az621-917" time="8.3">
  <properties/>
  <testcase name="Test_Create_New_Languages_Create_Bundle_Then_Publish_Bundle_Then_Read_Verify_Dupes_Are_Ignored_And_New_Languges_Were_Created" classname="com.dotcms.publishing.remote.RemoteReceiverLanguageResolutionTest" time="5.603"/>
  <testcase name="Test_Create_Dupe_Languages_Create_Bundle_Then_Publish_Bundle_Then_Read_Languages_Verify_Dupes_Are_Ignored" classname="com.dotcms.publishing.remote.RemoteReceiverLanguageResolutionTest" time="2.697"/>
  <system-out><![CDATA[]]></system-out>
  <system-err><![CDATA[Jun 30, 2023 6:26:52 PM com.impossibl.postgres.system.Settings set
WARNING: Applying unknown setting: autosave
]]></system-err>
</testsuite>
