<?xml version="1.0" encoding="UTF-8"?>
<testsuite name="com.dotmarketing.business.DeterministicIdentifierAPITest" tests="16" skipped="0" failures="0" errors="0" timestamp="2023-06-30T23:40:21" hostname="fv-az1256-878" time="1.222">
  <properties/>
  <testcase name="Test_Category_Path_Seed_And_Id" classname="com.dotmarketing.business.DeterministicIdentifierAPITest" time="0.027"/>
  <testcase name="Test_Language_Deterministic_Id[0: LanguageTestCase{expectedSeed='Language:es:US', expectedHash=4913155, langCode='es', countryCode='US', country='United States'}]" classname="com.dotmarketing.business.DeterministicIdentifierAPITest" time="0.001"/>
  <testcase name="Test_Language_Deterministic_Id[1: LanguageTestCase{expectedSeed='Language:ep:', expectedHash=5292269, langCode='ep', countryCode='', country=''}]" classname="com.dotmarketing.business.DeterministicIdentifierAPITest" time="0.001"/>
  <testcase name="Test_Language_Deterministic_Id[2: LanguageTestCase{expectedSeed='Language:sg:SAG', expectedHash=4713118, langCode='sg', countryCode='SAG', country=''}]" classname="com.dotmarketing.business.DeterministicIdentifierAPITest" time="0.001"/>
  <testcase name="Test_Language_Deterministic_Id[3: LanguageTestCase{expectedSeed='Language:en:NZ', expectedHash=5382528, langCode='en', countryCode='NZ', country='New Zealand'}]" classname="com.dotmarketing.business.DeterministicIdentifierAPITest" time="0.001"/>
  <testcase name="Test_Category_None_Persisted_Category_Should_Return_Deterministic_Id" classname="com.dotmarketing.business.DeterministicIdentifierAPITest" time="0.002"/>
  <testcase name="Test_Asset_Generate_Deterministic_Id_Best_Effort[0: TestCase{versionable=my.host1688168030500.com, parent=System Host, expectedName='my.host1688168030500.com', expectedType='Host'}]" classname="com.dotmarketing.business.DeterministicIdentifierAPITest" time="0.003"/>
  <testcase name="Test_Asset_Generate_Deterministic_Id_Best_Effort[1: TestCase{versionable=com.dotmarketing.portlets.contentlet.model.Contentlet@165f0c7c[map={modDate=2023-06-30 23:33:51.227, fileName=file707506906136428847.txt, title=file707506906136428847.txt, inode=171e7e68-54b9-43f6-9d30-471939e4d7af, __IS_NEW_CONTENT__=true, disabledWYSIWYG=[], host=38467769-6f91-46f2-b7f5-7c0523973dea, stInode=33888b6f-7a8e-4069-b1b6-5c1aa9d0a48d, owner=system, identifier=ac53b653-f707-4415-8320-71de4d4675f2, nullProperties=[wfExpireDate, wfPublishDate, wfActionAssign, wfActionId, wfActionComments, filterKey, whereToSend, wfNeverExpire, _path_to_move, timezoneId, iWantTo, wfPublishTime, wfExpireTime], languageId=1, fileAsset=/home/runner/work/core/custom/assets/1/7/171e7e68-54b9-43f6-9d30-471939e4d7af/fileAsset/file707506906136428847.txt, folder=c00ded27-8db8-4fa7-9a92-7346043d1a9a, __disable_workflow__=true, sortOrder=0, modUser=system},lowIndexPriority=false,variantId=DEFAULT], parent=com.dotmarketing.portlets.folders.model.Folder@537aacd6[identifier=c00ded27-8db8-4fa7-9a92-7346043d1a9a,name=testName1688168031206,sortOrder=0,showOnMenu=false,hostId=38467769-6f91-46f2-b7f5-7c0523973dea,type=folder,title=testTitle1688168031206,filesMasks=,defaultFileType=33888b6f-7a8e-4069-b1b6-5c1aa9d0a48d,modDate=2023-06-30 23:33:51.215,owner=&lt;null&gt;,iDate=2023-06-30 23:33:51.215,inode=c00ded27-8db8-4fa7-9a92-7346043d1a9a,path=/testName1688168031206/], expectedName='file707506906136428847.txt', expectedType='FileAsset'}]" classname="com.dotmarketing.business.DeterministicIdentifierAPITest" time="0.003"/>
  <testcase name="Test_Asset_Generate_Deterministic_Id_Best_Effort[2: TestCase{versionable=com.dotmarketing.portlets.templates.model.Template@c0ff50a2, parent=my.host1688168030500.com, expectedName='testTitle1688168031326', expectedType='Template'}]" classname="com.dotmarketing.business.DeterministicIdentifierAPITest" time="0.002"/>
  <testcase name="Test_Asset_Generate_Deterministic_Id_Best_Effort[3: TestCase{versionable=com.dotmarketing.portlets.htmlpageasset.model.HTMLPageAsset@277851dd[map={template=3fdaab6a-8349-4f75-87e9-eb1f3d84012e, owner=system, identifier=3500a1f8-eea9-404d-a76e-d59fef66dfc7, nullProperties=[wfExpireDate, wfPublishDate, wfActionAssign, wfActionId, wfActionComments, filterKey, whereToSend, wfNeverExpire, _path_to_move, timezoneId, iWantTo, wfPublishTime, wfExpireTime], modDate=2023-06-30 23:33:51.344, cachettl=0, _is_test_mode=true, languageId=1, title=test-page-title-1688168031339, httpsreq=, url=test-page-url-1688168031339, showOnMenu=, inode=7e61674b-b666-414f-9465-15624ae43176, folder=c00ded27-8db8-4fa7-9a92-7346043d1a9a, disabledWYSIWYG=[], sortOrder=1, modUser=system, host=38467769-6f91-46f2-b7f5-7c0523973dea, stInode=c541abb1-69b3-4bc5-8430-5e09e5239cc8, friendlyName=test-page-friendly-name-1688168031339},lowIndexPriority=false,variantId=DEFAULT], parent=com.dotmarketing.portlets.folders.model.Folder@537aacd6[identifier=c00ded27-8db8-4fa7-9a92-7346043d1a9a,name=testName1688168031206,sortOrder=0,showOnMenu=false,hostId=38467769-6f91-46f2-b7f5-7c0523973dea,type=folder,title=testTitle1688168031206,filesMasks=,defaultFileType=33888b6f-7a8e-4069-b1b6-5c1aa9d0a48d,modDate=2023-06-30 23:33:51.215,owner=&lt;null&gt;,iDate=2023-06-30 23:33:51.215,inode=c00ded27-8db8-4fa7-9a92-7346043d1a9a,path=/testName1688168031206/], expectedName='test-page-url-1688168031339', expectedType='htmlpageasset'}]" classname="com.dotmarketing.business.DeterministicIdentifierAPITest" time="0.003"/>
  <testcase name="Test_Asset_Generate_Deterministic_Id_Best_Effort[4: TestCase{versionable=com.dotmarketing.portlets.contentlet.model.Contentlet@265d5ba5[map={fileAsset2=/home/runner/work/core/custom/assets/f/7/f790512a-887a-4183-8fec-5e4f6217a4a7/fileAsset2/test_binary1688168033179.png, modDate=2023-06-30 23:33:53.188, fileAsset1=/home/runner/work/core/custom/assets/f/7/f790512a-887a-4183-8fec-5e4f6217a4a7/fileAsset1/test_binary1688168033179.jpg, title=blah, inode=f790512a-887a-4183-8fec-5e4f6217a4a7, __IS_NEW_CONTENT__=true, disabledWYSIWYG=[], host=48190c8c-42c4-46af-8d1a-0cd5db894797, stInode=0851a18b-df09-4167-8b82-19438e1e2bd4, owner=system, identifier=e64bff21-9ba8-4d89-8d74-a8a00b087dea, nullProperties=[], languageId=1, image1=850ba349-f07d-47bb-881a-5e224e6a695a, folder=SYSTEM_FOLDER, __disable_workflow__=true, sortOrder=0, modUser=system},lowIndexPriority=false,variantId=DEFAULT], parent=demo.dotcms.com, expectedName='test_binary1688168033179.jpg:test_binary1688168033179.png', expectedType='MultipleBinaries1688168031564'}]" classname="com.dotmarketing.business.DeterministicIdentifierAPITest" time="0.003"/>
  <testcase name="Test_Asset_Generate_Deterministic_Id_Best_Effort[5: TestCase{versionable=namecd04b57b7e : keyTagcd04b57b7e, parent=my.host1688168030500.com, expectedName='keyTagcd04b57b7e', expectedType='persona'}]" classname="com.dotmarketing.business.DeterministicIdentifierAPITest" time="0.002"/>
  <testcase name="Test_Similar_Content_Type_Wont_Clash" classname="com.dotmarketing.business.DeterministicIdentifierAPITest" time="0.457"/>
  <testcase name="Test_Generate_Folder_Identifier" classname="com.dotmarketing.business.DeterministicIdentifierAPITest" time="0.696"/>
  <testcase name="Test_Generate_Content_Type_Identifier[0: ContentTypeTestCase{contentType=KeyValueContentType{name=Language Variable, id=f4d7c1b8-2c88-4071-abf1-a5328977b07d, description=Default Content Type for Language Variables, defaultType=false, fixed=true, iDate=Thu Aug 31 16:38:49 UTC 2017, system=true, versionable=true, variable=Languagevariable, modDate=Fri Jun 30 22:28:43 UTC 2023, host=SYSTEM_HOST, siteName=systemHost, icon=language, sortOrder=0, folder=SYSTEM_FOLDER, folderPath=/, markedForDeletion=true, multilingualable=false}, expectedName='Languagevariable', expectedType='KeyValue'}]" classname="com.dotmarketing.business.DeterministicIdentifierAPITest" time="0.007"/>
  <testcase name="Test_Generate_Content_Type_Identifier[1: ContentTypeTestCase{contentType=SimpleContentType{name=testName1688168033590, id=6e812918-3c8d-4713-bc0c-63a36362c327, description=testDescription1688168033590, defaultType=false, fixed=false, iDate=Fri Jun 30 23:33:53 UTC 2023, system=false, versionable=true, multilingualable=false, variable=testVarname1688168033590, owner=system, modDate=Fri Jun 30 23:33:54 UTC 2023, host=48190c8c-42c4-46af-8d1a-0cd5db894797, siteName=demo.dotcms.com, icon=event_note, sortOrder=0, folder=SYSTEM_FOLDER, folderPath=/, requiredFields=[], markedForDeletion=false}, expectedName='testVarname1688168033590', expectedType='CONTENT'}]" classname="com.dotmarketing.business.DeterministicIdentifierAPITest" time="0.007"/>
  <system-out><![CDATA[]]></system-out>
  <system-err><![CDATA[]]></system-err>
</testsuite>
