<?xml version="1.0" encoding="UTF-8"?>
<testsuite name="com.dotmarketing.portlets.structure.model.ContentletRelationshipsTest" tests="7" skipped="0" failures="0" errors="0" timestamp="2023-06-29T18:50:44" hostname="fv-az572-127" time="10.87">
  <properties/>
  <testcase name="testDoesAllowOnlyOne[0: com.dotmarketing.portlets.structure.model.ContentletRelationshipsTest$CardinalityTestCase@3cdbc59b]" classname="com.dotmarketing.portlets.structure.model.ContentletRelationshipsTest" time="0.699"/>
  <testcase name="testDoesAllowOnlyOne[1: com.dotmarketing.portlets.structure.model.ContentletRelationshipsTest$CardinalityTestCase@3eb3b3d1]" classname="com.dotmarketing.portlets.structure.model.ContentletRelationshipsTest" time="0.625"/>
  <testcase name="testDoesAllowOnlyOne[2: com.dotmarketing.portlets.structure.model.ContentletRelationshipsTest$CardinalityTestCase@6bc06feb]" classname="com.dotmarketing.portlets.structure.model.ContentletRelationshipsTest" time="0.634"/>
  <testcase name="testGetRelationshipRecords[0: com.dotmarketing.portlets.structure.model.ContentletRelationshipsTest$TestCase@3a1d2c8d]" classname="com.dotmarketing.portlets.structure.model.ContentletRelationshipsTest" time="2.485"/>
  <testcase name="testGetRelationshipRecords[1: com.dotmarketing.portlets.structure.model.ContentletRelationshipsTest$TestCase@5888d148]" classname="com.dotmarketing.portlets.structure.model.ContentletRelationshipsTest" time="2.244"/>
  <testcase name="testGetRelationshipRecords[2: com.dotmarketing.portlets.structure.model.ContentletRelationshipsTest$TestCase@7b06dcb3]" classname="com.dotmarketing.portlets.structure.model.ContentletRelationshipsTest" time="2.124"/>
  <testcase name="testGetRelationshipRecords[3: com.dotmarketing.portlets.structure.model.ContentletRelationshipsTest$TestCase@13515b0f]" classname="com.dotmarketing.portlets.structure.model.ContentletRelationshipsTest" time="2.057"/>
  <system-out><![CDATA[]]></system-out>
  <system-err><![CDATA[]]></system-err>
</testsuite>
