<?xml version="1.0" encoding="UTF-8"?>
<testsuite name="com.dotmarketing.business.DeterministicIdentifierAPITest" tests="16" skipped="0" failures="0" errors="0" timestamp="2023-07-12T19:08:59" hostname="fv-az358-82" time="1.395">
  <properties/>
  <testcase name="Test_Category_Path_Seed_And_Id" classname="com.dotmarketing.business.DeterministicIdentifierAPITest" time="0.021"/>
  <testcase name="Test_Language_Deterministic_Id[0: LanguageTestCase{expectedSeed='Language:es:US', expectedHash=4913155, langCode='es', countryCode='US', country='United States'}]" classname="com.dotmarketing.business.DeterministicIdentifierAPITest" time="0.001"/>
  <testcase name="Test_Language_Deterministic_Id[1: LanguageTestCase{expectedSeed='Language:ep:', expectedHash=5292269, langCode='ep', countryCode='', country=''}]" classname="com.dotmarketing.business.DeterministicIdentifierAPITest" time="0.0"/>
  <testcase name="Test_Language_Deterministic_Id[2: LanguageTestCase{expectedSeed='Language:sg:SAG', expectedHash=4713118, langCode='sg', countryCode='SAG', country=''}]" classname="com.dotmarketing.business.DeterministicIdentifierAPITest" time="0.001"/>
  <testcase name="Test_Language_Deterministic_Id[3: LanguageTestCase{expectedSeed='Language:en:NZ', expectedHash=5382528, langCode='en', countryCode='NZ', country='New Zealand'}]" classname="com.dotmarketing.business.DeterministicIdentifierAPITest" time="0.001"/>
  <testcase name="Test_Category_None_Persisted_Category_Should_Return_Deterministic_Id" classname="com.dotmarketing.business.DeterministicIdentifierAPITest" time="0.001"/>
  <testcase name="Test_Asset_Generate_Deterministic_Id_Best_Effort[0: TestCase{versionable=my.host1689188561309.com, parent=System Host, expectedName='my.host1689188561309.com', expectedType='Host'}]" classname="com.dotmarketing.business.DeterministicIdentifierAPITest" time="0.002"/>
  <testcase name="Test_Asset_Generate_Deterministic_Id_Best_Effort[1: TestCase{versionable=com.dotmarketing.portlets.contentlet.model.Contentlet@4b2c528c[map={modDate=2023-07-12 19:02:42.075, fileName=file10905767588111676855.txt, title=file10905767588111676855.txt, inode=579b2df6-d124-4914-98db-4a2e18c3e938, __IS_NEW_CONTENT__=true, disabledWYSIWYG=[], host=dd51f6ba-328a-4c51-a34a-263f0a8ffbf7, stInode=33888b6f-7a8e-4069-b1b6-5c1aa9d0a48d, owner=system, identifier=a0fac9b3-9cae-4c5a-8bf9-93947b983407, nullProperties=[wfExpireDate, wfPublishDate, wfActionAssign, wfActionId, wfActionComments, filterKey, whereToSend, wfNeverExpire, _path_to_move, timezoneId, iWantTo, wfPublishTime, wfExpireTime], languageId=1, fileAsset=/home/runner/work/core/custom/assets/5/7/579b2df6-d124-4914-98db-4a2e18c3e938/fileAsset/file10905767588111676855.txt, folder=adff99ef-73cf-4364-96ad-9fd012c76d97, __disable_workflow__=true, sortOrder=0, modUser=system},lowIndexPriority=false,variantId=DEFAULT], parent=com.dotmarketing.portlets.folders.model.Folder@2b0c8220[identifier=adff99ef-73cf-4364-96ad-9fd012c76d97,name=testName1689188562069,sortOrder=0,showOnMenu=false,hostId=dd51f6ba-328a-4c51-a34a-263f0a8ffbf7,type=folder,title=testTitle1689188562069,filesMasks=,defaultFileType=33888b6f-7a8e-4069-b1b6-5c1aa9d0a48d,modDate=2023-07-12 19:02:42.072,owner=&lt;null&gt;,iDate=2023-07-12 19:02:42.072,inode=adff99ef-73cf-4364-96ad-9fd012c76d97,path=/testName1689188562069/], expectedName='file10905767588111676855.txt', expectedType='FileAsset'}]" classname="com.dotmarketing.business.DeterministicIdentifierAPITest" time="0.003"/>
  <testcase name="Test_Asset_Generate_Deterministic_Id_Best_Effort[2: TestCase{versionable=com.dotmarketing.portlets.templates.model.Template@f7a3b7c2, parent=my.host1689188561309.com, expectedName='testTitle1689188562202', expectedType='Template'}]" classname="com.dotmarketing.business.DeterministicIdentifierAPITest" time="0.002"/>
  <testcase name="Test_Asset_Generate_Deterministic_Id_Best_Effort[3: TestCase{versionable=com.dotmarketing.portlets.htmlpageasset.model.HTMLPageAsset@3f071500[map={template=a63b4725-d4b2-4d1d-a133-78142ba5dbf9, owner=system, identifier=81de7d7c-e1dd-49fd-8698-ffedda6f766b, nullProperties=[wfExpireDate, wfPublishDate, wfActionAssign, wfActionId, wfActionComments, filterKey, whereToSend, wfNeverExpire, _path_to_move, timezoneId, iWantTo, wfPublishTime, wfExpireTime], modDate=2023-07-12 19:02:42.214, cachettl=0, _is_test_mode=true, languageId=1, title=test-page-title-1689188562211, httpsreq=, url=test-page-url-1689188562211, showOnMenu=, inode=a7f93cfb-287f-44a3-8787-7619a4e879fe, folder=adff99ef-73cf-4364-96ad-9fd012c76d97, disabledWYSIWYG=[], sortOrder=1, modUser=system, host=dd51f6ba-328a-4c51-a34a-263f0a8ffbf7, stInode=c541abb1-69b3-4bc5-8430-5e09e5239cc8, friendlyName=test-page-friendly-name-1689188562211},lowIndexPriority=false,variantId=DEFAULT], parent=com.dotmarketing.portlets.folders.model.Folder@2b0c8220[identifier=adff99ef-73cf-4364-96ad-9fd012c76d97,name=testName1689188562069,sortOrder=0,showOnMenu=false,hostId=dd51f6ba-328a-4c51-a34a-263f0a8ffbf7,type=folder,title=testTitle1689188562069,filesMasks=,defaultFileType=33888b6f-7a8e-4069-b1b6-5c1aa9d0a48d,modDate=2023-07-12 19:02:42.072,owner=&lt;null&gt;,iDate=2023-07-12 19:02:42.072,inode=adff99ef-73cf-4364-96ad-9fd012c76d97,path=/testName1689188562069/], expectedName='test-page-url-1689188562211', expectedType='htmlpageasset'}]" classname="com.dotmarketing.business.DeterministicIdentifierAPITest" time="0.002"/>
  <testcase name="Test_Asset_Generate_Deterministic_Id_Best_Effort[4: TestCase{versionable=com.dotmarketing.portlets.contentlet.model.Contentlet@1fcb4ea3[map={fileAsset2=/home/runner/work/core/custom/assets/6/3/633c9253-204d-4c98-bcd2-35fd41331913/fileAsset2/test_binary1689188563056.png, modDate=2023-07-12 19:02:43.06, fileAsset1=/home/runner/work/core/custom/assets/6/3/633c9253-204d-4c98-bcd2-35fd41331913/fileAsset1/test_binary1689188563055.jpg, title=blah, inode=633c9253-204d-4c98-bcd2-35fd41331913, __IS_NEW_CONTENT__=true, disabledWYSIWYG=[], host=48190c8c-42c4-46af-8d1a-0cd5db894797, stInode=50e3e81c-f008-48a5-a4a6-8996a566c972, owner=system, identifier=4082bb03-0c80-4eed-855f-56ea3ec879e4, nullProperties=[], languageId=1, image1=6c538cfd-6691-44d6-836b-f47528a505b0, folder=SYSTEM_FOLDER, __disable_workflow__=true, sortOrder=0, modUser=system},lowIndexPriority=false,variantId=DEFAULT], parent=demo.dotcms.com, expectedName='test_binary1689188563055.jpg:test_binary1689188563056.png', expectedType='MultipleBinaries1689188562423'}]" classname="com.dotmarketing.business.DeterministicIdentifierAPITest" time="0.002"/>
  <testcase name="Test_Asset_Generate_Deterministic_Id_Best_Effort[5: TestCase{versionable=name6341f5d384 : keyTag6341f5d384, parent=my.host1689188561309.com, expectedName='keyTag6341f5d384', expectedType='persona'}]" classname="com.dotmarketing.business.DeterministicIdentifierAPITest" time="0.002"/>
  <testcase name="Test_Similar_Content_Type_Wont_Clash" classname="com.dotmarketing.business.DeterministicIdentifierAPITest" time="0.389"/>
  <testcase name="Test_Generate_Folder_Identifier" classname="com.dotmarketing.business.DeterministicIdentifierAPITest" time="0.954"/>
  <testcase name="Test_Generate_Content_Type_Identifier[0: ContentTypeTestCase{contentType=KeyValueContentType{name=Language Variable, id=f4d7c1b8-2c88-4071-abf1-a5328977b07d, description=Default Content Type for Language Variables, defaultType=false, fixed=true, iDate=Thu Aug 31 16:38:49 UTC 2017, system=true, versionable=true, variable=Languagevariable, modDate=Wed Jul 12 17:58:54 UTC 2023, host=SYSTEM_HOST, siteName=systemHost, icon=language, sortOrder=0, folder=SYSTEM_FOLDER, folderPath=/, markedForDeletion=true, multilingualable=false}, expectedName='Languagevariable', expectedType='KeyValue'}]" classname="com.dotmarketing.business.DeterministicIdentifierAPITest" time="0.009"/>
  <testcase name="Test_Generate_Content_Type_Identifier[1: ContentTypeTestCase{contentType=SimpleContentType{name=testName1689188563400, id=13d82bc7-0a8c-482e-877f-dd8f770e0eba, description=testDescription1689188563400, defaultType=false, fixed=false, iDate=Wed Jul 12 19:02:43 UTC 2023, system=false, versionable=true, multilingualable=false, variable=testVarname1689188563400, owner=system, modDate=Wed Jul 12 19:02:44 UTC 2023, host=48190c8c-42c4-46af-8d1a-0cd5db894797, siteName=demo.dotcms.com, icon=event_note, sortOrder=0, folder=SYSTEM_FOLDER, folderPath=/, requiredFields=[], markedForDeletion=false}, expectedName='testVarname1689188563400', expectedType='CONTENT'}]" classname="com.dotmarketing.business.DeterministicIdentifierAPITest" time="0.004"/>
  <system-out><![CDATA[]]></system-out>
  <system-err><![CDATA[]]></system-err>
</testsuite>
