<?xml version="1.0" encoding="UTF-8"?>
<testsuite name="com.dotmarketing.servlets.ajax.AjaxDirectorServletIntegrationTest" tests="2" skipped="0" failures="0" errors="0" timestamp="2023-07-13T22:40:43" hostname="fv-az362-624" time="1.492">
  <properties/>
  <testcase name="testService[0: com.dotmarketing.servlets.ajax.AjaxDirectorServletTestCase@5d07f8a9]" classname="com.dotmarketing.servlets.ajax.AjaxDirectorServletIntegrationTest" time="0.802"/>
  <testcase name="testService[1: com.dotmarketing.servlets.ajax.AjaxDirectorServletTestCase@620d8d36]" classname="com.dotmarketing.servlets.ajax.AjaxDirectorServletIntegrationTest" time="0.69"/>
  <system-out><![CDATA[]]></system-out>
  <system-err><![CDATA[]]></system-err>
</testsuite>
