<?xml version="1.0" encoding="UTF-8"?>
<testsuite name="com.dotmarketing.portlets.structure.model.ContentletRelationshipsTest" tests="7" skipped="0" failures="0" errors="0" timestamp="2023-07-07T19:03:37" hostname="fv-az1131-394" time="9.679">
  <properties/>
  <testcase name="testDoesAllowOnlyOne[0: com.dotmarketing.portlets.structure.model.ContentletRelationshipsTest$CardinalityTestCase@44f32fc7]" classname="com.dotmarketing.portlets.structure.model.ContentletRelationshipsTest" time="0.747"/>
  <testcase name="testDoesAllowOnlyOne[1: com.dotmarketing.portlets.structure.model.ContentletRelationshipsTest$CardinalityTestCase@d310901]" classname="com.dotmarketing.portlets.structure.model.ContentletRelationshipsTest" time="0.578"/>
  <testcase name="testDoesAllowOnlyOne[2: com.dotmarketing.portlets.structure.model.ContentletRelationshipsTest$CardinalityTestCase@d1c0ea2]" classname="com.dotmarketing.portlets.structure.model.ContentletRelationshipsTest" time="0.608"/>
  <testcase name="testGetRelationshipRecords[0: com.dotmarketing.portlets.structure.model.ContentletRelationshipsTest$TestCase@3a35f2a7]" classname="com.dotmarketing.portlets.structure.model.ContentletRelationshipsTest" time="1.247"/>
  <testcase name="testGetRelationshipRecords[1: com.dotmarketing.portlets.structure.model.ContentletRelationshipsTest$TestCase@67e56f31]" classname="com.dotmarketing.portlets.structure.model.ContentletRelationshipsTest" time="2.291"/>
  <testcase name="testGetRelationshipRecords[2: com.dotmarketing.portlets.structure.model.ContentletRelationshipsTest$TestCase@62191bcd]" classname="com.dotmarketing.portlets.structure.model.ContentletRelationshipsTest" time="2.14"/>
  <testcase name="testGetRelationshipRecords[3: com.dotmarketing.portlets.structure.model.ContentletRelationshipsTest$TestCase@f9d7032]" classname="com.dotmarketing.portlets.structure.model.ContentletRelationshipsTest" time="2.067"/>
  <system-out><![CDATA[]]></system-out>
  <system-err><![CDATA[]]></system-err>
</testsuite>
