<?xml version="1.0" encoding="UTF-8"?>
<testsuite name="com.dotcms.rendering.velocity.VelocityMacroCacheTest" tests="3" skipped="0" failures="0" errors="0" timestamp="2023-07-17T20:36:56" hostname="fv-az561-617" time="0.303">
  <properties/>
  <testcase name="test010MacroCaches" classname="com.dotcms.rendering.velocity.VelocityMacroCacheTest" time="0.001"/>
  <testcase name="test020MacroSurvivesVelocityDump" classname="com.dotcms.rendering.velocity.VelocityMacroCacheTest" time="0.007"/>
  <testcase name="test030MacroDoesNotSurviveTotalDump" classname="com.dotcms.rendering.velocity.VelocityMacroCacheTest" time="0.295"/>
  <system-out><![CDATA[]]></system-out>
  <system-err><![CDATA[]]></system-err>
</testsuite>
