<?xml version="1.0" encoding="UTF-8"?>
<testsuite name="com.dotmarketing.business.DeterministicIdentifierAPITest" tests="16" skipped="0" failures="0" errors="0" timestamp="2023-07-18T22:21:26" hostname="fv-az550-335" time="1.576">
  <properties/>
  <testcase name="Test_Category_Path_Seed_And_Id" classname="com.dotmarketing.business.DeterministicIdentifierAPITest" time="0.022"/>
  <testcase name="Test_Language_Deterministic_Id[0: LanguageTestCase{expectedSeed='Language:es:US', expectedHash=4913155, langCode='es', countryCode='US', country='United States'}]" classname="com.dotmarketing.business.DeterministicIdentifierAPITest" time="0.001"/>
  <testcase name="Test_Language_Deterministic_Id[1: LanguageTestCase{expectedSeed='Language:ep:', expectedHash=5292269, langCode='ep', countryCode='', country=''}]" classname="com.dotmarketing.business.DeterministicIdentifierAPITest" time="0.001"/>
  <testcase name="Test_Language_Deterministic_Id[2: LanguageTestCase{expectedSeed='Language:sg:SAG', expectedHash=4713118, langCode='sg', countryCode='SAG', country=''}]" classname="com.dotmarketing.business.DeterministicIdentifierAPITest" time="0.001"/>
  <testcase name="Test_Language_Deterministic_Id[3: LanguageTestCase{expectedSeed='Language:en:NZ', expectedHash=5382528, langCode='en', countryCode='NZ', country='New Zealand'}]" classname="com.dotmarketing.business.DeterministicIdentifierAPITest" time="0.001"/>
  <testcase name="Test_Category_None_Persisted_Category_Should_Return_Deterministic_Id" classname="com.dotmarketing.business.DeterministicIdentifierAPITest" time="0.001"/>
  <testcase name="Test_Asset_Generate_Deterministic_Id_Best_Effort[0: TestCase{versionable=my.host1689718505480.com, parent=System Host, expectedName='my.host1689718505480.com', expectedType='Host'}]" classname="com.dotmarketing.business.DeterministicIdentifierAPITest" time="0.003"/>
  <testcase name="Test_Asset_Generate_Deterministic_Id_Best_Effort[1: TestCase{versionable=com.dotmarketing.portlets.contentlet.model.Contentlet@4858bf97[map={modDate=2023-07-18 22:15:06.355, fileName=file6537769699008483094.txt, title=file6537769699008483094.txt, inode=133363d1-abd7-4b17-af08-82c2258e73f6, __IS_NEW_CONTENT__=true, disabledWYSIWYG=[], host=1a04ce6b-c89b-4264-9589-30ef594330dc, stInode=33888b6f-7a8e-4069-b1b6-5c1aa9d0a48d, owner=system, identifier=d93b42d5-8afd-472e-bd35-ab4bd383ee39, nullProperties=[wfExpireDate, wfPublishDate, wfActionAssign, wfActionId, wfActionComments, filterKey, whereToSend, wfNeverExpire, _path_to_move, timezoneId, iWantTo, wfPublishTime, wfExpireTime], languageId=1, fileAsset=/home/runner/work/core/custom/assets/1/3/133363d1-abd7-4b17-af08-82c2258e73f6/fileAsset/file6537769699008483094.txt, folder=8d6448a7-149a-4b10-ae5e-d4c27a69547a, __disable_workflow__=true, sortOrder=0, modUser=system},lowIndexPriority=false,variantId=DEFAULT], parent=com.dotmarketing.portlets.folders.model.Folder@7812473d[identifier=8d6448a7-149a-4b10-ae5e-d4c27a69547a,name=testName1689718506349,sortOrder=0,showOnMenu=false,hostId=1a04ce6b-c89b-4264-9589-30ef594330dc,type=folder,title=testTitle1689718506349,filesMasks=,defaultFileType=33888b6f-7a8e-4069-b1b6-5c1aa9d0a48d,modDate=2023-07-18 22:15:06.351,owner=&lt;null&gt;,iDate=2023-07-18 22:15:06.352,inode=8d6448a7-149a-4b10-ae5e-d4c27a69547a,path=/testName1689718506349/], expectedName='file6537769699008483094.txt', expectedType='FileAsset'}]" classname="com.dotmarketing.business.DeterministicIdentifierAPITest" time="0.004"/>
  <testcase name="Test_Asset_Generate_Deterministic_Id_Best_Effort[2: TestCase{versionable=com.dotmarketing.portlets.templates.model.Template@839bdbc1, parent=my.host1689718505480.com, expectedName='testTitle1689718506444', expectedType='Template'}]" classname="com.dotmarketing.business.DeterministicIdentifierAPITest" time="0.002"/>
  <testcase name="Test_Asset_Generate_Deterministic_Id_Best_Effort[3: TestCase{versionable=com.dotmarketing.portlets.htmlpageasset.model.HTMLPageAsset@6720fa1e[map={template=b6413af6-7f71-4c36-8bed-1830b3409671, owner=system, identifier=e021cbd0-5215-48e8-bd29-f66e9be7dd5b, nullProperties=[wfExpireDate, wfPublishDate, wfActionAssign, wfActionId, wfActionComments, filterKey, whereToSend, wfNeverExpire, _path_to_move, timezoneId, iWantTo, wfPublishTime, wfExpireTime], modDate=2023-07-18 22:15:06.458, cachettl=0, _is_test_mode=true, languageId=1, title=test-page-title-1689718506454, httpsreq=, url=test-page-url-1689718506454, showOnMenu=, inode=c475fbcc-8f94-4827-8efc-3eecf9a23877, folder=8d6448a7-149a-4b10-ae5e-d4c27a69547a, disabledWYSIWYG=[], sortOrder=1, modUser=system, host=1a04ce6b-c89b-4264-9589-30ef594330dc, stInode=c541abb1-69b3-4bc5-8430-5e09e5239cc8, friendlyName=test-page-friendly-name-1689718506454},lowIndexPriority=false,variantId=DEFAULT], parent=com.dotmarketing.portlets.folders.model.Folder@7812473d[identifier=8d6448a7-149a-4b10-ae5e-d4c27a69547a,name=testName1689718506349,sortOrder=0,showOnMenu=false,hostId=1a04ce6b-c89b-4264-9589-30ef594330dc,type=folder,title=testTitle1689718506349,filesMasks=,defaultFileType=33888b6f-7a8e-4069-b1b6-5c1aa9d0a48d,modDate=2023-07-18 22:15:06.351,owner=&lt;null&gt;,iDate=2023-07-18 22:15:06.352,inode=8d6448a7-149a-4b10-ae5e-d4c27a69547a,path=/testName1689718506349/], expectedName='test-page-url-1689718506454', expectedType='htmlpageasset'}]" classname="com.dotmarketing.business.DeterministicIdentifierAPITest" time="0.002"/>
  <testcase name="Test_Asset_Generate_Deterministic_Id_Best_Effort[4: TestCase{versionable=com.dotmarketing.portlets.contentlet.model.Contentlet@24f2fe21[map={fileAsset2=/home/runner/work/core/custom/assets/4/4/449c3677-3524-4609-aa83-dacd3ded5dbc/fileAsset2/test_binary1689718507318.png, modDate=2023-07-18 22:15:07.323, fileAsset1=/home/runner/work/core/custom/assets/4/4/449c3677-3524-4609-aa83-dacd3ded5dbc/fileAsset1/test_binary1689718507318.jpg, title=blah, inode=449c3677-3524-4609-aa83-dacd3ded5dbc, __IS_NEW_CONTENT__=true, disabledWYSIWYG=[], host=48190c8c-42c4-46af-8d1a-0cd5db894797, stInode=2f3276da-7500-4b6b-9d6f-c7334dc0be12, owner=system, identifier=f51c85fe-a82a-4a60-bc2f-b81a83b00081, nullProperties=[], languageId=1, image1=49015da4-68f8-47dd-a9e0-1179d96c2869, folder=SYSTEM_FOLDER, __disable_workflow__=true, sortOrder=0, modUser=system},lowIndexPriority=false,variantId=DEFAULT], parent=demo.dotcms.com, expectedName='test_binary1689718507318.jpg:test_binary1689718507318.png', expectedType='MultipleBinaries1689718506605'}]" classname="com.dotmarketing.business.DeterministicIdentifierAPITest" time="0.003"/>
  <testcase name="Test_Asset_Generate_Deterministic_Id_Best_Effort[5: TestCase{versionable=name15ce62da68 : keyTag15ce62da68, parent=my.host1689718505480.com, expectedName='keyTag15ce62da68', expectedType='persona'}]" classname="com.dotmarketing.business.DeterministicIdentifierAPITest" time="0.002"/>
  <testcase name="Test_Similar_Content_Type_Wont_Clash" classname="com.dotmarketing.business.DeterministicIdentifierAPITest" time="0.434"/>
  <testcase name="Test_Generate_Folder_Identifier" classname="com.dotmarketing.business.DeterministicIdentifierAPITest" time="1.086"/>
  <testcase name="Test_Generate_Content_Type_Identifier[0: ContentTypeTestCase{contentType=KeyValueContentType{name=Language Variable, id=f4d7c1b8-2c88-4071-abf1-a5328977b07d, description=Default Content Type for Language Variables, defaultType=false, fixed=true, iDate=Thu Aug 31 16:38:49 UTC 2017, system=true, versionable=true, variable=Languagevariable, modDate=Tue Jul 18 21:10:14 UTC 2023, host=SYSTEM_HOST, siteName=systemHost, icon=language, sortOrder=0, folder=SYSTEM_FOLDER, folderPath=/, markedForDeletion=true, multilingualable=false}, expectedName='Languagevariable', expectedType='KeyValue'}]" classname="com.dotmarketing.business.DeterministicIdentifierAPITest" time="0.005"/>
  <testcase name="Test_Generate_Content_Type_Identifier[1: ContentTypeTestCase{contentType=SimpleContentType{name=testName1689718507669, id=4bda5338-ee6f-463d-95d9-b82ab05eb8c3, description=testDescription1689718507669, defaultType=false, fixed=false, iDate=Tue Jul 18 22:15:07 UTC 2023, system=false, versionable=true, multilingualable=false, variable=testVarname1689718507669, owner=system, modDate=Tue Jul 18 22:15:08 UTC 2023, host=48190c8c-42c4-46af-8d1a-0cd5db894797, siteName=demo.dotcms.com, icon=event_note, sortOrder=0, folder=SYSTEM_FOLDER, folderPath=/, requiredFields=[], markedForDeletion=false}, expectedName='testVarname1689718507669', expectedType='CONTENT'}]" classname="com.dotmarketing.business.DeterministicIdentifierAPITest" time="0.005"/>
  <system-out><![CDATA[]]></system-out>
  <system-err><![CDATA[]]></system-err>
</testsuite>
