<?xml version="1.0" encoding="UTF-8"?>
<testsuite name="com.dotmarketing.business.DeterministicIdentifierAPITest" tests="16" skipped="0" failures="0" errors="0" timestamp="2023-07-07T18:07:48" hostname="fv-az617-548" time="0.674">
  <properties/>
  <testcase name="Test_Category_Path_Seed_And_Id" classname="com.dotmarketing.business.DeterministicIdentifierAPITest" time="0.023"/>
  <testcase name="Test_Language_Deterministic_Id[0: LanguageTestCase{expectedSeed='Language:es:US', expectedHash=4913155, langCode='es', countryCode='US', country='United States'}]" classname="com.dotmarketing.business.DeterministicIdentifierAPITest" time="0.001"/>
  <testcase name="Test_Language_Deterministic_Id[1: LanguageTestCase{expectedSeed='Language:ep:', expectedHash=5292269, langCode='ep', countryCode='', country=''}]" classname="com.dotmarketing.business.DeterministicIdentifierAPITest" time="0.001"/>
  <testcase name="Test_Language_Deterministic_Id[2: LanguageTestCase{expectedSeed='Language:sg:SAG', expectedHash=4713118, langCode='sg', countryCode='SAG', country=''}]" classname="com.dotmarketing.business.DeterministicIdentifierAPITest" time="0.001"/>
  <testcase name="Test_Language_Deterministic_Id[3: LanguageTestCase{expectedSeed='Language:en:NZ', expectedHash=5382528, langCode='en', countryCode='NZ', country='New Zealand'}]" classname="com.dotmarketing.business.DeterministicIdentifierAPITest" time="0.0"/>
  <testcase name="Test_Category_None_Persisted_Category_Should_Return_Deterministic_Id" classname="com.dotmarketing.business.DeterministicIdentifierAPITest" time="0.001"/>
  <testcase name="Test_Asset_Generate_Deterministic_Id_Best_Effort[0: TestCase{versionable=my.host1688752885298.com, parent=System Host, expectedName='my.host1688752885298.com', expectedType='Host'}]" classname="com.dotmarketing.business.DeterministicIdentifierAPITest" time="0.003"/>
  <testcase name="Test_Asset_Generate_Deterministic_Id_Best_Effort[1: TestCase{versionable=com.dotmarketing.portlets.contentlet.model.Contentlet@a07b777[map={modDate=2023-07-07 18:01:26.108, fileName=file1351775355018746368.txt, title=file1351775355018746368.txt, inode=04d47085-dbc1-4511-a139-4ae4985698ca, __IS_NEW_CONTENT__=true, disabledWYSIWYG=[], host=f523f7cc-2d12-41d7-a39d-39d351323abc, stInode=33888b6f-7a8e-4069-b1b6-5c1aa9d0a48d, owner=system, identifier=945de419-1331-47d1-817d-8e4a4e29aca8, nullProperties=[wfExpireDate, wfPublishDate, wfActionAssign, wfActionId, wfActionComments, filterKey, whereToSend, wfNeverExpire, _path_to_move, timezoneId, iWantTo, wfPublishTime, wfExpireTime], languageId=1, fileAsset=/home/runner/work/core/custom/assets/0/4/04d47085-dbc1-4511-a139-4ae4985698ca/fileAsset/file1351775355018746368.txt, folder=33fd2d28-6292-4cbc-81aa-ee143c407917, __disable_workflow__=true, sortOrder=0, modUser=system},lowIndexPriority=false,variantId=DEFAULT], parent=com.dotmarketing.portlets.folders.model.Folder@1c128d1a[identifier=33fd2d28-6292-4cbc-81aa-ee143c407917,name=testName1688752886101,sortOrder=0,showOnMenu=false,hostId=f523f7cc-2d12-41d7-a39d-39d351323abc,type=folder,title=testTitle1688752886101,filesMasks=,defaultFileType=33888b6f-7a8e-4069-b1b6-5c1aa9d0a48d,modDate=2023-07-07 18:01:26.103,owner=&lt;null&gt;,iDate=2023-07-07 18:01:26.103,inode=33fd2d28-6292-4cbc-81aa-ee143c407917,path=/testName1688752886101/], expectedName='file1351775355018746368.txt', expectedType='FileAsset'}]" classname="com.dotmarketing.business.DeterministicIdentifierAPITest" time="0.003"/>
  <testcase name="Test_Asset_Generate_Deterministic_Id_Best_Effort[2: TestCase{versionable=com.dotmarketing.portlets.templates.model.Template@22c30158, parent=my.host1688752885298.com, expectedName='testTitle1688752886202', expectedType='Template'}]" classname="com.dotmarketing.business.DeterministicIdentifierAPITest" time="0.002"/>
  <testcase name="Test_Asset_Generate_Deterministic_Id_Best_Effort[3: TestCase{versionable=com.dotmarketing.portlets.htmlpageasset.model.HTMLPageAsset@74105894[map={template=80611712-af12-4405-887e-fbf1934bd9d7, owner=system, identifier=e2934cdd-4b58-4ae3-a3a7-ec1604953a94, nullProperties=[wfExpireDate, wfPublishDate, wfActionAssign, wfActionId, wfActionComments, filterKey, whereToSend, wfNeverExpire, _path_to_move, timezoneId, iWantTo, wfPublishTime, wfExpireTime], modDate=2023-07-07 18:01:26.217, cachettl=0, _is_test_mode=true, languageId=1, title=test-page-title-1688752886213, httpsreq=, url=test-page-url-1688752886213, showOnMenu=, inode=b0d0cb45-c5f8-4442-9a0d-cc55a7b7e364, folder=33fd2d28-6292-4cbc-81aa-ee143c407917, disabledWYSIWYG=[], sortOrder=1, modUser=system, host=f523f7cc-2d12-41d7-a39d-39d351323abc, stInode=c541abb1-69b3-4bc5-8430-5e09e5239cc8, friendlyName=test-page-friendly-name-1688752886213},lowIndexPriority=false,variantId=DEFAULT], parent=com.dotmarketing.portlets.folders.model.Folder@1c128d1a[identifier=33fd2d28-6292-4cbc-81aa-ee143c407917,name=testName1688752886101,sortOrder=0,showOnMenu=false,hostId=f523f7cc-2d12-41d7-a39d-39d351323abc,type=folder,title=testTitle1688752886101,filesMasks=,defaultFileType=33888b6f-7a8e-4069-b1b6-5c1aa9d0a48d,modDate=2023-07-07 18:01:26.103,owner=&lt;null&gt;,iDate=2023-07-07 18:01:26.103,inode=33fd2d28-6292-4cbc-81aa-ee143c407917,path=/testName1688752886101/], expectedName='test-page-url-1688752886213', expectedType='htmlpageasset'}]" classname="com.dotmarketing.business.DeterministicIdentifierAPITest" time="0.002"/>
  <testcase name="Test_Asset_Generate_Deterministic_Id_Best_Effort[4: TestCase{versionable=com.dotmarketing.portlets.contentlet.model.Contentlet@679d1fe7[map={fileAsset2=/home/runner/work/core/custom/assets/2/d/2d590f86-d003-48e6-9757-345252a44c53/fileAsset2/test_binary1688752888064.png, modDate=2023-07-07 18:01:28.068, fileAsset1=/home/runner/work/core/custom/assets/2/d/2d590f86-d003-48e6-9757-345252a44c53/fileAsset1/test_binary1688752888064.jpg, title=blah, inode=2d590f86-d003-48e6-9757-345252a44c53, __IS_NEW_CONTENT__=true, disabledWYSIWYG=[], host=48190c8c-42c4-46af-8d1a-0cd5db894797, stInode=9d8fd117-d83c-4bc4-867d-ad272e5ec533, owner=system, identifier=a6a03f37-bea8-4095-a0f3-53b9f993859e, nullProperties=[], languageId=1, image1=e17ef5c7-9f3f-44a3-a80d-2949dfa068ac, folder=SYSTEM_FOLDER, __disable_workflow__=true, sortOrder=0, modUser=system},lowIndexPriority=false,variantId=DEFAULT], parent=demo.dotcms.com, expectedName='test_binary1688752888064.jpg:test_binary1688752888064.png', expectedType='MultipleBinaries1688752886510'}]" classname="com.dotmarketing.business.DeterministicIdentifierAPITest" time="0.003"/>
  <testcase name="Test_Asset_Generate_Deterministic_Id_Best_Effort[5: TestCase{versionable=name3b2afb3d90 : keyTag3b2afb3d90, parent=my.host1688752885298.com, expectedName='keyTag3b2afb3d90', expectedType='persona'}]" classname="com.dotmarketing.business.DeterministicIdentifierAPITest" time="0.002"/>
  <testcase name="Test_Similar_Content_Type_Wont_Clash" classname="com.dotmarketing.business.DeterministicIdentifierAPITest" time="0.402"/>
  <testcase name="Test_Generate_Folder_Identifier" classname="com.dotmarketing.business.DeterministicIdentifierAPITest" time="0.218"/>
  <testcase name="Test_Generate_Content_Type_Identifier[0: ContentTypeTestCase{contentType=KeyValueContentType{name=Language Variable, id=f4d7c1b8-2c88-4071-abf1-a5328977b07d, description=Default Content Type for Language Variables, defaultType=false, fixed=true, iDate=Thu Aug 31 16:38:49 UTC 2017, system=true, versionable=true, variable=Languagevariable, modDate=Fri Jul 07 16:58:34 UTC 2023, host=SYSTEM_HOST, siteName=systemHost, icon=language, sortOrder=0, folder=SYSTEM_FOLDER, folderPath=/, markedForDeletion=true, multilingualable=false}, expectedName='Languagevariable', expectedType='KeyValue'}]" classname="com.dotmarketing.business.DeterministicIdentifierAPITest" time="0.004"/>
  <testcase name="Test_Generate_Content_Type_Identifier[1: ContentTypeTestCase{contentType=SimpleContentType{name=testName1688752888447, id=cb7af6fc-e41f-48d3-8b03-3c84b073f340, description=testDescription1688752888447, defaultType=false, fixed=false, iDate=Fri Jul 07 18:01:28 UTC 2023, system=false, versionable=true, multilingualable=false, variable=testVarname1688752888447, owner=system, modDate=Fri Jul 07 18:01:29 UTC 2023, host=48190c8c-42c4-46af-8d1a-0cd5db894797, siteName=demo.dotcms.com, icon=event_note, sortOrder=0, folder=SYSTEM_FOLDER, folderPath=/, requiredFields=[], markedForDeletion=false}, expectedName='testVarname1688752888447', expectedType='CONTENT'}]" classname="com.dotmarketing.business.DeterministicIdentifierAPITest" time="0.004"/>
  <system-out><![CDATA[]]></system-out>
  <system-err><![CDATA[]]></system-err>
</testsuite>
