<?xml version="1.0" encoding="UTF-8"?>
<testsuite name="com.dotcms.rest.api.v1.vtl.VTLResourceIntegrationTest" tests="6" skipped="0" failures="0" errors="0" timestamp="2023-07-13T16:50:43" hostname="fv-az262-63" time="13.377">
  <properties/>
  <testcase name="testGet[0: com.dotcms.rest.api.v1.vtl.VTLResourceTestCase@17bd1f5f]" classname="com.dotcms.rest.api.v1.vtl.VTLResourceIntegrationTest" time="2.429"/>
  <testcase name="testGet[1: com.dotcms.rest.api.v1.vtl.VTLResourceTestCase@4645d58e]" classname="com.dotcms.rest.api.v1.vtl.VTLResourceIntegrationTest" time="2.063"/>
  <testcase name="testGet[2: com.dotcms.rest.api.v1.vtl.VTLResourceTestCase@5226ae8d]" classname="com.dotcms.rest.api.v1.vtl.VTLResourceIntegrationTest" time="2.928"/>
  <testcase name="testGet[3: com.dotcms.rest.api.v1.vtl.VTLResourceTestCase@65d48b70]" classname="com.dotcms.rest.api.v1.vtl.VTLResourceIntegrationTest" time="1.898"/>
  <testcase name="testGet[4: com.dotcms.rest.api.v1.vtl.VTLResourceTestCase@1a6c2772]" classname="com.dotcms.rest.api.v1.vtl.VTLResourceIntegrationTest" time="2.142"/>
  <testcase name="testGet[5: com.dotcms.rest.api.v1.vtl.VTLResourceTestCase@726d7814]" classname="com.dotcms.rest.api.v1.vtl.VTLResourceIntegrationTest" time="1.917"/>
  <system-out><![CDATA[]]></system-out>
  <system-err><![CDATA[]]></system-err>
</testsuite>
