<?xml version="1.0" encoding="UTF-8"?>
<testsuite name="com.dotmarketing.business.DeterministicIdentifierAPITest" tests="16" skipped="0" failures="0" errors="0" timestamp="2023-06-27T21:22:25" hostname="fv-az166-290" time="0.99">
  <properties/>
  <testcase name="Test_Category_Path_Seed_And_Id" classname="com.dotmarketing.business.DeterministicIdentifierAPITest" time="0.059"/>
  <testcase name="Test_Language_Deterministic_Id[0: LanguageTestCase{expectedSeed='Language:es:US', expectedHash=4913155, langCode='es', countryCode='US', country='United States'}]" classname="com.dotmarketing.business.DeterministicIdentifierAPITest" time="0.001"/>
  <testcase name="Test_Language_Deterministic_Id[1: LanguageTestCase{expectedSeed='Language:ep:', expectedHash=5292269, langCode='ep', countryCode='', country=''}]" classname="com.dotmarketing.business.DeterministicIdentifierAPITest" time="0.001"/>
  <testcase name="Test_Language_Deterministic_Id[2: LanguageTestCase{expectedSeed='Language:sg:SAG', expectedHash=4713118, langCode='sg', countryCode='SAG', country=''}]" classname="com.dotmarketing.business.DeterministicIdentifierAPITest" time="0.001"/>
  <testcase name="Test_Language_Deterministic_Id[3: LanguageTestCase{expectedSeed='Language:en:NZ', expectedHash=5382528, langCode='en', countryCode='NZ', country='New Zealand'}]" classname="com.dotmarketing.business.DeterministicIdentifierAPITest" time="0.001"/>
  <testcase name="Test_Category_None_Persisted_Category_Should_Return_Deterministic_Id" classname="com.dotmarketing.business.DeterministicIdentifierAPITest" time="0.001"/>
  <testcase name="Test_Asset_Generate_Deterministic_Id_Best_Effort[0: TestCase{versionable=my.host1687900550289.com, parent=System Host, expectedName='my.host1687900550289.com', expectedType='Host'}]" classname="com.dotmarketing.business.DeterministicIdentifierAPITest" time="0.004"/>
  <testcase name="Test_Asset_Generate_Deterministic_Id_Best_Effort[1: TestCase{versionable=com.dotmarketing.portlets.contentlet.model.Contentlet@3fc91bd3[map={modDate=2023-06-27 21:15:50.938, fileName=file8330552513409039807.txt, title=file8330552513409039807.txt, inode=01339fa2-2d61-4071-809e-a97a072c26e1, __IS_NEW_CONTENT__=true, disabledWYSIWYG=[], host=3a41ce0b-de9e-4400-8128-46c828afb6bc, stInode=33888b6f-7a8e-4069-b1b6-5c1aa9d0a48d, owner=system, identifier=13360330-894b-45cf-b4a7-55c55a6eb5dc, nullProperties=[wfExpireDate, wfPublishDate, wfActionAssign, wfActionId, wfActionComments, filterKey, whereToSend, wfNeverExpire, _path_to_move, timezoneId, iWantTo, wfPublishTime, wfExpireTime], languageId=1, fileAsset=/home/runner/work/core/custom/assets/0/1/01339fa2-2d61-4071-809e-a97a072c26e1/fileAsset/file8330552513409039807.txt, folder=2ad5c937-a42a-40de-9f84-d63c42182ed7, __disable_workflow__=true, sortOrder=0, modUser=system},lowIndexPriority=false,variantId=DEFAULT], parent=com.dotmarketing.portlets.folders.model.Folder@4ee14f44[identifier=2ad5c937-a42a-40de-9f84-d63c42182ed7,name=testName1687900550920,sortOrder=0,showOnMenu=false,hostId=3a41ce0b-de9e-4400-8128-46c828afb6bc,type=folder,title=testTitle1687900550920,filesMasks=,defaultFileType=33888b6f-7a8e-4069-b1b6-5c1aa9d0a48d,modDate=2023-06-27 21:15:50.923,owner=&lt;null&gt;,iDate=2023-06-27 21:15:50.923,inode=2ad5c937-a42a-40de-9f84-d63c42182ed7,path=/testName1687900550920/], expectedName='file8330552513409039807.txt', expectedType='FileAsset'}]" classname="com.dotmarketing.business.DeterministicIdentifierAPITest" time="0.003"/>
  <testcase name="Test_Asset_Generate_Deterministic_Id_Best_Effort[2: TestCase{versionable=com.dotmarketing.portlets.templates.model.Template@d5202473, parent=my.host1687900550289.com, expectedName='testTitle1687900551090', expectedType='Template'}]" classname="com.dotmarketing.business.DeterministicIdentifierAPITest" time="0.003"/>
  <testcase name="Test_Asset_Generate_Deterministic_Id_Best_Effort[3: TestCase{versionable=com.dotmarketing.portlets.htmlpageasset.model.HTMLPageAsset@51447809[map={template=34df184b-4eae-43e1-ac77-1593de7a7ebe, owner=system, identifier=3bd72bd7-abea-47dc-a25a-27ae9bc5a742, nullProperties=[wfExpireDate, wfPublishDate, wfActionAssign, wfActionId, wfActionComments, filterKey, whereToSend, wfNeverExpire, _path_to_move, timezoneId, iWantTo, wfPublishTime, wfExpireTime], modDate=2023-06-27 21:15:51.117, cachettl=0, _is_test_mode=true, languageId=1, title=test-page-title-1687900551112, httpsreq=, url=test-page-url-1687900551112, showOnMenu=, inode=b781d4e1-88e5-4f22-b4e9-0e5053a311c9, folder=2ad5c937-a42a-40de-9f84-d63c42182ed7, disabledWYSIWYG=[], sortOrder=1, modUser=system, host=3a41ce0b-de9e-4400-8128-46c828afb6bc, stInode=c541abb1-69b3-4bc5-8430-5e09e5239cc8, friendlyName=test-page-friendly-name-1687900551112},lowIndexPriority=false,variantId=DEFAULT], parent=com.dotmarketing.portlets.folders.model.Folder@4ee14f44[identifier=2ad5c937-a42a-40de-9f84-d63c42182ed7,name=testName1687900550920,sortOrder=0,showOnMenu=false,hostId=3a41ce0b-de9e-4400-8128-46c828afb6bc,type=folder,title=testTitle1687900550920,filesMasks=,defaultFileType=33888b6f-7a8e-4069-b1b6-5c1aa9d0a48d,modDate=2023-06-27 21:15:50.923,owner=&lt;null&gt;,iDate=2023-06-27 21:15:50.923,inode=2ad5c937-a42a-40de-9f84-d63c42182ed7,path=/testName1687900550920/], expectedName='test-page-url-1687900551112', expectedType='htmlpageasset'}]" classname="com.dotmarketing.business.DeterministicIdentifierAPITest" time="0.002"/>
  <testcase name="Test_Asset_Generate_Deterministic_Id_Best_Effort[4: TestCase{versionable=com.dotmarketing.portlets.contentlet.model.Contentlet@570b4ada[map={fileAsset2=/home/runner/work/core/custom/assets/7/7/77ed61d0-735b-419e-b274-77af5d98d7e0/fileAsset2/test_binary1687900552918.png, modDate=2023-06-27 21:15:52.924, fileAsset1=/home/runner/work/core/custom/assets/7/7/77ed61d0-735b-419e-b274-77af5d98d7e0/fileAsset1/test_binary1687900552918.jpg, title=blah, inode=77ed61d0-735b-419e-b274-77af5d98d7e0, __IS_NEW_CONTENT__=true, disabledWYSIWYG=[], host=48190c8c-42c4-46af-8d1a-0cd5db894797, stInode=ca40fbc7-3874-4b72-8e28-16844b1993fd, owner=system, identifier=5a4acecd-1aa5-44f3-86ec-b308afbeb0b1, nullProperties=[], languageId=1, image1=3ee1c175-e51f-4395-9d96-fee6414b5f7d, folder=SYSTEM_FOLDER, __disable_workflow__=true, sortOrder=0, modUser=system},lowIndexPriority=false,variantId=DEFAULT], parent=demo.dotcms.com, expectedName='test_binary1687900552918.jpg:test_binary1687900552918.png', expectedType='MultipleBinaries1687900551272'}]" classname="com.dotmarketing.business.DeterministicIdentifierAPITest" time="0.003"/>
  <testcase name="Test_Asset_Generate_Deterministic_Id_Best_Effort[5: TestCase{versionable=namedb6b551fc8 : keyTagdb6b551fc8, parent=my.host1687900550289.com, expectedName='keyTagdb6b551fc8', expectedType='persona'}]" classname="com.dotmarketing.business.DeterministicIdentifierAPITest" time="0.002"/>
  <testcase name="Test_Similar_Content_Type_Wont_Clash" classname="com.dotmarketing.business.DeterministicIdentifierAPITest" time="0.518"/>
  <testcase name="Test_Generate_Folder_Identifier" classname="com.dotmarketing.business.DeterministicIdentifierAPITest" time="0.378"/>
  <testcase name="Test_Generate_Content_Type_Identifier[0: ContentTypeTestCase{contentType=KeyValueContentType{name=Language Variable, id=f4d7c1b8-2c88-4071-abf1-a5328977b07d, description=Default Content Type for Language Variables, defaultType=false, fixed=true, iDate=Thu Aug 31 16:38:49 UTC 2017, system=true, versionable=true, variable=Languagevariable, modDate=Tue Jun 27 20:08:04 UTC 2023, host=SYSTEM_HOST, siteName=systemHost, icon=language, sortOrder=0, folder=SYSTEM_FOLDER, folderPath=/, markedForDeletion=true, multilingualable=false}, expectedName='Languagevariable', expectedType='KeyValue'}]" classname="com.dotmarketing.business.DeterministicIdentifierAPITest" time="0.006"/>
  <testcase name="Test_Generate_Content_Type_Identifier[1: ContentTypeTestCase{contentType=SimpleContentType{name=testName1687900553406, id=7be6fe82-02a8-4404-a395-d362285d1079, description=testDescription1687900553406, defaultType=false, fixed=false, iDate=Tue Jun 27 21:15:53 UTC 2023, system=false, versionable=true, multilingualable=false, variable=testVarname1687900553406, owner=system, modDate=Tue Jun 27 21:15:54 UTC 2023, host=48190c8c-42c4-46af-8d1a-0cd5db894797, siteName=demo.dotcms.com, icon=event_note, sortOrder=0, folder=SYSTEM_FOLDER, folderPath=/, requiredFields=[], markedForDeletion=false}, expectedName='testVarname1687900553406', expectedType='CONTENT'}]" classname="com.dotmarketing.business.DeterministicIdentifierAPITest" time="0.006"/>
  <system-out><![CDATA[]]></system-out>
  <system-err><![CDATA[]]></system-err>
</testsuite>
