<?xml version="1.0" encoding="UTF-8"?>
<testsuite name="com.dotmarketing.servlets.ajax.AjaxDirectorServletIntegrationTest" tests="2" skipped="0" failures="0" errors="0" timestamp="2023-06-26T20:14:58" hostname="fv-az1128-296" time="1.217">
  <properties/>
  <testcase name="testService[0: com.dotmarketing.servlets.ajax.AjaxDirectorServletTestCase@713adf11]" classname="com.dotmarketing.servlets.ajax.AjaxDirectorServletIntegrationTest" time="0.747"/>
  <testcase name="testService[1: com.dotmarketing.servlets.ajax.AjaxDirectorServletTestCase@3fcf91aa]" classname="com.dotmarketing.servlets.ajax.AjaxDirectorServletIntegrationTest" time="0.47"/>
  <system-out><![CDATA[]]></system-out>
  <system-err><![CDATA[]]></system-err>
</testsuite>
