<?xml version="1.0" encoding="UTF-8"?>
<testsuite name="com.dotmarketing.startup.runonce.Task05390MakeRoomForLongerJobDetailTest" tests="1" skipped="0" failures="0" errors="0" timestamp="2023-07-05T17:01:46" hostname="fv-az951-870" time="0.008">
  <properties/>
  <testcase name="testExecuteUpgrade" classname="com.dotmarketing.startup.runonce.Task05390MakeRoomForLongerJobDetailTest" time="0.008"/>
  <system-out><![CDATA[]]></system-out>
  <system-err><![CDATA[]]></system-err>
</testsuite>
