<?xml version="1.0" encoding="UTF-8"?>
<testsuite name="com.dotmarketing.business.DeterministicIdentifierAPITest" tests="16" skipped="0" failures="0" errors="0" timestamp="2023-07-05T17:40:03" hostname="fv-az313-710" time="1.382">
  <properties/>
  <testcase name="Test_Category_Path_Seed_And_Id" classname="com.dotmarketing.business.DeterministicIdentifierAPITest" time="0.025"/>
  <testcase name="Test_Language_Deterministic_Id[0: LanguageTestCase{expectedSeed='Language:es:US', expectedHash=4913155, langCode='es', countryCode='US', country='United States'}]" classname="com.dotmarketing.business.DeterministicIdentifierAPITest" time="0.001"/>
  <testcase name="Test_Language_Deterministic_Id[1: LanguageTestCase{expectedSeed='Language:ep:', expectedHash=5292269, langCode='ep', countryCode='', country=''}]" classname="com.dotmarketing.business.DeterministicIdentifierAPITest" time="0.001"/>
  <testcase name="Test_Language_Deterministic_Id[2: LanguageTestCase{expectedSeed='Language:sg:SAG', expectedHash=4713118, langCode='sg', countryCode='SAG', country=''}]" classname="com.dotmarketing.business.DeterministicIdentifierAPITest" time="0.0"/>
  <testcase name="Test_Language_Deterministic_Id[3: LanguageTestCase{expectedSeed='Language:en:NZ', expectedHash=5382528, langCode='en', countryCode='NZ', country='New Zealand'}]" classname="com.dotmarketing.business.DeterministicIdentifierAPITest" time="0.0"/>
  <testcase name="Test_Category_None_Persisted_Category_Should_Return_Deterministic_Id" classname="com.dotmarketing.business.DeterministicIdentifierAPITest" time="0.002"/>
  <testcase name="Test_Asset_Generate_Deterministic_Id_Best_Effort[0: TestCase{versionable=my.host1688578416652.com, parent=System Host, expectedName='my.host1688578416652.com', expectedType='Host'}]" classname="com.dotmarketing.business.DeterministicIdentifierAPITest" time="0.003"/>
  <testcase name="Test_Asset_Generate_Deterministic_Id_Best_Effort[1: TestCase{versionable=com.dotmarketing.portlets.contentlet.model.Contentlet@69d1a03b[map={modDate=2023-07-05 17:33:37.445, fileName=file16651690198888022754.txt, title=file16651690198888022754.txt, inode=531f9fb8-41fa-4536-b873-0b6169cd0cf9, __IS_NEW_CONTENT__=true, disabledWYSIWYG=[], host=655e3a66-1492-4634-80af-ec3d5dce033d, stInode=33888b6f-7a8e-4069-b1b6-5c1aa9d0a48d, owner=system, identifier=7f9e2d07-00ca-48f0-b1cb-9060356e20d1, nullProperties=[wfExpireDate, wfPublishDate, wfActionAssign, wfActionId, wfActionComments, filterKey, whereToSend, wfNeverExpire, _path_to_move, timezoneId, iWantTo, wfPublishTime, wfExpireTime], languageId=1, fileAsset=/home/runner/work/core/custom/assets/5/3/531f9fb8-41fa-4536-b873-0b6169cd0cf9/fileAsset/file16651690198888022754.txt, folder=58576e5c-21cd-4231-8f0d-2b3093685df0, __disable_workflow__=true, sortOrder=0, modUser=system},lowIndexPriority=false,variantId=DEFAULT], parent=com.dotmarketing.portlets.folders.model.Folder@3f06c995[identifier=58576e5c-21cd-4231-8f0d-2b3093685df0,name=testName1688578417436,sortOrder=0,showOnMenu=false,hostId=655e3a66-1492-4634-80af-ec3d5dce033d,type=folder,title=testTitle1688578417436,filesMasks=,defaultFileType=33888b6f-7a8e-4069-b1b6-5c1aa9d0a48d,modDate=2023-07-05 17:33:37.439,owner=&lt;null&gt;,iDate=2023-07-05 17:33:37.439,inode=58576e5c-21cd-4231-8f0d-2b3093685df0,path=/testName1688578417436/], expectedName='file16651690198888022754.txt', expectedType='FileAsset'}]" classname="com.dotmarketing.business.DeterministicIdentifierAPITest" time="0.003"/>
  <testcase name="Test_Asset_Generate_Deterministic_Id_Best_Effort[2: TestCase{versionable=com.dotmarketing.portlets.templates.model.Template@c3e448b, parent=my.host1688578416652.com, expectedName='testTitle1688578417601', expectedType='Template'}]" classname="com.dotmarketing.business.DeterministicIdentifierAPITest" time="0.002"/>
  <testcase name="Test_Asset_Generate_Deterministic_Id_Best_Effort[3: TestCase{versionable=com.dotmarketing.portlets.htmlpageasset.model.HTMLPageAsset@59748386[map={template=8425c182-da23-4230-8e32-c9aac3b62839, owner=system, identifier=a2901562-80de-4032-bf6e-e522f9a24c3a, nullProperties=[wfExpireDate, wfPublishDate, wfActionAssign, wfActionId, wfActionComments, filterKey, whereToSend, wfNeverExpire, _path_to_move, timezoneId, iWantTo, wfPublishTime, wfExpireTime], modDate=2023-07-05 17:33:37.62, cachettl=0, _is_test_mode=true, languageId=1, title=test-page-title-1688578417615, httpsreq=, url=test-page-url-1688578417615, showOnMenu=, inode=97b0ebfe-852f-4d81-b3b7-10c04fbb70fd, folder=58576e5c-21cd-4231-8f0d-2b3093685df0, disabledWYSIWYG=[], sortOrder=1, modUser=system, host=655e3a66-1492-4634-80af-ec3d5dce033d, stInode=c541abb1-69b3-4bc5-8430-5e09e5239cc8, friendlyName=test-page-friendly-name-1688578417615},lowIndexPriority=false,variantId=DEFAULT], parent=com.dotmarketing.portlets.folders.model.Folder@3f06c995[identifier=58576e5c-21cd-4231-8f0d-2b3093685df0,name=testName1688578417436,sortOrder=0,showOnMenu=false,hostId=655e3a66-1492-4634-80af-ec3d5dce033d,type=folder,title=testTitle1688578417436,filesMasks=,defaultFileType=33888b6f-7a8e-4069-b1b6-5c1aa9d0a48d,modDate=2023-07-05 17:33:37.439,owner=&lt;null&gt;,iDate=2023-07-05 17:33:37.439,inode=58576e5c-21cd-4231-8f0d-2b3093685df0,path=/testName1688578417436/], expectedName='test-page-url-1688578417615', expectedType='htmlpageasset'}]" classname="com.dotmarketing.business.DeterministicIdentifierAPITest" time="0.003"/>
  <testcase name="Test_Asset_Generate_Deterministic_Id_Best_Effort[4: TestCase{versionable=com.dotmarketing.portlets.contentlet.model.Contentlet@7fc0b81[map={fileAsset2=/home/runner/work/core/custom/assets/9/4/94cda8b0-5abd-42b4-b6b2-998514a14117/fileAsset2/test_binary1688578418424.png, modDate=2023-07-05 17:33:38.43, fileAsset1=/home/runner/work/core/custom/assets/9/4/94cda8b0-5abd-42b4-b6b2-998514a14117/fileAsset1/test_binary1688578418424.jpg, title=blah, inode=94cda8b0-5abd-42b4-b6b2-998514a14117, __IS_NEW_CONTENT__=true, disabledWYSIWYG=[], host=48190c8c-42c4-46af-8d1a-0cd5db894797, stInode=c325271b-a231-46f3-9a8f-0e6b2ee7a9f8, owner=system, identifier=91f81f5d-db24-438b-9805-6171ac8a9f87, nullProperties=[], languageId=1, image1=9a7c1812-70e5-4e17-a8cf-83c7567ecbea, folder=SYSTEM_FOLDER, __disable_workflow__=true, sortOrder=0, modUser=system},lowIndexPriority=false,variantId=DEFAULT], parent=demo.dotcms.com, expectedName='test_binary1688578418424.jpg:test_binary1688578418424.png', expectedType='MultipleBinaries1688578417745'}]" classname="com.dotmarketing.business.DeterministicIdentifierAPITest" time="0.003"/>
  <testcase name="Test_Asset_Generate_Deterministic_Id_Best_Effort[5: TestCase{versionable=nameeabf03a314 : keyTageabf03a314, parent=my.host1688578416652.com, expectedName='keyTageabf03a314', expectedType='persona'}]" classname="com.dotmarketing.business.DeterministicIdentifierAPITest" time="0.002"/>
  <testcase name="Test_Similar_Content_Type_Wont_Clash" classname="com.dotmarketing.business.DeterministicIdentifierAPITest" time="0.45"/>
  <testcase name="Test_Generate_Folder_Identifier" classname="com.dotmarketing.business.DeterministicIdentifierAPITest" time="0.87"/>
  <testcase name="Test_Generate_Content_Type_Identifier[0: ContentTypeTestCase{contentType=KeyValueContentType{name=Language Variable, id=f4d7c1b8-2c88-4071-abf1-a5328977b07d, description=Default Content Type for Language Variables, defaultType=false, fixed=true, iDate=Thu Aug 31 16:38:49 UTC 2017, system=true, versionable=true, variable=Languagevariable, modDate=Wed Jul 05 16:28:11 UTC 2023, host=SYSTEM_HOST, siteName=systemHost, icon=language, sortOrder=0, folder=SYSTEM_FOLDER, folderPath=/, markedForDeletion=true, multilingualable=false}, expectedName='Languagevariable', expectedType='KeyValue'}]" classname="com.dotmarketing.business.DeterministicIdentifierAPITest" time="0.005"/>
  <testcase name="Test_Generate_Content_Type_Identifier[1: ContentTypeTestCase{contentType=SimpleContentType{name=testName1688578418790, id=b8f4393f-454e-4c39-a86a-bdc5eb7a6895, description=testDescription1688578418790, defaultType=false, fixed=false, iDate=Wed Jul 05 17:33:38 UTC 2023, system=false, versionable=true, multilingualable=false, variable=testVarname1688578418790, owner=system, modDate=Wed Jul 05 17:33:39 UTC 2023, host=48190c8c-42c4-46af-8d1a-0cd5db894797, siteName=demo.dotcms.com, icon=event_note, sortOrder=0, folder=SYSTEM_FOLDER, folderPath=/, requiredFields=[], markedForDeletion=false}, expectedName='testVarname1688578418790', expectedType='CONTENT'}]" classname="com.dotmarketing.business.DeterministicIdentifierAPITest" time="0.006"/>
  <system-out><![CDATA[]]></system-out>
  <system-err><![CDATA[]]></system-err>
</testsuite>
