<?xml version="1.0" encoding="UTF-8"?>
<testsuite name="com.dotmarketing.portlets.structure.model.ContentletRelationshipsTest" tests="7" skipped="0" failures="0" errors="0" timestamp="2023-06-29T06:15:45" hostname="fv-az590-241" time="11.518">
  <properties/>
  <testcase name="testDoesAllowOnlyOne[0: com.dotmarketing.portlets.structure.model.ContentletRelationshipsTest$CardinalityTestCase@15a4afbb]" classname="com.dotmarketing.portlets.structure.model.ContentletRelationshipsTest" time="0.761"/>
  <testcase name="testDoesAllowOnlyOne[1: com.dotmarketing.portlets.structure.model.ContentletRelationshipsTest$CardinalityTestCase@23c26009]" classname="com.dotmarketing.portlets.structure.model.ContentletRelationshipsTest" time="0.817"/>
  <testcase name="testDoesAllowOnlyOne[2: com.dotmarketing.portlets.structure.model.ContentletRelationshipsTest$CardinalityTestCase@2393b14f]" classname="com.dotmarketing.portlets.structure.model.ContentletRelationshipsTest" time="0.767"/>
  <testcase name="testGetRelationshipRecords[0: com.dotmarketing.portlets.structure.model.ContentletRelationshipsTest$TestCase@1d510192]" classname="com.dotmarketing.portlets.structure.model.ContentletRelationshipsTest" time="2.751"/>
  <testcase name="testGetRelationshipRecords[1: com.dotmarketing.portlets.structure.model.ContentletRelationshipsTest$TestCase@2d38bcf4]" classname="com.dotmarketing.portlets.structure.model.ContentletRelationshipsTest" time="2.602"/>
  <testcase name="testGetRelationshipRecords[2: com.dotmarketing.portlets.structure.model.ContentletRelationshipsTest$TestCase@1dca5372]" classname="com.dotmarketing.portlets.structure.model.ContentletRelationshipsTest" time="2.395"/>
  <testcase name="testGetRelationshipRecords[3: com.dotmarketing.portlets.structure.model.ContentletRelationshipsTest$TestCase@236d804d]" classname="com.dotmarketing.portlets.structure.model.ContentletRelationshipsTest" time="1.425"/>
  <system-out><![CDATA[]]></system-out>
  <system-err><![CDATA[]]></system-err>
</testsuite>
