<?xml version="1.0" encoding="UTF-8"?>
<testsuite name="com.dotcms.rest.elasticsearch.ESContentResourcePortletTest" tests="8" skipped="0" failures="0" errors="0" timestamp="2023-06-28T00:40:42" hostname="fv-az614-690" time="8.786">
  <properties/>
  <testcase name="test_search_includeGrandChildCategory_success" classname="com.dotcms.rest.elasticsearch.ESContentResourcePortletTest" time="1.381"/>
  <testcase name="testSearch[0: com.dotcms.rest.elasticsearch.ESContentResourcePortletTest$TestCase@4f6fd254]" classname="com.dotcms.rest.elasticsearch.ESContentResourcePortletTest" time="0.947"/>
  <testcase name="testSearch[1: com.dotcms.rest.elasticsearch.ESContentResourcePortletTest$TestCase@4fb075ab]" classname="com.dotcms.rest.elasticsearch.ESContentResourcePortletTest" time="1.212"/>
  <testcase name="testSearch[2: com.dotcms.rest.elasticsearch.ESContentResourcePortletTest$TestCase@1e8d5755]" classname="com.dotcms.rest.elasticsearch.ESContentResourcePortletTest" time="0.928"/>
  <testcase name="testSearch[3: com.dotcms.rest.elasticsearch.ESContentResourcePortletTest$TestCase@4f2eb430]" classname="com.dotcms.rest.elasticsearch.ESContentResourcePortletTest" time="1.215"/>
  <testcase name="testSearch[4: com.dotcms.rest.elasticsearch.ESContentResourcePortletTest$TestCase@7e6222f3]" classname="com.dotcms.rest.elasticsearch.ESContentResourcePortletTest" time="1.221"/>
  <testcase name="testSearch[5: com.dotcms.rest.elasticsearch.ESContentResourcePortletTest$TestCase@32b31db9]" classname="com.dotcms.rest.elasticsearch.ESContentResourcePortletTest" time="0.965"/>
  <testcase name="testSearch[6: com.dotcms.rest.elasticsearch.ESContentResourcePortletTest$TestCase@4670c345]" classname="com.dotcms.rest.elasticsearch.ESContentResourcePortletTest" time="0.916"/>
  <system-out><![CDATA[]]></system-out>
  <system-err><![CDATA[]]></system-err>
</testsuite>
