<?xml version="1.0" encoding="UTF-8"?>
<testsuite name="com.dotmarketing.servlets.ajax.AjaxDirectorServletIntegrationTest" tests="2" skipped="0" failures="0" errors="0" timestamp="2023-07-11T21:13:44" hostname="fv-az206-849" time="0.978">
  <properties/>
  <testcase name="testService[0: com.dotmarketing.servlets.ajax.AjaxDirectorServletTestCase@4580711a]" classname="com.dotmarketing.servlets.ajax.AjaxDirectorServletIntegrationTest" time="0.639"/>
  <testcase name="testService[1: com.dotmarketing.servlets.ajax.AjaxDirectorServletTestCase@1d4af20a]" classname="com.dotmarketing.servlets.ajax.AjaxDirectorServletIntegrationTest" time="0.339"/>
  <system-out><![CDATA[]]></system-out>
  <system-err><![CDATA[]]></system-err>
</testsuite>
