<?xml version="1.0" encoding="UTF-8"?>
<testsuite name="com.dotcms.rest.TagResourceIntegrationTest" tests="4" skipped="0" failures="0" errors="0" timestamp="2023-06-24T02:42:09" hostname="fv-az1128-296" time="0.282">
  <properties/>
  <testcase name="testList[0: com.dotcms.rest.TagResourceTestCase@38ba0332]" classname="com.dotcms.rest.TagResourceIntegrationTest" time="0.221"/>
  <testcase name="testList[1: com.dotcms.rest.TagResourceTestCase@542ea050]" classname="com.dotcms.rest.TagResourceIntegrationTest" time="0.021"/>
  <testcase name="testList[2: com.dotcms.rest.TagResourceTestCase@38e51f60]" classname="com.dotcms.rest.TagResourceIntegrationTest" time="0.017"/>
  <testcase name="testList[3: com.dotcms.rest.TagResourceTestCase@113162e2]" classname="com.dotcms.rest.TagResourceIntegrationTest" time="0.021"/>
  <system-out><![CDATA[]]></system-out>
  <system-err><![CDATA[Jun 24, 2023 2:42:09 AM com.dotcms.repackage.org.hibernate.validator.internal.util.Version <clinit>
INFO: HV000001: Hibernate Validator 4.3.2.Final
]]></system-err>
</testsuite>
