<?xml version="1.0" encoding="UTF-8"?>
<testsuite name="com.dotmarketing.servlets.ajax.AjaxDirectorServletIntegrationTest" tests="2" skipped="0" failures="0" errors="0" timestamp="2023-06-28T17:21:53" hostname="fv-az585-827" time="1.471">
  <properties/>
  <testcase name="testService[0: com.dotmarketing.servlets.ajax.AjaxDirectorServletTestCase@4bf5af76]" classname="com.dotmarketing.servlets.ajax.AjaxDirectorServletIntegrationTest" time="0.883"/>
  <testcase name="testService[1: com.dotmarketing.servlets.ajax.AjaxDirectorServletTestCase@5d016808]" classname="com.dotmarketing.servlets.ajax.AjaxDirectorServletIntegrationTest" time="0.588"/>
  <system-out><![CDATA[]]></system-out>
  <system-err><![CDATA[]]></system-err>
</testsuite>
