<?xml version="1.0" encoding="UTF-8"?>
<testsuite name="com.dotmarketing.portlets.structure.model.ContentletRelationshipsTest" tests="7" skipped="0" failures="0" errors="0" timestamp="2023-07-14T02:42:40" hostname="fv-az268-867" time="10.684">
  <properties/>
  <testcase name="testDoesAllowOnlyOne[0: com.dotmarketing.portlets.structure.model.ContentletRelationshipsTest$CardinalityTestCase@3997ac18]" classname="com.dotmarketing.portlets.structure.model.ContentletRelationshipsTest" time="0.612"/>
  <testcase name="testDoesAllowOnlyOne[1: com.dotmarketing.portlets.structure.model.ContentletRelationshipsTest$CardinalityTestCase@4ec5e95f]" classname="com.dotmarketing.portlets.structure.model.ContentletRelationshipsTest" time="1.142"/>
  <testcase name="testDoesAllowOnlyOne[2: com.dotmarketing.portlets.structure.model.ContentletRelationshipsTest$CardinalityTestCase@1e7bb1f1]" classname="com.dotmarketing.portlets.structure.model.ContentletRelationshipsTest" time="0.553"/>
  <testcase name="testGetRelationshipRecords[0: com.dotmarketing.portlets.structure.model.ContentletRelationshipsTest$TestCase@7e5568ee]" classname="com.dotmarketing.portlets.structure.model.ContentletRelationshipsTest" time="2.202"/>
  <testcase name="testGetRelationshipRecords[1: com.dotmarketing.portlets.structure.model.ContentletRelationshipsTest$TestCase@7aa6ec50]" classname="com.dotmarketing.portlets.structure.model.ContentletRelationshipsTest" time="2.118"/>
  <testcase name="testGetRelationshipRecords[2: com.dotmarketing.portlets.structure.model.ContentletRelationshipsTest$TestCase@1bc86d4a]" classname="com.dotmarketing.portlets.structure.model.ContentletRelationshipsTest" time="2.06"/>
  <testcase name="testGetRelationshipRecords[3: com.dotmarketing.portlets.structure.model.ContentletRelationshipsTest$TestCase@587fa3fb]" classname="com.dotmarketing.portlets.structure.model.ContentletRelationshipsTest" time="1.996"/>
  <system-out><![CDATA[]]></system-out>
  <system-err><![CDATA[]]></system-err>
</testsuite>
