<?xml version="1.0" encoding="UTF-8"?>
<testsuite name="com.dotmarketing.business.DeterministicIdentifierAPITest" tests="16" skipped="0" failures="0" errors="0" timestamp="2023-07-18T00:28:48" hostname="fv-az362-624" time="1.679">
  <properties/>
  <testcase name="Test_Category_Path_Seed_And_Id" classname="com.dotmarketing.business.DeterministicIdentifierAPITest" time="0.029"/>
  <testcase name="Test_Language_Deterministic_Id[0: LanguageTestCase{expectedSeed='Language:es:US', expectedHash=4913155, langCode='es', countryCode='US', country='United States'}]" classname="com.dotmarketing.business.DeterministicIdentifierAPITest" time="0.002"/>
  <testcase name="Test_Language_Deterministic_Id[1: LanguageTestCase{expectedSeed='Language:ep:', expectedHash=5292269, langCode='ep', countryCode='', country=''}]" classname="com.dotmarketing.business.DeterministicIdentifierAPITest" time="0.001"/>
  <testcase name="Test_Language_Deterministic_Id[2: LanguageTestCase{expectedSeed='Language:sg:SAG', expectedHash=4713118, langCode='sg', countryCode='SAG', country=''}]" classname="com.dotmarketing.business.DeterministicIdentifierAPITest" time="0.001"/>
  <testcase name="Test_Language_Deterministic_Id[3: LanguageTestCase{expectedSeed='Language:en:NZ', expectedHash=5382528, langCode='en', countryCode='NZ', country='New Zealand'}]" classname="com.dotmarketing.business.DeterministicIdentifierAPITest" time="0.002"/>
  <testcase name="Test_Category_None_Persisted_Category_Should_Return_Deterministic_Id" classname="com.dotmarketing.business.DeterministicIdentifierAPITest" time="0.002"/>
  <testcase name="Test_Asset_Generate_Deterministic_Id_Best_Effort[0: TestCase{versionable=my.host1689639681142.com, parent=System Host, expectedName='my.host1689639681142.com', expectedType='Host'}]" classname="com.dotmarketing.business.DeterministicIdentifierAPITest" time="0.003"/>
  <testcase name="Test_Asset_Generate_Deterministic_Id_Best_Effort[1: TestCase{versionable=com.dotmarketing.portlets.contentlet.model.Contentlet@5c677503[map={modDate=2023-07-18 00:21:21.541, fileName=file11672770845358601019.txt, title=file11672770845358601019.txt, inode=8ec028f3-9f6b-4ba0-ade1-f78b7dff6ef4, __IS_NEW_CONTENT__=true, disabledWYSIWYG=[], host=e68fcd13-32ba-43a8-85da-cd45c91a46a4, stInode=33888b6f-7a8e-4069-b1b6-5c1aa9d0a48d, owner=system, identifier=b25c6ba0-c363-4135-847d-9b8fad951f41, nullProperties=[wfExpireDate, wfPublishDate, wfActionAssign, wfActionId, wfActionComments, filterKey, whereToSend, wfNeverExpire, _path_to_move, timezoneId, iWantTo, wfPublishTime, wfExpireTime], languageId=1, fileAsset=/home/runner/work/core/custom/assets/8/e/8ec028f3-9f6b-4ba0-ade1-f78b7dff6ef4/fileAsset/file11672770845358601019.txt, folder=aeecb0f3-89ad-4493-99c3-f3b14680b26c, __disable_workflow__=true, sortOrder=0, modUser=system},lowIndexPriority=false,variantId=DEFAULT], parent=com.dotmarketing.portlets.folders.model.Folder@5459fdc6[identifier=aeecb0f3-89ad-4493-99c3-f3b14680b26c,name=testName1689639681531,sortOrder=0,showOnMenu=false,hostId=e68fcd13-32ba-43a8-85da-cd45c91a46a4,type=folder,title=testTitle1689639681531,filesMasks=,defaultFileType=33888b6f-7a8e-4069-b1b6-5c1aa9d0a48d,modDate=2023-07-18 00:21:21.535,owner=&lt;null&gt;,iDate=2023-07-18 00:21:21.535,inode=aeecb0f3-89ad-4493-99c3-f3b14680b26c,path=/testName1689639681531/], expectedName='file11672770845358601019.txt', expectedType='FileAsset'}]" classname="com.dotmarketing.business.DeterministicIdentifierAPITest" time="0.004"/>
  <testcase name="Test_Asset_Generate_Deterministic_Id_Best_Effort[2: TestCase{versionable=com.dotmarketing.portlets.templates.model.Template@7157e518, parent=my.host1689639681142.com, expectedName='testTitle1689639681679', expectedType='Template'}]" classname="com.dotmarketing.business.DeterministicIdentifierAPITest" time="0.003"/>
  <testcase name="Test_Asset_Generate_Deterministic_Id_Best_Effort[3: TestCase{versionable=com.dotmarketing.portlets.htmlpageasset.model.HTMLPageAsset@35f21dc0[map={template=37d563a2-5d69-4580-a978-79a2dbdc90ea, owner=system, identifier=9b912240-871a-410a-9bdb-c9451b7d107d, nullProperties=[wfExpireDate, wfPublishDate, wfActionAssign, wfActionId, wfActionComments, filterKey, whereToSend, wfNeverExpire, _path_to_move, timezoneId, iWantTo, wfPublishTime, wfExpireTime], modDate=2023-07-18 00:21:21.702, cachettl=0, _is_test_mode=true, languageId=1, title=test-page-title-1689639681697, httpsreq=, url=test-page-url-1689639681697, showOnMenu=, inode=07d30288-6d54-477c-b019-fdbb1533d2a8, folder=aeecb0f3-89ad-4493-99c3-f3b14680b26c, disabledWYSIWYG=[], sortOrder=1, modUser=system, host=e68fcd13-32ba-43a8-85da-cd45c91a46a4, stInode=c541abb1-69b3-4bc5-8430-5e09e5239cc8, friendlyName=test-page-friendly-name-1689639681697},lowIndexPriority=false,variantId=DEFAULT], parent=com.dotmarketing.portlets.folders.model.Folder@5459fdc6[identifier=aeecb0f3-89ad-4493-99c3-f3b14680b26c,name=testName1689639681531,sortOrder=0,showOnMenu=false,hostId=e68fcd13-32ba-43a8-85da-cd45c91a46a4,type=folder,title=testTitle1689639681531,filesMasks=,defaultFileType=33888b6f-7a8e-4069-b1b6-5c1aa9d0a48d,modDate=2023-07-18 00:21:21.535,owner=&lt;null&gt;,iDate=2023-07-18 00:21:21.535,inode=aeecb0f3-89ad-4493-99c3-f3b14680b26c,path=/testName1689639681531/], expectedName='test-page-url-1689639681697', expectedType='htmlpageasset'}]" classname="com.dotmarketing.business.DeterministicIdentifierAPITest" time="0.003"/>
  <testcase name="Test_Asset_Generate_Deterministic_Id_Best_Effort[4: TestCase{versionable=com.dotmarketing.portlets.contentlet.model.Contentlet@5470702[map={fileAsset2=/home/runner/work/core/custom/assets/4/a/4ad80d8d-2741-446d-b132-1b3bd1ead9b4/fileAsset2/test_binary1689639683532.png, modDate=2023-07-18 00:21:23.538, fileAsset1=/home/runner/work/core/custom/assets/4/a/4ad80d8d-2741-446d-b132-1b3bd1ead9b4/fileAsset1/test_binary1689639683532.jpg, title=blah, inode=4ad80d8d-2741-446d-b132-1b3bd1ead9b4, __IS_NEW_CONTENT__=true, disabledWYSIWYG=[], host=48190c8c-42c4-46af-8d1a-0cd5db894797, stInode=7afb34cc-f29c-49ee-b31a-fd4564f75b22, owner=system, identifier=9898821a-0626-4542-8df3-248f74b59a91, nullProperties=[], languageId=1, image1=e91d5827-59de-45c2-b90b-aa679d3f4c2b, folder=SYSTEM_FOLDER, __disable_workflow__=true, sortOrder=0, modUser=system},lowIndexPriority=false,variantId=DEFAULT], parent=demo.dotcms.com, expectedName='test_binary1689639683532.jpg:test_binary1689639683532.png', expectedType='MultipleBinaries1689639681905'}]" classname="com.dotmarketing.business.DeterministicIdentifierAPITest" time="0.004"/>
  <testcase name="Test_Asset_Generate_Deterministic_Id_Best_Effort[5: TestCase{versionable=nameb56ef9ab46 : keyTagb56ef9ab46, parent=my.host1689639681142.com, expectedName='keyTagb56ef9ab46', expectedType='persona'}]" classname="com.dotmarketing.business.DeterministicIdentifierAPITest" time="0.004"/>
  <testcase name="Test_Similar_Content_Type_Wont_Clash" classname="com.dotmarketing.business.DeterministicIdentifierAPITest" time="0.629"/>
  <testcase name="Test_Generate_Folder_Identifier" classname="com.dotmarketing.business.DeterministicIdentifierAPITest" time="0.979"/>
  <testcase name="Test_Generate_Content_Type_Identifier[0: ContentTypeTestCase{contentType=KeyValueContentType{name=Language Variable, id=f4d7c1b8-2c88-4071-abf1-a5328977b07d, description=Default Content Type for Language Variables, defaultType=false, fixed=true, iDate=Thu Aug 31 16:38:49 UTC 2017, system=true, versionable=true, variable=Languagevariable, modDate=Mon Jul 17 23:05:06 UTC 2023, host=SYSTEM_HOST, siteName=systemHost, icon=language, sortOrder=0, folder=SYSTEM_FOLDER, folderPath=/, markedForDeletion=true, multilingualable=false}, expectedName='Languagevariable', expectedType='KeyValue'}]" classname="com.dotmarketing.business.DeterministicIdentifierAPITest" time="0.006"/>
  <testcase name="Test_Generate_Content_Type_Identifier[1: ContentTypeTestCase{contentType=SimpleContentType{name=testName1689639684073, id=822b194e-fde7-4b30-bc48-992e753d484a, description=testDescription1689639684073, defaultType=false, fixed=false, iDate=Tue Jul 18 00:21:24 UTC 2023, system=false, versionable=true, multilingualable=false, variable=testVarname1689639684073, owner=system, modDate=Tue Jul 18 00:21:25 UTC 2023, host=48190c8c-42c4-46af-8d1a-0cd5db894797, siteName=demo.dotcms.com, icon=event_note, sortOrder=0, folder=SYSTEM_FOLDER, folderPath=/, requiredFields=[], markedForDeletion=false}, expectedName='testVarname1689639684073', expectedType='CONTENT'}]" classname="com.dotmarketing.business.DeterministicIdentifierAPITest" time="0.005"/>
  <system-out><![CDATA[]]></system-out>
  <system-err><![CDATA[]]></system-err>
</testsuite>
