<?xml version="1.0" encoding="UTF-8"?>
<testsuite name="com.dotcms.contenttype.test.ContentTypeResourceTest" tests="10" skipped="0" failures="0" errors="0" timestamp="2023-07-18T00:20:54" hostname="fv-az877-612" time="18.05">
  <properties/>
  <testcase name="testJson[0: content-type-object-insert.json]" classname="com.dotcms.contenttype.test.ContentTypeResourceTest" time="2.213"/>
  <testcase name="testJson[1: page-content-type.json]" classname="com.dotcms.contenttype.test.ContentTypeResourceTest" time="4.194"/>
  <testcase name="testJson[2: widget-type-object.json]" classname="com.dotcms.contenttype.test.ContentTypeResourceTest" time="1.724"/>
  <testcase name="testJson[3: empty-widget.json]" classname="com.dotcms.contenttype.test.ContentTypeResourceTest" time="1.907"/>
  <testcase name="testJson[4: content-type-object.json]" classname="com.dotcms.contenttype.test.ContentTypeResourceTest" time="1.416"/>
  <testcase name="testJson[5: file-asset.json]" classname="com.dotcms.contenttype.test.ContentTypeResourceTest" time="1.733"/>
  <testcase name="testJson[6: content-type-array-insert.json]" classname="com.dotcms.contenttype.test.ContentTypeResourceTest" time="2.421"/>
  <testcase name="testJson[7: persona-type-object.json]" classname="com.dotcms.contenttype.test.ContentTypeResourceTest" time="2.433"/>
  <testcase name="test_setHostAndFolderAsIdentifer_with_null" classname="com.dotcms.contenttype.test.ContentTypeResourceTest" time="0.0"/>
  <testcase name="test_setHostAndFolderAsIdentifer_with_System_Host" classname="com.dotcms.contenttype.test.ContentTypeResourceTest" time="0.003"/>
  <system-out><![CDATA[]]></system-out>
  <system-err><![CDATA[]]></system-err>
</testsuite>
