<?xml version="1.0" encoding="UTF-8"?>
<testsuite name="com.dotmarketing.startup.runonce.Task05395RemoveEndpointIdForeignKeyInIntegrityResolverTablesIntegrationTest" tests="1" skipped="0" failures="0" errors="0" timestamp="2023-07-10T22:26:41" hostname="fv-az812-782" time="0.026">
  <properties/>
  <testcase name="constraintShouldNotExists" classname="com.dotmarketing.startup.runonce.Task05395RemoveEndpointIdForeignKeyInIntegrityResolverTablesIntegrationTest" time="0.026"/>
  <system-out><![CDATA[]]></system-out>
  <system-err><![CDATA[]]></system-err>
</testsuite>
