<?xml version="1.0" encoding="UTF-8"?>
<testsuite name="com.dotcms.contenttype.test.ContentResourceTest" tests="52" skipped="0" failures="0" errors="0" timestamp="2023-07-20T22:33:49" hostname="fv-az550-580" time="140.238">
  <properties/>
  <testcase name="testGetContentShouldReturnIconDetails" classname="com.dotcms.contenttype.test.ContentResourceTest" time="1.491"/>
  <testcase name="Test_Save_Action_Set_Words_To_Required_NumericField_Issue_15340" classname="com.dotcms.contenttype.test.ContentResourceTest" time="0.84"/>
  <testcase name="test_getContent_includeGrandChildCategory_success" classname="com.dotcms.contenttype.test.ContentResourceTest" time="1.291"/>
  <testcase name="testGetContentWithRelatedParameter[0: com.dotcms.contenttype.test.ContentResourceTest$PullRelatedTestCase@1392a0f5]" classname="com.dotcms.contenttype.test.ContentResourceTest" time="3.698"/>
  <testcase name="testGetContentWithRelatedParameter[1: com.dotcms.contenttype.test.ContentResourceTest$PullRelatedTestCase@497cabf8]" classname="com.dotcms.contenttype.test.ContentResourceTest" time="3.762"/>
  <testcase name="testGetContentWithRelatedParameter[2: com.dotcms.contenttype.test.ContentResourceTest$PullRelatedTestCase@5900cf40]" classname="com.dotcms.contenttype.test.ContentResourceTest" time="3.966"/>
  <testcase name="testGetContentWithRelatedParameter[3: com.dotcms.contenttype.test.ContentResourceTest$PullRelatedTestCase@351e8c8e]" classname="com.dotcms.contenttype.test.ContentResourceTest" time="3.501"/>
  <testcase name="testGetContentWithRelatedParameter[4: com.dotcms.contenttype.test.ContentResourceTest$PullRelatedTestCase@330d17d0]" classname="com.dotcms.contenttype.test.ContentResourceTest" time="3.583"/>
  <testcase name="test_getContent_SelfRelatedWith3LevelsOfDepth_shouldReturnRelationships" classname="com.dotcms.contenttype.test.ContentResourceTest" time="1.314"/>
  <testcase name="Test_Save_Action_Send_Fields_SubSet_Issue_15340" classname="com.dotcms.contenttype.test.ContentResourceTest" time="2.771"/>
  <testcase name="test_getContent_shouldReturnRelationships[0: com.dotcms.contenttype.test.ContentResourceTest$TestCase@1f824922]" classname="com.dotcms.contenttype.test.ContentResourceTest" time="2.908"/>
  <testcase name="test_getContent_shouldReturnRelationships[1: com.dotcms.contenttype.test.ContentResourceTest$TestCase@4027ff5d]" classname="com.dotcms.contenttype.test.ContentResourceTest" time="2.913"/>
  <testcase name="test_getContent_shouldReturnRelationships[2: com.dotcms.contenttype.test.ContentResourceTest$TestCase@19c612b]" classname="com.dotcms.contenttype.test.ContentResourceTest" time="2.842"/>
  <testcase name="test_getContent_shouldReturnRelationships[3: com.dotcms.contenttype.test.ContentResourceTest$TestCase@5af4455f]" classname="com.dotcms.contenttype.test.ContentResourceTest" time="3.023"/>
  <testcase name="test_getContent_shouldReturnRelationships[4: com.dotcms.contenttype.test.ContentResourceTest$TestCase@5732cc7a]" classname="com.dotcms.contenttype.test.ContentResourceTest" time="3.099"/>
  <testcase name="test_getContent_shouldReturnRelationships[5: com.dotcms.contenttype.test.ContentResourceTest$TestCase@28101cd6]" classname="com.dotcms.contenttype.test.ContentResourceTest" time="2.816"/>
  <testcase name="test_getContent_shouldReturnRelationships[6: com.dotcms.contenttype.test.ContentResourceTest$TestCase@4a67b5c6]" classname="com.dotcms.contenttype.test.ContentResourceTest" time="2.862"/>
  <testcase name="test_getContent_shouldReturnRelationships[7: com.dotcms.contenttype.test.ContentResourceTest$TestCase@32c1cf68]" classname="com.dotcms.contenttype.test.ContentResourceTest" time="1.803"/>
  <testcase name="test_getContent_shouldReturnRelationships[8: com.dotcms.contenttype.test.ContentResourceTest$TestCase@73d19456]" classname="com.dotcms.contenttype.test.ContentResourceTest" time="2.966"/>
  <testcase name="test_getContent_shouldReturnRelationships[9: com.dotcms.contenttype.test.ContentResourceTest$TestCase@5b8fd056]" classname="com.dotcms.contenttype.test.ContentResourceTest" time="3.019"/>
  <testcase name="test_getContent_shouldReturnRelationships[10: com.dotcms.contenttype.test.ContentResourceTest$TestCase@2cb19764]" classname="com.dotcms.contenttype.test.ContentResourceTest" time="2.794"/>
  <testcase name="test_getContent_shouldReturnRelationships[11: com.dotcms.contenttype.test.ContentResourceTest$TestCase@10b7b715]" classname="com.dotcms.contenttype.test.ContentResourceTest" time="2.728"/>
  <testcase name="test_getContent_shouldReturnRelationships[12: com.dotcms.contenttype.test.ContentResourceTest$TestCase@6fbbe271]" classname="com.dotcms.contenttype.test.ContentResourceTest" time="2.949"/>
  <testcase name="test_getContent_shouldReturnRelationships[13: com.dotcms.contenttype.test.ContentResourceTest$TestCase@4a9382b0]" classname="com.dotcms.contenttype.test.ContentResourceTest" time="2.934"/>
  <testcase name="test_getContent_shouldReturnRelationships[14: com.dotcms.contenttype.test.ContentResourceTest$TestCase@6ab93631]" classname="com.dotcms.contenttype.test.ContentResourceTest" time="2.839"/>
  <testcase name="test_getContent_shouldReturnRelationships[15: com.dotcms.contenttype.test.ContentResourceTest$TestCase@471b2b6c]" classname="com.dotcms.contenttype.test.ContentResourceTest" time="3.812"/>
  <testcase name="test_getContent_shouldReturnRelationships[16: com.dotcms.contenttype.test.ContentResourceTest$TestCase@7703f194]" classname="com.dotcms.contenttype.test.ContentResourceTest" time="3.732"/>
  <testcase name="test_getContent_shouldReturnRelationships[17: com.dotcms.contenttype.test.ContentResourceTest$TestCase@21537bc6]" classname="com.dotcms.contenttype.test.ContentResourceTest" time="1.968"/>
  <testcase name="test_getContent_shouldReturnRelationships[18: com.dotcms.contenttype.test.ContentResourceTest$TestCase@2f8d963]" classname="com.dotcms.contenttype.test.ContentResourceTest" time="3.037"/>
  <testcase name="test_getContent_shouldReturnRelationships[19: com.dotcms.contenttype.test.ContentResourceTest$TestCase@1ca6d21b]" classname="com.dotcms.contenttype.test.ContentResourceTest" time="3.044"/>
  <testcase name="test_getContent_shouldReturnRelationships[20: com.dotcms.contenttype.test.ContentResourceTest$TestCase@74410f4a]" classname="com.dotcms.contenttype.test.ContentResourceTest" time="2.185"/>
  <testcase name="test_getContent_shouldReturnRelationships[21: com.dotcms.contenttype.test.ContentResourceTest$TestCase@4ef6c74f]" classname="com.dotcms.contenttype.test.ContentResourceTest" time="3.235"/>
  <testcase name="test_getContent_shouldReturnRelationships[22: com.dotcms.contenttype.test.ContentResourceTest$TestCase@a013c33]" classname="com.dotcms.contenttype.test.ContentResourceTest" time="3.024"/>
  <testcase name="test_getContent_shouldReturnRelationships[23: com.dotcms.contenttype.test.ContentResourceTest$TestCase@201d1162]" classname="com.dotcms.contenttype.test.ContentResourceTest" time="3.132"/>
  <testcase name="test_getContent_shouldReturnRelationships[24: com.dotcms.contenttype.test.ContentResourceTest$TestCase@5c5a6174]" classname="com.dotcms.contenttype.test.ContentResourceTest" time="2.04"/>
  <testcase name="test_getContent_shouldReturnRelationships[25: com.dotcms.contenttype.test.ContentResourceTest$TestCase@246e090f]" classname="com.dotcms.contenttype.test.ContentResourceTest" time="3.245"/>
  <testcase name="test_getContent_shouldReturnRelationships[26: com.dotcms.contenttype.test.ContentResourceTest$TestCase@270d4915]" classname="com.dotcms.contenttype.test.ContentResourceTest" time="3.285"/>
  <testcase name="test_getContent_shouldReturnRelationships[27: com.dotcms.contenttype.test.ContentResourceTest$TestCase@6fd3ca97]" classname="com.dotcms.contenttype.test.ContentResourceTest" time="2.922"/>
  <testcase name="test_getContent_shouldReturnRelationships[28: com.dotcms.contenttype.test.ContentResourceTest$TestCase@608d47d8]" classname="com.dotcms.contenttype.test.ContentResourceTest" time="2.858"/>
  <testcase name="test_getContent_shouldReturnRelationships[29: com.dotcms.contenttype.test.ContentResourceTest$TestCase@34ff0cb7]" classname="com.dotcms.contenttype.test.ContentResourceTest" time="2.903"/>
  <testcase name="test_getContent_shouldReturnRelationships[30: com.dotcms.contenttype.test.ContentResourceTest$TestCase@7977bedc]" classname="com.dotcms.contenttype.test.ContentResourceTest" time="3.017"/>
  <testcase name="test_getContent_shouldReturnRelationships[31: com.dotcms.contenttype.test.ContentResourceTest$TestCase@8814417]" classname="com.dotcms.contenttype.test.ContentResourceTest" time="3.077"/>
  <testcase name="test_getContent_shouldReturnRelationships[32: com.dotcms.contenttype.test.ContentResourceTest$TestCase@2b87158]" classname="com.dotcms.contenttype.test.ContentResourceTest" time="3.86"/>
  <testcase name="test_getContent_shouldReturnRelationships[33: com.dotcms.contenttype.test.ContentResourceTest$TestCase@4e6e4f0c]" classname="com.dotcms.contenttype.test.ContentResourceTest" time="2.749"/>
  <testcase name="testSinglePOST_InvalidParamsShouldReturn400[0: ({\n    &quot;stInode&quot; : &quot;InvalidValue&quot;,\n    &quot;numeric&quot; : &quot;0&quot;,\n    &quot;image&quot; : &quot;whatever&quot;\n}, Bad Request)]" classname="com.dotcms.contenttype.test.ContentResourceTest" time="0.902"/>
  <testcase name="testSinglePOST_InvalidParamsShouldReturn400[1: ({\n    &quot;numeric&quot; : &quot;0&quot;,\n    &quot;image&quot; : &quot;whatever&quot;\n}, Bad Request)]" classname="com.dotcms.contenttype.test.ContentResourceTest" time="0.865"/>
  <testcase name="Test_Save_Action_Set_Null_To_Required_NumericField_Issue_15340" classname="com.dotcms.contenttype.test.ContentResourceTest" time="0.848"/>
  <testcase name="Test_Save_Action_Remove_Image_Then_Verify_Fields_Were_Cleared_Issue_15340" classname="com.dotcms.contenttype.test.ContentResourceTest" time="3.646"/>
  <testcase name="test_getContentWithMultipleSelfRelated_shouldReturnRelationships[0: com.dotcms.contenttype.test.ContentResourceTest$PullSelfRelatedTestCase@888d5ed]" classname="com.dotcms.contenttype.test.ContentResourceTest" time="1.677"/>
  <testcase name="test_getContentWithMultipleSelfRelated_shouldReturnRelationships[1: com.dotcms.contenttype.test.ContentResourceTest$PullSelfRelatedTestCase@49fb5715]" classname="com.dotcms.contenttype.test.ContentResourceTest" time="1.622"/>
  <testcase name="testGetContentWithAllCategoriesInfo[0: json]" classname="com.dotcms.contenttype.test.ContentResourceTest" time="2.429"/>
  <testcase name="testGetContentWithAllCategoriesInfo[1: xml]" classname="com.dotcms.contenttype.test.ContentResourceTest" time="2.406"/>
  <system-out><![CDATA[











]]></system-out>
  <system-err><![CDATA[]]></system-err>
</testsuite>
