<?xml version="1.0" encoding="UTF-8"?>
<testsuite name="com.dotcms.rendering.velocity.viewtools.content.util.ContentUtilsTest" tests="89" skipped="0" failures="0" errors="0" timestamp="2023-06-27T19:26:59" hostname="fv-az412-684" time="404.986">
  <properties/>
  <testcase name="whenTheTimeMachineDateIsNullAndPublishDateInFutureShouldNotReturnAnything" classname="com.dotcms.rendering.velocity.viewtools.content.util.ContentUtilsTest" time="3.4"/>
  <testcase name="test_find_multilingual_contentlet_getContentletSuccessfully" classname="com.dotcms.rendering.velocity.viewtools.content.util.ContentUtilsTest" time="1.718"/>
  <testcase name="whenTheTimeMachineDateAndPublishDateAreTomorrowShouldReturnOneContent" classname="com.dotcms.rendering.velocity.viewtools.content.util.ContentUtilsTest" time="3.404"/>
  <testcase name="testPullRelated[0: com.dotcms.rendering.velocity.viewtools.content.util.ContentUtilsTest$TestCase@3a7569c6]" classname="com.dotcms.rendering.velocity.viewtools.content.util.ContentUtilsTest" time="4.434"/>
  <testcase name="testPullRelated[1: com.dotcms.rendering.velocity.viewtools.content.util.ContentUtilsTest$TestCase@de18541]" classname="com.dotcms.rendering.velocity.viewtools.content.util.ContentUtilsTest" time="4.028"/>
  <testcase name="testPullRelated[2: com.dotcms.rendering.velocity.viewtools.content.util.ContentUtilsTest$TestCase@48874c4a]" classname="com.dotcms.rendering.velocity.viewtools.content.util.ContentUtilsTest" time="4.02"/>
  <testcase name="testPullRelated[3: com.dotcms.rendering.velocity.viewtools.content.util.ContentUtilsTest$TestCase@55526d70]" classname="com.dotcms.rendering.velocity.viewtools.content.util.ContentUtilsTest" time="4.033"/>
  <testcase name="testPullRelated[4: com.dotcms.rendering.velocity.viewtools.content.util.ContentUtilsTest$TestCase@44780545]" classname="com.dotcms.rendering.velocity.viewtools.content.util.ContentUtilsTest" time="3.064"/>
  <testcase name="testPullRelated[5: com.dotcms.rendering.velocity.viewtools.content.util.ContentUtilsTest$TestCase@45324b06]" classname="com.dotcms.rendering.velocity.viewtools.content.util.ContentUtilsTest" time="4.004"/>
  <testcase name="testPullRelated[6: com.dotcms.rendering.velocity.viewtools.content.util.ContentUtilsTest$TestCase@3725aaf6]" classname="com.dotcms.rendering.velocity.viewtools.content.util.ContentUtilsTest" time="3.099"/>
  <testcase name="testPullRelated[7: com.dotcms.rendering.velocity.viewtools.content.util.ContentUtilsTest$TestCase@71da788f]" classname="com.dotcms.rendering.velocity.viewtools.content.util.ContentUtilsTest" time="4.534"/>
  <testcase name="testPullRelated[8: com.dotcms.rendering.velocity.viewtools.content.util.ContentUtilsTest$TestCase@750c19dc]" classname="com.dotcms.rendering.velocity.viewtools.content.util.ContentUtilsTest" time="2.571"/>
  <testcase name="testPullRelated[9: com.dotcms.rendering.velocity.viewtools.content.util.ContentUtilsTest$TestCase@22310600]" classname="com.dotcms.rendering.velocity.viewtools.content.util.ContentUtilsTest" time="4.091"/>
  <testcase name="testPullRelated[10: com.dotcms.rendering.velocity.viewtools.content.util.ContentUtilsTest$TestCase@38596aaa]" classname="com.dotcms.rendering.velocity.viewtools.content.util.ContentUtilsTest" time="3.099"/>
  <testcase name="testPullRelated[11: com.dotcms.rendering.velocity.viewtools.content.util.ContentUtilsTest$TestCase@1a65732e]" classname="com.dotcms.rendering.velocity.viewtools.content.util.ContentUtilsTest" time="4.173"/>
  <testcase name="testPullRelated[12: com.dotcms.rendering.velocity.viewtools.content.util.ContentUtilsTest$TestCase@fb24b47]" classname="com.dotcms.rendering.velocity.viewtools.content.util.ContentUtilsTest" time="3.848"/>
  <testcase name="testPullRelated[13: com.dotcms.rendering.velocity.viewtools.content.util.ContentUtilsTest$TestCase@25194db7]" classname="com.dotcms.rendering.velocity.viewtools.content.util.ContentUtilsTest" time="3.952"/>
  <testcase name="testPullRelated[14: com.dotcms.rendering.velocity.viewtools.content.util.ContentUtilsTest$TestCase@56e66f84]" classname="com.dotcms.rendering.velocity.viewtools.content.util.ContentUtilsTest" time="3.228"/>
  <testcase name="testPullRelated[15: com.dotcms.rendering.velocity.viewtools.content.util.ContentUtilsTest$TestCase@672b9a75]" classname="com.dotcms.rendering.velocity.viewtools.content.util.ContentUtilsTest" time="3.097"/>
  <testcase name="testPullRelated[16: com.dotcms.rendering.velocity.viewtools.content.util.ContentUtilsTest$TestCase@7a5e0da4]" classname="com.dotcms.rendering.velocity.viewtools.content.util.ContentUtilsTest" time="3.988"/>
  <testcase name="testPullRelated[17: com.dotcms.rendering.velocity.viewtools.content.util.ContentUtilsTest$TestCase@154593ad]" classname="com.dotcms.rendering.velocity.viewtools.content.util.ContentUtilsTest" time="4.082"/>
  <testcase name="testPullRelated[18: com.dotcms.rendering.velocity.viewtools.content.util.ContentUtilsTest$TestCase@70ba54ce]" classname="com.dotcms.rendering.velocity.viewtools.content.util.ContentUtilsTest" time="4.316"/>
  <testcase name="testPullRelated[19: com.dotcms.rendering.velocity.viewtools.content.util.ContentUtilsTest$TestCase@4b79809e]" classname="com.dotcms.rendering.velocity.viewtools.content.util.ContentUtilsTest" time="3.733"/>
  <testcase name="testPullRelated[20: com.dotcms.rendering.velocity.viewtools.content.util.ContentUtilsTest$TestCase@41408778]" classname="com.dotcms.rendering.velocity.viewtools.content.util.ContentUtilsTest" time="4.163"/>
  <testcase name="testPullRelated[21: com.dotcms.rendering.velocity.viewtools.content.util.ContentUtilsTest$TestCase@7821bc06]" classname="com.dotcms.rendering.velocity.viewtools.content.util.ContentUtilsTest" time="3.932"/>
  <testcase name="testPullRelated[22: com.dotcms.rendering.velocity.viewtools.content.util.ContentUtilsTest$TestCase@5a1f8be8]" classname="com.dotcms.rendering.velocity.viewtools.content.util.ContentUtilsTest" time="4.257"/>
  <testcase name="testPullRelated[23: com.dotcms.rendering.velocity.viewtools.content.util.ContentUtilsTest$TestCase@5d658d45]" classname="com.dotcms.rendering.velocity.viewtools.content.util.ContentUtilsTest" time="3.09"/>
  <testcase name="testPullRelated[24: com.dotcms.rendering.velocity.viewtools.content.util.ContentUtilsTest$TestCase@18dbbad6]" classname="com.dotcms.rendering.velocity.viewtools.content.util.ContentUtilsTest" time="3.981"/>
  <testcase name="testPullRelated[25: com.dotcms.rendering.velocity.viewtools.content.util.ContentUtilsTest$TestCase@6d6fe447]" classname="com.dotcms.rendering.velocity.viewtools.content.util.ContentUtilsTest" time="4.291"/>
  <testcase name="testPullRelated[26: com.dotcms.rendering.velocity.viewtools.content.util.ContentUtilsTest$TestCase@4b8972c9]" classname="com.dotcms.rendering.velocity.viewtools.content.util.ContentUtilsTest" time="2.899"/>
  <testcase name="testPullRelated[27: com.dotcms.rendering.velocity.viewtools.content.util.ContentUtilsTest$TestCase@3af7d158]" classname="com.dotcms.rendering.velocity.viewtools.content.util.ContentUtilsTest" time="3.042"/>
  <testcase name="testPullRelated[28: com.dotcms.rendering.velocity.viewtools.content.util.ContentUtilsTest$TestCase@7fbfd1da]" classname="com.dotcms.rendering.velocity.viewtools.content.util.ContentUtilsTest" time="3.936"/>
  <testcase name="testPullRelated[29: com.dotcms.rendering.velocity.viewtools.content.util.ContentUtilsTest$TestCase@6d604fb6]" classname="com.dotcms.rendering.velocity.viewtools.content.util.ContentUtilsTest" time="3.182"/>
  <testcase name="testPullRelated[30: com.dotcms.rendering.velocity.viewtools.content.util.ContentUtilsTest$TestCase@6d7f77e9]" classname="com.dotcms.rendering.velocity.viewtools.content.util.ContentUtilsTest" time="3.867"/>
  <testcase name="testPullRelated[31: com.dotcms.rendering.velocity.viewtools.content.util.ContentUtilsTest$TestCase@6986060f]" classname="com.dotcms.rendering.velocity.viewtools.content.util.ContentUtilsTest" time="4.412"/>
  <testcase name="testPullRelated[32: com.dotcms.rendering.velocity.viewtools.content.util.ContentUtilsTest$TestCase@68363be4]" classname="com.dotcms.rendering.velocity.viewtools.content.util.ContentUtilsTest" time="3.769"/>
  <testcase name="testPullRelated[33: com.dotcms.rendering.velocity.viewtools.content.util.ContentUtilsTest$TestCase@7c4c4ab]" classname="com.dotcms.rendering.velocity.viewtools.content.util.ContentUtilsTest" time="4.377"/>
  <testcase name="testPullRelated[34: com.dotcms.rendering.velocity.viewtools.content.util.ContentUtilsTest$TestCase@11123b85]" classname="com.dotcms.rendering.velocity.viewtools.content.util.ContentUtilsTest" time="4.074"/>
  <testcase name="testPullRelated[35: com.dotcms.rendering.velocity.viewtools.content.util.ContentUtilsTest$TestCase@48fdf1d6]" classname="com.dotcms.rendering.velocity.viewtools.content.util.ContentUtilsTest" time="4.259"/>
  <testcase name="testPullRelated[36: com.dotcms.rendering.velocity.viewtools.content.util.ContentUtilsTest$TestCase@114d0a36]" classname="com.dotcms.rendering.velocity.viewtools.content.util.ContentUtilsTest" time="5.619"/>
  <testcase name="testPullRelated[37: com.dotcms.rendering.velocity.viewtools.content.util.ContentUtilsTest$TestCase@308d7528]" classname="com.dotcms.rendering.velocity.viewtools.content.util.ContentUtilsTest" time="6.273"/>
  <testcase name="testPullRelated[38: com.dotcms.rendering.velocity.viewtools.content.util.ContentUtilsTest$TestCase@30c3aeaf]" classname="com.dotcms.rendering.velocity.viewtools.content.util.ContentUtilsTest" time="6.305"/>
  <testcase name="testPullRelated[39: com.dotcms.rendering.velocity.viewtools.content.util.ContentUtilsTest$TestCase@17178a20]" classname="com.dotcms.rendering.velocity.viewtools.content.util.ContentUtilsTest" time="5.866"/>
  <testcase name="testPullRelated[40: com.dotcms.rendering.velocity.viewtools.content.util.ContentUtilsTest$TestCase@6e722e4e]" classname="com.dotcms.rendering.velocity.viewtools.content.util.ContentUtilsTest" time="5.414"/>
  <testcase name="testPullRelated[41: com.dotcms.rendering.velocity.viewtools.content.util.ContentUtilsTest$TestCase@350d329d]" classname="com.dotcms.rendering.velocity.viewtools.content.util.ContentUtilsTest" time="5.979"/>
  <testcase name="testPullRelated[42: com.dotcms.rendering.velocity.viewtools.content.util.ContentUtilsTest$TestCase@18165445]" classname="com.dotcms.rendering.velocity.viewtools.content.util.ContentUtilsTest" time="5.161"/>
  <testcase name="testPullRelated[43: com.dotcms.rendering.velocity.viewtools.content.util.ContentUtilsTest$TestCase@33fb8bed]" classname="com.dotcms.rendering.velocity.viewtools.content.util.ContentUtilsTest" time="6.37"/>
  <testcase name="testPullRelated[44: com.dotcms.rendering.velocity.viewtools.content.util.ContentUtilsTest$TestCase@4c04d382]" classname="com.dotcms.rendering.velocity.viewtools.content.util.ContentUtilsTest" time="6.096"/>
  <testcase name="testPullRelated[45: com.dotcms.rendering.velocity.viewtools.content.util.ContentUtilsTest$TestCase@10c18945]" classname="com.dotcms.rendering.velocity.viewtools.content.util.ContentUtilsTest" time="5.663"/>
  <testcase name="testPullRelated[46: com.dotcms.rendering.velocity.viewtools.content.util.ContentUtilsTest$TestCase@3a5f5364]" classname="com.dotcms.rendering.velocity.viewtools.content.util.ContentUtilsTest" time="6.368"/>
  <testcase name="testPullRelated[47: com.dotcms.rendering.velocity.viewtools.content.util.ContentUtilsTest$TestCase@55140321]" classname="com.dotcms.rendering.velocity.viewtools.content.util.ContentUtilsTest" time="6.093"/>
  <testcase name="testPullRelated[48: com.dotcms.rendering.velocity.viewtools.content.util.ContentUtilsTest$TestCase@3f6652c2]" classname="com.dotcms.rendering.velocity.viewtools.content.util.ContentUtilsTest" time="6.057"/>
  <testcase name="testPullRelated[49: com.dotcms.rendering.velocity.viewtools.content.util.ContentUtilsTest$TestCase@23716fca]" classname="com.dotcms.rendering.velocity.viewtools.content.util.ContentUtilsTest" time="6.091"/>
  <testcase name="testPullRelated[50: com.dotcms.rendering.velocity.viewtools.content.util.ContentUtilsTest$TestCase@63f5dcb3]" classname="com.dotcms.rendering.velocity.viewtools.content.util.ContentUtilsTest" time="6.147"/>
  <testcase name="testPullRelated[51: com.dotcms.rendering.velocity.viewtools.content.util.ContentUtilsTest$TestCase@160dd6e7]" classname="com.dotcms.rendering.velocity.viewtools.content.util.ContentUtilsTest" time="5.992"/>
  <testcase name="testPullRelated[52: com.dotcms.rendering.velocity.viewtools.content.util.ContentUtilsTest$TestCase@1b7076a6]" classname="com.dotcms.rendering.velocity.viewtools.content.util.ContentUtilsTest" time="6.337"/>
  <testcase name="testPullRelated[53: com.dotcms.rendering.velocity.viewtools.content.util.ContentUtilsTest$TestCase@33d7453d]" classname="com.dotcms.rendering.velocity.viewtools.content.util.ContentUtilsTest" time="5.891"/>
  <testcase name="testPullRelated[54: com.dotcms.rendering.velocity.viewtools.content.util.ContentUtilsTest$TestCase@7e0a07b0]" classname="com.dotcms.rendering.velocity.viewtools.content.util.ContentUtilsTest" time="6.246"/>
  <testcase name="testPullRelated[55: com.dotcms.rendering.velocity.viewtools.content.util.ContentUtilsTest$TestCase@6485c78]" classname="com.dotcms.rendering.velocity.viewtools.content.util.ContentUtilsTest" time="6.111"/>
  <testcase name="testPullRelated[56: com.dotcms.rendering.velocity.viewtools.content.util.ContentUtilsTest$TestCase@1e15cf51]" classname="com.dotcms.rendering.velocity.viewtools.content.util.ContentUtilsTest" time="5.974"/>
  <testcase name="testPullRelated[57: com.dotcms.rendering.velocity.viewtools.content.util.ContentUtilsTest$TestCase@17e29f03]" classname="com.dotcms.rendering.velocity.viewtools.content.util.ContentUtilsTest" time="6.095"/>
  <testcase name="testPullRelated[58: com.dotcms.rendering.velocity.viewtools.content.util.ContentUtilsTest$TestCase@39fb2dc8]" classname="com.dotcms.rendering.velocity.viewtools.content.util.ContentUtilsTest" time="6.227"/>
  <testcase name="testPullRelated[59: com.dotcms.rendering.velocity.viewtools.content.util.ContentUtilsTest$TestCase@7d941d13]" classname="com.dotcms.rendering.velocity.viewtools.content.util.ContentUtilsTest" time="6.085"/>
  <testcase name="testPullRelated[60: com.dotcms.rendering.velocity.viewtools.content.util.ContentUtilsTest$TestCase@4d4b2ab7]" classname="com.dotcms.rendering.velocity.viewtools.content.util.ContentUtilsTest" time="6.199"/>
  <testcase name="testPullRelated[61: com.dotcms.rendering.velocity.viewtools.content.util.ContentUtilsTest$TestCase@4e52be9a]" classname="com.dotcms.rendering.velocity.viewtools.content.util.ContentUtilsTest" time="5.739"/>
  <testcase name="testPullRelated[62: com.dotcms.rendering.velocity.viewtools.content.util.ContentUtilsTest$TestCase@2e274ff5]" classname="com.dotcms.rendering.velocity.viewtools.content.util.ContentUtilsTest" time="6.498"/>
  <testcase name="testPullRelated[63: com.dotcms.rendering.velocity.viewtools.content.util.ContentUtilsTest$TestCase@7306a3a7]" classname="com.dotcms.rendering.velocity.viewtools.content.util.ContentUtilsTest" time="6.184"/>
  <testcase name="testPullRelated[64: com.dotcms.rendering.velocity.viewtools.content.util.ContentUtilsTest$TestCase@670c31e2]" classname="com.dotcms.rendering.velocity.viewtools.content.util.ContentUtilsTest" time="6.034"/>
  <testcase name="testPullRelated[65: com.dotcms.rendering.velocity.viewtools.content.util.ContentUtilsTest$TestCase@3c71e5f7]" classname="com.dotcms.rendering.velocity.viewtools.content.util.ContentUtilsTest" time="5.883"/>
  <testcase name="testPullRelated[66: com.dotcms.rendering.velocity.viewtools.content.util.ContentUtilsTest$TestCase@28bd5d6b]" classname="com.dotcms.rendering.velocity.viewtools.content.util.ContentUtilsTest" time="5.468"/>
  <testcase name="testPullRelated[67: com.dotcms.rendering.velocity.viewtools.content.util.ContentUtilsTest$TestCase@6e60c840]" classname="com.dotcms.rendering.velocity.viewtools.content.util.ContentUtilsTest" time="5.832"/>
  <testcase name="testPullRelated[68: com.dotcms.rendering.velocity.viewtools.content.util.ContentUtilsTest$TestCase@6865674f]" classname="com.dotcms.rendering.velocity.viewtools.content.util.ContentUtilsTest" time="6.166"/>
  <testcase name="testPullRelated[69: com.dotcms.rendering.velocity.viewtools.content.util.ContentUtilsTest$TestCase@5b8879e9]" classname="com.dotcms.rendering.velocity.viewtools.content.util.ContentUtilsTest" time="6.018"/>
  <testcase name="testPullRelated[70: com.dotcms.rendering.velocity.viewtools.content.util.ContentUtilsTest$TestCase@199c21f6]" classname="com.dotcms.rendering.velocity.viewtools.content.util.ContentUtilsTest" time="6.011"/>
  <testcase name="testPullRelated[71: com.dotcms.rendering.velocity.viewtools.content.util.ContentUtilsTest$TestCase@71d6c84d]" classname="com.dotcms.rendering.velocity.viewtools.content.util.ContentUtilsTest" time="6.389"/>
  <testcase name="whenPublishAndExpireDatesAreInTheFutureAndTimeMachineIsAfterBoth" classname="com.dotcms.rendering.velocity.viewtools.content.util.ContentUtilsTest" time="3.449"/>
  <testcase name="testPullRelatedForLegacyRelationship[0: com.dotcms.rendering.velocity.viewtools.content.util.ContentUtilsTest$LegacyTestCase@324a8627]" classname="com.dotcms.rendering.velocity.viewtools.content.util.ContentUtilsTest" time="4.067"/>
  <testcase name="testPullRelatedForLegacyRelationship[1: com.dotcms.rendering.velocity.viewtools.content.util.ContentUtilsTest$LegacyTestCase@2a15e6b6]" classname="com.dotcms.rendering.velocity.viewtools.content.util.ContentUtilsTest" time="4.098"/>
  <testcase name="whenTheTimeMachineDateIsAfterTomorrowAndExpireDateIsTomorrowShouldNotReturnContent" classname="com.dotcms.rendering.velocity.viewtools.content.util.ContentUtilsTest" time="3.526"/>
  <testcase name="testPullLiveRelatedWhenLatestVersionIsWorking" classname="com.dotcms.rendering.velocity.viewtools.content.util.ContentUtilsTest" time="4.486"/>
  <testcase name="test_add_relationships_on_parent_children_related_contents" classname="com.dotcms.rendering.velocity.viewtools.content.util.ContentUtilsTest" time="1.604"/>
  <testcase name="testSortPullRelated[0: com.dotcms.rendering.velocity.viewtools.content.util.ContentUtilsTest$SortTestCase@527ef193]" classname="com.dotcms.rendering.velocity.viewtools.content.util.ContentUtilsTest" time="2.982"/>
  <testcase name="testSortPullRelated[1: com.dotcms.rendering.velocity.viewtools.content.util.ContentUtilsTest$SortTestCase@152dcf31]" classname="com.dotcms.rendering.velocity.viewtools.content.util.ContentUtilsTest" time="2.191"/>
  <testcase name="testSortPullRelated[2: com.dotcms.rendering.velocity.viewtools.content.util.ContentUtilsTest$SortTestCase@73b0180d]" classname="com.dotcms.rendering.velocity.viewtools.content.util.ContentUtilsTest" time="1.956"/>
  <testcase name="testSortPullRelated[3: com.dotcms.rendering.velocity.viewtools.content.util.ContentUtilsTest$SortTestCase@7695609b]" classname="com.dotcms.rendering.velocity.viewtools.content.util.ContentUtilsTest" time="3.276"/>
  <testcase name="testSortPullRelated[4: com.dotcms.rendering.velocity.viewtools.content.util.ContentUtilsTest$SortTestCase@53c2f5b3]" classname="com.dotcms.rendering.velocity.viewtools.content.util.ContentUtilsTest" time="1.855"/>
  <testcase name="testSortPullRelated[5: com.dotcms.rendering.velocity.viewtools.content.util.ContentUtilsTest$SortTestCase@286dfcbd]" classname="com.dotcms.rendering.velocity.viewtools.content.util.ContentUtilsTest" time="3.073"/>
  <testcase name="whenTheTimeMachineDateIsAfterTomorrowAndExpireDateIsInFutureShouldReturnContent" classname="com.dotcms.rendering.velocity.viewtools.content.util.ContentUtilsTest" time="3.499"/>
  <testcase name="testPullRelatedFieldShouldRespectDefaultOrder" classname="com.dotcms.rendering.velocity.viewtools.content.util.ContentUtilsTest" time="2.592"/>
  <system-out><![CDATA[]]></system-out>
  <system-err><![CDATA[]]></system-err>
</testsuite>
