<?xml version="1.0" encoding="UTF-8"?>
<testsuite name="com.dotcms.enterprise.priv.ESSearchProxyTest" tests="3" skipped="0" failures="0" errors="0" timestamp="2023-07-19T05:59:43" hostname="fv-az1231-779" time="3.048">
  <properties/>
  <testcase name="test_esSearch_WithoutLicense_Success" classname="com.dotcms.enterprise.priv.ESSearchProxyTest" time="0.044"/>
  <testcase name="test_esSearch_WithLicense_Success" classname="com.dotcms.enterprise.priv.ESSearchProxyTest" time="0.011"/>
  <testcase name="test_esSearch_WithDates_Success" classname="com.dotcms.enterprise.priv.ESSearchProxyTest" time="2.992"/>
  <system-out><![CDATA[]]></system-out>
  <system-err><![CDATA[]]></system-err>
</testsuite>
