<?xml version="1.0" encoding="UTF-8"?>
<testsuite name="com.dotmarketing.startup.runonce.Task220822CreateVariantTableTest" tests="4" skipped="0" failures="0" errors="0" timestamp="2023-07-19T16:30:08" hostname="fv-az218-51" time="0.027">
  <properties/>
  <testcase name="nameDuplicated" classname="com.dotmarketing.startup.runonce.Task220822CreateVariantTableTest" time="0.008"/>
  <testcase name="createVariantTable" classname="com.dotmarketing.startup.runonce.Task220822CreateVariantTableTest" time="0.008"/>
  <testcase name="descriptionDuplicated" classname="com.dotmarketing.startup.runonce.Task220822CreateVariantTableTest" time="0.005"/>
  <testcase name="runTUTwice" classname="com.dotmarketing.startup.runonce.Task220822CreateVariantTableTest" time="0.006"/>
  <system-out><![CDATA[]]></system-out>
  <system-err><![CDATA[]]></system-err>
</testsuite>
