<?xml version="1.0" encoding="UTF-8"?>
<testsuite name="com.dotmarketing.portlets.structure.model.ContentletRelationshipsTest" tests="7" skipped="0" failures="0" errors="0" timestamp="2023-07-01T03:19:33" hostname="fv-az842-282" time="8.274">
  <properties/>
  <testcase name="testDoesAllowOnlyOne[0: com.dotmarketing.portlets.structure.model.ContentletRelationshipsTest$CardinalityTestCase@39a18afe]" classname="com.dotmarketing.portlets.structure.model.ContentletRelationshipsTest" time="0.566"/>
  <testcase name="testDoesAllowOnlyOne[1: com.dotmarketing.portlets.structure.model.ContentletRelationshipsTest$CardinalityTestCase@5eac417c]" classname="com.dotmarketing.portlets.structure.model.ContentletRelationshipsTest" time="0.63"/>
  <testcase name="testDoesAllowOnlyOne[2: com.dotmarketing.portlets.structure.model.ContentletRelationshipsTest$CardinalityTestCase@792d3dff]" classname="com.dotmarketing.portlets.structure.model.ContentletRelationshipsTest" time="0.583"/>
  <testcase name="testGetRelationshipRecords[0: com.dotmarketing.portlets.structure.model.ContentletRelationshipsTest$TestCase@1b1e128a]" classname="com.dotmarketing.portlets.structure.model.ContentletRelationshipsTest" time="2.229"/>
  <testcase name="testGetRelationshipRecords[1: com.dotmarketing.portlets.structure.model.ContentletRelationshipsTest$TestCase@2e5d8d6d]" classname="com.dotmarketing.portlets.structure.model.ContentletRelationshipsTest" time="2.168"/>
  <testcase name="testGetRelationshipRecords[2: com.dotmarketing.portlets.structure.model.ContentletRelationshipsTest$TestCase@12c68e7b]" classname="com.dotmarketing.portlets.structure.model.ContentletRelationshipsTest" time="1.02"/>
  <testcase name="testGetRelationshipRecords[3: com.dotmarketing.portlets.structure.model.ContentletRelationshipsTest$TestCase@2948b19]" classname="com.dotmarketing.portlets.structure.model.ContentletRelationshipsTest" time="1.077"/>
  <system-out><![CDATA[]]></system-out>
  <system-err><![CDATA[]]></system-err>
</testsuite>
