<?xml version="1.0" encoding="UTF-8"?>
<testsuite name="com.dotcms.rest.api.v1.vtl.VTLResourceIntegrationTest" tests="6" skipped="0" failures="0" errors="0" timestamp="2023-06-28T17:52:31" hostname="fv-az255-362" time="14.164">
  <properties/>
  <testcase name="testGet[0: com.dotcms.rest.api.v1.vtl.VTLResourceTestCase@1a3afa21]" classname="com.dotcms.rest.api.v1.vtl.VTLResourceIntegrationTest" time="2.298"/>
  <testcase name="testGet[1: com.dotcms.rest.api.v1.vtl.VTLResourceTestCase@10c9f69c]" classname="com.dotcms.rest.api.v1.vtl.VTLResourceIntegrationTest" time="2.777"/>
  <testcase name="testGet[2: com.dotcms.rest.api.v1.vtl.VTLResourceTestCase@456afe7e]" classname="com.dotcms.rest.api.v1.vtl.VTLResourceIntegrationTest" time="2.13"/>
  <testcase name="testGet[3: com.dotcms.rest.api.v1.vtl.VTLResourceTestCase@49be8e3d]" classname="com.dotcms.rest.api.v1.vtl.VTLResourceIntegrationTest" time="2.179"/>
  <testcase name="testGet[4: com.dotcms.rest.api.v1.vtl.VTLResourceTestCase@4188ed9]" classname="com.dotcms.rest.api.v1.vtl.VTLResourceIntegrationTest" time="2.744"/>
  <testcase name="testGet[5: com.dotcms.rest.api.v1.vtl.VTLResourceTestCase@5bbaf5d0]" classname="com.dotcms.rest.api.v1.vtl.VTLResourceIntegrationTest" time="2.035"/>
  <system-out><![CDATA[]]></system-out>
  <system-err><![CDATA[]]></system-err>
</testsuite>
