<?xml version="1.0" encoding="UTF-8"?>
<testsuite name="com.dotmarketing.portlets.fileassets.business.FileAssetFactoryIntegrationTest" tests="5" skipped="0" failures="0" errors="0" timestamp="2023-07-11T16:45:08" hostname="fv-az221-100" time="12.598">
  <properties/>
  <testcase name="shouldReturnOneFile" classname="com.dotmarketing.portlets.fileassets.business.FileAssetFactoryIntegrationTest" time="1.631"/>
  <testcase name="shouldReturnEmptyList" classname="com.dotmarketing.portlets.fileassets.business.FileAssetFactoryIntegrationTest" time="1.801"/>
  <testcase name="shouldReturnTwoFiles" classname="com.dotmarketing.portlets.fileassets.business.FileAssetFactoryIntegrationTest" time="2.701"/>
  <testcase name="whenUserNotHavePermissionOverParentFolder" classname="com.dotmarketing.portlets.fileassets.business.FileAssetFactoryIntegrationTest" time="1.399"/>
  <testcase name="shouldWorkWithAnonymous" classname="com.dotmarketing.portlets.fileassets.business.FileAssetFactoryIntegrationTest" time="5.066"/>
  <system-out><![CDATA[]]></system-out>
  <system-err><![CDATA[]]></system-err>
</testsuite>
