<?xml version="1.0" encoding="UTF-8"?>
<testsuite name="com.dotcms.contenttype.business.ContentTypeInitializerTest" tests="2" skipped="0" failures="0" errors="0" timestamp="2023-06-27T17:43:09" hostname="fv-az206-664" time="3.188">
  <properties/>
  <testcase name="test_system_field" classname="com.dotcms.contenttype.business.ContentTypeInitializerTest" time="3.164"/>
  <testcase name="test_content_type_init" classname="com.dotcms.contenttype.business.ContentTypeInitializerTest" time="0.024"/>
  <system-out><![CDATA[]]></system-out>
  <system-err><![CDATA[]]></system-err>
</testsuite>
