<?xml version="1.0" encoding="UTF-8"?>
<testsuite name="com.dotcms.rest.api.v1.vtl.VTLResourceIntegrationTest" tests="6" skipped="0" failures="0" errors="0" timestamp="2023-06-29T17:41:50" hostname="fv-az571-416" time="11.534">
  <properties/>
  <testcase name="testGet[0: com.dotcms.rest.api.v1.vtl.VTLResourceTestCase@6ca9b7b3]" classname="com.dotcms.rest.api.v1.vtl.VTLResourceIntegrationTest" time="2.741"/>
  <testcase name="testGet[1: com.dotcms.rest.api.v1.vtl.VTLResourceTestCase@10f511e2]" classname="com.dotcms.rest.api.v1.vtl.VTLResourceIntegrationTest" time="0.882"/>
  <testcase name="testGet[2: com.dotcms.rest.api.v1.vtl.VTLResourceTestCase@28d23f1c]" classname="com.dotcms.rest.api.v1.vtl.VTLResourceIntegrationTest" time="1.948"/>
  <testcase name="testGet[3: com.dotcms.rest.api.v1.vtl.VTLResourceTestCase@621744ff]" classname="com.dotcms.rest.api.v1.vtl.VTLResourceIntegrationTest" time="2.111"/>
  <testcase name="testGet[4: com.dotcms.rest.api.v1.vtl.VTLResourceTestCase@43a27321]" classname="com.dotcms.rest.api.v1.vtl.VTLResourceIntegrationTest" time="1.913"/>
  <testcase name="testGet[5: com.dotcms.rest.api.v1.vtl.VTLResourceTestCase@7be010b6]" classname="com.dotcms.rest.api.v1.vtl.VTLResourceIntegrationTest" time="1.939"/>
  <system-out><![CDATA[]]></system-out>
  <system-err><![CDATA[]]></system-err>
</testsuite>
