<?xml version="1.0" encoding="UTF-8"?>
<testsuite name="com.dotmarketing.portlets.structure.model.ContentletRelationshipsTest" tests="7" skipped="0" failures="0" errors="0" timestamp="2023-06-28T20:50:20" hostname="fv-az578-184" time="9.388">
  <properties/>
  <testcase name="testDoesAllowOnlyOne[0: com.dotmarketing.portlets.structure.model.ContentletRelationshipsTest$CardinalityTestCase@4d09fe06]" classname="com.dotmarketing.portlets.structure.model.ContentletRelationshipsTest" time="0.532"/>
  <testcase name="testDoesAllowOnlyOne[1: com.dotmarketing.portlets.structure.model.ContentletRelationshipsTest$CardinalityTestCase@7a8b0029]" classname="com.dotmarketing.portlets.structure.model.ContentletRelationshipsTest" time="0.532"/>
  <testcase name="testDoesAllowOnlyOne[2: com.dotmarketing.portlets.structure.model.ContentletRelationshipsTest$CardinalityTestCase@13a7afd9]" classname="com.dotmarketing.portlets.structure.model.ContentletRelationshipsTest" time="0.494"/>
  <testcase name="testGetRelationshipRecords[0: com.dotmarketing.portlets.structure.model.ContentletRelationshipsTest$TestCase@3b475831]" classname="com.dotmarketing.portlets.structure.model.ContentletRelationshipsTest" time="2.058"/>
  <testcase name="testGetRelationshipRecords[1: com.dotmarketing.portlets.structure.model.ContentletRelationshipsTest$TestCase@393c7891]" classname="com.dotmarketing.portlets.structure.model.ContentletRelationshipsTest" time="1.926"/>
  <testcase name="testGetRelationshipRecords[2: com.dotmarketing.portlets.structure.model.ContentletRelationshipsTest$TestCase@1b94bdd7]" classname="com.dotmarketing.portlets.structure.model.ContentletRelationshipsTest" time="1.985"/>
  <testcase name="testGetRelationshipRecords[3: com.dotmarketing.portlets.structure.model.ContentletRelationshipsTest$TestCase@35e3001b]" classname="com.dotmarketing.portlets.structure.model.ContentletRelationshipsTest" time="1.856"/>
  <system-out><![CDATA[]]></system-out>
  <system-err><![CDATA[]]></system-err>
</testsuite>
