<?xml version="1.0" encoding="UTF-8"?>
<testsuite name="com.dotcms.rest.TagResourceIntegrationTest" tests="4" skipped="0" failures="0" errors="0" timestamp="2023-07-17T23:28:10" hostname="fv-az362-624" time="0.37">
  <properties/>
  <testcase name="testList[0: com.dotcms.rest.TagResourceTestCase@2da5b8a8]" classname="com.dotcms.rest.TagResourceIntegrationTest" time="0.278"/>
  <testcase name="testList[1: com.dotcms.rest.TagResourceTestCase@5bbd3765]" classname="com.dotcms.rest.TagResourceIntegrationTest" time="0.028"/>
  <testcase name="testList[2: com.dotcms.rest.TagResourceTestCase@32d72e2b]" classname="com.dotcms.rest.TagResourceIntegrationTest" time="0.028"/>
  <testcase name="testList[3: com.dotcms.rest.TagResourceTestCase@54ce9a1c]" classname="com.dotcms.rest.TagResourceIntegrationTest" time="0.035"/>
  <system-out><![CDATA[]]></system-out>
  <system-err><![CDATA[Jul 17, 2023 11:28:10 PM com.dotcms.repackage.org.hibernate.validator.internal.util.Version <clinit>
INFO: HV000001: Hibernate Validator 4.3.2.Final
]]></system-err>
</testsuite>
