<?xml version="1.0" encoding="UTF-8"?>
<testsuite name="com.dotmarketing.servlets.ajax.AjaxDirectorServletIntegrationTest" tests="2" skipped="0" failures="0" errors="0" timestamp="2023-07-17T20:13:57" hostname="fv-az305-30" time="0.654">
  <properties/>
  <testcase name="testService[0: com.dotmarketing.servlets.ajax.AjaxDirectorServletTestCase@75e5887]" classname="com.dotmarketing.servlets.ajax.AjaxDirectorServletIntegrationTest" time="0.475"/>
  <testcase name="testService[1: com.dotmarketing.servlets.ajax.AjaxDirectorServletTestCase@5129107]" classname="com.dotmarketing.servlets.ajax.AjaxDirectorServletIntegrationTest" time="0.179"/>
  <system-out><![CDATA[]]></system-out>
  <system-err><![CDATA[]]></system-err>
</testsuite>
