<?xml version="1.0" encoding="UTF-8"?>
<testsuite name="com.dotcms.auth.providers.saml.v1.SAMLHelperTest" tests="9" skipped="0" failures="0" errors="0" timestamp="2023-06-30T02:15:39" hostname="fv-az343-533" time="7.584">
  <properties/>
  <testcase name="test_getRoleKeySubstitution_processReplacement_doing_null_substitution" classname="com.dotcms.auth.providers.saml.v1.SAMLHelperTest" time="0.004"/>
  <testcase name="test_createNewUser_non_Attrs" classname="com.dotcms.auth.providers.saml.v1.SAMLHelperTest" time="0.961"/>
  <testcase name="testLoginUser" classname="com.dotcms.auth.providers.saml.v1.SAMLHelperTest" time="0.939"/>
  <testcase name="test_hash_user_id" classname="com.dotcms.auth.providers.saml.v1.SAMLHelperTest" time="0.001"/>
  <testcase name="testResolveUser_byEmailAddress" classname="com.dotcms.auth.providers.saml.v1.SAMLHelperTest" time="0.968"/>
  <testcase name="testResolveUserEmailRepeated" classname="com.dotcms.auth.providers.saml.v1.SAMLHelperTest" time="1.87"/>
  <testcase name="test_getRoleKeySubstitution_processReplacement_doing_substitution" classname="com.dotcms.auth.providers.saml.v1.SAMLHelperTest" time="0.001"/>
  <testcase name="testResolveUser" classname="com.dotcms.auth.providers.saml.v1.SAMLHelperTest" time="1.909"/>
  <testcase name="test_createNewUser_known_Attrs" classname="com.dotcms.auth.providers.saml.v1.SAMLHelperTest" time="0.928"/>
  <system-out><![CDATA[]]></system-out>
  <system-err><![CDATA[]]></system-err>
</testsuite>
