<?xml version="1.0" encoding="UTF-8"?>
<testsuite name="com.dotcms.rest.TagResourceIntegrationTest" tests="4" skipped="0" failures="0" errors="0" timestamp="2023-07-22T00:40:38" hostname="fv-az735-229" time="0.229">
  <properties/>
  <testcase name="testList[0: com.dotcms.rest.TagResourceTestCase@53199a14]" classname="com.dotcms.rest.TagResourceIntegrationTest" time="0.183"/>
  <testcase name="testList[1: com.dotcms.rest.TagResourceTestCase@612b62f2]" classname="com.dotcms.rest.TagResourceIntegrationTest" time="0.017"/>
  <testcase name="testList[2: com.dotcms.rest.TagResourceTestCase@29208669]" classname="com.dotcms.rest.TagResourceIntegrationTest" time="0.013"/>
  <testcase name="testList[3: com.dotcms.rest.TagResourceTestCase@606a22c7]" classname="com.dotcms.rest.TagResourceIntegrationTest" time="0.016"/>
  <system-out><![CDATA[]]></system-out>
  <system-err><![CDATA[Jul 22, 2023 12:40:38 AM com.dotcms.repackage.org.hibernate.validator.internal.util.Version <clinit>
INFO: HV000001: Hibernate Validator 4.3.2.Final
]]></system-err>
</testsuite>
