<?xml version="1.0" encoding="UTF-8"?>
<testsuite name="com.dotmarketing.business.DeterministicIdentifierAPITest" tests="16" skipped="0" failures="0" errors="0" timestamp="2023-07-18T00:53:27" hostname="fv-az162-832" time="1.233">
  <properties/>
  <testcase name="Test_Category_Path_Seed_And_Id" classname="com.dotmarketing.business.DeterministicIdentifierAPITest" time="0.024"/>
  <testcase name="Test_Language_Deterministic_Id[0: LanguageTestCase{expectedSeed='Language:es:US', expectedHash=4913155, langCode='es', countryCode='US', country='United States'}]" classname="com.dotmarketing.business.DeterministicIdentifierAPITest" time="0.001"/>
  <testcase name="Test_Language_Deterministic_Id[1: LanguageTestCase{expectedSeed='Language:ep:', expectedHash=5292269, langCode='ep', countryCode='', country=''}]" classname="com.dotmarketing.business.DeterministicIdentifierAPITest" time="0.001"/>
  <testcase name="Test_Language_Deterministic_Id[2: LanguageTestCase{expectedSeed='Language:sg:SAG', expectedHash=4713118, langCode='sg', countryCode='SAG', country=''}]" classname="com.dotmarketing.business.DeterministicIdentifierAPITest" time="0.001"/>
  <testcase name="Test_Language_Deterministic_Id[3: LanguageTestCase{expectedSeed='Language:en:NZ', expectedHash=5382528, langCode='en', countryCode='NZ', country='New Zealand'}]" classname="com.dotmarketing.business.DeterministicIdentifierAPITest" time="0.001"/>
  <testcase name="Test_Category_None_Persisted_Category_Should_Return_Deterministic_Id" classname="com.dotmarketing.business.DeterministicIdentifierAPITest" time="0.002"/>
  <testcase name="Test_Asset_Generate_Deterministic_Id_Best_Effort[0: TestCase{versionable=my.host1689641220614.com, parent=System Host, expectedName='my.host1689641220614.com', expectedType='Host'}]" classname="com.dotmarketing.business.DeterministicIdentifierAPITest" time="0.004"/>
  <testcase name="Test_Asset_Generate_Deterministic_Id_Best_Effort[1: TestCase{versionable=com.dotmarketing.portlets.contentlet.model.Contentlet@2c1bc3dd[map={modDate=2023-07-18 00:47:01.419, fileName=file14709331378045519198.txt, title=file14709331378045519198.txt, inode=ad9c19f8-9c45-4ce5-afe2-7fb267b6ca69, __IS_NEW_CONTENT__=true, disabledWYSIWYG=[], host=7a74a20b-df05-44c5-9941-8ad81de7b232, stInode=33888b6f-7a8e-4069-b1b6-5c1aa9d0a48d, owner=system, identifier=0b4257a5-6321-422b-9c2c-44ec2d0f4506, nullProperties=[wfExpireDate, wfPublishDate, wfActionAssign, wfActionId, wfActionComments, filterKey, whereToSend, wfNeverExpire, _path_to_move, timezoneId, iWantTo, wfPublishTime, wfExpireTime], languageId=1, fileAsset=/home/runner/work/core/custom/assets/a/d/ad9c19f8-9c45-4ce5-afe2-7fb267b6ca69/fileAsset/file14709331378045519198.txt, folder=c939f1a6-33e4-4018-aa6f-033cc3102dac, __disable_workflow__=true, sortOrder=0, modUser=system},lowIndexPriority=false,variantId=DEFAULT], parent=com.dotmarketing.portlets.folders.model.Folder@5336ce17[identifier=c939f1a6-33e4-4018-aa6f-033cc3102dac,name=testName1689641221409,sortOrder=0,showOnMenu=false,hostId=7a74a20b-df05-44c5-9941-8ad81de7b232,type=folder,title=testTitle1689641221409,filesMasks=,defaultFileType=33888b6f-7a8e-4069-b1b6-5c1aa9d0a48d,modDate=2023-07-18 00:47:01.413,owner=&lt;null&gt;,iDate=2023-07-18 00:47:01.413,inode=c939f1a6-33e4-4018-aa6f-033cc3102dac,path=/testName1689641221409/], expectedName='file14709331378045519198.txt', expectedType='FileAsset'}]" classname="com.dotmarketing.business.DeterministicIdentifierAPITest" time="0.004"/>
  <testcase name="Test_Asset_Generate_Deterministic_Id_Best_Effort[2: TestCase{versionable=com.dotmarketing.portlets.templates.model.Template@a05e5b62, parent=my.host1689641220614.com, expectedName='testTitle1689641221519', expectedType='Template'}]" classname="com.dotmarketing.business.DeterministicIdentifierAPITest" time="0.003"/>
  <testcase name="Test_Asset_Generate_Deterministic_Id_Best_Effort[3: TestCase{versionable=com.dotmarketing.portlets.htmlpageasset.model.HTMLPageAsset@4f4afb0b[map={template=1f1b2e1c-6b63-4a4e-bd5a-b960b2343c9c, owner=system, identifier=45aec40b-4f26-4eb4-9ab5-5e7aeb62f655, nullProperties=[wfExpireDate, wfPublishDate, wfActionAssign, wfActionId, wfActionComments, filterKey, whereToSend, wfNeverExpire, _path_to_move, timezoneId, iWantTo, wfPublishTime, wfExpireTime], modDate=2023-07-18 00:47:01.534, cachettl=0, _is_test_mode=true, languageId=1, title=test-page-title-1689641221530, httpsreq=, url=test-page-url-1689641221530, showOnMenu=, inode=d93f7734-0ad4-4793-a670-a7c0357c2a5d, folder=c939f1a6-33e4-4018-aa6f-033cc3102dac, disabledWYSIWYG=[], sortOrder=1, modUser=system, host=7a74a20b-df05-44c5-9941-8ad81de7b232, stInode=c541abb1-69b3-4bc5-8430-5e09e5239cc8, friendlyName=test-page-friendly-name-1689641221530},lowIndexPriority=false,variantId=DEFAULT], parent=com.dotmarketing.portlets.folders.model.Folder@5336ce17[identifier=c939f1a6-33e4-4018-aa6f-033cc3102dac,name=testName1689641221409,sortOrder=0,showOnMenu=false,hostId=7a74a20b-df05-44c5-9941-8ad81de7b232,type=folder,title=testTitle1689641221409,filesMasks=,defaultFileType=33888b6f-7a8e-4069-b1b6-5c1aa9d0a48d,modDate=2023-07-18 00:47:01.413,owner=&lt;null&gt;,iDate=2023-07-18 00:47:01.413,inode=c939f1a6-33e4-4018-aa6f-033cc3102dac,path=/testName1689641221409/], expectedName='test-page-url-1689641221530', expectedType='htmlpageasset'}]" classname="com.dotmarketing.business.DeterministicIdentifierAPITest" time="0.003"/>
  <testcase name="Test_Asset_Generate_Deterministic_Id_Best_Effort[4: TestCase{versionable=com.dotmarketing.portlets.contentlet.model.Contentlet@5843e588[map={fileAsset2=/home/runner/work/core/custom/assets/4/a/4ae3140b-cd21-4de0-9a36-04dbe6539e4f/fileAsset2/test_binary1689641222352.png, modDate=2023-07-18 00:47:02.358, fileAsset1=/home/runner/work/core/custom/assets/4/a/4ae3140b-cd21-4de0-9a36-04dbe6539e4f/fileAsset1/test_binary1689641222352.jpg, title=blah, inode=4ae3140b-cd21-4de0-9a36-04dbe6539e4f, __IS_NEW_CONTENT__=true, disabledWYSIWYG=[], host=48190c8c-42c4-46af-8d1a-0cd5db894797, stInode=40ae3195-91e7-461a-852d-ef9e8c3be3ea, owner=system, identifier=24908ca2-c5a4-4c2e-88a9-a7d10c64818e, nullProperties=[], languageId=1, image1=13571d2b-e8a4-4fbe-91a9-b31814b1cb68, folder=SYSTEM_FOLDER, __disable_workflow__=true, sortOrder=0, modUser=system},lowIndexPriority=false,variantId=DEFAULT], parent=demo.dotcms.com, expectedName='test_binary1689641222352.jpg:test_binary1689641222352.png', expectedType='MultipleBinaries1689641221729'}]" classname="com.dotmarketing.business.DeterministicIdentifierAPITest" time="0.004"/>
  <testcase name="Test_Asset_Generate_Deterministic_Id_Best_Effort[5: TestCase{versionable=name250421aae3 : keyTag250421aae3, parent=my.host1689641220614.com, expectedName='keyTag250421aae3', expectedType='persona'}]" classname="com.dotmarketing.business.DeterministicIdentifierAPITest" time="0.003"/>
  <testcase name="Test_Similar_Content_Type_Wont_Clash" classname="com.dotmarketing.business.DeterministicIdentifierAPITest" time="0.5"/>
  <testcase name="Test_Generate_Folder_Identifier" classname="com.dotmarketing.business.DeterministicIdentifierAPITest" time="0.668"/>
  <testcase name="Test_Generate_Content_Type_Identifier[0: ContentTypeTestCase{contentType=KeyValueContentType{name=Language Variable, id=f4d7c1b8-2c88-4071-abf1-a5328977b07d, description=Default Content Type for Language Variables, defaultType=false, fixed=true, iDate=Thu Aug 31 16:38:49 UTC 2017, system=true, versionable=true, variable=Languagevariable, modDate=Mon Jul 17 23:40:32 UTC 2023, host=SYSTEM_HOST, siteName=systemHost, icon=language, sortOrder=0, folder=SYSTEM_FOLDER, folderPath=/, markedForDeletion=true, multilingualable=false}, expectedName='Languagevariable', expectedType='KeyValue'}]" classname="com.dotmarketing.business.DeterministicIdentifierAPITest" time="0.006"/>
  <testcase name="Test_Generate_Content_Type_Identifier[1: ContentTypeTestCase{contentType=SimpleContentType{name=testName1689641222773, id=d98c4a3c-75c0-4980-acb6-d1a2e7e31e78, description=testDescription1689641222773, defaultType=false, fixed=false, iDate=Tue Jul 18 00:47:02 UTC 2023, system=false, versionable=true, multilingualable=false, variable=testVarname1689641222773, owner=system, modDate=Tue Jul 18 00:47:03 UTC 2023, host=48190c8c-42c4-46af-8d1a-0cd5db894797, siteName=demo.dotcms.com, icon=event_note, sortOrder=0, folder=SYSTEM_FOLDER, folderPath=/, requiredFields=[], markedForDeletion=false}, expectedName='testVarname1689641222773', expectedType='CONTENT'}]" classname="com.dotmarketing.business.DeterministicIdentifierAPITest" time="0.005"/>
  <system-out><![CDATA[]]></system-out>
  <system-err><![CDATA[]]></system-err>
</testsuite>
