<?xml version="1.0" encoding="UTF-8"?>
<testsuite name="com.dotcms.rest.api.v1.vtl.VTLResourceIntegrationTest" tests="6" skipped="0" failures="0" errors="0" timestamp="2023-07-03T17:17:36" hostname="fv-az218-411" time="12.264">
  <properties/>
  <testcase name="testGet[0: com.dotcms.rest.api.v1.vtl.VTLResourceTestCase@305cb9df]" classname="com.dotcms.rest.api.v1.vtl.VTLResourceIntegrationTest" time="2.281"/>
  <testcase name="testGet[1: com.dotcms.rest.api.v1.vtl.VTLResourceTestCase@7cf72187]" classname="com.dotcms.rest.api.v1.vtl.VTLResourceIntegrationTest" time="1.906"/>
  <testcase name="testGet[2: com.dotcms.rest.api.v1.vtl.VTLResourceTestCase@41061bb1]" classname="com.dotcms.rest.api.v1.vtl.VTLResourceIntegrationTest" time="2.048"/>
  <testcase name="testGet[3: com.dotcms.rest.api.v1.vtl.VTLResourceTestCase@356ceaff]" classname="com.dotcms.rest.api.v1.vtl.VTLResourceIntegrationTest" time="2.254"/>
  <testcase name="testGet[4: com.dotcms.rest.api.v1.vtl.VTLResourceTestCase@60ab3fcc]" classname="com.dotcms.rest.api.v1.vtl.VTLResourceIntegrationTest" time="1.707"/>
  <testcase name="testGet[5: com.dotcms.rest.api.v1.vtl.VTLResourceTestCase@2595d147]" classname="com.dotcms.rest.api.v1.vtl.VTLResourceIntegrationTest" time="2.068"/>
  <system-out><![CDATA[]]></system-out>
  <system-err><![CDATA[]]></system-err>
</testsuite>
