<?xml version="1.0" encoding="UTF-8"?>
<testsuite name="com.dotcms.rest.api.v1.vtl.VTLResourceIntegrationTest" tests="6" skipped="0" failures="0" errors="0" timestamp="2023-07-12T23:45:28" hostname="fv-az167-45" time="14.174">
  <properties/>
  <testcase name="testGet[0: com.dotcms.rest.api.v1.vtl.VTLResourceTestCase@98926f]" classname="com.dotcms.rest.api.v1.vtl.VTLResourceIntegrationTest" time="2.131"/>
  <testcase name="testGet[1: com.dotcms.rest.api.v1.vtl.VTLResourceTestCase@42debf]" classname="com.dotcms.rest.api.v1.vtl.VTLResourceIntegrationTest" time="1.881"/>
  <testcase name="testGet[2: com.dotcms.rest.api.v1.vtl.VTLResourceTestCase@1575c07e]" classname="com.dotcms.rest.api.v1.vtl.VTLResourceIntegrationTest" time="2.533"/>
  <testcase name="testGet[3: com.dotcms.rest.api.v1.vtl.VTLResourceTestCase@5e92b132]" classname="com.dotcms.rest.api.v1.vtl.VTLResourceIntegrationTest" time="2.965"/>
  <testcase name="testGet[4: com.dotcms.rest.api.v1.vtl.VTLResourceTestCase@1add5b65]" classname="com.dotcms.rest.api.v1.vtl.VTLResourceIntegrationTest" time="2.548"/>
  <testcase name="testGet[5: com.dotcms.rest.api.v1.vtl.VTLResourceTestCase@c7cc9a7]" classname="com.dotcms.rest.api.v1.vtl.VTLResourceIntegrationTest" time="2.116"/>
  <system-out><![CDATA[]]></system-out>
  <system-err><![CDATA[]]></system-err>
</testsuite>
