<?xml version="1.0" encoding="UTF-8"?>
<testsuite name="com.dotcms.rest.elasticsearch.ESContentResourcePortletTest" tests="8" skipped="0" failures="0" errors="0" timestamp="2023-07-14T15:32:43" hostname="fv-az364-103" time="8.764">
  <properties/>
  <testcase name="test_search_includeGrandChildCategory_success" classname="com.dotcms.rest.elasticsearch.ESContentResourcePortletTest" time="1.643"/>
  <testcase name="testSearch[0: com.dotcms.rest.elasticsearch.ESContentResourcePortletTest$TestCase@7416bc53]" classname="com.dotcms.rest.elasticsearch.ESContentResourcePortletTest" time="1.045"/>
  <testcase name="testSearch[1: com.dotcms.rest.elasticsearch.ESContentResourcePortletTest$TestCase@73c192ca]" classname="com.dotcms.rest.elasticsearch.ESContentResourcePortletTest" time="0.321"/>
  <testcase name="testSearch[2: com.dotcms.rest.elasticsearch.ESContentResourcePortletTest$TestCase@756d2716]" classname="com.dotcms.rest.elasticsearch.ESContentResourcePortletTest" time="1.042"/>
  <testcase name="testSearch[3: com.dotcms.rest.elasticsearch.ESContentResourcePortletTest$TestCase@382459fa]" classname="com.dotcms.rest.elasticsearch.ESContentResourcePortletTest" time="1.335"/>
  <testcase name="testSearch[4: com.dotcms.rest.elasticsearch.ESContentResourcePortletTest$TestCase@79119e89]" classname="com.dotcms.rest.elasticsearch.ESContentResourcePortletTest" time="1.327"/>
  <testcase name="testSearch[5: com.dotcms.rest.elasticsearch.ESContentResourcePortletTest$TestCase@63904a3]" classname="com.dotcms.rest.elasticsearch.ESContentResourcePortletTest" time="1.05"/>
  <testcase name="testSearch[6: com.dotcms.rest.elasticsearch.ESContentResourcePortletTest$TestCase@1af0c6e5]" classname="com.dotcms.rest.elasticsearch.ESContentResourcePortletTest" time="1.0"/>
  <system-out><![CDATA[]]></system-out>
  <system-err><![CDATA[]]></system-err>
</testsuite>
