<?xml version="1.0" encoding="UTF-8"?>
<testsuite name="com.dotmarketing.business.CommitListenerCacheWrapperTest" tests="1" skipped="0" failures="0" errors="0" timestamp="2023-06-23T01:00:08" hostname="fv-az395-584" time="0.575">
  <properties/>
  <testcase name="Testing_API_And_Cache_Visibility_In_A_Transaction" classname="com.dotmarketing.business.CommitListenerCacheWrapperTest" time="0.575"/>
  <system-out><![CDATA[]]></system-out>
  <system-err><![CDATA[]]></system-err>
</testsuite>
