<?xml version="1.0" encoding="UTF-8"?>
<testsuite name="com.dotcms.enterprise.rules.RulesAPIImplIntegrationTest" tests="28" skipped="0" failures="0" errors="0" timestamp="2023-07-14T20:52:34" hostname="fv-az358-465" time="106.321">
  <properties/>
  <testcase name="shouldThrowDotSecurityException" classname="com.dotcms.enterprise.rules.RulesAPIImplIntegrationTest" time="1.685"/>
  <testcase name="shouldGetRulesFromPageId" classname="com.dotcms.enterprise.rules.RulesAPIImplIntegrationTest" time="6.102"/>
  <testcase name="shouldDeleteRulesInPage" classname="com.dotcms.enterprise.rules.RulesAPIImplIntegrationTest" time="6.915"/>
  <testcase name="shouldSaveNewRuleInPageShouldNotWork" classname="com.dotcms.enterprise.rules.RulesAPIImplIntegrationTest" time="5.235"/>
  <testcase name="shouldNotSaveNewRule" classname="com.dotcms.enterprise.rules.RulesAPIImplIntegrationTest" time="3.063"/>
  <testcase name="shouldSaveNewRule" classname="com.dotcms.enterprise.rules.RulesAPIImplIntegrationTest" time="5.089"/>
  <testcase name="shouldSaveConditionInRulesPage" classname="com.dotcms.enterprise.rules.RulesAPIImplIntegrationTest" time="6.05"/>
  <testcase name="shouldGetRulesWithAnonymous" classname="com.dotcms.enterprise.rules.RulesAPIImplIntegrationTest" time="5.122"/>
  <testcase name="shouldNotSaveRuleActionInRuleOnPage" classname="com.dotcms.enterprise.rules.RulesAPIImplIntegrationTest" time="5.077"/>
  <testcase name="shouldReturnEmptyList" classname="com.dotcms.enterprise.rules.RulesAPIImplIntegrationTest" time="3.904"/>
  <testcase name="shouldNotDeleteRules" classname="com.dotcms.enterprise.rules.RulesAPIImplIntegrationTest" time="1.204"/>
  <testcase name="shouldDeleteRules" classname="com.dotcms.enterprise.rules.RulesAPIImplIntegrationTest" time="5.064"/>
  <testcase name="shouldSaveRuleActionInPage" classname="com.dotcms.enterprise.rules.RulesAPIImplIntegrationTest" time="6.009"/>
  <testcase name="shouldNotDeleteRuleOnPage" classname="com.dotcms.enterprise.rules.RulesAPIImplIntegrationTest" time="5.169"/>
  <testcase name="shouldThrowDotSecurityExceptionFromHostid" classname="com.dotcms.enterprise.rules.RulesAPIImplIntegrationTest" time="1.066"/>
  <testcase name="shouldNotSaveCondition" classname="com.dotcms.enterprise.rules.RulesAPIImplIntegrationTest" time="1.892"/>
  <testcase name="shouldSaveCondition" classname="com.dotcms.enterprise.rules.RulesAPIImplIntegrationTest" time="5.192"/>
  <testcase name="shouldNotSaveRuleAction" classname="com.dotcms.enterprise.rules.RulesAPIImplIntegrationTest" time="1.026"/>
  <testcase name="shouldThrowDotSecurityExceptionFromPageid" classname="com.dotcms.enterprise.rules.RulesAPIImplIntegrationTest" time="2.348"/>
  <testcase name="shouldSaveRuleAction" classname="com.dotcms.enterprise.rules.RulesAPIImplIntegrationTest" time="5.743"/>
  <testcase name="shouldGetRulesInRootFolder" classname="com.dotcms.enterprise.rules.RulesAPIImplIntegrationTest" time="3.028"/>
  <testcase name="shouldSaveNewRuleInPage" classname="com.dotcms.enterprise.rules.RulesAPIImplIntegrationTest" time="6.003"/>
  <testcase name="shouldNotSaveConditionInRuleOnPage" classname="com.dotcms.enterprise.rules.RulesAPIImplIntegrationTest" time="5.187"/>
  <testcase name="testDeleteRuleShouldNotFailWhenCacheIsDirty" classname="com.dotcms.enterprise.rules.RulesAPIImplIntegrationTest" time="0.051"/>
  <testcase name="shouldGetRules" classname="com.dotcms.enterprise.rules.RulesAPIImplIntegrationTest" time="4.003"/>
  <testcase name="not_site_not_page_shouldReturnEmptyList" classname="com.dotcms.enterprise.rules.RulesAPIImplIntegrationTest" time="1.071"/>
  <testcase name="testDeleteRuleShouldPass" classname="com.dotcms.enterprise.rules.RulesAPIImplIntegrationTest" time="0.037"/>
  <testcase name="shouldGetRulesFromHostId" classname="com.dotcms.enterprise.rules.RulesAPIImplIntegrationTest" time="3.97"/>
  <system-out><![CDATA[]]></system-out>
  <system-err><![CDATA[]]></system-err>
</testsuite>
