<?xml version="1.0" encoding="UTF-8"?>
<testsuite name="com.dotcms.graphql.business.GraphqlAPITest" tests="49" skipped="0" failures="0" errors="0" timestamp="2023-06-26T19:23:39" hostname="fv-az1128-296" time="28.795">
  <properties/>
  <testcase name="testGetSchema_FieldOperations[0: &lt;null&gt;]" classname="com.dotcms.graphql.business.GraphqlAPITest" time="2.259"/>
  <testcase name="testGetSchema_FieldOperations[1: &lt;null&gt;]" classname="com.dotcms.graphql.business.GraphqlAPITest" time="0.276"/>
  <testcase name="testGetSchema_FieldOperations[2: &lt;null&gt;]" classname="com.dotcms.graphql.business.GraphqlAPITest" time="0.385"/>
  <testcase name="testGetSchema_FieldOperations[3: &lt;null&gt;]" classname="com.dotcms.graphql.business.GraphqlAPITest" time="0.478"/>
  <testcase name="testGetSchema_FieldOperations[4: &lt;null&gt;]" classname="com.dotcms.graphql.business.GraphqlAPITest" time="0.403"/>
  <testcase name="testGetSchema_FieldOperations[5: &lt;null&gt;]" classname="com.dotcms.graphql.business.GraphqlAPITest" time="0.328"/>
  <testcase name="testGetSchema_FieldOperations[6: &lt;null&gt;]" classname="com.dotcms.graphql.business.GraphqlAPITest" time="0.232"/>
  <testcase name="testGetSchema_FieldOperations[7: &lt;null&gt;]" classname="com.dotcms.graphql.business.GraphqlAPITest" time="0.331"/>
  <testcase name="testGetSchema_FieldOperations[8: &lt;null&gt;]" classname="com.dotcms.graphql.business.GraphqlAPITest" time="0.239"/>
  <testcase name="testGetSchema_FieldOperations[9: &lt;null&gt;]" classname="com.dotcms.graphql.business.GraphqlAPITest" time="0.226"/>
  <testcase name="testGetSchema_FieldOperations[10: &lt;null&gt;]" classname="com.dotcms.graphql.business.GraphqlAPITest" time="0.252"/>
  <testcase name="testGetSchema_FieldOperations[11: &lt;null&gt;]" classname="com.dotcms.graphql.business.GraphqlAPITest" time="0.221"/>
  <testcase name="testGetSchema_FieldOperations[12: &lt;null&gt;]" classname="com.dotcms.graphql.business.GraphqlAPITest" time="0.414"/>
  <testcase name="testGetSchema_FieldOperations[13: &lt;null&gt;]" classname="com.dotcms.graphql.business.GraphqlAPITest" time="0.33"/>
  <testcase name="testGetSchema_FieldOperations[14: &lt;null&gt;]" classname="com.dotcms.graphql.business.GraphqlAPITest" time="0.236"/>
  <testcase name="testGetSchema_FieldOperations[15: &lt;null&gt;]" classname="com.dotcms.graphql.business.GraphqlAPITest" time="0.224"/>
  <testcase name="testGetSchema_FieldOperations[16: &lt;null&gt;]" classname="com.dotcms.graphql.business.GraphqlAPITest" time="0.472"/>
  <testcase name="testGetSchema_FieldOperations[17: &lt;null&gt;]" classname="com.dotcms.graphql.business.GraphqlAPITest" time="0.283"/>
  <testcase name="testGetSchema_FieldOperations[18: &lt;null&gt;]" classname="com.dotcms.graphql.business.GraphqlAPITest" time="0.249"/>
  <testcase name="testGetSchema_GivenEmptyCache_SchemaShouldGenerate" classname="com.dotcms.graphql.business.GraphqlAPITest" time="0.268"/>
  <testcase name="testGetSchema_GivenFailuresInRelationshipField_SchemaShouldStillGenerate" classname="com.dotcms.graphql.business.GraphqlAPITest" time="2.032"/>
  <testcase name="testGetSchema_GivenFilledCache_SchemaShouldNotGenerate" classname="com.dotcms.graphql.business.GraphqlAPITest" time="0.109"/>
  <testcase name="testGetSchema_GivenNoEELicense_EnterpriseBaseTypeCollectionsShouldNOTBeAvailableInSchema[0: FORM]" classname="com.dotcms.graphql.business.GraphqlAPITest" time="0.249"/>
  <testcase name="testGetSchema_GivenNoEELicense_EnterpriseBaseTypeCollectionsShouldNOTBeAvailableInSchema[1: PERSONA]" classname="com.dotcms.graphql.business.GraphqlAPITest" time="0.395"/>
  <testcase name="testGetSchema_BothSidedRelationshipFields[0: ONE_TO_MANY]" classname="com.dotcms.graphql.business.GraphqlAPITest" time="0.499"/>
  <testcase name="testGetSchema_BothSidedRelationshipFields[1: MANY_TO_MANY]" classname="com.dotcms.graphql.business.GraphqlAPITest" time="0.444"/>
  <testcase name="testGetSchema_BothSidedRelationshipFields[2: ONE_TO_ONE]" classname="com.dotcms.graphql.business.GraphqlAPITest" time="0.468"/>
  <testcase name="testGetSchema_BothSidedRelationshipFields[3: MANY_TO_ONE]" classname="com.dotcms.graphql.business.GraphqlAPITest" time="0.409"/>
  <testcase name="testGetSchema_GivenEELicense_EnterpriseBaseTypeCollectionsShouldBeAvailableInSchema[0: FORM]" classname="com.dotcms.graphql.business.GraphqlAPITest" time="0.232"/>
  <testcase name="testGetSchema_GivenEELicense_EnterpriseBaseTypeCollectionsShouldBeAvailableInSchema[1: PERSONA]" classname="com.dotcms.graphql.business.GraphqlAPITest" time="0.275"/>
  <testcase name="testGetSchema_ContentTypeOperations: Given Content BaseType, Should Create Type" classname="com.dotcms.graphql.business.GraphqlAPITest" time="0.213"/>
  <testcase name="testGetSchema_ContentTypeOperations: Given Widget BaseType, Should Create Type" classname="com.dotcms.graphql.business.GraphqlAPITest" time="0.478"/>
  <testcase name="testGetSchema_ContentTypeOperations: Given FORM BaseType, Should Create Type" classname="com.dotcms.graphql.business.GraphqlAPITest" time="0.319"/>
  <testcase name="testGetSchema_ContentTypeOperations: Given FILEASSET BaseType, Should Create Type" classname="com.dotcms.graphql.business.GraphqlAPITest" time="0.389"/>
  <testcase name="testGetSchema_ContentTypeOperations: Given HTMLPAGE BaseType, Should Create Type" classname="com.dotcms.graphql.business.GraphqlAPITest" time="0.984"/>
  <testcase name="testGetSchema_ContentTypeOperations: Given PERSONA BaseType, Should Create Type" classname="com.dotcms.graphql.business.GraphqlAPITest" time="0.589"/>
  <testcase name="testGetSchema_ContentTypeOperations: Given VANITY_URL BaseType, Should Create Type" classname="com.dotcms.graphql.business.GraphqlAPITest" time="0.667"/>
  <testcase name="testGetSchema_ContentTypeOperations: Given KEY_VALUE BaseType, Should Create Type" classname="com.dotcms.graphql.business.GraphqlAPITest" time="0.42"/>
  <testcase name="testGetSchema_ContentTypeOperations: Given existing CONTENT BaseType, Should Delete Type" classname="com.dotcms.graphql.business.GraphqlAPITest" time="0.246"/>
  <testcase name="testGetSchema_ContentTypeOperations: Given existing WIDGET BaseType, Should Delete Type" classname="com.dotcms.graphql.business.GraphqlAPITest" time="0.738"/>
  <testcase name="testGetSchema_ContentTypeOperations: Given existing FORM BaseType, Should Delete Type" classname="com.dotcms.graphql.business.GraphqlAPITest" time="0.315"/>
  <testcase name="testGetSchema_ContentTypeOperations: Given existing FILEASSET BaseType, Should Delete Type" classname="com.dotcms.graphql.business.GraphqlAPITest" time="0.59"/>
  <testcase name="testGetSchema_ContentTypeOperations: Given existing HTMLPAGE BaseType, Should Delete Type" classname="com.dotcms.graphql.business.GraphqlAPITest" time="1.829"/>
  <testcase name="testGetSchema_ContentTypeOperations: Given existing PERSONA BaseType, Should Delete Type" classname="com.dotcms.graphql.business.GraphqlAPITest" time="1.002"/>
  <testcase name="testGetSchema_ContentTypeOperations: Given existing VANITY_URL BaseType, Should Delete Type" classname="com.dotcms.graphql.business.GraphqlAPITest" time="1.19"/>
  <testcase name="testGetSchema_ContentTypeOperations: Given existing KEY_VALUE BaseType, Should Delete Type" classname="com.dotcms.graphql.business.GraphqlAPITest" time="0.678"/>
  <testcase name="testGetSchema_GivenNoEELicense_EnterpriseTypesShouldNotBeAvailableInSchema" classname="com.dotcms.graphql.business.GraphqlAPITest" time="2.375"/>
  <testcase name="testGetSchema_WhenFieldDeleted_ShouldNotBeAvailableInSchema" classname="com.dotcms.graphql.business.GraphqlAPITest" time="1.49"/>
  <testcase name="testAvailableGraphQLFieldsOnImageAndFileFields" classname="com.dotcms.graphql.business.GraphqlAPITest" time="1.05"/>
  <system-out><![CDATA[]]></system-out>
  <system-err><![CDATA[]]></system-err>
</testsuite>
