<?xml version="1.0" encoding="UTF-8"?>
<testsuite name="com.dotmarketing.portlets.structure.model.ContentletRelationshipsTest" tests="7" skipped="0" failures="0" errors="0" timestamp="2023-06-28T23:15:17" hostname="fv-az446-868" time="9.852">
  <properties/>
  <testcase name="testDoesAllowOnlyOne[0: com.dotmarketing.portlets.structure.model.ContentletRelationshipsTest$CardinalityTestCase@54d8453e]" classname="com.dotmarketing.portlets.structure.model.ContentletRelationshipsTest" time="0.714"/>
  <testcase name="testDoesAllowOnlyOne[1: com.dotmarketing.portlets.structure.model.ContentletRelationshipsTest$CardinalityTestCase@51693da8]" classname="com.dotmarketing.portlets.structure.model.ContentletRelationshipsTest" time="0.607"/>
  <testcase name="testDoesAllowOnlyOne[2: com.dotmarketing.portlets.structure.model.ContentletRelationshipsTest$CardinalityTestCase@46b33afd]" classname="com.dotmarketing.portlets.structure.model.ContentletRelationshipsTest" time="0.635"/>
  <testcase name="testGetRelationshipRecords[0: com.dotmarketing.portlets.structure.model.ContentletRelationshipsTest$TestCase@11629e4e]" classname="com.dotmarketing.portlets.structure.model.ContentletRelationshipsTest" time="2.399"/>
  <testcase name="testGetRelationshipRecords[1: com.dotmarketing.portlets.structure.model.ContentletRelationshipsTest$TestCase@705c8e9]" classname="com.dotmarketing.portlets.structure.model.ContentletRelationshipsTest" time="2.304"/>
  <testcase name="testGetRelationshipRecords[2: com.dotmarketing.portlets.structure.model.ContentletRelationshipsTest$TestCase@1f1931dc]" classname="com.dotmarketing.portlets.structure.model.ContentletRelationshipsTest" time="1.073"/>
  <testcase name="testGetRelationshipRecords[3: com.dotmarketing.portlets.structure.model.ContentletRelationshipsTest$TestCase@40a29410]" classname="com.dotmarketing.portlets.structure.model.ContentletRelationshipsTest" time="2.12"/>
  <system-out><![CDATA[]]></system-out>
  <system-err><![CDATA[]]></system-err>
</testsuite>
