<?xml version="1.0" encoding="UTF-8"?>
<testsuite name="com.dotmarketing.startup.runonce.Task05035LanguageTableIdentityOffTest" tests="1" skipped="0" failures="0" errors="0" timestamp="2023-07-07T19:34:42" hostname="fv-az507-246" time="0.013">
  <properties/>
  <testcase name="testExecuteUpgrade" classname="com.dotmarketing.startup.runonce.Task05035LanguageTableIdentityOffTest" time="0.013"/>
  <system-out><![CDATA[]]></system-out>
  <system-err><![CDATA[]]></system-err>
</testsuite>
