<?xml version="1.0" encoding="UTF-8"?>
<testsuite name="com.dotmarketing.util.PageModeTest" tests="10" skipped="0" failures="0" errors="0" timestamp="2023-07-21T16:14:08" hostname="fv-az717-170" time="0.032">
  <properties/>
  <testcase name="test_back_end_user_can_be_set_to_EDIT" classname="com.dotmarketing.util.PageModeTest" time="0.002"/>
  <testcase name="test_back_end_user_can_be_set_to_LIVE" classname="com.dotmarketing.util.PageModeTest" time="0.001"/>
  <testcase name="test_page_mode_does_not_create_session" classname="com.dotmarketing.util.PageModeTest" time="0.002"/>
  <testcase name="backendUserDotAdminReferer" classname="com.dotmarketing.util.PageModeTest" time="0.015"/>
  <testcase name="test_befe_logged_in_be_page_mode_should_be_PREVIEW" classname="com.dotmarketing.util.PageModeTest" time="0.002"/>
  <testcase name="test_fe_page_mode_should_be_LIVE" classname="com.dotmarketing.util.PageModeTest" time="0.003"/>
  <testcase name="test_befe_logged_in_fe_page_mode_should_be_LIVE" classname="com.dotmarketing.util.PageModeTest" time="0.001"/>
  <testcase name="test_order_of_reading_pagemode" classname="com.dotmarketing.util.PageModeTest" time="0.004"/>
  <testcase name="test_front_end_user_is_only_LIVE" classname="com.dotmarketing.util.PageModeTest" time="0.001"/>
  <testcase name="test_be_page_mode_should_be_PREVIEW" classname="com.dotmarketing.util.PageModeTest" time="0.001"/>
  <system-out><![CDATA[]]></system-out>
  <system-err><![CDATA[]]></system-err>
</testsuite>
