<?xml version="1.0" encoding="UTF-8"?>
<testsuite name="com.dotmarketing.business.DeterministicIdentifierAPITest" tests="16" skipped="0" failures="0" errors="0" timestamp="2023-06-30T00:40:22" hostname="fv-az986-883" time="1.455">
  <properties/>
  <testcase name="Test_Category_Path_Seed_And_Id" classname="com.dotmarketing.business.DeterministicIdentifierAPITest" time="0.026"/>
  <testcase name="Test_Language_Deterministic_Id[0: LanguageTestCase{expectedSeed='Language:es:US', expectedHash=4913155, langCode='es', countryCode='US', country='United States'}]" classname="com.dotmarketing.business.DeterministicIdentifierAPITest" time="0.001"/>
  <testcase name="Test_Language_Deterministic_Id[1: LanguageTestCase{expectedSeed='Language:ep:', expectedHash=5292269, langCode='ep', countryCode='', country=''}]" classname="com.dotmarketing.business.DeterministicIdentifierAPITest" time="0.001"/>
  <testcase name="Test_Language_Deterministic_Id[2: LanguageTestCase{expectedSeed='Language:sg:SAG', expectedHash=4713118, langCode='sg', countryCode='SAG', country=''}]" classname="com.dotmarketing.business.DeterministicIdentifierAPITest" time="0.001"/>
  <testcase name="Test_Language_Deterministic_Id[3: LanguageTestCase{expectedSeed='Language:en:NZ', expectedHash=5382528, langCode='en', countryCode='NZ', country='New Zealand'}]" classname="com.dotmarketing.business.DeterministicIdentifierAPITest" time="0.001"/>
  <testcase name="Test_Category_None_Persisted_Category_Should_Return_Deterministic_Id" classname="com.dotmarketing.business.DeterministicIdentifierAPITest" time="0.001"/>
  <testcase name="Test_Asset_Generate_Deterministic_Id_Best_Effort[0: TestCase{versionable=my.host1688085234141.com, parent=System Host, expectedName='my.host1688085234141.com', expectedType='Host'}]" classname="com.dotmarketing.business.DeterministicIdentifierAPITest" time="0.004"/>
  <testcase name="Test_Asset_Generate_Deterministic_Id_Best_Effort[1: TestCase{versionable=com.dotmarketing.portlets.contentlet.model.Contentlet@2877e1a[map={modDate=2023-06-30 00:33:54.86, fileName=file17890410334205730551.txt, title=file17890410334205730551.txt, inode=69c77112-d31f-45c5-be00-5a6f0ba20363, __IS_NEW_CONTENT__=true, disabledWYSIWYG=[], host=0cdfb6c2-b309-42fd-9de0-c29b425aa9ba, stInode=33888b6f-7a8e-4069-b1b6-5c1aa9d0a48d, owner=system, identifier=4293b03e-6fcb-4d52-b353-5ada5c390c0e, nullProperties=[wfExpireDate, wfPublishDate, wfActionAssign, wfActionId, wfActionComments, filterKey, whereToSend, wfNeverExpire, _path_to_move, timezoneId, iWantTo, wfPublishTime, wfExpireTime], languageId=1, fileAsset=/home/runner/work/core/custom/assets/6/9/69c77112-d31f-45c5-be00-5a6f0ba20363/fileAsset/file17890410334205730551.txt, folder=33adfe12-22a9-43f6-a3df-650e5310b4b3, __disable_workflow__=true, sortOrder=0, modUser=system},lowIndexPriority=false,variantId=DEFAULT], parent=com.dotmarketing.portlets.folders.model.Folder@16b246eb[identifier=33adfe12-22a9-43f6-a3df-650e5310b4b3,name=testName1688085234853,sortOrder=0,showOnMenu=false,hostId=0cdfb6c2-b309-42fd-9de0-c29b425aa9ba,type=folder,title=testTitle1688085234853,filesMasks=,defaultFileType=33888b6f-7a8e-4069-b1b6-5c1aa9d0a48d,modDate=2023-06-30 00:33:54.856,owner=&lt;null&gt;,iDate=2023-06-30 00:33:54.856,inode=33adfe12-22a9-43f6-a3df-650e5310b4b3,path=/testName1688085234853/], expectedName='file17890410334205730551.txt', expectedType='FileAsset'}]" classname="com.dotmarketing.business.DeterministicIdentifierAPITest" time="0.003"/>
  <testcase name="Test_Asset_Generate_Deterministic_Id_Best_Effort[2: TestCase{versionable=com.dotmarketing.portlets.templates.model.Template@6a5abf95, parent=my.host1688085234141.com, expectedName='testTitle1688085234980', expectedType='Template'}]" classname="com.dotmarketing.business.DeterministicIdentifierAPITest" time="0.002"/>
  <testcase name="Test_Asset_Generate_Deterministic_Id_Best_Effort[3: TestCase{versionable=com.dotmarketing.portlets.htmlpageasset.model.HTMLPageAsset@c514586[map={template=829d4194-3c57-446d-87b7-b04a70cf9e0c, owner=system, identifier=baf9ef70-010c-4de9-9bfb-1025b8d98ccc, nullProperties=[wfExpireDate, wfPublishDate, wfActionAssign, wfActionId, wfActionComments, filterKey, whereToSend, wfNeverExpire, _path_to_move, timezoneId, iWantTo, wfPublishTime, wfExpireTime], modDate=2023-06-30 00:33:54.998, cachettl=0, _is_test_mode=true, languageId=1, title=test-page-title-1688085234993, httpsreq=, url=test-page-url-1688085234993, showOnMenu=, inode=75a0b096-d5a5-4d15-9ac4-6be120de9815, folder=33adfe12-22a9-43f6-a3df-650e5310b4b3, disabledWYSIWYG=[], sortOrder=1, modUser=system, host=0cdfb6c2-b309-42fd-9de0-c29b425aa9ba, stInode=c541abb1-69b3-4bc5-8430-5e09e5239cc8, friendlyName=test-page-friendly-name-1688085234993},lowIndexPriority=false,variantId=DEFAULT], parent=com.dotmarketing.portlets.folders.model.Folder@16b246eb[identifier=33adfe12-22a9-43f6-a3df-650e5310b4b3,name=testName1688085234853,sortOrder=0,showOnMenu=false,hostId=0cdfb6c2-b309-42fd-9de0-c29b425aa9ba,type=folder,title=testTitle1688085234853,filesMasks=,defaultFileType=33888b6f-7a8e-4069-b1b6-5c1aa9d0a48d,modDate=2023-06-30 00:33:54.856,owner=&lt;null&gt;,iDate=2023-06-30 00:33:54.856,inode=33adfe12-22a9-43f6-a3df-650e5310b4b3,path=/testName1688085234853/], expectedName='test-page-url-1688085234993', expectedType='htmlpageasset'}]" classname="com.dotmarketing.business.DeterministicIdentifierAPITest" time="0.003"/>
  <testcase name="Test_Asset_Generate_Deterministic_Id_Best_Effort[4: TestCase{versionable=com.dotmarketing.portlets.contentlet.model.Contentlet@387497c0[map={fileAsset2=/home/runner/work/core/custom/assets/d/e/debc3dec-f778-427b-b2b7-b5bdfa794b9d/fileAsset2/test_binary1688085236868.png, modDate=2023-06-30 00:33:56.873, fileAsset1=/home/runner/work/core/custom/assets/d/e/debc3dec-f778-427b-b2b7-b5bdfa794b9d/fileAsset1/test_binary1688085236868.jpg, title=blah, inode=debc3dec-f778-427b-b2b7-b5bdfa794b9d, __IS_NEW_CONTENT__=true, disabledWYSIWYG=[], host=48190c8c-42c4-46af-8d1a-0cd5db894797, stInode=cb40d43a-87e5-4970-a7fb-68d4f2ab206b, owner=system, identifier=d471ce53-8e6a-4f3c-afdd-4e5f1940381c, nullProperties=[], languageId=1, image1=30915a6b-9347-43a1-ac87-330d17277c14, folder=SYSTEM_FOLDER, __disable_workflow__=true, sortOrder=0, modUser=system},lowIndexPriority=false,variantId=DEFAULT], parent=demo.dotcms.com, expectedName='test_binary1688085236868.jpg:test_binary1688085236868.png', expectedType='MultipleBinaries1688085235212'}]" classname="com.dotmarketing.business.DeterministicIdentifierAPITest" time="0.003"/>
  <testcase name="Test_Asset_Generate_Deterministic_Id_Best_Effort[5: TestCase{versionable=name965df9234b : keyTag965df9234b, parent=my.host1688085234141.com, expectedName='keyTag965df9234b', expectedType='persona'}]" classname="com.dotmarketing.business.DeterministicIdentifierAPITest" time="0.002"/>
  <testcase name="Test_Similar_Content_Type_Wont_Clash" classname="com.dotmarketing.business.DeterministicIdentifierAPITest" time="0.412"/>
  <testcase name="Test_Generate_Folder_Identifier" classname="com.dotmarketing.business.DeterministicIdentifierAPITest" time="0.982"/>
  <testcase name="Test_Generate_Content_Type_Identifier[0: ContentTypeTestCase{contentType=KeyValueContentType{name=Language Variable, id=f4d7c1b8-2c88-4071-abf1-a5328977b07d, description=Default Content Type for Language Variables, defaultType=false, fixed=true, iDate=Thu Aug 31 16:38:49 UTC 2017, system=true, versionable=true, variable=Languagevariable, modDate=Thu Jun 29 23:25:53 UTC 2023, host=SYSTEM_HOST, siteName=systemHost, icon=language, sortOrder=0, folder=SYSTEM_FOLDER, folderPath=/, markedForDeletion=true, multilingualable=false}, expectedName='Languagevariable', expectedType='KeyValue'}]" classname="com.dotmarketing.business.DeterministicIdentifierAPITest" time="0.005"/>
  <testcase name="Test_Generate_Content_Type_Identifier[1: ContentTypeTestCase{contentType=SimpleContentType{name=testName1688085237305, id=e304e62f-6985-44e3-a952-b559da93a416, description=testDescription1688085237305, defaultType=false, fixed=false, iDate=Fri Jun 30 00:33:57 UTC 2023, system=false, versionable=true, multilingualable=false, variable=testVarname1688085237305, owner=system, modDate=Fri Jun 30 00:33:58 UTC 2023, host=48190c8c-42c4-46af-8d1a-0cd5db894797, siteName=demo.dotcms.com, icon=event_note, sortOrder=0, folder=SYSTEM_FOLDER, folderPath=/, requiredFields=[], markedForDeletion=false}, expectedName='testVarname1688085237305', expectedType='CONTENT'}]" classname="com.dotmarketing.business.DeterministicIdentifierAPITest" time="0.004"/>
  <system-out><![CDATA[]]></system-out>
  <system-err><![CDATA[]]></system-err>
</testsuite>
