<?xml version="1.0" encoding="UTF-8"?>
<testsuite name="com.dotmarketing.startup.runonce.Task210719CleanUpTitleFieldTest" tests="1" skipped="0" failures="0" errors="0" timestamp="2023-07-08T06:11:08" hostname="fv-az351-324" time="0.008">
  <properties/>
  <testcase name="testExecuteUpgrade" classname="com.dotmarketing.startup.runonce.Task210719CleanUpTitleFieldTest" time="0.008"/>
  <system-out><![CDATA[]]></system-out>
  <system-err><![CDATA[]]></system-err>
</testsuite>
