<?xml version="1.0" encoding="UTF-8"?>
<testsuite name="com.dotcms.rest.TagResourceIntegrationTest" tests="4" skipped="0" failures="0" errors="0" timestamp="2023-07-10T21:39:27" hostname="fv-az351-324" time="0.294">
  <properties/>
  <testcase name="testList[0: com.dotcms.rest.TagResourceTestCase@5decfd05]" classname="com.dotcms.rest.TagResourceIntegrationTest" time="0.221"/>
  <testcase name="testList[1: com.dotcms.rest.TagResourceTestCase@603bc393]" classname="com.dotcms.rest.TagResourceIntegrationTest" time="0.02"/>
  <testcase name="testList[2: com.dotcms.rest.TagResourceTestCase@70db895e]" classname="com.dotcms.rest.TagResourceIntegrationTest" time="0.027"/>
  <testcase name="testList[3: com.dotcms.rest.TagResourceTestCase@2e1c958f]" classname="com.dotcms.rest.TagResourceIntegrationTest" time="0.024"/>
  <system-out><![CDATA[]]></system-out>
  <system-err><![CDATA[Jul 10, 2023 9:39:27 PM com.dotcms.repackage.org.hibernate.validator.internal.util.Version <clinit>
INFO: HV000001: Hibernate Validator 4.3.2.Final
]]></system-err>
</testsuite>
