<?xml version="1.0" encoding="UTF-8"?>
<testsuite name="com.dotcms.publishing.manifest.ManifestReaderFactoryTest" tests="1" skipped="0" failures="0" errors="0" timestamp="2023-07-14T20:59:58" hostname="fv-az251-985" time="0.092">
  <properties/>
  <testcase name="createCSVManifestReader" classname="com.dotcms.publishing.manifest.ManifestReaderFactoryTest" time="0.092"/>
  <system-out><![CDATA[
]]></system-out>
  <system-err><![CDATA[]]></system-err>
</testsuite>
