<?xml version="1.0" encoding="UTF-8"?>
<testsuite name="com.dotcms.rest.api.v1.vtl.VTLResourceIntegrationTest" tests="6" skipped="0" failures="0" errors="0" timestamp="2023-06-30T14:29:22" hostname="fv-az589-574" time="11.03">
  <properties/>
  <testcase name="testGet[0: com.dotcms.rest.api.v1.vtl.VTLResourceTestCase@35a6aa25]" classname="com.dotcms.rest.api.v1.vtl.VTLResourceIntegrationTest" time="2.102"/>
  <testcase name="testGet[1: com.dotcms.rest.api.v1.vtl.VTLResourceTestCase@3e60457f]" classname="com.dotcms.rest.api.v1.vtl.VTLResourceIntegrationTest" time="1.075"/>
  <testcase name="testGet[2: com.dotcms.rest.api.v1.vtl.VTLResourceTestCase@2471ade0]" classname="com.dotcms.rest.api.v1.vtl.VTLResourceIntegrationTest" time="1.912"/>
  <testcase name="testGet[3: com.dotcms.rest.api.v1.vtl.VTLResourceTestCase@20a76ee3]" classname="com.dotcms.rest.api.v1.vtl.VTLResourceIntegrationTest" time="2.046"/>
  <testcase name="testGet[4: com.dotcms.rest.api.v1.vtl.VTLResourceTestCase@20d00f50]" classname="com.dotcms.rest.api.v1.vtl.VTLResourceIntegrationTest" time="2.014"/>
  <testcase name="testGet[5: com.dotcms.rest.api.v1.vtl.VTLResourceTestCase@1c27fd88]" classname="com.dotcms.rest.api.v1.vtl.VTLResourceIntegrationTest" time="1.881"/>
  <system-out><![CDATA[]]></system-out>
  <system-err><![CDATA[]]></system-err>
</testsuite>
