<?xml version="1.0" encoding="UTF-8"?>
<testsuite name="com.dotmarketing.startup.runonce.Task230707CreateSystemTableTest" tests="1" skipped="0" failures="0" errors="0" timestamp="2023-07-10T22:41:21" hostname="fv-az351-324" time="0.015">
  <properties/>
  <testcase name="executeTaskUpgrade" classname="com.dotmarketing.startup.runonce.Task230707CreateSystemTableTest" time="0.015"/>
  <system-out><![CDATA[]]></system-out>
  <system-err><![CDATA[]]></system-err>
</testsuite>
