<?xml version="1.0" encoding="UTF-8"?>
<testsuite name="com.dotmarketing.business.DeterministicIdentifierAPITest" tests="16" skipped="0" failures="0" errors="0" timestamp="2023-06-28T21:17:10" hostname="fv-az578-184" time="1.529">
  <properties/>
  <testcase name="Test_Category_Path_Seed_And_Id" classname="com.dotmarketing.business.DeterministicIdentifierAPITest" time="0.026"/>
  <testcase name="Test_Language_Deterministic_Id[0: LanguageTestCase{expectedSeed='Language:es:US', expectedHash=4913155, langCode='es', countryCode='US', country='United States'}]" classname="com.dotmarketing.business.DeterministicIdentifierAPITest" time="0.001"/>
  <testcase name="Test_Language_Deterministic_Id[1: LanguageTestCase{expectedSeed='Language:ep:', expectedHash=5292269, langCode='ep', countryCode='', country=''}]" classname="com.dotmarketing.business.DeterministicIdentifierAPITest" time="0.0"/>
  <testcase name="Test_Language_Deterministic_Id[2: LanguageTestCase{expectedSeed='Language:sg:SAG', expectedHash=4713118, langCode='sg', countryCode='SAG', country=''}]" classname="com.dotmarketing.business.DeterministicIdentifierAPITest" time="0.0"/>
  <testcase name="Test_Language_Deterministic_Id[3: LanguageTestCase{expectedSeed='Language:en:NZ', expectedHash=5382528, langCode='en', countryCode='NZ', country='New Zealand'}]" classname="com.dotmarketing.business.DeterministicIdentifierAPITest" time="0.0"/>
  <testcase name="Test_Category_None_Persisted_Category_Should_Return_Deterministic_Id" classname="com.dotmarketing.business.DeterministicIdentifierAPITest" time="0.001"/>
  <testcase name="Test_Asset_Generate_Deterministic_Id_Best_Effort[0: TestCase{versionable=my.host1687986646554.com, parent=System Host, expectedName='my.host1687986646554.com', expectedType='Host'}]" classname="com.dotmarketing.business.DeterministicIdentifierAPITest" time="0.003"/>
  <testcase name="Test_Asset_Generate_Deterministic_Id_Best_Effort[1: TestCase{versionable=com.dotmarketing.portlets.contentlet.model.Contentlet@32dec363[map={modDate=2023-06-28 21:10:47.42, fileName=file14871079482943168835.txt, title=file14871079482943168835.txt, inode=e0e73dad-793a-4eac-a77f-82b07cc5883b, __IS_NEW_CONTENT__=true, disabledWYSIWYG=[], host=7b76a1f5-3aa1-4afa-8773-367c8806cdd1, stInode=33888b6f-7a8e-4069-b1b6-5c1aa9d0a48d, owner=system, identifier=f491e9d8-0ed3-4f58-820d-9a5095ef0993, nullProperties=[wfExpireDate, wfPublishDate, wfActionAssign, wfActionId, wfActionComments, filterKey, whereToSend, wfNeverExpire, _path_to_move, timezoneId, iWantTo, wfPublishTime, wfExpireTime], languageId=1, fileAsset=/home/runner/work/core/custom/assets/e/0/e0e73dad-793a-4eac-a77f-82b07cc5883b/fileAsset/file14871079482943168835.txt, folder=0cc99ca4-330b-40f1-8828-a19103fbd241, __disable_workflow__=true, sortOrder=0, modUser=system},lowIndexPriority=false,variantId=DEFAULT], parent=com.dotmarketing.portlets.folders.model.Folder@7cc6adac[identifier=0cc99ca4-330b-40f1-8828-a19103fbd241,name=testName1687986647413,sortOrder=0,showOnMenu=false,hostId=7b76a1f5-3aa1-4afa-8773-367c8806cdd1,type=folder,title=testTitle1687986647413,filesMasks=,defaultFileType=33888b6f-7a8e-4069-b1b6-5c1aa9d0a48d,modDate=2023-06-28 21:10:47.416,owner=&lt;null&gt;,iDate=2023-06-28 21:10:47.416,inode=0cc99ca4-330b-40f1-8828-a19103fbd241,path=/testName1687986647413/], expectedName='file14871079482943168835.txt', expectedType='FileAsset'}]" classname="com.dotmarketing.business.DeterministicIdentifierAPITest" time="0.003"/>
  <testcase name="Test_Asset_Generate_Deterministic_Id_Best_Effort[2: TestCase{versionable=com.dotmarketing.portlets.templates.model.Template@af183bca, parent=my.host1687986646554.com, expectedName='testTitle1687986647521', expectedType='Template'}]" classname="com.dotmarketing.business.DeterministicIdentifierAPITest" time="0.002"/>
  <testcase name="Test_Asset_Generate_Deterministic_Id_Best_Effort[3: TestCase{versionable=com.dotmarketing.portlets.htmlpageasset.model.HTMLPageAsset@3362db95[map={template=485424d3-6f51-4ece-858e-e90239323c28, owner=system, identifier=8296eb99-6b38-4c79-83d4-ab960fb5ea87, nullProperties=[wfExpireDate, wfPublishDate, wfActionAssign, wfActionId, wfActionComments, filterKey, whereToSend, wfNeverExpire, _path_to_move, timezoneId, iWantTo, wfPublishTime, wfExpireTime], modDate=2023-06-28 21:10:47.543, cachettl=0, _is_test_mode=true, languageId=1, title=test-page-title-1687986647537, httpsreq=, url=test-page-url-1687986647537, showOnMenu=, inode=fa3e06f0-d21a-482d-ba53-e2076838c75e, folder=0cc99ca4-330b-40f1-8828-a19103fbd241, disabledWYSIWYG=[], sortOrder=1, modUser=system, host=7b76a1f5-3aa1-4afa-8773-367c8806cdd1, stInode=c541abb1-69b3-4bc5-8430-5e09e5239cc8, friendlyName=test-page-friendly-name-1687986647537},lowIndexPriority=false,variantId=DEFAULT], parent=com.dotmarketing.portlets.folders.model.Folder@7cc6adac[identifier=0cc99ca4-330b-40f1-8828-a19103fbd241,name=testName1687986647413,sortOrder=0,showOnMenu=false,hostId=7b76a1f5-3aa1-4afa-8773-367c8806cdd1,type=folder,title=testTitle1687986647413,filesMasks=,defaultFileType=33888b6f-7a8e-4069-b1b6-5c1aa9d0a48d,modDate=2023-06-28 21:10:47.416,owner=&lt;null&gt;,iDate=2023-06-28 21:10:47.416,inode=0cc99ca4-330b-40f1-8828-a19103fbd241,path=/testName1687986647413/], expectedName='test-page-url-1687986647537', expectedType='htmlpageasset'}]" classname="com.dotmarketing.business.DeterministicIdentifierAPITest" time="0.002"/>
  <testcase name="Test_Asset_Generate_Deterministic_Id_Best_Effort[4: TestCase{versionable=com.dotmarketing.portlets.contentlet.model.Contentlet@c5d6540[map={fileAsset2=/home/runner/work/core/custom/assets/7/c/7c647a18-9938-400b-afe0-f34f632506cd/fileAsset2/test_binary1687986648394.png, modDate=2023-06-28 21:10:48.4, fileAsset1=/home/runner/work/core/custom/assets/7/c/7c647a18-9938-400b-afe0-f34f632506cd/fileAsset1/test_binary1687986648394.jpg, title=blah, inode=7c647a18-9938-400b-afe0-f34f632506cd, __IS_NEW_CONTENT__=true, disabledWYSIWYG=[], host=48190c8c-42c4-46af-8d1a-0cd5db894797, stInode=5ec360fe-a0c4-4cdb-8b0e-d9419b77be97, owner=system, identifier=4072d819-d2d9-495d-96c3-fd703dfc3d3e, nullProperties=[], languageId=1, image1=94805d1e-45e8-4739-b741-350942a5ac58, folder=SYSTEM_FOLDER, __disable_workflow__=true, sortOrder=0, modUser=system},lowIndexPriority=false,variantId=DEFAULT], parent=demo.dotcms.com, expectedName='test_binary1687986648394.jpg:test_binary1687986648394.png', expectedType='MultipleBinaries1687986647729'}]" classname="com.dotmarketing.business.DeterministicIdentifierAPITest" time="0.003"/>
  <testcase name="Test_Asset_Generate_Deterministic_Id_Best_Effort[5: TestCase{versionable=namea0f5e2caff : keyTaga0f5e2caff, parent=my.host1687986646554.com, expectedName='keyTaga0f5e2caff', expectedType='persona'}]" classname="com.dotmarketing.business.DeterministicIdentifierAPITest" time="0.002"/>
  <testcase name="Test_Similar_Content_Type_Wont_Clash" classname="com.dotmarketing.business.DeterministicIdentifierAPITest" time="0.437"/>
  <testcase name="Test_Generate_Folder_Identifier" classname="com.dotmarketing.business.DeterministicIdentifierAPITest" time="1.032"/>
  <testcase name="Test_Generate_Content_Type_Identifier[0: ContentTypeTestCase{contentType=KeyValueContentType{name=Language Variable, id=f4d7c1b8-2c88-4071-abf1-a5328977b07d, description=Default Content Type for Language Variables, defaultType=false, fixed=true, iDate=Thu Aug 31 16:38:49 UTC 2017, system=true, versionable=true, variable=Languagevariable, modDate=Wed Jun 28 20:02:38 UTC 2023, host=SYSTEM_HOST, siteName=systemHost, icon=language, sortOrder=0, folder=SYSTEM_FOLDER, folderPath=/, markedForDeletion=true, multilingualable=false}, expectedName='Languagevariable', expectedType='KeyValue'}]" classname="com.dotmarketing.business.DeterministicIdentifierAPITest" time="0.005"/>
  <testcase name="Test_Generate_Content_Type_Identifier[1: ContentTypeTestCase{contentType=SimpleContentType{name=testName1687986648815, id=f9e3f9b7-ccfe-4a52-975d-ee0eb66b4f63, description=testDescription1687986648815, defaultType=false, fixed=false, iDate=Wed Jun 28 21:10:48 UTC 2023, system=false, versionable=true, multilingualable=false, variable=testVarname1687986648815, owner=system, modDate=Wed Jun 28 21:10:49 UTC 2023, host=48190c8c-42c4-46af-8d1a-0cd5db894797, siteName=demo.dotcms.com, icon=event_note, sortOrder=0, folder=SYSTEM_FOLDER, folderPath=/, requiredFields=[], markedForDeletion=false}, expectedName='testVarname1687986648815', expectedType='CONTENT'}]" classname="com.dotmarketing.business.DeterministicIdentifierAPITest" time="0.004"/>
  <system-out><![CDATA[]]></system-out>
  <system-err><![CDATA[]]></system-err>
</testsuite>
