<?xml version="1.0" encoding="UTF-8"?>
<testsuite name="com.dotcms.rendering.velocity.viewtools.WorkflowToolTest" tests="2" skipped="0" failures="0" errors="0" timestamp="2023-06-28T16:43:30" hostname="fv-az585-827" time="2.83">
  <properties/>
  <testcase name="testFire[0: com.dotcms.rendering.velocity.viewtools.WorkflowToolFireTestCase@6c90e6d3]" classname="com.dotcms.rendering.velocity.viewtools.WorkflowToolTest" time="1.531"/>
  <testcase name="testFire[1: com.dotcms.rendering.velocity.viewtools.WorkflowToolFireTestCase@2dbade1b]" classname="com.dotcms.rendering.velocity.viewtools.WorkflowToolTest" time="1.299"/>
  <system-out><![CDATA[]]></system-out>
  <system-err><![CDATA[]]></system-err>
</testsuite>
