<?xml version="1.0" encoding="UTF-8"?>
<testsuite name="com.dotmarketing.portlets.structure.model.ContentletRelationshipsTest" tests="7" skipped="0" failures="0" errors="0" timestamp="2023-06-30T19:54:49" hostname="fv-az470-104" time="8.601">
  <properties/>
  <testcase name="testDoesAllowOnlyOne[0: com.dotmarketing.portlets.structure.model.ContentletRelationshipsTest$CardinalityTestCase@2909e870]" classname="com.dotmarketing.portlets.structure.model.ContentletRelationshipsTest" time="0.446"/>
  <testcase name="testDoesAllowOnlyOne[1: com.dotmarketing.portlets.structure.model.ContentletRelationshipsTest$CardinalityTestCase@47cfa4b6]" classname="com.dotmarketing.portlets.structure.model.ContentletRelationshipsTest" time="0.388"/>
  <testcase name="testDoesAllowOnlyOne[2: com.dotmarketing.portlets.structure.model.ContentletRelationshipsTest$CardinalityTestCase@6a64ceff]" classname="com.dotmarketing.portlets.structure.model.ContentletRelationshipsTest" time="0.423"/>
  <testcase name="testGetRelationshipRecords[0: com.dotmarketing.portlets.structure.model.ContentletRelationshipsTest$TestCase@758285cc]" classname="com.dotmarketing.portlets.structure.model.ContentletRelationshipsTest" time="1.883"/>
  <testcase name="testGetRelationshipRecords[1: com.dotmarketing.portlets.structure.model.ContentletRelationshipsTest$TestCase@13aea964]" classname="com.dotmarketing.portlets.structure.model.ContentletRelationshipsTest" time="1.926"/>
  <testcase name="testGetRelationshipRecords[2: com.dotmarketing.portlets.structure.model.ContentletRelationshipsTest$TestCase@29fe55b3]" classname="com.dotmarketing.portlets.structure.model.ContentletRelationshipsTest" time="1.785"/>
  <testcase name="testGetRelationshipRecords[3: com.dotmarketing.portlets.structure.model.ContentletRelationshipsTest$TestCase@65216545]" classname="com.dotmarketing.portlets.structure.model.ContentletRelationshipsTest" time="1.749"/>
  <system-out><![CDATA[]]></system-out>
  <system-err><![CDATA[]]></system-err>
</testsuite>
