<?xml version="1.0" encoding="UTF-8"?>
<testsuite name="com.dotmarketing.portlets.structure.model.ContentletRelationshipsTest" tests="7" skipped="0" failures="0" errors="0" timestamp="2023-06-30T23:18:32" hostname="fv-az257-412" time="8.705">
  <properties/>
  <testcase name="testDoesAllowOnlyOne[0: com.dotmarketing.portlets.structure.model.ContentletRelationshipsTest$CardinalityTestCase@4547a63c]" classname="com.dotmarketing.portlets.structure.model.ContentletRelationshipsTest" time="0.577"/>
  <testcase name="testDoesAllowOnlyOne[1: com.dotmarketing.portlets.structure.model.ContentletRelationshipsTest$CardinalityTestCase@56f76b05]" classname="com.dotmarketing.portlets.structure.model.ContentletRelationshipsTest" time="0.54"/>
  <testcase name="testDoesAllowOnlyOne[2: com.dotmarketing.portlets.structure.model.ContentletRelationshipsTest$CardinalityTestCase@432d161]" classname="com.dotmarketing.portlets.structure.model.ContentletRelationshipsTest" time="0.554"/>
  <testcase name="testGetRelationshipRecords[0: com.dotmarketing.portlets.structure.model.ContentletRelationshipsTest$TestCase@f237880]" classname="com.dotmarketing.portlets.structure.model.ContentletRelationshipsTest" time="2.135"/>
  <testcase name="testGetRelationshipRecords[1: com.dotmarketing.portlets.structure.model.ContentletRelationshipsTest$TestCase@77ad591e]" classname="com.dotmarketing.portlets.structure.model.ContentletRelationshipsTest" time="2.087"/>
  <testcase name="testGetRelationshipRecords[2: com.dotmarketing.portlets.structure.model.ContentletRelationshipsTest$TestCase@1aefbbad]" classname="com.dotmarketing.portlets.structure.model.ContentletRelationshipsTest" time="1.902"/>
  <testcase name="testGetRelationshipRecords[3: com.dotmarketing.portlets.structure.model.ContentletRelationshipsTest$TestCase@8c4c848]" classname="com.dotmarketing.portlets.structure.model.ContentletRelationshipsTest" time="0.908"/>
  <system-out><![CDATA[]]></system-out>
  <system-err><![CDATA[]]></system-err>
</testsuite>
