<?xml version="1.0" encoding="UTF-8"?>
<testsuite name="com.dotcms.rest.api.v1.vtl.VTLResourceIntegrationTest" tests="6" skipped="0" failures="0" errors="0" timestamp="2023-07-04T01:52:30" hostname="fv-az951-870" time="14.023">
  <properties/>
  <testcase name="testGet[0: com.dotcms.rest.api.v1.vtl.VTLResourceTestCase@36944eef]" classname="com.dotcms.rest.api.v1.vtl.VTLResourceIntegrationTest" time="3.072"/>
  <testcase name="testGet[1: com.dotcms.rest.api.v1.vtl.VTLResourceTestCase@5bc167f7]" classname="com.dotcms.rest.api.v1.vtl.VTLResourceIntegrationTest" time="1.787"/>
  <testcase name="testGet[2: com.dotcms.rest.api.v1.vtl.VTLResourceTestCase@539fc204]" classname="com.dotcms.rest.api.v1.vtl.VTLResourceIntegrationTest" time="2.25"/>
  <testcase name="testGet[3: com.dotcms.rest.api.v1.vtl.VTLResourceTestCase@67400447]" classname="com.dotcms.rest.api.v1.vtl.VTLResourceIntegrationTest" time="3.086"/>
  <testcase name="testGet[4: com.dotcms.rest.api.v1.vtl.VTLResourceTestCase@7337dd76]" classname="com.dotcms.rest.api.v1.vtl.VTLResourceIntegrationTest" time="2.684"/>
  <testcase name="testGet[5: com.dotcms.rest.api.v1.vtl.VTLResourceTestCase@2319e238]" classname="com.dotcms.rest.api.v1.vtl.VTLResourceIntegrationTest" time="1.142"/>
  <system-out><![CDATA[]]></system-out>
  <system-err><![CDATA[]]></system-err>
</testsuite>
