<?xml version="1.0" encoding="UTF-8"?>
<testsuite name="com.dotmarketing.business.DeterministicIdentifierAPITest" tests="16" skipped="0" failures="0" errors="0" timestamp="2023-07-17T19:41:19" hostname="fv-az563-445" time="1.536">
  <properties/>
  <testcase name="Test_Category_Path_Seed_And_Id" classname="com.dotmarketing.business.DeterministicIdentifierAPITest" time="0.033"/>
  <testcase name="Test_Language_Deterministic_Id[0: LanguageTestCase{expectedSeed='Language:es:US', expectedHash=4913155, langCode='es', countryCode='US', country='United States'}]" classname="com.dotmarketing.business.DeterministicIdentifierAPITest" time="0.002"/>
  <testcase name="Test_Language_Deterministic_Id[1: LanguageTestCase{expectedSeed='Language:ep:', expectedHash=5292269, langCode='ep', countryCode='', country=''}]" classname="com.dotmarketing.business.DeterministicIdentifierAPITest" time="0.001"/>
  <testcase name="Test_Language_Deterministic_Id[2: LanguageTestCase{expectedSeed='Language:sg:SAG', expectedHash=4713118, langCode='sg', countryCode='SAG', country=''}]" classname="com.dotmarketing.business.DeterministicIdentifierAPITest" time="0.0"/>
  <testcase name="Test_Language_Deterministic_Id[3: LanguageTestCase{expectedSeed='Language:en:NZ', expectedHash=5382528, langCode='en', countryCode='NZ', country='New Zealand'}]" classname="com.dotmarketing.business.DeterministicIdentifierAPITest" time="0.001"/>
  <testcase name="Test_Category_None_Persisted_Category_Should_Return_Deterministic_Id" classname="com.dotmarketing.business.DeterministicIdentifierAPITest" time="0.002"/>
  <testcase name="Test_Asset_Generate_Deterministic_Id_Best_Effort[0: TestCase{versionable=my.host1689622496091.com, parent=System Host, expectedName='my.host1689622496091.com', expectedType='Host'}]" classname="com.dotmarketing.business.DeterministicIdentifierAPITest" time="0.003"/>
  <testcase name="Test_Asset_Generate_Deterministic_Id_Best_Effort[1: TestCase{versionable=com.dotmarketing.portlets.contentlet.model.Contentlet@7c2186fe[map={modDate=2023-07-17 19:34:56.997, fileName=file11076337963541479520.txt, title=file11076337963541479520.txt, inode=7e8a39bb-c66c-411e-a215-2535a1a1ea2a, __IS_NEW_CONTENT__=true, disabledWYSIWYG=[], host=72766284-0963-47d0-ae20-1b5c657c40ca, stInode=33888b6f-7a8e-4069-b1b6-5c1aa9d0a48d, owner=system, identifier=3e8e3700-45d4-4b92-9001-6b3834b33b0f, nullProperties=[wfExpireDate, wfPublishDate, wfActionAssign, wfActionId, wfActionComments, filterKey, whereToSend, wfNeverExpire, _path_to_move, timezoneId, iWantTo, wfPublishTime, wfExpireTime], languageId=1, fileAsset=/home/runner/work/core/custom/assets/7/e/7e8a39bb-c66c-411e-a215-2535a1a1ea2a/fileAsset/file11076337963541479520.txt, folder=463b6071-8efb-4c97-8af1-dd56e6a87d99, __disable_workflow__=true, sortOrder=0, modUser=system},lowIndexPriority=false,variantId=DEFAULT], parent=com.dotmarketing.portlets.folders.model.Folder@54d6ad2f[identifier=463b6071-8efb-4c97-8af1-dd56e6a87d99,name=testName1689622496989,sortOrder=0,showOnMenu=false,hostId=72766284-0963-47d0-ae20-1b5c657c40ca,type=folder,title=testTitle1689622496989,filesMasks=,defaultFileType=33888b6f-7a8e-4069-b1b6-5c1aa9d0a48d,modDate=2023-07-17 19:34:56.992,owner=&lt;null&gt;,iDate=2023-07-17 19:34:56.992,inode=463b6071-8efb-4c97-8af1-dd56e6a87d99,path=/testName1689622496989/], expectedName='file11076337963541479520.txt', expectedType='FileAsset'}]" classname="com.dotmarketing.business.DeterministicIdentifierAPITest" time="0.004"/>
  <testcase name="Test_Asset_Generate_Deterministic_Id_Best_Effort[2: TestCase{versionable=com.dotmarketing.portlets.templates.model.Template@8fb30e0e, parent=my.host1689622496091.com, expectedName='testTitle1689622497118', expectedType='Template'}]" classname="com.dotmarketing.business.DeterministicIdentifierAPITest" time="0.002"/>
  <testcase name="Test_Asset_Generate_Deterministic_Id_Best_Effort[3: TestCase{versionable=com.dotmarketing.portlets.htmlpageasset.model.HTMLPageAsset@247a1621[map={template=b12bf817-ddfd-4309-8520-e4cbf37bc017, owner=system, identifier=f7333ecc-abb8-4bd9-b892-28d00088e33d, nullProperties=[wfExpireDate, wfPublishDate, wfActionAssign, wfActionId, wfActionComments, filterKey, whereToSend, wfNeverExpire, _path_to_move, timezoneId, iWantTo, wfPublishTime, wfExpireTime], modDate=2023-07-17 19:34:57.137, cachettl=0, _is_test_mode=true, languageId=1, title=test-page-title-1689622497133, httpsreq=, url=test-page-url-1689622497133, showOnMenu=, inode=194eaa14-a326-422e-ba28-445ee3b43a87, folder=463b6071-8efb-4c97-8af1-dd56e6a87d99, disabledWYSIWYG=[], sortOrder=1, modUser=system, host=72766284-0963-47d0-ae20-1b5c657c40ca, stInode=c541abb1-69b3-4bc5-8430-5e09e5239cc8, friendlyName=test-page-friendly-name-1689622497133},lowIndexPriority=false,variantId=DEFAULT], parent=com.dotmarketing.portlets.folders.model.Folder@54d6ad2f[identifier=463b6071-8efb-4c97-8af1-dd56e6a87d99,name=testName1689622496989,sortOrder=0,showOnMenu=false,hostId=72766284-0963-47d0-ae20-1b5c657c40ca,type=folder,title=testTitle1689622496989,filesMasks=,defaultFileType=33888b6f-7a8e-4069-b1b6-5c1aa9d0a48d,modDate=2023-07-17 19:34:56.992,owner=&lt;null&gt;,iDate=2023-07-17 19:34:56.992,inode=463b6071-8efb-4c97-8af1-dd56e6a87d99,path=/testName1689622496989/], expectedName='test-page-url-1689622497133', expectedType='htmlpageasset'}]" classname="com.dotmarketing.business.DeterministicIdentifierAPITest" time="0.003"/>
  <testcase name="Test_Asset_Generate_Deterministic_Id_Best_Effort[4: TestCase{versionable=com.dotmarketing.portlets.contentlet.model.Contentlet@31c053fe[map={fileAsset2=/home/runner/work/core/custom/assets/e/c/ec5211ab-7b5f-4f5a-9fe6-59a1b56f6a43/fileAsset2/test_binary1689622498921.png, modDate=2023-07-17 19:34:58.927, fileAsset1=/home/runner/work/core/custom/assets/e/c/ec5211ab-7b5f-4f5a-9fe6-59a1b56f6a43/fileAsset1/test_binary1689622498921.jpg, title=blah, inode=ec5211ab-7b5f-4f5a-9fe6-59a1b56f6a43, __IS_NEW_CONTENT__=true, disabledWYSIWYG=[], host=48190c8c-42c4-46af-8d1a-0cd5db894797, stInode=c3a6f6cb-196b-4162-9657-d9a63b5e7279, owner=system, identifier=5ca739ce-00af-47a0-b51f-e44d0e1ddb93, nullProperties=[], languageId=1, image1=3c7b4de1-72e0-42ef-98d5-62ef8afcbc66, folder=SYSTEM_FOLDER, __disable_workflow__=true, sortOrder=0, modUser=system},lowIndexPriority=false,variantId=DEFAULT], parent=demo.dotcms.com, expectedName='test_binary1689622498921.jpg:test_binary1689622498921.png', expectedType='MultipleBinaries1689622497375'}]" classname="com.dotmarketing.business.DeterministicIdentifierAPITest" time="0.003"/>
  <testcase name="Test_Asset_Generate_Deterministic_Id_Best_Effort[5: TestCase{versionable=namec3848144b3 : keyTagc3848144b3, parent=my.host1689622496091.com, expectedName='keyTagc3848144b3', expectedType='persona'}]" classname="com.dotmarketing.business.DeterministicIdentifierAPITest" time="0.003"/>
  <testcase name="Test_Similar_Content_Type_Wont_Clash" classname="com.dotmarketing.business.DeterministicIdentifierAPITest" time="0.467"/>
  <testcase name="Test_Generate_Folder_Identifier" classname="com.dotmarketing.business.DeterministicIdentifierAPITest" time="0.999"/>
  <testcase name="Test_Generate_Content_Type_Identifier[0: ContentTypeTestCase{contentType=KeyValueContentType{name=Language Variable, id=f4d7c1b8-2c88-4071-abf1-a5328977b07d, description=Default Content Type for Language Variables, defaultType=false, fixed=true, iDate=Thu Aug 31 16:38:49 UTC 2017, system=true, versionable=true, variable=Languagevariable, modDate=Mon Jul 17 18:29:29 UTC 2023, host=SYSTEM_HOST, siteName=systemHost, icon=language, sortOrder=0, folder=SYSTEM_FOLDER, folderPath=/, markedForDeletion=true, multilingualable=false}, expectedName='Languagevariable', expectedType='KeyValue'}]" classname="com.dotmarketing.business.DeterministicIdentifierAPITest" time="0.006"/>
  <testcase name="Test_Generate_Content_Type_Identifier[1: ContentTypeTestCase{contentType=SimpleContentType{name=testName1689622499309, id=c960518c-0841-4791-ac6c-abb75f7c9c30, description=testDescription1689622499309, defaultType=false, fixed=false, iDate=Mon Jul 17 19:34:59 UTC 2023, system=false, versionable=true, multilingualable=false, variable=testVarname1689622499309, owner=system, modDate=Mon Jul 17 19:35:00 UTC 2023, host=48190c8c-42c4-46af-8d1a-0cd5db894797, siteName=demo.dotcms.com, icon=event_note, sortOrder=0, folder=SYSTEM_FOLDER, folderPath=/, requiredFields=[], markedForDeletion=false}, expectedName='testVarname1689622499309', expectedType='CONTENT'}]" classname="com.dotmarketing.business.DeterministicIdentifierAPITest" time="0.006"/>
  <system-out><![CDATA[]]></system-out>
  <system-err><![CDATA[]]></system-err>
</testsuite>
