<?xml version="1.0" encoding="UTF-8"?>
<testsuite name="com.dotcms.rest.api.v1.theme.ThemeResourceIntegrationTest" tests="12" skipped="0" failures="0" errors="0" timestamp="2023-06-27T15:48:16" hostname="fv-az343-524" time="27.614">
  <properties/>
  <testcase name="test_FindThemById_Success" classname="com.dotcms.rest.api.v1.theme.ThemeResourceIntegrationTest" time="2.362"/>
  <testcase name="test_FindThemes_WhenHostIdIsSent_ReturnsItsThemes" classname="com.dotcms.rest.api.v1.theme.ThemeResourceIntegrationTest" time="2.147"/>
  <testcase name="test_FindThemes_WhenHostIdIsSentAndPerPageEqualsOne_ReturnsOneTheme" classname="com.dotcms.rest.api.v1.theme.ThemeResourceIntegrationTest" time="4.095"/>
  <testcase name="test_FindThemes_WhenInvalidHostId_ReturnsDoesNotExistException" classname="com.dotcms.rest.api.v1.theme.ThemeResourceIntegrationTest" time="0.832"/>
  <testcase name="test_FindThemById_IdNotExists_returnDoesNotExistException" classname="com.dotcms.rest.api.v1.theme.ThemeResourceIntegrationTest" time="0.825"/>
  <testcase name="test_FindThemeByIdWithArchivedThemePNG_MustNotReturnThemeThumbnail" classname="com.dotcms.rest.api.v1.theme.ThemeResourceIntegrationTest" time="2.735"/>
  <testcase name="test_FindThemeByIdWithPublishedThemePNG_ReturnsThemeThumbnail" classname="com.dotcms.rest.api.v1.theme.ThemeResourceIntegrationTest" time="3.195"/>
  <testcase name="test_FindThemeByIdWithUnpublishedThemePNG_MustNotReturnThemeThumbnail" classname="com.dotcms.rest.api.v1.theme.ThemeResourceIntegrationTest" time="2.806"/>
  <testcase name="test_FindThemes_WhenHostIdAndSearchParamsAreSent_ReturnsItsThemes" classname="com.dotcms.rest.api.v1.theme.ThemeResourceIntegrationTest" time="4.703"/>
  <testcase name="test_FindThemes_WhenHostIdIsSystemTheme_ReturnsSystemTheme" classname="com.dotcms.rest.api.v1.theme.ThemeResourceIntegrationTest" time="0.875"/>
  <testcase name="test_FindThemes_LimitedUserWithoutPermissions_PaginationException" classname="com.dotcms.rest.api.v1.theme.ThemeResourceIntegrationTest" time="2.165"/>
  <testcase name="test_FindThemes_WhenHostIdIsNotSent_ReturnsBadRequest" classname="com.dotcms.rest.api.v1.theme.ThemeResourceIntegrationTest" time="0.872"/>
  <system-out><![CDATA[]]></system-out>
  <system-err><![CDATA[]]></system-err>
</testsuite>
