<?xml version="1.0" encoding="UTF-8"?>
<testsuite name="com.dotcms.rest.elasticsearch.ESContentResourcePortletTest" tests="8" skipped="0" failures="0" errors="0" timestamp="2023-07-14T20:46:42" hostname="fv-az551-988" time="8.822">
  <properties/>
  <testcase name="test_search_includeGrandChildCategory_success" classname="com.dotcms.rest.elasticsearch.ESContentResourcePortletTest" time="1.619"/>
  <testcase name="testSearch[0: com.dotcms.rest.elasticsearch.ESContentResourcePortletTest$TestCase@68dc9312]" classname="com.dotcms.rest.elasticsearch.ESContentResourcePortletTest" time="1.052"/>
  <testcase name="testSearch[1: com.dotcms.rest.elasticsearch.ESContentResourcePortletTest$TestCase@286d96fd]" classname="com.dotcms.rest.elasticsearch.ESContentResourcePortletTest" time="1.348"/>
  <testcase name="testSearch[2: com.dotcms.rest.elasticsearch.ESContentResourcePortletTest$TestCase@5e63d8d2]" classname="com.dotcms.rest.elasticsearch.ESContentResourcePortletTest" time="1.06"/>
  <testcase name="testSearch[3: com.dotcms.rest.elasticsearch.ESContentResourcePortletTest$TestCase@448b4838]" classname="com.dotcms.rest.elasticsearch.ESContentResourcePortletTest" time="0.301"/>
  <testcase name="testSearch[4: com.dotcms.rest.elasticsearch.ESContentResourcePortletTest$TestCase@484317b8]" classname="com.dotcms.rest.elasticsearch.ESContentResourcePortletTest" time="1.365"/>
  <testcase name="testSearch[5: com.dotcms.rest.elasticsearch.ESContentResourcePortletTest$TestCase@cddba33]" classname="com.dotcms.rest.elasticsearch.ESContentResourcePortletTest" time="1.013"/>
  <testcase name="testSearch[6: com.dotcms.rest.elasticsearch.ESContentResourcePortletTest$TestCase@4cb85632]" classname="com.dotcms.rest.elasticsearch.ESContentResourcePortletTest" time="1.063"/>
  <system-out><![CDATA[]]></system-out>
  <system-err><![CDATA[]]></system-err>
</testsuite>
