<?xml version="1.0" encoding="UTF-8"?>
<testsuite name="com.dotmarketing.servlets.ajax.AjaxDirectorServletIntegrationTest" tests="2" skipped="0" failures="0" errors="0" timestamp="2023-07-03T22:18:57" hostname="fv-az344-336" time="1.087">
  <properties/>
  <testcase name="testService[0: com.dotmarketing.servlets.ajax.AjaxDirectorServletTestCase@1b96c83]" classname="com.dotmarketing.servlets.ajax.AjaxDirectorServletIntegrationTest" time="0.807"/>
  <testcase name="testService[1: com.dotmarketing.servlets.ajax.AjaxDirectorServletTestCase@be412be]" classname="com.dotmarketing.servlets.ajax.AjaxDirectorServletIntegrationTest" time="0.28"/>
  <system-out><![CDATA[]]></system-out>
  <system-err><![CDATA[]]></system-err>
</testsuite>
