<?xml version="1.0" encoding="UTF-8"?>
<testsuite name="com.dotcms.rest.elasticsearch.ESContentResourcePortletTest" tests="8" skipped="0" failures="0" errors="0" timestamp="2023-07-11T22:17:10" hostname="fv-az436-467" time="9.01">
  <properties/>
  <testcase name="test_search_includeGrandChildCategory_success" classname="com.dotcms.rest.elasticsearch.ESContentResourcePortletTest" time="1.698"/>
  <testcase name="testSearch[0: com.dotcms.rest.elasticsearch.ESContentResourcePortletTest$TestCase@2ef42cef]" classname="com.dotcms.rest.elasticsearch.ESContentResourcePortletTest" time="1.067"/>
  <testcase name="testSearch[1: com.dotcms.rest.elasticsearch.ESContentResourcePortletTest$TestCase@5649c1ed]" classname="com.dotcms.rest.elasticsearch.ESContentResourcePortletTest" time="1.427"/>
  <testcase name="testSearch[2: com.dotcms.rest.elasticsearch.ESContentResourcePortletTest$TestCase@33cfbb77]" classname="com.dotcms.rest.elasticsearch.ESContentResourcePortletTest" time="0.989"/>
  <testcase name="testSearch[3: com.dotcms.rest.elasticsearch.ESContentResourcePortletTest$TestCase@35ea4635]" classname="com.dotcms.rest.elasticsearch.ESContentResourcePortletTest" time="1.356"/>
  <testcase name="testSearch[4: com.dotcms.rest.elasticsearch.ESContentResourcePortletTest$TestCase@3a769733]" classname="com.dotcms.rest.elasticsearch.ESContentResourcePortletTest" time="0.351"/>
  <testcase name="testSearch[5: com.dotcms.rest.elasticsearch.ESContentResourcePortletTest$TestCase@22286f39]" classname="com.dotcms.rest.elasticsearch.ESContentResourcePortletTest" time="1.084"/>
  <testcase name="testSearch[6: com.dotcms.rest.elasticsearch.ESContentResourcePortletTest$TestCase@6cf26c08]" classname="com.dotcms.rest.elasticsearch.ESContentResourcePortletTest" time="1.036"/>
  <system-out><![CDATA[]]></system-out>
  <system-err><![CDATA[]]></system-err>
</testsuite>
