<?xml version="1.0" encoding="UTF-8"?>
<testsuite name="com.dotcms.rest.api.v1.authentication.ResetPasswordTokenUtilTest" tests="8" skipped="0" failures="0" errors="0" timestamp="2023-06-26T19:43:26" hostname="fv-az934-274" time="19.919">
  <properties/>
  <testcase name="test_checkToken_tokenExpired_19_minutes_throwDotInvalidTokenException" classname="com.dotcms.rest.api.v1.authentication.ResetPasswordTokenUtilTest" time="2.841"/>
  <testcase name="test_checkToken_tokenExpired_21_minutes_throwDotInvalidTokenException" classname="com.dotcms.rest.api.v1.authentication.ResetPasswordTokenUtilTest" time="2.836"/>
  <testcase name="test_checkToken_success" classname="com.dotcms.rest.api.v1.authentication.ResetPasswordTokenUtilTest" time="2.855"/>
  <testcase name="test_checkToken_tokenExpired_throwDotInvalidTokenException" classname="com.dotcms.rest.api.v1.authentication.ResetPasswordTokenUtilTest" time="2.853"/>
  <testcase name="test_createToken_success" classname="com.dotcms.rest.api.v1.authentication.ResetPasswordTokenUtilTest" time="0.001"/>
  <testcase name="test_checkToken_userIcqIdNotEqualsToken_throwDotInvalidTokenException" classname="com.dotcms.rest.api.v1.authentication.ResetPasswordTokenUtilTest" time="2.871"/>
  <testcase name="test_checkToken_userIcqIdNotSet_throwDotInvalidTokenException" classname="com.dotcms.rest.api.v1.authentication.ResetPasswordTokenUtilTest" time="2.799"/>
  <testcase name="test_checkToken_userIcqIdNotMatchingRegex_throwDotInvalidTokenException" classname="com.dotcms.rest.api.v1.authentication.ResetPasswordTokenUtilTest" time="2.86"/>
  <system-out><![CDATA[]]></system-out>
  <system-err><![CDATA[]]></system-err>
</testsuite>
