<?xml version="1.0" encoding="UTF-8"?>
<testsuite name="com.dotmarketing.portlets.workflows.actionlet.MoveContentActionletTest" tests="1" skipped="0" failures="0" errors="0" timestamp="2023-07-12T00:40:22" hostname="fv-az251-15" time="0.234">
  <properties/>
  <testcase name="Test_Copy_Content_Expect_Success" classname="com.dotmarketing.portlets.workflows.actionlet.MoveContentActionletTest" time="0.234"/>
  <system-out><![CDATA[]]></system-out>
  <system-err><![CDATA[]]></system-err>
</testsuite>
