<?xml version="1.0" encoding="UTF-8"?>
<testsuite name="com.dotcms.rest.elasticsearch.ESContentResourcePortletTest" tests="8" skipped="0" failures="0" errors="0" timestamp="2023-06-22T19:44:31" hostname="fv-az456-887" time="8.986">
  <properties/>
  <testcase name="test_search_includeGrandChildCategory_success" classname="com.dotcms.rest.elasticsearch.ESContentResourcePortletTest" time="1.756"/>
  <testcase name="testSearch[0: com.dotcms.rest.elasticsearch.ESContentResourcePortletTest$TestCase@15c00715]" classname="com.dotcms.rest.elasticsearch.ESContentResourcePortletTest" time="1.071"/>
  <testcase name="testSearch[1: com.dotcms.rest.elasticsearch.ESContentResourcePortletTest$TestCase@25378868]" classname="com.dotcms.rest.elasticsearch.ESContentResourcePortletTest" time="1.289"/>
  <testcase name="testSearch[2: com.dotcms.rest.elasticsearch.ESContentResourcePortletTest$TestCase@1aa75d3f]" classname="com.dotcms.rest.elasticsearch.ESContentResourcePortletTest" time="1.086"/>
  <testcase name="testSearch[3: com.dotcms.rest.elasticsearch.ESContentResourcePortletTest$TestCase@3b4d02a0]" classname="com.dotcms.rest.elasticsearch.ESContentResourcePortletTest" time="1.255"/>
  <testcase name="testSearch[4: com.dotcms.rest.elasticsearch.ESContentResourcePortletTest$TestCase@2ea04273]" classname="com.dotcms.rest.elasticsearch.ESContentResourcePortletTest" time="0.351"/>
  <testcase name="testSearch[5: com.dotcms.rest.elasticsearch.ESContentResourcePortletTest$TestCase@37cdeb07]" classname="com.dotcms.rest.elasticsearch.ESContentResourcePortletTest" time="1.054"/>
  <testcase name="testSearch[6: com.dotcms.rest.elasticsearch.ESContentResourcePortletTest$TestCase@17231664]" classname="com.dotcms.rest.elasticsearch.ESContentResourcePortletTest" time="1.122"/>
  <system-out><![CDATA[]]></system-out>
  <system-err><![CDATA[]]></system-err>
</testsuite>
