<?xml version="1.0" encoding="UTF-8"?>
<testsuite name="com.dotmarketing.business.DeterministicIdentifierAPITest" tests="16" skipped="0" failures="0" errors="0" timestamp="2023-07-18T17:02:57" hostname="fv-az396-900" time="0.853">
  <properties/>
  <testcase name="Test_Category_Path_Seed_And_Id" classname="com.dotmarketing.business.DeterministicIdentifierAPITest" time="0.032"/>
  <testcase name="Test_Language_Deterministic_Id[0: LanguageTestCase{expectedSeed='Language:es:US', expectedHash=4913155, langCode='es', countryCode='US', country='United States'}]" classname="com.dotmarketing.business.DeterministicIdentifierAPITest" time="0.001"/>
  <testcase name="Test_Language_Deterministic_Id[1: LanguageTestCase{expectedSeed='Language:ep:', expectedHash=5292269, langCode='ep', countryCode='', country=''}]" classname="com.dotmarketing.business.DeterministicIdentifierAPITest" time="0.001"/>
  <testcase name="Test_Language_Deterministic_Id[2: LanguageTestCase{expectedSeed='Language:sg:SAG', expectedHash=4713118, langCode='sg', countryCode='SAG', country=''}]" classname="com.dotmarketing.business.DeterministicIdentifierAPITest" time="0.001"/>
  <testcase name="Test_Language_Deterministic_Id[3: LanguageTestCase{expectedSeed='Language:en:NZ', expectedHash=5382528, langCode='en', countryCode='NZ', country='New Zealand'}]" classname="com.dotmarketing.business.DeterministicIdentifierAPITest" time="0.001"/>
  <testcase name="Test_Category_None_Persisted_Category_Should_Return_Deterministic_Id" classname="com.dotmarketing.business.DeterministicIdentifierAPITest" time="0.001"/>
  <testcase name="Test_Asset_Generate_Deterministic_Id_Best_Effort[0: TestCase{versionable=my.host1689699392874.com, parent=System Host, expectedName='my.host1689699392874.com', expectedType='Host'}]" classname="com.dotmarketing.business.DeterministicIdentifierAPITest" time="0.003"/>
  <testcase name="Test_Asset_Generate_Deterministic_Id_Best_Effort[1: TestCase{versionable=com.dotmarketing.portlets.contentlet.model.Contentlet@4822bc5d[map={modDate=2023-07-18 16:56:33.842, fileName=file12411043429388980385.txt, title=file12411043429388980385.txt, inode=bae13c37-dea6-4f3d-a1e0-7e0211920eb9, __IS_NEW_CONTENT__=true, disabledWYSIWYG=[], host=390477b4-8584-41d2-956d-b5a338791673, stInode=33888b6f-7a8e-4069-b1b6-5c1aa9d0a48d, owner=system, identifier=0369bfb5-defa-4c10-a1bc-1c3d37647def, nullProperties=[wfExpireDate, wfPublishDate, wfActionAssign, wfActionId, wfActionComments, filterKey, whereToSend, wfNeverExpire, _path_to_move, timezoneId, iWantTo, wfPublishTime, wfExpireTime], languageId=1, fileAsset=/home/runner/work/core/custom/assets/b/a/bae13c37-dea6-4f3d-a1e0-7e0211920eb9/fileAsset/file12411043429388980385.txt, folder=0b2230c8-8a18-4461-bf5d-481474d1cbd4, __disable_workflow__=true, sortOrder=0, modUser=system},lowIndexPriority=false,variantId=DEFAULT], parent=com.dotmarketing.portlets.folders.model.Folder@23938b49[identifier=0b2230c8-8a18-4461-bf5d-481474d1cbd4,name=testName1689699393834,sortOrder=0,showOnMenu=false,hostId=390477b4-8584-41d2-956d-b5a338791673,type=folder,title=testTitle1689699393834,filesMasks=,defaultFileType=33888b6f-7a8e-4069-b1b6-5c1aa9d0a48d,modDate=2023-07-18 16:56:33.837,owner=&lt;null&gt;,iDate=2023-07-18 16:56:33.837,inode=0b2230c8-8a18-4461-bf5d-481474d1cbd4,path=/testName1689699393834/], expectedName='file12411043429388980385.txt', expectedType='FileAsset'}]" classname="com.dotmarketing.business.DeterministicIdentifierAPITest" time="0.003"/>
  <testcase name="Test_Asset_Generate_Deterministic_Id_Best_Effort[2: TestCase{versionable=com.dotmarketing.portlets.templates.model.Template@59e8478a, parent=my.host1689699392874.com, expectedName='testTitle1689699394011', expectedType='Template'}]" classname="com.dotmarketing.business.DeterministicIdentifierAPITest" time="0.002"/>
  <testcase name="Test_Asset_Generate_Deterministic_Id_Best_Effort[3: TestCase{versionable=com.dotmarketing.portlets.htmlpageasset.model.HTMLPageAsset@3e468e11[map={template=c853f711-aa84-4ce9-a73e-24ceeb7ae807, owner=system, identifier=6eb42cb3-9dff-4332-9f92-018d53fa82e1, nullProperties=[wfExpireDate, wfPublishDate, wfActionAssign, wfActionId, wfActionComments, filterKey, whereToSend, wfNeverExpire, _path_to_move, timezoneId, iWantTo, wfPublishTime, wfExpireTime], modDate=2023-07-18 16:56:34.031, cachettl=0, _is_test_mode=true, languageId=1, title=test-page-title-1689699394026, httpsreq=, url=test-page-url-1689699394026, showOnMenu=, inode=6bf4778f-880d-44e9-9718-61fd735b247c, folder=0b2230c8-8a18-4461-bf5d-481474d1cbd4, disabledWYSIWYG=[], sortOrder=1, modUser=system, host=390477b4-8584-41d2-956d-b5a338791673, stInode=c541abb1-69b3-4bc5-8430-5e09e5239cc8, friendlyName=test-page-friendly-name-1689699394026},lowIndexPriority=false,variantId=DEFAULT], parent=com.dotmarketing.portlets.folders.model.Folder@23938b49[identifier=0b2230c8-8a18-4461-bf5d-481474d1cbd4,name=testName1689699393834,sortOrder=0,showOnMenu=false,hostId=390477b4-8584-41d2-956d-b5a338791673,type=folder,title=testTitle1689699393834,filesMasks=,defaultFileType=33888b6f-7a8e-4069-b1b6-5c1aa9d0a48d,modDate=2023-07-18 16:56:33.837,owner=&lt;null&gt;,iDate=2023-07-18 16:56:33.837,inode=0b2230c8-8a18-4461-bf5d-481474d1cbd4,path=/testName1689699393834/], expectedName='test-page-url-1689699394026', expectedType='htmlpageasset'}]" classname="com.dotmarketing.business.DeterministicIdentifierAPITest" time="0.003"/>
  <testcase name="Test_Asset_Generate_Deterministic_Id_Best_Effort[4: TestCase{versionable=com.dotmarketing.portlets.contentlet.model.Contentlet@177574ef[map={fileAsset2=/home/runner/work/core/custom/assets/f/9/f9ed29da-3ce6-4dde-8bf0-86407a1b27f5/fileAsset2/test_binary1689699395778.png, modDate=2023-07-18 16:56:35.783, fileAsset1=/home/runner/work/core/custom/assets/f/9/f9ed29da-3ce6-4dde-8bf0-86407a1b27f5/fileAsset1/test_binary1689699395778.jpg, title=blah, inode=f9ed29da-3ce6-4dde-8bf0-86407a1b27f5, __IS_NEW_CONTENT__=true, disabledWYSIWYG=[], host=48190c8c-42c4-46af-8d1a-0cd5db894797, stInode=9e1553b9-461d-40a8-8444-8eb63a43f815, owner=system, identifier=7fca4185-a5eb-4ca9-baef-afe8c078fc07, nullProperties=[], languageId=1, image1=22ae47f1-4474-42b4-b1f0-bcbe1c7715f8, folder=SYSTEM_FOLDER, __disable_workflow__=true, sortOrder=0, modUser=system},lowIndexPriority=false,variantId=DEFAULT], parent=demo.dotcms.com, expectedName='test_binary1689699395778.jpg:test_binary1689699395778.png', expectedType='MultipleBinaries1689699394220'}]" classname="com.dotmarketing.business.DeterministicIdentifierAPITest" time="0.003"/>
  <testcase name="Test_Asset_Generate_Deterministic_Id_Best_Effort[5: TestCase{versionable=name2e7e36d6a8 : keyTag2e7e36d6a8, parent=my.host1689699392874.com, expectedName='keyTag2e7e36d6a8', expectedType='persona'}]" classname="com.dotmarketing.business.DeterministicIdentifierAPITest" time="0.002"/>
  <testcase name="Test_Similar_Content_Type_Wont_Clash" classname="com.dotmarketing.business.DeterministicIdentifierAPITest" time="0.439"/>
  <testcase name="Test_Generate_Folder_Identifier" classname="com.dotmarketing.business.DeterministicIdentifierAPITest" time="0.347"/>
  <testcase name="Test_Generate_Content_Type_Identifier[0: ContentTypeTestCase{contentType=KeyValueContentType{name=Language Variable, id=f4d7c1b8-2c88-4071-abf1-a5328977b07d, description=Default Content Type for Language Variables, defaultType=false, fixed=true, iDate=Thu Aug 31 16:38:49 UTC 2017, system=true, versionable=true, variable=Languagevariable, modDate=Tue Jul 18 15:51:12 UTC 2023, host=SYSTEM_HOST, siteName=systemHost, icon=language, sortOrder=0, folder=SYSTEM_FOLDER, folderPath=/, markedForDeletion=true, multilingualable=false}, expectedName='Languagevariable', expectedType='KeyValue'}]" classname="com.dotmarketing.business.DeterministicIdentifierAPITest" time="0.005"/>
  <testcase name="Test_Generate_Content_Type_Identifier[1: ContentTypeTestCase{contentType=SimpleContentType{name=testName1689699396191, id=a4c7d882-dc17-49a6-89b6-4504688fc09b, description=testDescription1689699396191, defaultType=false, fixed=false, iDate=Tue Jul 18 16:56:36 UTC 2023, system=false, versionable=true, multilingualable=false, variable=testVarname1689699396191, owner=system, modDate=Tue Jul 18 16:56:37 UTC 2023, host=48190c8c-42c4-46af-8d1a-0cd5db894797, siteName=demo.dotcms.com, icon=event_note, sortOrder=0, folder=SYSTEM_FOLDER, folderPath=/, requiredFields=[], markedForDeletion=false}, expectedName='testVarname1689699396191', expectedType='CONTENT'}]" classname="com.dotmarketing.business.DeterministicIdentifierAPITest" time="0.005"/>
  <system-out><![CDATA[]]></system-out>
  <system-err><![CDATA[]]></system-err>
</testsuite>
