<?xml version="1.0" encoding="UTF-8"?>
<testsuite name="com.dotmarketing.business.IdentifierFactoryTest" tests="27" skipped="0" failures="0" errors="0" timestamp="2023-07-10T23:28:52" hostname="fv-az620-40" time="8.177">
  <properties/>
  <testcase name="testCreateNewLinkIdentifierForFolder" classname="com.dotmarketing.business.IdentifierFactoryTest" time="0.017"/>
  <testcase name="testfindByURINotFound" classname="com.dotmarketing.business.IdentifierFactoryTest" time="0.002"/>
  <testcase name="testCreateNewFileAssetIdentifierForFolder" classname="com.dotmarketing.business.IdentifierFactoryTest" time="0.01"/>
  <testcase name="testFindByParentPathFound" classname="com.dotmarketing.business.IdentifierFactoryTest" time="0.699"/>
  <testcase name="testFindByParentPathNotFound" classname="com.dotmarketing.business.IdentifierFactoryTest" time="0.001"/>
  <testcase name="testCreateNewFolderIdentifierForHost" classname="com.dotmarketing.business.IdentifierFactoryTest" time="0.004"/>
  <testcase name="testFindByURIPatternSuccessWhenNotInclude" classname="com.dotmarketing.business.IdentifierFactoryTest" time="1.026"/>
  <testcase name="testCreateNewHostIdentifierForHost" classname="com.dotmarketing.business.IdentifierFactoryTest" time="0.004"/>
  <testcase name="testLoadFromDbWithNullID" classname="com.dotmarketing.business.IdentifierFactoryTest" time="0.001"/>
  <testcase name="testGetAssetTypeFromDB" classname="com.dotmarketing.business.IdentifierFactoryTest" time="0.002"/>
  <testcase name="testFindByParentPathVsFindByURIEquivalency" classname="com.dotmarketing.business.IdentifierFactoryTest" time="1.056"/>
  <testcase name="testCreateNewHtmlPageIdentifierForFolder" classname="com.dotmarketing.business.IdentifierFactoryTest" time="0.01"/>
  <testcase name="testCreateNewHtmlPageIdentifierForHost" classname="com.dotmarketing.business.IdentifierFactoryTest" time="0.004"/>
  <testcase name="testLoadFromDbFound" classname="com.dotmarketing.business.IdentifierFactoryTest" time="0.001"/>
  <testcase name="testFindByURIFound" classname="com.dotmarketing.business.IdentifierFactoryTest" time="1.006"/>
  <testcase name="testLoadAllIdentifiers" classname="com.dotmarketing.business.IdentifierFactoryTest" time="0.041"/>
  <testcase name="testUpdateIdentifier" classname="com.dotmarketing.business.IdentifierFactoryTest" time="0.011"/>
  <testcase name="testCreateNewFolderIdentifierForFolder" classname="com.dotmarketing.business.IdentifierFactoryTest" time="0.009"/>
  <testcase name="testCreateNewFileAssetIdentifierForHost" classname="com.dotmarketing.business.IdentifierFactoryTest" time="0.004"/>
  <testcase name="testLoadFromDbWithNullVersionable" classname="com.dotmarketing.business.IdentifierFactoryTest" time="0.0"/>
  <testcase name="testIsIdentifierFound" classname="com.dotmarketing.business.IdentifierFactoryTest" time="0.001"/>
  <testcase name="testLoadFromDbVersionableFound" classname="com.dotmarketing.business.IdentifierFactoryTest" time="0.001"/>
  <testcase name="testGetAssetTypeFromDBWhenNull" classname="com.dotmarketing.business.IdentifierFactoryTest" time="0.001"/>
  <testcase name="testCreateNewWebAssetIdentifierForFolder" classname="com.dotmarketing.business.IdentifierFactoryTest" time="0.008"/>
  <testcase name="testFindByURIPatternSuccessWhenInclude" classname="com.dotmarketing.business.IdentifierFactoryTest" time="0.946"/>
  <testcase name="test_Find_By_Parent_Path_Same_URI_Different_Host" classname="com.dotmarketing.business.IdentifierFactoryTest" time="3.307"/>
  <testcase name="testIsIdentifierWhenNull" classname="com.dotmarketing.business.IdentifierFactoryTest" time="0.001"/>
  <system-out><![CDATA[]]></system-out>
  <system-err><![CDATA[]]></system-err>
</testsuite>
