<?xml version="1.0" encoding="UTF-8"?>
<testsuite name="com.dotcms.enterprise.publishing.remote.bundler.HostBundlerTest" tests="3" skipped="0" failures="0" errors="0" timestamp="2023-07-12T16:04:06" hostname="fv-az411-825" time="0.066">
  <properties/>
  <testcase name="addHostInBundle[0: com.dotcms.enterprise.publishing.remote.bundler.HostBundlerTest$TestCase@40e6a376]" classname="com.dotcms.enterprise.publishing.remote.bundler.HostBundlerTest" time="0.018"/>
  <testcase name="addHostInBundle[1: com.dotcms.enterprise.publishing.remote.bundler.HostBundlerTest$TestCase@14d4dd2c]" classname="com.dotcms.enterprise.publishing.remote.bundler.HostBundlerTest" time="0.016"/>
  <testcase name="addHostInBundle[2: com.dotcms.enterprise.publishing.remote.bundler.HostBundlerTest$TestCase@8d3e160]" classname="com.dotcms.enterprise.publishing.remote.bundler.HostBundlerTest" time="0.027"/>
  <system-out><![CDATA[]]></system-out>
  <system-err><![CDATA[]]></system-err>
</testsuite>
