<?xml version="1.0" encoding="UTF-8"?>
<testsuite name="com.dotmarketing.servlets.ajax.AjaxDirectorServletIntegrationTest" tests="2" skipped="0" failures="0" errors="0" timestamp="2023-07-05T17:18:20" hostname="fv-az313-710" time="1.115">
  <properties/>
  <testcase name="testService[0: com.dotmarketing.servlets.ajax.AjaxDirectorServletTestCase@4a956f34]" classname="com.dotmarketing.servlets.ajax.AjaxDirectorServletIntegrationTest" time="0.662"/>
  <testcase name="testService[1: com.dotmarketing.servlets.ajax.AjaxDirectorServletTestCase@26c52826]" classname="com.dotmarketing.servlets.ajax.AjaxDirectorServletIntegrationTest" time="0.453"/>
  <system-out><![CDATA[]]></system-out>
  <system-err><![CDATA[]]></system-err>
</testsuite>
