<?xml version="1.0" encoding="UTF-8"?>
<testsuite name="com.dotmarketing.portlets.structure.model.ContentletRelationshipsTest" tests="7" skipped="0" failures="0" errors="0" timestamp="2023-06-28T00:41:19" hostname="fv-az573-179" time="11.185">
  <properties/>
  <testcase name="testDoesAllowOnlyOne[0: com.dotmarketing.portlets.structure.model.ContentletRelationshipsTest$CardinalityTestCase@78a8551a]" classname="com.dotmarketing.portlets.structure.model.ContentletRelationshipsTest" time="0.688"/>
  <testcase name="testDoesAllowOnlyOne[1: com.dotmarketing.portlets.structure.model.ContentletRelationshipsTest$CardinalityTestCase@2f772314]" classname="com.dotmarketing.portlets.structure.model.ContentletRelationshipsTest" time="0.627"/>
  <testcase name="testDoesAllowOnlyOne[2: com.dotmarketing.portlets.structure.model.ContentletRelationshipsTest$CardinalityTestCase@39246efa]" classname="com.dotmarketing.portlets.structure.model.ContentletRelationshipsTest" time="0.728"/>
  <testcase name="testGetRelationshipRecords[0: com.dotmarketing.portlets.structure.model.ContentletRelationshipsTest$TestCase@3865c6da]" classname="com.dotmarketing.portlets.structure.model.ContentletRelationshipsTest" time="2.418"/>
  <testcase name="testGetRelationshipRecords[1: com.dotmarketing.portlets.structure.model.ContentletRelationshipsTest$TestCase@2df5449]" classname="com.dotmarketing.portlets.structure.model.ContentletRelationshipsTest" time="2.315"/>
  <testcase name="testGetRelationshipRecords[2: com.dotmarketing.portlets.structure.model.ContentletRelationshipsTest$TestCase@1426b885]" classname="com.dotmarketing.portlets.structure.model.ContentletRelationshipsTest" time="2.212"/>
  <testcase name="testGetRelationshipRecords[3: com.dotmarketing.portlets.structure.model.ContentletRelationshipsTest$TestCase@e6f4745]" classname="com.dotmarketing.portlets.structure.model.ContentletRelationshipsTest" time="2.195"/>
  <system-out><![CDATA[]]></system-out>
  <system-err><![CDATA[]]></system-err>
</testsuite>
