<?xml version="1.0" encoding="UTF-8"?>
<testsuite name="com.dotmarketing.servlets.ajax.AjaxDirectorServletIntegrationTest" tests="2" skipped="0" failures="0" errors="0" timestamp="2023-07-14T01:29:47" hostname="fv-az812-504" time="1.806">
  <properties/>
  <testcase name="testService[0: com.dotmarketing.servlets.ajax.AjaxDirectorServletTestCase@22bd31d7]" classname="com.dotmarketing.servlets.ajax.AjaxDirectorServletIntegrationTest" time="1.029"/>
  <testcase name="testService[1: com.dotmarketing.servlets.ajax.AjaxDirectorServletTestCase@7cea5846]" classname="com.dotmarketing.servlets.ajax.AjaxDirectorServletIntegrationTest" time="0.777"/>
  <system-out><![CDATA[]]></system-out>
  <system-err><![CDATA[]]></system-err>
</testsuite>
