<?xml version="1.0" encoding="UTF-8"?>
<testsuite name="com.dotcms.content.elasticsearch.business.ESIndexSpeedTest" tests="2" skipped="0" failures="0" errors="0" timestamp="2023-06-28T16:25:25" hostname="fv-az842-670" time="6.504">
  <properties/>
  <testcase name="callIndexSearch10k" classname="com.dotcms.content.elasticsearch.business.ESIndexSpeedTest" time="3.265"/>
  <testcase name="callCount10k" classname="com.dotcms.content.elasticsearch.business.ESIndexSpeedTest" time="3.239"/>
  <system-out><![CDATA[]]></system-out>
  <system-err><![CDATA[]]></system-err>
</testsuite>
