<?xml version="1.0" encoding="UTF-8"?>
<testsuite name="com.dotcms.rest.api.v1.contenttype.ContentTypeResourceIssue15124Test" tests="1" skipped="0" failures="0" errors="0" timestamp="2023-07-20T17:34:45" hostname="fv-az574-670" time="6.734">
  <properties/>
  <testcase name="testMain" classname="com.dotcms.rest.api.v1.contenttype.ContentTypeResourceIssue15124Test" time="6.734"/>
  <system-out><![CDATA[]]></system-out>
  <system-err><![CDATA[]]></system-err>
</testsuite>
