<?xml version="1.0" encoding="UTF-8"?>
<testsuite name="com.dotmarketing.servlets.ajax.AjaxDirectorServletIntegrationTest" tests="2" skipped="0" failures="0" errors="0" timestamp="2023-06-23T23:43:10" hostname="fv-az805-638" time="3.135">
  <properties/>
  <testcase name="testService[0: com.dotmarketing.servlets.ajax.AjaxDirectorServletTestCase@394a6a01]" classname="com.dotmarketing.servlets.ajax.AjaxDirectorServletIntegrationTest" time="1.413"/>
  <testcase name="testService[1: com.dotmarketing.servlets.ajax.AjaxDirectorServletTestCase@d2d7297]" classname="com.dotmarketing.servlets.ajax.AjaxDirectorServletIntegrationTest" time="1.722"/>
  <system-out><![CDATA[]]></system-out>
  <system-err><![CDATA[]]></system-err>
</testsuite>
