<?xml version="1.0" encoding="UTF-8"?>
<testsuite name="com.dotmarketing.servlets.ajax.AjaxDirectorServletIntegrationTest" tests="2" skipped="0" failures="0" errors="0" timestamp="2023-07-04T02:28:45" hostname="fv-az951-870" time="3.221">
  <properties/>
  <testcase name="testService[0: com.dotmarketing.servlets.ajax.AjaxDirectorServletTestCase@68c5c800]" classname="com.dotmarketing.servlets.ajax.AjaxDirectorServletIntegrationTest" time="1.884"/>
  <testcase name="testService[1: com.dotmarketing.servlets.ajax.AjaxDirectorServletTestCase@68fd511]" classname="com.dotmarketing.servlets.ajax.AjaxDirectorServletIntegrationTest" time="1.336"/>
  <system-out><![CDATA[]]></system-out>
  <system-err><![CDATA[]]></system-err>
</testsuite>
