<?xml version="1.0" encoding="UTF-8"?>
<testsuite name="com.dotmarketing.filters.FiltersTest" tests="9" skipped="0" failures="0" errors="0" timestamp="2023-07-18T01:00:21" hostname="fv-az877-612" time="57.492">
  <properties/>
  <testcase name="shouldRedirect401" classname="com.dotmarketing.filters.FiltersTest" time="0.082"/>
  <testcase name="vanityUrlsShouldPassParams" classname="com.dotmarketing.filters.FiltersTest" time="7.699"/>
  <testcase name="shouldWorkVanityUrl" classname="com.dotmarketing.filters.FiltersTest" time="19.825"/>
  <testcase name="redirectHomePageTest" classname="com.dotmarketing.filters.FiltersTest" time="8.9"/>
  <testcase name="shouldForwardToImage" classname="com.dotmarketing.filters.FiltersTest" time="0.005"/>
  <testcase name="shouldRedirectToFolderIndex" classname="com.dotmarketing.filters.FiltersTest" time="0.036"/>
  <testcase name="Test_VanityURL_Forward_Redirect_Params" classname="com.dotmarketing.filters.FiltersTest" time="12.895"/>
  <testcase name="vanityRedirectURLMAP" classname="com.dotmarketing.filters.FiltersTest" time="8.044"/>
  <testcase name="shouldReturnStrutsPage" classname="com.dotmarketing.filters.FiltersTest" time="0.005"/>
  <system-out><![CDATA[]]></system-out>
  <system-err><![CDATA[]]></system-err>
</testsuite>
