<?xml version="1.0" encoding="UTF-8"?>
<testsuite name="com.dotmarketing.business.DeterministicIdentifierAPITest" tests="16" skipped="0" failures="0" errors="0" timestamp="2023-07-12T00:40:28" hostname="fv-az251-15" time="1.62">
  <properties/>
  <testcase name="Test_Category_Path_Seed_And_Id" classname="com.dotmarketing.business.DeterministicIdentifierAPITest" time="0.027"/>
  <testcase name="Test_Language_Deterministic_Id[0: LanguageTestCase{expectedSeed='Language:es:US', expectedHash=4913155, langCode='es', countryCode='US', country='United States'}]" classname="com.dotmarketing.business.DeterministicIdentifierAPITest" time="0.001"/>
  <testcase name="Test_Language_Deterministic_Id[1: LanguageTestCase{expectedSeed='Language:ep:', expectedHash=5292269, langCode='ep', countryCode='', country=''}]" classname="com.dotmarketing.business.DeterministicIdentifierAPITest" time="0.001"/>
  <testcase name="Test_Language_Deterministic_Id[2: LanguageTestCase{expectedSeed='Language:sg:SAG', expectedHash=4713118, langCode='sg', countryCode='SAG', country=''}]" classname="com.dotmarketing.business.DeterministicIdentifierAPITest" time="0.001"/>
  <testcase name="Test_Language_Deterministic_Id[3: LanguageTestCase{expectedSeed='Language:en:NZ', expectedHash=5382528, langCode='en', countryCode='NZ', country='New Zealand'}]" classname="com.dotmarketing.business.DeterministicIdentifierAPITest" time="0.001"/>
  <testcase name="Test_Category_None_Persisted_Category_Should_Return_Deterministic_Id" classname="com.dotmarketing.business.DeterministicIdentifierAPITest" time="0.002"/>
  <testcase name="Test_Asset_Generate_Deterministic_Id_Best_Effort[0: TestCase{versionable=my.host1689122040062.com, parent=System Host, expectedName='my.host1689122040062.com', expectedType='Host'}]" classname="com.dotmarketing.business.DeterministicIdentifierAPITest" time="0.004"/>
  <testcase name="Test_Asset_Generate_Deterministic_Id_Best_Effort[1: TestCase{versionable=com.dotmarketing.portlets.contentlet.model.Contentlet@15d62bd9[map={modDate=2023-07-12 00:34:00.891, fileName=file11170414398100777059.txt, title=file11170414398100777059.txt, inode=7a6600e3-7f26-425e-ab48-54474677e3d7, __IS_NEW_CONTENT__=true, disabledWYSIWYG=[], host=8dbbce49-f4a3-4f60-b2a7-8703903d1b0d, stInode=33888b6f-7a8e-4069-b1b6-5c1aa9d0a48d, owner=system, identifier=ea030c68-904a-49b6-b31c-f67af8f8efb2, nullProperties=[wfExpireDate, wfPublishDate, wfActionAssign, wfActionId, wfActionComments, filterKey, whereToSend, wfNeverExpire, _path_to_move, timezoneId, iWantTo, wfPublishTime, wfExpireTime], languageId=1, fileAsset=/home/runner/work/core/custom/assets/7/a/7a6600e3-7f26-425e-ab48-54474677e3d7/fileAsset/file11170414398100777059.txt, folder=f23b9a86-23de-4e94-93fa-cbf1d085e9f2, __disable_workflow__=true, sortOrder=0, modUser=system},lowIndexPriority=false,variantId=DEFAULT], parent=com.dotmarketing.portlets.folders.model.Folder@22398a45[identifier=f23b9a86-23de-4e94-93fa-cbf1d085e9f2,name=testName1689122040882,sortOrder=0,showOnMenu=false,hostId=8dbbce49-f4a3-4f60-b2a7-8703903d1b0d,type=folder,title=testTitle1689122040882,filesMasks=,defaultFileType=33888b6f-7a8e-4069-b1b6-5c1aa9d0a48d,modDate=2023-07-12 00:34:00.885,owner=&lt;null&gt;,iDate=2023-07-12 00:34:00.885,inode=f23b9a86-23de-4e94-93fa-cbf1d085e9f2,path=/testName1689122040882/], expectedName='file11170414398100777059.txt', expectedType='FileAsset'}]" classname="com.dotmarketing.business.DeterministicIdentifierAPITest" time="0.003"/>
  <testcase name="Test_Asset_Generate_Deterministic_Id_Best_Effort[2: TestCase{versionable=com.dotmarketing.portlets.templates.model.Template@748aebe8, parent=my.host1689122040062.com, expectedName='testTitle1689122040991', expectedType='Template'}]" classname="com.dotmarketing.business.DeterministicIdentifierAPITest" time="0.002"/>
  <testcase name="Test_Asset_Generate_Deterministic_Id_Best_Effort[3: TestCase{versionable=com.dotmarketing.portlets.htmlpageasset.model.HTMLPageAsset@3007abda[map={template=f6c83d9b-029e-4654-92aa-951892f46a01, owner=system, identifier=9f83a660-56c5-4466-af6e-f7605c67b4a2, nullProperties=[wfExpireDate, wfPublishDate, wfActionAssign, wfActionId, wfActionComments, filterKey, whereToSend, wfNeverExpire, _path_to_move, timezoneId, iWantTo, wfPublishTime, wfExpireTime], modDate=2023-07-12 00:34:01.013, cachettl=0, _is_test_mode=true, languageId=1, title=test-page-title-1689122041007, httpsreq=, url=test-page-url-1689122041007, showOnMenu=, inode=e709d1fd-26d1-48ff-b975-c072d436f9ee, folder=f23b9a86-23de-4e94-93fa-cbf1d085e9f2, disabledWYSIWYG=[], sortOrder=1, modUser=system, host=8dbbce49-f4a3-4f60-b2a7-8703903d1b0d, stInode=c541abb1-69b3-4bc5-8430-5e09e5239cc8, friendlyName=test-page-friendly-name-1689122041007},lowIndexPriority=false,variantId=DEFAULT], parent=com.dotmarketing.portlets.folders.model.Folder@22398a45[identifier=f23b9a86-23de-4e94-93fa-cbf1d085e9f2,name=testName1689122040882,sortOrder=0,showOnMenu=false,hostId=8dbbce49-f4a3-4f60-b2a7-8703903d1b0d,type=folder,title=testTitle1689122040882,filesMasks=,defaultFileType=33888b6f-7a8e-4069-b1b6-5c1aa9d0a48d,modDate=2023-07-12 00:34:00.885,owner=&lt;null&gt;,iDate=2023-07-12 00:34:00.885,inode=f23b9a86-23de-4e94-93fa-cbf1d085e9f2,path=/testName1689122040882/], expectedName='test-page-url-1689122041007', expectedType='htmlpageasset'}]" classname="com.dotmarketing.business.DeterministicIdentifierAPITest" time="0.003"/>
  <testcase name="Test_Asset_Generate_Deterministic_Id_Best_Effort[4: TestCase{versionable=com.dotmarketing.portlets.contentlet.model.Contentlet@2f9d3759[map={fileAsset2=/home/runner/work/core/custom/assets/9/e/9ef46873-6346-47af-9125-48467971c433/fileAsset2/test_binary1689122041861.png, modDate=2023-07-12 00:34:01.866, fileAsset1=/home/runner/work/core/custom/assets/9/e/9ef46873-6346-47af-9125-48467971c433/fileAsset1/test_binary1689122041861.jpg, title=blah, inode=9ef46873-6346-47af-9125-48467971c433, __IS_NEW_CONTENT__=true, disabledWYSIWYG=[], host=48190c8c-42c4-46af-8d1a-0cd5db894797, stInode=479af16a-75ae-4914-b733-3c00c8d84877, owner=system, identifier=e0296564-f889-4ce1-97d6-e3b476942484, nullProperties=[], languageId=1, image1=47d01a2a-f7b8-4a4e-a683-53c0b8bc9b0b, folder=SYSTEM_FOLDER, __disable_workflow__=true, sortOrder=0, modUser=system},lowIndexPriority=false,variantId=DEFAULT], parent=demo.dotcms.com, expectedName='test_binary1689122041861.jpg:test_binary1689122041861.png', expectedType='MultipleBinaries1689122041152'}]" classname="com.dotmarketing.business.DeterministicIdentifierAPITest" time="0.003"/>
  <testcase name="Test_Asset_Generate_Deterministic_Id_Best_Effort[5: TestCase{versionable=name972e40ece8 : keyTag972e40ece8, parent=my.host1689122040062.com, expectedName='keyTag972e40ece8', expectedType='persona'}]" classname="com.dotmarketing.business.DeterministicIdentifierAPITest" time="0.003"/>
  <testcase name="Test_Similar_Content_Type_Wont_Clash" classname="com.dotmarketing.business.DeterministicIdentifierAPITest" time="0.457"/>
  <testcase name="Test_Generate_Folder_Identifier" classname="com.dotmarketing.business.DeterministicIdentifierAPITest" time="1.097"/>
  <testcase name="Test_Generate_Content_Type_Identifier[0: ContentTypeTestCase{contentType=KeyValueContentType{name=Language Variable, id=f4d7c1b8-2c88-4071-abf1-a5328977b07d, description=Default Content Type for Language Variables, defaultType=false, fixed=true, iDate=Thu Aug 31 16:38:49 UTC 2017, system=true, versionable=true, variable=Languagevariable, modDate=Tue Jul 11 23:25:23 UTC 2023, host=SYSTEM_HOST, siteName=systemHost, icon=language, sortOrder=0, folder=SYSTEM_FOLDER, folderPath=/, markedForDeletion=true, multilingualable=false}, expectedName='Languagevariable', expectedType='KeyValue'}]" classname="com.dotmarketing.business.DeterministicIdentifierAPITest" time="0.005"/>
  <testcase name="Test_Generate_Content_Type_Identifier[1: ContentTypeTestCase{contentType=SimpleContentType{name=testName1689122042255, id=20ccfd51-33ef-4290-a6d2-dfb14f6ce24e, description=testDescription1689122042255, defaultType=false, fixed=false, iDate=Wed Jul 12 00:34:02 UTC 2023, system=false, versionable=true, multilingualable=false, variable=testVarname1689122042255, owner=system, modDate=Wed Jul 12 00:34:03 UTC 2023, host=48190c8c-42c4-46af-8d1a-0cd5db894797, siteName=demo.dotcms.com, icon=event_note, sortOrder=0, folder=SYSTEM_FOLDER, folderPath=/, requiredFields=[], markedForDeletion=false}, expectedName='testVarname1689122042255', expectedType='CONTENT'}]" classname="com.dotmarketing.business.DeterministicIdentifierAPITest" time="0.005"/>
  <system-out><![CDATA[]]></system-out>
  <system-err><![CDATA[]]></system-err>
</testsuite>
