<?xml version="1.0" encoding="UTF-8"?>
<testsuite name="com.dotmarketing.portlets.workflows.actionlet.MoveContentActionletTest" tests="1" skipped="0" failures="0" errors="0" timestamp="2023-07-17T17:01:33" hostname="fv-az338-287" time="0.224">
  <properties/>
  <testcase name="Test_Copy_Content_Expect_Success" classname="com.dotmarketing.portlets.workflows.actionlet.MoveContentActionletTest" time="0.224"/>
  <system-out><![CDATA[]]></system-out>
  <system-err><![CDATA[]]></system-err>
</testsuite>
