<?xml version="1.0" encoding="UTF-8"?>
<testsuite name="com.dotcms.rendering.velocity.viewtools.content.util.ContentUtilsTest" tests="89" skipped="0" failures="0" errors="0" timestamp="2023-06-26T15:41:45" hostname="fv-az936-789" time="437.518">
  <properties/>
  <testcase name="whenTheTimeMachineDateIsNullAndPublishDateInFutureShouldNotReturnAnything" classname="com.dotcms.rendering.velocity.viewtools.content.util.ContentUtilsTest" time="3.914"/>
  <testcase name="test_find_multilingual_contentlet_getContentletSuccessfully" classname="com.dotcms.rendering.velocity.viewtools.content.util.ContentUtilsTest" time="1.243"/>
  <testcase name="whenTheTimeMachineDateAndPublishDateAreTomorrowShouldReturnOneContent" classname="com.dotcms.rendering.velocity.viewtools.content.util.ContentUtilsTest" time="4.127"/>
  <testcase name="testPullRelated[0: com.dotcms.rendering.velocity.viewtools.content.util.ContentUtilsTest$TestCase@4327d0ce]" classname="com.dotcms.rendering.velocity.viewtools.content.util.ContentUtilsTest" time="4.892"/>
  <testcase name="testPullRelated[1: com.dotcms.rendering.velocity.viewtools.content.util.ContentUtilsTest$TestCase@51d43d55]" classname="com.dotcms.rendering.velocity.viewtools.content.util.ContentUtilsTest" time="3.994"/>
  <testcase name="testPullRelated[2: com.dotcms.rendering.velocity.viewtools.content.util.ContentUtilsTest$TestCase@6fe78a20]" classname="com.dotcms.rendering.velocity.viewtools.content.util.ContentUtilsTest" time="3.372"/>
  <testcase name="testPullRelated[3: com.dotcms.rendering.velocity.viewtools.content.util.ContentUtilsTest$TestCase@1223f3d0]" classname="com.dotcms.rendering.velocity.viewtools.content.util.ContentUtilsTest" time="4.812"/>
  <testcase name="testPullRelated[4: com.dotcms.rendering.velocity.viewtools.content.util.ContentUtilsTest$TestCase@6ffff0fa]" classname="com.dotcms.rendering.velocity.viewtools.content.util.ContentUtilsTest" time="4.097"/>
  <testcase name="testPullRelated[5: com.dotcms.rendering.velocity.viewtools.content.util.ContentUtilsTest$TestCase@1fb156c5]" classname="com.dotcms.rendering.velocity.viewtools.content.util.ContentUtilsTest" time="4.094"/>
  <testcase name="testPullRelated[6: com.dotcms.rendering.velocity.viewtools.content.util.ContentUtilsTest$TestCase@4c546999]" classname="com.dotcms.rendering.velocity.viewtools.content.util.ContentUtilsTest" time="4.458"/>
  <testcase name="testPullRelated[7: com.dotcms.rendering.velocity.viewtools.content.util.ContentUtilsTest$TestCase@41e4aeb0]" classname="com.dotcms.rendering.velocity.viewtools.content.util.ContentUtilsTest" time="4.589"/>
  <testcase name="testPullRelated[8: com.dotcms.rendering.velocity.viewtools.content.util.ContentUtilsTest$TestCase@510cfe56]" classname="com.dotcms.rendering.velocity.viewtools.content.util.ContentUtilsTest" time="3.188"/>
  <testcase name="testPullRelated[9: com.dotcms.rendering.velocity.viewtools.content.util.ContentUtilsTest$TestCase@449e9dcc]" classname="com.dotcms.rendering.velocity.viewtools.content.util.ContentUtilsTest" time="3.939"/>
  <testcase name="testPullRelated[10: com.dotcms.rendering.velocity.viewtools.content.util.ContentUtilsTest$TestCase@2b692c67]" classname="com.dotcms.rendering.velocity.viewtools.content.util.ContentUtilsTest" time="4.064"/>
  <testcase name="testPullRelated[11: com.dotcms.rendering.velocity.viewtools.content.util.ContentUtilsTest$TestCase@4f9c8694]" classname="com.dotcms.rendering.velocity.viewtools.content.util.ContentUtilsTest" time="4.208"/>
  <testcase name="testPullRelated[12: com.dotcms.rendering.velocity.viewtools.content.util.ContentUtilsTest$TestCase@79d42f7f]" classname="com.dotcms.rendering.velocity.viewtools.content.util.ContentUtilsTest" time="3.828"/>
  <testcase name="testPullRelated[13: com.dotcms.rendering.velocity.viewtools.content.util.ContentUtilsTest$TestCase@4914ad74]" classname="com.dotcms.rendering.velocity.viewtools.content.util.ContentUtilsTest" time="4.137"/>
  <testcase name="testPullRelated[14: com.dotcms.rendering.velocity.viewtools.content.util.ContentUtilsTest$TestCase@2bfcaa25]" classname="com.dotcms.rendering.velocity.viewtools.content.util.ContentUtilsTest" time="3.959"/>
  <testcase name="testPullRelated[15: com.dotcms.rendering.velocity.viewtools.content.util.ContentUtilsTest$TestCase@7f21e8]" classname="com.dotcms.rendering.velocity.viewtools.content.util.ContentUtilsTest" time="4.289"/>
  <testcase name="testPullRelated[16: com.dotcms.rendering.velocity.viewtools.content.util.ContentUtilsTest$TestCase@5808594f]" classname="com.dotcms.rendering.velocity.viewtools.content.util.ContentUtilsTest" time="3.88"/>
  <testcase name="testPullRelated[17: com.dotcms.rendering.velocity.viewtools.content.util.ContentUtilsTest$TestCase@341b3037]" classname="com.dotcms.rendering.velocity.viewtools.content.util.ContentUtilsTest" time="4.11"/>
  <testcase name="testPullRelated[18: com.dotcms.rendering.velocity.viewtools.content.util.ContentUtilsTest$TestCase@7a780913]" classname="com.dotcms.rendering.velocity.viewtools.content.util.ContentUtilsTest" time="4.039"/>
  <testcase name="testPullRelated[19: com.dotcms.rendering.velocity.viewtools.content.util.ContentUtilsTest$TestCase@3f117d5]" classname="com.dotcms.rendering.velocity.viewtools.content.util.ContentUtilsTest" time="4.225"/>
  <testcase name="testPullRelated[20: com.dotcms.rendering.velocity.viewtools.content.util.ContentUtilsTest$TestCase@19a9e4c5]" classname="com.dotcms.rendering.velocity.viewtools.content.util.ContentUtilsTest" time="4.029"/>
  <testcase name="testPullRelated[21: com.dotcms.rendering.velocity.viewtools.content.util.ContentUtilsTest$TestCase@745ef54f]" classname="com.dotcms.rendering.velocity.viewtools.content.util.ContentUtilsTest" time="3.94"/>
  <testcase name="testPullRelated[22: com.dotcms.rendering.velocity.viewtools.content.util.ContentUtilsTest$TestCase@4ed45a46]" classname="com.dotcms.rendering.velocity.viewtools.content.util.ContentUtilsTest" time="4.551"/>
  <testcase name="testPullRelated[23: com.dotcms.rendering.velocity.viewtools.content.util.ContentUtilsTest$TestCase@4590b3f6]" classname="com.dotcms.rendering.velocity.viewtools.content.util.ContentUtilsTest" time="4.792"/>
  <testcase name="testPullRelated[24: com.dotcms.rendering.velocity.viewtools.content.util.ContentUtilsTest$TestCase@1349e84d]" classname="com.dotcms.rendering.velocity.viewtools.content.util.ContentUtilsTest" time="4.082"/>
  <testcase name="testPullRelated[25: com.dotcms.rendering.velocity.viewtools.content.util.ContentUtilsTest$TestCase@103e83e6]" classname="com.dotcms.rendering.velocity.viewtools.content.util.ContentUtilsTest" time="3.824"/>
  <testcase name="testPullRelated[26: com.dotcms.rendering.velocity.viewtools.content.util.ContentUtilsTest$TestCase@7c54edcd]" classname="com.dotcms.rendering.velocity.viewtools.content.util.ContentUtilsTest" time="3.538"/>
  <testcase name="testPullRelated[27: com.dotcms.rendering.velocity.viewtools.content.util.ContentUtilsTest$TestCase@3c1beeb2]" classname="com.dotcms.rendering.velocity.viewtools.content.util.ContentUtilsTest" time="4.864"/>
  <testcase name="testPullRelated[28: com.dotcms.rendering.velocity.viewtools.content.util.ContentUtilsTest$TestCase@60cc62fc]" classname="com.dotcms.rendering.velocity.viewtools.content.util.ContentUtilsTest" time="4.053"/>
  <testcase name="testPullRelated[29: com.dotcms.rendering.velocity.viewtools.content.util.ContentUtilsTest$TestCase@409ecb0]" classname="com.dotcms.rendering.velocity.viewtools.content.util.ContentUtilsTest" time="3.995"/>
  <testcase name="testPullRelated[30: com.dotcms.rendering.velocity.viewtools.content.util.ContentUtilsTest$TestCase@5fe85379]" classname="com.dotcms.rendering.velocity.viewtools.content.util.ContentUtilsTest" time="4.216"/>
  <testcase name="testPullRelated[31: com.dotcms.rendering.velocity.viewtools.content.util.ContentUtilsTest$TestCase@3c655848]" classname="com.dotcms.rendering.velocity.viewtools.content.util.ContentUtilsTest" time="4.066"/>
  <testcase name="testPullRelated[32: com.dotcms.rendering.velocity.viewtools.content.util.ContentUtilsTest$TestCase@3f3d06ba]" classname="com.dotcms.rendering.velocity.viewtools.content.util.ContentUtilsTest" time="4.273"/>
  <testcase name="testPullRelated[33: com.dotcms.rendering.velocity.viewtools.content.util.ContentUtilsTest$TestCase@741a1181]" classname="com.dotcms.rendering.velocity.viewtools.content.util.ContentUtilsTest" time="4.771"/>
  <testcase name="testPullRelated[34: com.dotcms.rendering.velocity.viewtools.content.util.ContentUtilsTest$TestCase@69f4e7e0]" classname="com.dotcms.rendering.velocity.viewtools.content.util.ContentUtilsTest" time="4.318"/>
  <testcase name="testPullRelated[35: com.dotcms.rendering.velocity.viewtools.content.util.ContentUtilsTest$TestCase@7f45558e]" classname="com.dotcms.rendering.velocity.viewtools.content.util.ContentUtilsTest" time="3.782"/>
  <testcase name="testPullRelated[36: com.dotcms.rendering.velocity.viewtools.content.util.ContentUtilsTest$TestCase@281a840a]" classname="com.dotcms.rendering.velocity.viewtools.content.util.ContentUtilsTest" time="6.484"/>
  <testcase name="testPullRelated[37: com.dotcms.rendering.velocity.viewtools.content.util.ContentUtilsTest$TestCase@ca80e91]" classname="com.dotcms.rendering.velocity.viewtools.content.util.ContentUtilsTest" time="5.953"/>
  <testcase name="testPullRelated[38: com.dotcms.rendering.velocity.viewtools.content.util.ContentUtilsTest$TestCase@42ad2303]" classname="com.dotcms.rendering.velocity.viewtools.content.util.ContentUtilsTest" time="6.461"/>
  <testcase name="testPullRelated[39: com.dotcms.rendering.velocity.viewtools.content.util.ContentUtilsTest$TestCase@1711f7fd]" classname="com.dotcms.rendering.velocity.viewtools.content.util.ContentUtilsTest" time="6.857"/>
  <testcase name="testPullRelated[40: com.dotcms.rendering.velocity.viewtools.content.util.ContentUtilsTest$TestCase@6bd70bc1]" classname="com.dotcms.rendering.velocity.viewtools.content.util.ContentUtilsTest" time="7.314"/>
  <testcase name="testPullRelated[41: com.dotcms.rendering.velocity.viewtools.content.util.ContentUtilsTest$TestCase@27475cac]" classname="com.dotcms.rendering.velocity.viewtools.content.util.ContentUtilsTest" time="6.824"/>
  <testcase name="testPullRelated[42: com.dotcms.rendering.velocity.viewtools.content.util.ContentUtilsTest$TestCase@c59d67c]" classname="com.dotcms.rendering.velocity.viewtools.content.util.ContentUtilsTest" time="5.491"/>
  <testcase name="testPullRelated[43: com.dotcms.rendering.velocity.viewtools.content.util.ContentUtilsTest$TestCase@14ef7615]" classname="com.dotcms.rendering.velocity.viewtools.content.util.ContentUtilsTest" time="6.847"/>
  <testcase name="testPullRelated[44: com.dotcms.rendering.velocity.viewtools.content.util.ContentUtilsTest$TestCase@47b5ee4a]" classname="com.dotcms.rendering.velocity.viewtools.content.util.ContentUtilsTest" time="6.091"/>
  <testcase name="testPullRelated[45: com.dotcms.rendering.velocity.viewtools.content.util.ContentUtilsTest$TestCase@5a0a782c]" classname="com.dotcms.rendering.velocity.viewtools.content.util.ContentUtilsTest" time="6.018"/>
  <testcase name="testPullRelated[46: com.dotcms.rendering.velocity.viewtools.content.util.ContentUtilsTest$TestCase@18a2af27]" classname="com.dotcms.rendering.velocity.viewtools.content.util.ContentUtilsTest" time="6.223"/>
  <testcase name="testPullRelated[47: com.dotcms.rendering.velocity.viewtools.content.util.ContentUtilsTest$TestCase@77122df8]" classname="com.dotcms.rendering.velocity.viewtools.content.util.ContentUtilsTest" time="5.359"/>
  <testcase name="testPullRelated[48: com.dotcms.rendering.velocity.viewtools.content.util.ContentUtilsTest$TestCase@1f3d4aee]" classname="com.dotcms.rendering.velocity.viewtools.content.util.ContentUtilsTest" time="6.234"/>
  <testcase name="testPullRelated[49: com.dotcms.rendering.velocity.viewtools.content.util.ContentUtilsTest$TestCase@16ff9a3d]" classname="com.dotcms.rendering.velocity.viewtools.content.util.ContentUtilsTest" time="6.684"/>
  <testcase name="testPullRelated[50: com.dotcms.rendering.velocity.viewtools.content.util.ContentUtilsTest$TestCase@1b29d452]" classname="com.dotcms.rendering.velocity.viewtools.content.util.ContentUtilsTest" time="6.429"/>
  <testcase name="testPullRelated[51: com.dotcms.rendering.velocity.viewtools.content.util.ContentUtilsTest$TestCase@7d324722]" classname="com.dotcms.rendering.velocity.viewtools.content.util.ContentUtilsTest" time="6.13"/>
  <testcase name="testPullRelated[52: com.dotcms.rendering.velocity.viewtools.content.util.ContentUtilsTest$TestCase@8ad1850]" classname="com.dotcms.rendering.velocity.viewtools.content.util.ContentUtilsTest" time="7.008"/>
  <testcase name="testPullRelated[53: com.dotcms.rendering.velocity.viewtools.content.util.ContentUtilsTest$TestCase@6269550a]" classname="com.dotcms.rendering.velocity.viewtools.content.util.ContentUtilsTest" time="6.282"/>
  <testcase name="testPullRelated[54: com.dotcms.rendering.velocity.viewtools.content.util.ContentUtilsTest$TestCase@37b79651]" classname="com.dotcms.rendering.velocity.viewtools.content.util.ContentUtilsTest" time="7.231"/>
  <testcase name="testPullRelated[55: com.dotcms.rendering.velocity.viewtools.content.util.ContentUtilsTest$TestCase@5853ccd2]" classname="com.dotcms.rendering.velocity.viewtools.content.util.ContentUtilsTest" time="6.888"/>
  <testcase name="testPullRelated[56: com.dotcms.rendering.velocity.viewtools.content.util.ContentUtilsTest$TestCase@38dc2010]" classname="com.dotcms.rendering.velocity.viewtools.content.util.ContentUtilsTest" time="6.159"/>
  <testcase name="testPullRelated[57: com.dotcms.rendering.velocity.viewtools.content.util.ContentUtilsTest$TestCase@1035e304]" classname="com.dotcms.rendering.velocity.viewtools.content.util.ContentUtilsTest" time="5.975"/>
  <testcase name="testPullRelated[58: com.dotcms.rendering.velocity.viewtools.content.util.ContentUtilsTest$TestCase@1bbbfa4d]" classname="com.dotcms.rendering.velocity.viewtools.content.util.ContentUtilsTest" time="6.235"/>
  <testcase name="testPullRelated[59: com.dotcms.rendering.velocity.viewtools.content.util.ContentUtilsTest$TestCase@5dc880b4]" classname="com.dotcms.rendering.velocity.viewtools.content.util.ContentUtilsTest" time="6.176"/>
  <testcase name="testPullRelated[60: com.dotcms.rendering.velocity.viewtools.content.util.ContentUtilsTest$TestCase@4cde7bd]" classname="com.dotcms.rendering.velocity.viewtools.content.util.ContentUtilsTest" time="6.209"/>
  <testcase name="testPullRelated[61: com.dotcms.rendering.velocity.viewtools.content.util.ContentUtilsTest$TestCase@3b5f09e3]" classname="com.dotcms.rendering.velocity.viewtools.content.util.ContentUtilsTest" time="7.01"/>
  <testcase name="testPullRelated[62: com.dotcms.rendering.velocity.viewtools.content.util.ContentUtilsTest$TestCase@7f72e557]" classname="com.dotcms.rendering.velocity.viewtools.content.util.ContentUtilsTest" time="5.999"/>
  <testcase name="testPullRelated[63: com.dotcms.rendering.velocity.viewtools.content.util.ContentUtilsTest$TestCase@6626172d]" classname="com.dotcms.rendering.velocity.viewtools.content.util.ContentUtilsTest" time="6.295"/>
  <testcase name="testPullRelated[64: com.dotcms.rendering.velocity.viewtools.content.util.ContentUtilsTest$TestCase@dbde45b]" classname="com.dotcms.rendering.velocity.viewtools.content.util.ContentUtilsTest" time="6.134"/>
  <testcase name="testPullRelated[65: com.dotcms.rendering.velocity.viewtools.content.util.ContentUtilsTest$TestCase@4eeee41e]" classname="com.dotcms.rendering.velocity.viewtools.content.util.ContentUtilsTest" time="4.727"/>
  <testcase name="testPullRelated[66: com.dotcms.rendering.velocity.viewtools.content.util.ContentUtilsTest$TestCase@26dee8c9]" classname="com.dotcms.rendering.velocity.viewtools.content.util.ContentUtilsTest" time="6.377"/>
  <testcase name="testPullRelated[67: com.dotcms.rendering.velocity.viewtools.content.util.ContentUtilsTest$TestCase@70170c40]" classname="com.dotcms.rendering.velocity.viewtools.content.util.ContentUtilsTest" time="6.182"/>
  <testcase name="testPullRelated[68: com.dotcms.rendering.velocity.viewtools.content.util.ContentUtilsTest$TestCase@126aa125]" classname="com.dotcms.rendering.velocity.viewtools.content.util.ContentUtilsTest" time="6.054"/>
  <testcase name="testPullRelated[69: com.dotcms.rendering.velocity.viewtools.content.util.ContentUtilsTest$TestCase@2b9d6962]" classname="com.dotcms.rendering.velocity.viewtools.content.util.ContentUtilsTest" time="6.082"/>
  <testcase name="testPullRelated[70: com.dotcms.rendering.velocity.viewtools.content.util.ContentUtilsTest$TestCase@7ad44478]" classname="com.dotcms.rendering.velocity.viewtools.content.util.ContentUtilsTest" time="6.534"/>
  <testcase name="testPullRelated[71: com.dotcms.rendering.velocity.viewtools.content.util.ContentUtilsTest$TestCase@3269326e]" classname="com.dotcms.rendering.velocity.viewtools.content.util.ContentUtilsTest" time="7.238"/>
  <testcase name="whenPublishAndExpireDatesAreInTheFutureAndTimeMachineIsAfterBoth" classname="com.dotcms.rendering.velocity.viewtools.content.util.ContentUtilsTest" time="4.121"/>
  <testcase name="testPullRelatedForLegacyRelationship[0: com.dotcms.rendering.velocity.viewtools.content.util.ContentUtilsTest$LegacyTestCase@75cdce8f]" classname="com.dotcms.rendering.velocity.viewtools.content.util.ContentUtilsTest" time="4.083"/>
  <testcase name="testPullRelatedForLegacyRelationship[1: com.dotcms.rendering.velocity.viewtools.content.util.ContentUtilsTest$LegacyTestCase@355b6f2d]" classname="com.dotcms.rendering.velocity.viewtools.content.util.ContentUtilsTest" time="4.208"/>
  <testcase name="whenTheTimeMachineDateIsAfterTomorrowAndExpireDateIsTomorrowShouldNotReturnContent" classname="com.dotcms.rendering.velocity.viewtools.content.util.ContentUtilsTest" time="4.228"/>
  <testcase name="testPullLiveRelatedWhenLatestVersionIsWorking" classname="com.dotcms.rendering.velocity.viewtools.content.util.ContentUtilsTest" time="4.694"/>
  <testcase name="test_add_relationships_on_parent_children_related_contents" classname="com.dotcms.rendering.velocity.viewtools.content.util.ContentUtilsTest" time="2.01"/>
  <testcase name="testSortPullRelated[0: com.dotcms.rendering.velocity.viewtools.content.util.ContentUtilsTest$SortTestCase@6d741a7a]" classname="com.dotcms.rendering.velocity.viewtools.content.util.ContentUtilsTest" time="3.486"/>
  <testcase name="testSortPullRelated[1: com.dotcms.rendering.velocity.viewtools.content.util.ContentUtilsTest$SortTestCase@1675bff8]" classname="com.dotcms.rendering.velocity.viewtools.content.util.ContentUtilsTest" time="3.653"/>
  <testcase name="testSortPullRelated[2: com.dotcms.rendering.velocity.viewtools.content.util.ContentUtilsTest$SortTestCase@dd7b20f]" classname="com.dotcms.rendering.velocity.viewtools.content.util.ContentUtilsTest" time="3.331"/>
  <testcase name="testSortPullRelated[3: com.dotcms.rendering.velocity.viewtools.content.util.ContentUtilsTest$SortTestCase@631b969f]" classname="com.dotcms.rendering.velocity.viewtools.content.util.ContentUtilsTest" time="2.162"/>
  <testcase name="testSortPullRelated[4: com.dotcms.rendering.velocity.viewtools.content.util.ContentUtilsTest$SortTestCase@2ef1e74c]" classname="com.dotcms.rendering.velocity.viewtools.content.util.ContentUtilsTest" time="3.64"/>
  <testcase name="testSortPullRelated[5: com.dotcms.rendering.velocity.viewtools.content.util.ContentUtilsTest$SortTestCase@15c00715]" classname="com.dotcms.rendering.velocity.viewtools.content.util.ContentUtilsTest" time="3.452"/>
  <testcase name="whenTheTimeMachineDateIsAfterTomorrowAndExpireDateIsInFutureShouldReturnContent" classname="com.dotcms.rendering.velocity.viewtools.content.util.ContentUtilsTest" time="4.272"/>
  <testcase name="testPullRelatedFieldShouldRespectDefaultOrder" classname="com.dotcms.rendering.velocity.viewtools.content.util.ContentUtilsTest" time="3.428"/>
  <system-out><![CDATA[]]></system-out>
  <system-err><![CDATA[]]></system-err>
</testsuite>
