<?xml version="1.0" encoding="UTF-8"?>
<testsuite name="com.dotcms.rest.api.v1.folder.FolderResourceTest" tests="10" skipped="0" failures="0" errors="0" timestamp="2023-07-18T00:11:42" hostname="fv-az362-624" time="27.684">
  <properties/>
  <testcase name="test_loadFolderAndSubFoldersByPath_UserNoPermissionsOverSubFolder_returnFoldersWithUserPermissions" classname="com.dotcms.rest.api.v1.folder.FolderResourceTest" time="5.174"/>
  <testcase name="test_loadFolderAndSubFoldersByPath_Admin_InvalidHostId_return400" classname="com.dotcms.rest.api.v1.folder.FolderResourceTest" time="2.961"/>
  <testcase name="test_loadFolderAndSubFoldersByPath_UserNoPermissionsOverFolder_return403" classname="com.dotcms.rest.api.v1.folder.FolderResourceTest" time="4.173"/>
  <testcase name="test_createFolders_siteNameNotExists_return400" classname="com.dotcms.rest.api.v1.folder.FolderResourceTest" time="0.912"/>
  <testcase name="test_createFolders_UserNoPermissions_return403" classname="com.dotcms.rest.api.v1.folder.FolderResourceTest" time="1.272"/>
  <testcase name="test_loadFolderAndSubFoldersByPath_Admin_success" classname="com.dotcms.rest.api.v1.folder.FolderResourceTest" time="2.833"/>
  <testcase name="test_createFolders_restrictedFolderName_return400" classname="com.dotcms.rest.api.v1.folder.FolderResourceTest" time="2.165"/>
  <testcase name="test_loadFolderAndSubFoldersByPath_UserNoPermissionsOverHost_return403" classname="com.dotcms.rest.api.v1.folder.FolderResourceTest" time="3.899"/>
  <testcase name="test_loadFolderAndSubFoldersByPath_Admin_InvalidPath_return400" classname="com.dotcms.rest.api.v1.folder.FolderResourceTest" time="2.092"/>
  <testcase name="test_createFolders_success" classname="com.dotcms.rest.api.v1.folder.FolderResourceTest" time="2.203"/>
  <system-out><![CDATA[]]></system-out>
  <system-err><![CDATA[]]></system-err>
</testsuite>
