<?xml version="1.0" encoding="UTF-8"?>
<testsuite name="com.dotmarketing.business.DeterministicIdentifierAPITest" tests="16" skipped="0" failures="0" errors="0" timestamp="2023-06-28T01:10:54" hostname="fv-az573-179" time="1.633">
  <properties/>
  <testcase name="Test_Category_Path_Seed_And_Id" classname="com.dotmarketing.business.DeterministicIdentifierAPITest" time="0.027"/>
  <testcase name="Test_Language_Deterministic_Id[0: LanguageTestCase{expectedSeed='Language:es:US', expectedHash=4913155, langCode='es', countryCode='US', country='United States'}]" classname="com.dotmarketing.business.DeterministicIdentifierAPITest" time="0.001"/>
  <testcase name="Test_Language_Deterministic_Id[1: LanguageTestCase{expectedSeed='Language:ep:', expectedHash=5292269, langCode='ep', countryCode='', country=''}]" classname="com.dotmarketing.business.DeterministicIdentifierAPITest" time="0.002"/>
  <testcase name="Test_Language_Deterministic_Id[2: LanguageTestCase{expectedSeed='Language:sg:SAG', expectedHash=4713118, langCode='sg', countryCode='SAG', country=''}]" classname="com.dotmarketing.business.DeterministicIdentifierAPITest" time="0.001"/>
  <testcase name="Test_Language_Deterministic_Id[3: LanguageTestCase{expectedSeed='Language:en:NZ', expectedHash=5382528, langCode='en', countryCode='NZ', country='New Zealand'}]" classname="com.dotmarketing.business.DeterministicIdentifierAPITest" time="0.001"/>
  <testcase name="Test_Category_None_Persisted_Category_Should_Return_Deterministic_Id" classname="com.dotmarketing.business.DeterministicIdentifierAPITest" time="0.002"/>
  <testcase name="Test_Asset_Generate_Deterministic_Id_Best_Effort[0: TestCase{versionable=my.host1687914238578.com, parent=System Host, expectedName='my.host1687914238578.com', expectedType='Host'}]" classname="com.dotmarketing.business.DeterministicIdentifierAPITest" time="0.004"/>
  <testcase name="Test_Asset_Generate_Deterministic_Id_Best_Effort[1: TestCase{versionable=com.dotmarketing.portlets.contentlet.model.Contentlet@dba4915[map={modDate=2023-06-28 01:03:59.082, fileName=file8370313743302705583.txt, title=file8370313743302705583.txt, inode=661fc864-182b-4860-911a-e1b94708e0f7, __IS_NEW_CONTENT__=true, disabledWYSIWYG=[], host=4eb1784e-eecc-44c2-b595-f808a4534d70, stInode=33888b6f-7a8e-4069-b1b6-5c1aa9d0a48d, owner=system, identifier=8cf01c41-8156-4fc2-b17d-1a423270cece, nullProperties=[wfExpireDate, wfPublishDate, wfActionAssign, wfActionId, wfActionComments, filterKey, whereToSend, wfNeverExpire, _path_to_move, timezoneId, iWantTo, wfPublishTime, wfExpireTime], languageId=1, fileAsset=/home/runner/work/core/custom/assets/6/6/661fc864-182b-4860-911a-e1b94708e0f7/fileAsset/file8370313743302705583.txt, folder=2c1955e8-9e31-4510-8445-8a375c5d9b6b, __disable_workflow__=true, sortOrder=0, modUser=system},lowIndexPriority=false,variantId=DEFAULT], parent=com.dotmarketing.portlets.folders.model.Folder@33b4770[identifier=2c1955e8-9e31-4510-8445-8a375c5d9b6b,name=testName1687914239071,sortOrder=0,showOnMenu=false,hostId=4eb1784e-eecc-44c2-b595-f808a4534d70,type=folder,title=testTitle1687914239071,filesMasks=,defaultFileType=33888b6f-7a8e-4069-b1b6-5c1aa9d0a48d,modDate=2023-06-28 01:03:59.074,owner=&lt;null&gt;,iDate=2023-06-28 01:03:59.074,inode=2c1955e8-9e31-4510-8445-8a375c5d9b6b,path=/testName1687914239071/], expectedName='file8370313743302705583.txt', expectedType='FileAsset'}]" classname="com.dotmarketing.business.DeterministicIdentifierAPITest" time="0.004"/>
  <testcase name="Test_Asset_Generate_Deterministic_Id_Best_Effort[2: TestCase{versionable=com.dotmarketing.portlets.templates.model.Template@d7abf6a7, parent=my.host1687914238578.com, expectedName='testTitle1687914239210', expectedType='Template'}]" classname="com.dotmarketing.business.DeterministicIdentifierAPITest" time="0.003"/>
  <testcase name="Test_Asset_Generate_Deterministic_Id_Best_Effort[3: TestCase{versionable=com.dotmarketing.portlets.htmlpageasset.model.HTMLPageAsset@23287f97[map={template=0a1050fc-5b1d-4f0e-9f1e-ec75afab060f, owner=system, identifier=43c2b895-e0a0-48d3-a362-6d285088b7e4, nullProperties=[wfExpireDate, wfPublishDate, wfActionAssign, wfActionId, wfActionComments, filterKey, whereToSend, wfNeverExpire, _path_to_move, timezoneId, iWantTo, wfPublishTime, wfExpireTime], modDate=2023-06-28 01:03:59.232, cachettl=0, _is_test_mode=true, languageId=1, title=test-page-title-1687914239227, httpsreq=, url=test-page-url-1687914239227, showOnMenu=, inode=8752adf1-3932-4c8d-9313-117b04160d36, folder=2c1955e8-9e31-4510-8445-8a375c5d9b6b, disabledWYSIWYG=[], sortOrder=1, modUser=system, host=4eb1784e-eecc-44c2-b595-f808a4534d70, stInode=c541abb1-69b3-4bc5-8430-5e09e5239cc8, friendlyName=test-page-friendly-name-1687914239227},lowIndexPriority=false,variantId=DEFAULT], parent=com.dotmarketing.portlets.folders.model.Folder@33b4770[identifier=2c1955e8-9e31-4510-8445-8a375c5d9b6b,name=testName1687914239071,sortOrder=0,showOnMenu=false,hostId=4eb1784e-eecc-44c2-b595-f808a4534d70,type=folder,title=testTitle1687914239071,filesMasks=,defaultFileType=33888b6f-7a8e-4069-b1b6-5c1aa9d0a48d,modDate=2023-06-28 01:03:59.074,owner=&lt;null&gt;,iDate=2023-06-28 01:03:59.074,inode=2c1955e8-9e31-4510-8445-8a375c5d9b6b,path=/testName1687914239071/], expectedName='test-page-url-1687914239227', expectedType='htmlpageasset'}]" classname="com.dotmarketing.business.DeterministicIdentifierAPITest" time="0.003"/>
  <testcase name="Test_Asset_Generate_Deterministic_Id_Best_Effort[4: TestCase{versionable=com.dotmarketing.portlets.contentlet.model.Contentlet@1e9e969c[map={fileAsset2=/home/runner/work/core/custom/assets/a/7/a74699ca-e30f-4468-adee-6baed592b4b7/fileAsset2/test_binary1687914241100.png, modDate=2023-06-28 01:04:01.126, fileAsset1=/home/runner/work/core/custom/assets/a/7/a74699ca-e30f-4468-adee-6baed592b4b7/fileAsset1/test_binary1687914241100.jpg, title=blah, inode=a74699ca-e30f-4468-adee-6baed592b4b7, __IS_NEW_CONTENT__=true, disabledWYSIWYG=[], host=48190c8c-42c4-46af-8d1a-0cd5db894797, stInode=cec6d232-5e05-4aa0-a78b-7fa0a57c8c24, owner=system, identifier=73e6e5ef-e1b0-4ff2-a8af-9973dcaa46b5, nullProperties=[], languageId=1, image1=e8414a0d-9458-4be9-8b30-3ca2089a4316, folder=SYSTEM_FOLDER, __disable_workflow__=true, sortOrder=0, modUser=system},lowIndexPriority=false,variantId=DEFAULT], parent=demo.dotcms.com, expectedName='test_binary1687914241100.jpg:test_binary1687914241100.png', expectedType='MultipleBinaries1687914239468'}]" classname="com.dotmarketing.business.DeterministicIdentifierAPITest" time="0.008"/>
  <testcase name="Test_Asset_Generate_Deterministic_Id_Best_Effort[5: TestCase{versionable=name01b6ec1323 : keyTag01b6ec1323, parent=my.host1687914238578.com, expectedName='keyTag01b6ec1323', expectedType='persona'}]" classname="com.dotmarketing.business.DeterministicIdentifierAPITest" time="0.004"/>
  <testcase name="Test_Similar_Content_Type_Wont_Clash" classname="com.dotmarketing.business.DeterministicIdentifierAPITest" time="0.622"/>
  <testcase name="Test_Generate_Folder_Identifier" classname="com.dotmarketing.business.DeterministicIdentifierAPITest" time="0.934"/>
  <testcase name="Test_Generate_Content_Type_Identifier[0: ContentTypeTestCase{contentType=KeyValueContentType{name=Language Variable, id=f4d7c1b8-2c88-4071-abf1-a5328977b07d, description=Default Content Type for Language Variables, defaultType=false, fixed=true, iDate=Thu Aug 31 16:38:49 UTC 2017, system=true, versionable=true, variable=Languagevariable, modDate=Tue Jun 27 23:50:08 UTC 2023, host=SYSTEM_HOST, siteName=systemHost, icon=language, sortOrder=0, folder=SYSTEM_FOLDER, folderPath=/, markedForDeletion=true, multilingualable=false}, expectedName='Languagevariable', expectedType='KeyValue'}]" classname="com.dotmarketing.business.DeterministicIdentifierAPITest" time="0.007"/>
  <testcase name="Test_Generate_Content_Type_Identifier[1: ContentTypeTestCase{contentType=SimpleContentType{name=testName1687914241734, id=d20bfc8e-b133-4819-8207-1f6f6aa2c8c3, description=testDescription1687914241734, defaultType=false, fixed=false, iDate=Wed Jun 28 01:04:01 UTC 2023, system=false, versionable=true, multilingualable=false, variable=testVarname1687914241734, owner=system, modDate=Wed Jun 28 01:04:02 UTC 2023, host=48190c8c-42c4-46af-8d1a-0cd5db894797, siteName=demo.dotcms.com, icon=event_note, sortOrder=0, folder=SYSTEM_FOLDER, folderPath=/, requiredFields=[], markedForDeletion=false}, expectedName='testVarname1687914241734', expectedType='CONTENT'}]" classname="com.dotmarketing.business.DeterministicIdentifierAPITest" time="0.005"/>
  <system-out><![CDATA[]]></system-out>
  <system-err><![CDATA[]]></system-err>
</testsuite>
