<?xml version="1.0" encoding="UTF-8"?>
<testsuite name="com.dotcms.rest.api.v1.vtl.VTLResourceIntegrationTest" tests="6" skipped="0" failures="0" errors="0" timestamp="2023-07-20T00:01:28" hostname="fv-az341-447" time="13.265">
  <properties/>
  <testcase name="testGet[0: com.dotcms.rest.api.v1.vtl.VTLResourceTestCase@67c56d28]" classname="com.dotcms.rest.api.v1.vtl.VTLResourceIntegrationTest" time="2.471"/>
  <testcase name="testGet[1: com.dotcms.rest.api.v1.vtl.VTLResourceTestCase@3ce388c3]" classname="com.dotcms.rest.api.v1.vtl.VTLResourceIntegrationTest" time="1.936"/>
  <testcase name="testGet[2: com.dotcms.rest.api.v1.vtl.VTLResourceTestCase@1c80ed36]" classname="com.dotcms.rest.api.v1.vtl.VTLResourceIntegrationTest" time="2.169"/>
  <testcase name="testGet[3: com.dotcms.rest.api.v1.vtl.VTLResourceTestCase@3538db6]" classname="com.dotcms.rest.api.v1.vtl.VTLResourceIntegrationTest" time="2.922"/>
  <testcase name="testGet[4: com.dotcms.rest.api.v1.vtl.VTLResourceTestCase@4fb30cd9]" classname="com.dotcms.rest.api.v1.vtl.VTLResourceIntegrationTest" time="1.868"/>
  <testcase name="testGet[5: com.dotcms.rest.api.v1.vtl.VTLResourceTestCase@6f36307c]" classname="com.dotcms.rest.api.v1.vtl.VTLResourceIntegrationTest" time="1.898"/>
  <system-out><![CDATA[]]></system-out>
  <system-err><![CDATA[]]></system-err>
</testsuite>
