<?xml version="1.0" encoding="UTF-8"?>
<testsuite name="com.dotmarketing.business.DeterministicIdentifierAPITest" tests="16" skipped="0" failures="0" errors="0" timestamp="2023-06-29T17:55:57" hostname="fv-az615-773" time="1.456">
  <properties/>
  <testcase name="Test_Category_Path_Seed_And_Id" classname="com.dotmarketing.business.DeterministicIdentifierAPITest" time="0.026"/>
  <testcase name="Test_Language_Deterministic_Id[0: LanguageTestCase{expectedSeed='Language:es:US', expectedHash=4913155, langCode='es', countryCode='US', country='United States'}]" classname="com.dotmarketing.business.DeterministicIdentifierAPITest" time="0.001"/>
  <testcase name="Test_Language_Deterministic_Id[1: LanguageTestCase{expectedSeed='Language:ep:', expectedHash=5292269, langCode='ep', countryCode='', country=''}]" classname="com.dotmarketing.business.DeterministicIdentifierAPITest" time="0.001"/>
  <testcase name="Test_Language_Deterministic_Id[2: LanguageTestCase{expectedSeed='Language:sg:SAG', expectedHash=4713118, langCode='sg', countryCode='SAG', country=''}]" classname="com.dotmarketing.business.DeterministicIdentifierAPITest" time="0.001"/>
  <testcase name="Test_Language_Deterministic_Id[3: LanguageTestCase{expectedSeed='Language:en:NZ', expectedHash=5382528, langCode='en', countryCode='NZ', country='New Zealand'}]" classname="com.dotmarketing.business.DeterministicIdentifierAPITest" time="0.001"/>
  <testcase name="Test_Category_None_Persisted_Category_Should_Return_Deterministic_Id" classname="com.dotmarketing.business.DeterministicIdentifierAPITest" time="0.001"/>
  <testcase name="Test_Asset_Generate_Deterministic_Id_Best_Effort[0: TestCase{versionable=my.host1688060971572.com, parent=System Host, expectedName='my.host1688060971572.com', expectedType='Host'}]" classname="com.dotmarketing.business.DeterministicIdentifierAPITest" time="0.003"/>
  <testcase name="Test_Asset_Generate_Deterministic_Id_Best_Effort[1: TestCase{versionable=com.dotmarketing.portlets.contentlet.model.Contentlet@1a498a2d[map={modDate=2023-06-29 17:49:32.309, fileName=file7880759301885974338.txt, title=file7880759301885974338.txt, inode=a0c7af01-5d50-4744-9962-951f1387890f, __IS_NEW_CONTENT__=true, disabledWYSIWYG=[], host=d2014a07-1ec9-4421-a7ef-652f75f51d7b, stInode=33888b6f-7a8e-4069-b1b6-5c1aa9d0a48d, owner=system, identifier=077ce865-ade4-484a-b68e-d8b615183f9c, nullProperties=[wfExpireDate, wfPublishDate, wfActionAssign, wfActionId, wfActionComments, filterKey, whereToSend, wfNeverExpire, _path_to_move, timezoneId, iWantTo, wfPublishTime, wfExpireTime], languageId=1, fileAsset=/home/runner/work/core/custom/assets/a/0/a0c7af01-5d50-4744-9962-951f1387890f/fileAsset/file7880759301885974338.txt, folder=e858be4d-094b-4ed3-a769-e6931956a128, __disable_workflow__=true, sortOrder=0, modUser=system},lowIndexPriority=false,variantId=DEFAULT], parent=com.dotmarketing.portlets.folders.model.Folder@504c7567[identifier=e858be4d-094b-4ed3-a769-e6931956a128,name=testName1688060972301,sortOrder=0,showOnMenu=false,hostId=d2014a07-1ec9-4421-a7ef-652f75f51d7b,type=folder,title=testTitle1688060972301,filesMasks=,defaultFileType=33888b6f-7a8e-4069-b1b6-5c1aa9d0a48d,modDate=2023-06-29 17:49:32.304,owner=&lt;null&gt;,iDate=2023-06-29 17:49:32.304,inode=e858be4d-094b-4ed3-a769-e6931956a128,path=/testName1688060972301/], expectedName='file7880759301885974338.txt', expectedType='FileAsset'}]" classname="com.dotmarketing.business.DeterministicIdentifierAPITest" time="0.003"/>
  <testcase name="Test_Asset_Generate_Deterministic_Id_Best_Effort[2: TestCase{versionable=com.dotmarketing.portlets.templates.model.Template@458cb7d5, parent=my.host1688060971572.com, expectedName='testTitle1688060972410', expectedType='Template'}]" classname="com.dotmarketing.business.DeterministicIdentifierAPITest" time="0.002"/>
  <testcase name="Test_Asset_Generate_Deterministic_Id_Best_Effort[3: TestCase{versionable=com.dotmarketing.portlets.htmlpageasset.model.HTMLPageAsset@13ccffae[map={template=4b8b603f-c6a8-46d6-b463-04c70062dd91, owner=system, identifier=7c4121cc-b5dc-40a1-b0e1-d4dc647e521c, nullProperties=[wfExpireDate, wfPublishDate, wfActionAssign, wfActionId, wfActionComments, filterKey, whereToSend, wfNeverExpire, _path_to_move, timezoneId, iWantTo, wfPublishTime, wfExpireTime], modDate=2023-06-29 17:49:32.429, cachettl=0, _is_test_mode=true, languageId=1, title=test-page-title-1688060972425, httpsreq=, url=test-page-url-1688060972425, showOnMenu=, inode=ddc88390-5f44-4d58-a435-b63a2ec27b85, folder=e858be4d-094b-4ed3-a769-e6931956a128, disabledWYSIWYG=[], sortOrder=1, modUser=system, host=d2014a07-1ec9-4421-a7ef-652f75f51d7b, stInode=c541abb1-69b3-4bc5-8430-5e09e5239cc8, friendlyName=test-page-friendly-name-1688060972425},lowIndexPriority=false,variantId=DEFAULT], parent=com.dotmarketing.portlets.folders.model.Folder@504c7567[identifier=e858be4d-094b-4ed3-a769-e6931956a128,name=testName1688060972301,sortOrder=0,showOnMenu=false,hostId=d2014a07-1ec9-4421-a7ef-652f75f51d7b,type=folder,title=testTitle1688060972301,filesMasks=,defaultFileType=33888b6f-7a8e-4069-b1b6-5c1aa9d0a48d,modDate=2023-06-29 17:49:32.304,owner=&lt;null&gt;,iDate=2023-06-29 17:49:32.304,inode=e858be4d-094b-4ed3-a769-e6931956a128,path=/testName1688060972301/], expectedName='test-page-url-1688060972425', expectedType='htmlpageasset'}]" classname="com.dotmarketing.business.DeterministicIdentifierAPITest" time="0.003"/>
  <testcase name="Test_Asset_Generate_Deterministic_Id_Best_Effort[4: TestCase{versionable=com.dotmarketing.portlets.contentlet.model.Contentlet@73367544[map={fileAsset2=/home/runner/work/core/custom/assets/d/3/d33fb895-3131-411c-b01f-75db82a57b48/fileAsset2/test_binary1688060974308.png, modDate=2023-06-29 17:49:34.314, fileAsset1=/home/runner/work/core/custom/assets/d/3/d33fb895-3131-411c-b01f-75db82a57b48/fileAsset1/test_binary1688060974308.jpg, title=blah, inode=d33fb895-3131-411c-b01f-75db82a57b48, __IS_NEW_CONTENT__=true, disabledWYSIWYG=[], host=48190c8c-42c4-46af-8d1a-0cd5db894797, stInode=438666ec-38bb-489b-94ec-d34f8dc5cf35, owner=system, identifier=2ae4ca21-dd83-40bc-8e81-de03b46d6eb1, nullProperties=[], languageId=1, image1=759f5b09-3744-499b-afe9-5940e2e3af8a, folder=SYSTEM_FOLDER, __disable_workflow__=true, sortOrder=0, modUser=system},lowIndexPriority=false,variantId=DEFAULT], parent=demo.dotcms.com, expectedName='test_binary1688060974308.jpg:test_binary1688060974308.png', expectedType='MultipleBinaries1688060972637'}]" classname="com.dotmarketing.business.DeterministicIdentifierAPITest" time="0.003"/>
  <testcase name="Test_Asset_Generate_Deterministic_Id_Best_Effort[5: TestCase{versionable=named43ed44103 : keyTagd43ed44103, parent=my.host1688060971572.com, expectedName='keyTagd43ed44103', expectedType='persona'}]" classname="com.dotmarketing.business.DeterministicIdentifierAPITest" time="0.003"/>
  <testcase name="Test_Similar_Content_Type_Wont_Clash" classname="com.dotmarketing.business.DeterministicIdentifierAPITest" time="0.44"/>
  <testcase name="Test_Generate_Folder_Identifier" classname="com.dotmarketing.business.DeterministicIdentifierAPITest" time="0.956"/>
  <testcase name="Test_Generate_Content_Type_Identifier[0: ContentTypeTestCase{contentType=KeyValueContentType{name=Language Variable, id=f4d7c1b8-2c88-4071-abf1-a5328977b07d, description=Default Content Type for Language Variables, defaultType=false, fixed=true, iDate=Thu Aug 31 16:38:49 UTC 2017, system=true, versionable=true, variable=Languagevariable, modDate=Thu Jun 29 16:44:00 UTC 2023, host=SYSTEM_HOST, siteName=systemHost, icon=language, sortOrder=0, folder=SYSTEM_FOLDER, folderPath=/, markedForDeletion=true, multilingualable=false}, expectedName='Languagevariable', expectedType='KeyValue'}]" classname="com.dotmarketing.business.DeterministicIdentifierAPITest" time="0.005"/>
  <testcase name="Test_Generate_Content_Type_Identifier[1: ContentTypeTestCase{contentType=SimpleContentType{name=testName1688060974838, id=0ad9cc5b-8e8c-43cb-8dce-a786723ccfb8, description=testDescription1688060974838, defaultType=false, fixed=false, iDate=Thu Jun 29 17:49:34 UTC 2023, system=false, versionable=true, multilingualable=false, variable=testVarname1688060974838, owner=system, modDate=Thu Jun 29 17:49:35 UTC 2023, host=48190c8c-42c4-46af-8d1a-0cd5db894797, siteName=demo.dotcms.com, icon=event_note, sortOrder=0, folder=SYSTEM_FOLDER, folderPath=/, requiredFields=[], markedForDeletion=false}, expectedName='testVarname1688060974838', expectedType='CONTENT'}]" classname="com.dotmarketing.business.DeterministicIdentifierAPITest" time="0.004"/>
  <system-out><![CDATA[]]></system-out>
  <system-err><![CDATA[]]></system-err>
</testsuite>
