<?xml version="1.0" encoding="UTF-8"?>
<testsuite name="com.dotcms.notification.business.NotificationAPITest" tests="5" skipped="0" failures="0" errors="0" timestamp="2023-07-17T22:53:35" hostname="fv-az362-624" time="6.647">
  <properties/>
  <testcase name="testNewNotificationsCount" classname="com.dotcms.notification.business.NotificationAPITest" time="0.01"/>
  <testcase name="testGetPaginatedNotifications" classname="com.dotcms.notification.business.NotificationAPITest" time="0.014"/>
  <testcase name="testSaveDeleteNotification" classname="com.dotcms.notification.business.NotificationAPITest" time="0.007"/>
  <testcase name="testSaveNotificationsForUsers" classname="com.dotcms.notification.business.NotificationAPITest" time="1.862"/>
  <testcase name="generateNotificationForRole" classname="com.dotcms.notification.business.NotificationAPITest" time="4.753"/>
  <system-out><![CDATA[]]></system-out>
  <system-err><![CDATA[]]></system-err>
</testsuite>
