<?xml version="1.0" encoding="UTF-8"?>
<testsuite name="com.dotcms.rest.api.v1.vtl.VTLResourceIntegrationTest" tests="6" skipped="0" failures="0" errors="0" timestamp="2023-06-22T16:33:24" hostname="fv-az1098-397" time="12.375">
  <properties/>
  <testcase name="testGet[0: com.dotcms.rest.api.v1.vtl.VTLResourceTestCase@4ecdb997]" classname="com.dotcms.rest.api.v1.vtl.VTLResourceIntegrationTest" time="2.421"/>
  <testcase name="testGet[1: com.dotcms.rest.api.v1.vtl.VTLResourceTestCase@20d5fe62]" classname="com.dotcms.rest.api.v1.vtl.VTLResourceIntegrationTest" time="1.86"/>
  <testcase name="testGet[2: com.dotcms.rest.api.v1.vtl.VTLResourceTestCase@fd048af]" classname="com.dotcms.rest.api.v1.vtl.VTLResourceIntegrationTest" time="2.123"/>
  <testcase name="testGet[3: com.dotcms.rest.api.v1.vtl.VTLResourceTestCase@22a8a2f6]" classname="com.dotcms.rest.api.v1.vtl.VTLResourceIntegrationTest" time="1.945"/>
  <testcase name="testGet[4: com.dotcms.rest.api.v1.vtl.VTLResourceTestCase@18ab635]" classname="com.dotcms.rest.api.v1.vtl.VTLResourceIntegrationTest" time="1.883"/>
  <testcase name="testGet[5: com.dotcms.rest.api.v1.vtl.VTLResourceTestCase@e236e88]" classname="com.dotcms.rest.api.v1.vtl.VTLResourceIntegrationTest" time="2.142"/>
  <system-out><![CDATA[]]></system-out>
  <system-err><![CDATA[]]></system-err>
</testsuite>
