<?xml version="1.0" encoding="UTF-8"?>
<testsuite name="com.dotcms.rest.api.v1.vtl.VTLResourceIntegrationTest" tests="6" skipped="0" failures="0" errors="0" timestamp="2023-06-26T17:22:14" hostname="fv-az1242-413" time="11.955">
  <properties/>
  <testcase name="testGet[0: com.dotcms.rest.api.v1.vtl.VTLResourceTestCase@6396d277]" classname="com.dotcms.rest.api.v1.vtl.VTLResourceIntegrationTest" time="2.191"/>
  <testcase name="testGet[1: com.dotcms.rest.api.v1.vtl.VTLResourceTestCase@5d06271d]" classname="com.dotcms.rest.api.v1.vtl.VTLResourceIntegrationTest" time="1.881"/>
  <testcase name="testGet[2: com.dotcms.rest.api.v1.vtl.VTLResourceTestCase@312c3036]" classname="com.dotcms.rest.api.v1.vtl.VTLResourceIntegrationTest" time="1.992"/>
  <testcase name="testGet[3: com.dotcms.rest.api.v1.vtl.VTLResourceTestCase@63bd0d73]" classname="com.dotcms.rest.api.v1.vtl.VTLResourceIntegrationTest" time="2.044"/>
  <testcase name="testGet[4: com.dotcms.rest.api.v1.vtl.VTLResourceTestCase@36ed7e19]" classname="com.dotcms.rest.api.v1.vtl.VTLResourceIntegrationTest" time="1.867"/>
  <testcase name="testGet[5: com.dotcms.rest.api.v1.vtl.VTLResourceTestCase@5a3f9916]" classname="com.dotcms.rest.api.v1.vtl.VTLResourceIntegrationTest" time="1.979"/>
  <system-out><![CDATA[]]></system-out>
  <system-err><![CDATA[]]></system-err>
</testsuite>
