<?xml version="1.0" encoding="UTF-8"?>
<testsuite name="com.dotcms.rendering.velocity.viewtools.content.util.ContentUtilsTest" tests="89" skipped="0" failures="0" errors="0" timestamp="2023-06-29T21:53:55" hostname="fv-az180-30" time="397.16">
  <properties/>
  <testcase name="whenTheTimeMachineDateIsNullAndPublishDateInFutureShouldNotReturnAnything" classname="com.dotcms.rendering.velocity.viewtools.content.util.ContentUtilsTest" time="3.091"/>
  <testcase name="test_find_multilingual_contentlet_getContentletSuccessfully" classname="com.dotcms.rendering.velocity.viewtools.content.util.ContentUtilsTest" time="1.954"/>
  <testcase name="whenTheTimeMachineDateAndPublishDateAreTomorrowShouldReturnOneContent" classname="com.dotcms.rendering.velocity.viewtools.content.util.ContentUtilsTest" time="3.11"/>
  <testcase name="testPullRelated[0: com.dotcms.rendering.velocity.viewtools.content.util.ContentUtilsTest$TestCase@1729cd30]" classname="com.dotcms.rendering.velocity.viewtools.content.util.ContentUtilsTest" time="3.45"/>
  <testcase name="testPullRelated[1: com.dotcms.rendering.velocity.viewtools.content.util.ContentUtilsTest$TestCase@3c8b920c]" classname="com.dotcms.rendering.velocity.viewtools.content.util.ContentUtilsTest" time="3.966"/>
  <testcase name="testPullRelated[2: com.dotcms.rendering.velocity.viewtools.content.util.ContentUtilsTest$TestCase@1cdd3c0b]" classname="com.dotcms.rendering.velocity.viewtools.content.util.ContentUtilsTest" time="4.379"/>
  <testcase name="testPullRelated[3: com.dotcms.rendering.velocity.viewtools.content.util.ContentUtilsTest$TestCase@4d91a6f9]" classname="com.dotcms.rendering.velocity.viewtools.content.util.ContentUtilsTest" time="3.854"/>
  <testcase name="testPullRelated[4: com.dotcms.rendering.velocity.viewtools.content.util.ContentUtilsTest$TestCase@1408a236]" classname="com.dotcms.rendering.velocity.viewtools.content.util.ContentUtilsTest" time="4.143"/>
  <testcase name="testPullRelated[5: com.dotcms.rendering.velocity.viewtools.content.util.ContentUtilsTest$TestCase@74735949]" classname="com.dotcms.rendering.velocity.viewtools.content.util.ContentUtilsTest" time="3.895"/>
  <testcase name="testPullRelated[6: com.dotcms.rendering.velocity.viewtools.content.util.ContentUtilsTest$TestCase@13b1ea8]" classname="com.dotcms.rendering.velocity.viewtools.content.util.ContentUtilsTest" time="3.233"/>
  <testcase name="testPullRelated[7: com.dotcms.rendering.velocity.viewtools.content.util.ContentUtilsTest$TestCase@415dc618]" classname="com.dotcms.rendering.velocity.viewtools.content.util.ContentUtilsTest" time="3.902"/>
  <testcase name="testPullRelated[8: com.dotcms.rendering.velocity.viewtools.content.util.ContentUtilsTest$TestCase@1095c517]" classname="com.dotcms.rendering.velocity.viewtools.content.util.ContentUtilsTest" time="4.012"/>
  <testcase name="testPullRelated[9: com.dotcms.rendering.velocity.viewtools.content.util.ContentUtilsTest$TestCase@7e427f5d]" classname="com.dotcms.rendering.velocity.viewtools.content.util.ContentUtilsTest" time="4.123"/>
  <testcase name="testPullRelated[10: com.dotcms.rendering.velocity.viewtools.content.util.ContentUtilsTest$TestCase@27d5f063]" classname="com.dotcms.rendering.velocity.viewtools.content.util.ContentUtilsTest" time="3.93"/>
  <testcase name="testPullRelated[11: com.dotcms.rendering.velocity.viewtools.content.util.ContentUtilsTest$TestCase@8178f87]" classname="com.dotcms.rendering.velocity.viewtools.content.util.ContentUtilsTest" time="4.345"/>
  <testcase name="testPullRelated[12: com.dotcms.rendering.velocity.viewtools.content.util.ContentUtilsTest$TestCase@36944eef]" classname="com.dotcms.rendering.velocity.viewtools.content.util.ContentUtilsTest" time="3.672"/>
  <testcase name="testPullRelated[13: com.dotcms.rendering.velocity.viewtools.content.util.ContentUtilsTest$TestCase@5bc167f7]" classname="com.dotcms.rendering.velocity.viewtools.content.util.ContentUtilsTest" time="4.363"/>
  <testcase name="testPullRelated[14: com.dotcms.rendering.velocity.viewtools.content.util.ContentUtilsTest$TestCase@539fc204]" classname="com.dotcms.rendering.velocity.viewtools.content.util.ContentUtilsTest" time="3.88"/>
  <testcase name="testPullRelated[15: com.dotcms.rendering.velocity.viewtools.content.util.ContentUtilsTest$TestCase@67400447]" classname="com.dotcms.rendering.velocity.viewtools.content.util.ContentUtilsTest" time="4.079"/>
  <testcase name="testPullRelated[16: com.dotcms.rendering.velocity.viewtools.content.util.ContentUtilsTest$TestCase@7337dd76]" classname="com.dotcms.rendering.velocity.viewtools.content.util.ContentUtilsTest" time="2.93"/>
  <testcase name="testPullRelated[17: com.dotcms.rendering.velocity.viewtools.content.util.ContentUtilsTest$TestCase@2319e238]" classname="com.dotcms.rendering.velocity.viewtools.content.util.ContentUtilsTest" time="3.145"/>
  <testcase name="testPullRelated[18: com.dotcms.rendering.velocity.viewtools.content.util.ContentUtilsTest$TestCase@ebb8bbd]" classname="com.dotcms.rendering.velocity.viewtools.content.util.ContentUtilsTest" time="3.884"/>
  <testcase name="testPullRelated[19: com.dotcms.rendering.velocity.viewtools.content.util.ContentUtilsTest$TestCase@69bed411]" classname="com.dotcms.rendering.velocity.viewtools.content.util.ContentUtilsTest" time="4.035"/>
  <testcase name="testPullRelated[20: com.dotcms.rendering.velocity.viewtools.content.util.ContentUtilsTest$TestCase@242f683d]" classname="com.dotcms.rendering.velocity.viewtools.content.util.ContentUtilsTest" time="3.106"/>
  <testcase name="testPullRelated[21: com.dotcms.rendering.velocity.viewtools.content.util.ContentUtilsTest$TestCase@48cb46a2]" classname="com.dotcms.rendering.velocity.viewtools.content.util.ContentUtilsTest" time="3.924"/>
  <testcase name="testPullRelated[22: com.dotcms.rendering.velocity.viewtools.content.util.ContentUtilsTest$TestCase@1affda65]" classname="com.dotcms.rendering.velocity.viewtools.content.util.ContentUtilsTest" time="4.258"/>
  <testcase name="testPullRelated[23: com.dotcms.rendering.velocity.viewtools.content.util.ContentUtilsTest$TestCase@57e9b77]" classname="com.dotcms.rendering.velocity.viewtools.content.util.ContentUtilsTest" time="3.971"/>
  <testcase name="testPullRelated[24: com.dotcms.rendering.velocity.viewtools.content.util.ContentUtilsTest$TestCase@5a4f6565]" classname="com.dotcms.rendering.velocity.viewtools.content.util.ContentUtilsTest" time="4.186"/>
  <testcase name="testPullRelated[25: com.dotcms.rendering.velocity.viewtools.content.util.ContentUtilsTest$TestCase@4823d6d8]" classname="com.dotcms.rendering.velocity.viewtools.content.util.ContentUtilsTest" time="3.806"/>
  <testcase name="testPullRelated[26: com.dotcms.rendering.velocity.viewtools.content.util.ContentUtilsTest$TestCase@2ceb014b]" classname="com.dotcms.rendering.velocity.viewtools.content.util.ContentUtilsTest" time="4.412"/>
  <testcase name="testPullRelated[27: com.dotcms.rendering.velocity.viewtools.content.util.ContentUtilsTest$TestCase@5d3f9282]" classname="com.dotcms.rendering.velocity.viewtools.content.util.ContentUtilsTest" time="2.767"/>
  <testcase name="testPullRelated[28: com.dotcms.rendering.velocity.viewtools.content.util.ContentUtilsTest$TestCase@7cfaa00d]" classname="com.dotcms.rendering.velocity.viewtools.content.util.ContentUtilsTest" time="4.124"/>
  <testcase name="testPullRelated[29: com.dotcms.rendering.velocity.viewtools.content.util.ContentUtilsTest$TestCase@2a392c5c]" classname="com.dotcms.rendering.velocity.viewtools.content.util.ContentUtilsTest" time="3.936"/>
  <testcase name="testPullRelated[30: com.dotcms.rendering.velocity.viewtools.content.util.ContentUtilsTest$TestCase@5e2c9109]" classname="com.dotcms.rendering.velocity.viewtools.content.util.ContentUtilsTest" time="4.226"/>
  <testcase name="testPullRelated[31: com.dotcms.rendering.velocity.viewtools.content.util.ContentUtilsTest$TestCase@7fa6a3cc]" classname="com.dotcms.rendering.velocity.viewtools.content.util.ContentUtilsTest" time="3.912"/>
  <testcase name="testPullRelated[32: com.dotcms.rendering.velocity.viewtools.content.util.ContentUtilsTest$TestCase@56f58efd]" classname="com.dotcms.rendering.velocity.viewtools.content.util.ContentUtilsTest" time="3.181"/>
  <testcase name="testPullRelated[33: com.dotcms.rendering.velocity.viewtools.content.util.ContentUtilsTest$TestCase@354d13b3]" classname="com.dotcms.rendering.velocity.viewtools.content.util.ContentUtilsTest" time="2.943"/>
  <testcase name="testPullRelated[34: com.dotcms.rendering.velocity.viewtools.content.util.ContentUtilsTest$TestCase@f5378ca]" classname="com.dotcms.rendering.velocity.viewtools.content.util.ContentUtilsTest" time="4.257"/>
  <testcase name="testPullRelated[35: com.dotcms.rendering.velocity.viewtools.content.util.ContentUtilsTest$TestCase@4521022f]" classname="com.dotcms.rendering.velocity.viewtools.content.util.ContentUtilsTest" time="4.084"/>
  <testcase name="testPullRelated[36: com.dotcms.rendering.velocity.viewtools.content.util.ContentUtilsTest$TestCase@3f59fe10]" classname="com.dotcms.rendering.velocity.viewtools.content.util.ContentUtilsTest" time="6.07"/>
  <testcase name="testPullRelated[37: com.dotcms.rendering.velocity.viewtools.content.util.ContentUtilsTest$TestCase@6254a2c3]" classname="com.dotcms.rendering.velocity.viewtools.content.util.ContentUtilsTest" time="5.924"/>
  <testcase name="testPullRelated[38: com.dotcms.rendering.velocity.viewtools.content.util.ContentUtilsTest$TestCase@7655036b]" classname="com.dotcms.rendering.velocity.viewtools.content.util.ContentUtilsTest" time="5.263"/>
  <testcase name="testPullRelated[39: com.dotcms.rendering.velocity.viewtools.content.util.ContentUtilsTest$TestCase@3ba847f4]" classname="com.dotcms.rendering.velocity.viewtools.content.util.ContentUtilsTest" time="6.177"/>
  <testcase name="testPullRelated[40: com.dotcms.rendering.velocity.viewtools.content.util.ContentUtilsTest$TestCase@4bf187ef]" classname="com.dotcms.rendering.velocity.viewtools.content.util.ContentUtilsTest" time="5.963"/>
  <testcase name="testPullRelated[41: com.dotcms.rendering.velocity.viewtools.content.util.ContentUtilsTest$TestCase@cf476e8]" classname="com.dotcms.rendering.velocity.viewtools.content.util.ContentUtilsTest" time="5.863"/>
  <testcase name="testPullRelated[42: com.dotcms.rendering.velocity.viewtools.content.util.ContentUtilsTest$TestCase@52646246]" classname="com.dotcms.rendering.velocity.viewtools.content.util.ContentUtilsTest" time="6.351"/>
  <testcase name="testPullRelated[43: com.dotcms.rendering.velocity.viewtools.content.util.ContentUtilsTest$TestCase@2b0a0819]" classname="com.dotcms.rendering.velocity.viewtools.content.util.ContentUtilsTest" time="5.076"/>
  <testcase name="testPullRelated[44: com.dotcms.rendering.velocity.viewtools.content.util.ContentUtilsTest$TestCase@6c033c68]" classname="com.dotcms.rendering.velocity.viewtools.content.util.ContentUtilsTest" time="6.29"/>
  <testcase name="testPullRelated[45: com.dotcms.rendering.velocity.viewtools.content.util.ContentUtilsTest$TestCase@43ef5436]" classname="com.dotcms.rendering.velocity.viewtools.content.util.ContentUtilsTest" time="5.556"/>
  <testcase name="testPullRelated[46: com.dotcms.rendering.velocity.viewtools.content.util.ContentUtilsTest$TestCase@3268785f]" classname="com.dotcms.rendering.velocity.viewtools.content.util.ContentUtilsTest" time="5.335"/>
  <testcase name="testPullRelated[47: com.dotcms.rendering.velocity.viewtools.content.util.ContentUtilsTest$TestCase@4959e4cb]" classname="com.dotcms.rendering.velocity.viewtools.content.util.ContentUtilsTest" time="6.186"/>
  <testcase name="testPullRelated[48: com.dotcms.rendering.velocity.viewtools.content.util.ContentUtilsTest$TestCase@3c4c61f4]" classname="com.dotcms.rendering.velocity.viewtools.content.util.ContentUtilsTest" time="5.784"/>
  <testcase name="testPullRelated[49: com.dotcms.rendering.velocity.viewtools.content.util.ContentUtilsTest$TestCase@53bccaf]" classname="com.dotcms.rendering.velocity.viewtools.content.util.ContentUtilsTest" time="5.118"/>
  <testcase name="testPullRelated[50: com.dotcms.rendering.velocity.viewtools.content.util.ContentUtilsTest$TestCase@7460e6d7]" classname="com.dotcms.rendering.velocity.viewtools.content.util.ContentUtilsTest" time="5.155"/>
  <testcase name="testPullRelated[51: com.dotcms.rendering.velocity.viewtools.content.util.ContentUtilsTest$TestCase@72193b2c]" classname="com.dotcms.rendering.velocity.viewtools.content.util.ContentUtilsTest" time="4.986"/>
  <testcase name="testPullRelated[52: com.dotcms.rendering.velocity.viewtools.content.util.ContentUtilsTest$TestCase@2d05a75a]" classname="com.dotcms.rendering.velocity.viewtools.content.util.ContentUtilsTest" time="6.248"/>
  <testcase name="testPullRelated[53: com.dotcms.rendering.velocity.viewtools.content.util.ContentUtilsTest$TestCase@768058e1]" classname="com.dotcms.rendering.velocity.viewtools.content.util.ContentUtilsTest" time="5.796"/>
  <testcase name="testPullRelated[54: com.dotcms.rendering.velocity.viewtools.content.util.ContentUtilsTest$TestCase@5255eb8]" classname="com.dotcms.rendering.velocity.viewtools.content.util.ContentUtilsTest" time="6.239"/>
  <testcase name="testPullRelated[55: com.dotcms.rendering.velocity.viewtools.content.util.ContentUtilsTest$TestCase@3eded56b]" classname="com.dotcms.rendering.velocity.viewtools.content.util.ContentUtilsTest" time="6.229"/>
  <testcase name="testPullRelated[56: com.dotcms.rendering.velocity.viewtools.content.util.ContentUtilsTest$TestCase@3e618a9d]" classname="com.dotcms.rendering.velocity.viewtools.content.util.ContentUtilsTest" time="5.993"/>
  <testcase name="testPullRelated[57: com.dotcms.rendering.velocity.viewtools.content.util.ContentUtilsTest$TestCase@4a529ae0]" classname="com.dotcms.rendering.velocity.viewtools.content.util.ContentUtilsTest" time="5.939"/>
  <testcase name="testPullRelated[58: com.dotcms.rendering.velocity.viewtools.content.util.ContentUtilsTest$TestCase@652ddd8c]" classname="com.dotcms.rendering.velocity.viewtools.content.util.ContentUtilsTest" time="5.43"/>
  <testcase name="testPullRelated[59: com.dotcms.rendering.velocity.viewtools.content.util.ContentUtilsTest$TestCase@2d1039cf]" classname="com.dotcms.rendering.velocity.viewtools.content.util.ContentUtilsTest" time="5.897"/>
  <testcase name="testPullRelated[60: com.dotcms.rendering.velocity.viewtools.content.util.ContentUtilsTest$TestCase@1f177b92]" classname="com.dotcms.rendering.velocity.viewtools.content.util.ContentUtilsTest" time="6.028"/>
  <testcase name="testPullRelated[61: com.dotcms.rendering.velocity.viewtools.content.util.ContentUtilsTest$TestCase@414c770a]" classname="com.dotcms.rendering.velocity.viewtools.content.util.ContentUtilsTest" time="5.992"/>
  <testcase name="testPullRelated[62: com.dotcms.rendering.velocity.viewtools.content.util.ContentUtilsTest$TestCase@4a060312]" classname="com.dotcms.rendering.velocity.viewtools.content.util.ContentUtilsTest" time="5.226"/>
  <testcase name="testPullRelated[63: com.dotcms.rendering.velocity.viewtools.content.util.ContentUtilsTest$TestCase@66f485dc]" classname="com.dotcms.rendering.velocity.viewtools.content.util.ContentUtilsTest" time="5.074"/>
  <testcase name="testPullRelated[64: com.dotcms.rendering.velocity.viewtools.content.util.ContentUtilsTest$TestCase@421bb97b]" classname="com.dotcms.rendering.velocity.viewtools.content.util.ContentUtilsTest" time="6.142"/>
  <testcase name="testPullRelated[65: com.dotcms.rendering.velocity.viewtools.content.util.ContentUtilsTest$TestCase@60cd7215]" classname="com.dotcms.rendering.velocity.viewtools.content.util.ContentUtilsTest" time="5.852"/>
  <testcase name="testPullRelated[66: com.dotcms.rendering.velocity.viewtools.content.util.ContentUtilsTest$TestCase@1a29e38d]" classname="com.dotcms.rendering.velocity.viewtools.content.util.ContentUtilsTest" time="6.342"/>
  <testcase name="testPullRelated[67: com.dotcms.rendering.velocity.viewtools.content.util.ContentUtilsTest$TestCase@58b15f71]" classname="com.dotcms.rendering.velocity.viewtools.content.util.ContentUtilsTest" time="6.111"/>
  <testcase name="testPullRelated[68: com.dotcms.rendering.velocity.viewtools.content.util.ContentUtilsTest$TestCase@477ee57d]" classname="com.dotcms.rendering.velocity.viewtools.content.util.ContentUtilsTest" time="6.043"/>
  <testcase name="testPullRelated[69: com.dotcms.rendering.velocity.viewtools.content.util.ContentUtilsTest$TestCase@4ca86a5d]" classname="com.dotcms.rendering.velocity.viewtools.content.util.ContentUtilsTest" time="5.662"/>
  <testcase name="testPullRelated[70: com.dotcms.rendering.velocity.viewtools.content.util.ContentUtilsTest$TestCase@19c8cdce]" classname="com.dotcms.rendering.velocity.viewtools.content.util.ContentUtilsTest" time="6.402"/>
  <testcase name="testPullRelated[71: com.dotcms.rendering.velocity.viewtools.content.util.ContentUtilsTest$TestCase@4b504351]" classname="com.dotcms.rendering.velocity.viewtools.content.util.ContentUtilsTest" time="6.132"/>
  <testcase name="whenPublishAndExpireDatesAreInTheFutureAndTimeMachineIsAfterBoth" classname="com.dotcms.rendering.velocity.viewtools.content.util.ContentUtilsTest" time="3.016"/>
  <testcase name="testPullRelatedForLegacyRelationship[0: com.dotcms.rendering.velocity.viewtools.content.util.ContentUtilsTest$LegacyTestCase@7bb5124b]" classname="com.dotcms.rendering.velocity.viewtools.content.util.ContentUtilsTest" time="4.659"/>
  <testcase name="testPullRelatedForLegacyRelationship[1: com.dotcms.rendering.velocity.viewtools.content.util.ContentUtilsTest$LegacyTestCase@74c075e2]" classname="com.dotcms.rendering.velocity.viewtools.content.util.ContentUtilsTest" time="4.042"/>
  <testcase name="whenTheTimeMachineDateIsAfterTomorrowAndExpireDateIsTomorrowShouldNotReturnContent" classname="com.dotcms.rendering.velocity.viewtools.content.util.ContentUtilsTest" time="3.087"/>
  <testcase name="testPullLiveRelatedWhenLatestVersionIsWorking" classname="com.dotcms.rendering.velocity.viewtools.content.util.ContentUtilsTest" time="3.474"/>
  <testcase name="test_add_relationships_on_parent_children_related_contents" classname="com.dotcms.rendering.velocity.viewtools.content.util.ContentUtilsTest" time="1.522"/>
  <testcase name="testSortPullRelated[0: com.dotcms.rendering.velocity.viewtools.content.util.ContentUtilsTest$SortTestCase@2bb96009]" classname="com.dotcms.rendering.velocity.viewtools.content.util.ContentUtilsTest" time="2.598"/>
  <testcase name="testSortPullRelated[1: com.dotcms.rendering.velocity.viewtools.content.util.ContentUtilsTest$SortTestCase@623af4e4]" classname="com.dotcms.rendering.velocity.viewtools.content.util.ContentUtilsTest" time="1.739"/>
  <testcase name="testSortPullRelated[2: com.dotcms.rendering.velocity.viewtools.content.util.ContentUtilsTest$SortTestCase@314e95a2]" classname="com.dotcms.rendering.velocity.viewtools.content.util.ContentUtilsTest" time="2.841"/>
  <testcase name="testSortPullRelated[3: com.dotcms.rendering.velocity.viewtools.content.util.ContentUtilsTest$SortTestCase@4656990c]" classname="com.dotcms.rendering.velocity.viewtools.content.util.ContentUtilsTest" time="2.658"/>
  <testcase name="testSortPullRelated[4: com.dotcms.rendering.velocity.viewtools.content.util.ContentUtilsTest$SortTestCase@268f00e7]" classname="com.dotcms.rendering.velocity.viewtools.content.util.ContentUtilsTest" time="2.813"/>
  <testcase name="testSortPullRelated[5: com.dotcms.rendering.velocity.viewtools.content.util.ContentUtilsTest$SortTestCase@13a74d06]" classname="com.dotcms.rendering.velocity.viewtools.content.util.ContentUtilsTest" time="2.719"/>
  <testcase name="whenTheTimeMachineDateIsAfterTomorrowAndExpireDateIsInFutureShouldReturnContent" classname="com.dotcms.rendering.velocity.viewtools.content.util.ContentUtilsTest" time="3.163"/>
  <testcase name="testPullRelatedFieldShouldRespectDefaultOrder" classname="com.dotcms.rendering.velocity.viewtools.content.util.ContentUtilsTest" time="2.487"/>
  <system-out><![CDATA[]]></system-out>
  <system-err><![CDATA[]]></system-err>
</testsuite>
