<?xml version="1.0" encoding="UTF-8"?>
<testsuite name="com.dotmarketing.portlets.contentlet.business.ContentletAPITest" tests="169" skipped="3" failures="0" errors="0" timestamp="2023-07-21T18:46:55" hostname="fv-az449-560" time="246.212">
  <properties/>
  <testcase name="deleteRelatedContent" classname="com.dotmarketing.portlets.contentlet.business.ContentletAPITest" time="2.299"/>
  <testcase name="deleteCollectionAllVersions" classname="com.dotmarketing.portlets.contentlet.business.ContentletAPITest" time="1.706"/>
  <testcase name="setDateTimeFieldValueWithTimeZone[0: UTC, 2023-03-15 15:45 +0000]" classname="com.dotmarketing.portlets.contentlet.business.ContentletAPITest" time="0.364"/>
  <testcase name="setDateTimeFieldValueWithTimeZone[1: America/New_York, 2023-02-15 15:45 -0500]" classname="com.dotmarketing.portlets.contentlet.business.ContentletAPITest" time="1.348"/>
  <testcase name="setDateTimeFieldValueWithTimeZone[2: America/New_York, 2023-03-15 16:45 -0400]" classname="com.dotmarketing.portlets.contentlet.business.ContentletAPITest" time="1.379"/>
  <testcase name="setDateTimeFieldValueWithTimeZone[3: America/Chicago, 2023-02-15 14:45 -0600]" classname="com.dotmarketing.portlets.contentlet.business.ContentletAPITest" time="1.358"/>
  <testcase name="setDateTimeFieldValueWithTimeZone[4: America/Chicago, 2023-03-15 15:45 -0500]" classname="com.dotmarketing.portlets.contentlet.business.ContentletAPITest" time="1.362"/>
  <testcase name="setDateTimeFieldValueWithTimeZone[5: America/Los_Angeles, 2023-02-15 12:45 -0800]" classname="com.dotmarketing.portlets.contentlet.business.ContentletAPITest" time="1.347"/>
  <testcase name="setDateTimeFieldValueWithTimeZone[6: America/Los_Angeles, 2023-03-15 13:45 -0700]" classname="com.dotmarketing.portlets.contentlet.business.ContentletAPITest" time="1.356"/>
  <testcase name="testCheckin1_ExistingContentWithRels_NullRels_ShouldKeepExistingRels" classname="com.dotmarketing.portlets.contentlet.business.ContentletAPITest" time="1.789"/>
  <testcase name="test_findContentletByIdentifierOrFallback_existing_NonEnglish_WithSpanish_fallback_true_expecting_Spanish_true" classname="com.dotmarketing.portlets.contentlet.business.ContentletAPITest" time="0.736"/>
  <testcase name="destroy_content_locked_by_admin_by_other_admin_user" classname="com.dotmarketing.portlets.contentlet.business.ContentletAPITest" time="1.746"/>
  <testcase name="test_validateContentlet_wrong_size_expect_DotContentletValidationException" classname="com.dotmarketing.portlets.contentlet.business.ContentletAPITest" time="0.063"/>
  <testcase name="test_validateContentlet_wrong_mime_type_expect_DotContentletValidationException" classname="com.dotmarketing.portlets.contentlet.business.ContentletAPITest" time="0.049"/>
  <testcase name="run_listener_after_save_result_called_all_listeners" classname="com.dotmarketing.portlets.contentlet.business.ContentletAPITest" time="0.0">
    <skipped/>
  </testcase>
  <testcase name="testRemoveContentFromIndexMultilingualContent" classname="com.dotmarketing.portlets.contentlet.business.ContentletAPITest" time="1.453"/>
  <testcase name="test_getAllRelationships_checkOrdering" classname="com.dotmarketing.portlets.contentlet.business.ContentletAPITest" time="2.559"/>
  <testcase name="rangeQuery" classname="com.dotmarketing.portlets.contentlet.business.ContentletAPITest" time="2.609"/>
  <testcase name="findContentletByIdentifier" classname="com.dotmarketing.portlets.contentlet.business.ContentletAPITest" time="0.004"/>
  <testcase name="contentOnlyWithExpireFieldTest" classname="com.dotmarketing.portlets.contentlet.business.ContentletAPITest" time="1.498"/>
  <testcase name="publichWithToDifferentVarianst" classname="com.dotmarketing.portlets.contentlet.business.ContentletAPITest" time="2.075"/>
  <testcase name="deleteForAllVersions" classname="com.dotmarketing.portlets.contentlet.business.ContentletAPITest" time="1.455"/>
  <testcase name="getContentletReferencesForMonolingualPages" classname="com.dotmarketing.portlets.contentlet.business.ContentletAPITest" time="2.68"/>
  <testcase name="getAllRelationships" classname="com.dotmarketing.portlets.contentlet.business.ContentletAPITest" time="0.013"/>
  <testcase name="testCheckin1_ExistingContentWithCats_EmptyCatsList_ShouldWipeExistingCats" classname="com.dotmarketing.portlets.contentlet.business.ContentletAPITest" time="0.647"/>
  <testcase name="getContentletReferences_ReferencesByContentLang" classname="com.dotmarketing.portlets.contentlet.business.ContentletAPITest" time="1.346"/>
  <testcase name="getRelatedContent" classname="com.dotmarketing.portlets.contentlet.business.ContentletAPITest" time="1.827"/>
  <testcase name="testCheckin_Non_Existing_Identifier_With_Not_Validate_Success" classname="com.dotmarketing.portlets.contentlet.business.ContentletAPITest" time="1.342"/>
  <testcase name="Test_Copy_Metadata_On_CheckIn" classname="com.dotmarketing.portlets.contentlet.business.ContentletAPITest" time="1.991"/>
  <testcase name="testCheckinWithoutVersioning_ExistingContentWithRels_NullRels_ShouldKeepExistingRels" classname="com.dotmarketing.portlets.contentlet.business.ContentletAPITest" time="1.611"/>
  <testcase name="testCheckin2_ExistingContentWithRels_NullRels_ShouldKeepExistingRels" classname="com.dotmarketing.portlets.contentlet.business.ContentletAPITest" time="1.533"/>
  <testcase name="delete" classname="com.dotmarketing.portlets.contentlet.business.ContentletAPITest" time="1.373"/>
  <testcase name="archiveCollection" classname="com.dotmarketing.portlets.contentlet.business.ContentletAPITest" time="0.264"/>
  <testcase name="test_findContentletByIdentifierOrFallback_existing_English_version_no_Spanish_fallback_false_expecting_false" classname="com.dotmarketing.portlets.contentlet.business.ContentletAPITest" time="1.076"/>
  <testcase name="test_findContentletByIdentifierOrFallback_existing_EnglishSpanish_fallback_false_expecting_Spanish_true" classname="com.dotmarketing.portlets.contentlet.business.ContentletAPITest" time="1.232"/>
  <testcase name="findContentletsByFolder" classname="com.dotmarketing.portlets.contentlet.business.ContentletAPITest" time="0.982"/>
  <testcase name="delete_GivenUnarchivedContentAndDontValidateMeInTrue_ShouldDeleteSuccessfully" classname="com.dotmarketing.portlets.contentlet.business.ContentletAPITest" time="1.419"/>
  <testcase name="newFileAssetLanguageDifferentThanDefault" classname="com.dotmarketing.portlets.contentlet.business.ContentletAPITest" time="1.232"/>
  <testcase name="test_findContentletByIdentifierOrFallback_existing_English_No_Spanish_fallback_false_expecting_False" classname="com.dotmarketing.portlets.contentlet.business.ContentletAPITest" time="1.106"/>
  <testcase name="testMoveContentDependenciesFromParentSelfRelated" classname="com.dotmarketing.portlets.contentlet.business.ContentletAPITest" time="2.143"/>
  <testcase name="test_findContentletByIdentifierOrFallback_existing_DotContentletStateException_expected_true" classname="com.dotmarketing.portlets.contentlet.business.ContentletAPITest" time="1.077"/>
  <testcase name="deleteAllVersionsAndBackup" classname="com.dotmarketing.portlets.contentlet.business.ContentletAPITest" time="1.39"/>
  <testcase name="testDotAsset_Checkin" classname="com.dotmarketing.portlets.contentlet.business.ContentletAPITest" time="0.524"/>
  <testcase name="testCheckInContentletWithoutHost_shouldUseContentTypeHost" classname="com.dotmarketing.portlets.contentlet.business.ContentletAPITest" time="1.201"/>
  <testcase name="test_variant_present_in_document_id" classname="com.dotmarketing.portlets.contentlet.business.ContentletAPITest" time="1.38"/>
  <testcase name="clearDateTimeFieldValue[0: &lt;empty string&gt;]" classname="com.dotmarketing.portlets.contentlet.business.ContentletAPITest" time="1.34"/>
  <testcase name="clearDateTimeFieldValue[1: &lt;null&gt;]" classname="com.dotmarketing.portlets.contentlet.business.ContentletAPITest" time="1.33"/>
  <testcase name="widgetInvalidateAllLang" classname="com.dotmarketing.portlets.contentlet.business.ContentletAPITest" time="1.523"/>
  <testcase name="saveContentWithInvalidJSONField_ShouldThrowException" classname="com.dotmarketing.portlets.contentlet.business.ContentletAPITest" time="0.039"/>
  <testcase name="testCheckin1_ExistingContentWithCats_NullCats_ShouldKeepExistingCats" classname="com.dotmarketing.portlets.contentlet.business.ContentletAPITest" time="1.514"/>
  <testcase name="testCopyContentletDoesNotCopyWorkflowHistory" classname="com.dotmarketing.portlets.contentlet.business.ContentletAPITest" time="10.965"/>
  <testcase name="findContentletsByHost" classname="com.dotmarketing.portlets.contentlet.business.ContentletAPITest" time="0.019"/>
  <testcase name="testCheckinNoDefaultActions" classname="com.dotmarketing.portlets.contentlet.business.ContentletAPITest" time="1.741"/>
  <testcase name="search" classname="com.dotmarketing.portlets.contentlet.business.ContentletAPITest" time="0.005"/>
  <testcase name="testCheckin3_ExistingContentWithCats_EmptyCatsList_ShouldWipeExistingCats" classname="com.dotmarketing.portlets.contentlet.business.ContentletAPITest" time="1.521"/>
  <testcase name="saveContentWithValidJSONField_ShouldSucceed" classname="com.dotmarketing.portlets.contentlet.business.ContentletAPITest" time="1.201"/>
  <testcase name="Test_Move_Content_Different_Host_And_Folder_On_CheckIn" classname="com.dotmarketing.portlets.contentlet.business.ContentletAPITest" time="2.791"/>
  <testcase name="no_destroy_limited_content_locked_by_admin_by_limited_user" classname="com.dotmarketing.portlets.contentlet.business.ContentletAPITest" time="1.55"/>
  <testcase name="testCheckinDefaultActionsSkipBySettingActionId" classname="com.dotmarketing.portlets.contentlet.business.ContentletAPITest" time="1.85"/>
  <testcase name="archive" classname="com.dotmarketing.portlets.contentlet.business.ContentletAPITest" time="0.17"/>
  <testcase name="testCheckin3_ExistingContentWithRels_NullRels_ShouldKeepExistingRels" classname="com.dotmarketing.portlets.contentlet.business.ContentletAPITest" time="1.605"/>
  <testcase name="testCheckin4_ExistingContentWithRels_EmptyRels_ShouldWipeExistingRels" classname="com.dotmarketing.portlets.contentlet.business.ContentletAPITest" time="1.667"/>
  <testcase name="test_update_mod_date_contentlet_expect_success" classname="com.dotmarketing.portlets.contentlet.business.ContentletAPITest" time="1.115"/>
  <testcase name="test_findContentletByIdentifierOrFallback_existing_EnglishLive_WithSpanishWorking_fallback_true_expecting_SpanishWorking_true" classname="com.dotmarketing.portlets.contentlet.business.ContentletAPITest" time="2.26"/>
  <testcase name="deleteRelatedContentWithParent" classname="com.dotmarketing.portlets.contentlet.business.ContentletAPITest" time="1.878"/>
  <testcase name="searchIndex" classname="com.dotmarketing.portlets.contentlet.business.ContentletAPITest" time="0.004"/>
  <testcase name="test_findContentletByIdentifierOrFallback_existing_EnglishSpanish_fallback_true_expecting_Spanish_true" classname="com.dotmarketing.portlets.contentlet.business.ContentletAPITest" time="1.156"/>
  <testcase name="testContentWithTwoBinaryFieldsAndSameFile_afterCheckinShouldContainBothFields" classname="com.dotmarketing.portlets.contentlet.business.ContentletAPITest" time="0.517"/>
  <testcase name="publishCollection" classname="com.dotmarketing.portlets.contentlet.business.ContentletAPITest" time="0.221"/>
  <testcase name="test_validateContentlet_contentWithTabDividerField" classname="com.dotmarketing.portlets.contentlet.business.ContentletAPITest" time="1.277"/>
  <testcase name="findContentletByIdentifiers" classname="com.dotmarketing.portlets.contentlet.business.ContentletAPITest" time="0.004"/>
  <testcase name="testCheckinWithoutVersioning_ExistingContentWithCats_NullCats_ShouldKeepExistingCats" classname="com.dotmarketing.portlets.contentlet.business.ContentletAPITest" time="1.542"/>
  <testcase name="testMoveContentDependenciesFromChildSelfRelated" classname="com.dotmarketing.portlets.contentlet.business.ContentletAPITest" time="1.875"/>
  <testcase name="testCheckin2_ExistingContentWithCats_NullCats_ShouldKeepExistingCats" classname="com.dotmarketing.portlets.contentlet.business.ContentletAPITest" time="1.648"/>
  <testcase name="test_findContentletByIdentifierOrFallback_non_existing_DotContentletStateException_expected" classname="com.dotmarketing.portlets.contentlet.business.ContentletAPITest" time="0.002"/>
  <testcase name="publish" classname="com.dotmarketing.portlets.contentlet.business.ContentletAPITest" time="0.109"/>
  <testcase name="testUpdatePublishExpireDatesFromIdentifier" classname="com.dotmarketing.portlets.contentlet.business.ContentletAPITest" time="2.039"/>
  <testcase name="publishRelatedHtmlPages" classname="com.dotmarketing.portlets.contentlet.business.ContentletAPITest" time="0.005"/>
  <testcase name="cleanBinaryField" classname="com.dotmarketing.portlets.contentlet.business.ContentletAPITest" time="0.012"/>
  <testcase name="testCheckinDefaultActions" classname="com.dotmarketing.portlets.contentlet.business.ContentletAPITest" time="1.728"/>
  <testcase name="testCheckin4_ExistingContentWithRels_NullRels_ShouldKeepExistingRels" classname="com.dotmarketing.portlets.contentlet.business.ContentletAPITest" time="1.549"/>
  <testcase name="testSetTemplateForAPageMustKeepTheSameTemplateForWorkingVersionsOnly" classname="com.dotmarketing.portlets.contentlet.business.ContentletAPITest" time="1.037"/>
  <testcase name="getAllLanguages" classname="com.dotmarketing.portlets.contentlet.business.ContentletAPITest" time="11.179"/>
  <testcase name="find" classname="com.dotmarketing.portlets.contentlet.business.ContentletAPITest" time="0.001"/>
  <testcase name="isContentEqual" classname="com.dotmarketing.portlets.contentlet.business.ContentletAPITest" time="0.001"/>
  <testcase name="Test_Key_Value_As_Map_Test" classname="com.dotmarketing.portlets.contentlet.business.ContentletAPITest" time="2.609"/>
  <testcase name="test_findInDb_returns_properly" classname="com.dotmarketing.portlets.contentlet.business.ContentletAPITest" time="1.322"/>
  <testcase name="testMoveContentDependenciesFromParent" classname="com.dotmarketing.portlets.contentlet.business.ContentletAPITest" time="2.326"/>
  <testcase name="copyContentlet" classname="com.dotmarketing.portlets.contentlet.business.ContentletAPITest" time="1.422"/>
  <testcase name="TestCopyHTMLPageIncludesPersonalizedMultiTrees" classname="com.dotmarketing.portlets.contentlet.business.ContentletAPITest" time="6.584"/>
  <testcase name="testCheckinWithoutVersioning_ShouldDeletePreviousBinary_WhenBinaryIsUpdated" classname="com.dotmarketing.portlets.contentlet.business.ContentletAPITest" time="1.811"/>
  <testcase name="testCheckin_nullRequiredFieldValue[0: com.dotmarketing.portlets.contentlet.business.ContentletAPITest$TestCaseNullFieldvalues@59fd13a5]" classname="com.dotmarketing.portlets.contentlet.business.ContentletAPITest" time="1.215"/>
  <testcase name="testCheckin_nullRequiredFieldValue[1: com.dotmarketing.portlets.contentlet.business.ContentletAPITest$TestCaseNullFieldvalues@29dee212]" classname="com.dotmarketing.portlets.contentlet.business.ContentletAPITest" time="1.211"/>
  <testcase name="testCheckin_nullRequiredFieldValue[2: com.dotmarketing.portlets.contentlet.business.ContentletAPITest$TestCaseNullFieldvalues@2f992307]" classname="com.dotmarketing.portlets.contentlet.business.ContentletAPITest" time="1.181"/>
  <testcase name="testCheckin_nullRequiredFieldValue[3: com.dotmarketing.portlets.contentlet.business.ContentletAPITest$TestCaseNullFieldvalues@6bcf553d]" classname="com.dotmarketing.portlets.contentlet.business.ContentletAPITest" time="1.173"/>
  <testcase name="testUniqueTextFieldWithDataTypeWholeNumber" classname="com.dotmarketing.portlets.contentlet.business.ContentletAPITest" time="0.604"/>
  <testcase name="testCheckin3_ExistingContentWithCats_NullCats_ShouldKeepExistingCats" classname="com.dotmarketing.portlets.contentlet.business.ContentletAPITest" time="1.543"/>
  <testcase name="getFieldValue" classname="com.dotmarketing.portlets.contentlet.business.ContentletAPITest" time="0.006"/>
  <testcase name="testDeletePageDefinedAsDetailPage" classname="com.dotmarketing.portlets.contentlet.business.ContentletAPITest" time="0.435"/>
  <testcase name="testSetTemplateForAPageMustKeepTheSameTemplateForWorkingVersionsNoLive" classname="com.dotmarketing.portlets.contentlet.business.ContentletAPITest" time="2.957"/>
  <testcase name="testCheckInWithSelfRelationInBothParentsAndChildren" classname="com.dotmarketing.portlets.contentlet.business.ContentletAPITest" time="1.94"/>
  <testcase name="getRelatedContentPullByParent" classname="com.dotmarketing.portlets.contentlet.business.ContentletAPITest" time="0.82"/>
  <testcase name="testContentCheckin_mapIncludeExpectedProperties" classname="com.dotmarketing.portlets.contentlet.business.ContentletAPITest" time="1.584"/>
  <testcase name="testMoveContentDependenciesFromChild" classname="com.dotmarketing.portlets.contentlet.business.ContentletAPITest" time="1.935"/>
  <testcase name="addRemoveContentFromIndex" classname="com.dotmarketing.portlets.contentlet.business.ContentletAPITest" time="1.397"/>
  <testcase name="test_invalidate_shorty_cache" classname="com.dotmarketing.portlets.contentlet.business.ContentletAPITest" time="1.794"/>
  <testcase name="testGetRelatedForSelfJoinsDoesNotCacheWhenPullByParentIsNull" classname="com.dotmarketing.portlets.contentlet.business.ContentletAPITest" time="1.92"/>
  <testcase name="testUniqueTextFieldContentlets[0: com.dotmarketing.portlets.contentlet.business.ContentletAPITest$testCaseUniqueTextField@5a9e03da]" classname="com.dotmarketing.portlets.contentlet.business.ContentletAPITest" time="1.744"/>
  <testcase name="testUniqueTextFieldContentlets[1: com.dotmarketing.portlets.contentlet.business.ContentletAPITest$testCaseUniqueTextField@48eb4e9]" classname="com.dotmarketing.portlets.contentlet.business.ContentletAPITest" time="1.682"/>
  <testcase name="testUniqueTextFieldContentlets[2: com.dotmarketing.portlets.contentlet.business.ContentletAPITest$testCaseUniqueTextField@62e93e64]" classname="com.dotmarketing.portlets.contentlet.business.ContentletAPITest" time="1.753"/>
  <testcase name="testUniqueTextFieldContentlets[3: com.dotmarketing.portlets.contentlet.business.ContentletAPITest$testCaseUniqueTextField@739ee9b9]" classname="com.dotmarketing.portlets.contentlet.business.ContentletAPITest" time="1.662"/>
  <testcase name="testUniqueTextFieldContentlets[4: com.dotmarketing.portlets.contentlet.business.ContentletAPITest$testCaseUniqueTextField@59b4b4c3]" classname="com.dotmarketing.portlets.contentlet.business.ContentletAPITest" time="1.822"/>
  <testcase name="testUniqueTextFieldContentlets[5: com.dotmarketing.portlets.contentlet.business.ContentletAPITest$testCaseUniqueTextField@286c7ae0]" classname="com.dotmarketing.portlets.contentlet.business.ContentletAPITest" time="1.648"/>
  <testcase name="testUniqueTextFieldContentlets[6: com.dotmarketing.portlets.contentlet.business.ContentletAPITest$testCaseUniqueTextField@35d7b97]" classname="com.dotmarketing.portlets.contentlet.business.ContentletAPITest" time="0.713"/>
  <testcase name="testUniqueTextFieldContentlets[7: com.dotmarketing.portlets.contentlet.business.ContentletAPITest$testCaseUniqueTextField@70a8964]" classname="com.dotmarketing.portlets.contentlet.business.ContentletAPITest" time="1.682"/>
  <testcase name="testUniqueTextFieldContentlets[8: com.dotmarketing.portlets.contentlet.business.ContentletAPITest$testCaseUniqueTextField@7b6427ea]" classname="com.dotmarketing.portlets.contentlet.business.ContentletAPITest" time="1.79"/>
  <testcase name="testCreateSelfJoinedRelationship_contentletAddedAsChild" classname="com.dotmarketing.portlets.contentlet.business.ContentletAPITest" time="1.857"/>
  <testcase name="copyContentletWithSeveralVersionsOrderIssue" classname="com.dotmarketing.portlets.contentlet.business.ContentletAPITest" time="6.986"/>
  <testcase name="unarchiveCollection" classname="com.dotmarketing.portlets.contentlet.business.ContentletAPITest" time="0.287"/>
  <testcase name="copyContentletWithFolder" classname="com.dotmarketing.portlets.contentlet.business.ContentletAPITest" time="1.404"/>
  <testcase name="test_findContentletByIdentifierOrFallback_existing_OnlySpanishWorking_fallback_true_expecting_English_true" classname="com.dotmarketing.portlets.contentlet.business.ContentletAPITest" time="1.277"/>
  <testcase name="test_findContentletByIdentifierOrFallback_existing_NonEnglish_WithSpanish_fallback_false_expecting_Spanish_true" classname="com.dotmarketing.portlets.contentlet.business.ContentletAPITest" time="1.069"/>
  <testcase name="testCheckin4_ExistingContentWithCats_NullCats_ShouldKeepExistingCats" classname="com.dotmarketing.portlets.contentlet.business.ContentletAPITest" time="1.584"/>
  <testcase name="testCheckin2_ExistingContentWithCats_EmptyCatsList_ShouldWipeExistingCats" classname="com.dotmarketing.portlets.contentlet.business.ContentletAPITest" time="1.518"/>
  <testcase name="unarchive" classname="com.dotmarketing.portlets.contentlet.business.ContentletAPITest" time="0.127"/>
  <testcase name="test_saveMultilingualFileAssetBasedOnLegacyFile_shouldKeepBinaryFile" classname="com.dotmarketing.portlets.contentlet.business.ContentletAPITest" time="0.0">
    <skipped/>
  </testcase>
  <testcase name="findContentlets" classname="com.dotmarketing.portlets.contentlet.business.ContentletAPITest" time="0.004"/>
  <testcase name="testCheckinWithoutVersioning_ShouldPreserveBinary_WhenOtherFieldsAreUpdated" classname="com.dotmarketing.portlets.contentlet.business.ContentletAPITest" time="0.711"/>
  <testcase name="deleteCollection" classname="com.dotmarketing.portlets.contentlet.business.ContentletAPITest" time="1.42"/>
  <testcase name="test_copyContentlet_contentletArchivedShouldCopyAsArchived" classname="com.dotmarketing.portlets.contentlet.business.ContentletAPITest" time="1.455"/>
  <testcase name="findContentletForLanguage" classname="com.dotmarketing.portlets.contentlet.business.ContentletAPITest" time="0.001"/>
  <testcase name="Test_Load_Field_Works_On_Contentlet_Saved_as_Json_Or_Saved_As_Columns" classname="com.dotmarketing.portlets.contentlet.business.ContentletAPITest" time="2.033"/>
  <testcase name="testCheckin3_ExistingContentWithRels_EmptyRels_ShouldWipeExistingRels" classname="com.dotmarketing.portlets.contentlet.business.ContentletAPITest" time="1.526"/>
  <testcase name="testCheckinDefaultActionsSkip" classname="com.dotmarketing.portlets.contentlet.business.ContentletAPITest" time="0.663"/>
  <testcase name="findByStructure" classname="com.dotmarketing.portlets.contentlet.business.ContentletAPITest" time="0.005"/>
  <testcase name="deleteMultipleContents" classname="com.dotmarketing.portlets.contentlet.business.ContentletAPITest" time="6.356"/>
  <testcase name="findAllContent" classname="com.dotmarketing.portlets.contentlet.business.ContentletAPITest" time="0.0">
    <skipped/>
  </testcase>
  <testcase name="findPageContentlets" classname="com.dotmarketing.portlets.contentlet.business.ContentletAPITest" time="0.002"/>
  <testcase name="getContentletReferences" classname="com.dotmarketing.portlets.contentlet.business.ContentletAPITest" time="3.298"/>
  <testcase name="copyContentletWithFolderAppendCopy" classname="com.dotmarketing.portlets.contentlet.business.ContentletAPITest" time="1.403"/>
  <testcase name="cleanTagField" classname="com.dotmarketing.portlets.contentlet.business.ContentletAPITest" time="0.013"/>
  <testcase name="saveContentWithExistingIdentifier" classname="com.dotmarketing.portlets.contentlet.business.ContentletAPITest" time="1.89"/>
  <testcase name="unpublish" classname="com.dotmarketing.portlets.contentlet.business.ContentletAPITest" time="0.12"/>
  <testcase name="testCheckin_Non_Existing_Identifier_With_Validate_Should_FAIL" classname="com.dotmarketing.portlets.contentlet.business.ContentletAPITest" time="0.034"/>
  <testcase name="copyContentletWithHost" classname="com.dotmarketing.portlets.contentlet.business.ContentletAPITest" time="1.402"/>
  <testcase name="testCheckinWithoutVersioning_ExistingContentWithCats_EmptyCats_ShouldWipeExistingCats" classname="com.dotmarketing.portlets.contentlet.business.ContentletAPITest" time="1.478"/>
  <testcase name="unpublishCollection" classname="com.dotmarketing.portlets.contentlet.business.ContentletAPITest" time="0.27"/>
  <testcase name="newVersionFileAssetLanguageDifferentThanDefault" classname="com.dotmarketing.portlets.contentlet.business.ContentletAPITest" time="0.509"/>
  <testcase name="testCheckinWithoutVersioning_ExistingContentWithRels_EmptyRels_ShouldWipeExistingRels" classname="com.dotmarketing.portlets.contentlet.business.ContentletAPITest" time="1.666"/>
  <testcase name="testCopyProperties_TypeWithTagField_shouldCopyTagFieldValue" classname="com.dotmarketing.portlets.contentlet.business.ContentletAPITest" time="1.224"/>
  <testcase name="testSearchFileAssetByMetadata" classname="com.dotmarketing.portlets.contentlet.business.ContentletAPITest" time="0.919"/>
  <testcase name="testCheckin4_ExistingContentWithCats_EmptyCatsList_ShouldWipeExistingCats" classname="com.dotmarketing.portlets.contentlet.business.ContentletAPITest" time="1.468"/>
  <testcase name="searchWithPermissions" classname="com.dotmarketing.portlets.contentlet.business.ContentletAPITest" time="0.007"/>
  <testcase name="getContentletReferences_PersonaIncluded" classname="com.dotmarketing.portlets.contentlet.business.ContentletAPITest" time="1.503"/>
  <testcase name="saveContentWithJSONField[0: ({} {}, {})]" classname="com.dotmarketing.portlets.contentlet.business.ContentletAPITest" time="1.218"/>
  <testcase name="saveContentWithJSONField[1: ({} LOL, {})]" classname="com.dotmarketing.portlets.contentlet.business.ContentletAPITest" time="1.22"/>
  <testcase name="getContentletReferences_FilterOutReferencesByContentLang" classname="com.dotmarketing.portlets.contentlet.business.ContentletAPITest" time="1.295"/>
  <testcase name="testDelete_GivenMultiLangMultiVersionContent_WhenDeletingOneSpanishVersion_ShouldDeleteAllSpanishVersions" classname="com.dotmarketing.portlets.contentlet.business.ContentletAPITest" time="2.478"/>
  <testcase name="test_getAllRelationships_checkOrdering_selfRelatedContentType" classname="com.dotmarketing.portlets.contentlet.business.ContentletAPITest" time="2.523"/>
  <testcase name="addLinkToContentlet" classname="com.dotmarketing.portlets.contentlet.business.ContentletAPITest" time="0.057"/>
  <testcase name="relateContent" classname="com.dotmarketing.portlets.contentlet.business.ContentletAPITest" time="1.781"/>
  <testcase name="findByStructureInode" classname="com.dotmarketing.portlets.contentlet.business.ContentletAPITest" time="0.008"/>
  <testcase name="testFileCopyOnSecondLanguageVersion" classname="com.dotmarketing.portlets.contentlet.business.ContentletAPITest" time="2.181"/>
  <testcase name="testUniqueTextFieldLiveAndWorkingWithDiffValues" classname="com.dotmarketing.portlets.contentlet.business.ContentletAPITest" time="4.583"/>
  <testcase name="test_validateContentlet_noErrors_whenRelationChainSameContentType" classname="com.dotmarketing.portlets.contentlet.business.ContentletAPITest" time="1.755"/>
  <testcase name="getAllRelationshipsByContentlet" classname="com.dotmarketing.portlets.contentlet.business.ContentletAPITest" time="1.783"/>
  <testcase name="relateContentDirect" classname="com.dotmarketing.portlets.contentlet.business.ContentletAPITest" time="0.725"/>
  <testcase name="testCheckin1_ExistingContentWithChildAndParentRels_NullRels_ShouldKeepExistingRels" classname="com.dotmarketing.portlets.contentlet.business.ContentletAPITest" time="2.771"/>
  <testcase name="test_findContentletByIdentifierOrFallback_existing_EnglishLive_WithSpanishWorking_fallback_true_expecting_English_true" classname="com.dotmarketing.portlets.contentlet.business.ContentletAPITest" time="2.084"/>
  <system-out><![CDATA[]]></system-out>
  <system-err><![CDATA[]]></system-err>
</testsuite>
