<?xml version="1.0" encoding="UTF-8"?>
<testsuite name="com.dotcms.rendering.velocity.viewtools.FileToolTest" tests="5" skipped="0" failures="0" errors="0" timestamp="2023-07-20T21:00:14" hostname="fv-az1232-188" time="10.0">
  <properties/>
  <testcase name="getFileWithTwoVersions" classname="com.dotcms.rendering.velocity.viewtools.FileToolTest" time="1.966"/>
  <testcase name="getFileNotDefaultVariant" classname="com.dotcms.rendering.velocity.viewtools.FileToolTest" time="1.905"/>
  <testcase name="getFileWithVersionInAnotherVariant" classname="com.dotcms.rendering.velocity.viewtools.FileToolTest" time="1.979"/>
  <testcase name="getFileByFallback" classname="com.dotcms.rendering.velocity.viewtools.FileToolTest" time="2.086"/>
  <testcase name="testGetFile_givenNotLiveFile_ShouldReturnNull" classname="com.dotcms.rendering.velocity.viewtools.FileToolTest" time="2.064"/>
  <system-out><![CDATA[]]></system-out>
  <system-err><![CDATA[]]></system-err>
</testsuite>
