<?xml version="1.0" encoding="UTF-8"?>
<testsuite name="com.dotcms.experiments.business.web.ExperimentWebAPIImplIntegrationTest" tests="14" skipped="0" failures="0" errors="0" timestamp="2023-06-30T23:10:38" hostname="fv-az487-783" time="33.626">
  <properties/>
  <testcase name="experimentWithFalseRules" classname="com.dotcms.experiments.business.web.ExperimentWebAPIImplIntegrationTest" time="2.107"/>
  <testcase name="severalExperimenstWithTrueRules" classname="com.dotcms.experiments.business.web.ExperimentWebAPIImplIntegrationTest" time="4.295"/>
  <testcase name="trafficLocation50" classname="com.dotcms.experiments.business.web.ExperimentWebAPIImplIntegrationTest" time="1.703"/>
  <testcase name="isUserIncludedIntoExperimentWithIndexPage" classname="com.dotcms.experiments.business.web.ExperimentWebAPIImplIntegrationTest" time="2.422"/>
  <testcase name="isUserIncluded" classname="com.dotcms.experiments.business.web.ExperimentWebAPIImplIntegrationTest" time="1.714"/>
  <testcase name="excludeExperiments" classname="com.dotcms.experiments.business.web.ExperimentWebAPIImplIntegrationTest" time="3.971"/>
  <testcase name="isUserIncludedIntoExperimentWithBlogIndexPage" classname="com.dotcms.experiments.business.web.ExperimentWebAPIImplIntegrationTest" time="1.626"/>
  <testcase name="isUserIncludedIntoExperimentWithDetailPage" classname="com.dotcms.experiments.business.web.ExperimentWebAPIImplIntegrationTest" time="1.728"/>
  <testcase name="isUserIncludedIntoExperimentWithDetailPageAndTwoContentTypes" classname="com.dotcms.experiments.business.web.ExperimentWebAPIImplIntegrationTest" time="2.08"/>
  <testcase name="isUserIncludedWithVariants" classname="com.dotcms.experiments.business.web.ExperimentWebAPIImplIntegrationTest" time="1.792"/>
  <testcase name="isUserIncludedInMoreThanOneExperiment" classname="com.dotcms.experiments.business.web.ExperimentWebAPIImplIntegrationTest" time="4.144"/>
  <testcase name="severalExperiment" classname="com.dotcms.experiments.business.web.ExperimentWebAPIImplIntegrationTest" time="3.934"/>
  <testcase name="noExperimentRunning" classname="com.dotcms.experiments.business.web.ExperimentWebAPIImplIntegrationTest" time="0.004"/>
  <testcase name="experimentWithTrueRules" classname="com.dotcms.experiments.business.web.ExperimentWebAPIImplIntegrationTest" time="2.102"/>
  <system-out><![CDATA[]]></system-out>
  <system-err><![CDATA[]]></system-err>
</testsuite>
