<?xml version="1.0" encoding="UTF-8"?>
<testsuite name="com.dotcms.rest.api.v1.authentication.ResetPasswordResourceIntegrationTest" tests="4" skipped="0" failures="0" errors="0" timestamp="2023-07-17T16:13:35" hostname="fv-az493-152" time="9.228">
  <properties/>
  <testcase name="testEXPIREDTOKEN" classname="com.dotcms.rest.api.v1.authentication.ResetPasswordResourceIntegrationTest" time="2.812"/>
  <testcase name="test_resetPassword_tokenNotBelongAnyUser_badRequest" classname="com.dotcms.rest.api.v1.authentication.ResetPasswordResourceIntegrationTest" time="0.002"/>
  <testcase name="test_resetPassword_success" classname="com.dotcms.rest.api.v1.authentication.ResetPasswordResourceIntegrationTest" time="3.61"/>
  <testcase name="testINVALIDPASSWORD" classname="com.dotcms.rest.api.v1.authentication.ResetPasswordResourceIntegrationTest" time="2.804"/>
  <system-out><![CDATA[]]></system-out>
  <system-err><![CDATA[]]></system-err>
</testsuite>
