<?xml version="1.0" encoding="UTF-8"?>
<testsuite name="com.dotmarketing.servlets.ajax.AjaxDirectorServletIntegrationTest" tests="2" skipped="0" failures="0" errors="0" timestamp="2023-07-13T18:41:20" hostname="fv-az590-649" time="1.741">
  <properties/>
  <testcase name="testService[0: com.dotmarketing.servlets.ajax.AjaxDirectorServletTestCase@56898ae9]" classname="com.dotmarketing.servlets.ajax.AjaxDirectorServletIntegrationTest" time="1.073"/>
  <testcase name="testService[1: com.dotmarketing.servlets.ajax.AjaxDirectorServletTestCase@5f539131]" classname="com.dotmarketing.servlets.ajax.AjaxDirectorServletIntegrationTest" time="0.668"/>
  <system-out><![CDATA[]]></system-out>
  <system-err><![CDATA[]]></system-err>
</testsuite>
