<?xml version="1.0" encoding="UTF-8"?>
<testsuite name="com.dotcms.rest.TagResourceIntegrationTest" tests="4" skipped="0" failures="0" errors="0" timestamp="2023-06-29T20:41:36" hostname="fv-az576-571" time="0.308">
  <properties/>
  <testcase name="testList[0: com.dotcms.rest.TagResourceTestCase@6263dc62]" classname="com.dotcms.rest.TagResourceIntegrationTest" time="0.239"/>
  <testcase name="testList[1: com.dotcms.rest.TagResourceTestCase@3d61f5ad]" classname="com.dotcms.rest.TagResourceIntegrationTest" time="0.025"/>
  <testcase name="testList[2: com.dotcms.rest.TagResourceTestCase@6f80924d]" classname="com.dotcms.rest.TagResourceIntegrationTest" time="0.021"/>
  <testcase name="testList[3: com.dotcms.rest.TagResourceTestCase@4e50ba13]" classname="com.dotcms.rest.TagResourceIntegrationTest" time="0.022"/>
  <system-out><![CDATA[]]></system-out>
  <system-err><![CDATA[Jun 29, 2023 8:41:37 PM com.dotcms.repackage.org.hibernate.validator.internal.util.Version <clinit>
INFO: HV000001: Hibernate Validator 4.3.2.Final
]]></system-err>
</testsuite>
