<?xml version="1.0" encoding="UTF-8"?>
<testsuite name="com.dotcms.rendering.velocity.viewtools.WorkflowToolTest" tests="2" skipped="0" failures="0" errors="0" timestamp="2023-07-10T22:21:06" hostname="fv-az487-466" time="2.922">
  <properties/>
  <testcase name="testFire[0: com.dotcms.rendering.velocity.viewtools.WorkflowToolFireTestCase@54cfbd1d]" classname="com.dotcms.rendering.velocity.viewtools.WorkflowToolTest" time="1.565"/>
  <testcase name="testFire[1: com.dotcms.rendering.velocity.viewtools.WorkflowToolFireTestCase@10dc0ac]" classname="com.dotcms.rendering.velocity.viewtools.WorkflowToolTest" time="1.357"/>
  <system-out><![CDATA[]]></system-out>
  <system-err><![CDATA[]]></system-err>
</testsuite>
