<?xml version="1.0" encoding="UTF-8"?>
<testsuite name="com.dotmarketing.business.portal.PortletAPIImplTest" tests="12" skipped="0" failures="0" errors="0" timestamp="2023-06-30T01:49:04" hostname="fv-az343-533" time="2.328">
  <properties/>
  <testcase name="test_delete_portlet" classname="com.dotmarketing.business.portal.PortletAPIImplTest" time="0.477"/>
  <testcase name="test_createCustomPortlet[0: com.dotmarketing.business.portal.PortletAPIImplTest$testCaseCreateCustomPortlet@54a7514c]" classname="com.dotmarketing.business.portal.PortletAPIImplTest" time="0.257"/>
  <testcase name="test_createCustomPortlet[1: com.dotmarketing.business.portal.PortletAPIImplTest$testCaseCreateCustomPortlet@1f91a49]" classname="com.dotmarketing.business.portal.PortletAPIImplTest" time="0.325"/>
  <testcase name="test_createCustomPortlet[2: com.dotmarketing.business.portal.PortletAPIImplTest$testCaseCreateCustomPortlet@5aef4cc5]" classname="com.dotmarketing.business.portal.PortletAPIImplTest" time="0.331"/>
  <testcase name="test_createCustomPortlet[3: com.dotmarketing.business.portal.PortletAPIImplTest$testCaseCreateCustomPortlet@6fa1696e]" classname="com.dotmarketing.business.portal.PortletAPIImplTest" time="0.286"/>
  <testcase name="test_createCustomPortlet[4: com.dotmarketing.business.portal.PortletAPIImplTest$testCaseCreateCustomPortlet@16278e7]" classname="com.dotmarketing.business.portal.PortletAPIImplTest" time="0.001"/>
  <testcase name="test_createCustomPortlet[5: com.dotmarketing.business.portal.PortletAPIImplTest$testCaseCreateCustomPortlet@480011d0]" classname="com.dotmarketing.business.portal.PortletAPIImplTest" time="0.017"/>
  <testcase name="test_createCustomPortlet[6: com.dotmarketing.business.portal.PortletAPIImplTest$testCaseCreateCustomPortlet@6829e571]" classname="com.dotmarketing.business.portal.PortletAPIImplTest" time="0.022"/>
  <testcase name="test_createCustomPortlet[7: com.dotmarketing.business.portal.PortletAPIImplTest$testCaseCreateCustomPortlet@ca71b03]" classname="com.dotmarketing.business.portal.PortletAPIImplTest" time="0.016"/>
  <testcase name="test_createCustomPortlet[8: com.dotmarketing.business.portal.PortletAPIImplTest$testCaseCreateCustomPortlet@1e90ff30]" classname="com.dotmarketing.business.portal.PortletAPIImplTest" time="0.019"/>
  <testcase name="test_findPortlet" classname="com.dotmarketing.business.portal.PortletAPIImplTest" time="0.305"/>
  <testcase name="test_findAllPortlets" classname="com.dotmarketing.business.portal.PortletAPIImplTest" time="0.27"/>
  <system-out><![CDATA[]]></system-out>
  <system-err><![CDATA[]]></system-err>
</testsuite>
