<?xml version="1.0" encoding="UTF-8"?>
<testsuite name="com.dotmarketing.portlets.structure.factories.FieldFactoryTest" tests="10" skipped="0" failures="0" errors="0" timestamp="2023-06-30T18:33:46" hostname="fv-az247-376" time="1.849">
  <properties/>
  <testcase name="fieldVariables" classname="com.dotmarketing.portlets.structure.factories.FieldFactoryTest" time="0.03"/>
  <testcase name="isTagField" classname="com.dotmarketing.portlets.structure.factories.FieldFactoryTest" time="0.006"/>
  <testcase name="getFieldsByStructure" classname="com.dotmarketing.portlets.structure.factories.FieldFactoryTest" time="0.0"/>
  <testcase name="getFieldByName" classname="com.dotmarketing.portlets.structure.factories.FieldFactoryTest" time="0.001"/>
  <testcase name="getFieldByVariableName" classname="com.dotmarketing.portlets.structure.factories.FieldFactoryTest" time="0.0"/>
  <testcase name="saveDeleteField" classname="com.dotmarketing.portlets.structure.factories.FieldFactoryTest" time="1.806"/>
  <testcase name="getFieldsByContentletField" classname="com.dotmarketing.portlets.structure.factories.FieldFactoryTest" time="0.001"/>
  <testcase name="getFieldsByStructureSortedBySortOrder" classname="com.dotmarketing.portlets.structure.factories.FieldFactoryTest" time="0.001"/>
  <testcase name="getNextAvailableFieldNumber" classname="com.dotmarketing.portlets.structure.factories.FieldFactoryTest" time="0.001"/>
  <testcase name="getFieldByInode" classname="com.dotmarketing.portlets.structure.factories.FieldFactoryTest" time="0.001"/>
  <system-out><![CDATA[]]></system-out>
  <system-err><![CDATA[]]></system-err>
</testsuite>
