<?xml version="1.0" encoding="UTF-8"?>
<testsuite name="com.dotmarketing.servlets.ajax.AjaxDirectorServletIntegrationTest" tests="2" skipped="0" failures="0" errors="0" timestamp="2023-07-18T01:27:34" hostname="fv-az1128-367" time="2.196">
  <properties/>
  <testcase name="testService[0: com.dotmarketing.servlets.ajax.AjaxDirectorServletTestCase@a536cf1]" classname="com.dotmarketing.servlets.ajax.AjaxDirectorServletIntegrationTest" time="0.814"/>
  <testcase name="testService[1: com.dotmarketing.servlets.ajax.AjaxDirectorServletTestCase@41b756ef]" classname="com.dotmarketing.servlets.ajax.AjaxDirectorServletIntegrationTest" time="1.382"/>
  <system-out><![CDATA[]]></system-out>
  <system-err><![CDATA[]]></system-err>
</testsuite>
