<?xml version="1.0" encoding="UTF-8"?>
<testsuite name="com.dotcms.enterprise.publishing.remote.bundler.TemplateBundlerTest" tests="4" skipped="0" failures="0" errors="0" timestamp="2023-07-10T22:46:50" hostname="fv-az445-212" time="0.02">
  <properties/>
  <testcase name="addTemplateInBundle[0: com.dotcms.enterprise.publishing.remote.bundler.TemplateBundlerTest$TestCase@d5039be]" classname="com.dotcms.enterprise.publishing.remote.bundler.TemplateBundlerTest" time="0.006"/>
  <testcase name="addTemplateInBundle[1: com.dotcms.enterprise.publishing.remote.bundler.TemplateBundlerTest$TestCase@14f3c2a6]" classname="com.dotcms.enterprise.publishing.remote.bundler.TemplateBundlerTest" time="0.004"/>
  <testcase name="addTemplateInBundle[2: com.dotcms.enterprise.publishing.remote.bundler.TemplateBundlerTest$TestCase@3853a854]" classname="com.dotcms.enterprise.publishing.remote.bundler.TemplateBundlerTest" time="0.004"/>
  <testcase name="addTemplateInBundle[3: com.dotcms.enterprise.publishing.remote.bundler.TemplateBundlerTest$TestCase@4315ad4]" classname="com.dotcms.enterprise.publishing.remote.bundler.TemplateBundlerTest" time="0.005"/>
  <system-out><![CDATA[]]></system-out>
  <system-err><![CDATA[]]></system-err>
</testsuite>
