<?xml version="1.0" encoding="UTF-8"?>
<testsuite name="com.dotmarketing.startup.runonce.Task220401CreateClusterLockTableTest" tests="1" skipped="0" failures="0" errors="0" timestamp="2023-06-27T20:45:21" hostname="fv-az1246-735" time="0.009">
  <properties/>
  <testcase name="testExecuteUpgrade" classname="com.dotmarketing.startup.runonce.Task220401CreateClusterLockTableTest" time="0.009"/>
  <system-out><![CDATA[]]></system-out>
  <system-err><![CDATA[]]></system-err>
</testsuite>
