<?xml version="1.0" encoding="UTF-8"?>
<testsuite name="com.dotmarketing.portlets.structure.model.ContentletRelationshipsTest" tests="7" skipped="0" failures="0" errors="0" timestamp="2023-06-28T23:25:03" hostname="fv-az642-275" time="8.428">
  <properties/>
  <testcase name="testDoesAllowOnlyOne[0: com.dotmarketing.portlets.structure.model.ContentletRelationshipsTest$CardinalityTestCase@58d35cab]" classname="com.dotmarketing.portlets.structure.model.ContentletRelationshipsTest" time="0.502"/>
  <testcase name="testDoesAllowOnlyOne[1: com.dotmarketing.portlets.structure.model.ContentletRelationshipsTest$CardinalityTestCase@6dd7c6a5]" classname="com.dotmarketing.portlets.structure.model.ContentletRelationshipsTest" time="0.489"/>
  <testcase name="testDoesAllowOnlyOne[2: com.dotmarketing.portlets.structure.model.ContentletRelationshipsTest$CardinalityTestCase@200af555]" classname="com.dotmarketing.portlets.structure.model.ContentletRelationshipsTest" time="0.504"/>
  <testcase name="testGetRelationshipRecords[0: com.dotmarketing.portlets.structure.model.ContentletRelationshipsTest$TestCase@37f5d870]" classname="com.dotmarketing.portlets.structure.model.ContentletRelationshipsTest" time="2.026"/>
  <testcase name="testGetRelationshipRecords[1: com.dotmarketing.portlets.structure.model.ContentletRelationshipsTest$TestCase@7581ec21]" classname="com.dotmarketing.portlets.structure.model.ContentletRelationshipsTest" time="2.086"/>
  <testcase name="testGetRelationshipRecords[2: com.dotmarketing.portlets.structure.model.ContentletRelationshipsTest$TestCase@26b0eeda]" classname="com.dotmarketing.portlets.structure.model.ContentletRelationshipsTest" time="1.914"/>
  <testcase name="testGetRelationshipRecords[3: com.dotmarketing.portlets.structure.model.ContentletRelationshipsTest$TestCase@51e70704]" classname="com.dotmarketing.portlets.structure.model.ContentletRelationshipsTest" time="0.907"/>
  <system-out><![CDATA[]]></system-out>
  <system-err><![CDATA[]]></system-err>
</testsuite>
