<?xml version="1.0" encoding="UTF-8"?>
<testsuite name="com.dotmarketing.portlets.structure.factories.FieldFactoryTest" tests="10" skipped="0" failures="0" errors="0" timestamp="2023-06-23T23:26:45" hostname="fv-az1259-189" time="1.205">
  <properties/>
  <testcase name="fieldVariables" classname="com.dotmarketing.portlets.structure.factories.FieldFactoryTest" time="0.067"/>
  <testcase name="isTagField" classname="com.dotmarketing.portlets.structure.factories.FieldFactoryTest" time="0.01"/>
  <testcase name="getFieldsByStructure" classname="com.dotmarketing.portlets.structure.factories.FieldFactoryTest" time="0.001"/>
  <testcase name="getFieldByName" classname="com.dotmarketing.portlets.structure.factories.FieldFactoryTest" time="0.0"/>
  <testcase name="getFieldByVariableName" classname="com.dotmarketing.portlets.structure.factories.FieldFactoryTest" time="0.001"/>
  <testcase name="saveDeleteField" classname="com.dotmarketing.portlets.structure.factories.FieldFactoryTest" time="1.105"/>
  <testcase name="getFieldsByContentletField" classname="com.dotmarketing.portlets.structure.factories.FieldFactoryTest" time="0.011"/>
  <testcase name="getFieldsByStructureSortedBySortOrder" classname="com.dotmarketing.portlets.structure.factories.FieldFactoryTest" time="0.005"/>
  <testcase name="getNextAvailableFieldNumber" classname="com.dotmarketing.portlets.structure.factories.FieldFactoryTest" time="0.001"/>
  <testcase name="getFieldByInode" classname="com.dotmarketing.portlets.structure.factories.FieldFactoryTest" time="0.001"/>
  <system-out><![CDATA[]]></system-out>
  <system-err><![CDATA[]]></system-err>
</testsuite>
