<?xml version="1.0" encoding="UTF-8"?>
<testsuite name="com.dotcms.contenttype.test.ContentResourceTest" tests="52" skipped="0" failures="0" errors="0" timestamp="2023-07-18T19:35:45" hostname="fv-az344-517" time="131.728">
  <properties/>
  <testcase name="testGetContentShouldReturnIconDetails" classname="com.dotcms.contenttype.test.ContentResourceTest" time="1.55"/>
  <testcase name="Test_Save_Action_Set_Words_To_Required_NumericField_Issue_15340" classname="com.dotcms.contenttype.test.ContentResourceTest" time="0.922"/>
  <testcase name="test_getContent_includeGrandChildCategory_success" classname="com.dotcms.contenttype.test.ContentResourceTest" time="1.288"/>
  <testcase name="testGetContentWithRelatedParameter[0: com.dotcms.contenttype.test.ContentResourceTest$PullRelatedTestCase@60eabdeb]" classname="com.dotcms.contenttype.test.ContentResourceTest" time="3.722"/>
  <testcase name="testGetContentWithRelatedParameter[1: com.dotcms.contenttype.test.ContentResourceTest$PullRelatedTestCase@75fdf937]" classname="com.dotcms.contenttype.test.ContentResourceTest" time="3.762"/>
  <testcase name="testGetContentWithRelatedParameter[2: com.dotcms.contenttype.test.ContentResourceTest$PullRelatedTestCase@1c57eda1]" classname="com.dotcms.contenttype.test.ContentResourceTest" time="3.619"/>
  <testcase name="testGetContentWithRelatedParameter[3: com.dotcms.contenttype.test.ContentResourceTest$PullRelatedTestCase@51d13e9e]" classname="com.dotcms.contenttype.test.ContentResourceTest" time="3.448"/>
  <testcase name="testGetContentWithRelatedParameter[4: com.dotcms.contenttype.test.ContentResourceTest$PullRelatedTestCase@6461c4aa]" classname="com.dotcms.contenttype.test.ContentResourceTest" time="3.516"/>
  <testcase name="test_getContent_SelfRelatedWith3LevelsOfDepth_shouldReturnRelationships" classname="com.dotcms.contenttype.test.ContentResourceTest" time="1.3"/>
  <testcase name="Test_Save_Action_Send_Fields_SubSet_Issue_15340" classname="com.dotcms.contenttype.test.ContentResourceTest" time="2.873"/>
  <testcase name="test_getContent_shouldReturnRelationships[0: com.dotcms.contenttype.test.ContentResourceTest$TestCase@7e4fbd50]" classname="com.dotcms.contenttype.test.ContentResourceTest" time="2.705"/>
  <testcase name="test_getContent_shouldReturnRelationships[1: com.dotcms.contenttype.test.ContentResourceTest$TestCase@5d566ddd]" classname="com.dotcms.contenttype.test.ContentResourceTest" time="2.738"/>
  <testcase name="test_getContent_shouldReturnRelationships[2: com.dotcms.contenttype.test.ContentResourceTest$TestCase@52b8d27]" classname="com.dotcms.contenttype.test.ContentResourceTest" time="2.682"/>
  <testcase name="test_getContent_shouldReturnRelationships[3: com.dotcms.contenttype.test.ContentResourceTest$TestCase@6f055dbc]" classname="com.dotcms.contenttype.test.ContentResourceTest" time="2.685"/>
  <testcase name="test_getContent_shouldReturnRelationships[4: com.dotcms.contenttype.test.ContentResourceTest$TestCase@6ca3c831]" classname="com.dotcms.contenttype.test.ContentResourceTest" time="2.782"/>
  <testcase name="test_getContent_shouldReturnRelationships[5: com.dotcms.contenttype.test.ContentResourceTest$TestCase@27578fd]" classname="com.dotcms.contenttype.test.ContentResourceTest" time="2.579"/>
  <testcase name="test_getContent_shouldReturnRelationships[6: com.dotcms.contenttype.test.ContentResourceTest$TestCase@5b6e9f21]" classname="com.dotcms.contenttype.test.ContentResourceTest" time="2.792"/>
  <testcase name="test_getContent_shouldReturnRelationships[7: com.dotcms.contenttype.test.ContentResourceTest$TestCase@1ec3d14d]" classname="com.dotcms.contenttype.test.ContentResourceTest" time="2.644"/>
  <testcase name="test_getContent_shouldReturnRelationships[8: com.dotcms.contenttype.test.ContentResourceTest$TestCase@6c5360e4]" classname="com.dotcms.contenttype.test.ContentResourceTest" time="2.732"/>
  <testcase name="test_getContent_shouldReturnRelationships[9: com.dotcms.contenttype.test.ContentResourceTest$TestCase@45c85f03]" classname="com.dotcms.contenttype.test.ContentResourceTest" time="1.828"/>
  <testcase name="test_getContent_shouldReturnRelationships[10: com.dotcms.contenttype.test.ContentResourceTest$TestCase@6af0470c]" classname="com.dotcms.contenttype.test.ContentResourceTest" time="2.563"/>
  <testcase name="test_getContent_shouldReturnRelationships[11: com.dotcms.contenttype.test.ContentResourceTest$TestCase@6a39baa6]" classname="com.dotcms.contenttype.test.ContentResourceTest" time="1.475"/>
  <testcase name="test_getContent_shouldReturnRelationships[12: com.dotcms.contenttype.test.ContentResourceTest$TestCase@1d1ab345]" classname="com.dotcms.contenttype.test.ContentResourceTest" time="1.517"/>
  <testcase name="test_getContent_shouldReturnRelationships[13: com.dotcms.contenttype.test.ContentResourceTest$TestCase@1aadd7a2]" classname="com.dotcms.contenttype.test.ContentResourceTest" time="2.586"/>
  <testcase name="test_getContent_shouldReturnRelationships[14: com.dotcms.contenttype.test.ContentResourceTest$TestCase@728d3bdc]" classname="com.dotcms.contenttype.test.ContentResourceTest" time="2.443"/>
  <testcase name="test_getContent_shouldReturnRelationships[15: com.dotcms.contenttype.test.ContentResourceTest$TestCase@554643a1]" classname="com.dotcms.contenttype.test.ContentResourceTest" time="2.751"/>
  <testcase name="test_getContent_shouldReturnRelationships[16: com.dotcms.contenttype.test.ContentResourceTest$TestCase@1d8e42d7]" classname="com.dotcms.contenttype.test.ContentResourceTest" time="3.789"/>
  <testcase name="test_getContent_shouldReturnRelationships[17: com.dotcms.contenttype.test.ContentResourceTest$TestCase@69ea8603]" classname="com.dotcms.contenttype.test.ContentResourceTest" time="2.879"/>
  <testcase name="test_getContent_shouldReturnRelationships[18: com.dotcms.contenttype.test.ContentResourceTest$TestCase@72221339]" classname="com.dotcms.contenttype.test.ContentResourceTest" time="2.681"/>
  <testcase name="test_getContent_shouldReturnRelationships[19: com.dotcms.contenttype.test.ContentResourceTest$TestCase@159e0d97]" classname="com.dotcms.contenttype.test.ContentResourceTest" time="2.761"/>
  <testcase name="test_getContent_shouldReturnRelationships[20: com.dotcms.contenttype.test.ContentResourceTest$TestCase@7ae97d09]" classname="com.dotcms.contenttype.test.ContentResourceTest" time="2.944"/>
  <testcase name="test_getContent_shouldReturnRelationships[21: com.dotcms.contenttype.test.ContentResourceTest$TestCase@478e36c9]" classname="com.dotcms.contenttype.test.ContentResourceTest" time="1.961"/>
  <testcase name="test_getContent_shouldReturnRelationships[22: com.dotcms.contenttype.test.ContentResourceTest$TestCase@25574eda]" classname="com.dotcms.contenttype.test.ContentResourceTest" time="2.687"/>
  <testcase name="test_getContent_shouldReturnRelationships[23: com.dotcms.contenttype.test.ContentResourceTest$TestCase@40c01d52]" classname="com.dotcms.contenttype.test.ContentResourceTest" time="2.859"/>
  <testcase name="test_getContent_shouldReturnRelationships[24: com.dotcms.contenttype.test.ContentResourceTest$TestCase@71f03176]" classname="com.dotcms.contenttype.test.ContentResourceTest" time="2.768"/>
  <testcase name="test_getContent_shouldReturnRelationships[25: com.dotcms.contenttype.test.ContentResourceTest$TestCase@477e69ff]" classname="com.dotcms.contenttype.test.ContentResourceTest" time="3.021"/>
  <testcase name="test_getContent_shouldReturnRelationships[26: com.dotcms.contenttype.test.ContentResourceTest$TestCase@5840de54]" classname="com.dotcms.contenttype.test.ContentResourceTest" time="2.962"/>
  <testcase name="test_getContent_shouldReturnRelationships[27: com.dotcms.contenttype.test.ContentResourceTest$TestCase@18aa7283]" classname="com.dotcms.contenttype.test.ContentResourceTest" time="2.718"/>
  <testcase name="test_getContent_shouldReturnRelationships[28: com.dotcms.contenttype.test.ContentResourceTest$TestCase@68a19b61]" classname="com.dotcms.contenttype.test.ContentResourceTest" time="2.887"/>
  <testcase name="test_getContent_shouldReturnRelationships[29: com.dotcms.contenttype.test.ContentResourceTest$TestCase@5c24261b]" classname="com.dotcms.contenttype.test.ContentResourceTest" time="2.7"/>
  <testcase name="test_getContent_shouldReturnRelationships[30: com.dotcms.contenttype.test.ContentResourceTest$TestCase@2c8e1b5]" classname="com.dotcms.contenttype.test.ContentResourceTest" time="2.669"/>
  <testcase name="test_getContent_shouldReturnRelationships[31: com.dotcms.contenttype.test.ContentResourceTest$TestCase@493db505]" classname="com.dotcms.contenttype.test.ContentResourceTest" time="2.668"/>
  <testcase name="test_getContent_shouldReturnRelationships[32: com.dotcms.contenttype.test.ContentResourceTest$TestCase@2da345d0]" classname="com.dotcms.contenttype.test.ContentResourceTest" time="3.756"/>
  <testcase name="test_getContent_shouldReturnRelationships[33: com.dotcms.contenttype.test.ContentResourceTest$TestCase@50caaa81]" classname="com.dotcms.contenttype.test.ContentResourceTest" time="3.783"/>
  <testcase name="testSinglePOST_InvalidParamsShouldReturn400[0: ({\n    &quot;stInode&quot; : &quot;InvalidValue&quot;,\n    &quot;numeric&quot; : &quot;0&quot;,\n    &quot;image&quot; : &quot;whatever&quot;\n}, Bad Request)]" classname="com.dotcms.contenttype.test.ContentResourceTest" time="0.936"/>
  <testcase name="testSinglePOST_InvalidParamsShouldReturn400[1: ({\n    &quot;numeric&quot; : &quot;0&quot;,\n    &quot;image&quot; : &quot;whatever&quot;\n}, Bad Request)]" classname="com.dotcms.contenttype.test.ContentResourceTest" time="0.893"/>
  <testcase name="Test_Save_Action_Set_Null_To_Required_NumericField_Issue_15340" classname="com.dotcms.contenttype.test.ContentResourceTest" time="0.939"/>
  <testcase name="Test_Save_Action_Remove_Image_Then_Verify_Fields_Were_Cleared_Issue_15340" classname="com.dotcms.contenttype.test.ContentResourceTest" time="3.899"/>
  <testcase name="test_getContentWithMultipleSelfRelated_shouldReturnRelationships[0: com.dotcms.contenttype.test.ContentResourceTest$PullSelfRelatedTestCase@31fb2655]" classname="com.dotcms.contenttype.test.ContentResourceTest" time="1.598"/>
  <testcase name="test_getContentWithMultipleSelfRelated_shouldReturnRelationships[1: com.dotcms.contenttype.test.ContentResourceTest$PullSelfRelatedTestCase@641687f]" classname="com.dotcms.contenttype.test.ContentResourceTest" time="1.624"/>
  <testcase name="testGetContentWithAllCategoriesInfo[0: json]" classname="com.dotcms.contenttype.test.ContentResourceTest" time="1.399"/>
  <testcase name="testGetContentWithAllCategoriesInfo[1: xml]" classname="com.dotcms.contenttype.test.ContentResourceTest" time="2.441"/>
  <system-out><![CDATA[











]]></system-out>
  <system-err><![CDATA[]]></system-err>
</testsuite>
