<?xml version="1.0" encoding="UTF-8"?>
<testsuite name="com.dotmarketing.business.DeterministicIdentifierAPITest" tests="16" skipped="0" failures="0" errors="0" timestamp="2023-06-26T16:58:52" hostname="fv-az455-440" time="1.103">
  <properties/>
  <testcase name="Test_Category_Path_Seed_And_Id" classname="com.dotmarketing.business.DeterministicIdentifierAPITest" time="0.019"/>
  <testcase name="Test_Language_Deterministic_Id[0: LanguageTestCase{expectedSeed='Language:es:US', expectedHash=4913155, langCode='es', countryCode='US', country='United States'}]" classname="com.dotmarketing.business.DeterministicIdentifierAPITest" time="0.001"/>
  <testcase name="Test_Language_Deterministic_Id[1: LanguageTestCase{expectedSeed='Language:ep:', expectedHash=5292269, langCode='ep', countryCode='', country=''}]" classname="com.dotmarketing.business.DeterministicIdentifierAPITest" time="0.001"/>
  <testcase name="Test_Language_Deterministic_Id[2: LanguageTestCase{expectedSeed='Language:sg:SAG', expectedHash=4713118, langCode='sg', countryCode='SAG', country=''}]" classname="com.dotmarketing.business.DeterministicIdentifierAPITest" time="0.001"/>
  <testcase name="Test_Language_Deterministic_Id[3: LanguageTestCase{expectedSeed='Language:en:NZ', expectedHash=5382528, langCode='en', countryCode='NZ', country='New Zealand'}]" classname="com.dotmarketing.business.DeterministicIdentifierAPITest" time="0.001"/>
  <testcase name="Test_Category_None_Persisted_Category_Should_Return_Deterministic_Id" classname="com.dotmarketing.business.DeterministicIdentifierAPITest" time="0.002"/>
  <testcase name="Test_Asset_Generate_Deterministic_Id_Best_Effort[0: TestCase{versionable=my.host1687793267089.com, parent=System Host, expectedName='my.host1687793267089.com', expectedType='Host'}]" classname="com.dotmarketing.business.DeterministicIdentifierAPITest" time="0.003"/>
  <testcase name="Test_Asset_Generate_Deterministic_Id_Best_Effort[1: TestCase{versionable=com.dotmarketing.portlets.contentlet.model.Contentlet@38be8d98[map={modDate=2023-06-26 15:27:48.132, fileName=file3681775970729600513.txt, title=file3681775970729600513.txt, inode=aec19061-db20-4251-8d7a-76ad7313712b, __IS_NEW_CONTENT__=true, disabledWYSIWYG=[], host=523c56de-b424-4f3a-9fd9-30094389b1fd, stInode=33888b6f-7a8e-4069-b1b6-5c1aa9d0a48d, owner=system, identifier=2ec7972a-5d91-4cdd-b4b5-6d14ff3b74db, nullProperties=[wfExpireDate, wfPublishDate, wfActionAssign, wfActionId, wfActionComments, filterKey, whereToSend, wfNeverExpire, _path_to_move, timezoneId, iWantTo, wfPublishTime, wfExpireTime], languageId=1, fileAsset=/home/runner/work/core/custom/assets/a/e/aec19061-db20-4251-8d7a-76ad7313712b/fileAsset/file3681775970729600513.txt, folder=9d2d55e0-c731-449f-8e88-a7303e4de715, __disable_workflow__=true, sortOrder=0, modUser=system},lowIndexPriority=false,variantId=DEFAULT], parent=com.dotmarketing.portlets.folders.model.Folder@877efeb[identifier=9d2d55e0-c731-449f-8e88-a7303e4de715,name=testName1687793268125,sortOrder=0,showOnMenu=false,hostId=523c56de-b424-4f3a-9fd9-30094389b1fd,type=folder,title=testTitle1687793268125,filesMasks=,defaultFileType=33888b6f-7a8e-4069-b1b6-5c1aa9d0a48d,modDate=2023-06-26 15:27:48.128,owner=&lt;null&gt;,iDate=2023-06-26 15:27:48.128,inode=9d2d55e0-c731-449f-8e88-a7303e4de715,path=/testName1687793268125/], expectedName='file3681775970729600513.txt', expectedType='FileAsset'}]" classname="com.dotmarketing.business.DeterministicIdentifierAPITest" time="0.003"/>
  <testcase name="Test_Asset_Generate_Deterministic_Id_Best_Effort[2: TestCase{versionable=com.dotmarketing.portlets.templates.model.Template@cd7d16ce, parent=my.host1687793267089.com, expectedName='testTitle1687793268231', expectedType='Template'}]" classname="com.dotmarketing.business.DeterministicIdentifierAPITest" time="0.002"/>
  <testcase name="Test_Asset_Generate_Deterministic_Id_Best_Effort[3: TestCase{versionable=com.dotmarketing.portlets.htmlpageasset.model.HTMLPageAsset@720a341[map={template=bbaf21b8-6e1f-4395-af23-50bfa2463842, owner=system, identifier=5edc0e20-c131-47e3-a849-38acdd63629c, nullProperties=[wfExpireDate, wfPublishDate, wfActionAssign, wfActionId, wfActionComments, filterKey, whereToSend, wfNeverExpire, _path_to_move, timezoneId, iWantTo, wfPublishTime, wfExpireTime], modDate=2023-06-26 15:27:48.248, cachettl=0, _is_test_mode=true, languageId=1, title=test-page-title-1687793268243, httpsreq=, url=test-page-url-1687793268243, showOnMenu=, inode=b0d95a25-d111-4e3f-8519-9dacc1a78571, folder=9d2d55e0-c731-449f-8e88-a7303e4de715, disabledWYSIWYG=[], sortOrder=1, modUser=system, host=523c56de-b424-4f3a-9fd9-30094389b1fd, stInode=c541abb1-69b3-4bc5-8430-5e09e5239cc8, friendlyName=test-page-friendly-name-1687793268243},lowIndexPriority=false,variantId=DEFAULT], parent=com.dotmarketing.portlets.folders.model.Folder@877efeb[identifier=9d2d55e0-c731-449f-8e88-a7303e4de715,name=testName1687793268125,sortOrder=0,showOnMenu=false,hostId=523c56de-b424-4f3a-9fd9-30094389b1fd,type=folder,title=testTitle1687793268125,filesMasks=,defaultFileType=33888b6f-7a8e-4069-b1b6-5c1aa9d0a48d,modDate=2023-06-26 15:27:48.128,owner=&lt;null&gt;,iDate=2023-06-26 15:27:48.128,inode=9d2d55e0-c731-449f-8e88-a7303e4de715,path=/testName1687793268125/], expectedName='test-page-url-1687793268243', expectedType='htmlpageasset'}]" classname="com.dotmarketing.business.DeterministicIdentifierAPITest" time="0.003"/>
  <testcase name="Test_Asset_Generate_Deterministic_Id_Best_Effort[4: TestCase{versionable=com.dotmarketing.portlets.contentlet.model.Contentlet@44e1157[map={fileAsset2=/home/runner/work/core/custom/assets/8/6/86d1da60-1cc3-4350-9c84-31664e5d4257/fileAsset2/test_binary1687793269092.png, modDate=2023-06-26 15:27:49.096, fileAsset1=/home/runner/work/core/custom/assets/8/6/86d1da60-1cc3-4350-9c84-31664e5d4257/fileAsset1/test_binary1687793269091.jpg, title=blah, inode=86d1da60-1cc3-4350-9c84-31664e5d4257, __IS_NEW_CONTENT__=true, disabledWYSIWYG=[], host=8a7d5e23-da1e-420a-b4f0-471e7da8ea2d, stInode=3e22ec2c-e476-4eca-8c79-5deb864dcc16, owner=system, identifier=ac1d733a-1a58-49d6-90f3-cca910b2ed26, nullProperties=[], languageId=1, image1=39c49131-98cd-4c98-9ccd-521ba343d935, folder=SYSTEM_FOLDER, __disable_workflow__=true, sortOrder=0, modUser=system},lowIndexPriority=false,variantId=DEFAULT], parent=default, expectedName='test_binary1687793269091.jpg:test_binary1687793269092.png', expectedType='MultipleBinaries1687793268425'}]" classname="com.dotmarketing.business.DeterministicIdentifierAPITest" time="0.006"/>
  <testcase name="Test_Asset_Generate_Deterministic_Id_Best_Effort[5: TestCase{versionable=name28e809524b : keyTag28e809524b, parent=my.host1687793267089.com, expectedName='keyTag28e809524b', expectedType='persona'}]" classname="com.dotmarketing.business.DeterministicIdentifierAPITest" time="0.008"/>
  <testcase name="Test_Similar_Content_Type_Wont_Clash" classname="com.dotmarketing.business.DeterministicIdentifierAPITest" time="0.387"/>
  <testcase name="Test_Generate_Folder_Identifier" classname="com.dotmarketing.business.DeterministicIdentifierAPITest" time="0.655"/>
  <testcase name="Test_Generate_Content_Type_Identifier[0: ContentTypeTestCase{contentType=KeyValueContentType{name=Language Variable, id=f4d7c1b8-2c88-4071-abf1-a5328977b07d, description=Default Content Type for Language Variables, defaultType=false, fixed=true, iDate=Thu Aug 31 16:38:49 UTC 2017, system=true, versionable=true, variable=Languagevariable, modDate=Mon Jun 26 15:24:32 UTC 2023, host=SYSTEM_HOST, siteName=systemHost, icon=language, sortOrder=0, folder=SYSTEM_FOLDER, folderPath=/, markedForDeletion=false, multilingualable=false}, expectedName='Languagevariable', expectedType='KeyValue'}]" classname="com.dotmarketing.business.DeterministicIdentifierAPITest" time="0.006"/>
  <testcase name="Test_Generate_Content_Type_Identifier[1: ContentTypeTestCase{contentType=SimpleContentType{name=testName1687793269369, id=d3d9f302-5d53-4f3e-83a4-d111b3a78eac, description=testDescription1687793269369, defaultType=false, fixed=false, iDate=Mon Jun 26 15:27:49 UTC 2023, system=false, versionable=true, multilingualable=false, variable=testVarname1687793269369, owner=system, modDate=Mon Jun 26 15:27:49 UTC 2023, host=8a7d5e23-da1e-420a-b4f0-471e7da8ea2d, siteName=default, icon=event_note, sortOrder=0, folder=SYSTEM_FOLDER, folderPath=/, requiredFields=[], markedForDeletion=false}, expectedName='testVarname1687793269369', expectedType='CONTENT'}]" classname="com.dotmarketing.business.DeterministicIdentifierAPITest" time="0.004"/>
  <system-out><![CDATA[]]></system-out>
  <system-err><![CDATA[]]></system-err>
</testsuite>
