<?xml version="1.0" encoding="UTF-8"?>
<testsuite name="com.dotmarketing.startup.runonce.Task220825CreateVariantFieldTest" tests="4" skipped="0" failures="0" errors="0" timestamp="2023-06-26T15:31:40" hostname="fv-az455-440" time="1.196">
  <properties/>
  <testcase name="conntentletVersionInfoWithVariant" classname="com.dotmarketing.startup.runonce.Task220825CreateVariantFieldTest" time="1.142"/>
  <testcase name="runningTU" classname="com.dotmarketing.startup.runonce.Task220825CreateVariantFieldTest" time="0.016"/>
  <testcase name="forceRun" classname="com.dotmarketing.startup.runonce.Task220825CreateVariantFieldTest" time="0.02"/>
  <testcase name="runningTwice" classname="com.dotmarketing.startup.runonce.Task220825CreateVariantFieldTest" time="0.017"/>
  <system-out><![CDATA[]]></system-out>
  <system-err><![CDATA[]]></system-err>
</testsuite>
