<?xml version="1.0" encoding="UTF-8"?>
<testsuite name="com.dotcms.publisher.business.PublisherAPIImplTest" tests="8" skipped="0" failures="0" errors="0" timestamp="2023-07-21T05:39:27" hostname="fv-az456-820" time="10.084">
  <properties/>
  <testcase name="test_addExperimentToPushPublishQueue_shouldAddProperly" classname="com.dotcms.publisher.business.PublisherAPIImplTest" time="0.462"/>
  <testcase name="test_deleteElementFromPublishQueueTable_OneAsset" classname="com.dotcms.publisher.business.PublisherAPIImplTest" time="1.888"/>
  <testcase name="test_deleteElementFromPublishQueueTable_TwoAssets" classname="com.dotcms.publisher.business.PublisherAPIImplTest" time="2.174"/>
  <testcase name="test_deleteElementsFromPublishQueueTable_TwoAssets" classname="com.dotcms.publisher.business.PublisherAPIImplTest" time="2.0"/>
  <testcase name="test_getQueueBundleIdsToProcess_ShouldExcludeFailedIntegrityStatus[0: BUNDLE_SENT_SUCCESSFULLY]" classname="com.dotcms.publisher.business.PublisherAPIImplTest" time="1.131"/>
  <testcase name="test_getQueueBundleIdsToProcess_ShouldExcludeFailedIntegrityStatus[1: PUBLISHING_BUNDLE]" classname="com.dotcms.publisher.business.PublisherAPIImplTest" time="1.141"/>
  <testcase name="test_getQueueBundleIdsToProcess_ShouldExcludeFailedIntegrityStatus[2: WAITING_FOR_PUBLISHING]" classname="com.dotcms.publisher.business.PublisherAPIImplTest" time="1.151"/>
  <testcase name="test_getQueueBundleIdsToProcess_ShouldExcludeFailedIntegrityStatus[3: FAILED_INTEGRITY_CHECK]" classname="com.dotcms.publisher.business.PublisherAPIImplTest" time="0.136"/>
  <system-out><![CDATA[]]></system-out>
  <system-err><![CDATA[]]></system-err>
</testsuite>
