<?xml version="1.0" encoding="UTF-8"?>
<testsuite name="com.dotmarketing.portlets.rules.conditionlet.VisitorOperatingSystemConditionletTest" tests="2" skipped="0" failures="0" errors="0" timestamp="2023-07-05T23:54:35" hostname="fv-az1231-758" time="0.008">
  <properties/>
  <testcase name="testEvaluateIs" classname="com.dotmarketing.portlets.rules.conditionlet.VisitorOperatingSystemConditionletTest" time="0.007"/>
  <testcase name="testEvaluateIsNot" classname="com.dotmarketing.portlets.rules.conditionlet.VisitorOperatingSystemConditionletTest" time="0.001"/>
  <system-out><![CDATA[]]></system-out>
  <system-err><![CDATA[]]></system-err>
</testsuite>
