<?xml version="1.0" encoding="UTF-8"?>
<testsuite name="com.dotcms.rest.elasticsearch.ESContentResourcePortletTest" tests="8" skipped="0" failures="0" errors="0" timestamp="2023-06-26T14:46:46" hostname="fv-az413-549" time="8.102">
  <properties/>
  <testcase name="test_search_includeGrandChildCategory_success" classname="com.dotcms.rest.elasticsearch.ESContentResourcePortletTest" time="1.449"/>
  <testcase name="testSearch[0: com.dotcms.rest.elasticsearch.ESContentResourcePortletTest$TestCase@126aa125]" classname="com.dotcms.rest.elasticsearch.ESContentResourcePortletTest" time="0.932"/>
  <testcase name="testSearch[1: com.dotcms.rest.elasticsearch.ESContentResourcePortletTest$TestCase@2b9d6962]" classname="com.dotcms.rest.elasticsearch.ESContentResourcePortletTest" time="1.308"/>
  <testcase name="testSearch[2: com.dotcms.rest.elasticsearch.ESContentResourcePortletTest$TestCase@7ad44478]" classname="com.dotcms.rest.elasticsearch.ESContentResourcePortletTest" time="0.915"/>
  <testcase name="testSearch[3: com.dotcms.rest.elasticsearch.ESContentResourcePortletTest$TestCase@3269326e]" classname="com.dotcms.rest.elasticsearch.ESContentResourcePortletTest" time="0.306"/>
  <testcase name="testSearch[4: com.dotcms.rest.elasticsearch.ESContentResourcePortletTest$TestCase@75cdce8f]" classname="com.dotcms.rest.elasticsearch.ESContentResourcePortletTest" time="1.312"/>
  <testcase name="testSearch[5: com.dotcms.rest.elasticsearch.ESContentResourcePortletTest$TestCase@355b6f2d]" classname="com.dotcms.rest.elasticsearch.ESContentResourcePortletTest" time="0.995"/>
  <testcase name="testSearch[6: com.dotcms.rest.elasticsearch.ESContentResourcePortletTest$TestCase@6d741a7a]" classname="com.dotcms.rest.elasticsearch.ESContentResourcePortletTest" time="0.885"/>
  <system-out><![CDATA[]]></system-out>
  <system-err><![CDATA[]]></system-err>
</testsuite>
