<?xml version="1.0" encoding="UTF-8"?>
<testsuite name="com.dotmarketing.portlets.structure.model.ContentletRelationshipsTest" tests="7" skipped="0" failures="0" errors="0" timestamp="2023-07-19T16:38:54" hostname="fv-az621-121" time="10.133">
  <properties/>
  <testcase name="testDoesAllowOnlyOne[0: com.dotmarketing.portlets.structure.model.ContentletRelationshipsTest$CardinalityTestCase@4b6d97c7]" classname="com.dotmarketing.portlets.structure.model.ContentletRelationshipsTest" time="0.634"/>
  <testcase name="testDoesAllowOnlyOne[1: com.dotmarketing.portlets.structure.model.ContentletRelationshipsTest$CardinalityTestCase@6e4fd895]" classname="com.dotmarketing.portlets.structure.model.ContentletRelationshipsTest" time="0.65"/>
  <testcase name="testDoesAllowOnlyOne[2: com.dotmarketing.portlets.structure.model.ContentletRelationshipsTest$CardinalityTestCase@19370090]" classname="com.dotmarketing.portlets.structure.model.ContentletRelationshipsTest" time="0.664"/>
  <testcase name="testGetRelationshipRecords[0: com.dotmarketing.portlets.structure.model.ContentletRelationshipsTest$TestCase@62fb081f]" classname="com.dotmarketing.portlets.structure.model.ContentletRelationshipsTest" time="2.403"/>
  <testcase name="testGetRelationshipRecords[1: com.dotmarketing.portlets.structure.model.ContentletRelationshipsTest$TestCase@458f6828]" classname="com.dotmarketing.portlets.structure.model.ContentletRelationshipsTest" time="1.3"/>
  <testcase name="testGetRelationshipRecords[2: com.dotmarketing.portlets.structure.model.ContentletRelationshipsTest$TestCase@55149b7c]" classname="com.dotmarketing.portlets.structure.model.ContentletRelationshipsTest" time="2.346"/>
  <testcase name="testGetRelationshipRecords[3: com.dotmarketing.portlets.structure.model.ContentletRelationshipsTest$TestCase@748622ce]" classname="com.dotmarketing.portlets.structure.model.ContentletRelationshipsTest" time="2.135"/>
  <system-out><![CDATA[]]></system-out>
  <system-err><![CDATA[]]></system-err>
</testsuite>
