<?xml version="1.0" encoding="UTF-8"?>
<testsuite name="com.dotmarketing.portlets.structure.model.ContentletRelationshipsTest" tests="7" skipped="0" failures="0" errors="0" timestamp="2023-06-28T17:27:12" hostname="fv-az842-670" time="9.675">
  <properties/>
  <testcase name="testDoesAllowOnlyOne[0: com.dotmarketing.portlets.structure.model.ContentletRelationshipsTest$CardinalityTestCase@31b0d4fa]" classname="com.dotmarketing.portlets.structure.model.ContentletRelationshipsTest" time="0.565"/>
  <testcase name="testDoesAllowOnlyOne[1: com.dotmarketing.portlets.structure.model.ContentletRelationshipsTest$CardinalityTestCase@f880409]" classname="com.dotmarketing.portlets.structure.model.ContentletRelationshipsTest" time="0.523"/>
  <testcase name="testDoesAllowOnlyOne[2: com.dotmarketing.portlets.structure.model.ContentletRelationshipsTest$CardinalityTestCase@55ee70d1]" classname="com.dotmarketing.portlets.structure.model.ContentletRelationshipsTest" time="0.577"/>
  <testcase name="testGetRelationshipRecords[0: com.dotmarketing.portlets.structure.model.ContentletRelationshipsTest$TestCase@4b46d4d4]" classname="com.dotmarketing.portlets.structure.model.ContentletRelationshipsTest" time="2.109"/>
  <testcase name="testGetRelationshipRecords[1: com.dotmarketing.portlets.structure.model.ContentletRelationshipsTest$TestCase@7ce6ce42]" classname="com.dotmarketing.portlets.structure.model.ContentletRelationshipsTest" time="2.047"/>
  <testcase name="testGetRelationshipRecords[2: com.dotmarketing.portlets.structure.model.ContentletRelationshipsTest$TestCase@3381359b]" classname="com.dotmarketing.portlets.structure.model.ContentletRelationshipsTest" time="1.974"/>
  <testcase name="testGetRelationshipRecords[3: com.dotmarketing.portlets.structure.model.ContentletRelationshipsTest$TestCase@154fa3c2]" classname="com.dotmarketing.portlets.structure.model.ContentletRelationshipsTest" time="1.871"/>
  <system-out><![CDATA[]]></system-out>
  <system-err><![CDATA[]]></system-err>
</testsuite>
