<?xml version="1.0" encoding="UTF-8"?>
<testsuite name="com.dotmarketing.portlets.rules.business.RulesCacheFTest" tests="9" skipped="0" failures="0" errors="0" timestamp="2023-07-06T20:16:26" hostname="fv-az1234-650" time="0.388">
  <properties/>
  <testcase name="testgetRulesByParentFireOnReturnsNullWhenConditionOfCachedRuleOnSameHostIsDeleted" classname="com.dotmarketing.portlets.rules.business.RulesCacheFTest" time="0.065"/>
  <testcase name="testgetRulesByParentFireOnReturnsNullWhenConditionValueOfCachedRuleOnSameHostIsDeleted" classname="com.dotmarketing.portlets.rules.business.RulesCacheFTest" time="0.1"/>
  <testcase name="testgetRulesByParentFireOnReturnsNullWhenConditionGroupOfCachedRuleOnSameHostIsUpdated" classname="com.dotmarketing.portlets.rules.business.RulesCacheFTest" time="0.026"/>
  <testcase name="testgetRulesByParentFireOnReturnsNullWhenConditionsOfCachedRuleOnSameHostAreDeletedByGroup" classname="com.dotmarketing.portlets.rules.business.RulesCacheFTest" time="0.034"/>
  <testcase name="testgetRulesByParentFireOnReturnsNullWhenConditionOfCachedRuleOnSameHostIsUpdated" classname="com.dotmarketing.portlets.rules.business.RulesCacheFTest" time="0.032"/>
  <testcase name="testgetRulesByParentFireOnReturnsNullWhenConditionValuesOfCachedRuleOnSameHostIsDeleted" classname="com.dotmarketing.portlets.rules.business.RulesCacheFTest" time="0.037"/>
  <testcase name="testgetRulesByParentFireOnReturnsNullWhenCachedRuleOnSameHostIsUpdated" classname="com.dotmarketing.portlets.rules.business.RulesCacheFTest" time="0.039"/>
  <testcase name="testgetRulesByParentFireOnReturnsNullWhenConditionValueOfCachedRuleOnSameHostIsUpdated" classname="com.dotmarketing.portlets.rules.business.RulesCacheFTest" time="0.032"/>
  <testcase name="testgetRulesByParentFireOnReturnsNullWhenConditionGroupOfCachedRuleOnSameHostIsDeleted" classname="com.dotmarketing.portlets.rules.business.RulesCacheFTest" time="0.017"/>
  <system-out><![CDATA[]]></system-out>
  <system-err><![CDATA[]]></system-err>
</testsuite>
