<?xml version="1.0" encoding="UTF-8"?>
<testsuite name="com.dotmarketing.portlets.structure.model.ContentletRelationshipsTest" tests="7" skipped="0" failures="0" errors="0" timestamp="2023-07-12T18:42:47" hostname="fv-az358-82" time="8.455">
  <properties/>
  <testcase name="testDoesAllowOnlyOne[0: com.dotmarketing.portlets.structure.model.ContentletRelationshipsTest$CardinalityTestCase@101187c7]" classname="com.dotmarketing.portlets.structure.model.ContentletRelationshipsTest" time="0.432"/>
  <testcase name="testDoesAllowOnlyOne[1: com.dotmarketing.portlets.structure.model.ContentletRelationshipsTest$CardinalityTestCase@40da5136]" classname="com.dotmarketing.portlets.structure.model.ContentletRelationshipsTest" time="0.401"/>
  <testcase name="testDoesAllowOnlyOne[2: com.dotmarketing.portlets.structure.model.ContentletRelationshipsTest$CardinalityTestCase@2299553]" classname="com.dotmarketing.portlets.structure.model.ContentletRelationshipsTest" time="0.416"/>
  <testcase name="testGetRelationshipRecords[0: com.dotmarketing.portlets.structure.model.ContentletRelationshipsTest$TestCase@426265d7]" classname="com.dotmarketing.portlets.structure.model.ContentletRelationshipsTest" time="1.867"/>
  <testcase name="testGetRelationshipRecords[1: com.dotmarketing.portlets.structure.model.ContentletRelationshipsTest$TestCase@5e51ede3]" classname="com.dotmarketing.portlets.structure.model.ContentletRelationshipsTest" time="1.86"/>
  <testcase name="testGetRelationshipRecords[2: com.dotmarketing.portlets.structure.model.ContentletRelationshipsTest$TestCase@4c1044fe]" classname="com.dotmarketing.portlets.structure.model.ContentletRelationshipsTest" time="1.746"/>
  <testcase name="testGetRelationshipRecords[3: com.dotmarketing.portlets.structure.model.ContentletRelationshipsTest$TestCase@2ddd322]" classname="com.dotmarketing.portlets.structure.model.ContentletRelationshipsTest" time="1.733"/>
  <system-out><![CDATA[]]></system-out>
  <system-err><![CDATA[]]></system-err>
</testsuite>
