<?xml version="1.0" encoding="UTF-8"?>
<testsuite name="com.dotmarketing.portlets.contentlet.business.ContentletCacheImplTest" tests="1" skipped="0" failures="0" errors="0" timestamp="2023-07-06T21:57:51" hostname="fv-az440-292" time="1.284">
  <properties/>
  <testcase name="test_cache_does_not_get_dirty" classname="com.dotmarketing.portlets.contentlet.business.ContentletCacheImplTest" time="1.284"/>
  <system-out><![CDATA[]]></system-out>
  <system-err><![CDATA[]]></system-err>
</testsuite>
