<?xml version="1.0" encoding="UTF-8"?>
<testsuite name="com.dotcms.rendering.velocity.viewtools.content.util.ContentUtilsTest" tests="89" skipped="0" failures="0" errors="0" timestamp="2023-06-26T16:27:25" hostname="fv-az422-943" time="395.48">
  <properties/>
  <testcase name="whenTheTimeMachineDateIsNullAndPublishDateInFutureShouldNotReturnAnything" classname="com.dotcms.rendering.velocity.viewtools.content.util.ContentUtilsTest" time="2.963"/>
  <testcase name="test_find_multilingual_contentlet_getContentletSuccessfully" classname="com.dotcms.rendering.velocity.viewtools.content.util.ContentUtilsTest" time="2.187"/>
  <testcase name="whenTheTimeMachineDateAndPublishDateAreTomorrowShouldReturnOneContent" classname="com.dotcms.rendering.velocity.viewtools.content.util.ContentUtilsTest" time="2.918"/>
  <testcase name="testPullRelated[0: com.dotcms.rendering.velocity.viewtools.content.util.ContentUtilsTest$TestCase@56cb8273]" classname="com.dotcms.rendering.velocity.viewtools.content.util.ContentUtilsTest" time="3.659"/>
  <testcase name="testPullRelated[1: com.dotcms.rendering.velocity.viewtools.content.util.ContentUtilsTest$TestCase@4bf26d2a]" classname="com.dotcms.rendering.velocity.viewtools.content.util.ContentUtilsTest" time="3.924"/>
  <testcase name="testPullRelated[2: com.dotcms.rendering.velocity.viewtools.content.util.ContentUtilsTest$TestCase@a71c2d3]" classname="com.dotcms.rendering.velocity.viewtools.content.util.ContentUtilsTest" time="3.193"/>
  <testcase name="testPullRelated[3: com.dotcms.rendering.velocity.viewtools.content.util.ContentUtilsTest$TestCase@1fd3baaa]" classname="com.dotcms.rendering.velocity.viewtools.content.util.ContentUtilsTest" time="3.887"/>
  <testcase name="testPullRelated[4: com.dotcms.rendering.velocity.viewtools.content.util.ContentUtilsTest$TestCase@15817b39]" classname="com.dotcms.rendering.velocity.viewtools.content.util.ContentUtilsTest" time="4.088"/>
  <testcase name="testPullRelated[5: com.dotcms.rendering.velocity.viewtools.content.util.ContentUtilsTest$TestCase@4d42cf9e]" classname="com.dotcms.rendering.velocity.viewtools.content.util.ContentUtilsTest" time="3.914"/>
  <testcase name="testPullRelated[6: com.dotcms.rendering.velocity.viewtools.content.util.ContentUtilsTest$TestCase@49a1ebbf]" classname="com.dotcms.rendering.velocity.viewtools.content.util.ContentUtilsTest" time="4.231"/>
  <testcase name="testPullRelated[7: com.dotcms.rendering.velocity.viewtools.content.util.ContentUtilsTest$TestCase@4b250ecb]" classname="com.dotcms.rendering.velocity.viewtools.content.util.ContentUtilsTest" time="4.062"/>
  <testcase name="testPullRelated[8: com.dotcms.rendering.velocity.viewtools.content.util.ContentUtilsTest$TestCase@55e3fc25]" classname="com.dotcms.rendering.velocity.viewtools.content.util.ContentUtilsTest" time="3.944"/>
  <testcase name="testPullRelated[9: com.dotcms.rendering.velocity.viewtools.content.util.ContentUtilsTest$TestCase@e06f738]" classname="com.dotcms.rendering.velocity.viewtools.content.util.ContentUtilsTest" time="3.861"/>
  <testcase name="testPullRelated[10: com.dotcms.rendering.velocity.viewtools.content.util.ContentUtilsTest$TestCase@48bc0954]" classname="com.dotcms.rendering.velocity.viewtools.content.util.ContentUtilsTest" time="4.234"/>
  <testcase name="testPullRelated[11: com.dotcms.rendering.velocity.viewtools.content.util.ContentUtilsTest$TestCase@2b0c15de]" classname="com.dotcms.rendering.velocity.viewtools.content.util.ContentUtilsTest" time="4.114"/>
  <testcase name="testPullRelated[12: com.dotcms.rendering.velocity.viewtools.content.util.ContentUtilsTest$TestCase@6144c64e]" classname="com.dotcms.rendering.velocity.viewtools.content.util.ContentUtilsTest" time="3.832"/>
  <testcase name="testPullRelated[13: com.dotcms.rendering.velocity.viewtools.content.util.ContentUtilsTest$TestCase@58424269]" classname="com.dotcms.rendering.velocity.viewtools.content.util.ContentUtilsTest" time="4.25"/>
  <testcase name="testPullRelated[14: com.dotcms.rendering.velocity.viewtools.content.util.ContentUtilsTest$TestCase@709c069c]" classname="com.dotcms.rendering.velocity.viewtools.content.util.ContentUtilsTest" time="4.06"/>
  <testcase name="testPullRelated[15: com.dotcms.rendering.velocity.viewtools.content.util.ContentUtilsTest$TestCase@3b755fb4]" classname="com.dotcms.rendering.velocity.viewtools.content.util.ContentUtilsTest" time="4.081"/>
  <testcase name="testPullRelated[16: com.dotcms.rendering.velocity.viewtools.content.util.ContentUtilsTest$TestCase@7c448822]" classname="com.dotcms.rendering.velocity.viewtools.content.util.ContentUtilsTest" time="2.86"/>
  <testcase name="testPullRelated[17: com.dotcms.rendering.velocity.viewtools.content.util.ContentUtilsTest$TestCase@36dfccc9]" classname="com.dotcms.rendering.velocity.viewtools.content.util.ContentUtilsTest" time="3.02"/>
  <testcase name="testPullRelated[18: com.dotcms.rendering.velocity.viewtools.content.util.ContentUtilsTest$TestCase@26678468]" classname="com.dotcms.rendering.velocity.viewtools.content.util.ContentUtilsTest" time="4.045"/>
  <testcase name="testPullRelated[19: com.dotcms.rendering.velocity.viewtools.content.util.ContentUtilsTest$TestCase@37fef7ef]" classname="com.dotcms.rendering.velocity.viewtools.content.util.ContentUtilsTest" time="4.356"/>
  <testcase name="testPullRelated[20: com.dotcms.rendering.velocity.viewtools.content.util.ContentUtilsTest$TestCase@6f236caa]" classname="com.dotcms.rendering.velocity.viewtools.content.util.ContentUtilsTest" time="2.761"/>
  <testcase name="testPullRelated[21: com.dotcms.rendering.velocity.viewtools.content.util.ContentUtilsTest$TestCase@27524c03]" classname="com.dotcms.rendering.velocity.viewtools.content.util.ContentUtilsTest" time="3.915"/>
  <testcase name="testPullRelated[22: com.dotcms.rendering.velocity.viewtools.content.util.ContentUtilsTest$TestCase@3d0cc845]" classname="com.dotcms.rendering.velocity.viewtools.content.util.ContentUtilsTest" time="3.159"/>
  <testcase name="testPullRelated[23: com.dotcms.rendering.velocity.viewtools.content.util.ContentUtilsTest$TestCase@7d8d0184]" classname="com.dotcms.rendering.velocity.viewtools.content.util.ContentUtilsTest" time="3.947"/>
  <testcase name="testPullRelated[24: com.dotcms.rendering.velocity.viewtools.content.util.ContentUtilsTest$TestCase@93f64a3]" classname="com.dotcms.rendering.velocity.viewtools.content.util.ContentUtilsTest" time="3.173"/>
  <testcase name="testPullRelated[25: com.dotcms.rendering.velocity.viewtools.content.util.ContentUtilsTest$TestCase@3cb803d3]" classname="com.dotcms.rendering.velocity.viewtools.content.util.ContentUtilsTest" time="3.858"/>
  <testcase name="testPullRelated[26: com.dotcms.rendering.velocity.viewtools.content.util.ContentUtilsTest$TestCase@67adbae1]" classname="com.dotcms.rendering.velocity.viewtools.content.util.ContentUtilsTest" time="3.293"/>
  <testcase name="testPullRelated[27: com.dotcms.rendering.velocity.viewtools.content.util.ContentUtilsTest$TestCase@72b906b1]" classname="com.dotcms.rendering.velocity.viewtools.content.util.ContentUtilsTest" time="3.897"/>
  <testcase name="testPullRelated[28: com.dotcms.rendering.velocity.viewtools.content.util.ContentUtilsTest$TestCase@516e39]" classname="com.dotcms.rendering.velocity.viewtools.content.util.ContentUtilsTest" time="3.215"/>
  <testcase name="testPullRelated[29: com.dotcms.rendering.velocity.viewtools.content.util.ContentUtilsTest$TestCase@7c8b437b]" classname="com.dotcms.rendering.velocity.viewtools.content.util.ContentUtilsTest" time="3.864"/>
  <testcase name="testPullRelated[30: com.dotcms.rendering.velocity.viewtools.content.util.ContentUtilsTest$TestCase@767b94b9]" classname="com.dotcms.rendering.velocity.viewtools.content.util.ContentUtilsTest" time="3.159"/>
  <testcase name="testPullRelated[31: com.dotcms.rendering.velocity.viewtools.content.util.ContentUtilsTest$TestCase@4c4d9849]" classname="com.dotcms.rendering.velocity.viewtools.content.util.ContentUtilsTest" time="3.972"/>
  <testcase name="testPullRelated[32: com.dotcms.rendering.velocity.viewtools.content.util.ContentUtilsTest$TestCase@4766075f]" classname="com.dotcms.rendering.velocity.viewtools.content.util.ContentUtilsTest" time="3.123"/>
  <testcase name="testPullRelated[33: com.dotcms.rendering.velocity.viewtools.content.util.ContentUtilsTest$TestCase@61501453]" classname="com.dotcms.rendering.velocity.viewtools.content.util.ContentUtilsTest" time="3.975"/>
  <testcase name="testPullRelated[34: com.dotcms.rendering.velocity.viewtools.content.util.ContentUtilsTest$TestCase@4b249a9c]" classname="com.dotcms.rendering.velocity.viewtools.content.util.ContentUtilsTest" time="4.036"/>
  <testcase name="testPullRelated[35: com.dotcms.rendering.velocity.viewtools.content.util.ContentUtilsTest$TestCase@6b0bdc61]" classname="com.dotcms.rendering.velocity.viewtools.content.util.ContentUtilsTest" time="4.111"/>
  <testcase name="testPullRelated[36: com.dotcms.rendering.velocity.viewtools.content.util.ContentUtilsTest$TestCase@1ca072a0]" classname="com.dotcms.rendering.velocity.viewtools.content.util.ContentUtilsTest" time="6.215"/>
  <testcase name="testPullRelated[37: com.dotcms.rendering.velocity.viewtools.content.util.ContentUtilsTest$TestCase@7db31feb]" classname="com.dotcms.rendering.velocity.viewtools.content.util.ContentUtilsTest" time="5.75"/>
  <testcase name="testPullRelated[38: com.dotcms.rendering.velocity.viewtools.content.util.ContentUtilsTest$TestCase@12ac9abb]" classname="com.dotcms.rendering.velocity.viewtools.content.util.ContentUtilsTest" time="5.352"/>
  <testcase name="testPullRelated[39: com.dotcms.rendering.velocity.viewtools.content.util.ContentUtilsTest$TestCase@2771b45b]" classname="com.dotcms.rendering.velocity.viewtools.content.util.ContentUtilsTest" time="6.048"/>
  <testcase name="testPullRelated[40: com.dotcms.rendering.velocity.viewtools.content.util.ContentUtilsTest$TestCase@38dbe767]" classname="com.dotcms.rendering.velocity.viewtools.content.util.ContentUtilsTest" time="6.229"/>
  <testcase name="testPullRelated[41: com.dotcms.rendering.velocity.viewtools.content.util.ContentUtilsTest$TestCase@5d72ebd0]" classname="com.dotcms.rendering.velocity.viewtools.content.util.ContentUtilsTest" time="5.804"/>
  <testcase name="testPullRelated[42: com.dotcms.rendering.velocity.viewtools.content.util.ContentUtilsTest$TestCase@2bfdcb87]" classname="com.dotcms.rendering.velocity.viewtools.content.util.ContentUtilsTest" time="6.466"/>
  <testcase name="testPullRelated[43: com.dotcms.rendering.velocity.viewtools.content.util.ContentUtilsTest$TestCase@10471cf]" classname="com.dotcms.rendering.velocity.viewtools.content.util.ContentUtilsTest" time="6.031"/>
  <testcase name="testPullRelated[44: com.dotcms.rendering.velocity.viewtools.content.util.ContentUtilsTest$TestCase@66034e57]" classname="com.dotcms.rendering.velocity.viewtools.content.util.ContentUtilsTest" time="5.888"/>
  <testcase name="testPullRelated[45: com.dotcms.rendering.velocity.viewtools.content.util.ContentUtilsTest$TestCase@2c65152c]" classname="com.dotcms.rendering.velocity.viewtools.content.util.ContentUtilsTest" time="6.004"/>
  <testcase name="testPullRelated[46: com.dotcms.rendering.velocity.viewtools.content.util.ContentUtilsTest$TestCase@690152d4]" classname="com.dotcms.rendering.velocity.viewtools.content.util.ContentUtilsTest" time="6.242"/>
  <testcase name="testPullRelated[47: com.dotcms.rendering.velocity.viewtools.content.util.ContentUtilsTest$TestCase@4ba9dc32]" classname="com.dotcms.rendering.velocity.viewtools.content.util.ContentUtilsTest" time="4.965"/>
  <testcase name="testPullRelated[48: com.dotcms.rendering.velocity.viewtools.content.util.ContentUtilsTest$TestCase@372452e6]" classname="com.dotcms.rendering.velocity.viewtools.content.util.ContentUtilsTest" time="6.144"/>
  <testcase name="testPullRelated[49: com.dotcms.rendering.velocity.viewtools.content.util.ContentUtilsTest$TestCase@336cfd5b]" classname="com.dotcms.rendering.velocity.viewtools.content.util.ContentUtilsTest" time="5.892"/>
  <testcase name="testPullRelated[50: com.dotcms.rendering.velocity.viewtools.content.util.ContentUtilsTest$TestCase@50989e10]" classname="com.dotcms.rendering.velocity.viewtools.content.util.ContentUtilsTest" time="6.23"/>
  <testcase name="testPullRelated[51: com.dotcms.rendering.velocity.viewtools.content.util.ContentUtilsTest$TestCase@55d5907d]" classname="com.dotcms.rendering.velocity.viewtools.content.util.ContentUtilsTest" time="6.227"/>
  <testcase name="testPullRelated[52: com.dotcms.rendering.velocity.viewtools.content.util.ContentUtilsTest$TestCase@40f34b43]" classname="com.dotcms.rendering.velocity.viewtools.content.util.ContentUtilsTest" time="6.035"/>
  <testcase name="testPullRelated[53: com.dotcms.rendering.velocity.viewtools.content.util.ContentUtilsTest$TestCase@1421f023]" classname="com.dotcms.rendering.velocity.viewtools.content.util.ContentUtilsTest" time="4.877"/>
  <testcase name="testPullRelated[54: com.dotcms.rendering.velocity.viewtools.content.util.ContentUtilsTest$TestCase@dd94a9]" classname="com.dotcms.rendering.velocity.viewtools.content.util.ContentUtilsTest" time="6.186"/>
  <testcase name="testPullRelated[55: com.dotcms.rendering.velocity.viewtools.content.util.ContentUtilsTest$TestCase@7972bab7]" classname="com.dotcms.rendering.velocity.viewtools.content.util.ContentUtilsTest" time="6.122"/>
  <testcase name="testPullRelated[56: com.dotcms.rendering.velocity.viewtools.content.util.ContentUtilsTest$TestCase@23815f89]" classname="com.dotcms.rendering.velocity.viewtools.content.util.ContentUtilsTest" time="5.967"/>
  <testcase name="testPullRelated[57: com.dotcms.rendering.velocity.viewtools.content.util.ContentUtilsTest$TestCase@38ba0332]" classname="com.dotcms.rendering.velocity.viewtools.content.util.ContentUtilsTest" time="5.927"/>
  <testcase name="testPullRelated[58: com.dotcms.rendering.velocity.viewtools.content.util.ContentUtilsTest$TestCase@542ea050]" classname="com.dotcms.rendering.velocity.viewtools.content.util.ContentUtilsTest" time="6.274"/>
  <testcase name="testPullRelated[59: com.dotcms.rendering.velocity.viewtools.content.util.ContentUtilsTest$TestCase@38e51f60]" classname="com.dotcms.rendering.velocity.viewtools.content.util.ContentUtilsTest" time="6.11"/>
  <testcase name="testPullRelated[60: com.dotcms.rendering.velocity.viewtools.content.util.ContentUtilsTest$TestCase@113162e2]" classname="com.dotcms.rendering.velocity.viewtools.content.util.ContentUtilsTest" time="5.917"/>
  <testcase name="testPullRelated[61: com.dotcms.rendering.velocity.viewtools.content.util.ContentUtilsTest$TestCase@797a5065]" classname="com.dotcms.rendering.velocity.viewtools.content.util.ContentUtilsTest" time="6.158"/>
  <testcase name="testPullRelated[62: com.dotcms.rendering.velocity.viewtools.content.util.ContentUtilsTest$TestCase@58f7433a]" classname="com.dotcms.rendering.velocity.viewtools.content.util.ContentUtilsTest" time="6.23"/>
  <testcase name="testPullRelated[63: com.dotcms.rendering.velocity.viewtools.content.util.ContentUtilsTest$TestCase@4879495b]" classname="com.dotcms.rendering.velocity.viewtools.content.util.ContentUtilsTest" time="5.894"/>
  <testcase name="testPullRelated[64: com.dotcms.rendering.velocity.viewtools.content.util.ContentUtilsTest$TestCase@52c504c4]" classname="com.dotcms.rendering.velocity.viewtools.content.util.ContentUtilsTest" time="6.231"/>
  <testcase name="testPullRelated[65: com.dotcms.rendering.velocity.viewtools.content.util.ContentUtilsTest$TestCase@79178f81]" classname="com.dotcms.rendering.velocity.viewtools.content.util.ContentUtilsTest" time="5.98"/>
  <testcase name="testPullRelated[66: com.dotcms.rendering.velocity.viewtools.content.util.ContentUtilsTest$TestCase@1b1bfd0a]" classname="com.dotcms.rendering.velocity.viewtools.content.util.ContentUtilsTest" time="6.129"/>
  <testcase name="testPullRelated[67: com.dotcms.rendering.velocity.viewtools.content.util.ContentUtilsTest$TestCase@192a4ca3]" classname="com.dotcms.rendering.velocity.viewtools.content.util.ContentUtilsTest" time="6.148"/>
  <testcase name="testPullRelated[68: com.dotcms.rendering.velocity.viewtools.content.util.ContentUtilsTest$TestCase@63b39866]" classname="com.dotcms.rendering.velocity.viewtools.content.util.ContentUtilsTest" time="6.098"/>
  <testcase name="testPullRelated[69: com.dotcms.rendering.velocity.viewtools.content.util.ContentUtilsTest$TestCase@261d6816]" classname="com.dotcms.rendering.velocity.viewtools.content.util.ContentUtilsTest" time="4.841"/>
  <testcase name="testPullRelated[70: com.dotcms.rendering.velocity.viewtools.content.util.ContentUtilsTest$TestCase@62aa3272]" classname="com.dotcms.rendering.velocity.viewtools.content.util.ContentUtilsTest" time="6.234"/>
  <testcase name="testPullRelated[71: com.dotcms.rendering.velocity.viewtools.content.util.ContentUtilsTest$TestCase@292e25d0]" classname="com.dotcms.rendering.velocity.viewtools.content.util.ContentUtilsTest" time="6.187"/>
  <testcase name="whenPublishAndExpireDatesAreInTheFutureAndTimeMachineIsAfterBoth" classname="com.dotcms.rendering.velocity.viewtools.content.util.ContentUtilsTest" time="3.064"/>
  <testcase name="testPullRelatedForLegacyRelationship[0: com.dotcms.rendering.velocity.viewtools.content.util.ContentUtilsTest$LegacyTestCase@5621e83b]" classname="com.dotcms.rendering.velocity.viewtools.content.util.ContentUtilsTest" time="4.553"/>
  <testcase name="testPullRelatedForLegacyRelationship[1: com.dotcms.rendering.velocity.viewtools.content.util.ContentUtilsTest$LegacyTestCase@1bb17731]" classname="com.dotcms.rendering.velocity.viewtools.content.util.ContentUtilsTest" time="4.002"/>
  <testcase name="whenTheTimeMachineDateIsAfterTomorrowAndExpireDateIsTomorrowShouldNotReturnContent" classname="com.dotcms.rendering.velocity.viewtools.content.util.ContentUtilsTest" time="2.976"/>
  <testcase name="testPullLiveRelatedWhenLatestVersionIsWorking" classname="com.dotcms.rendering.velocity.viewtools.content.util.ContentUtilsTest" time="3.693"/>
  <testcase name="test_add_relationships_on_parent_children_related_contents" classname="com.dotcms.rendering.velocity.viewtools.content.util.ContentUtilsTest" time="1.499"/>
  <testcase name="testSortPullRelated[0: com.dotcms.rendering.velocity.viewtools.content.util.ContentUtilsTest$SortTestCase@28bbef97]" classname="com.dotcms.rendering.velocity.viewtools.content.util.ContentUtilsTest" time="1.58"/>
  <testcase name="testSortPullRelated[1: com.dotcms.rendering.velocity.viewtools.content.util.ContentUtilsTest$SortTestCase@70634ff5]" classname="com.dotcms.rendering.velocity.viewtools.content.util.ContentUtilsTest" time="1.558"/>
  <testcase name="testSortPullRelated[2: com.dotcms.rendering.velocity.viewtools.content.util.ContentUtilsTest$SortTestCase@29da01f2]" classname="com.dotcms.rendering.velocity.viewtools.content.util.ContentUtilsTest" time="1.545"/>
  <testcase name="testSortPullRelated[3: com.dotcms.rendering.velocity.viewtools.content.util.ContentUtilsTest$SortTestCase@3942f307]" classname="com.dotcms.rendering.velocity.viewtools.content.util.ContentUtilsTest" time="2.396"/>
  <testcase name="testSortPullRelated[4: com.dotcms.rendering.velocity.viewtools.content.util.ContentUtilsTest$SortTestCase@4e7274ef]" classname="com.dotcms.rendering.velocity.viewtools.content.util.ContentUtilsTest" time="2.459"/>
  <testcase name="testSortPullRelated[5: com.dotcms.rendering.velocity.viewtools.content.util.ContentUtilsTest$SortTestCase@24848633]" classname="com.dotcms.rendering.velocity.viewtools.content.util.ContentUtilsTest" time="2.614"/>
  <testcase name="whenTheTimeMachineDateIsAfterTomorrowAndExpireDateIsInFutureShouldReturnContent" classname="com.dotcms.rendering.velocity.viewtools.content.util.ContentUtilsTest" time="3.087"/>
  <testcase name="testPullRelatedFieldShouldRespectDefaultOrder" classname="com.dotcms.rendering.velocity.viewtools.content.util.ContentUtilsTest" time="2.27"/>
  <system-out><![CDATA[]]></system-out>
  <system-err><![CDATA[]]></system-err>
</testsuite>
