<?xml version="1.0" encoding="UTF-8"?>
<testsuite name="com.dotcms.rest.TagResourceIntegrationTest" tests="4" skipped="0" failures="0" errors="0" timestamp="2023-06-29T02:03:51" hostname="fv-az445-202" time="0.229">
  <properties/>
  <testcase name="testList[0: com.dotcms.rest.TagResourceTestCase@186b2118]" classname="com.dotcms.rest.TagResourceIntegrationTest" time="0.181"/>
  <testcase name="testList[1: com.dotcms.rest.TagResourceTestCase@3c064ae4]" classname="com.dotcms.rest.TagResourceIntegrationTest" time="0.018"/>
  <testcase name="testList[2: com.dotcms.rest.TagResourceTestCase@78bfd684]" classname="com.dotcms.rest.TagResourceIntegrationTest" time="0.014"/>
  <testcase name="testList[3: com.dotcms.rest.TagResourceTestCase@65ea6884]" classname="com.dotcms.rest.TagResourceIntegrationTest" time="0.016"/>
  <system-out><![CDATA[]]></system-out>
  <system-err><![CDATA[Jun 29, 2023 2:03:51 AM com.dotcms.repackage.org.hibernate.validator.internal.util.Version <clinit>
INFO: HV000001: Hibernate Validator 4.3.2.Final
]]></system-err>
</testsuite>
