<?xml version="1.0" encoding="UTF-8"?>
<testsuite name="com.dotmarketing.startup.runonce.Task201102UpdateColumnSitelicTableTest" tests="1" skipped="0" failures="0" errors="0" timestamp="2023-06-29T00:00:26" hostname="fv-az955-446" time="0.028">
  <properties/>
  <testcase name="Test_Upgrade_Task" classname="com.dotmarketing.startup.runonce.Task201102UpdateColumnSitelicTableTest" time="0.028"/>
  <system-out><![CDATA[]]></system-out>
  <system-err><![CDATA[]]></system-err>
</testsuite>
