<?xml version="1.0" encoding="UTF-8"?>
<testsuite name="com.dotcms.contenttype.test.ContentTypeImportExportTest" tests="1" skipped="0" failures="0" errors="0" timestamp="2023-07-19T06:14:12" hostname="fv-az1231-779" time="6.435">
  <properties/>
  <testcase name="testExport" classname="com.dotcms.contenttype.test.ContentTypeImportExportTest" time="6.435"/>
  <system-out><![CDATA[



]]></system-out>
  <system-err><![CDATA[]]></system-err>
</testsuite>
