<?xml version="1.0" encoding="UTF-8"?>
<testsuite name="com.dotmarketing.startup.runonce.Task201014UpdateColumnsValuesInIdentifierTableTest" tests="1" skipped="0" failures="0" errors="0" timestamp="2023-06-26T15:27:43" hostname="fv-az413-549" time="0.798">
  <properties/>
  <testcase name="test_upgradeTask_success" classname="com.dotmarketing.startup.runonce.Task201014UpdateColumnsValuesInIdentifierTableTest" time="0.798"/>
  <system-out><![CDATA[]]></system-out>
  <system-err><![CDATA[]]></system-err>
</testsuite>
