<?xml version="1.0" encoding="UTF-8"?>
<testsuite name="com.dotcms.rest.TagResourceIntegrationTest" tests="4" skipped="0" failures="0" errors="0" timestamp="2023-07-18T16:40:57" hostname="fv-az370-360" time="0.24">
  <properties/>
  <testcase name="testList[0: com.dotcms.rest.TagResourceTestCase@b71d055]" classname="com.dotcms.rest.TagResourceIntegrationTest" time="0.189"/>
  <testcase name="testList[1: com.dotcms.rest.TagResourceTestCase@76461d52]" classname="com.dotcms.rest.TagResourceIntegrationTest" time="0.02"/>
  <testcase name="testList[2: com.dotcms.rest.TagResourceTestCase@12d95d87]" classname="com.dotcms.rest.TagResourceIntegrationTest" time="0.015"/>
  <testcase name="testList[3: com.dotcms.rest.TagResourceTestCase@14f14aac]" classname="com.dotcms.rest.TagResourceIntegrationTest" time="0.016"/>
  <system-out><![CDATA[]]></system-out>
  <system-err><![CDATA[Jul 18, 2023 4:40:57 PM com.dotcms.repackage.org.hibernate.validator.internal.util.Version <clinit>
INFO: HV000001: Hibernate Validator 4.3.2.Final
]]></system-err>
</testsuite>
