<?xml version="1.0" encoding="UTF-8"?>
<testsuite name="com.dotmarketing.portlets.structure.model.ContentletRelationshipsTest" tests="7" skipped="0" failures="0" errors="0" timestamp="2023-07-17T17:46:15" hostname="fv-az244-731" time="8.258">
  <properties/>
  <testcase name="testDoesAllowOnlyOne[0: com.dotmarketing.portlets.structure.model.ContentletRelationshipsTest$CardinalityTestCase@67d21f84]" classname="com.dotmarketing.portlets.structure.model.ContentletRelationshipsTest" time="0.405"/>
  <testcase name="testDoesAllowOnlyOne[1: com.dotmarketing.portlets.structure.model.ContentletRelationshipsTest$CardinalityTestCase@17ab14e8]" classname="com.dotmarketing.portlets.structure.model.ContentletRelationshipsTest" time="0.403"/>
  <testcase name="testDoesAllowOnlyOne[2: com.dotmarketing.portlets.structure.model.ContentletRelationshipsTest$CardinalityTestCase@54771bc4]" classname="com.dotmarketing.portlets.structure.model.ContentletRelationshipsTest" time="0.383"/>
  <testcase name="testGetRelationshipRecords[0: com.dotmarketing.portlets.structure.model.ContentletRelationshipsTest$TestCase@4e65bb24]" classname="com.dotmarketing.portlets.structure.model.ContentletRelationshipsTest" time="1.831"/>
  <testcase name="testGetRelationshipRecords[1: com.dotmarketing.portlets.structure.model.ContentletRelationshipsTest$TestCase@393ca353]" classname="com.dotmarketing.portlets.structure.model.ContentletRelationshipsTest" time="1.871"/>
  <testcase name="testGetRelationshipRecords[2: com.dotmarketing.portlets.structure.model.ContentletRelationshipsTest$TestCase@76fffcc8]" classname="com.dotmarketing.portlets.structure.model.ContentletRelationshipsTest" time="1.673"/>
  <testcase name="testGetRelationshipRecords[3: com.dotmarketing.portlets.structure.model.ContentletRelationshipsTest$TestCase@1aba70e8]" classname="com.dotmarketing.portlets.structure.model.ContentletRelationshipsTest" time="1.691"/>
  <system-out><![CDATA[]]></system-out>
  <system-err><![CDATA[]]></system-err>
</testsuite>
