<?xml version="1.0" encoding="UTF-8"?>
<testsuite name="com.dotmarketing.business.DeterministicIdentifierAPITest" tests="16" skipped="0" failures="0" errors="0" timestamp="2023-07-12T00:29:30" hostname="fv-az461-329" time="1.451">
  <properties/>
  <testcase name="Test_Category_Path_Seed_And_Id" classname="com.dotmarketing.business.DeterministicIdentifierAPITest" time="0.022"/>
  <testcase name="Test_Language_Deterministic_Id[0: LanguageTestCase{expectedSeed='Language:es:US', expectedHash=4913155, langCode='es', countryCode='US', country='United States'}]" classname="com.dotmarketing.business.DeterministicIdentifierAPITest" time="0.001"/>
  <testcase name="Test_Language_Deterministic_Id[1: LanguageTestCase{expectedSeed='Language:ep:', expectedHash=5292269, langCode='ep', countryCode='', country=''}]" classname="com.dotmarketing.business.DeterministicIdentifierAPITest" time="0.001"/>
  <testcase name="Test_Language_Deterministic_Id[2: LanguageTestCase{expectedSeed='Language:sg:SAG', expectedHash=4713118, langCode='sg', countryCode='SAG', country=''}]" classname="com.dotmarketing.business.DeterministicIdentifierAPITest" time="0.001"/>
  <testcase name="Test_Language_Deterministic_Id[3: LanguageTestCase{expectedSeed='Language:en:NZ', expectedHash=5382528, langCode='en', countryCode='NZ', country='New Zealand'}]" classname="com.dotmarketing.business.DeterministicIdentifierAPITest" time="0.001"/>
  <testcase name="Test_Category_None_Persisted_Category_Should_Return_Deterministic_Id" classname="com.dotmarketing.business.DeterministicIdentifierAPITest" time="0.001"/>
  <testcase name="Test_Asset_Generate_Deterministic_Id_Best_Effort[0: TestCase{versionable=my.host1689121388454.com, parent=System Host, expectedName='my.host1689121388454.com', expectedType='Host'}]" classname="com.dotmarketing.business.DeterministicIdentifierAPITest" time="0.003"/>
  <testcase name="Test_Asset_Generate_Deterministic_Id_Best_Effort[1: TestCase{versionable=com.dotmarketing.portlets.contentlet.model.Contentlet@7e088564[map={modDate=2023-07-12 00:23:09.196, fileName=file9281210948327721490.txt, title=file9281210948327721490.txt, inode=f1469cc1-aedc-4dbc-83b6-1d1e0e205fec, __IS_NEW_CONTENT__=true, disabledWYSIWYG=[], host=d4b2b33f-ce89-48f6-a7b9-9053ea122286, stInode=33888b6f-7a8e-4069-b1b6-5c1aa9d0a48d, owner=system, identifier=8c2bf702-a534-4261-b6e6-5e1f4d445e9e, nullProperties=[wfExpireDate, wfPublishDate, wfActionAssign, wfActionId, wfActionComments, filterKey, whereToSend, wfNeverExpire, _path_to_move, timezoneId, iWantTo, wfPublishTime, wfExpireTime], languageId=1, fileAsset=/home/runner/work/core/custom/assets/f/1/f1469cc1-aedc-4dbc-83b6-1d1e0e205fec/fileAsset/file9281210948327721490.txt, folder=584a5411-ca5c-4261-a5d5-72499f9b5fa9, __disable_workflow__=true, sortOrder=0, modUser=system},lowIndexPriority=false,variantId=DEFAULT], parent=com.dotmarketing.portlets.folders.model.Folder@3fe24606[identifier=584a5411-ca5c-4261-a5d5-72499f9b5fa9,name=testName1689121389190,sortOrder=0,showOnMenu=false,hostId=d4b2b33f-ce89-48f6-a7b9-9053ea122286,type=folder,title=testTitle1689121389190,filesMasks=,defaultFileType=33888b6f-7a8e-4069-b1b6-5c1aa9d0a48d,modDate=2023-07-12 00:23:09.192,owner=&lt;null&gt;,iDate=2023-07-12 00:23:09.192,inode=584a5411-ca5c-4261-a5d5-72499f9b5fa9,path=/testName1689121389190/], expectedName='file9281210948327721490.txt', expectedType='FileAsset'}]" classname="com.dotmarketing.business.DeterministicIdentifierAPITest" time="0.002"/>
  <testcase name="Test_Asset_Generate_Deterministic_Id_Best_Effort[2: TestCase{versionable=com.dotmarketing.portlets.templates.model.Template@d3e4d684, parent=my.host1689121388454.com, expectedName='testTitle1689121389277', expectedType='Template'}]" classname="com.dotmarketing.business.DeterministicIdentifierAPITest" time="0.002"/>
  <testcase name="Test_Asset_Generate_Deterministic_Id_Best_Effort[3: TestCase{versionable=com.dotmarketing.portlets.htmlpageasset.model.HTMLPageAsset@72e4737a[map={template=3164d1ed-67d1-470a-a53e-19bc6db2cece, owner=system, identifier=a64e5d79-f781-4acb-9a5f-241b809c4518, nullProperties=[wfExpireDate, wfPublishDate, wfActionAssign, wfActionId, wfActionComments, filterKey, whereToSend, wfNeverExpire, _path_to_move, timezoneId, iWantTo, wfPublishTime, wfExpireTime], modDate=2023-07-12 00:23:09.289, cachettl=0, _is_test_mode=true, languageId=1, title=test-page-title-1689121389286, httpsreq=, url=test-page-url-1689121389286, showOnMenu=, inode=d5dfd26d-c7f7-47dc-a6b8-5265a06d113a, folder=584a5411-ca5c-4261-a5d5-72499f9b5fa9, disabledWYSIWYG=[], sortOrder=1, modUser=system, host=d4b2b33f-ce89-48f6-a7b9-9053ea122286, stInode=c541abb1-69b3-4bc5-8430-5e09e5239cc8, friendlyName=test-page-friendly-name-1689121389286},lowIndexPriority=false,variantId=DEFAULT], parent=com.dotmarketing.portlets.folders.model.Folder@3fe24606[identifier=584a5411-ca5c-4261-a5d5-72499f9b5fa9,name=testName1689121389190,sortOrder=0,showOnMenu=false,hostId=d4b2b33f-ce89-48f6-a7b9-9053ea122286,type=folder,title=testTitle1689121389190,filesMasks=,defaultFileType=33888b6f-7a8e-4069-b1b6-5c1aa9d0a48d,modDate=2023-07-12 00:23:09.192,owner=&lt;null&gt;,iDate=2023-07-12 00:23:09.192,inode=584a5411-ca5c-4261-a5d5-72499f9b5fa9,path=/testName1689121389190/], expectedName='test-page-url-1689121389286', expectedType='htmlpageasset'}]" classname="com.dotmarketing.business.DeterministicIdentifierAPITest" time="0.002"/>
  <testcase name="Test_Asset_Generate_Deterministic_Id_Best_Effort[4: TestCase{versionable=com.dotmarketing.portlets.contentlet.model.Contentlet@7a2963e6[map={fileAsset2=/home/runner/work/core/custom/assets/c/f/cf456efa-0c8a-4f28-90e9-dabe8522ee5f/fileAsset2/test_binary1689121390181.png, modDate=2023-07-12 00:23:10.185, fileAsset1=/home/runner/work/core/custom/assets/c/f/cf456efa-0c8a-4f28-90e9-dabe8522ee5f/fileAsset1/test_binary1689121390181.jpg, title=blah, inode=cf456efa-0c8a-4f28-90e9-dabe8522ee5f, __IS_NEW_CONTENT__=true, disabledWYSIWYG=[], host=48190c8c-42c4-46af-8d1a-0cd5db894797, stInode=bf5625bd-db60-4613-9de5-28143f5c8258, owner=system, identifier=c4879c90-a6b7-42b2-a06b-dc48e4b3fc5e, nullProperties=[], languageId=1, image1=5b46e5ad-d03d-4249-9c22-97695ee260e6, folder=SYSTEM_FOLDER, __disable_workflow__=true, sortOrder=0, modUser=system},lowIndexPriority=false,variantId=DEFAULT], parent=demo.dotcms.com, expectedName='test_binary1689121390181.jpg:test_binary1689121390181.png', expectedType='MultipleBinaries1689121389467'}]" classname="com.dotmarketing.business.DeterministicIdentifierAPITest" time="0.003"/>
  <testcase name="Test_Asset_Generate_Deterministic_Id_Best_Effort[5: TestCase{versionable=namede0d0a670d : keyTagde0d0a670d, parent=my.host1689121388454.com, expectedName='keyTagde0d0a670d', expectedType='persona'}]" classname="com.dotmarketing.business.DeterministicIdentifierAPITest" time="0.002"/>
  <testcase name="Test_Similar_Content_Type_Wont_Clash" classname="com.dotmarketing.business.DeterministicIdentifierAPITest" time="0.439"/>
  <testcase name="Test_Generate_Folder_Identifier" classname="com.dotmarketing.business.DeterministicIdentifierAPITest" time="0.962"/>
  <testcase name="Test_Generate_Content_Type_Identifier[0: ContentTypeTestCase{contentType=KeyValueContentType{name=Language Variable, id=f4d7c1b8-2c88-4071-abf1-a5328977b07d, description=Default Content Type for Language Variables, defaultType=false, fixed=true, iDate=Thu Aug 31 16:38:49 UTC 2017, system=true, versionable=true, variable=Languagevariable, modDate=Tue Jul 11 23:19:54 UTC 2023, host=SYSTEM_HOST, siteName=systemHost, icon=language, sortOrder=0, folder=SYSTEM_FOLDER, folderPath=/, markedForDeletion=true, multilingualable=false}, expectedName='Languagevariable', expectedType='KeyValue'}]" classname="com.dotmarketing.business.DeterministicIdentifierAPITest" time="0.004"/>
  <testcase name="Test_Generate_Content_Type_Identifier[1: ContentTypeTestCase{contentType=SimpleContentType{name=testName1689121390632, id=929d2315-2675-4826-9441-0168ac968e23, description=testDescription1689121390632, defaultType=false, fixed=false, iDate=Wed Jul 12 00:23:10 UTC 2023, system=false, versionable=true, multilingualable=false, variable=testVarname1689121390632, owner=system, modDate=Wed Jul 12 00:23:11 UTC 2023, host=48190c8c-42c4-46af-8d1a-0cd5db894797, siteName=demo.dotcms.com, icon=event_note, sortOrder=0, folder=SYSTEM_FOLDER, folderPath=/, requiredFields=[], markedForDeletion=false}, expectedName='testVarname1689121390632', expectedType='CONTENT'}]" classname="com.dotmarketing.business.DeterministicIdentifierAPITest" time="0.004"/>
  <system-out><![CDATA[]]></system-out>
  <system-err><![CDATA[]]></system-err>
</testsuite>
