<?xml version="1.0" encoding="UTF-8"?>
<testsuite name="com.dotmarketing.portlets.structure.model.ContentletRelationshipsTest" tests="7" skipped="0" failures="0" errors="0" timestamp="2023-06-23T23:34:45" hostname="fv-az254-300" time="10.918">
  <properties/>
  <testcase name="testDoesAllowOnlyOne[0: com.dotmarketing.portlets.structure.model.ContentletRelationshipsTest$CardinalityTestCase@4e240b24]" classname="com.dotmarketing.portlets.structure.model.ContentletRelationshipsTest" time="0.642"/>
  <testcase name="testDoesAllowOnlyOne[1: com.dotmarketing.portlets.structure.model.ContentletRelationshipsTest$CardinalityTestCase@4c1647e9]" classname="com.dotmarketing.portlets.structure.model.ContentletRelationshipsTest" time="0.637"/>
  <testcase name="testDoesAllowOnlyOne[2: com.dotmarketing.portlets.structure.model.ContentletRelationshipsTest$CardinalityTestCase@1be38691]" classname="com.dotmarketing.portlets.structure.model.ContentletRelationshipsTest" time="0.636"/>
  <testcase name="testGetRelationshipRecords[0: com.dotmarketing.portlets.structure.model.ContentletRelationshipsTest$TestCase@267c45ad]" classname="com.dotmarketing.portlets.structure.model.ContentletRelationshipsTest" time="2.442"/>
  <testcase name="testGetRelationshipRecords[1: com.dotmarketing.portlets.structure.model.ContentletRelationshipsTest$TestCase@48ef176d]" classname="com.dotmarketing.portlets.structure.model.ContentletRelationshipsTest" time="2.338"/>
  <testcase name="testGetRelationshipRecords[2: com.dotmarketing.portlets.structure.model.ContentletRelationshipsTest$TestCase@36382896]" classname="com.dotmarketing.portlets.structure.model.ContentletRelationshipsTest" time="2.122"/>
  <testcase name="testGetRelationshipRecords[3: com.dotmarketing.portlets.structure.model.ContentletRelationshipsTest$TestCase@31e8f7ce]" classname="com.dotmarketing.portlets.structure.model.ContentletRelationshipsTest" time="2.099"/>
  <system-out><![CDATA[]]></system-out>
  <system-err><![CDATA[]]></system-err>
</testsuite>
