<?xml version="1.0" encoding="UTF-8"?>
<testsuite name="com.dotcms.rest.api.v1.vtl.VTLResourceIntegrationTest" tests="6" skipped="0" failures="0" errors="0" timestamp="2023-06-30T18:12:05" hostname="fv-az247-376" time="12.016">
  <properties/>
  <testcase name="testGet[0: com.dotcms.rest.api.v1.vtl.VTLResourceTestCase@6e07d5cd]" classname="com.dotcms.rest.api.v1.vtl.VTLResourceIntegrationTest" time="2.15"/>
  <testcase name="testGet[1: com.dotcms.rest.api.v1.vtl.VTLResourceTestCase@7b9287aa]" classname="com.dotcms.rest.api.v1.vtl.VTLResourceIntegrationTest" time="1.862"/>
  <testcase name="testGet[2: com.dotcms.rest.api.v1.vtl.VTLResourceTestCase@15ef3e31]" classname="com.dotcms.rest.api.v1.vtl.VTLResourceIntegrationTest" time="2.028"/>
  <testcase name="testGet[3: com.dotcms.rest.api.v1.vtl.VTLResourceTestCase@7a11919]" classname="com.dotcms.rest.api.v1.vtl.VTLResourceIntegrationTest" time="2.256"/>
  <testcase name="testGet[4: com.dotcms.rest.api.v1.vtl.VTLResourceTestCase@57d80d9d]" classname="com.dotcms.rest.api.v1.vtl.VTLResourceIntegrationTest" time="1.725"/>
  <testcase name="testGet[5: com.dotcms.rest.api.v1.vtl.VTLResourceTestCase@38986f1b]" classname="com.dotcms.rest.api.v1.vtl.VTLResourceIntegrationTest" time="1.994"/>
  <system-out><![CDATA[]]></system-out>
  <system-err><![CDATA[]]></system-err>
</testsuite>
