<?xml version="1.0" encoding="UTF-8"?>
<testsuite name="com.dotmarketing.portlets.structure.model.ContentletRelationshipsTest" tests="7" skipped="0" failures="0" errors="0" timestamp="2023-07-19T03:48:37" hostname="fv-az365-508" time="6.992">
  <properties/>
  <testcase name="testDoesAllowOnlyOne[0: com.dotmarketing.portlets.structure.model.ContentletRelationshipsTest$CardinalityTestCase@6b268b00]" classname="com.dotmarketing.portlets.structure.model.ContentletRelationshipsTest" time="0.631"/>
  <testcase name="testDoesAllowOnlyOne[1: com.dotmarketing.portlets.structure.model.ContentletRelationshipsTest$CardinalityTestCase@269e3116]" classname="com.dotmarketing.portlets.structure.model.ContentletRelationshipsTest" time="0.615"/>
  <testcase name="testDoesAllowOnlyOne[2: com.dotmarketing.portlets.structure.model.ContentletRelationshipsTest$CardinalityTestCase@64ca3d88]" classname="com.dotmarketing.portlets.structure.model.ContentletRelationshipsTest" time="0.546"/>
  <testcase name="testGetRelationshipRecords[0: com.dotmarketing.portlets.structure.model.ContentletRelationshipsTest$TestCase@573537db]" classname="com.dotmarketing.portlets.structure.model.ContentletRelationshipsTest" time="1.142"/>
  <testcase name="testGetRelationshipRecords[1: com.dotmarketing.portlets.structure.model.ContentletRelationshipsTest$TestCase@894d8b6]" classname="com.dotmarketing.portlets.structure.model.ContentletRelationshipsTest" time="2.077"/>
  <testcase name="testGetRelationshipRecords[2: com.dotmarketing.portlets.structure.model.ContentletRelationshipsTest$TestCase@5f554e33]" classname="com.dotmarketing.portlets.structure.model.ContentletRelationshipsTest" time="0.984"/>
  <testcase name="testGetRelationshipRecords[3: com.dotmarketing.portlets.structure.model.ContentletRelationshipsTest$TestCase@6ac60e2c]" classname="com.dotmarketing.portlets.structure.model.ContentletRelationshipsTest" time="0.996"/>
  <system-out><![CDATA[]]></system-out>
  <system-err><![CDATA[]]></system-err>
</testsuite>
