<?xml version="1.0" encoding="UTF-8"?>
<testsuite name="com.dotcms.auth.providers.jwt.services.JsonWebTokenServiceIntegrationTest" tests="3" skipped="0" failures="0" errors="0" timestamp="2023-07-07T19:24:13" hostname="fv-az244-222" time="0.011">
  <properties/>
  <testcase name="generateTokenTest" classname="com.dotcms.auth.providers.jwt.services.JsonWebTokenServiceIntegrationTest" time="0.005"/>
  <testcase name="generateToken_incorrect_issuer" classname="com.dotcms.auth.providers.jwt.services.JsonWebTokenServiceIntegrationTest" time="0.002"/>
  <testcase name="generateToken_expired_token_Test" classname="com.dotcms.auth.providers.jwt.services.JsonWebTokenServiceIntegrationTest" time="0.004"/>
  <system-out><![CDATA[


]]></system-out>
  <system-err><![CDATA[]]></system-err>
</testsuite>
