<?xml version="1.0" encoding="UTF-8"?>
<testsuite name="com.dotcms.storage.FileMetadataAPITest" tests="45" skipped="0" failures="0" errors="0" timestamp="2023-07-20T00:16:39" hostname="fv-az713-951" time="38.934">
  <properties/>
  <testcase name="Test_Add_Then_Recover_Temp_Resource_Metadata" classname="com.dotcms.storage.FileMetadataAPITest" time="0.004"/>
  <testcase name="Test_GetMetadata[0: FILE_SYSTEM]" classname="com.dotcms.storage.FileMetadataAPITest" time="0.554"/>
  <testcase name="Test_GetMetadata[1: DB]" classname="com.dotcms.storage.FileMetadataAPITest" time="0.962"/>
  <testcase name="Test_Get_First_Indexed_Binary_Field" classname="com.dotcms.storage.FileMetadataAPITest" time="2.358"/>
  <testcase name="Test_Force_Set_Metadata[0: TestCase{langId=1, storageType=FILE_SYSTEM, testFile=test_image1.jpg, fileAssetContent=com.dotmarketing.portlets.contentlet.model.Contentlet@106917c0[map={modDate=2023-07-20 00:13:59.738, fileName=test_image11689812039737.jpg, title=test_image11689812039737.jpg, inode=2313e8f9-314b-4cbb-8afb-9111eacd60dd, __IS_NEW_CONTENT__=true, disabledWYSIWYG=[], host=48190c8c-42c4-46af-8d1a-0cd5db894797, stInode=33888b6f-7a8e-4069-b1b6-5c1aa9d0a48d, owner=system, identifier=176f041627b118a39db2ea9c23a57f2c, nullProperties=[wfExpireDate, wfPublishDate, wfActionAssign, wfActionId, wfActionComments, filterKey, whereToSend, wfNeverExpire, _path_to_move, timezoneId, iWantTo, wfPublishTime, wfExpireTime], _is_test_mode=true, languageId=1, fileAsset=/home/runner/work/core/custom/assets/2/3/2313e8f9-314b-4cbb-8afb-9111eacd60dd/fileAsset/test_image11689812039737.jpg, folder=813e39ee62f96877c020498765a66ab2, __disable_workflow__=true, sortOrder=0, modUser=system},lowIndexPriority=false,variantId=DEFAULT]}]" classname="com.dotcms.storage.FileMetadataAPITest" time="0.618"/>
  <testcase name="Test_Force_Set_Metadata[1: TestCase{langId=1, storageType=FILE_SYSTEM, testFile=test.gif, fileAssetContent=com.dotmarketing.portlets.contentlet.model.Contentlet@37103e6c[map={modDate=2023-07-20 00:14:00.297, fileName=test_image11689812040295.gif, title=test_image11689812040295.gif, inode=a9f39e92-3f3d-4c23-9590-8510a2c4567d, __IS_NEW_CONTENT__=true, disabledWYSIWYG=[], host=48190c8c-42c4-46af-8d1a-0cd5db894797, stInode=33888b6f-7a8e-4069-b1b6-5c1aa9d0a48d, owner=system, identifier=7fd80a30e2dd105c058f0e800ff3835b, nullProperties=[wfExpireDate, wfPublishDate, wfActionAssign, wfActionId, wfActionComments, filterKey, whereToSend, wfNeverExpire, _path_to_move, timezoneId, iWantTo, wfPublishTime, wfExpireTime], _is_test_mode=true, languageId=1, fileAsset=/home/runner/work/core/custom/assets/a/9/a9f39e92-3f3d-4c23-9590-8510a2c4567d/fileAsset/test_image11689812040295.gif, folder=6a40f8229198a51be579d67eb5216042, __disable_workflow__=true, sortOrder=0, modUser=system},lowIndexPriority=false,variantId=DEFAULT]}]" classname="com.dotcms.storage.FileMetadataAPITest" time="1.019"/>
  <testcase name="Test_Force_Set_Metadata[2: TestCase{langId=1, storageType=FILE_SYSTEM, testFile=test_image2.png, fileAssetContent=com.dotmarketing.portlets.contentlet.model.Contentlet@43f2bb9[map={modDate=2023-07-20 00:14:01.313, fileName=test_image11689812041311.png, title=test_image11689812041311.png, inode=95730de5-851f-43f5-beb3-d002123e119b, __IS_NEW_CONTENT__=true, disabledWYSIWYG=[], host=48190c8c-42c4-46af-8d1a-0cd5db894797, stInode=33888b6f-7a8e-4069-b1b6-5c1aa9d0a48d, owner=system, identifier=d2eef0b6f56292308cf018b6ee6f274d, nullProperties=[wfExpireDate, wfPublishDate, wfActionAssign, wfActionId, wfActionComments, filterKey, whereToSend, wfNeverExpire, _path_to_move, timezoneId, iWantTo, wfPublishTime, wfExpireTime], _is_test_mode=true, languageId=1, fileAsset=/home/runner/work/core/custom/assets/9/5/95730de5-851f-43f5-beb3-d002123e119b/fileAsset/test_image11689812041311.png, folder=f818dad93895024a8ed50a99666c5193, __disable_workflow__=true, sortOrder=0, modUser=system},lowIndexPriority=false,variantId=DEFAULT]}]" classname="com.dotcms.storage.FileMetadataAPITest" time="1.043"/>
  <testcase name="Test_Force_Set_Metadata[3: TestCase{langId=1, storageType=FILE_SYSTEM, testFile=test_image.svg, fileAssetContent=com.dotmarketing.portlets.contentlet.model.Contentlet@186fa22c[map={modDate=2023-07-20 00:14:02.327, fileName=test_image11689812042325.svg, title=test_image11689812042325.svg, inode=0520c2f9-6ec9-4677-ab20-809c4c06f2c4, __IS_NEW_CONTENT__=true, disabledWYSIWYG=[], host=48190c8c-42c4-46af-8d1a-0cd5db894797, stInode=33888b6f-7a8e-4069-b1b6-5c1aa9d0a48d, owner=system, identifier=59e262c429dd79943d15a16dd6d8ca73, nullProperties=[wfExpireDate, wfPublishDate, wfActionAssign, wfActionId, wfActionComments, filterKey, whereToSend, wfNeverExpire, _path_to_move, timezoneId, iWantTo, wfPublishTime, wfExpireTime], _is_test_mode=true, languageId=1, fileAsset=/home/runner/work/core/custom/assets/0/5/0520c2f9-6ec9-4677-ab20-809c4c06f2c4/fileAsset/test_image11689812042325.svg, folder=66e22253cce45c9f4086779d499b11e8, __disable_workflow__=true, sortOrder=0, modUser=system},lowIndexPriority=false,variantId=DEFAULT]}]" classname="com.dotcms.storage.FileMetadataAPITest" time="1.016"/>
  <testcase name="Test_Force_Set_Metadata[4: TestCase{langId=1, storageType=FILE_SYSTEM, testFile=test.pdf, fileAssetContent=com.dotmarketing.portlets.contentlet.model.Contentlet@192fb911[map={modDate=2023-07-20 00:14:03.343, fileName=test_image11689812043341.pdf, title=test_image11689812043341.pdf, inode=147002f3-f526-4e28-af08-feb50b38453f, __IS_NEW_CONTENT__=true, disabledWYSIWYG=[], host=48190c8c-42c4-46af-8d1a-0cd5db894797, stInode=33888b6f-7a8e-4069-b1b6-5c1aa9d0a48d, owner=system, identifier=55ec681a5211f3260e8617f1b442e1fa, nullProperties=[wfExpireDate, wfPublishDate, wfActionAssign, wfActionId, wfActionComments, filterKey, whereToSend, wfNeverExpire, _path_to_move, timezoneId, iWantTo, wfPublishTime, wfExpireTime], _is_test_mode=true, languageId=1, fileAsset=/home/runner/work/core/custom/assets/1/4/147002f3-f526-4e28-af08-feb50b38453f/fileAsset/test_image11689812043341.pdf, folder=40d7d0fa61374c346bc27df4d84e4f78, __disable_workflow__=true, sortOrder=0, modUser=system},lowIndexPriority=false,variantId=DEFAULT]}]" classname="com.dotcms.storage.FileMetadataAPITest" time="1.017"/>
  <testcase name="Test_Force_Set_Metadata[5: TestCase{langId=1, storageType=DB, testFile=test_image1.jpg, fileAssetContent=com.dotmarketing.portlets.contentlet.model.Contentlet@5963791c[map={modDate=2023-07-20 00:14:04.357, fileName=test_image11689812044356.jpg, title=test_image11689812044356.jpg, inode=5c8bb2a3-50c8-4455-9901-094f58b582c3, __IS_NEW_CONTENT__=true, disabledWYSIWYG=[], host=48190c8c-42c4-46af-8d1a-0cd5db894797, stInode=33888b6f-7a8e-4069-b1b6-5c1aa9d0a48d, owner=system, identifier=d7053ec0635ed7476fd183d5a0b96763, nullProperties=[wfExpireDate, wfPublishDate, wfActionAssign, wfActionId, wfActionComments, filterKey, whereToSend, wfNeverExpire, _path_to_move, timezoneId, iWantTo, wfPublishTime, wfExpireTime], _is_test_mode=true, languageId=1, fileAsset=/home/runner/work/core/custom/assets/5/c/5c8bb2a3-50c8-4455-9901-094f58b582c3/fileAsset/test_image11689812044356.jpg, folder=ff276aca9c72c8fb11127964efa913ed, __disable_workflow__=true, sortOrder=0, modUser=system},lowIndexPriority=false,variantId=DEFAULT]}]" classname="com.dotcms.storage.FileMetadataAPITest" time="1.03"/>
  <testcase name="Test_Force_Set_Metadata[6: TestCase{langId=1, storageType=DB, testFile=test.gif, fileAssetContent=com.dotmarketing.portlets.contentlet.model.Contentlet@1e0a9875[map={modDate=2023-07-20 00:14:05.374, fileName=test_image11689812045372.gif, title=test_image11689812045372.gif, inode=c7dae9b2-e089-4cb0-8a93-25f4a236d2a7, __IS_NEW_CONTENT__=true, disabledWYSIWYG=[], host=48190c8c-42c4-46af-8d1a-0cd5db894797, stInode=33888b6f-7a8e-4069-b1b6-5c1aa9d0a48d, owner=system, identifier=df2e721239076ae7c3b660e7af9eddc6, nullProperties=[wfExpireDate, wfPublishDate, wfActionAssign, wfActionId, wfActionComments, filterKey, whereToSend, wfNeverExpire, _path_to_move, timezoneId, iWantTo, wfPublishTime, wfExpireTime], _is_test_mode=true, languageId=1, fileAsset=/home/runner/work/core/custom/assets/c/7/c7dae9b2-e089-4cb0-8a93-25f4a236d2a7/fileAsset/test_image11689812045372.gif, folder=164e606ea3892decc652ee687399aec4, __disable_workflow__=true, sortOrder=0, modUser=system},lowIndexPriority=false,variantId=DEFAULT]}]" classname="com.dotcms.storage.FileMetadataAPITest" time="1.023"/>
  <testcase name="Test_Force_Set_Metadata[7: TestCase{langId=1, storageType=DB, testFile=test_image2.png, fileAssetContent=com.dotmarketing.portlets.contentlet.model.Contentlet@7e33ad92[map={modDate=2023-07-20 00:14:06.395, fileName=test_image11689812046393.png, title=test_image11689812046393.png, inode=ed84f2db-f155-4e31-9a06-f6a8708af6ad, __IS_NEW_CONTENT__=true, disabledWYSIWYG=[], host=48190c8c-42c4-46af-8d1a-0cd5db894797, stInode=33888b6f-7a8e-4069-b1b6-5c1aa9d0a48d, owner=system, identifier=d7b038d361a93dc9309d312cfc1364f6, nullProperties=[wfExpireDate, wfPublishDate, wfActionAssign, wfActionId, wfActionComments, filterKey, whereToSend, wfNeverExpire, _path_to_move, timezoneId, iWantTo, wfPublishTime, wfExpireTime], _is_test_mode=true, languageId=1, fileAsset=/home/runner/work/core/custom/assets/e/d/ed84f2db-f155-4e31-9a06-f6a8708af6ad/fileAsset/test_image11689812046393.png, folder=715f75ebc9261b1c41f61a9c1e8edbb8, __disable_workflow__=true, sortOrder=0, modUser=system},lowIndexPriority=false,variantId=DEFAULT]}]" classname="com.dotcms.storage.FileMetadataAPITest" time="1.025"/>
  <testcase name="Test_Force_Set_Metadata[8: TestCase{langId=1, storageType=DB, testFile=test_image.svg, fileAssetContent=com.dotmarketing.portlets.contentlet.model.Contentlet@278e6f20[map={modDate=2023-07-20 00:14:07.431, fileName=test_image11689812047429.svg, title=test_image11689812047429.svg, inode=23e8e1db-c9f1-472b-87dd-1b7dc9fbfeeb, __IS_NEW_CONTENT__=true, disabledWYSIWYG=[], host=48190c8c-42c4-46af-8d1a-0cd5db894797, stInode=33888b6f-7a8e-4069-b1b6-5c1aa9d0a48d, owner=system, identifier=a5492bb97fee2d2a9730275f7a193624, nullProperties=[wfExpireDate, wfPublishDate, wfActionAssign, wfActionId, wfActionComments, filterKey, whereToSend, wfNeverExpire, _path_to_move, timezoneId, iWantTo, wfPublishTime, wfExpireTime], _is_test_mode=true, languageId=1, fileAsset=/home/runner/work/core/custom/assets/2/3/23e8e1db-c9f1-472b-87dd-1b7dc9fbfeeb/fileAsset/test_image11689812047429.svg, folder=61e15b809d5dbc23e5df863c4a178998, __disable_workflow__=true, sortOrder=0, modUser=system},lowIndexPriority=false,variantId=DEFAULT]}]" classname="com.dotcms.storage.FileMetadataAPITest" time="1.025"/>
  <testcase name="Test_Force_Set_Metadata[9: TestCase{langId=1, storageType=DB, testFile=test.pdf, fileAssetContent=com.dotmarketing.portlets.contentlet.model.Contentlet@2a5e2fc7[map={modDate=2023-07-20 00:14:08.442, fileName=test_image11689812048440.pdf, title=test_image11689812048440.pdf, inode=8cab16ff-2a7e-4fdf-aab5-142b8cc45d69, __IS_NEW_CONTENT__=true, disabledWYSIWYG=[], host=48190c8c-42c4-46af-8d1a-0cd5db894797, stInode=33888b6f-7a8e-4069-b1b6-5c1aa9d0a48d, owner=system, identifier=6925a60cea5afdafefa10061998803ef, nullProperties=[wfExpireDate, wfPublishDate, wfActionAssign, wfActionId, wfActionComments, filterKey, whereToSend, wfNeverExpire, _path_to_move, timezoneId, iWantTo, wfPublishTime, wfExpireTime], _is_test_mode=true, languageId=1, fileAsset=/home/runner/work/core/custom/assets/8/c/8cab16ff-2a7e-4fdf-aab5-142b8cc45d69/fileAsset/test_image11689812048440.pdf, folder=ceeac6b6f0b823de4fceecbb5549cac5, __disable_workflow__=true, sortOrder=0, modUser=system},lowIndexPriority=false,variantId=DEFAULT]}]" classname="com.dotcms.storage.FileMetadataAPITest" time="1.015"/>
  <testcase name="Test_Generate_Metadata_From_HtmlPage_Should_Resolve_ExtendedMetadata" classname="com.dotcms.storage.FileMetadataAPITest" time="0.059"/>
  <testcase name="Test_Generate_Metadata_From_FileAssets[0: TestCase{langId=1, storageType=FILE_SYSTEM, testFile=test_image1.jpg, fileAssetContent=com.dotmarketing.portlets.contentlet.model.Contentlet@106917c0[map={modDate=2023-07-20 00:13:59.738, fileName=test_image11689812039737.jpg, title=test_image11689812039737.jpg, inode=2313e8f9-314b-4cbb-8afb-9111eacd60dd, __IS_NEW_CONTENT__=true, disabledWYSIWYG=[], host=48190c8c-42c4-46af-8d1a-0cd5db894797, stInode=33888b6f-7a8e-4069-b1b6-5c1aa9d0a48d, owner=system, identifier=176f041627b118a39db2ea9c23a57f2c, nullProperties=[wfExpireDate, wfPublishDate, wfActionAssign, wfActionId, wfActionComments, filterKey, whereToSend, wfNeverExpire, _path_to_move, timezoneId, iWantTo, wfPublishTime, wfExpireTime], _is_test_mode=true, languageId=1, fileAsset=/home/runner/work/core/custom/assets/2/3/2313e8f9-314b-4cbb-8afb-9111eacd60dd/fileAsset/test_image11689812039737.jpg, folder=813e39ee62f96877c020498765a66ab2, __disable_workflow__=true, sortOrder=0, modUser=system},lowIndexPriority=false,variantId=DEFAULT]}]" classname="com.dotcms.storage.FileMetadataAPITest" time="0.028"/>
  <testcase name="Test_Generate_Metadata_From_FileAssets[1: TestCase{langId=1, storageType=FILE_SYSTEM, testFile=test.gif, fileAssetContent=com.dotmarketing.portlets.contentlet.model.Contentlet@37103e6c[map={modDate=2023-07-20 00:14:00.297, fileName=test_image11689812040295.gif, title=test_image11689812040295.gif, inode=a9f39e92-3f3d-4c23-9590-8510a2c4567d, __IS_NEW_CONTENT__=true, disabledWYSIWYG=[], host=48190c8c-42c4-46af-8d1a-0cd5db894797, stInode=33888b6f-7a8e-4069-b1b6-5c1aa9d0a48d, owner=system, identifier=7fd80a30e2dd105c058f0e800ff3835b, nullProperties=[wfExpireDate, wfPublishDate, wfActionAssign, wfActionId, wfActionComments, filterKey, whereToSend, wfNeverExpire, _path_to_move, timezoneId, iWantTo, wfPublishTime, wfExpireTime], _is_test_mode=true, languageId=1, fileAsset=/home/runner/work/core/custom/assets/a/9/a9f39e92-3f3d-4c23-9590-8510a2c4567d/fileAsset/test_image11689812040295.gif, folder=6a40f8229198a51be579d67eb5216042, __disable_workflow__=true, sortOrder=0, modUser=system},lowIndexPriority=false,variantId=DEFAULT]}]" classname="com.dotcms.storage.FileMetadataAPITest" time="0.024"/>
  <testcase name="Test_Generate_Metadata_From_FileAssets[2: TestCase{langId=1, storageType=FILE_SYSTEM, testFile=test_image2.png, fileAssetContent=com.dotmarketing.portlets.contentlet.model.Contentlet@43f2bb9[map={modDate=2023-07-20 00:14:01.313, fileName=test_image11689812041311.png, title=test_image11689812041311.png, inode=95730de5-851f-43f5-beb3-d002123e119b, __IS_NEW_CONTENT__=true, disabledWYSIWYG=[], host=48190c8c-42c4-46af-8d1a-0cd5db894797, stInode=33888b6f-7a8e-4069-b1b6-5c1aa9d0a48d, owner=system, identifier=d2eef0b6f56292308cf018b6ee6f274d, nullProperties=[wfExpireDate, wfPublishDate, wfActionAssign, wfActionId, wfActionComments, filterKey, whereToSend, wfNeverExpire, _path_to_move, timezoneId, iWantTo, wfPublishTime, wfExpireTime], _is_test_mode=true, languageId=1, fileAsset=/home/runner/work/core/custom/assets/9/5/95730de5-851f-43f5-beb3-d002123e119b/fileAsset/test_image11689812041311.png, folder=f818dad93895024a8ed50a99666c5193, __disable_workflow__=true, sortOrder=0, modUser=system},lowIndexPriority=false,variantId=DEFAULT]}]" classname="com.dotcms.storage.FileMetadataAPITest" time="0.026"/>
  <testcase name="Test_Generate_Metadata_From_FileAssets[3: TestCase{langId=1, storageType=FILE_SYSTEM, testFile=test_image.svg, fileAssetContent=com.dotmarketing.portlets.contentlet.model.Contentlet@186fa22c[map={modDate=2023-07-20 00:14:02.327, fileName=test_image11689812042325.svg, title=test_image11689812042325.svg, inode=0520c2f9-6ec9-4677-ab20-809c4c06f2c4, __IS_NEW_CONTENT__=true, disabledWYSIWYG=[], host=48190c8c-42c4-46af-8d1a-0cd5db894797, stInode=33888b6f-7a8e-4069-b1b6-5c1aa9d0a48d, owner=system, identifier=59e262c429dd79943d15a16dd6d8ca73, nullProperties=[wfExpireDate, wfPublishDate, wfActionAssign, wfActionId, wfActionComments, filterKey, whereToSend, wfNeverExpire, _path_to_move, timezoneId, iWantTo, wfPublishTime, wfExpireTime], _is_test_mode=true, languageId=1, fileAsset=/home/runner/work/core/custom/assets/0/5/0520c2f9-6ec9-4677-ab20-809c4c06f2c4/fileAsset/test_image11689812042325.svg, folder=66e22253cce45c9f4086779d499b11e8, __disable_workflow__=true, sortOrder=0, modUser=system},lowIndexPriority=false,variantId=DEFAULT]}]" classname="com.dotcms.storage.FileMetadataAPITest" time="0.028"/>
  <testcase name="Test_Generate_Metadata_From_FileAssets[4: TestCase{langId=1, storageType=FILE_SYSTEM, testFile=test.pdf, fileAssetContent=com.dotmarketing.portlets.contentlet.model.Contentlet@192fb911[map={modDate=2023-07-20 00:14:03.343, fileName=test_image11689812043341.pdf, title=test_image11689812043341.pdf, inode=147002f3-f526-4e28-af08-feb50b38453f, __IS_NEW_CONTENT__=true, disabledWYSIWYG=[], host=48190c8c-42c4-46af-8d1a-0cd5db894797, stInode=33888b6f-7a8e-4069-b1b6-5c1aa9d0a48d, owner=system, identifier=55ec681a5211f3260e8617f1b442e1fa, nullProperties=[wfExpireDate, wfPublishDate, wfActionAssign, wfActionId, wfActionComments, filterKey, whereToSend, wfNeverExpire, _path_to_move, timezoneId, iWantTo, wfPublishTime, wfExpireTime], _is_test_mode=true, languageId=1, fileAsset=/home/runner/work/core/custom/assets/1/4/147002f3-f526-4e28-af08-feb50b38453f/fileAsset/test_image11689812043341.pdf, folder=40d7d0fa61374c346bc27df4d84e4f78, __disable_workflow__=true, sortOrder=0, modUser=system},lowIndexPriority=false,variantId=DEFAULT]}]" classname="com.dotcms.storage.FileMetadataAPITest" time="0.043"/>
  <testcase name="Test_Generate_Metadata_From_FileAssets[5: TestCase{langId=1, storageType=DB, testFile=test_image1.jpg, fileAssetContent=com.dotmarketing.portlets.contentlet.model.Contentlet@5963791c[map={modDate=2023-07-20 00:14:04.357, fileName=test_image11689812044356.jpg, title=test_image11689812044356.jpg, inode=5c8bb2a3-50c8-4455-9901-094f58b582c3, __IS_NEW_CONTENT__=true, disabledWYSIWYG=[], host=48190c8c-42c4-46af-8d1a-0cd5db894797, stInode=33888b6f-7a8e-4069-b1b6-5c1aa9d0a48d, owner=system, identifier=d7053ec0635ed7476fd183d5a0b96763, nullProperties=[wfExpireDate, wfPublishDate, wfActionAssign, wfActionId, wfActionComments, filterKey, whereToSend, wfNeverExpire, _path_to_move, timezoneId, iWantTo, wfPublishTime, wfExpireTime], _is_test_mode=true, languageId=1, fileAsset=/home/runner/work/core/custom/assets/5/c/5c8bb2a3-50c8-4455-9901-094f58b582c3/fileAsset/test_image11689812044356.jpg, folder=ff276aca9c72c8fb11127964efa913ed, __disable_workflow__=true, sortOrder=0, modUser=system},lowIndexPriority=false,variantId=DEFAULT]}]" classname="com.dotcms.storage.FileMetadataAPITest" time="0.006"/>
  <testcase name="Test_Generate_Metadata_From_FileAssets[6: TestCase{langId=1, storageType=DB, testFile=test.gif, fileAssetContent=com.dotmarketing.portlets.contentlet.model.Contentlet@1e0a9875[map={modDate=2023-07-20 00:14:05.374, fileName=test_image11689812045372.gif, title=test_image11689812045372.gif, inode=c7dae9b2-e089-4cb0-8a93-25f4a236d2a7, __IS_NEW_CONTENT__=true, disabledWYSIWYG=[], host=48190c8c-42c4-46af-8d1a-0cd5db894797, stInode=33888b6f-7a8e-4069-b1b6-5c1aa9d0a48d, owner=system, identifier=df2e721239076ae7c3b660e7af9eddc6, nullProperties=[wfExpireDate, wfPublishDate, wfActionAssign, wfActionId, wfActionComments, filterKey, whereToSend, wfNeverExpire, _path_to_move, timezoneId, iWantTo, wfPublishTime, wfExpireTime], _is_test_mode=true, languageId=1, fileAsset=/home/runner/work/core/custom/assets/c/7/c7dae9b2-e089-4cb0-8a93-25f4a236d2a7/fileAsset/test_image11689812045372.gif, folder=164e606ea3892decc652ee687399aec4, __disable_workflow__=true, sortOrder=0, modUser=system},lowIndexPriority=false,variantId=DEFAULT]}]" classname="com.dotcms.storage.FileMetadataAPITest" time="0.006"/>
  <testcase name="Test_Generate_Metadata_From_FileAssets[7: TestCase{langId=1, storageType=DB, testFile=test_image2.png, fileAssetContent=com.dotmarketing.portlets.contentlet.model.Contentlet@7e33ad92[map={modDate=2023-07-20 00:14:06.395, fileName=test_image11689812046393.png, title=test_image11689812046393.png, inode=ed84f2db-f155-4e31-9a06-f6a8708af6ad, __IS_NEW_CONTENT__=true, disabledWYSIWYG=[], host=48190c8c-42c4-46af-8d1a-0cd5db894797, stInode=33888b6f-7a8e-4069-b1b6-5c1aa9d0a48d, owner=system, identifier=d7b038d361a93dc9309d312cfc1364f6, nullProperties=[wfExpireDate, wfPublishDate, wfActionAssign, wfActionId, wfActionComments, filterKey, whereToSend, wfNeverExpire, _path_to_move, timezoneId, iWantTo, wfPublishTime, wfExpireTime], _is_test_mode=true, languageId=1, fileAsset=/home/runner/work/core/custom/assets/e/d/ed84f2db-f155-4e31-9a06-f6a8708af6ad/fileAsset/test_image11689812046393.png, folder=715f75ebc9261b1c41f61a9c1e8edbb8, __disable_workflow__=true, sortOrder=0, modUser=system},lowIndexPriority=false,variantId=DEFAULT]}]" classname="com.dotcms.storage.FileMetadataAPITest" time="0.007"/>
  <testcase name="Test_Generate_Metadata_From_FileAssets[8: TestCase{langId=1, storageType=DB, testFile=test_image.svg, fileAssetContent=com.dotmarketing.portlets.contentlet.model.Contentlet@278e6f20[map={modDate=2023-07-20 00:14:07.431, fileName=test_image11689812047429.svg, title=test_image11689812047429.svg, inode=23e8e1db-c9f1-472b-87dd-1b7dc9fbfeeb, __IS_NEW_CONTENT__=true, disabledWYSIWYG=[], host=48190c8c-42c4-46af-8d1a-0cd5db894797, stInode=33888b6f-7a8e-4069-b1b6-5c1aa9d0a48d, owner=system, identifier=a5492bb97fee2d2a9730275f7a193624, nullProperties=[wfExpireDate, wfPublishDate, wfActionAssign, wfActionId, wfActionComments, filterKey, whereToSend, wfNeverExpire, _path_to_move, timezoneId, iWantTo, wfPublishTime, wfExpireTime], _is_test_mode=true, languageId=1, fileAsset=/home/runner/work/core/custom/assets/2/3/23e8e1db-c9f1-472b-87dd-1b7dc9fbfeeb/fileAsset/test_image11689812047429.svg, folder=61e15b809d5dbc23e5df863c4a178998, __disable_workflow__=true, sortOrder=0, modUser=system},lowIndexPriority=false,variantId=DEFAULT]}]" classname="com.dotcms.storage.FileMetadataAPITest" time="0.006"/>
  <testcase name="Test_Generate_Metadata_From_FileAssets[9: TestCase{langId=1, storageType=DB, testFile=test.pdf, fileAssetContent=com.dotmarketing.portlets.contentlet.model.Contentlet@2a5e2fc7[map={modDate=2023-07-20 00:14:08.442, fileName=test_image11689812048440.pdf, title=test_image11689812048440.pdf, inode=8cab16ff-2a7e-4fdf-aab5-142b8cc45d69, __IS_NEW_CONTENT__=true, disabledWYSIWYG=[], host=48190c8c-42c4-46af-8d1a-0cd5db894797, stInode=33888b6f-7a8e-4069-b1b6-5c1aa9d0a48d, owner=system, identifier=6925a60cea5afdafefa10061998803ef, nullProperties=[wfExpireDate, wfPublishDate, wfActionAssign, wfActionId, wfActionComments, filterKey, whereToSend, wfNeverExpire, _path_to_move, timezoneId, iWantTo, wfPublishTime, wfExpireTime], _is_test_mode=true, languageId=1, fileAsset=/home/runner/work/core/custom/assets/8/c/8cab16ff-2a7e-4fdf-aab5-142b8cc45d69/fileAsset/test_image11689812048440.pdf, folder=ceeac6b6f0b823de4fceecbb5549cac5, __disable_workflow__=true, sortOrder=0, modUser=system},lowIndexPriority=false,variantId=DEFAULT]}]" classname="com.dotcms.storage.FileMetadataAPITest" time="0.007"/>
  <testcase name="TestMetadataModel" classname="com.dotcms.storage.FileMetadataAPITest" time="0.002"/>
  <testcase name="Test_Get_Metadata_Property" classname="com.dotcms.storage.FileMetadataAPITest" time="0.752"/>
  <testcase name="Test_GetMetadata_ForceGenerate[0: FILE_SYSTEM]" classname="com.dotcms.storage.FileMetadataAPITest" time="1.06"/>
  <testcase name="Test_GetMetadata_ForceGenerate[1: DB]" classname="com.dotcms.storage.FileMetadataAPITest" time="1.033"/>
  <testcase name="Test_Get_Metadata_No_Cache_Force_Generate[0: FILE_SYSTEM]" classname="com.dotcms.storage.FileMetadataAPITest" time="1.024"/>
  <testcase name="Test_Get_Metadata_No_Cache_Force_Generate[1: DB]" classname="com.dotcms.storage.FileMetadataAPITest" time="1.014"/>
  <testcase name="Test_Metadata_Gets_Updated_When_Lower_Version_Found[0: FILE_SYSTEM]" classname="com.dotcms.storage.FileMetadataAPITest" time="1.039"/>
  <testcase name="Test_Metadata_Gets_Updated_When_Lower_Version_Found[1: DB]" classname="com.dotcms.storage.FileMetadataAPITest" time="1.051"/>
  <testcase name="Test_Add_Custom_Attributes_FileAssets[0: FILE_SYSTEM]" classname="com.dotcms.storage.FileMetadataAPITest" time="1.976"/>
  <testcase name="Test_Add_Custom_Attributes_FileAssets[1: DB]" classname="com.dotcms.storage.FileMetadataAPITest" time="1.804"/>
  <testcase name="Test_Generate_Metadata_Should_Not_Override_Custom_Attributes[0: FILE_SYSTEM]" classname="com.dotcms.storage.FileMetadataAPITest" time="1.761"/>
  <testcase name="Test_Generate_Metadata_Should_Not_Override_Custom_Attributes[1: DB]" classname="com.dotcms.storage.FileMetadataAPITest" time="0.676"/>
  <testcase name="Test_Write_Custom_Metadata_Then_Generate_Metadata_Expect_All_Metadata[0: FILE_SYSTEM]" classname="com.dotcms.storage.FileMetadataAPITest" time="0.822"/>
  <testcase name="Test_Write_Custom_Metadata_Then_Generate_Metadata_Expect_All_Metadata[1: DB]" classname="com.dotcms.storage.FileMetadataAPITest" time="1.035"/>
  <testcase name="Test_Generate_Metadata_From_ContentType_With_Multiple_Binary_Fields[0: FILE_SYSTEM]" classname="com.dotcms.storage.FileMetadataAPITest" time="2.273"/>
  <testcase name="Test_Generate_Metadata_From_ContentType_With_Multiple_Binary_Fields[1: DB]" classname="com.dotcms.storage.FileMetadataAPITest" time="2.043"/>
  <testcase name="Test_Get_Metadata_No_Cache[0: FILE_SYSTEM]" classname="com.dotcms.storage.FileMetadataAPITest" time="0.743"/>
  <testcase name="Test_Get_Metadata_No_Cache[1: DB]" classname="com.dotcms.storage.FileMetadataAPITest" time="1.023"/>
  <testcase name="Test_Copy_Metadata[0: FILE_SYSTEM]" classname="com.dotcms.storage.FileMetadataAPITest" time="2.369"/>
  <testcase name="Test_Copy_Metadata[1: DB]" classname="com.dotcms.storage.FileMetadataAPITest" time="1.461"/>
  <system-out><![CDATA[]]></system-out>
  <system-err><![CDATA[]]></system-err>
</testsuite>
