<?xml version="1.0" encoding="UTF-8"?>
<testsuite name="com.dotmarketing.portlets.structure.model.ContentletRelationshipsTest" tests="7" skipped="0" failures="0" errors="0" timestamp="2023-07-13T21:45:50" hostname="fv-az357-263" time="9.862">
  <properties/>
  <testcase name="testDoesAllowOnlyOne[0: com.dotmarketing.portlets.structure.model.ContentletRelationshipsTest$CardinalityTestCase@31ec32db]" classname="com.dotmarketing.portlets.structure.model.ContentletRelationshipsTest" time="0.643"/>
  <testcase name="testDoesAllowOnlyOne[1: com.dotmarketing.portlets.structure.model.ContentletRelationshipsTest$CardinalityTestCase@30bbd67d]" classname="com.dotmarketing.portlets.structure.model.ContentletRelationshipsTest" time="0.563"/>
  <testcase name="testDoesAllowOnlyOne[2: com.dotmarketing.portlets.structure.model.ContentletRelationshipsTest$CardinalityTestCase@7d67f605]" classname="com.dotmarketing.portlets.structure.model.ContentletRelationshipsTest" time="0.557"/>
  <testcase name="testGetRelationshipRecords[0: com.dotmarketing.portlets.structure.model.ContentletRelationshipsTest$TestCase@18f4068f]" classname="com.dotmarketing.portlets.structure.model.ContentletRelationshipsTest" time="2.116"/>
  <testcase name="testGetRelationshipRecords[1: com.dotmarketing.portlets.structure.model.ContentletRelationshipsTest$TestCase@48de95a0]" classname="com.dotmarketing.portlets.structure.model.ContentletRelationshipsTest" time="2.095"/>
  <testcase name="testGetRelationshipRecords[2: com.dotmarketing.portlets.structure.model.ContentletRelationshipsTest$TestCase@2638aaf8]" classname="com.dotmarketing.portlets.structure.model.ContentletRelationshipsTest" time="1.931"/>
  <testcase name="testGetRelationshipRecords[3: com.dotmarketing.portlets.structure.model.ContentletRelationshipsTest$TestCase@642db7e4]" classname="com.dotmarketing.portlets.structure.model.ContentletRelationshipsTest" time="1.955"/>
  <system-out><![CDATA[]]></system-out>
  <system-err><![CDATA[]]></system-err>
</testsuite>
