<?xml version="1.0" encoding="UTF-8"?>
<testsuite name="com.dotcms.rest.TagResourceIntegrationTest" tests="4" skipped="0" failures="0" errors="0" timestamp="2023-06-28T16:06:16" hostname="fv-az395-584" time="0.369">
  <properties/>
  <testcase name="testList[0: com.dotcms.rest.TagResourceTestCase@60e54fc1]" classname="com.dotcms.rest.TagResourceIntegrationTest" time="0.282"/>
  <testcase name="testList[1: com.dotcms.rest.TagResourceTestCase@51fa555a]" classname="com.dotcms.rest.TagResourceIntegrationTest" time="0.031"/>
  <testcase name="testList[2: com.dotcms.rest.TagResourceTestCase@76427729]" classname="com.dotcms.rest.TagResourceIntegrationTest" time="0.028"/>
  <testcase name="testList[3: com.dotcms.rest.TagResourceTestCase@149c16e5]" classname="com.dotcms.rest.TagResourceIntegrationTest" time="0.028"/>
  <system-out><![CDATA[]]></system-out>
  <system-err><![CDATA[Jun 28, 2023 4:06:16 PM com.dotcms.repackage.org.hibernate.validator.internal.util.Version <clinit>
INFO: HV000001: Hibernate Validator 4.3.2.Final
]]></system-err>
</testsuite>
