<?xml version="1.0" encoding="UTF-8"?>
<testsuite name="com.dotcms.rendering.velocity.viewtools.content.ContentToolTest" tests="18" skipped="0" failures="0" errors="0" timestamp="2023-06-26T16:58:39" hostname="fv-az1226-245" time="58.597">
  <properties/>
  <testcase name="whenTheTimeMachineDateIsNullAndPublishDateInFutureShouldNotReturnAnything" classname="com.dotcms.rendering.velocity.viewtools.content.ContentToolTest" time="3.256"/>
  <testcase name="whenTheTimeMachineDateAndPublishDateAreTomorrowShouldReturnOneContent" classname="com.dotcms.rendering.velocity.viewtools.content.ContentToolTest" time="3.315"/>
  <testcase name="testPullRelated_MultiLangContent" classname="com.dotcms.rendering.velocity.viewtools.content.ContentToolTest" time="9.249"/>
  <testcase name="testPullRelated" classname="com.dotcms.rendering.velocity.viewtools.content.ContentToolTest" time="7.148"/>
  <testcase name="whenPublishAndExpireDatesAreInTheFutureAndTimeMachineIsAfterBoth" classname="com.dotcms.rendering.velocity.viewtools.content.ContentToolTest" time="3.347"/>
  <testcase name="testPullRelatedField_whenInvalidFieldIsSent_throwsAnException" classname="com.dotcms.rendering.velocity.viewtools.content.ContentToolTest" time="0.345"/>
  <testcase name="whenTheTimeMachineDateIsAfterTomorrowAndExpireDateIsTomorrowShouldNotReturnContent" classname="com.dotcms.rendering.velocity.viewtools.content.ContentToolTest" time="3.386"/>
  <testcase name="testPullRelatedContent_whenRelationshipFieldExists[0: com.dotcms.rendering.velocity.viewtools.content.ContentToolTest$TestCase@5d23b7d1]" classname="com.dotcms.rendering.velocity.viewtools.content.ContentToolTest" time="0.697"/>
  <testcase name="testPullRelatedContent_whenRelationshipFieldExists[1: com.dotcms.rendering.velocity.viewtools.content.ContentToolTest$TestCase@40825a00]" classname="com.dotcms.rendering.velocity.viewtools.content.ContentToolTest" time="0.69"/>
  <testcase name="testPullRelatedContent_whenRelationshipFieldExists[2: com.dotcms.rendering.velocity.viewtools.content.ContentToolTest$TestCase@50f2a80e]" classname="com.dotcms.rendering.velocity.viewtools.content.ContentToolTest" time="0.719"/>
  <testcase name="testPullRelatedContent_whenRelationshipFieldExists[3: com.dotcms.rendering.velocity.viewtools.content.ContentToolTest$TestCase@3a8b5a60]" classname="com.dotcms.rendering.velocity.viewtools.content.ContentToolTest" time="0.718"/>
  <testcase name="testPullRelatedContent_whenRelationshipFieldExists[4: com.dotcms.rendering.velocity.viewtools.content.ContentToolTest$TestCase@7ad6efdf]" classname="com.dotcms.rendering.velocity.viewtools.content.ContentToolTest" time="0.778"/>
  <testcase name="testPullRelatedContent_whenRelationshipFieldExists[5: com.dotcms.rendering.velocity.viewtools.content.ContentToolTest$TestCase@28d6e8df]" classname="com.dotcms.rendering.velocity.viewtools.content.ContentToolTest" time="0.741"/>
  <testcase name="testPullRelatedField_success" classname="com.dotcms.rendering.velocity.viewtools.content.ContentToolTest" time="4.774"/>
  <testcase name="testPullRelatedParentContentTypeInLiveMode" classname="com.dotcms.rendering.velocity.viewtools.content.ContentToolTest" time="6.231"/>
  <testcase name="testPullMultiLanguage" classname="com.dotcms.rendering.velocity.viewtools.content.ContentToolTest" time="3.42"/>
  <testcase name="whenTheTimeMachineDateIsAfterTomorrowAndExpireDateIsInFutureShouldReturnContent" classname="com.dotcms.rendering.velocity.viewtools.content.ContentToolTest" time="3.333"/>
  <testcase name="testPullRelatedParentContentType" classname="com.dotcms.rendering.velocity.viewtools.content.ContentToolTest" time="6.447"/>
  <system-out><![CDATA[]]></system-out>
  <system-err><![CDATA[]]></system-err>
</testsuite>
