<?xml version="1.0" encoding="UTF-8"?>
<testsuite name="com.dotmarketing.portlets.htmlpages.business.HTMLPageAPITest" tests="13" skipped="0" failures="0" errors="0" timestamp="2023-07-08T04:54:50" hostname="fv-az337-298" time="41.228">
  <properties/>
  <testcase name="testCopy_customTemplateCreatesNewTemplate" classname="com.dotmarketing.portlets.htmlpages.business.HTMLPageAPITest" time="7.866"/>
  <testcase name="removeOneLanguageOfHtmlAsset" classname="com.dotmarketing.portlets.htmlpages.business.HTMLPageAPITest" time="1.683"/>
  <testcase name="checkcout_populate_url_field_for_pages" classname="com.dotmarketing.portlets.htmlpages.business.HTMLPageAPITest" time="1.6"/>
  <testcase name="delete" classname="com.dotmarketing.portlets.htmlpages.business.HTMLPageAPITest" time="7.421"/>
  <testcase name="testGetHTMLPageAssetWithTagsShouldReturnTags" classname="com.dotmarketing.portlets.htmlpages.business.HTMLPageAPITest" time="6.039"/>
  <testcase name="testFindByIdLanguageFallback[0: com.dotmarketing.portlets.htmlpages.business.HTMLPageAPITest$TestCaseFindByIdLanguageFallback@2c9fb560]" classname="com.dotmarketing.portlets.htmlpages.business.HTMLPageAPITest" time="2.132"/>
  <testcase name="testFindByIdLanguageFallback[1: com.dotmarketing.portlets.htmlpages.business.HTMLPageAPITest$TestCaseFindByIdLanguageFallback@73954d20]" classname="com.dotmarketing.portlets.htmlpages.business.HTMLPageAPITest" time="1.984"/>
  <testcase name="testFindByIdLanguageFallback[2: com.dotmarketing.portlets.htmlpages.business.HTMLPageAPITest$TestCaseFindByIdLanguageFallback@51541d60]" classname="com.dotmarketing.portlets.htmlpages.business.HTMLPageAPITest" time="2.031"/>
  <testcase name="testFindByIdLanguageFallback[3: com.dotmarketing.portlets.htmlpages.business.HTMLPageAPITest$TestCaseFindByIdLanguageFallback@43f07610]" classname="com.dotmarketing.portlets.htmlpages.business.HTMLPageAPITest" time="2.022"/>
  <testcase name="testFindByIdLanguageFallback[4: com.dotmarketing.portlets.htmlpages.business.HTMLPageAPITest$TestCaseFindByIdLanguageFallback@1215efbb]" classname="com.dotmarketing.portlets.htmlpages.business.HTMLPageAPITest" time="2.129"/>
  <testcase name="move" classname="com.dotmarketing.portlets.htmlpages.business.HTMLPageAPITest" time="2.188"/>
  <testcase name="saveHTMLPage" classname="com.dotmarketing.portlets.htmlpages.business.HTMLPageAPITest" time="2.435"/>
  <testcase name="testFromContentlet_contentOnVariant_shouldKeepVariant" classname="com.dotmarketing.portlets.htmlpages.business.HTMLPageAPITest" time="1.698"/>
  <system-out><![CDATA[]]></system-out>
  <system-err><![CDATA[]]></system-err>
</testsuite>
