<?xml version="1.0" encoding="UTF-8"?>
<testsuite name="com.dotmarketing.servlets.ajax.AjaxDirectorServletIntegrationTest" tests="2" skipped="0" failures="0" errors="0" timestamp="2023-06-23T18:26:25" hostname="fv-az592-477" time="0.889">
  <properties/>
  <testcase name="testService[0: com.dotmarketing.servlets.ajax.AjaxDirectorServletTestCase@690152d4]" classname="com.dotmarketing.servlets.ajax.AjaxDirectorServletIntegrationTest" time="0.578"/>
  <testcase name="testService[1: com.dotmarketing.servlets.ajax.AjaxDirectorServletTestCase@4ba9dc32]" classname="com.dotmarketing.servlets.ajax.AjaxDirectorServletIntegrationTest" time="0.311"/>
  <system-out><![CDATA[]]></system-out>
  <system-err><![CDATA[]]></system-err>
</testsuite>
