<?xml version="1.0" encoding="UTF-8"?>
<testsuite name="com.dotcms.rendering.velocity.viewtools.MessageToolTest" tests="1" skipped="0" failures="0" errors="0" timestamp="2023-07-21T16:43:02" hostname="fv-az453-320" time="0.004">
  <properties/>
  <testcase name="test_message_tool" classname="com.dotcms.rendering.velocity.viewtools.MessageToolTest" time="0.004"/>
  <system-out><![CDATA[]]></system-out>
  <system-err><![CDATA[]]></system-err>
</testsuite>
