<?xml version="1.0" encoding="UTF-8"?>
<testsuite name="com.dotcms.publishing.manifest.ManifestUtilTest" tests="3" skipped="0" failures="0" errors="0" timestamp="2023-07-19T19:59:47" hostname="fv-az842-421" time="0.007">
  <properties/>
  <testcase name="testConfigFilePath" classname="com.dotcms.publishing.manifest.ManifestUtilTest" time="0.001"/>
  <testcase name="getManifestInputStreamExpectSuccess" classname="com.dotcms.publishing.manifest.ManifestUtilTest" time="0.005"/>
  <testcase name="getManifestInputStreamExpectFail" classname="com.dotcms.publishing.manifest.ManifestUtilTest" time="0.001"/>
  <system-out><![CDATA[]]></system-out>
  <system-err><![CDATA[]]></system-err>
</testsuite>
