<?xml version="1.0" encoding="UTF-8"?>
<testsuite name="com.dotcms.rest.api.v1.vtl.VTLResourceIntegrationTest" tests="6" skipped="0" failures="0" errors="0" timestamp="2023-06-23T18:29:27" hostname="fv-az561-920" time="9.355">
  <properties/>
  <testcase name="testGet[0: com.dotcms.rest.api.v1.vtl.VTLResourceTestCase@126aa125]" classname="com.dotcms.rest.api.v1.vtl.VTLResourceIntegrationTest" time="1.364"/>
  <testcase name="testGet[1: com.dotcms.rest.api.v1.vtl.VTLResourceTestCase@2b9d6962]" classname="com.dotcms.rest.api.v1.vtl.VTLResourceIntegrationTest" time="1.052"/>
  <testcase name="testGet[2: com.dotcms.rest.api.v1.vtl.VTLResourceTestCase@7ad44478]" classname="com.dotcms.rest.api.v1.vtl.VTLResourceIntegrationTest" time="0.943"/>
  <testcase name="testGet[3: com.dotcms.rest.api.v1.vtl.VTLResourceTestCase@3269326e]" classname="com.dotcms.rest.api.v1.vtl.VTLResourceIntegrationTest" time="1.979"/>
  <testcase name="testGet[4: com.dotcms.rest.api.v1.vtl.VTLResourceTestCase@75cdce8f]" classname="com.dotcms.rest.api.v1.vtl.VTLResourceIntegrationTest" time="1.941"/>
  <testcase name="testGet[5: com.dotcms.rest.api.v1.vtl.VTLResourceTestCase@355b6f2d]" classname="com.dotcms.rest.api.v1.vtl.VTLResourceIntegrationTest" time="2.074"/>
  <system-out><![CDATA[]]></system-out>
  <system-err><![CDATA[]]></system-err>
</testsuite>
