<?xml version="1.0" encoding="UTF-8"?>
<testsuite name="com.dotmarketing.portlets.workflows.business.WorkflowAPITest" tests="49" skipped="0" failures="0" errors="0" timestamp="2023-06-30T17:26:33" hostname="fv-az455-211" time="52.001">
  <properties/>
  <testcase name="mapSystemActionToWorkflowActionForWorkflowScheme_Null_SystemAction_Test" classname="com.dotmarketing.portlets.workflows.business.WorkflowAPITest" time="0.001"/>
  <testcase name="mapSystemActionToWorkflowActionForWorkflowScheme_Null_Workflow_Scheme_Test" classname="com.dotmarketing.portlets.workflows.business.WorkflowAPITest" time="0.003"/>
  <testcase name="findAvailableActions" classname="com.dotmarketing.portlets.workflows.business.WorkflowAPITest" time="1.5"/>
  <testcase name="deleteWorkflowHistoryOldVersions" classname="com.dotmarketing.portlets.workflows.business.WorkflowAPITest" time="1.111"/>
  <testcase name="onLanguageDeletedEvent_Test" classname="com.dotmarketing.portlets.workflows.business.WorkflowAPITest" time="1.148"/>
  <testcase name="Create_Contentlet_Assign_Task_With_Null_Status_Then_Checkin_Then_Verify_Auto_Assign_is_Called_And_New_Task_Is_Set_Contentlet" classname="com.dotmarketing.portlets.workflows.business.WorkflowAPITest" time="1.197"/>
  <testcase name="saveSchemesForStruct" classname="com.dotmarketing.portlets.workflows.business.WorkflowAPITest" time="0.029"/>
  <testcase name="find_Task_By_Contentlet_Then_Find_Version_Info" classname="com.dotmarketing.portlets.workflows.business.WorkflowAPITest" time="1.379"/>
  <testcase name="fireWorkflowAction_checkPropertiesAreCopied_successfully" classname="com.dotmarketing.portlets.workflows.business.WorkflowAPITest" time="1.094"/>
  <testcase name="hasArchiveActionlet_False_Test" classname="com.dotmarketing.portlets.workflows.business.WorkflowAPITest" time="0.003"/>
  <testcase name="findTaskByContentlet" classname="com.dotmarketing.portlets.workflows.business.WorkflowAPITest" time="1.365"/>
  <testcase name="deleteScheme" classname="com.dotmarketing.portlets.workflows.business.WorkflowAPITest" time="6.285"/>
  <testcase name="validatingDocumentManagementWorkflow" classname="com.dotmarketing.portlets.workflows.business.WorkflowAPITest" time="2.69"/>
  <testcase name="mapSystemActionToWorkflowActionForContentType_Null_WFAction_Test" classname="com.dotmarketing.portlets.workflows.business.WorkflowAPITest" time="0.001"/>
  <testcase name="findStepsByContentlet" classname="com.dotmarketing.portlets.workflows.business.WorkflowAPITest" time="1.555"/>
  <testcase name="mapSystemActionToWorkflowActionForWorkflowScheme_InvalidScheme_Test" classname="com.dotmarketing.portlets.workflows.business.WorkflowAPITest" time="0.005"/>
  <testcase name="findFirstStepExistingTest" classname="com.dotmarketing.portlets.workflows.business.WorkflowAPITest" time="0.004"/>
  <testcase name="findStepsByContentlet_validateIfStepsResultsAreOnCache" classname="com.dotmarketing.portlets.workflows.business.WorkflowAPITest" time="2.162"/>
  <testcase name="findAction" classname="com.dotmarketing.portlets.workflows.business.WorkflowAPITest" time="1.222"/>
  <testcase name="findActions" classname="com.dotmarketing.portlets.workflows.business.WorkflowAPITest" time="0.016"/>
  <testcase name="hasArchiveActionlet_True_Test" classname="com.dotmarketing.portlets.workflows.business.WorkflowAPITest" time="0.004"/>
  <testcase name="saveWorkflowTask" classname="com.dotmarketing.portlets.workflows.business.WorkflowAPITest" time="1.094"/>
  <testcase name="findFirstStepNonExistingTest" classname="com.dotmarketing.portlets.workflows.business.WorkflowAPITest" time="0.002"/>
  <testcase name="copy_system_workflow_success" classname="com.dotmarketing.portlets.workflows.business.WorkflowAPITest" time="0.4"/>
  <testcase name="mapSystemActionToWorkflowActionForContentType_Null_SystemAction_Test" classname="com.dotmarketing.portlets.workflows.business.WorkflowAPITest" time="0.001"/>
  <testcase name="findFirstStepForActionExistingTest" classname="com.dotmarketing.portlets.workflows.business.WorkflowAPITest" time="0.004"/>
  <testcase name="delete_action_and_dependencies_Test" classname="com.dotmarketing.portlets.workflows.business.WorkflowAPITest" time="0.296"/>
  <testcase name="send_permission_with_limited_user_Test" classname="com.dotmarketing.portlets.workflows.business.WorkflowAPITest" time="2.019"/>
  <testcase name="mapSystemActionToWorkflowActionForContentType_Test" classname="com.dotmarketing.portlets.workflows.business.WorkflowAPITest" time="0.04"/>
  <testcase name="issue5197" classname="com.dotmarketing.portlets.workflows.business.WorkflowAPITest" time="1.738"/>
  <testcase name="hasPublishActionlet_False_Test" classname="com.dotmarketing.portlets.workflows.business.WorkflowAPITest" time="0.003"/>
  <testcase name="mapSystemActionToWorkflowActionForContentType_InvalidHost_ContentType_Test" classname="com.dotmarketing.portlets.workflows.business.WorkflowAPITest" time="0.003"/>
  <testcase name="findAvailableActions_working_version_get_empty_actions" classname="com.dotmarketing.portlets.workflows.business.WorkflowAPITest" time="0.942"/>
  <testcase name="hasSaveActionlet_True_Test" classname="com.dotmarketing.portlets.workflows.business.WorkflowAPITest" time="0.004"/>
  <testcase name="test_create_workflow_with_two_move_actionlets_test_findActions" classname="com.dotmarketing.portlets.workflows.business.WorkflowAPITest" time="0.069"/>
  <testcase name="mapSystemActionToWorkflowActionForWorkflowScheme_Test" classname="com.dotmarketing.portlets.workflows.business.WorkflowAPITest" time="2.641"/>
  <testcase name="validatingNoObligatorieContentTypeWorkflow" classname="com.dotmarketing.portlets.workflows.business.WorkflowAPITest" time="0.313"/>
  <testcase name="findSchemesForContenttype_validateIfSchemesResultsAreOnCache" classname="com.dotmarketing.portlets.workflows.business.WorkflowAPITest" time="1.551"/>
  <testcase name="saveScheme_keepExistingContentWorkflowTaskStatus_IfWorkflowSchemeRemainsAssociated" classname="com.dotmarketing.portlets.workflows.business.WorkflowAPITest" time="1.657"/>
  <testcase name="findFirstStepForActionNonExistingTest" classname="com.dotmarketing.portlets.workflows.business.WorkflowAPITest" time="0.002"/>
  <testcase name="mapSystemActionToWorkflowActionForContentType_Null_ContentType_Test" classname="com.dotmarketing.portlets.workflows.business.WorkflowAPITest" time="0.003"/>
  <testcase name="hasPublishActionlet_True_Test" classname="com.dotmarketing.portlets.workflows.business.WorkflowAPITest" time="0.002"/>
  <testcase name="mapSystemActionToWorkflowActionForWorkflowScheme_Null_WFAction_Test" classname="com.dotmarketing.portlets.workflows.business.WorkflowAPITest" time="0.001"/>
  <testcase name="findActionsRestrictedByPermission" classname="com.dotmarketing.portlets.workflows.business.WorkflowAPITest" time="0.124"/>
  <testcase name="findActionRespectingPermissions" classname="com.dotmarketing.portlets.workflows.business.WorkflowAPITest" time="1.194"/>
  <testcase name="findActionMappedBySystemActionContentlet_Test" classname="com.dotmarketing.portlets.workflows.business.WorkflowAPITest" time="1.718"/>
  <testcase name="hasSaveActionlet_False_Test" classname="com.dotmarketing.portlets.workflows.business.WorkflowAPITest" time="0.002"/>
  <testcase name="testPushIndexUpdate" classname="com.dotmarketing.portlets.workflows.business.WorkflowAPITest" time="12.802"/>
  <testcase name="archive_success_whenWorkflowIsArchived" classname="com.dotmarketing.portlets.workflows.business.WorkflowAPITest" time="0.594"/>
  <system-out><![CDATA[



]]></system-out>
  <system-err><![CDATA[]]></system-err>
</testsuite>
