<?xml version="1.0" encoding="UTF-8"?>
<testsuite name="com.dotmarketing.servlets.ajax.AjaxDirectorServletIntegrationTest" tests="2" skipped="0" failures="0" errors="0" timestamp="2023-06-27T02:03:02" hostname="fv-az419-343" time="3.609">
  <properties/>
  <testcase name="testService[0: com.dotmarketing.servlets.ajax.AjaxDirectorServletTestCase@6376a70]" classname="com.dotmarketing.servlets.ajax.AjaxDirectorServletIntegrationTest" time="1.321"/>
  <testcase name="testService[1: com.dotmarketing.servlets.ajax.AjaxDirectorServletTestCase@313a2ec9]" classname="com.dotmarketing.servlets.ajax.AjaxDirectorServletIntegrationTest" time="2.288"/>
  <system-out><![CDATA[]]></system-out>
  <system-err><![CDATA[]]></system-err>
</testsuite>
