<?xml version="1.0" encoding="UTF-8"?>
<testsuite name="com.dotcms.rest.api.v1.contenttype.ContentTypeResourceTest" tests="9" skipped="0" failures="0" errors="0" timestamp="2023-07-17T21:08:57" hostname="fv-az799-554" time="18.689">
  <properties/>
  <testcase name="getBaseTypes_asAdmin" classname="com.dotcms.rest.api.v1.contenttype.ContentTypeResourceTest" time="0.333"/>
  <testcase name="getContentTypes" classname="com.dotcms.rest.api.v1.contenttype.ContentTypeResourceTest" time="0.02"/>
  <testcase name="testGetRecentBaseTypes_whenCommunity_excludeTypes[0: com.dotcms.rest.api.v1.contenttype.ContentTypeResourceTest$TestCase@4f72ec1a]" classname="com.dotcms.rest.api.v1.contenttype.ContentTypeResourceTest" time="0.016"/>
  <testcase name="testGetRecentBaseTypes_whenCommunity_excludeTypes[1: com.dotcms.rest.api.v1.contenttype.ContentTypeResourceTest$TestCase@37f57fd9]" classname="com.dotcms.rest.api.v1.contenttype.ContentTypeResourceTest" time="0.003"/>
  <testcase name="getBaseTypes_asLimitedUser" classname="com.dotcms.rest.api.v1.contenttype.ContentTypeResourceTest" time="0.878"/>
  <testcase name="testMain" classname="com.dotcms.rest.api.v1.contenttype.ContentTypeResourceTest" time="10.614"/>
  <testcase name="getContentTypes_GivenNotExistingTypeName_ShouldThrowError" classname="com.dotcms.rest.api.v1.contenttype.ContentTypeResourceTest" time="0.003"/>
  <testcase name="getContentTypesWithoutType" classname="com.dotcms.rest.api.v1.contenttype.ContentTypeResourceTest" time="0.013"/>
  <testcase name="Simple_Test_Using_VarName" classname="com.dotcms.rest.api.v1.contenttype.ContentTypeResourceTest" time="6.807"/>
  <system-out><![CDATA[]]></system-out>
  <system-err><![CDATA[]]></system-err>
</testsuite>
