<?xml version="1.0" encoding="UTF-8"?>
<testsuite name="com.dotcms.rest.TagResourceIntegrationTest" tests="4" skipped="0" failures="0" errors="0" timestamp="2023-06-28T14:43:49" hostname="fv-az452-705" time="0.351">
  <properties/>
  <testcase name="testList[0: com.dotcms.rest.TagResourceTestCase@aecf13a]" classname="com.dotcms.rest.TagResourceIntegrationTest" time="0.286"/>
  <testcase name="testList[1: com.dotcms.rest.TagResourceTestCase@3b3146bf]" classname="com.dotcms.rest.TagResourceIntegrationTest" time="0.024"/>
  <testcase name="testList[2: com.dotcms.rest.TagResourceTestCase@40383ebe]" classname="com.dotcms.rest.TagResourceIntegrationTest" time="0.019"/>
  <testcase name="testList[3: com.dotcms.rest.TagResourceTestCase@6e37a6d8]" classname="com.dotcms.rest.TagResourceIntegrationTest" time="0.021"/>
  <system-out><![CDATA[]]></system-out>
  <system-err><![CDATA[Jun 28, 2023 2:43:49 PM com.dotcms.repackage.org.hibernate.validator.internal.util.Version <clinit>
INFO: HV000001: Hibernate Validator 4.3.2.Final
]]></system-err>
</testsuite>
