<?xml version="1.0" encoding="UTF-8"?>
<testsuite name="com.dotcms.csspreproc.CSSPreProcessServletTest" tests="3" skipped="0" failures="0" errors="0" timestamp="2023-06-29T21:13:36" hostname="fv-az674-164" time="1.122">
  <properties/>
  <testcase name="testCompileScssFileWithImport" classname="com.dotcms.csspreproc.CSSPreProcessServletTest" time="1.088"/>
  <testcase name="testCompileValidScssFile" classname="com.dotcms.csspreproc.CSSPreProcessServletTest" time="0.017"/>
  <testcase name="testCompileInvalidScssFile" classname="com.dotcms.csspreproc.CSSPreProcessServletTest" time="0.017"/>
  <system-out><![CDATA[]]></system-out>
  <system-err><![CDATA[]]></system-err>
</testsuite>
