<?xml version="1.0" encoding="UTF-8"?>
<testsuite name="com.dotmarketing.servlets.ajax.AjaxDirectorServletIntegrationTest" tests="2" skipped="0" failures="0" errors="0" timestamp="2023-06-28T16:40:58" hostname="fv-az395-584" time="1.188">
  <properties/>
  <testcase name="testService[0: com.dotmarketing.servlets.ajax.AjaxDirectorServletTestCase@61eebbf2]" classname="com.dotmarketing.servlets.ajax.AjaxDirectorServletIntegrationTest" time="0.952"/>
  <testcase name="testService[1: com.dotmarketing.servlets.ajax.AjaxDirectorServletTestCase@1fd0368d]" classname="com.dotmarketing.servlets.ajax.AjaxDirectorServletIntegrationTest" time="0.236"/>
  <system-out><![CDATA[]]></system-out>
  <system-err><![CDATA[]]></system-err>
</testsuite>
