<?xml version="1.0" encoding="UTF-8"?>
<testsuite name="com.dotmarketing.portlets.structure.model.ContentletRelationshipsTest" tests="7" skipped="0" failures="0" errors="0" timestamp="2023-07-06T21:30:18" hostname="fv-az440-292" time="9.556">
  <properties/>
  <testcase name="testDoesAllowOnlyOne[0: com.dotmarketing.portlets.structure.model.ContentletRelationshipsTest$CardinalityTestCase@49e7d79]" classname="com.dotmarketing.portlets.structure.model.ContentletRelationshipsTest" time="0.526"/>
  <testcase name="testDoesAllowOnlyOne[1: com.dotmarketing.portlets.structure.model.ContentletRelationshipsTest$CardinalityTestCase@61d9c402]" classname="com.dotmarketing.portlets.structure.model.ContentletRelationshipsTest" time="0.508"/>
  <testcase name="testDoesAllowOnlyOne[2: com.dotmarketing.portlets.structure.model.ContentletRelationshipsTest$CardinalityTestCase@4e282988]" classname="com.dotmarketing.portlets.structure.model.ContentletRelationshipsTest" time="0.561"/>
  <testcase name="testGetRelationshipRecords[0: com.dotmarketing.portlets.structure.model.ContentletRelationshipsTest$TestCase@18c05d6b]" classname="com.dotmarketing.portlets.structure.model.ContentletRelationshipsTest" time="2.052"/>
  <testcase name="testGetRelationshipRecords[1: com.dotmarketing.portlets.structure.model.ContentletRelationshipsTest$TestCase@6f428ebf]" classname="com.dotmarketing.portlets.structure.model.ContentletRelationshipsTest" time="2.133"/>
  <testcase name="testGetRelationshipRecords[2: com.dotmarketing.portlets.structure.model.ContentletRelationshipsTest$TestCase@4014ae81]" classname="com.dotmarketing.portlets.structure.model.ContentletRelationshipsTest" time="1.875"/>
  <testcase name="testGetRelationshipRecords[3: com.dotmarketing.portlets.structure.model.ContentletRelationshipsTest$TestCase@4f7fbb62]" classname="com.dotmarketing.portlets.structure.model.ContentletRelationshipsTest" time="1.901"/>
  <system-out><![CDATA[]]></system-out>
  <system-err><![CDATA[]]></system-err>
</testsuite>
