<?xml version="1.0" encoding="UTF-8"?>
<testsuite name="com.dotmarketing.portlets.containers.business.ContainerAPIImplTest" tests="20" skipped="0" failures="0" errors="0" timestamp="2023-06-30T16:08:32" hostname="fv-az470-104" time="122.515">
  <properties/>
  <testcase name="whenFindFileContainerByAbsolutePathAndExistsInCurrentHost" classname="com.dotmarketing.portlets.containers.business.ContainerAPIImplTest" time="10.956"/>
  <testcase name="test_get_live_not_found" classname="com.dotmarketing.portlets.containers.business.ContainerAPIImplTest" time="0.008"/>
  <testcase name="whenFindContainerByIdAndUserNotHasPermission" classname="com.dotmarketing.portlets.containers.business.ContainerAPIImplTest" time="10.868"/>
  <testcase name="test_get_container_by_folder_found" classname="com.dotmarketing.portlets.containers.business.ContainerAPIImplTest" time="10.399"/>
  <testcase name="whenFindPublishContainerByIdAndExistsAndLiveTrue" classname="com.dotmarketing.portlets.containers.business.ContainerAPIImplTest" time="0.622"/>
  <testcase name="whenFindPublishContainerByIdAndExistsAndLiveFalse" classname="com.dotmarketing.portlets.containers.business.ContainerAPIImplTest" time="1.075"/>
  <testcase name="test_find_all_containers_success" classname="com.dotmarketing.portlets.containers.business.ContainerAPIImplTest" time="9.716"/>
  <testcase name="whenFindFileContainerByAbsolutePathAndExists" classname="com.dotmarketing.portlets.containers.business.ContainerAPIImplTest" time="9.746"/>
  <testcase name="whenFindFileContainerByRelativePathAndNotExists" classname="com.dotmarketing.portlets.containers.business.ContainerAPIImplTest" time="0.002"/>
  <testcase name="whenFindPublishedFileContainerByAbsolutePathAndExists" classname="com.dotmarketing.portlets.containers.business.ContainerAPIImplTest" time="9.648"/>
  <testcase name="test_getContainerByFolder_cache" classname="com.dotmarketing.portlets.containers.business.ContainerAPIImplTest" time="1.245"/>
  <testcase name="test_containerapi_find_by_inode" classname="com.dotmarketing.portlets.containers.business.ContainerAPIImplTest" time="0.809"/>
  <testcase name="getContentTypesInContainer" classname="com.dotmarketing.portlets.containers.business.ContainerAPIImplTest" time="4.984"/>
  <testcase name="test_find_container_not_found" classname="com.dotmarketing.portlets.containers.business.ContainerAPIImplTest" time="1.091"/>
  <testcase name="whenFindContainerByIdAndExists" classname="com.dotmarketing.portlets.containers.business.ContainerAPIImplTest" time="0.016"/>
  <testcase name="whenUserNotHavePermissionInDefaultHost" classname="com.dotmarketing.portlets.containers.business.ContainerAPIImplTest" time="12.763"/>
  <testcase name="test_get_working_found" classname="com.dotmarketing.portlets.containers.business.ContainerAPIImplTest" time="10.254"/>
  <testcase name="whenFindFileContainerByAbsolutePathAndExistsInDefaultHost" classname="com.dotmarketing.portlets.containers.business.ContainerAPIImplTest" time="12.397"/>
  <testcase name="whenUserNotHavePermissionInCurrentHost" classname="com.dotmarketing.portlets.containers.business.ContainerAPIImplTest" time="15.913"/>
  <testcase name="whenFindContainerByIdAndNotExists" classname="com.dotmarketing.portlets.containers.business.ContainerAPIImplTest" time="0.001"/>
  <system-out><![CDATA[]]></system-out>
  <system-err><![CDATA[]]></system-err>
</testsuite>
