<?xml version="1.0" encoding="UTF-8"?>
<testsuite name="com.dotcms.util.content.json.PopulateContentletAsJSONUtilTest" tests="3" skipped="0" failures="0" errors="0" timestamp="2023-07-14T16:25:41" hostname="fv-az364-103" time="100.921">
  <properties/>
  <testcase name="Test_populate_everything" classname="com.dotcms.util.content.json.PopulateContentletAsJSONUtilTest" time="53.797"/>
  <testcase name="Test_populate_All_excluding_host" classname="com.dotcms.util.content.json.PopulateContentletAsJSONUtilTest" time="15.096"/>
  <testcase name="Test_populate_host" classname="com.dotcms.util.content.json.PopulateContentletAsJSONUtilTest" time="32.028"/>
  <system-out><![CDATA[]]></system-out>
  <system-err><![CDATA[]]></system-err>
</testsuite>
