<?xml version="1.0" encoding="UTF-8"?>
<testsuite name="com.dotcms.rest.TagResourceIntegrationTest" tests="4" skipped="0" failures="0" errors="0" timestamp="2023-06-24T00:24:55" hostname="fv-az309-60" time="0.306">
  <properties/>
  <testcase name="testList[0: com.dotcms.rest.TagResourceTestCase@32125473]" classname="com.dotcms.rest.TagResourceIntegrationTest" time="0.242"/>
  <testcase name="testList[1: com.dotcms.rest.TagResourceTestCase@44329378]" classname="com.dotcms.rest.TagResourceIntegrationTest" time="0.021"/>
  <testcase name="testList[2: com.dotcms.rest.TagResourceTestCase@5d3d8898]" classname="com.dotcms.rest.TagResourceIntegrationTest" time="0.017"/>
  <testcase name="testList[3: com.dotcms.rest.TagResourceTestCase@55ea0439]" classname="com.dotcms.rest.TagResourceIntegrationTest" time="0.024"/>
  <system-out><![CDATA[]]></system-out>
  <system-err><![CDATA[Jun 24, 2023 12:24:55 AM com.dotcms.repackage.org.hibernate.validator.internal.util.Version <clinit>
INFO: HV000001: Hibernate Validator 4.3.2.Final
]]></system-err>
</testsuite>
