<?xml version="1.0" encoding="UTF-8"?>
<testsuite name="com.dotcms.rest.api.v1.vtl.VTLResourceIntegrationTest" tests="6" skipped="0" failures="0" errors="0" timestamp="2023-06-24T02:44:36" hostname="fv-az1128-296" time="11.023">
  <properties/>
  <testcase name="testGet[0: com.dotcms.rest.api.v1.vtl.VTLResourceTestCase@5621e83b]" classname="com.dotcms.rest.api.v1.vtl.VTLResourceIntegrationTest" time="2.196"/>
  <testcase name="testGet[1: com.dotcms.rest.api.v1.vtl.VTLResourceTestCase@1bb17731]" classname="com.dotcms.rest.api.v1.vtl.VTLResourceIntegrationTest" time="1.966"/>
  <testcase name="testGet[2: com.dotcms.rest.api.v1.vtl.VTLResourceTestCase@28bbef97]" classname="com.dotcms.rest.api.v1.vtl.VTLResourceIntegrationTest" time="2.203"/>
  <testcase name="testGet[3: com.dotcms.rest.api.v1.vtl.VTLResourceTestCase@70634ff5]" classname="com.dotcms.rest.api.v1.vtl.VTLResourceIntegrationTest" time="1.81"/>
  <testcase name="testGet[4: com.dotcms.rest.api.v1.vtl.VTLResourceTestCase@29da01f2]" classname="com.dotcms.rest.api.v1.vtl.VTLResourceIntegrationTest" time="0.947"/>
  <testcase name="testGet[5: com.dotcms.rest.api.v1.vtl.VTLResourceTestCase@3942f307]" classname="com.dotcms.rest.api.v1.vtl.VTLResourceIntegrationTest" time="1.901"/>
  <system-out><![CDATA[]]></system-out>
  <system-err><![CDATA[]]></system-err>
</testsuite>
