<?xml version="1.0" encoding="UTF-8"?>
<testsuite name="com.dotmarketing.portlets.structure.model.ContentletRelationshipsTest" tests="7" skipped="0" failures="0" errors="0" timestamp="2023-07-11T18:04:44" hostname="fv-az1032-278" time="8.338">
  <properties/>
  <testcase name="testDoesAllowOnlyOne[0: com.dotmarketing.portlets.structure.model.ContentletRelationshipsTest$CardinalityTestCase@7a1c9b74]" classname="com.dotmarketing.portlets.structure.model.ContentletRelationshipsTest" time="0.43"/>
  <testcase name="testDoesAllowOnlyOne[1: com.dotmarketing.portlets.structure.model.ContentletRelationshipsTest$CardinalityTestCase@11e5ca39]" classname="com.dotmarketing.portlets.structure.model.ContentletRelationshipsTest" time="0.395"/>
  <testcase name="testDoesAllowOnlyOne[2: com.dotmarketing.portlets.structure.model.ContentletRelationshipsTest$CardinalityTestCase@1c415e79]" classname="com.dotmarketing.portlets.structure.model.ContentletRelationshipsTest" time="0.406"/>
  <testcase name="testGetRelationshipRecords[0: com.dotmarketing.portlets.structure.model.ContentletRelationshipsTest$TestCase@32bab73f]" classname="com.dotmarketing.portlets.structure.model.ContentletRelationshipsTest" time="1.862"/>
  <testcase name="testGetRelationshipRecords[1: com.dotmarketing.portlets.structure.model.ContentletRelationshipsTest$TestCase@2c635d27]" classname="com.dotmarketing.portlets.structure.model.ContentletRelationshipsTest" time="1.8"/>
  <testcase name="testGetRelationshipRecords[2: com.dotmarketing.portlets.structure.model.ContentletRelationshipsTest$TestCase@13e8fe90]" classname="com.dotmarketing.portlets.structure.model.ContentletRelationshipsTest" time="1.729"/>
  <testcase name="testGetRelationshipRecords[3: com.dotmarketing.portlets.structure.model.ContentletRelationshipsTest$TestCase@5ccc802]" classname="com.dotmarketing.portlets.structure.model.ContentletRelationshipsTest" time="1.715"/>
  <system-out><![CDATA[]]></system-out>
  <system-err><![CDATA[]]></system-err>
</testsuite>
