<?xml version="1.0" encoding="UTF-8"?>
<testsuite name="com.dotcms.contenttype.test.ContentResourceTest" tests="52" skipped="0" failures="0" errors="0" timestamp="2023-07-14T23:07:35" hostname="fv-az809-141" time="138.489">
  <properties/>
  <testcase name="testGetContentShouldReturnIconDetails" classname="com.dotcms.contenttype.test.ContentResourceTest" time="1.444"/>
  <testcase name="Test_Save_Action_Set_Words_To_Required_NumericField_Issue_15340" classname="com.dotcms.contenttype.test.ContentResourceTest" time="0.828"/>
  <testcase name="test_getContent_includeGrandChildCategory_success" classname="com.dotcms.contenttype.test.ContentResourceTest" time="1.272"/>
  <testcase name="testGetContentWithRelatedParameter[0: com.dotcms.contenttype.test.ContentResourceTest$PullRelatedTestCase@1f35cae0]" classname="com.dotcms.contenttype.test.ContentResourceTest" time="3.862"/>
  <testcase name="testGetContentWithRelatedParameter[1: com.dotcms.contenttype.test.ContentResourceTest$PullRelatedTestCase@646ec969]" classname="com.dotcms.contenttype.test.ContentResourceTest" time="3.49"/>
  <testcase name="testGetContentWithRelatedParameter[2: com.dotcms.contenttype.test.ContentResourceTest$PullRelatedTestCase@5b0076fd]" classname="com.dotcms.contenttype.test.ContentResourceTest" time="3.727"/>
  <testcase name="testGetContentWithRelatedParameter[3: com.dotcms.contenttype.test.ContentResourceTest$PullRelatedTestCase@bbe2028]" classname="com.dotcms.contenttype.test.ContentResourceTest" time="3.437"/>
  <testcase name="testGetContentWithRelatedParameter[4: com.dotcms.contenttype.test.ContentResourceTest$PullRelatedTestCase@3a6d8975]" classname="com.dotcms.contenttype.test.ContentResourceTest" time="3.482"/>
  <testcase name="test_getContent_SelfRelatedWith3LevelsOfDepth_shouldReturnRelationships" classname="com.dotcms.contenttype.test.ContentResourceTest" time="1.237"/>
  <testcase name="Test_Save_Action_Send_Fields_SubSet_Issue_15340" classname="com.dotcms.contenttype.test.ContentResourceTest" time="2.817"/>
  <testcase name="test_getContent_shouldReturnRelationships[0: com.dotcms.contenttype.test.ContentResourceTest$TestCase@285a3ad0]" classname="com.dotcms.contenttype.test.ContentResourceTest" time="2.737"/>
  <testcase name="test_getContent_shouldReturnRelationships[1: com.dotcms.contenttype.test.ContentResourceTest$TestCase@703506b8]" classname="com.dotcms.contenttype.test.ContentResourceTest" time="2.912"/>
  <testcase name="test_getContent_shouldReturnRelationships[2: com.dotcms.contenttype.test.ContentResourceTest$TestCase@a70d7f6]" classname="com.dotcms.contenttype.test.ContentResourceTest" time="2.853"/>
  <testcase name="test_getContent_shouldReturnRelationships[3: com.dotcms.contenttype.test.ContentResourceTest$TestCase@5c80c1ec]" classname="com.dotcms.contenttype.test.ContentResourceTest" time="3.023"/>
  <testcase name="test_getContent_shouldReturnRelationships[4: com.dotcms.contenttype.test.ContentResourceTest$TestCase@2575fc16]" classname="com.dotcms.contenttype.test.ContentResourceTest" time="2.894"/>
  <testcase name="test_getContent_shouldReturnRelationships[5: com.dotcms.contenttype.test.ContentResourceTest$TestCase@7dad3ec6]" classname="com.dotcms.contenttype.test.ContentResourceTest" time="2.704"/>
  <testcase name="test_getContent_shouldReturnRelationships[6: com.dotcms.contenttype.test.ContentResourceTest$TestCase@716e89e2]" classname="com.dotcms.contenttype.test.ContentResourceTest" time="2.888"/>
  <testcase name="test_getContent_shouldReturnRelationships[7: com.dotcms.contenttype.test.ContentResourceTest$TestCase@2bbbb982]" classname="com.dotcms.contenttype.test.ContentResourceTest" time="2.801"/>
  <testcase name="test_getContent_shouldReturnRelationships[8: com.dotcms.contenttype.test.ContentResourceTest$TestCase@21a475af]" classname="com.dotcms.contenttype.test.ContentResourceTest" time="2.952"/>
  <testcase name="test_getContent_shouldReturnRelationships[9: com.dotcms.contenttype.test.ContentResourceTest$TestCase@356b2453]" classname="com.dotcms.contenttype.test.ContentResourceTest" time="3.159"/>
  <testcase name="test_getContent_shouldReturnRelationships[10: com.dotcms.contenttype.test.ContentResourceTest$TestCase@30cf8a85]" classname="com.dotcms.contenttype.test.ContentResourceTest" time="2.824"/>
  <testcase name="test_getContent_shouldReturnRelationships[11: com.dotcms.contenttype.test.ContentResourceTest$TestCase@46ce52b7]" classname="com.dotcms.contenttype.test.ContentResourceTest" time="2.638"/>
  <testcase name="test_getContent_shouldReturnRelationships[12: com.dotcms.contenttype.test.ContentResourceTest$TestCase@44c55ecc]" classname="com.dotcms.contenttype.test.ContentResourceTest" time="1.847"/>
  <testcase name="test_getContent_shouldReturnRelationships[13: com.dotcms.contenttype.test.ContentResourceTest$TestCase@2860a3bb]" classname="com.dotcms.contenttype.test.ContentResourceTest" time="2.801"/>
  <testcase name="test_getContent_shouldReturnRelationships[14: com.dotcms.contenttype.test.ContentResourceTest$TestCase@64b78f90]" classname="com.dotcms.contenttype.test.ContentResourceTest" time="2.705"/>
  <testcase name="test_getContent_shouldReturnRelationships[15: com.dotcms.contenttype.test.ContentResourceTest$TestCase@50d8225b]" classname="com.dotcms.contenttype.test.ContentResourceTest" time="2.777"/>
  <testcase name="test_getContent_shouldReturnRelationships[16: com.dotcms.contenttype.test.ContentResourceTest$TestCase@3e8535b2]" classname="com.dotcms.contenttype.test.ContentResourceTest" time="3.657"/>
  <testcase name="test_getContent_shouldReturnRelationships[17: com.dotcms.contenttype.test.ContentResourceTest$TestCase@135524a2]" classname="com.dotcms.contenttype.test.ContentResourceTest" time="1.944"/>
  <testcase name="test_getContent_shouldReturnRelationships[18: com.dotcms.contenttype.test.ContentResourceTest$TestCase@4bc6e257]" classname="com.dotcms.contenttype.test.ContentResourceTest" time="3.003"/>
  <testcase name="test_getContent_shouldReturnRelationships[19: com.dotcms.contenttype.test.ContentResourceTest$TestCase@5a1ddb8e]" classname="com.dotcms.contenttype.test.ContentResourceTest" time="3.036"/>
  <testcase name="test_getContent_shouldReturnRelationships[20: com.dotcms.contenttype.test.ContentResourceTest$TestCase@4da25dda]" classname="com.dotcms.contenttype.test.ContentResourceTest" time="3.069"/>
  <testcase name="test_getContent_shouldReturnRelationships[21: com.dotcms.contenttype.test.ContentResourceTest$TestCase@776800f8]" classname="com.dotcms.contenttype.test.ContentResourceTest" time="3.163"/>
  <testcase name="test_getContent_shouldReturnRelationships[22: com.dotcms.contenttype.test.ContentResourceTest$TestCase@bc08018]" classname="com.dotcms.contenttype.test.ContentResourceTest" time="2.861"/>
  <testcase name="test_getContent_shouldReturnRelationships[23: com.dotcms.contenttype.test.ContentResourceTest$TestCase@3fb5eb45]" classname="com.dotcms.contenttype.test.ContentResourceTest" time="2.98"/>
  <testcase name="test_getContent_shouldReturnRelationships[24: com.dotcms.contenttype.test.ContentResourceTest$TestCase@60263de4]" classname="com.dotcms.contenttype.test.ContentResourceTest" time="2.972"/>
  <testcase name="test_getContent_shouldReturnRelationships[25: com.dotcms.contenttype.test.ContentResourceTest$TestCase@577e9ed8]" classname="com.dotcms.contenttype.test.ContentResourceTest" time="3.021"/>
  <testcase name="test_getContent_shouldReturnRelationships[26: com.dotcms.contenttype.test.ContentResourceTest$TestCase@58b1146f]" classname="com.dotcms.contenttype.test.ContentResourceTest" time="2.125"/>
  <testcase name="test_getContent_shouldReturnRelationships[27: com.dotcms.contenttype.test.ContentResourceTest$TestCase@484e33ff]" classname="com.dotcms.contenttype.test.ContentResourceTest" time="2.848"/>
  <testcase name="test_getContent_shouldReturnRelationships[28: com.dotcms.contenttype.test.ContentResourceTest$TestCase@19d6ee0f]" classname="com.dotcms.contenttype.test.ContentResourceTest" time="3.157"/>
  <testcase name="test_getContent_shouldReturnRelationships[29: com.dotcms.contenttype.test.ContentResourceTest$TestCase@3afd3bb3]" classname="com.dotcms.contenttype.test.ContentResourceTest" time="2.914"/>
  <testcase name="test_getContent_shouldReturnRelationships[30: com.dotcms.contenttype.test.ContentResourceTest$TestCase@6a3f52ef]" classname="com.dotcms.contenttype.test.ContentResourceTest" time="2.834"/>
  <testcase name="test_getContent_shouldReturnRelationships[31: com.dotcms.contenttype.test.ContentResourceTest$TestCase@53d7459c]" classname="com.dotcms.contenttype.test.ContentResourceTest" time="2.876"/>
  <testcase name="test_getContent_shouldReturnRelationships[32: com.dotcms.contenttype.test.ContentResourceTest$TestCase@7ddf7f7f]" classname="com.dotcms.contenttype.test.ContentResourceTest" time="3.788"/>
  <testcase name="test_getContent_shouldReturnRelationships[33: com.dotcms.contenttype.test.ContentResourceTest$TestCase@2eace3d4]" classname="com.dotcms.contenttype.test.ContentResourceTest" time="4.096"/>
  <testcase name="testSinglePOST_InvalidParamsShouldReturn400[0: ({\n    &quot;stInode&quot; : &quot;InvalidValue&quot;,\n    &quot;numeric&quot; : &quot;0&quot;,\n    &quot;image&quot; : &quot;whatever&quot;\n}, Bad Request)]" classname="com.dotcms.contenttype.test.ContentResourceTest" time="0.834"/>
  <testcase name="testSinglePOST_InvalidParamsShouldReturn400[1: ({\n    &quot;numeric&quot; : &quot;0&quot;,\n    &quot;image&quot; : &quot;whatever&quot;\n}, Bad Request)]" classname="com.dotcms.contenttype.test.ContentResourceTest" time="0.794"/>
  <testcase name="Test_Save_Action_Set_Null_To_Required_NumericField_Issue_15340" classname="com.dotcms.contenttype.test.ContentResourceTest" time="0.823"/>
  <testcase name="Test_Save_Action_Remove_Image_Then_Verify_Fields_Were_Cleared_Issue_15340" classname="com.dotcms.contenttype.test.ContentResourceTest" time="3.613"/>
  <testcase name="test_getContentWithMultipleSelfRelated_shouldReturnRelationships[0: com.dotcms.contenttype.test.ContentResourceTest$PullSelfRelatedTestCase@57862d2f]" classname="com.dotcms.contenttype.test.ContentResourceTest" time="1.588"/>
  <testcase name="test_getContentWithMultipleSelfRelated_shouldReturnRelationships[1: com.dotcms.contenttype.test.ContentResourceTest$PullSelfRelatedTestCase@51a49427]" classname="com.dotcms.contenttype.test.ContentResourceTest" time="1.605"/>
  <testcase name="testGetContentWithAllCategoriesInfo[0: json]" classname="com.dotcms.contenttype.test.ContentResourceTest" time="2.38"/>
  <testcase name="testGetContentWithAllCategoriesInfo[1: xml]" classname="com.dotcms.contenttype.test.ContentResourceTest" time="2.388"/>
  <system-out><![CDATA[











]]></system-out>
  <system-err><![CDATA[]]></system-err>
</testsuite>
