<?xml version="1.0" encoding="UTF-8"?>
<testsuite name="com.dotmarketing.portlets.contentlet.model.ContentletIntegrationTest" tests="15" skipped="0" failures="0" errors="0" timestamp="2023-07-06T20:13:05" hostname="fv-az1234-650" time="67.901">
  <properties/>
  <testcase name="testSetRelatedForOneSidedRelationship[0: com.dotmarketing.portlets.contentlet.model.ContentletIntegrationTest$SetRelatedTestCase@5c1259d4]" classname="com.dotmarketing.portlets.contentlet.model.ContentletIntegrationTest" time="4.712"/>
  <testcase name="testSetRelatedForOneSidedRelationship[1: com.dotmarketing.portlets.contentlet.model.ContentletIntegrationTest$SetRelatedTestCase@54685aee]" classname="com.dotmarketing.portlets.contentlet.model.ContentletIntegrationTest" time="4.261"/>
  <testcase name="testSetRelatedForOneSidedRelationship[2: com.dotmarketing.portlets.contentlet.model.ContentletIntegrationTest$SetRelatedTestCase@3bd14fc7]" classname="com.dotmarketing.portlets.contentlet.model.ContentletIntegrationTest" time="4.898"/>
  <testcase name="testSetRelatedForOneSidedRelationship[3: com.dotmarketing.portlets.contentlet.model.ContentletIntegrationTest$SetRelatedTestCase@3794bdc5]" classname="com.dotmarketing.portlets.contentlet.model.ContentletIntegrationTest" time="5.044"/>
  <testcase name="testSetRelatedForOneSidedRelationship[4: com.dotmarketing.portlets.contentlet.model.ContentletIntegrationTest$SetRelatedTestCase@79069e1a]" classname="com.dotmarketing.portlets.contentlet.model.ContentletIntegrationTest" time="1.512"/>
  <testcase name="testGetRelatedForOneSidedRelationshipWhenLimitedUserShouldReturnEmptyList" classname="com.dotmarketing.portlets.contentlet.model.ContentletIntegrationTest" time="2.215"/>
  <testcase name="testSetRelatedForSelfRelationship[0: com.dotmarketing.portlets.contentlet.model.ContentletIntegrationTest$SetRelatedTestCase@5c1259d4]" classname="com.dotmarketing.portlets.contentlet.model.ContentletIntegrationTest" time="8.459"/>
  <testcase name="testSetRelatedForSelfRelationship[1: com.dotmarketing.portlets.contentlet.model.ContentletIntegrationTest$SetRelatedTestCase@54685aee]" classname="com.dotmarketing.portlets.contentlet.model.ContentletIntegrationTest" time="9.945"/>
  <testcase name="testSetRelatedForSelfRelationship[2: com.dotmarketing.portlets.contentlet.model.ContentletIntegrationTest$SetRelatedTestCase@3bd14fc7]" classname="com.dotmarketing.portlets.contentlet.model.ContentletIntegrationTest" time="10.318"/>
  <testcase name="testSetRelatedForSelfRelationship[3: com.dotmarketing.portlets.contentlet.model.ContentletIntegrationTest$SetRelatedTestCase@3794bdc5]" classname="com.dotmarketing.portlets.contentlet.model.ContentletIntegrationTest" time="8.907"/>
  <testcase name="testSetRelatedForSelfRelationship[4: com.dotmarketing.portlets.contentlet.model.ContentletIntegrationTest$SetRelatedTestCase@79069e1a]" classname="com.dotmarketing.portlets.contentlet.model.ContentletIntegrationTest" time="1.792"/>
  <testcase name="testGetRelatedForOneSidedRelationship" classname="com.dotmarketing.portlets.contentlet.model.ContentletIntegrationTest" time="1.908"/>
  <testcase name="testGetRelatedWhenNoRelatedContentShouldReturnEmptyList" classname="com.dotmarketing.portlets.contentlet.model.ContentletIntegrationTest" time="1.553"/>
  <testcase name="testGetContentTypeAlwaysReturnsTheLatestCachedVersion" classname="com.dotmarketing.portlets.contentlet.model.ContentletIntegrationTest" time="1.182"/>
  <testcase name="testGetRelatedWhenInvalidVarFieldShouldThrowAnException" classname="com.dotmarketing.portlets.contentlet.model.ContentletIntegrationTest" time="1.193"/>
  <system-out><![CDATA[]]></system-out>
  <system-err><![CDATA[]]></system-err>
</testsuite>
