<?xml version="1.0" encoding="UTF-8"?>
<testsuite name="com.dotcms.rest.api.v1.vtl.VTLResourceIntegrationTest" tests="6" skipped="0" failures="0" errors="0" timestamp="2023-07-18T22:37:07" hostname="fv-az193-732" time="12.155">
  <properties/>
  <testcase name="testGet[0: com.dotcms.rest.api.v1.vtl.VTLResourceTestCase@1d190ca5]" classname="com.dotcms.rest.api.v1.vtl.VTLResourceIntegrationTest" time="2.186"/>
  <testcase name="testGet[1: com.dotcms.rest.api.v1.vtl.VTLResourceTestCase@652d00a]" classname="com.dotcms.rest.api.v1.vtl.VTLResourceIntegrationTest" time="1.984"/>
  <testcase name="testGet[2: com.dotcms.rest.api.v1.vtl.VTLResourceTestCase@554ad65]" classname="com.dotcms.rest.api.v1.vtl.VTLResourceIntegrationTest" time="1.968"/>
  <testcase name="testGet[3: com.dotcms.rest.api.v1.vtl.VTLResourceTestCase@d19b790]" classname="com.dotcms.rest.api.v1.vtl.VTLResourceIntegrationTest" time="2.07"/>
  <testcase name="testGet[4: com.dotcms.rest.api.v1.vtl.VTLResourceTestCase@5830feb2]" classname="com.dotcms.rest.api.v1.vtl.VTLResourceIntegrationTest" time="1.933"/>
  <testcase name="testGet[5: com.dotcms.rest.api.v1.vtl.VTLResourceTestCase@4872b73e]" classname="com.dotcms.rest.api.v1.vtl.VTLResourceIntegrationTest" time="2.014"/>
  <system-out><![CDATA[]]></system-out>
  <system-err><![CDATA[]]></system-err>
</testsuite>
