<?xml version="1.0" encoding="UTF-8"?>
<testsuite name="com.dotmarketing.startup.StartupTasksExecutorTest" tests="3" skipped="0" failures="0" errors="0" timestamp="2023-07-18T21:14:15" hostname="fv-az887-517" time="0.019">
  <properties/>
  <testcase name="testGetTaskId[0: com.dotmarketing.startup.StartupTasksExecutorTest$TestCase@2399eead]" classname="com.dotmarketing.startup.StartupTasksExecutorTest" time="0.016"/>
  <testcase name="testGetTaskId[1: com.dotmarketing.startup.StartupTasksExecutorTest$TestCase@1a2cbddd]" classname="com.dotmarketing.startup.StartupTasksExecutorTest" time="0.001"/>
  <testcase name="testGetTaskId[2: com.dotmarketing.startup.StartupTasksExecutorTest$TestCase@5443aaa8]" classname="com.dotmarketing.startup.StartupTasksExecutorTest" time="0.001"/>
  <system-out><![CDATA[]]></system-out>
  <system-err><![CDATA[]]></system-err>
</testsuite>
