<?xml version="1.0" encoding="UTF-8"?>
<testsuite name="com.dotmarketing.startup.runonce.Task05170DefineFrontEndAndBackEndRolesTest" tests="4" skipped="0" failures="0" errors="0" timestamp="2023-07-05T21:52:21" hostname="fv-az402-966" time="2.318">
  <properties/>
  <testcase name="Create_Role_Then_Assign_Layouts_Then_Create_User_Assign_Those_Roles_But_No_BackEndRole_Expect_BackendRole_Added" classname="com.dotmarketing.startup.runonce.Task05170DefineFrontEndAndBackEndRolesTest" time="2.249"/>
  <testcase name="Test_Upgrade_On_Old_Backend_And_Frontend_Roles_Expect_New_Role_Keys" classname="com.dotmarketing.startup.runonce.Task05170DefineFrontEndAndBackEndRolesTest" time="0.03"/>
  <testcase name="Test_Upgrade_On_None_Existing_Roles_Expect_New_Role_Keys" classname="com.dotmarketing.startup.runonce.Task05170DefineFrontEndAndBackEndRolesTest" time="0.019"/>
  <testcase name="Test_Everyone_Gets_The_FrontEnd_Role_User" classname="com.dotmarketing.startup.runonce.Task05170DefineFrontEndAndBackEndRolesTest" time="0.02"/>
  <system-out><![CDATA[]]></system-out>
  <system-err><![CDATA[]]></system-err>
</testsuite>
