<?xml version="1.0" encoding="UTF-8"?>
<testsuite name="com.dotmarketing.servlets.ajax.AjaxDirectorServletIntegrationTest" tests="2" skipped="0" failures="0" errors="0" timestamp="2023-07-13T21:50:29" hostname="fv-az357-263" time="1.773">
  <properties/>
  <testcase name="testService[0: com.dotmarketing.servlets.ajax.AjaxDirectorServletTestCase@49109908]" classname="com.dotmarketing.servlets.ajax.AjaxDirectorServletIntegrationTest" time="1.004"/>
  <testcase name="testService[1: com.dotmarketing.servlets.ajax.AjaxDirectorServletTestCase@2ec059c2]" classname="com.dotmarketing.servlets.ajax.AjaxDirectorServletIntegrationTest" time="0.769"/>
  <system-out><![CDATA[]]></system-out>
  <system-err><![CDATA[]]></system-err>
</testsuite>
