<?xml version="1.0" encoding="UTF-8"?>
<testsuite name="com.dotcms.content.elasticsearch.business.ESContentletAPIImplTest" tests="48" skipped="0" failures="0" errors="0" timestamp="2023-07-14T23:15:06" hostname="fv-az1107-746" time="93.736">
  <properties/>
  <testcase name="flushVanityURLCacheRight" classname="com.dotcms.content.elasticsearch.business.ESContentletAPIImplTest" time="3.875"/>
  <testcase name="differentVersionWithDifferentExpireDate" classname="com.dotcms.content.elasticsearch.business.ESContentletAPIImplTest" time="1.617"/>
  <testcase name="whenTryToLockShouldThrowDotSecurityException" classname="com.dotcms.content.elasticsearch.business.ESContentletAPIImplTest" time="1.797"/>
  <testcase name="findAllVersionsByVariantWithNoAllowUser" classname="com.dotcms.content.elasticsearch.business.ESContentletAPIImplTest" time="3.291"/>
  <testcase name="savingFieldWithUniqueFieldInDifferentHost" classname="com.dotcms.content.elasticsearch.business.ESContentletAPIImplTest" time="2.628"/>
  <testcase name="findAllVersionsByVariantWithNoContentlet" classname="com.dotcms.content.elasticsearch.business.ESContentletAPIImplTest" time="0.007"/>
  <testcase name="shouldUpdateAllTheDifferentLangVersions" classname="com.dotcms.content.elasticsearch.business.ESContentletAPIImplTest" time="2.301"/>
  <testcase name="testIsCheckInSafeWithRelationshipsFieldsShouldReturnTrue" classname="com.dotcms.content.elasticsearch.business.ESContentletAPIImplTest" time="0.64"/>
  <testcase name="testGetRelatedContentWhenIndexIsMessedUp" classname="com.dotcms.content.elasticsearch.business.ESContentletAPIImplTest" time="4.978"/>
  <testcase name="TestFindLiveOrWorkingVersions" classname="com.dotcms.content.elasticsearch.business.ESContentletAPIImplTest" time="7.88"/>
  <testcase name="findContentletByIdentifierAnyLanguageNoDefaultVersion" classname="com.dotcms.content.elasticsearch.business.ESContentletAPIImplTest" time="1.366"/>
  <testcase name="test_getUrlMapForContentlet_with_detail_page_and_pattern" classname="com.dotcms.content.elasticsearch.business.ESContentletAPIImplTest" time="2.465"/>
  <testcase name="test_move_invalid_start_host" classname="com.dotcms.content.elasticsearch.business.ESContentletAPIImplTest" time="0.002"/>
  <testcase name="variantIdOutsideJsonFIeld" classname="com.dotcms.content.elasticsearch.business.ESContentletAPIImplTest" time="1.604"/>
  <testcase name="test_getUrlMapForContentlet_with_bad_detail_page" classname="com.dotcms.content.elasticsearch.business.ESContentletAPIImplTest" time="1.097"/>
  <testcase name="findContentletByIdentifierAnyLanguageAndVariant" classname="com.dotcms.content.elasticsearch.business.ESContentletAPIImplTest" time="1.934"/>
  <testcase name="whenTryToLockShouldWork" classname="com.dotcms.content.elasticsearch.business.ESContentletAPIImplTest" time="1.85"/>
  <testcase name="savingFieldWithUniqueFieldInDifferentHostUsingContentTypeHost" classname="com.dotcms.content.elasticsearch.business.ESContentletAPIImplTest" time="3.409"/>
  <testcase name="findAllVersionsWithOldVersionsByVariant" classname="com.dotcms.content.elasticsearch.business.ESContentletAPIImplTest" time="8.2"/>
  <testcase name="selfRelatedContents" classname="com.dotcms.content.elasticsearch.business.ESContentletAPIImplTest" time="1.868"/>
  <testcase name="testGetRelatedContentFromMultilingualContent" classname="com.dotcms.content.elasticsearch.business.ESContentletAPIImplTest" time="1.76"/>
  <testcase name="shouldUpdateAllTheDifferentVariantsVersions" classname="com.dotcms.content.elasticsearch.business.ESContentletAPIImplTest" time="2.502"/>
  <testcase name="differentVersionWithDifferentPublishDateAndUniquePublishExpireDate" classname="com.dotcms.content.elasticsearch.business.ESContentletAPIImplTest" time="1.391"/>
  <testcase name="testCheckInWithLegacyRelationshipsAndReadOnlyClusterShouldThrowAnException" classname="com.dotcms.content.elasticsearch.business.ESContentletAPIImplTest" time="0.164"/>
  <testcase name="testGetArchivedRelatedChild" classname="com.dotcms.content.elasticsearch.business.ESContentletAPIImplTest" time="1.514"/>
  <testcase name="saveContentToAnotherVariant" classname="com.dotcms.content.elasticsearch.business.ESContentletAPIImplTest" time="1.291"/>
  <testcase name="whenOwnerTryToLockShouldWork" classname="com.dotcms.content.elasticsearch.business.ESContentletAPIImplTest" time="1.974"/>
  <testcase name="savingFieldWithUniqueFieldInTheSameHostTakingContentTypeHost" classname="com.dotcms.content.elasticsearch.business.ESContentletAPIImplTest" time="1.652"/>
  <testcase name="differentVersionWithDifferentExpireDateAndUniquePublishExpireDat" classname="com.dotcms.content.elasticsearch.business.ESContentletAPIImplTest" time="1.628"/>
  <testcase name="savingFieldWithUniqueFieldInTheSameHost" classname="com.dotcms.content.elasticsearch.business.ESContentletAPIImplTest" time="2.465"/>
  <testcase name="test_move_not_exists_path" classname="com.dotcms.content.elasticsearch.business.ESContentletAPIImplTest" time="0.022"/>
  <testcase name="saveAndUpdateContentletWithBinaryField" classname="com.dotcms.content.elasticsearch.business.ESContentletAPIImplTest" time="1.693"/>
  <testcase name="test_getUrlMapForContentlet_with_detail_page_but_no_pattern" classname="com.dotcms.content.elasticsearch.business.ESContentletAPIImplTest" time="2.375"/>
  <testcase name="test_move_invalid_null_host" classname="com.dotcms.content.elasticsearch.business.ESContentletAPIImplTest" time="0.001"/>
  <testcase name="findDeletedContentletByIdentifierAnyLanguage" classname="com.dotcms.content.elasticsearch.business.ESContentletAPIImplTest" time="1.866"/>
  <testcase name="testGetArchivedRelatedParent" classname="com.dotcms.content.elasticsearch.business.ESContentletAPIImplTest" time="1.772"/>
  <testcase name="testIsCheckInSafeWithLegacyRelationshipsShouldReturnFalse" classname="com.dotcms.content.elasticsearch.business.ESContentletAPIImplTest" time="0.114"/>
  <testcase name="findAllVersionsByVariant" classname="com.dotcms.content.elasticsearch.business.ESContentletAPIImplTest" time="2.685"/>
  <testcase name="savingFieldWithUniqueFieldInDifferentHostUniquePerSiteToFalse" classname="com.dotcms.content.elasticsearch.business.ESContentletAPIImplTest" time="2.546"/>
  <testcase name="shouldUpdateAllTheDifferentVariantsVersionsInTheSameLang" classname="com.dotcms.content.elasticsearch.business.ESContentletAPIImplTest" time="2.636"/>
  <testcase name="testIsCheckInSafeWithoutRelationshipsShouldReturnTrue" classname="com.dotcms.content.elasticsearch.business.ESContentletAPIImplTest" time="0.05"/>
  <testcase name="test_move_to_exists_path_invalid_user" classname="com.dotcms.content.elasticsearch.business.ESContentletAPIImplTest" time="1.164"/>
  <testcase name="test_move_invalid_path" classname="com.dotcms.content.elasticsearch.business.ESContentletAPIImplTest" time="0.002"/>
  <testcase name="savingFieldWithUniqueFieldInTheSameHostUniquePerSiteToFalse" classname="com.dotcms.content.elasticsearch.business.ESContentletAPIImplTest" time="2.272"/>
  <testcase name="testCheckInArchivedPageShouldThrowDotDataException" classname="com.dotcms.content.elasticsearch.business.ESContentletAPIImplTest" time="0.885"/>
  <testcase name="differentVersionWithDifferentPublishDate" classname="com.dotcms.content.elasticsearch.business.ESContentletAPIImplTest" time="1.927"/>
  <testcase name="testCopyProperties" classname="com.dotcms.content.elasticsearch.business.ESContentletAPIImplTest" time="1.138"/>
  <testcase name="saveContentToSpecificVariant" classname="com.dotcms.content.elasticsearch.business.ESContentletAPIImplTest" time="1.429"/>
  <system-out><![CDATA[]]></system-out>
  <system-err><![CDATA[]]></system-err>
</testsuite>
