<?xml version="1.0" encoding="UTF-8"?>
<testsuite name="com.dotmarketing.quartz.job.PopulateContentletAsJSONJobTest" tests="1" skipped="0" failures="0" errors="0" timestamp="2023-06-28T18:01:59" hostname="fv-az842-670" time="0.018">
  <properties/>
  <testcase name="test_fireJob" classname="com.dotmarketing.quartz.job.PopulateContentletAsJSONJobTest" time="0.018"/>
  <system-out><![CDATA[]]></system-out>
  <system-err><![CDATA[]]></system-err>
</testsuite>
