<?xml version="1.0" encoding="UTF-8"?>
<testsuite name="com.dotcms.contenttype.test.ContentTypeResourceTest" tests="10" skipped="0" failures="0" errors="0" timestamp="2023-07-18T05:59:21" hostname="fv-az1235-995" time="19.869">
  <properties/>
  <testcase name="testJson[0: content-type-object-insert.json]" classname="com.dotcms.contenttype.test.ContentTypeResourceTest" time="2.397"/>
  <testcase name="testJson[1: page-content-type.json]" classname="com.dotcms.contenttype.test.ContentTypeResourceTest" time="4.794"/>
  <testcase name="testJson[2: widget-type-object.json]" classname="com.dotcms.contenttype.test.ContentTypeResourceTest" time="1.827"/>
  <testcase name="testJson[3: empty-widget.json]" classname="com.dotcms.contenttype.test.ContentTypeResourceTest" time="2.115"/>
  <testcase name="testJson[4: content-type-object.json]" classname="com.dotcms.contenttype.test.ContentTypeResourceTest" time="1.499"/>
  <testcase name="testJson[5: file-asset.json]" classname="com.dotcms.contenttype.test.ContentTypeResourceTest" time="1.888"/>
  <testcase name="testJson[6: content-type-array-insert.json]" classname="com.dotcms.contenttype.test.ContentTypeResourceTest" time="2.7"/>
  <testcase name="testJson[7: persona-type-object.json]" classname="com.dotcms.contenttype.test.ContentTypeResourceTest" time="2.644"/>
  <testcase name="test_setHostAndFolderAsIdentifer_with_null" classname="com.dotcms.contenttype.test.ContentTypeResourceTest" time="0.001"/>
  <testcase name="test_setHostAndFolderAsIdentifer_with_System_Host" classname="com.dotcms.contenttype.test.ContentTypeResourceTest" time="0.004"/>
  <system-out><![CDATA[]]></system-out>
  <system-err><![CDATA[]]></system-err>
</testsuite>
