<?xml version="1.0" encoding="UTF-8"?>
<testsuite name="com.dotmarketing.portlets.fileassets.business.FileAssetAPIImplIntegrationTest" tests="2" skipped="0" failures="0" errors="0" timestamp="2023-06-27T21:36:38" hostname="fv-az936-789" time="6.098">
  <properties/>
  <testcase name="userWithoutPermission" classname="com.dotmarketing.portlets.fileassets.business.FileAssetAPIImplIntegrationTest" time="2.262"/>
  <testcase name="shouldReturnTwoFiles" classname="com.dotmarketing.portlets.fileassets.business.FileAssetAPIImplIntegrationTest" time="3.836"/>
  <system-out><![CDATA[]]></system-out>
  <system-err><![CDATA[]]></system-err>
</testsuite>
