<?xml version="1.0" encoding="UTF-8"?>
<testsuite name="com.dotcms.rest.TagResourceIntegrationTest" tests="4" skipped="0" failures="0" errors="0" timestamp="2023-07-07T18:33:01" hostname="fv-az1131-394" time="0.401">
  <properties/>
  <testcase name="testList[0: com.dotcms.rest.TagResourceTestCase@77ef87ed]" classname="com.dotcms.rest.TagResourceIntegrationTest" time="0.307"/>
  <testcase name="testList[1: com.dotcms.rest.TagResourceTestCase@63317e9e]" classname="com.dotcms.rest.TagResourceIntegrationTest" time="0.03"/>
  <testcase name="testList[2: com.dotcms.rest.TagResourceTestCase@127bbab3]" classname="com.dotcms.rest.TagResourceIntegrationTest" time="0.026"/>
  <testcase name="testList[3: com.dotcms.rest.TagResourceTestCase@4fdd0ba6]" classname="com.dotcms.rest.TagResourceIntegrationTest" time="0.037"/>
  <system-out><![CDATA[]]></system-out>
  <system-err><![CDATA[Jul 07, 2023 6:33:01 PM com.dotcms.repackage.org.hibernate.validator.internal.util.Version <clinit>
INFO: HV000001: Hibernate Validator 4.3.2.Final
]]></system-err>
</testsuite>
