<?xml version="1.0" encoding="UTF-8"?>
<testsuite name="com.dotcms.rest.api.v1.versionable.VersionableResourceTest" tests="24" skipped="0" failures="0" errors="0" timestamp="2023-06-23T18:44:21" hostname="fv-az592-477" time="31.997">
  <properties/>
  <testcase name="test_findVersion_inodeDoesNotExist_return404" classname="com.dotcms.rest.api.v1.versionable.VersionableResourceTest" time="0.718"/>
  <testcase name="test_restoreVersion_inodeDoesNotExist_return404" classname="com.dotcms.rest.api.v1.versionable.VersionableResourceTest" time="0.711"/>
  <testcase name="test_deleteVersion_limitedUserWithoutEditPermission_contentlet_return403" classname="com.dotcms.rest.api.v1.versionable.VersionableResourceTest" time="2.166"/>
  <testcase name="test_findAllVersions_container_success" classname="com.dotcms.rest.api.v1.versionable.VersionableResourceTest" time="1.172"/>
  <testcase name="test_findAllVersion_identifierDoesNotExist_return404" classname="com.dotcms.rest.api.v1.versionable.VersionableResourceTest" time="0.712"/>
  <testcase name="test_deleteVersion_limitedUserWithoutEditPermission_container_return403" classname="com.dotcms.rest.api.v1.versionable.VersionableResourceTest" time="2.049"/>
  <testcase name="test_findAllVersions_contentlet_success" classname="com.dotcms.rest.api.v1.versionable.VersionableResourceTest" time="1.41"/>
  <testcase name="test_findAllVersions_limitedUserWithoutViewPermission_contentlet_return403" classname="com.dotcms.rest.api.v1.versionable.VersionableResourceTest" time="1.701"/>
  <testcase name="test_deleteVersion_versionIsWorkingOrLive_container_return400" classname="com.dotcms.rest.api.v1.versionable.VersionableResourceTest" time="1.235"/>
  <testcase name="test_findVersion_contentlet_success" classname="com.dotcms.rest.api.v1.versionable.VersionableResourceTest" time="1.164"/>
  <testcase name="test_findVersion_template_success" classname="com.dotcms.rest.api.v1.versionable.VersionableResourceTest" time="0.872"/>
  <testcase name="test_restoreVersion_limitedUserWithoutEditPermission_container_return403" classname="com.dotcms.rest.api.v1.versionable.VersionableResourceTest" time="1.81"/>
  <testcase name="test_findVersion_limitedUserWithoutViewPermission_contentlet_return403" classname="com.dotcms.rest.api.v1.versionable.VersionableResourceTest" time="1.992"/>
  <testcase name="test_findVersion_container_success" classname="com.dotcms.rest.api.v1.versionable.VersionableResourceTest" time="1.294"/>
  <testcase name="test_findAllVersions_limitedUserWithoutViewPermission_template_return403" classname="com.dotcms.rest.api.v1.versionable.VersionableResourceTest" time="1.709"/>
  <testcase name="test_deleteVersion_container_success" classname="com.dotcms.rest.api.v1.versionable.VersionableResourceTest" time="1.317"/>
  <testcase name="test_findAllVersions_link_success" classname="com.dotcms.rest.api.v1.versionable.VersionableResourceTest" time="1.142"/>
  <testcase name="test_findVersion_link_success" classname="com.dotcms.rest.api.v1.versionable.VersionableResourceTest" time="0.944"/>
  <testcase name="test_deleteVersion_contentlet_success" classname="com.dotcms.rest.api.v1.versionable.VersionableResourceTest" time="1.124"/>
  <testcase name="test_restoreVersion_container_success" classname="com.dotcms.rest.api.v1.versionable.VersionableResourceTest" time="0.903"/>
  <testcase name="test_deleteVersion_versionIsWorkingOrLive_contentlet_return400" classname="com.dotcms.rest.api.v1.versionable.VersionableResourceTest" time="1.089"/>
  <testcase name="test_findVersion_limitedUserWithoutViewPermission_template_return403" classname="com.dotcms.rest.api.v1.versionable.VersionableResourceTest" time="1.672"/>
  <testcase name="test_findAllVersions_template_success" classname="com.dotcms.rest.api.v1.versionable.VersionableResourceTest" time="1.315"/>
  <testcase name="test_findVersion_limitedUserWithoutViewPermission_container_return403" classname="com.dotcms.rest.api.v1.versionable.VersionableResourceTest" time="1.775"/>
  <system-out><![CDATA[]]></system-out>
  <system-err><![CDATA[]]></system-err>
</testsuite>
