<?xml version="1.0" encoding="UTF-8"?>
<testsuite name="com.dotcms.contenttype.test.ContentTypeFactoryImplTest" tests="24" skipped="0" failures="0" errors="0" timestamp="2023-06-30T15:18:50" hostname="fv-az470-104" time="160.926">
  <properties/>
  <testcase name="findUrlMappedByPageIdWithoutContentType" classname="com.dotcms.contenttype.test.ContentTypeFactoryImplTest" time="1.895"/>
  <testcase name="testSerialization" classname="com.dotcms.contenttype.test.ContentTypeFactoryImplTest" time="0.005"/>
  <testcase name="test_UpdateContentType_SetSortOrder" classname="com.dotcms.contenttype.test.ContentTypeFactoryImplTest" time="0.347"/>
  <testcase name="testFindAll" classname="com.dotcms.contenttype.test.ContentTypeFactoryImplTest" time="0.1"/>
  <testcase name="testDefaultType" classname="com.dotcms.contenttype.test.ContentTypeFactoryImplTest" time="0.003"/>
  <testcase name="findUrlMappedByPageId" classname="com.dotcms.contenttype.test.ContentTypeFactoryImplTest" time="1.9"/>
  <testcase name="testAddingContentTypes" classname="com.dotcms.contenttype.test.ContentTypeFactoryImplTest" time="18.715"/>
  <testcase name="test_UpdateContentType_SetIcon" classname="com.dotcms.contenttype.test.ContentTypeFactoryImplTest" time="0.366"/>
  <testcase name="searchCount" classname="com.dotcms.contenttype.test.ContentTypeFactoryImplTest" time="0.007"/>
  <testcase name="testFindMethodEquals" classname="com.dotcms.contenttype.test.ContentTypeFactoryImplTest" time="1.166"/>
  <testcase name="suggestVelocityVar" classname="com.dotcms.contenttype.test.ContentTypeFactoryImplTest" time="2.019"/>
  <testcase name="testAddingUpdatingDeleteing" classname="com.dotcms.contenttype.test.ContentTypeFactoryImplTest" time="130.341"/>
  <testcase name="testUpdatingContentTypes" classname="com.dotcms.contenttype.test.ContentTypeFactoryImplTest" time="0.005"/>
  <testcase name="testFieldsMethod" classname="com.dotcms.contenttype.test.ContentTypeFactoryImplTest" time="0.002"/>
  <testcase name="test_UpdateContentType_SetIconAndSortOrder" classname="com.dotcms.contenttype.test.ContentTypeFactoryImplTest" time="0.42"/>
  <testcase name="test_AddingContentType_SetIconAndSortOrder" classname="com.dotcms.contenttype.test.ContentTypeFactoryImplTest" time="0.413"/>
  <testcase name="Test_Mark_ContentTypeForDeletion" classname="com.dotcms.contenttype.test.ContentTypeFactoryImplTest" time="0.072"/>
  <testcase name="testDifferentContentTypes" classname="com.dotcms.contenttype.test.ContentTypeFactoryImplTest" time="1.083"/>
  <testcase name="testFindUrlMapped" classname="com.dotcms.contenttype.test.ContentTypeFactoryImplTest" time="0.002"/>
  <testcase name="test_AddingContentType_SetIcon" classname="com.dotcms.contenttype.test.ContentTypeFactoryImplTest" time="0.349"/>
  <testcase name="testSearch" classname="com.dotcms.contenttype.test.ContentTypeFactoryImplTest" time="0.944"/>
  <testcase name="testAddingContentType_withFieldVariables" classname="com.dotcms.contenttype.test.ContentTypeFactoryImplTest" time="0.382"/>
  <testcase name="findUrlMappedByPageIdWithNull" classname="com.dotcms.contenttype.test.ContentTypeFactoryImplTest" time="0.002"/>
  <testcase name="test_AddingContentType_SetSortOrder" classname="com.dotcms.contenttype.test.ContentTypeFactoryImplTest" time="0.385"/>
  <system-out><![CDATA[]]></system-out>
  <system-err><![CDATA[]]></system-err>
</testsuite>
