<?xml version="1.0" encoding="UTF-8"?>
<testsuite name="com.dotmarketing.util.UtilMethodsITest" tests="2" skipped="0" failures="0" errors="0" timestamp="2023-07-17T21:58:13" hostname="fv-az561-617" time="0.052">
  <properties/>
  <testcase name="test_dateToHTMLDate_DefaultTimeZone" classname="com.dotmarketing.util.UtilMethodsITest" time="0.002"/>
  <testcase name="test_dateToHTMLDate_USPacificTimeZone" classname="com.dotmarketing.util.UtilMethodsITest" time="0.05"/>
  <system-out><![CDATA[]]></system-out>
  <system-err><![CDATA[]]></system-err>
</testsuite>
