<?xml version="1.0" encoding="UTF-8"?>
<testsuite name="com.dotcms.rest.api.v1.vtl.VTLResourceIntegrationTest" tests="6" skipped="0" failures="0" errors="0" timestamp="2023-06-30T15:53:02" hostname="fv-az173-860" time="12.13">
  <properties/>
  <testcase name="testGet[0: com.dotcms.rest.api.v1.vtl.VTLResourceTestCase@73a4fe3e]" classname="com.dotcms.rest.api.v1.vtl.VTLResourceIntegrationTest" time="2.318"/>
  <testcase name="testGet[1: com.dotcms.rest.api.v1.vtl.VTLResourceTestCase@39016175]" classname="com.dotcms.rest.api.v1.vtl.VTLResourceIntegrationTest" time="1.704"/>
  <testcase name="testGet[2: com.dotcms.rest.api.v1.vtl.VTLResourceTestCase@22c80d8b]" classname="com.dotcms.rest.api.v1.vtl.VTLResourceIntegrationTest" time="2.168"/>
  <testcase name="testGet[3: com.dotcms.rest.api.v1.vtl.VTLResourceTestCase@7fb7c786]" classname="com.dotcms.rest.api.v1.vtl.VTLResourceIntegrationTest" time="2.004"/>
  <testcase name="testGet[4: com.dotcms.rest.api.v1.vtl.VTLResourceTestCase@2bb69340]" classname="com.dotcms.rest.api.v1.vtl.VTLResourceIntegrationTest" time="1.905"/>
  <testcase name="testGet[5: com.dotcms.rest.api.v1.vtl.VTLResourceTestCase@190e558a]" classname="com.dotcms.rest.api.v1.vtl.VTLResourceIntegrationTest" time="2.031"/>
  <system-out><![CDATA[]]></system-out>
  <system-err><![CDATA[]]></system-err>
</testsuite>
