<?xml version="1.0" encoding="UTF-8"?>
<testsuite name="com.dotcms.rest.api.v3.contenttype.MoveFieldFormTest" tests="1" skipped="0" failures="0" errors="0" timestamp="2023-07-20T20:04:22" hostname="fv-az1232-188" time="0.013">
  <properties/>
  <testcase name="testGetRows_givenFieldsinJSON_ShouldDeserializeRespectingOrderAndDatatypes" classname="com.dotcms.rest.api.v3.contenttype.MoveFieldFormTest" time="0.013"/>
  <system-out><![CDATA[]]></system-out>
  <system-err><![CDATA[]]></system-err>
</testsuite>
