<?xml version="1.0" encoding="UTF-8"?>
<testsuite name="com.dotcms.contenttype.test.JsonContentTypeTransformerTest" tests="4" skipped="0" failures="0" errors="0" timestamp="2023-07-18T22:17:43" hostname="fv-az193-732" time="4.851">
  <properties/>
  <testcase name="testFieldSerialization" classname="com.dotcms.contenttype.test.JsonContentTypeTransformerTest" time="1.081"/>
  <testcase name="testContentTypeSerialization" classname="com.dotcms.contenttype.test.JsonContentTypeTransformerTest" time="1.767"/>
  <testcase name="testFieldArraySerialization" classname="com.dotcms.contenttype.test.JsonContentTypeTransformerTest" time="0.683"/>
  <testcase name="testContentTypeArraySerialization" classname="com.dotcms.contenttype.test.JsonContentTypeTransformerTest" time="1.32"/>
  <system-out><![CDATA[]]></system-out>
  <system-err><![CDATA[]]></system-err>
</testsuite>
