<?xml version="1.0" encoding="UTF-8"?>
<testsuite name="com.dotcms.rest.elasticsearch.ESContentResourcePortletTest" tests="8" skipped="0" failures="0" errors="0" timestamp="2023-06-30T17:12:26" hostname="fv-az455-211" time="10.281">
  <properties/>
  <testcase name="test_search_includeGrandChildCategory_success" classname="com.dotcms.rest.elasticsearch.ESContentResourcePortletTest" time="1.769"/>
  <testcase name="testSearch[0: com.dotcms.rest.elasticsearch.ESContentResourcePortletTest$TestCase@370c6d11]" classname="com.dotcms.rest.elasticsearch.ESContentResourcePortletTest" time="1.132"/>
  <testcase name="testSearch[1: com.dotcms.rest.elasticsearch.ESContentResourcePortletTest$TestCase@34f4db54]" classname="com.dotcms.rest.elasticsearch.ESContentResourcePortletTest" time="1.351"/>
  <testcase name="testSearch[2: com.dotcms.rest.elasticsearch.ESContentResourcePortletTest$TestCase@5e8dc494]" classname="com.dotcms.rest.elasticsearch.ESContentResourcePortletTest" time="1.089"/>
  <testcase name="testSearch[3: com.dotcms.rest.elasticsearch.ESContentResourcePortletTest$TestCase@28e8ff41]" classname="com.dotcms.rest.elasticsearch.ESContentResourcePortletTest" time="1.319"/>
  <testcase name="testSearch[4: com.dotcms.rest.elasticsearch.ESContentResourcePortletTest$TestCase@7c587ba8]" classname="com.dotcms.rest.elasticsearch.ESContentResourcePortletTest" time="1.367"/>
  <testcase name="testSearch[5: com.dotcms.rest.elasticsearch.ESContentResourcePortletTest$TestCase@6ee4310c]" classname="com.dotcms.rest.elasticsearch.ESContentResourcePortletTest" time="1.055"/>
  <testcase name="testSearch[6: com.dotcms.rest.elasticsearch.ESContentResourcePortletTest$TestCase@5e7df120]" classname="com.dotcms.rest.elasticsearch.ESContentResourcePortletTest" time="1.199"/>
  <system-out><![CDATA[]]></system-out>
  <system-err><![CDATA[]]></system-err>
</testsuite>
