<?xml version="1.0" encoding="UTF-8"?>
<testsuite name="com.dotcms.rest.api.v1.vtl.VTLResourceIntegrationTest" tests="6" skipped="0" failures="0" errors="0" timestamp="2023-07-19T23:32:50" hostname="fv-az713-951" time="12.079">
  <properties/>
  <testcase name="testGet[0: com.dotcms.rest.api.v1.vtl.VTLResourceTestCase@45be3f5b]" classname="com.dotcms.rest.api.v1.vtl.VTLResourceIntegrationTest" time="2.226"/>
  <testcase name="testGet[1: com.dotcms.rest.api.v1.vtl.VTLResourceTestCase@13440357]" classname="com.dotcms.rest.api.v1.vtl.VTLResourceIntegrationTest" time="1.899"/>
  <testcase name="testGet[2: com.dotcms.rest.api.v1.vtl.VTLResourceTestCase@1e8d71da]" classname="com.dotcms.rest.api.v1.vtl.VTLResourceIntegrationTest" time="2.032"/>
  <testcase name="testGet[3: com.dotcms.rest.api.v1.vtl.VTLResourceTestCase@46a13c5c]" classname="com.dotcms.rest.api.v1.vtl.VTLResourceIntegrationTest" time="2.128"/>
  <testcase name="testGet[4: com.dotcms.rest.api.v1.vtl.VTLResourceTestCase@72518734]" classname="com.dotcms.rest.api.v1.vtl.VTLResourceIntegrationTest" time="1.854"/>
  <testcase name="testGet[5: com.dotcms.rest.api.v1.vtl.VTLResourceTestCase@413c6c92]" classname="com.dotcms.rest.api.v1.vtl.VTLResourceIntegrationTest" time="1.94"/>
  <system-out><![CDATA[]]></system-out>
  <system-err><![CDATA[]]></system-err>
</testsuite>
