<?xml version="1.0" encoding="UTF-8"?>
<testsuite name="com.dotcms.rest.elasticsearch.ESContentResourcePortletTest" tests="8" skipped="0" failures="0" errors="0" timestamp="2023-06-30T19:37:35" hostname="fv-az470-104" time="8.591">
  <properties/>
  <testcase name="test_search_includeGrandChildCategory_success" classname="com.dotcms.rest.elasticsearch.ESContentResourcePortletTest" time="1.297"/>
  <testcase name="testSearch[0: com.dotcms.rest.elasticsearch.ESContentResourcePortletTest$TestCase@5b3ecc2e]" classname="com.dotcms.rest.elasticsearch.ESContentResourcePortletTest" time="0.901"/>
  <testcase name="testSearch[1: com.dotcms.rest.elasticsearch.ESContentResourcePortletTest$TestCase@28f3d50c]" classname="com.dotcms.rest.elasticsearch.ESContentResourcePortletTest" time="1.284"/>
  <testcase name="testSearch[2: com.dotcms.rest.elasticsearch.ESContentResourcePortletTest$TestCase@597ba59d]" classname="com.dotcms.rest.elasticsearch.ESContentResourcePortletTest" time="0.877"/>
  <testcase name="testSearch[3: com.dotcms.rest.elasticsearch.ESContentResourcePortletTest$TestCase@1be681c2]" classname="com.dotcms.rest.elasticsearch.ESContentResourcePortletTest" time="1.259"/>
  <testcase name="testSearch[4: com.dotcms.rest.elasticsearch.ESContentResourcePortletTest$TestCase@3614612c]" classname="com.dotcms.rest.elasticsearch.ESContentResourcePortletTest" time="1.242"/>
  <testcase name="testSearch[5: com.dotcms.rest.elasticsearch.ESContentResourcePortletTest$TestCase@799957]" classname="com.dotcms.rest.elasticsearch.ESContentResourcePortletTest" time="0.857"/>
  <testcase name="testSearch[6: com.dotcms.rest.elasticsearch.ESContentResourcePortletTest$TestCase@42a9388]" classname="com.dotcms.rest.elasticsearch.ESContentResourcePortletTest" time="0.874"/>
  <system-out><![CDATA[]]></system-out>
  <system-err><![CDATA[]]></system-err>
</testsuite>
