<?xml version="1.0" encoding="UTF-8"?>
<testsuite name="com.dotmarketing.portlets.structure.model.ContentletRelationshipsTest" tests="7" skipped="0" failures="0" errors="0" timestamp="2023-07-20T22:00:57" hostname="fv-az574-670" time="12.01">
  <properties/>
  <testcase name="testDoesAllowOnlyOne[0: com.dotmarketing.portlets.structure.model.ContentletRelationshipsTest$CardinalityTestCase@749a86a8]" classname="com.dotmarketing.portlets.structure.model.ContentletRelationshipsTest" time="0.728"/>
  <testcase name="testDoesAllowOnlyOne[1: com.dotmarketing.portlets.structure.model.ContentletRelationshipsTest$CardinalityTestCase@1ea5a70e]" classname="com.dotmarketing.portlets.structure.model.ContentletRelationshipsTest" time="0.704"/>
  <testcase name="testDoesAllowOnlyOne[2: com.dotmarketing.portlets.structure.model.ContentletRelationshipsTest$CardinalityTestCase@74f01720]" classname="com.dotmarketing.portlets.structure.model.ContentletRelationshipsTest" time="0.783"/>
  <testcase name="testGetRelationshipRecords[0: com.dotmarketing.portlets.structure.model.ContentletRelationshipsTest$TestCase@604f7692]" classname="com.dotmarketing.portlets.structure.model.ContentletRelationshipsTest" time="2.35"/>
  <testcase name="testGetRelationshipRecords[1: com.dotmarketing.portlets.structure.model.ContentletRelationshipsTest$TestCase@404013f5]" classname="com.dotmarketing.portlets.structure.model.ContentletRelationshipsTest" time="2.605"/>
  <testcase name="testGetRelationshipRecords[2: com.dotmarketing.portlets.structure.model.ContentletRelationshipsTest$TestCase@73ee4124]" classname="com.dotmarketing.portlets.structure.model.ContentletRelationshipsTest" time="2.43"/>
  <testcase name="testGetRelationshipRecords[3: com.dotmarketing.portlets.structure.model.ContentletRelationshipsTest$TestCase@753016e]" classname="com.dotmarketing.portlets.structure.model.ContentletRelationshipsTest" time="2.409"/>
  <system-out><![CDATA[]]></system-out>
  <system-err><![CDATA[]]></system-err>
</testsuite>
