<?xml version="1.0" encoding="UTF-8"?>
<testsuite name="com.dotcms.enterprise.publishing.remote.handler.RuleBundlerHandlerTest" tests="1" skipped="0" failures="0" errors="0" timestamp="2023-06-29T20:06:44" hostname="fv-az576-571" time="0.06">
  <properties/>
  <testcase name="testBundlerAndHandler_success_newCategories" classname="com.dotcms.enterprise.publishing.remote.handler.RuleBundlerHandlerTest" time="0.06"/>
  <system-out><![CDATA[]]></system-out>
  <system-err><![CDATA[]]></system-err>
</testsuite>
