<?xml version="1.0" encoding="UTF-8"?>
<testsuite name="com.dotcms.rest.api.v1.vtl.VTLResourceIntegrationTest" tests="6" skipped="0" failures="0" errors="0" timestamp="2023-07-18T19:20:14" hostname="fv-az206-458" time="11.528">
  <properties/>
  <testcase name="testGet[0: com.dotcms.rest.api.v1.vtl.VTLResourceTestCase@768a2d69]" classname="com.dotcms.rest.api.v1.vtl.VTLResourceIntegrationTest" time="2.563"/>
  <testcase name="testGet[1: com.dotcms.rest.api.v1.vtl.VTLResourceTestCase@7a0d84cf]" classname="com.dotcms.rest.api.v1.vtl.VTLResourceIntegrationTest" time="2.016"/>
  <testcase name="testGet[2: com.dotcms.rest.api.v1.vtl.VTLResourceTestCase@7381996b]" classname="com.dotcms.rest.api.v1.vtl.VTLResourceIntegrationTest" time="1.967"/>
  <testcase name="testGet[3: com.dotcms.rest.api.v1.vtl.VTLResourceTestCase@7877ab23]" classname="com.dotcms.rest.api.v1.vtl.VTLResourceIntegrationTest" time="2.087"/>
  <testcase name="testGet[4: com.dotcms.rest.api.v1.vtl.VTLResourceTestCase@5f313021]" classname="com.dotcms.rest.api.v1.vtl.VTLResourceIntegrationTest" time="2.028"/>
  <testcase name="testGet[5: com.dotcms.rest.api.v1.vtl.VTLResourceTestCase@498cecf4]" classname="com.dotcms.rest.api.v1.vtl.VTLResourceIntegrationTest" time="0.867"/>
  <system-out><![CDATA[]]></system-out>
  <system-err><![CDATA[]]></system-err>
</testsuite>
