<?xml version="1.0" encoding="UTF-8"?>
<testsuite name="com.dotcms.rest.elasticsearch.ESContentResourcePortletTest" tests="8" skipped="0" failures="0" errors="0" timestamp="2023-07-10T23:08:52" hostname="fv-az621-762" time="7.855">
  <properties/>
  <testcase name="test_search_includeGrandChildCategory_success" classname="com.dotcms.rest.elasticsearch.ESContentResourcePortletTest" time="1.619"/>
  <testcase name="testSearch[0: com.dotcms.rest.elasticsearch.ESContentResourcePortletTest$TestCase@88a927a]" classname="com.dotcms.rest.elasticsearch.ESContentResourcePortletTest" time="1.106"/>
  <testcase name="testSearch[1: com.dotcms.rest.elasticsearch.ESContentResourcePortletTest$TestCase@2d8243c8]" classname="com.dotcms.rest.elasticsearch.ESContentResourcePortletTest" time="0.341"/>
  <testcase name="testSearch[2: com.dotcms.rest.elasticsearch.ESContentResourcePortletTest$TestCase@5e0cf64]" classname="com.dotcms.rest.elasticsearch.ESContentResourcePortletTest" time="1.013"/>
  <testcase name="testSearch[3: com.dotcms.rest.elasticsearch.ESContentResourcePortletTest$TestCase@6d046eac]" classname="com.dotcms.rest.elasticsearch.ESContentResourcePortletTest" time="1.284"/>
  <testcase name="testSearch[4: com.dotcms.rest.elasticsearch.ESContentResourcePortletTest$TestCase@31413834]" classname="com.dotcms.rest.elasticsearch.ESContentResourcePortletTest" time="0.375"/>
  <testcase name="testSearch[5: com.dotcms.rest.elasticsearch.ESContentResourcePortletTest$TestCase@e62a1d7]" classname="com.dotcms.rest.elasticsearch.ESContentResourcePortletTest" time="1.087"/>
  <testcase name="testSearch[6: com.dotcms.rest.elasticsearch.ESContentResourcePortletTest$TestCase@dfac490]" classname="com.dotcms.rest.elasticsearch.ESContentResourcePortletTest" time="1.027"/>
  <system-out><![CDATA[]]></system-out>
  <system-err><![CDATA[]]></system-err>
</testsuite>
