<?xml version="1.0" encoding="UTF-8"?>
<testsuite name="com.dotmarketing.startup.runonce.Task05210CreateDefaultDotAssetTest" tests="1" skipped="0" failures="0" errors="0" timestamp="2023-06-28T23:25:47" hostname="fv-az446-868" time="0.234">
  <properties/>
  <testcase name="Test_Upgrade_Task" classname="com.dotmarketing.startup.runonce.Task05210CreateDefaultDotAssetTest" time="0.234"/>
  <system-out><![CDATA[]]></system-out>
  <system-err><![CDATA[]]></system-err>
</testsuite>
