<?xml version="1.0" encoding="UTF-8"?>
<testsuite name="com.dotmarketing.business.DeterministicIdentifierAPITest" tests="16" skipped="0" failures="0" errors="0" timestamp="2023-07-04T02:17:57" hostname="fv-az613-350" time="0.871">
  <properties/>
  <testcase name="Test_Category_Path_Seed_And_Id" classname="com.dotmarketing.business.DeterministicIdentifierAPITest" time="0.026"/>
  <testcase name="Test_Language_Deterministic_Id[0: LanguageTestCase{expectedSeed='Language:es:US', expectedHash=4913155, langCode='es', countryCode='US', country='United States'}]" classname="com.dotmarketing.business.DeterministicIdentifierAPITest" time="0.002"/>
  <testcase name="Test_Language_Deterministic_Id[1: LanguageTestCase{expectedSeed='Language:ep:', expectedHash=5292269, langCode='ep', countryCode='', country=''}]" classname="com.dotmarketing.business.DeterministicIdentifierAPITest" time="0.001"/>
  <testcase name="Test_Language_Deterministic_Id[2: LanguageTestCase{expectedSeed='Language:sg:SAG', expectedHash=4713118, langCode='sg', countryCode='SAG', country=''}]" classname="com.dotmarketing.business.DeterministicIdentifierAPITest" time="0.001"/>
  <testcase name="Test_Language_Deterministic_Id[3: LanguageTestCase{expectedSeed='Language:en:NZ', expectedHash=5382528, langCode='en', countryCode='NZ', country='New Zealand'}]" classname="com.dotmarketing.business.DeterministicIdentifierAPITest" time="0.001"/>
  <testcase name="Test_Category_None_Persisted_Category_Should_Return_Deterministic_Id" classname="com.dotmarketing.business.DeterministicIdentifierAPITest" time="0.002"/>
  <testcase name="Test_Asset_Generate_Deterministic_Id_Best_Effort[0: TestCase{versionable=my.host1688436690076.com, parent=System Host, expectedName='my.host1688436690076.com', expectedType='Host'}]" classname="com.dotmarketing.business.DeterministicIdentifierAPITest" time="0.003"/>
  <testcase name="Test_Asset_Generate_Deterministic_Id_Best_Effort[1: TestCase{versionable=com.dotmarketing.portlets.contentlet.model.Contentlet@2ef422ba[map={modDate=2023-07-04 02:11:30.775, fileName=file13633775541485341506.txt, title=file13633775541485341506.txt, inode=de09c047-0f94-42c8-b182-df90527c680e, __IS_NEW_CONTENT__=true, disabledWYSIWYG=[], host=66557163-5f58-4095-9cca-312522af5e92, stInode=33888b6f-7a8e-4069-b1b6-5c1aa9d0a48d, owner=system, identifier=b77cd9b6-44f9-4c6e-be10-4e488bb0cb17, nullProperties=[wfExpireDate, wfPublishDate, wfActionAssign, wfActionId, wfActionComments, filterKey, whereToSend, wfNeverExpire, _path_to_move, timezoneId, iWantTo, wfPublishTime, wfExpireTime], languageId=1, fileAsset=/home/runner/work/core/custom/assets/d/e/de09c047-0f94-42c8-b182-df90527c680e/fileAsset/file13633775541485341506.txt, folder=ba9a39a7-cae3-4dff-884c-0b1267987ea8, __disable_workflow__=true, sortOrder=0, modUser=system},lowIndexPriority=false,variantId=DEFAULT], parent=com.dotmarketing.portlets.folders.model.Folder@4535149a[identifier=ba9a39a7-cae3-4dff-884c-0b1267987ea8,name=testName1688436690764,sortOrder=0,showOnMenu=false,hostId=66557163-5f58-4095-9cca-312522af5e92,type=folder,title=testTitle1688436690764,filesMasks=,defaultFileType=33888b6f-7a8e-4069-b1b6-5c1aa9d0a48d,modDate=2023-07-04 02:11:30.768,owner=&lt;null&gt;,iDate=2023-07-04 02:11:30.768,inode=ba9a39a7-cae3-4dff-884c-0b1267987ea8,path=/testName1688436690764/], expectedName='file13633775541485341506.txt', expectedType='FileAsset'}]" classname="com.dotmarketing.business.DeterministicIdentifierAPITest" time="0.002"/>
  <testcase name="Test_Asset_Generate_Deterministic_Id_Best_Effort[2: TestCase{versionable=com.dotmarketing.portlets.templates.model.Template@869f0dc3, parent=my.host1688436690076.com, expectedName='testTitle1688436690907', expectedType='Template'}]" classname="com.dotmarketing.business.DeterministicIdentifierAPITest" time="0.002"/>
  <testcase name="Test_Asset_Generate_Deterministic_Id_Best_Effort[3: TestCase{versionable=com.dotmarketing.portlets.htmlpageasset.model.HTMLPageAsset@4691b0ad[map={template=be87b0a8-29c8-4262-afaf-e86945b47809, owner=system, identifier=13daa890-dd22-4d1c-8b16-786f36875146, nullProperties=[wfExpireDate, wfPublishDate, wfActionAssign, wfActionId, wfActionComments, filterKey, whereToSend, wfNeverExpire, _path_to_move, timezoneId, iWantTo, wfPublishTime, wfExpireTime], modDate=2023-07-04 02:11:30.93, cachettl=0, _is_test_mode=true, languageId=1, title=test-page-title-1688436690926, httpsreq=, url=test-page-url-1688436690926, showOnMenu=, inode=7ac65b05-858d-42d1-ad67-a525f736e756, folder=ba9a39a7-cae3-4dff-884c-0b1267987ea8, disabledWYSIWYG=[], sortOrder=1, modUser=system, host=66557163-5f58-4095-9cca-312522af5e92, stInode=c541abb1-69b3-4bc5-8430-5e09e5239cc8, friendlyName=test-page-friendly-name-1688436690926},lowIndexPriority=false,variantId=DEFAULT], parent=com.dotmarketing.portlets.folders.model.Folder@4535149a[identifier=ba9a39a7-cae3-4dff-884c-0b1267987ea8,name=testName1688436690764,sortOrder=0,showOnMenu=false,hostId=66557163-5f58-4095-9cca-312522af5e92,type=folder,title=testTitle1688436690764,filesMasks=,defaultFileType=33888b6f-7a8e-4069-b1b6-5c1aa9d0a48d,modDate=2023-07-04 02:11:30.768,owner=&lt;null&gt;,iDate=2023-07-04 02:11:30.768,inode=ba9a39a7-cae3-4dff-884c-0b1267987ea8,path=/testName1688436690764/], expectedName='test-page-url-1688436690926', expectedType='htmlpageasset'}]" classname="com.dotmarketing.business.DeterministicIdentifierAPITest" time="0.002"/>
  <testcase name="Test_Asset_Generate_Deterministic_Id_Best_Effort[4: TestCase{versionable=com.dotmarketing.portlets.contentlet.model.Contentlet@5ecfbc84[map={fileAsset2=/home/runner/work/core/custom/assets/8/d/8d0229a1-0362-4fa9-9e5b-34f67bd22131/fileAsset2/test_binary1688436692679.png, modDate=2023-07-04 02:11:32.684, fileAsset1=/home/runner/work/core/custom/assets/8/d/8d0229a1-0362-4fa9-9e5b-34f67bd22131/fileAsset1/test_binary1688436692679.jpg, title=blah, inode=8d0229a1-0362-4fa9-9e5b-34f67bd22131, __IS_NEW_CONTENT__=true, disabledWYSIWYG=[], host=48190c8c-42c4-46af-8d1a-0cd5db894797, stInode=28f75439-457d-4311-afb7-894b4a48da48, owner=system, identifier=50c88828-39cd-4237-926e-1b5dd3c4b74e, nullProperties=[], languageId=1, image1=7215d97e-adbd-4934-8f03-ffaa761fa578, folder=SYSTEM_FOLDER, __disable_workflow__=true, sortOrder=0, modUser=system},lowIndexPriority=false,variantId=DEFAULT], parent=demo.dotcms.com, expectedName='test_binary1688436692679.jpg:test_binary1688436692679.png', expectedType='MultipleBinaries1688436691103'}]" classname="com.dotmarketing.business.DeterministicIdentifierAPITest" time="0.003"/>
  <testcase name="Test_Asset_Generate_Deterministic_Id_Best_Effort[5: TestCase{versionable=name804f29e983 : keyTag804f29e983, parent=my.host1688436690076.com, expectedName='keyTag804f29e983', expectedType='persona'}]" classname="com.dotmarketing.business.DeterministicIdentifierAPITest" time="0.003"/>
  <testcase name="Test_Similar_Content_Type_Wont_Clash" classname="com.dotmarketing.business.DeterministicIdentifierAPITest" time="0.474"/>
  <testcase name="Test_Generate_Folder_Identifier" classname="com.dotmarketing.business.DeterministicIdentifierAPITest" time="0.331"/>
  <testcase name="Test_Generate_Content_Type_Identifier[0: ContentTypeTestCase{contentType=KeyValueContentType{name=Language Variable, id=f4d7c1b8-2c88-4071-abf1-a5328977b07d, description=Default Content Type for Language Variables, defaultType=false, fixed=true, iDate=Thu Aug 31 16:38:49 UTC 2017, system=true, versionable=true, variable=Languagevariable, modDate=Tue Jul 04 01:05:12 UTC 2023, host=SYSTEM_HOST, siteName=systemHost, icon=language, sortOrder=0, folder=SYSTEM_FOLDER, folderPath=/, markedForDeletion=true, multilingualable=false}, expectedName='Languagevariable', expectedType='KeyValue'}]" classname="com.dotmarketing.business.DeterministicIdentifierAPITest" time="0.007"/>
  <testcase name="Test_Generate_Content_Type_Identifier[1: ContentTypeTestCase{contentType=SimpleContentType{name=testName1688436693061, id=3fb79da7-604d-4083-99be-5d44495fe3d5, description=testDescription1688436693061, defaultType=false, fixed=false, iDate=Tue Jul 04 02:11:33 UTC 2023, system=false, versionable=true, multilingualable=false, variable=testVarname1688436693061, owner=system, modDate=Tue Jul 04 02:11:33 UTC 2023, host=48190c8c-42c4-46af-8d1a-0cd5db894797, siteName=demo.dotcms.com, icon=event_note, sortOrder=0, folder=SYSTEM_FOLDER, folderPath=/, requiredFields=[], markedForDeletion=false}, expectedName='testVarname1688436693061', expectedType='CONTENT'}]" classname="com.dotmarketing.business.DeterministicIdentifierAPITest" time="0.006"/>
  <system-out><![CDATA[]]></system-out>
  <system-err><![CDATA[]]></system-err>
</testsuite>
