<?xml version="1.0" encoding="UTF-8"?>
<testsuite name="com.dotmarketing.portlets.structure.model.ContentletRelationshipsTest" tests="7" skipped="0" failures="0" errors="0" timestamp="2023-07-17T19:09:09" hostname="fv-az451-216" time="8.246">
  <properties/>
  <testcase name="testDoesAllowOnlyOne[0: com.dotmarketing.portlets.structure.model.ContentletRelationshipsTest$CardinalityTestCase@44867738]" classname="com.dotmarketing.portlets.structure.model.ContentletRelationshipsTest" time="0.412"/>
  <testcase name="testDoesAllowOnlyOne[1: com.dotmarketing.portlets.structure.model.ContentletRelationshipsTest$CardinalityTestCase@4915542e]" classname="com.dotmarketing.portlets.structure.model.ContentletRelationshipsTest" time="0.407"/>
  <testcase name="testDoesAllowOnlyOne[2: com.dotmarketing.portlets.structure.model.ContentletRelationshipsTest$CardinalityTestCase@43193e99]" classname="com.dotmarketing.portlets.structure.model.ContentletRelationshipsTest" time="0.383"/>
  <testcase name="testGetRelationshipRecords[0: com.dotmarketing.portlets.structure.model.ContentletRelationshipsTest$TestCase@79026ea7]" classname="com.dotmarketing.portlets.structure.model.ContentletRelationshipsTest" time="1.833"/>
  <testcase name="testGetRelationshipRecords[1: com.dotmarketing.portlets.structure.model.ContentletRelationshipsTest$TestCase@e4af908]" classname="com.dotmarketing.portlets.structure.model.ContentletRelationshipsTest" time="1.825"/>
  <testcase name="testGetRelationshipRecords[2: com.dotmarketing.portlets.structure.model.ContentletRelationshipsTest$TestCase@6d1d78cb]" classname="com.dotmarketing.portlets.structure.model.ContentletRelationshipsTest" time="1.677"/>
  <testcase name="testGetRelationshipRecords[3: com.dotmarketing.portlets.structure.model.ContentletRelationshipsTest$TestCase@677a6e07]" classname="com.dotmarketing.portlets.structure.model.ContentletRelationshipsTest" time="1.708"/>
  <system-out><![CDATA[]]></system-out>
  <system-err><![CDATA[]]></system-err>
</testsuite>
