<?xml version="1.0" encoding="UTF-8"?>
<testsuite name="com.dotcms.publisher.util.DependencyModDateUtilTest" tests="48" skipped="0" failures="0" errors="0" timestamp="2023-06-23T18:09:26" hostname="fv-az507-453" time="98.168">
  <properties/>
  <testcase name="excludeByModDateContentNotPushBefore: ForcePush: com.dotcms.publisher.util.DependencyModDateUtilTest$TestCase@7fdc4717" classname="com.dotcms.publisher.util.DependencyModDateUtilTest" time="1.936"/>
  <testcase name="excludeByModDateContentNotPushBefore: ForcePush: com.dotcms.publisher.util.DependencyModDateUtilTest$TestCase@d5aa165" classname="com.dotcms.publisher.util.DependencyModDateUtilTest" time="2.054"/>
  <testcase name="excludeByModDateContentNotPushBefore: ForcePush: com.dotcms.publisher.util.DependencyModDateUtilTest$TestCase@7a17e2d5" classname="com.dotcms.publisher.util.DependencyModDateUtilTest" time="2.03"/>
  <testcase name="excludeByModDateContentNotPushBefore: ForcePush: com.dotcms.publisher.util.DependencyModDateUtilTest$TestCase@5ba79684" classname="com.dotcms.publisher.util.DependencyModDateUtilTest" time="2.134"/>
  <testcase name="excludeByModDateContentNotPushBefore: ForcePush: com.dotcms.publisher.util.DependencyModDateUtilTest$TestCase@465e9618" classname="com.dotcms.publisher.util.DependencyModDateUtilTest" time="1.947"/>
  <testcase name="excludeByModDateContentNotPushBefore: ForcePush: com.dotcms.publisher.util.DependencyModDateUtilTest$TestCase@1ed7563f" classname="com.dotcms.publisher.util.DependencyModDateUtilTest" time="2.065"/>
  <testcase name="excludeByModDateContentNotPushBefore: ForcePush: com.dotcms.publisher.util.DependencyModDateUtilTest$TestCase@5b931e7a" classname="com.dotcms.publisher.util.DependencyModDateUtilTest" time="2.065"/>
  <testcase name="excludeByModDateContentNotPushBefore: ForcePush: com.dotcms.publisher.util.DependencyModDateUtilTest$TestCase@3c67b03a" classname="com.dotcms.publisher.util.DependencyModDateUtilTest" time="2.054"/>
  <testcase name="excludeByModDateContentNotPushBefore: ForcePush: com.dotcms.publisher.util.DependencyModDateUtilTest$TestCase@ebb1ff8" classname="com.dotcms.publisher.util.DependencyModDateUtilTest" time="2.046"/>
  <testcase name="excludeByModDateContentNotPushBefore: ForcePush: com.dotcms.publisher.util.DependencyModDateUtilTest$TestCase@2a79c6be" classname="com.dotcms.publisher.util.DependencyModDateUtilTest" time="2.03"/>
  <testcase name="excludeByModDateContentNotPushBefore: ForcePush: com.dotcms.publisher.util.DependencyModDateUtilTest$TestCase@69da6d45" classname="com.dotcms.publisher.util.DependencyModDateUtilTest" time="2.018"/>
  <testcase name="excludeByModDateContentNotPushBefore: ForcePush: com.dotcms.publisher.util.DependencyModDateUtilTest$TestCase@68bdf624" classname="com.dotcms.publisher.util.DependencyModDateUtilTest" time="2.047"/>
  <testcase name="excludeByModDateContentWithPushAssetAfterModDate: ForcePush: com.dotcms.publisher.util.DependencyModDateUtilTest$TestCase@7fdc4717" classname="com.dotcms.publisher.util.DependencyModDateUtilTest" time="2.075"/>
  <testcase name="excludeByModDateContentWithPushAssetAfterModDate: ForcePush: com.dotcms.publisher.util.DependencyModDateUtilTest$TestCase@d5aa165" classname="com.dotcms.publisher.util.DependencyModDateUtilTest" time="2.069"/>
  <testcase name="excludeByModDateContentWithPushAssetAfterModDate: ForcePush: com.dotcms.publisher.util.DependencyModDateUtilTest$TestCase@7a17e2d5" classname="com.dotcms.publisher.util.DependencyModDateUtilTest" time="2.044"/>
  <testcase name="excludeByModDateContentWithPushAssetAfterModDate: ForcePush: com.dotcms.publisher.util.DependencyModDateUtilTest$TestCase@5ba79684" classname="com.dotcms.publisher.util.DependencyModDateUtilTest" time="1.999"/>
  <testcase name="excludeByModDateContentWithPushAssetAfterModDate: ForcePush: com.dotcms.publisher.util.DependencyModDateUtilTest$TestCase@465e9618" classname="com.dotcms.publisher.util.DependencyModDateUtilTest" time="2.167"/>
  <testcase name="excludeByModDateContentWithPushAssetAfterModDate: ForcePush: com.dotcms.publisher.util.DependencyModDateUtilTest$TestCase@1ed7563f" classname="com.dotcms.publisher.util.DependencyModDateUtilTest" time="1.953"/>
  <testcase name="excludeByModDateContentWithPushAssetAfterModDate: ForcePush: com.dotcms.publisher.util.DependencyModDateUtilTest$TestCase@5b931e7a" classname="com.dotcms.publisher.util.DependencyModDateUtilTest" time="2.118"/>
  <testcase name="excludeByModDateContentWithPushAssetAfterModDate: ForcePush: com.dotcms.publisher.util.DependencyModDateUtilTest$TestCase@3c67b03a" classname="com.dotcms.publisher.util.DependencyModDateUtilTest" time="1.976"/>
  <testcase name="excludeByModDateContentWithPushAssetAfterModDate: ForcePush: com.dotcms.publisher.util.DependencyModDateUtilTest$TestCase@ebb1ff8" classname="com.dotcms.publisher.util.DependencyModDateUtilTest" time="2.028"/>
  <testcase name="excludeByModDateContentWithPushAssetAfterModDate: ForcePush: com.dotcms.publisher.util.DependencyModDateUtilTest$TestCase@2a79c6be" classname="com.dotcms.publisher.util.DependencyModDateUtilTest" time="2.141"/>
  <testcase name="excludeByModDateContentWithPushAssetAfterModDate: ForcePush: com.dotcms.publisher.util.DependencyModDateUtilTest$TestCase@69da6d45" classname="com.dotcms.publisher.util.DependencyModDateUtilTest" time="1.927"/>
  <testcase name="excludeByModDateContentWithPushAssetAfterModDate: ForcePush: com.dotcms.publisher.util.DependencyModDateUtilTest$TestCase@68bdf624" classname="com.dotcms.publisher.util.DependencyModDateUtilTest" time="2.052"/>
  <testcase name="excludeByModDateContentWithPushAssetBeforeModDate: ForcePush: com.dotcms.publisher.util.DependencyModDateUtilTest$TestCase@7fdc4717" classname="com.dotcms.publisher.util.DependencyModDateUtilTest" time="2.033"/>
  <testcase name="excludeByModDateContentWithPushAssetBeforeModDate: ForcePush: com.dotcms.publisher.util.DependencyModDateUtilTest$TestCase@d5aa165" classname="com.dotcms.publisher.util.DependencyModDateUtilTest" time="2.126"/>
  <testcase name="excludeByModDateContentWithPushAssetBeforeModDate: ForcePush: com.dotcms.publisher.util.DependencyModDateUtilTest$TestCase@7a17e2d5" classname="com.dotcms.publisher.util.DependencyModDateUtilTest" time="2.028"/>
  <testcase name="excludeByModDateContentWithPushAssetBeforeModDate: ForcePush: com.dotcms.publisher.util.DependencyModDateUtilTest$TestCase@5ba79684" classname="com.dotcms.publisher.util.DependencyModDateUtilTest" time="2.035"/>
  <testcase name="excludeByModDateContentWithPushAssetBeforeModDate: ForcePush: com.dotcms.publisher.util.DependencyModDateUtilTest$TestCase@465e9618" classname="com.dotcms.publisher.util.DependencyModDateUtilTest" time="2.014"/>
  <testcase name="excludeByModDateContentWithPushAssetBeforeModDate: ForcePush: com.dotcms.publisher.util.DependencyModDateUtilTest$TestCase@1ed7563f" classname="com.dotcms.publisher.util.DependencyModDateUtilTest" time="2.035"/>
  <testcase name="excludeByModDateContentWithPushAssetBeforeModDate: ForcePush: com.dotcms.publisher.util.DependencyModDateUtilTest$TestCase@5b931e7a" classname="com.dotcms.publisher.util.DependencyModDateUtilTest" time="2.068"/>
  <testcase name="excludeByModDateContentWithPushAssetBeforeModDate: ForcePush: com.dotcms.publisher.util.DependencyModDateUtilTest$TestCase@3c67b03a" classname="com.dotcms.publisher.util.DependencyModDateUtilTest" time="2.02"/>
  <testcase name="excludeByModDateContentWithPushAssetBeforeModDate: ForcePush: com.dotcms.publisher.util.DependencyModDateUtilTest$TestCase@ebb1ff8" classname="com.dotcms.publisher.util.DependencyModDateUtilTest" time="2.047"/>
  <testcase name="excludeByModDateContentWithPushAssetBeforeModDate: ForcePush: com.dotcms.publisher.util.DependencyModDateUtilTest$TestCase@2a79c6be" classname="com.dotcms.publisher.util.DependencyModDateUtilTest" time="2.033"/>
  <testcase name="excludeByModDateContentWithPushAssetBeforeModDate: ForcePush: com.dotcms.publisher.util.DependencyModDateUtilTest$TestCase@69da6d45" classname="com.dotcms.publisher.util.DependencyModDateUtilTest" time="2.108"/>
  <testcase name="excludeByModDateContentWithPushAssetBeforeModDate: ForcePush: com.dotcms.publisher.util.DependencyModDateUtilTest$TestCase@68bdf624" classname="com.dotcms.publisher.util.DependencyModDateUtilTest" time="2.082"/>
  <testcase name="excludeByModDateContentWithTwoEnvironment: ForcePush: com.dotcms.publisher.util.DependencyModDateUtilTest$TestCase@7fdc4717" classname="com.dotcms.publisher.util.DependencyModDateUtilTest" time="1.97"/>
  <testcase name="excludeByModDateContentWithTwoEnvironment: ForcePush: com.dotcms.publisher.util.DependencyModDateUtilTest$TestCase@d5aa165" classname="com.dotcms.publisher.util.DependencyModDateUtilTest" time="2.056"/>
  <testcase name="excludeByModDateContentWithTwoEnvironment: ForcePush: com.dotcms.publisher.util.DependencyModDateUtilTest$TestCase@7a17e2d5" classname="com.dotcms.publisher.util.DependencyModDateUtilTest" time="2.05"/>
  <testcase name="excludeByModDateContentWithTwoEnvironment: ForcePush: com.dotcms.publisher.util.DependencyModDateUtilTest$TestCase@5ba79684" classname="com.dotcms.publisher.util.DependencyModDateUtilTest" time="2.072"/>
  <testcase name="excludeByModDateContentWithTwoEnvironment: ForcePush: com.dotcms.publisher.util.DependencyModDateUtilTest$TestCase@465e9618" classname="com.dotcms.publisher.util.DependencyModDateUtilTest" time="2.025"/>
  <testcase name="excludeByModDateContentWithTwoEnvironment: ForcePush: com.dotcms.publisher.util.DependencyModDateUtilTest$TestCase@1ed7563f" classname="com.dotcms.publisher.util.DependencyModDateUtilTest" time="2.028"/>
  <testcase name="excludeByModDateContentWithTwoEnvironment: ForcePush: com.dotcms.publisher.util.DependencyModDateUtilTest$TestCase@5b931e7a" classname="com.dotcms.publisher.util.DependencyModDateUtilTest" time="2.126"/>
  <testcase name="excludeByModDateContentWithTwoEnvironment: ForcePush: com.dotcms.publisher.util.DependencyModDateUtilTest$TestCase@3c67b03a" classname="com.dotcms.publisher.util.DependencyModDateUtilTest" time="2.068"/>
  <testcase name="excludeByModDateContentWithTwoEnvironment: ForcePush: com.dotcms.publisher.util.DependencyModDateUtilTest$TestCase@ebb1ff8" classname="com.dotcms.publisher.util.DependencyModDateUtilTest" time="2.008"/>
  <testcase name="excludeByModDateContentWithTwoEnvironment: ForcePush: com.dotcms.publisher.util.DependencyModDateUtilTest$TestCase@2a79c6be" classname="com.dotcms.publisher.util.DependencyModDateUtilTest" time="1.999"/>
  <testcase name="excludeByModDateContentWithTwoEnvironment: ForcePush: com.dotcms.publisher.util.DependencyModDateUtilTest$TestCase@69da6d45" classname="com.dotcms.publisher.util.DependencyModDateUtilTest" time="2.042"/>
  <testcase name="excludeByModDateContentWithTwoEnvironment: ForcePush: com.dotcms.publisher.util.DependencyModDateUtilTest$TestCase@68bdf624" classname="com.dotcms.publisher.util.DependencyModDateUtilTest" time="2.113"/>
  <system-out><![CDATA[]]></system-out>
  <system-err><![CDATA[]]></system-err>
</testsuite>
