<?xml version="1.0" encoding="UTF-8"?>
<testsuite name="com.dotcms.rest.TagResourceIntegrationTest" tests="4" skipped="0" failures="0" errors="0" timestamp="2023-06-30T14:26:52" hostname="fv-az589-574" time="0.256">
  <properties/>
  <testcase name="testList[0: com.dotcms.rest.TagResourceTestCase@4b020ff4]" classname="com.dotcms.rest.TagResourceIntegrationTest" time="0.193"/>
  <testcase name="testList[1: com.dotcms.rest.TagResourceTestCase@57e35bc7]" classname="com.dotcms.rest.TagResourceIntegrationTest" time="0.022"/>
  <testcase name="testList[2: com.dotcms.rest.TagResourceTestCase@7062f9d0]" classname="com.dotcms.rest.TagResourceIntegrationTest" time="0.02"/>
  <testcase name="testList[3: com.dotcms.rest.TagResourceTestCase@60f6a7fe]" classname="com.dotcms.rest.TagResourceIntegrationTest" time="0.021"/>
  <system-out><![CDATA[]]></system-out>
  <system-err><![CDATA[Jun 30, 2023 2:26:52 PM com.dotcms.repackage.org.hibernate.validator.internal.util.Version <clinit>
INFO: HV000001: Hibernate Validator 4.3.2.Final
]]></system-err>
</testsuite>
