<?xml version="1.0" encoding="UTF-8"?>
<testsuite name="com.dotmarketing.startup.runonce.Task230713IncreaseDisabledWysiwygColumnSizeTest" tests="1" skipped="0" failures="0" errors="0" timestamp="2023-07-21T04:45:08" hostname="fv-az256-498" time="0.016">
  <properties/>
  <testcase name="executeTaskUpgrade" classname="com.dotmarketing.startup.runonce.Task230713IncreaseDisabledWysiwygColumnSizeTest" time="0.016"/>
  <system-out><![CDATA[]]></system-out>
  <system-err><![CDATA[]]></system-err>
</testsuite>
