<?xml version="1.0" encoding="UTF-8"?>
<testsuite name="com.dotcms.rest.api.v1.configuration.ConfigurationResourceTest" tests="1" skipped="0" failures="0" errors="0" timestamp="2023-06-26T16:24:11" hostname="fv-az370-611" time="0.106">
  <properties/>
  <testcase name="testVerifyConfigurationData" classname="com.dotcms.rest.api.v1.configuration.ConfigurationResourceTest" time="0.106"/>
  <system-out><![CDATA[]]></system-out>
  <system-err><![CDATA[]]></system-err>
</testsuite>
