<?xml version="1.0" encoding="UTF-8"?>
<testsuite name="com.dotcms.publisher.endpoint.bean.PublishingEndPointTest" tests="4" skipped="0" failures="0" errors="0" timestamp="2023-07-14T01:44:08" hostname="fv-az268-867" time="1.152">
  <properties/>
  <testcase name="validatePublishingEndPoint_whenStaticPublishWithWritePermission_returnOK" classname="com.dotcms.publisher.endpoint.bean.PublishingEndPointTest" time="0.002"/>
  <testcase name="validatePublishingEndPoint_whenAWSS3PublishWithoutValidCredentials_returnException" classname="com.dotcms.publisher.endpoint.bean.PublishingEndPointTest" time="1.135"/>
  <testcase name="validatePublishingEndPoint_whenAWSS3PublishWithoutBucketID_returnException" classname="com.dotcms.publisher.endpoint.bean.PublishingEndPointTest" time="0.004"/>
  <testcase name="validatePublishingEndPoint_whenAWSS3PublishWithoutProperties_returnException" classname="com.dotcms.publisher.endpoint.bean.PublishingEndPointTest" time="0.011"/>
  <system-out><![CDATA[]]></system-out>
  <system-err><![CDATA[]]></system-err>
</testsuite>
