<?xml version="1.0" encoding="UTF-8"?>
<testsuite name="com.dotmarketing.portlets.structure.model.ContentletRelationshipsTest" tests="7" skipped="0" failures="0" errors="0" timestamp="2023-07-13T22:35:39" hostname="fv-az362-624" time="9.784">
  <properties/>
  <testcase name="testDoesAllowOnlyOne[0: com.dotmarketing.portlets.structure.model.ContentletRelationshipsTest$CardinalityTestCase@41a1502f]" classname="com.dotmarketing.portlets.structure.model.ContentletRelationshipsTest" time="0.731"/>
  <testcase name="testDoesAllowOnlyOne[1: com.dotmarketing.portlets.structure.model.ContentletRelationshipsTest$CardinalityTestCase@488ee743]" classname="com.dotmarketing.portlets.structure.model.ContentletRelationshipsTest" time="0.497"/>
  <testcase name="testDoesAllowOnlyOne[2: com.dotmarketing.portlets.structure.model.ContentletRelationshipsTest$CardinalityTestCase@75ed249b]" classname="com.dotmarketing.portlets.structure.model.ContentletRelationshipsTest" time="0.508"/>
  <testcase name="testGetRelationshipRecords[0: com.dotmarketing.portlets.structure.model.ContentletRelationshipsTest$TestCase@7623e81]" classname="com.dotmarketing.portlets.structure.model.ContentletRelationshipsTest" time="2.097"/>
  <testcase name="testGetRelationshipRecords[1: com.dotmarketing.portlets.structure.model.ContentletRelationshipsTest$TestCase@4c09266a]" classname="com.dotmarketing.portlets.structure.model.ContentletRelationshipsTest" time="2.043"/>
  <testcase name="testGetRelationshipRecords[2: com.dotmarketing.portlets.structure.model.ContentletRelationshipsTest$TestCase@73027457]" classname="com.dotmarketing.portlets.structure.model.ContentletRelationshipsTest" time="1.964"/>
  <testcase name="testGetRelationshipRecords[3: com.dotmarketing.portlets.structure.model.ContentletRelationshipsTest$TestCase@6fd74f50]" classname="com.dotmarketing.portlets.structure.model.ContentletRelationshipsTest" time="1.943"/>
  <system-out><![CDATA[]]></system-out>
  <system-err><![CDATA[]]></system-err>
</testsuite>
