<?xml version="1.0" encoding="UTF-8"?>
<testsuite name="com.dotcms.rest.TagResourceIntegrationTest" tests="4" skipped="0" failures="0" errors="0" timestamp="2023-06-29T20:40:08" hostname="fv-az445-513" time="0.283">
  <properties/>
  <testcase name="testList[0: com.dotcms.rest.TagResourceTestCase@749d0d07]" classname="com.dotcms.rest.TagResourceIntegrationTest" time="0.222"/>
  <testcase name="testList[1: com.dotcms.rest.TagResourceTestCase@446b343c]" classname="com.dotcms.rest.TagResourceIntegrationTest" time="0.025"/>
  <testcase name="testList[2: com.dotcms.rest.TagResourceTestCase@229a75d4]" classname="com.dotcms.rest.TagResourceIntegrationTest" time="0.017"/>
  <testcase name="testList[3: com.dotcms.rest.TagResourceTestCase@79296928]" classname="com.dotcms.rest.TagResourceIntegrationTest" time="0.018"/>
  <system-out><![CDATA[]]></system-out>
  <system-err><![CDATA[Jun 29, 2023 8:40:08 PM com.dotcms.repackage.org.hibernate.validator.internal.util.Version <clinit>
INFO: HV000001: Hibernate Validator 4.3.2.Final
]]></system-err>
</testsuite>
