<?xml version="1.0" encoding="UTF-8"?>
<testsuite name="com.dotmarketing.startup.runonce.Task230426AlterVarcharLengthOfLockedByColTest" tests="1" skipped="0" failures="0" errors="0" timestamp="2023-07-10T19:52:28" hostname="fv-az471-786" time="0.084">
  <properties/>
  <testcase name="test_executeUpgrade_GivenIncreaseLockedByLength_LengthShouldBeMoreThan36" classname="com.dotmarketing.startup.runonce.Task230426AlterVarcharLengthOfLockedByColTest" time="0.084"/>
  <system-out><![CDATA[]]></system-out>
  <system-err><![CDATA[]]></system-err>
</testsuite>
