<?xml version="1.0" encoding="UTF-8"?>
<testsuite name="com.dotmarketing.portlets.containers.business.ContainerAPITest" tests="16" skipped="0" failures="0" errors="0" timestamp="2023-06-26T21:50:52" hostname="fv-az401-312" time="3.853">
  <properties/>
  <testcase name="deletingSystemContainer" classname="com.dotmarketing.portlets.containers.business.ContainerAPITest" time="0.001"/>
  <testcase name="delete" classname="com.dotmarketing.portlets.containers.business.ContainerAPITest" time="0.945"/>
  <testcase name="copyingSystemContainer" classname="com.dotmarketing.portlets.containers.business.ContainerAPITest" time="0.001"/>
  <testcase name="compareCountDeletedContainer" classname="com.dotmarketing.portlets.containers.business.ContainerAPITest" time="0.065"/>
  <testcase name="testCopy" classname="com.dotmarketing.portlets.containers.business.ContainerAPITest" time="0.946"/>
  <testcase name="gettingParentHostFromSystemContainer" classname="com.dotmarketing.portlets.containers.business.ContainerAPITest" time="0.001"/>
  <testcase name="savingSystemContainer" classname="com.dotmarketing.portlets.containers.business.ContainerAPITest" time="0.001"/>
  <testcase name="findContainerUsedBySpecificContentType" classname="com.dotmarketing.portlets.containers.business.ContainerAPITest" time="0.095"/>
  <testcase name="save" classname="com.dotmarketing.portlets.containers.business.ContainerAPITest" time="0.012"/>
  <testcase name="testFindContainersUnder" classname="com.dotmarketing.portlets.containers.business.ContainerAPITest" time="0.027"/>
  <testcase name="testFindContainersWithParent" classname="com.dotmarketing.portlets.containers.business.ContainerAPITest" time="1.362"/>
  <testcase name="testFindAllContainers" classname="com.dotmarketing.portlets.containers.business.ContainerAPITest" time="0.313"/>
  <testcase name="saveWithExistingIds" classname="com.dotmarketing.portlets.containers.business.ContainerAPITest" time="0.026"/>
  <testcase name="findContainersWithoutSystemContainer" classname="com.dotmarketing.portlets.containers.business.ContainerAPITest" time="0.021"/>
  <testcase name="findContainersWithSystemContainer" classname="com.dotmarketing.portlets.containers.business.ContainerAPITest" time="0.019"/>
  <testcase name="testFindContainers" classname="com.dotmarketing.portlets.containers.business.ContainerAPITest" time="0.016"/>
  <system-out><![CDATA[]]></system-out>
  <system-err><![CDATA[]]></system-err>
</testsuite>
