<?xml version="1.0" encoding="UTF-8"?>
<testsuite name="com.dotcms.contenttype.test.ContentTypeResourceTest" tests="10" skipped="0" failures="0" errors="0" timestamp="2023-06-28T03:02:16" hostname="fv-az1032-241" time="17.555">
  <properties/>
  <testcase name="testJson[0: file-asset.json]" classname="com.dotcms.contenttype.test.ContentTypeResourceTest" time="2.513"/>
  <testcase name="testJson[1: content-type-array-insert.json]" classname="com.dotcms.contenttype.test.ContentTypeResourceTest" time="2.963"/>
  <testcase name="testJson[2: persona-type-object.json]" classname="com.dotcms.contenttype.test.ContentTypeResourceTest" time="2.343"/>
  <testcase name="testJson[3: content-type-object.json]" classname="com.dotcms.contenttype.test.ContentTypeResourceTest" time="0.838"/>
  <testcase name="testJson[4: page-content-type.json]" classname="com.dotcms.contenttype.test.ContentTypeResourceTest" time="3.978"/>
  <testcase name="testJson[5: empty-widget.json]" classname="com.dotcms.contenttype.test.ContentTypeResourceTest" time="1.839"/>
  <testcase name="testJson[6: widget-type-object.json]" classname="com.dotcms.contenttype.test.ContentTypeResourceTest" time="1.654"/>
  <testcase name="testJson[7: content-type-object-insert.json]" classname="com.dotcms.contenttype.test.ContentTypeResourceTest" time="1.419"/>
  <testcase name="test_setHostAndFolderAsIdentifer_with_null" classname="com.dotcms.contenttype.test.ContentTypeResourceTest" time="0.0"/>
  <testcase name="test_setHostAndFolderAsIdentifer_with_System_Host" classname="com.dotcms.contenttype.test.ContentTypeResourceTest" time="0.003"/>
  <system-out><![CDATA[]]></system-out>
  <system-err><![CDATA[]]></system-err>
</testsuite>
