<?xml version="1.0" encoding="UTF-8"?>
<testsuite name="com.dotmarketing.startup.runonce.Task210816DeInodeRelationshipTest" tests="1" skipped="0" failures="0" errors="0" timestamp="2023-07-07T20:59:38" hostname="fv-az422-848" time="0.351">
  <properties/>
  <testcase name="testExecuteUpgrade" classname="com.dotmarketing.startup.runonce.Task210816DeInodeRelationshipTest" time="0.351"/>
  <system-out><![CDATA[
]]></system-out>
  <system-err><![CDATA[]]></system-err>
</testsuite>
