<?xml version="1.0" encoding="UTF-8"?>
<testsuite name="com.dotcms.rest.TagResourceIntegrationTest" tests="4" skipped="0" failures="0" errors="0" timestamp="2023-07-13T20:23:51" hostname="fv-az417-935" time="0.292">
  <properties/>
  <testcase name="testList[0: com.dotcms.rest.TagResourceTestCase@68edb743]" classname="com.dotcms.rest.TagResourceIntegrationTest" time="0.242"/>
  <testcase name="testList[1: com.dotcms.rest.TagResourceTestCase@7d4d15d8]" classname="com.dotcms.rest.TagResourceIntegrationTest" time="0.019"/>
  <testcase name="testList[2: com.dotcms.rest.TagResourceTestCase@11acc936]" classname="com.dotcms.rest.TagResourceIntegrationTest" time="0.014"/>
  <testcase name="testList[3: com.dotcms.rest.TagResourceTestCase@365a470e]" classname="com.dotcms.rest.TagResourceIntegrationTest" time="0.017"/>
  <system-out><![CDATA[]]></system-out>
  <system-err><![CDATA[Jul 13, 2023 8:23:51 PM com.dotcms.repackage.org.hibernate.validator.internal.util.Version <clinit>
INFO: HV000001: Hibernate Validator 4.3.2.Final
]]></system-err>
</testsuite>
