<?xml version="1.0" encoding="UTF-8"?>
<testsuite name="com.dotmarketing.business.DeterministicIdentifierAPITest" tests="16" skipped="0" failures="0" errors="0" timestamp="2023-07-18T20:41:47" hostname="fv-az344-517" time="0.773">
  <properties/>
  <testcase name="Test_Category_Path_Seed_And_Id" classname="com.dotmarketing.business.DeterministicIdentifierAPITest" time="0.018"/>
  <testcase name="Test_Language_Deterministic_Id[0: LanguageTestCase{expectedSeed='Language:es:US', expectedHash=4913155, langCode='es', countryCode='US', country='United States'}]" classname="com.dotmarketing.business.DeterministicIdentifierAPITest" time="0.001"/>
  <testcase name="Test_Language_Deterministic_Id[1: LanguageTestCase{expectedSeed='Language:ep:', expectedHash=5292269, langCode='ep', countryCode='', country=''}]" classname="com.dotmarketing.business.DeterministicIdentifierAPITest" time="0.001"/>
  <testcase name="Test_Language_Deterministic_Id[2: LanguageTestCase{expectedSeed='Language:sg:SAG', expectedHash=4713118, langCode='sg', countryCode='SAG', country=''}]" classname="com.dotmarketing.business.DeterministicIdentifierAPITest" time="0.0"/>
  <testcase name="Test_Language_Deterministic_Id[3: LanguageTestCase{expectedSeed='Language:en:NZ', expectedHash=5382528, langCode='en', countryCode='NZ', country='New Zealand'}]" classname="com.dotmarketing.business.DeterministicIdentifierAPITest" time="0.0"/>
  <testcase name="Test_Category_None_Persisted_Category_Should_Return_Deterministic_Id" classname="com.dotmarketing.business.DeterministicIdentifierAPITest" time="0.001"/>
  <testcase name="Test_Asset_Generate_Deterministic_Id_Best_Effort[0: TestCase{versionable=my.host1689712525981.com, parent=System Host, expectedName='my.host1689712525981.com', expectedType='Host'}]" classname="com.dotmarketing.business.DeterministicIdentifierAPITest" time="0.002"/>
  <testcase name="Test_Asset_Generate_Deterministic_Id_Best_Effort[1: TestCase{versionable=com.dotmarketing.portlets.contentlet.model.Contentlet@ba0b6[map={modDate=2023-07-18 20:35:26.837, fileName=file7121087062979201494.txt, title=file7121087062979201494.txt, inode=73691521-ba53-492b-9b5d-f0e7e72ec067, __IS_NEW_CONTENT__=true, disabledWYSIWYG=[], host=f1ad39af-ec72-4d4e-ab72-6cd13783931b, stInode=33888b6f-7a8e-4069-b1b6-5c1aa9d0a48d, owner=system, identifier=fb97af13-15d6-463c-98c7-e786e9996f39, nullProperties=[wfExpireDate, wfPublishDate, wfActionAssign, wfActionId, wfActionComments, filterKey, whereToSend, wfNeverExpire, _path_to_move, timezoneId, iWantTo, wfPublishTime, wfExpireTime], languageId=1, fileAsset=/home/runner/work/core/custom/assets/7/3/73691521-ba53-492b-9b5d-f0e7e72ec067/fileAsset/file7121087062979201494.txt, folder=59dfef99-0881-482b-90d1-d80b339cf0f1, __disable_workflow__=true, sortOrder=0, modUser=system},lowIndexPriority=false,variantId=DEFAULT], parent=com.dotmarketing.portlets.folders.model.Folder@68cc8be2[identifier=59dfef99-0881-482b-90d1-d80b339cf0f1,name=testName1689712526831,sortOrder=0,showOnMenu=false,hostId=f1ad39af-ec72-4d4e-ab72-6cd13783931b,type=folder,title=testTitle1689712526831,filesMasks=,defaultFileType=33888b6f-7a8e-4069-b1b6-5c1aa9d0a48d,modDate=2023-07-18 20:35:26.833,owner=&lt;null&gt;,iDate=2023-07-18 20:35:26.833,inode=59dfef99-0881-482b-90d1-d80b339cf0f1,path=/testName1689712526831/], expectedName='file7121087062979201494.txt', expectedType='FileAsset'}]" classname="com.dotmarketing.business.DeterministicIdentifierAPITest" time="0.002"/>
  <testcase name="Test_Asset_Generate_Deterministic_Id_Best_Effort[2: TestCase{versionable=com.dotmarketing.portlets.templates.model.Template@f1ffad2f, parent=my.host1689712525981.com, expectedName='testTitle1689712526924', expectedType='Template'}]" classname="com.dotmarketing.business.DeterministicIdentifierAPITest" time="0.001"/>
  <testcase name="Test_Asset_Generate_Deterministic_Id_Best_Effort[3: TestCase{versionable=com.dotmarketing.portlets.htmlpageasset.model.HTMLPageAsset@427bca56[map={template=2fd7addd-a8a0-4c9f-9ec1-089e036b697b, owner=system, identifier=e5577c4d-0dff-4f07-aaf8-eda1c18aa6f3, nullProperties=[wfExpireDate, wfPublishDate, wfActionAssign, wfActionId, wfActionComments, filterKey, whereToSend, wfNeverExpire, _path_to_move, timezoneId, iWantTo, wfPublishTime, wfExpireTime], modDate=2023-07-18 20:35:26.951, cachettl=0, _is_test_mode=true, languageId=1, title=test-page-title-1689712526946, httpsreq=, url=test-page-url-1689712526946, showOnMenu=, inode=19f2fef3-5cd0-443a-9afa-06a1c5731446, folder=59dfef99-0881-482b-90d1-d80b339cf0f1, disabledWYSIWYG=[], sortOrder=1, modUser=system, host=f1ad39af-ec72-4d4e-ab72-6cd13783931b, stInode=c541abb1-69b3-4bc5-8430-5e09e5239cc8, friendlyName=test-page-friendly-name-1689712526946},lowIndexPriority=false,variantId=DEFAULT], parent=com.dotmarketing.portlets.folders.model.Folder@68cc8be2[identifier=59dfef99-0881-482b-90d1-d80b339cf0f1,name=testName1689712526831,sortOrder=0,showOnMenu=false,hostId=f1ad39af-ec72-4d4e-ab72-6cd13783931b,type=folder,title=testTitle1689712526831,filesMasks=,defaultFileType=33888b6f-7a8e-4069-b1b6-5c1aa9d0a48d,modDate=2023-07-18 20:35:26.833,owner=&lt;null&gt;,iDate=2023-07-18 20:35:26.833,inode=59dfef99-0881-482b-90d1-d80b339cf0f1,path=/testName1689712526831/], expectedName='test-page-url-1689712526946', expectedType='htmlpageasset'}]" classname="com.dotmarketing.business.DeterministicIdentifierAPITest" time="0.002"/>
  <testcase name="Test_Asset_Generate_Deterministic_Id_Best_Effort[4: TestCase{versionable=com.dotmarketing.portlets.contentlet.model.Contentlet@3d13b889[map={fileAsset2=/home/runner/work/core/custom/assets/9/5/95e48437-564d-40bd-90ca-0fc2ad8d3f1a/fileAsset2/test_binary1689712528766.png, modDate=2023-07-18 20:35:28.771, fileAsset1=/home/runner/work/core/custom/assets/9/5/95e48437-564d-40bd-90ca-0fc2ad8d3f1a/fileAsset1/test_binary1689712528766.jpg, title=blah, inode=95e48437-564d-40bd-90ca-0fc2ad8d3f1a, __IS_NEW_CONTENT__=true, disabledWYSIWYG=[], host=48190c8c-42c4-46af-8d1a-0cd5db894797, stInode=6ecb842c-9763-426f-bcb3-25034c78de93, owner=system, identifier=4fac4d4e-265d-4d96-8a4d-cfcf530aaae7, nullProperties=[], languageId=1, image1=6f50243e-ea1c-4d27-8b3a-08785e9a9fd0, folder=SYSTEM_FOLDER, __disable_workflow__=true, sortOrder=0, modUser=system},lowIndexPriority=false,variantId=DEFAULT], parent=demo.dotcms.com, expectedName='test_binary1689712528766.jpg:test_binary1689712528766.png', expectedType='MultipleBinaries1689712527250'}]" classname="com.dotmarketing.business.DeterministicIdentifierAPITest" time="0.003"/>
  <testcase name="Test_Asset_Generate_Deterministic_Id_Best_Effort[5: TestCase{versionable=name5b993b58b3 : keyTag5b993b58b3, parent=my.host1689712525981.com, expectedName='keyTag5b993b58b3', expectedType='persona'}]" classname="com.dotmarketing.business.DeterministicIdentifierAPITest" time="0.002"/>
  <testcase name="Test_Similar_Content_Type_Wont_Clash" classname="com.dotmarketing.business.DeterministicIdentifierAPITest" time="0.393"/>
  <testcase name="Test_Generate_Folder_Identifier" classname="com.dotmarketing.business.DeterministicIdentifierAPITest" time="0.33"/>
  <testcase name="Test_Generate_Content_Type_Identifier[0: ContentTypeTestCase{contentType=KeyValueContentType{name=Language Variable, id=f4d7c1b8-2c88-4071-abf1-a5328977b07d, description=Default Content Type for Language Variables, defaultType=false, fixed=true, iDate=Thu Aug 31 16:38:49 UTC 2017, system=true, versionable=true, variable=Languagevariable, modDate=Tue Jul 18 19:32:44 UTC 2023, host=SYSTEM_HOST, siteName=systemHost, icon=language, sortOrder=0, folder=SYSTEM_FOLDER, folderPath=/, markedForDeletion=true, multilingualable=false}, expectedName='Languagevariable', expectedType='KeyValue'}]" classname="com.dotmarketing.business.DeterministicIdentifierAPITest" time="0.007"/>
  <testcase name="Test_Generate_Content_Type_Identifier[1: ContentTypeTestCase{contentType=SimpleContentType{name=testName1689712529139, id=6d75e917-e2bb-47ea-b114-2fce1ce030b5, description=testDescription1689712529139, defaultType=false, fixed=false, iDate=Tue Jul 18 20:35:29 UTC 2023, system=false, versionable=true, multilingualable=false, variable=testVarname1689712529139, owner=system, modDate=Tue Jul 18 20:35:29 UTC 2023, host=48190c8c-42c4-46af-8d1a-0cd5db894797, siteName=demo.dotcms.com, icon=event_note, sortOrder=0, folder=SYSTEM_FOLDER, folderPath=/, requiredFields=[], markedForDeletion=false}, expectedName='testVarname1689712529139', expectedType='CONTENT'}]" classname="com.dotmarketing.business.DeterministicIdentifierAPITest" time="0.004"/>
  <system-out><![CDATA[]]></system-out>
  <system-err><![CDATA[]]></system-err>
</testsuite>
