<?xml version="1.0" encoding="UTF-8"?>
<testsuite name="com.dotcms.content.elasticsearch.business.ElasticsearchUtilTest" tests="23" skipped="0" failures="0" errors="0" timestamp="2023-07-05T16:52:04" hostname="fv-az951-870" time="2.406">
  <properties/>
  <testcase name="whenTheIndexDoesNotExistsShouldThrowException" classname="com.dotcms.content.elasticsearch.business.ElasticsearchUtilTest" time="0.002"/>
  <testcase name="shouldSetWorkingAndLiveIndexToReadOnly[0: index.blocks.read_only]" classname="com.dotcms.content.elasticsearch.business.ElasticsearchUtilTest" time="0.304"/>
  <testcase name="shouldSetWorkingAndLiveIndexToReadOnly[1: index.blocks.read_only_allow_delete]" classname="com.dotcms.content.elasticsearch.business.ElasticsearchUtilTest" time="0.251"/>
  <testcase name="whenIntervalUpdateIsSetInMinutes" classname="com.dotcms.content.elasticsearch.business.ElasticsearchUtilTest" time="0.05"/>
  <testcase name="shouldReturnTrueWhenLiveIndexIsReadOnly[0: index.blocks.read_only]" classname="com.dotcms.content.elasticsearch.business.ElasticsearchUtilTest" time="0.157"/>
  <testcase name="shouldReturnTrueWhenLiveIndexIsReadOnly[1: index.blocks.read_only_allow_delete]" classname="com.dotcms.content.elasticsearch.business.ElasticsearchUtilTest" time="0.159"/>
  <testcase name="shouldReturnTrueIfTheCurrentIndicesAreReadOnly[0: index.blocks.read_only]" classname="com.dotcms.content.elasticsearch.business.ElasticsearchUtilTest" time="0.109"/>
  <testcase name="shouldReturnTrueIfTheCurrentIndicesAreReadOnly[1: index.blocks.read_only_allow_delete]" classname="com.dotcms.content.elasticsearch.business.ElasticsearchUtilTest" time="0.134"/>
  <testcase name="whenIntervalUpdateIsSetInSeconds" classname="com.dotcms.content.elasticsearch.business.ElasticsearchUtilTest" time="0.04"/>
  <testcase name="whenIntervalUpdateIsSetInDefaultValue" classname="com.dotcms.content.elasticsearch.business.ElasticsearchUtilTest" time="0.027"/>
  <testcase name="shouldReturnFalseIfTheCurrentIndicesAreNotReadOnly[0: index.blocks.read_only]" classname="com.dotcms.content.elasticsearch.business.ElasticsearchUtilTest" time="0.097"/>
  <testcase name="shouldReturnFalseIfTheCurrentIndicesAreNotReadOnly[1: index.blocks.read_only_allow_delete]" classname="com.dotcms.content.elasticsearch.business.ElasticsearchUtilTest" time="0.095"/>
  <testcase name="shouldReturnFalseWhenTheClusterIsInReadOnlyMode[0: cluster.blocks.read_only]" classname="com.dotcms.content.elasticsearch.business.ElasticsearchUtilTest" time="0.045"/>
  <testcase name="shouldReturnFalseWhenTheClusterIsInReadOnlyMode[1: cluster.blocks.read_only_allow_delete]" classname="com.dotcms.content.elasticsearch.business.ElasticsearchUtilTest" time="0.041"/>
  <testcase name="setClusterReadOnlyModeToFalse[0: cluster.blocks.read_only]" classname="com.dotcms.content.elasticsearch.business.ElasticsearchUtilTest" time="0.048"/>
  <testcase name="setClusterReadOnlyModeToFalse[1: cluster.blocks.read_only_allow_delete]" classname="com.dotcms.content.elasticsearch.business.ElasticsearchUtilTest" time="0.05"/>
  <testcase name="shouldPutReadonlyInFalse[0: index.blocks.read_only]" classname="com.dotcms.content.elasticsearch.business.ElasticsearchUtilTest" time="0.167"/>
  <testcase name="shouldPutReadonlyInFalse[1: index.blocks.read_only_allow_delete]" classname="com.dotcms.content.elasticsearch.business.ElasticsearchUtilTest" time="0.266"/>
  <testcase name="shouldReturnFalseWhenTheClusterIsNotInReadOnlyMode[0: cluster.blocks.read_only]" classname="com.dotcms.content.elasticsearch.business.ElasticsearchUtilTest" time="0.005"/>
  <testcase name="shouldReturnFalseWhenTheClusterIsNotInReadOnlyMode[1: cluster.blocks.read_only_allow_delete]" classname="com.dotcms.content.elasticsearch.business.ElasticsearchUtilTest" time="0.008"/>
  <testcase name="shouldTryPutReadonlyInTrueAndTheIndexDoesNotExists" classname="com.dotcms.content.elasticsearch.business.ElasticsearchUtilTest" time="0.002"/>
  <testcase name="shouldReturnTrueWhenWorkingIndexIsReadOnly[0: index.blocks.read_only]" classname="com.dotcms.content.elasticsearch.business.ElasticsearchUtilTest" time="0.187"/>
  <testcase name="shouldReturnTrueWhenWorkingIndexIsReadOnly[1: index.blocks.read_only_allow_delete]" classname="com.dotcms.content.elasticsearch.business.ElasticsearchUtilTest" time="0.157"/>
  <system-out><![CDATA[]]></system-out>
  <system-err><![CDATA[]]></system-err>
</testsuite>
