<?xml version="1.0" encoding="UTF-8"?>
<testsuite name="com.dotcms.publisher.bundle.business.BundleAPITest" tests="11" skipped="0" failures="0" errors="0" timestamp="2023-07-13T21:25:39" hostname="fv-az673-76" time="5.723">
  <properties/>
  <testcase name="test_deleteBundleById_uploadedBundle" classname="com.dotcms.publisher.bundle.business.BundleAPITest" time="0.006"/>
  <testcase name="test_deleteBundleAndDependencies_bundleIdDoesNotExist" classname="com.dotcms.publisher.bundle.business.BundleAPITest" time="0.002"/>
  <testcase name="test_deleteAllBundles_byLimitedUser" classname="com.dotcms.publisher.bundle.business.BundleAPITest" time="0.781"/>
  <testcase name="test_bundleTgzExists_returnFalse" classname="com.dotcms.publisher.bundle.business.BundleAPITest" time="0.003"/>
  <testcase name="test_deleteBundleAndDependencies_byAdmin" classname="com.dotcms.publisher.bundle.business.BundleAPITest" time="0.755"/>
  <testcase name="test_deleteBundleAndDependenciesOlderThan_futureDate" classname="com.dotcms.publisher.bundle.business.BundleAPITest" time="0.0"/>
  <testcase name="test_deleteBundleAndDependenciesOlderThan_byAdmin" classname="com.dotcms.publisher.bundle.business.BundleAPITest" time="1.903"/>
  <testcase name="test_deleteBundleAndDependenciesOlderThan_byLimitedUser" classname="com.dotcms.publisher.bundle.business.BundleAPITest" time="0.756"/>
  <testcase name="test_bundleTgzExists_returnTrue" classname="com.dotcms.publisher.bundle.business.BundleAPITest" time="0.01"/>
  <testcase name="test_deleteAllBundles_byAdmin" classname="com.dotcms.publisher.bundle.business.BundleAPITest" time="0.768"/>
  <testcase name="test_deleteBundleAndDependencies_byLimitedUser" classname="com.dotcms.publisher.bundle.business.BundleAPITest" time="0.738"/>
  <system-out><![CDATA[
]]></system-out>
  <system-err><![CDATA[]]></system-err>
</testsuite>
