<?xml version="1.0" encoding="UTF-8"?>
<testsuite name="com.dotcms.rest.api.v1.apps.SiteViewPaginatorIntegrationTest" tests="1" skipped="0" failures="0" errors="0" timestamp="2023-06-23T01:32:45" hostname="fv-az395-584" time="2.604">
  <properties/>
  <testcase name="Site_Paginator_Accuracy_Test" classname="com.dotcms.rest.api.v1.apps.SiteViewPaginatorIntegrationTest" time="2.604"/>
  <system-out><![CDATA[]]></system-out>
  <system-err><![CDATA[]]></system-err>
</testsuite>
