<?xml version="1.0" encoding="UTF-8"?>
<testsuite name="com.dotcms.rest.elasticsearch.ESContentResourcePortletTest" tests="8" skipped="0" failures="0" errors="0" timestamp="2023-07-11T23:52:28" hostname="fv-az251-15" time="7.746">
  <properties/>
  <testcase name="test_search_includeGrandChildCategory_success" classname="com.dotcms.rest.elasticsearch.ESContentResourcePortletTest" time="1.411"/>
  <testcase name="testSearch[0: com.dotcms.rest.elasticsearch.ESContentResourcePortletTest$TestCase@5af0b0d2]" classname="com.dotcms.rest.elasticsearch.ESContentResourcePortletTest" time="0.914"/>
  <testcase name="testSearch[1: com.dotcms.rest.elasticsearch.ESContentResourcePortletTest$TestCase@f6b87c0]" classname="com.dotcms.rest.elasticsearch.ESContentResourcePortletTest" time="1.268"/>
  <testcase name="testSearch[2: com.dotcms.rest.elasticsearch.ESContentResourcePortletTest$TestCase@d369ade]" classname="com.dotcms.rest.elasticsearch.ESContentResourcePortletTest" time="0.885"/>
  <testcase name="testSearch[3: com.dotcms.rest.elasticsearch.ESContentResourcePortletTest$TestCase@153eea32]" classname="com.dotcms.rest.elasticsearch.ESContentResourcePortletTest" time="0.256"/>
  <testcase name="testSearch[4: com.dotcms.rest.elasticsearch.ESContentResourcePortletTest$TestCase@4a97ae67]" classname="com.dotcms.rest.elasticsearch.ESContentResourcePortletTest" time="1.272"/>
  <testcase name="testSearch[5: com.dotcms.rest.elasticsearch.ESContentResourcePortletTest$TestCase@19117572]" classname="com.dotcms.rest.elasticsearch.ESContentResourcePortletTest" time="0.861"/>
  <testcase name="testSearch[6: com.dotcms.rest.elasticsearch.ESContentResourcePortletTest$TestCase@20c8ece4]" classname="com.dotcms.rest.elasticsearch.ESContentResourcePortletTest" time="0.875"/>
  <system-out><![CDATA[]]></system-out>
  <system-err><![CDATA[]]></system-err>
</testsuite>
