<?xml version="1.0" encoding="UTF-8"?>
<testsuite name="com.dotcms.rest.api.v1.vtl.VTLResourceIntegrationTest" tests="6" skipped="0" failures="0" errors="0" timestamp="2023-07-14T15:27:50" hostname="fv-az364-103" time="13.137">
  <properties/>
  <testcase name="testGet[0: com.dotcms.rest.api.v1.vtl.VTLResourceTestCase@13d58cc8]" classname="com.dotcms.rest.api.v1.vtl.VTLResourceIntegrationTest" time="2.207"/>
  <testcase name="testGet[1: com.dotcms.rest.api.v1.vtl.VTLResourceTestCase@415db1a8]" classname="com.dotcms.rest.api.v1.vtl.VTLResourceIntegrationTest" time="1.83"/>
  <testcase name="testGet[2: com.dotcms.rest.api.v1.vtl.VTLResourceTestCase@443a4a74]" classname="com.dotcms.rest.api.v1.vtl.VTLResourceIntegrationTest" time="2.485"/>
  <testcase name="testGet[3: com.dotcms.rest.api.v1.vtl.VTLResourceTestCase@7da34f5]" classname="com.dotcms.rest.api.v1.vtl.VTLResourceIntegrationTest" time="2.622"/>
  <testcase name="testGet[4: com.dotcms.rest.api.v1.vtl.VTLResourceTestCase@38564b0a]" classname="com.dotcms.rest.api.v1.vtl.VTLResourceIntegrationTest" time="1.97"/>
  <testcase name="testGet[5: com.dotcms.rest.api.v1.vtl.VTLResourceTestCase@14aa6d59]" classname="com.dotcms.rest.api.v1.vtl.VTLResourceIntegrationTest" time="2.023"/>
  <system-out><![CDATA[]]></system-out>
  <system-err><![CDATA[]]></system-err>
</testsuite>
