<?xml version="1.0" encoding="UTF-8"?>
<testsuite name="com.dotmarketing.portlets.structure.model.ContentletRelationshipsTest" tests="7" skipped="0" failures="0" errors="0" timestamp="2023-06-27T17:54:33" hostname="fv-az162-375" time="8.291">
  <properties/>
  <testcase name="testDoesAllowOnlyOne[0: com.dotmarketing.portlets.structure.model.ContentletRelationshipsTest$CardinalityTestCase@5973eccd]" classname="com.dotmarketing.portlets.structure.model.ContentletRelationshipsTest" time="0.497"/>
  <testcase name="testDoesAllowOnlyOne[1: com.dotmarketing.portlets.structure.model.ContentletRelationshipsTest$CardinalityTestCase@62f3e7f9]" classname="com.dotmarketing.portlets.structure.model.ContentletRelationshipsTest" time="0.387"/>
  <testcase name="testDoesAllowOnlyOne[2: com.dotmarketing.portlets.structure.model.ContentletRelationshipsTest$CardinalityTestCase@a848cf4]" classname="com.dotmarketing.portlets.structure.model.ContentletRelationshipsTest" time="0.371"/>
  <testcase name="testGetRelationshipRecords[0: com.dotmarketing.portlets.structure.model.ContentletRelationshipsTest$TestCase@6fdd163c]" classname="com.dotmarketing.portlets.structure.model.ContentletRelationshipsTest" time="1.867"/>
  <testcase name="testGetRelationshipRecords[1: com.dotmarketing.portlets.structure.model.ContentletRelationshipsTest$TestCase@290e8a8e]" classname="com.dotmarketing.portlets.structure.model.ContentletRelationshipsTest" time="1.783"/>
  <testcase name="testGetRelationshipRecords[2: com.dotmarketing.portlets.structure.model.ContentletRelationshipsTest$TestCase@54bf7c79]" classname="com.dotmarketing.portlets.structure.model.ContentletRelationshipsTest" time="1.699"/>
  <testcase name="testGetRelationshipRecords[3: com.dotmarketing.portlets.structure.model.ContentletRelationshipsTest$TestCase@7a72a936]" classname="com.dotmarketing.portlets.structure.model.ContentletRelationshipsTest" time="1.687"/>
  <system-out><![CDATA[]]></system-out>
  <system-err><![CDATA[]]></system-err>
</testsuite>
