<?xml version="1.0" encoding="UTF-8"?>
<testsuite name="com.dotmarketing.business.DeterministicIdentifierAPITest" tests="16" skipped="0" failures="0" errors="0" timestamp="2023-07-11T18:16:56" hostname="fv-az351-324" time="0.982">
  <properties/>
  <testcase name="Test_Category_Path_Seed_And_Id" classname="com.dotmarketing.business.DeterministicIdentifierAPITest" time="0.031"/>
  <testcase name="Test_Language_Deterministic_Id[0: LanguageTestCase{expectedSeed='Language:es:US', expectedHash=4913155, langCode='es', countryCode='US', country='United States'}]" classname="com.dotmarketing.business.DeterministicIdentifierAPITest" time="0.002"/>
  <testcase name="Test_Language_Deterministic_Id[1: LanguageTestCase{expectedSeed='Language:ep:', expectedHash=5292269, langCode='ep', countryCode='', country=''}]" classname="com.dotmarketing.business.DeterministicIdentifierAPITest" time="0.001"/>
  <testcase name="Test_Language_Deterministic_Id[2: LanguageTestCase{expectedSeed='Language:sg:SAG', expectedHash=4713118, langCode='sg', countryCode='SAG', country=''}]" classname="com.dotmarketing.business.DeterministicIdentifierAPITest" time="0.001"/>
  <testcase name="Test_Language_Deterministic_Id[3: LanguageTestCase{expectedSeed='Language:en:NZ', expectedHash=5382528, langCode='en', countryCode='NZ', country='New Zealand'}]" classname="com.dotmarketing.business.DeterministicIdentifierAPITest" time="0.002"/>
  <testcase name="Test_Category_None_Persisted_Category_Should_Return_Deterministic_Id" classname="com.dotmarketing.business.DeterministicIdentifierAPITest" time="0.001"/>
  <testcase name="Test_Asset_Generate_Deterministic_Id_Best_Effort[0: TestCase{versionable=my.host1689099003291.com, parent=System Host, expectedName='my.host1689099003291.com', expectedType='Host'}]" classname="com.dotmarketing.business.DeterministicIdentifierAPITest" time="0.003"/>
  <testcase name="Test_Asset_Generate_Deterministic_Id_Best_Effort[1: TestCase{versionable=com.dotmarketing.portlets.contentlet.model.Contentlet@44283ecd[map={modDate=2023-07-11 18:10:03.901, fileName=file8902315283341863582.txt, title=file8902315283341863582.txt, inode=fae6f253-4159-4efe-930a-0e6b627a1218, __IS_NEW_CONTENT__=true, disabledWYSIWYG=[], host=76fa315c-5541-4a3f-9da3-625efa71e9d2, stInode=33888b6f-7a8e-4069-b1b6-5c1aa9d0a48d, owner=system, identifier=d625700d-5b90-48bb-a748-97135853e925, nullProperties=[wfExpireDate, wfPublishDate, wfActionAssign, wfActionId, wfActionComments, filterKey, whereToSend, wfNeverExpire, _path_to_move, timezoneId, iWantTo, wfPublishTime, wfExpireTime], languageId=1, fileAsset=/home/runner/work/core/custom/assets/f/a/fae6f253-4159-4efe-930a-0e6b627a1218/fileAsset/file8902315283341863582.txt, folder=a81c21af-e91a-4528-ad22-4a210415b54d, __disable_workflow__=true, sortOrder=0, modUser=system},lowIndexPriority=false,variantId=DEFAULT], parent=com.dotmarketing.portlets.folders.model.Folder@702e40ea[identifier=a81c21af-e91a-4528-ad22-4a210415b54d,name=testName1689099003893,sortOrder=0,showOnMenu=false,hostId=76fa315c-5541-4a3f-9da3-625efa71e9d2,type=folder,title=testTitle1689099003893,filesMasks=,defaultFileType=33888b6f-7a8e-4069-b1b6-5c1aa9d0a48d,modDate=2023-07-11 18:10:03.896,owner=&lt;null&gt;,iDate=2023-07-11 18:10:03.896,inode=a81c21af-e91a-4528-ad22-4a210415b54d,path=/testName1689099003893/], expectedName='file8902315283341863582.txt', expectedType='FileAsset'}]" classname="com.dotmarketing.business.DeterministicIdentifierAPITest" time="0.003"/>
  <testcase name="Test_Asset_Generate_Deterministic_Id_Best_Effort[2: TestCase{versionable=com.dotmarketing.portlets.templates.model.Template@e232b36b, parent=my.host1689099003291.com, expectedName='testTitle1689099004002', expectedType='Template'}]" classname="com.dotmarketing.business.DeterministicIdentifierAPITest" time="0.003"/>
  <testcase name="Test_Asset_Generate_Deterministic_Id_Best_Effort[3: TestCase{versionable=com.dotmarketing.portlets.htmlpageasset.model.HTMLPageAsset@589fdae0[map={template=6c6916e7-4bd5-403a-9a1c-4589feb3b910, owner=system, identifier=24452d75-986f-455a-8f73-dde42d247ab3, nullProperties=[wfExpireDate, wfPublishDate, wfActionAssign, wfActionId, wfActionComments, filterKey, whereToSend, wfNeverExpire, _path_to_move, timezoneId, iWantTo, wfPublishTime, wfExpireTime], modDate=2023-07-11 18:10:04.018, cachettl=0, _is_test_mode=true, languageId=1, title=test-page-title-1689099004014, httpsreq=, url=test-page-url-1689099004014, showOnMenu=, inode=d9893612-a5cf-4656-b37d-f1fd0292586d, folder=a81c21af-e91a-4528-ad22-4a210415b54d, disabledWYSIWYG=[], sortOrder=1, modUser=system, host=76fa315c-5541-4a3f-9da3-625efa71e9d2, stInode=c541abb1-69b3-4bc5-8430-5e09e5239cc8, friendlyName=test-page-friendly-name-1689099004014},lowIndexPriority=false,variantId=DEFAULT], parent=com.dotmarketing.portlets.folders.model.Folder@702e40ea[identifier=a81c21af-e91a-4528-ad22-4a210415b54d,name=testName1689099003893,sortOrder=0,showOnMenu=false,hostId=76fa315c-5541-4a3f-9da3-625efa71e9d2,type=folder,title=testTitle1689099003893,filesMasks=,defaultFileType=33888b6f-7a8e-4069-b1b6-5c1aa9d0a48d,modDate=2023-07-11 18:10:03.896,owner=&lt;null&gt;,iDate=2023-07-11 18:10:03.896,inode=a81c21af-e91a-4528-ad22-4a210415b54d,path=/testName1689099003893/], expectedName='test-page-url-1689099004014', expectedType='htmlpageasset'}]" classname="com.dotmarketing.business.DeterministicIdentifierAPITest" time="0.003"/>
  <testcase name="Test_Asset_Generate_Deterministic_Id_Best_Effort[4: TestCase{versionable=com.dotmarketing.portlets.contentlet.model.Contentlet@7474d09b[map={fileAsset2=/home/runner/work/core/custom/assets/c/e/ce7b9756-fd3c-4631-be26-bbe25ce0e88a/fileAsset2/test_binary1689099005917.png, modDate=2023-07-11 18:10:05.922, fileAsset1=/home/runner/work/core/custom/assets/c/e/ce7b9756-fd3c-4631-be26-bbe25ce0e88a/fileAsset1/test_binary1689099005916.jpg, title=blah, inode=ce7b9756-fd3c-4631-be26-bbe25ce0e88a, __IS_NEW_CONTENT__=true, disabledWYSIWYG=[], host=48190c8c-42c4-46af-8d1a-0cd5db894797, stInode=0ea549a0-e95f-4380-b476-407d42a35070, owner=system, identifier=aeedfd93-e581-4b1b-a432-3b8f18dc5cc5, nullProperties=[], languageId=1, image1=2dafe53c-0839-45c5-80a1-cb713f11b8cc, folder=SYSTEM_FOLDER, __disable_workflow__=true, sortOrder=0, modUser=system},lowIndexPriority=false,variantId=DEFAULT], parent=demo.dotcms.com, expectedName='test_binary1689099005916.jpg:test_binary1689099005917.png', expectedType='MultipleBinaries1689099004193'}]" classname="com.dotmarketing.business.DeterministicIdentifierAPITest" time="0.003"/>
  <testcase name="Test_Asset_Generate_Deterministic_Id_Best_Effort[5: TestCase{versionable=namee1eac19149 : keyTage1eac19149, parent=my.host1689099003291.com, expectedName='keyTage1eac19149', expectedType='persona'}]" classname="com.dotmarketing.business.DeterministicIdentifierAPITest" time="0.003"/>
  <testcase name="Test_Similar_Content_Type_Wont_Clash" classname="com.dotmarketing.business.DeterministicIdentifierAPITest" time="0.551"/>
  <testcase name="Test_Generate_Folder_Identifier" classname="com.dotmarketing.business.DeterministicIdentifierAPITest" time="0.363"/>
  <testcase name="Test_Generate_Content_Type_Identifier[0: ContentTypeTestCase{contentType=KeyValueContentType{name=Language Variable, id=f4d7c1b8-2c88-4071-abf1-a5328977b07d, description=Default Content Type for Language Variables, defaultType=false, fixed=true, iDate=Thu Aug 31 16:38:49 UTC 2017, system=true, versionable=true, variable=Languagevariable, modDate=Tue Jul 11 16:57:55 UTC 2023, host=SYSTEM_HOST, siteName=systemHost, icon=language, sortOrder=0, folder=SYSTEM_FOLDER, folderPath=/, markedForDeletion=true, multilingualable=false}, expectedName='Languagevariable', expectedType='KeyValue'}]" classname="com.dotmarketing.business.DeterministicIdentifierAPITest" time="0.005"/>
  <testcase name="Test_Generate_Content_Type_Identifier[1: ContentTypeTestCase{contentType=SimpleContentType{name=testName1689099006431, id=89e681fb-34e2-4521-a2e1-3ebaae4e6e33, description=testDescription1689099006431, defaultType=false, fixed=false, iDate=Tue Jul 11 18:10:06 UTC 2023, system=false, versionable=true, multilingualable=false, variable=testVarname1689099006431, owner=system, modDate=Tue Jul 11 18:10:07 UTC 2023, host=48190c8c-42c4-46af-8d1a-0cd5db894797, siteName=demo.dotcms.com, icon=event_note, sortOrder=0, folder=SYSTEM_FOLDER, folderPath=/, requiredFields=[], markedForDeletion=false}, expectedName='testVarname1689099006431', expectedType='CONTENT'}]" classname="com.dotmarketing.business.DeterministicIdentifierAPITest" time="0.005"/>
  <system-out><![CDATA[]]></system-out>
  <system-err><![CDATA[]]></system-err>
</testsuite>
