<?xml version="1.0" encoding="UTF-8"?>
<testsuite name="com.dotcms.enterprise.publishing.remote.PushPublishBundleGeneratorTest" tests="10" skipped="0" failures="0" errors="0" timestamp="2023-07-13T16:08:42" hostname="fv-az218-607" time="14.215">
  <properties/>
  <testcase name="Test_GenerateBundle_PageWithTemplateDeleted_PageSuccessfullyAddedToBundle" classname="com.dotcms.enterprise.publishing.remote.PushPublishBundleGeneratorTest" time="1.31"/>
  <testcase name="testGenerateBundleWithFilter_DependenciesFalse_TemplateContainerFolderContenttypeContentlet_NotAdded" classname="com.dotcms.enterprise.publishing.remote.PushPublishBundleGeneratorTest" time="1.444"/>
  <testcase name="testGenerateBundleWithFilter_ExcludeDependencyQuery_ContentFromChildContentType_NotAdded" classname="com.dotcms.enterprise.publishing.remote.PushPublishBundleGeneratorTest" time="2.732"/>
  <testcase name="testGenerateBundleWithFilter_RelationshipsFalse_ChildcontentletChildcontentyypeRelationship_NotAdded" classname="com.dotcms.enterprise.publishing.remote.PushPublishBundleGeneratorTest" time="1.727"/>
  <testcase name="Test_GenerateBundle_FileAssetZeroBytes_ContentAllowZeroLengthFilesSetToTrue_Success" classname="com.dotcms.enterprise.publishing.remote.PushPublishBundleGeneratorTest" time="0.651"/>
  <testcase name="Test_GenerateBundle_FileAssetZeroBytes_ContentAllowZeroLengthFilesSetToFalse_DotBundleException" classname="com.dotcms.enterprise.publishing.remote.PushPublishBundleGeneratorTest" time="0.868"/>
  <testcase name="testGenerateBundleWithFilter_ExcludeClasses_TemplateContainer_NotAdded" classname="com.dotcms.enterprise.publishing.remote.PushPublishBundleGeneratorTest" time="0.222"/>
  <testcase name="testGenerateBundle_FilterDependenciesAndForcePushFalse_ContentExplicitlyAddedMustBePushedRegardlessPushDate" classname="com.dotcms.enterprise.publishing.remote.PushPublishBundleGeneratorTest" time="1.536"/>
  <testcase name="testGenerateBundleWithFilter_ExcludeDependencyClasses_ContentTypeWorkflow_NotAdded" classname="com.dotcms.enterprise.publishing.remote.PushPublishBundleGeneratorTest" time="1.626"/>
  <testcase name="testGenerateBundleWithFilter_ExcludeQuery_BaseTypeWidget_NotAdded" classname="com.dotcms.enterprise.publishing.remote.PushPublishBundleGeneratorTest" time="2.096"/>
  <system-out><![CDATA[]]></system-out>
  <system-err><![CDATA[]]></system-err>
</testsuite>
