<?xml version="1.0" encoding="UTF-8"?>
<testsuite name="com.dotmarketing.business.DeterministicIdentifierAPITest" tests="16" skipped="0" failures="0" errors="0" timestamp="2023-06-29T23:05:02" hostname="fv-az560-11" time="1.39">
  <properties/>
  <testcase name="Test_Category_Path_Seed_And_Id" classname="com.dotmarketing.business.DeterministicIdentifierAPITest" time="0.025"/>
  <testcase name="Test_Language_Deterministic_Id[0: LanguageTestCase{expectedSeed='Language:es:US', expectedHash=4913155, langCode='es', countryCode='US', country='United States'}]" classname="com.dotmarketing.business.DeterministicIdentifierAPITest" time="0.001"/>
  <testcase name="Test_Language_Deterministic_Id[1: LanguageTestCase{expectedSeed='Language:ep:', expectedHash=5292269, langCode='ep', countryCode='', country=''}]" classname="com.dotmarketing.business.DeterministicIdentifierAPITest" time="0.001"/>
  <testcase name="Test_Language_Deterministic_Id[2: LanguageTestCase{expectedSeed='Language:sg:SAG', expectedHash=4713118, langCode='sg', countryCode='SAG', country=''}]" classname="com.dotmarketing.business.DeterministicIdentifierAPITest" time="0.001"/>
  <testcase name="Test_Language_Deterministic_Id[3: LanguageTestCase{expectedSeed='Language:en:NZ', expectedHash=5382528, langCode='en', countryCode='NZ', country='New Zealand'}]" classname="com.dotmarketing.business.DeterministicIdentifierAPITest" time="0.001"/>
  <testcase name="Test_Category_None_Persisted_Category_Should_Return_Deterministic_Id" classname="com.dotmarketing.business.DeterministicIdentifierAPITest" time="0.002"/>
  <testcase name="Test_Asset_Generate_Deterministic_Id_Best_Effort[0: TestCase{versionable=my.host1688079518308.com, parent=System Host, expectedName='my.host1688079518308.com', expectedType='Host'}]" classname="com.dotmarketing.business.DeterministicIdentifierAPITest" time="0.003"/>
  <testcase name="Test_Asset_Generate_Deterministic_Id_Best_Effort[1: TestCase{versionable=com.dotmarketing.portlets.contentlet.model.Contentlet@2386f767[map={modDate=2023-06-29 22:58:39.102, fileName=file12488514991380195485.txt, title=file12488514991380195485.txt, inode=56a26ce9-919c-4f10-b36c-56034dfed482, __IS_NEW_CONTENT__=true, disabledWYSIWYG=[], host=79fa7880-cdc3-43a9-8c8f-dd46ef11df72, stInode=33888b6f-7a8e-4069-b1b6-5c1aa9d0a48d, owner=system, identifier=d78cb1e5-0b78-4346-9eaa-cb58047bb1ad, nullProperties=[wfExpireDate, wfPublishDate, wfActionAssign, wfActionId, wfActionComments, filterKey, whereToSend, wfNeverExpire, _path_to_move, timezoneId, iWantTo, wfPublishTime, wfExpireTime], languageId=1, fileAsset=/home/runner/work/core/custom/assets/5/6/56a26ce9-919c-4f10-b36c-56034dfed482/fileAsset/file12488514991380195485.txt, folder=47cc57cd-6de8-45bb-a554-03acd33a4f6f, __disable_workflow__=true, sortOrder=0, modUser=system},lowIndexPriority=false,variantId=DEFAULT], parent=com.dotmarketing.portlets.folders.model.Folder@48debdbb[identifier=47cc57cd-6de8-45bb-a554-03acd33a4f6f,name=testName1688079519096,sortOrder=0,showOnMenu=false,hostId=79fa7880-cdc3-43a9-8c8f-dd46ef11df72,type=folder,title=testTitle1688079519096,filesMasks=,defaultFileType=33888b6f-7a8e-4069-b1b6-5c1aa9d0a48d,modDate=2023-06-29 22:58:39.098,owner=&lt;null&gt;,iDate=2023-06-29 22:58:39.099,inode=47cc57cd-6de8-45bb-a554-03acd33a4f6f,path=/testName1688079519096/], expectedName='file12488514991380195485.txt', expectedType='FileAsset'}]" classname="com.dotmarketing.business.DeterministicIdentifierAPITest" time="0.003"/>
  <testcase name="Test_Asset_Generate_Deterministic_Id_Best_Effort[2: TestCase{versionable=com.dotmarketing.portlets.templates.model.Template@51f68c90, parent=my.host1688079518308.com, expectedName='testTitle1688079519189', expectedType='Template'}]" classname="com.dotmarketing.business.DeterministicIdentifierAPITest" time="0.002"/>
  <testcase name="Test_Asset_Generate_Deterministic_Id_Best_Effort[3: TestCase{versionable=com.dotmarketing.portlets.htmlpageasset.model.HTMLPageAsset@38117b69[map={template=fc1f625f-82c5-4959-b0c8-22dde343a8d7, owner=system, identifier=0b5ed32b-a069-4a1e-934a-9fb9a26d8414, nullProperties=[wfExpireDate, wfPublishDate, wfActionAssign, wfActionId, wfActionComments, filterKey, whereToSend, wfNeverExpire, _path_to_move, timezoneId, iWantTo, wfPublishTime, wfExpireTime], modDate=2023-06-29 22:58:39.203, cachettl=0, _is_test_mode=true, languageId=1, title=test-page-title-1688079519199, httpsreq=, url=test-page-url-1688079519199, showOnMenu=, inode=2604607c-9389-4ab0-adb3-77d10b0ba0e1, folder=47cc57cd-6de8-45bb-a554-03acd33a4f6f, disabledWYSIWYG=[], sortOrder=1, modUser=system, host=79fa7880-cdc3-43a9-8c8f-dd46ef11df72, stInode=c541abb1-69b3-4bc5-8430-5e09e5239cc8, friendlyName=test-page-friendly-name-1688079519199},lowIndexPriority=false,variantId=DEFAULT], parent=com.dotmarketing.portlets.folders.model.Folder@48debdbb[identifier=47cc57cd-6de8-45bb-a554-03acd33a4f6f,name=testName1688079519096,sortOrder=0,showOnMenu=false,hostId=79fa7880-cdc3-43a9-8c8f-dd46ef11df72,type=folder,title=testTitle1688079519096,filesMasks=,defaultFileType=33888b6f-7a8e-4069-b1b6-5c1aa9d0a48d,modDate=2023-06-29 22:58:39.098,owner=&lt;null&gt;,iDate=2023-06-29 22:58:39.099,inode=47cc57cd-6de8-45bb-a554-03acd33a4f6f,path=/testName1688079519096/], expectedName='test-page-url-1688079519199', expectedType='htmlpageasset'}]" classname="com.dotmarketing.business.DeterministicIdentifierAPITest" time="0.002"/>
  <testcase name="Test_Asset_Generate_Deterministic_Id_Best_Effort[4: TestCase{versionable=com.dotmarketing.portlets.contentlet.model.Contentlet@239e0a83[map={fileAsset2=/home/runner/work/core/custom/assets/a/a/aad3331f-1ffa-4f7b-adcf-d5eaf3bf8212/fileAsset2/test_binary1688079520078.png, modDate=2023-06-29 22:58:40.082, fileAsset1=/home/runner/work/core/custom/assets/a/a/aad3331f-1ffa-4f7b-adcf-d5eaf3bf8212/fileAsset1/test_binary1688079520077.jpg, title=blah, inode=aad3331f-1ffa-4f7b-adcf-d5eaf3bf8212, __IS_NEW_CONTENT__=true, disabledWYSIWYG=[], host=48190c8c-42c4-46af-8d1a-0cd5db894797, stInode=a69464b2-0943-434f-a339-0a7b9689a111, owner=system, identifier=add4828d-48b0-40b9-84d2-eeea8faa1699, nullProperties=[], languageId=1, image1=c5943d96-764a-4e32-a98b-dc11d991a34a, folder=SYSTEM_FOLDER, __disable_workflow__=true, sortOrder=0, modUser=system},lowIndexPriority=false,variantId=DEFAULT], parent=demo.dotcms.com, expectedName='test_binary1688079520077.jpg:test_binary1688079520078.png', expectedType='MultipleBinaries1688079519326'}]" classname="com.dotmarketing.business.DeterministicIdentifierAPITest" time="0.003"/>
  <testcase name="Test_Asset_Generate_Deterministic_Id_Best_Effort[5: TestCase{versionable=namec80d402587 : keyTagc80d402587, parent=my.host1688079518308.com, expectedName='keyTagc80d402587', expectedType='persona'}]" classname="com.dotmarketing.business.DeterministicIdentifierAPITest" time="0.003"/>
  <testcase name="Test_Similar_Content_Type_Wont_Clash" classname="com.dotmarketing.business.DeterministicIdentifierAPITest" time="0.46"/>
  <testcase name="Test_Generate_Folder_Identifier" classname="com.dotmarketing.business.DeterministicIdentifierAPITest" time="0.867"/>
  <testcase name="Test_Generate_Content_Type_Identifier[0: ContentTypeTestCase{contentType=KeyValueContentType{name=Language Variable, id=f4d7c1b8-2c88-4071-abf1-a5328977b07d, description=Default Content Type for Language Variables, defaultType=false, fixed=true, iDate=Thu Aug 31 16:38:49 UTC 2017, system=true, versionable=true, variable=Languagevariable, modDate=Thu Jun 29 21:54:10 UTC 2023, host=SYSTEM_HOST, siteName=systemHost, icon=language, sortOrder=0, folder=SYSTEM_FOLDER, folderPath=/, markedForDeletion=true, multilingualable=false}, expectedName='Languagevariable', expectedType='KeyValue'}]" classname="com.dotmarketing.business.DeterministicIdentifierAPITest" time="0.005"/>
  <testcase name="Test_Generate_Content_Type_Identifier[1: ContentTypeTestCase{contentType=SimpleContentType{name=testName1688079520485, id=d5b5fe19-2aa5-4f6d-9fcf-51919a1bd30d, description=testDescription1688079520485, defaultType=false, fixed=false, iDate=Thu Jun 29 22:58:40 UTC 2023, system=false, versionable=true, multilingualable=false, variable=testVarname1688079520485, owner=system, modDate=Thu Jun 29 22:58:41 UTC 2023, host=48190c8c-42c4-46af-8d1a-0cd5db894797, siteName=demo.dotcms.com, icon=event_note, sortOrder=0, folder=SYSTEM_FOLDER, folderPath=/, requiredFields=[], markedForDeletion=false}, expectedName='testVarname1688079520485', expectedType='CONTENT'}]" classname="com.dotmarketing.business.DeterministicIdentifierAPITest" time="0.004"/>
  <system-out><![CDATA[]]></system-out>
  <system-err><![CDATA[]]></system-err>
</testsuite>
