<?xml version="1.0" encoding="UTF-8"?>
<testsuite name="com.dotmarketing.portlets.structure.model.ContentletRelationshipsTest" tests="7" skipped="0" failures="0" errors="0" timestamp="2023-07-12T20:18:12" hostname="fv-az1241-832" time="11.259">
  <properties/>
  <testcase name="testDoesAllowOnlyOne[0: com.dotmarketing.portlets.structure.model.ContentletRelationshipsTest$CardinalityTestCase@5cf132e1]" classname="com.dotmarketing.portlets.structure.model.ContentletRelationshipsTest" time="0.676"/>
  <testcase name="testDoesAllowOnlyOne[1: com.dotmarketing.portlets.structure.model.ContentletRelationshipsTest$CardinalityTestCase@11277d76]" classname="com.dotmarketing.portlets.structure.model.ContentletRelationshipsTest" time="0.735"/>
  <testcase name="testDoesAllowOnlyOne[2: com.dotmarketing.portlets.structure.model.ContentletRelationshipsTest$CardinalityTestCase@3641b59e]" classname="com.dotmarketing.portlets.structure.model.ContentletRelationshipsTest" time="0.75"/>
  <testcase name="testGetRelationshipRecords[0: com.dotmarketing.portlets.structure.model.ContentletRelationshipsTest$TestCase@3ee46683]" classname="com.dotmarketing.portlets.structure.model.ContentletRelationshipsTest" time="2.381"/>
  <testcase name="testGetRelationshipRecords[1: com.dotmarketing.portlets.structure.model.ContentletRelationshipsTest$TestCase@6bd73d84]" classname="com.dotmarketing.portlets.structure.model.ContentletRelationshipsTest" time="2.45"/>
  <testcase name="testGetRelationshipRecords[2: com.dotmarketing.portlets.structure.model.ContentletRelationshipsTest$TestCase@41313145]" classname="com.dotmarketing.portlets.structure.model.ContentletRelationshipsTest" time="2.19"/>
  <testcase name="testGetRelationshipRecords[3: com.dotmarketing.portlets.structure.model.ContentletRelationshipsTest$TestCase@7ae791b8]" classname="com.dotmarketing.portlets.structure.model.ContentletRelationshipsTest" time="2.077"/>
  <system-out><![CDATA[]]></system-out>
  <system-err><![CDATA[]]></system-err>
</testsuite>
