<?xml version="1.0" encoding="UTF-8"?>
<testsuite name="com.dotmarketing.servlets.ajax.AjaxDirectorServletIntegrationTest" tests="2" skipped="0" failures="0" errors="0" timestamp="2023-07-20T21:53:19" hostname="fv-az809-149" time="0.891">
  <properties/>
  <testcase name="testService[0: com.dotmarketing.servlets.ajax.AjaxDirectorServletTestCase@472a5fa]" classname="com.dotmarketing.servlets.ajax.AjaxDirectorServletIntegrationTest" time="0.66"/>
  <testcase name="testService[1: com.dotmarketing.servlets.ajax.AjaxDirectorServletTestCase@6f8ddf64]" classname="com.dotmarketing.servlets.ajax.AjaxDirectorServletIntegrationTest" time="0.231"/>
  <system-out><![CDATA[]]></system-out>
  <system-err><![CDATA[]]></system-err>
</testsuite>
