<?xml version="1.0" encoding="UTF-8"?>
<testsuite name="com.dotmarketing.portlets.templates.business.TemplateAPITest" tests="44" skipped="0" failures="0" errors="0" timestamp="2023-07-17T17:17:46" hostname="fv-az404-376" time="37.732">
  <properties/>
  <testcase name="saveDraftTemplate_inodeNotExists_success" classname="com.dotmarketing.portlets.templates.business.TemplateAPITest" time="0.665"/>
  <testcase name="publishTemplate_expects_live_true" classname="com.dotmarketing.portlets.templates.business.TemplateAPITest" time="0.014"/>
  <testcase name="getContainersUUIDFromDrawTemplateBodyTest" classname="com.dotmarketing.portlets.templates.business.TemplateAPITest" time="0.0"/>
  <testcase name="findPagesByTemplate" classname="com.dotmarketing.portlets.templates.business.TemplateAPITest" time="2.164"/>
  <testcase name="testFindTemplatesUserCanUse_IncludeUniqueFilter_ShouldListOnlyOneResult" classname="com.dotmarketing.portlets.templates.business.TemplateAPITest" time="0.04"/>
  <testcase name="delete" classname="com.dotmarketing.portlets.templates.business.TemplateAPITest" time="0.041"/>
  <testcase name="test_find_inode_not_exist_return_Null" classname="com.dotmarketing.portlets.templates.business.TemplateAPITest" time="0.001"/>
  <testcase name="getContainersUUIDFromDrawTemplateBodyDoubleCommasTest" classname="com.dotmarketing.portlets.templates.business.TemplateAPITest" time="0.0"/>
  <testcase name="justOnePageVersion" classname="com.dotmarketing.portlets.templates.business.TemplateAPITest" time="1.938"/>
  <testcase name="severalPageVersionLang" classname="com.dotmarketing.portlets.templates.business.TemplateAPITest" time="3.145"/>
  <testcase name="testFindWorkingTemplateNoNPE" classname="com.dotmarketing.portlets.templates.business.TemplateAPITest" time="0.001"/>
  <testcase name="test_saveTemplate_limitedUser_success" classname="com.dotmarketing.portlets.templates.business.TemplateAPITest" time="2.866"/>
  <testcase name="test_findAllVersions_IdentifierNotBelongToTemplate_returnEmptyList" classname="com.dotmarketing.portlets.templates.business.TemplateAPITest" time="0.01"/>
  <testcase name="testFindTemplatesNoLayout" classname="com.dotmarketing.portlets.templates.business.TemplateAPITest" time="0.094"/>
  <testcase name="unpublishTemplate_expects_live_false" classname="com.dotmarketing.portlets.templates.business.TemplateAPITest" time="0.014"/>
  <testcase name="testFindTemplatesAssignedTo" classname="com.dotmarketing.portlets.templates.business.TemplateAPITest" time="0.02"/>
  <testcase name="test_find_success" classname="com.dotmarketing.portlets.templates.business.TemplateAPITest" time="0.011"/>
  <testcase name="archiveTemplate_expects_archive_true" classname="com.dotmarketing.portlets.templates.business.TemplateAPITest" time="0.01"/>
  <testcase name="testFindTemplates" classname="com.dotmarketing.portlets.templates.business.TemplateAPITest" time="0.021"/>
  <testcase name="archiveTemplate_expects_unarchive_true" classname="com.dotmarketing.portlets.templates.business.TemplateAPITest" time="0.017"/>
  <testcase name="test_newTemplate_checkIfSavesOwnerAndCreateDateOnIdentifier" classname="com.dotmarketing.portlets.templates.business.TemplateAPITest" time="0.011"/>
  <testcase name="getContainersUUIDFromDrawTemplateBodyTestNullInput" classname="com.dotmarketing.portlets.templates.business.TemplateAPITest" time="0.001"/>
  <testcase name="getTemplateByFolder_fileTemplate_success" classname="com.dotmarketing.portlets.templates.business.TemplateAPITest" time="2.222"/>
  <testcase name="findLiveTemplate" classname="com.dotmarketing.portlets.templates.business.TemplateAPITest" time="0.021"/>
  <testcase name="test_getContainersInTemplate_success" classname="com.dotmarketing.portlets.templates.business.TemplateAPITest" time="2.128"/>
  <testcase name="test_findAllVersions_success" classname="com.dotmarketing.portlets.templates.business.TemplateAPITest" time="0.022"/>
  <testcase name="testFindWorkingTemplateByName" classname="com.dotmarketing.portlets.templates.business.TemplateAPITest" time="1.019"/>
  <testcase name="test_saveTemplate_limitedUser_noEnoughPermissions_fail" classname="com.dotmarketing.portlets.templates.business.TemplateAPITest" time="1.527"/>
  <testcase name="copyTemplate" classname="com.dotmarketing.portlets.templates.business.TemplateAPITest" time="0.063"/>
  <testcase name="saveDraftTemplate_lastUpdatedUserIsNotTheSame_success" classname="com.dotmarketing.portlets.templates.business.TemplateAPITest" time="3.014"/>
  <testcase name="setThemeNameNull" classname="com.dotmarketing.portlets.templates.business.TemplateAPITest" time="0.019"/>
  <testcase name="severalPageVersionVariant" classname="com.dotmarketing.portlets.templates.business.TemplateAPITest" time="1.563"/>
  <testcase name="test_saveTemplate_editExistingTemplate" classname="com.dotmarketing.portlets.templates.business.TemplateAPITest" time="2.138"/>
  <testcase name="test_saveTemplate_newTemplate" classname="com.dotmarketing.portlets.templates.business.TemplateAPITest" time="0.339"/>
  <testcase name="severalPages" classname="com.dotmarketing.portlets.templates.business.TemplateAPITest" time="2.422"/>
  <testcase name="testFindLiveTemplateNoNPE" classname="com.dotmarketing.portlets.templates.business.TemplateAPITest" time="0.002"/>
  <testcase name="setThemeName" classname="com.dotmarketing.portlets.templates.business.TemplateAPITest" time="1.631"/>
  <testcase name="saveDraftTemplate_success" classname="com.dotmarketing.portlets.templates.business.TemplateAPITest" time="1.066"/>
  <testcase name="getTemplateHost_fileTemplate_success" classname="com.dotmarketing.portlets.templates.business.TemplateAPITest" time="2.316"/>
  <testcase name="findWorkingTemplate_fileTemplate_success" classname="com.dotmarketing.portlets.templates.business.TemplateAPITest" time="2.133"/>
  <testcase name="saveDraftTemplate_identifierNotExists_success" classname="com.dotmarketing.portlets.templates.business.TemplateAPITest" time="0.667"/>
  <testcase name="findLiveTemplate_fileTemplate_success" classname="com.dotmarketing.portlets.templates.business.TemplateAPITest" time="2.317"/>
  <testcase name="setThemeNameDoesNotExists" classname="com.dotmarketing.portlets.templates.business.TemplateAPITest" time="0.013"/>
  <testcase name="getContainersUUIDFromDrawTemplateBodyLegacyTest" classname="com.dotmarketing.portlets.templates.business.TemplateAPITest" time="0.001"/>
  <system-out><![CDATA[]]></system-out>
  <system-err><![CDATA[]]></system-err>
</testsuite>
