<?xml version="1.0" encoding="UTF-8"?>
<testsuite name="com.dotmarketing.portlets.structure.model.ContentletRelationshipsTest" tests="7" skipped="0" failures="0" errors="0" timestamp="2023-07-13T20:48:07" hostname="fv-az417-935" time="8.259">
  <properties/>
  <testcase name="testDoesAllowOnlyOne[0: com.dotmarketing.portlets.structure.model.ContentletRelationshipsTest$CardinalityTestCase@17c366a2]" classname="com.dotmarketing.portlets.structure.model.ContentletRelationshipsTest" time="0.545"/>
  <testcase name="testDoesAllowOnlyOne[1: com.dotmarketing.portlets.structure.model.ContentletRelationshipsTest$CardinalityTestCase@760829cc]" classname="com.dotmarketing.portlets.structure.model.ContentletRelationshipsTest" time="0.481"/>
  <testcase name="testDoesAllowOnlyOne[2: com.dotmarketing.portlets.structure.model.ContentletRelationshipsTest$CardinalityTestCase@15b9037d]" classname="com.dotmarketing.portlets.structure.model.ContentletRelationshipsTest" time="0.504"/>
  <testcase name="testGetRelationshipRecords[0: com.dotmarketing.portlets.structure.model.ContentletRelationshipsTest$TestCase@becc5d9]" classname="com.dotmarketing.portlets.structure.model.ContentletRelationshipsTest" time="1.067"/>
  <testcase name="testGetRelationshipRecords[1: com.dotmarketing.portlets.structure.model.ContentletRelationshipsTest$TestCase@7964470]" classname="com.dotmarketing.portlets.structure.model.ContentletRelationshipsTest" time="1.942"/>
  <testcase name="testGetRelationshipRecords[2: com.dotmarketing.portlets.structure.model.ContentletRelationshipsTest$TestCase@30675b07]" classname="com.dotmarketing.portlets.structure.model.ContentletRelationshipsTest" time="1.892"/>
  <testcase name="testGetRelationshipRecords[3: com.dotmarketing.portlets.structure.model.ContentletRelationshipsTest$TestCase@6d18149d]" classname="com.dotmarketing.portlets.structure.model.ContentletRelationshipsTest" time="1.827"/>
  <system-out><![CDATA[]]></system-out>
  <system-err><![CDATA[]]></system-err>
</testsuite>
