<?xml version="1.0" encoding="UTF-8"?>
<testsuite name="com.dotmarketing.business.DeterministicIdentifierAPITest" tests="16" skipped="0" failures="0" errors="0" timestamp="2023-06-29T22:30:24" hostname="fv-az216-434" time="1.35">
  <properties/>
  <testcase name="Test_Category_Path_Seed_And_Id" classname="com.dotmarketing.business.DeterministicIdentifierAPITest" time="0.031"/>
  <testcase name="Test_Language_Deterministic_Id[0: LanguageTestCase{expectedSeed='Language:es:US', expectedHash=4913155, langCode='es', countryCode='US', country='United States'}]" classname="com.dotmarketing.business.DeterministicIdentifierAPITest" time="0.002"/>
  <testcase name="Test_Language_Deterministic_Id[1: LanguageTestCase{expectedSeed='Language:ep:', expectedHash=5292269, langCode='ep', countryCode='', country=''}]" classname="com.dotmarketing.business.DeterministicIdentifierAPITest" time="0.004"/>
  <testcase name="Test_Language_Deterministic_Id[2: LanguageTestCase{expectedSeed='Language:sg:SAG', expectedHash=4713118, langCode='sg', countryCode='SAG', country=''}]" classname="com.dotmarketing.business.DeterministicIdentifierAPITest" time="0.001"/>
  <testcase name="Test_Language_Deterministic_Id[3: LanguageTestCase{expectedSeed='Language:en:NZ', expectedHash=5382528, langCode='en', countryCode='NZ', country='New Zealand'}]" classname="com.dotmarketing.business.DeterministicIdentifierAPITest" time="0.001"/>
  <testcase name="Test_Category_None_Persisted_Category_Should_Return_Deterministic_Id" classname="com.dotmarketing.business.DeterministicIdentifierAPITest" time="0.002"/>
  <testcase name="Test_Asset_Generate_Deterministic_Id_Best_Effort[0: TestCase{versionable=my.host1688077408409.com, parent=System Host, expectedName='my.host1688077408409.com', expectedType='Host'}]" classname="com.dotmarketing.business.DeterministicIdentifierAPITest" time="0.004"/>
  <testcase name="Test_Asset_Generate_Deterministic_Id_Best_Effort[1: TestCase{versionable=com.dotmarketing.portlets.contentlet.model.Contentlet@6f18c328[map={modDate=2023-06-29 22:23:28.851, fileName=file58989788030007130.txt, title=file58989788030007130.txt, inode=1585c725-e660-4cf9-8262-8991df181b67, __IS_NEW_CONTENT__=true, disabledWYSIWYG=[], host=453d1e94-7b65-4f1f-8356-da95a1806cb1, stInode=33888b6f-7a8e-4069-b1b6-5c1aa9d0a48d, owner=system, identifier=5fd3c47a-d5ed-4f2c-b09b-dd7e5cdcc24d, nullProperties=[wfExpireDate, wfPublishDate, wfActionAssign, wfActionId, wfActionComments, filterKey, whereToSend, wfNeverExpire, _path_to_move, timezoneId, iWantTo, wfPublishTime, wfExpireTime], languageId=1, fileAsset=/home/runner/work/core/custom/assets/1/5/1585c725-e660-4cf9-8262-8991df181b67/fileAsset/file58989788030007130.txt, folder=ca452362-ff7b-4d82-a777-132f8848d355, __disable_workflow__=true, sortOrder=0, modUser=system},lowIndexPriority=false,variantId=DEFAULT], parent=com.dotmarketing.portlets.folders.model.Folder@31c8baaa[identifier=ca452362-ff7b-4d82-a777-132f8848d355,name=testName1688077408840,sortOrder=0,showOnMenu=false,hostId=453d1e94-7b65-4f1f-8356-da95a1806cb1,type=folder,title=testTitle1688077408840,filesMasks=,defaultFileType=33888b6f-7a8e-4069-b1b6-5c1aa9d0a48d,modDate=2023-06-29 22:23:28.844,owner=&lt;null&gt;,iDate=2023-06-29 22:23:28.844,inode=ca452362-ff7b-4d82-a777-132f8848d355,path=/testName1688077408840/], expectedName='file58989788030007130.txt', expectedType='FileAsset'}]" classname="com.dotmarketing.business.DeterministicIdentifierAPITest" time="0.003"/>
  <testcase name="Test_Asset_Generate_Deterministic_Id_Best_Effort[2: TestCase{versionable=com.dotmarketing.portlets.templates.model.Template@d33fd844, parent=my.host1688077408409.com, expectedName='testTitle1688077408986', expectedType='Template'}]" classname="com.dotmarketing.business.DeterministicIdentifierAPITest" time="0.003"/>
  <testcase name="Test_Asset_Generate_Deterministic_Id_Best_Effort[3: TestCase{versionable=com.dotmarketing.portlets.htmlpageasset.model.HTMLPageAsset@1b79f4a9[map={template=5ee81ee1-9f49-4af5-9855-6787ec697493, owner=system, identifier=ae0c8598-2097-42af-9764-8fecb5485240, nullProperties=[wfExpireDate, wfPublishDate, wfActionAssign, wfActionId, wfActionComments, filterKey, whereToSend, wfNeverExpire, _path_to_move, timezoneId, iWantTo, wfPublishTime, wfExpireTime], modDate=2023-06-29 22:23:29.01, cachettl=0, _is_test_mode=true, languageId=1, title=test-page-title-1688077409004, httpsreq=, url=test-page-url-1688077409004, showOnMenu=, inode=ded088f7-a5ee-4f2a-8f4e-196f840f75b7, folder=ca452362-ff7b-4d82-a777-132f8848d355, disabledWYSIWYG=[], sortOrder=1, modUser=system, host=453d1e94-7b65-4f1f-8356-da95a1806cb1, stInode=c541abb1-69b3-4bc5-8430-5e09e5239cc8, friendlyName=test-page-friendly-name-1688077409004},lowIndexPriority=false,variantId=DEFAULT], parent=com.dotmarketing.portlets.folders.model.Folder@31c8baaa[identifier=ca452362-ff7b-4d82-a777-132f8848d355,name=testName1688077408840,sortOrder=0,showOnMenu=false,hostId=453d1e94-7b65-4f1f-8356-da95a1806cb1,type=folder,title=testTitle1688077408840,filesMasks=,defaultFileType=33888b6f-7a8e-4069-b1b6-5c1aa9d0a48d,modDate=2023-06-29 22:23:28.844,owner=&lt;null&gt;,iDate=2023-06-29 22:23:28.844,inode=ca452362-ff7b-4d82-a777-132f8848d355,path=/testName1688077408840/], expectedName='test-page-url-1688077409004', expectedType='htmlpageasset'}]" classname="com.dotmarketing.business.DeterministicIdentifierAPITest" time="0.003"/>
  <testcase name="Test_Asset_Generate_Deterministic_Id_Best_Effort[4: TestCase{versionable=com.dotmarketing.portlets.contentlet.model.Contentlet@1c76e262[map={fileAsset2=/home/runner/work/core/custom/assets/5/3/5348694f-d5b6-4b86-9635-c6d8e94bd44b/fileAsset2/test_binary1688077410901.png, modDate=2023-06-29 22:23:30.908, fileAsset1=/home/runner/work/core/custom/assets/5/3/5348694f-d5b6-4b86-9635-c6d8e94bd44b/fileAsset1/test_binary1688077410901.jpg, title=blah, inode=5348694f-d5b6-4b86-9635-c6d8e94bd44b, __IS_NEW_CONTENT__=true, disabledWYSIWYG=[], host=48190c8c-42c4-46af-8d1a-0cd5db894797, stInode=c467315a-db49-4f43-a931-2264a3bea901, owner=system, identifier=854103d2-3922-4825-a764-7144294e5697, nullProperties=[], languageId=1, image1=d467c74e-1025-4acb-855f-42a50762d7f1, folder=SYSTEM_FOLDER, __disable_workflow__=true, sortOrder=0, modUser=system},lowIndexPriority=false,variantId=DEFAULT], parent=demo.dotcms.com, expectedName='test_binary1688077410901.jpg:test_binary1688077410901.png', expectedType='MultipleBinaries1688077409349'}]" classname="com.dotmarketing.business.DeterministicIdentifierAPITest" time="0.004"/>
  <testcase name="Test_Asset_Generate_Deterministic_Id_Best_Effort[5: TestCase{versionable=name0a06dde280 : keyTag0a06dde280, parent=my.host1688077408409.com, expectedName='keyTag0a06dde280', expectedType='persona'}]" classname="com.dotmarketing.business.DeterministicIdentifierAPITest" time="0.004"/>
  <testcase name="Test_Similar_Content_Type_Wont_Clash" classname="com.dotmarketing.business.DeterministicIdentifierAPITest" time="0.574"/>
  <testcase name="Test_Generate_Folder_Identifier" classname="com.dotmarketing.business.DeterministicIdentifierAPITest" time="0.694"/>
  <testcase name="Test_Generate_Content_Type_Identifier[0: ContentTypeTestCase{contentType=KeyValueContentType{name=Language Variable, id=f4d7c1b8-2c88-4071-abf1-a5328977b07d, description=Default Content Type for Language Variables, defaultType=false, fixed=true, iDate=Thu Aug 31 16:38:49 UTC 2017, system=true, versionable=true, variable=Languagevariable, modDate=Thu Jun 29 21:07:49 UTC 2023, host=SYSTEM_HOST, siteName=systemHost, icon=language, sortOrder=0, folder=SYSTEM_FOLDER, folderPath=/, markedForDeletion=true, multilingualable=false}, expectedName='Languagevariable', expectedType='KeyValue'}]" classname="com.dotmarketing.business.DeterministicIdentifierAPITest" time="0.008"/>
  <testcase name="Test_Generate_Content_Type_Identifier[1: ContentTypeTestCase{contentType=SimpleContentType{name=testName1688077411494, id=b5e6f633-8f81-4739-9776-911cd86c2b4b, description=testDescription1688077411494, defaultType=false, fixed=false, iDate=Thu Jun 29 22:23:31 UTC 2023, system=false, versionable=true, multilingualable=false, variable=testVarname1688077411494, owner=system, modDate=Thu Jun 29 22:23:32 UTC 2023, host=48190c8c-42c4-46af-8d1a-0cd5db894797, siteName=demo.dotcms.com, icon=event_note, sortOrder=0, folder=SYSTEM_FOLDER, folderPath=/, requiredFields=[], markedForDeletion=false}, expectedName='testVarname1688077411494', expectedType='CONTENT'}]" classname="com.dotmarketing.business.DeterministicIdentifierAPITest" time="0.006"/>
  <system-out><![CDATA[]]></system-out>
  <system-err><![CDATA[]]></system-err>
</testsuite>
