<?xml version="1.0" encoding="UTF-8"?>
<testsuite name="com.dotcms.experiments.business.ExperimentAPIImpIntegrationTest" tests="82" skipped="0" failures="0" errors="0" timestamp="2023-07-19T22:51:12" hostname="fv-az713-951" time="144.005">
  <properties/>
  <testcase name="pageReachDirectRefererMultiDays" classname="com.dotcms.experiments.business.ExperimentAPIImpIntegrationTest" time="2.152"/>
  <testcase name="exitRate" classname="com.dotcms.experiments.business.ExperimentAPIImpIntegrationTest" time="1.539"/>
  <testcase name="urlParameterMeetBeforeExperimentPage" classname="com.dotcms.experiments.business.ExperimentAPIImpIntegrationTest" time="0.91"/>
  <testcase name="notBounceRateFirst" classname="com.dotcms.experiments.business.ExperimentAPIImpIntegrationTest" time="0.964"/>
  <testcase name="pageReachAfterExperimentPageButNotDirectReferer" classname="com.dotcms.experiments.business.ExperimentAPIImpIntegrationTest" time="1.186"/>
  <testcase name="urlParameterWithContainsOperatorNotSuccess" classname="com.dotcms.experiments.business.ExperimentAPIImpIntegrationTest" time="0.908"/>
  <testcase name="exitRateWithIndex[0: /index]" classname="com.dotcms.experiments.business.ExperimentAPIImpIntegrationTest" time="1.046"/>
  <testcase name="exitRateWithIndex[1: /INDEX]" classname="com.dotcms.experiments.business.ExperimentAPIImpIntegrationTest" time="1.882"/>
  <testcase name="exitRateWithIndex[2: /IndEX]" classname="com.dotcms.experiments.business.ExperimentAPIImpIntegrationTest" time="2.043"/>
  <testcase name="exitRateWithIndex[3: &lt;empty string&gt;]" classname="com.dotcms.experiments.business.ExperimentAPIImpIntegrationTest" time="1.941"/>
  <testcase name="exitRateWithIndex[4: /]" classname="com.dotcms.experiments.business.ExperimentAPIImpIntegrationTest" time="0.999"/>
  <testcase name="exitRateWithIndex[5: /?variantName=dotexperiment-fcaef4575a-variant-1&amp;redirect=true]" classname="com.dotcms.experiments.business.ExperimentAPIImpIntegrationTest" time="2.045"/>
  <testcase name="notExitRate" classname="com.dotcms.experiments.business.ExperimentAPIImpIntegrationTest" time="2.176"/>
  <testcase name="notBounceRateMiddle" classname="com.dotcms.experiments.business.ExperimentAPIImpIntegrationTest" time="2.022"/>
  <testcase name="multiDaysEvent" classname="com.dotcms.experiments.business.ExperimentAPIImpIntegrationTest" time="1.346"/>
  <testcase name="urlParameterExperimentPageNotVisited" classname="com.dotcms.experiments.business.ExperimentAPIImpIntegrationTest" time="1.611"/>
  <testcase name="pageReachNotDirectReferer" classname="com.dotcms.experiments.business.ExperimentAPIImpIntegrationTest" time="2.104"/>
  <testcase name="resultWithPagination" classname="com.dotcms.experiments.business.ExperimentAPIImpIntegrationTest" time="1.674"/>
  <testcase name="createRunningIdWhenExperimentIsTurnToRunning" classname="com.dotcms.experiments.business.ExperimentAPIImpIntegrationTest" time="1.762"/>
  <testcase name="test_calcBayesian_ABC" classname="com.dotcms.experiments.business.ExperimentAPIImpIntegrationTest" time="1.606"/>
  <testcase name="urlParameterMeetTwice" classname="com.dotcms.experiments.business.ExperimentAPIImpIntegrationTest" time="1.025"/>
  <testcase name="bounceRate" classname="com.dotcms.experiments.business.ExperimentAPIImpIntegrationTest" time="1.743"/>
  <testcase name="tryToGetResultFromExperimentNotSaved" classname="com.dotcms.experiments.business.ExperimentAPIImpIntegrationTest" time="1.875"/>
  <testcase name="testSaveExperiment_shouldNotValidateSchedule" classname="com.dotcms.experiments.business.ExperimentAPIImpIntegrationTest" time="1.227"/>
  <testcase name="testADeleteOriginalVariant_shouldFail" classname="com.dotcms.experiments.business.ExperimentAPIImpIntegrationTest" time="1.624"/>
  <testcase name="createRunningIdWithStartScheduled" classname="com.dotcms.experiments.business.ExperimentAPIImpIntegrationTest" time="2.058"/>
  <testcase name="testAddMoreThanOneOriginalVariant_shouldFail" classname="com.dotcms.experiments.business.ExperimentAPIImpIntegrationTest" time="2.042"/>
  <testcase name="pageNotReachButExperimentPageWasView" classname="com.dotcms.experiments.business.ExperimentAPIImpIntegrationTest" time="2.649"/>
  <testcase name="addUrlConditionToReachPageGoal" classname="com.dotcms.experiments.business.ExperimentAPIImpIntegrationTest" time="1.706"/>
  <testcase name="restartExperimentMustGenerateTwoRunningIds" classname="com.dotcms.experiments.business.ExperimentAPIImpIntegrationTest" time="1.74"/>
  <testcase name="UrlParameterWithExistsOperatorNotSuccess" classname="com.dotcms.experiments.business.ExperimentAPIImpIntegrationTest" time="1.557"/>
  <testcase name="resultWithPaginationWhenTheLastPageIsNotComplte" classname="com.dotcms.experiments.business.ExperimentAPIImpIntegrationTest" time="1.297"/>
  <testcase name="urlParameterWithEqualsOperatorNotSuccess" classname="com.dotcms.experiments.business.ExperimentAPIImpIntegrationTest" time="1.86"/>
  <testcase name="UrlParameterWithExistsOperatorSuccess" classname="com.dotcms.experiments.business.ExperimentAPIImpIntegrationTest" time="0.822"/>
  <testcase name="pageReachDirectReferer" classname="com.dotcms.experiments.business.ExperimentAPIImpIntegrationTest" time="1.081"/>
  <testcase name="urlParameterWithContainerOperatorSuccess" classname="com.dotcms.experiments.business.ExperimentAPIImpIntegrationTest" time="0.996"/>
  <testcase name="test_calcBayesian_AOverB_ended" classname="com.dotcms.experiments.business.ExperimentAPIImpIntegrationTest" time="0.985"/>
  <testcase name="testStartExperiment_shouldPublishContent" classname="com.dotcms.experiments.business.ExperimentAPIImpIntegrationTest" time="2.935"/>
  <testcase name="resultWithUrlMap" classname="com.dotcms.experiments.business.ExperimentAPIImpIntegrationTest" time="2.493"/>
  <testcase name="getEvents" classname="com.dotcms.experiments.business.ExperimentAPIImpIntegrationTest" time="2.576"/>
  <testcase name="tryToGetResultFromExperimentNotStarted" classname="com.dotcms.experiments.business.ExperimentAPIImpIntegrationTest" time="1.734"/>
  <testcase name="noExitRateWithIndex[0: /index]" classname="com.dotcms.experiments.business.ExperimentAPIImpIntegrationTest" time="2.359"/>
  <testcase name="noExitRateWithIndex[1: /INDEX]" classname="com.dotcms.experiments.business.ExperimentAPIImpIntegrationTest" time="1.923"/>
  <testcase name="noExitRateWithIndex[2: /IndEX]" classname="com.dotcms.experiments.business.ExperimentAPIImpIntegrationTest" time="1.176"/>
  <testcase name="noExitRateWithIndex[3: &lt;empty string&gt;]" classname="com.dotcms.experiments.business.ExperimentAPIImpIntegrationTest" time="1.017"/>
  <testcase name="noExitRateWithIndex[4: /]" classname="com.dotcms.experiments.business.ExperimentAPIImpIntegrationTest" time="1.933"/>
  <testcase name="noExitRateWithIndex[5: /?variantName=dotexperiment-fcaef4575a-variant-1&amp;redirect=true]" classname="com.dotcms.experiments.business.ExperimentAPIImpIntegrationTest" time="1.135"/>
  <testcase name="test_calcBayesian_BOverA_ExitRate" classname="com.dotcms.experiments.business.ExperimentAPIImpIntegrationTest" time="1.9"/>
  <testcase name="getSplitTrafficInsideExperimentResults" classname="com.dotcms.experiments.business.ExperimentAPIImpIntegrationTest" time="1.19"/>
  <testcase name="bounceRateNotSessions" classname="com.dotcms.experiments.business.ExperimentAPIImpIntegrationTest" time="1.918"/>
  <testcase name="noBounceRateWithIndexLast[0: /index]" classname="com.dotcms.experiments.business.ExperimentAPIImpIntegrationTest" time="2.05"/>
  <testcase name="noBounceRateWithIndexLast[1: /INDEX]" classname="com.dotcms.experiments.business.ExperimentAPIImpIntegrationTest" time="2.005"/>
  <testcase name="noBounceRateWithIndexLast[2: /IndEX]" classname="com.dotcms.experiments.business.ExperimentAPIImpIntegrationTest" time="1.092"/>
  <testcase name="noBounceRateWithIndexLast[3: &lt;empty string&gt;]" classname="com.dotcms.experiments.business.ExperimentAPIImpIntegrationTest" time="1.959"/>
  <testcase name="noBounceRateWithIndexLast[4: /]" classname="com.dotcms.experiments.business.ExperimentAPIImpIntegrationTest" time="1.094"/>
  <testcase name="noBounceRateWithIndexLast[5: /?variantName=dotexperiment-fcaef4575a-variant-1&amp;redirect=true]" classname="com.dotcms.experiments.business.ExperimentAPIImpIntegrationTest" time="1.958"/>
  <testcase name="noBounceRateWithIndexFirst[0: /index]" classname="com.dotcms.experiments.business.ExperimentAPIImpIntegrationTest" time="2.035"/>
  <testcase name="noBounceRateWithIndexFirst[1: /INDEX]" classname="com.dotcms.experiments.business.ExperimentAPIImpIntegrationTest" time="1.976"/>
  <testcase name="noBounceRateWithIndexFirst[2: /IndEX]" classname="com.dotcms.experiments.business.ExperimentAPIImpIntegrationTest" time="1.189"/>
  <testcase name="noBounceRateWithIndexFirst[3: &lt;empty string&gt;]" classname="com.dotcms.experiments.business.ExperimentAPIImpIntegrationTest" time="0.991"/>
  <testcase name="noBounceRateWithIndexFirst[4: /]" classname="com.dotcms.experiments.business.ExperimentAPIImpIntegrationTest" time="1.886"/>
  <testcase name="noBounceRateWithIndexFirst[5: /?variantName=dotexperiment-fcaef4575a-variant-1&amp;redirect=true]" classname="com.dotcms.experiments.business.ExperimentAPIImpIntegrationTest" time="1.17"/>
  <testcase name="pageReachButExperimentPageWasNotView" classname="com.dotcms.experiments.business.ExperimentAPIImpIntegrationTest" time="1.978"/>
  <testcase name="renderUrlMapPageWithExperiment" classname="com.dotcms.experiments.business.ExperimentAPIImpIntegrationTest" time="2.768"/>
  <testcase name="restartExperimentUsingTheStartScheduled" classname="com.dotcms.experiments.business.ExperimentAPIImpIntegrationTest" time="1.817"/>
  <testcase name="urlParameterMeetInExperimentPage" classname="com.dotcms.experiments.business.ExperimentAPIImpIntegrationTest" time="1.664"/>
  <testcase name="savingExperimentWithUrlParameter" classname="com.dotcms.experiments.business.ExperimentAPIImpIntegrationTest" time="1.491"/>
  <testcase name="notExitRateSession" classname="com.dotcms.experiments.business.ExperimentAPIImpIntegrationTest" time="2.347"/>
  <testcase name="test_calcBayesian_AOverB" classname="com.dotcms.experiments.business.ExperimentAPIImpIntegrationTest" time="1.105"/>
  <testcase name="test_calcBayesian_BOverA" classname="com.dotcms.experiments.business.ExperimentAPIImpIntegrationTest" time="1.096"/>
  <testcase name="urlParameterWithEqualsOperatorSuccess" classname="com.dotcms.experiments.business.ExperimentAPIImpIntegrationTest" time="1.871"/>
  <testcase name="withJustOnePageVisited" classname="com.dotcms.experiments.business.ExperimentAPIImpIntegrationTest" time="1.931"/>
  <testcase name="test_getResults_missingAnalyticsApp" classname="com.dotcms.experiments.business.ExperimentAPIImpIntegrationTest" time="1.846"/>
  <testcase name="notBounceRateLast" classname="com.dotcms.experiments.business.ExperimentAPIImpIntegrationTest" time="2.187"/>
  <testcase name="bounceRateWithIndex[0: /index]" classname="com.dotcms.experiments.business.ExperimentAPIImpIntegrationTest" time="2.021"/>
  <testcase name="bounceRateWithIndex[1: /INDEX]" classname="com.dotcms.experiments.business.ExperimentAPIImpIntegrationTest" time="1.969"/>
  <testcase name="bounceRateWithIndex[2: /IndEX]" classname="com.dotcms.experiments.business.ExperimentAPIImpIntegrationTest" time="2.047"/>
  <testcase name="bounceRateWithIndex[3: &lt;empty string&gt;]" classname="com.dotcms.experiments.business.ExperimentAPIImpIntegrationTest" time="2.0"/>
  <testcase name="bounceRateWithIndex[4: /]" classname="com.dotcms.experiments.business.ExperimentAPIImpIntegrationTest" time="2.001"/>
  <testcase name="bounceRateWithIndex[5: /?variantName=dotexperiment-fcaef4575a-variant-1&amp;redirect=true]" classname="com.dotcms.experiments.business.ExperimentAPIImpIntegrationTest" time="2.08"/>
  <testcase name="addUrlConditionToExitRateCondition" classname="com.dotcms.experiments.business.ExperimentAPIImpIntegrationTest" time="1.926"/>
  <testcase name="getRunningExperiment" classname="com.dotcms.experiments.business.ExperimentAPIImpIntegrationTest" time="5.928"/>
  <system-out><![CDATA[]]></system-out>
  <system-err><![CDATA[]]></system-err>
</testsuite>
