<?xml version="1.0" encoding="UTF-8"?>
<testsuite name="com.dotcms.rest.TagResourceIntegrationTest" tests="4" skipped="0" failures="0" errors="0" timestamp="2023-06-27T18:49:12" hostname="fv-az451-154" time="0.345">
  <properties/>
  <testcase name="testList[0: com.dotcms.rest.TagResourceTestCase@119d4dfa]" classname="com.dotcms.rest.TagResourceIntegrationTest" time="0.254"/>
  <testcase name="testList[1: com.dotcms.rest.TagResourceTestCase@732bb150]" classname="com.dotcms.rest.TagResourceIntegrationTest" time="0.031"/>
  <testcase name="testList[2: com.dotcms.rest.TagResourceTestCase@aecf13a]" classname="com.dotcms.rest.TagResourceIntegrationTest" time="0.027"/>
  <testcase name="testList[3: com.dotcms.rest.TagResourceTestCase@3b3146bf]" classname="com.dotcms.rest.TagResourceIntegrationTest" time="0.032"/>
  <system-out><![CDATA[]]></system-out>
  <system-err><![CDATA[Jun 27, 2023 6:49:12 PM com.dotcms.repackage.org.hibernate.validator.internal.util.Version <clinit>
INFO: HV000001: Hibernate Validator 4.3.2.Final
]]></system-err>
</testsuite>
