<?xml version="1.0" encoding="UTF-8"?>
<testsuite name="com.dotcms.util.marshal.MarshalUtilsIntegrationTest" tests="1" skipped="0" failures="0" errors="0" timestamp="2023-07-10T21:07:14" hostname="fv-az351-324" time="0.028">
  <properties/>
  <testcase name="marshalSystemEvent" classname="com.dotcms.util.marshal.MarshalUtilsIntegrationTest" time="0.028"/>
  <system-out><![CDATA[


]]></system-out>
  <system-err><![CDATA[]]></system-err>
</testsuite>
