<?xml version="1.0" encoding="UTF-8"?>
<testsuite name="com.dotcms.saml.SamlConfigurationServiceTest" tests="1" skipped="0" failures="0" errors="0" timestamp="2023-07-21T06:43:22" hostname="fv-az484-380" time="0.006">
  <properties/>
  <testcase name="test_getConfigAsString" classname="com.dotcms.saml.SamlConfigurationServiceTest" time="0.006"/>
  <system-out><![CDATA[]]></system-out>
  <system-err><![CDATA[]]></system-err>
</testsuite>
