<?xml version="1.0" encoding="UTF-8"?>
<testsuite name="com.dotmarketing.startup.runonce.Task210527DropReviewFieldsFromContentletTableTest" tests="1" skipped="0" failures="0" errors="0" timestamp="2023-07-21T16:41:42" hostname="fv-az453-320" time="0.063">
  <properties/>
  <testcase name="testExecuteUpgrade" classname="com.dotmarketing.startup.runonce.Task210527DropReviewFieldsFromContentletTableTest" time="0.063"/>
  <system-out><![CDATA[]]></system-out>
  <system-err><![CDATA[]]></system-err>
</testsuite>
