<?xml version="1.0" encoding="UTF-8"?>
<testsuite name="com.dotmarketing.startup.runonce.Task05380ChangeContainerPathToAbsoluteTest" tests="13" skipped="0" failures="0" errors="0" timestamp="2023-07-03T18:29:32" hostname="fv-az564-656" time="42.409">
  <properties/>
  <testcase name="whenTemplateLayoutHasAbsolutePathShouldKeepThePathWithoutChange" classname="com.dotmarketing.startup.runonce.Task05380ChangeContainerPathToAbsoluteTest" time="2.319"/>
  <testcase name="whenTemplateLayoutHasRelativePathShouldTurnIntoAAbsolutePath" classname="com.dotmarketing.startup.runonce.Task05380ChangeContainerPathToAbsoluteTest" time="4.068"/>
  <testcase name="whenLegacyTemplateLayoutHasIDContainer" classname="com.dotmarketing.startup.runonce.Task05380ChangeContainerPathToAbsoluteTest" time="2.068"/>
  <testcase name="whenTemplateLayoutHasRelativePathButBodyIsNullShouldTurnIntoAAbsolutePath" classname="com.dotmarketing.startup.runonce.Task05380ChangeContainerPathToAbsoluteTest" time="3.084"/>
  <testcase name="whenHaveMoreThanOneTemplate" classname="com.dotmarketing.startup.runonce.Task05380ChangeContainerPathToAbsoluteTest" time="3.097"/>
  <testcase name="whenLegacyTemplateLayoutHasRelativePathShouldTurnIntoAbsolutePath" classname="com.dotmarketing.startup.runonce.Task05380ChangeContainerPathToAbsoluteTest" time="3.06"/>
  <testcase name="whenTemplateLayoutHasNotFileCOntainer" classname="com.dotmarketing.startup.runonce.Task05380ChangeContainerPathToAbsoluteTest" time="3.092"/>
  <testcase name="whenTemplateLayoutHasRelativePathAndSideBar" classname="com.dotmarketing.startup.runonce.Task05380ChangeContainerPathToAbsoluteTest" time="3.084"/>
  <testcase name="whenSiteChangeNameBeforeRunUT" classname="com.dotmarketing.startup.runonce.Task05380ChangeContainerPathToAbsoluteTest" time="4.122"/>
  <testcase name="whenLegacyTemplateLayoutHasAbsolutePathToAnotherSite" classname="com.dotmarketing.startup.runonce.Task05380ChangeContainerPathToAbsoluteTest" time="4.139"/>
  <testcase name="whenTemplateAdvancedHasRelativePath" classname="com.dotmarketing.startup.runonce.Task05380ChangeContainerPathToAbsoluteTest" time="3.063"/>
  <testcase name="whenTemplateLayoutHasAbsolutePathToAnotherSite" classname="com.dotmarketing.startup.runonce.Task05380ChangeContainerPathToAbsoluteTest" time="4.076"/>
  <testcase name="whenLegacyTemplateLayoutHasAbsolutePath" classname="com.dotmarketing.startup.runonce.Task05380ChangeContainerPathToAbsoluteTest" time="3.136"/>
  <system-out><![CDATA[]]></system-out>
  <system-err><![CDATA[]]></system-err>
</testsuite>
