<?xml version="1.0" encoding="UTF-8"?>
<testsuite name="com.dotmarketing.startup.runonce.Task05390MakeRoomForLongerJobDetailTest" tests="1" skipped="0" failures="0" errors="0" timestamp="2023-07-17T16:54:23" hostname="fv-az309-326" time="0.002">
  <properties/>
  <testcase name="testExecuteUpgrade" classname="com.dotmarketing.startup.runonce.Task05390MakeRoomForLongerJobDetailTest" time="0.002"/>
  <system-out><![CDATA[]]></system-out>
  <system-err><![CDATA[]]></system-err>
</testsuite>
