<?xml version="1.0" encoding="UTF-8"?>
<testsuite name="com.dotcms.rest.elasticsearch.ESContentResourcePortletTest" tests="8" skipped="0" failures="0" errors="0" timestamp="2023-07-07T17:49:00" hostname="fv-az442-489" time="8.578">
  <properties/>
  <testcase name="test_search_includeGrandChildCategory_success" classname="com.dotcms.rest.elasticsearch.ESContentResourcePortletTest" time="1.305"/>
  <testcase name="testSearch[0: com.dotcms.rest.elasticsearch.ESContentResourcePortletTest$TestCase@5ae94a48]" classname="com.dotcms.rest.elasticsearch.ESContentResourcePortletTest" time="0.893"/>
  <testcase name="testSearch[1: com.dotcms.rest.elasticsearch.ESContentResourcePortletTest$TestCase@3d2aa10b]" classname="com.dotcms.rest.elasticsearch.ESContentResourcePortletTest" time="1.235"/>
  <testcase name="testSearch[2: com.dotcms.rest.elasticsearch.ESContentResourcePortletTest$TestCase@43261fb]" classname="com.dotcms.rest.elasticsearch.ESContentResourcePortletTest" time="0.906"/>
  <testcase name="testSearch[3: com.dotcms.rest.elasticsearch.ESContentResourcePortletTest$TestCase@5a94ace3]" classname="com.dotcms.rest.elasticsearch.ESContentResourcePortletTest" time="1.234"/>
  <testcase name="testSearch[4: com.dotcms.rest.elasticsearch.ESContentResourcePortletTest$TestCase@4a3f16f3]" classname="com.dotcms.rest.elasticsearch.ESContentResourcePortletTest" time="1.262"/>
  <testcase name="testSearch[5: com.dotcms.rest.elasticsearch.ESContentResourcePortletTest$TestCase@22f5c446]" classname="com.dotcms.rest.elasticsearch.ESContentResourcePortletTest" time="0.85"/>
  <testcase name="testSearch[6: com.dotcms.rest.elasticsearch.ESContentResourcePortletTest$TestCase@35df545a]" classname="com.dotcms.rest.elasticsearch.ESContentResourcePortletTest" time="0.891"/>
  <system-out><![CDATA[]]></system-out>
  <system-err><![CDATA[]]></system-err>
</testsuite>
