<?xml version="1.0" encoding="UTF-8"?>
<testsuite name="com.dotcms.rendering.velocity.viewtools.content.util.ContentUtilsTest" tests="89" skipped="0" failures="0" errors="0" timestamp="2023-06-26T19:00:26" hostname="fv-az404-370" time="403.165">
  <properties/>
  <testcase name="whenTheTimeMachineDateIsNullAndPublishDateInFutureShouldNotReturnAnything" classname="com.dotcms.rendering.velocity.viewtools.content.util.ContentUtilsTest" time="3.168"/>
  <testcase name="test_find_multilingual_contentlet_getContentletSuccessfully" classname="com.dotcms.rendering.velocity.viewtools.content.util.ContentUtilsTest" time="1.959"/>
  <testcase name="whenTheTimeMachineDateAndPublishDateAreTomorrowShouldReturnOneContent" classname="com.dotcms.rendering.velocity.viewtools.content.util.ContentUtilsTest" time="3.159"/>
  <testcase name="testPullRelated[0: com.dotcms.rendering.velocity.viewtools.content.util.ContentUtilsTest$TestCase@40825a00]" classname="com.dotcms.rendering.velocity.viewtools.content.util.ContentUtilsTest" time="3.51"/>
  <testcase name="testPullRelated[1: com.dotcms.rendering.velocity.viewtools.content.util.ContentUtilsTest$TestCase@50f2a80e]" classname="com.dotcms.rendering.velocity.viewtools.content.util.ContentUtilsTest" time="3.943"/>
  <testcase name="testPullRelated[2: com.dotcms.rendering.velocity.viewtools.content.util.ContentUtilsTest$TestCase@3a8b5a60]" classname="com.dotcms.rendering.velocity.viewtools.content.util.ContentUtilsTest" time="4.106"/>
  <testcase name="testPullRelated[3: com.dotcms.rendering.velocity.viewtools.content.util.ContentUtilsTest$TestCase@7ad6efdf]" classname="com.dotcms.rendering.velocity.viewtools.content.util.ContentUtilsTest" time="4.058"/>
  <testcase name="testPullRelated[4: com.dotcms.rendering.velocity.viewtools.content.util.ContentUtilsTest$TestCase@28d6e8df]" classname="com.dotcms.rendering.velocity.viewtools.content.util.ContentUtilsTest" time="3.802"/>
  <testcase name="testPullRelated[5: com.dotcms.rendering.velocity.viewtools.content.util.ContentUtilsTest$TestCase@6d218713]" classname="com.dotcms.rendering.velocity.viewtools.content.util.ContentUtilsTest" time="4.223"/>
  <testcase name="testPullRelated[6: com.dotcms.rendering.velocity.viewtools.content.util.ContentUtilsTest$TestCase@d99888d]" classname="com.dotcms.rendering.velocity.viewtools.content.util.ContentUtilsTest" time="3.922"/>
  <testcase name="testPullRelated[7: com.dotcms.rendering.velocity.viewtools.content.util.ContentUtilsTest$TestCase@40fc26f6]" classname="com.dotcms.rendering.velocity.viewtools.content.util.ContentUtilsTest" time="4.193"/>
  <testcase name="testPullRelated[8: com.dotcms.rendering.velocity.viewtools.content.util.ContentUtilsTest$TestCase@5ff3ae26]" classname="com.dotcms.rendering.velocity.viewtools.content.util.ContentUtilsTest" time="2.725"/>
  <testcase name="testPullRelated[9: com.dotcms.rendering.velocity.viewtools.content.util.ContentUtilsTest$TestCase@3e8bb3d4]" classname="com.dotcms.rendering.velocity.viewtools.content.util.ContentUtilsTest" time="4.137"/>
  <testcase name="testPullRelated[10: com.dotcms.rendering.velocity.viewtools.content.util.ContentUtilsTest$TestCase@7f179968]" classname="com.dotcms.rendering.velocity.viewtools.content.util.ContentUtilsTest" time="4.158"/>
  <testcase name="testPullRelated[11: com.dotcms.rendering.velocity.viewtools.content.util.ContentUtilsTest$TestCase@5e7ddbea]" classname="com.dotcms.rendering.velocity.viewtools.content.util.ContentUtilsTest" time="4.178"/>
  <testcase name="testPullRelated[12: com.dotcms.rendering.velocity.viewtools.content.util.ContentUtilsTest$TestCase@1cbdcc9d]" classname="com.dotcms.rendering.velocity.viewtools.content.util.ContentUtilsTest" time="4.006"/>
  <testcase name="testPullRelated[13: com.dotcms.rendering.velocity.viewtools.content.util.ContentUtilsTest$TestCase@7f4bc9cd]" classname="com.dotcms.rendering.velocity.viewtools.content.util.ContentUtilsTest" time="2.762"/>
  <testcase name="testPullRelated[14: com.dotcms.rendering.velocity.viewtools.content.util.ContentUtilsTest$TestCase@3cd4d395]" classname="com.dotcms.rendering.velocity.viewtools.content.util.ContentUtilsTest" time="4.161"/>
  <testcase name="testPullRelated[15: com.dotcms.rendering.velocity.viewtools.content.util.ContentUtilsTest$TestCase@cc6ed6e]" classname="com.dotcms.rendering.velocity.viewtools.content.util.ContentUtilsTest" time="4.048"/>
  <testcase name="testPullRelated[16: com.dotcms.rendering.velocity.viewtools.content.util.ContentUtilsTest$TestCase@7eed114f]" classname="com.dotcms.rendering.velocity.viewtools.content.util.ContentUtilsTest" time="4.109"/>
  <testcase name="testPullRelated[17: com.dotcms.rendering.velocity.viewtools.content.util.ContentUtilsTest$TestCase@5f49aafe]" classname="com.dotcms.rendering.velocity.viewtools.content.util.ContentUtilsTest" time="3.884"/>
  <testcase name="testPullRelated[18: com.dotcms.rendering.velocity.viewtools.content.util.ContentUtilsTest$TestCase@451b92f9]" classname="com.dotcms.rendering.velocity.viewtools.content.util.ContentUtilsTest" time="3.495"/>
  <testcase name="testPullRelated[19: com.dotcms.rendering.velocity.viewtools.content.util.ContentUtilsTest$TestCase@7e8daaa9]" classname="com.dotcms.rendering.velocity.viewtools.content.util.ContentUtilsTest" time="3.822"/>
  <testcase name="testPullRelated[20: com.dotcms.rendering.velocity.viewtools.content.util.ContentUtilsTest$TestCase@687cab5e]" classname="com.dotcms.rendering.velocity.viewtools.content.util.ContentUtilsTest" time="3.993"/>
  <testcase name="testPullRelated[21: com.dotcms.rendering.velocity.viewtools.content.util.ContentUtilsTest$TestCase@7a70f2f5]" classname="com.dotcms.rendering.velocity.viewtools.content.util.ContentUtilsTest" time="3.917"/>
  <testcase name="testPullRelated[22: com.dotcms.rendering.velocity.viewtools.content.util.ContentUtilsTest$TestCase@63653b18]" classname="com.dotcms.rendering.velocity.viewtools.content.util.ContentUtilsTest" time="4.036"/>
  <testcase name="testPullRelated[23: com.dotcms.rendering.velocity.viewtools.content.util.ContentUtilsTest$TestCase@70ae0d3f]" classname="com.dotcms.rendering.velocity.viewtools.content.util.ContentUtilsTest" time="4.239"/>
  <testcase name="testPullRelated[24: com.dotcms.rendering.velocity.viewtools.content.util.ContentUtilsTest$TestCase@7d857e2f]" classname="com.dotcms.rendering.velocity.viewtools.content.util.ContentUtilsTest" time="3.901"/>
  <testcase name="testPullRelated[25: com.dotcms.rendering.velocity.viewtools.content.util.ContentUtilsTest$TestCase@1fcc30]" classname="com.dotcms.rendering.velocity.viewtools.content.util.ContentUtilsTest" time="4.16"/>
  <testcase name="testPullRelated[26: com.dotcms.rendering.velocity.viewtools.content.util.ContentUtilsTest$TestCase@4ae88ad0]" classname="com.dotcms.rendering.velocity.viewtools.content.util.ContentUtilsTest" time="3.945"/>
  <testcase name="testPullRelated[27: com.dotcms.rendering.velocity.viewtools.content.util.ContentUtilsTest$TestCase@4a2fb147]" classname="com.dotcms.rendering.velocity.viewtools.content.util.ContentUtilsTest" time="4.109"/>
  <testcase name="testPullRelated[28: com.dotcms.rendering.velocity.viewtools.content.util.ContentUtilsTest$TestCase@1c0dca2b]" classname="com.dotcms.rendering.velocity.viewtools.content.util.ContentUtilsTest" time="4.004"/>
  <testcase name="testPullRelated[29: com.dotcms.rendering.velocity.viewtools.content.util.ContentUtilsTest$TestCase@628dfbd6]" classname="com.dotcms.rendering.velocity.viewtools.content.util.ContentUtilsTest" time="4.078"/>
  <testcase name="testPullRelated[30: com.dotcms.rendering.velocity.viewtools.content.util.ContentUtilsTest$TestCase@6c3d535d]" classname="com.dotcms.rendering.velocity.viewtools.content.util.ContentUtilsTest" time="4.094"/>
  <testcase name="testPullRelated[31: com.dotcms.rendering.velocity.viewtools.content.util.ContentUtilsTest$TestCase@5baf6214]" classname="com.dotcms.rendering.velocity.viewtools.content.util.ContentUtilsTest" time="3.975"/>
  <testcase name="testPullRelated[32: com.dotcms.rendering.velocity.viewtools.content.util.ContentUtilsTest$TestCase@2981b7d8]" classname="com.dotcms.rendering.velocity.viewtools.content.util.ContentUtilsTest" time="4.161"/>
  <testcase name="testPullRelated[33: com.dotcms.rendering.velocity.viewtools.content.util.ContentUtilsTest$TestCase@245fba75]" classname="com.dotcms.rendering.velocity.viewtools.content.util.ContentUtilsTest" time="2.762"/>
  <testcase name="testPullRelated[34: com.dotcms.rendering.velocity.viewtools.content.util.ContentUtilsTest$TestCase@22fea218]" classname="com.dotcms.rendering.velocity.viewtools.content.util.ContentUtilsTest" time="4.348"/>
  <testcase name="testPullRelated[35: com.dotcms.rendering.velocity.viewtools.content.util.ContentUtilsTest$TestCase@2e1db91]" classname="com.dotcms.rendering.velocity.viewtools.content.util.ContentUtilsTest" time="3.911"/>
  <testcase name="testPullRelated[36: com.dotcms.rendering.velocity.viewtools.content.util.ContentUtilsTest$TestCase@267a8362]" classname="com.dotcms.rendering.velocity.viewtools.content.util.ContentUtilsTest" time="6.123"/>
  <testcase name="testPullRelated[37: com.dotcms.rendering.velocity.viewtools.content.util.ContentUtilsTest$TestCase@7f2f19ca]" classname="com.dotcms.rendering.velocity.viewtools.content.util.ContentUtilsTest" time="6.112"/>
  <testcase name="testPullRelated[38: com.dotcms.rendering.velocity.viewtools.content.util.ContentUtilsTest$TestCase@28168a55]" classname="com.dotcms.rendering.velocity.viewtools.content.util.ContentUtilsTest" time="6.015"/>
  <testcase name="testPullRelated[39: com.dotcms.rendering.velocity.viewtools.content.util.ContentUtilsTest$TestCase@24a7e195]" classname="com.dotcms.rendering.velocity.viewtools.content.util.ContentUtilsTest" time="6.151"/>
  <testcase name="testPullRelated[40: com.dotcms.rendering.velocity.viewtools.content.util.ContentUtilsTest$TestCase@563407f0]" classname="com.dotcms.rendering.velocity.viewtools.content.util.ContentUtilsTest" time="6.114"/>
  <testcase name="testPullRelated[41: com.dotcms.rendering.velocity.viewtools.content.util.ContentUtilsTest$TestCase@5152a5b5]" classname="com.dotcms.rendering.velocity.viewtools.content.util.ContentUtilsTest" time="4.764"/>
  <testcase name="testPullRelated[42: com.dotcms.rendering.velocity.viewtools.content.util.ContentUtilsTest$TestCase@4d8ad9e8]" classname="com.dotcms.rendering.velocity.viewtools.content.util.ContentUtilsTest" time="6.39"/>
  <testcase name="testPullRelated[43: com.dotcms.rendering.velocity.viewtools.content.util.ContentUtilsTest$TestCase@56ba3285]" classname="com.dotcms.rendering.velocity.viewtools.content.util.ContentUtilsTest" time="5.959"/>
  <testcase name="testPullRelated[44: com.dotcms.rendering.velocity.viewtools.content.util.ContentUtilsTest$TestCase@2047a425]" classname="com.dotcms.rendering.velocity.viewtools.content.util.ContentUtilsTest" time="5.998"/>
  <testcase name="testPullRelated[45: com.dotcms.rendering.velocity.viewtools.content.util.ContentUtilsTest$TestCase@647cd295]" classname="com.dotcms.rendering.velocity.viewtools.content.util.ContentUtilsTest" time="6.154"/>
  <testcase name="testPullRelated[46: com.dotcms.rendering.velocity.viewtools.content.util.ContentUtilsTest$TestCase@7f22026b]" classname="com.dotcms.rendering.velocity.viewtools.content.util.ContentUtilsTest" time="6.301"/>
  <testcase name="testPullRelated[47: com.dotcms.rendering.velocity.viewtools.content.util.ContentUtilsTest$TestCase@780b3910]" classname="com.dotcms.rendering.velocity.viewtools.content.util.ContentUtilsTest" time="5.829"/>
  <testcase name="testPullRelated[48: com.dotcms.rendering.velocity.viewtools.content.util.ContentUtilsTest$TestCase@6570dcb8]" classname="com.dotcms.rendering.velocity.viewtools.content.util.ContentUtilsTest" time="6.112"/>
  <testcase name="testPullRelated[49: com.dotcms.rendering.velocity.viewtools.content.util.ContentUtilsTest$TestCase@671a42f9]" classname="com.dotcms.rendering.velocity.viewtools.content.util.ContentUtilsTest" time="5.943"/>
  <testcase name="testPullRelated[50: com.dotcms.rendering.velocity.viewtools.content.util.ContentUtilsTest$TestCase@844352b]" classname="com.dotcms.rendering.velocity.viewtools.content.util.ContentUtilsTest" time="6.342"/>
  <testcase name="testPullRelated[51: com.dotcms.rendering.velocity.viewtools.content.util.ContentUtilsTest$TestCase@29a65e8a]" classname="com.dotcms.rendering.velocity.viewtools.content.util.ContentUtilsTest" time="6.146"/>
  <testcase name="testPullRelated[52: com.dotcms.rendering.velocity.viewtools.content.util.ContentUtilsTest$TestCase@4ad0c21a]" classname="com.dotcms.rendering.velocity.viewtools.content.util.ContentUtilsTest" time="5.902"/>
  <testcase name="testPullRelated[53: com.dotcms.rendering.velocity.viewtools.content.util.ContentUtilsTest$TestCase@7fe84c33]" classname="com.dotcms.rendering.velocity.viewtools.content.util.ContentUtilsTest" time="5.072"/>
  <testcase name="testPullRelated[54: com.dotcms.rendering.velocity.viewtools.content.util.ContentUtilsTest$TestCase@56acc388]" classname="com.dotcms.rendering.velocity.viewtools.content.util.ContentUtilsTest" time="6.228"/>
  <testcase name="testPullRelated[55: com.dotcms.rendering.velocity.viewtools.content.util.ContentUtilsTest$TestCase@4d6585d9]" classname="com.dotcms.rendering.velocity.viewtools.content.util.ContentUtilsTest" time="6.026"/>
  <testcase name="testPullRelated[56: com.dotcms.rendering.velocity.viewtools.content.util.ContentUtilsTest$TestCase@1695e7d]" classname="com.dotcms.rendering.velocity.viewtools.content.util.ContentUtilsTest" time="5.963"/>
  <testcase name="testPullRelated[57: com.dotcms.rendering.velocity.viewtools.content.util.ContentUtilsTest$TestCase@3cdd13b7]" classname="com.dotcms.rendering.velocity.viewtools.content.util.ContentUtilsTest" time="5.937"/>
  <testcase name="testPullRelated[58: com.dotcms.rendering.velocity.viewtools.content.util.ContentUtilsTest$TestCase@cdd3727]" classname="com.dotcms.rendering.velocity.viewtools.content.util.ContentUtilsTest" time="6.385"/>
  <testcase name="testPullRelated[59: com.dotcms.rendering.velocity.viewtools.content.util.ContentUtilsTest$TestCase@6df73028]" classname="com.dotcms.rendering.velocity.viewtools.content.util.ContentUtilsTest" time="6.099"/>
  <testcase name="testPullRelated[60: com.dotcms.rendering.velocity.viewtools.content.util.ContentUtilsTest$TestCase@26a6115d]" classname="com.dotcms.rendering.velocity.viewtools.content.util.ContentUtilsTest" time="5.872"/>
  <testcase name="testPullRelated[61: com.dotcms.rendering.velocity.viewtools.content.util.ContentUtilsTest$TestCase@72b2ee95]" classname="com.dotcms.rendering.velocity.viewtools.content.util.ContentUtilsTest" time="6.134"/>
  <testcase name="testPullRelated[62: com.dotcms.rendering.velocity.viewtools.content.util.ContentUtilsTest$TestCase@17339beb]" classname="com.dotcms.rendering.velocity.viewtools.content.util.ContentUtilsTest" time="6.373"/>
  <testcase name="testPullRelated[63: com.dotcms.rendering.velocity.viewtools.content.util.ContentUtilsTest$TestCase@43919f55]" classname="com.dotcms.rendering.velocity.viewtools.content.util.ContentUtilsTest" time="4.768"/>
  <testcase name="testPullRelated[64: com.dotcms.rendering.velocity.viewtools.content.util.ContentUtilsTest$TestCase@552b5283]" classname="com.dotcms.rendering.velocity.viewtools.content.util.ContentUtilsTest" time="6.149"/>
  <testcase name="testPullRelated[65: com.dotcms.rendering.velocity.viewtools.content.util.ContentUtilsTest$TestCase@3088d8f5]" classname="com.dotcms.rendering.velocity.viewtools.content.util.ContentUtilsTest" time="5.835"/>
  <testcase name="testPullRelated[66: com.dotcms.rendering.velocity.viewtools.content.util.ContentUtilsTest$TestCase@3beff1cc]" classname="com.dotcms.rendering.velocity.viewtools.content.util.ContentUtilsTest" time="5.227"/>
  <testcase name="testPullRelated[67: com.dotcms.rendering.velocity.viewtools.content.util.ContentUtilsTest$TestCase@74cbbad3]" classname="com.dotcms.rendering.velocity.viewtools.content.util.ContentUtilsTest" time="6.049"/>
  <testcase name="testPullRelated[68: com.dotcms.rendering.velocity.viewtools.content.util.ContentUtilsTest$TestCase@7b7b5183]" classname="com.dotcms.rendering.velocity.viewtools.content.util.ContentUtilsTest" time="6.256"/>
  <testcase name="testPullRelated[69: com.dotcms.rendering.velocity.viewtools.content.util.ContentUtilsTest$TestCase@d427169]" classname="com.dotcms.rendering.velocity.viewtools.content.util.ContentUtilsTest" time="5.895"/>
  <testcase name="testPullRelated[70: com.dotcms.rendering.velocity.viewtools.content.util.ContentUtilsTest$TestCase@49e7909c]" classname="com.dotcms.rendering.velocity.viewtools.content.util.ContentUtilsTest" time="6.088"/>
  <testcase name="testPullRelated[71: com.dotcms.rendering.velocity.viewtools.content.util.ContentUtilsTest$TestCase@6053a651]" classname="com.dotcms.rendering.velocity.viewtools.content.util.ContentUtilsTest" time="6.299"/>
  <testcase name="whenPublishAndExpireDatesAreInTheFutureAndTimeMachineIsAfterBoth" classname="com.dotcms.rendering.velocity.viewtools.content.util.ContentUtilsTest" time="3.093"/>
  <testcase name="testPullRelatedForLegacyRelationship[0: com.dotcms.rendering.velocity.viewtools.content.util.ContentUtilsTest$LegacyTestCase@41850491]" classname="com.dotcms.rendering.velocity.viewtools.content.util.ContentUtilsTest" time="4.417"/>
  <testcase name="testPullRelatedForLegacyRelationship[1: com.dotcms.rendering.velocity.viewtools.content.util.ContentUtilsTest$LegacyTestCase@5fd2ecf1]" classname="com.dotcms.rendering.velocity.viewtools.content.util.ContentUtilsTest" time="3.096"/>
  <testcase name="whenTheTimeMachineDateIsAfterTomorrowAndExpireDateIsTomorrowShouldNotReturnContent" classname="com.dotcms.rendering.velocity.viewtools.content.util.ContentUtilsTest" time="3.189"/>
  <testcase name="testPullLiveRelatedWhenLatestVersionIsWorking" classname="com.dotcms.rendering.velocity.viewtools.content.util.ContentUtilsTest" time="3.469"/>
  <testcase name="test_add_relationships_on_parent_children_related_contents" classname="com.dotcms.rendering.velocity.viewtools.content.util.ContentUtilsTest" time="1.539"/>
  <testcase name="testSortPullRelated[0: com.dotcms.rendering.velocity.viewtools.content.util.ContentUtilsTest$SortTestCase@2ac4f4e7]" classname="com.dotcms.rendering.velocity.viewtools.content.util.ContentUtilsTest" time="2.679"/>
  <testcase name="testSortPullRelated[1: com.dotcms.rendering.velocity.viewtools.content.util.ContentUtilsTest$SortTestCase@57d8bec0]" classname="com.dotcms.rendering.velocity.viewtools.content.util.ContentUtilsTest" time="2.748"/>
  <testcase name="testSortPullRelated[2: com.dotcms.rendering.velocity.viewtools.content.util.ContentUtilsTest$SortTestCase@3e909926]" classname="com.dotcms.rendering.velocity.viewtools.content.util.ContentUtilsTest" time="2.769"/>
  <testcase name="testSortPullRelated[3: com.dotcms.rendering.velocity.viewtools.content.util.ContentUtilsTest$SortTestCase@76ed5f61]" classname="com.dotcms.rendering.velocity.viewtools.content.util.ContentUtilsTest" time="2.588"/>
  <testcase name="testSortPullRelated[4: com.dotcms.rendering.velocity.viewtools.content.util.ContentUtilsTest$SortTestCase@7b83fe97]" classname="com.dotcms.rendering.velocity.viewtools.content.util.ContentUtilsTest" time="2.462"/>
  <testcase name="testSortPullRelated[5: com.dotcms.rendering.velocity.viewtools.content.util.ContentUtilsTest$SortTestCase@693f6199]" classname="com.dotcms.rendering.velocity.viewtools.content.util.ContentUtilsTest" time="2.559"/>
  <testcase name="whenTheTimeMachineDateIsAfterTomorrowAndExpireDateIsInFutureShouldReturnContent" classname="com.dotcms.rendering.velocity.viewtools.content.util.ContentUtilsTest" time="3.116"/>
  <testcase name="testPullRelatedFieldShouldRespectDefaultOrder" classname="com.dotcms.rendering.velocity.viewtools.content.util.ContentUtilsTest" time="1.269"/>
  <system-out><![CDATA[]]></system-out>
  <system-err><![CDATA[]]></system-err>
</testsuite>
