<?xml version="1.0" encoding="UTF-8"?>
<testsuite name="com.dotmarketing.portlets.structure.model.ContentletRelationshipsTest" tests="7" skipped="0" failures="0" errors="0" timestamp="2023-07-11T21:28:44" hostname="fv-az203-15" time="9.244">
  <properties/>
  <testcase name="testDoesAllowOnlyOne[0: com.dotmarketing.portlets.structure.model.ContentletRelationshipsTest$CardinalityTestCase@31486e43]" classname="com.dotmarketing.portlets.structure.model.ContentletRelationshipsTest" time="0.831"/>
  <testcase name="testDoesAllowOnlyOne[1: com.dotmarketing.portlets.structure.model.ContentletRelationshipsTest$CardinalityTestCase@342e89ec]" classname="com.dotmarketing.portlets.structure.model.ContentletRelationshipsTest" time="0.396"/>
  <testcase name="testDoesAllowOnlyOne[2: com.dotmarketing.portlets.structure.model.ContentletRelationshipsTest$CardinalityTestCase@7000c4e0]" classname="com.dotmarketing.portlets.structure.model.ContentletRelationshipsTest" time="0.508"/>
  <testcase name="testGetRelationshipRecords[0: com.dotmarketing.portlets.structure.model.ContentletRelationshipsTest$TestCase@2fba0c17]" classname="com.dotmarketing.portlets.structure.model.ContentletRelationshipsTest" time="2.038"/>
  <testcase name="testGetRelationshipRecords[1: com.dotmarketing.portlets.structure.model.ContentletRelationshipsTest$TestCase@5d7255d5]" classname="com.dotmarketing.portlets.structure.model.ContentletRelationshipsTest" time="1.889"/>
  <testcase name="testGetRelationshipRecords[2: com.dotmarketing.portlets.structure.model.ContentletRelationshipsTest$TestCase@1d53d67e]" classname="com.dotmarketing.portlets.structure.model.ContentletRelationshipsTest" time="1.752"/>
  <testcase name="testGetRelationshipRecords[3: com.dotmarketing.portlets.structure.model.ContentletRelationshipsTest$TestCase@6b8236f0]" classname="com.dotmarketing.portlets.structure.model.ContentletRelationshipsTest" time="1.83"/>
  <system-out><![CDATA[]]></system-out>
  <system-err><![CDATA[]]></system-err>
</testsuite>
