<?xml version="1.0" encoding="UTF-8"?>
<testsuite name="com.dotcms.rest.elasticsearch.ESContentResourcePortletTest" tests="8" skipped="0" failures="0" errors="0" timestamp="2023-06-26T17:26:29" hostname="fv-az1242-413" time="7.881">
  <properties/>
  <testcase name="test_search_includeGrandChildCategory_success" classname="com.dotcms.rest.elasticsearch.ESContentResourcePortletTest" time="1.41"/>
  <testcase name="testSearch[0: com.dotcms.rest.elasticsearch.ESContentResourcePortletTest$TestCase@5c5f56d5]" classname="com.dotcms.rest.elasticsearch.ESContentResourcePortletTest" time="0.96"/>
  <testcase name="testSearch[1: com.dotcms.rest.elasticsearch.ESContentResourcePortletTest$TestCase@7a0e8361]" classname="com.dotcms.rest.elasticsearch.ESContentResourcePortletTest" time="1.207"/>
  <testcase name="testSearch[2: com.dotcms.rest.elasticsearch.ESContentResourcePortletTest$TestCase@652ca640]" classname="com.dotcms.rest.elasticsearch.ESContentResourcePortletTest" time="0.969"/>
  <testcase name="testSearch[3: com.dotcms.rest.elasticsearch.ESContentResourcePortletTest$TestCase@1ba7fa09]" classname="com.dotcms.rest.elasticsearch.ESContentResourcePortletTest" time="0.223"/>
  <testcase name="testSearch[4: com.dotcms.rest.elasticsearch.ESContentResourcePortletTest$TestCase@3de8ee56]" classname="com.dotcms.rest.elasticsearch.ESContentResourcePortletTest" time="1.249"/>
  <testcase name="testSearch[5: com.dotcms.rest.elasticsearch.ESContentResourcePortletTest$TestCase@33736701]" classname="com.dotcms.rest.elasticsearch.ESContentResourcePortletTest" time="0.932"/>
  <testcase name="testSearch[6: com.dotcms.rest.elasticsearch.ESContentResourcePortletTest$TestCase@336dd989]" classname="com.dotcms.rest.elasticsearch.ESContentResourcePortletTest" time="0.931"/>
  <system-out><![CDATA[]]></system-out>
  <system-err><![CDATA[]]></system-err>
</testsuite>
