<?xml version="1.0" encoding="UTF-8"?>
<testsuite name="com.dotcms.enterprise.publishing.staticpublishing.StaticPublisherIntegrationTest" tests="64" skipped="0" failures="0" errors="0" timestamp="2023-06-29T04:59:06" hostname="fv-az590-241" time="42.225">
  <properties/>
  <testcase name="createStaticBundle[0: com.dotcms.enterprise.publishing.staticpublishing.StaticPublisherIntegrationTestHelper$TestCase@38c8bed6]" classname="com.dotcms.enterprise.publishing.staticpublishing.StaticPublisherIntegrationTest" time="0.703"/>
  <testcase name="createStaticBundle[1: com.dotcms.enterprise.publishing.staticpublishing.StaticPublisherIntegrationTestHelper$TestCase@72a61a31]" classname="com.dotcms.enterprise.publishing.staticpublishing.StaticPublisherIntegrationTest" time="0.117"/>
  <testcase name="createStaticBundle[2: com.dotcms.enterprise.publishing.staticpublishing.StaticPublisherIntegrationTestHelper$TestCase@26fd124a]" classname="com.dotcms.enterprise.publishing.staticpublishing.StaticPublisherIntegrationTest" time="1.449"/>
  <testcase name="createStaticBundle[3: com.dotcms.enterprise.publishing.staticpublishing.StaticPublisherIntegrationTestHelper$TestCase@1be75c5b]" classname="com.dotcms.enterprise.publishing.staticpublishing.StaticPublisherIntegrationTest" time="1.318"/>
  <testcase name="createStaticBundle[4: com.dotcms.enterprise.publishing.staticpublishing.StaticPublisherIntegrationTestHelper$TestCase@66247fff]" classname="com.dotcms.enterprise.publishing.staticpublishing.StaticPublisherIntegrationTest" time="1.516"/>
  <testcase name="createStaticBundle[5: com.dotcms.enterprise.publishing.staticpublishing.StaticPublisherIntegrationTestHelper$TestCase@24119698]" classname="com.dotcms.enterprise.publishing.staticpublishing.StaticPublisherIntegrationTest" time="1.768"/>
  <testcase name="createStaticBundle[6: com.dotcms.enterprise.publishing.staticpublishing.StaticPublisherIntegrationTestHelper$TestCase@6ab0bf12]" classname="com.dotcms.enterprise.publishing.staticpublishing.StaticPublisherIntegrationTest" time="1.543"/>
  <testcase name="createStaticBundle[7: com.dotcms.enterprise.publishing.staticpublishing.StaticPublisherIntegrationTestHelper$TestCase@4b14239b]" classname="com.dotcms.enterprise.publishing.staticpublishing.StaticPublisherIntegrationTest" time="1.06"/>
  <testcase name="createStaticBundle[8: com.dotcms.enterprise.publishing.staticpublishing.StaticPublisherIntegrationTestHelper$TestCase@e8a7681]" classname="com.dotcms.enterprise.publishing.staticpublishing.StaticPublisherIntegrationTest" time="1.02"/>
  <testcase name="createStaticBundle[9: com.dotcms.enterprise.publishing.staticpublishing.StaticPublisherIntegrationTestHelper$TestCase@2687849e]" classname="com.dotcms.enterprise.publishing.staticpublishing.StaticPublisherIntegrationTest" time="1.012"/>
  <testcase name="createStaticBundle[10: com.dotcms.enterprise.publishing.staticpublishing.StaticPublisherIntegrationTestHelper$TestCase@49a0f773]" classname="com.dotcms.enterprise.publishing.staticpublishing.StaticPublisherIntegrationTest" time="1.018"/>
  <testcase name="createStaticBundle[11: com.dotcms.enterprise.publishing.staticpublishing.StaticPublisherIntegrationTestHelper$TestCase@23421d27]" classname="com.dotcms.enterprise.publishing.staticpublishing.StaticPublisherIntegrationTest" time="0.03"/>
  <testcase name="createStaticBundle[12: com.dotcms.enterprise.publishing.staticpublishing.StaticPublisherIntegrationTestHelper$TestCase@7e2159b0]" classname="com.dotcms.enterprise.publishing.staticpublishing.StaticPublisherIntegrationTest" time="0.893"/>
  <testcase name="createStaticBundle[13: com.dotcms.enterprise.publishing.staticpublishing.StaticPublisherIntegrationTestHelper$TestCase@6418819e]" classname="com.dotcms.enterprise.publishing.staticpublishing.StaticPublisherIntegrationTest" time="1.127"/>
  <testcase name="createStaticBundle[14: com.dotcms.enterprise.publishing.staticpublishing.StaticPublisherIntegrationTestHelper$TestCase@2acde901]" classname="com.dotcms.enterprise.publishing.staticpublishing.StaticPublisherIntegrationTest" time="1.158"/>
  <testcase name="createStaticBundle[15: com.dotcms.enterprise.publishing.staticpublishing.StaticPublisherIntegrationTestHelper$TestCase@1955625a]" classname="com.dotcms.enterprise.publishing.staticpublishing.StaticPublisherIntegrationTest" time="1.157"/>
  <testcase name="createStaticBundle[16: com.dotcms.enterprise.publishing.staticpublishing.StaticPublisherIntegrationTestHelper$TestCase@6dcd5419]" classname="com.dotcms.enterprise.publishing.staticpublishing.StaticPublisherIntegrationTest" time="1.038"/>
  <testcase name="createStaticBundle[17: com.dotcms.enterprise.publishing.staticpublishing.StaticPublisherIntegrationTestHelper$TestCase@26fd124a]" classname="com.dotcms.enterprise.publishing.staticpublishing.StaticPublisherIntegrationTest" time="0.839"/>
  <testcase name="createStaticBundle[18: com.dotcms.enterprise.publishing.staticpublishing.StaticPublisherIntegrationTestHelper$TestCase@1be75c5b]" classname="com.dotcms.enterprise.publishing.staticpublishing.StaticPublisherIntegrationTest" time="0.773"/>
  <testcase name="createStaticBundle[19: com.dotcms.enterprise.publishing.staticpublishing.StaticPublisherIntegrationTestHelper$TestCase@66247fff]" classname="com.dotcms.enterprise.publishing.staticpublishing.StaticPublisherIntegrationTest" time="0.243"/>
  <testcase name="createStaticBundle[20: com.dotcms.enterprise.publishing.staticpublishing.StaticPublisherIntegrationTestHelper$TestCase@24119698]" classname="com.dotcms.enterprise.publishing.staticpublishing.StaticPublisherIntegrationTest" time="0.195"/>
  <testcase name="createStaticBundle[21: com.dotcms.enterprise.publishing.staticpublishing.StaticPublisherIntegrationTestHelper$TestCase@6ab0bf12]" classname="com.dotcms.enterprise.publishing.staticpublishing.StaticPublisherIntegrationTest" time="0.17"/>
  <testcase name="createStaticBundle[22: com.dotcms.enterprise.publishing.staticpublishing.StaticPublisherIntegrationTestHelper$TestCase@4b14239b]" classname="com.dotcms.enterprise.publishing.staticpublishing.StaticPublisherIntegrationTest" time="0.433"/>
  <testcase name="createStaticBundle[23: com.dotcms.enterprise.publishing.staticpublishing.StaticPublisherIntegrationTestHelper$TestCase@e8a7681]" classname="com.dotcms.enterprise.publishing.staticpublishing.StaticPublisherIntegrationTest" time="0.679"/>
  <testcase name="createStaticBundle[24: com.dotcms.enterprise.publishing.staticpublishing.StaticPublisherIntegrationTestHelper$TestCase@2687849e]" classname="com.dotcms.enterprise.publishing.staticpublishing.StaticPublisherIntegrationTest" time="0.79"/>
  <testcase name="createStaticBundle[25: com.dotcms.enterprise.publishing.staticpublishing.StaticPublisherIntegrationTestHelper$TestCase@49a0f773]" classname="com.dotcms.enterprise.publishing.staticpublishing.StaticPublisherIntegrationTest" time="0.883"/>
  <testcase name="createStaticBundle[26: com.dotcms.enterprise.publishing.staticpublishing.StaticPublisherIntegrationTestHelper$TestCase@23421d27]" classname="com.dotcms.enterprise.publishing.staticpublishing.StaticPublisherIntegrationTest" time="0.032"/>
  <testcase name="createStaticBundle[27: com.dotcms.enterprise.publishing.staticpublishing.StaticPublisherIntegrationTestHelper$TestCase@7e2159b0]" classname="com.dotcms.enterprise.publishing.staticpublishing.StaticPublisherIntegrationTest" time="0.727"/>
  <testcase name="createStaticBundle[28: com.dotcms.enterprise.publishing.staticpublishing.StaticPublisherIntegrationTestHelper$TestCase@6418819e]" classname="com.dotcms.enterprise.publishing.staticpublishing.StaticPublisherIntegrationTest" time="0.69"/>
  <testcase name="createStaticBundle[29: com.dotcms.enterprise.publishing.staticpublishing.StaticPublisherIntegrationTestHelper$TestCase@2acde901]" classname="com.dotcms.enterprise.publishing.staticpublishing.StaticPublisherIntegrationTest" time="0.901"/>
  <testcase name="createStaticBundle[30: com.dotcms.enterprise.publishing.staticpublishing.StaticPublisherIntegrationTestHelper$TestCase@1955625a]" classname="com.dotcms.enterprise.publishing.staticpublishing.StaticPublisherIntegrationTest" time="0.805"/>
  <testcase name="createStaticBundle[31: com.dotcms.enterprise.publishing.staticpublishing.StaticPublisherIntegrationTestHelper$TestCase@6dcd5419]" classname="com.dotcms.enterprise.publishing.staticpublishing.StaticPublisherIntegrationTest" time="0.734"/>
  <testcase name="createStaticBundleWithUnPublishOperation[0: com.dotcms.enterprise.publishing.staticpublishing.StaticPublisherIntegrationTestHelper$TestCase@38c8bed6]" classname="com.dotcms.enterprise.publishing.staticpublishing.StaticPublisherIntegrationTest" time="0.062"/>
  <testcase name="createStaticBundleWithUnPublishOperation[1: com.dotcms.enterprise.publishing.staticpublishing.StaticPublisherIntegrationTestHelper$TestCase@72a61a31]" classname="com.dotcms.enterprise.publishing.staticpublishing.StaticPublisherIntegrationTest" time="0.041"/>
  <testcase name="createStaticBundleWithUnPublishOperation[2: com.dotcms.enterprise.publishing.staticpublishing.StaticPublisherIntegrationTestHelper$TestCase@26fd124a]" classname="com.dotcms.enterprise.publishing.staticpublishing.StaticPublisherIntegrationTest" time="0.651"/>
  <testcase name="createStaticBundleWithUnPublishOperation[3: com.dotcms.enterprise.publishing.staticpublishing.StaticPublisherIntegrationTestHelper$TestCase@1be75c5b]" classname="com.dotcms.enterprise.publishing.staticpublishing.StaticPublisherIntegrationTest" time="0.678"/>
  <testcase name="createStaticBundleWithUnPublishOperation[4: com.dotcms.enterprise.publishing.staticpublishing.StaticPublisherIntegrationTestHelper$TestCase@66247fff]" classname="com.dotcms.enterprise.publishing.staticpublishing.StaticPublisherIntegrationTest" time="0.299"/>
  <testcase name="createStaticBundleWithUnPublishOperation[5: com.dotcms.enterprise.publishing.staticpublishing.StaticPublisherIntegrationTestHelper$TestCase@24119698]" classname="com.dotcms.enterprise.publishing.staticpublishing.StaticPublisherIntegrationTest" time="0.285"/>
  <testcase name="createStaticBundleWithUnPublishOperation[6: com.dotcms.enterprise.publishing.staticpublishing.StaticPublisherIntegrationTestHelper$TestCase@6ab0bf12]" classname="com.dotcms.enterprise.publishing.staticpublishing.StaticPublisherIntegrationTest" time="0.348"/>
  <testcase name="createStaticBundleWithUnPublishOperation[7: com.dotcms.enterprise.publishing.staticpublishing.StaticPublisherIntegrationTestHelper$TestCase@4b14239b]" classname="com.dotcms.enterprise.publishing.staticpublishing.StaticPublisherIntegrationTest" time="0.404"/>
  <testcase name="createStaticBundleWithUnPublishOperation[8: com.dotcms.enterprise.publishing.staticpublishing.StaticPublisherIntegrationTestHelper$TestCase@e8a7681]" classname="com.dotcms.enterprise.publishing.staticpublishing.StaticPublisherIntegrationTest" time="0.585"/>
  <testcase name="createStaticBundleWithUnPublishOperation[9: com.dotcms.enterprise.publishing.staticpublishing.StaticPublisherIntegrationTestHelper$TestCase@2687849e]" classname="com.dotcms.enterprise.publishing.staticpublishing.StaticPublisherIntegrationTest" time="0.665"/>
  <testcase name="createStaticBundleWithUnPublishOperation[10: com.dotcms.enterprise.publishing.staticpublishing.StaticPublisherIntegrationTestHelper$TestCase@49a0f773]" classname="com.dotcms.enterprise.publishing.staticpublishing.StaticPublisherIntegrationTest" time="0.748"/>
  <testcase name="createStaticBundleWithUnPublishOperation[11: com.dotcms.enterprise.publishing.staticpublishing.StaticPublisherIntegrationTestHelper$TestCase@23421d27]" classname="com.dotcms.enterprise.publishing.staticpublishing.StaticPublisherIntegrationTest" time="0.018"/>
  <testcase name="createStaticBundleWithUnPublishOperation[12: com.dotcms.enterprise.publishing.staticpublishing.StaticPublisherIntegrationTestHelper$TestCase@7e2159b0]" classname="com.dotcms.enterprise.publishing.staticpublishing.StaticPublisherIntegrationTest" time="0.72"/>
  <testcase name="createStaticBundleWithUnPublishOperation[13: com.dotcms.enterprise.publishing.staticpublishing.StaticPublisherIntegrationTestHelper$TestCase@6418819e]" classname="com.dotcms.enterprise.publishing.staticpublishing.StaticPublisherIntegrationTest" time="0.661"/>
  <testcase name="createStaticBundleWithUnPublishOperation[14: com.dotcms.enterprise.publishing.staticpublishing.StaticPublisherIntegrationTestHelper$TestCase@2acde901]" classname="com.dotcms.enterprise.publishing.staticpublishing.StaticPublisherIntegrationTest" time="0.654"/>
  <testcase name="createStaticBundleWithUnPublishOperation[15: com.dotcms.enterprise.publishing.staticpublishing.StaticPublisherIntegrationTestHelper$TestCase@1955625a]" classname="com.dotcms.enterprise.publishing.staticpublishing.StaticPublisherIntegrationTest" time="0.623"/>
  <testcase name="createStaticBundleWithUnPublishOperation[16: com.dotcms.enterprise.publishing.staticpublishing.StaticPublisherIntegrationTestHelper$TestCase@6dcd5419]" classname="com.dotcms.enterprise.publishing.staticpublishing.StaticPublisherIntegrationTest" time="0.634"/>
  <testcase name="createStaticBundleWithUnPublishOperation[17: com.dotcms.enterprise.publishing.staticpublishing.StaticPublisherIntegrationTestHelper$TestCase@26fd124a]" classname="com.dotcms.enterprise.publishing.staticpublishing.StaticPublisherIntegrationTest" time="0.653"/>
  <testcase name="createStaticBundleWithUnPublishOperation[18: com.dotcms.enterprise.publishing.staticpublishing.StaticPublisherIntegrationTestHelper$TestCase@1be75c5b]" classname="com.dotcms.enterprise.publishing.staticpublishing.StaticPublisherIntegrationTest" time="0.567"/>
  <testcase name="createStaticBundleWithUnPublishOperation[19: com.dotcms.enterprise.publishing.staticpublishing.StaticPublisherIntegrationTestHelper$TestCase@66247fff]" classname="com.dotcms.enterprise.publishing.staticpublishing.StaticPublisherIntegrationTest" time="0.335"/>
  <testcase name="createStaticBundleWithUnPublishOperation[20: com.dotcms.enterprise.publishing.staticpublishing.StaticPublisherIntegrationTestHelper$TestCase@24119698]" classname="com.dotcms.enterprise.publishing.staticpublishing.StaticPublisherIntegrationTest" time="0.288"/>
  <testcase name="createStaticBundleWithUnPublishOperation[21: com.dotcms.enterprise.publishing.staticpublishing.StaticPublisherIntegrationTestHelper$TestCase@6ab0bf12]" classname="com.dotcms.enterprise.publishing.staticpublishing.StaticPublisherIntegrationTest" time="0.202"/>
  <testcase name="createStaticBundleWithUnPublishOperation[22: com.dotcms.enterprise.publishing.staticpublishing.StaticPublisherIntegrationTestHelper$TestCase@4b14239b]" classname="com.dotcms.enterprise.publishing.staticpublishing.StaticPublisherIntegrationTest" time="0.321"/>
  <testcase name="createStaticBundleWithUnPublishOperation[23: com.dotcms.enterprise.publishing.staticpublishing.StaticPublisherIntegrationTestHelper$TestCase@e8a7681]" classname="com.dotcms.enterprise.publishing.staticpublishing.StaticPublisherIntegrationTest" time="0.526"/>
  <testcase name="createStaticBundleWithUnPublishOperation[24: com.dotcms.enterprise.publishing.staticpublishing.StaticPublisherIntegrationTestHelper$TestCase@2687849e]" classname="com.dotcms.enterprise.publishing.staticpublishing.StaticPublisherIntegrationTest" time="0.551"/>
  <testcase name="createStaticBundleWithUnPublishOperation[25: com.dotcms.enterprise.publishing.staticpublishing.StaticPublisherIntegrationTestHelper$TestCase@49a0f773]" classname="com.dotcms.enterprise.publishing.staticpublishing.StaticPublisherIntegrationTest" time="0.843"/>
  <testcase name="createStaticBundleWithUnPublishOperation[26: com.dotcms.enterprise.publishing.staticpublishing.StaticPublisherIntegrationTestHelper$TestCase@23421d27]" classname="com.dotcms.enterprise.publishing.staticpublishing.StaticPublisherIntegrationTest" time="0.014"/>
  <testcase name="createStaticBundleWithUnPublishOperation[27: com.dotcms.enterprise.publishing.staticpublishing.StaticPublisherIntegrationTestHelper$TestCase@7e2159b0]" classname="com.dotcms.enterprise.publishing.staticpublishing.StaticPublisherIntegrationTest" time="0.638"/>
  <testcase name="createStaticBundleWithUnPublishOperation[28: com.dotcms.enterprise.publishing.staticpublishing.StaticPublisherIntegrationTestHelper$TestCase@6418819e]" classname="com.dotcms.enterprise.publishing.staticpublishing.StaticPublisherIntegrationTest" time="0.589"/>
  <testcase name="createStaticBundleWithUnPublishOperation[29: com.dotcms.enterprise.publishing.staticpublishing.StaticPublisherIntegrationTestHelper$TestCase@2acde901]" classname="com.dotcms.enterprise.publishing.staticpublishing.StaticPublisherIntegrationTest" time="0.611"/>
  <testcase name="createStaticBundleWithUnPublishOperation[30: com.dotcms.enterprise.publishing.staticpublishing.StaticPublisherIntegrationTestHelper$TestCase@1955625a]" classname="com.dotcms.enterprise.publishing.staticpublishing.StaticPublisherIntegrationTest" time="0.487"/>
  <testcase name="createStaticBundleWithUnPublishOperation[31: com.dotcms.enterprise.publishing.staticpublishing.StaticPublisherIntegrationTestHelper$TestCase@6dcd5419]" classname="com.dotcms.enterprise.publishing.staticpublishing.StaticPublisherIntegrationTest" time="0.654"/>
  <system-out><![CDATA[































































]]></system-out>
  <system-err><![CDATA[]]></system-err>
</testsuite>
