<?xml version="1.0" encoding="UTF-8"?>
<testsuite name="com.dotmarketing.business.DeterministicIdentifierAPITest" tests="16" skipped="0" failures="0" errors="0" timestamp="2023-07-14T21:36:33" hostname="fv-az551-988" time="0.981">
  <properties/>
  <testcase name="Test_Category_Path_Seed_And_Id" classname="com.dotmarketing.business.DeterministicIdentifierAPITest" time="0.036"/>
  <testcase name="Test_Language_Deterministic_Id[0: LanguageTestCase{expectedSeed='Language:es:US', expectedHash=4913155, langCode='es', countryCode='US', country='United States'}]" classname="com.dotmarketing.business.DeterministicIdentifierAPITest" time="0.001"/>
  <testcase name="Test_Language_Deterministic_Id[1: LanguageTestCase{expectedSeed='Language:ep:', expectedHash=5292269, langCode='ep', countryCode='', country=''}]" classname="com.dotmarketing.business.DeterministicIdentifierAPITest" time="0.001"/>
  <testcase name="Test_Language_Deterministic_Id[2: LanguageTestCase{expectedSeed='Language:sg:SAG', expectedHash=4713118, langCode='sg', countryCode='SAG', country=''}]" classname="com.dotmarketing.business.DeterministicIdentifierAPITest" time="0.002"/>
  <testcase name="Test_Language_Deterministic_Id[3: LanguageTestCase{expectedSeed='Language:en:NZ', expectedHash=5382528, langCode='en', countryCode='NZ', country='New Zealand'}]" classname="com.dotmarketing.business.DeterministicIdentifierAPITest" time="0.001"/>
  <testcase name="Test_Category_None_Persisted_Category_Should_Return_Deterministic_Id" classname="com.dotmarketing.business.DeterministicIdentifierAPITest" time="0.002"/>
  <testcase name="Test_Asset_Generate_Deterministic_Id_Best_Effort[0: TestCase{versionable=my.host1689370169670.com, parent=System Host, expectedName='my.host1689370169670.com', expectedType='Host'}]" classname="com.dotmarketing.business.DeterministicIdentifierAPITest" time="0.005"/>
  <testcase name="Test_Asset_Generate_Deterministic_Id_Best_Effort[1: TestCase{versionable=com.dotmarketing.portlets.contentlet.model.Contentlet@5477645a[map={modDate=2023-07-14 21:29:30.3, fileName=file151826581763948680.txt, title=file151826581763948680.txt, inode=0da3c607-5915-41bd-93da-43b311bb9c91, __IS_NEW_CONTENT__=true, disabledWYSIWYG=[], host=076c891f-9286-4f20-8668-369be1a2da9d, stInode=33888b6f-7a8e-4069-b1b6-5c1aa9d0a48d, owner=system, identifier=710d3f27-385b-48a3-b556-8563f283e810, nullProperties=[wfExpireDate, wfPublishDate, wfActionAssign, wfActionId, wfActionComments, filterKey, whereToSend, wfNeverExpire, _path_to_move, timezoneId, iWantTo, wfPublishTime, wfExpireTime], languageId=1, fileAsset=/home/runner/work/core/custom/assets/0/d/0da3c607-5915-41bd-93da-43b311bb9c91/fileAsset/file151826581763948680.txt, folder=089d2cfd-09d1-475a-85a8-19b925d0252e, __disable_workflow__=true, sortOrder=0, modUser=system},lowIndexPriority=false,variantId=DEFAULT], parent=com.dotmarketing.portlets.folders.model.Folder@4304dbe4[identifier=089d2cfd-09d1-475a-85a8-19b925d0252e,name=testName1689370170292,sortOrder=0,showOnMenu=false,hostId=076c891f-9286-4f20-8668-369be1a2da9d,type=folder,title=testTitle1689370170292,filesMasks=,defaultFileType=33888b6f-7a8e-4069-b1b6-5c1aa9d0a48d,modDate=2023-07-14 21:29:30.295,owner=&lt;null&gt;,iDate=2023-07-14 21:29:30.295,inode=089d2cfd-09d1-475a-85a8-19b925d0252e,path=/testName1689370170292/], expectedName='file151826581763948680.txt', expectedType='FileAsset'}]" classname="com.dotmarketing.business.DeterministicIdentifierAPITest" time="0.004"/>
  <testcase name="Test_Asset_Generate_Deterministic_Id_Best_Effort[2: TestCase{versionable=com.dotmarketing.portlets.templates.model.Template@ba464a00, parent=my.host1689370169670.com, expectedName='testTitle1689370170440', expectedType='Template'}]" classname="com.dotmarketing.business.DeterministicIdentifierAPITest" time="0.002"/>
  <testcase name="Test_Asset_Generate_Deterministic_Id_Best_Effort[3: TestCase{versionable=com.dotmarketing.portlets.htmlpageasset.model.HTMLPageAsset@341e400d[map={template=193f25dc-3d67-4701-8554-5e20fcbad223, owner=system, identifier=714aed8b-a3f3-4bdc-a860-bbce8f572156, nullProperties=[wfExpireDate, wfPublishDate, wfActionAssign, wfActionId, wfActionComments, filterKey, whereToSend, wfNeverExpire, _path_to_move, timezoneId, iWantTo, wfPublishTime, wfExpireTime], modDate=2023-07-14 21:29:30.457, cachettl=0, _is_test_mode=true, languageId=1, title=test-page-title-1689370170452, httpsreq=, url=test-page-url-1689370170452, showOnMenu=, inode=cee9f7bb-51ae-4b5a-9fef-fa9eaf2aa400, folder=089d2cfd-09d1-475a-85a8-19b925d0252e, disabledWYSIWYG=[], sortOrder=1, modUser=system, host=076c891f-9286-4f20-8668-369be1a2da9d, stInode=c541abb1-69b3-4bc5-8430-5e09e5239cc8, friendlyName=test-page-friendly-name-1689370170452},lowIndexPriority=false,variantId=DEFAULT], parent=com.dotmarketing.portlets.folders.model.Folder@4304dbe4[identifier=089d2cfd-09d1-475a-85a8-19b925d0252e,name=testName1689370170292,sortOrder=0,showOnMenu=false,hostId=076c891f-9286-4f20-8668-369be1a2da9d,type=folder,title=testTitle1689370170292,filesMasks=,defaultFileType=33888b6f-7a8e-4069-b1b6-5c1aa9d0a48d,modDate=2023-07-14 21:29:30.295,owner=&lt;null&gt;,iDate=2023-07-14 21:29:30.295,inode=089d2cfd-09d1-475a-85a8-19b925d0252e,path=/testName1689370170292/], expectedName='test-page-url-1689370170452', expectedType='htmlpageasset'}]" classname="com.dotmarketing.business.DeterministicIdentifierAPITest" time="0.003"/>
  <testcase name="Test_Asset_Generate_Deterministic_Id_Best_Effort[4: TestCase{versionable=com.dotmarketing.portlets.contentlet.model.Contentlet@46cf554d[map={fileAsset2=/home/runner/work/core/custom/assets/2/1/217cb35f-9a27-4765-9140-ba67a335ae4b/fileAsset2/test_binary1689370172305.png, modDate=2023-07-14 21:29:32.312, fileAsset1=/home/runner/work/core/custom/assets/2/1/217cb35f-9a27-4765-9140-ba67a335ae4b/fileAsset1/test_binary1689370172304.jpg, title=blah, inode=217cb35f-9a27-4765-9140-ba67a335ae4b, __IS_NEW_CONTENT__=true, disabledWYSIWYG=[], host=48190c8c-42c4-46af-8d1a-0cd5db894797, stInode=b9e7bb77-c1e5-4713-91d7-ecdc9ddbffe8, owner=system, identifier=70620558-1189-4d53-bbf4-229db9e108cb, nullProperties=[], languageId=1, image1=5ab0577e-61c8-424d-b353-d3eca85c90f6, folder=SYSTEM_FOLDER, __disable_workflow__=true, sortOrder=0, modUser=system},lowIndexPriority=false,variantId=DEFAULT], parent=demo.dotcms.com, expectedName='test_binary1689370172304.jpg:test_binary1689370172305.png', expectedType='MultipleBinaries1689370170673'}]" classname="com.dotmarketing.business.DeterministicIdentifierAPITest" time="0.004"/>
  <testcase name="Test_Asset_Generate_Deterministic_Id_Best_Effort[5: TestCase{versionable=name830161bec5 : keyTag830161bec5, parent=my.host1689370169670.com, expectedName='keyTag830161bec5', expectedType='persona'}]" classname="com.dotmarketing.business.DeterministicIdentifierAPITest" time="0.003"/>
  <testcase name="Test_Similar_Content_Type_Wont_Clash" classname="com.dotmarketing.business.DeterministicIdentifierAPITest" time="0.546"/>
  <testcase name="Test_Generate_Folder_Identifier" classname="com.dotmarketing.business.DeterministicIdentifierAPITest" time="0.354"/>
  <testcase name="Test_Generate_Content_Type_Identifier[0: ContentTypeTestCase{contentType=KeyValueContentType{name=Language Variable, id=f4d7c1b8-2c88-4071-abf1-a5328977b07d, description=Default Content Type for Language Variables, defaultType=false, fixed=true, iDate=Thu Aug 31 16:38:49 UTC 2017, system=true, versionable=true, variable=Languagevariable, modDate=Fri Jul 14 20:17:18 UTC 2023, host=SYSTEM_HOST, siteName=systemHost, icon=language, sortOrder=0, folder=SYSTEM_FOLDER, folderPath=/, markedForDeletion=true, multilingualable=false}, expectedName='Languagevariable', expectedType='KeyValue'}]" classname="com.dotmarketing.business.DeterministicIdentifierAPITest" time="0.006"/>
  <testcase name="Test_Generate_Content_Type_Identifier[1: ContentTypeTestCase{contentType=SimpleContentType{name=testName1689370172743, id=6c4ebef5-82f6-4aac-9df2-40f49bf96640, description=testDescription1689370172743, defaultType=false, fixed=false, iDate=Fri Jul 14 21:29:32 UTC 2023, system=false, versionable=true, multilingualable=false, variable=testVarname1689370172743, owner=system, modDate=Fri Jul 14 21:29:34 UTC 2023, host=48190c8c-42c4-46af-8d1a-0cd5db894797, siteName=demo.dotcms.com, icon=event_note, sortOrder=0, folder=SYSTEM_FOLDER, folderPath=/, requiredFields=[], markedForDeletion=false}, expectedName='testVarname1689370172743', expectedType='CONTENT'}]" classname="com.dotmarketing.business.DeterministicIdentifierAPITest" time="0.005"/>
  <system-out><![CDATA[]]></system-out>
  <system-err><![CDATA[]]></system-err>
</testsuite>
