<?xml version="1.0" encoding="UTF-8"?>
<testsuite name="com.dotmarketing.portlets.contentlet.model.ContentletIntegrationTest" tests="15" skipped="0" failures="0" errors="0" timestamp="2023-07-07T17:34:12" hostname="fv-az617-548" time="61.388">
  <properties/>
  <testcase name="testSetRelatedForOneSidedRelationship[0: com.dotmarketing.portlets.contentlet.model.ContentletIntegrationTest$SetRelatedTestCase@58d43392]" classname="com.dotmarketing.portlets.contentlet.model.ContentletIntegrationTest" time="4.551"/>
  <testcase name="testSetRelatedForOneSidedRelationship[1: com.dotmarketing.portlets.contentlet.model.ContentletIntegrationTest$SetRelatedTestCase@5e5b3eb9]" classname="com.dotmarketing.portlets.contentlet.model.ContentletIntegrationTest" time="4.076"/>
  <testcase name="testSetRelatedForOneSidedRelationship[2: com.dotmarketing.portlets.contentlet.model.ContentletIntegrationTest$SetRelatedTestCase@309ef382]" classname="com.dotmarketing.portlets.contentlet.model.ContentletIntegrationTest" time="3.12"/>
  <testcase name="testSetRelatedForOneSidedRelationship[3: com.dotmarketing.portlets.contentlet.model.ContentletIntegrationTest$SetRelatedTestCase@ebcf82e]" classname="com.dotmarketing.portlets.contentlet.model.ContentletIntegrationTest" time="3.024"/>
  <testcase name="testSetRelatedForOneSidedRelationship[4: com.dotmarketing.portlets.contentlet.model.ContentletIntegrationTest$SetRelatedTestCase@778d12c8]" classname="com.dotmarketing.portlets.contentlet.model.ContentletIntegrationTest" time="1.457"/>
  <testcase name="testGetRelatedForOneSidedRelationshipWhenLimitedUserShouldReturnEmptyList" classname="com.dotmarketing.portlets.contentlet.model.ContentletIntegrationTest" time="2.807"/>
  <testcase name="testSetRelatedForSelfRelationship[0: com.dotmarketing.portlets.contentlet.model.ContentletIntegrationTest$SetRelatedTestCase@58d43392]" classname="com.dotmarketing.portlets.contentlet.model.ContentletIntegrationTest" time="9.516"/>
  <testcase name="testSetRelatedForSelfRelationship[1: com.dotmarketing.portlets.contentlet.model.ContentletIntegrationTest$SetRelatedTestCase@5e5b3eb9]" classname="com.dotmarketing.portlets.contentlet.model.ContentletIntegrationTest" time="7.919"/>
  <testcase name="testSetRelatedForSelfRelationship[2: com.dotmarketing.portlets.contentlet.model.ContentletIntegrationTest$SetRelatedTestCase@309ef382]" classname="com.dotmarketing.portlets.contentlet.model.ContentletIntegrationTest" time="9.078"/>
  <testcase name="testSetRelatedForSelfRelationship[3: com.dotmarketing.portlets.contentlet.model.ContentletIntegrationTest$SetRelatedTestCase@ebcf82e]" classname="com.dotmarketing.portlets.contentlet.model.ContentletIntegrationTest" time="9.008"/>
  <testcase name="testSetRelatedForSelfRelationship[4: com.dotmarketing.portlets.contentlet.model.ContentletIntegrationTest$SetRelatedTestCase@778d12c8]" classname="com.dotmarketing.portlets.contentlet.model.ContentletIntegrationTest" time="1.578"/>
  <testcase name="testGetRelatedForOneSidedRelationship" classname="com.dotmarketing.portlets.contentlet.model.ContentletIntegrationTest" time="1.595"/>
  <testcase name="testGetRelatedWhenNoRelatedContentShouldReturnEmptyList" classname="com.dotmarketing.portlets.contentlet.model.ContentletIntegrationTest" time="1.403"/>
  <testcase name="testGetContentTypeAlwaysReturnsTheLatestCachedVersion" classname="com.dotmarketing.portlets.contentlet.model.ContentletIntegrationTest" time="1.139"/>
  <testcase name="testGetRelatedWhenInvalidVarFieldShouldThrowAnException" classname="com.dotmarketing.portlets.contentlet.model.ContentletIntegrationTest" time="1.117"/>
  <system-out><![CDATA[]]></system-out>
  <system-err><![CDATA[]]></system-err>
</testsuite>
