<?xml version="1.0" encoding="UTF-8"?>
<testsuite name="com.dotcms.publishing.manifest.ManifestReaderFactoryTest" tests="1" skipped="0" failures="0" errors="0" timestamp="2023-06-29T06:48:43" hostname="fv-az590-241" time="0.159">
  <properties/>
  <testcase name="createCSVManifestReader" classname="com.dotcms.publishing.manifest.ManifestReaderFactoryTest" time="0.159"/>
  <system-out><![CDATA[
]]></system-out>
  <system-err><![CDATA[]]></system-err>
</testsuite>
