<?xml version="1.0" encoding="UTF-8"?>
<testsuite name="com.dotcms.rest.elasticsearch.ESContentResourcePortletTest" tests="8" skipped="0" failures="0" errors="0" timestamp="2023-07-13T23:17:45" hostname="fv-az298-223" time="9.261">
  <properties/>
  <testcase name="test_search_includeGrandChildCategory_success" classname="com.dotcms.rest.elasticsearch.ESContentResourcePortletTest" time="1.395"/>
  <testcase name="testSearch[0: com.dotcms.rest.elasticsearch.ESContentResourcePortletTest$TestCase@6dfd7e56]" classname="com.dotcms.rest.elasticsearch.ESContentResourcePortletTest" time="0.983"/>
  <testcase name="testSearch[1: com.dotcms.rest.elasticsearch.ESContentResourcePortletTest$TestCase@3f844ce3]" classname="com.dotcms.rest.elasticsearch.ESContentResourcePortletTest" time="1.298"/>
  <testcase name="testSearch[2: com.dotcms.rest.elasticsearch.ESContentResourcePortletTest$TestCase@7eed7a82]" classname="com.dotcms.rest.elasticsearch.ESContentResourcePortletTest" time="0.992"/>
  <testcase name="testSearch[3: com.dotcms.rest.elasticsearch.ESContentResourcePortletTest$TestCase@9440a4e]" classname="com.dotcms.rest.elasticsearch.ESContentResourcePortletTest" time="1.286"/>
  <testcase name="testSearch[4: com.dotcms.rest.elasticsearch.ESContentResourcePortletTest$TestCase@f4ddafe]" classname="com.dotcms.rest.elasticsearch.ESContentResourcePortletTest" time="1.314"/>
  <testcase name="testSearch[5: com.dotcms.rest.elasticsearch.ESContentResourcePortletTest$TestCase@12b37ca0]" classname="com.dotcms.rest.elasticsearch.ESContentResourcePortletTest" time="0.987"/>
  <testcase name="testSearch[6: com.dotcms.rest.elasticsearch.ESContentResourcePortletTest$TestCase@71f3d1e]" classname="com.dotcms.rest.elasticsearch.ESContentResourcePortletTest" time="1.006"/>
  <system-out><![CDATA[]]></system-out>
  <system-err><![CDATA[]]></system-err>
</testsuite>
