<?xml version="1.0" encoding="UTF-8"?>
<testsuite name="com.dotcms.contenttype.test.ContentResourceTest" tests="52" skipped="0" failures="0" errors="0" timestamp="2023-06-28T16:42:44" hostname="fv-az612-299" time="129.131">
  <properties/>
  <testcase name="testGetContentShouldReturnIconDetails" classname="com.dotcms.contenttype.test.ContentResourceTest" time="1.477"/>
  <testcase name="Test_Save_Action_Set_Words_To_Required_NumericField_Issue_15340" classname="com.dotcms.contenttype.test.ContentResourceTest" time="0.884"/>
  <testcase name="test_getContent_includeGrandChildCategory_success" classname="com.dotcms.contenttype.test.ContentResourceTest" time="1.263"/>
  <testcase name="testGetContentWithRelatedParameter[0: com.dotcms.contenttype.test.ContentResourceTest$PullRelatedTestCase@54a8a355]" classname="com.dotcms.contenttype.test.ContentResourceTest" time="3.56"/>
  <testcase name="testGetContentWithRelatedParameter[1: com.dotcms.contenttype.test.ContentResourceTest$PullRelatedTestCase@4070065]" classname="com.dotcms.contenttype.test.ContentResourceTest" time="3.374"/>
  <testcase name="testGetContentWithRelatedParameter[2: com.dotcms.contenttype.test.ContentResourceTest$PullRelatedTestCase@5282a240]" classname="com.dotcms.contenttype.test.ContentResourceTest" time="3.516"/>
  <testcase name="testGetContentWithRelatedParameter[3: com.dotcms.contenttype.test.ContentResourceTest$PullRelatedTestCase@29f962d2]" classname="com.dotcms.contenttype.test.ContentResourceTest" time="3.379"/>
  <testcase name="testGetContentWithRelatedParameter[4: com.dotcms.contenttype.test.ContentResourceTest$PullRelatedTestCase@385aceb3]" classname="com.dotcms.contenttype.test.ContentResourceTest" time="3.307"/>
  <testcase name="test_getContent_SelfRelatedWith3LevelsOfDepth_shouldReturnRelationships" classname="com.dotcms.contenttype.test.ContentResourceTest" time="1.283"/>
  <testcase name="Test_Save_Action_Send_Fields_SubSet_Issue_15340" classname="com.dotcms.contenttype.test.ContentResourceTest" time="2.827"/>
  <testcase name="test_getContent_shouldReturnRelationships[0: com.dotcms.contenttype.test.ContentResourceTest$TestCase@4e2f5f5]" classname="com.dotcms.contenttype.test.ContentResourceTest" time="2.645"/>
  <testcase name="test_getContent_shouldReturnRelationships[1: com.dotcms.contenttype.test.ContentResourceTest$TestCase@4335c78b]" classname="com.dotcms.contenttype.test.ContentResourceTest" time="2.637"/>
  <testcase name="test_getContent_shouldReturnRelationships[2: com.dotcms.contenttype.test.ContentResourceTest$TestCase@21b8d2cd]" classname="com.dotcms.contenttype.test.ContentResourceTest" time="2.587"/>
  <testcase name="test_getContent_shouldReturnRelationships[3: com.dotcms.contenttype.test.ContentResourceTest$TestCase@4ff9af1f]" classname="com.dotcms.contenttype.test.ContentResourceTest" time="2.689"/>
  <testcase name="test_getContent_shouldReturnRelationships[4: com.dotcms.contenttype.test.ContentResourceTest$TestCase@5ca7b648]" classname="com.dotcms.contenttype.test.ContentResourceTest" time="2.698"/>
  <testcase name="test_getContent_shouldReturnRelationships[5: com.dotcms.contenttype.test.ContentResourceTest$TestCase@31432bc8]" classname="com.dotcms.contenttype.test.ContentResourceTest" time="2.615"/>
  <testcase name="test_getContent_shouldReturnRelationships[6: com.dotcms.contenttype.test.ContentResourceTest$TestCase@568aa997]" classname="com.dotcms.contenttype.test.ContentResourceTest" time="2.554"/>
  <testcase name="test_getContent_shouldReturnRelationships[7: com.dotcms.contenttype.test.ContentResourceTest$TestCase@5489750e]" classname="com.dotcms.contenttype.test.ContentResourceTest" time="2.67"/>
  <testcase name="test_getContent_shouldReturnRelationships[8: com.dotcms.contenttype.test.ContentResourceTest$TestCase@35fd8c21]" classname="com.dotcms.contenttype.test.ContentResourceTest" time="2.519"/>
  <testcase name="test_getContent_shouldReturnRelationships[9: com.dotcms.contenttype.test.ContentResourceTest$TestCase@1d48ec3d]" classname="com.dotcms.contenttype.test.ContentResourceTest" time="2.844"/>
  <testcase name="test_getContent_shouldReturnRelationships[10: com.dotcms.contenttype.test.ContentResourceTest$TestCase@1e8d3812]" classname="com.dotcms.contenttype.test.ContentResourceTest" time="2.504"/>
  <testcase name="test_getContent_shouldReturnRelationships[11: com.dotcms.contenttype.test.ContentResourceTest$TestCase@1331fc8]" classname="com.dotcms.contenttype.test.ContentResourceTest" time="1.419"/>
  <testcase name="test_getContent_shouldReturnRelationships[12: com.dotcms.contenttype.test.ContentResourceTest$TestCase@58f6174b]" classname="com.dotcms.contenttype.test.ContentResourceTest" time="1.586"/>
  <testcase name="test_getContent_shouldReturnRelationships[13: com.dotcms.contenttype.test.ContentResourceTest$TestCase@285216c]" classname="com.dotcms.contenttype.test.ContentResourceTest" time="2.627"/>
  <testcase name="test_getContent_shouldReturnRelationships[14: com.dotcms.contenttype.test.ContentResourceTest$TestCase@75bfd486]" classname="com.dotcms.contenttype.test.ContentResourceTest" time="2.574"/>
  <testcase name="test_getContent_shouldReturnRelationships[15: com.dotcms.contenttype.test.ContentResourceTest$TestCase@6c6b58a6]" classname="com.dotcms.contenttype.test.ContentResourceTest" time="3.68"/>
  <testcase name="test_getContent_shouldReturnRelationships[16: com.dotcms.contenttype.test.ContentResourceTest$TestCase@44f462f]" classname="com.dotcms.contenttype.test.ContentResourceTest" time="3.712"/>
  <testcase name="test_getContent_shouldReturnRelationships[17: com.dotcms.contenttype.test.ContentResourceTest$TestCase@2f6a998b]" classname="com.dotcms.contenttype.test.ContentResourceTest" time="2.838"/>
  <testcase name="test_getContent_shouldReturnRelationships[18: com.dotcms.contenttype.test.ContentResourceTest$TestCase@247a6304]" classname="com.dotcms.contenttype.test.ContentResourceTest" time="2.887"/>
  <testcase name="test_getContent_shouldReturnRelationships[19: com.dotcms.contenttype.test.ContentResourceTest$TestCase@1262a145]" classname="com.dotcms.contenttype.test.ContentResourceTest" time="2.766"/>
  <testcase name="test_getContent_shouldReturnRelationships[20: com.dotcms.contenttype.test.ContentResourceTest$TestCase@6ce2f318]" classname="com.dotcms.contenttype.test.ContentResourceTest" time="2.045"/>
  <testcase name="test_getContent_shouldReturnRelationships[21: com.dotcms.contenttype.test.ContentResourceTest$TestCase@173f99ce]" classname="com.dotcms.contenttype.test.ContentResourceTest" time="2.784"/>
  <testcase name="test_getContent_shouldReturnRelationships[22: com.dotcms.contenttype.test.ContentResourceTest$TestCase@60aaba6e]" classname="com.dotcms.contenttype.test.ContentResourceTest" time="2.602"/>
  <testcase name="test_getContent_shouldReturnRelationships[23: com.dotcms.contenttype.test.ContentResourceTest$TestCase@674547b7]" classname="com.dotcms.contenttype.test.ContentResourceTest" time="1.798"/>
  <testcase name="test_getContent_shouldReturnRelationships[24: com.dotcms.contenttype.test.ContentResourceTest$TestCase@1c440274]" classname="com.dotcms.contenttype.test.ContentResourceTest" time="2.711"/>
  <testcase name="test_getContent_shouldReturnRelationships[25: com.dotcms.contenttype.test.ContentResourceTest$TestCase@775e19db]" classname="com.dotcms.contenttype.test.ContentResourceTest" time="2.8"/>
  <testcase name="test_getContent_shouldReturnRelationships[26: com.dotcms.contenttype.test.ContentResourceTest$TestCase@4292b494]" classname="com.dotcms.contenttype.test.ContentResourceTest" time="1.764"/>
  <testcase name="test_getContent_shouldReturnRelationships[27: com.dotcms.contenttype.test.ContentResourceTest$TestCase@fa73b8e]" classname="com.dotcms.contenttype.test.ContentResourceTest" time="2.698"/>
  <testcase name="test_getContent_shouldReturnRelationships[28: com.dotcms.contenttype.test.ContentResourceTest$TestCase@33cccfac]" classname="com.dotcms.contenttype.test.ContentResourceTest" time="2.544"/>
  <testcase name="test_getContent_shouldReturnRelationships[29: com.dotcms.contenttype.test.ContentResourceTest$TestCase@345b98cf]" classname="com.dotcms.contenttype.test.ContentResourceTest" time="2.631"/>
  <testcase name="test_getContent_shouldReturnRelationships[30: com.dotcms.contenttype.test.ContentResourceTest$TestCase@63babcc4]" classname="com.dotcms.contenttype.test.ContentResourceTest" time="2.604"/>
  <testcase name="test_getContent_shouldReturnRelationships[31: com.dotcms.contenttype.test.ContentResourceTest$TestCase@55f79076]" classname="com.dotcms.contenttype.test.ContentResourceTest" time="2.689"/>
  <testcase name="test_getContent_shouldReturnRelationships[32: com.dotcms.contenttype.test.ContentResourceTest$TestCase@1394cb]" classname="com.dotcms.contenttype.test.ContentResourceTest" time="3.634"/>
  <testcase name="test_getContent_shouldReturnRelationships[33: com.dotcms.contenttype.test.ContentResourceTest$TestCase@6866f9e6]" classname="com.dotcms.contenttype.test.ContentResourceTest" time="3.583"/>
  <testcase name="testSinglePOST_InvalidParamsShouldReturn400[0: ({\n    &quot;stInode&quot; : &quot;InvalidValue&quot;,\n    &quot;numeric&quot; : &quot;0&quot;,\n    &quot;image&quot; : &quot;whatever&quot;\n}, Bad Request)]" classname="com.dotcms.contenttype.test.ContentResourceTest" time="0.883"/>
  <testcase name="testSinglePOST_InvalidParamsShouldReturn400[1: ({\n    &quot;numeric&quot; : &quot;0&quot;,\n    &quot;image&quot; : &quot;whatever&quot;\n}, Bad Request)]" classname="com.dotcms.contenttype.test.ContentResourceTest" time="0.852"/>
  <testcase name="Test_Save_Action_Set_Null_To_Required_NumericField_Issue_15340" classname="com.dotcms.contenttype.test.ContentResourceTest" time="0.872"/>
  <testcase name="Test_Save_Action_Remove_Image_Then_Verify_Fields_Were_Cleared_Issue_15340" classname="com.dotcms.contenttype.test.ContentResourceTest" time="3.745"/>
  <testcase name="test_getContentWithMultipleSelfRelated_shouldReturnRelationships[0: com.dotcms.contenttype.test.ContentResourceTest$PullSelfRelatedTestCase@37116b25]" classname="com.dotcms.contenttype.test.ContentResourceTest" time="1.509"/>
  <testcase name="test_getContentWithMultipleSelfRelated_shouldReturnRelationships[1: com.dotcms.contenttype.test.ContentResourceTest$PullSelfRelatedTestCase@2bb814c0]" classname="com.dotcms.contenttype.test.ContentResourceTest" time="1.642"/>
  <testcase name="testGetContentWithAllCategoriesInfo[0: json]" classname="com.dotcms.contenttype.test.ContentResourceTest" time="2.424"/>
  <testcase name="testGetContentWithAllCategoriesInfo[1: xml]" classname="com.dotcms.contenttype.test.ContentResourceTest" time="2.391"/>
  <system-out><![CDATA[











]]></system-out>
  <system-err><![CDATA[]]></system-err>
</testsuite>
