<?xml version="1.0" encoding="UTF-8"?>
<testsuite name="com.dotcms.publishing.manifest.CSVManifestReaderTest" tests="34" skipped="0" failures="0" errors="0" timestamp="2023-06-30T00:40:29" hostname="fv-az986-883" time="0.127">
  <properties/>
  <testcase name="exclude[0: com.dotcms.publishing.manifest.CSVManifestReaderTest$TestCase@81c52e8]" classname="com.dotcms.publishing.manifest.CSVManifestReaderTest" time="0.009"/>
  <testcase name="exclude[1: com.dotcms.publishing.manifest.CSVManifestReaderTest$TestCase@127c0161]" classname="com.dotcms.publishing.manifest.CSVManifestReaderTest" time="0.002"/>
  <testcase name="exclude[2: com.dotcms.publishing.manifest.CSVManifestReaderTest$TestCase@251c76a6]" classname="com.dotcms.publishing.manifest.CSVManifestReaderTest" time="0.002"/>
  <testcase name="exclude[3: com.dotcms.publishing.manifest.CSVManifestReaderTest$TestCase@4c1eebb6]" classname="com.dotcms.publishing.manifest.CSVManifestReaderTest" time="0.003"/>
  <testcase name="exclude[4: com.dotcms.publishing.manifest.CSVManifestReaderTest$TestCase@267f7bcf]" classname="com.dotcms.publishing.manifest.CSVManifestReaderTest" time="0.003"/>
  <testcase name="exclude[5: com.dotcms.publishing.manifest.CSVManifestReaderTest$TestCase@54fa1168]" classname="com.dotcms.publishing.manifest.CSVManifestReaderTest" time="0.004"/>
  <testcase name="exclude[6: com.dotcms.publishing.manifest.CSVManifestReaderTest$TestCase@1215f417]" classname="com.dotcms.publishing.manifest.CSVManifestReaderTest" time="0.003"/>
  <testcase name="exclude[7: com.dotcms.publishing.manifest.CSVManifestReaderTest$TestCase@29edeeb8]" classname="com.dotcms.publishing.manifest.CSVManifestReaderTest" time="0.002"/>
  <testcase name="exclude[8: com.dotcms.publishing.manifest.CSVManifestReaderTest$TestCase@74115949]" classname="com.dotcms.publishing.manifest.CSVManifestReaderTest" time="0.003"/>
  <testcase name="exclude[9: com.dotcms.publishing.manifest.CSVManifestReaderTest$TestCase@70e467f2]" classname="com.dotcms.publishing.manifest.CSVManifestReaderTest" time="0.002"/>
  <testcase name="exclude[10: com.dotcms.publishing.manifest.CSVManifestReaderTest$TestCase@4dec90b5]" classname="com.dotcms.publishing.manifest.CSVManifestReaderTest" time="0.003"/>
  <testcase name="exclude[11: com.dotcms.publishing.manifest.CSVManifestReaderTest$TestCase@bb23f9e]" classname="com.dotcms.publishing.manifest.CSVManifestReaderTest" time="0.002"/>
  <testcase name="exclude[12: com.dotcms.publishing.manifest.CSVManifestReaderTest$TestCase@7517f4b0]" classname="com.dotcms.publishing.manifest.CSVManifestReaderTest" time="0.002"/>
  <testcase name="exclude[13: com.dotcms.publishing.manifest.CSVManifestReaderTest$TestCase@269fd617]" classname="com.dotcms.publishing.manifest.CSVManifestReaderTest" time="0.003"/>
  <testcase name="exclude[14: com.dotcms.publishing.manifest.CSVManifestReaderTest$TestCase@f5f8349]" classname="com.dotcms.publishing.manifest.CSVManifestReaderTest" time="0.002"/>
  <testcase name="createCSVManifestReaderWithInputStream" classname="com.dotcms.publishing.manifest.CSVManifestReaderTest" time="0.024"/>
  <testcase name="emptyManifestFile" classname="com.dotcms.publishing.manifest.CSVManifestReaderTest" time="0.001"/>
  <testcase name="getAssets" classname="com.dotcms.publishing.manifest.CSVManifestReaderTest" time="0.022"/>
  <testcase name="getMetadata" classname="com.dotcms.publishing.manifest.CSVManifestReaderTest" time="0.002"/>
  <testcase name="include[0: com.dotcms.publishing.manifest.CSVManifestReaderTest$TestCase@81c52e8]" classname="com.dotcms.publishing.manifest.CSVManifestReaderTest" time="0.001"/>
  <testcase name="include[1: com.dotcms.publishing.manifest.CSVManifestReaderTest$TestCase@127c0161]" classname="com.dotcms.publishing.manifest.CSVManifestReaderTest" time="0.001"/>
  <testcase name="include[2: com.dotcms.publishing.manifest.CSVManifestReaderTest$TestCase@251c76a6]" classname="com.dotcms.publishing.manifest.CSVManifestReaderTest" time="0.001"/>
  <testcase name="include[3: com.dotcms.publishing.manifest.CSVManifestReaderTest$TestCase@4c1eebb6]" classname="com.dotcms.publishing.manifest.CSVManifestReaderTest" time="0.001"/>
  <testcase name="include[4: com.dotcms.publishing.manifest.CSVManifestReaderTest$TestCase@267f7bcf]" classname="com.dotcms.publishing.manifest.CSVManifestReaderTest" time="0.001"/>
  <testcase name="include[5: com.dotcms.publishing.manifest.CSVManifestReaderTest$TestCase@54fa1168]" classname="com.dotcms.publishing.manifest.CSVManifestReaderTest" time="0.002"/>
  <testcase name="include[6: com.dotcms.publishing.manifest.CSVManifestReaderTest$TestCase@1215f417]" classname="com.dotcms.publishing.manifest.CSVManifestReaderTest" time="0.001"/>
  <testcase name="include[7: com.dotcms.publishing.manifest.CSVManifestReaderTest$TestCase@29edeeb8]" classname="com.dotcms.publishing.manifest.CSVManifestReaderTest" time="0.001"/>
  <testcase name="include[8: com.dotcms.publishing.manifest.CSVManifestReaderTest$TestCase@74115949]" classname="com.dotcms.publishing.manifest.CSVManifestReaderTest" time="0.001"/>
  <testcase name="include[9: com.dotcms.publishing.manifest.CSVManifestReaderTest$TestCase@70e467f2]" classname="com.dotcms.publishing.manifest.CSVManifestReaderTest" time="0.001"/>
  <testcase name="include[10: com.dotcms.publishing.manifest.CSVManifestReaderTest$TestCase@4dec90b5]" classname="com.dotcms.publishing.manifest.CSVManifestReaderTest" time="0.002"/>
  <testcase name="include[11: com.dotcms.publishing.manifest.CSVManifestReaderTest$TestCase@bb23f9e]" classname="com.dotcms.publishing.manifest.CSVManifestReaderTest" time="0.001"/>
  <testcase name="include[12: com.dotcms.publishing.manifest.CSVManifestReaderTest$TestCase@7517f4b0]" classname="com.dotcms.publishing.manifest.CSVManifestReaderTest" time="0.001"/>
  <testcase name="include[13: com.dotcms.publishing.manifest.CSVManifestReaderTest$TestCase@269fd617]" classname="com.dotcms.publishing.manifest.CSVManifestReaderTest" time="0.002"/>
  <testcase name="include[14: com.dotcms.publishing.manifest.CSVManifestReaderTest$TestCase@f5f8349]" classname="com.dotcms.publishing.manifest.CSVManifestReaderTest" time="0.001"/>
  <system-out><![CDATA[]]></system-out>
  <system-err><![CDATA[]]></system-err>
</testsuite>
