<?xml version="1.0" encoding="UTF-8"?>
<testsuite xmlns:xsi="http://www.w3.org/2001/XMLSchema-instance" xsi:noNamespaceSchemaLocation="https://maven.apache.org/surefire/maven-failsafe-plugin/xsd/failsafe-test-report-3.0.xsd" version="3.0" name="com.dotcms.api.ContentTypeAPIIntegrationTest" time="24.708" tests="12" errors="0" skipped="0" failures="0">
  <properties>
    <property name="awt.toolkit" value="sun.awt.X11.XToolkit"/>
    <property name="java.specification.version" value="11"/>
    <property name="sun.cpu.isalist" value=""/>
    <property name="test.url" value="http://localhost:8081"/>
    <property name="sun.jnu.encoding" value="UTF-8"/>
    <property name="native.image.path" value="/home/runner/work/core/core/tools/dotcms-cli/api-data-model/target/api-data-model-1.0.0-SNAPSHOT-runner"/>
    <property name="java.class.path" value="/home/runner/work/core/core/tools/dotcms-cli/api-data-model/target/test-classes:/home/runner/work/core/core/tools/dotcms-cli/api-data-model/target/api-data-model-1.0.0-SNAPSHOT.jar:/home/runner/.m2/repository/io/quarkus/quarkus-arc/2.9.1.Final/quarkus-arc-2.9.1.Final.jar:/home/runner/.m2/repository/io/quarkus/arc/arc/2.9.1.Final/arc-2.9.1.Final.jar:/home/runner/.m2/repository/jakarta/enterprise/jakarta.enterprise.cdi-api/2.0.2/jakarta.enterprise.cdi-api-2.0.2.jar:/home/runner/.m2/repository/jakarta/el/jakarta.el-api/3.0.3/jakarta.el-api-3.0.3.jar:/home/runner/.m2/repository/jakarta/annotation/jakarta.annotation-api/1.3.5/jakarta.annotation-api-1.3.5.jar:/home/runner/.m2/repository/jakarta/transaction/jakarta.transaction-api/1.3.3/jakarta.transaction-api-1.3.3.jar:/home/runner/.m2/repository/org/jboss/logging/jboss-logging/3.4.3.Final/jboss-logging-3.4.3.Final.jar:/home/runner/.m2/repository/io/quarkus/quarkus-core/2.9.1.Final/quarkus-core-2.9.1.Final.jar:/home/runner/.m2/repository/jakarta/inject/jakarta.inject-api/1.0/jakarta.inject-api-1.0.jar:/home/runner/.m2/repository/io/quarkus/quarkus-ide-launcher/2.9.1.Final/quarkus-ide-launcher-2.9.1.Final.jar:/home/runner/.m2/repository/io/quarkus/quarkus-development-mode-spi/2.9.1.Final/quarkus-development-mode-spi-2.9.1.Final.jar:/home/runner/.m2/repository/io/smallrye/config/smallrye-config/2.10.0/smallrye-config-2.10.0.jar:/home/runner/.m2/repository/io/smallrye/config/smallrye-config-core/2.10.0/smallrye-config-core-2.10.0.jar:/home/runner/.m2/repository/io/smallrye/common/smallrye-common-expression/1.11.0/smallrye-common-expression-1.11.0.jar:/home/runner/.m2/repository/io/smallrye/common/smallrye-common-function/1.11.0/smallrye-common-function-1.11.0.jar:/home/runner/.m2/repository/io/smallrye/common/smallrye-common-classloader/1.11.0/smallrye-common-classloader-1.11.0.jar:/home/runner/.m2/repository/io/smallrye/config/smallrye-config-common/2.10.0/smallrye-config-common-2.10.0.jar:/home/runner/.m2/repository/org/jboss/logmanager/jboss-logmanager-embedded/1.0.9/jboss-logmanager-embedded-1.0.9.jar:/home/runner/.m2/repository/org/jboss/logging/jboss-logging-annotations/2.2.1.Final/jboss-logging-annotations-2.2.1.Final.jar:/home/runner/.m2/repository/org/jboss/threads/jboss-threads/3.4.2.Final/jboss-threads-3.4.2.Final.jar:/home/runner/.m2/repository/org/jboss/slf4j/slf4j-jboss-logmanager/1.1.0.Final/slf4j-jboss-logmanager-1.1.0.Final.jar:/home/runner/.m2/repository/org/graalvm/sdk/graal-sdk/22.0.0.2/graal-sdk-22.0.0.2.jar:/home/runner/.m2/repository/org/wildfly/common/wildfly-common/1.5.4.Final-format-001/wildfly-common-1.5.4.Final-format-001.jar:/home/runner/.m2/repository/io/quarkus/quarkus-bootstrap-runner/2.9.1.Final/quarkus-bootstrap-runner-2.9.1.Final.jar:/home/runner/.m2/repository/io/quarkus/quarkus-fs-util/0.0.9/quarkus-fs-util-0.0.9.jar:/home/runner/.m2/repository/org/eclipse/microprofile/context-propagation/microprofile-context-propagation-api/1.2/microprofile-context-propagation-api-1.2.jar:/home/runner/.m2/repository/io/quarkus/quarkus-junit5/2.9.1.Final/quarkus-junit5-2.9.1.Final.jar:/home/runner/.m2/repository/io/quarkus/quarkus-bootstrap-core/2.9.1.Final/quarkus-bootstrap-core-2.9.1.Final.jar:/home/runner/.m2/repository/io/quarkus/quarkus-bootstrap-app-model/2.9.1.Final/quarkus-bootstrap-app-model-2.9.1.Final.jar:/home/runner/.m2/repository/io/quarkus/quarkus-bootstrap-gradle-resolver/2.9.1.Final/quarkus-bootstrap-gradle-resolver-2.9.1.Final.jar:/home/runner/.m2/repository/io/smallrye/common/smallrye-common-io/1.11.0/smallrye-common-io-1.11.0.jar:/home/runner/.m2/repository/org/eclipse/sisu/org.eclipse.sisu.inject/0.3.5/org.eclipse.sisu.inject-0.3.5.jar:/home/runner/.m2/repository/io/quarkus/quarkus-test-common/2.9.1.Final/quarkus-test-common-2.9.1.Final.jar:/home/runner/.m2/repository/io/quarkus/quarkus-core-deployment/2.9.1.Final/quarkus-core-deployment-2.9.1.Final.jar:/home/runner/.m2/repository/org/aesh/readline/2.2/readline-2.2.jar:/home/runner/.m2/repository/org/fusesource/jansi/jansi/1.18/jansi-1.18.jar:/home/runner/.m2/repository/org/aesh/aesh/2.6/aesh-2.6.jar:/home/runner/.m2/repository/io/quarkus/gizmo/gizmo/1.0.10.Final/gizmo-1.0.10.Final.jar:/home/runner/.m2/repository/org/ow2/asm/asm-util/9.2/asm-util-9.2.jar:/home/runner/.m2/repository/org/ow2/asm/asm/9.3/asm-9.3.jar:/home/runner/.m2/repository/org/ow2/asm/asm-commons/9.3/asm-commons-9.3.jar:/home/runner/.m2/repository/org/ow2/asm/asm-tree/9.3/asm-tree-9.3.jar:/home/runner/.m2/repository/org/ow2/asm/asm-analysis/9.3/asm-analysis-9.3.jar:/home/runner/.m2/repository/io/quarkus/quarkus-class-change-agent/2.9.1.Final/quarkus-class-change-agent-2.9.1.Final.jar:/home/runner/.m2/repository/io/quarkus/quarkus-devtools-utilities/2.9.1.Final/quarkus-devtools-utilities-2.9.1.Final.jar:/home/runner/.m2/repository/io/quarkus/quarkus-builder/2.9.1.Final/quarkus-builder-2.9.1.Final.jar:/home/runner/.m2/repository/org/junit/platform/junit-platform-launcher/1.8.2/junit-platform-launcher-1.8.2.jar:/home/runner/.m2/repository/org/jboss/jandex/2.4.2.Final/jandex-2.4.2.Final.jar:/home/runner/.m2/repository/io/quarkus/quarkus-junit5-properties/2.9.1.Final/quarkus-junit5-properties-2.9.1.Final.jar:/home/runner/.m2/repository/com/thoughtworks/xstream/xstream/1.4.19/xstream-1.4.19.jar:/home/runner/.m2/repository/io/github/x-stream/mxparser/1.2.2/mxparser-1.2.2.jar:/home/runner/.m2/repository/xmlpull/xmlpull/1.1.3.1/xmlpull-1.1.3.1.jar:/home/runner/.m2/repository/org/immutables/value/2.8.2/value-2.8.2.jar:/home/runner/.m2/repository/io/quarkus/quarkus-resteasy-reactive-jackson/2.9.1.Final/quarkus-resteasy-reactive-jackson-2.9.1.Final.jar:/home/runner/.m2/repository/io/quarkus/quarkus-resteasy-reactive/2.9.1.Final/quarkus-resteasy-reactive-2.9.1.Final.jar:/home/runner/.m2/repository/io/quarkus/quarkus-resteasy-reactive-common/2.9.1.Final/quarkus-resteasy-reactive-common-2.9.1.Final.jar:/home/runner/.m2/repository/io/quarkus/resteasy/reactive/resteasy-reactive-common/2.9.1.Final/resteasy-reactive-common-2.9.1.Final.jar:/home/runner/.m2/repository/io/quarkus/resteasy/reactive/resteasy-reactive-vertx/2.9.1.Final/resteasy-reactive-vertx-2.9.1.Final.jar:/home/runner/.m2/repository/io/smallrye/reactive/smallrye-mutiny-vertx-core/2.21.0/smallrye-mutiny-vertx-core-2.21.0.jar:/home/runner/.m2/repository/io/smallrye/reactive/smallrye-mutiny-vertx-runtime/2.21.0/smallrye-mutiny-vertx-runtime-2.21.0.jar:/home/runner/.m2/repository/io/smallrye/reactive/vertx-mutiny-generator/2.21.0/vertx-mutiny-generator-2.21.0.jar:/home/runner/.m2/repository/io/vertx/vertx-codegen/4.2.7/vertx-codegen-4.2.7.jar:/home/runner/.m2/repository/io/quarkus/resteasy/reactive/resteasy-reactive/2.9.1.Final/resteasy-reactive-2.9.1.Final.jar:/home/runner/.m2/repository/org/jboss/spec/javax/ws/rs/jboss-jaxrs-api_2.1_spec/2.0.1.Final/jboss-jaxrs-api_2.1_spec-2.0.1.Final.jar:/home/runner/.m2/repository/io/quarkus/quarkus-jsonp/2.9.1.Final/quarkus-jsonp-2.9.1.Final.jar:/home/runner/.m2/repository/org/glassfish/jakarta.json/1.1.6/jakarta.json-1.1.6.jar:/home/runner/.m2/repository/io/quarkus/quarkus-resteasy-reactive-jackson-common/2.9.1.Final/quarkus-resteasy-reactive-jackson-common-2.9.1.Final.jar:/home/runner/.m2/repository/io/quarkus/resteasy/reactive/resteasy-reactive-jackson/2.9.1.Final/resteasy-reactive-jackson-2.9.1.Final.jar:/home/runner/.m2/repository/com/google/code/findbugs/jsr305/3.0.2/jsr305-3.0.2.jar:/home/runner/.m2/repository/io/rest-assured/rest-assured/4.5.1/rest-assured-4.5.1.jar:/home/runner/.m2/repository/org/codehaus/groovy/groovy/3.0.9/groovy-3.0.9.jar:/home/runner/.m2/repository/org/codehaus/groovy/groovy-xml/3.0.9/groovy-xml-3.0.9.jar:/home/runner/.m2/repository/org/apache/httpcomponents/httpclient/4.5.13/httpclient-4.5.13.jar:/home/runner/.m2/repository/org/apache/httpcomponents/httpcore/4.4.15/httpcore-4.4.15.jar:/home/runner/.m2/repository/commons-codec/commons-codec/1.15/commons-codec-1.15.jar:/home/runner/.m2/repository/org/apache/httpcomponents/httpmime/4.5.13/httpmime-4.5.13.jar:/home/runner/.m2/repository/org/hamcrest/hamcrest/2.1/hamcrest-2.1.jar:/home/runner/.m2/repository/org/ccil/cowan/tagsoup/tagsoup/1.2.1/tagsoup-1.2.1.jar:/home/runner/.m2/repository/io/rest-assured/json-path/4.5.1/json-path-4.5.1.jar:/home/runner/.m2/repository/org/codehaus/groovy/groovy-json/3.0.9/groovy-json-3.0.9.jar:/home/runner/.m2/repository/io/rest-assured/rest-assured-common/4.5.1/rest-assured-common-4.5.1.jar:/home/runner/.m2/repository/io/rest-assured/xml-path/4.5.1/xml-path-4.5.1.jar:/home/runner/.m2/repository/org/apache/commons/commons-lang3/3.12.0/commons-lang3-3.12.0.jar:/home/runner/.m2/repository/com/github/jonpeterson/jackson-module-model-versioning/1.2.2/jackson-module-model-versioning-1.2.2.jar:/home/runner/.m2/repository/com/fasterxml/jackson/core/jackson-databind/2.13.2.2/jackson-databind-2.13.2.2.jar:/home/runner/.m2/repository/com/fasterxml/jackson/core/jackson-annotations/2.13.2/jackson-annotations-2.13.2.jar:/home/runner/.m2/repository/com/fasterxml/jackson/datatype/jackson-datatype-guava/2.13.3/jackson-datatype-guava-2.13.3.jar:/home/runner/.m2/repository/com/google/guava/guava/31.1-jre/guava-31.1-jre.jar:/home/runner/.m2/repository/com/google/guava/failureaccess/1.0.1/failureaccess-1.0.1.jar:/home/runner/.m2/repository/org/checkerframework/checker-qual/3.21.4/checker-qual-3.21.4.jar:/home/runner/.m2/repository/com/google/errorprone/error_prone_annotations/2.13.1/error_prone_annotations-2.13.1.jar:/home/runner/.m2/repository/com/google/j2objc/j2objc-annotations/1.3/j2objc-annotations-1.3.jar:/home/runner/.m2/repository/com/fasterxml/jackson/core/jackson-core/2.13.2/jackson-core-2.13.2.jar:/home/runner/.m2/repository/io/quarkus/quarkus-smallrye-openapi/2.9.1.Final/quarkus-smallrye-openapi-2.9.1.Final.jar:/home/runner/.m2/repository/io/smallrye/smallrye-open-api-core/2.1.22/smallrye-open-api-core-2.1.22.jar:/home/runner/.m2/repository/org/eclipse/microprofile/openapi/microprofile-openapi-api/2.0.1/microprofile-openapi-api-2.0.1.jar:/home/runner/.m2/repository/org/eclipse/microprofile/config/microprofile-config-api/2.0.1/microprofile-config-api-2.0.1.jar:/home/runner/.m2/repository/io/quarkus/quarkus-vertx-http/2.9.1.Final/quarkus-vertx-http-2.9.1.Final.jar:/home/runner/.m2/repository/io/quarkus/quarkus-security-runtime-spi/2.9.1.Final/quarkus-security-runtime-spi-2.9.1.Final.jar:/home/runner/.m2/repository/io/quarkus/quarkus-mutiny/2.9.1.Final/quarkus-mutiny-2.9.1.Final.jar:/home/runner/.m2/repository/io/smallrye/reactive/mutiny/1.4.0/mutiny-1.4.0.jar:/home/runner/.m2/repository/io/quarkus/quarkus-smallrye-context-propagation/2.9.1.Final/quarkus-smallrye-context-propagation-2.9.1.Final.jar:/home/runner/.m2/repository/io/smallrye/smallrye-context-propagation/1.2.2/smallrye-context-propagation-1.2.2.jar:/home/runner/.m2/repository/io/smallrye/smallrye-context-propagation-api/1.2.2/smallrye-context-propagation-api-1.2.2.jar:/home/runner/.m2/repository/io/smallrye/smallrye-context-propagation-storage/1.2.2/smallrye-context-propagation-storage-1.2.2.jar:/home/runner/.m2/repository/io/smallrye/reactive/mutiny-smallrye-context-propagation/1.4.0/mutiny-smallrye-context-propagation-1.4.0.jar:/home/runner/.m2/repository/io/smallrye/common/smallrye-common-vertx-context/1.11.0/smallrye-common-vertx-context-1.11.0.jar:/home/runner/.m2/repository/io/vertx/vertx-core/4.2.7/vertx-core-4.2.7.jar:/home/runner/.m2/repository/io/netty/netty-common/4.1.74.Final/netty-common-4.1.74.Final.jar:/home/runner/.m2/repository/io/netty/netty-buffer/4.1.74.Final/netty-buffer-4.1.74.Final.jar:/home/runner/.m2/repository/io/netty/netty-transport/4.1.74.Final/netty-transport-4.1.74.Final.jar:/home/runner/.m2/repository/io/netty/netty-handler/4.1.74.Final/netty-handler-4.1.74.Final.jar:/home/runner/.m2/repository/io/netty/netty-tcnative-classes/2.0.48.Final/netty-tcnative-classes-2.0.48.Final.jar:/home/runner/.m2/repository/io/netty/netty-handler-proxy/4.1.74.Final/netty-handler-proxy-4.1.74.Final.jar:/home/runner/.m2/repository/io/netty/netty-codec-socks/4.1.74.Final/netty-codec-socks-4.1.74.Final.jar:/home/runner/.m2/repository/io/netty/netty-codec-http/4.1.74.Final/netty-codec-http-4.1.74.Final.jar:/home/runner/.m2/repository/io/netty/netty-codec-http2/4.1.74.Final/netty-codec-http2-4.1.74.Final.jar:/home/runner/.m2/repository/io/netty/netty-resolver/4.1.74.Final/netty-resolver-4.1.74.Final.jar:/home/runner/.m2/repository/io/netty/netty-resolver-dns/4.1.74.Final/netty-resolver-dns-4.1.74.Final.jar:/home/runner/.m2/repository/io/netty/netty-codec-dns/4.1.74.Final/netty-codec-dns-4.1.74.Final.jar:/home/runner/.m2/repository/io/smallrye/common/smallrye-common-constraint/1.11.0/smallrye-common-constraint-1.11.0.jar:/home/runner/.m2/repository/io/quarkus/quarkus-vertx-http-dev-console-runtime-spi/2.9.1.Final/quarkus-vertx-http-dev-console-runtime-spi-2.9.1.Final.jar:/home/runner/.m2/repository/io/quarkus/security/quarkus-security/1.1.4.Final/quarkus-security-1.1.4.Final.jar:/home/runner/.m2/repository/io/quarkus/quarkus-vertx/2.9.1.Final/quarkus-vertx-2.9.1.Final.jar:/home/runner/.m2/repository/io/quarkus/quarkus-netty/2.9.1.Final/quarkus-netty-2.9.1.Final.jar:/home/runner/.m2/repository/io/netty/netty-codec/4.1.74.Final/netty-codec-4.1.74.Final.jar:/home/runner/.m2/repository/io/netty/netty-codec-haproxy/4.1.74.Final/netty-codec-haproxy-4.1.74.Final.jar:/home/runner/.m2/repository/io/smallrye/common/smallrye-common-annotation/1.11.0/smallrye-common-annotation-1.11.0.jar:/home/runner/.m2/repository/io/smallrye/smallrye-fault-tolerance-vertx/5.4.0/smallrye-fault-tolerance-vertx-5.4.0.jar:/home/runner/.m2/repository/io/smallrye/reactive/smallrye-mutiny-vertx-web/2.21.0/smallrye-mutiny-vertx-web-2.21.0.jar:/home/runner/.m2/repository/io/smallrye/reactive/smallrye-mutiny-vertx-web-common/2.21.0/smallrye-mutiny-vertx-web-common-2.21.0.jar:/home/runner/.m2/repository/io/smallrye/reactive/smallrye-mutiny-vertx-auth-common/2.21.0/smallrye-mutiny-vertx-auth-common-2.21.0.jar:/home/runner/.m2/repository/io/smallrye/reactive/smallrye-mutiny-vertx-bridge-common/2.21.0/smallrye-mutiny-vertx-bridge-common-2.21.0.jar:/home/runner/.m2/repository/io/vertx/vertx-web/4.2.7/vertx-web-4.2.7.jar:/home/runner/.m2/repository/io/vertx/vertx-web-common/4.2.7/vertx-web-common-4.2.7.jar:/home/runner/.m2/repository/io/vertx/vertx-auth-common/4.2.7/vertx-auth-common-4.2.7.jar:/home/runner/.m2/repository/io/vertx/vertx-bridge-common/4.2.7/vertx-bridge-common-4.2.7.jar:/home/runner/.m2/repository/io/quarkus/quarkus-swagger-ui/2.9.1.Final/quarkus-swagger-ui-2.9.1.Final.jar:/home/runner/.m2/repository/io/quarkus/quarkus-rest-client/2.9.1.Final/quarkus-rest-client-2.9.1.Final.jar:/home/runner/.m2/repository/io/quarkus/quarkus-resteasy-common/2.9.1.Final/quarkus-resteasy-common-2.9.1.Final.jar:/home/runner/.m2/repository/org/jboss/resteasy/resteasy-core/4.7.5.Final/resteasy-core-4.7.5.Final.jar:/home/runner/.m2/repository/org/jboss/resteasy/resteasy-core-spi/4.7.5.Final/resteasy-core-spi-4.7.5.Final.jar:/home/runner/.m2/repository/org/reactivestreams/reactive-streams/1.0.3/reactive-streams-1.0.3.jar:/home/runner/.m2/repository/jakarta/validation/jakarta.validation-api/2.0.2/jakarta.validation-api-2.0.2.jar:/home/runner/.m2/repository/com/ibm/async/asyncutil/0.1.0/asyncutil-0.1.0.jar:/home/runner/.m2/repository/com/sun/activation/jakarta.activation/1.2.1/jakarta.activation-1.2.1.jar:/home/runner/.m2/repository/io/quarkus/quarkus-apache-httpclient/2.9.1.Final/quarkus-apache-httpclient-2.9.1.Final.jar:/home/runner/.m2/repository/io/quarkus/quarkus-rest-client-config/2.9.1.Final/quarkus-rest-client-config-2.9.1.Final.jar:/home/runner/.m2/repository/org/eclipse/microprofile/rest/client/microprofile-rest-client-api/2.0/microprofile-rest-client-api-2.0.jar:/home/runner/.m2/repository/org/jboss/resteasy/resteasy-client-microprofile/4.7.5.Final/resteasy-client-microprofile-4.7.5.Final.jar:/home/runner/.m2/repository/org/jboss/resteasy/resteasy-client-microprofile-base/4.7.5.Final/resteasy-client-microprofile-base-4.7.5.Final.jar:/home/runner/.m2/repository/org/jboss/resteasy/resteasy-client/4.7.5.Final/resteasy-client-4.7.5.Final.jar:/home/runner/.m2/repository/org/jboss/resteasy/resteasy-client-api/4.7.5.Final/resteasy-client-api-4.7.5.Final.jar:/home/runner/.m2/repository/commons-io/commons-io/2.11.0/commons-io-2.11.0.jar:/home/runner/.m2/repository/org/jboss/resteasy/resteasy-cdi/4.7.5.Final/resteasy-cdi-4.7.5.Final.jar:/home/runner/.m2/repository/jakarta/interceptor/jakarta.interceptor-api/1.2.5/jakarta.interceptor-api-1.2.5.jar:/home/runner/.m2/repository/org/apache/httpcomponents/httpasyncclient/4.1.5/httpasyncclient-4.1.5.jar:/home/runner/.m2/repository/org/apache/httpcomponents/httpcore-nio/4.4.15/httpcore-nio-4.4.15.jar:/home/runner/.m2/repository/org/jboss/logging/commons-logging-jboss-logging/1.0.0.Final/commons-logging-jboss-logging-1.0.0.Final.jar:/home/runner/.m2/repository/io/quarkus/quarkus-rest-client-jackson/2.9.1.Final/quarkus-rest-client-jackson-2.9.1.Final.jar:/home/runner/.m2/repository/io/quarkus/quarkus-jackson/2.9.1.Final/quarkus-jackson-2.9.1.Final.jar:/home/runner/.m2/repository/com/fasterxml/jackson/datatype/jackson-datatype-jsr310/2.13.2/jackson-datatype-jsr310-2.13.2.jar:/home/runner/.m2/repository/com/fasterxml/jackson/datatype/jackson-datatype-jdk8/2.13.2/jackson-datatype-jdk8-2.13.2.jar:/home/runner/.m2/repository/com/fasterxml/jackson/module/jackson-module-parameter-names/2.13.2/jackson-module-parameter-names-2.13.2.jar:/home/runner/.m2/repository/org/jboss/resteasy/resteasy-jackson2-provider/4.7.5.Final/resteasy-jackson2-provider-4.7.5.Final.jar:/home/runner/.m2/repository/com/fasterxml/jackson/jaxrs/jackson-jaxrs-json-provider/2.13.2/jackson-jaxrs-json-provider-2.13.2.jar:/home/runner/.m2/repository/com/fasterxml/jackson/jaxrs/jackson-jaxrs-base/2.13.2/jackson-jaxrs-base-2.13.2.jar:/home/runner/.m2/repository/com/fasterxml/jackson/module/jackson-module-jaxb-annotations/2.13.2/jackson-module-jaxb-annotations-2.13.2.jar:/home/runner/.m2/repository/com/github/java-json-tools/json-patch/1.13/json-patch-1.13.jar:/home/runner/.m2/repository/com/github/java-json-tools/msg-simple/1.2/msg-simple-1.2.jar:/home/runner/.m2/repository/com/github/java-json-tools/btf/1.3/btf-1.3.jar:/home/runner/.m2/repository/com/github/java-json-tools/jackson-coreutils/2.0/jackson-coreutils-2.0.jar:/home/runner/.m2/repository/org/jboss/spec/javax/xml/bind/jboss-jaxb-api_2.3_spec/2.0.0.Final/jboss-jaxb-api_2.3_spec-2.0.0.Final.jar:/home/runner/.m2/repository/com/fasterxml/jackson/dataformat/jackson-dataformat-yaml/2.13.2/jackson-dataformat-yaml-2.13.2.jar:/home/runner/.m2/repository/org/yaml/snakeyaml/1.30/snakeyaml-1.30.jar:/home/runner/.m2/repository/io/quarkus/quarkus-devtools-registry-client/2.9.1.Final/quarkus-devtools-registry-client-2.9.1.Final.jar:/home/runner/.m2/repository/io/quarkus/quarkus-devtools-artifact-api/2.9.1.Final/quarkus-devtools-artifact-api-2.9.1.Final.jar:/home/runner/.m2/repository/io/quarkus/quarkus-devtools-message-writer/2.9.1.Final/quarkus-devtools-message-writer-2.9.1.Final.jar:/home/runner/.m2/repository/io/smallrye/common/smallrye-common-os/1.11.0/smallrye-common-os-1.11.0.jar:/home/runner/.m2/repository/io/quarkus/quarkus-bootstrap-maven-resolver/2.9.1.Final/quarkus-bootstrap-maven-resolver-2.9.1.Final.jar:/home/runner/.m2/repository/org/apache/maven/maven-embedder/3.8.4/maven-embedder-3.8.4.jar:/home/runner/.m2/repository/org/apache/maven/maven-settings/3.8.4/maven-settings-3.8.4.jar:/home/runner/.m2/repository/org/apache/maven/maven-core/3.8.4/maven-core-3.8.4.jar:/home/runner/.m2/repository/org/apache/maven/maven-artifact/3.8.4/maven-artifact-3.8.4.jar:/home/runner/.m2/repository/org/codehaus/plexus/plexus-component-annotations/2.1.0/plexus-component-annotations-2.1.0.jar:/home/runner/.m2/repository/org/apache/maven/maven-plugin-api/3.8.4/maven-plugin-api-3.8.4.jar:/home/runner/.m2/repository/org/apache/maven/maven-model/3.8.4/maven-model-3.8.4.jar:/home/runner/.m2/repository/org/apache/maven/maven-model-builder/3.8.4/maven-model-builder-3.8.4.jar:/home/runner/.m2/repository/org/apache/maven/maven-builder-support/3.8.4/maven-builder-support-3.8.4.jar:/home/runner/.m2/repository/org/apache/maven/resolver/maven-resolver-api/1.6.3/maven-resolver-api-1.6.3.jar:/home/runner/.m2/repository/org/apache/maven/resolver/maven-resolver-util/1.6.3/maven-resolver-util-1.6.3.jar:/home/runner/.m2/repository/org/apache/maven/shared/maven-shared-utils/3.3.4/maven-shared-utils-3.3.4.jar:/home/runner/.m2/repository/com/google/inject/guice/4.2.2/guice-4.2.2-no_aop.jar:/home/runner/.m2/repository/org/codehaus/plexus/plexus-classworlds/2.6.0/plexus-classworlds-2.6.0.jar:/home/runner/.m2/repository/org/codehaus/plexus/plexus-sec-dispatcher/2.0/plexus-sec-dispatcher-2.0.jar:/home/runner/.m2/repository/org/codehaus/plexus/plexus-cipher/2.0/plexus-cipher-2.0.jar:/home/runner/.m2/repository/commons-cli/commons-cli/1.4/commons-cli-1.4.jar:/home/runner/.m2/repository/org/eclipse/sisu/org.eclipse.sisu.plexus/0.3.5/org.eclipse.sisu.plexus-0.3.5.jar:/home/runner/.m2/repository/org/apache/maven/maven-settings-builder/3.8.4/maven-settings-builder-3.8.4.jar:/home/runner/.m2/repository/org/codehaus/plexus/plexus-interpolation/1.26/plexus-interpolation-1.26.jar:/home/runner/.m2/repository/org/apache/maven/maven-resolver-provider/3.8.4/maven-resolver-provider-3.8.4.jar:/home/runner/.m2/repository/org/apache/maven/maven-repository-metadata/3.8.4/maven-repository-metadata-3.8.4.jar:/home/runner/.m2/repository/org/apache/maven/resolver/maven-resolver-spi/1.6.3/maven-resolver-spi-1.6.3.jar:/home/runner/.m2/repository/org/apache/maven/resolver/maven-resolver-impl/1.6.3/maven-resolver-impl-1.6.3.jar:/home/runner/.m2/repository/org/codehaus/plexus/plexus-utils/3.3.0/plexus-utils-3.3.0.jar:/home/runner/.m2/repository/org/apache/maven/resolver/maven-resolver-connector-basic/1.6.3/maven-resolver-connector-basic-1.6.3.jar:/home/runner/.m2/repository/org/apache/maven/resolver/maven-resolver-transport-wagon/1.6.3/maven-resolver-transport-wagon-1.6.3.jar:/home/runner/.m2/repository/org/apache/maven/wagon/wagon-http/3.4.3/wagon-http-3.4.3.jar:/home/runner/.m2/repository/org/apache/maven/wagon/wagon-http-shared/3.4.3/wagon-http-shared-3.4.3.jar:/home/runner/.m2/repository/org/jsoup/jsoup/1.14.2/jsoup-1.14.2.jar:/home/runner/.m2/repository/org/apache/maven/wagon/wagon-provider-api/3.4.3/wagon-provider-api-3.4.3.jar:/home/runner/.m2/repository/org/apache/maven/wagon/wagon-file/3.4.3/wagon-file-3.4.3.jar:/home/runner/.m2/repository/org/junit/jupiter/junit-jupiter/5.8.2/junit-jupiter-5.8.2.jar:/home/runner/.m2/repository/org/junit/jupiter/junit-jupiter-api/5.8.2/junit-jupiter-api-5.8.2.jar:/home/runner/.m2/repository/org/opentest4j/opentest4j/1.2.0/opentest4j-1.2.0.jar:/home/runner/.m2/repository/org/junit/platform/junit-platform-commons/1.8.2/junit-platform-commons-1.8.2.jar:/home/runner/.m2/repository/org/apiguardian/apiguardian-api/1.1.2/apiguardian-api-1.1.2.jar:/home/runner/.m2/repository/org/junit/jupiter/junit-jupiter-params/5.8.2/junit-jupiter-params-5.8.2.jar:/home/runner/.m2/repository/org/junit/jupiter/junit-jupiter-engine/5.8.2/junit-jupiter-engine-5.8.2.jar:/home/runner/.m2/repository/org/junit/platform/junit-platform-engine/1.8.2/junit-platform-engine-1.8.2.jar:/home/runner/.m2/repository/org/testcontainers/junit-jupiter/1.17.6/junit-jupiter-1.17.6.jar:/home/runner/.m2/repository/org/testcontainers/testcontainers/1.17.6/testcontainers-1.17.6.jar:/home/runner/.m2/repository/junit/junit/4.13.2/junit-4.13.2.jar:/home/runner/.m2/repository/org/slf4j/slf4j-api/1.7.36/slf4j-api-1.7.36.jar:/home/runner/.m2/repository/org/apache/commons/commons-compress/1.21/commons-compress-1.21.jar:/home/runner/.m2/repository/org/rnorth/duct-tape/duct-tape/1.0.8/duct-tape-1.0.8.jar:/home/runner/.m2/repository/org/jetbrains/annotations/17.0.0/annotations-17.0.0.jar:/home/runner/.m2/repository/com/github/docker-java/docker-java-api/3.2.13/docker-java-api-3.2.13.jar:/home/runner/.m2/repository/com/github/docker-java/docker-java-transport-zerodep/3.2.13/docker-java-transport-zerodep-3.2.13.jar:/home/runner/.m2/repository/com/github/docker-java/docker-java-transport/3.2.13/docker-java-transport-3.2.13.jar:/home/runner/.m2/repository/net/java/dev/jna/jna/5.8.0/jna-5.8.0.jar:/home/runner/.m2/repository/org/testcontainers/postgresql/1.17.6/postgresql-1.17.6.jar:/home/runner/.m2/repository/org/testcontainers/jdbc/1.17.1/jdbc-1.17.1.jar:/home/runner/.m2/repository/org/testcontainers/database-commons/1.17.1/database-commons-1.17.1.jar:/home/runner/.m2/repository/org/testcontainers/elasticsearch/1.17.6/elasticsearch-1.17.6.jar:"/>
    <property name="java.vm.vendor" value="Eclipse Adoptium"/>
    <property name="sun.arch.data.model" value="64"/>
    <property name="java.vendor.url" value="https://adoptium.net/"/>
    <property name="user.timezone" value="Etc/UTC"/>
    <property name="java.vm.specification.version" value="11"/>
    <property name="os.name" value="Linux"/>
    <property name="sun.java.launcher" value="SUN_STANDARD"/>
    <property name="mp.openapi.extensions.smallrye.defaultProduces" value="application/json"/>
    <property name="sun.boot.library.path" value="/usr/lib/jvm/temurin-11-jdk-amd64/lib"/>
    <property name="sun.java.command" value="/home/runner/work/core/core/tools/dotcms-cli/api-data-model/target/surefire/surefirebooter13931296712641684980.jar /home/runner/work/core/core/tools/dotcms-cli/api-data-model/target/surefire 2023-08-04T12-56-51_547-jvmRun1 surefire423196131576930557tmp surefire_015772629695677773567tmp"/>
    <property name="jdk.debug" value="release"/>
    <property name="maven.home" value="/home/runner/.m2/wrapper/dists/apache-maven-3.8.4-bin/52ccbt68d252mdldqsfsn03jlf/apache-maven-3.8.4"/>
    <property name="surefire.test.class.path" value="/home/runner/work/core/core/tools/dotcms-cli/api-data-model/target/test-classes:/home/runner/work/core/core/tools/dotcms-cli/api-data-model/target/api-data-model-1.0.0-SNAPSHOT.jar:/home/runner/.m2/repository/io/quarkus/quarkus-arc/2.9.1.Final/quarkus-arc-2.9.1.Final.jar:/home/runner/.m2/repository/io/quarkus/arc/arc/2.9.1.Final/arc-2.9.1.Final.jar:/home/runner/.m2/repository/jakarta/enterprise/jakarta.enterprise.cdi-api/2.0.2/jakarta.enterprise.cdi-api-2.0.2.jar:/home/runner/.m2/repository/jakarta/el/jakarta.el-api/3.0.3/jakarta.el-api-3.0.3.jar:/home/runner/.m2/repository/jakarta/annotation/jakarta.annotation-api/1.3.5/jakarta.annotation-api-1.3.5.jar:/home/runner/.m2/repository/jakarta/transaction/jakarta.transaction-api/1.3.3/jakarta.transaction-api-1.3.3.jar:/home/runner/.m2/repository/org/jboss/logging/jboss-logging/3.4.3.Final/jboss-logging-3.4.3.Final.jar:/home/runner/.m2/repository/io/quarkus/quarkus-core/2.9.1.Final/quarkus-core-2.9.1.Final.jar:/home/runner/.m2/repository/jakarta/inject/jakarta.inject-api/1.0/jakarta.inject-api-1.0.jar:/home/runner/.m2/repository/io/quarkus/quarkus-ide-launcher/2.9.1.Final/quarkus-ide-launcher-2.9.1.Final.jar:/home/runner/.m2/repository/io/quarkus/quarkus-development-mode-spi/2.9.1.Final/quarkus-development-mode-spi-2.9.1.Final.jar:/home/runner/.m2/repository/io/smallrye/config/smallrye-config/2.10.0/smallrye-config-2.10.0.jar:/home/runner/.m2/repository/io/smallrye/config/smallrye-config-core/2.10.0/smallrye-config-core-2.10.0.jar:/home/runner/.m2/repository/io/smallrye/common/smallrye-common-expression/1.11.0/smallrye-common-expression-1.11.0.jar:/home/runner/.m2/repository/io/smallrye/common/smallrye-common-function/1.11.0/smallrye-common-function-1.11.0.jar:/home/runner/.m2/repository/io/smallrye/common/smallrye-common-classloader/1.11.0/smallrye-common-classloader-1.11.0.jar:/home/runner/.m2/repository/io/smallrye/config/smallrye-config-common/2.10.0/smallrye-config-common-2.10.0.jar:/home/runner/.m2/repository/org/jboss/logmanager/jboss-logmanager-embedded/1.0.9/jboss-logmanager-embedded-1.0.9.jar:/home/runner/.m2/repository/org/jboss/logging/jboss-logging-annotations/2.2.1.Final/jboss-logging-annotations-2.2.1.Final.jar:/home/runner/.m2/repository/org/jboss/threads/jboss-threads/3.4.2.Final/jboss-threads-3.4.2.Final.jar:/home/runner/.m2/repository/org/jboss/slf4j/slf4j-jboss-logmanager/1.1.0.Final/slf4j-jboss-logmanager-1.1.0.Final.jar:/home/runner/.m2/repository/org/graalvm/sdk/graal-sdk/22.0.0.2/graal-sdk-22.0.0.2.jar:/home/runner/.m2/repository/org/wildfly/common/wildfly-common/1.5.4.Final-format-001/wildfly-common-1.5.4.Final-format-001.jar:/home/runner/.m2/repository/io/quarkus/quarkus-bootstrap-runner/2.9.1.Final/quarkus-bootstrap-runner-2.9.1.Final.jar:/home/runner/.m2/repository/io/quarkus/quarkus-fs-util/0.0.9/quarkus-fs-util-0.0.9.jar:/home/runner/.m2/repository/org/eclipse/microprofile/context-propagation/microprofile-context-propagation-api/1.2/microprofile-context-propagation-api-1.2.jar:/home/runner/.m2/repository/io/quarkus/quarkus-junit5/2.9.1.Final/quarkus-junit5-2.9.1.Final.jar:/home/runner/.m2/repository/io/quarkus/quarkus-bootstrap-core/2.9.1.Final/quarkus-bootstrap-core-2.9.1.Final.jar:/home/runner/.m2/repository/io/quarkus/quarkus-bootstrap-app-model/2.9.1.Final/quarkus-bootstrap-app-model-2.9.1.Final.jar:/home/runner/.m2/repository/io/quarkus/quarkus-bootstrap-gradle-resolver/2.9.1.Final/quarkus-bootstrap-gradle-resolver-2.9.1.Final.jar:/home/runner/.m2/repository/io/smallrye/common/smallrye-common-io/1.11.0/smallrye-common-io-1.11.0.jar:/home/runner/.m2/repository/org/eclipse/sisu/org.eclipse.sisu.inject/0.3.5/org.eclipse.sisu.inject-0.3.5.jar:/home/runner/.m2/repository/io/quarkus/quarkus-test-common/2.9.1.Final/quarkus-test-common-2.9.1.Final.jar:/home/runner/.m2/repository/io/quarkus/quarkus-core-deployment/2.9.1.Final/quarkus-core-deployment-2.9.1.Final.jar:/home/runner/.m2/repository/org/aesh/readline/2.2/readline-2.2.jar:/home/runner/.m2/repository/org/fusesource/jansi/jansi/1.18/jansi-1.18.jar:/home/runner/.m2/repository/org/aesh/aesh/2.6/aesh-2.6.jar:/home/runner/.m2/repository/io/quarkus/gizmo/gizmo/1.0.10.Final/gizmo-1.0.10.Final.jar:/home/runner/.m2/repository/org/ow2/asm/asm-util/9.2/asm-util-9.2.jar:/home/runner/.m2/repository/org/ow2/asm/asm/9.3/asm-9.3.jar:/home/runner/.m2/repository/org/ow2/asm/asm-commons/9.3/asm-commons-9.3.jar:/home/runner/.m2/repository/org/ow2/asm/asm-tree/9.3/asm-tree-9.3.jar:/home/runner/.m2/repository/org/ow2/asm/asm-analysis/9.3/asm-analysis-9.3.jar:/home/runner/.m2/repository/io/quarkus/quarkus-class-change-agent/2.9.1.Final/quarkus-class-change-agent-2.9.1.Final.jar:/home/runner/.m2/repository/io/quarkus/quarkus-devtools-utilities/2.9.1.Final/quarkus-devtools-utilities-2.9.1.Final.jar:/home/runner/.m2/repository/io/quarkus/quarkus-builder/2.9.1.Final/quarkus-builder-2.9.1.Final.jar:/home/runner/.m2/repository/org/junit/platform/junit-platform-launcher/1.8.2/junit-platform-launcher-1.8.2.jar:/home/runner/.m2/repository/org/jboss/jandex/2.4.2.Final/jandex-2.4.2.Final.jar:/home/runner/.m2/repository/io/quarkus/quarkus-junit5-properties/2.9.1.Final/quarkus-junit5-properties-2.9.1.Final.jar:/home/runner/.m2/repository/com/thoughtworks/xstream/xstream/1.4.19/xstream-1.4.19.jar:/home/runner/.m2/repository/io/github/x-stream/mxparser/1.2.2/mxparser-1.2.2.jar:/home/runner/.m2/repository/xmlpull/xmlpull/1.1.3.1/xmlpull-1.1.3.1.jar:/home/runner/.m2/repository/org/immutables/value/2.8.2/value-2.8.2.jar:/home/runner/.m2/repository/io/quarkus/quarkus-resteasy-reactive-jackson/2.9.1.Final/quarkus-resteasy-reactive-jackson-2.9.1.Final.jar:/home/runner/.m2/repository/io/quarkus/quarkus-resteasy-reactive/2.9.1.Final/quarkus-resteasy-reactive-2.9.1.Final.jar:/home/runner/.m2/repository/io/quarkus/quarkus-resteasy-reactive-common/2.9.1.Final/quarkus-resteasy-reactive-common-2.9.1.Final.jar:/home/runner/.m2/repository/io/quarkus/resteasy/reactive/resteasy-reactive-common/2.9.1.Final/resteasy-reactive-common-2.9.1.Final.jar:/home/runner/.m2/repository/io/quarkus/resteasy/reactive/resteasy-reactive-vertx/2.9.1.Final/resteasy-reactive-vertx-2.9.1.Final.jar:/home/runner/.m2/repository/io/smallrye/reactive/smallrye-mutiny-vertx-core/2.21.0/smallrye-mutiny-vertx-core-2.21.0.jar:/home/runner/.m2/repository/io/smallrye/reactive/smallrye-mutiny-vertx-runtime/2.21.0/smallrye-mutiny-vertx-runtime-2.21.0.jar:/home/runner/.m2/repository/io/smallrye/reactive/vertx-mutiny-generator/2.21.0/vertx-mutiny-generator-2.21.0.jar:/home/runner/.m2/repository/io/vertx/vertx-codegen/4.2.7/vertx-codegen-4.2.7.jar:/home/runner/.m2/repository/io/quarkus/resteasy/reactive/resteasy-reactive/2.9.1.Final/resteasy-reactive-2.9.1.Final.jar:/home/runner/.m2/repository/org/jboss/spec/javax/ws/rs/jboss-jaxrs-api_2.1_spec/2.0.1.Final/jboss-jaxrs-api_2.1_spec-2.0.1.Final.jar:/home/runner/.m2/repository/io/quarkus/quarkus-jsonp/2.9.1.Final/quarkus-jsonp-2.9.1.Final.jar:/home/runner/.m2/repository/org/glassfish/jakarta.json/1.1.6/jakarta.json-1.1.6.jar:/home/runner/.m2/repository/io/quarkus/quarkus-resteasy-reactive-jackson-common/2.9.1.Final/quarkus-resteasy-reactive-jackson-common-2.9.1.Final.jar:/home/runner/.m2/repository/io/quarkus/resteasy/reactive/resteasy-reactive-jackson/2.9.1.Final/resteasy-reactive-jackson-2.9.1.Final.jar:/home/runner/.m2/repository/com/google/code/findbugs/jsr305/3.0.2/jsr305-3.0.2.jar:/home/runner/.m2/repository/io/rest-assured/rest-assured/4.5.1/rest-assured-4.5.1.jar:/home/runner/.m2/repository/org/codehaus/groovy/groovy/3.0.9/groovy-3.0.9.jar:/home/runner/.m2/repository/org/codehaus/groovy/groovy-xml/3.0.9/groovy-xml-3.0.9.jar:/home/runner/.m2/repository/org/apache/httpcomponents/httpclient/4.5.13/httpclient-4.5.13.jar:/home/runner/.m2/repository/org/apache/httpcomponents/httpcore/4.4.15/httpcore-4.4.15.jar:/home/runner/.m2/repository/commons-codec/commons-codec/1.15/commons-codec-1.15.jar:/home/runner/.m2/repository/org/apache/httpcomponents/httpmime/4.5.13/httpmime-4.5.13.jar:/home/runner/.m2/repository/org/hamcrest/hamcrest/2.1/hamcrest-2.1.jar:/home/runner/.m2/repository/org/ccil/cowan/tagsoup/tagsoup/1.2.1/tagsoup-1.2.1.jar:/home/runner/.m2/repository/io/rest-assured/json-path/4.5.1/json-path-4.5.1.jar:/home/runner/.m2/repository/org/codehaus/groovy/groovy-json/3.0.9/groovy-json-3.0.9.jar:/home/runner/.m2/repository/io/rest-assured/rest-assured-common/4.5.1/rest-assured-common-4.5.1.jar:/home/runner/.m2/repository/io/rest-assured/xml-path/4.5.1/xml-path-4.5.1.jar:/home/runner/.m2/repository/org/apache/commons/commons-lang3/3.12.0/commons-lang3-3.12.0.jar:/home/runner/.m2/repository/com/github/jonpeterson/jackson-module-model-versioning/1.2.2/jackson-module-model-versioning-1.2.2.jar:/home/runner/.m2/repository/com/fasterxml/jackson/core/jackson-databind/2.13.2.2/jackson-databind-2.13.2.2.jar:/home/runner/.m2/repository/com/fasterxml/jackson/core/jackson-annotations/2.13.2/jackson-annotations-2.13.2.jar:/home/runner/.m2/repository/com/fasterxml/jackson/datatype/jackson-datatype-guava/2.13.3/jackson-datatype-guava-2.13.3.jar:/home/runner/.m2/repository/com/google/guava/guava/31.1-jre/guava-31.1-jre.jar:/home/runner/.m2/repository/com/google/guava/failureaccess/1.0.1/failureaccess-1.0.1.jar:/home/runner/.m2/repository/org/checkerframework/checker-qual/3.21.4/checker-qual-3.21.4.jar:/home/runner/.m2/repository/com/google/errorprone/error_prone_annotations/2.13.1/error_prone_annotations-2.13.1.jar:/home/runner/.m2/repository/com/google/j2objc/j2objc-annotations/1.3/j2objc-annotations-1.3.jar:/home/runner/.m2/repository/com/fasterxml/jackson/core/jackson-core/2.13.2/jackson-core-2.13.2.jar:/home/runner/.m2/repository/io/quarkus/quarkus-smallrye-openapi/2.9.1.Final/quarkus-smallrye-openapi-2.9.1.Final.jar:/home/runner/.m2/repository/io/smallrye/smallrye-open-api-core/2.1.22/smallrye-open-api-core-2.1.22.jar:/home/runner/.m2/repository/org/eclipse/microprofile/openapi/microprofile-openapi-api/2.0.1/microprofile-openapi-api-2.0.1.jar:/home/runner/.m2/repository/org/eclipse/microprofile/config/microprofile-config-api/2.0.1/microprofile-config-api-2.0.1.jar:/home/runner/.m2/repository/io/quarkus/quarkus-vertx-http/2.9.1.Final/quarkus-vertx-http-2.9.1.Final.jar:/home/runner/.m2/repository/io/quarkus/quarkus-security-runtime-spi/2.9.1.Final/quarkus-security-runtime-spi-2.9.1.Final.jar:/home/runner/.m2/repository/io/quarkus/quarkus-mutiny/2.9.1.Final/quarkus-mutiny-2.9.1.Final.jar:/home/runner/.m2/repository/io/smallrye/reactive/mutiny/1.4.0/mutiny-1.4.0.jar:/home/runner/.m2/repository/io/quarkus/quarkus-smallrye-context-propagation/2.9.1.Final/quarkus-smallrye-context-propagation-2.9.1.Final.jar:/home/runner/.m2/repository/io/smallrye/smallrye-context-propagation/1.2.2/smallrye-context-propagation-1.2.2.jar:/home/runner/.m2/repository/io/smallrye/smallrye-context-propagation-api/1.2.2/smallrye-context-propagation-api-1.2.2.jar:/home/runner/.m2/repository/io/smallrye/smallrye-context-propagation-storage/1.2.2/smallrye-context-propagation-storage-1.2.2.jar:/home/runner/.m2/repository/io/smallrye/reactive/mutiny-smallrye-context-propagation/1.4.0/mutiny-smallrye-context-propagation-1.4.0.jar:/home/runner/.m2/repository/io/smallrye/common/smallrye-common-vertx-context/1.11.0/smallrye-common-vertx-context-1.11.0.jar:/home/runner/.m2/repository/io/vertx/vertx-core/4.2.7/vertx-core-4.2.7.jar:/home/runner/.m2/repository/io/netty/netty-common/4.1.74.Final/netty-common-4.1.74.Final.jar:/home/runner/.m2/repository/io/netty/netty-buffer/4.1.74.Final/netty-buffer-4.1.74.Final.jar:/home/runner/.m2/repository/io/netty/netty-transport/4.1.74.Final/netty-transport-4.1.74.Final.jar:/home/runner/.m2/repository/io/netty/netty-handler/4.1.74.Final/netty-handler-4.1.74.Final.jar:/home/runner/.m2/repository/io/netty/netty-tcnative-classes/2.0.48.Final/netty-tcnative-classes-2.0.48.Final.jar:/home/runner/.m2/repository/io/netty/netty-handler-proxy/4.1.74.Final/netty-handler-proxy-4.1.74.Final.jar:/home/runner/.m2/repository/io/netty/netty-codec-socks/4.1.74.Final/netty-codec-socks-4.1.74.Final.jar:/home/runner/.m2/repository/io/netty/netty-codec-http/4.1.74.Final/netty-codec-http-4.1.74.Final.jar:/home/runner/.m2/repository/io/netty/netty-codec-http2/4.1.74.Final/netty-codec-http2-4.1.74.Final.jar:/home/runner/.m2/repository/io/netty/netty-resolver/4.1.74.Final/netty-resolver-4.1.74.Final.jar:/home/runner/.m2/repository/io/netty/netty-resolver-dns/4.1.74.Final/netty-resolver-dns-4.1.74.Final.jar:/home/runner/.m2/repository/io/netty/netty-codec-dns/4.1.74.Final/netty-codec-dns-4.1.74.Final.jar:/home/runner/.m2/repository/io/smallrye/common/smallrye-common-constraint/1.11.0/smallrye-common-constraint-1.11.0.jar:/home/runner/.m2/repository/io/quarkus/quarkus-vertx-http-dev-console-runtime-spi/2.9.1.Final/quarkus-vertx-http-dev-console-runtime-spi-2.9.1.Final.jar:/home/runner/.m2/repository/io/quarkus/security/quarkus-security/1.1.4.Final/quarkus-security-1.1.4.Final.jar:/home/runner/.m2/repository/io/quarkus/quarkus-vertx/2.9.1.Final/quarkus-vertx-2.9.1.Final.jar:/home/runner/.m2/repository/io/quarkus/quarkus-netty/2.9.1.Final/quarkus-netty-2.9.1.Final.jar:/home/runner/.m2/repository/io/netty/netty-codec/4.1.74.Final/netty-codec-4.1.74.Final.jar:/home/runner/.m2/repository/io/netty/netty-codec-haproxy/4.1.74.Final/netty-codec-haproxy-4.1.74.Final.jar:/home/runner/.m2/repository/io/smallrye/common/smallrye-common-annotation/1.11.0/smallrye-common-annotation-1.11.0.jar:/home/runner/.m2/repository/io/smallrye/smallrye-fault-tolerance-vertx/5.4.0/smallrye-fault-tolerance-vertx-5.4.0.jar:/home/runner/.m2/repository/io/smallrye/reactive/smallrye-mutiny-vertx-web/2.21.0/smallrye-mutiny-vertx-web-2.21.0.jar:/home/runner/.m2/repository/io/smallrye/reactive/smallrye-mutiny-vertx-web-common/2.21.0/smallrye-mutiny-vertx-web-common-2.21.0.jar:/home/runner/.m2/repository/io/smallrye/reactive/smallrye-mutiny-vertx-auth-common/2.21.0/smallrye-mutiny-vertx-auth-common-2.21.0.jar:/home/runner/.m2/repository/io/smallrye/reactive/smallrye-mutiny-vertx-bridge-common/2.21.0/smallrye-mutiny-vertx-bridge-common-2.21.0.jar:/home/runner/.m2/repository/io/vertx/vertx-web/4.2.7/vertx-web-4.2.7.jar:/home/runner/.m2/repository/io/vertx/vertx-web-common/4.2.7/vertx-web-common-4.2.7.jar:/home/runner/.m2/repository/io/vertx/vertx-auth-common/4.2.7/vertx-auth-common-4.2.7.jar:/home/runner/.m2/repository/io/vertx/vertx-bridge-common/4.2.7/vertx-bridge-common-4.2.7.jar:/home/runner/.m2/repository/io/quarkus/quarkus-swagger-ui/2.9.1.Final/quarkus-swagger-ui-2.9.1.Final.jar:/home/runner/.m2/repository/io/quarkus/quarkus-rest-client/2.9.1.Final/quarkus-rest-client-2.9.1.Final.jar:/home/runner/.m2/repository/io/quarkus/quarkus-resteasy-common/2.9.1.Final/quarkus-resteasy-common-2.9.1.Final.jar:/home/runner/.m2/repository/org/jboss/resteasy/resteasy-core/4.7.5.Final/resteasy-core-4.7.5.Final.jar:/home/runner/.m2/repository/org/jboss/resteasy/resteasy-core-spi/4.7.5.Final/resteasy-core-spi-4.7.5.Final.jar:/home/runner/.m2/repository/org/reactivestreams/reactive-streams/1.0.3/reactive-streams-1.0.3.jar:/home/runner/.m2/repository/jakarta/validation/jakarta.validation-api/2.0.2/jakarta.validation-api-2.0.2.jar:/home/runner/.m2/repository/com/ibm/async/asyncutil/0.1.0/asyncutil-0.1.0.jar:/home/runner/.m2/repository/com/sun/activation/jakarta.activation/1.2.1/jakarta.activation-1.2.1.jar:/home/runner/.m2/repository/io/quarkus/quarkus-apache-httpclient/2.9.1.Final/quarkus-apache-httpclient-2.9.1.Final.jar:/home/runner/.m2/repository/io/quarkus/quarkus-rest-client-config/2.9.1.Final/quarkus-rest-client-config-2.9.1.Final.jar:/home/runner/.m2/repository/org/eclipse/microprofile/rest/client/microprofile-rest-client-api/2.0/microprofile-rest-client-api-2.0.jar:/home/runner/.m2/repository/org/jboss/resteasy/resteasy-client-microprofile/4.7.5.Final/resteasy-client-microprofile-4.7.5.Final.jar:/home/runner/.m2/repository/org/jboss/resteasy/resteasy-client-microprofile-base/4.7.5.Final/resteasy-client-microprofile-base-4.7.5.Final.jar:/home/runner/.m2/repository/org/jboss/resteasy/resteasy-client/4.7.5.Final/resteasy-client-4.7.5.Final.jar:/home/runner/.m2/repository/org/jboss/resteasy/resteasy-client-api/4.7.5.Final/resteasy-client-api-4.7.5.Final.jar:/home/runner/.m2/repository/commons-io/commons-io/2.11.0/commons-io-2.11.0.jar:/home/runner/.m2/repository/org/jboss/resteasy/resteasy-cdi/4.7.5.Final/resteasy-cdi-4.7.5.Final.jar:/home/runner/.m2/repository/jakarta/interceptor/jakarta.interceptor-api/1.2.5/jakarta.interceptor-api-1.2.5.jar:/home/runner/.m2/repository/org/apache/httpcomponents/httpasyncclient/4.1.5/httpasyncclient-4.1.5.jar:/home/runner/.m2/repository/org/apache/httpcomponents/httpcore-nio/4.4.15/httpcore-nio-4.4.15.jar:/home/runner/.m2/repository/org/jboss/logging/commons-logging-jboss-logging/1.0.0.Final/commons-logging-jboss-logging-1.0.0.Final.jar:/home/runner/.m2/repository/io/quarkus/quarkus-rest-client-jackson/2.9.1.Final/quarkus-rest-client-jackson-2.9.1.Final.jar:/home/runner/.m2/repository/io/quarkus/quarkus-jackson/2.9.1.Final/quarkus-jackson-2.9.1.Final.jar:/home/runner/.m2/repository/com/fasterxml/jackson/datatype/jackson-datatype-jsr310/2.13.2/jackson-datatype-jsr310-2.13.2.jar:/home/runner/.m2/repository/com/fasterxml/jackson/datatype/jackson-datatype-jdk8/2.13.2/jackson-datatype-jdk8-2.13.2.jar:/home/runner/.m2/repository/com/fasterxml/jackson/module/jackson-module-parameter-names/2.13.2/jackson-module-parameter-names-2.13.2.jar:/home/runner/.m2/repository/org/jboss/resteasy/resteasy-jackson2-provider/4.7.5.Final/resteasy-jackson2-provider-4.7.5.Final.jar:/home/runner/.m2/repository/com/fasterxml/jackson/jaxrs/jackson-jaxrs-json-provider/2.13.2/jackson-jaxrs-json-provider-2.13.2.jar:/home/runner/.m2/repository/com/fasterxml/jackson/jaxrs/jackson-jaxrs-base/2.13.2/jackson-jaxrs-base-2.13.2.jar:/home/runner/.m2/repository/com/fasterxml/jackson/module/jackson-module-jaxb-annotations/2.13.2/jackson-module-jaxb-annotations-2.13.2.jar:/home/runner/.m2/repository/com/github/java-json-tools/json-patch/1.13/json-patch-1.13.jar:/home/runner/.m2/repository/com/github/java-json-tools/msg-simple/1.2/msg-simple-1.2.jar:/home/runner/.m2/repository/com/github/java-json-tools/btf/1.3/btf-1.3.jar:/home/runner/.m2/repository/com/github/java-json-tools/jackson-coreutils/2.0/jackson-coreutils-2.0.jar:/home/runner/.m2/repository/org/jboss/spec/javax/xml/bind/jboss-jaxb-api_2.3_spec/2.0.0.Final/jboss-jaxb-api_2.3_spec-2.0.0.Final.jar:/home/runner/.m2/repository/com/fasterxml/jackson/dataformat/jackson-dataformat-yaml/2.13.2/jackson-dataformat-yaml-2.13.2.jar:/home/runner/.m2/repository/org/yaml/snakeyaml/1.30/snakeyaml-1.30.jar:/home/runner/.m2/repository/io/quarkus/quarkus-devtools-registry-client/2.9.1.Final/quarkus-devtools-registry-client-2.9.1.Final.jar:/home/runner/.m2/repository/io/quarkus/quarkus-devtools-artifact-api/2.9.1.Final/quarkus-devtools-artifact-api-2.9.1.Final.jar:/home/runner/.m2/repository/io/quarkus/quarkus-devtools-message-writer/2.9.1.Final/quarkus-devtools-message-writer-2.9.1.Final.jar:/home/runner/.m2/repository/io/smallrye/common/smallrye-common-os/1.11.0/smallrye-common-os-1.11.0.jar:/home/runner/.m2/repository/io/quarkus/quarkus-bootstrap-maven-resolver/2.9.1.Final/quarkus-bootstrap-maven-resolver-2.9.1.Final.jar:/home/runner/.m2/repository/org/apache/maven/maven-embedder/3.8.4/maven-embedder-3.8.4.jar:/home/runner/.m2/repository/org/apache/maven/maven-settings/3.8.4/maven-settings-3.8.4.jar:/home/runner/.m2/repository/org/apache/maven/maven-core/3.8.4/maven-core-3.8.4.jar:/home/runner/.m2/repository/org/apache/maven/maven-artifact/3.8.4/maven-artifact-3.8.4.jar:/home/runner/.m2/repository/org/codehaus/plexus/plexus-component-annotations/2.1.0/plexus-component-annotations-2.1.0.jar:/home/runner/.m2/repository/org/apache/maven/maven-plugin-api/3.8.4/maven-plugin-api-3.8.4.jar:/home/runner/.m2/repository/org/apache/maven/maven-model/3.8.4/maven-model-3.8.4.jar:/home/runner/.m2/repository/org/apache/maven/maven-model-builder/3.8.4/maven-model-builder-3.8.4.jar:/home/runner/.m2/repository/org/apache/maven/maven-builder-support/3.8.4/maven-builder-support-3.8.4.jar:/home/runner/.m2/repository/org/apache/maven/resolver/maven-resolver-api/1.6.3/maven-resolver-api-1.6.3.jar:/home/runner/.m2/repository/org/apache/maven/resolver/maven-resolver-util/1.6.3/maven-resolver-util-1.6.3.jar:/home/runner/.m2/repository/org/apache/maven/shared/maven-shared-utils/3.3.4/maven-shared-utils-3.3.4.jar:/home/runner/.m2/repository/com/google/inject/guice/4.2.2/guice-4.2.2-no_aop.jar:/home/runner/.m2/repository/org/codehaus/plexus/plexus-classworlds/2.6.0/plexus-classworlds-2.6.0.jar:/home/runner/.m2/repository/org/codehaus/plexus/plexus-sec-dispatcher/2.0/plexus-sec-dispatcher-2.0.jar:/home/runner/.m2/repository/org/codehaus/plexus/plexus-cipher/2.0/plexus-cipher-2.0.jar:/home/runner/.m2/repository/commons-cli/commons-cli/1.4/commons-cli-1.4.jar:/home/runner/.m2/repository/org/eclipse/sisu/org.eclipse.sisu.plexus/0.3.5/org.eclipse.sisu.plexus-0.3.5.jar:/home/runner/.m2/repository/org/apache/maven/maven-settings-builder/3.8.4/maven-settings-builder-3.8.4.jar:/home/runner/.m2/repository/org/codehaus/plexus/plexus-interpolation/1.26/plexus-interpolation-1.26.jar:/home/runner/.m2/repository/org/apache/maven/maven-resolver-provider/3.8.4/maven-resolver-provider-3.8.4.jar:/home/runner/.m2/repository/org/apache/maven/maven-repository-metadata/3.8.4/maven-repository-metadata-3.8.4.jar:/home/runner/.m2/repository/org/apache/maven/resolver/maven-resolver-spi/1.6.3/maven-resolver-spi-1.6.3.jar:/home/runner/.m2/repository/org/apache/maven/resolver/maven-resolver-impl/1.6.3/maven-resolver-impl-1.6.3.jar:/home/runner/.m2/repository/org/codehaus/plexus/plexus-utils/3.3.0/plexus-utils-3.3.0.jar:/home/runner/.m2/repository/org/apache/maven/resolver/maven-resolver-connector-basic/1.6.3/maven-resolver-connector-basic-1.6.3.jar:/home/runner/.m2/repository/org/apache/maven/resolver/maven-resolver-transport-wagon/1.6.3/maven-resolver-transport-wagon-1.6.3.jar:/home/runner/.m2/repository/org/apache/maven/wagon/wagon-http/3.4.3/wagon-http-3.4.3.jar:/home/runner/.m2/repository/org/apache/maven/wagon/wagon-http-shared/3.4.3/wagon-http-shared-3.4.3.jar:/home/runner/.m2/repository/org/jsoup/jsoup/1.14.2/jsoup-1.14.2.jar:/home/runner/.m2/repository/org/apache/maven/wagon/wagon-provider-api/3.4.3/wagon-provider-api-3.4.3.jar:/home/runner/.m2/repository/org/apache/maven/wagon/wagon-file/3.4.3/wagon-file-3.4.3.jar:/home/runner/.m2/repository/org/junit/jupiter/junit-jupiter/5.8.2/junit-jupiter-5.8.2.jar:/home/runner/.m2/repository/org/junit/jupiter/junit-jupiter-api/5.8.2/junit-jupiter-api-5.8.2.jar:/home/runner/.m2/repository/org/opentest4j/opentest4j/1.2.0/opentest4j-1.2.0.jar:/home/runner/.m2/repository/org/junit/platform/junit-platform-commons/1.8.2/junit-platform-commons-1.8.2.jar:/home/runner/.m2/repository/org/apiguardian/apiguardian-api/1.1.2/apiguardian-api-1.1.2.jar:/home/runner/.m2/repository/org/junit/jupiter/junit-jupiter-params/5.8.2/junit-jupiter-params-5.8.2.jar:/home/runner/.m2/repository/org/junit/jupiter/junit-jupiter-engine/5.8.2/junit-jupiter-engine-5.8.2.jar:/home/runner/.m2/repository/org/junit/platform/junit-platform-engine/1.8.2/junit-platform-engine-1.8.2.jar:/home/runner/.m2/repository/org/testcontainers/junit-jupiter/1.17.6/junit-jupiter-1.17.6.jar:/home/runner/.m2/repository/org/testcontainers/testcontainers/1.17.6/testcontainers-1.17.6.jar:/home/runner/.m2/repository/junit/junit/4.13.2/junit-4.13.2.jar:/home/runner/.m2/repository/org/slf4j/slf4j-api/1.7.36/slf4j-api-1.7.36.jar:/home/runner/.m2/repository/org/apache/commons/commons-compress/1.21/commons-compress-1.21.jar:/home/runner/.m2/repository/org/rnorth/duct-tape/duct-tape/1.0.8/duct-tape-1.0.8.jar:/home/runner/.m2/repository/org/jetbrains/annotations/17.0.0/annotations-17.0.0.jar:/home/runner/.m2/repository/com/github/docker-java/docker-java-api/3.2.13/docker-java-api-3.2.13.jar:/home/runner/.m2/repository/com/github/docker-java/docker-java-transport-zerodep/3.2.13/docker-java-transport-zerodep-3.2.13.jar:/home/runner/.m2/repository/com/github/docker-java/docker-java-transport/3.2.13/docker-java-transport-3.2.13.jar:/home/runner/.m2/repository/net/java/dev/jna/jna/5.8.0/jna-5.8.0.jar:/home/runner/.m2/repository/org/testcontainers/postgresql/1.17.6/postgresql-1.17.6.jar:/home/runner/.m2/repository/org/testcontainers/jdbc/1.17.1/jdbc-1.17.1.jar:/home/runner/.m2/repository/org/testcontainers/database-commons/1.17.1/database-commons-1.17.1.jar:/home/runner/.m2/repository/org/testcontainers/elasticsearch/1.17.6/elasticsearch-1.17.6.jar:"/>
    <property name="sun.cpu.endian" value="little"/>
    <property name="user.home" value="/home/runner"/>
    <property name="user.language" value="en"/>
    <property name="java.specification.vendor" value="Oracle Corporation"/>
    <property name="io.netty.allocator.maxOrder" value="3"/>
    <property name="java.version.date" value="2023-04-18"/>
    <property name="java.home" value="/usr/lib/jvm/temurin-11-jdk-amd64"/>
    <property name="file.separator" value="/"/>
    <property name="basedir" value="/home/runner/work/core/core/tools/dotcms-cli/api-data-model"/>
    <property name="java.vm.compressedOopsMode" value="32-bit"/>
    <property name="line.separator" value="&#10;"/>
    <property name="java.specification.name" value="Java Platform API Specification"/>
    <property name="java.vm.specification.vendor" value="Oracle Corporation"/>
    <property name="java.awt.graphicsenv" value="sun.awt.X11GraphicsEnvironment"/>
    <property name="surefire.real.class.path" value="/home/runner/work/core/core/tools/dotcms-cli/api-data-model/target/surefire/surefirebooter13931296712641684980.jar"/>
    <property name="sun.management.compiler" value="HotSpot 64-Bit Tiered Compilers"/>
    <property name="java.runtime.version" value="11.0.19+7"/>
    <property name="user.name" value="runner"/>
    <property name="path.separator" value=":"/>
    <property name="os.version" value="5.15.0-1042-azure"/>
    <property name="java.runtime.name" value="OpenJDK Runtime Environment"/>
    <property name="file.encoding" value="UTF-8"/>
    <property name="jnidispatch.path" value="/home/runner/.cache/JNA/temp/jna4527380488241807316.tmp"/>
    <property name="java.vm.name" value="OpenJDK 64-Bit Server VM"/>
    <property name="jna.platform.library.path" value="/usr/lib/x86_64-linux-gnu:/lib/x86_64-linux-gnu:/usr/lib64:/lib64:/usr/lib:/lib:/lib32:/usr/local/lib:/usr/lib/x86_64-linux-gnu/libfakeroot"/>
    <property name="java.vendor.version" value="Temurin-11.0.19+7"/>
    <property name="localRepository" value="/home/runner/.m2/repository"/>
    <property name="jna.loaded" value="true"/>
    <property name="java.vendor.url.bug" value="https://github.com/adoptium/adoptium-support/issues"/>
    <property name="java.io.tmpdir" value="/tmp"/>
    <property name="quarkus.log.file.path" value="target/quarkus.log"/>
    <property name="java.version" value="11.0.19"/>
    <property name="java.util.concurrent.ForkJoinPool.common.threadFactory" value="io.quarkus.bootstrap.forkjoin.QuarkusForkJoinWorkerThreadFactory"/>
    <property name="user.dir" value="/home/runner/work/core/core/tools/dotcms-cli/api-data-model"/>
    <property name="os.arch" value="amd64"/>
    <property name="java.vm.specification.name" value="Java Virtual Machine Specification"/>
    <property name="vertx.disableDnsResolver" value="true"/>
    <property name="java.awt.printerjob" value="sun.print.PSPrinterJob"/>
    <property name="sun.os.patch.level" value="unknown"/>
    <property name="java.util.logging.manager" value="org.jboss.logmanager.LogManager"/>
    <property name="java.library.path" value="/usr/java/packages/lib:/usr/lib64:/lib64:/lib:/usr/lib"/>
    <property name="java.vm.info" value="mixed mode"/>
    <property name="java.vendor" value="Eclipse Adoptium"/>
    <property name="vertx.disableTCCL" value="true"/>
    <property name="java.vm.version" value="11.0.19+7"/>
    <property name="sun.io.unicode.encoding" value="UnicodeLittle"/>
    <property name="io.netty.machineId" value="a7:ed:66:2c:ec:1a:71:ce"/>
    <property name="java.class.version" value="55.0"/>
    <property name="mp.openapi.extensions.smallrye.defaultConsumes" value="application/json"/>
  </properties>
  <testcase name="Test_Deserialize_Class_Alias_Content_Type" classname="com.dotcms.api.ContentTypeAPIIntegrationTest" time="1.108">
    <system-out><![CDATA[2023-08-04 12:58:12,540 INFO  [com.dot.ContainerResource] (docker-java-stream-1865446083) STDOUT: 12:58:12.540  INFO  util.SecurityLogger - class com.dotcms.cms.login.LoginServiceAPIFactory$LoginServiceImpl : User dotcms.org.1 has successfully login from IP: 172.19.0.1 -- ip:172.19.0.1,user:Admin User [ID: dotcms.org.1][email:admin@dotcms.com]
2023-08-04 12:58:12,541 INFO  [com.dot.ContainerResource] (docker-java-stream-1865446083) STDOUT: 12:58:12.540  INFO  util.SecurityLogger - class com.dotcms.rest.api.v1.authentication.CreateJsonWebTokenResource : A Json Web Token admin@dotcms.com is being created from IP: 172.19.0.1 -- ip:172.19.0.1,user:Admin User [ID: dotcms.org.1][email:admin@dotcms.com]
]]></system-out>
  </testcase>
  <testcase name="Test_Create_Then_Update_Then_Delete_Content_Type" classname="com.dotcms.api.ContentTypeAPIIntegrationTest" time="2.418">
    <system-out><![CDATA[2023-08-04 12:58:13,648 INFO  [com.dot.ContainerResource] (docker-java-stream-1865446083) STDOUT: 12:58:13.648  INFO  util.SecurityLogger - class com.dotcms.cms.login.LoginServiceAPIFactory$LoginServiceImpl : User dotcms.org.1 has successfully login from IP: 172.19.0.1 -- ip:172.19.0.1,user:Admin User [ID: dotcms.org.1][email:admin@dotcms.com]
2023-08-04 12:58:13,649 INFO  [com.dot.ContainerResource] (docker-java-stream-1865446083) STDOUT: 12:58:13.648  INFO  util.SecurityLogger - class com.dotcms.rest.api.v1.authentication.CreateJsonWebTokenResource : A Json Web Token admin@dotcms.com is being created from IP: 172.19.0.1 -- ip:172.19.0.1,user:Admin User [ID: dotcms.org.1][email:admin@dotcms.com]
2023-08-04 12:58:13,779 INFO  [com.dot.ContainerResource] (docker-java-stream-1865446083) STDOUT: 12:58:13.779  INFO  business.DeterministicIdentifierAPIImpl - hashing id: content:_var_1691153893654 to a9f8d29873bcd281c539f71c5295574f
2023-08-04 12:58:13,787 INFO  [com.dot.ContainerResource] (docker-java-stream-1865446083) STDOUT: 12:58:13.786  INFO  business.DeterministicIdentifierAPIImpl - hashing id: content:_var_1691153893654:lol to 3aa4164b007adfeb90a1a5733fdaf7cd
2023-08-04 12:58:13,806 INFO  [com.dot.ContainerResource] (docker-java-stream-1865446083) STDOUT: 12:58:13.806  INFO  util.ActivityLogger - class com.dotmarketing.util.ActivityLogger: system : Save Field Action , User system/system user added field _bin_var_1691153893654 to _var_1691153893654 Structure.
2023-08-04 12:58:13,813 INFO  [com.dot.ContainerResource] (docker-java-stream-1865446083) STDOUT: 12:58:13.813  INFO  util.ActivityLogger - class com.dotcms.contenttype.business.ContentTypeAPIImpl: system : Save ContentType Action , User dotcms.org.1/Admin User added ContentType _var_1691153893654 to host id:SYSTEM_HOST
2023-08-04 12:58:13,814 INFO  [com.dot.ContainerResource] (docker-java-stream-1865446083) STDOUT: 12:58:13.814  INFO  business.ContentTypeAPIImpl - UserId : dotcms.org.1 : ContentType : ContentType saved : _var_1691153893654
2023-08-04 12:58:13,814 INFO  [com.dot.ContainerResource] (docker-java-stream-1865446083) STDOUT: 12:58:13.814  INFO  util.AdminLogger - UserId : dotcms.org.1 : class com.dotcms.contenttype.business.ContentTypeAPIImpl : ContentType : ContentType saved : _var_1691153893654
2023-08-04 12:58:13,817 INFO  [com.dot.ContainerResource] (docker-java-stream-1865446083) STDOUT: 12:58:13.817  INFO  business.WorkflowAPIImpl - Saving Schemas [  ] for Content type 'a9f8d29873bcd281c539f71c5295574f'
2023-08-04 12:58:13,818 INFO  [com.dot.ContainerResource] (docker-java-stream-1865446083) STDOUT: 12:58:13.818  INFO  util.SecurityLogger - class com.dotmarketing.portlets.workflows.business.WorkflowAPIImpl : Saving Schemas [  ] for Content type 'a9f8d29873bcd281c539f71c5295574f' -- ip:172.19.0.1,user:Admin User [ID: dotcms.org.1][email:admin@dotcms.com]
2023-08-04 12:58:14,048 INFO  [com.dot.ContainerResource] (docker-java-stream-1865446083) STDOUT: 12:58:14.047  WARN  client.RestClient - request [POST http://elasticsearch:9200/cluster_c40f8aa8c9.live_20230804125756/_search?typed_keys=true&max_concurrent_shard_requests=5&ignore_unavailable=false&expand_wildcards=open&allow_no_indices=true&ignore_throttled=true&search_type=query_then_fetch&batched_reduce_size=512&ccs_minimize_roundtrips=true] returned 2 warnings: [299 Elasticsearch-7.16.1-5b38441b16b1ebb16a27c107a4c3865776e20c53 "Elasticsearch built-in security features are not enabled. Without authentication, your cluster could be accessible to anyone. See https://www.elastic.co/guide/en/elasticsearch/reference/7.16/security-minimal-setup.html to enable security."],[299 Elasticsearch-7.16.1-5b38441b16b1ebb16a27c107a4c3865776e20c53 "[ignore_throttled] parameter is deprecated because frozen indices have been deprecated. Consider cold or frozen tiers in place of frozen indices."]
2023-08-04 12:58:14,065 INFO  [com.dot.ContainerResource] (docker-java-stream-1865446083) STDOUT: 12:58:14.064  WARN  client.RestClient - request [POST http://elasticsearch:9200/cluster_c40f8aa8c9.live_20230804125756/_search?typed_keys=true&max_concurrent_shard_requests=5&ignore_unavailable=false&expand_wildcards=open&allow_no_indices=true&ignore_throttled=true&search_type=query_then_fetch&batched_reduce_size=512&ccs_minimize_roundtrips=true] returned 2 warnings: [299 Elasticsearch-7.16.1-5b38441b16b1ebb16a27c107a4c3865776e20c53 "Elasticsearch built-in security features are not enabled. Without authentication, your cluster could be accessible to anyone. See https://www.elastic.co/guide/en/elasticsearch/reference/7.16/security-minimal-setup.html to enable security."],[299 Elasticsearch-7.16.1-5b38441b16b1ebb16a27c107a4c3865776e20c53 "[ignore_throttled] parameter is deprecated because frozen indices have been deprecated. Consider cold or frozen tiers in place of frozen indices."]
2023-08-04 12:58:14,090 INFO  [com.dot.ContainerResource] (docker-java-stream-1865446083) STDOUT: 12:58:14.089  WARN  client.RestClient - request [POST http://elasticsearch:9200/cluster_c40f8aa8c9.live_20230804125756/_search?typed_keys=true&max_concurrent_shard_requests=5&ignore_unavailable=false&expand_wildcards=open&allow_no_indices=true&ignore_throttled=true&search_type=query_then_fetch&batched_reduce_size=512&ccs_minimize_roundtrips=true] returned 2 warnings: [299 Elasticsearch-7.16.1-5b38441b16b1ebb16a27c107a4c3865776e20c53 "Elasticsearch built-in security features are not enabled. Without authentication, your cluster could be accessible to anyone. See https://www.elastic.co/guide/en/elasticsearch/reference/7.16/security-minimal-setup.html to enable security."],[299 Elasticsearch-7.16.1-5b38441b16b1ebb16a27c107a4c3865776e20c53 "[ignore_throttled] parameter is deprecated because frozen indices have been deprecated. Consider cold or frozen tiers in place of frozen indices."]
2023-08-04 12:58:14,108 INFO  [com.dot.ContainerResource] (docker-java-stream-1865446083) STDOUT: 12:58:14.107  WARN  client.RestClient - request [POST http://elasticsearch:9200/cluster_c40f8aa8c9.live_20230804125756/_search?typed_keys=true&max_concurrent_shard_requests=5&ignore_unavailable=false&expand_wildcards=open&allow_no_indices=true&ignore_throttled=true&search_type=query_then_fetch&batched_reduce_size=512&ccs_minimize_roundtrips=true] returned 2 warnings: [299 Elasticsearch-7.16.1-5b38441b16b1ebb16a27c107a4c3865776e20c53 "Elasticsearch built-in security features are not enabled. Without authentication, your cluster could be accessible to anyone. See https://www.elastic.co/guide/en/elasticsearch/reference/7.16/security-minimal-setup.html to enable security."],[299 Elasticsearch-7.16.1-5b38441b16b1ebb16a27c107a4c3865776e20c53 "[ignore_throttled] parameter is deprecated because frozen indices have been deprecated. Consider cold or frozen tiers in place of frozen indices."]
2023-08-04 12:58:14,130 INFO  [com.dot.ContainerResource] (docker-java-stream-1865446083) STDOUT: 12:58:14.129  WARN  client.RestClient - request [POST http://elasticsearch:9200/cluster_c40f8aa8c9.live_20230804125756/_search?typed_keys=true&max_concurrent_shard_requests=5&ignore_unavailable=false&expand_wildcards=open&allow_no_indices=true&ignore_throttled=true&search_type=query_then_fetch&batched_reduce_size=512&ccs_minimize_roundtrips=true] returned 2 warnings: [299 Elasticsearch-7.16.1-5b38441b16b1ebb16a27c107a4c3865776e20c53 "Elasticsearch built-in security features are not enabled. Without authentication, your cluster could be accessible to anyone. See https://www.elastic.co/guide/en/elasticsearch/reference/7.16/security-minimal-setup.html to enable security."],[299 Elasticsearch-7.16.1-5b38441b16b1ebb16a27c107a4c3865776e20c53 "[ignore_throttled] parameter is deprecated because frozen indices have been deprecated. Consider cold or frozen tiers in place of frozen indices."]
2023-08-04 12:58:14,150 INFO  [com.dot.ContainerResource] (docker-java-stream-1865446083) STDOUT: 12:58:14.149  WARN  client.RestClient - request [POST http://elasticsearch:9200/cluster_c40f8aa8c9.live_20230804125756/_search?typed_keys=true&max_concurrent_shard_requests=5&ignore_unavailable=false&expand_wildcards=open&allow_no_indices=true&ignore_throttled=true&search_type=query_then_fetch&batched_reduce_size=512&ccs_minimize_roundtrips=true] returned 2 warnings: [299 Elasticsearch-7.16.1-5b38441b16b1ebb16a27c107a4c3865776e20c53 "Elasticsearch built-in security features are not enabled. Without authentication, your cluster could be accessible to anyone. See https://www.elastic.co/guide/en/elasticsearch/reference/7.16/security-minimal-setup.html to enable security."],[299 Elasticsearch-7.16.1-5b38441b16b1ebb16a27c107a4c3865776e20c53 "[ignore_throttled] parameter is deprecated because frozen indices have been deprecated. Consider cold or frozen tiers in place of frozen indices."]
2023-08-04 12:58:14,165 INFO  [com.dot.ContainerResource] (docker-java-stream-1865446083) STDOUT: 12:58:14.165  WARN  client.RestClient - request [POST http://elasticsearch:9200/cluster_c40f8aa8c9.live_20230804125756/_search?typed_keys=true&max_concurrent_shard_requests=5&ignore_unavailable=false&expand_wildcards=open&allow_no_indices=true&ignore_throttled=true&search_type=query_then_fetch&batched_reduce_size=512&ccs_minimize_roundtrips=true] returned 2 warnings: [299 Elasticsearch-7.16.1-5b38441b16b1ebb16a27c107a4c3865776e20c53 "Elasticsearch built-in security features are not enabled. Without authentication, your cluster could be accessible to anyone. See https://www.elastic.co/guide/en/elasticsearch/reference/7.16/security-minimal-setup.html to enable security."],[299 Elasticsearch-7.16.1-5b38441b16b1ebb16a27c107a4c3865776e20c53 "[ignore_throttled] parameter is deprecated because frozen indices have been deprecated. Consider cold or frozen tiers in place of frozen indices."]
2023-08-04 12:58:14,180 INFO  [com.dot.ContainerResource] (docker-java-stream-1865446083) STDOUT: 12:58:14.179  WARN  client.RestClient - request [POST http://elasticsearch:9200/cluster_c40f8aa8c9.live_20230804125756/_search?typed_keys=true&max_concurrent_shard_requests=5&ignore_unavailable=false&expand_wildcards=open&allow_no_indices=true&ignore_throttled=true&search_type=query_then_fetch&batched_reduce_size=512&ccs_minimize_roundtrips=true] returned 2 warnings: [299 Elasticsearch-7.16.1-5b38441b16b1ebb16a27c107a4c3865776e20c53 "Elasticsearch built-in security features are not enabled. Without authentication, your cluster could be accessible to anyone. See https://www.elastic.co/guide/en/elasticsearch/reference/7.16/security-minimal-setup.html to enable security."],[299 Elasticsearch-7.16.1-5b38441b16b1ebb16a27c107a4c3865776e20c53 "[ignore_throttled] parameter is deprecated because frozen indices have been deprecated. Consider cold or frozen tiers in place of frozen indices."]
2023-08-04 12:58:14,197 INFO  [com.dot.ContainerResource] (docker-java-stream-1865446083) STDOUT: 12:58:14.196  WARN  client.RestClient - request [POST http://elasticsearch:9200/cluster_c40f8aa8c9.live_20230804125756/_search?typed_keys=true&max_concurrent_shard_requests=5&ignore_unavailable=false&expand_wildcards=open&allow_no_indices=true&ignore_throttled=true&search_type=query_then_fetch&batched_reduce_size=512&ccs_minimize_roundtrips=true] returned 2 warnings: [299 Elasticsearch-7.16.1-5b38441b16b1ebb16a27c107a4c3865776e20c53 "Elasticsearch built-in security features are not enabled. Without authentication, your cluster could be accessible to anyone. See https://www.elastic.co/guide/en/elasticsearch/reference/7.16/security-minimal-setup.html to enable security."],[299 Elasticsearch-7.16.1-5b38441b16b1ebb16a27c107a4c3865776e20c53 "[ignore_throttled] parameter is deprecated because frozen indices have been deprecated. Consider cold or frozen tiers in place of frozen indices."]
2023-08-04 12:58:14,214 INFO  [com.dot.ContainerResource] (docker-java-stream-1865446083) STDOUT: 12:58:14.214  WARN  client.RestClient - request [POST http://elasticsearch:9200/cluster_c40f8aa8c9.live_20230804125756/_search?typed_keys=true&max_concurrent_shard_requests=5&ignore_unavailable=false&expand_wildcards=open&allow_no_indices=true&ignore_throttled=true&search_type=query_then_fetch&batched_reduce_size=512&ccs_minimize_roundtrips=true] returned 2 warnings: [299 Elasticsearch-7.16.1-5b38441b16b1ebb16a27c107a4c3865776e20c53 "Elasticsearch built-in security features are not enabled. Without authentication, your cluster could be accessible to anyone. See https://www.elastic.co/guide/en/elasticsearch/reference/7.16/security-minimal-setup.html to enable security."],[299 Elasticsearch-7.16.1-5b38441b16b1ebb16a27c107a4c3865776e20c53 "[ignore_throttled] parameter is deprecated because frozen indices have been deprecated. Consider cold or frozen tiers in place of frozen indices."]
2023-08-04 12:58:14,225 INFO  [com.dot.ContainerResource] (docker-java-stream-1865446083) STDOUT: 12:58:14.224  WARN  client.RestClient - request [POST http://elasticsearch:9200/cluster_c40f8aa8c9.live_20230804125756/_search?typed_keys=true&max_concurrent_shard_requests=5&ignore_unavailable=false&expand_wildcards=open&allow_no_indices=true&ignore_throttled=true&search_type=query_then_fetch&batched_reduce_size=512&ccs_minimize_roundtrips=true] returned 2 warnings: [299 Elasticsearch-7.16.1-5b38441b16b1ebb16a27c107a4c3865776e20c53 "Elasticsearch built-in security features are not enabled. Without authentication, your cluster could be accessible to anyone. See https://www.elastic.co/guide/en/elasticsearch/reference/7.16/security-minimal-setup.html to enable security."],[299 Elasticsearch-7.16.1-5b38441b16b1ebb16a27c107a4c3865776e20c53 "[ignore_throttled] parameter is deprecated because frozen indices have been deprecated. Consider cold or frozen tiers in place of frozen indices."]
2023-08-04 12:58:14,238 INFO  [com.dot.ContainerResource] (docker-java-stream-1865446083) STDOUT: 12:58:14.237  WARN  client.RestClient - request [POST http://elasticsearch:9200/cluster_c40f8aa8c9.live_20230804125756/_search?typed_keys=true&max_concurrent_shard_requests=5&ignore_unavailable=false&expand_wildcards=open&allow_no_indices=true&ignore_throttled=true&search_type=query_then_fetch&batched_reduce_size=512&ccs_minimize_roundtrips=true] returned 2 warnings: [299 Elasticsearch-7.16.1-5b38441b16b1ebb16a27c107a4c3865776e20c53 "Elasticsearch built-in security features are not enabled. Without authentication, your cluster could be accessible to anyone. See https://www.elastic.co/guide/en/elasticsearch/reference/7.16/security-minimal-setup.html to enable security."],[299 Elasticsearch-7.16.1-5b38441b16b1ebb16a27c107a4c3865776e20c53 "[ignore_throttled] parameter is deprecated because frozen indices have been deprecated. Consider cold or frozen tiers in place of frozen indices."]
2023-08-04 12:58:14,248 INFO  [com.dot.ContainerResource] (docker-java-stream-1865446083) STDOUT: 12:58:14.248  WARN  client.RestClient - request [POST http://elasticsearch:9200/cluster_c40f8aa8c9.live_20230804125756/_search?typed_keys=true&max_concurrent_shard_requests=5&ignore_unavailable=false&expand_wildcards=open&allow_no_indices=true&ignore_throttled=true&search_type=query_then_fetch&batched_reduce_size=512&ccs_minimize_roundtrips=true] returned 2 warnings: [299 Elasticsearch-7.16.1-5b38441b16b1ebb16a27c107a4c3865776e20c53 "Elasticsearch built-in security features are not enabled. Without authentication, your cluster could be accessible to anyone. See https://www.elastic.co/guide/en/elasticsearch/reference/7.16/security-minimal-setup.html to enable security."],[299 Elasticsearch-7.16.1-5b38441b16b1ebb16a27c107a4c3865776e20c53 "[ignore_throttled] parameter is deprecated because frozen indices have been deprecated. Consider cold or frozen tiers in place of frozen indices."]
2023-08-04 12:58:14,276 INFO  [com.dot.ContainerResource] (docker-java-stream-1865446083) STDOUT: 12:58:14.276  WARN  client.RestClient - request [POST http://elasticsearch:9200/cluster_c40f8aa8c9.live_20230804125756/_search?typed_keys=true&max_concurrent_shard_requests=5&ignore_unavailable=false&expand_wildcards=open&allow_no_indices=true&ignore_throttled=true&search_type=query_then_fetch&batched_reduce_size=512&ccs_minimize_roundtrips=true] returned 2 warnings: [299 Elasticsearch-7.16.1-5b38441b16b1ebb16a27c107a4c3865776e20c53 "Elasticsearch built-in security features are not enabled. Without authentication, your cluster could be accessible to anyone. See https://www.elastic.co/guide/en/elasticsearch/reference/7.16/security-minimal-setup.html to enable security."],[299 Elasticsearch-7.16.1-5b38441b16b1ebb16a27c107a4c3865776e20c53 "[ignore_throttled] parameter is deprecated because frozen indices have been deprecated. Consider cold or frozen tiers in place of frozen indices."]
2023-08-04 12:58:14,292 INFO  [com.dot.ContainerResource] (docker-java-stream-1865446083) STDOUT: 12:58:14.291  WARN  client.RestClient - request [POST http://elasticsearch:9200/cluster_c40f8aa8c9.live_20230804125756/_search?typed_keys=true&max_concurrent_shard_requests=5&ignore_unavailable=false&expand_wildcards=open&allow_no_indices=true&ignore_throttled=true&search_type=query_then_fetch&batched_reduce_size=512&ccs_minimize_roundtrips=true] returned 2 warnings: [299 Elasticsearch-7.16.1-5b38441b16b1ebb16a27c107a4c3865776e20c53 "Elasticsearch built-in security features are not enabled. Without authentication, your cluster could be accessible to anyone. See https://www.elastic.co/guide/en/elasticsearch/reference/7.16/security-minimal-setup.html to enable security."],[299 Elasticsearch-7.16.1-5b38441b16b1ebb16a27c107a4c3865776e20c53 "[ignore_throttled] parameter is deprecated because frozen indices have been deprecated. Consider cold or frozen tiers in place of frozen indices."]
2023-08-04 12:58:14,303 INFO  [com.dot.ContainerResource] (docker-java-stream-1865446083) STDOUT: 12:58:14.302  WARN  client.RestClient - request [POST http://elasticsearch:9200/cluster_c40f8aa8c9.live_20230804125756/_search?typed_keys=true&max_concurrent_shard_requests=5&ignore_unavailable=false&expand_wildcards=open&allow_no_indices=true&ignore_throttled=true&search_type=query_then_fetch&batched_reduce_size=512&ccs_minimize_roundtrips=true] returned 2 warnings: [299 Elasticsearch-7.16.1-5b38441b16b1ebb16a27c107a4c3865776e20c53 "Elasticsearch built-in security features are not enabled. Without authentication, your cluster could be accessible to anyone. See https://www.elastic.co/guide/en/elasticsearch/reference/7.16/security-minimal-setup.html to enable security."],[299 Elasticsearch-7.16.1-5b38441b16b1ebb16a27c107a4c3865776e20c53 "[ignore_throttled] parameter is deprecated because frozen indices have been deprecated. Consider cold or frozen tiers in place of frozen indices."]
2023-08-04 12:58:14,314 INFO  [com.dot.ContainerResource] (docker-java-stream-1865446083) STDOUT: 12:58:14.313  WARN  client.RestClient - request [POST http://elasticsearch:9200/cluster_c40f8aa8c9.live_20230804125756/_search?typed_keys=true&max_concurrent_shard_requests=5&ignore_unavailable=false&expand_wildcards=open&allow_no_indices=true&ignore_throttled=true&search_type=query_then_fetch&batched_reduce_size=512&ccs_minimize_roundtrips=true] returned 2 warnings: [299 Elasticsearch-7.16.1-5b38441b16b1ebb16a27c107a4c3865776e20c53 "Elasticsearch built-in security features are not enabled. Without authentication, your cluster could be accessible to anyone. See https://www.elastic.co/guide/en/elasticsearch/reference/7.16/security-minimal-setup.html to enable security."],[299 Elasticsearch-7.16.1-5b38441b16b1ebb16a27c107a4c3865776e20c53 "[ignore_throttled] parameter is deprecated because frozen indices have been deprecated. Consider cold or frozen tiers in place of frozen indices."]
2023-08-04 12:58:14,324 INFO  [com.dot.ContainerResource] (docker-java-stream-1865446083) STDOUT: 12:58:14.324  WARN  client.RestClient - request [POST http://elasticsearch:9200/cluster_c40f8aa8c9.live_20230804125756/_search?typed_keys=true&max_concurrent_shard_requests=5&ignore_unavailable=false&expand_wildcards=open&allow_no_indices=true&ignore_throttled=true&search_type=query_then_fetch&batched_reduce_size=512&ccs_minimize_roundtrips=true] returned 2 warnings: [299 Elasticsearch-7.16.1-5b38441b16b1ebb16a27c107a4c3865776e20c53 "Elasticsearch built-in security features are not enabled. Without authentication, your cluster could be accessible to anyone. See https://www.elastic.co/guide/en/elasticsearch/reference/7.16/security-minimal-setup.html to enable security."],[299 Elasticsearch-7.16.1-5b38441b16b1ebb16a27c107a4c3865776e20c53 "[ignore_throttled] parameter is deprecated because frozen indices have been deprecated. Consider cold or frozen tiers in place of frozen indices."]
2023-08-04 12:58:14,339 INFO  [com.dot.ContainerResource] (docker-java-stream-1865446083) STDOUT: 12:58:14.338  WARN  client.RestClient - request [POST http://elasticsearch:9200/cluster_c40f8aa8c9.live_20230804125756/_search?typed_keys=true&max_concurrent_shard_requests=5&ignore_unavailable=false&expand_wildcards=open&allow_no_indices=true&ignore_throttled=true&search_type=query_then_fetch&batched_reduce_size=512&ccs_minimize_roundtrips=true] returned 2 warnings: [299 Elasticsearch-7.16.1-5b38441b16b1ebb16a27c107a4c3865776e20c53 "Elasticsearch built-in security features are not enabled. Without authentication, your cluster could be accessible to anyone. See https://www.elastic.co/guide/en/elasticsearch/reference/7.16/security-minimal-setup.html to enable security."],[299 Elasticsearch-7.16.1-5b38441b16b1ebb16a27c107a4c3865776e20c53 "[ignore_throttled] parameter is deprecated because frozen indices have been deprecated. Consider cold or frozen tiers in place of frozen indices."]
2023-08-04 12:58:14,370 INFO  [com.dot.ContainerResource] (docker-java-stream-1865446083) STDOUT: 12:58:14.368  WARN  client.RestClient - request [POST http://elasticsearch:9200/cluster_c40f8aa8c9.live_20230804125756/_search?typed_keys=true&max_concurrent_shard_requests=5&ignore_unavailable=false&expand_wildcards=open&allow_no_indices=true&ignore_throttled=true&search_type=query_then_fetch&batched_reduce_size=512&ccs_minimize_roundtrips=true] returned 2 warnings: [299 Elasticsearch-7.16.1-5b38441b16b1ebb16a27c107a4c3865776e20c53 "Elasticsearch built-in security features are not enabled. Without authentication, your cluster could be accessible to anyone. See https://www.elastic.co/guide/en/elasticsearch/reference/7.16/security-minimal-setup.html to enable security."],[299 Elasticsearch-7.16.1-5b38441b16b1ebb16a27c107a4c3865776e20c53 "[ignore_throttled] parameter is deprecated because frozen indices have been deprecated. Consider cold or frozen tiers in place of frozen indices."]
2023-08-04 12:58:14,568 INFO  [com.dot.ContainerResource] (docker-java-stream-1865446083) STDOUT: 12:58:14.566  INFO  util.ActivityLogger - class com.dotcms.contenttype.business.ContentTypeAPIImpl: system : Save ContentType Action , User dotcms.org.1/Admin User added ContentType _var_1691153893654 to host id:SYSTEM_HOST
2023-08-04 12:58:14,569 INFO  [com.dot.ContainerResource] (docker-java-stream-1865446083) STDOUT: 12:58:14.566  INFO  business.ContentTypeAPIImpl - UserId : dotcms.org.1 : ContentType : ContentType saved : _var_1691153893654
2023-08-04 12:58:14,569 INFO  [com.dot.ContainerResource] (docker-java-stream-1865446083) STDOUT: 12:58:14.566  INFO  util.AdminLogger - UserId : dotcms.org.1 : class com.dotcms.contenttype.business.ContentTypeAPIImpl : ContentType : ContentType saved : _var_1691153893654
2023-08-04 12:58:14,569 INFO  [com.dot.ContainerResource] (docker-java-stream-1865446083) STDOUT: 12:58:14.567  INFO  business.WorkflowAPIImpl - Saving Schemas [  ] for Content type 'a9f8d29873bcd281c539f71c5295574f'
2023-08-04 12:58:14,569 INFO  [com.dot.ContainerResource] (docker-java-stream-1865446083) STDOUT: 12:58:14.567  INFO  util.SecurityLogger - class com.dotmarketing.portlets.workflows.business.WorkflowAPIImpl : Saving Schemas [  ] for Content type 'a9f8d29873bcd281c539f71c5295574f' -- ip:172.19.0.1,user:Admin User [ID: dotcms.org.1][email:admin@dotcms.com]
2023-08-04 12:58:14,601 INFO  [com.dot.ContainerResource] (docker-java-stream-1865446083) STDOUT: 12:58:14.600  INFO  reindex.ReindexThread - --- Unpausing reindex thread 
2023-08-04 12:58:14,673 INFO  [com.dot.ContainerResource] (docker-java-stream-1865446083) STDOUT: 12:58:14.673  INFO  business.DeterministicIdentifierAPIImpl - hashing id: content:_var_1691153893654_disposed_1691153894671 to 12a79f03808e7ef810714acbfbe6538a
2023-08-04 12:58:14,682 INFO  [com.dot.ContainerResource] (docker-java-stream-1865446083) STDOUT: 12:58:14.681  INFO  business.ContentTypeAPIImpl - ::: CT (_var_1691153893654) with inode:(a9f8d29873bcd281c539f71c5295574f) Will be deleted shortly. A Copy  with  name (_var_1691153893654_disposed_1691153894671) and inode (12a79f03808e7ef810714acbfbe6538a) will be used to dispose all contentlets in background. :::
2023-08-04 12:58:14,801 INFO  [com.dot.ContainerResource] (docker-java-stream-1865446083) STDOUT: 12:58:14.798  WARN  client.RestClient - request [POST http://elasticsearch:9200/cluster_c40f8aa8c9.working_20230804125756,cluster_c40f8aa8c9.live_20230804125756/_delete_by_query?slices=1&requests_per_second=-1&ignore_unavailable=false&expand_wildcards=open&allow_no_indices=true&ignore_throttled=true&wait_for_completion=true&timeout=15000ms] returned 2 warnings: [299 Elasticsearch-7.16.1-5b38441b16b1ebb16a27c107a4c3865776e20c53 "Elasticsearch built-in security features are not enabled. Without authentication, your cluster could be accessible to anyone. See https://www.elastic.co/guide/en/elasticsearch/reference/7.16/security-minimal-setup.html to enable security."],[299 Elasticsearch-7.16.1-5b38441b16b1ebb16a27c107a4c3865776e20c53 "[ignore_throttled] parameter is deprecated because frozen indices have been deprecated. Consider cold or frozen tiers in place of frozen indices."]
2023-08-04 12:58:14,821 INFO  [com.dot.ContainerResource] (docker-java-stream-1865446083) STDOUT: 12:58:14.821  INFO  business.ContentletIndexAPIImpl - Records deleted: 0 from contentType: _var_1691153893654
2023-08-04 12:58:14,837 INFO  [com.dot.ContainerResource] (docker-java-stream-1865446083) STDOUT: 12:58:14.836  WARN  client.RestClient - request [POST http://elasticsearch:9200/cluster_c40f8aa8c9.live_20230804125756/_search?typed_keys=true&max_concurrent_shard_requests=5&ignore_unavailable=false&expand_wildcards=open&allow_no_indices=true&ignore_throttled=true&search_type=query_then_fetch&batched_reduce_size=512&ccs_minimize_roundtrips=true] returned 2 warnings: [299 Elasticsearch-7.16.1-5b38441b16b1ebb16a27c107a4c3865776e20c53 "Elasticsearch built-in security features are not enabled. Without authentication, your cluster could be accessible to anyone. See https://www.elastic.co/guide/en/elasticsearch/reference/7.16/security-minimal-setup.html to enable security."],[299 Elasticsearch-7.16.1-5b38441b16b1ebb16a27c107a4c3865776e20c53 "[ignore_throttled] parameter is deprecated because frozen indices have been deprecated. Consider cold or frozen tiers in place of frozen indices."]
2023-08-04 12:58:14,851 INFO  [com.dot.ContainerResource] (docker-java-stream-1865446083) STDOUT: 12:58:14.851  WARN  client.RestClient - request [POST http://elasticsearch:9200/cluster_c40f8aa8c9.live_20230804125756/_search?typed_keys=true&max_concurrent_shard_requests=5&ignore_unavailable=false&expand_wildcards=open&allow_no_indices=true&ignore_throttled=true&search_type=query_then_fetch&batched_reduce_size=512&ccs_minimize_roundtrips=true] returned 2 warnings: [299 Elasticsearch-7.16.1-5b38441b16b1ebb16a27c107a4c3865776e20c53 "Elasticsearch built-in security features are not enabled. Without authentication, your cluster could be accessible to anyone. See https://www.elastic.co/guide/en/elasticsearch/reference/7.16/security-minimal-setup.html to enable security."],[299 Elasticsearch-7.16.1-5b38441b16b1ebb16a27c107a4c3865776e20c53 "[ignore_throttled] parameter is deprecated because frozen indices have been deprecated. Consider cold or frozen tiers in place of frozen indices."]
2023-08-04 12:58:14,863 INFO  [com.dot.ContainerResource] (docker-java-stream-1865446083) STDOUT: 12:58:14.861  WARN  client.RestClient - request [POST http://elasticsearch:9200/cluster_c40f8aa8c9.live_20230804125756/_search?typed_keys=true&max_concurrent_shard_requests=5&ignore_unavailable=false&expand_wildcards=open&allow_no_indices=true&ignore_throttled=true&search_type=query_then_fetch&batched_reduce_size=512&ccs_minimize_roundtrips=true] returned 2 warnings: [299 Elasticsearch-7.16.1-5b38441b16b1ebb16a27c107a4c3865776e20c53 "Elasticsearch built-in security features are not enabled. Without authentication, your cluster could be accessible to anyone. See https://www.elastic.co/guide/en/elasticsearch/reference/7.16/security-minimal-setup.html to enable security."],[299 Elasticsearch-7.16.1-5b38441b16b1ebb16a27c107a4c3865776e20c53 "[ignore_throttled] parameter is deprecated because frozen indices have been deprecated. Consider cold or frozen tiers in place of frozen indices."]
2023-08-04 12:58:14,885 INFO  [com.dot.ContainerResource] (docker-java-stream-1865446083) STDOUT: 12:58:14.883  WARN  client.RestClient - request [POST http://elasticsearch:9200/cluster_c40f8aa8c9.live_20230804125756/_search?typed_keys=true&max_concurrent_shard_requests=5&ignore_unavailable=false&expand_wildcards=open&allow_no_indices=true&ignore_throttled=true&search_type=query_then_fetch&batched_reduce_size=512&ccs_minimize_roundtrips=true] returned 2 warnings: [299 Elasticsearch-7.16.1-5b38441b16b1ebb16a27c107a4c3865776e20c53 "Elasticsearch built-in security features are not enabled. Without authentication, your cluster could be accessible to anyone. See https://www.elastic.co/guide/en/elasticsearch/reference/7.16/security-minimal-setup.html to enable security."],[299 Elasticsearch-7.16.1-5b38441b16b1ebb16a27c107a4c3865776e20c53 "[ignore_throttled] parameter is deprecated because frozen indices have been deprecated. Consider cold or frozen tiers in place of frozen indices."]
2023-08-04 12:58:14,895 INFO  [com.dot.ContainerResource] (docker-java-stream-1865446083) STDOUT: 12:58:14.894  WARN  client.RestClient - request [POST http://elasticsearch:9200/cluster_c40f8aa8c9.live_20230804125756/_search?typed_keys=true&max_concurrent_shard_requests=5&ignore_unavailable=false&expand_wildcards=open&allow_no_indices=true&ignore_throttled=true&search_type=query_then_fetch&batched_reduce_size=512&ccs_minimize_roundtrips=true] returned 2 warnings: [299 Elasticsearch-7.16.1-5b38441b16b1ebb16a27c107a4c3865776e20c53 "Elasticsearch built-in security features are not enabled. Without authentication, your cluster could be accessible to anyone. See https://www.elastic.co/guide/en/elasticsearch/reference/7.16/security-minimal-setup.html to enable security."],[299 Elasticsearch-7.16.1-5b38441b16b1ebb16a27c107a4c3865776e20c53 "[ignore_throttled] parameter is deprecated because frozen indices have been deprecated. Consider cold or frozen tiers in place of frozen indices."]
2023-08-04 12:58:14,906 INFO  [com.dot.ContainerResource] (docker-java-stream-1865446083) STDOUT: 12:58:14.906  WARN  client.RestClient - request [POST http://elasticsearch:9200/cluster_c40f8aa8c9.live_20230804125756/_search?typed_keys=true&max_concurrent_shard_requests=5&ignore_unavailable=false&expand_wildcards=open&allow_no_indices=true&ignore_throttled=true&search_type=query_then_fetch&batched_reduce_size=512&ccs_minimize_roundtrips=true] returned 2 warnings: [299 Elasticsearch-7.16.1-5b38441b16b1ebb16a27c107a4c3865776e20c53 "Elasticsearch built-in security features are not enabled. Without authentication, your cluster could be accessible to anyone. See https://www.elastic.co/guide/en/elasticsearch/reference/7.16/security-minimal-setup.html to enable security."],[299 Elasticsearch-7.16.1-5b38441b16b1ebb16a27c107a4c3865776e20c53 "[ignore_throttled] parameter is deprecated because frozen indices have been deprecated. Consider cold or frozen tiers in place of frozen indices."]
Waiting for CT to be deleted
2023-08-04 12:58:14,935 INFO  [com.dot.ContainerResource] (docker-java-stream-1865446083) STDOUT: 12:58:14.934  INFO  business.ContentTypeDestroyAPIImpl - Relocated from (500) to (1000) out of (0) contentlets..
2023-08-04 12:58:14,935 INFO  [com.dot.ContainerResource] (docker-java-stream-1865446083) STDOUT: 12:58:14.934  INFO  business.ContentTypeFactoryImpl - ::: Relocated 0 contentlets for ContentType [_var_1691153893654] to [_var_1691153893654_disposed_1691153894671] :::
2023-08-04 12:58:14,959 INFO  [com.dot.ContainerResource] (docker-java-stream-1865446083) STDOUT: 12:58:14.959  WARN  client.RestClient - request [POST http://elasticsearch:9200/cluster_c40f8aa8c9.live_20230804125756/_search?typed_keys=true&max_concurrent_shard_requests=5&ignore_unavailable=false&expand_wildcards=open&allow_no_indices=true&ignore_throttled=true&search_type=query_then_fetch&batched_reduce_size=512&ccs_minimize_roundtrips=true] returned 2 warnings: [299 Elasticsearch-7.16.1-5b38441b16b1ebb16a27c107a4c3865776e20c53 "Elasticsearch built-in security features are not enabled. Without authentication, your cluster could be accessible to anyone. See https://www.elastic.co/guide/en/elasticsearch/reference/7.16/security-minimal-setup.html to enable security."],[299 Elasticsearch-7.16.1-5b38441b16b1ebb16a27c107a4c3865776e20c53 "[ignore_throttled] parameter is deprecated because frozen indices have been deprecated. Consider cold or frozen tiers in place of frozen indices."]
2023-08-04 12:58:14,974 INFO  [com.dot.ContainerResource] (docker-java-stream-1865446083) STDOUT: 12:58:14.974  WARN  client.RestClient - request [POST http://elasticsearch:9200/cluster_c40f8aa8c9.live_20230804125756/_search?typed_keys=true&max_concurrent_shard_requests=5&ignore_unavailable=false&expand_wildcards=open&allow_no_indices=true&ignore_throttled=true&search_type=query_then_fetch&batched_reduce_size=512&ccs_minimize_roundtrips=true] returned 2 warnings: [299 Elasticsearch-7.16.1-5b38441b16b1ebb16a27c107a4c3865776e20c53 "Elasticsearch built-in security features are not enabled. Without authentication, your cluster could be accessible to anyone. See https://www.elastic.co/guide/en/elasticsearch/reference/7.16/security-minimal-setup.html to enable security."],[299 Elasticsearch-7.16.1-5b38441b16b1ebb16a27c107a4c3865776e20c53 "[ignore_throttled] parameter is deprecated because frozen indices have been deprecated. Consider cold or frozen tiers in place of frozen indices."]
2023-08-04 12:58:14,984 INFO  [com.dot.ContainerResource] (docker-java-stream-1865446083) STDOUT: 12:58:14.984  INFO  business.WorkflowFactoryImpl - Deleting the schemes associated to the content type: a9f8d29873bcd281c539f71c5295574f
2023-08-04 12:58:14,985 INFO  [com.dot.ContainerResource] (docker-java-stream-1865446083) STDOUT: 12:58:14.985  WARN  client.RestClient - request [POST http://elasticsearch:9200/cluster_c40f8aa8c9.live_20230804125756/_search?typed_keys=true&max_concurrent_shard_requests=5&ignore_unavailable=false&expand_wildcards=open&allow_no_indices=true&ignore_throttled=true&search_type=query_then_fetch&batched_reduce_size=512&ccs_minimize_roundtrips=true] returned 2 warnings: [299 Elasticsearch-7.16.1-5b38441b16b1ebb16a27c107a4c3865776e20c53 "Elasticsearch built-in security features are not enabled. Without authentication, your cluster could be accessible to anyone. See https://www.elastic.co/guide/en/elasticsearch/reference/7.16/security-minimal-setup.html to enable security."],[299 Elasticsearch-7.16.1-5b38441b16b1ebb16a27c107a4c3865776e20c53 "[ignore_throttled] parameter is deprecated because frozen indices have been deprecated. Consider cold or frozen tiers in place of frozen indices."]
2023-08-04 12:58:15,000 INFO  [com.dot.ContainerResource] (docker-java-stream-1865446083) STDOUT: 12:58:15.000  WARN  client.RestClient - request [POST http://elasticsearch:9200/cluster_c40f8aa8c9.live_20230804125756/_search?typed_keys=true&max_concurrent_shard_requests=5&ignore_unavailable=false&expand_wildcards=open&allow_no_indices=true&ignore_throttled=true&search_type=query_then_fetch&batched_reduce_size=512&ccs_minimize_roundtrips=true] returned 2 warnings: [299 Elasticsearch-7.16.1-5b38441b16b1ebb16a27c107a4c3865776e20c53 "Elasticsearch built-in security features are not enabled. Without authentication, your cluster could be accessible to anyone. See https://www.elastic.co/guide/en/elasticsearch/reference/7.16/security-minimal-setup.html to enable security."],[299 Elasticsearch-7.16.1-5b38441b16b1ebb16a27c107a4c3865776e20c53 "[ignore_throttled] parameter is deprecated because frozen indices have been deprecated. Consider cold or frozen tiers in place of frozen indices."]
2023-08-04 12:58:15,005 INFO  [com.dot.ContainerResource] (docker-java-stream-1865446083) STDOUT: 12:58:15.005  INFO  reindex.ReindexThread - --- Unpausing reindex thread 
2023-08-04 12:58:15,012 INFO  [com.dot.ContainerResource] (docker-java-stream-1865446083) STDOUT: 12:58:15.011  INFO  business.ContentTypeAPIImpl -  Content type (_var_1691153893654) will be deleted asynchronously using Quartz Job.
2023-08-04 12:58:15,020 INFO  [com.dot.ContainerResource] (docker-java-stream-1865446083) STDOUT: 12:58:15.019  WARN  client.RestClient - request [POST http://elasticsearch:9200/cluster_c40f8aa8c9.live_20230804125756/_search?typed_keys=true&max_concurrent_shard_requests=5&ignore_unavailable=false&expand_wildcards=open&allow_no_indices=true&ignore_throttled=true&search_type=query_then_fetch&batched_reduce_size=512&ccs_minimize_roundtrips=true] returned 2 warnings: [299 Elasticsearch-7.16.1-5b38441b16b1ebb16a27c107a4c3865776e20c53 "Elasticsearch built-in security features are not enabled. Without authentication, your cluster could be accessible to anyone. See https://www.elastic.co/guide/en/elasticsearch/reference/7.16/security-minimal-setup.html to enable security."],[299 Elasticsearch-7.16.1-5b38441b16b1ebb16a27c107a4c3865776e20c53 "[ignore_throttled] parameter is deprecated because frozen indices have been deprecated. Consider cold or frozen tiers in place of frozen indices."]
2023-08-04 12:58:15,031 INFO  [com.dot.ContainerResource] (docker-java-stream-1865446083) STDOUT: 12:58:15.031  WARN  client.RestClient - request [POST http://elasticsearch:9200/cluster_c40f8aa8c9.live_20230804125756/_search?typed_keys=true&max_concurrent_shard_requests=5&ignore_unavailable=false&expand_wildcards=open&allow_no_indices=true&ignore_throttled=true&search_type=query_then_fetch&batched_reduce_size=512&ccs_minimize_roundtrips=true] returned 2 warnings: [299 Elasticsearch-7.16.1-5b38441b16b1ebb16a27c107a4c3865776e20c53 "Elasticsearch built-in security features are not enabled. Without authentication, your cluster could be accessible to anyone. See https://www.elastic.co/guide/en/elasticsearch/reference/7.16/security-minimal-setup.html to enable security."],[299 Elasticsearch-7.16.1-5b38441b16b1ebb16a27c107a4c3865776e20c53 "[ignore_throttled] parameter is deprecated because frozen indices have been deprecated. Consider cold or frozen tiers in place of frozen indices."]
2023-08-04 12:58:15,060 INFO  [com.dot.ContainerResource] (docker-java-stream-1865446083) STDOUT: 12:58:15.047  WARN  client.RestClient - request [POST http://elasticsearch:9200/cluster_c40f8aa8c9.live_20230804125756/_search?typed_keys=true&max_concurrent_shard_requests=5&ignore_unavailable=false&expand_wildcards=open&allow_no_indices=true&ignore_throttled=true&search_type=query_then_fetch&batched_reduce_size=512&ccs_minimize_roundtrips=true] returned 2 warnings: [299 Elasticsearch-7.16.1-5b38441b16b1ebb16a27c107a4c3865776e20c53 "Elasticsearch built-in security features are not enabled. Without authentication, your cluster could be accessible to anyone. See https://www.elastic.co/guide/en/elasticsearch/reference/7.16/security-minimal-setup.html to enable security."],[299 Elasticsearch-7.16.1-5b38441b16b1ebb16a27c107a4c3865776e20c53 "[ignore_throttled] parameter is deprecated because frozen indices have been deprecated. Consider cold or frozen tiers in place of frozen indices."]
2023-08-04 12:58:15,061 INFO  [com.dot.ContainerResource] (docker-java-stream-1865446083) STDOUT: 12:58:15.056  WARN  client.RestClient - request [POST http://elasticsearch:9200/cluster_c40f8aa8c9.live_20230804125756/_search?typed_keys=true&max_concurrent_shard_requests=5&ignore_unavailable=false&expand_wildcards=open&allow_no_indices=true&ignore_throttled=true&search_type=query_then_fetch&batched_reduce_size=512&ccs_minimize_roundtrips=true] returned 2 warnings: [299 Elasticsearch-7.16.1-5b38441b16b1ebb16a27c107a4c3865776e20c53 "Elasticsearch built-in security features are not enabled. Without authentication, your cluster could be accessible to anyone. See https://www.elastic.co/guide/en/elasticsearch/reference/7.16/security-minimal-setup.html to enable security."],[299 Elasticsearch-7.16.1-5b38441b16b1ebb16a27c107a4c3865776e20c53 "[ignore_throttled] parameter is deprecated because frozen indices have been deprecated. Consider cold or frozen tiers in place of frozen indices."]
2023-08-04 12:58:15,081 INFO  [com.dot.ContainerResource] (docker-java-stream-1865446083) STDOUT: 12:58:15.078  WARN  client.RestClient - request [POST http://elasticsearch:9200/cluster_c40f8aa8c9.live_20230804125756/_search?typed_keys=true&max_concurrent_shard_requests=5&ignore_unavailable=false&expand_wildcards=open&allow_no_indices=true&ignore_throttled=true&search_type=query_then_fetch&batched_reduce_size=512&ccs_minimize_roundtrips=true] returned 2 warnings: [299 Elasticsearch-7.16.1-5b38441b16b1ebb16a27c107a4c3865776e20c53 "Elasticsearch built-in security features are not enabled. Without authentication, your cluster could be accessible to anyone. See https://www.elastic.co/guide/en/elasticsearch/reference/7.16/security-minimal-setup.html to enable security."],[299 Elasticsearch-7.16.1-5b38441b16b1ebb16a27c107a4c3865776e20c53 "[ignore_throttled] parameter is deprecated because frozen indices have been deprecated. Consider cold or frozen tiers in place of frozen indices."]
2023-08-04 12:58:15,091 INFO  [com.dot.ContainerResource] (docker-java-stream-1865446083) STDOUT: 12:58:15.090  WARN  client.RestClient - request [POST http://elasticsearch:9200/cluster_c40f8aa8c9.live_20230804125756/_search?typed_keys=true&max_concurrent_shard_requests=5&ignore_unavailable=false&expand_wildcards=open&allow_no_indices=true&ignore_throttled=true&search_type=query_then_fetch&batched_reduce_size=512&ccs_minimize_roundtrips=true] returned 2 warnings: [299 Elasticsearch-7.16.1-5b38441b16b1ebb16a27c107a4c3865776e20c53 "Elasticsearch built-in security features are not enabled. Without authentication, your cluster could be accessible to anyone. See https://www.elastic.co/guide/en/elasticsearch/reference/7.16/security-minimal-setup.html to enable security."],[299 Elasticsearch-7.16.1-5b38441b16b1ebb16a27c107a4c3865776e20c53 "[ignore_throttled] parameter is deprecated because frozen indices have been deprecated. Consider cold or frozen tiers in place of frozen indices."]
2023-08-04 12:58:15,108 INFO  [com.dot.ContainerResource] (docker-java-stream-1865446083) STDOUT: 12:58:15.107  INFO  quartz.DotStatefulJob - New Task for job `ContentTypeDeleteJob` scheduled for execution `15 58 12 4 8 ? 2023`.
2023-08-04 12:58:15,125 INFO  [com.dot.ContainerResource] (docker-java-stream-1865446083) STDOUT: 12:58:15.123  WARN  client.RestClient - request [POST http://elasticsearch:9200/cluster_c40f8aa8c9.live_20230804125756/_search?typed_keys=true&max_concurrent_shard_requests=5&ignore_unavailable=false&expand_wildcards=open&allow_no_indices=true&ignore_throttled=true&search_type=query_then_fetch&batched_reduce_size=512&ccs_minimize_roundtrips=true] returned 2 warnings: [299 Elasticsearch-7.16.1-5b38441b16b1ebb16a27c107a4c3865776e20c53 "Elasticsearch built-in security features are not enabled. Without authentication, your cluster could be accessible to anyone. See https://www.elastic.co/guide/en/elasticsearch/reference/7.16/security-minimal-setup.html to enable security."],[299 Elasticsearch-7.16.1-5b38441b16b1ebb16a27c107a4c3865776e20c53 "[ignore_throttled] parameter is deprecated because frozen indices have been deprecated. Consider cold or frozen tiers in place of frozen indices."]
2023-08-04 12:58:15,134 INFO  [com.dot.ContainerResource] (docker-java-stream-1865446083) STDOUT: 12:58:15.134  WARN  client.RestClient - request [POST http://elasticsearch:9200/cluster_c40f8aa8c9.live_20230804125756/_search?typed_keys=true&max_concurrent_shard_requests=5&ignore_unavailable=false&expand_wildcards=open&allow_no_indices=true&ignore_throttled=true&search_type=query_then_fetch&batched_reduce_size=512&ccs_minimize_roundtrips=true] returned 2 warnings: [299 Elasticsearch-7.16.1-5b38441b16b1ebb16a27c107a4c3865776e20c53 "Elasticsearch built-in security features are not enabled. Without authentication, your cluster could be accessible to anyone. See https://www.elastic.co/guide/en/elasticsearch/reference/7.16/security-minimal-setup.html to enable security."],[299 Elasticsearch-7.16.1-5b38441b16b1ebb16a27c107a4c3865776e20c53 "[ignore_throttled] parameter is deprecated because frozen indices have been deprecated. Consider cold or frozen tiers in place of frozen indices."]
2023-08-04 12:58:15,160 INFO  [com.dot.ContainerResource] (docker-java-stream-1865446083) STDOUT: 12:58:15.146  WARN  client.RestClient - request [POST http://elasticsearch:9200/cluster_c40f8aa8c9.live_20230804125756/_search?typed_keys=true&max_concurrent_shard_requests=5&ignore_unavailable=false&expand_wildcards=open&allow_no_indices=true&ignore_throttled=true&search_type=query_then_fetch&batched_reduce_size=512&ccs_minimize_roundtrips=true] returned 2 warnings: [299 Elasticsearch-7.16.1-5b38441b16b1ebb16a27c107a4c3865776e20c53 "Elasticsearch built-in security features are not enabled. Without authentication, your cluster could be accessible to anyone. See https://www.elastic.co/guide/en/elasticsearch/reference/7.16/security-minimal-setup.html to enable security."],[299 Elasticsearch-7.16.1-5b38441b16b1ebb16a27c107a4c3865776e20c53 "[ignore_throttled] parameter is deprecated because frozen indices have been deprecated. Consider cold or frozen tiers in place of frozen indices."]
2023-08-04 12:58:15,174 INFO  [com.dot.ContainerResource] (docker-java-stream-1865446083) STDOUT: 12:58:15.168  WARN  client.RestClient - request [POST http://elasticsearch:9200/cluster_c40f8aa8c9.live_20230804125756/_search?typed_keys=true&max_concurrent_shard_requests=5&ignore_unavailable=false&expand_wildcards=open&allow_no_indices=true&ignore_throttled=true&search_type=query_then_fetch&batched_reduce_size=512&ccs_minimize_roundtrips=true] returned 2 warnings: [299 Elasticsearch-7.16.1-5b38441b16b1ebb16a27c107a4c3865776e20c53 "Elasticsearch built-in security features are not enabled. Without authentication, your cluster could be accessible to anyone. See https://www.elastic.co/guide/en/elasticsearch/reference/7.16/security-minimal-setup.html to enable security."],[299 Elasticsearch-7.16.1-5b38441b16b1ebb16a27c107a4c3865776e20c53 "[ignore_throttled] parameter is deprecated because frozen indices have been deprecated. Consider cold or frozen tiers in place of frozen indices."]
2023-08-04 12:58:15,237 INFO  [com.dot.ContainerResource] (docker-java-stream-1865446083) STDOUT: 12:58:15.236  WARN  client.RestClient - request [POST http://elasticsearch:9200/cluster_c40f8aa8c9.live_20230804125756/_search?typed_keys=true&max_concurrent_shard_requests=5&ignore_unavailable=false&expand_wildcards=open&allow_no_indices=true&ignore_throttled=true&search_type=query_then_fetch&batched_reduce_size=512&ccs_minimize_roundtrips=true] returned 2 warnings: [299 Elasticsearch-7.16.1-5b38441b16b1ebb16a27c107a4c3865776e20c53 "Elasticsearch built-in security features are not enabled. Without authentication, your cluster could be accessible to anyone. See https://www.elastic.co/guide/en/elasticsearch/reference/7.16/security-minimal-setup.html to enable security."],[299 Elasticsearch-7.16.1-5b38441b16b1ebb16a27c107a4c3865776e20c53 "[ignore_throttled] parameter is deprecated because frozen indices have been deprecated. Consider cold or frozen tiers in place of frozen indices."]
2023-08-04 12:58:15,261 INFO  [com.dot.ContainerResource] (docker-java-stream-1865446083) STDOUT: 12:58:15.256  INFO  job.ContentTypeDeleteJob - Removing contentlets from CT with inode [12a79f03808e7ef810714acbfbe6538a] and name [_var_1691153893654_disposed_1691153894671] .
2023-08-04 12:58:15,262 INFO  [com.dot.ContainerResource] (docker-java-stream-1865446083) STDOUT: 12:58:15.259  INFO  business.ContentTypeDestroyAPIImpl - There are (0) contents of type (_var_1691153893654). Will remove them sequentially using (100) batchSize 
2023-08-04 12:58:15,263 INFO  [com.dot.ContainerResource] (docker-java-stream-1865446083) STDOUT: 12:58:15.263  WARN  client.RestClient - request [POST http://elasticsearch:9200/cluster_c40f8aa8c9.live_20230804125756/_search?typed_keys=true&max_concurrent_shard_requests=5&ignore_unavailable=false&expand_wildcards=open&allow_no_indices=true&ignore_throttled=true&search_type=query_then_fetch&batched_reduce_size=512&ccs_minimize_roundtrips=true] returned 2 warnings: [299 Elasticsearch-7.16.1-5b38441b16b1ebb16a27c107a4c3865776e20c53 "Elasticsearch built-in security features are not enabled. Without authentication, your cluster could be accessible to anyone. See https://www.elastic.co/guide/en/elasticsearch/reference/7.16/security-minimal-setup.html to enable security."],[299 Elasticsearch-7.16.1-5b38441b16b1ebb16a27c107a4c3865776e20c53 "[ignore_throttled] parameter is deprecated because frozen indices have been deprecated. Consider cold or frozen tiers in place of frozen indices."]
2023-08-04 12:58:15,266 INFO  [com.dot.ContainerResource] (docker-java-stream-1865446083) STDOUT: 12:58:15.265  INFO  business.ContentTypeDestroyAPIImpl -  :: for (_var_1691153893654) allCount is (0) with leftovers (0) :: 
2023-08-04 12:58:15,266 INFO  [com.dot.ContainerResource] (docker-java-stream-1865446083) STDOUT: 12:58:15.266  INFO  business.ContentTypeDestroyAPIImpl - Destroying Content-Type with inode: [12a79f03808e7ef810714acbfbe6538a] and var: [_var_1691153893654_disposed_1691153894671].
2023-08-04 12:58:15,274 INFO  [com.dot.ContainerResource] (docker-java-stream-1865446083) STDOUT: 12:58:15.271  WARN  client.RestClient - request [POST http://elasticsearch:9200/cluster_c40f8aa8c9.live_20230804125756/_search?typed_keys=true&max_concurrent_shard_requests=5&ignore_unavailable=false&expand_wildcards=open&allow_no_indices=true&ignore_throttled=true&search_type=query_then_fetch&batched_reduce_size=512&ccs_minimize_roundtrips=true] returned 2 warnings: [299 Elasticsearch-7.16.1-5b38441b16b1ebb16a27c107a4c3865776e20c53 "Elasticsearch built-in security features are not enabled. Without authentication, your cluster could be accessible to anyone. See https://www.elastic.co/guide/en/elasticsearch/reference/7.16/security-minimal-setup.html to enable security."],[299 Elasticsearch-7.16.1-5b38441b16b1ebb16a27c107a4c3865776e20c53 "[ignore_throttled] parameter is deprecated because frozen indices have been deprecated. Consider cold or frozen tiers in place of frozen indices."]
2023-08-04 12:58:15,275 INFO  [com.dot.ContainerResource] (docker-java-stream-1865446083) STDOUT: 12:58:15.273  INFO  business.WorkflowFactoryImpl - Deleting the schemes associated to the content type: 12a79f03808e7ef810714acbfbe6538a
2023-08-04 12:58:15,289 INFO  [com.dot.ContainerResource] (docker-java-stream-1865446083) STDOUT: 12:58:15.286  INFO  reindex.ReindexThread - --- Unpausing reindex thread 
2023-08-04 12:58:15,289 INFO  [com.dot.ContainerResource] (docker-java-stream-1865446083) STDOUT: 12:58:15.287  WARN  client.RestClient - request [POST http://elasticsearch:9200/cluster_c40f8aa8c9.live_20230804125756/_search?typed_keys=true&max_concurrent_shard_requests=5&ignore_unavailable=false&expand_wildcards=open&allow_no_indices=true&ignore_throttled=true&search_type=query_then_fetch&batched_reduce_size=512&ccs_minimize_roundtrips=true] returned 2 warnings: [299 Elasticsearch-7.16.1-5b38441b16b1ebb16a27c107a4c3865776e20c53 "Elasticsearch built-in security features are not enabled. Without authentication, your cluster could be accessible to anyone. See https://www.elastic.co/guide/en/elasticsearch/reference/7.16/security-minimal-setup.html to enable security."],[299 Elasticsearch-7.16.1-5b38441b16b1ebb16a27c107a4c3865776e20c53 "[ignore_throttled] parameter is deprecated because frozen indices have been deprecated. Consider cold or frozen tiers in place of frozen indices."]
2023-08-04 12:58:15,304 INFO  [com.dot.ContainerResource] (docker-java-stream-1865446083) STDOUT: 12:58:15.304  INFO  business.ContentTypeDestroyAPIImpl -  I'm done destroying (0) pieces of Content of type (_var_1691153893654_disposed_1691153894671). it took me : [00:00:00] 
2023-08-04 12:58:15,314 INFO  [com.dot.ContainerResource] (docker-java-stream-1865446083) STDOUT: 12:58:15.313  WARN  client.RestClient - request [POST http://elasticsearch:9200/cluster_c40f8aa8c9.live_20230804125756/_search?typed_keys=true&max_concurrent_shard_requests=5&ignore_unavailable=false&expand_wildcards=open&allow_no_indices=true&ignore_throttled=true&search_type=query_then_fetch&batched_reduce_size=512&ccs_minimize_roundtrips=true] returned 2 warnings: [299 Elasticsearch-7.16.1-5b38441b16b1ebb16a27c107a4c3865776e20c53 "Elasticsearch built-in security features are not enabled. Without authentication, your cluster could be accessible to anyone. See https://www.elastic.co/guide/en/elasticsearch/reference/7.16/security-minimal-setup.html to enable security."],[299 Elasticsearch-7.16.1-5b38441b16b1ebb16a27c107a4c3865776e20c53 "[ignore_throttled] parameter is deprecated because frozen indices have been deprecated. Consider cold or frozen tiers in place of frozen indices."]
2023-08-04 12:58:15,326 INFO  [com.dot.ContainerResource] (docker-java-stream-1865446083) STDOUT: 12:58:15.325  WARN  client.RestClient - request [POST http://elasticsearch:9200/cluster_c40f8aa8c9.live_20230804125756/_search?typed_keys=true&max_concurrent_shard_requests=5&ignore_unavailable=false&expand_wildcards=open&allow_no_indices=true&ignore_throttled=true&search_type=query_then_fetch&batched_reduce_size=512&ccs_minimize_roundtrips=true] returned 2 warnings: [299 Elasticsearch-7.16.1-5b38441b16b1ebb16a27c107a4c3865776e20c53 "Elasticsearch built-in security features are not enabled. Without authentication, your cluster could be accessible to anyone. See https://www.elastic.co/guide/en/elasticsearch/reference/7.16/security-minimal-setup.html to enable security."],[299 Elasticsearch-7.16.1-5b38441b16b1ebb16a27c107a4c3865776e20c53 "[ignore_throttled] parameter is deprecated because frozen indices have been deprecated. Consider cold or frozen tiers in place of frozen indices."]
2023-08-04 12:58:15,329 INFO  [com.dot.ContainerResource] (docker-java-stream-1865446083) STDOUT: 12:58:15.329  ERROR helper.WorkflowHelper - Content Type with id:'a9f8d29873bcd281c539f71c5295574f' not found
2023-08-04 12:58:15,330 INFO  [com.dot.ContainerResource] (docker-java-stream-1865446083) STDOUT: 12:58:15.329  INFO  util.SecurityLogger - class com.dotcms.rest.exception.mapper.DotBadRequestExceptionMapper : Content Type with id:'a9f8d29873bcd281c539f71c5295574f' not found -- ip:172.19.0.1,user:Admin User [ID: dotcms.org.1][email:admin@dotcms.com]
]]></system-out>
  </testcase>
  <testcase name="Test_Get_Single_Content_Type" classname="com.dotcms.api.ContentTypeAPIIntegrationTest" time="11.043">
    <system-out><![CDATA[2023-08-04 12:58:16,201 INFO  [com.dot.ContainerResource] (docker-java-stream-1865446083) STDOUT: 12:58:16.201  INFO  util.SecurityLogger - class com.dotcms.cms.login.LoginServiceAPIFactory$LoginServiceImpl : User dotcms.org.1 has successfully login from IP: 172.19.0.1 -- ip:172.19.0.1,user:Admin User [ID: dotcms.org.1][email:admin@dotcms.com]
2023-08-04 12:58:16,202 INFO  [com.dot.ContainerResource] (docker-java-stream-1865446083) STDOUT: 12:58:16.201  INFO  util.SecurityLogger - class com.dotcms.rest.api.v1.authentication.CreateJsonWebTokenResource : A Json Web Token admin@dotcms.com is being created from IP: 172.19.0.1 -- ip:172.19.0.1,user:Admin User [ID: dotcms.org.1][email:admin@dotcms.com]
2023-08-04 12:58:16,272 INFO  [com.dot.ContainerResource] (docker-java-stream-1865446083) STDOUT: 12:58:16.270  WARN  client.RestClient - request [POST http://elasticsearch:9200/cluster_c40f8aa8c9.live_20230804125756/_search?typed_keys=true&max_concurrent_shard_requests=5&ignore_unavailable=false&expand_wildcards=open&allow_no_indices=true&ignore_throttled=true&search_type=query_then_fetch&batched_reduce_size=512&ccs_minimize_roundtrips=true] returned 2 warnings: [299 Elasticsearch-7.16.1-5b38441b16b1ebb16a27c107a4c3865776e20c53 "Elasticsearch built-in security features are not enabled. Without authentication, your cluster could be accessible to anyone. See https://www.elastic.co/guide/en/elasticsearch/reference/7.16/security-minimal-setup.html to enable security."],[299 Elasticsearch-7.16.1-5b38441b16b1ebb16a27c107a4c3865776e20c53 "[ignore_throttled] parameter is deprecated because frozen indices have been deprecated. Consider cold or frozen tiers in place of frozen indices."]
2023-08-04 12:58:16,279 INFO  [com.dot.ContainerResource] (docker-java-stream-1865446083) STDOUT: 12:58:16.277  WARN  client.RestClient - request [POST http://elasticsearch:9200/cluster_c40f8aa8c9.live_20230804125756/_search?typed_keys=true&max_concurrent_shard_requests=5&ignore_unavailable=false&expand_wildcards=open&allow_no_indices=true&ignore_throttled=true&search_type=query_then_fetch&batched_reduce_size=512&ccs_minimize_roundtrips=true] returned 2 warnings: [299 Elasticsearch-7.16.1-5b38441b16b1ebb16a27c107a4c3865776e20c53 "Elasticsearch built-in security features are not enabled. Without authentication, your cluster could be accessible to anyone. See https://www.elastic.co/guide/en/elasticsearch/reference/7.16/security-minimal-setup.html to enable security."],[299 Elasticsearch-7.16.1-5b38441b16b1ebb16a27c107a4c3865776e20c53 "[ignore_throttled] parameter is deprecated because frozen indices have been deprecated. Consider cold or frozen tiers in place of frozen indices."]
2023-08-04 12:58:16,291 INFO  [com.dot.ContainerResource] (docker-java-stream-1865446083) STDOUT: 12:58:16.288  WARN  client.RestClient - request [POST http://elasticsearch:9200/cluster_c40f8aa8c9.live_20230804125756/_search?typed_keys=true&max_concurrent_shard_requests=5&ignore_unavailable=false&expand_wildcards=open&allow_no_indices=true&ignore_throttled=true&search_type=query_then_fetch&batched_reduce_size=512&ccs_minimize_roundtrips=true] returned 2 warnings: [299 Elasticsearch-7.16.1-5b38441b16b1ebb16a27c107a4c3865776e20c53 "Elasticsearch built-in security features are not enabled. Without authentication, your cluster could be accessible to anyone. See https://www.elastic.co/guide/en/elasticsearch/reference/7.16/security-minimal-setup.html to enable security."],[299 Elasticsearch-7.16.1-5b38441b16b1ebb16a27c107a4c3865776e20c53 "[ignore_throttled] parameter is deprecated because frozen indices have been deprecated. Consider cold or frozen tiers in place of frozen indices."]
2023-08-04 12:58:16,297 INFO  [com.dot.ContainerResource] (docker-java-stream-1865446083) STDOUT: 12:58:16.295  WARN  client.RestClient - request [POST http://elasticsearch:9200/cluster_c40f8aa8c9.live_20230804125756/_search?typed_keys=true&max_concurrent_shard_requests=5&ignore_unavailable=false&expand_wildcards=open&allow_no_indices=true&ignore_throttled=true&search_type=query_then_fetch&batched_reduce_size=512&ccs_minimize_roundtrips=true] returned 2 warnings: [299 Elasticsearch-7.16.1-5b38441b16b1ebb16a27c107a4c3865776e20c53 "Elasticsearch built-in security features are not enabled. Without authentication, your cluster could be accessible to anyone. See https://www.elastic.co/guide/en/elasticsearch/reference/7.16/security-minimal-setup.html to enable security."],[299 Elasticsearch-7.16.1-5b38441b16b1ebb16a27c107a4c3865776e20c53 "[ignore_throttled] parameter is deprecated because frozen indices have been deprecated. Consider cold or frozen tiers in place of frozen indices."]
2023-08-04 12:58:16,304 INFO  [com.dot.ContainerResource] (docker-java-stream-1865446083) STDOUT: 12:58:16.301  WARN  client.RestClient - request [POST http://elasticsearch:9200/cluster_c40f8aa8c9.live_20230804125756/_search?typed_keys=true&max_concurrent_shard_requests=5&ignore_unavailable=false&expand_wildcards=open&allow_no_indices=true&ignore_throttled=true&search_type=query_then_fetch&batched_reduce_size=512&ccs_minimize_roundtrips=true] returned 2 warnings: [299 Elasticsearch-7.16.1-5b38441b16b1ebb16a27c107a4c3865776e20c53 "Elasticsearch built-in security features are not enabled. Without authentication, your cluster could be accessible to anyone. See https://www.elastic.co/guide/en/elasticsearch/reference/7.16/security-minimal-setup.html to enable security."],[299 Elasticsearch-7.16.1-5b38441b16b1ebb16a27c107a4c3865776e20c53 "[ignore_throttled] parameter is deprecated because frozen indices have been deprecated. Consider cold or frozen tiers in place of frozen indices."]
2023-08-04 12:58:16,315 INFO  [com.dot.ContainerResource] (docker-java-stream-1865446083) STDOUT: 12:58:16.312  WARN  client.RestClient - request [POST http://elasticsearch:9200/cluster_c40f8aa8c9.live_20230804125756/_search?typed_keys=true&max_concurrent_shard_requests=5&ignore_unavailable=false&expand_wildcards=open&allow_no_indices=true&ignore_throttled=true&search_type=query_then_fetch&batched_reduce_size=512&ccs_minimize_roundtrips=true] returned 2 warnings: [299 Elasticsearch-7.16.1-5b38441b16b1ebb16a27c107a4c3865776e20c53 "Elasticsearch built-in security features are not enabled. Without authentication, your cluster could be accessible to anyone. See https://www.elastic.co/guide/en/elasticsearch/reference/7.16/security-minimal-setup.html to enable security."],[299 Elasticsearch-7.16.1-5b38441b16b1ebb16a27c107a4c3865776e20c53 "[ignore_throttled] parameter is deprecated because frozen indices have been deprecated. Consider cold or frozen tiers in place of frozen indices."]
2023-08-04 12:58:16,328 INFO  [com.dot.ContainerResource] (docker-java-stream-1865446083) STDOUT: 12:58:16.325  WARN  client.RestClient - request [POST http://elasticsearch:9200/cluster_c40f8aa8c9.live_20230804125756/_search?typed_keys=true&max_concurrent_shard_requests=5&ignore_unavailable=false&expand_wildcards=open&allow_no_indices=true&ignore_throttled=true&search_type=query_then_fetch&batched_reduce_size=512&ccs_minimize_roundtrips=true] returned 2 warnings: [299 Elasticsearch-7.16.1-5b38441b16b1ebb16a27c107a4c3865776e20c53 "Elasticsearch built-in security features are not enabled. Without authentication, your cluster could be accessible to anyone. See https://www.elastic.co/guide/en/elasticsearch/reference/7.16/security-minimal-setup.html to enable security."],[299 Elasticsearch-7.16.1-5b38441b16b1ebb16a27c107a4c3865776e20c53 "[ignore_throttled] parameter is deprecated because frozen indices have been deprecated. Consider cold or frozen tiers in place of frozen indices."]
2023-08-04 12:58:16,343 INFO  [com.dot.ContainerResource] (docker-java-stream-1865446083) STDOUT: 12:58:16.341  WARN  client.RestClient - request [POST http://elasticsearch:9200/cluster_c40f8aa8c9.live_20230804125756/_search?typed_keys=true&max_concurrent_shard_requests=5&ignore_unavailable=false&expand_wildcards=open&allow_no_indices=true&ignore_throttled=true&search_type=query_then_fetch&batched_reduce_size=512&ccs_minimize_roundtrips=true] returned 2 warnings: [299 Elasticsearch-7.16.1-5b38441b16b1ebb16a27c107a4c3865776e20c53 "Elasticsearch built-in security features are not enabled. Without authentication, your cluster could be accessible to anyone. See https://www.elastic.co/guide/en/elasticsearch/reference/7.16/security-minimal-setup.html to enable security."],[299 Elasticsearch-7.16.1-5b38441b16b1ebb16a27c107a4c3865776e20c53 "[ignore_throttled] parameter is deprecated because frozen indices have been deprecated. Consider cold or frozen tiers in place of frozen indices."]
2023-08-04 12:58:16,351 INFO  [com.dot.ContainerResource] (docker-java-stream-1865446083) STDOUT: 12:58:16.349  WARN  client.RestClient - request [POST http://elasticsearch:9200/cluster_c40f8aa8c9.live_20230804125756/_search?typed_keys=true&max_concurrent_shard_requests=5&ignore_unavailable=false&expand_wildcards=open&allow_no_indices=true&ignore_throttled=true&search_type=query_then_fetch&batched_reduce_size=512&ccs_minimize_roundtrips=true] returned 2 warnings: [299 Elasticsearch-7.16.1-5b38441b16b1ebb16a27c107a4c3865776e20c53 "Elasticsearch built-in security features are not enabled. Without authentication, your cluster could be accessible to anyone. See https://www.elastic.co/guide/en/elasticsearch/reference/7.16/security-minimal-setup.html to enable security."],[299 Elasticsearch-7.16.1-5b38441b16b1ebb16a27c107a4c3865776e20c53 "[ignore_throttled] parameter is deprecated because frozen indices have been deprecated. Consider cold or frozen tiers in place of frozen indices."]
2023-08-04 12:58:16,357 INFO  [com.dot.ContainerResource] (docker-java-stream-1865446083) STDOUT: 12:58:16.355  WARN  client.RestClient - request [POST http://elasticsearch:9200/cluster_c40f8aa8c9.live_20230804125756/_search?typed_keys=true&max_concurrent_shard_requests=5&ignore_unavailable=false&expand_wildcards=open&allow_no_indices=true&ignore_throttled=true&search_type=query_then_fetch&batched_reduce_size=512&ccs_minimize_roundtrips=true] returned 2 warnings: [299 Elasticsearch-7.16.1-5b38441b16b1ebb16a27c107a4c3865776e20c53 "Elasticsearch built-in security features are not enabled. Without authentication, your cluster could be accessible to anyone. See https://www.elastic.co/guide/en/elasticsearch/reference/7.16/security-minimal-setup.html to enable security."],[299 Elasticsearch-7.16.1-5b38441b16b1ebb16a27c107a4c3865776e20c53 "[ignore_throttled] parameter is deprecated because frozen indices have been deprecated. Consider cold or frozen tiers in place of frozen indices."]
2023-08-04 12:58:16,364 INFO  [com.dot.ContainerResource] (docker-java-stream-1865446083) STDOUT: 12:58:16.363  WARN  client.RestClient - request [POST http://elasticsearch:9200/cluster_c40f8aa8c9.live_20230804125756/_search?typed_keys=true&max_concurrent_shard_requests=5&ignore_unavailable=false&expand_wildcards=open&allow_no_indices=true&ignore_throttled=true&search_type=query_then_fetch&batched_reduce_size=512&ccs_minimize_roundtrips=true] returned 2 warnings: [299 Elasticsearch-7.16.1-5b38441b16b1ebb16a27c107a4c3865776e20c53 "Elasticsearch built-in security features are not enabled. Without authentication, your cluster could be accessible to anyone. See https://www.elastic.co/guide/en/elasticsearch/reference/7.16/security-minimal-setup.html to enable security."],[299 Elasticsearch-7.16.1-5b38441b16b1ebb16a27c107a4c3865776e20c53 "[ignore_throttled] parameter is deprecated because frozen indices have been deprecated. Consider cold or frozen tiers in place of frozen indices."]
2023-08-04 12:58:16,373 INFO  [com.dot.ContainerResource] (docker-java-stream-1865446083) STDOUT: 12:58:16.373  WARN  client.RestClient - request [POST http://elasticsearch:9200/cluster_c40f8aa8c9.live_20230804125756/_search?typed_keys=true&max_concurrent_shard_requests=5&ignore_unavailable=false&expand_wildcards=open&allow_no_indices=true&ignore_throttled=true&search_type=query_then_fetch&batched_reduce_size=512&ccs_minimize_roundtrips=true] returned 2 warnings: [299 Elasticsearch-7.16.1-5b38441b16b1ebb16a27c107a4c3865776e20c53 "Elasticsearch built-in security features are not enabled. Without authentication, your cluster could be accessible to anyone. See https://www.elastic.co/guide/en/elasticsearch/reference/7.16/security-minimal-setup.html to enable security."],[299 Elasticsearch-7.16.1-5b38441b16b1ebb16a27c107a4c3865776e20c53 "[ignore_throttled] parameter is deprecated because frozen indices have been deprecated. Consider cold or frozen tiers in place of frozen indices."]
2023-08-04 12:58:16,389 INFO  [com.dot.ContainerResource] (docker-java-stream-1865446083) STDOUT: 12:58:16.387  WARN  client.RestClient - request [POST http://elasticsearch:9200/cluster_c40f8aa8c9.live_20230804125756/_search?typed_keys=true&max_concurrent_shard_requests=5&ignore_unavailable=false&expand_wildcards=open&allow_no_indices=true&ignore_throttled=true&search_type=query_then_fetch&batched_reduce_size=512&ccs_minimize_roundtrips=true] returned 2 warnings: [299 Elasticsearch-7.16.1-5b38441b16b1ebb16a27c107a4c3865776e20c53 "Elasticsearch built-in security features are not enabled. Without authentication, your cluster could be accessible to anyone. See https://www.elastic.co/guide/en/elasticsearch/reference/7.16/security-minimal-setup.html to enable security."],[299 Elasticsearch-7.16.1-5b38441b16b1ebb16a27c107a4c3865776e20c53 "[ignore_throttled] parameter is deprecated because frozen indices have been deprecated. Consider cold or frozen tiers in place of frozen indices."]
2023-08-04 12:58:16,416 INFO  [com.dot.ContainerResource] (docker-java-stream-1865446083) STDOUT: 12:58:16.408  WARN  client.RestClient - request [POST http://elasticsearch:9200/cluster_c40f8aa8c9.live_20230804125756/_search?typed_keys=true&max_concurrent_shard_requests=5&ignore_unavailable=false&expand_wildcards=open&allow_no_indices=true&ignore_throttled=true&search_type=query_then_fetch&batched_reduce_size=512&ccs_minimize_roundtrips=true] returned 2 warnings: [299 Elasticsearch-7.16.1-5b38441b16b1ebb16a27c107a4c3865776e20c53 "Elasticsearch built-in security features are not enabled. Without authentication, your cluster could be accessible to anyone. See https://www.elastic.co/guide/en/elasticsearch/reference/7.16/security-minimal-setup.html to enable security."],[299 Elasticsearch-7.16.1-5b38441b16b1ebb16a27c107a4c3865776e20c53 "[ignore_throttled] parameter is deprecated because frozen indices have been deprecated. Consider cold or frozen tiers in place of frozen indices."]
2023-08-04 12:58:16,425 INFO  [com.dot.ContainerResource] (docker-java-stream-1865446083) STDOUT: 12:58:16.424  WARN  client.RestClient - request [POST http://elasticsearch:9200/cluster_c40f8aa8c9.live_20230804125756/_search?typed_keys=true&max_concurrent_shard_requests=5&ignore_unavailable=false&expand_wildcards=open&allow_no_indices=true&ignore_throttled=true&search_type=query_then_fetch&batched_reduce_size=512&ccs_minimize_roundtrips=true] returned 2 warnings: [299 Elasticsearch-7.16.1-5b38441b16b1ebb16a27c107a4c3865776e20c53 "Elasticsearch built-in security features are not enabled. Without authentication, your cluster could be accessible to anyone. See https://www.elastic.co/guide/en/elasticsearch/reference/7.16/security-minimal-setup.html to enable security."],[299 Elasticsearch-7.16.1-5b38441b16b1ebb16a27c107a4c3865776e20c53 "[ignore_throttled] parameter is deprecated because frozen indices have been deprecated. Consider cold or frozen tiers in place of frozen indices."]
2023-08-04 12:58:16,437 INFO  [com.dot.ContainerResource] (docker-java-stream-1865446083) STDOUT: 12:58:16.437  WARN  client.RestClient - request [POST http://elasticsearch:9200/cluster_c40f8aa8c9.live_20230804125756/_search?typed_keys=true&max_concurrent_shard_requests=5&ignore_unavailable=false&expand_wildcards=open&allow_no_indices=true&ignore_throttled=true&search_type=query_then_fetch&batched_reduce_size=512&ccs_minimize_roundtrips=true] returned 2 warnings: [299 Elasticsearch-7.16.1-5b38441b16b1ebb16a27c107a4c3865776e20c53 "Elasticsearch built-in security features are not enabled. Without authentication, your cluster could be accessible to anyone. See https://www.elastic.co/guide/en/elasticsearch/reference/7.16/security-minimal-setup.html to enable security."],[299 Elasticsearch-7.16.1-5b38441b16b1ebb16a27c107a4c3865776e20c53 "[ignore_throttled] parameter is deprecated because frozen indices have been deprecated. Consider cold or frozen tiers in place of frozen indices."]
2023-08-04 12:58:16,450 INFO  [com.dot.ContainerResource] (docker-java-stream-1865446083) STDOUT: 12:58:16.449  WARN  client.RestClient - request [POST http://elasticsearch:9200/cluster_c40f8aa8c9.live_20230804125756/_search?typed_keys=true&max_concurrent_shard_requests=5&ignore_unavailable=false&expand_wildcards=open&allow_no_indices=true&ignore_throttled=true&search_type=query_then_fetch&batched_reduce_size=512&ccs_minimize_roundtrips=true] returned 2 warnings: [299 Elasticsearch-7.16.1-5b38441b16b1ebb16a27c107a4c3865776e20c53 "Elasticsearch built-in security features are not enabled. Without authentication, your cluster could be accessible to anyone. See https://www.elastic.co/guide/en/elasticsearch/reference/7.16/security-minimal-setup.html to enable security."],[299 Elasticsearch-7.16.1-5b38441b16b1ebb16a27c107a4c3865776e20c53 "[ignore_throttled] parameter is deprecated because frozen indices have been deprecated. Consider cold or frozen tiers in place of frozen indices."]
2023-08-04 12:58:16,463 INFO  [com.dot.ContainerResource] (docker-java-stream-1865446083) STDOUT: 12:58:16.462  WARN  client.RestClient - request [POST http://elasticsearch:9200/cluster_c40f8aa8c9.live_20230804125756/_search?typed_keys=true&max_concurrent_shard_requests=5&ignore_unavailable=false&expand_wildcards=open&allow_no_indices=true&ignore_throttled=true&search_type=query_then_fetch&batched_reduce_size=512&ccs_minimize_roundtrips=true] returned 2 warnings: [299 Elasticsearch-7.16.1-5b38441b16b1ebb16a27c107a4c3865776e20c53 "Elasticsearch built-in security features are not enabled. Without authentication, your cluster could be accessible to anyone. See https://www.elastic.co/guide/en/elasticsearch/reference/7.16/security-minimal-setup.html to enable security."],[299 Elasticsearch-7.16.1-5b38441b16b1ebb16a27c107a4c3865776e20c53 "[ignore_throttled] parameter is deprecated because frozen indices have been deprecated. Consider cold or frozen tiers in place of frozen indices."]
2023-08-04 12:58:16,477 INFO  [com.dot.ContainerResource] (docker-java-stream-1865446083) STDOUT: 12:58:16.476  WARN  client.RestClient - request [POST http://elasticsearch:9200/cluster_c40f8aa8c9.live_20230804125756/_search?typed_keys=true&max_concurrent_shard_requests=5&ignore_unavailable=false&expand_wildcards=open&allow_no_indices=true&ignore_throttled=true&search_type=query_then_fetch&batched_reduce_size=512&ccs_minimize_roundtrips=true] returned 2 warnings: [299 Elasticsearch-7.16.1-5b38441b16b1ebb16a27c107a4c3865776e20c53 "Elasticsearch built-in security features are not enabled. Without authentication, your cluster could be accessible to anyone. See https://www.elastic.co/guide/en/elasticsearch/reference/7.16/security-minimal-setup.html to enable security."],[299 Elasticsearch-7.16.1-5b38441b16b1ebb16a27c107a4c3865776e20c53 "[ignore_throttled] parameter is deprecated because frozen indices have been deprecated. Consider cold or frozen tiers in place of frozen indices."]
2023-08-04 12:58:16,488 INFO  [com.dot.ContainerResource] (docker-java-stream-1865446083) STDOUT: 12:58:16.487  WARN  client.RestClient - request [POST http://elasticsearch:9200/cluster_c40f8aa8c9.live_20230804125756/_search?typed_keys=true&max_concurrent_shard_requests=5&ignore_unavailable=false&expand_wildcards=open&allow_no_indices=true&ignore_throttled=true&search_type=query_then_fetch&batched_reduce_size=512&ccs_minimize_roundtrips=true] returned 2 warnings: [299 Elasticsearch-7.16.1-5b38441b16b1ebb16a27c107a4c3865776e20c53 "Elasticsearch built-in security features are not enabled. Without authentication, your cluster could be accessible to anyone. See https://www.elastic.co/guide/en/elasticsearch/reference/7.16/security-minimal-setup.html to enable security."],[299 Elasticsearch-7.16.1-5b38441b16b1ebb16a27c107a4c3865776e20c53 "[ignore_throttled] parameter is deprecated because frozen indices have been deprecated. Consider cold or frozen tiers in place of frozen indices."]
2023-08-04 12:58:16,497 INFO  [com.dot.ContainerResource] (docker-java-stream-1865446083) STDOUT: 12:58:16.496  WARN  client.RestClient - request [POST http://elasticsearch:9200/cluster_c40f8aa8c9.live_20230804125756/_search?typed_keys=true&max_concurrent_shard_requests=5&ignore_unavailable=false&expand_wildcards=open&allow_no_indices=true&ignore_throttled=true&search_type=query_then_fetch&batched_reduce_size=512&ccs_minimize_roundtrips=true] returned 2 warnings: [299 Elasticsearch-7.16.1-5b38441b16b1ebb16a27c107a4c3865776e20c53 "Elasticsearch built-in security features are not enabled. Without authentication, your cluster could be accessible to anyone. See https://www.elastic.co/guide/en/elasticsearch/reference/7.16/security-minimal-setup.html to enable security."],[299 Elasticsearch-7.16.1-5b38441b16b1ebb16a27c107a4c3865776e20c53 "[ignore_throttled] parameter is deprecated because frozen indices have been deprecated. Consider cold or frozen tiers in place of frozen indices."]
2023-08-04 12:58:16,505 INFO  [com.dot.ContainerResource] (docker-java-stream-1865446083) STDOUT: 12:58:16.505  WARN  client.RestClient - request [POST http://elasticsearch:9200/cluster_c40f8aa8c9.live_20230804125756/_search?typed_keys=true&max_concurrent_shard_requests=5&ignore_unavailable=false&expand_wildcards=open&allow_no_indices=true&ignore_throttled=true&search_type=query_then_fetch&batched_reduce_size=512&ccs_minimize_roundtrips=true] returned 2 warnings: [299 Elasticsearch-7.16.1-5b38441b16b1ebb16a27c107a4c3865776e20c53 "Elasticsearch built-in security features are not enabled. Without authentication, your cluster could be accessible to anyone. See https://www.elastic.co/guide/en/elasticsearch/reference/7.16/security-minimal-setup.html to enable security."],[299 Elasticsearch-7.16.1-5b38441b16b1ebb16a27c107a4c3865776e20c53 "[ignore_throttled] parameter is deprecated because frozen indices have been deprecated. Consider cold or frozen tiers in place of frozen indices."]
2023-08-04 12:58:16,516 INFO  [com.dot.ContainerResource] (docker-java-stream-1865446083) STDOUT: 12:58:16.515  WARN  client.RestClient - request [POST http://elasticsearch:9200/cluster_c40f8aa8c9.live_20230804125756/_search?typed_keys=true&max_concurrent_shard_requests=5&ignore_unavailable=false&expand_wildcards=open&allow_no_indices=true&ignore_throttled=true&search_type=query_then_fetch&batched_reduce_size=512&ccs_minimize_roundtrips=true] returned 2 warnings: [299 Elasticsearch-7.16.1-5b38441b16b1ebb16a27c107a4c3865776e20c53 "Elasticsearch built-in security features are not enabled. Without authentication, your cluster could be accessible to anyone. See https://www.elastic.co/guide/en/elasticsearch/reference/7.16/security-minimal-setup.html to enable security."],[299 Elasticsearch-7.16.1-5b38441b16b1ebb16a27c107a4c3865776e20c53 "[ignore_throttled] parameter is deprecated because frozen indices have been deprecated. Consider cold or frozen tiers in place of frozen indices."]
2023-08-04 12:58:16,532 INFO  [com.dot.ContainerResource] (docker-java-stream-1865446083) STDOUT: 12:58:16.525  WARN  client.RestClient - request [POST http://elasticsearch:9200/cluster_c40f8aa8c9.live_20230804125756/_search?typed_keys=true&max_concurrent_shard_requests=5&ignore_unavailable=false&expand_wildcards=open&allow_no_indices=true&ignore_throttled=true&search_type=query_then_fetch&batched_reduce_size=512&ccs_minimize_roundtrips=true] returned 2 warnings: [299 Elasticsearch-7.16.1-5b38441b16b1ebb16a27c107a4c3865776e20c53 "Elasticsearch built-in security features are not enabled. Without authentication, your cluster could be accessible to anyone. See https://www.elastic.co/guide/en/elasticsearch/reference/7.16/security-minimal-setup.html to enable security."],[299 Elasticsearch-7.16.1-5b38441b16b1ebb16a27c107a4c3865776e20c53 "[ignore_throttled] parameter is deprecated because frozen indices have been deprecated. Consider cold or frozen tiers in place of frozen indices."]
2023-08-04 12:58:16,534 INFO  [com.dot.ContainerResource] (docker-java-stream-1865446083) STDOUT: 12:58:16.534  WARN  client.RestClient - request [POST http://elasticsearch:9200/cluster_c40f8aa8c9.live_20230804125756/_search?typed_keys=true&max_concurrent_shard_requests=5&ignore_unavailable=false&expand_wildcards=open&allow_no_indices=true&ignore_throttled=true&search_type=query_then_fetch&batched_reduce_size=512&ccs_minimize_roundtrips=true] returned 2 warnings: [299 Elasticsearch-7.16.1-5b38441b16b1ebb16a27c107a4c3865776e20c53 "Elasticsearch built-in security features are not enabled. Without authentication, your cluster could be accessible to anyone. See https://www.elastic.co/guide/en/elasticsearch/reference/7.16/security-minimal-setup.html to enable security."],[299 Elasticsearch-7.16.1-5b38441b16b1ebb16a27c107a4c3865776e20c53 "[ignore_throttled] parameter is deprecated because frozen indices have been deprecated. Consider cold or frozen tiers in place of frozen indices."]
2023-08-04 12:58:16,545 INFO  [com.dot.ContainerResource] (docker-java-stream-1865446083) STDOUT: 12:58:16.545  WARN  client.RestClient - request [POST http://elasticsearch:9200/cluster_c40f8aa8c9.live_20230804125756/_search?typed_keys=true&max_concurrent_shard_requests=5&ignore_unavailable=false&expand_wildcards=open&allow_no_indices=true&ignore_throttled=true&search_type=query_then_fetch&batched_reduce_size=512&ccs_minimize_roundtrips=true] returned 2 warnings: [299 Elasticsearch-7.16.1-5b38441b16b1ebb16a27c107a4c3865776e20c53 "Elasticsearch built-in security features are not enabled. Without authentication, your cluster could be accessible to anyone. See https://www.elastic.co/guide/en/elasticsearch/reference/7.16/security-minimal-setup.html to enable security."],[299 Elasticsearch-7.16.1-5b38441b16b1ebb16a27c107a4c3865776e20c53 "[ignore_throttled] parameter is deprecated because frozen indices have been deprecated. Consider cold or frozen tiers in place of frozen indices."]
2023-08-04 12:58:16,564 INFO  [com.dot.ContainerResource] (docker-java-stream-1865446083) STDOUT: 12:58:16.555  WARN  client.RestClient - request [POST http://elasticsearch:9200/cluster_c40f8aa8c9.live_20230804125756/_search?typed_keys=true&max_concurrent_shard_requests=5&ignore_unavailable=false&expand_wildcards=open&allow_no_indices=true&ignore_throttled=true&search_type=query_then_fetch&batched_reduce_size=512&ccs_minimize_roundtrips=true] returned 2 warnings: [299 Elasticsearch-7.16.1-5b38441b16b1ebb16a27c107a4c3865776e20c53 "Elasticsearch built-in security features are not enabled. Without authentication, your cluster could be accessible to anyone. See https://www.elastic.co/guide/en/elasticsearch/reference/7.16/security-minimal-setup.html to enable security."],[299 Elasticsearch-7.16.1-5b38441b16b1ebb16a27c107a4c3865776e20c53 "[ignore_throttled] parameter is deprecated because frozen indices have been deprecated. Consider cold or frozen tiers in place of frozen indices."]
2023-08-04 12:58:16,565 INFO  [com.dot.ContainerResource] (docker-java-stream-1865446083) STDOUT: 12:58:16.561  WARN  client.RestClient - request [POST http://elasticsearch:9200/cluster_c40f8aa8c9.live_20230804125756/_search?typed_keys=true&max_concurrent_shard_requests=5&ignore_unavailable=false&expand_wildcards=open&allow_no_indices=true&ignore_throttled=true&search_type=query_then_fetch&batched_reduce_size=512&ccs_minimize_roundtrips=true] returned 2 warnings: [299 Elasticsearch-7.16.1-5b38441b16b1ebb16a27c107a4c3865776e20c53 "Elasticsearch built-in security features are not enabled. Without authentication, your cluster could be accessible to anyone. See https://www.elastic.co/guide/en/elasticsearch/reference/7.16/security-minimal-setup.html to enable security."],[299 Elasticsearch-7.16.1-5b38441b16b1ebb16a27c107a4c3865776e20c53 "[ignore_throttled] parameter is deprecated because frozen indices have been deprecated. Consider cold or frozen tiers in place of frozen indices."]
2023-08-04 12:58:16,567 INFO  [com.dot.ContainerResource] (docker-java-stream-1865446083) STDOUT: 12:58:16.567  WARN  client.RestClient - request [POST http://elasticsearch:9200/cluster_c40f8aa8c9.live_20230804125756/_search?typed_keys=true&max_concurrent_shard_requests=5&ignore_unavailable=false&expand_wildcards=open&allow_no_indices=true&ignore_throttled=true&search_type=query_then_fetch&batched_reduce_size=512&ccs_minimize_roundtrips=true] returned 2 warnings: [299 Elasticsearch-7.16.1-5b38441b16b1ebb16a27c107a4c3865776e20c53 "Elasticsearch built-in security features are not enabled. Without authentication, your cluster could be accessible to anyone. See https://www.elastic.co/guide/en/elasticsearch/reference/7.16/security-minimal-setup.html to enable security."],[299 Elasticsearch-7.16.1-5b38441b16b1ebb16a27c107a4c3865776e20c53 "[ignore_throttled] parameter is deprecated because frozen indices have been deprecated. Consider cold or frozen tiers in place of frozen indices."]
2023-08-04 12:58:16,574 INFO  [com.dot.ContainerResource] (docker-java-stream-1865446083) STDOUT: 12:58:16.574  WARN  client.RestClient - request [POST http://elasticsearch:9200/cluster_c40f8aa8c9.live_20230804125756/_search?typed_keys=true&max_concurrent_shard_requests=5&ignore_unavailable=false&expand_wildcards=open&allow_no_indices=true&ignore_throttled=true&search_type=query_then_fetch&batched_reduce_size=512&ccs_minimize_roundtrips=true] returned 2 warnings: [299 Elasticsearch-7.16.1-5b38441b16b1ebb16a27c107a4c3865776e20c53 "Elasticsearch built-in security features are not enabled. Without authentication, your cluster could be accessible to anyone. See https://www.elastic.co/guide/en/elasticsearch/reference/7.16/security-minimal-setup.html to enable security."],[299 Elasticsearch-7.16.1-5b38441b16b1ebb16a27c107a4c3865776e20c53 "[ignore_throttled] parameter is deprecated because frozen indices have been deprecated. Consider cold or frozen tiers in place of frozen indices."]
2023-08-04 12:58:16,586 INFO  [com.dot.ContainerResource] (docker-java-stream-1865446083) STDOUT: 12:58:16.585  WARN  client.RestClient - request [POST http://elasticsearch:9200/cluster_c40f8aa8c9.live_20230804125756/_search?typed_keys=true&max_concurrent_shard_requests=5&ignore_unavailable=false&expand_wildcards=open&allow_no_indices=true&ignore_throttled=true&search_type=query_then_fetch&batched_reduce_size=512&ccs_minimize_roundtrips=true] returned 2 warnings: [299 Elasticsearch-7.16.1-5b38441b16b1ebb16a27c107a4c3865776e20c53 "Elasticsearch built-in security features are not enabled. Without authentication, your cluster could be accessible to anyone. See https://www.elastic.co/guide/en/elasticsearch/reference/7.16/security-minimal-setup.html to enable security."],[299 Elasticsearch-7.16.1-5b38441b16b1ebb16a27c107a4c3865776e20c53 "[ignore_throttled] parameter is deprecated because frozen indices have been deprecated. Consider cold or frozen tiers in place of frozen indices."]
2023-08-04 12:58:16,593 INFO  [com.dot.ContainerResource] (docker-java-stream-1865446083) STDOUT: 12:58:16.592  WARN  client.RestClient - request [POST http://elasticsearch:9200/cluster_c40f8aa8c9.live_20230804125756/_search?typed_keys=true&max_concurrent_shard_requests=5&ignore_unavailable=false&expand_wildcards=open&allow_no_indices=true&ignore_throttled=true&search_type=query_then_fetch&batched_reduce_size=512&ccs_minimize_roundtrips=true] returned 2 warnings: [299 Elasticsearch-7.16.1-5b38441b16b1ebb16a27c107a4c3865776e20c53 "Elasticsearch built-in security features are not enabled. Without authentication, your cluster could be accessible to anyone. See https://www.elastic.co/guide/en/elasticsearch/reference/7.16/security-minimal-setup.html to enable security."],[299 Elasticsearch-7.16.1-5b38441b16b1ebb16a27c107a4c3865776e20c53 "[ignore_throttled] parameter is deprecated because frozen indices have been deprecated. Consider cold or frozen tiers in place of frozen indices."]
2023-08-04 12:58:16,603 INFO  [com.dot.ContainerResource] (docker-java-stream-1865446083) STDOUT: 12:58:16.602  WARN  client.RestClient - request [POST http://elasticsearch:9200/cluster_c40f8aa8c9.live_20230804125756/_search?typed_keys=true&max_concurrent_shard_requests=5&ignore_unavailable=false&expand_wildcards=open&allow_no_indices=true&ignore_throttled=true&search_type=query_then_fetch&batched_reduce_size=512&ccs_minimize_roundtrips=true] returned 2 warnings: [299 Elasticsearch-7.16.1-5b38441b16b1ebb16a27c107a4c3865776e20c53 "Elasticsearch built-in security features are not enabled. Without authentication, your cluster could be accessible to anyone. See https://www.elastic.co/guide/en/elasticsearch/reference/7.16/security-minimal-setup.html to enable security."],[299 Elasticsearch-7.16.1-5b38441b16b1ebb16a27c107a4c3865776e20c53 "[ignore_throttled] parameter is deprecated because frozen indices have been deprecated. Consider cold or frozen tiers in place of frozen indices."]
2023-08-04 12:58:16,613 INFO  [com.dot.ContainerResource] (docker-java-stream-1865446083) STDOUT: 12:58:16.609  WARN  client.RestClient - request [POST http://elasticsearch:9200/cluster_c40f8aa8c9.live_20230804125756/_search?typed_keys=true&max_concurrent_shard_requests=5&ignore_unavailable=false&expand_wildcards=open&allow_no_indices=true&ignore_throttled=true&search_type=query_then_fetch&batched_reduce_size=512&ccs_minimize_roundtrips=true] returned 2 warnings: [299 Elasticsearch-7.16.1-5b38441b16b1ebb16a27c107a4c3865776e20c53 "Elasticsearch built-in security features are not enabled. Without authentication, your cluster could be accessible to anyone. See https://www.elastic.co/guide/en/elasticsearch/reference/7.16/security-minimal-setup.html to enable security."],[299 Elasticsearch-7.16.1-5b38441b16b1ebb16a27c107a4c3865776e20c53 "[ignore_throttled] parameter is deprecated because frozen indices have been deprecated. Consider cold or frozen tiers in place of frozen indices."]
2023-08-04 12:58:16,616 INFO  [com.dot.ContainerResource] (docker-java-stream-1865446083) STDOUT: 12:58:16.616  WARN  client.RestClient - request [POST http://elasticsearch:9200/cluster_c40f8aa8c9.live_20230804125756/_search?typed_keys=true&max_concurrent_shard_requests=5&ignore_unavailable=false&expand_wildcards=open&allow_no_indices=true&ignore_throttled=true&search_type=query_then_fetch&batched_reduce_size=512&ccs_minimize_roundtrips=true] returned 2 warnings: [299 Elasticsearch-7.16.1-5b38441b16b1ebb16a27c107a4c3865776e20c53 "Elasticsearch built-in security features are not enabled. Without authentication, your cluster could be accessible to anyone. See https://www.elastic.co/guide/en/elasticsearch/reference/7.16/security-minimal-setup.html to enable security."],[299 Elasticsearch-7.16.1-5b38441b16b1ebb16a27c107a4c3865776e20c53 "[ignore_throttled] parameter is deprecated because frozen indices have been deprecated. Consider cold or frozen tiers in place of frozen indices."]
2023-08-04 12:58:16,623 INFO  [com.dot.ContainerResource] (docker-java-stream-1865446083) STDOUT: 12:58:16.622  WARN  client.RestClient - request [POST http://elasticsearch:9200/cluster_c40f8aa8c9.live_20230804125756/_search?typed_keys=true&max_concurrent_shard_requests=5&ignore_unavailable=false&expand_wildcards=open&allow_no_indices=true&ignore_throttled=true&search_type=query_then_fetch&batched_reduce_size=512&ccs_minimize_roundtrips=true] returned 2 warnings: [299 Elasticsearch-7.16.1-5b38441b16b1ebb16a27c107a4c3865776e20c53 "Elasticsearch built-in security features are not enabled. Without authentication, your cluster could be accessible to anyone. See https://www.elastic.co/guide/en/elasticsearch/reference/7.16/security-minimal-setup.html to enable security."],[299 Elasticsearch-7.16.1-5b38441b16b1ebb16a27c107a4c3865776e20c53 "[ignore_throttled] parameter is deprecated because frozen indices have been deprecated. Consider cold or frozen tiers in place of frozen indices."]
2023-08-04 12:58:16,627 INFO  [com.dot.ContainerResource] (docker-java-stream-1865446083) STDOUT: 12:58:16.627  WARN  client.RestClient - request [POST http://elasticsearch:9200/cluster_c40f8aa8c9.live_20230804125756/_search?typed_keys=true&max_concurrent_shard_requests=5&ignore_unavailable=false&expand_wildcards=open&allow_no_indices=true&ignore_throttled=true&search_type=query_then_fetch&batched_reduce_size=512&ccs_minimize_roundtrips=true] returned 2 warnings: [299 Elasticsearch-7.16.1-5b38441b16b1ebb16a27c107a4c3865776e20c53 "Elasticsearch built-in security features are not enabled. Without authentication, your cluster could be accessible to anyone. See https://www.elastic.co/guide/en/elasticsearch/reference/7.16/security-minimal-setup.html to enable security."],[299 Elasticsearch-7.16.1-5b38441b16b1ebb16a27c107a4c3865776e20c53 "[ignore_throttled] parameter is deprecated because frozen indices have been deprecated. Consider cold or frozen tiers in place of frozen indices."]
2023-08-04 12:58:16,637 INFO  [com.dot.ContainerResource] (docker-java-stream-1865446083) STDOUT: 12:58:16.634  WARN  client.RestClient - request [POST http://elasticsearch:9200/cluster_c40f8aa8c9.live_20230804125756/_search?typed_keys=true&max_concurrent_shard_requests=5&ignore_unavailable=false&expand_wildcards=open&allow_no_indices=true&ignore_throttled=true&search_type=query_then_fetch&batched_reduce_size=512&ccs_minimize_roundtrips=true] returned 2 warnings: [299 Elasticsearch-7.16.1-5b38441b16b1ebb16a27c107a4c3865776e20c53 "Elasticsearch built-in security features are not enabled. Without authentication, your cluster could be accessible to anyone. See https://www.elastic.co/guide/en/elasticsearch/reference/7.16/security-minimal-setup.html to enable security."],[299 Elasticsearch-7.16.1-5b38441b16b1ebb16a27c107a4c3865776e20c53 "[ignore_throttled] parameter is deprecated because frozen indices have been deprecated. Consider cold or frozen tiers in place of frozen indices."]
2023-08-04 12:58:16,644 INFO  [com.dot.ContainerResource] (docker-java-stream-1865446083) STDOUT: 12:58:16.641  WARN  client.RestClient - request [POST http://elasticsearch:9200/cluster_c40f8aa8c9.live_20230804125756/_search?typed_keys=true&max_concurrent_shard_requests=5&ignore_unavailable=false&expand_wildcards=open&allow_no_indices=true&ignore_throttled=true&search_type=query_then_fetch&batched_reduce_size=512&ccs_minimize_roundtrips=true] returned 2 warnings: [299 Elasticsearch-7.16.1-5b38441b16b1ebb16a27c107a4c3865776e20c53 "Elasticsearch built-in security features are not enabled. Without authentication, your cluster could be accessible to anyone. See https://www.elastic.co/guide/en/elasticsearch/reference/7.16/security-minimal-setup.html to enable security."],[299 Elasticsearch-7.16.1-5b38441b16b1ebb16a27c107a4c3865776e20c53 "[ignore_throttled] parameter is deprecated because frozen indices have been deprecated. Consider cold or frozen tiers in place of frozen indices."]
2023-08-04 12:58:16,655 INFO  [com.dot.ContainerResource] (docker-java-stream-1865446083) STDOUT: 12:58:16.648  WARN  client.RestClient - request [POST http://elasticsearch:9200/cluster_c40f8aa8c9.live_20230804125756/_search?typed_keys=true&max_concurrent_shard_requests=5&ignore_unavailable=false&expand_wildcards=open&allow_no_indices=true&ignore_throttled=true&search_type=query_then_fetch&batched_reduce_size=512&ccs_minimize_roundtrips=true] returned 2 warnings: [299 Elasticsearch-7.16.1-5b38441b16b1ebb16a27c107a4c3865776e20c53 "Elasticsearch built-in security features are not enabled. Without authentication, your cluster could be accessible to anyone. See https://www.elastic.co/guide/en/elasticsearch/reference/7.16/security-minimal-setup.html to enable security."],[299 Elasticsearch-7.16.1-5b38441b16b1ebb16a27c107a4c3865776e20c53 "[ignore_throttled] parameter is deprecated because frozen indices have been deprecated. Consider cold or frozen tiers in place of frozen indices."]
2023-08-04 12:58:16,667 INFO  [com.dot.ContainerResource] (docker-java-stream-1865446083) STDOUT: 12:58:16.655  WARN  client.RestClient - request [POST http://elasticsearch:9200/cluster_c40f8aa8c9.live_20230804125756/_search?typed_keys=true&max_concurrent_shard_requests=5&ignore_unavailable=false&expand_wildcards=open&allow_no_indices=true&ignore_throttled=true&search_type=query_then_fetch&batched_reduce_size=512&ccs_minimize_roundtrips=true] returned 2 warnings: [299 Elasticsearch-7.16.1-5b38441b16b1ebb16a27c107a4c3865776e20c53 "Elasticsearch built-in security features are not enabled. Without authentication, your cluster could be accessible to anyone. See https://www.elastic.co/guide/en/elasticsearch/reference/7.16/security-minimal-setup.html to enable security."],[299 Elasticsearch-7.16.1-5b38441b16b1ebb16a27c107a4c3865776e20c53 "[ignore_throttled] parameter is deprecated because frozen indices have been deprecated. Consider cold or frozen tiers in place of frozen indices."]
2023-08-04 12:58:16,667 INFO  [com.dot.ContainerResource] (docker-java-stream-1865446083) STDOUT: 12:58:16.662  WARN  client.RestClient - request [POST http://elasticsearch:9200/cluster_c40f8aa8c9.live_20230804125756/_search?typed_keys=true&max_concurrent_shard_requests=5&ignore_unavailable=false&expand_wildcards=open&allow_no_indices=true&ignore_throttled=true&search_type=query_then_fetch&batched_reduce_size=512&ccs_minimize_roundtrips=true] returned 2 warnings: [299 Elasticsearch-7.16.1-5b38441b16b1ebb16a27c107a4c3865776e20c53 "Elasticsearch built-in security features are not enabled. Without authentication, your cluster could be accessible to anyone. See https://www.elastic.co/guide/en/elasticsearch/reference/7.16/security-minimal-setup.html to enable security."],[299 Elasticsearch-7.16.1-5b38441b16b1ebb16a27c107a4c3865776e20c53 "[ignore_throttled] parameter is deprecated because frozen indices have been deprecated. Consider cold or frozen tiers in place of frozen indices."]
2023-08-04 12:58:16,668 INFO  [com.dot.ContainerResource] (docker-java-stream-1865446083) STDOUT: 12:58:16.668  WARN  client.RestClient - request [POST http://elasticsearch:9200/cluster_c40f8aa8c9.live_20230804125756/_search?typed_keys=true&max_concurrent_shard_requests=5&ignore_unavailable=false&expand_wildcards=open&allow_no_indices=true&ignore_throttled=true&search_type=query_then_fetch&batched_reduce_size=512&ccs_minimize_roundtrips=true] returned 2 warnings: [299 Elasticsearch-7.16.1-5b38441b16b1ebb16a27c107a4c3865776e20c53 "Elasticsearch built-in security features are not enabled. Without authentication, your cluster could be accessible to anyone. See https://www.elastic.co/guide/en/elasticsearch/reference/7.16/security-minimal-setup.html to enable security."],[299 Elasticsearch-7.16.1-5b38441b16b1ebb16a27c107a4c3865776e20c53 "[ignore_throttled] parameter is deprecated because frozen indices have been deprecated. Consider cold or frozen tiers in place of frozen indices."]
2023-08-04 12:58:16,687 INFO  [com.dot.ContainerResource] (docker-java-stream-1865446083) STDOUT: 12:58:16.687  WARN  client.RestClient - request [POST http://elasticsearch:9200/cluster_c40f8aa8c9.live_20230804125756/_search?typed_keys=true&max_concurrent_shard_requests=5&ignore_unavailable=false&expand_wildcards=open&allow_no_indices=true&ignore_throttled=true&search_type=query_then_fetch&batched_reduce_size=512&ccs_minimize_roundtrips=true] returned 2 warnings: [299 Elasticsearch-7.16.1-5b38441b16b1ebb16a27c107a4c3865776e20c53 "Elasticsearch built-in security features are not enabled. Without authentication, your cluster could be accessible to anyone. See https://www.elastic.co/guide/en/elasticsearch/reference/7.16/security-minimal-setup.html to enable security."],[299 Elasticsearch-7.16.1-5b38441b16b1ebb16a27c107a4c3865776e20c53 "[ignore_throttled] parameter is deprecated because frozen indices have been deprecated. Consider cold or frozen tiers in place of frozen indices."]
2023-08-04 12:58:16,698 INFO  [com.dot.ContainerResource] (docker-java-stream-1865446083) STDOUT: 12:58:16.697  WARN  client.RestClient - request [POST http://elasticsearch:9200/cluster_c40f8aa8c9.live_20230804125756/_search?typed_keys=true&max_concurrent_shard_requests=5&ignore_unavailable=false&expand_wildcards=open&allow_no_indices=true&ignore_throttled=true&search_type=query_then_fetch&batched_reduce_size=512&ccs_minimize_roundtrips=true] returned 2 warnings: [299 Elasticsearch-7.16.1-5b38441b16b1ebb16a27c107a4c3865776e20c53 "Elasticsearch built-in security features are not enabled. Without authentication, your cluster could be accessible to anyone. See https://www.elastic.co/guide/en/elasticsearch/reference/7.16/security-minimal-setup.html to enable security."],[299 Elasticsearch-7.16.1-5b38441b16b1ebb16a27c107a4c3865776e20c53 "[ignore_throttled] parameter is deprecated because frozen indices have been deprecated. Consider cold or frozen tiers in place of frozen indices."]
2023-08-04 12:58:16,710 INFO  [com.dot.ContainerResource] (docker-java-stream-1865446083) STDOUT: 12:58:16.710  WARN  client.RestClient - request [POST http://elasticsearch:9200/cluster_c40f8aa8c9.live_20230804125756/_search?typed_keys=true&max_concurrent_shard_requests=5&ignore_unavailable=false&expand_wildcards=open&allow_no_indices=true&ignore_throttled=true&search_type=query_then_fetch&batched_reduce_size=512&ccs_minimize_roundtrips=true] returned 2 warnings: [299 Elasticsearch-7.16.1-5b38441b16b1ebb16a27c107a4c3865776e20c53 "Elasticsearch built-in security features are not enabled. Without authentication, your cluster could be accessible to anyone. See https://www.elastic.co/guide/en/elasticsearch/reference/7.16/security-minimal-setup.html to enable security."],[299 Elasticsearch-7.16.1-5b38441b16b1ebb16a27c107a4c3865776e20c53 "[ignore_throttled] parameter is deprecated because frozen indices have been deprecated. Consider cold or frozen tiers in place of frozen indices."]
2023-08-04 12:58:16,721 INFO  [com.dot.ContainerResource] (docker-java-stream-1865446083) STDOUT: 12:58:16.720  WARN  client.RestClient - request [POST http://elasticsearch:9200/cluster_c40f8aa8c9.live_20230804125756/_search?typed_keys=true&max_concurrent_shard_requests=5&ignore_unavailable=false&expand_wildcards=open&allow_no_indices=true&ignore_throttled=true&search_type=query_then_fetch&batched_reduce_size=512&ccs_minimize_roundtrips=true] returned 2 warnings: [299 Elasticsearch-7.16.1-5b38441b16b1ebb16a27c107a4c3865776e20c53 "Elasticsearch built-in security features are not enabled. Without authentication, your cluster could be accessible to anyone. See https://www.elastic.co/guide/en/elasticsearch/reference/7.16/security-minimal-setup.html to enable security."],[299 Elasticsearch-7.16.1-5b38441b16b1ebb16a27c107a4c3865776e20c53 "[ignore_throttled] parameter is deprecated because frozen indices have been deprecated. Consider cold or frozen tiers in place of frozen indices."]
2023-08-04 12:58:16,733 INFO  [com.dot.ContainerResource] (docker-java-stream-1865446083) STDOUT: 12:58:16.732  WARN  client.RestClient - request [POST http://elasticsearch:9200/cluster_c40f8aa8c9.live_20230804125756/_search?typed_keys=true&max_concurrent_shard_requests=5&ignore_unavailable=false&expand_wildcards=open&allow_no_indices=true&ignore_throttled=true&search_type=query_then_fetch&batched_reduce_size=512&ccs_minimize_roundtrips=true] returned 2 warnings: [299 Elasticsearch-7.16.1-5b38441b16b1ebb16a27c107a4c3865776e20c53 "Elasticsearch built-in security features are not enabled. Without authentication, your cluster could be accessible to anyone. See https://www.elastic.co/guide/en/elasticsearch/reference/7.16/security-minimal-setup.html to enable security."],[299 Elasticsearch-7.16.1-5b38441b16b1ebb16a27c107a4c3865776e20c53 "[ignore_throttled] parameter is deprecated because frozen indices have been deprecated. Consider cold or frozen tiers in place of frozen indices."]
2023-08-04 12:58:16,743 INFO  [com.dot.ContainerResource] (docker-java-stream-1865446083) STDOUT: 12:58:16.743  WARN  client.RestClient - request [POST http://elasticsearch:9200/cluster_c40f8aa8c9.live_20230804125756/_search?typed_keys=true&max_concurrent_shard_requests=5&ignore_unavailable=false&expand_wildcards=open&allow_no_indices=true&ignore_throttled=true&search_type=query_then_fetch&batched_reduce_size=512&ccs_minimize_roundtrips=true] returned 2 warnings: [299 Elasticsearch-7.16.1-5b38441b16b1ebb16a27c107a4c3865776e20c53 "Elasticsearch built-in security features are not enabled. Without authentication, your cluster could be accessible to anyone. See https://www.elastic.co/guide/en/elasticsearch/reference/7.16/security-minimal-setup.html to enable security."],[299 Elasticsearch-7.16.1-5b38441b16b1ebb16a27c107a4c3865776e20c53 "[ignore_throttled] parameter is deprecated because frozen indices have been deprecated. Consider cold or frozen tiers in place of frozen indices."]
2023-08-04 12:58:16,756 INFO  [com.dot.ContainerResource] (docker-java-stream-1865446083) STDOUT: 12:58:16.755  WARN  client.RestClient - request [POST http://elasticsearch:9200/cluster_c40f8aa8c9.live_20230804125756/_search?typed_keys=true&max_concurrent_shard_requests=5&ignore_unavailable=false&expand_wildcards=open&allow_no_indices=true&ignore_throttled=true&search_type=query_then_fetch&batched_reduce_size=512&ccs_minimize_roundtrips=true] returned 2 warnings: [299 Elasticsearch-7.16.1-5b38441b16b1ebb16a27c107a4c3865776e20c53 "Elasticsearch built-in security features are not enabled. Without authentication, your cluster could be accessible to anyone. See https://www.elastic.co/guide/en/elasticsearch/reference/7.16/security-minimal-setup.html to enable security."],[299 Elasticsearch-7.16.1-5b38441b16b1ebb16a27c107a4c3865776e20c53 "[ignore_throttled] parameter is deprecated because frozen indices have been deprecated. Consider cold or frozen tiers in place of frozen indices."]
2023-08-04 12:58:16,764 INFO  [com.dot.ContainerResource] (docker-java-stream-1865446083) STDOUT: 12:58:16.760  WARN  client.RestClient - request [POST http://elasticsearch:9200/cluster_c40f8aa8c9.live_20230804125756/_search?typed_keys=true&max_concurrent_shard_requests=5&ignore_unavailable=false&expand_wildcards=open&allow_no_indices=true&ignore_throttled=true&search_type=query_then_fetch&batched_reduce_size=512&ccs_minimize_roundtrips=true] returned 2 warnings: [299 Elasticsearch-7.16.1-5b38441b16b1ebb16a27c107a4c3865776e20c53 "Elasticsearch built-in security features are not enabled. Without authentication, your cluster could be accessible to anyone. See https://www.elastic.co/guide/en/elasticsearch/reference/7.16/security-minimal-setup.html to enable security."],[299 Elasticsearch-7.16.1-5b38441b16b1ebb16a27c107a4c3865776e20c53 "[ignore_throttled] parameter is deprecated because frozen indices have been deprecated. Consider cold or frozen tiers in place of frozen indices."]
2023-08-04 12:58:16,771 INFO  [com.dot.ContainerResource] (docker-java-stream-1865446083) STDOUT: 12:58:16.769  WARN  client.RestClient - request [POST http://elasticsearch:9200/cluster_c40f8aa8c9.live_20230804125756/_search?typed_keys=true&max_concurrent_shard_requests=5&ignore_unavailable=false&expand_wildcards=open&allow_no_indices=true&ignore_throttled=true&search_type=query_then_fetch&batched_reduce_size=512&ccs_minimize_roundtrips=true] returned 2 warnings: [299 Elasticsearch-7.16.1-5b38441b16b1ebb16a27c107a4c3865776e20c53 "Elasticsearch built-in security features are not enabled. Without authentication, your cluster could be accessible to anyone. See https://www.elastic.co/guide/en/elasticsearch/reference/7.16/security-minimal-setup.html to enable security."],[299 Elasticsearch-7.16.1-5b38441b16b1ebb16a27c107a4c3865776e20c53 "[ignore_throttled] parameter is deprecated because frozen indices have been deprecated. Consider cold or frozen tiers in place of frozen indices."]
2023-08-04 12:58:16,776 INFO  [com.dot.ContainerResource] (docker-java-stream-1865446083) STDOUT: 12:58:16.776  WARN  client.RestClient - request [POST http://elasticsearch:9200/cluster_c40f8aa8c9.live_20230804125756/_search?typed_keys=true&max_concurrent_shard_requests=5&ignore_unavailable=false&expand_wildcards=open&allow_no_indices=true&ignore_throttled=true&search_type=query_then_fetch&batched_reduce_size=512&ccs_minimize_roundtrips=true] returned 2 warnings: [299 Elasticsearch-7.16.1-5b38441b16b1ebb16a27c107a4c3865776e20c53 "Elasticsearch built-in security features are not enabled. Without authentication, your cluster could be accessible to anyone. See https://www.elastic.co/guide/en/elasticsearch/reference/7.16/security-minimal-setup.html to enable security."],[299 Elasticsearch-7.16.1-5b38441b16b1ebb16a27c107a4c3865776e20c53 "[ignore_throttled] parameter is deprecated because frozen indices have been deprecated. Consider cold or frozen tiers in place of frozen indices."]
2023-08-04 12:58:16,791 INFO  [com.dot.ContainerResource] (docker-java-stream-1865446083) STDOUT: 12:58:16.790  WARN  client.RestClient - request [POST http://elasticsearch:9200/cluster_c40f8aa8c9.live_20230804125756/_search?typed_keys=true&max_concurrent_shard_requests=5&ignore_unavailable=false&expand_wildcards=open&allow_no_indices=true&ignore_throttled=true&search_type=query_then_fetch&batched_reduce_size=512&ccs_minimize_roundtrips=true] returned 2 warnings: [299 Elasticsearch-7.16.1-5b38441b16b1ebb16a27c107a4c3865776e20c53 "Elasticsearch built-in security features are not enabled. Without authentication, your cluster could be accessible to anyone. See https://www.elastic.co/guide/en/elasticsearch/reference/7.16/security-minimal-setup.html to enable security."],[299 Elasticsearch-7.16.1-5b38441b16b1ebb16a27c107a4c3865776e20c53 "[ignore_throttled] parameter is deprecated because frozen indices have been deprecated. Consider cold or frozen tiers in place of frozen indices."]
2023-08-04 12:58:16,798 INFO  [com.dot.ContainerResource] (docker-java-stream-1865446083) STDOUT: 12:58:16.797  WARN  client.RestClient - request [POST http://elasticsearch:9200/cluster_c40f8aa8c9.live_20230804125756/_search?typed_keys=true&max_concurrent_shard_requests=5&ignore_unavailable=false&expand_wildcards=open&allow_no_indices=true&ignore_throttled=true&search_type=query_then_fetch&batched_reduce_size=512&ccs_minimize_roundtrips=true] returned 2 warnings: [299 Elasticsearch-7.16.1-5b38441b16b1ebb16a27c107a4c3865776e20c53 "Elasticsearch built-in security features are not enabled. Without authentication, your cluster could be accessible to anyone. See https://www.elastic.co/guide/en/elasticsearch/reference/7.16/security-minimal-setup.html to enable security."],[299 Elasticsearch-7.16.1-5b38441b16b1ebb16a27c107a4c3865776e20c53 "[ignore_throttled] parameter is deprecated because frozen indices have been deprecated. Consider cold or frozen tiers in place of frozen indices."]
2023-08-04 12:58:16,808 INFO  [com.dot.ContainerResource] (docker-java-stream-1865446083) STDOUT: 12:58:16.808  WARN  client.RestClient - request [POST http://elasticsearch:9200/cluster_c40f8aa8c9.live_20230804125756/_search?typed_keys=true&max_concurrent_shard_requests=5&ignore_unavailable=false&expand_wildcards=open&allow_no_indices=true&ignore_throttled=true&search_type=query_then_fetch&batched_reduce_size=512&ccs_minimize_roundtrips=true] returned 2 warnings: [299 Elasticsearch-7.16.1-5b38441b16b1ebb16a27c107a4c3865776e20c53 "Elasticsearch built-in security features are not enabled. Without authentication, your cluster could be accessible to anyone. See https://www.elastic.co/guide/en/elasticsearch/reference/7.16/security-minimal-setup.html to enable security."],[299 Elasticsearch-7.16.1-5b38441b16b1ebb16a27c107a4c3865776e20c53 "[ignore_throttled] parameter is deprecated because frozen indices have been deprecated. Consider cold or frozen tiers in place of frozen indices."]
2023-08-04 12:58:16,824 INFO  [com.dot.ContainerResource] (docker-java-stream-1865446083) STDOUT: 12:58:16.823  WARN  client.RestClient - request [POST http://elasticsearch:9200/cluster_c40f8aa8c9.live_20230804125756/_search?typed_keys=true&max_concurrent_shard_requests=5&ignore_unavailable=false&expand_wildcards=open&allow_no_indices=true&ignore_throttled=true&search_type=query_then_fetch&batched_reduce_size=512&ccs_minimize_roundtrips=true] returned 2 warnings: [299 Elasticsearch-7.16.1-5b38441b16b1ebb16a27c107a4c3865776e20c53 "Elasticsearch built-in security features are not enabled. Without authentication, your cluster could be accessible to anyone. See https://www.elastic.co/guide/en/elasticsearch/reference/7.16/security-minimal-setup.html to enable security."],[299 Elasticsearch-7.16.1-5b38441b16b1ebb16a27c107a4c3865776e20c53 "[ignore_throttled] parameter is deprecated because frozen indices have been deprecated. Consider cold or frozen tiers in place of frozen indices."]
2023-08-04 12:58:16,846 INFO  [com.dot.ContainerResource] (docker-java-stream-1865446083) STDOUT: 12:58:16.842  WARN  client.RestClient - request [POST http://elasticsearch:9200/cluster_c40f8aa8c9.live_20230804125756/_search?typed_keys=true&max_concurrent_shard_requests=5&ignore_unavailable=false&expand_wildcards=open&allow_no_indices=true&ignore_throttled=true&search_type=query_then_fetch&batched_reduce_size=512&ccs_minimize_roundtrips=true] returned 2 warnings: [299 Elasticsearch-7.16.1-5b38441b16b1ebb16a27c107a4c3865776e20c53 "Elasticsearch built-in security features are not enabled. Without authentication, your cluster could be accessible to anyone. See https://www.elastic.co/guide/en/elasticsearch/reference/7.16/security-minimal-setup.html to enable security."],[299 Elasticsearch-7.16.1-5b38441b16b1ebb16a27c107a4c3865776e20c53 "[ignore_throttled] parameter is deprecated because frozen indices have been deprecated. Consider cold or frozen tiers in place of frozen indices."]
2023-08-04 12:58:16,851 INFO  [com.dot.ContainerResource] (docker-java-stream-1865446083) STDOUT: 12:58:16.850  WARN  client.RestClient - request [POST http://elasticsearch:9200/cluster_c40f8aa8c9.live_20230804125756/_search?typed_keys=true&max_concurrent_shard_requests=5&ignore_unavailable=false&expand_wildcards=open&allow_no_indices=true&ignore_throttled=true&search_type=query_then_fetch&batched_reduce_size=512&ccs_minimize_roundtrips=true] returned 2 warnings: [299 Elasticsearch-7.16.1-5b38441b16b1ebb16a27c107a4c3865776e20c53 "Elasticsearch built-in security features are not enabled. Without authentication, your cluster could be accessible to anyone. See https://www.elastic.co/guide/en/elasticsearch/reference/7.16/security-minimal-setup.html to enable security."],[299 Elasticsearch-7.16.1-5b38441b16b1ebb16a27c107a4c3865776e20c53 "[ignore_throttled] parameter is deprecated because frozen indices have been deprecated. Consider cold or frozen tiers in place of frozen indices."]
2023-08-04 12:58:16,861 INFO  [com.dot.ContainerResource] (docker-java-stream-1865446083) STDOUT: 12:58:16.859  WARN  client.RestClient - request [POST http://elasticsearch:9200/cluster_c40f8aa8c9.live_20230804125756/_search?typed_keys=true&max_concurrent_shard_requests=5&ignore_unavailable=false&expand_wildcards=open&allow_no_indices=true&ignore_throttled=true&search_type=query_then_fetch&batched_reduce_size=512&ccs_minimize_roundtrips=true] returned 2 warnings: [299 Elasticsearch-7.16.1-5b38441b16b1ebb16a27c107a4c3865776e20c53 "Elasticsearch built-in security features are not enabled. Without authentication, your cluster could be accessible to anyone. See https://www.elastic.co/guide/en/elasticsearch/reference/7.16/security-minimal-setup.html to enable security."],[299 Elasticsearch-7.16.1-5b38441b16b1ebb16a27c107a4c3865776e20c53 "[ignore_throttled] parameter is deprecated because frozen indices have been deprecated. Consider cold or frozen tiers in place of frozen indices."]
2023-08-04 12:58:16,866 INFO  [com.dot.ContainerResource] (docker-java-stream-1865446083) STDOUT: 12:58:16.865  WARN  client.RestClient - request [POST http://elasticsearch:9200/cluster_c40f8aa8c9.live_20230804125756/_search?typed_keys=true&max_concurrent_shard_requests=5&ignore_unavailable=false&expand_wildcards=open&allow_no_indices=true&ignore_throttled=true&search_type=query_then_fetch&batched_reduce_size=512&ccs_minimize_roundtrips=true] returned 2 warnings: [299 Elasticsearch-7.16.1-5b38441b16b1ebb16a27c107a4c3865776e20c53 "Elasticsearch built-in security features are not enabled. Without authentication, your cluster could be accessible to anyone. See https://www.elastic.co/guide/en/elasticsearch/reference/7.16/security-minimal-setup.html to enable security."],[299 Elasticsearch-7.16.1-5b38441b16b1ebb16a27c107a4c3865776e20c53 "[ignore_throttled] parameter is deprecated because frozen indices have been deprecated. Consider cold or frozen tiers in place of frozen indices."]
2023-08-04 12:58:16,874 INFO  [com.dot.ContainerResource] (docker-java-stream-1865446083) STDOUT: 12:58:16.872  WARN  client.RestClient - request [POST http://elasticsearch:9200/cluster_c40f8aa8c9.live_20230804125756/_search?typed_keys=true&max_concurrent_shard_requests=5&ignore_unavailable=false&expand_wildcards=open&allow_no_indices=true&ignore_throttled=true&search_type=query_then_fetch&batched_reduce_size=512&ccs_minimize_roundtrips=true] returned 2 warnings: [299 Elasticsearch-7.16.1-5b38441b16b1ebb16a27c107a4c3865776e20c53 "Elasticsearch built-in security features are not enabled. Without authentication, your cluster could be accessible to anyone. See https://www.elastic.co/guide/en/elasticsearch/reference/7.16/security-minimal-setup.html to enable security."],[299 Elasticsearch-7.16.1-5b38441b16b1ebb16a27c107a4c3865776e20c53 "[ignore_throttled] parameter is deprecated because frozen indices have been deprecated. Consider cold or frozen tiers in place of frozen indices."]
2023-08-04 12:58:16,880 INFO  [com.dot.ContainerResource] (docker-java-stream-1865446083) STDOUT: 12:58:16.879  WARN  client.RestClient - request [POST http://elasticsearch:9200/cluster_c40f8aa8c9.live_20230804125756/_search?typed_keys=true&max_concurrent_shard_requests=5&ignore_unavailable=false&expand_wildcards=open&allow_no_indices=true&ignore_throttled=true&search_type=query_then_fetch&batched_reduce_size=512&ccs_minimize_roundtrips=true] returned 2 warnings: [299 Elasticsearch-7.16.1-5b38441b16b1ebb16a27c107a4c3865776e20c53 "Elasticsearch built-in security features are not enabled. Without authentication, your cluster could be accessible to anyone. See https://www.elastic.co/guide/en/elasticsearch/reference/7.16/security-minimal-setup.html to enable security."],[299 Elasticsearch-7.16.1-5b38441b16b1ebb16a27c107a4c3865776e20c53 "[ignore_throttled] parameter is deprecated because frozen indices have been deprecated. Consider cold or frozen tiers in place of frozen indices."]
2023-08-04 12:58:16,886 INFO  [com.dot.ContainerResource] (docker-java-stream-1865446083) STDOUT: 12:58:16.885  WARN  client.RestClient - request [POST http://elasticsearch:9200/cluster_c40f8aa8c9.live_20230804125756/_search?typed_keys=true&max_concurrent_shard_requests=5&ignore_unavailable=false&expand_wildcards=open&allow_no_indices=true&ignore_throttled=true&search_type=query_then_fetch&batched_reduce_size=512&ccs_minimize_roundtrips=true] returned 2 warnings: [299 Elasticsearch-7.16.1-5b38441b16b1ebb16a27c107a4c3865776e20c53 "Elasticsearch built-in security features are not enabled. Without authentication, your cluster could be accessible to anyone. See https://www.elastic.co/guide/en/elasticsearch/reference/7.16/security-minimal-setup.html to enable security."],[299 Elasticsearch-7.16.1-5b38441b16b1ebb16a27c107a4c3865776e20c53 "[ignore_throttled] parameter is deprecated because frozen indices have been deprecated. Consider cold or frozen tiers in place of frozen indices."]
2023-08-04 12:58:16,892 INFO  [com.dot.ContainerResource] (docker-java-stream-1865446083) STDOUT: 12:58:16.891  WARN  client.RestClient - request [POST http://elasticsearch:9200/cluster_c40f8aa8c9.live_20230804125756/_search?typed_keys=true&max_concurrent_shard_requests=5&ignore_unavailable=false&expand_wildcards=open&allow_no_indices=true&ignore_throttled=true&search_type=query_then_fetch&batched_reduce_size=512&ccs_minimize_roundtrips=true] returned 2 warnings: [299 Elasticsearch-7.16.1-5b38441b16b1ebb16a27c107a4c3865776e20c53 "Elasticsearch built-in security features are not enabled. Without authentication, your cluster could be accessible to anyone. See https://www.elastic.co/guide/en/elasticsearch/reference/7.16/security-minimal-setup.html to enable security."],[299 Elasticsearch-7.16.1-5b38441b16b1ebb16a27c107a4c3865776e20c53 "[ignore_throttled] parameter is deprecated because frozen indices have been deprecated. Consider cold or frozen tiers in place of frozen indices."]
2023-08-04 12:58:16,901 INFO  [com.dot.ContainerResource] (docker-java-stream-1865446083) STDOUT: 12:58:16.900  WARN  client.RestClient - request [POST http://elasticsearch:9200/cluster_c40f8aa8c9.live_20230804125756/_search?typed_keys=true&max_concurrent_shard_requests=5&ignore_unavailable=false&expand_wildcards=open&allow_no_indices=true&ignore_throttled=true&search_type=query_then_fetch&batched_reduce_size=512&ccs_minimize_roundtrips=true] returned 2 warnings: [299 Elasticsearch-7.16.1-5b38441b16b1ebb16a27c107a4c3865776e20c53 "Elasticsearch built-in security features are not enabled. Without authentication, your cluster could be accessible to anyone. See https://www.elastic.co/guide/en/elasticsearch/reference/7.16/security-minimal-setup.html to enable security."],[299 Elasticsearch-7.16.1-5b38441b16b1ebb16a27c107a4c3865776e20c53 "[ignore_throttled] parameter is deprecated because frozen indices have been deprecated. Consider cold or frozen tiers in place of frozen indices."]
2023-08-04 12:58:16,930 INFO  [com.dot.ContainerResource] (docker-java-stream-1865446083) STDOUT: 12:58:16.929  WARN  client.RestClient - request [POST http://elasticsearch:9200/cluster_c40f8aa8c9.live_20230804125756/_search?typed_keys=true&max_concurrent_shard_requests=5&ignore_unavailable=false&expand_wildcards=open&allow_no_indices=true&ignore_throttled=true&search_type=query_then_fetch&batched_reduce_size=512&ccs_minimize_roundtrips=true] returned 2 warnings: [299 Elasticsearch-7.16.1-5b38441b16b1ebb16a27c107a4c3865776e20c53 "Elasticsearch built-in security features are not enabled. Without authentication, your cluster could be accessible to anyone. See https://www.elastic.co/guide/en/elasticsearch/reference/7.16/security-minimal-setup.html to enable security."],[299 Elasticsearch-7.16.1-5b38441b16b1ebb16a27c107a4c3865776e20c53 "[ignore_throttled] parameter is deprecated because frozen indices have been deprecated. Consider cold or frozen tiers in place of frozen indices."]
2023-08-04 12:58:16,950 INFO  [com.dot.ContainerResource] (docker-java-stream-1865446083) STDOUT: 12:58:16.947  WARN  client.RestClient - request [POST http://elasticsearch:9200/cluster_c40f8aa8c9.live_20230804125756/_search?typed_keys=true&max_concurrent_shard_requests=5&ignore_unavailable=false&expand_wildcards=open&allow_no_indices=true&ignore_throttled=true&search_type=query_then_fetch&batched_reduce_size=512&ccs_minimize_roundtrips=true] returned 2 warnings: [299 Elasticsearch-7.16.1-5b38441b16b1ebb16a27c107a4c3865776e20c53 "Elasticsearch built-in security features are not enabled. Without authentication, your cluster could be accessible to anyone. See https://www.elastic.co/guide/en/elasticsearch/reference/7.16/security-minimal-setup.html to enable security."],[299 Elasticsearch-7.16.1-5b38441b16b1ebb16a27c107a4c3865776e20c53 "[ignore_throttled] parameter is deprecated because frozen indices have been deprecated. Consider cold or frozen tiers in place of frozen indices."]
2023-08-04 12:58:16,960 INFO  [com.dot.ContainerResource] (docker-java-stream-1865446083) STDOUT: 12:58:16.959  WARN  client.RestClient - request [POST http://elasticsearch:9200/cluster_c40f8aa8c9.live_20230804125756/_search?typed_keys=true&max_concurrent_shard_requests=5&ignore_unavailable=false&expand_wildcards=open&allow_no_indices=true&ignore_throttled=true&search_type=query_then_fetch&batched_reduce_size=512&ccs_minimize_roundtrips=true] returned 2 warnings: [299 Elasticsearch-7.16.1-5b38441b16b1ebb16a27c107a4c3865776e20c53 "Elasticsearch built-in security features are not enabled. Without authentication, your cluster could be accessible to anyone. See https://www.elastic.co/guide/en/elasticsearch/reference/7.16/security-minimal-setup.html to enable security."],[299 Elasticsearch-7.16.1-5b38441b16b1ebb16a27c107a4c3865776e20c53 "[ignore_throttled] parameter is deprecated because frozen indices have been deprecated. Consider cold or frozen tiers in place of frozen indices."]
2023-08-04 12:58:16,971 INFO  [com.dot.ContainerResource] (docker-java-stream-1865446083) STDOUT: 12:58:16.970  WARN  client.RestClient - request [POST http://elasticsearch:9200/cluster_c40f8aa8c9.live_20230804125756/_search?typed_keys=true&max_concurrent_shard_requests=5&ignore_unavailable=false&expand_wildcards=open&allow_no_indices=true&ignore_throttled=true&search_type=query_then_fetch&batched_reduce_size=512&ccs_minimize_roundtrips=true] returned 2 warnings: [299 Elasticsearch-7.16.1-5b38441b16b1ebb16a27c107a4c3865776e20c53 "Elasticsearch built-in security features are not enabled. Without authentication, your cluster could be accessible to anyone. See https://www.elastic.co/guide/en/elasticsearch/reference/7.16/security-minimal-setup.html to enable security."],[299 Elasticsearch-7.16.1-5b38441b16b1ebb16a27c107a4c3865776e20c53 "[ignore_throttled] parameter is deprecated because frozen indices have been deprecated. Consider cold or frozen tiers in place of frozen indices."]
2023-08-04 12:58:16,979 INFO  [com.dot.ContainerResource] (docker-java-stream-1865446083) STDOUT: 12:58:16.978  WARN  client.RestClient - request [POST http://elasticsearch:9200/cluster_c40f8aa8c9.live_20230804125756/_search?typed_keys=true&max_concurrent_shard_requests=5&ignore_unavailable=false&expand_wildcards=open&allow_no_indices=true&ignore_throttled=true&search_type=query_then_fetch&batched_reduce_size=512&ccs_minimize_roundtrips=true] returned 2 warnings: [299 Elasticsearch-7.16.1-5b38441b16b1ebb16a27c107a4c3865776e20c53 "Elasticsearch built-in security features are not enabled. Without authentication, your cluster could be accessible to anyone. See https://www.elastic.co/guide/en/elasticsearch/reference/7.16/security-minimal-setup.html to enable security."],[299 Elasticsearch-7.16.1-5b38441b16b1ebb16a27c107a4c3865776e20c53 "[ignore_throttled] parameter is deprecated because frozen indices have been deprecated. Consider cold or frozen tiers in place of frozen indices."]
2023-08-04 12:58:16,987 INFO  [com.dot.ContainerResource] (docker-java-stream-1865446083) STDOUT: 12:58:16.984  WARN  client.RestClient - request [POST http://elasticsearch:9200/cluster_c40f8aa8c9.live_20230804125756/_search?typed_keys=true&max_concurrent_shard_requests=5&ignore_unavailable=false&expand_wildcards=open&allow_no_indices=true&ignore_throttled=true&search_type=query_then_fetch&batched_reduce_size=512&ccs_minimize_roundtrips=true] returned 2 warnings: [299 Elasticsearch-7.16.1-5b38441b16b1ebb16a27c107a4c3865776e20c53 "Elasticsearch built-in security features are not enabled. Without authentication, your cluster could be accessible to anyone. See https://www.elastic.co/guide/en/elasticsearch/reference/7.16/security-minimal-setup.html to enable security."],[299 Elasticsearch-7.16.1-5b38441b16b1ebb16a27c107a4c3865776e20c53 "[ignore_throttled] parameter is deprecated because frozen indices have been deprecated. Consider cold or frozen tiers in place of frozen indices."]
2023-08-04 12:58:16,996 INFO  [com.dot.ContainerResource] (docker-java-stream-1865446083) STDOUT: 12:58:16.994  WARN  client.RestClient - request [POST http://elasticsearch:9200/cluster_c40f8aa8c9.live_20230804125756/_search?typed_keys=true&max_concurrent_shard_requests=5&ignore_unavailable=false&expand_wildcards=open&allow_no_indices=true&ignore_throttled=true&search_type=query_then_fetch&batched_reduce_size=512&ccs_minimize_roundtrips=true] returned 2 warnings: [299 Elasticsearch-7.16.1-5b38441b16b1ebb16a27c107a4c3865776e20c53 "Elasticsearch built-in security features are not enabled. Without authentication, your cluster could be accessible to anyone. See https://www.elastic.co/guide/en/elasticsearch/reference/7.16/security-minimal-setup.html to enable security."],[299 Elasticsearch-7.16.1-5b38441b16b1ebb16a27c107a4c3865776e20c53 "[ignore_throttled] parameter is deprecated because frozen indices have been deprecated. Consider cold or frozen tiers in place of frozen indices."]
2023-08-04 12:58:17,008 INFO  [com.dot.ContainerResource] (docker-java-stream-1865446083) STDOUT: 12:58:17.005  WARN  client.RestClient - request [POST http://elasticsearch:9200/cluster_c40f8aa8c9.live_20230804125756/_search?typed_keys=true&max_concurrent_shard_requests=5&ignore_unavailable=false&expand_wildcards=open&allow_no_indices=true&ignore_throttled=true&search_type=query_then_fetch&batched_reduce_size=512&ccs_minimize_roundtrips=true] returned 2 warnings: [299 Elasticsearch-7.16.1-5b38441b16b1ebb16a27c107a4c3865776e20c53 "Elasticsearch built-in security features are not enabled. Without authentication, your cluster could be accessible to anyone. See https://www.elastic.co/guide/en/elasticsearch/reference/7.16/security-minimal-setup.html to enable security."],[299 Elasticsearch-7.16.1-5b38441b16b1ebb16a27c107a4c3865776e20c53 "[ignore_throttled] parameter is deprecated because frozen indices have been deprecated. Consider cold or frozen tiers in place of frozen indices."]
2023-08-04 12:58:17,047 INFO  [com.dot.ContainerResource] (docker-java-stream-1865446083) STDOUT: 12:58:17.046  WARN  client.RestClient - request [POST http://elasticsearch:9200/cluster_c40f8aa8c9.live_20230804125756/_search?typed_keys=true&max_concurrent_shard_requests=5&ignore_unavailable=false&expand_wildcards=open&allow_no_indices=true&ignore_throttled=true&search_type=query_then_fetch&batched_reduce_size=512&ccs_minimize_roundtrips=true] returned 2 warnings: [299 Elasticsearch-7.16.1-5b38441b16b1ebb16a27c107a4c3865776e20c53 "Elasticsearch built-in security features are not enabled. Without authentication, your cluster could be accessible to anyone. See https://www.elastic.co/guide/en/elasticsearch/reference/7.16/security-minimal-setup.html to enable security."],[299 Elasticsearch-7.16.1-5b38441b16b1ebb16a27c107a4c3865776e20c53 "[ignore_throttled] parameter is deprecated because frozen indices have been deprecated. Consider cold or frozen tiers in place of frozen indices."]
2023-08-04 12:58:17,092 INFO  [com.dot.ContainerResource] (docker-java-stream-1865446083) STDOUT: 12:58:17.092  WARN  client.RestClient - request [POST http://elasticsearch:9200/cluster_c40f8aa8c9.live_20230804125756/_search?typed_keys=true&max_concurrent_shard_requests=5&ignore_unavailable=false&expand_wildcards=open&allow_no_indices=true&ignore_throttled=true&search_type=query_then_fetch&batched_reduce_size=512&ccs_minimize_roundtrips=true] returned 2 warnings: [299 Elasticsearch-7.16.1-5b38441b16b1ebb16a27c107a4c3865776e20c53 "Elasticsearch built-in security features are not enabled. Without authentication, your cluster could be accessible to anyone. See https://www.elastic.co/guide/en/elasticsearch/reference/7.16/security-minimal-setup.html to enable security."],[299 Elasticsearch-7.16.1-5b38441b16b1ebb16a27c107a4c3865776e20c53 "[ignore_throttled] parameter is deprecated because frozen indices have been deprecated. Consider cold or frozen tiers in place of frozen indices."]
2023-08-04 12:58:17,106 INFO  [com.dot.ContainerResource] (docker-java-stream-1865446083) STDOUT: 12:58:17.105  WARN  client.RestClient - request [POST http://elasticsearch:9200/cluster_c40f8aa8c9.live_20230804125756/_search?typed_keys=true&max_concurrent_shard_requests=5&ignore_unavailable=false&expand_wildcards=open&allow_no_indices=true&ignore_throttled=true&search_type=query_then_fetch&batched_reduce_size=512&ccs_minimize_roundtrips=true] returned 2 warnings: [299 Elasticsearch-7.16.1-5b38441b16b1ebb16a27c107a4c3865776e20c53 "Elasticsearch built-in security features are not enabled. Without authentication, your cluster could be accessible to anyone. See https://www.elastic.co/guide/en/elasticsearch/reference/7.16/security-minimal-setup.html to enable security."],[299 Elasticsearch-7.16.1-5b38441b16b1ebb16a27c107a4c3865776e20c53 "[ignore_throttled] parameter is deprecated because frozen indices have been deprecated. Consider cold or frozen tiers in place of frozen indices."]
2023-08-04 12:58:17,116 INFO  [com.dot.ContainerResource] (docker-java-stream-1865446083) STDOUT: 12:58:17.116  WARN  client.RestClient - request [POST http://elasticsearch:9200/cluster_c40f8aa8c9.live_20230804125756/_search?typed_keys=true&max_concurrent_shard_requests=5&ignore_unavailable=false&expand_wildcards=open&allow_no_indices=true&ignore_throttled=true&search_type=query_then_fetch&batched_reduce_size=512&ccs_minimize_roundtrips=true] returned 2 warnings: [299 Elasticsearch-7.16.1-5b38441b16b1ebb16a27c107a4c3865776e20c53 "Elasticsearch built-in security features are not enabled. Without authentication, your cluster could be accessible to anyone. See https://www.elastic.co/guide/en/elasticsearch/reference/7.16/security-minimal-setup.html to enable security."],[299 Elasticsearch-7.16.1-5b38441b16b1ebb16a27c107a4c3865776e20c53 "[ignore_throttled] parameter is deprecated because frozen indices have been deprecated. Consider cold or frozen tiers in place of frozen indices."]
2023-08-04 12:58:17,124 INFO  [com.dot.ContainerResource] (docker-java-stream-1865446083) STDOUT: 12:58:17.124  WARN  client.RestClient - request [POST http://elasticsearch:9200/cluster_c40f8aa8c9.live_20230804125756/_search?typed_keys=true&max_concurrent_shard_requests=5&ignore_unavailable=false&expand_wildcards=open&allow_no_indices=true&ignore_throttled=true&search_type=query_then_fetch&batched_reduce_size=512&ccs_minimize_roundtrips=true] returned 2 warnings: [299 Elasticsearch-7.16.1-5b38441b16b1ebb16a27c107a4c3865776e20c53 "Elasticsearch built-in security features are not enabled. Without authentication, your cluster could be accessible to anyone. See https://www.elastic.co/guide/en/elasticsearch/reference/7.16/security-minimal-setup.html to enable security."],[299 Elasticsearch-7.16.1-5b38441b16b1ebb16a27c107a4c3865776e20c53 "[ignore_throttled] parameter is deprecated because frozen indices have been deprecated. Consider cold or frozen tiers in place of frozen indices."]
2023-08-04 12:58:17,135 INFO  [com.dot.ContainerResource] (docker-java-stream-1865446083) STDOUT: 12:58:17.134  WARN  client.RestClient - request [POST http://elasticsearch:9200/cluster_c40f8aa8c9.live_20230804125756/_search?typed_keys=true&max_concurrent_shard_requests=5&ignore_unavailable=false&expand_wildcards=open&allow_no_indices=true&ignore_throttled=true&search_type=query_then_fetch&batched_reduce_size=512&ccs_minimize_roundtrips=true] returned 2 warnings: [299 Elasticsearch-7.16.1-5b38441b16b1ebb16a27c107a4c3865776e20c53 "Elasticsearch built-in security features are not enabled. Without authentication, your cluster could be accessible to anyone. See https://www.elastic.co/guide/en/elasticsearch/reference/7.16/security-minimal-setup.html to enable security."],[299 Elasticsearch-7.16.1-5b38441b16b1ebb16a27c107a4c3865776e20c53 "[ignore_throttled] parameter is deprecated because frozen indices have been deprecated. Consider cold or frozen tiers in place of frozen indices."]
2023-08-04 12:58:17,142 INFO  [com.dot.ContainerResource] (docker-java-stream-1865446083) STDOUT: 12:58:17.142  WARN  client.RestClient - request [POST http://elasticsearch:9200/cluster_c40f8aa8c9.live_20230804125756/_search?typed_keys=true&max_concurrent_shard_requests=5&ignore_unavailable=false&expand_wildcards=open&allow_no_indices=true&ignore_throttled=true&search_type=query_then_fetch&batched_reduce_size=512&ccs_minimize_roundtrips=true] returned 2 warnings: [299 Elasticsearch-7.16.1-5b38441b16b1ebb16a27c107a4c3865776e20c53 "Elasticsearch built-in security features are not enabled. Without authentication, your cluster could be accessible to anyone. See https://www.elastic.co/guide/en/elasticsearch/reference/7.16/security-minimal-setup.html to enable security."],[299 Elasticsearch-7.16.1-5b38441b16b1ebb16a27c107a4c3865776e20c53 "[ignore_throttled] parameter is deprecated because frozen indices have been deprecated. Consider cold or frozen tiers in place of frozen indices."]
2023-08-04 12:58:17,157 INFO  [com.dot.ContainerResource] (docker-java-stream-1865446083) STDOUT: 12:58:17.156  WARN  client.RestClient - request [POST http://elasticsearch:9200/cluster_c40f8aa8c9.live_20230804125756/_search?typed_keys=true&max_concurrent_shard_requests=5&ignore_unavailable=false&expand_wildcards=open&allow_no_indices=true&ignore_throttled=true&search_type=query_then_fetch&batched_reduce_size=512&ccs_minimize_roundtrips=true] returned 2 warnings: [299 Elasticsearch-7.16.1-5b38441b16b1ebb16a27c107a4c3865776e20c53 "Elasticsearch built-in security features are not enabled. Without authentication, your cluster could be accessible to anyone. See https://www.elastic.co/guide/en/elasticsearch/reference/7.16/security-minimal-setup.html to enable security."],[299 Elasticsearch-7.16.1-5b38441b16b1ebb16a27c107a4c3865776e20c53 "[ignore_throttled] parameter is deprecated because frozen indices have been deprecated. Consider cold or frozen tiers in place of frozen indices."]
2023-08-04 12:58:17,168 INFO  [com.dot.ContainerResource] (docker-java-stream-1865446083) STDOUT: 12:58:17.168  WARN  client.RestClient - request [POST http://elasticsearch:9200/cluster_c40f8aa8c9.live_20230804125756/_search?typed_keys=true&max_concurrent_shard_requests=5&ignore_unavailable=false&expand_wildcards=open&allow_no_indices=true&ignore_throttled=true&search_type=query_then_fetch&batched_reduce_size=512&ccs_minimize_roundtrips=true] returned 2 warnings: [299 Elasticsearch-7.16.1-5b38441b16b1ebb16a27c107a4c3865776e20c53 "Elasticsearch built-in security features are not enabled. Without authentication, your cluster could be accessible to anyone. See https://www.elastic.co/guide/en/elasticsearch/reference/7.16/security-minimal-setup.html to enable security."],[299 Elasticsearch-7.16.1-5b38441b16b1ebb16a27c107a4c3865776e20c53 "[ignore_throttled] parameter is deprecated because frozen indices have been deprecated. Consider cold or frozen tiers in place of frozen indices."]
2023-08-04 12:58:17,175 INFO  [com.dot.ContainerResource] (docker-java-stream-1865446083) STDOUT: 12:58:17.175  WARN  client.RestClient - request [POST http://elasticsearch:9200/cluster_c40f8aa8c9.live_20230804125756/_search?typed_keys=true&max_concurrent_shard_requests=5&ignore_unavailable=false&expand_wildcards=open&allow_no_indices=true&ignore_throttled=true&search_type=query_then_fetch&batched_reduce_size=512&ccs_minimize_roundtrips=true] returned 2 warnings: [299 Elasticsearch-7.16.1-5b38441b16b1ebb16a27c107a4c3865776e20c53 "Elasticsearch built-in security features are not enabled. Without authentication, your cluster could be accessible to anyone. See https://www.elastic.co/guide/en/elasticsearch/reference/7.16/security-minimal-setup.html to enable security."],[299 Elasticsearch-7.16.1-5b38441b16b1ebb16a27c107a4c3865776e20c53 "[ignore_throttled] parameter is deprecated because frozen indices have been deprecated. Consider cold or frozen tiers in place of frozen indices."]
2023-08-04 12:58:17,184 INFO  [com.dot.ContainerResource] (docker-java-stream-1865446083) STDOUT: 12:58:17.184  WARN  client.RestClient - request [POST http://elasticsearch:9200/cluster_c40f8aa8c9.live_20230804125756/_search?typed_keys=true&max_concurrent_shard_requests=5&ignore_unavailable=false&expand_wildcards=open&allow_no_indices=true&ignore_throttled=true&search_type=query_then_fetch&batched_reduce_size=512&ccs_minimize_roundtrips=true] returned 2 warnings: [299 Elasticsearch-7.16.1-5b38441b16b1ebb16a27c107a4c3865776e20c53 "Elasticsearch built-in security features are not enabled. Without authentication, your cluster could be accessible to anyone. See https://www.elastic.co/guide/en/elasticsearch/reference/7.16/security-minimal-setup.html to enable security."],[299 Elasticsearch-7.16.1-5b38441b16b1ebb16a27c107a4c3865776e20c53 "[ignore_throttled] parameter is deprecated because frozen indices have been deprecated. Consider cold or frozen tiers in place of frozen indices."]
2023-08-04 12:58:17,189 INFO  [com.dot.ContainerResource] (docker-java-stream-1865446083) STDOUT: 12:58:17.189  WARN  client.RestClient - request [POST http://elasticsearch:9200/cluster_c40f8aa8c9.live_20230804125756/_search?typed_keys=true&max_concurrent_shard_requests=5&ignore_unavailable=false&expand_wildcards=open&allow_no_indices=true&ignore_throttled=true&search_type=query_then_fetch&batched_reduce_size=512&ccs_minimize_roundtrips=true] returned 2 warnings: [299 Elasticsearch-7.16.1-5b38441b16b1ebb16a27c107a4c3865776e20c53 "Elasticsearch built-in security features are not enabled. Without authentication, your cluster could be accessible to anyone. See https://www.elastic.co/guide/en/elasticsearch/reference/7.16/security-minimal-setup.html to enable security."],[299 Elasticsearch-7.16.1-5b38441b16b1ebb16a27c107a4c3865776e20c53 "[ignore_throttled] parameter is deprecated because frozen indices have been deprecated. Consider cold or frozen tiers in place of frozen indices."]
2023-08-04 12:58:17,196 INFO  [com.dot.ContainerResource] (docker-java-stream-1865446083) STDOUT: 12:58:17.196  WARN  client.RestClient - request [POST http://elasticsearch:9200/cluster_c40f8aa8c9.live_20230804125756/_search?typed_keys=true&max_concurrent_shard_requests=5&ignore_unavailable=false&expand_wildcards=open&allow_no_indices=true&ignore_throttled=true&search_type=query_then_fetch&batched_reduce_size=512&ccs_minimize_roundtrips=true] returned 2 warnings: [299 Elasticsearch-7.16.1-5b38441b16b1ebb16a27c107a4c3865776e20c53 "Elasticsearch built-in security features are not enabled. Without authentication, your cluster could be accessible to anyone. See https://www.elastic.co/guide/en/elasticsearch/reference/7.16/security-minimal-setup.html to enable security."],[299 Elasticsearch-7.16.1-5b38441b16b1ebb16a27c107a4c3865776e20c53 "[ignore_throttled] parameter is deprecated because frozen indices have been deprecated. Consider cold or frozen tiers in place of frozen indices."]
2023-08-04 12:58:17,202 INFO  [com.dot.ContainerResource] (docker-java-stream-1865446083) STDOUT: 12:58:17.202  WARN  client.RestClient - request [POST http://elasticsearch:9200/cluster_c40f8aa8c9.live_20230804125756/_search?typed_keys=true&max_concurrent_shard_requests=5&ignore_unavailable=false&expand_wildcards=open&allow_no_indices=true&ignore_throttled=true&search_type=query_then_fetch&batched_reduce_size=512&ccs_minimize_roundtrips=true] returned 2 warnings: [299 Elasticsearch-7.16.1-5b38441b16b1ebb16a27c107a4c3865776e20c53 "Elasticsearch built-in security features are not enabled. Without authentication, your cluster could be accessible to anyone. See https://www.elastic.co/guide/en/elasticsearch/reference/7.16/security-minimal-setup.html to enable security."],[299 Elasticsearch-7.16.1-5b38441b16b1ebb16a27c107a4c3865776e20c53 "[ignore_throttled] parameter is deprecated because frozen indices have been deprecated. Consider cold or frozen tiers in place of frozen indices."]
2023-08-04 12:58:17,217 INFO  [com.dot.ContainerResource] (docker-java-stream-1865446083) STDOUT: 12:58:17.216  WARN  client.RestClient - request [POST http://elasticsearch:9200/cluster_c40f8aa8c9.live_20230804125756/_search?typed_keys=true&max_concurrent_shard_requests=5&ignore_unavailable=false&expand_wildcards=open&allow_no_indices=true&ignore_throttled=true&search_type=query_then_fetch&batched_reduce_size=512&ccs_minimize_roundtrips=true] returned 2 warnings: [299 Elasticsearch-7.16.1-5b38441b16b1ebb16a27c107a4c3865776e20c53 "Elasticsearch built-in security features are not enabled. Without authentication, your cluster could be accessible to anyone. See https://www.elastic.co/guide/en/elasticsearch/reference/7.16/security-minimal-setup.html to enable security."],[299 Elasticsearch-7.16.1-5b38441b16b1ebb16a27c107a4c3865776e20c53 "[ignore_throttled] parameter is deprecated because frozen indices have been deprecated. Consider cold or frozen tiers in place of frozen indices."]
2023-08-04 12:58:17,222 INFO  [com.dot.ContainerResource] (docker-java-stream-1865446083) STDOUT: 12:58:17.222  WARN  client.RestClient - request [POST http://elasticsearch:9200/cluster_c40f8aa8c9.live_20230804125756/_search?typed_keys=true&max_concurrent_shard_requests=5&ignore_unavailable=false&expand_wildcards=open&allow_no_indices=true&ignore_throttled=true&search_type=query_then_fetch&batched_reduce_size=512&ccs_minimize_roundtrips=true] returned 2 warnings: [299 Elasticsearch-7.16.1-5b38441b16b1ebb16a27c107a4c3865776e20c53 "Elasticsearch built-in security features are not enabled. Without authentication, your cluster could be accessible to anyone. See https://www.elastic.co/guide/en/elasticsearch/reference/7.16/security-minimal-setup.html to enable security."],[299 Elasticsearch-7.16.1-5b38441b16b1ebb16a27c107a4c3865776e20c53 "[ignore_throttled] parameter is deprecated because frozen indices have been deprecated. Consider cold or frozen tiers in place of frozen indices."]
2023-08-04 12:58:17,230 INFO  [com.dot.ContainerResource] (docker-java-stream-1865446083) STDOUT: 12:58:17.229  WARN  client.RestClient - request [POST http://elasticsearch:9200/cluster_c40f8aa8c9.live_20230804125756/_search?typed_keys=true&max_concurrent_shard_requests=5&ignore_unavailable=false&expand_wildcards=open&allow_no_indices=true&ignore_throttled=true&search_type=query_then_fetch&batched_reduce_size=512&ccs_minimize_roundtrips=true] returned 2 warnings: [299 Elasticsearch-7.16.1-5b38441b16b1ebb16a27c107a4c3865776e20c53 "Elasticsearch built-in security features are not enabled. Without authentication, your cluster could be accessible to anyone. See https://www.elastic.co/guide/en/elasticsearch/reference/7.16/security-minimal-setup.html to enable security."],[299 Elasticsearch-7.16.1-5b38441b16b1ebb16a27c107a4c3865776e20c53 "[ignore_throttled] parameter is deprecated because frozen indices have been deprecated. Consider cold or frozen tiers in place of frozen indices."]
2023-08-04 12:58:17,241 INFO  [com.dot.ContainerResource] (docker-java-stream-1865446083) STDOUT: 12:58:17.240  WARN  client.RestClient - request [POST http://elasticsearch:9200/cluster_c40f8aa8c9.live_20230804125756/_search?typed_keys=true&max_concurrent_shard_requests=5&ignore_unavailable=false&expand_wildcards=open&allow_no_indices=true&ignore_throttled=true&search_type=query_then_fetch&batched_reduce_size=512&ccs_minimize_roundtrips=true] returned 2 warnings: [299 Elasticsearch-7.16.1-5b38441b16b1ebb16a27c107a4c3865776e20c53 "Elasticsearch built-in security features are not enabled. Without authentication, your cluster could be accessible to anyone. See https://www.elastic.co/guide/en/elasticsearch/reference/7.16/security-minimal-setup.html to enable security."],[299 Elasticsearch-7.16.1-5b38441b16b1ebb16a27c107a4c3865776e20c53 "[ignore_throttled] parameter is deprecated because frozen indices have been deprecated. Consider cold or frozen tiers in place of frozen indices."]
2023-08-04 12:58:17,248 INFO  [com.dot.ContainerResource] (docker-java-stream-1865446083) STDOUT: 12:58:17.245  WARN  client.RestClient - request [POST http://elasticsearch:9200/cluster_c40f8aa8c9.live_20230804125756/_search?typed_keys=true&max_concurrent_shard_requests=5&ignore_unavailable=false&expand_wildcards=open&allow_no_indices=true&ignore_throttled=true&search_type=query_then_fetch&batched_reduce_size=512&ccs_minimize_roundtrips=true] returned 2 warnings: [299 Elasticsearch-7.16.1-5b38441b16b1ebb16a27c107a4c3865776e20c53 "Elasticsearch built-in security features are not enabled. Without authentication, your cluster could be accessible to anyone. See https://www.elastic.co/guide/en/elasticsearch/reference/7.16/security-minimal-setup.html to enable security."],[299 Elasticsearch-7.16.1-5b38441b16b1ebb16a27c107a4c3865776e20c53 "[ignore_throttled] parameter is deprecated because frozen indices have been deprecated. Consider cold or frozen tiers in place of frozen indices."]
2023-08-04 12:58:17,252 INFO  [com.dot.ContainerResource] (docker-java-stream-1865446083) STDOUT: 12:58:17.251  WARN  client.RestClient - request [POST http://elasticsearch:9200/cluster_c40f8aa8c9.live_20230804125756/_search?typed_keys=true&max_concurrent_shard_requests=5&ignore_unavailable=false&expand_wildcards=open&allow_no_indices=true&ignore_throttled=true&search_type=query_then_fetch&batched_reduce_size=512&ccs_minimize_roundtrips=true] returned 2 warnings: [299 Elasticsearch-7.16.1-5b38441b16b1ebb16a27c107a4c3865776e20c53 "Elasticsearch built-in security features are not enabled. Without authentication, your cluster could be accessible to anyone. See https://www.elastic.co/guide/en/elasticsearch/reference/7.16/security-minimal-setup.html to enable security."],[299 Elasticsearch-7.16.1-5b38441b16b1ebb16a27c107a4c3865776e20c53 "[ignore_throttled] parameter is deprecated because frozen indices have been deprecated. Consider cold or frozen tiers in place of frozen indices."]
2023-08-04 12:58:17,280 INFO  [com.dot.ContainerResource] (docker-java-stream-1865446083) STDOUT: 12:58:17.264  WARN  client.RestClient - request [POST http://elasticsearch:9200/cluster_c40f8aa8c9.live_20230804125756/_search?typed_keys=true&max_concurrent_shard_requests=5&ignore_unavailable=false&expand_wildcards=open&allow_no_indices=true&ignore_throttled=true&search_type=query_then_fetch&batched_reduce_size=512&ccs_minimize_roundtrips=true] returned 2 warnings: [299 Elasticsearch-7.16.1-5b38441b16b1ebb16a27c107a4c3865776e20c53 "Elasticsearch built-in security features are not enabled. Without authentication, your cluster could be accessible to anyone. See https://www.elastic.co/guide/en/elasticsearch/reference/7.16/security-minimal-setup.html to enable security."],[299 Elasticsearch-7.16.1-5b38441b16b1ebb16a27c107a4c3865776e20c53 "[ignore_throttled] parameter is deprecated because frozen indices have been deprecated. Consider cold or frozen tiers in place of frozen indices."]
2023-08-04 12:58:17,280 INFO  [com.dot.ContainerResource] (docker-java-stream-1865446083) STDOUT: 12:58:17.278  WARN  client.RestClient - request [POST http://elasticsearch:9200/cluster_c40f8aa8c9.live_20230804125756/_search?typed_keys=true&max_concurrent_shard_requests=5&ignore_unavailable=false&expand_wildcards=open&allow_no_indices=true&ignore_throttled=true&search_type=query_then_fetch&batched_reduce_size=512&ccs_minimize_roundtrips=true] returned 2 warnings: [299 Elasticsearch-7.16.1-5b38441b16b1ebb16a27c107a4c3865776e20c53 "Elasticsearch built-in security features are not enabled. Without authentication, your cluster could be accessible to anyone. See https://www.elastic.co/guide/en/elasticsearch/reference/7.16/security-minimal-setup.html to enable security."],[299 Elasticsearch-7.16.1-5b38441b16b1ebb16a27c107a4c3865776e20c53 "[ignore_throttled] parameter is deprecated because frozen indices have been deprecated. Consider cold or frozen tiers in place of frozen indices."]
2023-08-04 12:58:17,316 INFO  [com.dot.ContainerResource] (docker-java-stream-1865446083) STDOUT: 12:58:17.308  WARN  client.RestClient - request [POST http://elasticsearch:9200/cluster_c40f8aa8c9.live_20230804125756/_search?typed_keys=true&max_concurrent_shard_requests=5&ignore_unavailable=false&expand_wildcards=open&allow_no_indices=true&ignore_throttled=true&search_type=query_then_fetch&batched_reduce_size=512&ccs_minimize_roundtrips=true] returned 2 warnings: [299 Elasticsearch-7.16.1-5b38441b16b1ebb16a27c107a4c3865776e20c53 "Elasticsearch built-in security features are not enabled. Without authentication, your cluster could be accessible to anyone. See https://www.elastic.co/guide/en/elasticsearch/reference/7.16/security-minimal-setup.html to enable security."],[299 Elasticsearch-7.16.1-5b38441b16b1ebb16a27c107a4c3865776e20c53 "[ignore_throttled] parameter is deprecated because frozen indices have been deprecated. Consider cold or frozen tiers in place of frozen indices."]
2023-08-04 12:58:17,323 INFO  [com.dot.ContainerResource] (docker-java-stream-1865446083) STDOUT: 12:58:17.322  WARN  client.RestClient - request [POST http://elasticsearch:9200/cluster_c40f8aa8c9.live_20230804125756/_search?typed_keys=true&max_concurrent_shard_requests=5&ignore_unavailable=false&expand_wildcards=open&allow_no_indices=true&ignore_throttled=true&search_type=query_then_fetch&batched_reduce_size=512&ccs_minimize_roundtrips=true] returned 2 warnings: [299 Elasticsearch-7.16.1-5b38441b16b1ebb16a27c107a4c3865776e20c53 "Elasticsearch built-in security features are not enabled. Without authentication, your cluster could be accessible to anyone. See https://www.elastic.co/guide/en/elasticsearch/reference/7.16/security-minimal-setup.html to enable security."],[299 Elasticsearch-7.16.1-5b38441b16b1ebb16a27c107a4c3865776e20c53 "[ignore_throttled] parameter is deprecated because frozen indices have been deprecated. Consider cold or frozen tiers in place of frozen indices."]
2023-08-04 12:58:17,334 INFO  [com.dot.ContainerResource] (docker-java-stream-1865446083) STDOUT: 12:58:17.334  WARN  client.RestClient - request [POST http://elasticsearch:9200/cluster_c40f8aa8c9.live_20230804125756/_search?typed_keys=true&max_concurrent_shard_requests=5&ignore_unavailable=false&expand_wildcards=open&allow_no_indices=true&ignore_throttled=true&search_type=query_then_fetch&batched_reduce_size=512&ccs_minimize_roundtrips=true] returned 2 warnings: [299 Elasticsearch-7.16.1-5b38441b16b1ebb16a27c107a4c3865776e20c53 "Elasticsearch built-in security features are not enabled. Without authentication, your cluster could be accessible to anyone. See https://www.elastic.co/guide/en/elasticsearch/reference/7.16/security-minimal-setup.html to enable security."],[299 Elasticsearch-7.16.1-5b38441b16b1ebb16a27c107a4c3865776e20c53 "[ignore_throttled] parameter is deprecated because frozen indices have been deprecated. Consider cold or frozen tiers in place of frozen indices."]
2023-08-04 12:58:17,345 INFO  [com.dot.ContainerResource] (docker-java-stream-1865446083) STDOUT: 12:58:17.344  WARN  client.RestClient - request [POST http://elasticsearch:9200/cluster_c40f8aa8c9.live_20230804125756/_search?typed_keys=true&max_concurrent_shard_requests=5&ignore_unavailable=false&expand_wildcards=open&allow_no_indices=true&ignore_throttled=true&search_type=query_then_fetch&batched_reduce_size=512&ccs_minimize_roundtrips=true] returned 2 warnings: [299 Elasticsearch-7.16.1-5b38441b16b1ebb16a27c107a4c3865776e20c53 "Elasticsearch built-in security features are not enabled. Without authentication, your cluster could be accessible to anyone. See https://www.elastic.co/guide/en/elasticsearch/reference/7.16/security-minimal-setup.html to enable security."],[299 Elasticsearch-7.16.1-5b38441b16b1ebb16a27c107a4c3865776e20c53 "[ignore_throttled] parameter is deprecated because frozen indices have been deprecated. Consider cold or frozen tiers in place of frozen indices."]
2023-08-04 12:58:17,354 INFO  [com.dot.ContainerResource] (docker-java-stream-1865446083) STDOUT: 12:58:17.353  WARN  client.RestClient - request [POST http://elasticsearch:9200/cluster_c40f8aa8c9.live_20230804125756/_search?typed_keys=true&max_concurrent_shard_requests=5&ignore_unavailable=false&expand_wildcards=open&allow_no_indices=true&ignore_throttled=true&search_type=query_then_fetch&batched_reduce_size=512&ccs_minimize_roundtrips=true] returned 2 warnings: [299 Elasticsearch-7.16.1-5b38441b16b1ebb16a27c107a4c3865776e20c53 "Elasticsearch built-in security features are not enabled. Without authentication, your cluster could be accessible to anyone. See https://www.elastic.co/guide/en/elasticsearch/reference/7.16/security-minimal-setup.html to enable security."],[299 Elasticsearch-7.16.1-5b38441b16b1ebb16a27c107a4c3865776e20c53 "[ignore_throttled] parameter is deprecated because frozen indices have been deprecated. Consider cold or frozen tiers in place of frozen indices."]
2023-08-04 12:58:17,360 INFO  [com.dot.ContainerResource] (docker-java-stream-1865446083) STDOUT: 12:58:17.360  WARN  client.RestClient - request [POST http://elasticsearch:9200/cluster_c40f8aa8c9.live_20230804125756/_search?typed_keys=true&max_concurrent_shard_requests=5&ignore_unavailable=false&expand_wildcards=open&allow_no_indices=true&ignore_throttled=true&search_type=query_then_fetch&batched_reduce_size=512&ccs_minimize_roundtrips=true] returned 2 warnings: [299 Elasticsearch-7.16.1-5b38441b16b1ebb16a27c107a4c3865776e20c53 "Elasticsearch built-in security features are not enabled. Without authentication, your cluster could be accessible to anyone. See https://www.elastic.co/guide/en/elasticsearch/reference/7.16/security-minimal-setup.html to enable security."],[299 Elasticsearch-7.16.1-5b38441b16b1ebb16a27c107a4c3865776e20c53 "[ignore_throttled] parameter is deprecated because frozen indices have been deprecated. Consider cold or frozen tiers in place of frozen indices."]
2023-08-04 12:58:17,369 INFO  [com.dot.ContainerResource] (docker-java-stream-1865446083) STDOUT: 12:58:17.369  WARN  client.RestClient - request [POST http://elasticsearch:9200/cluster_c40f8aa8c9.live_20230804125756/_search?typed_keys=true&max_concurrent_shard_requests=5&ignore_unavailable=false&expand_wildcards=open&allow_no_indices=true&ignore_throttled=true&search_type=query_then_fetch&batched_reduce_size=512&ccs_minimize_roundtrips=true] returned 2 warnings: [299 Elasticsearch-7.16.1-5b38441b16b1ebb16a27c107a4c3865776e20c53 "Elasticsearch built-in security features are not enabled. Without authentication, your cluster could be accessible to anyone. See https://www.elastic.co/guide/en/elasticsearch/reference/7.16/security-minimal-setup.html to enable security."],[299 Elasticsearch-7.16.1-5b38441b16b1ebb16a27c107a4c3865776e20c53 "[ignore_throttled] parameter is deprecated because frozen indices have been deprecated. Consider cold or frozen tiers in place of frozen indices."]
2023-08-04 12:58:17,380 INFO  [com.dot.ContainerResource] (docker-java-stream-1865446083) STDOUT: 12:58:17.379  WARN  client.RestClient - request [POST http://elasticsearch:9200/cluster_c40f8aa8c9.live_20230804125756/_search?typed_keys=true&max_concurrent_shard_requests=5&ignore_unavailable=false&expand_wildcards=open&allow_no_indices=true&ignore_throttled=true&search_type=query_then_fetch&batched_reduce_size=512&ccs_minimize_roundtrips=true] returned 2 warnings: [299 Elasticsearch-7.16.1-5b38441b16b1ebb16a27c107a4c3865776e20c53 "Elasticsearch built-in security features are not enabled. Without authentication, your cluster could be accessible to anyone. See https://www.elastic.co/guide/en/elasticsearch/reference/7.16/security-minimal-setup.html to enable security."],[299 Elasticsearch-7.16.1-5b38441b16b1ebb16a27c107a4c3865776e20c53 "[ignore_throttled] parameter is deprecated because frozen indices have been deprecated. Consider cold or frozen tiers in place of frozen indices."]
2023-08-04 12:58:17,390 INFO  [com.dot.ContainerResource] (docker-java-stream-1865446083) STDOUT: 12:58:17.385  WARN  client.RestClient - request [POST http://elasticsearch:9200/cluster_c40f8aa8c9.live_20230804125756/_search?typed_keys=true&max_concurrent_shard_requests=5&ignore_unavailable=false&expand_wildcards=open&allow_no_indices=true&ignore_throttled=true&search_type=query_then_fetch&batched_reduce_size=512&ccs_minimize_roundtrips=true] returned 2 warnings: [299 Elasticsearch-7.16.1-5b38441b16b1ebb16a27c107a4c3865776e20c53 "Elasticsearch built-in security features are not enabled. Without authentication, your cluster could be accessible to anyone. See https://www.elastic.co/guide/en/elasticsearch/reference/7.16/security-minimal-setup.html to enable security."],[299 Elasticsearch-7.16.1-5b38441b16b1ebb16a27c107a4c3865776e20c53 "[ignore_throttled] parameter is deprecated because frozen indices have been deprecated. Consider cold or frozen tiers in place of frozen indices."]
2023-08-04 12:58:17,395 INFO  [com.dot.ContainerResource] (docker-java-stream-1865446083) STDOUT: 12:58:17.393  WARN  client.RestClient - request [POST http://elasticsearch:9200/cluster_c40f8aa8c9.live_20230804125756/_search?typed_keys=true&max_concurrent_shard_requests=5&ignore_unavailable=false&expand_wildcards=open&allow_no_indices=true&ignore_throttled=true&search_type=query_then_fetch&batched_reduce_size=512&ccs_minimize_roundtrips=true] returned 2 warnings: [299 Elasticsearch-7.16.1-5b38441b16b1ebb16a27c107a4c3865776e20c53 "Elasticsearch built-in security features are not enabled. Without authentication, your cluster could be accessible to anyone. See https://www.elastic.co/guide/en/elasticsearch/reference/7.16/security-minimal-setup.html to enable security."],[299 Elasticsearch-7.16.1-5b38441b16b1ebb16a27c107a4c3865776e20c53 "[ignore_throttled] parameter is deprecated because frozen indices have been deprecated. Consider cold or frozen tiers in place of frozen indices."]
2023-08-04 12:58:17,405 INFO  [com.dot.ContainerResource] (docker-java-stream-1865446083) STDOUT: 12:58:17.405  WARN  client.RestClient - request [POST http://elasticsearch:9200/cluster_c40f8aa8c9.live_20230804125756/_search?typed_keys=true&max_concurrent_shard_requests=5&ignore_unavailable=false&expand_wildcards=open&allow_no_indices=true&ignore_throttled=true&search_type=query_then_fetch&batched_reduce_size=512&ccs_minimize_roundtrips=true] returned 2 warnings: [299 Elasticsearch-7.16.1-5b38441b16b1ebb16a27c107a4c3865776e20c53 "Elasticsearch built-in security features are not enabled. Without authentication, your cluster could be accessible to anyone. See https://www.elastic.co/guide/en/elasticsearch/reference/7.16/security-minimal-setup.html to enable security."],[299 Elasticsearch-7.16.1-5b38441b16b1ebb16a27c107a4c3865776e20c53 "[ignore_throttled] parameter is deprecated because frozen indices have been deprecated. Consider cold or frozen tiers in place of frozen indices."]
2023-08-04 12:58:17,413 INFO  [com.dot.ContainerResource] (docker-java-stream-1865446083) STDOUT: 12:58:17.411  WARN  client.RestClient - request [POST http://elasticsearch:9200/cluster_c40f8aa8c9.live_20230804125756/_search?typed_keys=true&max_concurrent_shard_requests=5&ignore_unavailable=false&expand_wildcards=open&allow_no_indices=true&ignore_throttled=true&search_type=query_then_fetch&batched_reduce_size=512&ccs_minimize_roundtrips=true] returned 2 warnings: [299 Elasticsearch-7.16.1-5b38441b16b1ebb16a27c107a4c3865776e20c53 "Elasticsearch built-in security features are not enabled. Without authentication, your cluster could be accessible to anyone. See https://www.elastic.co/guide/en/elasticsearch/reference/7.16/security-minimal-setup.html to enable security."],[299 Elasticsearch-7.16.1-5b38441b16b1ebb16a27c107a4c3865776e20c53 "[ignore_throttled] parameter is deprecated because frozen indices have been deprecated. Consider cold or frozen tiers in place of frozen indices."]
2023-08-04 12:58:17,419 INFO  [com.dot.ContainerResource] (docker-java-stream-1865446083) STDOUT: 12:58:17.418  WARN  client.RestClient - request [POST http://elasticsearch:9200/cluster_c40f8aa8c9.live_20230804125756/_search?typed_keys=true&max_concurrent_shard_requests=5&ignore_unavailable=false&expand_wildcards=open&allow_no_indices=true&ignore_throttled=true&search_type=query_then_fetch&batched_reduce_size=512&ccs_minimize_roundtrips=true] returned 2 warnings: [299 Elasticsearch-7.16.1-5b38441b16b1ebb16a27c107a4c3865776e20c53 "Elasticsearch built-in security features are not enabled. Without authentication, your cluster could be accessible to anyone. See https://www.elastic.co/guide/en/elasticsearch/reference/7.16/security-minimal-setup.html to enable security."],[299 Elasticsearch-7.16.1-5b38441b16b1ebb16a27c107a4c3865776e20c53 "[ignore_throttled] parameter is deprecated because frozen indices have been deprecated. Consider cold or frozen tiers in place of frozen indices."]
2023-08-04 12:58:17,426 INFO  [com.dot.ContainerResource] (docker-java-stream-1865446083) STDOUT: 12:58:17.424  WARN  client.RestClient - request [POST http://elasticsearch:9200/cluster_c40f8aa8c9.live_20230804125756/_search?typed_keys=true&max_concurrent_shard_requests=5&ignore_unavailable=false&expand_wildcards=open&allow_no_indices=true&ignore_throttled=true&search_type=query_then_fetch&batched_reduce_size=512&ccs_minimize_roundtrips=true] returned 2 warnings: [299 Elasticsearch-7.16.1-5b38441b16b1ebb16a27c107a4c3865776e20c53 "Elasticsearch built-in security features are not enabled. Without authentication, your cluster could be accessible to anyone. See https://www.elastic.co/guide/en/elasticsearch/reference/7.16/security-minimal-setup.html to enable security."],[299 Elasticsearch-7.16.1-5b38441b16b1ebb16a27c107a4c3865776e20c53 "[ignore_throttled] parameter is deprecated because frozen indices have been deprecated. Consider cold or frozen tiers in place of frozen indices."]
2023-08-04 12:58:17,432 INFO  [com.dot.ContainerResource] (docker-java-stream-1865446083) STDOUT: 12:58:17.430  WARN  client.RestClient - request [POST http://elasticsearch:9200/cluster_c40f8aa8c9.live_20230804125756/_search?typed_keys=true&max_concurrent_shard_requests=5&ignore_unavailable=false&expand_wildcards=open&allow_no_indices=true&ignore_throttled=true&search_type=query_then_fetch&batched_reduce_size=512&ccs_minimize_roundtrips=true] returned 2 warnings: [299 Elasticsearch-7.16.1-5b38441b16b1ebb16a27c107a4c3865776e20c53 "Elasticsearch built-in security features are not enabled. Without authentication, your cluster could be accessible to anyone. See https://www.elastic.co/guide/en/elasticsearch/reference/7.16/security-minimal-setup.html to enable security."],[299 Elasticsearch-7.16.1-5b38441b16b1ebb16a27c107a4c3865776e20c53 "[ignore_throttled] parameter is deprecated because frozen indices have been deprecated. Consider cold or frozen tiers in place of frozen indices."]
2023-08-04 12:58:17,436 INFO  [com.dot.ContainerResource] (docker-java-stream-1865446083) STDOUT: 12:58:17.436  WARN  client.RestClient - request [POST http://elasticsearch:9200/cluster_c40f8aa8c9.live_20230804125756/_search?typed_keys=true&max_concurrent_shard_requests=5&ignore_unavailable=false&expand_wildcards=open&allow_no_indices=true&ignore_throttled=true&search_type=query_then_fetch&batched_reduce_size=512&ccs_minimize_roundtrips=true] returned 2 warnings: [299 Elasticsearch-7.16.1-5b38441b16b1ebb16a27c107a4c3865776e20c53 "Elasticsearch built-in security features are not enabled. Without authentication, your cluster could be accessible to anyone. See https://www.elastic.co/guide/en/elasticsearch/reference/7.16/security-minimal-setup.html to enable security."],[299 Elasticsearch-7.16.1-5b38441b16b1ebb16a27c107a4c3865776e20c53 "[ignore_throttled] parameter is deprecated because frozen indices have been deprecated. Consider cold or frozen tiers in place of frozen indices."]
2023-08-04 12:58:17,442 INFO  [com.dot.ContainerResource] (docker-java-stream-1865446083) STDOUT: 12:58:17.442  WARN  client.RestClient - request [POST http://elasticsearch:9200/cluster_c40f8aa8c9.live_20230804125756/_search?typed_keys=true&max_concurrent_shard_requests=5&ignore_unavailable=false&expand_wildcards=open&allow_no_indices=true&ignore_throttled=true&search_type=query_then_fetch&batched_reduce_size=512&ccs_minimize_roundtrips=true] returned 2 warnings: [299 Elasticsearch-7.16.1-5b38441b16b1ebb16a27c107a4c3865776e20c53 "Elasticsearch built-in security features are not enabled. Without authentication, your cluster could be accessible to anyone. See https://www.elastic.co/guide/en/elasticsearch/reference/7.16/security-minimal-setup.html to enable security."],[299 Elasticsearch-7.16.1-5b38441b16b1ebb16a27c107a4c3865776e20c53 "[ignore_throttled] parameter is deprecated because frozen indices have been deprecated. Consider cold or frozen tiers in place of frozen indices."]
2023-08-04 12:58:17,447 INFO  [com.dot.ContainerResource] (docker-java-stream-1865446083) STDOUT: 12:58:17.447  WARN  client.RestClient - request [POST http://elasticsearch:9200/cluster_c40f8aa8c9.live_20230804125756/_search?typed_keys=true&max_concurrent_shard_requests=5&ignore_unavailable=false&expand_wildcards=open&allow_no_indices=true&ignore_throttled=true&search_type=query_then_fetch&batched_reduce_size=512&ccs_minimize_roundtrips=true] returned 2 warnings: [299 Elasticsearch-7.16.1-5b38441b16b1ebb16a27c107a4c3865776e20c53 "Elasticsearch built-in security features are not enabled. Without authentication, your cluster could be accessible to anyone. See https://www.elastic.co/guide/en/elasticsearch/reference/7.16/security-minimal-setup.html to enable security."],[299 Elasticsearch-7.16.1-5b38441b16b1ebb16a27c107a4c3865776e20c53 "[ignore_throttled] parameter is deprecated because frozen indices have been deprecated. Consider cold or frozen tiers in place of frozen indices."]
2023-08-04 12:58:17,452 INFO  [com.dot.ContainerResource] (docker-java-stream-1865446083) STDOUT: 12:58:17.452  WARN  client.RestClient - request [POST http://elasticsearch:9200/cluster_c40f8aa8c9.live_20230804125756/_search?typed_keys=true&max_concurrent_shard_requests=5&ignore_unavailable=false&expand_wildcards=open&allow_no_indices=true&ignore_throttled=true&search_type=query_then_fetch&batched_reduce_size=512&ccs_minimize_roundtrips=true] returned 2 warnings: [299 Elasticsearch-7.16.1-5b38441b16b1ebb16a27c107a4c3865776e20c53 "Elasticsearch built-in security features are not enabled. Without authentication, your cluster could be accessible to anyone. See https://www.elastic.co/guide/en/elasticsearch/reference/7.16/security-minimal-setup.html to enable security."],[299 Elasticsearch-7.16.1-5b38441b16b1ebb16a27c107a4c3865776e20c53 "[ignore_throttled] parameter is deprecated because frozen indices have been deprecated. Consider cold or frozen tiers in place of frozen indices."]
2023-08-04 12:58:17,463 INFO  [com.dot.ContainerResource] (docker-java-stream-1865446083) STDOUT: 12:58:17.463  WARN  client.RestClient - request [POST http://elasticsearch:9200/cluster_c40f8aa8c9.live_20230804125756/_search?typed_keys=true&max_concurrent_shard_requests=5&ignore_unavailable=false&expand_wildcards=open&allow_no_indices=true&ignore_throttled=true&search_type=query_then_fetch&batched_reduce_size=512&ccs_minimize_roundtrips=true] returned 2 warnings: [299 Elasticsearch-7.16.1-5b38441b16b1ebb16a27c107a4c3865776e20c53 "Elasticsearch built-in security features are not enabled. Without authentication, your cluster could be accessible to anyone. See https://www.elastic.co/guide/en/elasticsearch/reference/7.16/security-minimal-setup.html to enable security."],[299 Elasticsearch-7.16.1-5b38441b16b1ebb16a27c107a4c3865776e20c53 "[ignore_throttled] parameter is deprecated because frozen indices have been deprecated. Consider cold or frozen tiers in place of frozen indices."]
2023-08-04 12:58:17,471 INFO  [com.dot.ContainerResource] (docker-java-stream-1865446083) STDOUT: 12:58:17.471  WARN  client.RestClient - request [POST http://elasticsearch:9200/cluster_c40f8aa8c9.live_20230804125756/_search?typed_keys=true&max_concurrent_shard_requests=5&ignore_unavailable=false&expand_wildcards=open&allow_no_indices=true&ignore_throttled=true&search_type=query_then_fetch&batched_reduce_size=512&ccs_minimize_roundtrips=true] returned 2 warnings: [299 Elasticsearch-7.16.1-5b38441b16b1ebb16a27c107a4c3865776e20c53 "Elasticsearch built-in security features are not enabled. Without authentication, your cluster could be accessible to anyone. See https://www.elastic.co/guide/en/elasticsearch/reference/7.16/security-minimal-setup.html to enable security."],[299 Elasticsearch-7.16.1-5b38441b16b1ebb16a27c107a4c3865776e20c53 "[ignore_throttled] parameter is deprecated because frozen indices have been deprecated. Consider cold or frozen tiers in place of frozen indices."]
2023-08-04 12:58:17,479 INFO  [com.dot.ContainerResource] (docker-java-stream-1865446083) STDOUT: 12:58:17.475  WARN  client.RestClient - request [POST http://elasticsearch:9200/cluster_c40f8aa8c9.live_20230804125756/_search?typed_keys=true&max_concurrent_shard_requests=5&ignore_unavailable=false&expand_wildcards=open&allow_no_indices=true&ignore_throttled=true&search_type=query_then_fetch&batched_reduce_size=512&ccs_minimize_roundtrips=true] returned 2 warnings: [299 Elasticsearch-7.16.1-5b38441b16b1ebb16a27c107a4c3865776e20c53 "Elasticsearch built-in security features are not enabled. Without authentication, your cluster could be accessible to anyone. See https://www.elastic.co/guide/en/elasticsearch/reference/7.16/security-minimal-setup.html to enable security."],[299 Elasticsearch-7.16.1-5b38441b16b1ebb16a27c107a4c3865776e20c53 "[ignore_throttled] parameter is deprecated because frozen indices have been deprecated. Consider cold or frozen tiers in place of frozen indices."]
2023-08-04 12:58:17,483 INFO  [com.dot.ContainerResource] (docker-java-stream-1865446083) STDOUT: 12:58:17.483  WARN  client.RestClient - request [POST http://elasticsearch:9200/cluster_c40f8aa8c9.live_20230804125756/_search?typed_keys=true&max_concurrent_shard_requests=5&ignore_unavailable=false&expand_wildcards=open&allow_no_indices=true&ignore_throttled=true&search_type=query_then_fetch&batched_reduce_size=512&ccs_minimize_roundtrips=true] returned 2 warnings: [299 Elasticsearch-7.16.1-5b38441b16b1ebb16a27c107a4c3865776e20c53 "Elasticsearch built-in security features are not enabled. Without authentication, your cluster could be accessible to anyone. See https://www.elastic.co/guide/en/elasticsearch/reference/7.16/security-minimal-setup.html to enable security."],[299 Elasticsearch-7.16.1-5b38441b16b1ebb16a27c107a4c3865776e20c53 "[ignore_throttled] parameter is deprecated because frozen indices have been deprecated. Consider cold or frozen tiers in place of frozen indices."]
2023-08-04 12:58:17,496 INFO  [com.dot.ContainerResource] (docker-java-stream-1865446083) STDOUT: 12:58:17.496  WARN  client.RestClient - request [POST http://elasticsearch:9200/cluster_c40f8aa8c9.live_20230804125756/_search?typed_keys=true&max_concurrent_shard_requests=5&ignore_unavailable=false&expand_wildcards=open&allow_no_indices=true&ignore_throttled=true&search_type=query_then_fetch&batched_reduce_size=512&ccs_minimize_roundtrips=true] returned 2 warnings: [299 Elasticsearch-7.16.1-5b38441b16b1ebb16a27c107a4c3865776e20c53 "Elasticsearch built-in security features are not enabled. Without authentication, your cluster could be accessible to anyone. See https://www.elastic.co/guide/en/elasticsearch/reference/7.16/security-minimal-setup.html to enable security."],[299 Elasticsearch-7.16.1-5b38441b16b1ebb16a27c107a4c3865776e20c53 "[ignore_throttled] parameter is deprecated because frozen indices have been deprecated. Consider cold or frozen tiers in place of frozen indices."]
2023-08-04 12:58:17,505 INFO  [com.dot.ContainerResource] (docker-java-stream-1865446083) STDOUT: 12:58:17.504  WARN  client.RestClient - request [POST http://elasticsearch:9200/cluster_c40f8aa8c9.live_20230804125756/_search?typed_keys=true&max_concurrent_shard_requests=5&ignore_unavailable=false&expand_wildcards=open&allow_no_indices=true&ignore_throttled=true&search_type=query_then_fetch&batched_reduce_size=512&ccs_minimize_roundtrips=true] returned 2 warnings: [299 Elasticsearch-7.16.1-5b38441b16b1ebb16a27c107a4c3865776e20c53 "Elasticsearch built-in security features are not enabled. Without authentication, your cluster could be accessible to anyone. See https://www.elastic.co/guide/en/elasticsearch/reference/7.16/security-minimal-setup.html to enable security."],[299 Elasticsearch-7.16.1-5b38441b16b1ebb16a27c107a4c3865776e20c53 "[ignore_throttled] parameter is deprecated because frozen indices have been deprecated. Consider cold or frozen tiers in place of frozen indices."]
2023-08-04 12:58:17,512 INFO  [com.dot.ContainerResource] (docker-java-stream-1865446083) STDOUT: 12:58:17.512  WARN  client.RestClient - request [POST http://elasticsearch:9200/cluster_c40f8aa8c9.live_20230804125756/_search?typed_keys=true&max_concurrent_shard_requests=5&ignore_unavailable=false&expand_wildcards=open&allow_no_indices=true&ignore_throttled=true&search_type=query_then_fetch&batched_reduce_size=512&ccs_minimize_roundtrips=true] returned 2 warnings: [299 Elasticsearch-7.16.1-5b38441b16b1ebb16a27c107a4c3865776e20c53 "Elasticsearch built-in security features are not enabled. Without authentication, your cluster could be accessible to anyone. See https://www.elastic.co/guide/en/elasticsearch/reference/7.16/security-minimal-setup.html to enable security."],[299 Elasticsearch-7.16.1-5b38441b16b1ebb16a27c107a4c3865776e20c53 "[ignore_throttled] parameter is deprecated because frozen indices have been deprecated. Consider cold or frozen tiers in place of frozen indices."]
2023-08-04 12:58:17,521 INFO  [com.dot.ContainerResource] (docker-java-stream-1865446083) STDOUT: 12:58:17.519  WARN  client.RestClient - request [POST http://elasticsearch:9200/cluster_c40f8aa8c9.live_20230804125756/_search?typed_keys=true&max_concurrent_shard_requests=5&ignore_unavailable=false&expand_wildcards=open&allow_no_indices=true&ignore_throttled=true&search_type=query_then_fetch&batched_reduce_size=512&ccs_minimize_roundtrips=true] returned 2 warnings: [299 Elasticsearch-7.16.1-5b38441b16b1ebb16a27c107a4c3865776e20c53 "Elasticsearch built-in security features are not enabled. Without authentication, your cluster could be accessible to anyone. See https://www.elastic.co/guide/en/elasticsearch/reference/7.16/security-minimal-setup.html to enable security."],[299 Elasticsearch-7.16.1-5b38441b16b1ebb16a27c107a4c3865776e20c53 "[ignore_throttled] parameter is deprecated because frozen indices have been deprecated. Consider cold or frozen tiers in place of frozen indices."]
2023-08-04 12:58:17,529 INFO  [com.dot.ContainerResource] (docker-java-stream-1865446083) STDOUT: 12:58:17.529  WARN  client.RestClient - request [POST http://elasticsearch:9200/cluster_c40f8aa8c9.live_20230804125756/_search?typed_keys=true&max_concurrent_shard_requests=5&ignore_unavailable=false&expand_wildcards=open&allow_no_indices=true&ignore_throttled=true&search_type=query_then_fetch&batched_reduce_size=512&ccs_minimize_roundtrips=true] returned 2 warnings: [299 Elasticsearch-7.16.1-5b38441b16b1ebb16a27c107a4c3865776e20c53 "Elasticsearch built-in security features are not enabled. Without authentication, your cluster could be accessible to anyone. See https://www.elastic.co/guide/en/elasticsearch/reference/7.16/security-minimal-setup.html to enable security."],[299 Elasticsearch-7.16.1-5b38441b16b1ebb16a27c107a4c3865776e20c53 "[ignore_throttled] parameter is deprecated because frozen indices have been deprecated. Consider cold or frozen tiers in place of frozen indices."]
2023-08-04 12:58:17,535 INFO  [com.dot.ContainerResource] (docker-java-stream-1865446083) STDOUT: 12:58:17.535  WARN  client.RestClient - request [POST http://elasticsearch:9200/cluster_c40f8aa8c9.live_20230804125756/_search?typed_keys=true&max_concurrent_shard_requests=5&ignore_unavailable=false&expand_wildcards=open&allow_no_indices=true&ignore_throttled=true&search_type=query_then_fetch&batched_reduce_size=512&ccs_minimize_roundtrips=true] returned 2 warnings: [299 Elasticsearch-7.16.1-5b38441b16b1ebb16a27c107a4c3865776e20c53 "Elasticsearch built-in security features are not enabled. Without authentication, your cluster could be accessible to anyone. See https://www.elastic.co/guide/en/elasticsearch/reference/7.16/security-minimal-setup.html to enable security."],[299 Elasticsearch-7.16.1-5b38441b16b1ebb16a27c107a4c3865776e20c53 "[ignore_throttled] parameter is deprecated because frozen indices have been deprecated. Consider cold or frozen tiers in place of frozen indices."]
2023-08-04 12:58:17,543 INFO  [com.dot.ContainerResource] (docker-java-stream-1865446083) STDOUT: 12:58:17.543  WARN  client.RestClient - request [POST http://elasticsearch:9200/cluster_c40f8aa8c9.live_20230804125756/_search?typed_keys=true&max_concurrent_shard_requests=5&ignore_unavailable=false&expand_wildcards=open&allow_no_indices=true&ignore_throttled=true&search_type=query_then_fetch&batched_reduce_size=512&ccs_minimize_roundtrips=true] returned 2 warnings: [299 Elasticsearch-7.16.1-5b38441b16b1ebb16a27c107a4c3865776e20c53 "Elasticsearch built-in security features are not enabled. Without authentication, your cluster could be accessible to anyone. See https://www.elastic.co/guide/en/elasticsearch/reference/7.16/security-minimal-setup.html to enable security."],[299 Elasticsearch-7.16.1-5b38441b16b1ebb16a27c107a4c3865776e20c53 "[ignore_throttled] parameter is deprecated because frozen indices have been deprecated. Consider cold or frozen tiers in place of frozen indices."]
2023-08-04 12:58:17,548 INFO  [com.dot.ContainerResource] (docker-java-stream-1865446083) STDOUT: 12:58:17.547  WARN  client.RestClient - request [POST http://elasticsearch:9200/cluster_c40f8aa8c9.live_20230804125756/_search?typed_keys=true&max_concurrent_shard_requests=5&ignore_unavailable=false&expand_wildcards=open&allow_no_indices=true&ignore_throttled=true&search_type=query_then_fetch&batched_reduce_size=512&ccs_minimize_roundtrips=true] returned 2 warnings: [299 Elasticsearch-7.16.1-5b38441b16b1ebb16a27c107a4c3865776e20c53 "Elasticsearch built-in security features are not enabled. Without authentication, your cluster could be accessible to anyone. See https://www.elastic.co/guide/en/elasticsearch/reference/7.16/security-minimal-setup.html to enable security."],[299 Elasticsearch-7.16.1-5b38441b16b1ebb16a27c107a4c3865776e20c53 "[ignore_throttled] parameter is deprecated because frozen indices have been deprecated. Consider cold or frozen tiers in place of frozen indices."]
2023-08-04 12:58:17,552 INFO  [com.dot.ContainerResource] (docker-java-stream-1865446083) STDOUT: 12:58:17.551  WARN  client.RestClient - request [POST http://elasticsearch:9200/cluster_c40f8aa8c9.live_20230804125756/_search?typed_keys=true&max_concurrent_shard_requests=5&ignore_unavailable=false&expand_wildcards=open&allow_no_indices=true&ignore_throttled=true&search_type=query_then_fetch&batched_reduce_size=512&ccs_minimize_roundtrips=true] returned 2 warnings: [299 Elasticsearch-7.16.1-5b38441b16b1ebb16a27c107a4c3865776e20c53 "Elasticsearch built-in security features are not enabled. Without authentication, your cluster could be accessible to anyone. See https://www.elastic.co/guide/en/elasticsearch/reference/7.16/security-minimal-setup.html to enable security."],[299 Elasticsearch-7.16.1-5b38441b16b1ebb16a27c107a4c3865776e20c53 "[ignore_throttled] parameter is deprecated because frozen indices have been deprecated. Consider cold or frozen tiers in place of frozen indices."]
2023-08-04 12:58:17,560 INFO  [com.dot.ContainerResource] (docker-java-stream-1865446083) STDOUT: 12:58:17.555  WARN  client.RestClient - request [POST http://elasticsearch:9200/cluster_c40f8aa8c9.live_20230804125756/_search?typed_keys=true&max_concurrent_shard_requests=5&ignore_unavailable=false&expand_wildcards=open&allow_no_indices=true&ignore_throttled=true&search_type=query_then_fetch&batched_reduce_size=512&ccs_minimize_roundtrips=true] returned 2 warnings: [299 Elasticsearch-7.16.1-5b38441b16b1ebb16a27c107a4c3865776e20c53 "Elasticsearch built-in security features are not enabled. Without authentication, your cluster could be accessible to anyone. See https://www.elastic.co/guide/en/elasticsearch/reference/7.16/security-minimal-setup.html to enable security."],[299 Elasticsearch-7.16.1-5b38441b16b1ebb16a27c107a4c3865776e20c53 "[ignore_throttled] parameter is deprecated because frozen indices have been deprecated. Consider cold or frozen tiers in place of frozen indices."]
2023-08-04 12:58:17,561 INFO  [com.dot.ContainerResource] (docker-java-stream-1865446083) STDOUT: 12:58:17.559  WARN  client.RestClient - request [POST http://elasticsearch:9200/cluster_c40f8aa8c9.live_20230804125756/_search?typed_keys=true&max_concurrent_shard_requests=5&ignore_unavailable=false&expand_wildcards=open&allow_no_indices=true&ignore_throttled=true&search_type=query_then_fetch&batched_reduce_size=512&ccs_minimize_roundtrips=true] returned 2 warnings: [299 Elasticsearch-7.16.1-5b38441b16b1ebb16a27c107a4c3865776e20c53 "Elasticsearch built-in security features are not enabled. Without authentication, your cluster could be accessible to anyone. See https://www.elastic.co/guide/en/elasticsearch/reference/7.16/security-minimal-setup.html to enable security."],[299 Elasticsearch-7.16.1-5b38441b16b1ebb16a27c107a4c3865776e20c53 "[ignore_throttled] parameter is deprecated because frozen indices have been deprecated. Consider cold or frozen tiers in place of frozen indices."]
2023-08-04 12:58:17,563 INFO  [com.dot.ContainerResource] (docker-java-stream-1865446083) STDOUT: 12:58:17.563  WARN  client.RestClient - request [POST http://elasticsearch:9200/cluster_c40f8aa8c9.live_20230804125756/_search?typed_keys=true&max_concurrent_shard_requests=5&ignore_unavailable=false&expand_wildcards=open&allow_no_indices=true&ignore_throttled=true&search_type=query_then_fetch&batched_reduce_size=512&ccs_minimize_roundtrips=true] returned 2 warnings: [299 Elasticsearch-7.16.1-5b38441b16b1ebb16a27c107a4c3865776e20c53 "Elasticsearch built-in security features are not enabled. Without authentication, your cluster could be accessible to anyone. See https://www.elastic.co/guide/en/elasticsearch/reference/7.16/security-minimal-setup.html to enable security."],[299 Elasticsearch-7.16.1-5b38441b16b1ebb16a27c107a4c3865776e20c53 "[ignore_throttled] parameter is deprecated because frozen indices have been deprecated. Consider cold or frozen tiers in place of frozen indices."]
2023-08-04 12:58:17,567 INFO  [com.dot.ContainerResource] (docker-java-stream-1865446083) STDOUT: 12:58:17.567  WARN  client.RestClient - request [POST http://elasticsearch:9200/cluster_c40f8aa8c9.live_20230804125756/_search?typed_keys=true&max_concurrent_shard_requests=5&ignore_unavailable=false&expand_wildcards=open&allow_no_indices=true&ignore_throttled=true&search_type=query_then_fetch&batched_reduce_size=512&ccs_minimize_roundtrips=true] returned 2 warnings: [299 Elasticsearch-7.16.1-5b38441b16b1ebb16a27c107a4c3865776e20c53 "Elasticsearch built-in security features are not enabled. Without authentication, your cluster could be accessible to anyone. See https://www.elastic.co/guide/en/elasticsearch/reference/7.16/security-minimal-setup.html to enable security."],[299 Elasticsearch-7.16.1-5b38441b16b1ebb16a27c107a4c3865776e20c53 "[ignore_throttled] parameter is deprecated because frozen indices have been deprecated. Consider cold or frozen tiers in place of frozen indices."]
2023-08-04 12:58:17,580 INFO  [com.dot.ContainerResource] (docker-java-stream-1865446083) STDOUT: 12:58:17.573  WARN  client.RestClient - request [POST http://elasticsearch:9200/cluster_c40f8aa8c9.live_20230804125756/_search?typed_keys=true&max_concurrent_shard_requests=5&ignore_unavailable=false&expand_wildcards=open&allow_no_indices=true&ignore_throttled=true&search_type=query_then_fetch&batched_reduce_size=512&ccs_minimize_roundtrips=true] returned 2 warnings: [299 Elasticsearch-7.16.1-5b38441b16b1ebb16a27c107a4c3865776e20c53 "Elasticsearch built-in security features are not enabled. Without authentication, your cluster could be accessible to anyone. See https://www.elastic.co/guide/en/elasticsearch/reference/7.16/security-minimal-setup.html to enable security."],[299 Elasticsearch-7.16.1-5b38441b16b1ebb16a27c107a4c3865776e20c53 "[ignore_throttled] parameter is deprecated because frozen indices have been deprecated. Consider cold or frozen tiers in place of frozen indices."]
2023-08-04 12:58:17,581 INFO  [com.dot.ContainerResource] (docker-java-stream-1865446083) STDOUT: 12:58:17.581  WARN  client.RestClient - request [POST http://elasticsearch:9200/cluster_c40f8aa8c9.live_20230804125756/_search?typed_keys=true&max_concurrent_shard_requests=5&ignore_unavailable=false&expand_wildcards=open&allow_no_indices=true&ignore_throttled=true&search_type=query_then_fetch&batched_reduce_size=512&ccs_minimize_roundtrips=true] returned 2 warnings: [299 Elasticsearch-7.16.1-5b38441b16b1ebb16a27c107a4c3865776e20c53 "Elasticsearch built-in security features are not enabled. Without authentication, your cluster could be accessible to anyone. See https://www.elastic.co/guide/en/elasticsearch/reference/7.16/security-minimal-setup.html to enable security."],[299 Elasticsearch-7.16.1-5b38441b16b1ebb16a27c107a4c3865776e20c53 "[ignore_throttled] parameter is deprecated because frozen indices have been deprecated. Consider cold or frozen tiers in place of frozen indices."]
2023-08-04 12:58:17,585 INFO  [com.dot.ContainerResource] (docker-java-stream-1865446083) STDOUT: 12:58:17.585  WARN  client.RestClient - request [POST http://elasticsearch:9200/cluster_c40f8aa8c9.live_20230804125756/_search?typed_keys=true&max_concurrent_shard_requests=5&ignore_unavailable=false&expand_wildcards=open&allow_no_indices=true&ignore_throttled=true&search_type=query_then_fetch&batched_reduce_size=512&ccs_minimize_roundtrips=true] returned 2 warnings: [299 Elasticsearch-7.16.1-5b38441b16b1ebb16a27c107a4c3865776e20c53 "Elasticsearch built-in security features are not enabled. Without authentication, your cluster could be accessible to anyone. See https://www.elastic.co/guide/en/elasticsearch/reference/7.16/security-minimal-setup.html to enable security."],[299 Elasticsearch-7.16.1-5b38441b16b1ebb16a27c107a4c3865776e20c53 "[ignore_throttled] parameter is deprecated because frozen indices have been deprecated. Consider cold or frozen tiers in place of frozen indices."]
2023-08-04 12:58:17,589 INFO  [com.dot.ContainerResource] (docker-java-stream-1865446083) STDOUT: 12:58:17.589  WARN  client.RestClient - request [POST http://elasticsearch:9200/cluster_c40f8aa8c9.live_20230804125756/_search?typed_keys=true&max_concurrent_shard_requests=5&ignore_unavailable=false&expand_wildcards=open&allow_no_indices=true&ignore_throttled=true&search_type=query_then_fetch&batched_reduce_size=512&ccs_minimize_roundtrips=true] returned 2 warnings: [299 Elasticsearch-7.16.1-5b38441b16b1ebb16a27c107a4c3865776e20c53 "Elasticsearch built-in security features are not enabled. Without authentication, your cluster could be accessible to anyone. See https://www.elastic.co/guide/en/elasticsearch/reference/7.16/security-minimal-setup.html to enable security."],[299 Elasticsearch-7.16.1-5b38441b16b1ebb16a27c107a4c3865776e20c53 "[ignore_throttled] parameter is deprecated because frozen indices have been deprecated. Consider cold or frozen tiers in place of frozen indices."]
2023-08-04 12:58:17,595 INFO  [com.dot.ContainerResource] (docker-java-stream-1865446083) STDOUT: 12:58:17.595  WARN  client.RestClient - request [POST http://elasticsearch:9200/cluster_c40f8aa8c9.live_20230804125756/_search?typed_keys=true&max_concurrent_shard_requests=5&ignore_unavailable=false&expand_wildcards=open&allow_no_indices=true&ignore_throttled=true&search_type=query_then_fetch&batched_reduce_size=512&ccs_minimize_roundtrips=true] returned 2 warnings: [299 Elasticsearch-7.16.1-5b38441b16b1ebb16a27c107a4c3865776e20c53 "Elasticsearch built-in security features are not enabled. Without authentication, your cluster could be accessible to anyone. See https://www.elastic.co/guide/en/elasticsearch/reference/7.16/security-minimal-setup.html to enable security."],[299 Elasticsearch-7.16.1-5b38441b16b1ebb16a27c107a4c3865776e20c53 "[ignore_throttled] parameter is deprecated because frozen indices have been deprecated. Consider cold or frozen tiers in place of frozen indices."]
2023-08-04 12:58:17,600 INFO  [com.dot.ContainerResource] (docker-java-stream-1865446083) STDOUT: 12:58:17.599  WARN  client.RestClient - request [POST http://elasticsearch:9200/cluster_c40f8aa8c9.live_20230804125756/_search?typed_keys=true&max_concurrent_shard_requests=5&ignore_unavailable=false&expand_wildcards=open&allow_no_indices=true&ignore_throttled=true&search_type=query_then_fetch&batched_reduce_size=512&ccs_minimize_roundtrips=true] returned 2 warnings: [299 Elasticsearch-7.16.1-5b38441b16b1ebb16a27c107a4c3865776e20c53 "Elasticsearch built-in security features are not enabled. Without authentication, your cluster could be accessible to anyone. See https://www.elastic.co/guide/en/elasticsearch/reference/7.16/security-minimal-setup.html to enable security."],[299 Elasticsearch-7.16.1-5b38441b16b1ebb16a27c107a4c3865776e20c53 "[ignore_throttled] parameter is deprecated because frozen indices have been deprecated. Consider cold or frozen tiers in place of frozen indices."]
2023-08-04 12:58:17,608 INFO  [com.dot.ContainerResource] (docker-java-stream-1865446083) STDOUT: 12:58:17.607  WARN  client.RestClient - request [POST http://elasticsearch:9200/cluster_c40f8aa8c9.live_20230804125756/_search?typed_keys=true&max_concurrent_shard_requests=5&ignore_unavailable=false&expand_wildcards=open&allow_no_indices=true&ignore_throttled=true&search_type=query_then_fetch&batched_reduce_size=512&ccs_minimize_roundtrips=true] returned 2 warnings: [299 Elasticsearch-7.16.1-5b38441b16b1ebb16a27c107a4c3865776e20c53 "Elasticsearch built-in security features are not enabled. Without authentication, your cluster could be accessible to anyone. See https://www.elastic.co/guide/en/elasticsearch/reference/7.16/security-minimal-setup.html to enable security."],[299 Elasticsearch-7.16.1-5b38441b16b1ebb16a27c107a4c3865776e20c53 "[ignore_throttled] parameter is deprecated because frozen indices have been deprecated. Consider cold or frozen tiers in place of frozen indices."]
2023-08-04 12:58:17,615 INFO  [com.dot.ContainerResource] (docker-java-stream-1865446083) STDOUT: 12:58:17.615  WARN  client.RestClient - request [POST http://elasticsearch:9200/cluster_c40f8aa8c9.live_20230804125756/_search?typed_keys=true&max_concurrent_shard_requests=5&ignore_unavailable=false&expand_wildcards=open&allow_no_indices=true&ignore_throttled=true&search_type=query_then_fetch&batched_reduce_size=512&ccs_minimize_roundtrips=true] returned 2 warnings: [299 Elasticsearch-7.16.1-5b38441b16b1ebb16a27c107a4c3865776e20c53 "Elasticsearch built-in security features are not enabled. Without authentication, your cluster could be accessible to anyone. See https://www.elastic.co/guide/en/elasticsearch/reference/7.16/security-minimal-setup.html to enable security."],[299 Elasticsearch-7.16.1-5b38441b16b1ebb16a27c107a4c3865776e20c53 "[ignore_throttled] parameter is deprecated because frozen indices have been deprecated. Consider cold or frozen tiers in place of frozen indices."]
2023-08-04 12:58:17,621 INFO  [com.dot.ContainerResource] (docker-java-stream-1865446083) STDOUT: 12:58:17.621  WARN  client.RestClient - request [POST http://elasticsearch:9200/cluster_c40f8aa8c9.live_20230804125756/_search?typed_keys=true&max_concurrent_shard_requests=5&ignore_unavailable=false&expand_wildcards=open&allow_no_indices=true&ignore_throttled=true&search_type=query_then_fetch&batched_reduce_size=512&ccs_minimize_roundtrips=true] returned 2 warnings: [299 Elasticsearch-7.16.1-5b38441b16b1ebb16a27c107a4c3865776e20c53 "Elasticsearch built-in security features are not enabled. Without authentication, your cluster could be accessible to anyone. See https://www.elastic.co/guide/en/elasticsearch/reference/7.16/security-minimal-setup.html to enable security."],[299 Elasticsearch-7.16.1-5b38441b16b1ebb16a27c107a4c3865776e20c53 "[ignore_throttled] parameter is deprecated because frozen indices have been deprecated. Consider cold or frozen tiers in place of frozen indices."]
2023-08-04 12:58:17,639 INFO  [com.dot.ContainerResource] (docker-java-stream-1865446083) STDOUT: 12:58:17.637  WARN  client.RestClient - request [POST http://elasticsearch:9200/cluster_c40f8aa8c9.live_20230804125756/_search?typed_keys=true&max_concurrent_shard_requests=5&ignore_unavailable=false&expand_wildcards=open&allow_no_indices=true&ignore_throttled=true&search_type=query_then_fetch&batched_reduce_size=512&ccs_minimize_roundtrips=true] returned 2 warnings: [299 Elasticsearch-7.16.1-5b38441b16b1ebb16a27c107a4c3865776e20c53 "Elasticsearch built-in security features are not enabled. Without authentication, your cluster could be accessible to anyone. See https://www.elastic.co/guide/en/elasticsearch/reference/7.16/security-minimal-setup.html to enable security."],[299 Elasticsearch-7.16.1-5b38441b16b1ebb16a27c107a4c3865776e20c53 "[ignore_throttled] parameter is deprecated because frozen indices have been deprecated. Consider cold or frozen tiers in place of frozen indices."]
2023-08-04 12:58:17,664 INFO  [com.dot.ContainerResource] (docker-java-stream-1865446083) STDOUT: 12:58:17.661  WARN  client.RestClient - request [POST http://elasticsearch:9200/cluster_c40f8aa8c9.live_20230804125756/_search?typed_keys=true&max_concurrent_shard_requests=5&ignore_unavailable=false&expand_wildcards=open&allow_no_indices=true&ignore_throttled=true&search_type=query_then_fetch&batched_reduce_size=512&ccs_minimize_roundtrips=true] returned 2 warnings: [299 Elasticsearch-7.16.1-5b38441b16b1ebb16a27c107a4c3865776e20c53 "Elasticsearch built-in security features are not enabled. Without authentication, your cluster could be accessible to anyone. See https://www.elastic.co/guide/en/elasticsearch/reference/7.16/security-minimal-setup.html to enable security."],[299 Elasticsearch-7.16.1-5b38441b16b1ebb16a27c107a4c3865776e20c53 "[ignore_throttled] parameter is deprecated because frozen indices have been deprecated. Consider cold or frozen tiers in place of frozen indices."]
2023-08-04 12:58:17,678 INFO  [com.dot.ContainerResource] (docker-java-stream-1865446083) STDOUT: 12:58:17.676  WARN  client.RestClient - request [POST http://elasticsearch:9200/cluster_c40f8aa8c9.live_20230804125756/_search?typed_keys=true&max_concurrent_shard_requests=5&ignore_unavailable=false&expand_wildcards=open&allow_no_indices=true&ignore_throttled=true&search_type=query_then_fetch&batched_reduce_size=512&ccs_minimize_roundtrips=true] returned 2 warnings: [299 Elasticsearch-7.16.1-5b38441b16b1ebb16a27c107a4c3865776e20c53 "Elasticsearch built-in security features are not enabled. Without authentication, your cluster could be accessible to anyone. See https://www.elastic.co/guide/en/elasticsearch/reference/7.16/security-minimal-setup.html to enable security."],[299 Elasticsearch-7.16.1-5b38441b16b1ebb16a27c107a4c3865776e20c53 "[ignore_throttled] parameter is deprecated because frozen indices have been deprecated. Consider cold or frozen tiers in place of frozen indices."]
2023-08-04 12:58:17,687 INFO  [com.dot.ContainerResource] (docker-java-stream-1865446083) STDOUT: 12:58:17.687  WARN  client.RestClient - request [POST http://elasticsearch:9200/cluster_c40f8aa8c9.live_20230804125756/_search?typed_keys=true&max_concurrent_shard_requests=5&ignore_unavailable=false&expand_wildcards=open&allow_no_indices=true&ignore_throttled=true&search_type=query_then_fetch&batched_reduce_size=512&ccs_minimize_roundtrips=true] returned 2 warnings: [299 Elasticsearch-7.16.1-5b38441b16b1ebb16a27c107a4c3865776e20c53 "Elasticsearch built-in security features are not enabled. Without authentication, your cluster could be accessible to anyone. See https://www.elastic.co/guide/en/elasticsearch/reference/7.16/security-minimal-setup.html to enable security."],[299 Elasticsearch-7.16.1-5b38441b16b1ebb16a27c107a4c3865776e20c53 "[ignore_throttled] parameter is deprecated because frozen indices have been deprecated. Consider cold or frozen tiers in place of frozen indices."]
2023-08-04 12:58:17,705 INFO  [com.dot.ContainerResource] (docker-java-stream-1865446083) STDOUT: 12:58:17.705  WARN  client.RestClient - request [POST http://elasticsearch:9200/cluster_c40f8aa8c9.live_20230804125756/_search?typed_keys=true&max_concurrent_shard_requests=5&ignore_unavailable=false&expand_wildcards=open&allow_no_indices=true&ignore_throttled=true&search_type=query_then_fetch&batched_reduce_size=512&ccs_minimize_roundtrips=true] returned 2 warnings: [299 Elasticsearch-7.16.1-5b38441b16b1ebb16a27c107a4c3865776e20c53 "Elasticsearch built-in security features are not enabled. Without authentication, your cluster could be accessible to anyone. See https://www.elastic.co/guide/en/elasticsearch/reference/7.16/security-minimal-setup.html to enable security."],[299 Elasticsearch-7.16.1-5b38441b16b1ebb16a27c107a4c3865776e20c53 "[ignore_throttled] parameter is deprecated because frozen indices have been deprecated. Consider cold or frozen tiers in place of frozen indices."]
2023-08-04 12:58:17,716 INFO  [com.dot.ContainerResource] (docker-java-stream-1865446083) STDOUT: 12:58:17.715  WARN  client.RestClient - request [POST http://elasticsearch:9200/cluster_c40f8aa8c9.live_20230804125756/_search?typed_keys=true&max_concurrent_shard_requests=5&ignore_unavailable=false&expand_wildcards=open&allow_no_indices=true&ignore_throttled=true&search_type=query_then_fetch&batched_reduce_size=512&ccs_minimize_roundtrips=true] returned 2 warnings: [299 Elasticsearch-7.16.1-5b38441b16b1ebb16a27c107a4c3865776e20c53 "Elasticsearch built-in security features are not enabled. Without authentication, your cluster could be accessible to anyone. See https://www.elastic.co/guide/en/elasticsearch/reference/7.16/security-minimal-setup.html to enable security."],[299 Elasticsearch-7.16.1-5b38441b16b1ebb16a27c107a4c3865776e20c53 "[ignore_throttled] parameter is deprecated because frozen indices have been deprecated. Consider cold or frozen tiers in place of frozen indices."]
2023-08-04 12:58:17,727 INFO  [com.dot.ContainerResource] (docker-java-stream-1865446083) STDOUT: 12:58:17.727  WARN  client.RestClient - request [POST http://elasticsearch:9200/cluster_c40f8aa8c9.live_20230804125756/_search?typed_keys=true&max_concurrent_shard_requests=5&ignore_unavailable=false&expand_wildcards=open&allow_no_indices=true&ignore_throttled=true&search_type=query_then_fetch&batched_reduce_size=512&ccs_minimize_roundtrips=true] returned 2 warnings: [299 Elasticsearch-7.16.1-5b38441b16b1ebb16a27c107a4c3865776e20c53 "Elasticsearch built-in security features are not enabled. Without authentication, your cluster could be accessible to anyone. See https://www.elastic.co/guide/en/elasticsearch/reference/7.16/security-minimal-setup.html to enable security."],[299 Elasticsearch-7.16.1-5b38441b16b1ebb16a27c107a4c3865776e20c53 "[ignore_throttled] parameter is deprecated because frozen indices have been deprecated. Consider cold or frozen tiers in place of frozen indices."]
2023-08-04 12:58:17,735 INFO  [com.dot.ContainerResource] (docker-java-stream-1865446083) STDOUT: 12:58:17.734  WARN  client.RestClient - request [POST http://elasticsearch:9200/cluster_c40f8aa8c9.live_20230804125756/_search?typed_keys=true&max_concurrent_shard_requests=5&ignore_unavailable=false&expand_wildcards=open&allow_no_indices=true&ignore_throttled=true&search_type=query_then_fetch&batched_reduce_size=512&ccs_minimize_roundtrips=true] returned 2 warnings: [299 Elasticsearch-7.16.1-5b38441b16b1ebb16a27c107a4c3865776e20c53 "Elasticsearch built-in security features are not enabled. Without authentication, your cluster could be accessible to anyone. See https://www.elastic.co/guide/en/elasticsearch/reference/7.16/security-minimal-setup.html to enable security."],[299 Elasticsearch-7.16.1-5b38441b16b1ebb16a27c107a4c3865776e20c53 "[ignore_throttled] parameter is deprecated because frozen indices have been deprecated. Consider cold or frozen tiers in place of frozen indices."]
2023-08-04 12:58:17,744 INFO  [com.dot.ContainerResource] (docker-java-stream-1865446083) STDOUT: 12:58:17.744  WARN  client.RestClient - request [POST http://elasticsearch:9200/cluster_c40f8aa8c9.live_20230804125756/_search?typed_keys=true&max_concurrent_shard_requests=5&ignore_unavailable=false&expand_wildcards=open&allow_no_indices=true&ignore_throttled=true&search_type=query_then_fetch&batched_reduce_size=512&ccs_minimize_roundtrips=true] returned 2 warnings: [299 Elasticsearch-7.16.1-5b38441b16b1ebb16a27c107a4c3865776e20c53 "Elasticsearch built-in security features are not enabled. Without authentication, your cluster could be accessible to anyone. See https://www.elastic.co/guide/en/elasticsearch/reference/7.16/security-minimal-setup.html to enable security."],[299 Elasticsearch-7.16.1-5b38441b16b1ebb16a27c107a4c3865776e20c53 "[ignore_throttled] parameter is deprecated because frozen indices have been deprecated. Consider cold or frozen tiers in place of frozen indices."]
2023-08-04 12:58:17,757 INFO  [com.dot.ContainerResource] (docker-java-stream-1865446083) STDOUT: 12:58:17.757  WARN  client.RestClient - request [POST http://elasticsearch:9200/cluster_c40f8aa8c9.live_20230804125756/_search?typed_keys=true&max_concurrent_shard_requests=5&ignore_unavailable=false&expand_wildcards=open&allow_no_indices=true&ignore_throttled=true&search_type=query_then_fetch&batched_reduce_size=512&ccs_minimize_roundtrips=true] returned 2 warnings: [299 Elasticsearch-7.16.1-5b38441b16b1ebb16a27c107a4c3865776e20c53 "Elasticsearch built-in security features are not enabled. Without authentication, your cluster could be accessible to anyone. See https://www.elastic.co/guide/en/elasticsearch/reference/7.16/security-minimal-setup.html to enable security."],[299 Elasticsearch-7.16.1-5b38441b16b1ebb16a27c107a4c3865776e20c53 "[ignore_throttled] parameter is deprecated because frozen indices have been deprecated. Consider cold or frozen tiers in place of frozen indices."]
2023-08-04 12:58:17,768 INFO  [com.dot.ContainerResource] (docker-java-stream-1865446083) STDOUT: 12:58:17.768  WARN  client.RestClient - request [POST http://elasticsearch:9200/cluster_c40f8aa8c9.live_20230804125756/_search?typed_keys=true&max_concurrent_shard_requests=5&ignore_unavailable=false&expand_wildcards=open&allow_no_indices=true&ignore_throttled=true&search_type=query_then_fetch&batched_reduce_size=512&ccs_minimize_roundtrips=true] returned 2 warnings: [299 Elasticsearch-7.16.1-5b38441b16b1ebb16a27c107a4c3865776e20c53 "Elasticsearch built-in security features are not enabled. Without authentication, your cluster could be accessible to anyone. See https://www.elastic.co/guide/en/elasticsearch/reference/7.16/security-minimal-setup.html to enable security."],[299 Elasticsearch-7.16.1-5b38441b16b1ebb16a27c107a4c3865776e20c53 "[ignore_throttled] parameter is deprecated because frozen indices have been deprecated. Consider cold or frozen tiers in place of frozen indices."]
2023-08-04 12:58:17,775 INFO  [com.dot.ContainerResource] (docker-java-stream-1865446083) STDOUT: 12:58:17.775  WARN  client.RestClient - request [POST http://elasticsearch:9200/cluster_c40f8aa8c9.live_20230804125756/_search?typed_keys=true&max_concurrent_shard_requests=5&ignore_unavailable=false&expand_wildcards=open&allow_no_indices=true&ignore_throttled=true&search_type=query_then_fetch&batched_reduce_size=512&ccs_minimize_roundtrips=true] returned 2 warnings: [299 Elasticsearch-7.16.1-5b38441b16b1ebb16a27c107a4c3865776e20c53 "Elasticsearch built-in security features are not enabled. Without authentication, your cluster could be accessible to anyone. See https://www.elastic.co/guide/en/elasticsearch/reference/7.16/security-minimal-setup.html to enable security."],[299 Elasticsearch-7.16.1-5b38441b16b1ebb16a27c107a4c3865776e20c53 "[ignore_throttled] parameter is deprecated because frozen indices have been deprecated. Consider cold or frozen tiers in place of frozen indices."]
2023-08-04 12:58:17,784 INFO  [com.dot.ContainerResource] (docker-java-stream-1865446083) STDOUT: 12:58:17.783  WARN  client.RestClient - request [POST http://elasticsearch:9200/cluster_c40f8aa8c9.live_20230804125756/_search?typed_keys=true&max_concurrent_shard_requests=5&ignore_unavailable=false&expand_wildcards=open&allow_no_indices=true&ignore_throttled=true&search_type=query_then_fetch&batched_reduce_size=512&ccs_minimize_roundtrips=true] returned 2 warnings: [299 Elasticsearch-7.16.1-5b38441b16b1ebb16a27c107a4c3865776e20c53 "Elasticsearch built-in security features are not enabled. Without authentication, your cluster could be accessible to anyone. See https://www.elastic.co/guide/en/elasticsearch/reference/7.16/security-minimal-setup.html to enable security."],[299 Elasticsearch-7.16.1-5b38441b16b1ebb16a27c107a4c3865776e20c53 "[ignore_throttled] parameter is deprecated because frozen indices have been deprecated. Consider cold or frozen tiers in place of frozen indices."]
2023-08-04 12:58:17,792 INFO  [com.dot.ContainerResource] (docker-java-stream-1865446083) STDOUT: 12:58:17.792  WARN  client.RestClient - request [POST http://elasticsearch:9200/cluster_c40f8aa8c9.live_20230804125756/_search?typed_keys=true&max_concurrent_shard_requests=5&ignore_unavailable=false&expand_wildcards=open&allow_no_indices=true&ignore_throttled=true&search_type=query_then_fetch&batched_reduce_size=512&ccs_minimize_roundtrips=true] returned 2 warnings: [299 Elasticsearch-7.16.1-5b38441b16b1ebb16a27c107a4c3865776e20c53 "Elasticsearch built-in security features are not enabled. Without authentication, your cluster could be accessible to anyone. See https://www.elastic.co/guide/en/elasticsearch/reference/7.16/security-minimal-setup.html to enable security."],[299 Elasticsearch-7.16.1-5b38441b16b1ebb16a27c107a4c3865776e20c53 "[ignore_throttled] parameter is deprecated because frozen indices have been deprecated. Consider cold or frozen tiers in place of frozen indices."]
2023-08-04 12:58:17,802 INFO  [com.dot.ContainerResource] (docker-java-stream-1865446083) STDOUT: 12:58:17.801  WARN  client.RestClient - request [POST http://elasticsearch:9200/cluster_c40f8aa8c9.live_20230804125756/_search?typed_keys=true&max_concurrent_shard_requests=5&ignore_unavailable=false&expand_wildcards=open&allow_no_indices=true&ignore_throttled=true&search_type=query_then_fetch&batched_reduce_size=512&ccs_minimize_roundtrips=true] returned 2 warnings: [299 Elasticsearch-7.16.1-5b38441b16b1ebb16a27c107a4c3865776e20c53 "Elasticsearch built-in security features are not enabled. Without authentication, your cluster could be accessible to anyone. See https://www.elastic.co/guide/en/elasticsearch/reference/7.16/security-minimal-setup.html to enable security."],[299 Elasticsearch-7.16.1-5b38441b16b1ebb16a27c107a4c3865776e20c53 "[ignore_throttled] parameter is deprecated because frozen indices have been deprecated. Consider cold or frozen tiers in place of frozen indices."]
2023-08-04 12:58:17,811 INFO  [com.dot.ContainerResource] (docker-java-stream-1865446083) STDOUT: 12:58:17.810  WARN  client.RestClient - request [POST http://elasticsearch:9200/cluster_c40f8aa8c9.live_20230804125756/_search?typed_keys=true&max_concurrent_shard_requests=5&ignore_unavailable=false&expand_wildcards=open&allow_no_indices=true&ignore_throttled=true&search_type=query_then_fetch&batched_reduce_size=512&ccs_minimize_roundtrips=true] returned 2 warnings: [299 Elasticsearch-7.16.1-5b38441b16b1ebb16a27c107a4c3865776e20c53 "Elasticsearch built-in security features are not enabled. Without authentication, your cluster could be accessible to anyone. See https://www.elastic.co/guide/en/elasticsearch/reference/7.16/security-minimal-setup.html to enable security."],[299 Elasticsearch-7.16.1-5b38441b16b1ebb16a27c107a4c3865776e20c53 "[ignore_throttled] parameter is deprecated because frozen indices have been deprecated. Consider cold or frozen tiers in place of frozen indices."]
2023-08-04 12:58:17,817 INFO  [com.dot.ContainerResource] (docker-java-stream-1865446083) STDOUT: 12:58:17.817  WARN  client.RestClient - request [POST http://elasticsearch:9200/cluster_c40f8aa8c9.live_20230804125756/_search?typed_keys=true&max_concurrent_shard_requests=5&ignore_unavailable=false&expand_wildcards=open&allow_no_indices=true&ignore_throttled=true&search_type=query_then_fetch&batched_reduce_size=512&ccs_minimize_roundtrips=true] returned 2 warnings: [299 Elasticsearch-7.16.1-5b38441b16b1ebb16a27c107a4c3865776e20c53 "Elasticsearch built-in security features are not enabled. Without authentication, your cluster could be accessible to anyone. See https://www.elastic.co/guide/en/elasticsearch/reference/7.16/security-minimal-setup.html to enable security."],[299 Elasticsearch-7.16.1-5b38441b16b1ebb16a27c107a4c3865776e20c53 "[ignore_throttled] parameter is deprecated because frozen indices have been deprecated. Consider cold or frozen tiers in place of frozen indices."]
2023-08-04 12:58:17,829 INFO  [com.dot.ContainerResource] (docker-java-stream-1865446083) STDOUT: 12:58:17.828  WARN  client.RestClient - request [POST http://elasticsearch:9200/cluster_c40f8aa8c9.live_20230804125756/_search?typed_keys=true&max_concurrent_shard_requests=5&ignore_unavailable=false&expand_wildcards=open&allow_no_indices=true&ignore_throttled=true&search_type=query_then_fetch&batched_reduce_size=512&ccs_minimize_roundtrips=true] returned 2 warnings: [299 Elasticsearch-7.16.1-5b38441b16b1ebb16a27c107a4c3865776e20c53 "Elasticsearch built-in security features are not enabled. Without authentication, your cluster could be accessible to anyone. See https://www.elastic.co/guide/en/elasticsearch/reference/7.16/security-minimal-setup.html to enable security."],[299 Elasticsearch-7.16.1-5b38441b16b1ebb16a27c107a4c3865776e20c53 "[ignore_throttled] parameter is deprecated because frozen indices have been deprecated. Consider cold or frozen tiers in place of frozen indices."]
2023-08-04 12:58:17,834 INFO  [com.dot.ContainerResource] (docker-java-stream-1865446083) STDOUT: 12:58:17.833  WARN  client.RestClient - request [POST http://elasticsearch:9200/cluster_c40f8aa8c9.live_20230804125756/_search?typed_keys=true&max_concurrent_shard_requests=5&ignore_unavailable=false&expand_wildcards=open&allow_no_indices=true&ignore_throttled=true&search_type=query_then_fetch&batched_reduce_size=512&ccs_minimize_roundtrips=true] returned 2 warnings: [299 Elasticsearch-7.16.1-5b38441b16b1ebb16a27c107a4c3865776e20c53 "Elasticsearch built-in security features are not enabled. Without authentication, your cluster could be accessible to anyone. See https://www.elastic.co/guide/en/elasticsearch/reference/7.16/security-minimal-setup.html to enable security."],[299 Elasticsearch-7.16.1-5b38441b16b1ebb16a27c107a4c3865776e20c53 "[ignore_throttled] parameter is deprecated because frozen indices have been deprecated. Consider cold or frozen tiers in place of frozen indices."]
2023-08-04 12:58:17,843 INFO  [com.dot.ContainerResource] (docker-java-stream-1865446083) STDOUT: 12:58:17.842  WARN  client.RestClient - request [POST http://elasticsearch:9200/cluster_c40f8aa8c9.live_20230804125756/_search?typed_keys=true&max_concurrent_shard_requests=5&ignore_unavailable=false&expand_wildcards=open&allow_no_indices=true&ignore_throttled=true&search_type=query_then_fetch&batched_reduce_size=512&ccs_minimize_roundtrips=true] returned 2 warnings: [299 Elasticsearch-7.16.1-5b38441b16b1ebb16a27c107a4c3865776e20c53 "Elasticsearch built-in security features are not enabled. Without authentication, your cluster could be accessible to anyone. See https://www.elastic.co/guide/en/elasticsearch/reference/7.16/security-minimal-setup.html to enable security."],[299 Elasticsearch-7.16.1-5b38441b16b1ebb16a27c107a4c3865776e20c53 "[ignore_throttled] parameter is deprecated because frozen indices have been deprecated. Consider cold or frozen tiers in place of frozen indices."]
2023-08-04 12:58:17,849 INFO  [com.dot.ContainerResource] (docker-java-stream-1865446083) STDOUT: 12:58:17.848  WARN  client.RestClient - request [POST http://elasticsearch:9200/cluster_c40f8aa8c9.live_20230804125756/_search?typed_keys=true&max_concurrent_shard_requests=5&ignore_unavailable=false&expand_wildcards=open&allow_no_indices=true&ignore_throttled=true&search_type=query_then_fetch&batched_reduce_size=512&ccs_minimize_roundtrips=true] returned 2 warnings: [299 Elasticsearch-7.16.1-5b38441b16b1ebb16a27c107a4c3865776e20c53 "Elasticsearch built-in security features are not enabled. Without authentication, your cluster could be accessible to anyone. See https://www.elastic.co/guide/en/elasticsearch/reference/7.16/security-minimal-setup.html to enable security."],[299 Elasticsearch-7.16.1-5b38441b16b1ebb16a27c107a4c3865776e20c53 "[ignore_throttled] parameter is deprecated because frozen indices have been deprecated. Consider cold or frozen tiers in place of frozen indices."]
2023-08-04 12:58:17,861 INFO  [com.dot.ContainerResource] (docker-java-stream-1865446083) STDOUT: 12:58:17.860  WARN  client.RestClient - request [POST http://elasticsearch:9200/cluster_c40f8aa8c9.live_20230804125756/_search?typed_keys=true&max_concurrent_shard_requests=5&ignore_unavailable=false&expand_wildcards=open&allow_no_indices=true&ignore_throttled=true&search_type=query_then_fetch&batched_reduce_size=512&ccs_minimize_roundtrips=true] returned 2 warnings: [299 Elasticsearch-7.16.1-5b38441b16b1ebb16a27c107a4c3865776e20c53 "Elasticsearch built-in security features are not enabled. Without authentication, your cluster could be accessible to anyone. See https://www.elastic.co/guide/en/elasticsearch/reference/7.16/security-minimal-setup.html to enable security."],[299 Elasticsearch-7.16.1-5b38441b16b1ebb16a27c107a4c3865776e20c53 "[ignore_throttled] parameter is deprecated because frozen indices have been deprecated. Consider cold or frozen tiers in place of frozen indices."]
2023-08-04 12:58:17,871 INFO  [com.dot.ContainerResource] (docker-java-stream-1865446083) STDOUT: 12:58:17.871  WARN  client.RestClient - request [POST http://elasticsearch:9200/cluster_c40f8aa8c9.live_20230804125756/_search?typed_keys=true&max_concurrent_shard_requests=5&ignore_unavailable=false&expand_wildcards=open&allow_no_indices=true&ignore_throttled=true&search_type=query_then_fetch&batched_reduce_size=512&ccs_minimize_roundtrips=true] returned 2 warnings: [299 Elasticsearch-7.16.1-5b38441b16b1ebb16a27c107a4c3865776e20c53 "Elasticsearch built-in security features are not enabled. Without authentication, your cluster could be accessible to anyone. See https://www.elastic.co/guide/en/elasticsearch/reference/7.16/security-minimal-setup.html to enable security."],[299 Elasticsearch-7.16.1-5b38441b16b1ebb16a27c107a4c3865776e20c53 "[ignore_throttled] parameter is deprecated because frozen indices have been deprecated. Consider cold or frozen tiers in place of frozen indices."]
2023-08-04 12:58:17,876 INFO  [com.dot.ContainerResource] (docker-java-stream-1865446083) STDOUT: 12:58:17.876  WARN  client.RestClient - request [POST http://elasticsearch:9200/cluster_c40f8aa8c9.live_20230804125756/_search?typed_keys=true&max_concurrent_shard_requests=5&ignore_unavailable=false&expand_wildcards=open&allow_no_indices=true&ignore_throttled=true&search_type=query_then_fetch&batched_reduce_size=512&ccs_minimize_roundtrips=true] returned 2 warnings: [299 Elasticsearch-7.16.1-5b38441b16b1ebb16a27c107a4c3865776e20c53 "Elasticsearch built-in security features are not enabled. Without authentication, your cluster could be accessible to anyone. See https://www.elastic.co/guide/en/elasticsearch/reference/7.16/security-minimal-setup.html to enable security."],[299 Elasticsearch-7.16.1-5b38441b16b1ebb16a27c107a4c3865776e20c53 "[ignore_throttled] parameter is deprecated because frozen indices have been deprecated. Consider cold or frozen tiers in place of frozen indices."]
2023-08-04 12:58:17,882 INFO  [com.dot.ContainerResource] (docker-java-stream-1865446083) STDOUT: 12:58:17.882  WARN  client.RestClient - request [POST http://elasticsearch:9200/cluster_c40f8aa8c9.live_20230804125756/_search?typed_keys=true&max_concurrent_shard_requests=5&ignore_unavailable=false&expand_wildcards=open&allow_no_indices=true&ignore_throttled=true&search_type=query_then_fetch&batched_reduce_size=512&ccs_minimize_roundtrips=true] returned 2 warnings: [299 Elasticsearch-7.16.1-5b38441b16b1ebb16a27c107a4c3865776e20c53 "Elasticsearch built-in security features are not enabled. Without authentication, your cluster could be accessible to anyone. See https://www.elastic.co/guide/en/elasticsearch/reference/7.16/security-minimal-setup.html to enable security."],[299 Elasticsearch-7.16.1-5b38441b16b1ebb16a27c107a4c3865776e20c53 "[ignore_throttled] parameter is deprecated because frozen indices have been deprecated. Consider cold or frozen tiers in place of frozen indices."]
2023-08-04 12:58:17,888 INFO  [com.dot.ContainerResource] (docker-java-stream-1865446083) STDOUT: 12:58:17.887  WARN  client.RestClient - request [POST http://elasticsearch:9200/cluster_c40f8aa8c9.live_20230804125756/_search?typed_keys=true&max_concurrent_shard_requests=5&ignore_unavailable=false&expand_wildcards=open&allow_no_indices=true&ignore_throttled=true&search_type=query_then_fetch&batched_reduce_size=512&ccs_minimize_roundtrips=true] returned 2 warnings: [299 Elasticsearch-7.16.1-5b38441b16b1ebb16a27c107a4c3865776e20c53 "Elasticsearch built-in security features are not enabled. Without authentication, your cluster could be accessible to anyone. See https://www.elastic.co/guide/en/elasticsearch/reference/7.16/security-minimal-setup.html to enable security."],[299 Elasticsearch-7.16.1-5b38441b16b1ebb16a27c107a4c3865776e20c53 "[ignore_throttled] parameter is deprecated because frozen indices have been deprecated. Consider cold or frozen tiers in place of frozen indices."]
2023-08-04 12:58:17,893 INFO  [com.dot.ContainerResource] (docker-java-stream-1865446083) STDOUT: 12:58:17.893  WARN  client.RestClient - request [POST http://elasticsearch:9200/cluster_c40f8aa8c9.live_20230804125756/_search?typed_keys=true&max_concurrent_shard_requests=5&ignore_unavailable=false&expand_wildcards=open&allow_no_indices=true&ignore_throttled=true&search_type=query_then_fetch&batched_reduce_size=512&ccs_minimize_roundtrips=true] returned 2 warnings: [299 Elasticsearch-7.16.1-5b38441b16b1ebb16a27c107a4c3865776e20c53 "Elasticsearch built-in security features are not enabled. Without authentication, your cluster could be accessible to anyone. See https://www.elastic.co/guide/en/elasticsearch/reference/7.16/security-minimal-setup.html to enable security."],[299 Elasticsearch-7.16.1-5b38441b16b1ebb16a27c107a4c3865776e20c53 "[ignore_throttled] parameter is deprecated because frozen indices have been deprecated. Consider cold or frozen tiers in place of frozen indices."]
2023-08-04 12:58:17,899 INFO  [com.dot.ContainerResource] (docker-java-stream-1865446083) STDOUT: 12:58:17.899  WARN  client.RestClient - request [POST http://elasticsearch:9200/cluster_c40f8aa8c9.live_20230804125756/_search?typed_keys=true&max_concurrent_shard_requests=5&ignore_unavailable=false&expand_wildcards=open&allow_no_indices=true&ignore_throttled=true&search_type=query_then_fetch&batched_reduce_size=512&ccs_minimize_roundtrips=true] returned 2 warnings: [299 Elasticsearch-7.16.1-5b38441b16b1ebb16a27c107a4c3865776e20c53 "Elasticsearch built-in security features are not enabled. Without authentication, your cluster could be accessible to anyone. See https://www.elastic.co/guide/en/elasticsearch/reference/7.16/security-minimal-setup.html to enable security."],[299 Elasticsearch-7.16.1-5b38441b16b1ebb16a27c107a4c3865776e20c53 "[ignore_throttled] parameter is deprecated because frozen indices have been deprecated. Consider cold or frozen tiers in place of frozen indices."]
2023-08-04 12:58:17,904 INFO  [com.dot.ContainerResource] (docker-java-stream-1865446083) STDOUT: 12:58:17.904  WARN  client.RestClient - request [POST http://elasticsearch:9200/cluster_c40f8aa8c9.live_20230804125756/_search?typed_keys=true&max_concurrent_shard_requests=5&ignore_unavailable=false&expand_wildcards=open&allow_no_indices=true&ignore_throttled=true&search_type=query_then_fetch&batched_reduce_size=512&ccs_minimize_roundtrips=true] returned 2 warnings: [299 Elasticsearch-7.16.1-5b38441b16b1ebb16a27c107a4c3865776e20c53 "Elasticsearch built-in security features are not enabled. Without authentication, your cluster could be accessible to anyone. See https://www.elastic.co/guide/en/elasticsearch/reference/7.16/security-minimal-setup.html to enable security."],[299 Elasticsearch-7.16.1-5b38441b16b1ebb16a27c107a4c3865776e20c53 "[ignore_throttled] parameter is deprecated because frozen indices have been deprecated. Consider cold or frozen tiers in place of frozen indices."]
2023-08-04 12:58:17,910 INFO  [com.dot.ContainerResource] (docker-java-stream-1865446083) STDOUT: 12:58:17.910  WARN  client.RestClient - request [POST http://elasticsearch:9200/cluster_c40f8aa8c9.live_20230804125756/_search?typed_keys=true&max_concurrent_shard_requests=5&ignore_unavailable=false&expand_wildcards=open&allow_no_indices=true&ignore_throttled=true&search_type=query_then_fetch&batched_reduce_size=512&ccs_minimize_roundtrips=true] returned 2 warnings: [299 Elasticsearch-7.16.1-5b38441b16b1ebb16a27c107a4c3865776e20c53 "Elasticsearch built-in security features are not enabled. Without authentication, your cluster could be accessible to anyone. See https://www.elastic.co/guide/en/elasticsearch/reference/7.16/security-minimal-setup.html to enable security."],[299 Elasticsearch-7.16.1-5b38441b16b1ebb16a27c107a4c3865776e20c53 "[ignore_throttled] parameter is deprecated because frozen indices have been deprecated. Consider cold or frozen tiers in place of frozen indices."]
2023-08-04 12:58:17,916 INFO  [com.dot.ContainerResource] (docker-java-stream-1865446083) STDOUT: 12:58:17.915  WARN  client.RestClient - request [POST http://elasticsearch:9200/cluster_c40f8aa8c9.live_20230804125756/_search?typed_keys=true&max_concurrent_shard_requests=5&ignore_unavailable=false&expand_wildcards=open&allow_no_indices=true&ignore_throttled=true&search_type=query_then_fetch&batched_reduce_size=512&ccs_minimize_roundtrips=true] returned 2 warnings: [299 Elasticsearch-7.16.1-5b38441b16b1ebb16a27c107a4c3865776e20c53 "Elasticsearch built-in security features are not enabled. Without authentication, your cluster could be accessible to anyone. See https://www.elastic.co/guide/en/elasticsearch/reference/7.16/security-minimal-setup.html to enable security."],[299 Elasticsearch-7.16.1-5b38441b16b1ebb16a27c107a4c3865776e20c53 "[ignore_throttled] parameter is deprecated because frozen indices have been deprecated. Consider cold or frozen tiers in place of frozen indices."]
2023-08-04 12:58:17,920 INFO  [com.dot.ContainerResource] (docker-java-stream-1865446083) STDOUT: 12:58:17.920  WARN  client.RestClient - request [POST http://elasticsearch:9200/cluster_c40f8aa8c9.live_20230804125756/_search?typed_keys=true&max_concurrent_shard_requests=5&ignore_unavailable=false&expand_wildcards=open&allow_no_indices=true&ignore_throttled=true&search_type=query_then_fetch&batched_reduce_size=512&ccs_minimize_roundtrips=true] returned 2 warnings: [299 Elasticsearch-7.16.1-5b38441b16b1ebb16a27c107a4c3865776e20c53 "Elasticsearch built-in security features are not enabled. Without authentication, your cluster could be accessible to anyone. See https://www.elastic.co/guide/en/elasticsearch/reference/7.16/security-minimal-setup.html to enable security."],[299 Elasticsearch-7.16.1-5b38441b16b1ebb16a27c107a4c3865776e20c53 "[ignore_throttled] parameter is deprecated because frozen indices have been deprecated. Consider cold or frozen tiers in place of frozen indices."]
2023-08-04 12:58:17,926 INFO  [com.dot.ContainerResource] (docker-java-stream-1865446083) STDOUT: 12:58:17.925  WARN  client.RestClient - request [POST http://elasticsearch:9200/cluster_c40f8aa8c9.live_20230804125756/_search?typed_keys=true&max_concurrent_shard_requests=5&ignore_unavailable=false&expand_wildcards=open&allow_no_indices=true&ignore_throttled=true&search_type=query_then_fetch&batched_reduce_size=512&ccs_minimize_roundtrips=true] returned 2 warnings: [299 Elasticsearch-7.16.1-5b38441b16b1ebb16a27c107a4c3865776e20c53 "Elasticsearch built-in security features are not enabled. Without authentication, your cluster could be accessible to anyone. See https://www.elastic.co/guide/en/elasticsearch/reference/7.16/security-minimal-setup.html to enable security."],[299 Elasticsearch-7.16.1-5b38441b16b1ebb16a27c107a4c3865776e20c53 "[ignore_throttled] parameter is deprecated because frozen indices have been deprecated. Consider cold or frozen tiers in place of frozen indices."]
2023-08-04 12:58:17,932 INFO  [com.dot.ContainerResource] (docker-java-stream-1865446083) STDOUT: 12:58:17.932  WARN  client.RestClient - request [POST http://elasticsearch:9200/cluster_c40f8aa8c9.live_20230804125756/_search?typed_keys=true&max_concurrent_shard_requests=5&ignore_unavailable=false&expand_wildcards=open&allow_no_indices=true&ignore_throttled=true&search_type=query_then_fetch&batched_reduce_size=512&ccs_minimize_roundtrips=true] returned 2 warnings: [299 Elasticsearch-7.16.1-5b38441b16b1ebb16a27c107a4c3865776e20c53 "Elasticsearch built-in security features are not enabled. Without authentication, your cluster could be accessible to anyone. See https://www.elastic.co/guide/en/elasticsearch/reference/7.16/security-minimal-setup.html to enable security."],[299 Elasticsearch-7.16.1-5b38441b16b1ebb16a27c107a4c3865776e20c53 "[ignore_throttled] parameter is deprecated because frozen indices have been deprecated. Consider cold or frozen tiers in place of frozen indices."]
2023-08-04 12:58:17,939 INFO  [com.dot.ContainerResource] (docker-java-stream-1865446083) STDOUT: 12:58:17.938  WARN  client.RestClient - request [POST http://elasticsearch:9200/cluster_c40f8aa8c9.live_20230804125756/_search?typed_keys=true&max_concurrent_shard_requests=5&ignore_unavailable=false&expand_wildcards=open&allow_no_indices=true&ignore_throttled=true&search_type=query_then_fetch&batched_reduce_size=512&ccs_minimize_roundtrips=true] returned 2 warnings: [299 Elasticsearch-7.16.1-5b38441b16b1ebb16a27c107a4c3865776e20c53 "Elasticsearch built-in security features are not enabled. Without authentication, your cluster could be accessible to anyone. See https://www.elastic.co/guide/en/elasticsearch/reference/7.16/security-minimal-setup.html to enable security."],[299 Elasticsearch-7.16.1-5b38441b16b1ebb16a27c107a4c3865776e20c53 "[ignore_throttled] parameter is deprecated because frozen indices have been deprecated. Consider cold or frozen tiers in place of frozen indices."]
2023-08-04 12:58:17,943 INFO  [com.dot.ContainerResource] (docker-java-stream-1865446083) STDOUT: 12:58:17.943  WARN  client.RestClient - request [POST http://elasticsearch:9200/cluster_c40f8aa8c9.live_20230804125756/_search?typed_keys=true&max_concurrent_shard_requests=5&ignore_unavailable=false&expand_wildcards=open&allow_no_indices=true&ignore_throttled=true&search_type=query_then_fetch&batched_reduce_size=512&ccs_minimize_roundtrips=true] returned 2 warnings: [299 Elasticsearch-7.16.1-5b38441b16b1ebb16a27c107a4c3865776e20c53 "Elasticsearch built-in security features are not enabled. Without authentication, your cluster could be accessible to anyone. See https://www.elastic.co/guide/en/elasticsearch/reference/7.16/security-minimal-setup.html to enable security."],[299 Elasticsearch-7.16.1-5b38441b16b1ebb16a27c107a4c3865776e20c53 "[ignore_throttled] parameter is deprecated because frozen indices have been deprecated. Consider cold or frozen tiers in place of frozen indices."]
2023-08-04 12:58:17,947 INFO  [com.dot.ContainerResource] (docker-java-stream-1865446083) STDOUT: 12:58:17.947  WARN  client.RestClient - request [POST http://elasticsearch:9200/cluster_c40f8aa8c9.live_20230804125756/_search?typed_keys=true&max_concurrent_shard_requests=5&ignore_unavailable=false&expand_wildcards=open&allow_no_indices=true&ignore_throttled=true&search_type=query_then_fetch&batched_reduce_size=512&ccs_minimize_roundtrips=true] returned 2 warnings: [299 Elasticsearch-7.16.1-5b38441b16b1ebb16a27c107a4c3865776e20c53 "Elasticsearch built-in security features are not enabled. Without authentication, your cluster could be accessible to anyone. See https://www.elastic.co/guide/en/elasticsearch/reference/7.16/security-minimal-setup.html to enable security."],[299 Elasticsearch-7.16.1-5b38441b16b1ebb16a27c107a4c3865776e20c53 "[ignore_throttled] parameter is deprecated because frozen indices have been deprecated. Consider cold or frozen tiers in place of frozen indices."]
2023-08-04 12:58:17,951 INFO  [com.dot.ContainerResource] (docker-java-stream-1865446083) STDOUT: 12:58:17.951  WARN  client.RestClient - request [POST http://elasticsearch:9200/cluster_c40f8aa8c9.live_20230804125756/_search?typed_keys=true&max_concurrent_shard_requests=5&ignore_unavailable=false&expand_wildcards=open&allow_no_indices=true&ignore_throttled=true&search_type=query_then_fetch&batched_reduce_size=512&ccs_minimize_roundtrips=true] returned 2 warnings: [299 Elasticsearch-7.16.1-5b38441b16b1ebb16a27c107a4c3865776e20c53 "Elasticsearch built-in security features are not enabled. Without authentication, your cluster could be accessible to anyone. See https://www.elastic.co/guide/en/elasticsearch/reference/7.16/security-minimal-setup.html to enable security."],[299 Elasticsearch-7.16.1-5b38441b16b1ebb16a27c107a4c3865776e20c53 "[ignore_throttled] parameter is deprecated because frozen indices have been deprecated. Consider cold or frozen tiers in place of frozen indices."]
2023-08-04 12:58:17,964 INFO  [com.dot.ContainerResource] (docker-java-stream-1865446083) STDOUT: 12:58:17.964  WARN  client.RestClient - request [POST http://elasticsearch:9200/cluster_c40f8aa8c9.live_20230804125756/_search?typed_keys=true&max_concurrent_shard_requests=5&ignore_unavailable=false&expand_wildcards=open&allow_no_indices=true&ignore_throttled=true&search_type=query_then_fetch&batched_reduce_size=512&ccs_minimize_roundtrips=true] returned 2 warnings: [299 Elasticsearch-7.16.1-5b38441b16b1ebb16a27c107a4c3865776e20c53 "Elasticsearch built-in security features are not enabled. Without authentication, your cluster could be accessible to anyone. See https://www.elastic.co/guide/en/elasticsearch/reference/7.16/security-minimal-setup.html to enable security."],[299 Elasticsearch-7.16.1-5b38441b16b1ebb16a27c107a4c3865776e20c53 "[ignore_throttled] parameter is deprecated because frozen indices have been deprecated. Consider cold or frozen tiers in place of frozen indices."]
2023-08-04 12:58:17,970 INFO  [com.dot.ContainerResource] (docker-java-stream-1865446083) STDOUT: 12:58:17.970  WARN  client.RestClient - request [POST http://elasticsearch:9200/cluster_c40f8aa8c9.live_20230804125756/_search?typed_keys=true&max_concurrent_shard_requests=5&ignore_unavailable=false&expand_wildcards=open&allow_no_indices=true&ignore_throttled=true&search_type=query_then_fetch&batched_reduce_size=512&ccs_minimize_roundtrips=true] returned 2 warnings: [299 Elasticsearch-7.16.1-5b38441b16b1ebb16a27c107a4c3865776e20c53 "Elasticsearch built-in security features are not enabled. Without authentication, your cluster could be accessible to anyone. See https://www.elastic.co/guide/en/elasticsearch/reference/7.16/security-minimal-setup.html to enable security."],[299 Elasticsearch-7.16.1-5b38441b16b1ebb16a27c107a4c3865776e20c53 "[ignore_throttled] parameter is deprecated because frozen indices have been deprecated. Consider cold or frozen tiers in place of frozen indices."]
2023-08-04 12:58:17,980 INFO  [com.dot.ContainerResource] (docker-java-stream-1865446083) STDOUT: 12:58:17.980  WARN  client.RestClient - request [POST http://elasticsearch:9200/cluster_c40f8aa8c9.live_20230804125756/_search?typed_keys=true&max_concurrent_shard_requests=5&ignore_unavailable=false&expand_wildcards=open&allow_no_indices=true&ignore_throttled=true&search_type=query_then_fetch&batched_reduce_size=512&ccs_minimize_roundtrips=true] returned 2 warnings: [299 Elasticsearch-7.16.1-5b38441b16b1ebb16a27c107a4c3865776e20c53 "Elasticsearch built-in security features are not enabled. Without authentication, your cluster could be accessible to anyone. See https://www.elastic.co/guide/en/elasticsearch/reference/7.16/security-minimal-setup.html to enable security."],[299 Elasticsearch-7.16.1-5b38441b16b1ebb16a27c107a4c3865776e20c53 "[ignore_throttled] parameter is deprecated because frozen indices have been deprecated. Consider cold or frozen tiers in place of frozen indices."]
2023-08-04 12:58:17,985 INFO  [com.dot.ContainerResource] (docker-java-stream-1865446083) STDOUT: 12:58:17.985  WARN  client.RestClient - request [POST http://elasticsearch:9200/cluster_c40f8aa8c9.live_20230804125756/_search?typed_keys=true&max_concurrent_shard_requests=5&ignore_unavailable=false&expand_wildcards=open&allow_no_indices=true&ignore_throttled=true&search_type=query_then_fetch&batched_reduce_size=512&ccs_minimize_roundtrips=true] returned 2 warnings: [299 Elasticsearch-7.16.1-5b38441b16b1ebb16a27c107a4c3865776e20c53 "Elasticsearch built-in security features are not enabled. Without authentication, your cluster could be accessible to anyone. See https://www.elastic.co/guide/en/elasticsearch/reference/7.16/security-minimal-setup.html to enable security."],[299 Elasticsearch-7.16.1-5b38441b16b1ebb16a27c107a4c3865776e20c53 "[ignore_throttled] parameter is deprecated because frozen indices have been deprecated. Consider cold or frozen tiers in place of frozen indices."]
2023-08-04 12:58:17,990 INFO  [com.dot.ContainerResource] (docker-java-stream-1865446083) STDOUT: 12:58:17.990  WARN  client.RestClient - request [POST http://elasticsearch:9200/cluster_c40f8aa8c9.live_20230804125756/_search?typed_keys=true&max_concurrent_shard_requests=5&ignore_unavailable=false&expand_wildcards=open&allow_no_indices=true&ignore_throttled=true&search_type=query_then_fetch&batched_reduce_size=512&ccs_minimize_roundtrips=true] returned 2 warnings: [299 Elasticsearch-7.16.1-5b38441b16b1ebb16a27c107a4c3865776e20c53 "Elasticsearch built-in security features are not enabled. Without authentication, your cluster could be accessible to anyone. See https://www.elastic.co/guide/en/elasticsearch/reference/7.16/security-minimal-setup.html to enable security."],[299 Elasticsearch-7.16.1-5b38441b16b1ebb16a27c107a4c3865776e20c53 "[ignore_throttled] parameter is deprecated because frozen indices have been deprecated. Consider cold or frozen tiers in place of frozen indices."]
2023-08-04 12:58:17,995 INFO  [com.dot.ContainerResource] (docker-java-stream-1865446083) STDOUT: 12:58:17.995  WARN  client.RestClient - request [POST http://elasticsearch:9200/cluster_c40f8aa8c9.live_20230804125756/_search?typed_keys=true&max_concurrent_shard_requests=5&ignore_unavailable=false&expand_wildcards=open&allow_no_indices=true&ignore_throttled=true&search_type=query_then_fetch&batched_reduce_size=512&ccs_minimize_roundtrips=true] returned 2 warnings: [299 Elasticsearch-7.16.1-5b38441b16b1ebb16a27c107a4c3865776e20c53 "Elasticsearch built-in security features are not enabled. Without authentication, your cluster could be accessible to anyone. See https://www.elastic.co/guide/en/elasticsearch/reference/7.16/security-minimal-setup.html to enable security."],[299 Elasticsearch-7.16.1-5b38441b16b1ebb16a27c107a4c3865776e20c53 "[ignore_throttled] parameter is deprecated because frozen indices have been deprecated. Consider cold or frozen tiers in place of frozen indices."]
2023-08-04 12:58:18,002 INFO  [com.dot.ContainerResource] (docker-java-stream-1865446083) STDOUT: 12:58:18.001  WARN  client.RestClient - request [POST http://elasticsearch:9200/cluster_c40f8aa8c9.live_20230804125756/_search?typed_keys=true&max_concurrent_shard_requests=5&ignore_unavailable=false&expand_wildcards=open&allow_no_indices=true&ignore_throttled=true&search_type=query_then_fetch&batched_reduce_size=512&ccs_minimize_roundtrips=true] returned 2 warnings: [299 Elasticsearch-7.16.1-5b38441b16b1ebb16a27c107a4c3865776e20c53 "Elasticsearch built-in security features are not enabled. Without authentication, your cluster could be accessible to anyone. See https://www.elastic.co/guide/en/elasticsearch/reference/7.16/security-minimal-setup.html to enable security."],[299 Elasticsearch-7.16.1-5b38441b16b1ebb16a27c107a4c3865776e20c53 "[ignore_throttled] parameter is deprecated because frozen indices have been deprecated. Consider cold or frozen tiers in place of frozen indices."]
2023-08-04 12:58:18,010 INFO  [com.dot.ContainerResource] (docker-java-stream-1865446083) STDOUT: 12:58:18.010  WARN  client.RestClient - request [POST http://elasticsearch:9200/cluster_c40f8aa8c9.live_20230804125756/_search?typed_keys=true&max_concurrent_shard_requests=5&ignore_unavailable=false&expand_wildcards=open&allow_no_indices=true&ignore_throttled=true&search_type=query_then_fetch&batched_reduce_size=512&ccs_minimize_roundtrips=true] returned 2 warnings: [299 Elasticsearch-7.16.1-5b38441b16b1ebb16a27c107a4c3865776e20c53 "Elasticsearch built-in security features are not enabled. Without authentication, your cluster could be accessible to anyone. See https://www.elastic.co/guide/en/elasticsearch/reference/7.16/security-minimal-setup.html to enable security."],[299 Elasticsearch-7.16.1-5b38441b16b1ebb16a27c107a4c3865776e20c53 "[ignore_throttled] parameter is deprecated because frozen indices have been deprecated. Consider cold or frozen tiers in place of frozen indices."]
2023-08-04 12:58:18,015 INFO  [com.dot.ContainerResource] (docker-java-stream-1865446083) STDOUT: 12:58:18.014  WARN  client.RestClient - request [POST http://elasticsearch:9200/cluster_c40f8aa8c9.live_20230804125756/_search?typed_keys=true&max_concurrent_shard_requests=5&ignore_unavailable=false&expand_wildcards=open&allow_no_indices=true&ignore_throttled=true&search_type=query_then_fetch&batched_reduce_size=512&ccs_minimize_roundtrips=true] returned 2 warnings: [299 Elasticsearch-7.16.1-5b38441b16b1ebb16a27c107a4c3865776e20c53 "Elasticsearch built-in security features are not enabled. Without authentication, your cluster could be accessible to anyone. See https://www.elastic.co/guide/en/elasticsearch/reference/7.16/security-minimal-setup.html to enable security."],[299 Elasticsearch-7.16.1-5b38441b16b1ebb16a27c107a4c3865776e20c53 "[ignore_throttled] parameter is deprecated because frozen indices have been deprecated. Consider cold or frozen tiers in place of frozen indices."]
2023-08-04 12:58:18,021 INFO  [com.dot.ContainerResource] (docker-java-stream-1865446083) STDOUT: 12:58:18.021  WARN  client.RestClient - request [POST http://elasticsearch:9200/cluster_c40f8aa8c9.live_20230804125756/_search?typed_keys=true&max_concurrent_shard_requests=5&ignore_unavailable=false&expand_wildcards=open&allow_no_indices=true&ignore_throttled=true&search_type=query_then_fetch&batched_reduce_size=512&ccs_minimize_roundtrips=true] returned 2 warnings: [299 Elasticsearch-7.16.1-5b38441b16b1ebb16a27c107a4c3865776e20c53 "Elasticsearch built-in security features are not enabled. Without authentication, your cluster could be accessible to anyone. See https://www.elastic.co/guide/en/elasticsearch/reference/7.16/security-minimal-setup.html to enable security."],[299 Elasticsearch-7.16.1-5b38441b16b1ebb16a27c107a4c3865776e20c53 "[ignore_throttled] parameter is deprecated because frozen indices have been deprecated. Consider cold or frozen tiers in place of frozen indices."]
2023-08-04 12:58:18,026 INFO  [com.dot.ContainerResource] (docker-java-stream-1865446083) STDOUT: 12:58:18.026  WARN  client.RestClient - request [POST http://elasticsearch:9200/cluster_c40f8aa8c9.live_20230804125756/_search?typed_keys=true&max_concurrent_shard_requests=5&ignore_unavailable=false&expand_wildcards=open&allow_no_indices=true&ignore_throttled=true&search_type=query_then_fetch&batched_reduce_size=512&ccs_minimize_roundtrips=true] returned 2 warnings: [299 Elasticsearch-7.16.1-5b38441b16b1ebb16a27c107a4c3865776e20c53 "Elasticsearch built-in security features are not enabled. Without authentication, your cluster could be accessible to anyone. See https://www.elastic.co/guide/en/elasticsearch/reference/7.16/security-minimal-setup.html to enable security."],[299 Elasticsearch-7.16.1-5b38441b16b1ebb16a27c107a4c3865776e20c53 "[ignore_throttled] parameter is deprecated because frozen indices have been deprecated. Consider cold or frozen tiers in place of frozen indices."]
2023-08-04 12:58:18,031 INFO  [com.dot.ContainerResource] (docker-java-stream-1865446083) STDOUT: 12:58:18.031  WARN  client.RestClient - request [POST http://elasticsearch:9200/cluster_c40f8aa8c9.live_20230804125756/_search?typed_keys=true&max_concurrent_shard_requests=5&ignore_unavailable=false&expand_wildcards=open&allow_no_indices=true&ignore_throttled=true&search_type=query_then_fetch&batched_reduce_size=512&ccs_minimize_roundtrips=true] returned 2 warnings: [299 Elasticsearch-7.16.1-5b38441b16b1ebb16a27c107a4c3865776e20c53 "Elasticsearch built-in security features are not enabled. Without authentication, your cluster could be accessible to anyone. See https://www.elastic.co/guide/en/elasticsearch/reference/7.16/security-minimal-setup.html to enable security."],[299 Elasticsearch-7.16.1-5b38441b16b1ebb16a27c107a4c3865776e20c53 "[ignore_throttled] parameter is deprecated because frozen indices have been deprecated. Consider cold or frozen tiers in place of frozen indices."]
2023-08-04 12:58:18,036 INFO  [com.dot.ContainerResource] (docker-java-stream-1865446083) STDOUT: 12:58:18.036  WARN  client.RestClient - request [POST http://elasticsearch:9200/cluster_c40f8aa8c9.live_20230804125756/_search?typed_keys=true&max_concurrent_shard_requests=5&ignore_unavailable=false&expand_wildcards=open&allow_no_indices=true&ignore_throttled=true&search_type=query_then_fetch&batched_reduce_size=512&ccs_minimize_roundtrips=true] returned 2 warnings: [299 Elasticsearch-7.16.1-5b38441b16b1ebb16a27c107a4c3865776e20c53 "Elasticsearch built-in security features are not enabled. Without authentication, your cluster could be accessible to anyone. See https://www.elastic.co/guide/en/elasticsearch/reference/7.16/security-minimal-setup.html to enable security."],[299 Elasticsearch-7.16.1-5b38441b16b1ebb16a27c107a4c3865776e20c53 "[ignore_throttled] parameter is deprecated because frozen indices have been deprecated. Consider cold or frozen tiers in place of frozen indices."]
2023-08-04 12:58:18,040 INFO  [com.dot.ContainerResource] (docker-java-stream-1865446083) STDOUT: 12:58:18.039  WARN  client.RestClient - request [POST http://elasticsearch:9200/cluster_c40f8aa8c9.live_20230804125756/_search?typed_keys=true&max_concurrent_shard_requests=5&ignore_unavailable=false&expand_wildcards=open&allow_no_indices=true&ignore_throttled=true&search_type=query_then_fetch&batched_reduce_size=512&ccs_minimize_roundtrips=true] returned 2 warnings: [299 Elasticsearch-7.16.1-5b38441b16b1ebb16a27c107a4c3865776e20c53 "Elasticsearch built-in security features are not enabled. Without authentication, your cluster could be accessible to anyone. See https://www.elastic.co/guide/en/elasticsearch/reference/7.16/security-minimal-setup.html to enable security."],[299 Elasticsearch-7.16.1-5b38441b16b1ebb16a27c107a4c3865776e20c53 "[ignore_throttled] parameter is deprecated because frozen indices have been deprecated. Consider cold or frozen tiers in place of frozen indices."]
2023-08-04 12:58:18,043 INFO  [com.dot.ContainerResource] (docker-java-stream-1865446083) STDOUT: 12:58:18.043  WARN  client.RestClient - request [POST http://elasticsearch:9200/cluster_c40f8aa8c9.live_20230804125756/_search?typed_keys=true&max_concurrent_shard_requests=5&ignore_unavailable=false&expand_wildcards=open&allow_no_indices=true&ignore_throttled=true&search_type=query_then_fetch&batched_reduce_size=512&ccs_minimize_roundtrips=true] returned 2 warnings: [299 Elasticsearch-7.16.1-5b38441b16b1ebb16a27c107a4c3865776e20c53 "Elasticsearch built-in security features are not enabled. Without authentication, your cluster could be accessible to anyone. See https://www.elastic.co/guide/en/elasticsearch/reference/7.16/security-minimal-setup.html to enable security."],[299 Elasticsearch-7.16.1-5b38441b16b1ebb16a27c107a4c3865776e20c53 "[ignore_throttled] parameter is deprecated because frozen indices have been deprecated. Consider cold or frozen tiers in place of frozen indices."]
2023-08-04 12:58:18,047 INFO  [com.dot.ContainerResource] (docker-java-stream-1865446083) STDOUT: 12:58:18.047  WARN  client.RestClient - request [POST http://elasticsearch:9200/cluster_c40f8aa8c9.live_20230804125756/_search?typed_keys=true&max_concurrent_shard_requests=5&ignore_unavailable=false&expand_wildcards=open&allow_no_indices=true&ignore_throttled=true&search_type=query_then_fetch&batched_reduce_size=512&ccs_minimize_roundtrips=true] returned 2 warnings: [299 Elasticsearch-7.16.1-5b38441b16b1ebb16a27c107a4c3865776e20c53 "Elasticsearch built-in security features are not enabled. Without authentication, your cluster could be accessible to anyone. See https://www.elastic.co/guide/en/elasticsearch/reference/7.16/security-minimal-setup.html to enable security."],[299 Elasticsearch-7.16.1-5b38441b16b1ebb16a27c107a4c3865776e20c53 "[ignore_throttled] parameter is deprecated because frozen indices have been deprecated. Consider cold or frozen tiers in place of frozen indices."]
2023-08-04 12:58:18,050 INFO  [com.dot.ContainerResource] (docker-java-stream-1865446083) STDOUT: 12:58:18.050  WARN  client.RestClient - request [POST http://elasticsearch:9200/cluster_c40f8aa8c9.live_20230804125756/_search?typed_keys=true&max_concurrent_shard_requests=5&ignore_unavailable=false&expand_wildcards=open&allow_no_indices=true&ignore_throttled=true&search_type=query_then_fetch&batched_reduce_size=512&ccs_minimize_roundtrips=true] returned 2 warnings: [299 Elasticsearch-7.16.1-5b38441b16b1ebb16a27c107a4c3865776e20c53 "Elasticsearch built-in security features are not enabled. Without authentication, your cluster could be accessible to anyone. See https://www.elastic.co/guide/en/elasticsearch/reference/7.16/security-minimal-setup.html to enable security."],[299 Elasticsearch-7.16.1-5b38441b16b1ebb16a27c107a4c3865776e20c53 "[ignore_throttled] parameter is deprecated because frozen indices have been deprecated. Consider cold or frozen tiers in place of frozen indices."]
2023-08-04 12:58:18,061 INFO  [com.dot.ContainerResource] (docker-java-stream-1865446083) STDOUT: 12:58:18.061  WARN  client.RestClient - request [POST http://elasticsearch:9200/cluster_c40f8aa8c9.live_20230804125756/_search?typed_keys=true&max_concurrent_shard_requests=5&ignore_unavailable=false&expand_wildcards=open&allow_no_indices=true&ignore_throttled=true&search_type=query_then_fetch&batched_reduce_size=512&ccs_minimize_roundtrips=true] returned 2 warnings: [299 Elasticsearch-7.16.1-5b38441b16b1ebb16a27c107a4c3865776e20c53 "Elasticsearch built-in security features are not enabled. Without authentication, your cluster could be accessible to anyone. See https://www.elastic.co/guide/en/elasticsearch/reference/7.16/security-minimal-setup.html to enable security."],[299 Elasticsearch-7.16.1-5b38441b16b1ebb16a27c107a4c3865776e20c53 "[ignore_throttled] parameter is deprecated because frozen indices have been deprecated. Consider cold or frozen tiers in place of frozen indices."]
2023-08-04 12:58:18,066 INFO  [com.dot.ContainerResource] (docker-java-stream-1865446083) STDOUT: 12:58:18.066  WARN  client.RestClient - request [POST http://elasticsearch:9200/cluster_c40f8aa8c9.live_20230804125756/_search?typed_keys=true&max_concurrent_shard_requests=5&ignore_unavailable=false&expand_wildcards=open&allow_no_indices=true&ignore_throttled=true&search_type=query_then_fetch&batched_reduce_size=512&ccs_minimize_roundtrips=true] returned 2 warnings: [299 Elasticsearch-7.16.1-5b38441b16b1ebb16a27c107a4c3865776e20c53 "Elasticsearch built-in security features are not enabled. Without authentication, your cluster could be accessible to anyone. See https://www.elastic.co/guide/en/elasticsearch/reference/7.16/security-minimal-setup.html to enable security."],[299 Elasticsearch-7.16.1-5b38441b16b1ebb16a27c107a4c3865776e20c53 "[ignore_throttled] parameter is deprecated because frozen indices have been deprecated. Consider cold or frozen tiers in place of frozen indices."]
2023-08-04 12:58:18,071 INFO  [com.dot.ContainerResource] (docker-java-stream-1865446083) STDOUT: 12:58:18.071  WARN  client.RestClient - request [POST http://elasticsearch:9200/cluster_c40f8aa8c9.live_20230804125756/_search?typed_keys=true&max_concurrent_shard_requests=5&ignore_unavailable=false&expand_wildcards=open&allow_no_indices=true&ignore_throttled=true&search_type=query_then_fetch&batched_reduce_size=512&ccs_minimize_roundtrips=true] returned 2 warnings: [299 Elasticsearch-7.16.1-5b38441b16b1ebb16a27c107a4c3865776e20c53 "Elasticsearch built-in security features are not enabled. Without authentication, your cluster could be accessible to anyone. See https://www.elastic.co/guide/en/elasticsearch/reference/7.16/security-minimal-setup.html to enable security."],[299 Elasticsearch-7.16.1-5b38441b16b1ebb16a27c107a4c3865776e20c53 "[ignore_throttled] parameter is deprecated because frozen indices have been deprecated. Consider cold or frozen tiers in place of frozen indices."]
2023-08-04 12:58:18,076 INFO  [com.dot.ContainerResource] (docker-java-stream-1865446083) STDOUT: 12:58:18.076  WARN  client.RestClient - request [POST http://elasticsearch:9200/cluster_c40f8aa8c9.live_20230804125756/_search?typed_keys=true&max_concurrent_shard_requests=5&ignore_unavailable=false&expand_wildcards=open&allow_no_indices=true&ignore_throttled=true&search_type=query_then_fetch&batched_reduce_size=512&ccs_minimize_roundtrips=true] returned 2 warnings: [299 Elasticsearch-7.16.1-5b38441b16b1ebb16a27c107a4c3865776e20c53 "Elasticsearch built-in security features are not enabled. Without authentication, your cluster could be accessible to anyone. See https://www.elastic.co/guide/en/elasticsearch/reference/7.16/security-minimal-setup.html to enable security."],[299 Elasticsearch-7.16.1-5b38441b16b1ebb16a27c107a4c3865776e20c53 "[ignore_throttled] parameter is deprecated because frozen indices have been deprecated. Consider cold or frozen tiers in place of frozen indices."]
2023-08-04 12:58:18,080 INFO  [com.dot.ContainerResource] (docker-java-stream-1865446083) STDOUT: 12:58:18.080  WARN  client.RestClient - request [POST http://elasticsearch:9200/cluster_c40f8aa8c9.live_20230804125756/_search?typed_keys=true&max_concurrent_shard_requests=5&ignore_unavailable=false&expand_wildcards=open&allow_no_indices=true&ignore_throttled=true&search_type=query_then_fetch&batched_reduce_size=512&ccs_minimize_roundtrips=true] returned 2 warnings: [299 Elasticsearch-7.16.1-5b38441b16b1ebb16a27c107a4c3865776e20c53 "Elasticsearch built-in security features are not enabled. Without authentication, your cluster could be accessible to anyone. See https://www.elastic.co/guide/en/elasticsearch/reference/7.16/security-minimal-setup.html to enable security."],[299 Elasticsearch-7.16.1-5b38441b16b1ebb16a27c107a4c3865776e20c53 "[ignore_throttled] parameter is deprecated because frozen indices have been deprecated. Consider cold or frozen tiers in place of frozen indices."]
2023-08-04 12:58:18,085 INFO  [com.dot.ContainerResource] (docker-java-stream-1865446083) STDOUT: 12:58:18.085  WARN  client.RestClient - request [POST http://elasticsearch:9200/cluster_c40f8aa8c9.live_20230804125756/_search?typed_keys=true&max_concurrent_shard_requests=5&ignore_unavailable=false&expand_wildcards=open&allow_no_indices=true&ignore_throttled=true&search_type=query_then_fetch&batched_reduce_size=512&ccs_minimize_roundtrips=true] returned 2 warnings: [299 Elasticsearch-7.16.1-5b38441b16b1ebb16a27c107a4c3865776e20c53 "Elasticsearch built-in security features are not enabled. Without authentication, your cluster could be accessible to anyone. See https://www.elastic.co/guide/en/elasticsearch/reference/7.16/security-minimal-setup.html to enable security."],[299 Elasticsearch-7.16.1-5b38441b16b1ebb16a27c107a4c3865776e20c53 "[ignore_throttled] parameter is deprecated because frozen indices have been deprecated. Consider cold or frozen tiers in place of frozen indices."]
2023-08-04 12:58:18,090 INFO  [com.dot.ContainerResource] (docker-java-stream-1865446083) STDOUT: 12:58:18.090  WARN  client.RestClient - request [POST http://elasticsearch:9200/cluster_c40f8aa8c9.live_20230804125756/_search?typed_keys=true&max_concurrent_shard_requests=5&ignore_unavailable=false&expand_wildcards=open&allow_no_indices=true&ignore_throttled=true&search_type=query_then_fetch&batched_reduce_size=512&ccs_minimize_roundtrips=true] returned 2 warnings: [299 Elasticsearch-7.16.1-5b38441b16b1ebb16a27c107a4c3865776e20c53 "Elasticsearch built-in security features are not enabled. Without authentication, your cluster could be accessible to anyone. See https://www.elastic.co/guide/en/elasticsearch/reference/7.16/security-minimal-setup.html to enable security."],[299 Elasticsearch-7.16.1-5b38441b16b1ebb16a27c107a4c3865776e20c53 "[ignore_throttled] parameter is deprecated because frozen indices have been deprecated. Consider cold or frozen tiers in place of frozen indices."]
2023-08-04 12:58:18,096 INFO  [com.dot.ContainerResource] (docker-java-stream-1865446083) STDOUT: 12:58:18.095  WARN  client.RestClient - request [POST http://elasticsearch:9200/cluster_c40f8aa8c9.live_20230804125756/_search?typed_keys=true&max_concurrent_shard_requests=5&ignore_unavailable=false&expand_wildcards=open&allow_no_indices=true&ignore_throttled=true&search_type=query_then_fetch&batched_reduce_size=512&ccs_minimize_roundtrips=true] returned 2 warnings: [299 Elasticsearch-7.16.1-5b38441b16b1ebb16a27c107a4c3865776e20c53 "Elasticsearch built-in security features are not enabled. Without authentication, your cluster could be accessible to anyone. See https://www.elastic.co/guide/en/elasticsearch/reference/7.16/security-minimal-setup.html to enable security."],[299 Elasticsearch-7.16.1-5b38441b16b1ebb16a27c107a4c3865776e20c53 "[ignore_throttled] parameter is deprecated because frozen indices have been deprecated. Consider cold or frozen tiers in place of frozen indices."]
2023-08-04 12:58:18,106 INFO  [com.dot.ContainerResource] (docker-java-stream-1865446083) STDOUT: 12:58:18.105  WARN  client.RestClient - request [POST http://elasticsearch:9200/cluster_c40f8aa8c9.live_20230804125756/_search?typed_keys=true&max_concurrent_shard_requests=5&ignore_unavailable=false&expand_wildcards=open&allow_no_indices=true&ignore_throttled=true&search_type=query_then_fetch&batched_reduce_size=512&ccs_minimize_roundtrips=true] returned 2 warnings: [299 Elasticsearch-7.16.1-5b38441b16b1ebb16a27c107a4c3865776e20c53 "Elasticsearch built-in security features are not enabled. Without authentication, your cluster could be accessible to anyone. See https://www.elastic.co/guide/en/elasticsearch/reference/7.16/security-minimal-setup.html to enable security."],[299 Elasticsearch-7.16.1-5b38441b16b1ebb16a27c107a4c3865776e20c53 "[ignore_throttled] parameter is deprecated because frozen indices have been deprecated. Consider cold or frozen tiers in place of frozen indices."]
2023-08-04 12:58:18,110 INFO  [com.dot.ContainerResource] (docker-java-stream-1865446083) STDOUT: 12:58:18.109  WARN  client.RestClient - request [POST http://elasticsearch:9200/cluster_c40f8aa8c9.live_20230804125756/_search?typed_keys=true&max_concurrent_shard_requests=5&ignore_unavailable=false&expand_wildcards=open&allow_no_indices=true&ignore_throttled=true&search_type=query_then_fetch&batched_reduce_size=512&ccs_minimize_roundtrips=true] returned 2 warnings: [299 Elasticsearch-7.16.1-5b38441b16b1ebb16a27c107a4c3865776e20c53 "Elasticsearch built-in security features are not enabled. Without authentication, your cluster could be accessible to anyone. See https://www.elastic.co/guide/en/elasticsearch/reference/7.16/security-minimal-setup.html to enable security."],[299 Elasticsearch-7.16.1-5b38441b16b1ebb16a27c107a4c3865776e20c53 "[ignore_throttled] parameter is deprecated because frozen indices have been deprecated. Consider cold or frozen tiers in place of frozen indices."]
2023-08-04 12:58:18,113 INFO  [com.dot.ContainerResource] (docker-java-stream-1865446083) STDOUT: 12:58:18.113  WARN  client.RestClient - request [POST http://elasticsearch:9200/cluster_c40f8aa8c9.live_20230804125756/_search?typed_keys=true&max_concurrent_shard_requests=5&ignore_unavailable=false&expand_wildcards=open&allow_no_indices=true&ignore_throttled=true&search_type=query_then_fetch&batched_reduce_size=512&ccs_minimize_roundtrips=true] returned 2 warnings: [299 Elasticsearch-7.16.1-5b38441b16b1ebb16a27c107a4c3865776e20c53 "Elasticsearch built-in security features are not enabled. Without authentication, your cluster could be accessible to anyone. See https://www.elastic.co/guide/en/elasticsearch/reference/7.16/security-minimal-setup.html to enable security."],[299 Elasticsearch-7.16.1-5b38441b16b1ebb16a27c107a4c3865776e20c53 "[ignore_throttled] parameter is deprecated because frozen indices have been deprecated. Consider cold or frozen tiers in place of frozen indices."]
2023-08-04 12:58:18,119 INFO  [com.dot.ContainerResource] (docker-java-stream-1865446083) STDOUT: 12:58:18.118  WARN  client.RestClient - request [POST http://elasticsearch:9200/cluster_c40f8aa8c9.live_20230804125756/_search?typed_keys=true&max_concurrent_shard_requests=5&ignore_unavailable=false&expand_wildcards=open&allow_no_indices=true&ignore_throttled=true&search_type=query_then_fetch&batched_reduce_size=512&ccs_minimize_roundtrips=true] returned 2 warnings: [299 Elasticsearch-7.16.1-5b38441b16b1ebb16a27c107a4c3865776e20c53 "Elasticsearch built-in security features are not enabled. Without authentication, your cluster could be accessible to anyone. See https://www.elastic.co/guide/en/elasticsearch/reference/7.16/security-minimal-setup.html to enable security."],[299 Elasticsearch-7.16.1-5b38441b16b1ebb16a27c107a4c3865776e20c53 "[ignore_throttled] parameter is deprecated because frozen indices have been deprecated. Consider cold or frozen tiers in place of frozen indices."]
2023-08-04 12:58:18,131 INFO  [com.dot.ContainerResource] (docker-java-stream-1865446083) STDOUT: 12:58:18.128  WARN  client.RestClient - request [POST http://elasticsearch:9200/cluster_c40f8aa8c9.live_20230804125756/_search?typed_keys=true&max_concurrent_shard_requests=5&ignore_unavailable=false&expand_wildcards=open&allow_no_indices=true&ignore_throttled=true&search_type=query_then_fetch&batched_reduce_size=512&ccs_minimize_roundtrips=true] returned 2 warnings: [299 Elasticsearch-7.16.1-5b38441b16b1ebb16a27c107a4c3865776e20c53 "Elasticsearch built-in security features are not enabled. Without authentication, your cluster could be accessible to anyone. See https://www.elastic.co/guide/en/elasticsearch/reference/7.16/security-minimal-setup.html to enable security."],[299 Elasticsearch-7.16.1-5b38441b16b1ebb16a27c107a4c3865776e20c53 "[ignore_throttled] parameter is deprecated because frozen indices have been deprecated. Consider cold or frozen tiers in place of frozen indices."]
2023-08-04 12:58:18,136 INFO  [com.dot.ContainerResource] (docker-java-stream-1865446083) STDOUT: 12:58:18.136  WARN  client.RestClient - request [POST http://elasticsearch:9200/cluster_c40f8aa8c9.live_20230804125756/_search?typed_keys=true&max_concurrent_shard_requests=5&ignore_unavailable=false&expand_wildcards=open&allow_no_indices=true&ignore_throttled=true&search_type=query_then_fetch&batched_reduce_size=512&ccs_minimize_roundtrips=true] returned 2 warnings: [299 Elasticsearch-7.16.1-5b38441b16b1ebb16a27c107a4c3865776e20c53 "Elasticsearch built-in security features are not enabled. Without authentication, your cluster could be accessible to anyone. See https://www.elastic.co/guide/en/elasticsearch/reference/7.16/security-minimal-setup.html to enable security."],[299 Elasticsearch-7.16.1-5b38441b16b1ebb16a27c107a4c3865776e20c53 "[ignore_throttled] parameter is deprecated because frozen indices have been deprecated. Consider cold or frozen tiers in place of frozen indices."]
2023-08-04 12:58:18,141 INFO  [com.dot.ContainerResource] (docker-java-stream-1865446083) STDOUT: 12:58:18.140  WARN  client.RestClient - request [POST http://elasticsearch:9200/cluster_c40f8aa8c9.live_20230804125756/_search?typed_keys=true&max_concurrent_shard_requests=5&ignore_unavailable=false&expand_wildcards=open&allow_no_indices=true&ignore_throttled=true&search_type=query_then_fetch&batched_reduce_size=512&ccs_minimize_roundtrips=true] returned 2 warnings: [299 Elasticsearch-7.16.1-5b38441b16b1ebb16a27c107a4c3865776e20c53 "Elasticsearch built-in security features are not enabled. Without authentication, your cluster could be accessible to anyone. See https://www.elastic.co/guide/en/elasticsearch/reference/7.16/security-minimal-setup.html to enable security."],[299 Elasticsearch-7.16.1-5b38441b16b1ebb16a27c107a4c3865776e20c53 "[ignore_throttled] parameter is deprecated because frozen indices have been deprecated. Consider cold or frozen tiers in place of frozen indices."]
2023-08-04 12:58:18,146 INFO  [com.dot.ContainerResource] (docker-java-stream-1865446083) STDOUT: 12:58:18.144  WARN  client.RestClient - request [POST http://elasticsearch:9200/cluster_c40f8aa8c9.live_20230804125756/_search?typed_keys=true&max_concurrent_shard_requests=5&ignore_unavailable=false&expand_wildcards=open&allow_no_indices=true&ignore_throttled=true&search_type=query_then_fetch&batched_reduce_size=512&ccs_minimize_roundtrips=true] returned 2 warnings: [299 Elasticsearch-7.16.1-5b38441b16b1ebb16a27c107a4c3865776e20c53 "Elasticsearch built-in security features are not enabled. Without authentication, your cluster could be accessible to anyone. See https://www.elastic.co/guide/en/elasticsearch/reference/7.16/security-minimal-setup.html to enable security."],[299 Elasticsearch-7.16.1-5b38441b16b1ebb16a27c107a4c3865776e20c53 "[ignore_throttled] parameter is deprecated because frozen indices have been deprecated. Consider cold or frozen tiers in place of frozen indices."]
2023-08-04 12:58:18,152 INFO  [com.dot.ContainerResource] (docker-java-stream-1865446083) STDOUT: 12:58:18.152  WARN  client.RestClient - request [POST http://elasticsearch:9200/cluster_c40f8aa8c9.live_20230804125756/_search?typed_keys=true&max_concurrent_shard_requests=5&ignore_unavailable=false&expand_wildcards=open&allow_no_indices=true&ignore_throttled=true&search_type=query_then_fetch&batched_reduce_size=512&ccs_minimize_roundtrips=true] returned 2 warnings: [299 Elasticsearch-7.16.1-5b38441b16b1ebb16a27c107a4c3865776e20c53 "Elasticsearch built-in security features are not enabled. Without authentication, your cluster could be accessible to anyone. See https://www.elastic.co/guide/en/elasticsearch/reference/7.16/security-minimal-setup.html to enable security."],[299 Elasticsearch-7.16.1-5b38441b16b1ebb16a27c107a4c3865776e20c53 "[ignore_throttled] parameter is deprecated because frozen indices have been deprecated. Consider cold or frozen tiers in place of frozen indices."]
2023-08-04 12:58:18,159 INFO  [com.dot.ContainerResource] (docker-java-stream-1865446083) STDOUT: 12:58:18.158  WARN  client.RestClient - request [POST http://elasticsearch:9200/cluster_c40f8aa8c9.live_20230804125756/_search?typed_keys=true&max_concurrent_shard_requests=5&ignore_unavailable=false&expand_wildcards=open&allow_no_indices=true&ignore_throttled=true&search_type=query_then_fetch&batched_reduce_size=512&ccs_minimize_roundtrips=true] returned 2 warnings: [299 Elasticsearch-7.16.1-5b38441b16b1ebb16a27c107a4c3865776e20c53 "Elasticsearch built-in security features are not enabled. Without authentication, your cluster could be accessible to anyone. See https://www.elastic.co/guide/en/elasticsearch/reference/7.16/security-minimal-setup.html to enable security."],[299 Elasticsearch-7.16.1-5b38441b16b1ebb16a27c107a4c3865776e20c53 "[ignore_throttled] parameter is deprecated because frozen indices have been deprecated. Consider cold or frozen tiers in place of frozen indices."]
2023-08-04 12:58:18,168 INFO  [com.dot.ContainerResource] (docker-java-stream-1865446083) STDOUT: 12:58:18.168  WARN  client.RestClient - request [POST http://elasticsearch:9200/cluster_c40f8aa8c9.live_20230804125756/_search?typed_keys=true&max_concurrent_shard_requests=5&ignore_unavailable=false&expand_wildcards=open&allow_no_indices=true&ignore_throttled=true&search_type=query_then_fetch&batched_reduce_size=512&ccs_minimize_roundtrips=true] returned 2 warnings: [299 Elasticsearch-7.16.1-5b38441b16b1ebb16a27c107a4c3865776e20c53 "Elasticsearch built-in security features are not enabled. Without authentication, your cluster could be accessible to anyone. See https://www.elastic.co/guide/en/elasticsearch/reference/7.16/security-minimal-setup.html to enable security."],[299 Elasticsearch-7.16.1-5b38441b16b1ebb16a27c107a4c3865776e20c53 "[ignore_throttled] parameter is deprecated because frozen indices have been deprecated. Consider cold or frozen tiers in place of frozen indices."]
2023-08-04 12:58:18,175 INFO  [com.dot.ContainerResource] (docker-java-stream-1865446083) STDOUT: 12:58:18.175  WARN  client.RestClient - request [POST http://elasticsearch:9200/cluster_c40f8aa8c9.live_20230804125756/_search?typed_keys=true&max_concurrent_shard_requests=5&ignore_unavailable=false&expand_wildcards=open&allow_no_indices=true&ignore_throttled=true&search_type=query_then_fetch&batched_reduce_size=512&ccs_minimize_roundtrips=true] returned 2 warnings: [299 Elasticsearch-7.16.1-5b38441b16b1ebb16a27c107a4c3865776e20c53 "Elasticsearch built-in security features are not enabled. Without authentication, your cluster could be accessible to anyone. See https://www.elastic.co/guide/en/elasticsearch/reference/7.16/security-minimal-setup.html to enable security."],[299 Elasticsearch-7.16.1-5b38441b16b1ebb16a27c107a4c3865776e20c53 "[ignore_throttled] parameter is deprecated because frozen indices have been deprecated. Consider cold or frozen tiers in place of frozen indices."]
2023-08-04 12:58:18,179 INFO  [com.dot.ContainerResource] (docker-java-stream-1865446083) STDOUT: 12:58:18.179  WARN  client.RestClient - request [POST http://elasticsearch:9200/cluster_c40f8aa8c9.live_20230804125756/_search?typed_keys=true&max_concurrent_shard_requests=5&ignore_unavailable=false&expand_wildcards=open&allow_no_indices=true&ignore_throttled=true&search_type=query_then_fetch&batched_reduce_size=512&ccs_minimize_roundtrips=true] returned 2 warnings: [299 Elasticsearch-7.16.1-5b38441b16b1ebb16a27c107a4c3865776e20c53 "Elasticsearch built-in security features are not enabled. Without authentication, your cluster could be accessible to anyone. See https://www.elastic.co/guide/en/elasticsearch/reference/7.16/security-minimal-setup.html to enable security."],[299 Elasticsearch-7.16.1-5b38441b16b1ebb16a27c107a4c3865776e20c53 "[ignore_throttled] parameter is deprecated because frozen indices have been deprecated. Consider cold or frozen tiers in place of frozen indices."]
2023-08-04 12:58:18,185 INFO  [com.dot.ContainerResource] (docker-java-stream-1865446083) STDOUT: 12:58:18.184  WARN  client.RestClient - request [POST http://elasticsearch:9200/cluster_c40f8aa8c9.live_20230804125756/_search?typed_keys=true&max_concurrent_shard_requests=5&ignore_unavailable=false&expand_wildcards=open&allow_no_indices=true&ignore_throttled=true&search_type=query_then_fetch&batched_reduce_size=512&ccs_minimize_roundtrips=true] returned 2 warnings: [299 Elasticsearch-7.16.1-5b38441b16b1ebb16a27c107a4c3865776e20c53 "Elasticsearch built-in security features are not enabled. Without authentication, your cluster could be accessible to anyone. See https://www.elastic.co/guide/en/elasticsearch/reference/7.16/security-minimal-setup.html to enable security."],[299 Elasticsearch-7.16.1-5b38441b16b1ebb16a27c107a4c3865776e20c53 "[ignore_throttled] parameter is deprecated because frozen indices have been deprecated. Consider cold or frozen tiers in place of frozen indices."]
2023-08-04 12:58:18,193 INFO  [com.dot.ContainerResource] (docker-java-stream-1865446083) STDOUT: 12:58:18.192  WARN  client.RestClient - request [POST http://elasticsearch:9200/cluster_c40f8aa8c9.live_20230804125756/_search?typed_keys=true&max_concurrent_shard_requests=5&ignore_unavailable=false&expand_wildcards=open&allow_no_indices=true&ignore_throttled=true&search_type=query_then_fetch&batched_reduce_size=512&ccs_minimize_roundtrips=true] returned 2 warnings: [299 Elasticsearch-7.16.1-5b38441b16b1ebb16a27c107a4c3865776e20c53 "Elasticsearch built-in security features are not enabled. Without authentication, your cluster could be accessible to anyone. See https://www.elastic.co/guide/en/elasticsearch/reference/7.16/security-minimal-setup.html to enable security."],[299 Elasticsearch-7.16.1-5b38441b16b1ebb16a27c107a4c3865776e20c53 "[ignore_throttled] parameter is deprecated because frozen indices have been deprecated. Consider cold or frozen tiers in place of frozen indices."]
2023-08-04 12:58:18,200 INFO  [com.dot.ContainerResource] (docker-java-stream-1865446083) STDOUT: 12:58:18.199  WARN  client.RestClient - request [POST http://elasticsearch:9200/cluster_c40f8aa8c9.live_20230804125756/_search?typed_keys=true&max_concurrent_shard_requests=5&ignore_unavailable=false&expand_wildcards=open&allow_no_indices=true&ignore_throttled=true&search_type=query_then_fetch&batched_reduce_size=512&ccs_minimize_roundtrips=true] returned 2 warnings: [299 Elasticsearch-7.16.1-5b38441b16b1ebb16a27c107a4c3865776e20c53 "Elasticsearch built-in security features are not enabled. Without authentication, your cluster could be accessible to anyone. See https://www.elastic.co/guide/en/elasticsearch/reference/7.16/security-minimal-setup.html to enable security."],[299 Elasticsearch-7.16.1-5b38441b16b1ebb16a27c107a4c3865776e20c53 "[ignore_throttled] parameter is deprecated because frozen indices have been deprecated. Consider cold or frozen tiers in place of frozen indices."]
2023-08-04 12:58:18,205 INFO  [com.dot.ContainerResource] (docker-java-stream-1865446083) STDOUT: 12:58:18.204  WARN  client.RestClient - request [POST http://elasticsearch:9200/cluster_c40f8aa8c9.live_20230804125756/_search?typed_keys=true&max_concurrent_shard_requests=5&ignore_unavailable=false&expand_wildcards=open&allow_no_indices=true&ignore_throttled=true&search_type=query_then_fetch&batched_reduce_size=512&ccs_minimize_roundtrips=true] returned 2 warnings: [299 Elasticsearch-7.16.1-5b38441b16b1ebb16a27c107a4c3865776e20c53 "Elasticsearch built-in security features are not enabled. Without authentication, your cluster could be accessible to anyone. See https://www.elastic.co/guide/en/elasticsearch/reference/7.16/security-minimal-setup.html to enable security."],[299 Elasticsearch-7.16.1-5b38441b16b1ebb16a27c107a4c3865776e20c53 "[ignore_throttled] parameter is deprecated because frozen indices have been deprecated. Consider cold or frozen tiers in place of frozen indices."]
2023-08-04 12:58:18,209 INFO  [com.dot.ContainerResource] (docker-java-stream-1865446083) STDOUT: 12:58:18.209  WARN  client.RestClient - request [POST http://elasticsearch:9200/cluster_c40f8aa8c9.live_20230804125756/_search?typed_keys=true&max_concurrent_shard_requests=5&ignore_unavailable=false&expand_wildcards=open&allow_no_indices=true&ignore_throttled=true&search_type=query_then_fetch&batched_reduce_size=512&ccs_minimize_roundtrips=true] returned 2 warnings: [299 Elasticsearch-7.16.1-5b38441b16b1ebb16a27c107a4c3865776e20c53 "Elasticsearch built-in security features are not enabled. Without authentication, your cluster could be accessible to anyone. See https://www.elastic.co/guide/en/elasticsearch/reference/7.16/security-minimal-setup.html to enable security."],[299 Elasticsearch-7.16.1-5b38441b16b1ebb16a27c107a4c3865776e20c53 "[ignore_throttled] parameter is deprecated because frozen indices have been deprecated. Consider cold or frozen tiers in place of frozen indices."]
2023-08-04 12:58:18,214 INFO  [com.dot.ContainerResource] (docker-java-stream-1865446083) STDOUT: 12:58:18.213  WARN  client.RestClient - request [POST http://elasticsearch:9200/cluster_c40f8aa8c9.live_20230804125756/_search?typed_keys=true&max_concurrent_shard_requests=5&ignore_unavailable=false&expand_wildcards=open&allow_no_indices=true&ignore_throttled=true&search_type=query_then_fetch&batched_reduce_size=512&ccs_minimize_roundtrips=true] returned 2 warnings: [299 Elasticsearch-7.16.1-5b38441b16b1ebb16a27c107a4c3865776e20c53 "Elasticsearch built-in security features are not enabled. Without authentication, your cluster could be accessible to anyone. See https://www.elastic.co/guide/en/elasticsearch/reference/7.16/security-minimal-setup.html to enable security."],[299 Elasticsearch-7.16.1-5b38441b16b1ebb16a27c107a4c3865776e20c53 "[ignore_throttled] parameter is deprecated because frozen indices have been deprecated. Consider cold or frozen tiers in place of frozen indices."]
2023-08-04 12:58:18,220 INFO  [com.dot.ContainerResource] (docker-java-stream-1865446083) STDOUT: 12:58:18.219  WARN  client.RestClient - request [POST http://elasticsearch:9200/cluster_c40f8aa8c9.live_20230804125756/_search?typed_keys=true&max_concurrent_shard_requests=5&ignore_unavailable=false&expand_wildcards=open&allow_no_indices=true&ignore_throttled=true&search_type=query_then_fetch&batched_reduce_size=512&ccs_minimize_roundtrips=true] returned 2 warnings: [299 Elasticsearch-7.16.1-5b38441b16b1ebb16a27c107a4c3865776e20c53 "Elasticsearch built-in security features are not enabled. Without authentication, your cluster could be accessible to anyone. See https://www.elastic.co/guide/en/elasticsearch/reference/7.16/security-minimal-setup.html to enable security."],[299 Elasticsearch-7.16.1-5b38441b16b1ebb16a27c107a4c3865776e20c53 "[ignore_throttled] parameter is deprecated because frozen indices have been deprecated. Consider cold or frozen tiers in place of frozen indices."]
2023-08-04 12:58:18,224 INFO  [com.dot.ContainerResource] (docker-java-stream-1865446083) STDOUT: 12:58:18.223  WARN  client.RestClient - request [POST http://elasticsearch:9200/cluster_c40f8aa8c9.live_20230804125756/_search?typed_keys=true&max_concurrent_shard_requests=5&ignore_unavailable=false&expand_wildcards=open&allow_no_indices=true&ignore_throttled=true&search_type=query_then_fetch&batched_reduce_size=512&ccs_minimize_roundtrips=true] returned 2 warnings: [299 Elasticsearch-7.16.1-5b38441b16b1ebb16a27c107a4c3865776e20c53 "Elasticsearch built-in security features are not enabled. Without authentication, your cluster could be accessible to anyone. See https://www.elastic.co/guide/en/elasticsearch/reference/7.16/security-minimal-setup.html to enable security."],[299 Elasticsearch-7.16.1-5b38441b16b1ebb16a27c107a4c3865776e20c53 "[ignore_throttled] parameter is deprecated because frozen indices have been deprecated. Consider cold or frozen tiers in place of frozen indices."]
2023-08-04 12:58:18,228 INFO  [com.dot.ContainerResource] (docker-java-stream-1865446083) STDOUT: 12:58:18.227  WARN  client.RestClient - request [POST http://elasticsearch:9200/cluster_c40f8aa8c9.live_20230804125756/_search?typed_keys=true&max_concurrent_shard_requests=5&ignore_unavailable=false&expand_wildcards=open&allow_no_indices=true&ignore_throttled=true&search_type=query_then_fetch&batched_reduce_size=512&ccs_minimize_roundtrips=true] returned 2 warnings: [299 Elasticsearch-7.16.1-5b38441b16b1ebb16a27c107a4c3865776e20c53 "Elasticsearch built-in security features are not enabled. Without authentication, your cluster could be accessible to anyone. See https://www.elastic.co/guide/en/elasticsearch/reference/7.16/security-minimal-setup.html to enable security."],[299 Elasticsearch-7.16.1-5b38441b16b1ebb16a27c107a4c3865776e20c53 "[ignore_throttled] parameter is deprecated because frozen indices have been deprecated. Consider cold or frozen tiers in place of frozen indices."]
2023-08-04 12:58:18,234 INFO  [com.dot.ContainerResource] (docker-java-stream-1865446083) STDOUT: 12:58:18.233  WARN  client.RestClient - request [POST http://elasticsearch:9200/cluster_c40f8aa8c9.live_20230804125756/_search?typed_keys=true&max_concurrent_shard_requests=5&ignore_unavailable=false&expand_wildcards=open&allow_no_indices=true&ignore_throttled=true&search_type=query_then_fetch&batched_reduce_size=512&ccs_minimize_roundtrips=true] returned 2 warnings: [299 Elasticsearch-7.16.1-5b38441b16b1ebb16a27c107a4c3865776e20c53 "Elasticsearch built-in security features are not enabled. Without authentication, your cluster could be accessible to anyone. See https://www.elastic.co/guide/en/elasticsearch/reference/7.16/security-minimal-setup.html to enable security."],[299 Elasticsearch-7.16.1-5b38441b16b1ebb16a27c107a4c3865776e20c53 "[ignore_throttled] parameter is deprecated because frozen indices have been deprecated. Consider cold or frozen tiers in place of frozen indices."]
2023-08-04 12:58:18,238 INFO  [com.dot.ContainerResource] (docker-java-stream-1865446083) STDOUT: 12:58:18.237  WARN  client.RestClient - request [POST http://elasticsearch:9200/cluster_c40f8aa8c9.live_20230804125756/_search?typed_keys=true&max_concurrent_shard_requests=5&ignore_unavailable=false&expand_wildcards=open&allow_no_indices=true&ignore_throttled=true&search_type=query_then_fetch&batched_reduce_size=512&ccs_minimize_roundtrips=true] returned 2 warnings: [299 Elasticsearch-7.16.1-5b38441b16b1ebb16a27c107a4c3865776e20c53 "Elasticsearch built-in security features are not enabled. Without authentication, your cluster could be accessible to anyone. See https://www.elastic.co/guide/en/elasticsearch/reference/7.16/security-minimal-setup.html to enable security."],[299 Elasticsearch-7.16.1-5b38441b16b1ebb16a27c107a4c3865776e20c53 "[ignore_throttled] parameter is deprecated because frozen indices have been deprecated. Consider cold or frozen tiers in place of frozen indices."]
2023-08-04 12:58:18,242 INFO  [com.dot.ContainerResource] (docker-java-stream-1865446083) STDOUT: 12:58:18.241  WARN  client.RestClient - request [POST http://elasticsearch:9200/cluster_c40f8aa8c9.live_20230804125756/_search?typed_keys=true&max_concurrent_shard_requests=5&ignore_unavailable=false&expand_wildcards=open&allow_no_indices=true&ignore_throttled=true&search_type=query_then_fetch&batched_reduce_size=512&ccs_minimize_roundtrips=true] returned 2 warnings: [299 Elasticsearch-7.16.1-5b38441b16b1ebb16a27c107a4c3865776e20c53 "Elasticsearch built-in security features are not enabled. Without authentication, your cluster could be accessible to anyone. See https://www.elastic.co/guide/en/elasticsearch/reference/7.16/security-minimal-setup.html to enable security."],[299 Elasticsearch-7.16.1-5b38441b16b1ebb16a27c107a4c3865776e20c53 "[ignore_throttled] parameter is deprecated because frozen indices have been deprecated. Consider cold or frozen tiers in place of frozen indices."]
2023-08-04 12:58:18,245 INFO  [com.dot.ContainerResource] (docker-java-stream-1865446083) STDOUT: 12:58:18.245  WARN  client.RestClient - request [POST http://elasticsearch:9200/cluster_c40f8aa8c9.live_20230804125756/_search?typed_keys=true&max_concurrent_shard_requests=5&ignore_unavailable=false&expand_wildcards=open&allow_no_indices=true&ignore_throttled=true&search_type=query_then_fetch&batched_reduce_size=512&ccs_minimize_roundtrips=true] returned 2 warnings: [299 Elasticsearch-7.16.1-5b38441b16b1ebb16a27c107a4c3865776e20c53 "Elasticsearch built-in security features are not enabled. Without authentication, your cluster could be accessible to anyone. See https://www.elastic.co/guide/en/elasticsearch/reference/7.16/security-minimal-setup.html to enable security."],[299 Elasticsearch-7.16.1-5b38441b16b1ebb16a27c107a4c3865776e20c53 "[ignore_throttled] parameter is deprecated because frozen indices have been deprecated. Consider cold or frozen tiers in place of frozen indices."]
2023-08-04 12:58:18,249 INFO  [com.dot.ContainerResource] (docker-java-stream-1865446083) STDOUT: 12:58:18.248  WARN  client.RestClient - request [POST http://elasticsearch:9200/cluster_c40f8aa8c9.live_20230804125756/_search?typed_keys=true&max_concurrent_shard_requests=5&ignore_unavailable=false&expand_wildcards=open&allow_no_indices=true&ignore_throttled=true&search_type=query_then_fetch&batched_reduce_size=512&ccs_minimize_roundtrips=true] returned 2 warnings: [299 Elasticsearch-7.16.1-5b38441b16b1ebb16a27c107a4c3865776e20c53 "Elasticsearch built-in security features are not enabled. Without authentication, your cluster could be accessible to anyone. See https://www.elastic.co/guide/en/elasticsearch/reference/7.16/security-minimal-setup.html to enable security."],[299 Elasticsearch-7.16.1-5b38441b16b1ebb16a27c107a4c3865776e20c53 "[ignore_throttled] parameter is deprecated because frozen indices have been deprecated. Consider cold or frozen tiers in place of frozen indices."]
2023-08-04 12:58:18,257 INFO  [com.dot.ContainerResource] (docker-java-stream-1865446083) STDOUT: 12:58:18.256  WARN  client.RestClient - request [POST http://elasticsearch:9200/cluster_c40f8aa8c9.live_20230804125756/_search?typed_keys=true&max_concurrent_shard_requests=5&ignore_unavailable=false&expand_wildcards=open&allow_no_indices=true&ignore_throttled=true&search_type=query_then_fetch&batched_reduce_size=512&ccs_minimize_roundtrips=true] returned 2 warnings: [299 Elasticsearch-7.16.1-5b38441b16b1ebb16a27c107a4c3865776e20c53 "Elasticsearch built-in security features are not enabled. Without authentication, your cluster could be accessible to anyone. See https://www.elastic.co/guide/en/elasticsearch/reference/7.16/security-minimal-setup.html to enable security."],[299 Elasticsearch-7.16.1-5b38441b16b1ebb16a27c107a4c3865776e20c53 "[ignore_throttled] parameter is deprecated because frozen indices have been deprecated. Consider cold or frozen tiers in place of frozen indices."]
2023-08-04 12:58:18,265 INFO  [com.dot.ContainerResource] (docker-java-stream-1865446083) STDOUT: 12:58:18.264  WARN  client.RestClient - request [POST http://elasticsearch:9200/cluster_c40f8aa8c9.live_20230804125756/_search?typed_keys=true&max_concurrent_shard_requests=5&ignore_unavailable=false&expand_wildcards=open&allow_no_indices=true&ignore_throttled=true&search_type=query_then_fetch&batched_reduce_size=512&ccs_minimize_roundtrips=true] returned 2 warnings: [299 Elasticsearch-7.16.1-5b38441b16b1ebb16a27c107a4c3865776e20c53 "Elasticsearch built-in security features are not enabled. Without authentication, your cluster could be accessible to anyone. See https://www.elastic.co/guide/en/elasticsearch/reference/7.16/security-minimal-setup.html to enable security."],[299 Elasticsearch-7.16.1-5b38441b16b1ebb16a27c107a4c3865776e20c53 "[ignore_throttled] parameter is deprecated because frozen indices have been deprecated. Consider cold or frozen tiers in place of frozen indices."]
2023-08-04 12:58:18,268 INFO  [com.dot.ContainerResource] (docker-java-stream-1865446083) STDOUT: 12:58:18.268  WARN  client.RestClient - request [POST http://elasticsearch:9200/cluster_c40f8aa8c9.live_20230804125756/_search?typed_keys=true&max_concurrent_shard_requests=5&ignore_unavailable=false&expand_wildcards=open&allow_no_indices=true&ignore_throttled=true&search_type=query_then_fetch&batched_reduce_size=512&ccs_minimize_roundtrips=true] returned 2 warnings: [299 Elasticsearch-7.16.1-5b38441b16b1ebb16a27c107a4c3865776e20c53 "Elasticsearch built-in security features are not enabled. Without authentication, your cluster could be accessible to anyone. See https://www.elastic.co/guide/en/elasticsearch/reference/7.16/security-minimal-setup.html to enable security."],[299 Elasticsearch-7.16.1-5b38441b16b1ebb16a27c107a4c3865776e20c53 "[ignore_throttled] parameter is deprecated because frozen indices have been deprecated. Consider cold or frozen tiers in place of frozen indices."]
2023-08-04 12:58:18,272 INFO  [com.dot.ContainerResource] (docker-java-stream-1865446083) STDOUT: 12:58:18.272  WARN  client.RestClient - request [POST http://elasticsearch:9200/cluster_c40f8aa8c9.live_20230804125756/_search?typed_keys=true&max_concurrent_shard_requests=5&ignore_unavailable=false&expand_wildcards=open&allow_no_indices=true&ignore_throttled=true&search_type=query_then_fetch&batched_reduce_size=512&ccs_minimize_roundtrips=true] returned 2 warnings: [299 Elasticsearch-7.16.1-5b38441b16b1ebb16a27c107a4c3865776e20c53 "Elasticsearch built-in security features are not enabled. Without authentication, your cluster could be accessible to anyone. See https://www.elastic.co/guide/en/elasticsearch/reference/7.16/security-minimal-setup.html to enable security."],[299 Elasticsearch-7.16.1-5b38441b16b1ebb16a27c107a4c3865776e20c53 "[ignore_throttled] parameter is deprecated because frozen indices have been deprecated. Consider cold or frozen tiers in place of frozen indices."]
2023-08-04 12:58:18,296 INFO  [com.dot.ContainerResource] (docker-java-stream-1865446083) STDOUT: 12:58:18.293  WARN  client.RestClient - request [POST http://elasticsearch:9200/cluster_c40f8aa8c9.live_20230804125756/_search?typed_keys=true&max_concurrent_shard_requests=5&ignore_unavailable=false&expand_wildcards=open&allow_no_indices=true&ignore_throttled=true&search_type=query_then_fetch&batched_reduce_size=512&ccs_minimize_roundtrips=true] returned 2 warnings: [299 Elasticsearch-7.16.1-5b38441b16b1ebb16a27c107a4c3865776e20c53 "Elasticsearch built-in security features are not enabled. Without authentication, your cluster could be accessible to anyone. See https://www.elastic.co/guide/en/elasticsearch/reference/7.16/security-minimal-setup.html to enable security."],[299 Elasticsearch-7.16.1-5b38441b16b1ebb16a27c107a4c3865776e20c53 "[ignore_throttled] parameter is deprecated because frozen indices have been deprecated. Consider cold or frozen tiers in place of frozen indices."]
2023-08-04 12:58:18,300 INFO  [com.dot.ContainerResource] (docker-java-stream-1865446083) STDOUT: 12:58:18.299  WARN  client.RestClient - request [POST http://elasticsearch:9200/cluster_c40f8aa8c9.live_20230804125756/_search?typed_keys=true&max_concurrent_shard_requests=5&ignore_unavailable=false&expand_wildcards=open&allow_no_indices=true&ignore_throttled=true&search_type=query_then_fetch&batched_reduce_size=512&ccs_minimize_roundtrips=true] returned 2 warnings: [299 Elasticsearch-7.16.1-5b38441b16b1ebb16a27c107a4c3865776e20c53 "Elasticsearch built-in security features are not enabled. Without authentication, your cluster could be accessible to anyone. See https://www.elastic.co/guide/en/elasticsearch/reference/7.16/security-minimal-setup.html to enable security."],[299 Elasticsearch-7.16.1-5b38441b16b1ebb16a27c107a4c3865776e20c53 "[ignore_throttled] parameter is deprecated because frozen indices have been deprecated. Consider cold or frozen tiers in place of frozen indices."]
2023-08-04 12:58:18,304 INFO  [com.dot.ContainerResource] (docker-java-stream-1865446083) STDOUT: 12:58:18.304  WARN  client.RestClient - request [POST http://elasticsearch:9200/cluster_c40f8aa8c9.live_20230804125756/_search?typed_keys=true&max_concurrent_shard_requests=5&ignore_unavailable=false&expand_wildcards=open&allow_no_indices=true&ignore_throttled=true&search_type=query_then_fetch&batched_reduce_size=512&ccs_minimize_roundtrips=true] returned 2 warnings: [299 Elasticsearch-7.16.1-5b38441b16b1ebb16a27c107a4c3865776e20c53 "Elasticsearch built-in security features are not enabled. Without authentication, your cluster could be accessible to anyone. See https://www.elastic.co/guide/en/elasticsearch/reference/7.16/security-minimal-setup.html to enable security."],[299 Elasticsearch-7.16.1-5b38441b16b1ebb16a27c107a4c3865776e20c53 "[ignore_throttled] parameter is deprecated because frozen indices have been deprecated. Consider cold or frozen tiers in place of frozen indices."]
2023-08-04 12:58:18,309 INFO  [com.dot.ContainerResource] (docker-java-stream-1865446083) STDOUT: 12:58:18.309  WARN  client.RestClient - request [POST http://elasticsearch:9200/cluster_c40f8aa8c9.live_20230804125756/_search?typed_keys=true&max_concurrent_shard_requests=5&ignore_unavailable=false&expand_wildcards=open&allow_no_indices=true&ignore_throttled=true&search_type=query_then_fetch&batched_reduce_size=512&ccs_minimize_roundtrips=true] returned 2 warnings: [299 Elasticsearch-7.16.1-5b38441b16b1ebb16a27c107a4c3865776e20c53 "Elasticsearch built-in security features are not enabled. Without authentication, your cluster could be accessible to anyone. See https://www.elastic.co/guide/en/elasticsearch/reference/7.16/security-minimal-setup.html to enable security."],[299 Elasticsearch-7.16.1-5b38441b16b1ebb16a27c107a4c3865776e20c53 "[ignore_throttled] parameter is deprecated because frozen indices have been deprecated. Consider cold or frozen tiers in place of frozen indices."]
2023-08-04 12:58:18,315 INFO  [com.dot.ContainerResource] (docker-java-stream-1865446083) STDOUT: 12:58:18.315  WARN  client.RestClient - request [POST http://elasticsearch:9200/cluster_c40f8aa8c9.live_20230804125756/_search?typed_keys=true&max_concurrent_shard_requests=5&ignore_unavailable=false&expand_wildcards=open&allow_no_indices=true&ignore_throttled=true&search_type=query_then_fetch&batched_reduce_size=512&ccs_minimize_roundtrips=true] returned 2 warnings: [299 Elasticsearch-7.16.1-5b38441b16b1ebb16a27c107a4c3865776e20c53 "Elasticsearch built-in security features are not enabled. Without authentication, your cluster could be accessible to anyone. See https://www.elastic.co/guide/en/elasticsearch/reference/7.16/security-minimal-setup.html to enable security."],[299 Elasticsearch-7.16.1-5b38441b16b1ebb16a27c107a4c3865776e20c53 "[ignore_throttled] parameter is deprecated because frozen indices have been deprecated. Consider cold or frozen tiers in place of frozen indices."]
2023-08-04 12:58:18,340 INFO  [com.dot.ContainerResource] (docker-java-stream-1865446083) STDOUT: 12:58:18.338  WARN  client.RestClient - request [POST http://elasticsearch:9200/cluster_c40f8aa8c9.live_20230804125756/_search?typed_keys=true&max_concurrent_shard_requests=5&ignore_unavailable=false&expand_wildcards=open&allow_no_indices=true&ignore_throttled=true&search_type=query_then_fetch&batched_reduce_size=512&ccs_minimize_roundtrips=true] returned 2 warnings: [299 Elasticsearch-7.16.1-5b38441b16b1ebb16a27c107a4c3865776e20c53 "Elasticsearch built-in security features are not enabled. Without authentication, your cluster could be accessible to anyone. See https://www.elastic.co/guide/en/elasticsearch/reference/7.16/security-minimal-setup.html to enable security."],[299 Elasticsearch-7.16.1-5b38441b16b1ebb16a27c107a4c3865776e20c53 "[ignore_throttled] parameter is deprecated because frozen indices have been deprecated. Consider cold or frozen tiers in place of frozen indices."]
2023-08-04 12:58:18,350 INFO  [com.dot.ContainerResource] (docker-java-stream-1865446083) STDOUT: 12:58:18.350  WARN  client.RestClient - request [POST http://elasticsearch:9200/cluster_c40f8aa8c9.live_20230804125756/_search?typed_keys=true&max_concurrent_shard_requests=5&ignore_unavailable=false&expand_wildcards=open&allow_no_indices=true&ignore_throttled=true&search_type=query_then_fetch&batched_reduce_size=512&ccs_minimize_roundtrips=true] returned 2 warnings: [299 Elasticsearch-7.16.1-5b38441b16b1ebb16a27c107a4c3865776e20c53 "Elasticsearch built-in security features are not enabled. Without authentication, your cluster could be accessible to anyone. See https://www.elastic.co/guide/en/elasticsearch/reference/7.16/security-minimal-setup.html to enable security."],[299 Elasticsearch-7.16.1-5b38441b16b1ebb16a27c107a4c3865776e20c53 "[ignore_throttled] parameter is deprecated because frozen indices have been deprecated. Consider cold or frozen tiers in place of frozen indices."]
2023-08-04 12:58:18,355 INFO  [com.dot.ContainerResource] (docker-java-stream-1865446083) STDOUT: 12:58:18.355  WARN  client.RestClient - request [POST http://elasticsearch:9200/cluster_c40f8aa8c9.live_20230804125756/_search?typed_keys=true&max_concurrent_shard_requests=5&ignore_unavailable=false&expand_wildcards=open&allow_no_indices=true&ignore_throttled=true&search_type=query_then_fetch&batched_reduce_size=512&ccs_minimize_roundtrips=true] returned 2 warnings: [299 Elasticsearch-7.16.1-5b38441b16b1ebb16a27c107a4c3865776e20c53 "Elasticsearch built-in security features are not enabled. Without authentication, your cluster could be accessible to anyone. See https://www.elastic.co/guide/en/elasticsearch/reference/7.16/security-minimal-setup.html to enable security."],[299 Elasticsearch-7.16.1-5b38441b16b1ebb16a27c107a4c3865776e20c53 "[ignore_throttled] parameter is deprecated because frozen indices have been deprecated. Consider cold or frozen tiers in place of frozen indices."]
2023-08-04 12:58:18,359 INFO  [com.dot.ContainerResource] (docker-java-stream-1865446083) STDOUT: 12:58:18.359  WARN  client.RestClient - request [POST http://elasticsearch:9200/cluster_c40f8aa8c9.live_20230804125756/_search?typed_keys=true&max_concurrent_shard_requests=5&ignore_unavailable=false&expand_wildcards=open&allow_no_indices=true&ignore_throttled=true&search_type=query_then_fetch&batched_reduce_size=512&ccs_minimize_roundtrips=true] returned 2 warnings: [299 Elasticsearch-7.16.1-5b38441b16b1ebb16a27c107a4c3865776e20c53 "Elasticsearch built-in security features are not enabled. Without authentication, your cluster could be accessible to anyone. See https://www.elastic.co/guide/en/elasticsearch/reference/7.16/security-minimal-setup.html to enable security."],[299 Elasticsearch-7.16.1-5b38441b16b1ebb16a27c107a4c3865776e20c53 "[ignore_throttled] parameter is deprecated because frozen indices have been deprecated. Consider cold or frozen tiers in place of frozen indices."]
2023-08-04 12:58:18,364 INFO  [com.dot.ContainerResource] (docker-java-stream-1865446083) STDOUT: 12:58:18.363  WARN  client.RestClient - request [POST http://elasticsearch:9200/cluster_c40f8aa8c9.live_20230804125756/_search?typed_keys=true&max_concurrent_shard_requests=5&ignore_unavailable=false&expand_wildcards=open&allow_no_indices=true&ignore_throttled=true&search_type=query_then_fetch&batched_reduce_size=512&ccs_minimize_roundtrips=true] returned 2 warnings: [299 Elasticsearch-7.16.1-5b38441b16b1ebb16a27c107a4c3865776e20c53 "Elasticsearch built-in security features are not enabled. Without authentication, your cluster could be accessible to anyone. See https://www.elastic.co/guide/en/elasticsearch/reference/7.16/security-minimal-setup.html to enable security."],[299 Elasticsearch-7.16.1-5b38441b16b1ebb16a27c107a4c3865776e20c53 "[ignore_throttled] parameter is deprecated because frozen indices have been deprecated. Consider cold or frozen tiers in place of frozen indices."]
2023-08-04 12:58:18,370 INFO  [com.dot.ContainerResource] (docker-java-stream-1865446083) STDOUT: 12:58:18.370  WARN  client.RestClient - request [POST http://elasticsearch:9200/cluster_c40f8aa8c9.live_20230804125756/_search?typed_keys=true&max_concurrent_shard_requests=5&ignore_unavailable=false&expand_wildcards=open&allow_no_indices=true&ignore_throttled=true&search_type=query_then_fetch&batched_reduce_size=512&ccs_minimize_roundtrips=true] returned 2 warnings: [299 Elasticsearch-7.16.1-5b38441b16b1ebb16a27c107a4c3865776e20c53 "Elasticsearch built-in security features are not enabled. Without authentication, your cluster could be accessible to anyone. See https://www.elastic.co/guide/en/elasticsearch/reference/7.16/security-minimal-setup.html to enable security."],[299 Elasticsearch-7.16.1-5b38441b16b1ebb16a27c107a4c3865776e20c53 "[ignore_throttled] parameter is deprecated because frozen indices have been deprecated. Consider cold or frozen tiers in place of frozen indices."]
2023-08-04 12:58:18,383 INFO  [com.dot.ContainerResource] (docker-java-stream-1865446083) STDOUT: 12:58:18.382  WARN  client.RestClient - request [POST http://elasticsearch:9200/cluster_c40f8aa8c9.live_20230804125756/_search?typed_keys=true&max_concurrent_shard_requests=5&ignore_unavailable=false&expand_wildcards=open&allow_no_indices=true&ignore_throttled=true&search_type=query_then_fetch&batched_reduce_size=512&ccs_minimize_roundtrips=true] returned 2 warnings: [299 Elasticsearch-7.16.1-5b38441b16b1ebb16a27c107a4c3865776e20c53 "Elasticsearch built-in security features are not enabled. Without authentication, your cluster could be accessible to anyone. See https://www.elastic.co/guide/en/elasticsearch/reference/7.16/security-minimal-setup.html to enable security."],[299 Elasticsearch-7.16.1-5b38441b16b1ebb16a27c107a4c3865776e20c53 "[ignore_throttled] parameter is deprecated because frozen indices have been deprecated. Consider cold or frozen tiers in place of frozen indices."]
2023-08-04 12:58:18,387 INFO  [com.dot.ContainerResource] (docker-java-stream-1865446083) STDOUT: 12:58:18.386  WARN  client.RestClient - request [POST http://elasticsearch:9200/cluster_c40f8aa8c9.live_20230804125756/_search?typed_keys=true&max_concurrent_shard_requests=5&ignore_unavailable=false&expand_wildcards=open&allow_no_indices=true&ignore_throttled=true&search_type=query_then_fetch&batched_reduce_size=512&ccs_minimize_roundtrips=true] returned 2 warnings: [299 Elasticsearch-7.16.1-5b38441b16b1ebb16a27c107a4c3865776e20c53 "Elasticsearch built-in security features are not enabled. Without authentication, your cluster could be accessible to anyone. See https://www.elastic.co/guide/en/elasticsearch/reference/7.16/security-minimal-setup.html to enable security."],[299 Elasticsearch-7.16.1-5b38441b16b1ebb16a27c107a4c3865776e20c53 "[ignore_throttled] parameter is deprecated because frozen indices have been deprecated. Consider cold or frozen tiers in place of frozen indices."]
2023-08-04 12:58:18,394 INFO  [com.dot.ContainerResource] (docker-java-stream-1865446083) STDOUT: 12:58:18.392  WARN  client.RestClient - request [POST http://elasticsearch:9200/cluster_c40f8aa8c9.live_20230804125756/_search?typed_keys=true&max_concurrent_shard_requests=5&ignore_unavailable=false&expand_wildcards=open&allow_no_indices=true&ignore_throttled=true&search_type=query_then_fetch&batched_reduce_size=512&ccs_minimize_roundtrips=true] returned 2 warnings: [299 Elasticsearch-7.16.1-5b38441b16b1ebb16a27c107a4c3865776e20c53 "Elasticsearch built-in security features are not enabled. Without authentication, your cluster could be accessible to anyone. See https://www.elastic.co/guide/en/elasticsearch/reference/7.16/security-minimal-setup.html to enable security."],[299 Elasticsearch-7.16.1-5b38441b16b1ebb16a27c107a4c3865776e20c53 "[ignore_throttled] parameter is deprecated because frozen indices have been deprecated. Consider cold or frozen tiers in place of frozen indices."]
2023-08-04 12:58:18,398 INFO  [com.dot.ContainerResource] (docker-java-stream-1865446083) STDOUT: 12:58:18.398  WARN  client.RestClient - request [POST http://elasticsearch:9200/cluster_c40f8aa8c9.live_20230804125756/_search?typed_keys=true&max_concurrent_shard_requests=5&ignore_unavailable=false&expand_wildcards=open&allow_no_indices=true&ignore_throttled=true&search_type=query_then_fetch&batched_reduce_size=512&ccs_minimize_roundtrips=true] returned 2 warnings: [299 Elasticsearch-7.16.1-5b38441b16b1ebb16a27c107a4c3865776e20c53 "Elasticsearch built-in security features are not enabled. Without authentication, your cluster could be accessible to anyone. See https://www.elastic.co/guide/en/elasticsearch/reference/7.16/security-minimal-setup.html to enable security."],[299 Elasticsearch-7.16.1-5b38441b16b1ebb16a27c107a4c3865776e20c53 "[ignore_throttled] parameter is deprecated because frozen indices have been deprecated. Consider cold or frozen tiers in place of frozen indices."]
2023-08-04 12:58:18,403 INFO  [com.dot.ContainerResource] (docker-java-stream-1865446083) STDOUT: 12:58:18.402  WARN  client.RestClient - request [POST http://elasticsearch:9200/cluster_c40f8aa8c9.live_20230804125756/_search?typed_keys=true&max_concurrent_shard_requests=5&ignore_unavailable=false&expand_wildcards=open&allow_no_indices=true&ignore_throttled=true&search_type=query_then_fetch&batched_reduce_size=512&ccs_minimize_roundtrips=true] returned 2 warnings: [299 Elasticsearch-7.16.1-5b38441b16b1ebb16a27c107a4c3865776e20c53 "Elasticsearch built-in security features are not enabled. Without authentication, your cluster could be accessible to anyone. See https://www.elastic.co/guide/en/elasticsearch/reference/7.16/security-minimal-setup.html to enable security."],[299 Elasticsearch-7.16.1-5b38441b16b1ebb16a27c107a4c3865776e20c53 "[ignore_throttled] parameter is deprecated because frozen indices have been deprecated. Consider cold or frozen tiers in place of frozen indices."]
2023-08-04 12:58:18,411 INFO  [com.dot.ContainerResource] (docker-java-stream-1865446083) STDOUT: 12:58:18.409  WARN  client.RestClient - request [POST http://elasticsearch:9200/cluster_c40f8aa8c9.live_20230804125756/_search?typed_keys=true&max_concurrent_shard_requests=5&ignore_unavailable=false&expand_wildcards=open&allow_no_indices=true&ignore_throttled=true&search_type=query_then_fetch&batched_reduce_size=512&ccs_minimize_roundtrips=true] returned 2 warnings: [299 Elasticsearch-7.16.1-5b38441b16b1ebb16a27c107a4c3865776e20c53 "Elasticsearch built-in security features are not enabled. Without authentication, your cluster could be accessible to anyone. See https://www.elastic.co/guide/en/elasticsearch/reference/7.16/security-minimal-setup.html to enable security."],[299 Elasticsearch-7.16.1-5b38441b16b1ebb16a27c107a4c3865776e20c53 "[ignore_throttled] parameter is deprecated because frozen indices have been deprecated. Consider cold or frozen tiers in place of frozen indices."]
2023-08-04 12:58:18,415 INFO  [com.dot.ContainerResource] (docker-java-stream-1865446083) STDOUT: 12:58:18.414  WARN  client.RestClient - request [POST http://elasticsearch:9200/cluster_c40f8aa8c9.live_20230804125756/_search?typed_keys=true&max_concurrent_shard_requests=5&ignore_unavailable=false&expand_wildcards=open&allow_no_indices=true&ignore_throttled=true&search_type=query_then_fetch&batched_reduce_size=512&ccs_minimize_roundtrips=true] returned 2 warnings: [299 Elasticsearch-7.16.1-5b38441b16b1ebb16a27c107a4c3865776e20c53 "Elasticsearch built-in security features are not enabled. Without authentication, your cluster could be accessible to anyone. See https://www.elastic.co/guide/en/elasticsearch/reference/7.16/security-minimal-setup.html to enable security."],[299 Elasticsearch-7.16.1-5b38441b16b1ebb16a27c107a4c3865776e20c53 "[ignore_throttled] parameter is deprecated because frozen indices have been deprecated. Consider cold or frozen tiers in place of frozen indices."]
2023-08-04 12:58:18,418 INFO  [com.dot.ContainerResource] (docker-java-stream-1865446083) STDOUT: 12:58:18.417  WARN  client.RestClient - request [POST http://elasticsearch:9200/cluster_c40f8aa8c9.live_20230804125756/_search?typed_keys=true&max_concurrent_shard_requests=5&ignore_unavailable=false&expand_wildcards=open&allow_no_indices=true&ignore_throttled=true&search_type=query_then_fetch&batched_reduce_size=512&ccs_minimize_roundtrips=true] returned 2 warnings: [299 Elasticsearch-7.16.1-5b38441b16b1ebb16a27c107a4c3865776e20c53 "Elasticsearch built-in security features are not enabled. Without authentication, your cluster could be accessible to anyone. See https://www.elastic.co/guide/en/elasticsearch/reference/7.16/security-minimal-setup.html to enable security."],[299 Elasticsearch-7.16.1-5b38441b16b1ebb16a27c107a4c3865776e20c53 "[ignore_throttled] parameter is deprecated because frozen indices have been deprecated. Consider cold or frozen tiers in place of frozen indices."]
2023-08-04 12:58:18,422 INFO  [com.dot.ContainerResource] (docker-java-stream-1865446083) STDOUT: 12:58:18.420  WARN  client.RestClient - request [POST http://elasticsearch:9200/cluster_c40f8aa8c9.live_20230804125756/_search?typed_keys=true&max_concurrent_shard_requests=5&ignore_unavailable=false&expand_wildcards=open&allow_no_indices=true&ignore_throttled=true&search_type=query_then_fetch&batched_reduce_size=512&ccs_minimize_roundtrips=true] returned 2 warnings: [299 Elasticsearch-7.16.1-5b38441b16b1ebb16a27c107a4c3865776e20c53 "Elasticsearch built-in security features are not enabled. Without authentication, your cluster could be accessible to anyone. See https://www.elastic.co/guide/en/elasticsearch/reference/7.16/security-minimal-setup.html to enable security."],[299 Elasticsearch-7.16.1-5b38441b16b1ebb16a27c107a4c3865776e20c53 "[ignore_throttled] parameter is deprecated because frozen indices have been deprecated. Consider cold or frozen tiers in place of frozen indices."]
2023-08-04 12:58:18,427 INFO  [com.dot.ContainerResource] (docker-java-stream-1865446083) STDOUT: 12:58:18.425  WARN  client.RestClient - request [POST http://elasticsearch:9200/cluster_c40f8aa8c9.live_20230804125756/_search?typed_keys=true&max_concurrent_shard_requests=5&ignore_unavailable=false&expand_wildcards=open&allow_no_indices=true&ignore_throttled=true&search_type=query_then_fetch&batched_reduce_size=512&ccs_minimize_roundtrips=true] returned 2 warnings: [299 Elasticsearch-7.16.1-5b38441b16b1ebb16a27c107a4c3865776e20c53 "Elasticsearch built-in security features are not enabled. Without authentication, your cluster could be accessible to anyone. See https://www.elastic.co/guide/en/elasticsearch/reference/7.16/security-minimal-setup.html to enable security."],[299 Elasticsearch-7.16.1-5b38441b16b1ebb16a27c107a4c3865776e20c53 "[ignore_throttled] parameter is deprecated because frozen indices have been deprecated. Consider cold or frozen tiers in place of frozen indices."]
2023-08-04 12:58:18,431 INFO  [com.dot.ContainerResource] (docker-java-stream-1865446083) STDOUT: 12:58:18.429  WARN  client.RestClient - request [POST http://elasticsearch:9200/cluster_c40f8aa8c9.live_20230804125756/_search?typed_keys=true&max_concurrent_shard_requests=5&ignore_unavailable=false&expand_wildcards=open&allow_no_indices=true&ignore_throttled=true&search_type=query_then_fetch&batched_reduce_size=512&ccs_minimize_roundtrips=true] returned 2 warnings: [299 Elasticsearch-7.16.1-5b38441b16b1ebb16a27c107a4c3865776e20c53 "Elasticsearch built-in security features are not enabled. Without authentication, your cluster could be accessible to anyone. See https://www.elastic.co/guide/en/elasticsearch/reference/7.16/security-minimal-setup.html to enable security."],[299 Elasticsearch-7.16.1-5b38441b16b1ebb16a27c107a4c3865776e20c53 "[ignore_throttled] parameter is deprecated because frozen indices have been deprecated. Consider cold or frozen tiers in place of frozen indices."]
2023-08-04 12:58:18,434 INFO  [com.dot.ContainerResource] (docker-java-stream-1865446083) STDOUT: 12:58:18.433  WARN  client.RestClient - request [POST http://elasticsearch:9200/cluster_c40f8aa8c9.live_20230804125756/_search?typed_keys=true&max_concurrent_shard_requests=5&ignore_unavailable=false&expand_wildcards=open&allow_no_indices=true&ignore_throttled=true&search_type=query_then_fetch&batched_reduce_size=512&ccs_minimize_roundtrips=true] returned 2 warnings: [299 Elasticsearch-7.16.1-5b38441b16b1ebb16a27c107a4c3865776e20c53 "Elasticsearch built-in security features are not enabled. Without authentication, your cluster could be accessible to anyone. See https://www.elastic.co/guide/en/elasticsearch/reference/7.16/security-minimal-setup.html to enable security."],[299 Elasticsearch-7.16.1-5b38441b16b1ebb16a27c107a4c3865776e20c53 "[ignore_throttled] parameter is deprecated because frozen indices have been deprecated. Consider cold or frozen tiers in place of frozen indices."]
2023-08-04 12:58:18,437 INFO  [com.dot.ContainerResource] (docker-java-stream-1865446083) STDOUT: 12:58:18.436  WARN  client.RestClient - request [POST http://elasticsearch:9200/cluster_c40f8aa8c9.live_20230804125756/_search?typed_keys=true&max_concurrent_shard_requests=5&ignore_unavailable=false&expand_wildcards=open&allow_no_indices=true&ignore_throttled=true&search_type=query_then_fetch&batched_reduce_size=512&ccs_minimize_roundtrips=true] returned 2 warnings: [299 Elasticsearch-7.16.1-5b38441b16b1ebb16a27c107a4c3865776e20c53 "Elasticsearch built-in security features are not enabled. Without authentication, your cluster could be accessible to anyone. See https://www.elastic.co/guide/en/elasticsearch/reference/7.16/security-minimal-setup.html to enable security."],[299 Elasticsearch-7.16.1-5b38441b16b1ebb16a27c107a4c3865776e20c53 "[ignore_throttled] parameter is deprecated because frozen indices have been deprecated. Consider cold or frozen tiers in place of frozen indices."]
2023-08-04 12:58:18,442 INFO  [com.dot.ContainerResource] (docker-java-stream-1865446083) STDOUT: 12:58:18.440  WARN  client.RestClient - request [POST http://elasticsearch:9200/cluster_c40f8aa8c9.live_20230804125756/_search?typed_keys=true&max_concurrent_shard_requests=5&ignore_unavailable=false&expand_wildcards=open&allow_no_indices=true&ignore_throttled=true&search_type=query_then_fetch&batched_reduce_size=512&ccs_minimize_roundtrips=true] returned 2 warnings: [299 Elasticsearch-7.16.1-5b38441b16b1ebb16a27c107a4c3865776e20c53 "Elasticsearch built-in security features are not enabled. Without authentication, your cluster could be accessible to anyone. See https://www.elastic.co/guide/en/elasticsearch/reference/7.16/security-minimal-setup.html to enable security."],[299 Elasticsearch-7.16.1-5b38441b16b1ebb16a27c107a4c3865776e20c53 "[ignore_throttled] parameter is deprecated because frozen indices have been deprecated. Consider cold or frozen tiers in place of frozen indices."]
2023-08-04 12:58:18,445 INFO  [com.dot.ContainerResource] (docker-java-stream-1865446083) STDOUT: 12:58:18.444  WARN  client.RestClient - request [POST http://elasticsearch:9200/cluster_c40f8aa8c9.live_20230804125756/_search?typed_keys=true&max_concurrent_shard_requests=5&ignore_unavailable=false&expand_wildcards=open&allow_no_indices=true&ignore_throttled=true&search_type=query_then_fetch&batched_reduce_size=512&ccs_minimize_roundtrips=true] returned 2 warnings: [299 Elasticsearch-7.16.1-5b38441b16b1ebb16a27c107a4c3865776e20c53 "Elasticsearch built-in security features are not enabled. Without authentication, your cluster could be accessible to anyone. See https://www.elastic.co/guide/en/elasticsearch/reference/7.16/security-minimal-setup.html to enable security."],[299 Elasticsearch-7.16.1-5b38441b16b1ebb16a27c107a4c3865776e20c53 "[ignore_throttled] parameter is deprecated because frozen indices have been deprecated. Consider cold or frozen tiers in place of frozen indices."]
2023-08-04 12:58:18,449 INFO  [com.dot.ContainerResource] (docker-java-stream-1865446083) STDOUT: 12:58:18.447  WARN  client.RestClient - request [POST http://elasticsearch:9200/cluster_c40f8aa8c9.live_20230804125756/_search?typed_keys=true&max_concurrent_shard_requests=5&ignore_unavailable=false&expand_wildcards=open&allow_no_indices=true&ignore_throttled=true&search_type=query_then_fetch&batched_reduce_size=512&ccs_minimize_roundtrips=true] returned 2 warnings: [299 Elasticsearch-7.16.1-5b38441b16b1ebb16a27c107a4c3865776e20c53 "Elasticsearch built-in security features are not enabled. Without authentication, your cluster could be accessible to anyone. See https://www.elastic.co/guide/en/elasticsearch/reference/7.16/security-minimal-setup.html to enable security."],[299 Elasticsearch-7.16.1-5b38441b16b1ebb16a27c107a4c3865776e20c53 "[ignore_throttled] parameter is deprecated because frozen indices have been deprecated. Consider cold or frozen tiers in place of frozen indices."]
2023-08-04 12:58:18,457 INFO  [com.dot.ContainerResource] (docker-java-stream-1865446083) STDOUT: 12:58:18.456  WARN  client.RestClient - request [POST http://elasticsearch:9200/cluster_c40f8aa8c9.live_20230804125756/_search?typed_keys=true&max_concurrent_shard_requests=5&ignore_unavailable=false&expand_wildcards=open&allow_no_indices=true&ignore_throttled=true&search_type=query_then_fetch&batched_reduce_size=512&ccs_minimize_roundtrips=true] returned 2 warnings: [299 Elasticsearch-7.16.1-5b38441b16b1ebb16a27c107a4c3865776e20c53 "Elasticsearch built-in security features are not enabled. Without authentication, your cluster could be accessible to anyone. See https://www.elastic.co/guide/en/elasticsearch/reference/7.16/security-minimal-setup.html to enable security."],[299 Elasticsearch-7.16.1-5b38441b16b1ebb16a27c107a4c3865776e20c53 "[ignore_throttled] parameter is deprecated because frozen indices have been deprecated. Consider cold or frozen tiers in place of frozen indices."]
2023-08-04 12:58:18,465 INFO  [com.dot.ContainerResource] (docker-java-stream-1865446083) STDOUT: 12:58:18.465  WARN  client.RestClient - request [POST http://elasticsearch:9200/cluster_c40f8aa8c9.live_20230804125756/_search?typed_keys=true&max_concurrent_shard_requests=5&ignore_unavailable=false&expand_wildcards=open&allow_no_indices=true&ignore_throttled=true&search_type=query_then_fetch&batched_reduce_size=512&ccs_minimize_roundtrips=true] returned 2 warnings: [299 Elasticsearch-7.16.1-5b38441b16b1ebb16a27c107a4c3865776e20c53 "Elasticsearch built-in security features are not enabled. Without authentication, your cluster could be accessible to anyone. See https://www.elastic.co/guide/en/elasticsearch/reference/7.16/security-minimal-setup.html to enable security."],[299 Elasticsearch-7.16.1-5b38441b16b1ebb16a27c107a4c3865776e20c53 "[ignore_throttled] parameter is deprecated because frozen indices have been deprecated. Consider cold or frozen tiers in place of frozen indices."]
2023-08-04 12:58:18,471 INFO  [com.dot.ContainerResource] (docker-java-stream-1865446083) STDOUT: 12:58:18.470  WARN  client.RestClient - request [POST http://elasticsearch:9200/cluster_c40f8aa8c9.live_20230804125756/_search?typed_keys=true&max_concurrent_shard_requests=5&ignore_unavailable=false&expand_wildcards=open&allow_no_indices=true&ignore_throttled=true&search_type=query_then_fetch&batched_reduce_size=512&ccs_minimize_roundtrips=true] returned 2 warnings: [299 Elasticsearch-7.16.1-5b38441b16b1ebb16a27c107a4c3865776e20c53 "Elasticsearch built-in security features are not enabled. Without authentication, your cluster could be accessible to anyone. See https://www.elastic.co/guide/en/elasticsearch/reference/7.16/security-minimal-setup.html to enable security."],[299 Elasticsearch-7.16.1-5b38441b16b1ebb16a27c107a4c3865776e20c53 "[ignore_throttled] parameter is deprecated because frozen indices have been deprecated. Consider cold or frozen tiers in place of frozen indices."]
2023-08-04 12:58:18,476 INFO  [com.dot.ContainerResource] (docker-java-stream-1865446083) STDOUT: 12:58:18.475  WARN  client.RestClient - request [POST http://elasticsearch:9200/cluster_c40f8aa8c9.live_20230804125756/_search?typed_keys=true&max_concurrent_shard_requests=5&ignore_unavailable=false&expand_wildcards=open&allow_no_indices=true&ignore_throttled=true&search_type=query_then_fetch&batched_reduce_size=512&ccs_minimize_roundtrips=true] returned 2 warnings: [299 Elasticsearch-7.16.1-5b38441b16b1ebb16a27c107a4c3865776e20c53 "Elasticsearch built-in security features are not enabled. Without authentication, your cluster could be accessible to anyone. See https://www.elastic.co/guide/en/elasticsearch/reference/7.16/security-minimal-setup.html to enable security."],[299 Elasticsearch-7.16.1-5b38441b16b1ebb16a27c107a4c3865776e20c53 "[ignore_throttled] parameter is deprecated because frozen indices have been deprecated. Consider cold or frozen tiers in place of frozen indices."]
2023-08-04 12:58:18,487 INFO  [com.dot.ContainerResource] (docker-java-stream-1865446083) STDOUT: 12:58:18.486  WARN  client.RestClient - request [POST http://elasticsearch:9200/cluster_c40f8aa8c9.live_20230804125756/_search?typed_keys=true&max_concurrent_shard_requests=5&ignore_unavailable=false&expand_wildcards=open&allow_no_indices=true&ignore_throttled=true&search_type=query_then_fetch&batched_reduce_size=512&ccs_minimize_roundtrips=true] returned 2 warnings: [299 Elasticsearch-7.16.1-5b38441b16b1ebb16a27c107a4c3865776e20c53 "Elasticsearch built-in security features are not enabled. Without authentication, your cluster could be accessible to anyone. See https://www.elastic.co/guide/en/elasticsearch/reference/7.16/security-minimal-setup.html to enable security."],[299 Elasticsearch-7.16.1-5b38441b16b1ebb16a27c107a4c3865776e20c53 "[ignore_throttled] parameter is deprecated because frozen indices have been deprecated. Consider cold or frozen tiers in place of frozen indices."]
2023-08-04 12:58:18,494 INFO  [com.dot.ContainerResource] (docker-java-stream-1865446083) STDOUT: 12:58:18.494  WARN  client.RestClient - request [POST http://elasticsearch:9200/cluster_c40f8aa8c9.live_20230804125756/_search?typed_keys=true&max_concurrent_shard_requests=5&ignore_unavailable=false&expand_wildcards=open&allow_no_indices=true&ignore_throttled=true&search_type=query_then_fetch&batched_reduce_size=512&ccs_minimize_roundtrips=true] returned 2 warnings: [299 Elasticsearch-7.16.1-5b38441b16b1ebb16a27c107a4c3865776e20c53 "Elasticsearch built-in security features are not enabled. Without authentication, your cluster could be accessible to anyone. See https://www.elastic.co/guide/en/elasticsearch/reference/7.16/security-minimal-setup.html to enable security."],[299 Elasticsearch-7.16.1-5b38441b16b1ebb16a27c107a4c3865776e20c53 "[ignore_throttled] parameter is deprecated because frozen indices have been deprecated. Consider cold or frozen tiers in place of frozen indices."]
2023-08-04 12:58:18,507 INFO  [com.dot.ContainerResource] (docker-java-stream-1865446083) STDOUT: 12:58:18.506  WARN  client.RestClient - request [POST http://elasticsearch:9200/cluster_c40f8aa8c9.live_20230804125756/_search?typed_keys=true&max_concurrent_shard_requests=5&ignore_unavailable=false&expand_wildcards=open&allow_no_indices=true&ignore_throttled=true&search_type=query_then_fetch&batched_reduce_size=512&ccs_minimize_roundtrips=true] returned 2 warnings: [299 Elasticsearch-7.16.1-5b38441b16b1ebb16a27c107a4c3865776e20c53 "Elasticsearch built-in security features are not enabled. Without authentication, your cluster could be accessible to anyone. See https://www.elastic.co/guide/en/elasticsearch/reference/7.16/security-minimal-setup.html to enable security."],[299 Elasticsearch-7.16.1-5b38441b16b1ebb16a27c107a4c3865776e20c53 "[ignore_throttled] parameter is deprecated because frozen indices have been deprecated. Consider cold or frozen tiers in place of frozen indices."]
2023-08-04 12:58:18,517 INFO  [com.dot.ContainerResource] (docker-java-stream-1865446083) STDOUT: 12:58:18.516  WARN  client.RestClient - request [POST http://elasticsearch:9200/cluster_c40f8aa8c9.live_20230804125756/_search?typed_keys=true&max_concurrent_shard_requests=5&ignore_unavailable=false&expand_wildcards=open&allow_no_indices=true&ignore_throttled=true&search_type=query_then_fetch&batched_reduce_size=512&ccs_minimize_roundtrips=true] returned 2 warnings: [299 Elasticsearch-7.16.1-5b38441b16b1ebb16a27c107a4c3865776e20c53 "Elasticsearch built-in security features are not enabled. Without authentication, your cluster could be accessible to anyone. See https://www.elastic.co/guide/en/elasticsearch/reference/7.16/security-minimal-setup.html to enable security."],[299 Elasticsearch-7.16.1-5b38441b16b1ebb16a27c107a4c3865776e20c53 "[ignore_throttled] parameter is deprecated because frozen indices have been deprecated. Consider cold or frozen tiers in place of frozen indices."]
2023-08-04 12:58:18,522 INFO  [com.dot.ContainerResource] (docker-java-stream-1865446083) STDOUT: 12:58:18.521  WARN  client.RestClient - request [POST http://elasticsearch:9200/cluster_c40f8aa8c9.live_20230804125756/_search?typed_keys=true&max_concurrent_shard_requests=5&ignore_unavailable=false&expand_wildcards=open&allow_no_indices=true&ignore_throttled=true&search_type=query_then_fetch&batched_reduce_size=512&ccs_minimize_roundtrips=true] returned 2 warnings: [299 Elasticsearch-7.16.1-5b38441b16b1ebb16a27c107a4c3865776e20c53 "Elasticsearch built-in security features are not enabled. Without authentication, your cluster could be accessible to anyone. See https://www.elastic.co/guide/en/elasticsearch/reference/7.16/security-minimal-setup.html to enable security."],[299 Elasticsearch-7.16.1-5b38441b16b1ebb16a27c107a4c3865776e20c53 "[ignore_throttled] parameter is deprecated because frozen indices have been deprecated. Consider cold or frozen tiers in place of frozen indices."]
2023-08-04 12:58:18,527 INFO  [com.dot.ContainerResource] (docker-java-stream-1865446083) STDOUT: 12:58:18.527  WARN  client.RestClient - request [POST http://elasticsearch:9200/cluster_c40f8aa8c9.live_20230804125756/_search?typed_keys=true&max_concurrent_shard_requests=5&ignore_unavailable=false&expand_wildcards=open&allow_no_indices=true&ignore_throttled=true&search_type=query_then_fetch&batched_reduce_size=512&ccs_minimize_roundtrips=true] returned 2 warnings: [299 Elasticsearch-7.16.1-5b38441b16b1ebb16a27c107a4c3865776e20c53 "Elasticsearch built-in security features are not enabled. Without authentication, your cluster could be accessible to anyone. See https://www.elastic.co/guide/en/elasticsearch/reference/7.16/security-minimal-setup.html to enable security."],[299 Elasticsearch-7.16.1-5b38441b16b1ebb16a27c107a4c3865776e20c53 "[ignore_throttled] parameter is deprecated because frozen indices have been deprecated. Consider cold or frozen tiers in place of frozen indices."]
2023-08-04 12:58:18,534 INFO  [com.dot.ContainerResource] (docker-java-stream-1865446083) STDOUT: 12:58:18.533  WARN  client.RestClient - request [POST http://elasticsearch:9200/cluster_c40f8aa8c9.live_20230804125756/_search?typed_keys=true&max_concurrent_shard_requests=5&ignore_unavailable=false&expand_wildcards=open&allow_no_indices=true&ignore_throttled=true&search_type=query_then_fetch&batched_reduce_size=512&ccs_minimize_roundtrips=true] returned 2 warnings: [299 Elasticsearch-7.16.1-5b38441b16b1ebb16a27c107a4c3865776e20c53 "Elasticsearch built-in security features are not enabled. Without authentication, your cluster could be accessible to anyone. See https://www.elastic.co/guide/en/elasticsearch/reference/7.16/security-minimal-setup.html to enable security."],[299 Elasticsearch-7.16.1-5b38441b16b1ebb16a27c107a4c3865776e20c53 "[ignore_throttled] parameter is deprecated because frozen indices have been deprecated. Consider cold or frozen tiers in place of frozen indices."]
2023-08-04 12:58:18,542 INFO  [com.dot.ContainerResource] (docker-java-stream-1865446083) STDOUT: 12:58:18.540  WARN  client.RestClient - request [POST http://elasticsearch:9200/cluster_c40f8aa8c9.live_20230804125756/_search?typed_keys=true&max_concurrent_shard_requests=5&ignore_unavailable=false&expand_wildcards=open&allow_no_indices=true&ignore_throttled=true&search_type=query_then_fetch&batched_reduce_size=512&ccs_minimize_roundtrips=true] returned 2 warnings: [299 Elasticsearch-7.16.1-5b38441b16b1ebb16a27c107a4c3865776e20c53 "Elasticsearch built-in security features are not enabled. Without authentication, your cluster could be accessible to anyone. See https://www.elastic.co/guide/en/elasticsearch/reference/7.16/security-minimal-setup.html to enable security."],[299 Elasticsearch-7.16.1-5b38441b16b1ebb16a27c107a4c3865776e20c53 "[ignore_throttled] parameter is deprecated because frozen indices have been deprecated. Consider cold or frozen tiers in place of frozen indices."]
2023-08-04 12:58:18,549 INFO  [com.dot.ContainerResource] (docker-java-stream-1865446083) STDOUT: 12:58:18.549  WARN  client.RestClient - request [POST http://elasticsearch:9200/cluster_c40f8aa8c9.live_20230804125756/_search?typed_keys=true&max_concurrent_shard_requests=5&ignore_unavailable=false&expand_wildcards=open&allow_no_indices=true&ignore_throttled=true&search_type=query_then_fetch&batched_reduce_size=512&ccs_minimize_roundtrips=true] returned 2 warnings: [299 Elasticsearch-7.16.1-5b38441b16b1ebb16a27c107a4c3865776e20c53 "Elasticsearch built-in security features are not enabled. Without authentication, your cluster could be accessible to anyone. See https://www.elastic.co/guide/en/elasticsearch/reference/7.16/security-minimal-setup.html to enable security."],[299 Elasticsearch-7.16.1-5b38441b16b1ebb16a27c107a4c3865776e20c53 "[ignore_throttled] parameter is deprecated because frozen indices have been deprecated. Consider cold or frozen tiers in place of frozen indices."]
2023-08-04 12:58:18,553 INFO  [com.dot.ContainerResource] (docker-java-stream-1865446083) STDOUT: 12:58:18.552  WARN  client.RestClient - request [POST http://elasticsearch:9200/cluster_c40f8aa8c9.live_20230804125756/_search?typed_keys=true&max_concurrent_shard_requests=5&ignore_unavailable=false&expand_wildcards=open&allow_no_indices=true&ignore_throttled=true&search_type=query_then_fetch&batched_reduce_size=512&ccs_minimize_roundtrips=true] returned 2 warnings: [299 Elasticsearch-7.16.1-5b38441b16b1ebb16a27c107a4c3865776e20c53 "Elasticsearch built-in security features are not enabled. Without authentication, your cluster could be accessible to anyone. See https://www.elastic.co/guide/en/elasticsearch/reference/7.16/security-minimal-setup.html to enable security."],[299 Elasticsearch-7.16.1-5b38441b16b1ebb16a27c107a4c3865776e20c53 "[ignore_throttled] parameter is deprecated because frozen indices have been deprecated. Consider cold or frozen tiers in place of frozen indices."]
2023-08-04 12:58:18,560 INFO  [com.dot.ContainerResource] (docker-java-stream-1865446083) STDOUT: 12:58:18.557  WARN  client.RestClient - request [POST http://elasticsearch:9200/cluster_c40f8aa8c9.live_20230804125756/_search?typed_keys=true&max_concurrent_shard_requests=5&ignore_unavailable=false&expand_wildcards=open&allow_no_indices=true&ignore_throttled=true&search_type=query_then_fetch&batched_reduce_size=512&ccs_minimize_roundtrips=true] returned 2 warnings: [299 Elasticsearch-7.16.1-5b38441b16b1ebb16a27c107a4c3865776e20c53 "Elasticsearch built-in security features are not enabled. Without authentication, your cluster could be accessible to anyone. See https://www.elastic.co/guide/en/elasticsearch/reference/7.16/security-minimal-setup.html to enable security."],[299 Elasticsearch-7.16.1-5b38441b16b1ebb16a27c107a4c3865776e20c53 "[ignore_throttled] parameter is deprecated because frozen indices have been deprecated. Consider cold or frozen tiers in place of frozen indices."]
2023-08-04 12:58:18,562 INFO  [com.dot.ContainerResource] (docker-java-stream-1865446083) STDOUT: 12:58:18.562  WARN  client.RestClient - request [POST http://elasticsearch:9200/cluster_c40f8aa8c9.live_20230804125756/_search?typed_keys=true&max_concurrent_shard_requests=5&ignore_unavailable=false&expand_wildcards=open&allow_no_indices=true&ignore_throttled=true&search_type=query_then_fetch&batched_reduce_size=512&ccs_minimize_roundtrips=true] returned 2 warnings: [299 Elasticsearch-7.16.1-5b38441b16b1ebb16a27c107a4c3865776e20c53 "Elasticsearch built-in security features are not enabled. Without authentication, your cluster could be accessible to anyone. See https://www.elastic.co/guide/en/elasticsearch/reference/7.16/security-minimal-setup.html to enable security."],[299 Elasticsearch-7.16.1-5b38441b16b1ebb16a27c107a4c3865776e20c53 "[ignore_throttled] parameter is deprecated because frozen indices have been deprecated. Consider cold or frozen tiers in place of frozen indices."]
2023-08-04 12:58:18,567 INFO  [com.dot.ContainerResource] (docker-java-stream-1865446083) STDOUT: 12:58:18.567  WARN  client.RestClient - request [POST http://elasticsearch:9200/cluster_c40f8aa8c9.live_20230804125756/_search?typed_keys=true&max_concurrent_shard_requests=5&ignore_unavailable=false&expand_wildcards=open&allow_no_indices=true&ignore_throttled=true&search_type=query_then_fetch&batched_reduce_size=512&ccs_minimize_roundtrips=true] returned 2 warnings: [299 Elasticsearch-7.16.1-5b38441b16b1ebb16a27c107a4c3865776e20c53 "Elasticsearch built-in security features are not enabled. Without authentication, your cluster could be accessible to anyone. See https://www.elastic.co/guide/en/elasticsearch/reference/7.16/security-minimal-setup.html to enable security."],[299 Elasticsearch-7.16.1-5b38441b16b1ebb16a27c107a4c3865776e20c53 "[ignore_throttled] parameter is deprecated because frozen indices have been deprecated. Consider cold or frozen tiers in place of frozen indices."]
2023-08-04 12:58:18,573 INFO  [com.dot.ContainerResource] (docker-java-stream-1865446083) STDOUT: 12:58:18.571  WARN  client.RestClient - request [POST http://elasticsearch:9200/cluster_c40f8aa8c9.live_20230804125756/_search?typed_keys=true&max_concurrent_shard_requests=5&ignore_unavailable=false&expand_wildcards=open&allow_no_indices=true&ignore_throttled=true&search_type=query_then_fetch&batched_reduce_size=512&ccs_minimize_roundtrips=true] returned 2 warnings: [299 Elasticsearch-7.16.1-5b38441b16b1ebb16a27c107a4c3865776e20c53 "Elasticsearch built-in security features are not enabled. Without authentication, your cluster could be accessible to anyone. See https://www.elastic.co/guide/en/elasticsearch/reference/7.16/security-minimal-setup.html to enable security."],[299 Elasticsearch-7.16.1-5b38441b16b1ebb16a27c107a4c3865776e20c53 "[ignore_throttled] parameter is deprecated because frozen indices have been deprecated. Consider cold or frozen tiers in place of frozen indices."]
2023-08-04 12:58:18,575 INFO  [com.dot.ContainerResource] (docker-java-stream-1865446083) STDOUT: 12:58:18.575  WARN  client.RestClient - request [POST http://elasticsearch:9200/cluster_c40f8aa8c9.live_20230804125756/_search?typed_keys=true&max_concurrent_shard_requests=5&ignore_unavailable=false&expand_wildcards=open&allow_no_indices=true&ignore_throttled=true&search_type=query_then_fetch&batched_reduce_size=512&ccs_minimize_roundtrips=true] returned 2 warnings: [299 Elasticsearch-7.16.1-5b38441b16b1ebb16a27c107a4c3865776e20c53 "Elasticsearch built-in security features are not enabled. Without authentication, your cluster could be accessible to anyone. See https://www.elastic.co/guide/en/elasticsearch/reference/7.16/security-minimal-setup.html to enable security."],[299 Elasticsearch-7.16.1-5b38441b16b1ebb16a27c107a4c3865776e20c53 "[ignore_throttled] parameter is deprecated because frozen indices have been deprecated. Consider cold or frozen tiers in place of frozen indices."]
2023-08-04 12:58:18,582 INFO  [com.dot.ContainerResource] (docker-java-stream-1865446083) STDOUT: 12:58:18.582  WARN  client.RestClient - request [POST http://elasticsearch:9200/cluster_c40f8aa8c9.live_20230804125756/_search?typed_keys=true&max_concurrent_shard_requests=5&ignore_unavailable=false&expand_wildcards=open&allow_no_indices=true&ignore_throttled=true&search_type=query_then_fetch&batched_reduce_size=512&ccs_minimize_roundtrips=true] returned 2 warnings: [299 Elasticsearch-7.16.1-5b38441b16b1ebb16a27c107a4c3865776e20c53 "Elasticsearch built-in security features are not enabled. Without authentication, your cluster could be accessible to anyone. See https://www.elastic.co/guide/en/elasticsearch/reference/7.16/security-minimal-setup.html to enable security."],[299 Elasticsearch-7.16.1-5b38441b16b1ebb16a27c107a4c3865776e20c53 "[ignore_throttled] parameter is deprecated because frozen indices have been deprecated. Consider cold or frozen tiers in place of frozen indices."]
2023-08-04 12:58:18,613 INFO  [com.dot.ContainerResource] (docker-java-stream-1865446083) STDOUT: 12:58:18.586  WARN  client.RestClient - request [POST http://elasticsearch:9200/cluster_c40f8aa8c9.live_20230804125756/_search?typed_keys=true&max_concurrent_shard_requests=5&ignore_unavailable=false&expand_wildcards=open&allow_no_indices=true&ignore_throttled=true&search_type=query_then_fetch&batched_reduce_size=512&ccs_minimize_roundtrips=true] returned 2 warnings: [299 Elasticsearch-7.16.1-5b38441b16b1ebb16a27c107a4c3865776e20c53 "Elasticsearch built-in security features are not enabled. Without authentication, your cluster could be accessible to anyone. See https://www.elastic.co/guide/en/elasticsearch/reference/7.16/security-minimal-setup.html to enable security."],[299 Elasticsearch-7.16.1-5b38441b16b1ebb16a27c107a4c3865776e20c53 "[ignore_throttled] parameter is deprecated because frozen indices have been deprecated. Consider cold or frozen tiers in place of frozen indices."]
2023-08-04 12:58:18,614 INFO  [com.dot.ContainerResource] (docker-java-stream-1865446083) STDOUT: 12:58:18.589  WARN  client.RestClient - request [POST http://elasticsearch:9200/cluster_c40f8aa8c9.live_20230804125756/_search?typed_keys=true&max_concurrent_shard_requests=5&ignore_unavailable=false&expand_wildcards=open&allow_no_indices=true&ignore_throttled=true&search_type=query_then_fetch&batched_reduce_size=512&ccs_minimize_roundtrips=true] returned 2 warnings: [299 Elasticsearch-7.16.1-5b38441b16b1ebb16a27c107a4c3865776e20c53 "Elasticsearch built-in security features are not enabled. Without authentication, your cluster could be accessible to anyone. See https://www.elastic.co/guide/en/elasticsearch/reference/7.16/security-minimal-setup.html to enable security."],[299 Elasticsearch-7.16.1-5b38441b16b1ebb16a27c107a4c3865776e20c53 "[ignore_throttled] parameter is deprecated because frozen indices have been deprecated. Consider cold or frozen tiers in place of frozen indices."]
2023-08-04 12:58:18,614 INFO  [com.dot.ContainerResource] (docker-java-stream-1865446083) STDOUT: 12:58:18.593  WARN  client.RestClient - request [POST http://elasticsearch:9200/cluster_c40f8aa8c9.live_20230804125756/_search?typed_keys=true&max_concurrent_shard_requests=5&ignore_unavailable=false&expand_wildcards=open&allow_no_indices=true&ignore_throttled=true&search_type=query_then_fetch&batched_reduce_size=512&ccs_minimize_roundtrips=true] returned 2 warnings: [299 Elasticsearch-7.16.1-5b38441b16b1ebb16a27c107a4c3865776e20c53 "Elasticsearch built-in security features are not enabled. Without authentication, your cluster could be accessible to anyone. See https://www.elastic.co/guide/en/elasticsearch/reference/7.16/security-minimal-setup.html to enable security."],[299 Elasticsearch-7.16.1-5b38441b16b1ebb16a27c107a4c3865776e20c53 "[ignore_throttled] parameter is deprecated because frozen indices have been deprecated. Consider cold or frozen tiers in place of frozen indices."]
2023-08-04 12:58:18,614 INFO  [com.dot.ContainerResource] (docker-java-stream-1865446083) STDOUT: 12:58:18.596  WARN  client.RestClient - request [POST http://elasticsearch:9200/cluster_c40f8aa8c9.live_20230804125756/_search?typed_keys=true&max_concurrent_shard_requests=5&ignore_unavailable=false&expand_wildcards=open&allow_no_indices=true&ignore_throttled=true&search_type=query_then_fetch&batched_reduce_size=512&ccs_minimize_roundtrips=true] returned 2 warnings: [299 Elasticsearch-7.16.1-5b38441b16b1ebb16a27c107a4c3865776e20c53 "Elasticsearch built-in security features are not enabled. Without authentication, your cluster could be accessible to anyone. See https://www.elastic.co/guide/en/elasticsearch/reference/7.16/security-minimal-setup.html to enable security."],[299 Elasticsearch-7.16.1-5b38441b16b1ebb16a27c107a4c3865776e20c53 "[ignore_throttled] parameter is deprecated because frozen indices have been deprecated. Consider cold or frozen tiers in place of frozen indices."]
2023-08-04 12:58:18,614 INFO  [com.dot.ContainerResource] (docker-java-stream-1865446083) STDOUT: 12:58:18.601  WARN  client.RestClient - request [POST http://elasticsearch:9200/cluster_c40f8aa8c9.live_20230804125756/_search?typed_keys=true&max_concurrent_shard_requests=5&ignore_unavailable=false&expand_wildcards=open&allow_no_indices=true&ignore_throttled=true&search_type=query_then_fetch&batched_reduce_size=512&ccs_minimize_roundtrips=true] returned 2 warnings: [299 Elasticsearch-7.16.1-5b38441b16b1ebb16a27c107a4c3865776e20c53 "Elasticsearch built-in security features are not enabled. Without authentication, your cluster could be accessible to anyone. See https://www.elastic.co/guide/en/elasticsearch/reference/7.16/security-minimal-setup.html to enable security."],[299 Elasticsearch-7.16.1-5b38441b16b1ebb16a27c107a4c3865776e20c53 "[ignore_throttled] parameter is deprecated because frozen indices have been deprecated. Consider cold or frozen tiers in place of frozen indices."]
2023-08-04 12:58:18,614 INFO  [com.dot.ContainerResource] (docker-java-stream-1865446083) STDOUT: 12:58:18.604  WARN  client.RestClient - request [POST http://elasticsearch:9200/cluster_c40f8aa8c9.live_20230804125756/_search?typed_keys=true&max_concurrent_shard_requests=5&ignore_unavailable=false&expand_wildcards=open&allow_no_indices=true&ignore_throttled=true&search_type=query_then_fetch&batched_reduce_size=512&ccs_minimize_roundtrips=true] returned 2 warnings: [299 Elasticsearch-7.16.1-5b38441b16b1ebb16a27c107a4c3865776e20c53 "Elasticsearch built-in security features are not enabled. Without authentication, your cluster could be accessible to anyone. See https://www.elastic.co/guide/en/elasticsearch/reference/7.16/security-minimal-setup.html to enable security."],[299 Elasticsearch-7.16.1-5b38441b16b1ebb16a27c107a4c3865776e20c53 "[ignore_throttled] parameter is deprecated because frozen indices have been deprecated. Consider cold or frozen tiers in place of frozen indices."]
2023-08-04 12:58:18,614 INFO  [com.dot.ContainerResource] (docker-java-stream-1865446083) STDOUT: 12:58:18.609  WARN  client.RestClient - request [POST http://elasticsearch:9200/cluster_c40f8aa8c9.live_20230804125756/_search?typed_keys=true&max_concurrent_shard_requests=5&ignore_unavailable=false&expand_wildcards=open&allow_no_indices=true&ignore_throttled=true&search_type=query_then_fetch&batched_reduce_size=512&ccs_minimize_roundtrips=true] returned 2 warnings: [299 Elasticsearch-7.16.1-5b38441b16b1ebb16a27c107a4c3865776e20c53 "Elasticsearch built-in security features are not enabled. Without authentication, your cluster could be accessible to anyone. See https://www.elastic.co/guide/en/elasticsearch/reference/7.16/security-minimal-setup.html to enable security."],[299 Elasticsearch-7.16.1-5b38441b16b1ebb16a27c107a4c3865776e20c53 "[ignore_throttled] parameter is deprecated because frozen indices have been deprecated. Consider cold or frozen tiers in place of frozen indices."]
2023-08-04 12:58:18,628 INFO  [com.dot.ContainerResource] (docker-java-stream-1865446083) STDOUT: 12:58:18.622  WARN  client.RestClient - request [POST http://elasticsearch:9200/cluster_c40f8aa8c9.live_20230804125756/_search?typed_keys=true&max_concurrent_shard_requests=5&ignore_unavailable=false&expand_wildcards=open&allow_no_indices=true&ignore_throttled=true&search_type=query_then_fetch&batched_reduce_size=512&ccs_minimize_roundtrips=true] returned 2 warnings: [299 Elasticsearch-7.16.1-5b38441b16b1ebb16a27c107a4c3865776e20c53 "Elasticsearch built-in security features are not enabled. Without authentication, your cluster could be accessible to anyone. See https://www.elastic.co/guide/en/elasticsearch/reference/7.16/security-minimal-setup.html to enable security."],[299 Elasticsearch-7.16.1-5b38441b16b1ebb16a27c107a4c3865776e20c53 "[ignore_throttled] parameter is deprecated because frozen indices have been deprecated. Consider cold or frozen tiers in place of frozen indices."]
2023-08-04 12:58:18,642 INFO  [com.dot.ContainerResource] (docker-java-stream-1865446083) STDOUT: 12:58:18.642  WARN  client.RestClient - request [POST http://elasticsearch:9200/cluster_c40f8aa8c9.live_20230804125756/_search?typed_keys=true&max_concurrent_shard_requests=5&ignore_unavailable=false&expand_wildcards=open&allow_no_indices=true&ignore_throttled=true&search_type=query_then_fetch&batched_reduce_size=512&ccs_minimize_roundtrips=true] returned 2 warnings: [299 Elasticsearch-7.16.1-5b38441b16b1ebb16a27c107a4c3865776e20c53 "Elasticsearch built-in security features are not enabled. Without authentication, your cluster could be accessible to anyone. See https://www.elastic.co/guide/en/elasticsearch/reference/7.16/security-minimal-setup.html to enable security."],[299 Elasticsearch-7.16.1-5b38441b16b1ebb16a27c107a4c3865776e20c53 "[ignore_throttled] parameter is deprecated because frozen indices have been deprecated. Consider cold or frozen tiers in place of frozen indices."]
2023-08-04 12:58:18,657 INFO  [com.dot.ContainerResource] (docker-java-stream-1865446083) STDOUT: 12:58:18.657  WARN  client.RestClient - request [POST http://elasticsearch:9200/cluster_c40f8aa8c9.live_20230804125756/_search?typed_keys=true&max_concurrent_shard_requests=5&ignore_unavailable=false&expand_wildcards=open&allow_no_indices=true&ignore_throttled=true&search_type=query_then_fetch&batched_reduce_size=512&ccs_minimize_roundtrips=true] returned 2 warnings: [299 Elasticsearch-7.16.1-5b38441b16b1ebb16a27c107a4c3865776e20c53 "Elasticsearch built-in security features are not enabled. Without authentication, your cluster could be accessible to anyone. See https://www.elastic.co/guide/en/elasticsearch/reference/7.16/security-minimal-setup.html to enable security."],[299 Elasticsearch-7.16.1-5b38441b16b1ebb16a27c107a4c3865776e20c53 "[ignore_throttled] parameter is deprecated because frozen indices have been deprecated. Consider cold or frozen tiers in place of frozen indices."]
2023-08-04 12:58:18,672 INFO  [com.dot.ContainerResource] (docker-java-stream-1865446083) STDOUT: 12:58:18.671  WARN  client.RestClient - request [POST http://elasticsearch:9200/cluster_c40f8aa8c9.live_20230804125756/_search?typed_keys=true&max_concurrent_shard_requests=5&ignore_unavailable=false&expand_wildcards=open&allow_no_indices=true&ignore_throttled=true&search_type=query_then_fetch&batched_reduce_size=512&ccs_minimize_roundtrips=true] returned 2 warnings: [299 Elasticsearch-7.16.1-5b38441b16b1ebb16a27c107a4c3865776e20c53 "Elasticsearch built-in security features are not enabled. Without authentication, your cluster could be accessible to anyone. See https://www.elastic.co/guide/en/elasticsearch/reference/7.16/security-minimal-setup.html to enable security."],[299 Elasticsearch-7.16.1-5b38441b16b1ebb16a27c107a4c3865776e20c53 "[ignore_throttled] parameter is deprecated because frozen indices have been deprecated. Consider cold or frozen tiers in place of frozen indices."]
2023-08-04 12:58:18,682 INFO  [com.dot.ContainerResource] (docker-java-stream-1865446083) STDOUT: 12:58:18.681  WARN  client.RestClient - request [POST http://elasticsearch:9200/cluster_c40f8aa8c9.live_20230804125756/_search?typed_keys=true&max_concurrent_shard_requests=5&ignore_unavailable=false&expand_wildcards=open&allow_no_indices=true&ignore_throttled=true&search_type=query_then_fetch&batched_reduce_size=512&ccs_minimize_roundtrips=true] returned 2 warnings: [299 Elasticsearch-7.16.1-5b38441b16b1ebb16a27c107a4c3865776e20c53 "Elasticsearch built-in security features are not enabled. Without authentication, your cluster could be accessible to anyone. See https://www.elastic.co/guide/en/elasticsearch/reference/7.16/security-minimal-setup.html to enable security."],[299 Elasticsearch-7.16.1-5b38441b16b1ebb16a27c107a4c3865776e20c53 "[ignore_throttled] parameter is deprecated because frozen indices have been deprecated. Consider cold or frozen tiers in place of frozen indices."]
2023-08-04 12:58:18,686 INFO  [com.dot.ContainerResource] (docker-java-stream-1865446083) STDOUT: 12:58:18.685  WARN  client.RestClient - request [POST http://elasticsearch:9200/cluster_c40f8aa8c9.live_20230804125756/_search?typed_keys=true&max_concurrent_shard_requests=5&ignore_unavailable=false&expand_wildcards=open&allow_no_indices=true&ignore_throttled=true&search_type=query_then_fetch&batched_reduce_size=512&ccs_minimize_roundtrips=true] returned 2 warnings: [299 Elasticsearch-7.16.1-5b38441b16b1ebb16a27c107a4c3865776e20c53 "Elasticsearch built-in security features are not enabled. Without authentication, your cluster could be accessible to anyone. See https://www.elastic.co/guide/en/elasticsearch/reference/7.16/security-minimal-setup.html to enable security."],[299 Elasticsearch-7.16.1-5b38441b16b1ebb16a27c107a4c3865776e20c53 "[ignore_throttled] parameter is deprecated because frozen indices have been deprecated. Consider cold or frozen tiers in place of frozen indices."]
2023-08-04 12:58:18,700 INFO  [com.dot.ContainerResource] (docker-java-stream-1865446083) STDOUT: 12:58:18.699  WARN  client.RestClient - request [POST http://elasticsearch:9200/cluster_c40f8aa8c9.live_20230804125756/_search?typed_keys=true&max_concurrent_shard_requests=5&ignore_unavailable=false&expand_wildcards=open&allow_no_indices=true&ignore_throttled=true&search_type=query_then_fetch&batched_reduce_size=512&ccs_minimize_roundtrips=true] returned 2 warnings: [299 Elasticsearch-7.16.1-5b38441b16b1ebb16a27c107a4c3865776e20c53 "Elasticsearch built-in security features are not enabled. Without authentication, your cluster could be accessible to anyone. See https://www.elastic.co/guide/en/elasticsearch/reference/7.16/security-minimal-setup.html to enable security."],[299 Elasticsearch-7.16.1-5b38441b16b1ebb16a27c107a4c3865776e20c53 "[ignore_throttled] parameter is deprecated because frozen indices have been deprecated. Consider cold or frozen tiers in place of frozen indices."]
2023-08-04 12:58:18,705 INFO  [com.dot.ContainerResource] (docker-java-stream-1865446083) STDOUT: 12:58:18.703  WARN  client.RestClient - request [POST http://elasticsearch:9200/cluster_c40f8aa8c9.live_20230804125756/_search?typed_keys=true&max_concurrent_shard_requests=5&ignore_unavailable=false&expand_wildcards=open&allow_no_indices=true&ignore_throttled=true&search_type=query_then_fetch&batched_reduce_size=512&ccs_minimize_roundtrips=true] returned 2 warnings: [299 Elasticsearch-7.16.1-5b38441b16b1ebb16a27c107a4c3865776e20c53 "Elasticsearch built-in security features are not enabled. Without authentication, your cluster could be accessible to anyone. See https://www.elastic.co/guide/en/elasticsearch/reference/7.16/security-minimal-setup.html to enable security."],[299 Elasticsearch-7.16.1-5b38441b16b1ebb16a27c107a4c3865776e20c53 "[ignore_throttled] parameter is deprecated because frozen indices have been deprecated. Consider cold or frozen tiers in place of frozen indices."]
2023-08-04 12:58:18,712 INFO  [com.dot.ContainerResource] (docker-java-stream-1865446083) STDOUT: 12:58:18.711  WARN  client.RestClient - request [POST http://elasticsearch:9200/cluster_c40f8aa8c9.live_20230804125756/_search?typed_keys=true&max_concurrent_shard_requests=5&ignore_unavailable=false&expand_wildcards=open&allow_no_indices=true&ignore_throttled=true&search_type=query_then_fetch&batched_reduce_size=512&ccs_minimize_roundtrips=true] returned 2 warnings: [299 Elasticsearch-7.16.1-5b38441b16b1ebb16a27c107a4c3865776e20c53 "Elasticsearch built-in security features are not enabled. Without authentication, your cluster could be accessible to anyone. See https://www.elastic.co/guide/en/elasticsearch/reference/7.16/security-minimal-setup.html to enable security."],[299 Elasticsearch-7.16.1-5b38441b16b1ebb16a27c107a4c3865776e20c53 "[ignore_throttled] parameter is deprecated because frozen indices have been deprecated. Consider cold or frozen tiers in place of frozen indices."]
2023-08-04 12:58:18,730 INFO  [com.dot.ContainerResource] (docker-java-stream-1865446083) STDOUT: 12:58:18.728  WARN  client.RestClient - request [POST http://elasticsearch:9200/cluster_c40f8aa8c9.live_20230804125756/_search?typed_keys=true&max_concurrent_shard_requests=5&ignore_unavailable=false&expand_wildcards=open&allow_no_indices=true&ignore_throttled=true&search_type=query_then_fetch&batched_reduce_size=512&ccs_minimize_roundtrips=true] returned 2 warnings: [299 Elasticsearch-7.16.1-5b38441b16b1ebb16a27c107a4c3865776e20c53 "Elasticsearch built-in security features are not enabled. Without authentication, your cluster could be accessible to anyone. See https://www.elastic.co/guide/en/elasticsearch/reference/7.16/security-minimal-setup.html to enable security."],[299 Elasticsearch-7.16.1-5b38441b16b1ebb16a27c107a4c3865776e20c53 "[ignore_throttled] parameter is deprecated because frozen indices have been deprecated. Consider cold or frozen tiers in place of frozen indices."]
2023-08-04 12:58:18,735 INFO  [com.dot.ContainerResource] (docker-java-stream-1865446083) STDOUT: 12:58:18.733  WARN  client.RestClient - request [POST http://elasticsearch:9200/cluster_c40f8aa8c9.live_20230804125756/_search?typed_keys=true&max_concurrent_shard_requests=5&ignore_unavailable=false&expand_wildcards=open&allow_no_indices=true&ignore_throttled=true&search_type=query_then_fetch&batched_reduce_size=512&ccs_minimize_roundtrips=true] returned 2 warnings: [299 Elasticsearch-7.16.1-5b38441b16b1ebb16a27c107a4c3865776e20c53 "Elasticsearch built-in security features are not enabled. Without authentication, your cluster could be accessible to anyone. See https://www.elastic.co/guide/en/elasticsearch/reference/7.16/security-minimal-setup.html to enable security."],[299 Elasticsearch-7.16.1-5b38441b16b1ebb16a27c107a4c3865776e20c53 "[ignore_throttled] parameter is deprecated because frozen indices have been deprecated. Consider cold or frozen tiers in place of frozen indices."]
2023-08-04 12:58:18,747 INFO  [com.dot.ContainerResource] (docker-java-stream-1865446083) STDOUT: 12:58:18.745  WARN  client.RestClient - request [POST http://elasticsearch:9200/cluster_c40f8aa8c9.live_20230804125756/_search?typed_keys=true&max_concurrent_shard_requests=5&ignore_unavailable=false&expand_wildcards=open&allow_no_indices=true&ignore_throttled=true&search_type=query_then_fetch&batched_reduce_size=512&ccs_minimize_roundtrips=true] returned 2 warnings: [299 Elasticsearch-7.16.1-5b38441b16b1ebb16a27c107a4c3865776e20c53 "Elasticsearch built-in security features are not enabled. Without authentication, your cluster could be accessible to anyone. See https://www.elastic.co/guide/en/elasticsearch/reference/7.16/security-minimal-setup.html to enable security."],[299 Elasticsearch-7.16.1-5b38441b16b1ebb16a27c107a4c3865776e20c53 "[ignore_throttled] parameter is deprecated because frozen indices have been deprecated. Consider cold or frozen tiers in place of frozen indices."]
2023-08-04 12:58:18,756 INFO  [com.dot.ContainerResource] (docker-java-stream-1865446083) STDOUT: 12:58:18.755  WARN  client.RestClient - request [POST http://elasticsearch:9200/cluster_c40f8aa8c9.live_20230804125756/_search?typed_keys=true&max_concurrent_shard_requests=5&ignore_unavailable=false&expand_wildcards=open&allow_no_indices=true&ignore_throttled=true&search_type=query_then_fetch&batched_reduce_size=512&ccs_minimize_roundtrips=true] returned 2 warnings: [299 Elasticsearch-7.16.1-5b38441b16b1ebb16a27c107a4c3865776e20c53 "Elasticsearch built-in security features are not enabled. Without authentication, your cluster could be accessible to anyone. See https://www.elastic.co/guide/en/elasticsearch/reference/7.16/security-minimal-setup.html to enable security."],[299 Elasticsearch-7.16.1-5b38441b16b1ebb16a27c107a4c3865776e20c53 "[ignore_throttled] parameter is deprecated because frozen indices have been deprecated. Consider cold or frozen tiers in place of frozen indices."]
2023-08-04 12:58:18,763 INFO  [com.dot.ContainerResource] (docker-java-stream-1865446083) STDOUT: 12:58:18.763  WARN  client.RestClient - request [POST http://elasticsearch:9200/cluster_c40f8aa8c9.live_20230804125756/_search?typed_keys=true&max_concurrent_shard_requests=5&ignore_unavailable=false&expand_wildcards=open&allow_no_indices=true&ignore_throttled=true&search_type=query_then_fetch&batched_reduce_size=512&ccs_minimize_roundtrips=true] returned 2 warnings: [299 Elasticsearch-7.16.1-5b38441b16b1ebb16a27c107a4c3865776e20c53 "Elasticsearch built-in security features are not enabled. Without authentication, your cluster could be accessible to anyone. See https://www.elastic.co/guide/en/elasticsearch/reference/7.16/security-minimal-setup.html to enable security."],[299 Elasticsearch-7.16.1-5b38441b16b1ebb16a27c107a4c3865776e20c53 "[ignore_throttled] parameter is deprecated because frozen indices have been deprecated. Consider cold or frozen tiers in place of frozen indices."]
2023-08-04 12:58:18,768 INFO  [com.dot.ContainerResource] (docker-java-stream-1865446083) STDOUT: 12:58:18.767  WARN  client.RestClient - request [POST http://elasticsearch:9200/cluster_c40f8aa8c9.live_20230804125756/_search?typed_keys=true&max_concurrent_shard_requests=5&ignore_unavailable=false&expand_wildcards=open&allow_no_indices=true&ignore_throttled=true&search_type=query_then_fetch&batched_reduce_size=512&ccs_minimize_roundtrips=true] returned 2 warnings: [299 Elasticsearch-7.16.1-5b38441b16b1ebb16a27c107a4c3865776e20c53 "Elasticsearch built-in security features are not enabled. Without authentication, your cluster could be accessible to anyone. See https://www.elastic.co/guide/en/elasticsearch/reference/7.16/security-minimal-setup.html to enable security."],[299 Elasticsearch-7.16.1-5b38441b16b1ebb16a27c107a4c3865776e20c53 "[ignore_throttled] parameter is deprecated because frozen indices have been deprecated. Consider cold or frozen tiers in place of frozen indices."]
2023-08-04 12:58:18,773 INFO  [com.dot.ContainerResource] (docker-java-stream-1865446083) STDOUT: 12:58:18.772  WARN  client.RestClient - request [POST http://elasticsearch:9200/cluster_c40f8aa8c9.live_20230804125756/_search?typed_keys=true&max_concurrent_shard_requests=5&ignore_unavailable=false&expand_wildcards=open&allow_no_indices=true&ignore_throttled=true&search_type=query_then_fetch&batched_reduce_size=512&ccs_minimize_roundtrips=true] returned 2 warnings: [299 Elasticsearch-7.16.1-5b38441b16b1ebb16a27c107a4c3865776e20c53 "Elasticsearch built-in security features are not enabled. Without authentication, your cluster could be accessible to anyone. See https://www.elastic.co/guide/en/elasticsearch/reference/7.16/security-minimal-setup.html to enable security."],[299 Elasticsearch-7.16.1-5b38441b16b1ebb16a27c107a4c3865776e20c53 "[ignore_throttled] parameter is deprecated because frozen indices have been deprecated. Consider cold or frozen tiers in place of frozen indices."]
2023-08-04 12:58:18,781 INFO  [com.dot.ContainerResource] (docker-java-stream-1865446083) STDOUT: 12:58:18.780  WARN  client.RestClient - request [POST http://elasticsearch:9200/cluster_c40f8aa8c9.live_20230804125756/_search?typed_keys=true&max_concurrent_shard_requests=5&ignore_unavailable=false&expand_wildcards=open&allow_no_indices=true&ignore_throttled=true&search_type=query_then_fetch&batched_reduce_size=512&ccs_minimize_roundtrips=true] returned 2 warnings: [299 Elasticsearch-7.16.1-5b38441b16b1ebb16a27c107a4c3865776e20c53 "Elasticsearch built-in security features are not enabled. Without authentication, your cluster could be accessible to anyone. See https://www.elastic.co/guide/en/elasticsearch/reference/7.16/security-minimal-setup.html to enable security."],[299 Elasticsearch-7.16.1-5b38441b16b1ebb16a27c107a4c3865776e20c53 "[ignore_throttled] parameter is deprecated because frozen indices have been deprecated. Consider cold or frozen tiers in place of frozen indices."]
2023-08-04 12:58:18,785 INFO  [com.dot.ContainerResource] (docker-java-stream-1865446083) STDOUT: 12:58:18.784  WARN  client.RestClient - request [POST http://elasticsearch:9200/cluster_c40f8aa8c9.live_20230804125756/_search?typed_keys=true&max_concurrent_shard_requests=5&ignore_unavailable=false&expand_wildcards=open&allow_no_indices=true&ignore_throttled=true&search_type=query_then_fetch&batched_reduce_size=512&ccs_minimize_roundtrips=true] returned 2 warnings: [299 Elasticsearch-7.16.1-5b38441b16b1ebb16a27c107a4c3865776e20c53 "Elasticsearch built-in security features are not enabled. Without authentication, your cluster could be accessible to anyone. See https://www.elastic.co/guide/en/elasticsearch/reference/7.16/security-minimal-setup.html to enable security."],[299 Elasticsearch-7.16.1-5b38441b16b1ebb16a27c107a4c3865776e20c53 "[ignore_throttled] parameter is deprecated because frozen indices have been deprecated. Consider cold or frozen tiers in place of frozen indices."]
2023-08-04 12:58:18,790 INFO  [com.dot.ContainerResource] (docker-java-stream-1865446083) STDOUT: 12:58:18.790  WARN  client.RestClient - request [POST http://elasticsearch:9200/cluster_c40f8aa8c9.live_20230804125756/_search?typed_keys=true&max_concurrent_shard_requests=5&ignore_unavailable=false&expand_wildcards=open&allow_no_indices=true&ignore_throttled=true&search_type=query_then_fetch&batched_reduce_size=512&ccs_minimize_roundtrips=true] returned 2 warnings: [299 Elasticsearch-7.16.1-5b38441b16b1ebb16a27c107a4c3865776e20c53 "Elasticsearch built-in security features are not enabled. Without authentication, your cluster could be accessible to anyone. See https://www.elastic.co/guide/en/elasticsearch/reference/7.16/security-minimal-setup.html to enable security."],[299 Elasticsearch-7.16.1-5b38441b16b1ebb16a27c107a4c3865776e20c53 "[ignore_throttled] parameter is deprecated because frozen indices have been deprecated. Consider cold or frozen tiers in place of frozen indices."]
2023-08-04 12:58:18,794 INFO  [com.dot.ContainerResource] (docker-java-stream-1865446083) STDOUT: 12:58:18.794  WARN  client.RestClient - request [POST http://elasticsearch:9200/cluster_c40f8aa8c9.live_20230804125756/_search?typed_keys=true&max_concurrent_shard_requests=5&ignore_unavailable=false&expand_wildcards=open&allow_no_indices=true&ignore_throttled=true&search_type=query_then_fetch&batched_reduce_size=512&ccs_minimize_roundtrips=true] returned 2 warnings: [299 Elasticsearch-7.16.1-5b38441b16b1ebb16a27c107a4c3865776e20c53 "Elasticsearch built-in security features are not enabled. Without authentication, your cluster could be accessible to anyone. See https://www.elastic.co/guide/en/elasticsearch/reference/7.16/security-minimal-setup.html to enable security."],[299 Elasticsearch-7.16.1-5b38441b16b1ebb16a27c107a4c3865776e20c53 "[ignore_throttled] parameter is deprecated because frozen indices have been deprecated. Consider cold or frozen tiers in place of frozen indices."]
2023-08-04 12:58:18,801 INFO  [com.dot.ContainerResource] (docker-java-stream-1865446083) STDOUT: 12:58:18.800  WARN  client.RestClient - request [POST http://elasticsearch:9200/cluster_c40f8aa8c9.live_20230804125756/_search?typed_keys=true&max_concurrent_shard_requests=5&ignore_unavailable=false&expand_wildcards=open&allow_no_indices=true&ignore_throttled=true&search_type=query_then_fetch&batched_reduce_size=512&ccs_minimize_roundtrips=true] returned 2 warnings: [299 Elasticsearch-7.16.1-5b38441b16b1ebb16a27c107a4c3865776e20c53 "Elasticsearch built-in security features are not enabled. Without authentication, your cluster could be accessible to anyone. See https://www.elastic.co/guide/en/elasticsearch/reference/7.16/security-minimal-setup.html to enable security."],[299 Elasticsearch-7.16.1-5b38441b16b1ebb16a27c107a4c3865776e20c53 "[ignore_throttled] parameter is deprecated because frozen indices have been deprecated. Consider cold or frozen tiers in place of frozen indices."]
2023-08-04 12:58:18,911 INFO  [com.dot.ContainerResource] (docker-java-stream-1865446083) STDOUT: 12:58:18.910  WARN  client.RestClient - request [POST http://elasticsearch:9200/cluster_c40f8aa8c9.live_20230804125756/_search?typed_keys=true&max_concurrent_shard_requests=5&ignore_unavailable=false&expand_wildcards=open&allow_no_indices=true&ignore_throttled=true&search_type=query_then_fetch&batched_reduce_size=512&ccs_minimize_roundtrips=true] returned 2 warnings: [299 Elasticsearch-7.16.1-5b38441b16b1ebb16a27c107a4c3865776e20c53 "Elasticsearch built-in security features are not enabled. Without authentication, your cluster could be accessible to anyone. See https://www.elastic.co/guide/en/elasticsearch/reference/7.16/security-minimal-setup.html to enable security."],[299 Elasticsearch-7.16.1-5b38441b16b1ebb16a27c107a4c3865776e20c53 "[ignore_throttled] parameter is deprecated because frozen indices have been deprecated. Consider cold or frozen tiers in place of frozen indices."]
2023-08-04 12:58:18,934 INFO  [com.dot.ContainerResource] (docker-java-stream-1865446083) STDOUT: 12:58:18.934  WARN  client.RestClient - request [POST http://elasticsearch:9200/cluster_c40f8aa8c9.live_20230804125756/_search?typed_keys=true&max_concurrent_shard_requests=5&ignore_unavailable=false&expand_wildcards=open&allow_no_indices=true&ignore_throttled=true&search_type=query_then_fetch&batched_reduce_size=512&ccs_minimize_roundtrips=true] returned 2 warnings: [299 Elasticsearch-7.16.1-5b38441b16b1ebb16a27c107a4c3865776e20c53 "Elasticsearch built-in security features are not enabled. Without authentication, your cluster could be accessible to anyone. See https://www.elastic.co/guide/en/elasticsearch/reference/7.16/security-minimal-setup.html to enable security."],[299 Elasticsearch-7.16.1-5b38441b16b1ebb16a27c107a4c3865776e20c53 "[ignore_throttled] parameter is deprecated because frozen indices have been deprecated. Consider cold or frozen tiers in place of frozen indices."]
2023-08-04 12:58:18,952 INFO  [com.dot.ContainerResource] (docker-java-stream-1865446083) STDOUT: 12:58:18.951  WARN  client.RestClient - request [POST http://elasticsearch:9200/cluster_c40f8aa8c9.live_20230804125756/_search?typed_keys=true&max_concurrent_shard_requests=5&ignore_unavailable=false&expand_wildcards=open&allow_no_indices=true&ignore_throttled=true&search_type=query_then_fetch&batched_reduce_size=512&ccs_minimize_roundtrips=true] returned 2 warnings: [299 Elasticsearch-7.16.1-5b38441b16b1ebb16a27c107a4c3865776e20c53 "Elasticsearch built-in security features are not enabled. Without authentication, your cluster could be accessible to anyone. See https://www.elastic.co/guide/en/elasticsearch/reference/7.16/security-minimal-setup.html to enable security."],[299 Elasticsearch-7.16.1-5b38441b16b1ebb16a27c107a4c3865776e20c53 "[ignore_throttled] parameter is deprecated because frozen indices have been deprecated. Consider cold or frozen tiers in place of frozen indices."]
2023-08-04 12:58:18,964 INFO  [com.dot.ContainerResource] (docker-java-stream-1865446083) STDOUT: 12:58:18.963  WARN  client.RestClient - request [POST http://elasticsearch:9200/cluster_c40f8aa8c9.live_20230804125756/_search?typed_keys=true&max_concurrent_shard_requests=5&ignore_unavailable=false&expand_wildcards=open&allow_no_indices=true&ignore_throttled=true&search_type=query_then_fetch&batched_reduce_size=512&ccs_minimize_roundtrips=true] returned 2 warnings: [299 Elasticsearch-7.16.1-5b38441b16b1ebb16a27c107a4c3865776e20c53 "Elasticsearch built-in security features are not enabled. Without authentication, your cluster could be accessible to anyone. See https://www.elastic.co/guide/en/elasticsearch/reference/7.16/security-minimal-setup.html to enable security."],[299 Elasticsearch-7.16.1-5b38441b16b1ebb16a27c107a4c3865776e20c53 "[ignore_throttled] parameter is deprecated because frozen indices have been deprecated. Consider cold or frozen tiers in place of frozen indices."]
2023-08-04 12:58:18,980 INFO  [com.dot.ContainerResource] (docker-java-stream-1865446083) STDOUT: 12:58:18.974  WARN  client.RestClient - request [POST http://elasticsearch:9200/cluster_c40f8aa8c9.live_20230804125756/_search?typed_keys=true&max_concurrent_shard_requests=5&ignore_unavailable=false&expand_wildcards=open&allow_no_indices=true&ignore_throttled=true&search_type=query_then_fetch&batched_reduce_size=512&ccs_minimize_roundtrips=true] returned 2 warnings: [299 Elasticsearch-7.16.1-5b38441b16b1ebb16a27c107a4c3865776e20c53 "Elasticsearch built-in security features are not enabled. Without authentication, your cluster could be accessible to anyone. See https://www.elastic.co/guide/en/elasticsearch/reference/7.16/security-minimal-setup.html to enable security."],[299 Elasticsearch-7.16.1-5b38441b16b1ebb16a27c107a4c3865776e20c53 "[ignore_throttled] parameter is deprecated because frozen indices have been deprecated. Consider cold or frozen tiers in place of frozen indices."]
2023-08-04 12:58:18,991 INFO  [com.dot.ContainerResource] (docker-java-stream-1865446083) STDOUT: 12:58:18.990  WARN  client.RestClient - request [POST http://elasticsearch:9200/cluster_c40f8aa8c9.live_20230804125756/_search?typed_keys=true&max_concurrent_shard_requests=5&ignore_unavailable=false&expand_wildcards=open&allow_no_indices=true&ignore_throttled=true&search_type=query_then_fetch&batched_reduce_size=512&ccs_minimize_roundtrips=true] returned 2 warnings: [299 Elasticsearch-7.16.1-5b38441b16b1ebb16a27c107a4c3865776e20c53 "Elasticsearch built-in security features are not enabled. Without authentication, your cluster could be accessible to anyone. See https://www.elastic.co/guide/en/elasticsearch/reference/7.16/security-minimal-setup.html to enable security."],[299 Elasticsearch-7.16.1-5b38441b16b1ebb16a27c107a4c3865776e20c53 "[ignore_throttled] parameter is deprecated because frozen indices have been deprecated. Consider cold or frozen tiers in place of frozen indices."]
2023-08-04 12:58:19,003 INFO  [com.dot.ContainerResource] (docker-java-stream-1865446083) STDOUT: 12:58:19.001  WARN  client.RestClient - request [POST http://elasticsearch:9200/cluster_c40f8aa8c9.live_20230804125756/_search?typed_keys=true&max_concurrent_shard_requests=5&ignore_unavailable=false&expand_wildcards=open&allow_no_indices=true&ignore_throttled=true&search_type=query_then_fetch&batched_reduce_size=512&ccs_minimize_roundtrips=true] returned 2 warnings: [299 Elasticsearch-7.16.1-5b38441b16b1ebb16a27c107a4c3865776e20c53 "Elasticsearch built-in security features are not enabled. Without authentication, your cluster could be accessible to anyone. See https://www.elastic.co/guide/en/elasticsearch/reference/7.16/security-minimal-setup.html to enable security."],[299 Elasticsearch-7.16.1-5b38441b16b1ebb16a27c107a4c3865776e20c53 "[ignore_throttled] parameter is deprecated because frozen indices have been deprecated. Consider cold or frozen tiers in place of frozen indices."]
2023-08-04 12:58:19,007 INFO  [com.dot.ContainerResource] (docker-java-stream-1865446083) STDOUT: 12:58:19.006  WARN  client.RestClient - request [POST http://elasticsearch:9200/cluster_c40f8aa8c9.live_20230804125756/_search?typed_keys=true&max_concurrent_shard_requests=5&ignore_unavailable=false&expand_wildcards=open&allow_no_indices=true&ignore_throttled=true&search_type=query_then_fetch&batched_reduce_size=512&ccs_minimize_roundtrips=true] returned 2 warnings: [299 Elasticsearch-7.16.1-5b38441b16b1ebb16a27c107a4c3865776e20c53 "Elasticsearch built-in security features are not enabled. Without authentication, your cluster could be accessible to anyone. See https://www.elastic.co/guide/en/elasticsearch/reference/7.16/security-minimal-setup.html to enable security."],[299 Elasticsearch-7.16.1-5b38441b16b1ebb16a27c107a4c3865776e20c53 "[ignore_throttled] parameter is deprecated because frozen indices have been deprecated. Consider cold or frozen tiers in place of frozen indices."]
2023-08-04 12:58:19,018 INFO  [com.dot.ContainerResource] (docker-java-stream-1865446083) STDOUT: 12:58:19.017  WARN  client.RestClient - request [POST http://elasticsearch:9200/cluster_c40f8aa8c9.live_20230804125756/_search?typed_keys=true&max_concurrent_shard_requests=5&ignore_unavailable=false&expand_wildcards=open&allow_no_indices=true&ignore_throttled=true&search_type=query_then_fetch&batched_reduce_size=512&ccs_minimize_roundtrips=true] returned 2 warnings: [299 Elasticsearch-7.16.1-5b38441b16b1ebb16a27c107a4c3865776e20c53 "Elasticsearch built-in security features are not enabled. Without authentication, your cluster could be accessible to anyone. See https://www.elastic.co/guide/en/elasticsearch/reference/7.16/security-minimal-setup.html to enable security."],[299 Elasticsearch-7.16.1-5b38441b16b1ebb16a27c107a4c3865776e20c53 "[ignore_throttled] parameter is deprecated because frozen indices have been deprecated. Consider cold or frozen tiers in place of frozen indices."]
2023-08-04 12:58:19,025 INFO  [com.dot.ContainerResource] (docker-java-stream-1865446083) STDOUT: 12:58:19.024  WARN  client.RestClient - request [POST http://elasticsearch:9200/cluster_c40f8aa8c9.live_20230804125756/_search?typed_keys=true&max_concurrent_shard_requests=5&ignore_unavailable=false&expand_wildcards=open&allow_no_indices=true&ignore_throttled=true&search_type=query_then_fetch&batched_reduce_size=512&ccs_minimize_roundtrips=true] returned 2 warnings: [299 Elasticsearch-7.16.1-5b38441b16b1ebb16a27c107a4c3865776e20c53 "Elasticsearch built-in security features are not enabled. Without authentication, your cluster could be accessible to anyone. See https://www.elastic.co/guide/en/elasticsearch/reference/7.16/security-minimal-setup.html to enable security."],[299 Elasticsearch-7.16.1-5b38441b16b1ebb16a27c107a4c3865776e20c53 "[ignore_throttled] parameter is deprecated because frozen indices have been deprecated. Consider cold or frozen tiers in place of frozen indices."]
2023-08-04 12:58:19,033 INFO  [com.dot.ContainerResource] (docker-java-stream-1865446083) STDOUT: 12:58:19.032  WARN  client.RestClient - request [POST http://elasticsearch:9200/cluster_c40f8aa8c9.live_20230804125756/_search?typed_keys=true&max_concurrent_shard_requests=5&ignore_unavailable=false&expand_wildcards=open&allow_no_indices=true&ignore_throttled=true&search_type=query_then_fetch&batched_reduce_size=512&ccs_minimize_roundtrips=true] returned 2 warnings: [299 Elasticsearch-7.16.1-5b38441b16b1ebb16a27c107a4c3865776e20c53 "Elasticsearch built-in security features are not enabled. Without authentication, your cluster could be accessible to anyone. See https://www.elastic.co/guide/en/elasticsearch/reference/7.16/security-minimal-setup.html to enable security."],[299 Elasticsearch-7.16.1-5b38441b16b1ebb16a27c107a4c3865776e20c53 "[ignore_throttled] parameter is deprecated because frozen indices have been deprecated. Consider cold or frozen tiers in place of frozen indices."]
2023-08-04 12:58:19,045 INFO  [com.dot.ContainerResource] (docker-java-stream-1865446083) STDOUT: 12:58:19.044  WARN  client.RestClient - request [POST http://elasticsearch:9200/cluster_c40f8aa8c9.live_20230804125756/_search?typed_keys=true&max_concurrent_shard_requests=5&ignore_unavailable=false&expand_wildcards=open&allow_no_indices=true&ignore_throttled=true&search_type=query_then_fetch&batched_reduce_size=512&ccs_minimize_roundtrips=true] returned 2 warnings: [299 Elasticsearch-7.16.1-5b38441b16b1ebb16a27c107a4c3865776e20c53 "Elasticsearch built-in security features are not enabled. Without authentication, your cluster could be accessible to anyone. See https://www.elastic.co/guide/en/elasticsearch/reference/7.16/security-minimal-setup.html to enable security."],[299 Elasticsearch-7.16.1-5b38441b16b1ebb16a27c107a4c3865776e20c53 "[ignore_throttled] parameter is deprecated because frozen indices have been deprecated. Consider cold or frozen tiers in place of frozen indices."]
2023-08-04 12:58:19,053 INFO  [com.dot.ContainerResource] (docker-java-stream-1865446083) STDOUT: 12:58:19.052  WARN  client.RestClient - request [POST http://elasticsearch:9200/cluster_c40f8aa8c9.live_20230804125756/_search?typed_keys=true&max_concurrent_shard_requests=5&ignore_unavailable=false&expand_wildcards=open&allow_no_indices=true&ignore_throttled=true&search_type=query_then_fetch&batched_reduce_size=512&ccs_minimize_roundtrips=true] returned 2 warnings: [299 Elasticsearch-7.16.1-5b38441b16b1ebb16a27c107a4c3865776e20c53 "Elasticsearch built-in security features are not enabled. Without authentication, your cluster could be accessible to anyone. See https://www.elastic.co/guide/en/elasticsearch/reference/7.16/security-minimal-setup.html to enable security."],[299 Elasticsearch-7.16.1-5b38441b16b1ebb16a27c107a4c3865776e20c53 "[ignore_throttled] parameter is deprecated because frozen indices have been deprecated. Consider cold or frozen tiers in place of frozen indices."]
2023-08-04 12:58:19,060 INFO  [com.dot.ContainerResource] (docker-java-stream-1865446083) STDOUT: 12:58:19.060  WARN  client.RestClient - request [POST http://elasticsearch:9200/cluster_c40f8aa8c9.live_20230804125756/_search?typed_keys=true&max_concurrent_shard_requests=5&ignore_unavailable=false&expand_wildcards=open&allow_no_indices=true&ignore_throttled=true&search_type=query_then_fetch&batched_reduce_size=512&ccs_minimize_roundtrips=true] returned 2 warnings: [299 Elasticsearch-7.16.1-5b38441b16b1ebb16a27c107a4c3865776e20c53 "Elasticsearch built-in security features are not enabled. Without authentication, your cluster could be accessible to anyone. See https://www.elastic.co/guide/en/elasticsearch/reference/7.16/security-minimal-setup.html to enable security."],[299 Elasticsearch-7.16.1-5b38441b16b1ebb16a27c107a4c3865776e20c53 "[ignore_throttled] parameter is deprecated because frozen indices have been deprecated. Consider cold or frozen tiers in place of frozen indices."]
2023-08-04 12:58:19,064 INFO  [com.dot.ContainerResource] (docker-java-stream-1865446083) STDOUT: 12:58:19.064  WARN  client.RestClient - request [POST http://elasticsearch:9200/cluster_c40f8aa8c9.live_20230804125756/_search?typed_keys=true&max_concurrent_shard_requests=5&ignore_unavailable=false&expand_wildcards=open&allow_no_indices=true&ignore_throttled=true&search_type=query_then_fetch&batched_reduce_size=512&ccs_minimize_roundtrips=true] returned 2 warnings: [299 Elasticsearch-7.16.1-5b38441b16b1ebb16a27c107a4c3865776e20c53 "Elasticsearch built-in security features are not enabled. Without authentication, your cluster could be accessible to anyone. See https://www.elastic.co/guide/en/elasticsearch/reference/7.16/security-minimal-setup.html to enable security."],[299 Elasticsearch-7.16.1-5b38441b16b1ebb16a27c107a4c3865776e20c53 "[ignore_throttled] parameter is deprecated because frozen indices have been deprecated. Consider cold or frozen tiers in place of frozen indices."]
2023-08-04 12:58:19,071 INFO  [com.dot.ContainerResource] (docker-java-stream-1865446083) STDOUT: 12:58:19.071  WARN  client.RestClient - request [POST http://elasticsearch:9200/cluster_c40f8aa8c9.live_20230804125756/_search?typed_keys=true&max_concurrent_shard_requests=5&ignore_unavailable=false&expand_wildcards=open&allow_no_indices=true&ignore_throttled=true&search_type=query_then_fetch&batched_reduce_size=512&ccs_minimize_roundtrips=true] returned 2 warnings: [299 Elasticsearch-7.16.1-5b38441b16b1ebb16a27c107a4c3865776e20c53 "Elasticsearch built-in security features are not enabled. Without authentication, your cluster could be accessible to anyone. See https://www.elastic.co/guide/en/elasticsearch/reference/7.16/security-minimal-setup.html to enable security."],[299 Elasticsearch-7.16.1-5b38441b16b1ebb16a27c107a4c3865776e20c53 "[ignore_throttled] parameter is deprecated because frozen indices have been deprecated. Consider cold or frozen tiers in place of frozen indices."]
2023-08-04 12:58:19,079 INFO  [com.dot.ContainerResource] (docker-java-stream-1865446083) STDOUT: 12:58:19.078  WARN  client.RestClient - request [POST http://elasticsearch:9200/cluster_c40f8aa8c9.live_20230804125756/_search?typed_keys=true&max_concurrent_shard_requests=5&ignore_unavailable=false&expand_wildcards=open&allow_no_indices=true&ignore_throttled=true&search_type=query_then_fetch&batched_reduce_size=512&ccs_minimize_roundtrips=true] returned 2 warnings: [299 Elasticsearch-7.16.1-5b38441b16b1ebb16a27c107a4c3865776e20c53 "Elasticsearch built-in security features are not enabled. Without authentication, your cluster could be accessible to anyone. See https://www.elastic.co/guide/en/elasticsearch/reference/7.16/security-minimal-setup.html to enable security."],[299 Elasticsearch-7.16.1-5b38441b16b1ebb16a27c107a4c3865776e20c53 "[ignore_throttled] parameter is deprecated because frozen indices have been deprecated. Consider cold or frozen tiers in place of frozen indices."]
2023-08-04 12:58:19,088 INFO  [com.dot.ContainerResource] (docker-java-stream-1865446083) STDOUT: 12:58:19.085  WARN  client.RestClient - request [POST http://elasticsearch:9200/cluster_c40f8aa8c9.live_20230804125756/_search?typed_keys=true&max_concurrent_shard_requests=5&ignore_unavailable=false&expand_wildcards=open&allow_no_indices=true&ignore_throttled=true&search_type=query_then_fetch&batched_reduce_size=512&ccs_minimize_roundtrips=true] returned 2 warnings: [299 Elasticsearch-7.16.1-5b38441b16b1ebb16a27c107a4c3865776e20c53 "Elasticsearch built-in security features are not enabled. Without authentication, your cluster could be accessible to anyone. See https://www.elastic.co/guide/en/elasticsearch/reference/7.16/security-minimal-setup.html to enable security."],[299 Elasticsearch-7.16.1-5b38441b16b1ebb16a27c107a4c3865776e20c53 "[ignore_throttled] parameter is deprecated because frozen indices have been deprecated. Consider cold or frozen tiers in place of frozen indices."]
2023-08-04 12:58:19,092 INFO  [com.dot.ContainerResource] (docker-java-stream-1865446083) STDOUT: 12:58:19.092  WARN  client.RestClient - request [POST http://elasticsearch:9200/cluster_c40f8aa8c9.live_20230804125756/_search?typed_keys=true&max_concurrent_shard_requests=5&ignore_unavailable=false&expand_wildcards=open&allow_no_indices=true&ignore_throttled=true&search_type=query_then_fetch&batched_reduce_size=512&ccs_minimize_roundtrips=true] returned 2 warnings: [299 Elasticsearch-7.16.1-5b38441b16b1ebb16a27c107a4c3865776e20c53 "Elasticsearch built-in security features are not enabled. Without authentication, your cluster could be accessible to anyone. See https://www.elastic.co/guide/en/elasticsearch/reference/7.16/security-minimal-setup.html to enable security."],[299 Elasticsearch-7.16.1-5b38441b16b1ebb16a27c107a4c3865776e20c53 "[ignore_throttled] parameter is deprecated because frozen indices have been deprecated. Consider cold or frozen tiers in place of frozen indices."]
2023-08-04 12:58:19,120 INFO  [com.dot.ContainerResource] (docker-java-stream-1865446083) STDOUT: 12:58:19.098  WARN  client.RestClient - request [POST http://elasticsearch:9200/cluster_c40f8aa8c9.live_20230804125756/_search?typed_keys=true&max_concurrent_shard_requests=5&ignore_unavailable=false&expand_wildcards=open&allow_no_indices=true&ignore_throttled=true&search_type=query_then_fetch&batched_reduce_size=512&ccs_minimize_roundtrips=true] returned 2 warnings: [299 Elasticsearch-7.16.1-5b38441b16b1ebb16a27c107a4c3865776e20c53 "Elasticsearch built-in security features are not enabled. Without authentication, your cluster could be accessible to anyone. See https://www.elastic.co/guide/en/elasticsearch/reference/7.16/security-minimal-setup.html to enable security."],[299 Elasticsearch-7.16.1-5b38441b16b1ebb16a27c107a4c3865776e20c53 "[ignore_throttled] parameter is deprecated because frozen indices have been deprecated. Consider cold or frozen tiers in place of frozen indices."]
2023-08-04 12:58:19,120 INFO  [com.dot.ContainerResource] (docker-java-stream-1865446083) STDOUT: 12:58:19.102  WARN  client.RestClient - request [POST http://elasticsearch:9200/cluster_c40f8aa8c9.live_20230804125756/_search?typed_keys=true&max_concurrent_shard_requests=5&ignore_unavailable=false&expand_wildcards=open&allow_no_indices=true&ignore_throttled=true&search_type=query_then_fetch&batched_reduce_size=512&ccs_minimize_roundtrips=true] returned 2 warnings: [299 Elasticsearch-7.16.1-5b38441b16b1ebb16a27c107a4c3865776e20c53 "Elasticsearch built-in security features are not enabled. Without authentication, your cluster could be accessible to anyone. See https://www.elastic.co/guide/en/elasticsearch/reference/7.16/security-minimal-setup.html to enable security."],[299 Elasticsearch-7.16.1-5b38441b16b1ebb16a27c107a4c3865776e20c53 "[ignore_throttled] parameter is deprecated because frozen indices have been deprecated. Consider cold or frozen tiers in place of frozen indices."]
2023-08-04 12:58:19,120 INFO  [com.dot.ContainerResource] (docker-java-stream-1865446083) STDOUT: 12:58:19.109  WARN  client.RestClient - request [POST http://elasticsearch:9200/cluster_c40f8aa8c9.live_20230804125756/_search?typed_keys=true&max_concurrent_shard_requests=5&ignore_unavailable=false&expand_wildcards=open&allow_no_indices=true&ignore_throttled=true&search_type=query_then_fetch&batched_reduce_size=512&ccs_minimize_roundtrips=true] returned 2 warnings: [299 Elasticsearch-7.16.1-5b38441b16b1ebb16a27c107a4c3865776e20c53 "Elasticsearch built-in security features are not enabled. Without authentication, your cluster could be accessible to anyone. See https://www.elastic.co/guide/en/elasticsearch/reference/7.16/security-minimal-setup.html to enable security."],[299 Elasticsearch-7.16.1-5b38441b16b1ebb16a27c107a4c3865776e20c53 "[ignore_throttled] parameter is deprecated because frozen indices have been deprecated. Consider cold or frozen tiers in place of frozen indices."]
2023-08-04 12:58:19,128 INFO  [com.dot.ContainerResource] (docker-java-stream-1865446083) STDOUT: 12:58:19.121  WARN  client.RestClient - request [POST http://elasticsearch:9200/cluster_c40f8aa8c9.live_20230804125756/_search?typed_keys=true&max_concurrent_shard_requests=5&ignore_unavailable=false&expand_wildcards=open&allow_no_indices=true&ignore_throttled=true&search_type=query_then_fetch&batched_reduce_size=512&ccs_minimize_roundtrips=true] returned 2 warnings: [299 Elasticsearch-7.16.1-5b38441b16b1ebb16a27c107a4c3865776e20c53 "Elasticsearch built-in security features are not enabled. Without authentication, your cluster could be accessible to anyone. See https://www.elastic.co/guide/en/elasticsearch/reference/7.16/security-minimal-setup.html to enable security."],[299 Elasticsearch-7.16.1-5b38441b16b1ebb16a27c107a4c3865776e20c53 "[ignore_throttled] parameter is deprecated because frozen indices have been deprecated. Consider cold or frozen tiers in place of frozen indices."]
2023-08-04 12:58:19,133 INFO  [com.dot.ContainerResource] (docker-java-stream-1865446083) STDOUT: 12:58:19.132  WARN  client.RestClient - request [POST http://elasticsearch:9200/cluster_c40f8aa8c9.live_20230804125756/_search?typed_keys=true&max_concurrent_shard_requests=5&ignore_unavailable=false&expand_wildcards=open&allow_no_indices=true&ignore_throttled=true&search_type=query_then_fetch&batched_reduce_size=512&ccs_minimize_roundtrips=true] returned 2 warnings: [299 Elasticsearch-7.16.1-5b38441b16b1ebb16a27c107a4c3865776e20c53 "Elasticsearch built-in security features are not enabled. Without authentication, your cluster could be accessible to anyone. See https://www.elastic.co/guide/en/elasticsearch/reference/7.16/security-minimal-setup.html to enable security."],[299 Elasticsearch-7.16.1-5b38441b16b1ebb16a27c107a4c3865776e20c53 "[ignore_throttled] parameter is deprecated because frozen indices have been deprecated. Consider cold or frozen tiers in place of frozen indices."]
2023-08-04 12:58:19,143 INFO  [com.dot.ContainerResource] (docker-java-stream-1865446083) STDOUT: 12:58:19.143  WARN  client.RestClient - request [POST http://elasticsearch:9200/cluster_c40f8aa8c9.live_20230804125756/_search?typed_keys=true&max_concurrent_shard_requests=5&ignore_unavailable=false&expand_wildcards=open&allow_no_indices=true&ignore_throttled=true&search_type=query_then_fetch&batched_reduce_size=512&ccs_minimize_roundtrips=true] returned 2 warnings: [299 Elasticsearch-7.16.1-5b38441b16b1ebb16a27c107a4c3865776e20c53 "Elasticsearch built-in security features are not enabled. Without authentication, your cluster could be accessible to anyone. See https://www.elastic.co/guide/en/elasticsearch/reference/7.16/security-minimal-setup.html to enable security."],[299 Elasticsearch-7.16.1-5b38441b16b1ebb16a27c107a4c3865776e20c53 "[ignore_throttled] parameter is deprecated because frozen indices have been deprecated. Consider cold or frozen tiers in place of frozen indices."]
2023-08-04 12:58:19,149 INFO  [com.dot.ContainerResource] (docker-java-stream-1865446083) STDOUT: 12:58:19.148  WARN  client.RestClient - request [POST http://elasticsearch:9200/cluster_c40f8aa8c9.live_20230804125756/_search?typed_keys=true&max_concurrent_shard_requests=5&ignore_unavailable=false&expand_wildcards=open&allow_no_indices=true&ignore_throttled=true&search_type=query_then_fetch&batched_reduce_size=512&ccs_minimize_roundtrips=true] returned 2 warnings: [299 Elasticsearch-7.16.1-5b38441b16b1ebb16a27c107a4c3865776e20c53 "Elasticsearch built-in security features are not enabled. Without authentication, your cluster could be accessible to anyone. See https://www.elastic.co/guide/en/elasticsearch/reference/7.16/security-minimal-setup.html to enable security."],[299 Elasticsearch-7.16.1-5b38441b16b1ebb16a27c107a4c3865776e20c53 "[ignore_throttled] parameter is deprecated because frozen indices have been deprecated. Consider cold or frozen tiers in place of frozen indices."]
2023-08-04 12:58:19,158 INFO  [com.dot.ContainerResource] (docker-java-stream-1865446083) STDOUT: 12:58:19.156  WARN  client.RestClient - request [POST http://elasticsearch:9200/cluster_c40f8aa8c9.live_20230804125756/_search?typed_keys=true&max_concurrent_shard_requests=5&ignore_unavailable=false&expand_wildcards=open&allow_no_indices=true&ignore_throttled=true&search_type=query_then_fetch&batched_reduce_size=512&ccs_minimize_roundtrips=true] returned 2 warnings: [299 Elasticsearch-7.16.1-5b38441b16b1ebb16a27c107a4c3865776e20c53 "Elasticsearch built-in security features are not enabled. Without authentication, your cluster could be accessible to anyone. See https://www.elastic.co/guide/en/elasticsearch/reference/7.16/security-minimal-setup.html to enable security."],[299 Elasticsearch-7.16.1-5b38441b16b1ebb16a27c107a4c3865776e20c53 "[ignore_throttled] parameter is deprecated because frozen indices have been deprecated. Consider cold or frozen tiers in place of frozen indices."]
2023-08-04 12:58:19,163 INFO  [com.dot.ContainerResource] (docker-java-stream-1865446083) STDOUT: 12:58:19.163  WARN  client.RestClient - request [POST http://elasticsearch:9200/cluster_c40f8aa8c9.live_20230804125756/_search?typed_keys=true&max_concurrent_shard_requests=5&ignore_unavailable=false&expand_wildcards=open&allow_no_indices=true&ignore_throttled=true&search_type=query_then_fetch&batched_reduce_size=512&ccs_minimize_roundtrips=true] returned 2 warnings: [299 Elasticsearch-7.16.1-5b38441b16b1ebb16a27c107a4c3865776e20c53 "Elasticsearch built-in security features are not enabled. Without authentication, your cluster could be accessible to anyone. See https://www.elastic.co/guide/en/elasticsearch/reference/7.16/security-minimal-setup.html to enable security."],[299 Elasticsearch-7.16.1-5b38441b16b1ebb16a27c107a4c3865776e20c53 "[ignore_throttled] parameter is deprecated because frozen indices have been deprecated. Consider cold or frozen tiers in place of frozen indices."]
2023-08-04 12:58:19,167 INFO  [com.dot.ContainerResource] (docker-java-stream-1865446083) STDOUT: 12:58:19.166  WARN  client.RestClient - request [POST http://elasticsearch:9200/cluster_c40f8aa8c9.live_20230804125756/_search?typed_keys=true&max_concurrent_shard_requests=5&ignore_unavailable=false&expand_wildcards=open&allow_no_indices=true&ignore_throttled=true&search_type=query_then_fetch&batched_reduce_size=512&ccs_minimize_roundtrips=true] returned 2 warnings: [299 Elasticsearch-7.16.1-5b38441b16b1ebb16a27c107a4c3865776e20c53 "Elasticsearch built-in security features are not enabled. Without authentication, your cluster could be accessible to anyone. See https://www.elastic.co/guide/en/elasticsearch/reference/7.16/security-minimal-setup.html to enable security."],[299 Elasticsearch-7.16.1-5b38441b16b1ebb16a27c107a4c3865776e20c53 "[ignore_throttled] parameter is deprecated because frozen indices have been deprecated. Consider cold or frozen tiers in place of frozen indices."]
2023-08-04 12:58:19,170 INFO  [com.dot.ContainerResource] (docker-java-stream-1865446083) STDOUT: 12:58:19.170  WARN  client.RestClient - request [POST http://elasticsearch:9200/cluster_c40f8aa8c9.live_20230804125756/_search?typed_keys=true&max_concurrent_shard_requests=5&ignore_unavailable=false&expand_wildcards=open&allow_no_indices=true&ignore_throttled=true&search_type=query_then_fetch&batched_reduce_size=512&ccs_minimize_roundtrips=true] returned 2 warnings: [299 Elasticsearch-7.16.1-5b38441b16b1ebb16a27c107a4c3865776e20c53 "Elasticsearch built-in security features are not enabled. Without authentication, your cluster could be accessible to anyone. See https://www.elastic.co/guide/en/elasticsearch/reference/7.16/security-minimal-setup.html to enable security."],[299 Elasticsearch-7.16.1-5b38441b16b1ebb16a27c107a4c3865776e20c53 "[ignore_throttled] parameter is deprecated because frozen indices have been deprecated. Consider cold or frozen tiers in place of frozen indices."]
2023-08-04 12:58:19,173 INFO  [com.dot.ContainerResource] (docker-java-stream-1865446083) STDOUT: 12:58:19.173  WARN  client.RestClient - request [POST http://elasticsearch:9200/cluster_c40f8aa8c9.live_20230804125756/_search?typed_keys=true&max_concurrent_shard_requests=5&ignore_unavailable=false&expand_wildcards=open&allow_no_indices=true&ignore_throttled=true&search_type=query_then_fetch&batched_reduce_size=512&ccs_minimize_roundtrips=true] returned 2 warnings: [299 Elasticsearch-7.16.1-5b38441b16b1ebb16a27c107a4c3865776e20c53 "Elasticsearch built-in security features are not enabled. Without authentication, your cluster could be accessible to anyone. See https://www.elastic.co/guide/en/elasticsearch/reference/7.16/security-minimal-setup.html to enable security."],[299 Elasticsearch-7.16.1-5b38441b16b1ebb16a27c107a4c3865776e20c53 "[ignore_throttled] parameter is deprecated because frozen indices have been deprecated. Consider cold or frozen tiers in place of frozen indices."]
2023-08-04 12:58:19,176 INFO  [com.dot.ContainerResource] (docker-java-stream-1865446083) STDOUT: 12:58:19.176  WARN  client.RestClient - request [POST http://elasticsearch:9200/cluster_c40f8aa8c9.live_20230804125756/_search?typed_keys=true&max_concurrent_shard_requests=5&ignore_unavailable=false&expand_wildcards=open&allow_no_indices=true&ignore_throttled=true&search_type=query_then_fetch&batched_reduce_size=512&ccs_minimize_roundtrips=true] returned 2 warnings: [299 Elasticsearch-7.16.1-5b38441b16b1ebb16a27c107a4c3865776e20c53 "Elasticsearch built-in security features are not enabled. Without authentication, your cluster could be accessible to anyone. See https://www.elastic.co/guide/en/elasticsearch/reference/7.16/security-minimal-setup.html to enable security."],[299 Elasticsearch-7.16.1-5b38441b16b1ebb16a27c107a4c3865776e20c53 "[ignore_throttled] parameter is deprecated because frozen indices have been deprecated. Consider cold or frozen tiers in place of frozen indices."]
2023-08-04 12:58:19,180 INFO  [com.dot.ContainerResource] (docker-java-stream-1865446083) STDOUT: 12:58:19.179  WARN  client.RestClient - request [POST http://elasticsearch:9200/cluster_c40f8aa8c9.live_20230804125756/_search?typed_keys=true&max_concurrent_shard_requests=5&ignore_unavailable=false&expand_wildcards=open&allow_no_indices=true&ignore_throttled=true&search_type=query_then_fetch&batched_reduce_size=512&ccs_minimize_roundtrips=true] returned 2 warnings: [299 Elasticsearch-7.16.1-5b38441b16b1ebb16a27c107a4c3865776e20c53 "Elasticsearch built-in security features are not enabled. Without authentication, your cluster could be accessible to anyone. See https://www.elastic.co/guide/en/elasticsearch/reference/7.16/security-minimal-setup.html to enable security."],[299 Elasticsearch-7.16.1-5b38441b16b1ebb16a27c107a4c3865776e20c53 "[ignore_throttled] parameter is deprecated because frozen indices have been deprecated. Consider cold or frozen tiers in place of frozen indices."]
2023-08-04 12:58:19,183 INFO  [com.dot.ContainerResource] (docker-java-stream-1865446083) STDOUT: 12:58:19.183  WARN  client.RestClient - request [POST http://elasticsearch:9200/cluster_c40f8aa8c9.live_20230804125756/_search?typed_keys=true&max_concurrent_shard_requests=5&ignore_unavailable=false&expand_wildcards=open&allow_no_indices=true&ignore_throttled=true&search_type=query_then_fetch&batched_reduce_size=512&ccs_minimize_roundtrips=true] returned 2 warnings: [299 Elasticsearch-7.16.1-5b38441b16b1ebb16a27c107a4c3865776e20c53 "Elasticsearch built-in security features are not enabled. Without authentication, your cluster could be accessible to anyone. See https://www.elastic.co/guide/en/elasticsearch/reference/7.16/security-minimal-setup.html to enable security."],[299 Elasticsearch-7.16.1-5b38441b16b1ebb16a27c107a4c3865776e20c53 "[ignore_throttled] parameter is deprecated because frozen indices have been deprecated. Consider cold or frozen tiers in place of frozen indices."]
2023-08-04 12:58:19,186 INFO  [com.dot.ContainerResource] (docker-java-stream-1865446083) STDOUT: 12:58:19.186  WARN  client.RestClient - request [POST http://elasticsearch:9200/cluster_c40f8aa8c9.live_20230804125756/_search?typed_keys=true&max_concurrent_shard_requests=5&ignore_unavailable=false&expand_wildcards=open&allow_no_indices=true&ignore_throttled=true&search_type=query_then_fetch&batched_reduce_size=512&ccs_minimize_roundtrips=true] returned 2 warnings: [299 Elasticsearch-7.16.1-5b38441b16b1ebb16a27c107a4c3865776e20c53 "Elasticsearch built-in security features are not enabled. Without authentication, your cluster could be accessible to anyone. See https://www.elastic.co/guide/en/elasticsearch/reference/7.16/security-minimal-setup.html to enable security."],[299 Elasticsearch-7.16.1-5b38441b16b1ebb16a27c107a4c3865776e20c53 "[ignore_throttled] parameter is deprecated because frozen indices have been deprecated. Consider cold or frozen tiers in place of frozen indices."]
2023-08-04 12:58:19,190 INFO  [com.dot.ContainerResource] (docker-java-stream-1865446083) STDOUT: 12:58:19.189  WARN  client.RestClient - request [POST http://elasticsearch:9200/cluster_c40f8aa8c9.live_20230804125756/_search?typed_keys=true&max_concurrent_shard_requests=5&ignore_unavailable=false&expand_wildcards=open&allow_no_indices=true&ignore_throttled=true&search_type=query_then_fetch&batched_reduce_size=512&ccs_minimize_roundtrips=true] returned 2 warnings: [299 Elasticsearch-7.16.1-5b38441b16b1ebb16a27c107a4c3865776e20c53 "Elasticsearch built-in security features are not enabled. Without authentication, your cluster could be accessible to anyone. See https://www.elastic.co/guide/en/elasticsearch/reference/7.16/security-minimal-setup.html to enable security."],[299 Elasticsearch-7.16.1-5b38441b16b1ebb16a27c107a4c3865776e20c53 "[ignore_throttled] parameter is deprecated because frozen indices have been deprecated. Consider cold or frozen tiers in place of frozen indices."]
2023-08-04 12:58:19,192 INFO  [com.dot.ContainerResource] (docker-java-stream-1865446083) STDOUT: 12:58:19.192  WARN  client.RestClient - request [POST http://elasticsearch:9200/cluster_c40f8aa8c9.live_20230804125756/_search?typed_keys=true&max_concurrent_shard_requests=5&ignore_unavailable=false&expand_wildcards=open&allow_no_indices=true&ignore_throttled=true&search_type=query_then_fetch&batched_reduce_size=512&ccs_minimize_roundtrips=true] returned 2 warnings: [299 Elasticsearch-7.16.1-5b38441b16b1ebb16a27c107a4c3865776e20c53 "Elasticsearch built-in security features are not enabled. Without authentication, your cluster could be accessible to anyone. See https://www.elastic.co/guide/en/elasticsearch/reference/7.16/security-minimal-setup.html to enable security."],[299 Elasticsearch-7.16.1-5b38441b16b1ebb16a27c107a4c3865776e20c53 "[ignore_throttled] parameter is deprecated because frozen indices have been deprecated. Consider cold or frozen tiers in place of frozen indices."]
2023-08-04 12:58:19,198 INFO  [com.dot.ContainerResource] (docker-java-stream-1865446083) STDOUT: 12:58:19.197  WARN  client.RestClient - request [POST http://elasticsearch:9200/cluster_c40f8aa8c9.live_20230804125756/_search?typed_keys=true&max_concurrent_shard_requests=5&ignore_unavailable=false&expand_wildcards=open&allow_no_indices=true&ignore_throttled=true&search_type=query_then_fetch&batched_reduce_size=512&ccs_minimize_roundtrips=true] returned 2 warnings: [299 Elasticsearch-7.16.1-5b38441b16b1ebb16a27c107a4c3865776e20c53 "Elasticsearch built-in security features are not enabled. Without authentication, your cluster could be accessible to anyone. See https://www.elastic.co/guide/en/elasticsearch/reference/7.16/security-minimal-setup.html to enable security."],[299 Elasticsearch-7.16.1-5b38441b16b1ebb16a27c107a4c3865776e20c53 "[ignore_throttled] parameter is deprecated because frozen indices have been deprecated. Consider cold or frozen tiers in place of frozen indices."]
2023-08-04 12:58:19,210 INFO  [com.dot.ContainerResource] (docker-java-stream-1865446083) STDOUT: 12:58:19.210  WARN  client.RestClient - request [POST http://elasticsearch:9200/cluster_c40f8aa8c9.live_20230804125756/_search?typed_keys=true&max_concurrent_shard_requests=5&ignore_unavailable=false&expand_wildcards=open&allow_no_indices=true&ignore_throttled=true&search_type=query_then_fetch&batched_reduce_size=512&ccs_minimize_roundtrips=true] returned 2 warnings: [299 Elasticsearch-7.16.1-5b38441b16b1ebb16a27c107a4c3865776e20c53 "Elasticsearch built-in security features are not enabled. Without authentication, your cluster could be accessible to anyone. See https://www.elastic.co/guide/en/elasticsearch/reference/7.16/security-minimal-setup.html to enable security."],[299 Elasticsearch-7.16.1-5b38441b16b1ebb16a27c107a4c3865776e20c53 "[ignore_throttled] parameter is deprecated because frozen indices have been deprecated. Consider cold or frozen tiers in place of frozen indices."]
2023-08-04 12:58:19,216 INFO  [com.dot.ContainerResource] (docker-java-stream-1865446083) STDOUT: 12:58:19.216  WARN  client.RestClient - request [POST http://elasticsearch:9200/cluster_c40f8aa8c9.live_20230804125756/_search?typed_keys=true&max_concurrent_shard_requests=5&ignore_unavailable=false&expand_wildcards=open&allow_no_indices=true&ignore_throttled=true&search_type=query_then_fetch&batched_reduce_size=512&ccs_minimize_roundtrips=true] returned 2 warnings: [299 Elasticsearch-7.16.1-5b38441b16b1ebb16a27c107a4c3865776e20c53 "Elasticsearch built-in security features are not enabled. Without authentication, your cluster could be accessible to anyone. See https://www.elastic.co/guide/en/elasticsearch/reference/7.16/security-minimal-setup.html to enable security."],[299 Elasticsearch-7.16.1-5b38441b16b1ebb16a27c107a4c3865776e20c53 "[ignore_throttled] parameter is deprecated because frozen indices have been deprecated. Consider cold or frozen tiers in place of frozen indices."]
2023-08-04 12:58:19,220 INFO  [com.dot.ContainerResource] (docker-java-stream-1865446083) STDOUT: 12:58:19.220  WARN  client.RestClient - request [POST http://elasticsearch:9200/cluster_c40f8aa8c9.live_20230804125756/_search?typed_keys=true&max_concurrent_shard_requests=5&ignore_unavailable=false&expand_wildcards=open&allow_no_indices=true&ignore_throttled=true&search_type=query_then_fetch&batched_reduce_size=512&ccs_minimize_roundtrips=true] returned 2 warnings: [299 Elasticsearch-7.16.1-5b38441b16b1ebb16a27c107a4c3865776e20c53 "Elasticsearch built-in security features are not enabled. Without authentication, your cluster could be accessible to anyone. See https://www.elastic.co/guide/en/elasticsearch/reference/7.16/security-minimal-setup.html to enable security."],[299 Elasticsearch-7.16.1-5b38441b16b1ebb16a27c107a4c3865776e20c53 "[ignore_throttled] parameter is deprecated because frozen indices have been deprecated. Consider cold or frozen tiers in place of frozen indices."]
2023-08-04 12:58:19,232 INFO  [com.dot.ContainerResource] (docker-java-stream-1865446083) STDOUT: 12:58:19.232  WARN  client.RestClient - request [POST http://elasticsearch:9200/cluster_c40f8aa8c9.live_20230804125756/_search?typed_keys=true&max_concurrent_shard_requests=5&ignore_unavailable=false&expand_wildcards=open&allow_no_indices=true&ignore_throttled=true&search_type=query_then_fetch&batched_reduce_size=512&ccs_minimize_roundtrips=true] returned 2 warnings: [299 Elasticsearch-7.16.1-5b38441b16b1ebb16a27c107a4c3865776e20c53 "Elasticsearch built-in security features are not enabled. Without authentication, your cluster could be accessible to anyone. See https://www.elastic.co/guide/en/elasticsearch/reference/7.16/security-minimal-setup.html to enable security."],[299 Elasticsearch-7.16.1-5b38441b16b1ebb16a27c107a4c3865776e20c53 "[ignore_throttled] parameter is deprecated because frozen indices have been deprecated. Consider cold or frozen tiers in place of frozen indices."]
2023-08-04 12:58:19,236 INFO  [com.dot.ContainerResource] (docker-java-stream-1865446083) STDOUT: 12:58:19.236  WARN  client.RestClient - request [POST http://elasticsearch:9200/cluster_c40f8aa8c9.live_20230804125756/_search?typed_keys=true&max_concurrent_shard_requests=5&ignore_unavailable=false&expand_wildcards=open&allow_no_indices=true&ignore_throttled=true&search_type=query_then_fetch&batched_reduce_size=512&ccs_minimize_roundtrips=true] returned 2 warnings: [299 Elasticsearch-7.16.1-5b38441b16b1ebb16a27c107a4c3865776e20c53 "Elasticsearch built-in security features are not enabled. Without authentication, your cluster could be accessible to anyone. See https://www.elastic.co/guide/en/elasticsearch/reference/7.16/security-minimal-setup.html to enable security."],[299 Elasticsearch-7.16.1-5b38441b16b1ebb16a27c107a4c3865776e20c53 "[ignore_throttled] parameter is deprecated because frozen indices have been deprecated. Consider cold or frozen tiers in place of frozen indices."]
2023-08-04 12:58:19,244 INFO  [com.dot.ContainerResource] (docker-java-stream-1865446083) STDOUT: 12:58:19.244  WARN  client.RestClient - request [POST http://elasticsearch:9200/cluster_c40f8aa8c9.live_20230804125756/_search?typed_keys=true&max_concurrent_shard_requests=5&ignore_unavailable=false&expand_wildcards=open&allow_no_indices=true&ignore_throttled=true&search_type=query_then_fetch&batched_reduce_size=512&ccs_minimize_roundtrips=true] returned 2 warnings: [299 Elasticsearch-7.16.1-5b38441b16b1ebb16a27c107a4c3865776e20c53 "Elasticsearch built-in security features are not enabled. Without authentication, your cluster could be accessible to anyone. See https://www.elastic.co/guide/en/elasticsearch/reference/7.16/security-minimal-setup.html to enable security."],[299 Elasticsearch-7.16.1-5b38441b16b1ebb16a27c107a4c3865776e20c53 "[ignore_throttled] parameter is deprecated because frozen indices have been deprecated. Consider cold or frozen tiers in place of frozen indices."]
2023-08-04 12:58:19,254 INFO  [com.dot.ContainerResource] (docker-java-stream-1865446083) STDOUT: 12:58:19.252  WARN  client.RestClient - request [POST http://elasticsearch:9200/cluster_c40f8aa8c9.live_20230804125756/_search?typed_keys=true&max_concurrent_shard_requests=5&ignore_unavailable=false&expand_wildcards=open&allow_no_indices=true&ignore_throttled=true&search_type=query_then_fetch&batched_reduce_size=512&ccs_minimize_roundtrips=true] returned 2 warnings: [299 Elasticsearch-7.16.1-5b38441b16b1ebb16a27c107a4c3865776e20c53 "Elasticsearch built-in security features are not enabled. Without authentication, your cluster could be accessible to anyone. See https://www.elastic.co/guide/en/elasticsearch/reference/7.16/security-minimal-setup.html to enable security."],[299 Elasticsearch-7.16.1-5b38441b16b1ebb16a27c107a4c3865776e20c53 "[ignore_throttled] parameter is deprecated because frozen indices have been deprecated. Consider cold or frozen tiers in place of frozen indices."]
2023-08-04 12:58:19,262 INFO  [com.dot.ContainerResource] (docker-java-stream-1865446083) STDOUT: 12:58:19.260  WARN  client.RestClient - request [POST http://elasticsearch:9200/cluster_c40f8aa8c9.live_20230804125756/_search?typed_keys=true&max_concurrent_shard_requests=5&ignore_unavailable=false&expand_wildcards=open&allow_no_indices=true&ignore_throttled=true&search_type=query_then_fetch&batched_reduce_size=512&ccs_minimize_roundtrips=true] returned 2 warnings: [299 Elasticsearch-7.16.1-5b38441b16b1ebb16a27c107a4c3865776e20c53 "Elasticsearch built-in security features are not enabled. Without authentication, your cluster could be accessible to anyone. See https://www.elastic.co/guide/en/elasticsearch/reference/7.16/security-minimal-setup.html to enable security."],[299 Elasticsearch-7.16.1-5b38441b16b1ebb16a27c107a4c3865776e20c53 "[ignore_throttled] parameter is deprecated because frozen indices have been deprecated. Consider cold or frozen tiers in place of frozen indices."]
2023-08-04 12:58:19,268 INFO  [com.dot.ContainerResource] (docker-java-stream-1865446083) STDOUT: 12:58:19.266  WARN  client.RestClient - request [POST http://elasticsearch:9200/cluster_c40f8aa8c9.live_20230804125756/_search?typed_keys=true&max_concurrent_shard_requests=5&ignore_unavailable=false&expand_wildcards=open&allow_no_indices=true&ignore_throttled=true&search_type=query_then_fetch&batched_reduce_size=512&ccs_minimize_roundtrips=true] returned 2 warnings: [299 Elasticsearch-7.16.1-5b38441b16b1ebb16a27c107a4c3865776e20c53 "Elasticsearch built-in security features are not enabled. Without authentication, your cluster could be accessible to anyone. See https://www.elastic.co/guide/en/elasticsearch/reference/7.16/security-minimal-setup.html to enable security."],[299 Elasticsearch-7.16.1-5b38441b16b1ebb16a27c107a4c3865776e20c53 "[ignore_throttled] parameter is deprecated because frozen indices have been deprecated. Consider cold or frozen tiers in place of frozen indices."]
2023-08-04 12:58:19,278 INFO  [com.dot.ContainerResource] (docker-java-stream-1865446083) STDOUT: 12:58:19.276  WARN  client.RestClient - request [POST http://elasticsearch:9200/cluster_c40f8aa8c9.live_20230804125756/_search?typed_keys=true&max_concurrent_shard_requests=5&ignore_unavailable=false&expand_wildcards=open&allow_no_indices=true&ignore_throttled=true&search_type=query_then_fetch&batched_reduce_size=512&ccs_minimize_roundtrips=true] returned 2 warnings: [299 Elasticsearch-7.16.1-5b38441b16b1ebb16a27c107a4c3865776e20c53 "Elasticsearch built-in security features are not enabled. Without authentication, your cluster could be accessible to anyone. See https://www.elastic.co/guide/en/elasticsearch/reference/7.16/security-minimal-setup.html to enable security."],[299 Elasticsearch-7.16.1-5b38441b16b1ebb16a27c107a4c3865776e20c53 "[ignore_throttled] parameter is deprecated because frozen indices have been deprecated. Consider cold or frozen tiers in place of frozen indices."]
2023-08-04 12:58:19,286 INFO  [com.dot.ContainerResource] (docker-java-stream-1865446083) STDOUT: 12:58:19.284  WARN  client.RestClient - request [POST http://elasticsearch:9200/cluster_c40f8aa8c9.live_20230804125756/_search?typed_keys=true&max_concurrent_shard_requests=5&ignore_unavailable=false&expand_wildcards=open&allow_no_indices=true&ignore_throttled=true&search_type=query_then_fetch&batched_reduce_size=512&ccs_minimize_roundtrips=true] returned 2 warnings: [299 Elasticsearch-7.16.1-5b38441b16b1ebb16a27c107a4c3865776e20c53 "Elasticsearch built-in security features are not enabled. Without authentication, your cluster could be accessible to anyone. See https://www.elastic.co/guide/en/elasticsearch/reference/7.16/security-minimal-setup.html to enable security."],[299 Elasticsearch-7.16.1-5b38441b16b1ebb16a27c107a4c3865776e20c53 "[ignore_throttled] parameter is deprecated because frozen indices have been deprecated. Consider cold or frozen tiers in place of frozen indices."]
2023-08-04 12:58:19,289 INFO  [com.dot.ContainerResource] (docker-java-stream-1865446083) STDOUT: 12:58:19.289  WARN  client.RestClient - request [POST http://elasticsearch:9200/cluster_c40f8aa8c9.live_20230804125756/_search?typed_keys=true&max_concurrent_shard_requests=5&ignore_unavailable=false&expand_wildcards=open&allow_no_indices=true&ignore_throttled=true&search_type=query_then_fetch&batched_reduce_size=512&ccs_minimize_roundtrips=true] returned 2 warnings: [299 Elasticsearch-7.16.1-5b38441b16b1ebb16a27c107a4c3865776e20c53 "Elasticsearch built-in security features are not enabled. Without authentication, your cluster could be accessible to anyone. See https://www.elastic.co/guide/en/elasticsearch/reference/7.16/security-minimal-setup.html to enable security."],[299 Elasticsearch-7.16.1-5b38441b16b1ebb16a27c107a4c3865776e20c53 "[ignore_throttled] parameter is deprecated because frozen indices have been deprecated. Consider cold or frozen tiers in place of frozen indices."]
2023-08-04 12:58:19,300 INFO  [com.dot.ContainerResource] (docker-java-stream-1865446083) STDOUT: 12:58:19.299  WARN  client.RestClient - request [POST http://elasticsearch:9200/cluster_c40f8aa8c9.live_20230804125756/_search?typed_keys=true&max_concurrent_shard_requests=5&ignore_unavailable=false&expand_wildcards=open&allow_no_indices=true&ignore_throttled=true&search_type=query_then_fetch&batched_reduce_size=512&ccs_minimize_roundtrips=true] returned 2 warnings: [299 Elasticsearch-7.16.1-5b38441b16b1ebb16a27c107a4c3865776e20c53 "Elasticsearch built-in security features are not enabled. Without authentication, your cluster could be accessible to anyone. See https://www.elastic.co/guide/en/elasticsearch/reference/7.16/security-minimal-setup.html to enable security."],[299 Elasticsearch-7.16.1-5b38441b16b1ebb16a27c107a4c3865776e20c53 "[ignore_throttled] parameter is deprecated because frozen indices have been deprecated. Consider cold or frozen tiers in place of frozen indices."]
2023-08-04 12:58:19,303 INFO  [com.dot.ContainerResource] (docker-java-stream-1865446083) STDOUT: 12:58:19.302  WARN  client.RestClient - request [POST http://elasticsearch:9200/cluster_c40f8aa8c9.live_20230804125756/_search?typed_keys=true&max_concurrent_shard_requests=5&ignore_unavailable=false&expand_wildcards=open&allow_no_indices=true&ignore_throttled=true&search_type=query_then_fetch&batched_reduce_size=512&ccs_minimize_roundtrips=true] returned 2 warnings: [299 Elasticsearch-7.16.1-5b38441b16b1ebb16a27c107a4c3865776e20c53 "Elasticsearch built-in security features are not enabled. Without authentication, your cluster could be accessible to anyone. See https://www.elastic.co/guide/en/elasticsearch/reference/7.16/security-minimal-setup.html to enable security."],[299 Elasticsearch-7.16.1-5b38441b16b1ebb16a27c107a4c3865776e20c53 "[ignore_throttled] parameter is deprecated because frozen indices have been deprecated. Consider cold or frozen tiers in place of frozen indices."]
2023-08-04 12:58:19,313 INFO  [com.dot.ContainerResource] (docker-java-stream-1865446083) STDOUT: 12:58:19.312  WARN  client.RestClient - request [POST http://elasticsearch:9200/cluster_c40f8aa8c9.live_20230804125756/_search?typed_keys=true&max_concurrent_shard_requests=5&ignore_unavailable=false&expand_wildcards=open&allow_no_indices=true&ignore_throttled=true&search_type=query_then_fetch&batched_reduce_size=512&ccs_minimize_roundtrips=true] returned 2 warnings: [299 Elasticsearch-7.16.1-5b38441b16b1ebb16a27c107a4c3865776e20c53 "Elasticsearch built-in security features are not enabled. Without authentication, your cluster could be accessible to anyone. See https://www.elastic.co/guide/en/elasticsearch/reference/7.16/security-minimal-setup.html to enable security."],[299 Elasticsearch-7.16.1-5b38441b16b1ebb16a27c107a4c3865776e20c53 "[ignore_throttled] parameter is deprecated because frozen indices have been deprecated. Consider cold or frozen tiers in place of frozen indices."]
2023-08-04 12:58:19,318 INFO  [com.dot.ContainerResource] (docker-java-stream-1865446083) STDOUT: 12:58:19.316  WARN  client.RestClient - request [POST http://elasticsearch:9200/cluster_c40f8aa8c9.live_20230804125756/_search?typed_keys=true&max_concurrent_shard_requests=5&ignore_unavailable=false&expand_wildcards=open&allow_no_indices=true&ignore_throttled=true&search_type=query_then_fetch&batched_reduce_size=512&ccs_minimize_roundtrips=true] returned 2 warnings: [299 Elasticsearch-7.16.1-5b38441b16b1ebb16a27c107a4c3865776e20c53 "Elasticsearch built-in security features are not enabled. Without authentication, your cluster could be accessible to anyone. See https://www.elastic.co/guide/en/elasticsearch/reference/7.16/security-minimal-setup.html to enable security."],[299 Elasticsearch-7.16.1-5b38441b16b1ebb16a27c107a4c3865776e20c53 "[ignore_throttled] parameter is deprecated because frozen indices have been deprecated. Consider cold or frozen tiers in place of frozen indices."]
2023-08-04 12:58:19,326 INFO  [com.dot.ContainerResource] (docker-java-stream-1865446083) STDOUT: 12:58:19.324  WARN  client.RestClient - request [POST http://elasticsearch:9200/cluster_c40f8aa8c9.live_20230804125756/_search?typed_keys=true&max_concurrent_shard_requests=5&ignore_unavailable=false&expand_wildcards=open&allow_no_indices=true&ignore_throttled=true&search_type=query_then_fetch&batched_reduce_size=512&ccs_minimize_roundtrips=true] returned 2 warnings: [299 Elasticsearch-7.16.1-5b38441b16b1ebb16a27c107a4c3865776e20c53 "Elasticsearch built-in security features are not enabled. Without authentication, your cluster could be accessible to anyone. See https://www.elastic.co/guide/en/elasticsearch/reference/7.16/security-minimal-setup.html to enable security."],[299 Elasticsearch-7.16.1-5b38441b16b1ebb16a27c107a4c3865776e20c53 "[ignore_throttled] parameter is deprecated because frozen indices have been deprecated. Consider cold or frozen tiers in place of frozen indices."]
2023-08-04 12:58:19,334 INFO  [com.dot.ContainerResource] (docker-java-stream-1865446083) STDOUT: 12:58:19.332  WARN  client.RestClient - request [POST http://elasticsearch:9200/cluster_c40f8aa8c9.live_20230804125756/_search?typed_keys=true&max_concurrent_shard_requests=5&ignore_unavailable=false&expand_wildcards=open&allow_no_indices=true&ignore_throttled=true&search_type=query_then_fetch&batched_reduce_size=512&ccs_minimize_roundtrips=true] returned 2 warnings: [299 Elasticsearch-7.16.1-5b38441b16b1ebb16a27c107a4c3865776e20c53 "Elasticsearch built-in security features are not enabled. Without authentication, your cluster could be accessible to anyone. See https://www.elastic.co/guide/en/elasticsearch/reference/7.16/security-minimal-setup.html to enable security."],[299 Elasticsearch-7.16.1-5b38441b16b1ebb16a27c107a4c3865776e20c53 "[ignore_throttled] parameter is deprecated because frozen indices have been deprecated. Consider cold or frozen tiers in place of frozen indices."]
2023-08-04 12:58:19,338 INFO  [com.dot.ContainerResource] (docker-java-stream-1865446083) STDOUT: 12:58:19.337  WARN  client.RestClient - request [POST http://elasticsearch:9200/cluster_c40f8aa8c9.live_20230804125756/_search?typed_keys=true&max_concurrent_shard_requests=5&ignore_unavailable=false&expand_wildcards=open&allow_no_indices=true&ignore_throttled=true&search_type=query_then_fetch&batched_reduce_size=512&ccs_minimize_roundtrips=true] returned 2 warnings: [299 Elasticsearch-7.16.1-5b38441b16b1ebb16a27c107a4c3865776e20c53 "Elasticsearch built-in security features are not enabled. Without authentication, your cluster could be accessible to anyone. See https://www.elastic.co/guide/en/elasticsearch/reference/7.16/security-minimal-setup.html to enable security."],[299 Elasticsearch-7.16.1-5b38441b16b1ebb16a27c107a4c3865776e20c53 "[ignore_throttled] parameter is deprecated because frozen indices have been deprecated. Consider cold or frozen tiers in place of frozen indices."]
2023-08-04 12:58:19,343 INFO  [com.dot.ContainerResource] (docker-java-stream-1865446083) STDOUT: 12:58:19.343  WARN  client.RestClient - request [POST http://elasticsearch:9200/cluster_c40f8aa8c9.live_20230804125756/_search?typed_keys=true&max_concurrent_shard_requests=5&ignore_unavailable=false&expand_wildcards=open&allow_no_indices=true&ignore_throttled=true&search_type=query_then_fetch&batched_reduce_size=512&ccs_minimize_roundtrips=true] returned 2 warnings: [299 Elasticsearch-7.16.1-5b38441b16b1ebb16a27c107a4c3865776e20c53 "Elasticsearch built-in security features are not enabled. Without authentication, your cluster could be accessible to anyone. See https://www.elastic.co/guide/en/elasticsearch/reference/7.16/security-minimal-setup.html to enable security."],[299 Elasticsearch-7.16.1-5b38441b16b1ebb16a27c107a4c3865776e20c53 "[ignore_throttled] parameter is deprecated because frozen indices have been deprecated. Consider cold or frozen tiers in place of frozen indices."]
2023-08-04 12:58:19,354 INFO  [com.dot.ContainerResource] (docker-java-stream-1865446083) STDOUT: 12:58:19.348  WARN  client.RestClient - request [POST http://elasticsearch:9200/cluster_c40f8aa8c9.live_20230804125756/_search?typed_keys=true&max_concurrent_shard_requests=5&ignore_unavailable=false&expand_wildcards=open&allow_no_indices=true&ignore_throttled=true&search_type=query_then_fetch&batched_reduce_size=512&ccs_minimize_roundtrips=true] returned 2 warnings: [299 Elasticsearch-7.16.1-5b38441b16b1ebb16a27c107a4c3865776e20c53 "Elasticsearch built-in security features are not enabled. Without authentication, your cluster could be accessible to anyone. See https://www.elastic.co/guide/en/elasticsearch/reference/7.16/security-minimal-setup.html to enable security."],[299 Elasticsearch-7.16.1-5b38441b16b1ebb16a27c107a4c3865776e20c53 "[ignore_throttled] parameter is deprecated because frozen indices have been deprecated. Consider cold or frozen tiers in place of frozen indices."]
2023-08-04 12:58:19,357 INFO  [com.dot.ContainerResource] (docker-java-stream-1865446083) STDOUT: 12:58:19.356  WARN  client.RestClient - request [POST http://elasticsearch:9200/cluster_c40f8aa8c9.live_20230804125756/_search?typed_keys=true&max_concurrent_shard_requests=5&ignore_unavailable=false&expand_wildcards=open&allow_no_indices=true&ignore_throttled=true&search_type=query_then_fetch&batched_reduce_size=512&ccs_minimize_roundtrips=true] returned 2 warnings: [299 Elasticsearch-7.16.1-5b38441b16b1ebb16a27c107a4c3865776e20c53 "Elasticsearch built-in security features are not enabled. Without authentication, your cluster could be accessible to anyone. See https://www.elastic.co/guide/en/elasticsearch/reference/7.16/security-minimal-setup.html to enable security."],[299 Elasticsearch-7.16.1-5b38441b16b1ebb16a27c107a4c3865776e20c53 "[ignore_throttled] parameter is deprecated because frozen indices have been deprecated. Consider cold or frozen tiers in place of frozen indices."]
2023-08-04 12:58:19,360 INFO  [com.dot.ContainerResource] (docker-java-stream-1865446083) STDOUT: 12:58:19.360  WARN  client.RestClient - request [POST http://elasticsearch:9200/cluster_c40f8aa8c9.live_20230804125756/_search?typed_keys=true&max_concurrent_shard_requests=5&ignore_unavailable=false&expand_wildcards=open&allow_no_indices=true&ignore_throttled=true&search_type=query_then_fetch&batched_reduce_size=512&ccs_minimize_roundtrips=true] returned 2 warnings: [299 Elasticsearch-7.16.1-5b38441b16b1ebb16a27c107a4c3865776e20c53 "Elasticsearch built-in security features are not enabled. Without authentication, your cluster could be accessible to anyone. See https://www.elastic.co/guide/en/elasticsearch/reference/7.16/security-minimal-setup.html to enable security."],[299 Elasticsearch-7.16.1-5b38441b16b1ebb16a27c107a4c3865776e20c53 "[ignore_throttled] parameter is deprecated because frozen indices have been deprecated. Consider cold or frozen tiers in place of frozen indices."]
2023-08-04 12:58:19,364 INFO  [com.dot.ContainerResource] (docker-java-stream-1865446083) STDOUT: 12:58:19.364  WARN  client.RestClient - request [POST http://elasticsearch:9200/cluster_c40f8aa8c9.live_20230804125756/_search?typed_keys=true&max_concurrent_shard_requests=5&ignore_unavailable=false&expand_wildcards=open&allow_no_indices=true&ignore_throttled=true&search_type=query_then_fetch&batched_reduce_size=512&ccs_minimize_roundtrips=true] returned 2 warnings: [299 Elasticsearch-7.16.1-5b38441b16b1ebb16a27c107a4c3865776e20c53 "Elasticsearch built-in security features are not enabled. Without authentication, your cluster could be accessible to anyone. See https://www.elastic.co/guide/en/elasticsearch/reference/7.16/security-minimal-setup.html to enable security."],[299 Elasticsearch-7.16.1-5b38441b16b1ebb16a27c107a4c3865776e20c53 "[ignore_throttled] parameter is deprecated because frozen indices have been deprecated. Consider cold or frozen tiers in place of frozen indices."]
2023-08-04 12:58:19,371 INFO  [com.dot.ContainerResource] (docker-java-stream-1865446083) STDOUT: 12:58:19.370  WARN  client.RestClient - request [POST http://elasticsearch:9200/cluster_c40f8aa8c9.live_20230804125756/_search?typed_keys=true&max_concurrent_shard_requests=5&ignore_unavailable=false&expand_wildcards=open&allow_no_indices=true&ignore_throttled=true&search_type=query_then_fetch&batched_reduce_size=512&ccs_minimize_roundtrips=true] returned 2 warnings: [299 Elasticsearch-7.16.1-5b38441b16b1ebb16a27c107a4c3865776e20c53 "Elasticsearch built-in security features are not enabled. Without authentication, your cluster could be accessible to anyone. See https://www.elastic.co/guide/en/elasticsearch/reference/7.16/security-minimal-setup.html to enable security."],[299 Elasticsearch-7.16.1-5b38441b16b1ebb16a27c107a4c3865776e20c53 "[ignore_throttled] parameter is deprecated because frozen indices have been deprecated. Consider cold or frozen tiers in place of frozen indices."]
2023-08-04 12:58:19,374 INFO  [com.dot.ContainerResource] (docker-java-stream-1865446083) STDOUT: 12:58:19.374  WARN  client.RestClient - request [POST http://elasticsearch:9200/cluster_c40f8aa8c9.live_20230804125756/_search?typed_keys=true&max_concurrent_shard_requests=5&ignore_unavailable=false&expand_wildcards=open&allow_no_indices=true&ignore_throttled=true&search_type=query_then_fetch&batched_reduce_size=512&ccs_minimize_roundtrips=true] returned 2 warnings: [299 Elasticsearch-7.16.1-5b38441b16b1ebb16a27c107a4c3865776e20c53 "Elasticsearch built-in security features are not enabled. Without authentication, your cluster could be accessible to anyone. See https://www.elastic.co/guide/en/elasticsearch/reference/7.16/security-minimal-setup.html to enable security."],[299 Elasticsearch-7.16.1-5b38441b16b1ebb16a27c107a4c3865776e20c53 "[ignore_throttled] parameter is deprecated because frozen indices have been deprecated. Consider cold or frozen tiers in place of frozen indices."]
2023-08-04 12:58:19,379 INFO  [com.dot.ContainerResource] (docker-java-stream-1865446083) STDOUT: 12:58:19.378  WARN  client.RestClient - request [POST http://elasticsearch:9200/cluster_c40f8aa8c9.live_20230804125756/_search?typed_keys=true&max_concurrent_shard_requests=5&ignore_unavailable=false&expand_wildcards=open&allow_no_indices=true&ignore_throttled=true&search_type=query_then_fetch&batched_reduce_size=512&ccs_minimize_roundtrips=true] returned 2 warnings: [299 Elasticsearch-7.16.1-5b38441b16b1ebb16a27c107a4c3865776e20c53 "Elasticsearch built-in security features are not enabled. Without authentication, your cluster could be accessible to anyone. See https://www.elastic.co/guide/en/elasticsearch/reference/7.16/security-minimal-setup.html to enable security."],[299 Elasticsearch-7.16.1-5b38441b16b1ebb16a27c107a4c3865776e20c53 "[ignore_throttled] parameter is deprecated because frozen indices have been deprecated. Consider cold or frozen tiers in place of frozen indices."]
2023-08-04 12:58:19,383 INFO  [com.dot.ContainerResource] (docker-java-stream-1865446083) STDOUT: 12:58:19.382  WARN  client.RestClient - request [POST http://elasticsearch:9200/cluster_c40f8aa8c9.live_20230804125756/_search?typed_keys=true&max_concurrent_shard_requests=5&ignore_unavailable=false&expand_wildcards=open&allow_no_indices=true&ignore_throttled=true&search_type=query_then_fetch&batched_reduce_size=512&ccs_minimize_roundtrips=true] returned 2 warnings: [299 Elasticsearch-7.16.1-5b38441b16b1ebb16a27c107a4c3865776e20c53 "Elasticsearch built-in security features are not enabled. Without authentication, your cluster could be accessible to anyone. See https://www.elastic.co/guide/en/elasticsearch/reference/7.16/security-minimal-setup.html to enable security."],[299 Elasticsearch-7.16.1-5b38441b16b1ebb16a27c107a4c3865776e20c53 "[ignore_throttled] parameter is deprecated because frozen indices have been deprecated. Consider cold or frozen tiers in place of frozen indices."]
2023-08-04 12:58:19,396 INFO  [com.dot.ContainerResource] (docker-java-stream-1865446083) STDOUT: 12:58:19.393  WARN  client.RestClient - request [POST http://elasticsearch:9200/cluster_c40f8aa8c9.live_20230804125756/_search?typed_keys=true&max_concurrent_shard_requests=5&ignore_unavailable=false&expand_wildcards=open&allow_no_indices=true&ignore_throttled=true&search_type=query_then_fetch&batched_reduce_size=512&ccs_minimize_roundtrips=true] returned 2 warnings: [299 Elasticsearch-7.16.1-5b38441b16b1ebb16a27c107a4c3865776e20c53 "Elasticsearch built-in security features are not enabled. Without authentication, your cluster could be accessible to anyone. See https://www.elastic.co/guide/en/elasticsearch/reference/7.16/security-minimal-setup.html to enable security."],[299 Elasticsearch-7.16.1-5b38441b16b1ebb16a27c107a4c3865776e20c53 "[ignore_throttled] parameter is deprecated because frozen indices have been deprecated. Consider cold or frozen tiers in place of frozen indices."]
2023-08-04 12:58:19,406 INFO  [com.dot.ContainerResource] (docker-java-stream-1865446083) STDOUT: 12:58:19.405  WARN  client.RestClient - request [POST http://elasticsearch:9200/cluster_c40f8aa8c9.live_20230804125756/_search?typed_keys=true&max_concurrent_shard_requests=5&ignore_unavailable=false&expand_wildcards=open&allow_no_indices=true&ignore_throttled=true&search_type=query_then_fetch&batched_reduce_size=512&ccs_minimize_roundtrips=true] returned 2 warnings: [299 Elasticsearch-7.16.1-5b38441b16b1ebb16a27c107a4c3865776e20c53 "Elasticsearch built-in security features are not enabled. Without authentication, your cluster could be accessible to anyone. See https://www.elastic.co/guide/en/elasticsearch/reference/7.16/security-minimal-setup.html to enable security."],[299 Elasticsearch-7.16.1-5b38441b16b1ebb16a27c107a4c3865776e20c53 "[ignore_throttled] parameter is deprecated because frozen indices have been deprecated. Consider cold or frozen tiers in place of frozen indices."]
2023-08-04 12:58:19,416 INFO  [com.dot.ContainerResource] (docker-java-stream-1865446083) STDOUT: 12:58:19.413  WARN  client.RestClient - request [POST http://elasticsearch:9200/cluster_c40f8aa8c9.live_20230804125756/_search?typed_keys=true&max_concurrent_shard_requests=5&ignore_unavailable=false&expand_wildcards=open&allow_no_indices=true&ignore_throttled=true&search_type=query_then_fetch&batched_reduce_size=512&ccs_minimize_roundtrips=true] returned 2 warnings: [299 Elasticsearch-7.16.1-5b38441b16b1ebb16a27c107a4c3865776e20c53 "Elasticsearch built-in security features are not enabled. Without authentication, your cluster could be accessible to anyone. See https://www.elastic.co/guide/en/elasticsearch/reference/7.16/security-minimal-setup.html to enable security."],[299 Elasticsearch-7.16.1-5b38441b16b1ebb16a27c107a4c3865776e20c53 "[ignore_throttled] parameter is deprecated because frozen indices have been deprecated. Consider cold or frozen tiers in place of frozen indices."]
2023-08-04 12:58:19,428 INFO  [com.dot.ContainerResource] (docker-java-stream-1865446083) STDOUT: 12:58:19.427  WARN  client.RestClient - request [POST http://elasticsearch:9200/cluster_c40f8aa8c9.live_20230804125756/_search?typed_keys=true&max_concurrent_shard_requests=5&ignore_unavailable=false&expand_wildcards=open&allow_no_indices=true&ignore_throttled=true&search_type=query_then_fetch&batched_reduce_size=512&ccs_minimize_roundtrips=true] returned 2 warnings: [299 Elasticsearch-7.16.1-5b38441b16b1ebb16a27c107a4c3865776e20c53 "Elasticsearch built-in security features are not enabled. Without authentication, your cluster could be accessible to anyone. See https://www.elastic.co/guide/en/elasticsearch/reference/7.16/security-minimal-setup.html to enable security."],[299 Elasticsearch-7.16.1-5b38441b16b1ebb16a27c107a4c3865776e20c53 "[ignore_throttled] parameter is deprecated because frozen indices have been deprecated. Consider cold or frozen tiers in place of frozen indices."]
2023-08-04 12:58:19,440 INFO  [com.dot.ContainerResource] (docker-java-stream-1865446083) STDOUT: 12:58:19.436  WARN  client.RestClient - request [POST http://elasticsearch:9200/cluster_c40f8aa8c9.live_20230804125756/_search?typed_keys=true&max_concurrent_shard_requests=5&ignore_unavailable=false&expand_wildcards=open&allow_no_indices=true&ignore_throttled=true&search_type=query_then_fetch&batched_reduce_size=512&ccs_minimize_roundtrips=true] returned 2 warnings: [299 Elasticsearch-7.16.1-5b38441b16b1ebb16a27c107a4c3865776e20c53 "Elasticsearch built-in security features are not enabled. Without authentication, your cluster could be accessible to anyone. See https://www.elastic.co/guide/en/elasticsearch/reference/7.16/security-minimal-setup.html to enable security."],[299 Elasticsearch-7.16.1-5b38441b16b1ebb16a27c107a4c3865776e20c53 "[ignore_throttled] parameter is deprecated because frozen indices have been deprecated. Consider cold or frozen tiers in place of frozen indices."]
2023-08-04 12:58:19,444 INFO  [com.dot.ContainerResource] (docker-java-stream-1865446083) STDOUT: 12:58:19.440  WARN  client.RestClient - request [POST http://elasticsearch:9200/cluster_c40f8aa8c9.live_20230804125756/_search?typed_keys=true&max_concurrent_shard_requests=5&ignore_unavailable=false&expand_wildcards=open&allow_no_indices=true&ignore_throttled=true&search_type=query_then_fetch&batched_reduce_size=512&ccs_minimize_roundtrips=true] returned 2 warnings: [299 Elasticsearch-7.16.1-5b38441b16b1ebb16a27c107a4c3865776e20c53 "Elasticsearch built-in security features are not enabled. Without authentication, your cluster could be accessible to anyone. See https://www.elastic.co/guide/en/elasticsearch/reference/7.16/security-minimal-setup.html to enable security."],[299 Elasticsearch-7.16.1-5b38441b16b1ebb16a27c107a4c3865776e20c53 "[ignore_throttled] parameter is deprecated because frozen indices have been deprecated. Consider cold or frozen tiers in place of frozen indices."]
2023-08-04 12:58:19,452 INFO  [com.dot.ContainerResource] (docker-java-stream-1865446083) STDOUT: 12:58:19.451  WARN  client.RestClient - request [POST http://elasticsearch:9200/cluster_c40f8aa8c9.live_20230804125756/_search?typed_keys=true&max_concurrent_shard_requests=5&ignore_unavailable=false&expand_wildcards=open&allow_no_indices=true&ignore_throttled=true&search_type=query_then_fetch&batched_reduce_size=512&ccs_minimize_roundtrips=true] returned 2 warnings: [299 Elasticsearch-7.16.1-5b38441b16b1ebb16a27c107a4c3865776e20c53 "Elasticsearch built-in security features are not enabled. Without authentication, your cluster could be accessible to anyone. See https://www.elastic.co/guide/en/elasticsearch/reference/7.16/security-minimal-setup.html to enable security."],[299 Elasticsearch-7.16.1-5b38441b16b1ebb16a27c107a4c3865776e20c53 "[ignore_throttled] parameter is deprecated because frozen indices have been deprecated. Consider cold or frozen tiers in place of frozen indices."]
2023-08-04 12:58:19,455 INFO  [com.dot.ContainerResource] (docker-java-stream-1865446083) STDOUT: 12:58:19.455  WARN  client.RestClient - request [POST http://elasticsearch:9200/cluster_c40f8aa8c9.live_20230804125756/_search?typed_keys=true&max_concurrent_shard_requests=5&ignore_unavailable=false&expand_wildcards=open&allow_no_indices=true&ignore_throttled=true&search_type=query_then_fetch&batched_reduce_size=512&ccs_minimize_roundtrips=true] returned 2 warnings: [299 Elasticsearch-7.16.1-5b38441b16b1ebb16a27c107a4c3865776e20c53 "Elasticsearch built-in security features are not enabled. Without authentication, your cluster could be accessible to anyone. See https://www.elastic.co/guide/en/elasticsearch/reference/7.16/security-minimal-setup.html to enable security."],[299 Elasticsearch-7.16.1-5b38441b16b1ebb16a27c107a4c3865776e20c53 "[ignore_throttled] parameter is deprecated because frozen indices have been deprecated. Consider cold or frozen tiers in place of frozen indices."]
2023-08-04 12:58:19,463 INFO  [com.dot.ContainerResource] (docker-java-stream-1865446083) STDOUT: 12:58:19.463  WARN  client.RestClient - request [POST http://elasticsearch:9200/cluster_c40f8aa8c9.live_20230804125756/_search?typed_keys=true&max_concurrent_shard_requests=5&ignore_unavailable=false&expand_wildcards=open&allow_no_indices=true&ignore_throttled=true&search_type=query_then_fetch&batched_reduce_size=512&ccs_minimize_roundtrips=true] returned 2 warnings: [299 Elasticsearch-7.16.1-5b38441b16b1ebb16a27c107a4c3865776e20c53 "Elasticsearch built-in security features are not enabled. Without authentication, your cluster could be accessible to anyone. See https://www.elastic.co/guide/en/elasticsearch/reference/7.16/security-minimal-setup.html to enable security."],[299 Elasticsearch-7.16.1-5b38441b16b1ebb16a27c107a4c3865776e20c53 "[ignore_throttled] parameter is deprecated because frozen indices have been deprecated. Consider cold or frozen tiers in place of frozen indices."]
2023-08-04 12:58:19,474 INFO  [com.dot.ContainerResource] (docker-java-stream-1865446083) STDOUT: 12:58:19.473  WARN  client.RestClient - request [POST http://elasticsearch:9200/cluster_c40f8aa8c9.live_20230804125756/_search?typed_keys=true&max_concurrent_shard_requests=5&ignore_unavailable=false&expand_wildcards=open&allow_no_indices=true&ignore_throttled=true&search_type=query_then_fetch&batched_reduce_size=512&ccs_minimize_roundtrips=true] returned 2 warnings: [299 Elasticsearch-7.16.1-5b38441b16b1ebb16a27c107a4c3865776e20c53 "Elasticsearch built-in security features are not enabled. Without authentication, your cluster could be accessible to anyone. See https://www.elastic.co/guide/en/elasticsearch/reference/7.16/security-minimal-setup.html to enable security."],[299 Elasticsearch-7.16.1-5b38441b16b1ebb16a27c107a4c3865776e20c53 "[ignore_throttled] parameter is deprecated because frozen indices have been deprecated. Consider cold or frozen tiers in place of frozen indices."]
2023-08-04 12:58:19,479 INFO  [com.dot.ContainerResource] (docker-java-stream-1865446083) STDOUT: 12:58:19.478  WARN  client.RestClient - request [POST http://elasticsearch:9200/cluster_c40f8aa8c9.live_20230804125756/_search?typed_keys=true&max_concurrent_shard_requests=5&ignore_unavailable=false&expand_wildcards=open&allow_no_indices=true&ignore_throttled=true&search_type=query_then_fetch&batched_reduce_size=512&ccs_minimize_roundtrips=true] returned 2 warnings: [299 Elasticsearch-7.16.1-5b38441b16b1ebb16a27c107a4c3865776e20c53 "Elasticsearch built-in security features are not enabled. Without authentication, your cluster could be accessible to anyone. See https://www.elastic.co/guide/en/elasticsearch/reference/7.16/security-minimal-setup.html to enable security."],[299 Elasticsearch-7.16.1-5b38441b16b1ebb16a27c107a4c3865776e20c53 "[ignore_throttled] parameter is deprecated because frozen indices have been deprecated. Consider cold or frozen tiers in place of frozen indices."]
2023-08-04 12:58:19,489 INFO  [com.dot.ContainerResource] (docker-java-stream-1865446083) STDOUT: 12:58:19.488  WARN  client.RestClient - request [POST http://elasticsearch:9200/cluster_c40f8aa8c9.live_20230804125756/_search?typed_keys=true&max_concurrent_shard_requests=5&ignore_unavailable=false&expand_wildcards=open&allow_no_indices=true&ignore_throttled=true&search_type=query_then_fetch&batched_reduce_size=512&ccs_minimize_roundtrips=true] returned 2 warnings: [299 Elasticsearch-7.16.1-5b38441b16b1ebb16a27c107a4c3865776e20c53 "Elasticsearch built-in security features are not enabled. Without authentication, your cluster could be accessible to anyone. See https://www.elastic.co/guide/en/elasticsearch/reference/7.16/security-minimal-setup.html to enable security."],[299 Elasticsearch-7.16.1-5b38441b16b1ebb16a27c107a4c3865776e20c53 "[ignore_throttled] parameter is deprecated because frozen indices have been deprecated. Consider cold or frozen tiers in place of frozen indices."]
2023-08-04 12:58:19,500 INFO  [com.dot.ContainerResource] (docker-java-stream-1865446083) STDOUT: 12:58:19.494  WARN  client.RestClient - request [POST http://elasticsearch:9200/cluster_c40f8aa8c9.live_20230804125756/_search?typed_keys=true&max_concurrent_shard_requests=5&ignore_unavailable=false&expand_wildcards=open&allow_no_indices=true&ignore_throttled=true&search_type=query_then_fetch&batched_reduce_size=512&ccs_minimize_roundtrips=true] returned 2 warnings: [299 Elasticsearch-7.16.1-5b38441b16b1ebb16a27c107a4c3865776e20c53 "Elasticsearch built-in security features are not enabled. Without authentication, your cluster could be accessible to anyone. See https://www.elastic.co/guide/en/elasticsearch/reference/7.16/security-minimal-setup.html to enable security."],[299 Elasticsearch-7.16.1-5b38441b16b1ebb16a27c107a4c3865776e20c53 "[ignore_throttled] parameter is deprecated because frozen indices have been deprecated. Consider cold or frozen tiers in place of frozen indices."]
2023-08-04 12:58:19,501 INFO  [com.dot.ContainerResource] (docker-java-stream-1865446083) STDOUT: 12:58:19.501  WARN  client.RestClient - request [POST http://elasticsearch:9200/cluster_c40f8aa8c9.live_20230804125756/_search?typed_keys=true&max_concurrent_shard_requests=5&ignore_unavailable=false&expand_wildcards=open&allow_no_indices=true&ignore_throttled=true&search_type=query_then_fetch&batched_reduce_size=512&ccs_minimize_roundtrips=true] returned 2 warnings: [299 Elasticsearch-7.16.1-5b38441b16b1ebb16a27c107a4c3865776e20c53 "Elasticsearch built-in security features are not enabled. Without authentication, your cluster could be accessible to anyone. See https://www.elastic.co/guide/en/elasticsearch/reference/7.16/security-minimal-setup.html to enable security."],[299 Elasticsearch-7.16.1-5b38441b16b1ebb16a27c107a4c3865776e20c53 "[ignore_throttled] parameter is deprecated because frozen indices have been deprecated. Consider cold or frozen tiers in place of frozen indices."]
2023-08-04 12:58:19,505 INFO  [com.dot.ContainerResource] (docker-java-stream-1865446083) STDOUT: 12:58:19.504  WARN  client.RestClient - request [POST http://elasticsearch:9200/cluster_c40f8aa8c9.live_20230804125756/_search?typed_keys=true&max_concurrent_shard_requests=5&ignore_unavailable=false&expand_wildcards=open&allow_no_indices=true&ignore_throttled=true&search_type=query_then_fetch&batched_reduce_size=512&ccs_minimize_roundtrips=true] returned 2 warnings: [299 Elasticsearch-7.16.1-5b38441b16b1ebb16a27c107a4c3865776e20c53 "Elasticsearch built-in security features are not enabled. Without authentication, your cluster could be accessible to anyone. See https://www.elastic.co/guide/en/elasticsearch/reference/7.16/security-minimal-setup.html to enable security."],[299 Elasticsearch-7.16.1-5b38441b16b1ebb16a27c107a4c3865776e20c53 "[ignore_throttled] parameter is deprecated because frozen indices have been deprecated. Consider cold or frozen tiers in place of frozen indices."]
2023-08-04 12:58:19,511 INFO  [com.dot.ContainerResource] (docker-java-stream-1865446083) STDOUT: 12:58:19.509  WARN  client.RestClient - request [POST http://elasticsearch:9200/cluster_c40f8aa8c9.live_20230804125756/_search?typed_keys=true&max_concurrent_shard_requests=5&ignore_unavailable=false&expand_wildcards=open&allow_no_indices=true&ignore_throttled=true&search_type=query_then_fetch&batched_reduce_size=512&ccs_minimize_roundtrips=true] returned 2 warnings: [299 Elasticsearch-7.16.1-5b38441b16b1ebb16a27c107a4c3865776e20c53 "Elasticsearch built-in security features are not enabled. Without authentication, your cluster could be accessible to anyone. See https://www.elastic.co/guide/en/elasticsearch/reference/7.16/security-minimal-setup.html to enable security."],[299 Elasticsearch-7.16.1-5b38441b16b1ebb16a27c107a4c3865776e20c53 "[ignore_throttled] parameter is deprecated because frozen indices have been deprecated. Consider cold or frozen tiers in place of frozen indices."]
2023-08-04 12:58:19,514 INFO  [com.dot.ContainerResource] (docker-java-stream-1865446083) STDOUT: 12:58:19.513  WARN  client.RestClient - request [POST http://elasticsearch:9200/cluster_c40f8aa8c9.live_20230804125756/_search?typed_keys=true&max_concurrent_shard_requests=5&ignore_unavailable=false&expand_wildcards=open&allow_no_indices=true&ignore_throttled=true&search_type=query_then_fetch&batched_reduce_size=512&ccs_minimize_roundtrips=true] returned 2 warnings: [299 Elasticsearch-7.16.1-5b38441b16b1ebb16a27c107a4c3865776e20c53 "Elasticsearch built-in security features are not enabled. Without authentication, your cluster could be accessible to anyone. See https://www.elastic.co/guide/en/elasticsearch/reference/7.16/security-minimal-setup.html to enable security."],[299 Elasticsearch-7.16.1-5b38441b16b1ebb16a27c107a4c3865776e20c53 "[ignore_throttled] parameter is deprecated because frozen indices have been deprecated. Consider cold or frozen tiers in place of frozen indices."]
2023-08-04 12:58:19,517 INFO  [com.dot.ContainerResource] (docker-java-stream-1865446083) STDOUT: 12:58:19.517  WARN  client.RestClient - request [POST http://elasticsearch:9200/cluster_c40f8aa8c9.live_20230804125756/_search?typed_keys=true&max_concurrent_shard_requests=5&ignore_unavailable=false&expand_wildcards=open&allow_no_indices=true&ignore_throttled=true&search_type=query_then_fetch&batched_reduce_size=512&ccs_minimize_roundtrips=true] returned 2 warnings: [299 Elasticsearch-7.16.1-5b38441b16b1ebb16a27c107a4c3865776e20c53 "Elasticsearch built-in security features are not enabled. Without authentication, your cluster could be accessible to anyone. See https://www.elastic.co/guide/en/elasticsearch/reference/7.16/security-minimal-setup.html to enable security."],[299 Elasticsearch-7.16.1-5b38441b16b1ebb16a27c107a4c3865776e20c53 "[ignore_throttled] parameter is deprecated because frozen indices have been deprecated. Consider cold or frozen tiers in place of frozen indices."]
2023-08-04 12:58:19,520 INFO  [com.dot.ContainerResource] (docker-java-stream-1865446083) STDOUT: 12:58:19.520  WARN  client.RestClient - request [POST http://elasticsearch:9200/cluster_c40f8aa8c9.live_20230804125756/_search?typed_keys=true&max_concurrent_shard_requests=5&ignore_unavailable=false&expand_wildcards=open&allow_no_indices=true&ignore_throttled=true&search_type=query_then_fetch&batched_reduce_size=512&ccs_minimize_roundtrips=true] returned 2 warnings: [299 Elasticsearch-7.16.1-5b38441b16b1ebb16a27c107a4c3865776e20c53 "Elasticsearch built-in security features are not enabled. Without authentication, your cluster could be accessible to anyone. See https://www.elastic.co/guide/en/elasticsearch/reference/7.16/security-minimal-setup.html to enable security."],[299 Elasticsearch-7.16.1-5b38441b16b1ebb16a27c107a4c3865776e20c53 "[ignore_throttled] parameter is deprecated because frozen indices have been deprecated. Consider cold or frozen tiers in place of frozen indices."]
2023-08-04 12:58:19,524 INFO  [com.dot.ContainerResource] (docker-java-stream-1865446083) STDOUT: 12:58:19.523  WARN  client.RestClient - request [POST http://elasticsearch:9200/cluster_c40f8aa8c9.live_20230804125756/_search?typed_keys=true&max_concurrent_shard_requests=5&ignore_unavailable=false&expand_wildcards=open&allow_no_indices=true&ignore_throttled=true&search_type=query_then_fetch&batched_reduce_size=512&ccs_minimize_roundtrips=true] returned 2 warnings: [299 Elasticsearch-7.16.1-5b38441b16b1ebb16a27c107a4c3865776e20c53 "Elasticsearch built-in security features are not enabled. Without authentication, your cluster could be accessible to anyone. See https://www.elastic.co/guide/en/elasticsearch/reference/7.16/security-minimal-setup.html to enable security."],[299 Elasticsearch-7.16.1-5b38441b16b1ebb16a27c107a4c3865776e20c53 "[ignore_throttled] parameter is deprecated because frozen indices have been deprecated. Consider cold or frozen tiers in place of frozen indices."]
2023-08-04 12:58:19,526 INFO  [com.dot.ContainerResource] (docker-java-stream-1865446083) STDOUT: 12:58:19.526  WARN  client.RestClient - request [POST http://elasticsearch:9200/cluster_c40f8aa8c9.live_20230804125756/_search?typed_keys=true&max_concurrent_shard_requests=5&ignore_unavailable=false&expand_wildcards=open&allow_no_indices=true&ignore_throttled=true&search_type=query_then_fetch&batched_reduce_size=512&ccs_minimize_roundtrips=true] returned 2 warnings: [299 Elasticsearch-7.16.1-5b38441b16b1ebb16a27c107a4c3865776e20c53 "Elasticsearch built-in security features are not enabled. Without authentication, your cluster could be accessible to anyone. See https://www.elastic.co/guide/en/elasticsearch/reference/7.16/security-minimal-setup.html to enable security."],[299 Elasticsearch-7.16.1-5b38441b16b1ebb16a27c107a4c3865776e20c53 "[ignore_throttled] parameter is deprecated because frozen indices have been deprecated. Consider cold or frozen tiers in place of frozen indices."]
2023-08-04 12:58:19,529 INFO  [com.dot.ContainerResource] (docker-java-stream-1865446083) STDOUT: 12:58:19.529  WARN  client.RestClient - request [POST http://elasticsearch:9200/cluster_c40f8aa8c9.live_20230804125756/_search?typed_keys=true&max_concurrent_shard_requests=5&ignore_unavailable=false&expand_wildcards=open&allow_no_indices=true&ignore_throttled=true&search_type=query_then_fetch&batched_reduce_size=512&ccs_minimize_roundtrips=true] returned 2 warnings: [299 Elasticsearch-7.16.1-5b38441b16b1ebb16a27c107a4c3865776e20c53 "Elasticsearch built-in security features are not enabled. Without authentication, your cluster could be accessible to anyone. See https://www.elastic.co/guide/en/elasticsearch/reference/7.16/security-minimal-setup.html to enable security."],[299 Elasticsearch-7.16.1-5b38441b16b1ebb16a27c107a4c3865776e20c53 "[ignore_throttled] parameter is deprecated because frozen indices have been deprecated. Consider cold or frozen tiers in place of frozen indices."]
2023-08-04 12:58:19,534 INFO  [com.dot.ContainerResource] (docker-java-stream-1865446083) STDOUT: 12:58:19.532  WARN  client.RestClient - request [POST http://elasticsearch:9200/cluster_c40f8aa8c9.live_20230804125756/_search?typed_keys=true&max_concurrent_shard_requests=5&ignore_unavailable=false&expand_wildcards=open&allow_no_indices=true&ignore_throttled=true&search_type=query_then_fetch&batched_reduce_size=512&ccs_minimize_roundtrips=true] returned 2 warnings: [299 Elasticsearch-7.16.1-5b38441b16b1ebb16a27c107a4c3865776e20c53 "Elasticsearch built-in security features are not enabled. Without authentication, your cluster could be accessible to anyone. See https://www.elastic.co/guide/en/elasticsearch/reference/7.16/security-minimal-setup.html to enable security."],[299 Elasticsearch-7.16.1-5b38441b16b1ebb16a27c107a4c3865776e20c53 "[ignore_throttled] parameter is deprecated because frozen indices have been deprecated. Consider cold or frozen tiers in place of frozen indices."]
2023-08-04 12:58:19,535 INFO  [com.dot.ContainerResource] (docker-java-stream-1865446083) STDOUT: 12:58:19.535  WARN  client.RestClient - request [POST http://elasticsearch:9200/cluster_c40f8aa8c9.live_20230804125756/_search?typed_keys=true&max_concurrent_shard_requests=5&ignore_unavailable=false&expand_wildcards=open&allow_no_indices=true&ignore_throttled=true&search_type=query_then_fetch&batched_reduce_size=512&ccs_minimize_roundtrips=true] returned 2 warnings: [299 Elasticsearch-7.16.1-5b38441b16b1ebb16a27c107a4c3865776e20c53 "Elasticsearch built-in security features are not enabled. Without authentication, your cluster could be accessible to anyone. See https://www.elastic.co/guide/en/elasticsearch/reference/7.16/security-minimal-setup.html to enable security."],[299 Elasticsearch-7.16.1-5b38441b16b1ebb16a27c107a4c3865776e20c53 "[ignore_throttled] parameter is deprecated because frozen indices have been deprecated. Consider cold or frozen tiers in place of frozen indices."]
2023-08-04 12:58:19,539 INFO  [com.dot.ContainerResource] (docker-java-stream-1865446083) STDOUT: 12:58:19.538  WARN  client.RestClient - request [POST http://elasticsearch:9200/cluster_c40f8aa8c9.live_20230804125756/_search?typed_keys=true&max_concurrent_shard_requests=5&ignore_unavailable=false&expand_wildcards=open&allow_no_indices=true&ignore_throttled=true&search_type=query_then_fetch&batched_reduce_size=512&ccs_minimize_roundtrips=true] returned 2 warnings: [299 Elasticsearch-7.16.1-5b38441b16b1ebb16a27c107a4c3865776e20c53 "Elasticsearch built-in security features are not enabled. Without authentication, your cluster could be accessible to anyone. See https://www.elastic.co/guide/en/elasticsearch/reference/7.16/security-minimal-setup.html to enable security."],[299 Elasticsearch-7.16.1-5b38441b16b1ebb16a27c107a4c3865776e20c53 "[ignore_throttled] parameter is deprecated because frozen indices have been deprecated. Consider cold or frozen tiers in place of frozen indices."]
2023-08-04 12:58:19,543 INFO  [com.dot.ContainerResource] (docker-java-stream-1865446083) STDOUT: 12:58:19.542  WARN  client.RestClient - request [POST http://elasticsearch:9200/cluster_c40f8aa8c9.live_20230804125756/_search?typed_keys=true&max_concurrent_shard_requests=5&ignore_unavailable=false&expand_wildcards=open&allow_no_indices=true&ignore_throttled=true&search_type=query_then_fetch&batched_reduce_size=512&ccs_minimize_roundtrips=true] returned 2 warnings: [299 Elasticsearch-7.16.1-5b38441b16b1ebb16a27c107a4c3865776e20c53 "Elasticsearch built-in security features are not enabled. Without authentication, your cluster could be accessible to anyone. See https://www.elastic.co/guide/en/elasticsearch/reference/7.16/security-minimal-setup.html to enable security."],[299 Elasticsearch-7.16.1-5b38441b16b1ebb16a27c107a4c3865776e20c53 "[ignore_throttled] parameter is deprecated because frozen indices have been deprecated. Consider cold or frozen tiers in place of frozen indices."]
2023-08-04 12:58:19,546 INFO  [com.dot.ContainerResource] (docker-java-stream-1865446083) STDOUT: 12:58:19.546  WARN  client.RestClient - request [POST http://elasticsearch:9200/cluster_c40f8aa8c9.live_20230804125756/_search?typed_keys=true&max_concurrent_shard_requests=5&ignore_unavailable=false&expand_wildcards=open&allow_no_indices=true&ignore_throttled=true&search_type=query_then_fetch&batched_reduce_size=512&ccs_minimize_roundtrips=true] returned 2 warnings: [299 Elasticsearch-7.16.1-5b38441b16b1ebb16a27c107a4c3865776e20c53 "Elasticsearch built-in security features are not enabled. Without authentication, your cluster could be accessible to anyone. See https://www.elastic.co/guide/en/elasticsearch/reference/7.16/security-minimal-setup.html to enable security."],[299 Elasticsearch-7.16.1-5b38441b16b1ebb16a27c107a4c3865776e20c53 "[ignore_throttled] parameter is deprecated because frozen indices have been deprecated. Consider cold or frozen tiers in place of frozen indices."]
2023-08-04 12:58:19,551 INFO  [com.dot.ContainerResource] (docker-java-stream-1865446083) STDOUT: 12:58:19.549  WARN  client.RestClient - request [POST http://elasticsearch:9200/cluster_c40f8aa8c9.live_20230804125756/_search?typed_keys=true&max_concurrent_shard_requests=5&ignore_unavailable=false&expand_wildcards=open&allow_no_indices=true&ignore_throttled=true&search_type=query_then_fetch&batched_reduce_size=512&ccs_minimize_roundtrips=true] returned 2 warnings: [299 Elasticsearch-7.16.1-5b38441b16b1ebb16a27c107a4c3865776e20c53 "Elasticsearch built-in security features are not enabled. Without authentication, your cluster could be accessible to anyone. See https://www.elastic.co/guide/en/elasticsearch/reference/7.16/security-minimal-setup.html to enable security."],[299 Elasticsearch-7.16.1-5b38441b16b1ebb16a27c107a4c3865776e20c53 "[ignore_throttled] parameter is deprecated because frozen indices have been deprecated. Consider cold or frozen tiers in place of frozen indices."]
2023-08-04 12:58:19,554 INFO  [com.dot.ContainerResource] (docker-java-stream-1865446083) STDOUT: 12:58:19.551  WARN  client.RestClient - request [POST http://elasticsearch:9200/cluster_c40f8aa8c9.live_20230804125756/_search?typed_keys=true&max_concurrent_shard_requests=5&ignore_unavailable=false&expand_wildcards=open&allow_no_indices=true&ignore_throttled=true&search_type=query_then_fetch&batched_reduce_size=512&ccs_minimize_roundtrips=true] returned 2 warnings: [299 Elasticsearch-7.16.1-5b38441b16b1ebb16a27c107a4c3865776e20c53 "Elasticsearch built-in security features are not enabled. Without authentication, your cluster could be accessible to anyone. See https://www.elastic.co/guide/en/elasticsearch/reference/7.16/security-minimal-setup.html to enable security."],[299 Elasticsearch-7.16.1-5b38441b16b1ebb16a27c107a4c3865776e20c53 "[ignore_throttled] parameter is deprecated because frozen indices have been deprecated. Consider cold or frozen tiers in place of frozen indices."]
2023-08-04 12:58:19,556 INFO  [com.dot.ContainerResource] (docker-java-stream-1865446083) STDOUT: 12:58:19.556  WARN  client.RestClient - request [POST http://elasticsearch:9200/cluster_c40f8aa8c9.live_20230804125756/_search?typed_keys=true&max_concurrent_shard_requests=5&ignore_unavailable=false&expand_wildcards=open&allow_no_indices=true&ignore_throttled=true&search_type=query_then_fetch&batched_reduce_size=512&ccs_minimize_roundtrips=true] returned 2 warnings: [299 Elasticsearch-7.16.1-5b38441b16b1ebb16a27c107a4c3865776e20c53 "Elasticsearch built-in security features are not enabled. Without authentication, your cluster could be accessible to anyone. See https://www.elastic.co/guide/en/elasticsearch/reference/7.16/security-minimal-setup.html to enable security."],[299 Elasticsearch-7.16.1-5b38441b16b1ebb16a27c107a4c3865776e20c53 "[ignore_throttled] parameter is deprecated because frozen indices have been deprecated. Consider cold or frozen tiers in place of frozen indices."]
2023-08-04 12:58:19,559 INFO  [com.dot.ContainerResource] (docker-java-stream-1865446083) STDOUT: 12:58:19.559  WARN  client.RestClient - request [POST http://elasticsearch:9200/cluster_c40f8aa8c9.live_20230804125756/_search?typed_keys=true&max_concurrent_shard_requests=5&ignore_unavailable=false&expand_wildcards=open&allow_no_indices=true&ignore_throttled=true&search_type=query_then_fetch&batched_reduce_size=512&ccs_minimize_roundtrips=true] returned 2 warnings: [299 Elasticsearch-7.16.1-5b38441b16b1ebb16a27c107a4c3865776e20c53 "Elasticsearch built-in security features are not enabled. Without authentication, your cluster could be accessible to anyone. See https://www.elastic.co/guide/en/elasticsearch/reference/7.16/security-minimal-setup.html to enable security."],[299 Elasticsearch-7.16.1-5b38441b16b1ebb16a27c107a4c3865776e20c53 "[ignore_throttled] parameter is deprecated because frozen indices have been deprecated. Consider cold or frozen tiers in place of frozen indices."]
2023-08-04 12:58:19,563 INFO  [com.dot.ContainerResource] (docker-java-stream-1865446083) STDOUT: 12:58:19.562  WARN  client.RestClient - request [POST http://elasticsearch:9200/cluster_c40f8aa8c9.live_20230804125756/_search?typed_keys=true&max_concurrent_shard_requests=5&ignore_unavailable=false&expand_wildcards=open&allow_no_indices=true&ignore_throttled=true&search_type=query_then_fetch&batched_reduce_size=512&ccs_minimize_roundtrips=true] returned 2 warnings: [299 Elasticsearch-7.16.1-5b38441b16b1ebb16a27c107a4c3865776e20c53 "Elasticsearch built-in security features are not enabled. Without authentication, your cluster could be accessible to anyone. See https://www.elastic.co/guide/en/elasticsearch/reference/7.16/security-minimal-setup.html to enable security."],[299 Elasticsearch-7.16.1-5b38441b16b1ebb16a27c107a4c3865776e20c53 "[ignore_throttled] parameter is deprecated because frozen indices have been deprecated. Consider cold or frozen tiers in place of frozen indices."]
2023-08-04 12:58:19,572 INFO  [com.dot.ContainerResource] (docker-java-stream-1865446083) STDOUT: 12:58:19.572  WARN  client.RestClient - request [POST http://elasticsearch:9200/cluster_c40f8aa8c9.live_20230804125756/_search?typed_keys=true&max_concurrent_shard_requests=5&ignore_unavailable=false&expand_wildcards=open&allow_no_indices=true&ignore_throttled=true&search_type=query_then_fetch&batched_reduce_size=512&ccs_minimize_roundtrips=true] returned 2 warnings: [299 Elasticsearch-7.16.1-5b38441b16b1ebb16a27c107a4c3865776e20c53 "Elasticsearch built-in security features are not enabled. Without authentication, your cluster could be accessible to anyone. See https://www.elastic.co/guide/en/elasticsearch/reference/7.16/security-minimal-setup.html to enable security."],[299 Elasticsearch-7.16.1-5b38441b16b1ebb16a27c107a4c3865776e20c53 "[ignore_throttled] parameter is deprecated because frozen indices have been deprecated. Consider cold or frozen tiers in place of frozen indices."]
2023-08-04 12:58:19,576 INFO  [com.dot.ContainerResource] (docker-java-stream-1865446083) STDOUT: 12:58:19.576  WARN  client.RestClient - request [POST http://elasticsearch:9200/cluster_c40f8aa8c9.live_20230804125756/_search?typed_keys=true&max_concurrent_shard_requests=5&ignore_unavailable=false&expand_wildcards=open&allow_no_indices=true&ignore_throttled=true&search_type=query_then_fetch&batched_reduce_size=512&ccs_minimize_roundtrips=true] returned 2 warnings: [299 Elasticsearch-7.16.1-5b38441b16b1ebb16a27c107a4c3865776e20c53 "Elasticsearch built-in security features are not enabled. Without authentication, your cluster could be accessible to anyone. See https://www.elastic.co/guide/en/elasticsearch/reference/7.16/security-minimal-setup.html to enable security."],[299 Elasticsearch-7.16.1-5b38441b16b1ebb16a27c107a4c3865776e20c53 "[ignore_throttled] parameter is deprecated because frozen indices have been deprecated. Consider cold or frozen tiers in place of frozen indices."]
2023-08-04 12:58:19,587 INFO  [com.dot.ContainerResource] (docker-java-stream-1865446083) STDOUT: 12:58:19.582  WARN  client.RestClient - request [POST http://elasticsearch:9200/cluster_c40f8aa8c9.live_20230804125756/_search?typed_keys=true&max_concurrent_shard_requests=5&ignore_unavailable=false&expand_wildcards=open&allow_no_indices=true&ignore_throttled=true&search_type=query_then_fetch&batched_reduce_size=512&ccs_minimize_roundtrips=true] returned 2 warnings: [299 Elasticsearch-7.16.1-5b38441b16b1ebb16a27c107a4c3865776e20c53 "Elasticsearch built-in security features are not enabled. Without authentication, your cluster could be accessible to anyone. See https://www.elastic.co/guide/en/elasticsearch/reference/7.16/security-minimal-setup.html to enable security."],[299 Elasticsearch-7.16.1-5b38441b16b1ebb16a27c107a4c3865776e20c53 "[ignore_throttled] parameter is deprecated because frozen indices have been deprecated. Consider cold or frozen tiers in place of frozen indices."]
2023-08-04 12:58:19,587 INFO  [com.dot.ContainerResource] (docker-java-stream-1865446083) STDOUT: 12:58:19.585  WARN  client.RestClient - request [POST http://elasticsearch:9200/cluster_c40f8aa8c9.live_20230804125756/_search?typed_keys=true&max_concurrent_shard_requests=5&ignore_unavailable=false&expand_wildcards=open&allow_no_indices=true&ignore_throttled=true&search_type=query_then_fetch&batched_reduce_size=512&ccs_minimize_roundtrips=true] returned 2 warnings: [299 Elasticsearch-7.16.1-5b38441b16b1ebb16a27c107a4c3865776e20c53 "Elasticsearch built-in security features are not enabled. Without authentication, your cluster could be accessible to anyone. See https://www.elastic.co/guide/en/elasticsearch/reference/7.16/security-minimal-setup.html to enable security."],[299 Elasticsearch-7.16.1-5b38441b16b1ebb16a27c107a4c3865776e20c53 "[ignore_throttled] parameter is deprecated because frozen indices have been deprecated. Consider cold or frozen tiers in place of frozen indices."]
2023-08-04 12:58:19,590 INFO  [com.dot.ContainerResource] (docker-java-stream-1865446083) STDOUT: 12:58:19.590  WARN  client.RestClient - request [POST http://elasticsearch:9200/cluster_c40f8aa8c9.live_20230804125756/_search?typed_keys=true&max_concurrent_shard_requests=5&ignore_unavailable=false&expand_wildcards=open&allow_no_indices=true&ignore_throttled=true&search_type=query_then_fetch&batched_reduce_size=512&ccs_minimize_roundtrips=true] returned 2 warnings: [299 Elasticsearch-7.16.1-5b38441b16b1ebb16a27c107a4c3865776e20c53 "Elasticsearch built-in security features are not enabled. Without authentication, your cluster could be accessible to anyone. See https://www.elastic.co/guide/en/elasticsearch/reference/7.16/security-minimal-setup.html to enable security."],[299 Elasticsearch-7.16.1-5b38441b16b1ebb16a27c107a4c3865776e20c53 "[ignore_throttled] parameter is deprecated because frozen indices have been deprecated. Consider cold or frozen tiers in place of frozen indices."]
2023-08-04 12:58:19,597 INFO  [com.dot.ContainerResource] (docker-java-stream-1865446083) STDOUT: 12:58:19.596  WARN  client.RestClient - request [POST http://elasticsearch:9200/cluster_c40f8aa8c9.live_20230804125756/_search?typed_keys=true&max_concurrent_shard_requests=5&ignore_unavailable=false&expand_wildcards=open&allow_no_indices=true&ignore_throttled=true&search_type=query_then_fetch&batched_reduce_size=512&ccs_minimize_roundtrips=true] returned 2 warnings: [299 Elasticsearch-7.16.1-5b38441b16b1ebb16a27c107a4c3865776e20c53 "Elasticsearch built-in security features are not enabled. Without authentication, your cluster could be accessible to anyone. See https://www.elastic.co/guide/en/elasticsearch/reference/7.16/security-minimal-setup.html to enable security."],[299 Elasticsearch-7.16.1-5b38441b16b1ebb16a27c107a4c3865776e20c53 "[ignore_throttled] parameter is deprecated because frozen indices have been deprecated. Consider cold or frozen tiers in place of frozen indices."]
2023-08-04 12:58:19,602 INFO  [com.dot.ContainerResource] (docker-java-stream-1865446083) STDOUT: 12:58:19.600  WARN  client.RestClient - request [POST http://elasticsearch:9200/cluster_c40f8aa8c9.live_20230804125756/_search?typed_keys=true&max_concurrent_shard_requests=5&ignore_unavailable=false&expand_wildcards=open&allow_no_indices=true&ignore_throttled=true&search_type=query_then_fetch&batched_reduce_size=512&ccs_minimize_roundtrips=true] returned 2 warnings: [299 Elasticsearch-7.16.1-5b38441b16b1ebb16a27c107a4c3865776e20c53 "Elasticsearch built-in security features are not enabled. Without authentication, your cluster could be accessible to anyone. See https://www.elastic.co/guide/en/elasticsearch/reference/7.16/security-minimal-setup.html to enable security."],[299 Elasticsearch-7.16.1-5b38441b16b1ebb16a27c107a4c3865776e20c53 "[ignore_throttled] parameter is deprecated because frozen indices have been deprecated. Consider cold or frozen tiers in place of frozen indices."]
2023-08-04 12:58:19,604 INFO  [com.dot.ContainerResource] (docker-java-stream-1865446083) STDOUT: 12:58:19.604  WARN  client.RestClient - request [POST http://elasticsearch:9200/cluster_c40f8aa8c9.live_20230804125756/_search?typed_keys=true&max_concurrent_shard_requests=5&ignore_unavailable=false&expand_wildcards=open&allow_no_indices=true&ignore_throttled=true&search_type=query_then_fetch&batched_reduce_size=512&ccs_minimize_roundtrips=true] returned 2 warnings: [299 Elasticsearch-7.16.1-5b38441b16b1ebb16a27c107a4c3865776e20c53 "Elasticsearch built-in security features are not enabled. Without authentication, your cluster could be accessible to anyone. See https://www.elastic.co/guide/en/elasticsearch/reference/7.16/security-minimal-setup.html to enable security."],[299 Elasticsearch-7.16.1-5b38441b16b1ebb16a27c107a4c3865776e20c53 "[ignore_throttled] parameter is deprecated because frozen indices have been deprecated. Consider cold or frozen tiers in place of frozen indices."]
2023-08-04 12:58:19,615 INFO  [com.dot.ContainerResource] (docker-java-stream-1865446083) STDOUT: 12:58:19.610  WARN  client.RestClient - request [POST http://elasticsearch:9200/cluster_c40f8aa8c9.live_20230804125756/_search?typed_keys=true&max_concurrent_shard_requests=5&ignore_unavailable=false&expand_wildcards=open&allow_no_indices=true&ignore_throttled=true&search_type=query_then_fetch&batched_reduce_size=512&ccs_minimize_roundtrips=true] returned 2 warnings: [299 Elasticsearch-7.16.1-5b38441b16b1ebb16a27c107a4c3865776e20c53 "Elasticsearch built-in security features are not enabled. Without authentication, your cluster could be accessible to anyone. See https://www.elastic.co/guide/en/elasticsearch/reference/7.16/security-minimal-setup.html to enable security."],[299 Elasticsearch-7.16.1-5b38441b16b1ebb16a27c107a4c3865776e20c53 "[ignore_throttled] parameter is deprecated because frozen indices have been deprecated. Consider cold or frozen tiers in place of frozen indices."]
2023-08-04 12:58:19,615 INFO  [com.dot.ContainerResource] (docker-java-stream-1865446083) STDOUT: 12:58:19.613  WARN  client.RestClient - request [POST http://elasticsearch:9200/cluster_c40f8aa8c9.live_20230804125756/_search?typed_keys=true&max_concurrent_shard_requests=5&ignore_unavailable=false&expand_wildcards=open&allow_no_indices=true&ignore_throttled=true&search_type=query_then_fetch&batched_reduce_size=512&ccs_minimize_roundtrips=true] returned 2 warnings: [299 Elasticsearch-7.16.1-5b38441b16b1ebb16a27c107a4c3865776e20c53 "Elasticsearch built-in security features are not enabled. Without authentication, your cluster could be accessible to anyone. See https://www.elastic.co/guide/en/elasticsearch/reference/7.16/security-minimal-setup.html to enable security."],[299 Elasticsearch-7.16.1-5b38441b16b1ebb16a27c107a4c3865776e20c53 "[ignore_throttled] parameter is deprecated because frozen indices have been deprecated. Consider cold or frozen tiers in place of frozen indices."]
2023-08-04 12:58:19,617 INFO  [com.dot.ContainerResource] (docker-java-stream-1865446083) STDOUT: 12:58:19.617  WARN  client.RestClient - request [POST http://elasticsearch:9200/cluster_c40f8aa8c9.live_20230804125756/_search?typed_keys=true&max_concurrent_shard_requests=5&ignore_unavailable=false&expand_wildcards=open&allow_no_indices=true&ignore_throttled=true&search_type=query_then_fetch&batched_reduce_size=512&ccs_minimize_roundtrips=true] returned 2 warnings: [299 Elasticsearch-7.16.1-5b38441b16b1ebb16a27c107a4c3865776e20c53 "Elasticsearch built-in security features are not enabled. Without authentication, your cluster could be accessible to anyone. See https://www.elastic.co/guide/en/elasticsearch/reference/7.16/security-minimal-setup.html to enable security."],[299 Elasticsearch-7.16.1-5b38441b16b1ebb16a27c107a4c3865776e20c53 "[ignore_throttled] parameter is deprecated because frozen indices have been deprecated. Consider cold or frozen tiers in place of frozen indices."]
2023-08-04 12:58:19,624 INFO  [com.dot.ContainerResource] (docker-java-stream-1865446083) STDOUT: 12:58:19.623  WARN  client.RestClient - request [POST http://elasticsearch:9200/cluster_c40f8aa8c9.live_20230804125756/_search?typed_keys=true&max_concurrent_shard_requests=5&ignore_unavailable=false&expand_wildcards=open&allow_no_indices=true&ignore_throttled=true&search_type=query_then_fetch&batched_reduce_size=512&ccs_minimize_roundtrips=true] returned 2 warnings: [299 Elasticsearch-7.16.1-5b38441b16b1ebb16a27c107a4c3865776e20c53 "Elasticsearch built-in security features are not enabled. Without authentication, your cluster could be accessible to anyone. See https://www.elastic.co/guide/en/elasticsearch/reference/7.16/security-minimal-setup.html to enable security."],[299 Elasticsearch-7.16.1-5b38441b16b1ebb16a27c107a4c3865776e20c53 "[ignore_throttled] parameter is deprecated because frozen indices have been deprecated. Consider cold or frozen tiers in place of frozen indices."]
2023-08-04 12:58:19,633 INFO  [com.dot.ContainerResource] (docker-java-stream-1865446083) STDOUT: 12:58:19.632  WARN  client.RestClient - request [POST http://elasticsearch:9200/cluster_c40f8aa8c9.live_20230804125756/_search?typed_keys=true&max_concurrent_shard_requests=5&ignore_unavailable=false&expand_wildcards=open&allow_no_indices=true&ignore_throttled=true&search_type=query_then_fetch&batched_reduce_size=512&ccs_minimize_roundtrips=true] returned 2 warnings: [299 Elasticsearch-7.16.1-5b38441b16b1ebb16a27c107a4c3865776e20c53 "Elasticsearch built-in security features are not enabled. Without authentication, your cluster could be accessible to anyone. See https://www.elastic.co/guide/en/elasticsearch/reference/7.16/security-minimal-setup.html to enable security."],[299 Elasticsearch-7.16.1-5b38441b16b1ebb16a27c107a4c3865776e20c53 "[ignore_throttled] parameter is deprecated because frozen indices have been deprecated. Consider cold or frozen tiers in place of frozen indices."]
2023-08-04 12:58:19,636 INFO  [com.dot.ContainerResource] (docker-java-stream-1865446083) STDOUT: 12:58:19.636  WARN  client.RestClient - request [POST http://elasticsearch:9200/cluster_c40f8aa8c9.live_20230804125756/_search?typed_keys=true&max_concurrent_shard_requests=5&ignore_unavailable=false&expand_wildcards=open&allow_no_indices=true&ignore_throttled=true&search_type=query_then_fetch&batched_reduce_size=512&ccs_minimize_roundtrips=true] returned 2 warnings: [299 Elasticsearch-7.16.1-5b38441b16b1ebb16a27c107a4c3865776e20c53 "Elasticsearch built-in security features are not enabled. Without authentication, your cluster could be accessible to anyone. See https://www.elastic.co/guide/en/elasticsearch/reference/7.16/security-minimal-setup.html to enable security."],[299 Elasticsearch-7.16.1-5b38441b16b1ebb16a27c107a4c3865776e20c53 "[ignore_throttled] parameter is deprecated because frozen indices have been deprecated. Consider cold or frozen tiers in place of frozen indices."]
2023-08-04 12:58:19,639 INFO  [com.dot.ContainerResource] (docker-java-stream-1865446083) STDOUT: 12:58:19.639  WARN  client.RestClient - request [POST http://elasticsearch:9200/cluster_c40f8aa8c9.live_20230804125756/_search?typed_keys=true&max_concurrent_shard_requests=5&ignore_unavailable=false&expand_wildcards=open&allow_no_indices=true&ignore_throttled=true&search_type=query_then_fetch&batched_reduce_size=512&ccs_minimize_roundtrips=true] returned 2 warnings: [299 Elasticsearch-7.16.1-5b38441b16b1ebb16a27c107a4c3865776e20c53 "Elasticsearch built-in security features are not enabled. Without authentication, your cluster could be accessible to anyone. See https://www.elastic.co/guide/en/elasticsearch/reference/7.16/security-minimal-setup.html to enable security."],[299 Elasticsearch-7.16.1-5b38441b16b1ebb16a27c107a4c3865776e20c53 "[ignore_throttled] parameter is deprecated because frozen indices have been deprecated. Consider cold or frozen tiers in place of frozen indices."]
2023-08-04 12:58:19,658 INFO  [com.dot.ContainerResource] (docker-java-stream-1865446083) STDOUT: 12:58:19.656  WARN  client.RestClient - request [POST http://elasticsearch:9200/cluster_c40f8aa8c9.live_20230804125756/_search?typed_keys=true&max_concurrent_shard_requests=5&ignore_unavailable=false&expand_wildcards=open&allow_no_indices=true&ignore_throttled=true&search_type=query_then_fetch&batched_reduce_size=512&ccs_minimize_roundtrips=true] returned 2 warnings: [299 Elasticsearch-7.16.1-5b38441b16b1ebb16a27c107a4c3865776e20c53 "Elasticsearch built-in security features are not enabled. Without authentication, your cluster could be accessible to anyone. See https://www.elastic.co/guide/en/elasticsearch/reference/7.16/security-minimal-setup.html to enable security."],[299 Elasticsearch-7.16.1-5b38441b16b1ebb16a27c107a4c3865776e20c53 "[ignore_throttled] parameter is deprecated because frozen indices have been deprecated. Consider cold or frozen tiers in place of frozen indices."]
2023-08-04 12:58:19,661 INFO  [com.dot.ContainerResource] (docker-java-stream-1865446083) STDOUT: 12:58:19.661  WARN  client.RestClient - request [POST http://elasticsearch:9200/cluster_c40f8aa8c9.live_20230804125756/_search?typed_keys=true&max_concurrent_shard_requests=5&ignore_unavailable=false&expand_wildcards=open&allow_no_indices=true&ignore_throttled=true&search_type=query_then_fetch&batched_reduce_size=512&ccs_minimize_roundtrips=true] returned 2 warnings: [299 Elasticsearch-7.16.1-5b38441b16b1ebb16a27c107a4c3865776e20c53 "Elasticsearch built-in security features are not enabled. Without authentication, your cluster could be accessible to anyone. See https://www.elastic.co/guide/en/elasticsearch/reference/7.16/security-minimal-setup.html to enable security."],[299 Elasticsearch-7.16.1-5b38441b16b1ebb16a27c107a4c3865776e20c53 "[ignore_throttled] parameter is deprecated because frozen indices have been deprecated. Consider cold or frozen tiers in place of frozen indices."]
2023-08-04 12:58:19,669 INFO  [com.dot.ContainerResource] (docker-java-stream-1865446083) STDOUT: 12:58:19.668  WARN  client.RestClient - request [POST http://elasticsearch:9200/cluster_c40f8aa8c9.live_20230804125756/_search?typed_keys=true&max_concurrent_shard_requests=5&ignore_unavailable=false&expand_wildcards=open&allow_no_indices=true&ignore_throttled=true&search_type=query_then_fetch&batched_reduce_size=512&ccs_minimize_roundtrips=true] returned 2 warnings: [299 Elasticsearch-7.16.1-5b38441b16b1ebb16a27c107a4c3865776e20c53 "Elasticsearch built-in security features are not enabled. Without authentication, your cluster could be accessible to anyone. See https://www.elastic.co/guide/en/elasticsearch/reference/7.16/security-minimal-setup.html to enable security."],[299 Elasticsearch-7.16.1-5b38441b16b1ebb16a27c107a4c3865776e20c53 "[ignore_throttled] parameter is deprecated because frozen indices have been deprecated. Consider cold or frozen tiers in place of frozen indices."]
2023-08-04 12:58:19,675 INFO  [com.dot.ContainerResource] (docker-java-stream-1865446083) STDOUT: 12:58:19.675  WARN  client.RestClient - request [POST http://elasticsearch:9200/cluster_c40f8aa8c9.live_20230804125756/_search?typed_keys=true&max_concurrent_shard_requests=5&ignore_unavailable=false&expand_wildcards=open&allow_no_indices=true&ignore_throttled=true&search_type=query_then_fetch&batched_reduce_size=512&ccs_minimize_roundtrips=true] returned 2 warnings: [299 Elasticsearch-7.16.1-5b38441b16b1ebb16a27c107a4c3865776e20c53 "Elasticsearch built-in security features are not enabled. Without authentication, your cluster could be accessible to anyone. See https://www.elastic.co/guide/en/elasticsearch/reference/7.16/security-minimal-setup.html to enable security."],[299 Elasticsearch-7.16.1-5b38441b16b1ebb16a27c107a4c3865776e20c53 "[ignore_throttled] parameter is deprecated because frozen indices have been deprecated. Consider cold or frozen tiers in place of frozen indices."]
2023-08-04 12:58:19,679 INFO  [com.dot.ContainerResource] (docker-java-stream-1865446083) STDOUT: 12:58:19.679  WARN  client.RestClient - request [POST http://elasticsearch:9200/cluster_c40f8aa8c9.live_20230804125756/_search?typed_keys=true&max_concurrent_shard_requests=5&ignore_unavailable=false&expand_wildcards=open&allow_no_indices=true&ignore_throttled=true&search_type=query_then_fetch&batched_reduce_size=512&ccs_minimize_roundtrips=true] returned 2 warnings: [299 Elasticsearch-7.16.1-5b38441b16b1ebb16a27c107a4c3865776e20c53 "Elasticsearch built-in security features are not enabled. Without authentication, your cluster could be accessible to anyone. See https://www.elastic.co/guide/en/elasticsearch/reference/7.16/security-minimal-setup.html to enable security."],[299 Elasticsearch-7.16.1-5b38441b16b1ebb16a27c107a4c3865776e20c53 "[ignore_throttled] parameter is deprecated because frozen indices have been deprecated. Consider cold or frozen tiers in place of frozen indices."]
2023-08-04 12:58:19,685 INFO  [com.dot.ContainerResource] (docker-java-stream-1865446083) STDOUT: 12:58:19.685  WARN  client.RestClient - request [POST http://elasticsearch:9200/cluster_c40f8aa8c9.live_20230804125756/_search?typed_keys=true&max_concurrent_shard_requests=5&ignore_unavailable=false&expand_wildcards=open&allow_no_indices=true&ignore_throttled=true&search_type=query_then_fetch&batched_reduce_size=512&ccs_minimize_roundtrips=true] returned 2 warnings: [299 Elasticsearch-7.16.1-5b38441b16b1ebb16a27c107a4c3865776e20c53 "Elasticsearch built-in security features are not enabled. Without authentication, your cluster could be accessible to anyone. See https://www.elastic.co/guide/en/elasticsearch/reference/7.16/security-minimal-setup.html to enable security."],[299 Elasticsearch-7.16.1-5b38441b16b1ebb16a27c107a4c3865776e20c53 "[ignore_throttled] parameter is deprecated because frozen indices have been deprecated. Consider cold or frozen tiers in place of frozen indices."]
2023-08-04 12:58:19,691 INFO  [com.dot.ContainerResource] (docker-java-stream-1865446083) STDOUT: 12:58:19.691  WARN  client.RestClient - request [POST http://elasticsearch:9200/cluster_c40f8aa8c9.live_20230804125756/_search?typed_keys=true&max_concurrent_shard_requests=5&ignore_unavailable=false&expand_wildcards=open&allow_no_indices=true&ignore_throttled=true&search_type=query_then_fetch&batched_reduce_size=512&ccs_minimize_roundtrips=true] returned 2 warnings: [299 Elasticsearch-7.16.1-5b38441b16b1ebb16a27c107a4c3865776e20c53 "Elasticsearch built-in security features are not enabled. Without authentication, your cluster could be accessible to anyone. See https://www.elastic.co/guide/en/elasticsearch/reference/7.16/security-minimal-setup.html to enable security."],[299 Elasticsearch-7.16.1-5b38441b16b1ebb16a27c107a4c3865776e20c53 "[ignore_throttled] parameter is deprecated because frozen indices have been deprecated. Consider cold or frozen tiers in place of frozen indices."]
2023-08-04 12:58:19,699 INFO  [com.dot.ContainerResource] (docker-java-stream-1865446083) STDOUT: 12:58:19.695  WARN  client.RestClient - request [POST http://elasticsearch:9200/cluster_c40f8aa8c9.live_20230804125756/_search?typed_keys=true&max_concurrent_shard_requests=5&ignore_unavailable=false&expand_wildcards=open&allow_no_indices=true&ignore_throttled=true&search_type=query_then_fetch&batched_reduce_size=512&ccs_minimize_roundtrips=true] returned 2 warnings: [299 Elasticsearch-7.16.1-5b38441b16b1ebb16a27c107a4c3865776e20c53 "Elasticsearch built-in security features are not enabled. Without authentication, your cluster could be accessible to anyone. See https://www.elastic.co/guide/en/elasticsearch/reference/7.16/security-minimal-setup.html to enable security."],[299 Elasticsearch-7.16.1-5b38441b16b1ebb16a27c107a4c3865776e20c53 "[ignore_throttled] parameter is deprecated because frozen indices have been deprecated. Consider cold or frozen tiers in place of frozen indices."]
2023-08-04 12:58:19,707 INFO  [com.dot.ContainerResource] (docker-java-stream-1865446083) STDOUT: 12:58:19.705  WARN  client.RestClient - request [POST http://elasticsearch:9200/cluster_c40f8aa8c9.live_20230804125756/_search?typed_keys=true&max_concurrent_shard_requests=5&ignore_unavailable=false&expand_wildcards=open&allow_no_indices=true&ignore_throttled=true&search_type=query_then_fetch&batched_reduce_size=512&ccs_minimize_roundtrips=true] returned 2 warnings: [299 Elasticsearch-7.16.1-5b38441b16b1ebb16a27c107a4c3865776e20c53 "Elasticsearch built-in security features are not enabled. Without authentication, your cluster could be accessible to anyone. See https://www.elastic.co/guide/en/elasticsearch/reference/7.16/security-minimal-setup.html to enable security."],[299 Elasticsearch-7.16.1-5b38441b16b1ebb16a27c107a4c3865776e20c53 "[ignore_throttled] parameter is deprecated because frozen indices have been deprecated. Consider cold or frozen tiers in place of frozen indices."]
2023-08-04 12:58:19,710 INFO  [com.dot.ContainerResource] (docker-java-stream-1865446083) STDOUT: 12:58:19.710  WARN  client.RestClient - request [POST http://elasticsearch:9200/cluster_c40f8aa8c9.live_20230804125756/_search?typed_keys=true&max_concurrent_shard_requests=5&ignore_unavailable=false&expand_wildcards=open&allow_no_indices=true&ignore_throttled=true&search_type=query_then_fetch&batched_reduce_size=512&ccs_minimize_roundtrips=true] returned 2 warnings: [299 Elasticsearch-7.16.1-5b38441b16b1ebb16a27c107a4c3865776e20c53 "Elasticsearch built-in security features are not enabled. Without authentication, your cluster could be accessible to anyone. See https://www.elastic.co/guide/en/elasticsearch/reference/7.16/security-minimal-setup.html to enable security."],[299 Elasticsearch-7.16.1-5b38441b16b1ebb16a27c107a4c3865776e20c53 "[ignore_throttled] parameter is deprecated because frozen indices have been deprecated. Consider cold or frozen tiers in place of frozen indices."]
2023-08-04 12:58:19,714 INFO  [com.dot.ContainerResource] (docker-java-stream-1865446083) STDOUT: 12:58:19.714  WARN  client.RestClient - request [POST http://elasticsearch:9200/cluster_c40f8aa8c9.live_20230804125756/_search?typed_keys=true&max_concurrent_shard_requests=5&ignore_unavailable=false&expand_wildcards=open&allow_no_indices=true&ignore_throttled=true&search_type=query_then_fetch&batched_reduce_size=512&ccs_minimize_roundtrips=true] returned 2 warnings: [299 Elasticsearch-7.16.1-5b38441b16b1ebb16a27c107a4c3865776e20c53 "Elasticsearch built-in security features are not enabled. Without authentication, your cluster could be accessible to anyone. See https://www.elastic.co/guide/en/elasticsearch/reference/7.16/security-minimal-setup.html to enable security."],[299 Elasticsearch-7.16.1-5b38441b16b1ebb16a27c107a4c3865776e20c53 "[ignore_throttled] parameter is deprecated because frozen indices have been deprecated. Consider cold or frozen tiers in place of frozen indices."]
2023-08-04 12:58:19,717 INFO  [com.dot.ContainerResource] (docker-java-stream-1865446083) STDOUT: 12:58:19.717  WARN  client.RestClient - request [POST http://elasticsearch:9200/cluster_c40f8aa8c9.live_20230804125756/_search?typed_keys=true&max_concurrent_shard_requests=5&ignore_unavailable=false&expand_wildcards=open&allow_no_indices=true&ignore_throttled=true&search_type=query_then_fetch&batched_reduce_size=512&ccs_minimize_roundtrips=true] returned 2 warnings: [299 Elasticsearch-7.16.1-5b38441b16b1ebb16a27c107a4c3865776e20c53 "Elasticsearch built-in security features are not enabled. Without authentication, your cluster could be accessible to anyone. See https://www.elastic.co/guide/en/elasticsearch/reference/7.16/security-minimal-setup.html to enable security."],[299 Elasticsearch-7.16.1-5b38441b16b1ebb16a27c107a4c3865776e20c53 "[ignore_throttled] parameter is deprecated because frozen indices have been deprecated. Consider cold or frozen tiers in place of frozen indices."]
2023-08-04 12:58:19,723 INFO  [com.dot.ContainerResource] (docker-java-stream-1865446083) STDOUT: 12:58:19.723  WARN  client.RestClient - request [POST http://elasticsearch:9200/cluster_c40f8aa8c9.live_20230804125756/_search?typed_keys=true&max_concurrent_shard_requests=5&ignore_unavailable=false&expand_wildcards=open&allow_no_indices=true&ignore_throttled=true&search_type=query_then_fetch&batched_reduce_size=512&ccs_minimize_roundtrips=true] returned 2 warnings: [299 Elasticsearch-7.16.1-5b38441b16b1ebb16a27c107a4c3865776e20c53 "Elasticsearch built-in security features are not enabled. Without authentication, your cluster could be accessible to anyone. See https://www.elastic.co/guide/en/elasticsearch/reference/7.16/security-minimal-setup.html to enable security."],[299 Elasticsearch-7.16.1-5b38441b16b1ebb16a27c107a4c3865776e20c53 "[ignore_throttled] parameter is deprecated because frozen indices have been deprecated. Consider cold or frozen tiers in place of frozen indices."]
2023-08-04 12:58:19,730 INFO  [com.dot.ContainerResource] (docker-java-stream-1865446083) STDOUT: 12:58:19.730  WARN  client.RestClient - request [POST http://elasticsearch:9200/cluster_c40f8aa8c9.live_20230804125756/_search?typed_keys=true&max_concurrent_shard_requests=5&ignore_unavailable=false&expand_wildcards=open&allow_no_indices=true&ignore_throttled=true&search_type=query_then_fetch&batched_reduce_size=512&ccs_minimize_roundtrips=true] returned 2 warnings: [299 Elasticsearch-7.16.1-5b38441b16b1ebb16a27c107a4c3865776e20c53 "Elasticsearch built-in security features are not enabled. Without authentication, your cluster could be accessible to anyone. See https://www.elastic.co/guide/en/elasticsearch/reference/7.16/security-minimal-setup.html to enable security."],[299 Elasticsearch-7.16.1-5b38441b16b1ebb16a27c107a4c3865776e20c53 "[ignore_throttled] parameter is deprecated because frozen indices have been deprecated. Consider cold or frozen tiers in place of frozen indices."]
2023-08-04 12:58:19,736 INFO  [com.dot.ContainerResource] (docker-java-stream-1865446083) STDOUT: 12:58:19.736  WARN  client.RestClient - request [POST http://elasticsearch:9200/cluster_c40f8aa8c9.live_20230804125756/_search?typed_keys=true&max_concurrent_shard_requests=5&ignore_unavailable=false&expand_wildcards=open&allow_no_indices=true&ignore_throttled=true&search_type=query_then_fetch&batched_reduce_size=512&ccs_minimize_roundtrips=true] returned 2 warnings: [299 Elasticsearch-7.16.1-5b38441b16b1ebb16a27c107a4c3865776e20c53 "Elasticsearch built-in security features are not enabled. Without authentication, your cluster could be accessible to anyone. See https://www.elastic.co/guide/en/elasticsearch/reference/7.16/security-minimal-setup.html to enable security."],[299 Elasticsearch-7.16.1-5b38441b16b1ebb16a27c107a4c3865776e20c53 "[ignore_throttled] parameter is deprecated because frozen indices have been deprecated. Consider cold or frozen tiers in place of frozen indices."]
2023-08-04 12:58:19,743 INFO  [com.dot.ContainerResource] (docker-java-stream-1865446083) STDOUT: 12:58:19.743  WARN  client.RestClient - request [POST http://elasticsearch:9200/cluster_c40f8aa8c9.live_20230804125756/_search?typed_keys=true&max_concurrent_shard_requests=5&ignore_unavailable=false&expand_wildcards=open&allow_no_indices=true&ignore_throttled=true&search_type=query_then_fetch&batched_reduce_size=512&ccs_minimize_roundtrips=true] returned 2 warnings: [299 Elasticsearch-7.16.1-5b38441b16b1ebb16a27c107a4c3865776e20c53 "Elasticsearch built-in security features are not enabled. Without authentication, your cluster could be accessible to anyone. See https://www.elastic.co/guide/en/elasticsearch/reference/7.16/security-minimal-setup.html to enable security."],[299 Elasticsearch-7.16.1-5b38441b16b1ebb16a27c107a4c3865776e20c53 "[ignore_throttled] parameter is deprecated because frozen indices have been deprecated. Consider cold or frozen tiers in place of frozen indices."]
2023-08-04 12:58:19,748 INFO  [com.dot.ContainerResource] (docker-java-stream-1865446083) STDOUT: 12:58:19.748  WARN  client.RestClient - request [POST http://elasticsearch:9200/cluster_c40f8aa8c9.live_20230804125756/_search?typed_keys=true&max_concurrent_shard_requests=5&ignore_unavailable=false&expand_wildcards=open&allow_no_indices=true&ignore_throttled=true&search_type=query_then_fetch&batched_reduce_size=512&ccs_minimize_roundtrips=true] returned 2 warnings: [299 Elasticsearch-7.16.1-5b38441b16b1ebb16a27c107a4c3865776e20c53 "Elasticsearch built-in security features are not enabled. Without authentication, your cluster could be accessible to anyone. See https://www.elastic.co/guide/en/elasticsearch/reference/7.16/security-minimal-setup.html to enable security."],[299 Elasticsearch-7.16.1-5b38441b16b1ebb16a27c107a4c3865776e20c53 "[ignore_throttled] parameter is deprecated because frozen indices have been deprecated. Consider cold or frozen tiers in place of frozen indices."]
2023-08-04 12:58:19,755 INFO  [com.dot.ContainerResource] (docker-java-stream-1865446083) STDOUT: 12:58:19.755  WARN  client.RestClient - request [POST http://elasticsearch:9200/cluster_c40f8aa8c9.live_20230804125756/_search?typed_keys=true&max_concurrent_shard_requests=5&ignore_unavailable=false&expand_wildcards=open&allow_no_indices=true&ignore_throttled=true&search_type=query_then_fetch&batched_reduce_size=512&ccs_minimize_roundtrips=true] returned 2 warnings: [299 Elasticsearch-7.16.1-5b38441b16b1ebb16a27c107a4c3865776e20c53 "Elasticsearch built-in security features are not enabled. Without authentication, your cluster could be accessible to anyone. See https://www.elastic.co/guide/en/elasticsearch/reference/7.16/security-minimal-setup.html to enable security."],[299 Elasticsearch-7.16.1-5b38441b16b1ebb16a27c107a4c3865776e20c53 "[ignore_throttled] parameter is deprecated because frozen indices have been deprecated. Consider cold or frozen tiers in place of frozen indices."]
2023-08-04 12:58:19,760 INFO  [com.dot.ContainerResource] (docker-java-stream-1865446083) STDOUT: 12:58:19.760  WARN  client.RestClient - request [POST http://elasticsearch:9200/cluster_c40f8aa8c9.live_20230804125756/_search?typed_keys=true&max_concurrent_shard_requests=5&ignore_unavailable=false&expand_wildcards=open&allow_no_indices=true&ignore_throttled=true&search_type=query_then_fetch&batched_reduce_size=512&ccs_minimize_roundtrips=true] returned 2 warnings: [299 Elasticsearch-7.16.1-5b38441b16b1ebb16a27c107a4c3865776e20c53 "Elasticsearch built-in security features are not enabled. Without authentication, your cluster could be accessible to anyone. See https://www.elastic.co/guide/en/elasticsearch/reference/7.16/security-minimal-setup.html to enable security."],[299 Elasticsearch-7.16.1-5b38441b16b1ebb16a27c107a4c3865776e20c53 "[ignore_throttled] parameter is deprecated because frozen indices have been deprecated. Consider cold or frozen tiers in place of frozen indices."]
2023-08-04 12:58:19,764 INFO  [com.dot.ContainerResource] (docker-java-stream-1865446083) STDOUT: 12:58:19.764  WARN  client.RestClient - request [POST http://elasticsearch:9200/cluster_c40f8aa8c9.live_20230804125756/_search?typed_keys=true&max_concurrent_shard_requests=5&ignore_unavailable=false&expand_wildcards=open&allow_no_indices=true&ignore_throttled=true&search_type=query_then_fetch&batched_reduce_size=512&ccs_minimize_roundtrips=true] returned 2 warnings: [299 Elasticsearch-7.16.1-5b38441b16b1ebb16a27c107a4c3865776e20c53 "Elasticsearch built-in security features are not enabled. Without authentication, your cluster could be accessible to anyone. See https://www.elastic.co/guide/en/elasticsearch/reference/7.16/security-minimal-setup.html to enable security."],[299 Elasticsearch-7.16.1-5b38441b16b1ebb16a27c107a4c3865776e20c53 "[ignore_throttled] parameter is deprecated because frozen indices have been deprecated. Consider cold or frozen tiers in place of frozen indices."]
2023-08-04 12:58:19,768 INFO  [com.dot.ContainerResource] (docker-java-stream-1865446083) STDOUT: 12:58:19.767  WARN  client.RestClient - request [POST http://elasticsearch:9200/cluster_c40f8aa8c9.live_20230804125756/_search?typed_keys=true&max_concurrent_shard_requests=5&ignore_unavailable=false&expand_wildcards=open&allow_no_indices=true&ignore_throttled=true&search_type=query_then_fetch&batched_reduce_size=512&ccs_minimize_roundtrips=true] returned 2 warnings: [299 Elasticsearch-7.16.1-5b38441b16b1ebb16a27c107a4c3865776e20c53 "Elasticsearch built-in security features are not enabled. Without authentication, your cluster could be accessible to anyone. See https://www.elastic.co/guide/en/elasticsearch/reference/7.16/security-minimal-setup.html to enable security."],[299 Elasticsearch-7.16.1-5b38441b16b1ebb16a27c107a4c3865776e20c53 "[ignore_throttled] parameter is deprecated because frozen indices have been deprecated. Consider cold or frozen tiers in place of frozen indices."]
2023-08-04 12:58:19,773 INFO  [com.dot.ContainerResource] (docker-java-stream-1865446083) STDOUT: 12:58:19.773  WARN  client.RestClient - request [POST http://elasticsearch:9200/cluster_c40f8aa8c9.live_20230804125756/_search?typed_keys=true&max_concurrent_shard_requests=5&ignore_unavailable=false&expand_wildcards=open&allow_no_indices=true&ignore_throttled=true&search_type=query_then_fetch&batched_reduce_size=512&ccs_minimize_roundtrips=true] returned 2 warnings: [299 Elasticsearch-7.16.1-5b38441b16b1ebb16a27c107a4c3865776e20c53 "Elasticsearch built-in security features are not enabled. Without authentication, your cluster could be accessible to anyone. See https://www.elastic.co/guide/en/elasticsearch/reference/7.16/security-minimal-setup.html to enable security."],[299 Elasticsearch-7.16.1-5b38441b16b1ebb16a27c107a4c3865776e20c53 "[ignore_throttled] parameter is deprecated because frozen indices have been deprecated. Consider cold or frozen tiers in place of frozen indices."]
2023-08-04 12:58:19,778 INFO  [com.dot.ContainerResource] (docker-java-stream-1865446083) STDOUT: 12:58:19.777  WARN  client.RestClient - request [POST http://elasticsearch:9200/cluster_c40f8aa8c9.live_20230804125756/_search?typed_keys=true&max_concurrent_shard_requests=5&ignore_unavailable=false&expand_wildcards=open&allow_no_indices=true&ignore_throttled=true&search_type=query_then_fetch&batched_reduce_size=512&ccs_minimize_roundtrips=true] returned 2 warnings: [299 Elasticsearch-7.16.1-5b38441b16b1ebb16a27c107a4c3865776e20c53 "Elasticsearch built-in security features are not enabled. Without authentication, your cluster could be accessible to anyone. See https://www.elastic.co/guide/en/elasticsearch/reference/7.16/security-minimal-setup.html to enable security."],[299 Elasticsearch-7.16.1-5b38441b16b1ebb16a27c107a4c3865776e20c53 "[ignore_throttled] parameter is deprecated because frozen indices have been deprecated. Consider cold or frozen tiers in place of frozen indices."]
2023-08-04 12:58:19,784 INFO  [com.dot.ContainerResource] (docker-java-stream-1865446083) STDOUT: 12:58:19.784  WARN  client.RestClient - request [POST http://elasticsearch:9200/cluster_c40f8aa8c9.live_20230804125756/_search?typed_keys=true&max_concurrent_shard_requests=5&ignore_unavailable=false&expand_wildcards=open&allow_no_indices=true&ignore_throttled=true&search_type=query_then_fetch&batched_reduce_size=512&ccs_minimize_roundtrips=true] returned 2 warnings: [299 Elasticsearch-7.16.1-5b38441b16b1ebb16a27c107a4c3865776e20c53 "Elasticsearch built-in security features are not enabled. Without authentication, your cluster could be accessible to anyone. See https://www.elastic.co/guide/en/elasticsearch/reference/7.16/security-minimal-setup.html to enable security."],[299 Elasticsearch-7.16.1-5b38441b16b1ebb16a27c107a4c3865776e20c53 "[ignore_throttled] parameter is deprecated because frozen indices have been deprecated. Consider cold or frozen tiers in place of frozen indices."]
2023-08-04 12:58:19,787 INFO  [com.dot.ContainerResource] (docker-java-stream-1865446083) STDOUT: 12:58:19.787  WARN  client.RestClient - request [POST http://elasticsearch:9200/cluster_c40f8aa8c9.live_20230804125756/_search?typed_keys=true&max_concurrent_shard_requests=5&ignore_unavailable=false&expand_wildcards=open&allow_no_indices=true&ignore_throttled=true&search_type=query_then_fetch&batched_reduce_size=512&ccs_minimize_roundtrips=true] returned 2 warnings: [299 Elasticsearch-7.16.1-5b38441b16b1ebb16a27c107a4c3865776e20c53 "Elasticsearch built-in security features are not enabled. Without authentication, your cluster could be accessible to anyone. See https://www.elastic.co/guide/en/elasticsearch/reference/7.16/security-minimal-setup.html to enable security."],[299 Elasticsearch-7.16.1-5b38441b16b1ebb16a27c107a4c3865776e20c53 "[ignore_throttled] parameter is deprecated because frozen indices have been deprecated. Consider cold or frozen tiers in place of frozen indices."]
2023-08-04 12:58:19,792 INFO  [com.dot.ContainerResource] (docker-java-stream-1865446083) STDOUT: 12:58:19.792  WARN  client.RestClient - request [POST http://elasticsearch:9200/cluster_c40f8aa8c9.live_20230804125756/_search?typed_keys=true&max_concurrent_shard_requests=5&ignore_unavailable=false&expand_wildcards=open&allow_no_indices=true&ignore_throttled=true&search_type=query_then_fetch&batched_reduce_size=512&ccs_minimize_roundtrips=true] returned 2 warnings: [299 Elasticsearch-7.16.1-5b38441b16b1ebb16a27c107a4c3865776e20c53 "Elasticsearch built-in security features are not enabled. Without authentication, your cluster could be accessible to anyone. See https://www.elastic.co/guide/en/elasticsearch/reference/7.16/security-minimal-setup.html to enable security."],[299 Elasticsearch-7.16.1-5b38441b16b1ebb16a27c107a4c3865776e20c53 "[ignore_throttled] parameter is deprecated because frozen indices have been deprecated. Consider cold or frozen tiers in place of frozen indices."]
2023-08-04 12:58:19,795 INFO  [com.dot.ContainerResource] (docker-java-stream-1865446083) STDOUT: 12:58:19.795  WARN  client.RestClient - request [POST http://elasticsearch:9200/cluster_c40f8aa8c9.live_20230804125756/_search?typed_keys=true&max_concurrent_shard_requests=5&ignore_unavailable=false&expand_wildcards=open&allow_no_indices=true&ignore_throttled=true&search_type=query_then_fetch&batched_reduce_size=512&ccs_minimize_roundtrips=true] returned 2 warnings: [299 Elasticsearch-7.16.1-5b38441b16b1ebb16a27c107a4c3865776e20c53 "Elasticsearch built-in security features are not enabled. Without authentication, your cluster could be accessible to anyone. See https://www.elastic.co/guide/en/elasticsearch/reference/7.16/security-minimal-setup.html to enable security."],[299 Elasticsearch-7.16.1-5b38441b16b1ebb16a27c107a4c3865776e20c53 "[ignore_throttled] parameter is deprecated because frozen indices have been deprecated. Consider cold or frozen tiers in place of frozen indices."]
2023-08-04 12:58:19,798 INFO  [com.dot.ContainerResource] (docker-java-stream-1865446083) STDOUT: 12:58:19.798  WARN  client.RestClient - request [POST http://elasticsearch:9200/cluster_c40f8aa8c9.live_20230804125756/_search?typed_keys=true&max_concurrent_shard_requests=5&ignore_unavailable=false&expand_wildcards=open&allow_no_indices=true&ignore_throttled=true&search_type=query_then_fetch&batched_reduce_size=512&ccs_minimize_roundtrips=true] returned 2 warnings: [299 Elasticsearch-7.16.1-5b38441b16b1ebb16a27c107a4c3865776e20c53 "Elasticsearch built-in security features are not enabled. Without authentication, your cluster could be accessible to anyone. See https://www.elastic.co/guide/en/elasticsearch/reference/7.16/security-minimal-setup.html to enable security."],[299 Elasticsearch-7.16.1-5b38441b16b1ebb16a27c107a4c3865776e20c53 "[ignore_throttled] parameter is deprecated because frozen indices have been deprecated. Consider cold or frozen tiers in place of frozen indices."]
2023-08-04 12:58:19,801 INFO  [com.dot.ContainerResource] (docker-java-stream-1865446083) STDOUT: 12:58:19.800  WARN  client.RestClient - request [POST http://elasticsearch:9200/cluster_c40f8aa8c9.live_20230804125756/_search?typed_keys=true&max_concurrent_shard_requests=5&ignore_unavailable=false&expand_wildcards=open&allow_no_indices=true&ignore_throttled=true&search_type=query_then_fetch&batched_reduce_size=512&ccs_minimize_roundtrips=true] returned 2 warnings: [299 Elasticsearch-7.16.1-5b38441b16b1ebb16a27c107a4c3865776e20c53 "Elasticsearch built-in security features are not enabled. Without authentication, your cluster could be accessible to anyone. See https://www.elastic.co/guide/en/elasticsearch/reference/7.16/security-minimal-setup.html to enable security."],[299 Elasticsearch-7.16.1-5b38441b16b1ebb16a27c107a4c3865776e20c53 "[ignore_throttled] parameter is deprecated because frozen indices have been deprecated. Consider cold or frozen tiers in place of frozen indices."]
2023-08-04 12:58:19,804 INFO  [com.dot.ContainerResource] (docker-java-stream-1865446083) STDOUT: 12:58:19.803  WARN  client.RestClient - request [POST http://elasticsearch:9200/cluster_c40f8aa8c9.live_20230804125756/_search?typed_keys=true&max_concurrent_shard_requests=5&ignore_unavailable=false&expand_wildcards=open&allow_no_indices=true&ignore_throttled=true&search_type=query_then_fetch&batched_reduce_size=512&ccs_minimize_roundtrips=true] returned 2 warnings: [299 Elasticsearch-7.16.1-5b38441b16b1ebb16a27c107a4c3865776e20c53 "Elasticsearch built-in security features are not enabled. Without authentication, your cluster could be accessible to anyone. See https://www.elastic.co/guide/en/elasticsearch/reference/7.16/security-minimal-setup.html to enable security."],[299 Elasticsearch-7.16.1-5b38441b16b1ebb16a27c107a4c3865776e20c53 "[ignore_throttled] parameter is deprecated because frozen indices have been deprecated. Consider cold or frozen tiers in place of frozen indices."]
2023-08-04 12:58:19,807 INFO  [com.dot.ContainerResource] (docker-java-stream-1865446083) STDOUT: 12:58:19.807  WARN  client.RestClient - request [POST http://elasticsearch:9200/cluster_c40f8aa8c9.live_20230804125756/_search?typed_keys=true&max_concurrent_shard_requests=5&ignore_unavailable=false&expand_wildcards=open&allow_no_indices=true&ignore_throttled=true&search_type=query_then_fetch&batched_reduce_size=512&ccs_minimize_roundtrips=true] returned 2 warnings: [299 Elasticsearch-7.16.1-5b38441b16b1ebb16a27c107a4c3865776e20c53 "Elasticsearch built-in security features are not enabled. Without authentication, your cluster could be accessible to anyone. See https://www.elastic.co/guide/en/elasticsearch/reference/7.16/security-minimal-setup.html to enable security."],[299 Elasticsearch-7.16.1-5b38441b16b1ebb16a27c107a4c3865776e20c53 "[ignore_throttled] parameter is deprecated because frozen indices have been deprecated. Consider cold or frozen tiers in place of frozen indices."]
2023-08-04 12:58:19,812 INFO  [com.dot.ContainerResource] (docker-java-stream-1865446083) STDOUT: 12:58:19.812  WARN  client.RestClient - request [POST http://elasticsearch:9200/cluster_c40f8aa8c9.live_20230804125756/_search?typed_keys=true&max_concurrent_shard_requests=5&ignore_unavailable=false&expand_wildcards=open&allow_no_indices=true&ignore_throttled=true&search_type=query_then_fetch&batched_reduce_size=512&ccs_minimize_roundtrips=true] returned 2 warnings: [299 Elasticsearch-7.16.1-5b38441b16b1ebb16a27c107a4c3865776e20c53 "Elasticsearch built-in security features are not enabled. Without authentication, your cluster could be accessible to anyone. See https://www.elastic.co/guide/en/elasticsearch/reference/7.16/security-minimal-setup.html to enable security."],[299 Elasticsearch-7.16.1-5b38441b16b1ebb16a27c107a4c3865776e20c53 "[ignore_throttled] parameter is deprecated because frozen indices have been deprecated. Consider cold or frozen tiers in place of frozen indices."]
2023-08-04 12:58:19,817 INFO  [com.dot.ContainerResource] (docker-java-stream-1865446083) STDOUT: 12:58:19.816  WARN  client.RestClient - request [POST http://elasticsearch:9200/cluster_c40f8aa8c9.live_20230804125756/_search?typed_keys=true&max_concurrent_shard_requests=5&ignore_unavailable=false&expand_wildcards=open&allow_no_indices=true&ignore_throttled=true&search_type=query_then_fetch&batched_reduce_size=512&ccs_minimize_roundtrips=true] returned 2 warnings: [299 Elasticsearch-7.16.1-5b38441b16b1ebb16a27c107a4c3865776e20c53 "Elasticsearch built-in security features are not enabled. Without authentication, your cluster could be accessible to anyone. See https://www.elastic.co/guide/en/elasticsearch/reference/7.16/security-minimal-setup.html to enable security."],[299 Elasticsearch-7.16.1-5b38441b16b1ebb16a27c107a4c3865776e20c53 "[ignore_throttled] parameter is deprecated because frozen indices have been deprecated. Consider cold or frozen tiers in place of frozen indices."]
2023-08-04 12:58:19,820 INFO  [com.dot.ContainerResource] (docker-java-stream-1865446083) STDOUT: 12:58:19.819  WARN  client.RestClient - request [POST http://elasticsearch:9200/cluster_c40f8aa8c9.live_20230804125756/_search?typed_keys=true&max_concurrent_shard_requests=5&ignore_unavailable=false&expand_wildcards=open&allow_no_indices=true&ignore_throttled=true&search_type=query_then_fetch&batched_reduce_size=512&ccs_minimize_roundtrips=true] returned 2 warnings: [299 Elasticsearch-7.16.1-5b38441b16b1ebb16a27c107a4c3865776e20c53 "Elasticsearch built-in security features are not enabled. Without authentication, your cluster could be accessible to anyone. See https://www.elastic.co/guide/en/elasticsearch/reference/7.16/security-minimal-setup.html to enable security."],[299 Elasticsearch-7.16.1-5b38441b16b1ebb16a27c107a4c3865776e20c53 "[ignore_throttled] parameter is deprecated because frozen indices have been deprecated. Consider cold or frozen tiers in place of frozen indices."]
2023-08-04 12:58:19,823 INFO  [com.dot.ContainerResource] (docker-java-stream-1865446083) STDOUT: 12:58:19.822  WARN  client.RestClient - request [POST http://elasticsearch:9200/cluster_c40f8aa8c9.live_20230804125756/_search?typed_keys=true&max_concurrent_shard_requests=5&ignore_unavailable=false&expand_wildcards=open&allow_no_indices=true&ignore_throttled=true&search_type=query_then_fetch&batched_reduce_size=512&ccs_minimize_roundtrips=true] returned 2 warnings: [299 Elasticsearch-7.16.1-5b38441b16b1ebb16a27c107a4c3865776e20c53 "Elasticsearch built-in security features are not enabled. Without authentication, your cluster could be accessible to anyone. See https://www.elastic.co/guide/en/elasticsearch/reference/7.16/security-minimal-setup.html to enable security."],[299 Elasticsearch-7.16.1-5b38441b16b1ebb16a27c107a4c3865776e20c53 "[ignore_throttled] parameter is deprecated because frozen indices have been deprecated. Consider cold or frozen tiers in place of frozen indices."]
2023-08-04 12:58:19,828 INFO  [com.dot.ContainerResource] (docker-java-stream-1865446083) STDOUT: 12:58:19.828  WARN  client.RestClient - request [POST http://elasticsearch:9200/cluster_c40f8aa8c9.live_20230804125756/_search?typed_keys=true&max_concurrent_shard_requests=5&ignore_unavailable=false&expand_wildcards=open&allow_no_indices=true&ignore_throttled=true&search_type=query_then_fetch&batched_reduce_size=512&ccs_minimize_roundtrips=true] returned 2 warnings: [299 Elasticsearch-7.16.1-5b38441b16b1ebb16a27c107a4c3865776e20c53 "Elasticsearch built-in security features are not enabled. Without authentication, your cluster could be accessible to anyone. See https://www.elastic.co/guide/en/elasticsearch/reference/7.16/security-minimal-setup.html to enable security."],[299 Elasticsearch-7.16.1-5b38441b16b1ebb16a27c107a4c3865776e20c53 "[ignore_throttled] parameter is deprecated because frozen indices have been deprecated. Consider cold or frozen tiers in place of frozen indices."]
2023-08-04 12:58:19,834 INFO  [com.dot.ContainerResource] (docker-java-stream-1865446083) STDOUT: 12:58:19.834  WARN  client.RestClient - request [POST http://elasticsearch:9200/cluster_c40f8aa8c9.live_20230804125756/_search?typed_keys=true&max_concurrent_shard_requests=5&ignore_unavailable=false&expand_wildcards=open&allow_no_indices=true&ignore_throttled=true&search_type=query_then_fetch&batched_reduce_size=512&ccs_minimize_roundtrips=true] returned 2 warnings: [299 Elasticsearch-7.16.1-5b38441b16b1ebb16a27c107a4c3865776e20c53 "Elasticsearch built-in security features are not enabled. Without authentication, your cluster could be accessible to anyone. See https://www.elastic.co/guide/en/elasticsearch/reference/7.16/security-minimal-setup.html to enable security."],[299 Elasticsearch-7.16.1-5b38441b16b1ebb16a27c107a4c3865776e20c53 "[ignore_throttled] parameter is deprecated because frozen indices have been deprecated. Consider cold or frozen tiers in place of frozen indices."]
2023-08-04 12:58:19,839 INFO  [com.dot.ContainerResource] (docker-java-stream-1865446083) STDOUT: 12:58:19.838  WARN  client.RestClient - request [POST http://elasticsearch:9200/cluster_c40f8aa8c9.live_20230804125756/_search?typed_keys=true&max_concurrent_shard_requests=5&ignore_unavailable=false&expand_wildcards=open&allow_no_indices=true&ignore_throttled=true&search_type=query_then_fetch&batched_reduce_size=512&ccs_minimize_roundtrips=true] returned 2 warnings: [299 Elasticsearch-7.16.1-5b38441b16b1ebb16a27c107a4c3865776e20c53 "Elasticsearch built-in security features are not enabled. Without authentication, your cluster could be accessible to anyone. See https://www.elastic.co/guide/en/elasticsearch/reference/7.16/security-minimal-setup.html to enable security."],[299 Elasticsearch-7.16.1-5b38441b16b1ebb16a27c107a4c3865776e20c53 "[ignore_throttled] parameter is deprecated because frozen indices have been deprecated. Consider cold or frozen tiers in place of frozen indices."]
2023-08-04 12:58:19,842 INFO  [com.dot.ContainerResource] (docker-java-stream-1865446083) STDOUT: 12:58:19.842  WARN  client.RestClient - request [POST http://elasticsearch:9200/cluster_c40f8aa8c9.live_20230804125756/_search?typed_keys=true&max_concurrent_shard_requests=5&ignore_unavailable=false&expand_wildcards=open&allow_no_indices=true&ignore_throttled=true&search_type=query_then_fetch&batched_reduce_size=512&ccs_minimize_roundtrips=true] returned 2 warnings: [299 Elasticsearch-7.16.1-5b38441b16b1ebb16a27c107a4c3865776e20c53 "Elasticsearch built-in security features are not enabled. Without authentication, your cluster could be accessible to anyone. See https://www.elastic.co/guide/en/elasticsearch/reference/7.16/security-minimal-setup.html to enable security."],[299 Elasticsearch-7.16.1-5b38441b16b1ebb16a27c107a4c3865776e20c53 "[ignore_throttled] parameter is deprecated because frozen indices have been deprecated. Consider cold or frozen tiers in place of frozen indices."]
2023-08-04 12:58:19,848 INFO  [com.dot.ContainerResource] (docker-java-stream-1865446083) STDOUT: 12:58:19.848  WARN  client.RestClient - request [POST http://elasticsearch:9200/cluster_c40f8aa8c9.live_20230804125756/_search?typed_keys=true&max_concurrent_shard_requests=5&ignore_unavailable=false&expand_wildcards=open&allow_no_indices=true&ignore_throttled=true&search_type=query_then_fetch&batched_reduce_size=512&ccs_minimize_roundtrips=true] returned 2 warnings: [299 Elasticsearch-7.16.1-5b38441b16b1ebb16a27c107a4c3865776e20c53 "Elasticsearch built-in security features are not enabled. Without authentication, your cluster could be accessible to anyone. See https://www.elastic.co/guide/en/elasticsearch/reference/7.16/security-minimal-setup.html to enable security."],[299 Elasticsearch-7.16.1-5b38441b16b1ebb16a27c107a4c3865776e20c53 "[ignore_throttled] parameter is deprecated because frozen indices have been deprecated. Consider cold or frozen tiers in place of frozen indices."]
2023-08-04 12:58:19,851 INFO  [com.dot.ContainerResource] (docker-java-stream-1865446083) STDOUT: 12:58:19.851  WARN  client.RestClient - request [POST http://elasticsearch:9200/cluster_c40f8aa8c9.live_20230804125756/_search?typed_keys=true&max_concurrent_shard_requests=5&ignore_unavailable=false&expand_wildcards=open&allow_no_indices=true&ignore_throttled=true&search_type=query_then_fetch&batched_reduce_size=512&ccs_minimize_roundtrips=true] returned 2 warnings: [299 Elasticsearch-7.16.1-5b38441b16b1ebb16a27c107a4c3865776e20c53 "Elasticsearch built-in security features are not enabled. Without authentication, your cluster could be accessible to anyone. See https://www.elastic.co/guide/en/elasticsearch/reference/7.16/security-minimal-setup.html to enable security."],[299 Elasticsearch-7.16.1-5b38441b16b1ebb16a27c107a4c3865776e20c53 "[ignore_throttled] parameter is deprecated because frozen indices have been deprecated. Consider cold or frozen tiers in place of frozen indices."]
2023-08-04 12:58:19,854 INFO  [com.dot.ContainerResource] (docker-java-stream-1865446083) STDOUT: 12:58:19.854  WARN  client.RestClient - request [POST http://elasticsearch:9200/cluster_c40f8aa8c9.live_20230804125756/_search?typed_keys=true&max_concurrent_shard_requests=5&ignore_unavailable=false&expand_wildcards=open&allow_no_indices=true&ignore_throttled=true&search_type=query_then_fetch&batched_reduce_size=512&ccs_minimize_roundtrips=true] returned 2 warnings: [299 Elasticsearch-7.16.1-5b38441b16b1ebb16a27c107a4c3865776e20c53 "Elasticsearch built-in security features are not enabled. Without authentication, your cluster could be accessible to anyone. See https://www.elastic.co/guide/en/elasticsearch/reference/7.16/security-minimal-setup.html to enable security."],[299 Elasticsearch-7.16.1-5b38441b16b1ebb16a27c107a4c3865776e20c53 "[ignore_throttled] parameter is deprecated because frozen indices have been deprecated. Consider cold or frozen tiers in place of frozen indices."]
2023-08-04 12:58:19,857 INFO  [com.dot.ContainerResource] (docker-java-stream-1865446083) STDOUT: 12:58:19.857  WARN  client.RestClient - request [POST http://elasticsearch:9200/cluster_c40f8aa8c9.live_20230804125756/_search?typed_keys=true&max_concurrent_shard_requests=5&ignore_unavailable=false&expand_wildcards=open&allow_no_indices=true&ignore_throttled=true&search_type=query_then_fetch&batched_reduce_size=512&ccs_minimize_roundtrips=true] returned 2 warnings: [299 Elasticsearch-7.16.1-5b38441b16b1ebb16a27c107a4c3865776e20c53 "Elasticsearch built-in security features are not enabled. Without authentication, your cluster could be accessible to anyone. See https://www.elastic.co/guide/en/elasticsearch/reference/7.16/security-minimal-setup.html to enable security."],[299 Elasticsearch-7.16.1-5b38441b16b1ebb16a27c107a4c3865776e20c53 "[ignore_throttled] parameter is deprecated because frozen indices have been deprecated. Consider cold or frozen tiers in place of frozen indices."]
2023-08-04 12:58:19,862 INFO  [com.dot.ContainerResource] (docker-java-stream-1865446083) STDOUT: 12:58:19.862  WARN  client.RestClient - request [POST http://elasticsearch:9200/cluster_c40f8aa8c9.live_20230804125756/_search?typed_keys=true&max_concurrent_shard_requests=5&ignore_unavailable=false&expand_wildcards=open&allow_no_indices=true&ignore_throttled=true&search_type=query_then_fetch&batched_reduce_size=512&ccs_minimize_roundtrips=true] returned 2 warnings: [299 Elasticsearch-7.16.1-5b38441b16b1ebb16a27c107a4c3865776e20c53 "Elasticsearch built-in security features are not enabled. Without authentication, your cluster could be accessible to anyone. See https://www.elastic.co/guide/en/elasticsearch/reference/7.16/security-minimal-setup.html to enable security."],[299 Elasticsearch-7.16.1-5b38441b16b1ebb16a27c107a4c3865776e20c53 "[ignore_throttled] parameter is deprecated because frozen indices have been deprecated. Consider cold or frozen tiers in place of frozen indices."]
2023-08-04 12:58:19,870 INFO  [com.dot.ContainerResource] (docker-java-stream-1865446083) STDOUT: 12:58:19.869  WARN  client.RestClient - request [POST http://elasticsearch:9200/cluster_c40f8aa8c9.live_20230804125756/_search?typed_keys=true&max_concurrent_shard_requests=5&ignore_unavailable=false&expand_wildcards=open&allow_no_indices=true&ignore_throttled=true&search_type=query_then_fetch&batched_reduce_size=512&ccs_minimize_roundtrips=true] returned 2 warnings: [299 Elasticsearch-7.16.1-5b38441b16b1ebb16a27c107a4c3865776e20c53 "Elasticsearch built-in security features are not enabled. Without authentication, your cluster could be accessible to anyone. See https://www.elastic.co/guide/en/elasticsearch/reference/7.16/security-minimal-setup.html to enable security."],[299 Elasticsearch-7.16.1-5b38441b16b1ebb16a27c107a4c3865776e20c53 "[ignore_throttled] parameter is deprecated because frozen indices have been deprecated. Consider cold or frozen tiers in place of frozen indices."]
2023-08-04 12:58:19,879 INFO  [com.dot.ContainerResource] (docker-java-stream-1865446083) STDOUT: 12:58:19.879  WARN  client.RestClient - request [POST http://elasticsearch:9200/cluster_c40f8aa8c9.live_20230804125756/_search?typed_keys=true&max_concurrent_shard_requests=5&ignore_unavailable=false&expand_wildcards=open&allow_no_indices=true&ignore_throttled=true&search_type=query_then_fetch&batched_reduce_size=512&ccs_minimize_roundtrips=true] returned 2 warnings: [299 Elasticsearch-7.16.1-5b38441b16b1ebb16a27c107a4c3865776e20c53 "Elasticsearch built-in security features are not enabled. Without authentication, your cluster could be accessible to anyone. See https://www.elastic.co/guide/en/elasticsearch/reference/7.16/security-minimal-setup.html to enable security."],[299 Elasticsearch-7.16.1-5b38441b16b1ebb16a27c107a4c3865776e20c53 "[ignore_throttled] parameter is deprecated because frozen indices have been deprecated. Consider cold or frozen tiers in place of frozen indices."]
2023-08-04 12:58:19,883 INFO  [com.dot.ContainerResource] (docker-java-stream-1865446083) STDOUT: 12:58:19.882  WARN  client.RestClient - request [POST http://elasticsearch:9200/cluster_c40f8aa8c9.live_20230804125756/_search?typed_keys=true&max_concurrent_shard_requests=5&ignore_unavailable=false&expand_wildcards=open&allow_no_indices=true&ignore_throttled=true&search_type=query_then_fetch&batched_reduce_size=512&ccs_minimize_roundtrips=true] returned 2 warnings: [299 Elasticsearch-7.16.1-5b38441b16b1ebb16a27c107a4c3865776e20c53 "Elasticsearch built-in security features are not enabled. Without authentication, your cluster could be accessible to anyone. See https://www.elastic.co/guide/en/elasticsearch/reference/7.16/security-minimal-setup.html to enable security."],[299 Elasticsearch-7.16.1-5b38441b16b1ebb16a27c107a4c3865776e20c53 "[ignore_throttled] parameter is deprecated because frozen indices have been deprecated. Consider cold or frozen tiers in place of frozen indices."]
2023-08-04 12:58:19,907 INFO  [com.dot.ContainerResource] (docker-java-stream-1865446083) STDOUT: 12:58:19.904  WARN  client.RestClient - request [POST http://elasticsearch:9200/cluster_c40f8aa8c9.live_20230804125756/_search?typed_keys=true&max_concurrent_shard_requests=5&ignore_unavailable=false&expand_wildcards=open&allow_no_indices=true&ignore_throttled=true&search_type=query_then_fetch&batched_reduce_size=512&ccs_minimize_roundtrips=true] returned 2 warnings: [299 Elasticsearch-7.16.1-5b38441b16b1ebb16a27c107a4c3865776e20c53 "Elasticsearch built-in security features are not enabled. Without authentication, your cluster could be accessible to anyone. See https://www.elastic.co/guide/en/elasticsearch/reference/7.16/security-minimal-setup.html to enable security."],[299 Elasticsearch-7.16.1-5b38441b16b1ebb16a27c107a4c3865776e20c53 "[ignore_throttled] parameter is deprecated because frozen indices have been deprecated. Consider cold or frozen tiers in place of frozen indices."]
2023-08-04 12:58:19,923 INFO  [com.dot.ContainerResource] (docker-java-stream-1865446083) STDOUT: 12:58:19.920  WARN  client.RestClient - request [POST http://elasticsearch:9200/cluster_c40f8aa8c9.live_20230804125756/_search?typed_keys=true&max_concurrent_shard_requests=5&ignore_unavailable=false&expand_wildcards=open&allow_no_indices=true&ignore_throttled=true&search_type=query_then_fetch&batched_reduce_size=512&ccs_minimize_roundtrips=true] returned 2 warnings: [299 Elasticsearch-7.16.1-5b38441b16b1ebb16a27c107a4c3865776e20c53 "Elasticsearch built-in security features are not enabled. Without authentication, your cluster could be accessible to anyone. See https://www.elastic.co/guide/en/elasticsearch/reference/7.16/security-minimal-setup.html to enable security."],[299 Elasticsearch-7.16.1-5b38441b16b1ebb16a27c107a4c3865776e20c53 "[ignore_throttled] parameter is deprecated because frozen indices have been deprecated. Consider cold or frozen tiers in place of frozen indices."]
2023-08-04 12:58:19,926 INFO  [com.dot.ContainerResource] (docker-java-stream-1865446083) STDOUT: 12:58:19.924  WARN  client.RestClient - request [POST http://elasticsearch:9200/cluster_c40f8aa8c9.live_20230804125756/_search?typed_keys=true&max_concurrent_shard_requests=5&ignore_unavailable=false&expand_wildcards=open&allow_no_indices=true&ignore_throttled=true&search_type=query_then_fetch&batched_reduce_size=512&ccs_minimize_roundtrips=true] returned 2 warnings: [299 Elasticsearch-7.16.1-5b38441b16b1ebb16a27c107a4c3865776e20c53 "Elasticsearch built-in security features are not enabled. Without authentication, your cluster could be accessible to anyone. See https://www.elastic.co/guide/en/elasticsearch/reference/7.16/security-minimal-setup.html to enable security."],[299 Elasticsearch-7.16.1-5b38441b16b1ebb16a27c107a4c3865776e20c53 "[ignore_throttled] parameter is deprecated because frozen indices have been deprecated. Consider cold or frozen tiers in place of frozen indices."]
2023-08-04 12:58:19,928 INFO  [com.dot.ContainerResource] (docker-java-stream-1865446083) STDOUT: 12:58:19.928  WARN  client.RestClient - request [POST http://elasticsearch:9200/cluster_c40f8aa8c9.live_20230804125756/_search?typed_keys=true&max_concurrent_shard_requests=5&ignore_unavailable=false&expand_wildcards=open&allow_no_indices=true&ignore_throttled=true&search_type=query_then_fetch&batched_reduce_size=512&ccs_minimize_roundtrips=true] returned 2 warnings: [299 Elasticsearch-7.16.1-5b38441b16b1ebb16a27c107a4c3865776e20c53 "Elasticsearch built-in security features are not enabled. Without authentication, your cluster could be accessible to anyone. See https://www.elastic.co/guide/en/elasticsearch/reference/7.16/security-minimal-setup.html to enable security."],[299 Elasticsearch-7.16.1-5b38441b16b1ebb16a27c107a4c3865776e20c53 "[ignore_throttled] parameter is deprecated because frozen indices have been deprecated. Consider cold or frozen tiers in place of frozen indices."]
2023-08-04 12:58:19,933 INFO  [com.dot.ContainerResource] (docker-java-stream-1865446083) STDOUT: 12:58:19.931  WARN  client.RestClient - request [POST http://elasticsearch:9200/cluster_c40f8aa8c9.live_20230804125756/_search?typed_keys=true&max_concurrent_shard_requests=5&ignore_unavailable=false&expand_wildcards=open&allow_no_indices=true&ignore_throttled=true&search_type=query_then_fetch&batched_reduce_size=512&ccs_minimize_roundtrips=true] returned 2 warnings: [299 Elasticsearch-7.16.1-5b38441b16b1ebb16a27c107a4c3865776e20c53 "Elasticsearch built-in security features are not enabled. Without authentication, your cluster could be accessible to anyone. See https://www.elastic.co/guide/en/elasticsearch/reference/7.16/security-minimal-setup.html to enable security."],[299 Elasticsearch-7.16.1-5b38441b16b1ebb16a27c107a4c3865776e20c53 "[ignore_throttled] parameter is deprecated because frozen indices have been deprecated. Consider cold or frozen tiers in place of frozen indices."]
2023-08-04 12:58:19,936 INFO  [com.dot.ContainerResource] (docker-java-stream-1865446083) STDOUT: 12:58:19.934  WARN  client.RestClient - request [POST http://elasticsearch:9200/cluster_c40f8aa8c9.live_20230804125756/_search?typed_keys=true&max_concurrent_shard_requests=5&ignore_unavailable=false&expand_wildcards=open&allow_no_indices=true&ignore_throttled=true&search_type=query_then_fetch&batched_reduce_size=512&ccs_minimize_roundtrips=true] returned 2 warnings: [299 Elasticsearch-7.16.1-5b38441b16b1ebb16a27c107a4c3865776e20c53 "Elasticsearch built-in security features are not enabled. Without authentication, your cluster could be accessible to anyone. See https://www.elastic.co/guide/en/elasticsearch/reference/7.16/security-minimal-setup.html to enable security."],[299 Elasticsearch-7.16.1-5b38441b16b1ebb16a27c107a4c3865776e20c53 "[ignore_throttled] parameter is deprecated because frozen indices have been deprecated. Consider cold or frozen tiers in place of frozen indices."]
2023-08-04 12:58:19,941 INFO  [com.dot.ContainerResource] (docker-java-stream-1865446083) STDOUT: 12:58:19.937  WARN  client.RestClient - request [POST http://elasticsearch:9200/cluster_c40f8aa8c9.live_20230804125756/_search?typed_keys=true&max_concurrent_shard_requests=5&ignore_unavailable=false&expand_wildcards=open&allow_no_indices=true&ignore_throttled=true&search_type=query_then_fetch&batched_reduce_size=512&ccs_minimize_roundtrips=true] returned 2 warnings: [299 Elasticsearch-7.16.1-5b38441b16b1ebb16a27c107a4c3865776e20c53 "Elasticsearch built-in security features are not enabled. Without authentication, your cluster could be accessible to anyone. See https://www.elastic.co/guide/en/elasticsearch/reference/7.16/security-minimal-setup.html to enable security."],[299 Elasticsearch-7.16.1-5b38441b16b1ebb16a27c107a4c3865776e20c53 "[ignore_throttled] parameter is deprecated because frozen indices have been deprecated. Consider cold or frozen tiers in place of frozen indices."]
2023-08-04 12:58:20,065 INFO  [com.dot.ContainerResource] (docker-java-stream-1865446083) STDOUT: 12:58:20.064  WARN  client.RestClient - request [POST http://elasticsearch:9200/cluster_c40f8aa8c9.live_20230804125756/_search?typed_keys=true&max_concurrent_shard_requests=5&ignore_unavailable=false&expand_wildcards=open&allow_no_indices=true&ignore_throttled=true&search_type=query_then_fetch&batched_reduce_size=512&ccs_minimize_roundtrips=true] returned 2 warnings: [299 Elasticsearch-7.16.1-5b38441b16b1ebb16a27c107a4c3865776e20c53 "Elasticsearch built-in security features are not enabled. Without authentication, your cluster could be accessible to anyone. See https://www.elastic.co/guide/en/elasticsearch/reference/7.16/security-minimal-setup.html to enable security."],[299 Elasticsearch-7.16.1-5b38441b16b1ebb16a27c107a4c3865776e20c53 "[ignore_throttled] parameter is deprecated because frozen indices have been deprecated. Consider cold or frozen tiers in place of frozen indices."]
2023-08-04 12:58:20,072 INFO  [com.dot.ContainerResource] (docker-java-stream-1865446083) STDOUT: 12:58:20.071  WARN  client.RestClient - request [POST http://elasticsearch:9200/cluster_c40f8aa8c9.live_20230804125756/_search?typed_keys=true&max_concurrent_shard_requests=5&ignore_unavailable=false&expand_wildcards=open&allow_no_indices=true&ignore_throttled=true&search_type=query_then_fetch&batched_reduce_size=512&ccs_minimize_roundtrips=true] returned 2 warnings: [299 Elasticsearch-7.16.1-5b38441b16b1ebb16a27c107a4c3865776e20c53 "Elasticsearch built-in security features are not enabled. Without authentication, your cluster could be accessible to anyone. See https://www.elastic.co/guide/en/elasticsearch/reference/7.16/security-minimal-setup.html to enable security."],[299 Elasticsearch-7.16.1-5b38441b16b1ebb16a27c107a4c3865776e20c53 "[ignore_throttled] parameter is deprecated because frozen indices have been deprecated. Consider cold or frozen tiers in place of frozen indices."]
2023-08-04 12:58:20,087 INFO  [com.dot.ContainerResource] (docker-java-stream-1865446083) STDOUT: 12:58:20.086  WARN  client.RestClient - request [POST http://elasticsearch:9200/cluster_c40f8aa8c9.live_20230804125756/_search?typed_keys=true&max_concurrent_shard_requests=5&ignore_unavailable=false&expand_wildcards=open&allow_no_indices=true&ignore_throttled=true&search_type=query_then_fetch&batched_reduce_size=512&ccs_minimize_roundtrips=true] returned 2 warnings: [299 Elasticsearch-7.16.1-5b38441b16b1ebb16a27c107a4c3865776e20c53 "Elasticsearch built-in security features are not enabled. Without authentication, your cluster could be accessible to anyone. See https://www.elastic.co/guide/en/elasticsearch/reference/7.16/security-minimal-setup.html to enable security."],[299 Elasticsearch-7.16.1-5b38441b16b1ebb16a27c107a4c3865776e20c53 "[ignore_throttled] parameter is deprecated because frozen indices have been deprecated. Consider cold or frozen tiers in place of frozen indices."]
2023-08-04 12:58:20,097 INFO  [com.dot.ContainerResource] (docker-java-stream-1865446083) STDOUT: 12:58:20.096  WARN  client.RestClient - request [POST http://elasticsearch:9200/cluster_c40f8aa8c9.live_20230804125756/_search?typed_keys=true&max_concurrent_shard_requests=5&ignore_unavailable=false&expand_wildcards=open&allow_no_indices=true&ignore_throttled=true&search_type=query_then_fetch&batched_reduce_size=512&ccs_minimize_roundtrips=true] returned 2 warnings: [299 Elasticsearch-7.16.1-5b38441b16b1ebb16a27c107a4c3865776e20c53 "Elasticsearch built-in security features are not enabled. Without authentication, your cluster could be accessible to anyone. See https://www.elastic.co/guide/en/elasticsearch/reference/7.16/security-minimal-setup.html to enable security."],[299 Elasticsearch-7.16.1-5b38441b16b1ebb16a27c107a4c3865776e20c53 "[ignore_throttled] parameter is deprecated because frozen indices have been deprecated. Consider cold or frozen tiers in place of frozen indices."]
2023-08-04 12:58:20,101 INFO  [com.dot.ContainerResource] (docker-java-stream-1865446083) STDOUT: 12:58:20.101  WARN  client.RestClient - request [POST http://elasticsearch:9200/cluster_c40f8aa8c9.live_20230804125756/_search?typed_keys=true&max_concurrent_shard_requests=5&ignore_unavailable=false&expand_wildcards=open&allow_no_indices=true&ignore_throttled=true&search_type=query_then_fetch&batched_reduce_size=512&ccs_minimize_roundtrips=true] returned 2 warnings: [299 Elasticsearch-7.16.1-5b38441b16b1ebb16a27c107a4c3865776e20c53 "Elasticsearch built-in security features are not enabled. Without authentication, your cluster could be accessible to anyone. See https://www.elastic.co/guide/en/elasticsearch/reference/7.16/security-minimal-setup.html to enable security."],[299 Elasticsearch-7.16.1-5b38441b16b1ebb16a27c107a4c3865776e20c53 "[ignore_throttled] parameter is deprecated because frozen indices have been deprecated. Consider cold or frozen tiers in place of frozen indices."]
2023-08-04 12:58:20,106 INFO  [com.dot.ContainerResource] (docker-java-stream-1865446083) STDOUT: 12:58:20.105  WARN  client.RestClient - request [POST http://elasticsearch:9200/cluster_c40f8aa8c9.live_20230804125756/_search?typed_keys=true&max_concurrent_shard_requests=5&ignore_unavailable=false&expand_wildcards=open&allow_no_indices=true&ignore_throttled=true&search_type=query_then_fetch&batched_reduce_size=512&ccs_minimize_roundtrips=true] returned 2 warnings: [299 Elasticsearch-7.16.1-5b38441b16b1ebb16a27c107a4c3865776e20c53 "Elasticsearch built-in security features are not enabled. Without authentication, your cluster could be accessible to anyone. See https://www.elastic.co/guide/en/elasticsearch/reference/7.16/security-minimal-setup.html to enable security."],[299 Elasticsearch-7.16.1-5b38441b16b1ebb16a27c107a4c3865776e20c53 "[ignore_throttled] parameter is deprecated because frozen indices have been deprecated. Consider cold or frozen tiers in place of frozen indices."]
2023-08-04 12:58:20,116 INFO  [com.dot.ContainerResource] (docker-java-stream-1865446083) STDOUT: 12:58:20.114  WARN  client.RestClient - request [POST http://elasticsearch:9200/cluster_c40f8aa8c9.live_20230804125756/_search?typed_keys=true&max_concurrent_shard_requests=5&ignore_unavailable=false&expand_wildcards=open&allow_no_indices=true&ignore_throttled=true&search_type=query_then_fetch&batched_reduce_size=512&ccs_minimize_roundtrips=true] returned 2 warnings: [299 Elasticsearch-7.16.1-5b38441b16b1ebb16a27c107a4c3865776e20c53 "Elasticsearch built-in security features are not enabled. Without authentication, your cluster could be accessible to anyone. See https://www.elastic.co/guide/en/elasticsearch/reference/7.16/security-minimal-setup.html to enable security."],[299 Elasticsearch-7.16.1-5b38441b16b1ebb16a27c107a4c3865776e20c53 "[ignore_throttled] parameter is deprecated because frozen indices have been deprecated. Consider cold or frozen tiers in place of frozen indices."]
2023-08-04 12:58:20,119 INFO  [com.dot.ContainerResource] (docker-java-stream-1865446083) STDOUT: 12:58:20.119  WARN  client.RestClient - request [POST http://elasticsearch:9200/cluster_c40f8aa8c9.live_20230804125756/_search?typed_keys=true&max_concurrent_shard_requests=5&ignore_unavailable=false&expand_wildcards=open&allow_no_indices=true&ignore_throttled=true&search_type=query_then_fetch&batched_reduce_size=512&ccs_minimize_roundtrips=true] returned 2 warnings: [299 Elasticsearch-7.16.1-5b38441b16b1ebb16a27c107a4c3865776e20c53 "Elasticsearch built-in security features are not enabled. Without authentication, your cluster could be accessible to anyone. See https://www.elastic.co/guide/en/elasticsearch/reference/7.16/security-minimal-setup.html to enable security."],[299 Elasticsearch-7.16.1-5b38441b16b1ebb16a27c107a4c3865776e20c53 "[ignore_throttled] parameter is deprecated because frozen indices have been deprecated. Consider cold or frozen tiers in place of frozen indices."]
2023-08-04 12:58:20,122 INFO  [com.dot.ContainerResource] (docker-java-stream-1865446083) STDOUT: 12:58:20.122  WARN  client.RestClient - request [POST http://elasticsearch:9200/cluster_c40f8aa8c9.live_20230804125756/_search?typed_keys=true&max_concurrent_shard_requests=5&ignore_unavailable=false&expand_wildcards=open&allow_no_indices=true&ignore_throttled=true&search_type=query_then_fetch&batched_reduce_size=512&ccs_minimize_roundtrips=true] returned 2 warnings: [299 Elasticsearch-7.16.1-5b38441b16b1ebb16a27c107a4c3865776e20c53 "Elasticsearch built-in security features are not enabled. Without authentication, your cluster could be accessible to anyone. See https://www.elastic.co/guide/en/elasticsearch/reference/7.16/security-minimal-setup.html to enable security."],[299 Elasticsearch-7.16.1-5b38441b16b1ebb16a27c107a4c3865776e20c53 "[ignore_throttled] parameter is deprecated because frozen indices have been deprecated. Consider cold or frozen tiers in place of frozen indices."]
2023-08-04 12:58:20,126 INFO  [com.dot.ContainerResource] (docker-java-stream-1865446083) STDOUT: 12:58:20.126  WARN  client.RestClient - request [POST http://elasticsearch:9200/cluster_c40f8aa8c9.live_20230804125756/_search?typed_keys=true&max_concurrent_shard_requests=5&ignore_unavailable=false&expand_wildcards=open&allow_no_indices=true&ignore_throttled=true&search_type=query_then_fetch&batched_reduce_size=512&ccs_minimize_roundtrips=true] returned 2 warnings: [299 Elasticsearch-7.16.1-5b38441b16b1ebb16a27c107a4c3865776e20c53 "Elasticsearch built-in security features are not enabled. Without authentication, your cluster could be accessible to anyone. See https://www.elastic.co/guide/en/elasticsearch/reference/7.16/security-minimal-setup.html to enable security."],[299 Elasticsearch-7.16.1-5b38441b16b1ebb16a27c107a4c3865776e20c53 "[ignore_throttled] parameter is deprecated because frozen indices have been deprecated. Consider cold or frozen tiers in place of frozen indices."]
2023-08-04 12:58:20,136 INFO  [com.dot.ContainerResource] (docker-java-stream-1865446083) STDOUT: 12:58:20.129  WARN  client.RestClient - request [POST http://elasticsearch:9200/cluster_c40f8aa8c9.live_20230804125756/_search?typed_keys=true&max_concurrent_shard_requests=5&ignore_unavailable=false&expand_wildcards=open&allow_no_indices=true&ignore_throttled=true&search_type=query_then_fetch&batched_reduce_size=512&ccs_minimize_roundtrips=true] returned 2 warnings: [299 Elasticsearch-7.16.1-5b38441b16b1ebb16a27c107a4c3865776e20c53 "Elasticsearch built-in security features are not enabled. Without authentication, your cluster could be accessible to anyone. See https://www.elastic.co/guide/en/elasticsearch/reference/7.16/security-minimal-setup.html to enable security."],[299 Elasticsearch-7.16.1-5b38441b16b1ebb16a27c107a4c3865776e20c53 "[ignore_throttled] parameter is deprecated because frozen indices have been deprecated. Consider cold or frozen tiers in place of frozen indices."]
2023-08-04 12:58:20,137 INFO  [com.dot.ContainerResource] (docker-java-stream-1865446083) STDOUT: 12:58:20.132  WARN  client.RestClient - request [POST http://elasticsearch:9200/cluster_c40f8aa8c9.live_20230804125756/_search?typed_keys=true&max_concurrent_shard_requests=5&ignore_unavailable=false&expand_wildcards=open&allow_no_indices=true&ignore_throttled=true&search_type=query_then_fetch&batched_reduce_size=512&ccs_minimize_roundtrips=true] returned 2 warnings: [299 Elasticsearch-7.16.1-5b38441b16b1ebb16a27c107a4c3865776e20c53 "Elasticsearch built-in security features are not enabled. Without authentication, your cluster could be accessible to anyone. See https://www.elastic.co/guide/en/elasticsearch/reference/7.16/security-minimal-setup.html to enable security."],[299 Elasticsearch-7.16.1-5b38441b16b1ebb16a27c107a4c3865776e20c53 "[ignore_throttled] parameter is deprecated because frozen indices have been deprecated. Consider cold or frozen tiers in place of frozen indices."]
2023-08-04 12:58:20,137 INFO  [com.dot.ContainerResource] (docker-java-stream-1865446083) STDOUT: 12:58:20.135  WARN  client.RestClient - request [POST http://elasticsearch:9200/cluster_c40f8aa8c9.live_20230804125756/_search?typed_keys=true&max_concurrent_shard_requests=5&ignore_unavailable=false&expand_wildcards=open&allow_no_indices=true&ignore_throttled=true&search_type=query_then_fetch&batched_reduce_size=512&ccs_minimize_roundtrips=true] returned 2 warnings: [299 Elasticsearch-7.16.1-5b38441b16b1ebb16a27c107a4c3865776e20c53 "Elasticsearch built-in security features are not enabled. Without authentication, your cluster could be accessible to anyone. See https://www.elastic.co/guide/en/elasticsearch/reference/7.16/security-minimal-setup.html to enable security."],[299 Elasticsearch-7.16.1-5b38441b16b1ebb16a27c107a4c3865776e20c53 "[ignore_throttled] parameter is deprecated because frozen indices have been deprecated. Consider cold or frozen tiers in place of frozen indices."]
2023-08-04 12:58:20,138 INFO  [com.dot.ContainerResource] (docker-java-stream-1865446083) STDOUT: 12:58:20.137  WARN  client.RestClient - request [POST http://elasticsearch:9200/cluster_c40f8aa8c9.live_20230804125756/_search?typed_keys=true&max_concurrent_shard_requests=5&ignore_unavailable=false&expand_wildcards=open&allow_no_indices=true&ignore_throttled=true&search_type=query_then_fetch&batched_reduce_size=512&ccs_minimize_roundtrips=true] returned 2 warnings: [299 Elasticsearch-7.16.1-5b38441b16b1ebb16a27c107a4c3865776e20c53 "Elasticsearch built-in security features are not enabled. Without authentication, your cluster could be accessible to anyone. See https://www.elastic.co/guide/en/elasticsearch/reference/7.16/security-minimal-setup.html to enable security."],[299 Elasticsearch-7.16.1-5b38441b16b1ebb16a27c107a4c3865776e20c53 "[ignore_throttled] parameter is deprecated because frozen indices have been deprecated. Consider cold or frozen tiers in place of frozen indices."]
2023-08-04 12:58:20,145 INFO  [com.dot.ContainerResource] (docker-java-stream-1865446083) STDOUT: 12:58:20.141  WARN  client.RestClient - request [POST http://elasticsearch:9200/cluster_c40f8aa8c9.live_20230804125756/_search?typed_keys=true&max_concurrent_shard_requests=5&ignore_unavailable=false&expand_wildcards=open&allow_no_indices=true&ignore_throttled=true&search_type=query_then_fetch&batched_reduce_size=512&ccs_minimize_roundtrips=true] returned 2 warnings: [299 Elasticsearch-7.16.1-5b38441b16b1ebb16a27c107a4c3865776e20c53 "Elasticsearch built-in security features are not enabled. Without authentication, your cluster could be accessible to anyone. See https://www.elastic.co/guide/en/elasticsearch/reference/7.16/security-minimal-setup.html to enable security."],[299 Elasticsearch-7.16.1-5b38441b16b1ebb16a27c107a4c3865776e20c53 "[ignore_throttled] parameter is deprecated because frozen indices have been deprecated. Consider cold or frozen tiers in place of frozen indices."]
2023-08-04 12:58:20,145 INFO  [com.dot.ContainerResource] (docker-java-stream-1865446083) STDOUT: 12:58:20.144  WARN  client.RestClient - request [POST http://elasticsearch:9200/cluster_c40f8aa8c9.live_20230804125756/_search?typed_keys=true&max_concurrent_shard_requests=5&ignore_unavailable=false&expand_wildcards=open&allow_no_indices=true&ignore_throttled=true&search_type=query_then_fetch&batched_reduce_size=512&ccs_minimize_roundtrips=true] returned 2 warnings: [299 Elasticsearch-7.16.1-5b38441b16b1ebb16a27c107a4c3865776e20c53 "Elasticsearch built-in security features are not enabled. Without authentication, your cluster could be accessible to anyone. See https://www.elastic.co/guide/en/elasticsearch/reference/7.16/security-minimal-setup.html to enable security."],[299 Elasticsearch-7.16.1-5b38441b16b1ebb16a27c107a4c3865776e20c53 "[ignore_throttled] parameter is deprecated because frozen indices have been deprecated. Consider cold or frozen tiers in place of frozen indices."]
2023-08-04 12:58:20,147 INFO  [com.dot.ContainerResource] (docker-java-stream-1865446083) STDOUT: 12:58:20.147  WARN  client.RestClient - request [POST http://elasticsearch:9200/cluster_c40f8aa8c9.live_20230804125756/_search?typed_keys=true&max_concurrent_shard_requests=5&ignore_unavailable=false&expand_wildcards=open&allow_no_indices=true&ignore_throttled=true&search_type=query_then_fetch&batched_reduce_size=512&ccs_minimize_roundtrips=true] returned 2 warnings: [299 Elasticsearch-7.16.1-5b38441b16b1ebb16a27c107a4c3865776e20c53 "Elasticsearch built-in security features are not enabled. Without authentication, your cluster could be accessible to anyone. See https://www.elastic.co/guide/en/elasticsearch/reference/7.16/security-minimal-setup.html to enable security."],[299 Elasticsearch-7.16.1-5b38441b16b1ebb16a27c107a4c3865776e20c53 "[ignore_throttled] parameter is deprecated because frozen indices have been deprecated. Consider cold or frozen tiers in place of frozen indices."]
2023-08-04 12:58:20,150 INFO  [com.dot.ContainerResource] (docker-java-stream-1865446083) STDOUT: 12:58:20.150  WARN  client.RestClient - request [POST http://elasticsearch:9200/cluster_c40f8aa8c9.live_20230804125756/_search?typed_keys=true&max_concurrent_shard_requests=5&ignore_unavailable=false&expand_wildcards=open&allow_no_indices=true&ignore_throttled=true&search_type=query_then_fetch&batched_reduce_size=512&ccs_minimize_roundtrips=true] returned 2 warnings: [299 Elasticsearch-7.16.1-5b38441b16b1ebb16a27c107a4c3865776e20c53 "Elasticsearch built-in security features are not enabled. Without authentication, your cluster could be accessible to anyone. See https://www.elastic.co/guide/en/elasticsearch/reference/7.16/security-minimal-setup.html to enable security."],[299 Elasticsearch-7.16.1-5b38441b16b1ebb16a27c107a4c3865776e20c53 "[ignore_throttled] parameter is deprecated because frozen indices have been deprecated. Consider cold or frozen tiers in place of frozen indices."]
2023-08-04 12:58:20,153 INFO  [com.dot.ContainerResource] (docker-java-stream-1865446083) STDOUT: 12:58:20.153  WARN  client.RestClient - request [POST http://elasticsearch:9200/cluster_c40f8aa8c9.live_20230804125756/_search?typed_keys=true&max_concurrent_shard_requests=5&ignore_unavailable=false&expand_wildcards=open&allow_no_indices=true&ignore_throttled=true&search_type=query_then_fetch&batched_reduce_size=512&ccs_minimize_roundtrips=true] returned 2 warnings: [299 Elasticsearch-7.16.1-5b38441b16b1ebb16a27c107a4c3865776e20c53 "Elasticsearch built-in security features are not enabled. Without authentication, your cluster could be accessible to anyone. See https://www.elastic.co/guide/en/elasticsearch/reference/7.16/security-minimal-setup.html to enable security."],[299 Elasticsearch-7.16.1-5b38441b16b1ebb16a27c107a4c3865776e20c53 "[ignore_throttled] parameter is deprecated because frozen indices have been deprecated. Consider cold or frozen tiers in place of frozen indices."]
2023-08-04 12:58:20,156 INFO  [com.dot.ContainerResource] (docker-java-stream-1865446083) STDOUT: 12:58:20.155  WARN  client.RestClient - request [POST http://elasticsearch:9200/cluster_c40f8aa8c9.live_20230804125756/_search?typed_keys=true&max_concurrent_shard_requests=5&ignore_unavailable=false&expand_wildcards=open&allow_no_indices=true&ignore_throttled=true&search_type=query_then_fetch&batched_reduce_size=512&ccs_minimize_roundtrips=true] returned 2 warnings: [299 Elasticsearch-7.16.1-5b38441b16b1ebb16a27c107a4c3865776e20c53 "Elasticsearch built-in security features are not enabled. Without authentication, your cluster could be accessible to anyone. See https://www.elastic.co/guide/en/elasticsearch/reference/7.16/security-minimal-setup.html to enable security."],[299 Elasticsearch-7.16.1-5b38441b16b1ebb16a27c107a4c3865776e20c53 "[ignore_throttled] parameter is deprecated because frozen indices have been deprecated. Consider cold or frozen tiers in place of frozen indices."]
2023-08-04 12:58:20,159 INFO  [com.dot.ContainerResource] (docker-java-stream-1865446083) STDOUT: 12:58:20.158  WARN  client.RestClient - request [POST http://elasticsearch:9200/cluster_c40f8aa8c9.live_20230804125756/_search?typed_keys=true&max_concurrent_shard_requests=5&ignore_unavailable=false&expand_wildcards=open&allow_no_indices=true&ignore_throttled=true&search_type=query_then_fetch&batched_reduce_size=512&ccs_minimize_roundtrips=true] returned 2 warnings: [299 Elasticsearch-7.16.1-5b38441b16b1ebb16a27c107a4c3865776e20c53 "Elasticsearch built-in security features are not enabled. Without authentication, your cluster could be accessible to anyone. See https://www.elastic.co/guide/en/elasticsearch/reference/7.16/security-minimal-setup.html to enable security."],[299 Elasticsearch-7.16.1-5b38441b16b1ebb16a27c107a4c3865776e20c53 "[ignore_throttled] parameter is deprecated because frozen indices have been deprecated. Consider cold or frozen tiers in place of frozen indices."]
2023-08-04 12:58:20,164 INFO  [com.dot.ContainerResource] (docker-java-stream-1865446083) STDOUT: 12:58:20.164  WARN  client.RestClient - request [POST http://elasticsearch:9200/cluster_c40f8aa8c9.live_20230804125756/_search?typed_keys=true&max_concurrent_shard_requests=5&ignore_unavailable=false&expand_wildcards=open&allow_no_indices=true&ignore_throttled=true&search_type=query_then_fetch&batched_reduce_size=512&ccs_minimize_roundtrips=true] returned 2 warnings: [299 Elasticsearch-7.16.1-5b38441b16b1ebb16a27c107a4c3865776e20c53 "Elasticsearch built-in security features are not enabled. Without authentication, your cluster could be accessible to anyone. See https://www.elastic.co/guide/en/elasticsearch/reference/7.16/security-minimal-setup.html to enable security."],[299 Elasticsearch-7.16.1-5b38441b16b1ebb16a27c107a4c3865776e20c53 "[ignore_throttled] parameter is deprecated because frozen indices have been deprecated. Consider cold or frozen tiers in place of frozen indices."]
2023-08-04 12:58:20,167 INFO  [com.dot.ContainerResource] (docker-java-stream-1865446083) STDOUT: 12:58:20.167  WARN  client.RestClient - request [POST http://elasticsearch:9200/cluster_c40f8aa8c9.live_20230804125756/_search?typed_keys=true&max_concurrent_shard_requests=5&ignore_unavailable=false&expand_wildcards=open&allow_no_indices=true&ignore_throttled=true&search_type=query_then_fetch&batched_reduce_size=512&ccs_minimize_roundtrips=true] returned 2 warnings: [299 Elasticsearch-7.16.1-5b38441b16b1ebb16a27c107a4c3865776e20c53 "Elasticsearch built-in security features are not enabled. Without authentication, your cluster could be accessible to anyone. See https://www.elastic.co/guide/en/elasticsearch/reference/7.16/security-minimal-setup.html to enable security."],[299 Elasticsearch-7.16.1-5b38441b16b1ebb16a27c107a4c3865776e20c53 "[ignore_throttled] parameter is deprecated because frozen indices have been deprecated. Consider cold or frozen tiers in place of frozen indices."]
2023-08-04 12:58:20,170 INFO  [com.dot.ContainerResource] (docker-java-stream-1865446083) STDOUT: 12:58:20.169  WARN  client.RestClient - request [POST http://elasticsearch:9200/cluster_c40f8aa8c9.live_20230804125756/_search?typed_keys=true&max_concurrent_shard_requests=5&ignore_unavailable=false&expand_wildcards=open&allow_no_indices=true&ignore_throttled=true&search_type=query_then_fetch&batched_reduce_size=512&ccs_minimize_roundtrips=true] returned 2 warnings: [299 Elasticsearch-7.16.1-5b38441b16b1ebb16a27c107a4c3865776e20c53 "Elasticsearch built-in security features are not enabled. Without authentication, your cluster could be accessible to anyone. See https://www.elastic.co/guide/en/elasticsearch/reference/7.16/security-minimal-setup.html to enable security."],[299 Elasticsearch-7.16.1-5b38441b16b1ebb16a27c107a4c3865776e20c53 "[ignore_throttled] parameter is deprecated because frozen indices have been deprecated. Consider cold or frozen tiers in place of frozen indices."]
2023-08-04 12:58:20,174 INFO  [com.dot.ContainerResource] (docker-java-stream-1865446083) STDOUT: 12:58:20.173  WARN  client.RestClient - request [POST http://elasticsearch:9200/cluster_c40f8aa8c9.live_20230804125756/_search?typed_keys=true&max_concurrent_shard_requests=5&ignore_unavailable=false&expand_wildcards=open&allow_no_indices=true&ignore_throttled=true&search_type=query_then_fetch&batched_reduce_size=512&ccs_minimize_roundtrips=true] returned 2 warnings: [299 Elasticsearch-7.16.1-5b38441b16b1ebb16a27c107a4c3865776e20c53 "Elasticsearch built-in security features are not enabled. Without authentication, your cluster could be accessible to anyone. See https://www.elastic.co/guide/en/elasticsearch/reference/7.16/security-minimal-setup.html to enable security."],[299 Elasticsearch-7.16.1-5b38441b16b1ebb16a27c107a4c3865776e20c53 "[ignore_throttled] parameter is deprecated because frozen indices have been deprecated. Consider cold or frozen tiers in place of frozen indices."]
2023-08-04 12:58:20,180 INFO  [com.dot.ContainerResource] (docker-java-stream-1865446083) STDOUT: 12:58:20.176  WARN  client.RestClient - request [POST http://elasticsearch:9200/cluster_c40f8aa8c9.live_20230804125756/_search?typed_keys=true&max_concurrent_shard_requests=5&ignore_unavailable=false&expand_wildcards=open&allow_no_indices=true&ignore_throttled=true&search_type=query_then_fetch&batched_reduce_size=512&ccs_minimize_roundtrips=true] returned 2 warnings: [299 Elasticsearch-7.16.1-5b38441b16b1ebb16a27c107a4c3865776e20c53 "Elasticsearch built-in security features are not enabled. Without authentication, your cluster could be accessible to anyone. See https://www.elastic.co/guide/en/elasticsearch/reference/7.16/security-minimal-setup.html to enable security."],[299 Elasticsearch-7.16.1-5b38441b16b1ebb16a27c107a4c3865776e20c53 "[ignore_throttled] parameter is deprecated because frozen indices have been deprecated. Consider cold or frozen tiers in place of frozen indices."]
2023-08-04 12:58:20,182 INFO  [com.dot.ContainerResource] (docker-java-stream-1865446083) STDOUT: 12:58:20.181  WARN  client.RestClient - request [POST http://elasticsearch:9200/cluster_c40f8aa8c9.live_20230804125756/_search?typed_keys=true&max_concurrent_shard_requests=5&ignore_unavailable=false&expand_wildcards=open&allow_no_indices=true&ignore_throttled=true&search_type=query_then_fetch&batched_reduce_size=512&ccs_minimize_roundtrips=true] returned 2 warnings: [299 Elasticsearch-7.16.1-5b38441b16b1ebb16a27c107a4c3865776e20c53 "Elasticsearch built-in security features are not enabled. Without authentication, your cluster could be accessible to anyone. See https://www.elastic.co/guide/en/elasticsearch/reference/7.16/security-minimal-setup.html to enable security."],[299 Elasticsearch-7.16.1-5b38441b16b1ebb16a27c107a4c3865776e20c53 "[ignore_throttled] parameter is deprecated because frozen indices have been deprecated. Consider cold or frozen tiers in place of frozen indices."]
2023-08-04 12:58:20,188 INFO  [com.dot.ContainerResource] (docker-java-stream-1865446083) STDOUT: 12:58:20.188  WARN  client.RestClient - request [POST http://elasticsearch:9200/cluster_c40f8aa8c9.live_20230804125756/_search?typed_keys=true&max_concurrent_shard_requests=5&ignore_unavailable=false&expand_wildcards=open&allow_no_indices=true&ignore_throttled=true&search_type=query_then_fetch&batched_reduce_size=512&ccs_minimize_roundtrips=true] returned 2 warnings: [299 Elasticsearch-7.16.1-5b38441b16b1ebb16a27c107a4c3865776e20c53 "Elasticsearch built-in security features are not enabled. Without authentication, your cluster could be accessible to anyone. See https://www.elastic.co/guide/en/elasticsearch/reference/7.16/security-minimal-setup.html to enable security."],[299 Elasticsearch-7.16.1-5b38441b16b1ebb16a27c107a4c3865776e20c53 "[ignore_throttled] parameter is deprecated because frozen indices have been deprecated. Consider cold or frozen tiers in place of frozen indices."]
2023-08-04 12:58:20,194 INFO  [com.dot.ContainerResource] (docker-java-stream-1865446083) STDOUT: 12:58:20.193  WARN  client.RestClient - request [POST http://elasticsearch:9200/cluster_c40f8aa8c9.live_20230804125756/_search?typed_keys=true&max_concurrent_shard_requests=5&ignore_unavailable=false&expand_wildcards=open&allow_no_indices=true&ignore_throttled=true&search_type=query_then_fetch&batched_reduce_size=512&ccs_minimize_roundtrips=true] returned 2 warnings: [299 Elasticsearch-7.16.1-5b38441b16b1ebb16a27c107a4c3865776e20c53 "Elasticsearch built-in security features are not enabled. Without authentication, your cluster could be accessible to anyone. See https://www.elastic.co/guide/en/elasticsearch/reference/7.16/security-minimal-setup.html to enable security."],[299 Elasticsearch-7.16.1-5b38441b16b1ebb16a27c107a4c3865776e20c53 "[ignore_throttled] parameter is deprecated because frozen indices have been deprecated. Consider cold or frozen tiers in place of frozen indices."]
2023-08-04 12:58:20,197 INFO  [com.dot.ContainerResource] (docker-java-stream-1865446083) STDOUT: 12:58:20.196  WARN  client.RestClient - request [POST http://elasticsearch:9200/cluster_c40f8aa8c9.live_20230804125756/_search?typed_keys=true&max_concurrent_shard_requests=5&ignore_unavailable=false&expand_wildcards=open&allow_no_indices=true&ignore_throttled=true&search_type=query_then_fetch&batched_reduce_size=512&ccs_minimize_roundtrips=true] returned 2 warnings: [299 Elasticsearch-7.16.1-5b38441b16b1ebb16a27c107a4c3865776e20c53 "Elasticsearch built-in security features are not enabled. Without authentication, your cluster could be accessible to anyone. See https://www.elastic.co/guide/en/elasticsearch/reference/7.16/security-minimal-setup.html to enable security."],[299 Elasticsearch-7.16.1-5b38441b16b1ebb16a27c107a4c3865776e20c53 "[ignore_throttled] parameter is deprecated because frozen indices have been deprecated. Consider cold or frozen tiers in place of frozen indices."]
2023-08-04 12:58:20,199 INFO  [com.dot.ContainerResource] (docker-java-stream-1865446083) STDOUT: 12:58:20.199  WARN  client.RestClient - request [POST http://elasticsearch:9200/cluster_c40f8aa8c9.live_20230804125756/_search?typed_keys=true&max_concurrent_shard_requests=5&ignore_unavailable=false&expand_wildcards=open&allow_no_indices=true&ignore_throttled=true&search_type=query_then_fetch&batched_reduce_size=512&ccs_minimize_roundtrips=true] returned 2 warnings: [299 Elasticsearch-7.16.1-5b38441b16b1ebb16a27c107a4c3865776e20c53 "Elasticsearch built-in security features are not enabled. Without authentication, your cluster could be accessible to anyone. See https://www.elastic.co/guide/en/elasticsearch/reference/7.16/security-minimal-setup.html to enable security."],[299 Elasticsearch-7.16.1-5b38441b16b1ebb16a27c107a4c3865776e20c53 "[ignore_throttled] parameter is deprecated because frozen indices have been deprecated. Consider cold or frozen tiers in place of frozen indices."]
2023-08-04 12:58:20,204 INFO  [com.dot.ContainerResource] (docker-java-stream-1865446083) STDOUT: 12:58:20.204  WARN  client.RestClient - request [POST http://elasticsearch:9200/cluster_c40f8aa8c9.live_20230804125756/_search?typed_keys=true&max_concurrent_shard_requests=5&ignore_unavailable=false&expand_wildcards=open&allow_no_indices=true&ignore_throttled=true&search_type=query_then_fetch&batched_reduce_size=512&ccs_minimize_roundtrips=true] returned 2 warnings: [299 Elasticsearch-7.16.1-5b38441b16b1ebb16a27c107a4c3865776e20c53 "Elasticsearch built-in security features are not enabled. Without authentication, your cluster could be accessible to anyone. See https://www.elastic.co/guide/en/elasticsearch/reference/7.16/security-minimal-setup.html to enable security."],[299 Elasticsearch-7.16.1-5b38441b16b1ebb16a27c107a4c3865776e20c53 "[ignore_throttled] parameter is deprecated because frozen indices have been deprecated. Consider cold or frozen tiers in place of frozen indices."]
2023-08-04 12:58:20,210 INFO  [com.dot.ContainerResource] (docker-java-stream-1865446083) STDOUT: 12:58:20.209  WARN  client.RestClient - request [POST http://elasticsearch:9200/cluster_c40f8aa8c9.live_20230804125756/_search?typed_keys=true&max_concurrent_shard_requests=5&ignore_unavailable=false&expand_wildcards=open&allow_no_indices=true&ignore_throttled=true&search_type=query_then_fetch&batched_reduce_size=512&ccs_minimize_roundtrips=true] returned 2 warnings: [299 Elasticsearch-7.16.1-5b38441b16b1ebb16a27c107a4c3865776e20c53 "Elasticsearch built-in security features are not enabled. Without authentication, your cluster could be accessible to anyone. See https://www.elastic.co/guide/en/elasticsearch/reference/7.16/security-minimal-setup.html to enable security."],[299 Elasticsearch-7.16.1-5b38441b16b1ebb16a27c107a4c3865776e20c53 "[ignore_throttled] parameter is deprecated because frozen indices have been deprecated. Consider cold or frozen tiers in place of frozen indices."]
2023-08-04 12:58:20,214 INFO  [com.dot.ContainerResource] (docker-java-stream-1865446083) STDOUT: 12:58:20.213  WARN  client.RestClient - request [POST http://elasticsearch:9200/cluster_c40f8aa8c9.live_20230804125756/_search?typed_keys=true&max_concurrent_shard_requests=5&ignore_unavailable=false&expand_wildcards=open&allow_no_indices=true&ignore_throttled=true&search_type=query_then_fetch&batched_reduce_size=512&ccs_minimize_roundtrips=true] returned 2 warnings: [299 Elasticsearch-7.16.1-5b38441b16b1ebb16a27c107a4c3865776e20c53 "Elasticsearch built-in security features are not enabled. Without authentication, your cluster could be accessible to anyone. See https://www.elastic.co/guide/en/elasticsearch/reference/7.16/security-minimal-setup.html to enable security."],[299 Elasticsearch-7.16.1-5b38441b16b1ebb16a27c107a4c3865776e20c53 "[ignore_throttled] parameter is deprecated because frozen indices have been deprecated. Consider cold or frozen tiers in place of frozen indices."]
2023-08-04 12:58:20,221 INFO  [com.dot.ContainerResource] (docker-java-stream-1865446083) STDOUT: 12:58:20.220  WARN  client.RestClient - request [POST http://elasticsearch:9200/cluster_c40f8aa8c9.live_20230804125756/_search?typed_keys=true&max_concurrent_shard_requests=5&ignore_unavailable=false&expand_wildcards=open&allow_no_indices=true&ignore_throttled=true&search_type=query_then_fetch&batched_reduce_size=512&ccs_minimize_roundtrips=true] returned 2 warnings: [299 Elasticsearch-7.16.1-5b38441b16b1ebb16a27c107a4c3865776e20c53 "Elasticsearch built-in security features are not enabled. Without authentication, your cluster could be accessible to anyone. See https://www.elastic.co/guide/en/elasticsearch/reference/7.16/security-minimal-setup.html to enable security."],[299 Elasticsearch-7.16.1-5b38441b16b1ebb16a27c107a4c3865776e20c53 "[ignore_throttled] parameter is deprecated because frozen indices have been deprecated. Consider cold or frozen tiers in place of frozen indices."]
2023-08-04 12:58:20,224 INFO  [com.dot.ContainerResource] (docker-java-stream-1865446083) STDOUT: 12:58:20.224  WARN  client.RestClient - request [POST http://elasticsearch:9200/cluster_c40f8aa8c9.live_20230804125756/_search?typed_keys=true&max_concurrent_shard_requests=5&ignore_unavailable=false&expand_wildcards=open&allow_no_indices=true&ignore_throttled=true&search_type=query_then_fetch&batched_reduce_size=512&ccs_minimize_roundtrips=true] returned 2 warnings: [299 Elasticsearch-7.16.1-5b38441b16b1ebb16a27c107a4c3865776e20c53 "Elasticsearch built-in security features are not enabled. Without authentication, your cluster could be accessible to anyone. See https://www.elastic.co/guide/en/elasticsearch/reference/7.16/security-minimal-setup.html to enable security."],[299 Elasticsearch-7.16.1-5b38441b16b1ebb16a27c107a4c3865776e20c53 "[ignore_throttled] parameter is deprecated because frozen indices have been deprecated. Consider cold or frozen tiers in place of frozen indices."]
2023-08-04 12:58:20,227 INFO  [com.dot.ContainerResource] (docker-java-stream-1865446083) STDOUT: 12:58:20.227  WARN  client.RestClient - request [POST http://elasticsearch:9200/cluster_c40f8aa8c9.live_20230804125756/_search?typed_keys=true&max_concurrent_shard_requests=5&ignore_unavailable=false&expand_wildcards=open&allow_no_indices=true&ignore_throttled=true&search_type=query_then_fetch&batched_reduce_size=512&ccs_minimize_roundtrips=true] returned 2 warnings: [299 Elasticsearch-7.16.1-5b38441b16b1ebb16a27c107a4c3865776e20c53 "Elasticsearch built-in security features are not enabled. Without authentication, your cluster could be accessible to anyone. See https://www.elastic.co/guide/en/elasticsearch/reference/7.16/security-minimal-setup.html to enable security."],[299 Elasticsearch-7.16.1-5b38441b16b1ebb16a27c107a4c3865776e20c53 "[ignore_throttled] parameter is deprecated because frozen indices have been deprecated. Consider cold or frozen tiers in place of frozen indices."]
2023-08-04 12:58:20,231 INFO  [com.dot.ContainerResource] (docker-java-stream-1865446083) STDOUT: 12:58:20.230  WARN  client.RestClient - request [POST http://elasticsearch:9200/cluster_c40f8aa8c9.live_20230804125756/_search?typed_keys=true&max_concurrent_shard_requests=5&ignore_unavailable=false&expand_wildcards=open&allow_no_indices=true&ignore_throttled=true&search_type=query_then_fetch&batched_reduce_size=512&ccs_minimize_roundtrips=true] returned 2 warnings: [299 Elasticsearch-7.16.1-5b38441b16b1ebb16a27c107a4c3865776e20c53 "Elasticsearch built-in security features are not enabled. Without authentication, your cluster could be accessible to anyone. See https://www.elastic.co/guide/en/elasticsearch/reference/7.16/security-minimal-setup.html to enable security."],[299 Elasticsearch-7.16.1-5b38441b16b1ebb16a27c107a4c3865776e20c53 "[ignore_throttled] parameter is deprecated because frozen indices have been deprecated. Consider cold or frozen tiers in place of frozen indices."]
2023-08-04 12:58:20,234 INFO  [com.dot.ContainerResource] (docker-java-stream-1865446083) STDOUT: 12:58:20.233  WARN  client.RestClient - request [POST http://elasticsearch:9200/cluster_c40f8aa8c9.live_20230804125756/_search?typed_keys=true&max_concurrent_shard_requests=5&ignore_unavailable=false&expand_wildcards=open&allow_no_indices=true&ignore_throttled=true&search_type=query_then_fetch&batched_reduce_size=512&ccs_minimize_roundtrips=true] returned 2 warnings: [299 Elasticsearch-7.16.1-5b38441b16b1ebb16a27c107a4c3865776e20c53 "Elasticsearch built-in security features are not enabled. Without authentication, your cluster could be accessible to anyone. See https://www.elastic.co/guide/en/elasticsearch/reference/7.16/security-minimal-setup.html to enable security."],[299 Elasticsearch-7.16.1-5b38441b16b1ebb16a27c107a4c3865776e20c53 "[ignore_throttled] parameter is deprecated because frozen indices have been deprecated. Consider cold or frozen tiers in place of frozen indices."]
2023-08-04 12:58:20,241 INFO  [com.dot.ContainerResource] (docker-java-stream-1865446083) STDOUT: 12:58:20.238  WARN  client.RestClient - request [POST http://elasticsearch:9200/cluster_c40f8aa8c9.live_20230804125756/_search?typed_keys=true&max_concurrent_shard_requests=5&ignore_unavailable=false&expand_wildcards=open&allow_no_indices=true&ignore_throttled=true&search_type=query_then_fetch&batched_reduce_size=512&ccs_minimize_roundtrips=true] returned 2 warnings: [299 Elasticsearch-7.16.1-5b38441b16b1ebb16a27c107a4c3865776e20c53 "Elasticsearch built-in security features are not enabled. Without authentication, your cluster could be accessible to anyone. See https://www.elastic.co/guide/en/elasticsearch/reference/7.16/security-minimal-setup.html to enable security."],[299 Elasticsearch-7.16.1-5b38441b16b1ebb16a27c107a4c3865776e20c53 "[ignore_throttled] parameter is deprecated because frozen indices have been deprecated. Consider cold or frozen tiers in place of frozen indices."]
2023-08-04 12:58:20,244 INFO  [com.dot.ContainerResource] (docker-java-stream-1865446083) STDOUT: 12:58:20.241  WARN  client.RestClient - request [POST http://elasticsearch:9200/cluster_c40f8aa8c9.live_20230804125756/_search?typed_keys=true&max_concurrent_shard_requests=5&ignore_unavailable=false&expand_wildcards=open&allow_no_indices=true&ignore_throttled=true&search_type=query_then_fetch&batched_reduce_size=512&ccs_minimize_roundtrips=true] returned 2 warnings: [299 Elasticsearch-7.16.1-5b38441b16b1ebb16a27c107a4c3865776e20c53 "Elasticsearch built-in security features are not enabled. Without authentication, your cluster could be accessible to anyone. See https://www.elastic.co/guide/en/elasticsearch/reference/7.16/security-minimal-setup.html to enable security."],[299 Elasticsearch-7.16.1-5b38441b16b1ebb16a27c107a4c3865776e20c53 "[ignore_throttled] parameter is deprecated because frozen indices have been deprecated. Consider cold or frozen tiers in place of frozen indices."]
2023-08-04 12:58:20,264 INFO  [com.dot.ContainerResource] (docker-java-stream-1865446083) STDOUT: 12:58:20.264  WARN  client.RestClient - request [POST http://elasticsearch:9200/cluster_c40f8aa8c9.live_20230804125756/_search?typed_keys=true&max_concurrent_shard_requests=5&ignore_unavailable=false&expand_wildcards=open&allow_no_indices=true&ignore_throttled=true&search_type=query_then_fetch&batched_reduce_size=512&ccs_minimize_roundtrips=true] returned 2 warnings: [299 Elasticsearch-7.16.1-5b38441b16b1ebb16a27c107a4c3865776e20c53 "Elasticsearch built-in security features are not enabled. Without authentication, your cluster could be accessible to anyone. See https://www.elastic.co/guide/en/elasticsearch/reference/7.16/security-minimal-setup.html to enable security."],[299 Elasticsearch-7.16.1-5b38441b16b1ebb16a27c107a4c3865776e20c53 "[ignore_throttled] parameter is deprecated because frozen indices have been deprecated. Consider cold or frozen tiers in place of frozen indices."]
2023-08-04 12:58:20,268 INFO  [com.dot.ContainerResource] (docker-java-stream-1865446083) STDOUT: 12:58:20.268  WARN  client.RestClient - request [POST http://elasticsearch:9200/cluster_c40f8aa8c9.live_20230804125756/_search?typed_keys=true&max_concurrent_shard_requests=5&ignore_unavailable=false&expand_wildcards=open&allow_no_indices=true&ignore_throttled=true&search_type=query_then_fetch&batched_reduce_size=512&ccs_minimize_roundtrips=true] returned 2 warnings: [299 Elasticsearch-7.16.1-5b38441b16b1ebb16a27c107a4c3865776e20c53 "Elasticsearch built-in security features are not enabled. Without authentication, your cluster could be accessible to anyone. See https://www.elastic.co/guide/en/elasticsearch/reference/7.16/security-minimal-setup.html to enable security."],[299 Elasticsearch-7.16.1-5b38441b16b1ebb16a27c107a4c3865776e20c53 "[ignore_throttled] parameter is deprecated because frozen indices have been deprecated. Consider cold or frozen tiers in place of frozen indices."]
2023-08-04 12:58:20,272 INFO  [com.dot.ContainerResource] (docker-java-stream-1865446083) STDOUT: 12:58:20.271  WARN  client.RestClient - request [POST http://elasticsearch:9200/cluster_c40f8aa8c9.live_20230804125756/_search?typed_keys=true&max_concurrent_shard_requests=5&ignore_unavailable=false&expand_wildcards=open&allow_no_indices=true&ignore_throttled=true&search_type=query_then_fetch&batched_reduce_size=512&ccs_minimize_roundtrips=true] returned 2 warnings: [299 Elasticsearch-7.16.1-5b38441b16b1ebb16a27c107a4c3865776e20c53 "Elasticsearch built-in security features are not enabled. Without authentication, your cluster could be accessible to anyone. See https://www.elastic.co/guide/en/elasticsearch/reference/7.16/security-minimal-setup.html to enable security."],[299 Elasticsearch-7.16.1-5b38441b16b1ebb16a27c107a4c3865776e20c53 "[ignore_throttled] parameter is deprecated because frozen indices have been deprecated. Consider cold or frozen tiers in place of frozen indices."]
2023-08-04 12:58:20,275 INFO  [com.dot.ContainerResource] (docker-java-stream-1865446083) STDOUT: 12:58:20.275  WARN  client.RestClient - request [POST http://elasticsearch:9200/cluster_c40f8aa8c9.live_20230804125756/_search?typed_keys=true&max_concurrent_shard_requests=5&ignore_unavailable=false&expand_wildcards=open&allow_no_indices=true&ignore_throttled=true&search_type=query_then_fetch&batched_reduce_size=512&ccs_minimize_roundtrips=true] returned 2 warnings: [299 Elasticsearch-7.16.1-5b38441b16b1ebb16a27c107a4c3865776e20c53 "Elasticsearch built-in security features are not enabled. Without authentication, your cluster could be accessible to anyone. See https://www.elastic.co/guide/en/elasticsearch/reference/7.16/security-minimal-setup.html to enable security."],[299 Elasticsearch-7.16.1-5b38441b16b1ebb16a27c107a4c3865776e20c53 "[ignore_throttled] parameter is deprecated because frozen indices have been deprecated. Consider cold or frozen tiers in place of frozen indices."]
2023-08-04 12:58:20,278 INFO  [com.dot.ContainerResource] (docker-java-stream-1865446083) STDOUT: 12:58:20.278  WARN  client.RestClient - request [POST http://elasticsearch:9200/cluster_c40f8aa8c9.live_20230804125756/_search?typed_keys=true&max_concurrent_shard_requests=5&ignore_unavailable=false&expand_wildcards=open&allow_no_indices=true&ignore_throttled=true&search_type=query_then_fetch&batched_reduce_size=512&ccs_minimize_roundtrips=true] returned 2 warnings: [299 Elasticsearch-7.16.1-5b38441b16b1ebb16a27c107a4c3865776e20c53 "Elasticsearch built-in security features are not enabled. Without authentication, your cluster could be accessible to anyone. See https://www.elastic.co/guide/en/elasticsearch/reference/7.16/security-minimal-setup.html to enable security."],[299 Elasticsearch-7.16.1-5b38441b16b1ebb16a27c107a4c3865776e20c53 "[ignore_throttled] parameter is deprecated because frozen indices have been deprecated. Consider cold or frozen tiers in place of frozen indices."]
2023-08-04 12:58:20,281 INFO  [com.dot.ContainerResource] (docker-java-stream-1865446083) STDOUT: 12:58:20.281  WARN  client.RestClient - request [POST http://elasticsearch:9200/cluster_c40f8aa8c9.live_20230804125756/_search?typed_keys=true&max_concurrent_shard_requests=5&ignore_unavailable=false&expand_wildcards=open&allow_no_indices=true&ignore_throttled=true&search_type=query_then_fetch&batched_reduce_size=512&ccs_minimize_roundtrips=true] returned 2 warnings: [299 Elasticsearch-7.16.1-5b38441b16b1ebb16a27c107a4c3865776e20c53 "Elasticsearch built-in security features are not enabled. Without authentication, your cluster could be accessible to anyone. See https://www.elastic.co/guide/en/elasticsearch/reference/7.16/security-minimal-setup.html to enable security."],[299 Elasticsearch-7.16.1-5b38441b16b1ebb16a27c107a4c3865776e20c53 "[ignore_throttled] parameter is deprecated because frozen indices have been deprecated. Consider cold or frozen tiers in place of frozen indices."]
2023-08-04 12:58:20,284 INFO  [com.dot.ContainerResource] (docker-java-stream-1865446083) STDOUT: 12:58:20.283  WARN  client.RestClient - request [POST http://elasticsearch:9200/cluster_c40f8aa8c9.live_20230804125756/_search?typed_keys=true&max_concurrent_shard_requests=5&ignore_unavailable=false&expand_wildcards=open&allow_no_indices=true&ignore_throttled=true&search_type=query_then_fetch&batched_reduce_size=512&ccs_minimize_roundtrips=true] returned 2 warnings: [299 Elasticsearch-7.16.1-5b38441b16b1ebb16a27c107a4c3865776e20c53 "Elasticsearch built-in security features are not enabled. Without authentication, your cluster could be accessible to anyone. See https://www.elastic.co/guide/en/elasticsearch/reference/7.16/security-minimal-setup.html to enable security."],[299 Elasticsearch-7.16.1-5b38441b16b1ebb16a27c107a4c3865776e20c53 "[ignore_throttled] parameter is deprecated because frozen indices have been deprecated. Consider cold or frozen tiers in place of frozen indices."]
2023-08-04 12:58:20,286 INFO  [com.dot.ContainerResource] (docker-java-stream-1865446083) STDOUT: 12:58:20.286  WARN  client.RestClient - request [POST http://elasticsearch:9200/cluster_c40f8aa8c9.live_20230804125756/_search?typed_keys=true&max_concurrent_shard_requests=5&ignore_unavailable=false&expand_wildcards=open&allow_no_indices=true&ignore_throttled=true&search_type=query_then_fetch&batched_reduce_size=512&ccs_minimize_roundtrips=true] returned 2 warnings: [299 Elasticsearch-7.16.1-5b38441b16b1ebb16a27c107a4c3865776e20c53 "Elasticsearch built-in security features are not enabled. Without authentication, your cluster could be accessible to anyone. See https://www.elastic.co/guide/en/elasticsearch/reference/7.16/security-minimal-setup.html to enable security."],[299 Elasticsearch-7.16.1-5b38441b16b1ebb16a27c107a4c3865776e20c53 "[ignore_throttled] parameter is deprecated because frozen indices have been deprecated. Consider cold or frozen tiers in place of frozen indices."]
2023-08-04 12:58:20,303 INFO  [com.dot.ContainerResource] (docker-java-stream-1865446083) STDOUT: 12:58:20.302  INFO  concurrent.Debouncer - Debouncing : invalidateGraphSchema after 5000 MILLISECONDS
2023-08-04 12:58:20,306 INFO  [com.dot.ContainerResource] (docker-java-stream-1865446083) STDOUT: 12:58:20.305  WARN  client.RestClient - request [POST http://elasticsearch:9200/cluster_c40f8aa8c9.live_20230804125756/_search?typed_keys=true&max_concurrent_shard_requests=5&ignore_unavailable=false&expand_wildcards=open&allow_no_indices=true&ignore_throttled=true&search_type=query_then_fetch&batched_reduce_size=512&ccs_minimize_roundtrips=true] returned 2 warnings: [299 Elasticsearch-7.16.1-5b38441b16b1ebb16a27c107a4c3865776e20c53 "Elasticsearch built-in security features are not enabled. Without authentication, your cluster could be accessible to anyone. See https://www.elastic.co/guide/en/elasticsearch/reference/7.16/security-minimal-setup.html to enable security."],[299 Elasticsearch-7.16.1-5b38441b16b1ebb16a27c107a4c3865776e20c53 "[ignore_throttled] parameter is deprecated because frozen indices have been deprecated. Consider cold or frozen tiers in place of frozen indices."]
2023-08-04 12:58:20,310 INFO  [com.dot.ContainerResource] (docker-java-stream-1865446083) STDOUT: 12:58:20.310  WARN  client.RestClient - request [POST http://elasticsearch:9200/cluster_c40f8aa8c9.live_20230804125756/_search?typed_keys=true&max_concurrent_shard_requests=5&ignore_unavailable=false&expand_wildcards=open&allow_no_indices=true&ignore_throttled=true&search_type=query_then_fetch&batched_reduce_size=512&ccs_minimize_roundtrips=true] returned 2 warnings: [299 Elasticsearch-7.16.1-5b38441b16b1ebb16a27c107a4c3865776e20c53 "Elasticsearch built-in security features are not enabled. Without authentication, your cluster could be accessible to anyone. See https://www.elastic.co/guide/en/elasticsearch/reference/7.16/security-minimal-setup.html to enable security."],[299 Elasticsearch-7.16.1-5b38441b16b1ebb16a27c107a4c3865776e20c53 "[ignore_throttled] parameter is deprecated because frozen indices have been deprecated. Consider cold or frozen tiers in place of frozen indices."]
2023-08-04 12:58:20,314 INFO  [com.dot.ContainerResource] (docker-java-stream-1865446083) STDOUT: 12:58:20.314  WARN  client.RestClient - request [POST http://elasticsearch:9200/cluster_c40f8aa8c9.live_20230804125756/_search?typed_keys=true&max_concurrent_shard_requests=5&ignore_unavailable=false&expand_wildcards=open&allow_no_indices=true&ignore_throttled=true&search_type=query_then_fetch&batched_reduce_size=512&ccs_minimize_roundtrips=true] returned 2 warnings: [299 Elasticsearch-7.16.1-5b38441b16b1ebb16a27c107a4c3865776e20c53 "Elasticsearch built-in security features are not enabled. Without authentication, your cluster could be accessible to anyone. See https://www.elastic.co/guide/en/elasticsearch/reference/7.16/security-minimal-setup.html to enable security."],[299 Elasticsearch-7.16.1-5b38441b16b1ebb16a27c107a4c3865776e20c53 "[ignore_throttled] parameter is deprecated because frozen indices have been deprecated. Consider cold or frozen tiers in place of frozen indices."]
2023-08-04 12:58:20,317 INFO  [com.dot.ContainerResource] (docker-java-stream-1865446083) STDOUT: 12:58:20.317  WARN  client.RestClient - request [POST http://elasticsearch:9200/cluster_c40f8aa8c9.live_20230804125756/_search?typed_keys=true&max_concurrent_shard_requests=5&ignore_unavailable=false&expand_wildcards=open&allow_no_indices=true&ignore_throttled=true&search_type=query_then_fetch&batched_reduce_size=512&ccs_minimize_roundtrips=true] returned 2 warnings: [299 Elasticsearch-7.16.1-5b38441b16b1ebb16a27c107a4c3865776e20c53 "Elasticsearch built-in security features are not enabled. Without authentication, your cluster could be accessible to anyone. See https://www.elastic.co/guide/en/elasticsearch/reference/7.16/security-minimal-setup.html to enable security."],[299 Elasticsearch-7.16.1-5b38441b16b1ebb16a27c107a4c3865776e20c53 "[ignore_throttled] parameter is deprecated because frozen indices have been deprecated. Consider cold or frozen tiers in place of frozen indices."]
2023-08-04 12:58:20,322 INFO  [com.dot.ContainerResource] (docker-java-stream-1865446083) STDOUT: 12:58:20.321  WARN  client.RestClient - request [POST http://elasticsearch:9200/cluster_c40f8aa8c9.live_20230804125756/_search?typed_keys=true&max_concurrent_shard_requests=5&ignore_unavailable=false&expand_wildcards=open&allow_no_indices=true&ignore_throttled=true&search_type=query_then_fetch&batched_reduce_size=512&ccs_minimize_roundtrips=true] returned 2 warnings: [299 Elasticsearch-7.16.1-5b38441b16b1ebb16a27c107a4c3865776e20c53 "Elasticsearch built-in security features are not enabled. Without authentication, your cluster could be accessible to anyone. See https://www.elastic.co/guide/en/elasticsearch/reference/7.16/security-minimal-setup.html to enable security."],[299 Elasticsearch-7.16.1-5b38441b16b1ebb16a27c107a4c3865776e20c53 "[ignore_throttled] parameter is deprecated because frozen indices have been deprecated. Consider cold or frozen tiers in place of frozen indices."]
2023-08-04 12:58:20,324 INFO  [com.dot.ContainerResource] (docker-java-stream-1865446083) STDOUT: 12:58:20.324  WARN  client.RestClient - request [POST http://elasticsearch:9200/cluster_c40f8aa8c9.live_20230804125756/_search?typed_keys=true&max_concurrent_shard_requests=5&ignore_unavailable=false&expand_wildcards=open&allow_no_indices=true&ignore_throttled=true&search_type=query_then_fetch&batched_reduce_size=512&ccs_minimize_roundtrips=true] returned 2 warnings: [299 Elasticsearch-7.16.1-5b38441b16b1ebb16a27c107a4c3865776e20c53 "Elasticsearch built-in security features are not enabled. Without authentication, your cluster could be accessible to anyone. See https://www.elastic.co/guide/en/elasticsearch/reference/7.16/security-minimal-setup.html to enable security."],[299 Elasticsearch-7.16.1-5b38441b16b1ebb16a27c107a4c3865776e20c53 "[ignore_throttled] parameter is deprecated because frozen indices have been deprecated. Consider cold or frozen tiers in place of frozen indices."]
2023-08-04 12:58:20,328 INFO  [com.dot.ContainerResource] (docker-java-stream-1865446083) STDOUT: 12:58:20.328  WARN  client.RestClient - request [POST http://elasticsearch:9200/cluster_c40f8aa8c9.live_20230804125756/_search?typed_keys=true&max_concurrent_shard_requests=5&ignore_unavailable=false&expand_wildcards=open&allow_no_indices=true&ignore_throttled=true&search_type=query_then_fetch&batched_reduce_size=512&ccs_minimize_roundtrips=true] returned 2 warnings: [299 Elasticsearch-7.16.1-5b38441b16b1ebb16a27c107a4c3865776e20c53 "Elasticsearch built-in security features are not enabled. Without authentication, your cluster could be accessible to anyone. See https://www.elastic.co/guide/en/elasticsearch/reference/7.16/security-minimal-setup.html to enable security."],[299 Elasticsearch-7.16.1-5b38441b16b1ebb16a27c107a4c3865776e20c53 "[ignore_throttled] parameter is deprecated because frozen indices have been deprecated. Consider cold or frozen tiers in place of frozen indices."]
2023-08-04 12:58:20,333 INFO  [com.dot.ContainerResource] (docker-java-stream-1865446083) STDOUT: 12:58:20.332  WARN  client.RestClient - request [POST http://elasticsearch:9200/cluster_c40f8aa8c9.live_20230804125756/_search?typed_keys=true&max_concurrent_shard_requests=5&ignore_unavailable=false&expand_wildcards=open&allow_no_indices=true&ignore_throttled=true&search_type=query_then_fetch&batched_reduce_size=512&ccs_minimize_roundtrips=true] returned 2 warnings: [299 Elasticsearch-7.16.1-5b38441b16b1ebb16a27c107a4c3865776e20c53 "Elasticsearch built-in security features are not enabled. Without authentication, your cluster could be accessible to anyone. See https://www.elastic.co/guide/en/elasticsearch/reference/7.16/security-minimal-setup.html to enable security."],[299 Elasticsearch-7.16.1-5b38441b16b1ebb16a27c107a4c3865776e20c53 "[ignore_throttled] parameter is deprecated because frozen indices have been deprecated. Consider cold or frozen tiers in place of frozen indices."]
2023-08-04 12:58:20,336 INFO  [com.dot.ContainerResource] (docker-java-stream-1865446083) STDOUT: 12:58:20.336  WARN  client.RestClient - request [POST http://elasticsearch:9200/cluster_c40f8aa8c9.live_20230804125756/_search?typed_keys=true&max_concurrent_shard_requests=5&ignore_unavailable=false&expand_wildcards=open&allow_no_indices=true&ignore_throttled=true&search_type=query_then_fetch&batched_reduce_size=512&ccs_minimize_roundtrips=true] returned 2 warnings: [299 Elasticsearch-7.16.1-5b38441b16b1ebb16a27c107a4c3865776e20c53 "Elasticsearch built-in security features are not enabled. Without authentication, your cluster could be accessible to anyone. See https://www.elastic.co/guide/en/elasticsearch/reference/7.16/security-minimal-setup.html to enable security."],[299 Elasticsearch-7.16.1-5b38441b16b1ebb16a27c107a4c3865776e20c53 "[ignore_throttled] parameter is deprecated because frozen indices have been deprecated. Consider cold or frozen tiers in place of frozen indices."]
2023-08-04 12:58:20,350 INFO  [com.dot.ContainerResource] (docker-java-stream-1865446083) STDOUT: 12:58:20.349  WARN  client.RestClient - request [POST http://elasticsearch:9200/cluster_c40f8aa8c9.live_20230804125756/_search?typed_keys=true&max_concurrent_shard_requests=5&ignore_unavailable=false&expand_wildcards=open&allow_no_indices=true&ignore_throttled=true&search_type=query_then_fetch&batched_reduce_size=512&ccs_minimize_roundtrips=true] returned 2 warnings: [299 Elasticsearch-7.16.1-5b38441b16b1ebb16a27c107a4c3865776e20c53 "Elasticsearch built-in security features are not enabled. Without authentication, your cluster could be accessible to anyone. See https://www.elastic.co/guide/en/elasticsearch/reference/7.16/security-minimal-setup.html to enable security."],[299 Elasticsearch-7.16.1-5b38441b16b1ebb16a27c107a4c3865776e20c53 "[ignore_throttled] parameter is deprecated because frozen indices have been deprecated. Consider cold or frozen tiers in place of frozen indices."]
2023-08-04 12:58:20,353 INFO  [com.dot.ContainerResource] (docker-java-stream-1865446083) STDOUT: 12:58:20.353  WARN  client.RestClient - request [POST http://elasticsearch:9200/cluster_c40f8aa8c9.live_20230804125756/_search?typed_keys=true&max_concurrent_shard_requests=5&ignore_unavailable=false&expand_wildcards=open&allow_no_indices=true&ignore_throttled=true&search_type=query_then_fetch&batched_reduce_size=512&ccs_minimize_roundtrips=true] returned 2 warnings: [299 Elasticsearch-7.16.1-5b38441b16b1ebb16a27c107a4c3865776e20c53 "Elasticsearch built-in security features are not enabled. Without authentication, your cluster could be accessible to anyone. See https://www.elastic.co/guide/en/elasticsearch/reference/7.16/security-minimal-setup.html to enable security."],[299 Elasticsearch-7.16.1-5b38441b16b1ebb16a27c107a4c3865776e20c53 "[ignore_throttled] parameter is deprecated because frozen indices have been deprecated. Consider cold or frozen tiers in place of frozen indices."]
2023-08-04 12:58:20,356 INFO  [com.dot.ContainerResource] (docker-java-stream-1865446083) STDOUT: 12:58:20.356  WARN  client.RestClient - request [POST http://elasticsearch:9200/cluster_c40f8aa8c9.live_20230804125756/_search?typed_keys=true&max_concurrent_shard_requests=5&ignore_unavailable=false&expand_wildcards=open&allow_no_indices=true&ignore_throttled=true&search_type=query_then_fetch&batched_reduce_size=512&ccs_minimize_roundtrips=true] returned 2 warnings: [299 Elasticsearch-7.16.1-5b38441b16b1ebb16a27c107a4c3865776e20c53 "Elasticsearch built-in security features are not enabled. Without authentication, your cluster could be accessible to anyone. See https://www.elastic.co/guide/en/elasticsearch/reference/7.16/security-minimal-setup.html to enable security."],[299 Elasticsearch-7.16.1-5b38441b16b1ebb16a27c107a4c3865776e20c53 "[ignore_throttled] parameter is deprecated because frozen indices have been deprecated. Consider cold or frozen tiers in place of frozen indices."]
2023-08-04 12:58:20,364 INFO  [com.dot.ContainerResource] (docker-java-stream-1865446083) STDOUT: 12:58:20.363  WARN  client.RestClient - request [POST http://elasticsearch:9200/cluster_c40f8aa8c9.live_20230804125756/_search?typed_keys=true&max_concurrent_shard_requests=5&ignore_unavailable=false&expand_wildcards=open&allow_no_indices=true&ignore_throttled=true&search_type=query_then_fetch&batched_reduce_size=512&ccs_minimize_roundtrips=true] returned 2 warnings: [299 Elasticsearch-7.16.1-5b38441b16b1ebb16a27c107a4c3865776e20c53 "Elasticsearch built-in security features are not enabled. Without authentication, your cluster could be accessible to anyone. See https://www.elastic.co/guide/en/elasticsearch/reference/7.16/security-minimal-setup.html to enable security."],[299 Elasticsearch-7.16.1-5b38441b16b1ebb16a27c107a4c3865776e20c53 "[ignore_throttled] parameter is deprecated because frozen indices have been deprecated. Consider cold or frozen tiers in place of frozen indices."]
2023-08-04 12:58:20,367 INFO  [com.dot.ContainerResource] (docker-java-stream-1865446083) STDOUT: 12:58:20.367  WARN  client.RestClient - request [POST http://elasticsearch:9200/cluster_c40f8aa8c9.live_20230804125756/_search?typed_keys=true&max_concurrent_shard_requests=5&ignore_unavailable=false&expand_wildcards=open&allow_no_indices=true&ignore_throttled=true&search_type=query_then_fetch&batched_reduce_size=512&ccs_minimize_roundtrips=true] returned 2 warnings: [299 Elasticsearch-7.16.1-5b38441b16b1ebb16a27c107a4c3865776e20c53 "Elasticsearch built-in security features are not enabled. Without authentication, your cluster could be accessible to anyone. See https://www.elastic.co/guide/en/elasticsearch/reference/7.16/security-minimal-setup.html to enable security."],[299 Elasticsearch-7.16.1-5b38441b16b1ebb16a27c107a4c3865776e20c53 "[ignore_throttled] parameter is deprecated because frozen indices have been deprecated. Consider cold or frozen tiers in place of frozen indices."]
2023-08-04 12:58:20,372 INFO  [com.dot.ContainerResource] (docker-java-stream-1865446083) STDOUT: 12:58:20.370  WARN  client.RestClient - request [POST http://elasticsearch:9200/cluster_c40f8aa8c9.live_20230804125756/_search?typed_keys=true&max_concurrent_shard_requests=5&ignore_unavailable=false&expand_wildcards=open&allow_no_indices=true&ignore_throttled=true&search_type=query_then_fetch&batched_reduce_size=512&ccs_minimize_roundtrips=true] returned 2 warnings: [299 Elasticsearch-7.16.1-5b38441b16b1ebb16a27c107a4c3865776e20c53 "Elasticsearch built-in security features are not enabled. Without authentication, your cluster could be accessible to anyone. See https://www.elastic.co/guide/en/elasticsearch/reference/7.16/security-minimal-setup.html to enable security."],[299 Elasticsearch-7.16.1-5b38441b16b1ebb16a27c107a4c3865776e20c53 "[ignore_throttled] parameter is deprecated because frozen indices have been deprecated. Consider cold or frozen tiers in place of frozen indices."]
2023-08-04 12:58:20,385 INFO  [com.dot.ContainerResource] (docker-java-stream-1865446083) STDOUT: 12:58:20.385  WARN  client.RestClient - request [POST http://elasticsearch:9200/cluster_c40f8aa8c9.live_20230804125756/_search?typed_keys=true&max_concurrent_shard_requests=5&ignore_unavailable=false&expand_wildcards=open&allow_no_indices=true&ignore_throttled=true&search_type=query_then_fetch&batched_reduce_size=512&ccs_minimize_roundtrips=true] returned 2 warnings: [299 Elasticsearch-7.16.1-5b38441b16b1ebb16a27c107a4c3865776e20c53 "Elasticsearch built-in security features are not enabled. Without authentication, your cluster could be accessible to anyone. See https://www.elastic.co/guide/en/elasticsearch/reference/7.16/security-minimal-setup.html to enable security."],[299 Elasticsearch-7.16.1-5b38441b16b1ebb16a27c107a4c3865776e20c53 "[ignore_throttled] parameter is deprecated because frozen indices have been deprecated. Consider cold or frozen tiers in place of frozen indices."]
2023-08-04 12:58:20,396 INFO  [com.dot.ContainerResource] (docker-java-stream-1865446083) STDOUT: 12:58:20.394  WARN  client.RestClient - request [POST http://elasticsearch:9200/cluster_c40f8aa8c9.live_20230804125756/_search?typed_keys=true&max_concurrent_shard_requests=5&ignore_unavailable=false&expand_wildcards=open&allow_no_indices=true&ignore_throttled=true&search_type=query_then_fetch&batched_reduce_size=512&ccs_minimize_roundtrips=true] returned 2 warnings: [299 Elasticsearch-7.16.1-5b38441b16b1ebb16a27c107a4c3865776e20c53 "Elasticsearch built-in security features are not enabled. Without authentication, your cluster could be accessible to anyone. See https://www.elastic.co/guide/en/elasticsearch/reference/7.16/security-minimal-setup.html to enable security."],[299 Elasticsearch-7.16.1-5b38441b16b1ebb16a27c107a4c3865776e20c53 "[ignore_throttled] parameter is deprecated because frozen indices have been deprecated. Consider cold or frozen tiers in place of frozen indices."]
2023-08-04 12:58:20,416 INFO  [com.dot.ContainerResource] (docker-java-stream-1865446083) STDOUT: 12:58:20.414  WARN  client.RestClient - request [POST http://elasticsearch:9200/cluster_c40f8aa8c9.live_20230804125756/_search?typed_keys=true&max_concurrent_shard_requests=5&ignore_unavailable=false&expand_wildcards=open&allow_no_indices=true&ignore_throttled=true&search_type=query_then_fetch&batched_reduce_size=512&ccs_minimize_roundtrips=true] returned 2 warnings: [299 Elasticsearch-7.16.1-5b38441b16b1ebb16a27c107a4c3865776e20c53 "Elasticsearch built-in security features are not enabled. Without authentication, your cluster could be accessible to anyone. See https://www.elastic.co/guide/en/elasticsearch/reference/7.16/security-minimal-setup.html to enable security."],[299 Elasticsearch-7.16.1-5b38441b16b1ebb16a27c107a4c3865776e20c53 "[ignore_throttled] parameter is deprecated because frozen indices have been deprecated. Consider cold or frozen tiers in place of frozen indices."]
2023-08-04 12:58:20,420 INFO  [com.dot.ContainerResource] (docker-java-stream-1865446083) STDOUT: 12:58:20.418  WARN  client.RestClient - request [POST http://elasticsearch:9200/cluster_c40f8aa8c9.live_20230804125756/_search?typed_keys=true&max_concurrent_shard_requests=5&ignore_unavailable=false&expand_wildcards=open&allow_no_indices=true&ignore_throttled=true&search_type=query_then_fetch&batched_reduce_size=512&ccs_minimize_roundtrips=true] returned 2 warnings: [299 Elasticsearch-7.16.1-5b38441b16b1ebb16a27c107a4c3865776e20c53 "Elasticsearch built-in security features are not enabled. Without authentication, your cluster could be accessible to anyone. See https://www.elastic.co/guide/en/elasticsearch/reference/7.16/security-minimal-setup.html to enable security."],[299 Elasticsearch-7.16.1-5b38441b16b1ebb16a27c107a4c3865776e20c53 "[ignore_throttled] parameter is deprecated because frozen indices have been deprecated. Consider cold or frozen tiers in place of frozen indices."]
2023-08-04 12:58:20,423 INFO  [com.dot.ContainerResource] (docker-java-stream-1865446083) STDOUT: 12:58:20.422  WARN  client.RestClient - request [POST http://elasticsearch:9200/cluster_c40f8aa8c9.live_20230804125756/_search?typed_keys=true&max_concurrent_shard_requests=5&ignore_unavailable=false&expand_wildcards=open&allow_no_indices=true&ignore_throttled=true&search_type=query_then_fetch&batched_reduce_size=512&ccs_minimize_roundtrips=true] returned 2 warnings: [299 Elasticsearch-7.16.1-5b38441b16b1ebb16a27c107a4c3865776e20c53 "Elasticsearch built-in security features are not enabled. Without authentication, your cluster could be accessible to anyone. See https://www.elastic.co/guide/en/elasticsearch/reference/7.16/security-minimal-setup.html to enable security."],[299 Elasticsearch-7.16.1-5b38441b16b1ebb16a27c107a4c3865776e20c53 "[ignore_throttled] parameter is deprecated because frozen indices have been deprecated. Consider cold or frozen tiers in place of frozen indices."]
2023-08-04 12:58:20,432 INFO  [com.dot.ContainerResource] (docker-java-stream-1865446083) STDOUT: 12:58:20.431  WARN  client.RestClient - request [POST http://elasticsearch:9200/cluster_c40f8aa8c9.live_20230804125756/_search?typed_keys=true&max_concurrent_shard_requests=5&ignore_unavailable=false&expand_wildcards=open&allow_no_indices=true&ignore_throttled=true&search_type=query_then_fetch&batched_reduce_size=512&ccs_minimize_roundtrips=true] returned 2 warnings: [299 Elasticsearch-7.16.1-5b38441b16b1ebb16a27c107a4c3865776e20c53 "Elasticsearch built-in security features are not enabled. Without authentication, your cluster could be accessible to anyone. See https://www.elastic.co/guide/en/elasticsearch/reference/7.16/security-minimal-setup.html to enable security."],[299 Elasticsearch-7.16.1-5b38441b16b1ebb16a27c107a4c3865776e20c53 "[ignore_throttled] parameter is deprecated because frozen indices have been deprecated. Consider cold or frozen tiers in place of frozen indices."]
2023-08-04 12:58:20,444 INFO  [com.dot.ContainerResource] (docker-java-stream-1865446083) STDOUT: 12:58:20.438  WARN  client.RestClient - request [POST http://elasticsearch:9200/cluster_c40f8aa8c9.live_20230804125756/_search?typed_keys=true&max_concurrent_shard_requests=5&ignore_unavailable=false&expand_wildcards=open&allow_no_indices=true&ignore_throttled=true&search_type=query_then_fetch&batched_reduce_size=512&ccs_minimize_roundtrips=true] returned 2 warnings: [299 Elasticsearch-7.16.1-5b38441b16b1ebb16a27c107a4c3865776e20c53 "Elasticsearch built-in security features are not enabled. Without authentication, your cluster could be accessible to anyone. See https://www.elastic.co/guide/en/elasticsearch/reference/7.16/security-minimal-setup.html to enable security."],[299 Elasticsearch-7.16.1-5b38441b16b1ebb16a27c107a4c3865776e20c53 "[ignore_throttled] parameter is deprecated because frozen indices have been deprecated. Consider cold or frozen tiers in place of frozen indices."]
2023-08-04 12:58:20,457 INFO  [com.dot.ContainerResource] (docker-java-stream-1865446083) STDOUT: 12:58:20.457  WARN  client.RestClient - request [POST http://elasticsearch:9200/cluster_c40f8aa8c9.live_20230804125756/_search?typed_keys=true&max_concurrent_shard_requests=5&ignore_unavailable=false&expand_wildcards=open&allow_no_indices=true&ignore_throttled=true&search_type=query_then_fetch&batched_reduce_size=512&ccs_minimize_roundtrips=true] returned 2 warnings: [299 Elasticsearch-7.16.1-5b38441b16b1ebb16a27c107a4c3865776e20c53 "Elasticsearch built-in security features are not enabled. Without authentication, your cluster could be accessible to anyone. See https://www.elastic.co/guide/en/elasticsearch/reference/7.16/security-minimal-setup.html to enable security."],[299 Elasticsearch-7.16.1-5b38441b16b1ebb16a27c107a4c3865776e20c53 "[ignore_throttled] parameter is deprecated because frozen indices have been deprecated. Consider cold or frozen tiers in place of frozen indices."]
2023-08-04 12:58:20,466 INFO  [com.dot.ContainerResource] (docker-java-stream-1865446083) STDOUT: 12:58:20.465  WARN  client.RestClient - request [POST http://elasticsearch:9200/cluster_c40f8aa8c9.live_20230804125756/_search?typed_keys=true&max_concurrent_shard_requests=5&ignore_unavailable=false&expand_wildcards=open&allow_no_indices=true&ignore_throttled=true&search_type=query_then_fetch&batched_reduce_size=512&ccs_minimize_roundtrips=true] returned 2 warnings: [299 Elasticsearch-7.16.1-5b38441b16b1ebb16a27c107a4c3865776e20c53 "Elasticsearch built-in security features are not enabled. Without authentication, your cluster could be accessible to anyone. See https://www.elastic.co/guide/en/elasticsearch/reference/7.16/security-minimal-setup.html to enable security."],[299 Elasticsearch-7.16.1-5b38441b16b1ebb16a27c107a4c3865776e20c53 "[ignore_throttled] parameter is deprecated because frozen indices have been deprecated. Consider cold or frozen tiers in place of frozen indices."]
2023-08-04 12:58:20,470 INFO  [com.dot.ContainerResource] (docker-java-stream-1865446083) STDOUT: 12:58:20.470  WARN  client.RestClient - request [POST http://elasticsearch:9200/cluster_c40f8aa8c9.live_20230804125756/_search?typed_keys=true&max_concurrent_shard_requests=5&ignore_unavailable=false&expand_wildcards=open&allow_no_indices=true&ignore_throttled=true&search_type=query_then_fetch&batched_reduce_size=512&ccs_minimize_roundtrips=true] returned 2 warnings: [299 Elasticsearch-7.16.1-5b38441b16b1ebb16a27c107a4c3865776e20c53 "Elasticsearch built-in security features are not enabled. Without authentication, your cluster could be accessible to anyone. See https://www.elastic.co/guide/en/elasticsearch/reference/7.16/security-minimal-setup.html to enable security."],[299 Elasticsearch-7.16.1-5b38441b16b1ebb16a27c107a4c3865776e20c53 "[ignore_throttled] parameter is deprecated because frozen indices have been deprecated. Consider cold or frozen tiers in place of frozen indices."]
2023-08-04 12:58:20,476 INFO  [com.dot.ContainerResource] (docker-java-stream-1865446083) STDOUT: 12:58:20.476  WARN  client.RestClient - request [POST http://elasticsearch:9200/cluster_c40f8aa8c9.live_20230804125756/_search?typed_keys=true&max_concurrent_shard_requests=5&ignore_unavailable=false&expand_wildcards=open&allow_no_indices=true&ignore_throttled=true&search_type=query_then_fetch&batched_reduce_size=512&ccs_minimize_roundtrips=true] returned 2 warnings: [299 Elasticsearch-7.16.1-5b38441b16b1ebb16a27c107a4c3865776e20c53 "Elasticsearch built-in security features are not enabled. Without authentication, your cluster could be accessible to anyone. See https://www.elastic.co/guide/en/elasticsearch/reference/7.16/security-minimal-setup.html to enable security."],[299 Elasticsearch-7.16.1-5b38441b16b1ebb16a27c107a4c3865776e20c53 "[ignore_throttled] parameter is deprecated because frozen indices have been deprecated. Consider cold or frozen tiers in place of frozen indices."]
2023-08-04 12:58:20,480 INFO  [com.dot.ContainerResource] (docker-java-stream-1865446083) STDOUT: 12:58:20.479  WARN  client.RestClient - request [POST http://elasticsearch:9200/cluster_c40f8aa8c9.live_20230804125756/_search?typed_keys=true&max_concurrent_shard_requests=5&ignore_unavailable=false&expand_wildcards=open&allow_no_indices=true&ignore_throttled=true&search_type=query_then_fetch&batched_reduce_size=512&ccs_minimize_roundtrips=true] returned 2 warnings: [299 Elasticsearch-7.16.1-5b38441b16b1ebb16a27c107a4c3865776e20c53 "Elasticsearch built-in security features are not enabled. Without authentication, your cluster could be accessible to anyone. See https://www.elastic.co/guide/en/elasticsearch/reference/7.16/security-minimal-setup.html to enable security."],[299 Elasticsearch-7.16.1-5b38441b16b1ebb16a27c107a4c3865776e20c53 "[ignore_throttled] parameter is deprecated because frozen indices have been deprecated. Consider cold or frozen tiers in place of frozen indices."]
2023-08-04 12:58:20,486 INFO  [com.dot.ContainerResource] (docker-java-stream-1865446083) STDOUT: 12:58:20.486  WARN  client.RestClient - request [POST http://elasticsearch:9200/cluster_c40f8aa8c9.live_20230804125756/_search?typed_keys=true&max_concurrent_shard_requests=5&ignore_unavailable=false&expand_wildcards=open&allow_no_indices=true&ignore_throttled=true&search_type=query_then_fetch&batched_reduce_size=512&ccs_minimize_roundtrips=true] returned 2 warnings: [299 Elasticsearch-7.16.1-5b38441b16b1ebb16a27c107a4c3865776e20c53 "Elasticsearch built-in security features are not enabled. Without authentication, your cluster could be accessible to anyone. See https://www.elastic.co/guide/en/elasticsearch/reference/7.16/security-minimal-setup.html to enable security."],[299 Elasticsearch-7.16.1-5b38441b16b1ebb16a27c107a4c3865776e20c53 "[ignore_throttled] parameter is deprecated because frozen indices have been deprecated. Consider cold or frozen tiers in place of frozen indices."]
2023-08-04 12:58:20,489 INFO  [com.dot.ContainerResource] (docker-java-stream-1865446083) STDOUT: 12:58:20.489  WARN  client.RestClient - request [POST http://elasticsearch:9200/cluster_c40f8aa8c9.live_20230804125756/_search?typed_keys=true&max_concurrent_shard_requests=5&ignore_unavailable=false&expand_wildcards=open&allow_no_indices=true&ignore_throttled=true&search_type=query_then_fetch&batched_reduce_size=512&ccs_minimize_roundtrips=true] returned 2 warnings: [299 Elasticsearch-7.16.1-5b38441b16b1ebb16a27c107a4c3865776e20c53 "Elasticsearch built-in security features are not enabled. Without authentication, your cluster could be accessible to anyone. See https://www.elastic.co/guide/en/elasticsearch/reference/7.16/security-minimal-setup.html to enable security."],[299 Elasticsearch-7.16.1-5b38441b16b1ebb16a27c107a4c3865776e20c53 "[ignore_throttled] parameter is deprecated because frozen indices have been deprecated. Consider cold or frozen tiers in place of frozen indices."]
2023-08-04 12:58:20,496 INFO  [com.dot.ContainerResource] (docker-java-stream-1865446083) STDOUT: 12:58:20.496  WARN  client.RestClient - request [POST http://elasticsearch:9200/cluster_c40f8aa8c9.live_20230804125756/_search?typed_keys=true&max_concurrent_shard_requests=5&ignore_unavailable=false&expand_wildcards=open&allow_no_indices=true&ignore_throttled=true&search_type=query_then_fetch&batched_reduce_size=512&ccs_minimize_roundtrips=true] returned 2 warnings: [299 Elasticsearch-7.16.1-5b38441b16b1ebb16a27c107a4c3865776e20c53 "Elasticsearch built-in security features are not enabled. Without authentication, your cluster could be accessible to anyone. See https://www.elastic.co/guide/en/elasticsearch/reference/7.16/security-minimal-setup.html to enable security."],[299 Elasticsearch-7.16.1-5b38441b16b1ebb16a27c107a4c3865776e20c53 "[ignore_throttled] parameter is deprecated because frozen indices have been deprecated. Consider cold or frozen tiers in place of frozen indices."]
2023-08-04 12:58:20,499 INFO  [com.dot.ContainerResource] (docker-java-stream-1865446083) STDOUT: 12:58:20.499  WARN  client.RestClient - request [POST http://elasticsearch:9200/cluster_c40f8aa8c9.live_20230804125756/_search?typed_keys=true&max_concurrent_shard_requests=5&ignore_unavailable=false&expand_wildcards=open&allow_no_indices=true&ignore_throttled=true&search_type=query_then_fetch&batched_reduce_size=512&ccs_minimize_roundtrips=true] returned 2 warnings: [299 Elasticsearch-7.16.1-5b38441b16b1ebb16a27c107a4c3865776e20c53 "Elasticsearch built-in security features are not enabled. Without authentication, your cluster could be accessible to anyone. See https://www.elastic.co/guide/en/elasticsearch/reference/7.16/security-minimal-setup.html to enable security."],[299 Elasticsearch-7.16.1-5b38441b16b1ebb16a27c107a4c3865776e20c53 "[ignore_throttled] parameter is deprecated because frozen indices have been deprecated. Consider cold or frozen tiers in place of frozen indices."]
2023-08-04 12:58:20,504 INFO  [com.dot.ContainerResource] (docker-java-stream-1865446083) STDOUT: 12:58:20.504  WARN  client.RestClient - request [POST http://elasticsearch:9200/cluster_c40f8aa8c9.live_20230804125756/_search?typed_keys=true&max_concurrent_shard_requests=5&ignore_unavailable=false&expand_wildcards=open&allow_no_indices=true&ignore_throttled=true&search_type=query_then_fetch&batched_reduce_size=512&ccs_minimize_roundtrips=true] returned 2 warnings: [299 Elasticsearch-7.16.1-5b38441b16b1ebb16a27c107a4c3865776e20c53 "Elasticsearch built-in security features are not enabled. Without authentication, your cluster could be accessible to anyone. See https://www.elastic.co/guide/en/elasticsearch/reference/7.16/security-minimal-setup.html to enable security."],[299 Elasticsearch-7.16.1-5b38441b16b1ebb16a27c107a4c3865776e20c53 "[ignore_throttled] parameter is deprecated because frozen indices have been deprecated. Consider cold or frozen tiers in place of frozen indices."]
2023-08-04 12:58:20,516 INFO  [com.dot.ContainerResource] (docker-java-stream-1865446083) STDOUT: 12:58:20.512  WARN  client.RestClient - request [POST http://elasticsearch:9200/cluster_c40f8aa8c9.live_20230804125756/_search?typed_keys=true&max_concurrent_shard_requests=5&ignore_unavailable=false&expand_wildcards=open&allow_no_indices=true&ignore_throttled=true&search_type=query_then_fetch&batched_reduce_size=512&ccs_minimize_roundtrips=true] returned 2 warnings: [299 Elasticsearch-7.16.1-5b38441b16b1ebb16a27c107a4c3865776e20c53 "Elasticsearch built-in security features are not enabled. Without authentication, your cluster could be accessible to anyone. See https://www.elastic.co/guide/en/elasticsearch/reference/7.16/security-minimal-setup.html to enable security."],[299 Elasticsearch-7.16.1-5b38441b16b1ebb16a27c107a4c3865776e20c53 "[ignore_throttled] parameter is deprecated because frozen indices have been deprecated. Consider cold or frozen tiers in place of frozen indices."]
2023-08-04 12:58:20,517 INFO  [com.dot.ContainerResource] (docker-java-stream-1865446083) STDOUT: 12:58:20.515  WARN  client.RestClient - request [POST http://elasticsearch:9200/cluster_c40f8aa8c9.live_20230804125756/_search?typed_keys=true&max_concurrent_shard_requests=5&ignore_unavailable=false&expand_wildcards=open&allow_no_indices=true&ignore_throttled=true&search_type=query_then_fetch&batched_reduce_size=512&ccs_minimize_roundtrips=true] returned 2 warnings: [299 Elasticsearch-7.16.1-5b38441b16b1ebb16a27c107a4c3865776e20c53 "Elasticsearch built-in security features are not enabled. Without authentication, your cluster could be accessible to anyone. See https://www.elastic.co/guide/en/elasticsearch/reference/7.16/security-minimal-setup.html to enable security."],[299 Elasticsearch-7.16.1-5b38441b16b1ebb16a27c107a4c3865776e20c53 "[ignore_throttled] parameter is deprecated because frozen indices have been deprecated. Consider cold or frozen tiers in place of frozen indices."]
2023-08-04 12:58:20,519 INFO  [com.dot.ContainerResource] (docker-java-stream-1865446083) STDOUT: 12:58:20.519  WARN  client.RestClient - request [POST http://elasticsearch:9200/cluster_c40f8aa8c9.live_20230804125756/_search?typed_keys=true&max_concurrent_shard_requests=5&ignore_unavailable=false&expand_wildcards=open&allow_no_indices=true&ignore_throttled=true&search_type=query_then_fetch&batched_reduce_size=512&ccs_minimize_roundtrips=true] returned 2 warnings: [299 Elasticsearch-7.16.1-5b38441b16b1ebb16a27c107a4c3865776e20c53 "Elasticsearch built-in security features are not enabled. Without authentication, your cluster could be accessible to anyone. See https://www.elastic.co/guide/en/elasticsearch/reference/7.16/security-minimal-setup.html to enable security."],[299 Elasticsearch-7.16.1-5b38441b16b1ebb16a27c107a4c3865776e20c53 "[ignore_throttled] parameter is deprecated because frozen indices have been deprecated. Consider cold or frozen tiers in place of frozen indices."]
2023-08-04 12:58:20,523 INFO  [com.dot.ContainerResource] (docker-java-stream-1865446083) STDOUT: 12:58:20.522  WARN  client.RestClient - request [POST http://elasticsearch:9200/cluster_c40f8aa8c9.live_20230804125756/_search?typed_keys=true&max_concurrent_shard_requests=5&ignore_unavailable=false&expand_wildcards=open&allow_no_indices=true&ignore_throttled=true&search_type=query_then_fetch&batched_reduce_size=512&ccs_minimize_roundtrips=true] returned 2 warnings: [299 Elasticsearch-7.16.1-5b38441b16b1ebb16a27c107a4c3865776e20c53 "Elasticsearch built-in security features are not enabled. Without authentication, your cluster could be accessible to anyone. See https://www.elastic.co/guide/en/elasticsearch/reference/7.16/security-minimal-setup.html to enable security."],[299 Elasticsearch-7.16.1-5b38441b16b1ebb16a27c107a4c3865776e20c53 "[ignore_throttled] parameter is deprecated because frozen indices have been deprecated. Consider cold or frozen tiers in place of frozen indices."]
2023-08-04 12:58:20,528 INFO  [com.dot.ContainerResource] (docker-java-stream-1865446083) STDOUT: 12:58:20.525  WARN  client.RestClient - request [POST http://elasticsearch:9200/cluster_c40f8aa8c9.live_20230804125756/_search?typed_keys=true&max_concurrent_shard_requests=5&ignore_unavailable=false&expand_wildcards=open&allow_no_indices=true&ignore_throttled=true&search_type=query_then_fetch&batched_reduce_size=512&ccs_minimize_roundtrips=true] returned 2 warnings: [299 Elasticsearch-7.16.1-5b38441b16b1ebb16a27c107a4c3865776e20c53 "Elasticsearch built-in security features are not enabled. Without authentication, your cluster could be accessible to anyone. See https://www.elastic.co/guide/en/elasticsearch/reference/7.16/security-minimal-setup.html to enable security."],[299 Elasticsearch-7.16.1-5b38441b16b1ebb16a27c107a4c3865776e20c53 "[ignore_throttled] parameter is deprecated because frozen indices have been deprecated. Consider cold or frozen tiers in place of frozen indices."]
2023-08-04 12:58:20,529 INFO  [com.dot.ContainerResource] (docker-java-stream-1865446083) STDOUT: 12:58:20.529  WARN  client.RestClient - request [POST http://elasticsearch:9200/cluster_c40f8aa8c9.live_20230804125756/_search?typed_keys=true&max_concurrent_shard_requests=5&ignore_unavailable=false&expand_wildcards=open&allow_no_indices=true&ignore_throttled=true&search_type=query_then_fetch&batched_reduce_size=512&ccs_minimize_roundtrips=true] returned 2 warnings: [299 Elasticsearch-7.16.1-5b38441b16b1ebb16a27c107a4c3865776e20c53 "Elasticsearch built-in security features are not enabled. Without authentication, your cluster could be accessible to anyone. See https://www.elastic.co/guide/en/elasticsearch/reference/7.16/security-minimal-setup.html to enable security."],[299 Elasticsearch-7.16.1-5b38441b16b1ebb16a27c107a4c3865776e20c53 "[ignore_throttled] parameter is deprecated because frozen indices have been deprecated. Consider cold or frozen tiers in place of frozen indices."]
2023-08-04 12:58:20,536 INFO  [com.dot.ContainerResource] (docker-java-stream-1865446083) STDOUT: 12:58:20.535  WARN  client.RestClient - request [POST http://elasticsearch:9200/cluster_c40f8aa8c9.live_20230804125756/_search?typed_keys=true&max_concurrent_shard_requests=5&ignore_unavailable=false&expand_wildcards=open&allow_no_indices=true&ignore_throttled=true&search_type=query_then_fetch&batched_reduce_size=512&ccs_minimize_roundtrips=true] returned 2 warnings: [299 Elasticsearch-7.16.1-5b38441b16b1ebb16a27c107a4c3865776e20c53 "Elasticsearch built-in security features are not enabled. Without authentication, your cluster could be accessible to anyone. See https://www.elastic.co/guide/en/elasticsearch/reference/7.16/security-minimal-setup.html to enable security."],[299 Elasticsearch-7.16.1-5b38441b16b1ebb16a27c107a4c3865776e20c53 "[ignore_throttled] parameter is deprecated because frozen indices have been deprecated. Consider cold or frozen tiers in place of frozen indices."]
2023-08-04 12:58:20,553 INFO  [com.dot.ContainerResource] (docker-java-stream-1865446083) STDOUT: 12:58:20.545  WARN  client.RestClient - request [POST http://elasticsearch:9200/cluster_c40f8aa8c9.live_20230804125756/_search?typed_keys=true&max_concurrent_shard_requests=5&ignore_unavailable=false&expand_wildcards=open&allow_no_indices=true&ignore_throttled=true&search_type=query_then_fetch&batched_reduce_size=512&ccs_minimize_roundtrips=true] returned 2 warnings: [299 Elasticsearch-7.16.1-5b38441b16b1ebb16a27c107a4c3865776e20c53 "Elasticsearch built-in security features are not enabled. Without authentication, your cluster could be accessible to anyone. See https://www.elastic.co/guide/en/elasticsearch/reference/7.16/security-minimal-setup.html to enable security."],[299 Elasticsearch-7.16.1-5b38441b16b1ebb16a27c107a4c3865776e20c53 "[ignore_throttled] parameter is deprecated because frozen indices have been deprecated. Consider cold or frozen tiers in place of frozen indices."]
2023-08-04 12:58:20,553 INFO  [com.dot.ContainerResource] (docker-java-stream-1865446083) STDOUT: 12:58:20.549  WARN  client.RestClient - request [POST http://elasticsearch:9200/cluster_c40f8aa8c9.live_20230804125756/_search?typed_keys=true&max_concurrent_shard_requests=5&ignore_unavailable=false&expand_wildcards=open&allow_no_indices=true&ignore_throttled=true&search_type=query_then_fetch&batched_reduce_size=512&ccs_minimize_roundtrips=true] returned 2 warnings: [299 Elasticsearch-7.16.1-5b38441b16b1ebb16a27c107a4c3865776e20c53 "Elasticsearch built-in security features are not enabled. Without authentication, your cluster could be accessible to anyone. See https://www.elastic.co/guide/en/elasticsearch/reference/7.16/security-minimal-setup.html to enable security."],[299 Elasticsearch-7.16.1-5b38441b16b1ebb16a27c107a4c3865776e20c53 "[ignore_throttled] parameter is deprecated because frozen indices have been deprecated. Consider cold or frozen tiers in place of frozen indices."]
2023-08-04 12:58:20,563 INFO  [com.dot.ContainerResource] (docker-java-stream-1865446083) STDOUT: 12:58:20.558  WARN  client.RestClient - request [POST http://elasticsearch:9200/cluster_c40f8aa8c9.live_20230804125756/_search?typed_keys=true&max_concurrent_shard_requests=5&ignore_unavailable=false&expand_wildcards=open&allow_no_indices=true&ignore_throttled=true&search_type=query_then_fetch&batched_reduce_size=512&ccs_minimize_roundtrips=true] returned 2 warnings: [299 Elasticsearch-7.16.1-5b38441b16b1ebb16a27c107a4c3865776e20c53 "Elasticsearch built-in security features are not enabled. Without authentication, your cluster could be accessible to anyone. See https://www.elastic.co/guide/en/elasticsearch/reference/7.16/security-minimal-setup.html to enable security."],[299 Elasticsearch-7.16.1-5b38441b16b1ebb16a27c107a4c3865776e20c53 "[ignore_throttled] parameter is deprecated because frozen indices have been deprecated. Consider cold or frozen tiers in place of frozen indices."]
2023-08-04 12:58:20,564 INFO  [com.dot.ContainerResource] (docker-java-stream-1865446083) STDOUT: 12:58:20.561  WARN  client.RestClient - request [POST http://elasticsearch:9200/cluster_c40f8aa8c9.live_20230804125756/_search?typed_keys=true&max_concurrent_shard_requests=5&ignore_unavailable=false&expand_wildcards=open&allow_no_indices=true&ignore_throttled=true&search_type=query_then_fetch&batched_reduce_size=512&ccs_minimize_roundtrips=true] returned 2 warnings: [299 Elasticsearch-7.16.1-5b38441b16b1ebb16a27c107a4c3865776e20c53 "Elasticsearch built-in security features are not enabled. Without authentication, your cluster could be accessible to anyone. See https://www.elastic.co/guide/en/elasticsearch/reference/7.16/security-minimal-setup.html to enable security."],[299 Elasticsearch-7.16.1-5b38441b16b1ebb16a27c107a4c3865776e20c53 "[ignore_throttled] parameter is deprecated because frozen indices have been deprecated. Consider cold or frozen tiers in place of frozen indices."]
2023-08-04 12:58:20,564 INFO  [com.dot.ContainerResource] (docker-java-stream-1865446083) STDOUT: 12:58:20.564  WARN  client.RestClient - request [POST http://elasticsearch:9200/cluster_c40f8aa8c9.live_20230804125756/_search?typed_keys=true&max_concurrent_shard_requests=5&ignore_unavailable=false&expand_wildcards=open&allow_no_indices=true&ignore_throttled=true&search_type=query_then_fetch&batched_reduce_size=512&ccs_minimize_roundtrips=true] returned 2 warnings: [299 Elasticsearch-7.16.1-5b38441b16b1ebb16a27c107a4c3865776e20c53 "Elasticsearch built-in security features are not enabled. Without authentication, your cluster could be accessible to anyone. See https://www.elastic.co/guide/en/elasticsearch/reference/7.16/security-minimal-setup.html to enable security."],[299 Elasticsearch-7.16.1-5b38441b16b1ebb16a27c107a4c3865776e20c53 "[ignore_throttled] parameter is deprecated because frozen indices have been deprecated. Consider cold or frozen tiers in place of frozen indices."]
2023-08-04 12:58:20,575 INFO  [com.dot.ContainerResource] (docker-java-stream-1865446083) STDOUT: 12:58:20.575  WARN  client.RestClient - request [POST http://elasticsearch:9200/cluster_c40f8aa8c9.live_20230804125756/_search?typed_keys=true&max_concurrent_shard_requests=5&ignore_unavailable=false&expand_wildcards=open&allow_no_indices=true&ignore_throttled=true&search_type=query_then_fetch&batched_reduce_size=512&ccs_minimize_roundtrips=true] returned 2 warnings: [299 Elasticsearch-7.16.1-5b38441b16b1ebb16a27c107a4c3865776e20c53 "Elasticsearch built-in security features are not enabled. Without authentication, your cluster could be accessible to anyone. See https://www.elastic.co/guide/en/elasticsearch/reference/7.16/security-minimal-setup.html to enable security."],[299 Elasticsearch-7.16.1-5b38441b16b1ebb16a27c107a4c3865776e20c53 "[ignore_throttled] parameter is deprecated because frozen indices have been deprecated. Consider cold or frozen tiers in place of frozen indices."]
2023-08-04 12:58:20,579 INFO  [com.dot.ContainerResource] (docker-java-stream-1865446083) STDOUT: 12:58:20.578  WARN  client.RestClient - request [POST http://elasticsearch:9200/cluster_c40f8aa8c9.live_20230804125756/_search?typed_keys=true&max_concurrent_shard_requests=5&ignore_unavailable=false&expand_wildcards=open&allow_no_indices=true&ignore_throttled=true&search_type=query_then_fetch&batched_reduce_size=512&ccs_minimize_roundtrips=true] returned 2 warnings: [299 Elasticsearch-7.16.1-5b38441b16b1ebb16a27c107a4c3865776e20c53 "Elasticsearch built-in security features are not enabled. Without authentication, your cluster could be accessible to anyone. See https://www.elastic.co/guide/en/elasticsearch/reference/7.16/security-minimal-setup.html to enable security."],[299 Elasticsearch-7.16.1-5b38441b16b1ebb16a27c107a4c3865776e20c53 "[ignore_throttled] parameter is deprecated because frozen indices have been deprecated. Consider cold or frozen tiers in place of frozen indices."]
2023-08-04 12:58:20,584 INFO  [com.dot.ContainerResource] (docker-java-stream-1865446083) STDOUT: 12:58:20.584  WARN  client.RestClient - request [POST http://elasticsearch:9200/cluster_c40f8aa8c9.live_20230804125756/_search?typed_keys=true&max_concurrent_shard_requests=5&ignore_unavailable=false&expand_wildcards=open&allow_no_indices=true&ignore_throttled=true&search_type=query_then_fetch&batched_reduce_size=512&ccs_minimize_roundtrips=true] returned 2 warnings: [299 Elasticsearch-7.16.1-5b38441b16b1ebb16a27c107a4c3865776e20c53 "Elasticsearch built-in security features are not enabled. Without authentication, your cluster could be accessible to anyone. See https://www.elastic.co/guide/en/elasticsearch/reference/7.16/security-minimal-setup.html to enable security."],[299 Elasticsearch-7.16.1-5b38441b16b1ebb16a27c107a4c3865776e20c53 "[ignore_throttled] parameter is deprecated because frozen indices have been deprecated. Consider cold or frozen tiers in place of frozen indices."]
2023-08-04 12:58:20,588 INFO  [com.dot.ContainerResource] (docker-java-stream-1865446083) STDOUT: 12:58:20.588  WARN  client.RestClient - request [POST http://elasticsearch:9200/cluster_c40f8aa8c9.live_20230804125756/_search?typed_keys=true&max_concurrent_shard_requests=5&ignore_unavailable=false&expand_wildcards=open&allow_no_indices=true&ignore_throttled=true&search_type=query_then_fetch&batched_reduce_size=512&ccs_minimize_roundtrips=true] returned 2 warnings: [299 Elasticsearch-7.16.1-5b38441b16b1ebb16a27c107a4c3865776e20c53 "Elasticsearch built-in security features are not enabled. Without authentication, your cluster could be accessible to anyone. See https://www.elastic.co/guide/en/elasticsearch/reference/7.16/security-minimal-setup.html to enable security."],[299 Elasticsearch-7.16.1-5b38441b16b1ebb16a27c107a4c3865776e20c53 "[ignore_throttled] parameter is deprecated because frozen indices have been deprecated. Consider cold or frozen tiers in place of frozen indices."]
2023-08-04 12:58:20,594 INFO  [com.dot.ContainerResource] (docker-java-stream-1865446083) STDOUT: 12:58:20.594  WARN  client.RestClient - request [POST http://elasticsearch:9200/cluster_c40f8aa8c9.live_20230804125756/_search?typed_keys=true&max_concurrent_shard_requests=5&ignore_unavailable=false&expand_wildcards=open&allow_no_indices=true&ignore_throttled=true&search_type=query_then_fetch&batched_reduce_size=512&ccs_minimize_roundtrips=true] returned 2 warnings: [299 Elasticsearch-7.16.1-5b38441b16b1ebb16a27c107a4c3865776e20c53 "Elasticsearch built-in security features are not enabled. Without authentication, your cluster could be accessible to anyone. See https://www.elastic.co/guide/en/elasticsearch/reference/7.16/security-minimal-setup.html to enable security."],[299 Elasticsearch-7.16.1-5b38441b16b1ebb16a27c107a4c3865776e20c53 "[ignore_throttled] parameter is deprecated because frozen indices have been deprecated. Consider cold or frozen tiers in place of frozen indices."]
2023-08-04 12:58:20,597 INFO  [com.dot.ContainerResource] (docker-java-stream-1865446083) STDOUT: 12:58:20.597  WARN  client.RestClient - request [POST http://elasticsearch:9200/cluster_c40f8aa8c9.live_20230804125756/_search?typed_keys=true&max_concurrent_shard_requests=5&ignore_unavailable=false&expand_wildcards=open&allow_no_indices=true&ignore_throttled=true&search_type=query_then_fetch&batched_reduce_size=512&ccs_minimize_roundtrips=true] returned 2 warnings: [299 Elasticsearch-7.16.1-5b38441b16b1ebb16a27c107a4c3865776e20c53 "Elasticsearch built-in security features are not enabled. Without authentication, your cluster could be accessible to anyone. See https://www.elastic.co/guide/en/elasticsearch/reference/7.16/security-minimal-setup.html to enable security."],[299 Elasticsearch-7.16.1-5b38441b16b1ebb16a27c107a4c3865776e20c53 "[ignore_throttled] parameter is deprecated because frozen indices have been deprecated. Consider cold or frozen tiers in place of frozen indices."]
2023-08-04 12:58:20,601 INFO  [com.dot.ContainerResource] (docker-java-stream-1865446083) STDOUT: 12:58:20.600  WARN  client.RestClient - request [POST http://elasticsearch:9200/cluster_c40f8aa8c9.live_20230804125756/_search?typed_keys=true&max_concurrent_shard_requests=5&ignore_unavailable=false&expand_wildcards=open&allow_no_indices=true&ignore_throttled=true&search_type=query_then_fetch&batched_reduce_size=512&ccs_minimize_roundtrips=true] returned 2 warnings: [299 Elasticsearch-7.16.1-5b38441b16b1ebb16a27c107a4c3865776e20c53 "Elasticsearch built-in security features are not enabled. Without authentication, your cluster could be accessible to anyone. See https://www.elastic.co/guide/en/elasticsearch/reference/7.16/security-minimal-setup.html to enable security."],[299 Elasticsearch-7.16.1-5b38441b16b1ebb16a27c107a4c3865776e20c53 "[ignore_throttled] parameter is deprecated because frozen indices have been deprecated. Consider cold or frozen tiers in place of frozen indices."]
2023-08-04 12:58:20,604 INFO  [com.dot.ContainerResource] (docker-java-stream-1865446083) STDOUT: 12:58:20.603  WARN  client.RestClient - request [POST http://elasticsearch:9200/cluster_c40f8aa8c9.live_20230804125756/_search?typed_keys=true&max_concurrent_shard_requests=5&ignore_unavailable=false&expand_wildcards=open&allow_no_indices=true&ignore_throttled=true&search_type=query_then_fetch&batched_reduce_size=512&ccs_minimize_roundtrips=true] returned 2 warnings: [299 Elasticsearch-7.16.1-5b38441b16b1ebb16a27c107a4c3865776e20c53 "Elasticsearch built-in security features are not enabled. Without authentication, your cluster could be accessible to anyone. See https://www.elastic.co/guide/en/elasticsearch/reference/7.16/security-minimal-setup.html to enable security."],[299 Elasticsearch-7.16.1-5b38441b16b1ebb16a27c107a4c3865776e20c53 "[ignore_throttled] parameter is deprecated because frozen indices have been deprecated. Consider cold or frozen tiers in place of frozen indices."]
2023-08-04 12:58:20,607 INFO  [com.dot.ContainerResource] (docker-java-stream-1865446083) STDOUT: 12:58:20.606  WARN  client.RestClient - request [POST http://elasticsearch:9200/cluster_c40f8aa8c9.live_20230804125756/_search?typed_keys=true&max_concurrent_shard_requests=5&ignore_unavailable=false&expand_wildcards=open&allow_no_indices=true&ignore_throttled=true&search_type=query_then_fetch&batched_reduce_size=512&ccs_minimize_roundtrips=true] returned 2 warnings: [299 Elasticsearch-7.16.1-5b38441b16b1ebb16a27c107a4c3865776e20c53 "Elasticsearch built-in security features are not enabled. Without authentication, your cluster could be accessible to anyone. See https://www.elastic.co/guide/en/elasticsearch/reference/7.16/security-minimal-setup.html to enable security."],[299 Elasticsearch-7.16.1-5b38441b16b1ebb16a27c107a4c3865776e20c53 "[ignore_throttled] parameter is deprecated because frozen indices have been deprecated. Consider cold or frozen tiers in place of frozen indices."]
2023-08-04 12:58:20,610 INFO  [com.dot.ContainerResource] (docker-java-stream-1865446083) STDOUT: 12:58:20.609  WARN  client.RestClient - request [POST http://elasticsearch:9200/cluster_c40f8aa8c9.live_20230804125756/_search?typed_keys=true&max_concurrent_shard_requests=5&ignore_unavailable=false&expand_wildcards=open&allow_no_indices=true&ignore_throttled=true&search_type=query_then_fetch&batched_reduce_size=512&ccs_minimize_roundtrips=true] returned 2 warnings: [299 Elasticsearch-7.16.1-5b38441b16b1ebb16a27c107a4c3865776e20c53 "Elasticsearch built-in security features are not enabled. Without authentication, your cluster could be accessible to anyone. See https://www.elastic.co/guide/en/elasticsearch/reference/7.16/security-minimal-setup.html to enable security."],[299 Elasticsearch-7.16.1-5b38441b16b1ebb16a27c107a4c3865776e20c53 "[ignore_throttled] parameter is deprecated because frozen indices have been deprecated. Consider cold or frozen tiers in place of frozen indices."]
2023-08-04 12:58:20,613 INFO  [com.dot.ContainerResource] (docker-java-stream-1865446083) STDOUT: 12:58:20.612  WARN  client.RestClient - request [POST http://elasticsearch:9200/cluster_c40f8aa8c9.live_20230804125756/_search?typed_keys=true&max_concurrent_shard_requests=5&ignore_unavailable=false&expand_wildcards=open&allow_no_indices=true&ignore_throttled=true&search_type=query_then_fetch&batched_reduce_size=512&ccs_minimize_roundtrips=true] returned 2 warnings: [299 Elasticsearch-7.16.1-5b38441b16b1ebb16a27c107a4c3865776e20c53 "Elasticsearch built-in security features are not enabled. Without authentication, your cluster could be accessible to anyone. See https://www.elastic.co/guide/en/elasticsearch/reference/7.16/security-minimal-setup.html to enable security."],[299 Elasticsearch-7.16.1-5b38441b16b1ebb16a27c107a4c3865776e20c53 "[ignore_throttled] parameter is deprecated because frozen indices have been deprecated. Consider cold or frozen tiers in place of frozen indices."]
2023-08-04 12:58:20,616 INFO  [com.dot.ContainerResource] (docker-java-stream-1865446083) STDOUT: 12:58:20.615  WARN  client.RestClient - request [POST http://elasticsearch:9200/cluster_c40f8aa8c9.live_20230804125756/_search?typed_keys=true&max_concurrent_shard_requests=5&ignore_unavailable=false&expand_wildcards=open&allow_no_indices=true&ignore_throttled=true&search_type=query_then_fetch&batched_reduce_size=512&ccs_minimize_roundtrips=true] returned 2 warnings: [299 Elasticsearch-7.16.1-5b38441b16b1ebb16a27c107a4c3865776e20c53 "Elasticsearch built-in security features are not enabled. Without authentication, your cluster could be accessible to anyone. See https://www.elastic.co/guide/en/elasticsearch/reference/7.16/security-minimal-setup.html to enable security."],[299 Elasticsearch-7.16.1-5b38441b16b1ebb16a27c107a4c3865776e20c53 "[ignore_throttled] parameter is deprecated because frozen indices have been deprecated. Consider cold or frozen tiers in place of frozen indices."]
2023-08-04 12:58:20,624 INFO  [com.dot.ContainerResource] (docker-java-stream-1865446083) STDOUT: 12:58:20.618  WARN  client.RestClient - request [POST http://elasticsearch:9200/cluster_c40f8aa8c9.live_20230804125756/_search?typed_keys=true&max_concurrent_shard_requests=5&ignore_unavailable=false&expand_wildcards=open&allow_no_indices=true&ignore_throttled=true&search_type=query_then_fetch&batched_reduce_size=512&ccs_minimize_roundtrips=true] returned 2 warnings: [299 Elasticsearch-7.16.1-5b38441b16b1ebb16a27c107a4c3865776e20c53 "Elasticsearch built-in security features are not enabled. Without authentication, your cluster could be accessible to anyone. See https://www.elastic.co/guide/en/elasticsearch/reference/7.16/security-minimal-setup.html to enable security."],[299 Elasticsearch-7.16.1-5b38441b16b1ebb16a27c107a4c3865776e20c53 "[ignore_throttled] parameter is deprecated because frozen indices have been deprecated. Consider cold or frozen tiers in place of frozen indices."]
2023-08-04 12:58:20,625 INFO  [com.dot.ContainerResource] (docker-java-stream-1865446083) STDOUT: 12:58:20.622  WARN  client.RestClient - request [POST http://elasticsearch:9200/cluster_c40f8aa8c9.live_20230804125756/_search?typed_keys=true&max_concurrent_shard_requests=5&ignore_unavailable=false&expand_wildcards=open&allow_no_indices=true&ignore_throttled=true&search_type=query_then_fetch&batched_reduce_size=512&ccs_minimize_roundtrips=true] returned 2 warnings: [299 Elasticsearch-7.16.1-5b38441b16b1ebb16a27c107a4c3865776e20c53 "Elasticsearch built-in security features are not enabled. Without authentication, your cluster could be accessible to anyone. See https://www.elastic.co/guide/en/elasticsearch/reference/7.16/security-minimal-setup.html to enable security."],[299 Elasticsearch-7.16.1-5b38441b16b1ebb16a27c107a4c3865776e20c53 "[ignore_throttled] parameter is deprecated because frozen indices have been deprecated. Consider cold or frozen tiers in place of frozen indices."]
2023-08-04 12:58:20,629 INFO  [com.dot.ContainerResource] (docker-java-stream-1865446083) STDOUT: 12:58:20.627  WARN  client.RestClient - request [POST http://elasticsearch:9200/cluster_c40f8aa8c9.live_20230804125756/_search?typed_keys=true&max_concurrent_shard_requests=5&ignore_unavailable=false&expand_wildcards=open&allow_no_indices=true&ignore_throttled=true&search_type=query_then_fetch&batched_reduce_size=512&ccs_minimize_roundtrips=true] returned 2 warnings: [299 Elasticsearch-7.16.1-5b38441b16b1ebb16a27c107a4c3865776e20c53 "Elasticsearch built-in security features are not enabled. Without authentication, your cluster could be accessible to anyone. See https://www.elastic.co/guide/en/elasticsearch/reference/7.16/security-minimal-setup.html to enable security."],[299 Elasticsearch-7.16.1-5b38441b16b1ebb16a27c107a4c3865776e20c53 "[ignore_throttled] parameter is deprecated because frozen indices have been deprecated. Consider cold or frozen tiers in place of frozen indices."]
2023-08-04 12:58:20,632 INFO  [com.dot.ContainerResource] (docker-java-stream-1865446083) STDOUT: 12:58:20.630  WARN  client.RestClient - request [POST http://elasticsearch:9200/cluster_c40f8aa8c9.live_20230804125756/_search?typed_keys=true&max_concurrent_shard_requests=5&ignore_unavailable=false&expand_wildcards=open&allow_no_indices=true&ignore_throttled=true&search_type=query_then_fetch&batched_reduce_size=512&ccs_minimize_roundtrips=true] returned 2 warnings: [299 Elasticsearch-7.16.1-5b38441b16b1ebb16a27c107a4c3865776e20c53 "Elasticsearch built-in security features are not enabled. Without authentication, your cluster could be accessible to anyone. See https://www.elastic.co/guide/en/elasticsearch/reference/7.16/security-minimal-setup.html to enable security."],[299 Elasticsearch-7.16.1-5b38441b16b1ebb16a27c107a4c3865776e20c53 "[ignore_throttled] parameter is deprecated because frozen indices have been deprecated. Consider cold or frozen tiers in place of frozen indices."]
2023-08-04 12:58:20,635 INFO  [com.dot.ContainerResource] (docker-java-stream-1865446083) STDOUT: 12:58:20.633  WARN  client.RestClient - request [POST http://elasticsearch:9200/cluster_c40f8aa8c9.live_20230804125756/_search?typed_keys=true&max_concurrent_shard_requests=5&ignore_unavailable=false&expand_wildcards=open&allow_no_indices=true&ignore_throttled=true&search_type=query_then_fetch&batched_reduce_size=512&ccs_minimize_roundtrips=true] returned 2 warnings: [299 Elasticsearch-7.16.1-5b38441b16b1ebb16a27c107a4c3865776e20c53 "Elasticsearch built-in security features are not enabled. Without authentication, your cluster could be accessible to anyone. See https://www.elastic.co/guide/en/elasticsearch/reference/7.16/security-minimal-setup.html to enable security."],[299 Elasticsearch-7.16.1-5b38441b16b1ebb16a27c107a4c3865776e20c53 "[ignore_throttled] parameter is deprecated because frozen indices have been deprecated. Consider cold or frozen tiers in place of frozen indices."]
2023-08-04 12:58:20,642 INFO  [com.dot.ContainerResource] (docker-java-stream-1865446083) STDOUT: 12:58:20.641  WARN  client.RestClient - request [POST http://elasticsearch:9200/cluster_c40f8aa8c9.live_20230804125756/_search?typed_keys=true&max_concurrent_shard_requests=5&ignore_unavailable=false&expand_wildcards=open&allow_no_indices=true&ignore_throttled=true&search_type=query_then_fetch&batched_reduce_size=512&ccs_minimize_roundtrips=true] returned 2 warnings: [299 Elasticsearch-7.16.1-5b38441b16b1ebb16a27c107a4c3865776e20c53 "Elasticsearch built-in security features are not enabled. Without authentication, your cluster could be accessible to anyone. See https://www.elastic.co/guide/en/elasticsearch/reference/7.16/security-minimal-setup.html to enable security."],[299 Elasticsearch-7.16.1-5b38441b16b1ebb16a27c107a4c3865776e20c53 "[ignore_throttled] parameter is deprecated because frozen indices have been deprecated. Consider cold or frozen tiers in place of frozen indices."]
2023-08-04 12:58:20,646 INFO  [com.dot.ContainerResource] (docker-java-stream-1865446083) STDOUT: 12:58:20.645  WARN  client.RestClient - request [POST http://elasticsearch:9200/cluster_c40f8aa8c9.live_20230804125756/_search?typed_keys=true&max_concurrent_shard_requests=5&ignore_unavailable=false&expand_wildcards=open&allow_no_indices=true&ignore_throttled=true&search_type=query_then_fetch&batched_reduce_size=512&ccs_minimize_roundtrips=true] returned 2 warnings: [299 Elasticsearch-7.16.1-5b38441b16b1ebb16a27c107a4c3865776e20c53 "Elasticsearch built-in security features are not enabled. Without authentication, your cluster could be accessible to anyone. See https://www.elastic.co/guide/en/elasticsearch/reference/7.16/security-minimal-setup.html to enable security."],[299 Elasticsearch-7.16.1-5b38441b16b1ebb16a27c107a4c3865776e20c53 "[ignore_throttled] parameter is deprecated because frozen indices have been deprecated. Consider cold or frozen tiers in place of frozen indices."]
2023-08-04 12:58:20,653 INFO  [com.dot.ContainerResource] (docker-java-stream-1865446083) STDOUT: 12:58:20.653  WARN  client.RestClient - request [POST http://elasticsearch:9200/cluster_c40f8aa8c9.live_20230804125756/_search?typed_keys=true&max_concurrent_shard_requests=5&ignore_unavailable=false&expand_wildcards=open&allow_no_indices=true&ignore_throttled=true&search_type=query_then_fetch&batched_reduce_size=512&ccs_minimize_roundtrips=true] returned 2 warnings: [299 Elasticsearch-7.16.1-5b38441b16b1ebb16a27c107a4c3865776e20c53 "Elasticsearch built-in security features are not enabled. Without authentication, your cluster could be accessible to anyone. See https://www.elastic.co/guide/en/elasticsearch/reference/7.16/security-minimal-setup.html to enable security."],[299 Elasticsearch-7.16.1-5b38441b16b1ebb16a27c107a4c3865776e20c53 "[ignore_throttled] parameter is deprecated because frozen indices have been deprecated. Consider cold or frozen tiers in place of frozen indices."]
2023-08-04 12:58:20,658 INFO  [com.dot.ContainerResource] (docker-java-stream-1865446083) STDOUT: 12:58:20.658  WARN  client.RestClient - request [POST http://elasticsearch:9200/cluster_c40f8aa8c9.live_20230804125756/_search?typed_keys=true&max_concurrent_shard_requests=5&ignore_unavailable=false&expand_wildcards=open&allow_no_indices=true&ignore_throttled=true&search_type=query_then_fetch&batched_reduce_size=512&ccs_minimize_roundtrips=true] returned 2 warnings: [299 Elasticsearch-7.16.1-5b38441b16b1ebb16a27c107a4c3865776e20c53 "Elasticsearch built-in security features are not enabled. Without authentication, your cluster could be accessible to anyone. See https://www.elastic.co/guide/en/elasticsearch/reference/7.16/security-minimal-setup.html to enable security."],[299 Elasticsearch-7.16.1-5b38441b16b1ebb16a27c107a4c3865776e20c53 "[ignore_throttled] parameter is deprecated because frozen indices have been deprecated. Consider cold or frozen tiers in place of frozen indices."]
2023-08-04 12:58:20,667 INFO  [com.dot.ContainerResource] (docker-java-stream-1865446083) STDOUT: 12:58:20.666  WARN  client.RestClient - request [POST http://elasticsearch:9200/cluster_c40f8aa8c9.live_20230804125756/_search?typed_keys=true&max_concurrent_shard_requests=5&ignore_unavailable=false&expand_wildcards=open&allow_no_indices=true&ignore_throttled=true&search_type=query_then_fetch&batched_reduce_size=512&ccs_minimize_roundtrips=true] returned 2 warnings: [299 Elasticsearch-7.16.1-5b38441b16b1ebb16a27c107a4c3865776e20c53 "Elasticsearch built-in security features are not enabled. Without authentication, your cluster could be accessible to anyone. See https://www.elastic.co/guide/en/elasticsearch/reference/7.16/security-minimal-setup.html to enable security."],[299 Elasticsearch-7.16.1-5b38441b16b1ebb16a27c107a4c3865776e20c53 "[ignore_throttled] parameter is deprecated because frozen indices have been deprecated. Consider cold or frozen tiers in place of frozen indices."]
2023-08-04 12:58:20,670 INFO  [com.dot.ContainerResource] (docker-java-stream-1865446083) STDOUT: 12:58:20.670  WARN  client.RestClient - request [POST http://elasticsearch:9200/cluster_c40f8aa8c9.live_20230804125756/_search?typed_keys=true&max_concurrent_shard_requests=5&ignore_unavailable=false&expand_wildcards=open&allow_no_indices=true&ignore_throttled=true&search_type=query_then_fetch&batched_reduce_size=512&ccs_minimize_roundtrips=true] returned 2 warnings: [299 Elasticsearch-7.16.1-5b38441b16b1ebb16a27c107a4c3865776e20c53 "Elasticsearch built-in security features are not enabled. Without authentication, your cluster could be accessible to anyone. See https://www.elastic.co/guide/en/elasticsearch/reference/7.16/security-minimal-setup.html to enable security."],[299 Elasticsearch-7.16.1-5b38441b16b1ebb16a27c107a4c3865776e20c53 "[ignore_throttled] parameter is deprecated because frozen indices have been deprecated. Consider cold or frozen tiers in place of frozen indices."]
2023-08-04 12:58:20,674 INFO  [com.dot.ContainerResource] (docker-java-stream-1865446083) STDOUT: 12:58:20.674  WARN  client.RestClient - request [POST http://elasticsearch:9200/cluster_c40f8aa8c9.live_20230804125756/_search?typed_keys=true&max_concurrent_shard_requests=5&ignore_unavailable=false&expand_wildcards=open&allow_no_indices=true&ignore_throttled=true&search_type=query_then_fetch&batched_reduce_size=512&ccs_minimize_roundtrips=true] returned 2 warnings: [299 Elasticsearch-7.16.1-5b38441b16b1ebb16a27c107a4c3865776e20c53 "Elasticsearch built-in security features are not enabled. Without authentication, your cluster could be accessible to anyone. See https://www.elastic.co/guide/en/elasticsearch/reference/7.16/security-minimal-setup.html to enable security."],[299 Elasticsearch-7.16.1-5b38441b16b1ebb16a27c107a4c3865776e20c53 "[ignore_throttled] parameter is deprecated because frozen indices have been deprecated. Consider cold or frozen tiers in place of frozen indices."]
2023-08-04 12:58:20,678 INFO  [com.dot.ContainerResource] (docker-java-stream-1865446083) STDOUT: 12:58:20.677  WARN  client.RestClient - request [POST http://elasticsearch:9200/cluster_c40f8aa8c9.live_20230804125756/_search?typed_keys=true&max_concurrent_shard_requests=5&ignore_unavailable=false&expand_wildcards=open&allow_no_indices=true&ignore_throttled=true&search_type=query_then_fetch&batched_reduce_size=512&ccs_minimize_roundtrips=true] returned 2 warnings: [299 Elasticsearch-7.16.1-5b38441b16b1ebb16a27c107a4c3865776e20c53 "Elasticsearch built-in security features are not enabled. Without authentication, your cluster could be accessible to anyone. See https://www.elastic.co/guide/en/elasticsearch/reference/7.16/security-minimal-setup.html to enable security."],[299 Elasticsearch-7.16.1-5b38441b16b1ebb16a27c107a4c3865776e20c53 "[ignore_throttled] parameter is deprecated because frozen indices have been deprecated. Consider cold or frozen tiers in place of frozen indices."]
2023-08-04 12:58:20,683 INFO  [com.dot.ContainerResource] (docker-java-stream-1865446083) STDOUT: 12:58:20.683  WARN  client.RestClient - request [POST http://elasticsearch:9200/cluster_c40f8aa8c9.live_20230804125756/_search?typed_keys=true&max_concurrent_shard_requests=5&ignore_unavailable=false&expand_wildcards=open&allow_no_indices=true&ignore_throttled=true&search_type=query_then_fetch&batched_reduce_size=512&ccs_minimize_roundtrips=true] returned 2 warnings: [299 Elasticsearch-7.16.1-5b38441b16b1ebb16a27c107a4c3865776e20c53 "Elasticsearch built-in security features are not enabled. Without authentication, your cluster could be accessible to anyone. See https://www.elastic.co/guide/en/elasticsearch/reference/7.16/security-minimal-setup.html to enable security."],[299 Elasticsearch-7.16.1-5b38441b16b1ebb16a27c107a4c3865776e20c53 "[ignore_throttled] parameter is deprecated because frozen indices have been deprecated. Consider cold or frozen tiers in place of frozen indices."]
2023-08-04 12:58:20,691 INFO  [com.dot.ContainerResource] (docker-java-stream-1865446083) STDOUT: 12:58:20.690  WARN  client.RestClient - request [POST http://elasticsearch:9200/cluster_c40f8aa8c9.live_20230804125756/_search?typed_keys=true&max_concurrent_shard_requests=5&ignore_unavailable=false&expand_wildcards=open&allow_no_indices=true&ignore_throttled=true&search_type=query_then_fetch&batched_reduce_size=512&ccs_minimize_roundtrips=true] returned 2 warnings: [299 Elasticsearch-7.16.1-5b38441b16b1ebb16a27c107a4c3865776e20c53 "Elasticsearch built-in security features are not enabled. Without authentication, your cluster could be accessible to anyone. See https://www.elastic.co/guide/en/elasticsearch/reference/7.16/security-minimal-setup.html to enable security."],[299 Elasticsearch-7.16.1-5b38441b16b1ebb16a27c107a4c3865776e20c53 "[ignore_throttled] parameter is deprecated because frozen indices have been deprecated. Consider cold or frozen tiers in place of frozen indices."]
2023-08-04 12:58:20,694 INFO  [com.dot.ContainerResource] (docker-java-stream-1865446083) STDOUT: 12:58:20.694  WARN  client.RestClient - request [POST http://elasticsearch:9200/cluster_c40f8aa8c9.live_20230804125756/_search?typed_keys=true&max_concurrent_shard_requests=5&ignore_unavailable=false&expand_wildcards=open&allow_no_indices=true&ignore_throttled=true&search_type=query_then_fetch&batched_reduce_size=512&ccs_minimize_roundtrips=true] returned 2 warnings: [299 Elasticsearch-7.16.1-5b38441b16b1ebb16a27c107a4c3865776e20c53 "Elasticsearch built-in security features are not enabled. Without authentication, your cluster could be accessible to anyone. See https://www.elastic.co/guide/en/elasticsearch/reference/7.16/security-minimal-setup.html to enable security."],[299 Elasticsearch-7.16.1-5b38441b16b1ebb16a27c107a4c3865776e20c53 "[ignore_throttled] parameter is deprecated because frozen indices have been deprecated. Consider cold or frozen tiers in place of frozen indices."]
2023-08-04 12:58:20,698 INFO  [com.dot.ContainerResource] (docker-java-stream-1865446083) STDOUT: 12:58:20.698  WARN  client.RestClient - request [POST http://elasticsearch:9200/cluster_c40f8aa8c9.live_20230804125756/_search?typed_keys=true&max_concurrent_shard_requests=5&ignore_unavailable=false&expand_wildcards=open&allow_no_indices=true&ignore_throttled=true&search_type=query_then_fetch&batched_reduce_size=512&ccs_minimize_roundtrips=true] returned 2 warnings: [299 Elasticsearch-7.16.1-5b38441b16b1ebb16a27c107a4c3865776e20c53 "Elasticsearch built-in security features are not enabled. Without authentication, your cluster could be accessible to anyone. See https://www.elastic.co/guide/en/elasticsearch/reference/7.16/security-minimal-setup.html to enable security."],[299 Elasticsearch-7.16.1-5b38441b16b1ebb16a27c107a4c3865776e20c53 "[ignore_throttled] parameter is deprecated because frozen indices have been deprecated. Consider cold or frozen tiers in place of frozen indices."]
2023-08-04 12:58:20,703 INFO  [com.dot.ContainerResource] (docker-java-stream-1865446083) STDOUT: 12:58:20.702  WARN  client.RestClient - request [POST http://elasticsearch:9200/cluster_c40f8aa8c9.live_20230804125756/_search?typed_keys=true&max_concurrent_shard_requests=5&ignore_unavailable=false&expand_wildcards=open&allow_no_indices=true&ignore_throttled=true&search_type=query_then_fetch&batched_reduce_size=512&ccs_minimize_roundtrips=true] returned 2 warnings: [299 Elasticsearch-7.16.1-5b38441b16b1ebb16a27c107a4c3865776e20c53 "Elasticsearch built-in security features are not enabled. Without authentication, your cluster could be accessible to anyone. See https://www.elastic.co/guide/en/elasticsearch/reference/7.16/security-minimal-setup.html to enable security."],[299 Elasticsearch-7.16.1-5b38441b16b1ebb16a27c107a4c3865776e20c53 "[ignore_throttled] parameter is deprecated because frozen indices have been deprecated. Consider cold or frozen tiers in place of frozen indices."]
2023-08-04 12:58:20,707 INFO  [com.dot.ContainerResource] (docker-java-stream-1865446083) STDOUT: 12:58:20.707  WARN  client.RestClient - request [POST http://elasticsearch:9200/cluster_c40f8aa8c9.live_20230804125756/_search?typed_keys=true&max_concurrent_shard_requests=5&ignore_unavailable=false&expand_wildcards=open&allow_no_indices=true&ignore_throttled=true&search_type=query_then_fetch&batched_reduce_size=512&ccs_minimize_roundtrips=true] returned 2 warnings: [299 Elasticsearch-7.16.1-5b38441b16b1ebb16a27c107a4c3865776e20c53 "Elasticsearch built-in security features are not enabled. Without authentication, your cluster could be accessible to anyone. See https://www.elastic.co/guide/en/elasticsearch/reference/7.16/security-minimal-setup.html to enable security."],[299 Elasticsearch-7.16.1-5b38441b16b1ebb16a27c107a4c3865776e20c53 "[ignore_throttled] parameter is deprecated because frozen indices have been deprecated. Consider cold or frozen tiers in place of frozen indices."]
2023-08-04 12:58:20,712 INFO  [com.dot.ContainerResource] (docker-java-stream-1865446083) STDOUT: 12:58:20.712  WARN  client.RestClient - request [POST http://elasticsearch:9200/cluster_c40f8aa8c9.live_20230804125756/_search?typed_keys=true&max_concurrent_shard_requests=5&ignore_unavailable=false&expand_wildcards=open&allow_no_indices=true&ignore_throttled=true&search_type=query_then_fetch&batched_reduce_size=512&ccs_minimize_roundtrips=true] returned 2 warnings: [299 Elasticsearch-7.16.1-5b38441b16b1ebb16a27c107a4c3865776e20c53 "Elasticsearch built-in security features are not enabled. Without authentication, your cluster could be accessible to anyone. See https://www.elastic.co/guide/en/elasticsearch/reference/7.16/security-minimal-setup.html to enable security."],[299 Elasticsearch-7.16.1-5b38441b16b1ebb16a27c107a4c3865776e20c53 "[ignore_throttled] parameter is deprecated because frozen indices have been deprecated. Consider cold or frozen tiers in place of frozen indices."]
2023-08-04 12:58:20,719 INFO  [com.dot.ContainerResource] (docker-java-stream-1865446083) STDOUT: 12:58:20.719  WARN  client.RestClient - request [POST http://elasticsearch:9200/cluster_c40f8aa8c9.live_20230804125756/_search?typed_keys=true&max_concurrent_shard_requests=5&ignore_unavailable=false&expand_wildcards=open&allow_no_indices=true&ignore_throttled=true&search_type=query_then_fetch&batched_reduce_size=512&ccs_minimize_roundtrips=true] returned 2 warnings: [299 Elasticsearch-7.16.1-5b38441b16b1ebb16a27c107a4c3865776e20c53 "Elasticsearch built-in security features are not enabled. Without authentication, your cluster could be accessible to anyone. See https://www.elastic.co/guide/en/elasticsearch/reference/7.16/security-minimal-setup.html to enable security."],[299 Elasticsearch-7.16.1-5b38441b16b1ebb16a27c107a4c3865776e20c53 "[ignore_throttled] parameter is deprecated because frozen indices have been deprecated. Consider cold or frozen tiers in place of frozen indices."]
2023-08-04 12:58:20,722 INFO  [com.dot.ContainerResource] (docker-java-stream-1865446083) STDOUT: 12:58:20.722  WARN  client.RestClient - request [POST http://elasticsearch:9200/cluster_c40f8aa8c9.live_20230804125756/_search?typed_keys=true&max_concurrent_shard_requests=5&ignore_unavailable=false&expand_wildcards=open&allow_no_indices=true&ignore_throttled=true&search_type=query_then_fetch&batched_reduce_size=512&ccs_minimize_roundtrips=true] returned 2 warnings: [299 Elasticsearch-7.16.1-5b38441b16b1ebb16a27c107a4c3865776e20c53 "Elasticsearch built-in security features are not enabled. Without authentication, your cluster could be accessible to anyone. See https://www.elastic.co/guide/en/elasticsearch/reference/7.16/security-minimal-setup.html to enable security."],[299 Elasticsearch-7.16.1-5b38441b16b1ebb16a27c107a4c3865776e20c53 "[ignore_throttled] parameter is deprecated because frozen indices have been deprecated. Consider cold or frozen tiers in place of frozen indices."]
2023-08-04 12:58:20,725 INFO  [com.dot.ContainerResource] (docker-java-stream-1865446083) STDOUT: 12:58:20.725  WARN  client.RestClient - request [POST http://elasticsearch:9200/cluster_c40f8aa8c9.live_20230804125756/_search?typed_keys=true&max_concurrent_shard_requests=5&ignore_unavailable=false&expand_wildcards=open&allow_no_indices=true&ignore_throttled=true&search_type=query_then_fetch&batched_reduce_size=512&ccs_minimize_roundtrips=true] returned 2 warnings: [299 Elasticsearch-7.16.1-5b38441b16b1ebb16a27c107a4c3865776e20c53 "Elasticsearch built-in security features are not enabled. Without authentication, your cluster could be accessible to anyone. See https://www.elastic.co/guide/en/elasticsearch/reference/7.16/security-minimal-setup.html to enable security."],[299 Elasticsearch-7.16.1-5b38441b16b1ebb16a27c107a4c3865776e20c53 "[ignore_throttled] parameter is deprecated because frozen indices have been deprecated. Consider cold or frozen tiers in place of frozen indices."]
2023-08-04 12:58:20,729 INFO  [com.dot.ContainerResource] (docker-java-stream-1865446083) STDOUT: 12:58:20.729  WARN  client.RestClient - request [POST http://elasticsearch:9200/cluster_c40f8aa8c9.live_20230804125756/_search?typed_keys=true&max_concurrent_shard_requests=5&ignore_unavailable=false&expand_wildcards=open&allow_no_indices=true&ignore_throttled=true&search_type=query_then_fetch&batched_reduce_size=512&ccs_minimize_roundtrips=true] returned 2 warnings: [299 Elasticsearch-7.16.1-5b38441b16b1ebb16a27c107a4c3865776e20c53 "Elasticsearch built-in security features are not enabled. Without authentication, your cluster could be accessible to anyone. See https://www.elastic.co/guide/en/elasticsearch/reference/7.16/security-minimal-setup.html to enable security."],[299 Elasticsearch-7.16.1-5b38441b16b1ebb16a27c107a4c3865776e20c53 "[ignore_throttled] parameter is deprecated because frozen indices have been deprecated. Consider cold or frozen tiers in place of frozen indices."]
2023-08-04 12:58:20,733 INFO  [com.dot.ContainerResource] (docker-java-stream-1865446083) STDOUT: 12:58:20.733  WARN  client.RestClient - request [POST http://elasticsearch:9200/cluster_c40f8aa8c9.live_20230804125756/_search?typed_keys=true&max_concurrent_shard_requests=5&ignore_unavailable=false&expand_wildcards=open&allow_no_indices=true&ignore_throttled=true&search_type=query_then_fetch&batched_reduce_size=512&ccs_minimize_roundtrips=true] returned 2 warnings: [299 Elasticsearch-7.16.1-5b38441b16b1ebb16a27c107a4c3865776e20c53 "Elasticsearch built-in security features are not enabled. Without authentication, your cluster could be accessible to anyone. See https://www.elastic.co/guide/en/elasticsearch/reference/7.16/security-minimal-setup.html to enable security."],[299 Elasticsearch-7.16.1-5b38441b16b1ebb16a27c107a4c3865776e20c53 "[ignore_throttled] parameter is deprecated because frozen indices have been deprecated. Consider cold or frozen tiers in place of frozen indices."]
2023-08-04 12:58:20,736 INFO  [com.dot.ContainerResource] (docker-java-stream-1865446083) STDOUT: 12:58:20.736  WARN  client.RestClient - request [POST http://elasticsearch:9200/cluster_c40f8aa8c9.live_20230804125756/_search?typed_keys=true&max_concurrent_shard_requests=5&ignore_unavailable=false&expand_wildcards=open&allow_no_indices=true&ignore_throttled=true&search_type=query_then_fetch&batched_reduce_size=512&ccs_minimize_roundtrips=true] returned 2 warnings: [299 Elasticsearch-7.16.1-5b38441b16b1ebb16a27c107a4c3865776e20c53 "Elasticsearch built-in security features are not enabled. Without authentication, your cluster could be accessible to anyone. See https://www.elastic.co/guide/en/elasticsearch/reference/7.16/security-minimal-setup.html to enable security."],[299 Elasticsearch-7.16.1-5b38441b16b1ebb16a27c107a4c3865776e20c53 "[ignore_throttled] parameter is deprecated because frozen indices have been deprecated. Consider cold or frozen tiers in place of frozen indices."]
2023-08-04 12:58:20,740 INFO  [com.dot.ContainerResource] (docker-java-stream-1865446083) STDOUT: 12:58:20.739  WARN  client.RestClient - request [POST http://elasticsearch:9200/cluster_c40f8aa8c9.live_20230804125756/_search?typed_keys=true&max_concurrent_shard_requests=5&ignore_unavailable=false&expand_wildcards=open&allow_no_indices=true&ignore_throttled=true&search_type=query_then_fetch&batched_reduce_size=512&ccs_minimize_roundtrips=true] returned 2 warnings: [299 Elasticsearch-7.16.1-5b38441b16b1ebb16a27c107a4c3865776e20c53 "Elasticsearch built-in security features are not enabled. Without authentication, your cluster could be accessible to anyone. See https://www.elastic.co/guide/en/elasticsearch/reference/7.16/security-minimal-setup.html to enable security."],[299 Elasticsearch-7.16.1-5b38441b16b1ebb16a27c107a4c3865776e20c53 "[ignore_throttled] parameter is deprecated because frozen indices have been deprecated. Consider cold or frozen tiers in place of frozen indices."]
2023-08-04 12:58:20,743 INFO  [com.dot.ContainerResource] (docker-java-stream-1865446083) STDOUT: 12:58:20.742  WARN  client.RestClient - request [POST http://elasticsearch:9200/cluster_c40f8aa8c9.live_20230804125756/_search?typed_keys=true&max_concurrent_shard_requests=5&ignore_unavailable=false&expand_wildcards=open&allow_no_indices=true&ignore_throttled=true&search_type=query_then_fetch&batched_reduce_size=512&ccs_minimize_roundtrips=true] returned 2 warnings: [299 Elasticsearch-7.16.1-5b38441b16b1ebb16a27c107a4c3865776e20c53 "Elasticsearch built-in security features are not enabled. Without authentication, your cluster could be accessible to anyone. See https://www.elastic.co/guide/en/elasticsearch/reference/7.16/security-minimal-setup.html to enable security."],[299 Elasticsearch-7.16.1-5b38441b16b1ebb16a27c107a4c3865776e20c53 "[ignore_throttled] parameter is deprecated because frozen indices have been deprecated. Consider cold or frozen tiers in place of frozen indices."]
2023-08-04 12:58:20,746 INFO  [com.dot.ContainerResource] (docker-java-stream-1865446083) STDOUT: 12:58:20.745  WARN  client.RestClient - request [POST http://elasticsearch:9200/cluster_c40f8aa8c9.live_20230804125756/_search?typed_keys=true&max_concurrent_shard_requests=5&ignore_unavailable=false&expand_wildcards=open&allow_no_indices=true&ignore_throttled=true&search_type=query_then_fetch&batched_reduce_size=512&ccs_minimize_roundtrips=true] returned 2 warnings: [299 Elasticsearch-7.16.1-5b38441b16b1ebb16a27c107a4c3865776e20c53 "Elasticsearch built-in security features are not enabled. Without authentication, your cluster could be accessible to anyone. See https://www.elastic.co/guide/en/elasticsearch/reference/7.16/security-minimal-setup.html to enable security."],[299 Elasticsearch-7.16.1-5b38441b16b1ebb16a27c107a4c3865776e20c53 "[ignore_throttled] parameter is deprecated because frozen indices have been deprecated. Consider cold or frozen tiers in place of frozen indices."]
2023-08-04 12:58:20,767 INFO  [com.dot.ContainerResource] (docker-java-stream-1865446083) STDOUT: 12:58:20.766  WARN  client.RestClient - request [POST http://elasticsearch:9200/cluster_c40f8aa8c9.live_20230804125756/_search?typed_keys=true&max_concurrent_shard_requests=5&ignore_unavailable=false&expand_wildcards=open&allow_no_indices=true&ignore_throttled=true&search_type=query_then_fetch&batched_reduce_size=512&ccs_minimize_roundtrips=true] returned 2 warnings: [299 Elasticsearch-7.16.1-5b38441b16b1ebb16a27c107a4c3865776e20c53 "Elasticsearch built-in security features are not enabled. Without authentication, your cluster could be accessible to anyone. See https://www.elastic.co/guide/en/elasticsearch/reference/7.16/security-minimal-setup.html to enable security."],[299 Elasticsearch-7.16.1-5b38441b16b1ebb16a27c107a4c3865776e20c53 "[ignore_throttled] parameter is deprecated because frozen indices have been deprecated. Consider cold or frozen tiers in place of frozen indices."]
2023-08-04 12:58:20,771 INFO  [com.dot.ContainerResource] (docker-java-stream-1865446083) STDOUT: 12:58:20.771  WARN  client.RestClient - request [POST http://elasticsearch:9200/cluster_c40f8aa8c9.live_20230804125756/_search?typed_keys=true&max_concurrent_shard_requests=5&ignore_unavailable=false&expand_wildcards=open&allow_no_indices=true&ignore_throttled=true&search_type=query_then_fetch&batched_reduce_size=512&ccs_minimize_roundtrips=true] returned 2 warnings: [299 Elasticsearch-7.16.1-5b38441b16b1ebb16a27c107a4c3865776e20c53 "Elasticsearch built-in security features are not enabled. Without authentication, your cluster could be accessible to anyone. See https://www.elastic.co/guide/en/elasticsearch/reference/7.16/security-minimal-setup.html to enable security."],[299 Elasticsearch-7.16.1-5b38441b16b1ebb16a27c107a4c3865776e20c53 "[ignore_throttled] parameter is deprecated because frozen indices have been deprecated. Consider cold or frozen tiers in place of frozen indices."]
2023-08-04 12:58:20,775 INFO  [com.dot.ContainerResource] (docker-java-stream-1865446083) STDOUT: 12:58:20.775  WARN  client.RestClient - request [POST http://elasticsearch:9200/cluster_c40f8aa8c9.live_20230804125756/_search?typed_keys=true&max_concurrent_shard_requests=5&ignore_unavailable=false&expand_wildcards=open&allow_no_indices=true&ignore_throttled=true&search_type=query_then_fetch&batched_reduce_size=512&ccs_minimize_roundtrips=true] returned 2 warnings: [299 Elasticsearch-7.16.1-5b38441b16b1ebb16a27c107a4c3865776e20c53 "Elasticsearch built-in security features are not enabled. Without authentication, your cluster could be accessible to anyone. See https://www.elastic.co/guide/en/elasticsearch/reference/7.16/security-minimal-setup.html to enable security."],[299 Elasticsearch-7.16.1-5b38441b16b1ebb16a27c107a4c3865776e20c53 "[ignore_throttled] parameter is deprecated because frozen indices have been deprecated. Consider cold or frozen tiers in place of frozen indices."]
2023-08-04 12:58:20,778 INFO  [com.dot.ContainerResource] (docker-java-stream-1865446083) STDOUT: 12:58:20.778  WARN  client.RestClient - request [POST http://elasticsearch:9200/cluster_c40f8aa8c9.live_20230804125756/_search?typed_keys=true&max_concurrent_shard_requests=5&ignore_unavailable=false&expand_wildcards=open&allow_no_indices=true&ignore_throttled=true&search_type=query_then_fetch&batched_reduce_size=512&ccs_minimize_roundtrips=true] returned 2 warnings: [299 Elasticsearch-7.16.1-5b38441b16b1ebb16a27c107a4c3865776e20c53 "Elasticsearch built-in security features are not enabled. Without authentication, your cluster could be accessible to anyone. See https://www.elastic.co/guide/en/elasticsearch/reference/7.16/security-minimal-setup.html to enable security."],[299 Elasticsearch-7.16.1-5b38441b16b1ebb16a27c107a4c3865776e20c53 "[ignore_throttled] parameter is deprecated because frozen indices have been deprecated. Consider cold or frozen tiers in place of frozen indices."]
2023-08-04 12:58:20,782 INFO  [com.dot.ContainerResource] (docker-java-stream-1865446083) STDOUT: 12:58:20.781  WARN  client.RestClient - request [POST http://elasticsearch:9200/cluster_c40f8aa8c9.live_20230804125756/_search?typed_keys=true&max_concurrent_shard_requests=5&ignore_unavailable=false&expand_wildcards=open&allow_no_indices=true&ignore_throttled=true&search_type=query_then_fetch&batched_reduce_size=512&ccs_minimize_roundtrips=true] returned 2 warnings: [299 Elasticsearch-7.16.1-5b38441b16b1ebb16a27c107a4c3865776e20c53 "Elasticsearch built-in security features are not enabled. Without authentication, your cluster could be accessible to anyone. See https://www.elastic.co/guide/en/elasticsearch/reference/7.16/security-minimal-setup.html to enable security."],[299 Elasticsearch-7.16.1-5b38441b16b1ebb16a27c107a4c3865776e20c53 "[ignore_throttled] parameter is deprecated because frozen indices have been deprecated. Consider cold or frozen tiers in place of frozen indices."]
2023-08-04 12:58:20,785 INFO  [com.dot.ContainerResource] (docker-java-stream-1865446083) STDOUT: 12:58:20.785  WARN  client.RestClient - request [POST http://elasticsearch:9200/cluster_c40f8aa8c9.live_20230804125756/_search?typed_keys=true&max_concurrent_shard_requests=5&ignore_unavailable=false&expand_wildcards=open&allow_no_indices=true&ignore_throttled=true&search_type=query_then_fetch&batched_reduce_size=512&ccs_minimize_roundtrips=true] returned 2 warnings: [299 Elasticsearch-7.16.1-5b38441b16b1ebb16a27c107a4c3865776e20c53 "Elasticsearch built-in security features are not enabled. Without authentication, your cluster could be accessible to anyone. See https://www.elastic.co/guide/en/elasticsearch/reference/7.16/security-minimal-setup.html to enable security."],[299 Elasticsearch-7.16.1-5b38441b16b1ebb16a27c107a4c3865776e20c53 "[ignore_throttled] parameter is deprecated because frozen indices have been deprecated. Consider cold or frozen tiers in place of frozen indices."]
2023-08-04 12:58:20,788 INFO  [com.dot.ContainerResource] (docker-java-stream-1865446083) STDOUT: 12:58:20.788  WARN  client.RestClient - request [POST http://elasticsearch:9200/cluster_c40f8aa8c9.live_20230804125756/_search?typed_keys=true&max_concurrent_shard_requests=5&ignore_unavailable=false&expand_wildcards=open&allow_no_indices=true&ignore_throttled=true&search_type=query_then_fetch&batched_reduce_size=512&ccs_minimize_roundtrips=true] returned 2 warnings: [299 Elasticsearch-7.16.1-5b38441b16b1ebb16a27c107a4c3865776e20c53 "Elasticsearch built-in security features are not enabled. Without authentication, your cluster could be accessible to anyone. See https://www.elastic.co/guide/en/elasticsearch/reference/7.16/security-minimal-setup.html to enable security."],[299 Elasticsearch-7.16.1-5b38441b16b1ebb16a27c107a4c3865776e20c53 "[ignore_throttled] parameter is deprecated because frozen indices have been deprecated. Consider cold or frozen tiers in place of frozen indices."]
2023-08-04 12:58:20,793 INFO  [com.dot.ContainerResource] (docker-java-stream-1865446083) STDOUT: 12:58:20.793  WARN  client.RestClient - request [POST http://elasticsearch:9200/cluster_c40f8aa8c9.live_20230804125756/_search?typed_keys=true&max_concurrent_shard_requests=5&ignore_unavailable=false&expand_wildcards=open&allow_no_indices=true&ignore_throttled=true&search_type=query_then_fetch&batched_reduce_size=512&ccs_minimize_roundtrips=true] returned 2 warnings: [299 Elasticsearch-7.16.1-5b38441b16b1ebb16a27c107a4c3865776e20c53 "Elasticsearch built-in security features are not enabled. Without authentication, your cluster could be accessible to anyone. See https://www.elastic.co/guide/en/elasticsearch/reference/7.16/security-minimal-setup.html to enable security."],[299 Elasticsearch-7.16.1-5b38441b16b1ebb16a27c107a4c3865776e20c53 "[ignore_throttled] parameter is deprecated because frozen indices have been deprecated. Consider cold or frozen tiers in place of frozen indices."]
2023-08-04 12:58:20,796 INFO  [com.dot.ContainerResource] (docker-java-stream-1865446083) STDOUT: 12:58:20.796  WARN  client.RestClient - request [POST http://elasticsearch:9200/cluster_c40f8aa8c9.live_20230804125756/_search?typed_keys=true&max_concurrent_shard_requests=5&ignore_unavailable=false&expand_wildcards=open&allow_no_indices=true&ignore_throttled=true&search_type=query_then_fetch&batched_reduce_size=512&ccs_minimize_roundtrips=true] returned 2 warnings: [299 Elasticsearch-7.16.1-5b38441b16b1ebb16a27c107a4c3865776e20c53 "Elasticsearch built-in security features are not enabled. Without authentication, your cluster could be accessible to anyone. See https://www.elastic.co/guide/en/elasticsearch/reference/7.16/security-minimal-setup.html to enable security."],[299 Elasticsearch-7.16.1-5b38441b16b1ebb16a27c107a4c3865776e20c53 "[ignore_throttled] parameter is deprecated because frozen indices have been deprecated. Consider cold or frozen tiers in place of frozen indices."]
2023-08-04 12:58:20,799 INFO  [com.dot.ContainerResource] (docker-java-stream-1865446083) STDOUT: 12:58:20.799  WARN  client.RestClient - request [POST http://elasticsearch:9200/cluster_c40f8aa8c9.live_20230804125756/_search?typed_keys=true&max_concurrent_shard_requests=5&ignore_unavailable=false&expand_wildcards=open&allow_no_indices=true&ignore_throttled=true&search_type=query_then_fetch&batched_reduce_size=512&ccs_minimize_roundtrips=true] returned 2 warnings: [299 Elasticsearch-7.16.1-5b38441b16b1ebb16a27c107a4c3865776e20c53 "Elasticsearch built-in security features are not enabled. Without authentication, your cluster could be accessible to anyone. See https://www.elastic.co/guide/en/elasticsearch/reference/7.16/security-minimal-setup.html to enable security."],[299 Elasticsearch-7.16.1-5b38441b16b1ebb16a27c107a4c3865776e20c53 "[ignore_throttled] parameter is deprecated because frozen indices have been deprecated. Consider cold or frozen tiers in place of frozen indices."]
2023-08-04 12:58:20,802 INFO  [com.dot.ContainerResource] (docker-java-stream-1865446083) STDOUT: 12:58:20.802  WARN  client.RestClient - request [POST http://elasticsearch:9200/cluster_c40f8aa8c9.live_20230804125756/_search?typed_keys=true&max_concurrent_shard_requests=5&ignore_unavailable=false&expand_wildcards=open&allow_no_indices=true&ignore_throttled=true&search_type=query_then_fetch&batched_reduce_size=512&ccs_minimize_roundtrips=true] returned 2 warnings: [299 Elasticsearch-7.16.1-5b38441b16b1ebb16a27c107a4c3865776e20c53 "Elasticsearch built-in security features are not enabled. Without authentication, your cluster could be accessible to anyone. See https://www.elastic.co/guide/en/elasticsearch/reference/7.16/security-minimal-setup.html to enable security."],[299 Elasticsearch-7.16.1-5b38441b16b1ebb16a27c107a4c3865776e20c53 "[ignore_throttled] parameter is deprecated because frozen indices have been deprecated. Consider cold or frozen tiers in place of frozen indices."]
2023-08-04 12:58:20,805 INFO  [com.dot.ContainerResource] (docker-java-stream-1865446083) STDOUT: 12:58:20.805  WARN  client.RestClient - request [POST http://elasticsearch:9200/cluster_c40f8aa8c9.live_20230804125756/_search?typed_keys=true&max_concurrent_shard_requests=5&ignore_unavailable=false&expand_wildcards=open&allow_no_indices=true&ignore_throttled=true&search_type=query_then_fetch&batched_reduce_size=512&ccs_minimize_roundtrips=true] returned 2 warnings: [299 Elasticsearch-7.16.1-5b38441b16b1ebb16a27c107a4c3865776e20c53 "Elasticsearch built-in security features are not enabled. Without authentication, your cluster could be accessible to anyone. See https://www.elastic.co/guide/en/elasticsearch/reference/7.16/security-minimal-setup.html to enable security."],[299 Elasticsearch-7.16.1-5b38441b16b1ebb16a27c107a4c3865776e20c53 "[ignore_throttled] parameter is deprecated because frozen indices have been deprecated. Consider cold or frozen tiers in place of frozen indices."]
2023-08-04 12:58:20,808 INFO  [com.dot.ContainerResource] (docker-java-stream-1865446083) STDOUT: 12:58:20.808  WARN  client.RestClient - request [POST http://elasticsearch:9200/cluster_c40f8aa8c9.live_20230804125756/_search?typed_keys=true&max_concurrent_shard_requests=5&ignore_unavailable=false&expand_wildcards=open&allow_no_indices=true&ignore_throttled=true&search_type=query_then_fetch&batched_reduce_size=512&ccs_minimize_roundtrips=true] returned 2 warnings: [299 Elasticsearch-7.16.1-5b38441b16b1ebb16a27c107a4c3865776e20c53 "Elasticsearch built-in security features are not enabled. Without authentication, your cluster could be accessible to anyone. See https://www.elastic.co/guide/en/elasticsearch/reference/7.16/security-minimal-setup.html to enable security."],[299 Elasticsearch-7.16.1-5b38441b16b1ebb16a27c107a4c3865776e20c53 "[ignore_throttled] parameter is deprecated because frozen indices have been deprecated. Consider cold or frozen tiers in place of frozen indices."]
2023-08-04 12:58:20,812 INFO  [com.dot.ContainerResource] (docker-java-stream-1865446083) STDOUT: 12:58:20.812  WARN  client.RestClient - request [POST http://elasticsearch:9200/cluster_c40f8aa8c9.live_20230804125756/_search?typed_keys=true&max_concurrent_shard_requests=5&ignore_unavailable=false&expand_wildcards=open&allow_no_indices=true&ignore_throttled=true&search_type=query_then_fetch&batched_reduce_size=512&ccs_minimize_roundtrips=true] returned 2 warnings: [299 Elasticsearch-7.16.1-5b38441b16b1ebb16a27c107a4c3865776e20c53 "Elasticsearch built-in security features are not enabled. Without authentication, your cluster could be accessible to anyone. See https://www.elastic.co/guide/en/elasticsearch/reference/7.16/security-minimal-setup.html to enable security."],[299 Elasticsearch-7.16.1-5b38441b16b1ebb16a27c107a4c3865776e20c53 "[ignore_throttled] parameter is deprecated because frozen indices have been deprecated. Consider cold or frozen tiers in place of frozen indices."]
2023-08-04 12:58:20,815 INFO  [com.dot.ContainerResource] (docker-java-stream-1865446083) STDOUT: 12:58:20.815  WARN  client.RestClient - request [POST http://elasticsearch:9200/cluster_c40f8aa8c9.live_20230804125756/_search?typed_keys=true&max_concurrent_shard_requests=5&ignore_unavailable=false&expand_wildcards=open&allow_no_indices=true&ignore_throttled=true&search_type=query_then_fetch&batched_reduce_size=512&ccs_minimize_roundtrips=true] returned 2 warnings: [299 Elasticsearch-7.16.1-5b38441b16b1ebb16a27c107a4c3865776e20c53 "Elasticsearch built-in security features are not enabled. Without authentication, your cluster could be accessible to anyone. See https://www.elastic.co/guide/en/elasticsearch/reference/7.16/security-minimal-setup.html to enable security."],[299 Elasticsearch-7.16.1-5b38441b16b1ebb16a27c107a4c3865776e20c53 "[ignore_throttled] parameter is deprecated because frozen indices have been deprecated. Consider cold or frozen tiers in place of frozen indices."]
2023-08-04 12:58:20,819 INFO  [com.dot.ContainerResource] (docker-java-stream-1865446083) STDOUT: 12:58:20.819  WARN  client.RestClient - request [POST http://elasticsearch:9200/cluster_c40f8aa8c9.live_20230804125756/_search?typed_keys=true&max_concurrent_shard_requests=5&ignore_unavailable=false&expand_wildcards=open&allow_no_indices=true&ignore_throttled=true&search_type=query_then_fetch&batched_reduce_size=512&ccs_minimize_roundtrips=true] returned 2 warnings: [299 Elasticsearch-7.16.1-5b38441b16b1ebb16a27c107a4c3865776e20c53 "Elasticsearch built-in security features are not enabled. Without authentication, your cluster could be accessible to anyone. See https://www.elastic.co/guide/en/elasticsearch/reference/7.16/security-minimal-setup.html to enable security."],[299 Elasticsearch-7.16.1-5b38441b16b1ebb16a27c107a4c3865776e20c53 "[ignore_throttled] parameter is deprecated because frozen indices have been deprecated. Consider cold or frozen tiers in place of frozen indices."]
2023-08-04 12:58:20,822 INFO  [com.dot.ContainerResource] (docker-java-stream-1865446083) STDOUT: 12:58:20.822  WARN  client.RestClient - request [POST http://elasticsearch:9200/cluster_c40f8aa8c9.live_20230804125756/_search?typed_keys=true&max_concurrent_shard_requests=5&ignore_unavailable=false&expand_wildcards=open&allow_no_indices=true&ignore_throttled=true&search_type=query_then_fetch&batched_reduce_size=512&ccs_minimize_roundtrips=true] returned 2 warnings: [299 Elasticsearch-7.16.1-5b38441b16b1ebb16a27c107a4c3865776e20c53 "Elasticsearch built-in security features are not enabled. Without authentication, your cluster could be accessible to anyone. See https://www.elastic.co/guide/en/elasticsearch/reference/7.16/security-minimal-setup.html to enable security."],[299 Elasticsearch-7.16.1-5b38441b16b1ebb16a27c107a4c3865776e20c53 "[ignore_throttled] parameter is deprecated because frozen indices have been deprecated. Consider cold or frozen tiers in place of frozen indices."]
2023-08-04 12:58:20,825 INFO  [com.dot.ContainerResource] (docker-java-stream-1865446083) STDOUT: 12:58:20.825  WARN  client.RestClient - request [POST http://elasticsearch:9200/cluster_c40f8aa8c9.live_20230804125756/_search?typed_keys=true&max_concurrent_shard_requests=5&ignore_unavailable=false&expand_wildcards=open&allow_no_indices=true&ignore_throttled=true&search_type=query_then_fetch&batched_reduce_size=512&ccs_minimize_roundtrips=true] returned 2 warnings: [299 Elasticsearch-7.16.1-5b38441b16b1ebb16a27c107a4c3865776e20c53 "Elasticsearch built-in security features are not enabled. Without authentication, your cluster could be accessible to anyone. See https://www.elastic.co/guide/en/elasticsearch/reference/7.16/security-minimal-setup.html to enable security."],[299 Elasticsearch-7.16.1-5b38441b16b1ebb16a27c107a4c3865776e20c53 "[ignore_throttled] parameter is deprecated because frozen indices have been deprecated. Consider cold or frozen tiers in place of frozen indices."]
2023-08-04 12:58:20,829 INFO  [com.dot.ContainerResource] (docker-java-stream-1865446083) STDOUT: 12:58:20.829  WARN  client.RestClient - request [POST http://elasticsearch:9200/cluster_c40f8aa8c9.live_20230804125756/_search?typed_keys=true&max_concurrent_shard_requests=5&ignore_unavailable=false&expand_wildcards=open&allow_no_indices=true&ignore_throttled=true&search_type=query_then_fetch&batched_reduce_size=512&ccs_minimize_roundtrips=true] returned 2 warnings: [299 Elasticsearch-7.16.1-5b38441b16b1ebb16a27c107a4c3865776e20c53 "Elasticsearch built-in security features are not enabled. Without authentication, your cluster could be accessible to anyone. See https://www.elastic.co/guide/en/elasticsearch/reference/7.16/security-minimal-setup.html to enable security."],[299 Elasticsearch-7.16.1-5b38441b16b1ebb16a27c107a4c3865776e20c53 "[ignore_throttled] parameter is deprecated because frozen indices have been deprecated. Consider cold or frozen tiers in place of frozen indices."]
2023-08-04 12:58:20,833 INFO  [com.dot.ContainerResource] (docker-java-stream-1865446083) STDOUT: 12:58:20.832  WARN  client.RestClient - request [POST http://elasticsearch:9200/cluster_c40f8aa8c9.live_20230804125756/_search?typed_keys=true&max_concurrent_shard_requests=5&ignore_unavailable=false&expand_wildcards=open&allow_no_indices=true&ignore_throttled=true&search_type=query_then_fetch&batched_reduce_size=512&ccs_minimize_roundtrips=true] returned 2 warnings: [299 Elasticsearch-7.16.1-5b38441b16b1ebb16a27c107a4c3865776e20c53 "Elasticsearch built-in security features are not enabled. Without authentication, your cluster could be accessible to anyone. See https://www.elastic.co/guide/en/elasticsearch/reference/7.16/security-minimal-setup.html to enable security."],[299 Elasticsearch-7.16.1-5b38441b16b1ebb16a27c107a4c3865776e20c53 "[ignore_throttled] parameter is deprecated because frozen indices have been deprecated. Consider cold or frozen tiers in place of frozen indices."]
2023-08-04 12:58:20,836 INFO  [com.dot.ContainerResource] (docker-java-stream-1865446083) STDOUT: 12:58:20.836  WARN  client.RestClient - request [POST http://elasticsearch:9200/cluster_c40f8aa8c9.live_20230804125756/_search?typed_keys=true&max_concurrent_shard_requests=5&ignore_unavailable=false&expand_wildcards=open&allow_no_indices=true&ignore_throttled=true&search_type=query_then_fetch&batched_reduce_size=512&ccs_minimize_roundtrips=true] returned 2 warnings: [299 Elasticsearch-7.16.1-5b38441b16b1ebb16a27c107a4c3865776e20c53 "Elasticsearch built-in security features are not enabled. Without authentication, your cluster could be accessible to anyone. See https://www.elastic.co/guide/en/elasticsearch/reference/7.16/security-minimal-setup.html to enable security."],[299 Elasticsearch-7.16.1-5b38441b16b1ebb16a27c107a4c3865776e20c53 "[ignore_throttled] parameter is deprecated because frozen indices have been deprecated. Consider cold or frozen tiers in place of frozen indices."]
2023-08-04 12:58:20,840 INFO  [com.dot.ContainerResource] (docker-java-stream-1865446083) STDOUT: 12:58:20.839  WARN  client.RestClient - request [POST http://elasticsearch:9200/cluster_c40f8aa8c9.live_20230804125756/_search?typed_keys=true&max_concurrent_shard_requests=5&ignore_unavailable=false&expand_wildcards=open&allow_no_indices=true&ignore_throttled=true&search_type=query_then_fetch&batched_reduce_size=512&ccs_minimize_roundtrips=true] returned 2 warnings: [299 Elasticsearch-7.16.1-5b38441b16b1ebb16a27c107a4c3865776e20c53 "Elasticsearch built-in security features are not enabled. Without authentication, your cluster could be accessible to anyone. See https://www.elastic.co/guide/en/elasticsearch/reference/7.16/security-minimal-setup.html to enable security."],[299 Elasticsearch-7.16.1-5b38441b16b1ebb16a27c107a4c3865776e20c53 "[ignore_throttled] parameter is deprecated because frozen indices have been deprecated. Consider cold or frozen tiers in place of frozen indices."]
2023-08-04 12:58:20,843 INFO  [com.dot.ContainerResource] (docker-java-stream-1865446083) STDOUT: 12:58:20.843  WARN  client.RestClient - request [POST http://elasticsearch:9200/cluster_c40f8aa8c9.live_20230804125756/_search?typed_keys=true&max_concurrent_shard_requests=5&ignore_unavailable=false&expand_wildcards=open&allow_no_indices=true&ignore_throttled=true&search_type=query_then_fetch&batched_reduce_size=512&ccs_minimize_roundtrips=true] returned 2 warnings: [299 Elasticsearch-7.16.1-5b38441b16b1ebb16a27c107a4c3865776e20c53 "Elasticsearch built-in security features are not enabled. Without authentication, your cluster could be accessible to anyone. See https://www.elastic.co/guide/en/elasticsearch/reference/7.16/security-minimal-setup.html to enable security."],[299 Elasticsearch-7.16.1-5b38441b16b1ebb16a27c107a4c3865776e20c53 "[ignore_throttled] parameter is deprecated because frozen indices have been deprecated. Consider cold or frozen tiers in place of frozen indices."]
2023-08-04 12:58:20,847 INFO  [com.dot.ContainerResource] (docker-java-stream-1865446083) STDOUT: 12:58:20.847  WARN  client.RestClient - request [POST http://elasticsearch:9200/cluster_c40f8aa8c9.live_20230804125756/_search?typed_keys=true&max_concurrent_shard_requests=5&ignore_unavailable=false&expand_wildcards=open&allow_no_indices=true&ignore_throttled=true&search_type=query_then_fetch&batched_reduce_size=512&ccs_minimize_roundtrips=true] returned 2 warnings: [299 Elasticsearch-7.16.1-5b38441b16b1ebb16a27c107a4c3865776e20c53 "Elasticsearch built-in security features are not enabled. Without authentication, your cluster could be accessible to anyone. See https://www.elastic.co/guide/en/elasticsearch/reference/7.16/security-minimal-setup.html to enable security."],[299 Elasticsearch-7.16.1-5b38441b16b1ebb16a27c107a4c3865776e20c53 "[ignore_throttled] parameter is deprecated because frozen indices have been deprecated. Consider cold or frozen tiers in place of frozen indices."]
2023-08-04 12:58:20,851 INFO  [com.dot.ContainerResource] (docker-java-stream-1865446083) STDOUT: 12:58:20.850  WARN  client.RestClient - request [POST http://elasticsearch:9200/cluster_c40f8aa8c9.live_20230804125756/_search?typed_keys=true&max_concurrent_shard_requests=5&ignore_unavailable=false&expand_wildcards=open&allow_no_indices=true&ignore_throttled=true&search_type=query_then_fetch&batched_reduce_size=512&ccs_minimize_roundtrips=true] returned 2 warnings: [299 Elasticsearch-7.16.1-5b38441b16b1ebb16a27c107a4c3865776e20c53 "Elasticsearch built-in security features are not enabled. Without authentication, your cluster could be accessible to anyone. See https://www.elastic.co/guide/en/elasticsearch/reference/7.16/security-minimal-setup.html to enable security."],[299 Elasticsearch-7.16.1-5b38441b16b1ebb16a27c107a4c3865776e20c53 "[ignore_throttled] parameter is deprecated because frozen indices have been deprecated. Consider cold or frozen tiers in place of frozen indices."]
2023-08-04 12:58:20,854 INFO  [com.dot.ContainerResource] (docker-java-stream-1865446083) STDOUT: 12:58:20.854  WARN  client.RestClient - request [POST http://elasticsearch:9200/cluster_c40f8aa8c9.live_20230804125756/_search?typed_keys=true&max_concurrent_shard_requests=5&ignore_unavailable=false&expand_wildcards=open&allow_no_indices=true&ignore_throttled=true&search_type=query_then_fetch&batched_reduce_size=512&ccs_minimize_roundtrips=true] returned 2 warnings: [299 Elasticsearch-7.16.1-5b38441b16b1ebb16a27c107a4c3865776e20c53 "Elasticsearch built-in security features are not enabled. Without authentication, your cluster could be accessible to anyone. See https://www.elastic.co/guide/en/elasticsearch/reference/7.16/security-minimal-setup.html to enable security."],[299 Elasticsearch-7.16.1-5b38441b16b1ebb16a27c107a4c3865776e20c53 "[ignore_throttled] parameter is deprecated because frozen indices have been deprecated. Consider cold or frozen tiers in place of frozen indices."]
2023-08-04 12:58:20,858 INFO  [com.dot.ContainerResource] (docker-java-stream-1865446083) STDOUT: 12:58:20.858  WARN  client.RestClient - request [POST http://elasticsearch:9200/cluster_c40f8aa8c9.live_20230804125756/_search?typed_keys=true&max_concurrent_shard_requests=5&ignore_unavailable=false&expand_wildcards=open&allow_no_indices=true&ignore_throttled=true&search_type=query_then_fetch&batched_reduce_size=512&ccs_minimize_roundtrips=true] returned 2 warnings: [299 Elasticsearch-7.16.1-5b38441b16b1ebb16a27c107a4c3865776e20c53 "Elasticsearch built-in security features are not enabled. Without authentication, your cluster could be accessible to anyone. See https://www.elastic.co/guide/en/elasticsearch/reference/7.16/security-minimal-setup.html to enable security."],[299 Elasticsearch-7.16.1-5b38441b16b1ebb16a27c107a4c3865776e20c53 "[ignore_throttled] parameter is deprecated because frozen indices have been deprecated. Consider cold or frozen tiers in place of frozen indices."]
2023-08-04 12:58:20,861 INFO  [com.dot.ContainerResource] (docker-java-stream-1865446083) STDOUT: 12:58:20.861  WARN  client.RestClient - request [POST http://elasticsearch:9200/cluster_c40f8aa8c9.live_20230804125756/_search?typed_keys=true&max_concurrent_shard_requests=5&ignore_unavailable=false&expand_wildcards=open&allow_no_indices=true&ignore_throttled=true&search_type=query_then_fetch&batched_reduce_size=512&ccs_minimize_roundtrips=true] returned 2 warnings: [299 Elasticsearch-7.16.1-5b38441b16b1ebb16a27c107a4c3865776e20c53 "Elasticsearch built-in security features are not enabled. Without authentication, your cluster could be accessible to anyone. See https://www.elastic.co/guide/en/elasticsearch/reference/7.16/security-minimal-setup.html to enable security."],[299 Elasticsearch-7.16.1-5b38441b16b1ebb16a27c107a4c3865776e20c53 "[ignore_throttled] parameter is deprecated because frozen indices have been deprecated. Consider cold or frozen tiers in place of frozen indices."]
2023-08-04 12:58:20,865 INFO  [com.dot.ContainerResource] (docker-java-stream-1865446083) STDOUT: 12:58:20.864  WARN  client.RestClient - request [POST http://elasticsearch:9200/cluster_c40f8aa8c9.live_20230804125756/_search?typed_keys=true&max_concurrent_shard_requests=5&ignore_unavailable=false&expand_wildcards=open&allow_no_indices=true&ignore_throttled=true&search_type=query_then_fetch&batched_reduce_size=512&ccs_minimize_roundtrips=true] returned 2 warnings: [299 Elasticsearch-7.16.1-5b38441b16b1ebb16a27c107a4c3865776e20c53 "Elasticsearch built-in security features are not enabled. Without authentication, your cluster could be accessible to anyone. See https://www.elastic.co/guide/en/elasticsearch/reference/7.16/security-minimal-setup.html to enable security."],[299 Elasticsearch-7.16.1-5b38441b16b1ebb16a27c107a4c3865776e20c53 "[ignore_throttled] parameter is deprecated because frozen indices have been deprecated. Consider cold or frozen tiers in place of frozen indices."]
2023-08-04 12:58:20,868 INFO  [com.dot.ContainerResource] (docker-java-stream-1865446083) STDOUT: 12:58:20.868  WARN  client.RestClient - request [POST http://elasticsearch:9200/cluster_c40f8aa8c9.live_20230804125756/_search?typed_keys=true&max_concurrent_shard_requests=5&ignore_unavailable=false&expand_wildcards=open&allow_no_indices=true&ignore_throttled=true&search_type=query_then_fetch&batched_reduce_size=512&ccs_minimize_roundtrips=true] returned 2 warnings: [299 Elasticsearch-7.16.1-5b38441b16b1ebb16a27c107a4c3865776e20c53 "Elasticsearch built-in security features are not enabled. Without authentication, your cluster could be accessible to anyone. See https://www.elastic.co/guide/en/elasticsearch/reference/7.16/security-minimal-setup.html to enable security."],[299 Elasticsearch-7.16.1-5b38441b16b1ebb16a27c107a4c3865776e20c53 "[ignore_throttled] parameter is deprecated because frozen indices have been deprecated. Consider cold or frozen tiers in place of frozen indices."]
2023-08-04 12:58:20,871 INFO  [com.dot.ContainerResource] (docker-java-stream-1865446083) STDOUT: 12:58:20.871  WARN  client.RestClient - request [POST http://elasticsearch:9200/cluster_c40f8aa8c9.live_20230804125756/_search?typed_keys=true&max_concurrent_shard_requests=5&ignore_unavailable=false&expand_wildcards=open&allow_no_indices=true&ignore_throttled=true&search_type=query_then_fetch&batched_reduce_size=512&ccs_minimize_roundtrips=true] returned 2 warnings: [299 Elasticsearch-7.16.1-5b38441b16b1ebb16a27c107a4c3865776e20c53 "Elasticsearch built-in security features are not enabled. Without authentication, your cluster could be accessible to anyone. See https://www.elastic.co/guide/en/elasticsearch/reference/7.16/security-minimal-setup.html to enable security."],[299 Elasticsearch-7.16.1-5b38441b16b1ebb16a27c107a4c3865776e20c53 "[ignore_throttled] parameter is deprecated because frozen indices have been deprecated. Consider cold or frozen tiers in place of frozen indices."]
2023-08-04 12:58:20,875 INFO  [com.dot.ContainerResource] (docker-java-stream-1865446083) STDOUT: 12:58:20.875  WARN  client.RestClient - request [POST http://elasticsearch:9200/cluster_c40f8aa8c9.live_20230804125756/_search?typed_keys=true&max_concurrent_shard_requests=5&ignore_unavailable=false&expand_wildcards=open&allow_no_indices=true&ignore_throttled=true&search_type=query_then_fetch&batched_reduce_size=512&ccs_minimize_roundtrips=true] returned 2 warnings: [299 Elasticsearch-7.16.1-5b38441b16b1ebb16a27c107a4c3865776e20c53 "Elasticsearch built-in security features are not enabled. Without authentication, your cluster could be accessible to anyone. See https://www.elastic.co/guide/en/elasticsearch/reference/7.16/security-minimal-setup.html to enable security."],[299 Elasticsearch-7.16.1-5b38441b16b1ebb16a27c107a4c3865776e20c53 "[ignore_throttled] parameter is deprecated because frozen indices have been deprecated. Consider cold or frozen tiers in place of frozen indices."]
2023-08-04 12:58:20,878 INFO  [com.dot.ContainerResource] (docker-java-stream-1865446083) STDOUT: 12:58:20.878  WARN  client.RestClient - request [POST http://elasticsearch:9200/cluster_c40f8aa8c9.live_20230804125756/_search?typed_keys=true&max_concurrent_shard_requests=5&ignore_unavailable=false&expand_wildcards=open&allow_no_indices=true&ignore_throttled=true&search_type=query_then_fetch&batched_reduce_size=512&ccs_minimize_roundtrips=true] returned 2 warnings: [299 Elasticsearch-7.16.1-5b38441b16b1ebb16a27c107a4c3865776e20c53 "Elasticsearch built-in security features are not enabled. Without authentication, your cluster could be accessible to anyone. See https://www.elastic.co/guide/en/elasticsearch/reference/7.16/security-minimal-setup.html to enable security."],[299 Elasticsearch-7.16.1-5b38441b16b1ebb16a27c107a4c3865776e20c53 "[ignore_throttled] parameter is deprecated because frozen indices have been deprecated. Consider cold or frozen tiers in place of frozen indices."]
2023-08-04 12:58:20,882 INFO  [com.dot.ContainerResource] (docker-java-stream-1865446083) STDOUT: 12:58:20.881  WARN  client.RestClient - request [POST http://elasticsearch:9200/cluster_c40f8aa8c9.live_20230804125756/_search?typed_keys=true&max_concurrent_shard_requests=5&ignore_unavailable=false&expand_wildcards=open&allow_no_indices=true&ignore_throttled=true&search_type=query_then_fetch&batched_reduce_size=512&ccs_minimize_roundtrips=true] returned 2 warnings: [299 Elasticsearch-7.16.1-5b38441b16b1ebb16a27c107a4c3865776e20c53 "Elasticsearch built-in security features are not enabled. Without authentication, your cluster could be accessible to anyone. See https://www.elastic.co/guide/en/elasticsearch/reference/7.16/security-minimal-setup.html to enable security."],[299 Elasticsearch-7.16.1-5b38441b16b1ebb16a27c107a4c3865776e20c53 "[ignore_throttled] parameter is deprecated because frozen indices have been deprecated. Consider cold or frozen tiers in place of frozen indices."]
2023-08-04 12:58:20,885 INFO  [com.dot.ContainerResource] (docker-java-stream-1865446083) STDOUT: 12:58:20.885  WARN  client.RestClient - request [POST http://elasticsearch:9200/cluster_c40f8aa8c9.live_20230804125756/_search?typed_keys=true&max_concurrent_shard_requests=5&ignore_unavailable=false&expand_wildcards=open&allow_no_indices=true&ignore_throttled=true&search_type=query_then_fetch&batched_reduce_size=512&ccs_minimize_roundtrips=true] returned 2 warnings: [299 Elasticsearch-7.16.1-5b38441b16b1ebb16a27c107a4c3865776e20c53 "Elasticsearch built-in security features are not enabled. Without authentication, your cluster could be accessible to anyone. See https://www.elastic.co/guide/en/elasticsearch/reference/7.16/security-minimal-setup.html to enable security."],[299 Elasticsearch-7.16.1-5b38441b16b1ebb16a27c107a4c3865776e20c53 "[ignore_throttled] parameter is deprecated because frozen indices have been deprecated. Consider cold or frozen tiers in place of frozen indices."]
2023-08-04 12:58:20,888 INFO  [com.dot.ContainerResource] (docker-java-stream-1865446083) STDOUT: 12:58:20.888  WARN  client.RestClient - request [POST http://elasticsearch:9200/cluster_c40f8aa8c9.live_20230804125756/_search?typed_keys=true&max_concurrent_shard_requests=5&ignore_unavailable=false&expand_wildcards=open&allow_no_indices=true&ignore_throttled=true&search_type=query_then_fetch&batched_reduce_size=512&ccs_minimize_roundtrips=true] returned 2 warnings: [299 Elasticsearch-7.16.1-5b38441b16b1ebb16a27c107a4c3865776e20c53 "Elasticsearch built-in security features are not enabled. Without authentication, your cluster could be accessible to anyone. See https://www.elastic.co/guide/en/elasticsearch/reference/7.16/security-minimal-setup.html to enable security."],[299 Elasticsearch-7.16.1-5b38441b16b1ebb16a27c107a4c3865776e20c53 "[ignore_throttled] parameter is deprecated because frozen indices have been deprecated. Consider cold or frozen tiers in place of frozen indices."]
2023-08-04 12:58:20,891 INFO  [com.dot.ContainerResource] (docker-java-stream-1865446083) STDOUT: 12:58:20.891  WARN  client.RestClient - request [POST http://elasticsearch:9200/cluster_c40f8aa8c9.live_20230804125756/_search?typed_keys=true&max_concurrent_shard_requests=5&ignore_unavailable=false&expand_wildcards=open&allow_no_indices=true&ignore_throttled=true&search_type=query_then_fetch&batched_reduce_size=512&ccs_minimize_roundtrips=true] returned 2 warnings: [299 Elasticsearch-7.16.1-5b38441b16b1ebb16a27c107a4c3865776e20c53 "Elasticsearch built-in security features are not enabled. Without authentication, your cluster could be accessible to anyone. See https://www.elastic.co/guide/en/elasticsearch/reference/7.16/security-minimal-setup.html to enable security."],[299 Elasticsearch-7.16.1-5b38441b16b1ebb16a27c107a4c3865776e20c53 "[ignore_throttled] parameter is deprecated because frozen indices have been deprecated. Consider cold or frozen tiers in place of frozen indices."]
2023-08-04 12:58:20,894 INFO  [com.dot.ContainerResource] (docker-java-stream-1865446083) STDOUT: 12:58:20.894  WARN  client.RestClient - request [POST http://elasticsearch:9200/cluster_c40f8aa8c9.live_20230804125756/_search?typed_keys=true&max_concurrent_shard_requests=5&ignore_unavailable=false&expand_wildcards=open&allow_no_indices=true&ignore_throttled=true&search_type=query_then_fetch&batched_reduce_size=512&ccs_minimize_roundtrips=true] returned 2 warnings: [299 Elasticsearch-7.16.1-5b38441b16b1ebb16a27c107a4c3865776e20c53 "Elasticsearch built-in security features are not enabled. Without authentication, your cluster could be accessible to anyone. See https://www.elastic.co/guide/en/elasticsearch/reference/7.16/security-minimal-setup.html to enable security."],[299 Elasticsearch-7.16.1-5b38441b16b1ebb16a27c107a4c3865776e20c53 "[ignore_throttled] parameter is deprecated because frozen indices have been deprecated. Consider cold or frozen tiers in place of frozen indices."]
2023-08-04 12:58:20,899 INFO  [com.dot.ContainerResource] (docker-java-stream-1865446083) STDOUT: 12:58:20.899  WARN  client.RestClient - request [POST http://elasticsearch:9200/cluster_c40f8aa8c9.live_20230804125756/_search?typed_keys=true&max_concurrent_shard_requests=5&ignore_unavailable=false&expand_wildcards=open&allow_no_indices=true&ignore_throttled=true&search_type=query_then_fetch&batched_reduce_size=512&ccs_minimize_roundtrips=true] returned 2 warnings: [299 Elasticsearch-7.16.1-5b38441b16b1ebb16a27c107a4c3865776e20c53 "Elasticsearch built-in security features are not enabled. Without authentication, your cluster could be accessible to anyone. See https://www.elastic.co/guide/en/elasticsearch/reference/7.16/security-minimal-setup.html to enable security."],[299 Elasticsearch-7.16.1-5b38441b16b1ebb16a27c107a4c3865776e20c53 "[ignore_throttled] parameter is deprecated because frozen indices have been deprecated. Consider cold or frozen tiers in place of frozen indices."]
2023-08-04 12:58:20,903 INFO  [com.dot.ContainerResource] (docker-java-stream-1865446083) STDOUT: 12:58:20.903  WARN  client.RestClient - request [POST http://elasticsearch:9200/cluster_c40f8aa8c9.live_20230804125756/_search?typed_keys=true&max_concurrent_shard_requests=5&ignore_unavailable=false&expand_wildcards=open&allow_no_indices=true&ignore_throttled=true&search_type=query_then_fetch&batched_reduce_size=512&ccs_minimize_roundtrips=true] returned 2 warnings: [299 Elasticsearch-7.16.1-5b38441b16b1ebb16a27c107a4c3865776e20c53 "Elasticsearch built-in security features are not enabled. Without authentication, your cluster could be accessible to anyone. See https://www.elastic.co/guide/en/elasticsearch/reference/7.16/security-minimal-setup.html to enable security."],[299 Elasticsearch-7.16.1-5b38441b16b1ebb16a27c107a4c3865776e20c53 "[ignore_throttled] parameter is deprecated because frozen indices have been deprecated. Consider cold or frozen tiers in place of frozen indices."]
2023-08-04 12:58:20,906 INFO  [com.dot.ContainerResource] (docker-java-stream-1865446083) STDOUT: 12:58:20.906  WARN  client.RestClient - request [POST http://elasticsearch:9200/cluster_c40f8aa8c9.live_20230804125756/_search?typed_keys=true&max_concurrent_shard_requests=5&ignore_unavailable=false&expand_wildcards=open&allow_no_indices=true&ignore_throttled=true&search_type=query_then_fetch&batched_reduce_size=512&ccs_minimize_roundtrips=true] returned 2 warnings: [299 Elasticsearch-7.16.1-5b38441b16b1ebb16a27c107a4c3865776e20c53 "Elasticsearch built-in security features are not enabled. Without authentication, your cluster could be accessible to anyone. See https://www.elastic.co/guide/en/elasticsearch/reference/7.16/security-minimal-setup.html to enable security."],[299 Elasticsearch-7.16.1-5b38441b16b1ebb16a27c107a4c3865776e20c53 "[ignore_throttled] parameter is deprecated because frozen indices have been deprecated. Consider cold or frozen tiers in place of frozen indices."]
2023-08-04 12:58:20,909 INFO  [com.dot.ContainerResource] (docker-java-stream-1865446083) STDOUT: 12:58:20.909  WARN  client.RestClient - request [POST http://elasticsearch:9200/cluster_c40f8aa8c9.live_20230804125756/_search?typed_keys=true&max_concurrent_shard_requests=5&ignore_unavailable=false&expand_wildcards=open&allow_no_indices=true&ignore_throttled=true&search_type=query_then_fetch&batched_reduce_size=512&ccs_minimize_roundtrips=true] returned 2 warnings: [299 Elasticsearch-7.16.1-5b38441b16b1ebb16a27c107a4c3865776e20c53 "Elasticsearch built-in security features are not enabled. Without authentication, your cluster could be accessible to anyone. See https://www.elastic.co/guide/en/elasticsearch/reference/7.16/security-minimal-setup.html to enable security."],[299 Elasticsearch-7.16.1-5b38441b16b1ebb16a27c107a4c3865776e20c53 "[ignore_throttled] parameter is deprecated because frozen indices have been deprecated. Consider cold or frozen tiers in place of frozen indices."]
2023-08-04 12:58:20,914 INFO  [com.dot.ContainerResource] (docker-java-stream-1865446083) STDOUT: 12:58:20.913  WARN  client.RestClient - request [POST http://elasticsearch:9200/cluster_c40f8aa8c9.live_20230804125756/_search?typed_keys=true&max_concurrent_shard_requests=5&ignore_unavailable=false&expand_wildcards=open&allow_no_indices=true&ignore_throttled=true&search_type=query_then_fetch&batched_reduce_size=512&ccs_minimize_roundtrips=true] returned 2 warnings: [299 Elasticsearch-7.16.1-5b38441b16b1ebb16a27c107a4c3865776e20c53 "Elasticsearch built-in security features are not enabled. Without authentication, your cluster could be accessible to anyone. See https://www.elastic.co/guide/en/elasticsearch/reference/7.16/security-minimal-setup.html to enable security."],[299 Elasticsearch-7.16.1-5b38441b16b1ebb16a27c107a4c3865776e20c53 "[ignore_throttled] parameter is deprecated because frozen indices have been deprecated. Consider cold or frozen tiers in place of frozen indices."]
2023-08-04 12:58:20,917 INFO  [com.dot.ContainerResource] (docker-java-stream-1865446083) STDOUT: 12:58:20.917  WARN  client.RestClient - request [POST http://elasticsearch:9200/cluster_c40f8aa8c9.live_20230804125756/_search?typed_keys=true&max_concurrent_shard_requests=5&ignore_unavailable=false&expand_wildcards=open&allow_no_indices=true&ignore_throttled=true&search_type=query_then_fetch&batched_reduce_size=512&ccs_minimize_roundtrips=true] returned 2 warnings: [299 Elasticsearch-7.16.1-5b38441b16b1ebb16a27c107a4c3865776e20c53 "Elasticsearch built-in security features are not enabled. Without authentication, your cluster could be accessible to anyone. See https://www.elastic.co/guide/en/elasticsearch/reference/7.16/security-minimal-setup.html to enable security."],[299 Elasticsearch-7.16.1-5b38441b16b1ebb16a27c107a4c3865776e20c53 "[ignore_throttled] parameter is deprecated because frozen indices have been deprecated. Consider cold or frozen tiers in place of frozen indices."]
2023-08-04 12:58:20,921 INFO  [com.dot.ContainerResource] (docker-java-stream-1865446083) STDOUT: 12:58:20.921  WARN  client.RestClient - request [POST http://elasticsearch:9200/cluster_c40f8aa8c9.live_20230804125756/_search?typed_keys=true&max_concurrent_shard_requests=5&ignore_unavailable=false&expand_wildcards=open&allow_no_indices=true&ignore_throttled=true&search_type=query_then_fetch&batched_reduce_size=512&ccs_minimize_roundtrips=true] returned 2 warnings: [299 Elasticsearch-7.16.1-5b38441b16b1ebb16a27c107a4c3865776e20c53 "Elasticsearch built-in security features are not enabled. Without authentication, your cluster could be accessible to anyone. See https://www.elastic.co/guide/en/elasticsearch/reference/7.16/security-minimal-setup.html to enable security."],[299 Elasticsearch-7.16.1-5b38441b16b1ebb16a27c107a4c3865776e20c53 "[ignore_throttled] parameter is deprecated because frozen indices have been deprecated. Consider cold or frozen tiers in place of frozen indices."]
2023-08-04 12:58:20,924 INFO  [com.dot.ContainerResource] (docker-java-stream-1865446083) STDOUT: 12:58:20.924  WARN  client.RestClient - request [POST http://elasticsearch:9200/cluster_c40f8aa8c9.live_20230804125756/_search?typed_keys=true&max_concurrent_shard_requests=5&ignore_unavailable=false&expand_wildcards=open&allow_no_indices=true&ignore_throttled=true&search_type=query_then_fetch&batched_reduce_size=512&ccs_minimize_roundtrips=true] returned 2 warnings: [299 Elasticsearch-7.16.1-5b38441b16b1ebb16a27c107a4c3865776e20c53 "Elasticsearch built-in security features are not enabled. Without authentication, your cluster could be accessible to anyone. See https://www.elastic.co/guide/en/elasticsearch/reference/7.16/security-minimal-setup.html to enable security."],[299 Elasticsearch-7.16.1-5b38441b16b1ebb16a27c107a4c3865776e20c53 "[ignore_throttled] parameter is deprecated because frozen indices have been deprecated. Consider cold or frozen tiers in place of frozen indices."]
2023-08-04 12:58:20,928 INFO  [com.dot.ContainerResource] (docker-java-stream-1865446083) STDOUT: 12:58:20.928  WARN  client.RestClient - request [POST http://elasticsearch:9200/cluster_c40f8aa8c9.live_20230804125756/_search?typed_keys=true&max_concurrent_shard_requests=5&ignore_unavailable=false&expand_wildcards=open&allow_no_indices=true&ignore_throttled=true&search_type=query_then_fetch&batched_reduce_size=512&ccs_minimize_roundtrips=true] returned 2 warnings: [299 Elasticsearch-7.16.1-5b38441b16b1ebb16a27c107a4c3865776e20c53 "Elasticsearch built-in security features are not enabled. Without authentication, your cluster could be accessible to anyone. See https://www.elastic.co/guide/en/elasticsearch/reference/7.16/security-minimal-setup.html to enable security."],[299 Elasticsearch-7.16.1-5b38441b16b1ebb16a27c107a4c3865776e20c53 "[ignore_throttled] parameter is deprecated because frozen indices have been deprecated. Consider cold or frozen tiers in place of frozen indices."]
2023-08-04 12:58:20,942 INFO  [com.dot.ContainerResource] (docker-java-stream-1865446083) STDOUT: 12:58:20.942  WARN  client.RestClient - request [POST http://elasticsearch:9200/cluster_c40f8aa8c9.live_20230804125756/_search?typed_keys=true&max_concurrent_shard_requests=5&ignore_unavailable=false&expand_wildcards=open&allow_no_indices=true&ignore_throttled=true&search_type=query_then_fetch&batched_reduce_size=512&ccs_minimize_roundtrips=true] returned 2 warnings: [299 Elasticsearch-7.16.1-5b38441b16b1ebb16a27c107a4c3865776e20c53 "Elasticsearch built-in security features are not enabled. Without authentication, your cluster could be accessible to anyone. See https://www.elastic.co/guide/en/elasticsearch/reference/7.16/security-minimal-setup.html to enable security."],[299 Elasticsearch-7.16.1-5b38441b16b1ebb16a27c107a4c3865776e20c53 "[ignore_throttled] parameter is deprecated because frozen indices have been deprecated. Consider cold or frozen tiers in place of frozen indices."]
2023-08-04 12:58:20,946 INFO  [com.dot.ContainerResource] (docker-java-stream-1865446083) STDOUT: 12:58:20.945  WARN  client.RestClient - request [POST http://elasticsearch:9200/cluster_c40f8aa8c9.live_20230804125756/_search?typed_keys=true&max_concurrent_shard_requests=5&ignore_unavailable=false&expand_wildcards=open&allow_no_indices=true&ignore_throttled=true&search_type=query_then_fetch&batched_reduce_size=512&ccs_minimize_roundtrips=true] returned 2 warnings: [299 Elasticsearch-7.16.1-5b38441b16b1ebb16a27c107a4c3865776e20c53 "Elasticsearch built-in security features are not enabled. Without authentication, your cluster could be accessible to anyone. See https://www.elastic.co/guide/en/elasticsearch/reference/7.16/security-minimal-setup.html to enable security."],[299 Elasticsearch-7.16.1-5b38441b16b1ebb16a27c107a4c3865776e20c53 "[ignore_throttled] parameter is deprecated because frozen indices have been deprecated. Consider cold or frozen tiers in place of frozen indices."]
2023-08-04 12:58:21,137 INFO  [com.dot.ContainerResource] (docker-java-stream-1865446083) STDOUT: 12:58:21.137  WARN  client.RestClient - request [POST http://elasticsearch:9200/cluster_c40f8aa8c9.live_20230804125756/_search?typed_keys=true&max_concurrent_shard_requests=5&ignore_unavailable=false&expand_wildcards=open&allow_no_indices=true&ignore_throttled=true&search_type=query_then_fetch&batched_reduce_size=512&ccs_minimize_roundtrips=true] returned 2 warnings: [299 Elasticsearch-7.16.1-5b38441b16b1ebb16a27c107a4c3865776e20c53 "Elasticsearch built-in security features are not enabled. Without authentication, your cluster could be accessible to anyone. See https://www.elastic.co/guide/en/elasticsearch/reference/7.16/security-minimal-setup.html to enable security."],[299 Elasticsearch-7.16.1-5b38441b16b1ebb16a27c107a4c3865776e20c53 "[ignore_throttled] parameter is deprecated because frozen indices have been deprecated. Consider cold or frozen tiers in place of frozen indices."]
2023-08-04 12:58:21,141 INFO  [com.dot.ContainerResource] (docker-java-stream-1865446083) STDOUT: 12:58:21.140  WARN  client.RestClient - request [POST http://elasticsearch:9200/cluster_c40f8aa8c9.live_20230804125756/_search?typed_keys=true&max_concurrent_shard_requests=5&ignore_unavailable=false&expand_wildcards=open&allow_no_indices=true&ignore_throttled=true&search_type=query_then_fetch&batched_reduce_size=512&ccs_minimize_roundtrips=true] returned 2 warnings: [299 Elasticsearch-7.16.1-5b38441b16b1ebb16a27c107a4c3865776e20c53 "Elasticsearch built-in security features are not enabled. Without authentication, your cluster could be accessible to anyone. See https://www.elastic.co/guide/en/elasticsearch/reference/7.16/security-minimal-setup.html to enable security."],[299 Elasticsearch-7.16.1-5b38441b16b1ebb16a27c107a4c3865776e20c53 "[ignore_throttled] parameter is deprecated because frozen indices have been deprecated. Consider cold or frozen tiers in place of frozen indices."]
2023-08-04 12:58:21,148 INFO  [com.dot.ContainerResource] (docker-java-stream-1865446083) STDOUT: 12:58:21.148  WARN  client.RestClient - request [POST http://elasticsearch:9200/cluster_c40f8aa8c9.live_20230804125756/_search?typed_keys=true&max_concurrent_shard_requests=5&ignore_unavailable=false&expand_wildcards=open&allow_no_indices=true&ignore_throttled=true&search_type=query_then_fetch&batched_reduce_size=512&ccs_minimize_roundtrips=true] returned 2 warnings: [299 Elasticsearch-7.16.1-5b38441b16b1ebb16a27c107a4c3865776e20c53 "Elasticsearch built-in security features are not enabled. Without authentication, your cluster could be accessible to anyone. See https://www.elastic.co/guide/en/elasticsearch/reference/7.16/security-minimal-setup.html to enable security."],[299 Elasticsearch-7.16.1-5b38441b16b1ebb16a27c107a4c3865776e20c53 "[ignore_throttled] parameter is deprecated because frozen indices have been deprecated. Consider cold or frozen tiers in place of frozen indices."]
2023-08-04 12:58:21,152 INFO  [com.dot.ContainerResource] (docker-java-stream-1865446083) STDOUT: 12:58:21.152  WARN  client.RestClient - request [POST http://elasticsearch:9200/cluster_c40f8aa8c9.live_20230804125756/_search?typed_keys=true&max_concurrent_shard_requests=5&ignore_unavailable=false&expand_wildcards=open&allow_no_indices=true&ignore_throttled=true&search_type=query_then_fetch&batched_reduce_size=512&ccs_minimize_roundtrips=true] returned 2 warnings: [299 Elasticsearch-7.16.1-5b38441b16b1ebb16a27c107a4c3865776e20c53 "Elasticsearch built-in security features are not enabled. Without authentication, your cluster could be accessible to anyone. See https://www.elastic.co/guide/en/elasticsearch/reference/7.16/security-minimal-setup.html to enable security."],[299 Elasticsearch-7.16.1-5b38441b16b1ebb16a27c107a4c3865776e20c53 "[ignore_throttled] parameter is deprecated because frozen indices have been deprecated. Consider cold or frozen tiers in place of frozen indices."]
2023-08-04 12:58:21,157 INFO  [com.dot.ContainerResource] (docker-java-stream-1865446083) STDOUT: 12:58:21.157  WARN  client.RestClient - request [POST http://elasticsearch:9200/cluster_c40f8aa8c9.live_20230804125756/_search?typed_keys=true&max_concurrent_shard_requests=5&ignore_unavailable=false&expand_wildcards=open&allow_no_indices=true&ignore_throttled=true&search_type=query_then_fetch&batched_reduce_size=512&ccs_minimize_roundtrips=true] returned 2 warnings: [299 Elasticsearch-7.16.1-5b38441b16b1ebb16a27c107a4c3865776e20c53 "Elasticsearch built-in security features are not enabled. Without authentication, your cluster could be accessible to anyone. See https://www.elastic.co/guide/en/elasticsearch/reference/7.16/security-minimal-setup.html to enable security."],[299 Elasticsearch-7.16.1-5b38441b16b1ebb16a27c107a4c3865776e20c53 "[ignore_throttled] parameter is deprecated because frozen indices have been deprecated. Consider cold or frozen tiers in place of frozen indices."]
2023-08-04 12:58:21,160 INFO  [com.dot.ContainerResource] (docker-java-stream-1865446083) STDOUT: 12:58:21.160  WARN  client.RestClient - request [POST http://elasticsearch:9200/cluster_c40f8aa8c9.live_20230804125756/_search?typed_keys=true&max_concurrent_shard_requests=5&ignore_unavailable=false&expand_wildcards=open&allow_no_indices=true&ignore_throttled=true&search_type=query_then_fetch&batched_reduce_size=512&ccs_minimize_roundtrips=true] returned 2 warnings: [299 Elasticsearch-7.16.1-5b38441b16b1ebb16a27c107a4c3865776e20c53 "Elasticsearch built-in security features are not enabled. Without authentication, your cluster could be accessible to anyone. See https://www.elastic.co/guide/en/elasticsearch/reference/7.16/security-minimal-setup.html to enable security."],[299 Elasticsearch-7.16.1-5b38441b16b1ebb16a27c107a4c3865776e20c53 "[ignore_throttled] parameter is deprecated because frozen indices have been deprecated. Consider cold or frozen tiers in place of frozen indices."]
2023-08-04 12:58:21,166 INFO  [com.dot.ContainerResource] (docker-java-stream-1865446083) STDOUT: 12:58:21.166  WARN  client.RestClient - request [POST http://elasticsearch:9200/cluster_c40f8aa8c9.live_20230804125756/_search?typed_keys=true&max_concurrent_shard_requests=5&ignore_unavailable=false&expand_wildcards=open&allow_no_indices=true&ignore_throttled=true&search_type=query_then_fetch&batched_reduce_size=512&ccs_minimize_roundtrips=true] returned 2 warnings: [299 Elasticsearch-7.16.1-5b38441b16b1ebb16a27c107a4c3865776e20c53 "Elasticsearch built-in security features are not enabled. Without authentication, your cluster could be accessible to anyone. See https://www.elastic.co/guide/en/elasticsearch/reference/7.16/security-minimal-setup.html to enable security."],[299 Elasticsearch-7.16.1-5b38441b16b1ebb16a27c107a4c3865776e20c53 "[ignore_throttled] parameter is deprecated because frozen indices have been deprecated. Consider cold or frozen tiers in place of frozen indices."]
2023-08-04 12:58:21,170 INFO  [com.dot.ContainerResource] (docker-java-stream-1865446083) STDOUT: 12:58:21.170  WARN  client.RestClient - request [POST http://elasticsearch:9200/cluster_c40f8aa8c9.live_20230804125756/_search?typed_keys=true&max_concurrent_shard_requests=5&ignore_unavailable=false&expand_wildcards=open&allow_no_indices=true&ignore_throttled=true&search_type=query_then_fetch&batched_reduce_size=512&ccs_minimize_roundtrips=true] returned 2 warnings: [299 Elasticsearch-7.16.1-5b38441b16b1ebb16a27c107a4c3865776e20c53 "Elasticsearch built-in security features are not enabled. Without authentication, your cluster could be accessible to anyone. See https://www.elastic.co/guide/en/elasticsearch/reference/7.16/security-minimal-setup.html to enable security."],[299 Elasticsearch-7.16.1-5b38441b16b1ebb16a27c107a4c3865776e20c53 "[ignore_throttled] parameter is deprecated because frozen indices have been deprecated. Consider cold or frozen tiers in place of frozen indices."]
2023-08-04 12:58:21,174 INFO  [com.dot.ContainerResource] (docker-java-stream-1865446083) STDOUT: 12:58:21.174  WARN  client.RestClient - request [POST http://elasticsearch:9200/cluster_c40f8aa8c9.live_20230804125756/_search?typed_keys=true&max_concurrent_shard_requests=5&ignore_unavailable=false&expand_wildcards=open&allow_no_indices=true&ignore_throttled=true&search_type=query_then_fetch&batched_reduce_size=512&ccs_minimize_roundtrips=true] returned 2 warnings: [299 Elasticsearch-7.16.1-5b38441b16b1ebb16a27c107a4c3865776e20c53 "Elasticsearch built-in security features are not enabled. Without authentication, your cluster could be accessible to anyone. See https://www.elastic.co/guide/en/elasticsearch/reference/7.16/security-minimal-setup.html to enable security."],[299 Elasticsearch-7.16.1-5b38441b16b1ebb16a27c107a4c3865776e20c53 "[ignore_throttled] parameter is deprecated because frozen indices have been deprecated. Consider cold or frozen tiers in place of frozen indices."]
2023-08-04 12:58:21,178 INFO  [com.dot.ContainerResource] (docker-java-stream-1865446083) STDOUT: 12:58:21.178  WARN  client.RestClient - request [POST http://elasticsearch:9200/cluster_c40f8aa8c9.live_20230804125756/_search?typed_keys=true&max_concurrent_shard_requests=5&ignore_unavailable=false&expand_wildcards=open&allow_no_indices=true&ignore_throttled=true&search_type=query_then_fetch&batched_reduce_size=512&ccs_minimize_roundtrips=true] returned 2 warnings: [299 Elasticsearch-7.16.1-5b38441b16b1ebb16a27c107a4c3865776e20c53 "Elasticsearch built-in security features are not enabled. Without authentication, your cluster could be accessible to anyone. See https://www.elastic.co/guide/en/elasticsearch/reference/7.16/security-minimal-setup.html to enable security."],[299 Elasticsearch-7.16.1-5b38441b16b1ebb16a27c107a4c3865776e20c53 "[ignore_throttled] parameter is deprecated because frozen indices have been deprecated. Consider cold or frozen tiers in place of frozen indices."]
2023-08-04 12:58:21,183 INFO  [com.dot.ContainerResource] (docker-java-stream-1865446083) STDOUT: 12:58:21.183  WARN  client.RestClient - request [POST http://elasticsearch:9200/cluster_c40f8aa8c9.live_20230804125756/_search?typed_keys=true&max_concurrent_shard_requests=5&ignore_unavailable=false&expand_wildcards=open&allow_no_indices=true&ignore_throttled=true&search_type=query_then_fetch&batched_reduce_size=512&ccs_minimize_roundtrips=true] returned 2 warnings: [299 Elasticsearch-7.16.1-5b38441b16b1ebb16a27c107a4c3865776e20c53 "Elasticsearch built-in security features are not enabled. Without authentication, your cluster could be accessible to anyone. See https://www.elastic.co/guide/en/elasticsearch/reference/7.16/security-minimal-setup.html to enable security."],[299 Elasticsearch-7.16.1-5b38441b16b1ebb16a27c107a4c3865776e20c53 "[ignore_throttled] parameter is deprecated because frozen indices have been deprecated. Consider cold or frozen tiers in place of frozen indices."]
2023-08-04 12:58:21,186 INFO  [com.dot.ContainerResource] (docker-java-stream-1865446083) STDOUT: 12:58:21.186  WARN  client.RestClient - request [POST http://elasticsearch:9200/cluster_c40f8aa8c9.live_20230804125756/_search?typed_keys=true&max_concurrent_shard_requests=5&ignore_unavailable=false&expand_wildcards=open&allow_no_indices=true&ignore_throttled=true&search_type=query_then_fetch&batched_reduce_size=512&ccs_minimize_roundtrips=true] returned 2 warnings: [299 Elasticsearch-7.16.1-5b38441b16b1ebb16a27c107a4c3865776e20c53 "Elasticsearch built-in security features are not enabled. Without authentication, your cluster could be accessible to anyone. See https://www.elastic.co/guide/en/elasticsearch/reference/7.16/security-minimal-setup.html to enable security."],[299 Elasticsearch-7.16.1-5b38441b16b1ebb16a27c107a4c3865776e20c53 "[ignore_throttled] parameter is deprecated because frozen indices have been deprecated. Consider cold or frozen tiers in place of frozen indices."]
2023-08-04 12:58:21,189 INFO  [com.dot.ContainerResource] (docker-java-stream-1865446083) STDOUT: 12:58:21.189  WARN  client.RestClient - request [POST http://elasticsearch:9200/cluster_c40f8aa8c9.live_20230804125756/_search?typed_keys=true&max_concurrent_shard_requests=5&ignore_unavailable=false&expand_wildcards=open&allow_no_indices=true&ignore_throttled=true&search_type=query_then_fetch&batched_reduce_size=512&ccs_minimize_roundtrips=true] returned 2 warnings: [299 Elasticsearch-7.16.1-5b38441b16b1ebb16a27c107a4c3865776e20c53 "Elasticsearch built-in security features are not enabled. Without authentication, your cluster could be accessible to anyone. See https://www.elastic.co/guide/en/elasticsearch/reference/7.16/security-minimal-setup.html to enable security."],[299 Elasticsearch-7.16.1-5b38441b16b1ebb16a27c107a4c3865776e20c53 "[ignore_throttled] parameter is deprecated because frozen indices have been deprecated. Consider cold or frozen tiers in place of frozen indices."]
2023-08-04 12:58:21,192 INFO  [com.dot.ContainerResource] (docker-java-stream-1865446083) STDOUT: 12:58:21.192  WARN  client.RestClient - request [POST http://elasticsearch:9200/cluster_c40f8aa8c9.live_20230804125756/_search?typed_keys=true&max_concurrent_shard_requests=5&ignore_unavailable=false&expand_wildcards=open&allow_no_indices=true&ignore_throttled=true&search_type=query_then_fetch&batched_reduce_size=512&ccs_minimize_roundtrips=true] returned 2 warnings: [299 Elasticsearch-7.16.1-5b38441b16b1ebb16a27c107a4c3865776e20c53 "Elasticsearch built-in security features are not enabled. Without authentication, your cluster could be accessible to anyone. See https://www.elastic.co/guide/en/elasticsearch/reference/7.16/security-minimal-setup.html to enable security."],[299 Elasticsearch-7.16.1-5b38441b16b1ebb16a27c107a4c3865776e20c53 "[ignore_throttled] parameter is deprecated because frozen indices have been deprecated. Consider cold or frozen tiers in place of frozen indices."]
2023-08-04 12:58:21,195 INFO  [com.dot.ContainerResource] (docker-java-stream-1865446083) STDOUT: 12:58:21.195  WARN  client.RestClient - request [POST http://elasticsearch:9200/cluster_c40f8aa8c9.live_20230804125756/_search?typed_keys=true&max_concurrent_shard_requests=5&ignore_unavailable=false&expand_wildcards=open&allow_no_indices=true&ignore_throttled=true&search_type=query_then_fetch&batched_reduce_size=512&ccs_minimize_roundtrips=true] returned 2 warnings: [299 Elasticsearch-7.16.1-5b38441b16b1ebb16a27c107a4c3865776e20c53 "Elasticsearch built-in security features are not enabled. Without authentication, your cluster could be accessible to anyone. See https://www.elastic.co/guide/en/elasticsearch/reference/7.16/security-minimal-setup.html to enable security."],[299 Elasticsearch-7.16.1-5b38441b16b1ebb16a27c107a4c3865776e20c53 "[ignore_throttled] parameter is deprecated because frozen indices have been deprecated. Consider cold or frozen tiers in place of frozen indices."]
2023-08-04 12:58:21,199 INFO  [com.dot.ContainerResource] (docker-java-stream-1865446083) STDOUT: 12:58:21.199  WARN  client.RestClient - request [POST http://elasticsearch:9200/cluster_c40f8aa8c9.live_20230804125756/_search?typed_keys=true&max_concurrent_shard_requests=5&ignore_unavailable=false&expand_wildcards=open&allow_no_indices=true&ignore_throttled=true&search_type=query_then_fetch&batched_reduce_size=512&ccs_minimize_roundtrips=true] returned 2 warnings: [299 Elasticsearch-7.16.1-5b38441b16b1ebb16a27c107a4c3865776e20c53 "Elasticsearch built-in security features are not enabled. Without authentication, your cluster could be accessible to anyone. See https://www.elastic.co/guide/en/elasticsearch/reference/7.16/security-minimal-setup.html to enable security."],[299 Elasticsearch-7.16.1-5b38441b16b1ebb16a27c107a4c3865776e20c53 "[ignore_throttled] parameter is deprecated because frozen indices have been deprecated. Consider cold or frozen tiers in place of frozen indices."]
2023-08-04 12:58:21,202 INFO  [com.dot.ContainerResource] (docker-java-stream-1865446083) STDOUT: 12:58:21.201  WARN  client.RestClient - request [POST http://elasticsearch:9200/cluster_c40f8aa8c9.live_20230804125756/_search?typed_keys=true&max_concurrent_shard_requests=5&ignore_unavailable=false&expand_wildcards=open&allow_no_indices=true&ignore_throttled=true&search_type=query_then_fetch&batched_reduce_size=512&ccs_minimize_roundtrips=true] returned 2 warnings: [299 Elasticsearch-7.16.1-5b38441b16b1ebb16a27c107a4c3865776e20c53 "Elasticsearch built-in security features are not enabled. Without authentication, your cluster could be accessible to anyone. See https://www.elastic.co/guide/en/elasticsearch/reference/7.16/security-minimal-setup.html to enable security."],[299 Elasticsearch-7.16.1-5b38441b16b1ebb16a27c107a4c3865776e20c53 "[ignore_throttled] parameter is deprecated because frozen indices have been deprecated. Consider cold or frozen tiers in place of frozen indices."]
2023-08-04 12:58:21,204 INFO  [com.dot.ContainerResource] (docker-java-stream-1865446083) STDOUT: 12:58:21.204  WARN  client.RestClient - request [POST http://elasticsearch:9200/cluster_c40f8aa8c9.live_20230804125756/_search?typed_keys=true&max_concurrent_shard_requests=5&ignore_unavailable=false&expand_wildcards=open&allow_no_indices=true&ignore_throttled=true&search_type=query_then_fetch&batched_reduce_size=512&ccs_minimize_roundtrips=true] returned 2 warnings: [299 Elasticsearch-7.16.1-5b38441b16b1ebb16a27c107a4c3865776e20c53 "Elasticsearch built-in security features are not enabled. Without authentication, your cluster could be accessible to anyone. See https://www.elastic.co/guide/en/elasticsearch/reference/7.16/security-minimal-setup.html to enable security."],[299 Elasticsearch-7.16.1-5b38441b16b1ebb16a27c107a4c3865776e20c53 "[ignore_throttled] parameter is deprecated because frozen indices have been deprecated. Consider cold or frozen tiers in place of frozen indices."]
2023-08-04 12:58:21,207 INFO  [com.dot.ContainerResource] (docker-java-stream-1865446083) STDOUT: 12:58:21.207  WARN  client.RestClient - request [POST http://elasticsearch:9200/cluster_c40f8aa8c9.live_20230804125756/_search?typed_keys=true&max_concurrent_shard_requests=5&ignore_unavailable=false&expand_wildcards=open&allow_no_indices=true&ignore_throttled=true&search_type=query_then_fetch&batched_reduce_size=512&ccs_minimize_roundtrips=true] returned 2 warnings: [299 Elasticsearch-7.16.1-5b38441b16b1ebb16a27c107a4c3865776e20c53 "Elasticsearch built-in security features are not enabled. Without authentication, your cluster could be accessible to anyone. See https://www.elastic.co/guide/en/elasticsearch/reference/7.16/security-minimal-setup.html to enable security."],[299 Elasticsearch-7.16.1-5b38441b16b1ebb16a27c107a4c3865776e20c53 "[ignore_throttled] parameter is deprecated because frozen indices have been deprecated. Consider cold or frozen tiers in place of frozen indices."]
2023-08-04 12:58:21,210 INFO  [com.dot.ContainerResource] (docker-java-stream-1865446083) STDOUT: 12:58:21.210  WARN  client.RestClient - request [POST http://elasticsearch:9200/cluster_c40f8aa8c9.live_20230804125756/_search?typed_keys=true&max_concurrent_shard_requests=5&ignore_unavailable=false&expand_wildcards=open&allow_no_indices=true&ignore_throttled=true&search_type=query_then_fetch&batched_reduce_size=512&ccs_minimize_roundtrips=true] returned 2 warnings: [299 Elasticsearch-7.16.1-5b38441b16b1ebb16a27c107a4c3865776e20c53 "Elasticsearch built-in security features are not enabled. Without authentication, your cluster could be accessible to anyone. See https://www.elastic.co/guide/en/elasticsearch/reference/7.16/security-minimal-setup.html to enable security."],[299 Elasticsearch-7.16.1-5b38441b16b1ebb16a27c107a4c3865776e20c53 "[ignore_throttled] parameter is deprecated because frozen indices have been deprecated. Consider cold or frozen tiers in place of frozen indices."]
2023-08-04 12:58:21,213 INFO  [com.dot.ContainerResource] (docker-java-stream-1865446083) STDOUT: 12:58:21.212  WARN  client.RestClient - request [POST http://elasticsearch:9200/cluster_c40f8aa8c9.live_20230804125756/_search?typed_keys=true&max_concurrent_shard_requests=5&ignore_unavailable=false&expand_wildcards=open&allow_no_indices=true&ignore_throttled=true&search_type=query_then_fetch&batched_reduce_size=512&ccs_minimize_roundtrips=true] returned 2 warnings: [299 Elasticsearch-7.16.1-5b38441b16b1ebb16a27c107a4c3865776e20c53 "Elasticsearch built-in security features are not enabled. Without authentication, your cluster could be accessible to anyone. See https://www.elastic.co/guide/en/elasticsearch/reference/7.16/security-minimal-setup.html to enable security."],[299 Elasticsearch-7.16.1-5b38441b16b1ebb16a27c107a4c3865776e20c53 "[ignore_throttled] parameter is deprecated because frozen indices have been deprecated. Consider cold or frozen tiers in place of frozen indices."]
2023-08-04 12:58:21,217 INFO  [com.dot.ContainerResource] (docker-java-stream-1865446083) STDOUT: 12:58:21.217  WARN  client.RestClient - request [POST http://elasticsearch:9200/cluster_c40f8aa8c9.live_20230804125756/_search?typed_keys=true&max_concurrent_shard_requests=5&ignore_unavailable=false&expand_wildcards=open&allow_no_indices=true&ignore_throttled=true&search_type=query_then_fetch&batched_reduce_size=512&ccs_minimize_roundtrips=true] returned 2 warnings: [299 Elasticsearch-7.16.1-5b38441b16b1ebb16a27c107a4c3865776e20c53 "Elasticsearch built-in security features are not enabled. Without authentication, your cluster could be accessible to anyone. See https://www.elastic.co/guide/en/elasticsearch/reference/7.16/security-minimal-setup.html to enable security."],[299 Elasticsearch-7.16.1-5b38441b16b1ebb16a27c107a4c3865776e20c53 "[ignore_throttled] parameter is deprecated because frozen indices have been deprecated. Consider cold or frozen tiers in place of frozen indices."]
2023-08-04 12:58:21,233 INFO  [com.dot.ContainerResource] (docker-java-stream-1865446083) STDOUT: 12:58:21.232  WARN  client.RestClient - request [POST http://elasticsearch:9200/cluster_c40f8aa8c9.live_20230804125756/_search?typed_keys=true&max_concurrent_shard_requests=5&ignore_unavailable=false&expand_wildcards=open&allow_no_indices=true&ignore_throttled=true&search_type=query_then_fetch&batched_reduce_size=512&ccs_minimize_roundtrips=true] returned 2 warnings: [299 Elasticsearch-7.16.1-5b38441b16b1ebb16a27c107a4c3865776e20c53 "Elasticsearch built-in security features are not enabled. Without authentication, your cluster could be accessible to anyone. See https://www.elastic.co/guide/en/elasticsearch/reference/7.16/security-minimal-setup.html to enable security."],[299 Elasticsearch-7.16.1-5b38441b16b1ebb16a27c107a4c3865776e20c53 "[ignore_throttled] parameter is deprecated because frozen indices have been deprecated. Consider cold or frozen tiers in place of frozen indices."]
2023-08-04 12:58:21,237 INFO  [com.dot.ContainerResource] (docker-java-stream-1865446083) STDOUT: 12:58:21.235  WARN  client.RestClient - request [POST http://elasticsearch:9200/cluster_c40f8aa8c9.live_20230804125756/_search?typed_keys=true&max_concurrent_shard_requests=5&ignore_unavailable=false&expand_wildcards=open&allow_no_indices=true&ignore_throttled=true&search_type=query_then_fetch&batched_reduce_size=512&ccs_minimize_roundtrips=true] returned 2 warnings: [299 Elasticsearch-7.16.1-5b38441b16b1ebb16a27c107a4c3865776e20c53 "Elasticsearch built-in security features are not enabled. Without authentication, your cluster could be accessible to anyone. See https://www.elastic.co/guide/en/elasticsearch/reference/7.16/security-minimal-setup.html to enable security."],[299 Elasticsearch-7.16.1-5b38441b16b1ebb16a27c107a4c3865776e20c53 "[ignore_throttled] parameter is deprecated because frozen indices have been deprecated. Consider cold or frozen tiers in place of frozen indices."]
2023-08-04 12:58:21,239 INFO  [com.dot.ContainerResource] (docker-java-stream-1865446083) STDOUT: 12:58:21.238  WARN  client.RestClient - request [POST http://elasticsearch:9200/cluster_c40f8aa8c9.live_20230804125756/_search?typed_keys=true&max_concurrent_shard_requests=5&ignore_unavailable=false&expand_wildcards=open&allow_no_indices=true&ignore_throttled=true&search_type=query_then_fetch&batched_reduce_size=512&ccs_minimize_roundtrips=true] returned 2 warnings: [299 Elasticsearch-7.16.1-5b38441b16b1ebb16a27c107a4c3865776e20c53 "Elasticsearch built-in security features are not enabled. Without authentication, your cluster could be accessible to anyone. See https://www.elastic.co/guide/en/elasticsearch/reference/7.16/security-minimal-setup.html to enable security."],[299 Elasticsearch-7.16.1-5b38441b16b1ebb16a27c107a4c3865776e20c53 "[ignore_throttled] parameter is deprecated because frozen indices have been deprecated. Consider cold or frozen tiers in place of frozen indices."]
2023-08-04 12:58:21,242 INFO  [com.dot.ContainerResource] (docker-java-stream-1865446083) STDOUT: 12:58:21.241  WARN  client.RestClient - request [POST http://elasticsearch:9200/cluster_c40f8aa8c9.live_20230804125756/_search?typed_keys=true&max_concurrent_shard_requests=5&ignore_unavailable=false&expand_wildcards=open&allow_no_indices=true&ignore_throttled=true&search_type=query_then_fetch&batched_reduce_size=512&ccs_minimize_roundtrips=true] returned 2 warnings: [299 Elasticsearch-7.16.1-5b38441b16b1ebb16a27c107a4c3865776e20c53 "Elasticsearch built-in security features are not enabled. Without authentication, your cluster could be accessible to anyone. See https://www.elastic.co/guide/en/elasticsearch/reference/7.16/security-minimal-setup.html to enable security."],[299 Elasticsearch-7.16.1-5b38441b16b1ebb16a27c107a4c3865776e20c53 "[ignore_throttled] parameter is deprecated because frozen indices have been deprecated. Consider cold or frozen tiers in place of frozen indices."]
2023-08-04 12:58:21,245 INFO  [com.dot.ContainerResource] (docker-java-stream-1865446083) STDOUT: 12:58:21.244  WARN  client.RestClient - request [POST http://elasticsearch:9200/cluster_c40f8aa8c9.live_20230804125756/_search?typed_keys=true&max_concurrent_shard_requests=5&ignore_unavailable=false&expand_wildcards=open&allow_no_indices=true&ignore_throttled=true&search_type=query_then_fetch&batched_reduce_size=512&ccs_minimize_roundtrips=true] returned 2 warnings: [299 Elasticsearch-7.16.1-5b38441b16b1ebb16a27c107a4c3865776e20c53 "Elasticsearch built-in security features are not enabled. Without authentication, your cluster could be accessible to anyone. See https://www.elastic.co/guide/en/elasticsearch/reference/7.16/security-minimal-setup.html to enable security."],[299 Elasticsearch-7.16.1-5b38441b16b1ebb16a27c107a4c3865776e20c53 "[ignore_throttled] parameter is deprecated because frozen indices have been deprecated. Consider cold or frozen tiers in place of frozen indices."]
2023-08-04 12:58:21,248 INFO  [com.dot.ContainerResource] (docker-java-stream-1865446083) STDOUT: 12:58:21.246  WARN  client.RestClient - request [POST http://elasticsearch:9200/cluster_c40f8aa8c9.live_20230804125756/_search?typed_keys=true&max_concurrent_shard_requests=5&ignore_unavailable=false&expand_wildcards=open&allow_no_indices=true&ignore_throttled=true&search_type=query_then_fetch&batched_reduce_size=512&ccs_minimize_roundtrips=true] returned 2 warnings: [299 Elasticsearch-7.16.1-5b38441b16b1ebb16a27c107a4c3865776e20c53 "Elasticsearch built-in security features are not enabled. Without authentication, your cluster could be accessible to anyone. See https://www.elastic.co/guide/en/elasticsearch/reference/7.16/security-minimal-setup.html to enable security."],[299 Elasticsearch-7.16.1-5b38441b16b1ebb16a27c107a4c3865776e20c53 "[ignore_throttled] parameter is deprecated because frozen indices have been deprecated. Consider cold or frozen tiers in place of frozen indices."]
2023-08-04 12:58:21,250 INFO  [com.dot.ContainerResource] (docker-java-stream-1865446083) STDOUT: 12:58:21.249  WARN  client.RestClient - request [POST http://elasticsearch:9200/cluster_c40f8aa8c9.live_20230804125756/_search?typed_keys=true&max_concurrent_shard_requests=5&ignore_unavailable=false&expand_wildcards=open&allow_no_indices=true&ignore_throttled=true&search_type=query_then_fetch&batched_reduce_size=512&ccs_minimize_roundtrips=true] returned 2 warnings: [299 Elasticsearch-7.16.1-5b38441b16b1ebb16a27c107a4c3865776e20c53 "Elasticsearch built-in security features are not enabled. Without authentication, your cluster could be accessible to anyone. See https://www.elastic.co/guide/en/elasticsearch/reference/7.16/security-minimal-setup.html to enable security."],[299 Elasticsearch-7.16.1-5b38441b16b1ebb16a27c107a4c3865776e20c53 "[ignore_throttled] parameter is deprecated because frozen indices have been deprecated. Consider cold or frozen tiers in place of frozen indices."]
2023-08-04 12:58:21,253 INFO  [com.dot.ContainerResource] (docker-java-stream-1865446083) STDOUT: 12:58:21.252  WARN  client.RestClient - request [POST http://elasticsearch:9200/cluster_c40f8aa8c9.live_20230804125756/_search?typed_keys=true&max_concurrent_shard_requests=5&ignore_unavailable=false&expand_wildcards=open&allow_no_indices=true&ignore_throttled=true&search_type=query_then_fetch&batched_reduce_size=512&ccs_minimize_roundtrips=true] returned 2 warnings: [299 Elasticsearch-7.16.1-5b38441b16b1ebb16a27c107a4c3865776e20c53 "Elasticsearch built-in security features are not enabled. Without authentication, your cluster could be accessible to anyone. See https://www.elastic.co/guide/en/elasticsearch/reference/7.16/security-minimal-setup.html to enable security."],[299 Elasticsearch-7.16.1-5b38441b16b1ebb16a27c107a4c3865776e20c53 "[ignore_throttled] parameter is deprecated because frozen indices have been deprecated. Consider cold or frozen tiers in place of frozen indices."]
2023-08-04 12:58:21,257 INFO  [com.dot.ContainerResource] (docker-java-stream-1865446083) STDOUT: 12:58:21.255  WARN  client.RestClient - request [POST http://elasticsearch:9200/cluster_c40f8aa8c9.live_20230804125756/_search?typed_keys=true&max_concurrent_shard_requests=5&ignore_unavailable=false&expand_wildcards=open&allow_no_indices=true&ignore_throttled=true&search_type=query_then_fetch&batched_reduce_size=512&ccs_minimize_roundtrips=true] returned 2 warnings: [299 Elasticsearch-7.16.1-5b38441b16b1ebb16a27c107a4c3865776e20c53 "Elasticsearch built-in security features are not enabled. Without authentication, your cluster could be accessible to anyone. See https://www.elastic.co/guide/en/elasticsearch/reference/7.16/security-minimal-setup.html to enable security."],[299 Elasticsearch-7.16.1-5b38441b16b1ebb16a27c107a4c3865776e20c53 "[ignore_throttled] parameter is deprecated because frozen indices have been deprecated. Consider cold or frozen tiers in place of frozen indices."]
2023-08-04 12:58:21,259 INFO  [com.dot.ContainerResource] (docker-java-stream-1865446083) STDOUT: 12:58:21.258  WARN  client.RestClient - request [POST http://elasticsearch:9200/cluster_c40f8aa8c9.live_20230804125756/_search?typed_keys=true&max_concurrent_shard_requests=5&ignore_unavailable=false&expand_wildcards=open&allow_no_indices=true&ignore_throttled=true&search_type=query_then_fetch&batched_reduce_size=512&ccs_minimize_roundtrips=true] returned 2 warnings: [299 Elasticsearch-7.16.1-5b38441b16b1ebb16a27c107a4c3865776e20c53 "Elasticsearch built-in security features are not enabled. Without authentication, your cluster could be accessible to anyone. See https://www.elastic.co/guide/en/elasticsearch/reference/7.16/security-minimal-setup.html to enable security."],[299 Elasticsearch-7.16.1-5b38441b16b1ebb16a27c107a4c3865776e20c53 "[ignore_throttled] parameter is deprecated because frozen indices have been deprecated. Consider cold or frozen tiers in place of frozen indices."]
2023-08-04 12:58:21,262 INFO  [com.dot.ContainerResource] (docker-java-stream-1865446083) STDOUT: 12:58:21.261  WARN  client.RestClient - request [POST http://elasticsearch:9200/cluster_c40f8aa8c9.live_20230804125756/_search?typed_keys=true&max_concurrent_shard_requests=5&ignore_unavailable=false&expand_wildcards=open&allow_no_indices=true&ignore_throttled=true&search_type=query_then_fetch&batched_reduce_size=512&ccs_minimize_roundtrips=true] returned 2 warnings: [299 Elasticsearch-7.16.1-5b38441b16b1ebb16a27c107a4c3865776e20c53 "Elasticsearch built-in security features are not enabled. Without authentication, your cluster could be accessible to anyone. See https://www.elastic.co/guide/en/elasticsearch/reference/7.16/security-minimal-setup.html to enable security."],[299 Elasticsearch-7.16.1-5b38441b16b1ebb16a27c107a4c3865776e20c53 "[ignore_throttled] parameter is deprecated because frozen indices have been deprecated. Consider cold or frozen tiers in place of frozen indices."]
2023-08-04 12:58:21,264 INFO  [com.dot.ContainerResource] (docker-java-stream-1865446083) STDOUT: 12:58:21.264  WARN  client.RestClient - request [POST http://elasticsearch:9200/cluster_c40f8aa8c9.live_20230804125756/_search?typed_keys=true&max_concurrent_shard_requests=5&ignore_unavailable=false&expand_wildcards=open&allow_no_indices=true&ignore_throttled=true&search_type=query_then_fetch&batched_reduce_size=512&ccs_minimize_roundtrips=true] returned 2 warnings: [299 Elasticsearch-7.16.1-5b38441b16b1ebb16a27c107a4c3865776e20c53 "Elasticsearch built-in security features are not enabled. Without authentication, your cluster could be accessible to anyone. See https://www.elastic.co/guide/en/elasticsearch/reference/7.16/security-minimal-setup.html to enable security."],[299 Elasticsearch-7.16.1-5b38441b16b1ebb16a27c107a4c3865776e20c53 "[ignore_throttled] parameter is deprecated because frozen indices have been deprecated. Consider cold or frozen tiers in place of frozen indices."]
2023-08-04 12:58:21,269 INFO  [com.dot.ContainerResource] (docker-java-stream-1865446083) STDOUT: 12:58:21.268  WARN  client.RestClient - request [POST http://elasticsearch:9200/cluster_c40f8aa8c9.live_20230804125756/_search?typed_keys=true&max_concurrent_shard_requests=5&ignore_unavailable=false&expand_wildcards=open&allow_no_indices=true&ignore_throttled=true&search_type=query_then_fetch&batched_reduce_size=512&ccs_minimize_roundtrips=true] returned 2 warnings: [299 Elasticsearch-7.16.1-5b38441b16b1ebb16a27c107a4c3865776e20c53 "Elasticsearch built-in security features are not enabled. Without authentication, your cluster could be accessible to anyone. See https://www.elastic.co/guide/en/elasticsearch/reference/7.16/security-minimal-setup.html to enable security."],[299 Elasticsearch-7.16.1-5b38441b16b1ebb16a27c107a4c3865776e20c53 "[ignore_throttled] parameter is deprecated because frozen indices have been deprecated. Consider cold or frozen tiers in place of frozen indices."]
2023-08-04 12:58:21,272 INFO  [com.dot.ContainerResource] (docker-java-stream-1865446083) STDOUT: 12:58:21.271  WARN  client.RestClient - request [POST http://elasticsearch:9200/cluster_c40f8aa8c9.live_20230804125756/_search?typed_keys=true&max_concurrent_shard_requests=5&ignore_unavailable=false&expand_wildcards=open&allow_no_indices=true&ignore_throttled=true&search_type=query_then_fetch&batched_reduce_size=512&ccs_minimize_roundtrips=true] returned 2 warnings: [299 Elasticsearch-7.16.1-5b38441b16b1ebb16a27c107a4c3865776e20c53 "Elasticsearch built-in security features are not enabled. Without authentication, your cluster could be accessible to anyone. See https://www.elastic.co/guide/en/elasticsearch/reference/7.16/security-minimal-setup.html to enable security."],[299 Elasticsearch-7.16.1-5b38441b16b1ebb16a27c107a4c3865776e20c53 "[ignore_throttled] parameter is deprecated because frozen indices have been deprecated. Consider cold or frozen tiers in place of frozen indices."]
2023-08-04 12:58:21,281 INFO  [com.dot.ContainerResource] (docker-java-stream-1865446083) STDOUT: 12:58:21.280  WARN  client.RestClient - request [POST http://elasticsearch:9200/cluster_c40f8aa8c9.live_20230804125756/_search?typed_keys=true&max_concurrent_shard_requests=5&ignore_unavailable=false&expand_wildcards=open&allow_no_indices=true&ignore_throttled=true&search_type=query_then_fetch&batched_reduce_size=512&ccs_minimize_roundtrips=true] returned 2 warnings: [299 Elasticsearch-7.16.1-5b38441b16b1ebb16a27c107a4c3865776e20c53 "Elasticsearch built-in security features are not enabled. Without authentication, your cluster could be accessible to anyone. See https://www.elastic.co/guide/en/elasticsearch/reference/7.16/security-minimal-setup.html to enable security."],[299 Elasticsearch-7.16.1-5b38441b16b1ebb16a27c107a4c3865776e20c53 "[ignore_throttled] parameter is deprecated because frozen indices have been deprecated. Consider cold or frozen tiers in place of frozen indices."]
2023-08-04 12:58:21,284 INFO  [com.dot.ContainerResource] (docker-java-stream-1865446083) STDOUT: 12:58:21.283  WARN  client.RestClient - request [POST http://elasticsearch:9200/cluster_c40f8aa8c9.live_20230804125756/_search?typed_keys=true&max_concurrent_shard_requests=5&ignore_unavailable=false&expand_wildcards=open&allow_no_indices=true&ignore_throttled=true&search_type=query_then_fetch&batched_reduce_size=512&ccs_minimize_roundtrips=true] returned 2 warnings: [299 Elasticsearch-7.16.1-5b38441b16b1ebb16a27c107a4c3865776e20c53 "Elasticsearch built-in security features are not enabled. Without authentication, your cluster could be accessible to anyone. See https://www.elastic.co/guide/en/elasticsearch/reference/7.16/security-minimal-setup.html to enable security."],[299 Elasticsearch-7.16.1-5b38441b16b1ebb16a27c107a4c3865776e20c53 "[ignore_throttled] parameter is deprecated because frozen indices have been deprecated. Consider cold or frozen tiers in place of frozen indices."]
2023-08-04 12:58:21,298 INFO  [com.dot.ContainerResource] (docker-java-stream-1865446083) STDOUT: 12:58:21.296  WARN  client.RestClient - request [POST http://elasticsearch:9200/cluster_c40f8aa8c9.live_20230804125756/_search?typed_keys=true&max_concurrent_shard_requests=5&ignore_unavailable=false&expand_wildcards=open&allow_no_indices=true&ignore_throttled=true&search_type=query_then_fetch&batched_reduce_size=512&ccs_minimize_roundtrips=true] returned 2 warnings: [299 Elasticsearch-7.16.1-5b38441b16b1ebb16a27c107a4c3865776e20c53 "Elasticsearch built-in security features are not enabled. Without authentication, your cluster could be accessible to anyone. See https://www.elastic.co/guide/en/elasticsearch/reference/7.16/security-minimal-setup.html to enable security."],[299 Elasticsearch-7.16.1-5b38441b16b1ebb16a27c107a4c3865776e20c53 "[ignore_throttled] parameter is deprecated because frozen indices have been deprecated. Consider cold or frozen tiers in place of frozen indices."]
2023-08-04 12:58:21,300 INFO  [com.dot.ContainerResource] (docker-java-stream-1865446083) STDOUT: 12:58:21.300  WARN  client.RestClient - request [POST http://elasticsearch:9200/cluster_c40f8aa8c9.live_20230804125756/_search?typed_keys=true&max_concurrent_shard_requests=5&ignore_unavailable=false&expand_wildcards=open&allow_no_indices=true&ignore_throttled=true&search_type=query_then_fetch&batched_reduce_size=512&ccs_minimize_roundtrips=true] returned 2 warnings: [299 Elasticsearch-7.16.1-5b38441b16b1ebb16a27c107a4c3865776e20c53 "Elasticsearch built-in security features are not enabled. Without authentication, your cluster could be accessible to anyone. See https://www.elastic.co/guide/en/elasticsearch/reference/7.16/security-minimal-setup.html to enable security."],[299 Elasticsearch-7.16.1-5b38441b16b1ebb16a27c107a4c3865776e20c53 "[ignore_throttled] parameter is deprecated because frozen indices have been deprecated. Consider cold or frozen tiers in place of frozen indices."]
2023-08-04 12:58:21,304 INFO  [com.dot.ContainerResource] (docker-java-stream-1865446083) STDOUT: 12:58:21.303  WARN  client.RestClient - request [POST http://elasticsearch:9200/cluster_c40f8aa8c9.live_20230804125756/_search?typed_keys=true&max_concurrent_shard_requests=5&ignore_unavailable=false&expand_wildcards=open&allow_no_indices=true&ignore_throttled=true&search_type=query_then_fetch&batched_reduce_size=512&ccs_minimize_roundtrips=true] returned 2 warnings: [299 Elasticsearch-7.16.1-5b38441b16b1ebb16a27c107a4c3865776e20c53 "Elasticsearch built-in security features are not enabled. Without authentication, your cluster could be accessible to anyone. See https://www.elastic.co/guide/en/elasticsearch/reference/7.16/security-minimal-setup.html to enable security."],[299 Elasticsearch-7.16.1-5b38441b16b1ebb16a27c107a4c3865776e20c53 "[ignore_throttled] parameter is deprecated because frozen indices have been deprecated. Consider cold or frozen tiers in place of frozen indices."]
2023-08-04 12:58:21,307 INFO  [com.dot.ContainerResource] (docker-java-stream-1865446083) STDOUT: 12:58:21.306  WARN  client.RestClient - request [POST http://elasticsearch:9200/cluster_c40f8aa8c9.live_20230804125756/_search?typed_keys=true&max_concurrent_shard_requests=5&ignore_unavailable=false&expand_wildcards=open&allow_no_indices=true&ignore_throttled=true&search_type=query_then_fetch&batched_reduce_size=512&ccs_minimize_roundtrips=true] returned 2 warnings: [299 Elasticsearch-7.16.1-5b38441b16b1ebb16a27c107a4c3865776e20c53 "Elasticsearch built-in security features are not enabled. Without authentication, your cluster could be accessible to anyone. See https://www.elastic.co/guide/en/elasticsearch/reference/7.16/security-minimal-setup.html to enable security."],[299 Elasticsearch-7.16.1-5b38441b16b1ebb16a27c107a4c3865776e20c53 "[ignore_throttled] parameter is deprecated because frozen indices have been deprecated. Consider cold or frozen tiers in place of frozen indices."]
2023-08-04 12:58:21,310 INFO  [com.dot.ContainerResource] (docker-java-stream-1865446083) STDOUT: 12:58:21.309  WARN  client.RestClient - request [POST http://elasticsearch:9200/cluster_c40f8aa8c9.live_20230804125756/_search?typed_keys=true&max_concurrent_shard_requests=5&ignore_unavailable=false&expand_wildcards=open&allow_no_indices=true&ignore_throttled=true&search_type=query_then_fetch&batched_reduce_size=512&ccs_minimize_roundtrips=true] returned 2 warnings: [299 Elasticsearch-7.16.1-5b38441b16b1ebb16a27c107a4c3865776e20c53 "Elasticsearch built-in security features are not enabled. Without authentication, your cluster could be accessible to anyone. See https://www.elastic.co/guide/en/elasticsearch/reference/7.16/security-minimal-setup.html to enable security."],[299 Elasticsearch-7.16.1-5b38441b16b1ebb16a27c107a4c3865776e20c53 "[ignore_throttled] parameter is deprecated because frozen indices have been deprecated. Consider cold or frozen tiers in place of frozen indices."]
2023-08-04 12:58:21,313 INFO  [com.dot.ContainerResource] (docker-java-stream-1865446083) STDOUT: 12:58:21.313  WARN  client.RestClient - request [POST http://elasticsearch:9200/cluster_c40f8aa8c9.live_20230804125756/_search?typed_keys=true&max_concurrent_shard_requests=5&ignore_unavailable=false&expand_wildcards=open&allow_no_indices=true&ignore_throttled=true&search_type=query_then_fetch&batched_reduce_size=512&ccs_minimize_roundtrips=true] returned 2 warnings: [299 Elasticsearch-7.16.1-5b38441b16b1ebb16a27c107a4c3865776e20c53 "Elasticsearch built-in security features are not enabled. Without authentication, your cluster could be accessible to anyone. See https://www.elastic.co/guide/en/elasticsearch/reference/7.16/security-minimal-setup.html to enable security."],[299 Elasticsearch-7.16.1-5b38441b16b1ebb16a27c107a4c3865776e20c53 "[ignore_throttled] parameter is deprecated because frozen indices have been deprecated. Consider cold or frozen tiers in place of frozen indices."]
2023-08-04 12:58:21,316 INFO  [com.dot.ContainerResource] (docker-java-stream-1865446083) STDOUT: 12:58:21.315  WARN  client.RestClient - request [POST http://elasticsearch:9200/cluster_c40f8aa8c9.live_20230804125756/_search?typed_keys=true&max_concurrent_shard_requests=5&ignore_unavailable=false&expand_wildcards=open&allow_no_indices=true&ignore_throttled=true&search_type=query_then_fetch&batched_reduce_size=512&ccs_minimize_roundtrips=true] returned 2 warnings: [299 Elasticsearch-7.16.1-5b38441b16b1ebb16a27c107a4c3865776e20c53 "Elasticsearch built-in security features are not enabled. Without authentication, your cluster could be accessible to anyone. See https://www.elastic.co/guide/en/elasticsearch/reference/7.16/security-minimal-setup.html to enable security."],[299 Elasticsearch-7.16.1-5b38441b16b1ebb16a27c107a4c3865776e20c53 "[ignore_throttled] parameter is deprecated because frozen indices have been deprecated. Consider cold or frozen tiers in place of frozen indices."]
2023-08-04 12:58:21,325 INFO  [com.dot.ContainerResource] (docker-java-stream-1865446083) STDOUT: 12:58:21.325  WARN  client.RestClient - request [POST http://elasticsearch:9200/cluster_c40f8aa8c9.live_20230804125756/_search?typed_keys=true&max_concurrent_shard_requests=5&ignore_unavailable=false&expand_wildcards=open&allow_no_indices=true&ignore_throttled=true&search_type=query_then_fetch&batched_reduce_size=512&ccs_minimize_roundtrips=true] returned 2 warnings: [299 Elasticsearch-7.16.1-5b38441b16b1ebb16a27c107a4c3865776e20c53 "Elasticsearch built-in security features are not enabled. Without authentication, your cluster could be accessible to anyone. See https://www.elastic.co/guide/en/elasticsearch/reference/7.16/security-minimal-setup.html to enable security."],[299 Elasticsearch-7.16.1-5b38441b16b1ebb16a27c107a4c3865776e20c53 "[ignore_throttled] parameter is deprecated because frozen indices have been deprecated. Consider cold or frozen tiers in place of frozen indices."]
2023-08-04 12:58:21,334 INFO  [com.dot.ContainerResource] (docker-java-stream-1865446083) STDOUT: 12:58:21.328  WARN  client.RestClient - request [POST http://elasticsearch:9200/cluster_c40f8aa8c9.live_20230804125756/_search?typed_keys=true&max_concurrent_shard_requests=5&ignore_unavailable=false&expand_wildcards=open&allow_no_indices=true&ignore_throttled=true&search_type=query_then_fetch&batched_reduce_size=512&ccs_minimize_roundtrips=true] returned 2 warnings: [299 Elasticsearch-7.16.1-5b38441b16b1ebb16a27c107a4c3865776e20c53 "Elasticsearch built-in security features are not enabled. Without authentication, your cluster could be accessible to anyone. See https://www.elastic.co/guide/en/elasticsearch/reference/7.16/security-minimal-setup.html to enable security."],[299 Elasticsearch-7.16.1-5b38441b16b1ebb16a27c107a4c3865776e20c53 "[ignore_throttled] parameter is deprecated because frozen indices have been deprecated. Consider cold or frozen tiers in place of frozen indices."]
2023-08-04 12:58:21,334 INFO  [com.dot.ContainerResource] (docker-java-stream-1865446083) STDOUT: 12:58:21.331  WARN  client.RestClient - request [POST http://elasticsearch:9200/cluster_c40f8aa8c9.live_20230804125756/_search?typed_keys=true&max_concurrent_shard_requests=5&ignore_unavailable=false&expand_wildcards=open&allow_no_indices=true&ignore_throttled=true&search_type=query_then_fetch&batched_reduce_size=512&ccs_minimize_roundtrips=true] returned 2 warnings: [299 Elasticsearch-7.16.1-5b38441b16b1ebb16a27c107a4c3865776e20c53 "Elasticsearch built-in security features are not enabled. Without authentication, your cluster could be accessible to anyone. See https://www.elastic.co/guide/en/elasticsearch/reference/7.16/security-minimal-setup.html to enable security."],[299 Elasticsearch-7.16.1-5b38441b16b1ebb16a27c107a4c3865776e20c53 "[ignore_throttled] parameter is deprecated because frozen indices have been deprecated. Consider cold or frozen tiers in place of frozen indices."]
2023-08-04 12:58:21,335 INFO  [com.dot.ContainerResource] (docker-java-stream-1865446083) STDOUT: 12:58:21.334  WARN  client.RestClient - request [POST http://elasticsearch:9200/cluster_c40f8aa8c9.live_20230804125756/_search?typed_keys=true&max_concurrent_shard_requests=5&ignore_unavailable=false&expand_wildcards=open&allow_no_indices=true&ignore_throttled=true&search_type=query_then_fetch&batched_reduce_size=512&ccs_minimize_roundtrips=true] returned 2 warnings: [299 Elasticsearch-7.16.1-5b38441b16b1ebb16a27c107a4c3865776e20c53 "Elasticsearch built-in security features are not enabled. Without authentication, your cluster could be accessible to anyone. See https://www.elastic.co/guide/en/elasticsearch/reference/7.16/security-minimal-setup.html to enable security."],[299 Elasticsearch-7.16.1-5b38441b16b1ebb16a27c107a4c3865776e20c53 "[ignore_throttled] parameter is deprecated because frozen indices have been deprecated. Consider cold or frozen tiers in place of frozen indices."]
2023-08-04 12:58:21,338 INFO  [com.dot.ContainerResource] (docker-java-stream-1865446083) STDOUT: 12:58:21.338  WARN  client.RestClient - request [POST http://elasticsearch:9200/cluster_c40f8aa8c9.live_20230804125756/_search?typed_keys=true&max_concurrent_shard_requests=5&ignore_unavailable=false&expand_wildcards=open&allow_no_indices=true&ignore_throttled=true&search_type=query_then_fetch&batched_reduce_size=512&ccs_minimize_roundtrips=true] returned 2 warnings: [299 Elasticsearch-7.16.1-5b38441b16b1ebb16a27c107a4c3865776e20c53 "Elasticsearch built-in security features are not enabled. Without authentication, your cluster could be accessible to anyone. See https://www.elastic.co/guide/en/elasticsearch/reference/7.16/security-minimal-setup.html to enable security."],[299 Elasticsearch-7.16.1-5b38441b16b1ebb16a27c107a4c3865776e20c53 "[ignore_throttled] parameter is deprecated because frozen indices have been deprecated. Consider cold or frozen tiers in place of frozen indices."]
2023-08-04 12:58:21,341 INFO  [com.dot.ContainerResource] (docker-java-stream-1865446083) STDOUT: 12:58:21.340  WARN  client.RestClient - request [POST http://elasticsearch:9200/cluster_c40f8aa8c9.live_20230804125756/_search?typed_keys=true&max_concurrent_shard_requests=5&ignore_unavailable=false&expand_wildcards=open&allow_no_indices=true&ignore_throttled=true&search_type=query_then_fetch&batched_reduce_size=512&ccs_minimize_roundtrips=true] returned 2 warnings: [299 Elasticsearch-7.16.1-5b38441b16b1ebb16a27c107a4c3865776e20c53 "Elasticsearch built-in security features are not enabled. Without authentication, your cluster could be accessible to anyone. See https://www.elastic.co/guide/en/elasticsearch/reference/7.16/security-minimal-setup.html to enable security."],[299 Elasticsearch-7.16.1-5b38441b16b1ebb16a27c107a4c3865776e20c53 "[ignore_throttled] parameter is deprecated because frozen indices have been deprecated. Consider cold or frozen tiers in place of frozen indices."]
2023-08-04 12:58:21,344 INFO  [com.dot.ContainerResource] (docker-java-stream-1865446083) STDOUT: 12:58:21.343  WARN  client.RestClient - request [POST http://elasticsearch:9200/cluster_c40f8aa8c9.live_20230804125756/_search?typed_keys=true&max_concurrent_shard_requests=5&ignore_unavailable=false&expand_wildcards=open&allow_no_indices=true&ignore_throttled=true&search_type=query_then_fetch&batched_reduce_size=512&ccs_minimize_roundtrips=true] returned 2 warnings: [299 Elasticsearch-7.16.1-5b38441b16b1ebb16a27c107a4c3865776e20c53 "Elasticsearch built-in security features are not enabled. Without authentication, your cluster could be accessible to anyone. See https://www.elastic.co/guide/en/elasticsearch/reference/7.16/security-minimal-setup.html to enable security."],[299 Elasticsearch-7.16.1-5b38441b16b1ebb16a27c107a4c3865776e20c53 "[ignore_throttled] parameter is deprecated because frozen indices have been deprecated. Consider cold or frozen tiers in place of frozen indices."]
2023-08-04 12:58:21,346 INFO  [com.dot.ContainerResource] (docker-java-stream-1865446083) STDOUT: 12:58:21.346  WARN  client.RestClient - request [POST http://elasticsearch:9200/cluster_c40f8aa8c9.live_20230804125756/_search?typed_keys=true&max_concurrent_shard_requests=5&ignore_unavailable=false&expand_wildcards=open&allow_no_indices=true&ignore_throttled=true&search_type=query_then_fetch&batched_reduce_size=512&ccs_minimize_roundtrips=true] returned 2 warnings: [299 Elasticsearch-7.16.1-5b38441b16b1ebb16a27c107a4c3865776e20c53 "Elasticsearch built-in security features are not enabled. Without authentication, your cluster could be accessible to anyone. See https://www.elastic.co/guide/en/elasticsearch/reference/7.16/security-minimal-setup.html to enable security."],[299 Elasticsearch-7.16.1-5b38441b16b1ebb16a27c107a4c3865776e20c53 "[ignore_throttled] parameter is deprecated because frozen indices have been deprecated. Consider cold or frozen tiers in place of frozen indices."]
2023-08-04 12:58:21,351 INFO  [com.dot.ContainerResource] (docker-java-stream-1865446083) STDOUT: 12:58:21.351  WARN  client.RestClient - request [POST http://elasticsearch:9200/cluster_c40f8aa8c9.live_20230804125756/_search?typed_keys=true&max_concurrent_shard_requests=5&ignore_unavailable=false&expand_wildcards=open&allow_no_indices=true&ignore_throttled=true&search_type=query_then_fetch&batched_reduce_size=512&ccs_minimize_roundtrips=true] returned 2 warnings: [299 Elasticsearch-7.16.1-5b38441b16b1ebb16a27c107a4c3865776e20c53 "Elasticsearch built-in security features are not enabled. Without authentication, your cluster could be accessible to anyone. See https://www.elastic.co/guide/en/elasticsearch/reference/7.16/security-minimal-setup.html to enable security."],[299 Elasticsearch-7.16.1-5b38441b16b1ebb16a27c107a4c3865776e20c53 "[ignore_throttled] parameter is deprecated because frozen indices have been deprecated. Consider cold or frozen tiers in place of frozen indices."]
2023-08-04 12:58:21,353 INFO  [com.dot.ContainerResource] (docker-java-stream-1865446083) STDOUT: 12:58:21.353  WARN  client.RestClient - request [POST http://elasticsearch:9200/cluster_c40f8aa8c9.live_20230804125756/_search?typed_keys=true&max_concurrent_shard_requests=5&ignore_unavailable=false&expand_wildcards=open&allow_no_indices=true&ignore_throttled=true&search_type=query_then_fetch&batched_reduce_size=512&ccs_minimize_roundtrips=true] returned 2 warnings: [299 Elasticsearch-7.16.1-5b38441b16b1ebb16a27c107a4c3865776e20c53 "Elasticsearch built-in security features are not enabled. Without authentication, your cluster could be accessible to anyone. See https://www.elastic.co/guide/en/elasticsearch/reference/7.16/security-minimal-setup.html to enable security."],[299 Elasticsearch-7.16.1-5b38441b16b1ebb16a27c107a4c3865776e20c53 "[ignore_throttled] parameter is deprecated because frozen indices have been deprecated. Consider cold or frozen tiers in place of frozen indices."]
2023-08-04 12:58:21,364 INFO  [com.dot.ContainerResource] (docker-java-stream-1865446083) STDOUT: 12:58:21.364  WARN  client.RestClient - request [POST http://elasticsearch:9200/cluster_c40f8aa8c9.live_20230804125756/_search?typed_keys=true&max_concurrent_shard_requests=5&ignore_unavailable=false&expand_wildcards=open&allow_no_indices=true&ignore_throttled=true&search_type=query_then_fetch&batched_reduce_size=512&ccs_minimize_roundtrips=true] returned 2 warnings: [299 Elasticsearch-7.16.1-5b38441b16b1ebb16a27c107a4c3865776e20c53 "Elasticsearch built-in security features are not enabled. Without authentication, your cluster could be accessible to anyone. See https://www.elastic.co/guide/en/elasticsearch/reference/7.16/security-minimal-setup.html to enable security."],[299 Elasticsearch-7.16.1-5b38441b16b1ebb16a27c107a4c3865776e20c53 "[ignore_throttled] parameter is deprecated because frozen indices have been deprecated. Consider cold or frozen tiers in place of frozen indices."]
2023-08-04 12:58:21,371 INFO  [com.dot.ContainerResource] (docker-java-stream-1865446083) STDOUT: 12:58:21.371  WARN  client.RestClient - request [POST http://elasticsearch:9200/cluster_c40f8aa8c9.live_20230804125756/_search?typed_keys=true&max_concurrent_shard_requests=5&ignore_unavailable=false&expand_wildcards=open&allow_no_indices=true&ignore_throttled=true&search_type=query_then_fetch&batched_reduce_size=512&ccs_minimize_roundtrips=true] returned 2 warnings: [299 Elasticsearch-7.16.1-5b38441b16b1ebb16a27c107a4c3865776e20c53 "Elasticsearch built-in security features are not enabled. Without authentication, your cluster could be accessible to anyone. See https://www.elastic.co/guide/en/elasticsearch/reference/7.16/security-minimal-setup.html to enable security."],[299 Elasticsearch-7.16.1-5b38441b16b1ebb16a27c107a4c3865776e20c53 "[ignore_throttled] parameter is deprecated because frozen indices have been deprecated. Consider cold or frozen tiers in place of frozen indices."]
2023-08-04 12:58:21,378 INFO  [com.dot.ContainerResource] (docker-java-stream-1865446083) STDOUT: 12:58:21.378  WARN  client.RestClient - request [POST http://elasticsearch:9200/cluster_c40f8aa8c9.live_20230804125756/_search?typed_keys=true&max_concurrent_shard_requests=5&ignore_unavailable=false&expand_wildcards=open&allow_no_indices=true&ignore_throttled=true&search_type=query_then_fetch&batched_reduce_size=512&ccs_minimize_roundtrips=true] returned 2 warnings: [299 Elasticsearch-7.16.1-5b38441b16b1ebb16a27c107a4c3865776e20c53 "Elasticsearch built-in security features are not enabled. Without authentication, your cluster could be accessible to anyone. See https://www.elastic.co/guide/en/elasticsearch/reference/7.16/security-minimal-setup.html to enable security."],[299 Elasticsearch-7.16.1-5b38441b16b1ebb16a27c107a4c3865776e20c53 "[ignore_throttled] parameter is deprecated because frozen indices have been deprecated. Consider cold or frozen tiers in place of frozen indices."]
2023-08-04 12:58:21,387 INFO  [com.dot.ContainerResource] (docker-java-stream-1865446083) STDOUT: 12:58:21.387  WARN  client.RestClient - request [POST http://elasticsearch:9200/cluster_c40f8aa8c9.live_20230804125756/_search?typed_keys=true&max_concurrent_shard_requests=5&ignore_unavailable=false&expand_wildcards=open&allow_no_indices=true&ignore_throttled=true&search_type=query_then_fetch&batched_reduce_size=512&ccs_minimize_roundtrips=true] returned 2 warnings: [299 Elasticsearch-7.16.1-5b38441b16b1ebb16a27c107a4c3865776e20c53 "Elasticsearch built-in security features are not enabled. Without authentication, your cluster could be accessible to anyone. See https://www.elastic.co/guide/en/elasticsearch/reference/7.16/security-minimal-setup.html to enable security."],[299 Elasticsearch-7.16.1-5b38441b16b1ebb16a27c107a4c3865776e20c53 "[ignore_throttled] parameter is deprecated because frozen indices have been deprecated. Consider cold or frozen tiers in place of frozen indices."]
2023-08-04 12:58:21,392 INFO  [com.dot.ContainerResource] (docker-java-stream-1865446083) STDOUT: 12:58:21.391  WARN  client.RestClient - request [POST http://elasticsearch:9200/cluster_c40f8aa8c9.live_20230804125756/_search?typed_keys=true&max_concurrent_shard_requests=5&ignore_unavailable=false&expand_wildcards=open&allow_no_indices=true&ignore_throttled=true&search_type=query_then_fetch&batched_reduce_size=512&ccs_minimize_roundtrips=true] returned 2 warnings: [299 Elasticsearch-7.16.1-5b38441b16b1ebb16a27c107a4c3865776e20c53 "Elasticsearch built-in security features are not enabled. Without authentication, your cluster could be accessible to anyone. See https://www.elastic.co/guide/en/elasticsearch/reference/7.16/security-minimal-setup.html to enable security."],[299 Elasticsearch-7.16.1-5b38441b16b1ebb16a27c107a4c3865776e20c53 "[ignore_throttled] parameter is deprecated because frozen indices have been deprecated. Consider cold or frozen tiers in place of frozen indices."]
2023-08-04 12:58:21,397 INFO  [com.dot.ContainerResource] (docker-java-stream-1865446083) STDOUT: 12:58:21.397  WARN  client.RestClient - request [POST http://elasticsearch:9200/cluster_c40f8aa8c9.live_20230804125756/_search?typed_keys=true&max_concurrent_shard_requests=5&ignore_unavailable=false&expand_wildcards=open&allow_no_indices=true&ignore_throttled=true&search_type=query_then_fetch&batched_reduce_size=512&ccs_minimize_roundtrips=true] returned 2 warnings: [299 Elasticsearch-7.16.1-5b38441b16b1ebb16a27c107a4c3865776e20c53 "Elasticsearch built-in security features are not enabled. Without authentication, your cluster could be accessible to anyone. See https://www.elastic.co/guide/en/elasticsearch/reference/7.16/security-minimal-setup.html to enable security."],[299 Elasticsearch-7.16.1-5b38441b16b1ebb16a27c107a4c3865776e20c53 "[ignore_throttled] parameter is deprecated because frozen indices have been deprecated. Consider cold or frozen tiers in place of frozen indices."]
2023-08-04 12:58:21,401 INFO  [com.dot.ContainerResource] (docker-java-stream-1865446083) STDOUT: 12:58:21.400  WARN  client.RestClient - request [POST http://elasticsearch:9200/cluster_c40f8aa8c9.live_20230804125756/_search?typed_keys=true&max_concurrent_shard_requests=5&ignore_unavailable=false&expand_wildcards=open&allow_no_indices=true&ignore_throttled=true&search_type=query_then_fetch&batched_reduce_size=512&ccs_minimize_roundtrips=true] returned 2 warnings: [299 Elasticsearch-7.16.1-5b38441b16b1ebb16a27c107a4c3865776e20c53 "Elasticsearch built-in security features are not enabled. Without authentication, your cluster could be accessible to anyone. See https://www.elastic.co/guide/en/elasticsearch/reference/7.16/security-minimal-setup.html to enable security."],[299 Elasticsearch-7.16.1-5b38441b16b1ebb16a27c107a4c3865776e20c53 "[ignore_throttled] parameter is deprecated because frozen indices have been deprecated. Consider cold or frozen tiers in place of frozen indices."]
2023-08-04 12:58:21,417 INFO  [com.dot.ContainerResource] (docker-java-stream-1865446083) STDOUT: 12:58:21.416  WARN  client.RestClient - request [POST http://elasticsearch:9200/cluster_c40f8aa8c9.live_20230804125756/_search?typed_keys=true&max_concurrent_shard_requests=5&ignore_unavailable=false&expand_wildcards=open&allow_no_indices=true&ignore_throttled=true&search_type=query_then_fetch&batched_reduce_size=512&ccs_minimize_roundtrips=true] returned 2 warnings: [299 Elasticsearch-7.16.1-5b38441b16b1ebb16a27c107a4c3865776e20c53 "Elasticsearch built-in security features are not enabled. Without authentication, your cluster could be accessible to anyone. See https://www.elastic.co/guide/en/elasticsearch/reference/7.16/security-minimal-setup.html to enable security."],[299 Elasticsearch-7.16.1-5b38441b16b1ebb16a27c107a4c3865776e20c53 "[ignore_throttled] parameter is deprecated because frozen indices have been deprecated. Consider cold or frozen tiers in place of frozen indices."]
2023-08-04 12:58:21,434 INFO  [com.dot.ContainerResource] (docker-java-stream-1865446083) STDOUT: 12:58:21.432  WARN  client.RestClient - request [POST http://elasticsearch:9200/cluster_c40f8aa8c9.live_20230804125756/_search?typed_keys=true&max_concurrent_shard_requests=5&ignore_unavailable=false&expand_wildcards=open&allow_no_indices=true&ignore_throttled=true&search_type=query_then_fetch&batched_reduce_size=512&ccs_minimize_roundtrips=true] returned 2 warnings: [299 Elasticsearch-7.16.1-5b38441b16b1ebb16a27c107a4c3865776e20c53 "Elasticsearch built-in security features are not enabled. Without authentication, your cluster could be accessible to anyone. See https://www.elastic.co/guide/en/elasticsearch/reference/7.16/security-minimal-setup.html to enable security."],[299 Elasticsearch-7.16.1-5b38441b16b1ebb16a27c107a4c3865776e20c53 "[ignore_throttled] parameter is deprecated because frozen indices have been deprecated. Consider cold or frozen tiers in place of frozen indices."]
2023-08-04 12:58:21,445 INFO  [com.dot.ContainerResource] (docker-java-stream-1865446083) STDOUT: 12:58:21.444  WARN  client.RestClient - request [POST http://elasticsearch:9200/cluster_c40f8aa8c9.live_20230804125756/_search?typed_keys=true&max_concurrent_shard_requests=5&ignore_unavailable=false&expand_wildcards=open&allow_no_indices=true&ignore_throttled=true&search_type=query_then_fetch&batched_reduce_size=512&ccs_minimize_roundtrips=true] returned 2 warnings: [299 Elasticsearch-7.16.1-5b38441b16b1ebb16a27c107a4c3865776e20c53 "Elasticsearch built-in security features are not enabled. Without authentication, your cluster could be accessible to anyone. See https://www.elastic.co/guide/en/elasticsearch/reference/7.16/security-minimal-setup.html to enable security."],[299 Elasticsearch-7.16.1-5b38441b16b1ebb16a27c107a4c3865776e20c53 "[ignore_throttled] parameter is deprecated because frozen indices have been deprecated. Consider cold or frozen tiers in place of frozen indices."]
2023-08-04 12:58:21,450 INFO  [com.dot.ContainerResource] (docker-java-stream-1865446083) STDOUT: 12:58:21.448  WARN  client.RestClient - request [POST http://elasticsearch:9200/cluster_c40f8aa8c9.live_20230804125756/_search?typed_keys=true&max_concurrent_shard_requests=5&ignore_unavailable=false&expand_wildcards=open&allow_no_indices=true&ignore_throttled=true&search_type=query_then_fetch&batched_reduce_size=512&ccs_minimize_roundtrips=true] returned 2 warnings: [299 Elasticsearch-7.16.1-5b38441b16b1ebb16a27c107a4c3865776e20c53 "Elasticsearch built-in security features are not enabled. Without authentication, your cluster could be accessible to anyone. See https://www.elastic.co/guide/en/elasticsearch/reference/7.16/security-minimal-setup.html to enable security."],[299 Elasticsearch-7.16.1-5b38441b16b1ebb16a27c107a4c3865776e20c53 "[ignore_throttled] parameter is deprecated because frozen indices have been deprecated. Consider cold or frozen tiers in place of frozen indices."]
2023-08-04 12:58:21,456 INFO  [com.dot.ContainerResource] (docker-java-stream-1865446083) STDOUT: 12:58:21.455  WARN  client.RestClient - request [POST http://elasticsearch:9200/cluster_c40f8aa8c9.live_20230804125756/_search?typed_keys=true&max_concurrent_shard_requests=5&ignore_unavailable=false&expand_wildcards=open&allow_no_indices=true&ignore_throttled=true&search_type=query_then_fetch&batched_reduce_size=512&ccs_minimize_roundtrips=true] returned 2 warnings: [299 Elasticsearch-7.16.1-5b38441b16b1ebb16a27c107a4c3865776e20c53 "Elasticsearch built-in security features are not enabled. Without authentication, your cluster could be accessible to anyone. See https://www.elastic.co/guide/en/elasticsearch/reference/7.16/security-minimal-setup.html to enable security."],[299 Elasticsearch-7.16.1-5b38441b16b1ebb16a27c107a4c3865776e20c53 "[ignore_throttled] parameter is deprecated because frozen indices have been deprecated. Consider cold or frozen tiers in place of frozen indices."]
2023-08-04 12:58:21,460 INFO  [com.dot.ContainerResource] (docker-java-stream-1865446083) STDOUT: 12:58:21.459  WARN  client.RestClient - request [POST http://elasticsearch:9200/cluster_c40f8aa8c9.live_20230804125756/_search?typed_keys=true&max_concurrent_shard_requests=5&ignore_unavailable=false&expand_wildcards=open&allow_no_indices=true&ignore_throttled=true&search_type=query_then_fetch&batched_reduce_size=512&ccs_minimize_roundtrips=true] returned 2 warnings: [299 Elasticsearch-7.16.1-5b38441b16b1ebb16a27c107a4c3865776e20c53 "Elasticsearch built-in security features are not enabled. Without authentication, your cluster could be accessible to anyone. See https://www.elastic.co/guide/en/elasticsearch/reference/7.16/security-minimal-setup.html to enable security."],[299 Elasticsearch-7.16.1-5b38441b16b1ebb16a27c107a4c3865776e20c53 "[ignore_throttled] parameter is deprecated because frozen indices have been deprecated. Consider cold or frozen tiers in place of frozen indices."]
2023-08-04 12:58:21,462 INFO  [com.dot.ContainerResource] (docker-java-stream-1865446083) STDOUT: 12:58:21.462  WARN  client.RestClient - request [POST http://elasticsearch:9200/cluster_c40f8aa8c9.live_20230804125756/_search?typed_keys=true&max_concurrent_shard_requests=5&ignore_unavailable=false&expand_wildcards=open&allow_no_indices=true&ignore_throttled=true&search_type=query_then_fetch&batched_reduce_size=512&ccs_minimize_roundtrips=true] returned 2 warnings: [299 Elasticsearch-7.16.1-5b38441b16b1ebb16a27c107a4c3865776e20c53 "Elasticsearch built-in security features are not enabled. Without authentication, your cluster could be accessible to anyone. See https://www.elastic.co/guide/en/elasticsearch/reference/7.16/security-minimal-setup.html to enable security."],[299 Elasticsearch-7.16.1-5b38441b16b1ebb16a27c107a4c3865776e20c53 "[ignore_throttled] parameter is deprecated because frozen indices have been deprecated. Consider cold or frozen tiers in place of frozen indices."]
2023-08-04 12:58:21,472 INFO  [com.dot.ContainerResource] (docker-java-stream-1865446083) STDOUT: 12:58:21.471  WARN  client.RestClient - request [POST http://elasticsearch:9200/cluster_c40f8aa8c9.live_20230804125756/_search?typed_keys=true&max_concurrent_shard_requests=5&ignore_unavailable=false&expand_wildcards=open&allow_no_indices=true&ignore_throttled=true&search_type=query_then_fetch&batched_reduce_size=512&ccs_minimize_roundtrips=true] returned 2 warnings: [299 Elasticsearch-7.16.1-5b38441b16b1ebb16a27c107a4c3865776e20c53 "Elasticsearch built-in security features are not enabled. Without authentication, your cluster could be accessible to anyone. See https://www.elastic.co/guide/en/elasticsearch/reference/7.16/security-minimal-setup.html to enable security."],[299 Elasticsearch-7.16.1-5b38441b16b1ebb16a27c107a4c3865776e20c53 "[ignore_throttled] parameter is deprecated because frozen indices have been deprecated. Consider cold or frozen tiers in place of frozen indices."]
2023-08-04 12:58:21,476 INFO  [com.dot.ContainerResource] (docker-java-stream-1865446083) STDOUT: 12:58:21.476  WARN  client.RestClient - request [POST http://elasticsearch:9200/cluster_c40f8aa8c9.live_20230804125756/_search?typed_keys=true&max_concurrent_shard_requests=5&ignore_unavailable=false&expand_wildcards=open&allow_no_indices=true&ignore_throttled=true&search_type=query_then_fetch&batched_reduce_size=512&ccs_minimize_roundtrips=true] returned 2 warnings: [299 Elasticsearch-7.16.1-5b38441b16b1ebb16a27c107a4c3865776e20c53 "Elasticsearch built-in security features are not enabled. Without authentication, your cluster could be accessible to anyone. See https://www.elastic.co/guide/en/elasticsearch/reference/7.16/security-minimal-setup.html to enable security."],[299 Elasticsearch-7.16.1-5b38441b16b1ebb16a27c107a4c3865776e20c53 "[ignore_throttled] parameter is deprecated because frozen indices have been deprecated. Consider cold or frozen tiers in place of frozen indices."]
2023-08-04 12:58:21,481 INFO  [com.dot.ContainerResource] (docker-java-stream-1865446083) STDOUT: 12:58:21.481  WARN  client.RestClient - request [POST http://elasticsearch:9200/cluster_c40f8aa8c9.live_20230804125756/_search?typed_keys=true&max_concurrent_shard_requests=5&ignore_unavailable=false&expand_wildcards=open&allow_no_indices=true&ignore_throttled=true&search_type=query_then_fetch&batched_reduce_size=512&ccs_minimize_roundtrips=true] returned 2 warnings: [299 Elasticsearch-7.16.1-5b38441b16b1ebb16a27c107a4c3865776e20c53 "Elasticsearch built-in security features are not enabled. Without authentication, your cluster could be accessible to anyone. See https://www.elastic.co/guide/en/elasticsearch/reference/7.16/security-minimal-setup.html to enable security."],[299 Elasticsearch-7.16.1-5b38441b16b1ebb16a27c107a4c3865776e20c53 "[ignore_throttled] parameter is deprecated because frozen indices have been deprecated. Consider cold or frozen tiers in place of frozen indices."]
2023-08-04 12:58:21,485 INFO  [com.dot.ContainerResource] (docker-java-stream-1865446083) STDOUT: 12:58:21.485  WARN  client.RestClient - request [POST http://elasticsearch:9200/cluster_c40f8aa8c9.live_20230804125756/_search?typed_keys=true&max_concurrent_shard_requests=5&ignore_unavailable=false&expand_wildcards=open&allow_no_indices=true&ignore_throttled=true&search_type=query_then_fetch&batched_reduce_size=512&ccs_minimize_roundtrips=true] returned 2 warnings: [299 Elasticsearch-7.16.1-5b38441b16b1ebb16a27c107a4c3865776e20c53 "Elasticsearch built-in security features are not enabled. Without authentication, your cluster could be accessible to anyone. See https://www.elastic.co/guide/en/elasticsearch/reference/7.16/security-minimal-setup.html to enable security."],[299 Elasticsearch-7.16.1-5b38441b16b1ebb16a27c107a4c3865776e20c53 "[ignore_throttled] parameter is deprecated because frozen indices have been deprecated. Consider cold or frozen tiers in place of frozen indices."]
2023-08-04 12:58:21,489 INFO  [com.dot.ContainerResource] (docker-java-stream-1865446083) STDOUT: 12:58:21.489  WARN  client.RestClient - request [POST http://elasticsearch:9200/cluster_c40f8aa8c9.live_20230804125756/_search?typed_keys=true&max_concurrent_shard_requests=5&ignore_unavailable=false&expand_wildcards=open&allow_no_indices=true&ignore_throttled=true&search_type=query_then_fetch&batched_reduce_size=512&ccs_minimize_roundtrips=true] returned 2 warnings: [299 Elasticsearch-7.16.1-5b38441b16b1ebb16a27c107a4c3865776e20c53 "Elasticsearch built-in security features are not enabled. Without authentication, your cluster could be accessible to anyone. See https://www.elastic.co/guide/en/elasticsearch/reference/7.16/security-minimal-setup.html to enable security."],[299 Elasticsearch-7.16.1-5b38441b16b1ebb16a27c107a4c3865776e20c53 "[ignore_throttled] parameter is deprecated because frozen indices have been deprecated. Consider cold or frozen tiers in place of frozen indices."]
2023-08-04 12:58:21,493 INFO  [com.dot.ContainerResource] (docker-java-stream-1865446083) STDOUT: 12:58:21.493  WARN  client.RestClient - request [POST http://elasticsearch:9200/cluster_c40f8aa8c9.live_20230804125756/_search?typed_keys=true&max_concurrent_shard_requests=5&ignore_unavailable=false&expand_wildcards=open&allow_no_indices=true&ignore_throttled=true&search_type=query_then_fetch&batched_reduce_size=512&ccs_minimize_roundtrips=true] returned 2 warnings: [299 Elasticsearch-7.16.1-5b38441b16b1ebb16a27c107a4c3865776e20c53 "Elasticsearch built-in security features are not enabled. Without authentication, your cluster could be accessible to anyone. See https://www.elastic.co/guide/en/elasticsearch/reference/7.16/security-minimal-setup.html to enable security."],[299 Elasticsearch-7.16.1-5b38441b16b1ebb16a27c107a4c3865776e20c53 "[ignore_throttled] parameter is deprecated because frozen indices have been deprecated. Consider cold or frozen tiers in place of frozen indices."]
2023-08-04 12:58:21,496 INFO  [com.dot.ContainerResource] (docker-java-stream-1865446083) STDOUT: 12:58:21.496  WARN  client.RestClient - request [POST http://elasticsearch:9200/cluster_c40f8aa8c9.live_20230804125756/_search?typed_keys=true&max_concurrent_shard_requests=5&ignore_unavailable=false&expand_wildcards=open&allow_no_indices=true&ignore_throttled=true&search_type=query_then_fetch&batched_reduce_size=512&ccs_minimize_roundtrips=true] returned 2 warnings: [299 Elasticsearch-7.16.1-5b38441b16b1ebb16a27c107a4c3865776e20c53 "Elasticsearch built-in security features are not enabled. Without authentication, your cluster could be accessible to anyone. See https://www.elastic.co/guide/en/elasticsearch/reference/7.16/security-minimal-setup.html to enable security."],[299 Elasticsearch-7.16.1-5b38441b16b1ebb16a27c107a4c3865776e20c53 "[ignore_throttled] parameter is deprecated because frozen indices have been deprecated. Consider cold or frozen tiers in place of frozen indices."]
2023-08-04 12:58:21,508 INFO  [com.dot.ContainerResource] (docker-java-stream-1865446083) STDOUT: 12:58:21.507  WARN  client.RestClient - request [POST http://elasticsearch:9200/cluster_c40f8aa8c9.live_20230804125756/_search?typed_keys=true&max_concurrent_shard_requests=5&ignore_unavailable=false&expand_wildcards=open&allow_no_indices=true&ignore_throttled=true&search_type=query_then_fetch&batched_reduce_size=512&ccs_minimize_roundtrips=true] returned 2 warnings: [299 Elasticsearch-7.16.1-5b38441b16b1ebb16a27c107a4c3865776e20c53 "Elasticsearch built-in security features are not enabled. Without authentication, your cluster could be accessible to anyone. See https://www.elastic.co/guide/en/elasticsearch/reference/7.16/security-minimal-setup.html to enable security."],[299 Elasticsearch-7.16.1-5b38441b16b1ebb16a27c107a4c3865776e20c53 "[ignore_throttled] parameter is deprecated because frozen indices have been deprecated. Consider cold or frozen tiers in place of frozen indices."]
2023-08-04 12:58:21,512 INFO  [com.dot.ContainerResource] (docker-java-stream-1865446083) STDOUT: 12:58:21.510  WARN  client.RestClient - request [POST http://elasticsearch:9200/cluster_c40f8aa8c9.live_20230804125756/_search?typed_keys=true&max_concurrent_shard_requests=5&ignore_unavailable=false&expand_wildcards=open&allow_no_indices=true&ignore_throttled=true&search_type=query_then_fetch&batched_reduce_size=512&ccs_minimize_roundtrips=true] returned 2 warnings: [299 Elasticsearch-7.16.1-5b38441b16b1ebb16a27c107a4c3865776e20c53 "Elasticsearch built-in security features are not enabled. Without authentication, your cluster could be accessible to anyone. See https://www.elastic.co/guide/en/elasticsearch/reference/7.16/security-minimal-setup.html to enable security."],[299 Elasticsearch-7.16.1-5b38441b16b1ebb16a27c107a4c3865776e20c53 "[ignore_throttled] parameter is deprecated because frozen indices have been deprecated. Consider cold or frozen tiers in place of frozen indices."]
2023-08-04 12:58:21,513 INFO  [com.dot.ContainerResource] (docker-java-stream-1865446083) STDOUT: 12:58:21.513  WARN  client.RestClient - request [POST http://elasticsearch:9200/cluster_c40f8aa8c9.live_20230804125756/_search?typed_keys=true&max_concurrent_shard_requests=5&ignore_unavailable=false&expand_wildcards=open&allow_no_indices=true&ignore_throttled=true&search_type=query_then_fetch&batched_reduce_size=512&ccs_minimize_roundtrips=true] returned 2 warnings: [299 Elasticsearch-7.16.1-5b38441b16b1ebb16a27c107a4c3865776e20c53 "Elasticsearch built-in security features are not enabled. Without authentication, your cluster could be accessible to anyone. See https://www.elastic.co/guide/en/elasticsearch/reference/7.16/security-minimal-setup.html to enable security."],[299 Elasticsearch-7.16.1-5b38441b16b1ebb16a27c107a4c3865776e20c53 "[ignore_throttled] parameter is deprecated because frozen indices have been deprecated. Consider cold or frozen tiers in place of frozen indices."]
2023-08-04 12:58:21,517 INFO  [com.dot.ContainerResource] (docker-java-stream-1865446083) STDOUT: 12:58:21.517  WARN  client.RestClient - request [POST http://elasticsearch:9200/cluster_c40f8aa8c9.live_20230804125756/_search?typed_keys=true&max_concurrent_shard_requests=5&ignore_unavailable=false&expand_wildcards=open&allow_no_indices=true&ignore_throttled=true&search_type=query_then_fetch&batched_reduce_size=512&ccs_minimize_roundtrips=true] returned 2 warnings: [299 Elasticsearch-7.16.1-5b38441b16b1ebb16a27c107a4c3865776e20c53 "Elasticsearch built-in security features are not enabled. Without authentication, your cluster could be accessible to anyone. See https://www.elastic.co/guide/en/elasticsearch/reference/7.16/security-minimal-setup.html to enable security."],[299 Elasticsearch-7.16.1-5b38441b16b1ebb16a27c107a4c3865776e20c53 "[ignore_throttled] parameter is deprecated because frozen indices have been deprecated. Consider cold or frozen tiers in place of frozen indices."]
2023-08-04 12:58:21,520 INFO  [com.dot.ContainerResource] (docker-java-stream-1865446083) STDOUT: 12:58:21.520  WARN  client.RestClient - request [POST http://elasticsearch:9200/cluster_c40f8aa8c9.live_20230804125756/_search?typed_keys=true&max_concurrent_shard_requests=5&ignore_unavailable=false&expand_wildcards=open&allow_no_indices=true&ignore_throttled=true&search_type=query_then_fetch&batched_reduce_size=512&ccs_minimize_roundtrips=true] returned 2 warnings: [299 Elasticsearch-7.16.1-5b38441b16b1ebb16a27c107a4c3865776e20c53 "Elasticsearch built-in security features are not enabled. Without authentication, your cluster could be accessible to anyone. See https://www.elastic.co/guide/en/elasticsearch/reference/7.16/security-minimal-setup.html to enable security."],[299 Elasticsearch-7.16.1-5b38441b16b1ebb16a27c107a4c3865776e20c53 "[ignore_throttled] parameter is deprecated because frozen indices have been deprecated. Consider cold or frozen tiers in place of frozen indices."]
2023-08-04 12:58:21,523 INFO  [com.dot.ContainerResource] (docker-java-stream-1865446083) STDOUT: 12:58:21.523  WARN  client.RestClient - request [POST http://elasticsearch:9200/cluster_c40f8aa8c9.live_20230804125756/_search?typed_keys=true&max_concurrent_shard_requests=5&ignore_unavailable=false&expand_wildcards=open&allow_no_indices=true&ignore_throttled=true&search_type=query_then_fetch&batched_reduce_size=512&ccs_minimize_roundtrips=true] returned 2 warnings: [299 Elasticsearch-7.16.1-5b38441b16b1ebb16a27c107a4c3865776e20c53 "Elasticsearch built-in security features are not enabled. Without authentication, your cluster could be accessible to anyone. See https://www.elastic.co/guide/en/elasticsearch/reference/7.16/security-minimal-setup.html to enable security."],[299 Elasticsearch-7.16.1-5b38441b16b1ebb16a27c107a4c3865776e20c53 "[ignore_throttled] parameter is deprecated because frozen indices have been deprecated. Consider cold or frozen tiers in place of frozen indices."]
2023-08-04 12:58:21,527 INFO  [com.dot.ContainerResource] (docker-java-stream-1865446083) STDOUT: 12:58:21.527  WARN  client.RestClient - request [POST http://elasticsearch:9200/cluster_c40f8aa8c9.live_20230804125756/_search?typed_keys=true&max_concurrent_shard_requests=5&ignore_unavailable=false&expand_wildcards=open&allow_no_indices=true&ignore_throttled=true&search_type=query_then_fetch&batched_reduce_size=512&ccs_minimize_roundtrips=true] returned 2 warnings: [299 Elasticsearch-7.16.1-5b38441b16b1ebb16a27c107a4c3865776e20c53 "Elasticsearch built-in security features are not enabled. Without authentication, your cluster could be accessible to anyone. See https://www.elastic.co/guide/en/elasticsearch/reference/7.16/security-minimal-setup.html to enable security."],[299 Elasticsearch-7.16.1-5b38441b16b1ebb16a27c107a4c3865776e20c53 "[ignore_throttled] parameter is deprecated because frozen indices have been deprecated. Consider cold or frozen tiers in place of frozen indices."]
2023-08-04 12:58:21,530 INFO  [com.dot.ContainerResource] (docker-java-stream-1865446083) STDOUT: 12:58:21.530  WARN  client.RestClient - request [POST http://elasticsearch:9200/cluster_c40f8aa8c9.live_20230804125756/_search?typed_keys=true&max_concurrent_shard_requests=5&ignore_unavailable=false&expand_wildcards=open&allow_no_indices=true&ignore_throttled=true&search_type=query_then_fetch&batched_reduce_size=512&ccs_minimize_roundtrips=true] returned 2 warnings: [299 Elasticsearch-7.16.1-5b38441b16b1ebb16a27c107a4c3865776e20c53 "Elasticsearch built-in security features are not enabled. Without authentication, your cluster could be accessible to anyone. See https://www.elastic.co/guide/en/elasticsearch/reference/7.16/security-minimal-setup.html to enable security."],[299 Elasticsearch-7.16.1-5b38441b16b1ebb16a27c107a4c3865776e20c53 "[ignore_throttled] parameter is deprecated because frozen indices have been deprecated. Consider cold or frozen tiers in place of frozen indices."]
2023-08-04 12:58:21,537 INFO  [com.dot.ContainerResource] (docker-java-stream-1865446083) STDOUT: 12:58:21.537  WARN  client.RestClient - request [POST http://elasticsearch:9200/cluster_c40f8aa8c9.live_20230804125756/_search?typed_keys=true&max_concurrent_shard_requests=5&ignore_unavailable=false&expand_wildcards=open&allow_no_indices=true&ignore_throttled=true&search_type=query_then_fetch&batched_reduce_size=512&ccs_minimize_roundtrips=true] returned 2 warnings: [299 Elasticsearch-7.16.1-5b38441b16b1ebb16a27c107a4c3865776e20c53 "Elasticsearch built-in security features are not enabled. Without authentication, your cluster could be accessible to anyone. See https://www.elastic.co/guide/en/elasticsearch/reference/7.16/security-minimal-setup.html to enable security."],[299 Elasticsearch-7.16.1-5b38441b16b1ebb16a27c107a4c3865776e20c53 "[ignore_throttled] parameter is deprecated because frozen indices have been deprecated. Consider cold or frozen tiers in place of frozen indices."]
2023-08-04 12:58:21,541 INFO  [com.dot.ContainerResource] (docker-java-stream-1865446083) STDOUT: 12:58:21.541  WARN  client.RestClient - request [POST http://elasticsearch:9200/cluster_c40f8aa8c9.live_20230804125756/_search?typed_keys=true&max_concurrent_shard_requests=5&ignore_unavailable=false&expand_wildcards=open&allow_no_indices=true&ignore_throttled=true&search_type=query_then_fetch&batched_reduce_size=512&ccs_minimize_roundtrips=true] returned 2 warnings: [299 Elasticsearch-7.16.1-5b38441b16b1ebb16a27c107a4c3865776e20c53 "Elasticsearch built-in security features are not enabled. Without authentication, your cluster could be accessible to anyone. See https://www.elastic.co/guide/en/elasticsearch/reference/7.16/security-minimal-setup.html to enable security."],[299 Elasticsearch-7.16.1-5b38441b16b1ebb16a27c107a4c3865776e20c53 "[ignore_throttled] parameter is deprecated because frozen indices have been deprecated. Consider cold or frozen tiers in place of frozen indices."]
2023-08-04 12:58:21,544 INFO  [com.dot.ContainerResource] (docker-java-stream-1865446083) STDOUT: 12:58:21.544  WARN  client.RestClient - request [POST http://elasticsearch:9200/cluster_c40f8aa8c9.live_20230804125756/_search?typed_keys=true&max_concurrent_shard_requests=5&ignore_unavailable=false&expand_wildcards=open&allow_no_indices=true&ignore_throttled=true&search_type=query_then_fetch&batched_reduce_size=512&ccs_minimize_roundtrips=true] returned 2 warnings: [299 Elasticsearch-7.16.1-5b38441b16b1ebb16a27c107a4c3865776e20c53 "Elasticsearch built-in security features are not enabled. Without authentication, your cluster could be accessible to anyone. See https://www.elastic.co/guide/en/elasticsearch/reference/7.16/security-minimal-setup.html to enable security."],[299 Elasticsearch-7.16.1-5b38441b16b1ebb16a27c107a4c3865776e20c53 "[ignore_throttled] parameter is deprecated because frozen indices have been deprecated. Consider cold or frozen tiers in place of frozen indices."]
2023-08-04 12:58:21,548 INFO  [com.dot.ContainerResource] (docker-java-stream-1865446083) STDOUT: 12:58:21.548  WARN  client.RestClient - request [POST http://elasticsearch:9200/cluster_c40f8aa8c9.live_20230804125756/_search?typed_keys=true&max_concurrent_shard_requests=5&ignore_unavailable=false&expand_wildcards=open&allow_no_indices=true&ignore_throttled=true&search_type=query_then_fetch&batched_reduce_size=512&ccs_minimize_roundtrips=true] returned 2 warnings: [299 Elasticsearch-7.16.1-5b38441b16b1ebb16a27c107a4c3865776e20c53 "Elasticsearch built-in security features are not enabled. Without authentication, your cluster could be accessible to anyone. See https://www.elastic.co/guide/en/elasticsearch/reference/7.16/security-minimal-setup.html to enable security."],[299 Elasticsearch-7.16.1-5b38441b16b1ebb16a27c107a4c3865776e20c53 "[ignore_throttled] parameter is deprecated because frozen indices have been deprecated. Consider cold or frozen tiers in place of frozen indices."]
2023-08-04 12:58:21,551 INFO  [com.dot.ContainerResource] (docker-java-stream-1865446083) STDOUT: 12:58:21.551  WARN  client.RestClient - request [POST http://elasticsearch:9200/cluster_c40f8aa8c9.live_20230804125756/_search?typed_keys=true&max_concurrent_shard_requests=5&ignore_unavailable=false&expand_wildcards=open&allow_no_indices=true&ignore_throttled=true&search_type=query_then_fetch&batched_reduce_size=512&ccs_minimize_roundtrips=true] returned 2 warnings: [299 Elasticsearch-7.16.1-5b38441b16b1ebb16a27c107a4c3865776e20c53 "Elasticsearch built-in security features are not enabled. Without authentication, your cluster could be accessible to anyone. See https://www.elastic.co/guide/en/elasticsearch/reference/7.16/security-minimal-setup.html to enable security."],[299 Elasticsearch-7.16.1-5b38441b16b1ebb16a27c107a4c3865776e20c53 "[ignore_throttled] parameter is deprecated because frozen indices have been deprecated. Consider cold or frozen tiers in place of frozen indices."]
2023-08-04 12:58:21,554 INFO  [com.dot.ContainerResource] (docker-java-stream-1865446083) STDOUT: 12:58:21.554  WARN  client.RestClient - request [POST http://elasticsearch:9200/cluster_c40f8aa8c9.live_20230804125756/_search?typed_keys=true&max_concurrent_shard_requests=5&ignore_unavailable=false&expand_wildcards=open&allow_no_indices=true&ignore_throttled=true&search_type=query_then_fetch&batched_reduce_size=512&ccs_minimize_roundtrips=true] returned 2 warnings: [299 Elasticsearch-7.16.1-5b38441b16b1ebb16a27c107a4c3865776e20c53 "Elasticsearch built-in security features are not enabled. Without authentication, your cluster could be accessible to anyone. See https://www.elastic.co/guide/en/elasticsearch/reference/7.16/security-minimal-setup.html to enable security."],[299 Elasticsearch-7.16.1-5b38441b16b1ebb16a27c107a4c3865776e20c53 "[ignore_throttled] parameter is deprecated because frozen indices have been deprecated. Consider cold or frozen tiers in place of frozen indices."]
2023-08-04 12:58:21,558 INFO  [com.dot.ContainerResource] (docker-java-stream-1865446083) STDOUT: 12:58:21.558  WARN  client.RestClient - request [POST http://elasticsearch:9200/cluster_c40f8aa8c9.live_20230804125756/_search?typed_keys=true&max_concurrent_shard_requests=5&ignore_unavailable=false&expand_wildcards=open&allow_no_indices=true&ignore_throttled=true&search_type=query_then_fetch&batched_reduce_size=512&ccs_minimize_roundtrips=true] returned 2 warnings: [299 Elasticsearch-7.16.1-5b38441b16b1ebb16a27c107a4c3865776e20c53 "Elasticsearch built-in security features are not enabled. Without authentication, your cluster could be accessible to anyone. See https://www.elastic.co/guide/en/elasticsearch/reference/7.16/security-minimal-setup.html to enable security."],[299 Elasticsearch-7.16.1-5b38441b16b1ebb16a27c107a4c3865776e20c53 "[ignore_throttled] parameter is deprecated because frozen indices have been deprecated. Consider cold or frozen tiers in place of frozen indices."]
2023-08-04 12:58:21,562 INFO  [com.dot.ContainerResource] (docker-java-stream-1865446083) STDOUT: 12:58:21.562  WARN  client.RestClient - request [POST http://elasticsearch:9200/cluster_c40f8aa8c9.live_20230804125756/_search?typed_keys=true&max_concurrent_shard_requests=5&ignore_unavailable=false&expand_wildcards=open&allow_no_indices=true&ignore_throttled=true&search_type=query_then_fetch&batched_reduce_size=512&ccs_minimize_roundtrips=true] returned 2 warnings: [299 Elasticsearch-7.16.1-5b38441b16b1ebb16a27c107a4c3865776e20c53 "Elasticsearch built-in security features are not enabled. Without authentication, your cluster could be accessible to anyone. See https://www.elastic.co/guide/en/elasticsearch/reference/7.16/security-minimal-setup.html to enable security."],[299 Elasticsearch-7.16.1-5b38441b16b1ebb16a27c107a4c3865776e20c53 "[ignore_throttled] parameter is deprecated because frozen indices have been deprecated. Consider cold or frozen tiers in place of frozen indices."]
2023-08-04 12:58:21,582 INFO  [com.dot.ContainerResource] (docker-java-stream-1865446083) STDOUT: 12:58:21.579  WARN  client.RestClient - request [POST http://elasticsearch:9200/cluster_c40f8aa8c9.live_20230804125756/_search?typed_keys=true&max_concurrent_shard_requests=5&ignore_unavailable=false&expand_wildcards=open&allow_no_indices=true&ignore_throttled=true&search_type=query_then_fetch&batched_reduce_size=512&ccs_minimize_roundtrips=true] returned 2 warnings: [299 Elasticsearch-7.16.1-5b38441b16b1ebb16a27c107a4c3865776e20c53 "Elasticsearch built-in security features are not enabled. Without authentication, your cluster could be accessible to anyone. See https://www.elastic.co/guide/en/elasticsearch/reference/7.16/security-minimal-setup.html to enable security."],[299 Elasticsearch-7.16.1-5b38441b16b1ebb16a27c107a4c3865776e20c53 "[ignore_throttled] parameter is deprecated because frozen indices have been deprecated. Consider cold or frozen tiers in place of frozen indices."]
2023-08-04 12:58:21,597 INFO  [com.dot.ContainerResource] (docker-java-stream-1865446083) STDOUT: 12:58:21.596  WARN  client.RestClient - request [POST http://elasticsearch:9200/cluster_c40f8aa8c9.live_20230804125756/_search?typed_keys=true&max_concurrent_shard_requests=5&ignore_unavailable=false&expand_wildcards=open&allow_no_indices=true&ignore_throttled=true&search_type=query_then_fetch&batched_reduce_size=512&ccs_minimize_roundtrips=true] returned 2 warnings: [299 Elasticsearch-7.16.1-5b38441b16b1ebb16a27c107a4c3865776e20c53 "Elasticsearch built-in security features are not enabled. Without authentication, your cluster could be accessible to anyone. See https://www.elastic.co/guide/en/elasticsearch/reference/7.16/security-minimal-setup.html to enable security."],[299 Elasticsearch-7.16.1-5b38441b16b1ebb16a27c107a4c3865776e20c53 "[ignore_throttled] parameter is deprecated because frozen indices have been deprecated. Consider cold or frozen tiers in place of frozen indices."]
2023-08-04 12:58:21,601 INFO  [com.dot.ContainerResource] (docker-java-stream-1865446083) STDOUT: 12:58:21.601  WARN  client.RestClient - request [POST http://elasticsearch:9200/cluster_c40f8aa8c9.live_20230804125756/_search?typed_keys=true&max_concurrent_shard_requests=5&ignore_unavailable=false&expand_wildcards=open&allow_no_indices=true&ignore_throttled=true&search_type=query_then_fetch&batched_reduce_size=512&ccs_minimize_roundtrips=true] returned 2 warnings: [299 Elasticsearch-7.16.1-5b38441b16b1ebb16a27c107a4c3865776e20c53 "Elasticsearch built-in security features are not enabled. Without authentication, your cluster could be accessible to anyone. See https://www.elastic.co/guide/en/elasticsearch/reference/7.16/security-minimal-setup.html to enable security."],[299 Elasticsearch-7.16.1-5b38441b16b1ebb16a27c107a4c3865776e20c53 "[ignore_throttled] parameter is deprecated because frozen indices have been deprecated. Consider cold or frozen tiers in place of frozen indices."]
2023-08-04 12:58:21,607 INFO  [com.dot.ContainerResource] (docker-java-stream-1865446083) STDOUT: 12:58:21.606  WARN  client.RestClient - request [POST http://elasticsearch:9200/cluster_c40f8aa8c9.live_20230804125756/_search?typed_keys=true&max_concurrent_shard_requests=5&ignore_unavailable=false&expand_wildcards=open&allow_no_indices=true&ignore_throttled=true&search_type=query_then_fetch&batched_reduce_size=512&ccs_minimize_roundtrips=true] returned 2 warnings: [299 Elasticsearch-7.16.1-5b38441b16b1ebb16a27c107a4c3865776e20c53 "Elasticsearch built-in security features are not enabled. Without authentication, your cluster could be accessible to anyone. See https://www.elastic.co/guide/en/elasticsearch/reference/7.16/security-minimal-setup.html to enable security."],[299 Elasticsearch-7.16.1-5b38441b16b1ebb16a27c107a4c3865776e20c53 "[ignore_throttled] parameter is deprecated because frozen indices have been deprecated. Consider cold or frozen tiers in place of frozen indices."]
2023-08-04 12:58:21,610 INFO  [com.dot.ContainerResource] (docker-java-stream-1865446083) STDOUT: 12:58:21.610  WARN  client.RestClient - request [POST http://elasticsearch:9200/cluster_c40f8aa8c9.live_20230804125756/_search?typed_keys=true&max_concurrent_shard_requests=5&ignore_unavailable=false&expand_wildcards=open&allow_no_indices=true&ignore_throttled=true&search_type=query_then_fetch&batched_reduce_size=512&ccs_minimize_roundtrips=true] returned 2 warnings: [299 Elasticsearch-7.16.1-5b38441b16b1ebb16a27c107a4c3865776e20c53 "Elasticsearch built-in security features are not enabled. Without authentication, your cluster could be accessible to anyone. See https://www.elastic.co/guide/en/elasticsearch/reference/7.16/security-minimal-setup.html to enable security."],[299 Elasticsearch-7.16.1-5b38441b16b1ebb16a27c107a4c3865776e20c53 "[ignore_throttled] parameter is deprecated because frozen indices have been deprecated. Consider cold or frozen tiers in place of frozen indices."]
2023-08-04 12:58:21,614 INFO  [com.dot.ContainerResource] (docker-java-stream-1865446083) STDOUT: 12:58:21.614  WARN  client.RestClient - request [POST http://elasticsearch:9200/cluster_c40f8aa8c9.live_20230804125756/_search?typed_keys=true&max_concurrent_shard_requests=5&ignore_unavailable=false&expand_wildcards=open&allow_no_indices=true&ignore_throttled=true&search_type=query_then_fetch&batched_reduce_size=512&ccs_minimize_roundtrips=true] returned 2 warnings: [299 Elasticsearch-7.16.1-5b38441b16b1ebb16a27c107a4c3865776e20c53 "Elasticsearch built-in security features are not enabled. Without authentication, your cluster could be accessible to anyone. See https://www.elastic.co/guide/en/elasticsearch/reference/7.16/security-minimal-setup.html to enable security."],[299 Elasticsearch-7.16.1-5b38441b16b1ebb16a27c107a4c3865776e20c53 "[ignore_throttled] parameter is deprecated because frozen indices have been deprecated. Consider cold or frozen tiers in place of frozen indices."]
2023-08-04 12:58:21,618 INFO  [com.dot.ContainerResource] (docker-java-stream-1865446083) STDOUT: 12:58:21.617  WARN  client.RestClient - request [POST http://elasticsearch:9200/cluster_c40f8aa8c9.live_20230804125756/_search?typed_keys=true&max_concurrent_shard_requests=5&ignore_unavailable=false&expand_wildcards=open&allow_no_indices=true&ignore_throttled=true&search_type=query_then_fetch&batched_reduce_size=512&ccs_minimize_roundtrips=true] returned 2 warnings: [299 Elasticsearch-7.16.1-5b38441b16b1ebb16a27c107a4c3865776e20c53 "Elasticsearch built-in security features are not enabled. Without authentication, your cluster could be accessible to anyone. See https://www.elastic.co/guide/en/elasticsearch/reference/7.16/security-minimal-setup.html to enable security."],[299 Elasticsearch-7.16.1-5b38441b16b1ebb16a27c107a4c3865776e20c53 "[ignore_throttled] parameter is deprecated because frozen indices have been deprecated. Consider cold or frozen tiers in place of frozen indices."]
2023-08-04 12:58:21,623 INFO  [com.dot.ContainerResource] (docker-java-stream-1865446083) STDOUT: 12:58:21.622  WARN  client.RestClient - request [POST http://elasticsearch:9200/cluster_c40f8aa8c9.live_20230804125756/_search?typed_keys=true&max_concurrent_shard_requests=5&ignore_unavailable=false&expand_wildcards=open&allow_no_indices=true&ignore_throttled=true&search_type=query_then_fetch&batched_reduce_size=512&ccs_minimize_roundtrips=true] returned 2 warnings: [299 Elasticsearch-7.16.1-5b38441b16b1ebb16a27c107a4c3865776e20c53 "Elasticsearch built-in security features are not enabled. Without authentication, your cluster could be accessible to anyone. See https://www.elastic.co/guide/en/elasticsearch/reference/7.16/security-minimal-setup.html to enable security."],[299 Elasticsearch-7.16.1-5b38441b16b1ebb16a27c107a4c3865776e20c53 "[ignore_throttled] parameter is deprecated because frozen indices have been deprecated. Consider cold or frozen tiers in place of frozen indices."]
2023-08-04 12:58:21,626 INFO  [com.dot.ContainerResource] (docker-java-stream-1865446083) STDOUT: 12:58:21.626  WARN  client.RestClient - request [POST http://elasticsearch:9200/cluster_c40f8aa8c9.live_20230804125756/_search?typed_keys=true&max_concurrent_shard_requests=5&ignore_unavailable=false&expand_wildcards=open&allow_no_indices=true&ignore_throttled=true&search_type=query_then_fetch&batched_reduce_size=512&ccs_minimize_roundtrips=true] returned 2 warnings: [299 Elasticsearch-7.16.1-5b38441b16b1ebb16a27c107a4c3865776e20c53 "Elasticsearch built-in security features are not enabled. Without authentication, your cluster could be accessible to anyone. See https://www.elastic.co/guide/en/elasticsearch/reference/7.16/security-minimal-setup.html to enable security."],[299 Elasticsearch-7.16.1-5b38441b16b1ebb16a27c107a4c3865776e20c53 "[ignore_throttled] parameter is deprecated because frozen indices have been deprecated. Consider cold or frozen tiers in place of frozen indices."]
2023-08-04 12:58:21,633 INFO  [com.dot.ContainerResource] (docker-java-stream-1865446083) STDOUT: 12:58:21.633  WARN  client.RestClient - request [POST http://elasticsearch:9200/cluster_c40f8aa8c9.live_20230804125756/_search?typed_keys=true&max_concurrent_shard_requests=5&ignore_unavailable=false&expand_wildcards=open&allow_no_indices=true&ignore_throttled=true&search_type=query_then_fetch&batched_reduce_size=512&ccs_minimize_roundtrips=true] returned 2 warnings: [299 Elasticsearch-7.16.1-5b38441b16b1ebb16a27c107a4c3865776e20c53 "Elasticsearch built-in security features are not enabled. Without authentication, your cluster could be accessible to anyone. See https://www.elastic.co/guide/en/elasticsearch/reference/7.16/security-minimal-setup.html to enable security."],[299 Elasticsearch-7.16.1-5b38441b16b1ebb16a27c107a4c3865776e20c53 "[ignore_throttled] parameter is deprecated because frozen indices have been deprecated. Consider cold or frozen tiers in place of frozen indices."]
2023-08-04 12:58:21,636 INFO  [com.dot.ContainerResource] (docker-java-stream-1865446083) STDOUT: 12:58:21.636  WARN  client.RestClient - request [POST http://elasticsearch:9200/cluster_c40f8aa8c9.live_20230804125756/_search?typed_keys=true&max_concurrent_shard_requests=5&ignore_unavailable=false&expand_wildcards=open&allow_no_indices=true&ignore_throttled=true&search_type=query_then_fetch&batched_reduce_size=512&ccs_minimize_roundtrips=true] returned 2 warnings: [299 Elasticsearch-7.16.1-5b38441b16b1ebb16a27c107a4c3865776e20c53 "Elasticsearch built-in security features are not enabled. Without authentication, your cluster could be accessible to anyone. See https://www.elastic.co/guide/en/elasticsearch/reference/7.16/security-minimal-setup.html to enable security."],[299 Elasticsearch-7.16.1-5b38441b16b1ebb16a27c107a4c3865776e20c53 "[ignore_throttled] parameter is deprecated because frozen indices have been deprecated. Consider cold or frozen tiers in place of frozen indices."]
2023-08-04 12:58:21,642 INFO  [com.dot.ContainerResource] (docker-java-stream-1865446083) STDOUT: 12:58:21.641  WARN  client.RestClient - request [POST http://elasticsearch:9200/cluster_c40f8aa8c9.live_20230804125756/_search?typed_keys=true&max_concurrent_shard_requests=5&ignore_unavailable=false&expand_wildcards=open&allow_no_indices=true&ignore_throttled=true&search_type=query_then_fetch&batched_reduce_size=512&ccs_minimize_roundtrips=true] returned 2 warnings: [299 Elasticsearch-7.16.1-5b38441b16b1ebb16a27c107a4c3865776e20c53 "Elasticsearch built-in security features are not enabled. Without authentication, your cluster could be accessible to anyone. See https://www.elastic.co/guide/en/elasticsearch/reference/7.16/security-minimal-setup.html to enable security."],[299 Elasticsearch-7.16.1-5b38441b16b1ebb16a27c107a4c3865776e20c53 "[ignore_throttled] parameter is deprecated because frozen indices have been deprecated. Consider cold or frozen tiers in place of frozen indices."]
2023-08-04 12:58:21,646 INFO  [com.dot.ContainerResource] (docker-java-stream-1865446083) STDOUT: 12:58:21.646  WARN  client.RestClient - request [POST http://elasticsearch:9200/cluster_c40f8aa8c9.live_20230804125756/_search?typed_keys=true&max_concurrent_shard_requests=5&ignore_unavailable=false&expand_wildcards=open&allow_no_indices=true&ignore_throttled=true&search_type=query_then_fetch&batched_reduce_size=512&ccs_minimize_roundtrips=true] returned 2 warnings: [299 Elasticsearch-7.16.1-5b38441b16b1ebb16a27c107a4c3865776e20c53 "Elasticsearch built-in security features are not enabled. Without authentication, your cluster could be accessible to anyone. See https://www.elastic.co/guide/en/elasticsearch/reference/7.16/security-minimal-setup.html to enable security."],[299 Elasticsearch-7.16.1-5b38441b16b1ebb16a27c107a4c3865776e20c53 "[ignore_throttled] parameter is deprecated because frozen indices have been deprecated. Consider cold or frozen tiers in place of frozen indices."]
2023-08-04 12:58:21,650 INFO  [com.dot.ContainerResource] (docker-java-stream-1865446083) STDOUT: 12:58:21.650  WARN  client.RestClient - request [POST http://elasticsearch:9200/cluster_c40f8aa8c9.live_20230804125756/_search?typed_keys=true&max_concurrent_shard_requests=5&ignore_unavailable=false&expand_wildcards=open&allow_no_indices=true&ignore_throttled=true&search_type=query_then_fetch&batched_reduce_size=512&ccs_minimize_roundtrips=true] returned 2 warnings: [299 Elasticsearch-7.16.1-5b38441b16b1ebb16a27c107a4c3865776e20c53 "Elasticsearch built-in security features are not enabled. Without authentication, your cluster could be accessible to anyone. See https://www.elastic.co/guide/en/elasticsearch/reference/7.16/security-minimal-setup.html to enable security."],[299 Elasticsearch-7.16.1-5b38441b16b1ebb16a27c107a4c3865776e20c53 "[ignore_throttled] parameter is deprecated because frozen indices have been deprecated. Consider cold or frozen tiers in place of frozen indices."]
2023-08-04 12:58:21,654 INFO  [com.dot.ContainerResource] (docker-java-stream-1865446083) STDOUT: 12:58:21.654  WARN  client.RestClient - request [POST http://elasticsearch:9200/cluster_c40f8aa8c9.live_20230804125756/_search?typed_keys=true&max_concurrent_shard_requests=5&ignore_unavailable=false&expand_wildcards=open&allow_no_indices=true&ignore_throttled=true&search_type=query_then_fetch&batched_reduce_size=512&ccs_minimize_roundtrips=true] returned 2 warnings: [299 Elasticsearch-7.16.1-5b38441b16b1ebb16a27c107a4c3865776e20c53 "Elasticsearch built-in security features are not enabled. Without authentication, your cluster could be accessible to anyone. See https://www.elastic.co/guide/en/elasticsearch/reference/7.16/security-minimal-setup.html to enable security."],[299 Elasticsearch-7.16.1-5b38441b16b1ebb16a27c107a4c3865776e20c53 "[ignore_throttled] parameter is deprecated because frozen indices have been deprecated. Consider cold or frozen tiers in place of frozen indices."]
2023-08-04 12:58:21,658 INFO  [com.dot.ContainerResource] (docker-java-stream-1865446083) STDOUT: 12:58:21.657  WARN  client.RestClient - request [POST http://elasticsearch:9200/cluster_c40f8aa8c9.live_20230804125756/_search?typed_keys=true&max_concurrent_shard_requests=5&ignore_unavailable=false&expand_wildcards=open&allow_no_indices=true&ignore_throttled=true&search_type=query_then_fetch&batched_reduce_size=512&ccs_minimize_roundtrips=true] returned 2 warnings: [299 Elasticsearch-7.16.1-5b38441b16b1ebb16a27c107a4c3865776e20c53 "Elasticsearch built-in security features are not enabled. Without authentication, your cluster could be accessible to anyone. See https://www.elastic.co/guide/en/elasticsearch/reference/7.16/security-minimal-setup.html to enable security."],[299 Elasticsearch-7.16.1-5b38441b16b1ebb16a27c107a4c3865776e20c53 "[ignore_throttled] parameter is deprecated because frozen indices have been deprecated. Consider cold or frozen tiers in place of frozen indices."]
2023-08-04 12:58:21,662 INFO  [com.dot.ContainerResource] (docker-java-stream-1865446083) STDOUT: 12:58:21.662  WARN  client.RestClient - request [POST http://elasticsearch:9200/cluster_c40f8aa8c9.live_20230804125756/_search?typed_keys=true&max_concurrent_shard_requests=5&ignore_unavailable=false&expand_wildcards=open&allow_no_indices=true&ignore_throttled=true&search_type=query_then_fetch&batched_reduce_size=512&ccs_minimize_roundtrips=true] returned 2 warnings: [299 Elasticsearch-7.16.1-5b38441b16b1ebb16a27c107a4c3865776e20c53 "Elasticsearch built-in security features are not enabled. Without authentication, your cluster could be accessible to anyone. See https://www.elastic.co/guide/en/elasticsearch/reference/7.16/security-minimal-setup.html to enable security."],[299 Elasticsearch-7.16.1-5b38441b16b1ebb16a27c107a4c3865776e20c53 "[ignore_throttled] parameter is deprecated because frozen indices have been deprecated. Consider cold or frozen tiers in place of frozen indices."]
2023-08-04 12:58:21,666 INFO  [com.dot.ContainerResource] (docker-java-stream-1865446083) STDOUT: 12:58:21.666  WARN  client.RestClient - request [POST http://elasticsearch:9200/cluster_c40f8aa8c9.live_20230804125756/_search?typed_keys=true&max_concurrent_shard_requests=5&ignore_unavailable=false&expand_wildcards=open&allow_no_indices=true&ignore_throttled=true&search_type=query_then_fetch&batched_reduce_size=512&ccs_minimize_roundtrips=true] returned 2 warnings: [299 Elasticsearch-7.16.1-5b38441b16b1ebb16a27c107a4c3865776e20c53 "Elasticsearch built-in security features are not enabled. Without authentication, your cluster could be accessible to anyone. See https://www.elastic.co/guide/en/elasticsearch/reference/7.16/security-minimal-setup.html to enable security."],[299 Elasticsearch-7.16.1-5b38441b16b1ebb16a27c107a4c3865776e20c53 "[ignore_throttled] parameter is deprecated because frozen indices have been deprecated. Consider cold or frozen tiers in place of frozen indices."]
2023-08-04 12:58:21,670 INFO  [com.dot.ContainerResource] (docker-java-stream-1865446083) STDOUT: 12:58:21.669  WARN  client.RestClient - request [POST http://elasticsearch:9200/cluster_c40f8aa8c9.live_20230804125756/_search?typed_keys=true&max_concurrent_shard_requests=5&ignore_unavailable=false&expand_wildcards=open&allow_no_indices=true&ignore_throttled=true&search_type=query_then_fetch&batched_reduce_size=512&ccs_minimize_roundtrips=true] returned 2 warnings: [299 Elasticsearch-7.16.1-5b38441b16b1ebb16a27c107a4c3865776e20c53 "Elasticsearch built-in security features are not enabled. Without authentication, your cluster could be accessible to anyone. See https://www.elastic.co/guide/en/elasticsearch/reference/7.16/security-minimal-setup.html to enable security."],[299 Elasticsearch-7.16.1-5b38441b16b1ebb16a27c107a4c3865776e20c53 "[ignore_throttled] parameter is deprecated because frozen indices have been deprecated. Consider cold or frozen tiers in place of frozen indices."]
2023-08-04 12:58:21,674 INFO  [com.dot.ContainerResource] (docker-java-stream-1865446083) STDOUT: 12:58:21.674  WARN  client.RestClient - request [POST http://elasticsearch:9200/cluster_c40f8aa8c9.live_20230804125756/_search?typed_keys=true&max_concurrent_shard_requests=5&ignore_unavailable=false&expand_wildcards=open&allow_no_indices=true&ignore_throttled=true&search_type=query_then_fetch&batched_reduce_size=512&ccs_minimize_roundtrips=true] returned 2 warnings: [299 Elasticsearch-7.16.1-5b38441b16b1ebb16a27c107a4c3865776e20c53 "Elasticsearch built-in security features are not enabled. Without authentication, your cluster could be accessible to anyone. See https://www.elastic.co/guide/en/elasticsearch/reference/7.16/security-minimal-setup.html to enable security."],[299 Elasticsearch-7.16.1-5b38441b16b1ebb16a27c107a4c3865776e20c53 "[ignore_throttled] parameter is deprecated because frozen indices have been deprecated. Consider cold or frozen tiers in place of frozen indices."]
2023-08-04 12:58:21,678 INFO  [com.dot.ContainerResource] (docker-java-stream-1865446083) STDOUT: 12:58:21.678  WARN  client.RestClient - request [POST http://elasticsearch:9200/cluster_c40f8aa8c9.live_20230804125756/_search?typed_keys=true&max_concurrent_shard_requests=5&ignore_unavailable=false&expand_wildcards=open&allow_no_indices=true&ignore_throttled=true&search_type=query_then_fetch&batched_reduce_size=512&ccs_minimize_roundtrips=true] returned 2 warnings: [299 Elasticsearch-7.16.1-5b38441b16b1ebb16a27c107a4c3865776e20c53 "Elasticsearch built-in security features are not enabled. Without authentication, your cluster could be accessible to anyone. See https://www.elastic.co/guide/en/elasticsearch/reference/7.16/security-minimal-setup.html to enable security."],[299 Elasticsearch-7.16.1-5b38441b16b1ebb16a27c107a4c3865776e20c53 "[ignore_throttled] parameter is deprecated because frozen indices have been deprecated. Consider cold or frozen tiers in place of frozen indices."]
2023-08-04 12:58:21,682 INFO  [com.dot.ContainerResource] (docker-java-stream-1865446083) STDOUT: 12:58:21.682  WARN  client.RestClient - request [POST http://elasticsearch:9200/cluster_c40f8aa8c9.live_20230804125756/_search?typed_keys=true&max_concurrent_shard_requests=5&ignore_unavailable=false&expand_wildcards=open&allow_no_indices=true&ignore_throttled=true&search_type=query_then_fetch&batched_reduce_size=512&ccs_minimize_roundtrips=true] returned 2 warnings: [299 Elasticsearch-7.16.1-5b38441b16b1ebb16a27c107a4c3865776e20c53 "Elasticsearch built-in security features are not enabled. Without authentication, your cluster could be accessible to anyone. See https://www.elastic.co/guide/en/elasticsearch/reference/7.16/security-minimal-setup.html to enable security."],[299 Elasticsearch-7.16.1-5b38441b16b1ebb16a27c107a4c3865776e20c53 "[ignore_throttled] parameter is deprecated because frozen indices have been deprecated. Consider cold or frozen tiers in place of frozen indices."]
2023-08-04 12:58:21,686 INFO  [com.dot.ContainerResource] (docker-java-stream-1865446083) STDOUT: 12:58:21.686  WARN  client.RestClient - request [POST http://elasticsearch:9200/cluster_c40f8aa8c9.live_20230804125756/_search?typed_keys=true&max_concurrent_shard_requests=5&ignore_unavailable=false&expand_wildcards=open&allow_no_indices=true&ignore_throttled=true&search_type=query_then_fetch&batched_reduce_size=512&ccs_minimize_roundtrips=true] returned 2 warnings: [299 Elasticsearch-7.16.1-5b38441b16b1ebb16a27c107a4c3865776e20c53 "Elasticsearch built-in security features are not enabled. Without authentication, your cluster could be accessible to anyone. See https://www.elastic.co/guide/en/elasticsearch/reference/7.16/security-minimal-setup.html to enable security."],[299 Elasticsearch-7.16.1-5b38441b16b1ebb16a27c107a4c3865776e20c53 "[ignore_throttled] parameter is deprecated because frozen indices have been deprecated. Consider cold or frozen tiers in place of frozen indices."]
2023-08-04 12:58:21,691 INFO  [com.dot.ContainerResource] (docker-java-stream-1865446083) STDOUT: 12:58:21.690  WARN  client.RestClient - request [POST http://elasticsearch:9200/cluster_c40f8aa8c9.live_20230804125756/_search?typed_keys=true&max_concurrent_shard_requests=5&ignore_unavailable=false&expand_wildcards=open&allow_no_indices=true&ignore_throttled=true&search_type=query_then_fetch&batched_reduce_size=512&ccs_minimize_roundtrips=true] returned 2 warnings: [299 Elasticsearch-7.16.1-5b38441b16b1ebb16a27c107a4c3865776e20c53 "Elasticsearch built-in security features are not enabled. Without authentication, your cluster could be accessible to anyone. See https://www.elastic.co/guide/en/elasticsearch/reference/7.16/security-minimal-setup.html to enable security."],[299 Elasticsearch-7.16.1-5b38441b16b1ebb16a27c107a4c3865776e20c53 "[ignore_throttled] parameter is deprecated because frozen indices have been deprecated. Consider cold or frozen tiers in place of frozen indices."]
2023-08-04 12:58:21,695 INFO  [com.dot.ContainerResource] (docker-java-stream-1865446083) STDOUT: 12:58:21.695  WARN  client.RestClient - request [POST http://elasticsearch:9200/cluster_c40f8aa8c9.live_20230804125756/_search?typed_keys=true&max_concurrent_shard_requests=5&ignore_unavailable=false&expand_wildcards=open&allow_no_indices=true&ignore_throttled=true&search_type=query_then_fetch&batched_reduce_size=512&ccs_minimize_roundtrips=true] returned 2 warnings: [299 Elasticsearch-7.16.1-5b38441b16b1ebb16a27c107a4c3865776e20c53 "Elasticsearch built-in security features are not enabled. Without authentication, your cluster could be accessible to anyone. See https://www.elastic.co/guide/en/elasticsearch/reference/7.16/security-minimal-setup.html to enable security."],[299 Elasticsearch-7.16.1-5b38441b16b1ebb16a27c107a4c3865776e20c53 "[ignore_throttled] parameter is deprecated because frozen indices have been deprecated. Consider cold or frozen tiers in place of frozen indices."]
2023-08-04 12:58:21,698 INFO  [com.dot.ContainerResource] (docker-java-stream-1865446083) STDOUT: 12:58:21.698  WARN  client.RestClient - request [POST http://elasticsearch:9200/cluster_c40f8aa8c9.live_20230804125756/_search?typed_keys=true&max_concurrent_shard_requests=5&ignore_unavailable=false&expand_wildcards=open&allow_no_indices=true&ignore_throttled=true&search_type=query_then_fetch&batched_reduce_size=512&ccs_minimize_roundtrips=true] returned 2 warnings: [299 Elasticsearch-7.16.1-5b38441b16b1ebb16a27c107a4c3865776e20c53 "Elasticsearch built-in security features are not enabled. Without authentication, your cluster could be accessible to anyone. See https://www.elastic.co/guide/en/elasticsearch/reference/7.16/security-minimal-setup.html to enable security."],[299 Elasticsearch-7.16.1-5b38441b16b1ebb16a27c107a4c3865776e20c53 "[ignore_throttled] parameter is deprecated because frozen indices have been deprecated. Consider cold or frozen tiers in place of frozen indices."]
2023-08-04 12:58:21,702 INFO  [com.dot.ContainerResource] (docker-java-stream-1865446083) STDOUT: 12:58:21.702  WARN  client.RestClient - request [POST http://elasticsearch:9200/cluster_c40f8aa8c9.live_20230804125756/_search?typed_keys=true&max_concurrent_shard_requests=5&ignore_unavailable=false&expand_wildcards=open&allow_no_indices=true&ignore_throttled=true&search_type=query_then_fetch&batched_reduce_size=512&ccs_minimize_roundtrips=true] returned 2 warnings: [299 Elasticsearch-7.16.1-5b38441b16b1ebb16a27c107a4c3865776e20c53 "Elasticsearch built-in security features are not enabled. Without authentication, your cluster could be accessible to anyone. See https://www.elastic.co/guide/en/elasticsearch/reference/7.16/security-minimal-setup.html to enable security."],[299 Elasticsearch-7.16.1-5b38441b16b1ebb16a27c107a4c3865776e20c53 "[ignore_throttled] parameter is deprecated because frozen indices have been deprecated. Consider cold or frozen tiers in place of frozen indices."]
2023-08-04 12:58:21,706 INFO  [com.dot.ContainerResource] (docker-java-stream-1865446083) STDOUT: 12:58:21.705  WARN  client.RestClient - request [POST http://elasticsearch:9200/cluster_c40f8aa8c9.live_20230804125756/_search?typed_keys=true&max_concurrent_shard_requests=5&ignore_unavailable=false&expand_wildcards=open&allow_no_indices=true&ignore_throttled=true&search_type=query_then_fetch&batched_reduce_size=512&ccs_minimize_roundtrips=true] returned 2 warnings: [299 Elasticsearch-7.16.1-5b38441b16b1ebb16a27c107a4c3865776e20c53 "Elasticsearch built-in security features are not enabled. Without authentication, your cluster could be accessible to anyone. See https://www.elastic.co/guide/en/elasticsearch/reference/7.16/security-minimal-setup.html to enable security."],[299 Elasticsearch-7.16.1-5b38441b16b1ebb16a27c107a4c3865776e20c53 "[ignore_throttled] parameter is deprecated because frozen indices have been deprecated. Consider cold or frozen tiers in place of frozen indices."]
2023-08-04 12:58:21,716 INFO  [com.dot.ContainerResource] (docker-java-stream-1865446083) STDOUT: 12:58:21.716  WARN  client.RestClient - request [POST http://elasticsearch:9200/cluster_c40f8aa8c9.live_20230804125756/_search?typed_keys=true&max_concurrent_shard_requests=5&ignore_unavailable=false&expand_wildcards=open&allow_no_indices=true&ignore_throttled=true&search_type=query_then_fetch&batched_reduce_size=512&ccs_minimize_roundtrips=true] returned 2 warnings: [299 Elasticsearch-7.16.1-5b38441b16b1ebb16a27c107a4c3865776e20c53 "Elasticsearch built-in security features are not enabled. Without authentication, your cluster could be accessible to anyone. See https://www.elastic.co/guide/en/elasticsearch/reference/7.16/security-minimal-setup.html to enable security."],[299 Elasticsearch-7.16.1-5b38441b16b1ebb16a27c107a4c3865776e20c53 "[ignore_throttled] parameter is deprecated because frozen indices have been deprecated. Consider cold or frozen tiers in place of frozen indices."]
2023-08-04 12:58:21,724 INFO  [com.dot.ContainerResource] (docker-java-stream-1865446083) STDOUT: 12:58:21.724  WARN  client.RestClient - request [POST http://elasticsearch:9200/cluster_c40f8aa8c9.live_20230804125756/_search?typed_keys=true&max_concurrent_shard_requests=5&ignore_unavailable=false&expand_wildcards=open&allow_no_indices=true&ignore_throttled=true&search_type=query_then_fetch&batched_reduce_size=512&ccs_minimize_roundtrips=true] returned 2 warnings: [299 Elasticsearch-7.16.1-5b38441b16b1ebb16a27c107a4c3865776e20c53 "Elasticsearch built-in security features are not enabled. Without authentication, your cluster could be accessible to anyone. See https://www.elastic.co/guide/en/elasticsearch/reference/7.16/security-minimal-setup.html to enable security."],[299 Elasticsearch-7.16.1-5b38441b16b1ebb16a27c107a4c3865776e20c53 "[ignore_throttled] parameter is deprecated because frozen indices have been deprecated. Consider cold or frozen tiers in place of frozen indices."]
2023-08-04 12:58:21,728 INFO  [com.dot.ContainerResource] (docker-java-stream-1865446083) STDOUT: 12:58:21.728  WARN  client.RestClient - request [POST http://elasticsearch:9200/cluster_c40f8aa8c9.live_20230804125756/_search?typed_keys=true&max_concurrent_shard_requests=5&ignore_unavailable=false&expand_wildcards=open&allow_no_indices=true&ignore_throttled=true&search_type=query_then_fetch&batched_reduce_size=512&ccs_minimize_roundtrips=true] returned 2 warnings: [299 Elasticsearch-7.16.1-5b38441b16b1ebb16a27c107a4c3865776e20c53 "Elasticsearch built-in security features are not enabled. Without authentication, your cluster could be accessible to anyone. See https://www.elastic.co/guide/en/elasticsearch/reference/7.16/security-minimal-setup.html to enable security."],[299 Elasticsearch-7.16.1-5b38441b16b1ebb16a27c107a4c3865776e20c53 "[ignore_throttled] parameter is deprecated because frozen indices have been deprecated. Consider cold or frozen tiers in place of frozen indices."]
2023-08-04 12:58:21,731 INFO  [com.dot.ContainerResource] (docker-java-stream-1865446083) STDOUT: 12:58:21.731  WARN  client.RestClient - request [POST http://elasticsearch:9200/cluster_c40f8aa8c9.live_20230804125756/_search?typed_keys=true&max_concurrent_shard_requests=5&ignore_unavailable=false&expand_wildcards=open&allow_no_indices=true&ignore_throttled=true&search_type=query_then_fetch&batched_reduce_size=512&ccs_minimize_roundtrips=true] returned 2 warnings: [299 Elasticsearch-7.16.1-5b38441b16b1ebb16a27c107a4c3865776e20c53 "Elasticsearch built-in security features are not enabled. Without authentication, your cluster could be accessible to anyone. See https://www.elastic.co/guide/en/elasticsearch/reference/7.16/security-minimal-setup.html to enable security."],[299 Elasticsearch-7.16.1-5b38441b16b1ebb16a27c107a4c3865776e20c53 "[ignore_throttled] parameter is deprecated because frozen indices have been deprecated. Consider cold or frozen tiers in place of frozen indices."]
2023-08-04 12:58:21,736 INFO  [com.dot.ContainerResource] (docker-java-stream-1865446083) STDOUT: 12:58:21.735  WARN  client.RestClient - request [POST http://elasticsearch:9200/cluster_c40f8aa8c9.live_20230804125756/_search?typed_keys=true&max_concurrent_shard_requests=5&ignore_unavailable=false&expand_wildcards=open&allow_no_indices=true&ignore_throttled=true&search_type=query_then_fetch&batched_reduce_size=512&ccs_minimize_roundtrips=true] returned 2 warnings: [299 Elasticsearch-7.16.1-5b38441b16b1ebb16a27c107a4c3865776e20c53 "Elasticsearch built-in security features are not enabled. Without authentication, your cluster could be accessible to anyone. See https://www.elastic.co/guide/en/elasticsearch/reference/7.16/security-minimal-setup.html to enable security."],[299 Elasticsearch-7.16.1-5b38441b16b1ebb16a27c107a4c3865776e20c53 "[ignore_throttled] parameter is deprecated because frozen indices have been deprecated. Consider cold or frozen tiers in place of frozen indices."]
2023-08-04 12:58:21,742 INFO  [com.dot.ContainerResource] (docker-java-stream-1865446083) STDOUT: 12:58:21.741  WARN  client.RestClient - request [POST http://elasticsearch:9200/cluster_c40f8aa8c9.live_20230804125756/_search?typed_keys=true&max_concurrent_shard_requests=5&ignore_unavailable=false&expand_wildcards=open&allow_no_indices=true&ignore_throttled=true&search_type=query_then_fetch&batched_reduce_size=512&ccs_minimize_roundtrips=true] returned 2 warnings: [299 Elasticsearch-7.16.1-5b38441b16b1ebb16a27c107a4c3865776e20c53 "Elasticsearch built-in security features are not enabled. Without authentication, your cluster could be accessible to anyone. See https://www.elastic.co/guide/en/elasticsearch/reference/7.16/security-minimal-setup.html to enable security."],[299 Elasticsearch-7.16.1-5b38441b16b1ebb16a27c107a4c3865776e20c53 "[ignore_throttled] parameter is deprecated because frozen indices have been deprecated. Consider cold or frozen tiers in place of frozen indices."]
2023-08-04 12:58:21,745 INFO  [com.dot.ContainerResource] (docker-java-stream-1865446083) STDOUT: 12:58:21.744  WARN  client.RestClient - request [POST http://elasticsearch:9200/cluster_c40f8aa8c9.live_20230804125756/_search?typed_keys=true&max_concurrent_shard_requests=5&ignore_unavailable=false&expand_wildcards=open&allow_no_indices=true&ignore_throttled=true&search_type=query_then_fetch&batched_reduce_size=512&ccs_minimize_roundtrips=true] returned 2 warnings: [299 Elasticsearch-7.16.1-5b38441b16b1ebb16a27c107a4c3865776e20c53 "Elasticsearch built-in security features are not enabled. Without authentication, your cluster could be accessible to anyone. See https://www.elastic.co/guide/en/elasticsearch/reference/7.16/security-minimal-setup.html to enable security."],[299 Elasticsearch-7.16.1-5b38441b16b1ebb16a27c107a4c3865776e20c53 "[ignore_throttled] parameter is deprecated because frozen indices have been deprecated. Consider cold or frozen tiers in place of frozen indices."]
2023-08-04 12:58:21,747 INFO  [com.dot.ContainerResource] (docker-java-stream-1865446083) STDOUT: 12:58:21.747  WARN  client.RestClient - request [POST http://elasticsearch:9200/cluster_c40f8aa8c9.live_20230804125756/_search?typed_keys=true&max_concurrent_shard_requests=5&ignore_unavailable=false&expand_wildcards=open&allow_no_indices=true&ignore_throttled=true&search_type=query_then_fetch&batched_reduce_size=512&ccs_minimize_roundtrips=true] returned 2 warnings: [299 Elasticsearch-7.16.1-5b38441b16b1ebb16a27c107a4c3865776e20c53 "Elasticsearch built-in security features are not enabled. Without authentication, your cluster could be accessible to anyone. See https://www.elastic.co/guide/en/elasticsearch/reference/7.16/security-minimal-setup.html to enable security."],[299 Elasticsearch-7.16.1-5b38441b16b1ebb16a27c107a4c3865776e20c53 "[ignore_throttled] parameter is deprecated because frozen indices have been deprecated. Consider cold or frozen tiers in place of frozen indices."]
2023-08-04 12:58:21,750 INFO  [com.dot.ContainerResource] (docker-java-stream-1865446083) STDOUT: 12:58:21.750  WARN  client.RestClient - request [POST http://elasticsearch:9200/cluster_c40f8aa8c9.live_20230804125756/_search?typed_keys=true&max_concurrent_shard_requests=5&ignore_unavailable=false&expand_wildcards=open&allow_no_indices=true&ignore_throttled=true&search_type=query_then_fetch&batched_reduce_size=512&ccs_minimize_roundtrips=true] returned 2 warnings: [299 Elasticsearch-7.16.1-5b38441b16b1ebb16a27c107a4c3865776e20c53 "Elasticsearch built-in security features are not enabled. Without authentication, your cluster could be accessible to anyone. See https://www.elastic.co/guide/en/elasticsearch/reference/7.16/security-minimal-setup.html to enable security."],[299 Elasticsearch-7.16.1-5b38441b16b1ebb16a27c107a4c3865776e20c53 "[ignore_throttled] parameter is deprecated because frozen indices have been deprecated. Consider cold or frozen tiers in place of frozen indices."]
2023-08-04 12:58:21,756 INFO  [com.dot.ContainerResource] (docker-java-stream-1865446083) STDOUT: 12:58:21.756  WARN  client.RestClient - request [POST http://elasticsearch:9200/cluster_c40f8aa8c9.live_20230804125756/_search?typed_keys=true&max_concurrent_shard_requests=5&ignore_unavailable=false&expand_wildcards=open&allow_no_indices=true&ignore_throttled=true&search_type=query_then_fetch&batched_reduce_size=512&ccs_minimize_roundtrips=true] returned 2 warnings: [299 Elasticsearch-7.16.1-5b38441b16b1ebb16a27c107a4c3865776e20c53 "Elasticsearch built-in security features are not enabled. Without authentication, your cluster could be accessible to anyone. See https://www.elastic.co/guide/en/elasticsearch/reference/7.16/security-minimal-setup.html to enable security."],[299 Elasticsearch-7.16.1-5b38441b16b1ebb16a27c107a4c3865776e20c53 "[ignore_throttled] parameter is deprecated because frozen indices have been deprecated. Consider cold or frozen tiers in place of frozen indices."]
2023-08-04 12:58:21,759 INFO  [com.dot.ContainerResource] (docker-java-stream-1865446083) STDOUT: 12:58:21.759  WARN  client.RestClient - request [POST http://elasticsearch:9200/cluster_c40f8aa8c9.live_20230804125756/_search?typed_keys=true&max_concurrent_shard_requests=5&ignore_unavailable=false&expand_wildcards=open&allow_no_indices=true&ignore_throttled=true&search_type=query_then_fetch&batched_reduce_size=512&ccs_minimize_roundtrips=true] returned 2 warnings: [299 Elasticsearch-7.16.1-5b38441b16b1ebb16a27c107a4c3865776e20c53 "Elasticsearch built-in security features are not enabled. Without authentication, your cluster could be accessible to anyone. See https://www.elastic.co/guide/en/elasticsearch/reference/7.16/security-minimal-setup.html to enable security."],[299 Elasticsearch-7.16.1-5b38441b16b1ebb16a27c107a4c3865776e20c53 "[ignore_throttled] parameter is deprecated because frozen indices have been deprecated. Consider cold or frozen tiers in place of frozen indices."]
2023-08-04 12:58:21,763 INFO  [com.dot.ContainerResource] (docker-java-stream-1865446083) STDOUT: 12:58:21.763  WARN  client.RestClient - request [POST http://elasticsearch:9200/cluster_c40f8aa8c9.live_20230804125756/_search?typed_keys=true&max_concurrent_shard_requests=5&ignore_unavailable=false&expand_wildcards=open&allow_no_indices=true&ignore_throttled=true&search_type=query_then_fetch&batched_reduce_size=512&ccs_minimize_roundtrips=true] returned 2 warnings: [299 Elasticsearch-7.16.1-5b38441b16b1ebb16a27c107a4c3865776e20c53 "Elasticsearch built-in security features are not enabled. Without authentication, your cluster could be accessible to anyone. See https://www.elastic.co/guide/en/elasticsearch/reference/7.16/security-minimal-setup.html to enable security."],[299 Elasticsearch-7.16.1-5b38441b16b1ebb16a27c107a4c3865776e20c53 "[ignore_throttled] parameter is deprecated because frozen indices have been deprecated. Consider cold or frozen tiers in place of frozen indices."]
2023-08-04 12:58:21,766 INFO  [com.dot.ContainerResource] (docker-java-stream-1865446083) STDOUT: 12:58:21.766  WARN  client.RestClient - request [POST http://elasticsearch:9200/cluster_c40f8aa8c9.live_20230804125756/_search?typed_keys=true&max_concurrent_shard_requests=5&ignore_unavailable=false&expand_wildcards=open&allow_no_indices=true&ignore_throttled=true&search_type=query_then_fetch&batched_reduce_size=512&ccs_minimize_roundtrips=true] returned 2 warnings: [299 Elasticsearch-7.16.1-5b38441b16b1ebb16a27c107a4c3865776e20c53 "Elasticsearch built-in security features are not enabled. Without authentication, your cluster could be accessible to anyone. See https://www.elastic.co/guide/en/elasticsearch/reference/7.16/security-minimal-setup.html to enable security."],[299 Elasticsearch-7.16.1-5b38441b16b1ebb16a27c107a4c3865776e20c53 "[ignore_throttled] parameter is deprecated because frozen indices have been deprecated. Consider cold or frozen tiers in place of frozen indices."]
2023-08-04 12:58:21,770 INFO  [com.dot.ContainerResource] (docker-java-stream-1865446083) STDOUT: 12:58:21.769  WARN  client.RestClient - request [POST http://elasticsearch:9200/cluster_c40f8aa8c9.live_20230804125756/_search?typed_keys=true&max_concurrent_shard_requests=5&ignore_unavailable=false&expand_wildcards=open&allow_no_indices=true&ignore_throttled=true&search_type=query_then_fetch&batched_reduce_size=512&ccs_minimize_roundtrips=true] returned 2 warnings: [299 Elasticsearch-7.16.1-5b38441b16b1ebb16a27c107a4c3865776e20c53 "Elasticsearch built-in security features are not enabled. Without authentication, your cluster could be accessible to anyone. See https://www.elastic.co/guide/en/elasticsearch/reference/7.16/security-minimal-setup.html to enable security."],[299 Elasticsearch-7.16.1-5b38441b16b1ebb16a27c107a4c3865776e20c53 "[ignore_throttled] parameter is deprecated because frozen indices have been deprecated. Consider cold or frozen tiers in place of frozen indices."]
2023-08-04 12:58:21,773 INFO  [com.dot.ContainerResource] (docker-java-stream-1865446083) STDOUT: 12:58:21.772  WARN  client.RestClient - request [POST http://elasticsearch:9200/cluster_c40f8aa8c9.live_20230804125756/_search?typed_keys=true&max_concurrent_shard_requests=5&ignore_unavailable=false&expand_wildcards=open&allow_no_indices=true&ignore_throttled=true&search_type=query_then_fetch&batched_reduce_size=512&ccs_minimize_roundtrips=true] returned 2 warnings: [299 Elasticsearch-7.16.1-5b38441b16b1ebb16a27c107a4c3865776e20c53 "Elasticsearch built-in security features are not enabled. Without authentication, your cluster could be accessible to anyone. See https://www.elastic.co/guide/en/elasticsearch/reference/7.16/security-minimal-setup.html to enable security."],[299 Elasticsearch-7.16.1-5b38441b16b1ebb16a27c107a4c3865776e20c53 "[ignore_throttled] parameter is deprecated because frozen indices have been deprecated. Consider cold or frozen tiers in place of frozen indices."]
2023-08-04 12:58:21,776 INFO  [com.dot.ContainerResource] (docker-java-stream-1865446083) STDOUT: 12:58:21.775  WARN  client.RestClient - request [POST http://elasticsearch:9200/cluster_c40f8aa8c9.live_20230804125756/_search?typed_keys=true&max_concurrent_shard_requests=5&ignore_unavailable=false&expand_wildcards=open&allow_no_indices=true&ignore_throttled=true&search_type=query_then_fetch&batched_reduce_size=512&ccs_minimize_roundtrips=true] returned 2 warnings: [299 Elasticsearch-7.16.1-5b38441b16b1ebb16a27c107a4c3865776e20c53 "Elasticsearch built-in security features are not enabled. Without authentication, your cluster could be accessible to anyone. See https://www.elastic.co/guide/en/elasticsearch/reference/7.16/security-minimal-setup.html to enable security."],[299 Elasticsearch-7.16.1-5b38441b16b1ebb16a27c107a4c3865776e20c53 "[ignore_throttled] parameter is deprecated because frozen indices have been deprecated. Consider cold or frozen tiers in place of frozen indices."]
2023-08-04 12:58:21,779 INFO  [com.dot.ContainerResource] (docker-java-stream-1865446083) STDOUT: 12:58:21.779  WARN  client.RestClient - request [POST http://elasticsearch:9200/cluster_c40f8aa8c9.live_20230804125756/_search?typed_keys=true&max_concurrent_shard_requests=5&ignore_unavailable=false&expand_wildcards=open&allow_no_indices=true&ignore_throttled=true&search_type=query_then_fetch&batched_reduce_size=512&ccs_minimize_roundtrips=true] returned 2 warnings: [299 Elasticsearch-7.16.1-5b38441b16b1ebb16a27c107a4c3865776e20c53 "Elasticsearch built-in security features are not enabled. Without authentication, your cluster could be accessible to anyone. See https://www.elastic.co/guide/en/elasticsearch/reference/7.16/security-minimal-setup.html to enable security."],[299 Elasticsearch-7.16.1-5b38441b16b1ebb16a27c107a4c3865776e20c53 "[ignore_throttled] parameter is deprecated because frozen indices have been deprecated. Consider cold or frozen tiers in place of frozen indices."]
2023-08-04 12:58:21,782 INFO  [com.dot.ContainerResource] (docker-java-stream-1865446083) STDOUT: 12:58:21.782  WARN  client.RestClient - request [POST http://elasticsearch:9200/cluster_c40f8aa8c9.live_20230804125756/_search?typed_keys=true&max_concurrent_shard_requests=5&ignore_unavailable=false&expand_wildcards=open&allow_no_indices=true&ignore_throttled=true&search_type=query_then_fetch&batched_reduce_size=512&ccs_minimize_roundtrips=true] returned 2 warnings: [299 Elasticsearch-7.16.1-5b38441b16b1ebb16a27c107a4c3865776e20c53 "Elasticsearch built-in security features are not enabled. Without authentication, your cluster could be accessible to anyone. See https://www.elastic.co/guide/en/elasticsearch/reference/7.16/security-minimal-setup.html to enable security."],[299 Elasticsearch-7.16.1-5b38441b16b1ebb16a27c107a4c3865776e20c53 "[ignore_throttled] parameter is deprecated because frozen indices have been deprecated. Consider cold or frozen tiers in place of frozen indices."]
2023-08-04 12:58:21,794 INFO  [com.dot.ContainerResource] (docker-java-stream-1865446083) STDOUT: 12:58:21.794  WARN  client.RestClient - request [POST http://elasticsearch:9200/cluster_c40f8aa8c9.live_20230804125756/_search?typed_keys=true&max_concurrent_shard_requests=5&ignore_unavailable=false&expand_wildcards=open&allow_no_indices=true&ignore_throttled=true&search_type=query_then_fetch&batched_reduce_size=512&ccs_minimize_roundtrips=true] returned 2 warnings: [299 Elasticsearch-7.16.1-5b38441b16b1ebb16a27c107a4c3865776e20c53 "Elasticsearch built-in security features are not enabled. Without authentication, your cluster could be accessible to anyone. See https://www.elastic.co/guide/en/elasticsearch/reference/7.16/security-minimal-setup.html to enable security."],[299 Elasticsearch-7.16.1-5b38441b16b1ebb16a27c107a4c3865776e20c53 "[ignore_throttled] parameter is deprecated because frozen indices have been deprecated. Consider cold or frozen tiers in place of frozen indices."]
2023-08-04 12:58:21,816 INFO  [com.dot.ContainerResource] (docker-java-stream-1865446083) STDOUT: 12:58:21.814  WARN  client.RestClient - request [POST http://elasticsearch:9200/cluster_c40f8aa8c9.live_20230804125756/_search?typed_keys=true&max_concurrent_shard_requests=5&ignore_unavailable=false&expand_wildcards=open&allow_no_indices=true&ignore_throttled=true&search_type=query_then_fetch&batched_reduce_size=512&ccs_minimize_roundtrips=true] returned 2 warnings: [299 Elasticsearch-7.16.1-5b38441b16b1ebb16a27c107a4c3865776e20c53 "Elasticsearch built-in security features are not enabled. Without authentication, your cluster could be accessible to anyone. See https://www.elastic.co/guide/en/elasticsearch/reference/7.16/security-minimal-setup.html to enable security."],[299 Elasticsearch-7.16.1-5b38441b16b1ebb16a27c107a4c3865776e20c53 "[ignore_throttled] parameter is deprecated because frozen indices have been deprecated. Consider cold or frozen tiers in place of frozen indices."]
2023-08-04 12:58:21,820 INFO  [com.dot.ContainerResource] (docker-java-stream-1865446083) STDOUT: 12:58:21.819  WARN  client.RestClient - request [POST http://elasticsearch:9200/cluster_c40f8aa8c9.live_20230804125756/_search?typed_keys=true&max_concurrent_shard_requests=5&ignore_unavailable=false&expand_wildcards=open&allow_no_indices=true&ignore_throttled=true&search_type=query_then_fetch&batched_reduce_size=512&ccs_minimize_roundtrips=true] returned 2 warnings: [299 Elasticsearch-7.16.1-5b38441b16b1ebb16a27c107a4c3865776e20c53 "Elasticsearch built-in security features are not enabled. Without authentication, your cluster could be accessible to anyone. See https://www.elastic.co/guide/en/elasticsearch/reference/7.16/security-minimal-setup.html to enable security."],[299 Elasticsearch-7.16.1-5b38441b16b1ebb16a27c107a4c3865776e20c53 "[ignore_throttled] parameter is deprecated because frozen indices have been deprecated. Consider cold or frozen tiers in place of frozen indices."]
2023-08-04 12:58:21,831 INFO  [com.dot.ContainerResource] (docker-java-stream-1865446083) STDOUT: 12:58:21.824  WARN  client.RestClient - request [POST http://elasticsearch:9200/cluster_c40f8aa8c9.live_20230804125756/_search?typed_keys=true&max_concurrent_shard_requests=5&ignore_unavailable=false&expand_wildcards=open&allow_no_indices=true&ignore_throttled=true&search_type=query_then_fetch&batched_reduce_size=512&ccs_minimize_roundtrips=true] returned 2 warnings: [299 Elasticsearch-7.16.1-5b38441b16b1ebb16a27c107a4c3865776e20c53 "Elasticsearch built-in security features are not enabled. Without authentication, your cluster could be accessible to anyone. See https://www.elastic.co/guide/en/elasticsearch/reference/7.16/security-minimal-setup.html to enable security."],[299 Elasticsearch-7.16.1-5b38441b16b1ebb16a27c107a4c3865776e20c53 "[ignore_throttled] parameter is deprecated because frozen indices have been deprecated. Consider cold or frozen tiers in place of frozen indices."]
2023-08-04 12:58:21,846 INFO  [com.dot.ContainerResource] (docker-java-stream-1865446083) STDOUT: 12:58:21.844  WARN  client.RestClient - request [POST http://elasticsearch:9200/cluster_c40f8aa8c9.live_20230804125756/_search?typed_keys=true&max_concurrent_shard_requests=5&ignore_unavailable=false&expand_wildcards=open&allow_no_indices=true&ignore_throttled=true&search_type=query_then_fetch&batched_reduce_size=512&ccs_minimize_roundtrips=true] returned 2 warnings: [299 Elasticsearch-7.16.1-5b38441b16b1ebb16a27c107a4c3865776e20c53 "Elasticsearch built-in security features are not enabled. Without authentication, your cluster could be accessible to anyone. See https://www.elastic.co/guide/en/elasticsearch/reference/7.16/security-minimal-setup.html to enable security."],[299 Elasticsearch-7.16.1-5b38441b16b1ebb16a27c107a4c3865776e20c53 "[ignore_throttled] parameter is deprecated because frozen indices have been deprecated. Consider cold or frozen tiers in place of frozen indices."]
2023-08-04 12:58:21,850 INFO  [com.dot.ContainerResource] (docker-java-stream-1865446083) STDOUT: 12:58:21.848  WARN  client.RestClient - request [POST http://elasticsearch:9200/cluster_c40f8aa8c9.live_20230804125756/_search?typed_keys=true&max_concurrent_shard_requests=5&ignore_unavailable=false&expand_wildcards=open&allow_no_indices=true&ignore_throttled=true&search_type=query_then_fetch&batched_reduce_size=512&ccs_minimize_roundtrips=true] returned 2 warnings: [299 Elasticsearch-7.16.1-5b38441b16b1ebb16a27c107a4c3865776e20c53 "Elasticsearch built-in security features are not enabled. Without authentication, your cluster could be accessible to anyone. See https://www.elastic.co/guide/en/elasticsearch/reference/7.16/security-minimal-setup.html to enable security."],[299 Elasticsearch-7.16.1-5b38441b16b1ebb16a27c107a4c3865776e20c53 "[ignore_throttled] parameter is deprecated because frozen indices have been deprecated. Consider cold or frozen tiers in place of frozen indices."]
2023-08-04 12:58:21,852 INFO  [com.dot.ContainerResource] (docker-java-stream-1865446083) STDOUT: 12:58:21.852  WARN  client.RestClient - request [POST http://elasticsearch:9200/cluster_c40f8aa8c9.live_20230804125756/_search?typed_keys=true&max_concurrent_shard_requests=5&ignore_unavailable=false&expand_wildcards=open&allow_no_indices=true&ignore_throttled=true&search_type=query_then_fetch&batched_reduce_size=512&ccs_minimize_roundtrips=true] returned 2 warnings: [299 Elasticsearch-7.16.1-5b38441b16b1ebb16a27c107a4c3865776e20c53 "Elasticsearch built-in security features are not enabled. Without authentication, your cluster could be accessible to anyone. See https://www.elastic.co/guide/en/elasticsearch/reference/7.16/security-minimal-setup.html to enable security."],[299 Elasticsearch-7.16.1-5b38441b16b1ebb16a27c107a4c3865776e20c53 "[ignore_throttled] parameter is deprecated because frozen indices have been deprecated. Consider cold or frozen tiers in place of frozen indices."]
2023-08-04 12:58:21,857 INFO  [com.dot.ContainerResource] (docker-java-stream-1865446083) STDOUT: 12:58:21.855  WARN  client.RestClient - request [POST http://elasticsearch:9200/cluster_c40f8aa8c9.live_20230804125756/_search?typed_keys=true&max_concurrent_shard_requests=5&ignore_unavailable=false&expand_wildcards=open&allow_no_indices=true&ignore_throttled=true&search_type=query_then_fetch&batched_reduce_size=512&ccs_minimize_roundtrips=true] returned 2 warnings: [299 Elasticsearch-7.16.1-5b38441b16b1ebb16a27c107a4c3865776e20c53 "Elasticsearch built-in security features are not enabled. Without authentication, your cluster could be accessible to anyone. See https://www.elastic.co/guide/en/elasticsearch/reference/7.16/security-minimal-setup.html to enable security."],[299 Elasticsearch-7.16.1-5b38441b16b1ebb16a27c107a4c3865776e20c53 "[ignore_throttled] parameter is deprecated because frozen indices have been deprecated. Consider cold or frozen tiers in place of frozen indices."]
2023-08-04 12:58:21,859 INFO  [com.dot.ContainerResource] (docker-java-stream-1865446083) STDOUT: 12:58:21.858  WARN  client.RestClient - request [POST http://elasticsearch:9200/cluster_c40f8aa8c9.live_20230804125756/_search?typed_keys=true&max_concurrent_shard_requests=5&ignore_unavailable=false&expand_wildcards=open&allow_no_indices=true&ignore_throttled=true&search_type=query_then_fetch&batched_reduce_size=512&ccs_minimize_roundtrips=true] returned 2 warnings: [299 Elasticsearch-7.16.1-5b38441b16b1ebb16a27c107a4c3865776e20c53 "Elasticsearch built-in security features are not enabled. Without authentication, your cluster could be accessible to anyone. See https://www.elastic.co/guide/en/elasticsearch/reference/7.16/security-minimal-setup.html to enable security."],[299 Elasticsearch-7.16.1-5b38441b16b1ebb16a27c107a4c3865776e20c53 "[ignore_throttled] parameter is deprecated because frozen indices have been deprecated. Consider cold or frozen tiers in place of frozen indices."]
2023-08-04 12:58:21,862 INFO  [com.dot.ContainerResource] (docker-java-stream-1865446083) STDOUT: 12:58:21.862  WARN  client.RestClient - request [POST http://elasticsearch:9200/cluster_c40f8aa8c9.live_20230804125756/_search?typed_keys=true&max_concurrent_shard_requests=5&ignore_unavailable=false&expand_wildcards=open&allow_no_indices=true&ignore_throttled=true&search_type=query_then_fetch&batched_reduce_size=512&ccs_minimize_roundtrips=true] returned 2 warnings: [299 Elasticsearch-7.16.1-5b38441b16b1ebb16a27c107a4c3865776e20c53 "Elasticsearch built-in security features are not enabled. Without authentication, your cluster could be accessible to anyone. See https://www.elastic.co/guide/en/elasticsearch/reference/7.16/security-minimal-setup.html to enable security."],[299 Elasticsearch-7.16.1-5b38441b16b1ebb16a27c107a4c3865776e20c53 "[ignore_throttled] parameter is deprecated because frozen indices have been deprecated. Consider cold or frozen tiers in place of frozen indices."]
2023-08-04 12:58:21,865 INFO  [com.dot.ContainerResource] (docker-java-stream-1865446083) STDOUT: 12:58:21.865  WARN  client.RestClient - request [POST http://elasticsearch:9200/cluster_c40f8aa8c9.live_20230804125756/_search?typed_keys=true&max_concurrent_shard_requests=5&ignore_unavailable=false&expand_wildcards=open&allow_no_indices=true&ignore_throttled=true&search_type=query_then_fetch&batched_reduce_size=512&ccs_minimize_roundtrips=true] returned 2 warnings: [299 Elasticsearch-7.16.1-5b38441b16b1ebb16a27c107a4c3865776e20c53 "Elasticsearch built-in security features are not enabled. Without authentication, your cluster could be accessible to anyone. See https://www.elastic.co/guide/en/elasticsearch/reference/7.16/security-minimal-setup.html to enable security."],[299 Elasticsearch-7.16.1-5b38441b16b1ebb16a27c107a4c3865776e20c53 "[ignore_throttled] parameter is deprecated because frozen indices have been deprecated. Consider cold or frozen tiers in place of frozen indices."]
2023-08-04 12:58:21,869 INFO  [com.dot.ContainerResource] (docker-java-stream-1865446083) STDOUT: 12:58:21.868  WARN  client.RestClient - request [POST http://elasticsearch:9200/cluster_c40f8aa8c9.live_20230804125756/_search?typed_keys=true&max_concurrent_shard_requests=5&ignore_unavailable=false&expand_wildcards=open&allow_no_indices=true&ignore_throttled=true&search_type=query_then_fetch&batched_reduce_size=512&ccs_minimize_roundtrips=true] returned 2 warnings: [299 Elasticsearch-7.16.1-5b38441b16b1ebb16a27c107a4c3865776e20c53 "Elasticsearch built-in security features are not enabled. Without authentication, your cluster could be accessible to anyone. See https://www.elastic.co/guide/en/elasticsearch/reference/7.16/security-minimal-setup.html to enable security."],[299 Elasticsearch-7.16.1-5b38441b16b1ebb16a27c107a4c3865776e20c53 "[ignore_throttled] parameter is deprecated because frozen indices have been deprecated. Consider cold or frozen tiers in place of frozen indices."]
2023-08-04 12:58:21,872 INFO  [com.dot.ContainerResource] (docker-java-stream-1865446083) STDOUT: 12:58:21.871  WARN  client.RestClient - request [POST http://elasticsearch:9200/cluster_c40f8aa8c9.live_20230804125756/_search?typed_keys=true&max_concurrent_shard_requests=5&ignore_unavailable=false&expand_wildcards=open&allow_no_indices=true&ignore_throttled=true&search_type=query_then_fetch&batched_reduce_size=512&ccs_minimize_roundtrips=true] returned 2 warnings: [299 Elasticsearch-7.16.1-5b38441b16b1ebb16a27c107a4c3865776e20c53 "Elasticsearch built-in security features are not enabled. Without authentication, your cluster could be accessible to anyone. See https://www.elastic.co/guide/en/elasticsearch/reference/7.16/security-minimal-setup.html to enable security."],[299 Elasticsearch-7.16.1-5b38441b16b1ebb16a27c107a4c3865776e20c53 "[ignore_throttled] parameter is deprecated because frozen indices have been deprecated. Consider cold or frozen tiers in place of frozen indices."]
2023-08-04 12:58:21,875 INFO  [com.dot.ContainerResource] (docker-java-stream-1865446083) STDOUT: 12:58:21.874  WARN  client.RestClient - request [POST http://elasticsearch:9200/cluster_c40f8aa8c9.live_20230804125756/_search?typed_keys=true&max_concurrent_shard_requests=5&ignore_unavailable=false&expand_wildcards=open&allow_no_indices=true&ignore_throttled=true&search_type=query_then_fetch&batched_reduce_size=512&ccs_minimize_roundtrips=true] returned 2 warnings: [299 Elasticsearch-7.16.1-5b38441b16b1ebb16a27c107a4c3865776e20c53 "Elasticsearch built-in security features are not enabled. Without authentication, your cluster could be accessible to anyone. See https://www.elastic.co/guide/en/elasticsearch/reference/7.16/security-minimal-setup.html to enable security."],[299 Elasticsearch-7.16.1-5b38441b16b1ebb16a27c107a4c3865776e20c53 "[ignore_throttled] parameter is deprecated because frozen indices have been deprecated. Consider cold or frozen tiers in place of frozen indices."]
2023-08-04 12:58:21,878 INFO  [com.dot.ContainerResource] (docker-java-stream-1865446083) STDOUT: 12:58:21.877  WARN  client.RestClient - request [POST http://elasticsearch:9200/cluster_c40f8aa8c9.live_20230804125756/_search?typed_keys=true&max_concurrent_shard_requests=5&ignore_unavailable=false&expand_wildcards=open&allow_no_indices=true&ignore_throttled=true&search_type=query_then_fetch&batched_reduce_size=512&ccs_minimize_roundtrips=true] returned 2 warnings: [299 Elasticsearch-7.16.1-5b38441b16b1ebb16a27c107a4c3865776e20c53 "Elasticsearch built-in security features are not enabled. Without authentication, your cluster could be accessible to anyone. See https://www.elastic.co/guide/en/elasticsearch/reference/7.16/security-minimal-setup.html to enable security."],[299 Elasticsearch-7.16.1-5b38441b16b1ebb16a27c107a4c3865776e20c53 "[ignore_throttled] parameter is deprecated because frozen indices have been deprecated. Consider cold or frozen tiers in place of frozen indices."]
2023-08-04 12:58:21,881 INFO  [com.dot.ContainerResource] (docker-java-stream-1865446083) STDOUT: 12:58:21.880  WARN  client.RestClient - request [POST http://elasticsearch:9200/cluster_c40f8aa8c9.live_20230804125756/_search?typed_keys=true&max_concurrent_shard_requests=5&ignore_unavailable=false&expand_wildcards=open&allow_no_indices=true&ignore_throttled=true&search_type=query_then_fetch&batched_reduce_size=512&ccs_minimize_roundtrips=true] returned 2 warnings: [299 Elasticsearch-7.16.1-5b38441b16b1ebb16a27c107a4c3865776e20c53 "Elasticsearch built-in security features are not enabled. Without authentication, your cluster could be accessible to anyone. See https://www.elastic.co/guide/en/elasticsearch/reference/7.16/security-minimal-setup.html to enable security."],[299 Elasticsearch-7.16.1-5b38441b16b1ebb16a27c107a4c3865776e20c53 "[ignore_throttled] parameter is deprecated because frozen indices have been deprecated. Consider cold or frozen tiers in place of frozen indices."]
2023-08-04 12:58:21,884 INFO  [com.dot.ContainerResource] (docker-java-stream-1865446083) STDOUT: 12:58:21.883  WARN  client.RestClient - request [POST http://elasticsearch:9200/cluster_c40f8aa8c9.live_20230804125756/_search?typed_keys=true&max_concurrent_shard_requests=5&ignore_unavailable=false&expand_wildcards=open&allow_no_indices=true&ignore_throttled=true&search_type=query_then_fetch&batched_reduce_size=512&ccs_minimize_roundtrips=true] returned 2 warnings: [299 Elasticsearch-7.16.1-5b38441b16b1ebb16a27c107a4c3865776e20c53 "Elasticsearch built-in security features are not enabled. Without authentication, your cluster could be accessible to anyone. See https://www.elastic.co/guide/en/elasticsearch/reference/7.16/security-minimal-setup.html to enable security."],[299 Elasticsearch-7.16.1-5b38441b16b1ebb16a27c107a4c3865776e20c53 "[ignore_throttled] parameter is deprecated because frozen indices have been deprecated. Consider cold or frozen tiers in place of frozen indices."]
2023-08-04 12:58:21,887 INFO  [com.dot.ContainerResource] (docker-java-stream-1865446083) STDOUT: 12:58:21.886  WARN  client.RestClient - request [POST http://elasticsearch:9200/cluster_c40f8aa8c9.live_20230804125756/_search?typed_keys=true&max_concurrent_shard_requests=5&ignore_unavailable=false&expand_wildcards=open&allow_no_indices=true&ignore_throttled=true&search_type=query_then_fetch&batched_reduce_size=512&ccs_minimize_roundtrips=true] returned 2 warnings: [299 Elasticsearch-7.16.1-5b38441b16b1ebb16a27c107a4c3865776e20c53 "Elasticsearch built-in security features are not enabled. Without authentication, your cluster could be accessible to anyone. See https://www.elastic.co/guide/en/elasticsearch/reference/7.16/security-minimal-setup.html to enable security."],[299 Elasticsearch-7.16.1-5b38441b16b1ebb16a27c107a4c3865776e20c53 "[ignore_throttled] parameter is deprecated because frozen indices have been deprecated. Consider cold or frozen tiers in place of frozen indices."]
2023-08-04 12:58:21,890 INFO  [com.dot.ContainerResource] (docker-java-stream-1865446083) STDOUT: 12:58:21.889  WARN  client.RestClient - request [POST http://elasticsearch:9200/cluster_c40f8aa8c9.live_20230804125756/_search?typed_keys=true&max_concurrent_shard_requests=5&ignore_unavailable=false&expand_wildcards=open&allow_no_indices=true&ignore_throttled=true&search_type=query_then_fetch&batched_reduce_size=512&ccs_minimize_roundtrips=true] returned 2 warnings: [299 Elasticsearch-7.16.1-5b38441b16b1ebb16a27c107a4c3865776e20c53 "Elasticsearch built-in security features are not enabled. Without authentication, your cluster could be accessible to anyone. See https://www.elastic.co/guide/en/elasticsearch/reference/7.16/security-minimal-setup.html to enable security."],[299 Elasticsearch-7.16.1-5b38441b16b1ebb16a27c107a4c3865776e20c53 "[ignore_throttled] parameter is deprecated because frozen indices have been deprecated. Consider cold or frozen tiers in place of frozen indices."]
2023-08-04 12:58:21,893 INFO  [com.dot.ContainerResource] (docker-java-stream-1865446083) STDOUT: 12:58:21.892  WARN  client.RestClient - request [POST http://elasticsearch:9200/cluster_c40f8aa8c9.live_20230804125756/_search?typed_keys=true&max_concurrent_shard_requests=5&ignore_unavailable=false&expand_wildcards=open&allow_no_indices=true&ignore_throttled=true&search_type=query_then_fetch&batched_reduce_size=512&ccs_minimize_roundtrips=true] returned 2 warnings: [299 Elasticsearch-7.16.1-5b38441b16b1ebb16a27c107a4c3865776e20c53 "Elasticsearch built-in security features are not enabled. Without authentication, your cluster could be accessible to anyone. See https://www.elastic.co/guide/en/elasticsearch/reference/7.16/security-minimal-setup.html to enable security."],[299 Elasticsearch-7.16.1-5b38441b16b1ebb16a27c107a4c3865776e20c53 "[ignore_throttled] parameter is deprecated because frozen indices have been deprecated. Consider cold or frozen tiers in place of frozen indices."]
2023-08-04 12:58:21,896 INFO  [com.dot.ContainerResource] (docker-java-stream-1865446083) STDOUT: 12:58:21.895  WARN  client.RestClient - request [POST http://elasticsearch:9200/cluster_c40f8aa8c9.live_20230804125756/_search?typed_keys=true&max_concurrent_shard_requests=5&ignore_unavailable=false&expand_wildcards=open&allow_no_indices=true&ignore_throttled=true&search_type=query_then_fetch&batched_reduce_size=512&ccs_minimize_roundtrips=true] returned 2 warnings: [299 Elasticsearch-7.16.1-5b38441b16b1ebb16a27c107a4c3865776e20c53 "Elasticsearch built-in security features are not enabled. Without authentication, your cluster could be accessible to anyone. See https://www.elastic.co/guide/en/elasticsearch/reference/7.16/security-minimal-setup.html to enable security."],[299 Elasticsearch-7.16.1-5b38441b16b1ebb16a27c107a4c3865776e20c53 "[ignore_throttled] parameter is deprecated because frozen indices have been deprecated. Consider cold or frozen tiers in place of frozen indices."]
2023-08-04 12:58:21,899 INFO  [com.dot.ContainerResource] (docker-java-stream-1865446083) STDOUT: 12:58:21.898  WARN  client.RestClient - request [POST http://elasticsearch:9200/cluster_c40f8aa8c9.live_20230804125756/_search?typed_keys=true&max_concurrent_shard_requests=5&ignore_unavailable=false&expand_wildcards=open&allow_no_indices=true&ignore_throttled=true&search_type=query_then_fetch&batched_reduce_size=512&ccs_minimize_roundtrips=true] returned 2 warnings: [299 Elasticsearch-7.16.1-5b38441b16b1ebb16a27c107a4c3865776e20c53 "Elasticsearch built-in security features are not enabled. Without authentication, your cluster could be accessible to anyone. See https://www.elastic.co/guide/en/elasticsearch/reference/7.16/security-minimal-setup.html to enable security."],[299 Elasticsearch-7.16.1-5b38441b16b1ebb16a27c107a4c3865776e20c53 "[ignore_throttled] parameter is deprecated because frozen indices have been deprecated. Consider cold or frozen tiers in place of frozen indices."]
2023-08-04 12:58:21,902 INFO  [com.dot.ContainerResource] (docker-java-stream-1865446083) STDOUT: 12:58:21.901  WARN  client.RestClient - request [POST http://elasticsearch:9200/cluster_c40f8aa8c9.live_20230804125756/_search?typed_keys=true&max_concurrent_shard_requests=5&ignore_unavailable=false&expand_wildcards=open&allow_no_indices=true&ignore_throttled=true&search_type=query_then_fetch&batched_reduce_size=512&ccs_minimize_roundtrips=true] returned 2 warnings: [299 Elasticsearch-7.16.1-5b38441b16b1ebb16a27c107a4c3865776e20c53 "Elasticsearch built-in security features are not enabled. Without authentication, your cluster could be accessible to anyone. See https://www.elastic.co/guide/en/elasticsearch/reference/7.16/security-minimal-setup.html to enable security."],[299 Elasticsearch-7.16.1-5b38441b16b1ebb16a27c107a4c3865776e20c53 "[ignore_throttled] parameter is deprecated because frozen indices have been deprecated. Consider cold or frozen tiers in place of frozen indices."]
2023-08-04 12:58:21,907 INFO  [com.dot.ContainerResource] (docker-java-stream-1865446083) STDOUT: 12:58:21.906  WARN  client.RestClient - request [POST http://elasticsearch:9200/cluster_c40f8aa8c9.live_20230804125756/_search?typed_keys=true&max_concurrent_shard_requests=5&ignore_unavailable=false&expand_wildcards=open&allow_no_indices=true&ignore_throttled=true&search_type=query_then_fetch&batched_reduce_size=512&ccs_minimize_roundtrips=true] returned 2 warnings: [299 Elasticsearch-7.16.1-5b38441b16b1ebb16a27c107a4c3865776e20c53 "Elasticsearch built-in security features are not enabled. Without authentication, your cluster could be accessible to anyone. See https://www.elastic.co/guide/en/elasticsearch/reference/7.16/security-minimal-setup.html to enable security."],[299 Elasticsearch-7.16.1-5b38441b16b1ebb16a27c107a4c3865776e20c53 "[ignore_throttled] parameter is deprecated because frozen indices have been deprecated. Consider cold or frozen tiers in place of frozen indices."]
2023-08-04 12:58:21,910 INFO  [com.dot.ContainerResource] (docker-java-stream-1865446083) STDOUT: 12:58:21.910  WARN  client.RestClient - request [POST http://elasticsearch:9200/cluster_c40f8aa8c9.live_20230804125756/_search?typed_keys=true&max_concurrent_shard_requests=5&ignore_unavailable=false&expand_wildcards=open&allow_no_indices=true&ignore_throttled=true&search_type=query_then_fetch&batched_reduce_size=512&ccs_minimize_roundtrips=true] returned 2 warnings: [299 Elasticsearch-7.16.1-5b38441b16b1ebb16a27c107a4c3865776e20c53 "Elasticsearch built-in security features are not enabled. Without authentication, your cluster could be accessible to anyone. See https://www.elastic.co/guide/en/elasticsearch/reference/7.16/security-minimal-setup.html to enable security."],[299 Elasticsearch-7.16.1-5b38441b16b1ebb16a27c107a4c3865776e20c53 "[ignore_throttled] parameter is deprecated because frozen indices have been deprecated. Consider cold or frozen tiers in place of frozen indices."]
2023-08-04 12:58:21,921 INFO  [com.dot.ContainerResource] (docker-java-stream-1865446083) STDOUT: 12:58:21.920  WARN  client.RestClient - request [POST http://elasticsearch:9200/cluster_c40f8aa8c9.live_20230804125756/_search?typed_keys=true&max_concurrent_shard_requests=5&ignore_unavailable=false&expand_wildcards=open&allow_no_indices=true&ignore_throttled=true&search_type=query_then_fetch&batched_reduce_size=512&ccs_minimize_roundtrips=true] returned 2 warnings: [299 Elasticsearch-7.16.1-5b38441b16b1ebb16a27c107a4c3865776e20c53 "Elasticsearch built-in security features are not enabled. Without authentication, your cluster could be accessible to anyone. See https://www.elastic.co/guide/en/elasticsearch/reference/7.16/security-minimal-setup.html to enable security."],[299 Elasticsearch-7.16.1-5b38441b16b1ebb16a27c107a4c3865776e20c53 "[ignore_throttled] parameter is deprecated because frozen indices have been deprecated. Consider cold or frozen tiers in place of frozen indices."]
2023-08-04 12:58:21,935 INFO  [com.dot.ContainerResource] (docker-java-stream-1865446083) STDOUT: 12:58:21.934  WARN  client.RestClient - request [POST http://elasticsearch:9200/cluster_c40f8aa8c9.live_20230804125756/_search?typed_keys=true&max_concurrent_shard_requests=5&ignore_unavailable=false&expand_wildcards=open&allow_no_indices=true&ignore_throttled=true&search_type=query_then_fetch&batched_reduce_size=512&ccs_minimize_roundtrips=true] returned 2 warnings: [299 Elasticsearch-7.16.1-5b38441b16b1ebb16a27c107a4c3865776e20c53 "Elasticsearch built-in security features are not enabled. Without authentication, your cluster could be accessible to anyone. See https://www.elastic.co/guide/en/elasticsearch/reference/7.16/security-minimal-setup.html to enable security."],[299 Elasticsearch-7.16.1-5b38441b16b1ebb16a27c107a4c3865776e20c53 "[ignore_throttled] parameter is deprecated because frozen indices have been deprecated. Consider cold or frozen tiers in place of frozen indices."]
2023-08-04 12:58:21,942 INFO  [com.dot.ContainerResource] (docker-java-stream-1865446083) STDOUT: 12:58:21.940  WARN  client.RestClient - request [POST http://elasticsearch:9200/cluster_c40f8aa8c9.live_20230804125756/_search?typed_keys=true&max_concurrent_shard_requests=5&ignore_unavailable=false&expand_wildcards=open&allow_no_indices=true&ignore_throttled=true&search_type=query_then_fetch&batched_reduce_size=512&ccs_minimize_roundtrips=true] returned 2 warnings: [299 Elasticsearch-7.16.1-5b38441b16b1ebb16a27c107a4c3865776e20c53 "Elasticsearch built-in security features are not enabled. Without authentication, your cluster could be accessible to anyone. See https://www.elastic.co/guide/en/elasticsearch/reference/7.16/security-minimal-setup.html to enable security."],[299 Elasticsearch-7.16.1-5b38441b16b1ebb16a27c107a4c3865776e20c53 "[ignore_throttled] parameter is deprecated because frozen indices have been deprecated. Consider cold or frozen tiers in place of frozen indices."]
2023-08-04 12:58:21,945 INFO  [com.dot.ContainerResource] (docker-java-stream-1865446083) STDOUT: 12:58:21.944  WARN  client.RestClient - request [POST http://elasticsearch:9200/cluster_c40f8aa8c9.live_20230804125756/_search?typed_keys=true&max_concurrent_shard_requests=5&ignore_unavailable=false&expand_wildcards=open&allow_no_indices=true&ignore_throttled=true&search_type=query_then_fetch&batched_reduce_size=512&ccs_minimize_roundtrips=true] returned 2 warnings: [299 Elasticsearch-7.16.1-5b38441b16b1ebb16a27c107a4c3865776e20c53 "Elasticsearch built-in security features are not enabled. Without authentication, your cluster could be accessible to anyone. See https://www.elastic.co/guide/en/elasticsearch/reference/7.16/security-minimal-setup.html to enable security."],[299 Elasticsearch-7.16.1-5b38441b16b1ebb16a27c107a4c3865776e20c53 "[ignore_throttled] parameter is deprecated because frozen indices have been deprecated. Consider cold or frozen tiers in place of frozen indices."]
2023-08-04 12:58:21,960 INFO  [com.dot.ContainerResource] (docker-java-stream-1865446083) STDOUT: 12:58:21.958  WARN  client.RestClient - request [POST http://elasticsearch:9200/cluster_c40f8aa8c9.live_20230804125756/_search?typed_keys=true&max_concurrent_shard_requests=5&ignore_unavailable=false&expand_wildcards=open&allow_no_indices=true&ignore_throttled=true&search_type=query_then_fetch&batched_reduce_size=512&ccs_minimize_roundtrips=true] returned 2 warnings: [299 Elasticsearch-7.16.1-5b38441b16b1ebb16a27c107a4c3865776e20c53 "Elasticsearch built-in security features are not enabled. Without authentication, your cluster could be accessible to anyone. See https://www.elastic.co/guide/en/elasticsearch/reference/7.16/security-minimal-setup.html to enable security."],[299 Elasticsearch-7.16.1-5b38441b16b1ebb16a27c107a4c3865776e20c53 "[ignore_throttled] parameter is deprecated because frozen indices have been deprecated. Consider cold or frozen tiers in place of frozen indices."]
2023-08-04 12:58:21,963 INFO  [com.dot.ContainerResource] (docker-java-stream-1865446083) STDOUT: 12:58:21.962  WARN  client.RestClient - request [POST http://elasticsearch:9200/cluster_c40f8aa8c9.live_20230804125756/_search?typed_keys=true&max_concurrent_shard_requests=5&ignore_unavailable=false&expand_wildcards=open&allow_no_indices=true&ignore_throttled=true&search_type=query_then_fetch&batched_reduce_size=512&ccs_minimize_roundtrips=true] returned 2 warnings: [299 Elasticsearch-7.16.1-5b38441b16b1ebb16a27c107a4c3865776e20c53 "Elasticsearch built-in security features are not enabled. Without authentication, your cluster could be accessible to anyone. See https://www.elastic.co/guide/en/elasticsearch/reference/7.16/security-minimal-setup.html to enable security."],[299 Elasticsearch-7.16.1-5b38441b16b1ebb16a27c107a4c3865776e20c53 "[ignore_throttled] parameter is deprecated because frozen indices have been deprecated. Consider cold or frozen tiers in place of frozen indices."]
2023-08-04 12:58:21,980 INFO  [com.dot.ContainerResource] (docker-java-stream-1865446083) STDOUT: 12:58:21.980  WARN  client.RestClient - request [POST http://elasticsearch:9200/cluster_c40f8aa8c9.live_20230804125756/_search?typed_keys=true&max_concurrent_shard_requests=5&ignore_unavailable=false&expand_wildcards=open&allow_no_indices=true&ignore_throttled=true&search_type=query_then_fetch&batched_reduce_size=512&ccs_minimize_roundtrips=true] returned 2 warnings: [299 Elasticsearch-7.16.1-5b38441b16b1ebb16a27c107a4c3865776e20c53 "Elasticsearch built-in security features are not enabled. Without authentication, your cluster could be accessible to anyone. See https://www.elastic.co/guide/en/elasticsearch/reference/7.16/security-minimal-setup.html to enable security."],[299 Elasticsearch-7.16.1-5b38441b16b1ebb16a27c107a4c3865776e20c53 "[ignore_throttled] parameter is deprecated because frozen indices have been deprecated. Consider cold or frozen tiers in place of frozen indices."]
2023-08-04 12:58:21,986 INFO  [com.dot.ContainerResource] (docker-java-stream-1865446083) STDOUT: 12:58:21.985  WARN  client.RestClient - request [POST http://elasticsearch:9200/cluster_c40f8aa8c9.live_20230804125756/_search?typed_keys=true&max_concurrent_shard_requests=5&ignore_unavailable=false&expand_wildcards=open&allow_no_indices=true&ignore_throttled=true&search_type=query_then_fetch&batched_reduce_size=512&ccs_minimize_roundtrips=true] returned 2 warnings: [299 Elasticsearch-7.16.1-5b38441b16b1ebb16a27c107a4c3865776e20c53 "Elasticsearch built-in security features are not enabled. Without authentication, your cluster could be accessible to anyone. See https://www.elastic.co/guide/en/elasticsearch/reference/7.16/security-minimal-setup.html to enable security."],[299 Elasticsearch-7.16.1-5b38441b16b1ebb16a27c107a4c3865776e20c53 "[ignore_throttled] parameter is deprecated because frozen indices have been deprecated. Consider cold or frozen tiers in place of frozen indices."]
2023-08-04 12:58:21,995 INFO  [com.dot.ContainerResource] (docker-java-stream-1865446083) STDOUT: 12:58:21.994  WARN  client.RestClient - request [POST http://elasticsearch:9200/cluster_c40f8aa8c9.live_20230804125756/_search?typed_keys=true&max_concurrent_shard_requests=5&ignore_unavailable=false&expand_wildcards=open&allow_no_indices=true&ignore_throttled=true&search_type=query_then_fetch&batched_reduce_size=512&ccs_minimize_roundtrips=true] returned 2 warnings: [299 Elasticsearch-7.16.1-5b38441b16b1ebb16a27c107a4c3865776e20c53 "Elasticsearch built-in security features are not enabled. Without authentication, your cluster could be accessible to anyone. See https://www.elastic.co/guide/en/elasticsearch/reference/7.16/security-minimal-setup.html to enable security."],[299 Elasticsearch-7.16.1-5b38441b16b1ebb16a27c107a4c3865776e20c53 "[ignore_throttled] parameter is deprecated because frozen indices have been deprecated. Consider cold or frozen tiers in place of frozen indices."]
2023-08-04 12:58:21,998 INFO  [com.dot.ContainerResource] (docker-java-stream-1865446083) STDOUT: 12:58:21.998  WARN  client.RestClient - request [POST http://elasticsearch:9200/cluster_c40f8aa8c9.live_20230804125756/_search?typed_keys=true&max_concurrent_shard_requests=5&ignore_unavailable=false&expand_wildcards=open&allow_no_indices=true&ignore_throttled=true&search_type=query_then_fetch&batched_reduce_size=512&ccs_minimize_roundtrips=true] returned 2 warnings: [299 Elasticsearch-7.16.1-5b38441b16b1ebb16a27c107a4c3865776e20c53 "Elasticsearch built-in security features are not enabled. Without authentication, your cluster could be accessible to anyone. See https://www.elastic.co/guide/en/elasticsearch/reference/7.16/security-minimal-setup.html to enable security."],[299 Elasticsearch-7.16.1-5b38441b16b1ebb16a27c107a4c3865776e20c53 "[ignore_throttled] parameter is deprecated because frozen indices have been deprecated. Consider cold or frozen tiers in place of frozen indices."]
2023-08-04 12:58:22,001 INFO  [com.dot.ContainerResource] (docker-java-stream-1865446083) STDOUT: 12:58:22.001  WARN  client.RestClient - request [POST http://elasticsearch:9200/cluster_c40f8aa8c9.live_20230804125756/_search?typed_keys=true&max_concurrent_shard_requests=5&ignore_unavailable=false&expand_wildcards=open&allow_no_indices=true&ignore_throttled=true&search_type=query_then_fetch&batched_reduce_size=512&ccs_minimize_roundtrips=true] returned 2 warnings: [299 Elasticsearch-7.16.1-5b38441b16b1ebb16a27c107a4c3865776e20c53 "Elasticsearch built-in security features are not enabled. Without authentication, your cluster could be accessible to anyone. See https://www.elastic.co/guide/en/elasticsearch/reference/7.16/security-minimal-setup.html to enable security."],[299 Elasticsearch-7.16.1-5b38441b16b1ebb16a27c107a4c3865776e20c53 "[ignore_throttled] parameter is deprecated because frozen indices have been deprecated. Consider cold or frozen tiers in place of frozen indices."]
2023-08-04 12:58:22,003 INFO  [com.dot.ContainerResource] (docker-java-stream-1865446083) STDOUT: 12:58:22.003  WARN  client.RestClient - request [POST http://elasticsearch:9200/cluster_c40f8aa8c9.live_20230804125756/_search?typed_keys=true&max_concurrent_shard_requests=5&ignore_unavailable=false&expand_wildcards=open&allow_no_indices=true&ignore_throttled=true&search_type=query_then_fetch&batched_reduce_size=512&ccs_minimize_roundtrips=true] returned 2 warnings: [299 Elasticsearch-7.16.1-5b38441b16b1ebb16a27c107a4c3865776e20c53 "Elasticsearch built-in security features are not enabled. Without authentication, your cluster could be accessible to anyone. See https://www.elastic.co/guide/en/elasticsearch/reference/7.16/security-minimal-setup.html to enable security."],[299 Elasticsearch-7.16.1-5b38441b16b1ebb16a27c107a4c3865776e20c53 "[ignore_throttled] parameter is deprecated because frozen indices have been deprecated. Consider cold or frozen tiers in place of frozen indices."]
2023-08-04 12:58:22,006 INFO  [com.dot.ContainerResource] (docker-java-stream-1865446083) STDOUT: 12:58:22.006  WARN  client.RestClient - request [POST http://elasticsearch:9200/cluster_c40f8aa8c9.live_20230804125756/_search?typed_keys=true&max_concurrent_shard_requests=5&ignore_unavailable=false&expand_wildcards=open&allow_no_indices=true&ignore_throttled=true&search_type=query_then_fetch&batched_reduce_size=512&ccs_minimize_roundtrips=true] returned 2 warnings: [299 Elasticsearch-7.16.1-5b38441b16b1ebb16a27c107a4c3865776e20c53 "Elasticsearch built-in security features are not enabled. Without authentication, your cluster could be accessible to anyone. See https://www.elastic.co/guide/en/elasticsearch/reference/7.16/security-minimal-setup.html to enable security."],[299 Elasticsearch-7.16.1-5b38441b16b1ebb16a27c107a4c3865776e20c53 "[ignore_throttled] parameter is deprecated because frozen indices have been deprecated. Consider cold or frozen tiers in place of frozen indices."]
2023-08-04 12:58:22,009 INFO  [com.dot.ContainerResource] (docker-java-stream-1865446083) STDOUT: 12:58:22.008  WARN  client.RestClient - request [POST http://elasticsearch:9200/cluster_c40f8aa8c9.live_20230804125756/_search?typed_keys=true&max_concurrent_shard_requests=5&ignore_unavailable=false&expand_wildcards=open&allow_no_indices=true&ignore_throttled=true&search_type=query_then_fetch&batched_reduce_size=512&ccs_minimize_roundtrips=true] returned 2 warnings: [299 Elasticsearch-7.16.1-5b38441b16b1ebb16a27c107a4c3865776e20c53 "Elasticsearch built-in security features are not enabled. Without authentication, your cluster could be accessible to anyone. See https://www.elastic.co/guide/en/elasticsearch/reference/7.16/security-minimal-setup.html to enable security."],[299 Elasticsearch-7.16.1-5b38441b16b1ebb16a27c107a4c3865776e20c53 "[ignore_throttled] parameter is deprecated because frozen indices have been deprecated. Consider cold or frozen tiers in place of frozen indices."]
2023-08-04 12:58:22,011 INFO  [com.dot.ContainerResource] (docker-java-stream-1865446083) STDOUT: 12:58:22.011  WARN  client.RestClient - request [POST http://elasticsearch:9200/cluster_c40f8aa8c9.live_20230804125756/_search?typed_keys=true&max_concurrent_shard_requests=5&ignore_unavailable=false&expand_wildcards=open&allow_no_indices=true&ignore_throttled=true&search_type=query_then_fetch&batched_reduce_size=512&ccs_minimize_roundtrips=true] returned 2 warnings: [299 Elasticsearch-7.16.1-5b38441b16b1ebb16a27c107a4c3865776e20c53 "Elasticsearch built-in security features are not enabled. Without authentication, your cluster could be accessible to anyone. See https://www.elastic.co/guide/en/elasticsearch/reference/7.16/security-minimal-setup.html to enable security."],[299 Elasticsearch-7.16.1-5b38441b16b1ebb16a27c107a4c3865776e20c53 "[ignore_throttled] parameter is deprecated because frozen indices have been deprecated. Consider cold or frozen tiers in place of frozen indices."]
2023-08-04 12:58:22,014 INFO  [com.dot.ContainerResource] (docker-java-stream-1865446083) STDOUT: 12:58:22.013  WARN  client.RestClient - request [POST http://elasticsearch:9200/cluster_c40f8aa8c9.live_20230804125756/_search?typed_keys=true&max_concurrent_shard_requests=5&ignore_unavailable=false&expand_wildcards=open&allow_no_indices=true&ignore_throttled=true&search_type=query_then_fetch&batched_reduce_size=512&ccs_minimize_roundtrips=true] returned 2 warnings: [299 Elasticsearch-7.16.1-5b38441b16b1ebb16a27c107a4c3865776e20c53 "Elasticsearch built-in security features are not enabled. Without authentication, your cluster could be accessible to anyone. See https://www.elastic.co/guide/en/elasticsearch/reference/7.16/security-minimal-setup.html to enable security."],[299 Elasticsearch-7.16.1-5b38441b16b1ebb16a27c107a4c3865776e20c53 "[ignore_throttled] parameter is deprecated because frozen indices have been deprecated. Consider cold or frozen tiers in place of frozen indices."]
2023-08-04 12:58:22,016 INFO  [com.dot.ContainerResource] (docker-java-stream-1865446083) STDOUT: 12:58:22.016  WARN  client.RestClient - request [POST http://elasticsearch:9200/cluster_c40f8aa8c9.live_20230804125756/_search?typed_keys=true&max_concurrent_shard_requests=5&ignore_unavailable=false&expand_wildcards=open&allow_no_indices=true&ignore_throttled=true&search_type=query_then_fetch&batched_reduce_size=512&ccs_minimize_roundtrips=true] returned 2 warnings: [299 Elasticsearch-7.16.1-5b38441b16b1ebb16a27c107a4c3865776e20c53 "Elasticsearch built-in security features are not enabled. Without authentication, your cluster could be accessible to anyone. See https://www.elastic.co/guide/en/elasticsearch/reference/7.16/security-minimal-setup.html to enable security."],[299 Elasticsearch-7.16.1-5b38441b16b1ebb16a27c107a4c3865776e20c53 "[ignore_throttled] parameter is deprecated because frozen indices have been deprecated. Consider cold or frozen tiers in place of frozen indices."]
2023-08-04 12:58:22,019 INFO  [com.dot.ContainerResource] (docker-java-stream-1865446083) STDOUT: 12:58:22.018  WARN  client.RestClient - request [POST http://elasticsearch:9200/cluster_c40f8aa8c9.live_20230804125756/_search?typed_keys=true&max_concurrent_shard_requests=5&ignore_unavailable=false&expand_wildcards=open&allow_no_indices=true&ignore_throttled=true&search_type=query_then_fetch&batched_reduce_size=512&ccs_minimize_roundtrips=true] returned 2 warnings: [299 Elasticsearch-7.16.1-5b38441b16b1ebb16a27c107a4c3865776e20c53 "Elasticsearch built-in security features are not enabled. Without authentication, your cluster could be accessible to anyone. See https://www.elastic.co/guide/en/elasticsearch/reference/7.16/security-minimal-setup.html to enable security."],[299 Elasticsearch-7.16.1-5b38441b16b1ebb16a27c107a4c3865776e20c53 "[ignore_throttled] parameter is deprecated because frozen indices have been deprecated. Consider cold or frozen tiers in place of frozen indices."]
2023-08-04 12:58:22,025 INFO  [com.dot.ContainerResource] (docker-java-stream-1865446083) STDOUT: 12:58:22.021  WARN  client.RestClient - request [POST http://elasticsearch:9200/cluster_c40f8aa8c9.live_20230804125756/_search?typed_keys=true&max_concurrent_shard_requests=5&ignore_unavailable=false&expand_wildcards=open&allow_no_indices=true&ignore_throttled=true&search_type=query_then_fetch&batched_reduce_size=512&ccs_minimize_roundtrips=true] returned 2 warnings: [299 Elasticsearch-7.16.1-5b38441b16b1ebb16a27c107a4c3865776e20c53 "Elasticsearch built-in security features are not enabled. Without authentication, your cluster could be accessible to anyone. See https://www.elastic.co/guide/en/elasticsearch/reference/7.16/security-minimal-setup.html to enable security."],[299 Elasticsearch-7.16.1-5b38441b16b1ebb16a27c107a4c3865776e20c53 "[ignore_throttled] parameter is deprecated because frozen indices have been deprecated. Consider cold or frozen tiers in place of frozen indices."]
2023-08-04 12:58:22,025 INFO  [com.dot.ContainerResource] (docker-java-stream-1865446083) STDOUT: 12:58:22.023  WARN  client.RestClient - request [POST http://elasticsearch:9200/cluster_c40f8aa8c9.live_20230804125756/_search?typed_keys=true&max_concurrent_shard_requests=5&ignore_unavailable=false&expand_wildcards=open&allow_no_indices=true&ignore_throttled=true&search_type=query_then_fetch&batched_reduce_size=512&ccs_minimize_roundtrips=true] returned 2 warnings: [299 Elasticsearch-7.16.1-5b38441b16b1ebb16a27c107a4c3865776e20c53 "Elasticsearch built-in security features are not enabled. Without authentication, your cluster could be accessible to anyone. See https://www.elastic.co/guide/en/elasticsearch/reference/7.16/security-minimal-setup.html to enable security."],[299 Elasticsearch-7.16.1-5b38441b16b1ebb16a27c107a4c3865776e20c53 "[ignore_throttled] parameter is deprecated because frozen indices have been deprecated. Consider cold or frozen tiers in place of frozen indices."]
2023-08-04 12:58:22,028 INFO  [com.dot.ContainerResource] (docker-java-stream-1865446083) STDOUT: 12:58:22.028  WARN  client.RestClient - request [POST http://elasticsearch:9200/cluster_c40f8aa8c9.live_20230804125756/_search?typed_keys=true&max_concurrent_shard_requests=5&ignore_unavailable=false&expand_wildcards=open&allow_no_indices=true&ignore_throttled=true&search_type=query_then_fetch&batched_reduce_size=512&ccs_minimize_roundtrips=true] returned 2 warnings: [299 Elasticsearch-7.16.1-5b38441b16b1ebb16a27c107a4c3865776e20c53 "Elasticsearch built-in security features are not enabled. Without authentication, your cluster could be accessible to anyone. See https://www.elastic.co/guide/en/elasticsearch/reference/7.16/security-minimal-setup.html to enable security."],[299 Elasticsearch-7.16.1-5b38441b16b1ebb16a27c107a4c3865776e20c53 "[ignore_throttled] parameter is deprecated because frozen indices have been deprecated. Consider cold or frozen tiers in place of frozen indices."]
2023-08-04 12:58:22,031 INFO  [com.dot.ContainerResource] (docker-java-stream-1865446083) STDOUT: 12:58:22.031  WARN  client.RestClient - request [POST http://elasticsearch:9200/cluster_c40f8aa8c9.live_20230804125756/_search?typed_keys=true&max_concurrent_shard_requests=5&ignore_unavailable=false&expand_wildcards=open&allow_no_indices=true&ignore_throttled=true&search_type=query_then_fetch&batched_reduce_size=512&ccs_minimize_roundtrips=true] returned 2 warnings: [299 Elasticsearch-7.16.1-5b38441b16b1ebb16a27c107a4c3865776e20c53 "Elasticsearch built-in security features are not enabled. Without authentication, your cluster could be accessible to anyone. See https://www.elastic.co/guide/en/elasticsearch/reference/7.16/security-minimal-setup.html to enable security."],[299 Elasticsearch-7.16.1-5b38441b16b1ebb16a27c107a4c3865776e20c53 "[ignore_throttled] parameter is deprecated because frozen indices have been deprecated. Consider cold or frozen tiers in place of frozen indices."]
2023-08-04 12:58:22,041 INFO  [com.dot.ContainerResource] (docker-java-stream-1865446083) STDOUT: 12:58:22.040  WARN  client.RestClient - request [POST http://elasticsearch:9200/cluster_c40f8aa8c9.live_20230804125756/_search?typed_keys=true&max_concurrent_shard_requests=5&ignore_unavailable=false&expand_wildcards=open&allow_no_indices=true&ignore_throttled=true&search_type=query_then_fetch&batched_reduce_size=512&ccs_minimize_roundtrips=true] returned 2 warnings: [299 Elasticsearch-7.16.1-5b38441b16b1ebb16a27c107a4c3865776e20c53 "Elasticsearch built-in security features are not enabled. Without authentication, your cluster could be accessible to anyone. See https://www.elastic.co/guide/en/elasticsearch/reference/7.16/security-minimal-setup.html to enable security."],[299 Elasticsearch-7.16.1-5b38441b16b1ebb16a27c107a4c3865776e20c53 "[ignore_throttled] parameter is deprecated because frozen indices have been deprecated. Consider cold or frozen tiers in place of frozen indices."]
2023-08-04 12:58:22,054 INFO  [com.dot.ContainerResource] (docker-java-stream-1865446083) STDOUT: 12:58:22.052  WARN  client.RestClient - request [POST http://elasticsearch:9200/cluster_c40f8aa8c9.live_20230804125756/_search?typed_keys=true&max_concurrent_shard_requests=5&ignore_unavailable=false&expand_wildcards=open&allow_no_indices=true&ignore_throttled=true&search_type=query_then_fetch&batched_reduce_size=512&ccs_minimize_roundtrips=true] returned 2 warnings: [299 Elasticsearch-7.16.1-5b38441b16b1ebb16a27c107a4c3865776e20c53 "Elasticsearch built-in security features are not enabled. Without authentication, your cluster could be accessible to anyone. See https://www.elastic.co/guide/en/elasticsearch/reference/7.16/security-minimal-setup.html to enable security."],[299 Elasticsearch-7.16.1-5b38441b16b1ebb16a27c107a4c3865776e20c53 "[ignore_throttled] parameter is deprecated because frozen indices have been deprecated. Consider cold or frozen tiers in place of frozen indices."]
2023-08-04 12:58:22,066 INFO  [com.dot.ContainerResource] (docker-java-stream-1865446083) STDOUT: 12:58:22.062  WARN  client.RestClient - request [POST http://elasticsearch:9200/cluster_c40f8aa8c9.live_20230804125756/_search?typed_keys=true&max_concurrent_shard_requests=5&ignore_unavailable=false&expand_wildcards=open&allow_no_indices=true&ignore_throttled=true&search_type=query_then_fetch&batched_reduce_size=512&ccs_minimize_roundtrips=true] returned 2 warnings: [299 Elasticsearch-7.16.1-5b38441b16b1ebb16a27c107a4c3865776e20c53 "Elasticsearch built-in security features are not enabled. Without authentication, your cluster could be accessible to anyone. See https://www.elastic.co/guide/en/elasticsearch/reference/7.16/security-minimal-setup.html to enable security."],[299 Elasticsearch-7.16.1-5b38441b16b1ebb16a27c107a4c3865776e20c53 "[ignore_throttled] parameter is deprecated because frozen indices have been deprecated. Consider cold or frozen tiers in place of frozen indices."]
2023-08-04 12:58:22,074 INFO  [com.dot.ContainerResource] (docker-java-stream-1865446083) STDOUT: 12:58:22.071  WARN  client.RestClient - request [POST http://elasticsearch:9200/cluster_c40f8aa8c9.live_20230804125756/_search?typed_keys=true&max_concurrent_shard_requests=5&ignore_unavailable=false&expand_wildcards=open&allow_no_indices=true&ignore_throttled=true&search_type=query_then_fetch&batched_reduce_size=512&ccs_minimize_roundtrips=true] returned 2 warnings: [299 Elasticsearch-7.16.1-5b38441b16b1ebb16a27c107a4c3865776e20c53 "Elasticsearch built-in security features are not enabled. Without authentication, your cluster could be accessible to anyone. See https://www.elastic.co/guide/en/elasticsearch/reference/7.16/security-minimal-setup.html to enable security."],[299 Elasticsearch-7.16.1-5b38441b16b1ebb16a27c107a4c3865776e20c53 "[ignore_throttled] parameter is deprecated because frozen indices have been deprecated. Consider cold or frozen tiers in place of frozen indices."]
2023-08-04 12:58:22,189 INFO  [com.dot.ContainerResource] (docker-java-stream-1865446083) STDOUT: 12:58:22.189  WARN  client.RestClient - request [POST http://elasticsearch:9200/cluster_c40f8aa8c9.live_20230804125756/_search?typed_keys=true&max_concurrent_shard_requests=5&ignore_unavailable=false&expand_wildcards=open&allow_no_indices=true&ignore_throttled=true&search_type=query_then_fetch&batched_reduce_size=512&ccs_minimize_roundtrips=true] returned 2 warnings: [299 Elasticsearch-7.16.1-5b38441b16b1ebb16a27c107a4c3865776e20c53 "Elasticsearch built-in security features are not enabled. Without authentication, your cluster could be accessible to anyone. See https://www.elastic.co/guide/en/elasticsearch/reference/7.16/security-minimal-setup.html to enable security."],[299 Elasticsearch-7.16.1-5b38441b16b1ebb16a27c107a4c3865776e20c53 "[ignore_throttled] parameter is deprecated because frozen indices have been deprecated. Consider cold or frozen tiers in place of frozen indices."]
2023-08-04 12:58:22,193 INFO  [com.dot.ContainerResource] (docker-java-stream-1865446083) STDOUT: 12:58:22.192  WARN  client.RestClient - request [POST http://elasticsearch:9200/cluster_c40f8aa8c9.live_20230804125756/_search?typed_keys=true&max_concurrent_shard_requests=5&ignore_unavailable=false&expand_wildcards=open&allow_no_indices=true&ignore_throttled=true&search_type=query_then_fetch&batched_reduce_size=512&ccs_minimize_roundtrips=true] returned 2 warnings: [299 Elasticsearch-7.16.1-5b38441b16b1ebb16a27c107a4c3865776e20c53 "Elasticsearch built-in security features are not enabled. Without authentication, your cluster could be accessible to anyone. See https://www.elastic.co/guide/en/elasticsearch/reference/7.16/security-minimal-setup.html to enable security."],[299 Elasticsearch-7.16.1-5b38441b16b1ebb16a27c107a4c3865776e20c53 "[ignore_throttled] parameter is deprecated because frozen indices have been deprecated. Consider cold or frozen tiers in place of frozen indices."]
2023-08-04 12:58:22,196 INFO  [com.dot.ContainerResource] (docker-java-stream-1865446083) STDOUT: 12:58:22.196  WARN  client.RestClient - request [POST http://elasticsearch:9200/cluster_c40f8aa8c9.live_20230804125756/_search?typed_keys=true&max_concurrent_shard_requests=5&ignore_unavailable=false&expand_wildcards=open&allow_no_indices=true&ignore_throttled=true&search_type=query_then_fetch&batched_reduce_size=512&ccs_minimize_roundtrips=true] returned 2 warnings: [299 Elasticsearch-7.16.1-5b38441b16b1ebb16a27c107a4c3865776e20c53 "Elasticsearch built-in security features are not enabled. Without authentication, your cluster could be accessible to anyone. See https://www.elastic.co/guide/en/elasticsearch/reference/7.16/security-minimal-setup.html to enable security."],[299 Elasticsearch-7.16.1-5b38441b16b1ebb16a27c107a4c3865776e20c53 "[ignore_throttled] parameter is deprecated because frozen indices have been deprecated. Consider cold or frozen tiers in place of frozen indices."]
2023-08-04 12:58:22,200 INFO  [com.dot.ContainerResource] (docker-java-stream-1865446083) STDOUT: 12:58:22.199  WARN  client.RestClient - request [POST http://elasticsearch:9200/cluster_c40f8aa8c9.live_20230804125756/_search?typed_keys=true&max_concurrent_shard_requests=5&ignore_unavailable=false&expand_wildcards=open&allow_no_indices=true&ignore_throttled=true&search_type=query_then_fetch&batched_reduce_size=512&ccs_minimize_roundtrips=true] returned 2 warnings: [299 Elasticsearch-7.16.1-5b38441b16b1ebb16a27c107a4c3865776e20c53 "Elasticsearch built-in security features are not enabled. Without authentication, your cluster could be accessible to anyone. See https://www.elastic.co/guide/en/elasticsearch/reference/7.16/security-minimal-setup.html to enable security."],[299 Elasticsearch-7.16.1-5b38441b16b1ebb16a27c107a4c3865776e20c53 "[ignore_throttled] parameter is deprecated because frozen indices have been deprecated. Consider cold or frozen tiers in place of frozen indices."]
2023-08-04 12:58:22,203 INFO  [com.dot.ContainerResource] (docker-java-stream-1865446083) STDOUT: 12:58:22.202  WARN  client.RestClient - request [POST http://elasticsearch:9200/cluster_c40f8aa8c9.live_20230804125756/_search?typed_keys=true&max_concurrent_shard_requests=5&ignore_unavailable=false&expand_wildcards=open&allow_no_indices=true&ignore_throttled=true&search_type=query_then_fetch&batched_reduce_size=512&ccs_minimize_roundtrips=true] returned 2 warnings: [299 Elasticsearch-7.16.1-5b38441b16b1ebb16a27c107a4c3865776e20c53 "Elasticsearch built-in security features are not enabled. Without authentication, your cluster could be accessible to anyone. See https://www.elastic.co/guide/en/elasticsearch/reference/7.16/security-minimal-setup.html to enable security."],[299 Elasticsearch-7.16.1-5b38441b16b1ebb16a27c107a4c3865776e20c53 "[ignore_throttled] parameter is deprecated because frozen indices have been deprecated. Consider cold or frozen tiers in place of frozen indices."]
2023-08-04 12:58:22,206 INFO  [com.dot.ContainerResource] (docker-java-stream-1865446083) STDOUT: 12:58:22.205  WARN  client.RestClient - request [POST http://elasticsearch:9200/cluster_c40f8aa8c9.live_20230804125756/_search?typed_keys=true&max_concurrent_shard_requests=5&ignore_unavailable=false&expand_wildcards=open&allow_no_indices=true&ignore_throttled=true&search_type=query_then_fetch&batched_reduce_size=512&ccs_minimize_roundtrips=true] returned 2 warnings: [299 Elasticsearch-7.16.1-5b38441b16b1ebb16a27c107a4c3865776e20c53 "Elasticsearch built-in security features are not enabled. Without authentication, your cluster could be accessible to anyone. See https://www.elastic.co/guide/en/elasticsearch/reference/7.16/security-minimal-setup.html to enable security."],[299 Elasticsearch-7.16.1-5b38441b16b1ebb16a27c107a4c3865776e20c53 "[ignore_throttled] parameter is deprecated because frozen indices have been deprecated. Consider cold or frozen tiers in place of frozen indices."]
2023-08-04 12:58:22,212 INFO  [com.dot.ContainerResource] (docker-java-stream-1865446083) STDOUT: 12:58:22.208  WARN  client.RestClient - request [POST http://elasticsearch:9200/cluster_c40f8aa8c9.live_20230804125756/_search?typed_keys=true&max_concurrent_shard_requests=5&ignore_unavailable=false&expand_wildcards=open&allow_no_indices=true&ignore_throttled=true&search_type=query_then_fetch&batched_reduce_size=512&ccs_minimize_roundtrips=true] returned 2 warnings: [299 Elasticsearch-7.16.1-5b38441b16b1ebb16a27c107a4c3865776e20c53 "Elasticsearch built-in security features are not enabled. Without authentication, your cluster could be accessible to anyone. See https://www.elastic.co/guide/en/elasticsearch/reference/7.16/security-minimal-setup.html to enable security."],[299 Elasticsearch-7.16.1-5b38441b16b1ebb16a27c107a4c3865776e20c53 "[ignore_throttled] parameter is deprecated because frozen indices have been deprecated. Consider cold or frozen tiers in place of frozen indices."]
2023-08-04 12:58:22,212 INFO  [com.dot.ContainerResource] (docker-java-stream-1865446083) STDOUT: 12:58:22.211  WARN  client.RestClient - request [POST http://elasticsearch:9200/cluster_c40f8aa8c9.live_20230804125756/_search?typed_keys=true&max_concurrent_shard_requests=5&ignore_unavailable=false&expand_wildcards=open&allow_no_indices=true&ignore_throttled=true&search_type=query_then_fetch&batched_reduce_size=512&ccs_minimize_roundtrips=true] returned 2 warnings: [299 Elasticsearch-7.16.1-5b38441b16b1ebb16a27c107a4c3865776e20c53 "Elasticsearch built-in security features are not enabled. Without authentication, your cluster could be accessible to anyone. See https://www.elastic.co/guide/en/elasticsearch/reference/7.16/security-minimal-setup.html to enable security."],[299 Elasticsearch-7.16.1-5b38441b16b1ebb16a27c107a4c3865776e20c53 "[ignore_throttled] parameter is deprecated because frozen indices have been deprecated. Consider cold or frozen tiers in place of frozen indices."]
2023-08-04 12:58:22,215 INFO  [com.dot.ContainerResource] (docker-java-stream-1865446083) STDOUT: 12:58:22.215  WARN  client.RestClient - request [POST http://elasticsearch:9200/cluster_c40f8aa8c9.live_20230804125756/_search?typed_keys=true&max_concurrent_shard_requests=5&ignore_unavailable=false&expand_wildcards=open&allow_no_indices=true&ignore_throttled=true&search_type=query_then_fetch&batched_reduce_size=512&ccs_minimize_roundtrips=true] returned 2 warnings: [299 Elasticsearch-7.16.1-5b38441b16b1ebb16a27c107a4c3865776e20c53 "Elasticsearch built-in security features are not enabled. Without authentication, your cluster could be accessible to anyone. See https://www.elastic.co/guide/en/elasticsearch/reference/7.16/security-minimal-setup.html to enable security."],[299 Elasticsearch-7.16.1-5b38441b16b1ebb16a27c107a4c3865776e20c53 "[ignore_throttled] parameter is deprecated because frozen indices have been deprecated. Consider cold or frozen tiers in place of frozen indices."]
2023-08-04 12:58:22,218 INFO  [com.dot.ContainerResource] (docker-java-stream-1865446083) STDOUT: 12:58:22.218  WARN  client.RestClient - request [POST http://elasticsearch:9200/cluster_c40f8aa8c9.live_20230804125756/_search?typed_keys=true&max_concurrent_shard_requests=5&ignore_unavailable=false&expand_wildcards=open&allow_no_indices=true&ignore_throttled=true&search_type=query_then_fetch&batched_reduce_size=512&ccs_minimize_roundtrips=true] returned 2 warnings: [299 Elasticsearch-7.16.1-5b38441b16b1ebb16a27c107a4c3865776e20c53 "Elasticsearch built-in security features are not enabled. Without authentication, your cluster could be accessible to anyone. See https://www.elastic.co/guide/en/elasticsearch/reference/7.16/security-minimal-setup.html to enable security."],[299 Elasticsearch-7.16.1-5b38441b16b1ebb16a27c107a4c3865776e20c53 "[ignore_throttled] parameter is deprecated because frozen indices have been deprecated. Consider cold or frozen tiers in place of frozen indices."]
2023-08-04 12:58:22,221 INFO  [com.dot.ContainerResource] (docker-java-stream-1865446083) STDOUT: 12:58:22.220  WARN  client.RestClient - request [POST http://elasticsearch:9200/cluster_c40f8aa8c9.live_20230804125756/_search?typed_keys=true&max_concurrent_shard_requests=5&ignore_unavailable=false&expand_wildcards=open&allow_no_indices=true&ignore_throttled=true&search_type=query_then_fetch&batched_reduce_size=512&ccs_minimize_roundtrips=true] returned 2 warnings: [299 Elasticsearch-7.16.1-5b38441b16b1ebb16a27c107a4c3865776e20c53 "Elasticsearch built-in security features are not enabled. Without authentication, your cluster could be accessible to anyone. See https://www.elastic.co/guide/en/elasticsearch/reference/7.16/security-minimal-setup.html to enable security."],[299 Elasticsearch-7.16.1-5b38441b16b1ebb16a27c107a4c3865776e20c53 "[ignore_throttled] parameter is deprecated because frozen indices have been deprecated. Consider cold or frozen tiers in place of frozen indices."]
2023-08-04 12:58:22,223 INFO  [com.dot.ContainerResource] (docker-java-stream-1865446083) STDOUT: 12:58:22.223  WARN  client.RestClient - request [POST http://elasticsearch:9200/cluster_c40f8aa8c9.live_20230804125756/_search?typed_keys=true&max_concurrent_shard_requests=5&ignore_unavailable=false&expand_wildcards=open&allow_no_indices=true&ignore_throttled=true&search_type=query_then_fetch&batched_reduce_size=512&ccs_minimize_roundtrips=true] returned 2 warnings: [299 Elasticsearch-7.16.1-5b38441b16b1ebb16a27c107a4c3865776e20c53 "Elasticsearch built-in security features are not enabled. Without authentication, your cluster could be accessible to anyone. See https://www.elastic.co/guide/en/elasticsearch/reference/7.16/security-minimal-setup.html to enable security."],[299 Elasticsearch-7.16.1-5b38441b16b1ebb16a27c107a4c3865776e20c53 "[ignore_throttled] parameter is deprecated because frozen indices have been deprecated. Consider cold or frozen tiers in place of frozen indices."]
2023-08-04 12:58:22,226 INFO  [com.dot.ContainerResource] (docker-java-stream-1865446083) STDOUT: 12:58:22.226  WARN  client.RestClient - request [POST http://elasticsearch:9200/cluster_c40f8aa8c9.live_20230804125756/_search?typed_keys=true&max_concurrent_shard_requests=5&ignore_unavailable=false&expand_wildcards=open&allow_no_indices=true&ignore_throttled=true&search_type=query_then_fetch&batched_reduce_size=512&ccs_minimize_roundtrips=true] returned 2 warnings: [299 Elasticsearch-7.16.1-5b38441b16b1ebb16a27c107a4c3865776e20c53 "Elasticsearch built-in security features are not enabled. Without authentication, your cluster could be accessible to anyone. See https://www.elastic.co/guide/en/elasticsearch/reference/7.16/security-minimal-setup.html to enable security."],[299 Elasticsearch-7.16.1-5b38441b16b1ebb16a27c107a4c3865776e20c53 "[ignore_throttled] parameter is deprecated because frozen indices have been deprecated. Consider cold or frozen tiers in place of frozen indices."]
2023-08-04 12:58:22,229 INFO  [com.dot.ContainerResource] (docker-java-stream-1865446083) STDOUT: 12:58:22.229  WARN  client.RestClient - request [POST http://elasticsearch:9200/cluster_c40f8aa8c9.live_20230804125756/_search?typed_keys=true&max_concurrent_shard_requests=5&ignore_unavailable=false&expand_wildcards=open&allow_no_indices=true&ignore_throttled=true&search_type=query_then_fetch&batched_reduce_size=512&ccs_minimize_roundtrips=true] returned 2 warnings: [299 Elasticsearch-7.16.1-5b38441b16b1ebb16a27c107a4c3865776e20c53 "Elasticsearch built-in security features are not enabled. Without authentication, your cluster could be accessible to anyone. See https://www.elastic.co/guide/en/elasticsearch/reference/7.16/security-minimal-setup.html to enable security."],[299 Elasticsearch-7.16.1-5b38441b16b1ebb16a27c107a4c3865776e20c53 "[ignore_throttled] parameter is deprecated because frozen indices have been deprecated. Consider cold or frozen tiers in place of frozen indices."]
2023-08-04 12:58:22,232 INFO  [com.dot.ContainerResource] (docker-java-stream-1865446083) STDOUT: 12:58:22.232  WARN  client.RestClient - request [POST http://elasticsearch:9200/cluster_c40f8aa8c9.live_20230804125756/_search?typed_keys=true&max_concurrent_shard_requests=5&ignore_unavailable=false&expand_wildcards=open&allow_no_indices=true&ignore_throttled=true&search_type=query_then_fetch&batched_reduce_size=512&ccs_minimize_roundtrips=true] returned 2 warnings: [299 Elasticsearch-7.16.1-5b38441b16b1ebb16a27c107a4c3865776e20c53 "Elasticsearch built-in security features are not enabled. Without authentication, your cluster could be accessible to anyone. See https://www.elastic.co/guide/en/elasticsearch/reference/7.16/security-minimal-setup.html to enable security."],[299 Elasticsearch-7.16.1-5b38441b16b1ebb16a27c107a4c3865776e20c53 "[ignore_throttled] parameter is deprecated because frozen indices have been deprecated. Consider cold or frozen tiers in place of frozen indices."]
2023-08-04 12:58:22,235 INFO  [com.dot.ContainerResource] (docker-java-stream-1865446083) STDOUT: 12:58:22.235  WARN  client.RestClient - request [POST http://elasticsearch:9200/cluster_c40f8aa8c9.live_20230804125756/_search?typed_keys=true&max_concurrent_shard_requests=5&ignore_unavailable=false&expand_wildcards=open&allow_no_indices=true&ignore_throttled=true&search_type=query_then_fetch&batched_reduce_size=512&ccs_minimize_roundtrips=true] returned 2 warnings: [299 Elasticsearch-7.16.1-5b38441b16b1ebb16a27c107a4c3865776e20c53 "Elasticsearch built-in security features are not enabled. Without authentication, your cluster could be accessible to anyone. See https://www.elastic.co/guide/en/elasticsearch/reference/7.16/security-minimal-setup.html to enable security."],[299 Elasticsearch-7.16.1-5b38441b16b1ebb16a27c107a4c3865776e20c53 "[ignore_throttled] parameter is deprecated because frozen indices have been deprecated. Consider cold or frozen tiers in place of frozen indices."]
2023-08-04 12:58:22,238 INFO  [com.dot.ContainerResource] (docker-java-stream-1865446083) STDOUT: 12:58:22.237  WARN  client.RestClient - request [POST http://elasticsearch:9200/cluster_c40f8aa8c9.live_20230804125756/_search?typed_keys=true&max_concurrent_shard_requests=5&ignore_unavailable=false&expand_wildcards=open&allow_no_indices=true&ignore_throttled=true&search_type=query_then_fetch&batched_reduce_size=512&ccs_minimize_roundtrips=true] returned 2 warnings: [299 Elasticsearch-7.16.1-5b38441b16b1ebb16a27c107a4c3865776e20c53 "Elasticsearch built-in security features are not enabled. Without authentication, your cluster could be accessible to anyone. See https://www.elastic.co/guide/en/elasticsearch/reference/7.16/security-minimal-setup.html to enable security."],[299 Elasticsearch-7.16.1-5b38441b16b1ebb16a27c107a4c3865776e20c53 "[ignore_throttled] parameter is deprecated because frozen indices have been deprecated. Consider cold or frozen tiers in place of frozen indices."]
2023-08-04 12:58:22,240 INFO  [com.dot.ContainerResource] (docker-java-stream-1865446083) STDOUT: 12:58:22.240  WARN  client.RestClient - request [POST http://elasticsearch:9200/cluster_c40f8aa8c9.live_20230804125756/_search?typed_keys=true&max_concurrent_shard_requests=5&ignore_unavailable=false&expand_wildcards=open&allow_no_indices=true&ignore_throttled=true&search_type=query_then_fetch&batched_reduce_size=512&ccs_minimize_roundtrips=true] returned 2 warnings: [299 Elasticsearch-7.16.1-5b38441b16b1ebb16a27c107a4c3865776e20c53 "Elasticsearch built-in security features are not enabled. Without authentication, your cluster could be accessible to anyone. See https://www.elastic.co/guide/en/elasticsearch/reference/7.16/security-minimal-setup.html to enable security."],[299 Elasticsearch-7.16.1-5b38441b16b1ebb16a27c107a4c3865776e20c53 "[ignore_throttled] parameter is deprecated because frozen indices have been deprecated. Consider cold or frozen tiers in place of frozen indices."]
2023-08-04 12:58:22,243 INFO  [com.dot.ContainerResource] (docker-java-stream-1865446083) STDOUT: 12:58:22.243  WARN  client.RestClient - request [POST http://elasticsearch:9200/cluster_c40f8aa8c9.live_20230804125756/_search?typed_keys=true&max_concurrent_shard_requests=5&ignore_unavailable=false&expand_wildcards=open&allow_no_indices=true&ignore_throttled=true&search_type=query_then_fetch&batched_reduce_size=512&ccs_minimize_roundtrips=true] returned 2 warnings: [299 Elasticsearch-7.16.1-5b38441b16b1ebb16a27c107a4c3865776e20c53 "Elasticsearch built-in security features are not enabled. Without authentication, your cluster could be accessible to anyone. See https://www.elastic.co/guide/en/elasticsearch/reference/7.16/security-minimal-setup.html to enable security."],[299 Elasticsearch-7.16.1-5b38441b16b1ebb16a27c107a4c3865776e20c53 "[ignore_throttled] parameter is deprecated because frozen indices have been deprecated. Consider cold or frozen tiers in place of frozen indices."]
2023-08-04 12:58:22,246 INFO  [com.dot.ContainerResource] (docker-java-stream-1865446083) STDOUT: 12:58:22.245  WARN  client.RestClient - request [POST http://elasticsearch:9200/cluster_c40f8aa8c9.live_20230804125756/_search?typed_keys=true&max_concurrent_shard_requests=5&ignore_unavailable=false&expand_wildcards=open&allow_no_indices=true&ignore_throttled=true&search_type=query_then_fetch&batched_reduce_size=512&ccs_minimize_roundtrips=true] returned 2 warnings: [299 Elasticsearch-7.16.1-5b38441b16b1ebb16a27c107a4c3865776e20c53 "Elasticsearch built-in security features are not enabled. Without authentication, your cluster could be accessible to anyone. See https://www.elastic.co/guide/en/elasticsearch/reference/7.16/security-minimal-setup.html to enable security."],[299 Elasticsearch-7.16.1-5b38441b16b1ebb16a27c107a4c3865776e20c53 "[ignore_throttled] parameter is deprecated because frozen indices have been deprecated. Consider cold or frozen tiers in place of frozen indices."]
2023-08-04 12:58:22,248 INFO  [com.dot.ContainerResource] (docker-java-stream-1865446083) STDOUT: 12:58:22.248  WARN  client.RestClient - request [POST http://elasticsearch:9200/cluster_c40f8aa8c9.live_20230804125756/_search?typed_keys=true&max_concurrent_shard_requests=5&ignore_unavailable=false&expand_wildcards=open&allow_no_indices=true&ignore_throttled=true&search_type=query_then_fetch&batched_reduce_size=512&ccs_minimize_roundtrips=true] returned 2 warnings: [299 Elasticsearch-7.16.1-5b38441b16b1ebb16a27c107a4c3865776e20c53 "Elasticsearch built-in security features are not enabled. Without authentication, your cluster could be accessible to anyone. See https://www.elastic.co/guide/en/elasticsearch/reference/7.16/security-minimal-setup.html to enable security."],[299 Elasticsearch-7.16.1-5b38441b16b1ebb16a27c107a4c3865776e20c53 "[ignore_throttled] parameter is deprecated because frozen indices have been deprecated. Consider cold or frozen tiers in place of frozen indices."]
2023-08-04 12:58:22,253 INFO  [com.dot.ContainerResource] (docker-java-stream-1865446083) STDOUT: 12:58:22.252  WARN  client.RestClient - request [POST http://elasticsearch:9200/cluster_c40f8aa8c9.live_20230804125756/_search?typed_keys=true&max_concurrent_shard_requests=5&ignore_unavailable=false&expand_wildcards=open&allow_no_indices=true&ignore_throttled=true&search_type=query_then_fetch&batched_reduce_size=512&ccs_minimize_roundtrips=true] returned 2 warnings: [299 Elasticsearch-7.16.1-5b38441b16b1ebb16a27c107a4c3865776e20c53 "Elasticsearch built-in security features are not enabled. Without authentication, your cluster could be accessible to anyone. See https://www.elastic.co/guide/en/elasticsearch/reference/7.16/security-minimal-setup.html to enable security."],[299 Elasticsearch-7.16.1-5b38441b16b1ebb16a27c107a4c3865776e20c53 "[ignore_throttled] parameter is deprecated because frozen indices have been deprecated. Consider cold or frozen tiers in place of frozen indices."]
2023-08-04 12:58:22,256 INFO  [com.dot.ContainerResource] (docker-java-stream-1865446083) STDOUT: 12:58:22.255  WARN  client.RestClient - request [POST http://elasticsearch:9200/cluster_c40f8aa8c9.live_20230804125756/_search?typed_keys=true&max_concurrent_shard_requests=5&ignore_unavailable=false&expand_wildcards=open&allow_no_indices=true&ignore_throttled=true&search_type=query_then_fetch&batched_reduce_size=512&ccs_minimize_roundtrips=true] returned 2 warnings: [299 Elasticsearch-7.16.1-5b38441b16b1ebb16a27c107a4c3865776e20c53 "Elasticsearch built-in security features are not enabled. Without authentication, your cluster could be accessible to anyone. See https://www.elastic.co/guide/en/elasticsearch/reference/7.16/security-minimal-setup.html to enable security."],[299 Elasticsearch-7.16.1-5b38441b16b1ebb16a27c107a4c3865776e20c53 "[ignore_throttled] parameter is deprecated because frozen indices have been deprecated. Consider cold or frozen tiers in place of frozen indices."]
2023-08-04 12:58:22,259 INFO  [com.dot.ContainerResource] (docker-java-stream-1865446083) STDOUT: 12:58:22.258  WARN  client.RestClient - request [POST http://elasticsearch:9200/cluster_c40f8aa8c9.live_20230804125756/_search?typed_keys=true&max_concurrent_shard_requests=5&ignore_unavailable=false&expand_wildcards=open&allow_no_indices=true&ignore_throttled=true&search_type=query_then_fetch&batched_reduce_size=512&ccs_minimize_roundtrips=true] returned 2 warnings: [299 Elasticsearch-7.16.1-5b38441b16b1ebb16a27c107a4c3865776e20c53 "Elasticsearch built-in security features are not enabled. Without authentication, your cluster could be accessible to anyone. See https://www.elastic.co/guide/en/elasticsearch/reference/7.16/security-minimal-setup.html to enable security."],[299 Elasticsearch-7.16.1-5b38441b16b1ebb16a27c107a4c3865776e20c53 "[ignore_throttled] parameter is deprecated because frozen indices have been deprecated. Consider cold or frozen tiers in place of frozen indices."]
2023-08-04 12:58:22,262 INFO  [com.dot.ContainerResource] (docker-java-stream-1865446083) STDOUT: 12:58:22.261  WARN  client.RestClient - request [POST http://elasticsearch:9200/cluster_c40f8aa8c9.live_20230804125756/_search?typed_keys=true&max_concurrent_shard_requests=5&ignore_unavailable=false&expand_wildcards=open&allow_no_indices=true&ignore_throttled=true&search_type=query_then_fetch&batched_reduce_size=512&ccs_minimize_roundtrips=true] returned 2 warnings: [299 Elasticsearch-7.16.1-5b38441b16b1ebb16a27c107a4c3865776e20c53 "Elasticsearch built-in security features are not enabled. Without authentication, your cluster could be accessible to anyone. See https://www.elastic.co/guide/en/elasticsearch/reference/7.16/security-minimal-setup.html to enable security."],[299 Elasticsearch-7.16.1-5b38441b16b1ebb16a27c107a4c3865776e20c53 "[ignore_throttled] parameter is deprecated because frozen indices have been deprecated. Consider cold or frozen tiers in place of frozen indices."]
2023-08-04 12:58:22,265 INFO  [com.dot.ContainerResource] (docker-java-stream-1865446083) STDOUT: 12:58:22.265  WARN  client.RestClient - request [POST http://elasticsearch:9200/cluster_c40f8aa8c9.live_20230804125756/_search?typed_keys=true&max_concurrent_shard_requests=5&ignore_unavailable=false&expand_wildcards=open&allow_no_indices=true&ignore_throttled=true&search_type=query_then_fetch&batched_reduce_size=512&ccs_minimize_roundtrips=true] returned 2 warnings: [299 Elasticsearch-7.16.1-5b38441b16b1ebb16a27c107a4c3865776e20c53 "Elasticsearch built-in security features are not enabled. Without authentication, your cluster could be accessible to anyone. See https://www.elastic.co/guide/en/elasticsearch/reference/7.16/security-minimal-setup.html to enable security."],[299 Elasticsearch-7.16.1-5b38441b16b1ebb16a27c107a4c3865776e20c53 "[ignore_throttled] parameter is deprecated because frozen indices have been deprecated. Consider cold or frozen tiers in place of frozen indices."]
2023-08-04 12:58:22,268 INFO  [com.dot.ContainerResource] (docker-java-stream-1865446083) STDOUT: 12:58:22.268  WARN  client.RestClient - request [POST http://elasticsearch:9200/cluster_c40f8aa8c9.live_20230804125756/_search?typed_keys=true&max_concurrent_shard_requests=5&ignore_unavailable=false&expand_wildcards=open&allow_no_indices=true&ignore_throttled=true&search_type=query_then_fetch&batched_reduce_size=512&ccs_minimize_roundtrips=true] returned 2 warnings: [299 Elasticsearch-7.16.1-5b38441b16b1ebb16a27c107a4c3865776e20c53 "Elasticsearch built-in security features are not enabled. Without authentication, your cluster could be accessible to anyone. See https://www.elastic.co/guide/en/elasticsearch/reference/7.16/security-minimal-setup.html to enable security."],[299 Elasticsearch-7.16.1-5b38441b16b1ebb16a27c107a4c3865776e20c53 "[ignore_throttled] parameter is deprecated because frozen indices have been deprecated. Consider cold or frozen tiers in place of frozen indices."]
2023-08-04 12:58:22,271 INFO  [com.dot.ContainerResource] (docker-java-stream-1865446083) STDOUT: 12:58:22.271  WARN  client.RestClient - request [POST http://elasticsearch:9200/cluster_c40f8aa8c9.live_20230804125756/_search?typed_keys=true&max_concurrent_shard_requests=5&ignore_unavailable=false&expand_wildcards=open&allow_no_indices=true&ignore_throttled=true&search_type=query_then_fetch&batched_reduce_size=512&ccs_minimize_roundtrips=true] returned 2 warnings: [299 Elasticsearch-7.16.1-5b38441b16b1ebb16a27c107a4c3865776e20c53 "Elasticsearch built-in security features are not enabled. Without authentication, your cluster could be accessible to anyone. See https://www.elastic.co/guide/en/elasticsearch/reference/7.16/security-minimal-setup.html to enable security."],[299 Elasticsearch-7.16.1-5b38441b16b1ebb16a27c107a4c3865776e20c53 "[ignore_throttled] parameter is deprecated because frozen indices have been deprecated. Consider cold or frozen tiers in place of frozen indices."]
2023-08-04 12:58:22,275 INFO  [com.dot.ContainerResource] (docker-java-stream-1865446083) STDOUT: 12:58:22.274  WARN  client.RestClient - request [POST http://elasticsearch:9200/cluster_c40f8aa8c9.live_20230804125756/_search?typed_keys=true&max_concurrent_shard_requests=5&ignore_unavailable=false&expand_wildcards=open&allow_no_indices=true&ignore_throttled=true&search_type=query_then_fetch&batched_reduce_size=512&ccs_minimize_roundtrips=true] returned 2 warnings: [299 Elasticsearch-7.16.1-5b38441b16b1ebb16a27c107a4c3865776e20c53 "Elasticsearch built-in security features are not enabled. Without authentication, your cluster could be accessible to anyone. See https://www.elastic.co/guide/en/elasticsearch/reference/7.16/security-minimal-setup.html to enable security."],[299 Elasticsearch-7.16.1-5b38441b16b1ebb16a27c107a4c3865776e20c53 "[ignore_throttled] parameter is deprecated because frozen indices have been deprecated. Consider cold or frozen tiers in place of frozen indices."]
2023-08-04 12:58:22,278 INFO  [com.dot.ContainerResource] (docker-java-stream-1865446083) STDOUT: 12:58:22.277  WARN  client.RestClient - request [POST http://elasticsearch:9200/cluster_c40f8aa8c9.live_20230804125756/_search?typed_keys=true&max_concurrent_shard_requests=5&ignore_unavailable=false&expand_wildcards=open&allow_no_indices=true&ignore_throttled=true&search_type=query_then_fetch&batched_reduce_size=512&ccs_minimize_roundtrips=true] returned 2 warnings: [299 Elasticsearch-7.16.1-5b38441b16b1ebb16a27c107a4c3865776e20c53 "Elasticsearch built-in security features are not enabled. Without authentication, your cluster could be accessible to anyone. See https://www.elastic.co/guide/en/elasticsearch/reference/7.16/security-minimal-setup.html to enable security."],[299 Elasticsearch-7.16.1-5b38441b16b1ebb16a27c107a4c3865776e20c53 "[ignore_throttled] parameter is deprecated because frozen indices have been deprecated. Consider cold or frozen tiers in place of frozen indices."]
2023-08-04 12:58:22,281 INFO  [com.dot.ContainerResource] (docker-java-stream-1865446083) STDOUT: 12:58:22.281  WARN  client.RestClient - request [POST http://elasticsearch:9200/cluster_c40f8aa8c9.live_20230804125756/_search?typed_keys=true&max_concurrent_shard_requests=5&ignore_unavailable=false&expand_wildcards=open&allow_no_indices=true&ignore_throttled=true&search_type=query_then_fetch&batched_reduce_size=512&ccs_minimize_roundtrips=true] returned 2 warnings: [299 Elasticsearch-7.16.1-5b38441b16b1ebb16a27c107a4c3865776e20c53 "Elasticsearch built-in security features are not enabled. Without authentication, your cluster could be accessible to anyone. See https://www.elastic.co/guide/en/elasticsearch/reference/7.16/security-minimal-setup.html to enable security."],[299 Elasticsearch-7.16.1-5b38441b16b1ebb16a27c107a4c3865776e20c53 "[ignore_throttled] parameter is deprecated because frozen indices have been deprecated. Consider cold or frozen tiers in place of frozen indices."]
2023-08-04 12:58:22,285 INFO  [com.dot.ContainerResource] (docker-java-stream-1865446083) STDOUT: 12:58:22.285  WARN  client.RestClient - request [POST http://elasticsearch:9200/cluster_c40f8aa8c9.live_20230804125756/_search?typed_keys=true&max_concurrent_shard_requests=5&ignore_unavailable=false&expand_wildcards=open&allow_no_indices=true&ignore_throttled=true&search_type=query_then_fetch&batched_reduce_size=512&ccs_minimize_roundtrips=true] returned 2 warnings: [299 Elasticsearch-7.16.1-5b38441b16b1ebb16a27c107a4c3865776e20c53 "Elasticsearch built-in security features are not enabled. Without authentication, your cluster could be accessible to anyone. See https://www.elastic.co/guide/en/elasticsearch/reference/7.16/security-minimal-setup.html to enable security."],[299 Elasticsearch-7.16.1-5b38441b16b1ebb16a27c107a4c3865776e20c53 "[ignore_throttled] parameter is deprecated because frozen indices have been deprecated. Consider cold or frozen tiers in place of frozen indices."]
2023-08-04 12:58:22,290 INFO  [com.dot.ContainerResource] (docker-java-stream-1865446083) STDOUT: 12:58:22.290  WARN  client.RestClient - request [POST http://elasticsearch:9200/cluster_c40f8aa8c9.live_20230804125756/_search?typed_keys=true&max_concurrent_shard_requests=5&ignore_unavailable=false&expand_wildcards=open&allow_no_indices=true&ignore_throttled=true&search_type=query_then_fetch&batched_reduce_size=512&ccs_minimize_roundtrips=true] returned 2 warnings: [299 Elasticsearch-7.16.1-5b38441b16b1ebb16a27c107a4c3865776e20c53 "Elasticsearch built-in security features are not enabled. Without authentication, your cluster could be accessible to anyone. See https://www.elastic.co/guide/en/elasticsearch/reference/7.16/security-minimal-setup.html to enable security."],[299 Elasticsearch-7.16.1-5b38441b16b1ebb16a27c107a4c3865776e20c53 "[ignore_throttled] parameter is deprecated because frozen indices have been deprecated. Consider cold or frozen tiers in place of frozen indices."]
2023-08-04 12:58:22,293 INFO  [com.dot.ContainerResource] (docker-java-stream-1865446083) STDOUT: 12:58:22.293  WARN  client.RestClient - request [POST http://elasticsearch:9200/cluster_c40f8aa8c9.live_20230804125756/_search?typed_keys=true&max_concurrent_shard_requests=5&ignore_unavailable=false&expand_wildcards=open&allow_no_indices=true&ignore_throttled=true&search_type=query_then_fetch&batched_reduce_size=512&ccs_minimize_roundtrips=true] returned 2 warnings: [299 Elasticsearch-7.16.1-5b38441b16b1ebb16a27c107a4c3865776e20c53 "Elasticsearch built-in security features are not enabled. Without authentication, your cluster could be accessible to anyone. See https://www.elastic.co/guide/en/elasticsearch/reference/7.16/security-minimal-setup.html to enable security."],[299 Elasticsearch-7.16.1-5b38441b16b1ebb16a27c107a4c3865776e20c53 "[ignore_throttled] parameter is deprecated because frozen indices have been deprecated. Consider cold or frozen tiers in place of frozen indices."]
2023-08-04 12:58:22,297 INFO  [com.dot.ContainerResource] (docker-java-stream-1865446083) STDOUT: 12:58:22.297  WARN  client.RestClient - request [POST http://elasticsearch:9200/cluster_c40f8aa8c9.live_20230804125756/_search?typed_keys=true&max_concurrent_shard_requests=5&ignore_unavailable=false&expand_wildcards=open&allow_no_indices=true&ignore_throttled=true&search_type=query_then_fetch&batched_reduce_size=512&ccs_minimize_roundtrips=true] returned 2 warnings: [299 Elasticsearch-7.16.1-5b38441b16b1ebb16a27c107a4c3865776e20c53 "Elasticsearch built-in security features are not enabled. Without authentication, your cluster could be accessible to anyone. See https://www.elastic.co/guide/en/elasticsearch/reference/7.16/security-minimal-setup.html to enable security."],[299 Elasticsearch-7.16.1-5b38441b16b1ebb16a27c107a4c3865776e20c53 "[ignore_throttled] parameter is deprecated because frozen indices have been deprecated. Consider cold or frozen tiers in place of frozen indices."]
2023-08-04 12:58:22,301 INFO  [com.dot.ContainerResource] (docker-java-stream-1865446083) STDOUT: 12:58:22.300  WARN  client.RestClient - request [POST http://elasticsearch:9200/cluster_c40f8aa8c9.live_20230804125756/_search?typed_keys=true&max_concurrent_shard_requests=5&ignore_unavailable=false&expand_wildcards=open&allow_no_indices=true&ignore_throttled=true&search_type=query_then_fetch&batched_reduce_size=512&ccs_minimize_roundtrips=true] returned 2 warnings: [299 Elasticsearch-7.16.1-5b38441b16b1ebb16a27c107a4c3865776e20c53 "Elasticsearch built-in security features are not enabled. Without authentication, your cluster could be accessible to anyone. See https://www.elastic.co/guide/en/elasticsearch/reference/7.16/security-minimal-setup.html to enable security."],[299 Elasticsearch-7.16.1-5b38441b16b1ebb16a27c107a4c3865776e20c53 "[ignore_throttled] parameter is deprecated because frozen indices have been deprecated. Consider cold or frozen tiers in place of frozen indices."]
2023-08-04 12:58:22,304 INFO  [com.dot.ContainerResource] (docker-java-stream-1865446083) STDOUT: 12:58:22.303  WARN  client.RestClient - request [POST http://elasticsearch:9200/cluster_c40f8aa8c9.live_20230804125756/_search?typed_keys=true&max_concurrent_shard_requests=5&ignore_unavailable=false&expand_wildcards=open&allow_no_indices=true&ignore_throttled=true&search_type=query_then_fetch&batched_reduce_size=512&ccs_minimize_roundtrips=true] returned 2 warnings: [299 Elasticsearch-7.16.1-5b38441b16b1ebb16a27c107a4c3865776e20c53 "Elasticsearch built-in security features are not enabled. Without authentication, your cluster could be accessible to anyone. See https://www.elastic.co/guide/en/elasticsearch/reference/7.16/security-minimal-setup.html to enable security."],[299 Elasticsearch-7.16.1-5b38441b16b1ebb16a27c107a4c3865776e20c53 "[ignore_throttled] parameter is deprecated because frozen indices have been deprecated. Consider cold or frozen tiers in place of frozen indices."]
2023-08-04 12:58:22,307 INFO  [com.dot.ContainerResource] (docker-java-stream-1865446083) STDOUT: 12:58:22.306  WARN  client.RestClient - request [POST http://elasticsearch:9200/cluster_c40f8aa8c9.live_20230804125756/_search?typed_keys=true&max_concurrent_shard_requests=5&ignore_unavailable=false&expand_wildcards=open&allow_no_indices=true&ignore_throttled=true&search_type=query_then_fetch&batched_reduce_size=512&ccs_minimize_roundtrips=true] returned 2 warnings: [299 Elasticsearch-7.16.1-5b38441b16b1ebb16a27c107a4c3865776e20c53 "Elasticsearch built-in security features are not enabled. Without authentication, your cluster could be accessible to anyone. See https://www.elastic.co/guide/en/elasticsearch/reference/7.16/security-minimal-setup.html to enable security."],[299 Elasticsearch-7.16.1-5b38441b16b1ebb16a27c107a4c3865776e20c53 "[ignore_throttled] parameter is deprecated because frozen indices have been deprecated. Consider cold or frozen tiers in place of frozen indices."]
2023-08-04 12:58:22,310 INFO  [com.dot.ContainerResource] (docker-java-stream-1865446083) STDOUT: 12:58:22.309  WARN  client.RestClient - request [POST http://elasticsearch:9200/cluster_c40f8aa8c9.live_20230804125756/_search?typed_keys=true&max_concurrent_shard_requests=5&ignore_unavailable=false&expand_wildcards=open&allow_no_indices=true&ignore_throttled=true&search_type=query_then_fetch&batched_reduce_size=512&ccs_minimize_roundtrips=true] returned 2 warnings: [299 Elasticsearch-7.16.1-5b38441b16b1ebb16a27c107a4c3865776e20c53 "Elasticsearch built-in security features are not enabled. Without authentication, your cluster could be accessible to anyone. See https://www.elastic.co/guide/en/elasticsearch/reference/7.16/security-minimal-setup.html to enable security."],[299 Elasticsearch-7.16.1-5b38441b16b1ebb16a27c107a4c3865776e20c53 "[ignore_throttled] parameter is deprecated because frozen indices have been deprecated. Consider cold or frozen tiers in place of frozen indices."]
2023-08-04 12:58:22,313 INFO  [com.dot.ContainerResource] (docker-java-stream-1865446083) STDOUT: 12:58:22.312  WARN  client.RestClient - request [POST http://elasticsearch:9200/cluster_c40f8aa8c9.live_20230804125756/_search?typed_keys=true&max_concurrent_shard_requests=5&ignore_unavailable=false&expand_wildcards=open&allow_no_indices=true&ignore_throttled=true&search_type=query_then_fetch&batched_reduce_size=512&ccs_minimize_roundtrips=true] returned 2 warnings: [299 Elasticsearch-7.16.1-5b38441b16b1ebb16a27c107a4c3865776e20c53 "Elasticsearch built-in security features are not enabled. Without authentication, your cluster could be accessible to anyone. See https://www.elastic.co/guide/en/elasticsearch/reference/7.16/security-minimal-setup.html to enable security."],[299 Elasticsearch-7.16.1-5b38441b16b1ebb16a27c107a4c3865776e20c53 "[ignore_throttled] parameter is deprecated because frozen indices have been deprecated. Consider cold or frozen tiers in place of frozen indices."]
2023-08-04 12:58:22,315 INFO  [com.dot.ContainerResource] (docker-java-stream-1865446083) STDOUT: 12:58:22.315  WARN  client.RestClient - request [POST http://elasticsearch:9200/cluster_c40f8aa8c9.live_20230804125756/_search?typed_keys=true&max_concurrent_shard_requests=5&ignore_unavailable=false&expand_wildcards=open&allow_no_indices=true&ignore_throttled=true&search_type=query_then_fetch&batched_reduce_size=512&ccs_minimize_roundtrips=true] returned 2 warnings: [299 Elasticsearch-7.16.1-5b38441b16b1ebb16a27c107a4c3865776e20c53 "Elasticsearch built-in security features are not enabled. Without authentication, your cluster could be accessible to anyone. See https://www.elastic.co/guide/en/elasticsearch/reference/7.16/security-minimal-setup.html to enable security."],[299 Elasticsearch-7.16.1-5b38441b16b1ebb16a27c107a4c3865776e20c53 "[ignore_throttled] parameter is deprecated because frozen indices have been deprecated. Consider cold or frozen tiers in place of frozen indices."]
2023-08-04 12:58:22,319 INFO  [com.dot.ContainerResource] (docker-java-stream-1865446083) STDOUT: 12:58:22.318  WARN  client.RestClient - request [POST http://elasticsearch:9200/cluster_c40f8aa8c9.live_20230804125756/_search?typed_keys=true&max_concurrent_shard_requests=5&ignore_unavailable=false&expand_wildcards=open&allow_no_indices=true&ignore_throttled=true&search_type=query_then_fetch&batched_reduce_size=512&ccs_minimize_roundtrips=true] returned 2 warnings: [299 Elasticsearch-7.16.1-5b38441b16b1ebb16a27c107a4c3865776e20c53 "Elasticsearch built-in security features are not enabled. Without authentication, your cluster could be accessible to anyone. See https://www.elastic.co/guide/en/elasticsearch/reference/7.16/security-minimal-setup.html to enable security."],[299 Elasticsearch-7.16.1-5b38441b16b1ebb16a27c107a4c3865776e20c53 "[ignore_throttled] parameter is deprecated because frozen indices have been deprecated. Consider cold or frozen tiers in place of frozen indices."]
2023-08-04 12:58:22,321 INFO  [com.dot.ContainerResource] (docker-java-stream-1865446083) STDOUT: 12:58:22.321  WARN  client.RestClient - request [POST http://elasticsearch:9200/cluster_c40f8aa8c9.live_20230804125756/_search?typed_keys=true&max_concurrent_shard_requests=5&ignore_unavailable=false&expand_wildcards=open&allow_no_indices=true&ignore_throttled=true&search_type=query_then_fetch&batched_reduce_size=512&ccs_minimize_roundtrips=true] returned 2 warnings: [299 Elasticsearch-7.16.1-5b38441b16b1ebb16a27c107a4c3865776e20c53 "Elasticsearch built-in security features are not enabled. Without authentication, your cluster could be accessible to anyone. See https://www.elastic.co/guide/en/elasticsearch/reference/7.16/security-minimal-setup.html to enable security."],[299 Elasticsearch-7.16.1-5b38441b16b1ebb16a27c107a4c3865776e20c53 "[ignore_throttled] parameter is deprecated because frozen indices have been deprecated. Consider cold or frozen tiers in place of frozen indices."]
2023-08-04 12:58:22,325 INFO  [com.dot.ContainerResource] (docker-java-stream-1865446083) STDOUT: 12:58:22.324  WARN  client.RestClient - request [POST http://elasticsearch:9200/cluster_c40f8aa8c9.live_20230804125756/_search?typed_keys=true&max_concurrent_shard_requests=5&ignore_unavailable=false&expand_wildcards=open&allow_no_indices=true&ignore_throttled=true&search_type=query_then_fetch&batched_reduce_size=512&ccs_minimize_roundtrips=true] returned 2 warnings: [299 Elasticsearch-7.16.1-5b38441b16b1ebb16a27c107a4c3865776e20c53 "Elasticsearch built-in security features are not enabled. Without authentication, your cluster could be accessible to anyone. See https://www.elastic.co/guide/en/elasticsearch/reference/7.16/security-minimal-setup.html to enable security."],[299 Elasticsearch-7.16.1-5b38441b16b1ebb16a27c107a4c3865776e20c53 "[ignore_throttled] parameter is deprecated because frozen indices have been deprecated. Consider cold or frozen tiers in place of frozen indices."]
2023-08-04 12:58:22,334 INFO  [com.dot.ContainerResource] (docker-java-stream-1865446083) STDOUT: 12:58:22.332  WARN  client.RestClient - request [POST http://elasticsearch:9200/cluster_c40f8aa8c9.live_20230804125756/_search?typed_keys=true&max_concurrent_shard_requests=5&ignore_unavailable=false&expand_wildcards=open&allow_no_indices=true&ignore_throttled=true&search_type=query_then_fetch&batched_reduce_size=512&ccs_minimize_roundtrips=true] returned 2 warnings: [299 Elasticsearch-7.16.1-5b38441b16b1ebb16a27c107a4c3865776e20c53 "Elasticsearch built-in security features are not enabled. Without authentication, your cluster could be accessible to anyone. See https://www.elastic.co/guide/en/elasticsearch/reference/7.16/security-minimal-setup.html to enable security."],[299 Elasticsearch-7.16.1-5b38441b16b1ebb16a27c107a4c3865776e20c53 "[ignore_throttled] parameter is deprecated because frozen indices have been deprecated. Consider cold or frozen tiers in place of frozen indices."]
2023-08-04 12:58:22,338 INFO  [com.dot.ContainerResource] (docker-java-stream-1865446083) STDOUT: 12:58:22.337  WARN  client.RestClient - request [POST http://elasticsearch:9200/cluster_c40f8aa8c9.live_20230804125756/_search?typed_keys=true&max_concurrent_shard_requests=5&ignore_unavailable=false&expand_wildcards=open&allow_no_indices=true&ignore_throttled=true&search_type=query_then_fetch&batched_reduce_size=512&ccs_minimize_roundtrips=true] returned 2 warnings: [299 Elasticsearch-7.16.1-5b38441b16b1ebb16a27c107a4c3865776e20c53 "Elasticsearch built-in security features are not enabled. Without authentication, your cluster could be accessible to anyone. See https://www.elastic.co/guide/en/elasticsearch/reference/7.16/security-minimal-setup.html to enable security."],[299 Elasticsearch-7.16.1-5b38441b16b1ebb16a27c107a4c3865776e20c53 "[ignore_throttled] parameter is deprecated because frozen indices have been deprecated. Consider cold or frozen tiers in place of frozen indices."]
2023-08-04 12:58:22,346 INFO  [com.dot.ContainerResource] (docker-java-stream-1865446083) STDOUT: 12:58:22.345  WARN  client.RestClient - request [POST http://elasticsearch:9200/cluster_c40f8aa8c9.live_20230804125756/_search?typed_keys=true&max_concurrent_shard_requests=5&ignore_unavailable=false&expand_wildcards=open&allow_no_indices=true&ignore_throttled=true&search_type=query_then_fetch&batched_reduce_size=512&ccs_minimize_roundtrips=true] returned 2 warnings: [299 Elasticsearch-7.16.1-5b38441b16b1ebb16a27c107a4c3865776e20c53 "Elasticsearch built-in security features are not enabled. Without authentication, your cluster could be accessible to anyone. See https://www.elastic.co/guide/en/elasticsearch/reference/7.16/security-minimal-setup.html to enable security."],[299 Elasticsearch-7.16.1-5b38441b16b1ebb16a27c107a4c3865776e20c53 "[ignore_throttled] parameter is deprecated because frozen indices have been deprecated. Consider cold or frozen tiers in place of frozen indices."]
2023-08-04 12:58:22,361 INFO  [com.dot.ContainerResource] (docker-java-stream-1865446083) STDOUT: 12:58:22.354  WARN  client.RestClient - request [POST http://elasticsearch:9200/cluster_c40f8aa8c9.live_20230804125756/_search?typed_keys=true&max_concurrent_shard_requests=5&ignore_unavailable=false&expand_wildcards=open&allow_no_indices=true&ignore_throttled=true&search_type=query_then_fetch&batched_reduce_size=512&ccs_minimize_roundtrips=true] returned 2 warnings: [299 Elasticsearch-7.16.1-5b38441b16b1ebb16a27c107a4c3865776e20c53 "Elasticsearch built-in security features are not enabled. Without authentication, your cluster could be accessible to anyone. See https://www.elastic.co/guide/en/elasticsearch/reference/7.16/security-minimal-setup.html to enable security."],[299 Elasticsearch-7.16.1-5b38441b16b1ebb16a27c107a4c3865776e20c53 "[ignore_throttled] parameter is deprecated because frozen indices have been deprecated. Consider cold or frozen tiers in place of frozen indices."]
2023-08-04 12:58:22,361 INFO  [com.dot.ContainerResource] (docker-java-stream-1865446083) STDOUT: 12:58:22.358  WARN  client.RestClient - request [POST http://elasticsearch:9200/cluster_c40f8aa8c9.live_20230804125756/_search?typed_keys=true&max_concurrent_shard_requests=5&ignore_unavailable=false&expand_wildcards=open&allow_no_indices=true&ignore_throttled=true&search_type=query_then_fetch&batched_reduce_size=512&ccs_minimize_roundtrips=true] returned 2 warnings: [299 Elasticsearch-7.16.1-5b38441b16b1ebb16a27c107a4c3865776e20c53 "Elasticsearch built-in security features are not enabled. Without authentication, your cluster could be accessible to anyone. See https://www.elastic.co/guide/en/elasticsearch/reference/7.16/security-minimal-setup.html to enable security."],[299 Elasticsearch-7.16.1-5b38441b16b1ebb16a27c107a4c3865776e20c53 "[ignore_throttled] parameter is deprecated because frozen indices have been deprecated. Consider cold or frozen tiers in place of frozen indices."]
2023-08-04 12:58:22,376 INFO  [com.dot.ContainerResource] (docker-java-stream-1865446083) STDOUT: 12:58:22.369  WARN  client.RestClient - request [POST http://elasticsearch:9200/cluster_c40f8aa8c9.live_20230804125756/_search?typed_keys=true&max_concurrent_shard_requests=5&ignore_unavailable=false&expand_wildcards=open&allow_no_indices=true&ignore_throttled=true&search_type=query_then_fetch&batched_reduce_size=512&ccs_minimize_roundtrips=true] returned 2 warnings: [299 Elasticsearch-7.16.1-5b38441b16b1ebb16a27c107a4c3865776e20c53 "Elasticsearch built-in security features are not enabled. Without authentication, your cluster could be accessible to anyone. See https://www.elastic.co/guide/en/elasticsearch/reference/7.16/security-minimal-setup.html to enable security."],[299 Elasticsearch-7.16.1-5b38441b16b1ebb16a27c107a4c3865776e20c53 "[ignore_throttled] parameter is deprecated because frozen indices have been deprecated. Consider cold or frozen tiers in place of frozen indices."]
2023-08-04 12:58:22,377 INFO  [com.dot.ContainerResource] (docker-java-stream-1865446083) STDOUT: 12:58:22.373  WARN  client.RestClient - request [POST http://elasticsearch:9200/cluster_c40f8aa8c9.live_20230804125756/_search?typed_keys=true&max_concurrent_shard_requests=5&ignore_unavailable=false&expand_wildcards=open&allow_no_indices=true&ignore_throttled=true&search_type=query_then_fetch&batched_reduce_size=512&ccs_minimize_roundtrips=true] returned 2 warnings: [299 Elasticsearch-7.16.1-5b38441b16b1ebb16a27c107a4c3865776e20c53 "Elasticsearch built-in security features are not enabled. Without authentication, your cluster could be accessible to anyone. See https://www.elastic.co/guide/en/elasticsearch/reference/7.16/security-minimal-setup.html to enable security."],[299 Elasticsearch-7.16.1-5b38441b16b1ebb16a27c107a4c3865776e20c53 "[ignore_throttled] parameter is deprecated because frozen indices have been deprecated. Consider cold or frozen tiers in place of frozen indices."]
2023-08-04 12:58:22,379 INFO  [com.dot.ContainerResource] (docker-java-stream-1865446083) STDOUT: 12:58:22.378  WARN  client.RestClient - request [POST http://elasticsearch:9200/cluster_c40f8aa8c9.live_20230804125756/_search?typed_keys=true&max_concurrent_shard_requests=5&ignore_unavailable=false&expand_wildcards=open&allow_no_indices=true&ignore_throttled=true&search_type=query_then_fetch&batched_reduce_size=512&ccs_minimize_roundtrips=true] returned 2 warnings: [299 Elasticsearch-7.16.1-5b38441b16b1ebb16a27c107a4c3865776e20c53 "Elasticsearch built-in security features are not enabled. Without authentication, your cluster could be accessible to anyone. See https://www.elastic.co/guide/en/elasticsearch/reference/7.16/security-minimal-setup.html to enable security."],[299 Elasticsearch-7.16.1-5b38441b16b1ebb16a27c107a4c3865776e20c53 "[ignore_throttled] parameter is deprecated because frozen indices have been deprecated. Consider cold or frozen tiers in place of frozen indices."]
2023-08-04 12:58:22,386 INFO  [com.dot.ContainerResource] (docker-java-stream-1865446083) STDOUT: 12:58:22.385  WARN  client.RestClient - request [POST http://elasticsearch:9200/cluster_c40f8aa8c9.live_20230804125756/_search?typed_keys=true&max_concurrent_shard_requests=5&ignore_unavailable=false&expand_wildcards=open&allow_no_indices=true&ignore_throttled=true&search_type=query_then_fetch&batched_reduce_size=512&ccs_minimize_roundtrips=true] returned 2 warnings: [299 Elasticsearch-7.16.1-5b38441b16b1ebb16a27c107a4c3865776e20c53 "Elasticsearch built-in security features are not enabled. Without authentication, your cluster could be accessible to anyone. See https://www.elastic.co/guide/en/elasticsearch/reference/7.16/security-minimal-setup.html to enable security."],[299 Elasticsearch-7.16.1-5b38441b16b1ebb16a27c107a4c3865776e20c53 "[ignore_throttled] parameter is deprecated because frozen indices have been deprecated. Consider cold or frozen tiers in place of frozen indices."]
2023-08-04 12:58:22,393 INFO  [com.dot.ContainerResource] (docker-java-stream-1865446083) STDOUT: 12:58:22.392  WARN  client.RestClient - request [POST http://elasticsearch:9200/cluster_c40f8aa8c9.live_20230804125756/_search?typed_keys=true&max_concurrent_shard_requests=5&ignore_unavailable=false&expand_wildcards=open&allow_no_indices=true&ignore_throttled=true&search_type=query_then_fetch&batched_reduce_size=512&ccs_minimize_roundtrips=true] returned 2 warnings: [299 Elasticsearch-7.16.1-5b38441b16b1ebb16a27c107a4c3865776e20c53 "Elasticsearch built-in security features are not enabled. Without authentication, your cluster could be accessible to anyone. See https://www.elastic.co/guide/en/elasticsearch/reference/7.16/security-minimal-setup.html to enable security."],[299 Elasticsearch-7.16.1-5b38441b16b1ebb16a27c107a4c3865776e20c53 "[ignore_throttled] parameter is deprecated because frozen indices have been deprecated. Consider cold or frozen tiers in place of frozen indices."]
2023-08-04 12:58:22,396 INFO  [com.dot.ContainerResource] (docker-java-stream-1865446083) STDOUT: 12:58:22.396  WARN  client.RestClient - request [POST http://elasticsearch:9200/cluster_c40f8aa8c9.live_20230804125756/_search?typed_keys=true&max_concurrent_shard_requests=5&ignore_unavailable=false&expand_wildcards=open&allow_no_indices=true&ignore_throttled=true&search_type=query_then_fetch&batched_reduce_size=512&ccs_minimize_roundtrips=true] returned 2 warnings: [299 Elasticsearch-7.16.1-5b38441b16b1ebb16a27c107a4c3865776e20c53 "Elasticsearch built-in security features are not enabled. Without authentication, your cluster could be accessible to anyone. See https://www.elastic.co/guide/en/elasticsearch/reference/7.16/security-minimal-setup.html to enable security."],[299 Elasticsearch-7.16.1-5b38441b16b1ebb16a27c107a4c3865776e20c53 "[ignore_throttled] parameter is deprecated because frozen indices have been deprecated. Consider cold or frozen tiers in place of frozen indices."]
2023-08-04 12:58:22,405 INFO  [com.dot.ContainerResource] (docker-java-stream-1865446083) STDOUT: 12:58:22.405  WARN  client.RestClient - request [POST http://elasticsearch:9200/cluster_c40f8aa8c9.live_20230804125756/_search?typed_keys=true&max_concurrent_shard_requests=5&ignore_unavailable=false&expand_wildcards=open&allow_no_indices=true&ignore_throttled=true&search_type=query_then_fetch&batched_reduce_size=512&ccs_minimize_roundtrips=true] returned 2 warnings: [299 Elasticsearch-7.16.1-5b38441b16b1ebb16a27c107a4c3865776e20c53 "Elasticsearch built-in security features are not enabled. Without authentication, your cluster could be accessible to anyone. See https://www.elastic.co/guide/en/elasticsearch/reference/7.16/security-minimal-setup.html to enable security."],[299 Elasticsearch-7.16.1-5b38441b16b1ebb16a27c107a4c3865776e20c53 "[ignore_throttled] parameter is deprecated because frozen indices have been deprecated. Consider cold or frozen tiers in place of frozen indices."]
2023-08-04 12:58:22,412 INFO  [com.dot.ContainerResource] (docker-java-stream-1865446083) STDOUT: 12:58:22.411  WARN  client.RestClient - request [POST http://elasticsearch:9200/cluster_c40f8aa8c9.live_20230804125756/_search?typed_keys=true&max_concurrent_shard_requests=5&ignore_unavailable=false&expand_wildcards=open&allow_no_indices=true&ignore_throttled=true&search_type=query_then_fetch&batched_reduce_size=512&ccs_minimize_roundtrips=true] returned 2 warnings: [299 Elasticsearch-7.16.1-5b38441b16b1ebb16a27c107a4c3865776e20c53 "Elasticsearch built-in security features are not enabled. Without authentication, your cluster could be accessible to anyone. See https://www.elastic.co/guide/en/elasticsearch/reference/7.16/security-minimal-setup.html to enable security."],[299 Elasticsearch-7.16.1-5b38441b16b1ebb16a27c107a4c3865776e20c53 "[ignore_throttled] parameter is deprecated because frozen indices have been deprecated. Consider cold or frozen tiers in place of frozen indices."]
2023-08-04 12:58:22,416 INFO  [com.dot.ContainerResource] (docker-java-stream-1865446083) STDOUT: 12:58:22.416  WARN  client.RestClient - request [POST http://elasticsearch:9200/cluster_c40f8aa8c9.live_20230804125756/_search?typed_keys=true&max_concurrent_shard_requests=5&ignore_unavailable=false&expand_wildcards=open&allow_no_indices=true&ignore_throttled=true&search_type=query_then_fetch&batched_reduce_size=512&ccs_minimize_roundtrips=true] returned 2 warnings: [299 Elasticsearch-7.16.1-5b38441b16b1ebb16a27c107a4c3865776e20c53 "Elasticsearch built-in security features are not enabled. Without authentication, your cluster could be accessible to anyone. See https://www.elastic.co/guide/en/elasticsearch/reference/7.16/security-minimal-setup.html to enable security."],[299 Elasticsearch-7.16.1-5b38441b16b1ebb16a27c107a4c3865776e20c53 "[ignore_throttled] parameter is deprecated because frozen indices have been deprecated. Consider cold or frozen tiers in place of frozen indices."]
2023-08-04 12:58:22,422 INFO  [com.dot.ContainerResource] (docker-java-stream-1865446083) STDOUT: 12:58:22.421  WARN  client.RestClient - request [POST http://elasticsearch:9200/cluster_c40f8aa8c9.live_20230804125756/_search?typed_keys=true&max_concurrent_shard_requests=5&ignore_unavailable=false&expand_wildcards=open&allow_no_indices=true&ignore_throttled=true&search_type=query_then_fetch&batched_reduce_size=512&ccs_minimize_roundtrips=true] returned 2 warnings: [299 Elasticsearch-7.16.1-5b38441b16b1ebb16a27c107a4c3865776e20c53 "Elasticsearch built-in security features are not enabled. Without authentication, your cluster could be accessible to anyone. See https://www.elastic.co/guide/en/elasticsearch/reference/7.16/security-minimal-setup.html to enable security."],[299 Elasticsearch-7.16.1-5b38441b16b1ebb16a27c107a4c3865776e20c53 "[ignore_throttled] parameter is deprecated because frozen indices have been deprecated. Consider cold or frozen tiers in place of frozen indices."]
2023-08-04 12:58:22,426 INFO  [com.dot.ContainerResource] (docker-java-stream-1865446083) STDOUT: 12:58:22.426  WARN  client.RestClient - request [POST http://elasticsearch:9200/cluster_c40f8aa8c9.live_20230804125756/_search?typed_keys=true&max_concurrent_shard_requests=5&ignore_unavailable=false&expand_wildcards=open&allow_no_indices=true&ignore_throttled=true&search_type=query_then_fetch&batched_reduce_size=512&ccs_minimize_roundtrips=true] returned 2 warnings: [299 Elasticsearch-7.16.1-5b38441b16b1ebb16a27c107a4c3865776e20c53 "Elasticsearch built-in security features are not enabled. Without authentication, your cluster could be accessible to anyone. See https://www.elastic.co/guide/en/elasticsearch/reference/7.16/security-minimal-setup.html to enable security."],[299 Elasticsearch-7.16.1-5b38441b16b1ebb16a27c107a4c3865776e20c53 "[ignore_throttled] parameter is deprecated because frozen indices have been deprecated. Consider cold or frozen tiers in place of frozen indices."]
2023-08-04 12:58:22,431 INFO  [com.dot.ContainerResource] (docker-java-stream-1865446083) STDOUT: 12:58:22.430  WARN  client.RestClient - request [POST http://elasticsearch:9200/cluster_c40f8aa8c9.live_20230804125756/_search?typed_keys=true&max_concurrent_shard_requests=5&ignore_unavailable=false&expand_wildcards=open&allow_no_indices=true&ignore_throttled=true&search_type=query_then_fetch&batched_reduce_size=512&ccs_minimize_roundtrips=true] returned 2 warnings: [299 Elasticsearch-7.16.1-5b38441b16b1ebb16a27c107a4c3865776e20c53 "Elasticsearch built-in security features are not enabled. Without authentication, your cluster could be accessible to anyone. See https://www.elastic.co/guide/en/elasticsearch/reference/7.16/security-minimal-setup.html to enable security."],[299 Elasticsearch-7.16.1-5b38441b16b1ebb16a27c107a4c3865776e20c53 "[ignore_throttled] parameter is deprecated because frozen indices have been deprecated. Consider cold or frozen tiers in place of frozen indices."]
2023-08-04 12:58:22,435 INFO  [com.dot.ContainerResource] (docker-java-stream-1865446083) STDOUT: 12:58:22.435  WARN  client.RestClient - request [POST http://elasticsearch:9200/cluster_c40f8aa8c9.live_20230804125756/_search?typed_keys=true&max_concurrent_shard_requests=5&ignore_unavailable=false&expand_wildcards=open&allow_no_indices=true&ignore_throttled=true&search_type=query_then_fetch&batched_reduce_size=512&ccs_minimize_roundtrips=true] returned 2 warnings: [299 Elasticsearch-7.16.1-5b38441b16b1ebb16a27c107a4c3865776e20c53 "Elasticsearch built-in security features are not enabled. Without authentication, your cluster could be accessible to anyone. See https://www.elastic.co/guide/en/elasticsearch/reference/7.16/security-minimal-setup.html to enable security."],[299 Elasticsearch-7.16.1-5b38441b16b1ebb16a27c107a4c3865776e20c53 "[ignore_throttled] parameter is deprecated because frozen indices have been deprecated. Consider cold or frozen tiers in place of frozen indices."]
2023-08-04 12:58:22,439 INFO  [com.dot.ContainerResource] (docker-java-stream-1865446083) STDOUT: 12:58:22.439  WARN  client.RestClient - request [POST http://elasticsearch:9200/cluster_c40f8aa8c9.live_20230804125756/_search?typed_keys=true&max_concurrent_shard_requests=5&ignore_unavailable=false&expand_wildcards=open&allow_no_indices=true&ignore_throttled=true&search_type=query_then_fetch&batched_reduce_size=512&ccs_minimize_roundtrips=true] returned 2 warnings: [299 Elasticsearch-7.16.1-5b38441b16b1ebb16a27c107a4c3865776e20c53 "Elasticsearch built-in security features are not enabled. Without authentication, your cluster could be accessible to anyone. See https://www.elastic.co/guide/en/elasticsearch/reference/7.16/security-minimal-setup.html to enable security."],[299 Elasticsearch-7.16.1-5b38441b16b1ebb16a27c107a4c3865776e20c53 "[ignore_throttled] parameter is deprecated because frozen indices have been deprecated. Consider cold or frozen tiers in place of frozen indices."]
2023-08-04 12:58:22,443 INFO  [com.dot.ContainerResource] (docker-java-stream-1865446083) STDOUT: 12:58:22.442  WARN  client.RestClient - request [POST http://elasticsearch:9200/cluster_c40f8aa8c9.live_20230804125756/_search?typed_keys=true&max_concurrent_shard_requests=5&ignore_unavailable=false&expand_wildcards=open&allow_no_indices=true&ignore_throttled=true&search_type=query_then_fetch&batched_reduce_size=512&ccs_minimize_roundtrips=true] returned 2 warnings: [299 Elasticsearch-7.16.1-5b38441b16b1ebb16a27c107a4c3865776e20c53 "Elasticsearch built-in security features are not enabled. Without authentication, your cluster could be accessible to anyone. See https://www.elastic.co/guide/en/elasticsearch/reference/7.16/security-minimal-setup.html to enable security."],[299 Elasticsearch-7.16.1-5b38441b16b1ebb16a27c107a4c3865776e20c53 "[ignore_throttled] parameter is deprecated because frozen indices have been deprecated. Consider cold or frozen tiers in place of frozen indices."]
2023-08-04 12:58:22,447 INFO  [com.dot.ContainerResource] (docker-java-stream-1865446083) STDOUT: 12:58:22.446  WARN  client.RestClient - request [POST http://elasticsearch:9200/cluster_c40f8aa8c9.live_20230804125756/_search?typed_keys=true&max_concurrent_shard_requests=5&ignore_unavailable=false&expand_wildcards=open&allow_no_indices=true&ignore_throttled=true&search_type=query_then_fetch&batched_reduce_size=512&ccs_minimize_roundtrips=true] returned 2 warnings: [299 Elasticsearch-7.16.1-5b38441b16b1ebb16a27c107a4c3865776e20c53 "Elasticsearch built-in security features are not enabled. Without authentication, your cluster could be accessible to anyone. See https://www.elastic.co/guide/en/elasticsearch/reference/7.16/security-minimal-setup.html to enable security."],[299 Elasticsearch-7.16.1-5b38441b16b1ebb16a27c107a4c3865776e20c53 "[ignore_throttled] parameter is deprecated because frozen indices have been deprecated. Consider cold or frozen tiers in place of frozen indices."]
2023-08-04 12:58:22,460 INFO  [com.dot.ContainerResource] (docker-java-stream-1865446083) STDOUT: 12:58:22.455  WARN  client.RestClient - request [POST http://elasticsearch:9200/cluster_c40f8aa8c9.live_20230804125756/_search?typed_keys=true&max_concurrent_shard_requests=5&ignore_unavailable=false&expand_wildcards=open&allow_no_indices=true&ignore_throttled=true&search_type=query_then_fetch&batched_reduce_size=512&ccs_minimize_roundtrips=true] returned 2 warnings: [299 Elasticsearch-7.16.1-5b38441b16b1ebb16a27c107a4c3865776e20c53 "Elasticsearch built-in security features are not enabled. Without authentication, your cluster could be accessible to anyone. See https://www.elastic.co/guide/en/elasticsearch/reference/7.16/security-minimal-setup.html to enable security."],[299 Elasticsearch-7.16.1-5b38441b16b1ebb16a27c107a4c3865776e20c53 "[ignore_throttled] parameter is deprecated because frozen indices have been deprecated. Consider cold or frozen tiers in place of frozen indices."]
2023-08-04 12:58:22,460 INFO  [com.dot.ContainerResource] (docker-java-stream-1865446083) STDOUT: 12:58:22.458  WARN  client.RestClient - request [POST http://elasticsearch:9200/cluster_c40f8aa8c9.live_20230804125756/_search?typed_keys=true&max_concurrent_shard_requests=5&ignore_unavailable=false&expand_wildcards=open&allow_no_indices=true&ignore_throttled=true&search_type=query_then_fetch&batched_reduce_size=512&ccs_minimize_roundtrips=true] returned 2 warnings: [299 Elasticsearch-7.16.1-5b38441b16b1ebb16a27c107a4c3865776e20c53 "Elasticsearch built-in security features are not enabled. Without authentication, your cluster could be accessible to anyone. See https://www.elastic.co/guide/en/elasticsearch/reference/7.16/security-minimal-setup.html to enable security."],[299 Elasticsearch-7.16.1-5b38441b16b1ebb16a27c107a4c3865776e20c53 "[ignore_throttled] parameter is deprecated because frozen indices have been deprecated. Consider cold or frozen tiers in place of frozen indices."]
2023-08-04 12:58:22,468 INFO  [com.dot.ContainerResource] (docker-java-stream-1865446083) STDOUT: 12:58:22.465  WARN  client.RestClient - request [POST http://elasticsearch:9200/cluster_c40f8aa8c9.live_20230804125756/_search?typed_keys=true&max_concurrent_shard_requests=5&ignore_unavailable=false&expand_wildcards=open&allow_no_indices=true&ignore_throttled=true&search_type=query_then_fetch&batched_reduce_size=512&ccs_minimize_roundtrips=true] returned 2 warnings: [299 Elasticsearch-7.16.1-5b38441b16b1ebb16a27c107a4c3865776e20c53 "Elasticsearch built-in security features are not enabled. Without authentication, your cluster could be accessible to anyone. See https://www.elastic.co/guide/en/elasticsearch/reference/7.16/security-minimal-setup.html to enable security."],[299 Elasticsearch-7.16.1-5b38441b16b1ebb16a27c107a4c3865776e20c53 "[ignore_throttled] parameter is deprecated because frozen indices have been deprecated. Consider cold or frozen tiers in place of frozen indices."]
2023-08-04 12:58:22,474 INFO  [com.dot.ContainerResource] (docker-java-stream-1865446083) STDOUT: 12:58:22.472  WARN  client.RestClient - request [POST http://elasticsearch:9200/cluster_c40f8aa8c9.live_20230804125756/_search?typed_keys=true&max_concurrent_shard_requests=5&ignore_unavailable=false&expand_wildcards=open&allow_no_indices=true&ignore_throttled=true&search_type=query_then_fetch&batched_reduce_size=512&ccs_minimize_roundtrips=true] returned 2 warnings: [299 Elasticsearch-7.16.1-5b38441b16b1ebb16a27c107a4c3865776e20c53 "Elasticsearch built-in security features are not enabled. Without authentication, your cluster could be accessible to anyone. See https://www.elastic.co/guide/en/elasticsearch/reference/7.16/security-minimal-setup.html to enable security."],[299 Elasticsearch-7.16.1-5b38441b16b1ebb16a27c107a4c3865776e20c53 "[ignore_throttled] parameter is deprecated because frozen indices have been deprecated. Consider cold or frozen tiers in place of frozen indices."]
2023-08-04 12:58:22,492 INFO  [com.dot.ContainerResource] (docker-java-stream-1865446083) STDOUT: 12:58:22.490  WARN  client.RestClient - request [POST http://elasticsearch:9200/cluster_c40f8aa8c9.live_20230804125756/_search?typed_keys=true&max_concurrent_shard_requests=5&ignore_unavailable=false&expand_wildcards=open&allow_no_indices=true&ignore_throttled=true&search_type=query_then_fetch&batched_reduce_size=512&ccs_minimize_roundtrips=true] returned 2 warnings: [299 Elasticsearch-7.16.1-5b38441b16b1ebb16a27c107a4c3865776e20c53 "Elasticsearch built-in security features are not enabled. Without authentication, your cluster could be accessible to anyone. See https://www.elastic.co/guide/en/elasticsearch/reference/7.16/security-minimal-setup.html to enable security."],[299 Elasticsearch-7.16.1-5b38441b16b1ebb16a27c107a4c3865776e20c53 "[ignore_throttled] parameter is deprecated because frozen indices have been deprecated. Consider cold or frozen tiers in place of frozen indices."]
2023-08-04 12:58:22,500 INFO  [com.dot.ContainerResource] (docker-java-stream-1865446083) STDOUT: 12:58:22.499  WARN  client.RestClient - request [POST http://elasticsearch:9200/cluster_c40f8aa8c9.live_20230804125756/_search?typed_keys=true&max_concurrent_shard_requests=5&ignore_unavailable=false&expand_wildcards=open&allow_no_indices=true&ignore_throttled=true&search_type=query_then_fetch&batched_reduce_size=512&ccs_minimize_roundtrips=true] returned 2 warnings: [299 Elasticsearch-7.16.1-5b38441b16b1ebb16a27c107a4c3865776e20c53 "Elasticsearch built-in security features are not enabled. Without authentication, your cluster could be accessible to anyone. See https://www.elastic.co/guide/en/elasticsearch/reference/7.16/security-minimal-setup.html to enable security."],[299 Elasticsearch-7.16.1-5b38441b16b1ebb16a27c107a4c3865776e20c53 "[ignore_throttled] parameter is deprecated because frozen indices have been deprecated. Consider cold or frozen tiers in place of frozen indices."]
2023-08-04 12:58:22,504 INFO  [com.dot.ContainerResource] (docker-java-stream-1865446083) STDOUT: 12:58:22.504  WARN  client.RestClient - request [POST http://elasticsearch:9200/cluster_c40f8aa8c9.live_20230804125756/_search?typed_keys=true&max_concurrent_shard_requests=5&ignore_unavailable=false&expand_wildcards=open&allow_no_indices=true&ignore_throttled=true&search_type=query_then_fetch&batched_reduce_size=512&ccs_minimize_roundtrips=true] returned 2 warnings: [299 Elasticsearch-7.16.1-5b38441b16b1ebb16a27c107a4c3865776e20c53 "Elasticsearch built-in security features are not enabled. Without authentication, your cluster could be accessible to anyone. See https://www.elastic.co/guide/en/elasticsearch/reference/7.16/security-minimal-setup.html to enable security."],[299 Elasticsearch-7.16.1-5b38441b16b1ebb16a27c107a4c3865776e20c53 "[ignore_throttled] parameter is deprecated because frozen indices have been deprecated. Consider cold or frozen tiers in place of frozen indices."]
2023-08-04 12:58:22,510 INFO  [com.dot.ContainerResource] (docker-java-stream-1865446083) STDOUT: 12:58:22.510  WARN  client.RestClient - request [POST http://elasticsearch:9200/cluster_c40f8aa8c9.live_20230804125756/_search?typed_keys=true&max_concurrent_shard_requests=5&ignore_unavailable=false&expand_wildcards=open&allow_no_indices=true&ignore_throttled=true&search_type=query_then_fetch&batched_reduce_size=512&ccs_minimize_roundtrips=true] returned 2 warnings: [299 Elasticsearch-7.16.1-5b38441b16b1ebb16a27c107a4c3865776e20c53 "Elasticsearch built-in security features are not enabled. Without authentication, your cluster could be accessible to anyone. See https://www.elastic.co/guide/en/elasticsearch/reference/7.16/security-minimal-setup.html to enable security."],[299 Elasticsearch-7.16.1-5b38441b16b1ebb16a27c107a4c3865776e20c53 "[ignore_throttled] parameter is deprecated because frozen indices have been deprecated. Consider cold or frozen tiers in place of frozen indices."]
2023-08-04 12:58:22,515 INFO  [com.dot.ContainerResource] (docker-java-stream-1865446083) STDOUT: 12:58:22.514  WARN  client.RestClient - request [POST http://elasticsearch:9200/cluster_c40f8aa8c9.live_20230804125756/_search?typed_keys=true&max_concurrent_shard_requests=5&ignore_unavailable=false&expand_wildcards=open&allow_no_indices=true&ignore_throttled=true&search_type=query_then_fetch&batched_reduce_size=512&ccs_minimize_roundtrips=true] returned 2 warnings: [299 Elasticsearch-7.16.1-5b38441b16b1ebb16a27c107a4c3865776e20c53 "Elasticsearch built-in security features are not enabled. Without authentication, your cluster could be accessible to anyone. See https://www.elastic.co/guide/en/elasticsearch/reference/7.16/security-minimal-setup.html to enable security."],[299 Elasticsearch-7.16.1-5b38441b16b1ebb16a27c107a4c3865776e20c53 "[ignore_throttled] parameter is deprecated because frozen indices have been deprecated. Consider cold or frozen tiers in place of frozen indices."]
2023-08-04 12:58:22,518 INFO  [com.dot.ContainerResource] (docker-java-stream-1865446083) STDOUT: 12:58:22.518  WARN  client.RestClient - request [POST http://elasticsearch:9200/cluster_c40f8aa8c9.live_20230804125756/_search?typed_keys=true&max_concurrent_shard_requests=5&ignore_unavailable=false&expand_wildcards=open&allow_no_indices=true&ignore_throttled=true&search_type=query_then_fetch&batched_reduce_size=512&ccs_minimize_roundtrips=true] returned 2 warnings: [299 Elasticsearch-7.16.1-5b38441b16b1ebb16a27c107a4c3865776e20c53 "Elasticsearch built-in security features are not enabled. Without authentication, your cluster could be accessible to anyone. See https://www.elastic.co/guide/en/elasticsearch/reference/7.16/security-minimal-setup.html to enable security."],[299 Elasticsearch-7.16.1-5b38441b16b1ebb16a27c107a4c3865776e20c53 "[ignore_throttled] parameter is deprecated because frozen indices have been deprecated. Consider cold or frozen tiers in place of frozen indices."]
2023-08-04 12:58:22,522 INFO  [com.dot.ContainerResource] (docker-java-stream-1865446083) STDOUT: 12:58:22.522  WARN  client.RestClient - request [POST http://elasticsearch:9200/cluster_c40f8aa8c9.live_20230804125756/_search?typed_keys=true&max_concurrent_shard_requests=5&ignore_unavailable=false&expand_wildcards=open&allow_no_indices=true&ignore_throttled=true&search_type=query_then_fetch&batched_reduce_size=512&ccs_minimize_roundtrips=true] returned 2 warnings: [299 Elasticsearch-7.16.1-5b38441b16b1ebb16a27c107a4c3865776e20c53 "Elasticsearch built-in security features are not enabled. Without authentication, your cluster could be accessible to anyone. See https://www.elastic.co/guide/en/elasticsearch/reference/7.16/security-minimal-setup.html to enable security."],[299 Elasticsearch-7.16.1-5b38441b16b1ebb16a27c107a4c3865776e20c53 "[ignore_throttled] parameter is deprecated because frozen indices have been deprecated. Consider cold or frozen tiers in place of frozen indices."]
2023-08-04 12:58:22,530 INFO  [com.dot.ContainerResource] (docker-java-stream-1865446083) STDOUT: 12:58:22.530  WARN  client.RestClient - request [POST http://elasticsearch:9200/cluster_c40f8aa8c9.live_20230804125756/_search?typed_keys=true&max_concurrent_shard_requests=5&ignore_unavailable=false&expand_wildcards=open&allow_no_indices=true&ignore_throttled=true&search_type=query_then_fetch&batched_reduce_size=512&ccs_minimize_roundtrips=true] returned 2 warnings: [299 Elasticsearch-7.16.1-5b38441b16b1ebb16a27c107a4c3865776e20c53 "Elasticsearch built-in security features are not enabled. Without authentication, your cluster could be accessible to anyone. See https://www.elastic.co/guide/en/elasticsearch/reference/7.16/security-minimal-setup.html to enable security."],[299 Elasticsearch-7.16.1-5b38441b16b1ebb16a27c107a4c3865776e20c53 "[ignore_throttled] parameter is deprecated because frozen indices have been deprecated. Consider cold or frozen tiers in place of frozen indices."]
2023-08-04 12:58:22,546 INFO  [com.dot.ContainerResource] (docker-java-stream-1865446083) STDOUT: 12:58:22.544  WARN  client.RestClient - request [POST http://elasticsearch:9200/cluster_c40f8aa8c9.live_20230804125756/_search?typed_keys=true&max_concurrent_shard_requests=5&ignore_unavailable=false&expand_wildcards=open&allow_no_indices=true&ignore_throttled=true&search_type=query_then_fetch&batched_reduce_size=512&ccs_minimize_roundtrips=true] returned 2 warnings: [299 Elasticsearch-7.16.1-5b38441b16b1ebb16a27c107a4c3865776e20c53 "Elasticsearch built-in security features are not enabled. Without authentication, your cluster could be accessible to anyone. See https://www.elastic.co/guide/en/elasticsearch/reference/7.16/security-minimal-setup.html to enable security."],[299 Elasticsearch-7.16.1-5b38441b16b1ebb16a27c107a4c3865776e20c53 "[ignore_throttled] parameter is deprecated because frozen indices have been deprecated. Consider cold or frozen tiers in place of frozen indices."]
2023-08-04 12:58:22,554 INFO  [com.dot.ContainerResource] (docker-java-stream-1865446083) STDOUT: 12:58:22.552  WARN  client.RestClient - request [POST http://elasticsearch:9200/cluster_c40f8aa8c9.live_20230804125756/_search?typed_keys=true&max_concurrent_shard_requests=5&ignore_unavailable=false&expand_wildcards=open&allow_no_indices=true&ignore_throttled=true&search_type=query_then_fetch&batched_reduce_size=512&ccs_minimize_roundtrips=true] returned 2 warnings: [299 Elasticsearch-7.16.1-5b38441b16b1ebb16a27c107a4c3865776e20c53 "Elasticsearch built-in security features are not enabled. Without authentication, your cluster could be accessible to anyone. See https://www.elastic.co/guide/en/elasticsearch/reference/7.16/security-minimal-setup.html to enable security."],[299 Elasticsearch-7.16.1-5b38441b16b1ebb16a27c107a4c3865776e20c53 "[ignore_throttled] parameter is deprecated because frozen indices have been deprecated. Consider cold or frozen tiers in place of frozen indices."]
2023-08-04 12:58:22,560 INFO  [com.dot.ContainerResource] (docker-java-stream-1865446083) STDOUT: 12:58:22.559  WARN  client.RestClient - request [POST http://elasticsearch:9200/cluster_c40f8aa8c9.live_20230804125756/_search?typed_keys=true&max_concurrent_shard_requests=5&ignore_unavailable=false&expand_wildcards=open&allow_no_indices=true&ignore_throttled=true&search_type=query_then_fetch&batched_reduce_size=512&ccs_minimize_roundtrips=true] returned 2 warnings: [299 Elasticsearch-7.16.1-5b38441b16b1ebb16a27c107a4c3865776e20c53 "Elasticsearch built-in security features are not enabled. Without authentication, your cluster could be accessible to anyone. See https://www.elastic.co/guide/en/elasticsearch/reference/7.16/security-minimal-setup.html to enable security."],[299 Elasticsearch-7.16.1-5b38441b16b1ebb16a27c107a4c3865776e20c53 "[ignore_throttled] parameter is deprecated because frozen indices have been deprecated. Consider cold or frozen tiers in place of frozen indices."]
2023-08-04 12:58:22,564 INFO  [com.dot.ContainerResource] (docker-java-stream-1865446083) STDOUT: 12:58:22.562  WARN  client.RestClient - request [POST http://elasticsearch:9200/cluster_c40f8aa8c9.live_20230804125756/_search?typed_keys=true&max_concurrent_shard_requests=5&ignore_unavailable=false&expand_wildcards=open&allow_no_indices=true&ignore_throttled=true&search_type=query_then_fetch&batched_reduce_size=512&ccs_minimize_roundtrips=true] returned 2 warnings: [299 Elasticsearch-7.16.1-5b38441b16b1ebb16a27c107a4c3865776e20c53 "Elasticsearch built-in security features are not enabled. Without authentication, your cluster could be accessible to anyone. See https://www.elastic.co/guide/en/elasticsearch/reference/7.16/security-minimal-setup.html to enable security."],[299 Elasticsearch-7.16.1-5b38441b16b1ebb16a27c107a4c3865776e20c53 "[ignore_throttled] parameter is deprecated because frozen indices have been deprecated. Consider cold or frozen tiers in place of frozen indices."]
2023-08-04 12:58:22,570 INFO  [com.dot.ContainerResource] (docker-java-stream-1865446083) STDOUT: 12:58:22.568  WARN  client.RestClient - request [POST http://elasticsearch:9200/cluster_c40f8aa8c9.live_20230804125756/_search?typed_keys=true&max_concurrent_shard_requests=5&ignore_unavailable=false&expand_wildcards=open&allow_no_indices=true&ignore_throttled=true&search_type=query_then_fetch&batched_reduce_size=512&ccs_minimize_roundtrips=true] returned 2 warnings: [299 Elasticsearch-7.16.1-5b38441b16b1ebb16a27c107a4c3865776e20c53 "Elasticsearch built-in security features are not enabled. Without authentication, your cluster could be accessible to anyone. See https://www.elastic.co/guide/en/elasticsearch/reference/7.16/security-minimal-setup.html to enable security."],[299 Elasticsearch-7.16.1-5b38441b16b1ebb16a27c107a4c3865776e20c53 "[ignore_throttled] parameter is deprecated because frozen indices have been deprecated. Consider cold or frozen tiers in place of frozen indices."]
2023-08-04 12:58:22,576 INFO  [com.dot.ContainerResource] (docker-java-stream-1865446083) STDOUT: 12:58:22.574  WARN  client.RestClient - request [POST http://elasticsearch:9200/cluster_c40f8aa8c9.live_20230804125756/_search?typed_keys=true&max_concurrent_shard_requests=5&ignore_unavailable=false&expand_wildcards=open&allow_no_indices=true&ignore_throttled=true&search_type=query_then_fetch&batched_reduce_size=512&ccs_minimize_roundtrips=true] returned 2 warnings: [299 Elasticsearch-7.16.1-5b38441b16b1ebb16a27c107a4c3865776e20c53 "Elasticsearch built-in security features are not enabled. Without authentication, your cluster could be accessible to anyone. See https://www.elastic.co/guide/en/elasticsearch/reference/7.16/security-minimal-setup.html to enable security."],[299 Elasticsearch-7.16.1-5b38441b16b1ebb16a27c107a4c3865776e20c53 "[ignore_throttled] parameter is deprecated because frozen indices have been deprecated. Consider cold or frozen tiers in place of frozen indices."]
2023-08-04 12:58:22,581 INFO  [com.dot.ContainerResource] (docker-java-stream-1865446083) STDOUT: 12:58:22.579  WARN  client.RestClient - request [POST http://elasticsearch:9200/cluster_c40f8aa8c9.live_20230804125756/_search?typed_keys=true&max_concurrent_shard_requests=5&ignore_unavailable=false&expand_wildcards=open&allow_no_indices=true&ignore_throttled=true&search_type=query_then_fetch&batched_reduce_size=512&ccs_minimize_roundtrips=true] returned 2 warnings: [299 Elasticsearch-7.16.1-5b38441b16b1ebb16a27c107a4c3865776e20c53 "Elasticsearch built-in security features are not enabled. Without authentication, your cluster could be accessible to anyone. See https://www.elastic.co/guide/en/elasticsearch/reference/7.16/security-minimal-setup.html to enable security."],[299 Elasticsearch-7.16.1-5b38441b16b1ebb16a27c107a4c3865776e20c53 "[ignore_throttled] parameter is deprecated because frozen indices have been deprecated. Consider cold or frozen tiers in place of frozen indices."]
2023-08-04 12:58:22,584 INFO  [com.dot.ContainerResource] (docker-java-stream-1865446083) STDOUT: 12:58:22.583  WARN  client.RestClient - request [POST http://elasticsearch:9200/cluster_c40f8aa8c9.live_20230804125756/_search?typed_keys=true&max_concurrent_shard_requests=5&ignore_unavailable=false&expand_wildcards=open&allow_no_indices=true&ignore_throttled=true&search_type=query_then_fetch&batched_reduce_size=512&ccs_minimize_roundtrips=true] returned 2 warnings: [299 Elasticsearch-7.16.1-5b38441b16b1ebb16a27c107a4c3865776e20c53 "Elasticsearch built-in security features are not enabled. Without authentication, your cluster could be accessible to anyone. See https://www.elastic.co/guide/en/elasticsearch/reference/7.16/security-minimal-setup.html to enable security."],[299 Elasticsearch-7.16.1-5b38441b16b1ebb16a27c107a4c3865776e20c53 "[ignore_throttled] parameter is deprecated because frozen indices have been deprecated. Consider cold or frozen tiers in place of frozen indices."]
2023-08-04 12:58:22,587 INFO  [com.dot.ContainerResource] (docker-java-stream-1865446083) STDOUT: 12:58:22.586  WARN  client.RestClient - request [POST http://elasticsearch:9200/cluster_c40f8aa8c9.live_20230804125756/_search?typed_keys=true&max_concurrent_shard_requests=5&ignore_unavailable=false&expand_wildcards=open&allow_no_indices=true&ignore_throttled=true&search_type=query_then_fetch&batched_reduce_size=512&ccs_minimize_roundtrips=true] returned 2 warnings: [299 Elasticsearch-7.16.1-5b38441b16b1ebb16a27c107a4c3865776e20c53 "Elasticsearch built-in security features are not enabled. Without authentication, your cluster could be accessible to anyone. See https://www.elastic.co/guide/en/elasticsearch/reference/7.16/security-minimal-setup.html to enable security."],[299 Elasticsearch-7.16.1-5b38441b16b1ebb16a27c107a4c3865776e20c53 "[ignore_throttled] parameter is deprecated because frozen indices have been deprecated. Consider cold or frozen tiers in place of frozen indices."]
2023-08-04 12:58:22,591 INFO  [com.dot.ContainerResource] (docker-java-stream-1865446083) STDOUT: 12:58:22.591  WARN  client.RestClient - request [POST http://elasticsearch:9200/cluster_c40f8aa8c9.live_20230804125756/_search?typed_keys=true&max_concurrent_shard_requests=5&ignore_unavailable=false&expand_wildcards=open&allow_no_indices=true&ignore_throttled=true&search_type=query_then_fetch&batched_reduce_size=512&ccs_minimize_roundtrips=true] returned 2 warnings: [299 Elasticsearch-7.16.1-5b38441b16b1ebb16a27c107a4c3865776e20c53 "Elasticsearch built-in security features are not enabled. Without authentication, your cluster could be accessible to anyone. See https://www.elastic.co/guide/en/elasticsearch/reference/7.16/security-minimal-setup.html to enable security."],[299 Elasticsearch-7.16.1-5b38441b16b1ebb16a27c107a4c3865776e20c53 "[ignore_throttled] parameter is deprecated because frozen indices have been deprecated. Consider cold or frozen tiers in place of frozen indices."]
2023-08-04 12:58:22,595 INFO  [com.dot.ContainerResource] (docker-java-stream-1865446083) STDOUT: 12:58:22.595  WARN  client.RestClient - request [POST http://elasticsearch:9200/cluster_c40f8aa8c9.live_20230804125756/_search?typed_keys=true&max_concurrent_shard_requests=5&ignore_unavailable=false&expand_wildcards=open&allow_no_indices=true&ignore_throttled=true&search_type=query_then_fetch&batched_reduce_size=512&ccs_minimize_roundtrips=true] returned 2 warnings: [299 Elasticsearch-7.16.1-5b38441b16b1ebb16a27c107a4c3865776e20c53 "Elasticsearch built-in security features are not enabled. Without authentication, your cluster could be accessible to anyone. See https://www.elastic.co/guide/en/elasticsearch/reference/7.16/security-minimal-setup.html to enable security."],[299 Elasticsearch-7.16.1-5b38441b16b1ebb16a27c107a4c3865776e20c53 "[ignore_throttled] parameter is deprecated because frozen indices have been deprecated. Consider cold or frozen tiers in place of frozen indices."]
2023-08-04 12:58:22,606 INFO  [com.dot.ContainerResource] (docker-java-stream-1865446083) STDOUT: 12:58:22.605  WARN  client.RestClient - request [POST http://elasticsearch:9200/cluster_c40f8aa8c9.live_20230804125756/_search?typed_keys=true&max_concurrent_shard_requests=5&ignore_unavailable=false&expand_wildcards=open&allow_no_indices=true&ignore_throttled=true&search_type=query_then_fetch&batched_reduce_size=512&ccs_minimize_roundtrips=true] returned 2 warnings: [299 Elasticsearch-7.16.1-5b38441b16b1ebb16a27c107a4c3865776e20c53 "Elasticsearch built-in security features are not enabled. Without authentication, your cluster could be accessible to anyone. See https://www.elastic.co/guide/en/elasticsearch/reference/7.16/security-minimal-setup.html to enable security."],[299 Elasticsearch-7.16.1-5b38441b16b1ebb16a27c107a4c3865776e20c53 "[ignore_throttled] parameter is deprecated because frozen indices have been deprecated. Consider cold or frozen tiers in place of frozen indices."]
2023-08-04 12:58:22,612 INFO  [com.dot.ContainerResource] (docker-java-stream-1865446083) STDOUT: 12:58:22.611  WARN  client.RestClient - request [POST http://elasticsearch:9200/cluster_c40f8aa8c9.live_20230804125756/_search?typed_keys=true&max_concurrent_shard_requests=5&ignore_unavailable=false&expand_wildcards=open&allow_no_indices=true&ignore_throttled=true&search_type=query_then_fetch&batched_reduce_size=512&ccs_minimize_roundtrips=true] returned 2 warnings: [299 Elasticsearch-7.16.1-5b38441b16b1ebb16a27c107a4c3865776e20c53 "Elasticsearch built-in security features are not enabled. Without authentication, your cluster could be accessible to anyone. See https://www.elastic.co/guide/en/elasticsearch/reference/7.16/security-minimal-setup.html to enable security."],[299 Elasticsearch-7.16.1-5b38441b16b1ebb16a27c107a4c3865776e20c53 "[ignore_throttled] parameter is deprecated because frozen indices have been deprecated. Consider cold or frozen tiers in place of frozen indices."]
2023-08-04 12:58:22,614 INFO  [com.dot.ContainerResource] (docker-java-stream-1865446083) STDOUT: 12:58:22.614  WARN  client.RestClient - request [POST http://elasticsearch:9200/cluster_c40f8aa8c9.live_20230804125756/_search?typed_keys=true&max_concurrent_shard_requests=5&ignore_unavailable=false&expand_wildcards=open&allow_no_indices=true&ignore_throttled=true&search_type=query_then_fetch&batched_reduce_size=512&ccs_minimize_roundtrips=true] returned 2 warnings: [299 Elasticsearch-7.16.1-5b38441b16b1ebb16a27c107a4c3865776e20c53 "Elasticsearch built-in security features are not enabled. Without authentication, your cluster could be accessible to anyone. See https://www.elastic.co/guide/en/elasticsearch/reference/7.16/security-minimal-setup.html to enable security."],[299 Elasticsearch-7.16.1-5b38441b16b1ebb16a27c107a4c3865776e20c53 "[ignore_throttled] parameter is deprecated because frozen indices have been deprecated. Consider cold or frozen tiers in place of frozen indices."]
2023-08-04 12:58:22,637 INFO  [com.dot.ContainerResource] (docker-java-stream-1865446083) STDOUT: 12:58:22.634  WARN  client.RestClient - request [POST http://elasticsearch:9200/cluster_c40f8aa8c9.live_20230804125756/_search?typed_keys=true&max_concurrent_shard_requests=5&ignore_unavailable=false&expand_wildcards=open&allow_no_indices=true&ignore_throttled=true&search_type=query_then_fetch&batched_reduce_size=512&ccs_minimize_roundtrips=true] returned 2 warnings: [299 Elasticsearch-7.16.1-5b38441b16b1ebb16a27c107a4c3865776e20c53 "Elasticsearch built-in security features are not enabled. Without authentication, your cluster could be accessible to anyone. See https://www.elastic.co/guide/en/elasticsearch/reference/7.16/security-minimal-setup.html to enable security."],[299 Elasticsearch-7.16.1-5b38441b16b1ebb16a27c107a4c3865776e20c53 "[ignore_throttled] parameter is deprecated because frozen indices have been deprecated. Consider cold or frozen tiers in place of frozen indices."]
2023-08-04 12:58:22,645 INFO  [com.dot.ContainerResource] (docker-java-stream-1865446083) STDOUT: 12:58:22.643  WARN  client.RestClient - request [POST http://elasticsearch:9200/cluster_c40f8aa8c9.live_20230804125756/_search?typed_keys=true&max_concurrent_shard_requests=5&ignore_unavailable=false&expand_wildcards=open&allow_no_indices=true&ignore_throttled=true&search_type=query_then_fetch&batched_reduce_size=512&ccs_minimize_roundtrips=true] returned 2 warnings: [299 Elasticsearch-7.16.1-5b38441b16b1ebb16a27c107a4c3865776e20c53 "Elasticsearch built-in security features are not enabled. Without authentication, your cluster could be accessible to anyone. See https://www.elastic.co/guide/en/elasticsearch/reference/7.16/security-minimal-setup.html to enable security."],[299 Elasticsearch-7.16.1-5b38441b16b1ebb16a27c107a4c3865776e20c53 "[ignore_throttled] parameter is deprecated because frozen indices have been deprecated. Consider cold or frozen tiers in place of frozen indices."]
2023-08-04 12:58:22,648 INFO  [com.dot.ContainerResource] (docker-java-stream-1865446083) STDOUT: 12:58:22.648  WARN  client.RestClient - request [POST http://elasticsearch:9200/cluster_c40f8aa8c9.live_20230804125756/_search?typed_keys=true&max_concurrent_shard_requests=5&ignore_unavailable=false&expand_wildcards=open&allow_no_indices=true&ignore_throttled=true&search_type=query_then_fetch&batched_reduce_size=512&ccs_minimize_roundtrips=true] returned 2 warnings: [299 Elasticsearch-7.16.1-5b38441b16b1ebb16a27c107a4c3865776e20c53 "Elasticsearch built-in security features are not enabled. Without authentication, your cluster could be accessible to anyone. See https://www.elastic.co/guide/en/elasticsearch/reference/7.16/security-minimal-setup.html to enable security."],[299 Elasticsearch-7.16.1-5b38441b16b1ebb16a27c107a4c3865776e20c53 "[ignore_throttled] parameter is deprecated because frozen indices have been deprecated. Consider cold or frozen tiers in place of frozen indices."]
2023-08-04 12:58:22,651 INFO  [com.dot.ContainerResource] (docker-java-stream-1865446083) STDOUT: 12:58:22.651  WARN  client.RestClient - request [POST http://elasticsearch:9200/cluster_c40f8aa8c9.live_20230804125756/_search?typed_keys=true&max_concurrent_shard_requests=5&ignore_unavailable=false&expand_wildcards=open&allow_no_indices=true&ignore_throttled=true&search_type=query_then_fetch&batched_reduce_size=512&ccs_minimize_roundtrips=true] returned 2 warnings: [299 Elasticsearch-7.16.1-5b38441b16b1ebb16a27c107a4c3865776e20c53 "Elasticsearch built-in security features are not enabled. Without authentication, your cluster could be accessible to anyone. See https://www.elastic.co/guide/en/elasticsearch/reference/7.16/security-minimal-setup.html to enable security."],[299 Elasticsearch-7.16.1-5b38441b16b1ebb16a27c107a4c3865776e20c53 "[ignore_throttled] parameter is deprecated because frozen indices have been deprecated. Consider cold or frozen tiers in place of frozen indices."]
2023-08-04 12:58:22,656 INFO  [com.dot.ContainerResource] (docker-java-stream-1865446083) STDOUT: 12:58:22.655  WARN  client.RestClient - request [POST http://elasticsearch:9200/cluster_c40f8aa8c9.live_20230804125756/_search?typed_keys=true&max_concurrent_shard_requests=5&ignore_unavailable=false&expand_wildcards=open&allow_no_indices=true&ignore_throttled=true&search_type=query_then_fetch&batched_reduce_size=512&ccs_minimize_roundtrips=true] returned 2 warnings: [299 Elasticsearch-7.16.1-5b38441b16b1ebb16a27c107a4c3865776e20c53 "Elasticsearch built-in security features are not enabled. Without authentication, your cluster could be accessible to anyone. See https://www.elastic.co/guide/en/elasticsearch/reference/7.16/security-minimal-setup.html to enable security."],[299 Elasticsearch-7.16.1-5b38441b16b1ebb16a27c107a4c3865776e20c53 "[ignore_throttled] parameter is deprecated because frozen indices have been deprecated. Consider cold or frozen tiers in place of frozen indices."]
2023-08-04 12:58:22,660 INFO  [com.dot.ContainerResource] (docker-java-stream-1865446083) STDOUT: 12:58:22.660  WARN  client.RestClient - request [POST http://elasticsearch:9200/cluster_c40f8aa8c9.live_20230804125756/_search?typed_keys=true&max_concurrent_shard_requests=5&ignore_unavailable=false&expand_wildcards=open&allow_no_indices=true&ignore_throttled=true&search_type=query_then_fetch&batched_reduce_size=512&ccs_minimize_roundtrips=true] returned 2 warnings: [299 Elasticsearch-7.16.1-5b38441b16b1ebb16a27c107a4c3865776e20c53 "Elasticsearch built-in security features are not enabled. Without authentication, your cluster could be accessible to anyone. See https://www.elastic.co/guide/en/elasticsearch/reference/7.16/security-minimal-setup.html to enable security."],[299 Elasticsearch-7.16.1-5b38441b16b1ebb16a27c107a4c3865776e20c53 "[ignore_throttled] parameter is deprecated because frozen indices have been deprecated. Consider cold or frozen tiers in place of frozen indices."]
2023-08-04 12:58:22,668 INFO  [com.dot.ContainerResource] (docker-java-stream-1865446083) STDOUT: 12:58:22.667  WARN  client.RestClient - request [POST http://elasticsearch:9200/cluster_c40f8aa8c9.live_20230804125756/_search?typed_keys=true&max_concurrent_shard_requests=5&ignore_unavailable=false&expand_wildcards=open&allow_no_indices=true&ignore_throttled=true&search_type=query_then_fetch&batched_reduce_size=512&ccs_minimize_roundtrips=true] returned 2 warnings: [299 Elasticsearch-7.16.1-5b38441b16b1ebb16a27c107a4c3865776e20c53 "Elasticsearch built-in security features are not enabled. Without authentication, your cluster could be accessible to anyone. See https://www.elastic.co/guide/en/elasticsearch/reference/7.16/security-minimal-setup.html to enable security."],[299 Elasticsearch-7.16.1-5b38441b16b1ebb16a27c107a4c3865776e20c53 "[ignore_throttled] parameter is deprecated because frozen indices have been deprecated. Consider cold or frozen tiers in place of frozen indices."]
2023-08-04 12:58:22,671 INFO  [com.dot.ContainerResource] (docker-java-stream-1865446083) STDOUT: 12:58:22.671  WARN  client.RestClient - request [POST http://elasticsearch:9200/cluster_c40f8aa8c9.live_20230804125756/_search?typed_keys=true&max_concurrent_shard_requests=5&ignore_unavailable=false&expand_wildcards=open&allow_no_indices=true&ignore_throttled=true&search_type=query_then_fetch&batched_reduce_size=512&ccs_minimize_roundtrips=true] returned 2 warnings: [299 Elasticsearch-7.16.1-5b38441b16b1ebb16a27c107a4c3865776e20c53 "Elasticsearch built-in security features are not enabled. Without authentication, your cluster could be accessible to anyone. See https://www.elastic.co/guide/en/elasticsearch/reference/7.16/security-minimal-setup.html to enable security."],[299 Elasticsearch-7.16.1-5b38441b16b1ebb16a27c107a4c3865776e20c53 "[ignore_throttled] parameter is deprecated because frozen indices have been deprecated. Consider cold or frozen tiers in place of frozen indices."]
2023-08-04 12:58:22,677 INFO  [com.dot.ContainerResource] (docker-java-stream-1865446083) STDOUT: 12:58:22.676  WARN  client.RestClient - request [POST http://elasticsearch:9200/cluster_c40f8aa8c9.live_20230804125756/_search?typed_keys=true&max_concurrent_shard_requests=5&ignore_unavailable=false&expand_wildcards=open&allow_no_indices=true&ignore_throttled=true&search_type=query_then_fetch&batched_reduce_size=512&ccs_minimize_roundtrips=true] returned 2 warnings: [299 Elasticsearch-7.16.1-5b38441b16b1ebb16a27c107a4c3865776e20c53 "Elasticsearch built-in security features are not enabled. Without authentication, your cluster could be accessible to anyone. See https://www.elastic.co/guide/en/elasticsearch/reference/7.16/security-minimal-setup.html to enable security."],[299 Elasticsearch-7.16.1-5b38441b16b1ebb16a27c107a4c3865776e20c53 "[ignore_throttled] parameter is deprecated because frozen indices have been deprecated. Consider cold or frozen tiers in place of frozen indices."]
2023-08-04 12:58:22,680 INFO  [com.dot.ContainerResource] (docker-java-stream-1865446083) STDOUT: 12:58:22.680  WARN  client.RestClient - request [POST http://elasticsearch:9200/cluster_c40f8aa8c9.live_20230804125756/_search?typed_keys=true&max_concurrent_shard_requests=5&ignore_unavailable=false&expand_wildcards=open&allow_no_indices=true&ignore_throttled=true&search_type=query_then_fetch&batched_reduce_size=512&ccs_minimize_roundtrips=true] returned 2 warnings: [299 Elasticsearch-7.16.1-5b38441b16b1ebb16a27c107a4c3865776e20c53 "Elasticsearch built-in security features are not enabled. Without authentication, your cluster could be accessible to anyone. See https://www.elastic.co/guide/en/elasticsearch/reference/7.16/security-minimal-setup.html to enable security."],[299 Elasticsearch-7.16.1-5b38441b16b1ebb16a27c107a4c3865776e20c53 "[ignore_throttled] parameter is deprecated because frozen indices have been deprecated. Consider cold or frozen tiers in place of frozen indices."]
2023-08-04 12:58:22,884 INFO  [com.dot.ContainerResource] (docker-java-stream-1865446083) STDOUT: 12:58:22.884  WARN  client.RestClient - request [POST http://elasticsearch:9200/cluster_c40f8aa8c9.live_20230804125756/_search?typed_keys=true&max_concurrent_shard_requests=5&ignore_unavailable=false&expand_wildcards=open&allow_no_indices=true&ignore_throttled=true&search_type=query_then_fetch&batched_reduce_size=512&ccs_minimize_roundtrips=true] returned 2 warnings: [299 Elasticsearch-7.16.1-5b38441b16b1ebb16a27c107a4c3865776e20c53 "Elasticsearch built-in security features are not enabled. Without authentication, your cluster could be accessible to anyone. See https://www.elastic.co/guide/en/elasticsearch/reference/7.16/security-minimal-setup.html to enable security."],[299 Elasticsearch-7.16.1-5b38441b16b1ebb16a27c107a4c3865776e20c53 "[ignore_throttled] parameter is deprecated because frozen indices have been deprecated. Consider cold or frozen tiers in place of frozen indices."]
2023-08-04 12:58:22,890 INFO  [com.dot.ContainerResource] (docker-java-stream-1865446083) STDOUT: 12:58:22.890  WARN  client.RestClient - request [POST http://elasticsearch:9200/cluster_c40f8aa8c9.live_20230804125756/_search?typed_keys=true&max_concurrent_shard_requests=5&ignore_unavailable=false&expand_wildcards=open&allow_no_indices=true&ignore_throttled=true&search_type=query_then_fetch&batched_reduce_size=512&ccs_minimize_roundtrips=true] returned 2 warnings: [299 Elasticsearch-7.16.1-5b38441b16b1ebb16a27c107a4c3865776e20c53 "Elasticsearch built-in security features are not enabled. Without authentication, your cluster could be accessible to anyone. See https://www.elastic.co/guide/en/elasticsearch/reference/7.16/security-minimal-setup.html to enable security."],[299 Elasticsearch-7.16.1-5b38441b16b1ebb16a27c107a4c3865776e20c53 "[ignore_throttled] parameter is deprecated because frozen indices have been deprecated. Consider cold or frozen tiers in place of frozen indices."]
2023-08-04 12:58:22,902 INFO  [com.dot.ContainerResource] (docker-java-stream-1865446083) STDOUT: 12:58:22.901  WARN  client.RestClient - request [POST http://elasticsearch:9200/cluster_c40f8aa8c9.live_20230804125756/_search?typed_keys=true&max_concurrent_shard_requests=5&ignore_unavailable=false&expand_wildcards=open&allow_no_indices=true&ignore_throttled=true&search_type=query_then_fetch&batched_reduce_size=512&ccs_minimize_roundtrips=true] returned 2 warnings: [299 Elasticsearch-7.16.1-5b38441b16b1ebb16a27c107a4c3865776e20c53 "Elasticsearch built-in security features are not enabled. Without authentication, your cluster could be accessible to anyone. See https://www.elastic.co/guide/en/elasticsearch/reference/7.16/security-minimal-setup.html to enable security."],[299 Elasticsearch-7.16.1-5b38441b16b1ebb16a27c107a4c3865776e20c53 "[ignore_throttled] parameter is deprecated because frozen indices have been deprecated. Consider cold or frozen tiers in place of frozen indices."]
2023-08-04 12:58:22,909 INFO  [com.dot.ContainerResource] (docker-java-stream-1865446083) STDOUT: 12:58:22.908  WARN  client.RestClient - request [POST http://elasticsearch:9200/cluster_c40f8aa8c9.live_20230804125756/_search?typed_keys=true&max_concurrent_shard_requests=5&ignore_unavailable=false&expand_wildcards=open&allow_no_indices=true&ignore_throttled=true&search_type=query_then_fetch&batched_reduce_size=512&ccs_minimize_roundtrips=true] returned 2 warnings: [299 Elasticsearch-7.16.1-5b38441b16b1ebb16a27c107a4c3865776e20c53 "Elasticsearch built-in security features are not enabled. Without authentication, your cluster could be accessible to anyone. See https://www.elastic.co/guide/en/elasticsearch/reference/7.16/security-minimal-setup.html to enable security."],[299 Elasticsearch-7.16.1-5b38441b16b1ebb16a27c107a4c3865776e20c53 "[ignore_throttled] parameter is deprecated because frozen indices have been deprecated. Consider cold or frozen tiers in place of frozen indices."]
2023-08-04 12:58:22,916 INFO  [com.dot.ContainerResource] (docker-java-stream-1865446083) STDOUT: 12:58:22.915  WARN  client.RestClient - request [POST http://elasticsearch:9200/cluster_c40f8aa8c9.live_20230804125756/_search?typed_keys=true&max_concurrent_shard_requests=5&ignore_unavailable=false&expand_wildcards=open&allow_no_indices=true&ignore_throttled=true&search_type=query_then_fetch&batched_reduce_size=512&ccs_minimize_roundtrips=true] returned 2 warnings: [299 Elasticsearch-7.16.1-5b38441b16b1ebb16a27c107a4c3865776e20c53 "Elasticsearch built-in security features are not enabled. Without authentication, your cluster could be accessible to anyone. See https://www.elastic.co/guide/en/elasticsearch/reference/7.16/security-minimal-setup.html to enable security."],[299 Elasticsearch-7.16.1-5b38441b16b1ebb16a27c107a4c3865776e20c53 "[ignore_throttled] parameter is deprecated because frozen indices have been deprecated. Consider cold or frozen tiers in place of frozen indices."]
2023-08-04 12:58:22,923 INFO  [com.dot.ContainerResource] (docker-java-stream-1865446083) STDOUT: 12:58:22.923  WARN  client.RestClient - request [POST http://elasticsearch:9200/cluster_c40f8aa8c9.live_20230804125756/_search?typed_keys=true&max_concurrent_shard_requests=5&ignore_unavailable=false&expand_wildcards=open&allow_no_indices=true&ignore_throttled=true&search_type=query_then_fetch&batched_reduce_size=512&ccs_minimize_roundtrips=true] returned 2 warnings: [299 Elasticsearch-7.16.1-5b38441b16b1ebb16a27c107a4c3865776e20c53 "Elasticsearch built-in security features are not enabled. Without authentication, your cluster could be accessible to anyone. See https://www.elastic.co/guide/en/elasticsearch/reference/7.16/security-minimal-setup.html to enable security."],[299 Elasticsearch-7.16.1-5b38441b16b1ebb16a27c107a4c3865776e20c53 "[ignore_throttled] parameter is deprecated because frozen indices have been deprecated. Consider cold or frozen tiers in place of frozen indices."]
2023-08-04 12:58:22,928 INFO  [com.dot.ContainerResource] (docker-java-stream-1865446083) STDOUT: 12:58:22.928  WARN  client.RestClient - request [POST http://elasticsearch:9200/cluster_c40f8aa8c9.live_20230804125756/_search?typed_keys=true&max_concurrent_shard_requests=5&ignore_unavailable=false&expand_wildcards=open&allow_no_indices=true&ignore_throttled=true&search_type=query_then_fetch&batched_reduce_size=512&ccs_minimize_roundtrips=true] returned 2 warnings: [299 Elasticsearch-7.16.1-5b38441b16b1ebb16a27c107a4c3865776e20c53 "Elasticsearch built-in security features are not enabled. Without authentication, your cluster could be accessible to anyone. See https://www.elastic.co/guide/en/elasticsearch/reference/7.16/security-minimal-setup.html to enable security."],[299 Elasticsearch-7.16.1-5b38441b16b1ebb16a27c107a4c3865776e20c53 "[ignore_throttled] parameter is deprecated because frozen indices have been deprecated. Consider cold or frozen tiers in place of frozen indices."]
2023-08-04 12:58:22,934 INFO  [com.dot.ContainerResource] (docker-java-stream-1865446083) STDOUT: 12:58:22.933  WARN  client.RestClient - request [POST http://elasticsearch:9200/cluster_c40f8aa8c9.live_20230804125756/_search?typed_keys=true&max_concurrent_shard_requests=5&ignore_unavailable=false&expand_wildcards=open&allow_no_indices=true&ignore_throttled=true&search_type=query_then_fetch&batched_reduce_size=512&ccs_minimize_roundtrips=true] returned 2 warnings: [299 Elasticsearch-7.16.1-5b38441b16b1ebb16a27c107a4c3865776e20c53 "Elasticsearch built-in security features are not enabled. Without authentication, your cluster could be accessible to anyone. See https://www.elastic.co/guide/en/elasticsearch/reference/7.16/security-minimal-setup.html to enable security."],[299 Elasticsearch-7.16.1-5b38441b16b1ebb16a27c107a4c3865776e20c53 "[ignore_throttled] parameter is deprecated because frozen indices have been deprecated. Consider cold or frozen tiers in place of frozen indices."]
2023-08-04 12:58:22,939 INFO  [com.dot.ContainerResource] (docker-java-stream-1865446083) STDOUT: 12:58:22.939  WARN  client.RestClient - request [POST http://elasticsearch:9200/cluster_c40f8aa8c9.live_20230804125756/_search?typed_keys=true&max_concurrent_shard_requests=5&ignore_unavailable=false&expand_wildcards=open&allow_no_indices=true&ignore_throttled=true&search_type=query_then_fetch&batched_reduce_size=512&ccs_minimize_roundtrips=true] returned 2 warnings: [299 Elasticsearch-7.16.1-5b38441b16b1ebb16a27c107a4c3865776e20c53 "Elasticsearch built-in security features are not enabled. Without authentication, your cluster could be accessible to anyone. See https://www.elastic.co/guide/en/elasticsearch/reference/7.16/security-minimal-setup.html to enable security."],[299 Elasticsearch-7.16.1-5b38441b16b1ebb16a27c107a4c3865776e20c53 "[ignore_throttled] parameter is deprecated because frozen indices have been deprecated. Consider cold or frozen tiers in place of frozen indices."]
2023-08-04 12:58:22,943 INFO  [com.dot.ContainerResource] (docker-java-stream-1865446083) STDOUT: 12:58:22.943  WARN  client.RestClient - request [POST http://elasticsearch:9200/cluster_c40f8aa8c9.live_20230804125756/_search?typed_keys=true&max_concurrent_shard_requests=5&ignore_unavailable=false&expand_wildcards=open&allow_no_indices=true&ignore_throttled=true&search_type=query_then_fetch&batched_reduce_size=512&ccs_minimize_roundtrips=true] returned 2 warnings: [299 Elasticsearch-7.16.1-5b38441b16b1ebb16a27c107a4c3865776e20c53 "Elasticsearch built-in security features are not enabled. Without authentication, your cluster could be accessible to anyone. See https://www.elastic.co/guide/en/elasticsearch/reference/7.16/security-minimal-setup.html to enable security."],[299 Elasticsearch-7.16.1-5b38441b16b1ebb16a27c107a4c3865776e20c53 "[ignore_throttled] parameter is deprecated because frozen indices have been deprecated. Consider cold or frozen tiers in place of frozen indices."]
2023-08-04 12:58:22,948 INFO  [com.dot.ContainerResource] (docker-java-stream-1865446083) STDOUT: 12:58:22.948  WARN  client.RestClient - request [POST http://elasticsearch:9200/cluster_c40f8aa8c9.live_20230804125756/_search?typed_keys=true&max_concurrent_shard_requests=5&ignore_unavailable=false&expand_wildcards=open&allow_no_indices=true&ignore_throttled=true&search_type=query_then_fetch&batched_reduce_size=512&ccs_minimize_roundtrips=true] returned 2 warnings: [299 Elasticsearch-7.16.1-5b38441b16b1ebb16a27c107a4c3865776e20c53 "Elasticsearch built-in security features are not enabled. Without authentication, your cluster could be accessible to anyone. See https://www.elastic.co/guide/en/elasticsearch/reference/7.16/security-minimal-setup.html to enable security."],[299 Elasticsearch-7.16.1-5b38441b16b1ebb16a27c107a4c3865776e20c53 "[ignore_throttled] parameter is deprecated because frozen indices have been deprecated. Consider cold or frozen tiers in place of frozen indices."]
2023-08-04 12:58:22,952 INFO  [com.dot.ContainerResource] (docker-java-stream-1865446083) STDOUT: 12:58:22.952  WARN  client.RestClient - request [POST http://elasticsearch:9200/cluster_c40f8aa8c9.live_20230804125756/_search?typed_keys=true&max_concurrent_shard_requests=5&ignore_unavailable=false&expand_wildcards=open&allow_no_indices=true&ignore_throttled=true&search_type=query_then_fetch&batched_reduce_size=512&ccs_minimize_roundtrips=true] returned 2 warnings: [299 Elasticsearch-7.16.1-5b38441b16b1ebb16a27c107a4c3865776e20c53 "Elasticsearch built-in security features are not enabled. Without authentication, your cluster could be accessible to anyone. See https://www.elastic.co/guide/en/elasticsearch/reference/7.16/security-minimal-setup.html to enable security."],[299 Elasticsearch-7.16.1-5b38441b16b1ebb16a27c107a4c3865776e20c53 "[ignore_throttled] parameter is deprecated because frozen indices have been deprecated. Consider cold or frozen tiers in place of frozen indices."]
2023-08-04 12:58:22,957 INFO  [com.dot.ContainerResource] (docker-java-stream-1865446083) STDOUT: 12:58:22.956  WARN  client.RestClient - request [POST http://elasticsearch:9200/cluster_c40f8aa8c9.live_20230804125756/_search?typed_keys=true&max_concurrent_shard_requests=5&ignore_unavailable=false&expand_wildcards=open&allow_no_indices=true&ignore_throttled=true&search_type=query_then_fetch&batched_reduce_size=512&ccs_minimize_roundtrips=true] returned 2 warnings: [299 Elasticsearch-7.16.1-5b38441b16b1ebb16a27c107a4c3865776e20c53 "Elasticsearch built-in security features are not enabled. Without authentication, your cluster could be accessible to anyone. See https://www.elastic.co/guide/en/elasticsearch/reference/7.16/security-minimal-setup.html to enable security."],[299 Elasticsearch-7.16.1-5b38441b16b1ebb16a27c107a4c3865776e20c53 "[ignore_throttled] parameter is deprecated because frozen indices have been deprecated. Consider cold or frozen tiers in place of frozen indices."]
2023-08-04 12:58:22,961 INFO  [com.dot.ContainerResource] (docker-java-stream-1865446083) STDOUT: 12:58:22.961  WARN  client.RestClient - request [POST http://elasticsearch:9200/cluster_c40f8aa8c9.live_20230804125756/_search?typed_keys=true&max_concurrent_shard_requests=5&ignore_unavailable=false&expand_wildcards=open&allow_no_indices=true&ignore_throttled=true&search_type=query_then_fetch&batched_reduce_size=512&ccs_minimize_roundtrips=true] returned 2 warnings: [299 Elasticsearch-7.16.1-5b38441b16b1ebb16a27c107a4c3865776e20c53 "Elasticsearch built-in security features are not enabled. Without authentication, your cluster could be accessible to anyone. See https://www.elastic.co/guide/en/elasticsearch/reference/7.16/security-minimal-setup.html to enable security."],[299 Elasticsearch-7.16.1-5b38441b16b1ebb16a27c107a4c3865776e20c53 "[ignore_throttled] parameter is deprecated because frozen indices have been deprecated. Consider cold or frozen tiers in place of frozen indices."]
2023-08-04 12:58:22,967 INFO  [com.dot.ContainerResource] (docker-java-stream-1865446083) STDOUT: 12:58:22.967  WARN  client.RestClient - request [POST http://elasticsearch:9200/cluster_c40f8aa8c9.live_20230804125756/_search?typed_keys=true&max_concurrent_shard_requests=5&ignore_unavailable=false&expand_wildcards=open&allow_no_indices=true&ignore_throttled=true&search_type=query_then_fetch&batched_reduce_size=512&ccs_minimize_roundtrips=true] returned 2 warnings: [299 Elasticsearch-7.16.1-5b38441b16b1ebb16a27c107a4c3865776e20c53 "Elasticsearch built-in security features are not enabled. Without authentication, your cluster could be accessible to anyone. See https://www.elastic.co/guide/en/elasticsearch/reference/7.16/security-minimal-setup.html to enable security."],[299 Elasticsearch-7.16.1-5b38441b16b1ebb16a27c107a4c3865776e20c53 "[ignore_throttled] parameter is deprecated because frozen indices have been deprecated. Consider cold or frozen tiers in place of frozen indices."]
2023-08-04 12:58:22,973 INFO  [com.dot.ContainerResource] (docker-java-stream-1865446083) STDOUT: 12:58:22.973  WARN  client.RestClient - request [POST http://elasticsearch:9200/cluster_c40f8aa8c9.live_20230804125756/_search?typed_keys=true&max_concurrent_shard_requests=5&ignore_unavailable=false&expand_wildcards=open&allow_no_indices=true&ignore_throttled=true&search_type=query_then_fetch&batched_reduce_size=512&ccs_minimize_roundtrips=true] returned 2 warnings: [299 Elasticsearch-7.16.1-5b38441b16b1ebb16a27c107a4c3865776e20c53 "Elasticsearch built-in security features are not enabled. Without authentication, your cluster could be accessible to anyone. See https://www.elastic.co/guide/en/elasticsearch/reference/7.16/security-minimal-setup.html to enable security."],[299 Elasticsearch-7.16.1-5b38441b16b1ebb16a27c107a4c3865776e20c53 "[ignore_throttled] parameter is deprecated because frozen indices have been deprecated. Consider cold or frozen tiers in place of frozen indices."]
2023-08-04 12:58:22,979 INFO  [com.dot.ContainerResource] (docker-java-stream-1865446083) STDOUT: 12:58:22.979  WARN  client.RestClient - request [POST http://elasticsearch:9200/cluster_c40f8aa8c9.live_20230804125756/_search?typed_keys=true&max_concurrent_shard_requests=5&ignore_unavailable=false&expand_wildcards=open&allow_no_indices=true&ignore_throttled=true&search_type=query_then_fetch&batched_reduce_size=512&ccs_minimize_roundtrips=true] returned 2 warnings: [299 Elasticsearch-7.16.1-5b38441b16b1ebb16a27c107a4c3865776e20c53 "Elasticsearch built-in security features are not enabled. Without authentication, your cluster could be accessible to anyone. See https://www.elastic.co/guide/en/elasticsearch/reference/7.16/security-minimal-setup.html to enable security."],[299 Elasticsearch-7.16.1-5b38441b16b1ebb16a27c107a4c3865776e20c53 "[ignore_throttled] parameter is deprecated because frozen indices have been deprecated. Consider cold or frozen tiers in place of frozen indices."]
2023-08-04 12:58:22,985 INFO  [com.dot.ContainerResource] (docker-java-stream-1865446083) STDOUT: 12:58:22.985  WARN  client.RestClient - request [POST http://elasticsearch:9200/cluster_c40f8aa8c9.live_20230804125756/_search?typed_keys=true&max_concurrent_shard_requests=5&ignore_unavailable=false&expand_wildcards=open&allow_no_indices=true&ignore_throttled=true&search_type=query_then_fetch&batched_reduce_size=512&ccs_minimize_roundtrips=true] returned 2 warnings: [299 Elasticsearch-7.16.1-5b38441b16b1ebb16a27c107a4c3865776e20c53 "Elasticsearch built-in security features are not enabled. Without authentication, your cluster could be accessible to anyone. See https://www.elastic.co/guide/en/elasticsearch/reference/7.16/security-minimal-setup.html to enable security."],[299 Elasticsearch-7.16.1-5b38441b16b1ebb16a27c107a4c3865776e20c53 "[ignore_throttled] parameter is deprecated because frozen indices have been deprecated. Consider cold or frozen tiers in place of frozen indices."]
2023-08-04 12:58:22,993 INFO  [com.dot.ContainerResource] (docker-java-stream-1865446083) STDOUT: 12:58:22.992  WARN  client.RestClient - request [POST http://elasticsearch:9200/cluster_c40f8aa8c9.live_20230804125756/_search?typed_keys=true&max_concurrent_shard_requests=5&ignore_unavailable=false&expand_wildcards=open&allow_no_indices=true&ignore_throttled=true&search_type=query_then_fetch&batched_reduce_size=512&ccs_minimize_roundtrips=true] returned 2 warnings: [299 Elasticsearch-7.16.1-5b38441b16b1ebb16a27c107a4c3865776e20c53 "Elasticsearch built-in security features are not enabled. Without authentication, your cluster could be accessible to anyone. See https://www.elastic.co/guide/en/elasticsearch/reference/7.16/security-minimal-setup.html to enable security."],[299 Elasticsearch-7.16.1-5b38441b16b1ebb16a27c107a4c3865776e20c53 "[ignore_throttled] parameter is deprecated because frozen indices have been deprecated. Consider cold or frozen tiers in place of frozen indices."]
2023-08-04 12:58:22,997 INFO  [com.dot.ContainerResource] (docker-java-stream-1865446083) STDOUT: 12:58:22.996  WARN  client.RestClient - request [POST http://elasticsearch:9200/cluster_c40f8aa8c9.live_20230804125756/_search?typed_keys=true&max_concurrent_shard_requests=5&ignore_unavailable=false&expand_wildcards=open&allow_no_indices=true&ignore_throttled=true&search_type=query_then_fetch&batched_reduce_size=512&ccs_minimize_roundtrips=true] returned 2 warnings: [299 Elasticsearch-7.16.1-5b38441b16b1ebb16a27c107a4c3865776e20c53 "Elasticsearch built-in security features are not enabled. Without authentication, your cluster could be accessible to anyone. See https://www.elastic.co/guide/en/elasticsearch/reference/7.16/security-minimal-setup.html to enable security."],[299 Elasticsearch-7.16.1-5b38441b16b1ebb16a27c107a4c3865776e20c53 "[ignore_throttled] parameter is deprecated because frozen indices have been deprecated. Consider cold or frozen tiers in place of frozen indices."]
2023-08-04 12:58:23,002 INFO  [com.dot.ContainerResource] (docker-java-stream-1865446083) STDOUT: 12:58:23.001  WARN  client.RestClient - request [POST http://elasticsearch:9200/cluster_c40f8aa8c9.live_20230804125756/_search?typed_keys=true&max_concurrent_shard_requests=5&ignore_unavailable=false&expand_wildcards=open&allow_no_indices=true&ignore_throttled=true&search_type=query_then_fetch&batched_reduce_size=512&ccs_minimize_roundtrips=true] returned 2 warnings: [299 Elasticsearch-7.16.1-5b38441b16b1ebb16a27c107a4c3865776e20c53 "Elasticsearch built-in security features are not enabled. Without authentication, your cluster could be accessible to anyone. See https://www.elastic.co/guide/en/elasticsearch/reference/7.16/security-minimal-setup.html to enable security."],[299 Elasticsearch-7.16.1-5b38441b16b1ebb16a27c107a4c3865776e20c53 "[ignore_throttled] parameter is deprecated because frozen indices have been deprecated. Consider cold or frozen tiers in place of frozen indices."]
2023-08-04 12:58:23,006 INFO  [com.dot.ContainerResource] (docker-java-stream-1865446083) STDOUT: 12:58:23.005  WARN  client.RestClient - request [POST http://elasticsearch:9200/cluster_c40f8aa8c9.live_20230804125756/_search?typed_keys=true&max_concurrent_shard_requests=5&ignore_unavailable=false&expand_wildcards=open&allow_no_indices=true&ignore_throttled=true&search_type=query_then_fetch&batched_reduce_size=512&ccs_minimize_roundtrips=true] returned 2 warnings: [299 Elasticsearch-7.16.1-5b38441b16b1ebb16a27c107a4c3865776e20c53 "Elasticsearch built-in security features are not enabled. Without authentication, your cluster could be accessible to anyone. See https://www.elastic.co/guide/en/elasticsearch/reference/7.16/security-minimal-setup.html to enable security."],[299 Elasticsearch-7.16.1-5b38441b16b1ebb16a27c107a4c3865776e20c53 "[ignore_throttled] parameter is deprecated because frozen indices have been deprecated. Consider cold or frozen tiers in place of frozen indices."]
2023-08-04 12:58:23,010 INFO  [com.dot.ContainerResource] (docker-java-stream-1865446083) STDOUT: 12:58:23.010  WARN  client.RestClient - request [POST http://elasticsearch:9200/cluster_c40f8aa8c9.live_20230804125756/_search?typed_keys=true&max_concurrent_shard_requests=5&ignore_unavailable=false&expand_wildcards=open&allow_no_indices=true&ignore_throttled=true&search_type=query_then_fetch&batched_reduce_size=512&ccs_minimize_roundtrips=true] returned 2 warnings: [299 Elasticsearch-7.16.1-5b38441b16b1ebb16a27c107a4c3865776e20c53 "Elasticsearch built-in security features are not enabled. Without authentication, your cluster could be accessible to anyone. See https://www.elastic.co/guide/en/elasticsearch/reference/7.16/security-minimal-setup.html to enable security."],[299 Elasticsearch-7.16.1-5b38441b16b1ebb16a27c107a4c3865776e20c53 "[ignore_throttled] parameter is deprecated because frozen indices have been deprecated. Consider cold or frozen tiers in place of frozen indices."]
2023-08-04 12:58:23,019 INFO  [com.dot.ContainerResource] (docker-java-stream-1865446083) STDOUT: 12:58:23.018  WARN  client.RestClient - request [POST http://elasticsearch:9200/cluster_c40f8aa8c9.live_20230804125756/_search?typed_keys=true&max_concurrent_shard_requests=5&ignore_unavailable=false&expand_wildcards=open&allow_no_indices=true&ignore_throttled=true&search_type=query_then_fetch&batched_reduce_size=512&ccs_minimize_roundtrips=true] returned 2 warnings: [299 Elasticsearch-7.16.1-5b38441b16b1ebb16a27c107a4c3865776e20c53 "Elasticsearch built-in security features are not enabled. Without authentication, your cluster could be accessible to anyone. See https://www.elastic.co/guide/en/elasticsearch/reference/7.16/security-minimal-setup.html to enable security."],[299 Elasticsearch-7.16.1-5b38441b16b1ebb16a27c107a4c3865776e20c53 "[ignore_throttled] parameter is deprecated because frozen indices have been deprecated. Consider cold or frozen tiers in place of frozen indices."]
2023-08-04 12:58:23,023 INFO  [com.dot.ContainerResource] (docker-java-stream-1865446083) STDOUT: 12:58:23.022  WARN  client.RestClient - request [POST http://elasticsearch:9200/cluster_c40f8aa8c9.live_20230804125756/_search?typed_keys=true&max_concurrent_shard_requests=5&ignore_unavailable=false&expand_wildcards=open&allow_no_indices=true&ignore_throttled=true&search_type=query_then_fetch&batched_reduce_size=512&ccs_minimize_roundtrips=true] returned 2 warnings: [299 Elasticsearch-7.16.1-5b38441b16b1ebb16a27c107a4c3865776e20c53 "Elasticsearch built-in security features are not enabled. Without authentication, your cluster could be accessible to anyone. See https://www.elastic.co/guide/en/elasticsearch/reference/7.16/security-minimal-setup.html to enable security."],[299 Elasticsearch-7.16.1-5b38441b16b1ebb16a27c107a4c3865776e20c53 "[ignore_throttled] parameter is deprecated because frozen indices have been deprecated. Consider cold or frozen tiers in place of frozen indices."]
2023-08-04 12:58:23,027 INFO  [com.dot.ContainerResource] (docker-java-stream-1865446083) STDOUT: 12:58:23.027  WARN  client.RestClient - request [POST http://elasticsearch:9200/cluster_c40f8aa8c9.live_20230804125756/_search?typed_keys=true&max_concurrent_shard_requests=5&ignore_unavailable=false&expand_wildcards=open&allow_no_indices=true&ignore_throttled=true&search_type=query_then_fetch&batched_reduce_size=512&ccs_minimize_roundtrips=true] returned 2 warnings: [299 Elasticsearch-7.16.1-5b38441b16b1ebb16a27c107a4c3865776e20c53 "Elasticsearch built-in security features are not enabled. Without authentication, your cluster could be accessible to anyone. See https://www.elastic.co/guide/en/elasticsearch/reference/7.16/security-minimal-setup.html to enable security."],[299 Elasticsearch-7.16.1-5b38441b16b1ebb16a27c107a4c3865776e20c53 "[ignore_throttled] parameter is deprecated because frozen indices have been deprecated. Consider cold or frozen tiers in place of frozen indices."]
2023-08-04 12:58:23,031 INFO  [com.dot.ContainerResource] (docker-java-stream-1865446083) STDOUT: 12:58:23.031  WARN  client.RestClient - request [POST http://elasticsearch:9200/cluster_c40f8aa8c9.live_20230804125756/_search?typed_keys=true&max_concurrent_shard_requests=5&ignore_unavailable=false&expand_wildcards=open&allow_no_indices=true&ignore_throttled=true&search_type=query_then_fetch&batched_reduce_size=512&ccs_minimize_roundtrips=true] returned 2 warnings: [299 Elasticsearch-7.16.1-5b38441b16b1ebb16a27c107a4c3865776e20c53 "Elasticsearch built-in security features are not enabled. Without authentication, your cluster could be accessible to anyone. See https://www.elastic.co/guide/en/elasticsearch/reference/7.16/security-minimal-setup.html to enable security."],[299 Elasticsearch-7.16.1-5b38441b16b1ebb16a27c107a4c3865776e20c53 "[ignore_throttled] parameter is deprecated because frozen indices have been deprecated. Consider cold or frozen tiers in place of frozen indices."]
2023-08-04 12:58:23,035 INFO  [com.dot.ContainerResource] (docker-java-stream-1865446083) STDOUT: 12:58:23.035  WARN  client.RestClient - request [POST http://elasticsearch:9200/cluster_c40f8aa8c9.live_20230804125756/_search?typed_keys=true&max_concurrent_shard_requests=5&ignore_unavailable=false&expand_wildcards=open&allow_no_indices=true&ignore_throttled=true&search_type=query_then_fetch&batched_reduce_size=512&ccs_minimize_roundtrips=true] returned 2 warnings: [299 Elasticsearch-7.16.1-5b38441b16b1ebb16a27c107a4c3865776e20c53 "Elasticsearch built-in security features are not enabled. Without authentication, your cluster could be accessible to anyone. See https://www.elastic.co/guide/en/elasticsearch/reference/7.16/security-minimal-setup.html to enable security."],[299 Elasticsearch-7.16.1-5b38441b16b1ebb16a27c107a4c3865776e20c53 "[ignore_throttled] parameter is deprecated because frozen indices have been deprecated. Consider cold or frozen tiers in place of frozen indices."]
2023-08-04 12:58:23,039 INFO  [com.dot.ContainerResource] (docker-java-stream-1865446083) STDOUT: 12:58:23.038  WARN  client.RestClient - request [POST http://elasticsearch:9200/cluster_c40f8aa8c9.live_20230804125756/_search?typed_keys=true&max_concurrent_shard_requests=5&ignore_unavailable=false&expand_wildcards=open&allow_no_indices=true&ignore_throttled=true&search_type=query_then_fetch&batched_reduce_size=512&ccs_minimize_roundtrips=true] returned 2 warnings: [299 Elasticsearch-7.16.1-5b38441b16b1ebb16a27c107a4c3865776e20c53 "Elasticsearch built-in security features are not enabled. Without authentication, your cluster could be accessible to anyone. See https://www.elastic.co/guide/en/elasticsearch/reference/7.16/security-minimal-setup.html to enable security."],[299 Elasticsearch-7.16.1-5b38441b16b1ebb16a27c107a4c3865776e20c53 "[ignore_throttled] parameter is deprecated because frozen indices have been deprecated. Consider cold or frozen tiers in place of frozen indices."]
2023-08-04 12:58:23,043 INFO  [com.dot.ContainerResource] (docker-java-stream-1865446083) STDOUT: 12:58:23.042  WARN  client.RestClient - request [POST http://elasticsearch:9200/cluster_c40f8aa8c9.live_20230804125756/_search?typed_keys=true&max_concurrent_shard_requests=5&ignore_unavailable=false&expand_wildcards=open&allow_no_indices=true&ignore_throttled=true&search_type=query_then_fetch&batched_reduce_size=512&ccs_minimize_roundtrips=true] returned 2 warnings: [299 Elasticsearch-7.16.1-5b38441b16b1ebb16a27c107a4c3865776e20c53 "Elasticsearch built-in security features are not enabled. Without authentication, your cluster could be accessible to anyone. See https://www.elastic.co/guide/en/elasticsearch/reference/7.16/security-minimal-setup.html to enable security."],[299 Elasticsearch-7.16.1-5b38441b16b1ebb16a27c107a4c3865776e20c53 "[ignore_throttled] parameter is deprecated because frozen indices have been deprecated. Consider cold or frozen tiers in place of frozen indices."]
2023-08-04 12:58:23,046 INFO  [com.dot.ContainerResource] (docker-java-stream-1865446083) STDOUT: 12:58:23.046  WARN  client.RestClient - request [POST http://elasticsearch:9200/cluster_c40f8aa8c9.live_20230804125756/_search?typed_keys=true&max_concurrent_shard_requests=5&ignore_unavailable=false&expand_wildcards=open&allow_no_indices=true&ignore_throttled=true&search_type=query_then_fetch&batched_reduce_size=512&ccs_minimize_roundtrips=true] returned 2 warnings: [299 Elasticsearch-7.16.1-5b38441b16b1ebb16a27c107a4c3865776e20c53 "Elasticsearch built-in security features are not enabled. Without authentication, your cluster could be accessible to anyone. See https://www.elastic.co/guide/en/elasticsearch/reference/7.16/security-minimal-setup.html to enable security."],[299 Elasticsearch-7.16.1-5b38441b16b1ebb16a27c107a4c3865776e20c53 "[ignore_throttled] parameter is deprecated because frozen indices have been deprecated. Consider cold or frozen tiers in place of frozen indices."]
2023-08-04 12:58:23,051 INFO  [com.dot.ContainerResource] (docker-java-stream-1865446083) STDOUT: 12:58:23.050  WARN  client.RestClient - request [POST http://elasticsearch:9200/cluster_c40f8aa8c9.live_20230804125756/_search?typed_keys=true&max_concurrent_shard_requests=5&ignore_unavailable=false&expand_wildcards=open&allow_no_indices=true&ignore_throttled=true&search_type=query_then_fetch&batched_reduce_size=512&ccs_minimize_roundtrips=true] returned 2 warnings: [299 Elasticsearch-7.16.1-5b38441b16b1ebb16a27c107a4c3865776e20c53 "Elasticsearch built-in security features are not enabled. Without authentication, your cluster could be accessible to anyone. See https://www.elastic.co/guide/en/elasticsearch/reference/7.16/security-minimal-setup.html to enable security."],[299 Elasticsearch-7.16.1-5b38441b16b1ebb16a27c107a4c3865776e20c53 "[ignore_throttled] parameter is deprecated because frozen indices have been deprecated. Consider cold or frozen tiers in place of frozen indices."]
2023-08-04 12:58:23,054 INFO  [com.dot.ContainerResource] (docker-java-stream-1865446083) STDOUT: 12:58:23.054  WARN  client.RestClient - request [POST http://elasticsearch:9200/cluster_c40f8aa8c9.live_20230804125756/_search?typed_keys=true&max_concurrent_shard_requests=5&ignore_unavailable=false&expand_wildcards=open&allow_no_indices=true&ignore_throttled=true&search_type=query_then_fetch&batched_reduce_size=512&ccs_minimize_roundtrips=true] returned 2 warnings: [299 Elasticsearch-7.16.1-5b38441b16b1ebb16a27c107a4c3865776e20c53 "Elasticsearch built-in security features are not enabled. Without authentication, your cluster could be accessible to anyone. See https://www.elastic.co/guide/en/elasticsearch/reference/7.16/security-minimal-setup.html to enable security."],[299 Elasticsearch-7.16.1-5b38441b16b1ebb16a27c107a4c3865776e20c53 "[ignore_throttled] parameter is deprecated because frozen indices have been deprecated. Consider cold or frozen tiers in place of frozen indices."]
2023-08-04 12:58:23,058 INFO  [com.dot.ContainerResource] (docker-java-stream-1865446083) STDOUT: 12:58:23.058  WARN  client.RestClient - request [POST http://elasticsearch:9200/cluster_c40f8aa8c9.live_20230804125756/_search?typed_keys=true&max_concurrent_shard_requests=5&ignore_unavailable=false&expand_wildcards=open&allow_no_indices=true&ignore_throttled=true&search_type=query_then_fetch&batched_reduce_size=512&ccs_minimize_roundtrips=true] returned 2 warnings: [299 Elasticsearch-7.16.1-5b38441b16b1ebb16a27c107a4c3865776e20c53 "Elasticsearch built-in security features are not enabled. Without authentication, your cluster could be accessible to anyone. See https://www.elastic.co/guide/en/elasticsearch/reference/7.16/security-minimal-setup.html to enable security."],[299 Elasticsearch-7.16.1-5b38441b16b1ebb16a27c107a4c3865776e20c53 "[ignore_throttled] parameter is deprecated because frozen indices have been deprecated. Consider cold or frozen tiers in place of frozen indices."]
2023-08-04 12:58:23,061 INFO  [com.dot.ContainerResource] (docker-java-stream-1865446083) STDOUT: 12:58:23.061  WARN  client.RestClient - request [POST http://elasticsearch:9200/cluster_c40f8aa8c9.live_20230804125756/_search?typed_keys=true&max_concurrent_shard_requests=5&ignore_unavailable=false&expand_wildcards=open&allow_no_indices=true&ignore_throttled=true&search_type=query_then_fetch&batched_reduce_size=512&ccs_minimize_roundtrips=true] returned 2 warnings: [299 Elasticsearch-7.16.1-5b38441b16b1ebb16a27c107a4c3865776e20c53 "Elasticsearch built-in security features are not enabled. Without authentication, your cluster could be accessible to anyone. See https://www.elastic.co/guide/en/elasticsearch/reference/7.16/security-minimal-setup.html to enable security."],[299 Elasticsearch-7.16.1-5b38441b16b1ebb16a27c107a4c3865776e20c53 "[ignore_throttled] parameter is deprecated because frozen indices have been deprecated. Consider cold or frozen tiers in place of frozen indices."]
2023-08-04 12:58:23,065 INFO  [com.dot.ContainerResource] (docker-java-stream-1865446083) STDOUT: 12:58:23.064  WARN  client.RestClient - request [POST http://elasticsearch:9200/cluster_c40f8aa8c9.live_20230804125756/_search?typed_keys=true&max_concurrent_shard_requests=5&ignore_unavailable=false&expand_wildcards=open&allow_no_indices=true&ignore_throttled=true&search_type=query_then_fetch&batched_reduce_size=512&ccs_minimize_roundtrips=true] returned 2 warnings: [299 Elasticsearch-7.16.1-5b38441b16b1ebb16a27c107a4c3865776e20c53 "Elasticsearch built-in security features are not enabled. Without authentication, your cluster could be accessible to anyone. See https://www.elastic.co/guide/en/elasticsearch/reference/7.16/security-minimal-setup.html to enable security."],[299 Elasticsearch-7.16.1-5b38441b16b1ebb16a27c107a4c3865776e20c53 "[ignore_throttled] parameter is deprecated because frozen indices have been deprecated. Consider cold or frozen tiers in place of frozen indices."]
2023-08-04 12:58:23,075 INFO  [com.dot.ContainerResource] (docker-java-stream-1865446083) STDOUT: 12:58:23.074  WARN  client.RestClient - request [POST http://elasticsearch:9200/cluster_c40f8aa8c9.live_20230804125756/_search?typed_keys=true&max_concurrent_shard_requests=5&ignore_unavailable=false&expand_wildcards=open&allow_no_indices=true&ignore_throttled=true&search_type=query_then_fetch&batched_reduce_size=512&ccs_minimize_roundtrips=true] returned 2 warnings: [299 Elasticsearch-7.16.1-5b38441b16b1ebb16a27c107a4c3865776e20c53 "Elasticsearch built-in security features are not enabled. Without authentication, your cluster could be accessible to anyone. See https://www.elastic.co/guide/en/elasticsearch/reference/7.16/security-minimal-setup.html to enable security."],[299 Elasticsearch-7.16.1-5b38441b16b1ebb16a27c107a4c3865776e20c53 "[ignore_throttled] parameter is deprecated because frozen indices have been deprecated. Consider cold or frozen tiers in place of frozen indices."]
2023-08-04 12:58:23,100 INFO  [com.dot.ContainerResource] (docker-java-stream-1865446083) STDOUT: 12:58:23.098  WARN  client.RestClient - request [POST http://elasticsearch:9200/cluster_c40f8aa8c9.live_20230804125756/_search?typed_keys=true&max_concurrent_shard_requests=5&ignore_unavailable=false&expand_wildcards=open&allow_no_indices=true&ignore_throttled=true&search_type=query_then_fetch&batched_reduce_size=512&ccs_minimize_roundtrips=true] returned 2 warnings: [299 Elasticsearch-7.16.1-5b38441b16b1ebb16a27c107a4c3865776e20c53 "Elasticsearch built-in security features are not enabled. Without authentication, your cluster could be accessible to anyone. See https://www.elastic.co/guide/en/elasticsearch/reference/7.16/security-minimal-setup.html to enable security."],[299 Elasticsearch-7.16.1-5b38441b16b1ebb16a27c107a4c3865776e20c53 "[ignore_throttled] parameter is deprecated because frozen indices have been deprecated. Consider cold or frozen tiers in place of frozen indices."]
2023-08-04 12:58:23,106 INFO  [com.dot.ContainerResource] (docker-java-stream-1865446083) STDOUT: 12:58:23.104  WARN  client.RestClient - request [POST http://elasticsearch:9200/cluster_c40f8aa8c9.live_20230804125756/_search?typed_keys=true&max_concurrent_shard_requests=5&ignore_unavailable=false&expand_wildcards=open&allow_no_indices=true&ignore_throttled=true&search_type=query_then_fetch&batched_reduce_size=512&ccs_minimize_roundtrips=true] returned 2 warnings: [299 Elasticsearch-7.16.1-5b38441b16b1ebb16a27c107a4c3865776e20c53 "Elasticsearch built-in security features are not enabled. Without authentication, your cluster could be accessible to anyone. See https://www.elastic.co/guide/en/elasticsearch/reference/7.16/security-minimal-setup.html to enable security."],[299 Elasticsearch-7.16.1-5b38441b16b1ebb16a27c107a4c3865776e20c53 "[ignore_throttled] parameter is deprecated because frozen indices have been deprecated. Consider cold or frozen tiers in place of frozen indices."]
2023-08-04 12:58:23,110 INFO  [com.dot.ContainerResource] (docker-java-stream-1865446083) STDOUT: 12:58:23.108  WARN  client.RestClient - request [POST http://elasticsearch:9200/cluster_c40f8aa8c9.live_20230804125756/_search?typed_keys=true&max_concurrent_shard_requests=5&ignore_unavailable=false&expand_wildcards=open&allow_no_indices=true&ignore_throttled=true&search_type=query_then_fetch&batched_reduce_size=512&ccs_minimize_roundtrips=true] returned 2 warnings: [299 Elasticsearch-7.16.1-5b38441b16b1ebb16a27c107a4c3865776e20c53 "Elasticsearch built-in security features are not enabled. Without authentication, your cluster could be accessible to anyone. See https://www.elastic.co/guide/en/elasticsearch/reference/7.16/security-minimal-setup.html to enable security."],[299 Elasticsearch-7.16.1-5b38441b16b1ebb16a27c107a4c3865776e20c53 "[ignore_throttled] parameter is deprecated because frozen indices have been deprecated. Consider cold or frozen tiers in place of frozen indices."]
2023-08-04 12:58:23,112 INFO  [com.dot.ContainerResource] (docker-java-stream-1865446083) STDOUT: 12:58:23.112  WARN  client.RestClient - request [POST http://elasticsearch:9200/cluster_c40f8aa8c9.live_20230804125756/_search?typed_keys=true&max_concurrent_shard_requests=5&ignore_unavailable=false&expand_wildcards=open&allow_no_indices=true&ignore_throttled=true&search_type=query_then_fetch&batched_reduce_size=512&ccs_minimize_roundtrips=true] returned 2 warnings: [299 Elasticsearch-7.16.1-5b38441b16b1ebb16a27c107a4c3865776e20c53 "Elasticsearch built-in security features are not enabled. Without authentication, your cluster could be accessible to anyone. See https://www.elastic.co/guide/en/elasticsearch/reference/7.16/security-minimal-setup.html to enable security."],[299 Elasticsearch-7.16.1-5b38441b16b1ebb16a27c107a4c3865776e20c53 "[ignore_throttled] parameter is deprecated because frozen indices have been deprecated. Consider cold or frozen tiers in place of frozen indices."]
2023-08-04 12:58:23,116 INFO  [com.dot.ContainerResource] (docker-java-stream-1865446083) STDOUT: 12:58:23.115  WARN  client.RestClient - request [POST http://elasticsearch:9200/cluster_c40f8aa8c9.live_20230804125756/_search?typed_keys=true&max_concurrent_shard_requests=5&ignore_unavailable=false&expand_wildcards=open&allow_no_indices=true&ignore_throttled=true&search_type=query_then_fetch&batched_reduce_size=512&ccs_minimize_roundtrips=true] returned 2 warnings: [299 Elasticsearch-7.16.1-5b38441b16b1ebb16a27c107a4c3865776e20c53 "Elasticsearch built-in security features are not enabled. Without authentication, your cluster could be accessible to anyone. See https://www.elastic.co/guide/en/elasticsearch/reference/7.16/security-minimal-setup.html to enable security."],[299 Elasticsearch-7.16.1-5b38441b16b1ebb16a27c107a4c3865776e20c53 "[ignore_throttled] parameter is deprecated because frozen indices have been deprecated. Consider cold or frozen tiers in place of frozen indices."]
2023-08-04 12:58:23,119 INFO  [com.dot.ContainerResource] (docker-java-stream-1865446083) STDOUT: 12:58:23.119  WARN  client.RestClient - request [POST http://elasticsearch:9200/cluster_c40f8aa8c9.live_20230804125756/_search?typed_keys=true&max_concurrent_shard_requests=5&ignore_unavailable=false&expand_wildcards=open&allow_no_indices=true&ignore_throttled=true&search_type=query_then_fetch&batched_reduce_size=512&ccs_minimize_roundtrips=true] returned 2 warnings: [299 Elasticsearch-7.16.1-5b38441b16b1ebb16a27c107a4c3865776e20c53 "Elasticsearch built-in security features are not enabled. Without authentication, your cluster could be accessible to anyone. See https://www.elastic.co/guide/en/elasticsearch/reference/7.16/security-minimal-setup.html to enable security."],[299 Elasticsearch-7.16.1-5b38441b16b1ebb16a27c107a4c3865776e20c53 "[ignore_throttled] parameter is deprecated because frozen indices have been deprecated. Consider cold or frozen tiers in place of frozen indices."]
2023-08-04 12:58:23,125 INFO  [com.dot.ContainerResource] (docker-java-stream-1865446083) STDOUT: 12:58:23.122  WARN  client.RestClient - request [POST http://elasticsearch:9200/cluster_c40f8aa8c9.live_20230804125756/_search?typed_keys=true&max_concurrent_shard_requests=5&ignore_unavailable=false&expand_wildcards=open&allow_no_indices=true&ignore_throttled=true&search_type=query_then_fetch&batched_reduce_size=512&ccs_minimize_roundtrips=true] returned 2 warnings: [299 Elasticsearch-7.16.1-5b38441b16b1ebb16a27c107a4c3865776e20c53 "Elasticsearch built-in security features are not enabled. Without authentication, your cluster could be accessible to anyone. See https://www.elastic.co/guide/en/elasticsearch/reference/7.16/security-minimal-setup.html to enable security."],[299 Elasticsearch-7.16.1-5b38441b16b1ebb16a27c107a4c3865776e20c53 "[ignore_throttled] parameter is deprecated because frozen indices have been deprecated. Consider cold or frozen tiers in place of frozen indices."]
2023-08-04 12:58:23,129 INFO  [com.dot.ContainerResource] (docker-java-stream-1865446083) STDOUT: 12:58:23.128  WARN  client.RestClient - request [POST http://elasticsearch:9200/cluster_c40f8aa8c9.live_20230804125756/_search?typed_keys=true&max_concurrent_shard_requests=5&ignore_unavailable=false&expand_wildcards=open&allow_no_indices=true&ignore_throttled=true&search_type=query_then_fetch&batched_reduce_size=512&ccs_minimize_roundtrips=true] returned 2 warnings: [299 Elasticsearch-7.16.1-5b38441b16b1ebb16a27c107a4c3865776e20c53 "Elasticsearch built-in security features are not enabled. Without authentication, your cluster could be accessible to anyone. See https://www.elastic.co/guide/en/elasticsearch/reference/7.16/security-minimal-setup.html to enable security."],[299 Elasticsearch-7.16.1-5b38441b16b1ebb16a27c107a4c3865776e20c53 "[ignore_throttled] parameter is deprecated because frozen indices have been deprecated. Consider cold or frozen tiers in place of frozen indices."]
2023-08-04 12:58:23,132 INFO  [com.dot.ContainerResource] (docker-java-stream-1865446083) STDOUT: 12:58:23.132  WARN  client.RestClient - request [POST http://elasticsearch:9200/cluster_c40f8aa8c9.live_20230804125756/_search?typed_keys=true&max_concurrent_shard_requests=5&ignore_unavailable=false&expand_wildcards=open&allow_no_indices=true&ignore_throttled=true&search_type=query_then_fetch&batched_reduce_size=512&ccs_minimize_roundtrips=true] returned 2 warnings: [299 Elasticsearch-7.16.1-5b38441b16b1ebb16a27c107a4c3865776e20c53 "Elasticsearch built-in security features are not enabled. Without authentication, your cluster could be accessible to anyone. See https://www.elastic.co/guide/en/elasticsearch/reference/7.16/security-minimal-setup.html to enable security."],[299 Elasticsearch-7.16.1-5b38441b16b1ebb16a27c107a4c3865776e20c53 "[ignore_throttled] parameter is deprecated because frozen indices have been deprecated. Consider cold or frozen tiers in place of frozen indices."]
2023-08-04 12:58:23,135 INFO  [com.dot.ContainerResource] (docker-java-stream-1865446083) STDOUT: 12:58:23.135  WARN  client.RestClient - request [POST http://elasticsearch:9200/cluster_c40f8aa8c9.live_20230804125756/_search?typed_keys=true&max_concurrent_shard_requests=5&ignore_unavailable=false&expand_wildcards=open&allow_no_indices=true&ignore_throttled=true&search_type=query_then_fetch&batched_reduce_size=512&ccs_minimize_roundtrips=true] returned 2 warnings: [299 Elasticsearch-7.16.1-5b38441b16b1ebb16a27c107a4c3865776e20c53 "Elasticsearch built-in security features are not enabled. Without authentication, your cluster could be accessible to anyone. See https://www.elastic.co/guide/en/elasticsearch/reference/7.16/security-minimal-setup.html to enable security."],[299 Elasticsearch-7.16.1-5b38441b16b1ebb16a27c107a4c3865776e20c53 "[ignore_throttled] parameter is deprecated because frozen indices have been deprecated. Consider cold or frozen tiers in place of frozen indices."]
2023-08-04 12:58:23,138 INFO  [com.dot.ContainerResource] (docker-java-stream-1865446083) STDOUT: 12:58:23.138  WARN  client.RestClient - request [POST http://elasticsearch:9200/cluster_c40f8aa8c9.live_20230804125756/_search?typed_keys=true&max_concurrent_shard_requests=5&ignore_unavailable=false&expand_wildcards=open&allow_no_indices=true&ignore_throttled=true&search_type=query_then_fetch&batched_reduce_size=512&ccs_minimize_roundtrips=true] returned 2 warnings: [299 Elasticsearch-7.16.1-5b38441b16b1ebb16a27c107a4c3865776e20c53 "Elasticsearch built-in security features are not enabled. Without authentication, your cluster could be accessible to anyone. See https://www.elastic.co/guide/en/elasticsearch/reference/7.16/security-minimal-setup.html to enable security."],[299 Elasticsearch-7.16.1-5b38441b16b1ebb16a27c107a4c3865776e20c53 "[ignore_throttled] parameter is deprecated because frozen indices have been deprecated. Consider cold or frozen tiers in place of frozen indices."]
2023-08-04 12:58:23,140 INFO  [com.dot.ContainerResource] (docker-java-stream-1865446083) STDOUT: 12:58:23.140  WARN  client.RestClient - request [POST http://elasticsearch:9200/cluster_c40f8aa8c9.live_20230804125756/_search?typed_keys=true&max_concurrent_shard_requests=5&ignore_unavailable=false&expand_wildcards=open&allow_no_indices=true&ignore_throttled=true&search_type=query_then_fetch&batched_reduce_size=512&ccs_minimize_roundtrips=true] returned 2 warnings: [299 Elasticsearch-7.16.1-5b38441b16b1ebb16a27c107a4c3865776e20c53 "Elasticsearch built-in security features are not enabled. Without authentication, your cluster could be accessible to anyone. See https://www.elastic.co/guide/en/elasticsearch/reference/7.16/security-minimal-setup.html to enable security."],[299 Elasticsearch-7.16.1-5b38441b16b1ebb16a27c107a4c3865776e20c53 "[ignore_throttled] parameter is deprecated because frozen indices have been deprecated. Consider cold or frozen tiers in place of frozen indices."]
2023-08-04 12:58:23,149 INFO  [com.dot.ContainerResource] (docker-java-stream-1865446083) STDOUT: 12:58:23.148  WARN  client.RestClient - request [POST http://elasticsearch:9200/cluster_c40f8aa8c9.live_20230804125756/_search?typed_keys=true&max_concurrent_shard_requests=5&ignore_unavailable=false&expand_wildcards=open&allow_no_indices=true&ignore_throttled=true&search_type=query_then_fetch&batched_reduce_size=512&ccs_minimize_roundtrips=true] returned 2 warnings: [299 Elasticsearch-7.16.1-5b38441b16b1ebb16a27c107a4c3865776e20c53 "Elasticsearch built-in security features are not enabled. Without authentication, your cluster could be accessible to anyone. See https://www.elastic.co/guide/en/elasticsearch/reference/7.16/security-minimal-setup.html to enable security."],[299 Elasticsearch-7.16.1-5b38441b16b1ebb16a27c107a4c3865776e20c53 "[ignore_throttled] parameter is deprecated because frozen indices have been deprecated. Consider cold or frozen tiers in place of frozen indices."]
2023-08-04 12:58:23,161 INFO  [com.dot.ContainerResource] (docker-java-stream-1865446083) STDOUT: 12:58:23.160  WARN  client.RestClient - request [POST http://elasticsearch:9200/cluster_c40f8aa8c9.live_20230804125756/_search?typed_keys=true&max_concurrent_shard_requests=5&ignore_unavailable=false&expand_wildcards=open&allow_no_indices=true&ignore_throttled=true&search_type=query_then_fetch&batched_reduce_size=512&ccs_minimize_roundtrips=true] returned 2 warnings: [299 Elasticsearch-7.16.1-5b38441b16b1ebb16a27c107a4c3865776e20c53 "Elasticsearch built-in security features are not enabled. Without authentication, your cluster could be accessible to anyone. See https://www.elastic.co/guide/en/elasticsearch/reference/7.16/security-minimal-setup.html to enable security."],[299 Elasticsearch-7.16.1-5b38441b16b1ebb16a27c107a4c3865776e20c53 "[ignore_throttled] parameter is deprecated because frozen indices have been deprecated. Consider cold or frozen tiers in place of frozen indices."]
2023-08-04 12:58:23,166 INFO  [com.dot.ContainerResource] (docker-java-stream-1865446083) STDOUT: 12:58:23.165  WARN  client.RestClient - request [POST http://elasticsearch:9200/cluster_c40f8aa8c9.live_20230804125756/_search?typed_keys=true&max_concurrent_shard_requests=5&ignore_unavailable=false&expand_wildcards=open&allow_no_indices=true&ignore_throttled=true&search_type=query_then_fetch&batched_reduce_size=512&ccs_minimize_roundtrips=true] returned 2 warnings: [299 Elasticsearch-7.16.1-5b38441b16b1ebb16a27c107a4c3865776e20c53 "Elasticsearch built-in security features are not enabled. Without authentication, your cluster could be accessible to anyone. See https://www.elastic.co/guide/en/elasticsearch/reference/7.16/security-minimal-setup.html to enable security."],[299 Elasticsearch-7.16.1-5b38441b16b1ebb16a27c107a4c3865776e20c53 "[ignore_throttled] parameter is deprecated because frozen indices have been deprecated. Consider cold or frozen tiers in place of frozen indices."]
2023-08-04 12:58:23,170 INFO  [com.dot.ContainerResource] (docker-java-stream-1865446083) STDOUT: 12:58:23.169  WARN  client.RestClient - request [POST http://elasticsearch:9200/cluster_c40f8aa8c9.live_20230804125756/_search?typed_keys=true&max_concurrent_shard_requests=5&ignore_unavailable=false&expand_wildcards=open&allow_no_indices=true&ignore_throttled=true&search_type=query_then_fetch&batched_reduce_size=512&ccs_minimize_roundtrips=true] returned 2 warnings: [299 Elasticsearch-7.16.1-5b38441b16b1ebb16a27c107a4c3865776e20c53 "Elasticsearch built-in security features are not enabled. Without authentication, your cluster could be accessible to anyone. See https://www.elastic.co/guide/en/elasticsearch/reference/7.16/security-minimal-setup.html to enable security."],[299 Elasticsearch-7.16.1-5b38441b16b1ebb16a27c107a4c3865776e20c53 "[ignore_throttled] parameter is deprecated because frozen indices have been deprecated. Consider cold or frozen tiers in place of frozen indices."]
2023-08-04 12:58:23,174 INFO  [com.dot.ContainerResource] (docker-java-stream-1865446083) STDOUT: 12:58:23.173  WARN  client.RestClient - request [POST http://elasticsearch:9200/cluster_c40f8aa8c9.live_20230804125756/_search?typed_keys=true&max_concurrent_shard_requests=5&ignore_unavailable=false&expand_wildcards=open&allow_no_indices=true&ignore_throttled=true&search_type=query_then_fetch&batched_reduce_size=512&ccs_minimize_roundtrips=true] returned 2 warnings: [299 Elasticsearch-7.16.1-5b38441b16b1ebb16a27c107a4c3865776e20c53 "Elasticsearch built-in security features are not enabled. Without authentication, your cluster could be accessible to anyone. See https://www.elastic.co/guide/en/elasticsearch/reference/7.16/security-minimal-setup.html to enable security."],[299 Elasticsearch-7.16.1-5b38441b16b1ebb16a27c107a4c3865776e20c53 "[ignore_throttled] parameter is deprecated because frozen indices have been deprecated. Consider cold or frozen tiers in place of frozen indices."]
2023-08-04 12:58:23,181 INFO  [com.dot.ContainerResource] (docker-java-stream-1865446083) STDOUT: 12:58:23.180  WARN  client.RestClient - request [POST http://elasticsearch:9200/cluster_c40f8aa8c9.live_20230804125756/_search?typed_keys=true&max_concurrent_shard_requests=5&ignore_unavailable=false&expand_wildcards=open&allow_no_indices=true&ignore_throttled=true&search_type=query_then_fetch&batched_reduce_size=512&ccs_minimize_roundtrips=true] returned 2 warnings: [299 Elasticsearch-7.16.1-5b38441b16b1ebb16a27c107a4c3865776e20c53 "Elasticsearch built-in security features are not enabled. Without authentication, your cluster could be accessible to anyone. See https://www.elastic.co/guide/en/elasticsearch/reference/7.16/security-minimal-setup.html to enable security."],[299 Elasticsearch-7.16.1-5b38441b16b1ebb16a27c107a4c3865776e20c53 "[ignore_throttled] parameter is deprecated because frozen indices have been deprecated. Consider cold or frozen tiers in place of frozen indices."]
2023-08-04 12:58:23,185 INFO  [com.dot.ContainerResource] (docker-java-stream-1865446083) STDOUT: 12:58:23.184  WARN  client.RestClient - request [POST http://elasticsearch:9200/cluster_c40f8aa8c9.live_20230804125756/_search?typed_keys=true&max_concurrent_shard_requests=5&ignore_unavailable=false&expand_wildcards=open&allow_no_indices=true&ignore_throttled=true&search_type=query_then_fetch&batched_reduce_size=512&ccs_minimize_roundtrips=true] returned 2 warnings: [299 Elasticsearch-7.16.1-5b38441b16b1ebb16a27c107a4c3865776e20c53 "Elasticsearch built-in security features are not enabled. Without authentication, your cluster could be accessible to anyone. See https://www.elastic.co/guide/en/elasticsearch/reference/7.16/security-minimal-setup.html to enable security."],[299 Elasticsearch-7.16.1-5b38441b16b1ebb16a27c107a4c3865776e20c53 "[ignore_throttled] parameter is deprecated because frozen indices have been deprecated. Consider cold or frozen tiers in place of frozen indices."]
2023-08-04 12:58:23,189 INFO  [com.dot.ContainerResource] (docker-java-stream-1865446083) STDOUT: 12:58:23.187  WARN  client.RestClient - request [POST http://elasticsearch:9200/cluster_c40f8aa8c9.live_20230804125756/_search?typed_keys=true&max_concurrent_shard_requests=5&ignore_unavailable=false&expand_wildcards=open&allow_no_indices=true&ignore_throttled=true&search_type=query_then_fetch&batched_reduce_size=512&ccs_minimize_roundtrips=true] returned 2 warnings: [299 Elasticsearch-7.16.1-5b38441b16b1ebb16a27c107a4c3865776e20c53 "Elasticsearch built-in security features are not enabled. Without authentication, your cluster could be accessible to anyone. See https://www.elastic.co/guide/en/elasticsearch/reference/7.16/security-minimal-setup.html to enable security."],[299 Elasticsearch-7.16.1-5b38441b16b1ebb16a27c107a4c3865776e20c53 "[ignore_throttled] parameter is deprecated because frozen indices have been deprecated. Consider cold or frozen tiers in place of frozen indices."]
2023-08-04 12:58:23,196 INFO  [com.dot.ContainerResource] (docker-java-stream-1865446083) STDOUT: 12:58:23.195  WARN  client.RestClient - request [POST http://elasticsearch:9200/cluster_c40f8aa8c9.live_20230804125756/_search?typed_keys=true&max_concurrent_shard_requests=5&ignore_unavailable=false&expand_wildcards=open&allow_no_indices=true&ignore_throttled=true&search_type=query_then_fetch&batched_reduce_size=512&ccs_minimize_roundtrips=true] returned 2 warnings: [299 Elasticsearch-7.16.1-5b38441b16b1ebb16a27c107a4c3865776e20c53 "Elasticsearch built-in security features are not enabled. Without authentication, your cluster could be accessible to anyone. See https://www.elastic.co/guide/en/elasticsearch/reference/7.16/security-minimal-setup.html to enable security."],[299 Elasticsearch-7.16.1-5b38441b16b1ebb16a27c107a4c3865776e20c53 "[ignore_throttled] parameter is deprecated because frozen indices have been deprecated. Consider cold or frozen tiers in place of frozen indices."]
2023-08-04 12:58:23,200 INFO  [com.dot.ContainerResource] (docker-java-stream-1865446083) STDOUT: 12:58:23.200  WARN  client.RestClient - request [POST http://elasticsearch:9200/cluster_c40f8aa8c9.live_20230804125756/_search?typed_keys=true&max_concurrent_shard_requests=5&ignore_unavailable=false&expand_wildcards=open&allow_no_indices=true&ignore_throttled=true&search_type=query_then_fetch&batched_reduce_size=512&ccs_minimize_roundtrips=true] returned 2 warnings: [299 Elasticsearch-7.16.1-5b38441b16b1ebb16a27c107a4c3865776e20c53 "Elasticsearch built-in security features are not enabled. Without authentication, your cluster could be accessible to anyone. See https://www.elastic.co/guide/en/elasticsearch/reference/7.16/security-minimal-setup.html to enable security."],[299 Elasticsearch-7.16.1-5b38441b16b1ebb16a27c107a4c3865776e20c53 "[ignore_throttled] parameter is deprecated because frozen indices have been deprecated. Consider cold or frozen tiers in place of frozen indices."]
2023-08-04 12:58:23,205 INFO  [com.dot.ContainerResource] (docker-java-stream-1865446083) STDOUT: 12:58:23.204  WARN  client.RestClient - request [POST http://elasticsearch:9200/cluster_c40f8aa8c9.live_20230804125756/_search?typed_keys=true&max_concurrent_shard_requests=5&ignore_unavailable=false&expand_wildcards=open&allow_no_indices=true&ignore_throttled=true&search_type=query_then_fetch&batched_reduce_size=512&ccs_minimize_roundtrips=true] returned 2 warnings: [299 Elasticsearch-7.16.1-5b38441b16b1ebb16a27c107a4c3865776e20c53 "Elasticsearch built-in security features are not enabled. Without authentication, your cluster could be accessible to anyone. See https://www.elastic.co/guide/en/elasticsearch/reference/7.16/security-minimal-setup.html to enable security."],[299 Elasticsearch-7.16.1-5b38441b16b1ebb16a27c107a4c3865776e20c53 "[ignore_throttled] parameter is deprecated because frozen indices have been deprecated. Consider cold or frozen tiers in place of frozen indices."]
2023-08-04 12:58:23,209 INFO  [com.dot.ContainerResource] (docker-java-stream-1865446083) STDOUT: 12:58:23.208  WARN  client.RestClient - request [POST http://elasticsearch:9200/cluster_c40f8aa8c9.live_20230804125756/_search?typed_keys=true&max_concurrent_shard_requests=5&ignore_unavailable=false&expand_wildcards=open&allow_no_indices=true&ignore_throttled=true&search_type=query_then_fetch&batched_reduce_size=512&ccs_minimize_roundtrips=true] returned 2 warnings: [299 Elasticsearch-7.16.1-5b38441b16b1ebb16a27c107a4c3865776e20c53 "Elasticsearch built-in security features are not enabled. Without authentication, your cluster could be accessible to anyone. See https://www.elastic.co/guide/en/elasticsearch/reference/7.16/security-minimal-setup.html to enable security."],[299 Elasticsearch-7.16.1-5b38441b16b1ebb16a27c107a4c3865776e20c53 "[ignore_throttled] parameter is deprecated because frozen indices have been deprecated. Consider cold or frozen tiers in place of frozen indices."]
2023-08-04 12:58:23,213 INFO  [com.dot.ContainerResource] (docker-java-stream-1865446083) STDOUT: 12:58:23.212  WARN  client.RestClient - request [POST http://elasticsearch:9200/cluster_c40f8aa8c9.live_20230804125756/_search?typed_keys=true&max_concurrent_shard_requests=5&ignore_unavailable=false&expand_wildcards=open&allow_no_indices=true&ignore_throttled=true&search_type=query_then_fetch&batched_reduce_size=512&ccs_minimize_roundtrips=true] returned 2 warnings: [299 Elasticsearch-7.16.1-5b38441b16b1ebb16a27c107a4c3865776e20c53 "Elasticsearch built-in security features are not enabled. Without authentication, your cluster could be accessible to anyone. See https://www.elastic.co/guide/en/elasticsearch/reference/7.16/security-minimal-setup.html to enable security."],[299 Elasticsearch-7.16.1-5b38441b16b1ebb16a27c107a4c3865776e20c53 "[ignore_throttled] parameter is deprecated because frozen indices have been deprecated. Consider cold or frozen tiers in place of frozen indices."]
2023-08-04 12:58:23,216 INFO  [com.dot.ContainerResource] (docker-java-stream-1865446083) STDOUT: 12:58:23.216  WARN  client.RestClient - request [POST http://elasticsearch:9200/cluster_c40f8aa8c9.live_20230804125756/_search?typed_keys=true&max_concurrent_shard_requests=5&ignore_unavailable=false&expand_wildcards=open&allow_no_indices=true&ignore_throttled=true&search_type=query_then_fetch&batched_reduce_size=512&ccs_minimize_roundtrips=true] returned 2 warnings: [299 Elasticsearch-7.16.1-5b38441b16b1ebb16a27c107a4c3865776e20c53 "Elasticsearch built-in security features are not enabled. Without authentication, your cluster could be accessible to anyone. See https://www.elastic.co/guide/en/elasticsearch/reference/7.16/security-minimal-setup.html to enable security."],[299 Elasticsearch-7.16.1-5b38441b16b1ebb16a27c107a4c3865776e20c53 "[ignore_throttled] parameter is deprecated because frozen indices have been deprecated. Consider cold or frozen tiers in place of frozen indices."]
2023-08-04 12:58:23,220 INFO  [com.dot.ContainerResource] (docker-java-stream-1865446083) STDOUT: 12:58:23.220  WARN  client.RestClient - request [POST http://elasticsearch:9200/cluster_c40f8aa8c9.live_20230804125756/_search?typed_keys=true&max_concurrent_shard_requests=5&ignore_unavailable=false&expand_wildcards=open&allow_no_indices=true&ignore_throttled=true&search_type=query_then_fetch&batched_reduce_size=512&ccs_minimize_roundtrips=true] returned 2 warnings: [299 Elasticsearch-7.16.1-5b38441b16b1ebb16a27c107a4c3865776e20c53 "Elasticsearch built-in security features are not enabled. Without authentication, your cluster could be accessible to anyone. See https://www.elastic.co/guide/en/elasticsearch/reference/7.16/security-minimal-setup.html to enable security."],[299 Elasticsearch-7.16.1-5b38441b16b1ebb16a27c107a4c3865776e20c53 "[ignore_throttled] parameter is deprecated because frozen indices have been deprecated. Consider cold or frozen tiers in place of frozen indices."]
2023-08-04 12:58:23,224 INFO  [com.dot.ContainerResource] (docker-java-stream-1865446083) STDOUT: 12:58:23.223  WARN  client.RestClient - request [POST http://elasticsearch:9200/cluster_c40f8aa8c9.live_20230804125756/_search?typed_keys=true&max_concurrent_shard_requests=5&ignore_unavailable=false&expand_wildcards=open&allow_no_indices=true&ignore_throttled=true&search_type=query_then_fetch&batched_reduce_size=512&ccs_minimize_roundtrips=true] returned 2 warnings: [299 Elasticsearch-7.16.1-5b38441b16b1ebb16a27c107a4c3865776e20c53 "Elasticsearch built-in security features are not enabled. Without authentication, your cluster could be accessible to anyone. See https://www.elastic.co/guide/en/elasticsearch/reference/7.16/security-minimal-setup.html to enable security."],[299 Elasticsearch-7.16.1-5b38441b16b1ebb16a27c107a4c3865776e20c53 "[ignore_throttled] parameter is deprecated because frozen indices have been deprecated. Consider cold or frozen tiers in place of frozen indices."]
2023-08-04 12:58:23,228 INFO  [com.dot.ContainerResource] (docker-java-stream-1865446083) STDOUT: 12:58:23.228  WARN  client.RestClient - request [POST http://elasticsearch:9200/cluster_c40f8aa8c9.live_20230804125756/_search?typed_keys=true&max_concurrent_shard_requests=5&ignore_unavailable=false&expand_wildcards=open&allow_no_indices=true&ignore_throttled=true&search_type=query_then_fetch&batched_reduce_size=512&ccs_minimize_roundtrips=true] returned 2 warnings: [299 Elasticsearch-7.16.1-5b38441b16b1ebb16a27c107a4c3865776e20c53 "Elasticsearch built-in security features are not enabled. Without authentication, your cluster could be accessible to anyone. See https://www.elastic.co/guide/en/elasticsearch/reference/7.16/security-minimal-setup.html to enable security."],[299 Elasticsearch-7.16.1-5b38441b16b1ebb16a27c107a4c3865776e20c53 "[ignore_throttled] parameter is deprecated because frozen indices have been deprecated. Consider cold or frozen tiers in place of frozen indices."]
2023-08-04 12:58:23,234 INFO  [com.dot.ContainerResource] (docker-java-stream-1865446083) STDOUT: 12:58:23.234  WARN  client.RestClient - request [POST http://elasticsearch:9200/cluster_c40f8aa8c9.live_20230804125756/_search?typed_keys=true&max_concurrent_shard_requests=5&ignore_unavailable=false&expand_wildcards=open&allow_no_indices=true&ignore_throttled=true&search_type=query_then_fetch&batched_reduce_size=512&ccs_minimize_roundtrips=true] returned 2 warnings: [299 Elasticsearch-7.16.1-5b38441b16b1ebb16a27c107a4c3865776e20c53 "Elasticsearch built-in security features are not enabled. Without authentication, your cluster could be accessible to anyone. See https://www.elastic.co/guide/en/elasticsearch/reference/7.16/security-minimal-setup.html to enable security."],[299 Elasticsearch-7.16.1-5b38441b16b1ebb16a27c107a4c3865776e20c53 "[ignore_throttled] parameter is deprecated because frozen indices have been deprecated. Consider cold or frozen tiers in place of frozen indices."]
2023-08-04 12:58:23,254 INFO  [com.dot.ContainerResource] (docker-java-stream-1865446083) STDOUT: 12:58:23.249  WARN  client.RestClient - request [POST http://elasticsearch:9200/cluster_c40f8aa8c9.live_20230804125756/_search?typed_keys=true&max_concurrent_shard_requests=5&ignore_unavailable=false&expand_wildcards=open&allow_no_indices=true&ignore_throttled=true&search_type=query_then_fetch&batched_reduce_size=512&ccs_minimize_roundtrips=true] returned 2 warnings: [299 Elasticsearch-7.16.1-5b38441b16b1ebb16a27c107a4c3865776e20c53 "Elasticsearch built-in security features are not enabled. Without authentication, your cluster could be accessible to anyone. See https://www.elastic.co/guide/en/elasticsearch/reference/7.16/security-minimal-setup.html to enable security."],[299 Elasticsearch-7.16.1-5b38441b16b1ebb16a27c107a4c3865776e20c53 "[ignore_throttled] parameter is deprecated because frozen indices have been deprecated. Consider cold or frozen tiers in place of frozen indices."]
2023-08-04 12:58:23,260 INFO  [com.dot.ContainerResource] (docker-java-stream-1865446083) STDOUT: 12:58:23.259  WARN  client.RestClient - request [POST http://elasticsearch:9200/cluster_c40f8aa8c9.live_20230804125756/_search?typed_keys=true&max_concurrent_shard_requests=5&ignore_unavailable=false&expand_wildcards=open&allow_no_indices=true&ignore_throttled=true&search_type=query_then_fetch&batched_reduce_size=512&ccs_minimize_roundtrips=true] returned 2 warnings: [299 Elasticsearch-7.16.1-5b38441b16b1ebb16a27c107a4c3865776e20c53 "Elasticsearch built-in security features are not enabled. Without authentication, your cluster could be accessible to anyone. See https://www.elastic.co/guide/en/elasticsearch/reference/7.16/security-minimal-setup.html to enable security."],[299 Elasticsearch-7.16.1-5b38441b16b1ebb16a27c107a4c3865776e20c53 "[ignore_throttled] parameter is deprecated because frozen indices have been deprecated. Consider cold or frozen tiers in place of frozen indices."]
2023-08-04 12:58:23,265 INFO  [com.dot.ContainerResource] (docker-java-stream-1865446083) STDOUT: 12:58:23.265  WARN  client.RestClient - request [POST http://elasticsearch:9200/cluster_c40f8aa8c9.live_20230804125756/_search?typed_keys=true&max_concurrent_shard_requests=5&ignore_unavailable=false&expand_wildcards=open&allow_no_indices=true&ignore_throttled=true&search_type=query_then_fetch&batched_reduce_size=512&ccs_minimize_roundtrips=true] returned 2 warnings: [299 Elasticsearch-7.16.1-5b38441b16b1ebb16a27c107a4c3865776e20c53 "Elasticsearch built-in security features are not enabled. Without authentication, your cluster could be accessible to anyone. See https://www.elastic.co/guide/en/elasticsearch/reference/7.16/security-minimal-setup.html to enable security."],[299 Elasticsearch-7.16.1-5b38441b16b1ebb16a27c107a4c3865776e20c53 "[ignore_throttled] parameter is deprecated because frozen indices have been deprecated. Consider cold or frozen tiers in place of frozen indices."]
2023-08-04 12:58:23,269 INFO  [com.dot.ContainerResource] (docker-java-stream-1865446083) STDOUT: 12:58:23.269  WARN  client.RestClient - request [POST http://elasticsearch:9200/cluster_c40f8aa8c9.live_20230804125756/_search?typed_keys=true&max_concurrent_shard_requests=5&ignore_unavailable=false&expand_wildcards=open&allow_no_indices=true&ignore_throttled=true&search_type=query_then_fetch&batched_reduce_size=512&ccs_minimize_roundtrips=true] returned 2 warnings: [299 Elasticsearch-7.16.1-5b38441b16b1ebb16a27c107a4c3865776e20c53 "Elasticsearch built-in security features are not enabled. Without authentication, your cluster could be accessible to anyone. See https://www.elastic.co/guide/en/elasticsearch/reference/7.16/security-minimal-setup.html to enable security."],[299 Elasticsearch-7.16.1-5b38441b16b1ebb16a27c107a4c3865776e20c53 "[ignore_throttled] parameter is deprecated because frozen indices have been deprecated. Consider cold or frozen tiers in place of frozen indices."]
2023-08-04 12:58:23,275 INFO  [com.dot.ContainerResource] (docker-java-stream-1865446083) STDOUT: 12:58:23.274  WARN  client.RestClient - request [POST http://elasticsearch:9200/cluster_c40f8aa8c9.live_20230804125756/_search?typed_keys=true&max_concurrent_shard_requests=5&ignore_unavailable=false&expand_wildcards=open&allow_no_indices=true&ignore_throttled=true&search_type=query_then_fetch&batched_reduce_size=512&ccs_minimize_roundtrips=true] returned 2 warnings: [299 Elasticsearch-7.16.1-5b38441b16b1ebb16a27c107a4c3865776e20c53 "Elasticsearch built-in security features are not enabled. Without authentication, your cluster could be accessible to anyone. See https://www.elastic.co/guide/en/elasticsearch/reference/7.16/security-minimal-setup.html to enable security."],[299 Elasticsearch-7.16.1-5b38441b16b1ebb16a27c107a4c3865776e20c53 "[ignore_throttled] parameter is deprecated because frozen indices have been deprecated. Consider cold or frozen tiers in place of frozen indices."]
2023-08-04 12:58:23,278 INFO  [com.dot.ContainerResource] (docker-java-stream-1865446083) STDOUT: 12:58:23.278  WARN  client.RestClient - request [POST http://elasticsearch:9200/cluster_c40f8aa8c9.live_20230804125756/_search?typed_keys=true&max_concurrent_shard_requests=5&ignore_unavailable=false&expand_wildcards=open&allow_no_indices=true&ignore_throttled=true&search_type=query_then_fetch&batched_reduce_size=512&ccs_minimize_roundtrips=true] returned 2 warnings: [299 Elasticsearch-7.16.1-5b38441b16b1ebb16a27c107a4c3865776e20c53 "Elasticsearch built-in security features are not enabled. Without authentication, your cluster could be accessible to anyone. See https://www.elastic.co/guide/en/elasticsearch/reference/7.16/security-minimal-setup.html to enable security."],[299 Elasticsearch-7.16.1-5b38441b16b1ebb16a27c107a4c3865776e20c53 "[ignore_throttled] parameter is deprecated because frozen indices have been deprecated. Consider cold or frozen tiers in place of frozen indices."]
2023-08-04 12:58:23,289 INFO  [com.dot.ContainerResource] (docker-java-stream-1865446083) STDOUT: 12:58:23.281  WARN  client.RestClient - request [POST http://elasticsearch:9200/cluster_c40f8aa8c9.live_20230804125756/_search?typed_keys=true&max_concurrent_shard_requests=5&ignore_unavailable=false&expand_wildcards=open&allow_no_indices=true&ignore_throttled=true&search_type=query_then_fetch&batched_reduce_size=512&ccs_minimize_roundtrips=true] returned 2 warnings: [299 Elasticsearch-7.16.1-5b38441b16b1ebb16a27c107a4c3865776e20c53 "Elasticsearch built-in security features are not enabled. Without authentication, your cluster could be accessible to anyone. See https://www.elastic.co/guide/en/elasticsearch/reference/7.16/security-minimal-setup.html to enable security."],[299 Elasticsearch-7.16.1-5b38441b16b1ebb16a27c107a4c3865776e20c53 "[ignore_throttled] parameter is deprecated because frozen indices have been deprecated. Consider cold or frozen tiers in place of frozen indices."]
2023-08-04 12:58:23,289 INFO  [com.dot.ContainerResource] (docker-java-stream-1865446083) STDOUT: 12:58:23.285  WARN  client.RestClient - request [POST http://elasticsearch:9200/cluster_c40f8aa8c9.live_20230804125756/_search?typed_keys=true&max_concurrent_shard_requests=5&ignore_unavailable=false&expand_wildcards=open&allow_no_indices=true&ignore_throttled=true&search_type=query_then_fetch&batched_reduce_size=512&ccs_minimize_roundtrips=true] returned 2 warnings: [299 Elasticsearch-7.16.1-5b38441b16b1ebb16a27c107a4c3865776e20c53 "Elasticsearch built-in security features are not enabled. Without authentication, your cluster could be accessible to anyone. See https://www.elastic.co/guide/en/elasticsearch/reference/7.16/security-minimal-setup.html to enable security."],[299 Elasticsearch-7.16.1-5b38441b16b1ebb16a27c107a4c3865776e20c53 "[ignore_throttled] parameter is deprecated because frozen indices have been deprecated. Consider cold or frozen tiers in place of frozen indices."]
2023-08-04 12:58:23,290 INFO  [com.dot.ContainerResource] (docker-java-stream-1865446083) STDOUT: 12:58:23.287  WARN  client.RestClient - request [POST http://elasticsearch:9200/cluster_c40f8aa8c9.live_20230804125756/_search?typed_keys=true&max_concurrent_shard_requests=5&ignore_unavailable=false&expand_wildcards=open&allow_no_indices=true&ignore_throttled=true&search_type=query_then_fetch&batched_reduce_size=512&ccs_minimize_roundtrips=true] returned 2 warnings: [299 Elasticsearch-7.16.1-5b38441b16b1ebb16a27c107a4c3865776e20c53 "Elasticsearch built-in security features are not enabled. Without authentication, your cluster could be accessible to anyone. See https://www.elastic.co/guide/en/elasticsearch/reference/7.16/security-minimal-setup.html to enable security."],[299 Elasticsearch-7.16.1-5b38441b16b1ebb16a27c107a4c3865776e20c53 "[ignore_throttled] parameter is deprecated because frozen indices have been deprecated. Consider cold or frozen tiers in place of frozen indices."]
2023-08-04 12:58:23,301 INFO  [com.dot.ContainerResource] (docker-java-stream-1865446083) STDOUT: 12:58:23.301  WARN  client.RestClient - request [POST http://elasticsearch:9200/cluster_c40f8aa8c9.live_20230804125756/_search?typed_keys=true&max_concurrent_shard_requests=5&ignore_unavailable=false&expand_wildcards=open&allow_no_indices=true&ignore_throttled=true&search_type=query_then_fetch&batched_reduce_size=512&ccs_minimize_roundtrips=true] returned 2 warnings: [299 Elasticsearch-7.16.1-5b38441b16b1ebb16a27c107a4c3865776e20c53 "Elasticsearch built-in security features are not enabled. Without authentication, your cluster could be accessible to anyone. See https://www.elastic.co/guide/en/elasticsearch/reference/7.16/security-minimal-setup.html to enable security."],[299 Elasticsearch-7.16.1-5b38441b16b1ebb16a27c107a4c3865776e20c53 "[ignore_throttled] parameter is deprecated because frozen indices have been deprecated. Consider cold or frozen tiers in place of frozen indices."]
2023-08-04 12:58:23,311 INFO  [com.dot.ContainerResource] (docker-java-stream-1865446083) STDOUT: 12:58:23.307  WARN  client.RestClient - request [POST http://elasticsearch:9200/cluster_c40f8aa8c9.live_20230804125756/_search?typed_keys=true&max_concurrent_shard_requests=5&ignore_unavailable=false&expand_wildcards=open&allow_no_indices=true&ignore_throttled=true&search_type=query_then_fetch&batched_reduce_size=512&ccs_minimize_roundtrips=true] returned 2 warnings: [299 Elasticsearch-7.16.1-5b38441b16b1ebb16a27c107a4c3865776e20c53 "Elasticsearch built-in security features are not enabled. Without authentication, your cluster could be accessible to anyone. See https://www.elastic.co/guide/en/elasticsearch/reference/7.16/security-minimal-setup.html to enable security."],[299 Elasticsearch-7.16.1-5b38441b16b1ebb16a27c107a4c3865776e20c53 "[ignore_throttled] parameter is deprecated because frozen indices have been deprecated. Consider cold or frozen tiers in place of frozen indices."]
2023-08-04 12:58:23,311 INFO  [com.dot.ContainerResource] (docker-java-stream-1865446083) STDOUT: 12:58:23.310  WARN  client.RestClient - request [POST http://elasticsearch:9200/cluster_c40f8aa8c9.live_20230804125756/_search?typed_keys=true&max_concurrent_shard_requests=5&ignore_unavailable=false&expand_wildcards=open&allow_no_indices=true&ignore_throttled=true&search_type=query_then_fetch&batched_reduce_size=512&ccs_minimize_roundtrips=true] returned 2 warnings: [299 Elasticsearch-7.16.1-5b38441b16b1ebb16a27c107a4c3865776e20c53 "Elasticsearch built-in security features are not enabled. Without authentication, your cluster could be accessible to anyone. See https://www.elastic.co/guide/en/elasticsearch/reference/7.16/security-minimal-setup.html to enable security."],[299 Elasticsearch-7.16.1-5b38441b16b1ebb16a27c107a4c3865776e20c53 "[ignore_throttled] parameter is deprecated because frozen indices have been deprecated. Consider cold or frozen tiers in place of frozen indices."]
2023-08-04 12:58:23,316 INFO  [com.dot.ContainerResource] (docker-java-stream-1865446083) STDOUT: 12:58:23.315  WARN  client.RestClient - request [POST http://elasticsearch:9200/cluster_c40f8aa8c9.live_20230804125756/_search?typed_keys=true&max_concurrent_shard_requests=5&ignore_unavailable=false&expand_wildcards=open&allow_no_indices=true&ignore_throttled=true&search_type=query_then_fetch&batched_reduce_size=512&ccs_minimize_roundtrips=true] returned 2 warnings: [299 Elasticsearch-7.16.1-5b38441b16b1ebb16a27c107a4c3865776e20c53 "Elasticsearch built-in security features are not enabled. Without authentication, your cluster could be accessible to anyone. See https://www.elastic.co/guide/en/elasticsearch/reference/7.16/security-minimal-setup.html to enable security."],[299 Elasticsearch-7.16.1-5b38441b16b1ebb16a27c107a4c3865776e20c53 "[ignore_throttled] parameter is deprecated because frozen indices have been deprecated. Consider cold or frozen tiers in place of frozen indices."]
2023-08-04 12:58:23,319 INFO  [com.dot.ContainerResource] (docker-java-stream-1865446083) STDOUT: 12:58:23.318  WARN  client.RestClient - request [POST http://elasticsearch:9200/cluster_c40f8aa8c9.live_20230804125756/_search?typed_keys=true&max_concurrent_shard_requests=5&ignore_unavailable=false&expand_wildcards=open&allow_no_indices=true&ignore_throttled=true&search_type=query_then_fetch&batched_reduce_size=512&ccs_minimize_roundtrips=true] returned 2 warnings: [299 Elasticsearch-7.16.1-5b38441b16b1ebb16a27c107a4c3865776e20c53 "Elasticsearch built-in security features are not enabled. Without authentication, your cluster could be accessible to anyone. See https://www.elastic.co/guide/en/elasticsearch/reference/7.16/security-minimal-setup.html to enable security."],[299 Elasticsearch-7.16.1-5b38441b16b1ebb16a27c107a4c3865776e20c53 "[ignore_throttled] parameter is deprecated because frozen indices have been deprecated. Consider cold or frozen tiers in place of frozen indices."]
2023-08-04 12:58:23,329 INFO  [com.dot.ContainerResource] (docker-java-stream-1865446083) STDOUT: 12:58:23.328  WARN  client.RestClient - request [POST http://elasticsearch:9200/cluster_c40f8aa8c9.live_20230804125756/_search?typed_keys=true&max_concurrent_shard_requests=5&ignore_unavailable=false&expand_wildcards=open&allow_no_indices=true&ignore_throttled=true&search_type=query_then_fetch&batched_reduce_size=512&ccs_minimize_roundtrips=true] returned 2 warnings: [299 Elasticsearch-7.16.1-5b38441b16b1ebb16a27c107a4c3865776e20c53 "Elasticsearch built-in security features are not enabled. Without authentication, your cluster could be accessible to anyone. See https://www.elastic.co/guide/en/elasticsearch/reference/7.16/security-minimal-setup.html to enable security."],[299 Elasticsearch-7.16.1-5b38441b16b1ebb16a27c107a4c3865776e20c53 "[ignore_throttled] parameter is deprecated because frozen indices have been deprecated. Consider cold or frozen tiers in place of frozen indices."]
2023-08-04 12:58:23,334 INFO  [com.dot.ContainerResource] (docker-java-stream-1865446083) STDOUT: 12:58:23.332  WARN  client.RestClient - request [POST http://elasticsearch:9200/cluster_c40f8aa8c9.live_20230804125756/_search?typed_keys=true&max_concurrent_shard_requests=5&ignore_unavailable=false&expand_wildcards=open&allow_no_indices=true&ignore_throttled=true&search_type=query_then_fetch&batched_reduce_size=512&ccs_minimize_roundtrips=true] returned 2 warnings: [299 Elasticsearch-7.16.1-5b38441b16b1ebb16a27c107a4c3865776e20c53 "Elasticsearch built-in security features are not enabled. Without authentication, your cluster could be accessible to anyone. See https://www.elastic.co/guide/en/elasticsearch/reference/7.16/security-minimal-setup.html to enable security."],[299 Elasticsearch-7.16.1-5b38441b16b1ebb16a27c107a4c3865776e20c53 "[ignore_throttled] parameter is deprecated because frozen indices have been deprecated. Consider cold or frozen tiers in place of frozen indices."]
2023-08-04 12:58:23,340 INFO  [com.dot.ContainerResource] (docker-java-stream-1865446083) STDOUT: 12:58:23.339  WARN  client.RestClient - request [POST http://elasticsearch:9200/cluster_c40f8aa8c9.live_20230804125756/_search?typed_keys=true&max_concurrent_shard_requests=5&ignore_unavailable=false&expand_wildcards=open&allow_no_indices=true&ignore_throttled=true&search_type=query_then_fetch&batched_reduce_size=512&ccs_minimize_roundtrips=true] returned 2 warnings: [299 Elasticsearch-7.16.1-5b38441b16b1ebb16a27c107a4c3865776e20c53 "Elasticsearch built-in security features are not enabled. Without authentication, your cluster could be accessible to anyone. See https://www.elastic.co/guide/en/elasticsearch/reference/7.16/security-minimal-setup.html to enable security."],[299 Elasticsearch-7.16.1-5b38441b16b1ebb16a27c107a4c3865776e20c53 "[ignore_throttled] parameter is deprecated because frozen indices have been deprecated. Consider cold or frozen tiers in place of frozen indices."]
2023-08-04 12:58:23,366 INFO  [com.dot.ContainerResource] (docker-java-stream-1865446083) STDOUT: 12:58:23.356  WARN  client.RestClient - request [POST http://elasticsearch:9200/cluster_c40f8aa8c9.live_20230804125756/_search?typed_keys=true&max_concurrent_shard_requests=5&ignore_unavailable=false&expand_wildcards=open&allow_no_indices=true&ignore_throttled=true&search_type=query_then_fetch&batched_reduce_size=512&ccs_minimize_roundtrips=true] returned 2 warnings: [299 Elasticsearch-7.16.1-5b38441b16b1ebb16a27c107a4c3865776e20c53 "Elasticsearch built-in security features are not enabled. Without authentication, your cluster could be accessible to anyone. See https://www.elastic.co/guide/en/elasticsearch/reference/7.16/security-minimal-setup.html to enable security."],[299 Elasticsearch-7.16.1-5b38441b16b1ebb16a27c107a4c3865776e20c53 "[ignore_throttled] parameter is deprecated because frozen indices have been deprecated. Consider cold or frozen tiers in place of frozen indices."]
2023-08-04 12:58:23,366 INFO  [com.dot.ContainerResource] (docker-java-stream-1865446083) STDOUT: 12:58:23.360  WARN  client.RestClient - request [POST http://elasticsearch:9200/cluster_c40f8aa8c9.live_20230804125756/_search?typed_keys=true&max_concurrent_shard_requests=5&ignore_unavailable=false&expand_wildcards=open&allow_no_indices=true&ignore_throttled=true&search_type=query_then_fetch&batched_reduce_size=512&ccs_minimize_roundtrips=true] returned 2 warnings: [299 Elasticsearch-7.16.1-5b38441b16b1ebb16a27c107a4c3865776e20c53 "Elasticsearch built-in security features are not enabled. Without authentication, your cluster could be accessible to anyone. See https://www.elastic.co/guide/en/elasticsearch/reference/7.16/security-minimal-setup.html to enable security."],[299 Elasticsearch-7.16.1-5b38441b16b1ebb16a27c107a4c3865776e20c53 "[ignore_throttled] parameter is deprecated because frozen indices have been deprecated. Consider cold or frozen tiers in place of frozen indices."]
2023-08-04 12:58:23,377 INFO  [com.dot.ContainerResource] (docker-java-stream-1865446083) STDOUT: 12:58:23.373  WARN  client.RestClient - request [POST http://elasticsearch:9200/cluster_c40f8aa8c9.live_20230804125756/_search?typed_keys=true&max_concurrent_shard_requests=5&ignore_unavailable=false&expand_wildcards=open&allow_no_indices=true&ignore_throttled=true&search_type=query_then_fetch&batched_reduce_size=512&ccs_minimize_roundtrips=true] returned 2 warnings: [299 Elasticsearch-7.16.1-5b38441b16b1ebb16a27c107a4c3865776e20c53 "Elasticsearch built-in security features are not enabled. Without authentication, your cluster could be accessible to anyone. See https://www.elastic.co/guide/en/elasticsearch/reference/7.16/security-minimal-setup.html to enable security."],[299 Elasticsearch-7.16.1-5b38441b16b1ebb16a27c107a4c3865776e20c53 "[ignore_throttled] parameter is deprecated because frozen indices have been deprecated. Consider cold or frozen tiers in place of frozen indices."]
2023-08-04 12:58:23,380 INFO  [com.dot.ContainerResource] (docker-java-stream-1865446083) STDOUT: 12:58:23.377  WARN  client.RestClient - request [POST http://elasticsearch:9200/cluster_c40f8aa8c9.live_20230804125756/_search?typed_keys=true&max_concurrent_shard_requests=5&ignore_unavailable=false&expand_wildcards=open&allow_no_indices=true&ignore_throttled=true&search_type=query_then_fetch&batched_reduce_size=512&ccs_minimize_roundtrips=true] returned 2 warnings: [299 Elasticsearch-7.16.1-5b38441b16b1ebb16a27c107a4c3865776e20c53 "Elasticsearch built-in security features are not enabled. Without authentication, your cluster could be accessible to anyone. See https://www.elastic.co/guide/en/elasticsearch/reference/7.16/security-minimal-setup.html to enable security."],[299 Elasticsearch-7.16.1-5b38441b16b1ebb16a27c107a4c3865776e20c53 "[ignore_throttled] parameter is deprecated because frozen indices have been deprecated. Consider cold or frozen tiers in place of frozen indices."]
2023-08-04 12:58:23,381 INFO  [com.dot.ContainerResource] (docker-java-stream-1865446083) STDOUT: 12:58:23.380  WARN  client.RestClient - request [POST http://elasticsearch:9200/cluster_c40f8aa8c9.live_20230804125756/_search?typed_keys=true&max_concurrent_shard_requests=5&ignore_unavailable=false&expand_wildcards=open&allow_no_indices=true&ignore_throttled=true&search_type=query_then_fetch&batched_reduce_size=512&ccs_minimize_roundtrips=true] returned 2 warnings: [299 Elasticsearch-7.16.1-5b38441b16b1ebb16a27c107a4c3865776e20c53 "Elasticsearch built-in security features are not enabled. Without authentication, your cluster could be accessible to anyone. See https://www.elastic.co/guide/en/elasticsearch/reference/7.16/security-minimal-setup.html to enable security."],[299 Elasticsearch-7.16.1-5b38441b16b1ebb16a27c107a4c3865776e20c53 "[ignore_throttled] parameter is deprecated because frozen indices have been deprecated. Consider cold or frozen tiers in place of frozen indices."]
2023-08-04 12:58:23,384 INFO  [com.dot.ContainerResource] (docker-java-stream-1865446083) STDOUT: 12:58:23.384  WARN  client.RestClient - request [POST http://elasticsearch:9200/cluster_c40f8aa8c9.live_20230804125756/_search?typed_keys=true&max_concurrent_shard_requests=5&ignore_unavailable=false&expand_wildcards=open&allow_no_indices=true&ignore_throttled=true&search_type=query_then_fetch&batched_reduce_size=512&ccs_minimize_roundtrips=true] returned 2 warnings: [299 Elasticsearch-7.16.1-5b38441b16b1ebb16a27c107a4c3865776e20c53 "Elasticsearch built-in security features are not enabled. Without authentication, your cluster could be accessible to anyone. See https://www.elastic.co/guide/en/elasticsearch/reference/7.16/security-minimal-setup.html to enable security."],[299 Elasticsearch-7.16.1-5b38441b16b1ebb16a27c107a4c3865776e20c53 "[ignore_throttled] parameter is deprecated because frozen indices have been deprecated. Consider cold or frozen tiers in place of frozen indices."]
2023-08-04 12:58:23,387 INFO  [com.dot.ContainerResource] (docker-java-stream-1865446083) STDOUT: 12:58:23.387  WARN  client.RestClient - request [POST http://elasticsearch:9200/cluster_c40f8aa8c9.live_20230804125756/_search?typed_keys=true&max_concurrent_shard_requests=5&ignore_unavailable=false&expand_wildcards=open&allow_no_indices=true&ignore_throttled=true&search_type=query_then_fetch&batched_reduce_size=512&ccs_minimize_roundtrips=true] returned 2 warnings: [299 Elasticsearch-7.16.1-5b38441b16b1ebb16a27c107a4c3865776e20c53 "Elasticsearch built-in security features are not enabled. Without authentication, your cluster could be accessible to anyone. See https://www.elastic.co/guide/en/elasticsearch/reference/7.16/security-minimal-setup.html to enable security."],[299 Elasticsearch-7.16.1-5b38441b16b1ebb16a27c107a4c3865776e20c53 "[ignore_throttled] parameter is deprecated because frozen indices have been deprecated. Consider cold or frozen tiers in place of frozen indices."]
2023-08-04 12:58:23,390 INFO  [com.dot.ContainerResource] (docker-java-stream-1865446083) STDOUT: 12:58:23.390  WARN  client.RestClient - request [POST http://elasticsearch:9200/cluster_c40f8aa8c9.live_20230804125756/_search?typed_keys=true&max_concurrent_shard_requests=5&ignore_unavailable=false&expand_wildcards=open&allow_no_indices=true&ignore_throttled=true&search_type=query_then_fetch&batched_reduce_size=512&ccs_minimize_roundtrips=true] returned 2 warnings: [299 Elasticsearch-7.16.1-5b38441b16b1ebb16a27c107a4c3865776e20c53 "Elasticsearch built-in security features are not enabled. Without authentication, your cluster could be accessible to anyone. See https://www.elastic.co/guide/en/elasticsearch/reference/7.16/security-minimal-setup.html to enable security."],[299 Elasticsearch-7.16.1-5b38441b16b1ebb16a27c107a4c3865776e20c53 "[ignore_throttled] parameter is deprecated because frozen indices have been deprecated. Consider cold or frozen tiers in place of frozen indices."]
2023-08-04 12:58:23,402 INFO  [com.dot.ContainerResource] (docker-java-stream-1865446083) STDOUT: 12:58:23.400  WARN  client.RestClient - request [POST http://elasticsearch:9200/cluster_c40f8aa8c9.live_20230804125756/_search?typed_keys=true&max_concurrent_shard_requests=5&ignore_unavailable=false&expand_wildcards=open&allow_no_indices=true&ignore_throttled=true&search_type=query_then_fetch&batched_reduce_size=512&ccs_minimize_roundtrips=true] returned 2 warnings: [299 Elasticsearch-7.16.1-5b38441b16b1ebb16a27c107a4c3865776e20c53 "Elasticsearch built-in security features are not enabled. Without authentication, your cluster could be accessible to anyone. See https://www.elastic.co/guide/en/elasticsearch/reference/7.16/security-minimal-setup.html to enable security."],[299 Elasticsearch-7.16.1-5b38441b16b1ebb16a27c107a4c3865776e20c53 "[ignore_throttled] parameter is deprecated because frozen indices have been deprecated. Consider cold or frozen tiers in place of frozen indices."]
2023-08-04 12:58:23,404 INFO  [com.dot.ContainerResource] (docker-java-stream-1865446083) STDOUT: 12:58:23.404  WARN  client.RestClient - request [POST http://elasticsearch:9200/cluster_c40f8aa8c9.live_20230804125756/_search?typed_keys=true&max_concurrent_shard_requests=5&ignore_unavailable=false&expand_wildcards=open&allow_no_indices=true&ignore_throttled=true&search_type=query_then_fetch&batched_reduce_size=512&ccs_minimize_roundtrips=true] returned 2 warnings: [299 Elasticsearch-7.16.1-5b38441b16b1ebb16a27c107a4c3865776e20c53 "Elasticsearch built-in security features are not enabled. Without authentication, your cluster could be accessible to anyone. See https://www.elastic.co/guide/en/elasticsearch/reference/7.16/security-minimal-setup.html to enable security."],[299 Elasticsearch-7.16.1-5b38441b16b1ebb16a27c107a4c3865776e20c53 "[ignore_throttled] parameter is deprecated because frozen indices have been deprecated. Consider cold or frozen tiers in place of frozen indices."]
2023-08-04 12:58:23,407 INFO  [com.dot.ContainerResource] (docker-java-stream-1865446083) STDOUT: 12:58:23.407  WARN  client.RestClient - request [POST http://elasticsearch:9200/cluster_c40f8aa8c9.live_20230804125756/_search?typed_keys=true&max_concurrent_shard_requests=5&ignore_unavailable=false&expand_wildcards=open&allow_no_indices=true&ignore_throttled=true&search_type=query_then_fetch&batched_reduce_size=512&ccs_minimize_roundtrips=true] returned 2 warnings: [299 Elasticsearch-7.16.1-5b38441b16b1ebb16a27c107a4c3865776e20c53 "Elasticsearch built-in security features are not enabled. Without authentication, your cluster could be accessible to anyone. See https://www.elastic.co/guide/en/elasticsearch/reference/7.16/security-minimal-setup.html to enable security."],[299 Elasticsearch-7.16.1-5b38441b16b1ebb16a27c107a4c3865776e20c53 "[ignore_throttled] parameter is deprecated because frozen indices have been deprecated. Consider cold or frozen tiers in place of frozen indices."]
2023-08-04 12:58:23,410 INFO  [com.dot.ContainerResource] (docker-java-stream-1865446083) STDOUT: 12:58:23.410  WARN  client.RestClient - request [POST http://elasticsearch:9200/cluster_c40f8aa8c9.live_20230804125756/_search?typed_keys=true&max_concurrent_shard_requests=5&ignore_unavailable=false&expand_wildcards=open&allow_no_indices=true&ignore_throttled=true&search_type=query_then_fetch&batched_reduce_size=512&ccs_minimize_roundtrips=true] returned 2 warnings: [299 Elasticsearch-7.16.1-5b38441b16b1ebb16a27c107a4c3865776e20c53 "Elasticsearch built-in security features are not enabled. Without authentication, your cluster could be accessible to anyone. See https://www.elastic.co/guide/en/elasticsearch/reference/7.16/security-minimal-setup.html to enable security."],[299 Elasticsearch-7.16.1-5b38441b16b1ebb16a27c107a4c3865776e20c53 "[ignore_throttled] parameter is deprecated because frozen indices have been deprecated. Consider cold or frozen tiers in place of frozen indices."]
2023-08-04 12:58:23,413 INFO  [com.dot.ContainerResource] (docker-java-stream-1865446083) STDOUT: 12:58:23.413  WARN  client.RestClient - request [POST http://elasticsearch:9200/cluster_c40f8aa8c9.live_20230804125756/_search?typed_keys=true&max_concurrent_shard_requests=5&ignore_unavailable=false&expand_wildcards=open&allow_no_indices=true&ignore_throttled=true&search_type=query_then_fetch&batched_reduce_size=512&ccs_minimize_roundtrips=true] returned 2 warnings: [299 Elasticsearch-7.16.1-5b38441b16b1ebb16a27c107a4c3865776e20c53 "Elasticsearch built-in security features are not enabled. Without authentication, your cluster could be accessible to anyone. See https://www.elastic.co/guide/en/elasticsearch/reference/7.16/security-minimal-setup.html to enable security."],[299 Elasticsearch-7.16.1-5b38441b16b1ebb16a27c107a4c3865776e20c53 "[ignore_throttled] parameter is deprecated because frozen indices have been deprecated. Consider cold or frozen tiers in place of frozen indices."]
2023-08-04 12:58:23,416 INFO  [com.dot.ContainerResource] (docker-java-stream-1865446083) STDOUT: 12:58:23.416  WARN  client.RestClient - request [POST http://elasticsearch:9200/cluster_c40f8aa8c9.live_20230804125756/_search?typed_keys=true&max_concurrent_shard_requests=5&ignore_unavailable=false&expand_wildcards=open&allow_no_indices=true&ignore_throttled=true&search_type=query_then_fetch&batched_reduce_size=512&ccs_minimize_roundtrips=true] returned 2 warnings: [299 Elasticsearch-7.16.1-5b38441b16b1ebb16a27c107a4c3865776e20c53 "Elasticsearch built-in security features are not enabled. Without authentication, your cluster could be accessible to anyone. See https://www.elastic.co/guide/en/elasticsearch/reference/7.16/security-minimal-setup.html to enable security."],[299 Elasticsearch-7.16.1-5b38441b16b1ebb16a27c107a4c3865776e20c53 "[ignore_throttled] parameter is deprecated because frozen indices have been deprecated. Consider cold or frozen tiers in place of frozen indices."]
2023-08-04 12:58:23,424 INFO  [com.dot.ContainerResource] (docker-java-stream-1865446083) STDOUT: 12:58:23.423  WARN  client.RestClient - request [POST http://elasticsearch:9200/cluster_c40f8aa8c9.live_20230804125756/_search?typed_keys=true&max_concurrent_shard_requests=5&ignore_unavailable=false&expand_wildcards=open&allow_no_indices=true&ignore_throttled=true&search_type=query_then_fetch&batched_reduce_size=512&ccs_minimize_roundtrips=true] returned 2 warnings: [299 Elasticsearch-7.16.1-5b38441b16b1ebb16a27c107a4c3865776e20c53 "Elasticsearch built-in security features are not enabled. Without authentication, your cluster could be accessible to anyone. See https://www.elastic.co/guide/en/elasticsearch/reference/7.16/security-minimal-setup.html to enable security."],[299 Elasticsearch-7.16.1-5b38441b16b1ebb16a27c107a4c3865776e20c53 "[ignore_throttled] parameter is deprecated because frozen indices have been deprecated. Consider cold or frozen tiers in place of frozen indices."]
2023-08-04 12:58:23,428 INFO  [com.dot.ContainerResource] (docker-java-stream-1865446083) STDOUT: 12:58:23.428  WARN  client.RestClient - request [POST http://elasticsearch:9200/cluster_c40f8aa8c9.live_20230804125756/_search?typed_keys=true&max_concurrent_shard_requests=5&ignore_unavailable=false&expand_wildcards=open&allow_no_indices=true&ignore_throttled=true&search_type=query_then_fetch&batched_reduce_size=512&ccs_minimize_roundtrips=true] returned 2 warnings: [299 Elasticsearch-7.16.1-5b38441b16b1ebb16a27c107a4c3865776e20c53 "Elasticsearch built-in security features are not enabled. Without authentication, your cluster could be accessible to anyone. See https://www.elastic.co/guide/en/elasticsearch/reference/7.16/security-minimal-setup.html to enable security."],[299 Elasticsearch-7.16.1-5b38441b16b1ebb16a27c107a4c3865776e20c53 "[ignore_throttled] parameter is deprecated because frozen indices have been deprecated. Consider cold or frozen tiers in place of frozen indices."]
2023-08-04 12:58:23,431 INFO  [com.dot.ContainerResource] (docker-java-stream-1865446083) STDOUT: 12:58:23.431  WARN  client.RestClient - request [POST http://elasticsearch:9200/cluster_c40f8aa8c9.live_20230804125756/_search?typed_keys=true&max_concurrent_shard_requests=5&ignore_unavailable=false&expand_wildcards=open&allow_no_indices=true&ignore_throttled=true&search_type=query_then_fetch&batched_reduce_size=512&ccs_minimize_roundtrips=true] returned 2 warnings: [299 Elasticsearch-7.16.1-5b38441b16b1ebb16a27c107a4c3865776e20c53 "Elasticsearch built-in security features are not enabled. Without authentication, your cluster could be accessible to anyone. See https://www.elastic.co/guide/en/elasticsearch/reference/7.16/security-minimal-setup.html to enable security."],[299 Elasticsearch-7.16.1-5b38441b16b1ebb16a27c107a4c3865776e20c53 "[ignore_throttled] parameter is deprecated because frozen indices have been deprecated. Consider cold or frozen tiers in place of frozen indices."]
2023-08-04 12:58:23,434 INFO  [com.dot.ContainerResource] (docker-java-stream-1865446083) STDOUT: 12:58:23.433  WARN  client.RestClient - request [POST http://elasticsearch:9200/cluster_c40f8aa8c9.live_20230804125756/_search?typed_keys=true&max_concurrent_shard_requests=5&ignore_unavailable=false&expand_wildcards=open&allow_no_indices=true&ignore_throttled=true&search_type=query_then_fetch&batched_reduce_size=512&ccs_minimize_roundtrips=true] returned 2 warnings: [299 Elasticsearch-7.16.1-5b38441b16b1ebb16a27c107a4c3865776e20c53 "Elasticsearch built-in security features are not enabled. Without authentication, your cluster could be accessible to anyone. See https://www.elastic.co/guide/en/elasticsearch/reference/7.16/security-minimal-setup.html to enable security."],[299 Elasticsearch-7.16.1-5b38441b16b1ebb16a27c107a4c3865776e20c53 "[ignore_throttled] parameter is deprecated because frozen indices have been deprecated. Consider cold or frozen tiers in place of frozen indices."]
2023-08-04 12:58:23,436 INFO  [com.dot.ContainerResource] (docker-java-stream-1865446083) STDOUT: 12:58:23.436  WARN  client.RestClient - request [POST http://elasticsearch:9200/cluster_c40f8aa8c9.live_20230804125756/_search?typed_keys=true&max_concurrent_shard_requests=5&ignore_unavailable=false&expand_wildcards=open&allow_no_indices=true&ignore_throttled=true&search_type=query_then_fetch&batched_reduce_size=512&ccs_minimize_roundtrips=true] returned 2 warnings: [299 Elasticsearch-7.16.1-5b38441b16b1ebb16a27c107a4c3865776e20c53 "Elasticsearch built-in security features are not enabled. Without authentication, your cluster could be accessible to anyone. See https://www.elastic.co/guide/en/elasticsearch/reference/7.16/security-minimal-setup.html to enable security."],[299 Elasticsearch-7.16.1-5b38441b16b1ebb16a27c107a4c3865776e20c53 "[ignore_throttled] parameter is deprecated because frozen indices have been deprecated. Consider cold or frozen tiers in place of frozen indices."]
2023-08-04 12:58:23,439 INFO  [com.dot.ContainerResource] (docker-java-stream-1865446083) STDOUT: 12:58:23.438  WARN  client.RestClient - request [POST http://elasticsearch:9200/cluster_c40f8aa8c9.live_20230804125756/_search?typed_keys=true&max_concurrent_shard_requests=5&ignore_unavailable=false&expand_wildcards=open&allow_no_indices=true&ignore_throttled=true&search_type=query_then_fetch&batched_reduce_size=512&ccs_minimize_roundtrips=true] returned 2 warnings: [299 Elasticsearch-7.16.1-5b38441b16b1ebb16a27c107a4c3865776e20c53 "Elasticsearch built-in security features are not enabled. Without authentication, your cluster could be accessible to anyone. See https://www.elastic.co/guide/en/elasticsearch/reference/7.16/security-minimal-setup.html to enable security."],[299 Elasticsearch-7.16.1-5b38441b16b1ebb16a27c107a4c3865776e20c53 "[ignore_throttled] parameter is deprecated because frozen indices have been deprecated. Consider cold or frozen tiers in place of frozen indices."]
2023-08-04 12:58:23,452 INFO  [com.dot.ContainerResource] (docker-java-stream-1865446083) STDOUT: 12:58:23.452  WARN  client.RestClient - request [POST http://elasticsearch:9200/cluster_c40f8aa8c9.live_20230804125756/_search?typed_keys=true&max_concurrent_shard_requests=5&ignore_unavailable=false&expand_wildcards=open&allow_no_indices=true&ignore_throttled=true&search_type=query_then_fetch&batched_reduce_size=512&ccs_minimize_roundtrips=true] returned 2 warnings: [299 Elasticsearch-7.16.1-5b38441b16b1ebb16a27c107a4c3865776e20c53 "Elasticsearch built-in security features are not enabled. Without authentication, your cluster could be accessible to anyone. See https://www.elastic.co/guide/en/elasticsearch/reference/7.16/security-minimal-setup.html to enable security."],[299 Elasticsearch-7.16.1-5b38441b16b1ebb16a27c107a4c3865776e20c53 "[ignore_throttled] parameter is deprecated because frozen indices have been deprecated. Consider cold or frozen tiers in place of frozen indices."]
2023-08-04 12:58:23,456 INFO  [com.dot.ContainerResource] (docker-java-stream-1865446083) STDOUT: 12:58:23.456  WARN  client.RestClient - request [POST http://elasticsearch:9200/cluster_c40f8aa8c9.live_20230804125756/_search?typed_keys=true&max_concurrent_shard_requests=5&ignore_unavailable=false&expand_wildcards=open&allow_no_indices=true&ignore_throttled=true&search_type=query_then_fetch&batched_reduce_size=512&ccs_minimize_roundtrips=true] returned 2 warnings: [299 Elasticsearch-7.16.1-5b38441b16b1ebb16a27c107a4c3865776e20c53 "Elasticsearch built-in security features are not enabled. Without authentication, your cluster could be accessible to anyone. See https://www.elastic.co/guide/en/elasticsearch/reference/7.16/security-minimal-setup.html to enable security."],[299 Elasticsearch-7.16.1-5b38441b16b1ebb16a27c107a4c3865776e20c53 "[ignore_throttled] parameter is deprecated because frozen indices have been deprecated. Consider cold or frozen tiers in place of frozen indices."]
2023-08-04 12:58:23,460 INFO  [com.dot.ContainerResource] (docker-java-stream-1865446083) STDOUT: 12:58:23.460  WARN  client.RestClient - request [POST http://elasticsearch:9200/cluster_c40f8aa8c9.live_20230804125756/_search?typed_keys=true&max_concurrent_shard_requests=5&ignore_unavailable=false&expand_wildcards=open&allow_no_indices=true&ignore_throttled=true&search_type=query_then_fetch&batched_reduce_size=512&ccs_minimize_roundtrips=true] returned 2 warnings: [299 Elasticsearch-7.16.1-5b38441b16b1ebb16a27c107a4c3865776e20c53 "Elasticsearch built-in security features are not enabled. Without authentication, your cluster could be accessible to anyone. See https://www.elastic.co/guide/en/elasticsearch/reference/7.16/security-minimal-setup.html to enable security."],[299 Elasticsearch-7.16.1-5b38441b16b1ebb16a27c107a4c3865776e20c53 "[ignore_throttled] parameter is deprecated because frozen indices have been deprecated. Consider cold or frozen tiers in place of frozen indices."]
2023-08-04 12:58:23,467 INFO  [com.dot.ContainerResource] (docker-java-stream-1865446083) STDOUT: 12:58:23.467  WARN  client.RestClient - request [POST http://elasticsearch:9200/cluster_c40f8aa8c9.live_20230804125756/_search?typed_keys=true&max_concurrent_shard_requests=5&ignore_unavailable=false&expand_wildcards=open&allow_no_indices=true&ignore_throttled=true&search_type=query_then_fetch&batched_reduce_size=512&ccs_minimize_roundtrips=true] returned 2 warnings: [299 Elasticsearch-7.16.1-5b38441b16b1ebb16a27c107a4c3865776e20c53 "Elasticsearch built-in security features are not enabled. Without authentication, your cluster could be accessible to anyone. See https://www.elastic.co/guide/en/elasticsearch/reference/7.16/security-minimal-setup.html to enable security."],[299 Elasticsearch-7.16.1-5b38441b16b1ebb16a27c107a4c3865776e20c53 "[ignore_throttled] parameter is deprecated because frozen indices have been deprecated. Consider cold or frozen tiers in place of frozen indices."]
2023-08-04 12:58:23,471 INFO  [com.dot.ContainerResource] (docker-java-stream-1865446083) STDOUT: 12:58:23.471  WARN  client.RestClient - request [POST http://elasticsearch:9200/cluster_c40f8aa8c9.live_20230804125756/_search?typed_keys=true&max_concurrent_shard_requests=5&ignore_unavailable=false&expand_wildcards=open&allow_no_indices=true&ignore_throttled=true&search_type=query_then_fetch&batched_reduce_size=512&ccs_minimize_roundtrips=true] returned 2 warnings: [299 Elasticsearch-7.16.1-5b38441b16b1ebb16a27c107a4c3865776e20c53 "Elasticsearch built-in security features are not enabled. Without authentication, your cluster could be accessible to anyone. See https://www.elastic.co/guide/en/elasticsearch/reference/7.16/security-minimal-setup.html to enable security."],[299 Elasticsearch-7.16.1-5b38441b16b1ebb16a27c107a4c3865776e20c53 "[ignore_throttled] parameter is deprecated because frozen indices have been deprecated. Consider cold or frozen tiers in place of frozen indices."]
2023-08-04 12:58:23,478 INFO  [com.dot.ContainerResource] (docker-java-stream-1865446083) STDOUT: 12:58:23.478  WARN  client.RestClient - request [POST http://elasticsearch:9200/cluster_c40f8aa8c9.live_20230804125756/_search?typed_keys=true&max_concurrent_shard_requests=5&ignore_unavailable=false&expand_wildcards=open&allow_no_indices=true&ignore_throttled=true&search_type=query_then_fetch&batched_reduce_size=512&ccs_minimize_roundtrips=true] returned 2 warnings: [299 Elasticsearch-7.16.1-5b38441b16b1ebb16a27c107a4c3865776e20c53 "Elasticsearch built-in security features are not enabled. Without authentication, your cluster could be accessible to anyone. See https://www.elastic.co/guide/en/elasticsearch/reference/7.16/security-minimal-setup.html to enable security."],[299 Elasticsearch-7.16.1-5b38441b16b1ebb16a27c107a4c3865776e20c53 "[ignore_throttled] parameter is deprecated because frozen indices have been deprecated. Consider cold or frozen tiers in place of frozen indices."]
2023-08-04 12:58:23,482 INFO  [com.dot.ContainerResource] (docker-java-stream-1865446083) STDOUT: 12:58:23.481  WARN  client.RestClient - request [POST http://elasticsearch:9200/cluster_c40f8aa8c9.live_20230804125756/_search?typed_keys=true&max_concurrent_shard_requests=5&ignore_unavailable=false&expand_wildcards=open&allow_no_indices=true&ignore_throttled=true&search_type=query_then_fetch&batched_reduce_size=512&ccs_minimize_roundtrips=true] returned 2 warnings: [299 Elasticsearch-7.16.1-5b38441b16b1ebb16a27c107a4c3865776e20c53 "Elasticsearch built-in security features are not enabled. Without authentication, your cluster could be accessible to anyone. See https://www.elastic.co/guide/en/elasticsearch/reference/7.16/security-minimal-setup.html to enable security."],[299 Elasticsearch-7.16.1-5b38441b16b1ebb16a27c107a4c3865776e20c53 "[ignore_throttled] parameter is deprecated because frozen indices have been deprecated. Consider cold or frozen tiers in place of frozen indices."]
2023-08-04 12:58:23,491 INFO  [com.dot.ContainerResource] (docker-java-stream-1865446083) STDOUT: 12:58:23.490  WARN  client.RestClient - request [POST http://elasticsearch:9200/cluster_c40f8aa8c9.live_20230804125756/_search?typed_keys=true&max_concurrent_shard_requests=5&ignore_unavailable=false&expand_wildcards=open&allow_no_indices=true&ignore_throttled=true&search_type=query_then_fetch&batched_reduce_size=512&ccs_minimize_roundtrips=true] returned 2 warnings: [299 Elasticsearch-7.16.1-5b38441b16b1ebb16a27c107a4c3865776e20c53 "Elasticsearch built-in security features are not enabled. Without authentication, your cluster could be accessible to anyone. See https://www.elastic.co/guide/en/elasticsearch/reference/7.16/security-minimal-setup.html to enable security."],[299 Elasticsearch-7.16.1-5b38441b16b1ebb16a27c107a4c3865776e20c53 "[ignore_throttled] parameter is deprecated because frozen indices have been deprecated. Consider cold or frozen tiers in place of frozen indices."]
2023-08-04 12:58:23,508 INFO  [com.dot.ContainerResource] (docker-java-stream-1865446083) STDOUT: 12:58:23.507  WARN  client.RestClient - request [POST http://elasticsearch:9200/cluster_c40f8aa8c9.live_20230804125756/_search?typed_keys=true&max_concurrent_shard_requests=5&ignore_unavailable=false&expand_wildcards=open&allow_no_indices=true&ignore_throttled=true&search_type=query_then_fetch&batched_reduce_size=512&ccs_minimize_roundtrips=true] returned 2 warnings: [299 Elasticsearch-7.16.1-5b38441b16b1ebb16a27c107a4c3865776e20c53 "Elasticsearch built-in security features are not enabled. Without authentication, your cluster could be accessible to anyone. See https://www.elastic.co/guide/en/elasticsearch/reference/7.16/security-minimal-setup.html to enable security."],[299 Elasticsearch-7.16.1-5b38441b16b1ebb16a27c107a4c3865776e20c53 "[ignore_throttled] parameter is deprecated because frozen indices have been deprecated. Consider cold or frozen tiers in place of frozen indices."]
2023-08-04 12:58:23,524 INFO  [com.dot.ContainerResource] (docker-java-stream-1865446083) STDOUT: 12:58:23.522  WARN  client.RestClient - request [POST http://elasticsearch:9200/cluster_c40f8aa8c9.live_20230804125756/_search?typed_keys=true&max_concurrent_shard_requests=5&ignore_unavailable=false&expand_wildcards=open&allow_no_indices=true&ignore_throttled=true&search_type=query_then_fetch&batched_reduce_size=512&ccs_minimize_roundtrips=true] returned 2 warnings: [299 Elasticsearch-7.16.1-5b38441b16b1ebb16a27c107a4c3865776e20c53 "Elasticsearch built-in security features are not enabled. Without authentication, your cluster could be accessible to anyone. See https://www.elastic.co/guide/en/elasticsearch/reference/7.16/security-minimal-setup.html to enable security."],[299 Elasticsearch-7.16.1-5b38441b16b1ebb16a27c107a4c3865776e20c53 "[ignore_throttled] parameter is deprecated because frozen indices have been deprecated. Consider cold or frozen tiers in place of frozen indices."]
2023-08-04 12:58:23,527 INFO  [com.dot.ContainerResource] (docker-java-stream-1865446083) STDOUT: 12:58:23.526  WARN  client.RestClient - request [POST http://elasticsearch:9200/cluster_c40f8aa8c9.live_20230804125756/_search?typed_keys=true&max_concurrent_shard_requests=5&ignore_unavailable=false&expand_wildcards=open&allow_no_indices=true&ignore_throttled=true&search_type=query_then_fetch&batched_reduce_size=512&ccs_minimize_roundtrips=true] returned 2 warnings: [299 Elasticsearch-7.16.1-5b38441b16b1ebb16a27c107a4c3865776e20c53 "Elasticsearch built-in security features are not enabled. Without authentication, your cluster could be accessible to anyone. See https://www.elastic.co/guide/en/elasticsearch/reference/7.16/security-minimal-setup.html to enable security."],[299 Elasticsearch-7.16.1-5b38441b16b1ebb16a27c107a4c3865776e20c53 "[ignore_throttled] parameter is deprecated because frozen indices have been deprecated. Consider cold or frozen tiers in place of frozen indices."]
2023-08-04 12:58:23,529 INFO  [com.dot.ContainerResource] (docker-java-stream-1865446083) STDOUT: 12:58:23.529  WARN  client.RestClient - request [POST http://elasticsearch:9200/cluster_c40f8aa8c9.live_20230804125756/_search?typed_keys=true&max_concurrent_shard_requests=5&ignore_unavailable=false&expand_wildcards=open&allow_no_indices=true&ignore_throttled=true&search_type=query_then_fetch&batched_reduce_size=512&ccs_minimize_roundtrips=true] returned 2 warnings: [299 Elasticsearch-7.16.1-5b38441b16b1ebb16a27c107a4c3865776e20c53 "Elasticsearch built-in security features are not enabled. Without authentication, your cluster could be accessible to anyone. See https://www.elastic.co/guide/en/elasticsearch/reference/7.16/security-minimal-setup.html to enable security."],[299 Elasticsearch-7.16.1-5b38441b16b1ebb16a27c107a4c3865776e20c53 "[ignore_throttled] parameter is deprecated because frozen indices have been deprecated. Consider cold or frozen tiers in place of frozen indices."]
2023-08-04 12:58:23,532 INFO  [com.dot.ContainerResource] (docker-java-stream-1865446083) STDOUT: 12:58:23.532  WARN  client.RestClient - request [POST http://elasticsearch:9200/cluster_c40f8aa8c9.live_20230804125756/_search?typed_keys=true&max_concurrent_shard_requests=5&ignore_unavailable=false&expand_wildcards=open&allow_no_indices=true&ignore_throttled=true&search_type=query_then_fetch&batched_reduce_size=512&ccs_minimize_roundtrips=true] returned 2 warnings: [299 Elasticsearch-7.16.1-5b38441b16b1ebb16a27c107a4c3865776e20c53 "Elasticsearch built-in security features are not enabled. Without authentication, your cluster could be accessible to anyone. See https://www.elastic.co/guide/en/elasticsearch/reference/7.16/security-minimal-setup.html to enable security."],[299 Elasticsearch-7.16.1-5b38441b16b1ebb16a27c107a4c3865776e20c53 "[ignore_throttled] parameter is deprecated because frozen indices have been deprecated. Consider cold or frozen tiers in place of frozen indices."]
2023-08-04 12:58:23,542 INFO  [com.dot.ContainerResource] (docker-java-stream-1865446083) STDOUT: 12:58:23.542  WARN  client.RestClient - request [POST http://elasticsearch:9200/cluster_c40f8aa8c9.live_20230804125756/_search?typed_keys=true&max_concurrent_shard_requests=5&ignore_unavailable=false&expand_wildcards=open&allow_no_indices=true&ignore_throttled=true&search_type=query_then_fetch&batched_reduce_size=512&ccs_minimize_roundtrips=true] returned 2 warnings: [299 Elasticsearch-7.16.1-5b38441b16b1ebb16a27c107a4c3865776e20c53 "Elasticsearch built-in security features are not enabled. Without authentication, your cluster could be accessible to anyone. See https://www.elastic.co/guide/en/elasticsearch/reference/7.16/security-minimal-setup.html to enable security."],[299 Elasticsearch-7.16.1-5b38441b16b1ebb16a27c107a4c3865776e20c53 "[ignore_throttled] parameter is deprecated because frozen indices have been deprecated. Consider cold or frozen tiers in place of frozen indices."]
2023-08-04 12:58:23,546 INFO  [com.dot.ContainerResource] (docker-java-stream-1865446083) STDOUT: 12:58:23.545  WARN  client.RestClient - request [POST http://elasticsearch:9200/cluster_c40f8aa8c9.live_20230804125756/_search?typed_keys=true&max_concurrent_shard_requests=5&ignore_unavailable=false&expand_wildcards=open&allow_no_indices=true&ignore_throttled=true&search_type=query_then_fetch&batched_reduce_size=512&ccs_minimize_roundtrips=true] returned 2 warnings: [299 Elasticsearch-7.16.1-5b38441b16b1ebb16a27c107a4c3865776e20c53 "Elasticsearch built-in security features are not enabled. Without authentication, your cluster could be accessible to anyone. See https://www.elastic.co/guide/en/elasticsearch/reference/7.16/security-minimal-setup.html to enable security."],[299 Elasticsearch-7.16.1-5b38441b16b1ebb16a27c107a4c3865776e20c53 "[ignore_throttled] parameter is deprecated because frozen indices have been deprecated. Consider cold or frozen tiers in place of frozen indices."]
2023-08-04 12:58:23,549 INFO  [com.dot.ContainerResource] (docker-java-stream-1865446083) STDOUT: 12:58:23.548  WARN  client.RestClient - request [POST http://elasticsearch:9200/cluster_c40f8aa8c9.live_20230804125756/_search?typed_keys=true&max_concurrent_shard_requests=5&ignore_unavailable=false&expand_wildcards=open&allow_no_indices=true&ignore_throttled=true&search_type=query_then_fetch&batched_reduce_size=512&ccs_minimize_roundtrips=true] returned 2 warnings: [299 Elasticsearch-7.16.1-5b38441b16b1ebb16a27c107a4c3865776e20c53 "Elasticsearch built-in security features are not enabled. Without authentication, your cluster could be accessible to anyone. See https://www.elastic.co/guide/en/elasticsearch/reference/7.16/security-minimal-setup.html to enable security."],[299 Elasticsearch-7.16.1-5b38441b16b1ebb16a27c107a4c3865776e20c53 "[ignore_throttled] parameter is deprecated because frozen indices have been deprecated. Consider cold or frozen tiers in place of frozen indices."]
2023-08-04 12:58:23,551 INFO  [com.dot.ContainerResource] (docker-java-stream-1865446083) STDOUT: 12:58:23.551  WARN  client.RestClient - request [POST http://elasticsearch:9200/cluster_c40f8aa8c9.live_20230804125756/_search?typed_keys=true&max_concurrent_shard_requests=5&ignore_unavailable=false&expand_wildcards=open&allow_no_indices=true&ignore_throttled=true&search_type=query_then_fetch&batched_reduce_size=512&ccs_minimize_roundtrips=true] returned 2 warnings: [299 Elasticsearch-7.16.1-5b38441b16b1ebb16a27c107a4c3865776e20c53 "Elasticsearch built-in security features are not enabled. Without authentication, your cluster could be accessible to anyone. See https://www.elastic.co/guide/en/elasticsearch/reference/7.16/security-minimal-setup.html to enable security."],[299 Elasticsearch-7.16.1-5b38441b16b1ebb16a27c107a4c3865776e20c53 "[ignore_throttled] parameter is deprecated because frozen indices have been deprecated. Consider cold or frozen tiers in place of frozen indices."]
2023-08-04 12:58:23,558 INFO  [com.dot.ContainerResource] (docker-java-stream-1865446083) STDOUT: 12:58:23.558  WARN  client.RestClient - request [POST http://elasticsearch:9200/cluster_c40f8aa8c9.live_20230804125756/_search?typed_keys=true&max_concurrent_shard_requests=5&ignore_unavailable=false&expand_wildcards=open&allow_no_indices=true&ignore_throttled=true&search_type=query_then_fetch&batched_reduce_size=512&ccs_minimize_roundtrips=true] returned 2 warnings: [299 Elasticsearch-7.16.1-5b38441b16b1ebb16a27c107a4c3865776e20c53 "Elasticsearch built-in security features are not enabled. Without authentication, your cluster could be accessible to anyone. See https://www.elastic.co/guide/en/elasticsearch/reference/7.16/security-minimal-setup.html to enable security."],[299 Elasticsearch-7.16.1-5b38441b16b1ebb16a27c107a4c3865776e20c53 "[ignore_throttled] parameter is deprecated because frozen indices have been deprecated. Consider cold or frozen tiers in place of frozen indices."]
2023-08-04 12:58:23,561 INFO  [com.dot.ContainerResource] (docker-java-stream-1865446083) STDOUT: 12:58:23.560  WARN  client.RestClient - request [POST http://elasticsearch:9200/cluster_c40f8aa8c9.live_20230804125756/_search?typed_keys=true&max_concurrent_shard_requests=5&ignore_unavailable=false&expand_wildcards=open&allow_no_indices=true&ignore_throttled=true&search_type=query_then_fetch&batched_reduce_size=512&ccs_minimize_roundtrips=true] returned 2 warnings: [299 Elasticsearch-7.16.1-5b38441b16b1ebb16a27c107a4c3865776e20c53 "Elasticsearch built-in security features are not enabled. Without authentication, your cluster could be accessible to anyone. See https://www.elastic.co/guide/en/elasticsearch/reference/7.16/security-minimal-setup.html to enable security."],[299 Elasticsearch-7.16.1-5b38441b16b1ebb16a27c107a4c3865776e20c53 "[ignore_throttled] parameter is deprecated because frozen indices have been deprecated. Consider cold or frozen tiers in place of frozen indices."]
2023-08-04 12:58:23,563 INFO  [com.dot.ContainerResource] (docker-java-stream-1865446083) STDOUT: 12:58:23.563  WARN  client.RestClient - request [POST http://elasticsearch:9200/cluster_c40f8aa8c9.live_20230804125756/_search?typed_keys=true&max_concurrent_shard_requests=5&ignore_unavailable=false&expand_wildcards=open&allow_no_indices=true&ignore_throttled=true&search_type=query_then_fetch&batched_reduce_size=512&ccs_minimize_roundtrips=true] returned 2 warnings: [299 Elasticsearch-7.16.1-5b38441b16b1ebb16a27c107a4c3865776e20c53 "Elasticsearch built-in security features are not enabled. Without authentication, your cluster could be accessible to anyone. See https://www.elastic.co/guide/en/elasticsearch/reference/7.16/security-minimal-setup.html to enable security."],[299 Elasticsearch-7.16.1-5b38441b16b1ebb16a27c107a4c3865776e20c53 "[ignore_throttled] parameter is deprecated because frozen indices have been deprecated. Consider cold or frozen tiers in place of frozen indices."]
2023-08-04 12:58:23,806 INFO  [com.dot.ContainerResource] (docker-java-stream-1865446083) STDOUT: 12:58:23.801  WARN  client.RestClient - request [POST http://elasticsearch:9200/cluster_c40f8aa8c9.live_20230804125756/_search?typed_keys=true&max_concurrent_shard_requests=5&ignore_unavailable=false&expand_wildcards=open&allow_no_indices=true&ignore_throttled=true&search_type=query_then_fetch&batched_reduce_size=512&ccs_minimize_roundtrips=true] returned 2 warnings: [299 Elasticsearch-7.16.1-5b38441b16b1ebb16a27c107a4c3865776e20c53 "Elasticsearch built-in security features are not enabled. Without authentication, your cluster could be accessible to anyone. See https://www.elastic.co/guide/en/elasticsearch/reference/7.16/security-minimal-setup.html to enable security."],[299 Elasticsearch-7.16.1-5b38441b16b1ebb16a27c107a4c3865776e20c53 "[ignore_throttled] parameter is deprecated because frozen indices have been deprecated. Consider cold or frozen tiers in place of frozen indices."]
2023-08-04 12:58:23,806 INFO  [com.dot.ContainerResource] (docker-java-stream-1865446083) STDOUT: 12:58:23.805  WARN  client.RestClient - request [POST http://elasticsearch:9200/cluster_c40f8aa8c9.live_20230804125756/_search?typed_keys=true&max_concurrent_shard_requests=5&ignore_unavailable=false&expand_wildcards=open&allow_no_indices=true&ignore_throttled=true&search_type=query_then_fetch&batched_reduce_size=512&ccs_minimize_roundtrips=true] returned 2 warnings: [299 Elasticsearch-7.16.1-5b38441b16b1ebb16a27c107a4c3865776e20c53 "Elasticsearch built-in security features are not enabled. Without authentication, your cluster could be accessible to anyone. See https://www.elastic.co/guide/en/elasticsearch/reference/7.16/security-minimal-setup.html to enable security."],[299 Elasticsearch-7.16.1-5b38441b16b1ebb16a27c107a4c3865776e20c53 "[ignore_throttled] parameter is deprecated because frozen indices have been deprecated. Consider cold or frozen tiers in place of frozen indices."]
2023-08-04 12:58:23,809 INFO  [com.dot.ContainerResource] (docker-java-stream-1865446083) STDOUT: 12:58:23.808  WARN  client.RestClient - request [POST http://elasticsearch:9200/cluster_c40f8aa8c9.live_20230804125756/_search?typed_keys=true&max_concurrent_shard_requests=5&ignore_unavailable=false&expand_wildcards=open&allow_no_indices=true&ignore_throttled=true&search_type=query_then_fetch&batched_reduce_size=512&ccs_minimize_roundtrips=true] returned 2 warnings: [299 Elasticsearch-7.16.1-5b38441b16b1ebb16a27c107a4c3865776e20c53 "Elasticsearch built-in security features are not enabled. Without authentication, your cluster could be accessible to anyone. See https://www.elastic.co/guide/en/elasticsearch/reference/7.16/security-minimal-setup.html to enable security."],[299 Elasticsearch-7.16.1-5b38441b16b1ebb16a27c107a4c3865776e20c53 "[ignore_throttled] parameter is deprecated because frozen indices have been deprecated. Consider cold or frozen tiers in place of frozen indices."]
2023-08-04 12:58:23,812 INFO  [com.dot.ContainerResource] (docker-java-stream-1865446083) STDOUT: 12:58:23.812  WARN  client.RestClient - request [POST http://elasticsearch:9200/cluster_c40f8aa8c9.live_20230804125756/_search?typed_keys=true&max_concurrent_shard_requests=5&ignore_unavailable=false&expand_wildcards=open&allow_no_indices=true&ignore_throttled=true&search_type=query_then_fetch&batched_reduce_size=512&ccs_minimize_roundtrips=true] returned 2 warnings: [299 Elasticsearch-7.16.1-5b38441b16b1ebb16a27c107a4c3865776e20c53 "Elasticsearch built-in security features are not enabled. Without authentication, your cluster could be accessible to anyone. See https://www.elastic.co/guide/en/elasticsearch/reference/7.16/security-minimal-setup.html to enable security."],[299 Elasticsearch-7.16.1-5b38441b16b1ebb16a27c107a4c3865776e20c53 "[ignore_throttled] parameter is deprecated because frozen indices have been deprecated. Consider cold or frozen tiers in place of frozen indices."]
2023-08-04 12:58:23,815 INFO  [com.dot.ContainerResource] (docker-java-stream-1865446083) STDOUT: 12:58:23.815  WARN  client.RestClient - request [POST http://elasticsearch:9200/cluster_c40f8aa8c9.live_20230804125756/_search?typed_keys=true&max_concurrent_shard_requests=5&ignore_unavailable=false&expand_wildcards=open&allow_no_indices=true&ignore_throttled=true&search_type=query_then_fetch&batched_reduce_size=512&ccs_minimize_roundtrips=true] returned 2 warnings: [299 Elasticsearch-7.16.1-5b38441b16b1ebb16a27c107a4c3865776e20c53 "Elasticsearch built-in security features are not enabled. Without authentication, your cluster could be accessible to anyone. See https://www.elastic.co/guide/en/elasticsearch/reference/7.16/security-minimal-setup.html to enable security."],[299 Elasticsearch-7.16.1-5b38441b16b1ebb16a27c107a4c3865776e20c53 "[ignore_throttled] parameter is deprecated because frozen indices have been deprecated. Consider cold or frozen tiers in place of frozen indices."]
2023-08-04 12:58:23,821 INFO  [com.dot.ContainerResource] (docker-java-stream-1865446083) STDOUT: 12:58:23.820  WARN  client.RestClient - request [POST http://elasticsearch:9200/cluster_c40f8aa8c9.live_20230804125756/_search?typed_keys=true&max_concurrent_shard_requests=5&ignore_unavailable=false&expand_wildcards=open&allow_no_indices=true&ignore_throttled=true&search_type=query_then_fetch&batched_reduce_size=512&ccs_minimize_roundtrips=true] returned 2 warnings: [299 Elasticsearch-7.16.1-5b38441b16b1ebb16a27c107a4c3865776e20c53 "Elasticsearch built-in security features are not enabled. Without authentication, your cluster could be accessible to anyone. See https://www.elastic.co/guide/en/elasticsearch/reference/7.16/security-minimal-setup.html to enable security."],[299 Elasticsearch-7.16.1-5b38441b16b1ebb16a27c107a4c3865776e20c53 "[ignore_throttled] parameter is deprecated because frozen indices have been deprecated. Consider cold or frozen tiers in place of frozen indices."]
2023-08-04 12:58:23,842 INFO  [com.dot.ContainerResource] (docker-java-stream-1865446083) STDOUT: 12:58:23.842  WARN  client.RestClient - request [POST http://elasticsearch:9200/cluster_c40f8aa8c9.live_20230804125756/_search?typed_keys=true&max_concurrent_shard_requests=5&ignore_unavailable=false&expand_wildcards=open&allow_no_indices=true&ignore_throttled=true&search_type=query_then_fetch&batched_reduce_size=512&ccs_minimize_roundtrips=true] returned 2 warnings: [299 Elasticsearch-7.16.1-5b38441b16b1ebb16a27c107a4c3865776e20c53 "Elasticsearch built-in security features are not enabled. Without authentication, your cluster could be accessible to anyone. See https://www.elastic.co/guide/en/elasticsearch/reference/7.16/security-minimal-setup.html to enable security."],[299 Elasticsearch-7.16.1-5b38441b16b1ebb16a27c107a4c3865776e20c53 "[ignore_throttled] parameter is deprecated because frozen indices have been deprecated. Consider cold or frozen tiers in place of frozen indices."]
2023-08-04 12:58:23,847 INFO  [com.dot.ContainerResource] (docker-java-stream-1865446083) STDOUT: 12:58:23.846  WARN  client.RestClient - request [POST http://elasticsearch:9200/cluster_c40f8aa8c9.live_20230804125756/_search?typed_keys=true&max_concurrent_shard_requests=5&ignore_unavailable=false&expand_wildcards=open&allow_no_indices=true&ignore_throttled=true&search_type=query_then_fetch&batched_reduce_size=512&ccs_minimize_roundtrips=true] returned 2 warnings: [299 Elasticsearch-7.16.1-5b38441b16b1ebb16a27c107a4c3865776e20c53 "Elasticsearch built-in security features are not enabled. Without authentication, your cluster could be accessible to anyone. See https://www.elastic.co/guide/en/elasticsearch/reference/7.16/security-minimal-setup.html to enable security."],[299 Elasticsearch-7.16.1-5b38441b16b1ebb16a27c107a4c3865776e20c53 "[ignore_throttled] parameter is deprecated because frozen indices have been deprecated. Consider cold or frozen tiers in place of frozen indices."]
2023-08-04 12:58:23,852 INFO  [com.dot.ContainerResource] (docker-java-stream-1865446083) STDOUT: 12:58:23.851  WARN  client.RestClient - request [POST http://elasticsearch:9200/cluster_c40f8aa8c9.live_20230804125756/_search?typed_keys=true&max_concurrent_shard_requests=5&ignore_unavailable=false&expand_wildcards=open&allow_no_indices=true&ignore_throttled=true&search_type=query_then_fetch&batched_reduce_size=512&ccs_minimize_roundtrips=true] returned 2 warnings: [299 Elasticsearch-7.16.1-5b38441b16b1ebb16a27c107a4c3865776e20c53 "Elasticsearch built-in security features are not enabled. Without authentication, your cluster could be accessible to anyone. See https://www.elastic.co/guide/en/elasticsearch/reference/7.16/security-minimal-setup.html to enable security."],[299 Elasticsearch-7.16.1-5b38441b16b1ebb16a27c107a4c3865776e20c53 "[ignore_throttled] parameter is deprecated because frozen indices have been deprecated. Consider cold or frozen tiers in place of frozen indices."]
2023-08-04 12:58:23,860 INFO  [com.dot.ContainerResource] (docker-java-stream-1865446083) STDOUT: 12:58:23.859  WARN  client.RestClient - request [POST http://elasticsearch:9200/cluster_c40f8aa8c9.live_20230804125756/_search?typed_keys=true&max_concurrent_shard_requests=5&ignore_unavailable=false&expand_wildcards=open&allow_no_indices=true&ignore_throttled=true&search_type=query_then_fetch&batched_reduce_size=512&ccs_minimize_roundtrips=true] returned 2 warnings: [299 Elasticsearch-7.16.1-5b38441b16b1ebb16a27c107a4c3865776e20c53 "Elasticsearch built-in security features are not enabled. Without authentication, your cluster could be accessible to anyone. See https://www.elastic.co/guide/en/elasticsearch/reference/7.16/security-minimal-setup.html to enable security."],[299 Elasticsearch-7.16.1-5b38441b16b1ebb16a27c107a4c3865776e20c53 "[ignore_throttled] parameter is deprecated because frozen indices have been deprecated. Consider cold or frozen tiers in place of frozen indices."]
2023-08-04 12:58:23,866 INFO  [com.dot.ContainerResource] (docker-java-stream-1865446083) STDOUT: 12:58:23.865  WARN  client.RestClient - request [POST http://elasticsearch:9200/cluster_c40f8aa8c9.live_20230804125756/_search?typed_keys=true&max_concurrent_shard_requests=5&ignore_unavailable=false&expand_wildcards=open&allow_no_indices=true&ignore_throttled=true&search_type=query_then_fetch&batched_reduce_size=512&ccs_minimize_roundtrips=true] returned 2 warnings: [299 Elasticsearch-7.16.1-5b38441b16b1ebb16a27c107a4c3865776e20c53 "Elasticsearch built-in security features are not enabled. Without authentication, your cluster could be accessible to anyone. See https://www.elastic.co/guide/en/elasticsearch/reference/7.16/security-minimal-setup.html to enable security."],[299 Elasticsearch-7.16.1-5b38441b16b1ebb16a27c107a4c3865776e20c53 "[ignore_throttled] parameter is deprecated because frozen indices have been deprecated. Consider cold or frozen tiers in place of frozen indices."]
2023-08-04 12:58:23,872 INFO  [com.dot.ContainerResource] (docker-java-stream-1865446083) STDOUT: 12:58:23.872  WARN  client.RestClient - request [POST http://elasticsearch:9200/cluster_c40f8aa8c9.live_20230804125756/_search?typed_keys=true&max_concurrent_shard_requests=5&ignore_unavailable=false&expand_wildcards=open&allow_no_indices=true&ignore_throttled=true&search_type=query_then_fetch&batched_reduce_size=512&ccs_minimize_roundtrips=true] returned 2 warnings: [299 Elasticsearch-7.16.1-5b38441b16b1ebb16a27c107a4c3865776e20c53 "Elasticsearch built-in security features are not enabled. Without authentication, your cluster could be accessible to anyone. See https://www.elastic.co/guide/en/elasticsearch/reference/7.16/security-minimal-setup.html to enable security."],[299 Elasticsearch-7.16.1-5b38441b16b1ebb16a27c107a4c3865776e20c53 "[ignore_throttled] parameter is deprecated because frozen indices have been deprecated. Consider cold or frozen tiers in place of frozen indices."]
2023-08-04 12:58:23,878 INFO  [com.dot.ContainerResource] (docker-java-stream-1865446083) STDOUT: 12:58:23.878  WARN  client.RestClient - request [POST http://elasticsearch:9200/cluster_c40f8aa8c9.live_20230804125756/_search?typed_keys=true&max_concurrent_shard_requests=5&ignore_unavailable=false&expand_wildcards=open&allow_no_indices=true&ignore_throttled=true&search_type=query_then_fetch&batched_reduce_size=512&ccs_minimize_roundtrips=true] returned 2 warnings: [299 Elasticsearch-7.16.1-5b38441b16b1ebb16a27c107a4c3865776e20c53 "Elasticsearch built-in security features are not enabled. Without authentication, your cluster could be accessible to anyone. See https://www.elastic.co/guide/en/elasticsearch/reference/7.16/security-minimal-setup.html to enable security."],[299 Elasticsearch-7.16.1-5b38441b16b1ebb16a27c107a4c3865776e20c53 "[ignore_throttled] parameter is deprecated because frozen indices have been deprecated. Consider cold or frozen tiers in place of frozen indices."]
2023-08-04 12:58:23,886 INFO  [com.dot.ContainerResource] (docker-java-stream-1865446083) STDOUT: 12:58:23.885  WARN  client.RestClient - request [POST http://elasticsearch:9200/cluster_c40f8aa8c9.live_20230804125756/_search?typed_keys=true&max_concurrent_shard_requests=5&ignore_unavailable=false&expand_wildcards=open&allow_no_indices=true&ignore_throttled=true&search_type=query_then_fetch&batched_reduce_size=512&ccs_minimize_roundtrips=true] returned 2 warnings: [299 Elasticsearch-7.16.1-5b38441b16b1ebb16a27c107a4c3865776e20c53 "Elasticsearch built-in security features are not enabled. Without authentication, your cluster could be accessible to anyone. See https://www.elastic.co/guide/en/elasticsearch/reference/7.16/security-minimal-setup.html to enable security."],[299 Elasticsearch-7.16.1-5b38441b16b1ebb16a27c107a4c3865776e20c53 "[ignore_throttled] parameter is deprecated because frozen indices have been deprecated. Consider cold or frozen tiers in place of frozen indices."]
2023-08-04 12:58:23,892 INFO  [com.dot.ContainerResource] (docker-java-stream-1865446083) STDOUT: 12:58:23.891  WARN  client.RestClient - request [POST http://elasticsearch:9200/cluster_c40f8aa8c9.live_20230804125756/_search?typed_keys=true&max_concurrent_shard_requests=5&ignore_unavailable=false&expand_wildcards=open&allow_no_indices=true&ignore_throttled=true&search_type=query_then_fetch&batched_reduce_size=512&ccs_minimize_roundtrips=true] returned 2 warnings: [299 Elasticsearch-7.16.1-5b38441b16b1ebb16a27c107a4c3865776e20c53 "Elasticsearch built-in security features are not enabled. Without authentication, your cluster could be accessible to anyone. See https://www.elastic.co/guide/en/elasticsearch/reference/7.16/security-minimal-setup.html to enable security."],[299 Elasticsearch-7.16.1-5b38441b16b1ebb16a27c107a4c3865776e20c53 "[ignore_throttled] parameter is deprecated because frozen indices have been deprecated. Consider cold or frozen tiers in place of frozen indices."]
2023-08-04 12:58:23,898 INFO  [com.dot.ContainerResource] (docker-java-stream-1865446083) STDOUT: 12:58:23.897  WARN  client.RestClient - request [POST http://elasticsearch:9200/cluster_c40f8aa8c9.live_20230804125756/_search?typed_keys=true&max_concurrent_shard_requests=5&ignore_unavailable=false&expand_wildcards=open&allow_no_indices=true&ignore_throttled=true&search_type=query_then_fetch&batched_reduce_size=512&ccs_minimize_roundtrips=true] returned 2 warnings: [299 Elasticsearch-7.16.1-5b38441b16b1ebb16a27c107a4c3865776e20c53 "Elasticsearch built-in security features are not enabled. Without authentication, your cluster could be accessible to anyone. See https://www.elastic.co/guide/en/elasticsearch/reference/7.16/security-minimal-setup.html to enable security."],[299 Elasticsearch-7.16.1-5b38441b16b1ebb16a27c107a4c3865776e20c53 "[ignore_throttled] parameter is deprecated because frozen indices have been deprecated. Consider cold or frozen tiers in place of frozen indices."]
2023-08-04 12:58:24,269 INFO  [com.dot.ContainerResource] (docker-java-stream-1865446083) STDOUT: 12:58:24.268  WARN  client.RestClient - request [POST http://elasticsearch:9200/cluster_c40f8aa8c9.live_20230804125756/_search?typed_keys=true&max_concurrent_shard_requests=5&ignore_unavailable=false&expand_wildcards=open&allow_no_indices=true&ignore_throttled=true&search_type=query_then_fetch&batched_reduce_size=512&ccs_minimize_roundtrips=true] returned 2 warnings: [299 Elasticsearch-7.16.1-5b38441b16b1ebb16a27c107a4c3865776e20c53 "Elasticsearch built-in security features are not enabled. Without authentication, your cluster could be accessible to anyone. See https://www.elastic.co/guide/en/elasticsearch/reference/7.16/security-minimal-setup.html to enable security."],[299 Elasticsearch-7.16.1-5b38441b16b1ebb16a27c107a4c3865776e20c53 "[ignore_throttled] parameter is deprecated because frozen indices have been deprecated. Consider cold or frozen tiers in place of frozen indices."]
2023-08-04 12:58:24,273 INFO  [com.dot.ContainerResource] (docker-java-stream-1865446083) STDOUT: 12:58:24.273  WARN  client.RestClient - request [POST http://elasticsearch:9200/cluster_c40f8aa8c9.live_20230804125756/_search?typed_keys=true&max_concurrent_shard_requests=5&ignore_unavailable=false&expand_wildcards=open&allow_no_indices=true&ignore_throttled=true&search_type=query_then_fetch&batched_reduce_size=512&ccs_minimize_roundtrips=true] returned 2 warnings: [299 Elasticsearch-7.16.1-5b38441b16b1ebb16a27c107a4c3865776e20c53 "Elasticsearch built-in security features are not enabled. Without authentication, your cluster could be accessible to anyone. See https://www.elastic.co/guide/en/elasticsearch/reference/7.16/security-minimal-setup.html to enable security."],[299 Elasticsearch-7.16.1-5b38441b16b1ebb16a27c107a4c3865776e20c53 "[ignore_throttled] parameter is deprecated because frozen indices have been deprecated. Consider cold or frozen tiers in place of frozen indices."]
2023-08-04 12:58:24,277 INFO  [com.dot.ContainerResource] (docker-java-stream-1865446083) STDOUT: 12:58:24.276  WARN  client.RestClient - request [POST http://elasticsearch:9200/cluster_c40f8aa8c9.live_20230804125756/_search?typed_keys=true&max_concurrent_shard_requests=5&ignore_unavailable=false&expand_wildcards=open&allow_no_indices=true&ignore_throttled=true&search_type=query_then_fetch&batched_reduce_size=512&ccs_minimize_roundtrips=true] returned 2 warnings: [299 Elasticsearch-7.16.1-5b38441b16b1ebb16a27c107a4c3865776e20c53 "Elasticsearch built-in security features are not enabled. Without authentication, your cluster could be accessible to anyone. See https://www.elastic.co/guide/en/elasticsearch/reference/7.16/security-minimal-setup.html to enable security."],[299 Elasticsearch-7.16.1-5b38441b16b1ebb16a27c107a4c3865776e20c53 "[ignore_throttled] parameter is deprecated because frozen indices have been deprecated. Consider cold or frozen tiers in place of frozen indices."]
2023-08-04 12:58:24,280 INFO  [com.dot.ContainerResource] (docker-java-stream-1865446083) STDOUT: 12:58:24.280  WARN  client.RestClient - request [POST http://elasticsearch:9200/cluster_c40f8aa8c9.live_20230804125756/_search?typed_keys=true&max_concurrent_shard_requests=5&ignore_unavailable=false&expand_wildcards=open&allow_no_indices=true&ignore_throttled=true&search_type=query_then_fetch&batched_reduce_size=512&ccs_minimize_roundtrips=true] returned 2 warnings: [299 Elasticsearch-7.16.1-5b38441b16b1ebb16a27c107a4c3865776e20c53 "Elasticsearch built-in security features are not enabled. Without authentication, your cluster could be accessible to anyone. See https://www.elastic.co/guide/en/elasticsearch/reference/7.16/security-minimal-setup.html to enable security."],[299 Elasticsearch-7.16.1-5b38441b16b1ebb16a27c107a4c3865776e20c53 "[ignore_throttled] parameter is deprecated because frozen indices have been deprecated. Consider cold or frozen tiers in place of frozen indices."]
2023-08-04 12:58:24,283 INFO  [com.dot.ContainerResource] (docker-java-stream-1865446083) STDOUT: 12:58:24.283  WARN  client.RestClient - request [POST http://elasticsearch:9200/cluster_c40f8aa8c9.live_20230804125756/_search?typed_keys=true&max_concurrent_shard_requests=5&ignore_unavailable=false&expand_wildcards=open&allow_no_indices=true&ignore_throttled=true&search_type=query_then_fetch&batched_reduce_size=512&ccs_minimize_roundtrips=true] returned 2 warnings: [299 Elasticsearch-7.16.1-5b38441b16b1ebb16a27c107a4c3865776e20c53 "Elasticsearch built-in security features are not enabled. Without authentication, your cluster could be accessible to anyone. See https://www.elastic.co/guide/en/elasticsearch/reference/7.16/security-minimal-setup.html to enable security."],[299 Elasticsearch-7.16.1-5b38441b16b1ebb16a27c107a4c3865776e20c53 "[ignore_throttled] parameter is deprecated because frozen indices have been deprecated. Consider cold or frozen tiers in place of frozen indices."]
2023-08-04 12:58:24,286 INFO  [com.dot.ContainerResource] (docker-java-stream-1865446083) STDOUT: 12:58:24.286  WARN  client.RestClient - request [POST http://elasticsearch:9200/cluster_c40f8aa8c9.live_20230804125756/_search?typed_keys=true&max_concurrent_shard_requests=5&ignore_unavailable=false&expand_wildcards=open&allow_no_indices=true&ignore_throttled=true&search_type=query_then_fetch&batched_reduce_size=512&ccs_minimize_roundtrips=true] returned 2 warnings: [299 Elasticsearch-7.16.1-5b38441b16b1ebb16a27c107a4c3865776e20c53 "Elasticsearch built-in security features are not enabled. Without authentication, your cluster could be accessible to anyone. See https://www.elastic.co/guide/en/elasticsearch/reference/7.16/security-minimal-setup.html to enable security."],[299 Elasticsearch-7.16.1-5b38441b16b1ebb16a27c107a4c3865776e20c53 "[ignore_throttled] parameter is deprecated because frozen indices have been deprecated. Consider cold or frozen tiers in place of frozen indices."]
2023-08-04 12:58:24,289 INFO  [com.dot.ContainerResource] (docker-java-stream-1865446083) STDOUT: 12:58:24.289  WARN  client.RestClient - request [POST http://elasticsearch:9200/cluster_c40f8aa8c9.live_20230804125756/_search?typed_keys=true&max_concurrent_shard_requests=5&ignore_unavailable=false&expand_wildcards=open&allow_no_indices=true&ignore_throttled=true&search_type=query_then_fetch&batched_reduce_size=512&ccs_minimize_roundtrips=true] returned 2 warnings: [299 Elasticsearch-7.16.1-5b38441b16b1ebb16a27c107a4c3865776e20c53 "Elasticsearch built-in security features are not enabled. Without authentication, your cluster could be accessible to anyone. See https://www.elastic.co/guide/en/elasticsearch/reference/7.16/security-minimal-setup.html to enable security."],[299 Elasticsearch-7.16.1-5b38441b16b1ebb16a27c107a4c3865776e20c53 "[ignore_throttled] parameter is deprecated because frozen indices have been deprecated. Consider cold or frozen tiers in place of frozen indices."]
2023-08-04 12:58:24,292 INFO  [com.dot.ContainerResource] (docker-java-stream-1865446083) STDOUT: 12:58:24.292  WARN  client.RestClient - request [POST http://elasticsearch:9200/cluster_c40f8aa8c9.live_20230804125756/_search?typed_keys=true&max_concurrent_shard_requests=5&ignore_unavailable=false&expand_wildcards=open&allow_no_indices=true&ignore_throttled=true&search_type=query_then_fetch&batched_reduce_size=512&ccs_minimize_roundtrips=true] returned 2 warnings: [299 Elasticsearch-7.16.1-5b38441b16b1ebb16a27c107a4c3865776e20c53 "Elasticsearch built-in security features are not enabled. Without authentication, your cluster could be accessible to anyone. See https://www.elastic.co/guide/en/elasticsearch/reference/7.16/security-minimal-setup.html to enable security."],[299 Elasticsearch-7.16.1-5b38441b16b1ebb16a27c107a4c3865776e20c53 "[ignore_throttled] parameter is deprecated because frozen indices have been deprecated. Consider cold or frozen tiers in place of frozen indices."]
2023-08-04 12:58:24,301 INFO  [com.dot.ContainerResource] (docker-java-stream-1865446083) STDOUT: 12:58:24.301  WARN  client.RestClient - request [POST http://elasticsearch:9200/cluster_c40f8aa8c9.live_20230804125756/_search?typed_keys=true&max_concurrent_shard_requests=5&ignore_unavailable=false&expand_wildcards=open&allow_no_indices=true&ignore_throttled=true&search_type=query_then_fetch&batched_reduce_size=512&ccs_minimize_roundtrips=true] returned 2 warnings: [299 Elasticsearch-7.16.1-5b38441b16b1ebb16a27c107a4c3865776e20c53 "Elasticsearch built-in security features are not enabled. Without authentication, your cluster could be accessible to anyone. See https://www.elastic.co/guide/en/elasticsearch/reference/7.16/security-minimal-setup.html to enable security."],[299 Elasticsearch-7.16.1-5b38441b16b1ebb16a27c107a4c3865776e20c53 "[ignore_throttled] parameter is deprecated because frozen indices have been deprecated. Consider cold or frozen tiers in place of frozen indices."]
2023-08-04 12:58:24,309 INFO  [com.dot.ContainerResource] (docker-java-stream-1865446083) STDOUT: 12:58:24.308  WARN  client.RestClient - request [POST http://elasticsearch:9200/cluster_c40f8aa8c9.live_20230804125756/_search?typed_keys=true&max_concurrent_shard_requests=5&ignore_unavailable=false&expand_wildcards=open&allow_no_indices=true&ignore_throttled=true&search_type=query_then_fetch&batched_reduce_size=512&ccs_minimize_roundtrips=true] returned 2 warnings: [299 Elasticsearch-7.16.1-5b38441b16b1ebb16a27c107a4c3865776e20c53 "Elasticsearch built-in security features are not enabled. Without authentication, your cluster could be accessible to anyone. See https://www.elastic.co/guide/en/elasticsearch/reference/7.16/security-minimal-setup.html to enable security."],[299 Elasticsearch-7.16.1-5b38441b16b1ebb16a27c107a4c3865776e20c53 "[ignore_throttled] parameter is deprecated because frozen indices have been deprecated. Consider cold or frozen tiers in place of frozen indices."]
2023-08-04 12:58:24,314 INFO  [com.dot.ContainerResource] (docker-java-stream-1865446083) STDOUT: 12:58:24.314  WARN  client.RestClient - request [POST http://elasticsearch:9200/cluster_c40f8aa8c9.live_20230804125756/_search?typed_keys=true&max_concurrent_shard_requests=5&ignore_unavailable=false&expand_wildcards=open&allow_no_indices=true&ignore_throttled=true&search_type=query_then_fetch&batched_reduce_size=512&ccs_minimize_roundtrips=true] returned 2 warnings: [299 Elasticsearch-7.16.1-5b38441b16b1ebb16a27c107a4c3865776e20c53 "Elasticsearch built-in security features are not enabled. Without authentication, your cluster could be accessible to anyone. See https://www.elastic.co/guide/en/elasticsearch/reference/7.16/security-minimal-setup.html to enable security."],[299 Elasticsearch-7.16.1-5b38441b16b1ebb16a27c107a4c3865776e20c53 "[ignore_throttled] parameter is deprecated because frozen indices have been deprecated. Consider cold or frozen tiers in place of frozen indices."]
2023-08-04 12:58:24,318 INFO  [com.dot.ContainerResource] (docker-java-stream-1865446083) STDOUT: 12:58:24.317  WARN  client.RestClient - request [POST http://elasticsearch:9200/cluster_c40f8aa8c9.live_20230804125756/_search?typed_keys=true&max_concurrent_shard_requests=5&ignore_unavailable=false&expand_wildcards=open&allow_no_indices=true&ignore_throttled=true&search_type=query_then_fetch&batched_reduce_size=512&ccs_minimize_roundtrips=true] returned 2 warnings: [299 Elasticsearch-7.16.1-5b38441b16b1ebb16a27c107a4c3865776e20c53 "Elasticsearch built-in security features are not enabled. Without authentication, your cluster could be accessible to anyone. See https://www.elastic.co/guide/en/elasticsearch/reference/7.16/security-minimal-setup.html to enable security."],[299 Elasticsearch-7.16.1-5b38441b16b1ebb16a27c107a4c3865776e20c53 "[ignore_throttled] parameter is deprecated because frozen indices have been deprecated. Consider cold or frozen tiers in place of frozen indices."]
2023-08-04 12:58:24,321 INFO  [com.dot.ContainerResource] (docker-java-stream-1865446083) STDOUT: 12:58:24.321  WARN  client.RestClient - request [POST http://elasticsearch:9200/cluster_c40f8aa8c9.live_20230804125756/_search?typed_keys=true&max_concurrent_shard_requests=5&ignore_unavailable=false&expand_wildcards=open&allow_no_indices=true&ignore_throttled=true&search_type=query_then_fetch&batched_reduce_size=512&ccs_minimize_roundtrips=true] returned 2 warnings: [299 Elasticsearch-7.16.1-5b38441b16b1ebb16a27c107a4c3865776e20c53 "Elasticsearch built-in security features are not enabled. Without authentication, your cluster could be accessible to anyone. See https://www.elastic.co/guide/en/elasticsearch/reference/7.16/security-minimal-setup.html to enable security."],[299 Elasticsearch-7.16.1-5b38441b16b1ebb16a27c107a4c3865776e20c53 "[ignore_throttled] parameter is deprecated because frozen indices have been deprecated. Consider cold or frozen tiers in place of frozen indices."]
2023-08-04 12:58:24,324 INFO  [com.dot.ContainerResource] (docker-java-stream-1865446083) STDOUT: 12:58:24.324  WARN  client.RestClient - request [POST http://elasticsearch:9200/cluster_c40f8aa8c9.live_20230804125756/_search?typed_keys=true&max_concurrent_shard_requests=5&ignore_unavailable=false&expand_wildcards=open&allow_no_indices=true&ignore_throttled=true&search_type=query_then_fetch&batched_reduce_size=512&ccs_minimize_roundtrips=true] returned 2 warnings: [299 Elasticsearch-7.16.1-5b38441b16b1ebb16a27c107a4c3865776e20c53 "Elasticsearch built-in security features are not enabled. Without authentication, your cluster could be accessible to anyone. See https://www.elastic.co/guide/en/elasticsearch/reference/7.16/security-minimal-setup.html to enable security."],[299 Elasticsearch-7.16.1-5b38441b16b1ebb16a27c107a4c3865776e20c53 "[ignore_throttled] parameter is deprecated because frozen indices have been deprecated. Consider cold or frozen tiers in place of frozen indices."]
2023-08-04 12:58:24,327 INFO  [com.dot.ContainerResource] (docker-java-stream-1865446083) STDOUT: 12:58:24.327  WARN  client.RestClient - request [POST http://elasticsearch:9200/cluster_c40f8aa8c9.live_20230804125756/_search?typed_keys=true&max_concurrent_shard_requests=5&ignore_unavailable=false&expand_wildcards=open&allow_no_indices=true&ignore_throttled=true&search_type=query_then_fetch&batched_reduce_size=512&ccs_minimize_roundtrips=true] returned 2 warnings: [299 Elasticsearch-7.16.1-5b38441b16b1ebb16a27c107a4c3865776e20c53 "Elasticsearch built-in security features are not enabled. Without authentication, your cluster could be accessible to anyone. See https://www.elastic.co/guide/en/elasticsearch/reference/7.16/security-minimal-setup.html to enable security."],[299 Elasticsearch-7.16.1-5b38441b16b1ebb16a27c107a4c3865776e20c53 "[ignore_throttled] parameter is deprecated because frozen indices have been deprecated. Consider cold or frozen tiers in place of frozen indices."]
2023-08-04 12:58:24,330 INFO  [com.dot.ContainerResource] (docker-java-stream-1865446083) STDOUT: 12:58:24.330  WARN  client.RestClient - request [POST http://elasticsearch:9200/cluster_c40f8aa8c9.live_20230804125756/_search?typed_keys=true&max_concurrent_shard_requests=5&ignore_unavailable=false&expand_wildcards=open&allow_no_indices=true&ignore_throttled=true&search_type=query_then_fetch&batched_reduce_size=512&ccs_minimize_roundtrips=true] returned 2 warnings: [299 Elasticsearch-7.16.1-5b38441b16b1ebb16a27c107a4c3865776e20c53 "Elasticsearch built-in security features are not enabled. Without authentication, your cluster could be accessible to anyone. See https://www.elastic.co/guide/en/elasticsearch/reference/7.16/security-minimal-setup.html to enable security."],[299 Elasticsearch-7.16.1-5b38441b16b1ebb16a27c107a4c3865776e20c53 "[ignore_throttled] parameter is deprecated because frozen indices have been deprecated. Consider cold or frozen tiers in place of frozen indices."]
2023-08-04 12:58:24,333 INFO  [com.dot.ContainerResource] (docker-java-stream-1865446083) STDOUT: 12:58:24.333  WARN  client.RestClient - request [POST http://elasticsearch:9200/cluster_c40f8aa8c9.live_20230804125756/_search?typed_keys=true&max_concurrent_shard_requests=5&ignore_unavailable=false&expand_wildcards=open&allow_no_indices=true&ignore_throttled=true&search_type=query_then_fetch&batched_reduce_size=512&ccs_minimize_roundtrips=true] returned 2 warnings: [299 Elasticsearch-7.16.1-5b38441b16b1ebb16a27c107a4c3865776e20c53 "Elasticsearch built-in security features are not enabled. Without authentication, your cluster could be accessible to anyone. See https://www.elastic.co/guide/en/elasticsearch/reference/7.16/security-minimal-setup.html to enable security."],[299 Elasticsearch-7.16.1-5b38441b16b1ebb16a27c107a4c3865776e20c53 "[ignore_throttled] parameter is deprecated because frozen indices have been deprecated. Consider cold or frozen tiers in place of frozen indices."]
2023-08-04 12:58:24,336 INFO  [com.dot.ContainerResource] (docker-java-stream-1865446083) STDOUT: 12:58:24.336  WARN  client.RestClient - request [POST http://elasticsearch:9200/cluster_c40f8aa8c9.live_20230804125756/_search?typed_keys=true&max_concurrent_shard_requests=5&ignore_unavailable=false&expand_wildcards=open&allow_no_indices=true&ignore_throttled=true&search_type=query_then_fetch&batched_reduce_size=512&ccs_minimize_roundtrips=true] returned 2 warnings: [299 Elasticsearch-7.16.1-5b38441b16b1ebb16a27c107a4c3865776e20c53 "Elasticsearch built-in security features are not enabled. Without authentication, your cluster could be accessible to anyone. See https://www.elastic.co/guide/en/elasticsearch/reference/7.16/security-minimal-setup.html to enable security."],[299 Elasticsearch-7.16.1-5b38441b16b1ebb16a27c107a4c3865776e20c53 "[ignore_throttled] parameter is deprecated because frozen indices have been deprecated. Consider cold or frozen tiers in place of frozen indices."]
2023-08-04 12:58:24,339 INFO  [com.dot.ContainerResource] (docker-java-stream-1865446083) STDOUT: 12:58:24.339  WARN  client.RestClient - request [POST http://elasticsearch:9200/cluster_c40f8aa8c9.live_20230804125756/_search?typed_keys=true&max_concurrent_shard_requests=5&ignore_unavailable=false&expand_wildcards=open&allow_no_indices=true&ignore_throttled=true&search_type=query_then_fetch&batched_reduce_size=512&ccs_minimize_roundtrips=true] returned 2 warnings: [299 Elasticsearch-7.16.1-5b38441b16b1ebb16a27c107a4c3865776e20c53 "Elasticsearch built-in security features are not enabled. Without authentication, your cluster could be accessible to anyone. See https://www.elastic.co/guide/en/elasticsearch/reference/7.16/security-minimal-setup.html to enable security."],[299 Elasticsearch-7.16.1-5b38441b16b1ebb16a27c107a4c3865776e20c53 "[ignore_throttled] parameter is deprecated because frozen indices have been deprecated. Consider cold or frozen tiers in place of frozen indices."]
2023-08-04 12:58:24,342 INFO  [com.dot.ContainerResource] (docker-java-stream-1865446083) STDOUT: 12:58:24.342  WARN  client.RestClient - request [POST http://elasticsearch:9200/cluster_c40f8aa8c9.live_20230804125756/_search?typed_keys=true&max_concurrent_shard_requests=5&ignore_unavailable=false&expand_wildcards=open&allow_no_indices=true&ignore_throttled=true&search_type=query_then_fetch&batched_reduce_size=512&ccs_minimize_roundtrips=true] returned 2 warnings: [299 Elasticsearch-7.16.1-5b38441b16b1ebb16a27c107a4c3865776e20c53 "Elasticsearch built-in security features are not enabled. Without authentication, your cluster could be accessible to anyone. See https://www.elastic.co/guide/en/elasticsearch/reference/7.16/security-minimal-setup.html to enable security."],[299 Elasticsearch-7.16.1-5b38441b16b1ebb16a27c107a4c3865776e20c53 "[ignore_throttled] parameter is deprecated because frozen indices have been deprecated. Consider cold or frozen tiers in place of frozen indices."]
2023-08-04 12:58:24,345 INFO  [com.dot.ContainerResource] (docker-java-stream-1865446083) STDOUT: 12:58:24.345  WARN  client.RestClient - request [POST http://elasticsearch:9200/cluster_c40f8aa8c9.live_20230804125756/_search?typed_keys=true&max_concurrent_shard_requests=5&ignore_unavailable=false&expand_wildcards=open&allow_no_indices=true&ignore_throttled=true&search_type=query_then_fetch&batched_reduce_size=512&ccs_minimize_roundtrips=true] returned 2 warnings: [299 Elasticsearch-7.16.1-5b38441b16b1ebb16a27c107a4c3865776e20c53 "Elasticsearch built-in security features are not enabled. Without authentication, your cluster could be accessible to anyone. See https://www.elastic.co/guide/en/elasticsearch/reference/7.16/security-minimal-setup.html to enable security."],[299 Elasticsearch-7.16.1-5b38441b16b1ebb16a27c107a4c3865776e20c53 "[ignore_throttled] parameter is deprecated because frozen indices have been deprecated. Consider cold or frozen tiers in place of frozen indices."]
2023-08-04 12:58:24,348 INFO  [com.dot.ContainerResource] (docker-java-stream-1865446083) STDOUT: 12:58:24.348  WARN  client.RestClient - request [POST http://elasticsearch:9200/cluster_c40f8aa8c9.live_20230804125756/_search?typed_keys=true&max_concurrent_shard_requests=5&ignore_unavailable=false&expand_wildcards=open&allow_no_indices=true&ignore_throttled=true&search_type=query_then_fetch&batched_reduce_size=512&ccs_minimize_roundtrips=true] returned 2 warnings: [299 Elasticsearch-7.16.1-5b38441b16b1ebb16a27c107a4c3865776e20c53 "Elasticsearch built-in security features are not enabled. Without authentication, your cluster could be accessible to anyone. See https://www.elastic.co/guide/en/elasticsearch/reference/7.16/security-minimal-setup.html to enable security."],[299 Elasticsearch-7.16.1-5b38441b16b1ebb16a27c107a4c3865776e20c53 "[ignore_throttled] parameter is deprecated because frozen indices have been deprecated. Consider cold or frozen tiers in place of frozen indices."]
2023-08-04 12:58:24,351 INFO  [com.dot.ContainerResource] (docker-java-stream-1865446083) STDOUT: 12:58:24.351  WARN  client.RestClient - request [POST http://elasticsearch:9200/cluster_c40f8aa8c9.live_20230804125756/_search?typed_keys=true&max_concurrent_shard_requests=5&ignore_unavailable=false&expand_wildcards=open&allow_no_indices=true&ignore_throttled=true&search_type=query_then_fetch&batched_reduce_size=512&ccs_minimize_roundtrips=true] returned 2 warnings: [299 Elasticsearch-7.16.1-5b38441b16b1ebb16a27c107a4c3865776e20c53 "Elasticsearch built-in security features are not enabled. Without authentication, your cluster could be accessible to anyone. See https://www.elastic.co/guide/en/elasticsearch/reference/7.16/security-minimal-setup.html to enable security."],[299 Elasticsearch-7.16.1-5b38441b16b1ebb16a27c107a4c3865776e20c53 "[ignore_throttled] parameter is deprecated because frozen indices have been deprecated. Consider cold or frozen tiers in place of frozen indices."]
2023-08-04 12:58:24,354 INFO  [com.dot.ContainerResource] (docker-java-stream-1865446083) STDOUT: 12:58:24.354  WARN  client.RestClient - request [POST http://elasticsearch:9200/cluster_c40f8aa8c9.live_20230804125756/_search?typed_keys=true&max_concurrent_shard_requests=5&ignore_unavailable=false&expand_wildcards=open&allow_no_indices=true&ignore_throttled=true&search_type=query_then_fetch&batched_reduce_size=512&ccs_minimize_roundtrips=true] returned 2 warnings: [299 Elasticsearch-7.16.1-5b38441b16b1ebb16a27c107a4c3865776e20c53 "Elasticsearch built-in security features are not enabled. Without authentication, your cluster could be accessible to anyone. See https://www.elastic.co/guide/en/elasticsearch/reference/7.16/security-minimal-setup.html to enable security."],[299 Elasticsearch-7.16.1-5b38441b16b1ebb16a27c107a4c3865776e20c53 "[ignore_throttled] parameter is deprecated because frozen indices have been deprecated. Consider cold or frozen tiers in place of frozen indices."]
2023-08-04 12:58:24,357 INFO  [com.dot.ContainerResource] (docker-java-stream-1865446083) STDOUT: 12:58:24.357  WARN  client.RestClient - request [POST http://elasticsearch:9200/cluster_c40f8aa8c9.live_20230804125756/_search?typed_keys=true&max_concurrent_shard_requests=5&ignore_unavailable=false&expand_wildcards=open&allow_no_indices=true&ignore_throttled=true&search_type=query_then_fetch&batched_reduce_size=512&ccs_minimize_roundtrips=true] returned 2 warnings: [299 Elasticsearch-7.16.1-5b38441b16b1ebb16a27c107a4c3865776e20c53 "Elasticsearch built-in security features are not enabled. Without authentication, your cluster could be accessible to anyone. See https://www.elastic.co/guide/en/elasticsearch/reference/7.16/security-minimal-setup.html to enable security."],[299 Elasticsearch-7.16.1-5b38441b16b1ebb16a27c107a4c3865776e20c53 "[ignore_throttled] parameter is deprecated because frozen indices have been deprecated. Consider cold or frozen tiers in place of frozen indices."]
2023-08-04 12:58:24,360 INFO  [com.dot.ContainerResource] (docker-java-stream-1865446083) STDOUT: 12:58:24.360  WARN  client.RestClient - request [POST http://elasticsearch:9200/cluster_c40f8aa8c9.live_20230804125756/_search?typed_keys=true&max_concurrent_shard_requests=5&ignore_unavailable=false&expand_wildcards=open&allow_no_indices=true&ignore_throttled=true&search_type=query_then_fetch&batched_reduce_size=512&ccs_minimize_roundtrips=true] returned 2 warnings: [299 Elasticsearch-7.16.1-5b38441b16b1ebb16a27c107a4c3865776e20c53 "Elasticsearch built-in security features are not enabled. Without authentication, your cluster could be accessible to anyone. See https://www.elastic.co/guide/en/elasticsearch/reference/7.16/security-minimal-setup.html to enable security."],[299 Elasticsearch-7.16.1-5b38441b16b1ebb16a27c107a4c3865776e20c53 "[ignore_throttled] parameter is deprecated because frozen indices have been deprecated. Consider cold or frozen tiers in place of frozen indices."]
2023-08-04 12:58:24,363 INFO  [com.dot.ContainerResource] (docker-java-stream-1865446083) STDOUT: 12:58:24.363  WARN  client.RestClient - request [POST http://elasticsearch:9200/cluster_c40f8aa8c9.live_20230804125756/_search?typed_keys=true&max_concurrent_shard_requests=5&ignore_unavailable=false&expand_wildcards=open&allow_no_indices=true&ignore_throttled=true&search_type=query_then_fetch&batched_reduce_size=512&ccs_minimize_roundtrips=true] returned 2 warnings: [299 Elasticsearch-7.16.1-5b38441b16b1ebb16a27c107a4c3865776e20c53 "Elasticsearch built-in security features are not enabled. Without authentication, your cluster could be accessible to anyone. See https://www.elastic.co/guide/en/elasticsearch/reference/7.16/security-minimal-setup.html to enable security."],[299 Elasticsearch-7.16.1-5b38441b16b1ebb16a27c107a4c3865776e20c53 "[ignore_throttled] parameter is deprecated because frozen indices have been deprecated. Consider cold or frozen tiers in place of frozen indices."]
2023-08-04 12:58:24,366 INFO  [com.dot.ContainerResource] (docker-java-stream-1865446083) STDOUT: 12:58:24.366  WARN  client.RestClient - request [POST http://elasticsearch:9200/cluster_c40f8aa8c9.live_20230804125756/_search?typed_keys=true&max_concurrent_shard_requests=5&ignore_unavailable=false&expand_wildcards=open&allow_no_indices=true&ignore_throttled=true&search_type=query_then_fetch&batched_reduce_size=512&ccs_minimize_roundtrips=true] returned 2 warnings: [299 Elasticsearch-7.16.1-5b38441b16b1ebb16a27c107a4c3865776e20c53 "Elasticsearch built-in security features are not enabled. Without authentication, your cluster could be accessible to anyone. See https://www.elastic.co/guide/en/elasticsearch/reference/7.16/security-minimal-setup.html to enable security."],[299 Elasticsearch-7.16.1-5b38441b16b1ebb16a27c107a4c3865776e20c53 "[ignore_throttled] parameter is deprecated because frozen indices have been deprecated. Consider cold or frozen tiers in place of frozen indices."]
2023-08-04 12:58:24,369 INFO  [com.dot.ContainerResource] (docker-java-stream-1865446083) STDOUT: 12:58:24.369  WARN  client.RestClient - request [POST http://elasticsearch:9200/cluster_c40f8aa8c9.live_20230804125756/_search?typed_keys=true&max_concurrent_shard_requests=5&ignore_unavailable=false&expand_wildcards=open&allow_no_indices=true&ignore_throttled=true&search_type=query_then_fetch&batched_reduce_size=512&ccs_minimize_roundtrips=true] returned 2 warnings: [299 Elasticsearch-7.16.1-5b38441b16b1ebb16a27c107a4c3865776e20c53 "Elasticsearch built-in security features are not enabled. Without authentication, your cluster could be accessible to anyone. See https://www.elastic.co/guide/en/elasticsearch/reference/7.16/security-minimal-setup.html to enable security."],[299 Elasticsearch-7.16.1-5b38441b16b1ebb16a27c107a4c3865776e20c53 "[ignore_throttled] parameter is deprecated because frozen indices have been deprecated. Consider cold or frozen tiers in place of frozen indices."]
2023-08-04 12:58:24,372 INFO  [com.dot.ContainerResource] (docker-java-stream-1865446083) STDOUT: 12:58:24.372  WARN  client.RestClient - request [POST http://elasticsearch:9200/cluster_c40f8aa8c9.live_20230804125756/_search?typed_keys=true&max_concurrent_shard_requests=5&ignore_unavailable=false&expand_wildcards=open&allow_no_indices=true&ignore_throttled=true&search_type=query_then_fetch&batched_reduce_size=512&ccs_minimize_roundtrips=true] returned 2 warnings: [299 Elasticsearch-7.16.1-5b38441b16b1ebb16a27c107a4c3865776e20c53 "Elasticsearch built-in security features are not enabled. Without authentication, your cluster could be accessible to anyone. See https://www.elastic.co/guide/en/elasticsearch/reference/7.16/security-minimal-setup.html to enable security."],[299 Elasticsearch-7.16.1-5b38441b16b1ebb16a27c107a4c3865776e20c53 "[ignore_throttled] parameter is deprecated because frozen indices have been deprecated. Consider cold or frozen tiers in place of frozen indices."]
2023-08-04 12:58:24,376 INFO  [com.dot.ContainerResource] (docker-java-stream-1865446083) STDOUT: 12:58:24.376  WARN  client.RestClient - request [POST http://elasticsearch:9200/cluster_c40f8aa8c9.live_20230804125756/_search?typed_keys=true&max_concurrent_shard_requests=5&ignore_unavailable=false&expand_wildcards=open&allow_no_indices=true&ignore_throttled=true&search_type=query_then_fetch&batched_reduce_size=512&ccs_minimize_roundtrips=true] returned 2 warnings: [299 Elasticsearch-7.16.1-5b38441b16b1ebb16a27c107a4c3865776e20c53 "Elasticsearch built-in security features are not enabled. Without authentication, your cluster could be accessible to anyone. See https://www.elastic.co/guide/en/elasticsearch/reference/7.16/security-minimal-setup.html to enable security."],[299 Elasticsearch-7.16.1-5b38441b16b1ebb16a27c107a4c3865776e20c53 "[ignore_throttled] parameter is deprecated because frozen indices have been deprecated. Consider cold or frozen tiers in place of frozen indices."]
2023-08-04 12:58:24,379 INFO  [com.dot.ContainerResource] (docker-java-stream-1865446083) STDOUT: 12:58:24.379  WARN  client.RestClient - request [POST http://elasticsearch:9200/cluster_c40f8aa8c9.live_20230804125756/_search?typed_keys=true&max_concurrent_shard_requests=5&ignore_unavailable=false&expand_wildcards=open&allow_no_indices=true&ignore_throttled=true&search_type=query_then_fetch&batched_reduce_size=512&ccs_minimize_roundtrips=true] returned 2 warnings: [299 Elasticsearch-7.16.1-5b38441b16b1ebb16a27c107a4c3865776e20c53 "Elasticsearch built-in security features are not enabled. Without authentication, your cluster could be accessible to anyone. See https://www.elastic.co/guide/en/elasticsearch/reference/7.16/security-minimal-setup.html to enable security."],[299 Elasticsearch-7.16.1-5b38441b16b1ebb16a27c107a4c3865776e20c53 "[ignore_throttled] parameter is deprecated because frozen indices have been deprecated. Consider cold or frozen tiers in place of frozen indices."]
2023-08-04 12:58:24,382 INFO  [com.dot.ContainerResource] (docker-java-stream-1865446083) STDOUT: 12:58:24.382  WARN  client.RestClient - request [POST http://elasticsearch:9200/cluster_c40f8aa8c9.live_20230804125756/_search?typed_keys=true&max_concurrent_shard_requests=5&ignore_unavailable=false&expand_wildcards=open&allow_no_indices=true&ignore_throttled=true&search_type=query_then_fetch&batched_reduce_size=512&ccs_minimize_roundtrips=true] returned 2 warnings: [299 Elasticsearch-7.16.1-5b38441b16b1ebb16a27c107a4c3865776e20c53 "Elasticsearch built-in security features are not enabled. Without authentication, your cluster could be accessible to anyone. See https://www.elastic.co/guide/en/elasticsearch/reference/7.16/security-minimal-setup.html to enable security."],[299 Elasticsearch-7.16.1-5b38441b16b1ebb16a27c107a4c3865776e20c53 "[ignore_throttled] parameter is deprecated because frozen indices have been deprecated. Consider cold or frozen tiers in place of frozen indices."]
2023-08-04 12:58:24,385 INFO  [com.dot.ContainerResource] (docker-java-stream-1865446083) STDOUT: 12:58:24.385  WARN  client.RestClient - request [POST http://elasticsearch:9200/cluster_c40f8aa8c9.live_20230804125756/_search?typed_keys=true&max_concurrent_shard_requests=5&ignore_unavailable=false&expand_wildcards=open&allow_no_indices=true&ignore_throttled=true&search_type=query_then_fetch&batched_reduce_size=512&ccs_minimize_roundtrips=true] returned 2 warnings: [299 Elasticsearch-7.16.1-5b38441b16b1ebb16a27c107a4c3865776e20c53 "Elasticsearch built-in security features are not enabled. Without authentication, your cluster could be accessible to anyone. See https://www.elastic.co/guide/en/elasticsearch/reference/7.16/security-minimal-setup.html to enable security."],[299 Elasticsearch-7.16.1-5b38441b16b1ebb16a27c107a4c3865776e20c53 "[ignore_throttled] parameter is deprecated because frozen indices have been deprecated. Consider cold or frozen tiers in place of frozen indices."]
2023-08-04 12:58:24,388 INFO  [com.dot.ContainerResource] (docker-java-stream-1865446083) STDOUT: 12:58:24.388  WARN  client.RestClient - request [POST http://elasticsearch:9200/cluster_c40f8aa8c9.live_20230804125756/_search?typed_keys=true&max_concurrent_shard_requests=5&ignore_unavailable=false&expand_wildcards=open&allow_no_indices=true&ignore_throttled=true&search_type=query_then_fetch&batched_reduce_size=512&ccs_minimize_roundtrips=true] returned 2 warnings: [299 Elasticsearch-7.16.1-5b38441b16b1ebb16a27c107a4c3865776e20c53 "Elasticsearch built-in security features are not enabled. Without authentication, your cluster could be accessible to anyone. See https://www.elastic.co/guide/en/elasticsearch/reference/7.16/security-minimal-setup.html to enable security."],[299 Elasticsearch-7.16.1-5b38441b16b1ebb16a27c107a4c3865776e20c53 "[ignore_throttled] parameter is deprecated because frozen indices have been deprecated. Consider cold or frozen tiers in place of frozen indices."]
2023-08-04 12:58:24,391 INFO  [com.dot.ContainerResource] (docker-java-stream-1865446083) STDOUT: 12:58:24.391  WARN  client.RestClient - request [POST http://elasticsearch:9200/cluster_c40f8aa8c9.live_20230804125756/_search?typed_keys=true&max_concurrent_shard_requests=5&ignore_unavailable=false&expand_wildcards=open&allow_no_indices=true&ignore_throttled=true&search_type=query_then_fetch&batched_reduce_size=512&ccs_minimize_roundtrips=true] returned 2 warnings: [299 Elasticsearch-7.16.1-5b38441b16b1ebb16a27c107a4c3865776e20c53 "Elasticsearch built-in security features are not enabled. Without authentication, your cluster could be accessible to anyone. See https://www.elastic.co/guide/en/elasticsearch/reference/7.16/security-minimal-setup.html to enable security."],[299 Elasticsearch-7.16.1-5b38441b16b1ebb16a27c107a4c3865776e20c53 "[ignore_throttled] parameter is deprecated because frozen indices have been deprecated. Consider cold or frozen tiers in place of frozen indices."]
2023-08-04 12:58:24,394 INFO  [com.dot.ContainerResource] (docker-java-stream-1865446083) STDOUT: 12:58:24.394  WARN  client.RestClient - request [POST http://elasticsearch:9200/cluster_c40f8aa8c9.live_20230804125756/_search?typed_keys=true&max_concurrent_shard_requests=5&ignore_unavailable=false&expand_wildcards=open&allow_no_indices=true&ignore_throttled=true&search_type=query_then_fetch&batched_reduce_size=512&ccs_minimize_roundtrips=true] returned 2 warnings: [299 Elasticsearch-7.16.1-5b38441b16b1ebb16a27c107a4c3865776e20c53 "Elasticsearch built-in security features are not enabled. Without authentication, your cluster could be accessible to anyone. See https://www.elastic.co/guide/en/elasticsearch/reference/7.16/security-minimal-setup.html to enable security."],[299 Elasticsearch-7.16.1-5b38441b16b1ebb16a27c107a4c3865776e20c53 "[ignore_throttled] parameter is deprecated because frozen indices have been deprecated. Consider cold or frozen tiers in place of frozen indices."]
2023-08-04 12:58:24,397 INFO  [com.dot.ContainerResource] (docker-java-stream-1865446083) STDOUT: 12:58:24.397  WARN  client.RestClient - request [POST http://elasticsearch:9200/cluster_c40f8aa8c9.live_20230804125756/_search?typed_keys=true&max_concurrent_shard_requests=5&ignore_unavailable=false&expand_wildcards=open&allow_no_indices=true&ignore_throttled=true&search_type=query_then_fetch&batched_reduce_size=512&ccs_minimize_roundtrips=true] returned 2 warnings: [299 Elasticsearch-7.16.1-5b38441b16b1ebb16a27c107a4c3865776e20c53 "Elasticsearch built-in security features are not enabled. Without authentication, your cluster could be accessible to anyone. See https://www.elastic.co/guide/en/elasticsearch/reference/7.16/security-minimal-setup.html to enable security."],[299 Elasticsearch-7.16.1-5b38441b16b1ebb16a27c107a4c3865776e20c53 "[ignore_throttled] parameter is deprecated because frozen indices have been deprecated. Consider cold or frozen tiers in place of frozen indices."]
2023-08-04 12:58:24,400 INFO  [com.dot.ContainerResource] (docker-java-stream-1865446083) STDOUT: 12:58:24.400  WARN  client.RestClient - request [POST http://elasticsearch:9200/cluster_c40f8aa8c9.live_20230804125756/_search?typed_keys=true&max_concurrent_shard_requests=5&ignore_unavailable=false&expand_wildcards=open&allow_no_indices=true&ignore_throttled=true&search_type=query_then_fetch&batched_reduce_size=512&ccs_minimize_roundtrips=true] returned 2 warnings: [299 Elasticsearch-7.16.1-5b38441b16b1ebb16a27c107a4c3865776e20c53 "Elasticsearch built-in security features are not enabled. Without authentication, your cluster could be accessible to anyone. See https://www.elastic.co/guide/en/elasticsearch/reference/7.16/security-minimal-setup.html to enable security."],[299 Elasticsearch-7.16.1-5b38441b16b1ebb16a27c107a4c3865776e20c53 "[ignore_throttled] parameter is deprecated because frozen indices have been deprecated. Consider cold or frozen tiers in place of frozen indices."]
2023-08-04 12:58:24,403 INFO  [com.dot.ContainerResource] (docker-java-stream-1865446083) STDOUT: 12:58:24.403  WARN  client.RestClient - request [POST http://elasticsearch:9200/cluster_c40f8aa8c9.live_20230804125756/_search?typed_keys=true&max_concurrent_shard_requests=5&ignore_unavailable=false&expand_wildcards=open&allow_no_indices=true&ignore_throttled=true&search_type=query_then_fetch&batched_reduce_size=512&ccs_minimize_roundtrips=true] returned 2 warnings: [299 Elasticsearch-7.16.1-5b38441b16b1ebb16a27c107a4c3865776e20c53 "Elasticsearch built-in security features are not enabled. Without authentication, your cluster could be accessible to anyone. See https://www.elastic.co/guide/en/elasticsearch/reference/7.16/security-minimal-setup.html to enable security."],[299 Elasticsearch-7.16.1-5b38441b16b1ebb16a27c107a4c3865776e20c53 "[ignore_throttled] parameter is deprecated because frozen indices have been deprecated. Consider cold or frozen tiers in place of frozen indices."]
2023-08-04 12:58:24,406 INFO  [com.dot.ContainerResource] (docker-java-stream-1865446083) STDOUT: 12:58:24.406  WARN  client.RestClient - request [POST http://elasticsearch:9200/cluster_c40f8aa8c9.live_20230804125756/_search?typed_keys=true&max_concurrent_shard_requests=5&ignore_unavailable=false&expand_wildcards=open&allow_no_indices=true&ignore_throttled=true&search_type=query_then_fetch&batched_reduce_size=512&ccs_minimize_roundtrips=true] returned 2 warnings: [299 Elasticsearch-7.16.1-5b38441b16b1ebb16a27c107a4c3865776e20c53 "Elasticsearch built-in security features are not enabled. Without authentication, your cluster could be accessible to anyone. See https://www.elastic.co/guide/en/elasticsearch/reference/7.16/security-minimal-setup.html to enable security."],[299 Elasticsearch-7.16.1-5b38441b16b1ebb16a27c107a4c3865776e20c53 "[ignore_throttled] parameter is deprecated because frozen indices have been deprecated. Consider cold or frozen tiers in place of frozen indices."]
2023-08-04 12:58:24,409 INFO  [com.dot.ContainerResource] (docker-java-stream-1865446083) STDOUT: 12:58:24.409  WARN  client.RestClient - request [POST http://elasticsearch:9200/cluster_c40f8aa8c9.live_20230804125756/_search?typed_keys=true&max_concurrent_shard_requests=5&ignore_unavailable=false&expand_wildcards=open&allow_no_indices=true&ignore_throttled=true&search_type=query_then_fetch&batched_reduce_size=512&ccs_minimize_roundtrips=true] returned 2 warnings: [299 Elasticsearch-7.16.1-5b38441b16b1ebb16a27c107a4c3865776e20c53 "Elasticsearch built-in security features are not enabled. Without authentication, your cluster could be accessible to anyone. See https://www.elastic.co/guide/en/elasticsearch/reference/7.16/security-minimal-setup.html to enable security."],[299 Elasticsearch-7.16.1-5b38441b16b1ebb16a27c107a4c3865776e20c53 "[ignore_throttled] parameter is deprecated because frozen indices have been deprecated. Consider cold or frozen tiers in place of frozen indices."]
2023-08-04 12:58:24,413 INFO  [com.dot.ContainerResource] (docker-java-stream-1865446083) STDOUT: 12:58:24.413  WARN  client.RestClient - request [POST http://elasticsearch:9200/cluster_c40f8aa8c9.live_20230804125756/_search?typed_keys=true&max_concurrent_shard_requests=5&ignore_unavailable=false&expand_wildcards=open&allow_no_indices=true&ignore_throttled=true&search_type=query_then_fetch&batched_reduce_size=512&ccs_minimize_roundtrips=true] returned 2 warnings: [299 Elasticsearch-7.16.1-5b38441b16b1ebb16a27c107a4c3865776e20c53 "Elasticsearch built-in security features are not enabled. Without authentication, your cluster could be accessible to anyone. See https://www.elastic.co/guide/en/elasticsearch/reference/7.16/security-minimal-setup.html to enable security."],[299 Elasticsearch-7.16.1-5b38441b16b1ebb16a27c107a4c3865776e20c53 "[ignore_throttled] parameter is deprecated because frozen indices have been deprecated. Consider cold or frozen tiers in place of frozen indices."]
2023-08-04 12:58:24,416 INFO  [com.dot.ContainerResource] (docker-java-stream-1865446083) STDOUT: 12:58:24.416  WARN  client.RestClient - request [POST http://elasticsearch:9200/cluster_c40f8aa8c9.live_20230804125756/_search?typed_keys=true&max_concurrent_shard_requests=5&ignore_unavailable=false&expand_wildcards=open&allow_no_indices=true&ignore_throttled=true&search_type=query_then_fetch&batched_reduce_size=512&ccs_minimize_roundtrips=true] returned 2 warnings: [299 Elasticsearch-7.16.1-5b38441b16b1ebb16a27c107a4c3865776e20c53 "Elasticsearch built-in security features are not enabled. Without authentication, your cluster could be accessible to anyone. See https://www.elastic.co/guide/en/elasticsearch/reference/7.16/security-minimal-setup.html to enable security."],[299 Elasticsearch-7.16.1-5b38441b16b1ebb16a27c107a4c3865776e20c53 "[ignore_throttled] parameter is deprecated because frozen indices have been deprecated. Consider cold or frozen tiers in place of frozen indices."]
2023-08-04 12:58:24,420 INFO  [com.dot.ContainerResource] (docker-java-stream-1865446083) STDOUT: 12:58:24.420  WARN  client.RestClient - request [POST http://elasticsearch:9200/cluster_c40f8aa8c9.live_20230804125756/_search?typed_keys=true&max_concurrent_shard_requests=5&ignore_unavailable=false&expand_wildcards=open&allow_no_indices=true&ignore_throttled=true&search_type=query_then_fetch&batched_reduce_size=512&ccs_minimize_roundtrips=true] returned 2 warnings: [299 Elasticsearch-7.16.1-5b38441b16b1ebb16a27c107a4c3865776e20c53 "Elasticsearch built-in security features are not enabled. Without authentication, your cluster could be accessible to anyone. See https://www.elastic.co/guide/en/elasticsearch/reference/7.16/security-minimal-setup.html to enable security."],[299 Elasticsearch-7.16.1-5b38441b16b1ebb16a27c107a4c3865776e20c53 "[ignore_throttled] parameter is deprecated because frozen indices have been deprecated. Consider cold or frozen tiers in place of frozen indices."]
2023-08-04 12:58:24,424 INFO  [com.dot.ContainerResource] (docker-java-stream-1865446083) STDOUT: 12:58:24.423  WARN  client.RestClient - request [POST http://elasticsearch:9200/cluster_c40f8aa8c9.live_20230804125756/_search?typed_keys=true&max_concurrent_shard_requests=5&ignore_unavailable=false&expand_wildcards=open&allow_no_indices=true&ignore_throttled=true&search_type=query_then_fetch&batched_reduce_size=512&ccs_minimize_roundtrips=true] returned 2 warnings: [299 Elasticsearch-7.16.1-5b38441b16b1ebb16a27c107a4c3865776e20c53 "Elasticsearch built-in security features are not enabled. Without authentication, your cluster could be accessible to anyone. See https://www.elastic.co/guide/en/elasticsearch/reference/7.16/security-minimal-setup.html to enable security."],[299 Elasticsearch-7.16.1-5b38441b16b1ebb16a27c107a4c3865776e20c53 "[ignore_throttled] parameter is deprecated because frozen indices have been deprecated. Consider cold or frozen tiers in place of frozen indices."]
2023-08-04 12:58:24,427 INFO  [com.dot.ContainerResource] (docker-java-stream-1865446083) STDOUT: 12:58:24.427  WARN  client.RestClient - request [POST http://elasticsearch:9200/cluster_c40f8aa8c9.live_20230804125756/_search?typed_keys=true&max_concurrent_shard_requests=5&ignore_unavailable=false&expand_wildcards=open&allow_no_indices=true&ignore_throttled=true&search_type=query_then_fetch&batched_reduce_size=512&ccs_minimize_roundtrips=true] returned 2 warnings: [299 Elasticsearch-7.16.1-5b38441b16b1ebb16a27c107a4c3865776e20c53 "Elasticsearch built-in security features are not enabled. Without authentication, your cluster could be accessible to anyone. See https://www.elastic.co/guide/en/elasticsearch/reference/7.16/security-minimal-setup.html to enable security."],[299 Elasticsearch-7.16.1-5b38441b16b1ebb16a27c107a4c3865776e20c53 "[ignore_throttled] parameter is deprecated because frozen indices have been deprecated. Consider cold or frozen tiers in place of frozen indices."]
2023-08-04 12:58:24,431 INFO  [com.dot.ContainerResource] (docker-java-stream-1865446083) STDOUT: 12:58:24.430  WARN  client.RestClient - request [POST http://elasticsearch:9200/cluster_c40f8aa8c9.live_20230804125756/_search?typed_keys=true&max_concurrent_shard_requests=5&ignore_unavailable=false&expand_wildcards=open&allow_no_indices=true&ignore_throttled=true&search_type=query_then_fetch&batched_reduce_size=512&ccs_minimize_roundtrips=true] returned 2 warnings: [299 Elasticsearch-7.16.1-5b38441b16b1ebb16a27c107a4c3865776e20c53 "Elasticsearch built-in security features are not enabled. Without authentication, your cluster could be accessible to anyone. See https://www.elastic.co/guide/en/elasticsearch/reference/7.16/security-minimal-setup.html to enable security."],[299 Elasticsearch-7.16.1-5b38441b16b1ebb16a27c107a4c3865776e20c53 "[ignore_throttled] parameter is deprecated because frozen indices have been deprecated. Consider cold or frozen tiers in place of frozen indices."]
2023-08-04 12:58:24,434 INFO  [com.dot.ContainerResource] (docker-java-stream-1865446083) STDOUT: 12:58:24.434  WARN  client.RestClient - request [POST http://elasticsearch:9200/cluster_c40f8aa8c9.live_20230804125756/_search?typed_keys=true&max_concurrent_shard_requests=5&ignore_unavailable=false&expand_wildcards=open&allow_no_indices=true&ignore_throttled=true&search_type=query_then_fetch&batched_reduce_size=512&ccs_minimize_roundtrips=true] returned 2 warnings: [299 Elasticsearch-7.16.1-5b38441b16b1ebb16a27c107a4c3865776e20c53 "Elasticsearch built-in security features are not enabled. Without authentication, your cluster could be accessible to anyone. See https://www.elastic.co/guide/en/elasticsearch/reference/7.16/security-minimal-setup.html to enable security."],[299 Elasticsearch-7.16.1-5b38441b16b1ebb16a27c107a4c3865776e20c53 "[ignore_throttled] parameter is deprecated because frozen indices have been deprecated. Consider cold or frozen tiers in place of frozen indices."]
2023-08-04 12:58:24,438 INFO  [com.dot.ContainerResource] (docker-java-stream-1865446083) STDOUT: 12:58:24.437  WARN  client.RestClient - request [POST http://elasticsearch:9200/cluster_c40f8aa8c9.live_20230804125756/_search?typed_keys=true&max_concurrent_shard_requests=5&ignore_unavailable=false&expand_wildcards=open&allow_no_indices=true&ignore_throttled=true&search_type=query_then_fetch&batched_reduce_size=512&ccs_minimize_roundtrips=true] returned 2 warnings: [299 Elasticsearch-7.16.1-5b38441b16b1ebb16a27c107a4c3865776e20c53 "Elasticsearch built-in security features are not enabled. Without authentication, your cluster could be accessible to anyone. See https://www.elastic.co/guide/en/elasticsearch/reference/7.16/security-minimal-setup.html to enable security."],[299 Elasticsearch-7.16.1-5b38441b16b1ebb16a27c107a4c3865776e20c53 "[ignore_throttled] parameter is deprecated because frozen indices have been deprecated. Consider cold or frozen tiers in place of frozen indices."]
2023-08-04 12:58:24,441 INFO  [com.dot.ContainerResource] (docker-java-stream-1865446083) STDOUT: 12:58:24.441  WARN  client.RestClient - request [POST http://elasticsearch:9200/cluster_c40f8aa8c9.live_20230804125756/_search?typed_keys=true&max_concurrent_shard_requests=5&ignore_unavailable=false&expand_wildcards=open&allow_no_indices=true&ignore_throttled=true&search_type=query_then_fetch&batched_reduce_size=512&ccs_minimize_roundtrips=true] returned 2 warnings: [299 Elasticsearch-7.16.1-5b38441b16b1ebb16a27c107a4c3865776e20c53 "Elasticsearch built-in security features are not enabled. Without authentication, your cluster could be accessible to anyone. See https://www.elastic.co/guide/en/elasticsearch/reference/7.16/security-minimal-setup.html to enable security."],[299 Elasticsearch-7.16.1-5b38441b16b1ebb16a27c107a4c3865776e20c53 "[ignore_throttled] parameter is deprecated because frozen indices have been deprecated. Consider cold or frozen tiers in place of frozen indices."]
2023-08-04 12:58:24,444 INFO  [com.dot.ContainerResource] (docker-java-stream-1865446083) STDOUT: 12:58:24.444  WARN  client.RestClient - request [POST http://elasticsearch:9200/cluster_c40f8aa8c9.live_20230804125756/_search?typed_keys=true&max_concurrent_shard_requests=5&ignore_unavailable=false&expand_wildcards=open&allow_no_indices=true&ignore_throttled=true&search_type=query_then_fetch&batched_reduce_size=512&ccs_minimize_roundtrips=true] returned 2 warnings: [299 Elasticsearch-7.16.1-5b38441b16b1ebb16a27c107a4c3865776e20c53 "Elasticsearch built-in security features are not enabled. Without authentication, your cluster could be accessible to anyone. See https://www.elastic.co/guide/en/elasticsearch/reference/7.16/security-minimal-setup.html to enable security."],[299 Elasticsearch-7.16.1-5b38441b16b1ebb16a27c107a4c3865776e20c53 "[ignore_throttled] parameter is deprecated because frozen indices have been deprecated. Consider cold or frozen tiers in place of frozen indices."]
2023-08-04 12:58:24,448 INFO  [com.dot.ContainerResource] (docker-java-stream-1865446083) STDOUT: 12:58:24.447  WARN  client.RestClient - request [POST http://elasticsearch:9200/cluster_c40f8aa8c9.live_20230804125756/_search?typed_keys=true&max_concurrent_shard_requests=5&ignore_unavailable=false&expand_wildcards=open&allow_no_indices=true&ignore_throttled=true&search_type=query_then_fetch&batched_reduce_size=512&ccs_minimize_roundtrips=true] returned 2 warnings: [299 Elasticsearch-7.16.1-5b38441b16b1ebb16a27c107a4c3865776e20c53 "Elasticsearch built-in security features are not enabled. Without authentication, your cluster could be accessible to anyone. See https://www.elastic.co/guide/en/elasticsearch/reference/7.16/security-minimal-setup.html to enable security."],[299 Elasticsearch-7.16.1-5b38441b16b1ebb16a27c107a4c3865776e20c53 "[ignore_throttled] parameter is deprecated because frozen indices have been deprecated. Consider cold or frozen tiers in place of frozen indices."]
2023-08-04 12:58:24,481 INFO  [com.dot.ContainerResource] (docker-java-stream-1865446083) STDOUT: 12:58:24.480  WARN  client.RestClient - request [POST http://elasticsearch:9200/cluster_c40f8aa8c9.live_20230804125756/_search?typed_keys=true&max_concurrent_shard_requests=5&ignore_unavailable=false&expand_wildcards=open&allow_no_indices=true&ignore_throttled=true&search_type=query_then_fetch&batched_reduce_size=512&ccs_minimize_roundtrips=true] returned 2 warnings: [299 Elasticsearch-7.16.1-5b38441b16b1ebb16a27c107a4c3865776e20c53 "Elasticsearch built-in security features are not enabled. Without authentication, your cluster could be accessible to anyone. See https://www.elastic.co/guide/en/elasticsearch/reference/7.16/security-minimal-setup.html to enable security."],[299 Elasticsearch-7.16.1-5b38441b16b1ebb16a27c107a4c3865776e20c53 "[ignore_throttled] parameter is deprecated because frozen indices have been deprecated. Consider cold or frozen tiers in place of frozen indices."]
2023-08-04 12:58:24,491 INFO  [com.dot.ContainerResource] (docker-java-stream-1865446083) STDOUT: 12:58:24.490  WARN  client.RestClient - request [POST http://elasticsearch:9200/cluster_c40f8aa8c9.live_20230804125756/_search?typed_keys=true&max_concurrent_shard_requests=5&ignore_unavailable=false&expand_wildcards=open&allow_no_indices=true&ignore_throttled=true&search_type=query_then_fetch&batched_reduce_size=512&ccs_minimize_roundtrips=true] returned 2 warnings: [299 Elasticsearch-7.16.1-5b38441b16b1ebb16a27c107a4c3865776e20c53 "Elasticsearch built-in security features are not enabled. Without authentication, your cluster could be accessible to anyone. See https://www.elastic.co/guide/en/elasticsearch/reference/7.16/security-minimal-setup.html to enable security."],[299 Elasticsearch-7.16.1-5b38441b16b1ebb16a27c107a4c3865776e20c53 "[ignore_throttled] parameter is deprecated because frozen indices have been deprecated. Consider cold or frozen tiers in place of frozen indices."]
2023-08-04 12:58:24,495 INFO  [com.dot.ContainerResource] (docker-java-stream-1865446083) STDOUT: 12:58:24.495  WARN  client.RestClient - request [POST http://elasticsearch:9200/cluster_c40f8aa8c9.live_20230804125756/_search?typed_keys=true&max_concurrent_shard_requests=5&ignore_unavailable=false&expand_wildcards=open&allow_no_indices=true&ignore_throttled=true&search_type=query_then_fetch&batched_reduce_size=512&ccs_minimize_roundtrips=true] returned 2 warnings: [299 Elasticsearch-7.16.1-5b38441b16b1ebb16a27c107a4c3865776e20c53 "Elasticsearch built-in security features are not enabled. Without authentication, your cluster could be accessible to anyone. See https://www.elastic.co/guide/en/elasticsearch/reference/7.16/security-minimal-setup.html to enable security."],[299 Elasticsearch-7.16.1-5b38441b16b1ebb16a27c107a4c3865776e20c53 "[ignore_throttled] parameter is deprecated because frozen indices have been deprecated. Consider cold or frozen tiers in place of frozen indices."]
2023-08-04 12:58:24,500 INFO  [com.dot.ContainerResource] (docker-java-stream-1865446083) STDOUT: 12:58:24.499  WARN  client.RestClient - request [POST http://elasticsearch:9200/cluster_c40f8aa8c9.live_20230804125756/_search?typed_keys=true&max_concurrent_shard_requests=5&ignore_unavailable=false&expand_wildcards=open&allow_no_indices=true&ignore_throttled=true&search_type=query_then_fetch&batched_reduce_size=512&ccs_minimize_roundtrips=true] returned 2 warnings: [299 Elasticsearch-7.16.1-5b38441b16b1ebb16a27c107a4c3865776e20c53 "Elasticsearch built-in security features are not enabled. Without authentication, your cluster could be accessible to anyone. See https://www.elastic.co/guide/en/elasticsearch/reference/7.16/security-minimal-setup.html to enable security."],[299 Elasticsearch-7.16.1-5b38441b16b1ebb16a27c107a4c3865776e20c53 "[ignore_throttled] parameter is deprecated because frozen indices have been deprecated. Consider cold or frozen tiers in place of frozen indices."]
2023-08-04 12:58:24,507 INFO  [com.dot.ContainerResource] (docker-java-stream-1865446083) STDOUT: 12:58:24.506  WARN  client.RestClient - request [POST http://elasticsearch:9200/cluster_c40f8aa8c9.live_20230804125756/_search?typed_keys=true&max_concurrent_shard_requests=5&ignore_unavailable=false&expand_wildcards=open&allow_no_indices=true&ignore_throttled=true&search_type=query_then_fetch&batched_reduce_size=512&ccs_minimize_roundtrips=true] returned 2 warnings: [299 Elasticsearch-7.16.1-5b38441b16b1ebb16a27c107a4c3865776e20c53 "Elasticsearch built-in security features are not enabled. Without authentication, your cluster could be accessible to anyone. See https://www.elastic.co/guide/en/elasticsearch/reference/7.16/security-minimal-setup.html to enable security."],[299 Elasticsearch-7.16.1-5b38441b16b1ebb16a27c107a4c3865776e20c53 "[ignore_throttled] parameter is deprecated because frozen indices have been deprecated. Consider cold or frozen tiers in place of frozen indices."]
2023-08-04 12:58:24,511 INFO  [com.dot.ContainerResource] (docker-java-stream-1865446083) STDOUT: 12:58:24.511  WARN  client.RestClient - request [POST http://elasticsearch:9200/cluster_c40f8aa8c9.live_20230804125756/_search?typed_keys=true&max_concurrent_shard_requests=5&ignore_unavailable=false&expand_wildcards=open&allow_no_indices=true&ignore_throttled=true&search_type=query_then_fetch&batched_reduce_size=512&ccs_minimize_roundtrips=true] returned 2 warnings: [299 Elasticsearch-7.16.1-5b38441b16b1ebb16a27c107a4c3865776e20c53 "Elasticsearch built-in security features are not enabled. Without authentication, your cluster could be accessible to anyone. See https://www.elastic.co/guide/en/elasticsearch/reference/7.16/security-minimal-setup.html to enable security."],[299 Elasticsearch-7.16.1-5b38441b16b1ebb16a27c107a4c3865776e20c53 "[ignore_throttled] parameter is deprecated because frozen indices have been deprecated. Consider cold or frozen tiers in place of frozen indices."]
2023-08-04 12:58:24,516 INFO  [com.dot.ContainerResource] (docker-java-stream-1865446083) STDOUT: 12:58:24.516  WARN  client.RestClient - request [POST http://elasticsearch:9200/cluster_c40f8aa8c9.live_20230804125756/_search?typed_keys=true&max_concurrent_shard_requests=5&ignore_unavailable=false&expand_wildcards=open&allow_no_indices=true&ignore_throttled=true&search_type=query_then_fetch&batched_reduce_size=512&ccs_minimize_roundtrips=true] returned 2 warnings: [299 Elasticsearch-7.16.1-5b38441b16b1ebb16a27c107a4c3865776e20c53 "Elasticsearch built-in security features are not enabled. Without authentication, your cluster could be accessible to anyone. See https://www.elastic.co/guide/en/elasticsearch/reference/7.16/security-minimal-setup.html to enable security."],[299 Elasticsearch-7.16.1-5b38441b16b1ebb16a27c107a4c3865776e20c53 "[ignore_throttled] parameter is deprecated because frozen indices have been deprecated. Consider cold or frozen tiers in place of frozen indices."]
2023-08-04 12:58:24,526 INFO  [com.dot.ContainerResource] (docker-java-stream-1865446083) STDOUT: 12:58:24.526  WARN  client.RestClient - request [POST http://elasticsearch:9200/cluster_c40f8aa8c9.live_20230804125756/_search?typed_keys=true&max_concurrent_shard_requests=5&ignore_unavailable=false&expand_wildcards=open&allow_no_indices=true&ignore_throttled=true&search_type=query_then_fetch&batched_reduce_size=512&ccs_minimize_roundtrips=true] returned 2 warnings: [299 Elasticsearch-7.16.1-5b38441b16b1ebb16a27c107a4c3865776e20c53 "Elasticsearch built-in security features are not enabled. Without authentication, your cluster could be accessible to anyone. See https://www.elastic.co/guide/en/elasticsearch/reference/7.16/security-minimal-setup.html to enable security."],[299 Elasticsearch-7.16.1-5b38441b16b1ebb16a27c107a4c3865776e20c53 "[ignore_throttled] parameter is deprecated because frozen indices have been deprecated. Consider cold or frozen tiers in place of frozen indices."]
2023-08-04 12:58:24,534 INFO  [com.dot.ContainerResource] (docker-java-stream-1865446083) STDOUT: 12:58:24.533  WARN  client.RestClient - request [POST http://elasticsearch:9200/cluster_c40f8aa8c9.live_20230804125756/_search?typed_keys=true&max_concurrent_shard_requests=5&ignore_unavailable=false&expand_wildcards=open&allow_no_indices=true&ignore_throttled=true&search_type=query_then_fetch&batched_reduce_size=512&ccs_minimize_roundtrips=true] returned 2 warnings: [299 Elasticsearch-7.16.1-5b38441b16b1ebb16a27c107a4c3865776e20c53 "Elasticsearch built-in security features are not enabled. Without authentication, your cluster could be accessible to anyone. See https://www.elastic.co/guide/en/elasticsearch/reference/7.16/security-minimal-setup.html to enable security."],[299 Elasticsearch-7.16.1-5b38441b16b1ebb16a27c107a4c3865776e20c53 "[ignore_throttled] parameter is deprecated because frozen indices have been deprecated. Consider cold or frozen tiers in place of frozen indices."]
2023-08-04 12:58:24,557 INFO  [com.dot.ContainerResource] (docker-java-stream-1865446083) STDOUT: 12:58:24.555  WARN  client.RestClient - request [POST http://elasticsearch:9200/cluster_c40f8aa8c9.live_20230804125756/_search?typed_keys=true&max_concurrent_shard_requests=5&ignore_unavailable=false&expand_wildcards=open&allow_no_indices=true&ignore_throttled=true&search_type=query_then_fetch&batched_reduce_size=512&ccs_minimize_roundtrips=true] returned 2 warnings: [299 Elasticsearch-7.16.1-5b38441b16b1ebb16a27c107a4c3865776e20c53 "Elasticsearch built-in security features are not enabled. Without authentication, your cluster could be accessible to anyone. See https://www.elastic.co/guide/en/elasticsearch/reference/7.16/security-minimal-setup.html to enable security."],[299 Elasticsearch-7.16.1-5b38441b16b1ebb16a27c107a4c3865776e20c53 "[ignore_throttled] parameter is deprecated because frozen indices have been deprecated. Consider cold or frozen tiers in place of frozen indices."]
2023-08-04 12:58:24,566 INFO  [com.dot.ContainerResource] (docker-java-stream-1865446083) STDOUT: 12:58:24.562  WARN  client.RestClient - request [POST http://elasticsearch:9200/cluster_c40f8aa8c9.live_20230804125756/_search?typed_keys=true&max_concurrent_shard_requests=5&ignore_unavailable=false&expand_wildcards=open&allow_no_indices=true&ignore_throttled=true&search_type=query_then_fetch&batched_reduce_size=512&ccs_minimize_roundtrips=true] returned 2 warnings: [299 Elasticsearch-7.16.1-5b38441b16b1ebb16a27c107a4c3865776e20c53 "Elasticsearch built-in security features are not enabled. Without authentication, your cluster could be accessible to anyone. See https://www.elastic.co/guide/en/elasticsearch/reference/7.16/security-minimal-setup.html to enable security."],[299 Elasticsearch-7.16.1-5b38441b16b1ebb16a27c107a4c3865776e20c53 "[ignore_throttled] parameter is deprecated because frozen indices have been deprecated. Consider cold or frozen tiers in place of frozen indices."]
2023-08-04 12:58:24,568 INFO  [com.dot.ContainerResource] (docker-java-stream-1865446083) STDOUT: 12:58:24.567  WARN  client.RestClient - request [POST http://elasticsearch:9200/cluster_c40f8aa8c9.live_20230804125756/_search?typed_keys=true&max_concurrent_shard_requests=5&ignore_unavailable=false&expand_wildcards=open&allow_no_indices=true&ignore_throttled=true&search_type=query_then_fetch&batched_reduce_size=512&ccs_minimize_roundtrips=true] returned 2 warnings: [299 Elasticsearch-7.16.1-5b38441b16b1ebb16a27c107a4c3865776e20c53 "Elasticsearch built-in security features are not enabled. Without authentication, your cluster could be accessible to anyone. See https://www.elastic.co/guide/en/elasticsearch/reference/7.16/security-minimal-setup.html to enable security."],[299 Elasticsearch-7.16.1-5b38441b16b1ebb16a27c107a4c3865776e20c53 "[ignore_throttled] parameter is deprecated because frozen indices have been deprecated. Consider cold or frozen tiers in place of frozen indices."]
2023-08-04 12:58:24,571 INFO  [com.dot.ContainerResource] (docker-java-stream-1865446083) STDOUT: 12:58:24.571  WARN  client.RestClient - request [POST http://elasticsearch:9200/cluster_c40f8aa8c9.live_20230804125756/_search?typed_keys=true&max_concurrent_shard_requests=5&ignore_unavailable=false&expand_wildcards=open&allow_no_indices=true&ignore_throttled=true&search_type=query_then_fetch&batched_reduce_size=512&ccs_minimize_roundtrips=true] returned 2 warnings: [299 Elasticsearch-7.16.1-5b38441b16b1ebb16a27c107a4c3865776e20c53 "Elasticsearch built-in security features are not enabled. Without authentication, your cluster could be accessible to anyone. See https://www.elastic.co/guide/en/elasticsearch/reference/7.16/security-minimal-setup.html to enable security."],[299 Elasticsearch-7.16.1-5b38441b16b1ebb16a27c107a4c3865776e20c53 "[ignore_throttled] parameter is deprecated because frozen indices have been deprecated. Consider cold or frozen tiers in place of frozen indices."]
2023-08-04 12:58:24,575 INFO  [com.dot.ContainerResource] (docker-java-stream-1865446083) STDOUT: 12:58:24.575  WARN  client.RestClient - request [POST http://elasticsearch:9200/cluster_c40f8aa8c9.live_20230804125756/_search?typed_keys=true&max_concurrent_shard_requests=5&ignore_unavailable=false&expand_wildcards=open&allow_no_indices=true&ignore_throttled=true&search_type=query_then_fetch&batched_reduce_size=512&ccs_minimize_roundtrips=true] returned 2 warnings: [299 Elasticsearch-7.16.1-5b38441b16b1ebb16a27c107a4c3865776e20c53 "Elasticsearch built-in security features are not enabled. Without authentication, your cluster could be accessible to anyone. See https://www.elastic.co/guide/en/elasticsearch/reference/7.16/security-minimal-setup.html to enable security."],[299 Elasticsearch-7.16.1-5b38441b16b1ebb16a27c107a4c3865776e20c53 "[ignore_throttled] parameter is deprecated because frozen indices have been deprecated. Consider cold or frozen tiers in place of frozen indices."]
2023-08-04 12:58:24,579 INFO  [com.dot.ContainerResource] (docker-java-stream-1865446083) STDOUT: 12:58:24.579  WARN  client.RestClient - request [POST http://elasticsearch:9200/cluster_c40f8aa8c9.live_20230804125756/_search?typed_keys=true&max_concurrent_shard_requests=5&ignore_unavailable=false&expand_wildcards=open&allow_no_indices=true&ignore_throttled=true&search_type=query_then_fetch&batched_reduce_size=512&ccs_minimize_roundtrips=true] returned 2 warnings: [299 Elasticsearch-7.16.1-5b38441b16b1ebb16a27c107a4c3865776e20c53 "Elasticsearch built-in security features are not enabled. Without authentication, your cluster could be accessible to anyone. See https://www.elastic.co/guide/en/elasticsearch/reference/7.16/security-minimal-setup.html to enable security."],[299 Elasticsearch-7.16.1-5b38441b16b1ebb16a27c107a4c3865776e20c53 "[ignore_throttled] parameter is deprecated because frozen indices have been deprecated. Consider cold or frozen tiers in place of frozen indices."]
2023-08-04 12:58:24,583 INFO  [com.dot.ContainerResource] (docker-java-stream-1865446083) STDOUT: 12:58:24.582  WARN  client.RestClient - request [POST http://elasticsearch:9200/cluster_c40f8aa8c9.live_20230804125756/_search?typed_keys=true&max_concurrent_shard_requests=5&ignore_unavailable=false&expand_wildcards=open&allow_no_indices=true&ignore_throttled=true&search_type=query_then_fetch&batched_reduce_size=512&ccs_minimize_roundtrips=true] returned 2 warnings: [299 Elasticsearch-7.16.1-5b38441b16b1ebb16a27c107a4c3865776e20c53 "Elasticsearch built-in security features are not enabled. Without authentication, your cluster could be accessible to anyone. See https://www.elastic.co/guide/en/elasticsearch/reference/7.16/security-minimal-setup.html to enable security."],[299 Elasticsearch-7.16.1-5b38441b16b1ebb16a27c107a4c3865776e20c53 "[ignore_throttled] parameter is deprecated because frozen indices have been deprecated. Consider cold or frozen tiers in place of frozen indices."]
2023-08-04 12:58:24,586 INFO  [com.dot.ContainerResource] (docker-java-stream-1865446083) STDOUT: 12:58:24.586  WARN  client.RestClient - request [POST http://elasticsearch:9200/cluster_c40f8aa8c9.live_20230804125756/_search?typed_keys=true&max_concurrent_shard_requests=5&ignore_unavailable=false&expand_wildcards=open&allow_no_indices=true&ignore_throttled=true&search_type=query_then_fetch&batched_reduce_size=512&ccs_minimize_roundtrips=true] returned 2 warnings: [299 Elasticsearch-7.16.1-5b38441b16b1ebb16a27c107a4c3865776e20c53 "Elasticsearch built-in security features are not enabled. Without authentication, your cluster could be accessible to anyone. See https://www.elastic.co/guide/en/elasticsearch/reference/7.16/security-minimal-setup.html to enable security."],[299 Elasticsearch-7.16.1-5b38441b16b1ebb16a27c107a4c3865776e20c53 "[ignore_throttled] parameter is deprecated because frozen indices have been deprecated. Consider cold or frozen tiers in place of frozen indices."]
2023-08-04 12:58:24,590 INFO  [com.dot.ContainerResource] (docker-java-stream-1865446083) STDOUT: 12:58:24.589  WARN  client.RestClient - request [POST http://elasticsearch:9200/cluster_c40f8aa8c9.live_20230804125756/_search?typed_keys=true&max_concurrent_shard_requests=5&ignore_unavailable=false&expand_wildcards=open&allow_no_indices=true&ignore_throttled=true&search_type=query_then_fetch&batched_reduce_size=512&ccs_minimize_roundtrips=true] returned 2 warnings: [299 Elasticsearch-7.16.1-5b38441b16b1ebb16a27c107a4c3865776e20c53 "Elasticsearch built-in security features are not enabled. Without authentication, your cluster could be accessible to anyone. See https://www.elastic.co/guide/en/elasticsearch/reference/7.16/security-minimal-setup.html to enable security."],[299 Elasticsearch-7.16.1-5b38441b16b1ebb16a27c107a4c3865776e20c53 "[ignore_throttled] parameter is deprecated because frozen indices have been deprecated. Consider cold or frozen tiers in place of frozen indices."]
2023-08-04 12:58:24,593 INFO  [com.dot.ContainerResource] (docker-java-stream-1865446083) STDOUT: 12:58:24.593  WARN  client.RestClient - request [POST http://elasticsearch:9200/cluster_c40f8aa8c9.live_20230804125756/_search?typed_keys=true&max_concurrent_shard_requests=5&ignore_unavailable=false&expand_wildcards=open&allow_no_indices=true&ignore_throttled=true&search_type=query_then_fetch&batched_reduce_size=512&ccs_minimize_roundtrips=true] returned 2 warnings: [299 Elasticsearch-7.16.1-5b38441b16b1ebb16a27c107a4c3865776e20c53 "Elasticsearch built-in security features are not enabled. Without authentication, your cluster could be accessible to anyone. See https://www.elastic.co/guide/en/elasticsearch/reference/7.16/security-minimal-setup.html to enable security."],[299 Elasticsearch-7.16.1-5b38441b16b1ebb16a27c107a4c3865776e20c53 "[ignore_throttled] parameter is deprecated because frozen indices have been deprecated. Consider cold or frozen tiers in place of frozen indices."]
2023-08-04 12:58:24,597 INFO  [com.dot.ContainerResource] (docker-java-stream-1865446083) STDOUT: 12:58:24.596  WARN  client.RestClient - request [POST http://elasticsearch:9200/cluster_c40f8aa8c9.live_20230804125756/_search?typed_keys=true&max_concurrent_shard_requests=5&ignore_unavailable=false&expand_wildcards=open&allow_no_indices=true&ignore_throttled=true&search_type=query_then_fetch&batched_reduce_size=512&ccs_minimize_roundtrips=true] returned 2 warnings: [299 Elasticsearch-7.16.1-5b38441b16b1ebb16a27c107a4c3865776e20c53 "Elasticsearch built-in security features are not enabled. Without authentication, your cluster could be accessible to anyone. See https://www.elastic.co/guide/en/elasticsearch/reference/7.16/security-minimal-setup.html to enable security."],[299 Elasticsearch-7.16.1-5b38441b16b1ebb16a27c107a4c3865776e20c53 "[ignore_throttled] parameter is deprecated because frozen indices have been deprecated. Consider cold or frozen tiers in place of frozen indices."]
2023-08-04 12:58:24,600 INFO  [com.dot.ContainerResource] (docker-java-stream-1865446083) STDOUT: 12:58:24.599  WARN  client.RestClient - request [POST http://elasticsearch:9200/cluster_c40f8aa8c9.live_20230804125756/_search?typed_keys=true&max_concurrent_shard_requests=5&ignore_unavailable=false&expand_wildcards=open&allow_no_indices=true&ignore_throttled=true&search_type=query_then_fetch&batched_reduce_size=512&ccs_minimize_roundtrips=true] returned 2 warnings: [299 Elasticsearch-7.16.1-5b38441b16b1ebb16a27c107a4c3865776e20c53 "Elasticsearch built-in security features are not enabled. Without authentication, your cluster could be accessible to anyone. See https://www.elastic.co/guide/en/elasticsearch/reference/7.16/security-minimal-setup.html to enable security."],[299 Elasticsearch-7.16.1-5b38441b16b1ebb16a27c107a4c3865776e20c53 "[ignore_throttled] parameter is deprecated because frozen indices have been deprecated. Consider cold or frozen tiers in place of frozen indices."]
2023-08-04 12:58:24,603 INFO  [com.dot.ContainerResource] (docker-java-stream-1865446083) STDOUT: 12:58:24.603  WARN  client.RestClient - request [POST http://elasticsearch:9200/cluster_c40f8aa8c9.live_20230804125756/_search?typed_keys=true&max_concurrent_shard_requests=5&ignore_unavailable=false&expand_wildcards=open&allow_no_indices=true&ignore_throttled=true&search_type=query_then_fetch&batched_reduce_size=512&ccs_minimize_roundtrips=true] returned 2 warnings: [299 Elasticsearch-7.16.1-5b38441b16b1ebb16a27c107a4c3865776e20c53 "Elasticsearch built-in security features are not enabled. Without authentication, your cluster could be accessible to anyone. See https://www.elastic.co/guide/en/elasticsearch/reference/7.16/security-minimal-setup.html to enable security."],[299 Elasticsearch-7.16.1-5b38441b16b1ebb16a27c107a4c3865776e20c53 "[ignore_throttled] parameter is deprecated because frozen indices have been deprecated. Consider cold or frozen tiers in place of frozen indices."]
2023-08-04 12:58:24,606 INFO  [com.dot.ContainerResource] (docker-java-stream-1865446083) STDOUT: 12:58:24.606  WARN  client.RestClient - request [POST http://elasticsearch:9200/cluster_c40f8aa8c9.live_20230804125756/_search?typed_keys=true&max_concurrent_shard_requests=5&ignore_unavailable=false&expand_wildcards=open&allow_no_indices=true&ignore_throttled=true&search_type=query_then_fetch&batched_reduce_size=512&ccs_minimize_roundtrips=true] returned 2 warnings: [299 Elasticsearch-7.16.1-5b38441b16b1ebb16a27c107a4c3865776e20c53 "Elasticsearch built-in security features are not enabled. Without authentication, your cluster could be accessible to anyone. See https://www.elastic.co/guide/en/elasticsearch/reference/7.16/security-minimal-setup.html to enable security."],[299 Elasticsearch-7.16.1-5b38441b16b1ebb16a27c107a4c3865776e20c53 "[ignore_throttled] parameter is deprecated because frozen indices have been deprecated. Consider cold or frozen tiers in place of frozen indices."]
2023-08-04 12:58:24,609 INFO  [com.dot.ContainerResource] (docker-java-stream-1865446083) STDOUT: 12:58:24.609  WARN  client.RestClient - request [POST http://elasticsearch:9200/cluster_c40f8aa8c9.live_20230804125756/_search?typed_keys=true&max_concurrent_shard_requests=5&ignore_unavailable=false&expand_wildcards=open&allow_no_indices=true&ignore_throttled=true&search_type=query_then_fetch&batched_reduce_size=512&ccs_minimize_roundtrips=true] returned 2 warnings: [299 Elasticsearch-7.16.1-5b38441b16b1ebb16a27c107a4c3865776e20c53 "Elasticsearch built-in security features are not enabled. Without authentication, your cluster could be accessible to anyone. See https://www.elastic.co/guide/en/elasticsearch/reference/7.16/security-minimal-setup.html to enable security."],[299 Elasticsearch-7.16.1-5b38441b16b1ebb16a27c107a4c3865776e20c53 "[ignore_throttled] parameter is deprecated because frozen indices have been deprecated. Consider cold or frozen tiers in place of frozen indices."]
2023-08-04 12:58:24,612 INFO  [com.dot.ContainerResource] (docker-java-stream-1865446083) STDOUT: 12:58:24.612  WARN  client.RestClient - request [POST http://elasticsearch:9200/cluster_c40f8aa8c9.live_20230804125756/_search?typed_keys=true&max_concurrent_shard_requests=5&ignore_unavailable=false&expand_wildcards=open&allow_no_indices=true&ignore_throttled=true&search_type=query_then_fetch&batched_reduce_size=512&ccs_minimize_roundtrips=true] returned 2 warnings: [299 Elasticsearch-7.16.1-5b38441b16b1ebb16a27c107a4c3865776e20c53 "Elasticsearch built-in security features are not enabled. Without authentication, your cluster could be accessible to anyone. See https://www.elastic.co/guide/en/elasticsearch/reference/7.16/security-minimal-setup.html to enable security."],[299 Elasticsearch-7.16.1-5b38441b16b1ebb16a27c107a4c3865776e20c53 "[ignore_throttled] parameter is deprecated because frozen indices have been deprecated. Consider cold or frozen tiers in place of frozen indices."]
2023-08-04 12:58:24,615 INFO  [com.dot.ContainerResource] (docker-java-stream-1865446083) STDOUT: 12:58:24.615  WARN  client.RestClient - request [POST http://elasticsearch:9200/cluster_c40f8aa8c9.live_20230804125756/_search?typed_keys=true&max_concurrent_shard_requests=5&ignore_unavailable=false&expand_wildcards=open&allow_no_indices=true&ignore_throttled=true&search_type=query_then_fetch&batched_reduce_size=512&ccs_minimize_roundtrips=true] returned 2 warnings: [299 Elasticsearch-7.16.1-5b38441b16b1ebb16a27c107a4c3865776e20c53 "Elasticsearch built-in security features are not enabled. Without authentication, your cluster could be accessible to anyone. See https://www.elastic.co/guide/en/elasticsearch/reference/7.16/security-minimal-setup.html to enable security."],[299 Elasticsearch-7.16.1-5b38441b16b1ebb16a27c107a4c3865776e20c53 "[ignore_throttled] parameter is deprecated because frozen indices have been deprecated. Consider cold or frozen tiers in place of frozen indices."]
2023-08-04 12:58:24,618 INFO  [com.dot.ContainerResource] (docker-java-stream-1865446083) STDOUT: 12:58:24.617  WARN  client.RestClient - request [POST http://elasticsearch:9200/cluster_c40f8aa8c9.live_20230804125756/_search?typed_keys=true&max_concurrent_shard_requests=5&ignore_unavailable=false&expand_wildcards=open&allow_no_indices=true&ignore_throttled=true&search_type=query_then_fetch&batched_reduce_size=512&ccs_minimize_roundtrips=true] returned 2 warnings: [299 Elasticsearch-7.16.1-5b38441b16b1ebb16a27c107a4c3865776e20c53 "Elasticsearch built-in security features are not enabled. Without authentication, your cluster could be accessible to anyone. See https://www.elastic.co/guide/en/elasticsearch/reference/7.16/security-minimal-setup.html to enable security."],[299 Elasticsearch-7.16.1-5b38441b16b1ebb16a27c107a4c3865776e20c53 "[ignore_throttled] parameter is deprecated because frozen indices have been deprecated. Consider cold or frozen tiers in place of frozen indices."]
2023-08-04 12:58:24,621 INFO  [com.dot.ContainerResource] (docker-java-stream-1865446083) STDOUT: 12:58:24.620  WARN  client.RestClient - request [POST http://elasticsearch:9200/cluster_c40f8aa8c9.live_20230804125756/_search?typed_keys=true&max_concurrent_shard_requests=5&ignore_unavailable=false&expand_wildcards=open&allow_no_indices=true&ignore_throttled=true&search_type=query_then_fetch&batched_reduce_size=512&ccs_minimize_roundtrips=true] returned 2 warnings: [299 Elasticsearch-7.16.1-5b38441b16b1ebb16a27c107a4c3865776e20c53 "Elasticsearch built-in security features are not enabled. Without authentication, your cluster could be accessible to anyone. See https://www.elastic.co/guide/en/elasticsearch/reference/7.16/security-minimal-setup.html to enable security."],[299 Elasticsearch-7.16.1-5b38441b16b1ebb16a27c107a4c3865776e20c53 "[ignore_throttled] parameter is deprecated because frozen indices have been deprecated. Consider cold or frozen tiers in place of frozen indices."]
2023-08-04 12:58:24,624 INFO  [com.dot.ContainerResource] (docker-java-stream-1865446083) STDOUT: 12:58:24.623  WARN  client.RestClient - request [POST http://elasticsearch:9200/cluster_c40f8aa8c9.live_20230804125756/_search?typed_keys=true&max_concurrent_shard_requests=5&ignore_unavailable=false&expand_wildcards=open&allow_no_indices=true&ignore_throttled=true&search_type=query_then_fetch&batched_reduce_size=512&ccs_minimize_roundtrips=true] returned 2 warnings: [299 Elasticsearch-7.16.1-5b38441b16b1ebb16a27c107a4c3865776e20c53 "Elasticsearch built-in security features are not enabled. Without authentication, your cluster could be accessible to anyone. See https://www.elastic.co/guide/en/elasticsearch/reference/7.16/security-minimal-setup.html to enable security."],[299 Elasticsearch-7.16.1-5b38441b16b1ebb16a27c107a4c3865776e20c53 "[ignore_throttled] parameter is deprecated because frozen indices have been deprecated. Consider cold or frozen tiers in place of frozen indices."]
2023-08-04 12:58:24,627 INFO  [com.dot.ContainerResource] (docker-java-stream-1865446083) STDOUT: 12:58:24.626  WARN  client.RestClient - request [POST http://elasticsearch:9200/cluster_c40f8aa8c9.live_20230804125756/_search?typed_keys=true&max_concurrent_shard_requests=5&ignore_unavailable=false&expand_wildcards=open&allow_no_indices=true&ignore_throttled=true&search_type=query_then_fetch&batched_reduce_size=512&ccs_minimize_roundtrips=true] returned 2 warnings: [299 Elasticsearch-7.16.1-5b38441b16b1ebb16a27c107a4c3865776e20c53 "Elasticsearch built-in security features are not enabled. Without authentication, your cluster could be accessible to anyone. See https://www.elastic.co/guide/en/elasticsearch/reference/7.16/security-minimal-setup.html to enable security."],[299 Elasticsearch-7.16.1-5b38441b16b1ebb16a27c107a4c3865776e20c53 "[ignore_throttled] parameter is deprecated because frozen indices have been deprecated. Consider cold or frozen tiers in place of frozen indices."]
2023-08-04 12:58:24,630 INFO  [com.dot.ContainerResource] (docker-java-stream-1865446083) STDOUT: 12:58:24.629  WARN  client.RestClient - request [POST http://elasticsearch:9200/cluster_c40f8aa8c9.live_20230804125756/_search?typed_keys=true&max_concurrent_shard_requests=5&ignore_unavailable=false&expand_wildcards=open&allow_no_indices=true&ignore_throttled=true&search_type=query_then_fetch&batched_reduce_size=512&ccs_minimize_roundtrips=true] returned 2 warnings: [299 Elasticsearch-7.16.1-5b38441b16b1ebb16a27c107a4c3865776e20c53 "Elasticsearch built-in security features are not enabled. Without authentication, your cluster could be accessible to anyone. See https://www.elastic.co/guide/en/elasticsearch/reference/7.16/security-minimal-setup.html to enable security."],[299 Elasticsearch-7.16.1-5b38441b16b1ebb16a27c107a4c3865776e20c53 "[ignore_throttled] parameter is deprecated because frozen indices have been deprecated. Consider cold or frozen tiers in place of frozen indices."]
2023-08-04 12:58:24,633 INFO  [com.dot.ContainerResource] (docker-java-stream-1865446083) STDOUT: 12:58:24.633  WARN  client.RestClient - request [POST http://elasticsearch:9200/cluster_c40f8aa8c9.live_20230804125756/_search?typed_keys=true&max_concurrent_shard_requests=5&ignore_unavailable=false&expand_wildcards=open&allow_no_indices=true&ignore_throttled=true&search_type=query_then_fetch&batched_reduce_size=512&ccs_minimize_roundtrips=true] returned 2 warnings: [299 Elasticsearch-7.16.1-5b38441b16b1ebb16a27c107a4c3865776e20c53 "Elasticsearch built-in security features are not enabled. Without authentication, your cluster could be accessible to anyone. See https://www.elastic.co/guide/en/elasticsearch/reference/7.16/security-minimal-setup.html to enable security."],[299 Elasticsearch-7.16.1-5b38441b16b1ebb16a27c107a4c3865776e20c53 "[ignore_throttled] parameter is deprecated because frozen indices have been deprecated. Consider cold or frozen tiers in place of frozen indices."]
2023-08-04 12:58:24,646 INFO  [com.dot.ContainerResource] (docker-java-stream-1865446083) STDOUT: 12:58:24.636  WARN  client.RestClient - request [POST http://elasticsearch:9200/cluster_c40f8aa8c9.live_20230804125756/_search?typed_keys=true&max_concurrent_shard_requests=5&ignore_unavailable=false&expand_wildcards=open&allow_no_indices=true&ignore_throttled=true&search_type=query_then_fetch&batched_reduce_size=512&ccs_minimize_roundtrips=true] returned 2 warnings: [299 Elasticsearch-7.16.1-5b38441b16b1ebb16a27c107a4c3865776e20c53 "Elasticsearch built-in security features are not enabled. Without authentication, your cluster could be accessible to anyone. See https://www.elastic.co/guide/en/elasticsearch/reference/7.16/security-minimal-setup.html to enable security."],[299 Elasticsearch-7.16.1-5b38441b16b1ebb16a27c107a4c3865776e20c53 "[ignore_throttled] parameter is deprecated because frozen indices have been deprecated. Consider cold or frozen tiers in place of frozen indices."]
2023-08-04 12:58:24,646 INFO  [com.dot.ContainerResource] (docker-java-stream-1865446083) STDOUT: 12:58:24.639  WARN  client.RestClient - request [POST http://elasticsearch:9200/cluster_c40f8aa8c9.live_20230804125756/_search?typed_keys=true&max_concurrent_shard_requests=5&ignore_unavailable=false&expand_wildcards=open&allow_no_indices=true&ignore_throttled=true&search_type=query_then_fetch&batched_reduce_size=512&ccs_minimize_roundtrips=true] returned 2 warnings: [299 Elasticsearch-7.16.1-5b38441b16b1ebb16a27c107a4c3865776e20c53 "Elasticsearch built-in security features are not enabled. Without authentication, your cluster could be accessible to anyone. See https://www.elastic.co/guide/en/elasticsearch/reference/7.16/security-minimal-setup.html to enable security."],[299 Elasticsearch-7.16.1-5b38441b16b1ebb16a27c107a4c3865776e20c53 "[ignore_throttled] parameter is deprecated because frozen indices have been deprecated. Consider cold or frozen tiers in place of frozen indices."]
2023-08-04 12:58:24,647 INFO  [com.dot.ContainerResource] (docker-java-stream-1865446083) STDOUT: 12:58:24.642  WARN  client.RestClient - request [POST http://elasticsearch:9200/cluster_c40f8aa8c9.live_20230804125756/_search?typed_keys=true&max_concurrent_shard_requests=5&ignore_unavailable=false&expand_wildcards=open&allow_no_indices=true&ignore_throttled=true&search_type=query_then_fetch&batched_reduce_size=512&ccs_minimize_roundtrips=true] returned 2 warnings: [299 Elasticsearch-7.16.1-5b38441b16b1ebb16a27c107a4c3865776e20c53 "Elasticsearch built-in security features are not enabled. Without authentication, your cluster could be accessible to anyone. See https://www.elastic.co/guide/en/elasticsearch/reference/7.16/security-minimal-setup.html to enable security."],[299 Elasticsearch-7.16.1-5b38441b16b1ebb16a27c107a4c3865776e20c53 "[ignore_throttled] parameter is deprecated because frozen indices have been deprecated. Consider cold or frozen tiers in place of frozen indices."]
2023-08-04 12:58:24,647 INFO  [com.dot.ContainerResource] (docker-java-stream-1865446083) STDOUT: 12:58:24.645  WARN  client.RestClient - request [POST http://elasticsearch:9200/cluster_c40f8aa8c9.live_20230804125756/_search?typed_keys=true&max_concurrent_shard_requests=5&ignore_unavailable=false&expand_wildcards=open&allow_no_indices=true&ignore_throttled=true&search_type=query_then_fetch&batched_reduce_size=512&ccs_minimize_roundtrips=true] returned 2 warnings: [299 Elasticsearch-7.16.1-5b38441b16b1ebb16a27c107a4c3865776e20c53 "Elasticsearch built-in security features are not enabled. Without authentication, your cluster could be accessible to anyone. See https://www.elastic.co/guide/en/elasticsearch/reference/7.16/security-minimal-setup.html to enable security."],[299 Elasticsearch-7.16.1-5b38441b16b1ebb16a27c107a4c3865776e20c53 "[ignore_throttled] parameter is deprecated because frozen indices have been deprecated. Consider cold or frozen tiers in place of frozen indices."]
2023-08-04 12:58:24,649 INFO  [com.dot.ContainerResource] (docker-java-stream-1865446083) STDOUT: 12:58:24.648  WARN  client.RestClient - request [POST http://elasticsearch:9200/cluster_c40f8aa8c9.live_20230804125756/_search?typed_keys=true&max_concurrent_shard_requests=5&ignore_unavailable=false&expand_wildcards=open&allow_no_indices=true&ignore_throttled=true&search_type=query_then_fetch&batched_reduce_size=512&ccs_minimize_roundtrips=true] returned 2 warnings: [299 Elasticsearch-7.16.1-5b38441b16b1ebb16a27c107a4c3865776e20c53 "Elasticsearch built-in security features are not enabled. Without authentication, your cluster could be accessible to anyone. See https://www.elastic.co/guide/en/elasticsearch/reference/7.16/security-minimal-setup.html to enable security."],[299 Elasticsearch-7.16.1-5b38441b16b1ebb16a27c107a4c3865776e20c53 "[ignore_throttled] parameter is deprecated because frozen indices have been deprecated. Consider cold or frozen tiers in place of frozen indices."]
2023-08-04 12:58:24,652 INFO  [com.dot.ContainerResource] (docker-java-stream-1865446083) STDOUT: 12:58:24.652  WARN  client.RestClient - request [POST http://elasticsearch:9200/cluster_c40f8aa8c9.live_20230804125756/_search?typed_keys=true&max_concurrent_shard_requests=5&ignore_unavailable=false&expand_wildcards=open&allow_no_indices=true&ignore_throttled=true&search_type=query_then_fetch&batched_reduce_size=512&ccs_minimize_roundtrips=true] returned 2 warnings: [299 Elasticsearch-7.16.1-5b38441b16b1ebb16a27c107a4c3865776e20c53 "Elasticsearch built-in security features are not enabled. Without authentication, your cluster could be accessible to anyone. See https://www.elastic.co/guide/en/elasticsearch/reference/7.16/security-minimal-setup.html to enable security."],[299 Elasticsearch-7.16.1-5b38441b16b1ebb16a27c107a4c3865776e20c53 "[ignore_throttled] parameter is deprecated because frozen indices have been deprecated. Consider cold or frozen tiers in place of frozen indices."]
2023-08-04 12:58:24,656 INFO  [com.dot.ContainerResource] (docker-java-stream-1865446083) STDOUT: 12:58:24.655  WARN  client.RestClient - request [POST http://elasticsearch:9200/cluster_c40f8aa8c9.live_20230804125756/_search?typed_keys=true&max_concurrent_shard_requests=5&ignore_unavailable=false&expand_wildcards=open&allow_no_indices=true&ignore_throttled=true&search_type=query_then_fetch&batched_reduce_size=512&ccs_minimize_roundtrips=true] returned 2 warnings: [299 Elasticsearch-7.16.1-5b38441b16b1ebb16a27c107a4c3865776e20c53 "Elasticsearch built-in security features are not enabled. Without authentication, your cluster could be accessible to anyone. See https://www.elastic.co/guide/en/elasticsearch/reference/7.16/security-minimal-setup.html to enable security."],[299 Elasticsearch-7.16.1-5b38441b16b1ebb16a27c107a4c3865776e20c53 "[ignore_throttled] parameter is deprecated because frozen indices have been deprecated. Consider cold or frozen tiers in place of frozen indices."]
2023-08-04 12:58:24,666 INFO  [com.dot.ContainerResource] (docker-java-stream-1865446083) STDOUT: 12:58:24.666  WARN  client.RestClient - request [POST http://elasticsearch:9200/cluster_c40f8aa8c9.live_20230804125756/_search?typed_keys=true&max_concurrent_shard_requests=5&ignore_unavailable=false&expand_wildcards=open&allow_no_indices=true&ignore_throttled=true&search_type=query_then_fetch&batched_reduce_size=512&ccs_minimize_roundtrips=true] returned 2 warnings: [299 Elasticsearch-7.16.1-5b38441b16b1ebb16a27c107a4c3865776e20c53 "Elasticsearch built-in security features are not enabled. Without authentication, your cluster could be accessible to anyone. See https://www.elastic.co/guide/en/elasticsearch/reference/7.16/security-minimal-setup.html to enable security."],[299 Elasticsearch-7.16.1-5b38441b16b1ebb16a27c107a4c3865776e20c53 "[ignore_throttled] parameter is deprecated because frozen indices have been deprecated. Consider cold or frozen tiers in place of frozen indices."]
2023-08-04 12:58:24,672 INFO  [com.dot.ContainerResource] (docker-java-stream-1865446083) STDOUT: 12:58:24.672  WARN  client.RestClient - request [POST http://elasticsearch:9200/cluster_c40f8aa8c9.live_20230804125756/_search?typed_keys=true&max_concurrent_shard_requests=5&ignore_unavailable=false&expand_wildcards=open&allow_no_indices=true&ignore_throttled=true&search_type=query_then_fetch&batched_reduce_size=512&ccs_minimize_roundtrips=true] returned 2 warnings: [299 Elasticsearch-7.16.1-5b38441b16b1ebb16a27c107a4c3865776e20c53 "Elasticsearch built-in security features are not enabled. Without authentication, your cluster could be accessible to anyone. See https://www.elastic.co/guide/en/elasticsearch/reference/7.16/security-minimal-setup.html to enable security."],[299 Elasticsearch-7.16.1-5b38441b16b1ebb16a27c107a4c3865776e20c53 "[ignore_throttled] parameter is deprecated because frozen indices have been deprecated. Consider cold or frozen tiers in place of frozen indices."]
2023-08-04 12:58:24,678 INFO  [com.dot.ContainerResource] (docker-java-stream-1865446083) STDOUT: 12:58:24.678  WARN  client.RestClient - request [POST http://elasticsearch:9200/cluster_c40f8aa8c9.live_20230804125756/_search?typed_keys=true&max_concurrent_shard_requests=5&ignore_unavailable=false&expand_wildcards=open&allow_no_indices=true&ignore_throttled=true&search_type=query_then_fetch&batched_reduce_size=512&ccs_minimize_roundtrips=true] returned 2 warnings: [299 Elasticsearch-7.16.1-5b38441b16b1ebb16a27c107a4c3865776e20c53 "Elasticsearch built-in security features are not enabled. Without authentication, your cluster could be accessible to anyone. See https://www.elastic.co/guide/en/elasticsearch/reference/7.16/security-minimal-setup.html to enable security."],[299 Elasticsearch-7.16.1-5b38441b16b1ebb16a27c107a4c3865776e20c53 "[ignore_throttled] parameter is deprecated because frozen indices have been deprecated. Consider cold or frozen tiers in place of frozen indices."]
2023-08-04 12:58:24,684 INFO  [com.dot.ContainerResource] (docker-java-stream-1865446083) STDOUT: 12:58:24.683  WARN  client.RestClient - request [POST http://elasticsearch:9200/cluster_c40f8aa8c9.live_20230804125756/_search?typed_keys=true&max_concurrent_shard_requests=5&ignore_unavailable=false&expand_wildcards=open&allow_no_indices=true&ignore_throttled=true&search_type=query_then_fetch&batched_reduce_size=512&ccs_minimize_roundtrips=true] returned 2 warnings: [299 Elasticsearch-7.16.1-5b38441b16b1ebb16a27c107a4c3865776e20c53 "Elasticsearch built-in security features are not enabled. Without authentication, your cluster could be accessible to anyone. See https://www.elastic.co/guide/en/elasticsearch/reference/7.16/security-minimal-setup.html to enable security."],[299 Elasticsearch-7.16.1-5b38441b16b1ebb16a27c107a4c3865776e20c53 "[ignore_throttled] parameter is deprecated because frozen indices have been deprecated. Consider cold or frozen tiers in place of frozen indices."]
2023-08-04 12:58:24,689 INFO  [com.dot.ContainerResource] (docker-java-stream-1865446083) STDOUT: 12:58:24.688  WARN  client.RestClient - request [POST http://elasticsearch:9200/cluster_c40f8aa8c9.live_20230804125756/_search?typed_keys=true&max_concurrent_shard_requests=5&ignore_unavailable=false&expand_wildcards=open&allow_no_indices=true&ignore_throttled=true&search_type=query_then_fetch&batched_reduce_size=512&ccs_minimize_roundtrips=true] returned 2 warnings: [299 Elasticsearch-7.16.1-5b38441b16b1ebb16a27c107a4c3865776e20c53 "Elasticsearch built-in security features are not enabled. Without authentication, your cluster could be accessible to anyone. See https://www.elastic.co/guide/en/elasticsearch/reference/7.16/security-minimal-setup.html to enable security."],[299 Elasticsearch-7.16.1-5b38441b16b1ebb16a27c107a4c3865776e20c53 "[ignore_throttled] parameter is deprecated because frozen indices have been deprecated. Consider cold or frozen tiers in place of frozen indices."]
2023-08-04 12:58:24,694 INFO  [com.dot.ContainerResource] (docker-java-stream-1865446083) STDOUT: 12:58:24.693  WARN  client.RestClient - request [POST http://elasticsearch:9200/cluster_c40f8aa8c9.live_20230804125756/_search?typed_keys=true&max_concurrent_shard_requests=5&ignore_unavailable=false&expand_wildcards=open&allow_no_indices=true&ignore_throttled=true&search_type=query_then_fetch&batched_reduce_size=512&ccs_minimize_roundtrips=true] returned 2 warnings: [299 Elasticsearch-7.16.1-5b38441b16b1ebb16a27c107a4c3865776e20c53 "Elasticsearch built-in security features are not enabled. Without authentication, your cluster could be accessible to anyone. See https://www.elastic.co/guide/en/elasticsearch/reference/7.16/security-minimal-setup.html to enable security."],[299 Elasticsearch-7.16.1-5b38441b16b1ebb16a27c107a4c3865776e20c53 "[ignore_throttled] parameter is deprecated because frozen indices have been deprecated. Consider cold or frozen tiers in place of frozen indices."]
2023-08-04 12:58:24,699 INFO  [com.dot.ContainerResource] (docker-java-stream-1865446083) STDOUT: 12:58:24.698  WARN  client.RestClient - request [POST http://elasticsearch:9200/cluster_c40f8aa8c9.live_20230804125756/_search?typed_keys=true&max_concurrent_shard_requests=5&ignore_unavailable=false&expand_wildcards=open&allow_no_indices=true&ignore_throttled=true&search_type=query_then_fetch&batched_reduce_size=512&ccs_minimize_roundtrips=true] returned 2 warnings: [299 Elasticsearch-7.16.1-5b38441b16b1ebb16a27c107a4c3865776e20c53 "Elasticsearch built-in security features are not enabled. Without authentication, your cluster could be accessible to anyone. See https://www.elastic.co/guide/en/elasticsearch/reference/7.16/security-minimal-setup.html to enable security."],[299 Elasticsearch-7.16.1-5b38441b16b1ebb16a27c107a4c3865776e20c53 "[ignore_throttled] parameter is deprecated because frozen indices have been deprecated. Consider cold or frozen tiers in place of frozen indices."]
2023-08-04 12:58:24,704 INFO  [com.dot.ContainerResource] (docker-java-stream-1865446083) STDOUT: 12:58:24.703  WARN  client.RestClient - request [POST http://elasticsearch:9200/cluster_c40f8aa8c9.live_20230804125756/_search?typed_keys=true&max_concurrent_shard_requests=5&ignore_unavailable=false&expand_wildcards=open&allow_no_indices=true&ignore_throttled=true&search_type=query_then_fetch&batched_reduce_size=512&ccs_minimize_roundtrips=true] returned 2 warnings: [299 Elasticsearch-7.16.1-5b38441b16b1ebb16a27c107a4c3865776e20c53 "Elasticsearch built-in security features are not enabled. Without authentication, your cluster could be accessible to anyone. See https://www.elastic.co/guide/en/elasticsearch/reference/7.16/security-minimal-setup.html to enable security."],[299 Elasticsearch-7.16.1-5b38441b16b1ebb16a27c107a4c3865776e20c53 "[ignore_throttled] parameter is deprecated because frozen indices have been deprecated. Consider cold or frozen tiers in place of frozen indices."]
2023-08-04 12:58:24,715 INFO  [com.dot.ContainerResource] (docker-java-stream-1865446083) STDOUT: 12:58:24.714  WARN  client.RestClient - request [POST http://elasticsearch:9200/cluster_c40f8aa8c9.live_20230804125756/_search?typed_keys=true&max_concurrent_shard_requests=5&ignore_unavailable=false&expand_wildcards=open&allow_no_indices=true&ignore_throttled=true&search_type=query_then_fetch&batched_reduce_size=512&ccs_minimize_roundtrips=true] returned 2 warnings: [299 Elasticsearch-7.16.1-5b38441b16b1ebb16a27c107a4c3865776e20c53 "Elasticsearch built-in security features are not enabled. Without authentication, your cluster could be accessible to anyone. See https://www.elastic.co/guide/en/elasticsearch/reference/7.16/security-minimal-setup.html to enable security."],[299 Elasticsearch-7.16.1-5b38441b16b1ebb16a27c107a4c3865776e20c53 "[ignore_throttled] parameter is deprecated because frozen indices have been deprecated. Consider cold or frozen tiers in place of frozen indices."]
2023-08-04 12:58:24,719 INFO  [com.dot.ContainerResource] (docker-java-stream-1865446083) STDOUT: 12:58:24.719  WARN  client.RestClient - request [POST http://elasticsearch:9200/cluster_c40f8aa8c9.live_20230804125756/_search?typed_keys=true&max_concurrent_shard_requests=5&ignore_unavailable=false&expand_wildcards=open&allow_no_indices=true&ignore_throttled=true&search_type=query_then_fetch&batched_reduce_size=512&ccs_minimize_roundtrips=true] returned 2 warnings: [299 Elasticsearch-7.16.1-5b38441b16b1ebb16a27c107a4c3865776e20c53 "Elasticsearch built-in security features are not enabled. Without authentication, your cluster could be accessible to anyone. See https://www.elastic.co/guide/en/elasticsearch/reference/7.16/security-minimal-setup.html to enable security."],[299 Elasticsearch-7.16.1-5b38441b16b1ebb16a27c107a4c3865776e20c53 "[ignore_throttled] parameter is deprecated because frozen indices have been deprecated. Consider cold or frozen tiers in place of frozen indices."]
2023-08-04 12:58:24,725 INFO  [com.dot.ContainerResource] (docker-java-stream-1865446083) STDOUT: 12:58:24.724  WARN  client.RestClient - request [POST http://elasticsearch:9200/cluster_c40f8aa8c9.live_20230804125756/_search?typed_keys=true&max_concurrent_shard_requests=5&ignore_unavailable=false&expand_wildcards=open&allow_no_indices=true&ignore_throttled=true&search_type=query_then_fetch&batched_reduce_size=512&ccs_minimize_roundtrips=true] returned 2 warnings: [299 Elasticsearch-7.16.1-5b38441b16b1ebb16a27c107a4c3865776e20c53 "Elasticsearch built-in security features are not enabled. Without authentication, your cluster could be accessible to anyone. See https://www.elastic.co/guide/en/elasticsearch/reference/7.16/security-minimal-setup.html to enable security."],[299 Elasticsearch-7.16.1-5b38441b16b1ebb16a27c107a4c3865776e20c53 "[ignore_throttled] parameter is deprecated because frozen indices have been deprecated. Consider cold or frozen tiers in place of frozen indices."]
2023-08-04 12:58:24,803 INFO  [com.dot.ContainerResource] (docker-java-stream-1865446083) STDOUT: 12:58:24.803  WARN  client.RestClient - request [POST http://elasticsearch:9200/cluster_c40f8aa8c9.live_20230804125756/_search?typed_keys=true&max_concurrent_shard_requests=5&ignore_unavailable=false&expand_wildcards=open&allow_no_indices=true&ignore_throttled=true&search_type=query_then_fetch&batched_reduce_size=512&ccs_minimize_roundtrips=true] returned 2 warnings: [299 Elasticsearch-7.16.1-5b38441b16b1ebb16a27c107a4c3865776e20c53 "Elasticsearch built-in security features are not enabled. Without authentication, your cluster could be accessible to anyone. See https://www.elastic.co/guide/en/elasticsearch/reference/7.16/security-minimal-setup.html to enable security."],[299 Elasticsearch-7.16.1-5b38441b16b1ebb16a27c107a4c3865776e20c53 "[ignore_throttled] parameter is deprecated because frozen indices have been deprecated. Consider cold or frozen tiers in place of frozen indices."]
2023-08-04 12:58:24,812 INFO  [com.dot.ContainerResource] (docker-java-stream-1865446083) STDOUT: 12:58:24.810  WARN  client.RestClient - request [POST http://elasticsearch:9200/cluster_c40f8aa8c9.live_20230804125756/_search?typed_keys=true&max_concurrent_shard_requests=5&ignore_unavailable=false&expand_wildcards=open&allow_no_indices=true&ignore_throttled=true&search_type=query_then_fetch&batched_reduce_size=512&ccs_minimize_roundtrips=true] returned 2 warnings: [299 Elasticsearch-7.16.1-5b38441b16b1ebb16a27c107a4c3865776e20c53 "Elasticsearch built-in security features are not enabled. Without authentication, your cluster could be accessible to anyone. See https://www.elastic.co/guide/en/elasticsearch/reference/7.16/security-minimal-setup.html to enable security."],[299 Elasticsearch-7.16.1-5b38441b16b1ebb16a27c107a4c3865776e20c53 "[ignore_throttled] parameter is deprecated because frozen indices have been deprecated. Consider cold or frozen tiers in place of frozen indices."]
2023-08-04 12:58:24,815 INFO  [com.dot.ContainerResource] (docker-java-stream-1865446083) STDOUT: 12:58:24.814  WARN  client.RestClient - request [POST http://elasticsearch:9200/cluster_c40f8aa8c9.live_20230804125756/_search?typed_keys=true&max_concurrent_shard_requests=5&ignore_unavailable=false&expand_wildcards=open&allow_no_indices=true&ignore_throttled=true&search_type=query_then_fetch&batched_reduce_size=512&ccs_minimize_roundtrips=true] returned 2 warnings: [299 Elasticsearch-7.16.1-5b38441b16b1ebb16a27c107a4c3865776e20c53 "Elasticsearch built-in security features are not enabled. Without authentication, your cluster could be accessible to anyone. See https://www.elastic.co/guide/en/elasticsearch/reference/7.16/security-minimal-setup.html to enable security."],[299 Elasticsearch-7.16.1-5b38441b16b1ebb16a27c107a4c3865776e20c53 "[ignore_throttled] parameter is deprecated because frozen indices have been deprecated. Consider cold or frozen tiers in place of frozen indices."]
2023-08-04 12:58:24,818 INFO  [com.dot.ContainerResource] (docker-java-stream-1865446083) STDOUT: 12:58:24.817  WARN  client.RestClient - request [POST http://elasticsearch:9200/cluster_c40f8aa8c9.live_20230804125756/_search?typed_keys=true&max_concurrent_shard_requests=5&ignore_unavailable=false&expand_wildcards=open&allow_no_indices=true&ignore_throttled=true&search_type=query_then_fetch&batched_reduce_size=512&ccs_minimize_roundtrips=true] returned 2 warnings: [299 Elasticsearch-7.16.1-5b38441b16b1ebb16a27c107a4c3865776e20c53 "Elasticsearch built-in security features are not enabled. Without authentication, your cluster could be accessible to anyone. See https://www.elastic.co/guide/en/elasticsearch/reference/7.16/security-minimal-setup.html to enable security."],[299 Elasticsearch-7.16.1-5b38441b16b1ebb16a27c107a4c3865776e20c53 "[ignore_throttled] parameter is deprecated because frozen indices have been deprecated. Consider cold or frozen tiers in place of frozen indices."]
2023-08-04 12:58:24,823 INFO  [com.dot.ContainerResource] (docker-java-stream-1865446083) STDOUT: 12:58:24.821  WARN  client.RestClient - request [POST http://elasticsearch:9200/cluster_c40f8aa8c9.live_20230804125756/_search?typed_keys=true&max_concurrent_shard_requests=5&ignore_unavailable=false&expand_wildcards=open&allow_no_indices=true&ignore_throttled=true&search_type=query_then_fetch&batched_reduce_size=512&ccs_minimize_roundtrips=true] returned 2 warnings: [299 Elasticsearch-7.16.1-5b38441b16b1ebb16a27c107a4c3865776e20c53 "Elasticsearch built-in security features are not enabled. Without authentication, your cluster could be accessible to anyone. See https://www.elastic.co/guide/en/elasticsearch/reference/7.16/security-minimal-setup.html to enable security."],[299 Elasticsearch-7.16.1-5b38441b16b1ebb16a27c107a4c3865776e20c53 "[ignore_throttled] parameter is deprecated because frozen indices have been deprecated. Consider cold or frozen tiers in place of frozen indices."]
2023-08-04 12:58:24,826 INFO  [com.dot.ContainerResource] (docker-java-stream-1865446083) STDOUT: 12:58:24.825  WARN  client.RestClient - request [POST http://elasticsearch:9200/cluster_c40f8aa8c9.live_20230804125756/_search?typed_keys=true&max_concurrent_shard_requests=5&ignore_unavailable=false&expand_wildcards=open&allow_no_indices=true&ignore_throttled=true&search_type=query_then_fetch&batched_reduce_size=512&ccs_minimize_roundtrips=true] returned 2 warnings: [299 Elasticsearch-7.16.1-5b38441b16b1ebb16a27c107a4c3865776e20c53 "Elasticsearch built-in security features are not enabled. Without authentication, your cluster could be accessible to anyone. See https://www.elastic.co/guide/en/elasticsearch/reference/7.16/security-minimal-setup.html to enable security."],[299 Elasticsearch-7.16.1-5b38441b16b1ebb16a27c107a4c3865776e20c53 "[ignore_throttled] parameter is deprecated because frozen indices have been deprecated. Consider cold or frozen tiers in place of frozen indices."]
2023-08-04 12:58:24,830 INFO  [com.dot.ContainerResource] (docker-java-stream-1865446083) STDOUT: 12:58:24.828  WARN  client.RestClient - request [POST http://elasticsearch:9200/cluster_c40f8aa8c9.live_20230804125756/_search?typed_keys=true&max_concurrent_shard_requests=5&ignore_unavailable=false&expand_wildcards=open&allow_no_indices=true&ignore_throttled=true&search_type=query_then_fetch&batched_reduce_size=512&ccs_minimize_roundtrips=true] returned 2 warnings: [299 Elasticsearch-7.16.1-5b38441b16b1ebb16a27c107a4c3865776e20c53 "Elasticsearch built-in security features are not enabled. Without authentication, your cluster could be accessible to anyone. See https://www.elastic.co/guide/en/elasticsearch/reference/7.16/security-minimal-setup.html to enable security."],[299 Elasticsearch-7.16.1-5b38441b16b1ebb16a27c107a4c3865776e20c53 "[ignore_throttled] parameter is deprecated because frozen indices have been deprecated. Consider cold or frozen tiers in place of frozen indices."]
2023-08-04 12:58:24,833 INFO  [com.dot.ContainerResource] (docker-java-stream-1865446083) STDOUT: 12:58:24.832  WARN  client.RestClient - request [POST http://elasticsearch:9200/cluster_c40f8aa8c9.live_20230804125756/_search?typed_keys=true&max_concurrent_shard_requests=5&ignore_unavailable=false&expand_wildcards=open&allow_no_indices=true&ignore_throttled=true&search_type=query_then_fetch&batched_reduce_size=512&ccs_minimize_roundtrips=true] returned 2 warnings: [299 Elasticsearch-7.16.1-5b38441b16b1ebb16a27c107a4c3865776e20c53 "Elasticsearch built-in security features are not enabled. Without authentication, your cluster could be accessible to anyone. See https://www.elastic.co/guide/en/elasticsearch/reference/7.16/security-minimal-setup.html to enable security."],[299 Elasticsearch-7.16.1-5b38441b16b1ebb16a27c107a4c3865776e20c53 "[ignore_throttled] parameter is deprecated because frozen indices have been deprecated. Consider cold or frozen tiers in place of frozen indices."]
2023-08-04 12:58:24,836 INFO  [com.dot.ContainerResource] (docker-java-stream-1865446083) STDOUT: 12:58:24.835  WARN  client.RestClient - request [POST http://elasticsearch:9200/cluster_c40f8aa8c9.live_20230804125756/_search?typed_keys=true&max_concurrent_shard_requests=5&ignore_unavailable=false&expand_wildcards=open&allow_no_indices=true&ignore_throttled=true&search_type=query_then_fetch&batched_reduce_size=512&ccs_minimize_roundtrips=true] returned 2 warnings: [299 Elasticsearch-7.16.1-5b38441b16b1ebb16a27c107a4c3865776e20c53 "Elasticsearch built-in security features are not enabled. Without authentication, your cluster could be accessible to anyone. See https://www.elastic.co/guide/en/elasticsearch/reference/7.16/security-minimal-setup.html to enable security."],[299 Elasticsearch-7.16.1-5b38441b16b1ebb16a27c107a4c3865776e20c53 "[ignore_throttled] parameter is deprecated because frozen indices have been deprecated. Consider cold or frozen tiers in place of frozen indices."]
2023-08-04 12:58:24,839 INFO  [com.dot.ContainerResource] (docker-java-stream-1865446083) STDOUT: 12:58:24.838  WARN  client.RestClient - request [POST http://elasticsearch:9200/cluster_c40f8aa8c9.live_20230804125756/_search?typed_keys=true&max_concurrent_shard_requests=5&ignore_unavailable=false&expand_wildcards=open&allow_no_indices=true&ignore_throttled=true&search_type=query_then_fetch&batched_reduce_size=512&ccs_minimize_roundtrips=true] returned 2 warnings: [299 Elasticsearch-7.16.1-5b38441b16b1ebb16a27c107a4c3865776e20c53 "Elasticsearch built-in security features are not enabled. Without authentication, your cluster could be accessible to anyone. See https://www.elastic.co/guide/en/elasticsearch/reference/7.16/security-minimal-setup.html to enable security."],[299 Elasticsearch-7.16.1-5b38441b16b1ebb16a27c107a4c3865776e20c53 "[ignore_throttled] parameter is deprecated because frozen indices have been deprecated. Consider cold or frozen tiers in place of frozen indices."]
2023-08-04 12:58:24,842 INFO  [com.dot.ContainerResource] (docker-java-stream-1865446083) STDOUT: 12:58:24.841  WARN  client.RestClient - request [POST http://elasticsearch:9200/cluster_c40f8aa8c9.live_20230804125756/_search?typed_keys=true&max_concurrent_shard_requests=5&ignore_unavailable=false&expand_wildcards=open&allow_no_indices=true&ignore_throttled=true&search_type=query_then_fetch&batched_reduce_size=512&ccs_minimize_roundtrips=true] returned 2 warnings: [299 Elasticsearch-7.16.1-5b38441b16b1ebb16a27c107a4c3865776e20c53 "Elasticsearch built-in security features are not enabled. Without authentication, your cluster could be accessible to anyone. See https://www.elastic.co/guide/en/elasticsearch/reference/7.16/security-minimal-setup.html to enable security."],[299 Elasticsearch-7.16.1-5b38441b16b1ebb16a27c107a4c3865776e20c53 "[ignore_throttled] parameter is deprecated because frozen indices have been deprecated. Consider cold or frozen tiers in place of frozen indices."]
2023-08-04 12:58:24,845 INFO  [com.dot.ContainerResource] (docker-java-stream-1865446083) STDOUT: 12:58:24.844  WARN  client.RestClient - request [POST http://elasticsearch:9200/cluster_c40f8aa8c9.live_20230804125756/_search?typed_keys=true&max_concurrent_shard_requests=5&ignore_unavailable=false&expand_wildcards=open&allow_no_indices=true&ignore_throttled=true&search_type=query_then_fetch&batched_reduce_size=512&ccs_minimize_roundtrips=true] returned 2 warnings: [299 Elasticsearch-7.16.1-5b38441b16b1ebb16a27c107a4c3865776e20c53 "Elasticsearch built-in security features are not enabled. Without authentication, your cluster could be accessible to anyone. See https://www.elastic.co/guide/en/elasticsearch/reference/7.16/security-minimal-setup.html to enable security."],[299 Elasticsearch-7.16.1-5b38441b16b1ebb16a27c107a4c3865776e20c53 "[ignore_throttled] parameter is deprecated because frozen indices have been deprecated. Consider cold or frozen tiers in place of frozen indices."]
2023-08-04 12:58:24,854 INFO  [com.dot.ContainerResource] (docker-java-stream-1865446083) STDOUT: 12:58:24.852  WARN  client.RestClient - request [POST http://elasticsearch:9200/cluster_c40f8aa8c9.live_20230804125756/_search?typed_keys=true&max_concurrent_shard_requests=5&ignore_unavailable=false&expand_wildcards=open&allow_no_indices=true&ignore_throttled=true&search_type=query_then_fetch&batched_reduce_size=512&ccs_minimize_roundtrips=true] returned 2 warnings: [299 Elasticsearch-7.16.1-5b38441b16b1ebb16a27c107a4c3865776e20c53 "Elasticsearch built-in security features are not enabled. Without authentication, your cluster could be accessible to anyone. See https://www.elastic.co/guide/en/elasticsearch/reference/7.16/security-minimal-setup.html to enable security."],[299 Elasticsearch-7.16.1-5b38441b16b1ebb16a27c107a4c3865776e20c53 "[ignore_throttled] parameter is deprecated because frozen indices have been deprecated. Consider cold or frozen tiers in place of frozen indices."]
2023-08-04 12:58:24,861 INFO  [com.dot.ContainerResource] (docker-java-stream-1865446083) STDOUT: 12:58:24.859  WARN  client.RestClient - request [POST http://elasticsearch:9200/cluster_c40f8aa8c9.live_20230804125756/_search?typed_keys=true&max_concurrent_shard_requests=5&ignore_unavailable=false&expand_wildcards=open&allow_no_indices=true&ignore_throttled=true&search_type=query_then_fetch&batched_reduce_size=512&ccs_minimize_roundtrips=true] returned 2 warnings: [299 Elasticsearch-7.16.1-5b38441b16b1ebb16a27c107a4c3865776e20c53 "Elasticsearch built-in security features are not enabled. Without authentication, your cluster could be accessible to anyone. See https://www.elastic.co/guide/en/elasticsearch/reference/7.16/security-minimal-setup.html to enable security."],[299 Elasticsearch-7.16.1-5b38441b16b1ebb16a27c107a4c3865776e20c53 "[ignore_throttled] parameter is deprecated because frozen indices have been deprecated. Consider cold or frozen tiers in place of frozen indices."]
2023-08-04 12:58:24,866 INFO  [com.dot.ContainerResource] (docker-java-stream-1865446083) STDOUT: 12:58:24.864  WARN  client.RestClient - request [POST http://elasticsearch:9200/cluster_c40f8aa8c9.live_20230804125756/_search?typed_keys=true&max_concurrent_shard_requests=5&ignore_unavailable=false&expand_wildcards=open&allow_no_indices=true&ignore_throttled=true&search_type=query_then_fetch&batched_reduce_size=512&ccs_minimize_roundtrips=true] returned 2 warnings: [299 Elasticsearch-7.16.1-5b38441b16b1ebb16a27c107a4c3865776e20c53 "Elasticsearch built-in security features are not enabled. Without authentication, your cluster could be accessible to anyone. See https://www.elastic.co/guide/en/elasticsearch/reference/7.16/security-minimal-setup.html to enable security."],[299 Elasticsearch-7.16.1-5b38441b16b1ebb16a27c107a4c3865776e20c53 "[ignore_throttled] parameter is deprecated because frozen indices have been deprecated. Consider cold or frozen tiers in place of frozen indices."]
2023-08-04 12:58:24,885 INFO  [com.dot.ContainerResource] (docker-java-stream-1865446083) STDOUT: 12:58:24.883  WARN  client.RestClient - request [POST http://elasticsearch:9200/cluster_c40f8aa8c9.live_20230804125756/_search?typed_keys=true&max_concurrent_shard_requests=5&ignore_unavailable=false&expand_wildcards=open&allow_no_indices=true&ignore_throttled=true&search_type=query_then_fetch&batched_reduce_size=512&ccs_minimize_roundtrips=true] returned 2 warnings: [299 Elasticsearch-7.16.1-5b38441b16b1ebb16a27c107a4c3865776e20c53 "Elasticsearch built-in security features are not enabled. Without authentication, your cluster could be accessible to anyone. See https://www.elastic.co/guide/en/elasticsearch/reference/7.16/security-minimal-setup.html to enable security."],[299 Elasticsearch-7.16.1-5b38441b16b1ebb16a27c107a4c3865776e20c53 "[ignore_throttled] parameter is deprecated because frozen indices have been deprecated. Consider cold or frozen tiers in place of frozen indices."]
2023-08-04 12:58:24,894 INFO  [com.dot.ContainerResource] (docker-java-stream-1865446083) STDOUT: 12:58:24.892  WARN  client.RestClient - request [POST http://elasticsearch:9200/cluster_c40f8aa8c9.live_20230804125756/_search?typed_keys=true&max_concurrent_shard_requests=5&ignore_unavailable=false&expand_wildcards=open&allow_no_indices=true&ignore_throttled=true&search_type=query_then_fetch&batched_reduce_size=512&ccs_minimize_roundtrips=true] returned 2 warnings: [299 Elasticsearch-7.16.1-5b38441b16b1ebb16a27c107a4c3865776e20c53 "Elasticsearch built-in security features are not enabled. Without authentication, your cluster could be accessible to anyone. See https://www.elastic.co/guide/en/elasticsearch/reference/7.16/security-minimal-setup.html to enable security."],[299 Elasticsearch-7.16.1-5b38441b16b1ebb16a27c107a4c3865776e20c53 "[ignore_throttled] parameter is deprecated because frozen indices have been deprecated. Consider cold or frozen tiers in place of frozen indices."]
2023-08-04 12:58:24,900 INFO  [com.dot.ContainerResource] (docker-java-stream-1865446083) STDOUT: 12:58:24.898  WARN  client.RestClient - request [POST http://elasticsearch:9200/cluster_c40f8aa8c9.live_20230804125756/_search?typed_keys=true&max_concurrent_shard_requests=5&ignore_unavailable=false&expand_wildcards=open&allow_no_indices=true&ignore_throttled=true&search_type=query_then_fetch&batched_reduce_size=512&ccs_minimize_roundtrips=true] returned 2 warnings: [299 Elasticsearch-7.16.1-5b38441b16b1ebb16a27c107a4c3865776e20c53 "Elasticsearch built-in security features are not enabled. Without authentication, your cluster could be accessible to anyone. See https://www.elastic.co/guide/en/elasticsearch/reference/7.16/security-minimal-setup.html to enable security."],[299 Elasticsearch-7.16.1-5b38441b16b1ebb16a27c107a4c3865776e20c53 "[ignore_throttled] parameter is deprecated because frozen indices have been deprecated. Consider cold or frozen tiers in place of frozen indices."]
2023-08-04 12:58:24,905 INFO  [com.dot.ContainerResource] (docker-java-stream-1865446083) STDOUT: 12:58:24.904  WARN  client.RestClient - request [POST http://elasticsearch:9200/cluster_c40f8aa8c9.live_20230804125756/_search?typed_keys=true&max_concurrent_shard_requests=5&ignore_unavailable=false&expand_wildcards=open&allow_no_indices=true&ignore_throttled=true&search_type=query_then_fetch&batched_reduce_size=512&ccs_minimize_roundtrips=true] returned 2 warnings: [299 Elasticsearch-7.16.1-5b38441b16b1ebb16a27c107a4c3865776e20c53 "Elasticsearch built-in security features are not enabled. Without authentication, your cluster could be accessible to anyone. See https://www.elastic.co/guide/en/elasticsearch/reference/7.16/security-minimal-setup.html to enable security."],[299 Elasticsearch-7.16.1-5b38441b16b1ebb16a27c107a4c3865776e20c53 "[ignore_throttled] parameter is deprecated because frozen indices have been deprecated. Consider cold or frozen tiers in place of frozen indices."]
2023-08-04 12:58:24,909 INFO  [com.dot.ContainerResource] (docker-java-stream-1865446083) STDOUT: 12:58:24.908  WARN  client.RestClient - request [POST http://elasticsearch:9200/cluster_c40f8aa8c9.live_20230804125756/_search?typed_keys=true&max_concurrent_shard_requests=5&ignore_unavailable=false&expand_wildcards=open&allow_no_indices=true&ignore_throttled=true&search_type=query_then_fetch&batched_reduce_size=512&ccs_minimize_roundtrips=true] returned 2 warnings: [299 Elasticsearch-7.16.1-5b38441b16b1ebb16a27c107a4c3865776e20c53 "Elasticsearch built-in security features are not enabled. Without authentication, your cluster could be accessible to anyone. See https://www.elastic.co/guide/en/elasticsearch/reference/7.16/security-minimal-setup.html to enable security."],[299 Elasticsearch-7.16.1-5b38441b16b1ebb16a27c107a4c3865776e20c53 "[ignore_throttled] parameter is deprecated because frozen indices have been deprecated. Consider cold or frozen tiers in place of frozen indices."]
2023-08-04 12:58:24,912 INFO  [com.dot.ContainerResource] (docker-java-stream-1865446083) STDOUT: 12:58:24.911  WARN  client.RestClient - request [POST http://elasticsearch:9200/cluster_c40f8aa8c9.live_20230804125756/_search?typed_keys=true&max_concurrent_shard_requests=5&ignore_unavailable=false&expand_wildcards=open&allow_no_indices=true&ignore_throttled=true&search_type=query_then_fetch&batched_reduce_size=512&ccs_minimize_roundtrips=true] returned 2 warnings: [299 Elasticsearch-7.16.1-5b38441b16b1ebb16a27c107a4c3865776e20c53 "Elasticsearch built-in security features are not enabled. Without authentication, your cluster could be accessible to anyone. See https://www.elastic.co/guide/en/elasticsearch/reference/7.16/security-minimal-setup.html to enable security."],[299 Elasticsearch-7.16.1-5b38441b16b1ebb16a27c107a4c3865776e20c53 "[ignore_throttled] parameter is deprecated because frozen indices have been deprecated. Consider cold or frozen tiers in place of frozen indices."]
2023-08-04 12:58:24,914 INFO  [com.dot.ContainerResource] (docker-java-stream-1865446083) STDOUT: 12:58:24.914  WARN  client.RestClient - request [POST http://elasticsearch:9200/cluster_c40f8aa8c9.live_20230804125756/_search?typed_keys=true&max_concurrent_shard_requests=5&ignore_unavailable=false&expand_wildcards=open&allow_no_indices=true&ignore_throttled=true&search_type=query_then_fetch&batched_reduce_size=512&ccs_minimize_roundtrips=true] returned 2 warnings: [299 Elasticsearch-7.16.1-5b38441b16b1ebb16a27c107a4c3865776e20c53 "Elasticsearch built-in security features are not enabled. Without authentication, your cluster could be accessible to anyone. See https://www.elastic.co/guide/en/elasticsearch/reference/7.16/security-minimal-setup.html to enable security."],[299 Elasticsearch-7.16.1-5b38441b16b1ebb16a27c107a4c3865776e20c53 "[ignore_throttled] parameter is deprecated because frozen indices have been deprecated. Consider cold or frozen tiers in place of frozen indices."]
2023-08-04 12:58:24,916 INFO  [com.dot.ContainerResource] (docker-java-stream-1865446083) STDOUT: 12:58:24.916  WARN  client.RestClient - request [POST http://elasticsearch:9200/cluster_c40f8aa8c9.live_20230804125756/_search?typed_keys=true&max_concurrent_shard_requests=5&ignore_unavailable=false&expand_wildcards=open&allow_no_indices=true&ignore_throttled=true&search_type=query_then_fetch&batched_reduce_size=512&ccs_minimize_roundtrips=true] returned 2 warnings: [299 Elasticsearch-7.16.1-5b38441b16b1ebb16a27c107a4c3865776e20c53 "Elasticsearch built-in security features are not enabled. Without authentication, your cluster could be accessible to anyone. See https://www.elastic.co/guide/en/elasticsearch/reference/7.16/security-minimal-setup.html to enable security."],[299 Elasticsearch-7.16.1-5b38441b16b1ebb16a27c107a4c3865776e20c53 "[ignore_throttled] parameter is deprecated because frozen indices have been deprecated. Consider cold or frozen tiers in place of frozen indices."]
2023-08-04 12:58:24,919 INFO  [com.dot.ContainerResource] (docker-java-stream-1865446083) STDOUT: 12:58:24.918  WARN  client.RestClient - request [POST http://elasticsearch:9200/cluster_c40f8aa8c9.live_20230804125756/_search?typed_keys=true&max_concurrent_shard_requests=5&ignore_unavailable=false&expand_wildcards=open&allow_no_indices=true&ignore_throttled=true&search_type=query_then_fetch&batched_reduce_size=512&ccs_minimize_roundtrips=true] returned 2 warnings: [299 Elasticsearch-7.16.1-5b38441b16b1ebb16a27c107a4c3865776e20c53 "Elasticsearch built-in security features are not enabled. Without authentication, your cluster could be accessible to anyone. See https://www.elastic.co/guide/en/elasticsearch/reference/7.16/security-minimal-setup.html to enable security."],[299 Elasticsearch-7.16.1-5b38441b16b1ebb16a27c107a4c3865776e20c53 "[ignore_throttled] parameter is deprecated because frozen indices have been deprecated. Consider cold or frozen tiers in place of frozen indices."]
2023-08-04 12:58:24,921 INFO  [com.dot.ContainerResource] (docker-java-stream-1865446083) STDOUT: 12:58:24.921  WARN  client.RestClient - request [POST http://elasticsearch:9200/cluster_c40f8aa8c9.live_20230804125756/_search?typed_keys=true&max_concurrent_shard_requests=5&ignore_unavailable=false&expand_wildcards=open&allow_no_indices=true&ignore_throttled=true&search_type=query_then_fetch&batched_reduce_size=512&ccs_minimize_roundtrips=true] returned 2 warnings: [299 Elasticsearch-7.16.1-5b38441b16b1ebb16a27c107a4c3865776e20c53 "Elasticsearch built-in security features are not enabled. Without authentication, your cluster could be accessible to anyone. See https://www.elastic.co/guide/en/elasticsearch/reference/7.16/security-minimal-setup.html to enable security."],[299 Elasticsearch-7.16.1-5b38441b16b1ebb16a27c107a4c3865776e20c53 "[ignore_throttled] parameter is deprecated because frozen indices have been deprecated. Consider cold or frozen tiers in place of frozen indices."]
2023-08-04 12:58:24,923 INFO  [com.dot.ContainerResource] (docker-java-stream-1865446083) STDOUT: 12:58:24.923  WARN  client.RestClient - request [POST http://elasticsearch:9200/cluster_c40f8aa8c9.live_20230804125756/_search?typed_keys=true&max_concurrent_shard_requests=5&ignore_unavailable=false&expand_wildcards=open&allow_no_indices=true&ignore_throttled=true&search_type=query_then_fetch&batched_reduce_size=512&ccs_minimize_roundtrips=true] returned 2 warnings: [299 Elasticsearch-7.16.1-5b38441b16b1ebb16a27c107a4c3865776e20c53 "Elasticsearch built-in security features are not enabled. Without authentication, your cluster could be accessible to anyone. See https://www.elastic.co/guide/en/elasticsearch/reference/7.16/security-minimal-setup.html to enable security."],[299 Elasticsearch-7.16.1-5b38441b16b1ebb16a27c107a4c3865776e20c53 "[ignore_throttled] parameter is deprecated because frozen indices have been deprecated. Consider cold or frozen tiers in place of frozen indices."]
2023-08-04 12:58:24,926 INFO  [com.dot.ContainerResource] (docker-java-stream-1865446083) STDOUT: 12:58:24.925  WARN  client.RestClient - request [POST http://elasticsearch:9200/cluster_c40f8aa8c9.live_20230804125756/_search?typed_keys=true&max_concurrent_shard_requests=5&ignore_unavailable=false&expand_wildcards=open&allow_no_indices=true&ignore_throttled=true&search_type=query_then_fetch&batched_reduce_size=512&ccs_minimize_roundtrips=true] returned 2 warnings: [299 Elasticsearch-7.16.1-5b38441b16b1ebb16a27c107a4c3865776e20c53 "Elasticsearch built-in security features are not enabled. Without authentication, your cluster could be accessible to anyone. See https://www.elastic.co/guide/en/elasticsearch/reference/7.16/security-minimal-setup.html to enable security."],[299 Elasticsearch-7.16.1-5b38441b16b1ebb16a27c107a4c3865776e20c53 "[ignore_throttled] parameter is deprecated because frozen indices have been deprecated. Consider cold or frozen tiers in place of frozen indices."]
2023-08-04 12:58:24,928 INFO  [com.dot.ContainerResource] (docker-java-stream-1865446083) STDOUT: 12:58:24.927  WARN  client.RestClient - request [POST http://elasticsearch:9200/cluster_c40f8aa8c9.live_20230804125756/_search?typed_keys=true&max_concurrent_shard_requests=5&ignore_unavailable=false&expand_wildcards=open&allow_no_indices=true&ignore_throttled=true&search_type=query_then_fetch&batched_reduce_size=512&ccs_minimize_roundtrips=true] returned 2 warnings: [299 Elasticsearch-7.16.1-5b38441b16b1ebb16a27c107a4c3865776e20c53 "Elasticsearch built-in security features are not enabled. Without authentication, your cluster could be accessible to anyone. See https://www.elastic.co/guide/en/elasticsearch/reference/7.16/security-minimal-setup.html to enable security."],[299 Elasticsearch-7.16.1-5b38441b16b1ebb16a27c107a4c3865776e20c53 "[ignore_throttled] parameter is deprecated because frozen indices have been deprecated. Consider cold or frozen tiers in place of frozen indices."]
2023-08-04 12:58:24,930 INFO  [com.dot.ContainerResource] (docker-java-stream-1865446083) STDOUT: 12:58:24.930  WARN  client.RestClient - request [POST http://elasticsearch:9200/cluster_c40f8aa8c9.live_20230804125756/_search?typed_keys=true&max_concurrent_shard_requests=5&ignore_unavailable=false&expand_wildcards=open&allow_no_indices=true&ignore_throttled=true&search_type=query_then_fetch&batched_reduce_size=512&ccs_minimize_roundtrips=true] returned 2 warnings: [299 Elasticsearch-7.16.1-5b38441b16b1ebb16a27c107a4c3865776e20c53 "Elasticsearch built-in security features are not enabled. Without authentication, your cluster could be accessible to anyone. See https://www.elastic.co/guide/en/elasticsearch/reference/7.16/security-minimal-setup.html to enable security."],[299 Elasticsearch-7.16.1-5b38441b16b1ebb16a27c107a4c3865776e20c53 "[ignore_throttled] parameter is deprecated because frozen indices have been deprecated. Consider cold or frozen tiers in place of frozen indices."]
2023-08-04 12:58:24,960 INFO  [com.dot.ContainerResource] (docker-java-stream-1865446083) STDOUT: 12:58:24.932  WARN  client.RestClient - request [POST http://elasticsearch:9200/cluster_c40f8aa8c9.live_20230804125756/_search?typed_keys=true&max_concurrent_shard_requests=5&ignore_unavailable=false&expand_wildcards=open&allow_no_indices=true&ignore_throttled=true&search_type=query_then_fetch&batched_reduce_size=512&ccs_minimize_roundtrips=true] returned 2 warnings: [299 Elasticsearch-7.16.1-5b38441b16b1ebb16a27c107a4c3865776e20c53 "Elasticsearch built-in security features are not enabled. Without authentication, your cluster could be accessible to anyone. See https://www.elastic.co/guide/en/elasticsearch/reference/7.16/security-minimal-setup.html to enable security."],[299 Elasticsearch-7.16.1-5b38441b16b1ebb16a27c107a4c3865776e20c53 "[ignore_throttled] parameter is deprecated because frozen indices have been deprecated. Consider cold or frozen tiers in place of frozen indices."]
2023-08-04 12:58:24,960 INFO  [com.dot.ContainerResource] (docker-java-stream-1865446083) STDOUT: 12:58:24.944  WARN  client.RestClient - request [POST http://elasticsearch:9200/cluster_c40f8aa8c9.live_20230804125756/_search?typed_keys=true&max_concurrent_shard_requests=5&ignore_unavailable=false&expand_wildcards=open&allow_no_indices=true&ignore_throttled=true&search_type=query_then_fetch&batched_reduce_size=512&ccs_minimize_roundtrips=true] returned 2 warnings: [299 Elasticsearch-7.16.1-5b38441b16b1ebb16a27c107a4c3865776e20c53 "Elasticsearch built-in security features are not enabled. Without authentication, your cluster could be accessible to anyone. See https://www.elastic.co/guide/en/elasticsearch/reference/7.16/security-minimal-setup.html to enable security."],[299 Elasticsearch-7.16.1-5b38441b16b1ebb16a27c107a4c3865776e20c53 "[ignore_throttled] parameter is deprecated because frozen indices have been deprecated. Consider cold or frozen tiers in place of frozen indices."]
2023-08-04 12:58:24,960 INFO  [com.dot.ContainerResource] (docker-java-stream-1865446083) STDOUT: 12:58:24.948  WARN  client.RestClient - request [POST http://elasticsearch:9200/cluster_c40f8aa8c9.live_20230804125756/_search?typed_keys=true&max_concurrent_shard_requests=5&ignore_unavailable=false&expand_wildcards=open&allow_no_indices=true&ignore_throttled=true&search_type=query_then_fetch&batched_reduce_size=512&ccs_minimize_roundtrips=true] returned 2 warnings: [299 Elasticsearch-7.16.1-5b38441b16b1ebb16a27c107a4c3865776e20c53 "Elasticsearch built-in security features are not enabled. Without authentication, your cluster could be accessible to anyone. See https://www.elastic.co/guide/en/elasticsearch/reference/7.16/security-minimal-setup.html to enable security."],[299 Elasticsearch-7.16.1-5b38441b16b1ebb16a27c107a4c3865776e20c53 "[ignore_throttled] parameter is deprecated because frozen indices have been deprecated. Consider cold or frozen tiers in place of frozen indices."]
2023-08-04 12:58:24,961 INFO  [com.dot.ContainerResource] (docker-java-stream-1865446083) STDOUT: 12:58:24.956  WARN  client.RestClient - request [POST http://elasticsearch:9200/cluster_c40f8aa8c9.live_20230804125756/_search?typed_keys=true&max_concurrent_shard_requests=5&ignore_unavailable=false&expand_wildcards=open&allow_no_indices=true&ignore_throttled=true&search_type=query_then_fetch&batched_reduce_size=512&ccs_minimize_roundtrips=true] returned 2 warnings: [299 Elasticsearch-7.16.1-5b38441b16b1ebb16a27c107a4c3865776e20c53 "Elasticsearch built-in security features are not enabled. Without authentication, your cluster could be accessible to anyone. See https://www.elastic.co/guide/en/elasticsearch/reference/7.16/security-minimal-setup.html to enable security."],[299 Elasticsearch-7.16.1-5b38441b16b1ebb16a27c107a4c3865776e20c53 "[ignore_throttled] parameter is deprecated because frozen indices have been deprecated. Consider cold or frozen tiers in place of frozen indices."]
2023-08-04 12:58:24,962 INFO  [com.dot.ContainerResource] (docker-java-stream-1865446083) STDOUT: 12:58:24.960  WARN  client.RestClient - request [POST http://elasticsearch:9200/cluster_c40f8aa8c9.live_20230804125756/_search?typed_keys=true&max_concurrent_shard_requests=5&ignore_unavailable=false&expand_wildcards=open&allow_no_indices=true&ignore_throttled=true&search_type=query_then_fetch&batched_reduce_size=512&ccs_minimize_roundtrips=true] returned 2 warnings: [299 Elasticsearch-7.16.1-5b38441b16b1ebb16a27c107a4c3865776e20c53 "Elasticsearch built-in security features are not enabled. Without authentication, your cluster could be accessible to anyone. See https://www.elastic.co/guide/en/elasticsearch/reference/7.16/security-minimal-setup.html to enable security."],[299 Elasticsearch-7.16.1-5b38441b16b1ebb16a27c107a4c3865776e20c53 "[ignore_throttled] parameter is deprecated because frozen indices have been deprecated. Consider cold or frozen tiers in place of frozen indices."]
2023-08-04 12:58:24,978 INFO  [com.dot.ContainerResource] (docker-java-stream-1865446083) STDOUT: 12:58:24.977  WARN  client.RestClient - request [POST http://elasticsearch:9200/cluster_c40f8aa8c9.live_20230804125756/_search?typed_keys=true&max_concurrent_shard_requests=5&ignore_unavailable=false&expand_wildcards=open&allow_no_indices=true&ignore_throttled=true&search_type=query_then_fetch&batched_reduce_size=512&ccs_minimize_roundtrips=true] returned 2 warnings: [299 Elasticsearch-7.16.1-5b38441b16b1ebb16a27c107a4c3865776e20c53 "Elasticsearch built-in security features are not enabled. Without authentication, your cluster could be accessible to anyone. See https://www.elastic.co/guide/en/elasticsearch/reference/7.16/security-minimal-setup.html to enable security."],[299 Elasticsearch-7.16.1-5b38441b16b1ebb16a27c107a4c3865776e20c53 "[ignore_throttled] parameter is deprecated because frozen indices have been deprecated. Consider cold or frozen tiers in place of frozen indices."]
2023-08-04 12:58:24,983 INFO  [com.dot.ContainerResource] (docker-java-stream-1865446083) STDOUT: 12:58:24.982  WARN  client.RestClient - request [POST http://elasticsearch:9200/cluster_c40f8aa8c9.live_20230804125756/_search?typed_keys=true&max_concurrent_shard_requests=5&ignore_unavailable=false&expand_wildcards=open&allow_no_indices=true&ignore_throttled=true&search_type=query_then_fetch&batched_reduce_size=512&ccs_minimize_roundtrips=true] returned 2 warnings: [299 Elasticsearch-7.16.1-5b38441b16b1ebb16a27c107a4c3865776e20c53 "Elasticsearch built-in security features are not enabled. Without authentication, your cluster could be accessible to anyone. See https://www.elastic.co/guide/en/elasticsearch/reference/7.16/security-minimal-setup.html to enable security."],[299 Elasticsearch-7.16.1-5b38441b16b1ebb16a27c107a4c3865776e20c53 "[ignore_throttled] parameter is deprecated because frozen indices have been deprecated. Consider cold or frozen tiers in place of frozen indices."]
2023-08-04 12:58:24,993 INFO  [com.dot.ContainerResource] (docker-java-stream-1865446083) STDOUT: 12:58:24.992  WARN  client.RestClient - request [POST http://elasticsearch:9200/cluster_c40f8aa8c9.live_20230804125756/_search?typed_keys=true&max_concurrent_shard_requests=5&ignore_unavailable=false&expand_wildcards=open&allow_no_indices=true&ignore_throttled=true&search_type=query_then_fetch&batched_reduce_size=512&ccs_minimize_roundtrips=true] returned 2 warnings: [299 Elasticsearch-7.16.1-5b38441b16b1ebb16a27c107a4c3865776e20c53 "Elasticsearch built-in security features are not enabled. Without authentication, your cluster could be accessible to anyone. See https://www.elastic.co/guide/en/elasticsearch/reference/7.16/security-minimal-setup.html to enable security."],[299 Elasticsearch-7.16.1-5b38441b16b1ebb16a27c107a4c3865776e20c53 "[ignore_throttled] parameter is deprecated because frozen indices have been deprecated. Consider cold or frozen tiers in place of frozen indices."]
2023-08-04 12:58:25,001 INFO  [com.dot.ContainerResource] (docker-java-stream-1865446083) STDOUT: 12:58:25.000  WARN  client.RestClient - request [POST http://elasticsearch:9200/cluster_c40f8aa8c9.live_20230804125756/_search?typed_keys=true&max_concurrent_shard_requests=5&ignore_unavailable=false&expand_wildcards=open&allow_no_indices=true&ignore_throttled=true&search_type=query_then_fetch&batched_reduce_size=512&ccs_minimize_roundtrips=true] returned 2 warnings: [299 Elasticsearch-7.16.1-5b38441b16b1ebb16a27c107a4c3865776e20c53 "Elasticsearch built-in security features are not enabled. Without authentication, your cluster could be accessible to anyone. See https://www.elastic.co/guide/en/elasticsearch/reference/7.16/security-minimal-setup.html to enable security."],[299 Elasticsearch-7.16.1-5b38441b16b1ebb16a27c107a4c3865776e20c53 "[ignore_throttled] parameter is deprecated because frozen indices have been deprecated. Consider cold or frozen tiers in place of frozen indices."]
2023-08-04 12:58:25,004 INFO  [com.dot.ContainerResource] (docker-java-stream-1865446083) STDOUT: 12:58:25.004  WARN  client.RestClient - request [POST http://elasticsearch:9200/cluster_c40f8aa8c9.live_20230804125756/_search?typed_keys=true&max_concurrent_shard_requests=5&ignore_unavailable=false&expand_wildcards=open&allow_no_indices=true&ignore_throttled=true&search_type=query_then_fetch&batched_reduce_size=512&ccs_minimize_roundtrips=true] returned 2 warnings: [299 Elasticsearch-7.16.1-5b38441b16b1ebb16a27c107a4c3865776e20c53 "Elasticsearch built-in security features are not enabled. Without authentication, your cluster could be accessible to anyone. See https://www.elastic.co/guide/en/elasticsearch/reference/7.16/security-minimal-setup.html to enable security."],[299 Elasticsearch-7.16.1-5b38441b16b1ebb16a27c107a4c3865776e20c53 "[ignore_throttled] parameter is deprecated because frozen indices have been deprecated. Consider cold or frozen tiers in place of frozen indices."]
2023-08-04 12:58:25,009 INFO  [com.dot.ContainerResource] (docker-java-stream-1865446083) STDOUT: 12:58:25.009  WARN  client.RestClient - request [POST http://elasticsearch:9200/cluster_c40f8aa8c9.live_20230804125756/_search?typed_keys=true&max_concurrent_shard_requests=5&ignore_unavailable=false&expand_wildcards=open&allow_no_indices=true&ignore_throttled=true&search_type=query_then_fetch&batched_reduce_size=512&ccs_minimize_roundtrips=true] returned 2 warnings: [299 Elasticsearch-7.16.1-5b38441b16b1ebb16a27c107a4c3865776e20c53 "Elasticsearch built-in security features are not enabled. Without authentication, your cluster could be accessible to anyone. See https://www.elastic.co/guide/en/elasticsearch/reference/7.16/security-minimal-setup.html to enable security."],[299 Elasticsearch-7.16.1-5b38441b16b1ebb16a27c107a4c3865776e20c53 "[ignore_throttled] parameter is deprecated because frozen indices have been deprecated. Consider cold or frozen tiers in place of frozen indices."]
2023-08-04 12:58:25,021 INFO  [com.dot.ContainerResource] (docker-java-stream-1865446083) STDOUT: 12:58:25.020  WARN  client.RestClient - request [POST http://elasticsearch:9200/cluster_c40f8aa8c9.live_20230804125756/_search?typed_keys=true&max_concurrent_shard_requests=5&ignore_unavailable=false&expand_wildcards=open&allow_no_indices=true&ignore_throttled=true&search_type=query_then_fetch&batched_reduce_size=512&ccs_minimize_roundtrips=true] returned 2 warnings: [299 Elasticsearch-7.16.1-5b38441b16b1ebb16a27c107a4c3865776e20c53 "Elasticsearch built-in security features are not enabled. Without authentication, your cluster could be accessible to anyone. See https://www.elastic.co/guide/en/elasticsearch/reference/7.16/security-minimal-setup.html to enable security."],[299 Elasticsearch-7.16.1-5b38441b16b1ebb16a27c107a4c3865776e20c53 "[ignore_throttled] parameter is deprecated because frozen indices have been deprecated. Consider cold or frozen tiers in place of frozen indices."]
2023-08-04 12:58:25,024 INFO  [com.dot.ContainerResource] (docker-java-stream-1865446083) STDOUT: 12:58:25.024  WARN  client.RestClient - request [POST http://elasticsearch:9200/cluster_c40f8aa8c9.live_20230804125756/_search?typed_keys=true&max_concurrent_shard_requests=5&ignore_unavailable=false&expand_wildcards=open&allow_no_indices=true&ignore_throttled=true&search_type=query_then_fetch&batched_reduce_size=512&ccs_minimize_roundtrips=true] returned 2 warnings: [299 Elasticsearch-7.16.1-5b38441b16b1ebb16a27c107a4c3865776e20c53 "Elasticsearch built-in security features are not enabled. Without authentication, your cluster could be accessible to anyone. See https://www.elastic.co/guide/en/elasticsearch/reference/7.16/security-minimal-setup.html to enable security."],[299 Elasticsearch-7.16.1-5b38441b16b1ebb16a27c107a4c3865776e20c53 "[ignore_throttled] parameter is deprecated because frozen indices have been deprecated. Consider cold or frozen tiers in place of frozen indices."]
2023-08-04 12:58:25,036 INFO  [com.dot.ContainerResource] (docker-java-stream-1865446083) STDOUT: 12:58:25.035  WARN  client.RestClient - request [POST http://elasticsearch:9200/cluster_c40f8aa8c9.live_20230804125756/_search?typed_keys=true&max_concurrent_shard_requests=5&ignore_unavailable=false&expand_wildcards=open&allow_no_indices=true&ignore_throttled=true&search_type=query_then_fetch&batched_reduce_size=512&ccs_minimize_roundtrips=true] returned 2 warnings: [299 Elasticsearch-7.16.1-5b38441b16b1ebb16a27c107a4c3865776e20c53 "Elasticsearch built-in security features are not enabled. Without authentication, your cluster could be accessible to anyone. See https://www.elastic.co/guide/en/elasticsearch/reference/7.16/security-minimal-setup.html to enable security."],[299 Elasticsearch-7.16.1-5b38441b16b1ebb16a27c107a4c3865776e20c53 "[ignore_throttled] parameter is deprecated because frozen indices have been deprecated. Consider cold or frozen tiers in place of frozen indices."]
2023-08-04 12:58:25,039 INFO  [com.dot.ContainerResource] (docker-java-stream-1865446083) STDOUT: 12:58:25.039  WARN  client.RestClient - request [POST http://elasticsearch:9200/cluster_c40f8aa8c9.live_20230804125756/_search?typed_keys=true&max_concurrent_shard_requests=5&ignore_unavailable=false&expand_wildcards=open&allow_no_indices=true&ignore_throttled=true&search_type=query_then_fetch&batched_reduce_size=512&ccs_minimize_roundtrips=true] returned 2 warnings: [299 Elasticsearch-7.16.1-5b38441b16b1ebb16a27c107a4c3865776e20c53 "Elasticsearch built-in security features are not enabled. Without authentication, your cluster could be accessible to anyone. See https://www.elastic.co/guide/en/elasticsearch/reference/7.16/security-minimal-setup.html to enable security."],[299 Elasticsearch-7.16.1-5b38441b16b1ebb16a27c107a4c3865776e20c53 "[ignore_throttled] parameter is deprecated because frozen indices have been deprecated. Consider cold or frozen tiers in place of frozen indices."]
2023-08-04 12:58:25,049 INFO  [com.dot.ContainerResource] (docker-java-stream-1865446083) STDOUT: 12:58:25.048  WARN  client.RestClient - request [POST http://elasticsearch:9200/cluster_c40f8aa8c9.live_20230804125756/_search?typed_keys=true&max_concurrent_shard_requests=5&ignore_unavailable=false&expand_wildcards=open&allow_no_indices=true&ignore_throttled=true&search_type=query_then_fetch&batched_reduce_size=512&ccs_minimize_roundtrips=true] returned 2 warnings: [299 Elasticsearch-7.16.1-5b38441b16b1ebb16a27c107a4c3865776e20c53 "Elasticsearch built-in security features are not enabled. Without authentication, your cluster could be accessible to anyone. See https://www.elastic.co/guide/en/elasticsearch/reference/7.16/security-minimal-setup.html to enable security."],[299 Elasticsearch-7.16.1-5b38441b16b1ebb16a27c107a4c3865776e20c53 "[ignore_throttled] parameter is deprecated because frozen indices have been deprecated. Consider cold or frozen tiers in place of frozen indices."]
2023-08-04 12:58:25,052 INFO  [com.dot.ContainerResource] (docker-java-stream-1865446083) STDOUT: 12:58:25.052  WARN  client.RestClient - request [POST http://elasticsearch:9200/cluster_c40f8aa8c9.live_20230804125756/_search?typed_keys=true&max_concurrent_shard_requests=5&ignore_unavailable=false&expand_wildcards=open&allow_no_indices=true&ignore_throttled=true&search_type=query_then_fetch&batched_reduce_size=512&ccs_minimize_roundtrips=true] returned 2 warnings: [299 Elasticsearch-7.16.1-5b38441b16b1ebb16a27c107a4c3865776e20c53 "Elasticsearch built-in security features are not enabled. Without authentication, your cluster could be accessible to anyone. See https://www.elastic.co/guide/en/elasticsearch/reference/7.16/security-minimal-setup.html to enable security."],[299 Elasticsearch-7.16.1-5b38441b16b1ebb16a27c107a4c3865776e20c53 "[ignore_throttled] parameter is deprecated because frozen indices have been deprecated. Consider cold or frozen tiers in place of frozen indices."]
2023-08-04 12:58:25,061 INFO  [com.dot.ContainerResource] (docker-java-stream-1865446083) STDOUT: 12:58:25.060  WARN  client.RestClient - request [POST http://elasticsearch:9200/cluster_c40f8aa8c9.live_20230804125756/_search?typed_keys=true&max_concurrent_shard_requests=5&ignore_unavailable=false&expand_wildcards=open&allow_no_indices=true&ignore_throttled=true&search_type=query_then_fetch&batched_reduce_size=512&ccs_minimize_roundtrips=true] returned 2 warnings: [299 Elasticsearch-7.16.1-5b38441b16b1ebb16a27c107a4c3865776e20c53 "Elasticsearch built-in security features are not enabled. Without authentication, your cluster could be accessible to anyone. See https://www.elastic.co/guide/en/elasticsearch/reference/7.16/security-minimal-setup.html to enable security."],[299 Elasticsearch-7.16.1-5b38441b16b1ebb16a27c107a4c3865776e20c53 "[ignore_throttled] parameter is deprecated because frozen indices have been deprecated. Consider cold or frozen tiers in place of frozen indices."]
2023-08-04 12:58:25,064 INFO  [com.dot.ContainerResource] (docker-java-stream-1865446083) STDOUT: 12:58:25.064  WARN  client.RestClient - request [POST http://elasticsearch:9200/cluster_c40f8aa8c9.live_20230804125756/_search?typed_keys=true&max_concurrent_shard_requests=5&ignore_unavailable=false&expand_wildcards=open&allow_no_indices=true&ignore_throttled=true&search_type=query_then_fetch&batched_reduce_size=512&ccs_minimize_roundtrips=true] returned 2 warnings: [299 Elasticsearch-7.16.1-5b38441b16b1ebb16a27c107a4c3865776e20c53 "Elasticsearch built-in security features are not enabled. Without authentication, your cluster could be accessible to anyone. See https://www.elastic.co/guide/en/elasticsearch/reference/7.16/security-minimal-setup.html to enable security."],[299 Elasticsearch-7.16.1-5b38441b16b1ebb16a27c107a4c3865776e20c53 "[ignore_throttled] parameter is deprecated because frozen indices have been deprecated. Consider cold or frozen tiers in place of frozen indices."]
2023-08-04 12:58:25,075 INFO  [com.dot.ContainerResource] (docker-java-stream-1865446083) STDOUT: 12:58:25.074  WARN  client.RestClient - request [POST http://elasticsearch:9200/cluster_c40f8aa8c9.live_20230804125756/_search?typed_keys=true&max_concurrent_shard_requests=5&ignore_unavailable=false&expand_wildcards=open&allow_no_indices=true&ignore_throttled=true&search_type=query_then_fetch&batched_reduce_size=512&ccs_minimize_roundtrips=true] returned 2 warnings: [299 Elasticsearch-7.16.1-5b38441b16b1ebb16a27c107a4c3865776e20c53 "Elasticsearch built-in security features are not enabled. Without authentication, your cluster could be accessible to anyone. See https://www.elastic.co/guide/en/elasticsearch/reference/7.16/security-minimal-setup.html to enable security."],[299 Elasticsearch-7.16.1-5b38441b16b1ebb16a27c107a4c3865776e20c53 "[ignore_throttled] parameter is deprecated because frozen indices have been deprecated. Consider cold or frozen tiers in place of frozen indices."]
2023-08-04 12:58:25,079 INFO  [com.dot.ContainerResource] (docker-java-stream-1865446083) STDOUT: 12:58:25.078  WARN  client.RestClient - request [POST http://elasticsearch:9200/cluster_c40f8aa8c9.live_20230804125756/_search?typed_keys=true&max_concurrent_shard_requests=5&ignore_unavailable=false&expand_wildcards=open&allow_no_indices=true&ignore_throttled=true&search_type=query_then_fetch&batched_reduce_size=512&ccs_minimize_roundtrips=true] returned 2 warnings: [299 Elasticsearch-7.16.1-5b38441b16b1ebb16a27c107a4c3865776e20c53 "Elasticsearch built-in security features are not enabled. Without authentication, your cluster could be accessible to anyone. See https://www.elastic.co/guide/en/elasticsearch/reference/7.16/security-minimal-setup.html to enable security."],[299 Elasticsearch-7.16.1-5b38441b16b1ebb16a27c107a4c3865776e20c53 "[ignore_throttled] parameter is deprecated because frozen indices have been deprecated. Consider cold or frozen tiers in place of frozen indices."]
2023-08-04 12:58:25,083 INFO  [com.dot.ContainerResource] (docker-java-stream-1865446083) STDOUT: 12:58:25.083  WARN  client.RestClient - request [POST http://elasticsearch:9200/cluster_c40f8aa8c9.live_20230804125756/_search?typed_keys=true&max_concurrent_shard_requests=5&ignore_unavailable=false&expand_wildcards=open&allow_no_indices=true&ignore_throttled=true&search_type=query_then_fetch&batched_reduce_size=512&ccs_minimize_roundtrips=true] returned 2 warnings: [299 Elasticsearch-7.16.1-5b38441b16b1ebb16a27c107a4c3865776e20c53 "Elasticsearch built-in security features are not enabled. Without authentication, your cluster could be accessible to anyone. See https://www.elastic.co/guide/en/elasticsearch/reference/7.16/security-minimal-setup.html to enable security."],[299 Elasticsearch-7.16.1-5b38441b16b1ebb16a27c107a4c3865776e20c53 "[ignore_throttled] parameter is deprecated because frozen indices have been deprecated. Consider cold or frozen tiers in place of frozen indices."]
2023-08-04 12:58:25,087 INFO  [com.dot.ContainerResource] (docker-java-stream-1865446083) STDOUT: 12:58:25.087  WARN  client.RestClient - request [POST http://elasticsearch:9200/cluster_c40f8aa8c9.live_20230804125756/_search?typed_keys=true&max_concurrent_shard_requests=5&ignore_unavailable=false&expand_wildcards=open&allow_no_indices=true&ignore_throttled=true&search_type=query_then_fetch&batched_reduce_size=512&ccs_minimize_roundtrips=true] returned 2 warnings: [299 Elasticsearch-7.16.1-5b38441b16b1ebb16a27c107a4c3865776e20c53 "Elasticsearch built-in security features are not enabled. Without authentication, your cluster could be accessible to anyone. See https://www.elastic.co/guide/en/elasticsearch/reference/7.16/security-minimal-setup.html to enable security."],[299 Elasticsearch-7.16.1-5b38441b16b1ebb16a27c107a4c3865776e20c53 "[ignore_throttled] parameter is deprecated because frozen indices have been deprecated. Consider cold or frozen tiers in place of frozen indices."]
2023-08-04 12:58:25,091 INFO  [com.dot.ContainerResource] (docker-java-stream-1865446083) STDOUT: 12:58:25.091  WARN  client.RestClient - request [POST http://elasticsearch:9200/cluster_c40f8aa8c9.live_20230804125756/_search?typed_keys=true&max_concurrent_shard_requests=5&ignore_unavailable=false&expand_wildcards=open&allow_no_indices=true&ignore_throttled=true&search_type=query_then_fetch&batched_reduce_size=512&ccs_minimize_roundtrips=true] returned 2 warnings: [299 Elasticsearch-7.16.1-5b38441b16b1ebb16a27c107a4c3865776e20c53 "Elasticsearch built-in security features are not enabled. Without authentication, your cluster could be accessible to anyone. See https://www.elastic.co/guide/en/elasticsearch/reference/7.16/security-minimal-setup.html to enable security."],[299 Elasticsearch-7.16.1-5b38441b16b1ebb16a27c107a4c3865776e20c53 "[ignore_throttled] parameter is deprecated because frozen indices have been deprecated. Consider cold or frozen tiers in place of frozen indices."]
2023-08-04 12:58:25,095 INFO  [com.dot.ContainerResource] (docker-java-stream-1865446083) STDOUT: 12:58:25.094  WARN  client.RestClient - request [POST http://elasticsearch:9200/cluster_c40f8aa8c9.live_20230804125756/_search?typed_keys=true&max_concurrent_shard_requests=5&ignore_unavailable=false&expand_wildcards=open&allow_no_indices=true&ignore_throttled=true&search_type=query_then_fetch&batched_reduce_size=512&ccs_minimize_roundtrips=true] returned 2 warnings: [299 Elasticsearch-7.16.1-5b38441b16b1ebb16a27c107a4c3865776e20c53 "Elasticsearch built-in security features are not enabled. Without authentication, your cluster could be accessible to anyone. See https://www.elastic.co/guide/en/elasticsearch/reference/7.16/security-minimal-setup.html to enable security."],[299 Elasticsearch-7.16.1-5b38441b16b1ebb16a27c107a4c3865776e20c53 "[ignore_throttled] parameter is deprecated because frozen indices have been deprecated. Consider cold or frozen tiers in place of frozen indices."]
2023-08-04 12:58:25,100 INFO  [com.dot.ContainerResource] (docker-java-stream-1865446083) STDOUT: 12:58:25.099  WARN  client.RestClient - request [POST http://elasticsearch:9200/cluster_c40f8aa8c9.live_20230804125756/_search?typed_keys=true&max_concurrent_shard_requests=5&ignore_unavailable=false&expand_wildcards=open&allow_no_indices=true&ignore_throttled=true&search_type=query_then_fetch&batched_reduce_size=512&ccs_minimize_roundtrips=true] returned 2 warnings: [299 Elasticsearch-7.16.1-5b38441b16b1ebb16a27c107a4c3865776e20c53 "Elasticsearch built-in security features are not enabled. Without authentication, your cluster could be accessible to anyone. See https://www.elastic.co/guide/en/elasticsearch/reference/7.16/security-minimal-setup.html to enable security."],[299 Elasticsearch-7.16.1-5b38441b16b1ebb16a27c107a4c3865776e20c53 "[ignore_throttled] parameter is deprecated because frozen indices have been deprecated. Consider cold or frozen tiers in place of frozen indices."]
2023-08-04 12:58:25,103 INFO  [com.dot.ContainerResource] (docker-java-stream-1865446083) STDOUT: 12:58:25.103  WARN  client.RestClient - request [POST http://elasticsearch:9200/cluster_c40f8aa8c9.live_20230804125756/_search?typed_keys=true&max_concurrent_shard_requests=5&ignore_unavailable=false&expand_wildcards=open&allow_no_indices=true&ignore_throttled=true&search_type=query_then_fetch&batched_reduce_size=512&ccs_minimize_roundtrips=true] returned 2 warnings: [299 Elasticsearch-7.16.1-5b38441b16b1ebb16a27c107a4c3865776e20c53 "Elasticsearch built-in security features are not enabled. Without authentication, your cluster could be accessible to anyone. See https://www.elastic.co/guide/en/elasticsearch/reference/7.16/security-minimal-setup.html to enable security."],[299 Elasticsearch-7.16.1-5b38441b16b1ebb16a27c107a4c3865776e20c53 "[ignore_throttled] parameter is deprecated because frozen indices have been deprecated. Consider cold or frozen tiers in place of frozen indices."]
2023-08-04 12:58:25,107 INFO  [com.dot.ContainerResource] (docker-java-stream-1865446083) STDOUT: 12:58:25.107  WARN  client.RestClient - request [POST http://elasticsearch:9200/cluster_c40f8aa8c9.live_20230804125756/_search?typed_keys=true&max_concurrent_shard_requests=5&ignore_unavailable=false&expand_wildcards=open&allow_no_indices=true&ignore_throttled=true&search_type=query_then_fetch&batched_reduce_size=512&ccs_minimize_roundtrips=true] returned 2 warnings: [299 Elasticsearch-7.16.1-5b38441b16b1ebb16a27c107a4c3865776e20c53 "Elasticsearch built-in security features are not enabled. Without authentication, your cluster could be accessible to anyone. See https://www.elastic.co/guide/en/elasticsearch/reference/7.16/security-minimal-setup.html to enable security."],[299 Elasticsearch-7.16.1-5b38441b16b1ebb16a27c107a4c3865776e20c53 "[ignore_throttled] parameter is deprecated because frozen indices have been deprecated. Consider cold or frozen tiers in place of frozen indices."]
2023-08-04 12:58:25,111 INFO  [com.dot.ContainerResource] (docker-java-stream-1865446083) STDOUT: 12:58:25.110  WARN  client.RestClient - request [POST http://elasticsearch:9200/cluster_c40f8aa8c9.live_20230804125756/_search?typed_keys=true&max_concurrent_shard_requests=5&ignore_unavailable=false&expand_wildcards=open&allow_no_indices=true&ignore_throttled=true&search_type=query_then_fetch&batched_reduce_size=512&ccs_minimize_roundtrips=true] returned 2 warnings: [299 Elasticsearch-7.16.1-5b38441b16b1ebb16a27c107a4c3865776e20c53 "Elasticsearch built-in security features are not enabled. Without authentication, your cluster could be accessible to anyone. See https://www.elastic.co/guide/en/elasticsearch/reference/7.16/security-minimal-setup.html to enable security."],[299 Elasticsearch-7.16.1-5b38441b16b1ebb16a27c107a4c3865776e20c53 "[ignore_throttled] parameter is deprecated because frozen indices have been deprecated. Consider cold or frozen tiers in place of frozen indices."]
2023-08-04 12:58:25,114 INFO  [com.dot.ContainerResource] (docker-java-stream-1865446083) STDOUT: 12:58:25.114  WARN  client.RestClient - request [POST http://elasticsearch:9200/cluster_c40f8aa8c9.live_20230804125756/_search?typed_keys=true&max_concurrent_shard_requests=5&ignore_unavailable=false&expand_wildcards=open&allow_no_indices=true&ignore_throttled=true&search_type=query_then_fetch&batched_reduce_size=512&ccs_minimize_roundtrips=true] returned 2 warnings: [299 Elasticsearch-7.16.1-5b38441b16b1ebb16a27c107a4c3865776e20c53 "Elasticsearch built-in security features are not enabled. Without authentication, your cluster could be accessible to anyone. See https://www.elastic.co/guide/en/elasticsearch/reference/7.16/security-minimal-setup.html to enable security."],[299 Elasticsearch-7.16.1-5b38441b16b1ebb16a27c107a4c3865776e20c53 "[ignore_throttled] parameter is deprecated because frozen indices have been deprecated. Consider cold or frozen tiers in place of frozen indices."]
2023-08-04 12:58:25,117 INFO  [com.dot.ContainerResource] (docker-java-stream-1865446083) STDOUT: 12:58:25.117  WARN  client.RestClient - request [POST http://elasticsearch:9200/cluster_c40f8aa8c9.live_20230804125756/_search?typed_keys=true&max_concurrent_shard_requests=5&ignore_unavailable=false&expand_wildcards=open&allow_no_indices=true&ignore_throttled=true&search_type=query_then_fetch&batched_reduce_size=512&ccs_minimize_roundtrips=true] returned 2 warnings: [299 Elasticsearch-7.16.1-5b38441b16b1ebb16a27c107a4c3865776e20c53 "Elasticsearch built-in security features are not enabled. Without authentication, your cluster could be accessible to anyone. See https://www.elastic.co/guide/en/elasticsearch/reference/7.16/security-minimal-setup.html to enable security."],[299 Elasticsearch-7.16.1-5b38441b16b1ebb16a27c107a4c3865776e20c53 "[ignore_throttled] parameter is deprecated because frozen indices have been deprecated. Consider cold or frozen tiers in place of frozen indices."]
2023-08-04 12:58:25,276 INFO  [com.dot.ContainerResource] (docker-java-stream-1865446083) STDOUT: 12:58:25.274  WARN  client.RestClient - request [POST http://elasticsearch:9200/cluster_c40f8aa8c9.live_20230804125756/_search?typed_keys=true&max_concurrent_shard_requests=5&ignore_unavailable=false&expand_wildcards=open&allow_no_indices=true&ignore_throttled=true&search_type=query_then_fetch&batched_reduce_size=512&ccs_minimize_roundtrips=true] returned 2 warnings: [299 Elasticsearch-7.16.1-5b38441b16b1ebb16a27c107a4c3865776e20c53 "Elasticsearch built-in security features are not enabled. Without authentication, your cluster could be accessible to anyone. See https://www.elastic.co/guide/en/elasticsearch/reference/7.16/security-minimal-setup.html to enable security."],[299 Elasticsearch-7.16.1-5b38441b16b1ebb16a27c107a4c3865776e20c53 "[ignore_throttled] parameter is deprecated because frozen indices have been deprecated. Consider cold or frozen tiers in place of frozen indices."]
2023-08-04 12:58:25,283 INFO  [com.dot.ContainerResource] (docker-java-stream-1865446083) STDOUT: 12:58:25.278  WARN  client.RestClient - request [POST http://elasticsearch:9200/cluster_c40f8aa8c9.live_20230804125756/_search?typed_keys=true&max_concurrent_shard_requests=5&ignore_unavailable=false&expand_wildcards=open&allow_no_indices=true&ignore_throttled=true&search_type=query_then_fetch&batched_reduce_size=512&ccs_minimize_roundtrips=true] returned 2 warnings: [299 Elasticsearch-7.16.1-5b38441b16b1ebb16a27c107a4c3865776e20c53 "Elasticsearch built-in security features are not enabled. Without authentication, your cluster could be accessible to anyone. See https://www.elastic.co/guide/en/elasticsearch/reference/7.16/security-minimal-setup.html to enable security."],[299 Elasticsearch-7.16.1-5b38441b16b1ebb16a27c107a4c3865776e20c53 "[ignore_throttled] parameter is deprecated because frozen indices have been deprecated. Consider cold or frozen tiers in place of frozen indices."]
2023-08-04 12:58:25,292 INFO  [com.dot.ContainerResource] (docker-java-stream-1865446083) STDOUT: 12:58:25.285  WARN  client.RestClient - request [POST http://elasticsearch:9200/cluster_c40f8aa8c9.live_20230804125756/_search?typed_keys=true&max_concurrent_shard_requests=5&ignore_unavailable=false&expand_wildcards=open&allow_no_indices=true&ignore_throttled=true&search_type=query_then_fetch&batched_reduce_size=512&ccs_minimize_roundtrips=true] returned 2 warnings: [299 Elasticsearch-7.16.1-5b38441b16b1ebb16a27c107a4c3865776e20c53 "Elasticsearch built-in security features are not enabled. Without authentication, your cluster could be accessible to anyone. See https://www.elastic.co/guide/en/elasticsearch/reference/7.16/security-minimal-setup.html to enable security."],[299 Elasticsearch-7.16.1-5b38441b16b1ebb16a27c107a4c3865776e20c53 "[ignore_throttled] parameter is deprecated because frozen indices have been deprecated. Consider cold or frozen tiers in place of frozen indices."]
2023-08-04 12:58:25,293 INFO  [com.dot.ContainerResource] (docker-java-stream-1865446083) STDOUT: 12:58:25.289  WARN  client.RestClient - request [POST http://elasticsearch:9200/cluster_c40f8aa8c9.live_20230804125756/_search?typed_keys=true&max_concurrent_shard_requests=5&ignore_unavailable=false&expand_wildcards=open&allow_no_indices=true&ignore_throttled=true&search_type=query_then_fetch&batched_reduce_size=512&ccs_minimize_roundtrips=true] returned 2 warnings: [299 Elasticsearch-7.16.1-5b38441b16b1ebb16a27c107a4c3865776e20c53 "Elasticsearch built-in security features are not enabled. Without authentication, your cluster could be accessible to anyone. See https://www.elastic.co/guide/en/elasticsearch/reference/7.16/security-minimal-setup.html to enable security."],[299 Elasticsearch-7.16.1-5b38441b16b1ebb16a27c107a4c3865776e20c53 "[ignore_throttled] parameter is deprecated because frozen indices have been deprecated. Consider cold or frozen tiers in place of frozen indices."]
2023-08-04 12:58:25,304 INFO  [com.dot.ContainerResource] (docker-java-stream-1865446083) STDOUT: 12:58:25.294  WARN  client.RestClient - request [POST http://elasticsearch:9200/cluster_c40f8aa8c9.live_20230804125756/_search?typed_keys=true&max_concurrent_shard_requests=5&ignore_unavailable=false&expand_wildcards=open&allow_no_indices=true&ignore_throttled=true&search_type=query_then_fetch&batched_reduce_size=512&ccs_minimize_roundtrips=true] returned 2 warnings: [299 Elasticsearch-7.16.1-5b38441b16b1ebb16a27c107a4c3865776e20c53 "Elasticsearch built-in security features are not enabled. Without authentication, your cluster could be accessible to anyone. See https://www.elastic.co/guide/en/elasticsearch/reference/7.16/security-minimal-setup.html to enable security."],[299 Elasticsearch-7.16.1-5b38441b16b1ebb16a27c107a4c3865776e20c53 "[ignore_throttled] parameter is deprecated because frozen indices have been deprecated. Consider cold or frozen tiers in place of frozen indices."]
2023-08-04 12:58:25,304 INFO  [com.dot.ContainerResource] (docker-java-stream-1865446083) STDOUT: 12:58:25.298  WARN  client.RestClient - request [POST http://elasticsearch:9200/cluster_c40f8aa8c9.live_20230804125756/_search?typed_keys=true&max_concurrent_shard_requests=5&ignore_unavailable=false&expand_wildcards=open&allow_no_indices=true&ignore_throttled=true&search_type=query_then_fetch&batched_reduce_size=512&ccs_minimize_roundtrips=true] returned 2 warnings: [299 Elasticsearch-7.16.1-5b38441b16b1ebb16a27c107a4c3865776e20c53 "Elasticsearch built-in security features are not enabled. Without authentication, your cluster could be accessible to anyone. See https://www.elastic.co/guide/en/elasticsearch/reference/7.16/security-minimal-setup.html to enable security."],[299 Elasticsearch-7.16.1-5b38441b16b1ebb16a27c107a4c3865776e20c53 "[ignore_throttled] parameter is deprecated because frozen indices have been deprecated. Consider cold or frozen tiers in place of frozen indices."]
2023-08-04 12:58:25,304 INFO  [com.dot.ContainerResource] (docker-java-stream-1865446083) STDOUT: 12:58:25.303  WARN  client.RestClient - request [POST http://elasticsearch:9200/cluster_c40f8aa8c9.live_20230804125756/_search?typed_keys=true&max_concurrent_shard_requests=5&ignore_unavailable=false&expand_wildcards=open&allow_no_indices=true&ignore_throttled=true&search_type=query_then_fetch&batched_reduce_size=512&ccs_minimize_roundtrips=true] returned 2 warnings: [299 Elasticsearch-7.16.1-5b38441b16b1ebb16a27c107a4c3865776e20c53 "Elasticsearch built-in security features are not enabled. Without authentication, your cluster could be accessible to anyone. See https://www.elastic.co/guide/en/elasticsearch/reference/7.16/security-minimal-setup.html to enable security."],[299 Elasticsearch-7.16.1-5b38441b16b1ebb16a27c107a4c3865776e20c53 "[ignore_throttled] parameter is deprecated because frozen indices have been deprecated. Consider cold or frozen tiers in place of frozen indices."]
2023-08-04 12:58:25,312 INFO  [com.dot.ContainerResource] (docker-java-stream-1865446083) STDOUT: 12:58:25.308  WARN  client.RestClient - request [POST http://elasticsearch:9200/cluster_c40f8aa8c9.live_20230804125756/_search?typed_keys=true&max_concurrent_shard_requests=5&ignore_unavailable=false&expand_wildcards=open&allow_no_indices=true&ignore_throttled=true&search_type=query_then_fetch&batched_reduce_size=512&ccs_minimize_roundtrips=true] returned 2 warnings: [299 Elasticsearch-7.16.1-5b38441b16b1ebb16a27c107a4c3865776e20c53 "Elasticsearch built-in security features are not enabled. Without authentication, your cluster could be accessible to anyone. See https://www.elastic.co/guide/en/elasticsearch/reference/7.16/security-minimal-setup.html to enable security."],[299 Elasticsearch-7.16.1-5b38441b16b1ebb16a27c107a4c3865776e20c53 "[ignore_throttled] parameter is deprecated because frozen indices have been deprecated. Consider cold or frozen tiers in place of frozen indices."]
2023-08-04 12:58:25,313 INFO  [com.dot.ContainerResource] (docker-java-stream-1865446083) STDOUT: 12:58:25.311  WARN  client.RestClient - request [POST http://elasticsearch:9200/cluster_c40f8aa8c9.live_20230804125756/_search?typed_keys=true&max_concurrent_shard_requests=5&ignore_unavailable=false&expand_wildcards=open&allow_no_indices=true&ignore_throttled=true&search_type=query_then_fetch&batched_reduce_size=512&ccs_minimize_roundtrips=true] returned 2 warnings: [299 Elasticsearch-7.16.1-5b38441b16b1ebb16a27c107a4c3865776e20c53 "Elasticsearch built-in security features are not enabled. Without authentication, your cluster could be accessible to anyone. See https://www.elastic.co/guide/en/elasticsearch/reference/7.16/security-minimal-setup.html to enable security."],[299 Elasticsearch-7.16.1-5b38441b16b1ebb16a27c107a4c3865776e20c53 "[ignore_throttled] parameter is deprecated because frozen indices have been deprecated. Consider cold or frozen tiers in place of frozen indices."]
2023-08-04 12:58:25,320 INFO  [com.dot.ContainerResource] (docker-java-stream-1865446083) STDOUT: 12:58:25.316  WARN  client.RestClient - request [POST http://elasticsearch:9200/cluster_c40f8aa8c9.live_20230804125756/_search?typed_keys=true&max_concurrent_shard_requests=5&ignore_unavailable=false&expand_wildcards=open&allow_no_indices=true&ignore_throttled=true&search_type=query_then_fetch&batched_reduce_size=512&ccs_minimize_roundtrips=true] returned 2 warnings: [299 Elasticsearch-7.16.1-5b38441b16b1ebb16a27c107a4c3865776e20c53 "Elasticsearch built-in security features are not enabled. Without authentication, your cluster could be accessible to anyone. See https://www.elastic.co/guide/en/elasticsearch/reference/7.16/security-minimal-setup.html to enable security."],[299 Elasticsearch-7.16.1-5b38441b16b1ebb16a27c107a4c3865776e20c53 "[ignore_throttled] parameter is deprecated because frozen indices have been deprecated. Consider cold or frozen tiers in place of frozen indices."]
2023-08-04 12:58:25,328 INFO  [com.dot.ContainerResource] (docker-java-stream-1865446083) STDOUT: 12:58:25.321  WARN  client.RestClient - request [POST http://elasticsearch:9200/cluster_c40f8aa8c9.live_20230804125756/_search?typed_keys=true&max_concurrent_shard_requests=5&ignore_unavailable=false&expand_wildcards=open&allow_no_indices=true&ignore_throttled=true&search_type=query_then_fetch&batched_reduce_size=512&ccs_minimize_roundtrips=true] returned 2 warnings: [299 Elasticsearch-7.16.1-5b38441b16b1ebb16a27c107a4c3865776e20c53 "Elasticsearch built-in security features are not enabled. Without authentication, your cluster could be accessible to anyone. See https://www.elastic.co/guide/en/elasticsearch/reference/7.16/security-minimal-setup.html to enable security."],[299 Elasticsearch-7.16.1-5b38441b16b1ebb16a27c107a4c3865776e20c53 "[ignore_throttled] parameter is deprecated because frozen indices have been deprecated. Consider cold or frozen tiers in place of frozen indices."]
2023-08-04 12:58:25,329 INFO  [com.dot.ContainerResource] (docker-java-stream-1865446083) STDOUT: 12:58:25.325  WARN  client.RestClient - request [POST http://elasticsearch:9200/cluster_c40f8aa8c9.live_20230804125756/_search?typed_keys=true&max_concurrent_shard_requests=5&ignore_unavailable=false&expand_wildcards=open&allow_no_indices=true&ignore_throttled=true&search_type=query_then_fetch&batched_reduce_size=512&ccs_minimize_roundtrips=true] returned 2 warnings: [299 Elasticsearch-7.16.1-5b38441b16b1ebb16a27c107a4c3865776e20c53 "Elasticsearch built-in security features are not enabled. Without authentication, your cluster could be accessible to anyone. See https://www.elastic.co/guide/en/elasticsearch/reference/7.16/security-minimal-setup.html to enable security."],[299 Elasticsearch-7.16.1-5b38441b16b1ebb16a27c107a4c3865776e20c53 "[ignore_throttled] parameter is deprecated because frozen indices have been deprecated. Consider cold or frozen tiers in place of frozen indices."]
2023-08-04 12:58:25,340 INFO  [com.dot.ContainerResource] (docker-java-stream-1865446083) STDOUT: 12:58:25.329  WARN  client.RestClient - request [POST http://elasticsearch:9200/cluster_c40f8aa8c9.live_20230804125756/_search?typed_keys=true&max_concurrent_shard_requests=5&ignore_unavailable=false&expand_wildcards=open&allow_no_indices=true&ignore_throttled=true&search_type=query_then_fetch&batched_reduce_size=512&ccs_minimize_roundtrips=true] returned 2 warnings: [299 Elasticsearch-7.16.1-5b38441b16b1ebb16a27c107a4c3865776e20c53 "Elasticsearch built-in security features are not enabled. Without authentication, your cluster could be accessible to anyone. See https://www.elastic.co/guide/en/elasticsearch/reference/7.16/security-minimal-setup.html to enable security."],[299 Elasticsearch-7.16.1-5b38441b16b1ebb16a27c107a4c3865776e20c53 "[ignore_throttled] parameter is deprecated because frozen indices have been deprecated. Consider cold or frozen tiers in place of frozen indices."]
2023-08-04 12:58:25,341 INFO  [com.dot.ContainerResource] (docker-java-stream-1865446083) STDOUT: 12:58:25.334  WARN  client.RestClient - request [POST http://elasticsearch:9200/cluster_c40f8aa8c9.live_20230804125756/_search?typed_keys=true&max_concurrent_shard_requests=5&ignore_unavailable=false&expand_wildcards=open&allow_no_indices=true&ignore_throttled=true&search_type=query_then_fetch&batched_reduce_size=512&ccs_minimize_roundtrips=true] returned 2 warnings: [299 Elasticsearch-7.16.1-5b38441b16b1ebb16a27c107a4c3865776e20c53 "Elasticsearch built-in security features are not enabled. Without authentication, your cluster could be accessible to anyone. See https://www.elastic.co/guide/en/elasticsearch/reference/7.16/security-minimal-setup.html to enable security."],[299 Elasticsearch-7.16.1-5b38441b16b1ebb16a27c107a4c3865776e20c53 "[ignore_throttled] parameter is deprecated because frozen indices have been deprecated. Consider cold or frozen tiers in place of frozen indices."]
2023-08-04 12:58:25,344 INFO  [com.dot.ContainerResource] (docker-java-stream-1865446083) STDOUT: 12:58:25.341  WARN  client.RestClient - request [POST http://elasticsearch:9200/cluster_c40f8aa8c9.live_20230804125756/_search?typed_keys=true&max_concurrent_shard_requests=5&ignore_unavailable=false&expand_wildcards=open&allow_no_indices=true&ignore_throttled=true&search_type=query_then_fetch&batched_reduce_size=512&ccs_minimize_roundtrips=true] returned 2 warnings: [299 Elasticsearch-7.16.1-5b38441b16b1ebb16a27c107a4c3865776e20c53 "Elasticsearch built-in security features are not enabled. Without authentication, your cluster could be accessible to anyone. See https://www.elastic.co/guide/en/elasticsearch/reference/7.16/security-minimal-setup.html to enable security."],[299 Elasticsearch-7.16.1-5b38441b16b1ebb16a27c107a4c3865776e20c53 "[ignore_throttled] parameter is deprecated because frozen indices have been deprecated. Consider cold or frozen tiers in place of frozen indices."]
2023-08-04 12:58:25,352 INFO  [com.dot.ContainerResource] (docker-java-stream-1865446083) STDOUT: 12:58:25.351  WARN  client.RestClient - request [POST http://elasticsearch:9200/cluster_c40f8aa8c9.live_20230804125756/_search?typed_keys=true&max_concurrent_shard_requests=5&ignore_unavailable=false&expand_wildcards=open&allow_no_indices=true&ignore_throttled=true&search_type=query_then_fetch&batched_reduce_size=512&ccs_minimize_roundtrips=true] returned 2 warnings: [299 Elasticsearch-7.16.1-5b38441b16b1ebb16a27c107a4c3865776e20c53 "Elasticsearch built-in security features are not enabled. Without authentication, your cluster could be accessible to anyone. See https://www.elastic.co/guide/en/elasticsearch/reference/7.16/security-minimal-setup.html to enable security."],[299 Elasticsearch-7.16.1-5b38441b16b1ebb16a27c107a4c3865776e20c53 "[ignore_throttled] parameter is deprecated because frozen indices have been deprecated. Consider cold or frozen tiers in place of frozen indices."]
2023-08-04 12:58:25,359 INFO  [com.dot.ContainerResource] (docker-java-stream-1865446083) STDOUT: 12:58:25.356  WARN  client.RestClient - request [POST http://elasticsearch:9200/cluster_c40f8aa8c9.live_20230804125756/_search?typed_keys=true&max_concurrent_shard_requests=5&ignore_unavailable=false&expand_wildcards=open&allow_no_indices=true&ignore_throttled=true&search_type=query_then_fetch&batched_reduce_size=512&ccs_minimize_roundtrips=true] returned 2 warnings: [299 Elasticsearch-7.16.1-5b38441b16b1ebb16a27c107a4c3865776e20c53 "Elasticsearch built-in security features are not enabled. Without authentication, your cluster could be accessible to anyone. See https://www.elastic.co/guide/en/elasticsearch/reference/7.16/security-minimal-setup.html to enable security."],[299 Elasticsearch-7.16.1-5b38441b16b1ebb16a27c107a4c3865776e20c53 "[ignore_throttled] parameter is deprecated because frozen indices have been deprecated. Consider cold or frozen tiers in place of frozen indices."]
2023-08-04 12:58:25,371 INFO  [com.dot.ContainerResource] (docker-java-stream-1865446083) STDOUT: 12:58:25.362  WARN  client.RestClient - request [POST http://elasticsearch:9200/cluster_c40f8aa8c9.live_20230804125756/_search?typed_keys=true&max_concurrent_shard_requests=5&ignore_unavailable=false&expand_wildcards=open&allow_no_indices=true&ignore_throttled=true&search_type=query_then_fetch&batched_reduce_size=512&ccs_minimize_roundtrips=true] returned 2 warnings: [299 Elasticsearch-7.16.1-5b38441b16b1ebb16a27c107a4c3865776e20c53 "Elasticsearch built-in security features are not enabled. Without authentication, your cluster could be accessible to anyone. See https://www.elastic.co/guide/en/elasticsearch/reference/7.16/security-minimal-setup.html to enable security."],[299 Elasticsearch-7.16.1-5b38441b16b1ebb16a27c107a4c3865776e20c53 "[ignore_throttled] parameter is deprecated because frozen indices have been deprecated. Consider cold or frozen tiers in place of frozen indices."]
2023-08-04 12:58:25,371 INFO  [com.dot.ContainerResource] (docker-java-stream-1865446083) STDOUT: 12:58:25.367  WARN  client.RestClient - request [POST http://elasticsearch:9200/cluster_c40f8aa8c9.live_20230804125756/_search?typed_keys=true&max_concurrent_shard_requests=5&ignore_unavailable=false&expand_wildcards=open&allow_no_indices=true&ignore_throttled=true&search_type=query_then_fetch&batched_reduce_size=512&ccs_minimize_roundtrips=true] returned 2 warnings: [299 Elasticsearch-7.16.1-5b38441b16b1ebb16a27c107a4c3865776e20c53 "Elasticsearch built-in security features are not enabled. Without authentication, your cluster could be accessible to anyone. See https://www.elastic.co/guide/en/elasticsearch/reference/7.16/security-minimal-setup.html to enable security."],[299 Elasticsearch-7.16.1-5b38441b16b1ebb16a27c107a4c3865776e20c53 "[ignore_throttled] parameter is deprecated because frozen indices have been deprecated. Consider cold or frozen tiers in place of frozen indices."]
2023-08-04 12:58:25,383 INFO  [com.dot.ContainerResource] (docker-java-stream-1865446083) STDOUT: 12:58:25.379  WARN  client.RestClient - request [POST http://elasticsearch:9200/cluster_c40f8aa8c9.live_20230804125756/_search?typed_keys=true&max_concurrent_shard_requests=5&ignore_unavailable=false&expand_wildcards=open&allow_no_indices=true&ignore_throttled=true&search_type=query_then_fetch&batched_reduce_size=512&ccs_minimize_roundtrips=true] returned 2 warnings: [299 Elasticsearch-7.16.1-5b38441b16b1ebb16a27c107a4c3865776e20c53 "Elasticsearch built-in security features are not enabled. Without authentication, your cluster could be accessible to anyone. See https://www.elastic.co/guide/en/elasticsearch/reference/7.16/security-minimal-setup.html to enable security."],[299 Elasticsearch-7.16.1-5b38441b16b1ebb16a27c107a4c3865776e20c53 "[ignore_throttled] parameter is deprecated because frozen indices have been deprecated. Consider cold or frozen tiers in place of frozen indices."]
2023-08-04 12:58:25,396 INFO  [com.dot.ContainerResource] (docker-java-stream-1865446083) STDOUT: 12:58:25.386  WARN  client.RestClient - request [POST http://elasticsearch:9200/cluster_c40f8aa8c9.live_20230804125756/_search?typed_keys=true&max_concurrent_shard_requests=5&ignore_unavailable=false&expand_wildcards=open&allow_no_indices=true&ignore_throttled=true&search_type=query_then_fetch&batched_reduce_size=512&ccs_minimize_roundtrips=true] returned 2 warnings: [299 Elasticsearch-7.16.1-5b38441b16b1ebb16a27c107a4c3865776e20c53 "Elasticsearch built-in security features are not enabled. Without authentication, your cluster could be accessible to anyone. See https://www.elastic.co/guide/en/elasticsearch/reference/7.16/security-minimal-setup.html to enable security."],[299 Elasticsearch-7.16.1-5b38441b16b1ebb16a27c107a4c3865776e20c53 "[ignore_throttled] parameter is deprecated because frozen indices have been deprecated. Consider cold or frozen tiers in place of frozen indices."]
2023-08-04 12:58:25,397 INFO  [com.dot.ContainerResource] (docker-java-stream-1865446083) STDOUT: 12:58:25.390  WARN  client.RestClient - request [POST http://elasticsearch:9200/cluster_c40f8aa8c9.live_20230804125756/_search?typed_keys=true&max_concurrent_shard_requests=5&ignore_unavailable=false&expand_wildcards=open&allow_no_indices=true&ignore_throttled=true&search_type=query_then_fetch&batched_reduce_size=512&ccs_minimize_roundtrips=true] returned 2 warnings: [299 Elasticsearch-7.16.1-5b38441b16b1ebb16a27c107a4c3865776e20c53 "Elasticsearch built-in security features are not enabled. Without authentication, your cluster could be accessible to anyone. See https://www.elastic.co/guide/en/elasticsearch/reference/7.16/security-minimal-setup.html to enable security."],[299 Elasticsearch-7.16.1-5b38441b16b1ebb16a27c107a4c3865776e20c53 "[ignore_throttled] parameter is deprecated because frozen indices have been deprecated. Consider cold or frozen tiers in place of frozen indices."]
2023-08-04 12:58:25,406 INFO  [com.dot.ContainerResource] (docker-java-stream-1865446083) STDOUT: 12:58:25.396  WARN  client.RestClient - request [POST http://elasticsearch:9200/cluster_c40f8aa8c9.live_20230804125756/_search?typed_keys=true&max_concurrent_shard_requests=5&ignore_unavailable=false&expand_wildcards=open&allow_no_indices=true&ignore_throttled=true&search_type=query_then_fetch&batched_reduce_size=512&ccs_minimize_roundtrips=true] returned 2 warnings: [299 Elasticsearch-7.16.1-5b38441b16b1ebb16a27c107a4c3865776e20c53 "Elasticsearch built-in security features are not enabled. Without authentication, your cluster could be accessible to anyone. See https://www.elastic.co/guide/en/elasticsearch/reference/7.16/security-minimal-setup.html to enable security."],[299 Elasticsearch-7.16.1-5b38441b16b1ebb16a27c107a4c3865776e20c53 "[ignore_throttled] parameter is deprecated because frozen indices have been deprecated. Consider cold or frozen tiers in place of frozen indices."]
2023-08-04 12:58:25,412 INFO  [com.dot.ContainerResource] (docker-java-stream-1865446083) STDOUT: 12:58:25.406  WARN  client.RestClient - request [POST http://elasticsearch:9200/cluster_c40f8aa8c9.live_20230804125756/_search?typed_keys=true&max_concurrent_shard_requests=5&ignore_unavailable=false&expand_wildcards=open&allow_no_indices=true&ignore_throttled=true&search_type=query_then_fetch&batched_reduce_size=512&ccs_minimize_roundtrips=true] returned 2 warnings: [299 Elasticsearch-7.16.1-5b38441b16b1ebb16a27c107a4c3865776e20c53 "Elasticsearch built-in security features are not enabled. Without authentication, your cluster could be accessible to anyone. See https://www.elastic.co/guide/en/elasticsearch/reference/7.16/security-minimal-setup.html to enable security."],[299 Elasticsearch-7.16.1-5b38441b16b1ebb16a27c107a4c3865776e20c53 "[ignore_throttled] parameter is deprecated because frozen indices have been deprecated. Consider cold or frozen tiers in place of frozen indices."]
2023-08-04 12:58:25,424 INFO  [com.dot.ContainerResource] (docker-java-stream-1865446083) STDOUT: 12:58:25.417  WARN  client.RestClient - request [POST http://elasticsearch:9200/cluster_c40f8aa8c9.live_20230804125756/_search?typed_keys=true&max_concurrent_shard_requests=5&ignore_unavailable=false&expand_wildcards=open&allow_no_indices=true&ignore_throttled=true&search_type=query_then_fetch&batched_reduce_size=512&ccs_minimize_roundtrips=true] returned 2 warnings: [299 Elasticsearch-7.16.1-5b38441b16b1ebb16a27c107a4c3865776e20c53 "Elasticsearch built-in security features are not enabled. Without authentication, your cluster could be accessible to anyone. See https://www.elastic.co/guide/en/elasticsearch/reference/7.16/security-minimal-setup.html to enable security."],[299 Elasticsearch-7.16.1-5b38441b16b1ebb16a27c107a4c3865776e20c53 "[ignore_throttled] parameter is deprecated because frozen indices have been deprecated. Consider cold or frozen tiers in place of frozen indices."]
2023-08-04 12:58:25,428 INFO  [com.dot.ContainerResource] (docker-java-stream-1865446083) STDOUT: 12:58:25.427  WARN  client.RestClient - request [POST http://elasticsearch:9200/cluster_c40f8aa8c9.live_20230804125756/_search?typed_keys=true&max_concurrent_shard_requests=5&ignore_unavailable=false&expand_wildcards=open&allow_no_indices=true&ignore_throttled=true&search_type=query_then_fetch&batched_reduce_size=512&ccs_minimize_roundtrips=true] returned 2 warnings: [299 Elasticsearch-7.16.1-5b38441b16b1ebb16a27c107a4c3865776e20c53 "Elasticsearch built-in security features are not enabled. Without authentication, your cluster could be accessible to anyone. See https://www.elastic.co/guide/en/elasticsearch/reference/7.16/security-minimal-setup.html to enable security."],[299 Elasticsearch-7.16.1-5b38441b16b1ebb16a27c107a4c3865776e20c53 "[ignore_throttled] parameter is deprecated because frozen indices have been deprecated. Consider cold or frozen tiers in place of frozen indices."]
2023-08-04 12:58:25,440 INFO  [com.dot.ContainerResource] (docker-java-stream-1865446083) STDOUT: 12:58:25.432  WARN  client.RestClient - request [POST http://elasticsearch:9200/cluster_c40f8aa8c9.live_20230804125756/_search?typed_keys=true&max_concurrent_shard_requests=5&ignore_unavailable=false&expand_wildcards=open&allow_no_indices=true&ignore_throttled=true&search_type=query_then_fetch&batched_reduce_size=512&ccs_minimize_roundtrips=true] returned 2 warnings: [299 Elasticsearch-7.16.1-5b38441b16b1ebb16a27c107a4c3865776e20c53 "Elasticsearch built-in security features are not enabled. Without authentication, your cluster could be accessible to anyone. See https://www.elastic.co/guide/en/elasticsearch/reference/7.16/security-minimal-setup.html to enable security."],[299 Elasticsearch-7.16.1-5b38441b16b1ebb16a27c107a4c3865776e20c53 "[ignore_throttled] parameter is deprecated because frozen indices have been deprecated. Consider cold or frozen tiers in place of frozen indices."]
2023-08-04 12:58:25,441 INFO  [com.dot.ContainerResource] (docker-java-stream-1865446083) STDOUT: 12:58:25.437  WARN  client.RestClient - request [POST http://elasticsearch:9200/cluster_c40f8aa8c9.live_20230804125756/_search?typed_keys=true&max_concurrent_shard_requests=5&ignore_unavailable=false&expand_wildcards=open&allow_no_indices=true&ignore_throttled=true&search_type=query_then_fetch&batched_reduce_size=512&ccs_minimize_roundtrips=true] returned 2 warnings: [299 Elasticsearch-7.16.1-5b38441b16b1ebb16a27c107a4c3865776e20c53 "Elasticsearch built-in security features are not enabled. Without authentication, your cluster could be accessible to anyone. See https://www.elastic.co/guide/en/elasticsearch/reference/7.16/security-minimal-setup.html to enable security."],[299 Elasticsearch-7.16.1-5b38441b16b1ebb16a27c107a4c3865776e20c53 "[ignore_throttled] parameter is deprecated because frozen indices have been deprecated. Consider cold or frozen tiers in place of frozen indices."]
2023-08-04 12:58:25,444 INFO  [com.dot.ContainerResource] (docker-java-stream-1865446083) STDOUT: 12:58:25.441  WARN  client.RestClient - request [POST http://elasticsearch:9200/cluster_c40f8aa8c9.live_20230804125756/_search?typed_keys=true&max_concurrent_shard_requests=5&ignore_unavailable=false&expand_wildcards=open&allow_no_indices=true&ignore_throttled=true&search_type=query_then_fetch&batched_reduce_size=512&ccs_minimize_roundtrips=true] returned 2 warnings: [299 Elasticsearch-7.16.1-5b38441b16b1ebb16a27c107a4c3865776e20c53 "Elasticsearch built-in security features are not enabled. Without authentication, your cluster could be accessible to anyone. See https://www.elastic.co/guide/en/elasticsearch/reference/7.16/security-minimal-setup.html to enable security."],[299 Elasticsearch-7.16.1-5b38441b16b1ebb16a27c107a4c3865776e20c53 "[ignore_throttled] parameter is deprecated because frozen indices have been deprecated. Consider cold or frozen tiers in place of frozen indices."]
2023-08-04 12:58:25,445 INFO  [com.dot.ContainerResource] (docker-java-stream-1865446083) STDOUT: 12:58:25.444  WARN  client.RestClient - request [POST http://elasticsearch:9200/cluster_c40f8aa8c9.live_20230804125756/_search?typed_keys=true&max_concurrent_shard_requests=5&ignore_unavailable=false&expand_wildcards=open&allow_no_indices=true&ignore_throttled=true&search_type=query_then_fetch&batched_reduce_size=512&ccs_minimize_roundtrips=true] returned 2 warnings: [299 Elasticsearch-7.16.1-5b38441b16b1ebb16a27c107a4c3865776e20c53 "Elasticsearch built-in security features are not enabled. Without authentication, your cluster could be accessible to anyone. See https://www.elastic.co/guide/en/elasticsearch/reference/7.16/security-minimal-setup.html to enable security."],[299 Elasticsearch-7.16.1-5b38441b16b1ebb16a27c107a4c3865776e20c53 "[ignore_throttled] parameter is deprecated because frozen indices have been deprecated. Consider cold or frozen tiers in place of frozen indices."]
2023-08-04 12:58:25,452 INFO  [com.dot.ContainerResource] (docker-java-stream-1865446083) STDOUT: 12:58:25.448  WARN  client.RestClient - request [POST http://elasticsearch:9200/cluster_c40f8aa8c9.live_20230804125756/_search?typed_keys=true&max_concurrent_shard_requests=5&ignore_unavailable=false&expand_wildcards=open&allow_no_indices=true&ignore_throttled=true&search_type=query_then_fetch&batched_reduce_size=512&ccs_minimize_roundtrips=true] returned 2 warnings: [299 Elasticsearch-7.16.1-5b38441b16b1ebb16a27c107a4c3865776e20c53 "Elasticsearch built-in security features are not enabled. Without authentication, your cluster could be accessible to anyone. See https://www.elastic.co/guide/en/elasticsearch/reference/7.16/security-minimal-setup.html to enable security."],[299 Elasticsearch-7.16.1-5b38441b16b1ebb16a27c107a4c3865776e20c53 "[ignore_throttled] parameter is deprecated because frozen indices have been deprecated. Consider cold or frozen tiers in place of frozen indices."]
2023-08-04 12:58:25,453 INFO  [com.dot.ContainerResource] (docker-java-stream-1865446083) STDOUT: 12:58:25.450  WARN  client.RestClient - request [POST http://elasticsearch:9200/cluster_c40f8aa8c9.live_20230804125756/_search?typed_keys=true&max_concurrent_shard_requests=5&ignore_unavailable=false&expand_wildcards=open&allow_no_indices=true&ignore_throttled=true&search_type=query_then_fetch&batched_reduce_size=512&ccs_minimize_roundtrips=true] returned 2 warnings: [299 Elasticsearch-7.16.1-5b38441b16b1ebb16a27c107a4c3865776e20c53 "Elasticsearch built-in security features are not enabled. Without authentication, your cluster could be accessible to anyone. See https://www.elastic.co/guide/en/elasticsearch/reference/7.16/security-minimal-setup.html to enable security."],[299 Elasticsearch-7.16.1-5b38441b16b1ebb16a27c107a4c3865776e20c53 "[ignore_throttled] parameter is deprecated because frozen indices have been deprecated. Consider cold or frozen tiers in place of frozen indices."]
2023-08-04 12:58:25,455 INFO  [com.dot.ContainerResource] (docker-java-stream-1865446083) STDOUT: 12:58:25.453  WARN  client.RestClient - request [POST http://elasticsearch:9200/cluster_c40f8aa8c9.live_20230804125756/_search?typed_keys=true&max_concurrent_shard_requests=5&ignore_unavailable=false&expand_wildcards=open&allow_no_indices=true&ignore_throttled=true&search_type=query_then_fetch&batched_reduce_size=512&ccs_minimize_roundtrips=true] returned 2 warnings: [299 Elasticsearch-7.16.1-5b38441b16b1ebb16a27c107a4c3865776e20c53 "Elasticsearch built-in security features are not enabled. Without authentication, your cluster could be accessible to anyone. See https://www.elastic.co/guide/en/elasticsearch/reference/7.16/security-minimal-setup.html to enable security."],[299 Elasticsearch-7.16.1-5b38441b16b1ebb16a27c107a4c3865776e20c53 "[ignore_throttled] parameter is deprecated because frozen indices have been deprecated. Consider cold or frozen tiers in place of frozen indices."]
2023-08-04 12:58:25,456 INFO  [com.dot.ContainerResource] (docker-java-stream-1865446083) STDOUT: 12:58:25.455  WARN  client.RestClient - request [POST http://elasticsearch:9200/cluster_c40f8aa8c9.live_20230804125756/_search?typed_keys=true&max_concurrent_shard_requests=5&ignore_unavailable=false&expand_wildcards=open&allow_no_indices=true&ignore_throttled=true&search_type=query_then_fetch&batched_reduce_size=512&ccs_minimize_roundtrips=true] returned 2 warnings: [299 Elasticsearch-7.16.1-5b38441b16b1ebb16a27c107a4c3865776e20c53 "Elasticsearch built-in security features are not enabled. Without authentication, your cluster could be accessible to anyone. See https://www.elastic.co/guide/en/elasticsearch/reference/7.16/security-minimal-setup.html to enable security."],[299 Elasticsearch-7.16.1-5b38441b16b1ebb16a27c107a4c3865776e20c53 "[ignore_throttled] parameter is deprecated because frozen indices have been deprecated. Consider cold or frozen tiers in place of frozen indices."]
2023-08-04 12:58:25,458 INFO  [com.dot.ContainerResource] (docker-java-stream-1865446083) STDOUT: 12:58:25.458  WARN  client.RestClient - request [POST http://elasticsearch:9200/cluster_c40f8aa8c9.live_20230804125756/_search?typed_keys=true&max_concurrent_shard_requests=5&ignore_unavailable=false&expand_wildcards=open&allow_no_indices=true&ignore_throttled=true&search_type=query_then_fetch&batched_reduce_size=512&ccs_minimize_roundtrips=true] returned 2 warnings: [299 Elasticsearch-7.16.1-5b38441b16b1ebb16a27c107a4c3865776e20c53 "Elasticsearch built-in security features are not enabled. Without authentication, your cluster could be accessible to anyone. See https://www.elastic.co/guide/en/elasticsearch/reference/7.16/security-minimal-setup.html to enable security."],[299 Elasticsearch-7.16.1-5b38441b16b1ebb16a27c107a4c3865776e20c53 "[ignore_throttled] parameter is deprecated because frozen indices have been deprecated. Consider cold or frozen tiers in place of frozen indices."]
2023-08-04 12:58:25,464 INFO  [com.dot.ContainerResource] (docker-java-stream-1865446083) STDOUT: 12:58:25.461  WARN  client.RestClient - request [POST http://elasticsearch:9200/cluster_c40f8aa8c9.live_20230804125756/_search?typed_keys=true&max_concurrent_shard_requests=5&ignore_unavailable=false&expand_wildcards=open&allow_no_indices=true&ignore_throttled=true&search_type=query_then_fetch&batched_reduce_size=512&ccs_minimize_roundtrips=true] returned 2 warnings: [299 Elasticsearch-7.16.1-5b38441b16b1ebb16a27c107a4c3865776e20c53 "Elasticsearch built-in security features are not enabled. Without authentication, your cluster could be accessible to anyone. See https://www.elastic.co/guide/en/elasticsearch/reference/7.16/security-minimal-setup.html to enable security."],[299 Elasticsearch-7.16.1-5b38441b16b1ebb16a27c107a4c3865776e20c53 "[ignore_throttled] parameter is deprecated because frozen indices have been deprecated. Consider cold or frozen tiers in place of frozen indices."]
2023-08-04 12:58:25,468 INFO  [com.dot.ContainerResource] (docker-java-stream-1865446083) STDOUT: 12:58:25.465  WARN  client.RestClient - request [POST http://elasticsearch:9200/cluster_c40f8aa8c9.live_20230804125756/_search?typed_keys=true&max_concurrent_shard_requests=5&ignore_unavailable=false&expand_wildcards=open&allow_no_indices=true&ignore_throttled=true&search_type=query_then_fetch&batched_reduce_size=512&ccs_minimize_roundtrips=true] returned 2 warnings: [299 Elasticsearch-7.16.1-5b38441b16b1ebb16a27c107a4c3865776e20c53 "Elasticsearch built-in security features are not enabled. Without authentication, your cluster could be accessible to anyone. See https://www.elastic.co/guide/en/elasticsearch/reference/7.16/security-minimal-setup.html to enable security."],[299 Elasticsearch-7.16.1-5b38441b16b1ebb16a27c107a4c3865776e20c53 "[ignore_throttled] parameter is deprecated because frozen indices have been deprecated. Consider cold or frozen tiers in place of frozen indices."]
2023-08-04 12:58:25,472 INFO  [com.dot.ContainerResource] (docker-java-stream-1865446083) STDOUT: 12:58:25.469  WARN  client.RestClient - request [POST http://elasticsearch:9200/cluster_c40f8aa8c9.live_20230804125756/_search?typed_keys=true&max_concurrent_shard_requests=5&ignore_unavailable=false&expand_wildcards=open&allow_no_indices=true&ignore_throttled=true&search_type=query_then_fetch&batched_reduce_size=512&ccs_minimize_roundtrips=true] returned 2 warnings: [299 Elasticsearch-7.16.1-5b38441b16b1ebb16a27c107a4c3865776e20c53 "Elasticsearch built-in security features are not enabled. Without authentication, your cluster could be accessible to anyone. See https://www.elastic.co/guide/en/elasticsearch/reference/7.16/security-minimal-setup.html to enable security."],[299 Elasticsearch-7.16.1-5b38441b16b1ebb16a27c107a4c3865776e20c53 "[ignore_throttled] parameter is deprecated because frozen indices have been deprecated. Consider cold or frozen tiers in place of frozen indices."]
2023-08-04 12:58:25,473 INFO  [com.dot.ContainerResource] (docker-java-stream-1865446083) STDOUT: 12:58:25.471  WARN  client.RestClient - request [POST http://elasticsearch:9200/cluster_c40f8aa8c9.live_20230804125756/_search?typed_keys=true&max_concurrent_shard_requests=5&ignore_unavailable=false&expand_wildcards=open&allow_no_indices=true&ignore_throttled=true&search_type=query_then_fetch&batched_reduce_size=512&ccs_minimize_roundtrips=true] returned 2 warnings: [299 Elasticsearch-7.16.1-5b38441b16b1ebb16a27c107a4c3865776e20c53 "Elasticsearch built-in security features are not enabled. Without authentication, your cluster could be accessible to anyone. See https://www.elastic.co/guide/en/elasticsearch/reference/7.16/security-minimal-setup.html to enable security."],[299 Elasticsearch-7.16.1-5b38441b16b1ebb16a27c107a4c3865776e20c53 "[ignore_throttled] parameter is deprecated because frozen indices have been deprecated. Consider cold or frozen tiers in place of frozen indices."]
2023-08-04 12:58:25,476 INFO  [com.dot.ContainerResource] (docker-java-stream-1865446083) STDOUT: 12:58:25.474  WARN  client.RestClient - request [POST http://elasticsearch:9200/cluster_c40f8aa8c9.live_20230804125756/_search?typed_keys=true&max_concurrent_shard_requests=5&ignore_unavailable=false&expand_wildcards=open&allow_no_indices=true&ignore_throttled=true&search_type=query_then_fetch&batched_reduce_size=512&ccs_minimize_roundtrips=true] returned 2 warnings: [299 Elasticsearch-7.16.1-5b38441b16b1ebb16a27c107a4c3865776e20c53 "Elasticsearch built-in security features are not enabled. Without authentication, your cluster could be accessible to anyone. See https://www.elastic.co/guide/en/elasticsearch/reference/7.16/security-minimal-setup.html to enable security."],[299 Elasticsearch-7.16.1-5b38441b16b1ebb16a27c107a4c3865776e20c53 "[ignore_throttled] parameter is deprecated because frozen indices have been deprecated. Consider cold or frozen tiers in place of frozen indices."]
2023-08-04 12:58:25,593 INFO  [com.dot.ContainerResource] (docker-java-stream-1865446083) STDOUT: 12:58:25.592  WARN  client.RestClient - request [POST http://elasticsearch:9200/cluster_c40f8aa8c9.live_20230804125756/_search?typed_keys=true&max_concurrent_shard_requests=5&ignore_unavailable=false&expand_wildcards=open&allow_no_indices=true&ignore_throttled=true&search_type=query_then_fetch&batched_reduce_size=512&ccs_minimize_roundtrips=true] returned 2 warnings: [299 Elasticsearch-7.16.1-5b38441b16b1ebb16a27c107a4c3865776e20c53 "Elasticsearch built-in security features are not enabled. Without authentication, your cluster could be accessible to anyone. See https://www.elastic.co/guide/en/elasticsearch/reference/7.16/security-minimal-setup.html to enable security."],[299 Elasticsearch-7.16.1-5b38441b16b1ebb16a27c107a4c3865776e20c53 "[ignore_throttled] parameter is deprecated because frozen indices have been deprecated. Consider cold or frozen tiers in place of frozen indices."]
2023-08-04 12:58:25,597 INFO  [com.dot.ContainerResource] (docker-java-stream-1865446083) STDOUT: 12:58:25.596  WARN  client.RestClient - request [POST http://elasticsearch:9200/cluster_c40f8aa8c9.live_20230804125756/_search?typed_keys=true&max_concurrent_shard_requests=5&ignore_unavailable=false&expand_wildcards=open&allow_no_indices=true&ignore_throttled=true&search_type=query_then_fetch&batched_reduce_size=512&ccs_minimize_roundtrips=true] returned 2 warnings: [299 Elasticsearch-7.16.1-5b38441b16b1ebb16a27c107a4c3865776e20c53 "Elasticsearch built-in security features are not enabled. Without authentication, your cluster could be accessible to anyone. See https://www.elastic.co/guide/en/elasticsearch/reference/7.16/security-minimal-setup.html to enable security."],[299 Elasticsearch-7.16.1-5b38441b16b1ebb16a27c107a4c3865776e20c53 "[ignore_throttled] parameter is deprecated because frozen indices have been deprecated. Consider cold or frozen tiers in place of frozen indices."]
2023-08-04 12:58:25,600 INFO  [com.dot.ContainerResource] (docker-java-stream-1865446083) STDOUT: 12:58:25.599  WARN  client.RestClient - request [POST http://elasticsearch:9200/cluster_c40f8aa8c9.live_20230804125756/_search?typed_keys=true&max_concurrent_shard_requests=5&ignore_unavailable=false&expand_wildcards=open&allow_no_indices=true&ignore_throttled=true&search_type=query_then_fetch&batched_reduce_size=512&ccs_minimize_roundtrips=true] returned 2 warnings: [299 Elasticsearch-7.16.1-5b38441b16b1ebb16a27c107a4c3865776e20c53 "Elasticsearch built-in security features are not enabled. Without authentication, your cluster could be accessible to anyone. See https://www.elastic.co/guide/en/elasticsearch/reference/7.16/security-minimal-setup.html to enable security."],[299 Elasticsearch-7.16.1-5b38441b16b1ebb16a27c107a4c3865776e20c53 "[ignore_throttled] parameter is deprecated because frozen indices have been deprecated. Consider cold or frozen tiers in place of frozen indices."]
2023-08-04 12:58:25,602 INFO  [com.dot.ContainerResource] (docker-java-stream-1865446083) STDOUT: 12:58:25.602  WARN  client.RestClient - request [POST http://elasticsearch:9200/cluster_c40f8aa8c9.live_20230804125756/_search?typed_keys=true&max_concurrent_shard_requests=5&ignore_unavailable=false&expand_wildcards=open&allow_no_indices=true&ignore_throttled=true&search_type=query_then_fetch&batched_reduce_size=512&ccs_minimize_roundtrips=true] returned 2 warnings: [299 Elasticsearch-7.16.1-5b38441b16b1ebb16a27c107a4c3865776e20c53 "Elasticsearch built-in security features are not enabled. Without authentication, your cluster could be accessible to anyone. See https://www.elastic.co/guide/en/elasticsearch/reference/7.16/security-minimal-setup.html to enable security."],[299 Elasticsearch-7.16.1-5b38441b16b1ebb16a27c107a4c3865776e20c53 "[ignore_throttled] parameter is deprecated because frozen indices have been deprecated. Consider cold or frozen tiers in place of frozen indices."]
2023-08-04 12:58:25,605 INFO  [com.dot.ContainerResource] (docker-java-stream-1865446083) STDOUT: 12:58:25.605  WARN  client.RestClient - request [POST http://elasticsearch:9200/cluster_c40f8aa8c9.live_20230804125756/_search?typed_keys=true&max_concurrent_shard_requests=5&ignore_unavailable=false&expand_wildcards=open&allow_no_indices=true&ignore_throttled=true&search_type=query_then_fetch&batched_reduce_size=512&ccs_minimize_roundtrips=true] returned 2 warnings: [299 Elasticsearch-7.16.1-5b38441b16b1ebb16a27c107a4c3865776e20c53 "Elasticsearch built-in security features are not enabled. Without authentication, your cluster could be accessible to anyone. See https://www.elastic.co/guide/en/elasticsearch/reference/7.16/security-minimal-setup.html to enable security."],[299 Elasticsearch-7.16.1-5b38441b16b1ebb16a27c107a4c3865776e20c53 "[ignore_throttled] parameter is deprecated because frozen indices have been deprecated. Consider cold or frozen tiers in place of frozen indices."]
2023-08-04 12:58:25,609 INFO  [com.dot.ContainerResource] (docker-java-stream-1865446083) STDOUT: 12:58:25.608  WARN  client.RestClient - request [POST http://elasticsearch:9200/cluster_c40f8aa8c9.live_20230804125756/_search?typed_keys=true&max_concurrent_shard_requests=5&ignore_unavailable=false&expand_wildcards=open&allow_no_indices=true&ignore_throttled=true&search_type=query_then_fetch&batched_reduce_size=512&ccs_minimize_roundtrips=true] returned 2 warnings: [299 Elasticsearch-7.16.1-5b38441b16b1ebb16a27c107a4c3865776e20c53 "Elasticsearch built-in security features are not enabled. Without authentication, your cluster could be accessible to anyone. See https://www.elastic.co/guide/en/elasticsearch/reference/7.16/security-minimal-setup.html to enable security."],[299 Elasticsearch-7.16.1-5b38441b16b1ebb16a27c107a4c3865776e20c53 "[ignore_throttled] parameter is deprecated because frozen indices have been deprecated. Consider cold or frozen tiers in place of frozen indices."]
2023-08-04 12:58:25,612 INFO  [com.dot.ContainerResource] (docker-java-stream-1865446083) STDOUT: 12:58:25.611  WARN  client.RestClient - request [POST http://elasticsearch:9200/cluster_c40f8aa8c9.live_20230804125756/_search?typed_keys=true&max_concurrent_shard_requests=5&ignore_unavailable=false&expand_wildcards=open&allow_no_indices=true&ignore_throttled=true&search_type=query_then_fetch&batched_reduce_size=512&ccs_minimize_roundtrips=true] returned 2 warnings: [299 Elasticsearch-7.16.1-5b38441b16b1ebb16a27c107a4c3865776e20c53 "Elasticsearch built-in security features are not enabled. Without authentication, your cluster could be accessible to anyone. See https://www.elastic.co/guide/en/elasticsearch/reference/7.16/security-minimal-setup.html to enable security."],[299 Elasticsearch-7.16.1-5b38441b16b1ebb16a27c107a4c3865776e20c53 "[ignore_throttled] parameter is deprecated because frozen indices have been deprecated. Consider cold or frozen tiers in place of frozen indices."]
2023-08-04 12:58:25,615 INFO  [com.dot.ContainerResource] (docker-java-stream-1865446083) STDOUT: 12:58:25.615  WARN  client.RestClient - request [POST http://elasticsearch:9200/cluster_c40f8aa8c9.live_20230804125756/_search?typed_keys=true&max_concurrent_shard_requests=5&ignore_unavailable=false&expand_wildcards=open&allow_no_indices=true&ignore_throttled=true&search_type=query_then_fetch&batched_reduce_size=512&ccs_minimize_roundtrips=true] returned 2 warnings: [299 Elasticsearch-7.16.1-5b38441b16b1ebb16a27c107a4c3865776e20c53 "Elasticsearch built-in security features are not enabled. Without authentication, your cluster could be accessible to anyone. See https://www.elastic.co/guide/en/elasticsearch/reference/7.16/security-minimal-setup.html to enable security."],[299 Elasticsearch-7.16.1-5b38441b16b1ebb16a27c107a4c3865776e20c53 "[ignore_throttled] parameter is deprecated because frozen indices have been deprecated. Consider cold or frozen tiers in place of frozen indices."]
2023-08-04 12:58:25,619 INFO  [com.dot.ContainerResource] (docker-java-stream-1865446083) STDOUT: 12:58:25.618  WARN  client.RestClient - request [POST http://elasticsearch:9200/cluster_c40f8aa8c9.live_20230804125756/_search?typed_keys=true&max_concurrent_shard_requests=5&ignore_unavailable=false&expand_wildcards=open&allow_no_indices=true&ignore_throttled=true&search_type=query_then_fetch&batched_reduce_size=512&ccs_minimize_roundtrips=true] returned 2 warnings: [299 Elasticsearch-7.16.1-5b38441b16b1ebb16a27c107a4c3865776e20c53 "Elasticsearch built-in security features are not enabled. Without authentication, your cluster could be accessible to anyone. See https://www.elastic.co/guide/en/elasticsearch/reference/7.16/security-minimal-setup.html to enable security."],[299 Elasticsearch-7.16.1-5b38441b16b1ebb16a27c107a4c3865776e20c53 "[ignore_throttled] parameter is deprecated because frozen indices have been deprecated. Consider cold or frozen tiers in place of frozen indices."]
2023-08-04 12:58:25,622 INFO  [com.dot.ContainerResource] (docker-java-stream-1865446083) STDOUT: 12:58:25.622  WARN  client.RestClient - request [POST http://elasticsearch:9200/cluster_c40f8aa8c9.live_20230804125756/_search?typed_keys=true&max_concurrent_shard_requests=5&ignore_unavailable=false&expand_wildcards=open&allow_no_indices=true&ignore_throttled=true&search_type=query_then_fetch&batched_reduce_size=512&ccs_minimize_roundtrips=true] returned 2 warnings: [299 Elasticsearch-7.16.1-5b38441b16b1ebb16a27c107a4c3865776e20c53 "Elasticsearch built-in security features are not enabled. Without authentication, your cluster could be accessible to anyone. See https://www.elastic.co/guide/en/elasticsearch/reference/7.16/security-minimal-setup.html to enable security."],[299 Elasticsearch-7.16.1-5b38441b16b1ebb16a27c107a4c3865776e20c53 "[ignore_throttled] parameter is deprecated because frozen indices have been deprecated. Consider cold or frozen tiers in place of frozen indices."]
2023-08-04 12:58:25,626 INFO  [com.dot.ContainerResource] (docker-java-stream-1865446083) STDOUT: 12:58:25.625  WARN  client.RestClient - request [POST http://elasticsearch:9200/cluster_c40f8aa8c9.live_20230804125756/_search?typed_keys=true&max_concurrent_shard_requests=5&ignore_unavailable=false&expand_wildcards=open&allow_no_indices=true&ignore_throttled=true&search_type=query_then_fetch&batched_reduce_size=512&ccs_minimize_roundtrips=true] returned 2 warnings: [299 Elasticsearch-7.16.1-5b38441b16b1ebb16a27c107a4c3865776e20c53 "Elasticsearch built-in security features are not enabled. Without authentication, your cluster could be accessible to anyone. See https://www.elastic.co/guide/en/elasticsearch/reference/7.16/security-minimal-setup.html to enable security."],[299 Elasticsearch-7.16.1-5b38441b16b1ebb16a27c107a4c3865776e20c53 "[ignore_throttled] parameter is deprecated because frozen indices have been deprecated. Consider cold or frozen tiers in place of frozen indices."]
2023-08-04 12:58:25,630 INFO  [com.dot.ContainerResource] (docker-java-stream-1865446083) STDOUT: 12:58:25.629  WARN  client.RestClient - request [POST http://elasticsearch:9200/cluster_c40f8aa8c9.live_20230804125756/_search?typed_keys=true&max_concurrent_shard_requests=5&ignore_unavailable=false&expand_wildcards=open&allow_no_indices=true&ignore_throttled=true&search_type=query_then_fetch&batched_reduce_size=512&ccs_minimize_roundtrips=true] returned 2 warnings: [299 Elasticsearch-7.16.1-5b38441b16b1ebb16a27c107a4c3865776e20c53 "Elasticsearch built-in security features are not enabled. Without authentication, your cluster could be accessible to anyone. See https://www.elastic.co/guide/en/elasticsearch/reference/7.16/security-minimal-setup.html to enable security."],[299 Elasticsearch-7.16.1-5b38441b16b1ebb16a27c107a4c3865776e20c53 "[ignore_throttled] parameter is deprecated because frozen indices have been deprecated. Consider cold or frozen tiers in place of frozen indices."]
2023-08-04 12:58:25,633 INFO  [com.dot.ContainerResource] (docker-java-stream-1865446083) STDOUT: 12:58:25.633  WARN  client.RestClient - request [POST http://elasticsearch:9200/cluster_c40f8aa8c9.live_20230804125756/_search?typed_keys=true&max_concurrent_shard_requests=5&ignore_unavailable=false&expand_wildcards=open&allow_no_indices=true&ignore_throttled=true&search_type=query_then_fetch&batched_reduce_size=512&ccs_minimize_roundtrips=true] returned 2 warnings: [299 Elasticsearch-7.16.1-5b38441b16b1ebb16a27c107a4c3865776e20c53 "Elasticsearch built-in security features are not enabled. Without authentication, your cluster could be accessible to anyone. See https://www.elastic.co/guide/en/elasticsearch/reference/7.16/security-minimal-setup.html to enable security."],[299 Elasticsearch-7.16.1-5b38441b16b1ebb16a27c107a4c3865776e20c53 "[ignore_throttled] parameter is deprecated because frozen indices have been deprecated. Consider cold or frozen tiers in place of frozen indices."]
2023-08-04 12:58:25,637 INFO  [com.dot.ContainerResource] (docker-java-stream-1865446083) STDOUT: 12:58:25.636  WARN  client.RestClient - request [POST http://elasticsearch:9200/cluster_c40f8aa8c9.live_20230804125756/_search?typed_keys=true&max_concurrent_shard_requests=5&ignore_unavailable=false&expand_wildcards=open&allow_no_indices=true&ignore_throttled=true&search_type=query_then_fetch&batched_reduce_size=512&ccs_minimize_roundtrips=true] returned 2 warnings: [299 Elasticsearch-7.16.1-5b38441b16b1ebb16a27c107a4c3865776e20c53 "Elasticsearch built-in security features are not enabled. Without authentication, your cluster could be accessible to anyone. See https://www.elastic.co/guide/en/elasticsearch/reference/7.16/security-minimal-setup.html to enable security."],[299 Elasticsearch-7.16.1-5b38441b16b1ebb16a27c107a4c3865776e20c53 "[ignore_throttled] parameter is deprecated because frozen indices have been deprecated. Consider cold or frozen tiers in place of frozen indices."]
2023-08-04 12:58:25,640 INFO  [com.dot.ContainerResource] (docker-java-stream-1865446083) STDOUT: 12:58:25.640  WARN  client.RestClient - request [POST http://elasticsearch:9200/cluster_c40f8aa8c9.live_20230804125756/_search?typed_keys=true&max_concurrent_shard_requests=5&ignore_unavailable=false&expand_wildcards=open&allow_no_indices=true&ignore_throttled=true&search_type=query_then_fetch&batched_reduce_size=512&ccs_minimize_roundtrips=true] returned 2 warnings: [299 Elasticsearch-7.16.1-5b38441b16b1ebb16a27c107a4c3865776e20c53 "Elasticsearch built-in security features are not enabled. Without authentication, your cluster could be accessible to anyone. See https://www.elastic.co/guide/en/elasticsearch/reference/7.16/security-minimal-setup.html to enable security."],[299 Elasticsearch-7.16.1-5b38441b16b1ebb16a27c107a4c3865776e20c53 "[ignore_throttled] parameter is deprecated because frozen indices have been deprecated. Consider cold or frozen tiers in place of frozen indices."]
2023-08-04 12:58:25,644 INFO  [com.dot.ContainerResource] (docker-java-stream-1865446083) STDOUT: 12:58:25.643  WARN  client.RestClient - request [POST http://elasticsearch:9200/cluster_c40f8aa8c9.live_20230804125756/_search?typed_keys=true&max_concurrent_shard_requests=5&ignore_unavailable=false&expand_wildcards=open&allow_no_indices=true&ignore_throttled=true&search_type=query_then_fetch&batched_reduce_size=512&ccs_minimize_roundtrips=true] returned 2 warnings: [299 Elasticsearch-7.16.1-5b38441b16b1ebb16a27c107a4c3865776e20c53 "Elasticsearch built-in security features are not enabled. Without authentication, your cluster could be accessible to anyone. See https://www.elastic.co/guide/en/elasticsearch/reference/7.16/security-minimal-setup.html to enable security."],[299 Elasticsearch-7.16.1-5b38441b16b1ebb16a27c107a4c3865776e20c53 "[ignore_throttled] parameter is deprecated because frozen indices have been deprecated. Consider cold or frozen tiers in place of frozen indices."]
2023-08-04 12:58:25,647 INFO  [com.dot.ContainerResource] (docker-java-stream-1865446083) STDOUT: 12:58:25.647  WARN  client.RestClient - request [POST http://elasticsearch:9200/cluster_c40f8aa8c9.live_20230804125756/_search?typed_keys=true&max_concurrent_shard_requests=5&ignore_unavailable=false&expand_wildcards=open&allow_no_indices=true&ignore_throttled=true&search_type=query_then_fetch&batched_reduce_size=512&ccs_minimize_roundtrips=true] returned 2 warnings: [299 Elasticsearch-7.16.1-5b38441b16b1ebb16a27c107a4c3865776e20c53 "Elasticsearch built-in security features are not enabled. Without authentication, your cluster could be accessible to anyone. See https://www.elastic.co/guide/en/elasticsearch/reference/7.16/security-minimal-setup.html to enable security."],[299 Elasticsearch-7.16.1-5b38441b16b1ebb16a27c107a4c3865776e20c53 "[ignore_throttled] parameter is deprecated because frozen indices have been deprecated. Consider cold or frozen tiers in place of frozen indices."]
2023-08-04 12:58:25,659 INFO  [com.dot.ContainerResource] (docker-java-stream-1865446083) STDOUT: 12:58:25.659  WARN  client.RestClient - request [POST http://elasticsearch:9200/cluster_c40f8aa8c9.live_20230804125756/_search?typed_keys=true&max_concurrent_shard_requests=5&ignore_unavailable=false&expand_wildcards=open&allow_no_indices=true&ignore_throttled=true&search_type=query_then_fetch&batched_reduce_size=512&ccs_minimize_roundtrips=true] returned 2 warnings: [299 Elasticsearch-7.16.1-5b38441b16b1ebb16a27c107a4c3865776e20c53 "Elasticsearch built-in security features are not enabled. Without authentication, your cluster could be accessible to anyone. See https://www.elastic.co/guide/en/elasticsearch/reference/7.16/security-minimal-setup.html to enable security."],[299 Elasticsearch-7.16.1-5b38441b16b1ebb16a27c107a4c3865776e20c53 "[ignore_throttled] parameter is deprecated because frozen indices have been deprecated. Consider cold or frozen tiers in place of frozen indices."]
2023-08-04 12:58:25,664 INFO  [com.dot.ContainerResource] (docker-java-stream-1865446083) STDOUT: 12:58:25.663  WARN  client.RestClient - request [POST http://elasticsearch:9200/cluster_c40f8aa8c9.live_20230804125756/_search?typed_keys=true&max_concurrent_shard_requests=5&ignore_unavailable=false&expand_wildcards=open&allow_no_indices=true&ignore_throttled=true&search_type=query_then_fetch&batched_reduce_size=512&ccs_minimize_roundtrips=true] returned 2 warnings: [299 Elasticsearch-7.16.1-5b38441b16b1ebb16a27c107a4c3865776e20c53 "Elasticsearch built-in security features are not enabled. Without authentication, your cluster could be accessible to anyone. See https://www.elastic.co/guide/en/elasticsearch/reference/7.16/security-minimal-setup.html to enable security."],[299 Elasticsearch-7.16.1-5b38441b16b1ebb16a27c107a4c3865776e20c53 "[ignore_throttled] parameter is deprecated because frozen indices have been deprecated. Consider cold or frozen tiers in place of frozen indices."]
2023-08-04 12:58:25,670 INFO  [com.dot.ContainerResource] (docker-java-stream-1865446083) STDOUT: 12:58:25.670  WARN  client.RestClient - request [POST http://elasticsearch:9200/cluster_c40f8aa8c9.live_20230804125756/_search?typed_keys=true&max_concurrent_shard_requests=5&ignore_unavailable=false&expand_wildcards=open&allow_no_indices=true&ignore_throttled=true&search_type=query_then_fetch&batched_reduce_size=512&ccs_minimize_roundtrips=true] returned 2 warnings: [299 Elasticsearch-7.16.1-5b38441b16b1ebb16a27c107a4c3865776e20c53 "Elasticsearch built-in security features are not enabled. Without authentication, your cluster could be accessible to anyone. See https://www.elastic.co/guide/en/elasticsearch/reference/7.16/security-minimal-setup.html to enable security."],[299 Elasticsearch-7.16.1-5b38441b16b1ebb16a27c107a4c3865776e20c53 "[ignore_throttled] parameter is deprecated because frozen indices have been deprecated. Consider cold or frozen tiers in place of frozen indices."]
2023-08-04 12:58:25,675 INFO  [com.dot.ContainerResource] (docker-java-stream-1865446083) STDOUT: 12:58:25.674  WARN  client.RestClient - request [POST http://elasticsearch:9200/cluster_c40f8aa8c9.live_20230804125756/_search?typed_keys=true&max_concurrent_shard_requests=5&ignore_unavailable=false&expand_wildcards=open&allow_no_indices=true&ignore_throttled=true&search_type=query_then_fetch&batched_reduce_size=512&ccs_minimize_roundtrips=true] returned 2 warnings: [299 Elasticsearch-7.16.1-5b38441b16b1ebb16a27c107a4c3865776e20c53 "Elasticsearch built-in security features are not enabled. Without authentication, your cluster could be accessible to anyone. See https://www.elastic.co/guide/en/elasticsearch/reference/7.16/security-minimal-setup.html to enable security."],[299 Elasticsearch-7.16.1-5b38441b16b1ebb16a27c107a4c3865776e20c53 "[ignore_throttled] parameter is deprecated because frozen indices have been deprecated. Consider cold or frozen tiers in place of frozen indices."]
2023-08-04 12:58:25,679 INFO  [com.dot.ContainerResource] (docker-java-stream-1865446083) STDOUT: 12:58:25.679  WARN  client.RestClient - request [POST http://elasticsearch:9200/cluster_c40f8aa8c9.live_20230804125756/_search?typed_keys=true&max_concurrent_shard_requests=5&ignore_unavailable=false&expand_wildcards=open&allow_no_indices=true&ignore_throttled=true&search_type=query_then_fetch&batched_reduce_size=512&ccs_minimize_roundtrips=true] returned 2 warnings: [299 Elasticsearch-7.16.1-5b38441b16b1ebb16a27c107a4c3865776e20c53 "Elasticsearch built-in security features are not enabled. Without authentication, your cluster could be accessible to anyone. See https://www.elastic.co/guide/en/elasticsearch/reference/7.16/security-minimal-setup.html to enable security."],[299 Elasticsearch-7.16.1-5b38441b16b1ebb16a27c107a4c3865776e20c53 "[ignore_throttled] parameter is deprecated because frozen indices have been deprecated. Consider cold or frozen tiers in place of frozen indices."]
2023-08-04 12:58:25,683 INFO  [com.dot.ContainerResource] (docker-java-stream-1865446083) STDOUT: 12:58:25.683  WARN  client.RestClient - request [POST http://elasticsearch:9200/cluster_c40f8aa8c9.live_20230804125756/_search?typed_keys=true&max_concurrent_shard_requests=5&ignore_unavailable=false&expand_wildcards=open&allow_no_indices=true&ignore_throttled=true&search_type=query_then_fetch&batched_reduce_size=512&ccs_minimize_roundtrips=true] returned 2 warnings: [299 Elasticsearch-7.16.1-5b38441b16b1ebb16a27c107a4c3865776e20c53 "Elasticsearch built-in security features are not enabled. Without authentication, your cluster could be accessible to anyone. See https://www.elastic.co/guide/en/elasticsearch/reference/7.16/security-minimal-setup.html to enable security."],[299 Elasticsearch-7.16.1-5b38441b16b1ebb16a27c107a4c3865776e20c53 "[ignore_throttled] parameter is deprecated because frozen indices have been deprecated. Consider cold or frozen tiers in place of frozen indices."]
2023-08-04 12:58:25,687 INFO  [com.dot.ContainerResource] (docker-java-stream-1865446083) STDOUT: 12:58:25.687  WARN  client.RestClient - request [POST http://elasticsearch:9200/cluster_c40f8aa8c9.live_20230804125756/_search?typed_keys=true&max_concurrent_shard_requests=5&ignore_unavailable=false&expand_wildcards=open&allow_no_indices=true&ignore_throttled=true&search_type=query_then_fetch&batched_reduce_size=512&ccs_minimize_roundtrips=true] returned 2 warnings: [299 Elasticsearch-7.16.1-5b38441b16b1ebb16a27c107a4c3865776e20c53 "Elasticsearch built-in security features are not enabled. Without authentication, your cluster could be accessible to anyone. See https://www.elastic.co/guide/en/elasticsearch/reference/7.16/security-minimal-setup.html to enable security."],[299 Elasticsearch-7.16.1-5b38441b16b1ebb16a27c107a4c3865776e20c53 "[ignore_throttled] parameter is deprecated because frozen indices have been deprecated. Consider cold or frozen tiers in place of frozen indices."]
2023-08-04 12:58:25,694 INFO  [com.dot.ContainerResource] (docker-java-stream-1865446083) STDOUT: 12:58:25.694  WARN  client.RestClient - request [POST http://elasticsearch:9200/cluster_c40f8aa8c9.live_20230804125756/_search?typed_keys=true&max_concurrent_shard_requests=5&ignore_unavailable=false&expand_wildcards=open&allow_no_indices=true&ignore_throttled=true&search_type=query_then_fetch&batched_reduce_size=512&ccs_minimize_roundtrips=true] returned 2 warnings: [299 Elasticsearch-7.16.1-5b38441b16b1ebb16a27c107a4c3865776e20c53 "Elasticsearch built-in security features are not enabled. Without authentication, your cluster could be accessible to anyone. See https://www.elastic.co/guide/en/elasticsearch/reference/7.16/security-minimal-setup.html to enable security."],[299 Elasticsearch-7.16.1-5b38441b16b1ebb16a27c107a4c3865776e20c53 "[ignore_throttled] parameter is deprecated because frozen indices have been deprecated. Consider cold or frozen tiers in place of frozen indices."]
2023-08-04 12:58:25,700 INFO  [com.dot.ContainerResource] (docker-java-stream-1865446083) STDOUT: 12:58:25.699  WARN  client.RestClient - request [POST http://elasticsearch:9200/cluster_c40f8aa8c9.live_20230804125756/_search?typed_keys=true&max_concurrent_shard_requests=5&ignore_unavailable=false&expand_wildcards=open&allow_no_indices=true&ignore_throttled=true&search_type=query_then_fetch&batched_reduce_size=512&ccs_minimize_roundtrips=true] returned 2 warnings: [299 Elasticsearch-7.16.1-5b38441b16b1ebb16a27c107a4c3865776e20c53 "Elasticsearch built-in security features are not enabled. Without authentication, your cluster could be accessible to anyone. See https://www.elastic.co/guide/en/elasticsearch/reference/7.16/security-minimal-setup.html to enable security."],[299 Elasticsearch-7.16.1-5b38441b16b1ebb16a27c107a4c3865776e20c53 "[ignore_throttled] parameter is deprecated because frozen indices have been deprecated. Consider cold or frozen tiers in place of frozen indices."]
2023-08-04 12:58:25,706 INFO  [com.dot.ContainerResource] (docker-java-stream-1865446083) STDOUT: 12:58:25.706  WARN  client.RestClient - request [POST http://elasticsearch:9200/cluster_c40f8aa8c9.live_20230804125756/_search?typed_keys=true&max_concurrent_shard_requests=5&ignore_unavailable=false&expand_wildcards=open&allow_no_indices=true&ignore_throttled=true&search_type=query_then_fetch&batched_reduce_size=512&ccs_minimize_roundtrips=true] returned 2 warnings: [299 Elasticsearch-7.16.1-5b38441b16b1ebb16a27c107a4c3865776e20c53 "Elasticsearch built-in security features are not enabled. Without authentication, your cluster could be accessible to anyone. See https://www.elastic.co/guide/en/elasticsearch/reference/7.16/security-minimal-setup.html to enable security."],[299 Elasticsearch-7.16.1-5b38441b16b1ebb16a27c107a4c3865776e20c53 "[ignore_throttled] parameter is deprecated because frozen indices have been deprecated. Consider cold or frozen tiers in place of frozen indices."]
2023-08-04 12:58:25,710 INFO  [com.dot.ContainerResource] (docker-java-stream-1865446083) STDOUT: 12:58:25.710  WARN  client.RestClient - request [POST http://elasticsearch:9200/cluster_c40f8aa8c9.live_20230804125756/_search?typed_keys=true&max_concurrent_shard_requests=5&ignore_unavailable=false&expand_wildcards=open&allow_no_indices=true&ignore_throttled=true&search_type=query_then_fetch&batched_reduce_size=512&ccs_minimize_roundtrips=true] returned 2 warnings: [299 Elasticsearch-7.16.1-5b38441b16b1ebb16a27c107a4c3865776e20c53 "Elasticsearch built-in security features are not enabled. Without authentication, your cluster could be accessible to anyone. See https://www.elastic.co/guide/en/elasticsearch/reference/7.16/security-minimal-setup.html to enable security."],[299 Elasticsearch-7.16.1-5b38441b16b1ebb16a27c107a4c3865776e20c53 "[ignore_throttled] parameter is deprecated because frozen indices have been deprecated. Consider cold or frozen tiers in place of frozen indices."]
2023-08-04 12:58:25,717 INFO  [com.dot.ContainerResource] (docker-java-stream-1865446083) STDOUT: 12:58:25.716  WARN  client.RestClient - request [POST http://elasticsearch:9200/cluster_c40f8aa8c9.live_20230804125756/_search?typed_keys=true&max_concurrent_shard_requests=5&ignore_unavailable=false&expand_wildcards=open&allow_no_indices=true&ignore_throttled=true&search_type=query_then_fetch&batched_reduce_size=512&ccs_minimize_roundtrips=true] returned 2 warnings: [299 Elasticsearch-7.16.1-5b38441b16b1ebb16a27c107a4c3865776e20c53 "Elasticsearch built-in security features are not enabled. Without authentication, your cluster could be accessible to anyone. See https://www.elastic.co/guide/en/elasticsearch/reference/7.16/security-minimal-setup.html to enable security."],[299 Elasticsearch-7.16.1-5b38441b16b1ebb16a27c107a4c3865776e20c53 "[ignore_throttled] parameter is deprecated because frozen indices have been deprecated. Consider cold or frozen tiers in place of frozen indices."]
2023-08-04 12:58:25,721 INFO  [com.dot.ContainerResource] (docker-java-stream-1865446083) STDOUT: 12:58:25.720  WARN  client.RestClient - request [POST http://elasticsearch:9200/cluster_c40f8aa8c9.live_20230804125756/_search?typed_keys=true&max_concurrent_shard_requests=5&ignore_unavailable=false&expand_wildcards=open&allow_no_indices=true&ignore_throttled=true&search_type=query_then_fetch&batched_reduce_size=512&ccs_minimize_roundtrips=true] returned 2 warnings: [299 Elasticsearch-7.16.1-5b38441b16b1ebb16a27c107a4c3865776e20c53 "Elasticsearch built-in security features are not enabled. Without authentication, your cluster could be accessible to anyone. See https://www.elastic.co/guide/en/elasticsearch/reference/7.16/security-minimal-setup.html to enable security."],[299 Elasticsearch-7.16.1-5b38441b16b1ebb16a27c107a4c3865776e20c53 "[ignore_throttled] parameter is deprecated because frozen indices have been deprecated. Consider cold or frozen tiers in place of frozen indices."]
2023-08-04 12:58:25,724 INFO  [com.dot.ContainerResource] (docker-java-stream-1865446083) STDOUT: 12:58:25.724  WARN  client.RestClient - request [POST http://elasticsearch:9200/cluster_c40f8aa8c9.live_20230804125756/_search?typed_keys=true&max_concurrent_shard_requests=5&ignore_unavailable=false&expand_wildcards=open&allow_no_indices=true&ignore_throttled=true&search_type=query_then_fetch&batched_reduce_size=512&ccs_minimize_roundtrips=true] returned 2 warnings: [299 Elasticsearch-7.16.1-5b38441b16b1ebb16a27c107a4c3865776e20c53 "Elasticsearch built-in security features are not enabled. Without authentication, your cluster could be accessible to anyone. See https://www.elastic.co/guide/en/elasticsearch/reference/7.16/security-minimal-setup.html to enable security."],[299 Elasticsearch-7.16.1-5b38441b16b1ebb16a27c107a4c3865776e20c53 "[ignore_throttled] parameter is deprecated because frozen indices have been deprecated. Consider cold or frozen tiers in place of frozen indices."]
2023-08-04 12:58:25,728 INFO  [com.dot.ContainerResource] (docker-java-stream-1865446083) STDOUT: 12:58:25.728  WARN  client.RestClient - request [POST http://elasticsearch:9200/cluster_c40f8aa8c9.live_20230804125756/_search?typed_keys=true&max_concurrent_shard_requests=5&ignore_unavailable=false&expand_wildcards=open&allow_no_indices=true&ignore_throttled=true&search_type=query_then_fetch&batched_reduce_size=512&ccs_minimize_roundtrips=true] returned 2 warnings: [299 Elasticsearch-7.16.1-5b38441b16b1ebb16a27c107a4c3865776e20c53 "Elasticsearch built-in security features are not enabled. Without authentication, your cluster could be accessible to anyone. See https://www.elastic.co/guide/en/elasticsearch/reference/7.16/security-minimal-setup.html to enable security."],[299 Elasticsearch-7.16.1-5b38441b16b1ebb16a27c107a4c3865776e20c53 "[ignore_throttled] parameter is deprecated because frozen indices have been deprecated. Consider cold or frozen tiers in place of frozen indices."]
2023-08-04 12:58:25,731 INFO  [com.dot.ContainerResource] (docker-java-stream-1865446083) STDOUT: 12:58:25.731  WARN  client.RestClient - request [POST http://elasticsearch:9200/cluster_c40f8aa8c9.live_20230804125756/_search?typed_keys=true&max_concurrent_shard_requests=5&ignore_unavailable=false&expand_wildcards=open&allow_no_indices=true&ignore_throttled=true&search_type=query_then_fetch&batched_reduce_size=512&ccs_minimize_roundtrips=true] returned 2 warnings: [299 Elasticsearch-7.16.1-5b38441b16b1ebb16a27c107a4c3865776e20c53 "Elasticsearch built-in security features are not enabled. Without authentication, your cluster could be accessible to anyone. See https://www.elastic.co/guide/en/elasticsearch/reference/7.16/security-minimal-setup.html to enable security."],[299 Elasticsearch-7.16.1-5b38441b16b1ebb16a27c107a4c3865776e20c53 "[ignore_throttled] parameter is deprecated because frozen indices have been deprecated. Consider cold or frozen tiers in place of frozen indices."]
2023-08-04 12:58:25,737 INFO  [com.dot.ContainerResource] (docker-java-stream-1865446083) STDOUT: 12:58:25.736  WARN  client.RestClient - request [POST http://elasticsearch:9200/cluster_c40f8aa8c9.live_20230804125756/_search?typed_keys=true&max_concurrent_shard_requests=5&ignore_unavailable=false&expand_wildcards=open&allow_no_indices=true&ignore_throttled=true&search_type=query_then_fetch&batched_reduce_size=512&ccs_minimize_roundtrips=true] returned 2 warnings: [299 Elasticsearch-7.16.1-5b38441b16b1ebb16a27c107a4c3865776e20c53 "Elasticsearch built-in security features are not enabled. Without authentication, your cluster could be accessible to anyone. See https://www.elastic.co/guide/en/elasticsearch/reference/7.16/security-minimal-setup.html to enable security."],[299 Elasticsearch-7.16.1-5b38441b16b1ebb16a27c107a4c3865776e20c53 "[ignore_throttled] parameter is deprecated because frozen indices have been deprecated. Consider cold or frozen tiers in place of frozen indices."]
2023-08-04 12:58:25,740 INFO  [com.dot.ContainerResource] (docker-java-stream-1865446083) STDOUT: 12:58:25.740  WARN  client.RestClient - request [POST http://elasticsearch:9200/cluster_c40f8aa8c9.live_20230804125756/_search?typed_keys=true&max_concurrent_shard_requests=5&ignore_unavailable=false&expand_wildcards=open&allow_no_indices=true&ignore_throttled=true&search_type=query_then_fetch&batched_reduce_size=512&ccs_minimize_roundtrips=true] returned 2 warnings: [299 Elasticsearch-7.16.1-5b38441b16b1ebb16a27c107a4c3865776e20c53 "Elasticsearch built-in security features are not enabled. Without authentication, your cluster could be accessible to anyone. See https://www.elastic.co/guide/en/elasticsearch/reference/7.16/security-minimal-setup.html to enable security."],[299 Elasticsearch-7.16.1-5b38441b16b1ebb16a27c107a4c3865776e20c53 "[ignore_throttled] parameter is deprecated because frozen indices have been deprecated. Consider cold or frozen tiers in place of frozen indices."]
2023-08-04 12:58:25,747 INFO  [com.dot.ContainerResource] (docker-java-stream-1865446083) STDOUT: 12:58:25.746  WARN  client.RestClient - request [POST http://elasticsearch:9200/cluster_c40f8aa8c9.live_20230804125756/_search?typed_keys=true&max_concurrent_shard_requests=5&ignore_unavailable=false&expand_wildcards=open&allow_no_indices=true&ignore_throttled=true&search_type=query_then_fetch&batched_reduce_size=512&ccs_minimize_roundtrips=true] returned 2 warnings: [299 Elasticsearch-7.16.1-5b38441b16b1ebb16a27c107a4c3865776e20c53 "Elasticsearch built-in security features are not enabled. Without authentication, your cluster could be accessible to anyone. See https://www.elastic.co/guide/en/elasticsearch/reference/7.16/security-minimal-setup.html to enable security."],[299 Elasticsearch-7.16.1-5b38441b16b1ebb16a27c107a4c3865776e20c53 "[ignore_throttled] parameter is deprecated because frozen indices have been deprecated. Consider cold or frozen tiers in place of frozen indices."]
2023-08-04 12:58:25,751 INFO  [com.dot.ContainerResource] (docker-java-stream-1865446083) STDOUT: 12:58:25.750  WARN  client.RestClient - request [POST http://elasticsearch:9200/cluster_c40f8aa8c9.live_20230804125756/_search?typed_keys=true&max_concurrent_shard_requests=5&ignore_unavailable=false&expand_wildcards=open&allow_no_indices=true&ignore_throttled=true&search_type=query_then_fetch&batched_reduce_size=512&ccs_minimize_roundtrips=true] returned 2 warnings: [299 Elasticsearch-7.16.1-5b38441b16b1ebb16a27c107a4c3865776e20c53 "Elasticsearch built-in security features are not enabled. Without authentication, your cluster could be accessible to anyone. See https://www.elastic.co/guide/en/elasticsearch/reference/7.16/security-minimal-setup.html to enable security."],[299 Elasticsearch-7.16.1-5b38441b16b1ebb16a27c107a4c3865776e20c53 "[ignore_throttled] parameter is deprecated because frozen indices have been deprecated. Consider cold or frozen tiers in place of frozen indices."]
2023-08-04 12:58:25,755 INFO  [com.dot.ContainerResource] (docker-java-stream-1865446083) STDOUT: 12:58:25.754  WARN  client.RestClient - request [POST http://elasticsearch:9200/cluster_c40f8aa8c9.live_20230804125756/_search?typed_keys=true&max_concurrent_shard_requests=5&ignore_unavailable=false&expand_wildcards=open&allow_no_indices=true&ignore_throttled=true&search_type=query_then_fetch&batched_reduce_size=512&ccs_minimize_roundtrips=true] returned 2 warnings: [299 Elasticsearch-7.16.1-5b38441b16b1ebb16a27c107a4c3865776e20c53 "Elasticsearch built-in security features are not enabled. Without authentication, your cluster could be accessible to anyone. See https://www.elastic.co/guide/en/elasticsearch/reference/7.16/security-minimal-setup.html to enable security."],[299 Elasticsearch-7.16.1-5b38441b16b1ebb16a27c107a4c3865776e20c53 "[ignore_throttled] parameter is deprecated because frozen indices have been deprecated. Consider cold or frozen tiers in place of frozen indices."]
2023-08-04 12:58:25,759 INFO  [com.dot.ContainerResource] (docker-java-stream-1865446083) STDOUT: 12:58:25.758  WARN  client.RestClient - request [POST http://elasticsearch:9200/cluster_c40f8aa8c9.live_20230804125756/_search?typed_keys=true&max_concurrent_shard_requests=5&ignore_unavailable=false&expand_wildcards=open&allow_no_indices=true&ignore_throttled=true&search_type=query_then_fetch&batched_reduce_size=512&ccs_minimize_roundtrips=true] returned 2 warnings: [299 Elasticsearch-7.16.1-5b38441b16b1ebb16a27c107a4c3865776e20c53 "Elasticsearch built-in security features are not enabled. Without authentication, your cluster could be accessible to anyone. See https://www.elastic.co/guide/en/elasticsearch/reference/7.16/security-minimal-setup.html to enable security."],[299 Elasticsearch-7.16.1-5b38441b16b1ebb16a27c107a4c3865776e20c53 "[ignore_throttled] parameter is deprecated because frozen indices have been deprecated. Consider cold or frozen tiers in place of frozen indices."]
2023-08-04 12:58:25,762 INFO  [com.dot.ContainerResource] (docker-java-stream-1865446083) STDOUT: 12:58:25.762  WARN  client.RestClient - request [POST http://elasticsearch:9200/cluster_c40f8aa8c9.live_20230804125756/_search?typed_keys=true&max_concurrent_shard_requests=5&ignore_unavailable=false&expand_wildcards=open&allow_no_indices=true&ignore_throttled=true&search_type=query_then_fetch&batched_reduce_size=512&ccs_minimize_roundtrips=true] returned 2 warnings: [299 Elasticsearch-7.16.1-5b38441b16b1ebb16a27c107a4c3865776e20c53 "Elasticsearch built-in security features are not enabled. Without authentication, your cluster could be accessible to anyone. See https://www.elastic.co/guide/en/elasticsearch/reference/7.16/security-minimal-setup.html to enable security."],[299 Elasticsearch-7.16.1-5b38441b16b1ebb16a27c107a4c3865776e20c53 "[ignore_throttled] parameter is deprecated because frozen indices have been deprecated. Consider cold or frozen tiers in place of frozen indices."]
2023-08-04 12:58:25,766 INFO  [com.dot.ContainerResource] (docker-java-stream-1865446083) STDOUT: 12:58:25.766  WARN  client.RestClient - request [POST http://elasticsearch:9200/cluster_c40f8aa8c9.live_20230804125756/_search?typed_keys=true&max_concurrent_shard_requests=5&ignore_unavailable=false&expand_wildcards=open&allow_no_indices=true&ignore_throttled=true&search_type=query_then_fetch&batched_reduce_size=512&ccs_minimize_roundtrips=true] returned 2 warnings: [299 Elasticsearch-7.16.1-5b38441b16b1ebb16a27c107a4c3865776e20c53 "Elasticsearch built-in security features are not enabled. Without authentication, your cluster could be accessible to anyone. See https://www.elastic.co/guide/en/elasticsearch/reference/7.16/security-minimal-setup.html to enable security."],[299 Elasticsearch-7.16.1-5b38441b16b1ebb16a27c107a4c3865776e20c53 "[ignore_throttled] parameter is deprecated because frozen indices have been deprecated. Consider cold or frozen tiers in place of frozen indices."]
2023-08-04 12:58:25,770 INFO  [com.dot.ContainerResource] (docker-java-stream-1865446083) STDOUT: 12:58:25.770  WARN  client.RestClient - request [POST http://elasticsearch:9200/cluster_c40f8aa8c9.live_20230804125756/_search?typed_keys=true&max_concurrent_shard_requests=5&ignore_unavailable=false&expand_wildcards=open&allow_no_indices=true&ignore_throttled=true&search_type=query_then_fetch&batched_reduce_size=512&ccs_minimize_roundtrips=true] returned 2 warnings: [299 Elasticsearch-7.16.1-5b38441b16b1ebb16a27c107a4c3865776e20c53 "Elasticsearch built-in security features are not enabled. Without authentication, your cluster could be accessible to anyone. See https://www.elastic.co/guide/en/elasticsearch/reference/7.16/security-minimal-setup.html to enable security."],[299 Elasticsearch-7.16.1-5b38441b16b1ebb16a27c107a4c3865776e20c53 "[ignore_throttled] parameter is deprecated because frozen indices have been deprecated. Consider cold or frozen tiers in place of frozen indices."]
2023-08-04 12:58:25,774 INFO  [com.dot.ContainerResource] (docker-java-stream-1865446083) STDOUT: 12:58:25.773  WARN  client.RestClient - request [POST http://elasticsearch:9200/cluster_c40f8aa8c9.live_20230804125756/_search?typed_keys=true&max_concurrent_shard_requests=5&ignore_unavailable=false&expand_wildcards=open&allow_no_indices=true&ignore_throttled=true&search_type=query_then_fetch&batched_reduce_size=512&ccs_minimize_roundtrips=true] returned 2 warnings: [299 Elasticsearch-7.16.1-5b38441b16b1ebb16a27c107a4c3865776e20c53 "Elasticsearch built-in security features are not enabled. Without authentication, your cluster could be accessible to anyone. See https://www.elastic.co/guide/en/elasticsearch/reference/7.16/security-minimal-setup.html to enable security."],[299 Elasticsearch-7.16.1-5b38441b16b1ebb16a27c107a4c3865776e20c53 "[ignore_throttled] parameter is deprecated because frozen indices have been deprecated. Consider cold or frozen tiers in place of frozen indices."]
2023-08-04 12:58:25,784 INFO  [com.dot.ContainerResource] (docker-java-stream-1865446083) STDOUT: 12:58:25.783  WARN  client.RestClient - request [POST http://elasticsearch:9200/cluster_c40f8aa8c9.live_20230804125756/_search?typed_keys=true&max_concurrent_shard_requests=5&ignore_unavailable=false&expand_wildcards=open&allow_no_indices=true&ignore_throttled=true&search_type=query_then_fetch&batched_reduce_size=512&ccs_minimize_roundtrips=true] returned 2 warnings: [299 Elasticsearch-7.16.1-5b38441b16b1ebb16a27c107a4c3865776e20c53 "Elasticsearch built-in security features are not enabled. Without authentication, your cluster could be accessible to anyone. See https://www.elastic.co/guide/en/elasticsearch/reference/7.16/security-minimal-setup.html to enable security."],[299 Elasticsearch-7.16.1-5b38441b16b1ebb16a27c107a4c3865776e20c53 "[ignore_throttled] parameter is deprecated because frozen indices have been deprecated. Consider cold or frozen tiers in place of frozen indices."]
2023-08-04 12:58:25,790 INFO  [com.dot.ContainerResource] (docker-java-stream-1865446083) STDOUT: 12:58:25.789  WARN  client.RestClient - request [POST http://elasticsearch:9200/cluster_c40f8aa8c9.live_20230804125756/_search?typed_keys=true&max_concurrent_shard_requests=5&ignore_unavailable=false&expand_wildcards=open&allow_no_indices=true&ignore_throttled=true&search_type=query_then_fetch&batched_reduce_size=512&ccs_minimize_roundtrips=true] returned 2 warnings: [299 Elasticsearch-7.16.1-5b38441b16b1ebb16a27c107a4c3865776e20c53 "Elasticsearch built-in security features are not enabled. Without authentication, your cluster could be accessible to anyone. See https://www.elastic.co/guide/en/elasticsearch/reference/7.16/security-minimal-setup.html to enable security."],[299 Elasticsearch-7.16.1-5b38441b16b1ebb16a27c107a4c3865776e20c53 "[ignore_throttled] parameter is deprecated because frozen indices have been deprecated. Consider cold or frozen tiers in place of frozen indices."]
2023-08-04 12:58:25,796 INFO  [com.dot.ContainerResource] (docker-java-stream-1865446083) STDOUT: 12:58:25.796  WARN  client.RestClient - request [POST http://elasticsearch:9200/cluster_c40f8aa8c9.live_20230804125756/_search?typed_keys=true&max_concurrent_shard_requests=5&ignore_unavailable=false&expand_wildcards=open&allow_no_indices=true&ignore_throttled=true&search_type=query_then_fetch&batched_reduce_size=512&ccs_minimize_roundtrips=true] returned 2 warnings: [299 Elasticsearch-7.16.1-5b38441b16b1ebb16a27c107a4c3865776e20c53 "Elasticsearch built-in security features are not enabled. Without authentication, your cluster could be accessible to anyone. See https://www.elastic.co/guide/en/elasticsearch/reference/7.16/security-minimal-setup.html to enable security."],[299 Elasticsearch-7.16.1-5b38441b16b1ebb16a27c107a4c3865776e20c53 "[ignore_throttled] parameter is deprecated because frozen indices have been deprecated. Consider cold or frozen tiers in place of frozen indices."]
2023-08-04 12:58:25,801 INFO  [com.dot.ContainerResource] (docker-java-stream-1865446083) STDOUT: 12:58:25.801  WARN  client.RestClient - request [POST http://elasticsearch:9200/cluster_c40f8aa8c9.live_20230804125756/_search?typed_keys=true&max_concurrent_shard_requests=5&ignore_unavailable=false&expand_wildcards=open&allow_no_indices=true&ignore_throttled=true&search_type=query_then_fetch&batched_reduce_size=512&ccs_minimize_roundtrips=true] returned 2 warnings: [299 Elasticsearch-7.16.1-5b38441b16b1ebb16a27c107a4c3865776e20c53 "Elasticsearch built-in security features are not enabled. Without authentication, your cluster could be accessible to anyone. See https://www.elastic.co/guide/en/elasticsearch/reference/7.16/security-minimal-setup.html to enable security."],[299 Elasticsearch-7.16.1-5b38441b16b1ebb16a27c107a4c3865776e20c53 "[ignore_throttled] parameter is deprecated because frozen indices have been deprecated. Consider cold or frozen tiers in place of frozen indices."]
2023-08-04 12:58:25,821 INFO  [com.dot.ContainerResource] (docker-java-stream-1865446083) STDOUT: 12:58:25.821  WARN  client.RestClient - request [POST http://elasticsearch:9200/cluster_c40f8aa8c9.live_20230804125756/_search?typed_keys=true&max_concurrent_shard_requests=5&ignore_unavailable=false&expand_wildcards=open&allow_no_indices=true&ignore_throttled=true&search_type=query_then_fetch&batched_reduce_size=512&ccs_minimize_roundtrips=true] returned 2 warnings: [299 Elasticsearch-7.16.1-5b38441b16b1ebb16a27c107a4c3865776e20c53 "Elasticsearch built-in security features are not enabled. Without authentication, your cluster could be accessible to anyone. See https://www.elastic.co/guide/en/elasticsearch/reference/7.16/security-minimal-setup.html to enable security."],[299 Elasticsearch-7.16.1-5b38441b16b1ebb16a27c107a4c3865776e20c53 "[ignore_throttled] parameter is deprecated because frozen indices have been deprecated. Consider cold or frozen tiers in place of frozen indices."]
2023-08-04 12:58:25,826 INFO  [com.dot.ContainerResource] (docker-java-stream-1865446083) STDOUT: 12:58:25.825  WARN  client.RestClient - request [POST http://elasticsearch:9200/cluster_c40f8aa8c9.live_20230804125756/_search?typed_keys=true&max_concurrent_shard_requests=5&ignore_unavailable=false&expand_wildcards=open&allow_no_indices=true&ignore_throttled=true&search_type=query_then_fetch&batched_reduce_size=512&ccs_minimize_roundtrips=true] returned 2 warnings: [299 Elasticsearch-7.16.1-5b38441b16b1ebb16a27c107a4c3865776e20c53 "Elasticsearch built-in security features are not enabled. Without authentication, your cluster could be accessible to anyone. See https://www.elastic.co/guide/en/elasticsearch/reference/7.16/security-minimal-setup.html to enable security."],[299 Elasticsearch-7.16.1-5b38441b16b1ebb16a27c107a4c3865776e20c53 "[ignore_throttled] parameter is deprecated because frozen indices have been deprecated. Consider cold or frozen tiers in place of frozen indices."]
2023-08-04 12:58:25,830 INFO  [com.dot.ContainerResource] (docker-java-stream-1865446083) STDOUT: 12:58:25.830  WARN  client.RestClient - request [POST http://elasticsearch:9200/cluster_c40f8aa8c9.live_20230804125756/_search?typed_keys=true&max_concurrent_shard_requests=5&ignore_unavailable=false&expand_wildcards=open&allow_no_indices=true&ignore_throttled=true&search_type=query_then_fetch&batched_reduce_size=512&ccs_minimize_roundtrips=true] returned 2 warnings: [299 Elasticsearch-7.16.1-5b38441b16b1ebb16a27c107a4c3865776e20c53 "Elasticsearch built-in security features are not enabled. Without authentication, your cluster could be accessible to anyone. See https://www.elastic.co/guide/en/elasticsearch/reference/7.16/security-minimal-setup.html to enable security."],[299 Elasticsearch-7.16.1-5b38441b16b1ebb16a27c107a4c3865776e20c53 "[ignore_throttled] parameter is deprecated because frozen indices have been deprecated. Consider cold or frozen tiers in place of frozen indices."]
2023-08-04 12:58:25,834 INFO  [com.dot.ContainerResource] (docker-java-stream-1865446083) STDOUT: 12:58:25.833  WARN  client.RestClient - request [POST http://elasticsearch:9200/cluster_c40f8aa8c9.live_20230804125756/_search?typed_keys=true&max_concurrent_shard_requests=5&ignore_unavailable=false&expand_wildcards=open&allow_no_indices=true&ignore_throttled=true&search_type=query_then_fetch&batched_reduce_size=512&ccs_minimize_roundtrips=true] returned 2 warnings: [299 Elasticsearch-7.16.1-5b38441b16b1ebb16a27c107a4c3865776e20c53 "Elasticsearch built-in security features are not enabled. Without authentication, your cluster could be accessible to anyone. See https://www.elastic.co/guide/en/elasticsearch/reference/7.16/security-minimal-setup.html to enable security."],[299 Elasticsearch-7.16.1-5b38441b16b1ebb16a27c107a4c3865776e20c53 "[ignore_throttled] parameter is deprecated because frozen indices have been deprecated. Consider cold or frozen tiers in place of frozen indices."]
2023-08-04 12:58:25,840 INFO  [com.dot.ContainerResource] (docker-java-stream-1865446083) STDOUT: 12:58:25.839  WARN  client.RestClient - request [POST http://elasticsearch:9200/cluster_c40f8aa8c9.live_20230804125756/_search?typed_keys=true&max_concurrent_shard_requests=5&ignore_unavailable=false&expand_wildcards=open&allow_no_indices=true&ignore_throttled=true&search_type=query_then_fetch&batched_reduce_size=512&ccs_minimize_roundtrips=true] returned 2 warnings: [299 Elasticsearch-7.16.1-5b38441b16b1ebb16a27c107a4c3865776e20c53 "Elasticsearch built-in security features are not enabled. Without authentication, your cluster could be accessible to anyone. See https://www.elastic.co/guide/en/elasticsearch/reference/7.16/security-minimal-setup.html to enable security."],[299 Elasticsearch-7.16.1-5b38441b16b1ebb16a27c107a4c3865776e20c53 "[ignore_throttled] parameter is deprecated because frozen indices have been deprecated. Consider cold or frozen tiers in place of frozen indices."]
2023-08-04 12:58:25,844 INFO  [com.dot.ContainerResource] (docker-java-stream-1865446083) STDOUT: 12:58:25.843  WARN  client.RestClient - request [POST http://elasticsearch:9200/cluster_c40f8aa8c9.live_20230804125756/_search?typed_keys=true&max_concurrent_shard_requests=5&ignore_unavailable=false&expand_wildcards=open&allow_no_indices=true&ignore_throttled=true&search_type=query_then_fetch&batched_reduce_size=512&ccs_minimize_roundtrips=true] returned 2 warnings: [299 Elasticsearch-7.16.1-5b38441b16b1ebb16a27c107a4c3865776e20c53 "Elasticsearch built-in security features are not enabled. Without authentication, your cluster could be accessible to anyone. See https://www.elastic.co/guide/en/elasticsearch/reference/7.16/security-minimal-setup.html to enable security."],[299 Elasticsearch-7.16.1-5b38441b16b1ebb16a27c107a4c3865776e20c53 "[ignore_throttled] parameter is deprecated because frozen indices have been deprecated. Consider cold or frozen tiers in place of frozen indices."]
2023-08-04 12:58:25,849 INFO  [com.dot.ContainerResource] (docker-java-stream-1865446083) STDOUT: 12:58:25.848  WARN  client.RestClient - request [POST http://elasticsearch:9200/cluster_c40f8aa8c9.live_20230804125756/_search?typed_keys=true&max_concurrent_shard_requests=5&ignore_unavailable=false&expand_wildcards=open&allow_no_indices=true&ignore_throttled=true&search_type=query_then_fetch&batched_reduce_size=512&ccs_minimize_roundtrips=true] returned 2 warnings: [299 Elasticsearch-7.16.1-5b38441b16b1ebb16a27c107a4c3865776e20c53 "Elasticsearch built-in security features are not enabled. Without authentication, your cluster could be accessible to anyone. See https://www.elastic.co/guide/en/elasticsearch/reference/7.16/security-minimal-setup.html to enable security."],[299 Elasticsearch-7.16.1-5b38441b16b1ebb16a27c107a4c3865776e20c53 "[ignore_throttled] parameter is deprecated because frozen indices have been deprecated. Consider cold or frozen tiers in place of frozen indices."]
2023-08-04 12:58:25,855 INFO  [com.dot.ContainerResource] (docker-java-stream-1865446083) STDOUT: 12:58:25.855  WARN  client.RestClient - request [POST http://elasticsearch:9200/cluster_c40f8aa8c9.live_20230804125756/_search?typed_keys=true&max_concurrent_shard_requests=5&ignore_unavailable=false&expand_wildcards=open&allow_no_indices=true&ignore_throttled=true&search_type=query_then_fetch&batched_reduce_size=512&ccs_minimize_roundtrips=true] returned 2 warnings: [299 Elasticsearch-7.16.1-5b38441b16b1ebb16a27c107a4c3865776e20c53 "Elasticsearch built-in security features are not enabled. Without authentication, your cluster could be accessible to anyone. See https://www.elastic.co/guide/en/elasticsearch/reference/7.16/security-minimal-setup.html to enable security."],[299 Elasticsearch-7.16.1-5b38441b16b1ebb16a27c107a4c3865776e20c53 "[ignore_throttled] parameter is deprecated because frozen indices have been deprecated. Consider cold or frozen tiers in place of frozen indices."]
2023-08-04 12:58:25,864 INFO  [com.dot.ContainerResource] (docker-java-stream-1865446083) STDOUT: 12:58:25.864  WARN  client.RestClient - request [POST http://elasticsearch:9200/cluster_c40f8aa8c9.live_20230804125756/_search?typed_keys=true&max_concurrent_shard_requests=5&ignore_unavailable=false&expand_wildcards=open&allow_no_indices=true&ignore_throttled=true&search_type=query_then_fetch&batched_reduce_size=512&ccs_minimize_roundtrips=true] returned 2 warnings: [299 Elasticsearch-7.16.1-5b38441b16b1ebb16a27c107a4c3865776e20c53 "Elasticsearch built-in security features are not enabled. Without authentication, your cluster could be accessible to anyone. See https://www.elastic.co/guide/en/elasticsearch/reference/7.16/security-minimal-setup.html to enable security."],[299 Elasticsearch-7.16.1-5b38441b16b1ebb16a27c107a4c3865776e20c53 "[ignore_throttled] parameter is deprecated because frozen indices have been deprecated. Consider cold or frozen tiers in place of frozen indices."]
2023-08-04 12:58:25,868 INFO  [com.dot.ContainerResource] (docker-java-stream-1865446083) STDOUT: 12:58:25.867  WARN  client.RestClient - request [POST http://elasticsearch:9200/cluster_c40f8aa8c9.live_20230804125756/_search?typed_keys=true&max_concurrent_shard_requests=5&ignore_unavailable=false&expand_wildcards=open&allow_no_indices=true&ignore_throttled=true&search_type=query_then_fetch&batched_reduce_size=512&ccs_minimize_roundtrips=true] returned 2 warnings: [299 Elasticsearch-7.16.1-5b38441b16b1ebb16a27c107a4c3865776e20c53 "Elasticsearch built-in security features are not enabled. Without authentication, your cluster could be accessible to anyone. See https://www.elastic.co/guide/en/elasticsearch/reference/7.16/security-minimal-setup.html to enable security."],[299 Elasticsearch-7.16.1-5b38441b16b1ebb16a27c107a4c3865776e20c53 "[ignore_throttled] parameter is deprecated because frozen indices have been deprecated. Consider cold or frozen tiers in place of frozen indices."]
2023-08-04 12:58:25,871 INFO  [com.dot.ContainerResource] (docker-java-stream-1865446083) STDOUT: 12:58:25.870  WARN  client.RestClient - request [POST http://elasticsearch:9200/cluster_c40f8aa8c9.live_20230804125756/_search?typed_keys=true&max_concurrent_shard_requests=5&ignore_unavailable=false&expand_wildcards=open&allow_no_indices=true&ignore_throttled=true&search_type=query_then_fetch&batched_reduce_size=512&ccs_minimize_roundtrips=true] returned 2 warnings: [299 Elasticsearch-7.16.1-5b38441b16b1ebb16a27c107a4c3865776e20c53 "Elasticsearch built-in security features are not enabled. Without authentication, your cluster could be accessible to anyone. See https://www.elastic.co/guide/en/elasticsearch/reference/7.16/security-minimal-setup.html to enable security."],[299 Elasticsearch-7.16.1-5b38441b16b1ebb16a27c107a4c3865776e20c53 "[ignore_throttled] parameter is deprecated because frozen indices have been deprecated. Consider cold or frozen tiers in place of frozen indices."]
2023-08-04 12:58:25,874 INFO  [com.dot.ContainerResource] (docker-java-stream-1865446083) STDOUT: 12:58:25.874  WARN  client.RestClient - request [POST http://elasticsearch:9200/cluster_c40f8aa8c9.live_20230804125756/_search?typed_keys=true&max_concurrent_shard_requests=5&ignore_unavailable=false&expand_wildcards=open&allow_no_indices=true&ignore_throttled=true&search_type=query_then_fetch&batched_reduce_size=512&ccs_minimize_roundtrips=true] returned 2 warnings: [299 Elasticsearch-7.16.1-5b38441b16b1ebb16a27c107a4c3865776e20c53 "Elasticsearch built-in security features are not enabled. Without authentication, your cluster could be accessible to anyone. See https://www.elastic.co/guide/en/elasticsearch/reference/7.16/security-minimal-setup.html to enable security."],[299 Elasticsearch-7.16.1-5b38441b16b1ebb16a27c107a4c3865776e20c53 "[ignore_throttled] parameter is deprecated because frozen indices have been deprecated. Consider cold or frozen tiers in place of frozen indices."]
2023-08-04 12:58:25,877 INFO  [com.dot.ContainerResource] (docker-java-stream-1865446083) STDOUT: 12:58:25.876  WARN  client.RestClient - request [POST http://elasticsearch:9200/cluster_c40f8aa8c9.live_20230804125756/_search?typed_keys=true&max_concurrent_shard_requests=5&ignore_unavailable=false&expand_wildcards=open&allow_no_indices=true&ignore_throttled=true&search_type=query_then_fetch&batched_reduce_size=512&ccs_minimize_roundtrips=true] returned 2 warnings: [299 Elasticsearch-7.16.1-5b38441b16b1ebb16a27c107a4c3865776e20c53 "Elasticsearch built-in security features are not enabled. Without authentication, your cluster could be accessible to anyone. See https://www.elastic.co/guide/en/elasticsearch/reference/7.16/security-minimal-setup.html to enable security."],[299 Elasticsearch-7.16.1-5b38441b16b1ebb16a27c107a4c3865776e20c53 "[ignore_throttled] parameter is deprecated because frozen indices have been deprecated. Consider cold or frozen tiers in place of frozen indices."]
2023-08-04 12:58:25,880 INFO  [com.dot.ContainerResource] (docker-java-stream-1865446083) STDOUT: 12:58:25.879  WARN  client.RestClient - request [POST http://elasticsearch:9200/cluster_c40f8aa8c9.live_20230804125756/_search?typed_keys=true&max_concurrent_shard_requests=5&ignore_unavailable=false&expand_wildcards=open&allow_no_indices=true&ignore_throttled=true&search_type=query_then_fetch&batched_reduce_size=512&ccs_minimize_roundtrips=true] returned 2 warnings: [299 Elasticsearch-7.16.1-5b38441b16b1ebb16a27c107a4c3865776e20c53 "Elasticsearch built-in security features are not enabled. Without authentication, your cluster could be accessible to anyone. See https://www.elastic.co/guide/en/elasticsearch/reference/7.16/security-minimal-setup.html to enable security."],[299 Elasticsearch-7.16.1-5b38441b16b1ebb16a27c107a4c3865776e20c53 "[ignore_throttled] parameter is deprecated because frozen indices have been deprecated. Consider cold or frozen tiers in place of frozen indices."]
2023-08-04 12:58:25,883 INFO  [com.dot.ContainerResource] (docker-java-stream-1865446083) STDOUT: 12:58:25.883  WARN  client.RestClient - request [POST http://elasticsearch:9200/cluster_c40f8aa8c9.live_20230804125756/_search?typed_keys=true&max_concurrent_shard_requests=5&ignore_unavailable=false&expand_wildcards=open&allow_no_indices=true&ignore_throttled=true&search_type=query_then_fetch&batched_reduce_size=512&ccs_minimize_roundtrips=true] returned 2 warnings: [299 Elasticsearch-7.16.1-5b38441b16b1ebb16a27c107a4c3865776e20c53 "Elasticsearch built-in security features are not enabled. Without authentication, your cluster could be accessible to anyone. See https://www.elastic.co/guide/en/elasticsearch/reference/7.16/security-minimal-setup.html to enable security."],[299 Elasticsearch-7.16.1-5b38441b16b1ebb16a27c107a4c3865776e20c53 "[ignore_throttled] parameter is deprecated because frozen indices have been deprecated. Consider cold or frozen tiers in place of frozen indices."]
2023-08-04 12:58:25,886 INFO  [com.dot.ContainerResource] (docker-java-stream-1865446083) STDOUT: 12:58:25.885  WARN  client.RestClient - request [POST http://elasticsearch:9200/cluster_c40f8aa8c9.live_20230804125756/_search?typed_keys=true&max_concurrent_shard_requests=5&ignore_unavailable=false&expand_wildcards=open&allow_no_indices=true&ignore_throttled=true&search_type=query_then_fetch&batched_reduce_size=512&ccs_minimize_roundtrips=true] returned 2 warnings: [299 Elasticsearch-7.16.1-5b38441b16b1ebb16a27c107a4c3865776e20c53 "Elasticsearch built-in security features are not enabled. Without authentication, your cluster could be accessible to anyone. See https://www.elastic.co/guide/en/elasticsearch/reference/7.16/security-minimal-setup.html to enable security."],[299 Elasticsearch-7.16.1-5b38441b16b1ebb16a27c107a4c3865776e20c53 "[ignore_throttled] parameter is deprecated because frozen indices have been deprecated. Consider cold or frozen tiers in place of frozen indices."]
2023-08-04 12:58:25,897 INFO  [com.dot.ContainerResource] (docker-java-stream-1865446083) STDOUT: 12:58:25.896  WARN  client.RestClient - request [POST http://elasticsearch:9200/cluster_c40f8aa8c9.live_20230804125756/_search?typed_keys=true&max_concurrent_shard_requests=5&ignore_unavailable=false&expand_wildcards=open&allow_no_indices=true&ignore_throttled=true&search_type=query_then_fetch&batched_reduce_size=512&ccs_minimize_roundtrips=true] returned 2 warnings: [299 Elasticsearch-7.16.1-5b38441b16b1ebb16a27c107a4c3865776e20c53 "Elasticsearch built-in security features are not enabled. Without authentication, your cluster could be accessible to anyone. See https://www.elastic.co/guide/en/elasticsearch/reference/7.16/security-minimal-setup.html to enable security."],[299 Elasticsearch-7.16.1-5b38441b16b1ebb16a27c107a4c3865776e20c53 "[ignore_throttled] parameter is deprecated because frozen indices have been deprecated. Consider cold or frozen tiers in place of frozen indices."]
2023-08-04 12:58:25,904 INFO  [com.dot.ContainerResource] (docker-java-stream-1865446083) STDOUT: 12:58:25.903  WARN  client.RestClient - request [POST http://elasticsearch:9200/cluster_c40f8aa8c9.live_20230804125756/_search?typed_keys=true&max_concurrent_shard_requests=5&ignore_unavailable=false&expand_wildcards=open&allow_no_indices=true&ignore_throttled=true&search_type=query_then_fetch&batched_reduce_size=512&ccs_minimize_roundtrips=true] returned 2 warnings: [299 Elasticsearch-7.16.1-5b38441b16b1ebb16a27c107a4c3865776e20c53 "Elasticsearch built-in security features are not enabled. Without authentication, your cluster could be accessible to anyone. See https://www.elastic.co/guide/en/elasticsearch/reference/7.16/security-minimal-setup.html to enable security."],[299 Elasticsearch-7.16.1-5b38441b16b1ebb16a27c107a4c3865776e20c53 "[ignore_throttled] parameter is deprecated because frozen indices have been deprecated. Consider cold or frozen tiers in place of frozen indices."]
2023-08-04 12:58:25,908 INFO  [com.dot.ContainerResource] (docker-java-stream-1865446083) STDOUT: 12:58:25.907  WARN  client.RestClient - request [POST http://elasticsearch:9200/cluster_c40f8aa8c9.live_20230804125756/_search?typed_keys=true&max_concurrent_shard_requests=5&ignore_unavailable=false&expand_wildcards=open&allow_no_indices=true&ignore_throttled=true&search_type=query_then_fetch&batched_reduce_size=512&ccs_minimize_roundtrips=true] returned 2 warnings: [299 Elasticsearch-7.16.1-5b38441b16b1ebb16a27c107a4c3865776e20c53 "Elasticsearch built-in security features are not enabled. Without authentication, your cluster could be accessible to anyone. See https://www.elastic.co/guide/en/elasticsearch/reference/7.16/security-minimal-setup.html to enable security."],[299 Elasticsearch-7.16.1-5b38441b16b1ebb16a27c107a4c3865776e20c53 "[ignore_throttled] parameter is deprecated because frozen indices have been deprecated. Consider cold or frozen tiers in place of frozen indices."]
2023-08-04 12:58:25,911 INFO  [com.dot.ContainerResource] (docker-java-stream-1865446083) STDOUT: 12:58:25.910  WARN  client.RestClient - request [POST http://elasticsearch:9200/cluster_c40f8aa8c9.live_20230804125756/_search?typed_keys=true&max_concurrent_shard_requests=5&ignore_unavailable=false&expand_wildcards=open&allow_no_indices=true&ignore_throttled=true&search_type=query_then_fetch&batched_reduce_size=512&ccs_minimize_roundtrips=true] returned 2 warnings: [299 Elasticsearch-7.16.1-5b38441b16b1ebb16a27c107a4c3865776e20c53 "Elasticsearch built-in security features are not enabled. Without authentication, your cluster could be accessible to anyone. See https://www.elastic.co/guide/en/elasticsearch/reference/7.16/security-minimal-setup.html to enable security."],[299 Elasticsearch-7.16.1-5b38441b16b1ebb16a27c107a4c3865776e20c53 "[ignore_throttled] parameter is deprecated because frozen indices have been deprecated. Consider cold or frozen tiers in place of frozen indices."]
2023-08-04 12:58:25,914 INFO  [com.dot.ContainerResource] (docker-java-stream-1865446083) STDOUT: 12:58:25.914  WARN  client.RestClient - request [POST http://elasticsearch:9200/cluster_c40f8aa8c9.live_20230804125756/_search?typed_keys=true&max_concurrent_shard_requests=5&ignore_unavailable=false&expand_wildcards=open&allow_no_indices=true&ignore_throttled=true&search_type=query_then_fetch&batched_reduce_size=512&ccs_minimize_roundtrips=true] returned 2 warnings: [299 Elasticsearch-7.16.1-5b38441b16b1ebb16a27c107a4c3865776e20c53 "Elasticsearch built-in security features are not enabled. Without authentication, your cluster could be accessible to anyone. See https://www.elastic.co/guide/en/elasticsearch/reference/7.16/security-minimal-setup.html to enable security."],[299 Elasticsearch-7.16.1-5b38441b16b1ebb16a27c107a4c3865776e20c53 "[ignore_throttled] parameter is deprecated because frozen indices have been deprecated. Consider cold or frozen tiers in place of frozen indices."]
2023-08-04 12:58:25,917 INFO  [com.dot.ContainerResource] (docker-java-stream-1865446083) STDOUT: 12:58:25.917  WARN  client.RestClient - request [POST http://elasticsearch:9200/cluster_c40f8aa8c9.live_20230804125756/_search?typed_keys=true&max_concurrent_shard_requests=5&ignore_unavailable=false&expand_wildcards=open&allow_no_indices=true&ignore_throttled=true&search_type=query_then_fetch&batched_reduce_size=512&ccs_minimize_roundtrips=true] returned 2 warnings: [299 Elasticsearch-7.16.1-5b38441b16b1ebb16a27c107a4c3865776e20c53 "Elasticsearch built-in security features are not enabled. Without authentication, your cluster could be accessible to anyone. See https://www.elastic.co/guide/en/elasticsearch/reference/7.16/security-minimal-setup.html to enable security."],[299 Elasticsearch-7.16.1-5b38441b16b1ebb16a27c107a4c3865776e20c53 "[ignore_throttled] parameter is deprecated because frozen indices have been deprecated. Consider cold or frozen tiers in place of frozen indices."]
2023-08-04 12:58:25,920 INFO  [com.dot.ContainerResource] (docker-java-stream-1865446083) STDOUT: 12:58:25.920  WARN  client.RestClient - request [POST http://elasticsearch:9200/cluster_c40f8aa8c9.live_20230804125756/_search?typed_keys=true&max_concurrent_shard_requests=5&ignore_unavailable=false&expand_wildcards=open&allow_no_indices=true&ignore_throttled=true&search_type=query_then_fetch&batched_reduce_size=512&ccs_minimize_roundtrips=true] returned 2 warnings: [299 Elasticsearch-7.16.1-5b38441b16b1ebb16a27c107a4c3865776e20c53 "Elasticsearch built-in security features are not enabled. Without authentication, your cluster could be accessible to anyone. See https://www.elastic.co/guide/en/elasticsearch/reference/7.16/security-minimal-setup.html to enable security."],[299 Elasticsearch-7.16.1-5b38441b16b1ebb16a27c107a4c3865776e20c53 "[ignore_throttled] parameter is deprecated because frozen indices have been deprecated. Consider cold or frozen tiers in place of frozen indices."]
2023-08-04 12:58:25,924 INFO  [com.dot.ContainerResource] (docker-java-stream-1865446083) STDOUT: 12:58:25.923  WARN  client.RestClient - request [POST http://elasticsearch:9200/cluster_c40f8aa8c9.live_20230804125756/_search?typed_keys=true&max_concurrent_shard_requests=5&ignore_unavailable=false&expand_wildcards=open&allow_no_indices=true&ignore_throttled=true&search_type=query_then_fetch&batched_reduce_size=512&ccs_minimize_roundtrips=true] returned 2 warnings: [299 Elasticsearch-7.16.1-5b38441b16b1ebb16a27c107a4c3865776e20c53 "Elasticsearch built-in security features are not enabled. Without authentication, your cluster could be accessible to anyone. See https://www.elastic.co/guide/en/elasticsearch/reference/7.16/security-minimal-setup.html to enable security."],[299 Elasticsearch-7.16.1-5b38441b16b1ebb16a27c107a4c3865776e20c53 "[ignore_throttled] parameter is deprecated because frozen indices have been deprecated. Consider cold or frozen tiers in place of frozen indices."]
2023-08-04 12:58:25,927 INFO  [com.dot.ContainerResource] (docker-java-stream-1865446083) STDOUT: 12:58:25.927  WARN  client.RestClient - request [POST http://elasticsearch:9200/cluster_c40f8aa8c9.live_20230804125756/_search?typed_keys=true&max_concurrent_shard_requests=5&ignore_unavailable=false&expand_wildcards=open&allow_no_indices=true&ignore_throttled=true&search_type=query_then_fetch&batched_reduce_size=512&ccs_minimize_roundtrips=true] returned 2 warnings: [299 Elasticsearch-7.16.1-5b38441b16b1ebb16a27c107a4c3865776e20c53 "Elasticsearch built-in security features are not enabled. Without authentication, your cluster could be accessible to anyone. See https://www.elastic.co/guide/en/elasticsearch/reference/7.16/security-minimal-setup.html to enable security."],[299 Elasticsearch-7.16.1-5b38441b16b1ebb16a27c107a4c3865776e20c53 "[ignore_throttled] parameter is deprecated because frozen indices have been deprecated. Consider cold or frozen tiers in place of frozen indices."]
2023-08-04 12:58:25,930 INFO  [com.dot.ContainerResource] (docker-java-stream-1865446083) STDOUT: 12:58:25.930  WARN  client.RestClient - request [POST http://elasticsearch:9200/cluster_c40f8aa8c9.live_20230804125756/_search?typed_keys=true&max_concurrent_shard_requests=5&ignore_unavailable=false&expand_wildcards=open&allow_no_indices=true&ignore_throttled=true&search_type=query_then_fetch&batched_reduce_size=512&ccs_minimize_roundtrips=true] returned 2 warnings: [299 Elasticsearch-7.16.1-5b38441b16b1ebb16a27c107a4c3865776e20c53 "Elasticsearch built-in security features are not enabled. Without authentication, your cluster could be accessible to anyone. See https://www.elastic.co/guide/en/elasticsearch/reference/7.16/security-minimal-setup.html to enable security."],[299 Elasticsearch-7.16.1-5b38441b16b1ebb16a27c107a4c3865776e20c53 "[ignore_throttled] parameter is deprecated because frozen indices have been deprecated. Consider cold or frozen tiers in place of frozen indices."]
2023-08-04 12:58:25,933 INFO  [com.dot.ContainerResource] (docker-java-stream-1865446083) STDOUT: 12:58:25.933  WARN  client.RestClient - request [POST http://elasticsearch:9200/cluster_c40f8aa8c9.live_20230804125756/_search?typed_keys=true&max_concurrent_shard_requests=5&ignore_unavailable=false&expand_wildcards=open&allow_no_indices=true&ignore_throttled=true&search_type=query_then_fetch&batched_reduce_size=512&ccs_minimize_roundtrips=true] returned 2 warnings: [299 Elasticsearch-7.16.1-5b38441b16b1ebb16a27c107a4c3865776e20c53 "Elasticsearch built-in security features are not enabled. Without authentication, your cluster could be accessible to anyone. See https://www.elastic.co/guide/en/elasticsearch/reference/7.16/security-minimal-setup.html to enable security."],[299 Elasticsearch-7.16.1-5b38441b16b1ebb16a27c107a4c3865776e20c53 "[ignore_throttled] parameter is deprecated because frozen indices have been deprecated. Consider cold or frozen tiers in place of frozen indices."]
2023-08-04 12:58:25,937 INFO  [com.dot.ContainerResource] (docker-java-stream-1865446083) STDOUT: 12:58:25.936  WARN  client.RestClient - request [POST http://elasticsearch:9200/cluster_c40f8aa8c9.live_20230804125756/_search?typed_keys=true&max_concurrent_shard_requests=5&ignore_unavailable=false&expand_wildcards=open&allow_no_indices=true&ignore_throttled=true&search_type=query_then_fetch&batched_reduce_size=512&ccs_minimize_roundtrips=true] returned 2 warnings: [299 Elasticsearch-7.16.1-5b38441b16b1ebb16a27c107a4c3865776e20c53 "Elasticsearch built-in security features are not enabled. Without authentication, your cluster could be accessible to anyone. See https://www.elastic.co/guide/en/elasticsearch/reference/7.16/security-minimal-setup.html to enable security."],[299 Elasticsearch-7.16.1-5b38441b16b1ebb16a27c107a4c3865776e20c53 "[ignore_throttled] parameter is deprecated because frozen indices have been deprecated. Consider cold or frozen tiers in place of frozen indices."]
2023-08-04 12:58:25,940 INFO  [com.dot.ContainerResource] (docker-java-stream-1865446083) STDOUT: 12:58:25.939  WARN  client.RestClient - request [POST http://elasticsearch:9200/cluster_c40f8aa8c9.live_20230804125756/_search?typed_keys=true&max_concurrent_shard_requests=5&ignore_unavailable=false&expand_wildcards=open&allow_no_indices=true&ignore_throttled=true&search_type=query_then_fetch&batched_reduce_size=512&ccs_minimize_roundtrips=true] returned 2 warnings: [299 Elasticsearch-7.16.1-5b38441b16b1ebb16a27c107a4c3865776e20c53 "Elasticsearch built-in security features are not enabled. Without authentication, your cluster could be accessible to anyone. See https://www.elastic.co/guide/en/elasticsearch/reference/7.16/security-minimal-setup.html to enable security."],[299 Elasticsearch-7.16.1-5b38441b16b1ebb16a27c107a4c3865776e20c53 "[ignore_throttled] parameter is deprecated because frozen indices have been deprecated. Consider cold or frozen tiers in place of frozen indices."]
2023-08-04 12:58:25,943 INFO  [com.dot.ContainerResource] (docker-java-stream-1865446083) STDOUT: 12:58:25.943  WARN  client.RestClient - request [POST http://elasticsearch:9200/cluster_c40f8aa8c9.live_20230804125756/_search?typed_keys=true&max_concurrent_shard_requests=5&ignore_unavailable=false&expand_wildcards=open&allow_no_indices=true&ignore_throttled=true&search_type=query_then_fetch&batched_reduce_size=512&ccs_minimize_roundtrips=true] returned 2 warnings: [299 Elasticsearch-7.16.1-5b38441b16b1ebb16a27c107a4c3865776e20c53 "Elasticsearch built-in security features are not enabled. Without authentication, your cluster could be accessible to anyone. See https://www.elastic.co/guide/en/elasticsearch/reference/7.16/security-minimal-setup.html to enable security."],[299 Elasticsearch-7.16.1-5b38441b16b1ebb16a27c107a4c3865776e20c53 "[ignore_throttled] parameter is deprecated because frozen indices have been deprecated. Consider cold or frozen tiers in place of frozen indices."]
2023-08-04 12:58:25,946 INFO  [com.dot.ContainerResource] (docker-java-stream-1865446083) STDOUT: 12:58:25.946  WARN  client.RestClient - request [POST http://elasticsearch:9200/cluster_c40f8aa8c9.live_20230804125756/_search?typed_keys=true&max_concurrent_shard_requests=5&ignore_unavailable=false&expand_wildcards=open&allow_no_indices=true&ignore_throttled=true&search_type=query_then_fetch&batched_reduce_size=512&ccs_minimize_roundtrips=true] returned 2 warnings: [299 Elasticsearch-7.16.1-5b38441b16b1ebb16a27c107a4c3865776e20c53 "Elasticsearch built-in security features are not enabled. Without authentication, your cluster could be accessible to anyone. See https://www.elastic.co/guide/en/elasticsearch/reference/7.16/security-minimal-setup.html to enable security."],[299 Elasticsearch-7.16.1-5b38441b16b1ebb16a27c107a4c3865776e20c53 "[ignore_throttled] parameter is deprecated because frozen indices have been deprecated. Consider cold or frozen tiers in place of frozen indices."]
2023-08-04 12:58:25,949 INFO  [com.dot.ContainerResource] (docker-java-stream-1865446083) STDOUT: 12:58:25.949  WARN  client.RestClient - request [POST http://elasticsearch:9200/cluster_c40f8aa8c9.live_20230804125756/_search?typed_keys=true&max_concurrent_shard_requests=5&ignore_unavailable=false&expand_wildcards=open&allow_no_indices=true&ignore_throttled=true&search_type=query_then_fetch&batched_reduce_size=512&ccs_minimize_roundtrips=true] returned 2 warnings: [299 Elasticsearch-7.16.1-5b38441b16b1ebb16a27c107a4c3865776e20c53 "Elasticsearch built-in security features are not enabled. Without authentication, your cluster could be accessible to anyone. See https://www.elastic.co/guide/en/elasticsearch/reference/7.16/security-minimal-setup.html to enable security."],[299 Elasticsearch-7.16.1-5b38441b16b1ebb16a27c107a4c3865776e20c53 "[ignore_throttled] parameter is deprecated because frozen indices have been deprecated. Consider cold or frozen tiers in place of frozen indices."]
2023-08-04 12:58:25,952 INFO  [com.dot.ContainerResource] (docker-java-stream-1865446083) STDOUT: 12:58:25.952  WARN  client.RestClient - request [POST http://elasticsearch:9200/cluster_c40f8aa8c9.live_20230804125756/_search?typed_keys=true&max_concurrent_shard_requests=5&ignore_unavailable=false&expand_wildcards=open&allow_no_indices=true&ignore_throttled=true&search_type=query_then_fetch&batched_reduce_size=512&ccs_minimize_roundtrips=true] returned 2 warnings: [299 Elasticsearch-7.16.1-5b38441b16b1ebb16a27c107a4c3865776e20c53 "Elasticsearch built-in security features are not enabled. Without authentication, your cluster could be accessible to anyone. See https://www.elastic.co/guide/en/elasticsearch/reference/7.16/security-minimal-setup.html to enable security."],[299 Elasticsearch-7.16.1-5b38441b16b1ebb16a27c107a4c3865776e20c53 "[ignore_throttled] parameter is deprecated because frozen indices have been deprecated. Consider cold or frozen tiers in place of frozen indices."]
2023-08-04 12:58:25,955 INFO  [com.dot.ContainerResource] (docker-java-stream-1865446083) STDOUT: 12:58:25.955  WARN  client.RestClient - request [POST http://elasticsearch:9200/cluster_c40f8aa8c9.live_20230804125756/_search?typed_keys=true&max_concurrent_shard_requests=5&ignore_unavailable=false&expand_wildcards=open&allow_no_indices=true&ignore_throttled=true&search_type=query_then_fetch&batched_reduce_size=512&ccs_minimize_roundtrips=true] returned 2 warnings: [299 Elasticsearch-7.16.1-5b38441b16b1ebb16a27c107a4c3865776e20c53 "Elasticsearch built-in security features are not enabled. Without authentication, your cluster could be accessible to anyone. See https://www.elastic.co/guide/en/elasticsearch/reference/7.16/security-minimal-setup.html to enable security."],[299 Elasticsearch-7.16.1-5b38441b16b1ebb16a27c107a4c3865776e20c53 "[ignore_throttled] parameter is deprecated because frozen indices have been deprecated. Consider cold or frozen tiers in place of frozen indices."]
2023-08-04 12:58:25,958 INFO  [com.dot.ContainerResource] (docker-java-stream-1865446083) STDOUT: 12:58:25.958  WARN  client.RestClient - request [POST http://elasticsearch:9200/cluster_c40f8aa8c9.live_20230804125756/_search?typed_keys=true&max_concurrent_shard_requests=5&ignore_unavailable=false&expand_wildcards=open&allow_no_indices=true&ignore_throttled=true&search_type=query_then_fetch&batched_reduce_size=512&ccs_minimize_roundtrips=true] returned 2 warnings: [299 Elasticsearch-7.16.1-5b38441b16b1ebb16a27c107a4c3865776e20c53 "Elasticsearch built-in security features are not enabled. Without authentication, your cluster could be accessible to anyone. See https://www.elastic.co/guide/en/elasticsearch/reference/7.16/security-minimal-setup.html to enable security."],[299 Elasticsearch-7.16.1-5b38441b16b1ebb16a27c107a4c3865776e20c53 "[ignore_throttled] parameter is deprecated because frozen indices have been deprecated. Consider cold or frozen tiers in place of frozen indices."]
2023-08-04 12:58:25,962 INFO  [com.dot.ContainerResource] (docker-java-stream-1865446083) STDOUT: 12:58:25.961  WARN  client.RestClient - request [POST http://elasticsearch:9200/cluster_c40f8aa8c9.live_20230804125756/_search?typed_keys=true&max_concurrent_shard_requests=5&ignore_unavailable=false&expand_wildcards=open&allow_no_indices=true&ignore_throttled=true&search_type=query_then_fetch&batched_reduce_size=512&ccs_minimize_roundtrips=true] returned 2 warnings: [299 Elasticsearch-7.16.1-5b38441b16b1ebb16a27c107a4c3865776e20c53 "Elasticsearch built-in security features are not enabled. Without authentication, your cluster could be accessible to anyone. See https://www.elastic.co/guide/en/elasticsearch/reference/7.16/security-minimal-setup.html to enable security."],[299 Elasticsearch-7.16.1-5b38441b16b1ebb16a27c107a4c3865776e20c53 "[ignore_throttled] parameter is deprecated because frozen indices have been deprecated. Consider cold or frozen tiers in place of frozen indices."]
2023-08-04 12:58:25,965 INFO  [com.dot.ContainerResource] (docker-java-stream-1865446083) STDOUT: 12:58:25.964  WARN  client.RestClient - request [POST http://elasticsearch:9200/cluster_c40f8aa8c9.live_20230804125756/_search?typed_keys=true&max_concurrent_shard_requests=5&ignore_unavailable=false&expand_wildcards=open&allow_no_indices=true&ignore_throttled=true&search_type=query_then_fetch&batched_reduce_size=512&ccs_minimize_roundtrips=true] returned 2 warnings: [299 Elasticsearch-7.16.1-5b38441b16b1ebb16a27c107a4c3865776e20c53 "Elasticsearch built-in security features are not enabled. Without authentication, your cluster could be accessible to anyone. See https://www.elastic.co/guide/en/elasticsearch/reference/7.16/security-minimal-setup.html to enable security."],[299 Elasticsearch-7.16.1-5b38441b16b1ebb16a27c107a4c3865776e20c53 "[ignore_throttled] parameter is deprecated because frozen indices have been deprecated. Consider cold or frozen tiers in place of frozen indices."]
2023-08-04 12:58:25,968 INFO  [com.dot.ContainerResource] (docker-java-stream-1865446083) STDOUT: 12:58:25.967  WARN  client.RestClient - request [POST http://elasticsearch:9200/cluster_c40f8aa8c9.live_20230804125756/_search?typed_keys=true&max_concurrent_shard_requests=5&ignore_unavailable=false&expand_wildcards=open&allow_no_indices=true&ignore_throttled=true&search_type=query_then_fetch&batched_reduce_size=512&ccs_minimize_roundtrips=true] returned 2 warnings: [299 Elasticsearch-7.16.1-5b38441b16b1ebb16a27c107a4c3865776e20c53 "Elasticsearch built-in security features are not enabled. Without authentication, your cluster could be accessible to anyone. See https://www.elastic.co/guide/en/elasticsearch/reference/7.16/security-minimal-setup.html to enable security."],[299 Elasticsearch-7.16.1-5b38441b16b1ebb16a27c107a4c3865776e20c53 "[ignore_throttled] parameter is deprecated because frozen indices have been deprecated. Consider cold or frozen tiers in place of frozen indices."]
2023-08-04 12:58:25,970 INFO  [com.dot.ContainerResource] (docker-java-stream-1865446083) STDOUT: 12:58:25.970  WARN  client.RestClient - request [POST http://elasticsearch:9200/cluster_c40f8aa8c9.live_20230804125756/_search?typed_keys=true&max_concurrent_shard_requests=5&ignore_unavailable=false&expand_wildcards=open&allow_no_indices=true&ignore_throttled=true&search_type=query_then_fetch&batched_reduce_size=512&ccs_minimize_roundtrips=true] returned 2 warnings: [299 Elasticsearch-7.16.1-5b38441b16b1ebb16a27c107a4c3865776e20c53 "Elasticsearch built-in security features are not enabled. Without authentication, your cluster could be accessible to anyone. See https://www.elastic.co/guide/en/elasticsearch/reference/7.16/security-minimal-setup.html to enable security."],[299 Elasticsearch-7.16.1-5b38441b16b1ebb16a27c107a4c3865776e20c53 "[ignore_throttled] parameter is deprecated because frozen indices have been deprecated. Consider cold or frozen tiers in place of frozen indices."]
2023-08-04 12:58:25,973 INFO  [com.dot.ContainerResource] (docker-java-stream-1865446083) STDOUT: 12:58:25.973  WARN  client.RestClient - request [POST http://elasticsearch:9200/cluster_c40f8aa8c9.live_20230804125756/_search?typed_keys=true&max_concurrent_shard_requests=5&ignore_unavailable=false&expand_wildcards=open&allow_no_indices=true&ignore_throttled=true&search_type=query_then_fetch&batched_reduce_size=512&ccs_minimize_roundtrips=true] returned 2 warnings: [299 Elasticsearch-7.16.1-5b38441b16b1ebb16a27c107a4c3865776e20c53 "Elasticsearch built-in security features are not enabled. Without authentication, your cluster could be accessible to anyone. See https://www.elastic.co/guide/en/elasticsearch/reference/7.16/security-minimal-setup.html to enable security."],[299 Elasticsearch-7.16.1-5b38441b16b1ebb16a27c107a4c3865776e20c53 "[ignore_throttled] parameter is deprecated because frozen indices have been deprecated. Consider cold or frozen tiers in place of frozen indices."]
2023-08-04 12:58:25,979 INFO  [com.dot.ContainerResource] (docker-java-stream-1865446083) STDOUT: 12:58:25.978  WARN  client.RestClient - request [POST http://elasticsearch:9200/cluster_c40f8aa8c9.live_20230804125756/_search?typed_keys=true&max_concurrent_shard_requests=5&ignore_unavailable=false&expand_wildcards=open&allow_no_indices=true&ignore_throttled=true&search_type=query_then_fetch&batched_reduce_size=512&ccs_minimize_roundtrips=true] returned 2 warnings: [299 Elasticsearch-7.16.1-5b38441b16b1ebb16a27c107a4c3865776e20c53 "Elasticsearch built-in security features are not enabled. Without authentication, your cluster could be accessible to anyone. See https://www.elastic.co/guide/en/elasticsearch/reference/7.16/security-minimal-setup.html to enable security."],[299 Elasticsearch-7.16.1-5b38441b16b1ebb16a27c107a4c3865776e20c53 "[ignore_throttled] parameter is deprecated because frozen indices have been deprecated. Consider cold or frozen tiers in place of frozen indices."]
2023-08-04 12:58:25,981 INFO  [com.dot.ContainerResource] (docker-java-stream-1865446083) STDOUT: 12:58:25.980  WARN  client.RestClient - request [POST http://elasticsearch:9200/cluster_c40f8aa8c9.live_20230804125756/_search?typed_keys=true&max_concurrent_shard_requests=5&ignore_unavailable=false&expand_wildcards=open&allow_no_indices=true&ignore_throttled=true&search_type=query_then_fetch&batched_reduce_size=512&ccs_minimize_roundtrips=true] returned 2 warnings: [299 Elasticsearch-7.16.1-5b38441b16b1ebb16a27c107a4c3865776e20c53 "Elasticsearch built-in security features are not enabled. Without authentication, your cluster could be accessible to anyone. See https://www.elastic.co/guide/en/elasticsearch/reference/7.16/security-minimal-setup.html to enable security."],[299 Elasticsearch-7.16.1-5b38441b16b1ebb16a27c107a4c3865776e20c53 "[ignore_throttled] parameter is deprecated because frozen indices have been deprecated. Consider cold or frozen tiers in place of frozen indices."]
2023-08-04 12:58:25,991 INFO  [com.dot.ContainerResource] (docker-java-stream-1865446083) STDOUT: 12:58:25.991  WARN  client.RestClient - request [POST http://elasticsearch:9200/cluster_c40f8aa8c9.live_20230804125756/_search?typed_keys=true&max_concurrent_shard_requests=5&ignore_unavailable=false&expand_wildcards=open&allow_no_indices=true&ignore_throttled=true&search_type=query_then_fetch&batched_reduce_size=512&ccs_minimize_roundtrips=true] returned 2 warnings: [299 Elasticsearch-7.16.1-5b38441b16b1ebb16a27c107a4c3865776e20c53 "Elasticsearch built-in security features are not enabled. Without authentication, your cluster could be accessible to anyone. See https://www.elastic.co/guide/en/elasticsearch/reference/7.16/security-minimal-setup.html to enable security."],[299 Elasticsearch-7.16.1-5b38441b16b1ebb16a27c107a4c3865776e20c53 "[ignore_throttled] parameter is deprecated because frozen indices have been deprecated. Consider cold or frozen tiers in place of frozen indices."]
2023-08-04 12:58:25,998 INFO  [com.dot.ContainerResource] (docker-java-stream-1865446083) STDOUT: 12:58:25.998  WARN  client.RestClient - request [POST http://elasticsearch:9200/cluster_c40f8aa8c9.live_20230804125756/_search?typed_keys=true&max_concurrent_shard_requests=5&ignore_unavailable=false&expand_wildcards=open&allow_no_indices=true&ignore_throttled=true&search_type=query_then_fetch&batched_reduce_size=512&ccs_minimize_roundtrips=true] returned 2 warnings: [299 Elasticsearch-7.16.1-5b38441b16b1ebb16a27c107a4c3865776e20c53 "Elasticsearch built-in security features are not enabled. Without authentication, your cluster could be accessible to anyone. See https://www.elastic.co/guide/en/elasticsearch/reference/7.16/security-minimal-setup.html to enable security."],[299 Elasticsearch-7.16.1-5b38441b16b1ebb16a27c107a4c3865776e20c53 "[ignore_throttled] parameter is deprecated because frozen indices have been deprecated. Consider cold or frozen tiers in place of frozen indices."]
2023-08-04 12:58:26,005 INFO  [com.dot.ContainerResource] (docker-java-stream-1865446083) STDOUT: 12:58:26.004  WARN  client.RestClient - request [POST http://elasticsearch:9200/cluster_c40f8aa8c9.live_20230804125756/_search?typed_keys=true&max_concurrent_shard_requests=5&ignore_unavailable=false&expand_wildcards=open&allow_no_indices=true&ignore_throttled=true&search_type=query_then_fetch&batched_reduce_size=512&ccs_minimize_roundtrips=true] returned 2 warnings: [299 Elasticsearch-7.16.1-5b38441b16b1ebb16a27c107a4c3865776e20c53 "Elasticsearch built-in security features are not enabled. Without authentication, your cluster could be accessible to anyone. See https://www.elastic.co/guide/en/elasticsearch/reference/7.16/security-minimal-setup.html to enable security."],[299 Elasticsearch-7.16.1-5b38441b16b1ebb16a27c107a4c3865776e20c53 "[ignore_throttled] parameter is deprecated because frozen indices have been deprecated. Consider cold or frozen tiers in place of frozen indices."]
2023-08-04 12:58:26,008 INFO  [com.dot.ContainerResource] (docker-java-stream-1865446083) STDOUT: 12:58:26.008  WARN  client.RestClient - request [POST http://elasticsearch:9200/cluster_c40f8aa8c9.live_20230804125756/_search?typed_keys=true&max_concurrent_shard_requests=5&ignore_unavailable=false&expand_wildcards=open&allow_no_indices=true&ignore_throttled=true&search_type=query_then_fetch&batched_reduce_size=512&ccs_minimize_roundtrips=true] returned 2 warnings: [299 Elasticsearch-7.16.1-5b38441b16b1ebb16a27c107a4c3865776e20c53 "Elasticsearch built-in security features are not enabled. Without authentication, your cluster could be accessible to anyone. See https://www.elastic.co/guide/en/elasticsearch/reference/7.16/security-minimal-setup.html to enable security."],[299 Elasticsearch-7.16.1-5b38441b16b1ebb16a27c107a4c3865776e20c53 "[ignore_throttled] parameter is deprecated because frozen indices have been deprecated. Consider cold or frozen tiers in place of frozen indices."]
2023-08-04 12:58:26,012 INFO  [com.dot.ContainerResource] (docker-java-stream-1865446083) STDOUT: 12:58:26.012  WARN  client.RestClient - request [POST http://elasticsearch:9200/cluster_c40f8aa8c9.live_20230804125756/_search?typed_keys=true&max_concurrent_shard_requests=5&ignore_unavailable=false&expand_wildcards=open&allow_no_indices=true&ignore_throttled=true&search_type=query_then_fetch&batched_reduce_size=512&ccs_minimize_roundtrips=true] returned 2 warnings: [299 Elasticsearch-7.16.1-5b38441b16b1ebb16a27c107a4c3865776e20c53 "Elasticsearch built-in security features are not enabled. Without authentication, your cluster could be accessible to anyone. See https://www.elastic.co/guide/en/elasticsearch/reference/7.16/security-minimal-setup.html to enable security."],[299 Elasticsearch-7.16.1-5b38441b16b1ebb16a27c107a4c3865776e20c53 "[ignore_throttled] parameter is deprecated because frozen indices have been deprecated. Consider cold or frozen tiers in place of frozen indices."]
2023-08-04 12:58:26,017 INFO  [com.dot.ContainerResource] (docker-java-stream-1865446083) STDOUT: 12:58:26.017  WARN  client.RestClient - request [POST http://elasticsearch:9200/cluster_c40f8aa8c9.live_20230804125756/_search?typed_keys=true&max_concurrent_shard_requests=5&ignore_unavailable=false&expand_wildcards=open&allow_no_indices=true&ignore_throttled=true&search_type=query_then_fetch&batched_reduce_size=512&ccs_minimize_roundtrips=true] returned 2 warnings: [299 Elasticsearch-7.16.1-5b38441b16b1ebb16a27c107a4c3865776e20c53 "Elasticsearch built-in security features are not enabled. Without authentication, your cluster could be accessible to anyone. See https://www.elastic.co/guide/en/elasticsearch/reference/7.16/security-minimal-setup.html to enable security."],[299 Elasticsearch-7.16.1-5b38441b16b1ebb16a27c107a4c3865776e20c53 "[ignore_throttled] parameter is deprecated because frozen indices have been deprecated. Consider cold or frozen tiers in place of frozen indices."]
2023-08-04 12:58:26,029 INFO  [com.dot.ContainerResource] (docker-java-stream-1865446083) STDOUT: 12:58:26.028  WARN  client.RestClient - request [POST http://elasticsearch:9200/cluster_c40f8aa8c9.live_20230804125756/_search?typed_keys=true&max_concurrent_shard_requests=5&ignore_unavailable=false&expand_wildcards=open&allow_no_indices=true&ignore_throttled=true&search_type=query_then_fetch&batched_reduce_size=512&ccs_minimize_roundtrips=true] returned 2 warnings: [299 Elasticsearch-7.16.1-5b38441b16b1ebb16a27c107a4c3865776e20c53 "Elasticsearch built-in security features are not enabled. Without authentication, your cluster could be accessible to anyone. See https://www.elastic.co/guide/en/elasticsearch/reference/7.16/security-minimal-setup.html to enable security."],[299 Elasticsearch-7.16.1-5b38441b16b1ebb16a27c107a4c3865776e20c53 "[ignore_throttled] parameter is deprecated because frozen indices have been deprecated. Consider cold or frozen tiers in place of frozen indices."]
2023-08-04 12:58:26,033 INFO  [com.dot.ContainerResource] (docker-java-stream-1865446083) STDOUT: 12:58:26.033  WARN  client.RestClient - request [POST http://elasticsearch:9200/cluster_c40f8aa8c9.live_20230804125756/_search?typed_keys=true&max_concurrent_shard_requests=5&ignore_unavailable=false&expand_wildcards=open&allow_no_indices=true&ignore_throttled=true&search_type=query_then_fetch&batched_reduce_size=512&ccs_minimize_roundtrips=true] returned 2 warnings: [299 Elasticsearch-7.16.1-5b38441b16b1ebb16a27c107a4c3865776e20c53 "Elasticsearch built-in security features are not enabled. Without authentication, your cluster could be accessible to anyone. See https://www.elastic.co/guide/en/elasticsearch/reference/7.16/security-minimal-setup.html to enable security."],[299 Elasticsearch-7.16.1-5b38441b16b1ebb16a27c107a4c3865776e20c53 "[ignore_throttled] parameter is deprecated because frozen indices have been deprecated. Consider cold or frozen tiers in place of frozen indices."]
2023-08-04 12:58:26,037 INFO  [com.dot.ContainerResource] (docker-java-stream-1865446083) STDOUT: 12:58:26.036  WARN  client.RestClient - request [POST http://elasticsearch:9200/cluster_c40f8aa8c9.live_20230804125756/_search?typed_keys=true&max_concurrent_shard_requests=5&ignore_unavailable=false&expand_wildcards=open&allow_no_indices=true&ignore_throttled=true&search_type=query_then_fetch&batched_reduce_size=512&ccs_minimize_roundtrips=true] returned 2 warnings: [299 Elasticsearch-7.16.1-5b38441b16b1ebb16a27c107a4c3865776e20c53 "Elasticsearch built-in security features are not enabled. Without authentication, your cluster could be accessible to anyone. See https://www.elastic.co/guide/en/elasticsearch/reference/7.16/security-minimal-setup.html to enable security."],[299 Elasticsearch-7.16.1-5b38441b16b1ebb16a27c107a4c3865776e20c53 "[ignore_throttled] parameter is deprecated because frozen indices have been deprecated. Consider cold or frozen tiers in place of frozen indices."]
2023-08-04 12:58:26,040 INFO  [com.dot.ContainerResource] (docker-java-stream-1865446083) STDOUT: 12:58:26.039  WARN  client.RestClient - request [POST http://elasticsearch:9200/cluster_c40f8aa8c9.live_20230804125756/_search?typed_keys=true&max_concurrent_shard_requests=5&ignore_unavailable=false&expand_wildcards=open&allow_no_indices=true&ignore_throttled=true&search_type=query_then_fetch&batched_reduce_size=512&ccs_minimize_roundtrips=true] returned 2 warnings: [299 Elasticsearch-7.16.1-5b38441b16b1ebb16a27c107a4c3865776e20c53 "Elasticsearch built-in security features are not enabled. Without authentication, your cluster could be accessible to anyone. See https://www.elastic.co/guide/en/elasticsearch/reference/7.16/security-minimal-setup.html to enable security."],[299 Elasticsearch-7.16.1-5b38441b16b1ebb16a27c107a4c3865776e20c53 "[ignore_throttled] parameter is deprecated because frozen indices have been deprecated. Consider cold or frozen tiers in place of frozen indices."]
2023-08-04 12:58:26,047 INFO  [com.dot.ContainerResource] (docker-java-stream-1865446083) STDOUT: 12:58:26.046  WARN  client.RestClient - request [POST http://elasticsearch:9200/cluster_c40f8aa8c9.live_20230804125756/_search?typed_keys=true&max_concurrent_shard_requests=5&ignore_unavailable=false&expand_wildcards=open&allow_no_indices=true&ignore_throttled=true&search_type=query_then_fetch&batched_reduce_size=512&ccs_minimize_roundtrips=true] returned 2 warnings: [299 Elasticsearch-7.16.1-5b38441b16b1ebb16a27c107a4c3865776e20c53 "Elasticsearch built-in security features are not enabled. Without authentication, your cluster could be accessible to anyone. See https://www.elastic.co/guide/en/elasticsearch/reference/7.16/security-minimal-setup.html to enable security."],[299 Elasticsearch-7.16.1-5b38441b16b1ebb16a27c107a4c3865776e20c53 "[ignore_throttled] parameter is deprecated because frozen indices have been deprecated. Consider cold or frozen tiers in place of frozen indices."]
2023-08-04 12:58:26,050 INFO  [com.dot.ContainerResource] (docker-java-stream-1865446083) STDOUT: 12:58:26.049  WARN  client.RestClient - request [POST http://elasticsearch:9200/cluster_c40f8aa8c9.live_20230804125756/_search?typed_keys=true&max_concurrent_shard_requests=5&ignore_unavailable=false&expand_wildcards=open&allow_no_indices=true&ignore_throttled=true&search_type=query_then_fetch&batched_reduce_size=512&ccs_minimize_roundtrips=true] returned 2 warnings: [299 Elasticsearch-7.16.1-5b38441b16b1ebb16a27c107a4c3865776e20c53 "Elasticsearch built-in security features are not enabled. Without authentication, your cluster could be accessible to anyone. See https://www.elastic.co/guide/en/elasticsearch/reference/7.16/security-minimal-setup.html to enable security."],[299 Elasticsearch-7.16.1-5b38441b16b1ebb16a27c107a4c3865776e20c53 "[ignore_throttled] parameter is deprecated because frozen indices have been deprecated. Consider cold or frozen tiers in place of frozen indices."]
2023-08-04 12:58:26,054 INFO  [com.dot.ContainerResource] (docker-java-stream-1865446083) STDOUT: 12:58:26.053  WARN  client.RestClient - request [POST http://elasticsearch:9200/cluster_c40f8aa8c9.live_20230804125756/_search?typed_keys=true&max_concurrent_shard_requests=5&ignore_unavailable=false&expand_wildcards=open&allow_no_indices=true&ignore_throttled=true&search_type=query_then_fetch&batched_reduce_size=512&ccs_minimize_roundtrips=true] returned 2 warnings: [299 Elasticsearch-7.16.1-5b38441b16b1ebb16a27c107a4c3865776e20c53 "Elasticsearch built-in security features are not enabled. Without authentication, your cluster could be accessible to anyone. See https://www.elastic.co/guide/en/elasticsearch/reference/7.16/security-minimal-setup.html to enable security."],[299 Elasticsearch-7.16.1-5b38441b16b1ebb16a27c107a4c3865776e20c53 "[ignore_throttled] parameter is deprecated because frozen indices have been deprecated. Consider cold or frozen tiers in place of frozen indices."]
2023-08-04 12:58:26,062 INFO  [com.dot.ContainerResource] (docker-java-stream-1865446083) STDOUT: 12:58:26.062  WARN  client.RestClient - request [POST http://elasticsearch:9200/cluster_c40f8aa8c9.live_20230804125756/_search?typed_keys=true&max_concurrent_shard_requests=5&ignore_unavailable=false&expand_wildcards=open&allow_no_indices=true&ignore_throttled=true&search_type=query_then_fetch&batched_reduce_size=512&ccs_minimize_roundtrips=true] returned 2 warnings: [299 Elasticsearch-7.16.1-5b38441b16b1ebb16a27c107a4c3865776e20c53 "Elasticsearch built-in security features are not enabled. Without authentication, your cluster could be accessible to anyone. See https://www.elastic.co/guide/en/elasticsearch/reference/7.16/security-minimal-setup.html to enable security."],[299 Elasticsearch-7.16.1-5b38441b16b1ebb16a27c107a4c3865776e20c53 "[ignore_throttled] parameter is deprecated because frozen indices have been deprecated. Consider cold or frozen tiers in place of frozen indices."]
2023-08-04 12:58:26,071 INFO  [com.dot.ContainerResource] (docker-java-stream-1865446083) STDOUT: 12:58:26.071  WARN  client.RestClient - request [POST http://elasticsearch:9200/cluster_c40f8aa8c9.live_20230804125756/_search?typed_keys=true&max_concurrent_shard_requests=5&ignore_unavailable=false&expand_wildcards=open&allow_no_indices=true&ignore_throttled=true&search_type=query_then_fetch&batched_reduce_size=512&ccs_minimize_roundtrips=true] returned 2 warnings: [299 Elasticsearch-7.16.1-5b38441b16b1ebb16a27c107a4c3865776e20c53 "Elasticsearch built-in security features are not enabled. Without authentication, your cluster could be accessible to anyone. See https://www.elastic.co/guide/en/elasticsearch/reference/7.16/security-minimal-setup.html to enable security."],[299 Elasticsearch-7.16.1-5b38441b16b1ebb16a27c107a4c3865776e20c53 "[ignore_throttled] parameter is deprecated because frozen indices have been deprecated. Consider cold or frozen tiers in place of frozen indices."]
2023-08-04 12:58:26,075 INFO  [com.dot.ContainerResource] (docker-java-stream-1865446083) STDOUT: 12:58:26.074  WARN  client.RestClient - request [POST http://elasticsearch:9200/cluster_c40f8aa8c9.live_20230804125756/_search?typed_keys=true&max_concurrent_shard_requests=5&ignore_unavailable=false&expand_wildcards=open&allow_no_indices=true&ignore_throttled=true&search_type=query_then_fetch&batched_reduce_size=512&ccs_minimize_roundtrips=true] returned 2 warnings: [299 Elasticsearch-7.16.1-5b38441b16b1ebb16a27c107a4c3865776e20c53 "Elasticsearch built-in security features are not enabled. Without authentication, your cluster could be accessible to anyone. See https://www.elastic.co/guide/en/elasticsearch/reference/7.16/security-minimal-setup.html to enable security."],[299 Elasticsearch-7.16.1-5b38441b16b1ebb16a27c107a4c3865776e20c53 "[ignore_throttled] parameter is deprecated because frozen indices have been deprecated. Consider cold or frozen tiers in place of frozen indices."]
2023-08-04 12:58:26,079 INFO  [com.dot.ContainerResource] (docker-java-stream-1865446083) STDOUT: 12:58:26.079  WARN  client.RestClient - request [POST http://elasticsearch:9200/cluster_c40f8aa8c9.live_20230804125756/_search?typed_keys=true&max_concurrent_shard_requests=5&ignore_unavailable=false&expand_wildcards=open&allow_no_indices=true&ignore_throttled=true&search_type=query_then_fetch&batched_reduce_size=512&ccs_minimize_roundtrips=true] returned 2 warnings: [299 Elasticsearch-7.16.1-5b38441b16b1ebb16a27c107a4c3865776e20c53 "Elasticsearch built-in security features are not enabled. Without authentication, your cluster could be accessible to anyone. See https://www.elastic.co/guide/en/elasticsearch/reference/7.16/security-minimal-setup.html to enable security."],[299 Elasticsearch-7.16.1-5b38441b16b1ebb16a27c107a4c3865776e20c53 "[ignore_throttled] parameter is deprecated because frozen indices have been deprecated. Consider cold or frozen tiers in place of frozen indices."]
2023-08-04 12:58:26,081 INFO  [com.dot.ContainerResource] (docker-java-stream-1865446083) STDOUT: 12:58:26.081  WARN  client.RestClient - request [POST http://elasticsearch:9200/cluster_c40f8aa8c9.live_20230804125756/_search?typed_keys=true&max_concurrent_shard_requests=5&ignore_unavailable=false&expand_wildcards=open&allow_no_indices=true&ignore_throttled=true&search_type=query_then_fetch&batched_reduce_size=512&ccs_minimize_roundtrips=true] returned 2 warnings: [299 Elasticsearch-7.16.1-5b38441b16b1ebb16a27c107a4c3865776e20c53 "Elasticsearch built-in security features are not enabled. Without authentication, your cluster could be accessible to anyone. See https://www.elastic.co/guide/en/elasticsearch/reference/7.16/security-minimal-setup.html to enable security."],[299 Elasticsearch-7.16.1-5b38441b16b1ebb16a27c107a4c3865776e20c53 "[ignore_throttled] parameter is deprecated because frozen indices have been deprecated. Consider cold or frozen tiers in place of frozen indices."]
2023-08-04 12:58:26,084 INFO  [com.dot.ContainerResource] (docker-java-stream-1865446083) STDOUT: 12:58:26.083  WARN  client.RestClient - request [POST http://elasticsearch:9200/cluster_c40f8aa8c9.live_20230804125756/_search?typed_keys=true&max_concurrent_shard_requests=5&ignore_unavailable=false&expand_wildcards=open&allow_no_indices=true&ignore_throttled=true&search_type=query_then_fetch&batched_reduce_size=512&ccs_minimize_roundtrips=true] returned 2 warnings: [299 Elasticsearch-7.16.1-5b38441b16b1ebb16a27c107a4c3865776e20c53 "Elasticsearch built-in security features are not enabled. Without authentication, your cluster could be accessible to anyone. See https://www.elastic.co/guide/en/elasticsearch/reference/7.16/security-minimal-setup.html to enable security."],[299 Elasticsearch-7.16.1-5b38441b16b1ebb16a27c107a4c3865776e20c53 "[ignore_throttled] parameter is deprecated because frozen indices have been deprecated. Consider cold or frozen tiers in place of frozen indices."]
2023-08-04 12:58:26,086 INFO  [com.dot.ContainerResource] (docker-java-stream-1865446083) STDOUT: 12:58:26.085  WARN  client.RestClient - request [POST http://elasticsearch:9200/cluster_c40f8aa8c9.live_20230804125756/_search?typed_keys=true&max_concurrent_shard_requests=5&ignore_unavailable=false&expand_wildcards=open&allow_no_indices=true&ignore_throttled=true&search_type=query_then_fetch&batched_reduce_size=512&ccs_minimize_roundtrips=true] returned 2 warnings: [299 Elasticsearch-7.16.1-5b38441b16b1ebb16a27c107a4c3865776e20c53 "Elasticsearch built-in security features are not enabled. Without authentication, your cluster could be accessible to anyone. See https://www.elastic.co/guide/en/elasticsearch/reference/7.16/security-minimal-setup.html to enable security."],[299 Elasticsearch-7.16.1-5b38441b16b1ebb16a27c107a4c3865776e20c53 "[ignore_throttled] parameter is deprecated because frozen indices have been deprecated. Consider cold or frozen tiers in place of frozen indices."]
2023-08-04 12:58:26,088 INFO  [com.dot.ContainerResource] (docker-java-stream-1865446083) STDOUT: 12:58:26.087  WARN  client.RestClient - request [POST http://elasticsearch:9200/cluster_c40f8aa8c9.live_20230804125756/_search?typed_keys=true&max_concurrent_shard_requests=5&ignore_unavailable=false&expand_wildcards=open&allow_no_indices=true&ignore_throttled=true&search_type=query_then_fetch&batched_reduce_size=512&ccs_minimize_roundtrips=true] returned 2 warnings: [299 Elasticsearch-7.16.1-5b38441b16b1ebb16a27c107a4c3865776e20c53 "Elasticsearch built-in security features are not enabled. Without authentication, your cluster could be accessible to anyone. See https://www.elastic.co/guide/en/elasticsearch/reference/7.16/security-minimal-setup.html to enable security."],[299 Elasticsearch-7.16.1-5b38441b16b1ebb16a27c107a4c3865776e20c53 "[ignore_throttled] parameter is deprecated because frozen indices have been deprecated. Consider cold or frozen tiers in place of frozen indices."]
2023-08-04 12:58:26,090 INFO  [com.dot.ContainerResource] (docker-java-stream-1865446083) STDOUT: 12:58:26.089  WARN  client.RestClient - request [POST http://elasticsearch:9200/cluster_c40f8aa8c9.live_20230804125756/_search?typed_keys=true&max_concurrent_shard_requests=5&ignore_unavailable=false&expand_wildcards=open&allow_no_indices=true&ignore_throttled=true&search_type=query_then_fetch&batched_reduce_size=512&ccs_minimize_roundtrips=true] returned 2 warnings: [299 Elasticsearch-7.16.1-5b38441b16b1ebb16a27c107a4c3865776e20c53 "Elasticsearch built-in security features are not enabled. Without authentication, your cluster could be accessible to anyone. See https://www.elastic.co/guide/en/elasticsearch/reference/7.16/security-minimal-setup.html to enable security."],[299 Elasticsearch-7.16.1-5b38441b16b1ebb16a27c107a4c3865776e20c53 "[ignore_throttled] parameter is deprecated because frozen indices have been deprecated. Consider cold or frozen tiers in place of frozen indices."]
2023-08-04 12:58:26,091 INFO  [com.dot.ContainerResource] (docker-java-stream-1865446083) STDOUT: 12:58:26.091  WARN  client.RestClient - request [POST http://elasticsearch:9200/cluster_c40f8aa8c9.live_20230804125756/_search?typed_keys=true&max_concurrent_shard_requests=5&ignore_unavailable=false&expand_wildcards=open&allow_no_indices=true&ignore_throttled=true&search_type=query_then_fetch&batched_reduce_size=512&ccs_minimize_roundtrips=true] returned 2 warnings: [299 Elasticsearch-7.16.1-5b38441b16b1ebb16a27c107a4c3865776e20c53 "Elasticsearch built-in security features are not enabled. Without authentication, your cluster could be accessible to anyone. See https://www.elastic.co/guide/en/elasticsearch/reference/7.16/security-minimal-setup.html to enable security."],[299 Elasticsearch-7.16.1-5b38441b16b1ebb16a27c107a4c3865776e20c53 "[ignore_throttled] parameter is deprecated because frozen indices have been deprecated. Consider cold or frozen tiers in place of frozen indices."]
2023-08-04 12:58:26,100 INFO  [com.dot.ContainerResource] (docker-java-stream-1865446083) STDOUT: 12:58:26.099  WARN  client.RestClient - request [POST http://elasticsearch:9200/cluster_c40f8aa8c9.live_20230804125756/_search?typed_keys=true&max_concurrent_shard_requests=5&ignore_unavailable=false&expand_wildcards=open&allow_no_indices=true&ignore_throttled=true&search_type=query_then_fetch&batched_reduce_size=512&ccs_minimize_roundtrips=true] returned 2 warnings: [299 Elasticsearch-7.16.1-5b38441b16b1ebb16a27c107a4c3865776e20c53 "Elasticsearch built-in security features are not enabled. Without authentication, your cluster could be accessible to anyone. See https://www.elastic.co/guide/en/elasticsearch/reference/7.16/security-minimal-setup.html to enable security."],[299 Elasticsearch-7.16.1-5b38441b16b1ebb16a27c107a4c3865776e20c53 "[ignore_throttled] parameter is deprecated because frozen indices have been deprecated. Consider cold or frozen tiers in place of frozen indices."]
2023-08-04 12:58:26,103 INFO  [com.dot.ContainerResource] (docker-java-stream-1865446083) STDOUT: 12:58:26.102  WARN  client.RestClient - request [POST http://elasticsearch:9200/cluster_c40f8aa8c9.live_20230804125756/_search?typed_keys=true&max_concurrent_shard_requests=5&ignore_unavailable=false&expand_wildcards=open&allow_no_indices=true&ignore_throttled=true&search_type=query_then_fetch&batched_reduce_size=512&ccs_minimize_roundtrips=true] returned 2 warnings: [299 Elasticsearch-7.16.1-5b38441b16b1ebb16a27c107a4c3865776e20c53 "Elasticsearch built-in security features are not enabled. Without authentication, your cluster could be accessible to anyone. See https://www.elastic.co/guide/en/elasticsearch/reference/7.16/security-minimal-setup.html to enable security."],[299 Elasticsearch-7.16.1-5b38441b16b1ebb16a27c107a4c3865776e20c53 "[ignore_throttled] parameter is deprecated because frozen indices have been deprecated. Consider cold or frozen tiers in place of frozen indices."]
2023-08-04 12:58:26,112 INFO  [com.dot.ContainerResource] (docker-java-stream-1865446083) STDOUT: 12:58:26.111  WARN  client.RestClient - request [POST http://elasticsearch:9200/cluster_c40f8aa8c9.live_20230804125756/_search?typed_keys=true&max_concurrent_shard_requests=5&ignore_unavailable=false&expand_wildcards=open&allow_no_indices=true&ignore_throttled=true&search_type=query_then_fetch&batched_reduce_size=512&ccs_minimize_roundtrips=true] returned 2 warnings: [299 Elasticsearch-7.16.1-5b38441b16b1ebb16a27c107a4c3865776e20c53 "Elasticsearch built-in security features are not enabled. Without authentication, your cluster could be accessible to anyone. See https://www.elastic.co/guide/en/elasticsearch/reference/7.16/security-minimal-setup.html to enable security."],[299 Elasticsearch-7.16.1-5b38441b16b1ebb16a27c107a4c3865776e20c53 "[ignore_throttled] parameter is deprecated because frozen indices have been deprecated. Consider cold or frozen tiers in place of frozen indices."]
2023-08-04 12:58:26,114 INFO  [com.dot.ContainerResource] (docker-java-stream-1865446083) STDOUT: 12:58:26.114  WARN  client.RestClient - request [POST http://elasticsearch:9200/cluster_c40f8aa8c9.live_20230804125756/_search?typed_keys=true&max_concurrent_shard_requests=5&ignore_unavailable=false&expand_wildcards=open&allow_no_indices=true&ignore_throttled=true&search_type=query_then_fetch&batched_reduce_size=512&ccs_minimize_roundtrips=true] returned 2 warnings: [299 Elasticsearch-7.16.1-5b38441b16b1ebb16a27c107a4c3865776e20c53 "Elasticsearch built-in security features are not enabled. Without authentication, your cluster could be accessible to anyone. See https://www.elastic.co/guide/en/elasticsearch/reference/7.16/security-minimal-setup.html to enable security."],[299 Elasticsearch-7.16.1-5b38441b16b1ebb16a27c107a4c3865776e20c53 "[ignore_throttled] parameter is deprecated because frozen indices have been deprecated. Consider cold or frozen tiers in place of frozen indices."]
2023-08-04 12:58:26,121 INFO  [com.dot.ContainerResource] (docker-java-stream-1865446083) STDOUT: 12:58:26.120  WARN  client.RestClient - request [POST http://elasticsearch:9200/cluster_c40f8aa8c9.live_20230804125756/_search?typed_keys=true&max_concurrent_shard_requests=5&ignore_unavailable=false&expand_wildcards=open&allow_no_indices=true&ignore_throttled=true&search_type=query_then_fetch&batched_reduce_size=512&ccs_minimize_roundtrips=true] returned 2 warnings: [299 Elasticsearch-7.16.1-5b38441b16b1ebb16a27c107a4c3865776e20c53 "Elasticsearch built-in security features are not enabled. Without authentication, your cluster could be accessible to anyone. See https://www.elastic.co/guide/en/elasticsearch/reference/7.16/security-minimal-setup.html to enable security."],[299 Elasticsearch-7.16.1-5b38441b16b1ebb16a27c107a4c3865776e20c53 "[ignore_throttled] parameter is deprecated because frozen indices have been deprecated. Consider cold or frozen tiers in place of frozen indices."]
2023-08-04 12:58:26,150 INFO  [com.dot.ContainerResource] (docker-java-stream-1865446083) STDOUT: 12:58:26.149  WARN  client.RestClient - request [POST http://elasticsearch:9200/cluster_c40f8aa8c9.live_20230804125756/_search?typed_keys=true&max_concurrent_shard_requests=5&ignore_unavailable=false&expand_wildcards=open&allow_no_indices=true&ignore_throttled=true&search_type=query_then_fetch&batched_reduce_size=512&ccs_minimize_roundtrips=true] returned 2 warnings: [299 Elasticsearch-7.16.1-5b38441b16b1ebb16a27c107a4c3865776e20c53 "Elasticsearch built-in security features are not enabled. Without authentication, your cluster could be accessible to anyone. See https://www.elastic.co/guide/en/elasticsearch/reference/7.16/security-minimal-setup.html to enable security."],[299 Elasticsearch-7.16.1-5b38441b16b1ebb16a27c107a4c3865776e20c53 "[ignore_throttled] parameter is deprecated because frozen indices have been deprecated. Consider cold or frozen tiers in place of frozen indices."]
2023-08-04 12:58:26,161 INFO  [com.dot.ContainerResource] (docker-java-stream-1865446083) STDOUT: 12:58:26.161  WARN  client.RestClient - request [POST http://elasticsearch:9200/cluster_c40f8aa8c9.live_20230804125756/_search?typed_keys=true&max_concurrent_shard_requests=5&ignore_unavailable=false&expand_wildcards=open&allow_no_indices=true&ignore_throttled=true&search_type=query_then_fetch&batched_reduce_size=512&ccs_minimize_roundtrips=true] returned 2 warnings: [299 Elasticsearch-7.16.1-5b38441b16b1ebb16a27c107a4c3865776e20c53 "Elasticsearch built-in security features are not enabled. Without authentication, your cluster could be accessible to anyone. See https://www.elastic.co/guide/en/elasticsearch/reference/7.16/security-minimal-setup.html to enable security."],[299 Elasticsearch-7.16.1-5b38441b16b1ebb16a27c107a4c3865776e20c53 "[ignore_throttled] parameter is deprecated because frozen indices have been deprecated. Consider cold or frozen tiers in place of frozen indices."]
2023-08-04 12:58:26,172 INFO  [com.dot.ContainerResource] (docker-java-stream-1865446083) STDOUT: 12:58:26.172  WARN  client.RestClient - request [POST http://elasticsearch:9200/cluster_c40f8aa8c9.live_20230804125756/_search?typed_keys=true&max_concurrent_shard_requests=5&ignore_unavailable=false&expand_wildcards=open&allow_no_indices=true&ignore_throttled=true&search_type=query_then_fetch&batched_reduce_size=512&ccs_minimize_roundtrips=true] returned 2 warnings: [299 Elasticsearch-7.16.1-5b38441b16b1ebb16a27c107a4c3865776e20c53 "Elasticsearch built-in security features are not enabled. Without authentication, your cluster could be accessible to anyone. See https://www.elastic.co/guide/en/elasticsearch/reference/7.16/security-minimal-setup.html to enable security."],[299 Elasticsearch-7.16.1-5b38441b16b1ebb16a27c107a4c3865776e20c53 "[ignore_throttled] parameter is deprecated because frozen indices have been deprecated. Consider cold or frozen tiers in place of frozen indices."]
2023-08-04 12:58:26,184 INFO  [com.dot.ContainerResource] (docker-java-stream-1865446083) STDOUT: 12:58:26.183  WARN  client.RestClient - request [POST http://elasticsearch:9200/cluster_c40f8aa8c9.live_20230804125756/_search?typed_keys=true&max_concurrent_shard_requests=5&ignore_unavailable=false&expand_wildcards=open&allow_no_indices=true&ignore_throttled=true&search_type=query_then_fetch&batched_reduce_size=512&ccs_minimize_roundtrips=true] returned 2 warnings: [299 Elasticsearch-7.16.1-5b38441b16b1ebb16a27c107a4c3865776e20c53 "Elasticsearch built-in security features are not enabled. Without authentication, your cluster could be accessible to anyone. See https://www.elastic.co/guide/en/elasticsearch/reference/7.16/security-minimal-setup.html to enable security."],[299 Elasticsearch-7.16.1-5b38441b16b1ebb16a27c107a4c3865776e20c53 "[ignore_throttled] parameter is deprecated because frozen indices have been deprecated. Consider cold or frozen tiers in place of frozen indices."]
2023-08-04 12:58:26,187 INFO  [com.dot.ContainerResource] (docker-java-stream-1865446083) STDOUT: 12:58:26.186  WARN  client.RestClient - request [POST http://elasticsearch:9200/cluster_c40f8aa8c9.live_20230804125756/_search?typed_keys=true&max_concurrent_shard_requests=5&ignore_unavailable=false&expand_wildcards=open&allow_no_indices=true&ignore_throttled=true&search_type=query_then_fetch&batched_reduce_size=512&ccs_minimize_roundtrips=true] returned 2 warnings: [299 Elasticsearch-7.16.1-5b38441b16b1ebb16a27c107a4c3865776e20c53 "Elasticsearch built-in security features are not enabled. Without authentication, your cluster could be accessible to anyone. See https://www.elastic.co/guide/en/elasticsearch/reference/7.16/security-minimal-setup.html to enable security."],[299 Elasticsearch-7.16.1-5b38441b16b1ebb16a27c107a4c3865776e20c53 "[ignore_throttled] parameter is deprecated because frozen indices have been deprecated. Consider cold or frozen tiers in place of frozen indices."]
]]></system-out>
  </testcase>
  <testcase name="Test_Send_Invalid_Host_And_Folder_Verify_Defaults" classname="com.dotcms.api.ContentTypeAPIIntegrationTest" time="0.956">
    <system-out><![CDATA[2023-08-04 12:58:27,186 INFO  [com.dot.ContainerResource] (docker-java-stream-1865446083) STDOUT: 12:58:27.185  INFO  util.SecurityLogger - class com.dotcms.cms.login.LoginServiceAPIFactory$LoginServiceImpl : User dotcms.org.1 has successfully login from IP: 172.19.0.1 -- ip:172.19.0.1,user:Admin User [ID: dotcms.org.1][email:admin@dotcms.com]
2023-08-04 12:58:27,186 INFO  [com.dot.ContainerResource] (docker-java-stream-1865446083) STDOUT: 12:58:27.186  INFO  util.SecurityLogger - class com.dotcms.rest.api.v1.authentication.CreateJsonWebTokenResource : A Json Web Token admin@dotcms.com is being created from IP: 172.19.0.1 -- ip:172.19.0.1,user:Admin User [ID: dotcms.org.1][email:admin@dotcms.com]
2023-08-04 12:58:27,305 INFO  [com.dot.ContainerResource] (docker-java-stream-1865446083) STDOUT: 12:58:27.304  INFO  business.DeterministicIdentifierAPIImpl - hashing id: content:varct1691153907277 to 378954c3ccafcbab88249c30b400e891
2023-08-04 12:58:27,314 INFO  [com.dot.ContainerResource] (docker-java-stream-1865446083) STDOUT: 12:58:27.313  INFO  business.DeterministicIdentifierAPIImpl - hashing id: content:varct1691153907277:binvar1691153907277 to 41857550c817e84408d0ec30dd76fcee
2023-08-04 12:58:27,335 INFO  [com.dot.ContainerResource] (docker-java-stream-1865446083) STDOUT: 12:58:27.334  INFO  util.ActivityLogger - class com.dotmarketing.util.ActivityLogger: system : Save Field Action , User system/system user added field binVar1691153907277 to name Structure.
2023-08-04 12:58:27,339 INFO  [com.dot.ContainerResource] (docker-java-stream-1865446083) STDOUT: 12:58:27.339  INFO  util.ActivityLogger - class com.dotcms.contenttype.business.ContentTypeAPIImpl: system : Save ContentType Action , User dotcms.org.1/Admin User added ContentType name to host id:8a7d5e23-da1e-420a-b4f0-471e7da8ea2d
2023-08-04 12:58:27,340 INFO  [com.dot.ContainerResource] (docker-java-stream-1865446083) STDOUT: 12:58:27.340  INFO  business.ContentTypeAPIImpl - UserId : dotcms.org.1 : ContentType : ContentType saved : name
2023-08-04 12:58:27,340 INFO  [com.dot.ContainerResource] (docker-java-stream-1865446083) STDOUT: 12:58:27.340  INFO  util.AdminLogger - UserId : dotcms.org.1 : class com.dotcms.contenttype.business.ContentTypeAPIImpl : ContentType : ContentType saved : name
2023-08-04 12:58:27,341 INFO  [com.dot.ContainerResource] (docker-java-stream-1865446083) STDOUT: 12:58:27.341  INFO  business.WorkflowAPIImpl - Saving Schemas [  ] for Content type '378954c3ccafcbab88249c30b400e891'
2023-08-04 12:58:27,341 INFO  [com.dot.ContainerResource] (docker-java-stream-1865446083) STDOUT: 12:58:27.341  INFO  util.SecurityLogger - class com.dotmarketing.portlets.workflows.business.WorkflowAPIImpl : Saving Schemas [  ] for Content type '378954c3ccafcbab88249c30b400e891' -- ip:172.19.0.1,user:Admin User [ID: dotcms.org.1][email:admin@dotcms.com]
]]></system-out>
  </testcase>
  <testcase name="Test_Get_Filtered_Paginated_ContentTypes" classname="com.dotcms.api.ContentTypeAPIIntegrationTest" time="1.709">
    <system-out><![CDATA[2023-08-04 12:58:28,113 INFO  [com.dot.ContainerResource] (docker-java-stream-1865446083) STDOUT: 12:58:28.112  INFO  util.SecurityLogger - class com.dotcms.cms.login.LoginServiceAPIFactory$LoginServiceImpl : User dotcms.org.1 has successfully login from IP: 172.19.0.1 -- ip:172.19.0.1,user:Admin User [ID: dotcms.org.1][email:admin@dotcms.com]
2023-08-04 12:58:28,113 INFO  [com.dot.ContainerResource] (docker-java-stream-1865446083) STDOUT: 12:58:28.112  INFO  util.SecurityLogger - class com.dotcms.rest.api.v1.authentication.CreateJsonWebTokenResource : A Json Web Token admin@dotcms.com is being created from IP: 172.19.0.1 -- ip:172.19.0.1,user:Admin User [ID: dotcms.org.1][email:admin@dotcms.com]
2023-08-04 12:58:28,954 INFO  [com.dot.ContainerResource] (docker-java-stream-1865446083) STDOUT: 12:58:28.954  WARN  client.RestClient - request [POST http://elasticsearch:9200/cluster_c40f8aa8c9.working_20230804125756/_search?typed_keys=true&max_concurrent_shard_requests=5&ignore_unavailable=false&expand_wildcards=open&allow_no_indices=true&ignore_throttled=true&search_type=query_then_fetch&batched_reduce_size=512&ccs_minimize_roundtrips=true] returned 2 warnings: [299 Elasticsearch-7.16.1-5b38441b16b1ebb16a27c107a4c3865776e20c53 "Elasticsearch built-in security features are not enabled. Without authentication, your cluster could be accessible to anyone. See https://www.elastic.co/guide/en/elasticsearch/reference/7.16/security-minimal-setup.html to enable security."],[299 Elasticsearch-7.16.1-5b38441b16b1ebb16a27c107a4c3865776e20c53 "[ignore_throttled] parameter is deprecated because frozen indices have been deprecated. Consider cold or frozen tiers in place of frozen indices."]
]]></system-out>
  </testcase>
  <testcase name="Test_Create_Content_Type_Out_Of_Folder_Path" classname="com.dotcms.api.ContentTypeAPIIntegrationTest" time="0.97">
    <system-out><![CDATA[2023-08-04 12:58:29,893 INFO  [com.dot.ContainerResource] (docker-java-stream-1865446083) STDOUT: 12:58:29.893  INFO  util.SecurityLogger - class com.dotcms.cms.login.LoginServiceAPIFactory$LoginServiceImpl : User dotcms.org.1 has successfully login from IP: 172.19.0.1 -- ip:172.19.0.1,user:Admin User [ID: dotcms.org.1][email:admin@dotcms.com]
2023-08-04 12:58:29,893 INFO  [com.dot.ContainerResource] (docker-java-stream-1865446083) STDOUT: 12:58:29.893  INFO  util.SecurityLogger - class com.dotcms.rest.api.v1.authentication.CreateJsonWebTokenResource : A Json Web Token admin@dotcms.com is being created from IP: 172.19.0.1 -- ip:172.19.0.1,user:Admin User [ID: dotcms.org.1][email:admin@dotcms.com]
2023-08-04 12:58:29,939 INFO  [com.dot.ContainerResource] (docker-java-stream-1865446083) STDOUT: 12:58:29.938  INFO  business.DeterministicIdentifierAPIImpl - hashing id: folder:default/f11691153909925 to 4685ca9791c8851cb99fe4525db0911c
2023-08-04 12:58:29,951 INFO  [com.dot.ContainerResource] (docker-java-stream-1865446083) STDOUT: 12:58:29.951  INFO  business.DeterministicIdentifierAPIImpl - hashing id: folder:default/f11691153909925/f21691153909925 to fc320b036eee424fff51c5eaa7938dab
2023-08-04 12:58:29,974 INFO  [com.dot.ContainerResource] (docker-java-stream-1865446083) STDOUT: 12:58:29.973  INFO  business.DeterministicIdentifierAPIImpl - hashing id: content:varct21691153909925 to 0cfcb8b3cc91bc48c6ecb836ccb4465a
2023-08-04 12:58:29,979 INFO  [com.dot.ContainerResource] (docker-java-stream-1865446083) STDOUT: 12:58:29.979  INFO  business.DeterministicIdentifierAPIImpl - hashing id: content:varct21691153909925:binvar21691153909925 to 75292bbae332403dcb00e50731158fc0
2023-08-04 12:58:29,997 INFO  [com.dot.ContainerResource] (docker-java-stream-1865446083) STDOUT: 12:58:29.996  INFO  util.ActivityLogger - class com.dotmarketing.util.ActivityLogger: system : Save Field Action , User system/system user added field binVar21691153909925 to name Structure.
2023-08-04 12:58:30,002 INFO  [com.dot.ContainerResource] (docker-java-stream-1865446083) STDOUT: 12:58:30.002  INFO  util.ActivityLogger - class com.dotcms.contenttype.business.ContentTypeAPIImpl: system : Save ContentType Action , User dotcms.org.1/Admin User added ContentType name to host id:8a7d5e23-da1e-420a-b4f0-471e7da8ea2d
2023-08-04 12:58:30,003 INFO  [com.dot.ContainerResource] (docker-java-stream-1865446083) STDOUT: 12:58:30.003  INFO  business.ContentTypeAPIImpl - UserId : dotcms.org.1 : ContentType : ContentType saved : name
2023-08-04 12:58:30,004 INFO  [com.dot.ContainerResource] (docker-java-stream-1865446083) STDOUT: 12:58:30.004  INFO  util.AdminLogger - UserId : dotcms.org.1 : class com.dotcms.contenttype.business.ContentTypeAPIImpl : ContentType : ContentType saved : name
2023-08-04 12:58:30,008 INFO  [com.dot.ContainerResource] (docker-java-stream-1865446083) STDOUT: 12:58:30.008  INFO  business.WorkflowAPIImpl - Saving Schemas [  ] for Content type '0cfcb8b3cc91bc48c6ecb836ccb4465a'
2023-08-04 12:58:30,009 INFO  [com.dot.ContainerResource] (docker-java-stream-1865446083) STDOUT: 12:58:30.008  INFO  util.SecurityLogger - class com.dotmarketing.portlets.workflows.business.WorkflowAPIImpl : Saving Schemas [  ] for Content type '0cfcb8b3cc91bc48c6ecb836ccb4465a' -- ip:172.19.0.1,user:Admin User [ID: dotcms.org.1][email:admin@dotcms.com]
]]></system-out>
  </testcase>
  <testcase name="Simple_LayOut_Support_Test" classname="com.dotcms.api.ContentTypeAPIIntegrationTest" time="1.043">
    <system-out><![CDATA[2023-08-04 12:58:30,812 INFO  [com.dot.ContainerResource] (docker-java-stream-1865446083) STDOUT: 12:58:30.811  INFO  util.SecurityLogger - class com.dotcms.cms.login.LoginServiceAPIFactory$LoginServiceImpl : User dotcms.org.1 has successfully login from IP: 172.19.0.1 -- ip:172.19.0.1,user:Admin User [ID: dotcms.org.1][email:admin@dotcms.com]
2023-08-04 12:58:30,812 INFO  [com.dot.ContainerResource] (docker-java-stream-1865446083) STDOUT: 12:58:30.811  INFO  util.SecurityLogger - class com.dotcms.rest.api.v1.authentication.CreateJsonWebTokenResource : A Json Web Token admin@dotcms.com is being created from IP: 172.19.0.1 -- ip:172.19.0.1,user:Admin User [ID: dotcms.org.1][email:admin@dotcms.com]
2023-08-04 12:58:30,858 INFO  [com.dot.ContainerResource] (docker-java-stream-1865446083) STDOUT: 12:58:30.858  INFO  business.DeterministicIdentifierAPIImpl - hashing id: content:layoutsupporttest462299014522 to 72f066a4e81539ebd32c789308ba8711
2023-08-04 12:58:30,863 INFO  [com.dot.ContainerResource] (docker-java-stream-1865446083) STDOUT: 12:58:30.863  INFO  business.DeterministicIdentifierAPIImpl - hashing id: content:layoutsupporttest462299014522:row1 to bc3fedbdbb3572631eb8f1b1b57be677
2023-08-04 12:58:30,872 INFO  [com.dot.ContainerResource] (docker-java-stream-1865446083) STDOUT: 12:58:30.871  INFO  util.ActivityLogger - class com.dotmarketing.util.ActivityLogger: system : Save Field Action , User system/system user added field row-1 to layoutsTest Structure.
2023-08-04 12:58:30,878 INFO  [com.dot.ContainerResource] (docker-java-stream-1865446083) STDOUT: 12:58:30.878  INFO  business.DeterministicIdentifierAPIImpl - hashing id: content:layoutsupporttest462299014522:column1 to 2f122cc44d8bdc83c8b04ca03a2f1ff3
2023-08-04 12:58:30,887 INFO  [com.dot.ContainerResource] (docker-java-stream-1865446083) STDOUT: 12:58:30.886  INFO  util.ActivityLogger - class com.dotmarketing.util.ActivityLogger: system : Save Field Action , User system/system user added field column-1 to layoutsTest Structure.
2023-08-04 12:58:30,892 INFO  [com.dot.ContainerResource] (docker-java-stream-1865446083) STDOUT: 12:58:30.892  INFO  business.DeterministicIdentifierAPIImpl - hashing id: content:layoutsupporttest462299014522:txtvar1462299210725 to a59e1c07282b8237380ca8e7d4640379
2023-08-04 12:58:30,906 INFO  [com.dot.ContainerResource] (docker-java-stream-1865446083) STDOUT: 12:58:30.906  INFO  util.ActivityLogger - class com.dotmarketing.util.ActivityLogger: system : Save Field Action , User system/system user added field __txt_field_1 to layoutsTest Structure.
2023-08-04 12:58:30,911 INFO  [com.dot.ContainerResource] (docker-java-stream-1865446083) STDOUT: 12:58:30.910  INFO  business.DeterministicIdentifierAPIImpl - hashing id: content:layoutsupporttest462299014522:txtvar2462299244626 to 06d6efd3eb447e9f4cb67ef5229e84b7
2023-08-04 12:58:30,923 INFO  [com.dot.ContainerResource] (docker-java-stream-1865446083) STDOUT: 12:58:30.923  INFO  util.ActivityLogger - class com.dotmarketing.util.ActivityLogger: system : Save Field Action , User system/system user added field __txt_field_2 to layoutsTest Structure.
2023-08-04 12:58:30,931 INFO  [com.dot.ContainerResource] (docker-java-stream-1865446083) STDOUT: 12:58:30.930  INFO  business.DeterministicIdentifierAPIImpl - hashing id: content:layoutsupporttest462299014522:column2 to 2e18c2841f19c8ec6277102263f0274d
2023-08-04 12:58:30,958 INFO  [com.dot.ContainerResource] (docker-java-stream-1865446083) STDOUT: 12:58:30.957  INFO  util.ActivityLogger - class com.dotmarketing.util.ActivityLogger: system : Save Field Action , User system/system user added field column-2 to layoutsTest Structure.
2023-08-04 12:58:30,964 INFO  [com.dot.ContainerResource] (docker-java-stream-1865446083) STDOUT: 12:58:30.964  INFO  business.DeterministicIdentifierAPIImpl - hashing id: content:layoutsupporttest462299014522:txtvar3462299281726 to 5bd542c9f96d800786a2783ef7db19a6
2023-08-04 12:58:30,978 INFO  [com.dot.ContainerResource] (docker-java-stream-1865446083) STDOUT: 12:58:30.978  INFO  util.ActivityLogger - class com.dotmarketing.util.ActivityLogger: system : Save Field Action , User system/system user added field __txt_field_3 to layoutsTest Structure.
2023-08-04 12:58:30,986 INFO  [com.dot.ContainerResource] (docker-java-stream-1865446083) STDOUT: 12:58:30.986  INFO  business.DeterministicIdentifierAPIImpl - hashing id: content:layoutsupporttest462299014522:row2 to 6ed5e66b85f2ebef549f46228da8ffe3
2023-08-04 12:58:31,003 INFO  [com.dot.ContainerResource] (docker-java-stream-1865446083) STDOUT: 12:58:31.002  INFO  util.ActivityLogger - class com.dotmarketing.util.ActivityLogger: system : Save Field Action , User system/system user added field row-2 to layoutsTest Structure.
2023-08-04 12:58:31,020 INFO  [com.dot.ContainerResource] (docker-java-stream-1865446083) STDOUT: 12:58:31.020  INFO  business.DeterministicIdentifierAPIImpl - hashing id: content:layoutsupporttest462299014522:column3 to 2c239da4416b3d7d52b8b2066b182eab
2023-08-04 12:58:31,037 INFO  [com.dot.ContainerResource] (docker-java-stream-1865446083) STDOUT: 12:58:31.037  INFO  util.ActivityLogger - class com.dotmarketing.util.ActivityLogger: system : Save Field Action , User system/system user added field column-3 to layoutsTest Structure.
2023-08-04 12:58:31,047 INFO  [com.dot.ContainerResource] (docker-java-stream-1865446083) STDOUT: 12:58:31.046  INFO  business.DeterministicIdentifierAPIImpl - hashing id: content:layoutsupporttest462299014522:txtvar4462299306926 to be9c3424a20d353075dbbfadf0de998c
2023-08-04 12:58:31,059 INFO  [com.dot.ContainerResource] (docker-java-stream-1865446083) STDOUT: 12:58:31.059  INFO  util.ActivityLogger - class com.dotmarketing.util.ActivityLogger: system : Save Field Action , User system/system user added field __txt_field_4 to layoutsTest Structure.
2023-08-04 12:58:31,069 INFO  [com.dot.ContainerResource] (docker-java-stream-1865446083) STDOUT: 12:58:31.069  INFO  util.ActivityLogger - class com.dotcms.contenttype.business.ContentTypeAPIImpl: system : Save ContentType Action , User dotcms.org.1/Admin User added ContentType layoutsTest to host id:SYSTEM_HOST
2023-08-04 12:58:31,069 INFO  [com.dot.ContainerResource] (docker-java-stream-1865446083) STDOUT: 12:58:31.069  INFO  business.ContentTypeAPIImpl - UserId : dotcms.org.1 : ContentType : ContentType saved : layoutsTest
2023-08-04 12:58:31,070 INFO  [com.dot.ContainerResource] (docker-java-stream-1865446083) STDOUT: 12:58:31.069  INFO  util.AdminLogger - UserId : dotcms.org.1 : class com.dotcms.contenttype.business.ContentTypeAPIImpl : ContentType : ContentType saved : layoutsTest
2023-08-04 12:58:31,070 INFO  [com.dot.ContainerResource] (docker-java-stream-1865446083) STDOUT: 12:58:31.069  INFO  business.WorkflowAPIImpl - Saving Schemas [  ] for Content type '72f066a4e81539ebd32c789308ba8711'
2023-08-04 12:58:31,070 INFO  [com.dot.ContainerResource] (docker-java-stream-1865446083) STDOUT: 12:58:31.069  INFO  util.SecurityLogger - class com.dotmarketing.portlets.workflows.business.WorkflowAPIImpl : Saving Schemas [  ] for Content type '72f066a4e81539ebd32c789308ba8711' -- ip:172.19.0.1,user:Admin User [ID: dotcms.org.1][email:admin@dotcms.com]
]]></system-out>
  </testcase>
  <testcase name="Test_404_None_Existing_Content_Type" classname="com.dotcms.api.ContentTypeAPIIntegrationTest" time="1.67">
    <system-out><![CDATA[2023-08-04 12:58:31,969 INFO  [com.dot.ContainerResource] (docker-java-stream-1865446083) STDOUT: 12:58:31.968  INFO  util.SecurityLogger - class com.dotcms.cms.login.LoginServiceAPIFactory$LoginServiceImpl : User dotcms.org.1 has successfully login from IP: 172.19.0.1 -- ip:172.19.0.1,user:Admin User [ID: dotcms.org.1][email:admin@dotcms.com]
2023-08-04 12:58:31,970 INFO  [com.dot.ContainerResource] (docker-java-stream-1865446083) STDOUT: 12:58:31.969  INFO  util.SecurityLogger - class com.dotcms.rest.api.v1.authentication.CreateJsonWebTokenResource : A Json Web Token admin@dotcms.com is being created from IP: 172.19.0.1 -- ip:172.19.0.1,user:Admin User [ID: dotcms.org.1][email:admin@dotcms.com]
]]></system-out>
  </testcase>
  <testcase name="Test_Post_Filtered_Paginated_ContentTypes" classname="com.dotcms.api.ContentTypeAPIIntegrationTest" time="0.969">
    <system-out><![CDATA[2023-08-04 12:58:33,523 INFO  [com.dot.ContainerResource] (docker-java-stream-1865446083) STDOUT: 12:58:33.523  INFO  util.SecurityLogger - class com.dotcms.cms.login.LoginServiceAPIFactory$LoginServiceImpl : User dotcms.org.1 has successfully login from IP: 172.19.0.1 -- ip:172.19.0.1,user:Admin User [ID: dotcms.org.1][email:admin@dotcms.com]
2023-08-04 12:58:33,524 INFO  [com.dot.ContainerResource] (docker-java-stream-1865446083) STDOUT: 12:58:33.523  INFO  util.SecurityLogger - class com.dotcms.rest.api.v1.authentication.CreateJsonWebTokenResource : A Json Web Token admin@dotcms.com is being created from IP: 172.19.0.1 -- ip:172.19.0.1,user:Admin User [ID: dotcms.org.1][email:admin@dotcms.com]
2023-08-04 12:58:33,601 INFO  [com.dot.ContainerResource] (docker-java-stream-1865446083) STDOUT: 12:58:33.596  WARN  client.RestClient - request [POST http://elasticsearch:9200/cluster_c40f8aa8c9.working_20230804125756/_search?typed_keys=true&max_concurrent_shard_requests=5&ignore_unavailable=false&expand_wildcards=open&allow_no_indices=true&ignore_throttled=true&search_type=query_then_fetch&batched_reduce_size=512&ccs_minimize_roundtrips=true] returned 2 warnings: [299 Elasticsearch-7.16.1-5b38441b16b1ebb16a27c107a4c3865776e20c53 "Elasticsearch built-in security features are not enabled. Without authentication, your cluster could be accessible to anyone. See https://www.elastic.co/guide/en/elasticsearch/reference/7.16/security-minimal-setup.html to enable security."],[299 Elasticsearch-7.16.1-5b38441b16b1ebb16a27c107a4c3865776e20c53 "[ignore_throttled] parameter is deprecated because frozen indices have been deprecated. Consider cold or frozen tiers in place of frozen indices."]
]]></system-out>
  </testcase>
  <testcase name="Test_Get_All_ContentTypes" classname="com.dotcms.api.ContentTypeAPIIntegrationTest" time="1.034">
    <system-out><![CDATA[2023-08-04 12:58:34,553 INFO  [com.dot.ContainerResource] (docker-java-stream-1865446083) STDOUT: 12:58:34.552  INFO  util.SecurityLogger - class com.dotcms.cms.login.LoginServiceAPIFactory$LoginServiceImpl : User dotcms.org.1 has successfully login from IP: 172.19.0.1 -- ip:172.19.0.1,user:Admin User [ID: dotcms.org.1][email:admin@dotcms.com]
2023-08-04 12:58:34,553 INFO  [com.dot.ContainerResource] (docker-java-stream-1865446083) STDOUT: 12:58:34.553  INFO  util.SecurityLogger - class com.dotcms.rest.api.v1.authentication.CreateJsonWebTokenResource : A Json Web Token admin@dotcms.com is being created from IP: 172.19.0.1 -- ip:172.19.0.1,user:Admin User [ID: dotcms.org.1][email:admin@dotcms.com]
2023-08-04 12:58:34,653 INFO  [com.dot.ContainerResource] (docker-java-stream-1865446083) STDOUT: 12:58:34.652  WARN  client.RestClient - request [POST http://elasticsearch:9200/cluster_c40f8aa8c9.working_20230804125756/_search?typed_keys=true&max_concurrent_shard_requests=5&ignore_unavailable=false&expand_wildcards=open&allow_no_indices=true&ignore_throttled=true&search_type=query_then_fetch&batched_reduce_size=512&ccs_minimize_roundtrips=true] returned 2 warnings: [299 Elasticsearch-7.16.1-5b38441b16b1ebb16a27c107a4c3865776e20c53 "Elasticsearch built-in security features are not enabled. Without authentication, your cluster could be accessible to anyone. See https://www.elastic.co/guide/en/elasticsearch/reference/7.16/security-minimal-setup.html to enable security."],[299 Elasticsearch-7.16.1-5b38441b16b1ebb16a27c107a4c3865776e20c53 "[ignore_throttled] parameter is deprecated because frozen indices have been deprecated. Consider cold or frozen tiers in place of frozen indices."]
]]></system-out>
  </testcase>
  <testcase name="Test_Send_Folder_Path_Only_Valid_Folder_Expect_Matching_Folder_Id" classname="com.dotcms.api.ContentTypeAPIIntegrationTest" time="0.887">
    <system-out><![CDATA[2023-08-04 12:58:35,604 INFO  [com.dot.ContainerResource] (docker-java-stream-1865446083) STDOUT: 12:58:35.604  INFO  util.SecurityLogger - class com.dotcms.cms.login.LoginServiceAPIFactory$LoginServiceImpl : User dotcms.org.1 has successfully login from IP: 172.19.0.1 -- ip:172.19.0.1,user:Admin User [ID: dotcms.org.1][email:admin@dotcms.com]
2023-08-04 12:58:35,605 INFO  [com.dot.ContainerResource] (docker-java-stream-1865446083) STDOUT: 12:58:35.604  INFO  util.SecurityLogger - class com.dotcms.rest.api.v1.authentication.CreateJsonWebTokenResource : A Json Web Token admin@dotcms.com is being created from IP: 172.19.0.1 -- ip:172.19.0.1,user:Admin User [ID: dotcms.org.1][email:admin@dotcms.com]
2023-08-04 12:58:35,622 INFO  [com.dot.ContainerResource] (docker-java-stream-1865446083) STDOUT: 12:58:35.622  INFO  business.DeterministicIdentifierAPIImpl - hashing id: folder:default/foo to 957db6d235045a8e52e683fed54afe36
2023-08-04 12:58:35,644 INFO  [com.dot.ContainerResource] (docker-java-stream-1865446083) STDOUT: 12:58:35.644  INFO  business.DeterministicIdentifierAPIImpl - hashing id: content:fromfolderpathct1691153915631 to 6a7b383ec0abdd6cccf9ebc46fca60a0
2023-08-04 12:58:35,649 INFO  [com.dot.ContainerResource] (docker-java-stream-1865446083) STDOUT: 12:58:35.649  INFO  business.DeterministicIdentifierAPIImpl - hashing id: content:fromfolderpathct1691153915631:binvar1691153915631 to b989eee051f6e0610f536467ef72144a
2023-08-04 12:58:35,663 INFO  [com.dot.ContainerResource] (docker-java-stream-1865446083) STDOUT: 12:58:35.663  INFO  util.ActivityLogger - class com.dotmarketing.util.ActivityLogger: system : Save Field Action , User system/system user added field binVar1691153915631 to fooCT Structure.
2023-08-04 12:58:35,667 INFO  [com.dot.ContainerResource] (docker-java-stream-1865446083) STDOUT: 12:58:35.667  INFO  util.ActivityLogger - class com.dotcms.contenttype.business.ContentTypeAPIImpl: system : Save ContentType Action , User dotcms.org.1/Admin User added ContentType fooCT to host id:8a7d5e23-da1e-420a-b4f0-471e7da8ea2d
2023-08-04 12:58:35,668 INFO  [com.dot.ContainerResource] (docker-java-stream-1865446083) STDOUT: 12:58:35.668  INFO  business.ContentTypeAPIImpl - UserId : dotcms.org.1 : ContentType : ContentType saved : fooCT
2023-08-04 12:58:35,668 INFO  [com.dot.ContainerResource] (docker-java-stream-1865446083) STDOUT: 12:58:35.668  INFO  util.AdminLogger - UserId : dotcms.org.1 : class com.dotcms.contenttype.business.ContentTypeAPIImpl : ContentType : ContentType saved : fooCT
2023-08-04 12:58:35,669 INFO  [com.dot.ContainerResource] (docker-java-stream-1865446083) STDOUT: 12:58:35.669  INFO  business.WorkflowAPIImpl - Saving Schemas [  ] for Content type '6a7b383ec0abdd6cccf9ebc46fca60a0'
2023-08-04 12:58:35,669 INFO  [com.dot.ContainerResource] (docker-java-stream-1865446083) STDOUT: 12:58:35.669  INFO  util.SecurityLogger - class com.dotmarketing.portlets.workflows.business.WorkflowAPIImpl : Saving Schemas [  ] for Content type '6a7b383ec0abdd6cccf9ebc46fca60a0' -- ip:172.19.0.1,user:Admin User [ID: dotcms.org.1][email:admin@dotcms.com]
]]></system-out>
  </testcase>
  <testcase name="Test_Content_Type_Model_Serialization" classname="com.dotcms.api.ContentTypeAPIIntegrationTest" time="0.763">
    <system-out><![CDATA[2023-08-04 12:58:36,440 INFO  [com.dot.ContainerResource] (docker-java-stream-1865446083) STDOUT: 12:58:36.440  INFO  util.SecurityLogger - class com.dotcms.cms.login.LoginServiceAPIFactory$LoginServiceImpl : User dotcms.org.1 has successfully login from IP: 172.19.0.1 -- ip:172.19.0.1,user:Admin User [ID: dotcms.org.1][email:admin@dotcms.com]
2023-08-04 12:58:36,441 INFO  [com.dot.ContainerResource] (docker-java-stream-1865446083) STDOUT: 12:58:36.440  INFO  util.SecurityLogger - class com.dotcms.rest.api.v1.authentication.CreateJsonWebTokenResource : A Json Web Token admin@dotcms.com is being created from IP: 172.19.0.1 -- ip:172.19.0.1,user:Admin User [ID: dotcms.org.1][email:admin@dotcms.com]
{
  "clazz" : "SimpleContentType",
  "id" : "1",
  "name" : "var",
  "variable" : "var",
  "host" : "SYSTEM_HOST",
  "folder" : "SYSTEM_FOLDER",
  "description" : "desc",
  "baseType" : "CONTENT",
  "fields" : [ {
    "clazz" : "BinaryField",
    "id" : "1",
    "name" : "name",
    "variable" : "fieldVar",
    "dataType" : "SYSTEM"
  } ]
}
]]></system-out>
  </testcase>
</testsuite>