<?xml version="1.0" encoding="UTF-8"?>
<testsuite xmlns:xsi="http://www.w3.org/2001/XMLSchema-instance" xsi:noNamespaceSchemaLocation="https://maven.apache.org/surefire/maven-failsafe-plugin/xsd/failsafe-test-report-3.0.xsd" version="3.0" name="com.dotcms.api.traversal.FolderTraversalServiceIntegrationTest" time="12.658" tests="9" errors="0" skipped="0" failures="0">
  <properties>
    <property name="awt.toolkit" value="sun.awt.X11.XToolkit"/>
    <property name="java.specification.version" value="11"/>
    <property name="sun.cpu.isalist" value=""/>
    <property name="test.url" value="http://localhost:8081"/>
    <property name="sun.jnu.encoding" value="UTF-8"/>
    <property name="native.image.path" value="/home/runner/work/core/core/tools/dotcms-cli/api-data-model/target/api-data-model-1.0.0-SNAPSHOT-runner"/>
    <property name="java.class.path" value="/home/runner/work/core/core/tools/dotcms-cli/api-data-model/target/test-classes:/home/runner/work/core/core/tools/dotcms-cli/api-data-model/target/api-data-model-1.0.0-SNAPSHOT.jar:/home/runner/.m2/repository/io/quarkus/quarkus-arc/2.9.1.Final/quarkus-arc-2.9.1.Final.jar:/home/runner/.m2/repository/io/quarkus/arc/arc/2.9.1.Final/arc-2.9.1.Final.jar:/home/runner/.m2/repository/jakarta/enterprise/jakarta.enterprise.cdi-api/2.0.2/jakarta.enterprise.cdi-api-2.0.2.jar:/home/runner/.m2/repository/jakarta/el/jakarta.el-api/3.0.3/jakarta.el-api-3.0.3.jar:/home/runner/.m2/repository/jakarta/annotation/jakarta.annotation-api/1.3.5/jakarta.annotation-api-1.3.5.jar:/home/runner/.m2/repository/jakarta/transaction/jakarta.transaction-api/1.3.3/jakarta.transaction-api-1.3.3.jar:/home/runner/.m2/repository/org/jboss/logging/jboss-logging/3.4.3.Final/jboss-logging-3.4.3.Final.jar:/home/runner/.m2/repository/io/quarkus/quarkus-core/2.9.1.Final/quarkus-core-2.9.1.Final.jar:/home/runner/.m2/repository/jakarta/inject/jakarta.inject-api/1.0/jakarta.inject-api-1.0.jar:/home/runner/.m2/repository/io/quarkus/quarkus-ide-launcher/2.9.1.Final/quarkus-ide-launcher-2.9.1.Final.jar:/home/runner/.m2/repository/io/quarkus/quarkus-development-mode-spi/2.9.1.Final/quarkus-development-mode-spi-2.9.1.Final.jar:/home/runner/.m2/repository/io/smallrye/config/smallrye-config/2.10.0/smallrye-config-2.10.0.jar:/home/runner/.m2/repository/io/smallrye/config/smallrye-config-core/2.10.0/smallrye-config-core-2.10.0.jar:/home/runner/.m2/repository/io/smallrye/common/smallrye-common-expression/1.11.0/smallrye-common-expression-1.11.0.jar:/home/runner/.m2/repository/io/smallrye/common/smallrye-common-function/1.11.0/smallrye-common-function-1.11.0.jar:/home/runner/.m2/repository/io/smallrye/common/smallrye-common-classloader/1.11.0/smallrye-common-classloader-1.11.0.jar:/home/runner/.m2/repository/io/smallrye/config/smallrye-config-common/2.10.0/smallrye-config-common-2.10.0.jar:/home/runner/.m2/repository/org/jboss/logmanager/jboss-logmanager-embedded/1.0.9/jboss-logmanager-embedded-1.0.9.jar:/home/runner/.m2/repository/org/jboss/logging/jboss-logging-annotations/2.2.1.Final/jboss-logging-annotations-2.2.1.Final.jar:/home/runner/.m2/repository/org/jboss/threads/jboss-threads/3.4.2.Final/jboss-threads-3.4.2.Final.jar:/home/runner/.m2/repository/org/jboss/slf4j/slf4j-jboss-logmanager/1.1.0.Final/slf4j-jboss-logmanager-1.1.0.Final.jar:/home/runner/.m2/repository/org/graalvm/sdk/graal-sdk/22.0.0.2/graal-sdk-22.0.0.2.jar:/home/runner/.m2/repository/org/wildfly/common/wildfly-common/1.5.4.Final-format-001/wildfly-common-1.5.4.Final-format-001.jar:/home/runner/.m2/repository/io/quarkus/quarkus-bootstrap-runner/2.9.1.Final/quarkus-bootstrap-runner-2.9.1.Final.jar:/home/runner/.m2/repository/io/quarkus/quarkus-fs-util/0.0.9/quarkus-fs-util-0.0.9.jar:/home/runner/.m2/repository/org/eclipse/microprofile/context-propagation/microprofile-context-propagation-api/1.2/microprofile-context-propagation-api-1.2.jar:/home/runner/.m2/repository/io/quarkus/quarkus-junit5/2.9.1.Final/quarkus-junit5-2.9.1.Final.jar:/home/runner/.m2/repository/io/quarkus/quarkus-bootstrap-core/2.9.1.Final/quarkus-bootstrap-core-2.9.1.Final.jar:/home/runner/.m2/repository/io/quarkus/quarkus-bootstrap-app-model/2.9.1.Final/quarkus-bootstrap-app-model-2.9.1.Final.jar:/home/runner/.m2/repository/io/quarkus/quarkus-bootstrap-gradle-resolver/2.9.1.Final/quarkus-bootstrap-gradle-resolver-2.9.1.Final.jar:/home/runner/.m2/repository/io/smallrye/common/smallrye-common-io/1.11.0/smallrye-common-io-1.11.0.jar:/home/runner/.m2/repository/org/eclipse/sisu/org.eclipse.sisu.inject/0.3.5/org.eclipse.sisu.inject-0.3.5.jar:/home/runner/.m2/repository/io/quarkus/quarkus-test-common/2.9.1.Final/quarkus-test-common-2.9.1.Final.jar:/home/runner/.m2/repository/io/quarkus/quarkus-core-deployment/2.9.1.Final/quarkus-core-deployment-2.9.1.Final.jar:/home/runner/.m2/repository/org/aesh/readline/2.2/readline-2.2.jar:/home/runner/.m2/repository/org/fusesource/jansi/jansi/1.18/jansi-1.18.jar:/home/runner/.m2/repository/org/aesh/aesh/2.6/aesh-2.6.jar:/home/runner/.m2/repository/io/quarkus/gizmo/gizmo/1.0.10.Final/gizmo-1.0.10.Final.jar:/home/runner/.m2/repository/org/ow2/asm/asm-util/9.2/asm-util-9.2.jar:/home/runner/.m2/repository/org/ow2/asm/asm/9.3/asm-9.3.jar:/home/runner/.m2/repository/org/ow2/asm/asm-commons/9.3/asm-commons-9.3.jar:/home/runner/.m2/repository/org/ow2/asm/asm-tree/9.3/asm-tree-9.3.jar:/home/runner/.m2/repository/org/ow2/asm/asm-analysis/9.3/asm-analysis-9.3.jar:/home/runner/.m2/repository/io/quarkus/quarkus-class-change-agent/2.9.1.Final/quarkus-class-change-agent-2.9.1.Final.jar:/home/runner/.m2/repository/io/quarkus/quarkus-devtools-utilities/2.9.1.Final/quarkus-devtools-utilities-2.9.1.Final.jar:/home/runner/.m2/repository/io/quarkus/quarkus-builder/2.9.1.Final/quarkus-builder-2.9.1.Final.jar:/home/runner/.m2/repository/org/junit/platform/junit-platform-launcher/1.8.2/junit-platform-launcher-1.8.2.jar:/home/runner/.m2/repository/org/jboss/jandex/2.4.2.Final/jandex-2.4.2.Final.jar:/home/runner/.m2/repository/io/quarkus/quarkus-junit5-properties/2.9.1.Final/quarkus-junit5-properties-2.9.1.Final.jar:/home/runner/.m2/repository/com/thoughtworks/xstream/xstream/1.4.19/xstream-1.4.19.jar:/home/runner/.m2/repository/io/github/x-stream/mxparser/1.2.2/mxparser-1.2.2.jar:/home/runner/.m2/repository/xmlpull/xmlpull/1.1.3.1/xmlpull-1.1.3.1.jar:/home/runner/.m2/repository/org/immutables/value/2.8.2/value-2.8.2.jar:/home/runner/.m2/repository/io/quarkus/quarkus-resteasy-reactive-jackson/2.9.1.Final/quarkus-resteasy-reactive-jackson-2.9.1.Final.jar:/home/runner/.m2/repository/io/quarkus/quarkus-resteasy-reactive/2.9.1.Final/quarkus-resteasy-reactive-2.9.1.Final.jar:/home/runner/.m2/repository/io/quarkus/quarkus-resteasy-reactive-common/2.9.1.Final/quarkus-resteasy-reactive-common-2.9.1.Final.jar:/home/runner/.m2/repository/io/quarkus/resteasy/reactive/resteasy-reactive-common/2.9.1.Final/resteasy-reactive-common-2.9.1.Final.jar:/home/runner/.m2/repository/io/quarkus/resteasy/reactive/resteasy-reactive-vertx/2.9.1.Final/resteasy-reactive-vertx-2.9.1.Final.jar:/home/runner/.m2/repository/io/smallrye/reactive/smallrye-mutiny-vertx-core/2.21.0/smallrye-mutiny-vertx-core-2.21.0.jar:/home/runner/.m2/repository/io/smallrye/reactive/smallrye-mutiny-vertx-runtime/2.21.0/smallrye-mutiny-vertx-runtime-2.21.0.jar:/home/runner/.m2/repository/io/smallrye/reactive/vertx-mutiny-generator/2.21.0/vertx-mutiny-generator-2.21.0.jar:/home/runner/.m2/repository/io/vertx/vertx-codegen/4.2.7/vertx-codegen-4.2.7.jar:/home/runner/.m2/repository/io/quarkus/resteasy/reactive/resteasy-reactive/2.9.1.Final/resteasy-reactive-2.9.1.Final.jar:/home/runner/.m2/repository/org/jboss/spec/javax/ws/rs/jboss-jaxrs-api_2.1_spec/2.0.1.Final/jboss-jaxrs-api_2.1_spec-2.0.1.Final.jar:/home/runner/.m2/repository/io/quarkus/quarkus-jsonp/2.9.1.Final/quarkus-jsonp-2.9.1.Final.jar:/home/runner/.m2/repository/org/glassfish/jakarta.json/1.1.6/jakarta.json-1.1.6.jar:/home/runner/.m2/repository/io/quarkus/quarkus-resteasy-reactive-jackson-common/2.9.1.Final/quarkus-resteasy-reactive-jackson-common-2.9.1.Final.jar:/home/runner/.m2/repository/io/quarkus/resteasy/reactive/resteasy-reactive-jackson/2.9.1.Final/resteasy-reactive-jackson-2.9.1.Final.jar:/home/runner/.m2/repository/com/google/code/findbugs/jsr305/3.0.2/jsr305-3.0.2.jar:/home/runner/.m2/repository/io/rest-assured/rest-assured/4.5.1/rest-assured-4.5.1.jar:/home/runner/.m2/repository/org/codehaus/groovy/groovy/3.0.9/groovy-3.0.9.jar:/home/runner/.m2/repository/org/codehaus/groovy/groovy-xml/3.0.9/groovy-xml-3.0.9.jar:/home/runner/.m2/repository/org/apache/httpcomponents/httpclient/4.5.13/httpclient-4.5.13.jar:/home/runner/.m2/repository/org/apache/httpcomponents/httpcore/4.4.15/httpcore-4.4.15.jar:/home/runner/.m2/repository/commons-codec/commons-codec/1.15/commons-codec-1.15.jar:/home/runner/.m2/repository/org/apache/httpcomponents/httpmime/4.5.13/httpmime-4.5.13.jar:/home/runner/.m2/repository/org/hamcrest/hamcrest/2.1/hamcrest-2.1.jar:/home/runner/.m2/repository/org/ccil/cowan/tagsoup/tagsoup/1.2.1/tagsoup-1.2.1.jar:/home/runner/.m2/repository/io/rest-assured/json-path/4.5.1/json-path-4.5.1.jar:/home/runner/.m2/repository/org/codehaus/groovy/groovy-json/3.0.9/groovy-json-3.0.9.jar:/home/runner/.m2/repository/io/rest-assured/rest-assured-common/4.5.1/rest-assured-common-4.5.1.jar:/home/runner/.m2/repository/io/rest-assured/xml-path/4.5.1/xml-path-4.5.1.jar:/home/runner/.m2/repository/org/apache/commons/commons-lang3/3.12.0/commons-lang3-3.12.0.jar:/home/runner/.m2/repository/com/github/jonpeterson/jackson-module-model-versioning/1.2.2/jackson-module-model-versioning-1.2.2.jar:/home/runner/.m2/repository/com/fasterxml/jackson/core/jackson-databind/2.13.2.2/jackson-databind-2.13.2.2.jar:/home/runner/.m2/repository/com/fasterxml/jackson/core/jackson-annotations/2.13.2/jackson-annotations-2.13.2.jar:/home/runner/.m2/repository/com/fasterxml/jackson/datatype/jackson-datatype-guava/2.13.3/jackson-datatype-guava-2.13.3.jar:/home/runner/.m2/repository/com/google/guava/guava/31.1-jre/guava-31.1-jre.jar:/home/runner/.m2/repository/com/google/guava/failureaccess/1.0.1/failureaccess-1.0.1.jar:/home/runner/.m2/repository/org/checkerframework/checker-qual/3.21.4/checker-qual-3.21.4.jar:/home/runner/.m2/repository/com/google/errorprone/error_prone_annotations/2.13.1/error_prone_annotations-2.13.1.jar:/home/runner/.m2/repository/com/google/j2objc/j2objc-annotations/1.3/j2objc-annotations-1.3.jar:/home/runner/.m2/repository/com/fasterxml/jackson/core/jackson-core/2.13.2/jackson-core-2.13.2.jar:/home/runner/.m2/repository/io/quarkus/quarkus-smallrye-openapi/2.9.1.Final/quarkus-smallrye-openapi-2.9.1.Final.jar:/home/runner/.m2/repository/io/smallrye/smallrye-open-api-core/2.1.22/smallrye-open-api-core-2.1.22.jar:/home/runner/.m2/repository/org/eclipse/microprofile/openapi/microprofile-openapi-api/2.0.1/microprofile-openapi-api-2.0.1.jar:/home/runner/.m2/repository/org/eclipse/microprofile/config/microprofile-config-api/2.0.1/microprofile-config-api-2.0.1.jar:/home/runner/.m2/repository/io/quarkus/quarkus-vertx-http/2.9.1.Final/quarkus-vertx-http-2.9.1.Final.jar:/home/runner/.m2/repository/io/quarkus/quarkus-security-runtime-spi/2.9.1.Final/quarkus-security-runtime-spi-2.9.1.Final.jar:/home/runner/.m2/repository/io/quarkus/quarkus-mutiny/2.9.1.Final/quarkus-mutiny-2.9.1.Final.jar:/home/runner/.m2/repository/io/smallrye/reactive/mutiny/1.4.0/mutiny-1.4.0.jar:/home/runner/.m2/repository/io/quarkus/quarkus-smallrye-context-propagation/2.9.1.Final/quarkus-smallrye-context-propagation-2.9.1.Final.jar:/home/runner/.m2/repository/io/smallrye/smallrye-context-propagation/1.2.2/smallrye-context-propagation-1.2.2.jar:/home/runner/.m2/repository/io/smallrye/smallrye-context-propagation-api/1.2.2/smallrye-context-propagation-api-1.2.2.jar:/home/runner/.m2/repository/io/smallrye/smallrye-context-propagation-storage/1.2.2/smallrye-context-propagation-storage-1.2.2.jar:/home/runner/.m2/repository/io/smallrye/reactive/mutiny-smallrye-context-propagation/1.4.0/mutiny-smallrye-context-propagation-1.4.0.jar:/home/runner/.m2/repository/io/smallrye/common/smallrye-common-vertx-context/1.11.0/smallrye-common-vertx-context-1.11.0.jar:/home/runner/.m2/repository/io/vertx/vertx-core/4.2.7/vertx-core-4.2.7.jar:/home/runner/.m2/repository/io/netty/netty-common/4.1.74.Final/netty-common-4.1.74.Final.jar:/home/runner/.m2/repository/io/netty/netty-buffer/4.1.74.Final/netty-buffer-4.1.74.Final.jar:/home/runner/.m2/repository/io/netty/netty-transport/4.1.74.Final/netty-transport-4.1.74.Final.jar:/home/runner/.m2/repository/io/netty/netty-handler/4.1.74.Final/netty-handler-4.1.74.Final.jar:/home/runner/.m2/repository/io/netty/netty-tcnative-classes/2.0.48.Final/netty-tcnative-classes-2.0.48.Final.jar:/home/runner/.m2/repository/io/netty/netty-handler-proxy/4.1.74.Final/netty-handler-proxy-4.1.74.Final.jar:/home/runner/.m2/repository/io/netty/netty-codec-socks/4.1.74.Final/netty-codec-socks-4.1.74.Final.jar:/home/runner/.m2/repository/io/netty/netty-codec-http/4.1.74.Final/netty-codec-http-4.1.74.Final.jar:/home/runner/.m2/repository/io/netty/netty-codec-http2/4.1.74.Final/netty-codec-http2-4.1.74.Final.jar:/home/runner/.m2/repository/io/netty/netty-resolver/4.1.74.Final/netty-resolver-4.1.74.Final.jar:/home/runner/.m2/repository/io/netty/netty-resolver-dns/4.1.74.Final/netty-resolver-dns-4.1.74.Final.jar:/home/runner/.m2/repository/io/netty/netty-codec-dns/4.1.74.Final/netty-codec-dns-4.1.74.Final.jar:/home/runner/.m2/repository/io/smallrye/common/smallrye-common-constraint/1.11.0/smallrye-common-constraint-1.11.0.jar:/home/runner/.m2/repository/io/quarkus/quarkus-vertx-http-dev-console-runtime-spi/2.9.1.Final/quarkus-vertx-http-dev-console-runtime-spi-2.9.1.Final.jar:/home/runner/.m2/repository/io/quarkus/security/quarkus-security/1.1.4.Final/quarkus-security-1.1.4.Final.jar:/home/runner/.m2/repository/io/quarkus/quarkus-vertx/2.9.1.Final/quarkus-vertx-2.9.1.Final.jar:/home/runner/.m2/repository/io/quarkus/quarkus-netty/2.9.1.Final/quarkus-netty-2.9.1.Final.jar:/home/runner/.m2/repository/io/netty/netty-codec/4.1.74.Final/netty-codec-4.1.74.Final.jar:/home/runner/.m2/repository/io/netty/netty-codec-haproxy/4.1.74.Final/netty-codec-haproxy-4.1.74.Final.jar:/home/runner/.m2/repository/io/smallrye/common/smallrye-common-annotation/1.11.0/smallrye-common-annotation-1.11.0.jar:/home/runner/.m2/repository/io/smallrye/smallrye-fault-tolerance-vertx/5.4.0/smallrye-fault-tolerance-vertx-5.4.0.jar:/home/runner/.m2/repository/io/smallrye/reactive/smallrye-mutiny-vertx-web/2.21.0/smallrye-mutiny-vertx-web-2.21.0.jar:/home/runner/.m2/repository/io/smallrye/reactive/smallrye-mutiny-vertx-web-common/2.21.0/smallrye-mutiny-vertx-web-common-2.21.0.jar:/home/runner/.m2/repository/io/smallrye/reactive/smallrye-mutiny-vertx-auth-common/2.21.0/smallrye-mutiny-vertx-auth-common-2.21.0.jar:/home/runner/.m2/repository/io/smallrye/reactive/smallrye-mutiny-vertx-bridge-common/2.21.0/smallrye-mutiny-vertx-bridge-common-2.21.0.jar:/home/runner/.m2/repository/io/vertx/vertx-web/4.2.7/vertx-web-4.2.7.jar:/home/runner/.m2/repository/io/vertx/vertx-web-common/4.2.7/vertx-web-common-4.2.7.jar:/home/runner/.m2/repository/io/vertx/vertx-auth-common/4.2.7/vertx-auth-common-4.2.7.jar:/home/runner/.m2/repository/io/vertx/vertx-bridge-common/4.2.7/vertx-bridge-common-4.2.7.jar:/home/runner/.m2/repository/io/quarkus/quarkus-swagger-ui/2.9.1.Final/quarkus-swagger-ui-2.9.1.Final.jar:/home/runner/.m2/repository/io/quarkus/quarkus-rest-client/2.9.1.Final/quarkus-rest-client-2.9.1.Final.jar:/home/runner/.m2/repository/io/quarkus/quarkus-resteasy-common/2.9.1.Final/quarkus-resteasy-common-2.9.1.Final.jar:/home/runner/.m2/repository/org/jboss/resteasy/resteasy-core/4.7.5.Final/resteasy-core-4.7.5.Final.jar:/home/runner/.m2/repository/org/jboss/resteasy/resteasy-core-spi/4.7.5.Final/resteasy-core-spi-4.7.5.Final.jar:/home/runner/.m2/repository/org/reactivestreams/reactive-streams/1.0.3/reactive-streams-1.0.3.jar:/home/runner/.m2/repository/jakarta/validation/jakarta.validation-api/2.0.2/jakarta.validation-api-2.0.2.jar:/home/runner/.m2/repository/com/ibm/async/asyncutil/0.1.0/asyncutil-0.1.0.jar:/home/runner/.m2/repository/com/sun/activation/jakarta.activation/1.2.1/jakarta.activation-1.2.1.jar:/home/runner/.m2/repository/io/quarkus/quarkus-apache-httpclient/2.9.1.Final/quarkus-apache-httpclient-2.9.1.Final.jar:/home/runner/.m2/repository/io/quarkus/quarkus-rest-client-config/2.9.1.Final/quarkus-rest-client-config-2.9.1.Final.jar:/home/runner/.m2/repository/org/eclipse/microprofile/rest/client/microprofile-rest-client-api/2.0/microprofile-rest-client-api-2.0.jar:/home/runner/.m2/repository/org/jboss/resteasy/resteasy-client-microprofile/4.7.5.Final/resteasy-client-microprofile-4.7.5.Final.jar:/home/runner/.m2/repository/org/jboss/resteasy/resteasy-client-microprofile-base/4.7.5.Final/resteasy-client-microprofile-base-4.7.5.Final.jar:/home/runner/.m2/repository/org/jboss/resteasy/resteasy-client/4.7.5.Final/resteasy-client-4.7.5.Final.jar:/home/runner/.m2/repository/org/jboss/resteasy/resteasy-client-api/4.7.5.Final/resteasy-client-api-4.7.5.Final.jar:/home/runner/.m2/repository/commons-io/commons-io/2.11.0/commons-io-2.11.0.jar:/home/runner/.m2/repository/org/jboss/resteasy/resteasy-cdi/4.7.5.Final/resteasy-cdi-4.7.5.Final.jar:/home/runner/.m2/repository/jakarta/interceptor/jakarta.interceptor-api/1.2.5/jakarta.interceptor-api-1.2.5.jar:/home/runner/.m2/repository/org/apache/httpcomponents/httpasyncclient/4.1.5/httpasyncclient-4.1.5.jar:/home/runner/.m2/repository/org/apache/httpcomponents/httpcore-nio/4.4.15/httpcore-nio-4.4.15.jar:/home/runner/.m2/repository/org/jboss/logging/commons-logging-jboss-logging/1.0.0.Final/commons-logging-jboss-logging-1.0.0.Final.jar:/home/runner/.m2/repository/io/quarkus/quarkus-rest-client-jackson/2.9.1.Final/quarkus-rest-client-jackson-2.9.1.Final.jar:/home/runner/.m2/repository/io/quarkus/quarkus-jackson/2.9.1.Final/quarkus-jackson-2.9.1.Final.jar:/home/runner/.m2/repository/com/fasterxml/jackson/datatype/jackson-datatype-jsr310/2.13.2/jackson-datatype-jsr310-2.13.2.jar:/home/runner/.m2/repository/com/fasterxml/jackson/datatype/jackson-datatype-jdk8/2.13.2/jackson-datatype-jdk8-2.13.2.jar:/home/runner/.m2/repository/com/fasterxml/jackson/module/jackson-module-parameter-names/2.13.2/jackson-module-parameter-names-2.13.2.jar:/home/runner/.m2/repository/org/jboss/resteasy/resteasy-jackson2-provider/4.7.5.Final/resteasy-jackson2-provider-4.7.5.Final.jar:/home/runner/.m2/repository/com/fasterxml/jackson/jaxrs/jackson-jaxrs-json-provider/2.13.2/jackson-jaxrs-json-provider-2.13.2.jar:/home/runner/.m2/repository/com/fasterxml/jackson/jaxrs/jackson-jaxrs-base/2.13.2/jackson-jaxrs-base-2.13.2.jar:/home/runner/.m2/repository/com/fasterxml/jackson/module/jackson-module-jaxb-annotations/2.13.2/jackson-module-jaxb-annotations-2.13.2.jar:/home/runner/.m2/repository/com/github/java-json-tools/json-patch/1.13/json-patch-1.13.jar:/home/runner/.m2/repository/com/github/java-json-tools/msg-simple/1.2/msg-simple-1.2.jar:/home/runner/.m2/repository/com/github/java-json-tools/btf/1.3/btf-1.3.jar:/home/runner/.m2/repository/com/github/java-json-tools/jackson-coreutils/2.0/jackson-coreutils-2.0.jar:/home/runner/.m2/repository/org/jboss/spec/javax/xml/bind/jboss-jaxb-api_2.3_spec/2.0.0.Final/jboss-jaxb-api_2.3_spec-2.0.0.Final.jar:/home/runner/.m2/repository/com/fasterxml/jackson/dataformat/jackson-dataformat-yaml/2.13.2/jackson-dataformat-yaml-2.13.2.jar:/home/runner/.m2/repository/org/yaml/snakeyaml/1.30/snakeyaml-1.30.jar:/home/runner/.m2/repository/io/quarkus/quarkus-devtools-registry-client/2.9.1.Final/quarkus-devtools-registry-client-2.9.1.Final.jar:/home/runner/.m2/repository/io/quarkus/quarkus-devtools-artifact-api/2.9.1.Final/quarkus-devtools-artifact-api-2.9.1.Final.jar:/home/runner/.m2/repository/io/quarkus/quarkus-devtools-message-writer/2.9.1.Final/quarkus-devtools-message-writer-2.9.1.Final.jar:/home/runner/.m2/repository/io/smallrye/common/smallrye-common-os/1.11.0/smallrye-common-os-1.11.0.jar:/home/runner/.m2/repository/io/quarkus/quarkus-bootstrap-maven-resolver/2.9.1.Final/quarkus-bootstrap-maven-resolver-2.9.1.Final.jar:/home/runner/.m2/repository/org/apache/maven/maven-embedder/3.8.4/maven-embedder-3.8.4.jar:/home/runner/.m2/repository/org/apache/maven/maven-settings/3.8.4/maven-settings-3.8.4.jar:/home/runner/.m2/repository/org/apache/maven/maven-core/3.8.4/maven-core-3.8.4.jar:/home/runner/.m2/repository/org/apache/maven/maven-artifact/3.8.4/maven-artifact-3.8.4.jar:/home/runner/.m2/repository/org/codehaus/plexus/plexus-component-annotations/2.1.0/plexus-component-annotations-2.1.0.jar:/home/runner/.m2/repository/org/apache/maven/maven-plugin-api/3.8.4/maven-plugin-api-3.8.4.jar:/home/runner/.m2/repository/org/apache/maven/maven-model/3.8.4/maven-model-3.8.4.jar:/home/runner/.m2/repository/org/apache/maven/maven-model-builder/3.8.4/maven-model-builder-3.8.4.jar:/home/runner/.m2/repository/org/apache/maven/maven-builder-support/3.8.4/maven-builder-support-3.8.4.jar:/home/runner/.m2/repository/org/apache/maven/resolver/maven-resolver-api/1.6.3/maven-resolver-api-1.6.3.jar:/home/runner/.m2/repository/org/apache/maven/resolver/maven-resolver-util/1.6.3/maven-resolver-util-1.6.3.jar:/home/runner/.m2/repository/org/apache/maven/shared/maven-shared-utils/3.3.4/maven-shared-utils-3.3.4.jar:/home/runner/.m2/repository/com/google/inject/guice/4.2.2/guice-4.2.2-no_aop.jar:/home/runner/.m2/repository/org/codehaus/plexus/plexus-classworlds/2.6.0/plexus-classworlds-2.6.0.jar:/home/runner/.m2/repository/org/codehaus/plexus/plexus-sec-dispatcher/2.0/plexus-sec-dispatcher-2.0.jar:/home/runner/.m2/repository/org/codehaus/plexus/plexus-cipher/2.0/plexus-cipher-2.0.jar:/home/runner/.m2/repository/commons-cli/commons-cli/1.4/commons-cli-1.4.jar:/home/runner/.m2/repository/org/eclipse/sisu/org.eclipse.sisu.plexus/0.3.5/org.eclipse.sisu.plexus-0.3.5.jar:/home/runner/.m2/repository/org/apache/maven/maven-settings-builder/3.8.4/maven-settings-builder-3.8.4.jar:/home/runner/.m2/repository/org/codehaus/plexus/plexus-interpolation/1.26/plexus-interpolation-1.26.jar:/home/runner/.m2/repository/org/apache/maven/maven-resolver-provider/3.8.4/maven-resolver-provider-3.8.4.jar:/home/runner/.m2/repository/org/apache/maven/maven-repository-metadata/3.8.4/maven-repository-metadata-3.8.4.jar:/home/runner/.m2/repository/org/apache/maven/resolver/maven-resolver-spi/1.6.3/maven-resolver-spi-1.6.3.jar:/home/runner/.m2/repository/org/apache/maven/resolver/maven-resolver-impl/1.6.3/maven-resolver-impl-1.6.3.jar:/home/runner/.m2/repository/org/codehaus/plexus/plexus-utils/3.3.0/plexus-utils-3.3.0.jar:/home/runner/.m2/repository/org/apache/maven/resolver/maven-resolver-connector-basic/1.6.3/maven-resolver-connector-basic-1.6.3.jar:/home/runner/.m2/repository/org/apache/maven/resolver/maven-resolver-transport-wagon/1.6.3/maven-resolver-transport-wagon-1.6.3.jar:/home/runner/.m2/repository/org/apache/maven/wagon/wagon-http/3.4.3/wagon-http-3.4.3.jar:/home/runner/.m2/repository/org/apache/maven/wagon/wagon-http-shared/3.4.3/wagon-http-shared-3.4.3.jar:/home/runner/.m2/repository/org/jsoup/jsoup/1.14.2/jsoup-1.14.2.jar:/home/runner/.m2/repository/org/apache/maven/wagon/wagon-provider-api/3.4.3/wagon-provider-api-3.4.3.jar:/home/runner/.m2/repository/org/apache/maven/wagon/wagon-file/3.4.3/wagon-file-3.4.3.jar:/home/runner/.m2/repository/org/junit/jupiter/junit-jupiter/5.8.2/junit-jupiter-5.8.2.jar:/home/runner/.m2/repository/org/junit/jupiter/junit-jupiter-api/5.8.2/junit-jupiter-api-5.8.2.jar:/home/runner/.m2/repository/org/opentest4j/opentest4j/1.2.0/opentest4j-1.2.0.jar:/home/runner/.m2/repository/org/junit/platform/junit-platform-commons/1.8.2/junit-platform-commons-1.8.2.jar:/home/runner/.m2/repository/org/apiguardian/apiguardian-api/1.1.2/apiguardian-api-1.1.2.jar:/home/runner/.m2/repository/org/junit/jupiter/junit-jupiter-params/5.8.2/junit-jupiter-params-5.8.2.jar:/home/runner/.m2/repository/org/junit/jupiter/junit-jupiter-engine/5.8.2/junit-jupiter-engine-5.8.2.jar:/home/runner/.m2/repository/org/junit/platform/junit-platform-engine/1.8.2/junit-platform-engine-1.8.2.jar:/home/runner/.m2/repository/org/testcontainers/junit-jupiter/1.17.6/junit-jupiter-1.17.6.jar:/home/runner/.m2/repository/org/testcontainers/testcontainers/1.17.6/testcontainers-1.17.6.jar:/home/runner/.m2/repository/junit/junit/4.13.2/junit-4.13.2.jar:/home/runner/.m2/repository/org/slf4j/slf4j-api/1.7.36/slf4j-api-1.7.36.jar:/home/runner/.m2/repository/org/apache/commons/commons-compress/1.21/commons-compress-1.21.jar:/home/runner/.m2/repository/org/rnorth/duct-tape/duct-tape/1.0.8/duct-tape-1.0.8.jar:/home/runner/.m2/repository/org/jetbrains/annotations/17.0.0/annotations-17.0.0.jar:/home/runner/.m2/repository/com/github/docker-java/docker-java-api/3.2.13/docker-java-api-3.2.13.jar:/home/runner/.m2/repository/com/github/docker-java/docker-java-transport-zerodep/3.2.13/docker-java-transport-zerodep-3.2.13.jar:/home/runner/.m2/repository/com/github/docker-java/docker-java-transport/3.2.13/docker-java-transport-3.2.13.jar:/home/runner/.m2/repository/net/java/dev/jna/jna/5.8.0/jna-5.8.0.jar:/home/runner/.m2/repository/org/testcontainers/postgresql/1.17.6/postgresql-1.17.6.jar:/home/runner/.m2/repository/org/testcontainers/jdbc/1.17.1/jdbc-1.17.1.jar:/home/runner/.m2/repository/org/testcontainers/database-commons/1.17.1/database-commons-1.17.1.jar:/home/runner/.m2/repository/org/testcontainers/elasticsearch/1.17.6/elasticsearch-1.17.6.jar:"/>
    <property name="java.vm.vendor" value="Eclipse Adoptium"/>
    <property name="sun.arch.data.model" value="64"/>
    <property name="java.vendor.url" value="https://adoptium.net/"/>
    <property name="user.timezone" value="Etc/UTC"/>
    <property name="java.vm.specification.version" value="11"/>
    <property name="os.name" value="Linux"/>
    <property name="sun.java.launcher" value="SUN_STANDARD"/>
    <property name="mp.openapi.extensions.smallrye.defaultProduces" value="application/json"/>
    <property name="sun.boot.library.path" value="/usr/lib/jvm/temurin-11-jdk-amd64/lib"/>
    <property name="sun.java.command" value="/home/runner/work/core/core/tools/dotcms-cli/api-data-model/target/surefire/surefirebooter13931296712641684980.jar /home/runner/work/core/core/tools/dotcms-cli/api-data-model/target/surefire 2023-08-04T12-56-51_547-jvmRun1 surefire423196131576930557tmp surefire_015772629695677773567tmp"/>
    <property name="jdk.debug" value="release"/>
    <property name="maven.home" value="/home/runner/.m2/wrapper/dists/apache-maven-3.8.4-bin/52ccbt68d252mdldqsfsn03jlf/apache-maven-3.8.4"/>
    <property name="surefire.test.class.path" value="/home/runner/work/core/core/tools/dotcms-cli/api-data-model/target/test-classes:/home/runner/work/core/core/tools/dotcms-cli/api-data-model/target/api-data-model-1.0.0-SNAPSHOT.jar:/home/runner/.m2/repository/io/quarkus/quarkus-arc/2.9.1.Final/quarkus-arc-2.9.1.Final.jar:/home/runner/.m2/repository/io/quarkus/arc/arc/2.9.1.Final/arc-2.9.1.Final.jar:/home/runner/.m2/repository/jakarta/enterprise/jakarta.enterprise.cdi-api/2.0.2/jakarta.enterprise.cdi-api-2.0.2.jar:/home/runner/.m2/repository/jakarta/el/jakarta.el-api/3.0.3/jakarta.el-api-3.0.3.jar:/home/runner/.m2/repository/jakarta/annotation/jakarta.annotation-api/1.3.5/jakarta.annotation-api-1.3.5.jar:/home/runner/.m2/repository/jakarta/transaction/jakarta.transaction-api/1.3.3/jakarta.transaction-api-1.3.3.jar:/home/runner/.m2/repository/org/jboss/logging/jboss-logging/3.4.3.Final/jboss-logging-3.4.3.Final.jar:/home/runner/.m2/repository/io/quarkus/quarkus-core/2.9.1.Final/quarkus-core-2.9.1.Final.jar:/home/runner/.m2/repository/jakarta/inject/jakarta.inject-api/1.0/jakarta.inject-api-1.0.jar:/home/runner/.m2/repository/io/quarkus/quarkus-ide-launcher/2.9.1.Final/quarkus-ide-launcher-2.9.1.Final.jar:/home/runner/.m2/repository/io/quarkus/quarkus-development-mode-spi/2.9.1.Final/quarkus-development-mode-spi-2.9.1.Final.jar:/home/runner/.m2/repository/io/smallrye/config/smallrye-config/2.10.0/smallrye-config-2.10.0.jar:/home/runner/.m2/repository/io/smallrye/config/smallrye-config-core/2.10.0/smallrye-config-core-2.10.0.jar:/home/runner/.m2/repository/io/smallrye/common/smallrye-common-expression/1.11.0/smallrye-common-expression-1.11.0.jar:/home/runner/.m2/repository/io/smallrye/common/smallrye-common-function/1.11.0/smallrye-common-function-1.11.0.jar:/home/runner/.m2/repository/io/smallrye/common/smallrye-common-classloader/1.11.0/smallrye-common-classloader-1.11.0.jar:/home/runner/.m2/repository/io/smallrye/config/smallrye-config-common/2.10.0/smallrye-config-common-2.10.0.jar:/home/runner/.m2/repository/org/jboss/logmanager/jboss-logmanager-embedded/1.0.9/jboss-logmanager-embedded-1.0.9.jar:/home/runner/.m2/repository/org/jboss/logging/jboss-logging-annotations/2.2.1.Final/jboss-logging-annotations-2.2.1.Final.jar:/home/runner/.m2/repository/org/jboss/threads/jboss-threads/3.4.2.Final/jboss-threads-3.4.2.Final.jar:/home/runner/.m2/repository/org/jboss/slf4j/slf4j-jboss-logmanager/1.1.0.Final/slf4j-jboss-logmanager-1.1.0.Final.jar:/home/runner/.m2/repository/org/graalvm/sdk/graal-sdk/22.0.0.2/graal-sdk-22.0.0.2.jar:/home/runner/.m2/repository/org/wildfly/common/wildfly-common/1.5.4.Final-format-001/wildfly-common-1.5.4.Final-format-001.jar:/home/runner/.m2/repository/io/quarkus/quarkus-bootstrap-runner/2.9.1.Final/quarkus-bootstrap-runner-2.9.1.Final.jar:/home/runner/.m2/repository/io/quarkus/quarkus-fs-util/0.0.9/quarkus-fs-util-0.0.9.jar:/home/runner/.m2/repository/org/eclipse/microprofile/context-propagation/microprofile-context-propagation-api/1.2/microprofile-context-propagation-api-1.2.jar:/home/runner/.m2/repository/io/quarkus/quarkus-junit5/2.9.1.Final/quarkus-junit5-2.9.1.Final.jar:/home/runner/.m2/repository/io/quarkus/quarkus-bootstrap-core/2.9.1.Final/quarkus-bootstrap-core-2.9.1.Final.jar:/home/runner/.m2/repository/io/quarkus/quarkus-bootstrap-app-model/2.9.1.Final/quarkus-bootstrap-app-model-2.9.1.Final.jar:/home/runner/.m2/repository/io/quarkus/quarkus-bootstrap-gradle-resolver/2.9.1.Final/quarkus-bootstrap-gradle-resolver-2.9.1.Final.jar:/home/runner/.m2/repository/io/smallrye/common/smallrye-common-io/1.11.0/smallrye-common-io-1.11.0.jar:/home/runner/.m2/repository/org/eclipse/sisu/org.eclipse.sisu.inject/0.3.5/org.eclipse.sisu.inject-0.3.5.jar:/home/runner/.m2/repository/io/quarkus/quarkus-test-common/2.9.1.Final/quarkus-test-common-2.9.1.Final.jar:/home/runner/.m2/repository/io/quarkus/quarkus-core-deployment/2.9.1.Final/quarkus-core-deployment-2.9.1.Final.jar:/home/runner/.m2/repository/org/aesh/readline/2.2/readline-2.2.jar:/home/runner/.m2/repository/org/fusesource/jansi/jansi/1.18/jansi-1.18.jar:/home/runner/.m2/repository/org/aesh/aesh/2.6/aesh-2.6.jar:/home/runner/.m2/repository/io/quarkus/gizmo/gizmo/1.0.10.Final/gizmo-1.0.10.Final.jar:/home/runner/.m2/repository/org/ow2/asm/asm-util/9.2/asm-util-9.2.jar:/home/runner/.m2/repository/org/ow2/asm/asm/9.3/asm-9.3.jar:/home/runner/.m2/repository/org/ow2/asm/asm-commons/9.3/asm-commons-9.3.jar:/home/runner/.m2/repository/org/ow2/asm/asm-tree/9.3/asm-tree-9.3.jar:/home/runner/.m2/repository/org/ow2/asm/asm-analysis/9.3/asm-analysis-9.3.jar:/home/runner/.m2/repository/io/quarkus/quarkus-class-change-agent/2.9.1.Final/quarkus-class-change-agent-2.9.1.Final.jar:/home/runner/.m2/repository/io/quarkus/quarkus-devtools-utilities/2.9.1.Final/quarkus-devtools-utilities-2.9.1.Final.jar:/home/runner/.m2/repository/io/quarkus/quarkus-builder/2.9.1.Final/quarkus-builder-2.9.1.Final.jar:/home/runner/.m2/repository/org/junit/platform/junit-platform-launcher/1.8.2/junit-platform-launcher-1.8.2.jar:/home/runner/.m2/repository/org/jboss/jandex/2.4.2.Final/jandex-2.4.2.Final.jar:/home/runner/.m2/repository/io/quarkus/quarkus-junit5-properties/2.9.1.Final/quarkus-junit5-properties-2.9.1.Final.jar:/home/runner/.m2/repository/com/thoughtworks/xstream/xstream/1.4.19/xstream-1.4.19.jar:/home/runner/.m2/repository/io/github/x-stream/mxparser/1.2.2/mxparser-1.2.2.jar:/home/runner/.m2/repository/xmlpull/xmlpull/1.1.3.1/xmlpull-1.1.3.1.jar:/home/runner/.m2/repository/org/immutables/value/2.8.2/value-2.8.2.jar:/home/runner/.m2/repository/io/quarkus/quarkus-resteasy-reactive-jackson/2.9.1.Final/quarkus-resteasy-reactive-jackson-2.9.1.Final.jar:/home/runner/.m2/repository/io/quarkus/quarkus-resteasy-reactive/2.9.1.Final/quarkus-resteasy-reactive-2.9.1.Final.jar:/home/runner/.m2/repository/io/quarkus/quarkus-resteasy-reactive-common/2.9.1.Final/quarkus-resteasy-reactive-common-2.9.1.Final.jar:/home/runner/.m2/repository/io/quarkus/resteasy/reactive/resteasy-reactive-common/2.9.1.Final/resteasy-reactive-common-2.9.1.Final.jar:/home/runner/.m2/repository/io/quarkus/resteasy/reactive/resteasy-reactive-vertx/2.9.1.Final/resteasy-reactive-vertx-2.9.1.Final.jar:/home/runner/.m2/repository/io/smallrye/reactive/smallrye-mutiny-vertx-core/2.21.0/smallrye-mutiny-vertx-core-2.21.0.jar:/home/runner/.m2/repository/io/smallrye/reactive/smallrye-mutiny-vertx-runtime/2.21.0/smallrye-mutiny-vertx-runtime-2.21.0.jar:/home/runner/.m2/repository/io/smallrye/reactive/vertx-mutiny-generator/2.21.0/vertx-mutiny-generator-2.21.0.jar:/home/runner/.m2/repository/io/vertx/vertx-codegen/4.2.7/vertx-codegen-4.2.7.jar:/home/runner/.m2/repository/io/quarkus/resteasy/reactive/resteasy-reactive/2.9.1.Final/resteasy-reactive-2.9.1.Final.jar:/home/runner/.m2/repository/org/jboss/spec/javax/ws/rs/jboss-jaxrs-api_2.1_spec/2.0.1.Final/jboss-jaxrs-api_2.1_spec-2.0.1.Final.jar:/home/runner/.m2/repository/io/quarkus/quarkus-jsonp/2.9.1.Final/quarkus-jsonp-2.9.1.Final.jar:/home/runner/.m2/repository/org/glassfish/jakarta.json/1.1.6/jakarta.json-1.1.6.jar:/home/runner/.m2/repository/io/quarkus/quarkus-resteasy-reactive-jackson-common/2.9.1.Final/quarkus-resteasy-reactive-jackson-common-2.9.1.Final.jar:/home/runner/.m2/repository/io/quarkus/resteasy/reactive/resteasy-reactive-jackson/2.9.1.Final/resteasy-reactive-jackson-2.9.1.Final.jar:/home/runner/.m2/repository/com/google/code/findbugs/jsr305/3.0.2/jsr305-3.0.2.jar:/home/runner/.m2/repository/io/rest-assured/rest-assured/4.5.1/rest-assured-4.5.1.jar:/home/runner/.m2/repository/org/codehaus/groovy/groovy/3.0.9/groovy-3.0.9.jar:/home/runner/.m2/repository/org/codehaus/groovy/groovy-xml/3.0.9/groovy-xml-3.0.9.jar:/home/runner/.m2/repository/org/apache/httpcomponents/httpclient/4.5.13/httpclient-4.5.13.jar:/home/runner/.m2/repository/org/apache/httpcomponents/httpcore/4.4.15/httpcore-4.4.15.jar:/home/runner/.m2/repository/commons-codec/commons-codec/1.15/commons-codec-1.15.jar:/home/runner/.m2/repository/org/apache/httpcomponents/httpmime/4.5.13/httpmime-4.5.13.jar:/home/runner/.m2/repository/org/hamcrest/hamcrest/2.1/hamcrest-2.1.jar:/home/runner/.m2/repository/org/ccil/cowan/tagsoup/tagsoup/1.2.1/tagsoup-1.2.1.jar:/home/runner/.m2/repository/io/rest-assured/json-path/4.5.1/json-path-4.5.1.jar:/home/runner/.m2/repository/org/codehaus/groovy/groovy-json/3.0.9/groovy-json-3.0.9.jar:/home/runner/.m2/repository/io/rest-assured/rest-assured-common/4.5.1/rest-assured-common-4.5.1.jar:/home/runner/.m2/repository/io/rest-assured/xml-path/4.5.1/xml-path-4.5.1.jar:/home/runner/.m2/repository/org/apache/commons/commons-lang3/3.12.0/commons-lang3-3.12.0.jar:/home/runner/.m2/repository/com/github/jonpeterson/jackson-module-model-versioning/1.2.2/jackson-module-model-versioning-1.2.2.jar:/home/runner/.m2/repository/com/fasterxml/jackson/core/jackson-databind/2.13.2.2/jackson-databind-2.13.2.2.jar:/home/runner/.m2/repository/com/fasterxml/jackson/core/jackson-annotations/2.13.2/jackson-annotations-2.13.2.jar:/home/runner/.m2/repository/com/fasterxml/jackson/datatype/jackson-datatype-guava/2.13.3/jackson-datatype-guava-2.13.3.jar:/home/runner/.m2/repository/com/google/guava/guava/31.1-jre/guava-31.1-jre.jar:/home/runner/.m2/repository/com/google/guava/failureaccess/1.0.1/failureaccess-1.0.1.jar:/home/runner/.m2/repository/org/checkerframework/checker-qual/3.21.4/checker-qual-3.21.4.jar:/home/runner/.m2/repository/com/google/errorprone/error_prone_annotations/2.13.1/error_prone_annotations-2.13.1.jar:/home/runner/.m2/repository/com/google/j2objc/j2objc-annotations/1.3/j2objc-annotations-1.3.jar:/home/runner/.m2/repository/com/fasterxml/jackson/core/jackson-core/2.13.2/jackson-core-2.13.2.jar:/home/runner/.m2/repository/io/quarkus/quarkus-smallrye-openapi/2.9.1.Final/quarkus-smallrye-openapi-2.9.1.Final.jar:/home/runner/.m2/repository/io/smallrye/smallrye-open-api-core/2.1.22/smallrye-open-api-core-2.1.22.jar:/home/runner/.m2/repository/org/eclipse/microprofile/openapi/microprofile-openapi-api/2.0.1/microprofile-openapi-api-2.0.1.jar:/home/runner/.m2/repository/org/eclipse/microprofile/config/microprofile-config-api/2.0.1/microprofile-config-api-2.0.1.jar:/home/runner/.m2/repository/io/quarkus/quarkus-vertx-http/2.9.1.Final/quarkus-vertx-http-2.9.1.Final.jar:/home/runner/.m2/repository/io/quarkus/quarkus-security-runtime-spi/2.9.1.Final/quarkus-security-runtime-spi-2.9.1.Final.jar:/home/runner/.m2/repository/io/quarkus/quarkus-mutiny/2.9.1.Final/quarkus-mutiny-2.9.1.Final.jar:/home/runner/.m2/repository/io/smallrye/reactive/mutiny/1.4.0/mutiny-1.4.0.jar:/home/runner/.m2/repository/io/quarkus/quarkus-smallrye-context-propagation/2.9.1.Final/quarkus-smallrye-context-propagation-2.9.1.Final.jar:/home/runner/.m2/repository/io/smallrye/smallrye-context-propagation/1.2.2/smallrye-context-propagation-1.2.2.jar:/home/runner/.m2/repository/io/smallrye/smallrye-context-propagation-api/1.2.2/smallrye-context-propagation-api-1.2.2.jar:/home/runner/.m2/repository/io/smallrye/smallrye-context-propagation-storage/1.2.2/smallrye-context-propagation-storage-1.2.2.jar:/home/runner/.m2/repository/io/smallrye/reactive/mutiny-smallrye-context-propagation/1.4.0/mutiny-smallrye-context-propagation-1.4.0.jar:/home/runner/.m2/repository/io/smallrye/common/smallrye-common-vertx-context/1.11.0/smallrye-common-vertx-context-1.11.0.jar:/home/runner/.m2/repository/io/vertx/vertx-core/4.2.7/vertx-core-4.2.7.jar:/home/runner/.m2/repository/io/netty/netty-common/4.1.74.Final/netty-common-4.1.74.Final.jar:/home/runner/.m2/repository/io/netty/netty-buffer/4.1.74.Final/netty-buffer-4.1.74.Final.jar:/home/runner/.m2/repository/io/netty/netty-transport/4.1.74.Final/netty-transport-4.1.74.Final.jar:/home/runner/.m2/repository/io/netty/netty-handler/4.1.74.Final/netty-handler-4.1.74.Final.jar:/home/runner/.m2/repository/io/netty/netty-tcnative-classes/2.0.48.Final/netty-tcnative-classes-2.0.48.Final.jar:/home/runner/.m2/repository/io/netty/netty-handler-proxy/4.1.74.Final/netty-handler-proxy-4.1.74.Final.jar:/home/runner/.m2/repository/io/netty/netty-codec-socks/4.1.74.Final/netty-codec-socks-4.1.74.Final.jar:/home/runner/.m2/repository/io/netty/netty-codec-http/4.1.74.Final/netty-codec-http-4.1.74.Final.jar:/home/runner/.m2/repository/io/netty/netty-codec-http2/4.1.74.Final/netty-codec-http2-4.1.74.Final.jar:/home/runner/.m2/repository/io/netty/netty-resolver/4.1.74.Final/netty-resolver-4.1.74.Final.jar:/home/runner/.m2/repository/io/netty/netty-resolver-dns/4.1.74.Final/netty-resolver-dns-4.1.74.Final.jar:/home/runner/.m2/repository/io/netty/netty-codec-dns/4.1.74.Final/netty-codec-dns-4.1.74.Final.jar:/home/runner/.m2/repository/io/smallrye/common/smallrye-common-constraint/1.11.0/smallrye-common-constraint-1.11.0.jar:/home/runner/.m2/repository/io/quarkus/quarkus-vertx-http-dev-console-runtime-spi/2.9.1.Final/quarkus-vertx-http-dev-console-runtime-spi-2.9.1.Final.jar:/home/runner/.m2/repository/io/quarkus/security/quarkus-security/1.1.4.Final/quarkus-security-1.1.4.Final.jar:/home/runner/.m2/repository/io/quarkus/quarkus-vertx/2.9.1.Final/quarkus-vertx-2.9.1.Final.jar:/home/runner/.m2/repository/io/quarkus/quarkus-netty/2.9.1.Final/quarkus-netty-2.9.1.Final.jar:/home/runner/.m2/repository/io/netty/netty-codec/4.1.74.Final/netty-codec-4.1.74.Final.jar:/home/runner/.m2/repository/io/netty/netty-codec-haproxy/4.1.74.Final/netty-codec-haproxy-4.1.74.Final.jar:/home/runner/.m2/repository/io/smallrye/common/smallrye-common-annotation/1.11.0/smallrye-common-annotation-1.11.0.jar:/home/runner/.m2/repository/io/smallrye/smallrye-fault-tolerance-vertx/5.4.0/smallrye-fault-tolerance-vertx-5.4.0.jar:/home/runner/.m2/repository/io/smallrye/reactive/smallrye-mutiny-vertx-web/2.21.0/smallrye-mutiny-vertx-web-2.21.0.jar:/home/runner/.m2/repository/io/smallrye/reactive/smallrye-mutiny-vertx-web-common/2.21.0/smallrye-mutiny-vertx-web-common-2.21.0.jar:/home/runner/.m2/repository/io/smallrye/reactive/smallrye-mutiny-vertx-auth-common/2.21.0/smallrye-mutiny-vertx-auth-common-2.21.0.jar:/home/runner/.m2/repository/io/smallrye/reactive/smallrye-mutiny-vertx-bridge-common/2.21.0/smallrye-mutiny-vertx-bridge-common-2.21.0.jar:/home/runner/.m2/repository/io/vertx/vertx-web/4.2.7/vertx-web-4.2.7.jar:/home/runner/.m2/repository/io/vertx/vertx-web-common/4.2.7/vertx-web-common-4.2.7.jar:/home/runner/.m2/repository/io/vertx/vertx-auth-common/4.2.7/vertx-auth-common-4.2.7.jar:/home/runner/.m2/repository/io/vertx/vertx-bridge-common/4.2.7/vertx-bridge-common-4.2.7.jar:/home/runner/.m2/repository/io/quarkus/quarkus-swagger-ui/2.9.1.Final/quarkus-swagger-ui-2.9.1.Final.jar:/home/runner/.m2/repository/io/quarkus/quarkus-rest-client/2.9.1.Final/quarkus-rest-client-2.9.1.Final.jar:/home/runner/.m2/repository/io/quarkus/quarkus-resteasy-common/2.9.1.Final/quarkus-resteasy-common-2.9.1.Final.jar:/home/runner/.m2/repository/org/jboss/resteasy/resteasy-core/4.7.5.Final/resteasy-core-4.7.5.Final.jar:/home/runner/.m2/repository/org/jboss/resteasy/resteasy-core-spi/4.7.5.Final/resteasy-core-spi-4.7.5.Final.jar:/home/runner/.m2/repository/org/reactivestreams/reactive-streams/1.0.3/reactive-streams-1.0.3.jar:/home/runner/.m2/repository/jakarta/validation/jakarta.validation-api/2.0.2/jakarta.validation-api-2.0.2.jar:/home/runner/.m2/repository/com/ibm/async/asyncutil/0.1.0/asyncutil-0.1.0.jar:/home/runner/.m2/repository/com/sun/activation/jakarta.activation/1.2.1/jakarta.activation-1.2.1.jar:/home/runner/.m2/repository/io/quarkus/quarkus-apache-httpclient/2.9.1.Final/quarkus-apache-httpclient-2.9.1.Final.jar:/home/runner/.m2/repository/io/quarkus/quarkus-rest-client-config/2.9.1.Final/quarkus-rest-client-config-2.9.1.Final.jar:/home/runner/.m2/repository/org/eclipse/microprofile/rest/client/microprofile-rest-client-api/2.0/microprofile-rest-client-api-2.0.jar:/home/runner/.m2/repository/org/jboss/resteasy/resteasy-client-microprofile/4.7.5.Final/resteasy-client-microprofile-4.7.5.Final.jar:/home/runner/.m2/repository/org/jboss/resteasy/resteasy-client-microprofile-base/4.7.5.Final/resteasy-client-microprofile-base-4.7.5.Final.jar:/home/runner/.m2/repository/org/jboss/resteasy/resteasy-client/4.7.5.Final/resteasy-client-4.7.5.Final.jar:/home/runner/.m2/repository/org/jboss/resteasy/resteasy-client-api/4.7.5.Final/resteasy-client-api-4.7.5.Final.jar:/home/runner/.m2/repository/commons-io/commons-io/2.11.0/commons-io-2.11.0.jar:/home/runner/.m2/repository/org/jboss/resteasy/resteasy-cdi/4.7.5.Final/resteasy-cdi-4.7.5.Final.jar:/home/runner/.m2/repository/jakarta/interceptor/jakarta.interceptor-api/1.2.5/jakarta.interceptor-api-1.2.5.jar:/home/runner/.m2/repository/org/apache/httpcomponents/httpasyncclient/4.1.5/httpasyncclient-4.1.5.jar:/home/runner/.m2/repository/org/apache/httpcomponents/httpcore-nio/4.4.15/httpcore-nio-4.4.15.jar:/home/runner/.m2/repository/org/jboss/logging/commons-logging-jboss-logging/1.0.0.Final/commons-logging-jboss-logging-1.0.0.Final.jar:/home/runner/.m2/repository/io/quarkus/quarkus-rest-client-jackson/2.9.1.Final/quarkus-rest-client-jackson-2.9.1.Final.jar:/home/runner/.m2/repository/io/quarkus/quarkus-jackson/2.9.1.Final/quarkus-jackson-2.9.1.Final.jar:/home/runner/.m2/repository/com/fasterxml/jackson/datatype/jackson-datatype-jsr310/2.13.2/jackson-datatype-jsr310-2.13.2.jar:/home/runner/.m2/repository/com/fasterxml/jackson/datatype/jackson-datatype-jdk8/2.13.2/jackson-datatype-jdk8-2.13.2.jar:/home/runner/.m2/repository/com/fasterxml/jackson/module/jackson-module-parameter-names/2.13.2/jackson-module-parameter-names-2.13.2.jar:/home/runner/.m2/repository/org/jboss/resteasy/resteasy-jackson2-provider/4.7.5.Final/resteasy-jackson2-provider-4.7.5.Final.jar:/home/runner/.m2/repository/com/fasterxml/jackson/jaxrs/jackson-jaxrs-json-provider/2.13.2/jackson-jaxrs-json-provider-2.13.2.jar:/home/runner/.m2/repository/com/fasterxml/jackson/jaxrs/jackson-jaxrs-base/2.13.2/jackson-jaxrs-base-2.13.2.jar:/home/runner/.m2/repository/com/fasterxml/jackson/module/jackson-module-jaxb-annotations/2.13.2/jackson-module-jaxb-annotations-2.13.2.jar:/home/runner/.m2/repository/com/github/java-json-tools/json-patch/1.13/json-patch-1.13.jar:/home/runner/.m2/repository/com/github/java-json-tools/msg-simple/1.2/msg-simple-1.2.jar:/home/runner/.m2/repository/com/github/java-json-tools/btf/1.3/btf-1.3.jar:/home/runner/.m2/repository/com/github/java-json-tools/jackson-coreutils/2.0/jackson-coreutils-2.0.jar:/home/runner/.m2/repository/org/jboss/spec/javax/xml/bind/jboss-jaxb-api_2.3_spec/2.0.0.Final/jboss-jaxb-api_2.3_spec-2.0.0.Final.jar:/home/runner/.m2/repository/com/fasterxml/jackson/dataformat/jackson-dataformat-yaml/2.13.2/jackson-dataformat-yaml-2.13.2.jar:/home/runner/.m2/repository/org/yaml/snakeyaml/1.30/snakeyaml-1.30.jar:/home/runner/.m2/repository/io/quarkus/quarkus-devtools-registry-client/2.9.1.Final/quarkus-devtools-registry-client-2.9.1.Final.jar:/home/runner/.m2/repository/io/quarkus/quarkus-devtools-artifact-api/2.9.1.Final/quarkus-devtools-artifact-api-2.9.1.Final.jar:/home/runner/.m2/repository/io/quarkus/quarkus-devtools-message-writer/2.9.1.Final/quarkus-devtools-message-writer-2.9.1.Final.jar:/home/runner/.m2/repository/io/smallrye/common/smallrye-common-os/1.11.0/smallrye-common-os-1.11.0.jar:/home/runner/.m2/repository/io/quarkus/quarkus-bootstrap-maven-resolver/2.9.1.Final/quarkus-bootstrap-maven-resolver-2.9.1.Final.jar:/home/runner/.m2/repository/org/apache/maven/maven-embedder/3.8.4/maven-embedder-3.8.4.jar:/home/runner/.m2/repository/org/apache/maven/maven-settings/3.8.4/maven-settings-3.8.4.jar:/home/runner/.m2/repository/org/apache/maven/maven-core/3.8.4/maven-core-3.8.4.jar:/home/runner/.m2/repository/org/apache/maven/maven-artifact/3.8.4/maven-artifact-3.8.4.jar:/home/runner/.m2/repository/org/codehaus/plexus/plexus-component-annotations/2.1.0/plexus-component-annotations-2.1.0.jar:/home/runner/.m2/repository/org/apache/maven/maven-plugin-api/3.8.4/maven-plugin-api-3.8.4.jar:/home/runner/.m2/repository/org/apache/maven/maven-model/3.8.4/maven-model-3.8.4.jar:/home/runner/.m2/repository/org/apache/maven/maven-model-builder/3.8.4/maven-model-builder-3.8.4.jar:/home/runner/.m2/repository/org/apache/maven/maven-builder-support/3.8.4/maven-builder-support-3.8.4.jar:/home/runner/.m2/repository/org/apache/maven/resolver/maven-resolver-api/1.6.3/maven-resolver-api-1.6.3.jar:/home/runner/.m2/repository/org/apache/maven/resolver/maven-resolver-util/1.6.3/maven-resolver-util-1.6.3.jar:/home/runner/.m2/repository/org/apache/maven/shared/maven-shared-utils/3.3.4/maven-shared-utils-3.3.4.jar:/home/runner/.m2/repository/com/google/inject/guice/4.2.2/guice-4.2.2-no_aop.jar:/home/runner/.m2/repository/org/codehaus/plexus/plexus-classworlds/2.6.0/plexus-classworlds-2.6.0.jar:/home/runner/.m2/repository/org/codehaus/plexus/plexus-sec-dispatcher/2.0/plexus-sec-dispatcher-2.0.jar:/home/runner/.m2/repository/org/codehaus/plexus/plexus-cipher/2.0/plexus-cipher-2.0.jar:/home/runner/.m2/repository/commons-cli/commons-cli/1.4/commons-cli-1.4.jar:/home/runner/.m2/repository/org/eclipse/sisu/org.eclipse.sisu.plexus/0.3.5/org.eclipse.sisu.plexus-0.3.5.jar:/home/runner/.m2/repository/org/apache/maven/maven-settings-builder/3.8.4/maven-settings-builder-3.8.4.jar:/home/runner/.m2/repository/org/codehaus/plexus/plexus-interpolation/1.26/plexus-interpolation-1.26.jar:/home/runner/.m2/repository/org/apache/maven/maven-resolver-provider/3.8.4/maven-resolver-provider-3.8.4.jar:/home/runner/.m2/repository/org/apache/maven/maven-repository-metadata/3.8.4/maven-repository-metadata-3.8.4.jar:/home/runner/.m2/repository/org/apache/maven/resolver/maven-resolver-spi/1.6.3/maven-resolver-spi-1.6.3.jar:/home/runner/.m2/repository/org/apache/maven/resolver/maven-resolver-impl/1.6.3/maven-resolver-impl-1.6.3.jar:/home/runner/.m2/repository/org/codehaus/plexus/plexus-utils/3.3.0/plexus-utils-3.3.0.jar:/home/runner/.m2/repository/org/apache/maven/resolver/maven-resolver-connector-basic/1.6.3/maven-resolver-connector-basic-1.6.3.jar:/home/runner/.m2/repository/org/apache/maven/resolver/maven-resolver-transport-wagon/1.6.3/maven-resolver-transport-wagon-1.6.3.jar:/home/runner/.m2/repository/org/apache/maven/wagon/wagon-http/3.4.3/wagon-http-3.4.3.jar:/home/runner/.m2/repository/org/apache/maven/wagon/wagon-http-shared/3.4.3/wagon-http-shared-3.4.3.jar:/home/runner/.m2/repository/org/jsoup/jsoup/1.14.2/jsoup-1.14.2.jar:/home/runner/.m2/repository/org/apache/maven/wagon/wagon-provider-api/3.4.3/wagon-provider-api-3.4.3.jar:/home/runner/.m2/repository/org/apache/maven/wagon/wagon-file/3.4.3/wagon-file-3.4.3.jar:/home/runner/.m2/repository/org/junit/jupiter/junit-jupiter/5.8.2/junit-jupiter-5.8.2.jar:/home/runner/.m2/repository/org/junit/jupiter/junit-jupiter-api/5.8.2/junit-jupiter-api-5.8.2.jar:/home/runner/.m2/repository/org/opentest4j/opentest4j/1.2.0/opentest4j-1.2.0.jar:/home/runner/.m2/repository/org/junit/platform/junit-platform-commons/1.8.2/junit-platform-commons-1.8.2.jar:/home/runner/.m2/repository/org/apiguardian/apiguardian-api/1.1.2/apiguardian-api-1.1.2.jar:/home/runner/.m2/repository/org/junit/jupiter/junit-jupiter-params/5.8.2/junit-jupiter-params-5.8.2.jar:/home/runner/.m2/repository/org/junit/jupiter/junit-jupiter-engine/5.8.2/junit-jupiter-engine-5.8.2.jar:/home/runner/.m2/repository/org/junit/platform/junit-platform-engine/1.8.2/junit-platform-engine-1.8.2.jar:/home/runner/.m2/repository/org/testcontainers/junit-jupiter/1.17.6/junit-jupiter-1.17.6.jar:/home/runner/.m2/repository/org/testcontainers/testcontainers/1.17.6/testcontainers-1.17.6.jar:/home/runner/.m2/repository/junit/junit/4.13.2/junit-4.13.2.jar:/home/runner/.m2/repository/org/slf4j/slf4j-api/1.7.36/slf4j-api-1.7.36.jar:/home/runner/.m2/repository/org/apache/commons/commons-compress/1.21/commons-compress-1.21.jar:/home/runner/.m2/repository/org/rnorth/duct-tape/duct-tape/1.0.8/duct-tape-1.0.8.jar:/home/runner/.m2/repository/org/jetbrains/annotations/17.0.0/annotations-17.0.0.jar:/home/runner/.m2/repository/com/github/docker-java/docker-java-api/3.2.13/docker-java-api-3.2.13.jar:/home/runner/.m2/repository/com/github/docker-java/docker-java-transport-zerodep/3.2.13/docker-java-transport-zerodep-3.2.13.jar:/home/runner/.m2/repository/com/github/docker-java/docker-java-transport/3.2.13/docker-java-transport-3.2.13.jar:/home/runner/.m2/repository/net/java/dev/jna/jna/5.8.0/jna-5.8.0.jar:/home/runner/.m2/repository/org/testcontainers/postgresql/1.17.6/postgresql-1.17.6.jar:/home/runner/.m2/repository/org/testcontainers/jdbc/1.17.1/jdbc-1.17.1.jar:/home/runner/.m2/repository/org/testcontainers/database-commons/1.17.1/database-commons-1.17.1.jar:/home/runner/.m2/repository/org/testcontainers/elasticsearch/1.17.6/elasticsearch-1.17.6.jar:"/>
    <property name="sun.cpu.endian" value="little"/>
    <property name="user.home" value="/home/runner"/>
    <property name="user.language" value="en"/>
    <property name="java.specification.vendor" value="Oracle Corporation"/>
    <property name="io.netty.allocator.maxOrder" value="3"/>
    <property name="java.version.date" value="2023-04-18"/>
    <property name="java.home" value="/usr/lib/jvm/temurin-11-jdk-amd64"/>
    <property name="file.separator" value="/"/>
    <property name="basedir" value="/home/runner/work/core/core/tools/dotcms-cli/api-data-model"/>
    <property name="java.vm.compressedOopsMode" value="32-bit"/>
    <property name="line.separator" value="&#10;"/>
    <property name="java.specification.name" value="Java Platform API Specification"/>
    <property name="java.vm.specification.vendor" value="Oracle Corporation"/>
    <property name="java.awt.graphicsenv" value="sun.awt.X11GraphicsEnvironment"/>
    <property name="surefire.real.class.path" value="/home/runner/work/core/core/tools/dotcms-cli/api-data-model/target/surefire/surefirebooter13931296712641684980.jar"/>
    <property name="sun.management.compiler" value="HotSpot 64-Bit Tiered Compilers"/>
    <property name="java.runtime.version" value="11.0.19+7"/>
    <property name="user.name" value="runner"/>
    <property name="path.separator" value=":"/>
    <property name="os.version" value="5.15.0-1042-azure"/>
    <property name="java.runtime.name" value="OpenJDK Runtime Environment"/>
    <property name="file.encoding" value="UTF-8"/>
    <property name="jnidispatch.path" value="/home/runner/.cache/JNA/temp/jna4527380488241807316.tmp"/>
    <property name="java.vm.name" value="OpenJDK 64-Bit Server VM"/>
    <property name="jna.platform.library.path" value="/usr/lib/x86_64-linux-gnu:/lib/x86_64-linux-gnu:/usr/lib64:/lib64:/usr/lib:/lib:/lib32:/usr/local/lib:/usr/lib/x86_64-linux-gnu/libfakeroot"/>
    <property name="java.vendor.version" value="Temurin-11.0.19+7"/>
    <property name="localRepository" value="/home/runner/.m2/repository"/>
    <property name="jna.loaded" value="true"/>
    <property name="java.vendor.url.bug" value="https://github.com/adoptium/adoptium-support/issues"/>
    <property name="java.io.tmpdir" value="/tmp"/>
    <property name="quarkus.log.file.path" value="target/quarkus.log"/>
    <property name="java.version" value="11.0.19"/>
    <property name="java.util.concurrent.ForkJoinPool.common.threadFactory" value="io.quarkus.bootstrap.forkjoin.QuarkusForkJoinWorkerThreadFactory"/>
    <property name="user.dir" value="/home/runner/work/core/core/tools/dotcms-cli/api-data-model"/>
    <property name="os.arch" value="amd64"/>
    <property name="java.vm.specification.name" value="Java Virtual Machine Specification"/>
    <property name="vertx.disableDnsResolver" value="true"/>
    <property name="java.awt.printerjob" value="sun.print.PSPrinterJob"/>
    <property name="sun.os.patch.level" value="unknown"/>
    <property name="java.util.logging.manager" value="org.jboss.logmanager.LogManager"/>
    <property name="java.library.path" value="/usr/java/packages/lib:/usr/lib64:/lib64:/lib:/usr/lib"/>
    <property name="java.vm.info" value="mixed mode"/>
    <property name="java.vendor" value="Eclipse Adoptium"/>
    <property name="vertx.disableTCCL" value="true"/>
    <property name="java.vm.version" value="11.0.19+7"/>
    <property name="sun.io.unicode.encoding" value="UnicodeLittle"/>
    <property name="io.netty.machineId" value="a7:ed:66:2c:ec:1a:71:ce"/>
    <property name="java.class.version" value="55.0"/>
    <property name="mp.openapi.extensions.smallrye.defaultConsumes" value="application/json"/>
  </properties>
  <testcase name="Test_Include" classname="com.dotcms.api.traversal.FolderTraversalServiceIntegrationTest" time="1.61">
    <system-out><![CDATA[2023-08-04 12:58:47,771 INFO  [com.dot.ContainerResource] (docker-java-stream-1865446083) STDOUT: 12:58:47.770  INFO  util.SecurityLogger - class com.dotcms.cms.login.LoginServiceAPIFactory$LoginServiceImpl : User dotcms.org.1 has successfully login from IP: 172.19.0.1 -- ip:172.19.0.1,user:Admin User [ID: dotcms.org.1][email:admin@dotcms.com]
2023-08-04 12:58:47,771 INFO  [com.dot.ContainerResource] (docker-java-stream-1865446083) STDOUT: 12:58:47.770  INFO  util.SecurityLogger - class com.dotcms.rest.api.v1.authentication.CreateJsonWebTokenResource : A Json Web Token admin@dotcms.com is being created from IP: 172.19.0.1 -- ip:172.19.0.1,user:Admin User [ID: dotcms.org.1][email:admin@dotcms.com]
2023-08-04 12:58:47,783 INFO  [com.dot.ContainerResource] (docker-java-stream-1865446083) STDOUT: 12:58:47.783  INFO  util.ActivityLogger - class com.dotcms.content.elasticsearch.business.ESContentletAPIImpl: system : Saving Content , StartDate: N/D; EndDate: N/D; User:dotcms.org.1; ContentIdentifier: 
2023-08-04 12:58:47,785 INFO  [com.dot.ContainerResource] (docker-java-stream-1865446083) STDOUT: 12:58:47.785  INFO  timedcache.TimedCacheProvider - ***	 Building Cache : esquerycache, size:10000, seconds:3600,Concurrency:32 (every 60000 millis)
2023-08-04 12:58:47,789 INFO  [com.dot.ContainerResource] (docker-java-stream-1865446083) STDOUT: 12:58:47.789  WARN  client.RestClient - request [POST http://elasticsearch:9200/cluster_c40f8aa8c9.working_20230804125756/_search?typed_keys=true&max_concurrent_shard_requests=5&ignore_unavailable=false&expand_wildcards=open&allow_no_indices=true&ignore_throttled=true&search_type=query_then_fetch&batched_reduce_size=512&ccs_minimize_roundtrips=true] returned 2 warnings: [299 Elasticsearch-7.16.1-5b38441b16b1ebb16a27c107a4c3865776e20c53 "Elasticsearch built-in security features are not enabled. Without authentication, your cluster could be accessible to anyone. See https://www.elastic.co/guide/en/elasticsearch/reference/7.16/security-minimal-setup.html to enable security."],[299 Elasticsearch-7.16.1-5b38441b16b1ebb16a27c107a4c3865776e20c53 "[ignore_throttled] parameter is deprecated because frozen indices have been deprecated. Consider cold or frozen tiers in place of frozen indices."]
2023-08-04 12:58:47,793 INFO  [com.dot.ContainerResource] (docker-java-stream-1865446083) STDOUT: 12:58:47.792  WARN  client.RestClient - request [POST http://elasticsearch:9200/cluster_c40f8aa8c9.live_20230804125756/_search?typed_keys=true&max_concurrent_shard_requests=5&ignore_unavailable=false&expand_wildcards=open&allow_no_indices=true&ignore_throttled=true&search_type=query_then_fetch&batched_reduce_size=512&ccs_minimize_roundtrips=true] returned 2 warnings: [299 Elasticsearch-7.16.1-5b38441b16b1ebb16a27c107a4c3865776e20c53 "Elasticsearch built-in security features are not enabled. Without authentication, your cluster could be accessible to anyone. See https://www.elastic.co/guide/en/elasticsearch/reference/7.16/security-minimal-setup.html to enable security."],[299 Elasticsearch-7.16.1-5b38441b16b1ebb16a27c107a4c3865776e20c53 "[ignore_throttled] parameter is deprecated because frozen indices have been deprecated. Consider cold or frozen tiers in place of frozen indices."]
2023-08-04 12:58:47,795 INFO  [com.dot.ContainerResource] (docker-java-stream-1865446083) STDOUT: 12:58:47.794  INFO  business.IdentifierAPIImpl - Creating new identifier for versionable asset of type `content` and title `site-1691153927776` 
2023-08-04 12:58:47,795 INFO  [com.dot.ContainerResource] (docker-java-stream-1865446083) STDOUT: 12:58:47.795  INFO  business.DeterministicIdentifierAPIImpl - hashing id: host:system host/site-1691153927776 to 5fed4dea9d8746a930effa3bee7ce153
2023-08-04 12:58:47,809 INFO  [com.dot.ContainerResource] (docker-java-stream-1865446083) STDOUT: 12:58:47.809  INFO  business.ContentletIndexAPIImpl - Indexing: 5fed4dea9d8746a930effa3bee7ce153 : site-1691153927776, includeDependencies: true, policy: DEFER
2023-08-04 12:58:47,810 INFO  [com.dot.ContainerResource] (docker-java-stream-1865446083) STDOUT: 12:58:47.810  INFO  reindex.ReindexQueueAPIImpl - addIdentifierReindex: 5fed4dea9d8746a930effa3bee7ce153
2023-08-04 12:58:47,826 INFO  [com.dot.ContainerResource] (docker-java-stream-1865446083) STDOUT: 12:58:47.825  INFO  util.ActivityLogger - class com.dotcms.content.elasticsearch.business.ESContentletAPIImpl: System Host : Content Saved , StartDate: N/D; EndDate: N/D; User:dotcms.org.1; ContentIdentifier: 5fed4dea9d8746a930effa3bee7ce153
2023-08-04 12:58:47,828 INFO  [com.dot.ContainerResource] (docker-java-stream-1865446083) STDOUT: 12:58:47.827  INFO  reindex.ReindexThread - --- Unpausing reindex thread 
2023-08-04 12:58:47,860 INFO  [com.dot.ContainerResource] (docker-java-stream-1865446083) STDOUT: 12:58:47.859  INFO  util.ActivityLogger - class com.dotcms.content.elasticsearch.business.ESContentletAPIImpl: System Host : Publishing Content , StartDate: N/D; EndDate: N/D; User:dotcms.org.1; ContentIdentifier: 5fed4dea9d8746a930effa3bee7ce153
2023-08-04 12:58:47,862 INFO  [com.dot.ContainerResource] (docker-java-stream-1865446083) STDOUT: 12:58:47.862  INFO  business.ContentletIndexAPIImpl - Indexing: 5fed4dea9d8746a930effa3bee7ce153 : site-1691153927776, includeDependencies: true, policy: DEFER
2023-08-04 12:58:47,863 INFO  [com.dot.ContainerResource] (docker-java-stream-1865446083) STDOUT: 12:58:47.862  INFO  reindex.ReindexQueueAPIImpl - addIdentifierReindex: 5fed4dea9d8746a930effa3bee7ce153
2023-08-04 12:58:47,898 INFO  [com.dot.ContainerResource] (docker-java-stream-1865446083) STDOUT: 12:58:47.898  INFO  util.ActivityLogger - class com.dotcms.content.elasticsearch.business.ESContentletAPIImpl: System Host : Content Published , StartDate: N/D; EndDate: N/D; User:dotcms.org.1; ContentIdentifier: 5fed4dea9d8746a930effa3bee7ce153
2023-08-04 12:58:47,927 INFO  [com.dot.ContainerResource] (docker-java-stream-1865446083) STDOUT: 12:58:47.926  INFO  business.DeterministicIdentifierAPIImpl - hashing id: folder:site-1691153927776/folder1 to f603332ad96aacfd4e286c4ebaadb4ec
2023-08-04 12:58:47,933 INFO  [com.dot.ContainerResource] (docker-java-stream-1865446083) STDOUT: 12:58:47.932  INFO  business.DeterministicIdentifierAPIImpl - hashing id: folder:site-1691153927776/folder1/subfolder1-1 to 593ec2bfd70df57f8d59e12ad72132ab
2023-08-04 12:58:47,938 INFO  [com.dot.ContainerResource] (docker-java-stream-1865446083) STDOUT: 12:58:47.938  INFO  business.DeterministicIdentifierAPIImpl - hashing id: folder:site-1691153927776/folder1/subfolder1-1/subfolder1-1-1 to 461d24761de3a410ea5c9fb0b19a438e
2023-08-04 12:58:47,946 INFO  [com.dot.ContainerResource] (docker-java-stream-1865446083) STDOUT: 12:58:47.946  INFO  business.DeterministicIdentifierAPIImpl - hashing id: folder:site-1691153927776/folder1/subfolder1-1/subfolder1-1-2 to 047b3e15d296f6cccb05bed2d63835ba
2023-08-04 12:58:47,953 INFO  [com.dot.ContainerResource] (docker-java-stream-1865446083) STDOUT: 12:58:47.953  INFO  business.DeterministicIdentifierAPIImpl - hashing id: folder:site-1691153927776/folder1/subfolder1-1/subfolder1-1-3 to ceb86e057cf04d1ca3280f8dab1e0fc2
2023-08-04 12:58:47,959 INFO  [com.dot.ContainerResource] (docker-java-stream-1865446083) STDOUT: 12:58:47.958  INFO  business.DeterministicIdentifierAPIImpl - hashing id: folder:site-1691153927776/folder1/subfolder1-2 to 4faafaf446fd2a92a0c52c700ecddb7a
2023-08-04 12:58:47,963 INFO  [com.dot.ContainerResource] (docker-java-stream-1865446083) STDOUT: 12:58:47.962  INFO  business.DeterministicIdentifierAPIImpl - hashing id: folder:site-1691153927776/folder1/subfolder1-2/subfolder1-2-1 to a2350a36364d6d5632c0c4138b1000c6
2023-08-04 12:58:47,969 INFO  [com.dot.ContainerResource] (docker-java-stream-1865446083) STDOUT: 12:58:47.969  INFO  business.DeterministicIdentifierAPIImpl - hashing id: folder:site-1691153927776/folder1/subfolder1-2/subfolder1-2-2 to 637e1543d70f867483cf1e82b11dfb4a
2023-08-04 12:58:47,975 INFO  [com.dot.ContainerResource] (docker-java-stream-1865446083) STDOUT: 12:58:47.975  INFO  business.DeterministicIdentifierAPIImpl - hashing id: folder:site-1691153927776/folder1/subfolder1-2/subfolder1-2-3 to 4c2bd98a9fc69f324c46b6e505a4d327
2023-08-04 12:58:47,982 INFO  [com.dot.ContainerResource] (docker-java-stream-1865446083) STDOUT: 12:58:47.982  INFO  business.DeterministicIdentifierAPIImpl - hashing id: folder:site-1691153927776/folder1/subfolder1-3 to 5cf07e5a33907ca19788d7e2d220558b
2023-08-04 12:58:47,987 INFO  [com.dot.ContainerResource] (docker-java-stream-1865446083) STDOUT: 12:58:47.986  INFO  business.DeterministicIdentifierAPIImpl - hashing id: folder:site-1691153927776/folder2 to 88e92ffa6981a81a776f24383c8a3c9f
2023-08-04 12:58:47,990 INFO  [com.dot.ContainerResource] (docker-java-stream-1865446083) STDOUT: 12:58:47.990  INFO  business.DeterministicIdentifierAPIImpl - hashing id: folder:site-1691153927776/folder2/subfolder2-1 to ddf8c8ab00f15a6f9a329166b404ad21
2023-08-04 12:58:47,995 INFO  [com.dot.ContainerResource] (docker-java-stream-1865446083) STDOUT: 12:58:47.995  INFO  business.DeterministicIdentifierAPIImpl - hashing id: folder:site-1691153927776/folder2/subfolder2-1/subfolder2-1-1 to 3bb24a03a374ab1ccfe5379f6ad17641
2023-08-04 12:58:48,002 INFO  [com.dot.ContainerResource] (docker-java-stream-1865446083) STDOUT: 12:58:48.002  INFO  business.DeterministicIdentifierAPIImpl - hashing id: folder:site-1691153927776/folder2/subfolder2-1/subfolder2-1-2 to 58c5c2bf542bd7e5482835a376bb49de
2023-08-04 12:58:48,008 INFO  [com.dot.ContainerResource] (docker-java-stream-1865446083) STDOUT: 12:58:48.007  INFO  business.DeterministicIdentifierAPIImpl - hashing id: folder:site-1691153927776/folder2/subfolder2-1/subfolder2-1-3 to 1133111ef3faf5132c98bf1fc189a4cd
2023-08-04 12:58:48,011 INFO  [com.dot.ContainerResource] (docker-java-stream-1865446083) STDOUT: 12:58:48.011  INFO  business.DeterministicIdentifierAPIImpl - hashing id: folder:site-1691153927776/folder2/subfolder2-2 to 1f8c86c1cef9b750e8591db4890330c8
2023-08-04 12:58:48,027 INFO  [com.dot.ContainerResource] (docker-java-stream-1865446083) STDOUT: 12:58:48.027  INFO  reindex.BulkProcessorListener - -----------
2023-08-04 12:58:48,029 INFO  [com.dot.ContainerResource] (docker-java-stream-1865446083) STDOUT: 12:58:48.029  INFO  reindex.BulkProcessorListener - Reindexing Server #  : 1 of 1
2023-08-04 12:58:48,030 INFO  [com.dot.ContainerResource] (docker-java-stream-1865446083) STDOUT: 12:58:48.030  INFO  reindex.BulkProcessorListener - Total Indexed        : 0
2023-08-04 12:58:48,030 INFO  [com.dot.ContainerResource] (docker-java-stream-1865446083) STDOUT: 12:58:48.030  INFO  reindex.BulkProcessorListener - ReindexEntries found : 1
2023-08-04 12:58:48,031 INFO  [com.dot.ContainerResource] (docker-java-stream-1865446083) STDOUT: 12:58:48.031  INFO  reindex.BulkProcessorListener - BulkRequests created : 2
2023-08-04 12:58:48,031 INFO  [com.dot.ContainerResource] (docker-java-stream-1865446083) STDOUT: 12:58:48.031  INFO  reindex.BulkProcessorListener - -----------
2023-08-04 12:58:48,048 INFO  [com.dot.ContainerResource] (docker-java-stream-1865446083) STDOUT: 12:58:48.047  WARN  client.RestClient - request [POST http://elasticsearch:9200/_bulk?timeout=1m] returned 1 warnings: [299 Elasticsearch-7.16.1-5b38441b16b1ebb16a27c107a4c3865776e20c53 "Elasticsearch built-in security features are not enabled. Without authentication, your cluster could be accessible to anyone. See https://www.elastic.co/guide/en/elasticsearch/reference/7.16/security-minimal-setup.html to enable security."]
2023-08-04 12:58:48,050 INFO  [com.dot.ContainerResource] (docker-java-stream-1865446083) STDOUT: 12:58:48.050  INFO  business.DeterministicIdentifierAPIImpl - hashing id: folder:site-1691153927776/folder2/subfolder2-3 to f1ffedc294c691ba52e11d9b08924265
2023-08-04 12:58:48,064 INFO  [com.dot.ContainerResource] (docker-java-stream-1865446083) STDOUT: 12:58:48.063  INFO  business.DeterministicIdentifierAPIImpl - hashing id: folder:site-1691153927776/folder3 to 6526d8c9f3690e89dc57c7163ae823cc
2023-08-04 12:58:48,109 INFO  [com.dot.ContainerResource] (docker-java-stream-1865446083) STDOUT: 12:58:48.106  INFO  asset.WebAssetResource - User [dotcms.org.1] is requesting assets info for path [//site-1691153927776/]
2023-08-04 12:58:48,114 INFO  [com.dot.ContainerResource] (docker-java-stream-1865446083) STDOUT: 12:58:48.113  WARN  client.RestClient - request [POST http://elasticsearch:9200/cluster_c40f8aa8c9.working_20230804125756/_search?typed_keys=true&max_concurrent_shard_requests=5&ignore_unavailable=false&expand_wildcards=open&allow_no_indices=true&ignore_throttled=true&search_type=query_then_fetch&batched_reduce_size=512&ccs_minimize_roundtrips=true] returned 2 warnings: [299 Elasticsearch-7.16.1-5b38441b16b1ebb16a27c107a4c3865776e20c53 "Elasticsearch built-in security features are not enabled. Without authentication, your cluster could be accessible to anyone. See https://www.elastic.co/guide/en/elasticsearch/reference/7.16/security-minimal-setup.html to enable security."],[299 Elasticsearch-7.16.1-5b38441b16b1ebb16a27c107a4c3865776e20c53 "[ignore_throttled] parameter is deprecated because frozen indices have been deprecated. Consider cold or frozen tiers in place of frozen indices."]
2023-08-04 12:58:48,133 INFO  [com.dot.ContainerResource] (docker-java-stream-1865446083) STDOUT: 12:58:48.133  INFO  asset.WebAssetResource - User [dotcms.org.1] is requesting assets info for path [//site-1691153927776/folder1]
2023-08-04 12:58:48,139 INFO  [com.dot.ContainerResource] (docker-java-stream-1865446083) STDOUT: 12:58:48.138  WARN  client.RestClient - request [POST http://elasticsearch:9200/cluster_c40f8aa8c9.working_20230804125756/_search?typed_keys=true&max_concurrent_shard_requests=5&ignore_unavailable=false&expand_wildcards=open&allow_no_indices=true&ignore_throttled=true&search_type=query_then_fetch&batched_reduce_size=512&ccs_minimize_roundtrips=true] returned 2 warnings: [299 Elasticsearch-7.16.1-5b38441b16b1ebb16a27c107a4c3865776e20c53 "Elasticsearch built-in security features are not enabled. Without authentication, your cluster could be accessible to anyone. See https://www.elastic.co/guide/en/elasticsearch/reference/7.16/security-minimal-setup.html to enable security."],[299 Elasticsearch-7.16.1-5b38441b16b1ebb16a27c107a4c3865776e20c53 "[ignore_throttled] parameter is deprecated because frozen indices have been deprecated. Consider cold or frozen tiers in place of frozen indices."]
2023-08-04 12:58:48,172 INFO  [com.dot.ContainerResource] (docker-java-stream-1865446083) STDOUT: 12:58:48.159  INFO  asset.WebAssetResource - User [dotcms.org.1] is requesting assets info for path [//site-1691153927776/folder2]
2023-08-04 12:58:48,181 INFO  [com.dot.ContainerResource] (docker-java-stream-1865446083) STDOUT: 12:58:48.176  WARN  client.RestClient - request [POST http://elasticsearch:9200/cluster_c40f8aa8c9.working_20230804125756/_search?typed_keys=true&max_concurrent_shard_requests=5&ignore_unavailable=false&expand_wildcards=open&allow_no_indices=true&ignore_throttled=true&search_type=query_then_fetch&batched_reduce_size=512&ccs_minimize_roundtrips=true] returned 2 warnings: [299 Elasticsearch-7.16.1-5b38441b16b1ebb16a27c107a4c3865776e20c53 "Elasticsearch built-in security features are not enabled. Without authentication, your cluster could be accessible to anyone. See https://www.elastic.co/guide/en/elasticsearch/reference/7.16/security-minimal-setup.html to enable security."],[299 Elasticsearch-7.16.1-5b38441b16b1ebb16a27c107a4c3865776e20c53 "[ignore_throttled] parameter is deprecated because frozen indices have been deprecated. Consider cold or frozen tiers in place of frozen indices."]
2023-08-04 12:58:48,217 INFO  [com.dot.ContainerResource] (docker-java-stream-1865446083) STDOUT: 12:58:48.216  INFO  asset.WebAssetResource - User [dotcms.org.1] is requesting assets info for path [//site-1691153927776/folder3]
2023-08-04 12:58:48,230 INFO  [com.dot.ContainerResource] (docker-java-stream-1865446083) STDOUT: 12:58:48.230  WARN  client.RestClient - request [POST http://elasticsearch:9200/cluster_c40f8aa8c9.working_20230804125756/_search?typed_keys=true&max_concurrent_shard_requests=5&ignore_unavailable=false&expand_wildcards=open&allow_no_indices=true&ignore_throttled=true&search_type=query_then_fetch&batched_reduce_size=512&ccs_minimize_roundtrips=true] returned 2 warnings: [299 Elasticsearch-7.16.1-5b38441b16b1ebb16a27c107a4c3865776e20c53 "Elasticsearch built-in security features are not enabled. Without authentication, your cluster could be accessible to anyone. See https://www.elastic.co/guide/en/elasticsearch/reference/7.16/security-minimal-setup.html to enable security."],[299 Elasticsearch-7.16.1-5b38441b16b1ebb16a27c107a4c3865776e20c53 "[ignore_throttled] parameter is deprecated because frozen indices have been deprecated. Consider cold or frozen tiers in place of frozen indices."]
2023-08-04 12:58:48,253 INFO  [com.dot.ContainerResource] (docker-java-stream-1865446083) STDOUT: 12:58:48.250  INFO  asset.WebAssetResource - User [dotcms.org.1] is requesting assets info for path [//site-1691153927776/folder1/subFolder1-1]
2023-08-04 12:58:48,260 INFO  [com.dot.ContainerResource] (docker-java-stream-1865446083) STDOUT: 12:58:48.259  WARN  client.RestClient - request [POST http://elasticsearch:9200/cluster_c40f8aa8c9.working_20230804125756/_search?typed_keys=true&max_concurrent_shard_requests=5&ignore_unavailable=false&expand_wildcards=open&allow_no_indices=true&ignore_throttled=true&search_type=query_then_fetch&batched_reduce_size=512&ccs_minimize_roundtrips=true] returned 2 warnings: [299 Elasticsearch-7.16.1-5b38441b16b1ebb16a27c107a4c3865776e20c53 "Elasticsearch built-in security features are not enabled. Without authentication, your cluster could be accessible to anyone. See https://www.elastic.co/guide/en/elasticsearch/reference/7.16/security-minimal-setup.html to enable security."],[299 Elasticsearch-7.16.1-5b38441b16b1ebb16a27c107a4c3865776e20c53 "[ignore_throttled] parameter is deprecated because frozen indices have been deprecated. Consider cold or frozen tiers in place of frozen indices."]
2023-08-04 12:58:48,307 INFO  [com.dot.ContainerResource] (docker-java-stream-1865446083) STDOUT: 12:58:48.306  INFO  asset.WebAssetResource - User [dotcms.org.1] is requesting assets info for path [//site-1691153927776/folder1/subFolder1-2]
2023-08-04 12:58:48,328 INFO  [com.dot.ContainerResource] (docker-java-stream-1865446083) STDOUT: 12:58:48.326  WARN  client.RestClient - request [POST http://elasticsearch:9200/cluster_c40f8aa8c9.working_20230804125756/_search?typed_keys=true&max_concurrent_shard_requests=5&ignore_unavailable=false&expand_wildcards=open&allow_no_indices=true&ignore_throttled=true&search_type=query_then_fetch&batched_reduce_size=512&ccs_minimize_roundtrips=true] returned 2 warnings: [299 Elasticsearch-7.16.1-5b38441b16b1ebb16a27c107a4c3865776e20c53 "Elasticsearch built-in security features are not enabled. Without authentication, your cluster could be accessible to anyone. See https://www.elastic.co/guide/en/elasticsearch/reference/7.16/security-minimal-setup.html to enable security."],[299 Elasticsearch-7.16.1-5b38441b16b1ebb16a27c107a4c3865776e20c53 "[ignore_throttled] parameter is deprecated because frozen indices have been deprecated. Consider cold or frozen tiers in place of frozen indices."]
2023-08-04 12:58:48,340 INFO  [com.dot.ContainerResource] (docker-java-stream-1865446083) STDOUT: 12:58:48.339  INFO  asset.WebAssetResource - User [dotcms.org.1] is requesting assets info for path [//site-1691153927776/folder1/subFolder1-3]
2023-08-04 12:58:48,356 INFO  [com.dot.ContainerResource] (docker-java-stream-1865446083) STDOUT: 12:58:48.356  WARN  client.RestClient - request [POST http://elasticsearch:9200/cluster_c40f8aa8c9.working_20230804125756/_search?typed_keys=true&max_concurrent_shard_requests=5&ignore_unavailable=false&expand_wildcards=open&allow_no_indices=true&ignore_throttled=true&search_type=query_then_fetch&batched_reduce_size=512&ccs_minimize_roundtrips=true] returned 2 warnings: [299 Elasticsearch-7.16.1-5b38441b16b1ebb16a27c107a4c3865776e20c53 "Elasticsearch built-in security features are not enabled. Without authentication, your cluster could be accessible to anyone. See https://www.elastic.co/guide/en/elasticsearch/reference/7.16/security-minimal-setup.html to enable security."],[299 Elasticsearch-7.16.1-5b38441b16b1ebb16a27c107a4c3865776e20c53 "[ignore_throttled] parameter is deprecated because frozen indices have been deprecated. Consider cold or frozen tiers in place of frozen indices."]
2023-08-04 12:58:48,370 INFO  [com.dot.ContainerResource] (docker-java-stream-1865446083) STDOUT: 12:58:48.370  INFO  asset.WebAssetResource - User [dotcms.org.1] is requesting assets info for path [//site-1691153927776/folder1/subFolder1-1/subFolder1-1-1]
2023-08-04 12:58:48,376 INFO  [com.dot.ContainerResource] (docker-java-stream-1865446083) STDOUT: 12:58:48.375  WARN  client.RestClient - request [POST http://elasticsearch:9200/cluster_c40f8aa8c9.working_20230804125756/_search?typed_keys=true&max_concurrent_shard_requests=5&ignore_unavailable=false&expand_wildcards=open&allow_no_indices=true&ignore_throttled=true&search_type=query_then_fetch&batched_reduce_size=512&ccs_minimize_roundtrips=true] returned 2 warnings: [299 Elasticsearch-7.16.1-5b38441b16b1ebb16a27c107a4c3865776e20c53 "Elasticsearch built-in security features are not enabled. Without authentication, your cluster could be accessible to anyone. See https://www.elastic.co/guide/en/elasticsearch/reference/7.16/security-minimal-setup.html to enable security."],[299 Elasticsearch-7.16.1-5b38441b16b1ebb16a27c107a4c3865776e20c53 "[ignore_throttled] parameter is deprecated because frozen indices have been deprecated. Consider cold or frozen tiers in place of frozen indices."]
2023-08-04 12:58:48,385 INFO  [com.dot.ContainerResource] (docker-java-stream-1865446083) STDOUT: 12:58:48.385  INFO  asset.WebAssetResource - User [dotcms.org.1] is requesting assets info for path [//site-1691153927776/folder1/subFolder1-1/subFolder1-1-2]
2023-08-04 12:58:48,392 INFO  [com.dot.ContainerResource] (docker-java-stream-1865446083) STDOUT: 12:58:48.392  WARN  client.RestClient - request [POST http://elasticsearch:9200/cluster_c40f8aa8c9.working_20230804125756/_search?typed_keys=true&max_concurrent_shard_requests=5&ignore_unavailable=false&expand_wildcards=open&allow_no_indices=true&ignore_throttled=true&search_type=query_then_fetch&batched_reduce_size=512&ccs_minimize_roundtrips=true] returned 2 warnings: [299 Elasticsearch-7.16.1-5b38441b16b1ebb16a27c107a4c3865776e20c53 "Elasticsearch built-in security features are not enabled. Without authentication, your cluster could be accessible to anyone. See https://www.elastic.co/guide/en/elasticsearch/reference/7.16/security-minimal-setup.html to enable security."],[299 Elasticsearch-7.16.1-5b38441b16b1ebb16a27c107a4c3865776e20c53 "[ignore_throttled] parameter is deprecated because frozen indices have been deprecated. Consider cold or frozen tiers in place of frozen indices."]
2023-08-04 12:58:48,403 INFO  [com.dot.ContainerResource] (docker-java-stream-1865446083) STDOUT: 12:58:48.403  INFO  asset.WebAssetResource - User [dotcms.org.1] is requesting assets info for path [//site-1691153927776/folder1/subFolder1-1/subFolder1-1-3]
2023-08-04 12:58:48,413 INFO  [com.dot.ContainerResource] (docker-java-stream-1865446083) STDOUT: 12:58:48.413  WARN  client.RestClient - request [POST http://elasticsearch:9200/cluster_c40f8aa8c9.working_20230804125756/_search?typed_keys=true&max_concurrent_shard_requests=5&ignore_unavailable=false&expand_wildcards=open&allow_no_indices=true&ignore_throttled=true&search_type=query_then_fetch&batched_reduce_size=512&ccs_minimize_roundtrips=true] returned 2 warnings: [299 Elasticsearch-7.16.1-5b38441b16b1ebb16a27c107a4c3865776e20c53 "Elasticsearch built-in security features are not enabled. Without authentication, your cluster could be accessible to anyone. See https://www.elastic.co/guide/en/elasticsearch/reference/7.16/security-minimal-setup.html to enable security."],[299 Elasticsearch-7.16.1-5b38441b16b1ebb16a27c107a4c3865776e20c53 "[ignore_throttled] parameter is deprecated because frozen indices have been deprecated. Consider cold or frozen tiers in place of frozen indices."]
2023-08-04 12:58:48,425 INFO  [com.dot.ContainerResource] (docker-java-stream-1865446083) STDOUT: 12:58:48.425  INFO  asset.WebAssetResource - User [dotcms.org.1] is requesting assets info for path [//site-1691153927776/folder1/subFolder1-2/subFolder1-2-1]
2023-08-04 12:58:48,436 INFO  [com.dot.ContainerResource] (docker-java-stream-1865446083) STDOUT: 12:58:48.436  WARN  client.RestClient - request [POST http://elasticsearch:9200/cluster_c40f8aa8c9.working_20230804125756/_search?typed_keys=true&max_concurrent_shard_requests=5&ignore_unavailable=false&expand_wildcards=open&allow_no_indices=true&ignore_throttled=true&search_type=query_then_fetch&batched_reduce_size=512&ccs_minimize_roundtrips=true] returned 2 warnings: [299 Elasticsearch-7.16.1-5b38441b16b1ebb16a27c107a4c3865776e20c53 "Elasticsearch built-in security features are not enabled. Without authentication, your cluster could be accessible to anyone. See https://www.elastic.co/guide/en/elasticsearch/reference/7.16/security-minimal-setup.html to enable security."],[299 Elasticsearch-7.16.1-5b38441b16b1ebb16a27c107a4c3865776e20c53 "[ignore_throttled] parameter is deprecated because frozen indices have been deprecated. Consider cold or frozen tiers in place of frozen indices."]
2023-08-04 12:58:48,455 INFO  [com.dot.ContainerResource] (docker-java-stream-1865446083) STDOUT: 12:58:48.454  INFO  asset.WebAssetResource - User [dotcms.org.1] is requesting assets info for path [//site-1691153927776/folder1/subFolder1-2/subFolder1-2-2]
2023-08-04 12:58:48,461 INFO  [com.dot.ContainerResource] (docker-java-stream-1865446083) STDOUT: 12:58:48.460  WARN  client.RestClient - request [POST http://elasticsearch:9200/cluster_c40f8aa8c9.working_20230804125756/_search?typed_keys=true&max_concurrent_shard_requests=5&ignore_unavailable=false&expand_wildcards=open&allow_no_indices=true&ignore_throttled=true&search_type=query_then_fetch&batched_reduce_size=512&ccs_minimize_roundtrips=true] returned 2 warnings: [299 Elasticsearch-7.16.1-5b38441b16b1ebb16a27c107a4c3865776e20c53 "Elasticsearch built-in security features are not enabled. Without authentication, your cluster could be accessible to anyone. See https://www.elastic.co/guide/en/elasticsearch/reference/7.16/security-minimal-setup.html to enable security."],[299 Elasticsearch-7.16.1-5b38441b16b1ebb16a27c107a4c3865776e20c53 "[ignore_throttled] parameter is deprecated because frozen indices have been deprecated. Consider cold or frozen tiers in place of frozen indices."]
2023-08-04 12:58:48,470 INFO  [com.dot.ContainerResource] (docker-java-stream-1865446083) STDOUT: 12:58:48.469  INFO  asset.WebAssetResource - User [dotcms.org.1] is requesting assets info for path [//site-1691153927776/folder1/subFolder1-2/subFolder1-2-3]
2023-08-04 12:58:48,476 INFO  [com.dot.ContainerResource] (docker-java-stream-1865446083) STDOUT: 12:58:48.476  WARN  client.RestClient - request [POST http://elasticsearch:9200/cluster_c40f8aa8c9.working_20230804125756/_search?typed_keys=true&max_concurrent_shard_requests=5&ignore_unavailable=false&expand_wildcards=open&allow_no_indices=true&ignore_throttled=true&search_type=query_then_fetch&batched_reduce_size=512&ccs_minimize_roundtrips=true] returned 2 warnings: [299 Elasticsearch-7.16.1-5b38441b16b1ebb16a27c107a4c3865776e20c53 "Elasticsearch built-in security features are not enabled. Without authentication, your cluster could be accessible to anyone. See https://www.elastic.co/guide/en/elasticsearch/reference/7.16/security-minimal-setup.html to enable security."],[299 Elasticsearch-7.16.1-5b38441b16b1ebb16a27c107a4c3865776e20c53 "[ignore_throttled] parameter is deprecated because frozen indices have been deprecated. Consider cold or frozen tiers in place of frozen indices."]
2023-08-04 12:58:48,488 INFO  [com.dot.ContainerResource] (docker-java-stream-1865446083) STDOUT: 12:58:48.488  INFO  asset.WebAssetResource - User [dotcms.org.1] is requesting assets info for path [//site-1691153927776/folder2/subFolder2-1]
2023-08-04 12:58:48,493 INFO  [com.dot.ContainerResource] (docker-java-stream-1865446083) STDOUT: 12:58:48.493  WARN  client.RestClient - request [POST http://elasticsearch:9200/cluster_c40f8aa8c9.working_20230804125756/_search?typed_keys=true&max_concurrent_shard_requests=5&ignore_unavailable=false&expand_wildcards=open&allow_no_indices=true&ignore_throttled=true&search_type=query_then_fetch&batched_reduce_size=512&ccs_minimize_roundtrips=true] returned 2 warnings: [299 Elasticsearch-7.16.1-5b38441b16b1ebb16a27c107a4c3865776e20c53 "Elasticsearch built-in security features are not enabled. Without authentication, your cluster could be accessible to anyone. See https://www.elastic.co/guide/en/elasticsearch/reference/7.16/security-minimal-setup.html to enable security."],[299 Elasticsearch-7.16.1-5b38441b16b1ebb16a27c107a4c3865776e20c53 "[ignore_throttled] parameter is deprecated because frozen indices have been deprecated. Consider cold or frozen tiers in place of frozen indices."]
2023-08-04 12:58:48,506 INFO  [com.dot.ContainerResource] (docker-java-stream-1865446083) STDOUT: 12:58:48.506  INFO  asset.WebAssetResource - User [dotcms.org.1] is requesting assets info for path [//site-1691153927776/folder2/subFolder2-2]
2023-08-04 12:58:48,515 INFO  [com.dot.ContainerResource] (docker-java-stream-1865446083) STDOUT: 12:58:48.514  WARN  client.RestClient - request [POST http://elasticsearch:9200/cluster_c40f8aa8c9.working_20230804125756/_search?typed_keys=true&max_concurrent_shard_requests=5&ignore_unavailable=false&expand_wildcards=open&allow_no_indices=true&ignore_throttled=true&search_type=query_then_fetch&batched_reduce_size=512&ccs_minimize_roundtrips=true] returned 2 warnings: [299 Elasticsearch-7.16.1-5b38441b16b1ebb16a27c107a4c3865776e20c53 "Elasticsearch built-in security features are not enabled. Without authentication, your cluster could be accessible to anyone. See https://www.elastic.co/guide/en/elasticsearch/reference/7.16/security-minimal-setup.html to enable security."],[299 Elasticsearch-7.16.1-5b38441b16b1ebb16a27c107a4c3865776e20c53 "[ignore_throttled] parameter is deprecated because frozen indices have been deprecated. Consider cold or frozen tiers in place of frozen indices."]
2023-08-04 12:58:48,526 INFO  [com.dot.ContainerResource] (docker-java-stream-1865446083) STDOUT: 12:58:48.525  INFO  asset.WebAssetResource - User [dotcms.org.1] is requesting assets info for path [//site-1691153927776/folder2/subFolder2-3]
2023-08-04 12:58:48,531 INFO  [com.dot.ContainerResource] (docker-java-stream-1865446083) STDOUT: 12:58:48.531  WARN  client.RestClient - request [POST http://elasticsearch:9200/cluster_c40f8aa8c9.working_20230804125756/_search?typed_keys=true&max_concurrent_shard_requests=5&ignore_unavailable=false&expand_wildcards=open&allow_no_indices=true&ignore_throttled=true&search_type=query_then_fetch&batched_reduce_size=512&ccs_minimize_roundtrips=true] returned 2 warnings: [299 Elasticsearch-7.16.1-5b38441b16b1ebb16a27c107a4c3865776e20c53 "Elasticsearch built-in security features are not enabled. Without authentication, your cluster could be accessible to anyone. See https://www.elastic.co/guide/en/elasticsearch/reference/7.16/security-minimal-setup.html to enable security."],[299 Elasticsearch-7.16.1-5b38441b16b1ebb16a27c107a4c3865776e20c53 "[ignore_throttled] parameter is deprecated because frozen indices have been deprecated. Consider cold or frozen tiers in place of frozen indices."]
2023-08-04 12:58:48,540 INFO  [com.dot.ContainerResource] (docker-java-stream-1865446083) STDOUT: 12:58:48.540  INFO  asset.WebAssetResource - User [dotcms.org.1] is requesting assets info for path [//site-1691153927776/folder2/subFolder2-1/subFolder2-1-1]
2023-08-04 12:58:48,548 INFO  [com.dot.ContainerResource] (docker-java-stream-1865446083) STDOUT: 12:58:48.548  WARN  client.RestClient - request [POST http://elasticsearch:9200/cluster_c40f8aa8c9.working_20230804125756/_search?typed_keys=true&max_concurrent_shard_requests=5&ignore_unavailable=false&expand_wildcards=open&allow_no_indices=true&ignore_throttled=true&search_type=query_then_fetch&batched_reduce_size=512&ccs_minimize_roundtrips=true] returned 2 warnings: [299 Elasticsearch-7.16.1-5b38441b16b1ebb16a27c107a4c3865776e20c53 "Elasticsearch built-in security features are not enabled. Without authentication, your cluster could be accessible to anyone. See https://www.elastic.co/guide/en/elasticsearch/reference/7.16/security-minimal-setup.html to enable security."],[299 Elasticsearch-7.16.1-5b38441b16b1ebb16a27c107a4c3865776e20c53 "[ignore_throttled] parameter is deprecated because frozen indices have been deprecated. Consider cold or frozen tiers in place of frozen indices."]
2023-08-04 12:58:48,582 INFO  [com.dot.ContainerResource] (docker-java-stream-1865446083) STDOUT: 12:58:48.571  INFO  asset.WebAssetResource - User [dotcms.org.1] is requesting assets info for path [//site-1691153927776/folder2/subFolder2-1/subFolder2-1-2]
2023-08-04 12:58:48,596 INFO  [com.dot.ContainerResource] (docker-java-stream-1865446083) STDOUT: 12:58:48.585  WARN  client.RestClient - request [POST http://elasticsearch:9200/cluster_c40f8aa8c9.working_20230804125756/_search?typed_keys=true&max_concurrent_shard_requests=5&ignore_unavailable=false&expand_wildcards=open&allow_no_indices=true&ignore_throttled=true&search_type=query_then_fetch&batched_reduce_size=512&ccs_minimize_roundtrips=true] returned 2 warnings: [299 Elasticsearch-7.16.1-5b38441b16b1ebb16a27c107a4c3865776e20c53 "Elasticsearch built-in security features are not enabled. Without authentication, your cluster could be accessible to anyone. See https://www.elastic.co/guide/en/elasticsearch/reference/7.16/security-minimal-setup.html to enable security."],[299 Elasticsearch-7.16.1-5b38441b16b1ebb16a27c107a4c3865776e20c53 "[ignore_throttled] parameter is deprecated because frozen indices have been deprecated. Consider cold or frozen tiers in place of frozen indices."]
2023-08-04 12:58:48,603 INFO  [com.dot.ContainerResource] (docker-java-stream-1865446083) STDOUT: 12:58:48.603  INFO  asset.WebAssetResource - User [dotcms.org.1] is requesting assets info for path [//site-1691153927776/folder2/subFolder2-1/subFolder2-1-3]
2023-08-04 12:58:48,609 INFO  [com.dot.ContainerResource] (docker-java-stream-1865446083) STDOUT: 12:58:48.608  WARN  client.RestClient - request [POST http://elasticsearch:9200/cluster_c40f8aa8c9.working_20230804125756/_search?typed_keys=true&max_concurrent_shard_requests=5&ignore_unavailable=false&expand_wildcards=open&allow_no_indices=true&ignore_throttled=true&search_type=query_then_fetch&batched_reduce_size=512&ccs_minimize_roundtrips=true] returned 2 warnings: [299 Elasticsearch-7.16.1-5b38441b16b1ebb16a27c107a4c3865776e20c53 "Elasticsearch built-in security features are not enabled. Without authentication, your cluster could be accessible to anyone. See https://www.elastic.co/guide/en/elasticsearch/reference/7.16/security-minimal-setup.html to enable security."],[299 Elasticsearch-7.16.1-5b38441b16b1ebb16a27c107a4c3865776e20c53 "[ignore_throttled] parameter is deprecated because frozen indices have been deprecated. Consider cold or frozen tiers in place of frozen indices."]
]]></system-out>
  </testcase>
  <testcase name="Test_Not_Found" classname="com.dotcms.api.traversal.FolderTraversalServiceIntegrationTest" time="0.852">
    <system-out><![CDATA[2023-08-04 12:58:49,413 INFO  [com.dot.ContainerResource] (docker-java-stream-1865446083) STDOUT: 12:58:49.413  INFO  util.SecurityLogger - class com.dotcms.cms.login.LoginServiceAPIFactory$LoginServiceImpl : User dotcms.org.1 has successfully login from IP: 172.19.0.1 -- ip:172.19.0.1,user:Admin User [ID: dotcms.org.1][email:admin@dotcms.com]
2023-08-04 12:58:49,414 INFO  [com.dot.ContainerResource] (docker-java-stream-1865446083) STDOUT: 12:58:49.413  INFO  util.SecurityLogger - class com.dotcms.rest.api.v1.authentication.CreateJsonWebTokenResource : A Json Web Token admin@dotcms.com is being created from IP: 172.19.0.1 -- ip:172.19.0.1,user:Admin User [ID: dotcms.org.1][email:admin@dotcms.com]
2023-08-04 12:58:49,439 INFO  [com.dot.ContainerResource] (docker-java-stream-1865446083) STDOUT: 12:58:49.438  INFO  asset.WebAssetResource - User [dotcms.org.1] is requesting assets info for path [//default/folderDoesNotExist]
2023-08-04 12:58:49,453 INFO  [com.dot.ContainerResource] (docker-java-stream-1865446083) STDOUT: 12:58:49.452  WARN  client.RestClient - request [POST http://elasticsearch:9200/cluster_c40f8aa8c9.working_20230804125756/_search?typed_keys=true&max_concurrent_shard_requests=5&ignore_unavailable=false&expand_wildcards=open&allow_no_indices=true&ignore_throttled=true&search_type=query_then_fetch&batched_reduce_size=512&ccs_minimize_roundtrips=true] returned 2 warnings: [299 Elasticsearch-7.16.1-5b38441b16b1ebb16a27c107a4c3865776e20c53 "Elasticsearch built-in security features are not enabled. Without authentication, your cluster could be accessible to anyone. See https://www.elastic.co/guide/en/elasticsearch/reference/7.16/security-minimal-setup.html to enable security."],[299 Elasticsearch-7.16.1-5b38441b16b1ebb16a27c107a4c3865776e20c53 "[ignore_throttled] parameter is deprecated because frozen indices have been deprecated. Consider cold or frozen tiers in place of frozen indices."]
2023-08-04 12:58:49,458 INFO  [com.dot.ContainerResource] (docker-java-stream-1865446083) STDOUT: 12:58:49.457  INFO  util.SecurityLogger - class com.dotcms.rest.exception.mapper.NotFoundInDbExceptionMapper :  Asset [folderDoesNotExist] not found -- ip:172.19.0.1,user:Admin User [ID: dotcms.org.1][email:admin@dotcms.com]
]]></system-out>
  </testcase>
  <testcase name="Test_Exclude" classname="com.dotcms.api.traversal.FolderTraversalServiceIntegrationTest" time="1.598">
    <system-out><![CDATA[2023-08-04 12:58:50,203 INFO  [com.dot.ContainerResource] (docker-java-stream-1865446083) STDOUT: 12:58:50.202  INFO  util.SecurityLogger - class com.dotcms.cms.login.LoginServiceAPIFactory$LoginServiceImpl : User dotcms.org.1 has successfully login from IP: 172.19.0.1 -- ip:172.19.0.1,user:Admin User [ID: dotcms.org.1][email:admin@dotcms.com]
2023-08-04 12:58:50,203 INFO  [com.dot.ContainerResource] (docker-java-stream-1865446083) STDOUT: 12:58:50.203  INFO  util.SecurityLogger - class com.dotcms.rest.api.v1.authentication.CreateJsonWebTokenResource : A Json Web Token admin@dotcms.com is being created from IP: 172.19.0.1 -- ip:172.19.0.1,user:Admin User [ID: dotcms.org.1][email:admin@dotcms.com]
2023-08-04 12:58:50,220 INFO  [com.dot.ContainerResource] (docker-java-stream-1865446083) STDOUT: 12:58:50.219  INFO  util.ActivityLogger - class com.dotcms.content.elasticsearch.business.ESContentletAPIImpl: system : Saving Content , StartDate: N/D; EndDate: N/D; User:dotcms.org.1; ContentIdentifier: 
2023-08-04 12:58:50,226 INFO  [com.dot.ContainerResource] (docker-java-stream-1865446083) STDOUT: 12:58:50.225  WARN  client.RestClient - request [POST http://elasticsearch:9200/cluster_c40f8aa8c9.working_20230804125756/_search?typed_keys=true&max_concurrent_shard_requests=5&ignore_unavailable=false&expand_wildcards=open&allow_no_indices=true&ignore_throttled=true&search_type=query_then_fetch&batched_reduce_size=512&ccs_minimize_roundtrips=true] returned 2 warnings: [299 Elasticsearch-7.16.1-5b38441b16b1ebb16a27c107a4c3865776e20c53 "Elasticsearch built-in security features are not enabled. Without authentication, your cluster could be accessible to anyone. See https://www.elastic.co/guide/en/elasticsearch/reference/7.16/security-minimal-setup.html to enable security."],[299 Elasticsearch-7.16.1-5b38441b16b1ebb16a27c107a4c3865776e20c53 "[ignore_throttled] parameter is deprecated because frozen indices have been deprecated. Consider cold or frozen tiers in place of frozen indices."]
2023-08-04 12:58:50,232 INFO  [com.dot.ContainerResource] (docker-java-stream-1865446083) STDOUT: 12:58:50.232  WARN  client.RestClient - request [POST http://elasticsearch:9200/cluster_c40f8aa8c9.live_20230804125756/_search?typed_keys=true&max_concurrent_shard_requests=5&ignore_unavailable=false&expand_wildcards=open&allow_no_indices=true&ignore_throttled=true&search_type=query_then_fetch&batched_reduce_size=512&ccs_minimize_roundtrips=true] returned 2 warnings: [299 Elasticsearch-7.16.1-5b38441b16b1ebb16a27c107a4c3865776e20c53 "Elasticsearch built-in security features are not enabled. Without authentication, your cluster could be accessible to anyone. See https://www.elastic.co/guide/en/elasticsearch/reference/7.16/security-minimal-setup.html to enable security."],[299 Elasticsearch-7.16.1-5b38441b16b1ebb16a27c107a4c3865776e20c53 "[ignore_throttled] parameter is deprecated because frozen indices have been deprecated. Consider cold or frozen tiers in place of frozen indices."]
2023-08-04 12:58:50,241 INFO  [com.dot.ContainerResource] (docker-java-stream-1865446083) STDOUT: 12:58:50.241  INFO  business.IdentifierAPIImpl - Creating new identifier for versionable asset of type `content` and title `site-1691153930208` 
2023-08-04 12:58:50,242 INFO  [com.dot.ContainerResource] (docker-java-stream-1865446083) STDOUT: 12:58:50.242  INFO  business.DeterministicIdentifierAPIImpl - hashing id: host:system host/site-1691153930208 to a2e3c8b868ee228528087680d2ed8366
2023-08-04 12:58:50,257 INFO  [com.dot.ContainerResource] (docker-java-stream-1865446083) STDOUT: 12:58:50.257  INFO  business.ContentletIndexAPIImpl - Indexing: a2e3c8b868ee228528087680d2ed8366 : site-1691153930208, includeDependencies: true, policy: DEFER
2023-08-04 12:58:50,260 INFO  [com.dot.ContainerResource] (docker-java-stream-1865446083) STDOUT: 12:58:50.260  INFO  reindex.ReindexQueueAPIImpl - addIdentifierReindex: a2e3c8b868ee228528087680d2ed8366
2023-08-04 12:58:50,297 INFO  [com.dot.ContainerResource] (docker-java-stream-1865446083) STDOUT: 12:58:50.296  INFO  util.ActivityLogger - class com.dotcms.content.elasticsearch.business.ESContentletAPIImpl: System Host : Content Saved , StartDate: N/D; EndDate: N/D; User:dotcms.org.1; ContentIdentifier: a2e3c8b868ee228528087680d2ed8366
2023-08-04 12:58:50,299 INFO  [com.dot.ContainerResource] (docker-java-stream-1865446083) STDOUT: 12:58:50.298  INFO  reindex.ReindexThread - --- Unpausing reindex thread 
2023-08-04 12:58:50,341 INFO  [com.dot.ContainerResource] (docker-java-stream-1865446083) STDOUT: 12:58:50.340  INFO  reindex.BulkProcessorListener - -----------
2023-08-04 12:58:50,341 INFO  [com.dot.ContainerResource] (docker-java-stream-1865446083) STDOUT: 12:58:50.340  INFO  reindex.BulkProcessorListener - Reindexing Server #  : 1 of 1
2023-08-04 12:58:50,342 INFO  [com.dot.ContainerResource] (docker-java-stream-1865446083) STDOUT: 12:58:50.340  INFO  reindex.BulkProcessorListener - Total Indexed        : 0
2023-08-04 12:58:50,342 INFO  [com.dot.ContainerResource] (docker-java-stream-1865446083) STDOUT: 12:58:50.340  INFO  reindex.BulkProcessorListener - ReindexEntries found : 1
2023-08-04 12:58:50,342 INFO  [com.dot.ContainerResource] (docker-java-stream-1865446083) STDOUT: 12:58:50.340  INFO  reindex.BulkProcessorListener - BulkRequests created : 1
2023-08-04 12:58:50,342 INFO  [com.dot.ContainerResource] (docker-java-stream-1865446083) STDOUT: 12:58:50.340  INFO  reindex.BulkProcessorListener - -----------
2023-08-04 12:58:50,353 INFO  [com.dot.ContainerResource] (docker-java-stream-1865446083) STDOUT: 12:58:50.353  WARN  client.RestClient - request [POST http://elasticsearch:9200/_bulk?timeout=1m] returned 1 warnings: [299 Elasticsearch-7.16.1-5b38441b16b1ebb16a27c107a4c3865776e20c53 "Elasticsearch built-in security features are not enabled. Without authentication, your cluster could be accessible to anyone. See https://www.elastic.co/guide/en/elasticsearch/reference/7.16/security-minimal-setup.html to enable security."]
2023-08-04 12:58:50,364 INFO  [com.dot.ContainerResource] (docker-java-stream-1865446083) STDOUT: 12:58:50.364  INFO  util.ActivityLogger - class com.dotcms.content.elasticsearch.business.ESContentletAPIImpl: System Host : Publishing Content , StartDate: N/D; EndDate: N/D; User:dotcms.org.1; ContentIdentifier: a2e3c8b868ee228528087680d2ed8366
2023-08-04 12:58:50,366 INFO  [com.dot.ContainerResource] (docker-java-stream-1865446083) STDOUT: 12:58:50.366  INFO  business.ContentletIndexAPIImpl - Indexing: a2e3c8b868ee228528087680d2ed8366 : site-1691153930208, includeDependencies: true, policy: DEFER
2023-08-04 12:58:50,367 INFO  [com.dot.ContainerResource] (docker-java-stream-1865446083) STDOUT: 12:58:50.366  INFO  reindex.ReindexQueueAPIImpl - addIdentifierReindex: a2e3c8b868ee228528087680d2ed8366
2023-08-04 12:58:50,401 INFO  [com.dot.ContainerResource] (docker-java-stream-1865446083) STDOUT: 12:58:50.400  INFO  util.ActivityLogger - class com.dotcms.content.elasticsearch.business.ESContentletAPIImpl: System Host : Content Published , StartDate: N/D; EndDate: N/D; User:dotcms.org.1; ContentIdentifier: a2e3c8b868ee228528087680d2ed8366
2023-08-04 12:58:50,403 INFO  [com.dot.ContainerResource] (docker-java-stream-1865446083) STDOUT: 12:58:50.402  INFO  reindex.ReindexThread - --- Unpausing reindex thread 
2023-08-04 12:58:50,430 INFO  [com.dot.ContainerResource] (docker-java-stream-1865446083) STDOUT: 12:58:50.430  INFO  business.DeterministicIdentifierAPIImpl - hashing id: folder:site-1691153930208/folder1 to 8c911fcdcd6decd0b1d219763f1b05ab
2023-08-04 12:58:50,436 INFO  [com.dot.ContainerResource] (docker-java-stream-1865446083) STDOUT: 12:58:50.436  INFO  business.DeterministicIdentifierAPIImpl - hashing id: folder:site-1691153930208/folder1/subfolder1-1 to 87669de70b9bdf4d1dc1308682934c5a
2023-08-04 12:58:50,441 INFO  [com.dot.ContainerResource] (docker-java-stream-1865446083) STDOUT: 12:58:50.441  INFO  business.DeterministicIdentifierAPIImpl - hashing id: folder:site-1691153930208/folder1/subfolder1-1/subfolder1-1-1 to 88904afb7b3d7328d82b6c5c2cacd6b5
2023-08-04 12:58:50,447 INFO  [com.dot.ContainerResource] (docker-java-stream-1865446083) STDOUT: 12:58:50.447  INFO  business.DeterministicIdentifierAPIImpl - hashing id: folder:site-1691153930208/folder1/subfolder1-1/subfolder1-1-2 to a26268ca920f5086f7dc9834b8354a5d
2023-08-04 12:58:50,454 INFO  [com.dot.ContainerResource] (docker-java-stream-1865446083) STDOUT: 12:58:50.454  INFO  business.DeterministicIdentifierAPIImpl - hashing id: folder:site-1691153930208/folder1/subfolder1-1/subfolder1-1-3 to f15ab331b5daf7ffe344829368eeaf5b
2023-08-04 12:58:50,458 INFO  [com.dot.ContainerResource] (docker-java-stream-1865446083) STDOUT: 12:58:50.458  INFO  business.DeterministicIdentifierAPIImpl - hashing id: folder:site-1691153930208/folder1/subfolder1-2 to 21f1a509e87788a4f84e5c79eccfdf25
2023-08-04 12:58:50,463 INFO  [com.dot.ContainerResource] (docker-java-stream-1865446083) STDOUT: 12:58:50.462  INFO  business.DeterministicIdentifierAPIImpl - hashing id: folder:site-1691153930208/folder1/subfolder1-2/subfolder1-2-1 to 933e60b72a46f7bfcb7c0dcfb47684e1
2023-08-04 12:58:50,468 INFO  [com.dot.ContainerResource] (docker-java-stream-1865446083) STDOUT: 12:58:50.468  INFO  business.DeterministicIdentifierAPIImpl - hashing id: folder:site-1691153930208/folder1/subfolder1-2/subfolder1-2-2 to 04b5c7f31d65cacb361e93581c137d34
2023-08-04 12:58:50,472 INFO  [com.dot.ContainerResource] (docker-java-stream-1865446083) STDOUT: 12:58:50.472  INFO  business.DeterministicIdentifierAPIImpl - hashing id: folder:site-1691153930208/folder1/subfolder1-2/subfolder1-2-3 to 51d25335cfda336a95a5f7ddf0a01d84
2023-08-04 12:58:50,480 INFO  [com.dot.ContainerResource] (docker-java-stream-1865446083) STDOUT: 12:58:50.479  INFO  business.DeterministicIdentifierAPIImpl - hashing id: folder:site-1691153930208/folder1/subfolder1-3 to 630efb7b0dcd9677835173f42a6fb951
2023-08-04 12:58:50,484 INFO  [com.dot.ContainerResource] (docker-java-stream-1865446083) STDOUT: 12:58:50.484  INFO  business.DeterministicIdentifierAPIImpl - hashing id: folder:site-1691153930208/folder2 to 3ee0146e5462a63ae1af9a996adbbfe1
2023-08-04 12:58:50,487 INFO  [com.dot.ContainerResource] (docker-java-stream-1865446083) STDOUT: 12:58:50.487  INFO  business.DeterministicIdentifierAPIImpl - hashing id: folder:site-1691153930208/folder2/subfolder2-1 to 9539e75161c6ac14cda450337dbbe8b7
2023-08-04 12:58:50,494 INFO  [com.dot.ContainerResource] (docker-java-stream-1865446083) STDOUT: 12:58:50.493  INFO  business.DeterministicIdentifierAPIImpl - hashing id: folder:site-1691153930208/folder2/subfolder2-1/subfolder2-1-1 to d27cc7a3893bb326804f2654f66e6474
2023-08-04 12:58:50,501 INFO  [com.dot.ContainerResource] (docker-java-stream-1865446083) STDOUT: 12:58:50.501  INFO  business.DeterministicIdentifierAPIImpl - hashing id: folder:site-1691153930208/folder2/subfolder2-1/subfolder2-1-2 to 8358395cd6b28bf108ea1f7321ae2148
2023-08-04 12:58:50,506 INFO  [com.dot.ContainerResource] (docker-java-stream-1865446083) STDOUT: 12:58:50.506  INFO  business.DeterministicIdentifierAPIImpl - hashing id: folder:site-1691153930208/folder2/subfolder2-1/subfolder2-1-3 to 6ee7067e681bdb15041f48048d88678e
2023-08-04 12:58:50,511 INFO  [com.dot.ContainerResource] (docker-java-stream-1865446083) STDOUT: 12:58:50.511  INFO  business.DeterministicIdentifierAPIImpl - hashing id: folder:site-1691153930208/folder2/subfolder2-2 to 4296b2158eb1bfca9f8d1a6271c08405
2023-08-04 12:58:50,515 INFO  [com.dot.ContainerResource] (docker-java-stream-1865446083) STDOUT: 12:58:50.515  INFO  business.DeterministicIdentifierAPIImpl - hashing id: folder:site-1691153930208/folder2/subfolder2-3 to a973f26f87302b290a4690e9c43f9620
2023-08-04 12:58:50,526 INFO  [com.dot.ContainerResource] (docker-java-stream-1865446083) STDOUT: 12:58:50.526  INFO  business.DeterministicIdentifierAPIImpl - hashing id: folder:site-1691153930208/folder3 to 9b3fdf714b5839278551fce5a02e28a3
2023-08-04 12:58:50,543 INFO  [com.dot.ContainerResource] (docker-java-stream-1865446083) STDOUT: 12:58:50.542  INFO  asset.WebAssetResource - User [dotcms.org.1] is requesting assets info for path [//site-1691153930208/]
2023-08-04 12:58:50,556 INFO  [com.dot.ContainerResource] (docker-java-stream-1865446083) STDOUT: 12:58:50.547  WARN  client.RestClient - request [POST http://elasticsearch:9200/cluster_c40f8aa8c9.working_20230804125756/_search?typed_keys=true&max_concurrent_shard_requests=5&ignore_unavailable=false&expand_wildcards=open&allow_no_indices=true&ignore_throttled=true&search_type=query_then_fetch&batched_reduce_size=512&ccs_minimize_roundtrips=true] returned 2 warnings: [299 Elasticsearch-7.16.1-5b38441b16b1ebb16a27c107a4c3865776e20c53 "Elasticsearch built-in security features are not enabled. Without authentication, your cluster could be accessible to anyone. See https://www.elastic.co/guide/en/elasticsearch/reference/7.16/security-minimal-setup.html to enable security."],[299 Elasticsearch-7.16.1-5b38441b16b1ebb16a27c107a4c3865776e20c53 "[ignore_throttled] parameter is deprecated because frozen indices have been deprecated. Consider cold or frozen tiers in place of frozen indices."]
2023-08-04 12:58:50,560 INFO  [com.dot.ContainerResource] (docker-java-stream-1865446083) STDOUT: 12:58:50.560  INFO  asset.WebAssetResource - User [dotcms.org.1] is requesting assets info for path [//site-1691153930208/folder1]
2023-08-04 12:58:50,579 INFO  [com.dot.ContainerResource] (docker-java-stream-1865446083) STDOUT: 12:58:50.579  WARN  client.RestClient - request [POST http://elasticsearch:9200/cluster_c40f8aa8c9.working_20230804125756/_search?typed_keys=true&max_concurrent_shard_requests=5&ignore_unavailable=false&expand_wildcards=open&allow_no_indices=true&ignore_throttled=true&search_type=query_then_fetch&batched_reduce_size=512&ccs_minimize_roundtrips=true] returned 2 warnings: [299 Elasticsearch-7.16.1-5b38441b16b1ebb16a27c107a4c3865776e20c53 "Elasticsearch built-in security features are not enabled. Without authentication, your cluster could be accessible to anyone. See https://www.elastic.co/guide/en/elasticsearch/reference/7.16/security-minimal-setup.html to enable security."],[299 Elasticsearch-7.16.1-5b38441b16b1ebb16a27c107a4c3865776e20c53 "[ignore_throttled] parameter is deprecated because frozen indices have been deprecated. Consider cold or frozen tiers in place of frozen indices."]
2023-08-04 12:58:50,595 INFO  [com.dot.ContainerResource] (docker-java-stream-1865446083) STDOUT: 12:58:50.594  INFO  asset.WebAssetResource - User [dotcms.org.1] is requesting assets info for path [//site-1691153930208/folder2]
2023-08-04 12:58:50,604 INFO  [com.dot.ContainerResource] (docker-java-stream-1865446083) STDOUT: 12:58:50.603  INFO  asset.WebAssetResource - User [dotcms.org.1] is requesting assets info for path [//site-1691153930208/folder1/subFolder1-1]
2023-08-04 12:58:50,613 INFO  [com.dot.ContainerResource] (docker-java-stream-1865446083) STDOUT: 12:58:50.612  WARN  client.RestClient - request [POST http://elasticsearch:9200/cluster_c40f8aa8c9.working_20230804125756/_search?typed_keys=true&max_concurrent_shard_requests=5&ignore_unavailable=false&expand_wildcards=open&allow_no_indices=true&ignore_throttled=true&search_type=query_then_fetch&batched_reduce_size=512&ccs_minimize_roundtrips=true] returned 2 warnings: [299 Elasticsearch-7.16.1-5b38441b16b1ebb16a27c107a4c3865776e20c53 "Elasticsearch built-in security features are not enabled. Without authentication, your cluster could be accessible to anyone. See https://www.elastic.co/guide/en/elasticsearch/reference/7.16/security-minimal-setup.html to enable security."],[299 Elasticsearch-7.16.1-5b38441b16b1ebb16a27c107a4c3865776e20c53 "[ignore_throttled] parameter is deprecated because frozen indices have been deprecated. Consider cold or frozen tiers in place of frozen indices."]
2023-08-04 12:58:50,627 INFO  [com.dot.ContainerResource] (docker-java-stream-1865446083) STDOUT: 12:58:50.627  INFO  asset.WebAssetResource - User [dotcms.org.1] is requesting assets info for path [//site-1691153930208/folder3]
2023-08-04 12:58:50,628 INFO  [com.dot.ContainerResource] (docker-java-stream-1865446083) STDOUT: 12:58:50.628  INFO  reindex.BulkProcessorListener - -----------
2023-08-04 12:58:50,630 INFO  [com.dot.ContainerResource] (docker-java-stream-1865446083) STDOUT: 12:58:50.630  INFO  reindex.BulkProcessorListener - Reindexing Server #  : 1 of 1
2023-08-04 12:58:50,631 INFO  [com.dot.ContainerResource] (docker-java-stream-1865446083) STDOUT: 12:58:50.630  INFO  reindex.BulkProcessorListener - Total Indexed        : 0
2023-08-04 12:58:50,631 INFO  [com.dot.ContainerResource] (docker-java-stream-1865446083) STDOUT: 12:58:50.631  WARN  client.RestClient - request [POST http://elasticsearch:9200/cluster_c40f8aa8c9.working_20230804125756/_search?typed_keys=true&max_concurrent_shard_requests=5&ignore_unavailable=false&expand_wildcards=open&allow_no_indices=true&ignore_throttled=true&search_type=query_then_fetch&batched_reduce_size=512&ccs_minimize_roundtrips=true] returned 2 warnings: [299 Elasticsearch-7.16.1-5b38441b16b1ebb16a27c107a4c3865776e20c53 "Elasticsearch built-in security features are not enabled. Without authentication, your cluster could be accessible to anyone. See https://www.elastic.co/guide/en/elasticsearch/reference/7.16/security-minimal-setup.html to enable security."],[299 Elasticsearch-7.16.1-5b38441b16b1ebb16a27c107a4c3865776e20c53 "[ignore_throttled] parameter is deprecated because frozen indices have been deprecated. Consider cold or frozen tiers in place of frozen indices."]
2023-08-04 12:58:50,636 INFO  [com.dot.ContainerResource] (docker-java-stream-1865446083) STDOUT: 12:58:50.636  INFO  reindex.BulkProcessorListener - ReindexEntries found : 1
2023-08-04 12:58:50,636 INFO  [com.dot.ContainerResource] (docker-java-stream-1865446083) STDOUT: 12:58:50.636  INFO  reindex.BulkProcessorListener - BulkRequests created : 2
2023-08-04 12:58:50,637 INFO  [com.dot.ContainerResource] (docker-java-stream-1865446083) STDOUT: 12:58:50.637  INFO  reindex.BulkProcessorListener - -----------
2023-08-04 12:58:50,651 INFO  [com.dot.ContainerResource] (docker-java-stream-1865446083) STDOUT: 12:58:50.648  WARN  client.RestClient - request [POST http://elasticsearch:9200/cluster_c40f8aa8c9.working_20230804125756/_search?typed_keys=true&max_concurrent_shard_requests=5&ignore_unavailable=false&expand_wildcards=open&allow_no_indices=true&ignore_throttled=true&search_type=query_then_fetch&batched_reduce_size=512&ccs_minimize_roundtrips=true] returned 2 warnings: [299 Elasticsearch-7.16.1-5b38441b16b1ebb16a27c107a4c3865776e20c53 "Elasticsearch built-in security features are not enabled. Without authentication, your cluster could be accessible to anyone. See https://www.elastic.co/guide/en/elasticsearch/reference/7.16/security-minimal-setup.html to enable security."],[299 Elasticsearch-7.16.1-5b38441b16b1ebb16a27c107a4c3865776e20c53 "[ignore_throttled] parameter is deprecated because frozen indices have been deprecated. Consider cold or frozen tiers in place of frozen indices."]
2023-08-04 12:58:50,660 INFO  [com.dot.ContainerResource] (docker-java-stream-1865446083) STDOUT: 12:58:50.659  WARN  client.RestClient - request [POST http://elasticsearch:9200/_bulk?timeout=1m] returned 1 warnings: [299 Elasticsearch-7.16.1-5b38441b16b1ebb16a27c107a4c3865776e20c53 "Elasticsearch built-in security features are not enabled. Without authentication, your cluster could be accessible to anyone. See https://www.elastic.co/guide/en/elasticsearch/reference/7.16/security-minimal-setup.html to enable security."]
2023-08-04 12:58:50,664 INFO  [com.dot.ContainerResource] (docker-java-stream-1865446083) STDOUT: 12:58:50.663  INFO  asset.WebAssetResource - User [dotcms.org.1] is requesting assets info for path [//site-1691153930208/folder1/subFolder1-2]
2023-08-04 12:58:50,671 INFO  [com.dot.ContainerResource] (docker-java-stream-1865446083) STDOUT: 12:58:50.671  WARN  client.RestClient - request [POST http://elasticsearch:9200/cluster_c40f8aa8c9.working_20230804125756/_search?typed_keys=true&max_concurrent_shard_requests=5&ignore_unavailable=false&expand_wildcards=open&allow_no_indices=true&ignore_throttled=true&search_type=query_then_fetch&batched_reduce_size=512&ccs_minimize_roundtrips=true] returned 2 warnings: [299 Elasticsearch-7.16.1-5b38441b16b1ebb16a27c107a4c3865776e20c53 "Elasticsearch built-in security features are not enabled. Without authentication, your cluster could be accessible to anyone. See https://www.elastic.co/guide/en/elasticsearch/reference/7.16/security-minimal-setup.html to enable security."],[299 Elasticsearch-7.16.1-5b38441b16b1ebb16a27c107a4c3865776e20c53 "[ignore_throttled] parameter is deprecated because frozen indices have been deprecated. Consider cold or frozen tiers in place of frozen indices."]
2023-08-04 12:58:50,708 INFO  [com.dot.ContainerResource] (docker-java-stream-1865446083) STDOUT: 12:58:50.703  INFO  asset.WebAssetResource - User [dotcms.org.1] is requesting assets info for path [//site-1691153930208/folder1/subFolder1-3]
2023-08-04 12:58:50,755 INFO  [com.dot.ContainerResource] (docker-java-stream-1865446083) STDOUT: 12:58:50.753  WARN  client.RestClient - request [POST http://elasticsearch:9200/cluster_c40f8aa8c9.working_20230804125756/_search?typed_keys=true&max_concurrent_shard_requests=5&ignore_unavailable=false&expand_wildcards=open&allow_no_indices=true&ignore_throttled=true&search_type=query_then_fetch&batched_reduce_size=512&ccs_minimize_roundtrips=true] returned 2 warnings: [299 Elasticsearch-7.16.1-5b38441b16b1ebb16a27c107a4c3865776e20c53 "Elasticsearch built-in security features are not enabled. Without authentication, your cluster could be accessible to anyone. See https://www.elastic.co/guide/en/elasticsearch/reference/7.16/security-minimal-setup.html to enable security."],[299 Elasticsearch-7.16.1-5b38441b16b1ebb16a27c107a4c3865776e20c53 "[ignore_throttled] parameter is deprecated because frozen indices have been deprecated. Consider cold or frozen tiers in place of frozen indices."]
2023-08-04 12:58:50,763 INFO  [com.dot.ContainerResource] (docker-java-stream-1865446083) STDOUT: 12:58:50.762  INFO  asset.WebAssetResource - User [dotcms.org.1] is requesting assets info for path [//site-1691153930208/folder1/subFolder1-1/subFolder1-1-1]
2023-08-04 12:58:50,773 INFO  [com.dot.ContainerResource] (docker-java-stream-1865446083) STDOUT: 12:58:50.773  WARN  client.RestClient - request [POST http://elasticsearch:9200/cluster_c40f8aa8c9.working_20230804125756/_search?typed_keys=true&max_concurrent_shard_requests=5&ignore_unavailable=false&expand_wildcards=open&allow_no_indices=true&ignore_throttled=true&search_type=query_then_fetch&batched_reduce_size=512&ccs_minimize_roundtrips=true] returned 2 warnings: [299 Elasticsearch-7.16.1-5b38441b16b1ebb16a27c107a4c3865776e20c53 "Elasticsearch built-in security features are not enabled. Without authentication, your cluster could be accessible to anyone. See https://www.elastic.co/guide/en/elasticsearch/reference/7.16/security-minimal-setup.html to enable security."],[299 Elasticsearch-7.16.1-5b38441b16b1ebb16a27c107a4c3865776e20c53 "[ignore_throttled] parameter is deprecated because frozen indices have been deprecated. Consider cold or frozen tiers in place of frozen indices."]
2023-08-04 12:58:50,795 INFO  [com.dot.ContainerResource] (docker-java-stream-1865446083) STDOUT: 12:58:50.794  INFO  asset.WebAssetResource - User [dotcms.org.1] is requesting assets info for path [//site-1691153930208/folder1/subFolder1-1/subFolder1-1-2]
2023-08-04 12:58:50,809 INFO  [com.dot.ContainerResource] (docker-java-stream-1865446083) STDOUT: 12:58:50.808  WARN  client.RestClient - request [POST http://elasticsearch:9200/cluster_c40f8aa8c9.working_20230804125756/_search?typed_keys=true&max_concurrent_shard_requests=5&ignore_unavailable=false&expand_wildcards=open&allow_no_indices=true&ignore_throttled=true&search_type=query_then_fetch&batched_reduce_size=512&ccs_minimize_roundtrips=true] returned 2 warnings: [299 Elasticsearch-7.16.1-5b38441b16b1ebb16a27c107a4c3865776e20c53 "Elasticsearch built-in security features are not enabled. Without authentication, your cluster could be accessible to anyone. See https://www.elastic.co/guide/en/elasticsearch/reference/7.16/security-minimal-setup.html to enable security."],[299 Elasticsearch-7.16.1-5b38441b16b1ebb16a27c107a4c3865776e20c53 "[ignore_throttled] parameter is deprecated because frozen indices have been deprecated. Consider cold or frozen tiers in place of frozen indices."]
2023-08-04 12:58:50,829 INFO  [com.dot.ContainerResource] (docker-java-stream-1865446083) STDOUT: 12:58:50.829  INFO  asset.WebAssetResource - User [dotcms.org.1] is requesting assets info for path [//site-1691153930208/folder1/subFolder1-1/subFolder1-1-3]
2023-08-04 12:58:50,841 INFO  [com.dot.ContainerResource] (docker-java-stream-1865446083) STDOUT: 12:58:50.840  WARN  client.RestClient - request [POST http://elasticsearch:9200/cluster_c40f8aa8c9.working_20230804125756/_search?typed_keys=true&max_concurrent_shard_requests=5&ignore_unavailable=false&expand_wildcards=open&allow_no_indices=true&ignore_throttled=true&search_type=query_then_fetch&batched_reduce_size=512&ccs_minimize_roundtrips=true] returned 2 warnings: [299 Elasticsearch-7.16.1-5b38441b16b1ebb16a27c107a4c3865776e20c53 "Elasticsearch built-in security features are not enabled. Without authentication, your cluster could be accessible to anyone. See https://www.elastic.co/guide/en/elasticsearch/reference/7.16/security-minimal-setup.html to enable security."],[299 Elasticsearch-7.16.1-5b38441b16b1ebb16a27c107a4c3865776e20c53 "[ignore_throttled] parameter is deprecated because frozen indices have been deprecated. Consider cold or frozen tiers in place of frozen indices."]
2023-08-04 12:58:50,849 INFO  [com.dot.ContainerResource] (docker-java-stream-1865446083) STDOUT: 12:58:50.849  INFO  asset.WebAssetResource - User [dotcms.org.1] is requesting assets info for path [//site-1691153930208/folder1/subFolder1-2/subFolder1-2-1]
2023-08-04 12:58:50,855 INFO  [com.dot.ContainerResource] (docker-java-stream-1865446083) STDOUT: 12:58:50.855  WARN  client.RestClient - request [POST http://elasticsearch:9200/cluster_c40f8aa8c9.working_20230804125756/_search?typed_keys=true&max_concurrent_shard_requests=5&ignore_unavailable=false&expand_wildcards=open&allow_no_indices=true&ignore_throttled=true&search_type=query_then_fetch&batched_reduce_size=512&ccs_minimize_roundtrips=true] returned 2 warnings: [299 Elasticsearch-7.16.1-5b38441b16b1ebb16a27c107a4c3865776e20c53 "Elasticsearch built-in security features are not enabled. Without authentication, your cluster could be accessible to anyone. See https://www.elastic.co/guide/en/elasticsearch/reference/7.16/security-minimal-setup.html to enable security."],[299 Elasticsearch-7.16.1-5b38441b16b1ebb16a27c107a4c3865776e20c53 "[ignore_throttled] parameter is deprecated because frozen indices have been deprecated. Consider cold or frozen tiers in place of frozen indices."]
2023-08-04 12:58:50,866 INFO  [com.dot.ContainerResource] (docker-java-stream-1865446083) STDOUT: 12:58:50.865  INFO  asset.WebAssetResource - User [dotcms.org.1] is requesting assets info for path [//site-1691153930208/folder1/subFolder1-2/subFolder1-2-2]
2023-08-04 12:58:50,872 INFO  [com.dot.ContainerResource] (docker-java-stream-1865446083) STDOUT: 12:58:50.871  WARN  client.RestClient - request [POST http://elasticsearch:9200/cluster_c40f8aa8c9.working_20230804125756/_search?typed_keys=true&max_concurrent_shard_requests=5&ignore_unavailable=false&expand_wildcards=open&allow_no_indices=true&ignore_throttled=true&search_type=query_then_fetch&batched_reduce_size=512&ccs_minimize_roundtrips=true] returned 2 warnings: [299 Elasticsearch-7.16.1-5b38441b16b1ebb16a27c107a4c3865776e20c53 "Elasticsearch built-in security features are not enabled. Without authentication, your cluster could be accessible to anyone. See https://www.elastic.co/guide/en/elasticsearch/reference/7.16/security-minimal-setup.html to enable security."],[299 Elasticsearch-7.16.1-5b38441b16b1ebb16a27c107a4c3865776e20c53 "[ignore_throttled] parameter is deprecated because frozen indices have been deprecated. Consider cold or frozen tiers in place of frozen indices."]
2023-08-04 12:58:50,885 INFO  [com.dot.ContainerResource] (docker-java-stream-1865446083) STDOUT: 12:58:50.885  INFO  asset.WebAssetResource - User [dotcms.org.1] is requesting assets info for path [//site-1691153930208/folder1/subFolder1-2/subFolder1-2-3]
2023-08-04 12:58:50,892 INFO  [com.dot.ContainerResource] (docker-java-stream-1865446083) STDOUT: 12:58:50.892  WARN  client.RestClient - request [POST http://elasticsearch:9200/cluster_c40f8aa8c9.working_20230804125756/_search?typed_keys=true&max_concurrent_shard_requests=5&ignore_unavailable=false&expand_wildcards=open&allow_no_indices=true&ignore_throttled=true&search_type=query_then_fetch&batched_reduce_size=512&ccs_minimize_roundtrips=true] returned 2 warnings: [299 Elasticsearch-7.16.1-5b38441b16b1ebb16a27c107a4c3865776e20c53 "Elasticsearch built-in security features are not enabled. Without authentication, your cluster could be accessible to anyone. See https://www.elastic.co/guide/en/elasticsearch/reference/7.16/security-minimal-setup.html to enable security."],[299 Elasticsearch-7.16.1-5b38441b16b1ebb16a27c107a4c3865776e20c53 "[ignore_throttled] parameter is deprecated because frozen indices have been deprecated. Consider cold or frozen tiers in place of frozen indices."]
2023-08-04 12:58:50,911 INFO  [com.dot.ContainerResource] (docker-java-stream-1865446083) STDOUT: 12:58:50.910  INFO  asset.WebAssetResource - User [dotcms.org.1] is requesting assets info for path [//site-1691153930208/folder2/subFolder2-1]
2023-08-04 12:58:50,916 INFO  [com.dot.ContainerResource] (docker-java-stream-1865446083) STDOUT: 12:58:50.916  WARN  client.RestClient - request [POST http://elasticsearch:9200/cluster_c40f8aa8c9.working_20230804125756/_search?typed_keys=true&max_concurrent_shard_requests=5&ignore_unavailable=false&expand_wildcards=open&allow_no_indices=true&ignore_throttled=true&search_type=query_then_fetch&batched_reduce_size=512&ccs_minimize_roundtrips=true] returned 2 warnings: [299 Elasticsearch-7.16.1-5b38441b16b1ebb16a27c107a4c3865776e20c53 "Elasticsearch built-in security features are not enabled. Without authentication, your cluster could be accessible to anyone. See https://www.elastic.co/guide/en/elasticsearch/reference/7.16/security-minimal-setup.html to enable security."],[299 Elasticsearch-7.16.1-5b38441b16b1ebb16a27c107a4c3865776e20c53 "[ignore_throttled] parameter is deprecated because frozen indices have been deprecated. Consider cold or frozen tiers in place of frozen indices."]
2023-08-04 12:58:50,951 INFO  [com.dot.ContainerResource] (docker-java-stream-1865446083) STDOUT: 12:58:50.950  INFO  asset.WebAssetResource - User [dotcms.org.1] is requesting assets info for path [//site-1691153930208/folder2/subFolder2-2]
2023-08-04 12:58:50,963 INFO  [com.dot.ContainerResource] (docker-java-stream-1865446083) STDOUT: 12:58:50.963  WARN  client.RestClient - request [POST http://elasticsearch:9200/cluster_c40f8aa8c9.working_20230804125756/_search?typed_keys=true&max_concurrent_shard_requests=5&ignore_unavailable=false&expand_wildcards=open&allow_no_indices=true&ignore_throttled=true&search_type=query_then_fetch&batched_reduce_size=512&ccs_minimize_roundtrips=true] returned 2 warnings: [299 Elasticsearch-7.16.1-5b38441b16b1ebb16a27c107a4c3865776e20c53 "Elasticsearch built-in security features are not enabled. Without authentication, your cluster could be accessible to anyone. See https://www.elastic.co/guide/en/elasticsearch/reference/7.16/security-minimal-setup.html to enable security."],[299 Elasticsearch-7.16.1-5b38441b16b1ebb16a27c107a4c3865776e20c53 "[ignore_throttled] parameter is deprecated because frozen indices have been deprecated. Consider cold or frozen tiers in place of frozen indices."]
2023-08-04 12:58:50,980 INFO  [com.dot.ContainerResource] (docker-java-stream-1865446083) STDOUT: 12:58:50.979  INFO  asset.WebAssetResource - User [dotcms.org.1] is requesting assets info for path [//site-1691153930208/folder2/subFolder2-3]
2023-08-04 12:58:50,987 INFO  [com.dot.ContainerResource] (docker-java-stream-1865446083) STDOUT: 12:58:50.987  WARN  client.RestClient - request [POST http://elasticsearch:9200/cluster_c40f8aa8c9.working_20230804125756/_search?typed_keys=true&max_concurrent_shard_requests=5&ignore_unavailable=false&expand_wildcards=open&allow_no_indices=true&ignore_throttled=true&search_type=query_then_fetch&batched_reduce_size=512&ccs_minimize_roundtrips=true] returned 2 warnings: [299 Elasticsearch-7.16.1-5b38441b16b1ebb16a27c107a4c3865776e20c53 "Elasticsearch built-in security features are not enabled. Without authentication, your cluster could be accessible to anyone. See https://www.elastic.co/guide/en/elasticsearch/reference/7.16/security-minimal-setup.html to enable security."],[299 Elasticsearch-7.16.1-5b38441b16b1ebb16a27c107a4c3865776e20c53 "[ignore_throttled] parameter is deprecated because frozen indices have been deprecated. Consider cold or frozen tiers in place of frozen indices."]
2023-08-04 12:58:51,009 INFO  [com.dot.ContainerResource] (docker-java-stream-1865446083) STDOUT: 12:58:51.008  INFO  asset.WebAssetResource - User [dotcms.org.1] is requesting assets info for path [//site-1691153930208/folder2/subFolder2-1/subFolder2-1-1]
2023-08-04 12:58:51,027 INFO  [com.dot.ContainerResource] (docker-java-stream-1865446083) STDOUT: 12:58:51.026  WARN  client.RestClient - request [POST http://elasticsearch:9200/cluster_c40f8aa8c9.working_20230804125756/_search?typed_keys=true&max_concurrent_shard_requests=5&ignore_unavailable=false&expand_wildcards=open&allow_no_indices=true&ignore_throttled=true&search_type=query_then_fetch&batched_reduce_size=512&ccs_minimize_roundtrips=true] returned 2 warnings: [299 Elasticsearch-7.16.1-5b38441b16b1ebb16a27c107a4c3865776e20c53 "Elasticsearch built-in security features are not enabled. Without authentication, your cluster could be accessible to anyone. See https://www.elastic.co/guide/en/elasticsearch/reference/7.16/security-minimal-setup.html to enable security."],[299 Elasticsearch-7.16.1-5b38441b16b1ebb16a27c107a4c3865776e20c53 "[ignore_throttled] parameter is deprecated because frozen indices have been deprecated. Consider cold or frozen tiers in place of frozen indices."]
2023-08-04 12:58:51,035 INFO  [com.dot.ContainerResource] (docker-java-stream-1865446083) STDOUT: 12:58:51.035  INFO  asset.WebAssetResource - User [dotcms.org.1] is requesting assets info for path [//site-1691153930208/folder2/subFolder2-1/subFolder2-1-2]
2023-08-04 12:58:51,040 INFO  [com.dot.ContainerResource] (docker-java-stream-1865446083) STDOUT: 12:58:51.040  WARN  client.RestClient - request [POST http://elasticsearch:9200/cluster_c40f8aa8c9.working_20230804125756/_search?typed_keys=true&max_concurrent_shard_requests=5&ignore_unavailable=false&expand_wildcards=open&allow_no_indices=true&ignore_throttled=true&search_type=query_then_fetch&batched_reduce_size=512&ccs_minimize_roundtrips=true] returned 2 warnings: [299 Elasticsearch-7.16.1-5b38441b16b1ebb16a27c107a4c3865776e20c53 "Elasticsearch built-in security features are not enabled. Without authentication, your cluster could be accessible to anyone. See https://www.elastic.co/guide/en/elasticsearch/reference/7.16/security-minimal-setup.html to enable security."],[299 Elasticsearch-7.16.1-5b38441b16b1ebb16a27c107a4c3865776e20c53 "[ignore_throttled] parameter is deprecated because frozen indices have been deprecated. Consider cold or frozen tiers in place of frozen indices."]
2023-08-04 12:58:51,054 INFO  [com.dot.ContainerResource] (docker-java-stream-1865446083) STDOUT: 12:58:51.054  INFO  asset.WebAssetResource - User [dotcms.org.1] is requesting assets info for path [//site-1691153930208/folder2/subFolder2-1/subFolder2-1-3]
2023-08-04 12:58:51,063 INFO  [com.dot.ContainerResource] (docker-java-stream-1865446083) STDOUT: 12:58:51.063  WARN  client.RestClient - request [POST http://elasticsearch:9200/cluster_c40f8aa8c9.working_20230804125756/_search?typed_keys=true&max_concurrent_shard_requests=5&ignore_unavailable=false&expand_wildcards=open&allow_no_indices=true&ignore_throttled=true&search_type=query_then_fetch&batched_reduce_size=512&ccs_minimize_roundtrips=true] returned 2 warnings: [299 Elasticsearch-7.16.1-5b38441b16b1ebb16a27c107a4c3865776e20c53 "Elasticsearch built-in security features are not enabled. Without authentication, your cluster could be accessible to anyone. See https://www.elastic.co/guide/en/elasticsearch/reference/7.16/security-minimal-setup.html to enable security."],[299 Elasticsearch-7.16.1-5b38441b16b1ebb16a27c107a4c3865776e20c53 "[ignore_throttled] parameter is deprecated because frozen indices have been deprecated. Consider cold or frozen tiers in place of frozen indices."]
]]></system-out>
  </testcase>
  <testcase name="Test_Folders_Depth_Zero" classname="com.dotcms.api.traversal.FolderTraversalServiceIntegrationTest" time="1.184">
    <system-out><![CDATA[2023-08-04 12:58:51,837 INFO  [com.dot.ContainerResource] (docker-java-stream-1865446083) STDOUT: 12:58:51.837  INFO  util.SecurityLogger - class com.dotcms.cms.login.LoginServiceAPIFactory$LoginServiceImpl : User dotcms.org.1 has successfully login from IP: 172.19.0.1 -- ip:172.19.0.1,user:Admin User [ID: dotcms.org.1][email:admin@dotcms.com]
2023-08-04 12:58:51,838 INFO  [com.dot.ContainerResource] (docker-java-stream-1865446083) STDOUT: 12:58:51.837  INFO  util.SecurityLogger - class com.dotcms.rest.api.v1.authentication.CreateJsonWebTokenResource : A Json Web Token admin@dotcms.com is being created from IP: 172.19.0.1 -- ip:172.19.0.1,user:Admin User [ID: dotcms.org.1][email:admin@dotcms.com]
2023-08-04 12:58:51,850 INFO  [com.dot.ContainerResource] (docker-java-stream-1865446083) STDOUT: 12:58:51.850  INFO  util.ActivityLogger - class com.dotcms.content.elasticsearch.business.ESContentletAPIImpl: system : Saving Content , StartDate: N/D; EndDate: N/D; User:dotcms.org.1; ContentIdentifier: 
2023-08-04 12:58:51,863 INFO  [com.dot.ContainerResource] (docker-java-stream-1865446083) STDOUT: 12:58:51.863  WARN  client.RestClient - request [POST http://elasticsearch:9200/cluster_c40f8aa8c9.working_20230804125756/_search?typed_keys=true&max_concurrent_shard_requests=5&ignore_unavailable=false&expand_wildcards=open&allow_no_indices=true&ignore_throttled=true&search_type=query_then_fetch&batched_reduce_size=512&ccs_minimize_roundtrips=true] returned 2 warnings: [299 Elasticsearch-7.16.1-5b38441b16b1ebb16a27c107a4c3865776e20c53 "Elasticsearch built-in security features are not enabled. Without authentication, your cluster could be accessible to anyone. See https://www.elastic.co/guide/en/elasticsearch/reference/7.16/security-minimal-setup.html to enable security."],[299 Elasticsearch-7.16.1-5b38441b16b1ebb16a27c107a4c3865776e20c53 "[ignore_throttled] parameter is deprecated because frozen indices have been deprecated. Consider cold or frozen tiers in place of frozen indices."]
2023-08-04 12:58:51,868 INFO  [com.dot.ContainerResource] (docker-java-stream-1865446083) STDOUT: 12:58:51.867  WARN  client.RestClient - request [POST http://elasticsearch:9200/cluster_c40f8aa8c9.live_20230804125756/_search?typed_keys=true&max_concurrent_shard_requests=5&ignore_unavailable=false&expand_wildcards=open&allow_no_indices=true&ignore_throttled=true&search_type=query_then_fetch&batched_reduce_size=512&ccs_minimize_roundtrips=true] returned 2 warnings: [299 Elasticsearch-7.16.1-5b38441b16b1ebb16a27c107a4c3865776e20c53 "Elasticsearch built-in security features are not enabled. Without authentication, your cluster could be accessible to anyone. See https://www.elastic.co/guide/en/elasticsearch/reference/7.16/security-minimal-setup.html to enable security."],[299 Elasticsearch-7.16.1-5b38441b16b1ebb16a27c107a4c3865776e20c53 "[ignore_throttled] parameter is deprecated because frozen indices have been deprecated. Consider cold or frozen tiers in place of frozen indices."]
2023-08-04 12:58:51,871 INFO  [com.dot.ContainerResource] (docker-java-stream-1865446083) STDOUT: 12:58:51.871  INFO  business.IdentifierAPIImpl - Creating new identifier for versionable asset of type `content` and title `site-1691153931842` 
2023-08-04 12:58:51,872 INFO  [com.dot.ContainerResource] (docker-java-stream-1865446083) STDOUT: 12:58:51.871  INFO  business.DeterministicIdentifierAPIImpl - hashing id: host:system host/site-1691153931842 to 9e7cb89b1065c27051277cc2cddda5df
2023-08-04 12:58:51,916 INFO  [com.dot.ContainerResource] (docker-java-stream-1865446083) STDOUT: 12:58:51.916  INFO  business.ContentletIndexAPIImpl - Indexing: 9e7cb89b1065c27051277cc2cddda5df : site-1691153931842, includeDependencies: true, policy: DEFER
2023-08-04 12:58:51,917 INFO  [com.dot.ContainerResource] (docker-java-stream-1865446083) STDOUT: 12:58:51.916  INFO  reindex.ReindexQueueAPIImpl - addIdentifierReindex: 9e7cb89b1065c27051277cc2cddda5df
2023-08-04 12:58:51,986 INFO  [com.dot.ContainerResource] (docker-java-stream-1865446083) STDOUT: 12:58:51.985  INFO  util.ActivityLogger - class com.dotcms.content.elasticsearch.business.ESContentletAPIImpl: System Host : Content Saved , StartDate: N/D; EndDate: N/D; User:dotcms.org.1; ContentIdentifier: 9e7cb89b1065c27051277cc2cddda5df
2023-08-04 12:58:51,990 INFO  [com.dot.ContainerResource] (docker-java-stream-1865446083) STDOUT: 12:58:51.988  INFO  reindex.ReindexThread - --- Unpausing reindex thread 
2023-08-04 12:58:52,024 INFO  [com.dot.ContainerResource] (docker-java-stream-1865446083) STDOUT: 12:58:52.024  INFO  util.ActivityLogger - class com.dotcms.content.elasticsearch.business.ESContentletAPIImpl: System Host : Publishing Content , StartDate: N/D; EndDate: N/D; User:dotcms.org.1; ContentIdentifier: 9e7cb89b1065c27051277cc2cddda5df
2023-08-04 12:58:52,026 INFO  [com.dot.ContainerResource] (docker-java-stream-1865446083) STDOUT: 12:58:52.026  INFO  business.ContentletIndexAPIImpl - Indexing: 9e7cb89b1065c27051277cc2cddda5df : site-1691153931842, includeDependencies: true, policy: DEFER
2023-08-04 12:58:52,027 INFO  [com.dot.ContainerResource] (docker-java-stream-1865446083) STDOUT: 12:58:52.026  INFO  reindex.ReindexQueueAPIImpl - addIdentifierReindex: 9e7cb89b1065c27051277cc2cddda5df
2023-08-04 12:58:52,061 INFO  [com.dot.ContainerResource] (docker-java-stream-1865446083) STDOUT: 12:58:52.061  INFO  util.ActivityLogger - class com.dotcms.content.elasticsearch.business.ESContentletAPIImpl: System Host : Content Published , StartDate: N/D; EndDate: N/D; User:dotcms.org.1; ContentIdentifier: 9e7cb89b1065c27051277cc2cddda5df
2023-08-04 12:58:52,081 INFO  [com.dot.ContainerResource] (docker-java-stream-1865446083) STDOUT: 12:58:52.080  INFO  business.DeterministicIdentifierAPIImpl - hashing id: folder:site-1691153931842/folder1 to b3534ec827c58802067595f764d46f43
2023-08-04 12:58:52,088 INFO  [com.dot.ContainerResource] (docker-java-stream-1865446083) STDOUT: 12:58:52.087  INFO  business.DeterministicIdentifierAPIImpl - hashing id: folder:site-1691153931842/folder1/subfolder1-1 to 57d9df638c06675b407088b56cece0de
2023-08-04 12:58:52,093 INFO  [com.dot.ContainerResource] (docker-java-stream-1865446083) STDOUT: 12:58:52.093  INFO  business.DeterministicIdentifierAPIImpl - hashing id: folder:site-1691153931842/folder1/subfolder1-1/subfolder1-1-1 to 41900776f5a0e59ffadec487cbeacfda
2023-08-04 12:58:52,101 INFO  [com.dot.ContainerResource] (docker-java-stream-1865446083) STDOUT: 12:58:52.100  INFO  business.DeterministicIdentifierAPIImpl - hashing id: folder:site-1691153931842/folder1/subfolder1-1/subfolder1-1-2 to b78072578ddfddd776d2d22c8956576b
2023-08-04 12:58:52,107 INFO  [com.dot.ContainerResource] (docker-java-stream-1865446083) STDOUT: 12:58:52.107  INFO  business.DeterministicIdentifierAPIImpl - hashing id: folder:site-1691153931842/folder1/subfolder1-1/subfolder1-1-3 to 4c6d1407c3cfcc9b8a415b556ea07574
2023-08-04 12:58:52,112 INFO  [com.dot.ContainerResource] (docker-java-stream-1865446083) STDOUT: 12:58:52.112  INFO  business.DeterministicIdentifierAPIImpl - hashing id: folder:site-1691153931842/folder1/subfolder1-2 to 09120b7f4f8a8aa0c74b3deb760736dc
2023-08-04 12:58:52,117 INFO  [com.dot.ContainerResource] (docker-java-stream-1865446083) STDOUT: 12:58:52.116  INFO  business.DeterministicIdentifierAPIImpl - hashing id: folder:site-1691153931842/folder1/subfolder1-2/subfolder1-2-1 to 7355773fc221be40e4615f814ab25f59
2023-08-04 12:58:52,124 INFO  [com.dot.ContainerResource] (docker-java-stream-1865446083) STDOUT: 12:58:52.124  INFO  business.DeterministicIdentifierAPIImpl - hashing id: folder:site-1691153931842/folder1/subfolder1-2/subfolder1-2-2 to 12ac123ee06b4b552ed9c9df7bb85650
2023-08-04 12:58:52,129 INFO  [com.dot.ContainerResource] (docker-java-stream-1865446083) STDOUT: 12:58:52.129  INFO  business.DeterministicIdentifierAPIImpl - hashing id: folder:site-1691153931842/folder1/subfolder1-2/subfolder1-2-3 to 199f189b0acf36521a69511d42d8badc
2023-08-04 12:58:52,140 INFO  [com.dot.ContainerResource] (docker-java-stream-1865446083) STDOUT: 12:58:52.140  INFO  business.DeterministicIdentifierAPIImpl - hashing id: folder:site-1691153931842/folder1/subfolder1-3 to 98d2447ce7b7c3f607f4f3a982fa433f
2023-08-04 12:58:52,145 INFO  [com.dot.ContainerResource] (docker-java-stream-1865446083) STDOUT: 12:58:52.145  INFO  business.DeterministicIdentifierAPIImpl - hashing id: folder:site-1691153931842/folder2 to f3895b876252c4e1ba73cb714439679a
2023-08-04 12:58:52,150 INFO  [com.dot.ContainerResource] (docker-java-stream-1865446083) STDOUT: 12:58:52.150  INFO  business.DeterministicIdentifierAPIImpl - hashing id: folder:site-1691153931842/folder2/subfolder2-1 to e5a8dfef277dbf6f6f8c67a21abc907e
2023-08-04 12:58:52,155 INFO  [com.dot.ContainerResource] (docker-java-stream-1865446083) STDOUT: 12:58:52.154  INFO  business.DeterministicIdentifierAPIImpl - hashing id: folder:site-1691153931842/folder2/subfolder2-1/subfolder2-1-1 to a5f14587f2a152a2d8c7d6ad433c8389
2023-08-04 12:58:52,162 INFO  [com.dot.ContainerResource] (docker-java-stream-1865446083) STDOUT: 12:58:52.162  INFO  business.DeterministicIdentifierAPIImpl - hashing id: folder:site-1691153931842/folder2/subfolder2-1/subfolder2-1-2 to 3fb0e17834aa3174a10d29cfb7c2d9b4
2023-08-04 12:58:52,181 INFO  [com.dot.ContainerResource] (docker-java-stream-1865446083) STDOUT: 12:58:52.180  INFO  business.DeterministicIdentifierAPIImpl - hashing id: folder:site-1691153931842/folder2/subfolder2-1/subfolder2-1-3 to 83c7eb612718422e4fb1d6695f31f19e
2023-08-04 12:58:52,187 INFO  [com.dot.ContainerResource] (docker-java-stream-1865446083) STDOUT: 12:58:52.186  INFO  reindex.BulkProcessorListener - -----------
2023-08-04 12:58:52,187 INFO  [com.dot.ContainerResource] (docker-java-stream-1865446083) STDOUT: 12:58:52.187  INFO  reindex.BulkProcessorListener - Reindexing Server #  : 1 of 1
2023-08-04 12:58:52,187 INFO  [com.dot.ContainerResource] (docker-java-stream-1865446083) STDOUT: 12:58:52.187  INFO  reindex.BulkProcessorListener - Total Indexed        : 0
2023-08-04 12:58:52,187 INFO  [com.dot.ContainerResource] (docker-java-stream-1865446083) STDOUT: 12:58:52.187  INFO  reindex.BulkProcessorListener - ReindexEntries found : 1
2023-08-04 12:58:52,187 INFO  [com.dot.ContainerResource] (docker-java-stream-1865446083) STDOUT: 12:58:52.187  INFO  reindex.BulkProcessorListener - BulkRequests created : 2
2023-08-04 12:58:52,187 INFO  [com.dot.ContainerResource] (docker-java-stream-1865446083) STDOUT: 12:58:52.187  INFO  reindex.BulkProcessorListener - -----------
2023-08-04 12:58:52,191 INFO  [com.dot.ContainerResource] (docker-java-stream-1865446083) STDOUT: 12:58:52.191  INFO  business.DeterministicIdentifierAPIImpl - hashing id: folder:site-1691153931842/folder2/subfolder2-2 to 1b5b1ae7d653e2173420893f9e3207d2
2023-08-04 12:58:52,202 INFO  [com.dot.ContainerResource] (docker-java-stream-1865446083) STDOUT: 12:58:52.202  WARN  client.RestClient - request [POST http://elasticsearch:9200/_bulk?timeout=1m] returned 1 warnings: [299 Elasticsearch-7.16.1-5b38441b16b1ebb16a27c107a4c3865776e20c53 "Elasticsearch built-in security features are not enabled. Without authentication, your cluster could be accessible to anyone. See https://www.elastic.co/guide/en/elasticsearch/reference/7.16/security-minimal-setup.html to enable security."]
2023-08-04 12:58:52,207 INFO  [com.dot.ContainerResource] (docker-java-stream-1865446083) STDOUT: 12:58:52.207  INFO  business.DeterministicIdentifierAPIImpl - hashing id: folder:site-1691153931842/folder2/subfolder2-3 to ed27cff1c7ac4e1059f485f12bc49c17
2023-08-04 12:58:52,213 INFO  [com.dot.ContainerResource] (docker-java-stream-1865446083) STDOUT: 12:58:52.213  INFO  business.DeterministicIdentifierAPIImpl - hashing id: folder:site-1691153931842/folder3 to e874a6551b2b72402634fc841b11bc96
2023-08-04 12:58:52,226 INFO  [com.dot.ContainerResource] (docker-java-stream-1865446083) STDOUT: 12:58:52.226  INFO  asset.WebAssetResource - User [dotcms.org.1] is requesting assets info for path [//site-1691153931842/]
2023-08-04 12:58:52,246 INFO  [com.dot.ContainerResource] (docker-java-stream-1865446083) STDOUT: 12:58:52.244  WARN  client.RestClient - request [POST http://elasticsearch:9200/cluster_c40f8aa8c9.working_20230804125756/_search?typed_keys=true&max_concurrent_shard_requests=5&ignore_unavailable=false&expand_wildcards=open&allow_no_indices=true&ignore_throttled=true&search_type=query_then_fetch&batched_reduce_size=512&ccs_minimize_roundtrips=true] returned 2 warnings: [299 Elasticsearch-7.16.1-5b38441b16b1ebb16a27c107a4c3865776e20c53 "Elasticsearch built-in security features are not enabled. Without authentication, your cluster could be accessible to anyone. See https://www.elastic.co/guide/en/elasticsearch/reference/7.16/security-minimal-setup.html to enable security."],[299 Elasticsearch-7.16.1-5b38441b16b1ebb16a27c107a4c3865776e20c53 "[ignore_throttled] parameter is deprecated because frozen indices have been deprecated. Consider cold or frozen tiers in place of frozen indices."]
]]></system-out>
  </testcase>
  <testcase name="Test_Include2" classname="com.dotcms.api.traversal.FolderTraversalServiceIntegrationTest" time="1.533">
    <system-out><![CDATA[2023-08-04 12:58:53,076 INFO  [com.dot.ContainerResource] (docker-java-stream-1865446083) STDOUT: 12:58:53.075  INFO  util.SecurityLogger - class com.dotcms.cms.login.LoginServiceAPIFactory$LoginServiceImpl : User dotcms.org.1 has successfully login from IP: 172.19.0.1 -- ip:172.19.0.1,user:Admin User [ID: dotcms.org.1][email:admin@dotcms.com]
2023-08-04 12:58:53,076 INFO  [com.dot.ContainerResource] (docker-java-stream-1865446083) STDOUT: 12:58:53.075  INFO  util.SecurityLogger - class com.dotcms.rest.api.v1.authentication.CreateJsonWebTokenResource : A Json Web Token admin@dotcms.com is being created from IP: 172.19.0.1 -- ip:172.19.0.1,user:Admin User [ID: dotcms.org.1][email:admin@dotcms.com]
2023-08-04 12:58:53,090 INFO  [com.dot.ContainerResource] (docker-java-stream-1865446083) STDOUT: 12:58:53.090  INFO  util.ActivityLogger - class com.dotcms.content.elasticsearch.business.ESContentletAPIImpl: system : Saving Content , StartDate: N/D; EndDate: N/D; User:dotcms.org.1; ContentIdentifier: 
2023-08-04 12:58:53,095 INFO  [com.dot.ContainerResource] (docker-java-stream-1865446083) STDOUT: 12:58:53.095  WARN  client.RestClient - request [POST http://elasticsearch:9200/cluster_c40f8aa8c9.working_20230804125756/_search?typed_keys=true&max_concurrent_shard_requests=5&ignore_unavailable=false&expand_wildcards=open&allow_no_indices=true&ignore_throttled=true&search_type=query_then_fetch&batched_reduce_size=512&ccs_minimize_roundtrips=true] returned 2 warnings: [299 Elasticsearch-7.16.1-5b38441b16b1ebb16a27c107a4c3865776e20c53 "Elasticsearch built-in security features are not enabled. Without authentication, your cluster could be accessible to anyone. See https://www.elastic.co/guide/en/elasticsearch/reference/7.16/security-minimal-setup.html to enable security."],[299 Elasticsearch-7.16.1-5b38441b16b1ebb16a27c107a4c3865776e20c53 "[ignore_throttled] parameter is deprecated because frozen indices have been deprecated. Consider cold or frozen tiers in place of frozen indices."]
2023-08-04 12:58:53,099 INFO  [com.dot.ContainerResource] (docker-java-stream-1865446083) STDOUT: 12:58:53.099  WARN  client.RestClient - request [POST http://elasticsearch:9200/cluster_c40f8aa8c9.live_20230804125756/_search?typed_keys=true&max_concurrent_shard_requests=5&ignore_unavailable=false&expand_wildcards=open&allow_no_indices=true&ignore_throttled=true&search_type=query_then_fetch&batched_reduce_size=512&ccs_minimize_roundtrips=true] returned 2 warnings: [299 Elasticsearch-7.16.1-5b38441b16b1ebb16a27c107a4c3865776e20c53 "Elasticsearch built-in security features are not enabled. Without authentication, your cluster could be accessible to anyone. See https://www.elastic.co/guide/en/elasticsearch/reference/7.16/security-minimal-setup.html to enable security."],[299 Elasticsearch-7.16.1-5b38441b16b1ebb16a27c107a4c3865776e20c53 "[ignore_throttled] parameter is deprecated because frozen indices have been deprecated. Consider cold or frozen tiers in place of frozen indices."]
2023-08-04 12:58:53,101 INFO  [com.dot.ContainerResource] (docker-java-stream-1865446083) STDOUT: 12:58:53.100  INFO  business.IdentifierAPIImpl - Creating new identifier for versionable asset of type `content` and title `site-1691153933083` 
2023-08-04 12:58:53,101 INFO  [com.dot.ContainerResource] (docker-java-stream-1865446083) STDOUT: 12:58:53.101  INFO  business.DeterministicIdentifierAPIImpl - hashing id: host:system host/site-1691153933083 to 389c34ab41c3ba812634804c67f86a8a
2023-08-04 12:58:53,118 INFO  [com.dot.ContainerResource] (docker-java-stream-1865446083) STDOUT: 12:58:53.117  INFO  business.ContentletIndexAPIImpl - Indexing: 389c34ab41c3ba812634804c67f86a8a : site-1691153933083, includeDependencies: true, policy: DEFER
2023-08-04 12:58:53,118 INFO  [com.dot.ContainerResource] (docker-java-stream-1865446083) STDOUT: 12:58:53.118  INFO  reindex.ReindexQueueAPIImpl - addIdentifierReindex: 389c34ab41c3ba812634804c67f86a8a
2023-08-04 12:58:53,150 INFO  [com.dot.ContainerResource] (docker-java-stream-1865446083) STDOUT: 12:58:53.149  INFO  util.ActivityLogger - class com.dotcms.content.elasticsearch.business.ESContentletAPIImpl: System Host : Content Saved , StartDate: N/D; EndDate: N/D; User:dotcms.org.1; ContentIdentifier: 389c34ab41c3ba812634804c67f86a8a
2023-08-04 12:58:53,152 INFO  [com.dot.ContainerResource] (docker-java-stream-1865446083) STDOUT: 12:58:53.151  INFO  reindex.ReindexThread - --- Unpausing reindex thread 
2023-08-04 12:58:53,168 INFO  [com.dot.ContainerResource] (docker-java-stream-1865446083) STDOUT: 12:58:53.167  INFO  util.ActivityLogger - class com.dotcms.content.elasticsearch.business.ESContentletAPIImpl: System Host : Publishing Content , StartDate: N/D; EndDate: N/D; User:dotcms.org.1; ContentIdentifier: 389c34ab41c3ba812634804c67f86a8a
2023-08-04 12:58:53,169 INFO  [com.dot.ContainerResource] (docker-java-stream-1865446083) STDOUT: 12:58:53.169  INFO  business.ContentletIndexAPIImpl - Indexing: 389c34ab41c3ba812634804c67f86a8a : site-1691153933083, includeDependencies: true, policy: DEFER
2023-08-04 12:58:53,170 INFO  [com.dot.ContainerResource] (docker-java-stream-1865446083) STDOUT: 12:58:53.169  INFO  reindex.ReindexQueueAPIImpl - addIdentifierReindex: 389c34ab41c3ba812634804c67f86a8a
2023-08-04 12:58:53,201 INFO  [com.dot.ContainerResource] (docker-java-stream-1865446083) STDOUT: 12:58:53.200  INFO  util.ActivityLogger - class com.dotcms.content.elasticsearch.business.ESContentletAPIImpl: System Host : Content Published , StartDate: N/D; EndDate: N/D; User:dotcms.org.1; ContentIdentifier: 389c34ab41c3ba812634804c67f86a8a
2023-08-04 12:58:53,221 INFO  [com.dot.ContainerResource] (docker-java-stream-1865446083) STDOUT: 12:58:53.220  INFO  business.DeterministicIdentifierAPIImpl - hashing id: folder:site-1691153933083/folder1 to 10acbad6ad052d9e9fbc3c9c08bc0666
2023-08-04 12:58:53,229 INFO  [com.dot.ContainerResource] (docker-java-stream-1865446083) STDOUT: 12:58:53.229  INFO  business.DeterministicIdentifierAPIImpl - hashing id: folder:site-1691153933083/folder1/subfolder1-1 to 0f7fd035588d0ed4aa2ef292c3b84bcb
2023-08-04 12:58:53,237 INFO  [com.dot.ContainerResource] (docker-java-stream-1865446083) STDOUT: 12:58:53.237  INFO  business.DeterministicIdentifierAPIImpl - hashing id: folder:site-1691153933083/folder1/subfolder1-1/subfolder1-1-1 to 57fbb759d24d873546accce4215cb2d9
2023-08-04 12:58:53,238 INFO  [com.dot.ContainerResource] (docker-java-stream-1865446083) STDOUT: 12:58:53.237  INFO  reindex.BulkProcessorListener - -----------
2023-08-04 12:58:53,238 INFO  [com.dot.ContainerResource] (docker-java-stream-1865446083) STDOUT: 12:58:53.238  INFO  reindex.BulkProcessorListener - Reindexing Server #  : 1 of 1
2023-08-04 12:58:53,238 INFO  [com.dot.ContainerResource] (docker-java-stream-1865446083) STDOUT: 12:58:53.238  INFO  reindex.BulkProcessorListener - Total Indexed        : 0
2023-08-04 12:58:53,239 INFO  [com.dot.ContainerResource] (docker-java-stream-1865446083) STDOUT: 12:58:53.239  INFO  reindex.BulkProcessorListener - ReindexEntries found : 1
2023-08-04 12:58:53,239 INFO  [com.dot.ContainerResource] (docker-java-stream-1865446083) STDOUT: 12:58:53.239  INFO  reindex.BulkProcessorListener - BulkRequests created : 2
2023-08-04 12:58:53,240 INFO  [com.dot.ContainerResource] (docker-java-stream-1865446083) STDOUT: 12:58:53.240  INFO  reindex.BulkProcessorListener - -----------
2023-08-04 12:58:53,252 INFO  [com.dot.ContainerResource] (docker-java-stream-1865446083) STDOUT: 12:58:53.252  WARN  client.RestClient - request [POST http://elasticsearch:9200/_bulk?timeout=1m] returned 1 warnings: [299 Elasticsearch-7.16.1-5b38441b16b1ebb16a27c107a4c3865776e20c53 "Elasticsearch built-in security features are not enabled. Without authentication, your cluster could be accessible to anyone. See https://www.elastic.co/guide/en/elasticsearch/reference/7.16/security-minimal-setup.html to enable security."]
2023-08-04 12:58:53,255 INFO  [com.dot.ContainerResource] (docker-java-stream-1865446083) STDOUT: 12:58:53.255  INFO  business.DeterministicIdentifierAPIImpl - hashing id: folder:site-1691153933083/folder1/subfolder1-1/subfolder1-1-2 to 7198adfde828cac1bfd35401a5c6b00e
2023-08-04 12:58:53,260 INFO  [com.dot.ContainerResource] (docker-java-stream-1865446083) STDOUT: 12:58:53.260  INFO  business.DeterministicIdentifierAPIImpl - hashing id: folder:site-1691153933083/folder1/subfolder1-1/subfolder1-1-3 to 9f36599092ef558ebf8e7d7232bcbc3e
2023-08-04 12:58:53,264 INFO  [com.dot.ContainerResource] (docker-java-stream-1865446083) STDOUT: 12:58:53.264  INFO  business.DeterministicIdentifierAPIImpl - hashing id: folder:site-1691153933083/folder1/subfolder1-2 to 347b8e26bcab9dcb7cd0fa2dc3624e2e
2023-08-04 12:58:53,268 INFO  [com.dot.ContainerResource] (docker-java-stream-1865446083) STDOUT: 12:58:53.268  INFO  business.DeterministicIdentifierAPIImpl - hashing id: folder:site-1691153933083/folder1/subfolder1-2/subfolder1-2-1 to 3be8514e70ca985c796b7e39ef3e5509
2023-08-04 12:58:53,275 INFO  [com.dot.ContainerResource] (docker-java-stream-1865446083) STDOUT: 12:58:53.275  INFO  business.DeterministicIdentifierAPIImpl - hashing id: folder:site-1691153933083/folder1/subfolder1-2/subfolder1-2-2 to fa6bc64598a7ebe7939af6eb789229f8
2023-08-04 12:58:53,280 INFO  [com.dot.ContainerResource] (docker-java-stream-1865446083) STDOUT: 12:58:53.279  INFO  business.DeterministicIdentifierAPIImpl - hashing id: folder:site-1691153933083/folder1/subfolder1-2/subfolder1-2-3 to 3df10b68db0e38a9fc490c1603c69c78
2023-08-04 12:58:53,284 INFO  [com.dot.ContainerResource] (docker-java-stream-1865446083) STDOUT: 12:58:53.284  INFO  business.DeterministicIdentifierAPIImpl - hashing id: folder:site-1691153933083/folder1/subfolder1-3 to af324f75ea9794ac197b5d83b0f32a86
2023-08-04 12:58:53,288 INFO  [com.dot.ContainerResource] (docker-java-stream-1865446083) STDOUT: 12:58:53.288  INFO  business.DeterministicIdentifierAPIImpl - hashing id: folder:site-1691153933083/folder2 to 965b60a5139225f2850ca089056d1f40
2023-08-04 12:58:53,292 INFO  [com.dot.ContainerResource] (docker-java-stream-1865446083) STDOUT: 12:58:53.292  INFO  business.DeterministicIdentifierAPIImpl - hashing id: folder:site-1691153933083/folder2/subfolder2-1 to 08bdd4f580df437d35909ffa5ed62897
2023-08-04 12:58:53,297 INFO  [com.dot.ContainerResource] (docker-java-stream-1865446083) STDOUT: 12:58:53.297  INFO  business.DeterministicIdentifierAPIImpl - hashing id: folder:site-1691153933083/folder2/subfolder2-1/subfolder2-1-1 to 63791ea54ab30cb572184dd2c8adb664
2023-08-04 12:58:53,309 INFO  [com.dot.ContainerResource] (docker-java-stream-1865446083) STDOUT: 12:58:53.308  INFO  business.DeterministicIdentifierAPIImpl - hashing id: folder:site-1691153933083/folder2/subfolder2-1/subfolder2-1-2 to cfd89b7e79657bf4640d1f2d62239449
2023-08-04 12:58:53,313 INFO  [com.dot.ContainerResource] (docker-java-stream-1865446083) STDOUT: 12:58:53.313  INFO  business.DeterministicIdentifierAPIImpl - hashing id: folder:site-1691153933083/folder2/subfolder2-1/subfolder2-1-3 to 1c0a1687d71dba5db84d1f48fcf38309
2023-08-04 12:58:53,317 INFO  [com.dot.ContainerResource] (docker-java-stream-1865446083) STDOUT: 12:58:53.317  INFO  business.DeterministicIdentifierAPIImpl - hashing id: folder:site-1691153933083/folder2/subfolder2-2 to 619680754ba663ab149f6b6aac0e8a37
2023-08-04 12:58:53,325 INFO  [com.dot.ContainerResource] (docker-java-stream-1865446083) STDOUT: 12:58:53.325  INFO  business.DeterministicIdentifierAPIImpl - hashing id: folder:site-1691153933083/folder2/subfolder2-3 to 11005ef1f9a81b5c65673716eefc7c00
2023-08-04 12:58:53,329 INFO  [com.dot.ContainerResource] (docker-java-stream-1865446083) STDOUT: 12:58:53.329  INFO  business.DeterministicIdentifierAPIImpl - hashing id: folder:site-1691153933083/folder3 to 293de0f03002777550736c8cdd153663
2023-08-04 12:58:53,350 INFO  [com.dot.ContainerResource] (docker-java-stream-1865446083) STDOUT: 12:58:53.350  INFO  asset.WebAssetResource - User [dotcms.org.1] is requesting assets info for path [//site-1691153933083/]
2023-08-04 12:58:53,355 INFO  [com.dot.ContainerResource] (docker-java-stream-1865446083) STDOUT: 12:58:53.354  WARN  client.RestClient - request [POST http://elasticsearch:9200/cluster_c40f8aa8c9.working_20230804125756/_search?typed_keys=true&max_concurrent_shard_requests=5&ignore_unavailable=false&expand_wildcards=open&allow_no_indices=true&ignore_throttled=true&search_type=query_then_fetch&batched_reduce_size=512&ccs_minimize_roundtrips=true] returned 2 warnings: [299 Elasticsearch-7.16.1-5b38441b16b1ebb16a27c107a4c3865776e20c53 "Elasticsearch built-in security features are not enabled. Without authentication, your cluster could be accessible to anyone. See https://www.elastic.co/guide/en/elasticsearch/reference/7.16/security-minimal-setup.html to enable security."],[299 Elasticsearch-7.16.1-5b38441b16b1ebb16a27c107a4c3865776e20c53 "[ignore_throttled] parameter is deprecated because frozen indices have been deprecated. Consider cold or frozen tiers in place of frozen indices."]
2023-08-04 12:58:53,372 INFO  [com.dot.ContainerResource] (docker-java-stream-1865446083) STDOUT: 12:58:53.363  INFO  asset.WebAssetResource - User [dotcms.org.1] is requesting assets info for path [//site-1691153933083/folder1]
2023-08-04 12:58:53,377 INFO  [com.dot.ContainerResource] (docker-java-stream-1865446083) STDOUT: 12:58:53.376  WARN  client.RestClient - request [POST http://elasticsearch:9200/cluster_c40f8aa8c9.working_20230804125756/_search?typed_keys=true&max_concurrent_shard_requests=5&ignore_unavailable=false&expand_wildcards=open&allow_no_indices=true&ignore_throttled=true&search_type=query_then_fetch&batched_reduce_size=512&ccs_minimize_roundtrips=true] returned 2 warnings: [299 Elasticsearch-7.16.1-5b38441b16b1ebb16a27c107a4c3865776e20c53 "Elasticsearch built-in security features are not enabled. Without authentication, your cluster could be accessible to anyone. See https://www.elastic.co/guide/en/elasticsearch/reference/7.16/security-minimal-setup.html to enable security."],[299 Elasticsearch-7.16.1-5b38441b16b1ebb16a27c107a4c3865776e20c53 "[ignore_throttled] parameter is deprecated because frozen indices have been deprecated. Consider cold or frozen tiers in place of frozen indices."]
2023-08-04 12:58:53,395 INFO  [com.dot.ContainerResource] (docker-java-stream-1865446083) STDOUT: 12:58:53.393  INFO  asset.WebAssetResource - User [dotcms.org.1] is requesting assets info for path [//site-1691153933083/folder2]
2023-08-04 12:58:53,404 INFO  [com.dot.ContainerResource] (docker-java-stream-1865446083) STDOUT: 12:58:53.398  WARN  client.RestClient - request [POST http://elasticsearch:9200/cluster_c40f8aa8c9.working_20230804125756/_search?typed_keys=true&max_concurrent_shard_requests=5&ignore_unavailable=false&expand_wildcards=open&allow_no_indices=true&ignore_throttled=true&search_type=query_then_fetch&batched_reduce_size=512&ccs_minimize_roundtrips=true] returned 2 warnings: [299 Elasticsearch-7.16.1-5b38441b16b1ebb16a27c107a4c3865776e20c53 "Elasticsearch built-in security features are not enabled. Without authentication, your cluster could be accessible to anyone. See https://www.elastic.co/guide/en/elasticsearch/reference/7.16/security-minimal-setup.html to enable security."],[299 Elasticsearch-7.16.1-5b38441b16b1ebb16a27c107a4c3865776e20c53 "[ignore_throttled] parameter is deprecated because frozen indices have been deprecated. Consider cold or frozen tiers in place of frozen indices."]
2023-08-04 12:58:53,407 INFO  [com.dot.ContainerResource] (docker-java-stream-1865446083) STDOUT: 12:58:53.407  INFO  asset.WebAssetResource - User [dotcms.org.1] is requesting assets info for path [//site-1691153933083/folder3]
2023-08-04 12:58:53,415 INFO  [com.dot.ContainerResource] (docker-java-stream-1865446083) STDOUT: 12:58:53.411  WARN  client.RestClient - request [POST http://elasticsearch:9200/cluster_c40f8aa8c9.working_20230804125756/_search?typed_keys=true&max_concurrent_shard_requests=5&ignore_unavailable=false&expand_wildcards=open&allow_no_indices=true&ignore_throttled=true&search_type=query_then_fetch&batched_reduce_size=512&ccs_minimize_roundtrips=true] returned 2 warnings: [299 Elasticsearch-7.16.1-5b38441b16b1ebb16a27c107a4c3865776e20c53 "Elasticsearch built-in security features are not enabled. Without authentication, your cluster could be accessible to anyone. See https://www.elastic.co/guide/en/elasticsearch/reference/7.16/security-minimal-setup.html to enable security."],[299 Elasticsearch-7.16.1-5b38441b16b1ebb16a27c107a4c3865776e20c53 "[ignore_throttled] parameter is deprecated because frozen indices have been deprecated. Consider cold or frozen tiers in place of frozen indices."]
2023-08-04 12:58:53,418 INFO  [com.dot.ContainerResource] (docker-java-stream-1865446083) STDOUT: 12:58:53.418  INFO  asset.WebAssetResource - User [dotcms.org.1] is requesting assets info for path [//site-1691153933083/folder1/subFolder1-1]
2023-08-04 12:58:53,424 INFO  [com.dot.ContainerResource] (docker-java-stream-1865446083) STDOUT: 12:58:53.422  WARN  client.RestClient - request [POST http://elasticsearch:9200/cluster_c40f8aa8c9.working_20230804125756/_search?typed_keys=true&max_concurrent_shard_requests=5&ignore_unavailable=false&expand_wildcards=open&allow_no_indices=true&ignore_throttled=true&search_type=query_then_fetch&batched_reduce_size=512&ccs_minimize_roundtrips=true] returned 2 warnings: [299 Elasticsearch-7.16.1-5b38441b16b1ebb16a27c107a4c3865776e20c53 "Elasticsearch built-in security features are not enabled. Without authentication, your cluster could be accessible to anyone. See https://www.elastic.co/guide/en/elasticsearch/reference/7.16/security-minimal-setup.html to enable security."],[299 Elasticsearch-7.16.1-5b38441b16b1ebb16a27c107a4c3865776e20c53 "[ignore_throttled] parameter is deprecated because frozen indices have been deprecated. Consider cold or frozen tiers in place of frozen indices."]
2023-08-04 12:58:53,444 INFO  [com.dot.ContainerResource] (docker-java-stream-1865446083) STDOUT: 12:58:53.444  INFO  asset.WebAssetResource - User [dotcms.org.1] is requesting assets info for path [//site-1691153933083/folder1/subFolder1-2]
2023-08-04 12:58:53,480 INFO  [com.dot.ContainerResource] (docker-java-stream-1865446083) STDOUT: 12:58:53.476  WARN  client.RestClient - request [POST http://elasticsearch:9200/cluster_c40f8aa8c9.working_20230804125756/_search?typed_keys=true&max_concurrent_shard_requests=5&ignore_unavailable=false&expand_wildcards=open&allow_no_indices=true&ignore_throttled=true&search_type=query_then_fetch&batched_reduce_size=512&ccs_minimize_roundtrips=true] returned 2 warnings: [299 Elasticsearch-7.16.1-5b38441b16b1ebb16a27c107a4c3865776e20c53 "Elasticsearch built-in security features are not enabled. Without authentication, your cluster could be accessible to anyone. See https://www.elastic.co/guide/en/elasticsearch/reference/7.16/security-minimal-setup.html to enable security."],[299 Elasticsearch-7.16.1-5b38441b16b1ebb16a27c107a4c3865776e20c53 "[ignore_throttled] parameter is deprecated because frozen indices have been deprecated. Consider cold or frozen tiers in place of frozen indices."]
2023-08-04 12:58:53,510 INFO  [com.dot.ContainerResource] (docker-java-stream-1865446083) STDOUT: 12:58:53.506  INFO  asset.WebAssetResource - User [dotcms.org.1] is requesting assets info for path [//site-1691153933083/folder1/subFolder1-3]
2023-08-04 12:58:53,516 INFO  [com.dot.ContainerResource] (docker-java-stream-1865446083) STDOUT: 12:58:53.516  WARN  client.RestClient - request [POST http://elasticsearch:9200/cluster_c40f8aa8c9.working_20230804125756/_search?typed_keys=true&max_concurrent_shard_requests=5&ignore_unavailable=false&expand_wildcards=open&allow_no_indices=true&ignore_throttled=true&search_type=query_then_fetch&batched_reduce_size=512&ccs_minimize_roundtrips=true] returned 2 warnings: [299 Elasticsearch-7.16.1-5b38441b16b1ebb16a27c107a4c3865776e20c53 "Elasticsearch built-in security features are not enabled. Without authentication, your cluster could be accessible to anyone. See https://www.elastic.co/guide/en/elasticsearch/reference/7.16/security-minimal-setup.html to enable security."],[299 Elasticsearch-7.16.1-5b38441b16b1ebb16a27c107a4c3865776e20c53 "[ignore_throttled] parameter is deprecated because frozen indices have been deprecated. Consider cold or frozen tiers in place of frozen indices."]
2023-08-04 12:58:53,540 INFO  [com.dot.ContainerResource] (docker-java-stream-1865446083) STDOUT: 12:58:53.532  INFO  asset.WebAssetResource - User [dotcms.org.1] is requesting assets info for path [//site-1691153933083/folder1/subFolder1-1/subFolder1-1-1]
2023-08-04 12:58:53,552 INFO  [com.dot.ContainerResource] (docker-java-stream-1865446083) STDOUT: 12:58:53.551  WARN  client.RestClient - request [POST http://elasticsearch:9200/cluster_c40f8aa8c9.working_20230804125756/_search?typed_keys=true&max_concurrent_shard_requests=5&ignore_unavailable=false&expand_wildcards=open&allow_no_indices=true&ignore_throttled=true&search_type=query_then_fetch&batched_reduce_size=512&ccs_minimize_roundtrips=true] returned 2 warnings: [299 Elasticsearch-7.16.1-5b38441b16b1ebb16a27c107a4c3865776e20c53 "Elasticsearch built-in security features are not enabled. Without authentication, your cluster could be accessible to anyone. See https://www.elastic.co/guide/en/elasticsearch/reference/7.16/security-minimal-setup.html to enable security."],[299 Elasticsearch-7.16.1-5b38441b16b1ebb16a27c107a4c3865776e20c53 "[ignore_throttled] parameter is deprecated because frozen indices have been deprecated. Consider cold or frozen tiers in place of frozen indices."]
2023-08-04 12:58:53,565 INFO  [com.dot.ContainerResource] (docker-java-stream-1865446083) STDOUT: 12:58:53.564  INFO  asset.WebAssetResource - User [dotcms.org.1] is requesting assets info for path [//site-1691153933083/folder1/subFolder1-1/subFolder1-1-2]
2023-08-04 12:58:53,573 INFO  [com.dot.ContainerResource] (docker-java-stream-1865446083) STDOUT: 12:58:53.573  WARN  client.RestClient - request [POST http://elasticsearch:9200/cluster_c40f8aa8c9.working_20230804125756/_search?typed_keys=true&max_concurrent_shard_requests=5&ignore_unavailable=false&expand_wildcards=open&allow_no_indices=true&ignore_throttled=true&search_type=query_then_fetch&batched_reduce_size=512&ccs_minimize_roundtrips=true] returned 2 warnings: [299 Elasticsearch-7.16.1-5b38441b16b1ebb16a27c107a4c3865776e20c53 "Elasticsearch built-in security features are not enabled. Without authentication, your cluster could be accessible to anyone. See https://www.elastic.co/guide/en/elasticsearch/reference/7.16/security-minimal-setup.html to enable security."],[299 Elasticsearch-7.16.1-5b38441b16b1ebb16a27c107a4c3865776e20c53 "[ignore_throttled] parameter is deprecated because frozen indices have been deprecated. Consider cold or frozen tiers in place of frozen indices."]
2023-08-04 12:58:53,587 INFO  [com.dot.ContainerResource] (docker-java-stream-1865446083) STDOUT: 12:58:53.587  INFO  asset.WebAssetResource - User [dotcms.org.1] is requesting assets info for path [//site-1691153933083/folder1/subFolder1-1/subFolder1-1-3]
2023-08-04 12:58:53,596 INFO  [com.dot.ContainerResource] (docker-java-stream-1865446083) STDOUT: 12:58:53.595  WARN  client.RestClient - request [POST http://elasticsearch:9200/cluster_c40f8aa8c9.working_20230804125756/_search?typed_keys=true&max_concurrent_shard_requests=5&ignore_unavailable=false&expand_wildcards=open&allow_no_indices=true&ignore_throttled=true&search_type=query_then_fetch&batched_reduce_size=512&ccs_minimize_roundtrips=true] returned 2 warnings: [299 Elasticsearch-7.16.1-5b38441b16b1ebb16a27c107a4c3865776e20c53 "Elasticsearch built-in security features are not enabled. Without authentication, your cluster could be accessible to anyone. See https://www.elastic.co/guide/en/elasticsearch/reference/7.16/security-minimal-setup.html to enable security."],[299 Elasticsearch-7.16.1-5b38441b16b1ebb16a27c107a4c3865776e20c53 "[ignore_throttled] parameter is deprecated because frozen indices have been deprecated. Consider cold or frozen tiers in place of frozen indices."]
2023-08-04 12:58:53,606 INFO  [com.dot.ContainerResource] (docker-java-stream-1865446083) STDOUT: 12:58:53.605  INFO  asset.WebAssetResource - User [dotcms.org.1] is requesting assets info for path [//site-1691153933083/folder1/subFolder1-2/subFolder1-2-1]
2023-08-04 12:58:53,621 INFO  [com.dot.ContainerResource] (docker-java-stream-1865446083) STDOUT: 12:58:53.620  WARN  client.RestClient - request [POST http://elasticsearch:9200/cluster_c40f8aa8c9.working_20230804125756/_search?typed_keys=true&max_concurrent_shard_requests=5&ignore_unavailable=false&expand_wildcards=open&allow_no_indices=true&ignore_throttled=true&search_type=query_then_fetch&batched_reduce_size=512&ccs_minimize_roundtrips=true] returned 2 warnings: [299 Elasticsearch-7.16.1-5b38441b16b1ebb16a27c107a4c3865776e20c53 "Elasticsearch built-in security features are not enabled. Without authentication, your cluster could be accessible to anyone. See https://www.elastic.co/guide/en/elasticsearch/reference/7.16/security-minimal-setup.html to enable security."],[299 Elasticsearch-7.16.1-5b38441b16b1ebb16a27c107a4c3865776e20c53 "[ignore_throttled] parameter is deprecated because frozen indices have been deprecated. Consider cold or frozen tiers in place of frozen indices."]
2023-08-04 12:58:53,632 INFO  [com.dot.ContainerResource] (docker-java-stream-1865446083) STDOUT: 12:58:53.632  INFO  asset.WebAssetResource - User [dotcms.org.1] is requesting assets info for path [//site-1691153933083/folder1/subFolder1-2/subFolder1-2-2]
2023-08-04 12:58:53,645 INFO  [com.dot.ContainerResource] (docker-java-stream-1865446083) STDOUT: 12:58:53.644  WARN  client.RestClient - request [POST http://elasticsearch:9200/cluster_c40f8aa8c9.working_20230804125756/_search?typed_keys=true&max_concurrent_shard_requests=5&ignore_unavailable=false&expand_wildcards=open&allow_no_indices=true&ignore_throttled=true&search_type=query_then_fetch&batched_reduce_size=512&ccs_minimize_roundtrips=true] returned 2 warnings: [299 Elasticsearch-7.16.1-5b38441b16b1ebb16a27c107a4c3865776e20c53 "Elasticsearch built-in security features are not enabled. Without authentication, your cluster could be accessible to anyone. See https://www.elastic.co/guide/en/elasticsearch/reference/7.16/security-minimal-setup.html to enable security."],[299 Elasticsearch-7.16.1-5b38441b16b1ebb16a27c107a4c3865776e20c53 "[ignore_throttled] parameter is deprecated because frozen indices have been deprecated. Consider cold or frozen tiers in place of frozen indices."]
2023-08-04 12:58:53,651 INFO  [com.dot.ContainerResource] (docker-java-stream-1865446083) STDOUT: 12:58:53.651  INFO  asset.WebAssetResource - User [dotcms.org.1] is requesting assets info for path [//site-1691153933083/folder1/subFolder1-2/subFolder1-2-3]
2023-08-04 12:58:53,656 INFO  [com.dot.ContainerResource] (docker-java-stream-1865446083) STDOUT: 12:58:53.655  WARN  client.RestClient - request [POST http://elasticsearch:9200/cluster_c40f8aa8c9.working_20230804125756/_search?typed_keys=true&max_concurrent_shard_requests=5&ignore_unavailable=false&expand_wildcards=open&allow_no_indices=true&ignore_throttled=true&search_type=query_then_fetch&batched_reduce_size=512&ccs_minimize_roundtrips=true] returned 2 warnings: [299 Elasticsearch-7.16.1-5b38441b16b1ebb16a27c107a4c3865776e20c53 "Elasticsearch built-in security features are not enabled. Without authentication, your cluster could be accessible to anyone. See https://www.elastic.co/guide/en/elasticsearch/reference/7.16/security-minimal-setup.html to enable security."],[299 Elasticsearch-7.16.1-5b38441b16b1ebb16a27c107a4c3865776e20c53 "[ignore_throttled] parameter is deprecated because frozen indices have been deprecated. Consider cold or frozen tiers in place of frozen indices."]
2023-08-04 12:58:53,662 INFO  [com.dot.ContainerResource] (docker-java-stream-1865446083) STDOUT: 12:58:53.661  INFO  asset.WebAssetResource - User [dotcms.org.1] is requesting assets info for path [//site-1691153933083/folder2/subFolder2-1]
2023-08-04 12:58:53,667 INFO  [com.dot.ContainerResource] (docker-java-stream-1865446083) STDOUT: 12:58:53.666  WARN  client.RestClient - request [POST http://elasticsearch:9200/cluster_c40f8aa8c9.working_20230804125756/_search?typed_keys=true&max_concurrent_shard_requests=5&ignore_unavailable=false&expand_wildcards=open&allow_no_indices=true&ignore_throttled=true&search_type=query_then_fetch&batched_reduce_size=512&ccs_minimize_roundtrips=true] returned 2 warnings: [299 Elasticsearch-7.16.1-5b38441b16b1ebb16a27c107a4c3865776e20c53 "Elasticsearch built-in security features are not enabled. Without authentication, your cluster could be accessible to anyone. See https://www.elastic.co/guide/en/elasticsearch/reference/7.16/security-minimal-setup.html to enable security."],[299 Elasticsearch-7.16.1-5b38441b16b1ebb16a27c107a4c3865776e20c53 "[ignore_throttled] parameter is deprecated because frozen indices have been deprecated. Consider cold or frozen tiers in place of frozen indices."]
2023-08-04 12:58:53,677 INFO  [com.dot.ContainerResource] (docker-java-stream-1865446083) STDOUT: 12:58:53.677  INFO  asset.WebAssetResource - User [dotcms.org.1] is requesting assets info for path [//site-1691153933083/folder2/subFolder2-2]
2023-08-04 12:58:53,682 INFO  [com.dot.ContainerResource] (docker-java-stream-1865446083) STDOUT: 12:58:53.682  WARN  client.RestClient - request [POST http://elasticsearch:9200/cluster_c40f8aa8c9.working_20230804125756/_search?typed_keys=true&max_concurrent_shard_requests=5&ignore_unavailable=false&expand_wildcards=open&allow_no_indices=true&ignore_throttled=true&search_type=query_then_fetch&batched_reduce_size=512&ccs_minimize_roundtrips=true] returned 2 warnings: [299 Elasticsearch-7.16.1-5b38441b16b1ebb16a27c107a4c3865776e20c53 "Elasticsearch built-in security features are not enabled. Without authentication, your cluster could be accessible to anyone. See https://www.elastic.co/guide/en/elasticsearch/reference/7.16/security-minimal-setup.html to enable security."],[299 Elasticsearch-7.16.1-5b38441b16b1ebb16a27c107a4c3865776e20c53 "[ignore_throttled] parameter is deprecated because frozen indices have been deprecated. Consider cold or frozen tiers in place of frozen indices."]
2023-08-04 12:58:53,700 INFO  [com.dot.ContainerResource] (docker-java-stream-1865446083) STDOUT: 12:58:53.700  INFO  asset.WebAssetResource - User [dotcms.org.1] is requesting assets info for path [//site-1691153933083/folder2/subFolder2-3]
2023-08-04 12:58:53,717 INFO  [com.dot.ContainerResource] (docker-java-stream-1865446083) STDOUT: 12:58:53.716  WARN  client.RestClient - request [POST http://elasticsearch:9200/cluster_c40f8aa8c9.working_20230804125756/_search?typed_keys=true&max_concurrent_shard_requests=5&ignore_unavailable=false&expand_wildcards=open&allow_no_indices=true&ignore_throttled=true&search_type=query_then_fetch&batched_reduce_size=512&ccs_minimize_roundtrips=true] returned 2 warnings: [299 Elasticsearch-7.16.1-5b38441b16b1ebb16a27c107a4c3865776e20c53 "Elasticsearch built-in security features are not enabled. Without authentication, your cluster could be accessible to anyone. See https://www.elastic.co/guide/en/elasticsearch/reference/7.16/security-minimal-setup.html to enable security."],[299 Elasticsearch-7.16.1-5b38441b16b1ebb16a27c107a4c3865776e20c53 "[ignore_throttled] parameter is deprecated because frozen indices have been deprecated. Consider cold or frozen tiers in place of frozen indices."]
2023-08-04 12:58:53,728 INFO  [com.dot.ContainerResource] (docker-java-stream-1865446083) STDOUT: 12:58:53.727  INFO  asset.WebAssetResource - User [dotcms.org.1] is requesting assets info for path [//site-1691153933083/folder2/subFolder2-1/subFolder2-1-1]
2023-08-04 12:58:53,744 INFO  [com.dot.ContainerResource] (docker-java-stream-1865446083) STDOUT: 12:58:53.743  WARN  client.RestClient - request [POST http://elasticsearch:9200/cluster_c40f8aa8c9.working_20230804125756/_search?typed_keys=true&max_concurrent_shard_requests=5&ignore_unavailable=false&expand_wildcards=open&allow_no_indices=true&ignore_throttled=true&search_type=query_then_fetch&batched_reduce_size=512&ccs_minimize_roundtrips=true] returned 2 warnings: [299 Elasticsearch-7.16.1-5b38441b16b1ebb16a27c107a4c3865776e20c53 "Elasticsearch built-in security features are not enabled. Without authentication, your cluster could be accessible to anyone. See https://www.elastic.co/guide/en/elasticsearch/reference/7.16/security-minimal-setup.html to enable security."],[299 Elasticsearch-7.16.1-5b38441b16b1ebb16a27c107a4c3865776e20c53 "[ignore_throttled] parameter is deprecated because frozen indices have been deprecated. Consider cold or frozen tiers in place of frozen indices."]
2023-08-04 12:58:53,753 INFO  [com.dot.ContainerResource] (docker-java-stream-1865446083) STDOUT: 12:58:53.753  INFO  asset.WebAssetResource - User [dotcms.org.1] is requesting assets info for path [//site-1691153933083/folder2/subFolder2-1/subFolder2-1-2]
2023-08-04 12:58:53,765 INFO  [com.dot.ContainerResource] (docker-java-stream-1865446083) STDOUT: 12:58:53.764  WARN  client.RestClient - request [POST http://elasticsearch:9200/cluster_c40f8aa8c9.working_20230804125756/_search?typed_keys=true&max_concurrent_shard_requests=5&ignore_unavailable=false&expand_wildcards=open&allow_no_indices=true&ignore_throttled=true&search_type=query_then_fetch&batched_reduce_size=512&ccs_minimize_roundtrips=true] returned 2 warnings: [299 Elasticsearch-7.16.1-5b38441b16b1ebb16a27c107a4c3865776e20c53 "Elasticsearch built-in security features are not enabled. Without authentication, your cluster could be accessible to anyone. See https://www.elastic.co/guide/en/elasticsearch/reference/7.16/security-minimal-setup.html to enable security."],[299 Elasticsearch-7.16.1-5b38441b16b1ebb16a27c107a4c3865776e20c53 "[ignore_throttled] parameter is deprecated because frozen indices have been deprecated. Consider cold or frozen tiers in place of frozen indices."]
2023-08-04 12:58:53,773 INFO  [com.dot.ContainerResource] (docker-java-stream-1865446083) STDOUT: 12:58:53.772  INFO  asset.WebAssetResource - User [dotcms.org.1] is requesting assets info for path [//site-1691153933083/folder2/subFolder2-1/subFolder2-1-3]
2023-08-04 12:58:53,783 INFO  [com.dot.ContainerResource] (docker-java-stream-1865446083) STDOUT: 12:58:53.783  WARN  client.RestClient - request [POST http://elasticsearch:9200/cluster_c40f8aa8c9.working_20230804125756/_search?typed_keys=true&max_concurrent_shard_requests=5&ignore_unavailable=false&expand_wildcards=open&allow_no_indices=true&ignore_throttled=true&search_type=query_then_fetch&batched_reduce_size=512&ccs_minimize_roundtrips=true] returned 2 warnings: [299 Elasticsearch-7.16.1-5b38441b16b1ebb16a27c107a4c3865776e20c53 "Elasticsearch built-in security features are not enabled. Without authentication, your cluster could be accessible to anyone. See https://www.elastic.co/guide/en/elasticsearch/reference/7.16/security-minimal-setup.html to enable security."],[299 Elasticsearch-7.16.1-5b38441b16b1ebb16a27c107a4c3865776e20c53 "[ignore_throttled] parameter is deprecated because frozen indices have been deprecated. Consider cold or frozen tiers in place of frozen indices."]
]]></system-out>
  </testcase>
  <testcase name="Test_Include3" classname="com.dotcms.api.traversal.FolderTraversalServiceIntegrationTest" time="1.535">
    <system-out><![CDATA[2023-08-04 12:58:54,530 INFO  [com.dot.ContainerResource] (docker-java-stream-1865446083) STDOUT: 12:58:54.530  INFO  util.SecurityLogger - class com.dotcms.cms.login.LoginServiceAPIFactory$LoginServiceImpl : User dotcms.org.1 has successfully login from IP: 172.19.0.1 -- ip:172.19.0.1,user:Admin User [ID: dotcms.org.1][email:admin@dotcms.com]
2023-08-04 12:58:54,531 INFO  [com.dot.ContainerResource] (docker-java-stream-1865446083) STDOUT: 12:58:54.530  INFO  util.SecurityLogger - class com.dotcms.rest.api.v1.authentication.CreateJsonWebTokenResource : A Json Web Token admin@dotcms.com is being created from IP: 172.19.0.1 -- ip:172.19.0.1,user:Admin User [ID: dotcms.org.1][email:admin@dotcms.com]
2023-08-04 12:58:54,547 INFO  [com.dot.ContainerResource] (docker-java-stream-1865446083) STDOUT: 12:58:54.547  INFO  util.ActivityLogger - class com.dotcms.content.elasticsearch.business.ESContentletAPIImpl: system : Saving Content , StartDate: N/D; EndDate: N/D; User:dotcms.org.1; ContentIdentifier: 
2023-08-04 12:58:54,561 INFO  [com.dot.ContainerResource] (docker-java-stream-1865446083) STDOUT: 12:58:54.561  WARN  client.RestClient - request [POST http://elasticsearch:9200/cluster_c40f8aa8c9.working_20230804125756/_search?typed_keys=true&max_concurrent_shard_requests=5&ignore_unavailable=false&expand_wildcards=open&allow_no_indices=true&ignore_throttled=true&search_type=query_then_fetch&batched_reduce_size=512&ccs_minimize_roundtrips=true] returned 2 warnings: [299 Elasticsearch-7.16.1-5b38441b16b1ebb16a27c107a4c3865776e20c53 "Elasticsearch built-in security features are not enabled. Without authentication, your cluster could be accessible to anyone. See https://www.elastic.co/guide/en/elasticsearch/reference/7.16/security-minimal-setup.html to enable security."],[299 Elasticsearch-7.16.1-5b38441b16b1ebb16a27c107a4c3865776e20c53 "[ignore_throttled] parameter is deprecated because frozen indices have been deprecated. Consider cold or frozen tiers in place of frozen indices."]
2023-08-04 12:58:54,568 INFO  [com.dot.ContainerResource] (docker-java-stream-1865446083) STDOUT: 12:58:54.567  WARN  client.RestClient - request [POST http://elasticsearch:9200/cluster_c40f8aa8c9.live_20230804125756/_search?typed_keys=true&max_concurrent_shard_requests=5&ignore_unavailable=false&expand_wildcards=open&allow_no_indices=true&ignore_throttled=true&search_type=query_then_fetch&batched_reduce_size=512&ccs_minimize_roundtrips=true] returned 2 warnings: [299 Elasticsearch-7.16.1-5b38441b16b1ebb16a27c107a4c3865776e20c53 "Elasticsearch built-in security features are not enabled. Without authentication, your cluster could be accessible to anyone. See https://www.elastic.co/guide/en/elasticsearch/reference/7.16/security-minimal-setup.html to enable security."],[299 Elasticsearch-7.16.1-5b38441b16b1ebb16a27c107a4c3865776e20c53 "[ignore_throttled] parameter is deprecated because frozen indices have been deprecated. Consider cold or frozen tiers in place of frozen indices."]
2023-08-04 12:58:54,573 INFO  [com.dot.ContainerResource] (docker-java-stream-1865446083) STDOUT: 12:58:54.572  INFO  business.IdentifierAPIImpl - Creating new identifier for versionable asset of type `content` and title `site-1691153934539` 
2023-08-04 12:58:54,573 INFO  [com.dot.ContainerResource] (docker-java-stream-1865446083) STDOUT: 12:58:54.573  INFO  business.DeterministicIdentifierAPIImpl - hashing id: host:system host/site-1691153934539 to 50c0e09523abc6478c5afec9b474394b
2023-08-04 12:58:54,599 INFO  [com.dot.ContainerResource] (docker-java-stream-1865446083) STDOUT: 12:58:54.599  INFO  business.ContentletIndexAPIImpl - Indexing: 50c0e09523abc6478c5afec9b474394b : site-1691153934539, includeDependencies: true, policy: DEFER
2023-08-04 12:58:54,600 INFO  [com.dot.ContainerResource] (docker-java-stream-1865446083) STDOUT: 12:58:54.600  INFO  reindex.ReindexQueueAPIImpl - addIdentifierReindex: 50c0e09523abc6478c5afec9b474394b
2023-08-04 12:58:54,640 INFO  [com.dot.ContainerResource] (docker-java-stream-1865446083) STDOUT: 12:58:54.640  INFO  util.ActivityLogger - class com.dotcms.content.elasticsearch.business.ESContentletAPIImpl: System Host : Content Saved , StartDate: N/D; EndDate: N/D; User:dotcms.org.1; ContentIdentifier: 50c0e09523abc6478c5afec9b474394b
2023-08-04 12:58:54,643 INFO  [com.dot.ContainerResource] (docker-java-stream-1865446083) STDOUT: 12:58:54.642  INFO  reindex.ReindexThread - --- Unpausing reindex thread 
2023-08-04 12:58:54,669 INFO  [com.dot.ContainerResource] (docker-java-stream-1865446083) STDOUT: 12:58:54.668  INFO  util.ActivityLogger - class com.dotcms.content.elasticsearch.business.ESContentletAPIImpl: System Host : Publishing Content , StartDate: N/D; EndDate: N/D; User:dotcms.org.1; ContentIdentifier: 50c0e09523abc6478c5afec9b474394b
2023-08-04 12:58:54,672 INFO  [com.dot.ContainerResource] (docker-java-stream-1865446083) STDOUT: 12:58:54.672  INFO  business.ContentletIndexAPIImpl - Indexing: 50c0e09523abc6478c5afec9b474394b : site-1691153934539, includeDependencies: true, policy: DEFER
2023-08-04 12:58:54,673 INFO  [com.dot.ContainerResource] (docker-java-stream-1865446083) STDOUT: 12:58:54.673  INFO  reindex.ReindexQueueAPIImpl - addIdentifierReindex: 50c0e09523abc6478c5afec9b474394b
2023-08-04 12:58:54,710 INFO  [com.dot.ContainerResource] (docker-java-stream-1865446083) STDOUT: 12:58:54.709  INFO  util.ActivityLogger - class com.dotcms.content.elasticsearch.business.ESContentletAPIImpl: System Host : Content Published , StartDate: N/D; EndDate: N/D; User:dotcms.org.1; ContentIdentifier: 50c0e09523abc6478c5afec9b474394b
2023-08-04 12:58:54,725 INFO  [com.dot.ContainerResource] (docker-java-stream-1865446083) STDOUT: 12:58:54.724  INFO  business.DeterministicIdentifierAPIImpl - hashing id: folder:site-1691153934539/folder1 to 609c94474f7be9b4ebc5ccd5e4afcbf6
2023-08-04 12:58:54,730 INFO  [com.dot.ContainerResource] (docker-java-stream-1865446083) STDOUT: 12:58:54.729  INFO  business.DeterministicIdentifierAPIImpl - hashing id: folder:site-1691153934539/folder1/subfolder1-1 to fdb3f568d81c56500139338df711c212
2023-08-04 12:58:54,734 INFO  [com.dot.ContainerResource] (docker-java-stream-1865446083) STDOUT: 12:58:54.733  INFO  business.DeterministicIdentifierAPIImpl - hashing id: folder:site-1691153934539/folder1/subfolder1-1/subfolder1-1-1 to e713a09e005c73dc229dad782a97f5d6
2023-08-04 12:58:54,738 INFO  [com.dot.ContainerResource] (docker-java-stream-1865446083) STDOUT: 12:58:54.738  INFO  business.DeterministicIdentifierAPIImpl - hashing id: folder:site-1691153934539/folder1/subfolder1-1/subfolder1-1-2 to f7bb3179f38409201b0375156765b678
2023-08-04 12:58:54,744 INFO  [com.dot.ContainerResource] (docker-java-stream-1865446083) STDOUT: 12:58:54.744  INFO  business.DeterministicIdentifierAPIImpl - hashing id: folder:site-1691153934539/folder1/subfolder1-1/subfolder1-1-3 to c84dc5511893967aac276f8e541a2ecc
2023-08-04 12:58:54,749 INFO  [com.dot.ContainerResource] (docker-java-stream-1865446083) STDOUT: 12:58:54.749  INFO  business.DeterministicIdentifierAPIImpl - hashing id: folder:site-1691153934539/folder1/subfolder1-2 to 3064e004bd1a3d396f5c51b3e4aa06a7
2023-08-04 12:58:54,753 INFO  [com.dot.ContainerResource] (docker-java-stream-1865446083) STDOUT: 12:58:54.753  INFO  business.DeterministicIdentifierAPIImpl - hashing id: folder:site-1691153934539/folder1/subfolder1-2/subfolder1-2-1 to 278a8dcf1312b6d7e36c4dbd9dc73a3d
2023-08-04 12:58:54,758 INFO  [com.dot.ContainerResource] (docker-java-stream-1865446083) STDOUT: 12:58:54.757  INFO  business.DeterministicIdentifierAPIImpl - hashing id: folder:site-1691153934539/folder1/subfolder1-2/subfolder1-2-2 to 37dcee3ba9c6df8c4119938776e59bee
2023-08-04 12:58:54,764 INFO  [com.dot.ContainerResource] (docker-java-stream-1865446083) STDOUT: 12:58:54.764  INFO  business.DeterministicIdentifierAPIImpl - hashing id: folder:site-1691153934539/folder1/subfolder1-2/subfolder1-2-3 to 33d8953785699987227bfc5ad764796b
2023-08-04 12:58:54,769 INFO  [com.dot.ContainerResource] (docker-java-stream-1865446083) STDOUT: 12:58:54.768  INFO  business.DeterministicIdentifierAPIImpl - hashing id: folder:site-1691153934539/folder1/subfolder1-3 to 3f817a1e4d764ba8d516c7e3d078efeb
2023-08-04 12:58:54,773 INFO  [com.dot.ContainerResource] (docker-java-stream-1865446083) STDOUT: 12:58:54.773  INFO  business.DeterministicIdentifierAPIImpl - hashing id: folder:site-1691153934539/folder2 to fb442828739c57883561ebe0ebeea4d7
2023-08-04 12:58:54,776 INFO  [com.dot.ContainerResource] (docker-java-stream-1865446083) STDOUT: 12:58:54.776  INFO  reindex.BulkProcessorListener - -----------
2023-08-04 12:58:54,776 INFO  [com.dot.ContainerResource] (docker-java-stream-1865446083) STDOUT: 12:58:54.776  INFO  reindex.BulkProcessorListener - Reindexing Server #  : 1 of 1
2023-08-04 12:58:54,778 INFO  [com.dot.ContainerResource] (docker-java-stream-1865446083) STDOUT: 12:58:54.777  INFO  business.DeterministicIdentifierAPIImpl - hashing id: folder:site-1691153934539/folder2/subfolder2-1 to f57ade27999d1788a4325d9bde0e0116
2023-08-04 12:58:54,780 INFO  [com.dot.ContainerResource] (docker-java-stream-1865446083) STDOUT: 12:58:54.780  INFO  reindex.BulkProcessorListener - Total Indexed        : 0
2023-08-04 12:58:54,781 INFO  [com.dot.ContainerResource] (docker-java-stream-1865446083) STDOUT: 12:58:54.781  INFO  reindex.BulkProcessorListener - ReindexEntries found : 1
2023-08-04 12:58:54,781 INFO  [com.dot.ContainerResource] (docker-java-stream-1865446083) STDOUT: 12:58:54.781  INFO  reindex.BulkProcessorListener - BulkRequests created : 2
2023-08-04 12:58:54,782 INFO  [com.dot.ContainerResource] (docker-java-stream-1865446083) STDOUT: 12:58:54.782  INFO  reindex.BulkProcessorListener - -----------
2023-08-04 12:58:54,783 INFO  [com.dot.ContainerResource] (docker-java-stream-1865446083) STDOUT: 12:58:54.782  INFO  business.DeterministicIdentifierAPIImpl - hashing id: folder:site-1691153934539/folder2/subfolder2-1/subfolder2-1-1 to 3f14e68228fc7505eeff7863329b0892
2023-08-04 12:58:54,796 INFO  [com.dot.ContainerResource] (docker-java-stream-1865446083) STDOUT: 12:58:54.796  WARN  client.RestClient - request [POST http://elasticsearch:9200/_bulk?timeout=1m] returned 1 warnings: [299 Elasticsearch-7.16.1-5b38441b16b1ebb16a27c107a4c3865776e20c53 "Elasticsearch built-in security features are not enabled. Without authentication, your cluster could be accessible to anyone. See https://www.elastic.co/guide/en/elasticsearch/reference/7.16/security-minimal-setup.html to enable security."]
2023-08-04 12:58:54,805 INFO  [com.dot.ContainerResource] (docker-java-stream-1865446083) STDOUT: 12:58:54.804  INFO  business.DeterministicIdentifierAPIImpl - hashing id: folder:site-1691153934539/folder2/subfolder2-1/subfolder2-1-2 to 766a39bb3bf92acb37b2b577dd50ec7b
2023-08-04 12:58:54,809 INFO  [com.dot.ContainerResource] (docker-java-stream-1865446083) STDOUT: 12:58:54.809  INFO  business.DeterministicIdentifierAPIImpl - hashing id: folder:site-1691153934539/folder2/subfolder2-1/subfolder2-1-3 to 8bd9731a2aa267f612409a5bb0bc1b7a
2023-08-04 12:58:54,815 INFO  [com.dot.ContainerResource] (docker-java-stream-1865446083) STDOUT: 12:58:54.814  INFO  business.DeterministicIdentifierAPIImpl - hashing id: folder:site-1691153934539/folder2/subfolder2-2 to 8341bbec454e9eb1e4b77d854f40bf0c
2023-08-04 12:58:54,819 INFO  [com.dot.ContainerResource] (docker-java-stream-1865446083) STDOUT: 12:58:54.819  INFO  business.DeterministicIdentifierAPIImpl - hashing id: folder:site-1691153934539/folder2/subfolder2-3 to b7c53ec094ab4b6482fa098d3169aa72
2023-08-04 12:58:54,824 INFO  [com.dot.ContainerResource] (docker-java-stream-1865446083) STDOUT: 12:58:54.824  INFO  business.DeterministicIdentifierAPIImpl - hashing id: folder:site-1691153934539/folder3 to 39c96952b5f32c883017630748d22b40
2023-08-04 12:58:54,835 INFO  [com.dot.ContainerResource] (docker-java-stream-1865446083) STDOUT: 12:58:54.835  INFO  asset.WebAssetResource - User [dotcms.org.1] is requesting assets info for path [//site-1691153934539/]
2023-08-04 12:58:54,847 INFO  [com.dot.ContainerResource] (docker-java-stream-1865446083) STDOUT: 12:58:54.846  WARN  client.RestClient - request [POST http://elasticsearch:9200/cluster_c40f8aa8c9.working_20230804125756/_search?typed_keys=true&max_concurrent_shard_requests=5&ignore_unavailable=false&expand_wildcards=open&allow_no_indices=true&ignore_throttled=true&search_type=query_then_fetch&batched_reduce_size=512&ccs_minimize_roundtrips=true] returned 2 warnings: [299 Elasticsearch-7.16.1-5b38441b16b1ebb16a27c107a4c3865776e20c53 "Elasticsearch built-in security features are not enabled. Without authentication, your cluster could be accessible to anyone. See https://www.elastic.co/guide/en/elasticsearch/reference/7.16/security-minimal-setup.html to enable security."],[299 Elasticsearch-7.16.1-5b38441b16b1ebb16a27c107a4c3865776e20c53 "[ignore_throttled] parameter is deprecated because frozen indices have been deprecated. Consider cold or frozen tiers in place of frozen indices."]
2023-08-04 12:58:54,859 INFO  [com.dot.ContainerResource] (docker-java-stream-1865446083) STDOUT: 12:58:54.858  INFO  asset.WebAssetResource - User [dotcms.org.1] is requesting assets info for path [//site-1691153934539/folder1]
2023-08-04 12:58:54,871 INFO  [com.dot.ContainerResource] (docker-java-stream-1865446083) STDOUT: 12:58:54.871  WARN  client.RestClient - request [POST http://elasticsearch:9200/cluster_c40f8aa8c9.working_20230804125756/_search?typed_keys=true&max_concurrent_shard_requests=5&ignore_unavailable=false&expand_wildcards=open&allow_no_indices=true&ignore_throttled=true&search_type=query_then_fetch&batched_reduce_size=512&ccs_minimize_roundtrips=true] returned 2 warnings: [299 Elasticsearch-7.16.1-5b38441b16b1ebb16a27c107a4c3865776e20c53 "Elasticsearch built-in security features are not enabled. Without authentication, your cluster could be accessible to anyone. See https://www.elastic.co/guide/en/elasticsearch/reference/7.16/security-minimal-setup.html to enable security."],[299 Elasticsearch-7.16.1-5b38441b16b1ebb16a27c107a4c3865776e20c53 "[ignore_throttled] parameter is deprecated because frozen indices have been deprecated. Consider cold or frozen tiers in place of frozen indices."]
2023-08-04 12:58:54,887 INFO  [com.dot.ContainerResource] (docker-java-stream-1865446083) STDOUT: 12:58:54.887  INFO  asset.WebAssetResource - User [dotcms.org.1] is requesting assets info for path [//site-1691153934539/folder2]
2023-08-04 12:58:54,896 INFO  [com.dot.ContainerResource] (docker-java-stream-1865446083) STDOUT: 12:58:54.896  WARN  client.RestClient - request [POST http://elasticsearch:9200/cluster_c40f8aa8c9.working_20230804125756/_search?typed_keys=true&max_concurrent_shard_requests=5&ignore_unavailable=false&expand_wildcards=open&allow_no_indices=true&ignore_throttled=true&search_type=query_then_fetch&batched_reduce_size=512&ccs_minimize_roundtrips=true] returned 2 warnings: [299 Elasticsearch-7.16.1-5b38441b16b1ebb16a27c107a4c3865776e20c53 "Elasticsearch built-in security features are not enabled. Without authentication, your cluster could be accessible to anyone. See https://www.elastic.co/guide/en/elasticsearch/reference/7.16/security-minimal-setup.html to enable security."],[299 Elasticsearch-7.16.1-5b38441b16b1ebb16a27c107a4c3865776e20c53 "[ignore_throttled] parameter is deprecated because frozen indices have been deprecated. Consider cold or frozen tiers in place of frozen indices."]
2023-08-04 12:58:54,906 INFO  [com.dot.ContainerResource] (docker-java-stream-1865446083) STDOUT: 12:58:54.905  INFO  asset.WebAssetResource - User [dotcms.org.1] is requesting assets info for path [//site-1691153934539/folder3]
2023-08-04 12:58:54,910 INFO  [com.dot.ContainerResource] (docker-java-stream-1865446083) STDOUT: 12:58:54.910  INFO  asset.WebAssetResource - User [dotcms.org.1] is requesting assets info for path [//site-1691153934539/folder1/subFolder1-1]
2023-08-04 12:58:54,917 INFO  [com.dot.ContainerResource] (docker-java-stream-1865446083) STDOUT: 12:58:54.917  WARN  client.RestClient - request [POST http://elasticsearch:9200/cluster_c40f8aa8c9.working_20230804125756/_search?typed_keys=true&max_concurrent_shard_requests=5&ignore_unavailable=false&expand_wildcards=open&allow_no_indices=true&ignore_throttled=true&search_type=query_then_fetch&batched_reduce_size=512&ccs_minimize_roundtrips=true] returned 2 warnings: [299 Elasticsearch-7.16.1-5b38441b16b1ebb16a27c107a4c3865776e20c53 "Elasticsearch built-in security features are not enabled. Without authentication, your cluster could be accessible to anyone. See https://www.elastic.co/guide/en/elasticsearch/reference/7.16/security-minimal-setup.html to enable security."],[299 Elasticsearch-7.16.1-5b38441b16b1ebb16a27c107a4c3865776e20c53 "[ignore_throttled] parameter is deprecated because frozen indices have been deprecated. Consider cold or frozen tiers in place of frozen indices."]
2023-08-04 12:58:54,918 INFO  [com.dot.ContainerResource] (docker-java-stream-1865446083) STDOUT: 12:58:54.918  WARN  client.RestClient - request [POST http://elasticsearch:9200/cluster_c40f8aa8c9.working_20230804125756/_search?typed_keys=true&max_concurrent_shard_requests=5&ignore_unavailable=false&expand_wildcards=open&allow_no_indices=true&ignore_throttled=true&search_type=query_then_fetch&batched_reduce_size=512&ccs_minimize_roundtrips=true] returned 2 warnings: [299 Elasticsearch-7.16.1-5b38441b16b1ebb16a27c107a4c3865776e20c53 "Elasticsearch built-in security features are not enabled. Without authentication, your cluster could be accessible to anyone. See https://www.elastic.co/guide/en/elasticsearch/reference/7.16/security-minimal-setup.html to enable security."],[299 Elasticsearch-7.16.1-5b38441b16b1ebb16a27c107a4c3865776e20c53 "[ignore_throttled] parameter is deprecated because frozen indices have been deprecated. Consider cold or frozen tiers in place of frozen indices."]
2023-08-04 12:58:54,942 INFO  [com.dot.ContainerResource] (docker-java-stream-1865446083) STDOUT: 12:58:54.941  INFO  asset.WebAssetResource - User [dotcms.org.1] is requesting assets info for path [//site-1691153934539/folder1/subFolder1-2]
2023-08-04 12:58:54,956 INFO  [com.dot.ContainerResource] (docker-java-stream-1865446083) STDOUT: 12:58:54.955  WARN  client.RestClient - request [POST http://elasticsearch:9200/cluster_c40f8aa8c9.working_20230804125756/_search?typed_keys=true&max_concurrent_shard_requests=5&ignore_unavailable=false&expand_wildcards=open&allow_no_indices=true&ignore_throttled=true&search_type=query_then_fetch&batched_reduce_size=512&ccs_minimize_roundtrips=true] returned 2 warnings: [299 Elasticsearch-7.16.1-5b38441b16b1ebb16a27c107a4c3865776e20c53 "Elasticsearch built-in security features are not enabled. Without authentication, your cluster could be accessible to anyone. See https://www.elastic.co/guide/en/elasticsearch/reference/7.16/security-minimal-setup.html to enable security."],[299 Elasticsearch-7.16.1-5b38441b16b1ebb16a27c107a4c3865776e20c53 "[ignore_throttled] parameter is deprecated because frozen indices have been deprecated. Consider cold or frozen tiers in place of frozen indices."]
2023-08-04 12:58:54,970 INFO  [com.dot.ContainerResource] (docker-java-stream-1865446083) STDOUT: 12:58:54.970  INFO  asset.WebAssetResource - User [dotcms.org.1] is requesting assets info for path [//site-1691153934539/folder1/subFolder1-3]
2023-08-04 12:58:54,981 INFO  [com.dot.ContainerResource] (docker-java-stream-1865446083) STDOUT: 12:58:54.981  WARN  client.RestClient - request [POST http://elasticsearch:9200/cluster_c40f8aa8c9.working_20230804125756/_search?typed_keys=true&max_concurrent_shard_requests=5&ignore_unavailable=false&expand_wildcards=open&allow_no_indices=true&ignore_throttled=true&search_type=query_then_fetch&batched_reduce_size=512&ccs_minimize_roundtrips=true] returned 2 warnings: [299 Elasticsearch-7.16.1-5b38441b16b1ebb16a27c107a4c3865776e20c53 "Elasticsearch built-in security features are not enabled. Without authentication, your cluster could be accessible to anyone. See https://www.elastic.co/guide/en/elasticsearch/reference/7.16/security-minimal-setup.html to enable security."],[299 Elasticsearch-7.16.1-5b38441b16b1ebb16a27c107a4c3865776e20c53 "[ignore_throttled] parameter is deprecated because frozen indices have been deprecated. Consider cold or frozen tiers in place of frozen indices."]
2023-08-04 12:58:54,991 INFO  [com.dot.ContainerResource] (docker-java-stream-1865446083) STDOUT: 12:58:54.991  INFO  asset.WebAssetResource - User [dotcms.org.1] is requesting assets info for path [//site-1691153934539/folder1/subFolder1-1/subFolder1-1-1]
2023-08-04 12:58:55,008 INFO  [com.dot.ContainerResource] (docker-java-stream-1865446083) STDOUT: 12:58:55.005  WARN  client.RestClient - request [POST http://elasticsearch:9200/cluster_c40f8aa8c9.working_20230804125756/_search?typed_keys=true&max_concurrent_shard_requests=5&ignore_unavailable=false&expand_wildcards=open&allow_no_indices=true&ignore_throttled=true&search_type=query_then_fetch&batched_reduce_size=512&ccs_minimize_roundtrips=true] returned 2 warnings: [299 Elasticsearch-7.16.1-5b38441b16b1ebb16a27c107a4c3865776e20c53 "Elasticsearch built-in security features are not enabled. Without authentication, your cluster could be accessible to anyone. See https://www.elastic.co/guide/en/elasticsearch/reference/7.16/security-minimal-setup.html to enable security."],[299 Elasticsearch-7.16.1-5b38441b16b1ebb16a27c107a4c3865776e20c53 "[ignore_throttled] parameter is deprecated because frozen indices have been deprecated. Consider cold or frozen tiers in place of frozen indices."]
2023-08-04 12:58:55,026 INFO  [com.dot.ContainerResource] (docker-java-stream-1865446083) STDOUT: 12:58:55.023  INFO  asset.WebAssetResource - User [dotcms.org.1] is requesting assets info for path [//site-1691153934539/folder1/subFolder1-1/subFolder1-1-2]
2023-08-04 12:58:55,036 INFO  [com.dot.ContainerResource] (docker-java-stream-1865446083) STDOUT: 12:58:55.035  WARN  client.RestClient - request [POST http://elasticsearch:9200/cluster_c40f8aa8c9.working_20230804125756/_search?typed_keys=true&max_concurrent_shard_requests=5&ignore_unavailable=false&expand_wildcards=open&allow_no_indices=true&ignore_throttled=true&search_type=query_then_fetch&batched_reduce_size=512&ccs_minimize_roundtrips=true] returned 2 warnings: [299 Elasticsearch-7.16.1-5b38441b16b1ebb16a27c107a4c3865776e20c53 "Elasticsearch built-in security features are not enabled. Without authentication, your cluster could be accessible to anyone. See https://www.elastic.co/guide/en/elasticsearch/reference/7.16/security-minimal-setup.html to enable security."],[299 Elasticsearch-7.16.1-5b38441b16b1ebb16a27c107a4c3865776e20c53 "[ignore_throttled] parameter is deprecated because frozen indices have been deprecated. Consider cold or frozen tiers in place of frozen indices."]
2023-08-04 12:58:55,048 INFO  [com.dot.ContainerResource] (docker-java-stream-1865446083) STDOUT: 12:58:55.047  INFO  asset.WebAssetResource - User [dotcms.org.1] is requesting assets info for path [//site-1691153934539/folder1/subFolder1-1/subFolder1-1-3]
2023-08-04 12:58:55,057 INFO  [com.dot.ContainerResource] (docker-java-stream-1865446083) STDOUT: 12:58:55.057  WARN  client.RestClient - request [POST http://elasticsearch:9200/cluster_c40f8aa8c9.working_20230804125756/_search?typed_keys=true&max_concurrent_shard_requests=5&ignore_unavailable=false&expand_wildcards=open&allow_no_indices=true&ignore_throttled=true&search_type=query_then_fetch&batched_reduce_size=512&ccs_minimize_roundtrips=true] returned 2 warnings: [299 Elasticsearch-7.16.1-5b38441b16b1ebb16a27c107a4c3865776e20c53 "Elasticsearch built-in security features are not enabled. Without authentication, your cluster could be accessible to anyone. See https://www.elastic.co/guide/en/elasticsearch/reference/7.16/security-minimal-setup.html to enable security."],[299 Elasticsearch-7.16.1-5b38441b16b1ebb16a27c107a4c3865776e20c53 "[ignore_throttled] parameter is deprecated because frozen indices have been deprecated. Consider cold or frozen tiers in place of frozen indices."]
2023-08-04 12:58:55,074 INFO  [com.dot.ContainerResource] (docker-java-stream-1865446083) STDOUT: 12:58:55.072  INFO  asset.WebAssetResource - User [dotcms.org.1] is requesting assets info for path [//site-1691153934539/folder1/subFolder1-2/subFolder1-2-1]
2023-08-04 12:58:55,093 INFO  [com.dot.ContainerResource] (docker-java-stream-1865446083) STDOUT: 12:58:55.089  WARN  client.RestClient - request [POST http://elasticsearch:9200/cluster_c40f8aa8c9.working_20230804125756/_search?typed_keys=true&max_concurrent_shard_requests=5&ignore_unavailable=false&expand_wildcards=open&allow_no_indices=true&ignore_throttled=true&search_type=query_then_fetch&batched_reduce_size=512&ccs_minimize_roundtrips=true] returned 2 warnings: [299 Elasticsearch-7.16.1-5b38441b16b1ebb16a27c107a4c3865776e20c53 "Elasticsearch built-in security features are not enabled. Without authentication, your cluster could be accessible to anyone. See https://www.elastic.co/guide/en/elasticsearch/reference/7.16/security-minimal-setup.html to enable security."],[299 Elasticsearch-7.16.1-5b38441b16b1ebb16a27c107a4c3865776e20c53 "[ignore_throttled] parameter is deprecated because frozen indices have been deprecated. Consider cold or frozen tiers in place of frozen indices."]
2023-08-04 12:58:55,109 INFO  [com.dot.ContainerResource] (docker-java-stream-1865446083) STDOUT: 12:58:55.108  INFO  asset.WebAssetResource - User [dotcms.org.1] is requesting assets info for path [//site-1691153934539/folder1/subFolder1-2/subFolder1-2-2]
2023-08-04 12:58:55,123 INFO  [com.dot.ContainerResource] (docker-java-stream-1865446083) STDOUT: 12:58:55.122  WARN  client.RestClient - request [POST http://elasticsearch:9200/cluster_c40f8aa8c9.working_20230804125756/_search?typed_keys=true&max_concurrent_shard_requests=5&ignore_unavailable=false&expand_wildcards=open&allow_no_indices=true&ignore_throttled=true&search_type=query_then_fetch&batched_reduce_size=512&ccs_minimize_roundtrips=true] returned 2 warnings: [299 Elasticsearch-7.16.1-5b38441b16b1ebb16a27c107a4c3865776e20c53 "Elasticsearch built-in security features are not enabled. Without authentication, your cluster could be accessible to anyone. See https://www.elastic.co/guide/en/elasticsearch/reference/7.16/security-minimal-setup.html to enable security."],[299 Elasticsearch-7.16.1-5b38441b16b1ebb16a27c107a4c3865776e20c53 "[ignore_throttled] parameter is deprecated because frozen indices have been deprecated. Consider cold or frozen tiers in place of frozen indices."]
2023-08-04 12:58:55,134 INFO  [com.dot.ContainerResource] (docker-java-stream-1865446083) STDOUT: 12:58:55.132  INFO  asset.WebAssetResource - User [dotcms.org.1] is requesting assets info for path [//site-1691153934539/folder1/subFolder1-2/subFolder1-2-3]
2023-08-04 12:58:55,148 INFO  [com.dot.ContainerResource] (docker-java-stream-1865446083) STDOUT: 12:58:55.143  WARN  client.RestClient - request [POST http://elasticsearch:9200/cluster_c40f8aa8c9.working_20230804125756/_search?typed_keys=true&max_concurrent_shard_requests=5&ignore_unavailable=false&expand_wildcards=open&allow_no_indices=true&ignore_throttled=true&search_type=query_then_fetch&batched_reduce_size=512&ccs_minimize_roundtrips=true] returned 2 warnings: [299 Elasticsearch-7.16.1-5b38441b16b1ebb16a27c107a4c3865776e20c53 "Elasticsearch built-in security features are not enabled. Without authentication, your cluster could be accessible to anyone. See https://www.elastic.co/guide/en/elasticsearch/reference/7.16/security-minimal-setup.html to enable security."],[299 Elasticsearch-7.16.1-5b38441b16b1ebb16a27c107a4c3865776e20c53 "[ignore_throttled] parameter is deprecated because frozen indices have been deprecated. Consider cold or frozen tiers in place of frozen indices."]
2023-08-04 12:58:55,159 INFO  [com.dot.ContainerResource] (docker-java-stream-1865446083) STDOUT: 12:58:55.159  INFO  asset.WebAssetResource - User [dotcms.org.1] is requesting assets info for path [//site-1691153934539/folder2/subFolder2-1]
2023-08-04 12:58:55,174 INFO  [com.dot.ContainerResource] (docker-java-stream-1865446083) STDOUT: 12:58:55.172  WARN  client.RestClient - request [POST http://elasticsearch:9200/cluster_c40f8aa8c9.working_20230804125756/_search?typed_keys=true&max_concurrent_shard_requests=5&ignore_unavailable=false&expand_wildcards=open&allow_no_indices=true&ignore_throttled=true&search_type=query_then_fetch&batched_reduce_size=512&ccs_minimize_roundtrips=true] returned 2 warnings: [299 Elasticsearch-7.16.1-5b38441b16b1ebb16a27c107a4c3865776e20c53 "Elasticsearch built-in security features are not enabled. Without authentication, your cluster could be accessible to anyone. See https://www.elastic.co/guide/en/elasticsearch/reference/7.16/security-minimal-setup.html to enable security."],[299 Elasticsearch-7.16.1-5b38441b16b1ebb16a27c107a4c3865776e20c53 "[ignore_throttled] parameter is deprecated because frozen indices have been deprecated. Consider cold or frozen tiers in place of frozen indices."]
2023-08-04 12:58:55,189 INFO  [com.dot.ContainerResource] (docker-java-stream-1865446083) STDOUT: 12:58:55.189  INFO  asset.WebAssetResource - User [dotcms.org.1] is requesting assets info for path [//site-1691153934539/folder2/subFolder2-2]
2023-08-04 12:58:55,200 INFO  [com.dot.ContainerResource] (docker-java-stream-1865446083) STDOUT: 12:58:55.200  WARN  client.RestClient - request [POST http://elasticsearch:9200/cluster_c40f8aa8c9.working_20230804125756/_search?typed_keys=true&max_concurrent_shard_requests=5&ignore_unavailable=false&expand_wildcards=open&allow_no_indices=true&ignore_throttled=true&search_type=query_then_fetch&batched_reduce_size=512&ccs_minimize_roundtrips=true] returned 2 warnings: [299 Elasticsearch-7.16.1-5b38441b16b1ebb16a27c107a4c3865776e20c53 "Elasticsearch built-in security features are not enabled. Without authentication, your cluster could be accessible to anyone. See https://www.elastic.co/guide/en/elasticsearch/reference/7.16/security-minimal-setup.html to enable security."],[299 Elasticsearch-7.16.1-5b38441b16b1ebb16a27c107a4c3865776e20c53 "[ignore_throttled] parameter is deprecated because frozen indices have been deprecated. Consider cold or frozen tiers in place of frozen indices."]
2023-08-04 12:58:55,208 INFO  [com.dot.ContainerResource] (docker-java-stream-1865446083) STDOUT: 12:58:55.208  INFO  asset.WebAssetResource - User [dotcms.org.1] is requesting assets info for path [//site-1691153934539/folder2/subFolder2-3]
2023-08-04 12:58:55,217 INFO  [com.dot.ContainerResource] (docker-java-stream-1865446083) STDOUT: 12:58:55.216  WARN  client.RestClient - request [POST http://elasticsearch:9200/cluster_c40f8aa8c9.working_20230804125756/_search?typed_keys=true&max_concurrent_shard_requests=5&ignore_unavailable=false&expand_wildcards=open&allow_no_indices=true&ignore_throttled=true&search_type=query_then_fetch&batched_reduce_size=512&ccs_minimize_roundtrips=true] returned 2 warnings: [299 Elasticsearch-7.16.1-5b38441b16b1ebb16a27c107a4c3865776e20c53 "Elasticsearch built-in security features are not enabled. Without authentication, your cluster could be accessible to anyone. See https://www.elastic.co/guide/en/elasticsearch/reference/7.16/security-minimal-setup.html to enable security."],[299 Elasticsearch-7.16.1-5b38441b16b1ebb16a27c107a4c3865776e20c53 "[ignore_throttled] parameter is deprecated because frozen indices have been deprecated. Consider cold or frozen tiers in place of frozen indices."]
2023-08-04 12:58:55,254 INFO  [com.dot.ContainerResource] (docker-java-stream-1865446083) STDOUT: 12:58:55.254  INFO  asset.WebAssetResource - User [dotcms.org.1] is requesting assets info for path [//site-1691153934539/folder2/subFolder2-1/subFolder2-1-1]
2023-08-04 12:58:55,267 INFO  [com.dot.ContainerResource] (docker-java-stream-1865446083) STDOUT: 12:58:55.266  WARN  client.RestClient - request [POST http://elasticsearch:9200/cluster_c40f8aa8c9.working_20230804125756/_search?typed_keys=true&max_concurrent_shard_requests=5&ignore_unavailable=false&expand_wildcards=open&allow_no_indices=true&ignore_throttled=true&search_type=query_then_fetch&batched_reduce_size=512&ccs_minimize_roundtrips=true] returned 2 warnings: [299 Elasticsearch-7.16.1-5b38441b16b1ebb16a27c107a4c3865776e20c53 "Elasticsearch built-in security features are not enabled. Without authentication, your cluster could be accessible to anyone. See https://www.elastic.co/guide/en/elasticsearch/reference/7.16/security-minimal-setup.html to enable security."],[299 Elasticsearch-7.16.1-5b38441b16b1ebb16a27c107a4c3865776e20c53 "[ignore_throttled] parameter is deprecated because frozen indices have been deprecated. Consider cold or frozen tiers in place of frozen indices."]
2023-08-04 12:58:55,289 INFO  [com.dot.ContainerResource] (docker-java-stream-1865446083) STDOUT: 12:58:55.289  INFO  asset.WebAssetResource - User [dotcms.org.1] is requesting assets info for path [//site-1691153934539/folder2/subFolder2-1/subFolder2-1-2]
2023-08-04 12:58:55,295 INFO  [com.dot.ContainerResource] (docker-java-stream-1865446083) STDOUT: 12:58:55.295  WARN  client.RestClient - request [POST http://elasticsearch:9200/cluster_c40f8aa8c9.working_20230804125756/_search?typed_keys=true&max_concurrent_shard_requests=5&ignore_unavailable=false&expand_wildcards=open&allow_no_indices=true&ignore_throttled=true&search_type=query_then_fetch&batched_reduce_size=512&ccs_minimize_roundtrips=true] returned 2 warnings: [299 Elasticsearch-7.16.1-5b38441b16b1ebb16a27c107a4c3865776e20c53 "Elasticsearch built-in security features are not enabled. Without authentication, your cluster could be accessible to anyone. See https://www.elastic.co/guide/en/elasticsearch/reference/7.16/security-minimal-setup.html to enable security."],[299 Elasticsearch-7.16.1-5b38441b16b1ebb16a27c107a4c3865776e20c53 "[ignore_throttled] parameter is deprecated because frozen indices have been deprecated. Consider cold or frozen tiers in place of frozen indices."]
2023-08-04 12:58:55,308 INFO  [com.dot.ContainerResource] (docker-java-stream-1865446083) STDOUT: 12:58:55.308  INFO  asset.WebAssetResource - User [dotcms.org.1] is requesting assets info for path [//site-1691153934539/folder2/subFolder2-1/subFolder2-1-3]
2023-08-04 12:58:55,319 INFO  [com.dot.ContainerResource] (docker-java-stream-1865446083) STDOUT: 12:58:55.319  WARN  client.RestClient - request [POST http://elasticsearch:9200/cluster_c40f8aa8c9.working_20230804125756/_search?typed_keys=true&max_concurrent_shard_requests=5&ignore_unavailable=false&expand_wildcards=open&allow_no_indices=true&ignore_throttled=true&search_type=query_then_fetch&batched_reduce_size=512&ccs_minimize_roundtrips=true] returned 2 warnings: [299 Elasticsearch-7.16.1-5b38441b16b1ebb16a27c107a4c3865776e20c53 "Elasticsearch built-in security features are not enabled. Without authentication, your cluster could be accessible to anyone. See https://www.elastic.co/guide/en/elasticsearch/reference/7.16/security-minimal-setup.html to enable security."],[299 Elasticsearch-7.16.1-5b38441b16b1ebb16a27c107a4c3865776e20c53 "[ignore_throttled] parameter is deprecated because frozen indices have been deprecated. Consider cold or frozen tiers in place of frozen indices."]
]]></system-out>
  </testcase>
  <testcase name="Test_Folders_Check" classname="com.dotcms.api.traversal.FolderTraversalServiceIntegrationTest" time="1.479">
    <system-out><![CDATA[2023-08-04 12:58:56,093 INFO  [com.dot.ContainerResource] (docker-java-stream-1865446083) STDOUT: 12:58:56.092  INFO  util.SecurityLogger - class com.dotcms.cms.login.LoginServiceAPIFactory$LoginServiceImpl : User dotcms.org.1 has successfully login from IP: 172.19.0.1 -- ip:172.19.0.1,user:Admin User [ID: dotcms.org.1][email:admin@dotcms.com]
2023-08-04 12:58:56,093 INFO  [com.dot.ContainerResource] (docker-java-stream-1865446083) STDOUT: 12:58:56.092  INFO  util.SecurityLogger - class com.dotcms.rest.api.v1.authentication.CreateJsonWebTokenResource : A Json Web Token admin@dotcms.com is being created from IP: 172.19.0.1 -- ip:172.19.0.1,user:Admin User [ID: dotcms.org.1][email:admin@dotcms.com]
2023-08-04 12:58:56,108 INFO  [com.dot.ContainerResource] (docker-java-stream-1865446083) STDOUT: 12:58:56.108  INFO  util.ActivityLogger - class com.dotcms.content.elasticsearch.business.ESContentletAPIImpl: system : Saving Content , StartDate: N/D; EndDate: N/D; User:dotcms.org.1; ContentIdentifier: 
2023-08-04 12:58:56,114 INFO  [com.dot.ContainerResource] (docker-java-stream-1865446083) STDOUT: 12:58:56.113  WARN  client.RestClient - request [POST http://elasticsearch:9200/cluster_c40f8aa8c9.working_20230804125756/_search?typed_keys=true&max_concurrent_shard_requests=5&ignore_unavailable=false&expand_wildcards=open&allow_no_indices=true&ignore_throttled=true&search_type=query_then_fetch&batched_reduce_size=512&ccs_minimize_roundtrips=true] returned 2 warnings: [299 Elasticsearch-7.16.1-5b38441b16b1ebb16a27c107a4c3865776e20c53 "Elasticsearch built-in security features are not enabled. Without authentication, your cluster could be accessible to anyone. See https://www.elastic.co/guide/en/elasticsearch/reference/7.16/security-minimal-setup.html to enable security."],[299 Elasticsearch-7.16.1-5b38441b16b1ebb16a27c107a4c3865776e20c53 "[ignore_throttled] parameter is deprecated because frozen indices have been deprecated. Consider cold or frozen tiers in place of frozen indices."]
2023-08-04 12:58:56,118 INFO  [com.dot.ContainerResource] (docker-java-stream-1865446083) STDOUT: 12:58:56.118  WARN  client.RestClient - request [POST http://elasticsearch:9200/cluster_c40f8aa8c9.live_20230804125756/_search?typed_keys=true&max_concurrent_shard_requests=5&ignore_unavailable=false&expand_wildcards=open&allow_no_indices=true&ignore_throttled=true&search_type=query_then_fetch&batched_reduce_size=512&ccs_minimize_roundtrips=true] returned 2 warnings: [299 Elasticsearch-7.16.1-5b38441b16b1ebb16a27c107a4c3865776e20c53 "Elasticsearch built-in security features are not enabled. Without authentication, your cluster could be accessible to anyone. See https://www.elastic.co/guide/en/elasticsearch/reference/7.16/security-minimal-setup.html to enable security."],[299 Elasticsearch-7.16.1-5b38441b16b1ebb16a27c107a4c3865776e20c53 "[ignore_throttled] parameter is deprecated because frozen indices have been deprecated. Consider cold or frozen tiers in place of frozen indices."]
2023-08-04 12:58:56,120 INFO  [com.dot.ContainerResource] (docker-java-stream-1865446083) STDOUT: 12:58:56.120  INFO  business.IdentifierAPIImpl - Creating new identifier for versionable asset of type `content` and title `site-1691153936100` 
2023-08-04 12:58:56,120 INFO  [com.dot.ContainerResource] (docker-java-stream-1865446083) STDOUT: 12:58:56.120  INFO  business.DeterministicIdentifierAPIImpl - hashing id: host:system host/site-1691153936100 to 912113e40aabd66f142cfc833434b673
2023-08-04 12:58:56,152 INFO  [com.dot.ContainerResource] (docker-java-stream-1865446083) STDOUT: 12:58:56.152  INFO  business.ContentletIndexAPIImpl - Indexing: 912113e40aabd66f142cfc833434b673 : site-1691153936100, includeDependencies: true, policy: DEFER
2023-08-04 12:58:56,153 INFO  [com.dot.ContainerResource] (docker-java-stream-1865446083) STDOUT: 12:58:56.152  INFO  reindex.ReindexQueueAPIImpl - addIdentifierReindex: 912113e40aabd66f142cfc833434b673
2023-08-04 12:58:56,184 INFO  [com.dot.ContainerResource] (docker-java-stream-1865446083) STDOUT: 12:58:56.184  INFO  util.ActivityLogger - class com.dotcms.content.elasticsearch.business.ESContentletAPIImpl: System Host : Content Saved , StartDate: N/D; EndDate: N/D; User:dotcms.org.1; ContentIdentifier: 912113e40aabd66f142cfc833434b673
2023-08-04 12:58:56,187 INFO  [com.dot.ContainerResource] (docker-java-stream-1865446083) STDOUT: 12:58:56.187  INFO  reindex.ReindexThread - --- Unpausing reindex thread 
2023-08-04 12:58:56,216 INFO  [com.dot.ContainerResource] (docker-java-stream-1865446083) STDOUT: 12:58:56.215  INFO  util.ActivityLogger - class com.dotcms.content.elasticsearch.business.ESContentletAPIImpl: System Host : Publishing Content , StartDate: N/D; EndDate: N/D; User:dotcms.org.1; ContentIdentifier: 912113e40aabd66f142cfc833434b673
2023-08-04 12:58:56,217 INFO  [com.dot.ContainerResource] (docker-java-stream-1865446083) STDOUT: 12:58:56.217  INFO  business.ContentletIndexAPIImpl - Indexing: 912113e40aabd66f142cfc833434b673 : site-1691153936100, includeDependencies: true, policy: DEFER
2023-08-04 12:58:56,218 INFO  [com.dot.ContainerResource] (docker-java-stream-1865446083) STDOUT: 12:58:56.218  INFO  reindex.ReindexQueueAPIImpl - addIdentifierReindex: 912113e40aabd66f142cfc833434b673
2023-08-04 12:58:56,245 INFO  [com.dot.ContainerResource] (docker-java-stream-1865446083) STDOUT: 12:58:56.244  INFO  util.ActivityLogger - class com.dotcms.content.elasticsearch.business.ESContentletAPIImpl: System Host : Content Published , StartDate: N/D; EndDate: N/D; User:dotcms.org.1; ContentIdentifier: 912113e40aabd66f142cfc833434b673
2023-08-04 12:58:56,261 INFO  [com.dot.ContainerResource] (docker-java-stream-1865446083) STDOUT: 12:58:56.261  INFO  business.DeterministicIdentifierAPIImpl - hashing id: folder:site-1691153936100/folder1 to 974029a5e0ffefffca5455beb53a54f0
2023-08-04 12:58:56,266 INFO  [com.dot.ContainerResource] (docker-java-stream-1865446083) STDOUT: 12:58:56.266  INFO  business.DeterministicIdentifierAPIImpl - hashing id: folder:site-1691153936100/folder1/subfolder1-1 to cf07493682c7232b32d822673aa042bc
2023-08-04 12:58:56,271 INFO  [com.dot.ContainerResource] (docker-java-stream-1865446083) STDOUT: 12:58:56.271  INFO  business.DeterministicIdentifierAPIImpl - hashing id: folder:site-1691153936100/folder1/subfolder1-1/subfolder1-1-1 to 49348d5cd2612d74a473d1356fcdd8e8
2023-08-04 12:58:56,277 INFO  [com.dot.ContainerResource] (docker-java-stream-1865446083) STDOUT: 12:58:56.277  INFO  business.DeterministicIdentifierAPIImpl - hashing id: folder:site-1691153936100/folder1/subfolder1-1/subfolder1-1-2 to dccbe635c18a42aea64bb46534926b6b
2023-08-04 12:58:56,282 INFO  [com.dot.ContainerResource] (docker-java-stream-1865446083) STDOUT: 12:58:56.282  INFO  business.DeterministicIdentifierAPIImpl - hashing id: folder:site-1691153936100/folder1/subfolder1-1/subfolder1-1-3 to 6be6145011986d6a5147827398453a05
2023-08-04 12:58:56,288 INFO  [com.dot.ContainerResource] (docker-java-stream-1865446083) STDOUT: 12:58:56.288  INFO  business.DeterministicIdentifierAPIImpl - hashing id: folder:site-1691153936100/folder1/subfolder1-2 to 340bd340dcd7e462d9235c84d57d0b36
2023-08-04 12:58:56,293 INFO  [com.dot.ContainerResource] (docker-java-stream-1865446083) STDOUT: 12:58:56.292  INFO  business.DeterministicIdentifierAPIImpl - hashing id: folder:site-1691153936100/folder1/subfolder1-2/subfolder1-2-1 to 9411233dd7bd674d276bbca2a2648283
2023-08-04 12:58:56,300 INFO  [com.dot.ContainerResource] (docker-java-stream-1865446083) STDOUT: 12:58:56.300  INFO  business.DeterministicIdentifierAPIImpl - hashing id: folder:site-1691153936100/folder1/subfolder1-2/subfolder1-2-2 to 5ada83de63b867c14e6c2fb307379486
2023-08-04 12:58:56,301 INFO  [com.dot.ContainerResource] (docker-java-stream-1865446083) STDOUT: 12:58:56.301  INFO  reindex.ReindexThread - --- ReindexThread Paused (every 3600000 millis)
2023-08-04 12:58:56,306 INFO  [com.dot.ContainerResource] (docker-java-stream-1865446083) STDOUT: 12:58:56.305  INFO  business.DeterministicIdentifierAPIImpl - hashing id: folder:site-1691153936100/folder1/subfolder1-2/subfolder1-2-3 to c93a8f8afe3db456c3b88800fa491908
2023-08-04 12:58:56,314 INFO  [com.dot.ContainerResource] (docker-java-stream-1865446083) STDOUT: 12:58:56.314  INFO  business.DeterministicIdentifierAPIImpl - hashing id: folder:site-1691153936100/folder1/subfolder1-3 to 40d03da563f927554bddbb054995910c
2023-08-04 12:58:56,316 INFO  [com.dot.ContainerResource] (docker-java-stream-1865446083) STDOUT: 12:58:56.316  INFO  reindex.BulkProcessorListener - -----------
2023-08-04 12:58:56,316 INFO  [com.dot.ContainerResource] (docker-java-stream-1865446083) STDOUT: 12:58:56.316  INFO  reindex.BulkProcessorListener - Reindexing Server #  : 1 of 1
2023-08-04 12:58:56,316 INFO  [com.dot.ContainerResource] (docker-java-stream-1865446083) STDOUT: 12:58:56.316  INFO  reindex.BulkProcessorListener - Total Indexed        : 0
2023-08-04 12:58:56,317 INFO  [com.dot.ContainerResource] (docker-java-stream-1865446083) STDOUT: 12:58:56.316  INFO  reindex.BulkProcessorListener - ReindexEntries found : 1
2023-08-04 12:58:56,317 INFO  [com.dot.ContainerResource] (docker-java-stream-1865446083) STDOUT: 12:58:56.316  INFO  reindex.BulkProcessorListener - BulkRequests created : 2
2023-08-04 12:58:56,317 INFO  [com.dot.ContainerResource] (docker-java-stream-1865446083) STDOUT: 12:58:56.316  INFO  reindex.BulkProcessorListener - -----------
2023-08-04 12:58:56,328 INFO  [com.dot.ContainerResource] (docker-java-stream-1865446083) STDOUT: 12:58:56.328  WARN  client.RestClient - request [POST http://elasticsearch:9200/_bulk?timeout=1m] returned 1 warnings: [299 Elasticsearch-7.16.1-5b38441b16b1ebb16a27c107a4c3865776e20c53 "Elasticsearch built-in security features are not enabled. Without authentication, your cluster could be accessible to anyone. See https://www.elastic.co/guide/en/elasticsearch/reference/7.16/security-minimal-setup.html to enable security."]
2023-08-04 12:58:56,345 INFO  [com.dot.ContainerResource] (docker-java-stream-1865446083) STDOUT: 12:58:56.344  INFO  business.DeterministicIdentifierAPIImpl - hashing id: folder:site-1691153936100/folder2 to 2044c4c3fb476e59bbe0af86a8080300
2023-08-04 12:58:56,361 INFO  [com.dot.ContainerResource] (docker-java-stream-1865446083) STDOUT: 12:58:56.360  INFO  business.DeterministicIdentifierAPIImpl - hashing id: folder:site-1691153936100/folder2/subfolder2-1 to cc00dae3f2739d95cb991e06039e8676
2023-08-04 12:58:56,369 INFO  [com.dot.ContainerResource] (docker-java-stream-1865446083) STDOUT: 12:58:56.368  INFO  business.DeterministicIdentifierAPIImpl - hashing id: folder:site-1691153936100/folder2/subfolder2-1/subfolder2-1-1 to e39934c775cf0a1bf297c290e3c05c2c
2023-08-04 12:58:56,377 INFO  [com.dot.ContainerResource] (docker-java-stream-1865446083) STDOUT: 12:58:56.377  INFO  business.DeterministicIdentifierAPIImpl - hashing id: folder:site-1691153936100/folder2/subfolder2-1/subfolder2-1-2 to dde0062ee3937fab43038f79f00b818d
2023-08-04 12:58:56,387 INFO  [com.dot.ContainerResource] (docker-java-stream-1865446083) STDOUT: 12:58:56.387  INFO  business.DeterministicIdentifierAPIImpl - hashing id: folder:site-1691153936100/folder2/subfolder2-1/subfolder2-1-3 to 26b017031946b67b6749ce39ee60cf67
2023-08-04 12:58:56,401 INFO  [com.dot.ContainerResource] (docker-java-stream-1865446083) STDOUT: 12:58:56.401  INFO  business.DeterministicIdentifierAPIImpl - hashing id: folder:site-1691153936100/folder2/subfolder2-2 to 408288c01f3737cd40abedb8e03d166d
2023-08-04 12:58:56,408 INFO  [com.dot.ContainerResource] (docker-java-stream-1865446083) STDOUT: 12:58:56.408  INFO  business.DeterministicIdentifierAPIImpl - hashing id: folder:site-1691153936100/folder2/subfolder2-3 to f44ef76f4cd2423f83d6df43b114b3ff
2023-08-04 12:58:56,416 INFO  [com.dot.ContainerResource] (docker-java-stream-1865446083) STDOUT: 12:58:56.415  INFO  business.DeterministicIdentifierAPIImpl - hashing id: folder:site-1691153936100/folder3 to c6f4a17465414007b207cb2edbaa2f18
2023-08-04 12:58:56,433 INFO  [com.dot.ContainerResource] (docker-java-stream-1865446083) STDOUT: 12:58:56.432  INFO  asset.WebAssetResource - User [dotcms.org.1] is requesting assets info for path [//site-1691153936100/]
2023-08-04 12:58:56,438 INFO  [com.dot.ContainerResource] (docker-java-stream-1865446083) STDOUT: 12:58:56.437  WARN  client.RestClient - request [POST http://elasticsearch:9200/cluster_c40f8aa8c9.working_20230804125756/_search?typed_keys=true&max_concurrent_shard_requests=5&ignore_unavailable=false&expand_wildcards=open&allow_no_indices=true&ignore_throttled=true&search_type=query_then_fetch&batched_reduce_size=512&ccs_minimize_roundtrips=true] returned 2 warnings: [299 Elasticsearch-7.16.1-5b38441b16b1ebb16a27c107a4c3865776e20c53 "Elasticsearch built-in security features are not enabled. Without authentication, your cluster could be accessible to anyone. See https://www.elastic.co/guide/en/elasticsearch/reference/7.16/security-minimal-setup.html to enable security."],[299 Elasticsearch-7.16.1-5b38441b16b1ebb16a27c107a4c3865776e20c53 "[ignore_throttled] parameter is deprecated because frozen indices have been deprecated. Consider cold or frozen tiers in place of frozen indices."]
2023-08-04 12:58:56,445 INFO  [com.dot.ContainerResource] (docker-java-stream-1865446083) STDOUT: 12:58:56.445  INFO  asset.WebAssetResource - User [dotcms.org.1] is requesting assets info for path [//site-1691153936100/folder1]
2023-08-04 12:58:56,450 INFO  [com.dot.ContainerResource] (docker-java-stream-1865446083) STDOUT: 12:58:56.450  WARN  client.RestClient - request [POST http://elasticsearch:9200/cluster_c40f8aa8c9.working_20230804125756/_search?typed_keys=true&max_concurrent_shard_requests=5&ignore_unavailable=false&expand_wildcards=open&allow_no_indices=true&ignore_throttled=true&search_type=query_then_fetch&batched_reduce_size=512&ccs_minimize_roundtrips=true] returned 2 warnings: [299 Elasticsearch-7.16.1-5b38441b16b1ebb16a27c107a4c3865776e20c53 "Elasticsearch built-in security features are not enabled. Without authentication, your cluster could be accessible to anyone. See https://www.elastic.co/guide/en/elasticsearch/reference/7.16/security-minimal-setup.html to enable security."],[299 Elasticsearch-7.16.1-5b38441b16b1ebb16a27c107a4c3865776e20c53 "[ignore_throttled] parameter is deprecated because frozen indices have been deprecated. Consider cold or frozen tiers in place of frozen indices."]
2023-08-04 12:58:56,458 INFO  [com.dot.ContainerResource] (docker-java-stream-1865446083) STDOUT: 12:58:56.458  INFO  asset.WebAssetResource - User [dotcms.org.1] is requesting assets info for path [//site-1691153936100/folder2]
2023-08-04 12:58:56,464 INFO  [com.dot.ContainerResource] (docker-java-stream-1865446083) STDOUT: 12:58:56.463  WARN  client.RestClient - request [POST http://elasticsearch:9200/cluster_c40f8aa8c9.working_20230804125756/_search?typed_keys=true&max_concurrent_shard_requests=5&ignore_unavailable=false&expand_wildcards=open&allow_no_indices=true&ignore_throttled=true&search_type=query_then_fetch&batched_reduce_size=512&ccs_minimize_roundtrips=true] returned 2 warnings: [299 Elasticsearch-7.16.1-5b38441b16b1ebb16a27c107a4c3865776e20c53 "Elasticsearch built-in security features are not enabled. Without authentication, your cluster could be accessible to anyone. See https://www.elastic.co/guide/en/elasticsearch/reference/7.16/security-minimal-setup.html to enable security."],[299 Elasticsearch-7.16.1-5b38441b16b1ebb16a27c107a4c3865776e20c53 "[ignore_throttled] parameter is deprecated because frozen indices have been deprecated. Consider cold or frozen tiers in place of frozen indices."]
2023-08-04 12:58:56,466 INFO  [com.dot.ContainerResource] (docker-java-stream-1865446083) STDOUT: 12:58:56.466  INFO  asset.WebAssetResource - User [dotcms.org.1] is requesting assets info for path [//site-1691153936100/folder1/subFolder1-1]
2023-08-04 12:58:56,475 INFO  [com.dot.ContainerResource] (docker-java-stream-1865446083) STDOUT: 12:58:56.474  INFO  asset.WebAssetResource - User [dotcms.org.1] is requesting assets info for path [//site-1691153936100/folder3]
2023-08-04 12:58:56,480 INFO  [com.dot.ContainerResource] (docker-java-stream-1865446083) STDOUT: 12:58:56.480  WARN  client.RestClient - request [POST http://elasticsearch:9200/cluster_c40f8aa8c9.working_20230804125756/_search?typed_keys=true&max_concurrent_shard_requests=5&ignore_unavailable=false&expand_wildcards=open&allow_no_indices=true&ignore_throttled=true&search_type=query_then_fetch&batched_reduce_size=512&ccs_minimize_roundtrips=true] returned 2 warnings: [299 Elasticsearch-7.16.1-5b38441b16b1ebb16a27c107a4c3865776e20c53 "Elasticsearch built-in security features are not enabled. Without authentication, your cluster could be accessible to anyone. See https://www.elastic.co/guide/en/elasticsearch/reference/7.16/security-minimal-setup.html to enable security."],[299 Elasticsearch-7.16.1-5b38441b16b1ebb16a27c107a4c3865776e20c53 "[ignore_throttled] parameter is deprecated because frozen indices have been deprecated. Consider cold or frozen tiers in place of frozen indices."]
2023-08-04 12:58:56,481 INFO  [com.dot.ContainerResource] (docker-java-stream-1865446083) STDOUT: 12:58:56.480  WARN  client.RestClient - request [POST http://elasticsearch:9200/cluster_c40f8aa8c9.working_20230804125756/_search?typed_keys=true&max_concurrent_shard_requests=5&ignore_unavailable=false&expand_wildcards=open&allow_no_indices=true&ignore_throttled=true&search_type=query_then_fetch&batched_reduce_size=512&ccs_minimize_roundtrips=true] returned 2 warnings: [299 Elasticsearch-7.16.1-5b38441b16b1ebb16a27c107a4c3865776e20c53 "Elasticsearch built-in security features are not enabled. Without authentication, your cluster could be accessible to anyone. See https://www.elastic.co/guide/en/elasticsearch/reference/7.16/security-minimal-setup.html to enable security."],[299 Elasticsearch-7.16.1-5b38441b16b1ebb16a27c107a4c3865776e20c53 "[ignore_throttled] parameter is deprecated because frozen indices have been deprecated. Consider cold or frozen tiers in place of frozen indices."]
2023-08-04 12:58:56,493 INFO  [com.dot.ContainerResource] (docker-java-stream-1865446083) STDOUT: 12:58:56.493  INFO  asset.WebAssetResource - User [dotcms.org.1] is requesting assets info for path [//site-1691153936100/folder1/subFolder1-2]
2023-08-04 12:58:56,509 INFO  [com.dot.ContainerResource] (docker-java-stream-1865446083) STDOUT: 12:58:56.508  WARN  client.RestClient - request [POST http://elasticsearch:9200/cluster_c40f8aa8c9.working_20230804125756/_search?typed_keys=true&max_concurrent_shard_requests=5&ignore_unavailable=false&expand_wildcards=open&allow_no_indices=true&ignore_throttled=true&search_type=query_then_fetch&batched_reduce_size=512&ccs_minimize_roundtrips=true] returned 2 warnings: [299 Elasticsearch-7.16.1-5b38441b16b1ebb16a27c107a4c3865776e20c53 "Elasticsearch built-in security features are not enabled. Without authentication, your cluster could be accessible to anyone. See https://www.elastic.co/guide/en/elasticsearch/reference/7.16/security-minimal-setup.html to enable security."],[299 Elasticsearch-7.16.1-5b38441b16b1ebb16a27c107a4c3865776e20c53 "[ignore_throttled] parameter is deprecated because frozen indices have been deprecated. Consider cold or frozen tiers in place of frozen indices."]
2023-08-04 12:58:56,552 INFO  [com.dot.ContainerResource] (docker-java-stream-1865446083) STDOUT: 12:58:56.536  INFO  asset.WebAssetResource - User [dotcms.org.1] is requesting assets info for path [//site-1691153936100/folder1/subFolder1-3]
2023-08-04 12:58:56,584 INFO  [com.dot.ContainerResource] (docker-java-stream-1865446083) STDOUT: 12:58:56.583  WARN  client.RestClient - request [POST http://elasticsearch:9200/cluster_c40f8aa8c9.working_20230804125756/_search?typed_keys=true&max_concurrent_shard_requests=5&ignore_unavailable=false&expand_wildcards=open&allow_no_indices=true&ignore_throttled=true&search_type=query_then_fetch&batched_reduce_size=512&ccs_minimize_roundtrips=true] returned 2 warnings: [299 Elasticsearch-7.16.1-5b38441b16b1ebb16a27c107a4c3865776e20c53 "Elasticsearch built-in security features are not enabled. Without authentication, your cluster could be accessible to anyone. See https://www.elastic.co/guide/en/elasticsearch/reference/7.16/security-minimal-setup.html to enable security."],[299 Elasticsearch-7.16.1-5b38441b16b1ebb16a27c107a4c3865776e20c53 "[ignore_throttled] parameter is deprecated because frozen indices have been deprecated. Consider cold or frozen tiers in place of frozen indices."]
2023-08-04 12:58:56,592 INFO  [com.dot.ContainerResource] (docker-java-stream-1865446083) STDOUT: 12:58:56.592  INFO  asset.WebAssetResource - User [dotcms.org.1] is requesting assets info for path [//site-1691153936100/folder1/subFolder1-1/subFolder1-1-1]
2023-08-04 12:58:56,609 INFO  [com.dot.ContainerResource] (docker-java-stream-1865446083) STDOUT: 12:58:56.608  WARN  client.RestClient - request [POST http://elasticsearch:9200/cluster_c40f8aa8c9.working_20230804125756/_search?typed_keys=true&max_concurrent_shard_requests=5&ignore_unavailable=false&expand_wildcards=open&allow_no_indices=true&ignore_throttled=true&search_type=query_then_fetch&batched_reduce_size=512&ccs_minimize_roundtrips=true] returned 2 warnings: [299 Elasticsearch-7.16.1-5b38441b16b1ebb16a27c107a4c3865776e20c53 "Elasticsearch built-in security features are not enabled. Without authentication, your cluster could be accessible to anyone. See https://www.elastic.co/guide/en/elasticsearch/reference/7.16/security-minimal-setup.html to enable security."],[299 Elasticsearch-7.16.1-5b38441b16b1ebb16a27c107a4c3865776e20c53 "[ignore_throttled] parameter is deprecated because frozen indices have been deprecated. Consider cold or frozen tiers in place of frozen indices."]
2023-08-04 12:58:56,620 INFO  [com.dot.ContainerResource] (docker-java-stream-1865446083) STDOUT: 12:58:56.620  INFO  asset.WebAssetResource - User [dotcms.org.1] is requesting assets info for path [//site-1691153936100/folder1/subFolder1-1/subFolder1-1-2]
2023-08-04 12:58:56,630 INFO  [com.dot.ContainerResource] (docker-java-stream-1865446083) STDOUT: 12:58:56.629  WARN  client.RestClient - request [POST http://elasticsearch:9200/cluster_c40f8aa8c9.working_20230804125756/_search?typed_keys=true&max_concurrent_shard_requests=5&ignore_unavailable=false&expand_wildcards=open&allow_no_indices=true&ignore_throttled=true&search_type=query_then_fetch&batched_reduce_size=512&ccs_minimize_roundtrips=true] returned 2 warnings: [299 Elasticsearch-7.16.1-5b38441b16b1ebb16a27c107a4c3865776e20c53 "Elasticsearch built-in security features are not enabled. Without authentication, your cluster could be accessible to anyone. See https://www.elastic.co/guide/en/elasticsearch/reference/7.16/security-minimal-setup.html to enable security."],[299 Elasticsearch-7.16.1-5b38441b16b1ebb16a27c107a4c3865776e20c53 "[ignore_throttled] parameter is deprecated because frozen indices have been deprecated. Consider cold or frozen tiers in place of frozen indices."]
2023-08-04 12:58:56,637 INFO  [com.dot.ContainerResource] (docker-java-stream-1865446083) STDOUT: 12:58:56.637  INFO  asset.WebAssetResource - User [dotcms.org.1] is requesting assets info for path [//site-1691153936100/folder1/subFolder1-1/subFolder1-1-3]
2023-08-04 12:58:56,643 INFO  [com.dot.ContainerResource] (docker-java-stream-1865446083) STDOUT: 12:58:56.643  WARN  client.RestClient - request [POST http://elasticsearch:9200/cluster_c40f8aa8c9.working_20230804125756/_search?typed_keys=true&max_concurrent_shard_requests=5&ignore_unavailable=false&expand_wildcards=open&allow_no_indices=true&ignore_throttled=true&search_type=query_then_fetch&batched_reduce_size=512&ccs_minimize_roundtrips=true] returned 2 warnings: [299 Elasticsearch-7.16.1-5b38441b16b1ebb16a27c107a4c3865776e20c53 "Elasticsearch built-in security features are not enabled. Without authentication, your cluster could be accessible to anyone. See https://www.elastic.co/guide/en/elasticsearch/reference/7.16/security-minimal-setup.html to enable security."],[299 Elasticsearch-7.16.1-5b38441b16b1ebb16a27c107a4c3865776e20c53 "[ignore_throttled] parameter is deprecated because frozen indices have been deprecated. Consider cold or frozen tiers in place of frozen indices."]
2023-08-04 12:58:56,655 INFO  [com.dot.ContainerResource] (docker-java-stream-1865446083) STDOUT: 12:58:56.654  INFO  asset.WebAssetResource - User [dotcms.org.1] is requesting assets info for path [//site-1691153936100/folder1/subFolder1-2/subFolder1-2-1]
2023-08-04 12:58:56,659 INFO  [com.dot.ContainerResource] (docker-java-stream-1865446083) STDOUT: 12:58:56.659  WARN  client.RestClient - request [POST http://elasticsearch:9200/cluster_c40f8aa8c9.working_20230804125756/_search?typed_keys=true&max_concurrent_shard_requests=5&ignore_unavailable=false&expand_wildcards=open&allow_no_indices=true&ignore_throttled=true&search_type=query_then_fetch&batched_reduce_size=512&ccs_minimize_roundtrips=true] returned 2 warnings: [299 Elasticsearch-7.16.1-5b38441b16b1ebb16a27c107a4c3865776e20c53 "Elasticsearch built-in security features are not enabled. Without authentication, your cluster could be accessible to anyone. See https://www.elastic.co/guide/en/elasticsearch/reference/7.16/security-minimal-setup.html to enable security."],[299 Elasticsearch-7.16.1-5b38441b16b1ebb16a27c107a4c3865776e20c53 "[ignore_throttled] parameter is deprecated because frozen indices have been deprecated. Consider cold or frozen tiers in place of frozen indices."]
2023-08-04 12:58:56,670 INFO  [com.dot.ContainerResource] (docker-java-stream-1865446083) STDOUT: 12:58:56.670  INFO  asset.WebAssetResource - User [dotcms.org.1] is requesting assets info for path [//site-1691153936100/folder1/subFolder1-2/subFolder1-2-2]
2023-08-04 12:58:56,681 INFO  [com.dot.ContainerResource] (docker-java-stream-1865446083) STDOUT: 12:58:56.680  WARN  client.RestClient - request [POST http://elasticsearch:9200/cluster_c40f8aa8c9.working_20230804125756/_search?typed_keys=true&max_concurrent_shard_requests=5&ignore_unavailable=false&expand_wildcards=open&allow_no_indices=true&ignore_throttled=true&search_type=query_then_fetch&batched_reduce_size=512&ccs_minimize_roundtrips=true] returned 2 warnings: [299 Elasticsearch-7.16.1-5b38441b16b1ebb16a27c107a4c3865776e20c53 "Elasticsearch built-in security features are not enabled. Without authentication, your cluster could be accessible to anyone. See https://www.elastic.co/guide/en/elasticsearch/reference/7.16/security-minimal-setup.html to enable security."],[299 Elasticsearch-7.16.1-5b38441b16b1ebb16a27c107a4c3865776e20c53 "[ignore_throttled] parameter is deprecated because frozen indices have been deprecated. Consider cold or frozen tiers in place of frozen indices."]
2023-08-04 12:58:56,689 INFO  [com.dot.ContainerResource] (docker-java-stream-1865446083) STDOUT: 12:58:56.688  INFO  asset.WebAssetResource - User [dotcms.org.1] is requesting assets info for path [//site-1691153936100/folder1/subFolder1-2/subFolder1-2-3]
2023-08-04 12:58:56,694 INFO  [com.dot.ContainerResource] (docker-java-stream-1865446083) STDOUT: 12:58:56.693  WARN  client.RestClient - request [POST http://elasticsearch:9200/cluster_c40f8aa8c9.working_20230804125756/_search?typed_keys=true&max_concurrent_shard_requests=5&ignore_unavailable=false&expand_wildcards=open&allow_no_indices=true&ignore_throttled=true&search_type=query_then_fetch&batched_reduce_size=512&ccs_minimize_roundtrips=true] returned 2 warnings: [299 Elasticsearch-7.16.1-5b38441b16b1ebb16a27c107a4c3865776e20c53 "Elasticsearch built-in security features are not enabled. Without authentication, your cluster could be accessible to anyone. See https://www.elastic.co/guide/en/elasticsearch/reference/7.16/security-minimal-setup.html to enable security."],[299 Elasticsearch-7.16.1-5b38441b16b1ebb16a27c107a4c3865776e20c53 "[ignore_throttled] parameter is deprecated because frozen indices have been deprecated. Consider cold or frozen tiers in place of frozen indices."]
2023-08-04 12:58:56,702 INFO  [com.dot.ContainerResource] (docker-java-stream-1865446083) STDOUT: 12:58:56.702  INFO  asset.WebAssetResource - User [dotcms.org.1] is requesting assets info for path [//site-1691153936100/folder2/subFolder2-1]
2023-08-04 12:58:56,707 INFO  [com.dot.ContainerResource] (docker-java-stream-1865446083) STDOUT: 12:58:56.706  WARN  client.RestClient - request [POST http://elasticsearch:9200/cluster_c40f8aa8c9.working_20230804125756/_search?typed_keys=true&max_concurrent_shard_requests=5&ignore_unavailable=false&expand_wildcards=open&allow_no_indices=true&ignore_throttled=true&search_type=query_then_fetch&batched_reduce_size=512&ccs_minimize_roundtrips=true] returned 2 warnings: [299 Elasticsearch-7.16.1-5b38441b16b1ebb16a27c107a4c3865776e20c53 "Elasticsearch built-in security features are not enabled. Without authentication, your cluster could be accessible to anyone. See https://www.elastic.co/guide/en/elasticsearch/reference/7.16/security-minimal-setup.html to enable security."],[299 Elasticsearch-7.16.1-5b38441b16b1ebb16a27c107a4c3865776e20c53 "[ignore_throttled] parameter is deprecated because frozen indices have been deprecated. Consider cold or frozen tiers in place of frozen indices."]
2023-08-04 12:58:56,719 INFO  [com.dot.ContainerResource] (docker-java-stream-1865446083) STDOUT: 12:58:56.719  INFO  asset.WebAssetResource - User [dotcms.org.1] is requesting assets info for path [//site-1691153936100/folder2/subFolder2-2]
2023-08-04 12:58:56,724 INFO  [com.dot.ContainerResource] (docker-java-stream-1865446083) STDOUT: 12:58:56.724  WARN  client.RestClient - request [POST http://elasticsearch:9200/cluster_c40f8aa8c9.working_20230804125756/_search?typed_keys=true&max_concurrent_shard_requests=5&ignore_unavailable=false&expand_wildcards=open&allow_no_indices=true&ignore_throttled=true&search_type=query_then_fetch&batched_reduce_size=512&ccs_minimize_roundtrips=true] returned 2 warnings: [299 Elasticsearch-7.16.1-5b38441b16b1ebb16a27c107a4c3865776e20c53 "Elasticsearch built-in security features are not enabled. Without authentication, your cluster could be accessible to anyone. See https://www.elastic.co/guide/en/elasticsearch/reference/7.16/security-minimal-setup.html to enable security."],[299 Elasticsearch-7.16.1-5b38441b16b1ebb16a27c107a4c3865776e20c53 "[ignore_throttled] parameter is deprecated because frozen indices have been deprecated. Consider cold or frozen tiers in place of frozen indices."]
2023-08-04 12:58:56,733 INFO  [com.dot.ContainerResource] (docker-java-stream-1865446083) STDOUT: 12:58:56.733  INFO  asset.WebAssetResource - User [dotcms.org.1] is requesting assets info for path [//site-1691153936100/folder2/subFolder2-3]
2023-08-04 12:58:56,741 INFO  [com.dot.ContainerResource] (docker-java-stream-1865446083) STDOUT: 12:58:56.740  WARN  client.RestClient - request [POST http://elasticsearch:9200/cluster_c40f8aa8c9.working_20230804125756/_search?typed_keys=true&max_concurrent_shard_requests=5&ignore_unavailable=false&expand_wildcards=open&allow_no_indices=true&ignore_throttled=true&search_type=query_then_fetch&batched_reduce_size=512&ccs_minimize_roundtrips=true] returned 2 warnings: [299 Elasticsearch-7.16.1-5b38441b16b1ebb16a27c107a4c3865776e20c53 "Elasticsearch built-in security features are not enabled. Without authentication, your cluster could be accessible to anyone. See https://www.elastic.co/guide/en/elasticsearch/reference/7.16/security-minimal-setup.html to enable security."],[299 Elasticsearch-7.16.1-5b38441b16b1ebb16a27c107a4c3865776e20c53 "[ignore_throttled] parameter is deprecated because frozen indices have been deprecated. Consider cold or frozen tiers in place of frozen indices."]
2023-08-04 12:58:56,755 INFO  [com.dot.ContainerResource] (docker-java-stream-1865446083) STDOUT: 12:58:56.754  INFO  asset.WebAssetResource - User [dotcms.org.1] is requesting assets info for path [//site-1691153936100/folder2/subFolder2-1/subFolder2-1-1]
2023-08-04 12:58:56,769 INFO  [com.dot.ContainerResource] (docker-java-stream-1865446083) STDOUT: 12:58:56.769  WARN  client.RestClient - request [POST http://elasticsearch:9200/cluster_c40f8aa8c9.working_20230804125756/_search?typed_keys=true&max_concurrent_shard_requests=5&ignore_unavailable=false&expand_wildcards=open&allow_no_indices=true&ignore_throttled=true&search_type=query_then_fetch&batched_reduce_size=512&ccs_minimize_roundtrips=true] returned 2 warnings: [299 Elasticsearch-7.16.1-5b38441b16b1ebb16a27c107a4c3865776e20c53 "Elasticsearch built-in security features are not enabled. Without authentication, your cluster could be accessible to anyone. See https://www.elastic.co/guide/en/elasticsearch/reference/7.16/security-minimal-setup.html to enable security."],[299 Elasticsearch-7.16.1-5b38441b16b1ebb16a27c107a4c3865776e20c53 "[ignore_throttled] parameter is deprecated because frozen indices have been deprecated. Consider cold or frozen tiers in place of frozen indices."]
2023-08-04 12:58:56,783 INFO  [com.dot.ContainerResource] (docker-java-stream-1865446083) STDOUT: 12:58:56.783  INFO  asset.WebAssetResource - User [dotcms.org.1] is requesting assets info for path [//site-1691153936100/folder2/subFolder2-1/subFolder2-1-2]
2023-08-04 12:58:56,790 INFO  [com.dot.ContainerResource] (docker-java-stream-1865446083) STDOUT: 12:58:56.789  WARN  client.RestClient - request [POST http://elasticsearch:9200/cluster_c40f8aa8c9.working_20230804125756/_search?typed_keys=true&max_concurrent_shard_requests=5&ignore_unavailable=false&expand_wildcards=open&allow_no_indices=true&ignore_throttled=true&search_type=query_then_fetch&batched_reduce_size=512&ccs_minimize_roundtrips=true] returned 2 warnings: [299 Elasticsearch-7.16.1-5b38441b16b1ebb16a27c107a4c3865776e20c53 "Elasticsearch built-in security features are not enabled. Without authentication, your cluster could be accessible to anyone. See https://www.elastic.co/guide/en/elasticsearch/reference/7.16/security-minimal-setup.html to enable security."],[299 Elasticsearch-7.16.1-5b38441b16b1ebb16a27c107a4c3865776e20c53 "[ignore_throttled] parameter is deprecated because frozen indices have been deprecated. Consider cold or frozen tiers in place of frozen indices."]
2023-08-04 12:58:56,797 INFO  [com.dot.ContainerResource] (docker-java-stream-1865446083) STDOUT: 12:58:56.797  INFO  asset.WebAssetResource - User [dotcms.org.1] is requesting assets info for path [//site-1691153936100/folder2/subFolder2-1/subFolder2-1-3]
2023-08-04 12:58:56,802 INFO  [com.dot.ContainerResource] (docker-java-stream-1865446083) STDOUT: 12:58:56.802  WARN  client.RestClient - request [POST http://elasticsearch:9200/cluster_c40f8aa8c9.working_20230804125756/_search?typed_keys=true&max_concurrent_shard_requests=5&ignore_unavailable=false&expand_wildcards=open&allow_no_indices=true&ignore_throttled=true&search_type=query_then_fetch&batched_reduce_size=512&ccs_minimize_roundtrips=true] returned 2 warnings: [299 Elasticsearch-7.16.1-5b38441b16b1ebb16a27c107a4c3865776e20c53 "Elasticsearch built-in security features are not enabled. Without authentication, your cluster could be accessible to anyone. See https://www.elastic.co/guide/en/elasticsearch/reference/7.16/security-minimal-setup.html to enable security."],[299 Elasticsearch-7.16.1-5b38441b16b1ebb16a27c107a4c3865776e20c53 "[ignore_throttled] parameter is deprecated because frozen indices have been deprecated. Consider cold or frozen tiers in place of frozen indices."]
]]></system-out>
  </testcase>
  <testcase name="Test_Exclude2" classname="com.dotcms.api.traversal.FolderTraversalServiceIntegrationTest" time="1.431">
    <system-out><![CDATA[2023-08-04 12:58:57,561 INFO  [com.dot.ContainerResource] (docker-java-stream-1865446083) STDOUT: 12:58:57.560  INFO  util.SecurityLogger - class com.dotcms.cms.login.LoginServiceAPIFactory$LoginServiceImpl : User dotcms.org.1 has successfully login from IP: 172.19.0.1 -- ip:172.19.0.1,user:Admin User [ID: dotcms.org.1][email:admin@dotcms.com]
2023-08-04 12:58:57,561 INFO  [com.dot.ContainerResource] (docker-java-stream-1865446083) STDOUT: 12:58:57.560  INFO  util.SecurityLogger - class com.dotcms.rest.api.v1.authentication.CreateJsonWebTokenResource : A Json Web Token admin@dotcms.com is being created from IP: 172.19.0.1 -- ip:172.19.0.1,user:Admin User [ID: dotcms.org.1][email:admin@dotcms.com]
2023-08-04 12:58:57,590 INFO  [com.dot.ContainerResource] (docker-java-stream-1865446083) STDOUT: 12:58:57.587  INFO  util.ActivityLogger - class com.dotcms.content.elasticsearch.business.ESContentletAPIImpl: system : Saving Content , StartDate: N/D; EndDate: N/D; User:dotcms.org.1; ContentIdentifier: 
2023-08-04 12:58:57,612 INFO  [com.dot.ContainerResource] (docker-java-stream-1865446083) STDOUT: 12:58:57.610  WARN  client.RestClient - request [POST http://elasticsearch:9200/cluster_c40f8aa8c9.working_20230804125756/_search?typed_keys=true&max_concurrent_shard_requests=5&ignore_unavailable=false&expand_wildcards=open&allow_no_indices=true&ignore_throttled=true&search_type=query_then_fetch&batched_reduce_size=512&ccs_minimize_roundtrips=true] returned 2 warnings: [299 Elasticsearch-7.16.1-5b38441b16b1ebb16a27c107a4c3865776e20c53 "Elasticsearch built-in security features are not enabled. Without authentication, your cluster could be accessible to anyone. See https://www.elastic.co/guide/en/elasticsearch/reference/7.16/security-minimal-setup.html to enable security."],[299 Elasticsearch-7.16.1-5b38441b16b1ebb16a27c107a4c3865776e20c53 "[ignore_throttled] parameter is deprecated because frozen indices have been deprecated. Consider cold or frozen tiers in place of frozen indices."]
2023-08-04 12:58:57,615 INFO  [com.dot.ContainerResource] (docker-java-stream-1865446083) STDOUT: 12:58:57.615  WARN  client.RestClient - request [POST http://elasticsearch:9200/cluster_c40f8aa8c9.live_20230804125756/_search?typed_keys=true&max_concurrent_shard_requests=5&ignore_unavailable=false&expand_wildcards=open&allow_no_indices=true&ignore_throttled=true&search_type=query_then_fetch&batched_reduce_size=512&ccs_minimize_roundtrips=true] returned 2 warnings: [299 Elasticsearch-7.16.1-5b38441b16b1ebb16a27c107a4c3865776e20c53 "Elasticsearch built-in security features are not enabled. Without authentication, your cluster could be accessible to anyone. See https://www.elastic.co/guide/en/elasticsearch/reference/7.16/security-minimal-setup.html to enable security."],[299 Elasticsearch-7.16.1-5b38441b16b1ebb16a27c107a4c3865776e20c53 "[ignore_throttled] parameter is deprecated because frozen indices have been deprecated. Consider cold or frozen tiers in place of frozen indices."]
2023-08-04 12:58:57,618 INFO  [com.dot.ContainerResource] (docker-java-stream-1865446083) STDOUT: 12:58:57.617  INFO  business.IdentifierAPIImpl - Creating new identifier for versionable asset of type `content` and title `site-1691153937569` 
2023-08-04 12:58:57,618 INFO  [com.dot.ContainerResource] (docker-java-stream-1865446083) STDOUT: 12:58:57.618  INFO  business.DeterministicIdentifierAPIImpl - hashing id: host:system host/site-1691153937569 to 7dddd7715a82aa04abbc95f741dd8c4d
2023-08-04 12:58:57,643 INFO  [com.dot.ContainerResource] (docker-java-stream-1865446083) STDOUT: 12:58:57.643  INFO  business.ContentletIndexAPIImpl - Indexing: 7dddd7715a82aa04abbc95f741dd8c4d : site-1691153937569, includeDependencies: true, policy: DEFER
2023-08-04 12:58:57,644 INFO  [com.dot.ContainerResource] (docker-java-stream-1865446083) STDOUT: 12:58:57.643  INFO  reindex.ReindexQueueAPIImpl - addIdentifierReindex: 7dddd7715a82aa04abbc95f741dd8c4d
2023-08-04 12:58:57,683 INFO  [com.dot.ContainerResource] (docker-java-stream-1865446083) STDOUT: 12:58:57.682  INFO  util.ActivityLogger - class com.dotcms.content.elasticsearch.business.ESContentletAPIImpl: System Host : Content Saved , StartDate: N/D; EndDate: N/D; User:dotcms.org.1; ContentIdentifier: 7dddd7715a82aa04abbc95f741dd8c4d
2023-08-04 12:58:57,685 INFO  [com.dot.ContainerResource] (docker-java-stream-1865446083) STDOUT: 12:58:57.684  INFO  reindex.ReindexThread - --- Unpausing reindex thread 
2023-08-04 12:58:57,702 INFO  [com.dot.ContainerResource] (docker-java-stream-1865446083) STDOUT: 12:58:57.701  INFO  util.ActivityLogger - class com.dotcms.content.elasticsearch.business.ESContentletAPIImpl: System Host : Publishing Content , StartDate: N/D; EndDate: N/D; User:dotcms.org.1; ContentIdentifier: 7dddd7715a82aa04abbc95f741dd8c4d
2023-08-04 12:58:57,703 INFO  [com.dot.ContainerResource] (docker-java-stream-1865446083) STDOUT: 12:58:57.703  INFO  business.ContentletIndexAPIImpl - Indexing: 7dddd7715a82aa04abbc95f741dd8c4d : site-1691153937569, includeDependencies: true, policy: DEFER
2023-08-04 12:58:57,703 INFO  [com.dot.ContainerResource] (docker-java-stream-1865446083) STDOUT: 12:58:57.703  INFO  reindex.ReindexQueueAPIImpl - addIdentifierReindex: 7dddd7715a82aa04abbc95f741dd8c4d
2023-08-04 12:58:57,727 INFO  [com.dot.ContainerResource] (docker-java-stream-1865446083) STDOUT: 12:58:57.726  INFO  util.ActivityLogger - class com.dotcms.content.elasticsearch.business.ESContentletAPIImpl: System Host : Content Published , StartDate: N/D; EndDate: N/D; User:dotcms.org.1; ContentIdentifier: 7dddd7715a82aa04abbc95f741dd8c4d
2023-08-04 12:58:57,750 INFO  [com.dot.ContainerResource] (docker-java-stream-1865446083) STDOUT: 12:58:57.749  INFO  business.DeterministicIdentifierAPIImpl - hashing id: folder:site-1691153937569/folder1 to 3e9b1b1c2e1c27e7e53bf96d7ad4f6db
2023-08-04 12:58:57,756 INFO  [com.dot.ContainerResource] (docker-java-stream-1865446083) STDOUT: 12:58:57.755  INFO  business.DeterministicIdentifierAPIImpl - hashing id: folder:site-1691153937569/folder1/subfolder1-1 to 015c66395bb3b1b66f1331980b49c50c
2023-08-04 12:58:57,760 INFO  [com.dot.ContainerResource] (docker-java-stream-1865446083) STDOUT: 12:58:57.760  INFO  business.DeterministicIdentifierAPIImpl - hashing id: folder:site-1691153937569/folder1/subfolder1-1/subfolder1-1-1 to 8a3e1e36f30f2e2b5d3096c9c7cadca7
2023-08-04 12:58:57,766 INFO  [com.dot.ContainerResource] (docker-java-stream-1865446083) STDOUT: 12:58:57.765  INFO  business.DeterministicIdentifierAPIImpl - hashing id: folder:site-1691153937569/folder1/subfolder1-1/subfolder1-1-2 to e14b4013a4110f83ab2d7fe79a0d1f3d
2023-08-04 12:58:57,771 INFO  [com.dot.ContainerResource] (docker-java-stream-1865446083) STDOUT: 12:58:57.770  INFO  business.DeterministicIdentifierAPIImpl - hashing id: folder:site-1691153937569/folder1/subfolder1-1/subfolder1-1-3 to e1f2f0111c59d5e987a0bee8fe654571
2023-08-04 12:58:57,781 INFO  [com.dot.ContainerResource] (docker-java-stream-1865446083) STDOUT: 12:58:57.781  INFO  business.DeterministicIdentifierAPIImpl - hashing id: folder:site-1691153937569/folder1/subfolder1-2 to 3cd75cb81490899e6ca28238c526b7e3
2023-08-04 12:58:57,787 INFO  [com.dot.ContainerResource] (docker-java-stream-1865446083) STDOUT: 12:58:57.787  INFO  business.DeterministicIdentifierAPIImpl - hashing id: folder:site-1691153937569/folder1/subfolder1-2/subfolder1-2-1 to 74eaa05b76c4c272685191835facd031
2023-08-04 12:58:57,794 INFO  [com.dot.ContainerResource] (docker-java-stream-1865446083) STDOUT: 12:58:57.794  INFO  business.DeterministicIdentifierAPIImpl - hashing id: folder:site-1691153937569/folder1/subfolder1-2/subfolder1-2-2 to 931def9a9c78c1492ef16d620fe3f974
2023-08-04 12:58:57,799 INFO  [com.dot.ContainerResource] (docker-java-stream-1865446083) STDOUT: 12:58:57.798  INFO  business.DeterministicIdentifierAPIImpl - hashing id: folder:site-1691153937569/folder1/subfolder1-2/subfolder1-2-3 to f86a57fc2e8b8464338237e0432795b9
2023-08-04 12:58:57,803 INFO  [com.dot.ContainerResource] (docker-java-stream-1865446083) STDOUT: 12:58:57.803  INFO  business.DeterministicIdentifierAPIImpl - hashing id: folder:site-1691153937569/folder1/subfolder1-3 to 5a040db0e93e0f91109f37e3d7ae6312
2023-08-04 12:58:57,807 INFO  [com.dot.ContainerResource] (docker-java-stream-1865446083) STDOUT: 12:58:57.807  INFO  business.DeterministicIdentifierAPIImpl - hashing id: folder:site-1691153937569/folder2 to c040ae307cf48db2c0b8b767ce568e00
2023-08-04 12:58:57,811 INFO  [com.dot.ContainerResource] (docker-java-stream-1865446083) STDOUT: 12:58:57.811  INFO  business.DeterministicIdentifierAPIImpl - hashing id: folder:site-1691153937569/folder2/subfolder2-1 to 60f7b8ee2ef04e95b8d21bcbe70e3db6
2023-08-04 12:58:57,819 INFO  [com.dot.ContainerResource] (docker-java-stream-1865446083) STDOUT: 12:58:57.819  INFO  business.DeterministicIdentifierAPIImpl - hashing id: folder:site-1691153937569/folder2/subfolder2-1/subfolder2-1-1 to abf6410a462f50b9b8eea2a2169996cd
2023-08-04 12:58:57,825 INFO  [com.dot.ContainerResource] (docker-java-stream-1865446083) STDOUT: 12:58:57.824  INFO  business.DeterministicIdentifierAPIImpl - hashing id: folder:site-1691153937569/folder2/subfolder2-1/subfolder2-1-2 to 78955efe86f00c77629b5c55d7478632
2023-08-04 12:58:57,834 INFO  [com.dot.ContainerResource] (docker-java-stream-1865446083) STDOUT: 12:58:57.834  INFO  business.DeterministicIdentifierAPIImpl - hashing id: folder:site-1691153937569/folder2/subfolder2-1/subfolder2-1-3 to b5cad721f25fd55ee6263ba5acfe8e1e
2023-08-04 12:58:57,843 INFO  [com.dot.ContainerResource] (docker-java-stream-1865446083) STDOUT: 12:58:57.843  INFO  reindex.BulkProcessorListener - -----------
2023-08-04 12:58:57,844 INFO  [com.dot.ContainerResource] (docker-java-stream-1865446083) STDOUT: 12:58:57.844  INFO  reindex.BulkProcessorListener - Reindexing Server #  : 1 of 1
2023-08-04 12:58:57,844 INFO  [com.dot.ContainerResource] (docker-java-stream-1865446083) STDOUT: 12:58:57.844  INFO  reindex.BulkProcessorListener - Total Indexed        : 0
2023-08-04 12:58:57,844 INFO  [com.dot.ContainerResource] (docker-java-stream-1865446083) STDOUT: 12:58:57.844  INFO  reindex.BulkProcessorListener - ReindexEntries found : 1
2023-08-04 12:58:57,845 INFO  [com.dot.ContainerResource] (docker-java-stream-1865446083) STDOUT: 12:58:57.844  INFO  reindex.BulkProcessorListener - BulkRequests created : 2
2023-08-04 12:58:57,845 INFO  [com.dot.ContainerResource] (docker-java-stream-1865446083) STDOUT: 12:58:57.845  INFO  reindex.BulkProcessorListener - -----------
2023-08-04 12:58:57,863 INFO  [com.dot.ContainerResource] (docker-java-stream-1865446083) STDOUT: 12:58:57.863  WARN  client.RestClient - request [POST http://elasticsearch:9200/_bulk?timeout=1m] returned 1 warnings: [299 Elasticsearch-7.16.1-5b38441b16b1ebb16a27c107a4c3865776e20c53 "Elasticsearch built-in security features are not enabled. Without authentication, your cluster could be accessible to anyone. See https://www.elastic.co/guide/en/elasticsearch/reference/7.16/security-minimal-setup.html to enable security."]
2023-08-04 12:58:57,867 INFO  [com.dot.ContainerResource] (docker-java-stream-1865446083) STDOUT: 12:58:57.865  INFO  business.DeterministicIdentifierAPIImpl - hashing id: folder:site-1691153937569/folder2/subfolder2-2 to b4fa9b32f53346c1ddf76f77f164498c
2023-08-04 12:58:57,872 INFO  [com.dot.ContainerResource] (docker-java-stream-1865446083) STDOUT: 12:58:57.872  INFO  business.DeterministicIdentifierAPIImpl - hashing id: folder:site-1691153937569/folder2/subfolder2-3 to af961ada3db411b14feb47873b3a6199
2023-08-04 12:58:57,878 INFO  [com.dot.ContainerResource] (docker-java-stream-1865446083) STDOUT: 12:58:57.878  INFO  business.DeterministicIdentifierAPIImpl - hashing id: folder:site-1691153937569/folder3 to 115c3e9d96f37a7626592efdef84f4b5
2023-08-04 12:58:57,895 INFO  [com.dot.ContainerResource] (docker-java-stream-1865446083) STDOUT: 12:58:57.894  INFO  asset.WebAssetResource - User [dotcms.org.1] is requesting assets info for path [//site-1691153937569/]
2023-08-04 12:58:57,899 INFO  [com.dot.ContainerResource] (docker-java-stream-1865446083) STDOUT: 12:58:57.899  WARN  client.RestClient - request [POST http://elasticsearch:9200/cluster_c40f8aa8c9.working_20230804125756/_search?typed_keys=true&max_concurrent_shard_requests=5&ignore_unavailable=false&expand_wildcards=open&allow_no_indices=true&ignore_throttled=true&search_type=query_then_fetch&batched_reduce_size=512&ccs_minimize_roundtrips=true] returned 2 warnings: [299 Elasticsearch-7.16.1-5b38441b16b1ebb16a27c107a4c3865776e20c53 "Elasticsearch built-in security features are not enabled. Without authentication, your cluster could be accessible to anyone. See https://www.elastic.co/guide/en/elasticsearch/reference/7.16/security-minimal-setup.html to enable security."],[299 Elasticsearch-7.16.1-5b38441b16b1ebb16a27c107a4c3865776e20c53 "[ignore_throttled] parameter is deprecated because frozen indices have been deprecated. Consider cold or frozen tiers in place of frozen indices."]
2023-08-04 12:58:57,907 INFO  [com.dot.ContainerResource] (docker-java-stream-1865446083) STDOUT: 12:58:57.907  INFO  asset.WebAssetResource - User [dotcms.org.1] is requesting assets info for path [//site-1691153937569/folder1]
2023-08-04 12:58:57,917 INFO  [com.dot.ContainerResource] (docker-java-stream-1865446083) STDOUT: 12:58:57.911  WARN  client.RestClient - request [POST http://elasticsearch:9200/cluster_c40f8aa8c9.working_20230804125756/_search?typed_keys=true&max_concurrent_shard_requests=5&ignore_unavailable=false&expand_wildcards=open&allow_no_indices=true&ignore_throttled=true&search_type=query_then_fetch&batched_reduce_size=512&ccs_minimize_roundtrips=true] returned 2 warnings: [299 Elasticsearch-7.16.1-5b38441b16b1ebb16a27c107a4c3865776e20c53 "Elasticsearch built-in security features are not enabled. Without authentication, your cluster could be accessible to anyone. See https://www.elastic.co/guide/en/elasticsearch/reference/7.16/security-minimal-setup.html to enable security."],[299 Elasticsearch-7.16.1-5b38441b16b1ebb16a27c107a4c3865776e20c53 "[ignore_throttled] parameter is deprecated because frozen indices have been deprecated. Consider cold or frozen tiers in place of frozen indices."]
2023-08-04 12:58:57,919 INFO  [com.dot.ContainerResource] (docker-java-stream-1865446083) STDOUT: 12:58:57.918  INFO  asset.WebAssetResource - User [dotcms.org.1] is requesting assets info for path [//site-1691153937569/folder2]
2023-08-04 12:58:57,923 INFO  [com.dot.ContainerResource] (docker-java-stream-1865446083) STDOUT: 12:58:57.922  WARN  client.RestClient - request [POST http://elasticsearch:9200/cluster_c40f8aa8c9.working_20230804125756/_search?typed_keys=true&max_concurrent_shard_requests=5&ignore_unavailable=false&expand_wildcards=open&allow_no_indices=true&ignore_throttled=true&search_type=query_then_fetch&batched_reduce_size=512&ccs_minimize_roundtrips=true] returned 2 warnings: [299 Elasticsearch-7.16.1-5b38441b16b1ebb16a27c107a4c3865776e20c53 "Elasticsearch built-in security features are not enabled. Without authentication, your cluster could be accessible to anyone. See https://www.elastic.co/guide/en/elasticsearch/reference/7.16/security-minimal-setup.html to enable security."],[299 Elasticsearch-7.16.1-5b38441b16b1ebb16a27c107a4c3865776e20c53 "[ignore_throttled] parameter is deprecated because frozen indices have been deprecated. Consider cold or frozen tiers in place of frozen indices."]
2023-08-04 12:58:57,928 INFO  [com.dot.ContainerResource] (docker-java-stream-1865446083) STDOUT: 12:58:57.928  INFO  asset.WebAssetResource - User [dotcms.org.1] is requesting assets info for path [//site-1691153937569/folder3]
2023-08-04 12:58:57,947 INFO  [com.dot.ContainerResource] (docker-java-stream-1865446083) STDOUT: 12:58:57.941  WARN  client.RestClient - request [POST http://elasticsearch:9200/cluster_c40f8aa8c9.working_20230804125756/_search?typed_keys=true&max_concurrent_shard_requests=5&ignore_unavailable=false&expand_wildcards=open&allow_no_indices=true&ignore_throttled=true&search_type=query_then_fetch&batched_reduce_size=512&ccs_minimize_roundtrips=true] returned 2 warnings: [299 Elasticsearch-7.16.1-5b38441b16b1ebb16a27c107a4c3865776e20c53 "Elasticsearch built-in security features are not enabled. Without authentication, your cluster could be accessible to anyone. See https://www.elastic.co/guide/en/elasticsearch/reference/7.16/security-minimal-setup.html to enable security."],[299 Elasticsearch-7.16.1-5b38441b16b1ebb16a27c107a4c3865776e20c53 "[ignore_throttled] parameter is deprecated because frozen indices have been deprecated. Consider cold or frozen tiers in place of frozen indices."]
2023-08-04 12:58:57,953 INFO  [com.dot.ContainerResource] (docker-java-stream-1865446083) STDOUT: 12:58:57.953  INFO  asset.WebAssetResource - User [dotcms.org.1] is requesting assets info for path [//site-1691153937569/folder1/subFolder1-1]
2023-08-04 12:58:57,962 INFO  [com.dot.ContainerResource] (docker-java-stream-1865446083) STDOUT: 12:58:57.962  WARN  client.RestClient - request [POST http://elasticsearch:9200/cluster_c40f8aa8c9.working_20230804125756/_search?typed_keys=true&max_concurrent_shard_requests=5&ignore_unavailable=false&expand_wildcards=open&allow_no_indices=true&ignore_throttled=true&search_type=query_then_fetch&batched_reduce_size=512&ccs_minimize_roundtrips=true] returned 2 warnings: [299 Elasticsearch-7.16.1-5b38441b16b1ebb16a27c107a4c3865776e20c53 "Elasticsearch built-in security features are not enabled. Without authentication, your cluster could be accessible to anyone. See https://www.elastic.co/guide/en/elasticsearch/reference/7.16/security-minimal-setup.html to enable security."],[299 Elasticsearch-7.16.1-5b38441b16b1ebb16a27c107a4c3865776e20c53 "[ignore_throttled] parameter is deprecated because frozen indices have been deprecated. Consider cold or frozen tiers in place of frozen indices."]
2023-08-04 12:58:57,970 INFO  [com.dot.ContainerResource] (docker-java-stream-1865446083) STDOUT: 12:58:57.969  INFO  asset.WebAssetResource - User [dotcms.org.1] is requesting assets info for path [//site-1691153937569/folder1/subFolder1-2]
2023-08-04 12:58:57,981 INFO  [com.dot.ContainerResource] (docker-java-stream-1865446083) STDOUT: 12:58:57.980  WARN  client.RestClient - request [POST http://elasticsearch:9200/cluster_c40f8aa8c9.working_20230804125756/_search?typed_keys=true&max_concurrent_shard_requests=5&ignore_unavailable=false&expand_wildcards=open&allow_no_indices=true&ignore_throttled=true&search_type=query_then_fetch&batched_reduce_size=512&ccs_minimize_roundtrips=true] returned 2 warnings: [299 Elasticsearch-7.16.1-5b38441b16b1ebb16a27c107a4c3865776e20c53 "Elasticsearch built-in security features are not enabled. Without authentication, your cluster could be accessible to anyone. See https://www.elastic.co/guide/en/elasticsearch/reference/7.16/security-minimal-setup.html to enable security."],[299 Elasticsearch-7.16.1-5b38441b16b1ebb16a27c107a4c3865776e20c53 "[ignore_throttled] parameter is deprecated because frozen indices have been deprecated. Consider cold or frozen tiers in place of frozen indices."]
2023-08-04 12:58:57,991 INFO  [com.dot.ContainerResource] (docker-java-stream-1865446083) STDOUT: 12:58:57.990  INFO  asset.WebAssetResource - User [dotcms.org.1] is requesting assets info for path [//site-1691153937569/folder1/subFolder1-3]
2023-08-04 12:58:57,997 INFO  [com.dot.ContainerResource] (docker-java-stream-1865446083) STDOUT: 12:58:57.996  WARN  client.RestClient - request [POST http://elasticsearch:9200/cluster_c40f8aa8c9.working_20230804125756/_search?typed_keys=true&max_concurrent_shard_requests=5&ignore_unavailable=false&expand_wildcards=open&allow_no_indices=true&ignore_throttled=true&search_type=query_then_fetch&batched_reduce_size=512&ccs_minimize_roundtrips=true] returned 2 warnings: [299 Elasticsearch-7.16.1-5b38441b16b1ebb16a27c107a4c3865776e20c53 "Elasticsearch built-in security features are not enabled. Without authentication, your cluster could be accessible to anyone. See https://www.elastic.co/guide/en/elasticsearch/reference/7.16/security-minimal-setup.html to enable security."],[299 Elasticsearch-7.16.1-5b38441b16b1ebb16a27c107a4c3865776e20c53 "[ignore_throttled] parameter is deprecated because frozen indices have been deprecated. Consider cold or frozen tiers in place of frozen indices."]
2023-08-04 12:58:58,009 INFO  [com.dot.ContainerResource] (docker-java-stream-1865446083) STDOUT: 12:58:58.004  INFO  asset.WebAssetResource - User [dotcms.org.1] is requesting assets info for path [//site-1691153937569/folder1/subFolder1-1/subFolder1-1-1]
2023-08-04 12:58:58,013 INFO  [com.dot.ContainerResource] (docker-java-stream-1865446083) STDOUT: 12:58:58.012  WARN  client.RestClient - request [POST http://elasticsearch:9200/cluster_c40f8aa8c9.working_20230804125756/_search?typed_keys=true&max_concurrent_shard_requests=5&ignore_unavailable=false&expand_wildcards=open&allow_no_indices=true&ignore_throttled=true&search_type=query_then_fetch&batched_reduce_size=512&ccs_minimize_roundtrips=true] returned 2 warnings: [299 Elasticsearch-7.16.1-5b38441b16b1ebb16a27c107a4c3865776e20c53 "Elasticsearch built-in security features are not enabled. Without authentication, your cluster could be accessible to anyone. See https://www.elastic.co/guide/en/elasticsearch/reference/7.16/security-minimal-setup.html to enable security."],[299 Elasticsearch-7.16.1-5b38441b16b1ebb16a27c107a4c3865776e20c53 "[ignore_throttled] parameter is deprecated because frozen indices have been deprecated. Consider cold or frozen tiers in place of frozen indices."]
2023-08-04 12:58:58,023 INFO  [com.dot.ContainerResource] (docker-java-stream-1865446083) STDOUT: 12:58:58.023  INFO  asset.WebAssetResource - User [dotcms.org.1] is requesting assets info for path [//site-1691153937569/folder1/subFolder1-1/subFolder1-1-2]
2023-08-04 12:58:58,029 INFO  [com.dot.ContainerResource] (docker-java-stream-1865446083) STDOUT: 12:58:58.028  WARN  client.RestClient - request [POST http://elasticsearch:9200/cluster_c40f8aa8c9.working_20230804125756/_search?typed_keys=true&max_concurrent_shard_requests=5&ignore_unavailable=false&expand_wildcards=open&allow_no_indices=true&ignore_throttled=true&search_type=query_then_fetch&batched_reduce_size=512&ccs_minimize_roundtrips=true] returned 2 warnings: [299 Elasticsearch-7.16.1-5b38441b16b1ebb16a27c107a4c3865776e20c53 "Elasticsearch built-in security features are not enabled. Without authentication, your cluster could be accessible to anyone. See https://www.elastic.co/guide/en/elasticsearch/reference/7.16/security-minimal-setup.html to enable security."],[299 Elasticsearch-7.16.1-5b38441b16b1ebb16a27c107a4c3865776e20c53 "[ignore_throttled] parameter is deprecated because frozen indices have been deprecated. Consider cold or frozen tiers in place of frozen indices."]
2023-08-04 12:58:58,038 INFO  [com.dot.ContainerResource] (docker-java-stream-1865446083) STDOUT: 12:58:58.038  INFO  asset.WebAssetResource - User [dotcms.org.1] is requesting assets info for path [//site-1691153937569/folder1/subFolder1-1/subFolder1-1-3]
2023-08-04 12:58:58,046 INFO  [com.dot.ContainerResource] (docker-java-stream-1865446083) STDOUT: 12:58:58.046  WARN  client.RestClient - request [POST http://elasticsearch:9200/cluster_c40f8aa8c9.working_20230804125756/_search?typed_keys=true&max_concurrent_shard_requests=5&ignore_unavailable=false&expand_wildcards=open&allow_no_indices=true&ignore_throttled=true&search_type=query_then_fetch&batched_reduce_size=512&ccs_minimize_roundtrips=true] returned 2 warnings: [299 Elasticsearch-7.16.1-5b38441b16b1ebb16a27c107a4c3865776e20c53 "Elasticsearch built-in security features are not enabled. Without authentication, your cluster could be accessible to anyone. See https://www.elastic.co/guide/en/elasticsearch/reference/7.16/security-minimal-setup.html to enable security."],[299 Elasticsearch-7.16.1-5b38441b16b1ebb16a27c107a4c3865776e20c53 "[ignore_throttled] parameter is deprecated because frozen indices have been deprecated. Consider cold or frozen tiers in place of frozen indices."]
2023-08-04 12:58:58,058 INFO  [com.dot.ContainerResource] (docker-java-stream-1865446083) STDOUT: 12:58:58.057  INFO  asset.WebAssetResource - User [dotcms.org.1] is requesting assets info for path [//site-1691153937569/folder1/subFolder1-2/subFolder1-2-1]
2023-08-04 12:58:58,089 INFO  [com.dot.ContainerResource] (docker-java-stream-1865446083) STDOUT: 12:58:58.088  WARN  client.RestClient - request [POST http://elasticsearch:9200/cluster_c40f8aa8c9.working_20230804125756/_search?typed_keys=true&max_concurrent_shard_requests=5&ignore_unavailable=false&expand_wildcards=open&allow_no_indices=true&ignore_throttled=true&search_type=query_then_fetch&batched_reduce_size=512&ccs_minimize_roundtrips=true] returned 2 warnings: [299 Elasticsearch-7.16.1-5b38441b16b1ebb16a27c107a4c3865776e20c53 "Elasticsearch built-in security features are not enabled. Without authentication, your cluster could be accessible to anyone. See https://www.elastic.co/guide/en/elasticsearch/reference/7.16/security-minimal-setup.html to enable security."],[299 Elasticsearch-7.16.1-5b38441b16b1ebb16a27c107a4c3865776e20c53 "[ignore_throttled] parameter is deprecated because frozen indices have been deprecated. Consider cold or frozen tiers in place of frozen indices."]
2023-08-04 12:58:58,097 INFO  [com.dot.ContainerResource] (docker-java-stream-1865446083) STDOUT: 12:58:58.097  INFO  asset.WebAssetResource - User [dotcms.org.1] is requesting assets info for path [//site-1691153937569/folder1/subFolder1-2/subFolder1-2-2]
2023-08-04 12:58:58,107 INFO  [com.dot.ContainerResource] (docker-java-stream-1865446083) STDOUT: 12:58:58.106  WARN  client.RestClient - request [POST http://elasticsearch:9200/cluster_c40f8aa8c9.working_20230804125756/_search?typed_keys=true&max_concurrent_shard_requests=5&ignore_unavailable=false&expand_wildcards=open&allow_no_indices=true&ignore_throttled=true&search_type=query_then_fetch&batched_reduce_size=512&ccs_minimize_roundtrips=true] returned 2 warnings: [299 Elasticsearch-7.16.1-5b38441b16b1ebb16a27c107a4c3865776e20c53 "Elasticsearch built-in security features are not enabled. Without authentication, your cluster could be accessible to anyone. See https://www.elastic.co/guide/en/elasticsearch/reference/7.16/security-minimal-setup.html to enable security."],[299 Elasticsearch-7.16.1-5b38441b16b1ebb16a27c107a4c3865776e20c53 "[ignore_throttled] parameter is deprecated because frozen indices have been deprecated. Consider cold or frozen tiers in place of frozen indices."]
2023-08-04 12:58:58,134 INFO  [com.dot.ContainerResource] (docker-java-stream-1865446083) STDOUT: 12:58:58.133  INFO  asset.WebAssetResource - User [dotcms.org.1] is requesting assets info for path [//site-1691153937569/folder1/subFolder1-2/subFolder1-2-3]
2023-08-04 12:58:58,142 INFO  [com.dot.ContainerResource] (docker-java-stream-1865446083) STDOUT: 12:58:58.141  WARN  client.RestClient - request [POST http://elasticsearch:9200/cluster_c40f8aa8c9.working_20230804125756/_search?typed_keys=true&max_concurrent_shard_requests=5&ignore_unavailable=false&expand_wildcards=open&allow_no_indices=true&ignore_throttled=true&search_type=query_then_fetch&batched_reduce_size=512&ccs_minimize_roundtrips=true] returned 2 warnings: [299 Elasticsearch-7.16.1-5b38441b16b1ebb16a27c107a4c3865776e20c53 "Elasticsearch built-in security features are not enabled. Without authentication, your cluster could be accessible to anyone. See https://www.elastic.co/guide/en/elasticsearch/reference/7.16/security-minimal-setup.html to enable security."],[299 Elasticsearch-7.16.1-5b38441b16b1ebb16a27c107a4c3865776e20c53 "[ignore_throttled] parameter is deprecated because frozen indices have been deprecated. Consider cold or frozen tiers in place of frozen indices."]
2023-08-04 12:58:58,151 INFO  [com.dot.ContainerResource] (docker-java-stream-1865446083) STDOUT: 12:58:58.150  INFO  asset.WebAssetResource - User [dotcms.org.1] is requesting assets info for path [//site-1691153937569/folder2/subFolder2-1]
2023-08-04 12:58:58,160 INFO  [com.dot.ContainerResource] (docker-java-stream-1865446083) STDOUT: 12:58:58.160  WARN  client.RestClient - request [POST http://elasticsearch:9200/cluster_c40f8aa8c9.working_20230804125756/_search?typed_keys=true&max_concurrent_shard_requests=5&ignore_unavailable=false&expand_wildcards=open&allow_no_indices=true&ignore_throttled=true&search_type=query_then_fetch&batched_reduce_size=512&ccs_minimize_roundtrips=true] returned 2 warnings: [299 Elasticsearch-7.16.1-5b38441b16b1ebb16a27c107a4c3865776e20c53 "Elasticsearch built-in security features are not enabled. Without authentication, your cluster could be accessible to anyone. See https://www.elastic.co/guide/en/elasticsearch/reference/7.16/security-minimal-setup.html to enable security."],[299 Elasticsearch-7.16.1-5b38441b16b1ebb16a27c107a4c3865776e20c53 "[ignore_throttled] parameter is deprecated because frozen indices have been deprecated. Consider cold or frozen tiers in place of frozen indices."]
2023-08-04 12:58:58,177 INFO  [com.dot.ContainerResource] (docker-java-stream-1865446083) STDOUT: 12:58:58.177  INFO  asset.WebAssetResource - User [dotcms.org.1] is requesting assets info for path [//site-1691153937569/folder2/subFolder2-2]
2023-08-04 12:58:58,186 INFO  [com.dot.ContainerResource] (docker-java-stream-1865446083) STDOUT: 12:58:58.185  WARN  client.RestClient - request [POST http://elasticsearch:9200/cluster_c40f8aa8c9.working_20230804125756/_search?typed_keys=true&max_concurrent_shard_requests=5&ignore_unavailable=false&expand_wildcards=open&allow_no_indices=true&ignore_throttled=true&search_type=query_then_fetch&batched_reduce_size=512&ccs_minimize_roundtrips=true] returned 2 warnings: [299 Elasticsearch-7.16.1-5b38441b16b1ebb16a27c107a4c3865776e20c53 "Elasticsearch built-in security features are not enabled. Without authentication, your cluster could be accessible to anyone. See https://www.elastic.co/guide/en/elasticsearch/reference/7.16/security-minimal-setup.html to enable security."],[299 Elasticsearch-7.16.1-5b38441b16b1ebb16a27c107a4c3865776e20c53 "[ignore_throttled] parameter is deprecated because frozen indices have been deprecated. Consider cold or frozen tiers in place of frozen indices."]
2023-08-04 12:58:58,192 INFO  [com.dot.ContainerResource] (docker-java-stream-1865446083) STDOUT: 12:58:58.192  INFO  asset.WebAssetResource - User [dotcms.org.1] is requesting assets info for path [//site-1691153937569/folder2/subFolder2-3]
2023-08-04 12:58:58,197 INFO  [com.dot.ContainerResource] (docker-java-stream-1865446083) STDOUT: 12:58:58.196  WARN  client.RestClient - request [POST http://elasticsearch:9200/cluster_c40f8aa8c9.working_20230804125756/_search?typed_keys=true&max_concurrent_shard_requests=5&ignore_unavailable=false&expand_wildcards=open&allow_no_indices=true&ignore_throttled=true&search_type=query_then_fetch&batched_reduce_size=512&ccs_minimize_roundtrips=true] returned 2 warnings: [299 Elasticsearch-7.16.1-5b38441b16b1ebb16a27c107a4c3865776e20c53 "Elasticsearch built-in security features are not enabled. Without authentication, your cluster could be accessible to anyone. See https://www.elastic.co/guide/en/elasticsearch/reference/7.16/security-minimal-setup.html to enable security."],[299 Elasticsearch-7.16.1-5b38441b16b1ebb16a27c107a4c3865776e20c53 "[ignore_throttled] parameter is deprecated because frozen indices have been deprecated. Consider cold or frozen tiers in place of frozen indices."]
2023-08-04 12:58:58,204 INFO  [com.dot.ContainerResource] (docker-java-stream-1865446083) STDOUT: 12:58:58.203  INFO  asset.WebAssetResource - User [dotcms.org.1] is requesting assets info for path [//site-1691153937569/folder2/subFolder2-1/subFolder2-1-1]
2023-08-04 12:58:58,213 INFO  [com.dot.ContainerResource] (docker-java-stream-1865446083) STDOUT: 12:58:58.212  WARN  client.RestClient - request [POST http://elasticsearch:9200/cluster_c40f8aa8c9.working_20230804125756/_search?typed_keys=true&max_concurrent_shard_requests=5&ignore_unavailable=false&expand_wildcards=open&allow_no_indices=true&ignore_throttled=true&search_type=query_then_fetch&batched_reduce_size=512&ccs_minimize_roundtrips=true] returned 2 warnings: [299 Elasticsearch-7.16.1-5b38441b16b1ebb16a27c107a4c3865776e20c53 "Elasticsearch built-in security features are not enabled. Without authentication, your cluster could be accessible to anyone. See https://www.elastic.co/guide/en/elasticsearch/reference/7.16/security-minimal-setup.html to enable security."],[299 Elasticsearch-7.16.1-5b38441b16b1ebb16a27c107a4c3865776e20c53 "[ignore_throttled] parameter is deprecated because frozen indices have been deprecated. Consider cold or frozen tiers in place of frozen indices."]
2023-08-04 12:58:58,218 INFO  [com.dot.ContainerResource] (docker-java-stream-1865446083) STDOUT: 12:58:58.218  INFO  asset.WebAssetResource - User [dotcms.org.1] is requesting assets info for path [//site-1691153937569/folder2/subFolder2-1/subFolder2-1-2]
2023-08-04 12:58:58,222 INFO  [com.dot.ContainerResource] (docker-java-stream-1865446083) STDOUT: 12:58:58.222  WARN  client.RestClient - request [POST http://elasticsearch:9200/cluster_c40f8aa8c9.working_20230804125756/_search?typed_keys=true&max_concurrent_shard_requests=5&ignore_unavailable=false&expand_wildcards=open&allow_no_indices=true&ignore_throttled=true&search_type=query_then_fetch&batched_reduce_size=512&ccs_minimize_roundtrips=true] returned 2 warnings: [299 Elasticsearch-7.16.1-5b38441b16b1ebb16a27c107a4c3865776e20c53 "Elasticsearch built-in security features are not enabled. Without authentication, your cluster could be accessible to anyone. See https://www.elastic.co/guide/en/elasticsearch/reference/7.16/security-minimal-setup.html to enable security."],[299 Elasticsearch-7.16.1-5b38441b16b1ebb16a27c107a4c3865776e20c53 "[ignore_throttled] parameter is deprecated because frozen indices have been deprecated. Consider cold or frozen tiers in place of frozen indices."]
2023-08-04 12:58:58,229 INFO  [com.dot.ContainerResource] (docker-java-stream-1865446083) STDOUT: 12:58:58.229  INFO  asset.WebAssetResource - User [dotcms.org.1] is requesting assets info for path [//site-1691153937569/folder2/subFolder2-1/subFolder2-1-3]
2023-08-04 12:58:58,234 INFO  [com.dot.ContainerResource] (docker-java-stream-1865446083) STDOUT: 12:58:58.234  WARN  client.RestClient - request [POST http://elasticsearch:9200/cluster_c40f8aa8c9.working_20230804125756/_search?typed_keys=true&max_concurrent_shard_requests=5&ignore_unavailable=false&expand_wildcards=open&allow_no_indices=true&ignore_throttled=true&search_type=query_then_fetch&batched_reduce_size=512&ccs_minimize_roundtrips=true] returned 2 warnings: [299 Elasticsearch-7.16.1-5b38441b16b1ebb16a27c107a4c3865776e20c53 "Elasticsearch built-in security features are not enabled. Without authentication, your cluster could be accessible to anyone. See https://www.elastic.co/guide/en/elasticsearch/reference/7.16/security-minimal-setup.html to enable security."],[299 Elasticsearch-7.16.1-5b38441b16b1ebb16a27c107a4c3865776e20c53 "[ignore_throttled] parameter is deprecated because frozen indices have been deprecated. Consider cold or frozen tiers in place of frozen indices."]
]]></system-out>
  </testcase>
  <testcase name="Test_Exclude3" classname="com.dotcms.api.traversal.FolderTraversalServiceIntegrationTest" time="1.407">
    <system-out><![CDATA[2023-08-04 12:58:59,007 INFO  [com.dot.ContainerResource] (docker-java-stream-1865446083) STDOUT: 12:58:59.007  INFO  util.SecurityLogger - class com.dotcms.cms.login.LoginServiceAPIFactory$LoginServiceImpl : User dotcms.org.1 has successfully login from IP: 172.19.0.1 -- ip:172.19.0.1,user:Admin User [ID: dotcms.org.1][email:admin@dotcms.com]
2023-08-04 12:58:59,008 INFO  [com.dot.ContainerResource] (docker-java-stream-1865446083) STDOUT: 12:58:59.007  INFO  util.SecurityLogger - class com.dotcms.rest.api.v1.authentication.CreateJsonWebTokenResource : A Json Web Token admin@dotcms.com is being created from IP: 172.19.0.1 -- ip:172.19.0.1,user:Admin User [ID: dotcms.org.1][email:admin@dotcms.com]
2023-08-04 12:58:59,018 INFO  [com.dot.ContainerResource] (docker-java-stream-1865446083) STDOUT: 12:58:59.018  INFO  util.ActivityLogger - class com.dotcms.content.elasticsearch.business.ESContentletAPIImpl: system : Saving Content , StartDate: N/D; EndDate: N/D; User:dotcms.org.1; ContentIdentifier: 
2023-08-04 12:58:59,025 INFO  [com.dot.ContainerResource] (docker-java-stream-1865446083) STDOUT: 12:58:59.024  WARN  client.RestClient - request [POST http://elasticsearch:9200/cluster_c40f8aa8c9.working_20230804125756/_search?typed_keys=true&max_concurrent_shard_requests=5&ignore_unavailable=false&expand_wildcards=open&allow_no_indices=true&ignore_throttled=true&search_type=query_then_fetch&batched_reduce_size=512&ccs_minimize_roundtrips=true] returned 2 warnings: [299 Elasticsearch-7.16.1-5b38441b16b1ebb16a27c107a4c3865776e20c53 "Elasticsearch built-in security features are not enabled. Without authentication, your cluster could be accessible to anyone. See https://www.elastic.co/guide/en/elasticsearch/reference/7.16/security-minimal-setup.html to enable security."],[299 Elasticsearch-7.16.1-5b38441b16b1ebb16a27c107a4c3865776e20c53 "[ignore_throttled] parameter is deprecated because frozen indices have been deprecated. Consider cold or frozen tiers in place of frozen indices."]
2023-08-04 12:58:59,031 INFO  [com.dot.ContainerResource] (docker-java-stream-1865446083) STDOUT: 12:58:59.031  WARN  client.RestClient - request [POST http://elasticsearch:9200/cluster_c40f8aa8c9.live_20230804125756/_search?typed_keys=true&max_concurrent_shard_requests=5&ignore_unavailable=false&expand_wildcards=open&allow_no_indices=true&ignore_throttled=true&search_type=query_then_fetch&batched_reduce_size=512&ccs_minimize_roundtrips=true] returned 2 warnings: [299 Elasticsearch-7.16.1-5b38441b16b1ebb16a27c107a4c3865776e20c53 "Elasticsearch built-in security features are not enabled. Without authentication, your cluster could be accessible to anyone. See https://www.elastic.co/guide/en/elasticsearch/reference/7.16/security-minimal-setup.html to enable security."],[299 Elasticsearch-7.16.1-5b38441b16b1ebb16a27c107a4c3865776e20c53 "[ignore_throttled] parameter is deprecated because frozen indices have been deprecated. Consider cold or frozen tiers in place of frozen indices."]
2023-08-04 12:58:59,033 INFO  [com.dot.ContainerResource] (docker-java-stream-1865446083) STDOUT: 12:58:59.033  INFO  business.IdentifierAPIImpl - Creating new identifier for versionable asset of type `content` and title `site-1691153939012` 
2023-08-04 12:58:59,034 INFO  [com.dot.ContainerResource] (docker-java-stream-1865446083) STDOUT: 12:58:59.034  INFO  business.DeterministicIdentifierAPIImpl - hashing id: host:system host/site-1691153939012 to 17152008493271e4b38037211c32c607
2023-08-04 12:58:59,063 INFO  [com.dot.ContainerResource] (docker-java-stream-1865446083) STDOUT: 12:58:59.062  INFO  business.ContentletIndexAPIImpl - Indexing: 17152008493271e4b38037211c32c607 : site-1691153939012, includeDependencies: true, policy: DEFER
2023-08-04 12:58:59,063 INFO  [com.dot.ContainerResource] (docker-java-stream-1865446083) STDOUT: 12:58:59.063  INFO  reindex.ReindexQueueAPIImpl - addIdentifierReindex: 17152008493271e4b38037211c32c607
2023-08-04 12:58:59,098 INFO  [com.dot.ContainerResource] (docker-java-stream-1865446083) STDOUT: 12:58:59.098  INFO  util.ActivityLogger - class com.dotcms.content.elasticsearch.business.ESContentletAPIImpl: System Host : Content Saved , StartDate: N/D; EndDate: N/D; User:dotcms.org.1; ContentIdentifier: 17152008493271e4b38037211c32c607
2023-08-04 12:58:59,100 INFO  [com.dot.ContainerResource] (docker-java-stream-1865446083) STDOUT: 12:58:59.099  INFO  reindex.ReindexThread - --- Unpausing reindex thread 
2023-08-04 12:58:59,119 INFO  [com.dot.ContainerResource] (docker-java-stream-1865446083) STDOUT: 12:58:59.118  INFO  util.ActivityLogger - class com.dotcms.content.elasticsearch.business.ESContentletAPIImpl: System Host : Publishing Content , StartDate: N/D; EndDate: N/D; User:dotcms.org.1; ContentIdentifier: 17152008493271e4b38037211c32c607
2023-08-04 12:58:59,127 INFO  [com.dot.ContainerResource] (docker-java-stream-1865446083) STDOUT: 12:58:59.126  INFO  business.ContentletIndexAPIImpl - Indexing: 17152008493271e4b38037211c32c607 : site-1691153939012, includeDependencies: true, policy: DEFER
2023-08-04 12:58:59,127 INFO  [com.dot.ContainerResource] (docker-java-stream-1865446083) STDOUT: 12:58:59.126  INFO  reindex.ReindexQueueAPIImpl - addIdentifierReindex: 17152008493271e4b38037211c32c607
2023-08-04 12:58:59,139 INFO  [com.dot.ContainerResource] (docker-java-stream-1865446083) STDOUT: 12:58:59.139  INFO  reindex.BulkProcessorListener - -----------
2023-08-04 12:58:59,139 INFO  [com.dot.ContainerResource] (docker-java-stream-1865446083) STDOUT: 12:58:59.139  INFO  reindex.BulkProcessorListener - Reindexing Server #  : 1 of 1
2023-08-04 12:58:59,140 INFO  [com.dot.ContainerResource] (docker-java-stream-1865446083) STDOUT: 12:58:59.139  INFO  reindex.BulkProcessorListener - Total Indexed        : 0
2023-08-04 12:58:59,140 INFO  [com.dot.ContainerResource] (docker-java-stream-1865446083) STDOUT: 12:58:59.140  INFO  reindex.BulkProcessorListener - ReindexEntries found : 1
2023-08-04 12:58:59,141 INFO  [com.dot.ContainerResource] (docker-java-stream-1865446083) STDOUT: 12:58:59.140  INFO  reindex.BulkProcessorListener - BulkRequests created : 1
2023-08-04 12:58:59,141 INFO  [com.dot.ContainerResource] (docker-java-stream-1865446083) STDOUT: 12:58:59.141  INFO  reindex.BulkProcessorListener - -----------
2023-08-04 12:58:59,152 INFO  [com.dot.ContainerResource] (docker-java-stream-1865446083) STDOUT: 12:58:59.151  WARN  client.RestClient - request [POST http://elasticsearch:9200/_bulk?timeout=1m] returned 1 warnings: [299 Elasticsearch-7.16.1-5b38441b16b1ebb16a27c107a4c3865776e20c53 "Elasticsearch built-in security features are not enabled. Without authentication, your cluster could be accessible to anyone. See https://www.elastic.co/guide/en/elasticsearch/reference/7.16/security-minimal-setup.html to enable security."]
2023-08-04 12:58:59,180 INFO  [com.dot.ContainerResource] (docker-java-stream-1865446083) STDOUT: 12:58:59.180  INFO  util.ActivityLogger - class com.dotcms.content.elasticsearch.business.ESContentletAPIImpl: System Host : Content Published , StartDate: N/D; EndDate: N/D; User:dotcms.org.1; ContentIdentifier: 17152008493271e4b38037211c32c607
2023-08-04 12:58:59,184 INFO  [com.dot.ContainerResource] (docker-java-stream-1865446083) STDOUT: 12:58:59.183  INFO  reindex.ReindexThread - --- Unpausing reindex thread 
2023-08-04 12:58:59,198 INFO  [com.dot.ContainerResource] (docker-java-stream-1865446083) STDOUT: 12:58:59.197  INFO  business.DeterministicIdentifierAPIImpl - hashing id: folder:site-1691153939012/folder1 to f139f620f0268943d4c0cec2dbb073de
2023-08-04 12:58:59,203 INFO  [com.dot.ContainerResource] (docker-java-stream-1865446083) STDOUT: 12:58:59.203  INFO  business.DeterministicIdentifierAPIImpl - hashing id: folder:site-1691153939012/folder1/subfolder1-1 to 5e267060836a9b0741b389d35ca54819
2023-08-04 12:58:59,209 INFO  [com.dot.ContainerResource] (docker-java-stream-1865446083) STDOUT: 12:58:59.209  INFO  business.DeterministicIdentifierAPIImpl - hashing id: folder:site-1691153939012/folder1/subfolder1-1/subfolder1-1-1 to 7b7a82ebaff1eddfd17da03c3637f7ed
2023-08-04 12:58:59,216 INFO  [com.dot.ContainerResource] (docker-java-stream-1865446083) STDOUT: 12:58:59.215  INFO  business.DeterministicIdentifierAPIImpl - hashing id: folder:site-1691153939012/folder1/subfolder1-1/subfolder1-1-2 to f7a57f4e398ec6e385b72144cf844497
2023-08-04 12:58:59,222 INFO  [com.dot.ContainerResource] (docker-java-stream-1865446083) STDOUT: 12:58:59.221  INFO  business.DeterministicIdentifierAPIImpl - hashing id: folder:site-1691153939012/folder1/subfolder1-1/subfolder1-1-3 to bc3ff17f34ea4dafafcb51838fab663d
2023-08-04 12:58:59,227 INFO  [com.dot.ContainerResource] (docker-java-stream-1865446083) STDOUT: 12:58:59.227  INFO  business.DeterministicIdentifierAPIImpl - hashing id: folder:site-1691153939012/folder1/subfolder1-2 to 5080f4c735d2d0a587b02ab86336aad4
2023-08-04 12:58:59,232 INFO  [com.dot.ContainerResource] (docker-java-stream-1865446083) STDOUT: 12:58:59.232  INFO  business.DeterministicIdentifierAPIImpl - hashing id: folder:site-1691153939012/folder1/subfolder1-2/subfolder1-2-1 to 5c4066d99abc75e697be25a597b5b199
2023-08-04 12:58:59,239 INFO  [com.dot.ContainerResource] (docker-java-stream-1865446083) STDOUT: 12:58:59.238  INFO  business.DeterministicIdentifierAPIImpl - hashing id: folder:site-1691153939012/folder1/subfolder1-2/subfolder1-2-2 to c18b59b0ba04ca23e9d019a93f63f917
2023-08-04 12:58:59,244 INFO  [com.dot.ContainerResource] (docker-java-stream-1865446083) STDOUT: 12:58:59.243  INFO  business.DeterministicIdentifierAPIImpl - hashing id: folder:site-1691153939012/folder1/subfolder1-2/subfolder1-2-3 to d36f9f644631083afb05c63f6d131560
2023-08-04 12:58:59,252 INFO  [com.dot.ContainerResource] (docker-java-stream-1865446083) STDOUT: 12:58:59.252  INFO  business.DeterministicIdentifierAPIImpl - hashing id: folder:site-1691153939012/folder1/subfolder1-3 to 0ab5e4588fbadae6534ecf04d1ece915
2023-08-04 12:58:59,257 INFO  [com.dot.ContainerResource] (docker-java-stream-1865446083) STDOUT: 12:58:59.257  INFO  business.DeterministicIdentifierAPIImpl - hashing id: folder:site-1691153939012/folder2 to 2a603440b8ee724580c544172a3f47a8
2023-08-04 12:58:59,263 INFO  [com.dot.ContainerResource] (docker-java-stream-1865446083) STDOUT: 12:58:59.262  INFO  business.DeterministicIdentifierAPIImpl - hashing id: folder:site-1691153939012/folder2/subfolder2-1 to e3c0216183be7c137af9fd8c5ae4ca6f
2023-08-04 12:58:59,268 INFO  [com.dot.ContainerResource] (docker-java-stream-1865446083) STDOUT: 12:58:59.268  INFO  business.DeterministicIdentifierAPIImpl - hashing id: folder:site-1691153939012/folder2/subfolder2-1/subfolder2-1-1 to badec90ce8ea7f861d88f81cde0c1c35
2023-08-04 12:58:59,275 INFO  [com.dot.ContainerResource] (docker-java-stream-1865446083) STDOUT: 12:58:59.275  INFO  business.DeterministicIdentifierAPIImpl - hashing id: folder:site-1691153939012/folder2/subfolder2-1/subfolder2-1-2 to d0781938fcdc20fa98bf5e6e5654460a
2023-08-04 12:58:59,294 INFO  [com.dot.ContainerResource] (docker-java-stream-1865446083) STDOUT: 12:58:59.294  INFO  business.DeterministicIdentifierAPIImpl - hashing id: folder:site-1691153939012/folder2/subfolder2-1/subfolder2-1-3 to ba709cf60e978f9181570b665fbbe35b
2023-08-04 12:58:59,300 INFO  [com.dot.ContainerResource] (docker-java-stream-1865446083) STDOUT: 12:58:59.299  INFO  business.DeterministicIdentifierAPIImpl - hashing id: folder:site-1691153939012/folder2/subfolder2-2 to e9ff3aaa0be2fe60c5201696b5bc8f83
2023-08-04 12:58:59,305 INFO  [com.dot.ContainerResource] (docker-java-stream-1865446083) STDOUT: 12:58:59.305  INFO  business.DeterministicIdentifierAPIImpl - hashing id: folder:site-1691153939012/folder2/subfolder2-3 to 883ecd147c62e5a120074f4a94340403
2023-08-04 12:58:59,311 INFO  [com.dot.ContainerResource] (docker-java-stream-1865446083) STDOUT: 12:58:59.310  INFO  business.DeterministicIdentifierAPIImpl - hashing id: folder:site-1691153939012/folder3 to 0fc7f23748d80aebfb9d4ecfbe95181b
2023-08-04 12:58:59,324 INFO  [com.dot.ContainerResource] (docker-java-stream-1865446083) STDOUT: 12:58:59.323  INFO  asset.WebAssetResource - User [dotcms.org.1] is requesting assets info for path [//site-1691153939012/]
2023-08-04 12:58:59,328 INFO  [com.dot.ContainerResource] (docker-java-stream-1865446083) STDOUT: 12:58:59.327  WARN  client.RestClient - request [POST http://elasticsearch:9200/cluster_c40f8aa8c9.working_20230804125756/_search?typed_keys=true&max_concurrent_shard_requests=5&ignore_unavailable=false&expand_wildcards=open&allow_no_indices=true&ignore_throttled=true&search_type=query_then_fetch&batched_reduce_size=512&ccs_minimize_roundtrips=true] returned 2 warnings: [299 Elasticsearch-7.16.1-5b38441b16b1ebb16a27c107a4c3865776e20c53 "Elasticsearch built-in security features are not enabled. Without authentication, your cluster could be accessible to anyone. See https://www.elastic.co/guide/en/elasticsearch/reference/7.16/security-minimal-setup.html to enable security."],[299 Elasticsearch-7.16.1-5b38441b16b1ebb16a27c107a4c3865776e20c53 "[ignore_throttled] parameter is deprecated because frozen indices have been deprecated. Consider cold or frozen tiers in place of frozen indices."]
2023-08-04 12:58:59,335 INFO  [com.dot.ContainerResource] (docker-java-stream-1865446083) STDOUT: 12:58:59.335  INFO  asset.WebAssetResource - User [dotcms.org.1] is requesting assets info for path [//site-1691153939012/folder1]
2023-08-04 12:58:59,339 INFO  [com.dot.ContainerResource] (docker-java-stream-1865446083) STDOUT: 12:58:59.339  WARN  client.RestClient - request [POST http://elasticsearch:9200/cluster_c40f8aa8c9.working_20230804125756/_search?typed_keys=true&max_concurrent_shard_requests=5&ignore_unavailable=false&expand_wildcards=open&allow_no_indices=true&ignore_throttled=true&search_type=query_then_fetch&batched_reduce_size=512&ccs_minimize_roundtrips=true] returned 2 warnings: [299 Elasticsearch-7.16.1-5b38441b16b1ebb16a27c107a4c3865776e20c53 "Elasticsearch built-in security features are not enabled. Without authentication, your cluster could be accessible to anyone. See https://www.elastic.co/guide/en/elasticsearch/reference/7.16/security-minimal-setup.html to enable security."],[299 Elasticsearch-7.16.1-5b38441b16b1ebb16a27c107a4c3865776e20c53 "[ignore_throttled] parameter is deprecated because frozen indices have been deprecated. Consider cold or frozen tiers in place of frozen indices."]
2023-08-04 12:58:59,349 INFO  [com.dot.ContainerResource] (docker-java-stream-1865446083) STDOUT: 12:58:59.348  INFO  asset.WebAssetResource - User [dotcms.org.1] is requesting assets info for path [//site-1691153939012/folder2]
2023-08-04 12:58:59,349 INFO  [com.dot.ContainerResource] (docker-java-stream-1865446083) STDOUT: 12:58:59.349  INFO  asset.WebAssetResource - User [dotcms.org.1] is requesting assets info for path [//site-1691153939012/folder1/subFolder1-1]
2023-08-04 12:58:59,357 INFO  [com.dot.ContainerResource] (docker-java-stream-1865446083) STDOUT: 12:58:59.356  WARN  client.RestClient - request [POST http://elasticsearch:9200/cluster_c40f8aa8c9.working_20230804125756/_search?typed_keys=true&max_concurrent_shard_requests=5&ignore_unavailable=false&expand_wildcards=open&allow_no_indices=true&ignore_throttled=true&search_type=query_then_fetch&batched_reduce_size=512&ccs_minimize_roundtrips=true] returned 2 warnings: [299 Elasticsearch-7.16.1-5b38441b16b1ebb16a27c107a4c3865776e20c53 "Elasticsearch built-in security features are not enabled. Without authentication, your cluster could be accessible to anyone. See https://www.elastic.co/guide/en/elasticsearch/reference/7.16/security-minimal-setup.html to enable security."],[299 Elasticsearch-7.16.1-5b38441b16b1ebb16a27c107a4c3865776e20c53 "[ignore_throttled] parameter is deprecated because frozen indices have been deprecated. Consider cold or frozen tiers in place of frozen indices."]
2023-08-04 12:58:59,357 INFO  [com.dot.ContainerResource] (docker-java-stream-1865446083) STDOUT: 12:58:59.357  WARN  client.RestClient - request [POST http://elasticsearch:9200/cluster_c40f8aa8c9.working_20230804125756/_search?typed_keys=true&max_concurrent_shard_requests=5&ignore_unavailable=false&expand_wildcards=open&allow_no_indices=true&ignore_throttled=true&search_type=query_then_fetch&batched_reduce_size=512&ccs_minimize_roundtrips=true] returned 2 warnings: [299 Elasticsearch-7.16.1-5b38441b16b1ebb16a27c107a4c3865776e20c53 "Elasticsearch built-in security features are not enabled. Without authentication, your cluster could be accessible to anyone. See https://www.elastic.co/guide/en/elasticsearch/reference/7.16/security-minimal-setup.html to enable security."],[299 Elasticsearch-7.16.1-5b38441b16b1ebb16a27c107a4c3865776e20c53 "[ignore_throttled] parameter is deprecated because frozen indices have been deprecated. Consider cold or frozen tiers in place of frozen indices."]
2023-08-04 12:58:59,366 INFO  [com.dot.ContainerResource] (docker-java-stream-1865446083) STDOUT: 12:58:59.366  INFO  asset.WebAssetResource - User [dotcms.org.1] is requesting assets info for path [//site-1691153939012/folder1/subFolder1-2]
2023-08-04 12:58:59,372 INFO  [com.dot.ContainerResource] (docker-java-stream-1865446083) STDOUT: 12:58:59.372  INFO  asset.WebAssetResource - User [dotcms.org.1] is requesting assets info for path [//site-1691153939012/folder3]
2023-08-04 12:58:59,384 INFO  [com.dot.ContainerResource] (docker-java-stream-1865446083) STDOUT: 12:58:59.383  WARN  client.RestClient - request [POST http://elasticsearch:9200/cluster_c40f8aa8c9.working_20230804125756/_search?typed_keys=true&max_concurrent_shard_requests=5&ignore_unavailable=false&expand_wildcards=open&allow_no_indices=true&ignore_throttled=true&search_type=query_then_fetch&batched_reduce_size=512&ccs_minimize_roundtrips=true] returned 2 warnings: [299 Elasticsearch-7.16.1-5b38441b16b1ebb16a27c107a4c3865776e20c53 "Elasticsearch built-in security features are not enabled. Without authentication, your cluster could be accessible to anyone. See https://www.elastic.co/guide/en/elasticsearch/reference/7.16/security-minimal-setup.html to enable security."],[299 Elasticsearch-7.16.1-5b38441b16b1ebb16a27c107a4c3865776e20c53 "[ignore_throttled] parameter is deprecated because frozen indices have been deprecated. Consider cold or frozen tiers in place of frozen indices."]
2023-08-04 12:58:59,389 INFO  [com.dot.ContainerResource] (docker-java-stream-1865446083) STDOUT: 12:58:59.389  WARN  client.RestClient - request [POST http://elasticsearch:9200/cluster_c40f8aa8c9.working_20230804125756/_search?typed_keys=true&max_concurrent_shard_requests=5&ignore_unavailable=false&expand_wildcards=open&allow_no_indices=true&ignore_throttled=true&search_type=query_then_fetch&batched_reduce_size=512&ccs_minimize_roundtrips=true] returned 2 warnings: [299 Elasticsearch-7.16.1-5b38441b16b1ebb16a27c107a4c3865776e20c53 "Elasticsearch built-in security features are not enabled. Without authentication, your cluster could be accessible to anyone. See https://www.elastic.co/guide/en/elasticsearch/reference/7.16/security-minimal-setup.html to enable security."],[299 Elasticsearch-7.16.1-5b38441b16b1ebb16a27c107a4c3865776e20c53 "[ignore_throttled] parameter is deprecated because frozen indices have been deprecated. Consider cold or frozen tiers in place of frozen indices."]
2023-08-04 12:58:59,396 INFO  [com.dot.ContainerResource] (docker-java-stream-1865446083) STDOUT: 12:58:59.396  INFO  asset.WebAssetResource - User [dotcms.org.1] is requesting assets info for path [//site-1691153939012/folder1/subFolder1-3]
2023-08-04 12:58:59,407 INFO  [com.dot.ContainerResource] (docker-java-stream-1865446083) STDOUT: 12:58:59.407  WARN  client.RestClient - request [POST http://elasticsearch:9200/cluster_c40f8aa8c9.working_20230804125756/_search?typed_keys=true&max_concurrent_shard_requests=5&ignore_unavailable=false&expand_wildcards=open&allow_no_indices=true&ignore_throttled=true&search_type=query_then_fetch&batched_reduce_size=512&ccs_minimize_roundtrips=true] returned 2 warnings: [299 Elasticsearch-7.16.1-5b38441b16b1ebb16a27c107a4c3865776e20c53 "Elasticsearch built-in security features are not enabled. Without authentication, your cluster could be accessible to anyone. See https://www.elastic.co/guide/en/elasticsearch/reference/7.16/security-minimal-setup.html to enable security."],[299 Elasticsearch-7.16.1-5b38441b16b1ebb16a27c107a4c3865776e20c53 "[ignore_throttled] parameter is deprecated because frozen indices have been deprecated. Consider cold or frozen tiers in place of frozen indices."]
2023-08-04 12:58:59,422 INFO  [com.dot.ContainerResource] (docker-java-stream-1865446083) STDOUT: 12:58:59.422  INFO  reindex.BulkProcessorListener - -----------
2023-08-04 12:58:59,423 INFO  [com.dot.ContainerResource] (docker-java-stream-1865446083) STDOUT: 12:58:59.422  INFO  reindex.BulkProcessorListener - Reindexing Server #  : 1 of 1
2023-08-04 12:58:59,423 INFO  [com.dot.ContainerResource] (docker-java-stream-1865446083) STDOUT: 12:58:59.422  INFO  reindex.BulkProcessorListener - Total Indexed        : 0
2023-08-04 12:58:59,428 INFO  [com.dot.ContainerResource] (docker-java-stream-1865446083) STDOUT: 12:58:59.422  INFO  reindex.BulkProcessorListener - ReindexEntries found : 1
2023-08-04 12:58:59,430 INFO  [com.dot.ContainerResource] (docker-java-stream-1865446083) STDOUT: 12:58:59.422  INFO  reindex.BulkProcessorListener - BulkRequests created : 2
2023-08-04 12:58:59,430 INFO  [com.dot.ContainerResource] (docker-java-stream-1865446083) STDOUT: 12:58:59.422  INFO  reindex.BulkProcessorListener - -----------
2023-08-04 12:58:59,438 INFO  [com.dot.ContainerResource] (docker-java-stream-1865446083) STDOUT: 12:58:59.437  INFO  asset.WebAssetResource - User [dotcms.org.1] is requesting assets info for path [//site-1691153939012/folder1/subFolder1-1/subFolder1-1-1]
2023-08-04 12:58:59,439 INFO  [com.dot.ContainerResource] (docker-java-stream-1865446083) STDOUT: 12:58:59.437  WARN  client.RestClient - request [POST http://elasticsearch:9200/_bulk?timeout=1m] returned 1 warnings: [299 Elasticsearch-7.16.1-5b38441b16b1ebb16a27c107a4c3865776e20c53 "Elasticsearch built-in security features are not enabled. Without authentication, your cluster could be accessible to anyone. See https://www.elastic.co/guide/en/elasticsearch/reference/7.16/security-minimal-setup.html to enable security."]
2023-08-04 12:58:59,451 INFO  [com.dot.ContainerResource] (docker-java-stream-1865446083) STDOUT: 12:58:59.450  WARN  client.RestClient - request [POST http://elasticsearch:9200/cluster_c40f8aa8c9.working_20230804125756/_search?typed_keys=true&max_concurrent_shard_requests=5&ignore_unavailable=false&expand_wildcards=open&allow_no_indices=true&ignore_throttled=true&search_type=query_then_fetch&batched_reduce_size=512&ccs_minimize_roundtrips=true] returned 2 warnings: [299 Elasticsearch-7.16.1-5b38441b16b1ebb16a27c107a4c3865776e20c53 "Elasticsearch built-in security features are not enabled. Without authentication, your cluster could be accessible to anyone. See https://www.elastic.co/guide/en/elasticsearch/reference/7.16/security-minimal-setup.html to enable security."],[299 Elasticsearch-7.16.1-5b38441b16b1ebb16a27c107a4c3865776e20c53 "[ignore_throttled] parameter is deprecated because frozen indices have been deprecated. Consider cold or frozen tiers in place of frozen indices."]
2023-08-04 12:58:59,463 INFO  [com.dot.ContainerResource] (docker-java-stream-1865446083) STDOUT: 12:58:59.462  INFO  asset.WebAssetResource - User [dotcms.org.1] is requesting assets info for path [//site-1691153939012/folder1/subFolder1-1/subFolder1-1-2]
2023-08-04 12:58:59,470 INFO  [com.dot.ContainerResource] (docker-java-stream-1865446083) STDOUT: 12:58:59.469  WARN  client.RestClient - request [POST http://elasticsearch:9200/cluster_c40f8aa8c9.working_20230804125756/_search?typed_keys=true&max_concurrent_shard_requests=5&ignore_unavailable=false&expand_wildcards=open&allow_no_indices=true&ignore_throttled=true&search_type=query_then_fetch&batched_reduce_size=512&ccs_minimize_roundtrips=true] returned 2 warnings: [299 Elasticsearch-7.16.1-5b38441b16b1ebb16a27c107a4c3865776e20c53 "Elasticsearch built-in security features are not enabled. Without authentication, your cluster could be accessible to anyone. See https://www.elastic.co/guide/en/elasticsearch/reference/7.16/security-minimal-setup.html to enable security."],[299 Elasticsearch-7.16.1-5b38441b16b1ebb16a27c107a4c3865776e20c53 "[ignore_throttled] parameter is deprecated because frozen indices have been deprecated. Consider cold or frozen tiers in place of frozen indices."]
2023-08-04 12:58:59,482 INFO  [com.dot.ContainerResource] (docker-java-stream-1865446083) STDOUT: 12:58:59.482  INFO  asset.WebAssetResource - User [dotcms.org.1] is requesting assets info for path [//site-1691153939012/folder1/subFolder1-1/subFolder1-1-3]
2023-08-04 12:58:59,489 INFO  [com.dot.ContainerResource] (docker-java-stream-1865446083) STDOUT: 12:58:59.488  WARN  client.RestClient - request [POST http://elasticsearch:9200/cluster_c40f8aa8c9.working_20230804125756/_search?typed_keys=true&max_concurrent_shard_requests=5&ignore_unavailable=false&expand_wildcards=open&allow_no_indices=true&ignore_throttled=true&search_type=query_then_fetch&batched_reduce_size=512&ccs_minimize_roundtrips=true] returned 2 warnings: [299 Elasticsearch-7.16.1-5b38441b16b1ebb16a27c107a4c3865776e20c53 "Elasticsearch built-in security features are not enabled. Without authentication, your cluster could be accessible to anyone. See https://www.elastic.co/guide/en/elasticsearch/reference/7.16/security-minimal-setup.html to enable security."],[299 Elasticsearch-7.16.1-5b38441b16b1ebb16a27c107a4c3865776e20c53 "[ignore_throttled] parameter is deprecated because frozen indices have been deprecated. Consider cold or frozen tiers in place of frozen indices."]
2023-08-04 12:58:59,499 INFO  [com.dot.ContainerResource] (docker-java-stream-1865446083) STDOUT: 12:58:59.499  INFO  asset.WebAssetResource - User [dotcms.org.1] is requesting assets info for path [//site-1691153939012/folder1/subFolder1-2/subFolder1-2-1]
2023-08-04 12:58:59,505 INFO  [com.dot.ContainerResource] (docker-java-stream-1865446083) STDOUT: 12:58:59.504  WARN  client.RestClient - request [POST http://elasticsearch:9200/cluster_c40f8aa8c9.working_20230804125756/_search?typed_keys=true&max_concurrent_shard_requests=5&ignore_unavailable=false&expand_wildcards=open&allow_no_indices=true&ignore_throttled=true&search_type=query_then_fetch&batched_reduce_size=512&ccs_minimize_roundtrips=true] returned 2 warnings: [299 Elasticsearch-7.16.1-5b38441b16b1ebb16a27c107a4c3865776e20c53 "Elasticsearch built-in security features are not enabled. Without authentication, your cluster could be accessible to anyone. See https://www.elastic.co/guide/en/elasticsearch/reference/7.16/security-minimal-setup.html to enable security."],[299 Elasticsearch-7.16.1-5b38441b16b1ebb16a27c107a4c3865776e20c53 "[ignore_throttled] parameter is deprecated because frozen indices have been deprecated. Consider cold or frozen tiers in place of frozen indices."]
2023-08-04 12:58:59,511 INFO  [com.dot.ContainerResource] (docker-java-stream-1865446083) STDOUT: 12:58:59.511  INFO  asset.WebAssetResource - User [dotcms.org.1] is requesting assets info for path [//site-1691153939012/folder1/subFolder1-2/subFolder1-2-2]
2023-08-04 12:58:59,516 INFO  [com.dot.ContainerResource] (docker-java-stream-1865446083) STDOUT: 12:58:59.515  WARN  client.RestClient - request [POST http://elasticsearch:9200/cluster_c40f8aa8c9.working_20230804125756/_search?typed_keys=true&max_concurrent_shard_requests=5&ignore_unavailable=false&expand_wildcards=open&allow_no_indices=true&ignore_throttled=true&search_type=query_then_fetch&batched_reduce_size=512&ccs_minimize_roundtrips=true] returned 2 warnings: [299 Elasticsearch-7.16.1-5b38441b16b1ebb16a27c107a4c3865776e20c53 "Elasticsearch built-in security features are not enabled. Without authentication, your cluster could be accessible to anyone. See https://www.elastic.co/guide/en/elasticsearch/reference/7.16/security-minimal-setup.html to enable security."],[299 Elasticsearch-7.16.1-5b38441b16b1ebb16a27c107a4c3865776e20c53 "[ignore_throttled] parameter is deprecated because frozen indices have been deprecated. Consider cold or frozen tiers in place of frozen indices."]
2023-08-04 12:58:59,521 INFO  [com.dot.ContainerResource] (docker-java-stream-1865446083) STDOUT: 12:58:59.521  INFO  asset.WebAssetResource - User [dotcms.org.1] is requesting assets info for path [//site-1691153939012/folder1/subFolder1-2/subFolder1-2-3]
2023-08-04 12:58:59,527 INFO  [com.dot.ContainerResource] (docker-java-stream-1865446083) STDOUT: 12:58:59.527  WARN  client.RestClient - request [POST http://elasticsearch:9200/cluster_c40f8aa8c9.working_20230804125756/_search?typed_keys=true&max_concurrent_shard_requests=5&ignore_unavailable=false&expand_wildcards=open&allow_no_indices=true&ignore_throttled=true&search_type=query_then_fetch&batched_reduce_size=512&ccs_minimize_roundtrips=true] returned 2 warnings: [299 Elasticsearch-7.16.1-5b38441b16b1ebb16a27c107a4c3865776e20c53 "Elasticsearch built-in security features are not enabled. Without authentication, your cluster could be accessible to anyone. See https://www.elastic.co/guide/en/elasticsearch/reference/7.16/security-minimal-setup.html to enable security."],[299 Elasticsearch-7.16.1-5b38441b16b1ebb16a27c107a4c3865776e20c53 "[ignore_throttled] parameter is deprecated because frozen indices have been deprecated. Consider cold or frozen tiers in place of frozen indices."]
2023-08-04 12:58:59,533 INFO  [com.dot.ContainerResource] (docker-java-stream-1865446083) STDOUT: 12:58:59.533  INFO  asset.WebAssetResource - User [dotcms.org.1] is requesting assets info for path [//site-1691153939012/folder2/subFolder2-1]
2023-08-04 12:58:59,537 INFO  [com.dot.ContainerResource] (docker-java-stream-1865446083) STDOUT: 12:58:59.537  WARN  client.RestClient - request [POST http://elasticsearch:9200/cluster_c40f8aa8c9.working_20230804125756/_search?typed_keys=true&max_concurrent_shard_requests=5&ignore_unavailable=false&expand_wildcards=open&allow_no_indices=true&ignore_throttled=true&search_type=query_then_fetch&batched_reduce_size=512&ccs_minimize_roundtrips=true] returned 2 warnings: [299 Elasticsearch-7.16.1-5b38441b16b1ebb16a27c107a4c3865776e20c53 "Elasticsearch built-in security features are not enabled. Without authentication, your cluster could be accessible to anyone. See https://www.elastic.co/guide/en/elasticsearch/reference/7.16/security-minimal-setup.html to enable security."],[299 Elasticsearch-7.16.1-5b38441b16b1ebb16a27c107a4c3865776e20c53 "[ignore_throttled] parameter is deprecated because frozen indices have been deprecated. Consider cold or frozen tiers in place of frozen indices."]
2023-08-04 12:58:59,545 INFO  [com.dot.ContainerResource] (docker-java-stream-1865446083) STDOUT: 12:58:59.545  INFO  asset.WebAssetResource - User [dotcms.org.1] is requesting assets info for path [//site-1691153939012/folder2/subFolder2-2]
2023-08-04 12:58:59,556 INFO  [com.dot.ContainerResource] (docker-java-stream-1865446083) STDOUT: 12:58:59.552  WARN  client.RestClient - request [POST http://elasticsearch:9200/cluster_c40f8aa8c9.working_20230804125756/_search?typed_keys=true&max_concurrent_shard_requests=5&ignore_unavailable=false&expand_wildcards=open&allow_no_indices=true&ignore_throttled=true&search_type=query_then_fetch&batched_reduce_size=512&ccs_minimize_roundtrips=true] returned 2 warnings: [299 Elasticsearch-7.16.1-5b38441b16b1ebb16a27c107a4c3865776e20c53 "Elasticsearch built-in security features are not enabled. Without authentication, your cluster could be accessible to anyone. See https://www.elastic.co/guide/en/elasticsearch/reference/7.16/security-minimal-setup.html to enable security."],[299 Elasticsearch-7.16.1-5b38441b16b1ebb16a27c107a4c3865776e20c53 "[ignore_throttled] parameter is deprecated because frozen indices have been deprecated. Consider cold or frozen tiers in place of frozen indices."]
2023-08-04 12:58:59,562 INFO  [com.dot.ContainerResource] (docker-java-stream-1865446083) STDOUT: 12:58:59.562  INFO  asset.WebAssetResource - User [dotcms.org.1] is requesting assets info for path [//site-1691153939012/folder2/subFolder2-3]
2023-08-04 12:58:59,577 INFO  [com.dot.ContainerResource] (docker-java-stream-1865446083) STDOUT: 12:58:59.576  WARN  client.RestClient - request [POST http://elasticsearch:9200/cluster_c40f8aa8c9.working_20230804125756/_search?typed_keys=true&max_concurrent_shard_requests=5&ignore_unavailable=false&expand_wildcards=open&allow_no_indices=true&ignore_throttled=true&search_type=query_then_fetch&batched_reduce_size=512&ccs_minimize_roundtrips=true] returned 2 warnings: [299 Elasticsearch-7.16.1-5b38441b16b1ebb16a27c107a4c3865776e20c53 "Elasticsearch built-in security features are not enabled. Without authentication, your cluster could be accessible to anyone. See https://www.elastic.co/guide/en/elasticsearch/reference/7.16/security-minimal-setup.html to enable security."],[299 Elasticsearch-7.16.1-5b38441b16b1ebb16a27c107a4c3865776e20c53 "[ignore_throttled] parameter is deprecated because frozen indices have been deprecated. Consider cold or frozen tiers in place of frozen indices."]
2023-08-04 12:58:59,590 INFO  [com.dot.ContainerResource] (docker-java-stream-1865446083) STDOUT: 12:58:59.590  INFO  asset.WebAssetResource - User [dotcms.org.1] is requesting assets info for path [//site-1691153939012/folder2/subFolder2-1/subFolder2-1-1]
2023-08-04 12:58:59,600 INFO  [com.dot.ContainerResource] (docker-java-stream-1865446083) STDOUT: 12:58:59.599  WARN  client.RestClient - request [POST http://elasticsearch:9200/cluster_c40f8aa8c9.working_20230804125756/_search?typed_keys=true&max_concurrent_shard_requests=5&ignore_unavailable=false&expand_wildcards=open&allow_no_indices=true&ignore_throttled=true&search_type=query_then_fetch&batched_reduce_size=512&ccs_minimize_roundtrips=true] returned 2 warnings: [299 Elasticsearch-7.16.1-5b38441b16b1ebb16a27c107a4c3865776e20c53 "Elasticsearch built-in security features are not enabled. Without authentication, your cluster could be accessible to anyone. See https://www.elastic.co/guide/en/elasticsearch/reference/7.16/security-minimal-setup.html to enable security."],[299 Elasticsearch-7.16.1-5b38441b16b1ebb16a27c107a4c3865776e20c53 "[ignore_throttled] parameter is deprecated because frozen indices have been deprecated. Consider cold or frozen tiers in place of frozen indices."]
2023-08-04 12:58:59,618 INFO  [com.dot.ContainerResource] (docker-java-stream-1865446083) STDOUT: 12:58:59.617  INFO  asset.WebAssetResource - User [dotcms.org.1] is requesting assets info for path [//site-1691153939012/folder2/subFolder2-1/subFolder2-1-2]
2023-08-04 12:58:59,625 INFO  [com.dot.ContainerResource] (docker-java-stream-1865446083) STDOUT: 12:58:59.624  WARN  client.RestClient - request [POST http://elasticsearch:9200/cluster_c40f8aa8c9.working_20230804125756/_search?typed_keys=true&max_concurrent_shard_requests=5&ignore_unavailable=false&expand_wildcards=open&allow_no_indices=true&ignore_throttled=true&search_type=query_then_fetch&batched_reduce_size=512&ccs_minimize_roundtrips=true] returned 2 warnings: [299 Elasticsearch-7.16.1-5b38441b16b1ebb16a27c107a4c3865776e20c53 "Elasticsearch built-in security features are not enabled. Without authentication, your cluster could be accessible to anyone. See https://www.elastic.co/guide/en/elasticsearch/reference/7.16/security-minimal-setup.html to enable security."],[299 Elasticsearch-7.16.1-5b38441b16b1ebb16a27c107a4c3865776e20c53 "[ignore_throttled] parameter is deprecated because frozen indices have been deprecated. Consider cold or frozen tiers in place of frozen indices."]
2023-08-04 12:58:59,635 INFO  [com.dot.ContainerResource] (docker-java-stream-1865446083) STDOUT: 12:58:59.635  INFO  asset.WebAssetResource - User [dotcms.org.1] is requesting assets info for path [//site-1691153939012/folder2/subFolder2-1/subFolder2-1-3]
2023-08-04 12:58:59,641 INFO  [com.dot.ContainerResource] (docker-java-stream-1865446083) STDOUT: 12:58:59.641  WARN  client.RestClient - request [POST http://elasticsearch:9200/cluster_c40f8aa8c9.working_20230804125756/_search?typed_keys=true&max_concurrent_shard_requests=5&ignore_unavailable=false&expand_wildcards=open&allow_no_indices=true&ignore_throttled=true&search_type=query_then_fetch&batched_reduce_size=512&ccs_minimize_roundtrips=true] returned 2 warnings: [299 Elasticsearch-7.16.1-5b38441b16b1ebb16a27c107a4c3865776e20c53 "Elasticsearch built-in security features are not enabled. Without authentication, your cluster could be accessible to anyone. See https://www.elastic.co/guide/en/elasticsearch/reference/7.16/security-minimal-setup.html to enable security."],[299 Elasticsearch-7.16.1-5b38441b16b1ebb16a27c107a4c3865776e20c53 "[ignore_throttled] parameter is deprecated because frozen indices have been deprecated. Consider cold or frozen tiers in place of frozen indices."]
]]></system-out>
  </testcase>
</testsuite>