<?xml version="1.0" encoding="UTF-8"?>
<testsuite xmlns:xsi="http://www.w3.org/2001/XMLSchema-instance" xsi:noNamespaceSchemaLocation="https://maven.apache.org/surefire/maven-failsafe-plugin/xsd/failsafe-test-report-3.0.xsd" version="3.0" name="com.dotcms.api.AssetAPIIntegrationTest" time="78.658" tests="5" errors="0" skipped="0" failures="0">
  <properties>
    <property name="awt.toolkit" value="sun.awt.X11.XToolkit"/>
    <property name="java.specification.version" value="11"/>
    <property name="sun.cpu.isalist" value=""/>
    <property name="test.url" value="http://localhost:8081"/>
    <property name="sun.jnu.encoding" value="UTF-8"/>
    <property name="native.image.path" value="/home/runner/work/core/core/tools/dotcms-cli/api-data-model/target/api-data-model-1.0.0-SNAPSHOT-runner"/>
    <property name="java.class.path" value="/home/runner/work/core/core/tools/dotcms-cli/api-data-model/target/test-classes:/home/runner/work/core/core/tools/dotcms-cli/api-data-model/target/api-data-model-1.0.0-SNAPSHOT.jar:/home/runner/.m2/repository/io/quarkus/quarkus-arc/2.9.1.Final/quarkus-arc-2.9.1.Final.jar:/home/runner/.m2/repository/io/quarkus/arc/arc/2.9.1.Final/arc-2.9.1.Final.jar:/home/runner/.m2/repository/jakarta/enterprise/jakarta.enterprise.cdi-api/2.0.2/jakarta.enterprise.cdi-api-2.0.2.jar:/home/runner/.m2/repository/jakarta/el/jakarta.el-api/3.0.3/jakarta.el-api-3.0.3.jar:/home/runner/.m2/repository/jakarta/annotation/jakarta.annotation-api/1.3.5/jakarta.annotation-api-1.3.5.jar:/home/runner/.m2/repository/jakarta/transaction/jakarta.transaction-api/1.3.3/jakarta.transaction-api-1.3.3.jar:/home/runner/.m2/repository/org/jboss/logging/jboss-logging/3.4.3.Final/jboss-logging-3.4.3.Final.jar:/home/runner/.m2/repository/io/quarkus/quarkus-core/2.9.1.Final/quarkus-core-2.9.1.Final.jar:/home/runner/.m2/repository/jakarta/inject/jakarta.inject-api/1.0/jakarta.inject-api-1.0.jar:/home/runner/.m2/repository/io/quarkus/quarkus-ide-launcher/2.9.1.Final/quarkus-ide-launcher-2.9.1.Final.jar:/home/runner/.m2/repository/io/quarkus/quarkus-development-mode-spi/2.9.1.Final/quarkus-development-mode-spi-2.9.1.Final.jar:/home/runner/.m2/repository/io/smallrye/config/smallrye-config/2.10.0/smallrye-config-2.10.0.jar:/home/runner/.m2/repository/io/smallrye/config/smallrye-config-core/2.10.0/smallrye-config-core-2.10.0.jar:/home/runner/.m2/repository/io/smallrye/common/smallrye-common-expression/1.11.0/smallrye-common-expression-1.11.0.jar:/home/runner/.m2/repository/io/smallrye/common/smallrye-common-function/1.11.0/smallrye-common-function-1.11.0.jar:/home/runner/.m2/repository/io/smallrye/common/smallrye-common-classloader/1.11.0/smallrye-common-classloader-1.11.0.jar:/home/runner/.m2/repository/io/smallrye/config/smallrye-config-common/2.10.0/smallrye-config-common-2.10.0.jar:/home/runner/.m2/repository/org/jboss/logmanager/jboss-logmanager-embedded/1.0.9/jboss-logmanager-embedded-1.0.9.jar:/home/runner/.m2/repository/org/jboss/logging/jboss-logging-annotations/2.2.1.Final/jboss-logging-annotations-2.2.1.Final.jar:/home/runner/.m2/repository/org/jboss/threads/jboss-threads/3.4.2.Final/jboss-threads-3.4.2.Final.jar:/home/runner/.m2/repository/org/jboss/slf4j/slf4j-jboss-logmanager/1.1.0.Final/slf4j-jboss-logmanager-1.1.0.Final.jar:/home/runner/.m2/repository/org/graalvm/sdk/graal-sdk/22.0.0.2/graal-sdk-22.0.0.2.jar:/home/runner/.m2/repository/org/wildfly/common/wildfly-common/1.5.4.Final-format-001/wildfly-common-1.5.4.Final-format-001.jar:/home/runner/.m2/repository/io/quarkus/quarkus-bootstrap-runner/2.9.1.Final/quarkus-bootstrap-runner-2.9.1.Final.jar:/home/runner/.m2/repository/io/quarkus/quarkus-fs-util/0.0.9/quarkus-fs-util-0.0.9.jar:/home/runner/.m2/repository/org/eclipse/microprofile/context-propagation/microprofile-context-propagation-api/1.2/microprofile-context-propagation-api-1.2.jar:/home/runner/.m2/repository/io/quarkus/quarkus-junit5/2.9.1.Final/quarkus-junit5-2.9.1.Final.jar:/home/runner/.m2/repository/io/quarkus/quarkus-bootstrap-core/2.9.1.Final/quarkus-bootstrap-core-2.9.1.Final.jar:/home/runner/.m2/repository/io/quarkus/quarkus-bootstrap-app-model/2.9.1.Final/quarkus-bootstrap-app-model-2.9.1.Final.jar:/home/runner/.m2/repository/io/quarkus/quarkus-bootstrap-gradle-resolver/2.9.1.Final/quarkus-bootstrap-gradle-resolver-2.9.1.Final.jar:/home/runner/.m2/repository/io/smallrye/common/smallrye-common-io/1.11.0/smallrye-common-io-1.11.0.jar:/home/runner/.m2/repository/org/eclipse/sisu/org.eclipse.sisu.inject/0.3.5/org.eclipse.sisu.inject-0.3.5.jar:/home/runner/.m2/repository/io/quarkus/quarkus-test-common/2.9.1.Final/quarkus-test-common-2.9.1.Final.jar:/home/runner/.m2/repository/io/quarkus/quarkus-core-deployment/2.9.1.Final/quarkus-core-deployment-2.9.1.Final.jar:/home/runner/.m2/repository/org/aesh/readline/2.2/readline-2.2.jar:/home/runner/.m2/repository/org/fusesource/jansi/jansi/1.18/jansi-1.18.jar:/home/runner/.m2/repository/org/aesh/aesh/2.6/aesh-2.6.jar:/home/runner/.m2/repository/io/quarkus/gizmo/gizmo/1.0.10.Final/gizmo-1.0.10.Final.jar:/home/runner/.m2/repository/org/ow2/asm/asm-util/9.2/asm-util-9.2.jar:/home/runner/.m2/repository/org/ow2/asm/asm/9.3/asm-9.3.jar:/home/runner/.m2/repository/org/ow2/asm/asm-commons/9.3/asm-commons-9.3.jar:/home/runner/.m2/repository/org/ow2/asm/asm-tree/9.3/asm-tree-9.3.jar:/home/runner/.m2/repository/org/ow2/asm/asm-analysis/9.3/asm-analysis-9.3.jar:/home/runner/.m2/repository/io/quarkus/quarkus-class-change-agent/2.9.1.Final/quarkus-class-change-agent-2.9.1.Final.jar:/home/runner/.m2/repository/io/quarkus/quarkus-devtools-utilities/2.9.1.Final/quarkus-devtools-utilities-2.9.1.Final.jar:/home/runner/.m2/repository/io/quarkus/quarkus-builder/2.9.1.Final/quarkus-builder-2.9.1.Final.jar:/home/runner/.m2/repository/org/junit/platform/junit-platform-launcher/1.8.2/junit-platform-launcher-1.8.2.jar:/home/runner/.m2/repository/org/jboss/jandex/2.4.2.Final/jandex-2.4.2.Final.jar:/home/runner/.m2/repository/io/quarkus/quarkus-junit5-properties/2.9.1.Final/quarkus-junit5-properties-2.9.1.Final.jar:/home/runner/.m2/repository/com/thoughtworks/xstream/xstream/1.4.19/xstream-1.4.19.jar:/home/runner/.m2/repository/io/github/x-stream/mxparser/1.2.2/mxparser-1.2.2.jar:/home/runner/.m2/repository/xmlpull/xmlpull/1.1.3.1/xmlpull-1.1.3.1.jar:/home/runner/.m2/repository/org/immutables/value/2.8.2/value-2.8.2.jar:/home/runner/.m2/repository/io/quarkus/quarkus-resteasy-reactive-jackson/2.9.1.Final/quarkus-resteasy-reactive-jackson-2.9.1.Final.jar:/home/runner/.m2/repository/io/quarkus/quarkus-resteasy-reactive/2.9.1.Final/quarkus-resteasy-reactive-2.9.1.Final.jar:/home/runner/.m2/repository/io/quarkus/quarkus-resteasy-reactive-common/2.9.1.Final/quarkus-resteasy-reactive-common-2.9.1.Final.jar:/home/runner/.m2/repository/io/quarkus/resteasy/reactive/resteasy-reactive-common/2.9.1.Final/resteasy-reactive-common-2.9.1.Final.jar:/home/runner/.m2/repository/io/quarkus/resteasy/reactive/resteasy-reactive-vertx/2.9.1.Final/resteasy-reactive-vertx-2.9.1.Final.jar:/home/runner/.m2/repository/io/smallrye/reactive/smallrye-mutiny-vertx-core/2.21.0/smallrye-mutiny-vertx-core-2.21.0.jar:/home/runner/.m2/repository/io/smallrye/reactive/smallrye-mutiny-vertx-runtime/2.21.0/smallrye-mutiny-vertx-runtime-2.21.0.jar:/home/runner/.m2/repository/io/smallrye/reactive/vertx-mutiny-generator/2.21.0/vertx-mutiny-generator-2.21.0.jar:/home/runner/.m2/repository/io/vertx/vertx-codegen/4.2.7/vertx-codegen-4.2.7.jar:/home/runner/.m2/repository/io/quarkus/resteasy/reactive/resteasy-reactive/2.9.1.Final/resteasy-reactive-2.9.1.Final.jar:/home/runner/.m2/repository/org/jboss/spec/javax/ws/rs/jboss-jaxrs-api_2.1_spec/2.0.1.Final/jboss-jaxrs-api_2.1_spec-2.0.1.Final.jar:/home/runner/.m2/repository/io/quarkus/quarkus-jsonp/2.9.1.Final/quarkus-jsonp-2.9.1.Final.jar:/home/runner/.m2/repository/org/glassfish/jakarta.json/1.1.6/jakarta.json-1.1.6.jar:/home/runner/.m2/repository/io/quarkus/quarkus-resteasy-reactive-jackson-common/2.9.1.Final/quarkus-resteasy-reactive-jackson-common-2.9.1.Final.jar:/home/runner/.m2/repository/io/quarkus/resteasy/reactive/resteasy-reactive-jackson/2.9.1.Final/resteasy-reactive-jackson-2.9.1.Final.jar:/home/runner/.m2/repository/com/google/code/findbugs/jsr305/3.0.2/jsr305-3.0.2.jar:/home/runner/.m2/repository/io/rest-assured/rest-assured/4.5.1/rest-assured-4.5.1.jar:/home/runner/.m2/repository/org/codehaus/groovy/groovy/3.0.9/groovy-3.0.9.jar:/home/runner/.m2/repository/org/codehaus/groovy/groovy-xml/3.0.9/groovy-xml-3.0.9.jar:/home/runner/.m2/repository/org/apache/httpcomponents/httpclient/4.5.13/httpclient-4.5.13.jar:/home/runner/.m2/repository/org/apache/httpcomponents/httpcore/4.4.15/httpcore-4.4.15.jar:/home/runner/.m2/repository/commons-codec/commons-codec/1.15/commons-codec-1.15.jar:/home/runner/.m2/repository/org/apache/httpcomponents/httpmime/4.5.13/httpmime-4.5.13.jar:/home/runner/.m2/repository/org/hamcrest/hamcrest/2.1/hamcrest-2.1.jar:/home/runner/.m2/repository/org/ccil/cowan/tagsoup/tagsoup/1.2.1/tagsoup-1.2.1.jar:/home/runner/.m2/repository/io/rest-assured/json-path/4.5.1/json-path-4.5.1.jar:/home/runner/.m2/repository/org/codehaus/groovy/groovy-json/3.0.9/groovy-json-3.0.9.jar:/home/runner/.m2/repository/io/rest-assured/rest-assured-common/4.5.1/rest-assured-common-4.5.1.jar:/home/runner/.m2/repository/io/rest-assured/xml-path/4.5.1/xml-path-4.5.1.jar:/home/runner/.m2/repository/org/apache/commons/commons-lang3/3.12.0/commons-lang3-3.12.0.jar:/home/runner/.m2/repository/com/github/jonpeterson/jackson-module-model-versioning/1.2.2/jackson-module-model-versioning-1.2.2.jar:/home/runner/.m2/repository/com/fasterxml/jackson/core/jackson-databind/2.13.2.2/jackson-databind-2.13.2.2.jar:/home/runner/.m2/repository/com/fasterxml/jackson/core/jackson-annotations/2.13.2/jackson-annotations-2.13.2.jar:/home/runner/.m2/repository/com/fasterxml/jackson/datatype/jackson-datatype-guava/2.13.3/jackson-datatype-guava-2.13.3.jar:/home/runner/.m2/repository/com/google/guava/guava/31.1-jre/guava-31.1-jre.jar:/home/runner/.m2/repository/com/google/guava/failureaccess/1.0.1/failureaccess-1.0.1.jar:/home/runner/.m2/repository/org/checkerframework/checker-qual/3.21.4/checker-qual-3.21.4.jar:/home/runner/.m2/repository/com/google/errorprone/error_prone_annotations/2.13.1/error_prone_annotations-2.13.1.jar:/home/runner/.m2/repository/com/google/j2objc/j2objc-annotations/1.3/j2objc-annotations-1.3.jar:/home/runner/.m2/repository/com/fasterxml/jackson/core/jackson-core/2.13.2/jackson-core-2.13.2.jar:/home/runner/.m2/repository/io/quarkus/quarkus-smallrye-openapi/2.9.1.Final/quarkus-smallrye-openapi-2.9.1.Final.jar:/home/runner/.m2/repository/io/smallrye/smallrye-open-api-core/2.1.22/smallrye-open-api-core-2.1.22.jar:/home/runner/.m2/repository/org/eclipse/microprofile/openapi/microprofile-openapi-api/2.0.1/microprofile-openapi-api-2.0.1.jar:/home/runner/.m2/repository/org/eclipse/microprofile/config/microprofile-config-api/2.0.1/microprofile-config-api-2.0.1.jar:/home/runner/.m2/repository/io/quarkus/quarkus-vertx-http/2.9.1.Final/quarkus-vertx-http-2.9.1.Final.jar:/home/runner/.m2/repository/io/quarkus/quarkus-security-runtime-spi/2.9.1.Final/quarkus-security-runtime-spi-2.9.1.Final.jar:/home/runner/.m2/repository/io/quarkus/quarkus-mutiny/2.9.1.Final/quarkus-mutiny-2.9.1.Final.jar:/home/runner/.m2/repository/io/smallrye/reactive/mutiny/1.4.0/mutiny-1.4.0.jar:/home/runner/.m2/repository/io/quarkus/quarkus-smallrye-context-propagation/2.9.1.Final/quarkus-smallrye-context-propagation-2.9.1.Final.jar:/home/runner/.m2/repository/io/smallrye/smallrye-context-propagation/1.2.2/smallrye-context-propagation-1.2.2.jar:/home/runner/.m2/repository/io/smallrye/smallrye-context-propagation-api/1.2.2/smallrye-context-propagation-api-1.2.2.jar:/home/runner/.m2/repository/io/smallrye/smallrye-context-propagation-storage/1.2.2/smallrye-context-propagation-storage-1.2.2.jar:/home/runner/.m2/repository/io/smallrye/reactive/mutiny-smallrye-context-propagation/1.4.0/mutiny-smallrye-context-propagation-1.4.0.jar:/home/runner/.m2/repository/io/smallrye/common/smallrye-common-vertx-context/1.11.0/smallrye-common-vertx-context-1.11.0.jar:/home/runner/.m2/repository/io/vertx/vertx-core/4.2.7/vertx-core-4.2.7.jar:/home/runner/.m2/repository/io/netty/netty-common/4.1.74.Final/netty-common-4.1.74.Final.jar:/home/runner/.m2/repository/io/netty/netty-buffer/4.1.74.Final/netty-buffer-4.1.74.Final.jar:/home/runner/.m2/repository/io/netty/netty-transport/4.1.74.Final/netty-transport-4.1.74.Final.jar:/home/runner/.m2/repository/io/netty/netty-handler/4.1.74.Final/netty-handler-4.1.74.Final.jar:/home/runner/.m2/repository/io/netty/netty-tcnative-classes/2.0.48.Final/netty-tcnative-classes-2.0.48.Final.jar:/home/runner/.m2/repository/io/netty/netty-handler-proxy/4.1.74.Final/netty-handler-proxy-4.1.74.Final.jar:/home/runner/.m2/repository/io/netty/netty-codec-socks/4.1.74.Final/netty-codec-socks-4.1.74.Final.jar:/home/runner/.m2/repository/io/netty/netty-codec-http/4.1.74.Final/netty-codec-http-4.1.74.Final.jar:/home/runner/.m2/repository/io/netty/netty-codec-http2/4.1.74.Final/netty-codec-http2-4.1.74.Final.jar:/home/runner/.m2/repository/io/netty/netty-resolver/4.1.74.Final/netty-resolver-4.1.74.Final.jar:/home/runner/.m2/repository/io/netty/netty-resolver-dns/4.1.74.Final/netty-resolver-dns-4.1.74.Final.jar:/home/runner/.m2/repository/io/netty/netty-codec-dns/4.1.74.Final/netty-codec-dns-4.1.74.Final.jar:/home/runner/.m2/repository/io/smallrye/common/smallrye-common-constraint/1.11.0/smallrye-common-constraint-1.11.0.jar:/home/runner/.m2/repository/io/quarkus/quarkus-vertx-http-dev-console-runtime-spi/2.9.1.Final/quarkus-vertx-http-dev-console-runtime-spi-2.9.1.Final.jar:/home/runner/.m2/repository/io/quarkus/security/quarkus-security/1.1.4.Final/quarkus-security-1.1.4.Final.jar:/home/runner/.m2/repository/io/quarkus/quarkus-vertx/2.9.1.Final/quarkus-vertx-2.9.1.Final.jar:/home/runner/.m2/repository/io/quarkus/quarkus-netty/2.9.1.Final/quarkus-netty-2.9.1.Final.jar:/home/runner/.m2/repository/io/netty/netty-codec/4.1.74.Final/netty-codec-4.1.74.Final.jar:/home/runner/.m2/repository/io/netty/netty-codec-haproxy/4.1.74.Final/netty-codec-haproxy-4.1.74.Final.jar:/home/runner/.m2/repository/io/smallrye/common/smallrye-common-annotation/1.11.0/smallrye-common-annotation-1.11.0.jar:/home/runner/.m2/repository/io/smallrye/smallrye-fault-tolerance-vertx/5.4.0/smallrye-fault-tolerance-vertx-5.4.0.jar:/home/runner/.m2/repository/io/smallrye/reactive/smallrye-mutiny-vertx-web/2.21.0/smallrye-mutiny-vertx-web-2.21.0.jar:/home/runner/.m2/repository/io/smallrye/reactive/smallrye-mutiny-vertx-web-common/2.21.0/smallrye-mutiny-vertx-web-common-2.21.0.jar:/home/runner/.m2/repository/io/smallrye/reactive/smallrye-mutiny-vertx-auth-common/2.21.0/smallrye-mutiny-vertx-auth-common-2.21.0.jar:/home/runner/.m2/repository/io/smallrye/reactive/smallrye-mutiny-vertx-bridge-common/2.21.0/smallrye-mutiny-vertx-bridge-common-2.21.0.jar:/home/runner/.m2/repository/io/vertx/vertx-web/4.2.7/vertx-web-4.2.7.jar:/home/runner/.m2/repository/io/vertx/vertx-web-common/4.2.7/vertx-web-common-4.2.7.jar:/home/runner/.m2/repository/io/vertx/vertx-auth-common/4.2.7/vertx-auth-common-4.2.7.jar:/home/runner/.m2/repository/io/vertx/vertx-bridge-common/4.2.7/vertx-bridge-common-4.2.7.jar:/home/runner/.m2/repository/io/quarkus/quarkus-swagger-ui/2.9.1.Final/quarkus-swagger-ui-2.9.1.Final.jar:/home/runner/.m2/repository/io/quarkus/quarkus-rest-client/2.9.1.Final/quarkus-rest-client-2.9.1.Final.jar:/home/runner/.m2/repository/io/quarkus/quarkus-resteasy-common/2.9.1.Final/quarkus-resteasy-common-2.9.1.Final.jar:/home/runner/.m2/repository/org/jboss/resteasy/resteasy-core/4.7.5.Final/resteasy-core-4.7.5.Final.jar:/home/runner/.m2/repository/org/jboss/resteasy/resteasy-core-spi/4.7.5.Final/resteasy-core-spi-4.7.5.Final.jar:/home/runner/.m2/repository/org/reactivestreams/reactive-streams/1.0.3/reactive-streams-1.0.3.jar:/home/runner/.m2/repository/jakarta/validation/jakarta.validation-api/2.0.2/jakarta.validation-api-2.0.2.jar:/home/runner/.m2/repository/com/ibm/async/asyncutil/0.1.0/asyncutil-0.1.0.jar:/home/runner/.m2/repository/com/sun/activation/jakarta.activation/1.2.1/jakarta.activation-1.2.1.jar:/home/runner/.m2/repository/io/quarkus/quarkus-apache-httpclient/2.9.1.Final/quarkus-apache-httpclient-2.9.1.Final.jar:/home/runner/.m2/repository/io/quarkus/quarkus-rest-client-config/2.9.1.Final/quarkus-rest-client-config-2.9.1.Final.jar:/home/runner/.m2/repository/org/eclipse/microprofile/rest/client/microprofile-rest-client-api/2.0/microprofile-rest-client-api-2.0.jar:/home/runner/.m2/repository/org/jboss/resteasy/resteasy-client-microprofile/4.7.5.Final/resteasy-client-microprofile-4.7.5.Final.jar:/home/runner/.m2/repository/org/jboss/resteasy/resteasy-client-microprofile-base/4.7.5.Final/resteasy-client-microprofile-base-4.7.5.Final.jar:/home/runner/.m2/repository/org/jboss/resteasy/resteasy-client/4.7.5.Final/resteasy-client-4.7.5.Final.jar:/home/runner/.m2/repository/org/jboss/resteasy/resteasy-client-api/4.7.5.Final/resteasy-client-api-4.7.5.Final.jar:/home/runner/.m2/repository/commons-io/commons-io/2.11.0/commons-io-2.11.0.jar:/home/runner/.m2/repository/org/jboss/resteasy/resteasy-cdi/4.7.5.Final/resteasy-cdi-4.7.5.Final.jar:/home/runner/.m2/repository/jakarta/interceptor/jakarta.interceptor-api/1.2.5/jakarta.interceptor-api-1.2.5.jar:/home/runner/.m2/repository/org/apache/httpcomponents/httpasyncclient/4.1.5/httpasyncclient-4.1.5.jar:/home/runner/.m2/repository/org/apache/httpcomponents/httpcore-nio/4.4.15/httpcore-nio-4.4.15.jar:/home/runner/.m2/repository/org/jboss/logging/commons-logging-jboss-logging/1.0.0.Final/commons-logging-jboss-logging-1.0.0.Final.jar:/home/runner/.m2/repository/io/quarkus/quarkus-rest-client-jackson/2.9.1.Final/quarkus-rest-client-jackson-2.9.1.Final.jar:/home/runner/.m2/repository/io/quarkus/quarkus-jackson/2.9.1.Final/quarkus-jackson-2.9.1.Final.jar:/home/runner/.m2/repository/com/fasterxml/jackson/datatype/jackson-datatype-jsr310/2.13.2/jackson-datatype-jsr310-2.13.2.jar:/home/runner/.m2/repository/com/fasterxml/jackson/datatype/jackson-datatype-jdk8/2.13.2/jackson-datatype-jdk8-2.13.2.jar:/home/runner/.m2/repository/com/fasterxml/jackson/module/jackson-module-parameter-names/2.13.2/jackson-module-parameter-names-2.13.2.jar:/home/runner/.m2/repository/org/jboss/resteasy/resteasy-jackson2-provider/4.7.5.Final/resteasy-jackson2-provider-4.7.5.Final.jar:/home/runner/.m2/repository/com/fasterxml/jackson/jaxrs/jackson-jaxrs-json-provider/2.13.2/jackson-jaxrs-json-provider-2.13.2.jar:/home/runner/.m2/repository/com/fasterxml/jackson/jaxrs/jackson-jaxrs-base/2.13.2/jackson-jaxrs-base-2.13.2.jar:/home/runner/.m2/repository/com/fasterxml/jackson/module/jackson-module-jaxb-annotations/2.13.2/jackson-module-jaxb-annotations-2.13.2.jar:/home/runner/.m2/repository/com/github/java-json-tools/json-patch/1.13/json-patch-1.13.jar:/home/runner/.m2/repository/com/github/java-json-tools/msg-simple/1.2/msg-simple-1.2.jar:/home/runner/.m2/repository/com/github/java-json-tools/btf/1.3/btf-1.3.jar:/home/runner/.m2/repository/com/github/java-json-tools/jackson-coreutils/2.0/jackson-coreutils-2.0.jar:/home/runner/.m2/repository/org/jboss/spec/javax/xml/bind/jboss-jaxb-api_2.3_spec/2.0.0.Final/jboss-jaxb-api_2.3_spec-2.0.0.Final.jar:/home/runner/.m2/repository/com/fasterxml/jackson/dataformat/jackson-dataformat-yaml/2.13.2/jackson-dataformat-yaml-2.13.2.jar:/home/runner/.m2/repository/org/yaml/snakeyaml/1.30/snakeyaml-1.30.jar:/home/runner/.m2/repository/io/quarkus/quarkus-devtools-registry-client/2.9.1.Final/quarkus-devtools-registry-client-2.9.1.Final.jar:/home/runner/.m2/repository/io/quarkus/quarkus-devtools-artifact-api/2.9.1.Final/quarkus-devtools-artifact-api-2.9.1.Final.jar:/home/runner/.m2/repository/io/quarkus/quarkus-devtools-message-writer/2.9.1.Final/quarkus-devtools-message-writer-2.9.1.Final.jar:/home/runner/.m2/repository/io/smallrye/common/smallrye-common-os/1.11.0/smallrye-common-os-1.11.0.jar:/home/runner/.m2/repository/io/quarkus/quarkus-bootstrap-maven-resolver/2.9.1.Final/quarkus-bootstrap-maven-resolver-2.9.1.Final.jar:/home/runner/.m2/repository/org/apache/maven/maven-embedder/3.8.4/maven-embedder-3.8.4.jar:/home/runner/.m2/repository/org/apache/maven/maven-settings/3.8.4/maven-settings-3.8.4.jar:/home/runner/.m2/repository/org/apache/maven/maven-core/3.8.4/maven-core-3.8.4.jar:/home/runner/.m2/repository/org/apache/maven/maven-artifact/3.8.4/maven-artifact-3.8.4.jar:/home/runner/.m2/repository/org/codehaus/plexus/plexus-component-annotations/2.1.0/plexus-component-annotations-2.1.0.jar:/home/runner/.m2/repository/org/apache/maven/maven-plugin-api/3.8.4/maven-plugin-api-3.8.4.jar:/home/runner/.m2/repository/org/apache/maven/maven-model/3.8.4/maven-model-3.8.4.jar:/home/runner/.m2/repository/org/apache/maven/maven-model-builder/3.8.4/maven-model-builder-3.8.4.jar:/home/runner/.m2/repository/org/apache/maven/maven-builder-support/3.8.4/maven-builder-support-3.8.4.jar:/home/runner/.m2/repository/org/apache/maven/resolver/maven-resolver-api/1.6.3/maven-resolver-api-1.6.3.jar:/home/runner/.m2/repository/org/apache/maven/resolver/maven-resolver-util/1.6.3/maven-resolver-util-1.6.3.jar:/home/runner/.m2/repository/org/apache/maven/shared/maven-shared-utils/3.3.4/maven-shared-utils-3.3.4.jar:/home/runner/.m2/repository/com/google/inject/guice/4.2.2/guice-4.2.2-no_aop.jar:/home/runner/.m2/repository/org/codehaus/plexus/plexus-classworlds/2.6.0/plexus-classworlds-2.6.0.jar:/home/runner/.m2/repository/org/codehaus/plexus/plexus-sec-dispatcher/2.0/plexus-sec-dispatcher-2.0.jar:/home/runner/.m2/repository/org/codehaus/plexus/plexus-cipher/2.0/plexus-cipher-2.0.jar:/home/runner/.m2/repository/commons-cli/commons-cli/1.4/commons-cli-1.4.jar:/home/runner/.m2/repository/org/eclipse/sisu/org.eclipse.sisu.plexus/0.3.5/org.eclipse.sisu.plexus-0.3.5.jar:/home/runner/.m2/repository/org/apache/maven/maven-settings-builder/3.8.4/maven-settings-builder-3.8.4.jar:/home/runner/.m2/repository/org/codehaus/plexus/plexus-interpolation/1.26/plexus-interpolation-1.26.jar:/home/runner/.m2/repository/org/apache/maven/maven-resolver-provider/3.8.4/maven-resolver-provider-3.8.4.jar:/home/runner/.m2/repository/org/apache/maven/maven-repository-metadata/3.8.4/maven-repository-metadata-3.8.4.jar:/home/runner/.m2/repository/org/apache/maven/resolver/maven-resolver-spi/1.6.3/maven-resolver-spi-1.6.3.jar:/home/runner/.m2/repository/org/apache/maven/resolver/maven-resolver-impl/1.6.3/maven-resolver-impl-1.6.3.jar:/home/runner/.m2/repository/org/codehaus/plexus/plexus-utils/3.3.0/plexus-utils-3.3.0.jar:/home/runner/.m2/repository/org/apache/maven/resolver/maven-resolver-connector-basic/1.6.3/maven-resolver-connector-basic-1.6.3.jar:/home/runner/.m2/repository/org/apache/maven/resolver/maven-resolver-transport-wagon/1.6.3/maven-resolver-transport-wagon-1.6.3.jar:/home/runner/.m2/repository/org/apache/maven/wagon/wagon-http/3.4.3/wagon-http-3.4.3.jar:/home/runner/.m2/repository/org/apache/maven/wagon/wagon-http-shared/3.4.3/wagon-http-shared-3.4.3.jar:/home/runner/.m2/repository/org/jsoup/jsoup/1.14.2/jsoup-1.14.2.jar:/home/runner/.m2/repository/org/apache/maven/wagon/wagon-provider-api/3.4.3/wagon-provider-api-3.4.3.jar:/home/runner/.m2/repository/org/apache/maven/wagon/wagon-file/3.4.3/wagon-file-3.4.3.jar:/home/runner/.m2/repository/org/junit/jupiter/junit-jupiter/5.8.2/junit-jupiter-5.8.2.jar:/home/runner/.m2/repository/org/junit/jupiter/junit-jupiter-api/5.8.2/junit-jupiter-api-5.8.2.jar:/home/runner/.m2/repository/org/opentest4j/opentest4j/1.2.0/opentest4j-1.2.0.jar:/home/runner/.m2/repository/org/junit/platform/junit-platform-commons/1.8.2/junit-platform-commons-1.8.2.jar:/home/runner/.m2/repository/org/apiguardian/apiguardian-api/1.1.2/apiguardian-api-1.1.2.jar:/home/runner/.m2/repository/org/junit/jupiter/junit-jupiter-params/5.8.2/junit-jupiter-params-5.8.2.jar:/home/runner/.m2/repository/org/junit/jupiter/junit-jupiter-engine/5.8.2/junit-jupiter-engine-5.8.2.jar:/home/runner/.m2/repository/org/junit/platform/junit-platform-engine/1.8.2/junit-platform-engine-1.8.2.jar:/home/runner/.m2/repository/org/testcontainers/junit-jupiter/1.17.6/junit-jupiter-1.17.6.jar:/home/runner/.m2/repository/org/testcontainers/testcontainers/1.17.6/testcontainers-1.17.6.jar:/home/runner/.m2/repository/junit/junit/4.13.2/junit-4.13.2.jar:/home/runner/.m2/repository/org/slf4j/slf4j-api/1.7.36/slf4j-api-1.7.36.jar:/home/runner/.m2/repository/org/apache/commons/commons-compress/1.21/commons-compress-1.21.jar:/home/runner/.m2/repository/org/rnorth/duct-tape/duct-tape/1.0.8/duct-tape-1.0.8.jar:/home/runner/.m2/repository/org/jetbrains/annotations/17.0.0/annotations-17.0.0.jar:/home/runner/.m2/repository/com/github/docker-java/docker-java-api/3.2.13/docker-java-api-3.2.13.jar:/home/runner/.m2/repository/com/github/docker-java/docker-java-transport-zerodep/3.2.13/docker-java-transport-zerodep-3.2.13.jar:/home/runner/.m2/repository/com/github/docker-java/docker-java-transport/3.2.13/docker-java-transport-3.2.13.jar:/home/runner/.m2/repository/net/java/dev/jna/jna/5.8.0/jna-5.8.0.jar:/home/runner/.m2/repository/org/testcontainers/postgresql/1.17.6/postgresql-1.17.6.jar:/home/runner/.m2/repository/org/testcontainers/jdbc/1.17.1/jdbc-1.17.1.jar:/home/runner/.m2/repository/org/testcontainers/database-commons/1.17.1/database-commons-1.17.1.jar:/home/runner/.m2/repository/org/testcontainers/elasticsearch/1.17.6/elasticsearch-1.17.6.jar:"/>
    <property name="java.vm.vendor" value="Eclipse Adoptium"/>
    <property name="sun.arch.data.model" value="64"/>
    <property name="java.vendor.url" value="https://adoptium.net/"/>
    <property name="user.timezone" value="Etc/UTC"/>
    <property name="java.vm.specification.version" value="11"/>
    <property name="os.name" value="Linux"/>
    <property name="sun.java.launcher" value="SUN_STANDARD"/>
    <property name="mp.openapi.extensions.smallrye.defaultProduces" value="application/json"/>
    <property name="sun.boot.library.path" value="/usr/lib/jvm/temurin-11-jdk-amd64/lib"/>
    <property name="sun.java.command" value="/home/runner/work/core/core/tools/dotcms-cli/api-data-model/target/surefire/surefirebooter13931296712641684980.jar /home/runner/work/core/core/tools/dotcms-cli/api-data-model/target/surefire 2023-08-04T12-56-51_547-jvmRun1 surefire423196131576930557tmp surefire_015772629695677773567tmp"/>
    <property name="jdk.debug" value="release"/>
    <property name="maven.home" value="/home/runner/.m2/wrapper/dists/apache-maven-3.8.4-bin/52ccbt68d252mdldqsfsn03jlf/apache-maven-3.8.4"/>
    <property name="surefire.test.class.path" value="/home/runner/work/core/core/tools/dotcms-cli/api-data-model/target/test-classes:/home/runner/work/core/core/tools/dotcms-cli/api-data-model/target/api-data-model-1.0.0-SNAPSHOT.jar:/home/runner/.m2/repository/io/quarkus/quarkus-arc/2.9.1.Final/quarkus-arc-2.9.1.Final.jar:/home/runner/.m2/repository/io/quarkus/arc/arc/2.9.1.Final/arc-2.9.1.Final.jar:/home/runner/.m2/repository/jakarta/enterprise/jakarta.enterprise.cdi-api/2.0.2/jakarta.enterprise.cdi-api-2.0.2.jar:/home/runner/.m2/repository/jakarta/el/jakarta.el-api/3.0.3/jakarta.el-api-3.0.3.jar:/home/runner/.m2/repository/jakarta/annotation/jakarta.annotation-api/1.3.5/jakarta.annotation-api-1.3.5.jar:/home/runner/.m2/repository/jakarta/transaction/jakarta.transaction-api/1.3.3/jakarta.transaction-api-1.3.3.jar:/home/runner/.m2/repository/org/jboss/logging/jboss-logging/3.4.3.Final/jboss-logging-3.4.3.Final.jar:/home/runner/.m2/repository/io/quarkus/quarkus-core/2.9.1.Final/quarkus-core-2.9.1.Final.jar:/home/runner/.m2/repository/jakarta/inject/jakarta.inject-api/1.0/jakarta.inject-api-1.0.jar:/home/runner/.m2/repository/io/quarkus/quarkus-ide-launcher/2.9.1.Final/quarkus-ide-launcher-2.9.1.Final.jar:/home/runner/.m2/repository/io/quarkus/quarkus-development-mode-spi/2.9.1.Final/quarkus-development-mode-spi-2.9.1.Final.jar:/home/runner/.m2/repository/io/smallrye/config/smallrye-config/2.10.0/smallrye-config-2.10.0.jar:/home/runner/.m2/repository/io/smallrye/config/smallrye-config-core/2.10.0/smallrye-config-core-2.10.0.jar:/home/runner/.m2/repository/io/smallrye/common/smallrye-common-expression/1.11.0/smallrye-common-expression-1.11.0.jar:/home/runner/.m2/repository/io/smallrye/common/smallrye-common-function/1.11.0/smallrye-common-function-1.11.0.jar:/home/runner/.m2/repository/io/smallrye/common/smallrye-common-classloader/1.11.0/smallrye-common-classloader-1.11.0.jar:/home/runner/.m2/repository/io/smallrye/config/smallrye-config-common/2.10.0/smallrye-config-common-2.10.0.jar:/home/runner/.m2/repository/org/jboss/logmanager/jboss-logmanager-embedded/1.0.9/jboss-logmanager-embedded-1.0.9.jar:/home/runner/.m2/repository/org/jboss/logging/jboss-logging-annotations/2.2.1.Final/jboss-logging-annotations-2.2.1.Final.jar:/home/runner/.m2/repository/org/jboss/threads/jboss-threads/3.4.2.Final/jboss-threads-3.4.2.Final.jar:/home/runner/.m2/repository/org/jboss/slf4j/slf4j-jboss-logmanager/1.1.0.Final/slf4j-jboss-logmanager-1.1.0.Final.jar:/home/runner/.m2/repository/org/graalvm/sdk/graal-sdk/22.0.0.2/graal-sdk-22.0.0.2.jar:/home/runner/.m2/repository/org/wildfly/common/wildfly-common/1.5.4.Final-format-001/wildfly-common-1.5.4.Final-format-001.jar:/home/runner/.m2/repository/io/quarkus/quarkus-bootstrap-runner/2.9.1.Final/quarkus-bootstrap-runner-2.9.1.Final.jar:/home/runner/.m2/repository/io/quarkus/quarkus-fs-util/0.0.9/quarkus-fs-util-0.0.9.jar:/home/runner/.m2/repository/org/eclipse/microprofile/context-propagation/microprofile-context-propagation-api/1.2/microprofile-context-propagation-api-1.2.jar:/home/runner/.m2/repository/io/quarkus/quarkus-junit5/2.9.1.Final/quarkus-junit5-2.9.1.Final.jar:/home/runner/.m2/repository/io/quarkus/quarkus-bootstrap-core/2.9.1.Final/quarkus-bootstrap-core-2.9.1.Final.jar:/home/runner/.m2/repository/io/quarkus/quarkus-bootstrap-app-model/2.9.1.Final/quarkus-bootstrap-app-model-2.9.1.Final.jar:/home/runner/.m2/repository/io/quarkus/quarkus-bootstrap-gradle-resolver/2.9.1.Final/quarkus-bootstrap-gradle-resolver-2.9.1.Final.jar:/home/runner/.m2/repository/io/smallrye/common/smallrye-common-io/1.11.0/smallrye-common-io-1.11.0.jar:/home/runner/.m2/repository/org/eclipse/sisu/org.eclipse.sisu.inject/0.3.5/org.eclipse.sisu.inject-0.3.5.jar:/home/runner/.m2/repository/io/quarkus/quarkus-test-common/2.9.1.Final/quarkus-test-common-2.9.1.Final.jar:/home/runner/.m2/repository/io/quarkus/quarkus-core-deployment/2.9.1.Final/quarkus-core-deployment-2.9.1.Final.jar:/home/runner/.m2/repository/org/aesh/readline/2.2/readline-2.2.jar:/home/runner/.m2/repository/org/fusesource/jansi/jansi/1.18/jansi-1.18.jar:/home/runner/.m2/repository/org/aesh/aesh/2.6/aesh-2.6.jar:/home/runner/.m2/repository/io/quarkus/gizmo/gizmo/1.0.10.Final/gizmo-1.0.10.Final.jar:/home/runner/.m2/repository/org/ow2/asm/asm-util/9.2/asm-util-9.2.jar:/home/runner/.m2/repository/org/ow2/asm/asm/9.3/asm-9.3.jar:/home/runner/.m2/repository/org/ow2/asm/asm-commons/9.3/asm-commons-9.3.jar:/home/runner/.m2/repository/org/ow2/asm/asm-tree/9.3/asm-tree-9.3.jar:/home/runner/.m2/repository/org/ow2/asm/asm-analysis/9.3/asm-analysis-9.3.jar:/home/runner/.m2/repository/io/quarkus/quarkus-class-change-agent/2.9.1.Final/quarkus-class-change-agent-2.9.1.Final.jar:/home/runner/.m2/repository/io/quarkus/quarkus-devtools-utilities/2.9.1.Final/quarkus-devtools-utilities-2.9.1.Final.jar:/home/runner/.m2/repository/io/quarkus/quarkus-builder/2.9.1.Final/quarkus-builder-2.9.1.Final.jar:/home/runner/.m2/repository/org/junit/platform/junit-platform-launcher/1.8.2/junit-platform-launcher-1.8.2.jar:/home/runner/.m2/repository/org/jboss/jandex/2.4.2.Final/jandex-2.4.2.Final.jar:/home/runner/.m2/repository/io/quarkus/quarkus-junit5-properties/2.9.1.Final/quarkus-junit5-properties-2.9.1.Final.jar:/home/runner/.m2/repository/com/thoughtworks/xstream/xstream/1.4.19/xstream-1.4.19.jar:/home/runner/.m2/repository/io/github/x-stream/mxparser/1.2.2/mxparser-1.2.2.jar:/home/runner/.m2/repository/xmlpull/xmlpull/1.1.3.1/xmlpull-1.1.3.1.jar:/home/runner/.m2/repository/org/immutables/value/2.8.2/value-2.8.2.jar:/home/runner/.m2/repository/io/quarkus/quarkus-resteasy-reactive-jackson/2.9.1.Final/quarkus-resteasy-reactive-jackson-2.9.1.Final.jar:/home/runner/.m2/repository/io/quarkus/quarkus-resteasy-reactive/2.9.1.Final/quarkus-resteasy-reactive-2.9.1.Final.jar:/home/runner/.m2/repository/io/quarkus/quarkus-resteasy-reactive-common/2.9.1.Final/quarkus-resteasy-reactive-common-2.9.1.Final.jar:/home/runner/.m2/repository/io/quarkus/resteasy/reactive/resteasy-reactive-common/2.9.1.Final/resteasy-reactive-common-2.9.1.Final.jar:/home/runner/.m2/repository/io/quarkus/resteasy/reactive/resteasy-reactive-vertx/2.9.1.Final/resteasy-reactive-vertx-2.9.1.Final.jar:/home/runner/.m2/repository/io/smallrye/reactive/smallrye-mutiny-vertx-core/2.21.0/smallrye-mutiny-vertx-core-2.21.0.jar:/home/runner/.m2/repository/io/smallrye/reactive/smallrye-mutiny-vertx-runtime/2.21.0/smallrye-mutiny-vertx-runtime-2.21.0.jar:/home/runner/.m2/repository/io/smallrye/reactive/vertx-mutiny-generator/2.21.0/vertx-mutiny-generator-2.21.0.jar:/home/runner/.m2/repository/io/vertx/vertx-codegen/4.2.7/vertx-codegen-4.2.7.jar:/home/runner/.m2/repository/io/quarkus/resteasy/reactive/resteasy-reactive/2.9.1.Final/resteasy-reactive-2.9.1.Final.jar:/home/runner/.m2/repository/org/jboss/spec/javax/ws/rs/jboss-jaxrs-api_2.1_spec/2.0.1.Final/jboss-jaxrs-api_2.1_spec-2.0.1.Final.jar:/home/runner/.m2/repository/io/quarkus/quarkus-jsonp/2.9.1.Final/quarkus-jsonp-2.9.1.Final.jar:/home/runner/.m2/repository/org/glassfish/jakarta.json/1.1.6/jakarta.json-1.1.6.jar:/home/runner/.m2/repository/io/quarkus/quarkus-resteasy-reactive-jackson-common/2.9.1.Final/quarkus-resteasy-reactive-jackson-common-2.9.1.Final.jar:/home/runner/.m2/repository/io/quarkus/resteasy/reactive/resteasy-reactive-jackson/2.9.1.Final/resteasy-reactive-jackson-2.9.1.Final.jar:/home/runner/.m2/repository/com/google/code/findbugs/jsr305/3.0.2/jsr305-3.0.2.jar:/home/runner/.m2/repository/io/rest-assured/rest-assured/4.5.1/rest-assured-4.5.1.jar:/home/runner/.m2/repository/org/codehaus/groovy/groovy/3.0.9/groovy-3.0.9.jar:/home/runner/.m2/repository/org/codehaus/groovy/groovy-xml/3.0.9/groovy-xml-3.0.9.jar:/home/runner/.m2/repository/org/apache/httpcomponents/httpclient/4.5.13/httpclient-4.5.13.jar:/home/runner/.m2/repository/org/apache/httpcomponents/httpcore/4.4.15/httpcore-4.4.15.jar:/home/runner/.m2/repository/commons-codec/commons-codec/1.15/commons-codec-1.15.jar:/home/runner/.m2/repository/org/apache/httpcomponents/httpmime/4.5.13/httpmime-4.5.13.jar:/home/runner/.m2/repository/org/hamcrest/hamcrest/2.1/hamcrest-2.1.jar:/home/runner/.m2/repository/org/ccil/cowan/tagsoup/tagsoup/1.2.1/tagsoup-1.2.1.jar:/home/runner/.m2/repository/io/rest-assured/json-path/4.5.1/json-path-4.5.1.jar:/home/runner/.m2/repository/org/codehaus/groovy/groovy-json/3.0.9/groovy-json-3.0.9.jar:/home/runner/.m2/repository/io/rest-assured/rest-assured-common/4.5.1/rest-assured-common-4.5.1.jar:/home/runner/.m2/repository/io/rest-assured/xml-path/4.5.1/xml-path-4.5.1.jar:/home/runner/.m2/repository/org/apache/commons/commons-lang3/3.12.0/commons-lang3-3.12.0.jar:/home/runner/.m2/repository/com/github/jonpeterson/jackson-module-model-versioning/1.2.2/jackson-module-model-versioning-1.2.2.jar:/home/runner/.m2/repository/com/fasterxml/jackson/core/jackson-databind/2.13.2.2/jackson-databind-2.13.2.2.jar:/home/runner/.m2/repository/com/fasterxml/jackson/core/jackson-annotations/2.13.2/jackson-annotations-2.13.2.jar:/home/runner/.m2/repository/com/fasterxml/jackson/datatype/jackson-datatype-guava/2.13.3/jackson-datatype-guava-2.13.3.jar:/home/runner/.m2/repository/com/google/guava/guava/31.1-jre/guava-31.1-jre.jar:/home/runner/.m2/repository/com/google/guava/failureaccess/1.0.1/failureaccess-1.0.1.jar:/home/runner/.m2/repository/org/checkerframework/checker-qual/3.21.4/checker-qual-3.21.4.jar:/home/runner/.m2/repository/com/google/errorprone/error_prone_annotations/2.13.1/error_prone_annotations-2.13.1.jar:/home/runner/.m2/repository/com/google/j2objc/j2objc-annotations/1.3/j2objc-annotations-1.3.jar:/home/runner/.m2/repository/com/fasterxml/jackson/core/jackson-core/2.13.2/jackson-core-2.13.2.jar:/home/runner/.m2/repository/io/quarkus/quarkus-smallrye-openapi/2.9.1.Final/quarkus-smallrye-openapi-2.9.1.Final.jar:/home/runner/.m2/repository/io/smallrye/smallrye-open-api-core/2.1.22/smallrye-open-api-core-2.1.22.jar:/home/runner/.m2/repository/org/eclipse/microprofile/openapi/microprofile-openapi-api/2.0.1/microprofile-openapi-api-2.0.1.jar:/home/runner/.m2/repository/org/eclipse/microprofile/config/microprofile-config-api/2.0.1/microprofile-config-api-2.0.1.jar:/home/runner/.m2/repository/io/quarkus/quarkus-vertx-http/2.9.1.Final/quarkus-vertx-http-2.9.1.Final.jar:/home/runner/.m2/repository/io/quarkus/quarkus-security-runtime-spi/2.9.1.Final/quarkus-security-runtime-spi-2.9.1.Final.jar:/home/runner/.m2/repository/io/quarkus/quarkus-mutiny/2.9.1.Final/quarkus-mutiny-2.9.1.Final.jar:/home/runner/.m2/repository/io/smallrye/reactive/mutiny/1.4.0/mutiny-1.4.0.jar:/home/runner/.m2/repository/io/quarkus/quarkus-smallrye-context-propagation/2.9.1.Final/quarkus-smallrye-context-propagation-2.9.1.Final.jar:/home/runner/.m2/repository/io/smallrye/smallrye-context-propagation/1.2.2/smallrye-context-propagation-1.2.2.jar:/home/runner/.m2/repository/io/smallrye/smallrye-context-propagation-api/1.2.2/smallrye-context-propagation-api-1.2.2.jar:/home/runner/.m2/repository/io/smallrye/smallrye-context-propagation-storage/1.2.2/smallrye-context-propagation-storage-1.2.2.jar:/home/runner/.m2/repository/io/smallrye/reactive/mutiny-smallrye-context-propagation/1.4.0/mutiny-smallrye-context-propagation-1.4.0.jar:/home/runner/.m2/repository/io/smallrye/common/smallrye-common-vertx-context/1.11.0/smallrye-common-vertx-context-1.11.0.jar:/home/runner/.m2/repository/io/vertx/vertx-core/4.2.7/vertx-core-4.2.7.jar:/home/runner/.m2/repository/io/netty/netty-common/4.1.74.Final/netty-common-4.1.74.Final.jar:/home/runner/.m2/repository/io/netty/netty-buffer/4.1.74.Final/netty-buffer-4.1.74.Final.jar:/home/runner/.m2/repository/io/netty/netty-transport/4.1.74.Final/netty-transport-4.1.74.Final.jar:/home/runner/.m2/repository/io/netty/netty-handler/4.1.74.Final/netty-handler-4.1.74.Final.jar:/home/runner/.m2/repository/io/netty/netty-tcnative-classes/2.0.48.Final/netty-tcnative-classes-2.0.48.Final.jar:/home/runner/.m2/repository/io/netty/netty-handler-proxy/4.1.74.Final/netty-handler-proxy-4.1.74.Final.jar:/home/runner/.m2/repository/io/netty/netty-codec-socks/4.1.74.Final/netty-codec-socks-4.1.74.Final.jar:/home/runner/.m2/repository/io/netty/netty-codec-http/4.1.74.Final/netty-codec-http-4.1.74.Final.jar:/home/runner/.m2/repository/io/netty/netty-codec-http2/4.1.74.Final/netty-codec-http2-4.1.74.Final.jar:/home/runner/.m2/repository/io/netty/netty-resolver/4.1.74.Final/netty-resolver-4.1.74.Final.jar:/home/runner/.m2/repository/io/netty/netty-resolver-dns/4.1.74.Final/netty-resolver-dns-4.1.74.Final.jar:/home/runner/.m2/repository/io/netty/netty-codec-dns/4.1.74.Final/netty-codec-dns-4.1.74.Final.jar:/home/runner/.m2/repository/io/smallrye/common/smallrye-common-constraint/1.11.0/smallrye-common-constraint-1.11.0.jar:/home/runner/.m2/repository/io/quarkus/quarkus-vertx-http-dev-console-runtime-spi/2.9.1.Final/quarkus-vertx-http-dev-console-runtime-spi-2.9.1.Final.jar:/home/runner/.m2/repository/io/quarkus/security/quarkus-security/1.1.4.Final/quarkus-security-1.1.4.Final.jar:/home/runner/.m2/repository/io/quarkus/quarkus-vertx/2.9.1.Final/quarkus-vertx-2.9.1.Final.jar:/home/runner/.m2/repository/io/quarkus/quarkus-netty/2.9.1.Final/quarkus-netty-2.9.1.Final.jar:/home/runner/.m2/repository/io/netty/netty-codec/4.1.74.Final/netty-codec-4.1.74.Final.jar:/home/runner/.m2/repository/io/netty/netty-codec-haproxy/4.1.74.Final/netty-codec-haproxy-4.1.74.Final.jar:/home/runner/.m2/repository/io/smallrye/common/smallrye-common-annotation/1.11.0/smallrye-common-annotation-1.11.0.jar:/home/runner/.m2/repository/io/smallrye/smallrye-fault-tolerance-vertx/5.4.0/smallrye-fault-tolerance-vertx-5.4.0.jar:/home/runner/.m2/repository/io/smallrye/reactive/smallrye-mutiny-vertx-web/2.21.0/smallrye-mutiny-vertx-web-2.21.0.jar:/home/runner/.m2/repository/io/smallrye/reactive/smallrye-mutiny-vertx-web-common/2.21.0/smallrye-mutiny-vertx-web-common-2.21.0.jar:/home/runner/.m2/repository/io/smallrye/reactive/smallrye-mutiny-vertx-auth-common/2.21.0/smallrye-mutiny-vertx-auth-common-2.21.0.jar:/home/runner/.m2/repository/io/smallrye/reactive/smallrye-mutiny-vertx-bridge-common/2.21.0/smallrye-mutiny-vertx-bridge-common-2.21.0.jar:/home/runner/.m2/repository/io/vertx/vertx-web/4.2.7/vertx-web-4.2.7.jar:/home/runner/.m2/repository/io/vertx/vertx-web-common/4.2.7/vertx-web-common-4.2.7.jar:/home/runner/.m2/repository/io/vertx/vertx-auth-common/4.2.7/vertx-auth-common-4.2.7.jar:/home/runner/.m2/repository/io/vertx/vertx-bridge-common/4.2.7/vertx-bridge-common-4.2.7.jar:/home/runner/.m2/repository/io/quarkus/quarkus-swagger-ui/2.9.1.Final/quarkus-swagger-ui-2.9.1.Final.jar:/home/runner/.m2/repository/io/quarkus/quarkus-rest-client/2.9.1.Final/quarkus-rest-client-2.9.1.Final.jar:/home/runner/.m2/repository/io/quarkus/quarkus-resteasy-common/2.9.1.Final/quarkus-resteasy-common-2.9.1.Final.jar:/home/runner/.m2/repository/org/jboss/resteasy/resteasy-core/4.7.5.Final/resteasy-core-4.7.5.Final.jar:/home/runner/.m2/repository/org/jboss/resteasy/resteasy-core-spi/4.7.5.Final/resteasy-core-spi-4.7.5.Final.jar:/home/runner/.m2/repository/org/reactivestreams/reactive-streams/1.0.3/reactive-streams-1.0.3.jar:/home/runner/.m2/repository/jakarta/validation/jakarta.validation-api/2.0.2/jakarta.validation-api-2.0.2.jar:/home/runner/.m2/repository/com/ibm/async/asyncutil/0.1.0/asyncutil-0.1.0.jar:/home/runner/.m2/repository/com/sun/activation/jakarta.activation/1.2.1/jakarta.activation-1.2.1.jar:/home/runner/.m2/repository/io/quarkus/quarkus-apache-httpclient/2.9.1.Final/quarkus-apache-httpclient-2.9.1.Final.jar:/home/runner/.m2/repository/io/quarkus/quarkus-rest-client-config/2.9.1.Final/quarkus-rest-client-config-2.9.1.Final.jar:/home/runner/.m2/repository/org/eclipse/microprofile/rest/client/microprofile-rest-client-api/2.0/microprofile-rest-client-api-2.0.jar:/home/runner/.m2/repository/org/jboss/resteasy/resteasy-client-microprofile/4.7.5.Final/resteasy-client-microprofile-4.7.5.Final.jar:/home/runner/.m2/repository/org/jboss/resteasy/resteasy-client-microprofile-base/4.7.5.Final/resteasy-client-microprofile-base-4.7.5.Final.jar:/home/runner/.m2/repository/org/jboss/resteasy/resteasy-client/4.7.5.Final/resteasy-client-4.7.5.Final.jar:/home/runner/.m2/repository/org/jboss/resteasy/resteasy-client-api/4.7.5.Final/resteasy-client-api-4.7.5.Final.jar:/home/runner/.m2/repository/commons-io/commons-io/2.11.0/commons-io-2.11.0.jar:/home/runner/.m2/repository/org/jboss/resteasy/resteasy-cdi/4.7.5.Final/resteasy-cdi-4.7.5.Final.jar:/home/runner/.m2/repository/jakarta/interceptor/jakarta.interceptor-api/1.2.5/jakarta.interceptor-api-1.2.5.jar:/home/runner/.m2/repository/org/apache/httpcomponents/httpasyncclient/4.1.5/httpasyncclient-4.1.5.jar:/home/runner/.m2/repository/org/apache/httpcomponents/httpcore-nio/4.4.15/httpcore-nio-4.4.15.jar:/home/runner/.m2/repository/org/jboss/logging/commons-logging-jboss-logging/1.0.0.Final/commons-logging-jboss-logging-1.0.0.Final.jar:/home/runner/.m2/repository/io/quarkus/quarkus-rest-client-jackson/2.9.1.Final/quarkus-rest-client-jackson-2.9.1.Final.jar:/home/runner/.m2/repository/io/quarkus/quarkus-jackson/2.9.1.Final/quarkus-jackson-2.9.1.Final.jar:/home/runner/.m2/repository/com/fasterxml/jackson/datatype/jackson-datatype-jsr310/2.13.2/jackson-datatype-jsr310-2.13.2.jar:/home/runner/.m2/repository/com/fasterxml/jackson/datatype/jackson-datatype-jdk8/2.13.2/jackson-datatype-jdk8-2.13.2.jar:/home/runner/.m2/repository/com/fasterxml/jackson/module/jackson-module-parameter-names/2.13.2/jackson-module-parameter-names-2.13.2.jar:/home/runner/.m2/repository/org/jboss/resteasy/resteasy-jackson2-provider/4.7.5.Final/resteasy-jackson2-provider-4.7.5.Final.jar:/home/runner/.m2/repository/com/fasterxml/jackson/jaxrs/jackson-jaxrs-json-provider/2.13.2/jackson-jaxrs-json-provider-2.13.2.jar:/home/runner/.m2/repository/com/fasterxml/jackson/jaxrs/jackson-jaxrs-base/2.13.2/jackson-jaxrs-base-2.13.2.jar:/home/runner/.m2/repository/com/fasterxml/jackson/module/jackson-module-jaxb-annotations/2.13.2/jackson-module-jaxb-annotations-2.13.2.jar:/home/runner/.m2/repository/com/github/java-json-tools/json-patch/1.13/json-patch-1.13.jar:/home/runner/.m2/repository/com/github/java-json-tools/msg-simple/1.2/msg-simple-1.2.jar:/home/runner/.m2/repository/com/github/java-json-tools/btf/1.3/btf-1.3.jar:/home/runner/.m2/repository/com/github/java-json-tools/jackson-coreutils/2.0/jackson-coreutils-2.0.jar:/home/runner/.m2/repository/org/jboss/spec/javax/xml/bind/jboss-jaxb-api_2.3_spec/2.0.0.Final/jboss-jaxb-api_2.3_spec-2.0.0.Final.jar:/home/runner/.m2/repository/com/fasterxml/jackson/dataformat/jackson-dataformat-yaml/2.13.2/jackson-dataformat-yaml-2.13.2.jar:/home/runner/.m2/repository/org/yaml/snakeyaml/1.30/snakeyaml-1.30.jar:/home/runner/.m2/repository/io/quarkus/quarkus-devtools-registry-client/2.9.1.Final/quarkus-devtools-registry-client-2.9.1.Final.jar:/home/runner/.m2/repository/io/quarkus/quarkus-devtools-artifact-api/2.9.1.Final/quarkus-devtools-artifact-api-2.9.1.Final.jar:/home/runner/.m2/repository/io/quarkus/quarkus-devtools-message-writer/2.9.1.Final/quarkus-devtools-message-writer-2.9.1.Final.jar:/home/runner/.m2/repository/io/smallrye/common/smallrye-common-os/1.11.0/smallrye-common-os-1.11.0.jar:/home/runner/.m2/repository/io/quarkus/quarkus-bootstrap-maven-resolver/2.9.1.Final/quarkus-bootstrap-maven-resolver-2.9.1.Final.jar:/home/runner/.m2/repository/org/apache/maven/maven-embedder/3.8.4/maven-embedder-3.8.4.jar:/home/runner/.m2/repository/org/apache/maven/maven-settings/3.8.4/maven-settings-3.8.4.jar:/home/runner/.m2/repository/org/apache/maven/maven-core/3.8.4/maven-core-3.8.4.jar:/home/runner/.m2/repository/org/apache/maven/maven-artifact/3.8.4/maven-artifact-3.8.4.jar:/home/runner/.m2/repository/org/codehaus/plexus/plexus-component-annotations/2.1.0/plexus-component-annotations-2.1.0.jar:/home/runner/.m2/repository/org/apache/maven/maven-plugin-api/3.8.4/maven-plugin-api-3.8.4.jar:/home/runner/.m2/repository/org/apache/maven/maven-model/3.8.4/maven-model-3.8.4.jar:/home/runner/.m2/repository/org/apache/maven/maven-model-builder/3.8.4/maven-model-builder-3.8.4.jar:/home/runner/.m2/repository/org/apache/maven/maven-builder-support/3.8.4/maven-builder-support-3.8.4.jar:/home/runner/.m2/repository/org/apache/maven/resolver/maven-resolver-api/1.6.3/maven-resolver-api-1.6.3.jar:/home/runner/.m2/repository/org/apache/maven/resolver/maven-resolver-util/1.6.3/maven-resolver-util-1.6.3.jar:/home/runner/.m2/repository/org/apache/maven/shared/maven-shared-utils/3.3.4/maven-shared-utils-3.3.4.jar:/home/runner/.m2/repository/com/google/inject/guice/4.2.2/guice-4.2.2-no_aop.jar:/home/runner/.m2/repository/org/codehaus/plexus/plexus-classworlds/2.6.0/plexus-classworlds-2.6.0.jar:/home/runner/.m2/repository/org/codehaus/plexus/plexus-sec-dispatcher/2.0/plexus-sec-dispatcher-2.0.jar:/home/runner/.m2/repository/org/codehaus/plexus/plexus-cipher/2.0/plexus-cipher-2.0.jar:/home/runner/.m2/repository/commons-cli/commons-cli/1.4/commons-cli-1.4.jar:/home/runner/.m2/repository/org/eclipse/sisu/org.eclipse.sisu.plexus/0.3.5/org.eclipse.sisu.plexus-0.3.5.jar:/home/runner/.m2/repository/org/apache/maven/maven-settings-builder/3.8.4/maven-settings-builder-3.8.4.jar:/home/runner/.m2/repository/org/codehaus/plexus/plexus-interpolation/1.26/plexus-interpolation-1.26.jar:/home/runner/.m2/repository/org/apache/maven/maven-resolver-provider/3.8.4/maven-resolver-provider-3.8.4.jar:/home/runner/.m2/repository/org/apache/maven/maven-repository-metadata/3.8.4/maven-repository-metadata-3.8.4.jar:/home/runner/.m2/repository/org/apache/maven/resolver/maven-resolver-spi/1.6.3/maven-resolver-spi-1.6.3.jar:/home/runner/.m2/repository/org/apache/maven/resolver/maven-resolver-impl/1.6.3/maven-resolver-impl-1.6.3.jar:/home/runner/.m2/repository/org/codehaus/plexus/plexus-utils/3.3.0/plexus-utils-3.3.0.jar:/home/runner/.m2/repository/org/apache/maven/resolver/maven-resolver-connector-basic/1.6.3/maven-resolver-connector-basic-1.6.3.jar:/home/runner/.m2/repository/org/apache/maven/resolver/maven-resolver-transport-wagon/1.6.3/maven-resolver-transport-wagon-1.6.3.jar:/home/runner/.m2/repository/org/apache/maven/wagon/wagon-http/3.4.3/wagon-http-3.4.3.jar:/home/runner/.m2/repository/org/apache/maven/wagon/wagon-http-shared/3.4.3/wagon-http-shared-3.4.3.jar:/home/runner/.m2/repository/org/jsoup/jsoup/1.14.2/jsoup-1.14.2.jar:/home/runner/.m2/repository/org/apache/maven/wagon/wagon-provider-api/3.4.3/wagon-provider-api-3.4.3.jar:/home/runner/.m2/repository/org/apache/maven/wagon/wagon-file/3.4.3/wagon-file-3.4.3.jar:/home/runner/.m2/repository/org/junit/jupiter/junit-jupiter/5.8.2/junit-jupiter-5.8.2.jar:/home/runner/.m2/repository/org/junit/jupiter/junit-jupiter-api/5.8.2/junit-jupiter-api-5.8.2.jar:/home/runner/.m2/repository/org/opentest4j/opentest4j/1.2.0/opentest4j-1.2.0.jar:/home/runner/.m2/repository/org/junit/platform/junit-platform-commons/1.8.2/junit-platform-commons-1.8.2.jar:/home/runner/.m2/repository/org/apiguardian/apiguardian-api/1.1.2/apiguardian-api-1.1.2.jar:/home/runner/.m2/repository/org/junit/jupiter/junit-jupiter-params/5.8.2/junit-jupiter-params-5.8.2.jar:/home/runner/.m2/repository/org/junit/jupiter/junit-jupiter-engine/5.8.2/junit-jupiter-engine-5.8.2.jar:/home/runner/.m2/repository/org/junit/platform/junit-platform-engine/1.8.2/junit-platform-engine-1.8.2.jar:/home/runner/.m2/repository/org/testcontainers/junit-jupiter/1.17.6/junit-jupiter-1.17.6.jar:/home/runner/.m2/repository/org/testcontainers/testcontainers/1.17.6/testcontainers-1.17.6.jar:/home/runner/.m2/repository/junit/junit/4.13.2/junit-4.13.2.jar:/home/runner/.m2/repository/org/slf4j/slf4j-api/1.7.36/slf4j-api-1.7.36.jar:/home/runner/.m2/repository/org/apache/commons/commons-compress/1.21/commons-compress-1.21.jar:/home/runner/.m2/repository/org/rnorth/duct-tape/duct-tape/1.0.8/duct-tape-1.0.8.jar:/home/runner/.m2/repository/org/jetbrains/annotations/17.0.0/annotations-17.0.0.jar:/home/runner/.m2/repository/com/github/docker-java/docker-java-api/3.2.13/docker-java-api-3.2.13.jar:/home/runner/.m2/repository/com/github/docker-java/docker-java-transport-zerodep/3.2.13/docker-java-transport-zerodep-3.2.13.jar:/home/runner/.m2/repository/com/github/docker-java/docker-java-transport/3.2.13/docker-java-transport-3.2.13.jar:/home/runner/.m2/repository/net/java/dev/jna/jna/5.8.0/jna-5.8.0.jar:/home/runner/.m2/repository/org/testcontainers/postgresql/1.17.6/postgresql-1.17.6.jar:/home/runner/.m2/repository/org/testcontainers/jdbc/1.17.1/jdbc-1.17.1.jar:/home/runner/.m2/repository/org/testcontainers/database-commons/1.17.1/database-commons-1.17.1.jar:/home/runner/.m2/repository/org/testcontainers/elasticsearch/1.17.6/elasticsearch-1.17.6.jar:"/>
    <property name="sun.cpu.endian" value="little"/>
    <property name="user.home" value="/home/runner"/>
    <property name="user.language" value="en"/>
    <property name="java.specification.vendor" value="Oracle Corporation"/>
    <property name="io.netty.allocator.maxOrder" value="3"/>
    <property name="java.version.date" value="2023-04-18"/>
    <property name="java.home" value="/usr/lib/jvm/temurin-11-jdk-amd64"/>
    <property name="file.separator" value="/"/>
    <property name="basedir" value="/home/runner/work/core/core/tools/dotcms-cli/api-data-model"/>
    <property name="java.vm.compressedOopsMode" value="32-bit"/>
    <property name="line.separator" value="&#10;"/>
    <property name="java.specification.name" value="Java Platform API Specification"/>
    <property name="java.vm.specification.vendor" value="Oracle Corporation"/>
    <property name="java.awt.graphicsenv" value="sun.awt.X11GraphicsEnvironment"/>
    <property name="surefire.real.class.path" value="/home/runner/work/core/core/tools/dotcms-cli/api-data-model/target/surefire/surefirebooter13931296712641684980.jar"/>
    <property name="sun.management.compiler" value="HotSpot 64-Bit Tiered Compilers"/>
    <property name="java.runtime.version" value="11.0.19+7"/>
    <property name="user.name" value="runner"/>
    <property name="path.separator" value=":"/>
    <property name="os.version" value="5.15.0-1042-azure"/>
    <property name="java.runtime.name" value="OpenJDK Runtime Environment"/>
    <property name="file.encoding" value="UTF-8"/>
    <property name="jnidispatch.path" value="/home/runner/.cache/JNA/temp/jna4527380488241807316.tmp"/>
    <property name="java.vm.name" value="OpenJDK 64-Bit Server VM"/>
    <property name="jna.platform.library.path" value="/usr/lib/x86_64-linux-gnu:/lib/x86_64-linux-gnu:/usr/lib64:/lib64:/usr/lib:/lib:/lib32:/usr/local/lib:/usr/lib/x86_64-linux-gnu/libfakeroot"/>
    <property name="java.vendor.version" value="Temurin-11.0.19+7"/>
    <property name="localRepository" value="/home/runner/.m2/repository"/>
    <property name="jna.loaded" value="true"/>
    <property name="java.vendor.url.bug" value="https://github.com/adoptium/adoptium-support/issues"/>
    <property name="java.io.tmpdir" value="/tmp"/>
    <property name="quarkus.log.file.path" value="target/quarkus.log"/>
    <property name="java.version" value="11.0.19"/>
    <property name="java.util.concurrent.ForkJoinPool.common.threadFactory" value="io.quarkus.bootstrap.forkjoin.QuarkusForkJoinWorkerThreadFactory"/>
    <property name="user.dir" value="/home/runner/work/core/core/tools/dotcms-cli/api-data-model"/>
    <property name="os.arch" value="amd64"/>
    <property name="java.vm.specification.name" value="Java Virtual Machine Specification"/>
    <property name="vertx.disableDnsResolver" value="true"/>
    <property name="java.awt.printerjob" value="sun.print.PSPrinterJob"/>
    <property name="sun.os.patch.level" value="unknown"/>
    <property name="java.util.logging.manager" value="org.jboss.logmanager.LogManager"/>
    <property name="java.library.path" value="/usr/java/packages/lib:/usr/lib64:/lib64:/lib:/usr/lib"/>
    <property name="java.vm.info" value="mixed mode"/>
    <property name="java.vendor" value="Eclipse Adoptium"/>
    <property name="vertx.disableTCCL" value="true"/>
    <property name="java.vm.version" value="11.0.19+7"/>
    <property name="sun.io.unicode.encoding" value="UnicodeLittle"/>
    <property name="io.netty.machineId" value="a7:ed:66:2c:ec:1a:71:ce"/>
    <property name="java.class.version" value="55.0"/>
    <property name="mp.openapi.extensions.smallrye.defaultConsumes" value="application/json"/>
  </properties>
  <testcase name="Test_Asset_By_Path_Not_Found" classname="com.dotcms.api.AssetAPIIntegrationTest" time="36.184">
    <system-out><![CDATA[2023-08-04 12:56:54,562 INFO  [org.jbo.threads] (main) JBoss Threads version 3.4.2.Final
2023-08-04 12:56:56,323 WARN  [io.qua.dep.ste.ReflectiveHierarchyStep] (build-48) Unable to properly register the hierarchy of the following classes for reflection as they are not in the Jandex index:
	- com.google.common.collect.ImmutableList (sources: JacksonProcessor > com.dotcms.contenttype.model.field.BinaryField, JacksonProcessor > com.dotcms.contenttype.model.field.CategoryField, JacksonProcessor > com.dotcms.contenttype.model.field.CheckboxField, JacksonProcessor > com.dotcms.contenttype.model.field.ColumnField, JacksonProcessor > com.dotcms.contenttype.model.field.ConstantField, JacksonProcessor > com.dotcms.contenttype.model.field.CustomField, JacksonProcessor > com.dotcms.contenttype.model.field.DateField, JacksonProcessor > com.dotcms.contenttype.model.field.DateTimeField, JacksonProcessor > com.dotcms.contenttype.model.field.EmptyField, JacksonProcessor > com.dotcms.contenttype.model.field.FieldLayoutColumn, JacksonProcessor > com.dotcms.contenttype.model.field.FieldLayoutRow, JacksonProcessor > com.dotcms.contenttype.model.field.FileField, JacksonProcessor > com.dotcms.contenttype.model.field.HiddenField, JacksonProcessor > com.dotcms.contenttype.model.field.HostFolderField, JacksonProcessor > com.dotcms.contenttype.model.field.ImageField, JacksonProcessor > com.dotcms.contenttype.model.field.KeyValueField, JacksonProcessor > com.dotcms.contenttype.model.field.LineDividerField, JacksonProcessor > com.dotcms.contenttype.model.field.MultiSelectField, JacksonProcessor > com.dotcms.contenttype.model.field.PermissionTabField, JacksonProcessor > com.dotcms.contenttype.model.field.RadioField, JacksonProcessor > com.dotcms.contenttype.model.field.RelationshipField, JacksonProcessor > com.dotcms.contenttype.model.field.RelationshipsTabField, JacksonProcessor > com.dotcms.contenttype.model.field.RowField, JacksonProcessor > com.dotcms.contenttype.model.field.SelectField, JacksonProcessor > com.dotcms.contenttype.model.field.StoryBlockField, JacksonProcessor > com.dotcms.contenttype.model.field.TabDividerField, JacksonProcessor > com.dotcms.contenttype.model.field.TagField, JacksonProcessor > com.dotcms.contenttype.model.field.TextAreaField, JacksonProcessor > com.dotcms.contenttype.model.field.TextField, JacksonProcessor > com.dotcms.contenttype.model.field.TimeField, JacksonProcessor > com.dotcms.contenttype.model.field.WysiwygField, JacksonProcessor > com.dotcms.contenttype.model.type.DotAssetContentType, JacksonProcessor > com.dotcms.contenttype.model.type.FileAssetContentType, JacksonProcessor > com.dotcms.contenttype.model.type.FormContentType, JacksonProcessor > com.dotcms.contenttype.model.type.KeyValueContentType, JacksonProcessor > com.dotcms.contenttype.model.type.PageContentType, JacksonProcessor > com.dotcms.contenttype.model.type.PersonaContentType, JacksonProcessor > com.dotcms.contenttype.model.type.SimpleContentType, JacksonProcessor > com.dotcms.contenttype.model.type.VanityUrlContentType, JacksonProcessor > com.dotcms.contenttype.model.type.WidgetContentType, JacksonProcessor > com.dotcms.model.AbstractResponseEntityView, JacksonProcessor > com.dotcms.model.asset.AbstractAssetVersionsView, JacksonProcessor > com.dotcms.model.asset.AbstractFolderView, JacksonProcessor > com.dotcms.model.asset.AbstractWebAssetView)
	- com.google.common.collect.ImmutableList$Builder (source: JacksonProcessor > com.dotcms.model.ResponseEntityView$Builder)
	- com.google.common.collect.ImmutableMap (sources: JacksonProcessor > com.dotcms.model.AbstractResponseEntityView, JacksonProcessor > com.dotcms.model.asset.AbstractAssetView, JacksonProcessor > com.dotcms.model.contenttype.AbstractFilterContentTypesRequest)
	- com.google.common.collect.ImmutableMap$Builder (source: JacksonProcessor > com.dotcms.model.ResponseEntityView$Builder)
	- io.quarkus.maven.dependency.ArtifactKey (source: JacksonProcessor > io.quarkus.registry.config.RegistriesConfigImpl$Builder)
Consider adding them to the index either by creating a Jandex index for your dependency via the Maven plugin, an empty META-INF/beans.xml or quarkus.index-dependency properties.
2023-08-04 12:56:56,528 INFO  [org.tes.uti.ImageNameSubstitutor] (main) Image name substitution will be performed by: DefaultImageNameSubstitutor (composite of 'ConfigurationFileImageNameSubstitutor' and 'PrefixingImageNameSubstitutor')
2023-08-04 12:56:56,618 INFO  [org.tes.doc.DockerClientProviderStrategy] (pool-4-thread-1) Loaded org.testcontainers.dockerclient.UnixSocketClientProviderStrategy from ~/.testcontainers.properties, will try it first
2023-08-04 12:56:57,038 INFO  [org.tes.doc.DockerClientProviderStrategy] (pool-4-thread-1) Found Docker environment with local Unix socket (unix:///var/run/docker.sock)
2023-08-04 12:56:57,039 INFO  [org.tes.DockerClientFactory] (pool-4-thread-1) Docker host IP address is localhost
2023-08-04 12:56:57,054 INFO  [org.tes.DockerClientFactory] (pool-4-thread-1) Connected to docker: 
  Server Version: 23.0.6+azure-2
  API Version: 1.42
  Operating System: Ubuntu 22.04.2 LTS
  Total Memory: 6931 MB
2023-08-04 12:56:57,055 INFO  [org.tes.uti.RyukResourceReaper] (pool-4-thread-1) Ryuk started - will monitor and terminate Testcontainers containers on JVM exit
2023-08-04 12:56:57,055 INFO  [org.tes.DockerClientFactory] (pool-4-thread-1) Checking the system...
2023-08-04 12:56:57,056 INFO  [org.tes.DockerClientFactory] (pool-4-thread-1) ✔︎ Docker server version should be at least 1.6.0
2023-08-04 12:56:57,074 INFO  [🐳 .3.4]] (pool-4-thread-1) Creating container for image: testcontainers/ryuk:0.3.4
2023-08-04 12:56:57,211 INFO  [🐳 .3.4]] (pool-4-thread-1) Container testcontainers/ryuk:0.3.4 is starting: 7a3513813bf85ff9bbaf7221e6ea596f19d02247c0bc7f10d10f7bc4f0ff88b7
2023-08-04 12:56:57,590 INFO  [🐳 .3.4]] (pool-4-thread-1) Container testcontainers/ryuk:0.3.4 started in PT0.533124S
2023-08-04 12:56:57,599 INFO  [org.tes.con.DockerComposeContainer] (pool-4-thread-1) Preemptively checking local images for '${DOTCMS_IMAGE}:latest', referenced via a compose file or transitive Dockerfile. If not available, it will be pulled.
2023-08-04 12:56:57,601 WARN  [org.tes.con.DockerComposeContainer] (pool-4-thread-1) Unable to pre-fetch an image (${DOTCMS_IMAGE}:latest) depended upon by Docker Compose build - startup will continue but may fail. Exception message was: Illegal group reference
2023-08-04 12:56:57,601 INFO  [org.tes.con.DockerComposeContainer] (pool-4-thread-1) Preemptively checking local images for 'docker.elastic.co/elasticsearch/elasticsearch:7.16.1', referenced via a compose file or transitive Dockerfile. If not available, it will be pulled.
2023-08-04 12:56:57,601 INFO  [org.tes.con.DockerComposeContainer] (pool-4-thread-1) Preemptively checking local images for 'postgres:15', referenced via a compose file or transitive Dockerfile. If not available, it will be pulled.
2023-08-04 12:56:57,612 INFO  [🐳 .29.2]] (pool-4-thread-1) Creating container for image: docker/compose:1.29.2
2023-08-04 12:56:58,102 INFO  [🐳 .29.2]] (pool-4-thread-1) Container docker/compose:1.29.2 is starting: c8ae869a0f6fcbf0f88319e63ec50e2fc13cbb953de420ff45368cfc25341d3d
2023-08-04 12:57:01,142 INFO  [🐳 .29.2]] (pool-4-thread-1) Container docker/compose:1.29.2 started in PT3.530276S
2023-08-04 12:57:01,144 INFO  [🐳 .29.2]] (pool-4-thread-1) Docker Compose container is running for command: up -d
2023-08-04 12:57:01,178 INFO  [🐳 .29.2]] (pool-4-thread-1) Docker Compose has finished running
2023-08-04 12:57:01,192 INFO  [🐳 .29.2]] (docker-java-stream-200562234) STDERR: Creating network "dotcms-envyaw4gy_dotcms-net" with the default driver
2023-08-04 12:57:01,194 INFO  [🐳 .29.2]] (docker-java-stream-200562234) STDERR: Creating volume "dotcms-envyaw4gy_postgres-data" with default driver
2023-08-04 12:57:01,197 INFO  [🐳 .29.2]] (docker-java-stream-200562234) STDERR: Creating volume "dotcms-envyaw4gy_elasticsearch-data" with default driver
2023-08-04 12:57:01,197 INFO  [🐳 .29.2]] (docker-java-stream-200562234) STDERR: Creating volume "dotcms-envyaw4gy_dotcms-shared" with default driver
2023-08-04 12:57:01,197 INFO  [🐳 .29.2]] (docker-java-stream-200562234) STDERR: Creating dotcms-envyaw4gy_elasticsearch_1 ... 
2023-08-04 12:57:01,197 INFO  [🐳 .29.2]] (docker-java-stream-200562234) STDERR: Creating dotcms-envyaw4gy_postgres_1      ... 
2023-08-04 12:57:01,197 INFO  [🐳 .29.2]] (docker-java-stream-200562234) STDERR: Creating dotcms-envyaw4gy_postgres_1      ... done
2023-08-04 12:57:01,200 INFO  [🐳 .7.4.3-r0]] (pool-4-thread-1) Creating container for image: alpine/socat:1.7.4.3-r0
2023-08-04 12:57:01,198 INFO  [🐳 .29.2]] (docker-java-stream-200562234) STDERR: Creating dotcms-envyaw4gy_elasticsearch_1 ... done
2023-08-04 12:57:01,208 INFO  [🐳 .29.2]] (docker-java-stream-200562234) STDERR: Creating dotcms-envyaw4gy_dotcms_1        ... 
2023-08-04 12:57:01,209 INFO  [🐳 .29.2]] (docker-java-stream-200562234) STDERR: Creating dotcms-envyaw4gy_dotcms_1        ... done
2023-08-04 12:57:01,356 INFO  [🐳 .7.4.3-r0]] (pool-4-thread-1) Container alpine/socat:1.7.4.3-r0 is starting: a738906e0952539c72fb842778f6fcb2055b7c76383bbd261e4021238d1aeb6c
2023-08-04 12:57:02,284 INFO  [🐳 .7.4.3-r0]] (pool-4-thread-1) Container alpine/socat:1.7.4.3-r0 started in PT1.084486S
2023-08-04 12:57:02,323 INFO  [com.dot.ContainerResource] (docker-java-stream-1865446083) STDOUT: Using default starter
2023-08-04 12:57:02,323 INFO  [com.dot.ContainerResource] (docker-java-stream-1865446083) STDOUT: 
2023-08-04 12:57:02,324 INFO  [com.dot.ContainerResource] (docker-java-stream-1865446083) STDOUT: Starting dotCMS ...
2023-08-04 12:57:02,336 INFO  [com.dot.ContainerResource] (docker-java-stream-1865446083) STDOUT: -------------------
2023-08-04 12:57:02,336 INFO  [com.dot.ContainerResource] (docker-java-stream-1865446083) STDOUT: 
2023-08-04 12:57:02,337 INFO  [com.dot.ContainerResource] (docker-java-stream-1865446083) STDERR: NOTE: Picked up JDK_JAVA_OPTIONS:  --add-opens=java.base/java.lang=ALL-UNNAMED --add-opens=java.base/java.io=ALL-UNNAMED --add-opens=java.base/java.util=ALL-UNNAMED --add-opens=java.base/java.util.concurrent=ALL-UNNAMED --add-opens=java.rmi/sun.rmi.transport=ALL-UNNAMED
2023-08-04 12:57:02,771 INFO  [com.dot.ContainerResource] (docker-java-stream-1865446083) STDERR: 04-Aug-2023 12:57:02.753 WARNING [main] org.apache.tomcat.util.net.SSLHostConfigCertificate.setStoreType The property [Certificate.certificateKeystorePassword] was set on the SSLHostConfigCertificate named [_default_] and is for certificate storage type [KEYSTORE] but the certificate is being used with a storage of type [PEM]
2023-08-04 12:57:02,830 INFO  [com.dot.ContainerResource] (docker-java-stream-1865446083) STDERR: 04-Aug-2023 12:57:02.830 INFO [main] org.apache.catalina.startup.VersionLoggerListener.log Server version name:   Apache Tomcat/9.0.60
2023-08-04 12:57:02,840 INFO  [com.dot.ContainerResource] (docker-java-stream-1865446083) STDERR: 04-Aug-2023 12:57:02.839 INFO [main] org.apache.catalina.startup.VersionLoggerListener.log Server built:          Mar 9 2022 14:52:25 UTC
2023-08-04 12:57:02,843 INFO  [com.dot.ContainerResource] (docker-java-stream-1865446083) STDERR: 04-Aug-2023 12:57:02.839 INFO [main] org.apache.catalina.startup.VersionLoggerListener.log Server version number: 9.0.60.0
2023-08-04 12:57:02,843 INFO  [com.dot.ContainerResource] (docker-java-stream-1865446083) STDERR: 04-Aug-2023 12:57:02.840 INFO [main] org.apache.catalina.startup.VersionLoggerListener.log OS Name:               Linux
2023-08-04 12:57:02,843 INFO  [com.dot.ContainerResource] (docker-java-stream-1865446083) STDERR: 04-Aug-2023 12:57:02.840 INFO [main] org.apache.catalina.startup.VersionLoggerListener.log OS Version:            5.15.0-1042-azure
2023-08-04 12:57:02,844 INFO  [com.dot.ContainerResource] (docker-java-stream-1865446083) STDERR: 04-Aug-2023 12:57:02.840 INFO [main] org.apache.catalina.startup.VersionLoggerListener.log Architecture:          amd64
2023-08-04 12:57:02,844 INFO  [com.dot.ContainerResource] (docker-java-stream-1865446083) STDERR: 04-Aug-2023 12:57:02.840 INFO [main] org.apache.catalina.startup.VersionLoggerListener.log Java Home:             /java
2023-08-04 12:57:02,844 INFO  [com.dot.ContainerResource] (docker-java-stream-1865446083) STDERR: 04-Aug-2023 12:57:02.841 INFO [main] org.apache.catalina.startup.VersionLoggerListener.log JVM Version:           11.0.17+8-LTS
2023-08-04 12:57:02,844 INFO  [com.dot.ContainerResource] (docker-java-stream-1865446083) STDERR: 04-Aug-2023 12:57:02.842 INFO [main] org.apache.catalina.startup.VersionLoggerListener.log JVM Vendor:            Amazon.com Inc.
2023-08-04 12:57:02,844 INFO  [com.dot.ContainerResource] (docker-java-stream-1865446083) STDERR: 04-Aug-2023 12:57:02.842 INFO [main] org.apache.catalina.startup.VersionLoggerListener.log CATALINA_BASE:         /srv/dotserver/tomcat-9.0.60
2023-08-04 12:57:02,846 INFO  [com.dot.ContainerResource] (docker-java-stream-1865446083) STDERR: 04-Aug-2023 12:57:02.843 INFO [main] org.apache.catalina.startup.VersionLoggerListener.log CATALINA_HOME:         /srv/dotserver/tomcat-9.0.60
2023-08-04 12:57:02,865 INFO  [com.dot.ContainerResource] (docker-java-stream-1865446083) STDERR: 04-Aug-2023 12:57:02.865 INFO [main] org.apache.catalina.startup.VersionLoggerListener.log Command line argument: --add-opens=java.base/java.lang=ALL-UNNAMED
2023-08-04 12:57:02,866 INFO  [com.dot.ContainerResource] (docker-java-stream-1865446083) STDERR: 04-Aug-2023 12:57:02.866 INFO [main] org.apache.catalina.startup.VersionLoggerListener.log Command line argument: --add-opens=java.base/java.io=ALL-UNNAMED
2023-08-04 12:57:02,876 INFO  [com.dot.ContainerResource] (docker-java-stream-1865446083) STDERR: 04-Aug-2023 12:57:02.873 INFO [main] org.apache.catalina.startup.VersionLoggerListener.log Command line argument: --add-opens=java.base/java.util=ALL-UNNAMED
2023-08-04 12:57:02,876 INFO  [com.dot.ContainerResource] (docker-java-stream-1865446083) STDERR: 04-Aug-2023 12:57:02.873 INFO [main] org.apache.catalina.startup.VersionLoggerListener.log Command line argument: --add-opens=java.base/java.util.concurrent=ALL-UNNAMED
2023-08-04 12:57:02,876 INFO  [com.dot.ContainerResource] (docker-java-stream-1865446083) STDERR: 04-Aug-2023 12:57:02.873 INFO [main] org.apache.catalina.startup.VersionLoggerListener.log Command line argument: --add-opens=java.rmi/sun.rmi.transport=ALL-UNNAMED
2023-08-04 12:57:02,876 INFO  [com.dot.ContainerResource] (docker-java-stream-1865446083) STDERR: 04-Aug-2023 12:57:02.873 INFO [main] org.apache.catalina.startup.VersionLoggerListener.log Command line argument: -Djava.util.logging.config.file=/srv/dotserver/tomcat/conf/logging.properties
2023-08-04 12:57:02,877 INFO  [com.dot.ContainerResource] (docker-java-stream-1865446083) STDERR: 04-Aug-2023 12:57:02.873 INFO [main] org.apache.catalina.startup.VersionLoggerListener.log Command line argument: -Djava.util.logging.manager=org.apache.juli.ClassLoaderLogManager
2023-08-04 12:57:02,877 INFO  [com.dot.ContainerResource] (docker-java-stream-1865446083) STDERR: 04-Aug-2023 12:57:02.874 INFO [main] org.apache.catalina.startup.VersionLoggerListener.log Command line argument: -Djava.awt.headless=true
2023-08-04 12:57:02,877 INFO  [com.dot.ContainerResource] (docker-java-stream-1865446083) STDERR: 04-Aug-2023 12:57:02.874 INFO [main] org.apache.catalina.startup.VersionLoggerListener.log Command line argument: -Xverify:none
2023-08-04 12:57:02,877 INFO  [com.dot.ContainerResource] (docker-java-stream-1865446083) STDERR: 04-Aug-2023 12:57:02.874 INFO [main] org.apache.catalina.startup.VersionLoggerListener.log Command line argument: -Dfile.encoding=UTF8
2023-08-04 12:57:02,877 INFO  [com.dot.ContainerResource] (docker-java-stream-1865446083) STDERR: 04-Aug-2023 12:57:02.874 INFO [main] org.apache.catalina.startup.VersionLoggerListener.log Command line argument: -Dpdfbox.fontcache=/data/local/dotsecure
2023-08-04 12:57:02,877 INFO  [com.dot.ContainerResource] (docker-java-stream-1865446083) STDERR: 04-Aug-2023 12:57:02.874 INFO [main] org.apache.catalina.startup.VersionLoggerListener.log Command line argument: -Dlog4j2.formatMsgNoLookups=true
2023-08-04 12:57:02,878 INFO  [com.dot.ContainerResource] (docker-java-stream-1865446083) STDERR: 04-Aug-2023 12:57:02.874 INFO [main] org.apache.catalina.startup.VersionLoggerListener.log Command line argument: -Djava.library.path=/usr/lib/x86_64-linux-gnu/
2023-08-04 12:57:02,878 INFO  [com.dot.ContainerResource] (docker-java-stream-1865446083) STDERR: 04-Aug-2023 12:57:02.874 INFO [main] org.apache.catalina.startup.VersionLoggerListener.log Command line argument: -XX:+UseShenandoahGC
2023-08-04 12:57:02,878 INFO  [com.dot.ContainerResource] (docker-java-stream-1865446083) STDERR: 04-Aug-2023 12:57:02.874 INFO [main] org.apache.catalina.startup.VersionLoggerListener.log Command line argument: -XX:+UnlockExperimentalVMOptions
2023-08-04 12:57:02,878 INFO  [com.dot.ContainerResource] (docker-java-stream-1865446083) STDERR: 04-Aug-2023 12:57:02.874 INFO [main] org.apache.catalina.startup.VersionLoggerListener.log Command line argument: -XX:ShenandoahUncommitDelay=1000
2023-08-04 12:57:02,878 INFO  [com.dot.ContainerResource] (docker-java-stream-1865446083) STDERR: 04-Aug-2023 12:57:02.874 INFO [main] org.apache.catalina.startup.VersionLoggerListener.log Command line argument: -XX:ShenandoahGuaranteedGCInterval=10000
2023-08-04 12:57:02,878 INFO  [com.dot.ContainerResource] (docker-java-stream-1865446083) STDERR: 04-Aug-2023 12:57:02.874 INFO [main] org.apache.catalina.startup.VersionLoggerListener.log Command line argument: -Xmx1G
2023-08-04 12:57:02,879 INFO  [com.dot.ContainerResource] (docker-java-stream-1865446083) STDERR: 04-Aug-2023 12:57:02.874 INFO [main] org.apache.catalina.startup.VersionLoggerListener.log Command line argument: -Xmx1g
2023-08-04 12:57:02,879 INFO  [com.dot.ContainerResource] (docker-java-stream-1865446083) STDERR: 04-Aug-2023 12:57:02.874 INFO [main] org.apache.catalina.startup.VersionLoggerListener.log Command line argument: -Djdk.tls.ephemeralDHKeySize=2048
2023-08-04 12:57:02,879 INFO  [com.dot.ContainerResource] (docker-java-stream-1865446083) STDERR: 04-Aug-2023 12:57:02.874 INFO [main] org.apache.catalina.startup.VersionLoggerListener.log Command line argument: -Djava.protocol.handler.pkgs=org.apache.catalina.webresources
2023-08-04 12:57:02,879 INFO  [com.dot.ContainerResource] (docker-java-stream-1865446083) STDERR: 04-Aug-2023 12:57:02.874 INFO [main] org.apache.catalina.startup.VersionLoggerListener.log Command line argument: -Dorg.apache.catalina.security.SecurityListener.UMASK=0027
2023-08-04 12:57:02,879 INFO  [com.dot.ContainerResource] (docker-java-stream-1865446083) STDERR: 04-Aug-2023 12:57:02.875 INFO [main] org.apache.catalina.startup.VersionLoggerListener.log Command line argument: -Dorg.apache.tomcat.util.digester.PROPERTY_SOURCE=org.apache.tomcat.util.digester.EnvironmentPropertySource
2023-08-04 12:57:02,879 INFO  [com.dot.ContainerResource] (docker-java-stream-1865446083) STDERR: 04-Aug-2023 12:57:02.875 INFO [main] org.apache.catalina.startup.VersionLoggerListener.log Command line argument: -Dfile.encoding=UTF8
2023-08-04 12:57:02,880 INFO  [com.dot.ContainerResource] (docker-java-stream-1865446083) STDERR: 04-Aug-2023 12:57:02.875 INFO [main] org.apache.catalina.startup.VersionLoggerListener.log Command line argument: --illegal-access=warn
2023-08-04 12:57:02,880 INFO  [com.dot.ContainerResource] (docker-java-stream-1865446083) STDERR: 04-Aug-2023 12:57:02.875 INFO [main] org.apache.catalina.startup.VersionLoggerListener.log Command line argument: --add-opens=java.base/java.lang=ALL-UNNAMED
2023-08-04 12:57:02,880 INFO  [com.dot.ContainerResource] (docker-java-stream-1865446083) STDERR: 04-Aug-2023 12:57:02.875 INFO [main] org.apache.catalina.startup.VersionLoggerListener.log Command line argument: --add-opens=java.base/java.io=ALL-UNNAMED
2023-08-04 12:57:02,881 INFO  [com.dot.ContainerResource] (docker-java-stream-1865446083) STDERR: 04-Aug-2023 12:57:02.875 INFO [main] org.apache.catalina.startup.VersionLoggerListener.log Command line argument: --add-opens=java.rmi/sun.rmi.transport=ALL-UNNAMED
2023-08-04 12:57:02,881 INFO  [com.dot.ContainerResource] (docker-java-stream-1865446083) STDERR: 04-Aug-2023 12:57:02.875 INFO [main] org.apache.catalina.startup.VersionLoggerListener.log Command line argument: -Djavax.xml.transform.TransformerFactory=com.sun.org.apache.xalan.internal.xsltc.trax.TransformerFactoryImpl
2023-08-04 12:57:02,881 INFO  [com.dot.ContainerResource] (docker-java-stream-1865446083) STDERR: 04-Aug-2023 12:57:02.875 INFO [main] org.apache.catalina.startup.VersionLoggerListener.log Command line argument: -Djavax.xml.parsers.DocumentBuilderFactory=com.sun.org.apache.xerces.internal.jaxp.DocumentBuilderFactoryImpl
2023-08-04 12:57:02,883 INFO  [com.dot.ContainerResource] (docker-java-stream-1865446083) STDERR: 04-Aug-2023 12:57:02.875 INFO [main] org.apache.catalina.startup.VersionLoggerListener.log Command line argument: -Djavax.xml.parsers.SAXParserFactory=com.sun.org.apache.xerces.internal.jaxp.SAXParserFactoryImpl
2023-08-04 12:57:02,885 INFO  [com.dot.ContainerResource] (docker-java-stream-1865446083) STDERR: 04-Aug-2023 12:57:02.878 INFO [main] org.apache.catalina.startup.VersionLoggerListener.log Command line argument: -Dorg.apache.tomcat.util.digester.PROPERTY_SOURCE=org.apache.tomcat.util.digester.EnvironmentPropertySource
2023-08-04 12:57:02,885 INFO  [com.dot.ContainerResource] (docker-java-stream-1865446083) STDERR: 04-Aug-2023 12:57:02.884 INFO [main] org.apache.catalina.startup.VersionLoggerListener.log Command line argument: -Dignore.endorsed.dirs=
2023-08-04 12:57:02,885 INFO  [com.dot.ContainerResource] (docker-java-stream-1865446083) STDERR: 04-Aug-2023 12:57:02.884 INFO [main] org.apache.catalina.startup.VersionLoggerListener.log Command line argument: -Dcatalina.base=/srv/dotserver/tomcat
2023-08-04 12:57:02,885 INFO  [com.dot.ContainerResource] (docker-java-stream-1865446083) STDERR: 04-Aug-2023 12:57:02.884 INFO [main] org.apache.catalina.startup.VersionLoggerListener.log Command line argument: -Dcatalina.home=/srv/dotserver/tomcat
2023-08-04 12:57:02,885 INFO  [com.dot.ContainerResource] (docker-java-stream-1865446083) STDERR: 04-Aug-2023 12:57:02.885 INFO [main] org.apache.catalina.startup.VersionLoggerListener.log Command line argument: -Djava.io.tmpdir=/srv/dotserver/tomcat/temp
2023-08-04 12:57:02,901 INFO  [com.dot.ContainerResource] (docker-java-stream-1865446083) STDERR: 04-Aug-2023 12:57:02.901 INFO [main] org.apache.catalina.core.AprLifecycleListener.lifecycleEvent An older version [1.2.23] of the Apache Tomcat Native library is installed, while Tomcat recommends a minimum version of [1.2.30]
2023-08-04 12:57:02,903 INFO  [com.dot.ContainerResource] (docker-java-stream-1865446083) STDERR: 04-Aug-2023 12:57:02.902 INFO [main] org.apache.catalina.core.AprLifecycleListener.lifecycleEvent Loaded Apache Tomcat Native library [1.2.23] using APR version [1.6.5].
2023-08-04 12:57:02,903 INFO  [com.dot.ContainerResource] (docker-java-stream-1865446083) STDERR: 04-Aug-2023 12:57:02.903 INFO [main] org.apache.catalina.core.AprLifecycleListener.lifecycleEvent APR capabilities: IPv6 [true], sendfile [true], accept filters [false], random [true], UDS [false].
2023-08-04 12:57:02,911 INFO  [com.dot.ContainerResource] (docker-java-stream-1865446083) STDERR: 04-Aug-2023 12:57:02.909 INFO [main] org.apache.catalina.core.AprLifecycleListener.lifecycleEvent APR/OpenSSL configuration: useAprConnector [false], useOpenSSL [true]
2023-08-04 12:57:02,914 INFO  [com.dot.ContainerResource] (docker-java-stream-1865446083) STDERR: 04-Aug-2023 12:57:02.913 INFO [main] org.apache.catalina.core.AprLifecycleListener.initializeSSL OpenSSL successfully initialized [OpenSSL 1.1.1f  31 Mar 2020]
2023-08-04 12:57:03,529 INFO  [com.dot.ContainerResource] (docker-java-stream-1865446083) STDERR: 04-Aug-2023 12:57:03.528 INFO [main] org.apache.coyote.AbstractProtocol.init Initializing ProtocolHandler ["http-nio2-8080"]
2023-08-04 12:57:03,548 INFO  [com.dot.ContainerResource] (docker-java-stream-1865446083) STDERR: 04-Aug-2023 12:57:03.547 WARNING [main] org.apache.tomcat.util.net.Nio2Endpoint.bind The NIO2 connector requires an exclusive executor to operate properly on shutdown
2023-08-04 12:57:03,587 INFO  [com.dot.ContainerResource] (docker-java-stream-1865446083) STDERR: 04-Aug-2023 12:57:03.586 INFO [main] org.apache.coyote.AbstractProtocol.init Initializing ProtocolHandler ["http-nio2-8081"]
2023-08-04 12:57:03,588 INFO  [com.dot.ContainerResource] (docker-java-stream-1865446083) STDERR: 04-Aug-2023 12:57:03.588 WARNING [main] org.apache.tomcat.util.net.Nio2Endpoint.bind The NIO2 connector requires an exclusive executor to operate properly on shutdown
2023-08-04 12:57:03,590 INFO  [com.dot.ContainerResource] (docker-java-stream-1865446083) STDERR: 04-Aug-2023 12:57:03.589 INFO [main] org.apache.coyote.AbstractProtocol.init Initializing ProtocolHandler ["http-nio2-8082"]
2023-08-04 12:57:03,590 INFO  [com.dot.ContainerResource] (docker-java-stream-1865446083) STDERR: 04-Aug-2023 12:57:03.590 WARNING [main] org.apache.tomcat.util.net.Nio2Endpoint.bind The NIO2 connector requires an exclusive executor to operate properly on shutdown
2023-08-04 12:57:03,592 INFO  [com.dot.ContainerResource] (docker-java-stream-1865446083) STDERR: 04-Aug-2023 12:57:03.591 INFO [main] org.apache.coyote.AbstractProtocol.init Initializing ProtocolHandler ["https-openssl-nio2-8443"]
2023-08-04 12:57:03,602 INFO  [com.dot.ContainerResource] (docker-java-stream-1865446083) STDERR: 04-Aug-2023 12:57:03.600 WARNING [main] org.apache.tomcat.util.net.Nio2Endpoint.bind The NIO2 connector requires an exclusive executor to operate properly on shutdown
2023-08-04 12:57:03,773 INFO  [org.tes.con.wai.str.HttpWaitStrategy] (ducttape-0) /dotcms-envyaw4gy_elasticsearch_1: Waiting for 60 seconds for URL: http://localhost:32774/ (where port 32774 maps to container port 9200)
2023-08-04 12:57:03,886 INFO  [com.dot.ContainerResource] (docker-java-stream-1865446083) STDERR: 04-Aug-2023 12:57:03.885 INFO [main] org.apache.catalina.startup.Catalina.load Server initialization in [1770] milliseconds
2023-08-04 12:57:04,023 INFO  [com.dot.ContainerResource] (docker-java-stream-1865446083) STDERR: 04-Aug-2023 12:57:04.023 INFO [main] org.apache.catalina.core.StandardService.startInternal Starting service [Catalina]
2023-08-04 12:57:04,026 INFO  [com.dot.ContainerResource] (docker-java-stream-1865446083) STDERR: 04-Aug-2023 12:57:04.025 INFO [main] org.apache.catalina.core.StandardEngine.startInternal Starting Servlet engine: [Apache Tomcat/9.0.60]
2023-08-04 12:57:04,037 INFO  [com.dot.ContainerResource] (docker-java-stream-1865446083) STDERR: 04-Aug-2023 12:57:04.037 INFO [main] org.apache.catalina.startup.HostConfig.deployDirectory Deploying web application directory [/srv/dotserver/tomcat-9.0.60/webapps/ROOT]
2023-08-04 12:57:12,303 INFO  [com.dot.ContainerResource] (docker-java-stream-1865446083) STDOUT: 12:57:12.275  INFO  loggers.Log4jUtil - Async Logger enabled: true
2023-08-04 12:57:12,332 INFO  [com.dot.ContainerResource] (docker-java-stream-1865446083) STDOUT: 12:57:12.289  INFO  listeners.ContextLifecycleListener - Installing the web socket
2023-08-04 12:57:14,387 INFO  [com.dot.ContainerResource] (docker-java-stream-1865446083) STDOUT: 12:57:14.386  INFO  business.CacheLocator - loading cache administrator: ChainableCacheAdministratorImpl
2023-08-04 12:57:14,784 INFO  [com.dot.ContainerResource] (docker-java-stream-1865446083) STDERR: SLF4J: No SLF4J providers were found.
2023-08-04 12:57:14,785 INFO  [com.dot.ContainerResource] (docker-java-stream-1865446083) STDERR: SLF4J: Defaulting to no-operation (NOP) logger implementation
2023-08-04 12:57:14,785 INFO  [com.dot.ContainerResource] (docker-java-stream-1865446083) STDERR: SLF4J: See https://www.slf4j.org/codes.html#noProviders for further details.
2023-08-04 12:57:15,605 INFO  [com.dot.ContainerResource] (docker-java-stream-1865446083) STDOUT: 12:57:15.605  INFO  db.DataSourceStrategyProvider - Datasource loaded using custom class com.dotmarketing.db.SystemEnvDataSourceStrategy
2023-08-04 12:57:15,639 INFO  [com.dot.ContainerResource] (docker-java-stream-1865446083) STDOUT: 12:57:15.638  INFO  cfg.Environment - Hibernate 2.1.8
2023-08-04 12:57:15,641 INFO  [com.dot.ContainerResource] (docker-java-stream-1865446083) STDOUT: 12:57:15.640  INFO  cfg.Environment - hibernate.properties not found
2023-08-04 12:57:15,642 INFO  [com.dot.ContainerResource] (docker-java-stream-1865446083) STDOUT: 12:57:15.642  INFO  cfg.Environment - using CGLIB reflection optimizer
2023-08-04 12:57:15,649 INFO  [com.dot.ContainerResource] (docker-java-stream-1865446083) STDOUT: 12:57:15.648  INFO  cfg.Environment - using JDK 1.4 java.sql.Timestamp handling
2023-08-04 12:57:15,679 INFO  [com.dot.ContainerResource] (docker-java-stream-1865446083) STDOUT: 12:57:15.673  INFO  cfg.Configuration - configuring from resource: /hibernate.cfg.xml
2023-08-04 12:57:15,680 INFO  [com.dot.ContainerResource] (docker-java-stream-1865446083) STDOUT: 12:57:15.673  INFO  cfg.Configuration - Configuration resource: /hibernate.cfg.xml
2023-08-04 12:57:15,937 INFO  [com.dot.ContainerResource] (docker-java-stream-1865446083) STDOUT: 12:57:15.933  INFO  cfg.Configuration - Configured SessionFactory: null
2023-08-04 12:57:15,937 INFO  [com.dot.ContainerResource] (docker-java-stream-1865446083) STDOUT: 12:57:15.933  INFO  cfg.Configuration - Mapping resource: META-INF/portal-hbm.xml
2023-08-04 12:57:16,167 INFO  [com.dot.ContainerResource] (docker-java-stream-1865446083) STDOUT: 12:57:16.166  INFO  cfg.Binder - Mapping class: com.liferay.portal.ejb.AddressHBM -> Address
2023-08-04 12:57:16,392 INFO  [com.dot.ContainerResource] (docker-java-stream-1865446083) STDOUT: 12:57:16.391  INFO  cfg.Binder - Mapping class: com.liferay.portal.ejb.CompanyHBM -> Company
2023-08-04 12:57:16,403 INFO  [com.dot.ContainerResource] (docker-java-stream-1865446083) STDOUT: 12:57:16.401  INFO  cfg.Binder - Mapping class: com.liferay.portal.ejb.ImageHBM -> Image
2023-08-04 12:57:16,416 INFO  [com.dot.ContainerResource] (docker-java-stream-1865446083) STDOUT: 12:57:16.407  INFO  cfg.Binder - Mapping class: com.liferay.portal.ejb.PasswordTrackerHBM -> PasswordTracker
2023-08-04 12:57:16,417 INFO  [com.dot.ContainerResource] (docker-java-stream-1865446083) STDOUT: 12:57:16.414  INFO  cfg.Binder - Mapping class: com.liferay.portal.ejb.UserHBM -> User_
2023-08-04 12:57:16,431 INFO  [com.dot.ContainerResource] (docker-java-stream-1865446083) STDOUT: 12:57:16.429  INFO  cfg.Binder - Mapping class: com.liferay.portal.ejb.UserTrackerHBM -> UserTracker
2023-08-04 12:57:16,465 INFO  [com.dot.ContainerResource] (docker-java-stream-1865446083) STDOUT: 12:57:16.435  INFO  cfg.Binder - Mapping class: com.liferay.portal.ejb.UserTrackerPathHBM -> UserTrackerPath
2023-08-04 12:57:16,465 INFO  [com.dot.ContainerResource] (docker-java-stream-1865446083) STDOUT: 12:57:16.441  INFO  cfg.Binder - Mapping class: com.liferay.portlet.admin.ejb.AdminConfigHBM -> AdminConfig
2023-08-04 12:57:16,466 INFO  [com.dot.ContainerResource] (docker-java-stream-1865446083) STDOUT: 12:57:16.442  INFO  cfg.Configuration - Mapping resource: com/dotmarketing/beans/DotCMSSeq.hbm.xml
2023-08-04 12:57:16,546 INFO  [com.dot.ContainerResource] (docker-java-stream-1865446083) STDOUT: 12:57:16.545  INFO  cfg.Binder - Mapping class: com.dotmarketing.beans.Inode -> inode
2023-08-04 12:57:16,576 INFO  [com.dot.ContainerResource] (docker-java-stream-1865446083) STDOUT: 12:57:16.576  INFO  cfg.Binder - Mapping joined-subclass: com.dotmarketing.portlets.containers.model.Container -> dot_containers
2023-08-04 12:57:16,581 INFO  [com.dot.ContainerResource] (docker-java-stream-1865446083) STDOUT: 12:57:16.580  INFO  cfg.Binder - Mapping joined-subclass: com.dotmarketing.portlets.links.model.Link -> links
2023-08-04 12:57:16,591 INFO  [com.dot.ContainerResource] (docker-java-stream-1865446083) STDOUT: 12:57:16.590  INFO  cfg.Binder - Mapping joined-subclass: com.dotmarketing.portlets.structure.model.Field -> field
2023-08-04 12:57:16,595 INFO  [com.dot.ContainerResource] (docker-java-stream-1865446083) STDOUT: 12:57:16.594  INFO  cfg.Binder - Mapping class: com.dotmarketing.portlets.workflows.model.WorkflowTask -> workflow_task
2023-08-04 12:57:16,604 INFO  [com.dot.ContainerResource] (docker-java-stream-1865446083) STDOUT: 12:57:16.603  INFO  cfg.Binder - Mapping class: com.dotmarketing.portlets.workflows.model.WorkflowComment -> workflow_comment
2023-08-04 12:57:16,612 INFO  [com.dot.ContainerResource] (docker-java-stream-1865446083) STDOUT: 12:57:16.612  INFO  cfg.Binder - Mapping class: com.dotmarketing.portlets.workflows.model.WorkflowHistory -> workflow_history
2023-08-04 12:57:16,615 INFO  [com.dot.ContainerResource] (docker-java-stream-1865446083) STDOUT: 12:57:16.615  INFO  cfg.Binder - Mapping class: com.dotmarketing.portlets.workflows.model.WorkFlowTaskFiles -> workflowtask_files
2023-08-04 12:57:16,622 INFO  [com.dot.ContainerResource] (docker-java-stream-1865446083) STDOUT: 12:57:16.622  INFO  cfg.Binder - Mapping class: com.dotmarketing.beans.Permission -> permission
2023-08-04 12:57:16,627 INFO  [com.dot.ContainerResource] (docker-java-stream-1865446083) STDOUT: 12:57:16.627  INFO  cfg.Binder - Mapping class: com.dotmarketing.beans.PermissionReference -> permission_reference
2023-08-04 12:57:16,631 INFO  [com.dot.ContainerResource] (docker-java-stream-1865446083) STDOUT: 12:57:16.630  INFO  cfg.Binder - Mapping class: com.dotmarketing.beans.Tree -> tree
2023-08-04 12:57:16,976 INFO  [com.dot.ContainerResource] (docker-java-stream-1865446083) STDOUT: 12:57:16.975  INFO  cfg.Binder - Mapping class: com.dotmarketing.beans.MultiTree -> multi_tree
2023-08-04 12:57:17,059 INFO  [com.dot.ContainerResource] (docker-java-stream-1865446083) STDOUT: 12:57:17.057  INFO  util.ReflectHelper - reflection optimizer disabled for: com.dotmarketing.beans.MultiTree, BulkBeanException: Index 1 out of bounds for length 0 (property setParent1)
2023-08-04 12:57:17,060 INFO  [com.dot.ContainerResource] (docker-java-stream-1865446083) STDOUT: 12:57:17.058  INFO  cfg.Binder - Mapping class: com.dotmarketing.beans.Clickstream -> clickstream
2023-08-04 12:57:17,089 INFO  [com.dot.ContainerResource] (docker-java-stream-1865446083) STDOUT: 12:57:17.088  INFO  cfg.Binder - Mapping class: com.dotmarketing.beans.ClickstreamRequest -> clickstream_request
2023-08-04 12:57:17,093 INFO  [com.dot.ContainerResource] (docker-java-stream-1865446083) STDOUT: 12:57:17.093  INFO  cfg.Binder - Mapping class: com.dotmarketing.beans.Clickstream404 -> clickstream_404
2023-08-04 12:57:17,099 INFO  [com.dot.ContainerResource] (docker-java-stream-1865446083) STDOUT: 12:57:17.099  INFO  cfg.Binder - Mapping class: com.dotmarketing.tag.model.Tag -> tag
2023-08-04 12:57:17,104 INFO  [com.dot.ContainerResource] (docker-java-stream-1865446083) STDOUT: 12:57:17.103  INFO  cfg.Binder - Mapping class: com.dotmarketing.tag.model.TagInode -> tag_inode
2023-08-04 12:57:17,174 INFO  [com.dot.ContainerResource] (docker-java-stream-1865446083) STDOUT: 12:57:17.173  INFO  cfg.Binder - Mapping class: com.dotmarketing.beans.ChallengeQuestion -> challenge_question
2023-08-04 12:57:17,184 INFO  [com.dot.ContainerResource] (docker-java-stream-1865446083) STDOUT: 12:57:17.183  INFO  cfg.Binder - Mapping class: com.dotmarketing.beans.UsersToDelete -> users_to_delete
2023-08-04 12:57:17,188 INFO  [com.dot.ContainerResource] (docker-java-stream-1865446083) STDOUT: 12:57:17.187  INFO  cfg.Binder - Mapping class: com.dotmarketing.plugin.model.Plugin -> plugin
2023-08-04 12:57:17,201 INFO  [com.dot.ContainerResource] (docker-java-stream-1865446083) STDOUT: 12:57:17.201  INFO  cfg.Binder - Mapping class: com.dotmarketing.business.Role -> cms_role
2023-08-04 12:57:17,205 INFO  [com.dot.ContainerResource] (docker-java-stream-1865446083) STDOUT: 12:57:17.204  INFO  cfg.Binder - Mapping class: com.dotmarketing.business.UsersRoles -> users_cms_roles
2023-08-04 12:57:17,210 INFO  [com.dot.ContainerResource] (docker-java-stream-1865446083) STDOUT: 12:57:17.210  INFO  cfg.Binder - Mapping class: com.dotmarketing.business.LayoutsRoles -> layouts_cms_roles
2023-08-04 12:57:17,212 INFO  [com.dot.ContainerResource] (docker-java-stream-1865446083) STDOUT: 12:57:17.212  INFO  cfg.Binder - Mapping class: com.dotmarketing.business.Layout -> cms_layout
2023-08-04 12:57:17,216 INFO  [com.dot.ContainerResource] (docker-java-stream-1865446083) STDOUT: 12:57:17.215  INFO  cfg.Binder - Mapping class: com.dotmarketing.business.PortletsLayouts -> cms_layouts_portlets
2023-08-04 12:57:17,220 INFO  [com.dot.ContainerResource] (docker-java-stream-1865446083) STDOUT: 12:57:17.220  INFO  cfg.Binder - Mapping class: com.dotmarketing.portlets.hostvariable.model.HostVariable -> host_variable
2023-08-04 12:57:17,224 INFO  [com.dot.ContainerResource] (docker-java-stream-1865446083) STDOUT: 12:57:17.224  INFO  cfg.Binder - Mapping class: com.dotmarketing.beans.FixAudit -> fixes_audit
2023-08-04 12:57:17,227 INFO  [com.dot.ContainerResource] (docker-java-stream-1865446083) STDOUT: 12:57:17.227  INFO  cfg.Binder - Mapping class: com.dotmarketing.beans.ContainerStructure -> container_structures
2023-08-04 12:57:17,235 INFO  [com.dot.ContainerResource] (docker-java-stream-1865446083) STDOUT: 12:57:17.234  INFO  cfg.Binder - Mapping class: com.dotmarketing.portlets.templates.model.TemplateVersionInfo -> template_version_info
2023-08-04 12:57:17,239 INFO  [com.dot.ContainerResource] (docker-java-stream-1865446083) STDOUT: 12:57:17.238  INFO  cfg.Binder - Mapping class: com.dotmarketing.portlets.containers.model.ContainerVersionInfo -> container_version_info
2023-08-04 12:57:17,243 INFO  [com.dot.ContainerResource] (docker-java-stream-1865446083) STDOUT: 12:57:17.243  INFO  cfg.Binder - Mapping class: com.dotmarketing.portlets.links.model.LinkVersionInfo -> link_version_info
2023-08-04 12:57:17,245 INFO  [com.dot.ContainerResource] (docker-java-stream-1865446083) STDOUT: 12:57:17.245  INFO  cfg.Configuration - Mapping resource: com/dotmarketing/beans/DotCMSSeq_NOSQLGEN.hbm.xml
2023-08-04 12:57:17,279 INFO  [com.dot.ContainerResource] (docker-java-stream-1865446083) STDOUT: 12:57:17.279  INFO  cfg.Binder - Mapping class: com.dotmarketing.plugin.model.PluginProperty -> plugin_property
2023-08-04 12:57:17,357 INFO  [com.dot.ContainerResource] (docker-java-stream-1865446083) STDOUT: 12:57:17.356  INFO  cfg.Configuration - processing one-to-many association mappings
2023-08-04 12:57:17,358 INFO  [com.dot.ContainerResource] (docker-java-stream-1865446083) STDOUT: 12:57:17.358  INFO  cfg.Binder - Mapping collection: com.dotmarketing.beans.Clickstream.clickstreamRequests -> clickstream_request
2023-08-04 12:57:17,361 INFO  [com.dot.ContainerResource] (docker-java-stream-1865446083) STDOUT: 12:57:17.360  INFO  cfg.Configuration - processing one-to-one association property references
2023-08-04 12:57:17,361 INFO  [com.dot.ContainerResource] (docker-java-stream-1865446083) STDOUT: 12:57:17.361  INFO  cfg.Configuration - processing foreign key constraints
2023-08-04 12:57:17,392 INFO  [com.dot.ContainerResource] (docker-java-stream-1865446083) STDOUT: 12:57:17.391  INFO  dialect.Dialect - Using dialect: com.dotcms.repackage.net.sf.hibernate.dialect.PostgreSQLDialect
2023-08-04 12:57:17,402 INFO  [com.dot.ContainerResource] (docker-java-stream-1865446083) STDOUT: 12:57:17.401  INFO  cfg.SettingsFactory - Use outer join fetching: true
2023-08-04 12:57:17,410 INFO  [com.dot.ContainerResource] (docker-java-stream-1865446083) STDOUT: 12:57:17.408  WARN  connection.UserSuppliedConnectionProvider - No connection properties specified - the user must supply JDBC connections
2023-08-04 12:57:17,419 INFO  [com.dot.ContainerResource] (docker-java-stream-1865446083) STDOUT: 12:57:17.418  INFO  transaction.TransactionManagerLookupFactory - No TransactionManagerLookup configured (in JTA environment, use of process level read-write cache is not recommended)
2023-08-04 12:57:17,424 INFO  [com.dot.ContainerResource] (docker-java-stream-1865446083) STDOUT: 12:57:17.424  INFO  cfg.SettingsFactory - Use scrollable result sets: true
2023-08-04 12:57:17,426 INFO  [com.dot.ContainerResource] (docker-java-stream-1865446083) STDOUT: 12:57:17.425  INFO  cfg.SettingsFactory - Use JDBC3 getGeneratedKeys(): false
2023-08-04 12:57:17,427 INFO  [com.dot.ContainerResource] (docker-java-stream-1865446083) STDOUT: 12:57:17.426  INFO  cfg.SettingsFactory - Optimize cache for minimal puts: false
2023-08-04 12:57:17,428 INFO  [com.dot.ContainerResource] (docker-java-stream-1865446083) STDOUT: 12:57:17.428  INFO  cfg.SettingsFactory - Query language substitutions: {}
2023-08-04 12:57:17,428 INFO  [com.dot.ContainerResource] (docker-java-stream-1865446083) STDOUT: 12:57:17.428  INFO  cfg.SettingsFactory - cache provider: com.dotmarketing.db.NoCacheProvider
2023-08-04 12:57:17,433 INFO  [com.dot.ContainerResource] (docker-java-stream-1865446083) STDOUT: 12:57:17.432  INFO  cfg.Configuration - instantiating and configuring caches
2023-08-04 12:57:17,477 INFO  [com.dot.ContainerResource] (docker-java-stream-1865446083) STDOUT: 12:57:17.476  INFO  impl.SessionFactoryImpl - building session factory
2023-08-04 12:57:17,785 INFO  [com.dot.ContainerResource] (docker-java-stream-1865446083) STDOUT: 12:57:17.784  INFO  util.ReflectHelper - reflection optimizer disabled for: com.dotmarketing.beans.MultiTree, BulkBeanException: Index 1 out of bounds for length 0 (property setTreeOrder)
2023-08-04 12:57:18,574 INFO  [com.dot.ContainerResource] (docker-java-stream-1865446083) STDOUT: 12:57:18.573  INFO  impl.SessionFactoryObjectFactory - Not binding factory to JNDI, no JNDI name configured
2023-08-04 12:57:19,130 INFO  [com.dot.ContainerResource] (docker-java-stream-1865446083) STDOUT: 12:57:19.126  WARN  license.LicenseManager - Cannot upsert License to db (every 120000 millis)
2023-08-04 12:57:19,131 INFO  [com.dot.ContainerResource] (docker-java-stream-1865446083) STDOUT: 12:57:19.128  INFO  servlets.InitServlet - 
2023-08-04 12:57:19,131 INFO  [com.dot.ContainerResource] (docker-java-stream-1865446083) STDOUT: 12:57:19.128  INFO  servlets.InitServlet -  * Copyright (c) 2023 dotCMS Inc. 
2023-08-04 12:57:19,132 INFO  [com.dot.ContainerResource] (docker-java-stream-1865446083) STDOUT: 12:57:19.128  INFO  servlets.InitServlet -  * This software, code and any modifications to the code are licensed under the terms of the dotCMS Enterprise License 
2023-08-04 12:57:19,132 INFO  [com.dot.ContainerResource] (docker-java-stream-1865446083) STDOUT: 12:57:19.129  INFO  servlets.InitServlet -  * which can be found here : https://www.github.com/dotCMS/core/LICENSE 
2023-08-04 12:57:19,133 INFO  [com.dot.ContainerResource] (docker-java-stream-1865446083) STDOUT: 12:57:19.129  INFO  servlets.InitServlet - 
2023-08-04 12:57:19,172 INFO  [com.dot.ContainerResource] (docker-java-stream-1865446083) STDOUT: 12:57:19.163  INFO  h22.H22Cache - Initing H22 cache db:0
2023-08-04 12:57:19,173 INFO  [com.dot.ContainerResource] (docker-java-stream-1865446083) STDOUT: 12:57:19.167  INFO  h22.H22Cache - Building new H22 Cache, db:0
2023-08-04 12:57:19,231 INFO  [com.dot.ContainerResource] (docker-java-stream-1865446083) STDOUT: 12:57:19.228  INFO  h22.H22HikariPool - H22 on disk cache:jdbc:h2:/data/local/dotsecure/h22cache/0/2023-08-04_12-57-19/cache;MVCC=TRUE;DB_CLOSE_ON_EXIT=FALSE
2023-08-04 12:57:19,788 INFO  [com.dot.ContainerResource] (docker-java-stream-1865446083) STDOUT: 12:57:19.788  INFO  h22.H22Cache - Initing H22 cache db:1
2023-08-04 12:57:19,799 INFO  [com.dot.ContainerResource] (docker-java-stream-1865446083) STDOUT: 12:57:19.796  INFO  h22.H22Cache - Building new H22 Cache, db:1
2023-08-04 12:57:19,802 INFO  [com.dot.ContainerResource] (docker-java-stream-1865446083) STDOUT: 12:57:19.802  INFO  h22.H22HikariPool - H22 on disk cache:jdbc:h2:/data/local/dotsecure/h22cache/1/2023-08-04_12-57-19/cache;MVCC=TRUE;DB_CLOSE_ON_EXIT=FALSE
2023-08-04 12:57:19,903 INFO  [com.dot.ContainerResource] (docker-java-stream-1865446083) STDOUT: 12:57:19.899  INFO  timedcache.TimedCacheProvider - ===== Initializing [Timed Cache Provider].
2023-08-04 12:57:19,903 INFO  [com.dot.ContainerResource] (docker-java-stream-1865446083) STDOUT: 12:57:19.901  INFO  timedcache.TimedCacheProvider - ***	 Cache Config Memory : esquerycache: 10000
2023-08-04 12:57:19,904 INFO  [com.dot.ContainerResource] (docker-java-stream-1865446083) STDOUT: 12:57:19.901  INFO  timedcache.TimedCacheProvider - ***	 Cache Config Memory : esquerycountcache: 10000
2023-08-04 12:57:19,908 INFO  [com.dot.ContainerResource] (docker-java-stream-1865446083) STDOUT: 12:57:19.907  INFO  timedcache.TimedCacheProvider - ***	 Cache Config Memory : graphqlquerycache: 5000
2023-08-04 12:57:19,908 INFO  [com.dot.ContainerResource] (docker-java-stream-1865446083) STDOUT: 12:57:19.908  INFO  timedcache.TimedCacheProvider - ***	 Cache Config Memory : default: 1000
2023-08-04 12:57:19,909 INFO  [com.dot.ContainerResource] (docker-java-stream-1865446083) STDOUT: 12:57:19.909  INFO  timedcache.TimedCacheProvider - ***	 Cache Config Memory : adminconfigpool: 100
2023-08-04 12:57:19,912 INFO  [com.dot.ContainerResource] (docker-java-stream-1865446083) STDOUT: 12:57:19.912  INFO  timedcache.TimedCacheProvider - ***	 Cache Config Memory : companypool: 10
2023-08-04 12:57:19,921 INFO  [com.dot.ContainerResource] (docker-java-stream-1865446083) STDOUT: 12:57:19.920  INFO  timedcache.TimedCacheProvider - ***	 Cache Config Memory : contentletcache: 5000
2023-08-04 12:57:19,921 INFO  [com.dot.ContainerResource] (docker-java-stream-1865446083) STDOUT: 12:57:19.921  INFO  timedcache.TimedCacheProvider - ***	 Cache Config Memory : categoryparentscache: 30000
2023-08-04 12:57:19,922 INFO  [com.dot.ContainerResource] (docker-java-stream-1865446083) STDOUT: 12:57:19.922  INFO  timedcache.TimedCacheProvider - ***	 Cache Config Memory : taginodecache: 50000
2023-08-04 12:57:19,923 INFO  [com.dot.ContainerResource] (docker-java-stream-1865446083) STDOUT: 12:57:19.922  INFO  timedcache.TimedCacheProvider - ***	 Cache Config Memory : taginodesbyinodecache: 50000
2023-08-04 12:57:19,924 INFO  [com.dot.ContainerResource] (docker-java-stream-1865446083) STDOUT: 12:57:19.924  INFO  timedcache.TimedCacheProvider - ***	 Cache Config Memory : tagcache: 50000
2023-08-04 12:57:19,926 INFO  [com.dot.ContainerResource] (docker-java-stream-1865446083) STDOUT: 12:57:19.925  INFO  timedcache.TimedCacheProvider - ***	 Cache Config Memory : csscache: 2500
2023-08-04 12:57:19,926 INFO  [com.dot.ContainerResource] (docker-java-stream-1865446083) STDOUT: 12:57:19.926  INFO  timedcache.TimedCacheProvider - ***	 Cache Config Memory : assetmetadatacache: 10000
2023-08-04 12:57:19,927 INFO  [com.dot.ContainerResource] (docker-java-stream-1865446083) STDOUT: 12:57:19.927  INFO  timedcache.TimedCacheProvider - ***	 Cache Config Memory : identifiercache: 50000
2023-08-04 12:57:19,930 INFO  [com.dot.ContainerResource] (docker-java-stream-1865446083) STDOUT: 12:57:19.929  INFO  timedcache.TimedCacheProvider - ***	 Cache Config Memory : identifier404cache: 30000
2023-08-04 12:57:19,930 INFO  [com.dot.ContainerResource] (docker-java-stream-1865446083) STDOUT: 12:57:19.930  INFO  timedcache.TimedCacheProvider - ***	 Cache Config Memory : indiciescache: 8
2023-08-04 12:57:19,931 INFO  [com.dot.ContainerResource] (docker-java-stream-1865446083) STDOUT: 12:57:19.931  INFO  timedcache.TimedCacheProvider - ***	 Cache Config Memory : logmappercache: 10
2023-08-04 12:57:19,932 INFO  [com.dot.ContainerResource] (docker-java-stream-1865446083) STDOUT: 12:57:19.932  INFO  timedcache.TimedCacheProvider - ***	 Cache Config Memory : navcache: 1000
2023-08-04 12:57:19,933 INFO  [com.dot.ContainerResource] (docker-java-stream-1865446083) STDOUT: 12:57:19.933  INFO  timedcache.TimedCacheProvider - ***	 Cache Config Memory : parentpermissionablecache: 10000
2023-08-04 12:57:19,934 INFO  [com.dot.ContainerResource] (docker-java-stream-1865446083) STDOUT: 12:57:19.933  INFO  timedcache.TimedCacheProvider - ***	 Cache Config Memory : permissioncache: 50000
2023-08-04 12:57:19,936 INFO  [com.dot.ContainerResource] (docker-java-stream-1865446083) STDOUT: 12:57:19.935  INFO  timedcache.TimedCacheProvider - ***	 Cache Config Memory : portletpool: 100
2023-08-04 12:57:19,941 INFO  [com.dot.ContainerResource] (docker-java-stream-1865446083) STDOUT: 12:57:19.940  INFO  timedcache.TimedCacheProvider - ***	 Cache Config Memory : publishingendpointcache: 100
2023-08-04 12:57:19,942 INFO  [com.dot.ContainerResource] (docker-java-stream-1865446083) STDOUT: 12:57:19.941  INFO  timedcache.TimedCacheProvider - ***	 Cache Config Memory : pushedassetscache: 5000
2023-08-04 12:57:19,944 INFO  [com.dot.ContainerResource] (docker-java-stream-1865446083) STDOUT: 12:57:19.943  INFO  timedcache.TimedCacheProvider - ***	 Cache Config Memory : templatecache: 500
2023-08-04 12:57:19,945 INFO  [com.dot.ContainerResource] (docker-java-stream-1865446083) STDOUT: 12:57:19.944  INFO  timedcache.TimedCacheProvider - ***	 Cache Config Memory : translatedquerycache: 5000
2023-08-04 12:57:19,946 INFO  [com.dot.ContainerResource] (docker-java-stream-1865446083) STDOUT: 12:57:19.945  INFO  timedcache.TimedCacheProvider - ***	 Cache Config Memory : versioncache: 50000
2023-08-04 12:57:19,948 INFO  [com.dot.ContainerResource] (docker-java-stream-1865446083) STDOUT: 12:57:19.948  INFO  timedcache.TimedCacheProvider - ***	 Cache Config Memory : versioninfocache: 50000
2023-08-04 12:57:19,951 INFO  [com.dot.ContainerResource] (docker-java-stream-1865446083) STDOUT: 12:57:19.948  INFO  timedcache.TimedCacheProvider - ***	 Cache Config Memory : workflowactioncache: 10000
2023-08-04 12:57:19,952 INFO  [com.dot.ContainerResource] (docker-java-stream-1865446083) STDOUT: 12:57:19.951  INFO  timedcache.TimedCacheProvider - ***	 Cache Config Memory : workflowtaskcache: 10000
2023-08-04 12:57:19,953 INFO  [com.dot.ContainerResource] (docker-java-stream-1865446083) STDOUT: 12:57:19.953  INFO  timedcache.TimedCacheProvider - ***	 Cache Config Memory : shortyidcache: 25000
2023-08-04 12:57:19,958 INFO  [com.dot.ContainerResource] (docker-java-stream-1865446083) STDOUT: 12:57:19.957  INFO  timedcache.TimedCacheProvider - ***	 Cache Config Memory : velocitycache: 5000
2023-08-04 12:57:19,958 INFO  [com.dot.ContainerResource] (docker-java-stream-1865446083) STDOUT: 12:57:19.957  INFO  timedcache.TimedCacheProvider - ***	 Cache Config Memory : vanityurldirectcache: 25000
2023-08-04 12:57:19,959 INFO  [com.dot.ContainerResource] (docker-java-stream-1865446083) STDOUT: 12:57:19.957  INFO  timedcache.TimedCacheProvider - ***	 Cache Config Memory : vanityurlsitecache: 5000
2023-08-04 12:57:21,456 INFO  [com.dot.ContainerResource] (docker-java-stream-1865446083) STDOUT: 12:57:21.456  INFO  servlet.VisitorFilter - VisitorLogger Filter Started
2023-08-04 12:57:21,576 INFO  [com.dot.ContainerResource] (docker-java-stream-1865446083) STDERR: 04-Aug-2023 12:57:21.575 INFO [main] org.apache.catalina.core.ApplicationContext.log org.tuckey.web.filters.urlrewrite.UrlRewriteFilter INFO: loaded (conf ok)
2023-08-04 12:57:22,407 INFO  [com.dot.ContainerResource] (docker-java-stream-1865446083) STDOUT: 12:57:22.396  INFO  util.SystemProperties - Loading file:/srv/dotserver/tomcat-9.0.60/webapps/ROOT/WEB-INF/classes/system.properties
2023-08-04 12:57:22,408 INFO  [com.dot.ContainerResource] (docker-java-stream-1865446083) STDOUT: 12:57:22.396  INFO  util.SystemProperties - Loading file:/srv/dotserver/tomcat-9.0.60/webapps/ROOT/WEB-INF/classes/system-ext.properties
2023-08-04 12:57:22,452 INFO  [com.dot.ContainerResource] (docker-java-stream-1865446083) STDOUT: 12:57:22.452  INFO  util.SystemProperties - Loading file:/srv/dotserver/tomcat-9.0.60/webapps/ROOT/WEB-INF/classes/system.properties
2023-08-04 12:57:22,453 INFO  [com.dot.ContainerResource] (docker-java-stream-1865446083) STDOUT: 12:57:22.452  INFO  util.SystemProperties - Loading file:/srv/dotserver/tomcat-9.0.60/webapps/ROOT/WEB-INF/classes/system-ext.properties
2023-08-04 12:57:24,227 INFO  [com.dot.ContainerResource] (docker-java-stream-1865446083) STDOUT: 12:57:24.226  INFO  util.PropsLoader - Loading file:/srv/dotserver/tomcat-9.0.60/webapps/ROOT/WEB-INF/classes/portal.properties
2023-08-04 12:57:24,233 INFO  [com.dot.ContainerResource] (docker-java-stream-1865446083) STDOUT: 12:57:24.233  INFO  util.PropsLoader - Loading file:/srv/dotserver/tomcat-9.0.60/webapps/ROOT/WEB-INF/classes/portal-ext.properties
2023-08-04 12:57:31,341 INFO  [io.quarkus] (main) api-data-model 1.0.0-SNAPSHOT on JVM (powered by Quarkus 2.9.1.Final) started in 37.414s. Listening on: http://localhost:8081
2023-08-04 12:57:31,342 INFO  [io.quarkus] (main) Profile test activated. 
2023-08-04 12:57:31,342 INFO  [io.quarkus] (main) Installed features: [cdi, rest-client, rest-client-jackson, resteasy-reactive, resteasy-reactive-jackson, smallrye-context-propagation, smallrye-openapi, swagger-ui, vertx]
2023-08-04 12:57:33,139 INFO  [com.dot.ContainerResource] (docker-java-stream-1865446083) STDERR: 04-Aug-2023 12:57:33.131 WARNING [main] org.glassfish.jersey.internal.Errors.logErrors The following warnings have been detected: HINT: A HTTP GET method, public final void com.dotcms.rest.api.v1.categories.CategoriesResource.export(javax.servlet.http.HttpServletRequest,javax.servlet.http.HttpServletResponse,java.lang.String,java.lang.String) throws com.dotmarketing.exception.DotDataException,com.dotmarketing.exception.DotSecurityException,java.io.IOException, returns a void type. It can be intentional and perfectly fine, but it is a little uncommon that GET method returns always "204 No Content".
2023-08-04 12:57:33,145 INFO  [com.dot.ContainerResource] (docker-java-stream-1865446083) STDERR: WARNING: The (sub)resource method findVersions in com.dotcms.rest.api.v1.content.ContentVersionResource contains empty path annotation.
2023-08-04 12:57:33,145 INFO  [com.dot.ContainerResource] (docker-java-stream-1865446083) STDERR: WARNING: The (sub)resource method getJvmInfo in com.dotcms.rest.api.v1.maintenance.JVMInfoResource contains empty path annotation.
2023-08-04 12:57:33,145 INFO  [com.dot.ContainerResource] (docker-java-stream-1865446083) STDERR: WARNING: A HTTP GET method, public javax.ws.rs.core.Response com.dotcms.rest.elasticsearch.ESContentResourcePortlet.search(javax.servlet.http.HttpServletRequest,javax.servlet.http.HttpServletResponse,java.lang.String,java.lang.String,boolean,boolean) throws com.dotmarketing.exception.DotDataException,com.dotmarketing.exception.DotSecurityException, should not consume any entity.
2023-08-04 12:57:33,145 INFO  [com.dot.ContainerResource] (docker-java-stream-1865446083) STDERR: WARNING: The (sub)resource method createApp in com.dotcms.rest.api.v1.apps.AppsResource contains empty path annotation.
2023-08-04 12:57:33,145 INFO  [com.dot.ContainerResource] (docker-java-stream-1865446083) STDERR: WARNING: The (sub)resource method deleteIndividualAppSecret in com.dotcms.rest.api.v1.apps.AppsResource contains empty path annotation.
2023-08-04 12:57:33,145 INFO  [com.dot.ContainerResource] (docker-java-stream-1865446083) STDERR: WARNING: The (sub)resource method listAvailableApps in com.dotcms.rest.api.v1.apps.AppsResource contains empty path annotation.
2023-08-04 12:57:33,146 INFO  [com.dot.ContainerResource] (docker-java-stream-1865446083) STDERR: WARNING: The (sub)resource method getAssetsInfo in com.dotcms.rest.api.v1.asset.WebAssetResource contains empty path annotation.
2023-08-04 12:57:33,146 INFO  [com.dot.ContainerResource] (docker-java-stream-1865446083) STDERR: WARNING: The (sub)resource method saveUpdateAsset in com.dotcms.rest.api.v1.asset.WebAssetResource contains empty path annotation.
2023-08-04 12:57:33,146 INFO  [com.dot.ContainerResource] (docker-java-stream-1865446083) STDERR: WARNING: A HTTP GET method, public javax.ws.rs.core.Response com.dotcms.rest.api.v1.vtl.VTLResource.get(javax.servlet.http.HttpServletRequest,javax.servlet.http.HttpServletResponse,javax.ws.rs.core.UriInfo,java.lang.String,java.util.Map), should not consume any entity.
2023-08-04 12:57:33,146 INFO  [com.dot.ContainerResource] (docker-java-stream-1865446083) STDERR: WARNING: A HTTP GET method, public javax.ws.rs.core.Response com.dotcms.rest.api.v1.vtl.VTLResource.dynamicGet(javax.servlet.http.HttpServletRequest,javax.servlet.http.HttpServletResponse,javax.ws.rs.core.UriInfo,java.lang.String,java.lang.String), should not consume any entity.
2023-08-04 12:57:33,146 INFO  [com.dot.ContainerResource] (docker-java-stream-1865446083) STDERR: WARNING: A HTTP GET method, public javax.ws.rs.core.Response com.dotcms.rest.api.v1.vtl.VTLResource.dynamicGet(javax.servlet.http.HttpServletRequest,javax.servlet.http.HttpServletResponse,javax.ws.rs.core.UriInfo,java.lang.String), should not consume any entity.
2023-08-04 12:57:33,146 INFO  [com.dot.ContainerResource] (docker-java-stream-1865446083) STDERR: WARNING: A HTTP GET method, public javax.ws.rs.core.Response com.dotcms.rest.api.v1.vtl.VTLResource.get(javax.servlet.http.HttpServletRequest,javax.servlet.http.HttpServletResponse,javax.ws.rs.core.UriInfo,java.lang.String,java.lang.String,java.util.Map), should not consume any entity.
2023-08-04 12:57:33,146 INFO  [com.dot.ContainerResource] (docker-java-stream-1865446083) STDERR: WARNING: The (sub)resource method statusCheck in com.dotcms.rest.api.v1.system.monitor.MonitorResource contains empty path annotation.
2023-08-04 12:57:33,146 INFO  [com.dot.ContainerResource] (docker-java-stream-1865446083) STDERR: WARNING: The (sub)resource method issueApiToken in com.dotcms.rest.api.v1.authentication.ApiTokenResource contains empty path annotation.
2023-08-04 12:57:33,146 INFO  [com.dot.ContainerResource] (docker-java-stream-1865446083) STDERR: WARNING: The (sub)resource method getIndexStatus in com.dotcms.rest.api.v1.index.ESIndexResource contains empty path annotation.
2023-08-04 12:57:33,146 INFO  [com.dot.ContainerResource] (docker-java-stream-1865446083) STDERR: 
2023-08-04 12:57:34,244 INFO  [com.dot.ContainerResource] (docker-java-stream-1865446083) STDOUT: 12:57:34.243  INFO  tiles.TilesPlugin - Tiles definition factory loaded for module ''.
2023-08-04 12:57:34,256 INFO  [com.dot.ContainerResource] (docker-java-stream-1865446083) STDOUT: 12:57:34.256  INFO  validator.ValidatorPlugIn - Loading validation rules file from '/WEB-INF/validator-rules.xml'
2023-08-04 12:57:34,263 INFO  [com.dot.ContainerResource] (docker-java-stream-1865446083) STDOUT: 12:57:34.262  INFO  validator.ValidatorPlugIn - Loading validation rules file from '/WEB-INF/validation.xml'
2023-08-04 12:57:34,645 INFO  [com.dot.ContainerResource] (docker-java-stream-1865446083) STDOUT: 12:57:34.644  INFO  util.RestHighLevelClientProvider - disabling String.intern() in Jackson
2023-08-04 12:57:34,682 INFO  [com.dot.ContainerResource] (docker-java-stream-1865446083) STDOUT: 12:57:34.681  WARN  util.DotRestHighLevelClientProvider - Elastic RestHighLevelClient will be initialized without certificates
2023-08-04 12:57:34,689 INFO  [com.dot.ContainerResource] (docker-java-stream-1865446083) STDOUT: 12:57:34.688  INFO  util.DotRestHighLevelClientProvider - Initializing Elastic RestHighLevelClient using Basic authentication
2023-08-04 12:57:34,727 INFO  [com.dot.ContainerResource] (docker-java-stream-1865446083) STDOUT: 12:57:34.727  INFO  util.DotRestHighLevelClientProvider - Initializing Elastic RestHighLevelClient using endpoints [
2023-08-04 12:57:34,735 INFO  [com.dot.ContainerResource] (docker-java-stream-1865446083) STDOUT: 12:57:34.734  INFO  util.DotRestHighLevelClientProvider -   - http://elasticsearch:9200
2023-08-04 12:57:34,761 INFO  [com.dot.ContainerResource] (docker-java-stream-1865446083) STDOUT: 12:57:34.760  INFO  util.DotRestHighLevelClientProvider - ]
2023-08-04 12:57:34,762 INFO  [com.dot.ContainerResource] (docker-java-stream-1865446083) STDOUT: 12:57:34.760  WARN  util.DotRestHighLevelClientProvider - Initializing Elastic RestHighLevelClient using an unsecured http connection
2023-08-04 12:57:35,690 INFO  [com.dot.ContainerResource] (docker-java-stream-1865446083) STDOUT: 12:57:35.689  INFO  util.DotRestHighLevelClientProvider - RestHighLevelClientProvider com.dotcms.content.elasticsearch.util.DotRestHighLevelClientProvider loaded successfully
2023-08-04 12:57:35,990 INFO  [com.dot.ContainerResource] (docker-java-stream-1865446083) STDOUT: 12:57:35.987  WARN  client.RestClient - request [GET http://elasticsearch:9200/_nodes/stats] returned 1 warnings: [299 Elasticsearch-7.16.1-5b38441b16b1ebb16a27c107a4c3865776e20c53 "Elasticsearch built-in security features are not enabled. Without authentication, your cluster could be accessible to anyone. See https://www.elastic.co/guide/en/elasticsearch/reference/7.16/security-minimal-setup.html to enable security."]
2023-08-04 12:57:36,269 INFO  [com.dot.ContainerResource] (docker-java-stream-1865446083) STDOUT: 12:57:36.269  INFO  startup.StartupTasksExecutor - Running Startup Tasks
2023-08-04 12:57:36,698 INFO  [com.dot.ContainerResource] (docker-java-stream-1865446083) STDOUT: 12:57:36.697  INFO  runalways.Task00001LoadSchema - -------------------------------------------------------------------------------------
2023-08-04 12:57:36,704 INFO  [com.dot.ContainerResource] (docker-java-stream-1865446083) STDOUT: 12:57:36.697  INFO  runalways.Task00001LoadSchema - 
2023-08-04 12:57:36,705 INFO  [com.dot.ContainerResource] (docker-java-stream-1865446083) STDOUT: 12:57:36.698  INFO  runalways.Task00001LoadSchema - Empty dotCMS database found.  Loading initial dotCMS schema for PostgreSQL
2023-08-04 12:57:36,706 INFO  [com.dot.ContainerResource] (docker-java-stream-1865446083) STDOUT: 12:57:36.698  INFO  runalways.Task00001LoadSchema - 
2023-08-04 12:57:36,707 INFO  [com.dot.ContainerResource] (docker-java-stream-1865446083) STDOUT: 12:57:36.698  INFO  runalways.Task00001LoadSchema - -------------------------------------------------------------------------------------
2023-08-04 12:57:36,713 INFO  [com.dot.ContainerResource] (docker-java-stream-1865446083) STDOUT: 12:57:36.704  INFO  startup.StartupTasksExecutor - Running Startup Tasks : Task00001LoadSchema
2023-08-04 12:57:36,714 INFO  [com.dot.ContainerResource] (docker-java-stream-1865446083) STDOUT: 12:57:36.704  INFO  runalways.Task00001LoadSchema - Loading schema
2023-08-04 12:57:36,829 INFO  [com.dot.ContainerResource] (docker-java-stream-1865446083) STDOUT: 12:57:36.828  INFO  timedcache.TimedCacheProvider - ===== Initializing [Timed Cache Provider].
2023-08-04 12:57:36,837 INFO  [com.dot.ContainerResource] (docker-java-stream-1865446083) STDOUT: 12:57:36.836  INFO  timedcache.TimedCacheProvider - ***	 Cache Config Memory : esquerycache: 10000
2023-08-04 12:57:36,837 INFO  [com.dot.ContainerResource] (docker-java-stream-1865446083) STDOUT: 12:57:36.836  INFO  timedcache.TimedCacheProvider - ***	 Cache Config Memory : esquerycountcache: 10000
2023-08-04 12:57:36,838 INFO  [com.dot.ContainerResource] (docker-java-stream-1865446083) STDOUT: 12:57:36.836  INFO  timedcache.TimedCacheProvider - ***	 Cache Config Memory : graphqlquerycache: 5000
2023-08-04 12:57:36,841 INFO  [com.dot.ContainerResource] (docker-java-stream-1865446083) STDOUT: 12:57:36.836  INFO  timedcache.TimedCacheProvider - ***	 Cache Config Memory : default: 1000
2023-08-04 12:57:36,842 INFO  [com.dot.ContainerResource] (docker-java-stream-1865446083) STDOUT: 12:57:36.836  INFO  timedcache.TimedCacheProvider - ***	 Cache Config Memory : adminconfigpool: 100
2023-08-04 12:57:36,842 INFO  [com.dot.ContainerResource] (docker-java-stream-1865446083) STDOUT: 12:57:36.836  INFO  timedcache.TimedCacheProvider - ***	 Cache Config Memory : companypool: 10
2023-08-04 12:57:36,842 INFO  [com.dot.ContainerResource] (docker-java-stream-1865446083) STDOUT: 12:57:36.836  INFO  timedcache.TimedCacheProvider - ***	 Cache Config Memory : contentletcache: 5000
2023-08-04 12:57:36,842 INFO  [com.dot.ContainerResource] (docker-java-stream-1865446083) STDOUT: 12:57:36.837  INFO  timedcache.TimedCacheProvider - ***	 Cache Config Memory : categoryparentscache: 30000
2023-08-04 12:57:36,842 INFO  [com.dot.ContainerResource] (docker-java-stream-1865446083) STDOUT: 12:57:36.837  INFO  timedcache.TimedCacheProvider - ***	 Cache Config Memory : taginodecache: 50000
2023-08-04 12:57:36,842 INFO  [com.dot.ContainerResource] (docker-java-stream-1865446083) STDOUT: 12:57:36.837  INFO  timedcache.TimedCacheProvider - ***	 Cache Config Memory : taginodesbyinodecache: 50000
2023-08-04 12:57:36,842 INFO  [com.dot.ContainerResource] (docker-java-stream-1865446083) STDOUT: 12:57:36.837  INFO  timedcache.TimedCacheProvider - ***	 Cache Config Memory : tagcache: 50000
2023-08-04 12:57:36,842 INFO  [com.dot.ContainerResource] (docker-java-stream-1865446083) STDOUT: 12:57:36.837  INFO  timedcache.TimedCacheProvider - ***	 Cache Config Memory : csscache: 2500
2023-08-04 12:57:36,842 INFO  [com.dot.ContainerResource] (docker-java-stream-1865446083) STDOUT: 12:57:36.837  INFO  timedcache.TimedCacheProvider - ***	 Cache Config Memory : assetmetadatacache: 10000
2023-08-04 12:57:36,842 INFO  [com.dot.ContainerResource] (docker-java-stream-1865446083) STDOUT: 12:57:36.837  INFO  timedcache.TimedCacheProvider - ***	 Cache Config Memory : identifiercache: 50000
2023-08-04 12:57:36,842 INFO  [com.dot.ContainerResource] (docker-java-stream-1865446083) STDOUT: 12:57:36.837  INFO  timedcache.TimedCacheProvider - ***	 Cache Config Memory : identifier404cache: 30000
2023-08-04 12:57:36,842 INFO  [com.dot.ContainerResource] (docker-java-stream-1865446083) STDOUT: 12:57:36.837  INFO  timedcache.TimedCacheProvider - ***	 Cache Config Memory : indiciescache: 8
2023-08-04 12:57:36,843 INFO  [com.dot.ContainerResource] (docker-java-stream-1865446083) STDOUT: 12:57:36.837  INFO  timedcache.TimedCacheProvider - ***	 Cache Config Memory : logmappercache: 10
2023-08-04 12:57:36,843 INFO  [com.dot.ContainerResource] (docker-java-stream-1865446083) STDOUT: 12:57:36.837  INFO  timedcache.TimedCacheProvider - ***	 Cache Config Memory : navcache: 1000
2023-08-04 12:57:36,843 INFO  [com.dot.ContainerResource] (docker-java-stream-1865446083) STDOUT: 12:57:36.837  INFO  timedcache.TimedCacheProvider - ***	 Cache Config Memory : parentpermissionablecache: 10000
2023-08-04 12:57:36,843 INFO  [com.dot.ContainerResource] (docker-java-stream-1865446083) STDOUT: 12:57:36.837  INFO  timedcache.TimedCacheProvider - ***	 Cache Config Memory : permissioncache: 50000
2023-08-04 12:57:36,843 INFO  [com.dot.ContainerResource] (docker-java-stream-1865446083) STDOUT: 12:57:36.837  INFO  timedcache.TimedCacheProvider - ***	 Cache Config Memory : portletpool: 100
2023-08-04 12:57:36,843 INFO  [com.dot.ContainerResource] (docker-java-stream-1865446083) STDOUT: 12:57:36.837  INFO  timedcache.TimedCacheProvider - ***	 Cache Config Memory : publishingendpointcache: 100
2023-08-04 12:57:36,843 INFO  [com.dot.ContainerResource] (docker-java-stream-1865446083) STDOUT: 12:57:36.838  INFO  timedcache.TimedCacheProvider - ***	 Cache Config Memory : pushedassetscache: 5000
2023-08-04 12:57:36,843 INFO  [com.dot.ContainerResource] (docker-java-stream-1865446083) STDOUT: 12:57:36.838  INFO  timedcache.TimedCacheProvider - ***	 Cache Config Memory : templatecache: 500
2023-08-04 12:57:36,843 INFO  [com.dot.ContainerResource] (docker-java-stream-1865446083) STDOUT: 12:57:36.838  INFO  timedcache.TimedCacheProvider - ***	 Cache Config Memory : translatedquerycache: 5000
2023-08-04 12:57:36,843 INFO  [com.dot.ContainerResource] (docker-java-stream-1865446083) STDOUT: 12:57:36.838  INFO  timedcache.TimedCacheProvider - ***	 Cache Config Memory : versioncache: 50000
2023-08-04 12:57:36,843 INFO  [com.dot.ContainerResource] (docker-java-stream-1865446083) STDOUT: 12:57:36.838  INFO  timedcache.TimedCacheProvider - ***	 Cache Config Memory : versioninfocache: 50000
2023-08-04 12:57:36,844 INFO  [com.dot.ContainerResource] (docker-java-stream-1865446083) STDOUT: 12:57:36.838  INFO  timedcache.TimedCacheProvider - ***	 Cache Config Memory : workflowactioncache: 10000
2023-08-04 12:57:36,844 INFO  [com.dot.ContainerResource] (docker-java-stream-1865446083) STDOUT: 12:57:36.838  INFO  timedcache.TimedCacheProvider - ***	 Cache Config Memory : workflowtaskcache: 10000
2023-08-04 12:57:36,844 INFO  [com.dot.ContainerResource] (docker-java-stream-1865446083) STDOUT: 12:57:36.838  INFO  timedcache.TimedCacheProvider - ***	 Cache Config Memory : shortyidcache: 25000
2023-08-04 12:57:36,844 INFO  [com.dot.ContainerResource] (docker-java-stream-1865446083) STDOUT: 12:57:36.838  INFO  timedcache.TimedCacheProvider - ***	 Cache Config Memory : velocitycache: 5000
2023-08-04 12:57:36,844 INFO  [com.dot.ContainerResource] (docker-java-stream-1865446083) STDOUT: 12:57:36.838  INFO  timedcache.TimedCacheProvider - ***	 Cache Config Memory : vanityurldirectcache: 25000
2023-08-04 12:57:36,844 INFO  [com.dot.ContainerResource] (docker-java-stream-1865446083) STDOUT: 12:57:36.838  INFO  timedcache.TimedCacheProvider - ***	 Cache Config Memory : vanityurlsitecache: 5000
2023-08-04 12:57:36,844 INFO  [com.dot.ContainerResource] (docker-java-stream-1865446083) STDOUT: 12:57:36.838  INFO  h22.H22Cache - Start Full Cache Flush in h22
2023-08-04 12:57:36,852 INFO  [com.dot.ContainerResource] (docker-java-stream-1865446083) STDOUT: 12:57:36.838  INFO  h22.H22Cache - Building new H22 Cache, db:0
2023-08-04 12:57:36,852 INFO  [com.dot.ContainerResource] (docker-java-stream-1865446083) STDOUT: 12:57:36.839  INFO  h22.H22HikariPool - H22 on disk cache:jdbc:h2:/data/local/dotsecure/h22cache/0/2023-08-04_12-57-36/cache;MVCC=TRUE;DB_CLOSE_ON_EXIT=FALSE
2023-08-04 12:57:37,027 INFO  [com.dot.ContainerResource] (docker-java-stream-1865446083) STDOUT: 12:57:37.022  INFO  h22.H22Cache - Building new H22 Cache, db:1
2023-08-04 12:57:37,027 INFO  [com.dot.ContainerResource] (docker-java-stream-1865446083) STDOUT: 12:57:37.022  INFO  h22.H22HikariPool - H22 on disk cache:jdbc:h2:/data/local/dotsecure/h22cache/1/2023-08-04_12-57-37/cache;MVCC=TRUE;DB_CLOSE_ON_EXIT=FALSE
2023-08-04 12:57:37,128 INFO  [com.dot.ContainerResource] (docker-java-stream-1865446083) STDOUT: 12:57:37.125  INFO  h22.H22Cache - End Full Cache Flush in h22 : 286ms
2023-08-04 12:57:38,285 INFO  [com.dot.ContainerResource] (docker-java-stream-1865446083) STDOUT: 12:57:38.284  INFO  runalways.Task00001LoadSchema - Schema created (511 statements executed)
2023-08-04 12:57:38,315 INFO  [com.dot.ContainerResource] (docker-java-stream-1865446083) STDOUT: 12:57:38.314  INFO  startup.StartupTasksExecutor - Not Running Startup Tasks: Task00002LoadClusterLicenses
2023-08-04 12:57:38,315 INFO  [com.dot.ContainerResource] (docker-java-stream-1865446083) STDOUT: 12:57:38.314  INFO  startup.StartupTasksExecutor - Running Startup Tasks : Task00003CreateSystemRoles
2023-08-04 12:57:38,326 INFO  [com.dot.ContainerResource] (docker-java-stream-1865446083) STDOUT: 12:57:38.321  INFO  timedcache.TimedCacheProvider - ===== Initializing [Timed Cache Provider].
2023-08-04 12:57:38,326 INFO  [com.dot.ContainerResource] (docker-java-stream-1865446083) STDOUT: 12:57:38.322  INFO  timedcache.TimedCacheProvider - ***	 Cache Config Memory : esquerycache: 10000
2023-08-04 12:57:38,326 INFO  [com.dot.ContainerResource] (docker-java-stream-1865446083) STDOUT: 12:57:38.322  INFO  timedcache.TimedCacheProvider - ***	 Cache Config Memory : esquerycountcache: 10000
2023-08-04 12:57:38,331 INFO  [com.dot.ContainerResource] (docker-java-stream-1865446083) STDOUT: 12:57:38.322  INFO  timedcache.TimedCacheProvider - ***	 Cache Config Memory : graphqlquerycache: 5000
2023-08-04 12:57:38,331 INFO  [com.dot.ContainerResource] (docker-java-stream-1865446083) STDOUT: 12:57:38.322  INFO  timedcache.TimedCacheProvider - ***	 Cache Config Memory : default: 1000
2023-08-04 12:57:38,331 INFO  [com.dot.ContainerResource] (docker-java-stream-1865446083) STDOUT: 12:57:38.322  INFO  timedcache.TimedCacheProvider - ***	 Cache Config Memory : adminconfigpool: 100
2023-08-04 12:57:38,332 INFO  [com.dot.ContainerResource] (docker-java-stream-1865446083) STDOUT: 12:57:38.322  INFO  timedcache.TimedCacheProvider - ***	 Cache Config Memory : companypool: 10
2023-08-04 12:57:38,332 INFO  [com.dot.ContainerResource] (docker-java-stream-1865446083) STDOUT: 12:57:38.322  INFO  timedcache.TimedCacheProvider - ***	 Cache Config Memory : contentletcache: 5000
2023-08-04 12:57:38,332 INFO  [com.dot.ContainerResource] (docker-java-stream-1865446083) STDOUT: 12:57:38.322  INFO  timedcache.TimedCacheProvider - ***	 Cache Config Memory : categoryparentscache: 30000
2023-08-04 12:57:38,333 INFO  [com.dot.ContainerResource] (docker-java-stream-1865446083) STDOUT: 12:57:38.322  INFO  timedcache.TimedCacheProvider - ***	 Cache Config Memory : taginodecache: 50000
2023-08-04 12:57:38,333 INFO  [com.dot.ContainerResource] (docker-java-stream-1865446083) STDOUT: 12:57:38.322  INFO  timedcache.TimedCacheProvider - ***	 Cache Config Memory : taginodesbyinodecache: 50000
2023-08-04 12:57:38,333 INFO  [com.dot.ContainerResource] (docker-java-stream-1865446083) STDOUT: 12:57:38.322  INFO  timedcache.TimedCacheProvider - ***	 Cache Config Memory : tagcache: 50000
2023-08-04 12:57:38,334 INFO  [com.dot.ContainerResource] (docker-java-stream-1865446083) STDOUT: 12:57:38.322  INFO  timedcache.TimedCacheProvider - ***	 Cache Config Memory : csscache: 2500
2023-08-04 12:57:38,341 INFO  [com.dot.ContainerResource] (docker-java-stream-1865446083) STDOUT: 12:57:38.323  INFO  timedcache.TimedCacheProvider - ***	 Cache Config Memory : assetmetadatacache: 10000
2023-08-04 12:57:38,342 INFO  [com.dot.ContainerResource] (docker-java-stream-1865446083) STDOUT: 12:57:38.323  INFO  timedcache.TimedCacheProvider - ***	 Cache Config Memory : identifiercache: 50000
2023-08-04 12:57:38,342 INFO  [com.dot.ContainerResource] (docker-java-stream-1865446083) STDOUT: 12:57:38.323  INFO  timedcache.TimedCacheProvider - ***	 Cache Config Memory : identifier404cache: 30000
2023-08-04 12:57:38,342 INFO  [com.dot.ContainerResource] (docker-java-stream-1865446083) STDOUT: 12:57:38.323  INFO  timedcache.TimedCacheProvider - ***	 Cache Config Memory : indiciescache: 8
2023-08-04 12:57:38,342 INFO  [com.dot.ContainerResource] (docker-java-stream-1865446083) STDOUT: 12:57:38.323  INFO  timedcache.TimedCacheProvider - ***	 Cache Config Memory : logmappercache: 10
2023-08-04 12:57:38,342 INFO  [com.dot.ContainerResource] (docker-java-stream-1865446083) STDOUT: 12:57:38.323  INFO  timedcache.TimedCacheProvider - ***	 Cache Config Memory : navcache: 1000
2023-08-04 12:57:38,342 INFO  [com.dot.ContainerResource] (docker-java-stream-1865446083) STDOUT: 12:57:38.323  INFO  timedcache.TimedCacheProvider - ***	 Cache Config Memory : parentpermissionablecache: 10000
2023-08-04 12:57:38,342 INFO  [com.dot.ContainerResource] (docker-java-stream-1865446083) STDOUT: 12:57:38.323  INFO  timedcache.TimedCacheProvider - ***	 Cache Config Memory : permissioncache: 50000
2023-08-04 12:57:38,342 INFO  [com.dot.ContainerResource] (docker-java-stream-1865446083) STDOUT: 12:57:38.323  INFO  timedcache.TimedCacheProvider - ***	 Cache Config Memory : portletpool: 100
2023-08-04 12:57:38,342 INFO  [com.dot.ContainerResource] (docker-java-stream-1865446083) STDOUT: 12:57:38.323  INFO  timedcache.TimedCacheProvider - ***	 Cache Config Memory : publishingendpointcache: 100
2023-08-04 12:57:38,342 INFO  [com.dot.ContainerResource] (docker-java-stream-1865446083) STDOUT: 12:57:38.323  INFO  timedcache.TimedCacheProvider - ***	 Cache Config Memory : pushedassetscache: 5000
2023-08-04 12:57:38,343 INFO  [com.dot.ContainerResource] (docker-java-stream-1865446083) STDOUT: 12:57:38.323  INFO  timedcache.TimedCacheProvider - ***	 Cache Config Memory : templatecache: 500
2023-08-04 12:57:38,343 INFO  [com.dot.ContainerResource] (docker-java-stream-1865446083) STDOUT: 12:57:38.323  INFO  timedcache.TimedCacheProvider - ***	 Cache Config Memory : translatedquerycache: 5000
2023-08-04 12:57:38,343 INFO  [com.dot.ContainerResource] (docker-java-stream-1865446083) STDOUT: 12:57:38.323  INFO  timedcache.TimedCacheProvider - ***	 Cache Config Memory : versioncache: 50000
2023-08-04 12:57:38,343 INFO  [com.dot.ContainerResource] (docker-java-stream-1865446083) STDOUT: 12:57:38.323  INFO  timedcache.TimedCacheProvider - ***	 Cache Config Memory : versioninfocache: 50000
2023-08-04 12:57:38,343 INFO  [com.dot.ContainerResource] (docker-java-stream-1865446083) STDOUT: 12:57:38.323  INFO  timedcache.TimedCacheProvider - ***	 Cache Config Memory : workflowactioncache: 10000
2023-08-04 12:57:38,343 INFO  [com.dot.ContainerResource] (docker-java-stream-1865446083) STDOUT: 12:57:38.323  INFO  timedcache.TimedCacheProvider - ***	 Cache Config Memory : workflowtaskcache: 10000
2023-08-04 12:57:38,343 INFO  [com.dot.ContainerResource] (docker-java-stream-1865446083) STDOUT: 12:57:38.323  INFO  timedcache.TimedCacheProvider - ***	 Cache Config Memory : shortyidcache: 25000
2023-08-04 12:57:38,343 INFO  [com.dot.ContainerResource] (docker-java-stream-1865446083) STDOUT: 12:57:38.323  INFO  timedcache.TimedCacheProvider - ***	 Cache Config Memory : velocitycache: 5000
2023-08-04 12:57:38,343 INFO  [com.dot.ContainerResource] (docker-java-stream-1865446083) STDOUT: 12:57:38.323  INFO  timedcache.TimedCacheProvider - ***	 Cache Config Memory : vanityurldirectcache: 25000
2023-08-04 12:57:38,343 INFO  [com.dot.ContainerResource] (docker-java-stream-1865446083) STDOUT: 12:57:38.323  INFO  timedcache.TimedCacheProvider - ***	 Cache Config Memory : vanityurlsitecache: 5000
2023-08-04 12:57:38,343 INFO  [com.dot.ContainerResource] (docker-java-stream-1865446083) STDOUT: 12:57:38.323  INFO  h22.H22Cache - Start Full Cache Flush in h22
2023-08-04 12:57:38,343 INFO  [com.dot.ContainerResource] (docker-java-stream-1865446083) STDOUT: 12:57:38.323  INFO  h22.H22Cache - Building new H22 Cache, db:0
2023-08-04 12:57:38,343 INFO  [com.dot.ContainerResource] (docker-java-stream-1865446083) STDOUT: 12:57:38.324  INFO  h22.H22HikariPool - H22 on disk cache:jdbc:h2:/data/local/dotsecure/h22cache/0/2023-08-04_12-57-38/cache;MVCC=TRUE;DB_CLOSE_ON_EXIT=FALSE
2023-08-04 12:57:38,374 INFO  [com.dot.ContainerResource] (docker-java-stream-1865446083) STDOUT: 12:57:38.360  INFO  startup.StartupTasksExecutor - Running Startup Tasks : Task00004LoadStarter
2023-08-04 12:57:38,438 INFO  [com.dot.ContainerResource] (docker-java-stream-1865446083) STDOUT: 12:57:38.438  INFO  db.DotCMSInitDb - There are no inodes - initializing db with starter site
2023-08-04 12:57:38,560 INFO  [com.dot.ContainerResource] (docker-java-stream-1865446083) STDOUT: 12:57:38.558  INFO  h22.H22Cache - Building new H22 Cache, db:1
2023-08-04 12:57:38,566 INFO  [com.dot.ContainerResource] (docker-java-stream-1865446083) STDOUT: 12:57:38.559  INFO  h22.H22HikariPool - H22 on disk cache:jdbc:h2:/data/local/dotsecure/h22cache/1/2023-08-04_12-57-38/cache;MVCC=TRUE;DB_CLOSE_ON_EXIT=FALSE
2023-08-04 12:57:38,617 INFO  [com.dot.ContainerResource] (docker-java-stream-1865446083) STDOUT: 12:57:38.614  INFO  starter.ImportStarterUtil - Found 21 files to import
2023-08-04 12:57:38,622 INFO  [com.dot.ContainerResource] (docker-java-stream-1865446083) STDOUT: 12:57:38.621  WARN  util.FileUtil - /data/local/dotsecure/backup/temp/assets/messages/cms_language_zh_CN.properties is empty
2023-08-04 12:57:38,633 INFO  [com.dot.ContainerResource] (docker-java-stream-1865446083) STDOUT: 12:57:38.632  WARN  util.FileUtil - /data/local/dotsecure/backup/temp/assets/messages/cms_language_fr_FR.properties is empty
2023-08-04 12:57:38,643 INFO  [com.dot.ContainerResource] (docker-java-stream-1865446083) STDOUT: 12:57:38.642  WARN  util.FileUtil - /data/local/dotsecure/backup/temp/assets/messages/cms_language_en_CA.properties is empty
2023-08-04 12:57:38,645 INFO  [com.dot.ContainerResource] (docker-java-stream-1865446083) STDOUT: 12:57:38.645  WARN  util.FileUtil - /data/local/dotsecure/backup/temp/assets/messages/cms_language_en_US.properties is empty
2023-08-04 12:57:38,654 INFO  [com.dot.ContainerResource] (docker-java-stream-1865446083) STDOUT: 12:57:38.650  WARN  util.FileUtil - /data/local/dotsecure/backup/temp/assets/messages/cms_language_es_ES.properties is empty
2023-08-04 12:57:38,665 INFO  [com.dot.ContainerResource] (docker-java-stream-1865446083) STDOUT: 12:57:38.664  WARN  util.FileUtil - /data/local/dotsecure/backup/temp/assets/messages/cms_language_fr_CA.properties is empty
2023-08-04 12:57:38,669 INFO  [com.dot.ContainerResource] (docker-java-stream-1865446083) STDOUT: 12:57:38.667  INFO  starter.ImportStarterUtil - About to delete all records from links
2023-08-04 12:57:38,676 INFO  [com.dot.ContainerResource] (docker-java-stream-1865446083) STDOUT: 12:57:38.676  INFO  starter.ImportStarterUtil - Deleted all records from links
2023-08-04 12:57:38,677 INFO  [com.dot.ContainerResource] (docker-java-stream-1865446083) STDOUT: 12:57:38.676  INFO  starter.ImportStarterUtil - About to delete all records from clickstream
2023-08-04 12:57:38,678 INFO  [com.dot.ContainerResource] (docker-java-stream-1865446083) STDOUT: 12:57:38.678  INFO  starter.ImportStarterUtil - Deleted all records from clickstream
2023-08-04 12:57:38,679 INFO  [com.dot.ContainerResource] (docker-java-stream-1865446083) STDOUT: 12:57:38.678  INFO  starter.ImportStarterUtil - About to delete all records from users_to_delete
2023-08-04 12:57:38,680 INFO  [com.dot.ContainerResource] (docker-java-stream-1865446083) STDOUT: 12:57:38.679  INFO  starter.ImportStarterUtil - Deleted all records from users_to_delete
2023-08-04 12:57:38,680 INFO  [com.dot.ContainerResource] (docker-java-stream-1865446083) STDOUT: 12:57:38.680  INFO  starter.ImportStarterUtil - About to delete all records from workflow_comment
2023-08-04 12:57:38,681 INFO  [com.dot.ContainerResource] (docker-java-stream-1865446083) STDOUT: 12:57:38.681  INFO  starter.ImportStarterUtil - Deleted all records from workflow_comment
2023-08-04 12:57:38,682 INFO  [com.dot.ContainerResource] (docker-java-stream-1865446083) STDOUT: 12:57:38.681  INFO  starter.ImportStarterUtil - About to delete all records from clickstream_404
2023-08-04 12:57:38,683 INFO  [com.dot.ContainerResource] (docker-java-stream-1865446083) STDOUT: 12:57:38.682  INFO  starter.ImportStarterUtil - Deleted all records from clickstream_404
2023-08-04 12:57:38,683 INFO  [com.dot.ContainerResource] (docker-java-stream-1865446083) STDOUT: 12:57:38.683  INFO  starter.ImportStarterUtil - About to delete all records from field
2023-08-04 12:57:38,684 INFO  [com.dot.ContainerResource] (docker-java-stream-1865446083) STDOUT: 12:57:38.684  INFO  starter.ImportStarterUtil - Deleted all records from field
2023-08-04 12:57:38,684 INFO  [com.dot.ContainerResource] (docker-java-stream-1865446083) STDOUT: 12:57:38.684  INFO  starter.ImportStarterUtil - About to delete all records from challenge_question
2023-08-04 12:57:38,685 INFO  [com.dot.ContainerResource] (docker-java-stream-1865446083) STDOUT: 12:57:38.685  INFO  h22.H22Cache - End Full Cache Flush in h22 : 361ms
2023-08-04 12:57:38,686 INFO  [com.dot.ContainerResource] (docker-java-stream-1865446083) STDOUT: 12:57:38.686  INFO  starter.ImportStarterUtil - Deleted all records from challenge_question
2023-08-04 12:57:38,690 INFO  [com.dot.ContainerResource] (docker-java-stream-1865446083) STDOUT: 12:57:38.690  INFO  starter.ImportStarterUtil - About to delete all records from fixes_audit
2023-08-04 12:57:38,691 INFO  [com.dot.ContainerResource] (docker-java-stream-1865446083) STDOUT: 12:57:38.691  INFO  starter.ImportStarterUtil - Deleted all records from fixes_audit
2023-08-04 12:57:38,692 INFO  [com.dot.ContainerResource] (docker-java-stream-1865446083) STDOUT: 12:57:38.692  INFO  starter.ImportStarterUtil - About to delete all records from tree
2023-08-04 12:57:38,695 INFO  [com.dot.ContainerResource] (docker-java-stream-1865446083) STDOUT: 12:57:38.695  INFO  starter.ImportStarterUtil - Deleted all records from tree
2023-08-04 12:57:38,697 INFO  [com.dot.ContainerResource] (docker-java-stream-1865446083) STDOUT: 12:57:38.696  INFO  starter.ImportStarterUtil - About to delete all records from UserTracker
2023-08-04 12:57:38,709 INFO  [com.dot.ContainerResource] (docker-java-stream-1865446083) STDOUT: 12:57:38.708  INFO  starter.ImportStarterUtil - Deleted all records from UserTracker
2023-08-04 12:57:38,709 INFO  [com.dot.ContainerResource] (docker-java-stream-1865446083) STDOUT: 12:57:38.709  INFO  starter.ImportStarterUtil - About to delete all records from multi_tree
2023-08-04 12:57:38,710 INFO  [com.dot.ContainerResource] (docker-java-stream-1865446083) STDOUT: 12:57:38.710  INFO  starter.ImportStarterUtil - Deleted all records from multi_tree
2023-08-04 12:57:38,711 INFO  [com.dot.ContainerResource] (docker-java-stream-1865446083) STDOUT: 12:57:38.711  INFO  starter.ImportStarterUtil - About to delete all records from template_version_info
2023-08-04 12:57:38,712 INFO  [com.dot.ContainerResource] (docker-java-stream-1865446083) STDOUT: 12:57:38.712  INFO  starter.ImportStarterUtil - Deleted all records from template_version_info
2023-08-04 12:57:38,715 INFO  [com.dot.ContainerResource] (docker-java-stream-1865446083) STDOUT: 12:57:38.712  INFO  starter.ImportStarterUtil - About to delete all records from UserTrackerPath
2023-08-04 12:57:38,715 INFO  [com.dot.ContainerResource] (docker-java-stream-1865446083) STDOUT: 12:57:38.713  INFO  starter.ImportStarterUtil - Deleted all records from UserTrackerPath
2023-08-04 12:57:38,715 INFO  [com.dot.ContainerResource] (docker-java-stream-1865446083) STDOUT: 12:57:38.713  INFO  starter.ImportStarterUtil - About to delete all records from dot_containers
2023-08-04 12:57:38,715 INFO  [com.dot.ContainerResource] (docker-java-stream-1865446083) STDOUT: 12:57:38.714  INFO  starter.ImportStarterUtil - Deleted all records from dot_containers
2023-08-04 12:57:38,716 INFO  [com.dot.ContainerResource] (docker-java-stream-1865446083) STDOUT: 12:57:38.714  INFO  starter.ImportStarterUtil - About to delete all records from permission
2023-08-04 12:57:38,716 INFO  [com.dot.ContainerResource] (docker-java-stream-1865446083) STDOUT: 12:57:38.715  INFO  starter.ImportStarterUtil - Deleted all records from permission
2023-08-04 12:57:38,717 INFO  [com.dot.ContainerResource] (docker-java-stream-1865446083) STDOUT: 12:57:38.716  INFO  starter.ImportStarterUtil - About to delete all records from clickstream_request
2023-08-04 12:57:38,718 INFO  [com.dot.ContainerResource] (docker-java-stream-1865446083) STDOUT: 12:57:38.718  INFO  starter.ImportStarterUtil - Deleted all records from clickstream_request
2023-08-04 12:57:38,718 INFO  [com.dot.ContainerResource] (docker-java-stream-1865446083) STDOUT: 12:57:38.718  INFO  starter.ImportStarterUtil - About to delete all records from tag_inode
2023-08-04 12:57:38,719 INFO  [com.dot.ContainerResource] (docker-java-stream-1865446083) STDOUT: 12:57:38.719  INFO  starter.ImportStarterUtil - Deleted all records from tag_inode
2023-08-04 12:57:38,720 INFO  [com.dot.ContainerResource] (docker-java-stream-1865446083) STDOUT: 12:57:38.720  INFO  starter.ImportStarterUtil - About to delete all records from PasswordTracker
2023-08-04 12:57:38,721 INFO  [com.dot.ContainerResource] (docker-java-stream-1865446083) STDOUT: 12:57:38.720  INFO  starter.ImportStarterUtil - Deleted all records from PasswordTracker
2023-08-04 12:57:38,721 INFO  [com.dot.ContainerResource] (docker-java-stream-1865446083) STDOUT: 12:57:38.721  INFO  starter.ImportStarterUtil - About to delete all records from workflow_task
2023-08-04 12:57:38,723 INFO  [com.dot.ContainerResource] (docker-java-stream-1865446083) STDOUT: 12:57:38.723  INFO  starter.ImportStarterUtil - Deleted all records from workflow_task
2023-08-04 12:57:38,724 INFO  [com.dot.ContainerResource] (docker-java-stream-1865446083) STDOUT: 12:57:38.723  INFO  starter.ImportStarterUtil - About to delete all records from container_version_info
2023-08-04 12:57:38,725 INFO  [com.dot.ContainerResource] (docker-java-stream-1865446083) STDOUT: 12:57:38.724  INFO  starter.ImportStarterUtil - Deleted all records from container_version_info
2023-08-04 12:57:38,725 INFO  [com.dot.ContainerResource] (docker-java-stream-1865446083) STDOUT: 12:57:38.725  INFO  starter.ImportStarterUtil - About to delete all records from workflow_history
2023-08-04 12:57:38,726 INFO  [com.dot.ContainerResource] (docker-java-stream-1865446083) STDOUT: 12:57:38.726  INFO  starter.ImportStarterUtil - Deleted all records from workflow_history
2023-08-04 12:57:38,726 INFO  [com.dot.ContainerResource] (docker-java-stream-1865446083) STDOUT: 12:57:38.726  INFO  starter.ImportStarterUtil - About to delete all records from AdminConfig
2023-08-04 12:57:38,727 INFO  [com.dot.ContainerResource] (docker-java-stream-1865446083) STDOUT: 12:57:38.727  INFO  starter.ImportStarterUtil - Deleted all records from AdminConfig
2023-08-04 12:57:38,728 INFO  [com.dot.ContainerResource] (docker-java-stream-1865446083) STDOUT: 12:57:38.728  INFO  starter.ImportStarterUtil - About to delete all records from container_structures
2023-08-04 12:57:38,729 INFO  [com.dot.ContainerResource] (docker-java-stream-1865446083) STDOUT: 12:57:38.729  INFO  starter.ImportStarterUtil - Deleted all records from container_structures
2023-08-04 12:57:38,730 INFO  [com.dot.ContainerResource] (docker-java-stream-1865446083) STDOUT: 12:57:38.729  INFO  starter.ImportStarterUtil - About to delete all records from link_version_info
2023-08-04 12:57:38,731 INFO  [com.dot.ContainerResource] (docker-java-stream-1865446083) STDOUT: 12:57:38.730  INFO  starter.ImportStarterUtil - Deleted all records from link_version_info
2023-08-04 12:57:38,731 INFO  [com.dot.ContainerResource] (docker-java-stream-1865446083) STDOUT: 12:57:38.731  INFO  starter.ImportStarterUtil - About to delete all records from permission_reference
2023-08-04 12:57:38,733 INFO  [com.dot.ContainerResource] (docker-java-stream-1865446083) STDOUT: 12:57:38.733  INFO  starter.ImportStarterUtil - Deleted all records from permission_reference
2023-08-04 12:57:38,734 INFO  [com.dot.ContainerResource] (docker-java-stream-1865446083) STDOUT: 12:57:38.734  INFO  starter.ImportStarterUtil - About to delete all records from tag
2023-08-04 12:57:38,735 INFO  [com.dot.ContainerResource] (docker-java-stream-1865446083) STDOUT: 12:57:38.735  INFO  starter.ImportStarterUtil - Deleted all records from tag
2023-08-04 12:57:38,736 INFO  [com.dot.ContainerResource] (docker-java-stream-1865446083) STDOUT: 12:57:38.736  INFO  starter.ImportStarterUtil - About to delete all records from workflowtask_files
2023-08-04 12:57:38,737 INFO  [com.dot.ContainerResource] (docker-java-stream-1865446083) STDOUT: 12:57:38.736  INFO  starter.ImportStarterUtil - Deleted all records from workflowtask_files
2023-08-04 12:57:38,737 INFO  [com.dot.ContainerResource] (docker-java-stream-1865446083) STDOUT: 12:57:38.737  INFO  starter.ImportStarterUtil - About to delete all records from host_variable
2023-08-04 12:57:38,738 INFO  [com.dot.ContainerResource] (docker-java-stream-1865446083) STDOUT: 12:57:38.738  INFO  starter.ImportStarterUtil - Deleted all records from host_variable
2023-08-04 12:57:38,738 INFO  [com.dot.ContainerResource] (docker-java-stream-1865446083) STDOUT: 12:57:38.738  INFO  starter.ImportStarterUtil - About to delete all records from cms_layouts_portlets
2023-08-04 12:57:38,739 INFO  [com.dot.ContainerResource] (docker-java-stream-1865446083) STDOUT: 12:57:38.739  INFO  starter.ImportStarterUtil - Deleted all records from cms_layouts_portlets
2023-08-04 12:57:38,740 INFO  [com.dot.ContainerResource] (docker-java-stream-1865446083) STDOUT: 12:57:38.739  INFO  starter.ImportStarterUtil - About to delete all records from layouts_cms_roles
2023-08-04 12:57:38,741 INFO  [com.dot.ContainerResource] (docker-java-stream-1865446083) STDOUT: 12:57:38.741  INFO  starter.ImportStarterUtil - Deleted all records from layouts_cms_roles
2023-08-04 12:57:38,741 INFO  [com.dot.ContainerResource] (docker-java-stream-1865446083) STDOUT: 12:57:38.741  INFO  starter.ImportStarterUtil - About to delete all records from users_cms_roles
2023-08-04 12:57:38,742 INFO  [com.dot.ContainerResource] (docker-java-stream-1865446083) STDOUT: 12:57:38.742  INFO  starter.ImportStarterUtil - Deleted all records from users_cms_roles
2023-08-04 12:57:38,744 INFO  [com.dot.ContainerResource] (docker-java-stream-1865446083) STDOUT: 12:57:38.744  INFO  starter.ImportStarterUtil - About to delete all records from cms_role
2023-08-04 12:57:38,748 INFO  [com.dot.ContainerResource] (docker-java-stream-1865446083) STDOUT: 12:57:38.747  INFO  starter.ImportStarterUtil - Deleted all records from cms_role
2023-08-04 12:57:38,748 INFO  [com.dot.ContainerResource] (docker-java-stream-1865446083) STDOUT: 12:57:38.748  INFO  starter.ImportStarterUtil - About to delete all records from cms_layout
2023-08-04 12:57:38,749 INFO  [com.dot.ContainerResource] (docker-java-stream-1865446083) STDOUT: 12:57:38.749  INFO  starter.ImportStarterUtil - Deleted all records from cms_layout
2023-08-04 12:57:38,750 INFO  [com.dot.ContainerResource] (docker-java-stream-1865446083) STDOUT: 12:57:38.749  INFO  starter.ImportStarterUtil - About to delete all records from structure
2023-08-04 12:57:38,752 INFO  [com.dot.ContainerResource] (docker-java-stream-1865446083) STDOUT: 12:57:38.752  INFO  starter.ImportStarterUtil - Deleted all records from structure
2023-08-04 12:57:38,753 INFO  [com.dot.ContainerResource] (docker-java-stream-1865446083) STDOUT: 12:57:38.753  INFO  starter.ImportStarterUtil - About to delete all records from folder
2023-08-04 12:57:38,780 INFO  [com.dot.ContainerResource] (docker-java-stream-1865446083) STDOUT: 12:57:38.758  INFO  starter.ImportStarterUtil - Deleted all records from folder
2023-08-04 12:57:38,780 INFO  [com.dot.ContainerResource] (docker-java-stream-1865446083) STDOUT: 12:57:38.764  INFO  starter.ImportStarterUtil - About to delete all records from identifier
2023-08-04 12:57:38,780 INFO  [com.dot.ContainerResource] (docker-java-stream-1865446083) STDOUT: 12:57:38.766  INFO  starter.ImportStarterUtil - Deleted all records from identifier
2023-08-04 12:57:38,780 INFO  [com.dot.ContainerResource] (docker-java-stream-1865446083) STDOUT: 12:57:38.766  INFO  starter.ImportStarterUtil - About to delete all records from inode
2023-08-04 12:57:38,780 INFO  [com.dot.ContainerResource] (docker-java-stream-1865446083) STDOUT: 12:57:38.767  INFO  starter.ImportStarterUtil - Deleted all records from inode
2023-08-04 12:57:38,781 INFO  [com.dot.ContainerResource] (docker-java-stream-1865446083) STDOUT: 12:57:38.767  INFO  starter.ImportStarterUtil - About to delete all records from user_
2023-08-04 12:57:38,781 INFO  [com.dot.ContainerResource] (docker-java-stream-1865446083) STDOUT: 12:57:38.775  INFO  starter.ImportStarterUtil - Deleted all records from user_
2023-08-04 12:57:38,781 INFO  [com.dot.ContainerResource] (docker-java-stream-1865446083) STDOUT: 12:57:38.776  INFO  starter.ImportStarterUtil - About to delete all records from company
2023-08-04 12:57:38,781 INFO  [com.dot.ContainerResource] (docker-java-stream-1865446083) STDOUT: 12:57:38.776  INFO  starter.ImportStarterUtil - Deleted all records from company
2023-08-04 12:57:38,781 INFO  [com.dot.ContainerResource] (docker-java-stream-1865446083) STDOUT: 12:57:38.776  INFO  starter.ImportStarterUtil - About to delete all records from counter
2023-08-04 12:57:38,781 INFO  [com.dot.ContainerResource] (docker-java-stream-1865446083) STDOUT: 12:57:38.777  INFO  starter.ImportStarterUtil - Deleted all records from counter
2023-08-04 12:57:38,781 INFO  [com.dot.ContainerResource] (docker-java-stream-1865446083) STDOUT: 12:57:38.777  INFO  starter.ImportStarterUtil - About to delete all records from image
2023-08-04 12:57:38,781 INFO  [com.dot.ContainerResource] (docker-java-stream-1865446083) STDOUT: 12:57:38.779  INFO  starter.ImportStarterUtil - Deleted all records from image
2023-08-04 12:57:38,781 INFO  [com.dot.ContainerResource] (docker-java-stream-1865446083) STDOUT: 12:57:38.779  INFO  starter.ImportStarterUtil - About to delete all records from portlet
2023-08-04 12:57:38,781 INFO  [com.dot.ContainerResource] (docker-java-stream-1865446083) STDOUT: 12:57:38.780  INFO  starter.ImportStarterUtil - Deleted all records from portlet
2023-08-04 12:57:38,785 INFO  [com.dot.ContainerResource] (docker-java-stream-1865446083) STDOUT: 12:57:38.785  INFO  starter.ImportStarterUtil - About to delete all records from portletpreferences
2023-08-04 12:57:38,787 INFO  [com.dot.ContainerResource] (docker-java-stream-1865446083) STDOUT: 12:57:38.787  INFO  starter.ImportStarterUtil - Deleted all records from portletpreferences
2023-08-04 12:57:38,788 INFO  [com.dot.ContainerResource] (docker-java-stream-1865446083) STDOUT: 12:57:38.787  INFO  starter.ImportStarterUtil - About to delete all records from address
2023-08-04 12:57:38,791 INFO  [com.dot.ContainerResource] (docker-java-stream-1865446083) STDOUT: 12:57:38.791  INFO  starter.ImportStarterUtil - Deleted all records from address
2023-08-04 12:57:38,791 INFO  [com.dot.ContainerResource] (docker-java-stream-1865446083) STDOUT: 12:57:38.791  INFO  starter.ImportStarterUtil - About to delete all records from plugin_property
2023-08-04 12:57:38,792 INFO  [com.dot.ContainerResource] (docker-java-stream-1865446083) STDOUT: 12:57:38.792  INFO  starter.ImportStarterUtil - Deleted all records from plugin_property
2023-08-04 12:57:38,793 INFO  [com.dot.ContainerResource] (docker-java-stream-1865446083) STDOUT: 12:57:38.793  INFO  starter.ImportStarterUtil - About to delete all records from plugin
2023-08-04 12:57:38,794 INFO  [com.dot.ContainerResource] (docker-java-stream-1865446083) STDOUT: 12:57:38.794  INFO  starter.ImportStarterUtil - Deleted all records from plugin
2023-08-04 12:57:38,965 INFO  [com.dot.ContainerResource] (docker-java-stream-1865446083) STDOUT: 12:57:38.965  INFO  starter.ImportStarterUtil - **** Importing the file: /data/local/dotsecure/backup/temp/com.liferay.portal.model.Company.json *****
2023-08-04 12:57:38,974 INFO  [com.dot.ContainerResource] (docker-java-stream-1865446083) STDOUT: 12:57:38.973  INFO  starter.ImportStarterUtil - Importing:	com.liferay.portal.model.Company
2023-08-04 12:57:39,253 INFO  [com.dot.ContainerResource] (docker-java-stream-1865446083) STDOUT: 12:57:39.252  INFO  starter.ImportStarterUtil - Found :	1 com.liferay.portal.model.Company(s)
2023-08-04 12:57:39,438 INFO  [com.dot.ContainerResource] (docker-java-stream-1865446083) STDOUT: 12:57:39.438  INFO  starter.ImportStarterUtil - **** Importing the file: /data/local/dotsecure/backup/temp/com.dotmarketing.business.Role_0000000000.json *****
2023-08-04 12:57:39,443 INFO  [com.dot.ContainerResource] (docker-java-stream-1865446083) STDOUT: 12:57:39.442  INFO  starter.ImportStarterUtil - Importing:	com.dotmarketing.business.Role
2023-08-04 12:57:39,455 INFO  [com.dot.ContainerResource] (docker-java-stream-1865446083) STDOUT: 12:57:39.455  INFO  starter.ImportStarterUtil - Found :	18 com.dotmarketing.business.Role(s)
2023-08-04 12:57:39,460 INFO  [com.dot.ContainerResource] (docker-java-stream-1865446083) STDOUT: 12:57:39.460  INFO  starter.ImportStarterUtil - roleKey:cms_users = 0
2023-08-04 12:57:39,467 INFO  [com.dot.ContainerResource] (docker-java-stream-1865446083) STDOUT: 12:57:39.467  INFO  starter.ImportStarterUtil - roleKey:System = 0
2023-08-04 12:57:39,469 INFO  [com.dot.ContainerResource] (docker-java-stream-1865446083) STDOUT: 12:57:39.469  INFO  starter.ImportStarterUtil - roleKey:DOTCMS_BACK_END_USER = 0
2023-08-04 12:57:39,471 INFO  [com.dot.ContainerResource] (docker-java-stream-1865446083) STDOUT: 12:57:39.470  INFO  starter.ImportStarterUtil - roleKey:cms_workflow_any_who_can_view = 0
2023-08-04 12:57:39,472 INFO  [com.dot.ContainerResource] (docker-java-stream-1865446083) STDOUT: 12:57:39.472  INFO  starter.ImportStarterUtil - roleKey:Form Editor = 0
2023-08-04 12:57:39,474 INFO  [com.dot.ContainerResource] (docker-java-stream-1865446083) STDOUT: 12:57:39.474  INFO  starter.ImportStarterUtil - roleKey:dotcms.org.default = 0
2023-08-04 12:57:39,478 INFO  [com.dot.ContainerResource] (docker-java-stream-1865446083) STDOUT: 12:57:39.478  INFO  starter.ImportStarterUtil - roleKey:cms_workflow_any_who_can_edit_permissions = 0
2023-08-04 12:57:39,480 INFO  [com.dot.ContainerResource] (docker-java-stream-1865446083) STDOUT: 12:57:39.479  INFO  starter.ImportStarterUtil - roleKey:cms_workflow_any_who_can_edit = 0
2023-08-04 12:57:39,481 INFO  [com.dot.ContainerResource] (docker-java-stream-1865446083) STDOUT: 12:57:39.481  INFO  starter.ImportStarterUtil - roleKey:CMS Anonymous = 0
2023-08-04 12:57:39,482 INFO  [com.dot.ContainerResource] (docker-java-stream-1865446083) STDOUT: 12:57:39.482  INFO  starter.ImportStarterUtil - roleKey:CMS Owner = 0
2023-08-04 12:57:39,488 INFO  [com.dot.ContainerResource] (docker-java-stream-1865446083) STDOUT: 12:57:39.488  INFO  starter.ImportStarterUtil - roleKey:Login As = 0
2023-08-04 12:57:39,490 INFO  [com.dot.ContainerResource] (docker-java-stream-1865446083) STDOUT: 12:57:39.490  INFO  starter.ImportStarterUtil - roleKey:LDAP User = 0
2023-08-04 12:57:39,491 INFO  [com.dot.ContainerResource] (docker-java-stream-1865446083) STDOUT: 12:57:39.491  INFO  starter.ImportStarterUtil - roleKey:CMS Administrator = 0
2023-08-04 12:57:39,492 INFO  [com.dot.ContainerResource] (docker-java-stream-1865446083) STDOUT: 12:57:39.492  INFO  starter.ImportStarterUtil - roleKey:DOTCMS_FRONT_END_USER = 0
2023-08-04 12:57:39,494 INFO  [com.dot.ContainerResource] (docker-java-stream-1865446083) STDOUT: 12:57:39.493  INFO  starter.ImportStarterUtil - roleKey:cms_workflow_any_who_can_publish = 0
2023-08-04 12:57:39,495 INFO  [com.dot.ContainerResource] (docker-java-stream-1865446083) STDOUT: 12:57:39.495  INFO  starter.ImportStarterUtil - roleKey:dotcms.org.1 = 0
2023-08-04 12:57:39,497 INFO  [com.dot.ContainerResource] (docker-java-stream-1865446083) STDOUT: 12:57:39.496  INFO  starter.ImportStarterUtil - roleKey:anonymous = 0
2023-08-04 12:57:39,498 INFO  [com.dot.ContainerResource] (docker-java-stream-1865446083) STDOUT: 12:57:39.498  INFO  starter.ImportStarterUtil - roleKey:Scripting Developer = 0
2023-08-04 12:57:39,504 INFO  [com.dot.ContainerResource] (docker-java-stream-1865446083) STDOUT: 12:57:39.503  INFO  starter.ImportStarterUtil - **** Importing the file: /data/local/dotsecure/backup/temp/com.liferay.portal.model.User.json *****
2023-08-04 12:57:39,505 INFO  [com.dot.ContainerResource] (docker-java-stream-1865446083) STDOUT: 12:57:39.505  INFO  starter.ImportStarterUtil - Importing:	com.liferay.portal.model.User
2023-08-04 12:57:39,532 INFO  [com.dot.ContainerResource] (docker-java-stream-1865446083) STDOUT: 12:57:39.532  INFO  starter.ImportStarterUtil - Found :	4 com.liferay.portal.model.User(s)
2023-08-04 12:57:39,603 INFO  [com.dot.ContainerResource] (docker-java-stream-1865446083) STDOUT: 12:57:39.602  WARN  util.LocaleUtil - null is not a valid language id
2023-08-04 12:57:39,616 INFO  [com.dot.ContainerResource] (docker-java-stream-1865446083) STDOUT: 12:57:39.615  WARN  business.UserHelper - Error loading user with id dotcms.org.1
2023-08-04 12:57:39,733 INFO  [com.dot.ContainerResource] (docker-java-stream-1865446083) STDERR: WARNING: Illegal reflective access by org.exolab.castor.xml.BaseXercesOutputFormat (file:/srv/dotserver/tomcat-9.0.60/webapps/ROOT/WEB-INF/lib/castor-xml-1.4.1.jar) to method com.sun.org.apache.xml.internal.serialize.OutputFormat.setMethod(java.lang.String)
2023-08-04 12:57:39,736 INFO  [com.dot.ContainerResource] (docker-java-stream-1865446083) STDERR: WARNING: Illegal reflective access by org.exolab.castor.xml.BaseXercesOutputFormat (file:/srv/dotserver/tomcat-9.0.60/webapps/ROOT/WEB-INF/lib/castor-xml-1.4.1.jar) to method com.sun.org.apache.xml.internal.serialize.OutputFormat.setVersion(java.lang.String)
2023-08-04 12:57:39,737 INFO  [com.dot.ContainerResource] (docker-java-stream-1865446083) STDERR: WARNING: Illegal reflective access by org.exolab.castor.xml.BaseXercesOutputFormat (file:/srv/dotserver/tomcat-9.0.60/webapps/ROOT/WEB-INF/lib/castor-xml-1.4.1.jar) to method com.sun.org.apache.xml.internal.serialize.OutputFormat.setIndenting(boolean)
2023-08-04 12:57:39,738 INFO  [com.dot.ContainerResource] (docker-java-stream-1865446083) STDERR: WARNING: Illegal reflective access by org.exolab.castor.xml.BaseXercesOutputFormat (file:/srv/dotserver/tomcat-9.0.60/webapps/ROOT/WEB-INF/lib/castor-xml-1.4.1.jar) to method com.sun.org.apache.xml.internal.serialize.OutputFormat.setPreserveSpace(boolean)
2023-08-04 12:57:39,738 INFO  [com.dot.ContainerResource] (docker-java-stream-1865446083) STDERR: WARNING: Illegal reflective access by org.exolab.castor.xml.BaseXercesJDK5Serializer (file:/srv/dotserver/tomcat-9.0.60/webapps/ROOT/WEB-INF/lib/castor-xml-1.4.1.jar) to method com.sun.org.apache.xml.internal.serialize.XMLSerializer.setOutputFormat(com.sun.org.apache.xml.internal.serialize.OutputFormat)
2023-08-04 12:57:39,740 INFO  [com.dot.ContainerResource] (docker-java-stream-1865446083) STDERR: WARNING: Illegal reflective access by org.exolab.castor.xml.BaseXercesJDK5Serializer (file:/srv/dotserver/tomcat-9.0.60/webapps/ROOT/WEB-INF/lib/castor-xml-1.4.1.jar) to method com.sun.org.apache.xml.internal.serialize.BaseMarkupSerializer.setOutputCharStream(java.io.Writer)
2023-08-04 12:57:39,741 INFO  [com.dot.ContainerResource] (docker-java-stream-1865446083) STDERR: WARNING: Illegal reflective access by org.exolab.castor.xml.BaseXercesJDK5Serializer (file:/srv/dotserver/tomcat-9.0.60/webapps/ROOT/WEB-INF/lib/castor-xml-1.4.1.jar) to method com.sun.org.apache.xml.internal.serialize.BaseMarkupSerializer.asDocumentHandler()
2023-08-04 12:57:39,743 INFO  [com.dot.ContainerResource] (docker-java-stream-1865446083) STDOUT: 12:57:39.742  INFO  xml.Marshaller - Marshaller called using one of the *static*  marshal(Object, *) methods. This will ignore any  mapping files as specified. Please consider switching to  using Marshaller instances and calling one of the marshal(*) methods.
2023-08-04 12:57:41,339 INFO  [com.dot.ContainerResource] (docker-java-stream-1865446083) STDOUT: 12:57:41.338  INFO  timedcache.TimedCacheProvider - ===== Initializing [Timed Cache Provider].
2023-08-04 12:57:41,340 INFO  [com.dot.ContainerResource] (docker-java-stream-1865446083) STDOUT: 12:57:41.340  INFO  timedcache.TimedCacheProvider - ***	 Cache Config Memory : esquerycache: 10000
2023-08-04 12:57:41,340 INFO  [com.dot.ContainerResource] (docker-java-stream-1865446083) STDOUT: 12:57:41.340  INFO  timedcache.TimedCacheProvider - ***	 Cache Config Memory : esquerycountcache: 10000
2023-08-04 12:57:41,341 INFO  [com.dot.ContainerResource] (docker-java-stream-1865446083) STDOUT: 12:57:41.340  INFO  timedcache.TimedCacheProvider - ***	 Cache Config Memory : graphqlquerycache: 5000
2023-08-04 12:57:41,341 INFO  [com.dot.ContainerResource] (docker-java-stream-1865446083) STDOUT: 12:57:41.340  INFO  timedcache.TimedCacheProvider - ***	 Cache Config Memory : default: 1000
2023-08-04 12:57:41,341 INFO  [com.dot.ContainerResource] (docker-java-stream-1865446083) STDOUT: 12:57:41.341  INFO  timedcache.TimedCacheProvider - ***	 Cache Config Memory : adminconfigpool: 100
2023-08-04 12:57:41,341 INFO  [com.dot.ContainerResource] (docker-java-stream-1865446083) STDOUT: 12:57:41.341  INFO  timedcache.TimedCacheProvider - ***	 Cache Config Memory : companypool: 10
2023-08-04 12:57:41,344 INFO  [com.dot.ContainerResource] (docker-java-stream-1865446083) STDOUT: 12:57:41.344  INFO  timedcache.TimedCacheProvider - ***	 Cache Config Memory : contentletcache: 5000
2023-08-04 12:57:41,344 INFO  [com.dot.ContainerResource] (docker-java-stream-1865446083) STDOUT: 12:57:41.344  INFO  timedcache.TimedCacheProvider - ***	 Cache Config Memory : categoryparentscache: 30000
2023-08-04 12:57:41,346 INFO  [com.dot.ContainerResource] (docker-java-stream-1865446083) STDOUT: 12:57:41.346  INFO  timedcache.TimedCacheProvider - ***	 Cache Config Memory : taginodecache: 50000
2023-08-04 12:57:41,347 INFO  [com.dot.ContainerResource] (docker-java-stream-1865446083) STDOUT: 12:57:41.346  INFO  timedcache.TimedCacheProvider - ***	 Cache Config Memory : taginodesbyinodecache: 50000
2023-08-04 12:57:41,348 INFO  [com.dot.ContainerResource] (docker-java-stream-1865446083) STDOUT: 12:57:41.347  INFO  timedcache.TimedCacheProvider - ***	 Cache Config Memory : tagcache: 50000
2023-08-04 12:57:41,348 INFO  [com.dot.ContainerResource] (docker-java-stream-1865446083) STDOUT: 12:57:41.347  INFO  timedcache.TimedCacheProvider - ***	 Cache Config Memory : csscache: 2500
2023-08-04 12:57:41,352 INFO  [com.dot.ContainerResource] (docker-java-stream-1865446083) STDOUT: 12:57:41.352  INFO  timedcache.TimedCacheProvider - ***	 Cache Config Memory : assetmetadatacache: 10000
2023-08-04 12:57:41,353 INFO  [com.dot.ContainerResource] (docker-java-stream-1865446083) STDOUT: 12:57:41.352  INFO  timedcache.TimedCacheProvider - ***	 Cache Config Memory : identifiercache: 50000
2023-08-04 12:57:41,357 INFO  [com.dot.ContainerResource] (docker-java-stream-1865446083) STDOUT: 12:57:41.356  INFO  timedcache.TimedCacheProvider - ***	 Cache Config Memory : identifier404cache: 30000
2023-08-04 12:57:41,357 INFO  [com.dot.ContainerResource] (docker-java-stream-1865446083) STDOUT: 12:57:41.356  INFO  timedcache.TimedCacheProvider - ***	 Cache Config Memory : indiciescache: 8
2023-08-04 12:57:41,357 INFO  [com.dot.ContainerResource] (docker-java-stream-1865446083) STDOUT: 12:57:41.356  INFO  timedcache.TimedCacheProvider - ***	 Cache Config Memory : logmappercache: 10
2023-08-04 12:57:41,357 INFO  [com.dot.ContainerResource] (docker-java-stream-1865446083) STDOUT: 12:57:41.356  INFO  timedcache.TimedCacheProvider - ***	 Cache Config Memory : navcache: 1000
2023-08-04 12:57:41,357 INFO  [com.dot.ContainerResource] (docker-java-stream-1865446083) STDOUT: 12:57:41.357  INFO  timedcache.TimedCacheProvider - ***	 Cache Config Memory : parentpermissionablecache: 10000
2023-08-04 12:57:41,358 INFO  [com.dot.ContainerResource] (docker-java-stream-1865446083) STDOUT: 12:57:41.357  INFO  timedcache.TimedCacheProvider - ***	 Cache Config Memory : permissioncache: 50000
2023-08-04 12:57:41,362 INFO  [com.dot.ContainerResource] (docker-java-stream-1865446083) STDOUT: 12:57:41.360  INFO  timedcache.TimedCacheProvider - ***	 Cache Config Memory : portletpool: 100
2023-08-04 12:57:41,362 INFO  [com.dot.ContainerResource] (docker-java-stream-1865446083) STDOUT: 12:57:41.360  INFO  timedcache.TimedCacheProvider - ***	 Cache Config Memory : publishingendpointcache: 100
2023-08-04 12:57:41,362 INFO  [com.dot.ContainerResource] (docker-java-stream-1865446083) STDOUT: 12:57:41.360  INFO  timedcache.TimedCacheProvider - ***	 Cache Config Memory : pushedassetscache: 5000
2023-08-04 12:57:41,362 INFO  [com.dot.ContainerResource] (docker-java-stream-1865446083) STDOUT: 12:57:41.361  INFO  timedcache.TimedCacheProvider - ***	 Cache Config Memory : templatecache: 500
2023-08-04 12:57:41,363 INFO  [com.dot.ContainerResource] (docker-java-stream-1865446083) STDOUT: 12:57:41.361  INFO  timedcache.TimedCacheProvider - ***	 Cache Config Memory : translatedquerycache: 5000
2023-08-04 12:57:41,364 INFO  [com.dot.ContainerResource] (docker-java-stream-1865446083) STDOUT: 12:57:41.362  INFO  timedcache.TimedCacheProvider - ***	 Cache Config Memory : versioncache: 50000
2023-08-04 12:57:41,364 INFO  [com.dot.ContainerResource] (docker-java-stream-1865446083) STDOUT: 12:57:41.362  INFO  timedcache.TimedCacheProvider - ***	 Cache Config Memory : versioninfocache: 50000
2023-08-04 12:57:41,364 INFO  [com.dot.ContainerResource] (docker-java-stream-1865446083) STDOUT: 12:57:41.362  INFO  timedcache.TimedCacheProvider - ***	 Cache Config Memory : workflowactioncache: 10000
2023-08-04 12:57:41,364 INFO  [com.dot.ContainerResource] (docker-java-stream-1865446083) STDOUT: 12:57:41.362  INFO  timedcache.TimedCacheProvider - ***	 Cache Config Memory : workflowtaskcache: 10000
2023-08-04 12:57:41,364 INFO  [com.dot.ContainerResource] (docker-java-stream-1865446083) STDOUT: 12:57:41.362  INFO  timedcache.TimedCacheProvider - ***	 Cache Config Memory : shortyidcache: 25000
2023-08-04 12:57:41,364 INFO  [com.dot.ContainerResource] (docker-java-stream-1865446083) STDOUT: 12:57:41.362  INFO  timedcache.TimedCacheProvider - ***	 Cache Config Memory : velocitycache: 5000
2023-08-04 12:57:41,364 INFO  [com.dot.ContainerResource] (docker-java-stream-1865446083) STDOUT: 12:57:41.362  INFO  timedcache.TimedCacheProvider - ***	 Cache Config Memory : vanityurldirectcache: 25000
2023-08-04 12:57:41,364 INFO  [com.dot.ContainerResource] (docker-java-stream-1865446083) STDOUT: 12:57:41.362  INFO  timedcache.TimedCacheProvider - ***	 Cache Config Memory : vanityurlsitecache: 5000
2023-08-04 12:57:41,366 INFO  [com.dot.ContainerResource] (docker-java-stream-1865446083) STDOUT: 12:57:41.366  INFO  h22.H22Cache - Start Full Cache Flush in h22
2023-08-04 12:57:41,366 INFO  [com.dot.ContainerResource] (docker-java-stream-1865446083) STDOUT: 12:57:41.366  INFO  h22.H22Cache - Building new H22 Cache, db:0
2023-08-04 12:57:41,367 INFO  [com.dot.ContainerResource] (docker-java-stream-1865446083) STDOUT: 12:57:41.367  INFO  h22.H22HikariPool - H22 on disk cache:jdbc:h2:/data/local/dotsecure/h22cache/0/2023-08-04_12-57-41/cache;MVCC=TRUE;DB_CLOSE_ON_EXIT=FALSE
2023-08-04 12:57:41,449 INFO  [com.dot.ContainerResource] (docker-java-stream-1865446083) STDOUT: 12:57:41.447  INFO  h22.H22Cache - Building new H22 Cache, db:1
2023-08-04 12:57:41,449 INFO  [com.dot.ContainerResource] (docker-java-stream-1865446083) STDOUT: 12:57:41.448  INFO  h22.H22HikariPool - H22 on disk cache:jdbc:h2:/data/local/dotsecure/h22cache/1/2023-08-04_12-57-41/cache;MVCC=TRUE;DB_CLOSE_ON_EXIT=FALSE
2023-08-04 12:57:41,523 INFO  [com.dot.ContainerResource] (docker-java-stream-1865446083) STDOUT: 12:57:41.522  INFO  h22.H22Cache - End Full Cache Flush in h22 : 156ms
2023-08-04 12:57:42,076 INFO  [com.dot.ContainerResource] (docker-java-stream-1865446083) STDOUT: 12:57:42.076  WARN  business.UserHelper - Error loading user with id system
2023-08-04 12:57:42,888 INFO  [com.dot.ContainerResource] (docker-java-stream-1865446083) STDOUT: 12:57:42.888  INFO  util.SecurityLogger - class com.dotmarketing.business.RoleAPIImpl : Adding role:'Admin User' to user:dotcms.org.1 email:admin@dotcms.com -- ip:ukn,user:null
2023-08-04 12:57:42,894 INFO  [com.dot.ContainerResource] (docker-java-stream-1865446083) STDOUT: 12:57:42.893  WARN  business.UserHelper - Error loading user with id anonymous
2023-08-04 12:57:43,634 INFO  [com.dot.ContainerResource] (docker-java-stream-1865446083) STDOUT: 12:57:43.633  INFO  util.SecurityLogger - class com.dotmarketing.business.RoleAPIImpl : Adding role:'anonymous user anonymous' to user:anonymous email:anonymous@dotcms.anonymoususer -- ip:ukn,user:null
2023-08-04 12:57:43,649 INFO  [com.dot.ContainerResource] (docker-java-stream-1865446083) STDOUT: 12:57:43.646  INFO  starter.ImportStarterUtil - 
2023-08-04 12:57:43,649 INFO  [com.dot.ContainerResource] (docker-java-stream-1865446083) STDOUT: 12:57:43.646  INFO  starter.ImportStarterUtil - 
2023-08-04 12:57:43,649 INFO  [com.dot.ContainerResource] (docker-java-stream-1865446083) STDOUT: 12:57:43.646  INFO  starter.ImportStarterUtil - **** Importing the file: /data/local/dotsecure/backup/temp/com.dotmarketing.business.UsersRoles_0000000000.json *****
2023-08-04 12:57:43,649 INFO  [com.dot.ContainerResource] (docker-java-stream-1865446083) STDOUT: 12:57:43.646  INFO  starter.ImportStarterUtil - Importing:	com.dotmarketing.business.UsersRoles
2023-08-04 12:57:43,649 INFO  [com.dot.ContainerResource] (docker-java-stream-1865446083) STDOUT: 12:57:43.648  INFO  starter.ImportStarterUtil - Found :	14 com.dotmarketing.business.UsersRoles(s)
2023-08-04 12:57:43,661 INFO  [com.dot.ContainerResource] (docker-java-stream-1865446083) STDOUT: 12:57:43.660  INFO  starter.ImportStarterUtil - **** Importing the file: /data/local/dotsecure/backup/temp/com.dotmarketing.business.Layout_0000000000.json *****
2023-08-04 12:57:43,661 INFO  [com.dot.ContainerResource] (docker-java-stream-1865446083) STDOUT: 12:57:43.660  INFO  starter.ImportStarterUtil - Importing:	com.dotmarketing.business.Layout
2023-08-04 12:57:43,664 INFO  [com.dot.ContainerResource] (docker-java-stream-1865446083) STDOUT: 12:57:43.663  INFO  starter.ImportStarterUtil - Found :	11 com.dotmarketing.business.Layout(s)
2023-08-04 12:57:43,680 INFO  [com.dot.ContainerResource] (docker-java-stream-1865446083) STDOUT: 12:57:43.680  INFO  starter.ImportStarterUtil - **** Importing the file: /data/local/dotsecure/backup/temp/com.dotmarketing.business.PortletsLayouts_0000000000.json *****
2023-08-04 12:57:43,681 INFO  [com.dot.ContainerResource] (docker-java-stream-1865446083) STDOUT: 12:57:43.680  INFO  starter.ImportStarterUtil - Importing:	com.dotmarketing.business.PortletsLayouts
2023-08-04 12:57:43,684 INFO  [com.dot.ContainerResource] (docker-java-stream-1865446083) STDOUT: 12:57:43.683  INFO  starter.ImportStarterUtil - Found :	36 com.dotmarketing.business.PortletsLayouts(s)
2023-08-04 12:57:43,706 INFO  [com.dot.ContainerResource] (docker-java-stream-1865446083) STDOUT: 12:57:43.706  INFO  starter.ImportStarterUtil - **** Importing the file: /data/local/dotsecure/backup/temp/com.dotmarketing.business.LayoutsRoles_0000000000.json *****
2023-08-04 12:57:43,707 INFO  [com.dot.ContainerResource] (docker-java-stream-1865446083) STDOUT: 12:57:43.706  INFO  starter.ImportStarterUtil - Importing:	com.dotmarketing.business.LayoutsRoles
2023-08-04 12:57:43,708 INFO  [com.dot.ContainerResource] (docker-java-stream-1865446083) STDOUT: 12:57:43.707  INFO  starter.ImportStarterUtil - Found :	7 com.dotmarketing.business.LayoutsRoles(s)
2023-08-04 12:57:43,716 INFO  [com.dot.ContainerResource] (docker-java-stream-1865446083) STDOUT: 12:57:43.715  INFO  starter.ImportStarterUtil - **** Importing the file: /data/local/dotsecure/backup/temp/com.dotmarketing.portlets.languagesmanager.model.Language_0000000000.json *****
2023-08-04 12:57:43,716 INFO  [com.dot.ContainerResource] (docker-java-stream-1865446083) STDOUT: 12:57:43.716  INFO  starter.ImportStarterUtil - Importing:	com.dotmarketing.portlets.languagesmanager.model.Language
2023-08-04 12:57:43,720 INFO  [com.dot.ContainerResource] (docker-java-stream-1865446083) STDOUT: 12:57:43.720  INFO  starter.ImportStarterUtil - Found :	1 com.dotmarketing.portlets.languagesmanager.model.Language(s)
2023-08-04 12:57:43,742 INFO  [com.dot.ContainerResource] (docker-java-stream-1865446083) STDOUT: 12:57:43.741  INFO  starter.ImportStarterUtil - Importing folder path /System foldersystem folder
2023-08-04 12:57:43,777 INFO  [com.dot.ContainerResource] (docker-java-stream-1865446083) STDOUT: 12:57:43.777  INFO  starter.ImportStarterUtil - **** Importing the file: /data/local/dotsecure/backup/temp/com.dotmarketing.portlets.folders.model.Folder_0000000000.json *****
2023-08-04 12:57:43,777 INFO  [com.dot.ContainerResource] (docker-java-stream-1865446083) STDOUT: 12:57:43.777  INFO  starter.ImportStarterUtil - Importing:	com.dotmarketing.portlets.folders.model.Folder
2023-08-04 12:57:43,782 INFO  [com.dot.ContainerResource] (docker-java-stream-1865446083) STDOUT: 12:57:43.782  INFO  starter.ImportStarterUtil - Found :	1 com.dotmarketing.portlets.folders.model.Folder(s)
2023-08-04 12:57:44,490 INFO  [com.dot.ContainerResource] (docker-java-stream-1865446083) STDOUT: 12:57:44.490  INFO  business.ContentTypeAPIImpl - Content type not found with given id: c938b15f-bcb6-49ef-8651-14d455a97045. Continuing...
2023-08-04 12:57:44,619 INFO  [com.dot.ContainerResource] (docker-java-stream-1865446083) STDOUT: 12:57:44.619  INFO  util.ActivityLogger - class com.dotmarketing.util.ActivityLogger: system : Save Field Action , User system/system user added field Site/Folder to Persona Structure.
2023-08-04 12:57:44,677 INFO  [com.dot.ContainerResource] (docker-java-stream-1865446083) STDOUT: 12:57:44.677  INFO  util.ActivityLogger - class com.dotmarketing.util.ActivityLogger: system : Save Field Action , User system/system user added field Name to Persona Structure.
2023-08-04 12:57:44,716 INFO  [com.dot.ContainerResource] (docker-java-stream-1865446083) STDOUT: 12:57:44.716  INFO  util.ActivityLogger - class com.dotmarketing.util.ActivityLogger: system : Save Field Action , User system/system user added field Key Tag to Persona Structure.
2023-08-04 12:57:44,757 INFO  [com.dot.ContainerResource] (docker-java-stream-1865446083) STDOUT: 12:57:44.756  INFO  util.ActivityLogger - class com.dotmarketing.util.ActivityLogger: system : Save Field Action , User system/system user added field Photo to Persona Structure.
2023-08-04 12:57:44,808 INFO  [com.dot.ContainerResource] (docker-java-stream-1865446083) STDOUT: 12:57:44.801  INFO  util.ActivityLogger - class com.dotmarketing.util.ActivityLogger: system : Save Field Action , User system/system user added field Other Tags to Persona Structure.
2023-08-04 12:57:44,851 INFO  [com.dot.ContainerResource] (docker-java-stream-1865446083) STDOUT: 12:57:44.850  INFO  util.ActivityLogger - class com.dotmarketing.util.ActivityLogger: system : Save Field Action , User system/system user added field Description to Persona Structure.
2023-08-04 12:57:44,878 INFO  [com.dot.ContainerResource] (docker-java-stream-1865446083) STDOUT: 12:57:44.877  INFO  util.ActivityLogger - class com.dotcms.contenttype.business.ContentTypeAPIImpl: system : Save ContentType Action , User system/system user system user added ContentType Persona to host id:SYSTEM_HOST
2023-08-04 12:57:44,881 INFO  [com.dot.ContainerResource] (docker-java-stream-1865446083) STDOUT: 12:57:44.880  INFO  business.ContentTypeAPIImpl - UserId : system : ContentType : ContentType saved : Persona
2023-08-04 12:57:44,881 INFO  [com.dot.ContainerResource] (docker-java-stream-1865446083) STDOUT: 12:57:44.881  INFO  util.AdminLogger - UserId : system : class com.dotcms.contenttype.business.ContentTypeAPIImpl : ContentType : ContentType saved : Persona
2023-08-04 12:57:44,909 INFO  [com.dot.ContainerResource] (docker-java-stream-1865446083) STDOUT: 12:57:44.908  INFO  business.ContentTypeAPIImpl - Content type not found with given id: f4d7c1b8-2c88-4071-abf1-a5328977b07d. Continuing...
2023-08-04 12:57:44,923 INFO  [com.dot.ContainerResource] (docker-java-stream-1865446083) STDOUT: 12:57:44.923  INFO  util.ActivityLogger - class com.dotmarketing.util.ActivityLogger: system : Save Field Action , User system/system user added field Key to Language Variable Structure.
2023-08-04 12:57:44,938 INFO  [com.dot.ContainerResource] (docker-java-stream-1865446083) STDOUT: 12:57:44.937  INFO  util.ActivityLogger - class com.dotmarketing.util.ActivityLogger: system : Save Field Action , User system/system user added field Value to Language Variable Structure.
2023-08-04 12:57:44,942 INFO  [com.dot.ContainerResource] (docker-java-stream-1865446083) STDOUT: 12:57:44.941  INFO  util.ActivityLogger - class com.dotcms.contenttype.business.ContentTypeAPIImpl: system : Save ContentType Action , User system/system user system user added ContentType Language Variable to host id:SYSTEM_HOST
2023-08-04 12:57:44,942 INFO  [com.dot.ContainerResource] (docker-java-stream-1865446083) STDOUT: 12:57:44.942  INFO  business.ContentTypeAPIImpl - UserId : system : ContentType : ContentType saved : Language Variable
2023-08-04 12:57:44,943 INFO  [com.dot.ContainerResource] (docker-java-stream-1865446083) STDOUT: 12:57:44.942  INFO  util.AdminLogger - UserId : system : class com.dotcms.contenttype.business.ContentTypeAPIImpl : ContentType : ContentType saved : Language Variable
2023-08-04 12:57:44,967 INFO  [com.dot.ContainerResource] (docker-java-stream-1865446083) STDOUT: 12:57:44.966  INFO  business.ContentTypeAPIImpl - Content type not found with given id: 4d21b6d8-1711-4ae6-9419-89e2b1ae5a06. Continuing...
2023-08-04 12:57:44,980 INFO  [com.dot.ContainerResource] (docker-java-stream-1865446083) STDOUT: 12:57:44.980  INFO  util.ActivityLogger - class com.dotmarketing.util.ActivityLogger: system : Save Field Action , User system/system user added field Form ID to Forms Structure.
2023-08-04 12:57:44,993 INFO  [com.dot.ContainerResource] (docker-java-stream-1865446083) STDOUT: 12:57:44.993  INFO  util.ActivityLogger - class com.dotmarketing.util.ActivityLogger: system : Save Field Action , User system/system user added field Widget Title to Forms Structure.
2023-08-04 12:57:45,010 INFO  [com.dot.ContainerResource] (docker-java-stream-1865446083) STDOUT: 12:57:45.010  INFO  util.ActivityLogger - class com.dotmarketing.util.ActivityLogger: system : Save Field Action , User system/system user added field Widget Usage to Forms Structure.
2023-08-04 12:57:45,031 INFO  [com.dot.ContainerResource] (docker-java-stream-1865446083) STDOUT: 12:57:45.031  INFO  util.ActivityLogger - class com.dotmarketing.util.ActivityLogger: system : Save Field Action , User system/system user added field Widget Code to Forms Structure.
2023-08-04 12:57:45,053 INFO  [com.dot.ContainerResource] (docker-java-stream-1865446083) STDOUT: 12:57:45.052  INFO  util.ActivityLogger - class com.dotmarketing.util.ActivityLogger: system : Save Field Action , User system/system user added field Widget Pre-Execute to Forms Structure.
2023-08-04 12:57:45,060 INFO  [com.dot.ContainerResource] (docker-java-stream-1865446083) STDOUT: 12:57:45.059  INFO  util.ActivityLogger - class com.dotcms.contenttype.business.ContentTypeAPIImpl: system : Save ContentType Action , User system/system user system user added ContentType Forms to host id:SYSTEM_HOST
2023-08-04 12:57:45,060 INFO  [com.dot.ContainerResource] (docker-java-stream-1865446083) STDOUT: 12:57:45.059  INFO  business.ContentTypeAPIImpl - UserId : system : ContentType : ContentType saved : Forms
2023-08-04 12:57:45,061 INFO  [com.dot.ContainerResource] (docker-java-stream-1865446083) STDOUT: 12:57:45.059  INFO  util.AdminLogger - UserId : system : class com.dotcms.contenttype.business.ContentTypeAPIImpl : ContentType : ContentType saved : Forms
2023-08-04 12:57:45,074 INFO  [com.dot.ContainerResource] (docker-java-stream-1865446083) STDOUT: 12:57:45.073  INFO  business.ContentTypeAPIImpl - Content type not found with given id: f2d8a1c7-2b77-2081-bcf1-b5348988c08d. Continuing...
2023-08-04 12:57:45,088 INFO  [com.dot.ContainerResource] (docker-java-stream-1865446083) STDOUT: 12:57:45.087  INFO  util.ActivityLogger - class com.dotmarketing.util.ActivityLogger: system : Save Field Action , User system/system user added field Site or Folder to dotAsset Structure.
2023-08-04 12:57:45,102 INFO  [com.dot.ContainerResource] (docker-java-stream-1865446083) STDOUT: 12:57:45.102  INFO  util.ActivityLogger - class com.dotmarketing.util.ActivityLogger: system : Save Field Action , User system/system user added field Asset to dotAsset Structure.
2023-08-04 12:57:45,118 INFO  [com.dot.ContainerResource] (docker-java-stream-1865446083) STDOUT: 12:57:45.117  INFO  util.ActivityLogger - class com.dotmarketing.util.ActivityLogger: system : Save Field Action , User system/system user added field Tags to dotAsset Structure.
2023-08-04 12:57:45,123 INFO  [com.dot.ContainerResource] (docker-java-stream-1865446083) STDOUT: 12:57:45.122  INFO  util.ActivityLogger - class com.dotcms.contenttype.business.ContentTypeAPIImpl: system : Save ContentType Action , User system/system user system user added ContentType dotAsset to host id:SYSTEM_HOST
2023-08-04 12:57:45,123 INFO  [com.dot.ContainerResource] (docker-java-stream-1865446083) STDOUT: 12:57:45.122  INFO  business.ContentTypeAPIImpl - UserId : system : ContentType : ContentType saved : dotAsset
2023-08-04 12:57:45,124 INFO  [com.dot.ContainerResource] (docker-java-stream-1865446083) STDOUT: 12:57:45.122  INFO  util.AdminLogger - UserId : system : class com.dotcms.contenttype.business.ContentTypeAPIImpl : ContentType : ContentType saved : dotAsset
2023-08-04 12:57:45,194 INFO  [com.dot.ContainerResource] (docker-java-stream-1865446083) STDOUT: 12:57:45.193  INFO  business.ContentTypeAPIImpl - Content type not found with given id: 33888b6f-7a8e-4069-b1b6-5c1aa9d0a48d. Continuing...
2023-08-04 12:57:45,214 INFO  [com.dot.ContainerResource] (docker-java-stream-1865446083) STDOUT: 12:57:45.213  INFO  util.ActivityLogger - class com.dotmarketing.util.ActivityLogger: system : Save Field Action , User system/system user added field Host Or Folder to File Asset Structure.
2023-08-04 12:57:45,227 INFO  [com.dot.ContainerResource] (docker-java-stream-1865446083) STDOUT: 12:57:45.227  INFO  util.ActivityLogger - class com.dotmarketing.util.ActivityLogger: system : Save Field Action , User system/system user added field File Name to File Asset Structure.
2023-08-04 12:57:45,243 INFO  [com.dot.ContainerResource] (docker-java-stream-1865446083) STDOUT: 12:57:45.242  INFO  util.ActivityLogger - class com.dotmarketing.util.ActivityLogger: system : Save Field Action , User system/system user added field File Asset to File Asset Structure.
2023-08-04 12:57:45,261 INFO  [com.dot.ContainerResource] (docker-java-stream-1865446083) STDOUT: 12:57:45.260  INFO  util.ActivityLogger - class com.dotmarketing.util.ActivityLogger: system : Save Field Action , User system/system user added field Title to File Asset Structure.
2023-08-04 12:57:45,281 INFO  [com.dot.ContainerResource] (docker-java-stream-1865446083) STDOUT: 12:57:45.280  INFO  util.ActivityLogger - class com.dotmarketing.util.ActivityLogger: system : Save Field Action , User system/system user added field Metadata to File Asset Structure.
2023-08-04 12:57:45,336 INFO  [com.dot.ContainerResource] (docker-java-stream-1865446083) STDOUT: 12:57:45.332  INFO  util.ActivityLogger - class com.dotmarketing.util.ActivityLogger: system : Save Field Action , User system/system user added field Metadata to File Asset Structure.
2023-08-04 12:57:45,356 INFO  [com.dot.ContainerResource] (docker-java-stream-1865446083) STDOUT: 12:57:45.356  INFO  util.ActivityLogger - class com.dotmarketing.util.ActivityLogger: system : Save Field Action , User system/system user added field Show On Menu to File Asset Structure.
2023-08-04 12:57:45,381 INFO  [com.dot.ContainerResource] (docker-java-stream-1865446083) STDOUT: 12:57:45.381  INFO  util.ActivityLogger - class com.dotmarketing.util.ActivityLogger: system : Save Field Action , User system/system user added field Sort Order to File Asset Structure.
2023-08-04 12:57:45,409 INFO  [com.dot.ContainerResource] (docker-java-stream-1865446083) STDOUT: 12:57:45.406  INFO  util.ActivityLogger - class com.dotmarketing.util.ActivityLogger: system : Save Field Action , User system/system user added field Description to File Asset Structure.
2023-08-04 12:57:45,417 INFO  [com.dot.ContainerResource] (docker-java-stream-1865446083) STDOUT: 12:57:45.416  INFO  util.ActivityLogger - class com.dotcms.contenttype.business.ContentTypeAPIImpl: system : Save ContentType Action , User system/system user system user added ContentType File Asset to host id:SYSTEM_HOST
2023-08-04 12:57:45,417 INFO  [com.dot.ContainerResource] (docker-java-stream-1865446083) STDOUT: 12:57:45.417  INFO  business.ContentTypeAPIImpl - UserId : system : ContentType : ContentType saved : File Asset
2023-08-04 12:57:45,418 INFO  [com.dot.ContainerResource] (docker-java-stream-1865446083) STDOUT: 12:57:45.417  INFO  util.AdminLogger - UserId : system : class com.dotcms.contenttype.business.ContentTypeAPIImpl : ContentType : ContentType saved : File Asset
2023-08-04 12:57:45,442 INFO  [com.dot.ContainerResource] (docker-java-stream-1865446083) STDOUT: 12:57:45.441  INFO  business.ContentTypeAPIImpl - Content type not found with given id: 8e850645-bb92-4fda-a765-e67063a59be0. Continuing...
2023-08-04 12:57:45,454 INFO  [com.dot.ContainerResource] (docker-java-stream-1865446083) STDOUT: 12:57:45.454  INFO  util.ActivityLogger - class com.dotmarketing.util.ActivityLogger: system : Save Field Action , User system/system user added field Title to Vanity URL Structure.
2023-08-04 12:57:45,466 INFO  [com.dot.ContainerResource] (docker-java-stream-1865446083) STDOUT: 12:57:45.465  INFO  util.ActivityLogger - class com.dotmarketing.util.ActivityLogger: system : Save Field Action , User system/system user added field Site to Vanity URL Structure.
2023-08-04 12:57:45,480 INFO  [com.dot.ContainerResource] (docker-java-stream-1865446083) STDOUT: 12:57:45.479  INFO  util.ActivityLogger - class com.dotmarketing.util.ActivityLogger: system : Save Field Action , User system/system user added field Uri to Vanity URL Structure.
2023-08-04 12:57:45,496 INFO  [com.dot.ContainerResource] (docker-java-stream-1865446083) STDOUT: 12:57:45.495  INFO  util.ActivityLogger - class com.dotmarketing.util.ActivityLogger: system : Save Field Action , User system/system user added field Action to Vanity URL Structure.
2023-08-04 12:57:45,512 INFO  [com.dot.ContainerResource] (docker-java-stream-1865446083) STDOUT: 12:57:45.511  INFO  util.ActivityLogger - class com.dotmarketing.util.ActivityLogger: system : Save Field Action , User system/system user added field Forward To to Vanity URL Structure.
2023-08-04 12:57:45,532 INFO  [com.dot.ContainerResource] (docker-java-stream-1865446083) STDOUT: 12:57:45.532  INFO  util.ActivityLogger - class com.dotmarketing.util.ActivityLogger: system : Save Field Action , User system/system user added field Order to Vanity URL Structure.
2023-08-04 12:57:45,539 INFO  [com.dot.ContainerResource] (docker-java-stream-1865446083) STDOUT: 12:57:45.539  INFO  util.ActivityLogger - class com.dotcms.contenttype.business.ContentTypeAPIImpl: system : Save ContentType Action , User system/system user system user added ContentType Vanity URL to host id:SYSTEM_HOST
2023-08-04 12:57:45,540 INFO  [com.dot.ContainerResource] (docker-java-stream-1865446083) STDOUT: 12:57:45.539  INFO  business.ContentTypeAPIImpl - UserId : system : ContentType : ContentType saved : Vanity URL
2023-08-04 12:57:45,540 INFO  [com.dot.ContainerResource] (docker-java-stream-1865446083) STDOUT: 12:57:45.539  INFO  util.AdminLogger - UserId : system : class com.dotcms.contenttype.business.ContentTypeAPIImpl : ContentType : ContentType saved : Vanity URL
2023-08-04 12:57:45,553 INFO  [com.dot.ContainerResource] (docker-java-stream-1865446083) STDOUT: 12:57:45.553  INFO  business.ContentTypeAPIImpl - Content type not found with given id: c541abb1-69b3-4bc5-8430-5e09e5239cc8. Continuing...
2023-08-04 12:57:45,563 INFO  [com.dot.ContainerResource] (docker-java-stream-1865446083) STDOUT: 12:57:45.563  INFO  util.ActivityLogger - class com.dotmarketing.util.ActivityLogger: system : Save Field Action , User system/system user added field Title to Page Structure.
2023-08-04 12:57:45,593 INFO  [com.dot.ContainerResource] (docker-java-stream-1865446083) STDOUT: 12:57:45.592  INFO  util.ActivityLogger - class com.dotmarketing.util.ActivityLogger: system : Save Field Action , User system/system user added field Url to Page Structure.
2023-08-04 12:57:45,609 INFO  [com.dot.ContainerResource] (docker-java-stream-1865446083) STDOUT: 12:57:45.609  INFO  util.ActivityLogger - class com.dotmarketing.util.ActivityLogger: system : Save Field Action , User system/system user added field Host or Folder to Page Structure.
2023-08-04 12:57:45,623 INFO  [com.dot.ContainerResource] (docker-java-stream-1865446083) STDOUT: 12:57:45.623  INFO  util.ActivityLogger - class com.dotmarketing.util.ActivityLogger: system : Save Field Action , User system/system user added field Template to Page Structure.
2023-08-04 12:57:45,637 INFO  [com.dot.ContainerResource] (docker-java-stream-1865446083) STDOUT: 12:57:45.637  INFO  util.ActivityLogger - class com.dotmarketing.util.ActivityLogger: system : Save Field Action , User system/system user added field Friendly Name to Page Structure.
2023-08-04 12:57:45,653 INFO  [com.dot.ContainerResource] (docker-java-stream-1865446083) STDOUT: 12:57:45.652  INFO  util.ActivityLogger - class com.dotmarketing.util.ActivityLogger: system : Save Field Action , User system/system user added field Show on Menu to Page Structure.
2023-08-04 12:57:45,671 INFO  [com.dot.ContainerResource] (docker-java-stream-1865446083) STDOUT: 12:57:45.670  INFO  util.ActivityLogger - class com.dotmarketing.util.ActivityLogger: system : Save Field Action , User system/system user added field Sort Order to Page Structure.
2023-08-04 12:57:45,691 INFO  [com.dot.ContainerResource] (docker-java-stream-1865446083) STDOUT: 12:57:45.689  INFO  util.ActivityLogger - class com.dotmarketing.util.ActivityLogger: system : Save Field Action , User system/system user added field Cache TTL to Page Structure.
2023-08-04 12:57:45,710 INFO  [com.dot.ContainerResource] (docker-java-stream-1865446083) STDOUT: 12:57:45.709  INFO  util.ActivityLogger - class com.dotmarketing.util.ActivityLogger: system : Save Field Action , User system/system user added field Advanced Properties to Page Structure.
2023-08-04 12:57:45,731 INFO  [com.dot.ContainerResource] (docker-java-stream-1865446083) STDOUT: 12:57:45.731  INFO  util.ActivityLogger - class com.dotmarketing.util.ActivityLogger: system : Save Field Action , User system/system user added field Redirect Url to Page Structure.
2023-08-04 12:57:45,756 INFO  [com.dot.ContainerResource] (docker-java-stream-1865446083) STDOUT: 12:57:45.753  INFO  util.ActivityLogger - class com.dotmarketing.util.ActivityLogger: system : Save Field Action , User system/system user added field HTTPS Required to Page Structure.
2023-08-04 12:57:45,778 INFO  [com.dot.ContainerResource] (docker-java-stream-1865446083) STDOUT: 12:57:45.777  INFO  util.ActivityLogger - class com.dotmarketing.util.ActivityLogger: system : Save Field Action , User system/system user added field SEO Description to Page Structure.
2023-08-04 12:57:45,803 INFO  [com.dot.ContainerResource] (docker-java-stream-1865446083) STDOUT: 12:57:45.803  INFO  util.ActivityLogger - class com.dotmarketing.util.ActivityLogger: system : Save Field Action , User system/system user added field SEO Keywords to Page Structure.
2023-08-04 12:57:45,830 INFO  [com.dot.ContainerResource] (docker-java-stream-1865446083) STDOUT: 12:57:45.830  INFO  util.ActivityLogger - class com.dotmarketing.util.ActivityLogger: system : Save Field Action , User system/system user added field Page Metadata to Page Structure.
2023-08-04 12:57:45,861 INFO  [com.dot.ContainerResource] (docker-java-stream-1865446083) STDOUT: 12:57:45.860  INFO  util.ActivityLogger - class com.dotmarketing.util.ActivityLogger: system : Save Field Action , User system/system user added field Canonical URL to Page Structure.
2023-08-04 12:57:45,875 INFO  [com.dot.ContainerResource] (docker-java-stream-1865446083) STDOUT: 12:57:45.874  INFO  util.ActivityLogger - class com.dotcms.contenttype.business.ContentTypeAPIImpl: system : Save ContentType Action , User system/system user system user added ContentType Page to host id:SYSTEM_HOST
2023-08-04 12:57:45,875 INFO  [com.dot.ContainerResource] (docker-java-stream-1865446083) STDOUT: 12:57:45.874  INFO  business.ContentTypeAPIImpl - UserId : system : ContentType : ContentType saved : Page
2023-08-04 12:57:45,876 INFO  [com.dot.ContainerResource] (docker-java-stream-1865446083) STDOUT: 12:57:45.874  INFO  util.AdminLogger - UserId : system : class com.dotcms.contenttype.business.ContentTypeAPIImpl : ContentType : ContentType saved : Page
2023-08-04 12:57:45,940 INFO  [com.dot.ContainerResource] (docker-java-stream-1865446083) STDOUT: 12:57:45.940  INFO  business.ContentTypeAPIImpl - Content type not found with given id: 855a2d72-f2f3-4169-8b04-ac5157c4380c. Continuing...
2023-08-04 12:57:45,949 INFO  [com.dot.ContainerResource] (docker-java-stream-1865446083) STDOUT: 12:57:45.948  INFO  util.ActivityLogger - class com.dotmarketing.util.ActivityLogger: system : Save Field Action , User system/system user added field fields-2 to Host Structure.
2023-08-04 12:57:45,958 INFO  [com.dot.ContainerResource] (docker-java-stream-1865446083) STDOUT: 12:57:45.958  INFO  util.ActivityLogger - class com.dotmarketing.util.ActivityLogger: system : Save Field Action , User system/system user added field fields-3 to Host Structure.
2023-08-04 12:57:45,968 INFO  [com.dot.ContainerResource] (docker-java-stream-1865446083) STDOUT: 12:57:45.968  INFO  util.ActivityLogger - class com.dotmarketing.util.ActivityLogger: system : Save Field Action , User system/system user added field Site Key to Host Structure.
2023-08-04 12:57:45,985 INFO  [com.dot.ContainerResource] (docker-java-stream-1865446083) STDOUT: 12:57:45.985  INFO  util.ActivityLogger - class com.dotmarketing.util.ActivityLogger: system : Save Field Action , User system/system user added field Aliases to Host Structure.
2023-08-04 12:57:45,998 INFO  [com.dot.ContainerResource] (docker-java-stream-1865446083) STDOUT: 12:57:45.997  INFO  util.ActivityLogger - class com.dotmarketing.util.ActivityLogger: system : Save Field Action , User system/system user added field Tag Storage to Host Structure.
2023-08-04 12:57:46,012 INFO  [com.dot.ContainerResource] (docker-java-stream-1865446083) STDOUT: 12:57:46.011  INFO  util.ActivityLogger - class com.dotmarketing.util.ActivityLogger: system : Save Field Action , User system/system user added field Is Default to Host Structure.
2023-08-04 12:57:46,029 INFO  [com.dot.ContainerResource] (docker-java-stream-1865446083) STDOUT: 12:57:46.028  INFO  util.ActivityLogger - class com.dotmarketing.util.ActivityLogger: system : Save Field Action , User system/system user added field Is System Host to Host Structure.
2023-08-04 12:57:46,048 INFO  [com.dot.ContainerResource] (docker-java-stream-1865446083) STDOUT: 12:57:46.048  INFO  util.ActivityLogger - class com.dotmarketing.util.ActivityLogger: system : Save Field Action , User system/system user added field Host Thumbnail to Host Structure.
2023-08-04 12:57:46,068 INFO  [com.dot.ContainerResource] (docker-java-stream-1865446083) STDOUT: 12:57:46.068  INFO  util.ActivityLogger - class com.dotmarketing.util.ActivityLogger: system : Save Field Action , User system/system user added field Run Dashboard to Host Structure.
2023-08-04 12:57:46,080 INFO  [com.dot.ContainerResource] (docker-java-stream-1865446083) STDOUT: 12:57:46.079  INFO  util.ActivityLogger - class com.dotcms.contenttype.business.ContentTypeAPIImpl: system : Save ContentType Action , User system/system user system user added ContentType Host to host id:SYSTEM_HOST
2023-08-04 12:57:46,081 INFO  [com.dot.ContainerResource] (docker-java-stream-1865446083) STDOUT: 12:57:46.080  INFO  business.ContentTypeAPIImpl - UserId : system : ContentType : ContentType saved : Host
2023-08-04 12:57:46,081 INFO  [com.dot.ContainerResource] (docker-java-stream-1865446083) STDOUT: 12:57:46.080  INFO  util.AdminLogger - UserId : system : class com.dotcms.contenttype.business.ContentTypeAPIImpl : ContentType : ContentType saved : Host
2023-08-04 12:57:46,083 INFO  [com.dot.ContainerResource] (docker-java-stream-1865446083) STDOUT: 12:57:46.082  INFO  business.ContentTypeAPIImpl - Content type not found with given id: 2c46b6586c38852ac08a824a303ced80. Continuing...
2023-08-04 12:57:46,099 INFO  [com.dot.ContainerResource] (docker-java-stream-1865446083) STDOUT: 12:57:46.098  INFO  util.ActivityLogger - class com.dotmarketing.util.ActivityLogger: system : Save Field Action , User system/system user added field Site or Folder to Image Structure.
2023-08-04 12:57:46,114 INFO  [com.dot.ContainerResource] (docker-java-stream-1865446083) STDOUT: 12:57:46.113  INFO  util.ActivityLogger - class com.dotmarketing.util.ActivityLogger: system : Save Field Action , User system/system user added field Asset to Image Structure.
2023-08-04 12:57:46,131 INFO  [com.dot.ContainerResource] (docker-java-stream-1865446083) STDOUT: 12:57:46.131  INFO  util.ActivityLogger - class com.dotmarketing.util.ActivityLogger: system : Save Field Action , User system/system user added field Tags to Image Structure.
2023-08-04 12:57:46,136 INFO  [com.dot.ContainerResource] (docker-java-stream-1865446083) STDOUT: 12:57:46.135  INFO  util.ActivityLogger - class com.dotcms.contenttype.business.ContentTypeAPIImpl: system : Save ContentType Action , User system/system user system user added ContentType Image to host id:8a7d5e23-da1e-420a-b4f0-471e7da8ea2d
2023-08-04 12:57:46,136 INFO  [com.dot.ContainerResource] (docker-java-stream-1865446083) STDOUT: 12:57:46.135  INFO  business.ContentTypeAPIImpl - UserId : system : ContentType : ContentType saved : Image
2023-08-04 12:57:46,137 INFO  [com.dot.ContainerResource] (docker-java-stream-1865446083) STDOUT: 12:57:46.135  INFO  util.AdminLogger - UserId : system : class com.dotcms.contenttype.business.ContentTypeAPIImpl : ContentType : ContentType saved : Image
2023-08-04 12:57:46,153 INFO  [com.dot.ContainerResource] (docker-java-stream-1865446083) STDOUT: 12:57:46.152  INFO  business.ContentTypeAPIImpl - Content type not found with given id: c77450b834901a20c8193ef9d561ee5b. Continuing...
2023-08-04 12:57:46,186 INFO  [com.dot.ContainerResource] (docker-java-stream-1865446083) STDOUT: 12:57:46.186  INFO  util.ActivityLogger - class com.dotmarketing.util.ActivityLogger: system : Save Field Action , User system/system user added field Site or Folder to Video Structure.
2023-08-04 12:57:46,206 INFO  [com.dot.ContainerResource] (docker-java-stream-1865446083) STDOUT: 12:57:46.205  INFO  util.ActivityLogger - class com.dotmarketing.util.ActivityLogger: system : Save Field Action , User system/system user added field Asset to Video Structure.
2023-08-04 12:57:46,225 INFO  [com.dot.ContainerResource] (docker-java-stream-1865446083) STDOUT: 12:57:46.224  INFO  util.ActivityLogger - class com.dotmarketing.util.ActivityLogger: system : Save Field Action , User system/system user added field Tags to Video Structure.
2023-08-04 12:57:46,231 INFO  [com.dot.ContainerResource] (docker-java-stream-1865446083) STDOUT: 12:57:46.230  INFO  util.ActivityLogger - class com.dotcms.contenttype.business.ContentTypeAPIImpl: system : Save ContentType Action , User system/system user system user added ContentType Video to host id:8a7d5e23-da1e-420a-b4f0-471e7da8ea2d
2023-08-04 12:57:46,231 INFO  [com.dot.ContainerResource] (docker-java-stream-1865446083) STDOUT: 12:57:46.231  INFO  business.ContentTypeAPIImpl - UserId : system : ContentType : ContentType saved : Video
2023-08-04 12:57:46,232 INFO  [com.dot.ContainerResource] (docker-java-stream-1865446083) STDOUT: 12:57:46.232  INFO  util.AdminLogger - UserId : system : class com.dotcms.contenttype.business.ContentTypeAPIImpl : ContentType : ContentType saved : Video
2023-08-04 12:57:46,250 INFO  [com.dot.ContainerResource] (docker-java-stream-1865446083) STDOUT: 12:57:46.250  INFO  business.ContentTypeAPIImpl - Content type not found with given id: 2a3e91e4-fbbf-4876-8c5b-2233c1739b05. Continuing...
2023-08-04 12:57:46,260 INFO  [com.dot.ContainerResource] (docker-java-stream-1865446083) STDOUT: 12:57:46.259  INFO  util.ActivityLogger - class com.dotmarketing.util.ActivityLogger: system : Save Field Action , User system/system user added field Row Field to Content (Generic) Structure.
2023-08-04 12:57:46,270 INFO  [com.dot.ContainerResource] (docker-java-stream-1865446083) STDOUT: 12:57:46.270  INFO  util.ActivityLogger - class com.dotmarketing.util.ActivityLogger: system : Save Field Action , User system/system user added field Column Field to Content (Generic) Structure.
2023-08-04 12:57:46,281 INFO  [com.dot.ContainerResource] (docker-java-stream-1865446083) STDOUT: 12:57:46.281  INFO  util.ActivityLogger - class com.dotmarketing.util.ActivityLogger: system : Save Field Action , User system/system user added field Title to Content (Generic) Structure.
2023-08-04 12:57:46,294 INFO  [com.dot.ContainerResource] (docker-java-stream-1865446083) STDOUT: 12:57:46.294  INFO  util.ActivityLogger - class com.dotmarketing.util.ActivityLogger: system : Save Field Action , User system/system user added field Site to Content (Generic) Structure.
2023-08-04 12:57:46,310 INFO  [com.dot.ContainerResource] (docker-java-stream-1865446083) STDOUT: 12:57:46.310  INFO  util.ActivityLogger - class com.dotmarketing.util.ActivityLogger: system : Save Field Action , User system/system user added field Body to Content (Generic) Structure.
2023-08-04 12:57:46,317 INFO  [com.dot.ContainerResource] (docker-java-stream-1865446083) STDOUT: 12:57:46.317  INFO  util.ActivityLogger - class com.dotcms.contenttype.business.ContentTypeAPIImpl: system : Save ContentType Action , User system/system user system user added ContentType Content (Generic) to host id:SYSTEM_HOST
2023-08-04 12:57:46,318 INFO  [com.dot.ContainerResource] (docker-java-stream-1865446083) STDOUT: 12:57:46.317  INFO  business.ContentTypeAPIImpl - UserId : system : ContentType : ContentType saved : Content (Generic)
2023-08-04 12:57:46,318 INFO  [com.dot.ContainerResource] (docker-java-stream-1865446083) STDOUT: 12:57:46.318  INFO  util.AdminLogger - UserId : system : class com.dotcms.contenttype.business.ContentTypeAPIImpl : ContentType : ContentType saved : Content (Generic)
2023-08-04 12:57:46,321 INFO  [com.dot.ContainerResource] (docker-java-stream-1865446083) STDOUT: 12:57:46.320  INFO  business.ContentTypeAPIImpl - Content type not found with given id: ce930143870e11569f93f8a9fff5da19. Continuing...
2023-08-04 12:57:46,330 INFO  [com.dot.ContainerResource] (docker-java-stream-1865446083) STDOUT: 12:57:46.330  INFO  util.ActivityLogger - class com.dotmarketing.util.ActivityLogger: system : Save Field Action , User system/system user added field Screenshot to Dot Favorite Page Structure.
2023-08-04 12:57:46,339 INFO  [com.dot.ContainerResource] (docker-java-stream-1865446083) STDOUT: 12:57:46.339  INFO  util.ActivityLogger - class com.dotmarketing.util.ActivityLogger: system : Save Field Action , User system/system user added field title to Dot Favorite Page Structure.
2023-08-04 12:57:46,363 INFO  [com.dot.ContainerResource] (docker-java-stream-1865446083) STDOUT: 12:57:46.363  INFO  util.ActivityLogger - class com.dotmarketing.util.ActivityLogger: system : Save Field Action , User system/system user added field url to Dot Favorite Page Structure.
2023-08-04 12:57:46,376 INFO  [com.dot.ContainerResource] (docker-java-stream-1865446083) STDOUT: 12:57:46.376  INFO  util.ActivityLogger - class com.dotmarketing.util.ActivityLogger: system : Save Field Action , User system/system user added field order to Dot Favorite Page Structure.
2023-08-04 12:57:46,381 INFO  [com.dot.ContainerResource] (docker-java-stream-1865446083) STDOUT: 12:57:46.381  INFO  util.ActivityLogger - class com.dotcms.contenttype.business.ContentTypeAPIImpl: system : Save ContentType Action , User system/system user system user added ContentType Dot Favorite Page to host id:SYSTEM_HOST
2023-08-04 12:57:46,382 INFO  [com.dot.ContainerResource] (docker-java-stream-1865446083) STDOUT: 12:57:46.382  INFO  business.ContentTypeAPIImpl - UserId : system : ContentType : ContentType saved : Dot Favorite Page
2023-08-04 12:57:46,383 INFO  [com.dot.ContainerResource] (docker-java-stream-1865446083) STDOUT: 12:57:46.382  INFO  util.AdminLogger - UserId : system : class com.dotcms.contenttype.business.ContentTypeAPIImpl : ContentType : ContentType saved : Dot Favorite Page
2023-08-04 12:57:46,385 INFO  [com.dot.ContainerResource] (docker-java-stream-1865446083) STDOUT: 12:57:46.385  INFO  business.ContentTypeAPIImpl - Content type not found with given id: c6e3a3c6-a0c6-494b-9ae8-bde7322bc68e. Continuing...
2023-08-04 12:57:46,394 INFO  [com.dot.ContainerResource] (docker-java-stream-1865446083) STDOUT: 12:57:46.393  INFO  util.ActivityLogger - class com.dotmarketing.util.ActivityLogger: system : Save Field Action , User system/system user added field fields-0 to Device Structure.
2023-08-04 12:57:46,402 INFO  [com.dot.ContainerResource] (docker-java-stream-1865446083) STDOUT: 12:57:46.402  INFO  util.ActivityLogger - class com.dotmarketing.util.ActivityLogger: system : Save Field Action , User system/system user added field fields-1 to Device Structure.
2023-08-04 12:57:46,413 INFO  [com.dot.ContainerResource] (docker-java-stream-1865446083) STDOUT: 12:57:46.413  INFO  util.ActivityLogger - class com.dotmarketing.util.ActivityLogger: system : Save Field Action , User system/system user added field Name to Device Structure.
2023-08-04 12:57:46,425 INFO  [com.dot.ContainerResource] (docker-java-stream-1865446083) STDOUT: 12:57:46.425  INFO  util.ActivityLogger - class com.dotmarketing.util.ActivityLogger: system : Save Field Action , User system/system user added field Physical Width to Device Structure.
2023-08-04 12:57:46,439 INFO  [com.dot.ContainerResource] (docker-java-stream-1865446083) STDOUT: 12:57:46.438  INFO  util.ActivityLogger - class com.dotmarketing.util.ActivityLogger: system : Save Field Action , User system/system user added field Physical Height to Device Structure.
2023-08-04 12:57:46,454 INFO  [com.dot.ContainerResource] (docker-java-stream-1865446083) STDOUT: 12:57:46.453  INFO  util.ActivityLogger - class com.dotmarketing.util.ActivityLogger: system : Save Field Action , User system/system user added field CSS Width to Device Structure.
2023-08-04 12:57:46,470 INFO  [com.dot.ContainerResource] (docker-java-stream-1865446083) STDOUT: 12:57:46.470  INFO  util.ActivityLogger - class com.dotmarketing.util.ActivityLogger: system : Save Field Action , User system/system user added field CSS Height to Device Structure.
2023-08-04 12:57:46,488 INFO  [com.dot.ContainerResource] (docker-java-stream-1865446083) STDOUT: 12:57:46.488  INFO  util.ActivityLogger - class com.dotmarketing.util.ActivityLogger: system : Save Field Action , User system/system user added field Pixel Ratio to Device Structure.
2023-08-04 12:57:46,508 INFO  [com.dot.ContainerResource] (docker-java-stream-1865446083) STDOUT: 12:57:46.508  INFO  util.ActivityLogger - class com.dotmarketing.util.ActivityLogger: system : Save Field Action , User system/system user added field Physical ppi to Device Structure.
2023-08-04 12:57:46,529 INFO  [com.dot.ContainerResource] (docker-java-stream-1865446083) STDOUT: 12:57:46.529  INFO  util.ActivityLogger - class com.dotmarketing.util.ActivityLogger: system : Save Field Action , User system/system user added field CSS ppi to Device Structure.
2023-08-04 12:57:46,542 INFO  [com.dot.ContainerResource] (docker-java-stream-1865446083) STDOUT: 12:57:46.542  INFO  util.ActivityLogger - class com.dotcms.contenttype.business.ContentTypeAPIImpl: system : Save ContentType Action , User system/system user system user added ContentType Device to host id:SYSTEM_HOST
2023-08-04 12:57:46,543 INFO  [com.dot.ContainerResource] (docker-java-stream-1865446083) STDOUT: 12:57:46.543  INFO  business.ContentTypeAPIImpl - UserId : system : ContentType : ContentType saved : Device
2023-08-04 12:57:46,543 INFO  [com.dot.ContainerResource] (docker-java-stream-1865446083) STDOUT: 12:57:46.543  INFO  util.AdminLogger - UserId : system : class com.dotcms.contenttype.business.ContentTypeAPIImpl : ContentType : ContentType saved : Device
2023-08-04 12:57:46,545 INFO  [com.dot.ContainerResource] (docker-java-stream-1865446083) STDOUT: 12:57:46.545  INFO  starter.ImportStarterUtil - **** Importing the file: /data/local/dotsecure/backup/temp/com.dotmarketing.portlets.contentlet.model.Contentlet_0000000000.json *****
2023-08-04 12:57:46,545 INFO  [com.dot.ContainerResource] (docker-java-stream-1865446083) STDOUT: 12:57:46.545  INFO  starter.ImportStarterUtil - Importing:	com.dotmarketing.portlets.contentlet.model.Contentlet
2023-08-04 12:57:46,785 INFO  [com.dot.ContainerResource] (docker-java-stream-1865446083) STDOUT: 12:57:46.784  INFO  starter.ImportStarterUtil - Found :	5 com.dotmarketing.portlets.contentlet.model.Contentlet(s)
2023-08-04 12:57:46,953 INFO  [com.dot.ContainerResource] (docker-java-stream-1865446083) STDOUT: 12:57:46.953  INFO  timedcache.TimedCacheProvider - ***	 Building Cache : esquerycache, size:10000, seconds:3600,Concurrency:32 (every 60000 millis)
2023-08-04 12:57:47,443 INFO  [com.dot.ContainerResource] (docker-java-stream-1865446083) STDOUT: 12:57:47.443  INFO  util.SecurityLogger - class com.dotmarketing.portlets.workflows.business.WorkflowAPIImpl : Workflow Scheme 'System Workflow' [d61a59e1-a49c-46f2-a929-db2b4bfa88b2] has been saved by User ID 'system' -- ip:ukn,user:null
2023-08-04 12:57:47,450 INFO  [com.dot.ContainerResource] (docker-java-stream-1865446083) STDOUT: 12:57:47.449  INFO  util.SecurityLogger - class com.dotmarketing.portlets.workflows.business.WorkflowAPIImpl : Workflow Step 'New' [6cb7e3bd-1710-4eed-8838-d3db60f78f19] has been saved by User ID 'system' -- ip:ukn,user:null
2023-08-04 12:57:47,453 INFO  [com.dot.ContainerResource] (docker-java-stream-1865446083) STDOUT: 12:57:47.452  INFO  util.SecurityLogger - class com.dotmarketing.portlets.workflows.business.WorkflowAPIImpl : Workflow Step 'Draft' [ee24a4cb-2d15-4c98-b1bd-6327126451f3] has been saved by User ID 'system' -- ip:ukn,user:null
2023-08-04 12:57:47,455 INFO  [com.dot.ContainerResource] (docker-java-stream-1865446083) STDOUT: 12:57:47.455  INFO  util.SecurityLogger - class com.dotmarketing.portlets.workflows.business.WorkflowAPIImpl : Workflow Step 'Published' [dc3c9cd0-8467-404b-bf95-cb7df3fbc293] has been saved by User ID 'system' -- ip:ukn,user:null
2023-08-04 12:57:47,457 INFO  [com.dot.ContainerResource] (docker-java-stream-1865446083) STDOUT: 12:57:47.457  INFO  util.SecurityLogger - class com.dotmarketing.portlets.workflows.business.WorkflowAPIImpl : Workflow Step 'Archived' [d6b095b6-b65f-4bdb-bbfd-701d663dfee2] has been saved by User ID 'system' -- ip:ukn,user:null
2023-08-04 12:57:47,463 INFO  [com.dot.ContainerResource] (docker-java-stream-1865446083) STDOUT: 12:57:47.463  INFO  util.SecurityLogger - class com.dotmarketing.portlets.workflows.business.WorkflowAPIImpl : Action id: '4da13a42-5d59-480c-ad8f-94a3adf809fe' has been reordered by user: system -- ip:ukn,user:null
2023-08-04 12:57:47,471 INFO  [com.dot.ContainerResource] (docker-java-stream-1865446083) STDOUT: 12:57:47.471  INFO  util.SecurityLogger - class com.dotmarketing.portlets.workflows.business.WorkflowAPIImpl : Action id: '963f6a04-5320-42e7-ab74-6d876d199946' has been reordered by user: system -- ip:ukn,user:null
2023-08-04 12:57:47,475 INFO  [com.dot.ContainerResource] (docker-java-stream-1865446083) STDOUT: 12:57:47.475  INFO  util.SecurityLogger - class com.dotmarketing.portlets.workflows.business.WorkflowAPIImpl : Action id: '777f1c6b-c877-4a37-ba4b-10627316c2cc' has been reordered by user: system -- ip:ukn,user:null
2023-08-04 12:57:47,479 INFO  [com.dot.ContainerResource] (docker-java-stream-1865446083) STDOUT: 12:57:47.479  INFO  util.SecurityLogger - class com.dotmarketing.portlets.workflows.business.WorkflowAPIImpl : Action id: '1e0f1c6b-b67f-4c99-983d-db2b4bfa88b2' has been reordered by user: system -- ip:ukn,user:null
2023-08-04 12:57:47,485 INFO  [com.dot.ContainerResource] (docker-java-stream-1865446083) STDOUT: 12:57:47.485  INFO  util.SecurityLogger - class com.dotmarketing.portlets.workflows.business.WorkflowAPIImpl : Action id: 'bc477b07-8f84-48d2-85b8-20d07512af4b' has been reordered by user: system -- ip:ukn,user:null
2023-08-04 12:57:47,489 INFO  [com.dot.ContainerResource] (docker-java-stream-1865446083) STDOUT: 12:57:47.489  INFO  util.SecurityLogger - class com.dotmarketing.portlets.workflows.business.WorkflowAPIImpl : Action id: 'b9d89c80-3d88-4311-8365-187323c96436' has been reordered by user: system -- ip:ukn,user:null
2023-08-04 12:57:47,492 INFO  [com.dot.ContainerResource] (docker-java-stream-1865446083) STDOUT: 12:57:47.492  INFO  util.SecurityLogger - class com.dotmarketing.portlets.workflows.business.WorkflowAPIImpl : Action id: 'ceca71a0-deee-4999-bd47-b01baa1bcfc8' has been reordered by user: system -- ip:ukn,user:null
2023-08-04 12:57:47,495 INFO  [com.dot.ContainerResource] (docker-java-stream-1865446083) STDOUT: 12:57:47.495  INFO  util.SecurityLogger - class com.dotmarketing.portlets.workflows.business.WorkflowAPIImpl : Action id: 'c92f9aa1-9503-4567-ac30-d3242b54d02d' has been reordered by user: system -- ip:ukn,user:null
2023-08-04 12:57:47,498 INFO  [com.dot.ContainerResource] (docker-java-stream-1865446083) STDOUT: 12:57:47.498  INFO  util.SecurityLogger - class com.dotmarketing.portlets.workflows.business.WorkflowAPIImpl : Action id: '38efc763-d78f-4e4b-b092-59cd8c579b93' has been reordered by user: system -- ip:ukn,user:null
2023-08-04 12:57:47,518 INFO  [com.dot.ContainerResource] (docker-java-stream-1865446083) STDOUT: 12:57:47.517  INFO  util.SecurityLogger - class com.dotmarketing.portlets.workflows.business.WorkflowAPIImpl : The action id: 'ceca71a0-deee-4999-bd47-b01baa1bcfc8' has been saved by the user: system -- ip:ukn,user:null
2023-08-04 12:57:47,523 INFO  [com.dot.ContainerResource] (docker-java-stream-1865446083) STDOUT: 12:57:47.523  INFO  util.SecurityLogger - class com.dotmarketing.portlets.workflows.business.WorkflowAPIImpl : The action id: 'b9d89c80-3d88-4311-8365-187323c96436' has been saved by the user: system -- ip:ukn,user:null
2023-08-04 12:57:47,527 INFO  [com.dot.ContainerResource] (docker-java-stream-1865446083) STDOUT: 12:57:47.527  INFO  util.SecurityLogger - class com.dotmarketing.portlets.workflows.business.WorkflowAPIImpl : The action id: '777f1c6b-c877-4a37-ba4b-10627316c2cc' has been saved by the user: system -- ip:ukn,user:null
2023-08-04 12:57:47,544 INFO  [com.dot.ContainerResource] (docker-java-stream-1865446083) STDOUT: 12:57:47.544  INFO  util.SecurityLogger - class com.dotmarketing.portlets.workflows.business.WorkflowAPIImpl : The action id: '963f6a04-5320-42e7-ab74-6d876d199946' has been saved by the user: system -- ip:ukn,user:null
2023-08-04 12:57:47,555 INFO  [com.dot.ContainerResource] (docker-java-stream-1865446083) STDOUT: 12:57:47.554  INFO  util.SecurityLogger - class com.dotmarketing.portlets.workflows.business.WorkflowAPIImpl : The action id: 'ceca71a0-deee-4999-bd47-b01baa1bcfc8' has been saved by the user: system -- ip:ukn,user:null
2023-08-04 12:57:47,559 INFO  [com.dot.ContainerResource] (docker-java-stream-1865446083) STDOUT: 12:57:47.559  INFO  util.SecurityLogger - class com.dotmarketing.portlets.workflows.business.WorkflowAPIImpl : The action id: '38efc763-d78f-4e4b-b092-59cd8c579b93' has been saved by the user: system -- ip:ukn,user:null
2023-08-04 12:57:47,564 INFO  [com.dot.ContainerResource] (docker-java-stream-1865446083) STDOUT: 12:57:47.564  INFO  util.SecurityLogger - class com.dotmarketing.portlets.workflows.business.WorkflowAPIImpl : The action id: '4da13a42-5d59-480c-ad8f-94a3adf809fe' has been saved by the user: system -- ip:ukn,user:null
2023-08-04 12:57:47,571 INFO  [com.dot.ContainerResource] (docker-java-stream-1865446083) STDOUT: 12:57:47.571  INFO  util.SecurityLogger - class com.dotmarketing.portlets.workflows.business.WorkflowAPIImpl : The action id: 'b9d89c80-3d88-4311-8365-187323c96436' has been saved by the user: system -- ip:ukn,user:null
2023-08-04 12:57:47,583 INFO  [com.dot.ContainerResource] (docker-java-stream-1865446083) STDOUT: 12:57:47.583  INFO  util.SecurityLogger - class com.dotmarketing.portlets.workflows.business.WorkflowAPIImpl : The action id: 'bc477b07-8f84-48d2-85b8-20d07512af4b' has been saved by the user: system -- ip:ukn,user:null
2023-08-04 12:57:47,586 INFO  [com.dot.ContainerResource] (docker-java-stream-1865446083) STDOUT: 12:57:47.586  INFO  util.SecurityLogger - class com.dotmarketing.portlets.workflows.business.WorkflowAPIImpl : The action id: '963f6a04-5320-42e7-ab74-6d876d199946' has been saved by the user: system -- ip:ukn,user:null
2023-08-04 12:57:47,589 INFO  [com.dot.ContainerResource] (docker-java-stream-1865446083) STDOUT: 12:57:47.588  INFO  util.SecurityLogger - class com.dotmarketing.portlets.workflows.business.WorkflowAPIImpl : The action id: 'ceca71a0-deee-4999-bd47-b01baa1bcfc8' has been saved by the user: system -- ip:ukn,user:null
2023-08-04 12:57:47,591 INFO  [com.dot.ContainerResource] (docker-java-stream-1865446083) STDOUT: 12:57:47.591  INFO  util.SecurityLogger - class com.dotmarketing.portlets.workflows.business.WorkflowAPIImpl : The action id: '38efc763-d78f-4e4b-b092-59cd8c579b93' has been saved by the user: system -- ip:ukn,user:null
2023-08-04 12:57:47,594 INFO  [com.dot.ContainerResource] (docker-java-stream-1865446083) STDOUT: 12:57:47.594  INFO  util.SecurityLogger - class com.dotmarketing.portlets.workflows.business.WorkflowAPIImpl : The action id: '4da13a42-5d59-480c-ad8f-94a3adf809fe' has been saved by the user: system -- ip:ukn,user:null
2023-08-04 12:57:47,596 INFO  [com.dot.ContainerResource] (docker-java-stream-1865446083) STDOUT: 12:57:47.596  INFO  util.SecurityLogger - class com.dotmarketing.portlets.workflows.business.WorkflowAPIImpl : The action id: 'b9d89c80-3d88-4311-8365-187323c96436' has been saved by the user: system -- ip:ukn,user:null
2023-08-04 12:57:47,599 INFO  [com.dot.ContainerResource] (docker-java-stream-1865446083) STDOUT: 12:57:47.598  INFO  util.SecurityLogger - class com.dotmarketing.portlets.workflows.business.WorkflowAPIImpl : The action id: 'bc477b07-8f84-48d2-85b8-20d07512af4b' has been saved by the user: system -- ip:ukn,user:null
2023-08-04 12:57:47,607 INFO  [com.dot.ContainerResource] (docker-java-stream-1865446083) STDOUT: 12:57:47.607  INFO  util.SecurityLogger - class com.dotmarketing.portlets.workflows.business.WorkflowAPIImpl : The action id: 'c92f9aa1-9503-4567-ac30-d3242b54d02d' has been saved by the user: system -- ip:ukn,user:null
2023-08-04 12:57:47,610 INFO  [com.dot.ContainerResource] (docker-java-stream-1865446083) STDOUT: 12:57:47.610  INFO  util.SecurityLogger - class com.dotmarketing.portlets.workflows.business.WorkflowAPIImpl : The action id: '777f1c6b-c877-4a37-ba4b-10627316c2cc' has been saved by the user: system -- ip:ukn,user:null
2023-08-04 12:57:47,613 INFO  [com.dot.ContainerResource] (docker-java-stream-1865446083) STDOUT: 12:57:47.612  INFO  util.SecurityLogger - class com.dotmarketing.portlets.workflows.business.WorkflowAPIImpl : The action id: '1e0f1c6b-b67f-4c99-983d-db2b4bfa88b2' has been saved by the user: system -- ip:ukn,user:null
2023-08-04 12:57:47,673 INFO  [com.dot.ContainerResource] (docker-java-stream-1865446083) STDOUT: 12:57:47.672  INFO  util.SecurityLogger - class com.dotmarketing.portlets.workflows.business.WorkflowAPIImpl : Saving class parameters by the user: system -- ip:ukn,user:null
2023-08-04 12:57:47,686 INFO  [com.dot.ContainerResource] (docker-java-stream-1865446083) STDOUT: 12:57:47.683  INFO  starter.ImportStarterUtil - **** Importing the file: /data/local/dotsecure/backup/temp/com.dotmarketing.beans.Permission_0000000000.json *****
2023-08-04 12:57:47,686 INFO  [com.dot.ContainerResource] (docker-java-stream-1865446083) STDOUT: 12:57:47.683  INFO  starter.ImportStarterUtil - Importing:	com.dotmarketing.beans.Permission
2023-08-04 12:57:47,687 INFO  [com.dot.ContainerResource] (docker-java-stream-1865446083) STDOUT: 12:57:47.686  INFO  starter.ImportStarterUtil - Found :	21 com.dotmarketing.beans.Permission(s)
2023-08-04 12:57:47,701 INFO  [com.dot.ContainerResource] (docker-java-stream-1865446083) STDOUT: 12:57:47.700  INFO  starter.ImportStarterUtil - **** Importing the file: /data/local/dotsecure/backup/temp/com.dotmarketing.portlets.contentlet.model.ContentletVersionInfo_0000000000.json *****
2023-08-04 12:57:47,701 INFO  [com.dot.ContainerResource] (docker-java-stream-1865446083) STDOUT: 12:57:47.700  INFO  starter.ImportStarterUtil - Importing:	com.dotmarketing.portlets.contentlet.model.ContentletVersionInfo
2023-08-04 12:57:47,702 INFO  [com.dot.ContainerResource] (docker-java-stream-1865446083) STDOUT: 12:57:47.702  INFO  starter.ImportStarterUtil - Found :	3 com.dotmarketing.portlets.contentlet.model.ContentletVersionInfo(s)
2023-08-04 12:57:47,759 INFO  [com.dot.ContainerResource] (docker-java-stream-1865446083) STDOUT: 12:57:47.758  INFO  starter.ImportStarterUtil - **** Importing the file: /data/local/dotsecure/backup/temp/com.dotmarketing.portlets.workflows.model.WorkflowTask_0000000000.json *****
2023-08-04 12:57:47,759 INFO  [com.dot.ContainerResource] (docker-java-stream-1865446083) STDOUT: 12:57:47.759  INFO  starter.ImportStarterUtil - Importing:	com.dotmarketing.portlets.workflows.model.WorkflowTask
2023-08-04 12:57:47,768 INFO  [com.dot.ContainerResource] (docker-java-stream-1865446083) STDOUT: 12:57:47.768  INFO  starter.ImportStarterUtil - Found :	1 com.dotmarketing.portlets.workflows.model.WorkflowTask(s)
2023-08-04 12:57:47,773 INFO  [com.dot.ContainerResource] (docker-java-stream-1865446083) STDOUT: 12:57:47.773  INFO  starter.ImportStarterUtil - **** Importing the file: /data/local/dotsecure/backup/temp/Image.json *****
2023-08-04 12:57:47,774 INFO  [com.dot.ContainerResource] (docker-java-stream-1865446083) STDOUT: 12:57:47.773  INFO  starter.ImportStarterUtil - Importing:	Image
2023-08-04 12:57:53,292 INFO  [com.dot.ContainerResource] (docker-java-stream-1865446083) STDOUT: 12:57:53.292  INFO  starter.ImportStarterUtil - Found :	1 Image(s)
2023-08-04 12:57:53,295 INFO  [com.dot.ContainerResource] (docker-java-stream-1865446083) STDOUT: 12:57:53.294  INFO  starter.ImportStarterUtil - **** Importing the file: /data/local/dotsecure/backup/temp/Portlet.json *****
2023-08-04 12:57:53,296 INFO  [com.dot.ContainerResource] (docker-java-stream-1865446083) STDOUT: 12:57:53.294  INFO  starter.ImportStarterUtil - Importing:	Portlet
2023-08-04 12:57:53,296 INFO  [com.dot.ContainerResource] (docker-java-stream-1865446083) STDOUT: 12:57:53.294  INFO  starter.ImportStarterUtil - Found :	3 Portlet(s)
2023-08-04 12:57:53,300 INFO  [com.dot.ContainerResource] (docker-java-stream-1865446083) STDOUT: 12:57:53.300  INFO  starter.ImportStarterUtil - Done Importing
2023-08-04 12:57:53,309 INFO  [com.dot.ContainerResource] (docker-java-stream-1865446083) STDOUT: 12:57:53.309  INFO  runonce.Task210321RemoveOldMetadataFiles -  executing metadata clean up under path /data/shared/assets
2023-08-04 12:57:53,314 INFO  [com.dot.ContainerResource] (docker-java-stream-1865446083) STDOUT: 12:57:53.314  INFO  db.DotCMSInitDb -  `1` old metadata entries removed and `0` old content files from the starter.
2023-08-04 12:57:53,315 INFO  [com.dot.ContainerResource] (docker-java-stream-1865446083) STDOUT: 12:57:53.315  INFO  timedcache.TimedCacheProvider - ===== Initializing [Timed Cache Provider].
2023-08-04 12:57:53,316 INFO  [com.dot.ContainerResource] (docker-java-stream-1865446083) STDOUT: 12:57:53.315  INFO  timedcache.TimedCacheProvider - ***	 Cache Config Memory : esquerycache: 10000
2023-08-04 12:57:53,316 INFO  [com.dot.ContainerResource] (docker-java-stream-1865446083) STDOUT: 12:57:53.315  INFO  timedcache.TimedCacheProvider - ***	 Cache Config Memory : esquerycountcache: 10000
2023-08-04 12:57:53,316 INFO  [com.dot.ContainerResource] (docker-java-stream-1865446083) STDOUT: 12:57:53.315  INFO  timedcache.TimedCacheProvider - ***	 Cache Config Memory : graphqlquerycache: 5000
2023-08-04 12:57:53,317 INFO  [com.dot.ContainerResource] (docker-java-stream-1865446083) STDOUT: 12:57:53.315  INFO  timedcache.TimedCacheProvider - ***	 Cache Config Memory : default: 1000
2023-08-04 12:57:53,317 INFO  [com.dot.ContainerResource] (docker-java-stream-1865446083) STDOUT: 12:57:53.315  INFO  timedcache.TimedCacheProvider - ***	 Cache Config Memory : adminconfigpool: 100
2023-08-04 12:57:53,317 INFO  [com.dot.ContainerResource] (docker-java-stream-1865446083) STDOUT: 12:57:53.315  INFO  timedcache.TimedCacheProvider - ***	 Cache Config Memory : companypool: 10
2023-08-04 12:57:53,318 INFO  [com.dot.ContainerResource] (docker-java-stream-1865446083) STDOUT: 12:57:53.315  INFO  timedcache.TimedCacheProvider - ***	 Cache Config Memory : contentletcache: 5000
2023-08-04 12:57:53,318 INFO  [com.dot.ContainerResource] (docker-java-stream-1865446083) STDOUT: 12:57:53.315  INFO  timedcache.TimedCacheProvider - ***	 Cache Config Memory : categoryparentscache: 30000
2023-08-04 12:57:53,318 INFO  [com.dot.ContainerResource] (docker-java-stream-1865446083) STDOUT: 12:57:53.315  INFO  timedcache.TimedCacheProvider - ***	 Cache Config Memory : taginodecache: 50000
2023-08-04 12:57:53,318 INFO  [com.dot.ContainerResource] (docker-java-stream-1865446083) STDOUT: 12:57:53.316  INFO  timedcache.TimedCacheProvider - ***	 Cache Config Memory : taginodesbyinodecache: 50000
2023-08-04 12:57:53,319 INFO  [com.dot.ContainerResource] (docker-java-stream-1865446083) STDOUT: 12:57:53.316  INFO  timedcache.TimedCacheProvider - ***	 Cache Config Memory : tagcache: 50000
2023-08-04 12:57:53,319 INFO  [com.dot.ContainerResource] (docker-java-stream-1865446083) STDOUT: 12:57:53.316  INFO  timedcache.TimedCacheProvider - ***	 Cache Config Memory : csscache: 2500
2023-08-04 12:57:53,319 INFO  [com.dot.ContainerResource] (docker-java-stream-1865446083) STDOUT: 12:57:53.316  INFO  timedcache.TimedCacheProvider - ***	 Cache Config Memory : assetmetadatacache: 10000
2023-08-04 12:57:53,319 INFO  [com.dot.ContainerResource] (docker-java-stream-1865446083) STDOUT: 12:57:53.316  INFO  timedcache.TimedCacheProvider - ***	 Cache Config Memory : identifiercache: 50000
2023-08-04 12:57:53,320 INFO  [com.dot.ContainerResource] (docker-java-stream-1865446083) STDOUT: 12:57:53.316  INFO  timedcache.TimedCacheProvider - ***	 Cache Config Memory : identifier404cache: 30000
2023-08-04 12:57:53,320 INFO  [com.dot.ContainerResource] (docker-java-stream-1865446083) STDOUT: 12:57:53.316  INFO  timedcache.TimedCacheProvider - ***	 Cache Config Memory : indiciescache: 8
2023-08-04 12:57:53,321 INFO  [com.dot.ContainerResource] (docker-java-stream-1865446083) STDOUT: 12:57:53.316  INFO  timedcache.TimedCacheProvider - ***	 Cache Config Memory : logmappercache: 10
2023-08-04 12:57:53,321 INFO  [com.dot.ContainerResource] (docker-java-stream-1865446083) STDOUT: 12:57:53.316  INFO  timedcache.TimedCacheProvider - ***	 Cache Config Memory : navcache: 1000
2023-08-04 12:57:53,325 INFO  [com.dot.ContainerResource] (docker-java-stream-1865446083) STDOUT: 12:57:53.316  INFO  timedcache.TimedCacheProvider - ***	 Cache Config Memory : parentpermissionablecache: 10000
2023-08-04 12:57:53,327 INFO  [com.dot.ContainerResource] (docker-java-stream-1865446083) STDOUT: 12:57:53.316  INFO  timedcache.TimedCacheProvider - ***	 Cache Config Memory : permissioncache: 50000
2023-08-04 12:57:53,328 INFO  [com.dot.ContainerResource] (docker-java-stream-1865446083) STDOUT: 12:57:53.316  INFO  timedcache.TimedCacheProvider - ***	 Cache Config Memory : portletpool: 100
2023-08-04 12:57:53,328 INFO  [com.dot.ContainerResource] (docker-java-stream-1865446083) STDOUT: 12:57:53.317  INFO  timedcache.TimedCacheProvider - ***	 Cache Config Memory : publishingendpointcache: 100
2023-08-04 12:57:53,328 INFO  [com.dot.ContainerResource] (docker-java-stream-1865446083) STDOUT: 12:57:53.317  INFO  timedcache.TimedCacheProvider - ***	 Cache Config Memory : pushedassetscache: 5000
2023-08-04 12:57:53,328 INFO  [com.dot.ContainerResource] (docker-java-stream-1865446083) STDOUT: 12:57:53.317  INFO  timedcache.TimedCacheProvider - ***	 Cache Config Memory : templatecache: 500
2023-08-04 12:57:53,329 INFO  [com.dot.ContainerResource] (docker-java-stream-1865446083) STDOUT: 12:57:53.317  INFO  timedcache.TimedCacheProvider - ***	 Cache Config Memory : translatedquerycache: 5000
2023-08-04 12:57:53,329 INFO  [com.dot.ContainerResource] (docker-java-stream-1865446083) STDOUT: 12:57:53.317  INFO  timedcache.TimedCacheProvider - ***	 Cache Config Memory : versioncache: 50000
2023-08-04 12:57:53,329 INFO  [com.dot.ContainerResource] (docker-java-stream-1865446083) STDOUT: 12:57:53.317  INFO  timedcache.TimedCacheProvider - ***	 Cache Config Memory : versioninfocache: 50000
2023-08-04 12:57:53,331 INFO  [com.dot.ContainerResource] (docker-java-stream-1865446083) STDOUT: 12:57:53.317  INFO  timedcache.TimedCacheProvider - ***	 Cache Config Memory : workflowactioncache: 10000
2023-08-04 12:57:53,332 INFO  [com.dot.ContainerResource] (docker-java-stream-1865446083) STDOUT: 12:57:53.317  INFO  timedcache.TimedCacheProvider - ***	 Cache Config Memory : workflowtaskcache: 10000
2023-08-04 12:57:53,332 INFO  [com.dot.ContainerResource] (docker-java-stream-1865446083) STDOUT: 12:57:53.317  INFO  timedcache.TimedCacheProvider - ***	 Cache Config Memory : shortyidcache: 25000
2023-08-04 12:57:53,332 INFO  [com.dot.ContainerResource] (docker-java-stream-1865446083) STDOUT: 12:57:53.317  INFO  timedcache.TimedCacheProvider - ***	 Cache Config Memory : velocitycache: 5000
2023-08-04 12:57:53,337 INFO  [com.dot.ContainerResource] (docker-java-stream-1865446083) STDOUT: 12:57:53.317  INFO  timedcache.TimedCacheProvider - ***	 Cache Config Memory : vanityurldirectcache: 25000
2023-08-04 12:57:53,337 INFO  [com.dot.ContainerResource] (docker-java-stream-1865446083) STDOUT: 12:57:53.317  INFO  timedcache.TimedCacheProvider - ***	 Cache Config Memory : vanityurlsitecache: 5000
2023-08-04 12:57:53,337 INFO  [com.dot.ContainerResource] (docker-java-stream-1865446083) STDOUT: 12:57:53.317  INFO  h22.H22Cache - Start Full Cache Flush in h22
2023-08-04 12:57:53,337 INFO  [com.dot.ContainerResource] (docker-java-stream-1865446083) STDOUT: 12:57:53.317  INFO  h22.H22Cache - Building new H22 Cache, db:0
2023-08-04 12:57:53,337 INFO  [com.dot.ContainerResource] (docker-java-stream-1865446083) STDOUT: 12:57:53.318  INFO  h22.H22HikariPool - H22 on disk cache:jdbc:h2:/data/local/dotsecure/h22cache/0/2023-08-04_12-57-53/cache;MVCC=TRUE;DB_CLOSE_ON_EXIT=FALSE
2023-08-04 12:57:53,401 INFO  [com.dot.ContainerResource] (docker-java-stream-1865446083) STDOUT: 12:57:53.399  INFO  h22.H22Cache - Building new H22 Cache, db:1
2023-08-04 12:57:53,404 INFO  [com.dot.ContainerResource] (docker-java-stream-1865446083) STDOUT: 12:57:53.399  INFO  h22.H22HikariPool - H22 on disk cache:jdbc:h2:/data/local/dotsecure/h22cache/1/2023-08-04_12-57-53/cache;MVCC=TRUE;DB_CLOSE_ON_EXIT=FALSE
2023-08-04 12:57:53,524 INFO  [com.dot.ContainerResource] (docker-java-stream-1865446083) STDOUT: 12:57:53.516  INFO  h22.H22Cache - End Full Cache Flush in h22 : 199ms
2023-08-04 12:57:53,568 INFO  [com.dot.ContainerResource] (docker-java-stream-1865446083) STDOUT: 12:57:53.567  INFO  reindex.ReindexThread - --- Recreating ReindexThread from stopped
2023-08-04 12:57:53,579 INFO  [com.dot.ContainerResource] (docker-java-stream-1865446083) STDOUT: 12:57:53.578  INFO  framework.OSGISystem - Starting: OSGi System Framework
2023-08-04 12:57:53,580 INFO  [com.dot.ContainerResource] (docker-java-stream-1865446083) STDOUT: 12:57:53.580  INFO  framework.OSGISystem - Felix System base dir: /srv/dotserver/tomcat-9.0.60/webapps/ROOT/WEB-INF/felix-system
2023-08-04 12:57:53,587 INFO  [com.dot.ContainerResource] (docker-java-stream-1865446083) STDOUT: 12:57:53.587  INFO  framework.OSGIUtil - Loading Factory org.apache.felix.framework.FrameworkFactory
2023-08-04 12:57:54,028 INFO  [com.dot.ContainerResource] (docker-java-stream-1865446083) STDOUT: SAML OSGI STARTING INIT.....
2023-08-04 12:57:54,028 INFO  [com.dot.ContainerResource] (docker-java-stream-1865446083) STDOUT: SAML version: 21.04, build number: 1
2023-08-04 12:57:54,030 INFO  [com.dot.ContainerResource] (docker-java-stream-1865446083) STDOUT: 12:57:54.029  INFO  init.SamlInitializer - SAML Init STARTED...
2023-08-04 12:57:54,948 INFO  [com.dot.ContainerResource] (docker-java-stream-1865446083) STDOUT: 12:57:54.947  INFO  init.SamlInitializer - Doing instance of Java Crypto validator
2023-08-04 12:57:54,949 INFO  [com.dot.ContainerResource] (docker-java-stream-1865446083) STDOUT: 12:57:54.947  INFO  init.SamlInitializer - Getting the Security Providers
2023-08-04 12:57:54,949 INFO  [com.dot.ContainerResource] (docker-java-stream-1865446083) STDOUT: 12:57:54.947  INFO  init.SamlInitializer - - SUN (DSA key/parameter generation; DSA signing; SHA-1, MD5 digests; SecureRandom; X.509 certificates; PKCS12, JKS & DKS keystores; PKIX CertPathValidator; PKIX CertPathBuilder; LDAP, Collection CertStores, JavaPolicy Policy; JavaLoginConfig Configuration)
2023-08-04 12:57:54,950 INFO  [com.dot.ContainerResource] (docker-java-stream-1865446083) STDOUT: 12:57:54.947  INFO  init.SamlInitializer - - Sun RSA signature provider
2023-08-04 12:57:54,950 INFO  [com.dot.ContainerResource] (docker-java-stream-1865446083) STDOUT: 12:57:54.948  INFO  init.SamlInitializer - - Sun Elliptic Curve provider (EC, ECDSA, ECDH)
2023-08-04 12:57:54,950 INFO  [com.dot.ContainerResource] (docker-java-stream-1865446083) STDOUT: 12:57:54.948  INFO  init.SamlInitializer - - Sun JSSE provider(PKCS12, SunX509/PKIX key/trust factories, SSLv3/TLSv1/TLSv1.1/TLSv1.2/TLSv1.3/DTLSv1.0/DTLSv1.2)
2023-08-04 12:57:54,951 INFO  [com.dot.ContainerResource] (docker-java-stream-1865446083) STDOUT: 12:57:54.948  INFO  init.SamlInitializer - - SunJCE Provider (implements RSA, DES, Triple DES, AES, Blowfish, ARCFOUR, RC2, PBE, Diffie-Hellman, HMAC, ChaCha20)
2023-08-04 12:57:54,951 INFO  [com.dot.ContainerResource] (docker-java-stream-1865446083) STDOUT: 12:57:54.948  INFO  init.SamlInitializer - - Sun (Kerberos v5, SPNEGO)
2023-08-04 12:57:54,951 INFO  [com.dot.ContainerResource] (docker-java-stream-1865446083) STDOUT: 12:57:54.948  INFO  init.SamlInitializer - - Sun SASL provider(implements client mechanisms for: DIGEST-MD5, EXTERNAL, PLAIN, CRAM-MD5, NTLM; server mechanisms for: DIGEST-MD5, CRAM-MD5, NTLM)
2023-08-04 12:57:54,954 INFO  [com.dot.ContainerResource] (docker-java-stream-1865446083) STDOUT: 12:57:54.948  INFO  init.SamlInitializer - - JdkLDAP Provider (implements LDAP CertStore)
2023-08-04 12:57:54,954 INFO  [com.dot.ContainerResource] (docker-java-stream-1865446083) STDOUT: 12:57:54.948  INFO  init.SamlInitializer - Doing Init of SignatureValidationProvider
2023-08-04 12:57:54,954 INFO  [com.dot.ContainerResource] (docker-java-stream-1865446083) STDOUT: 12:57:54.950  INFO  init.SamlInitializer - SAML Init DONE
2023-08-04 12:57:54,954 INFO  [com.dot.ContainerResource] (docker-java-stream-1865446083) STDOUT: 12:57:54.950  INFO  init.SamlInitializer - Setting basic parser pool
2023-08-04 12:57:54,965 INFO  [com.dot.ContainerResource] (docker-java-stream-1865446083) STDOUT: 12:57:54.964  INFO  osgi.Activator - Adding the SAML Web Filter
2023-08-04 12:57:55,025 INFO  [com.dot.ContainerResource] (docker-java-stream-1865446083) STDERR: 04-Aug-2023 12:57:55.023 INFO [FelixStartLevel] org.apache.catalina.core.ApplicationContext.log org.tuckey.web.filters.urlrewrite.UrlRewriteFilter INFO: loaded (conf ok)
2023-08-04 12:57:55,030 INFO  [com.dot.ContainerResource] (docker-java-stream-1865446083) STDOUT: 12:57:55.029  INFO  osgi.Activator - Adding the SAML Web Service: com.dotcms.auth.providers.saml.v1.DotSamlResource
2023-08-04 12:57:55,417 INFO  [com.dot.ContainerResource] (docker-java-stream-1865446083) STDERR: 04-Aug-2023 12:57:55.415 WARNING [FelixStartLevel] org.glassfish.jersey.internal.Errors.logErrors The following warnings have been detected: HINT: A HTTP GET method, public final void com.dotcms.rest.api.v1.categories.CategoriesResource.export(javax.servlet.http.HttpServletRequest,javax.servlet.http.HttpServletResponse,java.lang.String,java.lang.String) throws com.dotmarketing.exception.DotDataException,com.dotmarketing.exception.DotSecurityException,java.io.IOException, returns a void type. It can be intentional and perfectly fine, but it is a little uncommon that GET method returns always "204 No Content".
2023-08-04 12:57:55,417 INFO  [com.dot.ContainerResource] (docker-java-stream-1865446083) STDERR: WARNING: The (sub)resource method findVersions in com.dotcms.rest.api.v1.content.ContentVersionResource contains empty path annotation.
2023-08-04 12:57:55,417 INFO  [com.dot.ContainerResource] (docker-java-stream-1865446083) STDERR: WARNING: The (sub)resource method getJvmInfo in com.dotcms.rest.api.v1.maintenance.JVMInfoResource contains empty path annotation.
2023-08-04 12:57:55,417 INFO  [com.dot.ContainerResource] (docker-java-stream-1865446083) STDERR: WARNING: A HTTP GET method, public javax.ws.rs.core.Response com.dotcms.rest.elasticsearch.ESContentResourcePortlet.search(javax.servlet.http.HttpServletRequest,javax.servlet.http.HttpServletResponse,java.lang.String,java.lang.String,boolean,boolean) throws com.dotmarketing.exception.DotDataException,com.dotmarketing.exception.DotSecurityException, should not consume any entity.
2023-08-04 12:57:55,417 INFO  [com.dot.ContainerResource] (docker-java-stream-1865446083) STDERR: HINT: A HTTP GET method, public void com.dotcms.auth.providers.saml.v1.DotSamlResource.logoutGet(java.lang.String,javax.servlet.http.HttpServletRequest,javax.servlet.http.HttpServletResponse) throws java.io.IOException,java.net.URISyntaxException, returns a void type. It can be intentional and perfectly fine, but it is a little uncommon that GET method returns always "204 No Content".
2023-08-04 12:57:55,417 INFO  [com.dot.ContainerResource] (docker-java-stream-1865446083) STDERR: HINT: A HTTP GET method, public void com.dotcms.auth.providers.saml.v1.DotSamlResource.metadata(java.lang.String,javax.servlet.http.HttpServletRequest,javax.servlet.http.HttpServletResponse) throws java.io.IOException, returns a void type. It can be intentional and perfectly fine, but it is a little uncommon that GET method returns always "204 No Content".
2023-08-04 12:57:55,417 INFO  [com.dot.ContainerResource] (docker-java-stream-1865446083) STDERR: WARNING: The (sub)resource method createApp in com.dotcms.rest.api.v1.apps.AppsResource contains empty path annotation.
2023-08-04 12:57:55,417 INFO  [com.dot.ContainerResource] (docker-java-stream-1865446083) STDERR: WARNING: The (sub)resource method deleteIndividualAppSecret in com.dotcms.rest.api.v1.apps.AppsResource contains empty path annotation.
2023-08-04 12:57:55,417 INFO  [com.dot.ContainerResource] (docker-java-stream-1865446083) STDERR: WARNING: The (sub)resource method listAvailableApps in com.dotcms.rest.api.v1.apps.AppsResource contains empty path annotation.
2023-08-04 12:57:55,417 INFO  [com.dot.ContainerResource] (docker-java-stream-1865446083) STDERR: WARNING: The (sub)resource method getAssetsInfo in com.dotcms.rest.api.v1.asset.WebAssetResource contains empty path annotation.
2023-08-04 12:57:55,418 INFO  [com.dot.ContainerResource] (docker-java-stream-1865446083) STDERR: WARNING: The (sub)resource method saveUpdateAsset in com.dotcms.rest.api.v1.asset.WebAssetResource contains empty path annotation.
2023-08-04 12:57:55,418 INFO  [com.dot.ContainerResource] (docker-java-stream-1865446083) STDERR: WARNING: A HTTP GET method, public javax.ws.rs.core.Response com.dotcms.rest.api.v1.vtl.VTLResource.get(javax.servlet.http.HttpServletRequest,javax.servlet.http.HttpServletResponse,javax.ws.rs.core.UriInfo,java.lang.String,java.util.Map), should not consume any entity.
2023-08-04 12:57:55,418 INFO  [com.dot.ContainerResource] (docker-java-stream-1865446083) STDERR: WARNING: A HTTP GET method, public javax.ws.rs.core.Response com.dotcms.rest.api.v1.vtl.VTLResource.dynamicGet(javax.servlet.http.HttpServletRequest,javax.servlet.http.HttpServletResponse,javax.ws.rs.core.UriInfo,java.lang.String,java.lang.String), should not consume any entity.
2023-08-04 12:57:55,418 INFO  [com.dot.ContainerResource] (docker-java-stream-1865446083) STDERR: WARNING: A HTTP GET method, public javax.ws.rs.core.Response com.dotcms.rest.api.v1.vtl.VTLResource.dynamicGet(javax.servlet.http.HttpServletRequest,javax.servlet.http.HttpServletResponse,javax.ws.rs.core.UriInfo,java.lang.String), should not consume any entity.
2023-08-04 12:57:55,418 INFO  [com.dot.ContainerResource] (docker-java-stream-1865446083) STDERR: WARNING: A HTTP GET method, public javax.ws.rs.core.Response com.dotcms.rest.api.v1.vtl.VTLResource.get(javax.servlet.http.HttpServletRequest,javax.servlet.http.HttpServletResponse,javax.ws.rs.core.UriInfo,java.lang.String,java.lang.String,java.util.Map), should not consume any entity.
2023-08-04 12:57:55,418 INFO  [com.dot.ContainerResource] (docker-java-stream-1865446083) STDERR: WARNING: The (sub)resource method statusCheck in com.dotcms.rest.api.v1.system.monitor.MonitorResource contains empty path annotation.
2023-08-04 12:57:55,418 INFO  [com.dot.ContainerResource] (docker-java-stream-1865446083) STDERR: WARNING: The (sub)resource method issueApiToken in com.dotcms.rest.api.v1.authentication.ApiTokenResource contains empty path annotation.
2023-08-04 12:57:55,418 INFO  [com.dot.ContainerResource] (docker-java-stream-1865446083) STDERR: WARNING: The (sub)resource method getIndexStatus in com.dotcms.rest.api.v1.index.ESIndexResource contains empty path annotation.
2023-08-04 12:57:55,418 INFO  [com.dot.ContainerResource] (docker-java-stream-1865446083) STDERR: 
2023-08-04 12:57:55,419 INFO  [com.dot.ContainerResource] (docker-java-stream-1865446083) STDOUT: 12:57:55.419  INFO  osgi.Activator - Subscribing to  AppSecretSavedEvent events
2023-08-04 12:57:55,421 INFO  [com.dot.ContainerResource] (docker-java-stream-1865446083) STDOUT: SAML OSGI STARTED.....
2023-08-04 12:57:56,104 INFO  [com.dot.ContainerResource] (docker-java-stream-1865446083) STDOUT: 12:57:56.103  INFO  framework.OSGISystem - Started : OSGi System Framework
2023-08-04 12:57:56,105 INFO  [com.dot.ContainerResource] (docker-java-stream-1865446083) STDOUT: 12:57:56.104  INFO  reindex.ReindexThread - --- ReindexThread Running (every 60000 millis)
2023-08-04 12:57:56,108 INFO  [com.dot.ContainerResource] (docker-java-stream-1865446083) STDOUT: 12:57:56.108  INFO  db.DotCMSInitDb - Building Initial Index
2023-08-04 12:57:56,115 INFO  [com.dot.ContainerResource] (docker-java-stream-1865446083) STDOUT: 12:57:56.114  INFO  reindex.ReindexThread - ---  ReindexThread is starting, background indexing will begin
2023-08-04 12:57:56,180 INFO  [com.dot.ContainerResource] (docker-java-stream-1865446083) STDOUT: 12:57:56.180  INFO  business.ESIndexAPI - createIndex : Trying to create index: cluster_c40f8aa8c9.working_20230804125756 with shards: 0
2023-08-04 12:57:56,181 INFO  [com.dot.ContainerResource] (docker-java-stream-1865446083) STDOUT: 12:57:56.180  INFO  util.AdminLogger - class com.dotcms.content.elasticsearch.business.ESIndexAPI : createIndex : Trying to create index: cluster_c40f8aa8c9.working_20230804125756 with shards: 0
2023-08-04 12:57:56,181 INFO  [com.dot.ContainerResource] (docker-java-stream-1865446083) STDOUT: 12:57:56.180  WARN  business.ESIndexAPI - Unable to parse shards from config
2023-08-04 12:57:56,182 INFO  [com.dot.ContainerResource] (docker-java-stream-1865446083) STDOUT: 12:57:56.180  WARN  business.ESIndexAPI - null
2023-08-04 12:57:56,182 INFO  [com.dot.ContainerResource] (docker-java-stream-1865446083) STDOUT: 12:57:56.180  WARN  business.ESIndexAPI - java.base/java.lang.Integer.parseInt(Integer.java:614)
2023-08-04 12:57:56,343 INFO  [com.dot.ContainerResource] (docker-java-stream-1865446083) STDOUT: 12:57:56.342  WARN  client.RestClient - request [PUT http://elasticsearch:9200/cluster_c40f8aa8c9.working_20230804125756?master_timeout=30s&timeout=15000ms] returned 1 warnings: [299 Elasticsearch-7.16.1-5b38441b16b1ebb16a27c107a4c3865776e20c53 "Elasticsearch built-in security features are not enabled. Without authentication, your cluster could be accessible to anyone. See https://www.elastic.co/guide/en/elasticsearch/reference/7.16/security-minimal-setup.html to enable security."]
2023-08-04 12:57:56,347 INFO  [com.dot.ContainerResource] (docker-java-stream-1865446083) STDOUT: 12:57:56.346  INFO  business.ESIndexAPI - createIndex : Index created: cluster_c40f8aa8c9.working_20230804125756 with shards: 1
2023-08-04 12:57:56,347 INFO  [com.dot.ContainerResource] (docker-java-stream-1865446083) STDOUT: 12:57:56.347  INFO  util.AdminLogger - class com.dotcms.content.elasticsearch.business.ESIndexAPI : createIndex : Index created: cluster_c40f8aa8c9.working_20230804125756 with shards: 1
2023-08-04 12:57:56,485 INFO  [com.dot.ContainerResource] (docker-java-stream-1865446083) STDOUT: 12:57:56.484  WARN  client.RestClient - request [PUT http://elasticsearch:9200/cluster_c40f8aa8c9.working_20230804125756/_mapping?master_timeout=30s&ignore_unavailable=false&expand_wildcards=open%2Cclosed&allow_no_indices=false&ignore_throttled=false&timeout=15000ms] returned 2 warnings: [299 Elasticsearch-7.16.1-5b38441b16b1ebb16a27c107a4c3865776e20c53 "Elasticsearch built-in security features are not enabled. Without authentication, your cluster could be accessible to anyone. See https://www.elastic.co/guide/en/elasticsearch/reference/7.16/security-minimal-setup.html to enable security."],[299 Elasticsearch-7.16.1-5b38441b16b1ebb16a27c107a4c3865776e20c53 "[ignore_throttled] parameter is deprecated because frozen indices have been deprecated. Consider cold or frozen tiers in place of frozen indices."]
2023-08-04 12:57:56,487 INFO  [com.dot.ContainerResource] (docker-java-stream-1865446083) STDOUT: 12:57:56.485  INFO  business.ESIndexAPI - createIndex : Trying to create index: cluster_c40f8aa8c9.live_20230804125756 with shards: 0
2023-08-04 12:57:56,487 INFO  [com.dot.ContainerResource] (docker-java-stream-1865446083) STDOUT: 12:57:56.485  INFO  util.AdminLogger - class com.dotcms.content.elasticsearch.business.ESIndexAPI : createIndex : Trying to create index: cluster_c40f8aa8c9.live_20230804125756 with shards: 0
2023-08-04 12:57:56,487 INFO  [com.dot.ContainerResource] (docker-java-stream-1865446083) STDOUT: 12:57:56.485  WARN  business.ESIndexAPI - Unable to parse shards from config
2023-08-04 12:57:56,488 INFO  [com.dot.ContainerResource] (docker-java-stream-1865446083) STDOUT: 12:57:56.485  WARN  business.ESIndexAPI - null
2023-08-04 12:57:56,488 INFO  [com.dot.ContainerResource] (docker-java-stream-1865446083) STDOUT: 12:57:56.485  WARN  business.ESIndexAPI - java.base/java.lang.Integer.parseInt(Integer.java:614)
2023-08-04 12:57:56,615 INFO  [com.dot.ContainerResource] (docker-java-stream-1865446083) STDOUT: 12:57:56.613  WARN  client.RestClient - request [PUT http://elasticsearch:9200/cluster_c40f8aa8c9.live_20230804125756?master_timeout=30s&timeout=15000ms] returned 1 warnings: [299 Elasticsearch-7.16.1-5b38441b16b1ebb16a27c107a4c3865776e20c53 "Elasticsearch built-in security features are not enabled. Without authentication, your cluster could be accessible to anyone. See https://www.elastic.co/guide/en/elasticsearch/reference/7.16/security-minimal-setup.html to enable security."]
2023-08-04 12:57:56,616 INFO  [com.dot.ContainerResource] (docker-java-stream-1865446083) STDOUT: 12:57:56.614  INFO  business.ESIndexAPI - createIndex : Index created: cluster_c40f8aa8c9.live_20230804125756 with shards: 1
2023-08-04 12:57:56,616 INFO  [com.dot.ContainerResource] (docker-java-stream-1865446083) STDOUT: 12:57:56.614  INFO  util.AdminLogger - class com.dotcms.content.elasticsearch.business.ESIndexAPI : createIndex : Index created: cluster_c40f8aa8c9.live_20230804125756 with shards: 1
2023-08-04 12:57:56,662 INFO  [com.dot.ContainerResource] (docker-java-stream-1865446083) STDOUT: 12:57:56.661  WARN  client.RestClient - request [PUT http://elasticsearch:9200/cluster_c40f8aa8c9.live_20230804125756/_mapping?master_timeout=30s&ignore_unavailable=false&expand_wildcards=open%2Cclosed&allow_no_indices=false&ignore_throttled=false&timeout=15000ms] returned 2 warnings: [299 Elasticsearch-7.16.1-5b38441b16b1ebb16a27c107a4c3865776e20c53 "Elasticsearch built-in security features are not enabled. Without authentication, your cluster could be accessible to anyone. See https://www.elastic.co/guide/en/elasticsearch/reference/7.16/security-minimal-setup.html to enable security."],[299 Elasticsearch-7.16.1-5b38441b16b1ebb16a27c107a4c3865776e20c53 "[ignore_throttled] parameter is deprecated because frozen indices have been deprecated. Consider cold or frozen tiers in place of frozen indices."]
2023-08-04 12:57:56,940 INFO  [com.dot.ContainerResource] (docker-java-stream-1865446083) STDOUT: 12:57:56.939  WARN  client.RestClient - request [PUT http://elasticsearch:9200/cluster_c40f8aa8c9.working_20230804125756,cluster_c40f8aa8c9.live_20230804125756/_mapping?master_timeout=30s&ignore_unavailable=false&expand_wildcards=open%2Cclosed&allow_no_indices=false&ignore_throttled=false&timeout=15000ms] returned 2 warnings: [299 Elasticsearch-7.16.1-5b38441b16b1ebb16a27c107a4c3865776e20c53 "Elasticsearch built-in security features are not enabled. Without authentication, your cluster could be accessible to anyone. See https://www.elastic.co/guide/en/elasticsearch/reference/7.16/security-minimal-setup.html to enable security."],[299 Elasticsearch-7.16.1-5b38441b16b1ebb16a27c107a4c3865776e20c53 "[ignore_throttled] parameter is deprecated because frozen indices have been deprecated. Consider cold or frozen tiers in place of frozen indices."]
2023-08-04 12:57:57,046 INFO  [com.dot.ContainerResource] (docker-java-stream-1865446083) STDOUT: 12:57:57.045  WARN  client.RestClient - request [PUT http://elasticsearch:9200/cluster_c40f8aa8c9.working_20230804125756,cluster_c40f8aa8c9.live_20230804125756/_mapping?master_timeout=30s&ignore_unavailable=false&expand_wildcards=open%2Cclosed&allow_no_indices=false&ignore_throttled=false&timeout=15000ms] returned 2 warnings: [299 Elasticsearch-7.16.1-5b38441b16b1ebb16a27c107a4c3865776e20c53 "Elasticsearch built-in security features are not enabled. Without authentication, your cluster could be accessible to anyone. See https://www.elastic.co/guide/en/elasticsearch/reference/7.16/security-minimal-setup.html to enable security."],[299 Elasticsearch-7.16.1-5b38441b16b1ebb16a27c107a4c3865776e20c53 "[ignore_throttled] parameter is deprecated because frozen indices have been deprecated. Consider cold or frozen tiers in place of frozen indices."]
2023-08-04 12:57:57,156 INFO  [com.dot.ContainerResource] (docker-java-stream-1865446083) STDOUT: 12:57:57.156  WARN  client.RestClient - request [PUT http://elasticsearch:9200/cluster_c40f8aa8c9.working_20230804125756,cluster_c40f8aa8c9.live_20230804125756/_mapping?master_timeout=30s&ignore_unavailable=false&expand_wildcards=open%2Cclosed&allow_no_indices=false&ignore_throttled=false&timeout=15000ms] returned 2 warnings: [299 Elasticsearch-7.16.1-5b38441b16b1ebb16a27c107a4c3865776e20c53 "Elasticsearch built-in security features are not enabled. Without authentication, your cluster could be accessible to anyone. See https://www.elastic.co/guide/en/elasticsearch/reference/7.16/security-minimal-setup.html to enable security."],[299 Elasticsearch-7.16.1-5b38441b16b1ebb16a27c107a4c3865776e20c53 "[ignore_throttled] parameter is deprecated because frozen indices have been deprecated. Consider cold or frozen tiers in place of frozen indices."]
2023-08-04 12:57:57,259 INFO  [com.dot.ContainerResource] (docker-java-stream-1865446083) STDOUT: 12:57:57.258  WARN  client.RestClient - request [PUT http://elasticsearch:9200/cluster_c40f8aa8c9.working_20230804125756,cluster_c40f8aa8c9.live_20230804125756/_mapping?master_timeout=30s&ignore_unavailable=false&expand_wildcards=open%2Cclosed&allow_no_indices=false&ignore_throttled=false&timeout=15000ms] returned 2 warnings: [299 Elasticsearch-7.16.1-5b38441b16b1ebb16a27c107a4c3865776e20c53 "Elasticsearch built-in security features are not enabled. Without authentication, your cluster could be accessible to anyone. See https://www.elastic.co/guide/en/elasticsearch/reference/7.16/security-minimal-setup.html to enable security."],[299 Elasticsearch-7.16.1-5b38441b16b1ebb16a27c107a4c3865776e20c53 "[ignore_throttled] parameter is deprecated because frozen indices have been deprecated. Consider cold or frozen tiers in place of frozen indices."]
2023-08-04 12:57:57,344 INFO  [com.dot.ContainerResource] (docker-java-stream-1865446083) STDOUT: 12:57:57.343  WARN  client.RestClient - request [PUT http://elasticsearch:9200/cluster_c40f8aa8c9.working_20230804125756,cluster_c40f8aa8c9.live_20230804125756/_mapping?master_timeout=30s&ignore_unavailable=false&expand_wildcards=open%2Cclosed&allow_no_indices=false&ignore_throttled=false&timeout=15000ms] returned 2 warnings: [299 Elasticsearch-7.16.1-5b38441b16b1ebb16a27c107a4c3865776e20c53 "Elasticsearch built-in security features are not enabled. Without authentication, your cluster could be accessible to anyone. See https://www.elastic.co/guide/en/elasticsearch/reference/7.16/security-minimal-setup.html to enable security."],[299 Elasticsearch-7.16.1-5b38441b16b1ebb16a27c107a4c3865776e20c53 "[ignore_throttled] parameter is deprecated because frozen indices have been deprecated. Consider cold or frozen tiers in place of frozen indices."]
2023-08-04 12:57:57,433 INFO  [com.dot.ContainerResource] (docker-java-stream-1865446083) STDOUT: 12:57:57.432  WARN  client.RestClient - request [PUT http://elasticsearch:9200/cluster_c40f8aa8c9.working_20230804125756,cluster_c40f8aa8c9.live_20230804125756/_mapping?master_timeout=30s&ignore_unavailable=false&expand_wildcards=open%2Cclosed&allow_no_indices=false&ignore_throttled=false&timeout=15000ms] returned 2 warnings: [299 Elasticsearch-7.16.1-5b38441b16b1ebb16a27c107a4c3865776e20c53 "Elasticsearch built-in security features are not enabled. Without authentication, your cluster could be accessible to anyone. See https://www.elastic.co/guide/en/elasticsearch/reference/7.16/security-minimal-setup.html to enable security."],[299 Elasticsearch-7.16.1-5b38441b16b1ebb16a27c107a4c3865776e20c53 "[ignore_throttled] parameter is deprecated because frozen indices have been deprecated. Consider cold or frozen tiers in place of frozen indices."]
2023-08-04 12:57:57,550 INFO  [com.dot.ContainerResource] (docker-java-stream-1865446083) STDOUT: 12:57:57.550  WARN  client.RestClient - request [PUT http://elasticsearch:9200/cluster_c40f8aa8c9.working_20230804125756,cluster_c40f8aa8c9.live_20230804125756/_mapping?master_timeout=30s&ignore_unavailable=false&expand_wildcards=open%2Cclosed&allow_no_indices=false&ignore_throttled=false&timeout=15000ms] returned 2 warnings: [299 Elasticsearch-7.16.1-5b38441b16b1ebb16a27c107a4c3865776e20c53 "Elasticsearch built-in security features are not enabled. Without authentication, your cluster could be accessible to anyone. See https://www.elastic.co/guide/en/elasticsearch/reference/7.16/security-minimal-setup.html to enable security."],[299 Elasticsearch-7.16.1-5b38441b16b1ebb16a27c107a4c3865776e20c53 "[ignore_throttled] parameter is deprecated because frozen indices have been deprecated. Consider cold or frozen tiers in place of frozen indices."]
2023-08-04 12:57:57,670 INFO  [com.dot.ContainerResource] (docker-java-stream-1865446083) STDOUT: 12:57:57.670  WARN  client.RestClient - request [PUT http://elasticsearch:9200/cluster_c40f8aa8c9.working_20230804125756,cluster_c40f8aa8c9.live_20230804125756/_mapping?master_timeout=30s&ignore_unavailable=false&expand_wildcards=open%2Cclosed&allow_no_indices=false&ignore_throttled=false&timeout=15000ms] returned 2 warnings: [299 Elasticsearch-7.16.1-5b38441b16b1ebb16a27c107a4c3865776e20c53 "Elasticsearch built-in security features are not enabled. Without authentication, your cluster could be accessible to anyone. See https://www.elastic.co/guide/en/elasticsearch/reference/7.16/security-minimal-setup.html to enable security."],[299 Elasticsearch-7.16.1-5b38441b16b1ebb16a27c107a4c3865776e20c53 "[ignore_throttled] parameter is deprecated because frozen indices have been deprecated. Consider cold or frozen tiers in place of frozen indices."]
2023-08-04 12:57:57,933 INFO  [com.dot.ContainerResource] (docker-java-stream-1865446083) STDOUT: 12:57:57.932  WARN  client.RestClient - request [PUT http://elasticsearch:9200/cluster_c40f8aa8c9.working_20230804125756,cluster_c40f8aa8c9.live_20230804125756/_mapping?master_timeout=30s&ignore_unavailable=false&expand_wildcards=open%2Cclosed&allow_no_indices=false&ignore_throttled=false&timeout=15000ms] returned 2 warnings: [299 Elasticsearch-7.16.1-5b38441b16b1ebb16a27c107a4c3865776e20c53 "Elasticsearch built-in security features are not enabled. Without authentication, your cluster could be accessible to anyone. See https://www.elastic.co/guide/en/elasticsearch/reference/7.16/security-minimal-setup.html to enable security."],[299 Elasticsearch-7.16.1-5b38441b16b1ebb16a27c107a4c3865776e20c53 "[ignore_throttled] parameter is deprecated because frozen indices have been deprecated. Consider cold or frozen tiers in place of frozen indices."]
2023-08-04 12:57:57,987 INFO  [com.dot.ContainerResource] (docker-java-stream-1865446083) STDOUT: 12:57:57.986  WARN  client.RestClient - request [PUT http://elasticsearch:9200/cluster_c40f8aa8c9.working_20230804125756,cluster_c40f8aa8c9.live_20230804125756/_mapping?master_timeout=30s&ignore_unavailable=false&expand_wildcards=open%2Cclosed&allow_no_indices=false&ignore_throttled=false&timeout=15000ms] returned 2 warnings: [299 Elasticsearch-7.16.1-5b38441b16b1ebb16a27c107a4c3865776e20c53 "Elasticsearch built-in security features are not enabled. Without authentication, your cluster could be accessible to anyone. See https://www.elastic.co/guide/en/elasticsearch/reference/7.16/security-minimal-setup.html to enable security."],[299 Elasticsearch-7.16.1-5b38441b16b1ebb16a27c107a4c3865776e20c53 "[ignore_throttled] parameter is deprecated because frozen indices have been deprecated. Consider cold or frozen tiers in place of frozen indices."]
2023-08-04 12:57:58,051 INFO  [com.dot.ContainerResource] (docker-java-stream-1865446083) STDOUT: 12:57:58.050  WARN  client.RestClient - request [PUT http://elasticsearch:9200/cluster_c40f8aa8c9.working_20230804125756,cluster_c40f8aa8c9.live_20230804125756/_mapping?master_timeout=30s&ignore_unavailable=false&expand_wildcards=open%2Cclosed&allow_no_indices=false&ignore_throttled=false&timeout=15000ms] returned 2 warnings: [299 Elasticsearch-7.16.1-5b38441b16b1ebb16a27c107a4c3865776e20c53 "Elasticsearch built-in security features are not enabled. Without authentication, your cluster could be accessible to anyone. See https://www.elastic.co/guide/en/elasticsearch/reference/7.16/security-minimal-setup.html to enable security."],[299 Elasticsearch-7.16.1-5b38441b16b1ebb16a27c107a4c3865776e20c53 "[ignore_throttled] parameter is deprecated because frozen indices have been deprecated. Consider cold or frozen tiers in place of frozen indices."]
2023-08-04 12:57:58,124 INFO  [com.dot.ContainerResource] (docker-java-stream-1865446083) STDOUT: 12:57:58.123  WARN  client.RestClient - request [PUT http://elasticsearch:9200/cluster_c40f8aa8c9.working_20230804125756,cluster_c40f8aa8c9.live_20230804125756/_mapping?master_timeout=30s&ignore_unavailable=false&expand_wildcards=open%2Cclosed&allow_no_indices=false&ignore_throttled=false&timeout=15000ms] returned 2 warnings: [299 Elasticsearch-7.16.1-5b38441b16b1ebb16a27c107a4c3865776e20c53 "Elasticsearch built-in security features are not enabled. Without authentication, your cluster could be accessible to anyone. See https://www.elastic.co/guide/en/elasticsearch/reference/7.16/security-minimal-setup.html to enable security."],[299 Elasticsearch-7.16.1-5b38441b16b1ebb16a27c107a4c3865776e20c53 "[ignore_throttled] parameter is deprecated because frozen indices have been deprecated. Consider cold or frozen tiers in place of frozen indices."]
2023-08-04 12:57:58,214 INFO  [com.dot.ContainerResource] (docker-java-stream-1865446083) STDOUT: 12:57:58.213  WARN  client.RestClient - request [PUT http://elasticsearch:9200/cluster_c40f8aa8c9.working_20230804125756,cluster_c40f8aa8c9.live_20230804125756/_mapping?master_timeout=30s&ignore_unavailable=false&expand_wildcards=open%2Cclosed&allow_no_indices=false&ignore_throttled=false&timeout=15000ms] returned 2 warnings: [299 Elasticsearch-7.16.1-5b38441b16b1ebb16a27c107a4c3865776e20c53 "Elasticsearch built-in security features are not enabled. Without authentication, your cluster could be accessible to anyone. See https://www.elastic.co/guide/en/elasticsearch/reference/7.16/security-minimal-setup.html to enable security."],[299 Elasticsearch-7.16.1-5b38441b16b1ebb16a27c107a4c3865776e20c53 "[ignore_throttled] parameter is deprecated because frozen indices have been deprecated. Consider cold or frozen tiers in place of frozen indices."]
2023-08-04 12:57:58,238 INFO  [com.dot.ContainerResource] (docker-java-stream-1865446083) STDOUT: 12:57:58.237  INFO  db.DotCMSInitDb - Records left to index : 3
2023-08-04 12:57:58,242 INFO  [com.dot.ContainerResource] (docker-java-stream-1865446083) STDOUT: 12:57:58.241  INFO  reindex.ReindexThread - --- Unpausing reindex thread 
2023-08-04 12:57:59,304 INFO  [com.dot.ContainerResource] (docker-java-stream-1865446083) STDOUT: 12:57:59.304  INFO  reindex.BulkProcessorListener - -----------
2023-08-04 12:57:59,305 INFO  [com.dot.ContainerResource] (docker-java-stream-1865446083) STDOUT: 12:57:59.304  INFO  reindex.BulkProcessorListener - Reindexing Server #  : 1 of 1
2023-08-04 12:57:59,305 INFO  [com.dot.ContainerResource] (docker-java-stream-1865446083) STDOUT: 12:57:59.304  INFO  reindex.BulkProcessorListener - Total Indexed        : 0
2023-08-04 12:57:59,305 INFO  [com.dot.ContainerResource] (docker-java-stream-1865446083) STDOUT: 12:57:59.304  INFO  reindex.BulkProcessorListener - ReindexEntries found : 3
2023-08-04 12:57:59,305 INFO  [com.dot.ContainerResource] (docker-java-stream-1865446083) STDOUT: 12:57:59.304  INFO  reindex.BulkProcessorListener - BulkRequests created : 6
2023-08-04 12:57:59,306 INFO  [com.dot.ContainerResource] (docker-java-stream-1865446083) STDOUT: 12:57:59.304  INFO  reindex.BulkProcessorListener - -----------
2023-08-04 12:57:59,749 INFO  [com.dot.ContainerResource] (docker-java-stream-1865446083) STDOUT: 12:57:59.747  WARN  client.RestClient - request [POST http://elasticsearch:9200/_bulk?timeout=1m] returned 1 warnings: [299 Elasticsearch-7.16.1-5b38441b16b1ebb16a27c107a4c3865776e20c53 "Elasticsearch built-in security features are not enabled. Without authentication, your cluster could be accessible to anyone. See https://www.elastic.co/guide/en/elasticsearch/reference/7.16/security-minimal-setup.html to enable security."]
2023-08-04 12:58:00,240 INFO  [com.dot.ContainerResource] (docker-java-stream-1865446083) STDOUT: 12:58:00.239  INFO  db.DotCMSInitDb - Records left to index : 0
2023-08-04 12:58:00,240 INFO  [com.dot.ContainerResource] (docker-java-stream-1865446083) STDOUT: 12:58:00.239  INFO  reindex.ReindexThread - --- Unpausing reindex thread 
2023-08-04 12:58:00,243 INFO  [com.dot.ContainerResource] (docker-java-stream-1865446083) STDOUT: 12:58:00.243  INFO  db.DotCMSInitDb - Setting up initial password.
2023-08-04 12:58:00,280 INFO  [com.dot.ContainerResource] (docker-java-stream-1865446083) STDOUT: 12:58:00.279  INFO  startup.StartupTasksExecutor - Not Running Startup Tasks: Task00005LoadFixassets
2023-08-04 12:58:00,377 INFO  [com.dot.ContainerResource] (docker-java-stream-1865446083) STDOUT: 12:58:00.377  INFO  startup.StartupTasksExecutor - Running Startup Tasks : Task00006CreateSystemLayout
2023-08-04 12:58:00,404 INFO  [com.dot.ContainerResource] (docker-java-stream-1865446083) STDOUT: 12:58:00.404  INFO  startup.StartupTasksExecutor - Not Running Startup Tasks: Task00007RemoveSitesearchQuartzJob
2023-08-04 12:58:00,405 INFO  [com.dot.ContainerResource] (docker-java-stream-1865446083) STDOUT: 12:58:00.405  INFO  startup.StartupTasksExecutor - Running Startup Tasks : Task00040CheckAnonymousUser
2023-08-04 12:58:00,530 INFO  [com.dot.ContainerResource] (docker-java-stream-1865446083) STDOUT: 12:58:00.529  INFO  apps.SecretsKeyStoreHelper - KeyStore loaded successfully after `1` tries.
2023-08-04 12:58:00,531 INFO  [com.dot.ContainerResource] (docker-java-stream-1865446083) STDOUT: 12:58:00.529  INFO  startup.StartupTasksExecutor - Not Running Startup Tasks: Task00050LoadAppsSecrets
2023-08-04 12:58:00,531 INFO  [com.dot.ContainerResource] (docker-java-stream-1865446083) STDOUT: 12:58:00.530  INFO  startup.StartupTasksExecutor - Finishing startup tasks.
2023-08-04 12:58:00,531 INFO  [com.dot.ContainerResource] (docker-java-stream-1865446083) STDOUT: 12:58:00.530  INFO  startup.StartupTasksExecutor - ---
2023-08-04 12:58:00,532 INFO  [com.dot.ContainerResource] (docker-java-stream-1865446083) STDOUT: 12:58:00.530  INFO  startup.StartupTasksExecutor - 
2023-08-04 12:58:00,532 INFO  [com.dot.ContainerResource] (docker-java-stream-1865446083) STDOUT: 12:58:00.530  INFO  startup.StartupTasksExecutor - Running Upgrade Tasks
2023-08-04 12:58:00,532 INFO  [com.dot.ContainerResource] (docker-java-stream-1865446083) STDOUT: 12:58:00.530  INFO  startup.StartupTasksExecutor - Database version: 0
2023-08-04 12:58:01,738 INFO  [com.dot.ContainerResource] (docker-java-stream-1865446083) STDOUT: 12:58:01.737  INFO  startup.StartupTasksExecutor - Database upgraded to version: 760
2023-08-04 12:58:01,740 INFO  [com.dot.ContainerResource] (docker-java-stream-1865446083) STDOUT: 12:58:01.740  INFO  startup.StartupTasksExecutor - Database upgraded to version: 765
2023-08-04 12:58:01,741 INFO  [com.dot.ContainerResource] (docker-java-stream-1865446083) STDOUT: 12:58:01.740  INFO  startup.StartupTasksExecutor - Database upgraded to version: 766
2023-08-04 12:58:01,741 INFO  [com.dot.ContainerResource] (docker-java-stream-1865446083) STDOUT: 12:58:01.741  INFO  startup.StartupTasksExecutor - Database upgraded to version: 767
2023-08-04 12:58:01,742 INFO  [com.dot.ContainerResource] (docker-java-stream-1865446083) STDOUT: 12:58:01.742  INFO  startup.StartupTasksExecutor - Database upgraded to version: 768
2023-08-04 12:58:01,743 INFO  [com.dot.ContainerResource] (docker-java-stream-1865446083) STDOUT: 12:58:01.742  INFO  startup.StartupTasksExecutor - Database upgraded to version: 769
2023-08-04 12:58:01,743 INFO  [com.dot.ContainerResource] (docker-java-stream-1865446083) STDOUT: 12:58:01.743  INFO  startup.StartupTasksExecutor - Database upgraded to version: 775
2023-08-04 12:58:01,744 INFO  [com.dot.ContainerResource] (docker-java-stream-1865446083) STDOUT: 12:58:01.743  INFO  startup.StartupTasksExecutor - Database upgraded to version: 780
2023-08-04 12:58:01,754 INFO  [com.dot.ContainerResource] (docker-java-stream-1865446083) STDOUT: 12:58:01.753  INFO  startup.StartupTasksExecutor - Database upgraded to version: 782
2023-08-04 12:58:01,754 INFO  [com.dot.ContainerResource] (docker-java-stream-1865446083) STDOUT: 12:58:01.754  INFO  startup.StartupTasksExecutor - Database upgraded to version: 785
2023-08-04 12:58:01,755 INFO  [com.dot.ContainerResource] (docker-java-stream-1865446083) STDOUT: 12:58:01.754  INFO  startup.StartupTasksExecutor - Database upgraded to version: 790
2023-08-04 12:58:01,755 INFO  [com.dot.ContainerResource] (docker-java-stream-1865446083) STDOUT: 12:58:01.755  INFO  startup.StartupTasksExecutor - Database upgraded to version: 795
2023-08-04 12:58:01,756 INFO  [com.dot.ContainerResource] (docker-java-stream-1865446083) STDOUT: 12:58:01.756  INFO  startup.StartupTasksExecutor - Database upgraded to version: 800
2023-08-04 12:58:01,769 INFO  [com.dot.ContainerResource] (docker-java-stream-1865446083) STDOUT: 12:58:01.768  INFO  startup.StartupTasksExecutor - Database upgraded to version: 805
2023-08-04 12:58:01,769 INFO  [com.dot.ContainerResource] (docker-java-stream-1865446083) STDOUT: 12:58:01.769  INFO  startup.StartupTasksExecutor - Database upgraded to version: 810
2023-08-04 12:58:01,770 INFO  [com.dot.ContainerResource] (docker-java-stream-1865446083) STDOUT: 12:58:01.770  INFO  startup.StartupTasksExecutor - Database upgraded to version: 815
2023-08-04 12:58:01,771 INFO  [com.dot.ContainerResource] (docker-java-stream-1865446083) STDOUT: 12:58:01.771  INFO  startup.StartupTasksExecutor - Database upgraded to version: 820
2023-08-04 12:58:01,774 INFO  [com.dot.ContainerResource] (docker-java-stream-1865446083) STDOUT: 12:58:01.774  INFO  startup.StartupTasksExecutor - Database upgraded to version: 825
2023-08-04 12:58:01,775 INFO  [com.dot.ContainerResource] (docker-java-stream-1865446083) STDOUT: 12:58:01.774  INFO  startup.StartupTasksExecutor - Database upgraded to version: 835
2023-08-04 12:58:01,775 INFO  [com.dot.ContainerResource] (docker-java-stream-1865446083) STDOUT: 12:58:01.775  INFO  startup.StartupTasksExecutor - Database upgraded to version: 840
2023-08-04 12:58:01,775 INFO  [com.dot.ContainerResource] (docker-java-stream-1865446083) STDOUT: 12:58:01.775  INFO  startup.StartupTasksExecutor - Database upgraded to version: 845
2023-08-04 12:58:01,780 INFO  [com.dot.ContainerResource] (docker-java-stream-1865446083) STDOUT: 12:58:01.780  INFO  startup.StartupTasksExecutor - Database upgraded to version: 850
2023-08-04 12:58:01,781 INFO  [com.dot.ContainerResource] (docker-java-stream-1865446083) STDOUT: 12:58:01.781  INFO  startup.StartupTasksExecutor - Database upgraded to version: 855
2023-08-04 12:58:01,782 INFO  [com.dot.ContainerResource] (docker-java-stream-1865446083) STDOUT: 12:58:01.782  INFO  startup.StartupTasksExecutor - Database upgraded to version: 860
2023-08-04 12:58:01,782 INFO  [com.dot.ContainerResource] (docker-java-stream-1865446083) STDOUT: 12:58:01.782  INFO  startup.StartupTasksExecutor - Database upgraded to version: 865
2023-08-04 12:58:01,783 INFO  [com.dot.ContainerResource] (docker-java-stream-1865446083) STDOUT: 12:58:01.783  INFO  startup.StartupTasksExecutor - Database upgraded to version: 900
2023-08-04 12:58:01,783 INFO  [com.dot.ContainerResource] (docker-java-stream-1865446083) STDOUT: 12:58:01.783  INFO  startup.StartupTasksExecutor - Database upgraded to version: 905
2023-08-04 12:58:01,784 INFO  [com.dot.ContainerResource] (docker-java-stream-1865446083) STDOUT: 12:58:01.783  INFO  startup.StartupTasksExecutor - Database upgraded to version: 910
2023-08-04 12:58:01,789 INFO  [com.dot.ContainerResource] (docker-java-stream-1865446083) STDOUT: 12:58:01.788  INFO  startup.StartupTasksExecutor - Database upgraded to version: 920
2023-08-04 12:58:01,789 INFO  [com.dot.ContainerResource] (docker-java-stream-1865446083) STDOUT: 12:58:01.789  INFO  startup.StartupTasksExecutor - Database upgraded to version: 922
2023-08-04 12:58:01,790 INFO  [com.dot.ContainerResource] (docker-java-stream-1865446083) STDOUT: 12:58:01.790  INFO  startup.StartupTasksExecutor - Database upgraded to version: 925
2023-08-04 12:58:01,793 INFO  [com.dot.ContainerResource] (docker-java-stream-1865446083) STDOUT: 12:58:01.792  INFO  startup.StartupTasksExecutor - Database upgraded to version: 930
2023-08-04 12:58:01,793 INFO  [com.dot.ContainerResource] (docker-java-stream-1865446083) STDOUT: 12:58:01.793  INFO  startup.StartupTasksExecutor - Database upgraded to version: 935
2023-08-04 12:58:01,794 INFO  [com.dot.ContainerResource] (docker-java-stream-1865446083) STDOUT: 12:58:01.794  INFO  startup.StartupTasksExecutor - Database upgraded to version: 940
2023-08-04 12:58:01,794 INFO  [com.dot.ContainerResource] (docker-java-stream-1865446083) STDOUT: 12:58:01.794  INFO  startup.StartupTasksExecutor - Database upgraded to version: 945
2023-08-04 12:58:01,795 INFO  [com.dot.ContainerResource] (docker-java-stream-1865446083) STDOUT: 12:58:01.795  INFO  startup.StartupTasksExecutor - Database upgraded to version: 950
2023-08-04 12:58:01,800 INFO  [com.dot.ContainerResource] (docker-java-stream-1865446083) STDOUT: 12:58:01.800  INFO  startup.StartupTasksExecutor - Database upgraded to version: 1000
2023-08-04 12:58:01,821 INFO  [com.dot.ContainerResource] (docker-java-stream-1865446083) STDOUT: 12:58:01.814  INFO  startup.StartupTasksExecutor - Database upgraded to version: 1005
2023-08-04 12:58:01,821 INFO  [com.dot.ContainerResource] (docker-java-stream-1865446083) STDOUT: 12:58:01.820  INFO  startup.StartupTasksExecutor - Database upgraded to version: 1015
2023-08-04 12:58:01,827 INFO  [com.dot.ContainerResource] (docker-java-stream-1865446083) STDOUT: 12:58:01.827  INFO  startup.StartupTasksExecutor - Database upgraded to version: 1016
2023-08-04 12:58:01,836 INFO  [com.dot.ContainerResource] (docker-java-stream-1865446083) STDOUT: 12:58:01.835  INFO  startup.StartupTasksExecutor - Database upgraded to version: 1020
2023-08-04 12:58:01,836 INFO  [com.dot.ContainerResource] (docker-java-stream-1865446083) STDOUT: 12:58:01.836  INFO  startup.StartupTasksExecutor - Database upgraded to version: 1030
2023-08-04 12:58:01,837 INFO  [com.dot.ContainerResource] (docker-java-stream-1865446083) STDOUT: 12:58:01.837  INFO  startup.StartupTasksExecutor - Database upgraded to version: 1035
2023-08-04 12:58:01,837 INFO  [com.dot.ContainerResource] (docker-java-stream-1865446083) STDOUT: 12:58:01.837  INFO  startup.StartupTasksExecutor - Database upgraded to version: 1045
2023-08-04 12:58:01,838 INFO  [com.dot.ContainerResource] (docker-java-stream-1865446083) STDOUT: 12:58:01.838  INFO  startup.StartupTasksExecutor - Database upgraded to version: 1050
2023-08-04 12:58:01,838 INFO  [com.dot.ContainerResource] (docker-java-stream-1865446083) STDOUT: 12:58:01.838  INFO  startup.StartupTasksExecutor - Database upgraded to version: 1055
2023-08-04 12:58:01,839 INFO  [com.dot.ContainerResource] (docker-java-stream-1865446083) STDOUT: 12:58:01.839  INFO  startup.StartupTasksExecutor - Database upgraded to version: 1060
2023-08-04 12:58:01,840 INFO  [com.dot.ContainerResource] (docker-java-stream-1865446083) STDOUT: 12:58:01.839  INFO  startup.StartupTasksExecutor - Database upgraded to version: 1065
2023-08-04 12:58:01,840 INFO  [com.dot.ContainerResource] (docker-java-stream-1865446083) STDOUT: 12:58:01.840  INFO  startup.StartupTasksExecutor - Database upgraded to version: 1070
2023-08-04 12:58:01,841 INFO  [com.dot.ContainerResource] (docker-java-stream-1865446083) STDOUT: 12:58:01.840  INFO  startup.StartupTasksExecutor - Database upgraded to version: 1080
2023-08-04 12:58:01,841 INFO  [com.dot.ContainerResource] (docker-java-stream-1865446083) STDOUT: 12:58:01.841  INFO  startup.StartupTasksExecutor - Database upgraded to version: 1085
2023-08-04 12:58:01,842 INFO  [com.dot.ContainerResource] (docker-java-stream-1865446083) STDOUT: 12:58:01.842  INFO  startup.StartupTasksExecutor - Database upgraded to version: 1090
2023-08-04 12:58:01,843 INFO  [com.dot.ContainerResource] (docker-java-stream-1865446083) STDOUT: 12:58:01.843  INFO  startup.StartupTasksExecutor - Database upgraded to version: 1095
2023-08-04 12:58:01,844 INFO  [com.dot.ContainerResource] (docker-java-stream-1865446083) STDOUT: 12:58:01.844  INFO  startup.StartupTasksExecutor - Database upgraded to version: 1096
2023-08-04 12:58:01,845 INFO  [com.dot.ContainerResource] (docker-java-stream-1865446083) STDOUT: 12:58:01.844  INFO  startup.StartupTasksExecutor - Database upgraded to version: 3000
2023-08-04 12:58:01,845 INFO  [com.dot.ContainerResource] (docker-java-stream-1865446083) STDOUT: 12:58:01.845  INFO  startup.StartupTasksExecutor - Database upgraded to version: 3005
2023-08-04 12:58:01,846 INFO  [com.dot.ContainerResource] (docker-java-stream-1865446083) STDOUT: 12:58:01.845  INFO  startup.StartupTasksExecutor - Database upgraded to version: 3010
2023-08-04 12:58:01,846 INFO  [com.dot.ContainerResource] (docker-java-stream-1865446083) STDOUT: 12:58:01.846  INFO  startup.StartupTasksExecutor - Database upgraded to version: 3015
2023-08-04 12:58:01,848 INFO  [com.dot.ContainerResource] (docker-java-stream-1865446083) STDOUT: 12:58:01.848  INFO  startup.StartupTasksExecutor - Database upgraded to version: 3020
2023-08-04 12:58:01,849 INFO  [com.dot.ContainerResource] (docker-java-stream-1865446083) STDOUT: 12:58:01.848  INFO  startup.StartupTasksExecutor - Database upgraded to version: 3025
2023-08-04 12:58:01,851 INFO  [com.dot.ContainerResource] (docker-java-stream-1865446083) STDOUT: 12:58:01.851  INFO  startup.StartupTasksExecutor - Database upgraded to version: 3030
2023-08-04 12:58:01,854 INFO  [com.dot.ContainerResource] (docker-java-stream-1865446083) STDOUT: 12:58:01.854  INFO  startup.StartupTasksExecutor - Database upgraded to version: 3035
2023-08-04 12:58:01,855 INFO  [com.dot.ContainerResource] (docker-java-stream-1865446083) STDOUT: 12:58:01.854  INFO  startup.StartupTasksExecutor - Database upgraded to version: 3040
2023-08-04 12:58:01,855 INFO  [com.dot.ContainerResource] (docker-java-stream-1865446083) STDOUT: 12:58:01.855  INFO  startup.StartupTasksExecutor - Database upgraded to version: 3042
2023-08-04 12:58:01,856 INFO  [com.dot.ContainerResource] (docker-java-stream-1865446083) STDOUT: 12:58:01.856  INFO  startup.StartupTasksExecutor - Database upgraded to version: 3045
2023-08-04 12:58:01,856 INFO  [com.dot.ContainerResource] (docker-java-stream-1865446083) STDOUT: 12:58:01.856  INFO  startup.StartupTasksExecutor - Database upgraded to version: 3050
2023-08-04 12:58:01,857 INFO  [com.dot.ContainerResource] (docker-java-stream-1865446083) STDOUT: 12:58:01.857  INFO  startup.StartupTasksExecutor - Database upgraded to version: 3055
2023-08-04 12:58:01,857 INFO  [com.dot.ContainerResource] (docker-java-stream-1865446083) STDOUT: 12:58:01.857  INFO  startup.StartupTasksExecutor - Database upgraded to version: 3060
2023-08-04 12:58:01,858 INFO  [com.dot.ContainerResource] (docker-java-stream-1865446083) STDOUT: 12:58:01.858  INFO  startup.StartupTasksExecutor - Database upgraded to version: 3065
2023-08-04 12:58:01,859 INFO  [com.dot.ContainerResource] (docker-java-stream-1865446083) STDOUT: 12:58:01.858  INFO  startup.StartupTasksExecutor - Database upgraded to version: 3100
2023-08-04 12:58:01,859 INFO  [com.dot.ContainerResource] (docker-java-stream-1865446083) STDOUT: 12:58:01.859  INFO  startup.StartupTasksExecutor - Database upgraded to version: 3105
2023-08-04 12:58:01,860 INFO  [com.dot.ContainerResource] (docker-java-stream-1865446083) STDOUT: 12:58:01.860  INFO  startup.StartupTasksExecutor - Database upgraded to version: 3120
2023-08-04 12:58:01,860 INFO  [com.dot.ContainerResource] (docker-java-stream-1865446083) STDOUT: 12:58:01.860  INFO  startup.StartupTasksExecutor - Database upgraded to version: 3130
2023-08-04 12:58:01,861 INFO  [com.dot.ContainerResource] (docker-java-stream-1865446083) STDOUT: 12:58:01.861  INFO  startup.StartupTasksExecutor - Database upgraded to version: 3135
2023-08-04 12:58:01,862 INFO  [com.dot.ContainerResource] (docker-java-stream-1865446083) STDOUT: 12:58:01.861  INFO  startup.StartupTasksExecutor - Database upgraded to version: 3140
2023-08-04 12:58:01,862 INFO  [com.dot.ContainerResource] (docker-java-stream-1865446083) STDOUT: 12:58:01.862  INFO  startup.StartupTasksExecutor - Database upgraded to version: 3150
2023-08-04 12:58:01,863 INFO  [com.dot.ContainerResource] (docker-java-stream-1865446083) STDOUT: 12:58:01.862  INFO  startup.StartupTasksExecutor - Database upgraded to version: 3160
2023-08-04 12:58:01,863 INFO  [com.dot.ContainerResource] (docker-java-stream-1865446083) STDOUT: 12:58:01.863  INFO  startup.StartupTasksExecutor - Database upgraded to version: 3165
2023-08-04 12:58:01,864 INFO  [com.dot.ContainerResource] (docker-java-stream-1865446083) STDOUT: 12:58:01.863  INFO  startup.StartupTasksExecutor - Database upgraded to version: 3500
2023-08-04 12:58:01,864 INFO  [com.dot.ContainerResource] (docker-java-stream-1865446083) STDOUT: 12:58:01.864  INFO  startup.StartupTasksExecutor - Database upgraded to version: 3505
2023-08-04 12:58:01,866 INFO  [com.dot.ContainerResource] (docker-java-stream-1865446083) STDOUT: 12:58:01.865  INFO  startup.StartupTasksExecutor - Database upgraded to version: 3510
2023-08-04 12:58:01,866 INFO  [com.dot.ContainerResource] (docker-java-stream-1865446083) STDOUT: 12:58:01.866  INFO  startup.StartupTasksExecutor - Database upgraded to version: 3515
2023-08-04 12:58:01,867 INFO  [com.dot.ContainerResource] (docker-java-stream-1865446083) STDOUT: 12:58:01.867  INFO  startup.StartupTasksExecutor - Database upgraded to version: 3520
2023-08-04 12:58:01,869 INFO  [com.dot.ContainerResource] (docker-java-stream-1865446083) STDOUT: 12:58:01.869  INFO  startup.StartupTasksExecutor - Database upgraded to version: 3525
2023-08-04 12:58:01,870 INFO  [com.dot.ContainerResource] (docker-java-stream-1865446083) STDOUT: 12:58:01.870  INFO  startup.StartupTasksExecutor - Database upgraded to version: 3530
2023-08-04 12:58:01,870 INFO  [com.dot.ContainerResource] (docker-java-stream-1865446083) STDOUT: 12:58:01.870  INFO  startup.StartupTasksExecutor - Database upgraded to version: 3535
2023-08-04 12:58:01,874 INFO  [com.dot.ContainerResource] (docker-java-stream-1865446083) STDOUT: 12:58:01.874  INFO  startup.StartupTasksExecutor - Database upgraded to version: 3540
2023-08-04 12:58:01,876 INFO  [com.dot.ContainerResource] (docker-java-stream-1865446083) STDOUT: 12:58:01.876  INFO  startup.StartupTasksExecutor - Database upgraded to version: 3545
2023-08-04 12:58:01,880 INFO  [com.dot.ContainerResource] (docker-java-stream-1865446083) STDOUT: 12:58:01.880  INFO  startup.StartupTasksExecutor - Database upgraded to version: 3550
2023-08-04 12:58:01,881 INFO  [com.dot.ContainerResource] (docker-java-stream-1865446083) STDOUT: 12:58:01.881  INFO  startup.StartupTasksExecutor - Database upgraded to version: 3555
2023-08-04 12:58:01,881 INFO  [com.dot.ContainerResource] (docker-java-stream-1865446083) STDOUT: 12:58:01.881  INFO  startup.StartupTasksExecutor - Database upgraded to version: 3560
2023-08-04 12:58:01,882 INFO  [com.dot.ContainerResource] (docker-java-stream-1865446083) STDOUT: 12:58:01.882  INFO  startup.StartupTasksExecutor - Database upgraded to version: 3565
2023-08-04 12:58:01,882 INFO  [com.dot.ContainerResource] (docker-java-stream-1865446083) STDOUT: 12:58:01.882  INFO  startup.StartupTasksExecutor - Database upgraded to version: 3600
2023-08-04 12:58:01,884 INFO  [com.dot.ContainerResource] (docker-java-stream-1865446083) STDOUT: 12:58:01.884  INFO  startup.StartupTasksExecutor - Database upgraded to version: 3605
2023-08-04 12:58:01,885 INFO  [com.dot.ContainerResource] (docker-java-stream-1865446083) STDOUT: 12:58:01.885  INFO  startup.StartupTasksExecutor - Database upgraded to version: 3700
2023-08-04 12:58:01,885 INFO  [com.dot.ContainerResource] (docker-java-stream-1865446083) STDOUT: 12:58:01.885  INFO  startup.StartupTasksExecutor - Database upgraded to version: 3705
2023-08-04 12:58:01,886 INFO  [com.dot.ContainerResource] (docker-java-stream-1865446083) STDOUT: 12:58:01.886  INFO  startup.StartupTasksExecutor - Database upgraded to version: 3710
2023-08-04 12:58:01,886 INFO  [com.dot.ContainerResource] (docker-java-stream-1865446083) STDOUT: 12:58:01.886  INFO  startup.StartupTasksExecutor - Database upgraded to version: 3715
2023-08-04 12:58:01,887 INFO  [com.dot.ContainerResource] (docker-java-stream-1865446083) STDOUT: 12:58:01.887  INFO  startup.StartupTasksExecutor - Database upgraded to version: 3720
2023-08-04 12:58:01,887 INFO  [com.dot.ContainerResource] (docker-java-stream-1865446083) STDOUT: 12:58:01.887  INFO  startup.StartupTasksExecutor - Database upgraded to version: 3725
2023-08-04 12:58:01,888 INFO  [com.dot.ContainerResource] (docker-java-stream-1865446083) STDOUT: 12:58:01.888  INFO  startup.StartupTasksExecutor - Database upgraded to version: 3735
2023-08-04 12:58:01,888 INFO  [com.dot.ContainerResource] (docker-java-stream-1865446083) STDOUT: 12:58:01.888  INFO  startup.StartupTasksExecutor - Database upgraded to version: 3740
2023-08-04 12:58:01,889 INFO  [com.dot.ContainerResource] (docker-java-stream-1865446083) STDOUT: 12:58:01.889  INFO  startup.StartupTasksExecutor - Database upgraded to version: 3745
2023-08-04 12:58:01,889 INFO  [com.dot.ContainerResource] (docker-java-stream-1865446083) STDOUT: 12:58:01.889  INFO  startup.StartupTasksExecutor - Database upgraded to version: 3800
2023-08-04 12:58:01,890 INFO  [com.dot.ContainerResource] (docker-java-stream-1865446083) STDOUT: 12:58:01.890  INFO  startup.StartupTasksExecutor - Database upgraded to version: 4100
2023-08-04 12:58:01,890 INFO  [com.dot.ContainerResource] (docker-java-stream-1865446083) STDOUT: 12:58:01.890  INFO  startup.StartupTasksExecutor - Database upgraded to version: 4105
2023-08-04 12:58:01,891 INFO  [com.dot.ContainerResource] (docker-java-stream-1865446083) STDOUT: 12:58:01.891  INFO  startup.StartupTasksExecutor - Database upgraded to version: 4110
2023-08-04 12:58:01,891 INFO  [com.dot.ContainerResource] (docker-java-stream-1865446083) STDOUT: 12:58:01.891  INFO  startup.StartupTasksExecutor - Database upgraded to version: 4115
2023-08-04 12:58:01,892 INFO  [com.dot.ContainerResource] (docker-java-stream-1865446083) STDOUT: 12:58:01.892  INFO  startup.StartupTasksExecutor - Database upgraded to version: 4120
2023-08-04 12:58:01,893 INFO  [com.dot.ContainerResource] (docker-java-stream-1865446083) STDOUT: 12:58:01.892  INFO  startup.StartupTasksExecutor - Database upgraded to version: 4200
2023-08-04 12:58:01,893 INFO  [com.dot.ContainerResource] (docker-java-stream-1865446083) STDOUT: 12:58:01.893  INFO  startup.StartupTasksExecutor - Database upgraded to version: 4205
2023-08-04 12:58:01,894 INFO  [com.dot.ContainerResource] (docker-java-stream-1865446083) STDOUT: 12:58:01.893  INFO  startup.StartupTasksExecutor - Database upgraded to version: 4210
2023-08-04 12:58:01,894 INFO  [com.dot.ContainerResource] (docker-java-stream-1865446083) STDOUT: 12:58:01.894  INFO  startup.StartupTasksExecutor - Database upgraded to version: 4215
2023-08-04 12:58:01,895 INFO  [com.dot.ContainerResource] (docker-java-stream-1865446083) STDOUT: 12:58:01.894  INFO  startup.StartupTasksExecutor - Database upgraded to version: 4220
2023-08-04 12:58:01,895 INFO  [com.dot.ContainerResource] (docker-java-stream-1865446083) STDOUT: 12:58:01.895  INFO  startup.StartupTasksExecutor - Database upgraded to version: 4230
2023-08-04 12:58:01,896 INFO  [com.dot.ContainerResource] (docker-java-stream-1865446083) STDOUT: 12:58:01.895  INFO  startup.StartupTasksExecutor - Database upgraded to version: 4235
2023-08-04 12:58:01,897 INFO  [com.dot.ContainerResource] (docker-java-stream-1865446083) STDOUT: 12:58:01.897  INFO  startup.StartupTasksExecutor - Database upgraded to version: 4300
2023-08-04 12:58:01,898 INFO  [com.dot.ContainerResource] (docker-java-stream-1865446083) STDOUT: 12:58:01.898  INFO  startup.StartupTasksExecutor - Database upgraded to version: 4305
2023-08-04 12:58:01,904 INFO  [com.dot.ContainerResource] (docker-java-stream-1865446083) STDOUT: 12:58:01.903  INFO  startup.StartupTasksExecutor - Database upgraded to version: 4310
2023-08-04 12:58:01,905 INFO  [com.dot.ContainerResource] (docker-java-stream-1865446083) STDOUT: 12:58:01.904  INFO  startup.StartupTasksExecutor - Database upgraded to version: 4315
2023-08-04 12:58:01,905 INFO  [com.dot.ContainerResource] (docker-java-stream-1865446083) STDOUT: 12:58:01.905  INFO  startup.StartupTasksExecutor - Database upgraded to version: 4320
2023-08-04 12:58:01,906 INFO  [com.dot.ContainerResource] (docker-java-stream-1865446083) STDOUT: 12:58:01.906  INFO  startup.StartupTasksExecutor - Database upgraded to version: 4330
2023-08-04 12:58:01,907 INFO  [com.dot.ContainerResource] (docker-java-stream-1865446083) STDOUT: 12:58:01.906  INFO  startup.StartupTasksExecutor - Database upgraded to version: 4335
2023-08-04 12:58:01,908 INFO  [com.dot.ContainerResource] (docker-java-stream-1865446083) STDOUT: 12:58:01.908  INFO  startup.StartupTasksExecutor - Database upgraded to version: 4340
2023-08-04 12:58:01,909 INFO  [com.dot.ContainerResource] (docker-java-stream-1865446083) STDOUT: 12:58:01.909  INFO  startup.StartupTasksExecutor - Database upgraded to version: 4345
2023-08-04 12:58:01,912 INFO  [com.dot.ContainerResource] (docker-java-stream-1865446083) STDOUT: 12:58:01.912  INFO  startup.StartupTasksExecutor - Database upgraded to version: 4350
2023-08-04 12:58:01,913 INFO  [com.dot.ContainerResource] (docker-java-stream-1865446083) STDOUT: 12:58:01.912  INFO  startup.StartupTasksExecutor - Database upgraded to version: 4355
2023-08-04 12:58:01,913 INFO  [com.dot.ContainerResource] (docker-java-stream-1865446083) STDOUT: 12:58:01.913  INFO  startup.StartupTasksExecutor - Database upgraded to version: 4360
2023-08-04 12:58:01,916 INFO  [com.dot.ContainerResource] (docker-java-stream-1865446083) STDOUT: 12:58:01.915  INFO  startup.StartupTasksExecutor - Database upgraded to version: 4365
2023-08-04 12:58:01,916 INFO  [com.dot.ContainerResource] (docker-java-stream-1865446083) STDOUT: 12:58:01.916  INFO  startup.StartupTasksExecutor - Database upgraded to version: 4370
2023-08-04 12:58:01,917 INFO  [com.dot.ContainerResource] (docker-java-stream-1865446083) STDOUT: 12:58:01.917  INFO  startup.StartupTasksExecutor - Database upgraded to version: 4375
2023-08-04 12:58:01,918 INFO  [com.dot.ContainerResource] (docker-java-stream-1865446083) STDOUT: 12:58:01.918  INFO  startup.StartupTasksExecutor - Database upgraded to version: 4380
2023-08-04 12:58:01,919 INFO  [com.dot.ContainerResource] (docker-java-stream-1865446083) STDOUT: 12:58:01.918  INFO  startup.StartupTasksExecutor - Database upgraded to version: 4385
2023-08-04 12:58:01,920 INFO  [com.dot.ContainerResource] (docker-java-stream-1865446083) STDOUT: 12:58:01.920  INFO  startup.StartupTasksExecutor - Database upgraded to version: 4390
2023-08-04 12:58:01,921 INFO  [com.dot.ContainerResource] (docker-java-stream-1865446083) STDOUT: 12:58:01.921  INFO  startup.StartupTasksExecutor - Database upgraded to version: 5030
2023-08-04 12:58:01,921 INFO  [com.dot.ContainerResource] (docker-java-stream-1865446083) STDOUT: 12:58:01.921  INFO  startup.StartupTasksExecutor - Database upgraded to version: 5035
2023-08-04 12:58:01,922 INFO  [com.dot.ContainerResource] (docker-java-stream-1865446083) STDOUT: 12:58:01.922  INFO  startup.StartupTasksExecutor - Database upgraded to version: 5040
2023-08-04 12:58:01,922 INFO  [com.dot.ContainerResource] (docker-java-stream-1865446083) STDOUT: 12:58:01.922  INFO  startup.StartupTasksExecutor - Database upgraded to version: 5050
2023-08-04 12:58:01,924 INFO  [com.dot.ContainerResource] (docker-java-stream-1865446083) STDOUT: 12:58:01.924  INFO  startup.StartupTasksExecutor - Database upgraded to version: 5060
2023-08-04 12:58:01,925 INFO  [com.dot.ContainerResource] (docker-java-stream-1865446083) STDOUT: 12:58:01.924  INFO  startup.StartupTasksExecutor - Database upgraded to version: 5070
2023-08-04 12:58:01,925 INFO  [com.dot.ContainerResource] (docker-java-stream-1865446083) STDOUT: 12:58:01.925  INFO  startup.StartupTasksExecutor - Database upgraded to version: 5080
2023-08-04 12:58:01,926 INFO  [com.dot.ContainerResource] (docker-java-stream-1865446083) STDOUT: 12:58:01.926  INFO  startup.StartupTasksExecutor - Database upgraded to version: 5150
2023-08-04 12:58:01,926 INFO  [com.dot.ContainerResource] (docker-java-stream-1865446083) STDOUT: 12:58:01.926  INFO  startup.StartupTasksExecutor - Database upgraded to version: 5160
2023-08-04 12:58:01,927 INFO  [com.dot.ContainerResource] (docker-java-stream-1865446083) STDOUT: 12:58:01.927  INFO  startup.StartupTasksExecutor - Database upgraded to version: 5165
2023-08-04 12:58:01,928 INFO  [com.dot.ContainerResource] (docker-java-stream-1865446083) STDOUT: 12:58:01.928  INFO  startup.StartupTasksExecutor - Database upgraded to version: 5170
2023-08-04 12:58:01,929 INFO  [com.dot.ContainerResource] (docker-java-stream-1865446083) STDOUT: 12:58:01.928  INFO  startup.StartupTasksExecutor - Database upgraded to version: 5175
2023-08-04 12:58:01,929 INFO  [com.dot.ContainerResource] (docker-java-stream-1865446083) STDOUT: 12:58:01.929  INFO  startup.StartupTasksExecutor - Database upgraded to version: 5180
2023-08-04 12:58:01,930 INFO  [com.dot.ContainerResource] (docker-java-stream-1865446083) STDOUT: 12:58:01.930  INFO  startup.StartupTasksExecutor - Database upgraded to version: 5190
2023-08-04 12:58:01,931 INFO  [com.dot.ContainerResource] (docker-java-stream-1865446083) STDOUT: 12:58:01.930  INFO  startup.StartupTasksExecutor - Database upgraded to version: 5195
2023-08-04 12:58:01,936 INFO  [com.dot.ContainerResource] (docker-java-stream-1865446083) STDOUT: 12:58:01.935  INFO  startup.StartupTasksExecutor - Database upgraded to version: 5200
2023-08-04 12:58:01,936 INFO  [com.dot.ContainerResource] (docker-java-stream-1865446083) STDOUT: 12:58:01.936  INFO  startup.StartupTasksExecutor - Database upgraded to version: 5210
2023-08-04 12:58:01,937 INFO  [com.dot.ContainerResource] (docker-java-stream-1865446083) STDOUT: 12:58:01.937  INFO  startup.StartupTasksExecutor - Database upgraded to version: 5215
2023-08-04 12:58:01,937 INFO  [com.dot.ContainerResource] (docker-java-stream-1865446083) STDOUT: 12:58:01.937  INFO  startup.StartupTasksExecutor - Database upgraded to version: 5220
2023-08-04 12:58:01,938 INFO  [com.dot.ContainerResource] (docker-java-stream-1865446083) STDOUT: 12:58:01.938  INFO  startup.StartupTasksExecutor - Database upgraded to version: 5225
2023-08-04 12:58:01,938 INFO  [com.dot.ContainerResource] (docker-java-stream-1865446083) STDOUT: 12:58:01.938  INFO  startup.StartupTasksExecutor - Database upgraded to version: 5300
2023-08-04 12:58:01,939 INFO  [com.dot.ContainerResource] (docker-java-stream-1865446083) STDOUT: 12:58:01.939  INFO  startup.StartupTasksExecutor - Database upgraded to version: 5305
2023-08-04 12:58:01,939 INFO  [com.dot.ContainerResource] (docker-java-stream-1865446083) STDOUT: 12:58:01.939  INFO  startup.StartupTasksExecutor - Database upgraded to version: 5350
2023-08-04 12:58:01,940 INFO  [com.dot.ContainerResource] (docker-java-stream-1865446083) STDOUT: 12:58:01.940  INFO  startup.StartupTasksExecutor - Database upgraded to version: 5370
2023-08-04 12:58:01,940 INFO  [com.dot.ContainerResource] (docker-java-stream-1865446083) STDOUT: 12:58:01.940  INFO  startup.StartupTasksExecutor - Database upgraded to version: 5380
2023-08-04 12:58:01,941 INFO  [com.dot.ContainerResource] (docker-java-stream-1865446083) STDOUT: 12:58:01.941  INFO  startup.StartupTasksExecutor - Database upgraded to version: 5390
2023-08-04 12:58:01,942 INFO  [com.dot.ContainerResource] (docker-java-stream-1865446083) STDOUT: 12:58:01.942  INFO  startup.StartupTasksExecutor - Database upgraded to version: 5395
2023-08-04 12:58:01,942 INFO  [com.dot.ContainerResource] (docker-java-stream-1865446083) STDOUT: 12:58:01.942  INFO  startup.StartupTasksExecutor - Database upgraded to version: 201013
2023-08-04 12:58:01,943 INFO  [com.dot.ContainerResource] (docker-java-stream-1865446083) STDOUT: 12:58:01.943  INFO  startup.StartupTasksExecutor - Database upgraded to version: 201014
2023-08-04 12:58:01,943 INFO  [com.dot.ContainerResource] (docker-java-stream-1865446083) STDOUT: 12:58:01.943  INFO  startup.StartupTasksExecutor - Database upgraded to version: 201102
2023-08-04 12:58:01,944 INFO  [com.dot.ContainerResource] (docker-java-stream-1865446083) STDOUT: 12:58:01.944  INFO  startup.StartupTasksExecutor - Database upgraded to version: 210218
2023-08-04 12:58:01,944 INFO  [com.dot.ContainerResource] (docker-java-stream-1865446083) STDOUT: 12:58:01.944  INFO  startup.StartupTasksExecutor - Database upgraded to version: 210316
2023-08-04 12:58:01,947 INFO  [com.dot.ContainerResource] (docker-java-stream-1865446083) STDOUT: 12:58:01.947  INFO  startup.StartupTasksExecutor - Database upgraded to version: 210319
2023-08-04 12:58:01,948 INFO  [com.dot.ContainerResource] (docker-java-stream-1865446083) STDOUT: 12:58:01.948  INFO  startup.StartupTasksExecutor - Database upgraded to version: 210321
2023-08-04 12:58:01,949 INFO  [com.dot.ContainerResource] (docker-java-stream-1865446083) STDOUT: 12:58:01.949  INFO  startup.StartupTasksExecutor - Database upgraded to version: 210506
2023-08-04 12:58:01,952 INFO  [com.dot.ContainerResource] (docker-java-stream-1865446083) STDOUT: 12:58:01.952  INFO  startup.StartupTasksExecutor - Database upgraded to version: 210510
2023-08-04 12:58:01,953 INFO  [com.dot.ContainerResource] (docker-java-stream-1865446083) STDOUT: 12:58:01.953  INFO  startup.StartupTasksExecutor - Database upgraded to version: 210520
2023-08-04 12:58:01,953 INFO  [com.dot.ContainerResource] (docker-java-stream-1865446083) STDOUT: 12:58:01.953  INFO  startup.StartupTasksExecutor - Database upgraded to version: 210527
2023-08-04 12:58:01,954 INFO  [com.dot.ContainerResource] (docker-java-stream-1865446083) STDOUT: 12:58:01.954  INFO  startup.StartupTasksExecutor - Database upgraded to version: 210719
2023-08-04 12:58:01,954 INFO  [com.dot.ContainerResource] (docker-java-stream-1865446083) STDOUT: 12:58:01.954  INFO  startup.StartupTasksExecutor - Database upgraded to version: 210802
2023-08-04 12:58:01,955 INFO  [com.dot.ContainerResource] (docker-java-stream-1865446083) STDOUT: 12:58:01.955  INFO  startup.StartupTasksExecutor - Database upgraded to version: 210805
2023-08-04 12:58:01,959 INFO  [com.dot.ContainerResource] (docker-java-stream-1865446083) STDOUT: 12:58:01.958  INFO  startup.StartupTasksExecutor - Database upgraded to version: 210816
2023-08-04 12:58:01,959 INFO  [com.dot.ContainerResource] (docker-java-stream-1865446083) STDOUT: 12:58:01.959  INFO  startup.StartupTasksExecutor - Database upgraded to version: 210901
2023-08-04 12:58:01,960 INFO  [com.dot.ContainerResource] (docker-java-stream-1865446083) STDOUT: 12:58:01.960  INFO  startup.StartupTasksExecutor - Database upgraded to version: 211007
2023-08-04 12:58:01,960 INFO  [com.dot.ContainerResource] (docker-java-stream-1865446083) STDOUT: 12:58:01.960  INFO  startup.StartupTasksExecutor - Database upgraded to version: 211012
2023-08-04 12:58:01,961 INFO  [com.dot.ContainerResource] (docker-java-stream-1865446083) STDOUT: 12:58:01.961  INFO  startup.StartupTasksExecutor - Database upgraded to version: 211020
2023-08-04 12:58:01,962 INFO  [com.dot.ContainerResource] (docker-java-stream-1865446083) STDOUT: 12:58:01.962  INFO  startup.StartupTasksExecutor - Database upgraded to version: 211101
2023-08-04 12:58:01,963 INFO  [com.dot.ContainerResource] (docker-java-stream-1865446083) STDOUT: 12:58:01.962  INFO  startup.StartupTasksExecutor - Database upgraded to version: 211103
2023-08-04 12:58:01,965 INFO  [com.dot.ContainerResource] (docker-java-stream-1865446083) STDOUT: 12:58:01.965  INFO  startup.StartupTasksExecutor - Database upgraded to version: 220202
2023-08-04 12:58:01,966 INFO  [com.dot.ContainerResource] (docker-java-stream-1865446083) STDOUT: 12:58:01.966  INFO  startup.StartupTasksExecutor - Database upgraded to version: 220203
2023-08-04 12:58:01,967 INFO  [com.dot.ContainerResource] (docker-java-stream-1865446083) STDOUT: 12:58:01.967  INFO  startup.StartupTasksExecutor - Database upgraded to version: 220214
2023-08-04 12:58:01,968 INFO  [com.dot.ContainerResource] (docker-java-stream-1865446083) STDOUT: 12:58:01.967  INFO  startup.StartupTasksExecutor - Database upgraded to version: 220215
2023-08-04 12:58:01,968 INFO  [com.dot.ContainerResource] (docker-java-stream-1865446083) STDOUT: 12:58:01.968  INFO  startup.StartupTasksExecutor - Database upgraded to version: 220330
2023-08-04 12:58:01,969 INFO  [com.dot.ContainerResource] (docker-java-stream-1865446083) STDOUT: 12:58:01.969  INFO  startup.StartupTasksExecutor - Database upgraded to version: 220401
2023-08-04 12:58:01,974 INFO  [com.dot.ContainerResource] (docker-java-stream-1865446083) STDOUT: 12:58:01.974  INFO  startup.StartupTasksExecutor - Database upgraded to version: 220402
2023-08-04 12:58:01,975 INFO  [com.dot.ContainerResource] (docker-java-stream-1865446083) STDOUT: 12:58:01.974  INFO  startup.StartupTasksExecutor - Database upgraded to version: 220413
2023-08-04 12:58:01,975 INFO  [com.dot.ContainerResource] (docker-java-stream-1865446083) STDOUT: 12:58:01.975  INFO  startup.StartupTasksExecutor - Database upgraded to version: 220512
2023-08-04 12:58:01,976 INFO  [com.dot.ContainerResource] (docker-java-stream-1865446083) STDOUT: 12:58:01.975  INFO  startup.StartupTasksExecutor - Database upgraded to version: 220606
2023-08-04 12:58:01,976 INFO  [com.dot.ContainerResource] (docker-java-stream-1865446083) STDOUT: 12:58:01.976  INFO  startup.StartupTasksExecutor - Database upgraded to version: 220822
2023-08-04 12:58:01,977 INFO  [com.dot.ContainerResource] (docker-java-stream-1865446083) STDOUT: 12:58:01.976  INFO  startup.StartupTasksExecutor - Database upgraded to version: 220824
2023-08-04 12:58:01,977 INFO  [com.dot.ContainerResource] (docker-java-stream-1865446083) STDOUT: 12:58:01.977  INFO  startup.StartupTasksExecutor - Database upgraded to version: 220825
2023-08-04 12:58:01,977 INFO  [com.dot.ContainerResource] (docker-java-stream-1865446083) STDOUT: 12:58:01.977  INFO  startup.StartupTasksExecutor - Database upgraded to version: 220829
2023-08-04 12:58:01,978 INFO  [com.dot.ContainerResource] (docker-java-stream-1865446083) STDOUT: 12:58:01.978  INFO  startup.StartupTasksExecutor - Database upgraded to version: 220912
2023-08-04 12:58:01,979 INFO  [com.dot.ContainerResource] (docker-java-stream-1865446083) STDOUT: 12:58:01.979  INFO  startup.StartupTasksExecutor - Database upgraded to version: 220928
2023-08-04 12:58:01,979 INFO  [com.dot.ContainerResource] (docker-java-stream-1865446083) STDOUT: 12:58:01.979  INFO  startup.StartupTasksExecutor - Database upgraded to version: 221007
2023-08-04 12:58:01,980 INFO  [com.dot.ContainerResource] (docker-java-stream-1865446083) STDOUT: 12:58:01.979  INFO  startup.StartupTasksExecutor - Database upgraded to version: 221018
2023-08-04 12:58:01,981 INFO  [com.dot.ContainerResource] (docker-java-stream-1865446083) STDOUT: 12:58:01.980  INFO  startup.StartupTasksExecutor - Database upgraded to version: 230110
2023-08-04 12:58:01,981 INFO  [com.dot.ContainerResource] (docker-java-stream-1865446083) STDOUT: 12:58:01.981  INFO  startup.StartupTasksExecutor - Database upgraded to version: 230119
2023-08-04 12:58:01,982 INFO  [com.dot.ContainerResource] (docker-java-stream-1865446083) STDOUT: 12:58:01.982  INFO  startup.StartupTasksExecutor - Database upgraded to version: 230328
2023-08-04 12:58:01,982 INFO  [com.dot.ContainerResource] (docker-java-stream-1865446083) STDOUT: 12:58:01.982  INFO  startup.StartupTasksExecutor - Database upgraded to version: 230426
2023-08-04 12:58:01,983 INFO  [com.dot.ContainerResource] (docker-java-stream-1865446083) STDOUT: 12:58:01.983  INFO  startup.StartupTasksExecutor - Database upgraded to version: 230523
2023-08-04 12:58:01,983 INFO  [com.dot.ContainerResource] (docker-java-stream-1865446083) STDOUT: 12:58:01.983  INFO  startup.StartupTasksExecutor - Database upgraded to version: 230630
2023-08-04 12:58:01,984 INFO  [com.dot.ContainerResource] (docker-java-stream-1865446083) STDOUT: 12:58:01.984  INFO  startup.StartupTasksExecutor - Database upgraded to version: 230701
2023-08-04 12:58:01,984 INFO  [com.dot.ContainerResource] (docker-java-stream-1865446083) STDOUT: 12:58:01.984  INFO  startup.StartupTasksExecutor - Database upgraded to version: 230707
2023-08-04 12:58:01,985 INFO  [com.dot.ContainerResource] (docker-java-stream-1865446083) STDOUT: 12:58:01.985  INFO  startup.StartupTasksExecutor - Database upgraded to version: 230713
2023-08-04 12:58:01,985 INFO  [com.dot.ContainerResource] (docker-java-stream-1865446083) STDOUT: 12:58:01.985  INFO  reindex.ReindexThread - --- Unpausing reindex thread 
2023-08-04 12:58:01,985 INFO  [com.dot.ContainerResource] (docker-java-stream-1865446083) STDOUT: 12:58:01.985  INFO  startup.StartupTasksExecutor - Finishing upgrade tasks.
2023-08-04 12:58:01,986 INFO  [com.dot.ContainerResource] (docker-java-stream-1865446083) STDOUT: 12:58:01.985  INFO  startup.StartupTasksExecutor - Running Backported Tasks
2023-08-04 12:58:01,986 INFO  [com.dot.ContainerResource] (docker-java-stream-1865446083) STDOUT: 12:58:01.985  INFO  startup.StartupTasksExecutor - Finishing Backported tasks.
2023-08-04 12:58:02,015 INFO  [com.dot.ContainerResource] (docker-java-stream-1865446083) STDOUT: 12:58:02.014  INFO  util.Config - Setting property: CACHE_BINDPORT to 5701
2023-08-04 12:58:02,027 INFO  [com.dot.ContainerResource] (docker-java-stream-1865446083) STDOUT: 12:58:02.027  INFO  cluster.ClusterFactory - Cluster topography has changed. This might force a rewire
2023-08-04 12:58:02,027 INFO  [com.dot.ContainerResource] (docker-java-stream-1865446083) STDOUT: 12:58:02.027  INFO  cluster.ClusterFactory - Expecting Servers:[]
2023-08-04 12:58:02,059 INFO  [com.dot.ContainerResource] (docker-java-stream-1865446083) STDOUT: 12:58:02.059  INFO  cluster.ClusterFactory - Found Servers:[server={serverId=0f59f02c-557f-4f7b-9bed-e5e1bb8a2709, clusterId=c40f8aa8c9, ipAddress=172.19.0.4, host=null, name=c368815bed0b, esTransportTcpPort=null, esNetworkPort=null, esHttpPort=9200, cachePort=5701, lastHeartBeat=1691153882025, key=null, licenseSerial=1cfc7c95-9fe0-4dcb-abe7-c31b9f0517fd, startupTime=0}]
2023-08-04 12:58:02,060 INFO  [com.dot.ContainerResource] (docker-java-stream-1865446083) STDOUT: 12:58:02.059  INFO  cluster.ClusterFactory - Cluster Active. Rewiring
2023-08-04 12:58:02,063 INFO  [com.dot.ContainerResource] (docker-java-stream-1865446083) STDOUT: 12:58:02.062  INFO  business.ChainableCacheAdministratorImpl - ***	 Cluster Update
2023-08-04 12:58:02,063 INFO  [com.dot.ContainerResource] (docker-java-stream-1865446083) STDOUT: 12:58:02.062  INFO  transport.PubSubCacheTransport - initing PubSubCacheTransport
2023-08-04 12:58:02,065 INFO  [com.dot.ContainerResource] (docker-java-stream-1865446083) STDOUT: 12:58:02.064  INFO  dotpubsub.PostgresPubSubImpl - Starting PostgresPubSub. Have servers:1
2023-08-04 12:58:02,065 INFO  [com.dot.ContainerResource] (docker-java-stream-1865446083) STDOUT: 12:58:02.065  INFO  dotpubsub.PostgresPubSubImpl - PGNotificationListener connecting to pub/sub...
2023-08-04 12:58:02,886 INFO  [com.dot.ContainerResource] (docker-java-stream-1865446083) STDOUT: 12:58:02.886  INFO  dotpubsub.PostgresPubSubImpl -  - LISTEN dotcache_topic
2023-08-04 12:58:02,899 INFO  [com.dot.ContainerResource] (docker-java-stream-1865446083) STDOUT: 12:58:02.899  INFO  transport.PubSubCacheTransport - Sending PING to cluster 
2023-08-04 12:58:02,914 INFO  [com.dot.ContainerResource] (docker-java-stream-1865446083) STDOUT: 12:58:02.914  INFO  transport.CacheTransportTopic - Got PING from server:0f59f02c55. sending PONG
2023-08-04 12:58:02,916 INFO  [com.dot.ContainerResource] (docker-java-stream-1865446083) STDOUT: 12:58:02.916  INFO  transport.CacheTransportTopic - Got PONG from server:{"t":"PONG","top":"dotcache_topic","o":"0f59f02c55"}.
2023-08-04 12:58:02,987 INFO  [com.dot.ContainerResource] (docker-java-stream-1865446083) STDOUT: 12:58:02.987  INFO  license.LicenseManager - Updating server 0f59f02c-557f-4f7b-9bed-e5e1bb8a2709 start time to 1691153820911
2023-08-04 12:58:02,990 INFO  [com.dot.ContainerResource] (docker-java-stream-1865446083) STDOUT: 12:58:02.989  INFO  servlet.MainServlet - SuppressPropertiesBeanIntrospector enabled for legacy Struts applications
2023-08-04 12:58:03,262 INFO  [com.dot.ContainerResource] (docker-java-stream-1865446083) STDOUT: 12:58:03.261  INFO  config.DotInitializationService - Initializing DotCMS services
2023-08-04 12:58:03,262 INFO  [com.dot.ContainerResource] (docker-java-stream-1865446083) STDOUT: 12:58:03.262  INFO  config.DotInitializationService - Initializing :com.dotcms.api.system.event.SystemEventProcessorFactoryInitializer
2023-08-04 12:58:03,265 INFO  [com.dot.ContainerResource] (docker-java-stream-1865446083) STDOUT: 12:58:03.264  INFO  config.DotInitializationService - Initializing Done:com.dotcms.api.system.event.SystemEventProcessorFactoryInitializer, duration:0 seconds
2023-08-04 12:58:03,265 INFO  [com.dot.ContainerResource] (docker-java-stream-1865446083) STDOUT: 12:58:03.265  INFO  config.DotInitializationService - Initializing :com.dotcms.api.system.event.PayloadVerifierFactoryInitializer
2023-08-04 12:58:03,271 INFO  [com.dot.ContainerResource] (docker-java-stream-1865446083) STDOUT: 12:58:03.271  INFO  config.DotInitializationService - Initializing Done:com.dotcms.api.system.event.PayloadVerifierFactoryInitializer, duration:0 seconds
2023-08-04 12:58:03,271 INFO  [com.dot.ContainerResource] (docker-java-stream-1865446083) STDOUT: 12:58:03.271  INFO  config.DotInitializationService - Initializing :com.dotcms.system.event.local.business.LocalSystemEventSubscribersInitializer
2023-08-04 12:58:03,368 INFO  [com.dot.ContainerResource] (docker-java-stream-1865446083) STDOUT: 12:58:03.368  INFO  config.DotInitializationService - Initializing Done:com.dotcms.system.event.local.business.LocalSystemEventSubscribersInitializer, duration:0 seconds
2023-08-04 12:58:03,369 INFO  [com.dot.ContainerResource] (docker-java-stream-1865446083) STDOUT: 12:58:03.368  INFO  config.DotInitializationService - Initializing :com.dotmarketing.portlets.personas.business.PersonaAPIImpl
2023-08-04 12:58:03,373 INFO  [com.dot.ContainerResource] (docker-java-stream-1865446083) STDOUT: 12:58:03.373  INFO  config.DotInitializationService - Initializing Done:com.dotmarketing.portlets.personas.business.PersonaAPIImpl, duration:0 seconds
2023-08-04 12:58:03,373 INFO  [com.dot.ContainerResource] (docker-java-stream-1865446083) STDOUT: 12:58:03.373  INFO  config.DotInitializationService - Initializing :com.dotcms.rendering.velocity.events.ExceptionHandlersInitializer
2023-08-04 12:58:03,377 INFO  [com.dot.ContainerResource] (docker-java-stream-1865446083) STDOUT: 12:58:03.377  INFO  config.DotInitializationService - Initializing Done:com.dotcms.rendering.velocity.events.ExceptionHandlersInitializer, duration:0 seconds
2023-08-04 12:58:03,378 INFO  [com.dot.ContainerResource] (docker-java-stream-1865446083) STDOUT: 12:58:03.377  INFO  config.DotInitializationService - Initializing :com.dotcms.publishing.PublisherAPIImpl
2023-08-04 12:58:03,379 INFO  [com.dot.ContainerResource] (docker-java-stream-1865446083) STDOUT: 12:58:03.379  INFO  publishing.PublisherAPIImpl - Push Publishing Filters directory does not exist. Creating it under: /data/shared/assets/server/publishing-filters
2023-08-04 12:58:03,382 INFO  [com.dot.ContainerResource] (docker-java-stream-1865446083) STDOUT: 12:58:03.382  INFO  publishing.PublisherAPIImpl - dotcms filters files copied
2023-08-04 12:58:03,383 INFO  [com.dot.ContainerResource] (docker-java-stream-1865446083) STDOUT: 12:58:03.383  INFO  publishing.PublisherAPIImpl - Push Publishing Filters Directory: Lazy(/data/shared/assets/server/publishing-filters)
2023-08-04 12:58:03,383 INFO  [com.dot.ContainerResource] (docker-java-stream-1865446083) STDOUT: 12:58:03.383  INFO  publishing.PublisherAPIImpl - Loading Push Publish Filter: Intelligent.yml
2023-08-04 12:58:03,483 INFO  [com.dot.ContainerResource] (docker-java-stream-1865446083) STDOUT: 12:58:03.482  INFO  publishing.PublisherAPIImpl - FilterDescriptor{key=Intelligent.yml, title=Everything and Dependencies, sort=3, default=true, roles=DOTCMS_BACK_END_USER, filters{{excludeQuery=, excludeClasses=[], dependencies=true, excludeDependencyQuery=, excludeDependencyClasses=[], forcePush=false, relationships=true}}}
2023-08-04 12:58:03,490 INFO  [com.dot.ContainerResource] (docker-java-stream-1865446083) STDOUT: 12:58:03.489  INFO  publishing.PublisherAPIImpl - Loading Push Publish Filter: ContentOnly.yml
2023-08-04 12:58:03,500 INFO  [com.dot.ContainerResource] (docker-java-stream-1865446083) STDOUT: 12:58:03.495  INFO  publishing.PublisherAPIImpl - FilterDescriptor{key=ContentOnly.yml, title=Content and Relationships, sort=1, default=false, roles=DOTCMS_BACK_END_USER, filters{{excludeQuery=, excludeClasses=[ContentType, Template, Containers, Folder, Host, Links, Workflow, Language, Rule, User, OSGI], dependencies=true, excludeDependencyQuery=, excludeDependencyClasses=[ContentType, Template, Containers, Folder, Host, Links, Workflow, Language, Rule], forcePush=false, relationships=true}}}
2023-08-04 12:58:03,500 INFO  [com.dot.ContainerResource] (docker-java-stream-1865446083) STDOUT: 12:58:03.495  INFO  publishing.PublisherAPIImpl - Loading Push Publish Filter: ShallowPush.yml
2023-08-04 12:58:03,501 INFO  [com.dot.ContainerResource] (docker-java-stream-1865446083) STDOUT: 12:58:03.497  INFO  publishing.PublisherAPIImpl - FilterDescriptor{key=ShallowPush.yml, title=Only Selected Items, sort=5, default=false, roles=DOTCMS_BACK_END_USER, filters{{excludeQuery=, excludeClasses=[], dependencies=false, excludeDependencyQuery=, excludeDependencyClasses=[], forcePush=false, relationships=false}}}
2023-08-04 12:58:03,501 INFO  [com.dot.ContainerResource] (docker-java-stream-1865446083) STDOUT: 12:58:03.498  INFO  publishing.PublisherAPIImpl - Loading Push Publish Filter: WebContentOnly.yml
2023-08-04 12:58:03,503 INFO  [com.dot.ContainerResource] (docker-java-stream-1865446083) STDOUT: 12:58:03.502  INFO  publishing.PublisherAPIImpl - FilterDescriptor{key=WebContentOnly.yml, title=Content, Assets and Pages, sort=2, default=false, roles=DOTCMS_BACK_END_USER, filters{{excludeQuery=, excludeClasses=[Host, Workflow, ContentType, User, OSGI, Language], dependencies=true, excludeDependencyQuery=, excludeDependencyClasses=[Host, Workflow, ContentType, Language], forcePush=false, relationships=true}}}
2023-08-04 12:58:03,503 INFO  [com.dot.ContainerResource] (docker-java-stream-1865446083) STDOUT: 12:58:03.503  INFO  publishing.PublisherAPIImpl - Loading Push Publish Filter: ForcePush.yml
2023-08-04 12:58:03,505 INFO  [com.dot.ContainerResource] (docker-java-stream-1865446083) STDOUT: 12:58:03.505  INFO  publishing.PublisherAPIImpl - FilterDescriptor{key=ForcePush.yml, title=Force Push Everything, sort=4, default=false, roles=DOTCMS_BACK_END_USER, filters{{excludeQuery=, excludeClasses=[], dependencies=true, excludeDependencyQuery=, excludeDependencyClasses=[], forcePush=true, relationships=true}}}
2023-08-04 12:58:03,506 INFO  [com.dot.ContainerResource] (docker-java-stream-1865446083) STDOUT: 12:58:03.506  INFO  config.DotInitializationService - Initializing Done:com.dotcms.publishing.PublisherAPIImpl, duration:0 seconds
2023-08-04 12:58:03,507 INFO  [com.dot.ContainerResource] (docker-java-stream-1865446083) STDOUT: 12:58:03.507  INFO  config.DotInitializationService - Initializing :com.dotmarketing.portlets.containers.business.ContainerAPIImpl
2023-08-04 12:58:03,513 INFO  [com.dot.ContainerResource] (docker-java-stream-1865446083) STDOUT: 12:58:03.510  INFO  config.DotInitializationService - Initializing Done:com.dotmarketing.portlets.containers.business.ContainerAPIImpl, duration:0 seconds
2023-08-04 12:58:03,513 INFO  [com.dot.ContainerResource] (docker-java-stream-1865446083) STDOUT: 12:58:03.510  INFO  config.DotInitializationService - Initializing :com.dotmarketing.business.ThemeAPIImpl
2023-08-04 12:58:03,513 INFO  [com.dot.ContainerResource] (docker-java-stream-1865446083) STDOUT: 12:58:03.512  INFO  config.DotInitializationService - Initializing Done:com.dotmarketing.business.ThemeAPIImpl, duration:0 seconds
2023-08-04 12:58:03,513 INFO  [com.dot.ContainerResource] (docker-java-stream-1865446083) STDOUT: 12:58:03.512  INFO  config.DotInitializationService - Initializing :com.dotmarketing.portlets.templates.business.TemplateAPIImpl
2023-08-04 12:58:03,517 INFO  [com.dot.ContainerResource] (docker-java-stream-1865446083) STDOUT: 12:58:03.516  INFO  config.DotInitializationService - Initializing Done:com.dotmarketing.portlets.templates.business.TemplateAPIImpl, duration:0 seconds
2023-08-04 12:58:03,517 INFO  [com.dot.ContainerResource] (docker-java-stream-1865446083) STDOUT: 12:58:03.517  INFO  config.DotInitializationService - Initializing :com.dotcms.contenttype.business.ContentTypeInitializer
2023-08-04 12:58:03,527 INFO  [com.dot.ContainerResource] (docker-java-stream-1865446083) STDOUT: 12:58:03.527  INFO  config.DotInitializationService - Initializing Done:com.dotcms.contenttype.business.ContentTypeInitializer, duration:0 seconds
2023-08-04 12:58:03,528 INFO  [com.dot.ContainerResource] (docker-java-stream-1865446083) STDOUT: 12:58:03.527  INFO  config.DotInitializationService - Initializing :com.dotcms.variant.business.DefaultVariantInitializer
2023-08-04 12:58:03,547 INFO  [com.dot.ContainerResource] (docker-java-stream-1865446083) STDOUT: 12:58:03.546  INFO  config.DotInitializationService - Initializing Done:com.dotcms.variant.business.DefaultVariantInitializer, duration:0 seconds
2023-08-04 12:58:03,547 INFO  [com.dot.ContainerResource] (docker-java-stream-1865446083) STDOUT: 12:58:03.546  INFO  startup.StartupTasksExecutor - ---
2023-08-04 12:58:03,547 INFO  [com.dot.ContainerResource] (docker-java-stream-1865446083) STDOUT: 12:58:03.546  INFO  startup.StartupTasksExecutor - 
2023-08-04 12:58:03,548 INFO  [com.dot.ContainerResource] (docker-java-stream-1865446083) STDOUT: 12:58:03.546  INFO  startup.StartupTasksExecutor - Running Data Upgrade Tasks
2023-08-04 12:58:03,548 INFO  [com.dot.ContainerResource] (docker-java-stream-1865446083) STDOUT: 12:58:03.546  INFO  startup.StartupTasksExecutor - Database data version: 0
2023-08-04 12:58:03,548 INFO  [com.dot.ContainerResource] (docker-java-stream-1865446083) STDOUT: 12:58:03.548  INFO  startup.StartupTasksExecutor - Data upgraded to version: 230320
2023-08-04 12:58:03,549 INFO  [com.dot.ContainerResource] (docker-java-stream-1865446083) STDOUT: 12:58:03.548  INFO  startup.StartupTasksExecutor - Finishing data upgrade tasks.
2023-08-04 12:58:03,566 INFO  [com.dot.ContainerResource] (docker-java-stream-1865446083) STDOUT: 12:58:03.566  INFO  servlets.StartupLogger - InitServlet: Setting Default Timezone: Coordinated Universal Time
2023-08-04 12:58:03,567 INFO  [com.dot.ContainerResource] (docker-java-stream-1865446083) STDOUT: 12:58:03.567  INFO  servlets.StartupLogger - 
2023-08-04 12:58:03,567 INFO  [com.dot.ContainerResource] (docker-java-stream-1865446083) STDOUT: 12:58:03.567  INFO  servlets.StartupLogger -    Initializing dotCMS
2023-08-04 12:58:03,568 INFO  [com.dot.ContainerResource] (docker-java-stream-1865446083) STDOUT: 12:58:03.568  INFO  servlets.StartupLogger -    Using database: PostgreSQL
2023-08-04 12:58:03,568 INFO  [com.dot.ContainerResource] (docker-java-stream-1865446083) STDOUT: 12:58:03.568  INFO  servlets.StartupLogger -    Using dialect : com.dotcms.repackage.net.sf.hibernate.dialect.PostgreSQLDialect
2023-08-04 12:58:03,569 INFO  [com.dot.ContainerResource] (docker-java-stream-1865446083) STDOUT: 12:58:03.569  INFO  servlets.StartupLogger -    Company Name  : dotcms.org
2023-08-04 12:58:03,569 INFO  [com.dot.ContainerResource] (docker-java-stream-1865446083) STDOUT: 12:58:03.569  INFO  servlets.StartupLogger - 
2023-08-04 12:58:03,570 INFO  [com.dot.ContainerResource] (docker-java-stream-1865446083) STDOUT: 12:58:03.569  INFO  servlets.StartupLogger -    License       : PLATFORM EDITION
2023-08-04 12:58:03,570 INFO  [com.dot.ContainerResource] (docker-java-stream-1865446083) STDOUT: 12:58:03.570  INFO  servlets.StartupLogger -    Licensed to   : dotCMS Internal
2023-08-04 12:58:03,571 INFO  [com.dot.ContainerResource] (docker-java-stream-1865446083) STDOUT: 12:58:03.571  INFO  servlets.StartupLogger -    Server id     : 0f59f02c
2023-08-04 12:58:03,572 INFO  [com.dot.ContainerResource] (docker-java-stream-1865446083) STDOUT: 12:58:03.572  INFO  servlets.StartupLogger -    License id    : 1cfc7c95
2023-08-04 12:58:03,572 INFO  [com.dot.ContainerResource] (docker-java-stream-1865446083) STDOUT: 12:58:03.572  INFO  servlets.StartupLogger -    Expires       : Thu, 20 Aug 2099 04:00 AM
2023-08-04 12:58:03,574 INFO  [com.dot.ContainerResource] (docker-java-stream-1865446083) STDOUT: 12:58:03.573  INFO  servlets.StartupLogger - 
2023-08-04 12:58:03,574 INFO  [com.dot.ContainerResource] (docker-java-stream-1865446083) STDOUT: 12:58:03.574  INFO  servlets.InitServlet - 
2023-08-04 12:58:03,575 INFO  [com.dot.ContainerResource] (docker-java-stream-1865446083) STDOUT: 12:58:03.574  INFO  servlets.InitServlet - 
2023-08-04 12:58:03,606 INFO  [com.dot.ContainerResource] (docker-java-stream-1865446083) STDOUT: 12:58:03.605  INFO  dotpubsub.PostgresPubSubImpl -  - LISTEN cluster_actions
2023-08-04 12:58:03,617 INFO  [com.dot.ContainerResource] (docker-java-stream-1865446083) STDOUT: 12:58:03.617  INFO  business.VanityUrlAPIImpl - Populating 0 Vanity URLs for Site default
2023-08-04 12:58:03,621 INFO  [com.dot.ContainerResource] (docker-java-stream-1865446083) STDOUT: 12:58:03.621  INFO  business.VanityUrlAPIImpl - Populating 0 Vanity URLs for Site System Host
2023-08-04 12:58:03,622 INFO  [com.dot.ContainerResource] (docker-java-stream-1865446083) STDOUT: 12:58:03.622  INFO  business.VanityUrlAPIImpl - Populating 0 Vanity URLs for Site System Host
2023-08-04 12:58:03,683 INFO  [com.dot.ContainerResource] (docker-java-stream-1865446083) STDOUT: 12:58:03.682  INFO  impl.StdSchedulerFactory - Using default implementation for ThreadExecutor
2023-08-04 12:58:03,685 INFO  [com.dot.ContainerResource] (docker-java-stream-1865446083) STDOUT: 12:58:03.685  INFO  simpl.SimpleThreadPool - Job execution threads will use class loader of thread: main
2023-08-04 12:58:03,702 INFO  [com.dot.ContainerResource] (docker-java-stream-1865446083) STDOUT: 12:58:03.702  INFO  core.SchedulerSignalerImpl - Initialized Scheduler Signaller of type: class org.quartz.core.SchedulerSignalerImpl
2023-08-04 12:58:03,713 INFO  [com.dot.ContainerResource] (docker-java-stream-1865446083) STDOUT: 12:58:03.712  INFO  core.QuartzScheduler - Quartz Scheduler v.1.8.6 created.
2023-08-04 12:58:03,719 INFO  [com.dot.ContainerResource] (docker-java-stream-1865446083) STDOUT: 12:58:03.718  INFO  quartz.DotJobStore - Using db table-based data access locking (synchronization).
2023-08-04 12:58:03,725 INFO  [com.dot.ContainerResource] (docker-java-stream-1865446083) STDOUT: 12:58:03.725  INFO  quartz.DotJobStore - JobStoreCMT initialized.
2023-08-04 12:58:03,728 INFO  [com.dot.ContainerResource] (docker-java-stream-1865446083) STDOUT: 12:58:03.728  INFO  core.QuartzScheduler - Scheduler meta-data: Quartz Scheduler (v1.8.6) 'dotCMSQuartz' with instanceId 'NON_CLUSTERED'
2023-08-04 12:58:03,728 INFO  [com.dot.ContainerResource] (docker-java-stream-1865446083) STDOUT:   Scheduler class: 'org.quartz.core.QuartzScheduler' - running locally.
2023-08-04 12:58:03,728 INFO  [com.dot.ContainerResource] (docker-java-stream-1865446083) STDOUT:   NOT STARTED.
2023-08-04 12:58:03,728 INFO  [com.dot.ContainerResource] (docker-java-stream-1865446083) STDOUT:   Currently in standby mode.
2023-08-04 12:58:03,729 INFO  [com.dot.ContainerResource] (docker-java-stream-1865446083) STDOUT:   Number of jobs executed: 0
2023-08-04 12:58:03,729 INFO  [com.dot.ContainerResource] (docker-java-stream-1865446083) STDOUT:   Using thread pool 'org.quartz.simpl.SimpleThreadPool' - with 10 threads.
2023-08-04 12:58:03,729 INFO  [com.dot.ContainerResource] (docker-java-stream-1865446083) STDOUT:   Using job-store 'com.dotmarketing.quartz.DotJobStore' - which supports persistence. and is clustered.
2023-08-04 12:58:03,729 INFO  [com.dot.ContainerResource] (docker-java-stream-1865446083) STDOUT: 
2023-08-04 12:58:03,730 INFO  [com.dot.ContainerResource] (docker-java-stream-1865446083) STDOUT: 12:58:03.730  INFO  impl.StdSchedulerFactory - Quartz scheduler 'dotCMSQuartz' initialized from an externally provided properties instance.
2023-08-04 12:58:03,730 INFO  [com.dot.ContainerResource] (docker-java-stream-1865446083) STDOUT: 12:58:03.730  INFO  impl.StdSchedulerFactory - Quartz scheduler version: 1.8.6
2023-08-04 12:58:03,731 INFO  [com.dot.ContainerResource] (docker-java-stream-1865446083) STDOUT: 12:58:03.731  INFO  init.DotInitScheduler - Automatic Content Reindexation Cron Thread schedule disabled on this server
2023-08-04 12:58:03,731 INFO  [com.dot.ContainerResource] (docker-java-stream-1865446083) STDOUT: 12:58:03.731  INFO  init.DotInitScheduler - Deleting ContentReindexerJob Job
2023-08-04 12:58:03,745 INFO  [com.dot.ContainerResource] (docker-java-stream-1865446083) STDOUT: 12:58:03.744  INFO  init.DotInitScheduler - Users To Delete Cron Thread schedule disabled on this server
2023-08-04 12:58:03,745 INFO  [com.dot.ContainerResource] (docker-java-stream-1865446083) STDOUT: 12:58:03.744  INFO  init.DotInitScheduler - Deleting UsersToDeleteJob Job
2023-08-04 12:58:03,818 INFO  [com.dot.ContainerResource] (docker-java-stream-1865446083) STDOUT: 12:58:03.817  INFO  init.DotInitScheduler - LinkCheckerJob Cron Job schedule disabled on this server
2023-08-04 12:58:03,937 INFO  [com.dot.ContainerResource] (docker-java-stream-1865446083) STDOUT: 12:58:03.937  INFO  job.AccessTokenRenewJob$AccessTokensRenewJobScheduler - Stateful AnalyticsAccessTokenRenewJob (trigger31:group31) job was schedule to run at Fri Aug 04 12:59:00 UTC 2023
2023-08-04 12:58:03,970 INFO  [com.dot.ContainerResource] (docker-java-stream-1865446083) STDOUT: 12:58:03.968  INFO  core.QuartzScheduler - Scheduler dotCMSQuartz_$_NON_CLUSTERED started.
2023-08-04 12:58:04,061 INFO  [com.dot.ContainerResource] (docker-java-stream-1865446083) STDOUT: 12:58:04.061  INFO  runtime.ConcurrentParserPoolImpl - Initializing Velocity Parser Pool - min: 20 max:100 @ main
2023-08-04 12:58:04,209 INFO  [com.dot.ContainerResource] (docker-java-stream-1865446083) STDOUT: 12:58:04.209  INFO  servlets.InitServlet - Starting System OSGi Framework
2023-08-04 12:58:04,217 INFO  [com.dot.ContainerResource] (docker-java-stream-1865446083) STDOUT: 12:58:04.216  INFO  reindex.ReindexThread - --- Unpausing reindex thread 
2023-08-04 12:58:04,219 INFO  [com.dot.ContainerResource] (docker-java-stream-1865446083) STDOUT: 12:58:04.218  INFO  servlets.InitServlet - Starting Client OSGi Framework
2023-08-04 12:58:04,234 INFO  [com.dot.ContainerResource] (docker-java-stream-1865446083) STDOUT: 12:58:04.233  INFO  dotpubsub.PostgresPubSubImpl - Starting PostgresPubSub. Have servers:1
2023-08-04 12:58:04,235 INFO  [com.dot.ContainerResource] (docker-java-stream-1865446083) STDOUT: 12:58:04.235  INFO  dotpubsub.PostgresPubSubImpl - PGNotificationListener already connected. Returning
2023-08-04 12:58:04,236 INFO  [com.dot.ContainerResource] (docker-java-stream-1865446083) STDOUT: 12:58:04.236  INFO  dotpubsub.PostgresPubSubImpl -  - LISTEN cluster_actions
2023-08-04 12:58:04,238 INFO  [com.dot.ContainerResource] (docker-java-stream-1865446083) STDOUT: 12:58:04.237  INFO  dotpubsub.PostgresPubSubImpl -  - LISTEN dotcache_topic
2023-08-04 12:58:04,239 INFO  [com.dot.ContainerResource] (docker-java-stream-1865446083) STDOUT: 12:58:04.238  INFO  dotpubsub.PostgresPubSubImpl -  - LISTEN osgi_restart_topic
2023-08-04 12:58:04,241 INFO  [com.dot.ContainerResource] (docker-java-stream-1865446083) STDOUT: 12:58:04.241  INFO  framework.OSGIUtil - Felix base dir: /srv/dotserver/tomcat-9.0.60/webapps/ROOT/WEB-INF/felix
2023-08-04 12:58:04,242 INFO  [com.dot.ContainerResource] (docker-java-stream-1865446083) STDOUT: 12:58:04.242  INFO  servlets.BinaryExporterServlet - Exporter "Content Image Fields Resizer" registered for path /resize-image
2023-08-04 12:58:04,244 INFO  [com.dot.ContainerResource] (docker-java-stream-1865446083) STDOUT: 12:58:04.243  INFO  framework.OSGIUtil - Found property  felix.auto.deploy.action=install,start
2023-08-04 12:58:04,244 INFO  [com.dot.ContainerResource] (docker-java-stream-1865446083) STDOUT: 12:58:04.244  INFO  servlets.BinaryExporterServlet - Exporter "Export Field Content" registered for path /raw-data
2023-08-04 12:58:04,246 INFO  [com.dot.ContainerResource] (docker-java-stream-1865446083) STDOUT: 12:58:04.246  INFO  framework.OSGIUtil - Found property  felix.fileinstall.log.level=3
2023-08-04 12:58:04,246 INFO  [com.dot.ContainerResource] (docker-java-stream-1865446083) STDOUT: 12:58:04.246  INFO  framework.OSGIUtil - Found property  felix.org.osgi.framework.startlevel.beginning=2
2023-08-04 12:58:04,246 INFO  [com.dot.ContainerResource] (docker-java-stream-1865446083) STDOUT: 12:58:04.246  INFO  framework.OSGIUtil - Found property  felix.org.osgi.framework.storage.clean=onFirstInit
2023-08-04 12:58:04,247 INFO  [com.dot.ContainerResource] (docker-java-stream-1865446083) STDOUT: 12:58:04.246  INFO  framework.OSGIUtil - Found property  felix.log.level=3
2023-08-04 12:58:04,247 INFO  [com.dot.ContainerResource] (docker-java-stream-1865446083) STDOUT: 12:58:04.247  INFO  framework.OSGIUtil - Found property  felix.cache.locking=false
2023-08-04 12:58:04,248 INFO  [com.dot.ContainerResource] (docker-java-stream-1865446083) STDOUT: 12:58:04.248  INFO  framework.OSGIUtil - Found property  felix.fileinstall.dir=/data/shared/felix/load
2023-08-04 12:58:04,248 INFO  [com.dot.ContainerResource] (docker-java-stream-1865446083) STDOUT: 12:58:04.248  INFO  framework.OSGIUtil - Found property  felix.upload.dir=/data/shared/felix/upload
2023-08-04 12:58:04,249 INFO  [com.dot.ContainerResource] (docker-java-stream-1865446083) STDOUT: 12:58:04.248  INFO  framework.OSGIUtil - Found property  felix.undeployed.dir=/data/shared/felix/undeployed
2023-08-04 12:58:04,250 INFO  [com.dot.ContainerResource] (docker-java-stream-1865446083) STDOUT: 12:58:04.250  INFO  framework.OSGIUtil - Building Directory:/srv/dotserver/tomcat-9.0.60/webapps/ROOT/WEB-INF/felix
2023-08-04 12:58:04,250 INFO  [com.dot.ContainerResource] (docker-java-stream-1865446083) STDOUT: 12:58:04.250  INFO  framework.OSGIUtil - Building Directory:/data/shared/felix/upload
2023-08-04 12:58:04,250 INFO  [com.dot.ContainerResource] (docker-java-stream-1865446083) STDOUT: 12:58:04.250  INFO  servlets.BinaryExporterServlet - Exporter "Image Filter Exporter" registered for path /image
2023-08-04 12:58:04,251 INFO  [com.dot.ContainerResource] (docker-java-stream-1865446083) STDOUT: 12:58:04.251  INFO  servlets.BinaryExporterServlet - Exporter "Image Thumbnail Field Exporter" registered for path /image-thumbnail
2023-08-04 12:58:04,252 INFO  [com.dot.ContainerResource] (docker-java-stream-1865446083) STDOUT: 12:58:04.252  INFO  framework.OSGIUtil - Building Directory:/data/shared/felix/load
2023-08-04 12:58:04,253 INFO  [com.dot.ContainerResource] (docker-java-stream-1865446083) STDOUT: 12:58:04.253  INFO  framework.OSGIUtil - Building Directory:/data/shared/felix/undeployed
2023-08-04 12:58:04,253 INFO  [com.dot.ContainerResource] (docker-java-stream-1865446083) STDOUT: 12:58:04.253  INFO  framework.OSGIUtil - Building Directory:/srv/dotserver/tomcat-9.0.60/webapps/ROOT/WEB-INF/felix/bundle
2023-08-04 12:58:04,255 INFO  [com.dot.ContainerResource] (docker-java-stream-1865446083) STDOUT: 12:58:04.254  INFO  framework.OSGIUtil - Building Directory:/srv/dotserver/tomcat-9.0.60/webapps/ROOT/WEB-INF/felix/felix-cache
2023-08-04 12:58:04,268 INFO  [com.dot.ContainerResource] (docker-java-stream-1865446083) STDOUT: 12:58:04.268  INFO  framework.OSGIUtil - Starting the osgi reload on folder: /data/shared/felix/upload
2023-08-04 12:58:04,285 INFO  [com.dot.ContainerResource] (docker-java-stream-1865446083) STDOUT: 12:58:04.285  INFO  framework.OSGIUtil - Loading Factory org.apache.felix.framework.FrameworkFactory
2023-08-04 12:58:04,340 INFO  [com.dot.ContainerResource] (docker-java-stream-1865446083) STDERR: 04-Aug-2023 12:58:04.338 INFO [main] org.apache.catalina.startup.HostConfig.deployDirectory Deployment of web application directory [/srv/dotserver/tomcat-9.0.60/webapps/ROOT] has finished in [60,301] ms
2023-08-04 12:58:04,396 INFO  [com.dot.ContainerResource] (docker-java-stream-1865446083) STDERR: 04-Aug-2023 12:58:04.396 INFO [main] org.apache.coyote.AbstractProtocol.start Starting ProtocolHandler ["http-nio2-8080"]
2023-08-04 12:58:04,403 INFO  [com.dot.ContainerResource] (docker-java-stream-1865446083) STDERR: 04-Aug-2023 12:58:04.402 INFO [main] org.apache.coyote.AbstractProtocol.start Starting ProtocolHandler ["http-nio2-8081"]
2023-08-04 12:58:04,403 INFO  [com.dot.ContainerResource] (docker-java-stream-1865446083) STDERR: 04-Aug-2023 12:58:04.402 INFO [main] org.apache.coyote.AbstractProtocol.start Starting ProtocolHandler ["http-nio2-8082"]
2023-08-04 12:58:04,403 INFO  [com.dot.ContainerResource] (docker-java-stream-1865446083) STDERR: 04-Aug-2023 12:58:04.402 INFO [main] org.apache.coyote.AbstractProtocol.start Starting ProtocolHandler ["https-openssl-nio2-8443"]
2023-08-04 12:58:04,403 INFO  [com.dot.ContainerResource] (docker-java-stream-1865446083) STDERR: 04-Aug-2023 12:58:04.403 INFO [main] org.apache.catalina.startup.Catalina.start Server startup in [60512] milliseconds
2023-08-04 12:58:04,580 INFO  [com.dot.ContainerResource] (docker-java-stream-1865446083) STDOUT: [INFO] Started bridged http service
2023-08-04 12:58:04,646 INFO  [com.dot.ContainerResource] (docker-java-stream-1865446083) STDOUT: 12:58:04.646  INFO  apps.SecretsKeyStoreHelper - KeyStore loaded successfully after `1` tries.
2023-08-04 12:58:04,662 INFO  [com.dot.ContainerResource] (docker-java-stream-1865446083) STDOUT: 12:58:04.652  INFO  framework.OSGIUtil - osgi felix framework started
2023-08-04 12:58:04,665 INFO  [com.dot.ContainerResource] (docker-java-stream-1865446083) STDOUT: 12:58:04.664  INFO  apps.SecretsKeyStoreHelper - KeyStore loaded successfully after `1` tries.
2023-08-04 12:58:04,691 INFO  [com.dot.ContainerResource] (docker-java-stream-1865446083) STDOUT: 12:58:04.691  WARN  struts.MultiMessageResources - Duplicate resource property definition (key=was ==> is now): contenttypes.content.copy=Copy ==> Copy
2023-08-04 12:58:04,693 INFO  [com.dot.ContainerResource] (docker-java-stream-1865446083) STDOUT: 12:58:04.693  WARN  struts.MultiMessageResources - Duplicate resource property definition (key=was ==> is now): message.category.import=Importing Categories.  This operation cannot be cancelled or undone. ==> IMPORT
2023-08-04 12:58:04,694 INFO  [com.dot.ContainerResource] (docker-java-stream-1865446083) STDOUT: 12:58:04.694  WARN  struts.MultiMessageResources - Duplicate resource property definition (key=was ==> is now): message.containers.create.content_type_code=Content Type Code ==> Content Type Code
2023-08-04 12:58:04,697 INFO  [com.dot.ContainerResource] (docker-java-stream-1865446083) STDOUT: 12:58:04.696  WARN  struts.MultiMessageResources - Duplicate resource property definition (key=was ==> is now): Save=Save ==> Save
2023-08-04 12:58:04,698 INFO  [com.dot.ContainerResource] (docker-java-stream-1865446083) STDOUT: 12:58:04.698  WARN  struts.MultiMessageResources - Duplicate resource property definition (key=was ==> is now): Move=Move ==> Move
2023-08-04 12:58:04,699 INFO  [com.dot.ContainerResource] (docker-java-stream-1865446083) STDOUT: 12:58:04.699  WARN  struts.MultiMessageResources - Duplicate resource property definition (key=was ==> is now): archived=archived ==> Archived
2023-08-04 12:58:04,738 INFO  [com.dot.ContainerResource] (docker-java-stream-1865446083) STDOUT: 12:58:04.738  WARN  client.RestClient - request [GET http://elasticsearch:9200/_cluster/health?master_timeout=15000ms&level=cluster&timeout=15000ms] returned 1 warnings: [299 Elasticsearch-7.16.1-5b38441b16b1ebb16a27c107a4c3865776e20c53 "Elasticsearch built-in security features are not enabled. Without authentication, your cluster could be accessible to anyone. See https://www.elastic.co/guide/en/elasticsearch/reference/7.16/security-minimal-setup.html to enable security."]
2023-08-04 12:58:04,773 INFO  [com.dot.ContainerResource] (docker-java-stream-1865446083) STDOUT: 12:58:04.772  INFO  saml.DotSamlProxyFactory - SAML Osgi Bundle has been started
2023-08-04 12:58:04,782 INFO  [com.dot.ContainerResource] (docker-java-stream-1865446083) STDOUT: 12:58:04.781  WARN  impl.SamlConfigurationServiceImpl - The /data/shared/assets/saml/dotcms-saml-default.properties does not exists or can not read
2023-08-04 12:58:04,857 INFO  [com.dot.ContainerResource] (docker-java-stream-1865446083) STDOUT: 12:58:04.857  INFO  apps.SecretsKeyStoreHelper - KeyStore loaded successfully after `1` tries.
2023-08-04 12:58:04,964 INFO  [com.dot.ContainerResource] (docker-java-stream-1865446083) STDOUT: 12:58:04.963  INFO  util.GeoIp2CityDbUtil - Connecting to GeoIP2 database:/srv/dotserver/tomcat-9.0.60/webapps/ROOT/WEB-INF/geoip2/GeoLite2-City.mmdb
2023-08-04 12:58:05,048 INFO  [com.dot.ContainerResource] (docker-java-stream-1865446083) STDOUT: 12:58:05.048  WARN  rules.RulesAPIImpl - Actionlet with name 'CountRulesActionlet' already registered.
2023-08-04 12:58:05,049 INFO  [com.dot.ContainerResource] (docker-java-stream-1865446083) STDOUT: 12:58:05.048  WARN  rules.RulesAPIImpl - Actionlet with name 'SetSessionAttributeActionlet' already registered.
2023-08-04 12:58:05,049 INFO  [com.dot.ContainerResource] (docker-java-stream-1865446083) STDOUT: 12:58:05.049  WARN  rules.RulesAPIImpl - Actionlet with name 'SetRequestAttributeActionlet' already registered.
2023-08-04 12:58:05,050 INFO  [com.dot.ContainerResource] (docker-java-stream-1865446083) STDOUT: 12:58:05.049  WARN  rules.RulesAPIImpl - Actionlet with name 'SetResponseHeaderActionlet' already registered.
2023-08-04 12:58:05,050 INFO  [com.dot.ContainerResource] (docker-java-stream-1865446083) STDOUT: 12:58:05.050  WARN  rules.RulesAPIImpl - Actionlet with name 'PersonaActionlet' already registered.
2023-08-04 12:58:05,050 INFO  [com.dot.ContainerResource] (docker-java-stream-1865446083) STDOUT: 12:58:05.050  WARN  rules.RulesAPIImpl - Actionlet with name 'VisitorTagsActionlet' already registered.
2023-08-04 12:58:05,051 INFO  [com.dot.ContainerResource] (docker-java-stream-1865446083) STDOUT: 12:58:05.051  WARN  rules.RulesAPIImpl - Actionlet with name 'SendRedirectActionlet' already registered.
2023-08-04 12:58:05,051 INFO  [com.dot.ContainerResource] (docker-java-stream-1865446083) STDOUT: 12:58:05.051  WARN  rules.RulesAPIImpl - Actionlet with name 'StopProcessingActionlet' already registered.
2023-08-04 12:58:05,243 INFO  [com.dot.ContainerResource] (docker-java-stream-1865446083) STDERR: 04-Aug-2023 12:58:05.242 INFO [url:POST//default/api/v1/authentication/api-token | lang:1 | ip:172.19.0.1 | Admin:false | start:08-04-2023 12:58:04 UTC] com.dotcms.repackage.org.hibernate.validator.internal.util.Version.<clinit> HV000001: Hibernate Validator 4.3.2.Final
2023-08-04 12:58:06,425 INFO  [com.dot.ContainerResource] (docker-java-stream-1865446083) STDOUT: 12:58:06.424  INFO  util.SecurityLogger - class com.dotmarketing.cms.login.factories.LoginFactory : User (dotcms.org.1) password was re-hashed 600000 times -- ip:172.19.0.1,user:null
2023-08-04 12:58:06,918 INFO  [com.dot.ContainerResource] (docker-java-stream-1865446083) STDOUT: 12:58:06.918  INFO  util.SecurityLogger - class com.dotcms.cms.login.LoginServiceAPIFactory$LoginServiceImpl : User dotcms.org.1 has successfully login from IP: 172.19.0.1 -- ip:172.19.0.1,user:Admin User [ID: dotcms.org.1][email:admin@dotcms.com]
2023-08-04 12:58:06,931 INFO  [com.dot.ContainerResource] (docker-java-stream-1865446083) STDOUT: 12:58:06.931  INFO  util.SecurityLogger - class com.dotcms.rest.api.v1.authentication.CreateJsonWebTokenResource : A Json Web Token admin@dotcms.com is being created from IP: 172.19.0.1 -- ip:172.19.0.1,user:Admin User [ID: dotcms.org.1][email:admin@dotcms.com]
2023-08-04 12:58:07,322 INFO  [com.dot.ContainerResource] (docker-java-stream-1865446083) STDOUT: 12:58:07.321  INFO  asset.WebAssetResource - User [dotcms.org.1] is requesting assets info for path [//default/folderDoesNotExist]
2023-08-04 12:58:07,512 INFO  [com.dot.ContainerResource] (docker-java-stream-1865446083) STDOUT: 12:58:07.506  WARN  client.RestClient - request [POST http://elasticsearch:9200/cluster_c40f8aa8c9.working_20230804125756/_search?typed_keys=true&max_concurrent_shard_requests=5&ignore_unavailable=false&expand_wildcards=open&allow_no_indices=true&ignore_throttled=true&search_type=query_then_fetch&batched_reduce_size=512&ccs_minimize_roundtrips=true] returned 2 warnings: [299 Elasticsearch-7.16.1-5b38441b16b1ebb16a27c107a4c3865776e20c53 "Elasticsearch built-in security features are not enabled. Without authentication, your cluster could be accessible to anyone. See https://www.elastic.co/guide/en/elasticsearch/reference/7.16/security-minimal-setup.html to enable security."],[299 Elasticsearch-7.16.1-5b38441b16b1ebb16a27c107a4c3865776e20c53 "[ignore_throttled] parameter is deprecated because frozen indices have been deprecated. Consider cold or frozen tiers in place of frozen indices."]
2023-08-04 12:58:07,521 INFO  [com.dot.ContainerResource] (docker-java-stream-1865446083) STDOUT: 12:58:07.521  INFO  util.SecurityLogger - class com.dotcms.rest.exception.mapper.NotFoundInDbExceptionMapper :  Asset [folderDoesNotExist] not found -- ip:172.19.0.1,user:Admin User [ID: dotcms.org.1][email:admin@dotcms.com]
]]></system-out>
  </testcase>
  <testcase name="Test_Asset_By_Path_Root" classname="com.dotcms.api.AssetAPIIntegrationTest" time="1.11">
    <system-out><![CDATA[2023-08-04 12:58:08,456 INFO  [com.dot.ContainerResource] (docker-java-stream-1865446083) STDOUT: 12:58:08.455  INFO  util.SecurityLogger - class com.dotcms.cms.login.LoginServiceAPIFactory$LoginServiceImpl : User dotcms.org.1 has successfully login from IP: 172.19.0.1 -- ip:172.19.0.1,user:Admin User [ID: dotcms.org.1][email:admin@dotcms.com]
2023-08-04 12:58:08,456 INFO  [com.dot.ContainerResource] (docker-java-stream-1865446083) STDOUT: 12:58:08.456  INFO  util.SecurityLogger - class com.dotcms.rest.api.v1.authentication.CreateJsonWebTokenResource : A Json Web Token admin@dotcms.com is being created from IP: 172.19.0.1 -- ip:172.19.0.1,user:Admin User [ID: dotcms.org.1][email:admin@dotcms.com]
2023-08-04 12:58:08,548 INFO  [com.dot.ContainerResource] (docker-java-stream-1865446083) STDOUT: 12:58:08.547  INFO  business.DeterministicIdentifierAPIImpl - hashing id: folder:default/folder-dbzchjlwch to 85578a175d64df9455086b5a923f356a
2023-08-04 12:58:08,562 INFO  [com.dot.ContainerResource] (docker-java-stream-1865446083) STDOUT: 12:58:08.561  INFO  business.DeterministicIdentifierAPIImpl - hashing id: folder:default/folder-bpvzlvrhfx to c9bce2903290f96d2e1950b0db858232
2023-08-04 12:58:08,578 INFO  [com.dot.ContainerResource] (docker-java-stream-1865446083) STDOUT: 12:58:08.578  INFO  business.DeterministicIdentifierAPIImpl - hashing id: folder:default/folder-gzodfjftut to b97758e9c1b8cc86cbaf1be944020819
2023-08-04 12:58:08,607 INFO  [com.dot.ContainerResource] (docker-java-stream-1865446083) STDOUT: 12:58:08.607  INFO  asset.WebAssetResource - User [dotcms.org.1] is requesting assets info for path [//default/]
2023-08-04 12:58:08,625 INFO  [com.dot.ContainerResource] (docker-java-stream-1865446083) STDOUT: 12:58:08.623  WARN  client.RestClient - request [POST http://elasticsearch:9200/cluster_c40f8aa8c9.working_20230804125756/_search?typed_keys=true&max_concurrent_shard_requests=5&ignore_unavailable=false&expand_wildcards=open&allow_no_indices=true&ignore_throttled=true&search_type=query_then_fetch&batched_reduce_size=512&ccs_minimize_roundtrips=true] returned 2 warnings: [299 Elasticsearch-7.16.1-5b38441b16b1ebb16a27c107a4c3865776e20c53 "Elasticsearch built-in security features are not enabled. Without authentication, your cluster could be accessible to anyone. See https://www.elastic.co/guide/en/elasticsearch/reference/7.16/security-minimal-setup.html to enable security."],[299 Elasticsearch-7.16.1-5b38441b16b1ebb16a27c107a4c3865776e20c53 "[ignore_throttled] parameter is deprecated because frozen indices have been deprecated. Consider cold or frozen tiers in place of frozen indices."]
]]></system-out>
  </testcase>
  <testcase name="Test_Asset_By_Path_Inner_Folders" classname="com.dotcms.api.AssetAPIIntegrationTest" time="0.965">
    <system-out><![CDATA[2023-08-04 12:58:09,600 INFO  [com.dot.ContainerResource] (docker-java-stream-1865446083) STDOUT: 12:58:09.598  INFO  util.SecurityLogger - class com.dotcms.cms.login.LoginServiceAPIFactory$LoginServiceImpl : User dotcms.org.1 has successfully login from IP: 172.19.0.1 -- ip:172.19.0.1,user:Admin User [ID: dotcms.org.1][email:admin@dotcms.com]
2023-08-04 12:58:09,600 INFO  [com.dot.ContainerResource] (docker-java-stream-1865446083) STDOUT: 12:58:09.599  INFO  util.SecurityLogger - class com.dotcms.rest.api.v1.authentication.CreateJsonWebTokenResource : A Json Web Token admin@dotcms.com is being created from IP: 172.19.0.1 -- ip:172.19.0.1,user:Admin User [ID: dotcms.org.1][email:admin@dotcms.com]
2023-08-04 12:58:09,617 INFO  [com.dot.ContainerResource] (docker-java-stream-1865446083) STDOUT: 12:58:09.616  INFO  business.DeterministicIdentifierAPIImpl - hashing id: folder:default/folder-bwedmxbgtr to f90805672f9fab0ba009c16fe82b60f4
2023-08-04 12:58:09,623 INFO  [com.dot.ContainerResource] (docker-java-stream-1865446083) STDOUT: 12:58:09.622  INFO  business.DeterministicIdentifierAPIImpl - hashing id: folder:default/folder-bwedmxbgtr/folder-hwuqrudugv to 78217347892376973b2b38da681da6a1
2023-08-04 12:58:09,633 INFO  [com.dot.ContainerResource] (docker-java-stream-1865446083) STDOUT: 12:58:09.633  INFO  business.DeterministicIdentifierAPIImpl - hashing id: folder:default/folder-bwedmxbgtr/folder-hxpmcbffxg to 89148db72c18b8439abd50a323a62070
2023-08-04 12:58:09,656 INFO  [com.dot.ContainerResource] (docker-java-stream-1865446083) STDOUT: 12:58:09.655  INFO  asset.WebAssetResource - User [dotcms.org.1] is requesting assets info for path [//default/folder-BwEdMXBGTR]
2023-08-04 12:58:09,670 INFO  [com.dot.ContainerResource] (docker-java-stream-1865446083) STDOUT: 12:58:09.669  WARN  client.RestClient - request [POST http://elasticsearch:9200/cluster_c40f8aa8c9.working_20230804125756/_search?typed_keys=true&max_concurrent_shard_requests=5&ignore_unavailable=false&expand_wildcards=open&allow_no_indices=true&ignore_throttled=true&search_type=query_then_fetch&batched_reduce_size=512&ccs_minimize_roundtrips=true] returned 2 warnings: [299 Elasticsearch-7.16.1-5b38441b16b1ebb16a27c107a4c3865776e20c53 "Elasticsearch built-in security features are not enabled. Without authentication, your cluster could be accessible to anyone. See https://www.elastic.co/guide/en/elasticsearch/reference/7.16/security-minimal-setup.html to enable security."],[299 Elasticsearch-7.16.1-5b38441b16b1ebb16a27c107a4c3865776e20c53 "[ignore_throttled] parameter is deprecated because frozen indices have been deprecated. Consider cold or frozen tiers in place of frozen indices."]
]]></system-out>
  </testcase>
  <testcase name="Test_Asset_By_Path_Inner_Folders_Three_Levels" classname="com.dotcms.api.AssetAPIIntegrationTest" time="1.213">
    <system-out><![CDATA[2023-08-04 12:58:10,686 INFO  [com.dot.ContainerResource] (docker-java-stream-1865446083) STDOUT: 12:58:10.686  INFO  util.SecurityLogger - class com.dotcms.cms.login.LoginServiceAPIFactory$LoginServiceImpl : User dotcms.org.1 has successfully login from IP: 172.19.0.1 -- ip:172.19.0.1,user:Admin User [ID: dotcms.org.1][email:admin@dotcms.com]
2023-08-04 12:58:10,745 INFO  [com.dot.ContainerResource] (docker-java-stream-1865446083) STDOUT: 12:58:10.697  INFO  util.SecurityLogger - class com.dotcms.rest.api.v1.authentication.CreateJsonWebTokenResource : A Json Web Token admin@dotcms.com is being created from IP: 172.19.0.1 -- ip:172.19.0.1,user:Admin User [ID: dotcms.org.1][email:admin@dotcms.com]
2023-08-04 12:58:10,776 INFO  [com.dot.ContainerResource] (docker-java-stream-1865446083) STDOUT: 12:58:10.772  INFO  business.DeterministicIdentifierAPIImpl - hashing id: folder:default/folder-gcbglkewil to d060e8ffa0a19f8b74f1a7751ffccc93
2023-08-04 12:58:10,788 INFO  [com.dot.ContainerResource] (docker-java-stream-1865446083) STDOUT: 12:58:10.787  INFO  business.DeterministicIdentifierAPIImpl - hashing id: folder:default/folder-gcbglkewil/folder-ngqhrjewzv to f0142bfe141b387cfd79885843826e44
2023-08-04 12:58:10,806 INFO  [com.dot.ContainerResource] (docker-java-stream-1865446083) STDOUT: 12:58:10.805  INFO  business.DeterministicIdentifierAPIImpl - hashing id: folder:default/folder-gcbglkewil/folder-ngqhrjewzv/folder-kvsafzgdfv to 93c996cf2c98de37068b00194d6afa12
2023-08-04 12:58:10,851 INFO  [com.dot.ContainerResource] (docker-java-stream-1865446083) STDOUT: 12:58:10.849  INFO  asset.WebAssetResource - User [dotcms.org.1] is requesting assets info for path [//default//folder-GcBGlKeWil/folder-ngqhrjEWZV/folder-kvSafzgDfV]
2023-08-04 12:58:10,887 INFO  [com.dot.ContainerResource] (docker-java-stream-1865446083) STDOUT: 12:58:10.884  WARN  client.RestClient - request [POST http://elasticsearch:9200/cluster_c40f8aa8c9.working_20230804125756/_search?typed_keys=true&max_concurrent_shard_requests=5&ignore_unavailable=false&expand_wildcards=open&allow_no_indices=true&ignore_throttled=true&search_type=query_then_fetch&batched_reduce_size=512&ccs_minimize_roundtrips=true] returned 2 warnings: [299 Elasticsearch-7.16.1-5b38441b16b1ebb16a27c107a4c3865776e20c53 "Elasticsearch built-in security features are not enabled. Without authentication, your cluster could be accessible to anyone. See https://www.elastic.co/guide/en/elasticsearch/reference/7.16/security-minimal-setup.html to enable security."],[299 Elasticsearch-7.16.1-5b38441b16b1ebb16a27c107a4c3865776e20c53 "[ignore_throttled] parameter is deprecated because frozen indices have been deprecated. Consider cold or frozen tiers in place of frozen indices."]
]]></system-out>
  </testcase>
  <testcase name="Test_Download_Not_Found" classname="com.dotcms.api.AssetAPIIntegrationTest" time="0.79">
    <system-out><![CDATA[2023-08-04 12:58:11,667 INFO  [com.dot.ContainerResource] (docker-java-stream-1865446083) STDOUT: 12:58:11.666  INFO  util.SecurityLogger - class com.dotcms.cms.login.LoginServiceAPIFactory$LoginServiceImpl : User dotcms.org.1 has successfully login from IP: 172.19.0.1 -- ip:172.19.0.1,user:Admin User [ID: dotcms.org.1][email:admin@dotcms.com]
2023-08-04 12:58:11,667 INFO  [com.dot.ContainerResource] (docker-java-stream-1865446083) STDOUT: 12:58:11.666  INFO  util.SecurityLogger - class com.dotcms.rest.api.v1.authentication.CreateJsonWebTokenResource : A Json Web Token admin@dotcms.com is being created from IP: 172.19.0.1 -- ip:172.19.0.1,user:Admin User [ID: dotcms.org.1][email:admin@dotcms.com]
2023-08-04 12:58:11,700 INFO  [com.dot.ContainerResource] (docker-java-stream-1865446083) STDOUT: 12:58:11.699  INFO  asset.WebAssetResource - User [dotcms.org.1] is requesting asset content for download for path [//default/folderDoesNotExist/image.png]
2023-08-04 12:58:11,704 INFO  [com.dot.ContainerResource] (docker-java-stream-1865446083) STDOUT: 12:58:11.703  INFO  util.SecurityLogger - class com.dotcms.rest.exception.mapper.NotFoundInDbExceptionMapper : Unable to determine a valid folder or asset from uri: [//default/folderDoesNotExist/image.png]. -- ip:172.19.0.1,user:Admin User [ID: dotcms.org.1][email:admin@dotcms.com]
]]></system-out>
  </testcase>
</testsuite>