<?xml version="1.0" encoding="UTF-8"?>
<testsuite xmlns:xsi="http://www.w3.org/2001/XMLSchema-instance" xsi:noNamespaceSchemaLocation="https://maven.apache.org/surefire/maven-failsafe-plugin/xsd/failsafe-test-report-3.0.xsd" version="3.0" name="com.dotcms.api.SiteAPIIntegrationTest" time="9.604" tests="9" errors="0" skipped="0" failures="0">
  <properties>
    <property name="awt.toolkit" value="sun.awt.X11.XToolkit"/>
    <property name="java.specification.version" value="11"/>
    <property name="sun.cpu.isalist" value=""/>
    <property name="test.url" value="http://localhost:8081"/>
    <property name="sun.jnu.encoding" value="UTF-8"/>
    <property name="native.image.path" value="/home/runner/work/core/core/tools/dotcms-cli/api-data-model/target/api-data-model-1.0.0-SNAPSHOT-runner"/>
    <property name="java.class.path" value="/home/runner/work/core/core/tools/dotcms-cli/api-data-model/target/test-classes:/home/runner/work/core/core/tools/dotcms-cli/api-data-model/target/api-data-model-1.0.0-SNAPSHOT.jar:/home/runner/.m2/repository/io/quarkus/quarkus-arc/2.9.1.Final/quarkus-arc-2.9.1.Final.jar:/home/runner/.m2/repository/io/quarkus/arc/arc/2.9.1.Final/arc-2.9.1.Final.jar:/home/runner/.m2/repository/jakarta/enterprise/jakarta.enterprise.cdi-api/2.0.2/jakarta.enterprise.cdi-api-2.0.2.jar:/home/runner/.m2/repository/jakarta/el/jakarta.el-api/3.0.3/jakarta.el-api-3.0.3.jar:/home/runner/.m2/repository/jakarta/annotation/jakarta.annotation-api/1.3.5/jakarta.annotation-api-1.3.5.jar:/home/runner/.m2/repository/jakarta/transaction/jakarta.transaction-api/1.3.3/jakarta.transaction-api-1.3.3.jar:/home/runner/.m2/repository/org/jboss/logging/jboss-logging/3.4.3.Final/jboss-logging-3.4.3.Final.jar:/home/runner/.m2/repository/io/quarkus/quarkus-core/2.9.1.Final/quarkus-core-2.9.1.Final.jar:/home/runner/.m2/repository/jakarta/inject/jakarta.inject-api/1.0/jakarta.inject-api-1.0.jar:/home/runner/.m2/repository/io/quarkus/quarkus-ide-launcher/2.9.1.Final/quarkus-ide-launcher-2.9.1.Final.jar:/home/runner/.m2/repository/io/quarkus/quarkus-development-mode-spi/2.9.1.Final/quarkus-development-mode-spi-2.9.1.Final.jar:/home/runner/.m2/repository/io/smallrye/config/smallrye-config/2.10.0/smallrye-config-2.10.0.jar:/home/runner/.m2/repository/io/smallrye/config/smallrye-config-core/2.10.0/smallrye-config-core-2.10.0.jar:/home/runner/.m2/repository/io/smallrye/common/smallrye-common-expression/1.11.0/smallrye-common-expression-1.11.0.jar:/home/runner/.m2/repository/io/smallrye/common/smallrye-common-function/1.11.0/smallrye-common-function-1.11.0.jar:/home/runner/.m2/repository/io/smallrye/common/smallrye-common-classloader/1.11.0/smallrye-common-classloader-1.11.0.jar:/home/runner/.m2/repository/io/smallrye/config/smallrye-config-common/2.10.0/smallrye-config-common-2.10.0.jar:/home/runner/.m2/repository/org/jboss/logmanager/jboss-logmanager-embedded/1.0.9/jboss-logmanager-embedded-1.0.9.jar:/home/runner/.m2/repository/org/jboss/logging/jboss-logging-annotations/2.2.1.Final/jboss-logging-annotations-2.2.1.Final.jar:/home/runner/.m2/repository/org/jboss/threads/jboss-threads/3.4.2.Final/jboss-threads-3.4.2.Final.jar:/home/runner/.m2/repository/org/jboss/slf4j/slf4j-jboss-logmanager/1.1.0.Final/slf4j-jboss-logmanager-1.1.0.Final.jar:/home/runner/.m2/repository/org/graalvm/sdk/graal-sdk/22.0.0.2/graal-sdk-22.0.0.2.jar:/home/runner/.m2/repository/org/wildfly/common/wildfly-common/1.5.4.Final-format-001/wildfly-common-1.5.4.Final-format-001.jar:/home/runner/.m2/repository/io/quarkus/quarkus-bootstrap-runner/2.9.1.Final/quarkus-bootstrap-runner-2.9.1.Final.jar:/home/runner/.m2/repository/io/quarkus/quarkus-fs-util/0.0.9/quarkus-fs-util-0.0.9.jar:/home/runner/.m2/repository/org/eclipse/microprofile/context-propagation/microprofile-context-propagation-api/1.2/microprofile-context-propagation-api-1.2.jar:/home/runner/.m2/repository/io/quarkus/quarkus-junit5/2.9.1.Final/quarkus-junit5-2.9.1.Final.jar:/home/runner/.m2/repository/io/quarkus/quarkus-bootstrap-core/2.9.1.Final/quarkus-bootstrap-core-2.9.1.Final.jar:/home/runner/.m2/repository/io/quarkus/quarkus-bootstrap-app-model/2.9.1.Final/quarkus-bootstrap-app-model-2.9.1.Final.jar:/home/runner/.m2/repository/io/quarkus/quarkus-bootstrap-gradle-resolver/2.9.1.Final/quarkus-bootstrap-gradle-resolver-2.9.1.Final.jar:/home/runner/.m2/repository/io/smallrye/common/smallrye-common-io/1.11.0/smallrye-common-io-1.11.0.jar:/home/runner/.m2/repository/org/eclipse/sisu/org.eclipse.sisu.inject/0.3.5/org.eclipse.sisu.inject-0.3.5.jar:/home/runner/.m2/repository/io/quarkus/quarkus-test-common/2.9.1.Final/quarkus-test-common-2.9.1.Final.jar:/home/runner/.m2/repository/io/quarkus/quarkus-core-deployment/2.9.1.Final/quarkus-core-deployment-2.9.1.Final.jar:/home/runner/.m2/repository/org/aesh/readline/2.2/readline-2.2.jar:/home/runner/.m2/repository/org/fusesource/jansi/jansi/1.18/jansi-1.18.jar:/home/runner/.m2/repository/org/aesh/aesh/2.6/aesh-2.6.jar:/home/runner/.m2/repository/io/quarkus/gizmo/gizmo/1.0.10.Final/gizmo-1.0.10.Final.jar:/home/runner/.m2/repository/org/ow2/asm/asm-util/9.2/asm-util-9.2.jar:/home/runner/.m2/repository/org/ow2/asm/asm/9.3/asm-9.3.jar:/home/runner/.m2/repository/org/ow2/asm/asm-commons/9.3/asm-commons-9.3.jar:/home/runner/.m2/repository/org/ow2/asm/asm-tree/9.3/asm-tree-9.3.jar:/home/runner/.m2/repository/org/ow2/asm/asm-analysis/9.3/asm-analysis-9.3.jar:/home/runner/.m2/repository/io/quarkus/quarkus-class-change-agent/2.9.1.Final/quarkus-class-change-agent-2.9.1.Final.jar:/home/runner/.m2/repository/io/quarkus/quarkus-devtools-utilities/2.9.1.Final/quarkus-devtools-utilities-2.9.1.Final.jar:/home/runner/.m2/repository/io/quarkus/quarkus-builder/2.9.1.Final/quarkus-builder-2.9.1.Final.jar:/home/runner/.m2/repository/org/junit/platform/junit-platform-launcher/1.8.2/junit-platform-launcher-1.8.2.jar:/home/runner/.m2/repository/org/jboss/jandex/2.4.2.Final/jandex-2.4.2.Final.jar:/home/runner/.m2/repository/io/quarkus/quarkus-junit5-properties/2.9.1.Final/quarkus-junit5-properties-2.9.1.Final.jar:/home/runner/.m2/repository/com/thoughtworks/xstream/xstream/1.4.19/xstream-1.4.19.jar:/home/runner/.m2/repository/io/github/x-stream/mxparser/1.2.2/mxparser-1.2.2.jar:/home/runner/.m2/repository/xmlpull/xmlpull/1.1.3.1/xmlpull-1.1.3.1.jar:/home/runner/.m2/repository/org/immutables/value/2.8.2/value-2.8.2.jar:/home/runner/.m2/repository/io/quarkus/quarkus-resteasy-reactive-jackson/2.9.1.Final/quarkus-resteasy-reactive-jackson-2.9.1.Final.jar:/home/runner/.m2/repository/io/quarkus/quarkus-resteasy-reactive/2.9.1.Final/quarkus-resteasy-reactive-2.9.1.Final.jar:/home/runner/.m2/repository/io/quarkus/quarkus-resteasy-reactive-common/2.9.1.Final/quarkus-resteasy-reactive-common-2.9.1.Final.jar:/home/runner/.m2/repository/io/quarkus/resteasy/reactive/resteasy-reactive-common/2.9.1.Final/resteasy-reactive-common-2.9.1.Final.jar:/home/runner/.m2/repository/io/quarkus/resteasy/reactive/resteasy-reactive-vertx/2.9.1.Final/resteasy-reactive-vertx-2.9.1.Final.jar:/home/runner/.m2/repository/io/smallrye/reactive/smallrye-mutiny-vertx-core/2.21.0/smallrye-mutiny-vertx-core-2.21.0.jar:/home/runner/.m2/repository/io/smallrye/reactive/smallrye-mutiny-vertx-runtime/2.21.0/smallrye-mutiny-vertx-runtime-2.21.0.jar:/home/runner/.m2/repository/io/smallrye/reactive/vertx-mutiny-generator/2.21.0/vertx-mutiny-generator-2.21.0.jar:/home/runner/.m2/repository/io/vertx/vertx-codegen/4.2.7/vertx-codegen-4.2.7.jar:/home/runner/.m2/repository/io/quarkus/resteasy/reactive/resteasy-reactive/2.9.1.Final/resteasy-reactive-2.9.1.Final.jar:/home/runner/.m2/repository/org/jboss/spec/javax/ws/rs/jboss-jaxrs-api_2.1_spec/2.0.1.Final/jboss-jaxrs-api_2.1_spec-2.0.1.Final.jar:/home/runner/.m2/repository/io/quarkus/quarkus-jsonp/2.9.1.Final/quarkus-jsonp-2.9.1.Final.jar:/home/runner/.m2/repository/org/glassfish/jakarta.json/1.1.6/jakarta.json-1.1.6.jar:/home/runner/.m2/repository/io/quarkus/quarkus-resteasy-reactive-jackson-common/2.9.1.Final/quarkus-resteasy-reactive-jackson-common-2.9.1.Final.jar:/home/runner/.m2/repository/io/quarkus/resteasy/reactive/resteasy-reactive-jackson/2.9.1.Final/resteasy-reactive-jackson-2.9.1.Final.jar:/home/runner/.m2/repository/com/google/code/findbugs/jsr305/3.0.2/jsr305-3.0.2.jar:/home/runner/.m2/repository/io/rest-assured/rest-assured/4.5.1/rest-assured-4.5.1.jar:/home/runner/.m2/repository/org/codehaus/groovy/groovy/3.0.9/groovy-3.0.9.jar:/home/runner/.m2/repository/org/codehaus/groovy/groovy-xml/3.0.9/groovy-xml-3.0.9.jar:/home/runner/.m2/repository/org/apache/httpcomponents/httpclient/4.5.13/httpclient-4.5.13.jar:/home/runner/.m2/repository/org/apache/httpcomponents/httpcore/4.4.15/httpcore-4.4.15.jar:/home/runner/.m2/repository/commons-codec/commons-codec/1.15/commons-codec-1.15.jar:/home/runner/.m2/repository/org/apache/httpcomponents/httpmime/4.5.13/httpmime-4.5.13.jar:/home/runner/.m2/repository/org/hamcrest/hamcrest/2.1/hamcrest-2.1.jar:/home/runner/.m2/repository/org/ccil/cowan/tagsoup/tagsoup/1.2.1/tagsoup-1.2.1.jar:/home/runner/.m2/repository/io/rest-assured/json-path/4.5.1/json-path-4.5.1.jar:/home/runner/.m2/repository/org/codehaus/groovy/groovy-json/3.0.9/groovy-json-3.0.9.jar:/home/runner/.m2/repository/io/rest-assured/rest-assured-common/4.5.1/rest-assured-common-4.5.1.jar:/home/runner/.m2/repository/io/rest-assured/xml-path/4.5.1/xml-path-4.5.1.jar:/home/runner/.m2/repository/org/apache/commons/commons-lang3/3.12.0/commons-lang3-3.12.0.jar:/home/runner/.m2/repository/com/github/jonpeterson/jackson-module-model-versioning/1.2.2/jackson-module-model-versioning-1.2.2.jar:/home/runner/.m2/repository/com/fasterxml/jackson/core/jackson-databind/2.13.2.2/jackson-databind-2.13.2.2.jar:/home/runner/.m2/repository/com/fasterxml/jackson/core/jackson-annotations/2.13.2/jackson-annotations-2.13.2.jar:/home/runner/.m2/repository/com/fasterxml/jackson/datatype/jackson-datatype-guava/2.13.3/jackson-datatype-guava-2.13.3.jar:/home/runner/.m2/repository/com/google/guava/guava/31.1-jre/guava-31.1-jre.jar:/home/runner/.m2/repository/com/google/guava/failureaccess/1.0.1/failureaccess-1.0.1.jar:/home/runner/.m2/repository/org/checkerframework/checker-qual/3.21.4/checker-qual-3.21.4.jar:/home/runner/.m2/repository/com/google/errorprone/error_prone_annotations/2.13.1/error_prone_annotations-2.13.1.jar:/home/runner/.m2/repository/com/google/j2objc/j2objc-annotations/1.3/j2objc-annotations-1.3.jar:/home/runner/.m2/repository/com/fasterxml/jackson/core/jackson-core/2.13.2/jackson-core-2.13.2.jar:/home/runner/.m2/repository/io/quarkus/quarkus-smallrye-openapi/2.9.1.Final/quarkus-smallrye-openapi-2.9.1.Final.jar:/home/runner/.m2/repository/io/smallrye/smallrye-open-api-core/2.1.22/smallrye-open-api-core-2.1.22.jar:/home/runner/.m2/repository/org/eclipse/microprofile/openapi/microprofile-openapi-api/2.0.1/microprofile-openapi-api-2.0.1.jar:/home/runner/.m2/repository/org/eclipse/microprofile/config/microprofile-config-api/2.0.1/microprofile-config-api-2.0.1.jar:/home/runner/.m2/repository/io/quarkus/quarkus-vertx-http/2.9.1.Final/quarkus-vertx-http-2.9.1.Final.jar:/home/runner/.m2/repository/io/quarkus/quarkus-security-runtime-spi/2.9.1.Final/quarkus-security-runtime-spi-2.9.1.Final.jar:/home/runner/.m2/repository/io/quarkus/quarkus-mutiny/2.9.1.Final/quarkus-mutiny-2.9.1.Final.jar:/home/runner/.m2/repository/io/smallrye/reactive/mutiny/1.4.0/mutiny-1.4.0.jar:/home/runner/.m2/repository/io/quarkus/quarkus-smallrye-context-propagation/2.9.1.Final/quarkus-smallrye-context-propagation-2.9.1.Final.jar:/home/runner/.m2/repository/io/smallrye/smallrye-context-propagation/1.2.2/smallrye-context-propagation-1.2.2.jar:/home/runner/.m2/repository/io/smallrye/smallrye-context-propagation-api/1.2.2/smallrye-context-propagation-api-1.2.2.jar:/home/runner/.m2/repository/io/smallrye/smallrye-context-propagation-storage/1.2.2/smallrye-context-propagation-storage-1.2.2.jar:/home/runner/.m2/repository/io/smallrye/reactive/mutiny-smallrye-context-propagation/1.4.0/mutiny-smallrye-context-propagation-1.4.0.jar:/home/runner/.m2/repository/io/smallrye/common/smallrye-common-vertx-context/1.11.0/smallrye-common-vertx-context-1.11.0.jar:/home/runner/.m2/repository/io/vertx/vertx-core/4.2.7/vertx-core-4.2.7.jar:/home/runner/.m2/repository/io/netty/netty-common/4.1.74.Final/netty-common-4.1.74.Final.jar:/home/runner/.m2/repository/io/netty/netty-buffer/4.1.74.Final/netty-buffer-4.1.74.Final.jar:/home/runner/.m2/repository/io/netty/netty-transport/4.1.74.Final/netty-transport-4.1.74.Final.jar:/home/runner/.m2/repository/io/netty/netty-handler/4.1.74.Final/netty-handler-4.1.74.Final.jar:/home/runner/.m2/repository/io/netty/netty-tcnative-classes/2.0.48.Final/netty-tcnative-classes-2.0.48.Final.jar:/home/runner/.m2/repository/io/netty/netty-handler-proxy/4.1.74.Final/netty-handler-proxy-4.1.74.Final.jar:/home/runner/.m2/repository/io/netty/netty-codec-socks/4.1.74.Final/netty-codec-socks-4.1.74.Final.jar:/home/runner/.m2/repository/io/netty/netty-codec-http/4.1.74.Final/netty-codec-http-4.1.74.Final.jar:/home/runner/.m2/repository/io/netty/netty-codec-http2/4.1.74.Final/netty-codec-http2-4.1.74.Final.jar:/home/runner/.m2/repository/io/netty/netty-resolver/4.1.74.Final/netty-resolver-4.1.74.Final.jar:/home/runner/.m2/repository/io/netty/netty-resolver-dns/4.1.74.Final/netty-resolver-dns-4.1.74.Final.jar:/home/runner/.m2/repository/io/netty/netty-codec-dns/4.1.74.Final/netty-codec-dns-4.1.74.Final.jar:/home/runner/.m2/repository/io/smallrye/common/smallrye-common-constraint/1.11.0/smallrye-common-constraint-1.11.0.jar:/home/runner/.m2/repository/io/quarkus/quarkus-vertx-http-dev-console-runtime-spi/2.9.1.Final/quarkus-vertx-http-dev-console-runtime-spi-2.9.1.Final.jar:/home/runner/.m2/repository/io/quarkus/security/quarkus-security/1.1.4.Final/quarkus-security-1.1.4.Final.jar:/home/runner/.m2/repository/io/quarkus/quarkus-vertx/2.9.1.Final/quarkus-vertx-2.9.1.Final.jar:/home/runner/.m2/repository/io/quarkus/quarkus-netty/2.9.1.Final/quarkus-netty-2.9.1.Final.jar:/home/runner/.m2/repository/io/netty/netty-codec/4.1.74.Final/netty-codec-4.1.74.Final.jar:/home/runner/.m2/repository/io/netty/netty-codec-haproxy/4.1.74.Final/netty-codec-haproxy-4.1.74.Final.jar:/home/runner/.m2/repository/io/smallrye/common/smallrye-common-annotation/1.11.0/smallrye-common-annotation-1.11.0.jar:/home/runner/.m2/repository/io/smallrye/smallrye-fault-tolerance-vertx/5.4.0/smallrye-fault-tolerance-vertx-5.4.0.jar:/home/runner/.m2/repository/io/smallrye/reactive/smallrye-mutiny-vertx-web/2.21.0/smallrye-mutiny-vertx-web-2.21.0.jar:/home/runner/.m2/repository/io/smallrye/reactive/smallrye-mutiny-vertx-web-common/2.21.0/smallrye-mutiny-vertx-web-common-2.21.0.jar:/home/runner/.m2/repository/io/smallrye/reactive/smallrye-mutiny-vertx-auth-common/2.21.0/smallrye-mutiny-vertx-auth-common-2.21.0.jar:/home/runner/.m2/repository/io/smallrye/reactive/smallrye-mutiny-vertx-bridge-common/2.21.0/smallrye-mutiny-vertx-bridge-common-2.21.0.jar:/home/runner/.m2/repository/io/vertx/vertx-web/4.2.7/vertx-web-4.2.7.jar:/home/runner/.m2/repository/io/vertx/vertx-web-common/4.2.7/vertx-web-common-4.2.7.jar:/home/runner/.m2/repository/io/vertx/vertx-auth-common/4.2.7/vertx-auth-common-4.2.7.jar:/home/runner/.m2/repository/io/vertx/vertx-bridge-common/4.2.7/vertx-bridge-common-4.2.7.jar:/home/runner/.m2/repository/io/quarkus/quarkus-swagger-ui/2.9.1.Final/quarkus-swagger-ui-2.9.1.Final.jar:/home/runner/.m2/repository/io/quarkus/quarkus-rest-client/2.9.1.Final/quarkus-rest-client-2.9.1.Final.jar:/home/runner/.m2/repository/io/quarkus/quarkus-resteasy-common/2.9.1.Final/quarkus-resteasy-common-2.9.1.Final.jar:/home/runner/.m2/repository/org/jboss/resteasy/resteasy-core/4.7.5.Final/resteasy-core-4.7.5.Final.jar:/home/runner/.m2/repository/org/jboss/resteasy/resteasy-core-spi/4.7.5.Final/resteasy-core-spi-4.7.5.Final.jar:/home/runner/.m2/repository/org/reactivestreams/reactive-streams/1.0.3/reactive-streams-1.0.3.jar:/home/runner/.m2/repository/jakarta/validation/jakarta.validation-api/2.0.2/jakarta.validation-api-2.0.2.jar:/home/runner/.m2/repository/com/ibm/async/asyncutil/0.1.0/asyncutil-0.1.0.jar:/home/runner/.m2/repository/com/sun/activation/jakarta.activation/1.2.1/jakarta.activation-1.2.1.jar:/home/runner/.m2/repository/io/quarkus/quarkus-apache-httpclient/2.9.1.Final/quarkus-apache-httpclient-2.9.1.Final.jar:/home/runner/.m2/repository/io/quarkus/quarkus-rest-client-config/2.9.1.Final/quarkus-rest-client-config-2.9.1.Final.jar:/home/runner/.m2/repository/org/eclipse/microprofile/rest/client/microprofile-rest-client-api/2.0/microprofile-rest-client-api-2.0.jar:/home/runner/.m2/repository/org/jboss/resteasy/resteasy-client-microprofile/4.7.5.Final/resteasy-client-microprofile-4.7.5.Final.jar:/home/runner/.m2/repository/org/jboss/resteasy/resteasy-client-microprofile-base/4.7.5.Final/resteasy-client-microprofile-base-4.7.5.Final.jar:/home/runner/.m2/repository/org/jboss/resteasy/resteasy-client/4.7.5.Final/resteasy-client-4.7.5.Final.jar:/home/runner/.m2/repository/org/jboss/resteasy/resteasy-client-api/4.7.5.Final/resteasy-client-api-4.7.5.Final.jar:/home/runner/.m2/repository/commons-io/commons-io/2.11.0/commons-io-2.11.0.jar:/home/runner/.m2/repository/org/jboss/resteasy/resteasy-cdi/4.7.5.Final/resteasy-cdi-4.7.5.Final.jar:/home/runner/.m2/repository/jakarta/interceptor/jakarta.interceptor-api/1.2.5/jakarta.interceptor-api-1.2.5.jar:/home/runner/.m2/repository/org/apache/httpcomponents/httpasyncclient/4.1.5/httpasyncclient-4.1.5.jar:/home/runner/.m2/repository/org/apache/httpcomponents/httpcore-nio/4.4.15/httpcore-nio-4.4.15.jar:/home/runner/.m2/repository/org/jboss/logging/commons-logging-jboss-logging/1.0.0.Final/commons-logging-jboss-logging-1.0.0.Final.jar:/home/runner/.m2/repository/io/quarkus/quarkus-rest-client-jackson/2.9.1.Final/quarkus-rest-client-jackson-2.9.1.Final.jar:/home/runner/.m2/repository/io/quarkus/quarkus-jackson/2.9.1.Final/quarkus-jackson-2.9.1.Final.jar:/home/runner/.m2/repository/com/fasterxml/jackson/datatype/jackson-datatype-jsr310/2.13.2/jackson-datatype-jsr310-2.13.2.jar:/home/runner/.m2/repository/com/fasterxml/jackson/datatype/jackson-datatype-jdk8/2.13.2/jackson-datatype-jdk8-2.13.2.jar:/home/runner/.m2/repository/com/fasterxml/jackson/module/jackson-module-parameter-names/2.13.2/jackson-module-parameter-names-2.13.2.jar:/home/runner/.m2/repository/org/jboss/resteasy/resteasy-jackson2-provider/4.7.5.Final/resteasy-jackson2-provider-4.7.5.Final.jar:/home/runner/.m2/repository/com/fasterxml/jackson/jaxrs/jackson-jaxrs-json-provider/2.13.2/jackson-jaxrs-json-provider-2.13.2.jar:/home/runner/.m2/repository/com/fasterxml/jackson/jaxrs/jackson-jaxrs-base/2.13.2/jackson-jaxrs-base-2.13.2.jar:/home/runner/.m2/repository/com/fasterxml/jackson/module/jackson-module-jaxb-annotations/2.13.2/jackson-module-jaxb-annotations-2.13.2.jar:/home/runner/.m2/repository/com/github/java-json-tools/json-patch/1.13/json-patch-1.13.jar:/home/runner/.m2/repository/com/github/java-json-tools/msg-simple/1.2/msg-simple-1.2.jar:/home/runner/.m2/repository/com/github/java-json-tools/btf/1.3/btf-1.3.jar:/home/runner/.m2/repository/com/github/java-json-tools/jackson-coreutils/2.0/jackson-coreutils-2.0.jar:/home/runner/.m2/repository/org/jboss/spec/javax/xml/bind/jboss-jaxb-api_2.3_spec/2.0.0.Final/jboss-jaxb-api_2.3_spec-2.0.0.Final.jar:/home/runner/.m2/repository/com/fasterxml/jackson/dataformat/jackson-dataformat-yaml/2.13.2/jackson-dataformat-yaml-2.13.2.jar:/home/runner/.m2/repository/org/yaml/snakeyaml/1.30/snakeyaml-1.30.jar:/home/runner/.m2/repository/io/quarkus/quarkus-devtools-registry-client/2.9.1.Final/quarkus-devtools-registry-client-2.9.1.Final.jar:/home/runner/.m2/repository/io/quarkus/quarkus-devtools-artifact-api/2.9.1.Final/quarkus-devtools-artifact-api-2.9.1.Final.jar:/home/runner/.m2/repository/io/quarkus/quarkus-devtools-message-writer/2.9.1.Final/quarkus-devtools-message-writer-2.9.1.Final.jar:/home/runner/.m2/repository/io/smallrye/common/smallrye-common-os/1.11.0/smallrye-common-os-1.11.0.jar:/home/runner/.m2/repository/io/quarkus/quarkus-bootstrap-maven-resolver/2.9.1.Final/quarkus-bootstrap-maven-resolver-2.9.1.Final.jar:/home/runner/.m2/repository/org/apache/maven/maven-embedder/3.8.4/maven-embedder-3.8.4.jar:/home/runner/.m2/repository/org/apache/maven/maven-settings/3.8.4/maven-settings-3.8.4.jar:/home/runner/.m2/repository/org/apache/maven/maven-core/3.8.4/maven-core-3.8.4.jar:/home/runner/.m2/repository/org/apache/maven/maven-artifact/3.8.4/maven-artifact-3.8.4.jar:/home/runner/.m2/repository/org/codehaus/plexus/plexus-component-annotations/2.1.0/plexus-component-annotations-2.1.0.jar:/home/runner/.m2/repository/org/apache/maven/maven-plugin-api/3.8.4/maven-plugin-api-3.8.4.jar:/home/runner/.m2/repository/org/apache/maven/maven-model/3.8.4/maven-model-3.8.4.jar:/home/runner/.m2/repository/org/apache/maven/maven-model-builder/3.8.4/maven-model-builder-3.8.4.jar:/home/runner/.m2/repository/org/apache/maven/maven-builder-support/3.8.4/maven-builder-support-3.8.4.jar:/home/runner/.m2/repository/org/apache/maven/resolver/maven-resolver-api/1.6.3/maven-resolver-api-1.6.3.jar:/home/runner/.m2/repository/org/apache/maven/resolver/maven-resolver-util/1.6.3/maven-resolver-util-1.6.3.jar:/home/runner/.m2/repository/org/apache/maven/shared/maven-shared-utils/3.3.4/maven-shared-utils-3.3.4.jar:/home/runner/.m2/repository/com/google/inject/guice/4.2.2/guice-4.2.2-no_aop.jar:/home/runner/.m2/repository/org/codehaus/plexus/plexus-classworlds/2.6.0/plexus-classworlds-2.6.0.jar:/home/runner/.m2/repository/org/codehaus/plexus/plexus-sec-dispatcher/2.0/plexus-sec-dispatcher-2.0.jar:/home/runner/.m2/repository/org/codehaus/plexus/plexus-cipher/2.0/plexus-cipher-2.0.jar:/home/runner/.m2/repository/commons-cli/commons-cli/1.4/commons-cli-1.4.jar:/home/runner/.m2/repository/org/eclipse/sisu/org.eclipse.sisu.plexus/0.3.5/org.eclipse.sisu.plexus-0.3.5.jar:/home/runner/.m2/repository/org/apache/maven/maven-settings-builder/3.8.4/maven-settings-builder-3.8.4.jar:/home/runner/.m2/repository/org/codehaus/plexus/plexus-interpolation/1.26/plexus-interpolation-1.26.jar:/home/runner/.m2/repository/org/apache/maven/maven-resolver-provider/3.8.4/maven-resolver-provider-3.8.4.jar:/home/runner/.m2/repository/org/apache/maven/maven-repository-metadata/3.8.4/maven-repository-metadata-3.8.4.jar:/home/runner/.m2/repository/org/apache/maven/resolver/maven-resolver-spi/1.6.3/maven-resolver-spi-1.6.3.jar:/home/runner/.m2/repository/org/apache/maven/resolver/maven-resolver-impl/1.6.3/maven-resolver-impl-1.6.3.jar:/home/runner/.m2/repository/org/codehaus/plexus/plexus-utils/3.3.0/plexus-utils-3.3.0.jar:/home/runner/.m2/repository/org/apache/maven/resolver/maven-resolver-connector-basic/1.6.3/maven-resolver-connector-basic-1.6.3.jar:/home/runner/.m2/repository/org/apache/maven/resolver/maven-resolver-transport-wagon/1.6.3/maven-resolver-transport-wagon-1.6.3.jar:/home/runner/.m2/repository/org/apache/maven/wagon/wagon-http/3.4.3/wagon-http-3.4.3.jar:/home/runner/.m2/repository/org/apache/maven/wagon/wagon-http-shared/3.4.3/wagon-http-shared-3.4.3.jar:/home/runner/.m2/repository/org/jsoup/jsoup/1.14.2/jsoup-1.14.2.jar:/home/runner/.m2/repository/org/apache/maven/wagon/wagon-provider-api/3.4.3/wagon-provider-api-3.4.3.jar:/home/runner/.m2/repository/org/apache/maven/wagon/wagon-file/3.4.3/wagon-file-3.4.3.jar:/home/runner/.m2/repository/org/junit/jupiter/junit-jupiter/5.8.2/junit-jupiter-5.8.2.jar:/home/runner/.m2/repository/org/junit/jupiter/junit-jupiter-api/5.8.2/junit-jupiter-api-5.8.2.jar:/home/runner/.m2/repository/org/opentest4j/opentest4j/1.2.0/opentest4j-1.2.0.jar:/home/runner/.m2/repository/org/junit/platform/junit-platform-commons/1.8.2/junit-platform-commons-1.8.2.jar:/home/runner/.m2/repository/org/apiguardian/apiguardian-api/1.1.2/apiguardian-api-1.1.2.jar:/home/runner/.m2/repository/org/junit/jupiter/junit-jupiter-params/5.8.2/junit-jupiter-params-5.8.2.jar:/home/runner/.m2/repository/org/junit/jupiter/junit-jupiter-engine/5.8.2/junit-jupiter-engine-5.8.2.jar:/home/runner/.m2/repository/org/junit/platform/junit-platform-engine/1.8.2/junit-platform-engine-1.8.2.jar:/home/runner/.m2/repository/org/testcontainers/junit-jupiter/1.17.6/junit-jupiter-1.17.6.jar:/home/runner/.m2/repository/org/testcontainers/testcontainers/1.17.6/testcontainers-1.17.6.jar:/home/runner/.m2/repository/junit/junit/4.13.2/junit-4.13.2.jar:/home/runner/.m2/repository/org/slf4j/slf4j-api/1.7.36/slf4j-api-1.7.36.jar:/home/runner/.m2/repository/org/apache/commons/commons-compress/1.21/commons-compress-1.21.jar:/home/runner/.m2/repository/org/rnorth/duct-tape/duct-tape/1.0.8/duct-tape-1.0.8.jar:/home/runner/.m2/repository/org/jetbrains/annotations/17.0.0/annotations-17.0.0.jar:/home/runner/.m2/repository/com/github/docker-java/docker-java-api/3.2.13/docker-java-api-3.2.13.jar:/home/runner/.m2/repository/com/github/docker-java/docker-java-transport-zerodep/3.2.13/docker-java-transport-zerodep-3.2.13.jar:/home/runner/.m2/repository/com/github/docker-java/docker-java-transport/3.2.13/docker-java-transport-3.2.13.jar:/home/runner/.m2/repository/net/java/dev/jna/jna/5.8.0/jna-5.8.0.jar:/home/runner/.m2/repository/org/testcontainers/postgresql/1.17.6/postgresql-1.17.6.jar:/home/runner/.m2/repository/org/testcontainers/jdbc/1.17.1/jdbc-1.17.1.jar:/home/runner/.m2/repository/org/testcontainers/database-commons/1.17.1/database-commons-1.17.1.jar:/home/runner/.m2/repository/org/testcontainers/elasticsearch/1.17.6/elasticsearch-1.17.6.jar:"/>
    <property name="java.vm.vendor" value="Eclipse Adoptium"/>
    <property name="sun.arch.data.model" value="64"/>
    <property name="java.vendor.url" value="https://adoptium.net/"/>
    <property name="user.timezone" value="Etc/UTC"/>
    <property name="java.vm.specification.version" value="11"/>
    <property name="os.name" value="Linux"/>
    <property name="sun.java.launcher" value="SUN_STANDARD"/>
    <property name="mp.openapi.extensions.smallrye.defaultProduces" value="application/json"/>
    <property name="sun.boot.library.path" value="/usr/lib/jvm/temurin-11-jdk-amd64/lib"/>
    <property name="sun.java.command" value="/home/runner/work/core/core/tools/dotcms-cli/api-data-model/target/surefire/surefirebooter13931296712641684980.jar /home/runner/work/core/core/tools/dotcms-cli/api-data-model/target/surefire 2023-08-04T12-56-51_547-jvmRun1 surefire423196131576930557tmp surefire_015772629695677773567tmp"/>
    <property name="jdk.debug" value="release"/>
    <property name="maven.home" value="/home/runner/.m2/wrapper/dists/apache-maven-3.8.4-bin/52ccbt68d252mdldqsfsn03jlf/apache-maven-3.8.4"/>
    <property name="surefire.test.class.path" value="/home/runner/work/core/core/tools/dotcms-cli/api-data-model/target/test-classes:/home/runner/work/core/core/tools/dotcms-cli/api-data-model/target/api-data-model-1.0.0-SNAPSHOT.jar:/home/runner/.m2/repository/io/quarkus/quarkus-arc/2.9.1.Final/quarkus-arc-2.9.1.Final.jar:/home/runner/.m2/repository/io/quarkus/arc/arc/2.9.1.Final/arc-2.9.1.Final.jar:/home/runner/.m2/repository/jakarta/enterprise/jakarta.enterprise.cdi-api/2.0.2/jakarta.enterprise.cdi-api-2.0.2.jar:/home/runner/.m2/repository/jakarta/el/jakarta.el-api/3.0.3/jakarta.el-api-3.0.3.jar:/home/runner/.m2/repository/jakarta/annotation/jakarta.annotation-api/1.3.5/jakarta.annotation-api-1.3.5.jar:/home/runner/.m2/repository/jakarta/transaction/jakarta.transaction-api/1.3.3/jakarta.transaction-api-1.3.3.jar:/home/runner/.m2/repository/org/jboss/logging/jboss-logging/3.4.3.Final/jboss-logging-3.4.3.Final.jar:/home/runner/.m2/repository/io/quarkus/quarkus-core/2.9.1.Final/quarkus-core-2.9.1.Final.jar:/home/runner/.m2/repository/jakarta/inject/jakarta.inject-api/1.0/jakarta.inject-api-1.0.jar:/home/runner/.m2/repository/io/quarkus/quarkus-ide-launcher/2.9.1.Final/quarkus-ide-launcher-2.9.1.Final.jar:/home/runner/.m2/repository/io/quarkus/quarkus-development-mode-spi/2.9.1.Final/quarkus-development-mode-spi-2.9.1.Final.jar:/home/runner/.m2/repository/io/smallrye/config/smallrye-config/2.10.0/smallrye-config-2.10.0.jar:/home/runner/.m2/repository/io/smallrye/config/smallrye-config-core/2.10.0/smallrye-config-core-2.10.0.jar:/home/runner/.m2/repository/io/smallrye/common/smallrye-common-expression/1.11.0/smallrye-common-expression-1.11.0.jar:/home/runner/.m2/repository/io/smallrye/common/smallrye-common-function/1.11.0/smallrye-common-function-1.11.0.jar:/home/runner/.m2/repository/io/smallrye/common/smallrye-common-classloader/1.11.0/smallrye-common-classloader-1.11.0.jar:/home/runner/.m2/repository/io/smallrye/config/smallrye-config-common/2.10.0/smallrye-config-common-2.10.0.jar:/home/runner/.m2/repository/org/jboss/logmanager/jboss-logmanager-embedded/1.0.9/jboss-logmanager-embedded-1.0.9.jar:/home/runner/.m2/repository/org/jboss/logging/jboss-logging-annotations/2.2.1.Final/jboss-logging-annotations-2.2.1.Final.jar:/home/runner/.m2/repository/org/jboss/threads/jboss-threads/3.4.2.Final/jboss-threads-3.4.2.Final.jar:/home/runner/.m2/repository/org/jboss/slf4j/slf4j-jboss-logmanager/1.1.0.Final/slf4j-jboss-logmanager-1.1.0.Final.jar:/home/runner/.m2/repository/org/graalvm/sdk/graal-sdk/22.0.0.2/graal-sdk-22.0.0.2.jar:/home/runner/.m2/repository/org/wildfly/common/wildfly-common/1.5.4.Final-format-001/wildfly-common-1.5.4.Final-format-001.jar:/home/runner/.m2/repository/io/quarkus/quarkus-bootstrap-runner/2.9.1.Final/quarkus-bootstrap-runner-2.9.1.Final.jar:/home/runner/.m2/repository/io/quarkus/quarkus-fs-util/0.0.9/quarkus-fs-util-0.0.9.jar:/home/runner/.m2/repository/org/eclipse/microprofile/context-propagation/microprofile-context-propagation-api/1.2/microprofile-context-propagation-api-1.2.jar:/home/runner/.m2/repository/io/quarkus/quarkus-junit5/2.9.1.Final/quarkus-junit5-2.9.1.Final.jar:/home/runner/.m2/repository/io/quarkus/quarkus-bootstrap-core/2.9.1.Final/quarkus-bootstrap-core-2.9.1.Final.jar:/home/runner/.m2/repository/io/quarkus/quarkus-bootstrap-app-model/2.9.1.Final/quarkus-bootstrap-app-model-2.9.1.Final.jar:/home/runner/.m2/repository/io/quarkus/quarkus-bootstrap-gradle-resolver/2.9.1.Final/quarkus-bootstrap-gradle-resolver-2.9.1.Final.jar:/home/runner/.m2/repository/io/smallrye/common/smallrye-common-io/1.11.0/smallrye-common-io-1.11.0.jar:/home/runner/.m2/repository/org/eclipse/sisu/org.eclipse.sisu.inject/0.3.5/org.eclipse.sisu.inject-0.3.5.jar:/home/runner/.m2/repository/io/quarkus/quarkus-test-common/2.9.1.Final/quarkus-test-common-2.9.1.Final.jar:/home/runner/.m2/repository/io/quarkus/quarkus-core-deployment/2.9.1.Final/quarkus-core-deployment-2.9.1.Final.jar:/home/runner/.m2/repository/org/aesh/readline/2.2/readline-2.2.jar:/home/runner/.m2/repository/org/fusesource/jansi/jansi/1.18/jansi-1.18.jar:/home/runner/.m2/repository/org/aesh/aesh/2.6/aesh-2.6.jar:/home/runner/.m2/repository/io/quarkus/gizmo/gizmo/1.0.10.Final/gizmo-1.0.10.Final.jar:/home/runner/.m2/repository/org/ow2/asm/asm-util/9.2/asm-util-9.2.jar:/home/runner/.m2/repository/org/ow2/asm/asm/9.3/asm-9.3.jar:/home/runner/.m2/repository/org/ow2/asm/asm-commons/9.3/asm-commons-9.3.jar:/home/runner/.m2/repository/org/ow2/asm/asm-tree/9.3/asm-tree-9.3.jar:/home/runner/.m2/repository/org/ow2/asm/asm-analysis/9.3/asm-analysis-9.3.jar:/home/runner/.m2/repository/io/quarkus/quarkus-class-change-agent/2.9.1.Final/quarkus-class-change-agent-2.9.1.Final.jar:/home/runner/.m2/repository/io/quarkus/quarkus-devtools-utilities/2.9.1.Final/quarkus-devtools-utilities-2.9.1.Final.jar:/home/runner/.m2/repository/io/quarkus/quarkus-builder/2.9.1.Final/quarkus-builder-2.9.1.Final.jar:/home/runner/.m2/repository/org/junit/platform/junit-platform-launcher/1.8.2/junit-platform-launcher-1.8.2.jar:/home/runner/.m2/repository/org/jboss/jandex/2.4.2.Final/jandex-2.4.2.Final.jar:/home/runner/.m2/repository/io/quarkus/quarkus-junit5-properties/2.9.1.Final/quarkus-junit5-properties-2.9.1.Final.jar:/home/runner/.m2/repository/com/thoughtworks/xstream/xstream/1.4.19/xstream-1.4.19.jar:/home/runner/.m2/repository/io/github/x-stream/mxparser/1.2.2/mxparser-1.2.2.jar:/home/runner/.m2/repository/xmlpull/xmlpull/1.1.3.1/xmlpull-1.1.3.1.jar:/home/runner/.m2/repository/org/immutables/value/2.8.2/value-2.8.2.jar:/home/runner/.m2/repository/io/quarkus/quarkus-resteasy-reactive-jackson/2.9.1.Final/quarkus-resteasy-reactive-jackson-2.9.1.Final.jar:/home/runner/.m2/repository/io/quarkus/quarkus-resteasy-reactive/2.9.1.Final/quarkus-resteasy-reactive-2.9.1.Final.jar:/home/runner/.m2/repository/io/quarkus/quarkus-resteasy-reactive-common/2.9.1.Final/quarkus-resteasy-reactive-common-2.9.1.Final.jar:/home/runner/.m2/repository/io/quarkus/resteasy/reactive/resteasy-reactive-common/2.9.1.Final/resteasy-reactive-common-2.9.1.Final.jar:/home/runner/.m2/repository/io/quarkus/resteasy/reactive/resteasy-reactive-vertx/2.9.1.Final/resteasy-reactive-vertx-2.9.1.Final.jar:/home/runner/.m2/repository/io/smallrye/reactive/smallrye-mutiny-vertx-core/2.21.0/smallrye-mutiny-vertx-core-2.21.0.jar:/home/runner/.m2/repository/io/smallrye/reactive/smallrye-mutiny-vertx-runtime/2.21.0/smallrye-mutiny-vertx-runtime-2.21.0.jar:/home/runner/.m2/repository/io/smallrye/reactive/vertx-mutiny-generator/2.21.0/vertx-mutiny-generator-2.21.0.jar:/home/runner/.m2/repository/io/vertx/vertx-codegen/4.2.7/vertx-codegen-4.2.7.jar:/home/runner/.m2/repository/io/quarkus/resteasy/reactive/resteasy-reactive/2.9.1.Final/resteasy-reactive-2.9.1.Final.jar:/home/runner/.m2/repository/org/jboss/spec/javax/ws/rs/jboss-jaxrs-api_2.1_spec/2.0.1.Final/jboss-jaxrs-api_2.1_spec-2.0.1.Final.jar:/home/runner/.m2/repository/io/quarkus/quarkus-jsonp/2.9.1.Final/quarkus-jsonp-2.9.1.Final.jar:/home/runner/.m2/repository/org/glassfish/jakarta.json/1.1.6/jakarta.json-1.1.6.jar:/home/runner/.m2/repository/io/quarkus/quarkus-resteasy-reactive-jackson-common/2.9.1.Final/quarkus-resteasy-reactive-jackson-common-2.9.1.Final.jar:/home/runner/.m2/repository/io/quarkus/resteasy/reactive/resteasy-reactive-jackson/2.9.1.Final/resteasy-reactive-jackson-2.9.1.Final.jar:/home/runner/.m2/repository/com/google/code/findbugs/jsr305/3.0.2/jsr305-3.0.2.jar:/home/runner/.m2/repository/io/rest-assured/rest-assured/4.5.1/rest-assured-4.5.1.jar:/home/runner/.m2/repository/org/codehaus/groovy/groovy/3.0.9/groovy-3.0.9.jar:/home/runner/.m2/repository/org/codehaus/groovy/groovy-xml/3.0.9/groovy-xml-3.0.9.jar:/home/runner/.m2/repository/org/apache/httpcomponents/httpclient/4.5.13/httpclient-4.5.13.jar:/home/runner/.m2/repository/org/apache/httpcomponents/httpcore/4.4.15/httpcore-4.4.15.jar:/home/runner/.m2/repository/commons-codec/commons-codec/1.15/commons-codec-1.15.jar:/home/runner/.m2/repository/org/apache/httpcomponents/httpmime/4.5.13/httpmime-4.5.13.jar:/home/runner/.m2/repository/org/hamcrest/hamcrest/2.1/hamcrest-2.1.jar:/home/runner/.m2/repository/org/ccil/cowan/tagsoup/tagsoup/1.2.1/tagsoup-1.2.1.jar:/home/runner/.m2/repository/io/rest-assured/json-path/4.5.1/json-path-4.5.1.jar:/home/runner/.m2/repository/org/codehaus/groovy/groovy-json/3.0.9/groovy-json-3.0.9.jar:/home/runner/.m2/repository/io/rest-assured/rest-assured-common/4.5.1/rest-assured-common-4.5.1.jar:/home/runner/.m2/repository/io/rest-assured/xml-path/4.5.1/xml-path-4.5.1.jar:/home/runner/.m2/repository/org/apache/commons/commons-lang3/3.12.0/commons-lang3-3.12.0.jar:/home/runner/.m2/repository/com/github/jonpeterson/jackson-module-model-versioning/1.2.2/jackson-module-model-versioning-1.2.2.jar:/home/runner/.m2/repository/com/fasterxml/jackson/core/jackson-databind/2.13.2.2/jackson-databind-2.13.2.2.jar:/home/runner/.m2/repository/com/fasterxml/jackson/core/jackson-annotations/2.13.2/jackson-annotations-2.13.2.jar:/home/runner/.m2/repository/com/fasterxml/jackson/datatype/jackson-datatype-guava/2.13.3/jackson-datatype-guava-2.13.3.jar:/home/runner/.m2/repository/com/google/guava/guava/31.1-jre/guava-31.1-jre.jar:/home/runner/.m2/repository/com/google/guava/failureaccess/1.0.1/failureaccess-1.0.1.jar:/home/runner/.m2/repository/org/checkerframework/checker-qual/3.21.4/checker-qual-3.21.4.jar:/home/runner/.m2/repository/com/google/errorprone/error_prone_annotations/2.13.1/error_prone_annotations-2.13.1.jar:/home/runner/.m2/repository/com/google/j2objc/j2objc-annotations/1.3/j2objc-annotations-1.3.jar:/home/runner/.m2/repository/com/fasterxml/jackson/core/jackson-core/2.13.2/jackson-core-2.13.2.jar:/home/runner/.m2/repository/io/quarkus/quarkus-smallrye-openapi/2.9.1.Final/quarkus-smallrye-openapi-2.9.1.Final.jar:/home/runner/.m2/repository/io/smallrye/smallrye-open-api-core/2.1.22/smallrye-open-api-core-2.1.22.jar:/home/runner/.m2/repository/org/eclipse/microprofile/openapi/microprofile-openapi-api/2.0.1/microprofile-openapi-api-2.0.1.jar:/home/runner/.m2/repository/org/eclipse/microprofile/config/microprofile-config-api/2.0.1/microprofile-config-api-2.0.1.jar:/home/runner/.m2/repository/io/quarkus/quarkus-vertx-http/2.9.1.Final/quarkus-vertx-http-2.9.1.Final.jar:/home/runner/.m2/repository/io/quarkus/quarkus-security-runtime-spi/2.9.1.Final/quarkus-security-runtime-spi-2.9.1.Final.jar:/home/runner/.m2/repository/io/quarkus/quarkus-mutiny/2.9.1.Final/quarkus-mutiny-2.9.1.Final.jar:/home/runner/.m2/repository/io/smallrye/reactive/mutiny/1.4.0/mutiny-1.4.0.jar:/home/runner/.m2/repository/io/quarkus/quarkus-smallrye-context-propagation/2.9.1.Final/quarkus-smallrye-context-propagation-2.9.1.Final.jar:/home/runner/.m2/repository/io/smallrye/smallrye-context-propagation/1.2.2/smallrye-context-propagation-1.2.2.jar:/home/runner/.m2/repository/io/smallrye/smallrye-context-propagation-api/1.2.2/smallrye-context-propagation-api-1.2.2.jar:/home/runner/.m2/repository/io/smallrye/smallrye-context-propagation-storage/1.2.2/smallrye-context-propagation-storage-1.2.2.jar:/home/runner/.m2/repository/io/smallrye/reactive/mutiny-smallrye-context-propagation/1.4.0/mutiny-smallrye-context-propagation-1.4.0.jar:/home/runner/.m2/repository/io/smallrye/common/smallrye-common-vertx-context/1.11.0/smallrye-common-vertx-context-1.11.0.jar:/home/runner/.m2/repository/io/vertx/vertx-core/4.2.7/vertx-core-4.2.7.jar:/home/runner/.m2/repository/io/netty/netty-common/4.1.74.Final/netty-common-4.1.74.Final.jar:/home/runner/.m2/repository/io/netty/netty-buffer/4.1.74.Final/netty-buffer-4.1.74.Final.jar:/home/runner/.m2/repository/io/netty/netty-transport/4.1.74.Final/netty-transport-4.1.74.Final.jar:/home/runner/.m2/repository/io/netty/netty-handler/4.1.74.Final/netty-handler-4.1.74.Final.jar:/home/runner/.m2/repository/io/netty/netty-tcnative-classes/2.0.48.Final/netty-tcnative-classes-2.0.48.Final.jar:/home/runner/.m2/repository/io/netty/netty-handler-proxy/4.1.74.Final/netty-handler-proxy-4.1.74.Final.jar:/home/runner/.m2/repository/io/netty/netty-codec-socks/4.1.74.Final/netty-codec-socks-4.1.74.Final.jar:/home/runner/.m2/repository/io/netty/netty-codec-http/4.1.74.Final/netty-codec-http-4.1.74.Final.jar:/home/runner/.m2/repository/io/netty/netty-codec-http2/4.1.74.Final/netty-codec-http2-4.1.74.Final.jar:/home/runner/.m2/repository/io/netty/netty-resolver/4.1.74.Final/netty-resolver-4.1.74.Final.jar:/home/runner/.m2/repository/io/netty/netty-resolver-dns/4.1.74.Final/netty-resolver-dns-4.1.74.Final.jar:/home/runner/.m2/repository/io/netty/netty-codec-dns/4.1.74.Final/netty-codec-dns-4.1.74.Final.jar:/home/runner/.m2/repository/io/smallrye/common/smallrye-common-constraint/1.11.0/smallrye-common-constraint-1.11.0.jar:/home/runner/.m2/repository/io/quarkus/quarkus-vertx-http-dev-console-runtime-spi/2.9.1.Final/quarkus-vertx-http-dev-console-runtime-spi-2.9.1.Final.jar:/home/runner/.m2/repository/io/quarkus/security/quarkus-security/1.1.4.Final/quarkus-security-1.1.4.Final.jar:/home/runner/.m2/repository/io/quarkus/quarkus-vertx/2.9.1.Final/quarkus-vertx-2.9.1.Final.jar:/home/runner/.m2/repository/io/quarkus/quarkus-netty/2.9.1.Final/quarkus-netty-2.9.1.Final.jar:/home/runner/.m2/repository/io/netty/netty-codec/4.1.74.Final/netty-codec-4.1.74.Final.jar:/home/runner/.m2/repository/io/netty/netty-codec-haproxy/4.1.74.Final/netty-codec-haproxy-4.1.74.Final.jar:/home/runner/.m2/repository/io/smallrye/common/smallrye-common-annotation/1.11.0/smallrye-common-annotation-1.11.0.jar:/home/runner/.m2/repository/io/smallrye/smallrye-fault-tolerance-vertx/5.4.0/smallrye-fault-tolerance-vertx-5.4.0.jar:/home/runner/.m2/repository/io/smallrye/reactive/smallrye-mutiny-vertx-web/2.21.0/smallrye-mutiny-vertx-web-2.21.0.jar:/home/runner/.m2/repository/io/smallrye/reactive/smallrye-mutiny-vertx-web-common/2.21.0/smallrye-mutiny-vertx-web-common-2.21.0.jar:/home/runner/.m2/repository/io/smallrye/reactive/smallrye-mutiny-vertx-auth-common/2.21.0/smallrye-mutiny-vertx-auth-common-2.21.0.jar:/home/runner/.m2/repository/io/smallrye/reactive/smallrye-mutiny-vertx-bridge-common/2.21.0/smallrye-mutiny-vertx-bridge-common-2.21.0.jar:/home/runner/.m2/repository/io/vertx/vertx-web/4.2.7/vertx-web-4.2.7.jar:/home/runner/.m2/repository/io/vertx/vertx-web-common/4.2.7/vertx-web-common-4.2.7.jar:/home/runner/.m2/repository/io/vertx/vertx-auth-common/4.2.7/vertx-auth-common-4.2.7.jar:/home/runner/.m2/repository/io/vertx/vertx-bridge-common/4.2.7/vertx-bridge-common-4.2.7.jar:/home/runner/.m2/repository/io/quarkus/quarkus-swagger-ui/2.9.1.Final/quarkus-swagger-ui-2.9.1.Final.jar:/home/runner/.m2/repository/io/quarkus/quarkus-rest-client/2.9.1.Final/quarkus-rest-client-2.9.1.Final.jar:/home/runner/.m2/repository/io/quarkus/quarkus-resteasy-common/2.9.1.Final/quarkus-resteasy-common-2.9.1.Final.jar:/home/runner/.m2/repository/org/jboss/resteasy/resteasy-core/4.7.5.Final/resteasy-core-4.7.5.Final.jar:/home/runner/.m2/repository/org/jboss/resteasy/resteasy-core-spi/4.7.5.Final/resteasy-core-spi-4.7.5.Final.jar:/home/runner/.m2/repository/org/reactivestreams/reactive-streams/1.0.3/reactive-streams-1.0.3.jar:/home/runner/.m2/repository/jakarta/validation/jakarta.validation-api/2.0.2/jakarta.validation-api-2.0.2.jar:/home/runner/.m2/repository/com/ibm/async/asyncutil/0.1.0/asyncutil-0.1.0.jar:/home/runner/.m2/repository/com/sun/activation/jakarta.activation/1.2.1/jakarta.activation-1.2.1.jar:/home/runner/.m2/repository/io/quarkus/quarkus-apache-httpclient/2.9.1.Final/quarkus-apache-httpclient-2.9.1.Final.jar:/home/runner/.m2/repository/io/quarkus/quarkus-rest-client-config/2.9.1.Final/quarkus-rest-client-config-2.9.1.Final.jar:/home/runner/.m2/repository/org/eclipse/microprofile/rest/client/microprofile-rest-client-api/2.0/microprofile-rest-client-api-2.0.jar:/home/runner/.m2/repository/org/jboss/resteasy/resteasy-client-microprofile/4.7.5.Final/resteasy-client-microprofile-4.7.5.Final.jar:/home/runner/.m2/repository/org/jboss/resteasy/resteasy-client-microprofile-base/4.7.5.Final/resteasy-client-microprofile-base-4.7.5.Final.jar:/home/runner/.m2/repository/org/jboss/resteasy/resteasy-client/4.7.5.Final/resteasy-client-4.7.5.Final.jar:/home/runner/.m2/repository/org/jboss/resteasy/resteasy-client-api/4.7.5.Final/resteasy-client-api-4.7.5.Final.jar:/home/runner/.m2/repository/commons-io/commons-io/2.11.0/commons-io-2.11.0.jar:/home/runner/.m2/repository/org/jboss/resteasy/resteasy-cdi/4.7.5.Final/resteasy-cdi-4.7.5.Final.jar:/home/runner/.m2/repository/jakarta/interceptor/jakarta.interceptor-api/1.2.5/jakarta.interceptor-api-1.2.5.jar:/home/runner/.m2/repository/org/apache/httpcomponents/httpasyncclient/4.1.5/httpasyncclient-4.1.5.jar:/home/runner/.m2/repository/org/apache/httpcomponents/httpcore-nio/4.4.15/httpcore-nio-4.4.15.jar:/home/runner/.m2/repository/org/jboss/logging/commons-logging-jboss-logging/1.0.0.Final/commons-logging-jboss-logging-1.0.0.Final.jar:/home/runner/.m2/repository/io/quarkus/quarkus-rest-client-jackson/2.9.1.Final/quarkus-rest-client-jackson-2.9.1.Final.jar:/home/runner/.m2/repository/io/quarkus/quarkus-jackson/2.9.1.Final/quarkus-jackson-2.9.1.Final.jar:/home/runner/.m2/repository/com/fasterxml/jackson/datatype/jackson-datatype-jsr310/2.13.2/jackson-datatype-jsr310-2.13.2.jar:/home/runner/.m2/repository/com/fasterxml/jackson/datatype/jackson-datatype-jdk8/2.13.2/jackson-datatype-jdk8-2.13.2.jar:/home/runner/.m2/repository/com/fasterxml/jackson/module/jackson-module-parameter-names/2.13.2/jackson-module-parameter-names-2.13.2.jar:/home/runner/.m2/repository/org/jboss/resteasy/resteasy-jackson2-provider/4.7.5.Final/resteasy-jackson2-provider-4.7.5.Final.jar:/home/runner/.m2/repository/com/fasterxml/jackson/jaxrs/jackson-jaxrs-json-provider/2.13.2/jackson-jaxrs-json-provider-2.13.2.jar:/home/runner/.m2/repository/com/fasterxml/jackson/jaxrs/jackson-jaxrs-base/2.13.2/jackson-jaxrs-base-2.13.2.jar:/home/runner/.m2/repository/com/fasterxml/jackson/module/jackson-module-jaxb-annotations/2.13.2/jackson-module-jaxb-annotations-2.13.2.jar:/home/runner/.m2/repository/com/github/java-json-tools/json-patch/1.13/json-patch-1.13.jar:/home/runner/.m2/repository/com/github/java-json-tools/msg-simple/1.2/msg-simple-1.2.jar:/home/runner/.m2/repository/com/github/java-json-tools/btf/1.3/btf-1.3.jar:/home/runner/.m2/repository/com/github/java-json-tools/jackson-coreutils/2.0/jackson-coreutils-2.0.jar:/home/runner/.m2/repository/org/jboss/spec/javax/xml/bind/jboss-jaxb-api_2.3_spec/2.0.0.Final/jboss-jaxb-api_2.3_spec-2.0.0.Final.jar:/home/runner/.m2/repository/com/fasterxml/jackson/dataformat/jackson-dataformat-yaml/2.13.2/jackson-dataformat-yaml-2.13.2.jar:/home/runner/.m2/repository/org/yaml/snakeyaml/1.30/snakeyaml-1.30.jar:/home/runner/.m2/repository/io/quarkus/quarkus-devtools-registry-client/2.9.1.Final/quarkus-devtools-registry-client-2.9.1.Final.jar:/home/runner/.m2/repository/io/quarkus/quarkus-devtools-artifact-api/2.9.1.Final/quarkus-devtools-artifact-api-2.9.1.Final.jar:/home/runner/.m2/repository/io/quarkus/quarkus-devtools-message-writer/2.9.1.Final/quarkus-devtools-message-writer-2.9.1.Final.jar:/home/runner/.m2/repository/io/smallrye/common/smallrye-common-os/1.11.0/smallrye-common-os-1.11.0.jar:/home/runner/.m2/repository/io/quarkus/quarkus-bootstrap-maven-resolver/2.9.1.Final/quarkus-bootstrap-maven-resolver-2.9.1.Final.jar:/home/runner/.m2/repository/org/apache/maven/maven-embedder/3.8.4/maven-embedder-3.8.4.jar:/home/runner/.m2/repository/org/apache/maven/maven-settings/3.8.4/maven-settings-3.8.4.jar:/home/runner/.m2/repository/org/apache/maven/maven-core/3.8.4/maven-core-3.8.4.jar:/home/runner/.m2/repository/org/apache/maven/maven-artifact/3.8.4/maven-artifact-3.8.4.jar:/home/runner/.m2/repository/org/codehaus/plexus/plexus-component-annotations/2.1.0/plexus-component-annotations-2.1.0.jar:/home/runner/.m2/repository/org/apache/maven/maven-plugin-api/3.8.4/maven-plugin-api-3.8.4.jar:/home/runner/.m2/repository/org/apache/maven/maven-model/3.8.4/maven-model-3.8.4.jar:/home/runner/.m2/repository/org/apache/maven/maven-model-builder/3.8.4/maven-model-builder-3.8.4.jar:/home/runner/.m2/repository/org/apache/maven/maven-builder-support/3.8.4/maven-builder-support-3.8.4.jar:/home/runner/.m2/repository/org/apache/maven/resolver/maven-resolver-api/1.6.3/maven-resolver-api-1.6.3.jar:/home/runner/.m2/repository/org/apache/maven/resolver/maven-resolver-util/1.6.3/maven-resolver-util-1.6.3.jar:/home/runner/.m2/repository/org/apache/maven/shared/maven-shared-utils/3.3.4/maven-shared-utils-3.3.4.jar:/home/runner/.m2/repository/com/google/inject/guice/4.2.2/guice-4.2.2-no_aop.jar:/home/runner/.m2/repository/org/codehaus/plexus/plexus-classworlds/2.6.0/plexus-classworlds-2.6.0.jar:/home/runner/.m2/repository/org/codehaus/plexus/plexus-sec-dispatcher/2.0/plexus-sec-dispatcher-2.0.jar:/home/runner/.m2/repository/org/codehaus/plexus/plexus-cipher/2.0/plexus-cipher-2.0.jar:/home/runner/.m2/repository/commons-cli/commons-cli/1.4/commons-cli-1.4.jar:/home/runner/.m2/repository/org/eclipse/sisu/org.eclipse.sisu.plexus/0.3.5/org.eclipse.sisu.plexus-0.3.5.jar:/home/runner/.m2/repository/org/apache/maven/maven-settings-builder/3.8.4/maven-settings-builder-3.8.4.jar:/home/runner/.m2/repository/org/codehaus/plexus/plexus-interpolation/1.26/plexus-interpolation-1.26.jar:/home/runner/.m2/repository/org/apache/maven/maven-resolver-provider/3.8.4/maven-resolver-provider-3.8.4.jar:/home/runner/.m2/repository/org/apache/maven/maven-repository-metadata/3.8.4/maven-repository-metadata-3.8.4.jar:/home/runner/.m2/repository/org/apache/maven/resolver/maven-resolver-spi/1.6.3/maven-resolver-spi-1.6.3.jar:/home/runner/.m2/repository/org/apache/maven/resolver/maven-resolver-impl/1.6.3/maven-resolver-impl-1.6.3.jar:/home/runner/.m2/repository/org/codehaus/plexus/plexus-utils/3.3.0/plexus-utils-3.3.0.jar:/home/runner/.m2/repository/org/apache/maven/resolver/maven-resolver-connector-basic/1.6.3/maven-resolver-connector-basic-1.6.3.jar:/home/runner/.m2/repository/org/apache/maven/resolver/maven-resolver-transport-wagon/1.6.3/maven-resolver-transport-wagon-1.6.3.jar:/home/runner/.m2/repository/org/apache/maven/wagon/wagon-http/3.4.3/wagon-http-3.4.3.jar:/home/runner/.m2/repository/org/apache/maven/wagon/wagon-http-shared/3.4.3/wagon-http-shared-3.4.3.jar:/home/runner/.m2/repository/org/jsoup/jsoup/1.14.2/jsoup-1.14.2.jar:/home/runner/.m2/repository/org/apache/maven/wagon/wagon-provider-api/3.4.3/wagon-provider-api-3.4.3.jar:/home/runner/.m2/repository/org/apache/maven/wagon/wagon-file/3.4.3/wagon-file-3.4.3.jar:/home/runner/.m2/repository/org/junit/jupiter/junit-jupiter/5.8.2/junit-jupiter-5.8.2.jar:/home/runner/.m2/repository/org/junit/jupiter/junit-jupiter-api/5.8.2/junit-jupiter-api-5.8.2.jar:/home/runner/.m2/repository/org/opentest4j/opentest4j/1.2.0/opentest4j-1.2.0.jar:/home/runner/.m2/repository/org/junit/platform/junit-platform-commons/1.8.2/junit-platform-commons-1.8.2.jar:/home/runner/.m2/repository/org/apiguardian/apiguardian-api/1.1.2/apiguardian-api-1.1.2.jar:/home/runner/.m2/repository/org/junit/jupiter/junit-jupiter-params/5.8.2/junit-jupiter-params-5.8.2.jar:/home/runner/.m2/repository/org/junit/jupiter/junit-jupiter-engine/5.8.2/junit-jupiter-engine-5.8.2.jar:/home/runner/.m2/repository/org/junit/platform/junit-platform-engine/1.8.2/junit-platform-engine-1.8.2.jar:/home/runner/.m2/repository/org/testcontainers/junit-jupiter/1.17.6/junit-jupiter-1.17.6.jar:/home/runner/.m2/repository/org/testcontainers/testcontainers/1.17.6/testcontainers-1.17.6.jar:/home/runner/.m2/repository/junit/junit/4.13.2/junit-4.13.2.jar:/home/runner/.m2/repository/org/slf4j/slf4j-api/1.7.36/slf4j-api-1.7.36.jar:/home/runner/.m2/repository/org/apache/commons/commons-compress/1.21/commons-compress-1.21.jar:/home/runner/.m2/repository/org/rnorth/duct-tape/duct-tape/1.0.8/duct-tape-1.0.8.jar:/home/runner/.m2/repository/org/jetbrains/annotations/17.0.0/annotations-17.0.0.jar:/home/runner/.m2/repository/com/github/docker-java/docker-java-api/3.2.13/docker-java-api-3.2.13.jar:/home/runner/.m2/repository/com/github/docker-java/docker-java-transport-zerodep/3.2.13/docker-java-transport-zerodep-3.2.13.jar:/home/runner/.m2/repository/com/github/docker-java/docker-java-transport/3.2.13/docker-java-transport-3.2.13.jar:/home/runner/.m2/repository/net/java/dev/jna/jna/5.8.0/jna-5.8.0.jar:/home/runner/.m2/repository/org/testcontainers/postgresql/1.17.6/postgresql-1.17.6.jar:/home/runner/.m2/repository/org/testcontainers/jdbc/1.17.1/jdbc-1.17.1.jar:/home/runner/.m2/repository/org/testcontainers/database-commons/1.17.1/database-commons-1.17.1.jar:/home/runner/.m2/repository/org/testcontainers/elasticsearch/1.17.6/elasticsearch-1.17.6.jar:"/>
    <property name="sun.cpu.endian" value="little"/>
    <property name="user.home" value="/home/runner"/>
    <property name="user.language" value="en"/>
    <property name="java.specification.vendor" value="Oracle Corporation"/>
    <property name="io.netty.allocator.maxOrder" value="3"/>
    <property name="java.version.date" value="2023-04-18"/>
    <property name="java.home" value="/usr/lib/jvm/temurin-11-jdk-amd64"/>
    <property name="file.separator" value="/"/>
    <property name="basedir" value="/home/runner/work/core/core/tools/dotcms-cli/api-data-model"/>
    <property name="java.vm.compressedOopsMode" value="32-bit"/>
    <property name="line.separator" value="&#10;"/>
    <property name="java.specification.name" value="Java Platform API Specification"/>
    <property name="java.vm.specification.vendor" value="Oracle Corporation"/>
    <property name="java.awt.graphicsenv" value="sun.awt.X11GraphicsEnvironment"/>
    <property name="surefire.real.class.path" value="/home/runner/work/core/core/tools/dotcms-cli/api-data-model/target/surefire/surefirebooter13931296712641684980.jar"/>
    <property name="sun.management.compiler" value="HotSpot 64-Bit Tiered Compilers"/>
    <property name="java.runtime.version" value="11.0.19+7"/>
    <property name="user.name" value="runner"/>
    <property name="path.separator" value=":"/>
    <property name="os.version" value="5.15.0-1042-azure"/>
    <property name="java.runtime.name" value="OpenJDK Runtime Environment"/>
    <property name="file.encoding" value="UTF-8"/>
    <property name="jnidispatch.path" value="/home/runner/.cache/JNA/temp/jna4527380488241807316.tmp"/>
    <property name="java.vm.name" value="OpenJDK 64-Bit Server VM"/>
    <property name="jna.platform.library.path" value="/usr/lib/x86_64-linux-gnu:/lib/x86_64-linux-gnu:/usr/lib64:/lib64:/usr/lib:/lib:/lib32:/usr/local/lib:/usr/lib/x86_64-linux-gnu/libfakeroot"/>
    <property name="java.vendor.version" value="Temurin-11.0.19+7"/>
    <property name="localRepository" value="/home/runner/.m2/repository"/>
    <property name="jna.loaded" value="true"/>
    <property name="java.vendor.url.bug" value="https://github.com/adoptium/adoptium-support/issues"/>
    <property name="java.io.tmpdir" value="/tmp"/>
    <property name="quarkus.log.file.path" value="target/quarkus.log"/>
    <property name="java.version" value="11.0.19"/>
    <property name="java.util.concurrent.ForkJoinPool.common.threadFactory" value="io.quarkus.bootstrap.forkjoin.QuarkusForkJoinWorkerThreadFactory"/>
    <property name="user.dir" value="/home/runner/work/core/core/tools/dotcms-cli/api-data-model"/>
    <property name="os.arch" value="amd64"/>
    <property name="java.vm.specification.name" value="Java Virtual Machine Specification"/>
    <property name="vertx.disableDnsResolver" value="true"/>
    <property name="java.awt.printerjob" value="sun.print.PSPrinterJob"/>
    <property name="sun.os.patch.level" value="unknown"/>
    <property name="java.util.logging.manager" value="org.jboss.logmanager.LogManager"/>
    <property name="java.library.path" value="/usr/java/packages/lib:/usr/lib64:/lib64:/lib:/usr/lib"/>
    <property name="java.vm.info" value="mixed mode"/>
    <property name="java.vendor" value="Eclipse Adoptium"/>
    <property name="vertx.disableTCCL" value="true"/>
    <property name="java.vm.version" value="11.0.19+7"/>
    <property name="sun.io.unicode.encoding" value="UnicodeLittle"/>
    <property name="io.netty.machineId" value="a7:ed:66:2c:ec:1a:71:ce"/>
    <property name="java.class.version" value="55.0"/>
    <property name="mp.openapi.extensions.smallrye.defaultConsumes" value="application/json"/>
  </properties>
  <testcase name="Test_Get_Sites" classname="com.dotcms.api.SiteAPIIntegrationTest" time="0.853">
    <system-out><![CDATA[2023-08-04 12:58:38,144 INFO  [com.dot.ContainerResource] (docker-java-stream-1865446083) STDOUT: 12:58:38.144  INFO  util.SecurityLogger - class com.dotcms.cms.login.LoginServiceAPIFactory$LoginServiceImpl : User dotcms.org.1 has successfully login from IP: 172.19.0.1 -- ip:172.19.0.1,user:Admin User [ID: dotcms.org.1][email:admin@dotcms.com]
2023-08-04 12:58:38,144 INFO  [com.dot.ContainerResource] (docker-java-stream-1865446083) STDOUT: 12:58:38.144  INFO  util.SecurityLogger - class com.dotcms.rest.api.v1.authentication.CreateJsonWebTokenResource : A Json Web Token admin@dotcms.com is being created from IP: 172.19.0.1 -- ip:172.19.0.1,user:Admin User [ID: dotcms.org.1][email:admin@dotcms.com]
]]></system-out>
  </testcase>
  <testcase name="Test_Default_Site" classname="com.dotcms.api.SiteAPIIntegrationTest" time="0.792">
    <system-out><![CDATA[2023-08-04 12:58:38,955 INFO  [com.dot.ContainerResource] (docker-java-stream-1865446083) STDOUT: 12:58:38.955  INFO  util.SecurityLogger - class com.dotcms.cms.login.LoginServiceAPIFactory$LoginServiceImpl : User dotcms.org.1 has successfully login from IP: 172.19.0.1 -- ip:172.19.0.1,user:Admin User [ID: dotcms.org.1][email:admin@dotcms.com]
2023-08-04 12:58:38,956 INFO  [com.dot.ContainerResource] (docker-java-stream-1865446083) STDOUT: 12:58:38.955  INFO  util.SecurityLogger - class com.dotcms.rest.api.v1.authentication.CreateJsonWebTokenResource : A Json Web Token admin@dotcms.com is being created from IP: 172.19.0.1 -- ip:172.19.0.1,user:Admin User [ID: dotcms.org.1][email:admin@dotcms.com]
]]></system-out>
  </testcase>
  <testcase name="Test_Create_New_Site_Then_Update_Then_Delete" classname="com.dotcms.api.SiteAPIIntegrationTest" time="1.951">
    <system-out><![CDATA[2023-08-04 12:58:39,750 INFO  [com.dot.ContainerResource] (docker-java-stream-1865446083) STDOUT: 12:58:39.749  INFO  util.SecurityLogger - class com.dotcms.cms.login.LoginServiceAPIFactory$LoginServiceImpl : User dotcms.org.1 has successfully login from IP: 172.19.0.1 -- ip:172.19.0.1,user:Admin User [ID: dotcms.org.1][email:admin@dotcms.com]
2023-08-04 12:58:39,750 INFO  [com.dot.ContainerResource] (docker-java-stream-1865446083) STDOUT: 12:58:39.749  INFO  util.SecurityLogger - class com.dotcms.rest.api.v1.authentication.CreateJsonWebTokenResource : A Json Web Token admin@dotcms.com is being created from IP: 172.19.0.1 -- ip:172.19.0.1,user:Admin User [ID: dotcms.org.1][email:admin@dotcms.com]
2023-08-04 12:58:39,797 INFO  [com.dot.ContainerResource] (docker-java-stream-1865446083) STDOUT: 12:58:39.797  INFO  util.ActivityLogger - class com.dotcms.content.elasticsearch.business.ESContentletAPIImpl: system : Saving Content , StartDate: N/D; EndDate: N/D; User:dotcms.org.1; ContentIdentifier: 
2023-08-04 12:58:39,834 INFO  [com.dot.ContainerResource] (docker-java-stream-1865446083) STDOUT: 12:58:39.831  WARN  client.RestClient - request [POST http://elasticsearch:9200/cluster_c40f8aa8c9.working_20230804125756/_search?typed_keys=true&max_concurrent_shard_requests=5&ignore_unavailable=false&expand_wildcards=open&allow_no_indices=true&ignore_throttled=true&search_type=query_then_fetch&batched_reduce_size=512&ccs_minimize_roundtrips=true] returned 2 warnings: [299 Elasticsearch-7.16.1-5b38441b16b1ebb16a27c107a4c3865776e20c53 "Elasticsearch built-in security features are not enabled. Without authentication, your cluster could be accessible to anyone. See https://www.elastic.co/guide/en/elasticsearch/reference/7.16/security-minimal-setup.html to enable security."],[299 Elasticsearch-7.16.1-5b38441b16b1ebb16a27c107a4c3865776e20c53 "[ignore_throttled] parameter is deprecated because frozen indices have been deprecated. Consider cold or frozen tiers in place of frozen indices."]
2023-08-04 12:58:39,838 INFO  [com.dot.ContainerResource] (docker-java-stream-1865446083) STDOUT: 12:58:39.837  WARN  client.RestClient - request [POST http://elasticsearch:9200/cluster_c40f8aa8c9.live_20230804125756/_search?typed_keys=true&max_concurrent_shard_requests=5&ignore_unavailable=false&expand_wildcards=open&allow_no_indices=true&ignore_throttled=true&search_type=query_then_fetch&batched_reduce_size=512&ccs_minimize_roundtrips=true] returned 2 warnings: [299 Elasticsearch-7.16.1-5b38441b16b1ebb16a27c107a4c3865776e20c53 "Elasticsearch built-in security features are not enabled. Without authentication, your cluster could be accessible to anyone. See https://www.elastic.co/guide/en/elasticsearch/reference/7.16/security-minimal-setup.html to enable security."],[299 Elasticsearch-7.16.1-5b38441b16b1ebb16a27c107a4c3865776e20c53 "[ignore_throttled] parameter is deprecated because frozen indices have been deprecated. Consider cold or frozen tiers in place of frozen indices."]
2023-08-04 12:58:39,842 INFO  [com.dot.ContainerResource] (docker-java-stream-1865446083) STDOUT: 12:58:39.841  INFO  business.IdentifierAPIImpl - Creating new identifier for versionable asset of type `content` and title `newSiteName-1691153919758` 
2023-08-04 12:58:39,843 INFO  [com.dot.ContainerResource] (docker-java-stream-1865446083) STDOUT: 12:58:39.843  INFO  business.DeterministicIdentifierAPIImpl - hashing id: host:system host/newsitename-1691153919758 to caf535c3a4bf646f65fb87b50230cd8d
2023-08-04 12:58:39,943 INFO  [com.dot.ContainerResource] (docker-java-stream-1865446083) STDOUT: 12:58:39.943  INFO  business.ContentletIndexAPIImpl - Indexing: caf535c3a4bf646f65fb87b50230cd8d : newSiteName-1691153919758, includeDependencies: true, policy: DEFER
2023-08-04 12:58:39,951 INFO  [com.dot.ContainerResource] (docker-java-stream-1865446083) STDOUT: 12:58:39.951  INFO  reindex.ReindexQueueAPIImpl - addIdentifierReindex: caf535c3a4bf646f65fb87b50230cd8d
2023-08-04 12:58:40,043 INFO  [com.dot.ContainerResource] (docker-java-stream-1865446083) STDOUT: 12:58:40.042  INFO  util.ActivityLogger - class com.dotcms.content.elasticsearch.business.ESContentletAPIImpl: System Host : Content Saved , StartDate: N/D; EndDate: N/D; User:dotcms.org.1; ContentIdentifier: caf535c3a4bf646f65fb87b50230cd8d
2023-08-04 12:58:40,051 INFO  [com.dot.ContainerResource] (docker-java-stream-1865446083) STDOUT: 12:58:40.050  INFO  reindex.ReindexThread - --- Unpausing reindex thread 
2023-08-04 12:58:40,088 INFO  [com.dot.ContainerResource] (docker-java-stream-1865446083) STDOUT: 12:58:40.088  INFO  util.ActivityLogger - class com.dotcms.content.elasticsearch.business.ESContentletAPIImpl: System Host : Locking Content , StartDate: N/D; EndDate: N/D; User:dotcms.org.1; ContentIdentifier: caf535c3a4bf646f65fb87b50230cd8d
2023-08-04 12:58:40,114 INFO  [com.dot.ContainerResource] (docker-java-stream-1865446083) STDOUT: 12:58:40.113  INFO  business.ContentletIndexAPIImpl - Indexing: caf535c3a4bf646f65fb87b50230cd8d : newSiteName-1691153919758, includeDependencies: false, policy: DEFER
2023-08-04 12:58:40,114 INFO  [com.dot.ContainerResource] (docker-java-stream-1865446083) STDOUT: 12:58:40.114  INFO  reindex.ReindexQueueAPIImpl - addIdentifierReindex: caf535c3a4bf646f65fb87b50230cd8d
2023-08-04 12:58:40,115 INFO  [com.dot.ContainerResource] (docker-java-stream-1865446083) STDOUT: 12:58:40.115  INFO  util.ActivityLogger - class com.dotcms.content.elasticsearch.business.ESContentletAPIImpl: System Host : Content Locked , StartDate: N/D; EndDate: N/D; User:dotcms.org.1; ContentIdentifier: caf535c3a4bf646f65fb87b50230cd8d
2023-08-04 12:58:40,117 INFO  [com.dot.ContainerResource] (docker-java-stream-1865446083) STDOUT: 12:58:40.117  INFO  util.ActivityLogger - class com.dotcms.content.elasticsearch.business.ESContentletAPIImpl: System Host : Saving Content , StartDate: N/D; EndDate: N/D; User:dotcms.org.1; ContentIdentifier: caf535c3a4bf646f65fb87b50230cd8d
2023-08-04 12:58:40,129 INFO  [com.dot.ContainerResource] (docker-java-stream-1865446083) STDOUT: 12:58:40.129  WARN  client.RestClient - request [POST http://elasticsearch:9200/cluster_c40f8aa8c9.working_20230804125756/_search?typed_keys=true&max_concurrent_shard_requests=5&ignore_unavailable=false&expand_wildcards=open&allow_no_indices=true&ignore_throttled=true&search_type=query_then_fetch&batched_reduce_size=512&ccs_minimize_roundtrips=true] returned 2 warnings: [299 Elasticsearch-7.16.1-5b38441b16b1ebb16a27c107a4c3865776e20c53 "Elasticsearch built-in security features are not enabled. Without authentication, your cluster could be accessible to anyone. See https://www.elastic.co/guide/en/elasticsearch/reference/7.16/security-minimal-setup.html to enable security."],[299 Elasticsearch-7.16.1-5b38441b16b1ebb16a27c107a4c3865776e20c53 "[ignore_throttled] parameter is deprecated because frozen indices have been deprecated. Consider cold or frozen tiers in place of frozen indices."]
2023-08-04 12:58:40,144 INFO  [com.dot.ContainerResource] (docker-java-stream-1865446083) STDOUT: 12:58:40.143  WARN  client.RestClient - request [POST http://elasticsearch:9200/cluster_c40f8aa8c9.live_20230804125756/_search?typed_keys=true&max_concurrent_shard_requests=5&ignore_unavailable=false&expand_wildcards=open&allow_no_indices=true&ignore_throttled=true&search_type=query_then_fetch&batched_reduce_size=512&ccs_minimize_roundtrips=true] returned 2 warnings: [299 Elasticsearch-7.16.1-5b38441b16b1ebb16a27c107a4c3865776e20c53 "Elasticsearch built-in security features are not enabled. Without authentication, your cluster could be accessible to anyone. See https://www.elastic.co/guide/en/elasticsearch/reference/7.16/security-minimal-setup.html to enable security."],[299 Elasticsearch-7.16.1-5b38441b16b1ebb16a27c107a4c3865776e20c53 "[ignore_throttled] parameter is deprecated because frozen indices have been deprecated. Consider cold or frozen tiers in place of frozen indices."]
2023-08-04 12:58:40,225 INFO  [com.dot.ContainerResource] (docker-java-stream-1865446083) STDOUT: 12:58:40.224  INFO  reindex.BulkProcessorListener - -----------
2023-08-04 12:58:40,225 INFO  [com.dot.ContainerResource] (docker-java-stream-1865446083) STDOUT: 12:58:40.225  INFO  reindex.BulkProcessorListener - Reindexing Server #  : 1 of 1
2023-08-04 12:58:40,225 INFO  [com.dot.ContainerResource] (docker-java-stream-1865446083) STDOUT: 12:58:40.225  INFO  reindex.BulkProcessorListener - Total Indexed        : 0
2023-08-04 12:58:40,226 INFO  [com.dot.ContainerResource] (docker-java-stream-1865446083) STDOUT: 12:58:40.226  INFO  reindex.BulkProcessorListener - ReindexEntries found : 1
2023-08-04 12:58:40,226 INFO  [com.dot.ContainerResource] (docker-java-stream-1865446083) STDOUT: 12:58:40.226  INFO  reindex.BulkProcessorListener - BulkRequests created : 1
2023-08-04 12:58:40,226 INFO  [com.dot.ContainerResource] (docker-java-stream-1865446083) STDOUT: 12:58:40.226  INFO  reindex.BulkProcessorListener - -----------
2023-08-04 12:58:40,229 INFO  [com.dot.ContainerResource] (docker-java-stream-1865446083) STDOUT: 12:58:40.227  INFO  business.ContentletIndexAPIImpl - Indexing: caf535c3a4bf646f65fb87b50230cd8d : updatedSiteName-1691153920054, includeDependencies: true, policy: DEFER
2023-08-04 12:58:40,229 INFO  [com.dot.ContainerResource] (docker-java-stream-1865446083) STDOUT: 12:58:40.228  INFO  reindex.ReindexQueueAPIImpl - addIdentifierReindex: caf535c3a4bf646f65fb87b50230cd8d
2023-08-04 12:58:40,237 INFO  [com.dot.ContainerResource] (docker-java-stream-1865446083) STDOUT: 12:58:40.237  WARN  client.RestClient - request [POST http://elasticsearch:9200/_bulk?timeout=1m] returned 1 warnings: [299 Elasticsearch-7.16.1-5b38441b16b1ebb16a27c107a4c3865776e20c53 "Elasticsearch built-in security features are not enabled. Without authentication, your cluster could be accessible to anyone. See https://www.elastic.co/guide/en/elasticsearch/reference/7.16/security-minimal-setup.html to enable security."]
2023-08-04 12:58:40,270 INFO  [com.dot.ContainerResource] (docker-java-stream-1865446083) STDOUT: 12:58:40.269  INFO  util.ActivityLogger - class com.dotcms.content.elasticsearch.business.ESContentletAPIImpl: System Host : Content Saved , StartDate: N/D; EndDate: N/D; User:dotcms.org.1; ContentIdentifier: caf535c3a4bf646f65fb87b50230cd8d
2023-08-04 12:58:40,272 INFO  [com.dot.ContainerResource] (docker-java-stream-1865446083) STDOUT: 12:58:40.272  INFO  reindex.ReindexThread - --- Unpausing reindex thread 
2023-08-04 12:58:40,306 INFO  [com.dot.ContainerResource] (docker-java-stream-1865446083) STDOUT: 12:58:40.305  INFO  util.ActivityLogger - class com.dotcms.content.elasticsearch.business.ESContentletAPIImpl: System Host : Unlocking Content , StartDate: N/D; EndDate: N/D; User:dotcms.org.1; ContentIdentifier: caf535c3a4bf646f65fb87b50230cd8d
2023-08-04 12:58:40,314 INFO  [com.dot.ContainerResource] (docker-java-stream-1865446083) STDOUT: 12:58:40.314  INFO  business.ContentletIndexAPIImpl - Indexing: caf535c3a4bf646f65fb87b50230cd8d : updatedSiteName-1691153920054, includeDependencies: false, policy: DEFER
2023-08-04 12:58:40,315 INFO  [com.dot.ContainerResource] (docker-java-stream-1865446083) STDOUT: 12:58:40.314  INFO  reindex.ReindexQueueAPIImpl - addIdentifierReindex: caf535c3a4bf646f65fb87b50230cd8d
2023-08-04 12:58:40,316 INFO  [com.dot.ContainerResource] (docker-java-stream-1865446083) STDOUT: 12:58:40.316  INFO  util.ActivityLogger - class com.dotcms.content.elasticsearch.business.ESContentletAPIImpl: System Host : Content Unlocked , StartDate: N/D; EndDate: N/D; User:dotcms.org.1; ContentIdentifier: caf535c3a4bf646f65fb87b50230cd8d
2023-08-04 12:58:40,328 INFO  [com.dot.ContainerResource] (docker-java-stream-1865446083) STDOUT: 12:58:40.327  INFO  util.ActivityLogger - class com.dotcms.content.elasticsearch.business.ESContentletAPIImpl: System Host : Archiving Content , StartDate: N/A; EndDate: N/A; User:dotcms.org.1; ContentIdentifier: caf535c3a4bf646f65fb87b50230cd8d
2023-08-04 12:58:40,332 INFO  [com.dot.ContainerResource] (docker-java-stream-1865446083) STDOUT: 12:58:40.331  INFO  business.ContentletIndexAPIImpl - Indexing: caf535c3a4bf646f65fb87b50230cd8d : updatedSiteName-1691153920054, includeDependencies: true, policy: DEFER
2023-08-04 12:58:40,332 INFO  [com.dot.ContainerResource] (docker-java-stream-1865446083) STDOUT: 12:58:40.332  INFO  reindex.ReindexQueueAPIImpl - addIdentifierReindex: caf535c3a4bf646f65fb87b50230cd8d
2023-08-04 12:58:40,447 INFO  [com.dot.ContainerResource] (docker-java-stream-1865446083) STDOUT: 12:58:40.446  INFO  util.ActivityLogger - class com.dotcms.content.elasticsearch.business.ESContentletAPIImpl: System Host : Content Archived , StartDate: N/A; EndDate: N/A; User:dotcms.org.1; ContentIdentifier: caf535c3a4bf646f65fb87b50230cd8d
2023-08-04 12:58:40,497 INFO  [com.dot.ContainerResource] (docker-java-stream-1865446083) STDOUT: 12:58:40.497  INFO  business.HostAPIImpl - Deleting Site: updatedSiteName-1691153920054
2023-08-04 12:58:40,511 INFO  [com.dot.ContainerResource] (docker-java-stream-1865446083) STDOUT: 12:58:40.510  INFO  reindex.BulkProcessorListener - -----------
2023-08-04 12:58:40,512 INFO  [com.dot.ContainerResource] (docker-java-stream-1865446083) STDOUT: 12:58:40.512  INFO  reindex.BulkProcessorListener - Reindexing Server #  : 1 of 1
2023-08-04 12:58:40,512 INFO  [com.dot.ContainerResource] (docker-java-stream-1865446083) STDOUT: 12:58:40.512  INFO  reindex.BulkProcessorListener - Total Indexed        : 0
2023-08-04 12:58:40,513 INFO  [com.dot.ContainerResource] (docker-java-stream-1865446083) STDOUT: 12:58:40.512  INFO  reindex.BulkProcessorListener - ReindexEntries found : 1
2023-08-04 12:58:40,513 INFO  [com.dot.ContainerResource] (docker-java-stream-1865446083) STDOUT: 12:58:40.513  INFO  reindex.BulkProcessorListener - BulkRequests created : 1
2023-08-04 12:58:40,513 INFO  [com.dot.ContainerResource] (docker-java-stream-1865446083) STDOUT: 12:58:40.513  INFO  reindex.BulkProcessorListener - -----------
2023-08-04 12:58:40,545 INFO  [com.dot.ContainerResource] (docker-java-stream-1865446083) STDOUT: 12:58:40.544  WARN  client.RestClient - request [POST http://elasticsearch:9200/_bulk?timeout=1m] returned 1 warnings: [299 Elasticsearch-7.16.1-5b38441b16b1ebb16a27c107a4c3865776e20c53 "Elasticsearch built-in security features are not enabled. Without authentication, your cluster could be accessible to anyone. See https://www.elastic.co/guide/en/elasticsearch/reference/7.16/security-minimal-setup.html to enable security."]
2023-08-04 12:58:40,592 INFO  [com.dot.ContainerResource] (docker-java-stream-1865446083) STDOUT: 12:58:40.591  WARN  client.RestClient - request [POST http://elasticsearch:9200/cluster_c40f8aa8c9.working_20230804125756/_search?typed_keys=true&max_concurrent_shard_requests=5&ignore_unavailable=false&expand_wildcards=open&allow_no_indices=true&ignore_throttled=true&search_type=query_then_fetch&batched_reduce_size=512&ccs_minimize_roundtrips=true] returned 2 warnings: [299 Elasticsearch-7.16.1-5b38441b16b1ebb16a27c107a4c3865776e20c53 "Elasticsearch built-in security features are not enabled. Without authentication, your cluster could be accessible to anyone. See https://www.elastic.co/guide/en/elasticsearch/reference/7.16/security-minimal-setup.html to enable security."],[299 Elasticsearch-7.16.1-5b38441b16b1ebb16a27c107a4c3865776e20c53 "[ignore_throttled] parameter is deprecated because frozen indices have been deprecated. Consider cold or frozen tiers in place of frozen indices."]
2023-08-04 12:58:40,595 INFO  [com.dot.ContainerResource] (docker-java-stream-1865446083) STDOUT: 12:58:40.594  INFO  util.ActivityLogger - class com.dotcms.content.elasticsearch.business.ESContentletAPIImpl: System Host : Deleting Content , StartDate: N/A; EndDate: N/A; User:dotcms.org.1; ContentIdentifier: caf535c3a4bf646f65fb87b50230cd8d
2023-08-04 12:58:40,595 INFO  [com.dot.ContainerResource] (docker-java-stream-1865446083) STDOUT: 12:58:40.594  INFO  business.ESContentletAPIImpl - UserId : dotcms.org.1 : delete : User trying to delete the following contents: [caf535c3a4bf646f65fb87b50230cd8d]
2023-08-04 12:58:40,615 INFO  [com.dot.ContainerResource] (docker-java-stream-1865446083) STDOUT: 12:58:40.594  INFO  util.AdminLogger - UserId : dotcms.org.1 : class com.dotcms.content.elasticsearch.business.ESContentletAPIImpl : delete : User trying to delete the following contents: [caf535c3a4bf646f65fb87b50230cd8d]
2023-08-04 12:58:40,616 INFO  [com.dot.ContainerResource] (docker-java-stream-1865446083) STDOUT: 12:58:40.598  INFO  business.ESContentletAPIImpl - UserId : dotcms.org.1 : destroy : User trying to destroy the following contents: [caf535c3a4bf646f65fb87b50230cd8d]
2023-08-04 12:58:40,616 INFO  [com.dot.ContainerResource] (docker-java-stream-1865446083) STDOUT: 12:58:40.598  INFO  util.AdminLogger - UserId : dotcms.org.1 : class com.dotcms.content.elasticsearch.business.ESContentletAPIImpl : destroy : User trying to destroy the following contents: [caf535c3a4bf646f65fb87b50230cd8d]
2023-08-04 12:58:40,616 INFO  [com.dot.ContainerResource] (docker-java-stream-1865446083) STDOUT: 12:58:40.598  INFO  util.SecurityLogger - class com.dotmarketing.portlets.workflows.business.WorkflowAPIImpl : Removing Workflow Tasks by contentlet 'caf535c3a4bf646f65fb87b50230cd8d' in any language -- ip:ukn,user:null
2023-08-04 12:58:40,616 INFO  [com.dot.ContainerResource] (docker-java-stream-1865446083) STDOUT: 12:58:40.599  INFO  util.SecurityLogger - class com.dotmarketing.portlets.workflows.business.WorkflowAPIImpl : Workflow Tasks by contentlet 'caf535c3a4bf646f65fb87b50230cd8d' in any language have been deleted by User ID 'dotcms.org.1' -- ip:ukn,user:null
2023-08-04 12:58:40,620 INFO  [com.dot.ContainerResource] (docker-java-stream-1865446083) STDOUT: 12:58:40.619  INFO  util.ActivityLogger - class com.dotcms.content.elasticsearch.business.ESContentletAPIImpl: System Host : Content Destroyed , StartDate: N/A; EndDate: N/A; User:dotcms.org.1; ContentIdentifier: caf535c3a4bf646f65fb87b50230cd8d
2023-08-04 12:58:40,680 INFO  [com.dot.ContainerResource] (docker-java-stream-1865446083) STDOUT: 12:58:40.679  INFO  concurrent.Debouncer - Debouncing : invalidateGraphSchema after 5000 MILLISECONDS
2023-08-04 12:58:40,794 INFO  [com.dot.ContainerResource] (docker-java-stream-1865446083) STDERR: WARNING: Illegal reflective access by com.thoughtworks.xstream.core.util.Fields (file:/srv/dotserver/tomcat-9.0.60/webapps/ROOT/WEB-INF/lib/xstream-1.4.8.jar) to field java.lang.reflect.Proxy.h
2023-08-04 12:58:40,803 INFO  [com.dot.ContainerResource] (docker-java-stream-1865446083) STDERR: WARNING: Illegal reflective access by com.thoughtworks.xstream.converters.reflection.AbstractAttributedCharacterIteratorAttributeConverter (file:/srv/dotserver/tomcat-9.0.60/webapps/ROOT/WEB-INF/lib/xstream-1.4.8.jar) to method java.text.AttributedCharacterIterator$Attribute.getName()
2023-08-04 12:58:40,803 INFO  [com.dot.ContainerResource] (docker-java-stream-1865446083) STDERR: WARNING: Illegal reflective access by com.thoughtworks.xstream.core.util.Fields (file:/srv/dotserver/tomcat-9.0.60/webapps/ROOT/WEB-INF/lib/xstream-1.4.8.jar) to field java.awt.font.TextAttribute.instanceMap
2023-08-04 12:58:40,875 INFO  [com.dot.ContainerResource] (docker-java-stream-1865446083) STDERR: WARNING: Illegal reflective access by com.thoughtworks.xstream.converters.reflection.FieldDictionary (file:/srv/dotserver/tomcat-9.0.60/webapps/ROOT/WEB-INF/lib/xstream-1.4.8.jar) to field java.util.concurrent.locks.ReentrantLock.serialVersionUID
2023-08-04 12:58:40,875 INFO  [com.dot.ContainerResource] (docker-java-stream-1865446083) STDERR: WARNING: Illegal reflective access by com.thoughtworks.xstream.converters.reflection.FieldDictionary (file:/srv/dotserver/tomcat-9.0.60/webapps/ROOT/WEB-INF/lib/xstream-1.4.8.jar) to field java.util.concurrent.locks.ReentrantLock.sync
2023-08-04 12:58:40,877 INFO  [com.dot.ContainerResource] (docker-java-stream-1865446083) STDERR: WARNING: Illegal reflective access by com.thoughtworks.xstream.core.util.SerializationMembers (file:/srv/dotserver/tomcat-9.0.60/webapps/ROOT/WEB-INF/lib/xstream-1.4.8.jar) to method java.util.concurrent.locks.ReentrantLock$Sync.readObject(java.io.ObjectInputStream)
2023-08-04 12:58:40,878 INFO  [com.dot.ContainerResource] (docker-java-stream-1865446083) STDERR: WARNING: Illegal reflective access by com.thoughtworks.xstream.converters.reflection.SerializableConverter (file:/srv/dotserver/tomcat-9.0.60/webapps/ROOT/WEB-INF/lib/xstream-1.4.8.jar) to field java.util.concurrent.locks.AbstractQueuedSynchronizer.state
2023-08-04 12:58:40,899 INFO  [com.dot.ContainerResource] (docker-java-stream-1865446083) STDOUT: 12:58:40.898  INFO  reindex.ReindexQueueAPIImpl - addIdentifierReindex: caf535c3a4bf646f65fb87b50230cd8d
2023-08-04 12:58:40,918 INFO  [com.dot.ContainerResource] (docker-java-stream-1865446083) STDOUT: 12:58:40.917  INFO  reindex.ReindexQueueAPIImpl - addIdentifierReindex: caf535c3a4bf646f65fb87b50230cd8d
2023-08-04 12:58:40,944 INFO  [com.dot.ContainerResource] (docker-java-stream-1865446083) STDOUT: 12:58:40.944  INFO  apps.AppsAPIImpl -  Removing secrets under site `updatedSiteName-1691153920054` 
2023-08-04 12:58:40,960 INFO  [com.dot.ContainerResource] (docker-java-stream-1865446083) STDOUT: 12:58:40.947  INFO  business.ContentletIndexAPIImpl - Indexing: caf535c3a4bf646f65fb87b50230cd8d : updatedSiteName-1691153920054, includeDependencies: true, policy: DEFER
2023-08-04 12:58:40,960 INFO  [com.dot.ContainerResource] (docker-java-stream-1865446083) STDOUT: 12:58:40.952  INFO  reindex.ReindexQueueAPIImpl - addIdentifierReindex: caf535c3a4bf646f65fb87b50230cd8d
2023-08-04 12:58:40,960 INFO  [com.dot.ContainerResource] (docker-java-stream-1865446083) STDOUT: 12:58:40.956  INFO  reindex.ReindexThread - --- Unpausing reindex thread 
]]></system-out>
  </testcase>
  <testcase name="Test_Copy_Site" classname="com.dotcms.api.SiteAPIIntegrationTest" time="1.195">
    <system-out><![CDATA[2023-08-04 12:58:41,001 INFO  [com.dot.ContainerResource] (docker-java-stream-1865446083) STDOUT: 12:58:41.001  WARN  client.RestClient - request [POST http://elasticsearch:9200/_bulk?timeout=15000ms] returned 1 warnings: [299 Elasticsearch-7.16.1-5b38441b16b1ebb16a27c107a4c3865776e20c53 "Elasticsearch built-in security features are not enabled. Without authentication, your cluster could be accessible to anyone. See https://www.elastic.co/guide/en/elasticsearch/reference/7.16/security-minimal-setup.html to enable security."]
2023-08-04 12:58:41,014 INFO  [com.dot.ContainerResource] (docker-java-stream-1865446083) STDOUT: 12:58:41.012  WARN  client.RestClient - request [POST http://elasticsearch:9200/_bulk?timeout=15000ms] returned 1 warnings: [299 Elasticsearch-7.16.1-5b38441b16b1ebb16a27c107a4c3865776e20c53 "Elasticsearch built-in security features are not enabled. Without authentication, your cluster could be accessible to anyone. See https://www.elastic.co/guide/en/elasticsearch/reference/7.16/security-minimal-setup.html to enable security."]
2023-08-04 12:58:41,780 INFO  [com.dot.ContainerResource] (docker-java-stream-1865446083) STDOUT: 12:58:41.760  INFO  util.SecurityLogger - class com.dotcms.cms.login.LoginServiceAPIFactory$LoginServiceImpl : User dotcms.org.1 has successfully login from IP: 172.19.0.1 -- ip:172.19.0.1,user:Admin User [ID: dotcms.org.1][email:admin@dotcms.com]
2023-08-04 12:58:41,781 INFO  [com.dot.ContainerResource] (docker-java-stream-1865446083) STDOUT: 12:58:41.760  INFO  util.SecurityLogger - class com.dotcms.rest.api.v1.authentication.CreateJsonWebTokenResource : A Json Web Token admin@dotcms.com is being created from IP: 172.19.0.1 -- ip:172.19.0.1,user:Admin User [ID: dotcms.org.1][email:admin@dotcms.com]
2023-08-04 12:58:41,781 INFO  [com.dot.ContainerResource] (docker-java-stream-1865446083) STDOUT: 12:58:41.771  INFO  util.ActivityLogger - class com.dotcms.content.elasticsearch.business.ESContentletAPIImpl: system : Saving Content , StartDate: N/D; EndDate: N/D; User:dotcms.org.1; ContentIdentifier: 
2023-08-04 12:58:41,781 INFO  [com.dot.ContainerResource] (docker-java-stream-1865446083) STDOUT: 12:58:41.780  WARN  client.RestClient - request [POST http://elasticsearch:9200/cluster_c40f8aa8c9.working_20230804125756/_search?typed_keys=true&max_concurrent_shard_requests=5&ignore_unavailable=false&expand_wildcards=open&allow_no_indices=true&ignore_throttled=true&search_type=query_then_fetch&batched_reduce_size=512&ccs_minimize_roundtrips=true] returned 2 warnings: [299 Elasticsearch-7.16.1-5b38441b16b1ebb16a27c107a4c3865776e20c53 "Elasticsearch built-in security features are not enabled. Without authentication, your cluster could be accessible to anyone. See https://www.elastic.co/guide/en/elasticsearch/reference/7.16/security-minimal-setup.html to enable security."],[299 Elasticsearch-7.16.1-5b38441b16b1ebb16a27c107a4c3865776e20c53 "[ignore_throttled] parameter is deprecated because frozen indices have been deprecated. Consider cold or frozen tiers in place of frozen indices."]
2023-08-04 12:58:41,789 INFO  [com.dot.ContainerResource] (docker-java-stream-1865446083) STDOUT: 12:58:41.789  WARN  client.RestClient - request [POST http://elasticsearch:9200/cluster_c40f8aa8c9.live_20230804125756/_search?typed_keys=true&max_concurrent_shard_requests=5&ignore_unavailable=false&expand_wildcards=open&allow_no_indices=true&ignore_throttled=true&search_type=query_then_fetch&batched_reduce_size=512&ccs_minimize_roundtrips=true] returned 2 warnings: [299 Elasticsearch-7.16.1-5b38441b16b1ebb16a27c107a4c3865776e20c53 "Elasticsearch built-in security features are not enabled. Without authentication, your cluster could be accessible to anyone. See https://www.elastic.co/guide/en/elasticsearch/reference/7.16/security-minimal-setup.html to enable security."],[299 Elasticsearch-7.16.1-5b38441b16b1ebb16a27c107a4c3865776e20c53 "[ignore_throttled] parameter is deprecated because frozen indices have been deprecated. Consider cold or frozen tiers in place of frozen indices."]
2023-08-04 12:58:41,795 INFO  [com.dot.ContainerResource] (docker-java-stream-1865446083) STDOUT: 12:58:41.795  INFO  business.IdentifierAPIImpl - Creating new identifier for versionable asset of type `content` and title `newSiteName-1691153921765` 
2023-08-04 12:58:41,795 INFO  [com.dot.ContainerResource] (docker-java-stream-1865446083) STDOUT: 12:58:41.795  INFO  business.DeterministicIdentifierAPIImpl - hashing id: host:system host/newsitename-1691153921765 to 2c19d928bfddedc75247604b241c1e00
2023-08-04 12:58:41,848 INFO  [com.dot.ContainerResource] (docker-java-stream-1865446083) STDOUT: 12:58:41.848  INFO  business.ContentletIndexAPIImpl - Indexing: 2c19d928bfddedc75247604b241c1e00 : newSiteName-1691153921765, includeDependencies: true, policy: DEFER
2023-08-04 12:58:41,849 INFO  [com.dot.ContainerResource] (docker-java-stream-1865446083) STDOUT: 12:58:41.848  INFO  reindex.ReindexQueueAPIImpl - addIdentifierReindex: 2c19d928bfddedc75247604b241c1e00
2023-08-04 12:58:41,920 INFO  [com.dot.ContainerResource] (docker-java-stream-1865446083) STDOUT: 12:58:41.919  INFO  util.ActivityLogger - class com.dotcms.content.elasticsearch.business.ESContentletAPIImpl: System Host : Content Saved , StartDate: N/D; EndDate: N/D; User:dotcms.org.1; ContentIdentifier: 2c19d928bfddedc75247604b241c1e00
2023-08-04 12:58:41,923 INFO  [com.dot.ContainerResource] (docker-java-stream-1865446083) STDOUT: 12:58:41.922  INFO  reindex.ReindexThread - --- Unpausing reindex thread 
2023-08-04 12:58:41,963 INFO  [com.dot.ContainerResource] (docker-java-stream-1865446083) STDOUT: 12:58:41.963  INFO  util.ActivityLogger - class com.dotcms.content.elasticsearch.business.ESContentletAPIImpl: system : Saving Content , StartDate: N/D; EndDate: N/D; User:dotcms.org.1; ContentIdentifier: 
2023-08-04 12:58:41,972 INFO  [com.dot.ContainerResource] (docker-java-stream-1865446083) STDOUT: 12:58:41.972  WARN  client.RestClient - request [POST http://elasticsearch:9200/cluster_c40f8aa8c9.working_20230804125756/_search?typed_keys=true&max_concurrent_shard_requests=5&ignore_unavailable=false&expand_wildcards=open&allow_no_indices=true&ignore_throttled=true&search_type=query_then_fetch&batched_reduce_size=512&ccs_minimize_roundtrips=true] returned 2 warnings: [299 Elasticsearch-7.16.1-5b38441b16b1ebb16a27c107a4c3865776e20c53 "Elasticsearch built-in security features are not enabled. Without authentication, your cluster could be accessible to anyone. See https://www.elastic.co/guide/en/elasticsearch/reference/7.16/security-minimal-setup.html to enable security."],[299 Elasticsearch-7.16.1-5b38441b16b1ebb16a27c107a4c3865776e20c53 "[ignore_throttled] parameter is deprecated because frozen indices have been deprecated. Consider cold or frozen tiers in place of frozen indices."]
2023-08-04 12:58:41,978 INFO  [com.dot.ContainerResource] (docker-java-stream-1865446083) STDOUT: 12:58:41.977  WARN  client.RestClient - request [POST http://elasticsearch:9200/cluster_c40f8aa8c9.live_20230804125756/_search?typed_keys=true&max_concurrent_shard_requests=5&ignore_unavailable=false&expand_wildcards=open&allow_no_indices=true&ignore_throttled=true&search_type=query_then_fetch&batched_reduce_size=512&ccs_minimize_roundtrips=true] returned 2 warnings: [299 Elasticsearch-7.16.1-5b38441b16b1ebb16a27c107a4c3865776e20c53 "Elasticsearch built-in security features are not enabled. Without authentication, your cluster could be accessible to anyone. See https://www.elastic.co/guide/en/elasticsearch/reference/7.16/security-minimal-setup.html to enable security."],[299 Elasticsearch-7.16.1-5b38441b16b1ebb16a27c107a4c3865776e20c53 "[ignore_throttled] parameter is deprecated because frozen indices have been deprecated. Consider cold or frozen tiers in place of frozen indices."]
2023-08-04 12:58:41,983 INFO  [com.dot.ContainerResource] (docker-java-stream-1865446083) STDOUT: 12:58:41.983  INFO  business.IdentifierAPIImpl - Creating new identifier for versionable asset of type `content` and title `newSiteName-1691153921933` 
2023-08-04 12:58:41,984 INFO  [com.dot.ContainerResource] (docker-java-stream-1865446083) STDOUT: 12:58:41.984  INFO  business.DeterministicIdentifierAPIImpl - hashing id: host:system host/newsitename-1691153921933 to fffae37b64e83b48398beb8aafef8c79
2023-08-04 12:58:42,017 INFO  [com.dot.ContainerResource] (docker-java-stream-1865446083) STDOUT: 12:58:42.016  INFO  business.ContentletIndexAPIImpl - Indexing: fffae37b64e83b48398beb8aafef8c79 : newSiteName-1691153921933, includeDependencies: true, policy: DEFER
2023-08-04 12:58:42,019 INFO  [com.dot.ContainerResource] (docker-java-stream-1865446083) STDOUT: 12:58:42.019  INFO  reindex.ReindexQueueAPIImpl - addIdentifierReindex: fffae37b64e83b48398beb8aafef8c79
2023-08-04 12:58:42,060 INFO  [com.dot.ContainerResource] (docker-java-stream-1865446083) STDOUT: 12:58:42.059  INFO  util.ActivityLogger - class com.dotcms.content.elasticsearch.business.ESContentletAPIImpl: System Host : Content Saved , StartDate: N/D; EndDate: N/D; User:dotcms.org.1; ContentIdentifier: fffae37b64e83b48398beb8aafef8c79
2023-08-04 12:58:42,107 INFO  [com.dot.ContainerResource] (docker-java-stream-1865446083) STDOUT: 12:58:42.107  INFO  reindex.BulkProcessorListener - -----------
2023-08-04 12:58:42,108 INFO  [com.dot.ContainerResource] (docker-java-stream-1865446083) STDOUT: 12:58:42.107  INFO  reindex.BulkProcessorListener - Reindexing Server #  : 1 of 1
2023-08-04 12:58:42,108 INFO  [com.dot.ContainerResource] (docker-java-stream-1865446083) STDOUT: 12:58:42.107  INFO  reindex.BulkProcessorListener - Total Indexed        : 0
2023-08-04 12:58:42,108 INFO  [com.dot.ContainerResource] (docker-java-stream-1865446083) STDOUT: 12:58:42.107  INFO  reindex.BulkProcessorListener - ReindexEntries found : 2
2023-08-04 12:58:42,108 INFO  [com.dot.ContainerResource] (docker-java-stream-1865446083) STDOUT: 12:58:42.107  INFO  reindex.BulkProcessorListener - BulkRequests created : 2
2023-08-04 12:58:42,108 INFO  [com.dot.ContainerResource] (docker-java-stream-1865446083) STDOUT: 12:58:42.107  INFO  reindex.BulkProcessorListener - -----------
2023-08-04 12:58:42,125 INFO  [com.dot.ContainerResource] (docker-java-stream-1865446083) STDOUT: 12:58:42.124  WARN  client.RestClient - request [POST http://elasticsearch:9200/_bulk?timeout=1m] returned 1 warnings: [299 Elasticsearch-7.16.1-5b38441b16b1ebb16a27c107a4c3865776e20c53 "Elasticsearch built-in security features are not enabled. Without authentication, your cluster could be accessible to anyone. See https://www.elastic.co/guide/en/elasticsearch/reference/7.16/security-minimal-setup.html to enable security."]
2023-08-04 12:58:42,129 INFO  [com.dot.ContainerResource] (docker-java-stream-1865446083) STDOUT: 12:58:42.129  INFO  quartz.DotStatefulJob - New Task for job `HostAssetsJobProxy` scheduled for execution `42 58 12 4 8 ? 2023`.
]]></system-out>
  </testcase>
  <testcase name="Test_Publish_UnPublish_Site" classname="com.dotcms.api.SiteAPIIntegrationTest" time="1.172">
    <system-out><![CDATA[2023-08-04 12:58:42,173 INFO  [com.dot.ContainerResource] (docker-java-stream-1865446083) STDOUT: 12:58:42.172  INFO  priv.HostAssetsJobImpl - ====> Starting Site Copy Job: 'setup-host-2c19d928bfddedc75247604b241c1e00'
2023-08-04 12:58:42,192 INFO  [com.dot.ContainerResource] (docker-java-stream-1865446083) STDOUT: 12:58:42.189  INFO  priv.HostAssetsJobImpl - Validating Sites Info at DB
2023-08-04 12:58:42,192 INFO  [com.dot.ContainerResource] (docker-java-stream-1865446083) STDOUT: 12:58:42.190  INFO  priv.HostAssetsJobImpl - -> Source Site: newSiteName-1691153921765 (2c19d928bfddedc75247604b241c1e00)
2023-08-04 12:58:42,192 INFO  [com.dot.ContainerResource] (docker-java-stream-1865446083) STDOUT: 12:58:42.190  INFO  priv.HostAssetsJobImpl - -> Destination Site: newSiteName-1691153921933 (fffae37b64e83b48398beb8aafef8c79)
2023-08-04 12:58:42,192 INFO  [com.dot.ContainerResource] (docker-java-stream-1865446083) STDOUT: 12:58:42.191  INFO  priv.HostAssetsJobImpl - :::: Copying Templates and containers. 
2023-08-04 12:58:42,216 INFO  [com.dot.ContainerResource] (docker-java-stream-1865446083) STDOUT: 12:58:42.214  INFO  priv.HostAssetsJobImpl - :::: Copying Folders.
2023-08-04 12:58:42,216 INFO  [com.dot.ContainerResource] (docker-java-stream-1865446083) STDOUT: 12:58:42.214  INFO  priv.HostAssetsJobImpl - :::: Copying Menu Links.
2023-08-04 12:58:42,216 INFO  [com.dot.ContainerResource] (docker-java-stream-1865446083) STDOUT: 12:58:42.214  INFO  priv.HostAssetsJobImpl - :::: Pointing Templates to copied themes.
2023-08-04 12:58:42,216 INFO  [com.dot.ContainerResource] (docker-java-stream-1865446083) STDOUT: 12:58:42.215  INFO  priv.HostAssetsJobImpl - :::: Copying All Content.
2023-08-04 12:58:42,268 INFO  [com.dot.ContainerResource] (docker-java-stream-1865446083) STDOUT: 12:58:42.264  WARN  client.RestClient - request [POST http://elasticsearch:9200/cluster_c40f8aa8c9.working_20230804125756/_search?typed_keys=true&max_concurrent_shard_requests=5&ignore_unavailable=false&expand_wildcards=open&allow_no_indices=true&ignore_throttled=true&search_type=query_then_fetch&batched_reduce_size=512&ccs_minimize_roundtrips=true] returned 2 warnings: [299 Elasticsearch-7.16.1-5b38441b16b1ebb16a27c107a4c3865776e20c53 "Elasticsearch built-in security features are not enabled. Without authentication, your cluster could be accessible to anyone. See https://www.elastic.co/guide/en/elasticsearch/reference/7.16/security-minimal-setup.html to enable security."],[299 Elasticsearch-7.16.1-5b38441b16b1ebb16a27c107a4c3865776e20c53 "[ignore_throttled] parameter is deprecated because frozen indices have been deprecated. Consider cold or frozen tiers in place of frozen indices."]
2023-08-04 12:58:42,283 INFO  [com.dot.ContainerResource] (docker-java-stream-1865446083) STDOUT: 12:58:42.267  INFO  priv.HostAssetsJobImpl - :::: Copying Site Variables.
2023-08-04 12:58:42,309 INFO  [com.dot.ContainerResource] (docker-java-stream-1865446083) STDOUT: 12:58:42.309  INFO  priv.HostAssetsJobImpl - ====> Site Copy for Job 'setup-host-2c19d928bfddedc75247604b241c1e00' has finished correctly!
2023-08-04 12:58:43,011 INFO  [com.dot.ContainerResource] (docker-java-stream-1865446083) STDOUT: 12:58:43.011  INFO  util.SecurityLogger - class com.dotcms.cms.login.LoginServiceAPIFactory$LoginServiceImpl : User dotcms.org.1 has successfully login from IP: 172.19.0.1 -- ip:172.19.0.1,user:Admin User [ID: dotcms.org.1][email:admin@dotcms.com]
2023-08-04 12:58:43,011 INFO  [com.dot.ContainerResource] (docker-java-stream-1865446083) STDOUT: 12:58:43.011  INFO  util.SecurityLogger - class com.dotcms.rest.api.v1.authentication.CreateJsonWebTokenResource : A Json Web Token admin@dotcms.com is being created from IP: 172.19.0.1 -- ip:172.19.0.1,user:Admin User [ID: dotcms.org.1][email:admin@dotcms.com]
2023-08-04 12:58:43,031 INFO  [com.dot.ContainerResource] (docker-java-stream-1865446083) STDOUT: 12:58:43.030  INFO  util.ActivityLogger - class com.dotcms.content.elasticsearch.business.ESContentletAPIImpl: system : Saving Content , StartDate: N/D; EndDate: N/D; User:dotcms.org.1; ContentIdentifier: 
2023-08-04 12:58:43,048 INFO  [com.dot.ContainerResource] (docker-java-stream-1865446083) STDOUT: 12:58:43.040  WARN  client.RestClient - request [POST http://elasticsearch:9200/cluster_c40f8aa8c9.working_20230804125756/_search?typed_keys=true&max_concurrent_shard_requests=5&ignore_unavailable=false&expand_wildcards=open&allow_no_indices=true&ignore_throttled=true&search_type=query_then_fetch&batched_reduce_size=512&ccs_minimize_roundtrips=true] returned 2 warnings: [299 Elasticsearch-7.16.1-5b38441b16b1ebb16a27c107a4c3865776e20c53 "Elasticsearch built-in security features are not enabled. Without authentication, your cluster could be accessible to anyone. See https://www.elastic.co/guide/en/elasticsearch/reference/7.16/security-minimal-setup.html to enable security."],[299 Elasticsearch-7.16.1-5b38441b16b1ebb16a27c107a4c3865776e20c53 "[ignore_throttled] parameter is deprecated because frozen indices have been deprecated. Consider cold or frozen tiers in place of frozen indices."]
2023-08-04 12:58:43,048 INFO  [com.dot.ContainerResource] (docker-java-stream-1865446083) STDOUT: 12:58:43.048  WARN  client.RestClient - request [POST http://elasticsearch:9200/cluster_c40f8aa8c9.live_20230804125756/_search?typed_keys=true&max_concurrent_shard_requests=5&ignore_unavailable=false&expand_wildcards=open&allow_no_indices=true&ignore_throttled=true&search_type=query_then_fetch&batched_reduce_size=512&ccs_minimize_roundtrips=true] returned 2 warnings: [299 Elasticsearch-7.16.1-5b38441b16b1ebb16a27c107a4c3865776e20c53 "Elasticsearch built-in security features are not enabled. Without authentication, your cluster could be accessible to anyone. See https://www.elastic.co/guide/en/elasticsearch/reference/7.16/security-minimal-setup.html to enable security."],[299 Elasticsearch-7.16.1-5b38441b16b1ebb16a27c107a4c3865776e20c53 "[ignore_throttled] parameter is deprecated because frozen indices have been deprecated. Consider cold or frozen tiers in place of frozen indices."]
2023-08-04 12:58:43,050 INFO  [com.dot.ContainerResource] (docker-java-stream-1865446083) STDOUT: 12:58:43.050  INFO  business.IdentifierAPIImpl - Creating new identifier for versionable asset of type `content` and title `newSiteName-1691153923018` 
2023-08-04 12:58:43,050 INFO  [com.dot.ContainerResource] (docker-java-stream-1865446083) STDOUT: 12:58:43.050  INFO  business.DeterministicIdentifierAPIImpl - hashing id: host:system host/newsitename-1691153923018 to 2cf66d1864f7ba49defdad39cc3c02b1
2023-08-04 12:58:43,072 INFO  [com.dot.ContainerResource] (docker-java-stream-1865446083) STDOUT: 12:58:43.071  INFO  business.ContentletIndexAPIImpl - Indexing: 2cf66d1864f7ba49defdad39cc3c02b1 : newSiteName-1691153923018, includeDependencies: true, policy: DEFER
2023-08-04 12:58:43,072 INFO  [com.dot.ContainerResource] (docker-java-stream-1865446083) STDOUT: 12:58:43.072  INFO  reindex.ReindexQueueAPIImpl - addIdentifierReindex: 2cf66d1864f7ba49defdad39cc3c02b1
2023-08-04 12:58:43,134 INFO  [com.dot.ContainerResource] (docker-java-stream-1865446083) STDOUT: 12:58:43.133  INFO  util.ActivityLogger - class com.dotcms.content.elasticsearch.business.ESContentletAPIImpl: System Host : Content Saved , StartDate: N/D; EndDate: N/D; User:dotcms.org.1; ContentIdentifier: 2cf66d1864f7ba49defdad39cc3c02b1
2023-08-04 12:58:43,140 INFO  [com.dot.ContainerResource] (docker-java-stream-1865446083) STDOUT: 12:58:43.137  INFO  reindex.ReindexThread - --- Unpausing reindex thread 
2023-08-04 12:58:43,195 INFO  [com.dot.ContainerResource] (docker-java-stream-1865446083) STDOUT: 12:58:43.195  INFO  util.ActivityLogger - class com.dotcms.content.elasticsearch.business.ESContentletAPIImpl: System Host : Publishing Content , StartDate: N/D; EndDate: N/D; User:dotcms.org.1; ContentIdentifier: 2cf66d1864f7ba49defdad39cc3c02b1
2023-08-04 12:58:43,201 INFO  [com.dot.ContainerResource] (docker-java-stream-1865446083) STDOUT: 12:58:43.201  INFO  business.ContentletIndexAPIImpl - Indexing: 2cf66d1864f7ba49defdad39cc3c02b1 : newSiteName-1691153923018, includeDependencies: true, policy: DEFER
2023-08-04 12:58:43,202 INFO  [com.dot.ContainerResource] (docker-java-stream-1865446083) STDOUT: 12:58:43.202  INFO  reindex.ReindexQueueAPIImpl - addIdentifierReindex: 2cf66d1864f7ba49defdad39cc3c02b1
2023-08-04 12:58:43,263 INFO  [com.dot.ContainerResource] (docker-java-stream-1865446083) STDOUT: 12:58:43.263  INFO  util.ActivityLogger - class com.dotcms.content.elasticsearch.business.ESContentletAPIImpl: System Host : Content Published , StartDate: N/D; EndDate: N/D; User:dotcms.org.1; ContentIdentifier: 2cf66d1864f7ba49defdad39cc3c02b1
2023-08-04 12:58:43,294 INFO  [com.dot.ContainerResource] (docker-java-stream-1865446083) STDOUT: 12:58:43.294  INFO  util.ActivityLogger - class com.dotcms.content.elasticsearch.business.ESContentletAPIImpl: System Host : Unpublishing Content , StartDate: N/D; EndDate: N/D; User:dotcms.org.1; ContentIdentifier: 2cf66d1864f7ba49defdad39cc3c02b1
2023-08-04 12:58:43,299 INFO  [com.dot.ContainerResource] (docker-java-stream-1865446083) STDOUT: 12:58:43.298  INFO  business.ContentletIndexAPIImpl - Indexing: 2cf66d1864f7ba49defdad39cc3c02b1 : newSiteName-1691153923018, includeDependencies: true, policy: DEFER
2023-08-04 12:58:43,300 INFO  [com.dot.ContainerResource] (docker-java-stream-1865446083) STDOUT: 12:58:43.299  INFO  reindex.ReindexQueueAPIImpl - addIdentifierReindex: 2cf66d1864f7ba49defdad39cc3c02b1
2023-08-04 12:58:43,327 INFO  [com.dot.ContainerResource] (docker-java-stream-1865446083) STDOUT: 12:58:43.327  INFO  util.ActivityLogger - class com.dotcms.content.elasticsearch.business.ESContentletAPIImpl: System Host : Content Unpublished , StartDate: N/D; EndDate: N/D; User:dotcms.org.1; ContentIdentifier: 2cf66d1864f7ba49defdad39cc3c02b1
]]></system-out>
  </testcase>
  <testcase name="Test_Find_Host_By_Name" classname="com.dotcms.api.SiteAPIIntegrationTest" time="0.832">
    <system-out><![CDATA[2023-08-04 12:58:43,355 INFO  [com.dot.ContainerResource] (docker-java-stream-1865446083) STDOUT: 12:58:43.349  WARN  client.RestClient - request [POST http://elasticsearch:9200/_bulk?timeout=15000ms] returned 1 warnings: [299 Elasticsearch-7.16.1-5b38441b16b1ebb16a27c107a4c3865776e20c53 "Elasticsearch built-in security features are not enabled. Without authentication, your cluster could be accessible to anyone. See https://www.elastic.co/guide/en/elasticsearch/reference/7.16/security-minimal-setup.html to enable security."]
2023-08-04 12:58:43,439 INFO  [com.dot.ContainerResource] (docker-java-stream-1865446083) STDOUT: 12:58:43.439  INFO  reindex.BulkProcessorListener - -----------
2023-08-04 12:58:43,440 INFO  [com.dot.ContainerResource] (docker-java-stream-1865446083) STDOUT: 12:58:43.439  INFO  reindex.BulkProcessorListener - Reindexing Server #  : 1 of 1
2023-08-04 12:58:43,448 INFO  [com.dot.ContainerResource] (docker-java-stream-1865446083) STDOUT: 12:58:43.439  INFO  reindex.BulkProcessorListener - Total Indexed        : 0
2023-08-04 12:58:43,449 INFO  [com.dot.ContainerResource] (docker-java-stream-1865446083) STDOUT: 12:58:43.439  INFO  reindex.BulkProcessorListener - ReindexEntries found : 1
2023-08-04 12:58:43,450 INFO  [com.dot.ContainerResource] (docker-java-stream-1865446083) STDOUT: 12:58:43.439  INFO  reindex.BulkProcessorListener - BulkRequests created : 1
2023-08-04 12:58:43,450 INFO  [com.dot.ContainerResource] (docker-java-stream-1865446083) STDOUT: 12:58:43.439  INFO  reindex.BulkProcessorListener - -----------
2023-08-04 12:58:43,450 INFO  [com.dot.ContainerResource] (docker-java-stream-1865446083) STDOUT: 12:58:43.448  WARN  client.RestClient - request [POST http://elasticsearch:9200/_bulk?timeout=1m] returned 1 warnings: [299 Elasticsearch-7.16.1-5b38441b16b1ebb16a27c107a4c3865776e20c53 "Elasticsearch built-in security features are not enabled. Without authentication, your cluster could be accessible to anyone. See https://www.elastic.co/guide/en/elasticsearch/reference/7.16/security-minimal-setup.html to enable security."]
2023-08-04 12:58:44,181 INFO  [com.dot.ContainerResource] (docker-java-stream-1865446083) STDOUT: 12:58:44.181  INFO  util.SecurityLogger - class com.dotcms.cms.login.LoginServiceAPIFactory$LoginServiceImpl : User dotcms.org.1 has successfully login from IP: 172.19.0.1 -- ip:172.19.0.1,user:Admin User [ID: dotcms.org.1][email:admin@dotcms.com]
2023-08-04 12:58:44,182 INFO  [com.dot.ContainerResource] (docker-java-stream-1865446083) STDOUT: 12:58:44.182  INFO  util.SecurityLogger - class com.dotcms.rest.api.v1.authentication.CreateJsonWebTokenResource : A Json Web Token admin@dotcms.com is being created from IP: 172.19.0.1 -- ip:172.19.0.1,user:Admin User [ID: dotcms.org.1][email:admin@dotcms.com]
]]></system-out>
  </testcase>
  <testcase name="Test_Current_Site" classname="com.dotcms.api.SiteAPIIntegrationTest" time="0.773">
    <system-out><![CDATA[2023-08-04 12:58:44,960 INFO  [com.dot.ContainerResource] (docker-java-stream-1865446083) STDOUT: 12:58:44.960  INFO  util.SecurityLogger - class com.dotcms.cms.login.LoginServiceAPIFactory$LoginServiceImpl : User dotcms.org.1 has successfully login from IP: 172.19.0.1 -- ip:172.19.0.1,user:Admin User [ID: dotcms.org.1][email:admin@dotcms.com]
2023-08-04 12:58:44,960 INFO  [com.dot.ContainerResource] (docker-java-stream-1865446083) STDOUT: 12:58:44.960  INFO  util.SecurityLogger - class com.dotcms.rest.api.v1.authentication.CreateJsonWebTokenResource : A Json Web Token admin@dotcms.com is being created from IP: 172.19.0.1 -- ip:172.19.0.1,user:Admin User [ID: dotcms.org.1][email:admin@dotcms.com]
]]></system-out>
  </testcase>
  <testcase name="Test_Archive_Unarchive" classname="com.dotcms.api.SiteAPIIntegrationTest" time="1.087">
    <system-out><![CDATA[2023-08-04 12:58:45,767 INFO  [com.dot.ContainerResource] (docker-java-stream-1865446083) STDOUT: 12:58:45.766  INFO  util.SecurityLogger - class com.dotcms.cms.login.LoginServiceAPIFactory$LoginServiceImpl : User dotcms.org.1 has successfully login from IP: 172.19.0.1 -- ip:172.19.0.1,user:Admin User [ID: dotcms.org.1][email:admin@dotcms.com]
2023-08-04 12:58:45,767 INFO  [com.dot.ContainerResource] (docker-java-stream-1865446083) STDOUT: 12:58:45.766  INFO  util.SecurityLogger - class com.dotcms.rest.api.v1.authentication.CreateJsonWebTokenResource : A Json Web Token admin@dotcms.com is being created from IP: 172.19.0.1 -- ip:172.19.0.1,user:Admin User [ID: dotcms.org.1][email:admin@dotcms.com]
2023-08-04 12:58:45,780 INFO  [com.dot.ContainerResource] (docker-java-stream-1865446083) STDOUT: 12:58:45.779  INFO  util.ActivityLogger - class com.dotcms.content.elasticsearch.business.ESContentletAPIImpl: system : Saving Content , StartDate: N/D; EndDate: N/D; User:dotcms.org.1; ContentIdentifier: 
2023-08-04 12:58:45,787 INFO  [com.dot.ContainerResource] (docker-java-stream-1865446083) STDOUT: 12:58:45.785  WARN  client.RestClient - request [POST http://elasticsearch:9200/cluster_c40f8aa8c9.working_20230804125756/_search?typed_keys=true&max_concurrent_shard_requests=5&ignore_unavailable=false&expand_wildcards=open&allow_no_indices=true&ignore_throttled=true&search_type=query_then_fetch&batched_reduce_size=512&ccs_minimize_roundtrips=true] returned 2 warnings: [299 Elasticsearch-7.16.1-5b38441b16b1ebb16a27c107a4c3865776e20c53 "Elasticsearch built-in security features are not enabled. Without authentication, your cluster could be accessible to anyone. See https://www.elastic.co/guide/en/elasticsearch/reference/7.16/security-minimal-setup.html to enable security."],[299 Elasticsearch-7.16.1-5b38441b16b1ebb16a27c107a4c3865776e20c53 "[ignore_throttled] parameter is deprecated because frozen indices have been deprecated. Consider cold or frozen tiers in place of frozen indices."]
2023-08-04 12:58:45,795 INFO  [com.dot.ContainerResource] (docker-java-stream-1865446083) STDOUT: 12:58:45.795  WARN  client.RestClient - request [POST http://elasticsearch:9200/cluster_c40f8aa8c9.live_20230804125756/_search?typed_keys=true&max_concurrent_shard_requests=5&ignore_unavailable=false&expand_wildcards=open&allow_no_indices=true&ignore_throttled=true&search_type=query_then_fetch&batched_reduce_size=512&ccs_minimize_roundtrips=true] returned 2 warnings: [299 Elasticsearch-7.16.1-5b38441b16b1ebb16a27c107a4c3865776e20c53 "Elasticsearch built-in security features are not enabled. Without authentication, your cluster could be accessible to anyone. See https://www.elastic.co/guide/en/elasticsearch/reference/7.16/security-minimal-setup.html to enable security."],[299 Elasticsearch-7.16.1-5b38441b16b1ebb16a27c107a4c3865776e20c53 "[ignore_throttled] parameter is deprecated because frozen indices have been deprecated. Consider cold or frozen tiers in place of frozen indices."]
2023-08-04 12:58:45,798 INFO  [com.dot.ContainerResource] (docker-java-stream-1865446083) STDOUT: 12:58:45.798  INFO  business.IdentifierAPIImpl - Creating new identifier for versionable asset of type `content` and title `newSiteName-1691153925772` 
2023-08-04 12:58:45,800 INFO  [com.dot.ContainerResource] (docker-java-stream-1865446083) STDOUT: 12:58:45.800  INFO  business.DeterministicIdentifierAPIImpl - hashing id: host:system host/newsitename-1691153925772 to 2472a3ca45142775a6479e5eb19e3b3e
2023-08-04 12:58:45,828 INFO  [com.dot.ContainerResource] (docker-java-stream-1865446083) STDOUT: 12:58:45.827  INFO  business.ContentletIndexAPIImpl - Indexing: 2472a3ca45142775a6479e5eb19e3b3e : newSiteName-1691153925772, includeDependencies: true, policy: DEFER
2023-08-04 12:58:45,829 INFO  [com.dot.ContainerResource] (docker-java-stream-1865446083) STDOUT: 12:58:45.829  INFO  reindex.ReindexQueueAPIImpl - addIdentifierReindex: 2472a3ca45142775a6479e5eb19e3b3e
2023-08-04 12:58:45,871 INFO  [com.dot.ContainerResource] (docker-java-stream-1865446083) STDOUT: 12:58:45.871  INFO  util.ActivityLogger - class com.dotcms.content.elasticsearch.business.ESContentletAPIImpl: System Host : Content Saved , StartDate: N/D; EndDate: N/D; User:dotcms.org.1; ContentIdentifier: 2472a3ca45142775a6479e5eb19e3b3e
2023-08-04 12:58:45,873 INFO  [com.dot.ContainerResource] (docker-java-stream-1865446083) STDOUT: 12:58:45.873  INFO  reindex.ReindexThread - --- Unpausing reindex thread 
2023-08-04 12:58:45,903 INFO  [com.dot.ContainerResource] (docker-java-stream-1865446083) STDOUT: 12:58:45.903  INFO  util.ActivityLogger - class com.dotcms.content.elasticsearch.business.ESContentletAPIImpl: System Host : Archiving Content , StartDate: N/A; EndDate: N/A; User:dotcms.org.1; ContentIdentifier: 2472a3ca45142775a6479e5eb19e3b3e
2023-08-04 12:58:45,907 INFO  [com.dot.ContainerResource] (docker-java-stream-1865446083) STDOUT: 12:58:45.906  INFO  business.ContentletIndexAPIImpl - Indexing: 2472a3ca45142775a6479e5eb19e3b3e : newSiteName-1691153925772, includeDependencies: true, policy: DEFER
2023-08-04 12:58:45,908 INFO  [com.dot.ContainerResource] (docker-java-stream-1865446083) STDOUT: 12:58:45.907  INFO  reindex.ReindexQueueAPIImpl - addIdentifierReindex: 2472a3ca45142775a6479e5eb19e3b3e
2023-08-04 12:58:45,942 INFO  [com.dot.ContainerResource] (docker-java-stream-1865446083) STDOUT: 12:58:45.942  INFO  util.ActivityLogger - class com.dotcms.content.elasticsearch.business.ESContentletAPIImpl: System Host : Content Archived , StartDate: N/A; EndDate: N/A; User:dotcms.org.1; ContentIdentifier: 2472a3ca45142775a6479e5eb19e3b3e
2023-08-04 12:58:45,969 INFO  [com.dot.ContainerResource] (docker-java-stream-1865446083) STDOUT: 12:58:45.968  INFO  reindex.BulkProcessorListener - -----------
2023-08-04 12:58:45,969 INFO  [com.dot.ContainerResource] (docker-java-stream-1865446083) STDOUT: 12:58:45.969  INFO  reindex.BulkProcessorListener - Reindexing Server #  : 1 of 1
2023-08-04 12:58:45,969 INFO  [com.dot.ContainerResource] (docker-java-stream-1865446083) STDOUT: 12:58:45.969  INFO  reindex.BulkProcessorListener - Total Indexed        : 0
2023-08-04 12:58:45,970 INFO  [com.dot.ContainerResource] (docker-java-stream-1865446083) STDOUT: 12:58:45.970  INFO  reindex.BulkProcessorListener - ReindexEntries found : 1
2023-08-04 12:58:45,970 INFO  [com.dot.ContainerResource] (docker-java-stream-1865446083) STDOUT: 12:58:45.970  INFO  reindex.BulkProcessorListener - BulkRequests created : 1
2023-08-04 12:58:45,970 INFO  [com.dot.ContainerResource] (docker-java-stream-1865446083) STDOUT: 12:58:45.970  INFO  reindex.BulkProcessorListener - -----------
2023-08-04 12:58:45,979 INFO  [com.dot.ContainerResource] (docker-java-stream-1865446083) STDOUT: 12:58:45.978  WARN  client.RestClient - request [POST http://elasticsearch:9200/_bulk?timeout=1m] returned 1 warnings: [299 Elasticsearch-7.16.1-5b38441b16b1ebb16a27c107a4c3865776e20c53 "Elasticsearch built-in security features are not enabled. Without authentication, your cluster could be accessible to anyone. See https://www.elastic.co/guide/en/elasticsearch/reference/7.16/security-minimal-setup.html to enable security."]
2023-08-04 12:58:45,998 INFO  [com.dot.ContainerResource] (docker-java-stream-1865446083) STDOUT: 12:58:45.997  INFO  util.ActivityLogger - class com.dotcms.content.elasticsearch.business.ESContentletAPIImpl: System Host : Unarchiving Content , StartDate: N/D; EndDate: N/D; User:dotcms.org.1; ContentIdentifier: 2472a3ca45142775a6479e5eb19e3b3e
2023-08-04 12:58:46,001 INFO  [com.dot.ContainerResource] (docker-java-stream-1865446083) STDOUT: 12:58:46.001  INFO  business.ContentletIndexAPIImpl - Indexing: 2472a3ca45142775a6479e5eb19e3b3e : newSiteName-1691153925772, includeDependencies: true, policy: DEFER
2023-08-04 12:58:46,002 INFO  [com.dot.ContainerResource] (docker-java-stream-1865446083) STDOUT: 12:58:46.001  INFO  reindex.ReindexQueueAPIImpl - addIdentifierReindex: 2472a3ca45142775a6479e5eb19e3b3e
2023-08-04 12:58:46,028 INFO  [com.dot.ContainerResource] (docker-java-stream-1865446083) STDOUT: 12:58:46.028  INFO  util.ActivityLogger - class com.dotcms.content.elasticsearch.business.ESContentletAPIImpl: System Host : Content Unarchived , StartDate: N/D; EndDate: N/D; User:dotcms.org.1; ContentIdentifier: 2472a3ca45142775a6479e5eb19e3b3e
2023-08-04 12:58:46,030 INFO  [com.dot.ContainerResource] (docker-java-stream-1865446083) STDOUT: 12:58:46.030  INFO  reindex.ReindexThread - --- Unpausing reindex thread 
]]></system-out>
  </testcase>
  <testcase name="Test_Find_Non_Existing_Host_By_Name" classname="com.dotcms.api.SiteAPIIntegrationTest" time="0.853">
    <system-out><![CDATA[2023-08-04 12:58:46,240 INFO  [com.dot.ContainerResource] (docker-java-stream-1865446083) STDOUT: 12:58:46.239  INFO  reindex.BulkProcessorListener - -----------
2023-08-04 12:58:46,240 INFO  [com.dot.ContainerResource] (docker-java-stream-1865446083) STDOUT: 12:58:46.239  INFO  reindex.BulkProcessorListener - Reindexing Server #  : 1 of 1
2023-08-04 12:58:46,240 INFO  [com.dot.ContainerResource] (docker-java-stream-1865446083) STDOUT: 12:58:46.239  INFO  reindex.BulkProcessorListener - Total Indexed        : 0
2023-08-04 12:58:46,240 INFO  [com.dot.ContainerResource] (docker-java-stream-1865446083) STDOUT: 12:58:46.239  INFO  reindex.BulkProcessorListener - ReindexEntries found : 1
2023-08-04 12:58:46,240 INFO  [com.dot.ContainerResource] (docker-java-stream-1865446083) STDOUT: 12:58:46.239  INFO  reindex.BulkProcessorListener - BulkRequests created : 1
2023-08-04 12:58:46,240 INFO  [com.dot.ContainerResource] (docker-java-stream-1865446083) STDOUT: 12:58:46.239  INFO  reindex.BulkProcessorListener - -----------
2023-08-04 12:58:46,248 INFO  [com.dot.ContainerResource] (docker-java-stream-1865446083) STDOUT: 12:58:46.247  WARN  client.RestClient - request [POST http://elasticsearch:9200/_bulk?timeout=1m] returned 1 warnings: [299 Elasticsearch-7.16.1-5b38441b16b1ebb16a27c107a4c3865776e20c53 "Elasticsearch built-in security features are not enabled. Without authentication, your cluster could be accessible to anyone. See https://www.elastic.co/guide/en/elasticsearch/reference/7.16/security-minimal-setup.html to enable security."]
2023-08-04 12:58:46,896 INFO  [com.dot.ContainerResource] (docker-java-stream-1865446083) STDOUT: 12:58:46.896  INFO  util.SecurityLogger - class com.dotcms.cms.login.LoginServiceAPIFactory$LoginServiceImpl : User dotcms.org.1 has successfully login from IP: 172.19.0.1 -- ip:172.19.0.1,user:Admin User [ID: dotcms.org.1][email:admin@dotcms.com]
2023-08-04 12:58:46,896 INFO  [com.dot.ContainerResource] (docker-java-stream-1865446083) STDOUT: 12:58:46.896  INFO  util.SecurityLogger - class com.dotcms.rest.api.v1.authentication.CreateJsonWebTokenResource : A Json Web Token admin@dotcms.com is being created from IP: 172.19.0.1 -- ip:172.19.0.1,user:Admin User [ID: dotcms.org.1][email:admin@dotcms.com]
]]></system-out>
  </testcase>
</testsuite>